<?xml version="1.0" encoding="UTF-8"?>
<testsuites>
  <testsuite name="/home/runner/work/develop/develop/phpunit.xml.dist" tests="2450" assertions="4792" errors="0" failures="0" skipped="3" time="28.990645">
    <testsuite name="FeatureHyde" tests="6" assertions="17" errors="0" failures="0" skipped="0" time="1.544758">
      <testsuite name="Hyde\Testing\Hyde\DefaultContentTest" file="/home/runner/work/develop/develop/packages/hyde/tests/DefaultContentTest.php" tests="3" assertions="12" errors="0" failures="0" skipped="0" time="0.501966">
        <testcase name="test_default_pages_are_present" file="/home/runner/work/develop/develop/packages/hyde/tests/DefaultContentTest.php" line="17" class="Hyde\Testing\Hyde\DefaultContentTest" classname="Hyde.Testing.Hyde.DefaultContentTest" assertions="4" time="0.497112"/>
        <testcase name="test_default_compiled_stylesheet_is_present" file="/home/runner/work/develop/develop/packages/hyde/tests/DefaultContentTest.php" line="33" class="Hyde\Testing\Hyde\DefaultContentTest" classname="Hyde.Testing.Hyde.DefaultContentTest" assertions="2" time="0.002297"/>
        <testcase name="test_laravel_mix_resources_are_present" file="/home/runner/work/develop/develop/packages/hyde/tests/DefaultContentTest.php" line="43" class="Hyde\Testing\Hyde\DefaultContentTest" classname="Hyde.Testing.Hyde.DefaultContentTest" assertions="6" time="0.002557"/>
      </testsuite>
      <testsuite name="Hyde\Testing\Hyde\ExampleTest" file="/home/runner/work/develop/develop/packages/hyde/tests/ExampleTest.php" tests="1" assertions="1" errors="0" failures="0" skipped="0" time="0.002635">
        <testcase name="test_example" file="/home/runner/work/develop/develop/packages/hyde/tests/ExampleTest.php" line="11" class="Hyde\Testing\Hyde\ExampleTest" classname="Hyde.Testing.Hyde.ExampleTest" assertions="1" time="0.002635"/>
      </testsuite>
      <testsuite name="Hyde\Testing\Hyde\HydeCLITest" file="/home/runner/work/develop/develop/packages/hyde/tests/HydeCLITest.php" tests="1" assertions="2" errors="0" failures="0" skipped="0" time="0.664744">
        <testcase name="test_can_show_hyde_console" file="/home/runner/work/develop/develop/packages/hyde/tests/HydeCLITest.php" line="11" class="Hyde\Testing\Hyde\HydeCLITest" classname="Hyde.Testing.Hyde.HydeCLITest" assertions="2" time="0.664744"/>
      </testsuite>
      <testsuite name="Hyde\Testing\Hyde\StaticSiteBuilderTest" file="/home/runner/work/develop/develop/packages/hyde/tests/StaticSiteBuilderTest.php" tests="1" assertions="2" errors="0" failures="0" skipped="0" time="0.375412">
        <testcase name="test_can_build_static_site" file="/home/runner/work/develop/develop/packages/hyde/tests/StaticSiteBuilderTest.php" line="13" class="Hyde\Testing\Hyde\StaticSiteBuilderTest" classname="Hyde.Testing.Hyde.StaticSiteBuilderTest" assertions="2" time="0.375412"/>
      </testsuite>
    </testsuite>
    <testsuite name="FeatureFramework" tests="1228" assertions="2572" errors="0" failures="0" skipped="3" time="15.353890">
      <testsuite name="Hyde\Framework\Testing\Feature\Actions\AnonymousViewCompilerTest" file="/home/runner/work/develop/develop/packages/framework/tests/Feature/Actions/AnonymousViewCompilerTest.php" tests="3" assertions="4" errors="0" failures="0" skipped="0" time="0.033739">
        <testcase name="testCanCompileBladeFile" file="/home/runner/work/develop/develop/packages/framework/tests/Feature/Actions/AnonymousViewCompilerTest.php" line="16" class="Hyde\Framework\Testing\Feature\Actions\AnonymousViewCompilerTest" classname="Hyde.Framework.Testing.Feature.Actions.AnonymousViewCompilerTest" assertions="1" time="0.015024"/>
        <testcase name="testCanCompileBladeFileWithData" file="/home/runner/work/develop/develop/packages/framework/tests/Feature/Actions/AnonymousViewCompilerTest.php" line="23" class="Hyde\Framework\Testing\Feature\Actions\AnonymousViewCompilerTest" classname="Hyde.Framework.Testing.Feature.Actions.AnonymousViewCompilerTest" assertions="1" time="0.007924"/>
        <testcase name="testWithMissingView" file="/home/runner/work/develop/develop/packages/framework/tests/Feature/Actions/AnonymousViewCompilerTest.php" line="30" class="Hyde\Framework\Testing\Feature\Actions\AnonymousViewCompilerTest" classname="Hyde.Framework.Testing.Feature.Actions.AnonymousViewCompilerTest" assertions="2" time="0.010791"/>
      </testsuite>
      <testsuite name="Hyde\Framework\Testing\Feature\Actions\ConvertsMarkdownToPlainTextTest" file="/home/runner/work/develop/develop/packages/framework/tests/Feature/Actions/ConvertsMarkdownToPlainTextTest.php" tests="27" assertions="27" errors="0" failures="0" skipped="0" time="0.191071">
        <testcase name="testItRemovesHeadings" file="/home/runner/work/develop/develop/packages/framework/tests/Feature/Actions/ConvertsMarkdownToPlainTextTest.php" line="15" class="Hyde\Framework\Testing\Feature\Actions\ConvertsMarkdownToPlainTextTest" classname="Hyde.Framework.Testing.Feature.Actions.ConvertsMarkdownToPlainTextTest" assertions="1" time="0.027612"/>
        <testcase name="testItRemovesHeadingsAlternateSyntax" file="/home/runner/work/develop/develop/packages/framework/tests/Feature/Actions/ConvertsMarkdownToPlainTextTest.php" line="38" class="Hyde\Framework\Testing\Feature\Actions\ConvertsMarkdownToPlainTextTest" classname="Hyde.Framework.Testing.Feature.Actions.ConvertsMarkdownToPlainTextTest" assertions="1" time="0.005904"/>
        <testcase name="testItRemovesParagraphs" file="/home/runner/work/develop/develop/packages/framework/tests/Feature/Actions/ConvertsMarkdownToPlainTextTest.php" line="58" class="Hyde\Framework\Testing\Feature\Actions\ConvertsMarkdownToPlainTextTest" classname="Hyde.Framework.Testing.Feature.Actions.ConvertsMarkdownToPlainTextTest" assertions="1" time="0.005918"/>
        <testcase name="testItRemovesParagraphsMultiline" file="/home/runner/work/develop/develop/packages/framework/tests/Feature/Actions/ConvertsMarkdownToPlainTextTest.php" line="75" class="Hyde\Framework\Testing\Feature\Actions\ConvertsMarkdownToPlainTextTest" classname="Hyde.Framework.Testing.Feature.Actions.ConvertsMarkdownToPlainTextTest" assertions="1" time="0.005878"/>
        <testcase name="testItRemovesLinebreaks" file="/home/runner/work/develop/develop/packages/framework/tests/Feature/Actions/ConvertsMarkdownToPlainTextTest.php" line="90" class="Hyde\Framework\Testing\Feature\Actions\ConvertsMarkdownToPlainTextTest" classname="Hyde.Framework.Testing.Feature.Actions.ConvertsMarkdownToPlainTextTest" assertions="1" time="0.006024"/>
        <testcase name="testItRemovesBold" file="/home/runner/work/develop/develop/packages/framework/tests/Feature/Actions/ConvertsMarkdownToPlainTextTest.php" line="111" class="Hyde\Framework\Testing\Feature\Actions\ConvertsMarkdownToPlainTextTest" classname="Hyde.Framework.Testing.Feature.Actions.ConvertsMarkdownToPlainTextTest" assertions="1" time="0.005633"/>
        <testcase name="testItRemovesItalic" file="/home/runner/work/develop/develop/packages/framework/tests/Feature/Actions/ConvertsMarkdownToPlainTextTest.php" line="128" class="Hyde\Framework\Testing\Feature\Actions\ConvertsMarkdownToPlainTextTest" classname="Hyde.Framework.Testing.Feature.Actions.ConvertsMarkdownToPlainTextTest" assertions="1" time="0.005802"/>
        <testcase name="testItRemovesBoldAndItalic" file="/home/runner/work/develop/develop/packages/framework/tests/Feature/Actions/ConvertsMarkdownToPlainTextTest.php" line="145" class="Hyde\Framework\Testing\Feature\Actions\ConvertsMarkdownToPlainTextTest" classname="Hyde.Framework.Testing.Feature.Actions.ConvertsMarkdownToPlainTextTest" assertions="1" time="0.005555"/>
        <testcase name="testItRemovesBlockquotes" file="/home/runner/work/develop/develop/packages/framework/tests/Feature/Actions/ConvertsMarkdownToPlainTextTest.php" line="166" class="Hyde\Framework\Testing\Feature\Actions\ConvertsMarkdownToPlainTextTest" classname="Hyde.Framework.Testing.Feature.Actions.ConvertsMarkdownToPlainTextTest" assertions="1" time="0.005557"/>
        <testcase name="testItRemovesBlockquotesWithMultipleParagraphs" file="/home/runner/work/develop/develop/packages/framework/tests/Feature/Actions/ConvertsMarkdownToPlainTextTest.php" line="179" class="Hyde\Framework\Testing\Feature\Actions\ConvertsMarkdownToPlainTextTest" classname="Hyde.Framework.Testing.Feature.Actions.ConvertsMarkdownToPlainTextTest" assertions="1" time="0.006330"/>
        <testcase name="testItRemovesOrderedLists" file="/home/runner/work/develop/develop/packages/framework/tests/Feature/Actions/ConvertsMarkdownToPlainTextTest.php" line="196" class="Hyde\Framework\Testing\Feature\Actions\ConvertsMarkdownToPlainTextTest" classname="Hyde.Framework.Testing.Feature.Actions.ConvertsMarkdownToPlainTextTest" assertions="1" time="0.006186"/>
        <testcase name="testItRemovesUnorderedLists" file="/home/runner/work/develop/develop/packages/framework/tests/Feature/Actions/ConvertsMarkdownToPlainTextTest.php" line="215" class="Hyde\Framework\Testing\Feature\Actions\ConvertsMarkdownToPlainTextTest" classname="Hyde.Framework.Testing.Feature.Actions.ConvertsMarkdownToPlainTextTest" assertions="1" time="0.006233"/>
        <testcase name="testItRemovesCode" file="/home/runner/work/develop/develop/packages/framework/tests/Feature/Actions/ConvertsMarkdownToPlainTextTest.php" line="246" class="Hyde\Framework\Testing\Feature\Actions\ConvertsMarkdownToPlainTextTest" classname="Hyde.Framework.Testing.Feature.Actions.ConvertsMarkdownToPlainTextTest" assertions="1" time="0.006175"/>
        <testcase name="testItRemovesCodeBlocks" file="/home/runner/work/develop/develop/packages/framework/tests/Feature/Actions/ConvertsMarkdownToPlainTextTest.php" line="259" class="Hyde\Framework\Testing\Feature\Actions\ConvertsMarkdownToPlainTextTest" classname="Hyde.Framework.Testing.Feature.Actions.ConvertsMarkdownToPlainTextTest" assertions="1" time="0.005901"/>
        <testcase name="testItRemovesHorizontalRules" file="/home/runner/work/develop/develop/packages/framework/tests/Feature/Actions/ConvertsMarkdownToPlainTextTest.php" line="272" class="Hyde\Framework\Testing\Feature\Actions\ConvertsMarkdownToPlainTextTest" classname="Hyde.Framework.Testing.Feature.Actions.ConvertsMarkdownToPlainTextTest" assertions="1" time="0.006440"/>
        <testcase name="testItRemovesLinks" file="/home/runner/work/develop/develop/packages/framework/tests/Feature/Actions/ConvertsMarkdownToPlainTextTest.php" line="289" class="Hyde\Framework\Testing\Feature\Actions\ConvertsMarkdownToPlainTextTest" classname="Hyde.Framework.Testing.Feature.Actions.ConvertsMarkdownToPlainTextTest" assertions="1" time="0.006366"/>
        <testcase name="testItRemovesImages" file="/home/runner/work/develop/develop/packages/framework/tests/Feature/Actions/ConvertsMarkdownToPlainTextTest.php" line="325" class="Hyde\Framework\Testing\Feature\Actions\ConvertsMarkdownToPlainTextTest" classname="Hyde.Framework.Testing.Feature.Actions.ConvertsMarkdownToPlainTextTest" assertions="1" time="0.006348"/>
        <testcase name="testItRemovesLinkingImages" file="/home/runner/work/develop/develop/packages/framework/tests/Feature/Actions/ConvertsMarkdownToPlainTextTest.php" line="340" class="Hyde\Framework\Testing\Feature\Actions\ConvertsMarkdownToPlainTextTest" classname="Hyde.Framework.Testing.Feature.Actions.ConvertsMarkdownToPlainTextTest" assertions="1" time="0.007202"/>
        <testcase name="testItRemovesHtml" file="/home/runner/work/develop/develop/packages/framework/tests/Feature/Actions/ConvertsMarkdownToPlainTextTest.php" line="353" class="Hyde\Framework\Testing\Feature\Actions\ConvertsMarkdownToPlainTextTest" classname="Hyde.Framework.Testing.Feature.Actions.ConvertsMarkdownToPlainTextTest" assertions="1" time="0.006838"/>
        <testcase name="testItRemovesFootnotes" file="/home/runner/work/develop/develop/packages/framework/tests/Feature/Actions/ConvertsMarkdownToPlainTextTest.php" line="380" class="Hyde\Framework\Testing\Feature\Actions\ConvertsMarkdownToPlainTextTest" classname="Hyde.Framework.Testing.Feature.Actions.ConvertsMarkdownToPlainTextTest" assertions="1" time="0.006594"/>
        <testcase name="testItRemovesFootnotesAlternate" file="/home/runner/work/develop/develop/packages/framework/tests/Feature/Actions/ConvertsMarkdownToPlainTextTest.php" line="397" class="Hyde\Framework\Testing\Feature\Actions\ConvertsMarkdownToPlainTextTest" classname="Hyde.Framework.Testing.Feature.Actions.ConvertsMarkdownToPlainTextTest" assertions="1" time="0.006455"/>
        <testcase name="testItReplacesConsecutivelyOccurringNewlines" file="/home/runner/work/develop/develop/packages/framework/tests/Feature/Actions/ConvertsMarkdownToPlainTextTest.php" line="414" class="Hyde\Framework\Testing\Feature\Actions\ConvertsMarkdownToPlainTextTest" classname="Hyde.Framework.Testing.Feature.Actions.ConvertsMarkdownToPlainTextTest" assertions="1" time="0.005991"/>
        <testcase name="testItRemovesFencedCodeBlocks" file="/home/runner/work/develop/develop/packages/framework/tests/Feature/Actions/ConvertsMarkdownToPlainTextTest.php" line="439" class="Hyde\Framework\Testing\Feature\Actions\ConvertsMarkdownToPlainTextTest" classname="Hyde.Framework.Testing.Feature.Actions.ConvertsMarkdownToPlainTextTest" assertions="1" time="0.006697"/>
        <testcase name="testItRemovesFencedCodeBlocksAlternate" file="/home/runner/work/develop/develop/packages/framework/tests/Feature/Actions/ConvertsMarkdownToPlainTextTest.php" line="455" class="Hyde\Framework\Testing\Feature\Actions\ConvertsMarkdownToPlainTextTest" classname="Hyde.Framework.Testing.Feature.Actions.ConvertsMarkdownToPlainTextTest" assertions="1" time="0.006973"/>
        <testcase name="testItRemovesTables" file="/home/runner/work/develop/develop/packages/framework/tests/Feature/Actions/ConvertsMarkdownToPlainTextTest.php" line="471" class="Hyde\Framework\Testing\Feature\Actions\ConvertsMarkdownToPlainTextTest" classname="Hyde.Framework.Testing.Feature.Actions.ConvertsMarkdownToPlainTextTest" assertions="1" time="0.006984"/>
        <testcase name="testWithEmptyString" file="/home/runner/work/develop/develop/packages/framework/tests/Feature/Actions/ConvertsMarkdownToPlainTextTest.php" line="490" class="Hyde\Framework\Testing\Feature\Actions\ConvertsMarkdownToPlainTextTest" classname="Hyde.Framework.Testing.Feature.Actions.ConvertsMarkdownToPlainTextTest" assertions="1" time="0.006773"/>
        <testcase name="testWithOnlyEmptyLines" file="/home/runner/work/develop/develop/packages/framework/tests/Feature/Actions/ConvertsMarkdownToPlainTextTest.php" line="495" class="Hyde\Framework\Testing\Feature\Actions\ConvertsMarkdownToPlainTextTest" classname="Hyde.Framework.Testing.Feature.Actions.ConvertsMarkdownToPlainTextTest" assertions="1" time="0.006703"/>
      </testsuite>
      <testsuite name="Hyde\Framework\Testing\Feature\Actions\CreatesNewPageSourceFileTest" file="/home/runner/work/develop/develop/packages/framework/tests/Feature/Actions/CreatesNewPageSourceFileTest.php" tests="15" assertions="28" errors="0" failures="0" skipped="0" time="0.191000">
        <testcase name="test_class_can_be_instantiated" file="/home/runner/work/develop/develop/packages/framework/tests/Feature/Actions/CreatesNewPageSourceFileTest.php" line="21" class="Hyde\Framework\Testing\Feature\Actions\CreatesNewPageSourceFileTest" classname="Hyde.Framework.Testing.Feature.Actions.CreatesNewPageSourceFileTest" assertions="1" time="0.033080"/>
        <testcase name="test_that_an_exception_is_thrown_for_invalid_page_type" file="/home/runner/work/develop/develop/packages/framework/tests/Feature/Actions/CreatesNewPageSourceFileTest.php" line="29" class="Hyde\Framework\Testing\Feature\Actions\CreatesNewPageSourceFileTest" classname="Hyde.Framework.Testing.Feature.Actions.CreatesNewPageSourceFileTest" assertions="2" time="0.010068"/>
        <testcase name="test_that_an_exception_is_thrown_if_file_already_exists_and_overwrite_is_false" file="/home/runner/work/develop/develop/packages/framework/tests/Feature/Actions/CreatesNewPageSourceFileTest.php" line="37" class="Hyde\Framework\Testing\Feature\Actions\CreatesNewPageSourceFileTest" classname="Hyde.Framework.Testing.Feature.Actions.CreatesNewPageSourceFileTest" assertions="3" time="0.011954"/>
        <testcase name="test_that_can_save_file_returns_true_if_file_already_exists_and_overwrite_is_true" file="/home/runner/work/develop/develop/packages/framework/tests/Feature/Actions/CreatesNewPageSourceFileTest.php" line="50" class="Hyde\Framework\Testing\Feature\Actions\CreatesNewPageSourceFileTest" classname="Hyde.Framework.Testing.Feature.Actions.CreatesNewPageSourceFileTest" assertions="1" time="0.029049"/>
        <testcase name="test_exception_is_thrown_for_conflicting_blade_pages" file="/home/runner/work/develop/develop/packages/framework/tests/Feature/Actions/CreatesNewPageSourceFileTest.php" line="59" class="Hyde\Framework\Testing\Feature\Actions\CreatesNewPageSourceFileTest" classname="Hyde.Framework.Testing.Feature.Actions.CreatesNewPageSourceFileTest" assertions="3" time="0.012201"/>
        <testcase name="test_exception_is_thrown_for_conflicting_documentation_pages" file="/home/runner/work/develop/develop/packages/framework/tests/Feature/Actions/CreatesNewPageSourceFileTest.php" line="72" class="Hyde\Framework\Testing\Feature\Actions\CreatesNewPageSourceFileTest" classname="Hyde.Framework.Testing.Feature.Actions.CreatesNewPageSourceFileTest" assertions="3" time="0.007867"/>
        <testcase name="test_that_a_markdown_file_can_be_created_and_contains_expected_content" file="/home/runner/work/develop/develop/packages/framework/tests/Feature/Actions/CreatesNewPageSourceFileTest.php" line="85" class="Hyde\Framework\Testing\Feature\Actions\CreatesNewPageSourceFileTest" classname="Hyde.Framework.Testing.Feature.Actions.CreatesNewPageSourceFileTest" assertions="2" time="0.010315"/>
        <testcase name="test_that_a_blade_file_can_be_created_and_contains_expected_content" file="/home/runner/work/develop/develop/packages/framework/tests/Feature/Actions/CreatesNewPageSourceFileTest.php" line="98" class="Hyde\Framework\Testing\Feature\Actions\CreatesNewPageSourceFileTest" classname="Hyde.Framework.Testing.Feature.Actions.CreatesNewPageSourceFileTest" assertions="2" time="0.008083"/>
        <testcase name="test_that_a_documentation_file_can_be_created_and_contains_expected_content" file="/home/runner/work/develop/develop/packages/framework/tests/Feature/Actions/CreatesNewPageSourceFileTest.php" line="122" class="Hyde\Framework\Testing\Feature\Actions\CreatesNewPageSourceFileTest" classname="Hyde.Framework.Testing.Feature.Actions.CreatesNewPageSourceFileTest" assertions="2" time="0.010101"/>
        <testcase name="test_that_a_markdown_file_can_be_created_with_custom_content" file="/home/runner/work/develop/develop/packages/framework/tests/Feature/Actions/CreatesNewPageSourceFileTest.php" line="136" class="Hyde\Framework\Testing\Feature\Actions\CreatesNewPageSourceFileTest" classname="Hyde.Framework.Testing.Feature.Actions.CreatesNewPageSourceFileTest" assertions="2" time="0.010296"/>
        <testcase name="test_that_a_blade_file_can_be_created_with_custom_content" file="/home/runner/work/develop/develop/packages/framework/tests/Feature/Actions/CreatesNewPageSourceFileTest.php" line="159" class="Hyde\Framework\Testing\Feature\Actions\CreatesNewPageSourceFileTest" classname="Hyde.Framework.Testing.Feature.Actions.CreatesNewPageSourceFileTest" assertions="2" time="0.007407"/>
        <testcase name="test_that_the_file_path_can_be_returned" file="/home/runner/work/develop/develop/packages/framework/tests/Feature/Actions/CreatesNewPageSourceFileTest.php" line="187" class="Hyde\Framework\Testing\Feature\Actions\CreatesNewPageSourceFileTest" classname="Hyde.Framework.Testing.Feature.Actions.CreatesNewPageSourceFileTest" assertions="2" time="0.009638"/>
        <testcase name="test_file_is_created_using_slug_generated_from_title" file="/home/runner/work/develop/develop/packages/framework/tests/Feature/Actions/CreatesNewPageSourceFileTest.php" line="203" class="Hyde\Framework\Testing\Feature\Actions\CreatesNewPageSourceFileTest" classname="Hyde.Framework.Testing.Feature.Actions.CreatesNewPageSourceFileTest" assertions="1" time="0.009925"/>
        <testcase name="test_action_can_generate_nested_pages" file="/home/runner/work/develop/develop/packages/framework/tests/Feature/Actions/CreatesNewPageSourceFileTest.php" line="210" class="Hyde\Framework\Testing\Feature\Actions\CreatesNewPageSourceFileTest" classname="Hyde.Framework.Testing.Feature.Actions.CreatesNewPageSourceFileTest" assertions="1" time="0.010062"/>
        <testcase name="test_can_create_deeply_nested_pages" file="/home/runner/work/develop/develop/packages/framework/tests/Feature/Actions/CreatesNewPageSourceFileTest.php" line="217" class="Hyde\Framework\Testing\Feature\Actions\CreatesNewPageSourceFileTest" classname="Hyde.Framework.Testing.Feature.Actions.CreatesNewPageSourceFileTest" assertions="1" time="0.010954"/>
      </testsuite>
      <testsuite name="Hyde\Framework\Testing\Feature\Actions\GeneratesSidebarTableOfContentsTest" file="/home/runner/work/develop/develop/packages/framework/tests/Feature/Actions/GeneratesSidebarTableOfContentsTest.php" tests="9" assertions="13" errors="0" failures="0" skipped="0" time="0.103245">
        <testcase name="testCanGenerateTableOfContents" file="/home/runner/work/develop/develop/packages/framework/tests/Feature/Actions/GeneratesSidebarTableOfContentsTest.php" line="22" class="Hyde\Framework\Testing\Feature\Actions\GeneratesSidebarTableOfContentsTest" classname="Hyde.Framework.Testing.Feature.Actions.GeneratesSidebarTableOfContentsTest" assertions="4" time="0.044699"/>
        <testcase name="testReturnStringContainsExpectedContent" file="/home/runner/work/develop/develop/packages/framework/tests/Feature/Actions/GeneratesSidebarTableOfContentsTest.php" line="33" class="Hyde\Framework\Testing\Feature\Actions\GeneratesSidebarTableOfContentsTest" classname="Hyde.Framework.Testing.Feature.Actions.GeneratesSidebarTableOfContentsTest" assertions="1" time="0.006248"/>
        <testcase name="testCanGenerateTableOfContentsForDocumentUsingSetextHeaders" file="/home/runner/work/develop/develop/packages/framework/tests/Feature/Actions/GeneratesSidebarTableOfContentsTest.php" line="56" class="Hyde\Framework\Testing\Feature\Actions\GeneratesSidebarTableOfContentsTest" classname="Hyde.Framework.Testing.Feature.Actions.GeneratesSidebarTableOfContentsTest" assertions="2" time="0.013384"/>
        <testcase name="testNonHeadingMarkdownIsRemoved" file="/home/runner/work/develop/develop/packages/framework/tests/Feature/Actions/GeneratesSidebarTableOfContentsTest.php" line="91" class="Hyde\Framework\Testing\Feature\Actions\GeneratesSidebarTableOfContentsTest" classname="Hyde.Framework.Testing.Feature.Actions.GeneratesSidebarTableOfContentsTest" assertions="1" time="0.008958"/>
        <testcase name="testWithNoLevelOneHeading" file="/home/runner/work/develop/develop/packages/framework/tests/Feature/Actions/GeneratesSidebarTableOfContentsTest.php" line="114" class="Hyde\Framework\Testing\Feature\Actions\GeneratesSidebarTableOfContentsTest" classname="Hyde.Framework.Testing.Feature.Actions.GeneratesSidebarTableOfContentsTest" assertions="1" time="0.005597"/>
        <testcase name="testWithMultipleNestedHeadings" file="/home/runner/work/develop/develop/packages/framework/tests/Feature/Actions/GeneratesSidebarTableOfContentsTest.php" line="136" class="Hyde\Framework\Testing\Feature\Actions\GeneratesSidebarTableOfContentsTest" classname="Hyde.Framework.Testing.Feature.Actions.GeneratesSidebarTableOfContentsTest" assertions="1" time="0.008102"/>
        <testcase name="testWithMultipleLevelOneHeadings" file="/home/runner/work/develop/develop/packages/framework/tests/Feature/Actions/GeneratesSidebarTableOfContentsTest.php" line="192" class="Hyde\Framework\Testing\Feature\Actions\GeneratesSidebarTableOfContentsTest" classname="Hyde.Framework.Testing.Feature.Actions.GeneratesSidebarTableOfContentsTest" assertions="1" time="0.006566"/>
        <testcase name="testWithNoHeadings" file="/home/runner/work/develop/develop/packages/framework/tests/Feature/Actions/GeneratesSidebarTableOfContentsTest.php" line="226" class="Hyde\Framework\Testing\Feature\Actions\GeneratesSidebarTableOfContentsTest" classname="Hyde.Framework.Testing.Feature.Actions.GeneratesSidebarTableOfContentsTest" assertions="1" time="0.005196"/>
        <testcase name="testWithNoContent" file="/home/runner/work/develop/develop/packages/framework/tests/Feature/Actions/GeneratesSidebarTableOfContentsTest.php" line="231" class="Hyde\Framework\Testing\Feature\Actions\GeneratesSidebarTableOfContentsTest" classname="Hyde.Framework.Testing.Feature.Actions.GeneratesSidebarTableOfContentsTest" assertions="1" time="0.004495"/>
      </testsuite>
      <testsuite name="Hyde\Framework\Testing\Feature\AssetServiceTest" file="/home/runner/work/develop/develop/packages/framework/tests/Feature/AssetServiceTest.php" tests="3" assertions="6" errors="0" failures="0" skipped="0" time="0.023028">
        <testcase name="test_media_link_returns_media_path_with_cache_key" file="/home/runner/work/develop/develop/packages/framework/tests/Feature/AssetServiceTest.php" line="18" class="Hyde\Framework\Testing\Feature\AssetServiceTest" classname="Hyde.Framework.Testing.Feature.AssetServiceTest" assertions="2" time="0.007296"/>
        <testcase name="test_media_link_returns_media_path_without_cache_key_if_cache_busting_is_disabled" file="/home/runner/work/develop/develop/packages/framework/tests/Feature/AssetServiceTest.php" line="25" class="Hyde\Framework\Testing\Feature\AssetServiceTest" classname="Hyde.Framework.Testing.Feature.AssetServiceTest" assertions="2" time="0.006910"/>
        <testcase name="test_media_link_supports_custom_media_directories" file="/home/runner/work/develop/develop/packages/framework/tests/Feature/AssetServiceTest.php" line="33" class="Hyde\Framework\Testing\Feature\AssetServiceTest" classname="Hyde.Framework.Testing.Feature.AssetServiceTest" assertions="2" time="0.008822"/>
      </testsuite>
      <testsuite name="Hyde\Framework\Testing\Feature\AuthorPostsIntegrationTest" file="/home/runner/work/develop/develop/packages/framework/tests/Feature/AuthorPostsIntegrationTest.php" tests="3" assertions="15" errors="0" failures="0" skipped="0" time="0.335418">
        <testcase name="test_create_post_with_undefined_author" file="/home/runner/work/develop/develop/packages/framework/tests/Feature/AuthorPostsIntegrationTest.php" line="36" class="Hyde\Framework\Testing\Feature\AuthorPostsIntegrationTest" classname="Hyde.Framework.Testing.Feature.AuthorPostsIntegrationTest" assertions="4" time="0.262590"/>
        <testcase name="test_create_post_with_defined_author_with_name" file="/home/runner/work/develop/develop/packages/framework/tests/Feature/AuthorPostsIntegrationTest.php" line="69" class="Hyde\Framework\Testing\Feature\AuthorPostsIntegrationTest" classname="Hyde.Framework.Testing.Feature.AuthorPostsIntegrationTest" assertions="5" time="0.036083"/>
        <testcase name="test_create_post_with_defined_author_with_website" file="/home/runner/work/develop/develop/packages/framework/tests/Feature/AuthorPostsIntegrationTest.php" line="107" class="Hyde\Framework\Testing\Feature\AuthorPostsIntegrationTest" classname="Hyde.Framework.Testing.Feature.AuthorPostsIntegrationTest" assertions="6" time="0.036745"/>
      </testsuite>
      <testsuite name="Hyde\Framework\Testing\Feature\BladeMatterParserTest" file="/home/runner/work/develop/develop/packages/framework/tests/Feature/BladeMatterParserTest.php" tests="15" assertions="38" errors="0" failures="0" skipped="0" time="0.109935">
        <testcase name="test_can_parse_front_matter" file="/home/runner/work/develop/develop/packages/framework/tests/Feature/BladeMatterParserTest.php" line="16" class="Hyde\Framework\Testing\Feature\BladeMatterParserTest" classname="Hyde.Framework.Testing.Feature.BladeMatterParserTest" assertions="1" time="0.007299"/>
        <testcase name="test_parse_string_helper_method" file="/home/runner/work/develop/develop/packages/framework/tests/Feature/BladeMatterParserTest.php" line="23" class="Hyde\Framework\Testing\Feature\BladeMatterParserTest" classname="Hyde.Framework.Testing.Feature.BladeMatterParserTest" assertions="1" time="0.007074"/>
        <testcase name="test_parse_file_helper_method" file="/home/runner/work/develop/develop/packages/framework/tests/Feature/BladeMatterParserTest.php" line="31" class="Hyde\Framework\Testing\Feature\BladeMatterParserTest" classname="Hyde.Framework.Testing.Feature.BladeMatterParserTest" assertions="1" time="0.007855"/>
        <testcase name="test_can_parse_multiple_front_matter_lines" file="/home/runner/work/develop/develop/packages/framework/tests/Feature/BladeMatterParserTest.php" line="40" class="Hyde\Framework\Testing\Feature\BladeMatterParserTest" classname="Hyde.Framework.Testing.Feature.BladeMatterParserTest" assertions="1" time="0.007144"/>
        <testcase name="test_can_parse_front_matter_with_various_formats" file="/home/runner/work/develop/develop/packages/framework/tests/Feature/BladeMatterParserTest.php" line="50" class="Hyde\Framework\Testing\Feature\BladeMatterParserTest" classname="Hyde.Framework.Testing.Feature.BladeMatterParserTest" assertions="4" time="0.007789"/>
        <testcase name="test_can_parse_front_matter_with_array" file="/home/runner/work/develop/develop/packages/framework/tests/Feature/BladeMatterParserTest.php" line="64" class="Hyde\Framework\Testing\Feature\BladeMatterParserTest" classname="Hyde.Framework.Testing.Feature.BladeMatterParserTest" assertions="1" time="0.007362"/>
        <testcase name="test_line_matches_front_matter" file="/home/runner/work/develop/develop/packages/framework/tests/Feature/BladeMatterParserTest.php" line="70" class="Hyde\Framework\Testing\Feature\BladeMatterParserTest" classname="Hyde.Framework.Testing.Feature.BladeMatterParserTest" assertions="2" time="0.006538"/>
        <testcase name="test_directive_cannot_have_leading_whitespace" file="/home/runner/work/develop/develop/packages/framework/tests/Feature/BladeMatterParserTest.php" line="76" class="Hyde\Framework\Testing\Feature\BladeMatterParserTest" classname="Hyde.Framework.Testing.Feature.BladeMatterParserTest" assertions="1" time="0.007139"/>
        <testcase name="test_directive_signature_cannot_contain_whitespace" file="/home/runner/work/develop/develop/packages/framework/tests/Feature/BladeMatterParserTest.php" line="81" class="Hyde\Framework\Testing\Feature\BladeMatterParserTest" classname="Hyde.Framework.Testing.Feature.BladeMatterParserTest" assertions="3" time="0.007402"/>
        <testcase name="test_extract_key" file="/home/runner/work/develop/develop/packages/framework/tests/Feature/BladeMatterParserTest.php" line="88" class="Hyde\Framework\Testing\Feature\BladeMatterParserTest" classname="Hyde.Framework.Testing.Feature.BladeMatterParserTest" assertions="1" time="0.006633"/>
        <testcase name="test_extract_value" file="/home/runner/work/develop/develop/packages/framework/tests/Feature/BladeMatterParserTest.php" line="93" class="Hyde\Framework\Testing\Feature\BladeMatterParserTest" classname="Hyde.Framework.Testing.Feature.BladeMatterParserTest" assertions="1" time="0.007359"/>
        <testcase name="test_get_value_with_type" file="/home/runner/work/develop/develop/packages/framework/tests/Feature/BladeMatterParserTest.php" line="98" class="Hyde\Framework\Testing\Feature\BladeMatterParserTest" classname="Hyde.Framework.Testing.Feature.BladeMatterParserTest" assertions="11" time="0.008646"/>
        <testcase name="test_parse_array_string" file="/home/runner/work/develop/develop/packages/framework/tests/Feature/BladeMatterParserTest.php" line="113" class="Hyde\Framework\Testing\Feature\BladeMatterParserTest" classname="Hyde.Framework.Testing.Feature.BladeMatterParserTest" assertions="8" time="0.008339"/>
        <testcase name="test_parse_invalid_array_string" file="/home/runner/work/develop/develop/packages/framework/tests/Feature/BladeMatterParserTest.php" line="126" class="Hyde\Framework\Testing\Feature\BladeMatterParserTest" classname="Hyde.Framework.Testing.Feature.BladeMatterParserTest" assertions="1" time="0.006449"/>
        <testcase name="test_parse_multidimensional_array_string" file="/home/runner/work/develop/develop/packages/framework/tests/Feature/BladeMatterParserTest.php" line="132" class="Hyde\Framework\Testing\Feature\BladeMatterParserTest" classname="Hyde.Framework.Testing.Feature.BladeMatterParserTest" assertions="1" time="0.006907"/>
      </testsuite>
      <testsuite name="Hyde\Framework\Testing\Feature\ColoredBlockquoteShortcodesTest" file="/home/runner/work/develop/develop/packages/framework/tests/Feature/ColoredBlockquoteShortcodesTest.php" tests="3" assertions="4" errors="0" failures="0" skipped="0" time="0.013542">
        <testcase name="testGetMethod" file="/home/runner/work/develop/develop/packages/framework/tests/Feature/ColoredBlockquoteShortcodesTest.php" line="17" class="Hyde\Framework\Testing\Feature\ColoredBlockquoteShortcodesTest" classname="Hyde.Framework.Testing.Feature.ColoredBlockquoteShortcodesTest" assertions="2" time="0.004812"/>
        <testcase name="testResolveMethod" file="/home/runner/work/develop/develop/packages/framework/tests/Feature/ColoredBlockquoteShortcodesTest.php" line="25" class="Hyde\Framework\Testing\Feature\ColoredBlockquoteShortcodesTest" classname="Hyde.Framework.Testing.Feature.ColoredBlockquoteShortcodesTest" assertions="1" time="0.004084"/>
        <testcase name="testCanUseMarkdownWithinBlockquote" file="/home/runner/work/develop/develop/packages/framework/tests/Feature/ColoredBlockquoteShortcodesTest.php" line="33" class="Hyde\Framework\Testing\Feature\ColoredBlockquoteShortcodesTest" classname="Hyde.Framework.Testing.Feature.ColoredBlockquoteShortcodesTest" assertions="1" time="0.004645"/>
      </testsuite>
      <testsuite name="Hyde\Framework\Testing\Feature\CommandTest" file="/home/runner/work/develop/develop/packages/framework/tests/Feature/CommandTest.php" tests="20" assertions="22" errors="0" failures="0" skipped="0" time="0.075427">
        <testcase name="testUserExitConstant" file="/home/runner/work/develop/develop/packages/framework/tests/Feature/CommandTest.php" line="32" class="Hyde\Framework\Testing\Feature\CommandTest" classname="Hyde.Framework.Testing.Feature.CommandTest" assertions="1" time="0.003031"/>
        <testcase name="testFileLinkHelperCreatesLinkForExistingFile" file="/home/runner/work/develop/develop/packages/framework/tests/Feature/CommandTest.php" line="37" class="Hyde\Framework\Testing\Feature\CommandTest" classname="Hyde.Framework.Testing.Feature.CommandTest" assertions="1" time="0.003327"/>
        <testcase name="testFileLinkHelperCreatesLinkForNonExistingFile" file="/home/runner/work/develop/develop/packages/framework/tests/Feature/CommandTest.php" line="49" class="Hyde\Framework\Testing\Feature\CommandTest" classname="Hyde.Framework.Testing.Feature.CommandTest" assertions="1" time="0.003040"/>
        <testcase name="testFileLinkHelperWithCustomLabel" file="/home/runner/work/develop/develop/packages/framework/tests/Feature/CommandTest.php" line="57" class="Hyde\Framework\Testing\Feature\CommandTest" classname="Hyde.Framework.Testing.Feature.CommandTest" assertions="1" time="0.002994"/>
        <testcase name="testFileLinkHelperWithAbsolutePathInput" file="/home/runner/work/develop/develop/packages/framework/tests/Feature/CommandTest.php" line="65" class="Hyde\Framework\Testing\Feature\CommandTest" classname="Hyde.Framework.Testing.Feature.CommandTest" assertions="1" time="0.003022"/>
        <testcase name="testFileLinkHelperWithAbsolutePathInputAndCustomLabel" file="/home/runner/work/develop/develop/packages/framework/tests/Feature/CommandTest.php" line="73" class="Hyde\Framework\Testing\Feature\CommandTest" classname="Hyde.Framework.Testing.Feature.CommandTest" assertions="1" time="0.002772"/>
        <testcase name="testFileLinkHelperWithAbsolutePathAndRealFile" file="/home/runner/work/develop/develop/packages/framework/tests/Feature/CommandTest.php" line="81" class="Hyde\Framework\Testing\Feature\CommandTest" classname="Hyde.Framework.Testing.Feature.CommandTest" assertions="1" time="0.002910"/>
        <testcase name="testInfoComment" file="/home/runner/work/develop/develop/packages/framework/tests/Feature/CommandTest.php" line="93" class="Hyde\Framework\Testing\Feature\CommandTest" classname="Hyde.Framework.Testing.Feature.CommandTest" assertions="1" time="0.009023"/>
        <testcase name="testInfoCommentWithExtraInfo" file="/home/runner/work/develop/develop/packages/framework/tests/Feature/CommandTest.php" line="109" class="Hyde\Framework\Testing\Feature\CommandTest" classname="Hyde.Framework.Testing.Feature.CommandTest" assertions="1" time="0.003220"/>
        <testcase name="testInfoCommentWithExtraInfoAndComments" file="/home/runner/work/develop/develop/packages/framework/tests/Feature/CommandTest.php" line="125" class="Hyde\Framework\Testing\Feature\CommandTest" classname="Hyde.Framework.Testing.Feature.CommandTest" assertions="1" time="0.003519"/>
        <testcase name="testHref" file="/home/runner/work/develop/develop/packages/framework/tests/Feature/CommandTest.php" line="141" class="Hyde\Framework\Testing\Feature\CommandTest" classname="Hyde.Framework.Testing.Feature.CommandTest" assertions="1" time="0.003023"/>
        <testcase name="testInlineGray" file="/home/runner/work/develop/develop/packages/framework/tests/Feature/CommandTest.php" line="148" class="Hyde\Framework\Testing\Feature\CommandTest" classname="Hyde.Framework.Testing.Feature.CommandTest" assertions="1" time="0.003037"/>
        <testcase name="testGray" file="/home/runner/work/develop/develop/packages/framework/tests/Feature/CommandTest.php" line="155" class="Hyde\Framework\Testing\Feature\CommandTest" classname="Hyde.Framework.Testing.Feature.CommandTest" assertions="1" time="0.003163"/>
        <testcase name="testIndentedLine" file="/home/runner/work/develop/develop/packages/framework/tests/Feature/CommandTest.php" line="160" class="Hyde\Framework\Testing\Feature\CommandTest" classname="Hyde.Framework.Testing.Feature.CommandTest" assertions="1" time="0.003422"/>
        <testcase name="testIndentedLineWithMultipleIndentations" file="/home/runner/work/develop/develop/packages/framework/tests/Feature/CommandTest.php" line="165" class="Hyde\Framework\Testing\Feature\CommandTest" classname="Hyde.Framework.Testing.Feature.CommandTest" assertions="1" time="0.003220"/>
        <testcase name="testIndentedLineWithNoIndentation" file="/home/runner/work/develop/develop/packages/framework/tests/Feature/CommandTest.php" line="170" class="Hyde\Framework\Testing\Feature\CommandTest" classname="Hyde.Framework.Testing.Feature.CommandTest" assertions="1" time="0.003153"/>
        <testcase name="testHandleCallsBaseSafeHandle" file="/home/runner/work/develop/develop/packages/framework/tests/Feature/CommandTest.php" line="175" class="Hyde\Framework\Testing\Feature\CommandTest" classname="Hyde.Framework.Testing.Feature.CommandTest" assertions="1" time="0.002643"/>
        <testcase name="testHandleCallsChildSafeHandle" file="/home/runner/work/develop/develop/packages/framework/tests/Feature/CommandTest.php" line="180" class="Hyde\Framework\Testing\Feature\CommandTest" classname="Hyde.Framework.Testing.Feature.CommandTest" assertions="1" time="0.002631"/>
        <testcase name="testSafeHandleException" file="/home/runner/work/develop/develop/packages/framework/tests/Feature/CommandTest.php" line="185" class="Hyde\Framework\Testing\Feature\CommandTest" classname="Hyde.Framework.Testing.Feature.CommandTest" assertions="2" time="0.010470"/>
        <testcase name="testCanEnableThrowOnException" file="/home/runner/work/develop/develop/packages/framework/tests/Feature/CommandTest.php" line="203" class="Hyde\Framework\Testing\Feature\CommandTest" classname="Hyde.Framework.Testing.Feature.CommandTest" assertions="2" time="0.003807"/>
      </testsuite>
      <testsuite name="Hyde\Framework\Testing\Feature\Commands\BuildRssFeedCommandTest" file="/home/runner/work/develop/develop/packages/framework/tests/Feature/Commands/BuildRssFeedCommandTest.php" tests="2" assertions="8" errors="0" failures="0" skipped="0" time="0.048871">
        <testcase name="test_rss_feed_is_generated_when_conditions_are_met" file="/home/runner/work/develop/develop/packages/framework/tests/Feature/Commands/BuildRssFeedCommandTest.php" line="17" class="Hyde\Framework\Testing\Feature\Commands\BuildRssFeedCommandTest" classname="Hyde.Framework.Testing.Feature.Commands.BuildRssFeedCommandTest" assertions="3" time="0.026268"/>
        <testcase name="test_rss_filename_can_be_changed" file="/home/runner/work/develop/develop/packages/framework/tests/Feature/Commands/BuildRssFeedCommandTest.php" line="30" class="Hyde\Framework\Testing\Feature\Commands\BuildRssFeedCommandTest" classname="Hyde.Framework.Testing.Feature.Commands.BuildRssFeedCommandTest" assertions="5" time="0.022603"/>
      </testsuite>
      <testsuite name="Hyde\Framework\Testing\Feature\Commands\BuildSearchCommandTest" file="/home/runner/work/develop/develop/packages/framework/tests/Feature/Commands/BuildSearchCommandTest.php" tests="8" assertions="22" errors="0" failures="0" skipped="0" time="0.334246">
        <testcase name="test_it_creates_the_search_json_file" file="/home/runner/work/develop/develop/packages/framework/tests/Feature/Commands/BuildSearchCommandTest.php" line="19" class="Hyde\Framework\Testing\Feature\Commands\BuildSearchCommandTest" classname="Hyde.Framework.Testing.Feature.Commands.BuildSearchCommandTest" assertions="3" time="0.117219"/>
        <testcase name="test_it_creates_the_search_page" file="/home/runner/work/develop/develop/packages/framework/tests/Feature/Commands/BuildSearchCommandTest.php" line="30" class="Hyde\Framework\Testing\Feature\Commands\BuildSearchCommandTest" classname="Hyde.Framework.Testing.Feature.Commands.BuildSearchCommandTest" assertions="3" time="0.030966"/>
        <testcase name="test_it_does_not_create_the_search_page_if_disabled" file="/home/runner/work/develop/develop/packages/framework/tests/Feature/Commands/BuildSearchCommandTest.php" line="41" class="Hyde\Framework\Testing\Feature\Commands\BuildSearchCommandTest" classname="Hyde.Framework.Testing.Feature.Commands.BuildSearchCommandTest" assertions="2" time="0.018648"/>
        <testcase name="test_it_does_not_display_the_estimation_message_when_it_is_less_than_1_second" file="/home/runner/work/develop/develop/packages/framework/tests/Feature/Commands/BuildSearchCommandTest.php" line="51" class="Hyde\Framework\Testing\Feature\Commands\BuildSearchCommandTest" classname="Hyde.Framework.Testing.Feature.Commands.BuildSearchCommandTest" assertions="2" time="0.032998"/>
        <testcase name="test_search_files_can_be_generated_for_custom_docs_output_directory" file="/home/runner/work/develop/develop/packages/framework/tests/Feature/Commands/BuildSearchCommandTest.php" line="61" class="Hyde\Framework\Testing\Feature\Commands\BuildSearchCommandTest" classname="Hyde.Framework.Testing.Feature.Commands.BuildSearchCommandTest" assertions="3" time="0.033019"/>
        <testcase name="test_search_files_can_be_generated_for_custom_site_output_directory" file="/home/runner/work/develop/develop/packages/framework/tests/Feature/Commands/BuildSearchCommandTest.php" line="72" class="Hyde\Framework\Testing\Feature\Commands\BuildSearchCommandTest" classname="Hyde.Framework.Testing.Feature.Commands.BuildSearchCommandTest" assertions="3" time="0.033160"/>
        <testcase name="test_search_files_can_be_generated_for_custom_site_and_docs_output_directories" file="/home/runner/work/develop/develop/packages/framework/tests/Feature/Commands/BuildSearchCommandTest.php" line="83" class="Hyde\Framework\Testing\Feature\Commands\BuildSearchCommandTest" classname="Hyde.Framework.Testing.Feature.Commands.BuildSearchCommandTest" assertions="3" time="0.034254"/>
        <testcase name="test_search_files_can_be_generated_for_custom_site_and_nested_docs_output_directories" file="/home/runner/work/develop/develop/packages/framework/tests/Feature/Commands/BuildSearchCommandTest.php" line="95" class="Hyde\Framework\Testing\Feature\Commands\BuildSearchCommandTest" classname="Hyde.Framework.Testing.Feature.Commands.BuildSearchCommandTest" assertions="3" time="0.033982"/>
      </testsuite>
      <testsuite name="Hyde\Framework\Testing\Feature\Commands\BuildSitemapCommandTest" file="/home/runner/work/develop/develop/packages/framework/tests/Feature/Commands/BuildSitemapCommandTest.php" tests="1" assertions="3" errors="0" failures="0" skipped="0" time="0.019059">
        <testcase name="test_sitemap_is_generated_when_conditions_are_met" file="/home/runner/work/develop/develop/packages/framework/tests/Feature/Commands/BuildSitemapCommandTest.php" line="17" class="Hyde\Framework\Testing\Feature\Commands\BuildSitemapCommandTest" classname="Hyde.Framework.Testing.Feature.Commands.BuildSitemapCommandTest" assertions="3" time="0.019059"/>
      </testsuite>
      <testsuite name="Hyde\Framework\Testing\Feature\Commands\ChangeSourceDirectoryCommandTest" file="/home/runner/work/develop/develop/packages/framework/tests/Feature/Commands/ChangeSourceDirectoryCommandTest.php" tests="6" assertions="38" errors="0" failures="0" skipped="0" time="0.088635">
        <testcase name="test_command_moves_source_directories_to_new_supplied_directory_and_updates_the_configuration_file" file="/home/runner/work/develop/develop/packages/framework/tests/Feature/Commands/ChangeSourceDirectoryCommandTest.php" line="16" class="Hyde\Framework\Testing\Feature\Commands\ChangeSourceDirectoryCommandTest" classname="Hyde.Framework.Testing.Feature.Commands.ChangeSourceDirectoryCommandTest" assertions="15" time="0.019350"/>
        <testcase name="test_with_missing_config_search_string" file="/home/runner/work/develop/develop/packages/framework/tests/Feature/Commands/ChangeSourceDirectoryCommandTest.php" line="54" class="Hyde\Framework\Testing\Feature\Commands\ChangeSourceDirectoryCommandTest" classname="Hyde.Framework.Testing.Feature.Commands.ChangeSourceDirectoryCommandTest" assertions="15" time="0.020092"/>
        <testcase name="test_with_name_matching_current_value" file="/home/runner/work/develop/develop/packages/framework/tests/Feature/Commands/ChangeSourceDirectoryCommandTest.php" line="93" class="Hyde\Framework\Testing\Feature\Commands\ChangeSourceDirectoryCommandTest" classname="Hyde.Framework.Testing.Feature.Commands.ChangeSourceDirectoryCommandTest" assertions="2" time="0.010851"/>
        <testcase name="test_with_existing_directory" file="/home/runner/work/develop/develop/packages/framework/tests/Feature/Commands/ChangeSourceDirectoryCommandTest.php" line="100" class="Hyde\Framework\Testing\Feature\Commands\ChangeSourceDirectoryCommandTest" classname="Hyde.Framework.Testing.Feature.Commands.ChangeSourceDirectoryCommandTest" assertions="2" time="0.014371"/>
        <testcase name="test_with_target_containing_subdirectory_file" file="/home/runner/work/develop/develop/packages/framework/tests/Feature/Commands/ChangeSourceDirectoryCommandTest.php" line="111" class="Hyde\Framework\Testing\Feature\Commands\ChangeSourceDirectoryCommandTest" classname="Hyde.Framework.Testing.Feature.Commands.ChangeSourceDirectoryCommandTest" assertions="2" time="0.012403"/>
        <testcase name="test_with_target_being_file" file="/home/runner/work/develop/develop/packages/framework/tests/Feature/Commands/ChangeSourceDirectoryCommandTest.php" line="121" class="Hyde\Framework\Testing\Feature\Commands\ChangeSourceDirectoryCommandTest" classname="Hyde.Framework.Testing.Feature.Commands.ChangeSourceDirectoryCommandTest" assertions="2" time="0.011569"/>
      </testsuite>
      <testsuite name="Hyde\Framework\Testing\Feature\Commands\DebugCommandTest" file="/home/runner/work/develop/develop/packages/framework/tests/Feature/Commands/DebugCommandTest.php" tests="3" assertions="15" errors="0" failures="0" skipped="0" time="0.045468">
        <testcase name="test_debug_command_can_run" file="/home/runner/work/develop/develop/packages/framework/tests/Feature/Commands/DebugCommandTest.php" line="21" class="Hyde\Framework\Testing\Feature\Commands\DebugCommandTest" classname="Hyde.Framework.Testing.Feature.Commands.DebugCommandTest" assertions="1" time="0.014121"/>
        <testcase name="test_it_prints_debug_information" file="/home/runner/work/develop/develop/packages/framework/tests/Feature/Commands/DebugCommandTest.php" line="26" class="Hyde\Framework\Testing\Feature\Commands\DebugCommandTest" classname="Hyde.Framework.Testing.Feature.Commands.DebugCommandTest" assertions="8" time="0.015524"/>
        <testcase name="test_it_prints_verbose_debug_information" file="/home/runner/work/develop/develop/packages/framework/tests/Feature/Commands/DebugCommandTest.php" line="39" class="Hyde\Framework\Testing\Feature\Commands\DebugCommandTest" classname="Hyde.Framework.Testing.Feature.Commands.DebugCommandTest" assertions="6" time="0.015823"/>
      </testsuite>
      <testsuite name="Hyde\Framework\Testing\Feature\Commands\MakePageCommandTest" file="/home/runner/work/develop/develop/packages/framework/tests/Feature/Commands/MakePageCommandTest.php" tests="14" assertions="34" errors="0" failures="0" skipped="0" time="0.226537">
        <testcase name="test_command_can_run" file="/home/runner/work/develop/develop/packages/framework/tests/Feature/Commands/MakePageCommandTest.php" line="43" class="Hyde\Framework\Testing\Feature\Commands\MakePageCommandTest" classname="Hyde.Framework.Testing.Feature.Commands.MakePageCommandTest" assertions="1" time="0.014198"/>
        <testcase name="test_command_output" file="/home/runner/work/develop/develop/packages/framework/tests/Feature/Commands/MakePageCommandTest.php" line="48" class="Hyde\Framework\Testing\Feature\Commands\MakePageCommandTest" classname="Hyde.Framework.Testing.Feature.Commands.MakePageCommandTest" assertions="3" time="0.015049"/>
        <testcase name="test_command_allows_user_to_specify_page_type" file="/home/runner/work/develop/develop/packages/framework/tests/Feature/Commands/MakePageCommandTest.php" line="56" class="Hyde\Framework\Testing\Feature\Commands\MakePageCommandTest" classname="Hyde.Framework.Testing.Feature.Commands.MakePageCommandTest" assertions="2" time="0.019362"/>
        <testcase name="test_type_option_is_case_insensitive" file="/home/runner/work/develop/develop/packages/framework/tests/Feature/Commands/MakePageCommandTest.php" line="62" class="Hyde\Framework\Testing\Feature\Commands\MakePageCommandTest" classname="Hyde.Framework.Testing.Feature.Commands.MakePageCommandTest" assertions="2" time="0.019710"/>
        <testcase name="test_command_fails_if_user_specifies_invalid_page_type" file="/home/runner/work/develop/develop/packages/framework/tests/Feature/Commands/MakePageCommandTest.php" line="68" class="Hyde\Framework\Testing\Feature\Commands\MakePageCommandTest" classname="Hyde.Framework.Testing.Feature.Commands.MakePageCommandTest" assertions="3" time="0.011060"/>
        <testcase name="test_command_creates_markdown_file" file="/home/runner/work/develop/develop/packages/framework/tests/Feature/Commands/MakePageCommandTest.php" line="76" class="Hyde\Framework\Testing\Feature\Commands\MakePageCommandTest" classname="Hyde.Framework.Testing.Feature.Commands.MakePageCommandTest" assertions="2" time="0.014161"/>
        <testcase name="test_command_creates_blade_file" file="/home/runner/work/develop/develop/packages/framework/tests/Feature/Commands/MakePageCommandTest.php" line="83" class="Hyde\Framework\Testing\Feature\Commands\MakePageCommandTest" classname="Hyde.Framework.Testing.Feature.Commands.MakePageCommandTest" assertions="2" time="0.013272"/>
        <testcase name="test_command_creates_documentation_file" file="/home/runner/work/develop/develop/packages/framework/tests/Feature/Commands/MakePageCommandTest.php" line="90" class="Hyde\Framework\Testing\Feature\Commands\MakePageCommandTest" classname="Hyde.Framework.Testing.Feature.Commands.MakePageCommandTest" assertions="2" time="0.016010"/>
        <testcase name="test_command_fails_if_file_already_exists" file="/home/runner/work/develop/develop/packages/framework/tests/Feature/Commands/MakePageCommandTest.php" line="98" class="Hyde\Framework\Testing\Feature\Commands\MakePageCommandTest" classname="Hyde.Framework.Testing.Feature.Commands.MakePageCommandTest" assertions="3" time="0.012793"/>
        <testcase name="test_command_overwrites_existing_files_when_force_option_is_used" file="/home/runner/work/develop/develop/packages/framework/tests/Feature/Commands/MakePageCommandTest.php" line="110" class="Hyde\Framework\Testing\Feature\Commands\MakePageCommandTest" classname="Hyde.Framework.Testing.Feature.Commands.MakePageCommandTest" assertions="2" time="0.015490"/>
        <testcase name="test_command_prompts_for_title_if_it_was_not_specified" file="/home/runner/work/develop/develop/packages/framework/tests/Feature/Commands/MakePageCommandTest.php" line="119" class="Hyde\Framework\Testing\Feature\Commands\MakePageCommandTest" classname="Hyde.Framework.Testing.Feature.Commands.MakePageCommandTest" assertions="3" time="0.017877"/>
        <testcase name="test_command_falls_back_to_default_title_if_user_enters_nothing" file="/home/runner/work/develop/develop/packages/framework/tests/Feature/Commands/MakePageCommandTest.php" line="129" class="Hyde\Framework\Testing\Feature\Commands\MakePageCommandTest" classname="Hyde.Framework.Testing.Feature.Commands.MakePageCommandTest" assertions="3" time="0.016490"/>
        <testcase name="test_page_type_shorthand_can_be_used_to_create_blade_pages" file="/home/runner/work/develop/develop/packages/framework/tests/Feature/Commands/MakePageCommandTest.php" line="139" class="Hyde\Framework\Testing\Feature\Commands\MakePageCommandTest" classname="Hyde.Framework.Testing.Feature.Commands.MakePageCommandTest" assertions="3" time="0.014567"/>
        <testcase name="test_page_type_shorthand_can_be_used_to_create_documentation_pages" file="/home/runner/work/develop/develop/packages/framework/tests/Feature/Commands/MakePageCommandTest.php" line="148" class="Hyde\Framework\Testing\Feature\Commands\MakePageCommandTest" classname="Hyde.Framework.Testing.Feature.Commands.MakePageCommandTest" assertions="3" time="0.026496"/>
      </testsuite>
      <testsuite name="Hyde\Framework\Testing\Feature\Commands\MakePostCommandTest" file="/home/runner/work/develop/develop/packages/framework/tests/Feature/Commands/MakePostCommandTest.php" tests="5" assertions="48" errors="0" failures="0" skipped="0" time="0.093291">
        <testcase name="test_command_has_expected_output_and_creates_valid_file" file="/home/runner/work/develop/develop/packages/framework/tests/Feature/Commands/MakePostCommandTest.php" line="17" class="Hyde\Framework\Testing\Feature\Commands\MakePostCommandTest" classname="Hyde.Framework.Testing.Feature.Commands.MakePostCommandTest" assertions="16" time="0.020233"/>
        <testcase name="test_that_files_are_not_overwritten_when_force_flag_is_not_set" file="/home/runner/work/develop/develop/packages/framework/tests/Feature/Commands/MakePostCommandTest.php" line="49" class="Hyde\Framework\Testing\Feature\Commands\MakePostCommandTest" classname="Hyde.Framework.Testing.Feature.Commands.MakePostCommandTest" assertions="9" time="0.018900"/>
        <testcase name="test_that_files_are_overwritten_when_force_flag_is_set" file="/home/runner/work/develop/develop/packages/framework/tests/Feature/Commands/MakePostCommandTest.php" line="72" class="Hyde\Framework\Testing\Feature\Commands\MakePostCommandTest" classname="Hyde.Framework.Testing.Feature.Commands.MakePostCommandTest" assertions="9" time="0.019250"/>
        <testcase name="test_that_title_can_be_specified_in_command_signature" file="/home/runner/work/develop/develop/packages/framework/tests/Feature/Commands/MakePostCommandTest.php" line="97" class="Hyde\Framework\Testing\Feature\Commands\MakePostCommandTest" classname="Hyde.Framework.Testing.Feature.Commands.MakePostCommandTest" assertions="6" time="0.019533"/>
        <testcase name="test_that_command_can_be_canceled" file="/home/runner/work/develop/develop/packages/framework/tests/Feature/Commands/MakePostCommandTest.php" line="111" class="Hyde\Framework\Testing\Feature\Commands\MakePostCommandTest" classname="Hyde.Framework.Testing.Feature.Commands.MakePostCommandTest" assertions="8" time="0.015376"/>
      </testsuite>
      <testsuite name="Hyde\Framework\Testing\Feature\Commands\PackageDiscoverCommandTest" file="/home/runner/work/develop/develop/packages/framework/tests/Feature/Commands/PackageDiscoverCommandTest.php" tests="1" assertions="3" errors="0" failures="0" skipped="0" time="0.081708">
        <testcase name="test_package_discover_command_registers_manifest_path" file="/home/runner/work/develop/develop/packages/framework/tests/Feature/Commands/PackageDiscoverCommandTest.php" line="16" class="Hyde\Framework\Testing\Feature\Commands\PackageDiscoverCommandTest" classname="Hyde.Framework.Testing.Feature.Commands.PackageDiscoverCommandTest" assertions="3" time="0.081708"/>
      </testsuite>
      <testsuite name="Hyde\Framework\Testing\Feature\Commands\PublishConfigsCommandTest" file="/home/runner/work/develop/develop/packages/framework/tests/Feature/Commands/PublishConfigsCommandTest.php" tests="3" assertions="16" errors="0" failures="0" skipped="0" time="0.068347">
        <testcase name="test_command_has_expected_output" file="/home/runner/work/develop/develop/packages/framework/tests/Feature/Commands/PublishConfigsCommandTest.php" line="33" class="Hyde\Framework\Testing\Feature\Commands\PublishConfigsCommandTest" classname="Hyde.Framework.Testing.Feature.Commands.PublishConfigsCommandTest" assertions="4" time="0.027328"/>
        <testcase name="test_config_files_are_published" file="/home/runner/work/develop/develop/packages/framework/tests/Feature/Commands/PublishConfigsCommandTest.php" line="41" class="Hyde\Framework\Testing\Feature\Commands\PublishConfigsCommandTest" classname="Hyde.Framework.Testing.Feature.Commands.PublishConfigsCommandTest" assertions="8" time="0.020642"/>
        <testcase name="test_command_overwrites_existing_files" file="/home/runner/work/develop/develop/packages/framework/tests/Feature/Commands/PublishConfigsCommandTest.php" line="54" class="Hyde\Framework\Testing\Feature\Commands\PublishConfigsCommandTest" classname="Hyde.Framework.Testing.Feature.Commands.PublishConfigsCommandTest" assertions="4" time="0.020377"/>
      </testsuite>
      <testsuite name="Hyde\Framework\Testing\Feature\Commands\PublishHomepageCommandTest" file="/home/runner/work/develop/develop/packages/framework/tests/Feature/Commands/PublishHomepageCommandTest.php" tests="9" assertions="28" errors="0" failures="0" skipped="0" time="0.194081">
        <testcase name="test_there_are_no_default_pages" file="/home/runner/work/develop/develop/packages/framework/tests/Feature/Commands/PublishHomepageCommandTest.php" line="31" class="Hyde\Framework\Testing\Feature\Commands\PublishHomepageCommandTest" classname="Hyde.Framework.Testing.Feature.Commands.PublishHomepageCommandTest" assertions="1" time="0.008098"/>
        <testcase name="test_command_returns_expected_output" file="/home/runner/work/develop/develop/packages/framework/tests/Feature/Commands/PublishHomepageCommandTest.php" line="36" class="Hyde\Framework\Testing\Feature\Commands\PublishHomepageCommandTest" classname="Hyde.Framework.Testing.Feature.Commands.PublishHomepageCommandTest" assertions="3" time="0.017551"/>
        <testcase name="test_command_returns_expected_output_with_rebuild" file="/home/runner/work/develop/develop/packages/framework/tests/Feature/Commands/PublishHomepageCommandTest.php" line="45" class="Hyde\Framework\Testing\Feature\Commands\PublishHomepageCommandTest" classname="Hyde.Framework.Testing.Feature.Commands.PublishHomepageCommandTest" assertions="5" time="0.041649"/>
        <testcase name="test_command_prompts_for_output" file="/home/runner/work/develop/develop/packages/framework/tests/Feature/Commands/PublishHomepageCommandTest.php" line="57" class="Hyde\Framework\Testing\Feature\Commands\PublishHomepageCommandTest" classname="Hyde.Framework.Testing.Feature.Commands.PublishHomepageCommandTest" assertions="5" time="0.017448"/>
        <testcase name="test_command_shows_feedback_output_when_supplying_a_homepage_name" file="/home/runner/work/develop/develop/packages/framework/tests/Feature/Commands/PublishHomepageCommandTest.php" line="71" class="Hyde\Framework\Testing\Feature\Commands\PublishHomepageCommandTest" classname="Hyde.Framework.Testing.Feature.Commands.PublishHomepageCommandTest" assertions="4" time="0.017160"/>
        <testcase name="test_command_handles_error_code_404" file="/home/runner/work/develop/develop/packages/framework/tests/Feature/Commands/PublishHomepageCommandTest.php" line="81" class="Hyde\Framework\Testing\Feature\Commands\PublishHomepageCommandTest" classname="Hyde.Framework.Testing.Feature.Commands.PublishHomepageCommandTest" assertions="2" time="0.013651"/>
        <testcase name="test_command_does_not_overwrite_modified_files_without_force_flag" file="/home/runner/work/develop/develop/packages/framework/tests/Feature/Commands/PublishHomepageCommandTest.php" line="89" class="Hyde\Framework\Testing\Feature\Commands\PublishHomepageCommandTest" classname="Hyde.Framework.Testing.Feature.Commands.PublishHomepageCommandTest" assertions="3" time="0.026425"/>
        <testcase name="test_command_overwrites_modified_files_if_force_flag_is_set" file="/home/runner/work/develop/develop/packages/framework/tests/Feature/Commands/PublishHomepageCommandTest.php" line="101" class="Hyde\Framework\Testing\Feature\Commands\PublishHomepageCommandTest" classname="Hyde.Framework.Testing.Feature.Commands.PublishHomepageCommandTest" assertions="3" time="0.027080"/>
        <testcase name="test_command_does_not_return_409_if_the_current_file_is_a_default_file" file="/home/runner/work/develop/develop/packages/framework/tests/Feature/Commands/PublishHomepageCommandTest.php" line="113" class="Hyde\Framework\Testing\Feature\Commands\PublishHomepageCommandTest" classname="Hyde.Framework.Testing.Feature.Commands.PublishHomepageCommandTest" assertions="2" time="0.025019"/>
      </testsuite>
      <testsuite name="Hyde\Framework\Testing\Feature\Commands\PublishViewsCommandTest" file="/home/runner/work/develop/develop/packages/framework/tests/Feature/Commands/PublishViewsCommandTest.php" tests="3" assertions="9" errors="0" failures="0" skipped="0" time="0.062604">
        <testcase name="test_command_publishes_views" file="/home/runner/work/develop/develop/packages/framework/tests/Feature/Commands/PublishViewsCommandTest.php" line="18" class="Hyde\Framework\Testing\Feature\Commands\PublishViewsCommandTest" classname="Hyde.Framework.Testing.Feature.Commands.PublishViewsCommandTest" assertions="4" time="0.034637"/>
        <testcase name="test_can_select_view" file="/home/runner/work/develop/develop/packages/framework/tests/Feature/Commands/PublishViewsCommandTest.php" line="33" class="Hyde\Framework\Testing\Feature\Commands\PublishViewsCommandTest" classname="Hyde.Framework.Testing.Feature.Commands.PublishViewsCommandTest" assertions="3" time="0.015526"/>
        <testcase name="test_with_invalid_supplied_tag" file="/home/runner/work/develop/develop/packages/framework/tests/Feature/Commands/PublishViewsCommandTest.php" line="47" class="Hyde\Framework\Testing\Feature\Commands\PublishViewsCommandTest" classname="Hyde.Framework.Testing.Feature.Commands.PublishViewsCommandTest" assertions="2" time="0.012441"/>
      </testsuite>
      <testsuite name="Hyde\Framework\Testing\Feature\Commands\RebuildPageCommandTest" file="/home/runner/work/develop/develop/packages/framework/tests/Feature/Commands/RebuildPageCommandTest.php" tests="6" assertions="12" errors="0" failures="0" skipped="0" time="0.163859">
        <testcase name="test_handle_is_successful_with_valid_path" file="/home/runner/work/develop/develop/packages/framework/tests/Feature/Commands/RebuildPageCommandTest.php" line="15" class="Hyde\Framework\Testing\Feature\Commands\RebuildPageCommandTest" classname="Hyde.Framework.Testing.Feature.Commands.RebuildPageCommandTest" assertions="2" time="0.035217"/>
        <testcase name="test_media_files_can_be_transferred" file="/home/runner/work/develop/develop/packages/framework/tests/Feature/Commands/RebuildPageCommandTest.php" line="26" class="Hyde\Framework\Testing\Feature\Commands\RebuildPageCommandTest" classname="Hyde.Framework.Testing.Feature.Commands.RebuildPageCommandTest" assertions="2" time="0.021806"/>
        <testcase name="test_validate_catches_bad_source_directory" file="/home/runner/work/develop/develop/packages/framework/tests/Feature/Commands/RebuildPageCommandTest.php" line="36" class="Hyde\Framework\Testing\Feature\Commands\RebuildPageCommandTest" classname="Hyde.Framework.Testing.Feature.Commands.RebuildPageCommandTest" assertions="2" time="0.011890"/>
        <testcase name="test_validate_catches_missing_file" file="/home/runner/work/develop/develop/packages/framework/tests/Feature/Commands/RebuildPageCommandTest.php" line="43" class="Hyde\Framework\Testing\Feature\Commands\RebuildPageCommandTest" classname="Hyde.Framework.Testing.Feature.Commands.RebuildPageCommandTest" assertions="2" time="0.012253"/>
        <testcase name="test_rebuild_documentation_page" file="/home/runner/work/develop/develop/packages/framework/tests/Feature/Commands/RebuildPageCommandTest.php" line="50" class="Hyde\Framework\Testing\Feature\Commands\RebuildPageCommandTest" classname="Hyde.Framework.Testing.Feature.Commands.RebuildPageCommandTest" assertions="2" time="0.047447"/>
        <testcase name="test_rebuild_blog_post" file="/home/runner/work/develop/develop/packages/framework/tests/Feature/Commands/RebuildPageCommandTest.php" line="61" class="Hyde\Framework\Testing\Feature\Commands\RebuildPageCommandTest" classname="Hyde.Framework.Testing.Feature.Commands.RebuildPageCommandTest" assertions="2" time="0.035246"/>
      </testsuite>
      <testsuite name="Hyde\Framework\Testing\Feature\Commands\RouteListCommandTest" file="/home/runner/work/develop/develop/packages/framework/tests/Feature/Commands/RouteListCommandTest.php" tests="5" assertions="31" errors="0" failures="0" skipped="0" time="0.156102">
        <testcase name="testRouteListCommand" file="/home/runner/work/develop/develop/packages/framework/tests/Feature/Commands/RouteListCommandTest.php" line="20" class="Hyde\Framework\Testing\Feature\Commands\RouteListCommandTest" classname="Hyde.Framework.Testing.Feature.Commands.RouteListCommandTest" assertions="7" time="0.041471"/>
        <testcase name="testConsoleRouteList" file="/home/runner/work/develop/develop/packages/framework/tests/Feature/Commands/RouteListCommandTest.php" line="39" class="Hyde\Framework\Testing\Feature\Commands\RouteListCommandTest" classname="Hyde.Framework.Testing.Feature.Commands.RouteListCommandTest" assertions="6" time="0.021527"/>
        <testcase name="testConsoleRouteListWithClickableOutputPaths" file="/home/runner/work/develop/develop/packages/framework/tests/Feature/Commands/RouteListCommandTest.php" line="52" class="Hyde\Framework\Testing\Feature\Commands\RouteListCommandTest" classname="Hyde.Framework.Testing.Feature.Commands.RouteListCommandTest" assertions="6" time="0.031312"/>
        <testcase name="testConsoleRouteListWithDynamicPages" file="/home/runner/work/develop/develop/packages/framework/tests/Feature/Commands/RouteListCommandTest.php" line="66" class="Hyde\Framework\Testing\Feature\Commands\RouteListCommandTest" classname="Hyde.Framework.Testing.Feature.Commands.RouteListCommandTest" assertions="6" time="0.038604"/>
        <testcase name="testConsoleRouteListWithTypeLabel" file="/home/runner/work/develop/develop/packages/framework/tests/Feature/Commands/RouteListCommandTest.php" line="81" class="Hyde\Framework\Testing\Feature\Commands\RouteListCommandTest" classname="Hyde.Framework.Testing.Feature.Commands.RouteListCommandTest" assertions="6" time="0.023187"/>
      </testsuite>
      <testsuite name="Hyde\Framework\Testing\Feature\Commands\ServeCommandTest" file="/home/runner/work/develop/develop/packages/framework/tests/Feature/Commands/ServeCommandTest.php" tests="12" assertions="32" errors="0" failures="0" skipped="1" time="0.139785">
        <testcase name="test_hyde_serve_command" file="/home/runner/work/develop/develop/packages/framework/tests/Feature/Commands/ServeCommandTest.php" line="24" class="Hyde\Framework\Testing\Feature\Commands\ServeCommandTest" classname="Hyde.Framework.Testing.Feature.Commands.ServeCommandTest" assertions="3" time="0.014431"/>
        <testcase name="test_hyde_serve_command_with_port_option" file="/home/runner/work/develop/develop/packages/framework/tests/Feature/Commands/ServeCommandTest.php" line="33" class="Hyde\Framework\Testing\Feature\Commands\ServeCommandTest" classname="Hyde.Framework.Testing.Feature.Commands.ServeCommandTest" assertions="3" time="0.011582"/>
        <testcase name="test_hyde_serve_command_with_host_option" file="/home/runner/work/develop/develop/packages/framework/tests/Feature/Commands/ServeCommandTest.php" line="42" class="Hyde\Framework\Testing\Feature\Commands\ServeCommandTest" classname="Hyde.Framework.Testing.Feature.Commands.ServeCommandTest" assertions="3" time="0.011453"/>
        <testcase name="test_hyde_serve_command_with_port_and_host_option" file="/home/runner/work/develop/develop/packages/framework/tests/Feature/Commands/ServeCommandTest.php" line="51" class="Hyde\Framework\Testing\Feature\Commands\ServeCommandTest" classname="Hyde.Framework.Testing.Feature.Commands.ServeCommandTest" assertions="3" time="0.011803"/>
        <testcase name="test_hyde_serve_command_with_port_defined_in_config" file="/home/runner/work/develop/develop/packages/framework/tests/Feature/Commands/ServeCommandTest.php" line="60" class="Hyde\Framework\Testing\Feature\Commands\ServeCommandTest" classname="Hyde.Framework.Testing.Feature.Commands.ServeCommandTest" assertions="3" time="0.011651"/>
        <testcase name="test_hyde_serve_command_with_port_defined_in_config_and_port_option" file="/home/runner/work/develop/develop/packages/framework/tests/Feature/Commands/ServeCommandTest.php" line="71" class="Hyde\Framework\Testing\Feature\Commands\ServeCommandTest" classname="Hyde.Framework.Testing.Feature.Commands.ServeCommandTest" assertions="3" time="0.011506"/>
        <testcase name="test_hyde_serve_command_with_port_missing_in_config_and_port_option" file="/home/runner/work/develop/develop/packages/framework/tests/Feature/Commands/ServeCommandTest.php" line="82" class="Hyde\Framework\Testing\Feature\Commands\ServeCommandTest" classname="Hyde.Framework.Testing.Feature.Commands.ServeCommandTest" assertions="3" time="0.011509"/>
        <testcase name="test_hyde_serve_command_with_host_defined_in_config" file="/home/runner/work/develop/develop/packages/framework/tests/Feature/Commands/ServeCommandTest.php" line="93" class="Hyde\Framework\Testing\Feature\Commands\ServeCommandTest" classname="Hyde.Framework.Testing.Feature.Commands.ServeCommandTest" assertions="3" time="0.010831"/>
        <testcase name="test_hyde_serve_command_with_host_defined_in_config_and_host_option" file="/home/runner/work/develop/develop/packages/framework/tests/Feature/Commands/ServeCommandTest.php" line="104" class="Hyde\Framework\Testing\Feature\Commands\ServeCommandTest" classname="Hyde.Framework.Testing.Feature.Commands.ServeCommandTest" assertions="3" time="0.011344"/>
        <testcase name="test_hyde_serve_command_with_host_missing_in_config_and_host_option" file="/home/runner/work/develop/develop/packages/framework/tests/Feature/Commands/ServeCommandTest.php" line="115" class="Hyde\Framework\Testing\Feature\Commands\ServeCommandTest" classname="Hyde.Framework.Testing.Feature.Commands.ServeCommandTest" assertions="3" time="0.012051"/>
        <testcase name="test_hyde_serve_command_with_invalid_config_value" file="/home/runner/work/develop/develop/packages/framework/tests/Feature/Commands/ServeCommandTest.php" line="126" class="Hyde\Framework\Testing\Feature\Commands\ServeCommandTest" classname="Hyde.Framework.Testing.Feature.Commands.ServeCommandTest" assertions="2" time="0.011050"/>
        <testcase name="test_hyde_serve_command_passes_through_process_output" file="/home/runner/work/develop/develop/packages/framework/tests/Feature/Commands/ServeCommandTest.php" line="136" class="Hyde\Framework\Testing\Feature\Commands\ServeCommandTest" classname="Hyde.Framework.Testing.Feature.Commands.ServeCommandTest" assertions="0" time="0.010575">
          <skipped/>
        </testcase>
      </testsuite>
      <testsuite name="Hyde\Framework\Testing\Feature\Commands\ValidateCommandTest" file="/home/runner/work/develop/develop/packages/framework/tests/Feature/Commands/ValidateCommandTest.php" tests="2" assertions="8" errors="0" failures="0" skipped="0" time="0.075925">
        <testcase name="test_validate_command_can_run" file="/home/runner/work/develop/develop/packages/framework/tests/Feature/Commands/ValidateCommandTest.php" line="18" class="Hyde\Framework\Testing\Feature\Commands\ValidateCommandTest" classname="Hyde.Framework.Testing.Feature.Commands.ValidateCommandTest" assertions="5" time="0.056217"/>
        <testcase name="test_validate_command_can_run_with_skips" file="/home/runner/work/develop/develop/packages/framework/tests/Feature/Commands/ValidateCommandTest.php" line="31" class="Hyde\Framework\Testing\Feature\Commands\ValidateCommandTest" classname="Hyde.Framework.Testing.Feature.Commands.ValidateCommandTest" assertions="3" time="0.019708"/>
      </testsuite>
      <testsuite name="Hyde\Framework\Testing\Feature\Commands\VendorPublishCommandTest" file="/home/runner/work/develop/develop/packages/framework/tests/Feature/Commands/VendorPublishCommandTest.php" tests="5" assertions="13" errors="0" failures="0" skipped="0" time="0.070152">
        <testcase name="test_command_prompts_for_provider_or_tag" file="/home/runner/work/develop/develop/packages/framework/tests/Feature/Commands/VendorPublishCommandTest.php" line="36" class="Hyde\Framework\Testing\Feature\Commands\VendorPublishCommandTest" classname="Hyde.Framework.Testing.Feature.Commands.VendorPublishCommandTest" assertions="3" time="0.014035"/>
        <testcase name="test_unhelpful_publishers_are_removed" file="/home/runner/work/develop/develop/packages/framework/tests/Feature/Commands/VendorPublishCommandTest.php" line="54" class="Hyde\Framework\Testing\Feature\Commands\VendorPublishCommandTest" classname="Hyde.Framework.Testing.Feature.Commands.VendorPublishCommandTest" assertions="3" time="0.011771"/>
        <testcase name="test_config_group_is_renamed_to_be_more_helpful" file="/home/runner/work/develop/develop/packages/framework/tests/Feature/Commands/VendorPublishCommandTest.php" line="67" class="Hyde\Framework\Testing\Feature\Commands\VendorPublishCommandTest" classname="Hyde.Framework.Testing.Feature.Commands.VendorPublishCommandTest" assertions="3" time="0.012691"/>
        <testcase name="test_can_select_default" file="/home/runner/work/develop/develop/packages/framework/tests/Feature/Commands/VendorPublishCommandTest.php" line="81" class="Hyde\Framework\Testing\Feature\Commands\VendorPublishCommandTest" classname="Hyde.Framework.Testing.Feature.Commands.VendorPublishCommandTest" assertions="3" time="0.013556"/>
        <testcase name="test_status_method" file="/home/runner/work/develop/develop/packages/framework/tests/Feature/Commands/VendorPublishCommandTest.php" line="92" class="Hyde\Framework\Testing\Feature\Commands\VendorPublishCommandTest" classname="Hyde.Framework.Testing.Feature.Commands.VendorPublishCommandTest" assertions="1" time="0.018100"/>
      </testsuite>
      <testsuite name="Hyde\Framework\Testing\Feature\ConfigurableFeaturesTest" file="/home/runner/work/develop/develop/packages/framework/tests/Feature/ConfigurableFeaturesTest.php" tests="10" assertions="71" errors="0" failures="0" skipped="0" time="0.097130">
        <testcase name="test_has_feature_returns_false_when_feature_is_not_enabled" file="/home/runner/work/develop/develop/packages/framework/tests/Feature/ConfigurableFeaturesTest.php" line="16" class="Hyde\Framework\Testing\Feature\ConfigurableFeaturesTest" classname="Hyde.Framework.Testing.Feature.ConfigurableFeaturesTest" assertions="8" time="0.008354"/>
        <testcase name="test_has_feature_returns_true_when_feature_is_enabled" file="/home/runner/work/develop/develop/packages/framework/tests/Feature/ConfigurableFeaturesTest.php" line="28" class="Hyde\Framework\Testing\Feature\ConfigurableFeaturesTest" classname="Hyde.Framework.Testing.Feature.ConfigurableFeaturesTest" assertions="17" time="0.009722"/>
        <testcase name="test_can_generate_sitemap_helper_returns_true_if_hyde_has_base_url" file="/home/runner/work/develop/develop/packages/framework/tests/Feature/ConfigurableFeaturesTest.php" line="44" class="Hyde\Framework\Testing\Feature\ConfigurableFeaturesTest" classname="Hyde.Framework.Testing.Feature.ConfigurableFeaturesTest" assertions="1" time="0.007145"/>
        <testcase name="test_can_generate_sitemap_helper_returns_false_if_hyde_does_not_have_base_url" file="/home/runner/work/develop/develop/packages/framework/tests/Feature/ConfigurableFeaturesTest.php" line="50" class="Hyde\Framework\Testing\Feature\ConfigurableFeaturesTest" classname="Hyde.Framework.Testing.Feature.ConfigurableFeaturesTest" assertions="1" time="0.007426"/>
        <testcase name="test_can_generate_sitemap_helper_returns_false_if_sitemaps_are_disabled_in_config" file="/home/runner/work/develop/develop/packages/framework/tests/Feature/ConfigurableFeaturesTest.php" line="56" class="Hyde\Framework\Testing\Feature\ConfigurableFeaturesTest" classname="Hyde.Framework.Testing.Feature.ConfigurableFeaturesTest" assertions="1" time="0.007502"/>
        <testcase name="test_to_array_method_returns_method_array" file="/home/runner/work/develop/develop/packages/framework/tests/Feature/ConfigurableFeaturesTest.php" line="63" class="Hyde\Framework\Testing\Feature\ConfigurableFeaturesTest" classname="Hyde.Framework.Testing.Feature.ConfigurableFeaturesTest" assertions="26" time="0.018212"/>
        <testcase name="test_to_array_method_contains_all_settings" file="/home/runner/work/develop/develop/packages/framework/tests/Feature/ConfigurableFeaturesTest.php" line="75" class="Hyde\Framework\Testing\Feature\ConfigurableFeaturesTest" classname="Hyde.Framework.Testing.Feature.ConfigurableFeaturesTest" assertions="9" time="0.015461"/>
        <testcase name="test_features_can_be_mocked" file="/home/runner/work/develop/develop/packages/framework/tests/Feature/ConfigurableFeaturesTest.php" line="91" class="Hyde\Framework\Testing\Feature\ConfigurableFeaturesTest" classname="Hyde.Framework.Testing.Feature.ConfigurableFeaturesTest" assertions="2" time="0.007895"/>
        <testcase name="test_dynamic_features_can_be_mocked" file="/home/runner/work/develop/develop/packages/framework/tests/Feature/ConfigurableFeaturesTest.php" line="100" class="Hyde\Framework\Testing\Feature\ConfigurableFeaturesTest" classname="Hyde.Framework.Testing.Feature.ConfigurableFeaturesTest" assertions="2" time="0.007586"/>
        <testcase name="test_multiple_features_can_be_mocked" file="/home/runner/work/develop/develop/packages/framework/tests/Feature/ConfigurableFeaturesTest.php" line="109" class="Hyde\Framework\Testing\Feature\ConfigurableFeaturesTest" classname="Hyde.Framework.Testing.Feature.ConfigurableFeaturesTest" assertions="4" time="0.007828"/>
      </testsuite>
      <testsuite name="Hyde\Framework\Testing\Feature\ConfigurableSourceRootsFeatureTest" file="/home/runner/work/develop/develop/packages/framework/tests/Feature/ConfigurableSourceRootsFeatureTest.php" tests="4" assertions="5" errors="0" failures="0" skipped="0" time="0.063867">
        <testcase name="test_default_config_value_is_empty_string" file="/home/runner/work/develop/develop/packages/framework/tests/Feature/ConfigurableSourceRootsFeatureTest.php" line="29" class="Hyde\Framework\Testing\Feature\ConfigurableSourceRootsFeatureTest" classname="Hyde.Framework.Testing.Feature.ConfigurableSourceRootsFeatureTest" assertions="1" time="0.005434"/>
        <testcase name="test_files_in_custom_source_root_can_be_discovered" file="/home/runner/work/develop/develop/packages/framework/tests/Feature/ConfigurableSourceRootsFeatureTest.php" line="34" class="Hyde\Framework\Testing\Feature\ConfigurableSourceRootsFeatureTest" classname="Hyde.Framework.Testing.Feature.ConfigurableSourceRootsFeatureTest" assertions="2" time="0.012863"/>
        <testcase name="test_files_in_custom_source_root_can_be_compiled" file="/home/runner/work/develop/develop/packages/framework/tests/Feature/ConfigurableSourceRootsFeatureTest.php" line="44" class="Hyde\Framework\Testing\Feature\ConfigurableSourceRootsFeatureTest" classname="Hyde.Framework.Testing.Feature.ConfigurableSourceRootsFeatureTest" assertions="1" time="0.038943"/>
        <testcase name="test_hyde_page_path_method_supports_custom_source_roots" file="/home/runner/work/develop/develop/packages/framework/tests/Feature/ConfigurableSourceRootsFeatureTest.php" line="56" class="Hyde\Framework\Testing\Feature\ConfigurableSourceRootsFeatureTest" classname="Hyde.Framework.Testing.Feature.ConfigurableSourceRootsFeatureTest" assertions="1" time="0.006627"/>
      </testsuite>
      <testsuite name="Hyde\Framework\Testing\Feature\ConsoleKernelTest" file="/home/runner/work/develop/develop/packages/framework/tests/Feature/ConsoleKernelTest.php" tests="3" assertions="5" errors="0" failures="0" skipped="0" time="0.023529">
        <testcase name="testIsInstantiable" file="/home/runner/work/develop/develop/packages/framework/tests/Feature/ConsoleKernelTest.php" line="18" class="Hyde\Framework\Testing\Feature\ConsoleKernelTest" classname="Hyde.Framework.Testing.Feature.ConsoleKernelTest" assertions="1" time="0.007574"/>
        <testcase name="testClassImplementsKernelInterface" file="/home/runner/work/develop/develop/packages/framework/tests/Feature/ConsoleKernelTest.php" line="23" class="Hyde\Framework\Testing\Feature\ConsoleKernelTest" classname="Hyde.Framework.Testing.Feature.ConsoleKernelTest" assertions="1" time="0.007420"/>
        <testcase name="testBootstrappers" file="/home/runner/work/develop/develop/packages/framework/tests/Feature/ConsoleKernelTest.php" line="28" class="Hyde\Framework\Testing\Feature\ConsoleKernelTest" classname="Hyde.Framework.Testing.Feature.ConsoleKernelTest" assertions="3" time="0.008535"/>
      </testsuite>
      <testsuite name="Hyde\Framework\Testing\Feature\ConvertsArrayToFrontMatterTest" file="/home/runner/work/develop/develop/packages/framework/tests/Feature/ConvertsArrayToFrontMatterTest.php" tests="2" assertions="2" errors="0" failures="0" skipped="0" time="0.014401">
        <testcase name="test_action_converts_an_array_to_front_matter" file="/home/runner/work/develop/develop/packages/framework/tests/Feature/ConvertsArrayToFrontMatterTest.php" line="15" class="Hyde\Framework\Testing\Feature\ConvertsArrayToFrontMatterTest" classname="Hyde.Framework.Testing.Feature.ConvertsArrayToFrontMatterTest" assertions="1" time="0.007457"/>
        <testcase name="test_action_returns_empty_string_if_array_is_empty" file="/home/runner/work/develop/develop/packages/framework/tests/Feature/ConvertsArrayToFrontMatterTest.php" line="42" class="Hyde\Framework\Testing\Feature\ConvertsArrayToFrontMatterTest" classname="Hyde.Framework.Testing.Feature.ConvertsArrayToFrontMatterTest" assertions="1" time="0.006944"/>
      </testsuite>
      <testsuite name="Hyde\Framework\Testing\Feature\DarkmodeFeatureTest" file="/home/runner/work/develop/develop/packages/framework/tests/Feature/DarkmodeFeatureTest.php" tests="5" assertions="10" errors="0" failures="0" skipped="0" time="0.090273">
        <testcase name="test_has_darkmode" file="/home/runner/work/develop/develop/packages/framework/tests/Feature/DarkmodeFeatureTest.php" line="26" class="Hyde\Framework\Testing\Feature\DarkmodeFeatureTest" classname="Hyde.Framework.Testing.Feature.DarkmodeFeatureTest" assertions="2" time="0.008473"/>
        <testcase name="test_layout_has_toggle_button_and_script_when_enabled" file="/home/runner/work/develop/develop/packages/framework/tests/Feature/DarkmodeFeatureTest.php" line="39" class="Hyde\Framework\Testing\Feature\DarkmodeFeatureTest" classname="Hyde.Framework.Testing.Feature.DarkmodeFeatureTest" assertions="2" time="0.021054"/>
        <testcase name="test_documentation_page_has_toggle_button_and_script_when_enabled" file="/home/runner/work/develop/develop/packages/framework/tests/Feature/DarkmodeFeatureTest.php" line="57" class="Hyde\Framework\Testing\Feature\DarkmodeFeatureTest" classname="Hyde.Framework.Testing.Feature.DarkmodeFeatureTest" assertions="2" time="0.019968"/>
        <testcase name="test_dark_mode_theme_button_is_hidden_in_layouts_when_disabled" file="/home/runner/work/develop/develop/packages/framework/tests/Feature/DarkmodeFeatureTest.php" line="76" class="Hyde\Framework\Testing\Feature\DarkmodeFeatureTest" classname="Hyde.Framework.Testing.Feature.DarkmodeFeatureTest" assertions="2" time="0.021024"/>
        <testcase name="test_dark_mode_theme_button_is_hidden_in_documentation_pages_when_disabled" file="/home/runner/work/develop/develop/packages/framework/tests/Feature/DarkmodeFeatureTest.php" line="93" class="Hyde\Framework\Testing\Feature\DarkmodeFeatureTest" classname="Hyde.Framework.Testing.Feature.DarkmodeFeatureTest" assertions="2" time="0.019753"/>
      </testsuite>
      <testsuite name="Hyde\Framework\Testing\Feature\DataCollectionTest" file="/home/runner/work/develop/develop/packages/framework/tests/Feature/DataCollectionTest.php" tests="15" assertions="19" errors="0" failures="0" skipped="0" time="0.163856">
        <testcase name="test_markdown_collections" file="/home/runner/work/develop/develop/packages/framework/tests/Feature/DataCollectionTest.php" line="21" class="Hyde\Framework\Testing\Feature\DataCollectionTest" classname="Hyde.Framework.Testing.Feature.DataCollectionTest" assertions="1" time="0.022712"/>
        <testcase name="test_yaml_collections" file="/home/runner/work/develop/develop/packages/framework/tests/Feature/DataCollectionTest.php" line="33" class="Hyde\Framework\Testing\Feature\DataCollectionTest" classname="Hyde.Framework.Testing.Feature.DataCollectionTest" assertions="1" time="0.009524"/>
        <testcase name="test_json_collections" file="/home/runner/work/develop/develop/packages/framework/tests/Feature/DataCollectionTest.php" line="45" class="Hyde\Framework\Testing\Feature\DataCollectionTest" classname="Hyde.Framework.Testing.Feature.DataCollectionTest" assertions="1" time="0.008467"/>
        <testcase name="test_json_collections_as_arrays" file="/home/runner/work/develop/develop/packages/framework/tests/Feature/DataCollectionTest.php" line="57" class="Hyde\Framework\Testing\Feature\DataCollectionTest" classname="Hyde.Framework.Testing.Feature.DataCollectionTest" assertions="1" time="0.010834"/>
        <testcase name="test_find_markdown_files_method_returns_empty_array_if_the_specified_directory_does_not_exist" file="/home/runner/work/develop/develop/packages/framework/tests/Feature/DataCollectionTest.php" line="69" class="Hyde\Framework\Testing\Feature\DataCollectionTest" classname="Hyde.Framework.Testing.Feature.DataCollectionTest" assertions="2" time="0.008876"/>
        <testcase name="test_find_markdown_files_method_returns_empty_array_if_no_files_are_found_in_specified_directory" file="/home/runner/work/develop/develop/packages/framework/tests/Feature/DataCollectionTest.php" line="76" class="Hyde\Framework\Testing\Feature\DataCollectionTest" classname="Hyde.Framework.Testing.Feature.DataCollectionTest" assertions="2" time="0.009877"/>
        <testcase name="test_find_markdown_files_method_returns_an_array_of_markdown_files_in_the_specified_directory" file="/home/runner/work/develop/develop/packages/framework/tests/Feature/DataCollectionTest.php" line="85" class="Hyde\Framework\Testing\Feature\DataCollectionTest" classname="Hyde.Framework.Testing.Feature.DataCollectionTest" assertions="1" time="0.010142"/>
        <testcase name="test_find_markdown_files_method_does_not_include_files_in_subdirectories" file="/home/runner/work/develop/develop/packages/framework/tests/Feature/DataCollectionTest.php" line="97" class="Hyde\Framework\Testing\Feature\DataCollectionTest" classname="Hyde.Framework.Testing.Feature.DataCollectionTest" assertions="1" time="0.010662"/>
        <testcase name="test_find_markdown_files_method_does_not_include_files_with_extensions_other_than_md" file="/home/runner/work/develop/develop/packages/framework/tests/Feature/DataCollectionTest.php" line="109" class="Hyde\Framework\Testing\Feature\DataCollectionTest" classname="Hyde.Framework.Testing.Feature.DataCollectionTest" assertions="1" time="0.010277"/>
        <testcase name="test_find_markdown_files_method_does_not_remove_files_starting_with_an_underscore" file="/home/runner/work/develop/develop/packages/framework/tests/Feature/DataCollectionTest.php" line="120" class="Hyde\Framework\Testing\Feature\DataCollectionTest" classname="Hyde.Framework.Testing.Feature.DataCollectionTest" assertions="1" time="0.010144"/>
        <testcase name="test_static_markdown_helper_discovers_and_parses_markdown_files_in_the_specified_directory" file="/home/runner/work/develop/develop/packages/framework/tests/Feature/DataCollectionTest.php" line="130" class="Hyde\Framework\Testing\Feature\DataCollectionTest" classname="Hyde.Framework.Testing.Feature.DataCollectionTest" assertions="1" time="0.011350"/>
        <testcase name="test_static_markdown_helper_doest_not_ignore_files_starting_with_an_underscore" file="/home/runner/work/develop/develop/packages/framework/tests/Feature/DataCollectionTest.php" line="142" class="Hyde\Framework\Testing\Feature\DataCollectionTest" classname="Hyde.Framework.Testing.Feature.DataCollectionTest" assertions="1" time="0.011496"/>
        <testcase name="test_source_directory_can_be_changed" file="/home/runner/work/develop/develop/packages/framework/tests/Feature/DataCollectionTest.php" line="151" class="Hyde\Framework\Testing\Feature\DataCollectionTest" classname="Hyde.Framework.Testing.Feature.DataCollectionTest" assertions="1" time="0.010131"/>
        <testcase name="test_source_directory_is_automatically_added_if_missing" file="/home/runner/work/develop/develop/packages/framework/tests/Feature/DataCollectionTest.php" line="164" class="Hyde\Framework\Testing\Feature\DataCollectionTest" classname="Hyde.Framework.Testing.Feature.DataCollectionTest" assertions="2" time="0.009791"/>
        <testcase name="test_custom_source_directory_is_automatically_added_if_missing" file="/home/runner/work/develop/develop/packages/framework/tests/Feature/DataCollectionTest.php" line="175" class="Hyde\Framework\Testing\Feature\DataCollectionTest" classname="Hyde.Framework.Testing.Feature.DataCollectionTest" assertions="2" time="0.009573"/>
      </testsuite>
      <testsuite name="Hyde\Framework\Testing\Feature\DiscoveryServiceTest" file="/home/runner/work/develop/develop/packages/framework/tests/Feature/DiscoveryServiceTest.php" tests="18" assertions="38" errors="0" failures="0" skipped="0" time="0.116168">
        <testcase name="test_get_source_file_list_for_model_method_finds_default_model_properties" file="/home/runner/work/develop/develop/packages/framework/tests/Feature/DiscoveryServiceTest.php" line="53" class="Hyde\Framework\Testing\Feature\DiscoveryServiceTest" classname="Hyde.Framework.Testing.Feature.DiscoveryServiceTest" assertions="1" time="0.013900"/>
        <testcase name="test_get_source_file_list_for_model_method_finds_customized_source_directory" file="/home/runner/work/develop/develop/packages/framework/tests/Feature/DiscoveryServiceTest.php" line="59" class="Hyde\Framework\Testing\Feature\DiscoveryServiceTest" classname="Hyde.Framework.Testing.Feature.DiscoveryServiceTest" assertions="1" time="0.010208"/>
        <testcase name="test_get_source_file_list_for_model_method_finds_customized_file_extension" file="/home/runner/work/develop/develop/packages/framework/tests/Feature/DiscoveryServiceTest.php" line="69" class="Hyde\Framework\Testing\Feature\DiscoveryServiceTest" classname="Hyde.Framework.Testing.Feature.DiscoveryServiceTest" assertions="1" time="0.010668"/>
        <testcase name="test_get_media_asset_files" file="/home/runner/work/develop/develop/packages/framework/tests/Feature/DiscoveryServiceTest.php" line="82" class="Hyde\Framework\Testing\Feature\DiscoveryServiceTest" classname="Hyde.Framework.Testing.Feature.DiscoveryServiceTest" assertions="1" time="0.003316"/>
        <testcase name="test_get_media_asset_files_discovers_files" file="/home/runner/work/develop/develop/packages/framework/tests/Feature/DiscoveryServiceTest.php" line="87" class="Hyde\Framework\Testing\Feature\DiscoveryServiceTest" classname="Hyde.Framework.Testing.Feature.DiscoveryServiceTest" assertions="8" time="0.011104"/>
        <testcase name="test_get_media_asset_files_discovers_custom_file_types" file="/home/runner/work/develop/develop/packages/framework/tests/Feature/DiscoveryServiceTest.php" line="98" class="Hyde\Framework\Testing\Feature\DiscoveryServiceTest" classname="Hyde.Framework.Testing.Feature.DiscoveryServiceTest" assertions="2" time="0.004209"/>
        <testcase name="test_get_media_asset_files_discovers_files_recursively" file="/home/runner/work/develop/develop/packages/framework/tests/Feature/DiscoveryServiceTest.php" line="107" class="Hyde\Framework\Testing\Feature\DiscoveryServiceTest" classname="Hyde.Framework.Testing.Feature.DiscoveryServiceTest" assertions="1" time="0.004300"/>
        <testcase name="test_get_media_asset_files_discovers_files_very_recursively" file="/home/runner/work/develop/develop/packages/framework/tests/Feature/DiscoveryServiceTest.php" line="115" class="Hyde\Framework\Testing\Feature\DiscoveryServiceTest" classname="Hyde.Framework.Testing.Feature.DiscoveryServiceTest" assertions="1" time="0.004339"/>
        <testcase name="test_media_asset_extensions_can_be_added_by_comma_separated_values" file="/home/runner/work/develop/develop/packages/framework/tests/Feature/DiscoveryServiceTest.php" line="124" class="Hyde\Framework\Testing\Feature\DiscoveryServiceTest" classname="Hyde.Framework.Testing.Feature.DiscoveryServiceTest" assertions="2" time="0.004237"/>
        <testcase name="test_media_asset_extensions_can_be_added_by_array" file="/home/runner/work/develop/develop/packages/framework/tests/Feature/DiscoveryServiceTest.php" line="137" class="Hyde\Framework\Testing\Feature\DiscoveryServiceTest" classname="Hyde.Framework.Testing.Feature.DiscoveryServiceTest" assertions="2" time="0.004166"/>
        <testcase name="test_blade_page_files_starting_with_underscore_are_ignored" file="/home/runner/work/develop/develop/packages/framework/tests/Feature/DiscoveryServiceTest.php" line="149" class="Hyde\Framework\Testing\Feature\DiscoveryServiceTest" classname="Hyde.Framework.Testing.Feature.DiscoveryServiceTest" assertions="1" time="0.008887"/>
        <testcase name="test_markdown_page_files_starting_with_underscore_are_ignored" file="/home/runner/work/develop/develop/packages/framework/tests/Feature/DiscoveryServiceTest.php" line="155" class="Hyde\Framework\Testing\Feature\DiscoveryServiceTest" classname="Hyde.Framework.Testing.Feature.DiscoveryServiceTest" assertions="1" time="0.008276"/>
        <testcase name="test_post_files_starting_with_underscore_are_ignored" file="/home/runner/work/develop/develop/packages/framework/tests/Feature/DiscoveryServiceTest.php" line="161" class="Hyde\Framework\Testing\Feature\DiscoveryServiceTest" classname="Hyde.Framework.Testing.Feature.DiscoveryServiceTest" assertions="1" time="0.008117"/>
        <testcase name="test_documentation_page_files_starting_with_underscore_are_ignored" file="/home/runner/work/develop/develop/packages/framework/tests/Feature/DiscoveryServiceTest.php" line="167" class="Hyde\Framework\Testing\Feature\DiscoveryServiceTest" classname="Hyde.Framework.Testing.Feature.DiscoveryServiceTest" assertions="1" time="0.008173"/>
        <testcase name="test_blade_page_path_to_identifier_helper_formats_path_to_identifier" file="/home/runner/work/develop/develop/packages/framework/tests/Feature/DiscoveryServiceTest.php" line="173" class="Hyde\Framework\Testing\Feature\DiscoveryServiceTest" classname="Hyde.Framework.Testing.Feature.DiscoveryServiceTest" assertions="5" time="0.003355"/>
        <testcase name="test_markdown_page_path_to_identifier_helper_formats_path_to_identifier" file="/home/runner/work/develop/develop/packages/framework/tests/Feature/DiscoveryServiceTest.php" line="183" class="Hyde\Framework\Testing\Feature\DiscoveryServiceTest" classname="Hyde.Framework.Testing.Feature.DiscoveryServiceTest" assertions="3" time="0.002982"/>
        <testcase name="test_markdown_post_path_to_identifier_helper_formats_path_to_identifier" file="/home/runner/work/develop/develop/packages/framework/tests/Feature/DiscoveryServiceTest.php" line="190" class="Hyde\Framework\Testing\Feature\DiscoveryServiceTest" classname="Hyde.Framework.Testing.Feature.DiscoveryServiceTest" assertions="3" time="0.002973"/>
        <testcase name="test_documentation_page_path_to_identifier_helper_formats_path_to_identifier" file="/home/runner/work/develop/develop/packages/framework/tests/Feature/DiscoveryServiceTest.php" line="197" class="Hyde\Framework\Testing\Feature\DiscoveryServiceTest" classname="Hyde.Framework.Testing.Feature.DiscoveryServiceTest" assertions="3" time="0.002958"/>
      </testsuite>
      <testsuite name="Hyde\Framework\Testing\Feature\DocumentationSearchPageTest" file="/home/runner/work/develop/develop/packages/framework/tests/Feature/DocumentationSearchPageTest.php" tests="9" assertions="9" errors="0" failures="0" skipped="0" time="0.091992">
        <testcase name="testCanCreateDocumentationSearchPageInstance" file="/home/runner/work/develop/develop/packages/framework/tests/Feature/DocumentationSearchPageTest.php" line="20" class="Hyde\Framework\Testing\Feature\DocumentationSearchPageTest" classname="Hyde.Framework.Testing.Feature.DocumentationSearchPageTest" assertions="1" time="0.008991"/>
        <testcase name="testRouteKeyIsSetToDocumentationOutputDirectory" file="/home/runner/work/develop/develop/packages/framework/tests/Feature/DocumentationSearchPageTest.php" line="25" class="Hyde\Framework\Testing\Feature\DocumentationSearchPageTest" classname="Hyde.Framework.Testing.Feature.DocumentationSearchPageTest" assertions="1" time="0.008936"/>
        <testcase name="testRouteKeyIsSetToConfiguredDocumentationOutputDirectory" file="/home/runner/work/develop/develop/packages/framework/tests/Feature/DocumentationSearchPageTest.php" line="31" class="Hyde\Framework\Testing\Feature\DocumentationSearchPageTest" classname="Hyde.Framework.Testing.Feature.DocumentationSearchPageTest" assertions="1" time="0.009277"/>
        <testcase name="testEnabledDefaultsToTrue" file="/home/runner/work/develop/develop/packages/framework/tests/Feature/DocumentationSearchPageTest.php" line="39" class="Hyde\Framework\Testing\Feature\DocumentationSearchPageTest" classname="Hyde.Framework.Testing.Feature.DocumentationSearchPageTest" assertions="1" time="0.013641"/>
        <testcase name="testEnabledIsFalseWhenDisabled" file="/home/runner/work/develop/develop/packages/framework/tests/Feature/DocumentationSearchPageTest.php" line="44" class="Hyde\Framework\Testing\Feature\DocumentationSearchPageTest" classname="Hyde.Framework.Testing.Feature.DocumentationSearchPageTest" assertions="1" time="0.007420"/>
        <testcase name="testEnabledIsFalseWhenRouteExists" file="/home/runner/work/develop/develop/packages/framework/tests/Feature/DocumentationSearchPageTest.php" line="50" class="Hyde\Framework\Testing\Feature\DocumentationSearchPageTest" classname="Hyde.Framework.Testing.Feature.DocumentationSearchPageTest" assertions="1" time="0.014557"/>
        <testcase name="testEnabledIsFalseWhenDisabledAndRouteExists" file="/home/runner/work/develop/develop/packages/framework/tests/Feature/DocumentationSearchPageTest.php" line="56" class="Hyde\Framework\Testing\Feature\DocumentationSearchPageTest" classname="Hyde.Framework.Testing.Feature.DocumentationSearchPageTest" assertions="1" time="0.014363"/>
        <testcase name="testStaticRouteKeyHelper" file="/home/runner/work/develop/develop/packages/framework/tests/Feature/DocumentationSearchPageTest.php" line="63" class="Hyde\Framework\Testing\Feature\DocumentationSearchPageTest" classname="Hyde.Framework.Testing.Feature.DocumentationSearchPageTest" assertions="1" time="0.007410"/>
        <testcase name="testStaticRouteKeyHelperWithCustomOutputDirectory" file="/home/runner/work/develop/develop/packages/framework/tests/Feature/DocumentationSearchPageTest.php" line="68" class="Hyde\Framework\Testing\Feature\DocumentationSearchPageTest" classname="Hyde.Framework.Testing.Feature.DocumentationSearchPageTest" assertions="1" time="0.007398"/>
      </testsuite>
      <testsuite name="Hyde\Framework\Testing\Feature\FeaturedImageFactoryTest" file="/home/runner/work/develop/develop/packages/framework/tests/Feature/FeaturedImageFactoryTest.php" tests="8" assertions="27" errors="0" failures="0" skipped="0" time="0.088347">
        <testcase name="testWithDataFromSchema" file="/home/runner/work/develop/develop/packages/framework/tests/Feature/FeaturedImageFactoryTest.php" line="19" class="Hyde\Framework\Testing\Feature\FeaturedImageFactoryTest" classname="Hyde.Framework.Testing.Feature.FeaturedImageFactoryTest" assertions="1" time="0.025705"/>
        <testcase name="testMakeMethodCreatesImageWhenPathIsSet" file="/home/runner/work/develop/develop/packages/framework/tests/Feature/FeaturedImageFactoryTest.php" line="48" class="Hyde\Framework\Testing\Feature\FeaturedImageFactoryTest" classname="Hyde.Framework.Testing.Feature.FeaturedImageFactoryTest" assertions="2" time="0.007784"/>
        <testcase name="testMakeMethodThrowsExceptionIfNoPathInformationIsSet" file="/home/runner/work/develop/develop/packages/framework/tests/Feature/FeaturedImageFactoryTest.php" line="58" class="Hyde\Framework\Testing\Feature\FeaturedImageFactoryTest" classname="Hyde.Framework.Testing.Feature.FeaturedImageFactoryTest" assertions="2" time="0.007503"/>
        <testcase name="testMakeMethodCanCreateImageFromJustString" file="/home/runner/work/develop/develop/packages/framework/tests/Feature/FeaturedImageFactoryTest.php" line="66" class="Hyde\Framework\Testing\Feature\FeaturedImageFactoryTest" classname="Hyde.Framework.Testing.Feature.FeaturedImageFactoryTest" assertions="2" time="0.007905"/>
        <testcase name="testMakeMethodCanCreateImageFromJustStringWithUrl" file="/home/runner/work/develop/develop/packages/framework/tests/Feature/FeaturedImageFactoryTest.php" line="76" class="Hyde\Framework\Testing\Feature\FeaturedImageFactoryTest" classname="Hyde.Framework.Testing.Feature.FeaturedImageFactoryTest" assertions="2" time="0.007705"/>
        <testcase name="testImagePathsAreNormalized" file="/home/runner/work/develop/develop/packages/framework/tests/Feature/FeaturedImageFactoryTest.php" line="86" class="Hyde\Framework\Testing\Feature\FeaturedImageFactoryTest" classname="Hyde.Framework.Testing.Feature.FeaturedImageFactoryTest" assertions="6" time="0.010159"/>
        <testcase name="testImagePathsAreNormalizedForCustomizedMediaDirectory" file="/home/runner/work/develop/develop/packages/framework/tests/Feature/FeaturedImageFactoryTest.php" line="97" class="Hyde\Framework\Testing\Feature\FeaturedImageFactoryTest" classname="Hyde.Framework.Testing.Feature.FeaturedImageFactoryTest" assertions="6" time="0.010946"/>
        <testcase name="testImagePathsAreNormalizedForCustomizedMediaDirectoryWithoutUnderscore" file="/home/runner/work/develop/develop/packages/framework/tests/Feature/FeaturedImageFactoryTest.php" line="110" class="Hyde\Framework\Testing\Feature\FeaturedImageFactoryTest" classname="Hyde.Framework.Testing.Feature.FeaturedImageFactoryTest" assertions="6" time="0.010640"/>
      </testsuite>
      <testsuite name="Hyde\Framework\Testing\Feature\FeaturedImageTest" file="/home/runner/work/develop/develop/packages/framework/tests/Feature/FeaturedImageTest.php" tests="7" assertions="19" errors="0" failures="0" skipped="0" time="0.082505">
        <testcase name="testGetMetadataArray" file="/home/runner/work/develop/develop/packages/framework/tests/Feature/FeaturedImageTest.php" line="20" class="Hyde\Framework\Testing\Feature\FeaturedImageTest" classname="Hyde.Framework.Testing.Feature.FeaturedImageTest" assertions="4" time="0.009113"/>
        <testcase name="testCanConstructFeaturedImage" file="/home/runner/work/develop/develop/packages/framework/tests/Feature/FeaturedImageTest.php" line="45" class="Hyde\Framework\Testing\Feature\FeaturedImageTest" classname="Hyde.Framework.Testing.Feature.FeaturedImageTest" assertions="2" time="0.008243"/>
        <testcase name="testFeaturedImageGetContentLength" file="/home/runner/work/develop/develop/packages/framework/tests/Feature/FeaturedImageTest.php" line="53" class="Hyde\Framework\Testing\Feature\FeaturedImageTest" classname="Hyde.Framework.Testing.Feature.FeaturedImageTest" assertions="1" time="0.008823"/>
        <testcase name="testFeaturedImageGetContentLengthWithRemoteSource" file="/home/runner/work/develop/develop/packages/framework/tests/Feature/FeaturedImageTest.php" line="61" class="Hyde\Framework\Testing\Feature\FeaturedImageTest" classname="Hyde.Framework.Testing.Feature.FeaturedImageTest" assertions="1" time="0.024137"/>
        <testcase name="testFeaturedImageGetContentLengthWithRemoteSourceAndNotFoundResponse" file="/home/runner/work/develop/develop/packages/framework/tests/Feature/FeaturedImageTest.php" line="73" class="Hyde\Framework\Testing\Feature\FeaturedImageTest" classname="Hyde.Framework.Testing.Feature.FeaturedImageTest" assertions="1" time="0.012452"/>
        <testcase name="testFeaturedImageGetContentLengthWithRemoteSourceAndInvalidResponse" file="/home/runner/work/develop/develop/packages/framework/tests/Feature/FeaturedImageTest.php" line="83" class="Hyde\Framework\Testing\Feature\FeaturedImageTest" classname="Hyde.Framework.Testing.Feature.FeaturedImageTest" assertions="1" time="0.008930"/>
        <testcase name="testGetSourceMethod" file="/home/runner/work/develop/develop/packages/framework/tests/Feature/FeaturedImageTest.php" line="95" class="Hyde\Framework\Testing\Feature\FeaturedImageTest" classname="Hyde.Framework.Testing.Feature.FeaturedImageTest" assertions="9" time="0.010807"/>
      </testsuite>
      <testsuite name="Hyde\Framework\Testing\Feature\FileCollectionTest" file="/home/runner/work/develop/develop/packages/framework/tests/Feature/FileCollectionTest.php" tests="9" assertions="16" errors="0" failures="0" skipped="0" time="0.108970">
        <testcase name="test_boot_method_creates_new_page_collection_and_discovers_pages_automatically" file="/home/runner/work/develop/develop/packages/framework/tests/Feature/FileCollectionTest.php" line="26" class="Hyde\Framework\Testing\Feature\FileCollectionTest" classname="Hyde.Framework.Testing.Feature.FileCollectionTest" assertions="3" time="0.010202"/>
        <testcase name="test_get_file_returns_parsed_file_object_for_given_file_path" file="/home/runner/work/develop/develop/packages/framework/tests/Feature/FileCollectionTest.php" line="38" class="Hyde\Framework\Testing\Feature\FileCollectionTest" classname="Hyde.Framework.Testing.Feature.FileCollectionTest" assertions="1" time="0.016052"/>
        <testcase name="test_get_file_throws_exception_when_file_is_not_found" file="/home/runner/work/develop/develop/packages/framework/tests/Feature/FileCollectionTest.php" line="45" class="Hyde\Framework\Testing\Feature\FileCollectionTest" classname="Hyde.Framework.Testing.Feature.FileCollectionTest" assertions="2" time="0.014502"/>
        <testcase name="test_get_source_files_returns_all_discovered_source_files_when_no_parameter_is_supplied" file="/home/runner/work/develop/develop/packages/framework/tests/Feature/FileCollectionTest.php" line="53" class="Hyde\Framework\Testing\Feature\FileCollectionTest" classname="Hyde.Framework.Testing.Feature.FileCollectionTest" assertions="1" time="0.014413"/>
        <testcase name="test_get_source_files_does_not_include_non_page_source_files" file="/home/runner/work/develop/develop/packages/framework/tests/Feature/FileCollectionTest.php" line="61" class="Hyde\Framework\Testing\Feature\FileCollectionTest" classname="Hyde.Framework.Testing.Feature.FileCollectionTest" assertions="1" time="0.011298"/>
        <testcase name="test_blade_pages_are_discovered" file="/home/runner/work/develop/develop/packages/framework/tests/Feature/FileCollectionTest.php" line="71" class="Hyde\Framework\Testing\Feature\FileCollectionTest" classname="Hyde.Framework.Testing.Feature.FileCollectionTest" assertions="2" time="0.010453"/>
        <testcase name="test_markdown_pages_are_discovered" file="/home/runner/work/develop/develop/packages/framework/tests/Feature/FileCollectionTest.php" line="80" class="Hyde\Framework\Testing\Feature\FileCollectionTest" classname="Hyde.Framework.Testing.Feature.FileCollectionTest" assertions="2" time="0.010478"/>
        <testcase name="test_markdown_posts_are_discovered" file="/home/runner/work/develop/develop/packages/framework/tests/Feature/FileCollectionTest.php" line="89" class="Hyde\Framework\Testing\Feature\FileCollectionTest" classname="Hyde.Framework.Testing.Feature.FileCollectionTest" assertions="2" time="0.010924"/>
        <testcase name="test_documentation_pages_are_discovered" file="/home/runner/work/develop/develop/packages/framework/tests/Feature/FileCollectionTest.php" line="98" class="Hyde\Framework\Testing\Feature\FileCollectionTest" classname="Hyde.Framework.Testing.Feature.FileCollectionTest" assertions="2" time="0.010647"/>
      </testsuite>
      <testsuite name="Hyde\Framework\Testing\Feature\FilesystemFacadeTest" file="/home/runner/work/develop/develop/packages/framework/tests/Feature/FilesystemFacadeTest.php" tests="59" assertions="66" errors="0" failures="0" skipped="0" time="0.544783">
        <testcase name="testBasePath" file="/home/runner/work/develop/develop/packages/framework/tests/Feature/FilesystemFacadeTest.php" line="21" class="Hyde\Framework\Testing\Feature\FilesystemFacadeTest" classname="Hyde.Framework.Testing.Feature.FilesystemFacadeTest" assertions="1" time="0.009170"/>
        <testcase name="testAbsolutePath" file="/home/runner/work/develop/develop/packages/framework/tests/Feature/FilesystemFacadeTest.php" line="26" class="Hyde\Framework\Testing\Feature\FilesystemFacadeTest" classname="Hyde.Framework.Testing.Feature.FilesystemFacadeTest" assertions="2" time="0.008440"/>
        <testcase name="testRelativePath" file="/home/runner/work/develop/develop/packages/framework/tests/Feature/FilesystemFacadeTest.php" line="32" class="Hyde\Framework\Testing\Feature\FilesystemFacadeTest" classname="Hyde.Framework.Testing.Feature.FilesystemFacadeTest" assertions="3" time="0.008413"/>
        <testcase name="testSmartGlob" file="/home/runner/work/develop/develop/packages/framework/tests/Feature/FilesystemFacadeTest.php" line="39" class="Hyde\Framework\Testing\Feature\FilesystemFacadeTest" classname="Hyde.Framework.Testing.Feature.FilesystemFacadeTest" assertions="2" time="0.016388"/>
        <testcase name="testTouch" file="/home/runner/work/develop/develop/packages/framework/tests/Feature/FilesystemFacadeTest.php" line="53" class="Hyde\Framework\Testing\Feature\FilesystemFacadeTest" classname="Hyde.Framework.Testing.Feature.FilesystemFacadeTest" assertions="1" time="0.008114"/>
        <testcase name="testUnlink" file="/home/runner/work/develop/develop/packages/framework/tests/Feature/FilesystemFacadeTest.php" line="61" class="Hyde\Framework\Testing\Feature\FilesystemFacadeTest" classname="Hyde.Framework.Testing.Feature.FilesystemFacadeTest" assertions="1" time="0.008685"/>
        <testcase name="testUnlinkIfExists" file="/home/runner/work/develop/develop/packages/framework/tests/Feature/FilesystemFacadeTest.php" line="69" class="Hyde\Framework\Testing\Feature\FilesystemFacadeTest" classname="Hyde.Framework.Testing.Feature.FilesystemFacadeTest" assertions="1" time="0.008275"/>
        <testcase name="testGetContents" file="/home/runner/work/develop/develop/packages/framework/tests/Feature/FilesystemFacadeTest.php" line="77" class="Hyde\Framework\Testing\Feature\FilesystemFacadeTest" classname="Hyde.Framework.Testing.Feature.FilesystemFacadeTest" assertions="1" time="0.008627"/>
        <testcase name="testPutContents" file="/home/runner/work/develop/develop/packages/framework/tests/Feature/FilesystemFacadeTest.php" line="84" class="Hyde\Framework\Testing\Feature\FilesystemFacadeTest" classname="Hyde.Framework.Testing.Feature.FilesystemFacadeTest" assertions="1" time="0.008960"/>
        <testcase name="testExists" file="/home/runner/work/develop/develop/packages/framework/tests/Feature/FilesystemFacadeTest.php" line="91" class="Hyde\Framework\Testing\Feature\FilesystemFacadeTest" classname="Hyde.Framework.Testing.Feature.FilesystemFacadeTest" assertions="1" time="0.009442"/>
        <testcase name="testMissing" file="/home/runner/work/develop/develop/packages/framework/tests/Feature/FilesystemFacadeTest.php" line="98" class="Hyde\Framework\Testing\Feature\FilesystemFacadeTest" classname="Hyde.Framework.Testing.Feature.FilesystemFacadeTest" assertions="1" time="0.009083"/>
        <testcase name="testGet" file="/home/runner/work/develop/develop/packages/framework/tests/Feature/FilesystemFacadeTest.php" line="105" class="Hyde\Framework\Testing\Feature\FilesystemFacadeTest" classname="Hyde.Framework.Testing.Feature.FilesystemFacadeTest" assertions="1" time="0.008645"/>
        <testcase name="testSharedGet" file="/home/runner/work/develop/develop/packages/framework/tests/Feature/FilesystemFacadeTest.php" line="112" class="Hyde\Framework\Testing\Feature\FilesystemFacadeTest" classname="Hyde.Framework.Testing.Feature.FilesystemFacadeTest" assertions="1" time="0.008955"/>
        <testcase name="testGetRequire" file="/home/runner/work/develop/develop/packages/framework/tests/Feature/FilesystemFacadeTest.php" line="119" class="Hyde\Framework\Testing\Feature\FilesystemFacadeTest" classname="Hyde.Framework.Testing.Feature.FilesystemFacadeTest" assertions="1" time="0.009238"/>
        <testcase name="testRequireOnce" file="/home/runner/work/develop/develop/packages/framework/tests/Feature/FilesystemFacadeTest.php" line="126" class="Hyde\Framework\Testing\Feature\FilesystemFacadeTest" classname="Hyde.Framework.Testing.Feature.FilesystemFacadeTest" assertions="1" time="0.009198"/>
        <testcase name="testLines" file="/home/runner/work/develop/develop/packages/framework/tests/Feature/FilesystemFacadeTest.php" line="133" class="Hyde\Framework\Testing\Feature\FilesystemFacadeTest" classname="Hyde.Framework.Testing.Feature.FilesystemFacadeTest" assertions="1" time="0.012522"/>
        <testcase name="testHash" file="/home/runner/work/develop/develop/packages/framework/tests/Feature/FilesystemFacadeTest.php" line="140" class="Hyde\Framework\Testing\Feature\FilesystemFacadeTest" classname="Hyde.Framework.Testing.Feature.FilesystemFacadeTest" assertions="1" time="0.010474"/>
        <testcase name="testPut" file="/home/runner/work/develop/develop/packages/framework/tests/Feature/FilesystemFacadeTest.php" line="147" class="Hyde\Framework\Testing\Feature\FilesystemFacadeTest" classname="Hyde.Framework.Testing.Feature.FilesystemFacadeTest" assertions="1" time="0.009397"/>
        <testcase name="testReplace" file="/home/runner/work/develop/develop/packages/framework/tests/Feature/FilesystemFacadeTest.php" line="154" class="Hyde\Framework\Testing\Feature\FilesystemFacadeTest" classname="Hyde.Framework.Testing.Feature.FilesystemFacadeTest" assertions="1" time="0.009216"/>
        <testcase name="testReplaceInFile" file="/home/runner/work/develop/develop/packages/framework/tests/Feature/FilesystemFacadeTest.php" line="161" class="Hyde\Framework\Testing\Feature\FilesystemFacadeTest" classname="Hyde.Framework.Testing.Feature.FilesystemFacadeTest" assertions="1" time="0.009219"/>
        <testcase name="testPrepend" file="/home/runner/work/develop/develop/packages/framework/tests/Feature/FilesystemFacadeTest.php" line="168" class="Hyde\Framework\Testing\Feature\FilesystemFacadeTest" classname="Hyde.Framework.Testing.Feature.FilesystemFacadeTest" assertions="1" time="0.008984"/>
        <testcase name="testAppend" file="/home/runner/work/develop/develop/packages/framework/tests/Feature/FilesystemFacadeTest.php" line="175" class="Hyde\Framework\Testing\Feature\FilesystemFacadeTest" classname="Hyde.Framework.Testing.Feature.FilesystemFacadeTest" assertions="1" time="0.008742"/>
        <testcase name="testChmod" file="/home/runner/work/develop/develop/packages/framework/tests/Feature/FilesystemFacadeTest.php" line="182" class="Hyde\Framework\Testing\Feature\FilesystemFacadeTest" classname="Hyde.Framework.Testing.Feature.FilesystemFacadeTest" assertions="1" time="0.008855"/>
        <testcase name="testDelete" file="/home/runner/work/develop/develop/packages/framework/tests/Feature/FilesystemFacadeTest.php" line="189" class="Hyde\Framework\Testing\Feature\FilesystemFacadeTest" classname="Hyde.Framework.Testing.Feature.FilesystemFacadeTest" assertions="1" time="0.009162"/>
        <testcase name="testDeleteWithArray" file="/home/runner/work/develop/develop/packages/framework/tests/Feature/FilesystemFacadeTest.php" line="196" class="Hyde\Framework\Testing\Feature\FilesystemFacadeTest" classname="Hyde.Framework.Testing.Feature.FilesystemFacadeTest" assertions="1" time="0.009431"/>
        <testcase name="testMove" file="/home/runner/work/develop/develop/packages/framework/tests/Feature/FilesystemFacadeTest.php" line="203" class="Hyde\Framework\Testing\Feature\FilesystemFacadeTest" classname="Hyde.Framework.Testing.Feature.FilesystemFacadeTest" assertions="1" time="0.009456"/>
        <testcase name="testCopy" file="/home/runner/work/develop/develop/packages/framework/tests/Feature/FilesystemFacadeTest.php" line="210" class="Hyde\Framework\Testing\Feature\FilesystemFacadeTest" classname="Hyde.Framework.Testing.Feature.FilesystemFacadeTest" assertions="1" time="0.008661"/>
        <testcase name="testLink" file="/home/runner/work/develop/develop/packages/framework/tests/Feature/FilesystemFacadeTest.php" line="217" class="Hyde\Framework\Testing\Feature\FilesystemFacadeTest" classname="Hyde.Framework.Testing.Feature.FilesystemFacadeTest" assertions="1" time="0.009282"/>
        <testcase name="testRelativeLink" file="/home/runner/work/develop/develop/packages/framework/tests/Feature/FilesystemFacadeTest.php" line="224" class="Hyde\Framework\Testing\Feature\FilesystemFacadeTest" classname="Hyde.Framework.Testing.Feature.FilesystemFacadeTest" assertions="1" time="0.009502"/>
        <testcase name="testName" file="/home/runner/work/develop/develop/packages/framework/tests/Feature/FilesystemFacadeTest.php" line="231" class="Hyde\Framework\Testing\Feature\FilesystemFacadeTest" classname="Hyde.Framework.Testing.Feature.FilesystemFacadeTest" assertions="1" time="0.009251"/>
        <testcase name="testBasename" file="/home/runner/work/develop/develop/packages/framework/tests/Feature/FilesystemFacadeTest.php" line="238" class="Hyde\Framework\Testing\Feature\FilesystemFacadeTest" classname="Hyde.Framework.Testing.Feature.FilesystemFacadeTest" assertions="1" time="0.009680"/>
        <testcase name="testDirname" file="/home/runner/work/develop/develop/packages/framework/tests/Feature/FilesystemFacadeTest.php" line="245" class="Hyde\Framework\Testing\Feature\FilesystemFacadeTest" classname="Hyde.Framework.Testing.Feature.FilesystemFacadeTest" assertions="1" time="0.009035"/>
        <testcase name="testExtension" file="/home/runner/work/develop/develop/packages/framework/tests/Feature/FilesystemFacadeTest.php" line="252" class="Hyde\Framework\Testing\Feature\FilesystemFacadeTest" classname="Hyde.Framework.Testing.Feature.FilesystemFacadeTest" assertions="1" time="0.008927"/>
        <testcase name="testGuessExtension" file="/home/runner/work/develop/develop/packages/framework/tests/Feature/FilesystemFacadeTest.php" line="259" class="Hyde\Framework\Testing\Feature\FilesystemFacadeTest" classname="Hyde.Framework.Testing.Feature.FilesystemFacadeTest" assertions="1" time="0.008417"/>
        <testcase name="testType" file="/home/runner/work/develop/develop/packages/framework/tests/Feature/FilesystemFacadeTest.php" line="266" class="Hyde\Framework\Testing\Feature\FilesystemFacadeTest" classname="Hyde.Framework.Testing.Feature.FilesystemFacadeTest" assertions="1" time="0.008945"/>
        <testcase name="testMimeType" file="/home/runner/work/develop/develop/packages/framework/tests/Feature/FilesystemFacadeTest.php" line="273" class="Hyde\Framework\Testing\Feature\FilesystemFacadeTest" classname="Hyde.Framework.Testing.Feature.FilesystemFacadeTest" assertions="1" time="0.008848"/>
        <testcase name="testSize" file="/home/runner/work/develop/develop/packages/framework/tests/Feature/FilesystemFacadeTest.php" line="280" class="Hyde\Framework\Testing\Feature\FilesystemFacadeTest" classname="Hyde.Framework.Testing.Feature.FilesystemFacadeTest" assertions="1" time="0.009126"/>
        <testcase name="testLastModified" file="/home/runner/work/develop/develop/packages/framework/tests/Feature/FilesystemFacadeTest.php" line="287" class="Hyde\Framework\Testing\Feature\FilesystemFacadeTest" classname="Hyde.Framework.Testing.Feature.FilesystemFacadeTest" assertions="1" time="0.009217"/>
        <testcase name="testIsDirectory" file="/home/runner/work/develop/develop/packages/framework/tests/Feature/FilesystemFacadeTest.php" line="294" class="Hyde\Framework\Testing\Feature\FilesystemFacadeTest" classname="Hyde.Framework.Testing.Feature.FilesystemFacadeTest" assertions="1" time="0.008844"/>
        <testcase name="testIsEmptyDirectory" file="/home/runner/work/develop/develop/packages/framework/tests/Feature/FilesystemFacadeTest.php" line="301" class="Hyde\Framework\Testing\Feature\FilesystemFacadeTest" classname="Hyde.Framework.Testing.Feature.FilesystemFacadeTest" assertions="1" time="0.008426"/>
        <testcase name="testIsReadable" file="/home/runner/work/develop/develop/packages/framework/tests/Feature/FilesystemFacadeTest.php" line="308" class="Hyde\Framework\Testing\Feature\FilesystemFacadeTest" classname="Hyde.Framework.Testing.Feature.FilesystemFacadeTest" assertions="1" time="0.008985"/>
        <testcase name="testIsWritable" file="/home/runner/work/develop/develop/packages/framework/tests/Feature/FilesystemFacadeTest.php" line="315" class="Hyde\Framework\Testing\Feature\FilesystemFacadeTest" classname="Hyde.Framework.Testing.Feature.FilesystemFacadeTest" assertions="1" time="0.009110"/>
        <testcase name="testHasSameHash" file="/home/runner/work/develop/develop/packages/framework/tests/Feature/FilesystemFacadeTest.php" line="322" class="Hyde\Framework\Testing\Feature\FilesystemFacadeTest" classname="Hyde.Framework.Testing.Feature.FilesystemFacadeTest" assertions="1" time="0.009590"/>
        <testcase name="testIsFile" file="/home/runner/work/develop/develop/packages/framework/tests/Feature/FilesystemFacadeTest.php" line="329" class="Hyde\Framework\Testing\Feature\FilesystemFacadeTest" classname="Hyde.Framework.Testing.Feature.FilesystemFacadeTest" assertions="1" time="0.009462"/>
        <testcase name="testGlob" file="/home/runner/work/develop/develop/packages/framework/tests/Feature/FilesystemFacadeTest.php" line="336" class="Hyde\Framework\Testing\Feature\FilesystemFacadeTest" classname="Hyde.Framework.Testing.Feature.FilesystemFacadeTest" assertions="1" time="0.008864"/>
        <testcase name="testFiles" file="/home/runner/work/develop/develop/packages/framework/tests/Feature/FilesystemFacadeTest.php" line="343" class="Hyde\Framework\Testing\Feature\FilesystemFacadeTest" classname="Hyde.Framework.Testing.Feature.FilesystemFacadeTest" assertions="1" time="0.009507"/>
        <testcase name="testAllFiles" file="/home/runner/work/develop/develop/packages/framework/tests/Feature/FilesystemFacadeTest.php" line="350" class="Hyde\Framework\Testing\Feature\FilesystemFacadeTest" classname="Hyde.Framework.Testing.Feature.FilesystemFacadeTest" assertions="1" time="0.009515"/>
        <testcase name="testDirectories" file="/home/runner/work/develop/develop/packages/framework/tests/Feature/FilesystemFacadeTest.php" line="357" class="Hyde\Framework\Testing\Feature\FilesystemFacadeTest" classname="Hyde.Framework.Testing.Feature.FilesystemFacadeTest" assertions="1" time="0.009321"/>
        <testcase name="testEnsureDirectoryExists" file="/home/runner/work/develop/develop/packages/framework/tests/Feature/FilesystemFacadeTest.php" line="364" class="Hyde\Framework\Testing\Feature\FilesystemFacadeTest" classname="Hyde.Framework.Testing.Feature.FilesystemFacadeTest" assertions="1" time="0.008951"/>
        <testcase name="testMakeDirectory" file="/home/runner/work/develop/develop/packages/framework/tests/Feature/FilesystemFacadeTest.php" line="371" class="Hyde\Framework\Testing\Feature\FilesystemFacadeTest" classname="Hyde.Framework.Testing.Feature.FilesystemFacadeTest" assertions="1" time="0.009075"/>
        <testcase name="testMoveDirectory" file="/home/runner/work/develop/develop/packages/framework/tests/Feature/FilesystemFacadeTest.php" line="378" class="Hyde\Framework\Testing\Feature\FilesystemFacadeTest" classname="Hyde.Framework.Testing.Feature.FilesystemFacadeTest" assertions="1" time="0.009198"/>
        <testcase name="testCopyDirectory" file="/home/runner/work/develop/develop/packages/framework/tests/Feature/FilesystemFacadeTest.php" line="385" class="Hyde\Framework\Testing\Feature\FilesystemFacadeTest" classname="Hyde.Framework.Testing.Feature.FilesystemFacadeTest" assertions="1" time="0.009004"/>
        <testcase name="testDeleteDirectory" file="/home/runner/work/develop/develop/packages/framework/tests/Feature/FilesystemFacadeTest.php" line="392" class="Hyde\Framework\Testing\Feature\FilesystemFacadeTest" classname="Hyde.Framework.Testing.Feature.FilesystemFacadeTest" assertions="1" time="0.008750"/>
        <testcase name="testDeleteDirectories" file="/home/runner/work/develop/develop/packages/framework/tests/Feature/FilesystemFacadeTest.php" line="399" class="Hyde\Framework\Testing\Feature\FilesystemFacadeTest" classname="Hyde.Framework.Testing.Feature.FilesystemFacadeTest" assertions="1" time="0.008653"/>
        <testcase name="testCleanDirectory" file="/home/runner/work/develop/develop/packages/framework/tests/Feature/FilesystemFacadeTest.php" line="406" class="Hyde\Framework\Testing\Feature\FilesystemFacadeTest" classname="Hyde.Framework.Testing.Feature.FilesystemFacadeTest" assertions="1" time="0.008822"/>
        <testcase name="test_method_without_mocking" file="/home/runner/work/develop/develop/packages/framework/tests/Feature/FilesystemFacadeTest.php" line="413" class="Hyde\Framework\Testing\Feature\FilesystemFacadeTest" classname="Hyde.Framework.Testing.Feature.FilesystemFacadeTest" assertions="2" time="0.008867"/>
        <testcase name="test_method_with_named_arguments" file="/home/runner/work/develop/develop/packages/framework/tests/Feature/FilesystemFacadeTest.php" line="421" class="Hyde\Framework\Testing\Feature\FilesystemFacadeTest" classname="Hyde.Framework.Testing.Feature.FilesystemFacadeTest" assertions="2" time="0.009352"/>
        <testcase name="test_method_with_mixed_sequential_and_named_arguments" file="/home/runner/work/develop/develop/packages/framework/tests/Feature/FilesystemFacadeTest.php" line="429" class="Hyde\Framework\Testing\Feature\FilesystemFacadeTest" classname="Hyde.Framework.Testing.Feature.FilesystemFacadeTest" assertions="2" time="0.009279"/>
        <testcase name="test_method_with_mixed_sequential_and_named_arguments_skipping_middle_one" file="/home/runner/work/develop/develop/packages/framework/tests/Feature/FilesystemFacadeTest.php" line="437" class="Hyde\Framework\Testing\Feature\FilesystemFacadeTest" classname="Hyde.Framework.Testing.Feature.FilesystemFacadeTest" assertions="1" time="0.009229"/>
      </testsuite>
      <testsuite name="Hyde\Framework\Testing\Feature\Foundation\FilesystemTest" file="/home/runner/work/develop/develop/packages/framework/tests/Feature/Foundation/FilesystemTest.php" tests="50" assertions="83" errors="0" failures="0" skipped="0" time="0.180034">
        <testcase name="testGetBasePathReturnsKernelsBasePath" file="/home/runner/work/develop/develop/packages/framework/tests/Feature/Foundation/FilesystemTest.php" line="50" class="Hyde\Framework\Testing\Feature\Foundation\FilesystemTest" classname="Hyde.Framework.Testing.Feature.Foundation.FilesystemTest" assertions="1" time="0.005402"/>
        <testcase name="testPathMethodExists" file="/home/runner/work/develop/develop/packages/framework/tests/Feature/Foundation/FilesystemTest.php" line="56" class="Hyde\Framework\Testing\Feature\Foundation\FilesystemTest" classname="Hyde.Framework.Testing.Feature.Foundation.FilesystemTest" assertions="1" time="0.003617"/>
        <testcase name="testPathMethodReturnsString" file="/home/runner/work/develop/develop/packages/framework/tests/Feature/Foundation/FilesystemTest.php" line="61" class="Hyde\Framework\Testing\Feature\Foundation\FilesystemTest" classname="Hyde.Framework.Testing.Feature.Foundation.FilesystemTest" assertions="1" time="0.003612"/>
        <testcase name="testPathMethodReturnsBasePathWhenNotSuppliedWithArgument" file="/home/runner/work/develop/develop/packages/framework/tests/Feature/Foundation/FilesystemTest.php" line="66" class="Hyde\Framework\Testing\Feature\Foundation\FilesystemTest" classname="Hyde.Framework.Testing.Feature.Foundation.FilesystemTest" assertions="1" time="0.003583"/>
        <testcase name="testPathMethodReturnsPathRelativeToBasePathWhenSuppliedWithArgument" file="/home/runner/work/develop/develop/packages/framework/tests/Feature/Foundation/FilesystemTest.php" line="72" class="Hyde\Framework\Testing\Feature\Foundation\FilesystemTest" classname="Hyde.Framework.Testing.Feature.Foundation.FilesystemTest" assertions="1" time="0.003704"/>
        <testcase name="testPathMethodReturnsQualifiedFilePathWhenSuppliedWithArgument" file="/home/runner/work/develop/develop/packages/framework/tests/Feature/Foundation/FilesystemTest.php" line="78" class="Hyde\Framework\Testing\Feature\Foundation\FilesystemTest" classname="Hyde.Framework.Testing.Feature.Foundation.FilesystemTest" assertions="1" time="0.003607"/>
        <testcase name="testPathMethodReturnsExpectedValueForNestedPathArguments" file="/home/runner/work/develop/develop/packages/framework/tests/Feature/Foundation/FilesystemTest.php" line="84" class="Hyde\Framework\Testing\Feature\Foundation\FilesystemTest" classname="Hyde.Framework.Testing.Feature.Foundation.FilesystemTest" assertions="1" time="0.003625"/>
        <testcase name="testPathMethodStripsTrailingDirectorySeparatorsFromArgument" file="/home/runner/work/develop/develop/packages/framework/tests/Feature/Foundation/FilesystemTest.php" line="90" class="Hyde\Framework\Testing\Feature\Foundation\FilesystemTest" classname="Hyde.Framework.Testing.Feature.Foundation.FilesystemTest" assertions="1" time="0.003384"/>
        <testcase name="testPathMethodReturnsExpectedValueRegardlessOfTrailingDirectorySeparatorsInArgument" file="/home/runner/work/develop/develop/packages/framework/tests/Feature/Foundation/FilesystemTest.php" line="96" class="Hyde\Framework\Testing\Feature\Foundation\FilesystemTest" classname="Hyde.Framework.Testing.Feature.Foundation.FilesystemTest" assertions="1" time="0.003612"/>
        <testcase name="testPathMethodResolvesAlreadyAbsolutePaths" file="/home/runner/work/develop/develop/packages/framework/tests/Feature/Foundation/FilesystemTest.php" line="102" class="Hyde\Framework\Testing\Feature\Foundation\FilesystemTest" classname="Hyde.Framework.Testing.Feature.Foundation.FilesystemTest" assertions="1" time="0.003504"/>
        <testcase name="testPathMethodResolvesAlreadyAbsolutePathsUsingHelper" file="/home/runner/work/develop/develop/packages/framework/tests/Feature/Foundation/FilesystemTest.php" line="108" class="Hyde\Framework\Testing\Feature\Foundation\FilesystemTest" classname="Hyde.Framework.Testing.Feature.Foundation.FilesystemTest" assertions="1" time="0.003353"/>
        <testcase name="testPathMethodResolvesAlreadyAbsolutePathsUsingHelperWithTrailingSlash" file="/home/runner/work/develop/develop/packages/framework/tests/Feature/Foundation/FilesystemTest.php" line="113" class="Hyde\Framework\Testing\Feature\Foundation\FilesystemTest" classname="Hyde.Framework.Testing.Feature.Foundation.FilesystemTest" assertions="1" time="0.003581"/>
        <testcase name="testHydePathMethodExists" file="/home/runner/work/develop/develop/packages/framework/tests/Feature/Foundation/FilesystemTest.php" line="118" class="Hyde\Framework\Testing\Feature\Foundation\FilesystemTest" classname="Hyde.Framework.Testing.Feature.Foundation.FilesystemTest" assertions="1" time="0.003171"/>
        <testcase name="testHydePathStringIsReturned" file="/home/runner/work/develop/develop/packages/framework/tests/Feature/Foundation/FilesystemTest.php" line="123" class="Hyde\Framework\Testing\Feature\Foundation\FilesystemTest" classname="Hyde.Framework.Testing.Feature.Foundation.FilesystemTest" assertions="1" time="0.003391"/>
        <testcase name="testHydePathReturnedDirectoryContainsContentExpectedToBeInTheProjectDirectory" file="/home/runner/work/develop/develop/packages/framework/tests/Feature/Foundation/FilesystemTest.php" line="128" class="Hyde\Framework\Testing\Feature\Foundation\FilesystemTest" classname="Hyde.Framework.Testing.Feature.Foundation.FilesystemTest" assertions="1" time="0.003480"/>
        <testcase name="testVendorPathMethodExists" file="/home/runner/work/develop/develop/packages/framework/tests/Feature/Foundation/FilesystemTest.php" line="133" class="Hyde\Framework\Testing\Feature\Foundation\FilesystemTest" classname="Hyde.Framework.Testing.Feature.Foundation.FilesystemTest" assertions="1" time="0.003309"/>
        <testcase name="testVendorPathMethodReturnsString" file="/home/runner/work/develop/develop/packages/framework/tests/Feature/Foundation/FilesystemTest.php" line="138" class="Hyde\Framework\Testing\Feature\Foundation\FilesystemTest" classname="Hyde.Framework.Testing.Feature.Foundation.FilesystemTest" assertions="1" time="0.003533"/>
        <testcase name="testVendorPathMethodReturnsTheVendorPath" file="/home/runner/work/develop/develop/packages/framework/tests/Feature/Foundation/FilesystemTest.php" line="143" class="Hyde\Framework\Testing\Feature\Foundation\FilesystemTest" classname="Hyde.Framework.Testing.Feature.Foundation.FilesystemTest" assertions="1" time="0.003596"/>
        <testcase name="testVendorPathMethodReturnsQualifiedFilePathWhenSuppliedWithArgument" file="/home/runner/work/develop/develop/packages/framework/tests/Feature/Foundation/FilesystemTest.php" line="148" class="Hyde\Framework\Testing\Feature\Foundation\FilesystemTest" classname="Hyde.Framework.Testing.Feature.Foundation.FilesystemTest" assertions="1" time="0.003415"/>
        <testcase name="testVendorPathMethodReturnsExpectedValueRegardlessOfTrailingDirectorySeparatorsInArgument" file="/home/runner/work/develop/develop/packages/framework/tests/Feature/Foundation/FilesystemTest.php" line="153" class="Hyde\Framework\Testing\Feature\Foundation\FilesystemTest" classname="Hyde.Framework.Testing.Feature.Foundation.FilesystemTest" assertions="1" time="0.003588"/>
        <testcase name="testVendorPathCanSpecifyWhichHydePackageToUse" file="/home/runner/work/develop/develop/packages/framework/tests/Feature/Foundation/FilesystemTest.php" line="159" class="Hyde\Framework\Testing\Feature\Foundation\FilesystemTest" classname="Hyde.Framework.Testing.Feature.Foundation.FilesystemTest" assertions="2" time="0.003734"/>
        <testcase name="testVendorPathCanRunInPhar" file="/home/runner/work/develop/develop/packages/framework/tests/Feature/Foundation/FilesystemTest.php" line="165" class="Hyde\Framework\Testing\Feature\Foundation\FilesystemTest" classname="Hyde.Framework.Testing.Feature.Foundation.FilesystemTest" assertions="1" time="0.003490"/>
        <testcase name="testTouchHelperCreatesFileAtGivenPath" file="/home/runner/work/develop/develop/packages/framework/tests/Feature/Foundation/FilesystemTest.php" line="179" class="Hyde\Framework\Testing\Feature\Foundation\FilesystemTest" classname="Hyde.Framework.Testing.Feature.Foundation.FilesystemTest" assertions="2" time="0.003818"/>
        <testcase name="testTouchHelperCreatesMultipleFilesAtGivenPaths" file="/home/runner/work/develop/develop/packages/framework/tests/Feature/Foundation/FilesystemTest.php" line="186" class="Hyde\Framework\Testing\Feature\Foundation\FilesystemTest" classname="Hyde.Framework.Testing.Feature.Foundation.FilesystemTest" assertions="3" time="0.004044"/>
        <testcase name="testUnlinkHelperDeletesFileAtGivenPath" file="/home/runner/work/develop/develop/packages/framework/tests/Feature/Foundation/FilesystemTest.php" line="195" class="Hyde\Framework\Testing\Feature\Foundation\FilesystemTest" classname="Hyde.Framework.Testing.Feature.Foundation.FilesystemTest" assertions="2" time="0.003698"/>
        <testcase name="testUnlinkHelperDeletesMultipleFilesAtGivenPaths" file="/home/runner/work/develop/develop/packages/framework/tests/Feature/Foundation/FilesystemTest.php" line="202" class="Hyde\Framework\Testing\Feature\Foundation\FilesystemTest" classname="Hyde.Framework.Testing.Feature.Foundation.FilesystemTest" assertions="3" time="0.003874"/>
        <testcase name="testUnlinkIfExistsHelperDeletesFileAtGivenPath" file="/home/runner/work/develop/develop/packages/framework/tests/Feature/Foundation/FilesystemTest.php" line="211" class="Hyde\Framework\Testing\Feature\Foundation\FilesystemTest" classname="Hyde.Framework.Testing.Feature.Foundation.FilesystemTest" assertions="2" time="0.003709"/>
        <testcase name="testUnlinkIfExistsHandlesNonExistentFilesGracefully" file="/home/runner/work/develop/develop/packages/framework/tests/Feature/Foundation/FilesystemTest.php" line="218" class="Hyde\Framework\Testing\Feature\Foundation\FilesystemTest" classname="Hyde.Framework.Testing.Feature.Foundation.FilesystemTest" assertions="1" time="0.003282"/>
        <testcase name="testGetModelSourcePathMethodReturnsPathForModelClasses" file="/home/runner/work/develop/develop/packages/framework/tests/Feature/Foundation/FilesystemTest.php" line="223" class="Hyde\Framework\Testing\Feature\Foundation\FilesystemTest" classname="Hyde.Framework.Testing.Feature.Foundation.FilesystemTest" assertions="5" time="0.004460"/>
        <testcase name="testGetModelSourcePathMethodReturnsPathToFileForModelClasses" file="/home/runner/work/develop/develop/packages/framework/tests/Feature/Foundation/FilesystemTest.php" line="232" class="Hyde\Framework\Testing\Feature\Foundation\FilesystemTest" classname="Hyde.Framework.Testing.Feature.Foundation.FilesystemTest" assertions="5" time="0.004240"/>
        <testcase name="testHelperForBladePages" file="/home/runner/work/develop/develop/packages/framework/tests/Feature/Foundation/FilesystemTest.php" line="241" class="Hyde\Framework\Testing\Feature\Foundation\FilesystemTest" classname="Hyde.Framework.Testing.Feature.Foundation.FilesystemTest" assertions="1" time="0.003286"/>
        <testcase name="testHelperForMarkdownPages" file="/home/runner/work/develop/develop/packages/framework/tests/Feature/Foundation/FilesystemTest.php" line="246" class="Hyde\Framework\Testing\Feature\Foundation\FilesystemTest" classname="Hyde.Framework.Testing.Feature.Foundation.FilesystemTest" assertions="1" time="0.003283"/>
        <testcase name="testHelperForMarkdownPosts" file="/home/runner/work/develop/develop/packages/framework/tests/Feature/Foundation/FilesystemTest.php" line="251" class="Hyde\Framework\Testing\Feature\Foundation\FilesystemTest" classname="Hyde.Framework.Testing.Feature.Foundation.FilesystemTest" assertions="1" time="0.003266"/>
        <testcase name="testHelperForDocumentationPages" file="/home/runner/work/develop/develop/packages/framework/tests/Feature/Foundation/FilesystemTest.php" line="256" class="Hyde\Framework\Testing\Feature\Foundation\FilesystemTest" classname="Hyde.Framework.Testing.Feature.Foundation.FilesystemTest" assertions="1" time="0.003264"/>
        <testcase name="testHelperForMediaPath" file="/home/runner/work/develop/develop/packages/framework/tests/Feature/Foundation/FilesystemTest.php" line="261" class="Hyde\Framework\Testing\Feature\Foundation\FilesystemTest" classname="Hyde.Framework.Testing.Feature.Foundation.FilesystemTest" assertions="1" time="0.003239"/>
        <testcase name="testHelperForMediaPathReturnsPathToFileWithinTheDirectory" file="/home/runner/work/develop/develop/packages/framework/tests/Feature/Foundation/FilesystemTest.php" line="266" class="Hyde\Framework\Testing\Feature\Foundation\FilesystemTest" classname="Hyde.Framework.Testing.Feature.Foundation.FilesystemTest" assertions="1" time="0.003333"/>
        <testcase name="testGetMediaPathReturnsAbsolutePath" file="/home/runner/work/develop/develop/packages/framework/tests/Feature/Foundation/FilesystemTest.php" line="271" class="Hyde\Framework\Testing\Feature\Foundation\FilesystemTest" classname="Hyde.Framework.Testing.Feature.Foundation.FilesystemTest" assertions="1" time="0.003249"/>
        <testcase name="testHelperForMediaOutputPath" file="/home/runner/work/develop/develop/packages/framework/tests/Feature/Foundation/FilesystemTest.php" line="276" class="Hyde\Framework\Testing\Feature\Foundation\FilesystemTest" classname="Hyde.Framework.Testing.Feature.Foundation.FilesystemTest" assertions="1" time="0.003271"/>
        <testcase name="testHelperForMediaOutputPathReturnsPathToFileWithinTheDirectory" file="/home/runner/work/develop/develop/packages/framework/tests/Feature/Foundation/FilesystemTest.php" line="281" class="Hyde\Framework\Testing\Feature\Foundation\FilesystemTest" classname="Hyde.Framework.Testing.Feature.Foundation.FilesystemTest" assertions="1" time="0.003345"/>
        <testcase name="testGetMediaOutputPathReturnsAbsolutePath" file="/home/runner/work/develop/develop/packages/framework/tests/Feature/Foundation/FilesystemTest.php" line="286" class="Hyde\Framework\Testing\Feature\Foundation\FilesystemTest" classname="Hyde.Framework.Testing.Feature.Foundation.FilesystemTest" assertions="1" time="0.003290"/>
        <testcase name="testHelperForSiteOutputPath" file="/home/runner/work/develop/develop/packages/framework/tests/Feature/Foundation/FilesystemTest.php" line="291" class="Hyde\Framework\Testing\Feature\Foundation\FilesystemTest" classname="Hyde.Framework.Testing.Feature.Foundation.FilesystemTest" assertions="1" time="0.003225"/>
        <testcase name="testHelperForSiteOutputPathReturnsPathToFileWithinTheDirectory" file="/home/runner/work/develop/develop/packages/framework/tests/Feature/Foundation/FilesystemTest.php" line="296" class="Hyde\Framework\Testing\Feature\Foundation\FilesystemTest" classname="Hyde.Framework.Testing.Feature.Foundation.FilesystemTest" assertions="1" time="0.003311"/>
        <testcase name="testGetSiteOutputPathReturnsAbsolutePath" file="/home/runner/work/develop/develop/packages/framework/tests/Feature/Foundation/FilesystemTest.php" line="301" class="Hyde\Framework\Testing\Feature\Foundation\FilesystemTest" classname="Hyde.Framework.Testing.Feature.Foundation.FilesystemTest" assertions="1" time="0.003270"/>
        <testcase name="testSiteOutputPathHelperIgnoresTrailingSlashes" file="/home/runner/work/develop/develop/packages/framework/tests/Feature/Foundation/FilesystemTest.php" line="306" class="Hyde\Framework\Testing\Feature\Foundation\FilesystemTest" classname="Hyde.Framework.Testing.Feature.Foundation.FilesystemTest" assertions="1" time="0.003252"/>
        <testcase name="testPathToAbsolute" file="/home/runner/work/develop/develop/packages/framework/tests/Feature/Foundation/FilesystemTest.php" line="311" class="Hyde\Framework\Testing\Feature\Foundation\FilesystemTest" classname="Hyde.Framework.Testing.Feature.Foundation.FilesystemTest" assertions="1" time="0.003437"/>
        <testcase name="testPathToAbsoluteHelperIsAliasForPathHelper" file="/home/runner/work/develop/develop/packages/framework/tests/Feature/Foundation/FilesystemTest.php" line="316" class="Hyde\Framework\Testing\Feature\Foundation\FilesystemTest" classname="Hyde.Framework.Testing.Feature.Foundation.FilesystemTest" assertions="1" time="0.003480"/>
        <testcase name="testPathToAbsoluteCanConvertArrayOfPaths" file="/home/runner/work/develop/develop/packages/framework/tests/Feature/Foundation/FilesystemTest.php" line="321" class="Hyde\Framework\Testing\Feature\Foundation\FilesystemTest" classname="Hyde.Framework.Testing.Feature.Foundation.FilesystemTest" assertions="1" time="0.003659"/>
        <testcase name="testPathToRelativeHelperDecodesHydePathIntoRelative" file="/home/runner/work/develop/develop/packages/framework/tests/Feature/Foundation/FilesystemTest.php" line="329" class="Hyde\Framework\Testing\Feature\Foundation\FilesystemTest" classname="Hyde.Framework.Testing.Feature.Foundation.FilesystemTest" assertions="5" time="0.004318"/>
        <testcase name="testPathToRelativeHelperDoesNotModifyAlreadyRelativePaths" file="/home/runner/work/develop/develop/packages/framework/tests/Feature/Foundation/FilesystemTest.php" line="338" class="Hyde\Framework\Testing\Feature\Foundation\FilesystemTest" classname="Hyde.Framework.Testing.Feature.Foundation.FilesystemTest" assertions="7" time="0.004373"/>
        <testcase name="testPathToRelativeHelperDoesNotModifyNonProjectPaths" file="/home/runner/work/develop/develop/packages/framework/tests/Feature/Foundation/FilesystemTest.php" line="349" class="Hyde\Framework\Testing\Feature\Foundation\FilesystemTest" classname="Hyde.Framework.Testing.Feature.Foundation.FilesystemTest" assertions="8" time="0.004470"/>
      </testsuite>
      <testsuite name="Hyde\Framework\Testing\Feature\Foundation\HyperlinksTest" file="/home/runner/work/develop/develop/packages/framework/tests/Feature/Foundation/HyperlinksTest.php" tests="11" assertions="17" errors="0" failures="0" skipped="0" time="0.081921">
        <testcase name="test_asset_helper_gets_relative_web_link_to_image_stored_in_site_media_folder" file="/home/runner/work/develop/develop/packages/framework/tests/Feature/Foundation/HyperlinksTest.php" line="27" class="Hyde\Framework\Testing\Feature\Foundation\HyperlinksTest" classname="Hyde.Framework.Testing.Feature.Foundation.HyperlinksTest" assertions="4" time="0.007401"/>
        <testcase name="test_asset_helper_resolves_paths_for_nested_pages" file="/home/runner/work/develop/develop/packages/framework/tests/Feature/Foundation/HyperlinksTest.php" line="41" class="Hyde\Framework\Testing\Feature\Foundation\HyperlinksTest" classname="Hyde.Framework.Testing.Feature.Foundation.HyperlinksTest" assertions="4" time="0.008051"/>
        <testcase name="test_asset_helper_returns_qualified_absolute_uri_when_requested_and_site_has_base_url" file="/home/runner/work/develop/develop/packages/framework/tests/Feature/Foundation/HyperlinksTest.php" line="56" class="Hyde\Framework\Testing\Feature\Foundation\HyperlinksTest" classname="Hyde.Framework.Testing.Feature.Foundation.HyperlinksTest" assertions="1" time="0.006703"/>
        <testcase name="test_asset_helper_returns_default_relative_path_when_qualified_absolute_uri_is_requested_but_site_has_no_base_url" file="/home/runner/work/develop/develop/packages/framework/tests/Feature/Foundation/HyperlinksTest.php" line="61" class="Hyde\Framework\Testing\Feature\Foundation\HyperlinksTest" classname="Hyde.Framework.Testing.Feature.Foundation.HyperlinksTest" assertions="1" time="0.007300"/>
        <testcase name="test_asset_helper_returns_input_when_qualified_absolute_uri_is_requested_but_image_is_already_qualified" file="/home/runner/work/develop/develop/packages/framework/tests/Feature/Foundation/HyperlinksTest.php" line="67" class="Hyde\Framework\Testing\Feature\Foundation\HyperlinksTest" classname="Hyde.Framework.Testing.Feature.Foundation.HyperlinksTest" assertions="1" time="0.007495"/>
        <testcase name="test_asset_helper_uses_configured_media_directory" file="/home/runner/work/develop/develop/packages/framework/tests/Feature/Foundation/HyperlinksTest.php" line="72" class="Hyde\Framework\Testing\Feature\Foundation\HyperlinksTest" classname="Hyde.Framework.Testing.Feature.Foundation.HyperlinksTest" assertions="1" time="0.007097"/>
        <testcase name="test_media_link_helper" file="/home/runner/work/develop/develop/packages/framework/tests/Feature/Foundation/HyperlinksTest.php" line="78" class="Hyde\Framework\Testing\Feature\Foundation\HyperlinksTest" classname="Hyde.Framework.Testing.Feature.Foundation.HyperlinksTest" assertions="1" time="0.007365"/>
        <testcase name="test_media_link_helper_with_relative_path" file="/home/runner/work/develop/develop/packages/framework/tests/Feature/Foundation/HyperlinksTest.php" line="83" class="Hyde\Framework\Testing\Feature\Foundation\HyperlinksTest" classname="Hyde.Framework.Testing.Feature.Foundation.HyperlinksTest" assertions="1" time="0.007652"/>
        <testcase name="test_media_link_helper_uses_configured_media_directory" file="/home/runner/work/develop/develop/packages/framework/tests/Feature/Foundation/HyperlinksTest.php" line="89" class="Hyde\Framework\Testing\Feature\Foundation\HyperlinksTest" classname="Hyde.Framework.Testing.Feature.Foundation.HyperlinksTest" assertions="1" time="0.007372"/>
        <testcase name="test_media_link_helper_with_validation_and_existing_file" file="/home/runner/work/develop/develop/packages/framework/tests/Feature/Foundation/HyperlinksTest.php" line="95" class="Hyde\Framework\Testing\Feature\Foundation\HyperlinksTest" classname="Hyde.Framework.Testing.Feature.Foundation.HyperlinksTest" assertions="1" time="0.008189"/>
        <testcase name="test_media_link_helper_with_validation_and_non_existing_file" file="/home/runner/work/develop/develop/packages/framework/tests/Feature/Foundation/HyperlinksTest.php" line="101" class="Hyde\Framework\Testing\Feature\Foundation\HyperlinksTest" classname="Hyde.Framework.Testing.Feature.Foundation.HyperlinksTest" assertions="1" time="0.007295"/>
      </testsuite>
      <testsuite name="Hyde\Framework\Testing\Feature\GlobalMetadataBagTest" file="/home/runner/work/develop/develop/packages/framework/tests/Feature/GlobalMetadataBagTest.php" tests="9" assertions="9" errors="0" failures="0" skipped="0" time="0.116970">
        <testcase name="test_site_metadata_adds_config_defined_metadata" file="/home/runner/work/develop/develop/packages/framework/tests/Feature/GlobalMetadataBagTest.php" line="18" class="Hyde\Framework\Testing\Feature\GlobalMetadataBagTest" classname="Hyde.Framework.Testing.Feature.GlobalMetadataBagTest" assertions="1" time="0.008362"/>
        <testcase name="test_site_metadata_automatically_adds_sitemap_when_enabled" file="/home/runner/work/develop/develop/packages/framework/tests/Feature/GlobalMetadataBagTest.php" line="38" class="Hyde\Framework\Testing\Feature\GlobalMetadataBagTest" classname="Hyde.Framework.Testing.Feature.GlobalMetadataBagTest" assertions="1" time="0.007981"/>
        <testcase name="test_site_metadata_sitemap_uses_configured_site_url" file="/home/runner/work/develop/develop/packages/framework/tests/Feature/GlobalMetadataBagTest.php" line="48" class="Hyde\Framework\Testing\Feature\GlobalMetadataBagTest" classname="Hyde.Framework.Testing.Feature.GlobalMetadataBagTest" assertions="1" time="0.008057"/>
        <testcase name="test_site_metadata_automatically_adds_rss_feed_when_enabled" file="/home/runner/work/develop/develop/packages/framework/tests/Feature/GlobalMetadataBagTest.php" line="58" class="Hyde\Framework\Testing\Feature\GlobalMetadataBagTest" classname="Hyde.Framework.Testing.Feature.GlobalMetadataBagTest" assertions="1" time="0.017672"/>
        <testcase name="test_site_metadata_rss_feed_uses_configured_site_url" file="/home/runner/work/develop/develop/packages/framework/tests/Feature/GlobalMetadataBagTest.php" line="69" class="Hyde\Framework\Testing\Feature\GlobalMetadataBagTest" classname="Hyde.Framework.Testing.Feature.GlobalMetadataBagTest" assertions="1" time="0.017675"/>
        <testcase name="test_site_metadata_rss_feed_uses_configured_site_name" file="/home/runner/work/develop/develop/packages/framework/tests/Feature/GlobalMetadataBagTest.php" line="80" class="Hyde\Framework\Testing\Feature\GlobalMetadataBagTest" classname="Hyde.Framework.Testing.Feature.GlobalMetadataBagTest" assertions="1" time="0.018456"/>
        <testcase name="test_site_metadata_rss_feed_uses_configured_rss_file_name" file="/home/runner/work/develop/develop/packages/framework/tests/Feature/GlobalMetadataBagTest.php" line="95" class="Hyde\Framework\Testing\Feature\GlobalMetadataBagTest" classname="Hyde.Framework.Testing.Feature.GlobalMetadataBagTest" assertions="1" time="0.018265"/>
        <testcase name="test_metadata_existing_in_the_current_page_is_not_added" file="/home/runner/work/develop/develop/packages/framework/tests/Feature/GlobalMetadataBagTest.php" line="110" class="Hyde\Framework\Testing\Feature\GlobalMetadataBagTest" classname="Hyde.Framework.Testing.Feature.GlobalMetadataBagTest" assertions="1" time="0.009861"/>
        <testcase name="test_metadata_existing_in_the_current_page_is_not_added_regardless_of_its_value" file="/home/runner/work/develop/develop/packages/framework/tests/Feature/GlobalMetadataBagTest.php" line="131" class="Hyde\Framework\Testing\Feature\GlobalMetadataBagTest" classname="Hyde.Framework.Testing.Feature.GlobalMetadataBagTest" assertions="1" time="0.010641"/>
      </testsuite>
      <testsuite name="Hyde\Framework\Testing\Feature\HelpersTest" file="/home/runner/work/develop/develop/packages/framework/tests/Feature/HelpersTest.php" tests="24" assertions="41" errors="0" failures="0" skipped="0" time="0.179888">
        <testcase name="test_hyde_function_exists" file="/home/runner/work/develop/develop/packages/framework/tests/Feature/HelpersTest.php" line="22" class="Hyde\Framework\Testing\Feature\HelpersTest" classname="Hyde.Framework.Testing.Feature.HelpersTest" assertions="1" time="0.007485"/>
        <testcase name="test_hyde_function_returns_hyde_kernel_class" file="/home/runner/work/develop/develop/packages/framework/tests/Feature/HelpersTest.php" line="28" class="Hyde\Framework\Testing\Feature\HelpersTest" classname="Hyde.Framework.Testing.Feature.HelpersTest" assertions="1" time="0.007248"/>
        <testcase name="test_can_call_methods_on_returned_hyde_class" file="/home/runner/work/develop/develop/packages/framework/tests/Feature/HelpersTest.php" line="34" class="Hyde\Framework\Testing\Feature\HelpersTest" classname="Hyde.Framework.Testing.Feature.HelpersTest" assertions="1" time="0.006902"/>
        <testcase name="test_unslash_function_exists" file="/home/runner/work/develop/develop/packages/framework/tests/Feature/HelpersTest.php" line="40" class="Hyde\Framework\Testing\Feature\HelpersTest" classname="Hyde.Framework.Testing.Feature.HelpersTest" assertions="1" time="0.006815"/>
        <testcase name="test_unslash_function_trims_trailing_slashes" file="/home/runner/work/develop/develop/packages/framework/tests/Feature/HelpersTest.php" line="46" class="Hyde\Framework\Testing\Feature\HelpersTest" classname="Hyde.Framework.Testing.Feature.HelpersTest" assertions="14" time="0.008962"/>
        <testcase name="test_hyde_function_exists_in_hyde_namespace" file="/home/runner/work/develop/develop/packages/framework/tests/Feature/HelpersTest.php" line="68" class="Hyde\Framework\Testing\Feature\HelpersTest" classname="Hyde.Framework.Testing.Feature.HelpersTest" assertions="1" time="0.006854"/>
        <testcase name="test_namespaced_hyde_function" file="/home/runner/work/develop/develop/packages/framework/tests/Feature/HelpersTest.php" line="74" class="Hyde\Framework\Testing\Feature\HelpersTest" classname="Hyde.Framework.Testing.Feature.HelpersTest" assertions="1" time="0.007002"/>
        <testcase name="test_unslash_function_exists_in_hyde_namespace" file="/home/runner/work/develop/develop/packages/framework/tests/Feature/HelpersTest.php" line="80" class="Hyde\Framework\Testing\Feature\HelpersTest" classname="Hyde.Framework.Testing.Feature.HelpersTest" assertions="1" time="0.006689"/>
        <testcase name="test_namespaced_unslash_function" file="/home/runner/work/develop/develop/packages/framework/tests/Feature/HelpersTest.php" line="86" class="Hyde\Framework\Testing\Feature\HelpersTest" classname="Hyde.Framework.Testing.Feature.HelpersTest" assertions="1" time="0.007004"/>
        <testcase name="test_unixsum_function" file="/home/runner/work/develop/develop/packages/framework/tests/Feature/HelpersTest.php" line="92" class="Hyde\Framework\Testing\Feature\HelpersTest" classname="Hyde.Framework.Testing.Feature.HelpersTest" assertions="2" time="0.007205"/>
        <testcase name="test_unixsum_file_function" file="/home/runner/work/develop/develop/packages/framework/tests/Feature/HelpersTest.php" line="99" class="Hyde\Framework\Testing\Feature\HelpersTest" classname="Hyde.Framework.Testing.Feature.HelpersTest" assertions="2" time="0.009731"/>
        <testcase name="test_hyde_make_title_function" file="/home/runner/work/develop/develop/packages/framework/tests/Feature/HelpersTest.php" line="109" class="Hyde\Framework\Testing\Feature\HelpersTest" classname="Hyde.Framework.Testing.Feature.HelpersTest" assertions="1" time="0.007511"/>
        <testcase name="test_hyde_normalize_newlines_function" file="/home/runner/work/develop/develop/packages/framework/tests/Feature/HelpersTest.php" line="115" class="Hyde\Framework\Testing\Feature\HelpersTest" classname="Hyde.Framework.Testing.Feature.HelpersTest" assertions="1" time="0.007500"/>
        <testcase name="test_hyde_strip_newlines_function" file="/home/runner/work/develop/develop/packages/framework/tests/Feature/HelpersTest.php" line="121" class="Hyde\Framework\Testing\Feature\HelpersTest" classname="Hyde.Framework.Testing.Feature.HelpersTest" assertions="1" time="0.007687"/>
        <testcase name="test_hyde_trim_slashes_function" file="/home/runner/work/develop/develop/packages/framework/tests/Feature/HelpersTest.php" line="127" class="Hyde\Framework\Testing\Feature\HelpersTest" classname="Hyde.Framework.Testing.Feature.HelpersTest" assertions="1" time="0.007477"/>
        <testcase name="test_hyde_evaluate_arrayable_function" file="/home/runner/work/develop/develop/packages/framework/tests/Feature/HelpersTest.php" line="133" class="Hyde\Framework\Testing\Feature\HelpersTest" classname="Hyde.Framework.Testing.Feature.HelpersTest" assertions="2" time="0.008097"/>
        <testcase name="test_hyde_yaml_encode_function" file="/home/runner/work/develop/develop/packages/framework/tests/Feature/HelpersTest.php" line="140" class="Hyde\Framework\Testing\Feature\HelpersTest" classname="Hyde.Framework.Testing.Feature.HelpersTest" assertions="1" time="0.007803"/>
        <testcase name="test_hyde_yaml_encode_function_encodes_arrayables" file="/home/runner/work/develop/develop/packages/framework/tests/Feature/HelpersTest.php" line="146" class="Hyde\Framework\Testing\Feature\HelpersTest" classname="Hyde.Framework.Testing.Feature.HelpersTest" assertions="1" time="0.007596"/>
        <testcase name="test_hyde_yaml_encode_function_accepts_parameters" file="/home/runner/work/develop/develop/packages/framework/tests/Feature/HelpersTest.php" line="152" class="Hyde\Framework\Testing\Feature\HelpersTest" classname="Hyde.Framework.Testing.Feature.HelpersTest" assertions="1" time="0.008190"/>
        <testcase name="test_hyde_yaml_decode_function" file="/home/runner/work/develop/develop/packages/framework/tests/Feature/HelpersTest.php" line="161" class="Hyde\Framework\Testing\Feature\HelpersTest" classname="Hyde.Framework.Testing.Feature.HelpersTest" assertions="1" time="0.008054"/>
        <testcase name="test_hyde_yaml_decode_function_accepts_parameters" file="/home/runner/work/develop/develop/packages/framework/tests/Feature/HelpersTest.php" line="167" class="Hyde\Framework\Testing\Feature\HelpersTest" classname="Hyde.Framework.Testing.Feature.HelpersTest" assertions="1" time="0.007515"/>
        <testcase name="test_hyde_path_join_function" file="/home/runner/work/develop/develop/packages/framework/tests/Feature/HelpersTest.php" line="176" class="Hyde\Framework\Testing\Feature\HelpersTest" classname="Hyde.Framework.Testing.Feature.HelpersTest" assertions="1" time="0.006609"/>
        <testcase name="test_hyde_path_join_function_with_multiple_paths" file="/home/runner/work/develop/develop/packages/framework/tests/Feature/HelpersTest.php" line="182" class="Hyde\Framework\Testing\Feature\HelpersTest" classname="Hyde.Framework.Testing.Feature.HelpersTest" assertions="1" time="0.006990"/>
        <testcase name="test_hyde_normalize_slashes_function" file="/home/runner/work/develop/develop/packages/framework/tests/Feature/HelpersTest.php" line="188" class="Hyde\Framework\Testing\Feature\HelpersTest" classname="Hyde.Framework.Testing.Feature.HelpersTest" assertions="2" time="0.006965"/>
      </testsuite>
      <testsuite name="Hyde\Framework\Testing\Feature\HydeCoreExtensionTest" file="/home/runner/work/develop/develop/packages/framework/tests/Feature/HydeCoreExtensionTest.php" tests="4" assertions="4" errors="0" failures="0" skipped="0" time="0.013658">
        <testcase name="testClassExtendsExtensionClass" file="/home/runner/work/develop/develop/packages/framework/tests/Feature/HydeCoreExtensionTest.php" line="28" class="Hyde\Framework\Testing\Feature\HydeCoreExtensionTest" classname="Hyde.Framework.Testing.Feature.HydeCoreExtensionTest" assertions="1" time="0.004226"/>
        <testcase name="testClassIsRegistered" file="/home/runner/work/develop/develop/packages/framework/tests/Feature/HydeCoreExtensionTest.php" line="33" class="Hyde\Framework\Testing\Feature\HydeCoreExtensionTest" classname="Hyde.Framework.Testing.Feature.HydeCoreExtensionTest" assertions="1" time="0.002854"/>
        <testcase name="testGetPageClasses" file="/home/runner/work/develop/develop/packages/framework/tests/Feature/HydeCoreExtensionTest.php" line="38" class="Hyde\Framework\Testing\Feature\HydeCoreExtensionTest" classname="Hyde.Framework.Testing.Feature.HydeCoreExtensionTest" assertions="1" time="0.003320"/>
        <testcase name="testGetPageClassesDoesNotIncludeClassesForDisabledFeatures" file="/home/runner/work/develop/develop/packages/framework/tests/Feature/HydeCoreExtensionTest.php" line="49" class="Hyde\Framework\Testing\Feature\HydeCoreExtensionTest" classname="Hyde.Framework.Testing.Feature.HydeCoreExtensionTest" assertions="1" time="0.003258"/>
      </testsuite>
      <testsuite name="Hyde\Framework\Testing\Feature\HydeExtensionFeatureTest" file="/home/runner/work/develop/develop/packages/framework/tests/Feature/HydeExtensionFeatureTest.php" tests="9" assertions="15" errors="0" failures="0" skipped="0" time="0.141923">
        <testcase name="testHandlerMethodsAreCalledByDiscovery" file="/home/runner/work/develop/develop/packages/framework/tests/Feature/HydeExtensionFeatureTest.php" line="48" class="Hyde\Framework\Testing\Feature\HydeExtensionFeatureTest" classname="Hyde.Framework.Testing.Feature.HydeExtensionFeatureTest" assertions="2" time="0.014976"/>
        <testcase name="testFileHandlerDependencyInjection" file="/home/runner/work/develop/develop/packages/framework/tests/Feature/HydeExtensionFeatureTest.php" line="61" class="Hyde\Framework\Testing\Feature\HydeExtensionFeatureTest" classname="Hyde.Framework.Testing.Feature.HydeExtensionFeatureTest" assertions="1" time="0.013512"/>
        <testcase name="testPageHandlerDependencyInjection" file="/home/runner/work/develop/develop/packages/framework/tests/Feature/HydeExtensionFeatureTest.php" line="69" class="Hyde\Framework\Testing\Feature\HydeExtensionFeatureTest" classname="Hyde.Framework.Testing.Feature.HydeExtensionFeatureTest" assertions="1" time="0.013758"/>
        <testcase name="testRouteHandlerDependencyInjection" file="/home/runner/work/develop/develop/packages/framework/tests/Feature/HydeExtensionFeatureTest.php" line="77" class="Hyde\Framework\Testing\Feature\HydeExtensionFeatureTest" classname="Hyde.Framework.Testing.Feature.HydeExtensionFeatureTest" assertions="1" time="0.014651"/>
        <testcase name="test_register_extension_method_throws_exception_when_kernel_is_already_booted" file="/home/runner/work/develop/develop/packages/framework/tests/Feature/HydeExtensionFeatureTest.php" line="85" class="Hyde\Framework\Testing\Feature\HydeExtensionFeatureTest" classname="Hyde.Framework.Testing.Feature.HydeExtensionFeatureTest" assertions="2" time="0.015283"/>
        <testcase name="test_register_extension_method_only_accepts_instances_of_hyde_extension" file="/home/runner/work/develop/develop/packages/framework/tests/Feature/HydeExtensionFeatureTest.php" line="94" class="Hyde\Framework\Testing\Feature\HydeExtensionFeatureTest" classname="Hyde.Framework.Testing.Feature.HydeExtensionFeatureTest" assertions="2" time="0.008582"/>
        <testcase name="test_custom_registered_pages_are_discovered_by_the_file_collection_class" file="/home/runner/work/develop/develop/packages/framework/tests/Feature/HydeExtensionFeatureTest.php" line="102" class="Hyde\Framework\Testing\Feature\HydeExtensionFeatureTest" classname="Hyde.Framework.Testing.Feature.HydeExtensionFeatureTest" assertions="2" time="0.019029"/>
        <testcase name="test_custom_registered_pages_are_discovered_by_the_page_collection_class" file="/home/runner/work/develop/develop/packages/framework/tests/Feature/HydeExtensionFeatureTest.php" line="114" class="Hyde\Framework\Testing\Feature\HydeExtensionFeatureTest" classname="Hyde.Framework.Testing.Feature.HydeExtensionFeatureTest" assertions="2" time="0.023494"/>
        <testcase name="test_custom_registered_pages_are_discovered_by_the_route_collection_class" file="/home/runner/work/develop/develop/packages/framework/tests/Feature/HydeExtensionFeatureTest.php" line="126" class="Hyde\Framework\Testing\Feature\HydeExtensionFeatureTest" classname="Hyde.Framework.Testing.Feature.HydeExtensionFeatureTest" assertions="2" time="0.018639"/>
      </testsuite>
      <testsuite name="Hyde\Framework\Testing\Feature\HydeKernelTest" file="/home/runner/work/develop/develop/packages/framework/tests/Feature/HydeKernelTest.php" tests="65" assertions="113" errors="0" failures="0" skipped="2" time="0.614710">
        <testcase name="test_kernel_singleton_can_be_accessed_by_service_container" file="/home/runner/work/develop/develop/packages/framework/tests/Feature/HydeKernelTest.php" line="40" class="Hyde\Framework\Testing\Feature\HydeKernelTest" classname="Hyde.Framework.Testing.Feature.HydeKernelTest" assertions="1" time="0.007262"/>
        <testcase name="test_kernel_singleton_can_be_accessed_by_kernel_static_method" file="/home/runner/work/develop/develop/packages/framework/tests/Feature/HydeKernelTest.php" line="45" class="Hyde\Framework\Testing\Feature\HydeKernelTest" classname="Hyde.Framework.Testing.Feature.HydeKernelTest" assertions="1" time="0.007178"/>
        <testcase name="test_kernel_singleton_can_be_accessed_by_hyde_facade_method" file="/home/runner/work/develop/develop/packages/framework/tests/Feature/HydeKernelTest.php" line="50" class="Hyde\Framework\Testing\Feature\HydeKernelTest" classname="Hyde.Framework.Testing.Feature.HydeKernelTest" assertions="1" time="0.007538"/>
        <testcase name="test_kernel_singleton_can_be_accessed_by_helper_function" file="/home/runner/work/develop/develop/packages/framework/tests/Feature/HydeKernelTest.php" line="55" class="Hyde\Framework\Testing\Feature\HydeKernelTest" classname="Hyde.Framework.Testing.Feature.HydeKernelTest" assertions="1" time="0.007275"/>
        <testcase name="test_hyde_facade_version_method_returns_kernel_version" file="/home/runner/work/develop/develop/packages/framework/tests/Feature/HydeKernelTest.php" line="60" class="Hyde\Framework\Testing\Feature\HydeKernelTest" classname="Hyde.Framework.Testing.Feature.HydeKernelTest" assertions="1" time="0.007248"/>
        <testcase name="test_hyde_facade_get_facade_root_method_returns_kernel_singleton" file="/home/runner/work/develop/develop/packages/framework/tests/Feature/HydeKernelTest.php" line="65" class="Hyde\Framework\Testing\Feature\HydeKernelTest" classname="Hyde.Framework.Testing.Feature.HydeKernelTest" assertions="3" time="0.007262"/>
        <testcase name="test_features_helper_returns_new_features_instance" file="/home/runner/work/develop/develop/packages/framework/tests/Feature/HydeKernelTest.php" line="72" class="Hyde\Framework\Testing\Feature\HydeKernelTest" classname="Hyde.Framework.Testing.Feature.HydeKernelTest" assertions="1" time="0.007431"/>
        <testcase name="test_has_feature_helper_calls_method_on_features_class" file="/home/runner/work/develop/develop/packages/framework/tests/Feature/HydeKernelTest.php" line="77" class="Hyde\Framework\Testing\Feature\HydeKernelTest" classname="Hyde.Framework.Testing.Feature.HydeKernelTest" assertions="1" time="0.008019"/>
        <testcase name="test_current_page_helper_returns_current_page_name" file="/home/runner/work/develop/develop/packages/framework/tests/Feature/HydeKernelTest.php" line="82" class="Hyde\Framework\Testing\Feature\HydeKernelTest" classname="Hyde.Framework.Testing.Feature.HydeKernelTest" assertions="1" time="0.008337"/>
        <testcase name="test_current_route_helper_returns_current_route_object" file="/home/runner/work/develop/develop/packages/framework/tests/Feature/HydeKernelTest.php" line="88" class="Hyde\Framework\Testing\Feature\HydeKernelTest" classname="Hyde.Framework.Testing.Feature.HydeKernelTest" assertions="2" time="0.009934"/>
        <testcase name="test_current_page_helper_returns_current_page_object" file="/home/runner/work/develop/develop/packages/framework/tests/Feature/HydeKernelTest.php" line="96" class="Hyde\Framework\Testing\Feature\HydeKernelTest" classname="Hyde.Framework.Testing.Feature.HydeKernelTest" assertions="2" time="0.009794"/>
        <testcase name="test_make_title_helper_returns_title_from_page_slug" file="/home/runner/work/develop/develop/packages/framework/tests/Feature/HydeKernelTest.php" line="104" class="Hyde\Framework\Testing\Feature\HydeKernelTest" classname="Hyde.Framework.Testing.Feature.HydeKernelTest" assertions="1" time="0.007689"/>
        <testcase name="test_normalize_newlines_replaces_carriage_returns_with_unix_endings" file="/home/runner/work/develop/develop/packages/framework/tests/Feature/HydeKernelTest.php" line="109" class="Hyde\Framework\Testing\Feature\HydeKernelTest" classname="Hyde.Framework.Testing.Feature.HydeKernelTest" assertions="1" time="0.007712"/>
        <testcase name="test_strip_newlines_helper_removes_all_newlines" file="/home/runner/work/develop/develop/packages/framework/tests/Feature/HydeKernelTest.php" line="114" class="Hyde\Framework\Testing\Feature\HydeKernelTest" classname="Hyde.Framework.Testing.Feature.HydeKernelTest" assertions="1" time="0.008453"/>
        <testcase name="test_trimSlashes_function_trims_trailing_slashes" file="/home/runner/work/develop/develop/packages/framework/tests/Feature/HydeKernelTest.php" line="119" class="Hyde\Framework\Testing\Feature\HydeKernelTest" classname="Hyde.Framework.Testing.Feature.HydeKernelTest" assertions="14" time="0.010580"/>
        <testcase name="test_markdown_helper_converts_markdown_to_html" file="/home/runner/work/develop/develop/packages/framework/tests/Feature/HydeKernelTest.php" line="140" class="Hyde\Framework\Testing\Feature\HydeKernelTest" classname="Hyde.Framework.Testing.Feature.HydeKernelTest" assertions="1" time="0.008913"/>
        <testcase name="test_markdown_helper_converts_indented_markdown_to_html" file="/home/runner/work/develop/develop/packages/framework/tests/Feature/HydeKernelTest.php" line="145" class="Hyde\Framework\Testing\Feature\HydeKernelTest" classname="Hyde.Framework.Testing.Feature.HydeKernelTest" assertions="1" time="0.009321"/>
        <testcase name="test_format_html_path_helper_formats_path_according_to_config_rules" file="/home/runner/work/develop/develop/packages/framework/tests/Feature/HydeKernelTest.php" line="150" class="Hyde\Framework\Testing\Feature\HydeKernelTest" classname="Hyde.Framework.Testing.Feature.HydeKernelTest" assertions="4" time="0.008207"/>
        <testcase name="test_relative_link_helper_returns_relative_link_to_destination" file="/home/runner/work/develop/develop/packages/framework/tests/Feature/HydeKernelTest.php" line="161" class="Hyde\Framework\Testing\Feature\HydeKernelTest" classname="Hyde.Framework.Testing.Feature.HydeKernelTest" assertions="2" time="0.008877"/>
        <testcase name="test_media_link_helper_returns_relative_link_to_destination" file="/home/runner/work/develop/develop/packages/framework/tests/Feature/HydeKernelTest.php" line="170" class="Hyde\Framework\Testing\Feature\HydeKernelTest" classname="Hyde.Framework.Testing.Feature.HydeKernelTest" assertions="2" time="0.008707"/>
        <testcase name="test_image_helper_returns_image_path_for_given_name" file="/home/runner/work/develop/develop/packages/framework/tests/Feature/HydeKernelTest.php" line="179" class="Hyde\Framework\Testing\Feature\HydeKernelTest" classname="Hyde.Framework.Testing.Feature.HydeKernelTest" assertions="4" time="0.008505"/>
        <testcase name="test_image_helper_trims_media_prefix" file="/home/runner/work/develop/develop/packages/framework/tests/Feature/HydeKernelTest.php" line="190" class="Hyde\Framework\Testing\Feature\HydeKernelTest" classname="Hyde.Framework.Testing.Feature.HydeKernelTest" assertions="1" time="0.008275"/>
        <testcase name="test_image_helper_supports_custom_media_directories" file="/home/runner/work/develop/develop/packages/framework/tests/Feature/HydeKernelTest.php" line="195" class="Hyde\Framework\Testing\Feature\HydeKernelTest" classname="Hyde.Framework.Testing.Feature.HydeKernelTest" assertions="1" time="0.008359"/>
        <testcase name="test_has_site_url_helper_returns_boolean_value_for_when_config_setting_is_set" file="/home/runner/work/develop/develop/packages/framework/tests/Feature/HydeKernelTest.php" line="201" class="Hyde\Framework\Testing\Feature\HydeKernelTest" classname="Hyde.Framework.Testing.Feature.HydeKernelTest" assertions="2" time="0.008389"/>
        <testcase name="test_url_returns_qualified_url_paths" file="/home/runner/work/develop/develop/packages/framework/tests/Feature/HydeKernelTest.php" line="210" class="Hyde\Framework\Testing\Feature\HydeKernelTest" classname="Hyde.Framework.Testing.Feature.HydeKernelTest" assertions="6" time="0.009042"/>
        <testcase name="test_filesystem_helper_returns_the_kernel_filesystem_instance" file="/home/runner/work/develop/develop/packages/framework/tests/Feature/HydeKernelTest.php" line="225" class="Hyde\Framework\Testing\Feature\HydeKernelTest" classname="Hyde.Framework.Testing.Feature.HydeKernelTest" assertions="1" time="0.007488"/>
        <testcase name="test_path_returns_qualified_path_for_given_path" file="/home/runner/work/develop/develop/packages/framework/tests/Feature/HydeKernelTest.php" line="230" class="Hyde\Framework\Testing\Feature\HydeKernelTest" classname="Hyde.Framework.Testing.Feature.HydeKernelTest" assertions="2" time="0.007248"/>
        <testcase name="test_vendor_path_returns_qualified_path_for_given_path" file="/home/runner/work/develop/develop/packages/framework/tests/Feature/HydeKernelTest.php" line="236" class="Hyde\Framework\Testing\Feature\HydeKernelTest" classname="Hyde.Framework.Testing.Feature.HydeKernelTest" assertions="2" time="0.008368"/>
        <testcase name="test_fluent_model_source_path_helpers" file="/home/runner/work/develop/develop/packages/framework/tests/Feature/HydeKernelTest.php" line="242" class="Hyde\Framework\Testing\Feature\HydeKernelTest" classname="Hyde.Framework.Testing.Feature.HydeKernelTest" assertions="11" time="0.010522"/>
        <testcase name="test_path_to_relative_helper_returns_relative_path_for_given_path" file="/home/runner/work/develop/develop/packages/framework/tests/Feature/HydeKernelTest.php" line="258" class="Hyde\Framework\Testing\Feature\HydeKernelTest" classname="Hyde.Framework.Testing.Feature.HydeKernelTest" assertions="1" time="0.007681"/>
        <testcase name="test_to_array_method" file="/home/runner/work/develop/develop/packages/framework/tests/Feature/HydeKernelTest.php" line="263" class="Hyde\Framework\Testing\Feature\HydeKernelTest" classname="Hyde.Framework.Testing.Feature.HydeKernelTest" assertions="1" time="0.015663"/>
        <testcase name="test_json_serialize_method" file="/home/runner/work/develop/develop/packages/framework/tests/Feature/HydeKernelTest.php" line="279" class="Hyde\Framework\Testing\Feature\HydeKernelTest" classname="Hyde.Framework.Testing.Feature.HydeKernelTest" assertions="1" time="0.017220"/>
        <testcase name="test_to_json_method" file="/home/runner/work/develop/develop/packages/framework/tests/Feature/HydeKernelTest.php" line="284" class="Hyde\Framework\Testing\Feature\HydeKernelTest" classname="Hyde.Framework.Testing.Feature.HydeKernelTest" assertions="1" time="0.017583"/>
        <testcase name="test_version_constant_is_a_valid_semver_string" file="/home/runner/work/develop/develop/packages/framework/tests/Feature/HydeKernelTest.php" line="289" class="Hyde\Framework\Testing\Feature\HydeKernelTest" classname="Hyde.Framework.Testing.Feature.HydeKernelTest" assertions="1" time="0.008499"/>
        <testcase name="test_version_constant_is_up_to_date_with_composer" file="/home/runner/work/develop/develop/packages/framework/tests/Feature/HydeKernelTest.php" line="298" class="Hyde\Framework\Testing\Feature\HydeKernelTest" classname="Hyde.Framework.Testing.Feature.HydeKernelTest" assertions="0" time="0.008452">
          <skipped/>
        </testcase>
        <testcase name="test_version_constant_is_up_to_date_with_git" file="/home/runner/work/develop/develop/packages/framework/tests/Feature/HydeKernelTest.php" line="309" class="Hyde\Framework\Testing\Feature\HydeKernelTest" classname="Hyde.Framework.Testing.Feature.HydeKernelTest" assertions="0" time="0.010732">
          <skipped/>
        </testcase>
        <testcase name="test_version_method_returns_version_constant" file="/home/runner/work/develop/develop/packages/framework/tests/Feature/HydeKernelTest.php" line="324" class="Hyde\Framework\Testing\Feature\HydeKernelTest" classname="Hyde.Framework.Testing.Feature.HydeKernelTest" assertions="1" time="0.007184"/>
        <testcase name="test_can_get_source_root" file="/home/runner/work/develop/develop/packages/framework/tests/Feature/HydeKernelTest.php" line="329" class="Hyde\Framework\Testing\Feature\HydeKernelTest" classname="Hyde.Framework.Testing.Feature.HydeKernelTest" assertions="1" time="0.008030"/>
        <testcase name="test_can_set_source_root" file="/home/runner/work/develop/develop/packages/framework/tests/Feature/HydeKernelTest.php" line="334" class="Hyde\Framework\Testing\Feature\HydeKernelTest" classname="Hyde.Framework.Testing.Feature.HydeKernelTest" assertions="1" time="0.008462"/>
        <testcase name="test_can_set_source_root_to_absolute_project_path" file="/home/runner/work/develop/develop/packages/framework/tests/Feature/HydeKernelTest.php" line="340" class="Hyde\Framework\Testing\Feature\HydeKernelTest" classname="Hyde.Framework.Testing.Feature.HydeKernelTest" assertions="1" time="0.008393"/>
        <testcase name="test_set_source_root_trims_trailing_slashes" file="/home/runner/work/develop/develop/packages/framework/tests/Feature/HydeKernelTest.php" line="346" class="Hyde\Framework\Testing\Feature\HydeKernelTest" classname="Hyde.Framework.Testing.Feature.HydeKernelTest" assertions="1" time="0.007846"/>
        <testcase name="test_can_get_output_directory" file="/home/runner/work/develop/develop/packages/framework/tests/Feature/HydeKernelTest.php" line="352" class="Hyde\Framework\Testing\Feature\HydeKernelTest" classname="Hyde.Framework.Testing.Feature.HydeKernelTest" assertions="1" time="0.007863"/>
        <testcase name="test_can_set_output_directory" file="/home/runner/work/develop/develop/packages/framework/tests/Feature/HydeKernelTest.php" line="357" class="Hyde\Framework\Testing\Feature\HydeKernelTest" classname="Hyde.Framework.Testing.Feature.HydeKernelTest" assertions="2" time="0.008020"/>
        <testcase name="test_can_set_output_directory_to_absolute_project_path" file="/home/runner/work/develop/develop/packages/framework/tests/Feature/HydeKernelTest.php" line="364" class="Hyde\Framework\Testing\Feature\HydeKernelTest" classname="Hyde.Framework.Testing.Feature.HydeKernelTest" assertions="2" time="0.008067"/>
        <testcase name="test_set_output_directory_trims_trailing_slashes" file="/home/runner/work/develop/develop/packages/framework/tests/Feature/HydeKernelTest.php" line="371" class="Hyde\Framework\Testing\Feature\HydeKernelTest" classname="Hyde.Framework.Testing.Feature.HydeKernelTest" assertions="1" time="0.007950"/>
        <testcase name="test_can_get_media_directory" file="/home/runner/work/develop/develop/packages/framework/tests/Feature/HydeKernelTest.php" line="377" class="Hyde\Framework\Testing\Feature\HydeKernelTest" classname="Hyde.Framework.Testing.Feature.HydeKernelTest" assertions="1" time="0.008302"/>
        <testcase name="test_can_set_media_directory" file="/home/runner/work/develop/develop/packages/framework/tests/Feature/HydeKernelTest.php" line="382" class="Hyde\Framework\Testing\Feature\HydeKernelTest" classname="Hyde.Framework.Testing.Feature.HydeKernelTest" assertions="1" time="0.008360"/>
        <testcase name="test_set_media_directory_trims_trailing_slashes" file="/home/runner/work/develop/develop/packages/framework/tests/Feature/HydeKernelTest.php" line="388" class="Hyde\Framework\Testing\Feature\HydeKernelTest" classname="Hyde.Framework.Testing.Feature.HydeKernelTest" assertions="1" time="0.007282"/>
        <testcase name="test_can_get_media_output_directory_name" file="/home/runner/work/develop/develop/packages/framework/tests/Feature/HydeKernelTest.php" line="394" class="Hyde\Framework\Testing\Feature\HydeKernelTest" classname="Hyde.Framework.Testing.Feature.HydeKernelTest" assertions="1" time="0.008163"/>
        <testcase name="test_get_media_output_directory_name_uses_trimmed_version_of_media_source_directory" file="/home/runner/work/develop/develop/packages/framework/tests/Feature/HydeKernelTest.php" line="399" class="Hyde\Framework\Testing\Feature\HydeKernelTest" classname="Hyde.Framework.Testing.Feature.HydeKernelTest" assertions="1" time="0.007726"/>
        <testcase name="test_can_get_site_media_output_directory" file="/home/runner/work/develop/develop/packages/framework/tests/Feature/HydeKernelTest.php" line="405" class="Hyde\Framework\Testing\Feature\HydeKernelTest" classname="Hyde.Framework.Testing.Feature.HydeKernelTest" assertions="1" time="0.007001"/>
        <testcase name="test_get_site_media_output_directory_uses_trimmed_version_of_media_source_directory" file="/home/runner/work/develop/develop/packages/framework/tests/Feature/HydeKernelTest.php" line="410" class="Hyde\Framework\Testing\Feature\HydeKernelTest" classname="Hyde.Framework.Testing.Feature.HydeKernelTest" assertions="1" time="0.008303"/>
        <testcase name="test_get_site_media_output_directory_uses_configured_site_output_directory" file="/home/runner/work/develop/develop/packages/framework/tests/Feature/HydeKernelTest.php" line="416" class="Hyde\Framework\Testing\Feature\HydeKernelTest" classname="Hyde.Framework.Testing.Feature.HydeKernelTest" assertions="1" time="0.007523"/>
        <testcase name="test_media_output_directory_can_be_changed_in_configuration" file="/home/runner/work/develop/develop/packages/framework/tests/Feature/HydeKernelTest.php" line="423" class="Hyde\Framework\Testing\Feature\HydeKernelTest" classname="Hyde.Framework.Testing.Feature.HydeKernelTest" assertions="2" time="0.009607"/>
        <testcase name="test_can_access_kernel_fluently_using_the_facade" file="/home/runner/work/develop/develop/packages/framework/tests/Feature/HydeKernelTest.php" line="433" class="Hyde\Framework\Testing\Feature\HydeKernelTest" classname="Hyde.Framework.Testing.Feature.HydeKernelTest" assertions="3" time="0.008497"/>
        <testcase name="test_can_register_booting_callback_closure" file="/home/runner/work/develop/develop/packages/framework/tests/Feature/HydeKernelTest.php" line="440" class="Hyde\Framework\Testing\Feature\HydeKernelTest" classname="Hyde.Framework.Testing.Feature.HydeKernelTest" assertions="1" time="0.013675"/>
        <testcase name="test_can_register_booted_callback_closure" file="/home/runner/work/develop/develop/packages/framework/tests/Feature/HydeKernelTest.php" line="451" class="Hyde\Framework\Testing\Feature\HydeKernelTest" classname="Hyde.Framework.Testing.Feature.HydeKernelTest" assertions="1" time="0.014278"/>
        <testcase name="test_can_register_booting_callback_callable" file="/home/runner/work/develop/develop/packages/framework/tests/Feature/HydeKernelTest.php" line="462" class="Hyde\Framework\Testing\Feature\HydeKernelTest" classname="Hyde.Framework.Testing.Feature.HydeKernelTest" assertions="1" time="0.013741"/>
        <testcase name="test_can_register_booted_callback_callable" file="/home/runner/work/develop/develop/packages/framework/tests/Feature/HydeKernelTest.php" line="471" class="Hyde\Framework\Testing\Feature\HydeKernelTest" classname="Hyde.Framework.Testing.Feature.HydeKernelTest" assertions="1" time="0.013632"/>
        <testcase name="test_booting_callback_receives_kernel_instance" file="/home/runner/work/develop/develop/packages/framework/tests/Feature/HydeKernelTest.php" line="480" class="Hyde\Framework\Testing\Feature\HydeKernelTest" classname="Hyde.Framework.Testing.Feature.HydeKernelTest" assertions="1" time="0.013864"/>
        <testcase name="test_booted_callback_receives_kernel_instance" file="/home/runner/work/develop/develop/packages/framework/tests/Feature/HydeKernelTest.php" line="491" class="Hyde\Framework\Testing\Feature\HydeKernelTest" classname="Hyde.Framework.Testing.Feature.HydeKernelTest" assertions="1" time="0.013362"/>
        <testcase name="test_can_use_booting_callbacks_to_inject_custom_pages" file="/home/runner/work/develop/develop/packages/framework/tests/Feature/HydeKernelTest.php" line="502" class="Hyde\Framework\Testing\Feature\HydeKernelTest" classname="Hyde.Framework.Testing.Feature.HydeKernelTest" assertions="2" time="0.015729"/>
        <testcase name="test_is_booted_returns_false_when_not_booted" file="/home/runner/work/develop/develop/packages/framework/tests/Feature/HydeKernelTest.php" line="515" class="Hyde\Framework\Testing\Feature\HydeKernelTest" classname="Hyde.Framework.Testing.Feature.HydeKernelTest" assertions="1" time="0.008211"/>
        <testcase name="test_is_booted_returns_true_when_booted" file="/home/runner/work/develop/develop/packages/framework/tests/Feature/HydeKernelTest.php" line="521" class="Hyde\Framework\Testing\Feature\HydeKernelTest" classname="Hyde.Framework.Testing.Feature.HydeKernelTest" assertions="1" time="0.013567"/>
        <testcase name="test_is_booted_method_on_the_facade" file="/home/runner/work/develop/develop/packages/framework/tests/Feature/HydeKernelTest.php" line="528" class="Hyde\Framework\Testing\Feature\HydeKernelTest" classname="Hyde.Framework.Testing.Feature.HydeKernelTest" assertions="2" time="0.014311"/>
      </testsuite>
      <testsuite name="Hyde\Framework\Testing\Feature\HydePageTest" file="/home/runner/work/develop/develop/packages/framework/tests/Feature/HydePageTest.php" tests="154" assertions="242" errors="0" failures="0" skipped="0" time="1.737309">
        <testcase name="testBaseSourceDirectory" file="/home/runner/work/develop/develop/packages/framework/tests/Feature/HydePageTest.php" line="40" class="Hyde\Framework\Testing\Feature\HydePageTest" classname="Hyde.Framework.Testing.Feature.HydePageTest" assertions="1" time="0.008248"/>
        <testcase name="testBaseOutputDirectory" file="/home/runner/work/develop/develop/packages/framework/tests/Feature/HydePageTest.php" line="48" class="Hyde\Framework\Testing\Feature\HydePageTest" classname="Hyde.Framework.Testing.Feature.HydePageTest" assertions="1" time="0.008137"/>
        <testcase name="testBaseFileExtension" file="/home/runner/work/develop/develop/packages/framework/tests/Feature/HydePageTest.php" line="56" class="Hyde\Framework\Testing\Feature\HydePageTest" classname="Hyde.Framework.Testing.Feature.HydePageTest" assertions="1" time="0.008140"/>
        <testcase name="testBaseSourcePath" file="/home/runner/work/develop/develop/packages/framework/tests/Feature/HydePageTest.php" line="64" class="Hyde\Framework\Testing\Feature\HydePageTest" classname="Hyde.Framework.Testing.Feature.HydePageTest" assertions="1" time="0.007767"/>
        <testcase name="testBaseOutputPath" file="/home/runner/work/develop/develop/packages/framework/tests/Feature/HydePageTest.php" line="72" class="Hyde\Framework\Testing\Feature\HydePageTest" classname="Hyde.Framework.Testing.Feature.HydePageTest" assertions="1" time="0.007785"/>
        <testcase name="testBasePath" file="/home/runner/work/develop/develop/packages/framework/tests/Feature/HydePageTest.php" line="80" class="Hyde\Framework\Testing\Feature\HydePageTest" classname="Hyde.Framework.Testing.Feature.HydePageTest" assertions="1" time="0.007993"/>
        <testcase name="testBasePathToIdentifier" file="/home/runner/work/develop/develop/packages/framework/tests/Feature/HydePageTest.php" line="88" class="Hyde\Framework\Testing\Feature\HydePageTest" classname="Hyde.Framework.Testing.Feature.HydePageTest" assertions="1" time="0.008056"/>
        <testcase name="testBaseBaseRouteKey" file="/home/runner/work/develop/develop/packages/framework/tests/Feature/HydePageTest.php" line="96" class="Hyde\Framework\Testing\Feature\HydePageTest" classname="Hyde.Framework.Testing.Feature.HydePageTest" assertions="1" time="0.008274"/>
        <testcase name="testBaseIsDiscoverable" file="/home/runner/work/develop/develop/packages/framework/tests/Feature/HydePageTest.php" line="104" class="Hyde\Framework\Testing\Feature\HydePageTest" classname="Hyde.Framework.Testing.Feature.HydePageTest" assertions="1" time="0.008814"/>
        <testcase name="testSourceDirectory" file="/home/runner/work/develop/develop/packages/framework/tests/Feature/HydePageTest.php" line="111" class="Hyde\Framework\Testing\Feature\HydePageTest" classname="Hyde.Framework.Testing.Feature.HydePageTest" assertions="1" time="0.008688"/>
        <testcase name="testOutputDirectory" file="/home/runner/work/develop/develop/packages/framework/tests/Feature/HydePageTest.php" line="119" class="Hyde\Framework\Testing\Feature\HydePageTest" classname="Hyde.Framework.Testing.Feature.HydePageTest" assertions="1" time="0.009546"/>
        <testcase name="testFileExtension" file="/home/runner/work/develop/develop/packages/framework/tests/Feature/HydePageTest.php" line="127" class="Hyde\Framework\Testing\Feature\HydePageTest" classname="Hyde.Framework.Testing.Feature.HydePageTest" assertions="1" time="0.007957"/>
        <testcase name="testSourcePath" file="/home/runner/work/develop/develop/packages/framework/tests/Feature/HydePageTest.php" line="135" class="Hyde\Framework\Testing\Feature\HydePageTest" classname="Hyde.Framework.Testing.Feature.HydePageTest" assertions="1" time="0.008015"/>
        <testcase name="testOutputPath" file="/home/runner/work/develop/develop/packages/framework/tests/Feature/HydePageTest.php" line="143" class="Hyde\Framework\Testing\Feature\HydePageTest" classname="Hyde.Framework.Testing.Feature.HydePageTest" assertions="1" time="0.008570"/>
        <testcase name="testPath" file="/home/runner/work/develop/develop/packages/framework/tests/Feature/HydePageTest.php" line="151" class="Hyde\Framework\Testing\Feature\HydePageTest" classname="Hyde.Framework.Testing.Feature.HydePageTest" assertions="1" time="0.008100"/>
        <testcase name="testBaseRouteKey" file="/home/runner/work/develop/develop/packages/framework/tests/Feature/HydePageTest.php" line="159" class="Hyde\Framework\Testing\Feature\HydePageTest" classname="Hyde.Framework.Testing.Feature.HydePageTest" assertions="1" time="0.008377"/>
        <testcase name="testIsDiscoverable" file="/home/runner/work/develop/develop/packages/framework/tests/Feature/HydePageTest.php" line="167" class="Hyde\Framework\Testing\Feature\HydePageTest" classname="Hyde.Framework.Testing.Feature.HydePageTest" assertions="1" time="0.008705"/>
        <testcase name="testGetSourcePath" file="/home/runner/work/develop/develop/packages/framework/tests/Feature/HydePageTest.php" line="172" class="Hyde\Framework\Testing\Feature\HydePageTest" classname="Hyde.Framework.Testing.Feature.HydePageTest" assertions="1" time="0.010213"/>
        <testcase name="testGetOutputPath" file="/home/runner/work/develop/develop/packages/framework/tests/Feature/HydePageTest.php" line="180" class="Hyde\Framework\Testing\Feature\HydePageTest" classname="Hyde.Framework.Testing.Feature.HydePageTest" assertions="1" time="0.009970"/>
        <testcase name="testGetLink" file="/home/runner/work/develop/develop/packages/framework/tests/Feature/HydePageTest.php" line="188" class="Hyde\Framework\Testing\Feature\HydePageTest" classname="Hyde.Framework.Testing.Feature.HydePageTest" assertions="1" time="0.011113"/>
        <testcase name="testMake" file="/home/runner/work/develop/develop/packages/framework/tests/Feature/HydePageTest.php" line="196" class="Hyde\Framework\Testing\Feature\HydePageTest" classname="Hyde.Framework.Testing.Feature.HydePageTest" assertions="1" time="0.011391"/>
        <testcase name="testMakeWithData" file="/home/runner/work/develop/develop/packages/framework/tests/Feature/HydePageTest.php" line="201" class="Hyde\Framework\Testing\Feature\HydePageTest" classname="Hyde.Framework.Testing.Feature.HydePageTest" assertions="1" time="0.012290"/>
        <testcase name="testShowInNavigation" file="/home/runner/work/develop/develop/packages/framework/tests/Feature/HydePageTest.php" line="209" class="Hyde\Framework\Testing\Feature\HydePageTest" classname="Hyde.Framework.Testing.Feature.HydePageTest" assertions="5" time="0.014095"/>
        <testcase name="testNavigationMenuPriority" file="/home/runner/work/develop/develop/packages/framework/tests/Feature/HydePageTest.php" line="218" class="Hyde\Framework\Testing\Feature\HydePageTest" classname="Hyde.Framework.Testing.Feature.HydePageTest" assertions="5" time="0.013789"/>
        <testcase name="testNavigationMenuLabel" file="/home/runner/work/develop/develop/packages/framework/tests/Feature/HydePageTest.php" line="227" class="Hyde\Framework\Testing\Feature\HydePageTest" classname="Hyde.Framework.Testing.Feature.HydePageTest" assertions="5" time="0.016007"/>
        <testcase name="testNavigationMenuGroup" file="/home/runner/work/develop/develop/packages/framework/tests/Feature/HydePageTest.php" line="236" class="Hyde\Framework\Testing\Feature\HydePageTest" classname="Hyde.Framework.Testing.Feature.HydePageTest" assertions="6" time="0.015067"/>
        <testcase name="testToArray" file="/home/runner/work/develop/develop/packages/framework/tests/Feature/HydePageTest.php" line="246" class="Hyde\Framework\Testing\Feature\HydePageTest" classname="Hyde.Framework.Testing.Feature.HydePageTest" assertions="1" time="0.011367"/>
        <testcase name="test_get_source_directory_returns_static_property" file="/home/runner/work/develop/develop/packages/framework/tests/Feature/HydePageTest.php" line="263" class="Hyde\Framework\Testing\Feature\HydePageTest" classname="Hyde.Framework.Testing.Feature.HydePageTest" assertions="1" time="0.008584"/>
        <testcase name="test_set_source_directory_trims_trailing_slashes" file="/home/runner/work/develop/develop/packages/framework/tests/Feature/HydePageTest.php" line="270" class="Hyde\Framework\Testing\Feature\HydePageTest" classname="Hyde.Framework.Testing.Feature.HydePageTest" assertions="1" time="0.008736"/>
        <testcase name="test_get_output_directory_returns_static_property" file="/home/runner/work/develop/develop/packages/framework/tests/Feature/HydePageTest.php" line="277" class="Hyde\Framework\Testing\Feature\HydePageTest" classname="Hyde.Framework.Testing.Feature.HydePageTest" assertions="1" time="0.009268"/>
        <testcase name="test_set_output_directory_trims_trailing_slashes" file="/home/runner/work/develop/develop/packages/framework/tests/Feature/HydePageTest.php" line="284" class="Hyde\Framework\Testing\Feature\HydePageTest" classname="Hyde.Framework.Testing.Feature.HydePageTest" assertions="1" time="0.009054"/>
        <testcase name="test_get_file_extension_returns_static_property" file="/home/runner/work/develop/develop/packages/framework/tests/Feature/HydePageTest.php" line="291" class="Hyde\Framework\Testing\Feature\HydePageTest" classname="Hyde.Framework.Testing.Feature.HydePageTest" assertions="1" time="0.009230"/>
        <testcase name="test_set_file_extension_forces_leading_period" file="/home/runner/work/develop/develop/packages/framework/tests/Feature/HydePageTest.php" line="298" class="Hyde\Framework\Testing\Feature\HydePageTest" classname="Hyde.Framework.Testing.Feature.HydePageTest" assertions="1" time="0.009144"/>
        <testcase name="test_set_file_extension_removes_trailing_period" file="/home/runner/work/develop/develop/packages/framework/tests/Feature/HydePageTest.php" line="305" class="Hyde\Framework\Testing\Feature\HydePageTest" classname="Hyde.Framework.Testing.Feature.HydePageTest" assertions="1" time="0.007843"/>
        <testcase name="test_get_identifier_returns_identifier_property" file="/home/runner/work/develop/develop/packages/framework/tests/Feature/HydePageTest.php" line="312" class="Hyde\Framework\Testing\Feature\HydePageTest" classname="Hyde.Framework.Testing.Feature.HydePageTest" assertions="1" time="0.011673"/>
        <testcase name="test_set_source_directory" file="/home/runner/work/develop/develop/packages/framework/tests/Feature/HydePageTest.php" line="318" class="Hyde\Framework\Testing\Feature\HydePageTest" classname="Hyde.Framework.Testing.Feature.HydePageTest" assertions="1" time="0.009046"/>
        <testcase name="test_set_output_directory" file="/home/runner/work/develop/develop/packages/framework/tests/Feature/HydePageTest.php" line="324" class="Hyde\Framework\Testing\Feature\HydePageTest" classname="Hyde.Framework.Testing.Feature.HydePageTest" assertions="1" time="0.008864"/>
        <testcase name="test_set_file_extension" file="/home/runner/work/develop/develop/packages/framework/tests/Feature/HydePageTest.php" line="330" class="Hyde\Framework\Testing\Feature\HydePageTest" classname="Hyde.Framework.Testing.Feature.HydePageTest" assertions="1" time="0.008593"/>
        <testcase name="test_static_get_method_returns_discovered_page" file="/home/runner/work/develop/develop/packages/framework/tests/Feature/HydePageTest.php" line="336" class="Hyde\Framework\Testing\Feature\HydePageTest" classname="Hyde.Framework.Testing.Feature.HydePageTest" assertions="1" time="0.017913"/>
        <testcase name="test_static_get_method_throws_exception_if_page_not_found" file="/home/runner/work/develop/develop/packages/framework/tests/Feature/HydePageTest.php" line="341" class="Hyde\Framework\Testing\Feature\HydePageTest" classname="Hyde.Framework.Testing.Feature.HydePageTest" assertions="1" time="0.015253"/>
        <testcase name="test_parse_parses_supplied_slug_into_a_page_model" file="/home/runner/work/develop/develop/packages/framework/tests/Feature/HydePageTest.php" line="347" class="Hyde\Framework\Testing\Feature\HydePageTest" classname="Hyde.Framework.Testing.Feature.HydePageTest" assertions="2" time="0.012332"/>
        <testcase name="test_files_returns_array_of_source_files" file="/home/runner/work/develop/develop/packages/framework/tests/Feature/HydePageTest.php" line="357" class="Hyde\Framework\Testing\Feature\HydePageTest" classname="Hyde.Framework.Testing.Feature.HydePageTest" assertions="1" time="0.017862"/>
        <testcase name="test_all_returns_collection_of_all_parsed_source_files_from_page_index" file="/home/runner/work/develop/develop/packages/framework/tests/Feature/HydePageTest.php" line="364" class="Hyde\Framework\Testing\Feature\HydePageTest" classname="Hyde.Framework.Testing.Feature.HydePageTest" assertions="2" time="0.018934"/>
        <testcase name="test_qualify_basename_properly_expands_basename_for_the_model" file="/home/runner/work/develop/develop/packages/framework/tests/Feature/HydePageTest.php" line="378" class="Hyde\Framework\Testing\Feature\HydePageTest" classname="Hyde.Framework.Testing.Feature.HydePageTest" assertions="1" time="0.008564"/>
        <testcase name="test_qualify_basename_trims_slashes_from_input" file="/home/runner/work/develop/develop/packages/framework/tests/Feature/HydePageTest.php" line="383" class="Hyde\Framework\Testing\Feature\HydePageTest" classname="Hyde.Framework.Testing.Feature.HydePageTest" assertions="1" time="0.009258"/>
        <testcase name="test_qualify_basename_uses_the_static_properties" file="/home/runner/work/develop/develop/packages/framework/tests/Feature/HydePageTest.php" line="388" class="Hyde\Framework\Testing\Feature\HydePageTest" classname="Hyde.Framework.Testing.Feature.HydePageTest" assertions="1" time="0.009015"/>
        <testcase name="test_path_returns_absolute_path_to_source_directory_when_no_parameter_is_supplied" file="/home/runner/work/develop/develop/packages/framework/tests/Feature/HydePageTest.php" line="396" class="Hyde\Framework\Testing\Feature\HydePageTest" classname="Hyde.Framework.Testing.Feature.HydePageTest" assertions="1" time="0.009180"/>
        <testcase name="test_path_returns_absolute_path_to_file_in_source_directory_when_parameter_is_supplied" file="/home/runner/work/develop/develop/packages/framework/tests/Feature/HydePageTest.php" line="403" class="Hyde\Framework\Testing\Feature\HydePageTest" classname="Hyde.Framework.Testing.Feature.HydePageTest" assertions="1" time="0.008971"/>
        <testcase name="test_path_method_removes_trailing_slashes" file="/home/runner/work/develop/develop/packages/framework/tests/Feature/HydePageTest.php" line="410" class="Hyde\Framework\Testing\Feature\HydePageTest" classname="Hyde.Framework.Testing.Feature.HydePageTest" assertions="1" time="0.008434"/>
        <testcase name="test_get_output_location_returns_the_file_output_path_for_the_supplied_basename" file="/home/runner/work/develop/develop/packages/framework/tests/Feature/HydePageTest.php" line="417" class="Hyde\Framework\Testing\Feature\HydePageTest" classname="Hyde.Framework.Testing.Feature.HydePageTest" assertions="1" time="0.008490"/>
        <testcase name="test_get_output_location_returns_the_configured_location" file="/home/runner/work/develop/develop/packages/framework/tests/Feature/HydePageTest.php" line="422" class="Hyde\Framework\Testing\Feature\HydePageTest" classname="Hyde.Framework.Testing.Feature.HydePageTest" assertions="1" time="0.008817"/>
        <testcase name="test_get_output_location_trims_trailing_slashes_from_directory_setting" file="/home/runner/work/develop/develop/packages/framework/tests/Feature/HydePageTest.php" line="429" class="Hyde\Framework\Testing\Feature\HydePageTest" classname="Hyde.Framework.Testing.Feature.HydePageTest" assertions="1" time="0.009051"/>
        <testcase name="test_get_output_location_trims_trailing_slashes_from_basename" file="/home/runner/work/develop/develop/packages/framework/tests/Feature/HydePageTest.php" line="436" class="Hyde\Framework\Testing\Feature\HydePageTest" classname="Hyde.Framework.Testing.Feature.HydePageTest" assertions="1" time="0.009048"/>
        <testcase name="test_get_current_page_path_returns_output_directory_and_basename" file="/home/runner/work/develop/develop/packages/framework/tests/Feature/HydePageTest.php" line="441" class="Hyde\Framework\Testing\Feature\HydePageTest" classname="Hyde.Framework.Testing.Feature.HydePageTest" assertions="1" time="0.010912"/>
        <testcase name="test_get_current_page_path_returns_output_directory_and_basename_for_configured_directory" file="/home/runner/work/develop/develop/packages/framework/tests/Feature/HydePageTest.php" line="447" class="Hyde\Framework\Testing\Feature\HydePageTest" classname="Hyde.Framework.Testing.Feature.HydePageTest" assertions="1" time="0.011066"/>
        <testcase name="test_get_current_page_path_trims_trailing_slashes_from_directory_setting" file="/home/runner/work/develop/develop/packages/framework/tests/Feature/HydePageTest.php" line="455" class="Hyde\Framework\Testing\Feature\HydePageTest" classname="Hyde.Framework.Testing.Feature.HydePageTest" assertions="1" time="0.010826"/>
        <testcase name="test_get_output_path_returns_current_page_path_with_html_extension_appended" file="/home/runner/work/develop/develop/packages/framework/tests/Feature/HydePageTest.php" line="463" class="Hyde\Framework\Testing\Feature\HydePageTest" classname="Hyde.Framework.Testing.Feature.HydePageTest" assertions="1" time="0.012164"/>
        <testcase name="test_get_source_path_returns_qualified_basename" file="/home/runner/work/develop/develop/packages/framework/tests/Feature/HydePageTest.php" line="469" class="Hyde\Framework\Testing\Feature\HydePageTest" classname="Hyde.Framework.Testing.Feature.HydePageTest" assertions="1" time="0.010866"/>
        <testcase name="test_markdown_page_implements_page_contract" file="/home/runner/work/develop/develop/packages/framework/tests/Feature/HydePageTest.php" line="477" class="Hyde\Framework\Testing\Feature\HydePageTest" classname="Hyde.Framework.Testing.Feature.HydePageTest" assertions="1" time="0.010488"/>
        <testcase name="test_all_page_models_extend_abstract_page" file="/home/runner/work/develop/develop/packages/framework/tests/Feature/HydePageTest.php" line="482" class="Hyde\Framework\Testing\Feature\HydePageTest" classname="Hyde.Framework.Testing.Feature.HydePageTest" assertions="6" time="0.013863"/>
        <testcase name="test_all_page_models_have_configured_source_directory" file="/home/runner/work/develop/develop/packages/framework/tests/Feature/HydePageTest.php" line="499" class="Hyde\Framework\Testing\Feature\HydePageTest" classname="Hyde.Framework.Testing.Feature.HydePageTest" assertions="5" time="0.009519"/>
        <testcase name="test_all_page_models_have_configured_output_directory" file="/home/runner/work/develop/develop/packages/framework/tests/Feature/HydePageTest.php" line="514" class="Hyde\Framework\Testing\Feature\HydePageTest" classname="Hyde.Framework.Testing.Feature.HydePageTest" assertions="4" time="0.008336"/>
        <testcase name="test_all_page_models_have_configured_file_extension" file="/home/runner/work/develop/develop/packages/framework/tests/Feature/HydePageTest.php" line="528" class="Hyde\Framework\Testing\Feature\HydePageTest" classname="Hyde.Framework.Testing.Feature.HydePageTest" assertions="4" time="0.009046"/>
        <testcase name="test_abstract_markdown_page_extends_abstract_page" file="/home/runner/work/develop/develop/packages/framework/tests/Feature/HydePageTest.php" line="542" class="Hyde\Framework\Testing\Feature\HydePageTest" classname="Hyde.Framework.Testing.Feature.HydePageTest" assertions="1" time="0.015174"/>
        <testcase name="test_abstract_markdown_page_implements_page_contract" file="/home/runner/work/develop/develop/packages/framework/tests/Feature/HydePageTest.php" line="547" class="Hyde\Framework\Testing\Feature\HydePageTest" classname="Hyde.Framework.Testing.Feature.HydePageTest" assertions="1" time="0.008878"/>
        <testcase name="test_abstract_markdown_page_has_markdown_document_property" file="/home/runner/work/develop/develop/packages/framework/tests/Feature/HydePageTest.php" line="552" class="Hyde\Framework\Testing\Feature\HydePageTest" classname="Hyde.Framework.Testing.Feature.HydePageTest" assertions="1" time="0.008500"/>
        <testcase name="test_abstract_markdown_page_has_file_extension_property" file="/home/runner/work/develop/develop/packages/framework/tests/Feature/HydePageTest.php" line="557" class="Hyde\Framework\Testing\Feature\HydePageTest" classname="Hyde.Framework.Testing.Feature.HydePageTest" assertions="1" time="0.008325"/>
        <testcase name="test_abstract_markdown_page_file_extension_property_is_set_to_md" file="/home/runner/work/develop/develop/packages/framework/tests/Feature/HydePageTest.php" line="562" class="Hyde\Framework\Testing\Feature\HydePageTest" classname="Hyde.Framework.Testing.Feature.HydePageTest" assertions="1" time="0.007885"/>
        <testcase name="test_abstract_markdown_page_constructor_arguments_are_optional" file="/home/runner/work/develop/develop/packages/framework/tests/Feature/HydePageTest.php" line="567" class="Hyde\Framework\Testing\Feature\HydePageTest" classname="Hyde.Framework.Testing.Feature.HydePageTest" assertions="1" time="0.008273"/>
        <testcase name="test_abstract_markdown_page_constructor_assigns_markdown_document_property_if_set" file="/home/runner/work/develop/develop/packages/framework/tests/Feature/HydePageTest.php" line="573" class="Hyde\Framework\Testing\Feature\HydePageTest" classname="Hyde.Framework.Testing.Feature.HydePageTest" assertions="1" time="0.009946"/>
        <testcase name="test_abstract_markdown_page_constructor_creates_new_markdown_document_if_no_markdown_document_is_set" file="/home/runner/work/develop/develop/packages/framework/tests/Feature/HydePageTest.php" line="580" class="Hyde\Framework\Testing\Feature\HydePageTest" classname="Hyde.Framework.Testing.Feature.HydePageTest" assertions="1" time="0.010832"/>
        <testcase name="test_abstract_markdown_page_markdown_helper_returns_the_markdown_document_instance" file="/home/runner/work/develop/develop/packages/framework/tests/Feature/HydePageTest.php" line="586" class="Hyde\Framework\Testing\Feature\HydePageTest" classname="Hyde.Framework.Testing.Feature.HydePageTest" assertions="1" time="0.010711"/>
        <testcase name="test_abstract_markdown_page_markdown_helper_returns_the_configured_markdown_document_instance" file="/home/runner/work/develop/develop/packages/framework/tests/Feature/HydePageTest.php" line="592" class="Hyde\Framework\Testing\Feature\HydePageTest" classname="Hyde.Framework.Testing.Feature.HydePageTest" assertions="1" time="0.010211"/>
        <testcase name="test_abstract_markdown_page_make_helper_constructs_dynamic_title_automatically" file="/home/runner/work/develop/develop/packages/framework/tests/Feature/HydePageTest.php" line="599" class="Hyde\Framework\Testing\Feature\HydePageTest" classname="Hyde.Framework.Testing.Feature.HydePageTest" assertions="1" time="0.010511"/>
        <testcase name="test_markdown_based_pages_extend_abstract_markdown_page" file="/home/runner/work/develop/develop/packages/framework/tests/Feature/HydePageTest.php" line="605" class="Hyde\Framework\Testing\Feature\HydePageTest" classname="Hyde.Framework.Testing.Feature.HydePageTest" assertions="3" time="0.012335"/>
        <testcase name="test_blade_pages_do_not_extend_abstract_markdown_page" file="/home/runner/work/develop/develop/packages/framework/tests/Feature/HydePageTest.php" line="618" class="Hyde\Framework\Testing\Feature\HydePageTest" classname="Hyde.Framework.Testing.Feature.HydePageTest" assertions="1" time="0.010913"/>
        <testcase name="test_get_route_returns_page_route" file="/home/runner/work/develop/develop/packages/framework/tests/Feature/HydePageTest.php" line="623" class="Hyde\Framework\Testing\Feature\HydePageTest" classname="Hyde.Framework.Testing.Feature.HydePageTest" assertions="1" time="0.016225"/>
        <testcase name="test_get_route_returns_the_route_object_from_the_router_index" file="/home/runner/work/develop/develop/packages/framework/tests/Feature/HydePageTest.php" line="629" class="Hyde\Framework\Testing\Feature\HydePageTest" classname="Hyde.Framework.Testing.Feature.HydePageTest" assertions="1" time="0.018748"/>
        <testcase name="test_html_title_returns_site_name_plus_page_title" file="/home/runner/work/develop/develop/packages/framework/tests/Feature/HydePageTest.php" line="636" class="Hyde\Framework\Testing\Feature\HydePageTest" classname="Hyde.Framework.Testing.Feature.HydePageTest" assertions="1" time="0.010999"/>
        <testcase name="test_html_title_uses_configured_site_name" file="/home/runner/work/develop/develop/packages/framework/tests/Feature/HydePageTest.php" line="642" class="Hyde\Framework\Testing\Feature\HydePageTest" classname="Hyde.Framework.Testing.Feature.HydePageTest" assertions="1" time="0.011200"/>
        <testcase name="test_body_helper_returns_markdown_document_body_in_markdown_pages" file="/home/runner/work/develop/develop/packages/framework/tests/Feature/HydePageTest.php" line="649" class="Hyde\Framework\Testing\Feature\HydePageTest" classname="Hyde.Framework.Testing.Feature.HydePageTest" assertions="1" time="0.009721"/>
        <testcase name="test_show_in_navigation_returns_false_for_markdown_post" file="/home/runner/work/develop/develop/packages/framework/tests/Feature/HydePageTest.php" line="655" class="Hyde\Framework\Testing\Feature\HydePageTest" classname="Hyde.Framework.Testing.Feature.HydePageTest" assertions="1" time="0.011260"/>
        <testcase name="test_show_in_navigation_returns_true_for_documentation_page_if_slug_is_index" file="/home/runner/work/develop/develop/packages/framework/tests/Feature/HydePageTest.php" line="662" class="Hyde\Framework\Testing\Feature\HydePageTest" classname="Hyde.Framework.Testing.Feature.HydePageTest" assertions="1" time="0.011337"/>
        <testcase name="test_show_in_navigation_returns_true_for_documentation_page_if_slug_is_not_index" file="/home/runner/work/develop/develop/packages/framework/tests/Feature/HydePageTest.php" line="669" class="Hyde\Framework\Testing\Feature\HydePageTest" classname="Hyde.Framework.Testing.Feature.HydePageTest" assertions="1" time="0.011803"/>
        <testcase name="test_show_in_navigation_returns_false_for_abstract_markdown_page_if_matter_navigation_hidden_is_true" file="/home/runner/work/develop/develop/packages/framework/tests/Feature/HydePageTest.php" line="676" class="Hyde\Framework\Testing\Feature\HydePageTest" classname="Hyde.Framework.Testing.Feature.HydePageTest" assertions="1" time="0.011606"/>
        <testcase name="test_show_in_navigation_returns_true_for_abstract_markdown_page_if_matter_navigation_visible_is_true" file="/home/runner/work/develop/develop/packages/framework/tests/Feature/HydePageTest.php" line="683" class="Hyde\Framework\Testing\Feature\HydePageTest" classname="Hyde.Framework.Testing.Feature.HydePageTest" assertions="1" time="0.011428"/>
        <testcase name="test_show_in_navigation_returns_true_for_abstract_markdown_page_if_matter_navigation_hidden_is_false" file="/home/runner/work/develop/develop/packages/framework/tests/Feature/HydePageTest.php" line="690" class="Hyde\Framework\Testing\Feature\HydePageTest" classname="Hyde.Framework.Testing.Feature.HydePageTest" assertions="1" time="0.011854"/>
        <testcase name="test_show_in_navigation_returns_true_for_abstract_markdown_page_if_matter_navigation_hidden_is_not_set" file="/home/runner/work/develop/develop/packages/framework/tests/Feature/HydePageTest.php" line="697" class="Hyde\Framework\Testing\Feature\HydePageTest" classname="Hyde.Framework.Testing.Feature.HydePageTest" assertions="1" time="0.011337"/>
        <testcase name="test_show_in_navigation_returns_false_if_slug_is_present_in_config_hyde_navigation_exclude" file="/home/runner/work/develop/develop/packages/framework/tests/Feature/HydePageTest.php" line="704" class="Hyde\Framework\Testing\Feature\HydePageTest" classname="Hyde.Framework.Testing.Feature.HydePageTest" assertions="2" time="0.012260"/>
        <testcase name="test_show_in_navigation_returns_false_if_slug_is_404" file="/home/runner/work/develop/develop/packages/framework/tests/Feature/HydePageTest.php" line="714" class="Hyde\Framework\Testing\Feature\HydePageTest" classname="Hyde.Framework.Testing.Feature.HydePageTest" assertions="1" time="0.010949"/>
        <testcase name="test_show_in_navigation_defaults_to_true_if_all_checks_pass" file="/home/runner/work/develop/develop/packages/framework/tests/Feature/HydePageTest.php" line="720" class="Hyde\Framework\Testing\Feature\HydePageTest" classname="Hyde.Framework.Testing.Feature.HydePageTest" assertions="1" time="0.010403"/>
        <testcase name="test_navigation_menu_priority_returns_front_matter_value_of_navigation_priority_if_abstract_markdown_page_and_not_null" file="/home/runner/work/develop/develop/packages/framework/tests/Feature/HydePageTest.php" line="726" class="Hyde\Framework\Testing\Feature\HydePageTest" classname="Hyde.Framework.Testing.Feature.HydePageTest" assertions="1" time="0.010694"/>
        <testcase name="test_navigation_menu_priority_can_be_set_using_order_property" file="/home/runner/work/develop/develop/packages/framework/tests/Feature/HydePageTest.php" line="732" class="Hyde\Framework\Testing\Feature\HydePageTest" classname="Hyde.Framework.Testing.Feature.HydePageTest" assertions="1" time="0.010237"/>
        <testcase name="test_navigation_menu_priority_returns_specified_config_value_if_slug_exists_in_config_hyde_navigation_order" file="/home/runner/work/develop/develop/packages/framework/tests/Feature/HydePageTest.php" line="738" class="Hyde\Framework\Testing\Feature\HydePageTest" classname="Hyde.Framework.Testing.Feature.HydePageTest" assertions="2" time="0.011377"/>
        <testcase name="test_navigation_menu_priority_gives_precedence_to_front_matter_over_config_hyde_navigation_order" file="/home/runner/work/develop/develop/packages/framework/tests/Feature/HydePageTest.php" line="748" class="Hyde\Framework\Testing\Feature\HydePageTest" classname="Hyde.Framework.Testing.Feature.HydePageTest" assertions="2" time="0.010848"/>
        <testcase name="test_navigation_menu_priority_returns_999_for_documentation_page" file="/home/runner/work/develop/develop/packages/framework/tests/Feature/HydePageTest.php" line="758" class="Hyde\Framework\Testing\Feature\HydePageTest" classname="Hyde.Framework.Testing.Feature.HydePageTest" assertions="1" time="0.011328"/>
        <testcase name="test_navigation_menu_priority_returns_0_if_slug_is_index" file="/home/runner/work/develop/develop/packages/framework/tests/Feature/HydePageTest.php" line="764" class="Hyde\Framework\Testing\Feature\HydePageTest" classname="Hyde.Framework.Testing.Feature.HydePageTest" assertions="1" time="0.010832"/>
        <testcase name="test_navigation_menu_priority_returns_10_if_slug_is_posts" file="/home/runner/work/develop/develop/packages/framework/tests/Feature/HydePageTest.php" line="770" class="Hyde\Framework\Testing\Feature\HydePageTest" classname="Hyde.Framework.Testing.Feature.HydePageTest" assertions="1" time="0.011767"/>
        <testcase name="test_navigation_menu_priority_defaults_to_999_if_no_other_conditions_are_met" file="/home/runner/work/develop/develop/packages/framework/tests/Feature/HydePageTest.php" line="776" class="Hyde\Framework\Testing\Feature\HydePageTest" classname="Hyde.Framework.Testing.Feature.HydePageTest" assertions="1" time="0.012067"/>
        <testcase name="test_navigation_menu_title_returns_navigation_title_matter_if_set" file="/home/runner/work/develop/develop/packages/framework/tests/Feature/HydePageTest.php" line="782" class="Hyde\Framework\Testing\Feature\HydePageTest" classname="Hyde.Framework.Testing.Feature.HydePageTest" assertions="1" time="0.011866"/>
        <testcase name="test_navigation_menu_title_returns_title_matter_if_set" file="/home/runner/work/develop/develop/packages/framework/tests/Feature/HydePageTest.php" line="788" class="Hyde\Framework\Testing\Feature\HydePageTest" classname="Hyde.Framework.Testing.Feature.HydePageTest" assertions="1" time="0.011290"/>
        <testcase name="test_navigation_menu_title_navigation_title_has_precedence_over_title" file="/home/runner/work/develop/develop/packages/framework/tests/Feature/HydePageTest.php" line="794" class="Hyde\Framework\Testing\Feature\HydePageTest" classname="Hyde.Framework.Testing.Feature.HydePageTest" assertions="1" time="0.010601"/>
        <testcase name="test_navigation_menu_title_returns_docs_if_slug_is_index_and_model_is_documentation_page" file="/home/runner/work/develop/develop/packages/framework/tests/Feature/HydePageTest.php" line="800" class="Hyde\Framework\Testing\Feature\HydePageTest" classname="Hyde.Framework.Testing.Feature.HydePageTest" assertions="1" time="0.010069"/>
        <testcase name="test_navigation_menu_title_returns_home_if_slug_is_index_and_model_is_not_documentation_page" file="/home/runner/work/develop/develop/packages/framework/tests/Feature/HydePageTest.php" line="806" class="Hyde\Framework\Testing\Feature\HydePageTest" classname="Hyde.Framework.Testing.Feature.HydePageTest" assertions="1" time="0.011897"/>
        <testcase name="test_navigation_menu_title_returns_title_if_title_is_set_and_not_empty" file="/home/runner/work/develop/develop/packages/framework/tests/Feature/HydePageTest.php" line="812" class="Hyde\Framework\Testing\Feature\HydePageTest" classname="Hyde.Framework.Testing.Feature.HydePageTest" assertions="1" time="0.011006"/>
        <testcase name="test_navigation_menu_title_falls_back_to_hyde_make_title_from_slug" file="/home/runner/work/develop/develop/packages/framework/tests/Feature/HydePageTest.php" line="818" class="Hyde\Framework\Testing\Feature\HydePageTest" classname="Hyde.Framework.Testing.Feature.HydePageTest" assertions="1" time="0.011877"/>
        <testcase name="test_navigation_menu_title_can_be_set_in_configuration" file="/home/runner/work/develop/develop/packages/framework/tests/Feature/HydePageTest.php" line="824" class="Hyde\Framework\Testing\Feature\HydePageTest" classname="Hyde.Framework.Testing.Feature.HydePageTest" assertions="1" time="0.012188"/>
        <testcase name="test_documentation_page_can_be_hidden_from_navigation_using_config" file="/home/runner/work/develop/develop/packages/framework/tests/Feature/HydePageTest.php" line="831" class="Hyde\Framework\Testing\Feature\HydePageTest" classname="Hyde.Framework.Testing.Feature.HydePageTest" assertions="1" time="0.010753"/>
        <testcase name="test_get_canonical_url_returns_url_for_top_level_page" file="/home/runner/work/develop/develop/packages/framework/tests/Feature/HydePageTest.php" line="838" class="Hyde\Framework\Testing\Feature\HydePageTest" classname="Hyde.Framework.Testing.Feature.HydePageTest" assertions="1" time="0.010840"/>
        <testcase name="test_get_canonical_url_returns_pretty_url_for_top_level_page" file="/home/runner/work/develop/develop/packages/framework/tests/Feature/HydePageTest.php" line="846" class="Hyde\Framework\Testing\Feature\HydePageTest" classname="Hyde.Framework.Testing.Feature.HydePageTest" assertions="1" time="0.010825"/>
        <testcase name="test_get_canonical_url_returns_url_for_nested_page" file="/home/runner/work/develop/develop/packages/framework/tests/Feature/HydePageTest.php" line="855" class="Hyde\Framework\Testing\Feature\HydePageTest" classname="Hyde.Framework.Testing.Feature.HydePageTest" assertions="1" time="0.011010"/>
        <testcase name="test_get_canonical_url_returns_url_for_deeply_nested_page" file="/home/runner/work/develop/develop/packages/framework/tests/Feature/HydePageTest.php" line="863" class="Hyde\Framework\Testing\Feature\HydePageTest" classname="Hyde.Framework.Testing.Feature.HydePageTest" assertions="1" time="0.010980"/>
        <testcase name="test_canonical_url_is_not_set_when_identifier_is_null" file="/home/runner/work/develop/develop/packages/framework/tests/Feature/HydePageTest.php" line="871" class="Hyde\Framework\Testing\Feature\HydePageTest" classname="Hyde.Framework.Testing.Feature.HydePageTest" assertions="2" time="0.010885"/>
        <testcase name="test_canonical_url_is_not_set_when_site_url_is_null" file="/home/runner/work/develop/develop/packages/framework/tests/Feature/HydePageTest.php" line="882" class="Hyde\Framework\Testing\Feature\HydePageTest" classname="Hyde.Framework.Testing.Feature.HydePageTest" assertions="2" time="0.011136"/>
        <testcase name="test_custom_canonical_link_can_be_set_in_front_matter" file="/home/runner/work/develop/develop/packages/framework/tests/Feature/HydePageTest.php" line="893" class="Hyde\Framework\Testing\Feature\HydePageTest" classname="Hyde.Framework.Testing.Feature.HydePageTest" assertions="2" time="0.011834"/>
        <testcase name="test_can_create_canonical_url_using_base_url_from_config" file="/home/runner/work/develop/develop/packages/framework/tests/Feature/HydePageTest.php" line="904" class="Hyde\Framework\Testing\Feature\HydePageTest" classname="Hyde.Framework.Testing.Feature.HydePageTest" assertions="1" time="0.011990"/>
        <testcase name="test_can_create_canonical_url_using_base_url_from_config_using_pretty_urls" file="/home/runner/work/develop/develop/packages/framework/tests/Feature/HydePageTest.php" line="913" class="Hyde\Framework\Testing\Feature\HydePageTest" classname="Hyde.Framework.Testing.Feature.HydePageTest" assertions="1" time="0.011347"/>
        <testcase name="test_canonical_url_is_null_when_no_base_url_is_set" file="/home/runner/work/develop/develop/packages/framework/tests/Feature/HydePageTest.php" line="923" class="Hyde\Framework\Testing\Feature\HydePageTest" classname="Hyde.Framework.Testing.Feature.HydePageTest" assertions="1" time="0.011285"/>
        <testcase name="test_render_page_metadata_returns_string" file="/home/runner/work/develop/develop/packages/framework/tests/Feature/HydePageTest.php" line="929" class="Hyde\Framework\Testing\Feature\HydePageTest" classname="Hyde.Framework.Testing.Feature.HydePageTest" assertions="1" time="0.011121"/>
        <testcase name="test_has_method_returns_true_if_page_has_standard_property" file="/home/runner/work/develop/develop/packages/framework/tests/Feature/HydePageTest.php" line="935" class="Hyde\Framework\Testing\Feature\HydePageTest" classname="Hyde.Framework.Testing.Feature.HydePageTest" assertions="1" time="0.011372"/>
        <testcase name="test_has_method_returns_false_if_page_does_not_have_standard_property" file="/home/runner/work/develop/develop/packages/framework/tests/Feature/HydePageTest.php" line="941" class="Hyde\Framework\Testing\Feature\HydePageTest" classname="Hyde.Framework.Testing.Feature.HydePageTest" assertions="1" time="0.010940"/>
        <testcase name="test_has_method_returns_true_if_page_has_dynamic_property" file="/home/runner/work/develop/develop/packages/framework/tests/Feature/HydePageTest.php" line="947" class="Hyde\Framework\Testing\Feature\HydePageTest" classname="Hyde.Framework.Testing.Feature.HydePageTest" assertions="1" time="0.010212"/>
        <testcase name="test_has_method_returns_false_if_page_does_not_have_dynamic_property" file="/home/runner/work/develop/develop/packages/framework/tests/Feature/HydePageTest.php" line="954" class="Hyde\Framework\Testing\Feature\HydePageTest" classname="Hyde.Framework.Testing.Feature.HydePageTest" assertions="1" time="0.010213"/>
        <testcase name="test_has_method_returns_true_if_page_has_property_set_in_front_matter" file="/home/runner/work/develop/develop/packages/framework/tests/Feature/HydePageTest.php" line="960" class="Hyde\Framework\Testing\Feature\HydePageTest" classname="Hyde.Framework.Testing.Feature.HydePageTest" assertions="1" time="0.010759"/>
        <testcase name="test_has_method_returns_false_if_page_does_not_have_property_set_in_front_matter" file="/home/runner/work/develop/develop/packages/framework/tests/Feature/HydePageTest.php" line="966" class="Hyde\Framework\Testing\Feature\HydePageTest" classname="Hyde.Framework.Testing.Feature.HydePageTest" assertions="1" time="0.010779"/>
        <testcase name="test_has_method_returns_false_if_property_exists_but_is_blank" file="/home/runner/work/develop/develop/packages/framework/tests/Feature/HydePageTest.php" line="972" class="Hyde\Framework\Testing\Feature\HydePageTest" classname="Hyde.Framework.Testing.Feature.HydePageTest" assertions="2" time="0.011663"/>
        <testcase name="test_has_method_returns_true_if_page_has_blank_property_set_in_front_matter" file="/home/runner/work/develop/develop/packages/framework/tests/Feature/HydePageTest.php" line="983" class="Hyde\Framework\Testing\Feature\HydePageTest" classname="Hyde.Framework.Testing.Feature.HydePageTest" assertions="2" time="0.011099"/>
        <testcase name="test_markdown_pages_can_be_saved_to_disk" file="/home/runner/work/develop/develop/packages/framework/tests/Feature/HydePageTest.php" line="989" class="Hyde\Framework\Testing\Feature\HydePageTest" classname="Hyde.Framework.Testing.Feature.HydePageTest" assertions="1" time="0.012007"/>
        <testcase name="test_save_method_converts_front_matter_array_to_yaml_block" file="/home/runner/work/develop/develop/packages/framework/tests/Feature/HydePageTest.php" line="997" class="Hyde\Framework\Testing\Feature\HydePageTest" classname="Hyde.Framework.Testing.Feature.HydePageTest" assertions="1" time="0.011518"/>
        <testcase name="test_save_method_writes_page_body_to_file" file="/home/runner/work/develop/develop/packages/framework/tests/Feature/HydePageTest.php" line="1006" class="Hyde\Framework\Testing\Feature\HydePageTest" classname="Hyde.Framework.Testing.Feature.HydePageTest" assertions="1" time="0.012165"/>
        <testcase name="test_save_method_writes_page_body_to_file_with_front_matter" file="/home/runner/work/develop/develop/packages/framework/tests/Feature/HydePageTest.php" line="1015" class="Hyde\Framework\Testing\Feature\HydePageTest" classname="Hyde.Framework.Testing.Feature.HydePageTest" assertions="1" time="0.012632"/>
        <testcase name="test_new_markdown_pages_can_be_saved" file="/home/runner/work/develop/develop/packages/framework/tests/Feature/HydePageTest.php" line="1024" class="Hyde\Framework\Testing\Feature\HydePageTest" classname="Hyde.Framework.Testing.Feature.HydePageTest" assertions="2" time="0.012348"/>
        <testcase name="test_existing_parsed_markdown_pages_can_be_saved" file="/home/runner/work/develop/develop/packages/framework/tests/Feature/HydePageTest.php" line="1035" class="Hyde\Framework\Testing\Feature\HydePageTest" classname="Hyde.Framework.Testing.Feature.HydePageTest" assertions="3" time="0.020101"/>
        <testcase name="test_save_method_creates_source_directory_if_it_does_not_exist" file="/home/runner/work/develop/develop/packages/framework/tests/Feature/HydePageTest.php" line="1054" class="Hyde\Framework\Testing\Feature\HydePageTest" classname="Hyde.Framework.Testing.Feature.HydePageTest" assertions="3" time="0.012545"/>
        <testcase name="test_save_method_creates_source_directory_recursively_if_it_does_not_exist" file="/home/runner/work/develop/develop/packages/framework/tests/Feature/HydePageTest.php" line="1067" class="Hyde\Framework\Testing\Feature\HydePageTest" classname="Hyde.Framework.Testing.Feature.HydePageTest" assertions="4" time="0.013311"/>
        <testcase name="test_markdown_posts_can_be_saved" file="/home/runner/work/develop/develop/packages/framework/tests/Feature/HydePageTest.php" line="1081" class="Hyde\Framework\Testing\Feature\HydePageTest" classname="Hyde.Framework.Testing.Feature.HydePageTest" assertions="1" time="0.015292"/>
        <testcase name="test_documentation_pages_can_be_saved" file="/home/runner/work/develop/develop/packages/framework/tests/Feature/HydePageTest.php" line="1089" class="Hyde\Framework\Testing\Feature\HydePageTest" classname="Hyde.Framework.Testing.Feature.HydePageTest" assertions="1" time="0.012460"/>
        <testcase name="test_get_method_can_access_data_from_page" file="/home/runner/work/develop/develop/packages/framework/tests/Feature/HydePageTest.php" line="1097" class="Hyde\Framework\Testing\Feature\HydePageTest" classname="Hyde.Framework.Testing.Feature.HydePageTest" assertions="1" time="0.011075"/>
        <testcase name="test_get_method_can_access_nested_data_from_page" file="/home/runner/work/develop/develop/packages/framework/tests/Feature/HydePageTest.php" line="1103" class="Hyde\Framework\Testing\Feature\HydePageTest" classname="Hyde.Framework.Testing.Feature.HydePageTest" assertions="1" time="0.011810"/>
        <testcase name="test_get_method_can_access_nested_data_from_page_with_dot_notation" file="/home/runner/work/develop/develop/packages/framework/tests/Feature/HydePageTest.php" line="1109" class="Hyde\Framework\Testing\Feature\HydePageTest" classname="Hyde.Framework.Testing.Feature.HydePageTest" assertions="1" time="0.011599"/>
        <testcase name="testGetLinkWithPrettyUrls" file="/home/runner/work/develop/develop/packages/framework/tests/Feature/HydePageTest.php" line="1115" class="Hyde\Framework\Testing\Feature\HydePageTest" classname="Hyde.Framework.Testing.Feature.HydePageTest" assertions="1" time="0.010692"/>
        <testcase name="testGetLinkUsesHyperlinksHelper" file="/home/runner/work/develop/develop/packages/framework/tests/Feature/HydePageTest.php" line="1123" class="Hyde\Framework\Testing\Feature\HydePageTest" classname="Hyde.Framework.Testing.Feature.HydePageTest" assertions="1" time="0.011572"/>
        <testcase name="test_path_helpers_return_same_result_as_fluent_filesystem_helpers" file="/home/runner/work/develop/develop/packages/framework/tests/Feature/HydePageTest.php" line="1131" class="Hyde\Framework\Testing\Feature\HydePageTest" classname="Hyde.Framework.Testing.Feature.HydePageTest" assertions="4" time="0.009671"/>
        <testcase name="test_all_pages_are_routable" file="/home/runner/work/develop/develop/packages/framework/tests/Feature/HydePageTest.php" line="1139" class="Hyde\Framework\Testing\Feature\HydePageTest" classname="Hyde.Framework.Testing.Feature.HydePageTest" assertions="25" time="0.070633"/>
        <testcase name="test_navigation_data_factory_hides_page_from_navigation_when_in_a_subdirectory" file="/home/runner/work/develop/develop/packages/framework/tests/Feature/HydePageTest.php" line="1168" class="Hyde\Framework\Testing\Feature\HydePageTest" classname="Hyde.Framework.Testing.Feature.HydePageTest" assertions="2" time="0.011231"/>
        <testcase name="test_navigation_data_factory_hides_page_from_navigation_when_in_a_and_config_is_set_to_hidden" file="/home/runner/work/develop/develop/packages/framework/tests/Feature/HydePageTest.php" line="1175" class="Hyde\Framework\Testing\Feature\HydePageTest" classname="Hyde.Framework.Testing.Feature.HydePageTest" assertions="2" time="0.012046"/>
        <testcase name="test_navigation_data_factory_does_not_hide_page_from_navigation_when_in_a_subdirectory_and_allowed_in_configuration" file="/home/runner/work/develop/develop/packages/framework/tests/Feature/HydePageTest.php" line="1183" class="Hyde\Framework\Testing\Feature\HydePageTest" classname="Hyde.Framework.Testing.Feature.HydePageTest" assertions="2" time="0.012257"/>
        <testcase name="test_navigation_data_factory_allows_show_in_navigation_and_sets_group_when_dropdown_is_selected_in_config" file="/home/runner/work/develop/develop/packages/framework/tests/Feature/HydePageTest.php" line="1191" class="Hyde\Framework\Testing\Feature\HydePageTest" classname="Hyde.Framework.Testing.Feature.HydePageTest" assertions="2" time="0.011992"/>
        <testcase name="test_is_discoverable_method_returns_true_for_discoverable_pages" file="/home/runner/work/develop/develop/packages/framework/tests/Feature/HydePageTest.php" line="1199" class="Hyde\Framework\Testing\Feature\HydePageTest" classname="Hyde.Framework.Testing.Feature.HydePageTest" assertions="1" time="0.009785"/>
        <testcase name="test_is_discoverable_method_returns_false_for_non_discoverable_pages" file="/home/runner/work/develop/develop/packages/framework/tests/Feature/HydePageTest.php" line="1204" class="Hyde\Framework\Testing\Feature\HydePageTest" classname="Hyde.Framework.Testing.Feature.HydePageTest" assertions="1" time="0.010273"/>
        <testcase name="test_is_discoverable_method_requires_all_required_data_to_be_present" file="/home/runner/work/develop/develop/packages/framework/tests/Feature/HydePageTest.php" line="1209" class="Hyde\Framework\Testing\Feature\HydePageTest" classname="Hyde.Framework.Testing.Feature.HydePageTest" assertions="1" time="0.008744"/>
        <testcase name="test_is_discoverable_method_requires_source_directory_to_be_filled" file="/home/runner/work/develop/develop/packages/framework/tests/Feature/HydePageTest.php" line="1214" class="Hyde\Framework\Testing\Feature\HydePageTest" classname="Hyde.Framework.Testing.Feature.HydePageTest" assertions="1" time="0.008713"/>
        <testcase name="test_all_core_extension_pages_are_discoverable" file="/home/runner/work/develop/develop/packages/framework/tests/Feature/HydePageTest.php" line="1219" class="Hyde\Framework\Testing\Feature\HydePageTest" classname="Hyde.Framework.Testing.Feature.HydePageTest" assertions="5" time="0.009852"/>
        <testcase name="test_nested_index_pages_show_up_in_navigation" file="/home/runner/work/develop/develop/packages/framework/tests/Feature/HydePageTest.php" line="1227" class="Hyde\Framework\Testing\Feature\HydePageTest" classname="Hyde.Framework.Testing.Feature.HydePageTest" assertions="2" time="0.011660"/>
      </testsuite>
      <testsuite name="Hyde\Framework\Testing\Feature\HydeServiceProviderTest" file="/home/runner/work/develop/develop/packages/framework/tests/Feature/HydeServiceProviderTest.php" tests="21" assertions="95" errors="0" failures="0" skipped="0" time="0.214391">
        <testcase name="test_provider_is_constructed" file="/home/runner/work/develop/develop/packages/framework/tests/Feature/HydeServiceProviderTest.php" line="47" class="Hyde\Framework\Testing\Feature\HydeServiceProviderTest" classname="Hyde.Framework.Testing.Feature.HydeServiceProviderTest" assertions="1" time="0.007512"/>
        <testcase name="test_provider_has_register_method" file="/home/runner/work/develop/develop/packages/framework/tests/Feature/HydeServiceProviderTest.php" line="52" class="Hyde\Framework\Testing\Feature\HydeServiceProviderTest" classname="Hyde.Framework.Testing.Feature.HydeServiceProviderTest" assertions="1" time="0.007573"/>
        <testcase name="test_provider_has_boot_method" file="/home/runner/work/develop/develop/packages/framework/tests/Feature/HydeServiceProviderTest.php" line="57" class="Hyde\Framework\Testing\Feature\HydeServiceProviderTest" classname="Hyde.Framework.Testing.Feature.HydeServiceProviderTest" assertions="1" time="0.007393"/>
        <testcase name="test_provider_registers_asset_service_as_singleton" file="/home/runner/work/develop/develop/packages/framework/tests/Feature/HydeServiceProviderTest.php" line="62" class="Hyde\Framework\Testing\Feature\HydeServiceProviderTest" classname="Hyde.Framework.Testing.Feature.HydeServiceProviderTest" assertions="3" time="0.008694"/>
        <testcase name="test_provider_registers_build_task_service_as_singleton" file="/home/runner/work/develop/develop/packages/framework/tests/Feature/HydeServiceProviderTest.php" line="69" class="Hyde\Framework\Testing\Feature\HydeServiceProviderTest" classname="Hyde.Framework.Testing.Feature.HydeServiceProviderTest" assertions="3" time="0.015272"/>
        <testcase name="test_provider_registers_source_directories" file="/home/runner/work/develop/develop/packages/framework/tests/Feature/HydeServiceProviderTest.php" line="76" class="Hyde\Framework\Testing\Feature\HydeServiceProviderTest" classname="Hyde.Framework.Testing.Feature.HydeServiceProviderTest" assertions="8" time="0.009784"/>
        <testcase name="test_provider_registers_output_directories" file="/home/runner/work/develop/develop/packages/framework/tests/Feature/HydeServiceProviderTest.php" line="96" class="Hyde\Framework\Testing\Feature\HydeServiceProviderTest" classname="Hyde.Framework.Testing.Feature.HydeServiceProviderTest" assertions="8" time="0.010361"/>
        <testcase name="test_custom_source_roots_are_applied_to_the_page_models" file="/home/runner/work/develop/develop/packages/framework/tests/Feature/HydeServiceProviderTest.php" line="116" class="Hyde\Framework\Testing\Feature\HydeServiceProviderTest" classname="Hyde.Framework.Testing.Feature.HydeServiceProviderTest" assertions="8" time="0.010173"/>
        <testcase name="test_source_root_set_in_config_is_assigned" file="/home/runner/work/develop/develop/packages/framework/tests/Feature/HydeServiceProviderTest.php" line="133" class="Hyde\Framework\Testing\Feature\HydeServiceProviderTest" classname="Hyde.Framework.Testing.Feature.HydeServiceProviderTest" assertions="3" time="0.009380"/>
        <testcase name="test_provider_registers_site_output_directory" file="/home/runner/work/develop/develop/packages/framework/tests/Feature/HydeServiceProviderTest.php" line="144" class="Hyde\Framework\Testing\Feature\HydeServiceProviderTest" classname="Hyde.Framework.Testing.Feature.HydeServiceProviderTest" assertions="2" time="0.009455"/>
        <testcase name="test_provider_registers_media_directory" file="/home/runner/work/develop/develop/packages/framework/tests/Feature/HydeServiceProviderTest.php" line="155" class="Hyde\Framework\Testing\Feature\HydeServiceProviderTest" classname="Hyde.Framework.Testing.Feature.HydeServiceProviderTest" assertions="3" time="0.009966"/>
        <testcase name="test_provider_registers_blade_view_discovery_location_for_configured_blade_view_path" file="/home/runner/work/develop/develop/packages/framework/tests/Feature/HydeServiceProviderTest.php" line="167" class="Hyde\Framework\Testing\Feature\HydeServiceProviderTest" classname="Hyde.Framework.Testing.Feature.HydeServiceProviderTest" assertions="2" time="0.010102"/>
        <testcase name="test_blade_view_locations_are_only_registered_once_per_key" file="/home/runner/work/develop/develop/packages/framework/tests/Feature/HydeServiceProviderTest.php" line="177" class="Hyde\Framework\Testing\Feature\HydeServiceProviderTest" classname="Hyde.Framework.Testing.Feature.HydeServiceProviderTest" assertions="2" time="0.011068"/>
        <testcase name="test_provider_registers_console_commands" file="/home/runner/work/develop/develop/packages/framework/tests/Feature/HydeServiceProviderTest.php" line="188" class="Hyde\Framework\Testing\Feature\HydeServiceProviderTest" classname="Hyde.Framework.Testing.Feature.HydeServiceProviderTest" assertions="18" time="0.014701"/>
        <testcase name="test_provider_registers_additional_module_service_providers" file="/home/runner/work/develop/develop/packages/framework/tests/Feature/HydeServiceProviderTest.php" line="205" class="Hyde\Framework\Testing\Feature\HydeServiceProviderTest" classname="Hyde.Framework.Testing.Feature.HydeServiceProviderTest" assertions="1" time="0.009518"/>
        <testcase name="test_provider_registers_all_page_model_source_paths" file="/home/runner/work/develop/develop/packages/framework/tests/Feature/HydeServiceProviderTest.php" line="212" class="Hyde\Framework\Testing\Feature\HydeServiceProviderTest" classname="Hyde.Framework.Testing.Feature.HydeServiceProviderTest" assertions="6" time="0.010881"/>
        <testcase name="test_provider_registers_all_page_model_output_paths" file="/home/runner/work/develop/develop/packages/framework/tests/Feature/HydeServiceProviderTest.php" line="238" class="Hyde\Framework\Testing\Feature\HydeServiceProviderTest" classname="Hyde.Framework.Testing.Feature.HydeServiceProviderTest" assertions="5" time="0.011094"/>
        <testcase name="test_provider_registers_source_directories_using_options_in_configuration" file="/home/runner/work/develop/develop/packages/framework/tests/Feature/HydeServiceProviderTest.php" line="254" class="Hyde\Framework\Testing\Feature\HydeServiceProviderTest" classname="Hyde.Framework.Testing.Feature.HydeServiceProviderTest" assertions="5" time="0.010728"/>
        <testcase name="test_source_directories_can_be_set_using_kebab_case_class_names" file="/home/runner/work/develop/develop/packages/framework/tests/Feature/HydeServiceProviderTest.php" line="273" class="Hyde\Framework\Testing\Feature\HydeServiceProviderTest" classname="Hyde.Framework.Testing.Feature.HydeServiceProviderTest" assertions="5" time="0.010497"/>
        <testcase name="test_provider_registers_output_directories_using_options_in_configuration" file="/home/runner/work/develop/develop/packages/framework/tests/Feature/HydeServiceProviderTest.php" line="292" class="Hyde\Framework\Testing\Feature\HydeServiceProviderTest" classname="Hyde.Framework.Testing.Feature.HydeServiceProviderTest" assertions="5" time="0.010173"/>
        <testcase name="test_output_directories_can_be_set_using_kebab_case_class_names" file="/home/runner/work/develop/develop/packages/framework/tests/Feature/HydeServiceProviderTest.php" line="311" class="Hyde\Framework\Testing\Feature\HydeServiceProviderTest" classname="Hyde.Framework.Testing.Feature.HydeServiceProviderTest" assertions="5" time="0.010065"/>
      </testsuite>
      <testsuite name="Hyde\Framework\Testing\Feature\IncludesFacadeTest" file="/home/runner/work/develop/develop/packages/framework/tests/Feature/IncludesFacadeTest.php" tests="11" assertions="15" errors="0" failures="0" skipped="0" time="0.090934">
        <testcase name="test_path_returns_the_includes_directory" file="/home/runner/work/develop/develop/packages/framework/tests/Feature/IncludesFacadeTest.php" line="18" class="Hyde\Framework\Testing\Feature\IncludesFacadeTest" classname="Hyde.Framework.Testing.Feature.IncludesFacadeTest" assertions="1" time="0.007321"/>
        <testcase name="test_path_returns_a_partial_within_the_includes_directory" file="/home/runner/work/develop/develop/packages/framework/tests/Feature/IncludesFacadeTest.php" line="26" class="Hyde\Framework\Testing\Feature\IncludesFacadeTest" classname="Hyde.Framework.Testing.Feature.IncludesFacadeTest" assertions="1" time="0.006716"/>
        <testcase name="test_path_creates_directory_if_it_does_not_exist" file="/home/runner/work/develop/develop/packages/framework/tests/Feature/IncludesFacadeTest.php" line="34" class="Hyde\Framework\Testing\Feature\IncludesFacadeTest" classname="Hyde.Framework.Testing.Feature.IncludesFacadeTest" assertions="2" time="0.006942"/>
        <testcase name="test_get_returns_partial" file="/home/runner/work/develop/develop/packages/framework/tests/Feature/IncludesFacadeTest.php" line="42" class="Hyde\Framework\Testing\Feature\IncludesFacadeTest" classname="Hyde.Framework.Testing.Feature.IncludesFacadeTest" assertions="1" time="0.007471"/>
        <testcase name="test_get_returns_default_value_when_not_found" file="/home/runner/work/develop/develop/packages/framework/tests/Feature/IncludesFacadeTest.php" line="50" class="Hyde\Framework\Testing\Feature\IncludesFacadeTest" classname="Hyde.Framework.Testing.Feature.IncludesFacadeTest" assertions="2" time="0.007497"/>
        <testcase name="test_markdown_returns_rendered_partial" file="/home/runner/work/develop/develop/packages/framework/tests/Feature/IncludesFacadeTest.php" line="56" class="Hyde\Framework\Testing\Feature\IncludesFacadeTest" classname="Hyde.Framework.Testing.Feature.IncludesFacadeTest" assertions="1" time="0.009250"/>
        <testcase name="test_markdown_returns_rendered_default_value_when_not_found" file="/home/runner/work/develop/develop/packages/framework/tests/Feature/IncludesFacadeTest.php" line="64" class="Hyde\Framework\Testing\Feature\IncludesFacadeTest" classname="Hyde.Framework.Testing.Feature.IncludesFacadeTest" assertions="2" time="0.008905"/>
        <testcase name="test_markdown_with_and_without_extension" file="/home/runner/work/develop/develop/packages/framework/tests/Feature/IncludesFacadeTest.php" line="70" class="Hyde\Framework\Testing\Feature\IncludesFacadeTest" classname="Hyde.Framework.Testing.Feature.IncludesFacadeTest" assertions="1" time="0.009925"/>
        <testcase name="test_blade_returns_rendered_partial" file="/home/runner/work/develop/develop/packages/framework/tests/Feature/IncludesFacadeTest.php" line="77" class="Hyde\Framework\Testing\Feature\IncludesFacadeTest" classname="Hyde.Framework.Testing.Feature.IncludesFacadeTest" assertions="1" time="0.008295"/>
        <testcase name="test_blade_with_and_without_extension" file="/home/runner/work/develop/develop/packages/framework/tests/Feature/IncludesFacadeTest.php" line="85" class="Hyde\Framework\Testing\Feature\IncludesFacadeTest" classname="Hyde.Framework.Testing.Feature.IncludesFacadeTest" assertions="1" time="0.009161"/>
        <testcase name="test_blade_returns_rendered_default_value_when_not_found" file="/home/runner/work/develop/develop/packages/framework/tests/Feature/IncludesFacadeTest.php" line="92" class="Hyde\Framework\Testing\Feature\IncludesFacadeTest" classname="Hyde.Framework.Testing.Feature.IncludesFacadeTest" assertions="2" time="0.009453"/>
      </testsuite>
      <testsuite name="Hyde\Framework\Testing\Feature\LoadYamlConfigurationTest" file="/home/runner/work/develop/develop/packages/framework/tests/Feature/LoadYamlConfigurationTest.php" tests="16" assertions="28" errors="0" failures="0" skipped="0" time="0.140923">
        <testcase name="testCanDefineHydeConfigSettingsInHydeYmlFile" file="/home/runner/work/develop/develop/packages/framework/tests/Feature/LoadYamlConfigurationTest.php" line="16" class="Hyde\Framework\Testing\Feature\LoadYamlConfigurationTest" classname="Hyde.Framework.Testing.Feature.LoadYamlConfigurationTest" assertions="9" time="0.010150"/>
        <testcase name="testCanDefineMultipleConfigSettingsInHydeYmlFile" file="/home/runner/work/develop/develop/packages/framework/tests/Feature/LoadYamlConfigurationTest.php" line="45" class="Hyde\Framework\Testing\Feature\LoadYamlConfigurationTest" classname="Hyde.Framework.Testing.Feature.LoadYamlConfigurationTest" assertions="3" time="0.008829"/>
        <testcase name="testBootstrapperAppliesYamlConfigurationWhenPresent" file="/home/runner/work/develop/develop/packages/framework/tests/Feature/LoadYamlConfigurationTest.php" line="66" class="Hyde\Framework\Testing\Feature\LoadYamlConfigurationTest" classname="Hyde.Framework.Testing.Feature.LoadYamlConfigurationTest" assertions="1" time="0.009357"/>
        <testcase name="testChangesInYamlFileOverrideChangesInHydeConfig" file="/home/runner/work/develop/develop/packages/framework/tests/Feature/LoadYamlConfigurationTest.php" line="74" class="Hyde\Framework\Testing\Feature\LoadYamlConfigurationTest" classname="Hyde.Framework.Testing.Feature.LoadYamlConfigurationTest" assertions="1" time="0.008252"/>
        <testcase name="testChangesInYamlFileOverrideChangesInHydeConfigWhenUsingYamlExtension" file="/home/runner/work/develop/develop/packages/framework/tests/Feature/LoadYamlConfigurationTest.php" line="82" class="Hyde\Framework\Testing\Feature\LoadYamlConfigurationTest" classname="Hyde.Framework.Testing.Feature.LoadYamlConfigurationTest" assertions="1" time="0.008460"/>
        <testcase name="testServiceGracefullyHandlesMissingFile" file="/home/runner/work/develop/develop/packages/framework/tests/Feature/LoadYamlConfigurationTest.php" line="90" class="Hyde\Framework\Testing\Feature\LoadYamlConfigurationTest" classname="Hyde.Framework.Testing.Feature.LoadYamlConfigurationTest" assertions="1" time="0.007703"/>
        <testcase name="testServiceGracefullyHandlesEmptyFile" file="/home/runner/work/develop/develop/packages/framework/tests/Feature/LoadYamlConfigurationTest.php" line="97" class="Hyde\Framework\Testing\Feature\LoadYamlConfigurationTest" classname="Hyde.Framework.Testing.Feature.LoadYamlConfigurationTest" assertions="1" time="0.008723"/>
        <testcase name="testCanAddArbitraryConfigKeys" file="/home/runner/work/develop/develop/packages/framework/tests/Feature/LoadYamlConfigurationTest.php" line="105" class="Hyde\Framework\Testing\Feature\LoadYamlConfigurationTest" classname="Hyde.Framework.Testing.Feature.LoadYamlConfigurationTest" assertions="1" time="0.008357"/>
        <testcase name="testConfigurationOptionsAreMerged" file="/home/runner/work/develop/develop/packages/framework/tests/Feature/LoadYamlConfigurationTest.php" line="113" class="Hyde\Framework\Testing\Feature\LoadYamlConfigurationTest" classname="Hyde.Framework.Testing.Feature.LoadYamlConfigurationTest" assertions="1" time="0.007905"/>
        <testcase name="testCanAddConfigurationOptionsInNamespacedArray" file="/home/runner/work/develop/develop/packages/framework/tests/Feature/LoadYamlConfigurationTest.php" line="126" class="Hyde\Framework\Testing\Feature\LoadYamlConfigurationTest" classname="Hyde.Framework.Testing.Feature.LoadYamlConfigurationTest" assertions="3" time="0.008594"/>
        <testcase name="testCanAddArbitraryNamespacedData" file="/home/runner/work/develop/develop/packages/framework/tests/Feature/LoadYamlConfigurationTest.php" line="144" class="Hyde\Framework\Testing\Feature\LoadYamlConfigurationTest" classname="Hyde.Framework.Testing.Feature.LoadYamlConfigurationTest" assertions="1" time="0.008753"/>
        <testcase name="testAdditionalNamespacesRequireTheHydeNamespaceToBePresent" file="/home/runner/work/develop/develop/packages/framework/tests/Feature/LoadYamlConfigurationTest.php" line="159" class="Hyde\Framework\Testing\Feature\LoadYamlConfigurationTest" classname="Hyde.Framework.Testing.Feature.LoadYamlConfigurationTest" assertions="1" time="0.009323"/>
        <testcase name="testAdditionalNamespacesRequiresHydeNamespaceToBeTheFirstEntry" file="/home/runner/work/develop/develop/packages/framework/tests/Feature/LoadYamlConfigurationTest.php" line="172" class="Hyde\Framework\Testing\Feature\LoadYamlConfigurationTest" classname="Hyde.Framework.Testing.Feature.LoadYamlConfigurationTest" assertions="1" time="0.009177"/>
        <testcase name="testHydeNamespaceCanBeEmpty" file="/home/runner/work/develop/develop/packages/framework/tests/Feature/LoadYamlConfigurationTest.php" line="187" class="Hyde\Framework\Testing\Feature\LoadYamlConfigurationTest" classname="Hyde.Framework.Testing.Feature.LoadYamlConfigurationTest" assertions="1" time="0.009307"/>
        <testcase name="testHydeNamespaceCanBeNull" file="/home/runner/work/develop/develop/packages/framework/tests/Feature/LoadYamlConfigurationTest.php" line="201" class="Hyde\Framework\Testing\Feature\LoadYamlConfigurationTest" classname="Hyde.Framework.Testing.Feature.LoadYamlConfigurationTest" assertions="1" time="0.008943"/>
        <testcase name="testHydeNamespaceCanBlank" file="/home/runner/work/develop/develop/packages/framework/tests/Feature/LoadYamlConfigurationTest.php" line="216" class="Hyde\Framework\Testing\Feature\LoadYamlConfigurationTest" classname="Hyde.Framework.Testing.Feature.LoadYamlConfigurationTest" assertions="1" time="0.009090"/>
      </testsuite>
      <testsuite name="Hyde\Framework\Testing\Feature\MarkdownFileParserTest" file="/home/runner/work/develop/develop/packages/framework/tests/Feature/MarkdownFileParserTest.php" tests="3" assertions="8" errors="0" failures="0" skipped="0" time="0.013543">
        <testcase name="test_can_parse_markdown_file" file="/home/runner/work/develop/develop/packages/framework/tests/Feature/MarkdownFileParserTest.php" line="42" class="Hyde\Framework\Testing\Feature\MarkdownFileParserTest" classname="Hyde.Framework.Testing.Feature.MarkdownFileParserTest" assertions="2" time="0.004996"/>
        <testcase name="test_can_parse_markdown_file_with_front_matter" file="/home/runner/work/develop/develop/packages/framework/tests/Feature/MarkdownFileParserTest.php" line="52" class="Hyde\Framework\Testing\Feature\MarkdownFileParserTest" classname="Hyde.Framework.Testing.Feature.MarkdownFileParserTest" assertions="3" time="0.004429"/>
        <testcase name="test_parsed_markdown_post_contains_valid_front_matter" file="/home/runner/work/develop/develop/packages/framework/tests/Feature/MarkdownFileParserTest.php" line="75" class="Hyde\Framework\Testing\Feature\MarkdownFileParserTest" classname="Hyde.Framework.Testing.Feature.MarkdownFileParserTest" assertions="3" time="0.004119"/>
      </testsuite>
      <testsuite name="Hyde\Framework\Testing\Feature\MarkdownPostTest" file="/home/runner/work/develop/develop/packages/framework/tests/Feature/MarkdownPostTest.php" tests="9" assertions="22" errors="0" failures="0" skipped="0" time="0.087605">
        <testcase name="test_constructor_can_create_a_new_author_instance_from_username_string" file="/home/runner/work/develop/develop/packages/framework/tests/Feature/MarkdownPostTest.php" line="20" class="Hyde\Framework\Testing\Feature\MarkdownPostTest" classname="Hyde.Framework.Testing.Feature.MarkdownPostTest" assertions="4" time="0.009687"/>
        <testcase name="test_constructor_can_create_a_new_author_instance_from_user_array" file="/home/runner/work/develop/develop/packages/framework/tests/Feature/MarkdownPostTest.php" line="32" class="Hyde\Framework\Testing\Feature\MarkdownPostTest" classname="Hyde.Framework.Testing.Feature.MarkdownPostTest" assertions="4" time="0.009115"/>
        <testcase name="test_constructor_can_create_a_new_image_instance_from_a_string" file="/home/runner/work/develop/develop/packages/framework/tests/Feature/MarkdownPostTest.php" line="48" class="Hyde\Framework\Testing\Feature\MarkdownPostTest" classname="Hyde.Framework.Testing.Feature.MarkdownPostTest" assertions="2" time="0.008668"/>
        <testcase name="test_constructor_can_create_a_new_image_instance_from_an_array" file="/home/runner/work/develop/develop/packages/framework/tests/Feature/MarkdownPostTest.php" line="58" class="Hyde\Framework\Testing\Feature\MarkdownPostTest" classname="Hyde.Framework.Testing.Feature.MarkdownPostTest" assertions="2" time="0.009691"/>
        <testcase name="test_constructor_can_create_a_new_date_string_instance_from_matter" file="/home/runner/work/develop/develop/packages/framework/tests/Feature/MarkdownPostTest.php" line="70" class="Hyde\Framework\Testing\Feature\MarkdownPostTest" classname="Hyde.Framework.Testing.Feature.MarkdownPostTest" assertions="2" time="0.009818"/>
        <testcase name="test_featured_image_can_be_constructed_returns_null_when_no_image_is_set_in_the_page_matter" file="/home/runner/work/develop/develop/packages/framework/tests/Feature/MarkdownPostTest.php" line="80" class="Hyde\Framework\Testing\Feature\MarkdownPostTest" classname="Hyde.Framework.Testing.Feature.MarkdownPostTest" assertions="1" time="0.009127"/>
        <testcase name="test_featured_image_can_be_constructed_returns_image_object_with_local_path_when_matter_is_string" file="/home/runner/work/develop/develop/packages/framework/tests/Feature/MarkdownPostTest.php" line="86" class="Hyde\Framework\Testing\Feature\MarkdownPostTest" classname="Hyde.Framework.Testing.Feature.MarkdownPostTest" assertions="2" time="0.011105"/>
        <testcase name="test_featured_image_can_be_constructed_returns_image_object_with_remote_path_when_matter_is_string" file="/home/runner/work/develop/develop/packages/framework/tests/Feature/MarkdownPostTest.php" line="94" class="Hyde\Framework\Testing\Feature\MarkdownPostTest" classname="Hyde.Framework.Testing.Feature.MarkdownPostTest" assertions="2" time="0.009967"/>
        <testcase name="test_featured_image_can_be_constructed_returns_image_object_with_supplied_data_when_matter_is_array" file="/home/runner/work/develop/develop/packages/framework/tests/Feature/MarkdownPostTest.php" line="102" class="Hyde\Framework\Testing\Feature\MarkdownPostTest" classname="Hyde.Framework.Testing.Feature.MarkdownPostTest" assertions="3" time="0.010427"/>
      </testsuite>
      <testsuite name="Hyde\Framework\Testing\Feature\MarkdownServiceTest" file="/home/runner/work/develop/develop/packages/framework/tests/Feature/MarkdownServiceTest.php" tests="31" assertions="38" errors="0" failures="0" skipped="0" time="0.300695">
        <testcase name="test_service_can_parse_markdown_to_html" file="/home/runner/work/develop/develop/packages/framework/tests/Feature/MarkdownServiceTest.php" line="18" class="Hyde\Framework\Testing\Feature\MarkdownServiceTest" classname="Hyde.Framework.Testing.Feature.MarkdownServiceTest" assertions="2" time="0.020589"/>
        <testcase name="test_service_can_parse_markdown_to_html_with_permalinks" file="/home/runner/work/develop/develop/packages/framework/tests/Feature/MarkdownServiceTest.php" line="28" class="Hyde\Framework\Testing\Feature\MarkdownServiceTest" classname="Hyde.Framework.Testing.Feature.MarkdownServiceTest" assertions="2" time="0.010888"/>
        <testcase name="test_torchlight_extension_is_not_enabled_by_default" file="/home/runner/work/develop/develop/packages/framework/tests/Feature/MarkdownServiceTest.php" line="42" class="Hyde\Framework\Testing\Feature\MarkdownServiceTest" classname="Hyde.Framework.Testing.Feature.MarkdownServiceTest" assertions="1" time="0.010859"/>
        <testcase name="test_torchlight_extension_is_enabled_automatically_when_has_torchlight_feature" file="/home/runner/work/develop/develop/packages/framework/tests/Feature/MarkdownServiceTest.php" line="50" class="Hyde\Framework\Testing\Feature\MarkdownServiceTest" classname="Hyde.Framework.Testing.Feature.MarkdownServiceTest" assertions="1" time="0.012038"/>
        <testcase name="test_torchlight_integration_injects_attribution" file="/home/runner/work/develop/develop/packages/framework/tests/Feature/MarkdownServiceTest.php" line="58" class="Hyde\Framework\Testing\Feature\MarkdownServiceTest" classname="Hyde.Framework.Testing.Feature.MarkdownServiceTest" assertions="1" time="0.012216"/>
        <testcase name="test_bladedown_is_not_enabled_by_default" file="/home/runner/work/develop/develop/packages/framework/tests/Feature/MarkdownServiceTest.php" line="72" class="Hyde\Framework\Testing\Feature\MarkdownServiceTest" classname="Hyde.Framework.Testing.Feature.MarkdownServiceTest" assertions="1" time="0.011677"/>
        <testcase name="test_bladedown_can_be_enabled" file="/home/runner/work/develop/develop/packages/framework/tests/Feature/MarkdownServiceTest.php" line="78" class="Hyde\Framework\Testing\Feature\MarkdownServiceTest" classname="Hyde.Framework.Testing.Feature.MarkdownServiceTest" assertions="1" time="0.028733"/>
        <testcase name="test_raw_html_tags_are_stripped_by_default" file="/home/runner/work/develop/develop/packages/framework/tests/Feature/MarkdownServiceTest.php" line="86" class="Hyde\Framework\Testing\Feature\MarkdownServiceTest" classname="Hyde.Framework.Testing.Feature.MarkdownServiceTest" assertions="1" time="0.010314"/>
        <testcase name="test_raw_html_tags_are_not_stripped_when_explicitly_enabled" file="/home/runner/work/develop/develop/packages/framework/tests/Feature/MarkdownServiceTest.php" line="94" class="Hyde\Framework\Testing\Feature\MarkdownServiceTest" classname="Hyde.Framework.Testing.Feature.MarkdownServiceTest" assertions="1" time="0.010865"/>
        <testcase name="test_has_features_array" file="/home/runner/work/develop/develop/packages/framework/tests/Feature/MarkdownServiceTest.php" line="103" class="Hyde\Framework\Testing\Feature\MarkdownServiceTest" classname="Hyde.Framework.Testing.Feature.MarkdownServiceTest" assertions="1" time="0.007535"/>
        <testcase name="test_the_features_array_is_empty_by_default" file="/home/runner/work/develop/develop/packages/framework/tests/Feature/MarkdownServiceTest.php" line="110" class="Hyde\Framework\Testing\Feature\MarkdownServiceTest" classname="Hyde.Framework.Testing.Feature.MarkdownServiceTest" assertions="1" time="0.007509"/>
        <testcase name="test_features_can_be_added_to_the_array" file="/home/runner/work/develop/develop/packages/framework/tests/Feature/MarkdownServiceTest.php" line="117" class="Hyde\Framework\Testing\Feature\MarkdownServiceTest" classname="Hyde.Framework.Testing.Feature.MarkdownServiceTest" assertions="1" time="0.006706"/>
        <testcase name="test_features_can_be_removed_from_the_array" file="/home/runner/work/develop/develop/packages/framework/tests/Feature/MarkdownServiceTest.php" line="125" class="Hyde\Framework\Testing\Feature\MarkdownServiceTest" classname="Hyde.Framework.Testing.Feature.MarkdownServiceTest" assertions="1" time="0.007356"/>
        <testcase name="test_method_chaining_can_be_used_to_programmatically_add_features_to_the_array" file="/home/runner/work/develop/develop/packages/framework/tests/Feature/MarkdownServiceTest.php" line="134" class="Hyde\Framework\Testing\Feature\MarkdownServiceTest" classname="Hyde.Framework.Testing.Feature.MarkdownServiceTest" assertions="2" time="0.007674"/>
        <testcase name="test_method_chaining_can_be_used_to_programmatically_remove_features_from_the_array" file="/home/runner/work/develop/develop/packages/framework/tests/Feature/MarkdownServiceTest.php" line="143" class="Hyde\Framework\Testing\Feature\MarkdownServiceTest" classname="Hyde.Framework.Testing.Feature.MarkdownServiceTest" assertions="2" time="0.008092"/>
        <testcase name="test_method_with_table_of_contents_method_chain_adds_the_table_of_contents_feature" file="/home/runner/work/develop/develop/packages/framework/tests/Feature/MarkdownServiceTest.php" line="152" class="Hyde\Framework\Testing\Feature\MarkdownServiceTest" classname="Hyde.Framework.Testing.Feature.MarkdownServiceTest" assertions="1" time="0.007862"/>
        <testcase name="test_method_with_permalinks_method_chain_adds_the_permalinks_feature" file="/home/runner/work/develop/develop/packages/framework/tests/Feature/MarkdownServiceTest.php" line="160" class="Hyde\Framework\Testing\Feature\MarkdownServiceTest" classname="Hyde.Framework.Testing.Feature.MarkdownServiceTest" assertions="1" time="0.007881"/>
        <testcase name="test_has_feature_returns_true_if_the_feature_is_in_the_array" file="/home/runner/work/develop/develop/packages/framework/tests/Feature/MarkdownServiceTest.php" line="168" class="Hyde\Framework\Testing\Feature\MarkdownServiceTest" classname="Hyde.Framework.Testing.Feature.MarkdownServiceTest" assertions="1" time="0.007560"/>
        <testcase name="test_has_feature_returns_false_if_the_feature_is_not_in_the_array" file="/home/runner/work/develop/develop/packages/framework/tests/Feature/MarkdownServiceTest.php" line="176" class="Hyde\Framework\Testing\Feature\MarkdownServiceTest" classname="Hyde.Framework.Testing.Feature.MarkdownServiceTest" assertions="1" time="0.008023"/>
        <testcase name="test_method_can_enable_permalinks_returns_true_if_the_permalinks_feature_is_in_the_array" file="/home/runner/work/develop/develop/packages/framework/tests/Feature/MarkdownServiceTest.php" line="183" class="Hyde\Framework\Testing\Feature\MarkdownServiceTest" classname="Hyde.Framework.Testing.Feature.MarkdownServiceTest" assertions="1" time="0.008398"/>
        <testcase name="test_method_can_enable_permalinks_is_automatically_for_documentation_pages" file="/home/runner/work/develop/develop/packages/framework/tests/Feature/MarkdownServiceTest.php" line="191" class="Hyde\Framework\Testing\Feature\MarkdownServiceTest" classname="Hyde.Framework.Testing.Feature.MarkdownServiceTest" assertions="1" time="0.008287"/>
        <testcase name="test_method_can_enable_permalinks_returns_false_if_the_permalinks_feature_is_not_in_the_array" file="/home/runner/work/develop/develop/packages/framework/tests/Feature/MarkdownServiceTest.php" line="200" class="Hyde\Framework\Testing\Feature\MarkdownServiceTest" classname="Hyde.Framework.Testing.Feature.MarkdownServiceTest" assertions="1" time="0.007567"/>
        <testcase name="test_method_can_enable_torchlight_returns_true_if_the_torchlight_feature_is_in_the_array" file="/home/runner/work/develop/develop/packages/framework/tests/Feature/MarkdownServiceTest.php" line="207" class="Hyde\Framework\Testing\Feature\MarkdownServiceTest" classname="Hyde.Framework.Testing.Feature.MarkdownServiceTest" assertions="1" time="0.007620"/>
        <testcase name="test_method_can_enable_torchlight_returns_false_if_the_torchlight_feature_is_not_in_the_array" file="/home/runner/work/develop/develop/packages/framework/tests/Feature/MarkdownServiceTest.php" line="215" class="Hyde\Framework\Testing\Feature\MarkdownServiceTest" classname="Hyde.Framework.Testing.Feature.MarkdownServiceTest" assertions="1" time="0.007518"/>
        <testcase name="test_stripIndentation_method_with_unindented_markdown" file="/home/runner/work/develop/develop/packages/framework/tests/Feature/MarkdownServiceTest.php" line="222" class="Hyde\Framework\Testing\Feature\MarkdownServiceTest" classname="Hyde.Framework.Testing.Feature.MarkdownServiceTest" assertions="1" time="0.007482"/>
        <testcase name="test_stripIndentation_method_with_indented_markdown" file="/home/runner/work/develop/develop/packages/framework/tests/Feature/MarkdownServiceTest.php" line="230" class="Hyde\Framework\Testing\Feature\MarkdownServiceTest" classname="Hyde.Framework.Testing.Feature.MarkdownServiceTest" assertions="3" time="0.008350"/>
        <testcase name="test_stripIndentation_method_with_tab_indented_markdown" file="/home/runner/work/develop/develop/packages/framework/tests/Feature/MarkdownServiceTest.php" line="244" class="Hyde\Framework\Testing\Feature\MarkdownServiceTest" classname="Hyde.Framework.Testing.Feature.MarkdownServiceTest" assertions="1" time="0.007718"/>
        <testcase name="test_stripIndentation_method_with_carriage_return_line_feed" file="/home/runner/work/develop/develop/packages/framework/tests/Feature/MarkdownServiceTest.php" line="252" class="Hyde\Framework\Testing\Feature\MarkdownServiceTest" classname="Hyde.Framework.Testing.Feature.MarkdownServiceTest" assertions="1" time="0.008347"/>
        <testcase name="test_stripIndentation_method_with_code_indentation" file="/home/runner/work/develop/develop/packages/framework/tests/Feature/MarkdownServiceTest.php" line="260" class="Hyde\Framework\Testing\Feature\MarkdownServiceTest" classname="Hyde.Framework.Testing.Feature.MarkdownServiceTest" assertions="1" time="0.008089"/>
        <testcase name="test_stripIndentation_method_with_empty_newlines" file="/home/runner/work/develop/develop/packages/framework/tests/Feature/MarkdownServiceTest.php" line="268" class="Hyde\Framework\Testing\Feature\MarkdownServiceTest" classname="Hyde.Framework.Testing.Feature.MarkdownServiceTest" assertions="2" time="0.008684"/>
        <testcase name="test_stripIndentation_method_with_trailing_newline" file="/home/runner/work/develop/develop/packages/framework/tests/Feature/MarkdownServiceTest.php" line="279" class="Hyde\Framework\Testing\Feature\MarkdownServiceTest" classname="Hyde.Framework.Testing.Feature.MarkdownServiceTest" assertions="1" time="0.008259"/>
      </testsuite>
      <testsuite name="Hyde\Framework\Testing\Feature\MetadataHelperTest" file="/home/runner/work/develop/develop/packages/framework/tests/Feature/MetadataHelperTest.php" tests="9" assertions="9" errors="0" failures="0" skipped="0" time="0.066739">
        <testcase name="test_name_method_returns_a_valid_html_meta_string" file="/home/runner/work/develop/develop/packages/framework/tests/Feature/MetadataHelperTest.php" line="24" class="Hyde\Framework\Testing\Feature\MetadataHelperTest" classname="Hyde.Framework.Testing.Feature.MetadataHelperTest" assertions="1" time="0.007377"/>
        <testcase name="test_property_method_returns_a_valid_html_meta_string" file="/home/runner/work/develop/develop/packages/framework/tests/Feature/MetadataHelperTest.php" line="32" class="Hyde\Framework\Testing\Feature\MetadataHelperTest" classname="Hyde.Framework.Testing.Feature.MetadataHelperTest" assertions="1" time="0.007031"/>
        <testcase name="test_property_method_accepts_property_with_og_prefix" file="/home/runner/work/develop/develop/packages/framework/tests/Feature/MetadataHelperTest.php" line="40" class="Hyde\Framework\Testing\Feature\MetadataHelperTest" classname="Hyde.Framework.Testing.Feature.MetadataHelperTest" assertions="1" time="0.007120"/>
        <testcase name="test_property_method_accepts_property_without_og_prefix" file="/home/runner/work/develop/develop/packages/framework/tests/Feature/MetadataHelperTest.php" line="48" class="Hyde\Framework\Testing\Feature\MetadataHelperTest" classname="Hyde.Framework.Testing.Feature.MetadataHelperTest" assertions="1" time="0.007557"/>
        <testcase name="test_link_method_returns_a_valid_html_link_string" file="/home/runner/work/develop/develop/packages/framework/tests/Feature/MetadataHelperTest.php" line="56" class="Hyde\Framework\Testing\Feature\MetadataHelperTest" classname="Hyde.Framework.Testing.Feature.MetadataHelperTest" assertions="1" time="0.007320"/>
        <testcase name="test_link_method_returns_a_valid_html_link_string_with_attributes" file="/home/runner/work/develop/develop/packages/framework/tests/Feature/MetadataHelperTest.php" line="64" class="Hyde\Framework\Testing\Feature\MetadataHelperTest" classname="Hyde.Framework.Testing.Feature.MetadataHelperTest" assertions="1" time="0.007665"/>
        <testcase name="test_link_method_returns_a_valid_html_link_string_with_multiple_attributes" file="/home/runner/work/develop/develop/packages/framework/tests/Feature/MetadataHelperTest.php" line="72" class="Hyde\Framework\Testing\Feature\MetadataHelperTest" classname="Hyde.Framework.Testing.Feature.MetadataHelperTest" assertions="1" time="0.007484"/>
        <testcase name="test_get_method_returns_global_metadata_bag" file="/home/runner/work/develop/develop/packages/framework/tests/Feature/MetadataHelperTest.php" line="80" class="Hyde\Framework\Testing\Feature\MetadataHelperTest" classname="Hyde.Framework.Testing.Feature.MetadataHelperTest" assertions="1" time="0.007657"/>
        <testcase name="test_render_method_renders_global_metadata_bag" file="/home/runner/work/develop/develop/packages/framework/tests/Feature/MetadataHelperTest.php" line="85" class="Hyde\Framework\Testing\Feature\MetadataHelperTest" classname="Hyde.Framework.Testing.Feature.MetadataHelperTest" assertions="1" time="0.007528"/>
      </testsuite>
      <testsuite name="Hyde\Framework\Testing\Feature\MetadataTest" file="/home/runner/work/develop/develop/packages/framework/tests/Feature/MetadataTest.php" tests="48" assertions="55" errors="0" failures="0" skipped="0" time="0.497523">
        <testcase name="test_metadata_object_is_generated_automatically" file="/home/runner/work/develop/develop/packages/framework/tests/Feature/MetadataTest.php" line="54" class="Hyde\Framework\Testing\Feature\MetadataTest" classname="Hyde.Framework.Testing.Feature.MetadataTest" assertions="3" time="0.009952"/>
        <testcase name="test_link_item_model" file="/home/runner/work/develop/develop/packages/framework/tests/Feature/MetadataTest.php" line="63" class="Hyde\Framework\Testing\Feature\MetadataTest" classname="Hyde.Framework.Testing.Feature.MetadataTest" assertions="3" time="0.008422"/>
        <testcase name="test_metadata_item_model" file="/home/runner/work/develop/develop/packages/framework/tests/Feature/MetadataTest.php" line="73" class="Hyde\Framework\Testing\Feature\MetadataTest" classname="Hyde.Framework.Testing.Feature.MetadataTest" assertions="2" time="0.008371"/>
        <testcase name="test_open_graph_item_model" file="/home/runner/work/develop/develop/packages/framework/tests/Feature/MetadataTest.php" line="80" class="Hyde\Framework\Testing\Feature\MetadataTest" classname="Hyde.Framework.Testing.Feature.MetadataTest" assertions="3" time="0.008343"/>
        <testcase name="test_link_item_can_be_added" file="/home/runner/work/develop/develop/packages/framework/tests/Feature/MetadataTest.php" line="90" class="Hyde\Framework\Testing\Feature\MetadataTest" classname="Hyde.Framework.Testing.Feature.MetadataTest" assertions="1" time="0.009923"/>
        <testcase name="test_metadata_item_can_be_added" file="/home/runner/work/develop/develop/packages/framework/tests/Feature/MetadataTest.php" line="100" class="Hyde\Framework\Testing\Feature\MetadataTest" classname="Hyde.Framework.Testing.Feature.MetadataTest" assertions="1" time="0.009371"/>
        <testcase name="test_open_graph_item_can_be_added" file="/home/runner/work/develop/develop/packages/framework/tests/Feature/MetadataTest.php" line="110" class="Hyde\Framework\Testing\Feature\MetadataTest" classname="Hyde.Framework.Testing.Feature.MetadataTest" assertions="1" time="0.009200"/>
        <testcase name="test_generic_item_can_be_added" file="/home/runner/work/develop/develop/packages/framework/tests/Feature/MetadataTest.php" line="120" class="Hyde\Framework\Testing\Feature\MetadataTest" classname="Hyde.Framework.Testing.Feature.MetadataTest" assertions="1" time="0.009706"/>
        <testcase name="test_multiple_items_can_be_accessed_with_get_method" file="/home/runner/work/develop/develop/packages/framework/tests/Feature/MetadataTest.php" line="130" class="Hyde\Framework\Testing\Feature\MetadataTest" classname="Hyde.Framework.Testing.Feature.MetadataTest" assertions="1" time="0.010055"/>
        <testcase name="test_multiple_items_of_same_key_and_type_only_keeps_latest" file="/home/runner/work/develop/develop/packages/framework/tests/Feature/MetadataTest.php" line="146" class="Hyde\Framework\Testing\Feature\MetadataTest" classname="Hyde.Framework.Testing.Feature.MetadataTest" assertions="1" time="0.009689"/>
        <testcase name="test_render_returns_html_string_of_imploded_metadata_arrays" file="/home/runner/work/develop/develop/packages/framework/tests/Feature/MetadataTest.php" line="157" class="Hyde\Framework\Testing\Feature\MetadataTest" classname="Hyde.Framework.Testing.Feature.MetadataTest" assertions="1" time="0.010554"/>
        <testcase name="test_custom_metadata_overrides_config_defined_metadata" file="/home/runner/work/develop/develop/packages/framework/tests/Feature/MetadataTest.php" line="174" class="Hyde\Framework\Testing\Feature\MetadataTest" classname="Hyde.Framework.Testing.Feature.MetadataTest" assertions="1" time="0.010121"/>
        <testcase name="test_dynamic_metadata_overrides_config_defined_metadata" file="/home/runner/work/develop/develop/packages/framework/tests/Feature/MetadataTest.php" line="186" class="Hyde\Framework\Testing\Feature\MetadataTest" classname="Hyde.Framework.Testing.Feature.MetadataTest" assertions="1" time="0.010383"/>
        <testcase name="test_does_not_add_canonical_link_when_base_url_is_not_set" file="/home/runner/work/develop/develop/packages/framework/tests/Feature/MetadataTest.php" line="199" class="Hyde\Framework\Testing\Feature\MetadataTest" classname="Hyde.Framework.Testing.Feature.MetadataTest" assertions="1" time="0.010553"/>
        <testcase name="test_does_not_add_canonical_link_when_identifier_is_not_set" file="/home/runner/work/develop/develop/packages/framework/tests/Feature/MetadataTest.php" line="207" class="Hyde\Framework\Testing\Feature\MetadataTest" classname="Hyde.Framework.Testing.Feature.MetadataTest" assertions="1" time="0.010154"/>
        <testcase name="test_adds_canonical_link_when_base_url_and_identifier_is_set" file="/home/runner/work/develop/develop/packages/framework/tests/Feature/MetadataTest.php" line="215" class="Hyde\Framework\Testing\Feature\MetadataTest" classname="Hyde.Framework.Testing.Feature.MetadataTest" assertions="1" time="0.010378"/>
        <testcase name="test_canonical_link_uses_clean_url_setting" file="/home/runner/work/develop/develop/packages/framework/tests/Feature/MetadataTest.php" line="223" class="Hyde\Framework\Testing\Feature\MetadataTest" classname="Hyde.Framework.Testing.Feature.MetadataTest" assertions="1" time="0.010640"/>
        <testcase name="test_can_override_canonical_link_with_front_matter" file="/home/runner/work/develop/develop/packages/framework/tests/Feature/MetadataTest.php" line="232" class="Hyde\Framework\Testing\Feature\MetadataTest" classname="Hyde.Framework.Testing.Feature.MetadataTest" assertions="1" time="0.011005"/>
        <testcase name="test_adds_twitter_and_open_graph_title_when_title_is_set" file="/home/runner/work/develop/develop/packages/framework/tests/Feature/MetadataTest.php" line="241" class="Hyde\Framework\Testing\Feature\MetadataTest" classname="Hyde.Framework.Testing.Feature.MetadataTest" assertions="1" time="0.010608"/>
        <testcase name="test_does_not_add_twitter_and_open_graph_title_when_no_title_is_set" file="/home/runner/work/develop/develop/packages/framework/tests/Feature/MetadataTest.php" line="252" class="Hyde\Framework\Testing\Feature\MetadataTest" classname="Hyde.Framework.Testing.Feature.MetadataTest" assertions="1" time="0.010297"/>
        <testcase name="test_adds_description_when_description_is_set_in_post" file="/home/runner/work/develop/develop/packages/framework/tests/Feature/MetadataTest.php" line="261" class="Hyde\Framework\Testing\Feature\MetadataTest" classname="Hyde.Framework.Testing.Feature.MetadataTest" assertions="1" time="0.011142"/>
        <testcase name="test_does_not_add_description_when_description_is_not_set_in_post" file="/home/runner/work/develop/develop/packages/framework/tests/Feature/MetadataTest.php" line="267" class="Hyde\Framework\Testing\Feature\MetadataTest" classname="Hyde.Framework.Testing.Feature.MetadataTest" assertions="1" time="0.010163"/>
        <testcase name="test_adds_author_when_author_is_set_in_post" file="/home/runner/work/develop/develop/packages/framework/tests/Feature/MetadataTest.php" line="273" class="Hyde\Framework\Testing\Feature\MetadataTest" classname="Hyde.Framework.Testing.Feature.MetadataTest" assertions="1" time="0.010784"/>
        <testcase name="test_does_not_add_author_when_author_is_not_set_in_post" file="/home/runner/work/develop/develop/packages/framework/tests/Feature/MetadataTest.php" line="279" class="Hyde\Framework\Testing\Feature\MetadataTest" classname="Hyde.Framework.Testing.Feature.MetadataTest" assertions="1" time="0.011713"/>
        <testcase name="test_adds_keywords_when_category_is_set_in_post" file="/home/runner/work/develop/develop/packages/framework/tests/Feature/MetadataTest.php" line="285" class="Hyde\Framework\Testing\Feature\MetadataTest" classname="Hyde.Framework.Testing.Feature.MetadataTest" assertions="1" time="0.010278"/>
        <testcase name="test_does_not_add_keywords_when_category_is_not_set_in_post" file="/home/runner/work/develop/develop/packages/framework/tests/Feature/MetadataTest.php" line="291" class="Hyde\Framework\Testing\Feature\MetadataTest" classname="Hyde.Framework.Testing.Feature.MetadataTest" assertions="1" time="0.010312"/>
        <testcase name="test_adds_url_property_when_canonical_url_is_set_in_post" file="/home/runner/work/develop/develop/packages/framework/tests/Feature/MetadataTest.php" line="297" class="Hyde\Framework\Testing\Feature\MetadataTest" classname="Hyde.Framework.Testing.Feature.MetadataTest" assertions="1" time="0.010430"/>
        <testcase name="test_does_not_add_url_property_when_canonical_url_is_not_set_in_post" file="/home/runner/work/develop/develop/packages/framework/tests/Feature/MetadataTest.php" line="303" class="Hyde\Framework\Testing\Feature\MetadataTest" classname="Hyde.Framework.Testing.Feature.MetadataTest" assertions="1" time="0.009189"/>
        <testcase name="test_does_not_add_url_property_when_canonical_url_is_null" file="/home/runner/work/develop/develop/packages/framework/tests/Feature/MetadataTest.php" line="309" class="Hyde\Framework\Testing\Feature\MetadataTest" classname="Hyde.Framework.Testing.Feature.MetadataTest" assertions="1" time="0.010227"/>
        <testcase name="test_adds_title_property_when_title_is_set_in_post" file="/home/runner/work/develop/develop/packages/framework/tests/Feature/MetadataTest.php" line="315" class="Hyde\Framework\Testing\Feature\MetadataTest" classname="Hyde.Framework.Testing.Feature.MetadataTest" assertions="1" time="0.010133"/>
        <testcase name="test_does_not_add_title_property_when_title_is_not_set_in_post" file="/home/runner/work/develop/develop/packages/framework/tests/Feature/MetadataTest.php" line="321" class="Hyde\Framework\Testing\Feature\MetadataTest" classname="Hyde.Framework.Testing.Feature.MetadataTest" assertions="1" time="0.010465"/>
        <testcase name="test_adds_published_time_property_when_date_is_set_in_post" file="/home/runner/work/develop/develop/packages/framework/tests/Feature/MetadataTest.php" line="327" class="Hyde\Framework\Testing\Feature\MetadataTest" classname="Hyde.Framework.Testing.Feature.MetadataTest" assertions="1" time="0.010515"/>
        <testcase name="test_does_not_add_published_time_property_when_date_is_not_set_in_post" file="/home/runner/work/develop/develop/packages/framework/tests/Feature/MetadataTest.php" line="333" class="Hyde\Framework\Testing\Feature\MetadataTest" classname="Hyde.Framework.Testing.Feature.MetadataTest" assertions="1" time="0.010469"/>
        <testcase name="test_adds_image_property_when_image_is_set_in_post" file="/home/runner/work/develop/develop/packages/framework/tests/Feature/MetadataTest.php" line="339" class="Hyde\Framework\Testing\Feature\MetadataTest" classname="Hyde.Framework.Testing.Feature.MetadataTest" assertions="1" time="0.010769"/>
        <testcase name="test_does_not_add_image_property_when_image_is_not_set_in_post" file="/home/runner/work/develop/develop/packages/framework/tests/Feature/MetadataTest.php" line="345" class="Hyde\Framework\Testing\Feature\MetadataTest" classname="Hyde.Framework.Testing.Feature.MetadataTest" assertions="1" time="0.009797"/>
        <testcase name="test_adds_type_property_automatically" file="/home/runner/work/develop/develop/packages/framework/tests/Feature/MetadataTest.php" line="351" class="Hyde\Framework\Testing\Feature\MetadataTest" classname="Hyde.Framework.Testing.Feature.MetadataTest" assertions="1" time="0.011050"/>
        <testcase name="test_dynamic_post_meta_properties_returns_base_array_when_initialized_with_empty_front_matter" file="/home/runner/work/develop/develop/packages/framework/tests/Feature/MetadataTest.php" line="357" class="Hyde\Framework\Testing\Feature\MetadataTest" classname="Hyde.Framework.Testing.Feature.MetadataTest" assertions="1" time="0.010239"/>
        <testcase name="test_dynamic_post_meta_properties_contains_image_metadata_when_featured_image_set_to_string" file="/home/runner/work/develop/develop/packages/framework/tests/Feature/MetadataTest.php" line="363" class="Hyde\Framework\Testing\Feature\MetadataTest" classname="Hyde.Framework.Testing.Feature.MetadataTest" assertions="1" time="0.011081"/>
        <testcase name="test_dynamic_post_meta_properties_contains_image_link_that_is_always_relative" file="/home/runner/work/develop/develop/packages/framework/tests/Feature/MetadataTest.php" line="372" class="Hyde\Framework\Testing\Feature\MetadataTest" classname="Hyde.Framework.Testing.Feature.MetadataTest" assertions="1" time="0.010702"/>
        <testcase name="test_dynamic_post_meta_properties_contains_image_link_that_is_always_relative_for_nested_posts" file="/home/runner/work/develop/develop/packages/framework/tests/Feature/MetadataTest.php" line="381" class="Hyde\Framework\Testing\Feature\MetadataTest" classname="Hyde.Framework.Testing.Feature.MetadataTest" assertions="1" time="0.011268"/>
        <testcase name="test_dynamic_post_meta_properties_contains_image_link_that_is_always_relative_for_nested_output_directories" file="/home/runner/work/develop/develop/packages/framework/tests/Feature/MetadataTest.php" line="390" class="Hyde\Framework\Testing\Feature\MetadataTest" classname="Hyde.Framework.Testing.Feature.MetadataTest" assertions="1" time="0.011381"/>
        <testcase name="test_dynamic_post_meta_properties_contains_image_link_that_is_always_relative_for_nested_posts_and_nested_output_directories" file="/home/runner/work/develop/develop/packages/framework/tests/Feature/MetadataTest.php" line="400" class="Hyde\Framework\Testing\Feature\MetadataTest" classname="Hyde.Framework.Testing.Feature.MetadataTest" assertions="1" time="0.011884"/>
        <testcase name="test_dynamic_post_meta_properties_contains_image_link_that_uses_the_configured_media_directory" file="/home/runner/work/develop/develop/packages/framework/tests/Feature/MetadataTest.php" line="410" class="Hyde\Framework\Testing\Feature\MetadataTest" classname="Hyde.Framework.Testing.Feature.MetadataTest" assertions="1" time="0.011604"/>
        <testcase name="test_dynamic_post_meta_properties_contains_image_metadata_when_featured_image_set_to_array_with_path" file="/home/runner/work/develop/develop/packages/framework/tests/Feature/MetadataTest.php" line="420" class="Hyde\Framework\Testing\Feature\MetadataTest" classname="Hyde.Framework.Testing.Feature.MetadataTest" assertions="1" time="0.011467"/>
        <testcase name="test_dynamic_post_meta_properties_contains_image_metadata_when_featured_image_set_to_array_with_url" file="/home/runner/work/develop/develop/packages/framework/tests/Feature/MetadataTest.php" line="431" class="Hyde\Framework\Testing\Feature\MetadataTest" classname="Hyde.Framework.Testing.Feature.MetadataTest" assertions="1" time="0.010613"/>
        <testcase name="test_dynamic_post_author_returns_author_name_when_author_set_to_array_using_username" file="/home/runner/work/develop/develop/packages/framework/tests/Feature/MetadataTest.php" line="442" class="Hyde\Framework\Testing\Feature\MetadataTest" classname="Hyde.Framework.Testing.Feature.MetadataTest" assertions="1" time="0.010309"/>
        <testcase name="test_dynamic_post_author_returns_author_name_when_author_set_to_array_using_name" file="/home/runner/work/develop/develop/packages/framework/tests/Feature/MetadataTest.php" line="452" class="Hyde\Framework\Testing\Feature\MetadataTest" classname="Hyde.Framework.Testing.Feature.MetadataTest" assertions="1" time="0.011151"/>
        <testcase name="test_no_author_is_set_when_author_set_to_array_without_name_or_username" file="/home/runner/work/develop/develop/packages/framework/tests/Feature/MetadataTest.php" line="463" class="Hyde\Framework\Testing\Feature\MetadataTest" classname="Hyde.Framework.Testing.Feature.MetadataTest" assertions="1" time="0.010662"/>
      </testsuite>
      <testsuite name="Hyde\Framework\Testing\Feature\MetadataViewTest" file="/home/runner/work/develop/develop/packages/framework/tests/Feature/MetadataViewTest.php" tests="5" assertions="84" errors="0" failures="0" skipped="0" time="0.196125">
        <testcase name="test_metadata_tags_in_empty_blade_page" file="/home/runner/work/develop/develop/packages/framework/tests/Feature/MetadataViewTest.php" line="88" class="Hyde\Framework\Testing\Feature\MetadataViewTest" classname="Hyde.Framework.Testing.Feature.MetadataViewTest" assertions="13" time="0.033738"/>
        <testcase name="test_metadata_tags_in_empty_markdown_page" file="/home/runner/work/develop/develop/packages/framework/tests/Feature/MetadataViewTest.php" line="104" class="Hyde\Framework\Testing\Feature\MetadataViewTest" classname="Hyde.Framework.Testing.Feature.MetadataViewTest" assertions="13" time="0.034971"/>
        <testcase name="test_metadata_tags_in_empty_documentation_page" file="/home/runner/work/develop/develop/packages/framework/tests/Feature/MetadataViewTest.php" line="120" class="Hyde\Framework\Testing\Feature\MetadataViewTest" classname="Hyde.Framework.Testing.Feature.MetadataViewTest" assertions="13" time="0.041170"/>
        <testcase name="test_metadata_tags_in_empty_markdown_post" file="/home/runner/work/develop/develop/packages/framework/tests/Feature/MetadataViewTest.php" line="136" class="Hyde\Framework\Testing\Feature\MetadataViewTest" classname="Hyde.Framework.Testing.Feature.MetadataViewTest" assertions="19" time="0.038681"/>
        <testcase name="test_metadata_tags_in_markdown_post_with_flat_front_matter" file="/home/runner/work/develop/develop/packages/framework/tests/Feature/MetadataViewTest.php" line="158" class="Hyde\Framework\Testing\Feature\MetadataViewTest" classname="Hyde.Framework.Testing.Feature.MetadataViewTest" assertions="26" time="0.047566"/>
      </testsuite>
      <testsuite name="Hyde\Framework\Testing\Feature\NavigationDataTest" file="/home/runner/work/develop/develop/packages/framework/tests/Feature/NavigationDataTest.php" tests="5" assertions="8" errors="0" failures="0" skipped="0" time="0.016360">
        <testcase name="testClassMatchesSchema" file="/home/runner/work/develop/develop/packages/framework/tests/Feature/NavigationDataTest.php" line="24" class="Hyde\Framework\Testing\Feature\NavigationDataTest" classname="Hyde.Framework.Testing.Feature.NavigationDataTest" assertions="1" time="0.003813"/>
        <testcase name="test__construct" file="/home/runner/work/develop/develop/packages/framework/tests/Feature/NavigationDataTest.php" line="32" class="Hyde\Framework\Testing\Feature\NavigationDataTest" classname="Hyde.Framework.Testing.Feature.NavigationDataTest" assertions="4" time="0.003312"/>
        <testcase name="testMake" file="/home/runner/work/develop/develop/packages/framework/tests/Feature/NavigationDataTest.php" line="42" class="Hyde\Framework\Testing\Feature\NavigationDataTest" classname="Hyde.Framework.Testing.Feature.NavigationDataTest" assertions="1" time="0.003059"/>
        <testcase name="testToArray" file="/home/runner/work/develop/develop/packages/framework/tests/Feature/NavigationDataTest.php" line="49" class="Hyde\Framework\Testing\Feature\NavigationDataTest" classname="Hyde.Framework.Testing.Feature.NavigationDataTest" assertions="1" time="0.002922"/>
        <testcase name="testJsonSerialize" file="/home/runner/work/develop/develop/packages/framework/tests/Feature/NavigationDataTest.php" line="54" class="Hyde\Framework\Testing\Feature\NavigationDataTest" classname="Hyde.Framework.Testing.Feature.NavigationDataTest" assertions="1" time="0.003254"/>
      </testsuite>
      <testsuite name="Hyde\Framework\Testing\Feature\NavigationMenuTest" file="/home/runner/work/develop/develop/packages/framework/tests/Feature/NavigationMenuTest.php" tests="29" assertions="48" errors="0" failures="0" skipped="0" time="0.522548">
        <testcase name="test_constructor" file="/home/runner/work/develop/develop/packages/framework/tests/Feature/NavigationMenuTest.php" line="29" class="Hyde\Framework\Testing\Feature\NavigationMenuTest" classname="Hyde.Framework.Testing.Feature.NavigationMenuTest" assertions="1" time="0.013927"/>
        <testcase name="test_generate_method_creates_collection_of_nav_items" file="/home/runner/work/develop/develop/packages/framework/tests/Feature/NavigationMenuTest.php" line="34" class="Hyde\Framework\Testing\Feature\NavigationMenuTest" classname="Hyde.Framework.Testing.Feature.NavigationMenuTest" assertions="1" time="0.013801"/>
        <testcase name="test_get_items_returns_items" file="/home/runner/work/develop/develop/packages/framework/tests/Feature/NavigationMenuTest.php" line="39" class="Hyde\Framework\Testing\Feature\NavigationMenuTest" classname="Hyde.Framework.Testing.Feature.NavigationMenuTest" assertions="1" time="0.014950"/>
        <testcase name="test_items_are_sorted_by_priority" file="/home/runner/work/develop/develop/packages/framework/tests/Feature/NavigationMenuTest.php" line="44" class="Hyde\Framework\Testing\Feature\NavigationMenuTest" classname="Hyde.Framework.Testing.Feature.NavigationMenuTest" assertions="1" time="0.017758"/>
        <testcase name="test_items_with_hidden_property_set_to_true_are_not_added" file="/home/runner/work/develop/develop/packages/framework/tests/Feature/NavigationMenuTest.php" line="53" class="Hyde\Framework\Testing\Feature\NavigationMenuTest" classname="Hyde.Framework.Testing.Feature.NavigationMenuTest" assertions="1" time="0.017059"/>
        <testcase name="test_created_collection_is_sorted_by_navigation_menu_priority" file="/home/runner/work/develop/develop/packages/framework/tests/Feature/NavigationMenuTest.php" line="61" class="Hyde\Framework\Testing\Feature\NavigationMenuTest" classname="Hyde.Framework.Testing.Feature.NavigationMenuTest" assertions="2" time="0.021138"/>
        <testcase name="test_is_sorted_automatically_when_using_navigation_menu_create" file="/home/runner/work/develop/develop/packages/framework/tests/Feature/NavigationMenuTest.php" line="78" class="Hyde\Framework\Testing\Feature\NavigationMenuTest" classname="Hyde.Framework.Testing.Feature.NavigationMenuTest" assertions="2" time="0.017300"/>
        <testcase name="test_collection_only_contains_nav_items" file="/home/runner/work/develop/develop/packages/framework/tests/Feature/NavigationMenuTest.php" line="93" class="Hyde\Framework\Testing\Feature\NavigationMenuTest" classname="Hyde.Framework.Testing.Feature.NavigationMenuTest" assertions="1" time="0.015576"/>
        <testcase name="test_external_link_can_be_added_in_config" file="/home/runner/work/develop/develop/packages/framework/tests/Feature/NavigationMenuTest.php" line="98" class="Hyde\Framework\Testing\Feature\NavigationMenuTest" classname="Hyde.Framework.Testing.Feature.NavigationMenuTest" assertions="2" time="0.016406"/>
        <testcase name="test_path_link_can_be_added_in_config" file="/home/runner/work/develop/develop/packages/framework/tests/Feature/NavigationMenuTest.php" line="113" class="Hyde\Framework\Testing\Feature\NavigationMenuTest" classname="Hyde.Framework.Testing.Feature.NavigationMenuTest" assertions="2" time="0.016241"/>
        <testcase name="test_duplicates_are_removed_when_adding_in_config" file="/home/runner/work/develop/develop/packages/framework/tests/Feature/NavigationMenuTest.php" line="128" class="Hyde\Framework\Testing\Feature\NavigationMenuTest" classname="Hyde.Framework.Testing.Feature.NavigationMenuTest" assertions="2" time="0.016401"/>
        <testcase name="test_duplicates_are_removed_when_adding_in_config_regardless_of_destination" file="/home/runner/work/develop/develop/packages/framework/tests/Feature/NavigationMenuTest.php" line="146" class="Hyde\Framework\Testing\Feature\NavigationMenuTest" classname="Hyde.Framework.Testing.Feature.NavigationMenuTest" assertions="2" time="0.016342"/>
        <testcase name="test_config_items_take_precedence_over_generated_items" file="/home/runner/work/develop/develop/packages/framework/tests/Feature/NavigationMenuTest.php" line="164" class="Hyde\Framework\Testing\Feature\NavigationMenuTest" classname="Hyde.Framework.Testing.Feature.NavigationMenuTest" assertions="2" time="0.018719"/>
        <testcase name="test_documentation_pages_that_are_not_index_are_not_added_to_the_menu" file="/home/runner/work/develop/develop/packages/framework/tests/Feature/NavigationMenuTest.php" line="181" class="Hyde\Framework\Testing\Feature\NavigationMenuTest" classname="Hyde.Framework.Testing.Feature.NavigationMenuTest" assertions="2" time="0.022276"/>
        <testcase name="test_pages_in_subdirectories_are_not_added_to_the_navigation_menu" file="/home/runner/work/develop/develop/packages/framework/tests/Feature/NavigationMenuTest.php" line="197" class="Hyde\Framework\Testing\Feature\NavigationMenuTest" classname="Hyde.Framework.Testing.Feature.NavigationMenuTest" assertions="2" time="0.018936"/>
        <testcase name="test_pages_in_subdirectories_can_be_added_to_the_navigation_menu_with_config_flat_setting" file="/home/runner/work/develop/develop/packages/framework/tests/Feature/NavigationMenuTest.php" line="209" class="Hyde\Framework\Testing\Feature\NavigationMenuTest" classname="Hyde.Framework.Testing.Feature.NavigationMenuTest" assertions="2" time="0.019700"/>
        <testcase name="test_pages_in_subdirectories_are_not_added_to_the_navigation_menu_with_config_dropdown_setting" file="/home/runner/work/develop/develop/packages/framework/tests/Feature/NavigationMenuTest.php" line="225" class="Hyde\Framework\Testing\Feature\NavigationMenuTest" classname="Hyde.Framework.Testing.Feature.NavigationMenuTest" assertions="2" time="0.028103"/>
        <testcase name="test_has_dropdowns_returns_false_when_there_are_no_dropdowns" file="/home/runner/work/develop/develop/packages/framework/tests/Feature/NavigationMenuTest.php" line="243" class="Hyde\Framework\Testing\Feature\NavigationMenuTest" classname="Hyde.Framework.Testing.Feature.NavigationMenuTest" assertions="1" time="0.015843"/>
        <testcase name="test_has_dropdowns_returns_true_when_there_are_dropdowns" file="/home/runner/work/develop/develop/packages/framework/tests/Feature/NavigationMenuTest.php" line="250" class="Hyde\Framework\Testing\Feature\NavigationMenuTest" classname="Hyde.Framework.Testing.Feature.NavigationMenuTest" assertions="1" time="0.016634"/>
        <testcase name="test_has_dropdowns_always_returns_false_when_dropdowns_are_disabled" file="/home/runner/work/develop/develop/packages/framework/tests/Feature/NavigationMenuTest.php" line="258" class="Hyde\Framework\Testing\Feature\NavigationMenuTest" classname="Hyde.Framework.Testing.Feature.NavigationMenuTest" assertions="1" time="0.017065"/>
        <testcase name="test_get_dropdowns_returns_empty_array_there_are_no_dropdowns" file="/home/runner/work/develop/develop/packages/framework/tests/Feature/NavigationMenuTest.php" line="264" class="Hyde\Framework\Testing\Feature\NavigationMenuTest" classname="Hyde.Framework.Testing.Feature.NavigationMenuTest" assertions="2" time="0.015161"/>
        <testcase name="test_get_dropdowns_returns_correct_array_when_there_are_dropdowns" file="/home/runner/work/develop/develop/packages/framework/tests/Feature/NavigationMenuTest.php" line="272" class="Hyde\Framework\Testing\Feature\NavigationMenuTest" classname="Hyde.Framework.Testing.Feature.NavigationMenuTest" assertions="2" time="0.018292"/>
        <testcase name="test_get_dropdowns_with_multiple_items" file="/home/runner/work/develop/develop/packages/framework/tests/Feature/NavigationMenuTest.php" line="285" class="Hyde\Framework\Testing\Feature\NavigationMenuTest" classname="Hyde.Framework.Testing.Feature.NavigationMenuTest" assertions="2" time="0.020902"/>
        <testcase name="test_get_dropdowns_with_multiple_dropdowns" file="/home/runner/work/develop/develop/packages/framework/tests/Feature/NavigationMenuTest.php" line="303" class="Hyde\Framework\Testing\Feature\NavigationMenuTest" classname="Hyde.Framework.Testing.Feature.NavigationMenuTest" assertions="2" time="0.022800"/>
        <testcase name="test_get_dropdowns_throws_exception_when_disabled" file="/home/runner/work/develop/develop/packages/framework/tests/Feature/NavigationMenuTest.php" line="326" class="Hyde\Framework\Testing\Feature\NavigationMenuTest" classname="Hyde.Framework.Testing.Feature.NavigationMenuTest" assertions="2" time="0.015527"/>
        <testcase name="test_documentation_pages_do_not_get_added_to_dropdowns" file="/home/runner/work/develop/develop/packages/framework/tests/Feature/NavigationMenuTest.php" line="335" class="Hyde\Framework\Testing\Feature\NavigationMenuTest" classname="Hyde.Framework.Testing.Feature.NavigationMenuTest" assertions="2" time="0.017542"/>
        <testcase name="test_blog_posts_do_not_get_added_to_dropdowns" file="/home/runner/work/develop/develop/packages/framework/tests/Feature/NavigationMenuTest.php" line="347" class="Hyde\Framework\Testing\Feature\NavigationMenuTest" classname="Hyde.Framework.Testing.Feature.NavigationMenuTest" assertions="2" time="0.018944"/>
        <testcase name="test_pages_in_dropdowns_do_not_get_added_to_the_main_navigation" file="/home/runner/work/develop/develop/packages/framework/tests/Feature/NavigationMenuTest.php" line="359" class="Hyde\Framework\Testing\Feature\NavigationMenuTest" classname="Hyde.Framework.Testing.Feature.NavigationMenuTest" assertions="2" time="0.020777"/>
        <testcase name="test_dropdown_menu_items_are_sorted_by_priority" file="/home/runner/work/develop/develop/packages/framework/tests/Feature/NavigationMenuTest.php" line="377" class="Hyde\Framework\Testing\Feature\NavigationMenuTest" classname="Hyde.Framework.Testing.Feature.NavigationMenuTest" assertions="1" time="0.018427"/>
      </testsuite>
      <testsuite name="Hyde\Framework\Testing\Feature\PageCollectionTest" file="/home/runner/work/develop/develop/packages/framework/tests/Feature/PageCollectionTest.php" tests="12" assertions="38" errors="0" failures="0" skipped="0" time="0.273712">
        <testcase name="test_boot_method_creates_new_page_collection_and_discovers_pages_automatically" file="/home/runner/work/develop/develop/packages/framework/tests/Feature/PageCollectionTest.php" line="27" class="Hyde\Framework\Testing\Feature\PageCollectionTest" classname="Hyde.Framework.Testing.Feature.PageCollectionTest" assertions="3" time="0.019725"/>
        <testcase name="test_blade_pages_are_discovered" file="/home/runner/work/develop/develop/packages/framework/tests/Feature/PageCollectionTest.php" line="39" class="Hyde\Framework\Testing\Feature\PageCollectionTest" classname="Hyde.Framework.Testing.Feature.PageCollectionTest" assertions="2" time="0.021417"/>
        <testcase name="test_markdown_pages_are_discovered" file="/home/runner/work/develop/develop/packages/framework/tests/Feature/PageCollectionTest.php" line="48" class="Hyde\Framework\Testing\Feature\PageCollectionTest" classname="Hyde.Framework.Testing.Feature.PageCollectionTest" assertions="2" time="0.021835"/>
        <testcase name="test_markdown_posts_are_discovered" file="/home/runner/work/develop/develop/packages/framework/tests/Feature/PageCollectionTest.php" line="57" class="Hyde\Framework\Testing\Feature\PageCollectionTest" classname="Hyde.Framework.Testing.Feature.PageCollectionTest" assertions="2" time="0.038165"/>
        <testcase name="test_documentation_pages_are_discovered" file="/home/runner/work/develop/develop/packages/framework/tests/Feature/PageCollectionTest.php" line="66" class="Hyde\Framework\Testing\Feature\PageCollectionTest" classname="Hyde.Framework.Testing.Feature.PageCollectionTest" assertions="2" time="0.022552"/>
        <testcase name="test_get_page_returns_parsed_page_object_for_given_source_path" file="/home/runner/work/develop/develop/packages/framework/tests/Feature/PageCollectionTest.php" line="74" class="Hyde\Framework\Testing\Feature\PageCollectionTest" classname="Hyde.Framework.Testing.Feature.PageCollectionTest" assertions="1" time="0.017224"/>
        <testcase name="test_get_pages_returns_collection_of_pages_of_given_class" file="/home/runner/work/develop/develop/packages/framework/tests/Feature/PageCollectionTest.php" line="80" class="Hyde\Framework\Testing\Feature\PageCollectionTest" classname="Hyde.Framework.Testing.Feature.PageCollectionTest" assertions="11" time="0.038942"/>
        <testcase name="test_get_pages_returns_all_pages_when_not_supplied_with_class_string" file="/home/runner/work/develop/develop/packages/framework/tests/Feature/PageCollectionTest.php" line="108" class="Hyde\Framework\Testing\Feature\PageCollectionTest" classname="Hyde.Framework.Testing.Feature.PageCollectionTest" assertions="6" time="0.030685"/>
        <testcase name="test_get_pages_returns_empty_collection_when_no_pages_are_discovered" file="/home/runner/work/develop/develop/packages/framework/tests/Feature/PageCollectionTest.php" line="130" class="Hyde\Framework\Testing\Feature\PageCollectionTest" classname="Hyde.Framework.Testing.Feature.PageCollectionTest" assertions="1" time="0.010343"/>
        <testcase name="test_pages_are_not_discovered_for_disabled_features" file="/home/runner/work/develop/develop/packages/framework/tests/Feature/PageCollectionTest.php" line="137" class="Hyde\Framework\Testing\Feature\PageCollectionTest" classname="Hyde.Framework.Testing.Feature.PageCollectionTest" assertions="1" time="0.008860"/>
        <testcase name="test_pages_with_custom_source_directories_are_discovered_properly" file="/home/runner/work/develop/develop/packages/framework/tests/Feature/PageCollectionTest.php" line="156" class="Hyde\Framework\Testing\Feature\PageCollectionTest" classname="Hyde.Framework.Testing.Feature.PageCollectionTest" assertions="5" time="0.029711"/>
        <testcase name="test_get_file_throws_exception_when_file_is_not_found" file="/home/runner/work/develop/develop/packages/framework/tests/Feature/PageCollectionTest.php" line="182" class="Hyde\Framework\Testing\Feature\PageCollectionTest" classname="Hyde.Framework.Testing.Feature.PageCollectionTest" assertions="2" time="0.014253"/>
      </testsuite>
      <testsuite name="Hyde\Framework\Testing\Feature\PageModelConstructorsTest" file="/home/runner/work/develop/develop/packages/framework/tests/Feature/PageModelConstructorsTest.php" tests="5" assertions="5" errors="0" failures="0" skipped="0" time="0.056395">
        <testcase name="test_dynamic_data_constructor_can_find_title_from_front_matter" file="/home/runner/work/develop/develop/packages/framework/tests/Feature/PageModelConstructorsTest.php" line="24" class="Hyde\Framework\Testing\Feature\PageModelConstructorsTest" classname="Hyde.Framework.Testing.Feature.PageModelConstructorsTest" assertions="1" time="0.011612"/>
        <testcase name="test_dynamic_data_constructor_can_find_title_from_h1_tag" file="/home/runner/work/develop/develop/packages/framework/tests/Feature/PageModelConstructorsTest.php" line="31" class="Hyde\Framework\Testing\Feature\PageModelConstructorsTest" classname="Hyde.Framework.Testing.Feature.PageModelConstructorsTest" assertions="1" time="0.011210"/>
        <testcase name="test_dynamic_data_constructor_can_find_title_from_slug" file="/home/runner/work/develop/develop/packages/framework/tests/Feature/PageModelConstructorsTest.php" line="39" class="Hyde\Framework\Testing\Feature\PageModelConstructorsTest" classname="Hyde.Framework.Testing.Feature.PageModelConstructorsTest" assertions="1" time="0.010500"/>
        <testcase name="test_documentation_page_parser_can_get_group_from_front_matter" file="/home/runner/work/develop/develop/packages/framework/tests/Feature/PageModelConstructorsTest.php" line="47" class="Hyde\Framework\Testing\Feature\PageModelConstructorsTest" classname="Hyde.Framework.Testing.Feature.PageModelConstructorsTest" assertions="1" time="0.011705"/>
        <testcase name="test_documentation_page_parser_can_get_group_automatically_from_nested_page" file="/home/runner/work/develop/develop/packages/framework/tests/Feature/PageModelConstructorsTest.php" line="55" class="Hyde\Framework\Testing\Feature\PageModelConstructorsTest" classname="Hyde.Framework.Testing.Feature.PageModelConstructorsTest" assertions="1" time="0.011368"/>
      </testsuite>
      <testsuite name="Hyde\Framework\Testing\Feature\PaginatorTest" file="/home/runner/work/develop/develop/packages/framework/tests/Feature/PaginatorTest.php" tests="32" assertions="60" errors="0" failures="0" skipped="0" time="0.295509">
        <testcase name="test_it_can_be_instantiated" file="/home/runner/work/develop/develop/packages/framework/tests/Feature/PaginatorTest.php" line="18" class="Hyde\Framework\Testing\Feature\PaginatorTest" classname="Hyde.Framework.Testing.Feature.PaginatorTest" assertions="1" time="0.034434"/>
        <testcase name="testGetPaginatedPageCollection" file="/home/runner/work/develop/develop/packages/framework/tests/Feature/PaginatorTest.php" line="23" class="Hyde\Framework\Testing\Feature\PaginatorTest" classname="Hyde.Framework.Testing.Feature.PaginatorTest" assertions="1" time="0.006857"/>
        <testcase name="testGetPaginatedPageCollectionWithPages" file="/home/runner/work/develop/develop/packages/framework/tests/Feature/PaginatorTest.php" line="28" class="Hyde\Framework\Testing\Feature\PaginatorTest" classname="Hyde.Framework.Testing.Feature.PaginatorTest" assertions="4" time="0.008532"/>
        <testcase name="testCollectionIsChunkedBySpecifiedSettingValue" file="/home/runner/work/develop/develop/packages/framework/tests/Feature/PaginatorTest.php" line="44" class="Hyde\Framework\Testing\Feature\PaginatorTest" classname="Hyde.Framework.Testing.Feature.PaginatorTest" assertions="3" time="0.007672"/>
        <testcase name="testGetItemsForPageReturnsTheCorrectChunk" file="/home/runner/work/develop/develop/packages/framework/tests/Feature/PaginatorTest.php" line="56" class="Hyde\Framework\Testing\Feature\PaginatorTest" classname="Hyde.Framework.Testing.Feature.PaginatorTest" assertions="10" time="0.008938"/>
        <testcase name="testCanGetCurrentPageNumber" file="/home/runner/work/develop/develop/packages/framework/tests/Feature/PaginatorTest.php" line="76" class="Hyde\Framework\Testing\Feature\PaginatorTest" classname="Hyde.Framework.Testing.Feature.PaginatorTest" assertions="1" time="0.006631"/>
        <testcase name="testCanSetCurrentPageNumber" file="/home/runner/work/develop/develop/packages/framework/tests/Feature/PaginatorTest.php" line="82" class="Hyde\Framework\Testing\Feature\PaginatorTest" classname="Hyde.Framework.Testing.Feature.PaginatorTest" assertions="1" time="0.007452"/>
        <testcase name="testSetCurrentPageNumberRequiresIntegerToBeGreaterThanNought" file="/home/runner/work/develop/develop/packages/framework/tests/Feature/PaginatorTest.php" line="89" class="Hyde\Framework\Testing\Feature\PaginatorTest" classname="Hyde.Framework.Testing.Feature.PaginatorTest" assertions="1" time="0.007459"/>
        <testcase name="testSetCurrentPageNumberRequiresIntegerToBeGreaterThanNought2" file="/home/runner/work/develop/develop/packages/framework/tests/Feature/PaginatorTest.php" line="96" class="Hyde\Framework\Testing\Feature\PaginatorTest" classname="Hyde.Framework.Testing.Feature.PaginatorTest" assertions="1" time="0.007196"/>
        <testcase name="testSetCurrentPageNumberRequiresIntegerToBeLessThanTotalPages" file="/home/runner/work/develop/develop/packages/framework/tests/Feature/PaginatorTest.php" line="103" class="Hyde\Framework\Testing\Feature\PaginatorTest" classname="Hyde.Framework.Testing.Feature.PaginatorTest" assertions="2" time="0.007426"/>
        <testcase name="testCannotSetInvalidCurrentPageNumberInConstructor" file="/home/runner/work/develop/develop/packages/framework/tests/Feature/PaginatorTest.php" line="117" class="Hyde\Framework\Testing\Feature\PaginatorTest" classname="Hyde.Framework.Testing.Feature.PaginatorTest" assertions="1" time="0.007854"/>
        <testcase name="testLastPageReturnsTheLastPageNumber" file="/home/runner/work/develop/develop/packages/framework/tests/Feature/PaginatorTest.php" line="127" class="Hyde\Framework\Testing\Feature\PaginatorTest" classname="Hyde.Framework.Testing.Feature.PaginatorTest" assertions="1" time="0.007565"/>
        <testcase name="testTotalPagesReturnsTheTotalNumberOfPages" file="/home/runner/work/develop/develop/packages/framework/tests/Feature/PaginatorTest.php" line="132" class="Hyde\Framework\Testing\Feature\PaginatorTest" classname="Hyde.Framework.Testing.Feature.PaginatorTest" assertions="1" time="0.007327"/>
        <testcase name="testPerPageReturnsTheNumberOfItemsToBeShownPerPage" file="/home/runner/work/develop/develop/packages/framework/tests/Feature/PaginatorTest.php" line="137" class="Hyde\Framework\Testing\Feature\PaginatorTest" classname="Hyde.Framework.Testing.Feature.PaginatorTest" assertions="1" time="0.009241"/>
        <testcase name="testHasMultiplePagesReturnsTrueIfThereAreEnoughItemsToSplitIntoMultiplePages" file="/home/runner/work/develop/develop/packages/framework/tests/Feature/PaginatorTest.php" line="142" class="Hyde\Framework\Testing\Feature\PaginatorTest" classname="Hyde.Framework.Testing.Feature.PaginatorTest" assertions="1" time="0.007831"/>
        <testcase name="testHasPagesReturnsFalseIfThereAreNotEnoughItemsToSplitIntoMultiplePages" file="/home/runner/work/develop/develop/packages/framework/tests/Feature/PaginatorTest.php" line="147" class="Hyde\Framework\Testing\Feature\PaginatorTest" classname="Hyde.Framework.Testing.Feature.PaginatorTest" assertions="1" time="0.007900"/>
        <testcase name="testHasMorePagesReturnsTrueIfCursorCanNavigateForward" file="/home/runner/work/develop/develop/packages/framework/tests/Feature/PaginatorTest.php" line="152" class="Hyde\Framework\Testing\Feature\PaginatorTest" classname="Hyde.Framework.Testing.Feature.PaginatorTest" assertions="1" time="0.007748"/>
        <testcase name="testHasMorePagesReturnsFalseIfCursorCannotNavigateForward" file="/home/runner/work/develop/develop/packages/framework/tests/Feature/PaginatorTest.php" line="157" class="Hyde\Framework\Testing\Feature\PaginatorTest" classname="Hyde.Framework.Testing.Feature.PaginatorTest" assertions="1" time="0.007965"/>
        <testcase name="testHasFewerPagesReturnsTrueIfCursorCanNavigateBack" file="/home/runner/work/develop/develop/packages/framework/tests/Feature/PaginatorTest.php" line="162" class="Hyde\Framework\Testing\Feature\PaginatorTest" classname="Hyde.Framework.Testing.Feature.PaginatorTest" assertions="1" time="0.007653"/>
        <testcase name="testHasFewerPagesReturnsFalseIfCursorCannotNavigateBack" file="/home/runner/work/develop/develop/packages/framework/tests/Feature/PaginatorTest.php" line="167" class="Hyde\Framework\Testing\Feature\PaginatorTest" classname="Hyde.Framework.Testing.Feature.PaginatorTest" assertions="1" time="0.007380"/>
        <testcase name="testPreviousMethodWithoutFewerPagesReturnsFalse" file="/home/runner/work/develop/develop/packages/framework/tests/Feature/PaginatorTest.php" line="172" class="Hyde\Framework\Testing\Feature\PaginatorTest" classname="Hyde.Framework.Testing.Feature.PaginatorTest" assertions="1" time="0.007486"/>
        <testcase name="testNextMethodWithoutMorePagesReturnsFalse" file="/home/runner/work/develop/develop/packages/framework/tests/Feature/PaginatorTest.php" line="177" class="Hyde\Framework\Testing\Feature\PaginatorTest" classname="Hyde.Framework.Testing.Feature.PaginatorTest" assertions="1" time="0.007876"/>
        <testcase name="testPreviousMethodReturnsPreviousPageLinkWhenNoBaseRouteIsSet" file="/home/runner/work/develop/develop/packages/framework/tests/Feature/PaginatorTest.php" line="182" class="Hyde\Framework\Testing\Feature\PaginatorTest" classname="Hyde.Framework.Testing.Feature.PaginatorTest" assertions="1" time="0.007823"/>
        <testcase name="testNextMethodReturnsNextPageLinkWhenNoBaseRouteIsSet" file="/home/runner/work/develop/develop/packages/framework/tests/Feature/PaginatorTest.php" line="187" class="Hyde\Framework\Testing\Feature\PaginatorTest" classname="Hyde.Framework.Testing.Feature.PaginatorTest" assertions="1" time="0.008026"/>
        <testcase name="testPreviousAndNextMethodsWithBaseRouteSet" file="/home/runner/work/develop/develop/packages/framework/tests/Feature/PaginatorTest.php" line="192" class="Hyde\Framework\Testing\Feature\PaginatorTest" classname="Hyde.Framework.Testing.Feature.PaginatorTest" assertions="6" time="0.019226"/>
        <testcase name="testPreviousNumberWithoutFewerPagesReturnsFalse" file="/home/runner/work/develop/develop/packages/framework/tests/Feature/PaginatorTest.php" line="216" class="Hyde\Framework\Testing\Feature\PaginatorTest" classname="Hyde.Framework.Testing.Feature.PaginatorTest" assertions="1" time="0.007201"/>
        <testcase name="testNextNumberWithoutMorePagesReturnsFalse" file="/home/runner/work/develop/develop/packages/framework/tests/Feature/PaginatorTest.php" line="221" class="Hyde\Framework\Testing\Feature\PaginatorTest" classname="Hyde.Framework.Testing.Feature.PaginatorTest" assertions="1" time="0.007824"/>
        <testcase name="testPreviousNumberReturnsThePreviousPageNumberWhenThereIsOne" file="/home/runner/work/develop/develop/packages/framework/tests/Feature/PaginatorTest.php" line="226" class="Hyde\Framework\Testing\Feature\PaginatorTest" classname="Hyde.Framework.Testing.Feature.PaginatorTest" assertions="1" time="0.007311"/>
        <testcase name="testNextNumberReturnsTheNextPageNumberWhenThereIsOne" file="/home/runner/work/develop/develop/packages/framework/tests/Feature/PaginatorTest.php" line="231" class="Hyde\Framework\Testing\Feature\PaginatorTest" classname="Hyde.Framework.Testing.Feature.PaginatorTest" assertions="1" time="0.007638"/>
        <testcase name="testGetPageLinks" file="/home/runner/work/develop/develop/packages/framework/tests/Feature/PaginatorTest.php" line="236" class="Hyde\Framework\Testing\Feature\PaginatorTest" classname="Hyde.Framework.Testing.Feature.PaginatorTest" assertions="1" time="0.007205"/>
        <testcase name="testGetPageLinksWithBaseRoute" file="/home/runner/work/develop/develop/packages/framework/tests/Feature/PaginatorTest.php" line="250" class="Hyde\Framework\Testing\Feature\PaginatorTest" classname="Hyde.Framework.Testing.Feature.PaginatorTest" assertions="1" time="0.017969"/>
        <testcase name="testFirstItemNumberOnPage" file="/home/runner/work/develop/develop/packages/framework/tests/Feature/PaginatorTest.php" line="273" class="Hyde\Framework\Testing\Feature\PaginatorTest" classname="Hyde.Framework.Testing.Feature.PaginatorTest" assertions="9" time="0.008862"/>
      </testsuite>
      <testsuite name="Hyde\Framework\Testing\Feature\PharSupportTest" file="/home/runner/work/develop/develop/packages/framework/tests/Feature/PharSupportTest.php" tests="7" assertions="9" errors="0" failures="0" skipped="0" time="0.049526">
        <testcase name="testActive" file="/home/runner/work/develop/develop/packages/framework/tests/Feature/PharSupportTest.php" line="24" class="Hyde\Framework\Testing\Feature\PharSupportTest" classname="Hyde.Framework.Testing.Feature.PharSupportTest" assertions="1" time="0.006937"/>
        <testcase name="testMockActive" file="/home/runner/work/develop/develop/packages/framework/tests/Feature/PharSupportTest.php" line="29" class="Hyde\Framework\Testing\Feature\PharSupportTest" classname="Hyde.Framework.Testing.Feature.PharSupportTest" assertions="2" time="0.006528"/>
        <testcase name="testHasVendorDirectory" file="/home/runner/work/develop/develop/packages/framework/tests/Feature/PharSupportTest.php" line="38" class="Hyde\Framework\Testing\Feature\PharSupportTest" classname="Hyde.Framework.Testing.Feature.PharSupportTest" assertions="1" time="0.006538"/>
        <testcase name="testMockHasVendorDirectory" file="/home/runner/work/develop/develop/packages/framework/tests/Feature/PharSupportTest.php" line="43" class="Hyde\Framework\Testing\Feature\PharSupportTest" classname="Hyde.Framework.Testing.Feature.PharSupportTest" assertions="2" time="0.007372"/>
        <testcase name="test_vendor_path_can_run_in_phar" file="/home/runner/work/develop/develop/packages/framework/tests/Feature/PharSupportTest.php" line="52" class="Hyde\Framework\Testing\Feature\PharSupportTest" classname="Hyde.Framework.Testing.Feature.PharSupportTest" assertions="1" time="0.007470"/>
        <testcase name="test_vendor_path_can_run_in_phar_with_path_argument" file="/home/runner/work/develop/develop/packages/framework/tests/Feature/PharSupportTest.php" line="60" class="Hyde\Framework\Testing\Feature\PharSupportTest" classname="Hyde.Framework.Testing.Feature.PharSupportTest" assertions="1" time="0.007329"/>
        <testcase name="test_vendor_path_can_run_in_phar_with_package_argument_but_throws" file="/home/runner/work/develop/develop/packages/framework/tests/Feature/PharSupportTest.php" line="68" class="Hyde\Framework\Testing\Feature\PharSupportTest" classname="Hyde.Framework.Testing.Feature.PharSupportTest" assertions="1" time="0.007354"/>
      </testsuite>
      <testsuite name="Hyde\Framework\Testing\Feature\ReadingTimeTest" file="/home/runner/work/develop/develop/packages/framework/tests/Feature/ReadingTimeTest.php" tests="12" assertions="38" errors="0" failures="0" skipped="0" time="0.055137">
        <testcase name="test___construct" file="/home/runner/work/develop/develop/packages/framework/tests/Feature/ReadingTimeTest.php" line="23" class="Hyde\Framework\Testing\Feature\ReadingTimeTest" classname="Hyde.Framework.Testing.Feature.ReadingTimeTest" assertions="1" time="0.017677"/>
        <testcase name="test__toString" file="/home/runner/work/develop/develop/packages/framework/tests/Feature/ReadingTimeTest.php" line="28" class="Hyde\Framework\Testing\Feature\ReadingTimeTest" classname="Hyde.Framework.Testing.Feature.ReadingTimeTest" assertions="1" time="0.003814"/>
        <testcase name="test_getWordCount" file="/home/runner/work/develop/develop/packages/framework/tests/Feature/ReadingTimeTest.php" line="33" class="Hyde\Framework\Testing\Feature\ReadingTimeTest" classname="Hyde.Framework.Testing.Feature.ReadingTimeTest" assertions="4" time="0.003507"/>
        <testcase name="test_getMinutes" file="/home/runner/work/develop/develop/packages/framework/tests/Feature/ReadingTimeTest.php" line="41" class="Hyde\Framework\Testing\Feature\ReadingTimeTest" classname="Hyde.Framework.Testing.Feature.ReadingTimeTest" assertions="4" time="0.003439"/>
        <testcase name="test_getSeconds" file="/home/runner/work/develop/develop/packages/framework/tests/Feature/ReadingTimeTest.php" line="49" class="Hyde\Framework\Testing\Feature\ReadingTimeTest" classname="Hyde.Framework.Testing.Feature.ReadingTimeTest" assertions="4" time="0.003228"/>
        <testcase name="test_getSecondsOver" file="/home/runner/work/develop/develop/packages/framework/tests/Feature/ReadingTimeTest.php" line="57" class="Hyde\Framework\Testing\Feature\ReadingTimeTest" classname="Hyde.Framework.Testing.Feature.ReadingTimeTest" assertions="4" time="0.002971"/>
        <testcase name="test_getFormatted" file="/home/runner/work/develop/develop/packages/framework/tests/Feature/ReadingTimeTest.php" line="65" class="Hyde\Framework\Testing\Feature\ReadingTimeTest" classname="Hyde.Framework.Testing.Feature.ReadingTimeTest" assertions="4" time="0.003298"/>
        <testcase name="test_getFormattedWithCustomFormatting" file="/home/runner/work/develop/develop/packages/framework/tests/Feature/ReadingTimeTest.php" line="73" class="Hyde\Framework\Testing\Feature\ReadingTimeTest" classname="Hyde.Framework.Testing.Feature.ReadingTimeTest" assertions="4" time="0.003339"/>
        <testcase name="test_getFormattedFormatsUpToOneMinuteWhenRoundUpIsSet" file="/home/runner/work/develop/develop/packages/framework/tests/Feature/ReadingTimeTest.php" line="81" class="Hyde\Framework\Testing\Feature\ReadingTimeTest" classname="Hyde.Framework.Testing.Feature.ReadingTimeTest" assertions="4" time="0.003308"/>
        <testcase name="test_formatUsingClosure" file="/home/runner/work/develop/develop/packages/framework/tests/Feature/ReadingTimeTest.php" line="89" class="Hyde\Framework\Testing\Feature\ReadingTimeTest" classname="Hyde.Framework.Testing.Feature.ReadingTimeTest" assertions="4" time="0.002935"/>
        <testcase name="test_fromString" file="/home/runner/work/develop/develop/packages/framework/tests/Feature/ReadingTimeTest.php" line="106" class="Hyde\Framework\Testing\Feature\ReadingTimeTest" classname="Hyde.Framework.Testing.Feature.ReadingTimeTest" assertions="2" time="0.003010"/>
        <testcase name="test_fromFile" file="/home/runner/work/develop/develop/packages/framework/tests/Feature/ReadingTimeTest.php" line="112" class="Hyde\Framework\Testing\Feature\ReadingTimeTest" classname="Hyde.Framework.Testing.Feature.ReadingTimeTest" assertions="2" time="0.004611"/>
      </testsuite>
      <testsuite name="Hyde\Framework\Testing\Feature\RedirectTest" file="/home/runner/work/develop/develop/packages/framework/tests/Feature/RedirectTest.php" tests="4" assertions="12" errors="0" failures="0" skipped="0" time="0.064053">
        <testcase name="test_can_create_a_redirect" file="/home/runner/work/develop/develop/packages/framework/tests/Feature/RedirectTest.php" line="18" class="Hyde\Framework\Testing\Feature\RedirectTest" classname="Hyde.Framework.Testing.Feature.RedirectTest" assertions="7" time="0.025427"/>
        <testcase name="test_path_parameter_is_normalized" file="/home/runner/work/develop/develop/packages/framework/tests/Feature/RedirectTest.php" line="51" class="Hyde\Framework\Testing\Feature\RedirectTest" classname="Hyde.Framework.Testing.Feature.RedirectTest" assertions="1" time="0.010118"/>
        <testcase name="test_text_can_be_disabled" file="/home/runner/work/develop/develop/packages/framework/tests/Feature/RedirectTest.php" line="60" class="Hyde\Framework\Testing\Feature\RedirectTest" classname="Hyde.Framework.Testing.Feature.RedirectTest" assertions="2" time="0.012082"/>
        <testcase name="test_redirect_pages_can_be_compilable_by_static_site_though_manual_discovery" file="/home/runner/work/develop/develop/packages/framework/tests/Feature/RedirectTest.php" line="69" class="Hyde\Framework\Testing\Feature\RedirectTest" classname="Hyde.Framework.Testing.Feature.RedirectTest" assertions="2" time="0.016426"/>
      </testsuite>
      <testsuite name="Hyde\Framework\Testing\Feature\RenderHelperTest" file="/home/runner/work/develop/develop/packages/framework/tests/Feature/RenderHelperTest.php" tests="14" assertions="36" errors="0" failures="0" skipped="0" time="0.176628">
        <testcase name="testSetAndGetPage" file="/home/runner/work/develop/develop/packages/framework/tests/Feature/RenderHelperTest.php" line="20" class="Hyde\Framework\Testing\Feature\RenderHelperTest" classname="Hyde.Framework.Testing.Feature.RenderHelperTest" assertions="2" time="0.015053"/>
        <testcase name="testSetPageSharesDataToViewAutomatically" file="/home/runner/work/develop/develop/packages/framework/tests/Feature/RenderHelperTest.php" line="28" class="Hyde\Framework\Testing\Feature\RenderHelperTest" classname="Hyde.Framework.Testing.Feature.RenderHelperTest" assertions="2" time="0.014450"/>
        <testcase name="testGetRoute" file="/home/runner/work/develop/develop/packages/framework/tests/Feature/RenderHelperTest.php" line="36" class="Hyde\Framework\Testing\Feature\RenderHelperTest" classname="Hyde.Framework.Testing.Feature.RenderHelperTest" assertions="2" time="0.014713"/>
        <testcase name="testGetRouteKey" file="/home/runner/work/develop/develop/packages/framework/tests/Feature/RenderHelperTest.php" line="44" class="Hyde\Framework\Testing\Feature\RenderHelperTest" classname="Hyde.Framework.Testing.Feature.RenderHelperTest" assertions="2" time="0.015132"/>
        <testcase name="testShareToView" file="/home/runner/work/develop/develop/packages/framework/tests/Feature/RenderHelperTest.php" line="52" class="Hyde\Framework\Testing\Feature\RenderHelperTest" classname="Hyde.Framework.Testing.Feature.RenderHelperTest" assertions="6" time="0.014888"/>
        <testcase name="testShare" file="/home/runner/work/develop/develop/packages/framework/tests/Feature/RenderHelperTest.php" line="65" class="Hyde\Framework\Testing\Feature\RenderHelperTest" classname="Hyde.Framework.Testing.Feature.RenderHelperTest" assertions="2" time="0.007699"/>
        <testcase name="testShareInvalidProperty" file="/home/runner/work/develop/develop/packages/framework/tests/Feature/RenderHelperTest.php" line="73" class="Hyde\Framework\Testing\Feature\RenderHelperTest" classname="Hyde.Framework.Testing.Feature.RenderHelperTest" assertions="2" time="0.007290"/>
        <testcase name="testShareCascadesDataToView" file="/home/runner/work/develop/develop/packages/framework/tests/Feature/RenderHelperTest.php" line="81" class="Hyde\Framework\Testing\Feature\RenderHelperTest" classname="Hyde.Framework.Testing.Feature.RenderHelperTest" assertions="2" time="0.008136"/>
        <testcase name="testClearData" file="/home/runner/work/develop/develop/packages/framework/tests/Feature/RenderHelperTest.php" line="89" class="Hyde\Framework\Testing\Feature\RenderHelperTest" classname="Hyde.Framework.Testing.Feature.RenderHelperTest" assertions="2" time="0.014876"/>
        <testcase name="testClearDataOnFacade" file="/home/runner/work/develop/develop/packages/framework/tests/Feature/RenderHelperTest.php" line="99" class="Hyde\Framework\Testing\Feature\RenderHelperTest" classname="Hyde.Framework.Testing.Feature.RenderHelperTest" assertions="2" time="0.015514"/>
        <testcase name="testClearDataCascadesToClearItsViewData" file="/home/runner/work/develop/develop/packages/framework/tests/Feature/RenderHelperTest.php" line="108" class="Hyde\Framework\Testing\Feature\RenderHelperTest" classname="Hyde.Framework.Testing.Feature.RenderHelperTest" assertions="6" time="0.016187"/>
        <testcase name="testClearDataDoesNotClearOtherViewData" file="/home/runner/work/develop/develop/packages/framework/tests/Feature/RenderHelperTest.php" line="122" class="Hyde\Framework\Testing\Feature\RenderHelperTest" classname="Hyde.Framework.Testing.Feature.RenderHelperTest" assertions="2" time="0.008346"/>
        <testcase name="testClearDataDoesNotClearRenderInstanceFromViewData" file="/home/runner/work/develop/develop/packages/framework/tests/Feature/RenderHelperTest.php" line="131" class="Hyde\Framework\Testing\Feature\RenderHelperTest" classname="Hyde.Framework.Testing.Feature.RenderHelperTest" assertions="2" time="0.008922"/>
        <testcase name="testToArray" file="/home/runner/work/develop/develop/packages/framework/tests/Feature/RenderHelperTest.php" line="140" class="Hyde\Framework\Testing\Feature\RenderHelperTest" classname="Hyde.Framework.Testing.Feature.RenderHelperTest" assertions="2" time="0.015419"/>
      </testsuite>
      <testsuite name="Hyde\Framework\Testing\Feature\RouteCollectionTest" file="/home/runner/work/develop/develop/packages/framework/tests/Feature/RouteCollectionTest.php" tests="7" assertions="19" errors="0" failures="0" skipped="0" time="0.149431">
        <testcase name="test_boot_method_discovers_all_pages" file="/home/runner/work/develop/develop/packages/framework/tests/Feature/RouteCollectionTest.php" line="27" class="Hyde\Framework\Testing\Feature\RouteCollectionTest" classname="Hyde.Framework.Testing.Feature.RouteCollectionTest" assertions="3" time="0.016950"/>
        <testcase name="test_boot_method_discovers_all_page_types" file="/home/runner/work/develop/develop/packages/framework/tests/Feature/RouteCollectionTest.php" line="40" class="Hyde\Framework\Testing\Feature\RouteCollectionTest" classname="Hyde.Framework.Testing.Feature.RouteCollectionTest" assertions="3" time="0.029425"/>
        <testcase name="test_get_routes_returns_all_routes" file="/home/runner/work/develop/develop/packages/framework/tests/Feature/RouteCollectionTest.php" line="66" class="Hyde\Framework\Testing\Feature\RouteCollectionTest" classname="Hyde.Framework.Testing.Feature.RouteCollectionTest" assertions="1" time="0.023764"/>
        <testcase name="test_get_routes_for_model_returns_collection_of_routes_of_given_class" file="/home/runner/work/develop/develop/packages/framework/tests/Feature/RouteCollectionTest.php" line="77" class="Hyde\Framework\Testing\Feature\RouteCollectionTest" classname="Hyde.Framework.Testing.Feature.RouteCollectionTest" assertions="6" time="0.031283"/>
        <testcase name="test_add_route_adds_new_route" file="/home/runner/work/develop/develop/packages/framework/tests/Feature/RouteCollectionTest.php" line="99" class="Hyde\Framework\Testing\Feature\RouteCollectionTest" classname="Hyde.Framework.Testing.Feature.RouteCollectionTest" assertions="3" time="0.017453"/>
        <testcase name="test_get_route" file="/home/runner/work/develop/develop/packages/framework/tests/Feature/RouteCollectionTest.php" line="108" class="Hyde\Framework\Testing\Feature\RouteCollectionTest" classname="Hyde.Framework.Testing.Feature.RouteCollectionTest" assertions="1" time="0.016420"/>
        <testcase name="test_get_route_with_non_existing_route" file="/home/runner/work/develop/develop/packages/framework/tests/Feature/RouteCollectionTest.php" line="113" class="Hyde\Framework\Testing\Feature\RouteCollectionTest" classname="Hyde.Framework.Testing.Feature.RouteCollectionTest" assertions="2" time="0.014136"/>
      </testsuite>
      <testsuite name="Hyde\Framework\Testing\Feature\RouteListTest" file="/home/runner/work/develop/develop/packages/framework/tests/Feature/RouteListTest.php" tests="3" assertions="3" errors="0" failures="0" skipped="0" time="0.042596">
        <testcase name="testRouteList" file="/home/runner/work/develop/develop/packages/framework/tests/Feature/RouteListTest.php" line="19" class="Hyde\Framework\Testing\Feature\RouteListTest" classname="Hyde.Framework.Testing.Feature.RouteListTest" assertions="1" time="0.014009"/>
        <testcase name="testHeaders" file="/home/runner/work/develop/develop/packages/framework/tests/Feature/RouteListTest.php" line="37" class="Hyde\Framework\Testing\Feature\RouteListTest" classname="Hyde.Framework.Testing.Feature.RouteListTest" assertions="1" time="0.013416"/>
        <testcase name="testWithDynamicPages" file="/home/runner/work/develop/develop/packages/framework/tests/Feature/RouteListTest.php" line="47" class="Hyde\Framework\Testing\Feature\RouteListTest" classname="Hyde.Framework.Testing.Feature.RouteListTest" assertions="1" time="0.015171"/>
      </testsuite>
      <testsuite name="Hyde\Framework\Testing\Feature\Services\BladeDownProcessorTest" file="/home/runner/work/develop/develop/packages/framework/tests/Feature/Services/BladeDownProcessorTest.php" tests="9" assertions="9" errors="0" failures="0" skipped="0" time="0.076816">
        <testcase name="test_it_renders_blade_echo_syntax" file="/home/runner/work/develop/develop/packages/framework/tests/Feature/Services/BladeDownProcessorTest.php" line="17" class="Hyde\Framework\Testing\Feature\Services\BladeDownProcessorTest" classname="Hyde.Framework.Testing.Feature.Services.BladeDownProcessorTest" assertions="1" time="0.008950"/>
        <testcase name="test_it_renders_blade_within_multiline_markdown" file="/home/runner/work/develop/develop/packages/framework/tests/Feature/Services/BladeDownProcessorTest.php" line="22" class="Hyde\Framework\Testing\Feature\Services\BladeDownProcessorTest" classname="Hyde.Framework.Testing.Feature.Services.BladeDownProcessorTest" assertions="1" time="0.008950"/>
        <testcase name="test_it_renders_blade_views" file="/home/runner/work/develop/develop/packages/framework/tests/Feature/Services/BladeDownProcessorTest.php" line="31" class="Hyde\Framework\Testing\Feature\Services\BladeDownProcessorTest" classname="Hyde.Framework.Testing.Feature.Services.BladeDownProcessorTest" assertions="1" time="0.009359"/>
        <testcase name="test_directive_is_case_insensitive" file="/home/runner/work/develop/develop/packages/framework/tests/Feature/Services/BladeDownProcessorTest.php" line="46" class="Hyde\Framework\Testing\Feature\Services\BladeDownProcessorTest" classname="Hyde.Framework.Testing.Feature.Services.BladeDownProcessorTest" assertions="1" time="0.008095"/>
        <testcase name="test_directive_is_ignored_if_it_is_not_at_the_start_of_a_line" file="/home/runner/work/develop/develop/packages/framework/tests/Feature/Services/BladeDownProcessorTest.php" line="51" class="Hyde\Framework\Testing\Feature\Services\BladeDownProcessorTest" classname="Hyde.Framework.Testing.Feature.Services.BladeDownProcessorTest" assertions="1" time="0.007087"/>
        <testcase name="test_it_renders_blade_echo_syntax_with_variables" file="/home/runner/work/develop/develop/packages/framework/tests/Feature/Services/BladeDownProcessorTest.php" line="57" class="Hyde\Framework\Testing\Feature\Services\BladeDownProcessorTest" classname="Hyde.Framework.Testing.Feature.Services.BladeDownProcessorTest" assertions="1" time="0.008883"/>
        <testcase name="test_it_renders_blade_views_with_variables" file="/home/runner/work/develop/develop/packages/framework/tests/Feature/Services/BladeDownProcessorTest.php" line="62" class="Hyde\Framework\Testing\Feature\Services\BladeDownProcessorTest" classname="Hyde.Framework.Testing.Feature.Services.BladeDownProcessorTest" assertions="1" time="0.010041"/>
        <testcase name="test_preprocess_method_expands_shortcode" file="/home/runner/work/develop/develop/packages/framework/tests/Feature/Services/BladeDownProcessorTest.php" line="73" class="Hyde\Framework\Testing\Feature\Services\BladeDownProcessorTest" classname="Hyde.Framework.Testing.Feature.Services.BladeDownProcessorTest" assertions="1" time="0.007215"/>
        <testcase name="test_process_method_renders_shortcode" file="/home/runner/work/develop/develop/packages/framework/tests/Feature/Services/BladeDownProcessorTest.php" line="78" class="Hyde\Framework\Testing\Feature\Services\BladeDownProcessorTest" classname="Hyde.Framework.Testing.Feature.Services.BladeDownProcessorTest" assertions="1" time="0.008235"/>
      </testsuite>
      <testsuite name="Hyde\Framework\Testing\Feature\Services\BuildTaskServiceTest" file="/home/runner/work/develop/develop/packages/framework/tests/Feature/Services/BuildTaskServiceTest.php" tests="8" assertions="11" errors="0" failures="0" skipped="0" time="0.151155">
        <testcase name="test_build_command_can_run_build_tasks" file="/home/runner/work/develop/develop/packages/framework/tests/Feature/Services/BuildTaskServiceTest.php" line="31" class="Hyde\Framework\Testing\Feature\Services\BuildTaskServiceTest" classname="Hyde.Framework.Testing.Feature.Services.BuildTaskServiceTest" assertions="4" time="0.037640"/>
        <testcase name="test_run_post_build_tasks_runs_configured_tasks_does_nothing_if_no_tasks_are_configured" file="/home/runner/work/develop/develop/packages/framework/tests/Feature/Services/BuildTaskServiceTest.php" line="42" class="Hyde\Framework\Testing\Feature\Services\BuildTaskServiceTest" classname="Hyde.Framework.Testing.Feature.Services.BuildTaskServiceTest" assertions="1" time="0.018026"/>
        <testcase name="test_get_post_build_tasks_returns_array_merged_with_config" file="/home/runner/work/develop/develop/packages/framework/tests/Feature/Services/BuildTaskServiceTest.php" line="50" class="Hyde\Framework\Testing\Feature\Services\BuildTaskServiceTest" classname="Hyde.Framework.Testing.Feature.Services.BuildTaskServiceTest" assertions="1" time="0.015353"/>
        <testcase name="test_get_post_build_tasks_merges_duplicate_keys" file="/home/runner/work/develop/develop/packages/framework/tests/Feature/Services/BuildTaskServiceTest.php" line="60" class="Hyde\Framework\Testing\Feature\Services\BuildTaskServiceTest" classname="Hyde.Framework.Testing.Feature.Services.BuildTaskServiceTest" assertions="1" time="0.015685"/>
        <testcase name="test_run_post_build_tasks_runs_configured_tasks" file="/home/runner/work/develop/develop/packages/framework/tests/Feature/Services/BuildTaskServiceTest.php" line="71" class="Hyde\Framework\Testing\Feature\Services\BuildTaskServiceTest" classname="Hyde.Framework.Testing.Feature.Services.BuildTaskServiceTest" assertions="1" time="0.018426"/>
        <testcase name="test_exception_handler_shows_error_message_and_exits_with_code_1_without_throwing_exception" file="/home/runner/work/develop/develop/packages/framework/tests/Feature/Services/BuildTaskServiceTest.php" line="83" class="Hyde\Framework\Testing\Feature\Services\BuildTaskServiceTest" classname="Hyde.Framework.Testing.Feature.Services.BuildTaskServiceTest" assertions="1" time="0.008216"/>
        <testcase name="test_find_tasks_in_app_directory_method_discovers_tasks_in_app_directory" file="/home/runner/work/develop/develop/packages/framework/tests/Feature/Services/BuildTaskServiceTest.php" line="96" class="Hyde\Framework\Testing\Feature\Services\BuildTaskServiceTest" classname="Hyde.Framework.Testing.Feature.Services.BuildTaskServiceTest" assertions="1" time="0.017248"/>
        <testcase name="test_automatically_discovered_tasks_can_be_executed" file="/home/runner/work/develop/develop/packages/framework/tests/Feature/Services/BuildTaskServiceTest.php" line="104" class="Hyde\Framework\Testing\Feature\Services\BuildTaskServiceTest" classname="Hyde.Framework.Testing.Feature.Services.BuildTaskServiceTest" assertions="1" time="0.020561"/>
      </testsuite>
      <testsuite name="Hyde\Framework\Testing\Feature\Services\DocumentationSearchServiceTest" file="/home/runner/work/develop/develop/packages/framework/tests/Feature/Services/DocumentationSearchServiceTest.php" tests="10" assertions="10" errors="0" failures="0" skipped="0" time="0.126103">
        <testcase name="test_it_generates_a_json_file_with_a_search_index" file="/home/runner/work/develop/develop/packages/framework/tests/Feature/Services/DocumentationSearchServiceTest.php" line="31" class="Hyde\Framework\Testing\Feature\Services\DocumentationSearchServiceTest" classname="Hyde.Framework.Testing.Feature.Services.DocumentationSearchServiceTest" assertions="1" time="0.013732"/>
        <testcase name="test_it_adds_all_files_to_search_index" file="/home/runner/work/develop/develop/packages/framework/tests/Feature/Services/DocumentationSearchServiceTest.php" line="45" class="Hyde\Framework\Testing\Feature\Services\DocumentationSearchServiceTest" classname="Hyde.Framework.Testing.Feature.Services.DocumentationSearchServiceTest" assertions="1" time="0.016319"/>
        <testcase name="test_it_handles_generation_even_when_there_are_no_pages" file="/home/runner/work/develop/develop/packages/framework/tests/Feature/Services/DocumentationSearchServiceTest.php" line="54" class="Hyde\Framework\Testing\Feature\Services\DocumentationSearchServiceTest" classname="Hyde.Framework.Testing.Feature.Services.DocumentationSearchServiceTest" assertions="1" time="0.009360"/>
        <testcase name="test_save_method_saves_the_file_to_the_correct_location" file="/home/runner/work/develop/develop/packages/framework/tests/Feature/Services/DocumentationSearchServiceTest.php" line="63" class="Hyde\Framework\Testing\Feature\Services\DocumentationSearchServiceTest" classname="Hyde.Framework.Testing.Feature.Services.DocumentationSearchServiceTest" assertions="1" time="0.009341"/>
        <testcase name="test_it_generates_a_valid_JSON" file="/home/runner/work/develop/develop/packages/framework/tests/Feature/Services/DocumentationSearchServiceTest.php" line="72" class="Hyde\Framework\Testing\Feature\Services\DocumentationSearchServiceTest" classname="Hyde.Framework.Testing.Feature.Services.DocumentationSearchServiceTest" assertions="1" time="0.013891"/>
        <testcase name="test_it_strips_markdown" file="/home/runner/work/develop/develop/packages/framework/tests/Feature/Services/DocumentationSearchServiceTest.php" line="85" class="Hyde\Framework\Testing\Feature\Services\DocumentationSearchServiceTest" classname="Hyde.Framework.Testing.Feature.Services.DocumentationSearchServiceTest" assertions="1" time="0.012365"/>
        <testcase name="test_get_destination_for_slug_returns_empty_string_for_index_when_pretty_url_is_enabled" file="/home/runner/work/develop/develop/packages/framework/tests/Feature/Services/DocumentationSearchServiceTest.php" line="95" class="Hyde\Framework\Testing\Feature\Services\DocumentationSearchServiceTest" classname="Hyde.Framework.Testing.Feature.Services.DocumentationSearchServiceTest" assertions="1" time="0.012115"/>
        <testcase name="test_get_destination_for_slug_returns_pretty_url_when_enabled" file="/home/runner/work/develop/develop/packages/framework/tests/Feature/Services/DocumentationSearchServiceTest.php" line="105" class="Hyde\Framework\Testing\Feature\Services\DocumentationSearchServiceTest" classname="Hyde.Framework.Testing.Feature.Services.DocumentationSearchServiceTest" assertions="1" time="0.012486"/>
        <testcase name="test_excluded_pages_are_not_present_in_the_search_index" file="/home/runner/work/develop/develop/packages/framework/tests/Feature/Services/DocumentationSearchServiceTest.php" line="115" class="Hyde\Framework\Testing\Feature\Services\DocumentationSearchServiceTest" classname="Hyde.Framework.Testing.Feature.Services.DocumentationSearchServiceTest" assertions="1" time="0.012887"/>
        <testcase name="test_nested_source_files_do_not_retain_directory_name_in_search_index" file="/home/runner/work/develop/develop/packages/framework/tests/Feature/Services/DocumentationSearchServiceTest.php" line="125" class="Hyde\Framework\Testing\Feature\Services\DocumentationSearchServiceTest" classname="Hyde.Framework.Testing.Feature.Services.DocumentationSearchServiceTest" assertions="1" time="0.013606"/>
      </testsuite>
      <testsuite name="Hyde\Framework\Testing\Feature\Services\DocumentationSidebarTest" file="/home/runner/work/develop/develop/packages/framework/tests/Feature/Services/DocumentationSidebarTest.php" tests="32" assertions="41" errors="0" failures="0" skipped="0" time="0.668426">
        <testcase name="test_sidebar_can_be_created" file="/home/runner/work/develop/develop/packages/framework/tests/Feature/Services/DocumentationSidebarTest.php" line="41" class="Hyde\Framework\Testing\Feature\Services\DocumentationSidebarTest" classname="Hyde.Framework.Testing.Feature.Services.DocumentationSidebarTest" assertions="1" time="0.014938"/>
        <testcase name="test_sidebar_items_are_added_automatically" file="/home/runner/work/develop/develop/packages/framework/tests/Feature/Services/DocumentationSidebarTest.php" line="48" class="Hyde\Framework\Testing\Feature\Services\DocumentationSidebarTest" classname="Hyde.Framework.Testing.Feature.Services.DocumentationSidebarTest" assertions="1" time="0.025366"/>
        <testcase name="test_index_page_is_removed_from_sidebar" file="/home/runner/work/develop/develop/packages/framework/tests/Feature/Services/DocumentationSidebarTest.php" line="57" class="Hyde\Framework\Testing\Feature\Services\DocumentationSidebarTest" classname="Hyde.Framework.Testing.Feature.Services.DocumentationSidebarTest" assertions="1" time="0.025625"/>
        <testcase name="test_files_with_front_matter_hidden_set_to_true_are_removed_from_sidebar" file="/home/runner/work/develop/develop/packages/framework/tests/Feature/Services/DocumentationSidebarTest.php" line="66" class="Hyde\Framework\Testing\Feature\Services\DocumentationSidebarTest" classname="Hyde.Framework.Testing.Feature.Services.DocumentationSidebarTest" assertions="1" time="0.026073"/>
        <testcase name="test_sidebar_is_ordered_alphabetically_when_no_order_is_set_in_config" file="/home/runner/work/develop/develop/packages/framework/tests/Feature/Services/DocumentationSidebarTest.php" line="75" class="Hyde\Framework\Testing\Feature\Services\DocumentationSidebarTest" classname="Hyde.Framework.Testing.Feature.Services.DocumentationSidebarTest" assertions="1" time="0.022806"/>
        <testcase name="test_sidebar_is_ordered_by_priority_when_priority_is_set_in_config" file="/home/runner/work/develop/develop/packages/framework/tests/Feature/Services/DocumentationSidebarTest.php" line="92" class="Hyde\Framework\Testing\Feature\Services\DocumentationSidebarTest" classname="Hyde.Framework.Testing.Feature.Services.DocumentationSidebarTest" assertions="1" time="0.022833"/>
        <testcase name="test_sidebar_item_priority_can_be_set_in_front_matter" file="/home/runner/work/develop/develop/packages/framework/tests/Feature/Services/DocumentationSidebarTest.php" line="113" class="Hyde\Framework\Testing\Feature\Services\DocumentationSidebarTest" classname="Hyde.Framework.Testing.Feature.Services.DocumentationSidebarTest" assertions="1" time="0.018015"/>
        <testcase name="test_sidebar_item_priority_set_in_config_overrides_front_matter" file="/home/runner/work/develop/develop/packages/framework/tests/Feature/Services/DocumentationSidebarTest.php" line="120" class="Hyde\Framework\Testing\Feature\Services\DocumentationSidebarTest" classname="Hyde.Framework.Testing.Feature.Services.DocumentationSidebarTest" assertions="1" time="0.018447"/>
        <testcase name="test_sidebar_priorities_can_be_set_in_both_front_matter_and_config" file="/home/runner/work/develop/develop/packages/framework/tests/Feature/Services/DocumentationSidebarTest.php" line="129" class="Hyde\Framework\Testing\Feature\Services\DocumentationSidebarTest" classname="Hyde.Framework.Testing.Feature.Services.DocumentationSidebarTest" assertions="1" time="0.022322"/>
        <testcase name="test_group_can_be_set_in_front_matter" file="/home/runner/work/develop/develop/packages/framework/tests/Feature/Services/DocumentationSidebarTest.php" line="152" class="Hyde\Framework\Testing\Feature\Services\DocumentationSidebarTest" classname="Hyde.Framework.Testing.Feature.Services.DocumentationSidebarTest" assertions="1" time="0.017161"/>
        <testcase name="test_has_groups_returns_false_when_there_are_no_groups" file="/home/runner/work/develop/develop/packages/framework/tests/Feature/Services/DocumentationSidebarTest.php" line="159" class="Hyde\Framework\Testing\Feature\Services\DocumentationSidebarTest" classname="Hyde.Framework.Testing.Feature.Services.DocumentationSidebarTest" assertions="1" time="0.015660"/>
        <testcase name="test_has_groups_returns_true_when_there_are_groups" file="/home/runner/work/develop/develop/packages/framework/tests/Feature/Services/DocumentationSidebarTest.php" line="164" class="Hyde\Framework\Testing\Feature\Services\DocumentationSidebarTest" classname="Hyde.Framework.Testing.Feature.Services.DocumentationSidebarTest" assertions="1" time="0.018085"/>
        <testcase name="test_has_groups_returns_true_when_there_are_multiple_groups" file="/home/runner/work/develop/develop/packages/framework/tests/Feature/Services/DocumentationSidebarTest.php" line="171" class="Hyde\Framework\Testing\Feature\Services\DocumentationSidebarTest" classname="Hyde.Framework.Testing.Feature.Services.DocumentationSidebarTest" assertions="1" time="0.018690"/>
        <testcase name="test_has_groups_returns_true_when_there_are_multiple_groups_mixed_with_defaults" file="/home/runner/work/develop/develop/packages/framework/tests/Feature/Services/DocumentationSidebarTest.php" line="179" class="Hyde\Framework\Testing\Feature\Services\DocumentationSidebarTest" classname="Hyde.Framework.Testing.Feature.Services.DocumentationSidebarTest" assertions="1" time="0.022217"/>
        <testcase name="test_get_groups_returns_empty_array_when_there_are_no_groups" file="/home/runner/work/develop/develop/packages/framework/tests/Feature/Services/DocumentationSidebarTest.php" line="188" class="Hyde\Framework\Testing\Feature\Services\DocumentationSidebarTest" classname="Hyde.Framework.Testing.Feature.Services.DocumentationSidebarTest" assertions="1" time="0.014691"/>
        <testcase name="test_get_groups_returns_array_of_groups_when_there_are_groups" file="/home/runner/work/develop/develop/packages/framework/tests/Feature/Services/DocumentationSidebarTest.php" line="193" class="Hyde\Framework\Testing\Feature\Services\DocumentationSidebarTest" classname="Hyde.Framework.Testing.Feature.Services.DocumentationSidebarTest" assertions="1" time="0.017840"/>
        <testcase name="test_get_groups_returns_array_with_no_duplicates" file="/home/runner/work/develop/develop/packages/framework/tests/Feature/Services/DocumentationSidebarTest.php" line="200" class="Hyde\Framework\Testing\Feature\Services\DocumentationSidebarTest" classname="Hyde.Framework.Testing.Feature.Services.DocumentationSidebarTest" assertions="1" time="0.022819"/>
        <testcase name="test_groups_are_sorted_by_lowest_found_priority_in_each_group" file="/home/runner/work/develop/develop/packages/framework/tests/Feature/Services/DocumentationSidebarTest.php" line="209" class="Hyde\Framework\Testing\Feature\Services\DocumentationSidebarTest" classname="Hyde.Framework.Testing.Feature.Services.DocumentationSidebarTest" assertions="1" time="0.023443"/>
        <testcase name="test_get_items_in_group_returns_empty_collection_when_there_are_no_items" file="/home/runner/work/develop/develop/packages/framework/tests/Feature/Services/DocumentationSidebarTest.php" line="218" class="Hyde\Framework\Testing\Feature\Services\DocumentationSidebarTest" classname="Hyde.Framework.Testing.Feature.Services.DocumentationSidebarTest" assertions="1" time="0.015711"/>
        <testcase name="test_get_items_in_group_returns_collection_of_items_in_group" file="/home/runner/work/develop/develop/packages/framework/tests/Feature/Services/DocumentationSidebarTest.php" line="223" class="Hyde\Framework\Testing\Feature\Services\DocumentationSidebarTest" classname="Hyde.Framework.Testing.Feature.Services.DocumentationSidebarTest" assertions="2" time="0.025210"/>
        <testcase name="test_get_items_in_group_normalizes_group_name_to_slug_format" file="/home/runner/work/develop/develop/packages/framework/tests/Feature/Services/DocumentationSidebarTest.php" line="245" class="Hyde\Framework\Testing\Feature\Services\DocumentationSidebarTest" classname="Hyde.Framework.Testing.Feature.Services.DocumentationSidebarTest" assertions="1" time="0.023979"/>
        <testcase name="test_get_items_in_group_does_not_include_items_with_hidden_front_matter" file="/home/runner/work/develop/develop/packages/framework/tests/Feature/Services/DocumentationSidebarTest.php" line="261" class="Hyde\Framework\Testing\Feature\Services\DocumentationSidebarTest" classname="Hyde.Framework.Testing.Feature.Services.DocumentationSidebarTest" assertions="1" time="0.019964"/>
        <testcase name="test_get_items_in_group_does_not_include_docs_index" file="/home/runner/work/develop/develop/packages/framework/tests/Feature/Services/DocumentationSidebarTest.php" line="272" class="Hyde\Framework\Testing\Feature\Services\DocumentationSidebarTest" classname="Hyde.Framework.Testing.Feature.Services.DocumentationSidebarTest" assertions="1" time="0.020457"/>
        <testcase name="test_is_group_active_returns_false_when_supplied_group_is_not_active" file="/home/runner/work/develop/develop/packages/framework/tests/Feature/Services/DocumentationSidebarTest.php" line="283" class="Hyde\Framework\Testing\Feature\Services\DocumentationSidebarTest" classname="Hyde.Framework.Testing.Feature.Services.DocumentationSidebarTest" assertions="1" time="0.016648"/>
        <testcase name="test_is_group_active_returns_true_when_supplied_group_is_active" file="/home/runner/work/develop/develop/packages/framework/tests/Feature/Services/DocumentationSidebarTest.php" line="289" class="Hyde\Framework\Testing\Feature\Services\DocumentationSidebarTest" classname="Hyde.Framework.Testing.Feature.Services.DocumentationSidebarTest" assertions="1" time="0.015144"/>
        <testcase name="test_is_group_active_returns_true_for_differing_casing" file="/home/runner/work/develop/develop/packages/framework/tests/Feature/Services/DocumentationSidebarTest.php" line="295" class="Hyde\Framework\Testing\Feature\Services\DocumentationSidebarTest" classname="Hyde.Framework.Testing.Feature.Services.DocumentationSidebarTest" assertions="1" time="0.017213"/>
        <testcase name="test_is_group_active_returns_true_first_group_of_index_page" file="/home/runner/work/develop/develop/packages/framework/tests/Feature/Services/DocumentationSidebarTest.php" line="301" class="Hyde\Framework\Testing\Feature\Services\DocumentationSidebarTest" classname="Hyde.Framework.Testing.Feature.Services.DocumentationSidebarTest" assertions="3" time="0.027808"/>
        <testcase name="test_is_group_active_returns_true_first_sorted_group_of_index_page" file="/home/runner/work/develop/develop/packages/framework/tests/Feature/Services/DocumentationSidebarTest.php" line="314" class="Hyde\Framework\Testing\Feature\Services\DocumentationSidebarTest" classname="Hyde.Framework.Testing.Feature.Services.DocumentationSidebarTest" assertions="3" time="0.028095"/>
        <testcase name="test_automatic_index_page_group_expansion_respects_custom_navigation_menu_settings" file="/home/runner/work/develop/develop/packages/framework/tests/Feature/Services/DocumentationSidebarTest.php" line="327" class="Hyde\Framework\Testing\Feature\Services\DocumentationSidebarTest" classname="Hyde.Framework.Testing.Feature.Services.DocumentationSidebarTest" assertions="3" time="0.027713"/>
        <testcase name="test_can_have_multiple_grouped_pages_with_the_same_name_labels" file="/home/runner/work/develop/develop/packages/framework/tests/Feature/Services/DocumentationSidebarTest.php" line="340" class="Hyde\Framework\Testing\Feature\Services\DocumentationSidebarTest" classname="Hyde.Framework.Testing.Feature.Services.DocumentationSidebarTest" assertions="2" time="0.021297"/>
        <testcase name="test_duplicate_labels_within_the_same_group_is_removed" file="/home/runner/work/develop/develop/packages/framework/tests/Feature/Services/DocumentationSidebarTest.php" line="357" class="Hyde\Framework\Testing\Feature\Services\DocumentationSidebarTest" classname="Hyde.Framework.Testing.Feature.Services.DocumentationSidebarTest" assertions="2" time="0.022679"/>
        <testcase name="test_is_group_active_for_index_page_with_no_groups" file="/home/runner/work/develop/develop/packages/framework/tests/Feature/Services/DocumentationSidebarTest.php" line="371" class="Hyde\Framework\Testing\Feature\Services\DocumentationSidebarTest" classname="Hyde.Framework.Testing.Feature.Services.DocumentationSidebarTest" assertions="1" time="0.019478"/>
      </testsuite>
      <testsuite name="Hyde\Framework\Testing\Feature\Services\HydeSmartDocsTest" file="/home/runner/work/develop/develop/packages/framework/tests/Feature/Services/HydeSmartDocsTest.php" tests="17" assertions="28" errors="0" failures="0" skipped="0" time="0.291999">
        <testcase name="test_class_tokenizes_document" file="/home/runner/work/develop/develop/packages/framework/tests/Feature/Services/HydeSmartDocsTest.php" line="23" class="Hyde\Framework\Testing\Feature\Services\HydeSmartDocsTest" classname="Hyde.Framework.Testing.Feature.Services.HydeSmartDocsTest" assertions="2" time="0.014354"/>
        <testcase name="test_class_can_handle_document_with_no_header" file="/home/runner/work/develop/develop/packages/framework/tests/Feature/Services/HydeSmartDocsTest.php" line="31" class="Hyde\Framework\Testing\Feature\Services\HydeSmartDocsTest" classname="Hyde.Framework.Testing.Feature.Services.HydeSmartDocsTest" assertions="2" time="0.014491"/>
        <testcase name="test_class_can_handle_document_with_only_header" file="/home/runner/work/develop/develop/packages/framework/tests/Feature/Services/HydeSmartDocsTest.php" line="39" class="Hyde\Framework\Testing\Feature\Services\HydeSmartDocsTest" classname="Hyde.Framework.Testing.Feature.Services.HydeSmartDocsTest" assertions="2" time="0.014485"/>
        <testcase name="test_class_can_handle_empty_document" file="/home/runner/work/develop/develop/packages/framework/tests/Feature/Services/HydeSmartDocsTest.php" line="47" class="Hyde\Framework\Testing\Feature\Services\HydeSmartDocsTest" classname="Hyde.Framework.Testing.Feature.Services.HydeSmartDocsTest" assertions="2" time="0.013411"/>
        <testcase name="test_create_helper_creates_new_instance_and_processes_it" file="/home/runner/work/develop/develop/packages/framework/tests/Feature/Services/HydeSmartDocsTest.php" line="55" class="Hyde\Framework\Testing\Feature\Services\HydeSmartDocsTest" classname="Hyde.Framework.Testing.Feature.Services.HydeSmartDocsTest" assertions="2" time="0.016088"/>
        <testcase name="test_render_header_returns_the_extracted_header" file="/home/runner/work/develop/develop/packages/framework/tests/Feature/Services/HydeSmartDocsTest.php" line="67" class="Hyde\Framework\Testing\Feature\Services\HydeSmartDocsTest" classname="Hyde.Framework.Testing.Feature.Services.HydeSmartDocsTest" assertions="1" time="0.014804"/>
        <testcase name="test_render_header_returns_the_extracted_header_with_varying_newlines" file="/home/runner/work/develop/develop/packages/framework/tests/Feature/Services/HydeSmartDocsTest.php" line="75" class="Hyde\Framework\Testing\Feature\Services\HydeSmartDocsTest" classname="Hyde.Framework.Testing.Feature.Services.HydeSmartDocsTest" assertions="3" time="0.035764"/>
        <testcase name="test_render_body_returns_the_extracted_body" file="/home/runner/work/develop/develop/packages/framework/tests/Feature/Services/HydeSmartDocsTest.php" line="91" class="Hyde\Framework\Testing\Feature\Services\HydeSmartDocsTest" classname="Hyde.Framework.Testing.Feature.Services.HydeSmartDocsTest" assertions="1" time="0.014381"/>
        <testcase name="test_render_body_returns_the_extracted_body_with_varying_newlines" file="/home/runner/work/develop/develop/packages/framework/tests/Feature/Services/HydeSmartDocsTest.php" line="99" class="Hyde\Framework\Testing\Feature\Services\HydeSmartDocsTest" classname="Hyde.Framework.Testing.Feature.Services.HydeSmartDocsTest" assertions="3" time="0.025265"/>
        <testcase name="test_render_footer_is_empty_by_default" file="/home/runner/work/develop/develop/packages/framework/tests/Feature/Services/HydeSmartDocsTest.php" line="115" class="Hyde\Framework\Testing\Feature\Services\HydeSmartDocsTest" classname="Hyde.Framework.Testing.Feature.Services.HydeSmartDocsTest" assertions="1" time="0.014694"/>
        <testcase name="test_add_dynamic_header_content_adds_source_link_when_conditions_are_met" file="/home/runner/work/develop/develop/packages/framework/tests/Feature/Services/HydeSmartDocsTest.php" line="123" class="Hyde\Framework\Testing\Feature\Services\HydeSmartDocsTest" classname="Hyde.Framework.Testing.Feature.Services.HydeSmartDocsTest" assertions="1" time="0.016514"/>
        <testcase name="test_edit_source_link_is_added_to_footer_when_conditions_are_met" file="/home/runner/work/develop/develop/packages/framework/tests/Feature/Services/HydeSmartDocsTest.php" line="133" class="Hyde\Framework\Testing\Feature\Services\HydeSmartDocsTest" classname="Hyde.Framework.Testing.Feature.Services.HydeSmartDocsTest" assertions="1" time="0.016134"/>
        <testcase name="test_edit_source_link_can_be_added_to_both_header_and_footer" file="/home/runner/work/develop/develop/packages/framework/tests/Feature/Services/HydeSmartDocsTest.php" line="143" class="Hyde\Framework\Testing\Feature\Services\HydeSmartDocsTest" classname="Hyde.Framework.Testing.Feature.Services.HydeSmartDocsTest" assertions="2" time="0.016281"/>
        <testcase name="test_edit_source_link_text_can_be_customized_in_header" file="/home/runner/work/develop/develop/packages/framework/tests/Feature/Services/HydeSmartDocsTest.php" line="159" class="Hyde\Framework\Testing\Feature\Services\HydeSmartDocsTest" classname="Hyde.Framework.Testing.Feature.Services.HydeSmartDocsTest" assertions="1" time="0.016057"/>
        <testcase name="test_edit_source_link_text_can_be_customized_in_footer" file="/home/runner/work/develop/develop/packages/framework/tests/Feature/Services/HydeSmartDocsTest.php" line="170" class="Hyde\Framework\Testing\Feature\Services\HydeSmartDocsTest" classname="Hyde.Framework.Testing.Feature.Services.HydeSmartDocsTest" assertions="1" time="0.015652"/>
        <testcase name="test_add_dynamic_footer_content_adds_torchlight_attribution_when_conditions_are_met" file="/home/runner/work/develop/develop/packages/framework/tests/Feature/Services/HydeSmartDocsTest.php" line="181" class="Hyde\Framework\Testing\Feature\Services\HydeSmartDocsTest" classname="Hyde.Framework.Testing.Feature.Services.HydeSmartDocsTest" assertions="1" time="0.017275"/>
        <testcase name="test_the_documentation_article_view" file="/home/runner/work/develop/develop/packages/framework/tests/Feature/Services/HydeSmartDocsTest.php" line="191" class="Hyde\Framework\Testing\Feature\Services\HydeSmartDocsTest" classname="Hyde.Framework.Testing.Feature.Services.HydeSmartDocsTest" assertions="2" time="0.016350"/>
      </testsuite>
      <testsuite name="Hyde\Framework\Testing\Feature\Services\Markdown\CodeblockFilepathProcessorTest" file="/home/runner/work/develop/develop/packages/framework/tests/Feature/Services/Markdown/CodeblockFilepathProcessorTest.php" tests="11" assertions="26" errors="0" failures="0" skipped="0" time="0.084314">
        <testcase name="test_preprocess_expands_filepath" file="/home/runner/work/develop/develop/packages/framework/tests/Feature/Services/Markdown/CodeblockFilepathProcessorTest.php" line="15" class="Hyde\Framework\Testing\Feature\Services\Markdown\CodeblockFilepathProcessorTest" classname="Hyde.Framework.Testing.Feature.Services.Markdown.CodeblockFilepathProcessorTest" assertions="1" time="0.007058"/>
        <testcase name="test_preprocess_accepts_multiple_filepath_formats" file="/home/runner/work/develop/develop/packages/framework/tests/Feature/Services/Markdown/CodeblockFilepathProcessorTest.php" line="23" class="Hyde\Framework\Testing\Feature\Services\Markdown\CodeblockFilepathProcessorTest" classname="Hyde.Framework.Testing.Feature.Services.Markdown.CodeblockFilepathProcessorTest" assertions="8" time="0.007612"/>
        <testcase name="test_filepath_pattern_is_case_insensitive" file="/home/runner/work/develop/develop/packages/framework/tests/Feature/Services/Markdown/CodeblockFilepathProcessorTest.php" line="44" class="Hyde\Framework\Testing\Feature\Services\Markdown\CodeblockFilepathProcessorTest" classname="Hyde.Framework.Testing.Feature.Services.Markdown.CodeblockFilepathProcessorTest" assertions="4" time="0.007660"/>
        <testcase name="test_preprocess_accepts_multiple_languages" file="/home/runner/work/develop/develop/packages/framework/tests/Feature/Services/Markdown/CodeblockFilepathProcessorTest.php" line="61" class="Hyde\Framework\Testing\Feature\Services\Markdown\CodeblockFilepathProcessorTest" classname="Hyde.Framework.Testing.Feature.Services.Markdown.CodeblockFilepathProcessorTest" assertions="6" time="0.007579"/>
        <testcase name="test_preprocess_accepts_multiple_input_blocks" file="/home/runner/work/develop/develop/packages/framework/tests/Feature/Services/Markdown/CodeblockFilepathProcessorTest.php" line="81" class="Hyde\Framework\Testing\Feature\Services\Markdown\CodeblockFilepathProcessorTest" classname="Hyde.Framework.Testing.Feature.Services.Markdown.CodeblockFilepathProcessorTest" assertions="1" time="0.006901"/>
        <testcase name="test_preprocess_accepts_multi_line_codeblocks" file="/home/runner/work/develop/develop/packages/framework/tests/Feature/Services/Markdown/CodeblockFilepathProcessorTest.php" line="112" class="Hyde\Framework\Testing\Feature\Services\Markdown\CodeblockFilepathProcessorTest" classname="Hyde.Framework.Testing.Feature.Services.Markdown.CodeblockFilepathProcessorTest" assertions="1" time="0.006845"/>
        <testcase name="test_space_after_filepath_is_optional" file="/home/runner/work/develop/develop/packages/framework/tests/Feature/Services/Markdown/CodeblockFilepathProcessorTest.php" line="137" class="Hyde\Framework\Testing\Feature\Services\Markdown\CodeblockFilepathProcessorTest" classname="Hyde.Framework.Testing.Feature.Services.Markdown.CodeblockFilepathProcessorTest" assertions="1" time="0.006359"/>
        <testcase name="test_processor_expands_filepath_directive_in_standard_codeblock" file="/home/runner/work/develop/develop/packages/framework/tests/Feature/Services/Markdown/CodeblockFilepathProcessorTest.php" line="160" class="Hyde\Framework\Testing\Feature\Services\Markdown\CodeblockFilepathProcessorTest" classname="Hyde.Framework.Testing.Feature.Services.Markdown.CodeblockFilepathProcessorTest" assertions="1" time="0.008972"/>
        <testcase name="test_processor_expands_filepath_directive_in_torchlight_codeblock" file="/home/runner/work/develop/develop/packages/framework/tests/Feature/Services/Markdown/CodeblockFilepathProcessorTest.php" line="174" class="Hyde\Framework\Testing\Feature\Services\Markdown\CodeblockFilepathProcessorTest" classname="Hyde.Framework.Testing.Feature.Services.Markdown.CodeblockFilepathProcessorTest" assertions="1" time="0.008787"/>
        <testcase name="test_processor_escapes_html_by_default" file="/home/runner/work/develop/develop/packages/framework/tests/Feature/Services/Markdown/CodeblockFilepathProcessorTest.php" line="188" class="Hyde\Framework\Testing\Feature\Services\Markdown\CodeblockFilepathProcessorTest" classname="Hyde.Framework.Testing.Feature.Services.Markdown.CodeblockFilepathProcessorTest" assertions="1" time="0.008182"/>
        <testcase name="test_processor_does_not_escape_html_if_configured" file="/home/runner/work/develop/develop/packages/framework/tests/Feature/Services/Markdown/CodeblockFilepathProcessorTest.php" line="203" class="Hyde\Framework\Testing\Feature\Services\Markdown\CodeblockFilepathProcessorTest" classname="Hyde.Framework.Testing.Feature.Services.Markdown.CodeblockFilepathProcessorTest" assertions="1" time="0.008360"/>
      </testsuite>
      <testsuite name="Hyde\Framework\Testing\Feature\Services\Markdown\ShortcodeProcessorTest" file="/home/runner/work/develop/develop/packages/framework/tests/Feature/Services/Markdown/ShortcodeProcessorTest.php" tests="5" assertions="7" errors="0" failures="0" skipped="0" time="0.018209">
        <testcase name="test_constructor_discovers_default_shortcodes" file="/home/runner/work/develop/develop/packages/framework/tests/Feature/Services/Markdown/ShortcodeProcessorTest.php" line="16" class="Hyde\Framework\Testing\Feature\Services\Markdown\ShortcodeProcessorTest" classname="Hyde.Framework.Testing.Feature.Services.Markdown.ShortcodeProcessorTest" assertions="2" time="0.004259"/>
        <testcase name="test_discovered_shortcodes_are_used_to_process_input" file="/home/runner/work/develop/develop/packages/framework/tests/Feature/Services/Markdown/ShortcodeProcessorTest.php" line="24" class="Hyde\Framework\Testing\Feature\Services\Markdown\ShortcodeProcessorTest" classname="Hyde.Framework.Testing.Feature.Services.Markdown.ShortcodeProcessorTest" assertions="1" time="0.004115"/>
        <testcase name="test_string_without_shortcode_is_not_modified" file="/home/runner/work/develop/develop/packages/framework/tests/Feature/Services/Markdown/ShortcodeProcessorTest.php" line="32" class="Hyde\Framework\Testing\Feature\Services\Markdown\ShortcodeProcessorTest" classname="Hyde.Framework.Testing.Feature.Services.Markdown.ShortcodeProcessorTest" assertions="1" time="0.002842"/>
        <testcase name="test_process_static_shorthand" file="/home/runner/work/develop/develop/packages/framework/tests/Feature/Services/Markdown/ShortcodeProcessorTest.php" line="39" class="Hyde\Framework\Testing\Feature\Services\Markdown\ShortcodeProcessorTest" classname="Hyde.Framework.Testing.Feature.Services.Markdown.ShortcodeProcessorTest" assertions="1" time="0.004265"/>
        <testcase name="test_shortcodes_can_be_added_to_processor" file="/home/runner/work/develop/develop/packages/framework/tests/Feature/Services/Markdown/ShortcodeProcessorTest.php" line="45" class="Hyde\Framework\Testing\Feature\Services\Markdown\ShortcodeProcessorTest" classname="Hyde.Framework.Testing.Feature.Services.Markdown.ShortcodeProcessorTest" assertions="2" time="0.002727"/>
      </testsuite>
      <testsuite name="Hyde\Framework\Testing\Feature\Services\RssFeedServiceTest" file="/home/runner/work/develop/develop/packages/framework/tests/Feature/Services/RssFeedServiceTest.php" tests="12" assertions="35" errors="0" failures="0" skipped="0" time="0.127129">
        <testcase name="test_service_instantiates_xml_element" file="/home/runner/work/develop/develop/packages/framework/tests/Feature/Services/RssFeedServiceTest.php" line="19" class="Hyde\Framework\Testing\Feature\Services\RssFeedServiceTest" classname="Hyde.Framework.Testing.Feature.Services.RssFeedServiceTest" assertions="1" time="0.007936"/>
        <testcase name="test_xml_root_element_is_set_to_rss_2_0" file="/home/runner/work/develop/develop/packages/framework/tests/Feature/Services/RssFeedServiceTest.php" line="25" class="Hyde\Framework\Testing\Feature\Services\RssFeedServiceTest" classname="Hyde.Framework.Testing.Feature.Services.RssFeedServiceTest" assertions="2" time="0.007840"/>
        <testcase name="test_xml_element_has_channel_element" file="/home/runner/work/develop/develop/packages/framework/tests/Feature/Services/RssFeedServiceTest.php" line="32" class="Hyde\Framework\Testing\Feature\Services\RssFeedServiceTest" classname="Hyde.Framework.Testing.Feature.Services.RssFeedServiceTest" assertions="1" time="0.007266"/>
        <testcase name="test_xml_channel_element_has_required_elements" file="/home/runner/work/develop/develop/packages/framework/tests/Feature/Services/RssFeedServiceTest.php" line="38" class="Hyde\Framework\Testing\Feature\Services\RssFeedServiceTest" classname="Hyde.Framework.Testing.Feature.Services.RssFeedServiceTest" assertions="6" time="0.008815"/>
        <testcase name="test_xml_channel_element_has_additional_elements" file="/home/runner/work/develop/develop/packages/framework/tests/Feature/Services/RssFeedServiceTest.php" line="54" class="Hyde\Framework\Testing\Feature\Services\RssFeedServiceTest" classname="Hyde.Framework.Testing.Feature.Services.RssFeedServiceTest" assertions="6" time="0.008682"/>
        <testcase name="test_xml_channel_data_can_be_customized" file="/home/runner/work/develop/develop/packages/framework/tests/Feature/Services/RssFeedServiceTest.php" line="69" class="Hyde\Framework\Testing\Feature\Services\RssFeedServiceTest" classname="Hyde.Framework.Testing.Feature.Services.RssFeedServiceTest" assertions="3" time="0.007965"/>
        <testcase name="test_markdown_blog_posts_are_added_to_rss_feed_through_autodiscovery" file="/home/runner/work/develop/develop/packages/framework/tests/Feature/Services/RssFeedServiceTest.php" line="81" class="Hyde\Framework\Testing\Feature\Services\RssFeedServiceTest" classname="Hyde.Framework.Testing.Feature.Services.RssFeedServiceTest" assertions="11" time="0.023393"/>
        <testcase name="test_get_xml_method_returns_xml_string" file="/home/runner/work/develop/develop/packages/framework/tests/Feature/Services/RssFeedServiceTest.php" line="124" class="Hyde\Framework\Testing\Feature\Services\RssFeedServiceTest" classname="Hyde.Framework.Testing.Feature.Services.RssFeedServiceTest" assertions="1" time="0.007913"/>
        <testcase name="test_generate_feed_helper_returns_xml_string" file="/home/runner/work/develop/develop/packages/framework/tests/Feature/Services/RssFeedServiceTest.php" line="130" class="Hyde\Framework\Testing\Feature\Services\RssFeedServiceTest" classname="Hyde.Framework.Testing.Feature.Services.RssFeedServiceTest" assertions="1" time="0.014471"/>
        <testcase name="test_can_generate_feed_helper_returns_true_if_hyde_has_base_url" file="/home/runner/work/develop/develop/packages/framework/tests/Feature/Services/RssFeedServiceTest.php" line="135" class="Hyde\Framework\Testing\Feature\Services\RssFeedServiceTest" classname="Hyde.Framework.Testing.Feature.Services.RssFeedServiceTest" assertions="1" time="0.017045"/>
        <testcase name="test_can_generate_feed_helper_returns_false_if_hyde_does_not_have_base_url" file="/home/runner/work/develop/develop/packages/framework/tests/Feature/Services/RssFeedServiceTest.php" line="142" class="Hyde\Framework\Testing\Feature\Services\RssFeedServiceTest" classname="Hyde.Framework.Testing.Feature.Services.RssFeedServiceTest" assertions="1" time="0.008287"/>
        <testcase name="test_can_generate_feed_helper_returns_false_if_feeds_are_disabled_in_config" file="/home/runner/work/develop/develop/packages/framework/tests/Feature/Services/RssFeedServiceTest.php" line="149" class="Hyde\Framework\Testing\Feature\Services\RssFeedServiceTest" classname="Hyde.Framework.Testing.Feature.Services.RssFeedServiceTest" assertions="1" time="0.007516"/>
      </testsuite>
      <testsuite name="Hyde\Framework\Testing\Feature\Services\SitemapServiceTest" file="/home/runner/work/develop/develop/packages/framework/tests/Feature/Services/SitemapServiceTest.php" tests="10" assertions="19" errors="0" failures="0" skipped="0" time="0.157902">
        <testcase name="test_service_instantiates_xml_element" file="/home/runner/work/develop/develop/packages/framework/tests/Feature/Services/SitemapServiceTest.php" line="29" class="Hyde\Framework\Testing\Feature\Services\SitemapServiceTest" classname="Hyde.Framework.Testing.Feature.Services.SitemapServiceTest" assertions="1" time="0.007512"/>
        <testcase name="test_generate_adds_default_pages_to_xml" file="/home/runner/work/develop/develop/packages/framework/tests/Feature/Services/SitemapServiceTest.php" line="35" class="Hyde\Framework\Testing\Feature\Services\SitemapServiceTest" classname="Hyde.Framework.Testing.Feature.Services.SitemapServiceTest" assertions="1" time="0.014264"/>
        <testcase name="test_generate_adds_markdown_pages_to_xml" file="/home/runner/work/develop/develop/packages/framework/tests/Feature/Services/SitemapServiceTest.php" line="44" class="Hyde\Framework\Testing\Feature\Services\SitemapServiceTest" classname="Hyde.Framework.Testing.Feature.Services.SitemapServiceTest" assertions="1" time="0.015650"/>
        <testcase name="test_generate_adds_markdown_posts_to_xml" file="/home/runner/work/develop/develop/packages/framework/tests/Feature/Services/SitemapServiceTest.php" line="56" class="Hyde\Framework\Testing\Feature\Services\SitemapServiceTest" classname="Hyde.Framework.Testing.Feature.Services.SitemapServiceTest" assertions="1" time="0.016738"/>
        <testcase name="test_generate_adds_documentation_pages_to_xml" file="/home/runner/work/develop/develop/packages/framework/tests/Feature/Services/SitemapServiceTest.php" line="68" class="Hyde\Framework\Testing\Feature\Services\SitemapServiceTest" classname="Hyde.Framework.Testing.Feature.Services.SitemapServiceTest" assertions="1" time="0.016572"/>
        <testcase name="test_get_xml_returns_xml_string" file="/home/runner/work/develop/develop/packages/framework/tests/Feature/Services/SitemapServiceTest.php" line="80" class="Hyde\Framework\Testing\Feature\Services\SitemapServiceTest" classname="Hyde.Framework.Testing.Feature.Services.SitemapServiceTest" assertions="2" time="0.014692"/>
        <testcase name="test_generate_sitemap_shorthand_method_returns_xml_string" file="/home/runner/work/develop/develop/packages/framework/tests/Feature/Services/SitemapServiceTest.php" line="90" class="Hyde\Framework\Testing\Feature\Services\SitemapServiceTest" classname="Hyde.Framework.Testing.Feature.Services.SitemapServiceTest" assertions="2" time="0.015633"/>
        <testcase name="test_url_item_is_generated_correctly" file="/home/runner/work/develop/develop/packages/framework/tests/Feature/Services/SitemapServiceTest.php" line="98" class="Hyde\Framework\Testing\Feature\Services\SitemapServiceTest" classname="Hyde.Framework.Testing.Feature.Services.SitemapServiceTest" assertions="3" time="0.016349"/>
        <testcase name="test_url_item_is_generated_with_pretty_urls_if_enabled" file="/home/runner/work/develop/develop/packages/framework/tests/Feature/Services/SitemapServiceTest.php" line="115" class="Hyde\Framework\Testing\Feature\Services\SitemapServiceTest" classname="Hyde.Framework.Testing.Feature.Services.SitemapServiceTest" assertions="1" time="0.017405"/>
        <testcase name="test_all_route_types_are_discovered" file="/home/runner/work/develop/develop/packages/framework/tests/Feature/Services/SitemapServiceTest.php" line="130" class="Hyde\Framework\Testing\Feature\Services\SitemapServiceTest" classname="Hyde.Framework.Testing.Feature.Services.SitemapServiceTest" assertions="6" time="0.023087"/>
      </testsuite>
      <testsuite name="Hyde\Framework\Testing\Feature\Services\ValidationServiceTest" file="/home/runner/work/develop/develop/packages/framework/tests/Feature/Services/ValidationServiceTest.php" tests="24" assertions="63" errors="0" failures="0" skipped="0" time="0.237004">
        <testcase name="test_checks_returns_an_array_of_validation_check_methods" file="/home/runner/work/develop/develop/packages/framework/tests/Feature/Services/ValidationServiceTest.php" line="40" class="Hyde\Framework\Testing\Feature\Services\ValidationServiceTest" classname="Hyde.Framework.Testing.Feature.Services.ValidationServiceTest" assertions="17" time="0.009434"/>
        <testcase name="test_check_validators_can_run" file="/home/runner/work/develop/develop/packages/framework/tests/Feature/Services/ValidationServiceTest.php" line="52" class="Hyde\Framework\Testing\Feature\Services\ValidationServiceTest" classname="Hyde.Framework.Testing.Feature.Services.ValidationServiceTest" assertions="2" time="0.007313"/>
        <testcase name="test_check_site_has_a_404_page_can_pass" file="/home/runner/work/develop/develop/packages/framework/tests/Feature/Services/ValidationServiceTest.php" line="57" class="Hyde\Framework\Testing\Feature\Services\ValidationServiceTest" classname="Hyde.Framework.Testing.Feature.Services.ValidationServiceTest" assertions="2" time="0.007800"/>
        <testcase name="test_check_site_has_a_404_page_can_fail" file="/home/runner/work/develop/develop/packages/framework/tests/Feature/Services/ValidationServiceTest.php" line="62" class="Hyde\Framework\Testing\Feature\Services\ValidationServiceTest" classname="Hyde.Framework.Testing.Feature.Services.ValidationServiceTest" assertions="2" time="0.007895"/>
        <testcase name="test_check_documentation_site_has_an_index_page_can_pass" file="/home/runner/work/develop/develop/packages/framework/tests/Feature/Services/ValidationServiceTest.php" line="69" class="Hyde\Framework\Testing\Feature\Services\ValidationServiceTest" classname="Hyde.Framework.Testing.Feature.Services.ValidationServiceTest" assertions="2" time="0.016258"/>
        <testcase name="test_check_documentation_site_has_an_index_page_can_pass_with_warning_when_only_finding_readme" file="/home/runner/work/develop/develop/packages/framework/tests/Feature/Services/ValidationServiceTest.php" line="76" class="Hyde\Framework\Testing\Feature\Services\ValidationServiceTest" classname="Hyde.Framework.Testing.Feature.Services.ValidationServiceTest" assertions="3" time="0.016854"/>
        <testcase name="test_check_documentation_site_has_an_index_page_can_fail" file="/home/runner/work/develop/develop/packages/framework/tests/Feature/Services/ValidationServiceTest.php" line="85" class="Hyde\Framework\Testing\Feature\Services\ValidationServiceTest" classname="Hyde.Framework.Testing.Feature.Services.ValidationServiceTest" assertions="2" time="0.016775"/>
        <testcase name="test_check_documentation_site_has_an_index_page_be_skipped" file="/home/runner/work/develop/develop/packages/framework/tests/Feature/Services/ValidationServiceTest.php" line="92" class="Hyde\Framework\Testing\Feature\Services\ValidationServiceTest" classname="Hyde.Framework.Testing.Feature.Services.ValidationServiceTest" assertions="2" time="0.014479"/>
        <testcase name="test_check_site_has_an_index_page_can_pass" file="/home/runner/work/develop/develop/packages/framework/tests/Feature/Services/ValidationServiceTest.php" line="97" class="Hyde\Framework\Testing\Feature\Services\ValidationServiceTest" classname="Hyde.Framework.Testing.Feature.Services.ValidationServiceTest" assertions="2" time="0.007905"/>
        <testcase name="test_check_site_has_an_index_page_can_fail" file="/home/runner/work/develop/develop/packages/framework/tests/Feature/Services/ValidationServiceTest.php" line="102" class="Hyde\Framework\Testing\Feature\Services\ValidationServiceTest" classname="Hyde.Framework.Testing.Feature.Services.ValidationServiceTest" assertions="2" time="0.009100"/>
        <testcase name="test_check_site_has_an_app_css_stylesheet_can_pass" file="/home/runner/work/develop/develop/packages/framework/tests/Feature/Services/ValidationServiceTest.php" line="109" class="Hyde\Framework\Testing\Feature\Services\ValidationServiceTest" classname="Hyde.Framework.Testing.Feature.Services.ValidationServiceTest" assertions="2" time="0.007849"/>
        <testcase name="test_check_site_has_an_app_css_stylesheet_can_fail" file="/home/runner/work/develop/develop/packages/framework/tests/Feature/Services/ValidationServiceTest.php" line="114" class="Hyde\Framework\Testing\Feature\Services\ValidationServiceTest" classname="Hyde.Framework.Testing.Feature.Services.ValidationServiceTest" assertions="2" time="0.007861"/>
        <testcase name="test_check_site_has_a_base_url_set_can_pass" file="/home/runner/work/develop/develop/packages/framework/tests/Feature/Services/ValidationServiceTest.php" line="121" class="Hyde\Framework\Testing\Feature\Services\ValidationServiceTest" classname="Hyde.Framework.Testing.Feature.Services.ValidationServiceTest" assertions="2" time="0.007708"/>
        <testcase name="test_check_site_has_a_base_url_set_can_fail" file="/home/runner/work/develop/develop/packages/framework/tests/Feature/Services/ValidationServiceTest.php" line="127" class="Hyde\Framework\Testing\Feature\Services\ValidationServiceTest" classname="Hyde.Framework.Testing.Feature.Services.ValidationServiceTest" assertions="2" time="0.007480"/>
        <testcase name="test_check_a_torchlight_api_token_is_set_can_skip" file="/home/runner/work/develop/develop/packages/framework/tests/Feature/Services/ValidationServiceTest.php" line="133" class="Hyde\Framework\Testing\Feature\Services\ValidationServiceTest" classname="Hyde.Framework.Testing.Feature.Services.ValidationServiceTest" assertions="2" time="0.007428"/>
        <testcase name="test_check_a_torchlight_api_token_is_set_can_pass" file="/home/runner/work/develop/develop/packages/framework/tests/Feature/Services/ValidationServiceTest.php" line="139" class="Hyde\Framework\Testing\Feature\Services\ValidationServiceTest" classname="Hyde.Framework.Testing.Feature.Services.ValidationServiceTest" assertions="2" time="0.007511"/>
        <testcase name="test_check_a_torchlight_api_token_is_set_can_fail" file="/home/runner/work/develop/develop/packages/framework/tests/Feature/Services/ValidationServiceTest.php" line="145" class="Hyde\Framework\Testing\Feature\Services\ValidationServiceTest" classname="Hyde.Framework.Testing.Feature.Services.ValidationServiceTest" assertions="2" time="0.007356"/>
        <testcase name="test_check_for_conflicts_between_blade_and_markdown_pages_can_pass" file="/home/runner/work/develop/develop/packages/framework/tests/Feature/Services/ValidationServiceTest.php" line="151" class="Hyde\Framework\Testing\Feature\Services\ValidationServiceTest" classname="Hyde.Framework.Testing.Feature.Services.ValidationServiceTest" assertions="2" time="0.013922"/>
        <testcase name="test_check_for_conflicts_between_blade_and_markdown_pages_can_fail" file="/home/runner/work/develop/develop/packages/framework/tests/Feature/Services/ValidationServiceTest.php" line="156" class="Hyde\Framework\Testing\Feature\Services\ValidationServiceTest" classname="Hyde.Framework.Testing.Feature.Services.ValidationServiceTest" assertions="2" time="0.016756"/>
        <testcase name="test_validation_result_message_returns_message" file="/home/runner/work/develop/develop/packages/framework/tests/Feature/Services/ValidationServiceTest.php" line="165" class="Hyde\Framework\Testing\Feature\Services\ValidationServiceTest" classname="Hyde.Framework.Testing.Feature.Services.ValidationServiceTest" assertions="1" time="0.008029"/>
        <testcase name="test_validation_result_passed_returns_true_when_passed_is_true" file="/home/runner/work/develop/develop/packages/framework/tests/Feature/Services/ValidationServiceTest.php" line="171" class="Hyde\Framework\Testing\Feature\Services\ValidationServiceTest" classname="Hyde.Framework.Testing.Feature.Services.ValidationServiceTest" assertions="2" time="0.007738"/>
        <testcase name="test_validation_result_failed_returns_true_when_passed_is_false" file="/home/runner/work/develop/develop/packages/framework/tests/Feature/Services/ValidationServiceTest.php" line="180" class="Hyde\Framework\Testing\Feature\Services\ValidationServiceTest" classname="Hyde.Framework.Testing.Feature.Services.ValidationServiceTest" assertions="2" time="0.008052"/>
        <testcase name="test_validation_result_skipped_returns_true_when_skipped_is_true" file="/home/runner/work/develop/develop/packages/framework/tests/Feature/Services/ValidationServiceTest.php" line="189" class="Hyde\Framework\Testing\Feature\Services\ValidationServiceTest" classname="Hyde.Framework.Testing.Feature.Services.ValidationServiceTest" assertions="2" time="0.007967"/>
        <testcase name="test_validation_result_tip_returns_message_when_set" file="/home/runner/work/develop/develop/packages/framework/tests/Feature/Services/ValidationServiceTest.php" line="197" class="Hyde\Framework\Testing\Feature\Services\ValidationServiceTest" classname="Hyde.Framework.Testing.Feature.Services.ValidationServiceTest" assertions="2" time="0.007534"/>
      </testsuite>
      <testsuite name="Hyde\Framework\Testing\Feature\Services\ViewDiffServiceTest" file="/home/runner/work/develop/develop/packages/framework/tests/Feature/Services/ViewDiffServiceTest.php" tests="4" assertions="8" errors="0" failures="0" skipped="0" time="0.056277">
        <testcase name="test_get_filecache" file="/home/runner/work/develop/develop/packages/framework/tests/Feature/Services/ViewDiffServiceTest.php" line="19" class="Hyde\Framework\Testing\Feature\Services\ViewDiffServiceTest" classname="Hyde.Framework.Testing.Feature.Services.ViewDiffServiceTest" assertions="4" time="0.015010"/>
        <testcase name="test_get_checksums" file="/home/runner/work/develop/develop/packages/framework/tests/Feature/Services/ViewDiffServiceTest.php" line="30" class="Hyde\Framework\Testing\Feature\Services\ViewDiffServiceTest" classname="Hyde.Framework.Testing.Feature.Services.ViewDiffServiceTest" assertions="2" time="0.013823"/>
        <testcase name="test_checksum_matches_any" file="/home/runner/work/develop/develop/packages/framework/tests/Feature/Services/ViewDiffServiceTest.php" line="39" class="Hyde\Framework\Testing\Feature\Services\ViewDiffServiceTest" classname="Hyde.Framework.Testing.Feature.Services.ViewDiffServiceTest" assertions="1" time="0.013757"/>
        <testcase name="test_checksum_matches_any_false" file="/home/runner/work/develop/develop/packages/framework/tests/Feature/Services/ViewDiffServiceTest.php" line="48" class="Hyde\Framework\Testing\Feature\Services\ViewDiffServiceTest" classname="Hyde.Framework.Testing.Feature.Services.ViewDiffServiceTest" assertions="1" time="0.013688"/>
      </testsuite>
      <testsuite name="Hyde\Framework\Testing\Feature\SidebarViewTest" file="/home/runner/work/develop/develop/packages/framework/tests/Feature/SidebarViewTest.php" tests="6" assertions="56" errors="0" failures="0" skipped="0" time="0.126984">
        <testcase name="testBaseSidebar" file="/home/runner/work/develop/develop/packages/framework/tests/Feature/SidebarViewTest.php" line="38" class="Hyde\Framework\Testing\Feature\SidebarViewTest" classname="Hyde.Framework.Testing.Feature.SidebarViewTest" assertions="12" time="0.018240"/>
        <testcase name="testBaseSidebarWithoutFooter" file="/home/runner/work/develop/develop/packages/framework/tests/Feature/SidebarViewTest.php" line="59" class="Hyde\Framework\Testing\Feature\SidebarViewTest" classname="Hyde.Framework.Testing.Feature.SidebarViewTest" assertions="2" time="0.014971"/>
        <testcase name="testBaseSidebarCustomHeaderBrand" file="/home/runner/work/develop/develop/packages/framework/tests/Feature/SidebarViewTest.php" line="68" class="Hyde\Framework\Testing\Feature\SidebarViewTest" classname="Hyde.Framework.Testing.Feature.SidebarViewTest" assertions="4" time="0.016127"/>
        <testcase name="testBaseSidebarWithItems" file="/home/runner/work/develop/develop/packages/framework/tests/Feature/SidebarViewTest.php" line="80" class="Hyde\Framework\Testing\Feature\SidebarViewTest" classname="Hyde.Framework.Testing.Feature.SidebarViewTest" assertions="6" time="0.023485"/>
        <testcase name="testSidebarWithGroupedItems" file="/home/runner/work/develop/develop/packages/framework/tests/Feature/SidebarViewTest.php" line="98" class="Hyde\Framework\Testing\Feature\SidebarViewTest" classname="Hyde.Framework.Testing.Feature.SidebarViewTest" assertions="16" time="0.027316"/>
        <testcase name="testSidebarWithNonCollapsibleGroupedItems" file="/home/runner/work/develop/develop/packages/framework/tests/Feature/SidebarViewTest.php" line="129" class="Hyde\Framework\Testing\Feature\SidebarViewTest" classname="Hyde.Framework.Testing.Feature.SidebarViewTest" assertions="16" time="0.026844"/>
      </testsuite>
      <testsuite name="Hyde\Framework\Testing\Feature\SiteTest" file="/home/runner/work/develop/develop/packages/framework/tests/Feature/SiteTest.php" tests="4" assertions="10" errors="0" failures="0" skipped="0" time="0.036997">
        <testcase name="testUrl" file="/home/runner/work/develop/develop/packages/framework/tests/Feature/SiteTest.php" line="16" class="Hyde\Framework\Testing\Feature\SiteTest" classname="Hyde.Framework.Testing.Feature.SiteTest" assertions="3" time="0.007482"/>
        <testcase name="testName" file="/home/runner/work/develop/develop/packages/framework/tests/Feature/SiteTest.php" line="27" class="Hyde\Framework\Testing\Feature\SiteTest" classname="Hyde.Framework.Testing.Feature.SiteTest" assertions="3" time="0.007445"/>
        <testcase name="testLanguage" file="/home/runner/work/develop/develop/packages/framework/tests/Feature/SiteTest.php" line="38" class="Hyde\Framework\Testing\Feature\SiteTest" classname="Hyde.Framework.Testing.Feature.SiteTest" assertions="3" time="0.007235"/>
        <testcase name="testMetadata" file="/home/runner/work/develop/develop/packages/framework/tests/Feature/SiteTest.php" line="49" class="Hyde\Framework\Testing\Feature\SiteTest" classname="Hyde.Framework.Testing.Feature.SiteTest" assertions="1" time="0.014835"/>
      </testsuite>
      <testsuite name="Hyde\Framework\Testing\Feature\SourceDirectoriesCanBeChangedTest" file="/home/runner/work/develop/develop/packages/framework/tests/Feature/SourceDirectoriesCanBeChangedTest.php" tests="6" assertions="18" errors="0" failures="0" skipped="0" time="0.054839">
        <testcase name="test_baselines" file="/home/runner/work/develop/develop/packages/framework/tests/Feature/SourceDirectoriesCanBeChangedTest.php" line="20" class="Hyde\Framework\Testing\Feature\SourceDirectoriesCanBeChangedTest" classname="Hyde.Framework.Testing.Feature.SourceDirectoriesCanBeChangedTest" assertions="5" time="0.005995"/>
        <testcase name="test_source_directories_can_be_changed_programmatically" file="/home/runner/work/develop/develop/packages/framework/tests/Feature/SourceDirectoriesCanBeChangedTest.php" line="29" class="Hyde\Framework\Testing\Feature\SourceDirectoriesCanBeChangedTest" classname="Hyde.Framework.Testing.Feature.SourceDirectoriesCanBeChangedTest" assertions="5" time="0.005886"/>
        <testcase name="test_source_directories_can_be_changed_in_config" file="/home/runner/work/develop/develop/packages/framework/tests/Feature/SourceDirectoriesCanBeChangedTest.php" line="44" class="Hyde\Framework\Testing\Feature\SourceDirectoriesCanBeChangedTest" classname="Hyde.Framework.Testing.Feature.SourceDirectoriesCanBeChangedTest" assertions="5" time="0.007231"/>
        <testcase name="test_build_service_recognizes_changed_directory" file="/home/runner/work/develop/develop/packages/framework/tests/Feature/SourceDirectoriesCanBeChangedTest.php" line="63" class="Hyde\Framework\Testing\Feature\SourceDirectoriesCanBeChangedTest" classname="Hyde.Framework.Testing.Feature.SourceDirectoriesCanBeChangedTest" assertions="1" time="0.005705"/>
        <testcase name="test_autodiscovery_discovers_posts_in_custom_directory" file="/home/runner/work/develop/develop/packages/framework/tests/Feature/SourceDirectoriesCanBeChangedTest.php" line="73" class="Hyde\Framework\Testing\Feature\SourceDirectoriesCanBeChangedTest" classname="Hyde.Framework.Testing.Feature.SourceDirectoriesCanBeChangedTest" assertions="1" time="0.014697"/>
        <testcase name="test_autodiscovery_discovers_posts_in_custom_subdirectory" file="/home/runner/work/develop/develop/packages/framework/tests/Feature/SourceDirectoriesCanBeChangedTest.php" line="86" class="Hyde\Framework\Testing\Feature\SourceDirectoriesCanBeChangedTest" classname="Hyde.Framework.Testing.Feature.SourceDirectoriesCanBeChangedTest" assertions="1" time="0.015325"/>
      </testsuite>
      <testsuite name="Hyde\Framework\Testing\Feature\SourceFileParserTest" file="/home/runner/work/develop/develop/packages/framework/tests/Feature/SourceFileParserTest.php" tests="8" assertions="20" errors="0" failures="0" skipped="0" time="0.085877">
        <testcase name="test_blade_page_parser" file="/home/runner/work/develop/develop/packages/framework/tests/Feature/SourceFileParserTest.php" line="20" class="Hyde\Framework\Testing\Feature\SourceFileParserTest" classname="Hyde.Framework.Testing.Feature.SourceFileParserTest" assertions="2" time="0.010844"/>
        <testcase name="test_markdown_page_parser" file="/home/runner/work/develop/develop/packages/framework/tests/Feature/SourceFileParserTest.php" line="30" class="Hyde\Framework\Testing\Feature\SourceFileParserTest" classname="Hyde.Framework.Testing.Feature.SourceFileParserTest" assertions="4" time="0.010702"/>
        <testcase name="test_markdown_post_parser" file="/home/runner/work/develop/develop/packages/framework/tests/Feature/SourceFileParserTest.php" line="42" class="Hyde\Framework\Testing\Feature\SourceFileParserTest" classname="Hyde.Framework.Testing.Feature.SourceFileParserTest" assertions="4" time="0.011084"/>
        <testcase name="test_documentation_page_parser" file="/home/runner/work/develop/develop/packages/framework/tests/Feature/SourceFileParserTest.php" line="54" class="Hyde\Framework\Testing\Feature\SourceFileParserTest" classname="Hyde.Framework.Testing.Feature.SourceFileParserTest" assertions="4" time="0.011251"/>
        <testcase name="test_html_page_parser" file="/home/runner/work/develop/develop/packages/framework/tests/Feature/SourceFileParserTest.php" line="66" class="Hyde\Framework\Testing\Feature\SourceFileParserTest" classname="Hyde.Framework.Testing.Feature.SourceFileParserTest" assertions="3" time="0.010780"/>
        <testcase name="test_parsed_page_is_run_through_dynamic_constructor" file="/home/runner/work/develop/develop/packages/framework/tests/Feature/SourceFileParserTest.php" line="77" class="Hyde\Framework\Testing\Feature\SourceFileParserTest" classname="Hyde.Framework.Testing.Feature.SourceFileParserTest" assertions="1" time="0.010924"/>
        <testcase name="test_blade_page_data_is_parsed_to_front_matter" file="/home/runner/work/develop/develop/packages/framework/tests/Feature/SourceFileParserTest.php" line="84" class="Hyde\Framework\Testing\Feature\SourceFileParserTest" classname="Hyde.Framework.Testing.Feature.SourceFileParserTest" assertions="1" time="0.010106"/>
        <testcase name="test_blade_page_matter_is_used_for_the_page_title" file="/home/runner/work/develop/develop/packages/framework/tests/Feature/SourceFileParserTest.php" line="91" class="Hyde\Framework\Testing\Feature\SourceFileParserTest" classname="Hyde.Framework.Testing.Feature.SourceFileParserTest" assertions="1" time="0.010186"/>
      </testsuite>
      <testsuite name="Hyde\Framework\Testing\Feature\StaticPageBuilderTest" file="/home/runner/work/develop/develop/packages/framework/tests/Feature/StaticPageBuilderTest.php" tests="13" assertions="73" errors="0" failures="0" skipped="0" time="0.355675">
        <testcase name="test_can_build_blade_page" file="/home/runner/work/develop/develop/packages/framework/tests/Feature/StaticPageBuilderTest.php" line="55" class="Hyde\Framework\Testing\Feature\StaticPageBuilderTest" classname="Hyde.Framework.Testing.Feature.StaticPageBuilderTest" assertions="3" time="0.018507"/>
        <testcase name="test_can_build_markdown_post" file="/home/runner/work/develop/develop/packages/framework/tests/Feature/StaticPageBuilderTest.php" line="70" class="Hyde\Framework\Testing\Feature\StaticPageBuilderTest" classname="Hyde.Framework.Testing.Feature.StaticPageBuilderTest" assertions="10" time="0.041149"/>
        <testcase name="test_can_build_markdown_page" file="/home/runner/work/develop/develop/packages/framework/tests/Feature/StaticPageBuilderTest.php" line="83" class="Hyde\Framework\Testing\Feature\StaticPageBuilderTest" classname="Hyde.Framework.Testing.Feature.StaticPageBuilderTest" assertions="10" time="0.028202"/>
        <testcase name="test_can_build_documentation_page" file="/home/runner/work/develop/develop/packages/framework/tests/Feature/StaticPageBuilderTest.php" line="94" class="Hyde\Framework\Testing\Feature\StaticPageBuilderTest" classname="Hyde.Framework.Testing.Feature.StaticPageBuilderTest" assertions="10" time="0.030781"/>
        <testcase name="test_can_build_html_page" file="/home/runner/work/develop/develop/packages/framework/tests/Feature/StaticPageBuilderTest.php" line="104" class="Hyde\Framework\Testing\Feature\StaticPageBuilderTest" classname="Hyde.Framework.Testing.Feature.StaticPageBuilderTest" assertions="3" time="0.019022"/>
        <testcase name="test_can_build_nested_html_page" file="/home/runner/work/develop/develop/packages/framework/tests/Feature/StaticPageBuilderTest.php" line="116" class="Hyde\Framework\Testing\Feature\StaticPageBuilderTest" classname="Hyde.Framework.Testing.Feature.StaticPageBuilderTest" assertions="3" time="0.018664"/>
        <testcase name="test_creates_custom_documentation_directory" file="/home/runner/work/develop/develop/packages/framework/tests/Feature/StaticPageBuilderTest.php" line="132" class="Hyde\Framework\Testing\Feature\StaticPageBuilderTest" classname="Hyde.Framework.Testing.Feature.StaticPageBuilderTest" assertions="10" time="0.031939"/>
        <testcase name="test_site_directory_can_be_customized" file="/home/runner/work/develop/develop/packages/framework/tests/Feature/StaticPageBuilderTest.php" line="146" class="Hyde\Framework\Testing\Feature\StaticPageBuilderTest" classname="Hyde.Framework.Testing.Feature.StaticPageBuilderTest" assertions="10" time="0.029406"/>
        <testcase name="test_site_directory_can_be_customized_with_nested_pages" file="/home/runner/work/develop/develop/packages/framework/tests/Feature/StaticPageBuilderTest.php" line="158" class="Hyde\Framework\Testing\Feature\StaticPageBuilderTest" classname="Hyde.Framework.Testing.Feature.StaticPageBuilderTest" assertions="10" time="0.032018"/>
        <testcase name="test_can_rebuild_blade_page" file="/home/runner/work/develop/develop/packages/framework/tests/Feature/StaticPageBuilderTest.php" line="170" class="Hyde\Framework\Testing\Feature\StaticPageBuilderTest" classname="Hyde.Framework.Testing.Feature.StaticPageBuilderTest" assertions="1" time="0.017555"/>
        <testcase name="test_can_rebuild_markdown_page" file="/home/runner/work/develop/develop/packages/framework/tests/Feature/StaticPageBuilderTest.php" line="179" class="Hyde\Framework\Testing\Feature\StaticPageBuilderTest" classname="Hyde.Framework.Testing.Feature.StaticPageBuilderTest" assertions="1" time="0.029226"/>
        <testcase name="test_can_rebuild_markdown_post" file="/home/runner/work/develop/develop/packages/framework/tests/Feature/StaticPageBuilderTest.php" line="188" class="Hyde\Framework\Testing\Feature\StaticPageBuilderTest" classname="Hyde.Framework.Testing.Feature.StaticPageBuilderTest" assertions="1" time="0.030445"/>
        <testcase name="test_can_rebuild_documentation_page" file="/home/runner/work/develop/develop/packages/framework/tests/Feature/StaticPageBuilderTest.php" line="197" class="Hyde\Framework\Testing\Feature\StaticPageBuilderTest" classname="Hyde.Framework.Testing.Feature.StaticPageBuilderTest" assertions="1" time="0.028762"/>
      </testsuite>
      <testsuite name="Hyde\Framework\Testing\Feature\StaticSiteBuilderDocumentationModuleTest" file="/home/runner/work/develop/develop/packages/framework/tests/Feature/StaticSiteBuilderDocumentationModuleTest.php" tests="3" assertions="7" errors="0" failures="0" skipped="0" time="0.081259">
        <testcase name="test_can_create_page" file="/home/runner/work/develop/develop/packages/framework/tests/Feature/StaticSiteBuilderDocumentationModuleTest.php" line="45" class="Hyde\Framework\Testing\Feature\StaticSiteBuilderDocumentationModuleTest" classname="Hyde.Framework.Testing.Feature.StaticSiteBuilderDocumentationModuleTest" assertions="1" time="0.027017"/>
        <testcase name="test_page_contains_expected_content" file="/home/runner/work/develop/develop/packages/framework/tests/Feature/StaticSiteBuilderDocumentationModuleTest.php" line="54" class="Hyde\Framework\Testing\Feature\StaticSiteBuilderDocumentationModuleTest" classname="Hyde.Framework.Testing.Feature.StaticSiteBuilderDocumentationModuleTest" assertions="3" time="0.026941"/>
        <testcase name="test_can_compile_page_to_root_output_directory" file="/home/runner/work/develop/develop/packages/framework/tests/Feature/StaticSiteBuilderDocumentationModuleTest.php" line="63" class="Hyde\Framework\Testing\Feature\StaticSiteBuilderDocumentationModuleTest" classname="Hyde.Framework.Testing.Feature.StaticSiteBuilderDocumentationModuleTest" assertions="3" time="0.027301"/>
      </testsuite>
      <testsuite name="Hyde\Framework\Testing\Feature\StaticSiteBuilderPostModuleTest" file="/home/runner/work/develop/develop/packages/framework/tests/Feature/StaticSiteBuilderPostModuleTest.php" tests="7" assertions="38" errors="0" failures="0" skipped="0" time="0.188443">
        <testcase name="test_can_create_post" file="/home/runner/work/develop/develop/packages/framework/tests/Feature/StaticSiteBuilderPostModuleTest.php" line="58" class="Hyde\Framework\Testing\Feature\StaticSiteBuilderPostModuleTest" classname="Hyde.Framework.Testing.Feature.StaticSiteBuilderPostModuleTest" assertions="1" time="0.026168"/>
        <testcase name="test_post_contains_expected_content" file="/home/runner/work/develop/develop/packages/framework/tests/Feature/StaticSiteBuilderPostModuleTest.php" line="65" class="Hyde\Framework\Testing\Feature\StaticSiteBuilderPostModuleTest" classname="Hyde.Framework.Testing.Feature.StaticSiteBuilderPostModuleTest" assertions="6" time="0.026648"/>
        <testcase name="test_post_contains_expected_elements" file="/home/runner/work/develop/develop/packages/framework/tests/Feature/StaticSiteBuilderPostModuleTest.php" line="77" class="Hyde\Framework\Testing\Feature\StaticSiteBuilderPostModuleTest" classname="Hyde.Framework.Testing.Feature.StaticSiteBuilderPostModuleTest" assertions="11" time="0.027214"/>
        <testcase name="test_post_contains_expected_meta_tags" file="/home/runner/work/develop/develop/packages/framework/tests/Feature/StaticSiteBuilderPostModuleTest.php" line="94" class="Hyde\Framework\Testing\Feature\StaticSiteBuilderPostModuleTest" classname="Hyde.Framework.Testing.Feature.StaticSiteBuilderPostModuleTest" assertions="6" time="0.027155"/>
        <testcase name="test_post_contains_expected_itemprops" file="/home/runner/work/develop/develop/packages/framework/tests/Feature/StaticSiteBuilderPostModuleTest.php" line="106" class="Hyde\Framework\Testing\Feature\StaticSiteBuilderPostModuleTest" classname="Hyde.Framework.Testing.Feature.StaticSiteBuilderPostModuleTest" assertions="8" time="0.027614"/>
        <testcase name="test_post_contains_expected_aria_support" file="/home/runner/work/develop/develop/packages/framework/tests/Feature/StaticSiteBuilderPostModuleTest.php" line="120" class="Hyde\Framework\Testing\Feature\StaticSiteBuilderPostModuleTest" classname="Hyde.Framework.Testing.Feature.StaticSiteBuilderPostModuleTest" assertions="3" time="0.026413"/>
        <testcase name="test_post_image_is_resolved_relatively" file="/home/runner/work/develop/develop/packages/framework/tests/Feature/StaticSiteBuilderPostModuleTest.php" line="129" class="Hyde\Framework\Testing\Feature\StaticSiteBuilderPostModuleTest" classname="Hyde.Framework.Testing.Feature.StaticSiteBuilderPostModuleTest" assertions="3" time="0.027230"/>
      </testsuite>
      <testsuite name="Hyde\Framework\Testing\Feature\StaticSiteServiceTest" file="/home/runner/work/develop/develop/packages/framework/tests/Feature/StaticSiteServiceTest.php" tests="23" assertions="79" errors="0" failures="0" skipped="0" time="1.052080">
        <testcase name="test_build_command_contains_expected_output" file="/home/runner/work/develop/develop/packages/framework/tests/Feature/StaticSiteServiceTest.php" line="34" class="Hyde\Framework\Testing\Feature\StaticSiteServiceTest" classname="Hyde.Framework.Testing.Feature.StaticSiteServiceTest" assertions="4" time="0.036728"/>
        <testcase name="test_build_command_creates_html_files" file="/home/runner/work/develop/develop/packages/framework/tests/Feature/StaticSiteServiceTest.php" line="43" class="Hyde\Framework\Testing\Feature\StaticSiteServiceTest" classname="Hyde.Framework.Testing.Feature.StaticSiteServiceTest" assertions="3" time="0.053196"/>
        <testcase name="test_build_command_transfers_media_asset_files" file="/home/runner/work/develop/develop/packages/framework/tests/Feature/StaticSiteServiceTest.php" line="54" class="Hyde\Framework\Testing\Feature\StaticSiteServiceTest" classname="Hyde.Framework.Testing.Feature.StaticSiteServiceTest" assertions="3" time="0.034823"/>
        <testcase name="test_build_command_transfers_media_asset_files_recursively" file="/home/runner/work/develop/develop/packages/framework/tests/Feature/StaticSiteServiceTest.php" line="63" class="Hyde\Framework\Testing\Feature\StaticSiteServiceTest" classname="Hyde.Framework.Testing.Feature.StaticSiteServiceTest" assertions="4" time="0.037095"/>
        <testcase name="test_all_page_types_can_be_compiled" file="/home/runner/work/develop/develop/packages/framework/tests/Feature/StaticSiteServiceTest.php" line="72" class="Hyde\Framework\Testing\Feature\StaticSiteServiceTest" classname="Hyde.Framework.Testing.Feature.StaticSiteServiceTest" assertions="12" time="0.132492"/>
        <testcase name="test_only_progress_bars_for_types_with_pages_are_shown" file="/home/runner/work/develop/develop/packages/framework/tests/Feature/StaticSiteServiceTest.php" line="102" class="Hyde\Framework\Testing\Feature\StaticSiteServiceTest" classname="Hyde.Framework.Testing.Feature.StaticSiteServiceTest" assertions="9" time="0.057918"/>
        <testcase name="test_print_initial_information_allows_api_to_be_disabled" file="/home/runner/work/develop/develop/packages/framework/tests/Feature/StaticSiteServiceTest.php" line="122" class="Hyde\Framework\Testing\Feature\StaticSiteServiceTest" classname="Hyde.Framework.Testing.Feature.StaticSiteServiceTest" assertions="2" time="0.036715"/>
        <testcase name="test_node_action_outputs" file="/home/runner/work/develop/develop/packages/framework/tests/Feature/StaticSiteServiceTest.php" line="129" class="Hyde\Framework\Testing\Feature\StaticSiteServiceTest" classname="Hyde.Framework.Testing.Feature.StaticSiteServiceTest" assertions="4" time="0.041185"/>
        <testcase name="test_pretty_urls_option_output" file="/home/runner/work/develop/develop/packages/framework/tests/Feature/StaticSiteServiceTest.php" line="138" class="Hyde\Framework\Testing\Feature\StaticSiteServiceTest" classname="Hyde.Framework.Testing.Feature.StaticSiteServiceTest" assertions="2" time="0.037714"/>
        <testcase name="test_sitemap_is_not_generated_when_conditions_are_not_met" file="/home/runner/work/develop/develop/packages/framework/tests/Feature/StaticSiteServiceTest.php" line="145" class="Hyde\Framework\Testing\Feature\StaticSiteServiceTest" classname="Hyde.Framework.Testing.Feature.StaticSiteServiceTest" assertions="2" time="0.033899"/>
        <testcase name="test_sitemap_is_generated_when_conditions_are_met" file="/home/runner/work/develop/develop/packages/framework/tests/Feature/StaticSiteServiceTest.php" line="155" class="Hyde\Framework\Testing\Feature\StaticSiteServiceTest" classname="Hyde.Framework.Testing.Feature.StaticSiteServiceTest" assertions="1" time="0.035347"/>
        <testcase name="test_rss_feed_is_not_generated_when_conditions_are_not_met" file="/home/runner/work/develop/develop/packages/framework/tests/Feature/StaticSiteServiceTest.php" line="166" class="Hyde\Framework\Testing\Feature\StaticSiteServiceTest" classname="Hyde.Framework.Testing.Feature.StaticSiteServiceTest" assertions="2" time="0.034386"/>
        <testcase name="test_rss_feed_is_generated_when_conditions_are_met" file="/home/runner/work/develop/develop/packages/framework/tests/Feature/StaticSiteServiceTest.php" line="176" class="Hyde\Framework\Testing\Feature\StaticSiteServiceTest" classname="Hyde.Framework.Testing.Feature.StaticSiteServiceTest" assertions="1" time="0.054130"/>
        <testcase name="test_does_not_generate_search_files_when_conditions_are_not_met" file="/home/runner/work/develop/develop/packages/framework/tests/Feature/StaticSiteServiceTest.php" line="191" class="Hyde\Framework\Testing\Feature\StaticSiteServiceTest" classname="Hyde.Framework.Testing.Feature.StaticSiteServiceTest" assertions="3" time="0.035982"/>
        <testcase name="test_generates_search_files_when_conditions_are_met" file="/home/runner/work/develop/develop/packages/framework/tests/Feature/StaticSiteServiceTest.php" line="199" class="Hyde\Framework\Testing\Feature\StaticSiteServiceTest" classname="Hyde.Framework.Testing.Feature.StaticSiteServiceTest" assertions="1" time="0.071684"/>
        <testcase name="test_site_directory_is_emptied_before_build" file="/home/runner/work/develop/develop/packages/framework/tests/Feature/StaticSiteServiceTest.php" line="211" class="Hyde\Framework\Testing\Feature\StaticSiteServiceTest" classname="Hyde.Framework.Testing.Feature.StaticSiteServiceTest" assertions="3" time="0.036535"/>
        <testcase name="test_output_directory_is_not_emptied_if_disabled_in_config" file="/home/runner/work/develop/develop/packages/framework/tests/Feature/StaticSiteServiceTest.php" line="220" class="Hyde\Framework\Testing\Feature\StaticSiteServiceTest" classname="Hyde.Framework.Testing.Feature.StaticSiteServiceTest" assertions="3" time="0.037428"/>
        <testcase name="test_aborts_when_non_standard_directory_is_emptied" file="/home/runner/work/develop/develop/packages/framework/tests/Feature/StaticSiteServiceTest.php" line="233" class="Hyde\Framework\Testing\Feature\StaticSiteServiceTest" classname="Hyde.Framework.Testing.Feature.StaticSiteServiceTest" assertions="5" time="0.038478"/>
        <testcase name="test_without_warnings" file="/home/runner/work/develop/develop/packages/framework/tests/Feature/StaticSiteServiceTest.php" line="250" class="Hyde\Framework\Testing\Feature\StaticSiteServiceTest" classname="Hyde.Framework.Testing.Feature.StaticSiteServiceTest" assertions="2" time="0.036277"/>
        <testcase name="test_with_warnings" file="/home/runner/work/develop/develop/packages/framework/tests/Feature/StaticSiteServiceTest.php" line="257" class="Hyde\Framework\Testing\Feature\StaticSiteServiceTest" classname="Hyde.Framework.Testing.Feature.StaticSiteServiceTest" assertions="3" time="0.050044"/>
        <testcase name="test_with_warnings_and_verbose" file="/home/runner/work/develop/develop/packages/framework/tests/Feature/StaticSiteServiceTest.php" line="267" class="Hyde\Framework\Testing\Feature\StaticSiteServiceTest" classname="Hyde.Framework.Testing.Feature.StaticSiteServiceTest" assertions="4" time="0.038690"/>
        <testcase name="test_with_warnings_but_warnings_are_disabled" file="/home/runner/work/develop/develop/packages/framework/tests/Feature/StaticSiteServiceTest.php" line="278" class="Hyde\Framework\Testing\Feature\StaticSiteServiceTest" classname="Hyde.Framework.Testing.Feature.StaticSiteServiceTest" assertions="2" time="0.034879"/>
        <testcase name="test_with_warnings_converted_to_exceptions" file="/home/runner/work/develop/develop/packages/framework/tests/Feature/StaticSiteServiceTest.php" line="288" class="Hyde\Framework\Testing\Feature\StaticSiteServiceTest" classname="Hyde.Framework.Testing.Feature.StaticSiteServiceTest" assertions="4" time="0.046454"/>
      </testsuite>
      <testsuite name="Hyde\Framework\Testing\Feature\Support\MediaFileTest" file="/home/runner/work/develop/develop/packages/framework/tests/Feature/Support/MediaFileTest.php" tests="25" assertions="32" errors="0" failures="0" skipped="0" time="0.206268">
        <testcase name="test_can_construct" file="/home/runner/work/develop/develop/packages/framework/tests/Feature/Support/MediaFileTest.php" line="18" class="Hyde\Framework\Testing\Feature\Support\MediaFileTest" classname="Hyde.Framework.Testing.Feature.Support.MediaFileTest" assertions="2" time="0.007150"/>
        <testcase name="test_can_construct_with_nested_paths" file="/home/runner/work/develop/develop/packages/framework/tests/Feature/Support/MediaFileTest.php" line="30" class="Hyde\Framework\Testing\Feature\Support\MediaFileTest" classname="Hyde.Framework.Testing.Feature.Support.MediaFileTest" assertions="1" time="0.006896"/>
        <testcase name="test_absolute_path_is_normalized_to_relative" file="/home/runner/work/develop/develop/packages/framework/tests/Feature/Support/MediaFileTest.php" line="35" class="Hyde\Framework\Testing\Feature\Support\MediaFileTest" classname="Hyde.Framework.Testing.Feature.Support.MediaFileTest" assertions="1" time="0.006748"/>
        <testcase name="test_get_name_returns_name_of_file" file="/home/runner/work/develop/develop/packages/framework/tests/Feature/Support/MediaFileTest.php" line="40" class="Hyde\Framework\Testing\Feature\Support\MediaFileTest" classname="Hyde.Framework.Testing.Feature.Support.MediaFileTest" assertions="2" time="0.007005"/>
        <testcase name="test_get_path_returns_path_of_file" file="/home/runner/work/develop/develop/packages/framework/tests/Feature/Support/MediaFileTest.php" line="46" class="Hyde\Framework\Testing\Feature\Support\MediaFileTest" classname="Hyde.Framework.Testing.Feature.Support.MediaFileTest" assertions="2" time="0.007471"/>
        <testcase name="test_get_absolute_path_returns_absolute_path_of_file" file="/home/runner/work/develop/develop/packages/framework/tests/Feature/Support/MediaFileTest.php" line="52" class="Hyde\Framework\Testing\Feature\Support\MediaFileTest" classname="Hyde.Framework.Testing.Feature.Support.MediaFileTest" assertions="2" time="0.007307"/>
        <testcase name="test_get_contents_returns_contents_of_file" file="/home/runner/work/develop/develop/packages/framework/tests/Feature/Support/MediaFileTest.php" line="58" class="Hyde\Framework\Testing\Feature\Support\MediaFileTest" classname="Hyde.Framework.Testing.Feature.Support.MediaFileTest" assertions="1" time="0.008260"/>
        <testcase name="test_get_extension_returns_extension_of_file" file="/home/runner/work/develop/develop/packages/framework/tests/Feature/Support/MediaFileTest.php" line="64" class="Hyde\Framework\Testing\Feature\Support\MediaFileTest" classname="Hyde.Framework.Testing.Feature.Support.MediaFileTest" assertions="2" time="0.009170"/>
        <testcase name="test_to_array_returns_array_of_file_properties" file="/home/runner/work/develop/develop/packages/framework/tests/Feature/Support/MediaFileTest.php" line="73" class="Hyde\Framework\Testing\Feature\Support\MediaFileTest" classname="Hyde.Framework.Testing.Feature.Support.MediaFileTest" assertions="1" time="0.008571"/>
        <testcase name="test_to_array_with_empty_file_with_no_extension" file="/home/runner/work/develop/develop/packages/framework/tests/Feature/Support/MediaFileTest.php" line="85" class="Hyde\Framework\Testing\Feature\Support\MediaFileTest" classname="Hyde.Framework.Testing.Feature.Support.MediaFileTest" assertions="1" time="0.009980"/>
        <testcase name="test_to_array_with_file_in_subdirectory" file="/home/runner/work/develop/develop/packages/framework/tests/Feature/Support/MediaFileTest.php" line="96" class="Hyde\Framework\Testing\Feature\Support\MediaFileTest" classname="Hyde.Framework.Testing.Feature.Support.MediaFileTest" assertions="1" time="0.008150"/>
        <testcase name="test_getContentLength" file="/home/runner/work/develop/develop/packages/framework/tests/Feature/Support/MediaFileTest.php" line="110" class="Hyde\Framework\Testing\Feature\Support\MediaFileTest" classname="Hyde.Framework.Testing.Feature.Support.MediaFileTest" assertions="1" time="0.008840"/>
        <testcase name="test_getContentLength_with_empty_file" file="/home/runner/work/develop/develop/packages/framework/tests/Feature/Support/MediaFileTest.php" line="116" class="Hyde\Framework\Testing\Feature\Support\MediaFileTest" classname="Hyde.Framework.Testing.Feature.Support.MediaFileTest" assertions="1" time="0.008586"/>
        <testcase name="test_getContentLength_with_directory" file="/home/runner/work/develop/develop/packages/framework/tests/Feature/Support/MediaFileTest.php" line="122" class="Hyde\Framework\Testing\Feature\Support\MediaFileTest" classname="Hyde.Framework.Testing.Feature.Support.MediaFileTest" assertions="2" time="0.009797"/>
        <testcase name="test_getContentLength_with_non_existent_file" file="/home/runner/work/develop/develop/packages/framework/tests/Feature/Support/MediaFileTest.php" line="131" class="Hyde\Framework\Testing\Feature\Support\MediaFileTest" classname="Hyde.Framework.Testing.Feature.Support.MediaFileTest" assertions="2" time="0.007799"/>
        <testcase name="test_getMimeType" file="/home/runner/work/develop/develop/packages/framework/tests/Feature/Support/MediaFileTest.php" line="138" class="Hyde\Framework\Testing\Feature\Support\MediaFileTest" classname="Hyde.Framework.Testing.Feature.Support.MediaFileTest" assertions="1" time="0.008242"/>
        <testcase name="test_getMimeType_without_extension" file="/home/runner/work/develop/develop/packages/framework/tests/Feature/Support/MediaFileTest.php" line="144" class="Hyde\Framework\Testing\Feature\Support\MediaFileTest" classname="Hyde.Framework.Testing.Feature.Support.MediaFileTest" assertions="1" time="0.010268"/>
        <testcase name="test_getMimeType_with_empty_file" file="/home/runner/work/develop/develop/packages/framework/tests/Feature/Support/MediaFileTest.php" line="150" class="Hyde\Framework\Testing\Feature\Support\MediaFileTest" classname="Hyde.Framework.Testing.Feature.Support.MediaFileTest" assertions="1" time="0.008960"/>
        <testcase name="test_getMimeType_with_directory" file="/home/runner/work/develop/develop/packages/framework/tests/Feature/Support/MediaFileTest.php" line="156" class="Hyde\Framework\Testing\Feature\Support\MediaFileTest" classname="Hyde.Framework.Testing.Feature.Support.MediaFileTest" assertions="1" time="0.009045"/>
        <testcase name="test_getMimeType_with_non_existent_file" file="/home/runner/work/develop/develop/packages/framework/tests/Feature/Support/MediaFileTest.php" line="162" class="Hyde\Framework\Testing\Feature\Support\MediaFileTest" classname="Hyde.Framework.Testing.Feature.Support.MediaFileTest" assertions="1" time="0.007975"/>
        <testcase name="test_all_helper_returns_all_media_files" file="/home/runner/work/develop/develop/packages/framework/tests/Feature/Support/MediaFileTest.php" line="167" class="Hyde\Framework\Testing\Feature\Support\MediaFileTest" classname="Hyde.Framework.Testing.Feature.Support.MediaFileTest" assertions="1" time="0.008016"/>
        <testcase name="test_all_helper_does_not_include_non_media_files" file="/home/runner/work/develop/develop/packages/framework/tests/Feature/Support/MediaFileTest.php" line="174" class="Hyde\Framework\Testing\Feature\Support\MediaFileTest" classname="Hyde.Framework.Testing.Feature.Support.MediaFileTest" assertions="1" time="0.008877"/>
        <testcase name="test_files_helper" file="/home/runner/work/develop/develop/packages/framework/tests/Feature/Support/MediaFileTest.php" line="182" class="Hyde\Framework\Testing\Feature\Support\MediaFileTest" classname="Hyde.Framework.Testing.Feature.Support.MediaFileTest" assertions="1" time="0.008070"/>
        <testcase name="testGetIdentifier" file="/home/runner/work/develop/develop/packages/framework/tests/Feature/Support/MediaFileTest.php" line="187" class="Hyde\Framework\Testing\Feature\Support\MediaFileTest" classname="Hyde.Framework.Testing.Feature.Support.MediaFileTest" assertions="1" time="0.007588"/>
        <testcase name="testGetIdentifierWithSubdirectory" file="/home/runner/work/develop/develop/packages/framework/tests/Feature/Support/MediaFileTest.php" line="192" class="Hyde\Framework\Testing\Feature\Support\MediaFileTest" classname="Hyde.Framework.Testing.Feature.Support.MediaFileTest" assertions="1" time="0.007497"/>
      </testsuite>
      <testsuite name="Hyde\Framework\Testing\Feature\Support\ProjectFileTest" file="/home/runner/work/develop/develop/packages/framework/tests/Feature/Support/ProjectFileTest.php" tests="11" assertions="16" errors="0" failures="0" skipped="0" time="0.083066">
        <testcase name="test_can_construct" file="/home/runner/work/develop/develop/packages/framework/tests/Feature/Support/ProjectFileTest.php" line="17" class="Hyde\Framework\Testing\Feature\Support\ProjectFileTest" classname="Hyde.Framework.Testing.Feature.Support.ProjectFileTest" assertions="2" time="0.007389"/>
        <testcase name="test_can_construct_with_nested_paths" file="/home/runner/work/develop/develop/packages/framework/tests/Feature/Support/ProjectFileTest.php" line="29" class="Hyde\Framework\Testing\Feature\Support\ProjectFileTest" classname="Hyde.Framework.Testing.Feature.Support.ProjectFileTest" assertions="1" time="0.006723"/>
        <testcase name="test_absolute_path_is_normalized_to_relative" file="/home/runner/work/develop/develop/packages/framework/tests/Feature/Support/ProjectFileTest.php" line="34" class="Hyde\Framework\Testing\Feature\Support\ProjectFileTest" classname="Hyde.Framework.Testing.Feature.Support.ProjectFileTest" assertions="1" time="0.006920"/>
        <testcase name="test_get_name_returns_name_of_file" file="/home/runner/work/develop/develop/packages/framework/tests/Feature/Support/ProjectFileTest.php" line="39" class="Hyde\Framework\Testing\Feature\Support\ProjectFileTest" classname="Hyde.Framework.Testing.Feature.Support.ProjectFileTest" assertions="2" time="0.007164"/>
        <testcase name="test_get_path_returns_path_of_file" file="/home/runner/work/develop/develop/packages/framework/tests/Feature/Support/ProjectFileTest.php" line="45" class="Hyde\Framework\Testing\Feature\Support\ProjectFileTest" classname="Hyde.Framework.Testing.Feature.Support.ProjectFileTest" assertions="2" time="0.007157"/>
        <testcase name="test_get_absolute_path_returns_absolute_path_of_file" file="/home/runner/work/develop/develop/packages/framework/tests/Feature/Support/ProjectFileTest.php" line="51" class="Hyde\Framework\Testing\Feature\Support\ProjectFileTest" classname="Hyde.Framework.Testing.Feature.Support.ProjectFileTest" assertions="2" time="0.007161"/>
        <testcase name="test_get_contents_returns_contents_of_file" file="/home/runner/work/develop/develop/packages/framework/tests/Feature/Support/ProjectFileTest.php" line="57" class="Hyde\Framework\Testing\Feature\Support\ProjectFileTest" classname="Hyde.Framework.Testing.Feature.Support.ProjectFileTest" assertions="1" time="0.007999"/>
        <testcase name="test_get_extension_returns_extension_of_file" file="/home/runner/work/develop/develop/packages/framework/tests/Feature/Support/ProjectFileTest.php" line="63" class="Hyde\Framework\Testing\Feature\Support\ProjectFileTest" classname="Hyde.Framework.Testing.Feature.Support.ProjectFileTest" assertions="2" time="0.008719"/>
        <testcase name="test_to_array_returns_array_of_file_properties" file="/home/runner/work/develop/develop/packages/framework/tests/Feature/Support/ProjectFileTest.php" line="72" class="Hyde\Framework\Testing\Feature\Support\ProjectFileTest" classname="Hyde.Framework.Testing.Feature.Support.ProjectFileTest" assertions="1" time="0.008214"/>
        <testcase name="test_to_array_with_empty_file_with_no_extension" file="/home/runner/work/develop/develop/packages/framework/tests/Feature/Support/ProjectFileTest.php" line="82" class="Hyde\Framework\Testing\Feature\Support\ProjectFileTest" classname="Hyde.Framework.Testing.Feature.Support.ProjectFileTest" assertions="1" time="0.007970"/>
        <testcase name="test_to_array_with_file_in_subdirectory" file="/home/runner/work/develop/develop/packages/framework/tests/Feature/Support/ProjectFileTest.php" line="91" class="Hyde\Framework\Testing\Feature\Support\ProjectFileTest" classname="Hyde.Framework.Testing.Feature.Support.ProjectFileTest" assertions="1" time="0.007648"/>
      </testsuite>
      <testsuite name="Hyde\Framework\Testing\Feature\Support\SourceFileTest" file="/home/runner/work/develop/develop/packages/framework/tests/Feature/Support/SourceFileTest.php" tests="13" assertions="21" errors="0" failures="0" skipped="0" time="0.098096">
        <testcase name="test_can_construct" file="/home/runner/work/develop/develop/packages/framework/tests/Feature/Support/SourceFileTest.php" line="19" class="Hyde\Framework\Testing\Feature\Support\SourceFileTest" classname="Hyde.Framework.Testing.Feature.Support.SourceFileTest" assertions="3" time="0.007240"/>
        <testcase name="test_can_construct_with_model_class" file="/home/runner/work/develop/develop/packages/framework/tests/Feature/Support/SourceFileTest.php" line="28" class="Hyde\Framework\Testing\Feature\Support\SourceFileTest" classname="Hyde.Framework.Testing.Feature.Support.SourceFileTest" assertions="3" time="0.006817"/>
        <testcase name="test_can_make_with_model_class" file="/home/runner/work/develop/develop/packages/framework/tests/Feature/Support/SourceFileTest.php" line="42" class="Hyde\Framework\Testing\Feature\Support\SourceFileTest" classname="Hyde.Framework.Testing.Feature.Support.SourceFileTest" assertions="1" time="0.007259"/>
        <testcase name="test_can_construct_with_nested_paths" file="/home/runner/work/develop/develop/packages/framework/tests/Feature/Support/SourceFileTest.php" line="48" class="Hyde\Framework\Testing\Feature\Support\SourceFileTest" classname="Hyde.Framework.Testing.Feature.Support.SourceFileTest" assertions="1" time="0.007064"/>
        <testcase name="test_absolute_path_is_normalized_to_relative" file="/home/runner/work/develop/develop/packages/framework/tests/Feature/Support/SourceFileTest.php" line="53" class="Hyde\Framework\Testing\Feature\Support\SourceFileTest" classname="Hyde.Framework.Testing.Feature.Support.SourceFileTest" assertions="1" time="0.006989"/>
        <testcase name="test_get_name_returns_name_of_file" file="/home/runner/work/develop/develop/packages/framework/tests/Feature/Support/SourceFileTest.php" line="58" class="Hyde\Framework\Testing\Feature\Support\SourceFileTest" classname="Hyde.Framework.Testing.Feature.Support.SourceFileTest" assertions="2" time="0.007016"/>
        <testcase name="test_get_path_returns_path_of_file" file="/home/runner/work/develop/develop/packages/framework/tests/Feature/Support/SourceFileTest.php" line="64" class="Hyde\Framework\Testing\Feature\Support\SourceFileTest" classname="Hyde.Framework.Testing.Feature.Support.SourceFileTest" assertions="2" time="0.007375"/>
        <testcase name="test_get_absolute_path_returns_absolute_path_of_file" file="/home/runner/work/develop/develop/packages/framework/tests/Feature/Support/SourceFileTest.php" line="70" class="Hyde\Framework\Testing\Feature\Support\SourceFileTest" classname="Hyde.Framework.Testing.Feature.Support.SourceFileTest" assertions="2" time="0.007103"/>
        <testcase name="test_get_contents_returns_contents_of_file" file="/home/runner/work/develop/develop/packages/framework/tests/Feature/Support/SourceFileTest.php" line="76" class="Hyde\Framework\Testing\Feature\Support\SourceFileTest" classname="Hyde.Framework.Testing.Feature.Support.SourceFileTest" assertions="1" time="0.008181"/>
        <testcase name="test_get_extension_returns_extension_of_file" file="/home/runner/work/develop/develop/packages/framework/tests/Feature/Support/SourceFileTest.php" line="82" class="Hyde\Framework\Testing\Feature\Support\SourceFileTest" classname="Hyde.Framework.Testing.Feature.Support.SourceFileTest" assertions="2" time="0.008724"/>
        <testcase name="test_to_array_returns_array_of_file_properties" file="/home/runner/work/develop/develop/packages/framework/tests/Feature/Support/SourceFileTest.php" line="91" class="Hyde\Framework\Testing\Feature\Support\SourceFileTest" classname="Hyde.Framework.Testing.Feature.Support.SourceFileTest" assertions="1" time="0.008550"/>
        <testcase name="test_to_array_with_empty_file_with_no_extension" file="/home/runner/work/develop/develop/packages/framework/tests/Feature/Support/SourceFileTest.php" line="102" class="Hyde\Framework\Testing\Feature\Support\SourceFileTest" classname="Hyde.Framework.Testing.Feature.Support.SourceFileTest" assertions="1" time="0.008030"/>
        <testcase name="test_to_array_with_file_in_subdirectory" file="/home/runner/work/develop/develop/packages/framework/tests/Feature/Support/SourceFileTest.php" line="112" class="Hyde\Framework\Testing\Feature\Support\SourceFileTest" classname="Hyde.Framework.Testing.Feature.Support.SourceFileTest" assertions="1" time="0.007749"/>
      </testsuite>
      <testsuite name="Hyde\Framework\Testing\Feature\TypedConfigFacadeTest" file="/home/runner/work/develop/develop/packages/framework/tests/Feature/TypedConfigFacadeTest.php" tests="26" assertions="27" errors="0" failures="0" skipped="0" time="0.181291">
        <testcase name="testGetArray" file="/home/runner/work/develop/develop/packages/framework/tests/Feature/TypedConfigFacadeTest.php" line="18" class="Hyde\Framework\Testing\Feature\TypedConfigFacadeTest" classname="Hyde.Framework.Testing.Feature.TypedConfigFacadeTest" assertions="1" time="0.006853"/>
        <testcase name="testGetString" file="/home/runner/work/develop/develop/packages/framework/tests/Feature/TypedConfigFacadeTest.php" line="24" class="Hyde\Framework\Testing\Feature\TypedConfigFacadeTest" classname="Hyde.Framework.Testing.Feature.TypedConfigFacadeTest" assertions="1" time="0.006276"/>
        <testcase name="testGetBool" file="/home/runner/work/develop/develop/packages/framework/tests/Feature/TypedConfigFacadeTest.php" line="30" class="Hyde\Framework\Testing\Feature\TypedConfigFacadeTest" classname="Hyde.Framework.Testing.Feature.TypedConfigFacadeTest" assertions="1" time="0.007060"/>
        <testcase name="testGetInt" file="/home/runner/work/develop/develop/packages/framework/tests/Feature/TypedConfigFacadeTest.php" line="36" class="Hyde\Framework\Testing\Feature\TypedConfigFacadeTest" classname="Hyde.Framework.Testing.Feature.TypedConfigFacadeTest" assertions="1" time="0.006579"/>
        <testcase name="testGetFloat" file="/home/runner/work/develop/develop/packages/framework/tests/Feature/TypedConfigFacadeTest.php" line="42" class="Hyde\Framework\Testing\Feature\TypedConfigFacadeTest" classname="Hyde.Framework.Testing.Feature.TypedConfigFacadeTest" assertions="1" time="0.006350"/>
        <testcase name="testGetArrayWithDefaultValue" file="/home/runner/work/develop/develop/packages/framework/tests/Feature/TypedConfigFacadeTest.php" line="48" class="Hyde\Framework\Testing\Feature\TypedConfigFacadeTest" classname="Hyde.Framework.Testing.Feature.TypedConfigFacadeTest" assertions="1" time="0.006749"/>
        <testcase name="testGetStringWithDefaultValue" file="/home/runner/work/develop/develop/packages/framework/tests/Feature/TypedConfigFacadeTest.php" line="53" class="Hyde\Framework\Testing\Feature\TypedConfigFacadeTest" classname="Hyde.Framework.Testing.Feature.TypedConfigFacadeTest" assertions="1" time="0.007145"/>
        <testcase name="testGetBoolWithDefaultValue" file="/home/runner/work/develop/develop/packages/framework/tests/Feature/TypedConfigFacadeTest.php" line="58" class="Hyde\Framework\Testing\Feature\TypedConfigFacadeTest" classname="Hyde.Framework.Testing.Feature.TypedConfigFacadeTest" assertions="1" time="0.007037"/>
        <testcase name="testGetIntWithDefaultValue" file="/home/runner/work/develop/develop/packages/framework/tests/Feature/TypedConfigFacadeTest.php" line="63" class="Hyde\Framework\Testing\Feature\TypedConfigFacadeTest" classname="Hyde.Framework.Testing.Feature.TypedConfigFacadeTest" assertions="1" time="0.006976"/>
        <testcase name="testGetFloatWithDefaultValue" file="/home/runner/work/develop/develop/packages/framework/tests/Feature/TypedConfigFacadeTest.php" line="68" class="Hyde\Framework\Testing\Feature\TypedConfigFacadeTest" classname="Hyde.Framework.Testing.Feature.TypedConfigFacadeTest" assertions="1" time="0.006857"/>
        <testcase name="testGetArrayWithStrictMode" file="/home/runner/work/develop/develop/packages/framework/tests/Feature/TypedConfigFacadeTest.php" line="73" class="Hyde\Framework\Testing\Feature\TypedConfigFacadeTest" classname="Hyde.Framework.Testing.Feature.TypedConfigFacadeTest" assertions="1" time="0.006623"/>
        <testcase name="testGetStringWithStrictMode" file="/home/runner/work/develop/develop/packages/framework/tests/Feature/TypedConfigFacadeTest.php" line="78" class="Hyde\Framework\Testing\Feature\TypedConfigFacadeTest" classname="Hyde.Framework.Testing.Feature.TypedConfigFacadeTest" assertions="1" time="0.006699"/>
        <testcase name="testGetBoolWithStrictMode" file="/home/runner/work/develop/develop/packages/framework/tests/Feature/TypedConfigFacadeTest.php" line="83" class="Hyde\Framework\Testing\Feature\TypedConfigFacadeTest" classname="Hyde.Framework.Testing.Feature.TypedConfigFacadeTest" assertions="1" time="0.006473"/>
        <testcase name="testGetIntWithStrictMode" file="/home/runner/work/develop/develop/packages/framework/tests/Feature/TypedConfigFacadeTest.php" line="88" class="Hyde\Framework\Testing\Feature\TypedConfigFacadeTest" classname="Hyde.Framework.Testing.Feature.TypedConfigFacadeTest" assertions="1" time="0.007681"/>
        <testcase name="testGetFloatWithStrictMode" file="/home/runner/work/develop/develop/packages/framework/tests/Feature/TypedConfigFacadeTest.php" line="93" class="Hyde\Framework\Testing\Feature\TypedConfigFacadeTest" classname="Hyde.Framework.Testing.Feature.TypedConfigFacadeTest" assertions="1" time="0.007268"/>
        <testcase name="testGetArrayWithFailingStrictMode" file="/home/runner/work/develop/develop/packages/framework/tests/Feature/TypedConfigFacadeTest.php" line="98" class="Hyde\Framework\Testing\Feature\TypedConfigFacadeTest" classname="Hyde.Framework.Testing.Feature.TypedConfigFacadeTest" assertions="1" time="0.006950"/>
        <testcase name="testGetStringWithFailingStrictMode" file="/home/runner/work/develop/develop/packages/framework/tests/Feature/TypedConfigFacadeTest.php" line="104" class="Hyde\Framework\Testing\Feature\TypedConfigFacadeTest" classname="Hyde.Framework.Testing.Feature.TypedConfigFacadeTest" assertions="1" time="0.007131"/>
        <testcase name="testGetBoolWithFailingStrictMode" file="/home/runner/work/develop/develop/packages/framework/tests/Feature/TypedConfigFacadeTest.php" line="110" class="Hyde\Framework\Testing\Feature\TypedConfigFacadeTest" classname="Hyde.Framework.Testing.Feature.TypedConfigFacadeTest" assertions="1" time="0.007474"/>
        <testcase name="testGetIntWithFailingStrictMode" file="/home/runner/work/develop/develop/packages/framework/tests/Feature/TypedConfigFacadeTest.php" line="116" class="Hyde\Framework\Testing\Feature\TypedConfigFacadeTest" classname="Hyde.Framework.Testing.Feature.TypedConfigFacadeTest" assertions="1" time="0.007172"/>
        <testcase name="testGetFloatWithFailingStrictMode" file="/home/runner/work/develop/develop/packages/framework/tests/Feature/TypedConfigFacadeTest.php" line="122" class="Hyde\Framework\Testing\Feature\TypedConfigFacadeTest" classname="Hyde.Framework.Testing.Feature.TypedConfigFacadeTest" assertions="1" time="0.006748"/>
        <testcase name="testGetArrayWithArray" file="/home/runner/work/develop/develop/packages/framework/tests/Feature/TypedConfigFacadeTest.php" line="128" class="Hyde\Framework\Testing\Feature\TypedConfigFacadeTest" classname="Hyde.Framework.Testing.Feature.TypedConfigFacadeTest" assertions="1" time="0.007419"/>
        <testcase name="testGetStringWithString" file="/home/runner/work/develop/develop/packages/framework/tests/Feature/TypedConfigFacadeTest.php" line="133" class="Hyde\Framework\Testing\Feature\TypedConfigFacadeTest" classname="Hyde.Framework.Testing.Feature.TypedConfigFacadeTest" assertions="1" time="0.007237"/>
        <testcase name="testGetBoolWithBool" file="/home/runner/work/develop/develop/packages/framework/tests/Feature/TypedConfigFacadeTest.php" line="138" class="Hyde\Framework\Testing\Feature\TypedConfigFacadeTest" classname="Hyde.Framework.Testing.Feature.TypedConfigFacadeTest" assertions="1" time="0.007084"/>
        <testcase name="testGetIntWithInt" file="/home/runner/work/develop/develop/packages/framework/tests/Feature/TypedConfigFacadeTest.php" line="143" class="Hyde\Framework\Testing\Feature\TypedConfigFacadeTest" classname="Hyde.Framework.Testing.Feature.TypedConfigFacadeTest" assertions="1" time="0.006912"/>
        <testcase name="testGetFloatWithFloat" file="/home/runner/work/develop/develop/packages/framework/tests/Feature/TypedConfigFacadeTest.php" line="148" class="Hyde\Framework\Testing\Feature\TypedConfigFacadeTest" classname="Hyde.Framework.Testing.Feature.TypedConfigFacadeTest" assertions="1" time="0.006704"/>
        <testcase name="testGetNullableString" file="/home/runner/work/develop/develop/packages/framework/tests/Feature/TypedConfigFacadeTest.php" line="153" class="Hyde\Framework\Testing\Feature\TypedConfigFacadeTest" classname="Hyde.Framework.Testing.Feature.TypedConfigFacadeTest" assertions="2" time="0.007836"/>
      </testsuite>
    </testsuite>
    <testsuite name="UnitFramework" tests="847" assertions="1229" errors="0" failures="0" skipped="0" time="5.519223">
      <testsuite name="Hyde\Framework\Testing\Unit\AssetServiceUnitTest" file="/home/runner/work/develop/develop/packages/framework/tests/Unit/AssetServiceUnitTest.php" tests="15" assertions="21" errors="0" failures="0" skipped="0" time="0.044710">
        <testcase name="testVersionStringConstant" file="/home/runner/work/develop/develop/packages/framework/tests/Unit/AssetServiceUnitTest.php" line="24" class="Hyde\Framework\Testing\Unit\AssetServiceUnitTest" classname="Hyde.Framework.Testing.Unit.AssetServiceUnitTest" assertions="1" time="0.004242"/>
        <testcase name="testServiceHasVersionString" file="/home/runner/work/develop/develop/packages/framework/tests/Unit/AssetServiceUnitTest.php" line="29" class="Hyde\Framework\Testing\Unit\AssetServiceUnitTest" classname="Hyde.Framework.Testing.Unit.AssetServiceUnitTest" assertions="1" time="0.002984"/>
        <testcase name="testVersionStringDefaultsToConstant" file="/home/runner/work/develop/develop/packages/framework/tests/Unit/AssetServiceUnitTest.php" line="34" class="Hyde\Framework\Testing\Unit\AssetServiceUnitTest" classname="Hyde.Framework.Testing.Unit.AssetServiceUnitTest" assertions="1" time="0.002921"/>
        <testcase name="testVersionCanBeSetInConfig" file="/home/runner/work/develop/develop/packages/framework/tests/Unit/AssetServiceUnitTest.php" line="39" class="Hyde\Framework\Testing\Unit\AssetServiceUnitTest" classname="Hyde.Framework.Testing.Unit.AssetServiceUnitTest" assertions="1" time="0.002703"/>
        <testcase name="testCdnPatternConstant" file="/home/runner/work/develop/develop/packages/framework/tests/Unit/AssetServiceUnitTest.php" line="45" class="Hyde\Framework\Testing\Unit\AssetServiceUnitTest" classname="Hyde.Framework.Testing.Unit.AssetServiceUnitTest" assertions="1" time="0.002667"/>
        <testcase name="testCanSetCustomCdnUrlInConfig" file="/home/runner/work/develop/develop/packages/framework/tests/Unit/AssetServiceUnitTest.php" line="50" class="Hyde\Framework\Testing\Unit\AssetServiceUnitTest" classname="Hyde.Framework.Testing.Unit.AssetServiceUnitTest" assertions="1" time="0.002718"/>
        <testcase name="testCanUseCustomCdnUrlWithVersion" file="/home/runner/work/develop/develop/packages/framework/tests/Unit/AssetServiceUnitTest.php" line="56" class="Hyde\Framework\Testing\Unit\AssetServiceUnitTest" classname="Hyde.Framework.Testing.Unit.AssetServiceUnitTest" assertions="1" time="0.002719"/>
        <testcase name="testCanUseCustomCdnUrlWithFile" file="/home/runner/work/develop/develop/packages/framework/tests/Unit/AssetServiceUnitTest.php" line="62" class="Hyde\Framework\Testing\Unit\AssetServiceUnitTest" classname="Hyde.Framework.Testing.Unit.AssetServiceUnitTest" assertions="1" time="0.002696"/>
        <testcase name="testCanUseCustomCdnUrlWithVersionAndFile" file="/home/runner/work/develop/develop/packages/framework/tests/Unit/AssetServiceUnitTest.php" line="68" class="Hyde\Framework\Testing\Unit\AssetServiceUnitTest" classname="Hyde.Framework.Testing.Unit.AssetServiceUnitTest" assertions="1" time="0.002703"/>
        <testcase name="testCanUseCustomCdnUrlWithCustomVersion" file="/home/runner/work/develop/develop/packages/framework/tests/Unit/AssetServiceUnitTest.php" line="74" class="Hyde\Framework\Testing\Unit\AssetServiceUnitTest" classname="Hyde.Framework.Testing.Unit.AssetServiceUnitTest" assertions="1" time="0.002640"/>
        <testcase name="testCdnLinkHelper" file="/home/runner/work/develop/develop/packages/framework/tests/Unit/AssetServiceUnitTest.php" line="83" class="Hyde\Framework\Testing\Unit\AssetServiceUnitTest" classname="Hyde.Framework.Testing.Unit.AssetServiceUnitTest" assertions="1" time="0.002565"/>
        <testcase name="testHasMediaFileHelper" file="/home/runner/work/develop/develop/packages/framework/tests/Unit/AssetServiceUnitTest.php" line="91" class="Hyde\Framework\Testing\Unit\AssetServiceUnitTest" classname="Hyde.Framework.Testing.Unit.AssetServiceUnitTest" assertions="1" time="0.002924"/>
        <testcase name="testHasMediaFileHelperReturnsTrueForExistingFile" file="/home/runner/work/develop/develop/packages/framework/tests/Unit/AssetServiceUnitTest.php" line="96" class="Hyde\Framework\Testing\Unit\AssetServiceUnitTest" classname="Hyde.Framework.Testing.Unit.AssetServiceUnitTest" assertions="1" time="0.002923"/>
        <testcase name="testInjectTailwindConfigReturnsExtractedTailwindConfig" file="/home/runner/work/develop/develop/packages/framework/tests/Unit/AssetServiceUnitTest.php" line="101" class="Hyde\Framework\Testing\Unit\AssetServiceUnitTest" classname="Hyde.Framework.Testing.Unit.AssetServiceUnitTest" assertions="6" time="0.003874"/>
        <testcase name="testInjectTailwindConfigHandlesMissingConfigFileGracefully" file="/home/runner/work/develop/develop/packages/framework/tests/Unit/AssetServiceUnitTest.php" line="112" class="Hyde\Framework\Testing\Unit\AssetServiceUnitTest" classname="Hyde.Framework.Testing.Unit.AssetServiceUnitTest" assertions="2" time="0.003432"/>
      </testsuite>
      <testsuite name="Hyde\Framework\Testing\Unit\BaseFoundationCollectionTest" file="/home/runner/work/develop/develop/packages/framework/tests/Unit/BaseFoundationCollectionTest.php" tests="4" assertions="8" errors="0" failures="0" skipped="0" time="0.013662">
        <testcase name="test_init" file="/home/runner/work/develop/develop/packages/framework/tests/Unit/BaseFoundationCollectionTest.php" line="18" class="Hyde\Framework\Testing\Unit\BaseFoundationCollectionTest" classname="Hyde.Framework.Testing.Unit.BaseFoundationCollectionTest" assertions="4" time="0.004692"/>
        <testcase name="test_exceptions_are_caught_and_rethrown_as_runtime_exceptions" file="/home/runner/work/develop/develop/packages/framework/tests/Unit/BaseFoundationCollectionTest.php" line="31" class="Hyde\Framework\Testing\Unit\BaseFoundationCollectionTest" classname="Hyde.Framework.Testing.Unit.BaseFoundationCollectionTest" assertions="1" time="0.003071"/>
        <testcase name="test_exceptions_are_caught_and_rethrown_with_helpful_information" file="/home/runner/work/develop/develop/packages/framework/tests/Unit/BaseFoundationCollectionTest.php" line="37" class="Hyde\Framework\Testing\Unit\BaseFoundationCollectionTest" classname="Hyde.Framework.Testing.Unit.BaseFoundationCollectionTest" assertions="1" time="0.002905"/>
        <testcase name="test_can_get_previous_exception" file="/home/runner/work/develop/develop/packages/framework/tests/Unit/BaseFoundationCollectionTest.php" line="43" class="Hyde\Framework\Testing\Unit\BaseFoundationCollectionTest" classname="Hyde.Framework.Testing.Unit.BaseFoundationCollectionTest" assertions="2" time="0.002994"/>
      </testsuite>
      <testsuite name="Hyde\Framework\Testing\Unit\BlogPostFrontMatterIsOptionalTest" file="/home/runner/work/develop/develop/packages/framework/tests/Unit/BlogPostFrontMatterIsOptionalTest.php" tests="2" assertions="2" errors="0" failures="0" skipped="0" time="0.050267">
        <testcase name="test_blog_post_can_be_created_without_front_matter" file="/home/runner/work/develop/develop/packages/framework/tests/Unit/BlogPostFrontMatterIsOptionalTest.php" line="16" class="Hyde\Framework\Testing\Unit\BlogPostFrontMatterIsOptionalTest" classname="Hyde.Framework.Testing.Unit.BlogPostFrontMatterIsOptionalTest" assertions="1" time="0.027525"/>
        <testcase name="test_blog_post_feed_can_be_rendered_when_post_has_no_front_matter" file="/home/runner/work/develop/develop/packages/framework/tests/Unit/BlogPostFrontMatterIsOptionalTest.php" line="28" class="Hyde\Framework\Testing\Unit\BlogPostFrontMatterIsOptionalTest" classname="Hyde.Framework.Testing.Unit.BlogPostFrontMatterIsOptionalTest" assertions="1" time="0.022742"/>
      </testsuite>
      <testsuite name="Hyde\Framework\Testing\Unit\BreadcrumbsComponentTest" file="/home/runner/work/develop/develop/packages/framework/tests/Unit/BreadcrumbsComponentTest.php" tests="13" assertions="13" errors="0" failures="0" skipped="0" time="0.109946">
        <testcase name="testCanConstruct" file="/home/runner/work/develop/develop/packages/framework/tests/Unit/BreadcrumbsComponentTest.php" line="36" class="Hyde\Framework\Testing\Unit\BreadcrumbsComponentTest" classname="Hyde.Framework.Testing.Unit.BreadcrumbsComponentTest" assertions="1" time="0.017973"/>
        <testcase name="testCanRender" file="/home/runner/work/develop/develop/packages/framework/tests/Unit/BreadcrumbsComponentTest.php" line="43" class="Hyde\Framework\Testing\Unit\BreadcrumbsComponentTest" classname="Hyde.Framework.Testing.Unit.BreadcrumbsComponentTest" assertions="1" time="0.024741"/>
        <testcase name="testCanGenerateBreadcrumbs" file="/home/runner/work/develop/develop/packages/framework/tests/Unit/BreadcrumbsComponentTest.php" line="58" class="Hyde\Framework\Testing\Unit\BreadcrumbsComponentTest" classname="Hyde.Framework.Testing.Unit.BreadcrumbsComponentTest" assertions="1" time="0.005883"/>
        <testcase name="testCanGenerateBreadcrumbsForIndexPage" file="/home/runner/work/develop/develop/packages/framework/tests/Unit/BreadcrumbsComponentTest.php" line="65" class="Hyde\Framework\Testing\Unit\BreadcrumbsComponentTest" classname="Hyde.Framework.Testing.Unit.BreadcrumbsComponentTest" assertions="1" time="0.005873"/>
        <testcase name="testCanGenerateBreadcrumbsForRootPage" file="/home/runner/work/develop/develop/packages/framework/tests/Unit/BreadcrumbsComponentTest.php" line="72" class="Hyde\Framework\Testing\Unit\BreadcrumbsComponentTest" classname="Hyde.Framework.Testing.Unit.BreadcrumbsComponentTest" assertions="1" time="0.006043"/>
        <testcase name="testCanGenerateBreadcrumbsForNestedPage" file="/home/runner/work/develop/develop/packages/framework/tests/Unit/BreadcrumbsComponentTest.php" line="79" class="Hyde\Framework\Testing\Unit\BreadcrumbsComponentTest" classname="Hyde.Framework.Testing.Unit.BreadcrumbsComponentTest" assertions="1" time="0.006198"/>
        <testcase name="testCanGenerateBreadcrumbsForVeryNestedPage" file="/home/runner/work/develop/develop/packages/framework/tests/Unit/BreadcrumbsComponentTest.php" line="86" class="Hyde\Framework\Testing\Unit\BreadcrumbsComponentTest" classname="Hyde.Framework.Testing.Unit.BreadcrumbsComponentTest" assertions="1" time="0.006626"/>
        <testcase name="testCanGenerateBreadcrumbsForNestedPageWithIndex" file="/home/runner/work/develop/develop/packages/framework/tests/Unit/BreadcrumbsComponentTest.php" line="100" class="Hyde\Framework\Testing\Unit\BreadcrumbsComponentTest" classname="Hyde.Framework.Testing.Unit.BreadcrumbsComponentTest" assertions="1" time="0.006301"/>
        <testcase name="testCanGenerateBreadcrumbsForIndexPageWithPrettyUrls" file="/home/runner/work/develop/develop/packages/framework/tests/Unit/BreadcrumbsComponentTest.php" line="107" class="Hyde\Framework\Testing\Unit\BreadcrumbsComponentTest" classname="Hyde.Framework.Testing.Unit.BreadcrumbsComponentTest" assertions="1" time="0.005901"/>
        <testcase name="testCanGenerateBreadcrumbsForNestedPageWithPrettyUrls" file="/home/runner/work/develop/develop/packages/framework/tests/Unit/BreadcrumbsComponentTest.php" line="115" class="Hyde\Framework\Testing\Unit\BreadcrumbsComponentTest" classname="Hyde.Framework.Testing.Unit.BreadcrumbsComponentTest" assertions="1" time="0.006257"/>
        <testcase name="testCanGenerateBreadcrumbsForNestedPageWithIndexWithPrettyUrls" file="/home/runner/work/develop/develop/packages/framework/tests/Unit/BreadcrumbsComponentTest.php" line="123" class="Hyde\Framework\Testing\Unit\BreadcrumbsComponentTest" classname="Hyde.Framework.Testing.Unit.BreadcrumbsComponentTest" assertions="1" time="0.006207"/>
        <testcase name="testTitleGenerationWithKebabCaseUrl" file="/home/runner/work/develop/develop/packages/framework/tests/Unit/BreadcrumbsComponentTest.php" line="131" class="Hyde\Framework\Testing\Unit\BreadcrumbsComponentTest" classname="Hyde.Framework.Testing.Unit.BreadcrumbsComponentTest" assertions="1" time="0.005977"/>
        <testcase name="testTitleGenerationWithSnakeCaseUrl" file="/home/runner/work/develop/develop/packages/framework/tests/Unit/BreadcrumbsComponentTest.php" line="138" class="Hyde\Framework\Testing\Unit\BreadcrumbsComponentTest" classname="Hyde.Framework.Testing.Unit.BreadcrumbsComponentTest" assertions="1" time="0.005964"/>
      </testsuite>
      <testsuite name="Hyde\Framework\Testing\Unit\BreadcrumbsComponentViewTest" file="/home/runner/work/develop/develop/packages/framework/tests/Unit/BreadcrumbsComponentViewTest.php" tests="6" assertions="17" errors="0" failures="0" skipped="0" time="0.100803">
        <testcase name="testRenderedBladeView" file="/home/runner/work/develop/develop/packages/framework/tests/Unit/BreadcrumbsComponentViewTest.php" line="22" class="Hyde\Framework\Testing\Unit\BreadcrumbsComponentViewTest" classname="Hyde.Framework.Testing.Unit.BreadcrumbsComponentViewTest" assertions="12" time="0.018846"/>
        <testcase name="testRenderedBladeViewOnIndexPage" file="/home/runner/work/develop/develop/packages/framework/tests/Unit/BreadcrumbsComponentViewTest.php" line="41" class="Hyde\Framework\Testing\Unit\BreadcrumbsComponentViewTest" classname="Hyde.Framework.Testing.Unit.BreadcrumbsComponentViewTest" assertions="1" time="0.015980"/>
        <testcase name="testRenderedBladeViewOnNestedPage" file="/home/runner/work/develop/develop/packages/framework/tests/Unit/BreadcrumbsComponentViewTest.php" line="48" class="Hyde\Framework\Testing\Unit\BreadcrumbsComponentViewTest" classname="Hyde.Framework.Testing.Unit.BreadcrumbsComponentViewTest" assertions="1" time="0.016329"/>
        <testcase name="testRenderedBladeViewOnDeeplyNestedPage" file="/home/runner/work/develop/develop/packages/framework/tests/Unit/BreadcrumbsComponentViewTest.php" line="71" class="Hyde\Framework\Testing\Unit\BreadcrumbsComponentViewTest" classname="Hyde.Framework.Testing.Unit.BreadcrumbsComponentViewTest" assertions="1" time="0.016667"/>
        <testcase name="testRenderedBladeViewOnNestedIndexPage" file="/home/runner/work/develop/develop/packages/framework/tests/Unit/BreadcrumbsComponentViewTest.php" line="98" class="Hyde\Framework\Testing\Unit\BreadcrumbsComponentViewTest" classname="Hyde.Framework.Testing.Unit.BreadcrumbsComponentViewTest" assertions="1" time="0.016498"/>
        <testcase name="testRenderedBladeViewWithAttributes" file="/home/runner/work/develop/develop/packages/framework/tests/Unit/BreadcrumbsComponentViewTest.php" line="117" class="Hyde\Framework\Testing\Unit\BreadcrumbsComponentViewTest" classname="Hyde.Framework.Testing.Unit.BreadcrumbsComponentViewTest" assertions="1" time="0.016484"/>
      </testsuite>
      <testsuite name="Hyde\Framework\Testing\Unit\BuildOutputDirectoryCanBeChangedTest" file="/home/runner/work/develop/develop/packages/framework/tests/Unit/BuildOutputDirectoryCanBeChangedTest.php" tests="5" assertions="9" errors="0" failures="0" skipped="0" time="0.143402">
        <testcase name="test_site_output_directory_can_be_changed_for_site_builds" file="/home/runner/work/develop/develop/packages/framework/tests/Unit/BuildOutputDirectoryCanBeChangedTest.php" line="19" class="Hyde\Framework\Testing\Unit\BuildOutputDirectoryCanBeChangedTest" classname="Hyde.Framework.Testing.Unit.BuildOutputDirectoryCanBeChangedTest" assertions="3" time="0.052954"/>
        <testcase name="test_site_output_directory_can_be_changed_in_static_page_builder" file="/home/runner/work/develop/develop/packages/framework/tests/Unit/BuildOutputDirectoryCanBeChangedTest.php" line="35" class="Hyde\Framework\Testing\Unit\BuildOutputDirectoryCanBeChangedTest" classname="Hyde.Framework.Testing.Unit.BuildOutputDirectoryCanBeChangedTest" assertions="1" time="0.027538"/>
        <testcase name="test_output_directory_is_created_if_it_does_not_exist_in_static_page_builder" file="/home/runner/work/develop/develop/packages/framework/tests/Unit/BuildOutputDirectoryCanBeChangedTest.php" line="48" class="Hyde\Framework\Testing\Unit\BuildOutputDirectoryCanBeChangedTest" classname="Hyde.Framework.Testing.Unit.BuildOutputDirectoryCanBeChangedTest" assertions="1" time="0.027784"/>
        <testcase name="test_site_output_directory_can_be_changed_in_configuration" file="/home/runner/work/develop/develop/packages/framework/tests/Unit/BuildOutputDirectoryCanBeChangedTest.php" line="59" class="Hyde\Framework\Testing\Unit\BuildOutputDirectoryCanBeChangedTest" classname="Hyde.Framework.Testing.Unit.BuildOutputDirectoryCanBeChangedTest" assertions="3" time="0.029461"/>
        <testcase name="test_site_output_directory_path_is_normalized_to_trim_trailing_slashes" file="/home/runner/work/develop/develop/packages/framework/tests/Unit/BuildOutputDirectoryCanBeChangedTest.php" line="75" class="Hyde\Framework\Testing\Unit\BuildOutputDirectoryCanBeChangedTest" classname="Hyde.Framework.Testing.Unit.BuildOutputDirectoryCanBeChangedTest" assertions="1" time="0.005664"/>
      </testsuite>
      <testsuite name="Hyde\Framework\Testing\Unit\BuildTaskServiceUnitTest" file="/home/runner/work/develop/develop/packages/framework/tests/Unit/BuildTaskServiceUnitTest.php" tests="36" assertions="36" errors="0" failures="0" skipped="0" time="0.161111">
        <testcase name="testConstruct" file="/home/runner/work/develop/develop/packages/framework/tests/Unit/BuildTaskServiceUnitTest.php" line="47" class="Hyde\Framework\Testing\Unit\BuildTaskServiceUnitTest" classname="Hyde.Framework.Testing.Unit.BuildTaskServiceUnitTest" assertions="1" time="0.007000"/>
        <testcase name="testGetTasks" file="/home/runner/work/develop/develop/packages/framework/tests/Unit/BuildTaskServiceUnitTest.php" line="52" class="Hyde\Framework\Testing\Unit\BuildTaskServiceUnitTest" classname="Hyde.Framework.Testing.Unit.BuildTaskServiceUnitTest" assertions="1" time="0.003780"/>
        <testcase name="testGetTasksWithTaskRegisteredInConfig" file="/home/runner/work/develop/develop/packages/framework/tests/Unit/BuildTaskServiceUnitTest.php" line="57" class="Hyde\Framework\Testing\Unit\BuildTaskServiceUnitTest" classname="Hyde.Framework.Testing.Unit.BuildTaskServiceUnitTest" assertions="1" time="0.004622"/>
        <testcase name="testRegisterTask" file="/home/runner/work/develop/develop/packages/framework/tests/Unit/BuildTaskServiceUnitTest.php" line="63" class="Hyde\Framework\Testing\Unit\BuildTaskServiceUnitTest" classname="Hyde.Framework.Testing.Unit.BuildTaskServiceUnitTest" assertions="1" time="0.003720"/>
        <testcase name="testRegisterPreBuildTask" file="/home/runner/work/develop/develop/packages/framework/tests/Unit/BuildTaskServiceUnitTest.php" line="69" class="Hyde\Framework\Testing\Unit\BuildTaskServiceUnitTest" classname="Hyde.Framework.Testing.Unit.BuildTaskServiceUnitTest" assertions="1" time="0.003416"/>
        <testcase name="testRegisterPostBuildTask" file="/home/runner/work/develop/develop/packages/framework/tests/Unit/BuildTaskServiceUnitTest.php" line="75" class="Hyde\Framework\Testing\Unit\BuildTaskServiceUnitTest" classname="Hyde.Framework.Testing.Unit.BuildTaskServiceUnitTest" assertions="1" time="0.003499"/>
        <testcase name="testRegisterInstantiatedTask" file="/home/runner/work/develop/develop/packages/framework/tests/Unit/BuildTaskServiceUnitTest.php" line="81" class="Hyde\Framework\Testing\Unit\BuildTaskServiceUnitTest" classname="Hyde.Framework.Testing.Unit.BuildTaskServiceUnitTest" assertions="1" time="0.003602"/>
        <testcase name="testRegisterInstantiatedPreBuildTask" file="/home/runner/work/develop/develop/packages/framework/tests/Unit/BuildTaskServiceUnitTest.php" line="87" class="Hyde\Framework\Testing\Unit\BuildTaskServiceUnitTest" classname="Hyde.Framework.Testing.Unit.BuildTaskServiceUnitTest" assertions="1" time="0.003560"/>
        <testcase name="testRegisterInstantiatedPostBuildTask" file="/home/runner/work/develop/develop/packages/framework/tests/Unit/BuildTaskServiceUnitTest.php" line="93" class="Hyde\Framework\Testing\Unit\BuildTaskServiceUnitTest" classname="Hyde.Framework.Testing.Unit.BuildTaskServiceUnitTest" assertions="1" time="0.003582"/>
        <testcase name="testRegisterTaskWithInvalidClassTypeThrowsException" file="/home/runner/work/develop/develop/packages/framework/tests/Unit/BuildTaskServiceUnitTest.php" line="99" class="Hyde\Framework\Testing\Unit\BuildTaskServiceUnitTest" classname="Hyde.Framework.Testing.Unit.BuildTaskServiceUnitTest" assertions="1" time="0.003877"/>
        <testcase name="testRegisterTaskWithoutChildExtensionThrowsException" file="/home/runner/work/develop/develop/packages/framework/tests/Unit/BuildTaskServiceUnitTest.php" line="105" class="Hyde\Framework\Testing\Unit\BuildTaskServiceUnitTest" classname="Hyde.Framework.Testing.Unit.BuildTaskServiceUnitTest" assertions="1" time="0.003489"/>
        <testcase name="testRegisterTaskWithBaseClassThrowsException" file="/home/runner/work/develop/develop/packages/framework/tests/Unit/BuildTaskServiceUnitTest.php" line="111" class="Hyde\Framework\Testing\Unit\BuildTaskServiceUnitTest" classname="Hyde.Framework.Testing.Unit.BuildTaskServiceUnitTest" assertions="1" time="0.003715"/>
        <testcase name="testRegisterTaskWithAlreadyRegisteredTask" file="/home/runner/work/develop/develop/packages/framework/tests/Unit/BuildTaskServiceUnitTest.php" line="117" class="Hyde\Framework\Testing\Unit\BuildTaskServiceUnitTest" classname="Hyde.Framework.Testing.Unit.BuildTaskServiceUnitTest" assertions="1" time="0.003594"/>
        <testcase name="testRegisterTaskWithTaskAlreadyRegisteredInConfig" file="/home/runner/work/develop/develop/packages/framework/tests/Unit/BuildTaskServiceUnitTest.php" line="125" class="Hyde\Framework\Testing\Unit\BuildTaskServiceUnitTest" classname="Hyde.Framework.Testing.Unit.BuildTaskServiceUnitTest" assertions="1" time="0.004416"/>
        <testcase name="testCanRegisterFrameworkTasks" file="/home/runner/work/develop/develop/packages/framework/tests/Unit/BuildTaskServiceUnitTest.php" line="134" class="Hyde\Framework\Testing\Unit\BuildTaskServiceUnitTest" classname="Hyde.Framework.Testing.Unit.BuildTaskServiceUnitTest" assertions="1" time="0.003409"/>
        <testcase name="testCanOverloadFrameworkTasks" file="/home/runner/work/develop/develop/packages/framework/tests/Unit/BuildTaskServiceUnitTest.php" line="140" class="Hyde\Framework\Testing\Unit\BuildTaskServiceUnitTest" classname="Hyde.Framework.Testing.Unit.BuildTaskServiceUnitTest" assertions="1" time="0.003408"/>
        <testcase name="testSetOutputWithNull" file="/home/runner/work/develop/develop/packages/framework/tests/Unit/BuildTaskServiceUnitTest.php" line="148" class="Hyde\Framework\Testing\Unit\BuildTaskServiceUnitTest" classname="Hyde.Framework.Testing.Unit.BuildTaskServiceUnitTest" assertions="1" time="0.004013"/>
        <testcase name="testSetOutputWithOutputStyle" file="/home/runner/work/develop/develop/packages/framework/tests/Unit/BuildTaskServiceUnitTest.php" line="154" class="Hyde\Framework\Testing\Unit\BuildTaskServiceUnitTest" classname="Hyde.Framework.Testing.Unit.BuildTaskServiceUnitTest" assertions="1" time="0.004242"/>
        <testcase name="testGenerateBuildManifestExtendsPostBuildTask" file="/home/runner/work/develop/develop/packages/framework/tests/Unit/BuildTaskServiceUnitTest.php" line="160" class="Hyde\Framework\Testing\Unit\BuildTaskServiceUnitTest" classname="Hyde.Framework.Testing.Unit.BuildTaskServiceUnitTest" assertions="1" time="0.003771"/>
        <testcase name="testGenerateRssFeedExtendsPostBuildTask" file="/home/runner/work/develop/develop/packages/framework/tests/Unit/BuildTaskServiceUnitTest.php" line="165" class="Hyde\Framework\Testing\Unit\BuildTaskServiceUnitTest" classname="Hyde.Framework.Testing.Unit.BuildTaskServiceUnitTest" assertions="1" time="0.003717"/>
        <testcase name="testGenerateSearchExtendsPostBuildTask" file="/home/runner/work/develop/develop/packages/framework/tests/Unit/BuildTaskServiceUnitTest.php" line="170" class="Hyde\Framework\Testing\Unit\BuildTaskServiceUnitTest" classname="Hyde.Framework.Testing.Unit.BuildTaskServiceUnitTest" assertions="1" time="0.004033"/>
        <testcase name="testGenerateSitemapExtendsPostBuildTask" file="/home/runner/work/develop/develop/packages/framework/tests/Unit/BuildTaskServiceUnitTest.php" line="175" class="Hyde\Framework\Testing\Unit\BuildTaskServiceUnitTest" classname="Hyde.Framework.Testing.Unit.BuildTaskServiceUnitTest" assertions="1" time="0.004122"/>
        <testcase name="testRunPreBuildTasks" file="/home/runner/work/develop/develop/packages/framework/tests/Unit/BuildTaskServiceUnitTest.php" line="180" class="Hyde\Framework\Testing\Unit\BuildTaskServiceUnitTest" classname="Hyde.Framework.Testing.Unit.BuildTaskServiceUnitTest" assertions="1" time="0.003762"/>
        <testcase name="testRunPostBuildTasks" file="/home/runner/work/develop/develop/packages/framework/tests/Unit/BuildTaskServiceUnitTest.php" line="186" class="Hyde\Framework\Testing\Unit\BuildTaskServiceUnitTest" classname="Hyde.Framework.Testing.Unit.BuildTaskServiceUnitTest" assertions="1" time="0.003699"/>
        <testcase name="testRunPreBuildTasksWithTasks" file="/home/runner/work/develop/develop/packages/framework/tests/Unit/BuildTaskServiceUnitTest.php" line="192" class="Hyde\Framework\Testing\Unit\BuildTaskServiceUnitTest" classname="Hyde.Framework.Testing.Unit.BuildTaskServiceUnitTest" assertions="1" time="0.003940"/>
        <testcase name="testRunPostBuildTasksWithTasks" file="/home/runner/work/develop/develop/packages/framework/tests/Unit/BuildTaskServiceUnitTest.php" line="199" class="Hyde\Framework\Testing\Unit\BuildTaskServiceUnitTest" classname="Hyde.Framework.Testing.Unit.BuildTaskServiceUnitTest" assertions="1" time="0.003857"/>
        <testcase name="testRunPreBuildTasksCallsHandleMethods" file="/home/runner/work/develop/develop/packages/framework/tests/Unit/BuildTaskServiceUnitTest.php" line="206" class="Hyde\Framework\Testing\Unit\BuildTaskServiceUnitTest" classname="Hyde.Framework.Testing.Unit.BuildTaskServiceUnitTest" assertions="1" time="0.011119"/>
        <testcase name="testRunPostBuildTasksCallsHandleMethods" file="/home/runner/work/develop/develop/packages/framework/tests/Unit/BuildTaskServiceUnitTest.php" line="214" class="Hyde\Framework\Testing\Unit\BuildTaskServiceUnitTest" classname="Hyde.Framework.Testing.Unit.BuildTaskServiceUnitTest" assertions="1" time="0.010802"/>
        <testcase name="testRunPreBuildTasksCallsRunMethods" file="/home/runner/work/develop/develop/packages/framework/tests/Unit/BuildTaskServiceUnitTest.php" line="222" class="Hyde\Framework\Testing\Unit\BuildTaskServiceUnitTest" classname="Hyde.Framework.Testing.Unit.BuildTaskServiceUnitTest" assertions="1" time="0.004045"/>
        <testcase name="testRunPostBuildTasksCallsRunMethods" file="/home/runner/work/develop/develop/packages/framework/tests/Unit/BuildTaskServiceUnitTest.php" line="230" class="Hyde\Framework\Testing\Unit\BuildTaskServiceUnitTest" classname="Hyde.Framework.Testing.Unit.BuildTaskServiceUnitTest" assertions="1" time="0.004000"/>
        <testcase name="testRunPreBuildTasksCallsRunMethodsWithNullWhenServiceHasNoOutput" file="/home/runner/work/develop/develop/packages/framework/tests/Unit/BuildTaskServiceUnitTest.php" line="238" class="Hyde\Framework\Testing\Unit\BuildTaskServiceUnitTest" classname="Hyde.Framework.Testing.Unit.BuildTaskServiceUnitTest" assertions="1" time="0.003959"/>
        <testcase name="testRunPostBuildTasksCallsRunMethodsWithNullWhenServiceHasNoOutput" file="/home/runner/work/develop/develop/packages/framework/tests/Unit/BuildTaskServiceUnitTest.php" line="246" class="Hyde\Framework\Testing\Unit\BuildTaskServiceUnitTest" classname="Hyde.Framework.Testing.Unit.BuildTaskServiceUnitTest" assertions="1" time="0.003898"/>
        <testcase name="testRunPreBuildTasksCallsRunMethodsWithOutputWhenServiceHasOutput" file="/home/runner/work/develop/develop/packages/framework/tests/Unit/BuildTaskServiceUnitTest.php" line="254" class="Hyde\Framework\Testing\Unit\BuildTaskServiceUnitTest" classname="Hyde.Framework.Testing.Unit.BuildTaskServiceUnitTest" assertions="1" time="0.003969"/>
        <testcase name="testRunPostBuildTasksCallsRunMethodsWithOutputWhenServiceHasOutput" file="/home/runner/work/develop/develop/packages/framework/tests/Unit/BuildTaskServiceUnitTest.php" line="264" class="Hyde\Framework\Testing\Unit\BuildTaskServiceUnitTest" classname="Hyde.Framework.Testing.Unit.BuildTaskServiceUnitTest" assertions="1" time="0.004031"/>
        <testcase name="testServiceSearchesForTasksInAppDirectory" file="/home/runner/work/develop/develop/packages/framework/tests/Unit/BuildTaskServiceUnitTest.php" line="274" class="Hyde\Framework\Testing\Unit\BuildTaskServiceUnitTest" classname="Hyde.Framework.Testing.Unit.BuildTaskServiceUnitTest" assertions="1" time="0.007471"/>
        <testcase name="testServiceFindsTasksInAppDirectory" file="/home/runner/work/develop/develop/packages/framework/tests/Unit/BuildTaskServiceUnitTest.php" line="290" class="Hyde\Framework\Testing\Unit\BuildTaskServiceUnitTest" classname="Hyde.Framework.Testing.Unit.BuildTaskServiceUnitTest" assertions="1" time="0.005970"/>
      </testsuite>
      <testsuite name="Hyde\Framework\Testing\Unit\BuildWarningsTest" file="/home/runner/work/develop/develop/packages/framework/tests/Unit/BuildWarningsTest.php" tests="18" assertions="21" errors="0" failures="0" skipped="0" time="0.063658">
        <testcase name="testGetInstance" file="/home/runner/work/develop/develop/packages/framework/tests/Unit/BuildWarningsTest.php" line="28" class="Hyde\Framework\Testing\Unit\BuildWarningsTest" classname="Hyde.Framework.Testing.Unit.BuildWarningsTest" assertions="1" time="0.004864"/>
        <testcase name="testGetInstanceReturnsSingleton" file="/home/runner/work/develop/develop/packages/framework/tests/Unit/BuildWarningsTest.php" line="33" class="Hyde\Framework\Testing\Unit\BuildWarningsTest" classname="Hyde.Framework.Testing.Unit.BuildWarningsTest" assertions="1" time="0.003321"/>
        <testcase name="testHasWarnings" file="/home/runner/work/develop/develop/packages/framework/tests/Unit/BuildWarningsTest.php" line="38" class="Hyde\Framework\Testing\Unit\BuildWarningsTest" classname="Hyde.Framework.Testing.Unit.BuildWarningsTest" assertions="1" time="0.002973"/>
        <testcase name="testHasWarningWithWarnings" file="/home/runner/work/develop/develop/packages/framework/tests/Unit/BuildWarningsTest.php" line="43" class="Hyde\Framework\Testing\Unit\BuildWarningsTest" classname="Hyde.Framework.Testing.Unit.BuildWarningsTest" assertions="1" time="0.003167"/>
        <testcase name="testGetWarnings" file="/home/runner/work/develop/develop/packages/framework/tests/Unit/BuildWarningsTest.php" line="50" class="Hyde\Framework\Testing\Unit\BuildWarningsTest" classname="Hyde.Framework.Testing.Unit.BuildWarningsTest" assertions="1" time="0.003169"/>
        <testcase name="testGetWarningsWithWarnings" file="/home/runner/work/develop/develop/packages/framework/tests/Unit/BuildWarningsTest.php" line="55" class="Hyde\Framework\Testing\Unit\BuildWarningsTest" classname="Hyde.Framework.Testing.Unit.BuildWarningsTest" assertions="1" time="0.003409"/>
        <testcase name="testReport" file="/home/runner/work/develop/develop/packages/framework/tests/Unit/BuildWarningsTest.php" line="62" class="Hyde\Framework\Testing\Unit\BuildWarningsTest" classname="Hyde.Framework.Testing.Unit.BuildWarningsTest" assertions="2" time="0.003471"/>
        <testcase name="testReportWithBuildWarningObject" file="/home/runner/work/develop/develop/packages/framework/tests/Unit/BuildWarningsTest.php" line="70" class="Hyde\Framework\Testing\Unit\BuildWarningsTest" classname="Hyde.Framework.Testing.Unit.BuildWarningsTest" assertions="2" time="0.003334"/>
        <testcase name="testReportsWarningsDefaultsToTrue" file="/home/runner/work/develop/develop/packages/framework/tests/Unit/BuildWarningsTest.php" line="78" class="Hyde\Framework\Testing\Unit\BuildWarningsTest" classname="Hyde.Framework.Testing.Unit.BuildWarningsTest" assertions="1" time="0.003334"/>
        <testcase name="testReportsWarningsReturnsTrueWhenTrue" file="/home/runner/work/develop/develop/packages/framework/tests/Unit/BuildWarningsTest.php" line="84" class="Hyde\Framework\Testing\Unit\BuildWarningsTest" classname="Hyde.Framework.Testing.Unit.BuildWarningsTest" assertions="1" time="0.003241"/>
        <testcase name="testReportsWarningsReturnsFalseWhenFalse" file="/home/runner/work/develop/develop/packages/framework/tests/Unit/BuildWarningsTest.php" line="90" class="Hyde\Framework\Testing\Unit\BuildWarningsTest" classname="Hyde.Framework.Testing.Unit.BuildWarningsTest" assertions="1" time="0.003218"/>
        <testcase name="testReportsWarningsAsExceptionsDefaultsToFalse" file="/home/runner/work/develop/develop/packages/framework/tests/Unit/BuildWarningsTest.php" line="96" class="Hyde\Framework\Testing\Unit\BuildWarningsTest" classname="Hyde.Framework.Testing.Unit.BuildWarningsTest" assertions="1" time="0.003293"/>
        <testcase name="testReportsWarningsAsExceptionsReturnsTrueWhenTrue" file="/home/runner/work/develop/develop/packages/framework/tests/Unit/BuildWarningsTest.php" line="102" class="Hyde\Framework\Testing\Unit\BuildWarningsTest" classname="Hyde.Framework.Testing.Unit.BuildWarningsTest" assertions="1" time="0.003254"/>
        <testcase name="testReportsWarningsAsExceptionsReturnsFalseWhenFalse" file="/home/runner/work/develop/develop/packages/framework/tests/Unit/BuildWarningsTest.php" line="108" class="Hyde\Framework\Testing\Unit\BuildWarningsTest" classname="Hyde.Framework.Testing.Unit.BuildWarningsTest" assertions="1" time="0.003095"/>
        <testcase name="testWriteWarningsToOutput" file="/home/runner/work/develop/develop/packages/framework/tests/Unit/BuildWarningsTest.php" line="114" class="Hyde\Framework\Testing\Unit\BuildWarningsTest" classname="Hyde.Framework.Testing.Unit.BuildWarningsTest" assertions="1" time="0.003494"/>
        <testcase name="testWriteWarningsToOutputWithVerboseOutput" file="/home/runner/work/develop/develop/packages/framework/tests/Unit/BuildWarningsTest.php" line="126" class="Hyde\Framework\Testing\Unit\BuildWarningsTest" classname="Hyde.Framework.Testing.Unit.BuildWarningsTest" assertions="2" time="0.003818"/>
        <testcase name="testWriteWarningsToOutputWithConvertingBuildWarningsToExceptions" file="/home/runner/work/develop/develop/packages/framework/tests/Unit/BuildWarningsTest.php" line="143" class="Hyde\Framework\Testing\Unit\BuildWarningsTest" classname="Hyde.Framework.Testing.Unit.BuildWarningsTest" assertions="1" time="0.006251"/>
        <testcase name="testCanConstructBuildWarning" file="/home/runner/work/develop/develop/packages/framework/tests/Unit/BuildWarningsTest.php" line="165" class="Hyde\Framework\Testing\Unit\BuildWarningsTest" classname="Hyde.Framework.Testing.Unit.BuildWarningsTest" assertions="1" time="0.002951"/>
      </testsuite>
      <testsuite name="Hyde\Framework\Testing\Unit\ConfigFileTest" file="/home/runner/work/develop/develop/packages/framework/tests/Unit/ConfigFileTest.php" tests="8" assertions="8" errors="0" failures="0" skipped="0" time="0.027852">
        <testcase name="test_default_output_directory_value_matches_declared_value" file="/home/runner/work/develop/develop/packages/framework/tests/Unit/ConfigFileTest.php" line="26" class="Hyde\Framework\Testing\Unit\ConfigFileTest" classname="Hyde.Framework.Testing.Unit.ConfigFileTest" assertions="1" time="0.005990"/>
        <testcase name="test_default_media_directory_value_matches_declared_value" file="/home/runner/work/develop/develop/packages/framework/tests/Unit/ConfigFileTest.php" line="31" class="Hyde\Framework\Testing\Unit\ConfigFileTest" classname="Hyde.Framework.Testing.Unit.ConfigFileTest" assertions="1" time="0.003074"/>
        <testcase name="test_default_source_root_value_matches_declared_value" file="/home/runner/work/develop/develop/packages/framework/tests/Unit/ConfigFileTest.php" line="36" class="Hyde\Framework\Testing\Unit\ConfigFileTest" classname="Hyde.Framework.Testing.Unit.ConfigFileTest" assertions="1" time="0.002914"/>
        <testcase name="test_default_source_directories_values_match_declared_values" file="/home/runner/work/develop/develop/packages/framework/tests/Unit/ConfigFileTest.php" line="41" class="Hyde\Framework\Testing\Unit\ConfigFileTest" classname="Hyde.Framework.Testing.Unit.ConfigFileTest" assertions="1" time="0.002903"/>
        <testcase name="test_default_source_directories_values_cover_all_core_extension_classes" file="/home/runner/work/develop/develop/packages/framework/tests/Unit/ConfigFileTest.php" line="52" class="Hyde\Framework\Testing\Unit\ConfigFileTest" classname="Hyde.Framework.Testing.Unit.ConfigFileTest" assertions="1" time="0.003567"/>
        <testcase name="test_default_output_directories_values_match_declared_values" file="/home/runner/work/develop/develop/packages/framework/tests/Unit/ConfigFileTest.php" line="60" class="Hyde\Framework\Testing\Unit\ConfigFileTest" classname="Hyde.Framework.Testing.Unit.ConfigFileTest" assertions="1" time="0.002848"/>
        <testcase name="test_default_output_directories_values_cover_all_core_extension_classes" file="/home/runner/work/develop/develop/packages/framework/tests/Unit/ConfigFileTest.php" line="71" class="Hyde\Framework\Testing\Unit\ConfigFileTest" classname="Hyde.Framework.Testing.Unit.ConfigFileTest" assertions="1" time="0.003574"/>
        <testcase name="test_default_features_array_matches_default_features" file="/home/runner/work/develop/develop/packages/framework/tests/Unit/ConfigFileTest.php" line="79" class="Hyde\Framework\Testing\Unit\ConfigFileTest" classname="Hyde.Framework.Testing.Unit.ConfigFileTest" assertions="1" time="0.002982"/>
      </testsuite>
      <testsuite name="Hyde\Framework\Testing\Unit\ConsoleServiceProviderUnitTest" file="/home/runner/work/develop/develop/packages/framework/tests/Unit/ConsoleServiceProviderUnitTest.php" tests="2" assertions="2" errors="0" failures="0" skipped="0" time="0.006351">
        <testcase name="testProviderRegistersLogo" file="/home/runner/work/develop/develop/packages/framework/tests/Unit/ConsoleServiceProviderUnitTest.php" line="15" class="Hyde\Framework\Testing\Unit\ConsoleServiceProviderUnitTest" classname="Hyde.Framework.Testing.Unit.ConsoleServiceProviderUnitTest" assertions="1" time="0.003784"/>
        <testcase name="testProviderRegistersNoAnsiLogo" file="/home/runner/work/develop/develop/packages/framework/tests/Unit/ConsoleServiceProviderUnitTest.php" line="29" class="Hyde\Framework\Testing\Unit\ConsoleServiceProviderUnitTest" classname="Hyde.Framework.Testing.Unit.ConsoleServiceProviderUnitTest" assertions="1" time="0.002567"/>
      </testsuite>
      <testsuite name="Hyde\Framework\Testing\Unit\CoreDataObjectTest" file="/home/runner/work/develop/develop/packages/framework/tests/Unit/CoreDataObjectTest.php" tests="3" assertions="3" errors="0" failures="0" skipped="0" time="0.015294">
        <testcase name="testCoreDataObjectWithHydePage" file="/home/runner/work/develop/develop/packages/framework/tests/Unit/CoreDataObjectTest.php" line="20" class="Hyde\Framework\Testing\Unit\CoreDataObjectTest" classname="Hyde.Framework.Testing.Unit.CoreDataObjectTest" assertions="1" time="0.006017"/>
        <testcase name="testCoreDataObjectWithDynamicPage" file="/home/runner/work/develop/develop/packages/framework/tests/Unit/CoreDataObjectTest.php" line="27" class="Hyde\Framework\Testing\Unit\CoreDataObjectTest" classname="Hyde.Framework.Testing.Unit.CoreDataObjectTest" assertions="1" time="0.004511"/>
        <testcase name="testToArray" file="/home/runner/work/develop/develop/packages/framework/tests/Unit/CoreDataObjectTest.php" line="34" class="Hyde\Framework\Testing\Unit\CoreDataObjectTest" classname="Hyde.Framework.Testing.Unit.CoreDataObjectTest" assertions="1" time="0.004765"/>
      </testsuite>
      <testsuite name="Hyde\Framework\Testing\Unit\CreatesNewMarkdownPostFileTest" file="/home/runner/work/develop/develop/packages/framework/tests/Unit/CreatesNewMarkdownPostFileTest.php" tests="5" assertions="9" errors="0" failures="0" skipped="0" time="0.043135">
        <testcase name="testWithDefaultData" file="/home/runner/work/develop/develop/packages/framework/tests/Unit/CreatesNewMarkdownPostFileTest.php" line="26" class="Hyde\Framework\Testing\Unit\CreatesNewMarkdownPostFileTest" classname="Hyde.Framework.Testing.Unit.CreatesNewMarkdownPostFileTest" assertions="5" time="0.007301"/>
        <testcase name="testWithCustomData" file="/home/runner/work/develop/develop/packages/framework/tests/Unit/CreatesNewMarkdownPostFileTest.php" line="39" class="Hyde\Framework\Testing\Unit\CreatesNewMarkdownPostFileTest" classname="Hyde.Framework.Testing.Unit.CreatesNewMarkdownPostFileTest" assertions="1" time="0.006944"/>
        <testcase name="testSave" file="/home/runner/work/develop/develop/packages/framework/tests/Unit/CreatesNewMarkdownPostFileTest.php" line="52" class="Hyde\Framework\Testing\Unit\CreatesNewMarkdownPostFileTest" classname="Hyde.Framework.Testing.Unit.CreatesNewMarkdownPostFileTest" assertions="1" time="0.011029"/>
        <testcase name="testSaveWithCustomContent" file="/home/runner/work/develop/develop/packages/framework/tests/Unit/CreatesNewMarkdownPostFileTest.php" line="75" class="Hyde\Framework\Testing\Unit\CreatesNewMarkdownPostFileTest" classname="Hyde.Framework.Testing.Unit.CreatesNewMarkdownPostFileTest" assertions="1" time="0.010681"/>
        <testcase name="testCustomDateNormalisation" file="/home/runner/work/develop/develop/packages/framework/tests/Unit/CreatesNewMarkdownPostFileTest.php" line="98" class="Hyde\Framework\Testing\Unit\CreatesNewMarkdownPostFileTest" classname="Hyde.Framework.Testing.Unit.CreatesNewMarkdownPostFileTest" assertions="1" time="0.007180"/>
      </testsuite>
      <testsuite name="Hyde\Framework\Testing\Unit\CustomExceptionsTest" file="/home/runner/work/develop/develop/packages/framework/tests/Unit/CustomExceptionsTest.php" tests="17" assertions="17" errors="0" failures="0" skipped="0" time="0.055845">
        <testcase name="testFileConflictExceptionWithDefaultMessage" file="/home/runner/work/develop/develop/packages/framework/tests/Unit/CustomExceptionsTest.php" line="29" class="Hyde\Framework\Testing\Unit\CustomExceptionsTest" classname="Hyde.Framework.Testing.Unit.CustomExceptionsTest" assertions="1" time="0.006965"/>
        <testcase name="testFileConflictExceptionWithPath" file="/home/runner/work/develop/develop/packages/framework/tests/Unit/CustomExceptionsTest.php" line="34" class="Hyde\Framework\Testing\Unit\CustomExceptionsTest" classname="Hyde.Framework.Testing.Unit.CustomExceptionsTest" assertions="1" time="0.003512"/>
        <testcase name="testFileConflictExceptionWithAbsolutePath" file="/home/runner/work/develop/develop/packages/framework/tests/Unit/CustomExceptionsTest.php" line="39" class="Hyde\Framework\Testing\Unit\CustomExceptionsTest" classname="Hyde.Framework.Testing.Unit.CustomExceptionsTest" assertions="1" time="0.003447"/>
        <testcase name="testFileNotFoundExceptionWithDefaultMessage" file="/home/runner/work/develop/develop/packages/framework/tests/Unit/CustomExceptionsTest.php" line="44" class="Hyde\Framework\Testing\Unit\CustomExceptionsTest" classname="Hyde.Framework.Testing.Unit.CustomExceptionsTest" assertions="1" time="0.003072"/>
        <testcase name="testFileNotFoundExceptionWithPath" file="/home/runner/work/develop/develop/packages/framework/tests/Unit/CustomExceptionsTest.php" line="49" class="Hyde\Framework\Testing\Unit\CustomExceptionsTest" classname="Hyde.Framework.Testing.Unit.CustomExceptionsTest" assertions="1" time="0.003320"/>
        <testcase name="testFileNotFoundExceptionWithAbsolutePath" file="/home/runner/work/develop/develop/packages/framework/tests/Unit/CustomExceptionsTest.php" line="54" class="Hyde\Framework\Testing\Unit\CustomExceptionsTest" classname="Hyde.Framework.Testing.Unit.CustomExceptionsTest" assertions="1" time="0.003370"/>
        <testcase name="testFileNotFoundExceptionWithCustomPath" file="/home/runner/work/develop/develop/packages/framework/tests/Unit/CustomExceptionsTest.php" line="59" class="Hyde\Framework\Testing\Unit\CustomExceptionsTest" classname="Hyde.Framework.Testing.Unit.CustomExceptionsTest" assertions="1" time="0.003033"/>
        <testcase name="testRouteNotFoundExceptionWithDefaultMessage" file="/home/runner/work/develop/develop/packages/framework/tests/Unit/CustomExceptionsTest.php" line="64" class="Hyde\Framework\Testing\Unit\CustomExceptionsTest" classname="Hyde.Framework.Testing.Unit.CustomExceptionsTest" assertions="1" time="0.003010"/>
        <testcase name="testRouteNotFoundExceptionWithRouteKey" file="/home/runner/work/develop/develop/packages/framework/tests/Unit/CustomExceptionsTest.php" line="69" class="Hyde\Framework\Testing\Unit\CustomExceptionsTest" classname="Hyde.Framework.Testing.Unit.CustomExceptionsTest" assertions="1" time="0.002975"/>
        <testcase name="testUnsupportedPageTypeExceptionWithDefaultMessage" file="/home/runner/work/develop/develop/packages/framework/tests/Unit/CustomExceptionsTest.php" line="74" class="Hyde\Framework\Testing\Unit\CustomExceptionsTest" classname="Hyde.Framework.Testing.Unit.CustomExceptionsTest" assertions="1" time="0.002960"/>
        <testcase name="testUnsupportedPageTypeExceptionWithPage" file="/home/runner/work/develop/develop/packages/framework/tests/Unit/CustomExceptionsTest.php" line="79" class="Hyde\Framework\Testing\Unit\CustomExceptionsTest" classname="Hyde.Framework.Testing.Unit.CustomExceptionsTest" assertions="1" time="0.002954"/>
        <testcase name="testBaseUrlNotSetException" file="/home/runner/work/develop/develop/packages/framework/tests/Unit/CustomExceptionsTest.php" line="84" class="Hyde\Framework\Testing\Unit\CustomExceptionsTest" classname="Hyde.Framework.Testing.Unit.CustomExceptionsTest" assertions="1" time="0.002847"/>
        <testcase name="testFileConflictExceptionCode" file="/home/runner/work/develop/develop/packages/framework/tests/Unit/CustomExceptionsTest.php" line="89" class="Hyde\Framework\Testing\Unit\CustomExceptionsTest" classname="Hyde.Framework.Testing.Unit.CustomExceptionsTest" assertions="1" time="0.002925"/>
        <testcase name="testFileNotFoundExceptionCode" file="/home/runner/work/develop/develop/packages/framework/tests/Unit/CustomExceptionsTest.php" line="94" class="Hyde\Framework\Testing\Unit\CustomExceptionsTest" classname="Hyde.Framework.Testing.Unit.CustomExceptionsTest" assertions="1" time="0.002919"/>
        <testcase name="testRouteNotFoundExceptionCode" file="/home/runner/work/develop/develop/packages/framework/tests/Unit/CustomExceptionsTest.php" line="99" class="Hyde\Framework\Testing\Unit\CustomExceptionsTest" classname="Hyde.Framework.Testing.Unit.CustomExceptionsTest" assertions="1" time="0.002899"/>
        <testcase name="testUnsupportedPageTypeExceptionCode" file="/home/runner/work/develop/develop/packages/framework/tests/Unit/CustomExceptionsTest.php" line="104" class="Hyde\Framework\Testing\Unit\CustomExceptionsTest" classname="Hyde.Framework.Testing.Unit.CustomExceptionsTest" assertions="1" time="0.002865"/>
        <testcase name="testBaseUrlNotSetExceptionCode" file="/home/runner/work/develop/develop/packages/framework/tests/Unit/CustomExceptionsTest.php" line="109" class="Hyde\Framework\Testing\Unit\CustomExceptionsTest" classname="Hyde.Framework.Testing.Unit.CustomExceptionsTest" assertions="1" time="0.002774"/>
      </testsuite>
      <testsuite name="Hyde\Framework\Testing\Unit\DataCollectionUnitTest" file="/home/runner/work/develop/develop/packages/framework/tests/Unit/DataCollectionUnitTest.php" tests="9" assertions="9" errors="0" failures="0" skipped="0" time="0.030821">
        <testcase name="testClassHasStaticSourceDirectoryProperty" file="/home/runner/work/develop/develop/packages/framework/tests/Unit/DataCollectionUnitTest.php" line="26" class="Hyde\Framework\Testing\Unit\DataCollectionUnitTest" classname="Hyde.Framework.Testing.Unit.DataCollectionUnitTest" assertions="1" time="0.003838"/>
        <testcase name="testConstructorCreatesNewDataCollectionInstance" file="/home/runner/work/develop/develop/packages/framework/tests/Unit/DataCollectionUnitTest.php" line="31" class="Hyde\Framework\Testing\Unit\DataCollectionUnitTest" classname="Hyde.Framework.Testing.Unit.DataCollectionUnitTest" assertions="1" time="0.002768"/>
        <testcase name="testClassExtendsCollectionClass" file="/home/runner/work/develop/develop/packages/framework/tests/Unit/DataCollectionUnitTest.php" line="36" class="Hyde\Framework\Testing\Unit\DataCollectionUnitTest" classname="Hyde.Framework.Testing.Unit.DataCollectionUnitTest" assertions="1" time="0.002384"/>
        <testcase name="testCanConvertCollectionToArray" file="/home/runner/work/develop/develop/packages/framework/tests/Unit/DataCollectionUnitTest.php" line="41" class="Hyde\Framework\Testing\Unit\DataCollectionUnitTest" classname="Hyde.Framework.Testing.Unit.DataCollectionUnitTest" assertions="1" time="0.002434"/>
        <testcase name="testCanConvertCollectionToJson" file="/home/runner/work/develop/develop/packages/framework/tests/Unit/DataCollectionUnitTest.php" line="46" class="Hyde\Framework\Testing\Unit\DataCollectionUnitTest" classname="Hyde.Framework.Testing.Unit.DataCollectionUnitTest" assertions="1" time="0.002441"/>
        <testcase name="testFindMarkdownFilesCallsProperGlobPattern" file="/home/runner/work/develop/develop/packages/framework/tests/Unit/DataCollectionUnitTest.php" line="51" class="Hyde\Framework\Testing\Unit\DataCollectionUnitTest" classname="Hyde.Framework.Testing.Unit.DataCollectionUnitTest" assertions="1" time="0.004140"/>
        <testcase name="testFindMarkdownFilesWithNoFiles" file="/home/runner/work/develop/develop/packages/framework/tests/Unit/DataCollectionUnitTest.php" line="66" class="Hyde\Framework\Testing\Unit\DataCollectionUnitTest" classname="Hyde.Framework.Testing.Unit.DataCollectionUnitTest" assertions="1" time="0.004023"/>
        <testcase name="testFindMarkdownFilesWithFiles" file="/home/runner/work/develop/develop/packages/framework/tests/Unit/DataCollectionUnitTest.php" line="80" class="Hyde\Framework\Testing\Unit\DataCollectionUnitTest" classname="Hyde.Framework.Testing.Unit.DataCollectionUnitTest" assertions="1" time="0.004660"/>
        <testcase name="testStaticMarkdownHelperReturnsNewDataCollectionInstance" file="/home/runner/work/develop/develop/packages/framework/tests/Unit/DataCollectionUnitTest.php" line="95" class="Hyde\Framework\Testing\Unit\DataCollectionUnitTest" classname="Hyde.Framework.Testing.Unit.DataCollectionUnitTest" assertions="1" time="0.004133"/>
      </testsuite>
      <testsuite name="Hyde\Framework\Testing\Unit\DateStringTest" file="/home/runner/work/develop/develop/packages/framework/tests/Unit/DateStringTest.php" tests="6" assertions="6" errors="0" failures="0" skipped="0" time="0.016521">
        <testcase name="testItCanParseDateString" file="/home/runner/work/develop/develop/packages/framework/tests/Unit/DateStringTest.php" line="16" class="Hyde\Framework\Testing\Unit\DateStringTest" classname="Hyde.Framework.Testing.Unit.DateStringTest" assertions="1" time="0.003951"/>
        <testcase name="testItCanParseDateStringIntoDatetimeObject" file="/home/runner/work/develop/develop/packages/framework/tests/Unit/DateStringTest.php" line="22" class="Hyde\Framework\Testing\Unit\DateStringTest" classname="Hyde.Framework.Testing.Unit.DateStringTest" assertions="1" time="0.002750"/>
        <testcase name="testItCanFormatDateStringIntoMachineReadableString" file="/home/runner/work/develop/develop/packages/framework/tests/Unit/DateStringTest.php" line="28" class="Hyde\Framework\Testing\Unit\DateStringTest" classname="Hyde.Framework.Testing.Unit.DateStringTest" assertions="1" time="0.002442"/>
        <testcase name="testItCanFormatDateStringIntoHumanReadableString" file="/home/runner/work/develop/develop/packages/framework/tests/Unit/DateStringTest.php" line="34" class="Hyde\Framework\Testing\Unit\DateStringTest" classname="Hyde.Framework.Testing.Unit.DateStringTest" assertions="1" time="0.002429"/>
        <testcase name="testItCanFormatDateStringIntoShortHumanReadableString" file="/home/runner/work/develop/develop/packages/framework/tests/Unit/DateStringTest.php" line="40" class="Hyde\Framework\Testing\Unit\DateStringTest" classname="Hyde.Framework.Testing.Unit.DateStringTest" assertions="1" time="0.002493"/>
        <testcase name="testItCanFormatDateStringIntoShortHumanReadableStringUsingMagicMethod" file="/home/runner/work/develop/develop/packages/framework/tests/Unit/DateStringTest.php" line="46" class="Hyde\Framework\Testing\Unit\DateStringTest" classname="Hyde.Framework.Testing.Unit.DateStringTest" assertions="1" time="0.002455"/>
      </testsuite>
      <testsuite name="Hyde\Framework\Testing\Unit\DocumentationPageTest" file="/home/runner/work/develop/develop/packages/framework/tests/Unit/DocumentationPageTest.php" tests="28" assertions="42" errors="0" failures="0" skipped="0" time="0.310767">
        <testcase name="test_can_generate_table_of_contents" file="/home/runner/work/develop/develop/packages/framework/tests/Unit/DocumentationPageTest.php" line="25" class="Hyde\Framework\Testing\Unit\DocumentationPageTest" classname="Hyde.Framework.Testing.Unit.DocumentationPageTest" assertions="1" time="0.010882"/>
        <testcase name="test_can_get_current_page_path" file="/home/runner/work/develop/develop/packages/framework/tests/Unit/DocumentationPageTest.php" line="31" class="Hyde\Framework\Testing\Unit\DocumentationPageTest" classname="Hyde.Framework.Testing.Unit.DocumentationPageTest" assertions="1" time="0.009022"/>
        <testcase name="test_can_get_current_custom_page_path" file="/home/runner/work/develop/develop/packages/framework/tests/Unit/DocumentationPageTest.php" line="37" class="Hyde\Framework\Testing\Unit\DocumentationPageTest" classname="Hyde.Framework.Testing.Unit.DocumentationPageTest" assertions="1" time="0.010138"/>
        <testcase name="test_can_get_current_page_path_when_using_flattened_output_paths" file="/home/runner/work/develop/develop/packages/framework/tests/Unit/DocumentationPageTest.php" line="46" class="Hyde\Framework\Testing\Unit\DocumentationPageTest" classname="Hyde.Framework.Testing.Unit.DocumentationPageTest" assertions="2" time="0.011674"/>
        <testcase name="test_can_get_current_page_path_when_not_using_flattened_output_paths" file="/home/runner/work/develop/develop/packages/framework/tests/Unit/DocumentationPageTest.php" line="60" class="Hyde\Framework\Testing\Unit\DocumentationPageTest" classname="Hyde.Framework.Testing.Unit.DocumentationPageTest" assertions="2" time="0.011240"/>
        <testcase name="test_can_get_online_source_path" file="/home/runner/work/develop/develop/packages/framework/tests/Unit/DocumentationPageTest.php" line="74" class="Hyde\Framework\Testing\Unit\DocumentationPageTest" classname="Hyde.Framework.Testing.Unit.DocumentationPageTest" assertions="1" time="0.009321"/>
        <testcase name="test_can_get_online_source_path_with_source_file_location_base" file="/home/runner/work/develop/develop/packages/framework/tests/Unit/DocumentationPageTest.php" line="80" class="Hyde\Framework\Testing\Unit\DocumentationPageTest" classname="Hyde.Framework.Testing.Unit.DocumentationPageTest" assertions="1" time="0.009090"/>
        <testcase name="test_can_get_online_source_path_with_trailing_slash" file="/home/runner/work/develop/develop/packages/framework/tests/Unit/DocumentationPageTest.php" line="87" class="Hyde\Framework\Testing\Unit\DocumentationPageTest" classname="Hyde.Framework.Testing.Unit.DocumentationPageTest" assertions="2" time="0.009593"/>
        <testcase name="test_can_get_documentation_output_path" file="/home/runner/work/develop/develop/packages/framework/tests/Unit/DocumentationPageTest.php" line="98" class="Hyde\Framework\Testing\Unit\DocumentationPageTest" classname="Hyde.Framework.Testing.Unit.DocumentationPageTest" assertions="1" time="0.007282"/>
        <testcase name="test_can_get_documentation_output_path_with_custom_output_directory" file="/home/runner/work/develop/develop/packages/framework/tests/Unit/DocumentationPageTest.php" line="103" class="Hyde\Framework\Testing\Unit\DocumentationPageTest" classname="Hyde.Framework.Testing.Unit.DocumentationPageTest" assertions="1" time="0.008980"/>
        <testcase name="test_can_get_documentation_output_path_with_trailing_slashes" file="/home/runner/work/develop/develop/packages/framework/tests/Unit/DocumentationPageTest.php" line="110" class="Hyde\Framework\Testing\Unit\DocumentationPageTest" classname="Hyde.Framework.Testing.Unit.DocumentationPageTest" assertions="5" time="0.013581"/>
        <testcase name="test_get_source_path_returns_qualified_basename" file="/home/runner/work/develop/develop/packages/framework/tests/Unit/DocumentationPageTest.php" line="127" class="Hyde\Framework\Testing\Unit\DocumentationPageTest" classname="Hyde.Framework.Testing.Unit.DocumentationPageTest" assertions="1" time="0.009349"/>
        <testcase name="test_get_source_path_returns_qualified_basename_for_nested_page" file="/home/runner/work/develop/develop/packages/framework/tests/Unit/DocumentationPageTest.php" line="135" class="Hyde\Framework\Testing\Unit\DocumentationPageTest" classname="Hyde.Framework.Testing.Unit.DocumentationPageTest" assertions="1" time="0.009803"/>
        <testcase name="test_home_method_returns_null_when_there_is_no_index_page" file="/home/runner/work/develop/develop/packages/framework/tests/Unit/DocumentationPageTest.php" line="143" class="Hyde\Framework\Testing\Unit\DocumentationPageTest" classname="Hyde.Framework.Testing.Unit.DocumentationPageTest" assertions="1" time="0.014218"/>
        <testcase name="test_home_method_returns_docs_index_route_when_it_exists" file="/home/runner/work/develop/develop/packages/framework/tests/Unit/DocumentationPageTest.php" line="148" class="Hyde\Framework\Testing\Unit\DocumentationPageTest" classname="Hyde.Framework.Testing.Unit.DocumentationPageTest" assertions="2" time="0.016864"/>
        <testcase name="test_home_method_finds_docs_index_for_custom_output_directory" file="/home/runner/work/develop/develop/packages/framework/tests/Unit/DocumentationPageTest.php" line="156" class="Hyde\Framework\Testing\Unit\DocumentationPageTest" classname="Hyde.Framework.Testing.Unit.DocumentationPageTest" assertions="2" time="0.018115"/>
        <testcase name="test_home_method_finds_docs_index_for_custom_nested_output_directory" file="/home/runner/work/develop/develop/packages/framework/tests/Unit/DocumentationPageTest.php" line="168" class="Hyde\Framework\Testing\Unit\DocumentationPageTest" classname="Hyde.Framework.Testing.Unit.DocumentationPageTest" assertions="2" time="0.017642"/>
        <testcase name="test_home_route_name_method_returns_output_directory_slash_index" file="/home/runner/work/develop/develop/packages/framework/tests/Unit/DocumentationPageTest.php" line="181" class="Hyde\Framework\Testing\Unit\DocumentationPageTest" classname="Hyde.Framework.Testing.Unit.DocumentationPageTest" assertions="1" time="0.007315"/>
        <testcase name="test_home_route_name_method_returns_customized_output_directory_slash_index" file="/home/runner/work/develop/develop/packages/framework/tests/Unit/DocumentationPageTest.php" line="186" class="Hyde\Framework\Testing\Unit\DocumentationPageTest" classname="Hyde.Framework.Testing.Unit.DocumentationPageTest" assertions="1" time="0.009259"/>
        <testcase name="test_has_table_of_contents" file="/home/runner/work/develop/develop/packages/framework/tests/Unit/DocumentationPageTest.php" line="194" class="Hyde\Framework\Testing\Unit\DocumentationPageTest" classname="Hyde.Framework.Testing.Unit.DocumentationPageTest" assertions="3" time="0.008337"/>
        <testcase name="test_compiled_pages_originating_in_subdirectories_get_output_to_root_docs_path" file="/home/runner/work/develop/develop/packages/framework/tests/Unit/DocumentationPageTest.php" line="205" class="Hyde\Framework\Testing\Unit\DocumentationPageTest" classname="Hyde.Framework.Testing.Unit.DocumentationPageTest" assertions="1" time="0.010039"/>
        <testcase name="test_compiled_pages_originating_in_subdirectories_get_output_to_root_docs_path_when_using_flattened_output_paths" file="/home/runner/work/develop/develop/packages/framework/tests/Unit/DocumentationPageTest.php" line="211" class="Hyde\Framework\Testing\Unit\DocumentationPageTest" classname="Hyde.Framework.Testing.Unit.DocumentationPageTest" assertions="1" time="0.009151"/>
        <testcase name="test_compiled_pages_originating_in_subdirectories_retain_subdirectory_structure_when_not_using_flattened_output_paths" file="/home/runner/work/develop/develop/packages/framework/tests/Unit/DocumentationPageTest.php" line="218" class="Hyde\Framework\Testing\Unit\DocumentationPageTest" classname="Hyde.Framework.Testing.Unit.DocumentationPageTest" assertions="1" time="0.010820"/>
        <testcase name="test_page_has_front_matter" file="/home/runner/work/develop/develop/packages/framework/tests/Unit/DocumentationPageTest.php" line="225" class="Hyde\Framework\Testing\Unit\DocumentationPageTest" classname="Hyde.Framework.Testing.Unit.DocumentationPageTest" assertions="3" time="0.012760"/>
        <testcase name="test_page_can_be_hidden_from_sidebar_using_front_matter" file="/home/runner/work/develop/develop/packages/framework/tests/Unit/DocumentationPageTest.php" line="239" class="Hyde\Framework\Testing\Unit\DocumentationPageTest" classname="Hyde.Framework.Testing.Unit.DocumentationPageTest" assertions="1" time="0.011929"/>
        <testcase name="test_page_is_visible_in_sidebar_without_using_front_matter" file="/home/runner/work/develop/develop/packages/framework/tests/Unit/DocumentationPageTest.php" line="250" class="Hyde\Framework\Testing\Unit\DocumentationPageTest" classname="Hyde.Framework.Testing.Unit.DocumentationPageTest" assertions="1" time="0.010950"/>
        <testcase name="test_page_can_set_sidebar_priority_using_front_matter" file="/home/runner/work/develop/develop/packages/framework/tests/Unit/DocumentationPageTest.php" line="257" class="Hyde\Framework\Testing\Unit\DocumentationPageTest" classname="Hyde.Framework.Testing.Unit.DocumentationPageTest" assertions="1" time="0.011730"/>
        <testcase name="test_page_can_set_sidebar_label_using_front_matter" file="/home/runner/work/develop/develop/packages/framework/tests/Unit/DocumentationPageTest.php" line="268" class="Hyde\Framework\Testing\Unit\DocumentationPageTest" classname="Hyde.Framework.Testing.Unit.DocumentationPageTest" assertions="1" time="0.011684"/>
      </testsuite>
      <testsuite name="Hyde\Framework\Testing\Unit\DropdownNavItemTest" file="/home/runner/work/develop/develop/packages/framework/tests/Unit/DropdownNavItemTest.php" tests="7" assertions="12" errors="0" failures="0" skipped="0" time="0.024843">
        <testcase name="testConstruct" file="/home/runner/work/develop/develop/packages/framework/tests/Unit/DropdownNavItemTest.php" line="35" class="Hyde\Framework\Testing\Unit\DropdownNavItemTest" classname="Hyde.Framework.Testing.Unit.DropdownNavItemTest" assertions="3" time="0.004624"/>
        <testcase name="testConstructWithCustomPriority" file="/home/runner/work/develop/develop/packages/framework/tests/Unit/DropdownNavItemTest.php" line="44" class="Hyde\Framework\Testing\Unit\DropdownNavItemTest" classname="Hyde.Framework.Testing.Unit.DropdownNavItemTest" assertions="1" time="0.002789"/>
        <testcase name="testConstructWithNullPriority" file="/home/runner/work/develop/develop/packages/framework/tests/Unit/DropdownNavItemTest.php" line="51" class="Hyde\Framework\Testing\Unit\DropdownNavItemTest" classname="Hyde.Framework.Testing.Unit.DropdownNavItemTest" assertions="1" time="0.002807"/>
        <testcase name="testFromArray" file="/home/runner/work/develop/develop/packages/framework/tests/Unit/DropdownNavItemTest.php" line="58" class="Hyde\Framework\Testing\Unit\DropdownNavItemTest" classname="Hyde.Framework.Testing.Unit.DropdownNavItemTest" assertions="2" time="0.002903"/>
        <testcase name="testWithChildren" file="/home/runner/work/develop/develop/packages/framework/tests/Unit/DropdownNavItemTest.php" line="66" class="Hyde\Framework\Testing\Unit\DropdownNavItemTest" classname="Hyde.Framework.Testing.Unit.DropdownNavItemTest" assertions="2" time="0.004715"/>
        <testcase name="testGetItems" file="/home/runner/work/develop/develop/packages/framework/tests/Unit/DropdownNavItemTest.php" line="79" class="Hyde\Framework\Testing\Unit\DropdownNavItemTest" classname="Hyde.Framework.Testing.Unit.DropdownNavItemTest" assertions="2" time="0.004466"/>
        <testcase name="testCanSetPriorityInConfig" file="/home/runner/work/develop/develop/packages/framework/tests/Unit/DropdownNavItemTest.php" line="92" class="Hyde\Framework\Testing\Unit\DropdownNavItemTest" classname="Hyde.Framework.Testing.Unit.DropdownNavItemTest" assertions="1" time="0.002539"/>
      </testsuite>
      <testsuite name="Hyde\Framework\Testing\Unit\EnsureCodeFollowsNamingConventionTest" file="/home/runner/work/develop/develop/packages/framework/tests/Unit/EnsureCodeFollowsNamingConventionTest.php" tests="2" assertions="42" errors="0" failures="0" skipped="0" time="0.011273">
        <testcase name="testCommandsClassesFollowNamingConventions" file="/home/runner/work/develop/develop/packages/framework/tests/Unit/EnsureCodeFollowsNamingConventionTest.php" line="17" class="Hyde\Framework\Testing\Unit\EnsureCodeFollowsNamingConventionTest" classname="Hyde.Framework.Testing.Unit.EnsureCodeFollowsNamingConventionTest" assertions="35" time="0.008091"/>
        <testcase name="testActionEntryPointsFollowNamingConventions" file="/home/runner/work/develop/develop/packages/framework/tests/Unit/EnsureCodeFollowsNamingConventionTest.php" line="31" class="Hyde\Framework\Testing\Unit\EnsureCodeFollowsNamingConventionTest" classname="Hyde.Framework.Testing.Unit.EnsureCodeFollowsNamingConventionTest" assertions="7" time="0.003182"/>
      </testsuite>
      <testsuite name="Hyde\Framework\Testing\Unit\ExtensionsUnitTest" file="/home/runner/work/develop/develop/packages/framework/tests/Unit/ExtensionsUnitTest.php" tests="21" assertions="35" errors="0" failures="0" skipped="0" time="0.100708">
        <testcase name="testBaseClassGetPageClasses" file="/home/runner/work/develop/develop/packages/framework/tests/Unit/ExtensionsUnitTest.php" line="45" class="Hyde\Framework\Testing\Unit\ExtensionsUnitTest" classname="Hyde.Framework.Testing.Unit.ExtensionsUnitTest" assertions="1" time="0.003934"/>
        <testcase name="testBaseClassDiscoveryHandlers" file="/home/runner/work/develop/develop/packages/framework/tests/Unit/ExtensionsUnitTest.php" line="50" class="Hyde\Framework\Testing\Unit\ExtensionsUnitTest" classname="Hyde.Framework.Testing.Unit.ExtensionsUnitTest" assertions="1" time="0.009142"/>
        <testcase name="testCanRegisterNewExtension" file="/home/runner/work/develop/develop/packages/framework/tests/Unit/ExtensionsUnitTest.php" line="61" class="Hyde\Framework\Testing\Unit\ExtensionsUnitTest" classname="Hyde.Framework.Testing.Unit.ExtensionsUnitTest" assertions="1" time="0.003405"/>
        <testcase name="testRegisterExtensionAfterKernelIsBooted" file="/home/runner/work/develop/develop/packages/framework/tests/Unit/ExtensionsUnitTest.php" line="68" class="Hyde\Framework\Testing\Unit\ExtensionsUnitTest" classname="Hyde.Framework.Testing.Unit.ExtensionsUnitTest" assertions="2" time="0.008883"/>
        <testcase name="testRegisterExtensionWithInvalidExtensionClass" file="/home/runner/work/develop/develop/packages/framework/tests/Unit/ExtensionsUnitTest.php" line="78" class="Hyde\Framework\Testing\Unit\ExtensionsUnitTest" classname="Hyde.Framework.Testing.Unit.ExtensionsUnitTest" assertions="2" time="0.003503"/>
        <testcase name="testRegisterExtensionWithNonClassString" file="/home/runner/work/develop/develop/packages/framework/tests/Unit/ExtensionsUnitTest.php" line="86" class="Hyde\Framework\Testing\Unit\ExtensionsUnitTest" classname="Hyde.Framework.Testing.Unit.ExtensionsUnitTest" assertions="2" time="0.003662"/>
        <testcase name="testRegisterExtensionWithAlreadyRegisteredExtension" file="/home/runner/work/develop/develop/packages/framework/tests/Unit/ExtensionsUnitTest.php" line="94" class="Hyde\Framework\Testing\Unit\ExtensionsUnitTest" classname="Hyde.Framework.Testing.Unit.ExtensionsUnitTest" assertions="2" time="0.003506"/>
        <testcase name="testRegisterExtensionMethodDoesNotRegisterAlreadyRegisteredClasses" file="/home/runner/work/develop/develop/packages/framework/tests/Unit/ExtensionsUnitTest.php" line="103" class="Hyde\Framework\Testing\Unit\ExtensionsUnitTest" classname="Hyde.Framework.Testing.Unit.ExtensionsUnitTest" assertions="1" time="0.003418"/>
        <testcase name="testGetExtensionWithValidExtension" file="/home/runner/work/develop/develop/packages/framework/tests/Unit/ExtensionsUnitTest.php" line="116" class="Hyde\Framework\Testing\Unit\ExtensionsUnitTest" classname="Hyde.Framework.Testing.Unit.ExtensionsUnitTest" assertions="1" time="0.003178"/>
        <testcase name="testGetExtensionWithCustomExtension" file="/home/runner/work/develop/develop/packages/framework/tests/Unit/ExtensionsUnitTest.php" line="121" class="Hyde\Framework\Testing\Unit\ExtensionsUnitTest" classname="Hyde.Framework.Testing.Unit.ExtensionsUnitTest" assertions="1" time="0.003197"/>
        <testcase name="testGetExtensionWithInvalidExtension" file="/home/runner/work/develop/develop/packages/framework/tests/Unit/ExtensionsUnitTest.php" line="128" class="Hyde\Framework\Testing\Unit\ExtensionsUnitTest" classname="Hyde.Framework.Testing.Unit.ExtensionsUnitTest" assertions="2" time="0.003327"/>
        <testcase name="testGetExtensionGenerics" file="/home/runner/work/develop/develop/packages/framework/tests/Unit/ExtensionsUnitTest.php" line="136" class="Hyde\Framework\Testing\Unit\ExtensionsUnitTest" classname="Hyde.Framework.Testing.Unit.ExtensionsUnitTest" assertions="3" time="0.003419"/>
        <testcase name="testHasExtensionWithValidExtension" file="/home/runner/work/develop/develop/packages/framework/tests/Unit/ExtensionsUnitTest.php" line="148" class="Hyde\Framework\Testing\Unit\ExtensionsUnitTest" classname="Hyde.Framework.Testing.Unit.ExtensionsUnitTest" assertions="1" time="0.003138"/>
        <testcase name="testHasExtensionWithCustomExtension" file="/home/runner/work/develop/develop/packages/framework/tests/Unit/ExtensionsUnitTest.php" line="153" class="Hyde\Framework\Testing\Unit\ExtensionsUnitTest" classname="Hyde.Framework.Testing.Unit.ExtensionsUnitTest" assertions="1" time="0.003153"/>
        <testcase name="testHasExtensionWithInvalidExtension" file="/home/runner/work/develop/develop/packages/framework/tests/Unit/ExtensionsUnitTest.php" line="160" class="Hyde\Framework\Testing\Unit\ExtensionsUnitTest" classname="Hyde.Framework.Testing.Unit.ExtensionsUnitTest" assertions="1" time="0.003108"/>
        <testcase name="testFileHandlerDependencyInjection" file="/home/runner/work/develop/develop/packages/framework/tests/Unit/ExtensionsUnitTest.php" line="165" class="Hyde\Framework\Testing\Unit\ExtensionsUnitTest" classname="Hyde.Framework.Testing.Unit.ExtensionsUnitTest" assertions="1" time="0.004861"/>
        <testcase name="testPageHandlerDependencyInjection" file="/home/runner/work/develop/develop/packages/framework/tests/Unit/ExtensionsUnitTest.php" line="174" class="Hyde\Framework\Testing\Unit\ExtensionsUnitTest" classname="Hyde.Framework.Testing.Unit.ExtensionsUnitTest" assertions="4" time="0.012214"/>
        <testcase name="testRouteHandlerDependencyInjection" file="/home/runner/work/develop/develop/packages/framework/tests/Unit/ExtensionsUnitTest.php" line="183" class="Hyde\Framework\Testing\Unit\ExtensionsUnitTest" classname="Hyde.Framework.Testing.Unit.ExtensionsUnitTest" assertions="4" time="0.009235"/>
        <testcase name="test_get_registered_page_classes_returns_core_extension_classes" file="/home/runner/work/develop/develop/packages/framework/tests/Unit/ExtensionsUnitTest.php" line="192" class="Hyde\Framework\Testing\Unit\ExtensionsUnitTest" classname="Hyde.Framework.Testing.Unit.ExtensionsUnitTest" assertions="1" time="0.004056"/>
        <testcase name="test_get_registered_page_classes_merges_all_extension_classes" file="/home/runner/work/develop/develop/packages/framework/tests/Unit/ExtensionsUnitTest.php" line="197" class="Hyde\Framework\Testing\Unit\ExtensionsUnitTest" classname="Hyde.Framework.Testing.Unit.ExtensionsUnitTest" assertions="1" time="0.004098"/>
        <testcase name="test_merged_registered_page_classes_array_contents" file="/home/runner/work/develop/develop/packages/framework/tests/Unit/ExtensionsUnitTest.php" line="207" class="Hyde\Framework\Testing\Unit\ExtensionsUnitTest" classname="Hyde.Framework.Testing.Unit.ExtensionsUnitTest" assertions="2" time="0.004269"/>
      </testsuite>
      <testsuite name="Hyde\Framework\Testing\Unit\Facades\AssetFacadeTest" file="/home/runner/work/develop/develop/packages/framework/tests/Unit/Facades/AssetFacadeTest.php" tests="3" assertions="3" errors="0" failures="0" skipped="0" time="0.019489">
        <testcase name="test_asset_facade_returns_the_asset_service" file="/home/runner/work/develop/develop/packages/framework/tests/Unit/Facades/AssetFacadeTest.php" line="16" class="Hyde\Framework\Testing\Unit\Facades\AssetFacadeTest" classname="Hyde.Framework.Testing.Unit.Facades.AssetFacadeTest" assertions="1" time="0.006810"/>
        <testcase name="test_facade_returns_same_instance_as_bound_by_the_container" file="/home/runner/work/develop/develop/packages/framework/tests/Unit/Facades/AssetFacadeTest.php" line="21" class="Hyde\Framework\Testing\Unit\Facades\AssetFacadeTest" classname="Hyde.Framework.Testing.Unit.Facades.AssetFacadeTest" assertions="1" time="0.006057"/>
        <testcase name="test_asset_facade_can_call_methods_on_the_asset_service" file="/home/runner/work/develop/develop/packages/framework/tests/Unit/Facades/AssetFacadeTest.php" line="26" class="Hyde\Framework\Testing\Unit\Facades\AssetFacadeTest" classname="Hyde.Framework.Testing.Unit.Facades.AssetFacadeTest" assertions="1" time="0.006622"/>
      </testsuite>
      <testsuite name="Hyde\Framework\Testing\Unit\Facades\AuthorTest" file="/home/runner/work/develop/develop/packages/framework/tests/Unit/Facades/AuthorTest.php" tests="3" assertions="10" errors="0" failures="0" skipped="0" time="0.021126">
        <testcase name="testCreate" file="/home/runner/work/develop/develop/packages/framework/tests/Unit/Facades/AuthorTest.php" line="16" class="Hyde\Framework\Testing\Unit\Facades\AuthorTest" classname="Hyde.Framework.Testing.Unit.Facades.AuthorTest" assertions="4" time="0.007144"/>
        <testcase name="testGet" file="/home/runner/work/develop/develop/packages/framework/tests/Unit/Facades/AuthorTest.php" line="27" class="Hyde\Framework\Testing\Unit\Facades\AuthorTest" classname="Hyde.Framework.Testing.Unit.Facades.AuthorTest" assertions="4" time="0.007159"/>
        <testcase name="testAll" file="/home/runner/work/develop/develop/packages/framework/tests/Unit/Facades/AuthorTest.php" line="38" class="Hyde\Framework\Testing\Unit\Facades\AuthorTest" classname="Hyde.Framework.Testing.Unit.Facades.AuthorTest" assertions="2" time="0.006824"/>
      </testsuite>
      <testsuite name="Hyde\Framework\Testing\Unit\Facades\HydeFacadesAreAliasedInAppConfigTest" file="/home/runner/work/develop/develop/packages/framework/tests/Unit/Facades/HydeFacadesAreAliasedInAppConfigTest.php" tests="1" assertions="8" errors="0" failures="0" skipped="0" time="0.007530">
        <testcase name="test_all_facades_are_aliased_in_app_config" file="/home/runner/work/develop/develop/packages/framework/tests/Unit/Facades/HydeFacadesAreAliasedInAppConfigTest.php" line="12" class="Hyde\Framework\Testing\Unit\Facades\HydeFacadesAreAliasedInAppConfigTest" classname="Hyde.Framework.Testing.Unit.Facades.HydeFacadesAreAliasedInAppConfigTest" assertions="8" time="0.007530"/>
      </testsuite>
      <testsuite name="Hyde\Framework\Testing\Unit\Facades\RouteFacadeTest" file="/home/runner/work/develop/develop/packages/framework/tests/Unit/Facades/RouteFacadeTest.php" tests="10" assertions="10" errors="0" failures="0" skipped="0" time="0.044391">
        <testcase name="testRouteFacadeAllMethodReturnsAllRoutes" file="/home/runner/work/develop/develop/packages/framework/tests/Unit/Facades/RouteFacadeTest.php" line="29" class="Hyde\Framework\Testing\Unit\Facades\RouteFacadeTest" classname="Hyde.Framework.Testing.Unit.Facades.RouteFacadeTest" assertions="1" time="0.009622"/>
        <testcase name="testGetOrFailThrowsExceptionIfRouteIsNotFound" file="/home/runner/work/develop/develop/packages/framework/tests/Unit/Facades/RouteFacadeTest.php" line="34" class="Hyde\Framework\Testing\Unit\Facades\RouteFacadeTest" classname="Hyde.Framework.Testing.Unit.Facades.RouteFacadeTest" assertions="1" time="0.003188"/>
        <testcase name="testGetReturnsRouteFromRouterIndex" file="/home/runner/work/develop/develop/packages/framework/tests/Unit/Facades/RouteFacadeTest.php" line="40" class="Hyde\Framework\Testing\Unit\Facades\RouteFacadeTest" classname="Hyde.Framework.Testing.Unit.Facades.RouteFacadeTest" assertions="1" time="0.003048"/>
        <testcase name="testGetReturnsRouteFromRouterIndexForTheRightPage" file="/home/runner/work/develop/develop/packages/framework/tests/Unit/Facades/RouteFacadeTest.php" line="45" class="Hyde\Framework\Testing\Unit\Facades\RouteFacadeTest" classname="Hyde.Framework.Testing.Unit.Facades.RouteFacadeTest" assertions="1" time="0.006284"/>
        <testcase name="testGetFromReturnsNullIfRouteIsNotFound" file="/home/runner/work/develop/develop/packages/framework/tests/Unit/Facades/RouteFacadeTest.php" line="50" class="Hyde\Framework\Testing\Unit\Facades\RouteFacadeTest" classname="Hyde.Framework.Testing.Unit.Facades.RouteFacadeTest" assertions="1" time="0.003048"/>
        <testcase name="testGetSupportsDotNotation" file="/home/runner/work/develop/develop/packages/framework/tests/Unit/Facades/RouteFacadeTest.php" line="55" class="Hyde\Framework\Testing\Unit\Facades\RouteFacadeTest" classname="Hyde.Framework.Testing.Unit.Facades.RouteFacadeTest" assertions="1" time="0.005128"/>
        <testcase name="testCurrentReturnsCurrentRoute" file="/home/runner/work/develop/develop/packages/framework/tests/Unit/Facades/RouteFacadeTest.php" line="61" class="Hyde\Framework\Testing\Unit\Facades\RouteFacadeTest" classname="Hyde.Framework.Testing.Unit.Facades.RouteFacadeTest" assertions="1" time="0.005051"/>
        <testcase name="testCurrentReturnsNullIfRouteIsNotFound" file="/home/runner/work/develop/develop/packages/framework/tests/Unit/Facades/RouteFacadeTest.php" line="69" class="Hyde\Framework\Testing\Unit\Facades\RouteFacadeTest" classname="Hyde.Framework.Testing.Unit.Facades.RouteFacadeTest" assertions="1" time="0.003143"/>
        <testcase name="testExistsForExistingRoute" file="/home/runner/work/develop/develop/packages/framework/tests/Unit/Facades/RouteFacadeTest.php" line="76" class="Hyde\Framework\Testing\Unit\Facades\RouteFacadeTest" classname="Hyde.Framework.Testing.Unit.Facades.RouteFacadeTest" assertions="1" time="0.002969"/>
        <testcase name="testExistsForNonExistingRoute" file="/home/runner/work/develop/develop/packages/framework/tests/Unit/Facades/RouteFacadeTest.php" line="81" class="Hyde\Framework\Testing\Unit\Facades\RouteFacadeTest" classname="Hyde.Framework.Testing.Unit.Facades.RouteFacadeTest" assertions="1" time="0.002909"/>
      </testsuite>
      <testsuite name="Hyde\Framework\Testing\Unit\FeaturedImageUnitTest" file="/home/runner/work/develop/develop/packages/framework/tests/Unit/FeaturedImageUnitTest.php" tests="20" assertions="39" errors="0" failures="0" skipped="0" time="0.057227">
        <testcase name="testCanConstruct" file="/home/runner/work/develop/develop/packages/framework/tests/Unit/FeaturedImageUnitTest.php" line="23" class="Hyde\Framework\Testing\Unit\FeaturedImageUnitTest" classname="Hyde.Framework.Testing.Unit.FeaturedImageUnitTest" assertions="1" time="0.003888"/>
        <testcase name="testGetAltText" file="/home/runner/work/develop/develop/packages/framework/tests/Unit/FeaturedImageUnitTest.php" line="28" class="Hyde\Framework\Testing\Unit\FeaturedImageUnitTest" classname="Hyde.Framework.Testing.Unit.FeaturedImageUnitTest" assertions="2" time="0.002887"/>
        <testcase name="testGetTitleText" file="/home/runner/work/develop/develop/packages/framework/tests/Unit/FeaturedImageUnitTest.php" line="34" class="Hyde\Framework\Testing\Unit\FeaturedImageUnitTest" classname="Hyde.Framework.Testing.Unit.FeaturedImageUnitTest" assertions="2" time="0.002764"/>
        <testcase name="testGetAuthorName" file="/home/runner/work/develop/develop/packages/framework/tests/Unit/FeaturedImageUnitTest.php" line="40" class="Hyde\Framework\Testing\Unit\FeaturedImageUnitTest" classname="Hyde.Framework.Testing.Unit.FeaturedImageUnitTest" assertions="2" time="0.002759"/>
        <testcase name="testGetAuthorUrl" file="/home/runner/work/develop/develop/packages/framework/tests/Unit/FeaturedImageUnitTest.php" line="46" class="Hyde\Framework\Testing\Unit\FeaturedImageUnitTest" classname="Hyde.Framework.Testing.Unit.FeaturedImageUnitTest" assertions="2" time="0.002980"/>
        <testcase name="testGetCopyrightText" file="/home/runner/work/develop/develop/packages/framework/tests/Unit/FeaturedImageUnitTest.php" line="52" class="Hyde\Framework\Testing\Unit\FeaturedImageUnitTest" classname="Hyde.Framework.Testing.Unit.FeaturedImageUnitTest" assertions="2" time="0.002673"/>
        <testcase name="testGetLicenseName" file="/home/runner/work/develop/develop/packages/framework/tests/Unit/FeaturedImageUnitTest.php" line="58" class="Hyde\Framework\Testing\Unit\FeaturedImageUnitTest" classname="Hyde.Framework.Testing.Unit.FeaturedImageUnitTest" assertions="2" time="0.002668"/>
        <testcase name="testGetLicenseUrl" file="/home/runner/work/develop/develop/packages/framework/tests/Unit/FeaturedImageUnitTest.php" line="64" class="Hyde\Framework\Testing\Unit\FeaturedImageUnitTest" classname="Hyde.Framework.Testing.Unit.FeaturedImageUnitTest" assertions="2" time="0.002653"/>
        <testcase name="testHasAltText" file="/home/runner/work/develop/develop/packages/framework/tests/Unit/FeaturedImageUnitTest.php" line="70" class="Hyde\Framework\Testing\Unit\FeaturedImageUnitTest" classname="Hyde.Framework.Testing.Unit.FeaturedImageUnitTest" assertions="2" time="0.002643"/>
        <testcase name="testHasTitleText" file="/home/runner/work/develop/develop/packages/framework/tests/Unit/FeaturedImageUnitTest.php" line="76" class="Hyde\Framework\Testing\Unit\FeaturedImageUnitTest" classname="Hyde.Framework.Testing.Unit.FeaturedImageUnitTest" assertions="2" time="0.002645"/>
        <testcase name="testHasAuthorName" file="/home/runner/work/develop/develop/packages/framework/tests/Unit/FeaturedImageUnitTest.php" line="82" class="Hyde\Framework\Testing\Unit\FeaturedImageUnitTest" classname="Hyde.Framework.Testing.Unit.FeaturedImageUnitTest" assertions="2" time="0.002915"/>
        <testcase name="testHasAuthorUrl" file="/home/runner/work/develop/develop/packages/framework/tests/Unit/FeaturedImageUnitTest.php" line="88" class="Hyde\Framework\Testing\Unit\FeaturedImageUnitTest" classname="Hyde.Framework.Testing.Unit.FeaturedImageUnitTest" assertions="2" time="0.002917"/>
        <testcase name="testHasCopyrightText" file="/home/runner/work/develop/develop/packages/framework/tests/Unit/FeaturedImageUnitTest.php" line="94" class="Hyde\Framework\Testing\Unit\FeaturedImageUnitTest" classname="Hyde.Framework.Testing.Unit.FeaturedImageUnitTest" assertions="2" time="0.002944"/>
        <testcase name="testHasLicenseName" file="/home/runner/work/develop/develop/packages/framework/tests/Unit/FeaturedImageUnitTest.php" line="100" class="Hyde\Framework\Testing\Unit\FeaturedImageUnitTest" classname="Hyde.Framework.Testing.Unit.FeaturedImageUnitTest" assertions="2" time="0.002900"/>
        <testcase name="testHasLicenseUrl" file="/home/runner/work/develop/develop/packages/framework/tests/Unit/FeaturedImageUnitTest.php" line="106" class="Hyde\Framework\Testing\Unit\FeaturedImageUnitTest" classname="Hyde.Framework.Testing.Unit.FeaturedImageUnitTest" assertions="2" time="0.002645"/>
        <testcase name="testGetType" file="/home/runner/work/develop/develop/packages/framework/tests/Unit/FeaturedImageUnitTest.php" line="112" class="Hyde\Framework\Testing\Unit\FeaturedImageUnitTest" classname="Hyde.Framework.Testing.Unit.FeaturedImageUnitTest" assertions="2" time="0.002580"/>
        <testcase name="testGetContentLength" file="/home/runner/work/develop/develop/packages/framework/tests/Unit/FeaturedImageUnitTest.php" line="118" class="Hyde\Framework\Testing\Unit\FeaturedImageUnitTest" classname="Hyde.Framework.Testing.Unit.FeaturedImageUnitTest" assertions="2" time="0.002891"/>
        <testcase name="testFeaturedImageGetContentLengthWithNoSource" file="/home/runner/work/develop/develop/packages/framework/tests/Unit/FeaturedImageUnitTest.php" line="124" class="Hyde\Framework\Testing\Unit\FeaturedImageUnitTest" classname="Hyde.Framework.Testing.Unit.FeaturedImageUnitTest" assertions="2" time="0.003342"/>
        <testcase name="testCanConstructFeaturedImageWithRemoteSource" file="/home/runner/work/develop/develop/packages/framework/tests/Unit/FeaturedImageUnitTest.php" line="133" class="Hyde\Framework\Testing\Unit\FeaturedImageUnitTest" classname="Hyde.Framework.Testing.Unit.FeaturedImageUnitTest" assertions="2" time="0.002785"/>
        <testcase name="testCanConstructFeaturedImageWithHttps" file="/home/runner/work/develop/develop/packages/framework/tests/Unit/FeaturedImageUnitTest.php" line="141" class="Hyde\Framework\Testing\Unit\FeaturedImageUnitTest" classname="Hyde.Framework.Testing.Unit.FeaturedImageUnitTest" assertions="2" time="0.002748"/>
      </testsuite>
      <testsuite name="Hyde\Framework\Testing\Unit\FileConflictExceptionTest" file="/home/runner/work/develop/develop/packages/framework/tests/Unit/FileConflictExceptionTest.php" tests="6" assertions="6" errors="0" failures="0" skipped="0" time="0.017015">
        <testcase name="test_it_can_be_instantiated" file="/home/runner/work/develop/develop/packages/framework/tests/Unit/FileConflictExceptionTest.php" line="16" class="Hyde\Framework\Testing\Unit\FileConflictExceptionTest" classname="Hyde.Framework.Testing.Unit.FileConflictExceptionTest" assertions="1" time="0.004145"/>
        <testcase name="test_it_can_be_thrown" file="/home/runner/work/develop/develop/packages/framework/tests/Unit/FileConflictExceptionTest.php" line="21" class="Hyde\Framework\Testing\Unit\FileConflictExceptionTest" classname="Hyde.Framework.Testing.Unit.FileConflictExceptionTest" assertions="1" time="0.002692"/>
        <testcase name="test_exception_code" file="/home/runner/work/develop/develop/packages/framework/tests/Unit/FileConflictExceptionTest.php" line="28" class="Hyde\Framework\Testing\Unit\FileConflictExceptionTest" classname="Hyde.Framework.Testing.Unit.FileConflictExceptionTest" assertions="1" time="0.002286"/>
        <testcase name="test_exception_message" file="/home/runner/work/develop/develop/packages/framework/tests/Unit/FileConflictExceptionTest.php" line="33" class="Hyde\Framework\Testing\Unit\FileConflictExceptionTest" classname="Hyde.Framework.Testing.Unit.FileConflictExceptionTest" assertions="1" time="0.002501"/>
        <testcase name="test_exception_message_with_path" file="/home/runner/work/develop/develop/packages/framework/tests/Unit/FileConflictExceptionTest.php" line="38" class="Hyde\Framework\Testing\Unit\FileConflictExceptionTest" classname="Hyde.Framework.Testing.Unit.FileConflictExceptionTest" assertions="1" time="0.002724"/>
        <testcase name="test_exception_message_with_absolute_path" file="/home/runner/work/develop/develop/packages/framework/tests/Unit/FileConflictExceptionTest.php" line="44" class="Hyde\Framework\Testing\Unit\FileConflictExceptionTest" classname="Hyde.Framework.Testing.Unit.FileConflictExceptionTest" assertions="1" time="0.002667"/>
      </testsuite>
      <testsuite name="Hyde\Framework\Testing\Unit\Foundation\HyperlinkFileHelperRelativeLinkTest" file="/home/runner/work/develop/develop/packages/framework/tests/Unit/Foundation/HyperlinkFileHelperRelativeLinkTest.php" tests="16" assertions="29" errors="0" failures="0" skipped="0" time="0.052639">
        <testcase name="testHelperReturnsStringAsIsIfCurrentIsNotSet" file="/home/runner/work/develop/develop/packages/framework/tests/Unit/Foundation/HyperlinkFileHelperRelativeLinkTest.php" line="32" class="Hyde\Framework\Testing\Unit\Foundation\HyperlinkFileHelperRelativeLinkTest" classname="Hyde.Framework.Testing.Unit.Foundation.HyperlinkFileHelperRelativeLinkTest" assertions="1" time="0.004006"/>
        <testcase name="testHelperInjectsProperNumberOfDoublesSlash" file="/home/runner/work/develop/develop/packages/framework/tests/Unit/Foundation/HyperlinkFileHelperRelativeLinkTest.php" line="37" class="Hyde\Framework\Testing\Unit\Foundation\HyperlinkFileHelperRelativeLinkTest" classname="Hyde.Framework.Testing.Unit.Foundation.HyperlinkFileHelperRelativeLinkTest" assertions="1" time="0.003248"/>
        <testcase name="testHelperInjectsProperNumberOfDoublesSlashForDeeplyNestedPaths" file="/home/runner/work/develop/develop/packages/framework/tests/Unit/Foundation/HyperlinkFileHelperRelativeLinkTest.php" line="43" class="Hyde\Framework\Testing\Unit\Foundation\HyperlinkFileHelperRelativeLinkTest" classname="Hyde.Framework.Testing.Unit.Foundation.HyperlinkFileHelperRelativeLinkTest" assertions="1" time="0.003265"/>
        <testcase name="testHelperHandlesDestinationWithoutFileExtension" file="/home/runner/work/develop/develop/packages/framework/tests/Unit/Foundation/HyperlinkFileHelperRelativeLinkTest.php" line="49" class="Hyde\Framework\Testing\Unit\Foundation\HyperlinkFileHelperRelativeLinkTest" classname="Hyde.Framework.Testing.Unit.Foundation.HyperlinkFileHelperRelativeLinkTest" assertions="1" time="0.003212"/>
        <testcase name="testHelperHandlesCurrentWithoutFileExtension" file="/home/runner/work/develop/develop/packages/framework/tests/Unit/Foundation/HyperlinkFileHelperRelativeLinkTest.php" line="55" class="Hyde\Framework\Testing\Unit\Foundation\HyperlinkFileHelperRelativeLinkTest" classname="Hyde.Framework.Testing.Unit.Foundation.HyperlinkFileHelperRelativeLinkTest" assertions="1" time="0.003262"/>
        <testcase name="testHelperHandlesCaseWithoutAnyFileExtensions" file="/home/runner/work/develop/develop/packages/framework/tests/Unit/Foundation/HyperlinkFileHelperRelativeLinkTest.php" line="61" class="Hyde\Framework\Testing\Unit\Foundation\HyperlinkFileHelperRelativeLinkTest" classname="Hyde.Framework.Testing.Unit.Foundation.HyperlinkFileHelperRelativeLinkTest" assertions="1" time="0.002928"/>
        <testcase name="testHelperHandlesCaseWithMixedFileExtensions" file="/home/runner/work/develop/develop/packages/framework/tests/Unit/Foundation/HyperlinkFileHelperRelativeLinkTest.php" line="67" class="Hyde\Framework\Testing\Unit\Foundation\HyperlinkFileHelperRelativeLinkTest" classname="Hyde.Framework.Testing.Unit.Foundation.HyperlinkFileHelperRelativeLinkTest" assertions="2" time="0.003188"/>
        <testcase name="testHelperHandlesDifferentFileExtensions" file="/home/runner/work/develop/develop/packages/framework/tests/Unit/Foundation/HyperlinkFileHelperRelativeLinkTest.php" line="75" class="Hyde\Framework\Testing\Unit\Foundation\HyperlinkFileHelperRelativeLinkTest" classname="Hyde.Framework.Testing.Unit.Foundation.HyperlinkFileHelperRelativeLinkTest" assertions="3" time="0.003286"/>
        <testcase name="testHelperReturnsPrettyUrlIfEnabledAndDestinationIsAHtmlFile" file="/home/runner/work/develop/develop/packages/framework/tests/Unit/Foundation/HyperlinkFileHelperRelativeLinkTest.php" line="83" class="Hyde\Framework\Testing\Unit\Foundation\HyperlinkFileHelperRelativeLinkTest" classname="Hyde.Framework.Testing.Unit.Foundation.HyperlinkFileHelperRelativeLinkTest" assertions="1" time="0.003065"/>
        <testcase name="testHelperMethodDoesNotRequireCurrentPathToBeHtmlToUsePrettyUrls" file="/home/runner/work/develop/develop/packages/framework/tests/Unit/Foundation/HyperlinkFileHelperRelativeLinkTest.php" line="90" class="Hyde\Framework\Testing\Unit\Foundation\HyperlinkFileHelperRelativeLinkTest" classname="Hyde.Framework.Testing.Unit.Foundation.HyperlinkFileHelperRelativeLinkTest" assertions="1" time="0.003050"/>
        <testcase name="testHelperReturnsDoesNotReturnPrettyUrlIfWhenEnabledButAndDestinationIsNotAHtmlFile" file="/home/runner/work/develop/develop/packages/framework/tests/Unit/Foundation/HyperlinkFileHelperRelativeLinkTest.php" line="97" class="Hyde\Framework\Testing\Unit\Foundation\HyperlinkFileHelperRelativeLinkTest" classname="Hyde.Framework.Testing.Unit.Foundation.HyperlinkFileHelperRelativeLinkTest" assertions="1" time="0.003080"/>
        <testcase name="testHelperRewritesIndexWhenUsingPrettyUrls" file="/home/runner/work/develop/develop/packages/framework/tests/Unit/Foundation/HyperlinkFileHelperRelativeLinkTest.php" line="104" class="Hyde\Framework\Testing\Unit\Foundation\HyperlinkFileHelperRelativeLinkTest" classname="Hyde.Framework.Testing.Unit.Foundation.HyperlinkFileHelperRelativeLinkTest" assertions="3" time="0.003459"/>
        <testcase name="testHelperDoesNotRewriteIndexWhenNotUsingPrettyUrls" file="/home/runner/work/develop/develop/packages/framework/tests/Unit/Foundation/HyperlinkFileHelperRelativeLinkTest.php" line="115" class="Hyde\Framework\Testing\Unit\Foundation\HyperlinkFileHelperRelativeLinkTest" classname="Hyde.Framework.Testing.Unit.Foundation.HyperlinkFileHelperRelativeLinkTest" assertions="3" time="0.003508"/>
        <testcase name="testHelperRewritesDocumentationPageIndexWhenUsingPrettyUrls" file="/home/runner/work/develop/develop/packages/framework/tests/Unit/Foundation/HyperlinkFileHelperRelativeLinkTest.php" line="126" class="Hyde\Framework\Testing\Unit\Foundation\HyperlinkFileHelperRelativeLinkTest" classname="Hyde.Framework.Testing.Unit.Foundation.HyperlinkFileHelperRelativeLinkTest" assertions="4" time="0.003799"/>
        <testcase name="testHelperDoesNotRewriteDocumentationPageIndexWhenNotUsingPrettyUrls" file="/home/runner/work/develop/develop/packages/framework/tests/Unit/Foundation/HyperlinkFileHelperRelativeLinkTest.php" line="139" class="Hyde\Framework\Testing\Unit\Foundation\HyperlinkFileHelperRelativeLinkTest" classname="Hyde.Framework.Testing.Unit.Foundation.HyperlinkFileHelperRelativeLinkTest" assertions="4" time="0.003779"/>
        <testcase name="testHelperDoesNotRewriteAlreadyProcessedLinks" file="/home/runner/work/develop/develop/packages/framework/tests/Unit/Foundation/HyperlinkFileHelperRelativeLinkTest.php" line="152" class="Hyde\Framework\Testing\Unit\Foundation\HyperlinkFileHelperRelativeLinkTest" classname="Hyde.Framework.Testing.Unit.Foundation.HyperlinkFileHelperRelativeLinkTest" assertions="1" time="0.002503"/>
      </testsuite>
      <testsuite name="Hyde\Framework\Testing\Unit\Foundation\HyperlinkFormatHtmlPathTest" file="/home/runner/work/develop/develop/packages/framework/tests/Unit/Foundation/HyperlinkFormatHtmlPathTest.php" tests="14" assertions="14" errors="0" failures="0" skipped="0" time="0.038646">
        <testcase name="test_helper_returns_string_as_is_if_pretty_urls_is_not_true" file="/home/runner/work/develop/develop/packages/framework/tests/Unit/Foundation/HyperlinkFormatHtmlPathTest.php" line="21" class="Hyde\Framework\Testing\Unit\Foundation\HyperlinkFormatHtmlPathTest" classname="Hyde.Framework.Testing.Unit.Foundation.HyperlinkFormatHtmlPathTest" assertions="1" time="0.004238"/>
        <testcase name="test_helper_returns_pretty_url_if_pretty_urls_is_true" file="/home/runner/work/develop/develop/packages/framework/tests/Unit/Foundation/HyperlinkFormatHtmlPathTest.php" line="28" class="Hyde\Framework\Testing\Unit\Foundation\HyperlinkFormatHtmlPathTest" classname="Hyde.Framework.Testing.Unit.Foundation.HyperlinkFormatHtmlPathTest" assertions="1" time="0.002734"/>
        <testcase name="test_helper_respects_absolute_urls" file="/home/runner/work/develop/develop/packages/framework/tests/Unit/Foundation/HyperlinkFormatHtmlPathTest.php" line="35" class="Hyde\Framework\Testing\Unit\Foundation\HyperlinkFormatHtmlPathTest" classname="Hyde.Framework.Testing.Unit.Foundation.HyperlinkFormatHtmlPathTest" assertions="1" time="0.002663"/>
        <testcase name="test_helper_respects_pretty_absolute_urls" file="/home/runner/work/develop/develop/packages/framework/tests/Unit/Foundation/HyperlinkFormatHtmlPathTest.php" line="41" class="Hyde\Framework\Testing\Unit\Foundation\HyperlinkFormatHtmlPathTest" classname="Hyde.Framework.Testing.Unit.Foundation.HyperlinkFormatHtmlPathTest" assertions="1" time="0.002624"/>
        <testcase name="test_helper_respects_relative_urls" file="/home/runner/work/develop/develop/packages/framework/tests/Unit/Foundation/HyperlinkFormatHtmlPathTest.php" line="47" class="Hyde\Framework\Testing\Unit\Foundation\HyperlinkFormatHtmlPathTest" classname="Hyde.Framework.Testing.Unit.Foundation.HyperlinkFormatHtmlPathTest" assertions="1" time="0.002605"/>
        <testcase name="test_helper_respects_pretty_relative_urls" file="/home/runner/work/develop/develop/packages/framework/tests/Unit/Foundation/HyperlinkFormatHtmlPathTest.php" line="53" class="Hyde\Framework\Testing\Unit\Foundation\HyperlinkFormatHtmlPathTest" classname="Hyde.Framework.Testing.Unit.Foundation.HyperlinkFormatHtmlPathTest" assertions="1" time="0.002582"/>
        <testcase name="test_non_html_links_are_not_modified" file="/home/runner/work/develop/develop/packages/framework/tests/Unit/Foundation/HyperlinkFormatHtmlPathTest.php" line="59" class="Hyde\Framework\Testing\Unit\Foundation\HyperlinkFormatHtmlPathTest" classname="Hyde.Framework.Testing.Unit.Foundation.HyperlinkFormatHtmlPathTest" assertions="1" time="0.002620"/>
        <testcase name="test_helper_respects_absolute_urls_with_pretty_urls_enabled" file="/home/runner/work/develop/develop/packages/framework/tests/Unit/Foundation/HyperlinkFormatHtmlPathTest.php" line="65" class="Hyde\Framework\Testing\Unit\Foundation\HyperlinkFormatHtmlPathTest" classname="Hyde.Framework.Testing.Unit.Foundation.HyperlinkFormatHtmlPathTest" assertions="1" time="0.002669"/>
        <testcase name="test_helper_rewrites_index_when_using_pretty_urls" file="/home/runner/work/develop/develop/packages/framework/tests/Unit/Foundation/HyperlinkFormatHtmlPathTest.php" line="71" class="Hyde\Framework\Testing\Unit\Foundation\HyperlinkFormatHtmlPathTest" classname="Hyde.Framework.Testing.Unit.Foundation.HyperlinkFormatHtmlPathTest" assertions="1" time="0.002681"/>
        <testcase name="test_helper_does_not_rewrite_index_when_not_using_pretty_urls" file="/home/runner/work/develop/develop/packages/framework/tests/Unit/Foundation/HyperlinkFormatHtmlPathTest.php" line="77" class="Hyde\Framework\Testing\Unit\Foundation\HyperlinkFormatHtmlPathTest" classname="Hyde.Framework.Testing.Unit.Foundation.HyperlinkFormatHtmlPathTest" assertions="1" time="0.002675"/>
        <testcase name="test_helper_rewrites_documentation_page_index_when_using_pretty_urls" file="/home/runner/work/develop/develop/packages/framework/tests/Unit/Foundation/HyperlinkFormatHtmlPathTest.php" line="83" class="Hyde\Framework\Testing\Unit\Foundation\HyperlinkFormatHtmlPathTest" classname="Hyde.Framework.Testing.Unit.Foundation.HyperlinkFormatHtmlPathTest" assertions="1" time="0.002677"/>
        <testcase name="test_helper_does_not_rewrite_documentation_page_index_when_not_using_pretty_urls" file="/home/runner/work/develop/develop/packages/framework/tests/Unit/Foundation/HyperlinkFormatHtmlPathTest.php" line="89" class="Hyde\Framework\Testing\Unit\Foundation\HyperlinkFormatHtmlPathTest" classname="Hyde.Framework.Testing.Unit.Foundation.HyperlinkFormatHtmlPathTest" assertions="1" time="0.002659"/>
        <testcase name="test_helpers_rewrites_arbitrary_nested_index_pages_when_using_pretty_urls" file="/home/runner/work/develop/develop/packages/framework/tests/Unit/Foundation/HyperlinkFormatHtmlPathTest.php" line="95" class="Hyde\Framework\Testing\Unit\Foundation\HyperlinkFormatHtmlPathTest" classname="Hyde.Framework.Testing.Unit.Foundation.HyperlinkFormatHtmlPathTest" assertions="1" time="0.002625"/>
        <testcase name="test_helpers_does_not_rewrite_arbitrary_nested_index_pages_when_not_using_pretty_urls" file="/home/runner/work/develop/develop/packages/framework/tests/Unit/Foundation/HyperlinkFormatHtmlPathTest.php" line="101" class="Hyde\Framework\Testing\Unit\Foundation\HyperlinkFormatHtmlPathTest" classname="Hyde.Framework.Testing.Unit.Foundation.HyperlinkFormatHtmlPathTest" assertions="1" time="0.002594"/>
      </testsuite>
      <testsuite name="Hyde\Framework\Testing\Unit\Foundation\HyperlinksUrlPathHelpersTest" file="/home/runner/work/develop/develop/packages/framework/tests/Unit/Foundation/HyperlinksUrlPathHelpersTest.php" tests="11" assertions="16" errors="0" failures="0" skipped="0" time="0.079352">
        <testcase name="test_has_site_url_returns_false_when_no_site_url_is_set" file="/home/runner/work/develop/develop/packages/framework/tests/Unit/Foundation/HyperlinksUrlPathHelpersTest.php" line="28" class="Hyde\Framework\Testing\Unit\Foundation\HyperlinksUrlPathHelpersTest" classname="Hyde.Framework.Testing.Unit.Foundation.HyperlinksUrlPathHelpersTest" assertions="1" time="0.006927"/>
        <testcase name="test_has_site_url_returns_true_when_site_url_is_set" file="/home/runner/work/develop/develop/packages/framework/tests/Unit/Foundation/HyperlinksUrlPathHelpersTest.php" line="34" class="Hyde\Framework\Testing\Unit\Foundation\HyperlinksUrlPathHelpersTest" classname="Hyde.Framework.Testing.Unit.Foundation.HyperlinksUrlPathHelpersTest" assertions="1" time="0.006250"/>
        <testcase name="test_qualified_url_returns_site_url_when_no_path_is_given" file="/home/runner/work/develop/develop/packages/framework/tests/Unit/Foundation/HyperlinksUrlPathHelpersTest.php" line="40" class="Hyde\Framework\Testing\Unit\Foundation\HyperlinksUrlPathHelpersTest" classname="Hyde.Framework.Testing.Unit.Foundation.HyperlinksUrlPathHelpersTest" assertions="1" time="0.006697"/>
        <testcase name="test_qualified_url_returns_site_url_plus_given_path" file="/home/runner/work/develop/develop/packages/framework/tests/Unit/Foundation/HyperlinksUrlPathHelpersTest.php" line="46" class="Hyde\Framework\Testing\Unit\Foundation\HyperlinksUrlPathHelpersTest" classname="Hyde.Framework.Testing.Unit.Foundation.HyperlinksUrlPathHelpersTest" assertions="1" time="0.006988"/>
        <testcase name="test_qualified_url_returns_site_url_plus_given_path_with_extension" file="/home/runner/work/develop/develop/packages/framework/tests/Unit/Foundation/HyperlinksUrlPathHelpersTest.php" line="52" class="Hyde\Framework\Testing\Unit\Foundation\HyperlinksUrlPathHelpersTest" classname="Hyde.Framework.Testing.Unit.Foundation.HyperlinksUrlPathHelpersTest" assertions="1" time="0.007141"/>
        <testcase name="test_qualified_url_returns_site_url_plus_given_path_with_extension_and_query_string" file="/home/runner/work/develop/develop/packages/framework/tests/Unit/Foundation/HyperlinksUrlPathHelpersTest.php" line="58" class="Hyde\Framework\Testing\Unit\Foundation\HyperlinksUrlPathHelpersTest" classname="Hyde.Framework.Testing.Unit.Foundation.HyperlinksUrlPathHelpersTest" assertions="1" time="0.007430"/>
        <testcase name="test_qualified_url_trims_trailing_slashes" file="/home/runner/work/develop/develop/packages/framework/tests/Unit/Foundation/HyperlinksUrlPathHelpersTest.php" line="64" class="Hyde\Framework\Testing\Unit\Foundation\HyperlinksUrlPathHelpersTest" classname="Hyde.Framework.Testing.Unit.Foundation.HyperlinksUrlPathHelpersTest" assertions="3" time="0.007800"/>
        <testcase name="test_qualified_url_accepts_multiple_schemes" file="/home/runner/work/develop/develop/packages/framework/tests/Unit/Foundation/HyperlinksUrlPathHelpersTest.php" line="72" class="Hyde\Framework\Testing\Unit\Foundation\HyperlinksUrlPathHelpersTest" classname="Hyde.Framework.Testing.Unit.Foundation.HyperlinksUrlPathHelpersTest" assertions="1" time="0.007787"/>
        <testcase name="test_qualified_url_throws_exception_when_no_site_url_is_set" file="/home/runner/work/develop/develop/packages/framework/tests/Unit/Foundation/HyperlinksUrlPathHelpersTest.php" line="78" class="Hyde\Framework\Testing\Unit\Foundation\HyperlinksUrlPathHelpersTest" classname="Hyde.Framework.Testing.Unit.Foundation.HyperlinksUrlPathHelpersTest" assertions="2" time="0.007355"/>
        <testcase name="test_helper_returns_expected_string_when_site_url_is_set" file="/home/runner/work/develop/develop/packages/framework/tests/Unit/Foundation/HyperlinksUrlPathHelpersTest.php" line="86" class="Hyde\Framework\Testing\Unit\Foundation\HyperlinksUrlPathHelpersTest" classname="Hyde.Framework.Testing.Unit.Foundation.HyperlinksUrlPathHelpersTest" assertions="1" time="0.007241"/>
        <testcase name="test_helper_returns_expected_string_when_pretty_urls_are_enabled" file="/home/runner/work/develop/develop/packages/framework/tests/Unit/Foundation/HyperlinksUrlPathHelpersTest.php" line="92" class="Hyde\Framework\Testing\Unit\Foundation\HyperlinksUrlPathHelpersTest" classname="Hyde.Framework.Testing.Unit.Foundation.HyperlinksUrlPathHelpersTest" assertions="3" time="0.007736"/>
      </testsuite>
      <testsuite name="Hyde\Framework\Testing\Unit\FoundationFacadesTest" file="/home/runner/work/develop/develop/packages/framework/tests/Unit/FoundationFacadesTest.php" tests="6" assertions="6" errors="0" failures="0" skipped="0" time="0.025229">
        <testcase name="testFilesFacade" file="/home/runner/work/develop/develop/packages/framework/tests/Unit/FoundationFacadesTest.php" line="29" class="Hyde\Framework\Testing\Unit\FoundationFacadesTest" classname="Hyde.Framework.Testing.Unit.FoundationFacadesTest" assertions="1" time="0.010642"/>
        <testcase name="testPagesFacade" file="/home/runner/work/develop/develop/packages/framework/tests/Unit/FoundationFacadesTest.php" line="34" class="Hyde\Framework\Testing\Unit\FoundationFacadesTest" classname="Hyde.Framework.Testing.Unit.FoundationFacadesTest" assertions="1" time="0.002984"/>
        <testcase name="testRoutesFacade" file="/home/runner/work/develop/develop/packages/framework/tests/Unit/FoundationFacadesTest.php" line="39" class="Hyde\Framework\Testing\Unit\FoundationFacadesTest" classname="Hyde.Framework.Testing.Unit.FoundationFacadesTest" assertions="1" time="0.002942"/>
        <testcase name="testFilesFacadeUsesKernelInstance" file="/home/runner/work/develop/develop/packages/framework/tests/Unit/FoundationFacadesTest.php" line="44" class="Hyde\Framework\Testing\Unit\FoundationFacadesTest" classname="Hyde.Framework.Testing.Unit.FoundationFacadesTest" assertions="1" time="0.002916"/>
        <testcase name="testPagesFacadeUsesKernelInstance" file="/home/runner/work/develop/develop/packages/framework/tests/Unit/FoundationFacadesTest.php" line="49" class="Hyde\Framework\Testing\Unit\FoundationFacadesTest" classname="Hyde.Framework.Testing.Unit.FoundationFacadesTest" assertions="1" time="0.002873"/>
        <testcase name="testRoutesFacadeUsesKernelInstance" file="/home/runner/work/develop/develop/packages/framework/tests/Unit/FoundationFacadesTest.php" line="54" class="Hyde\Framework\Testing\Unit\FoundationFacadesTest" classname="Hyde.Framework.Testing.Unit.FoundationFacadesTest" assertions="1" time="0.002872"/>
      </testsuite>
      <testsuite name="Hyde\Framework\Testing\Unit\FrontMatterModelTest" file="/home/runner/work/develop/develop/packages/framework/tests/Unit/FrontMatterModelTest.php" tests="17" assertions="18" errors="0" failures="0" skipped="0" time="0.043114">
        <testcase name="testConstructorCreatesNewFrontMatterModel" file="/home/runner/work/develop/develop/packages/framework/tests/Unit/FrontMatterModelTest.php" line="15" class="Hyde\Framework\Testing\Unit\FrontMatterModelTest" classname="Hyde.Framework.Testing.Unit.FrontMatterModelTest" assertions="1" time="0.003120"/>
        <testcase name="testConstructorArgumentsAreOptional" file="/home/runner/work/develop/develop/packages/framework/tests/Unit/FrontMatterModelTest.php" line="20" class="Hyde\Framework\Testing\Unit\FrontMatterModelTest" classname="Hyde.Framework.Testing.Unit.FrontMatterModelTest" assertions="1" time="0.002395"/>
        <testcase name="testConstructorArgumentsAreAssigned" file="/home/runner/work/develop/develop/packages/framework/tests/Unit/FrontMatterModelTest.php" line="25" class="Hyde\Framework\Testing\Unit\FrontMatterModelTest" classname="Hyde.Framework.Testing.Unit.FrontMatterModelTest" assertions="1" time="0.002705"/>
        <testcase name="testStaticFromArrayMethodCreatesNewFrontMatterModel" file="/home/runner/work/develop/develop/packages/framework/tests/Unit/FrontMatterModelTest.php" line="30" class="Hyde\Framework\Testing\Unit\FrontMatterModelTest" classname="Hyde.Framework.Testing.Unit.FrontMatterModelTest" assertions="2" time="0.002819"/>
        <testcase name="testToStringMagicMethodConvertsModelArrayIntoYamlFrontMatter" file="/home/runner/work/develop/develop/packages/framework/tests/Unit/FrontMatterModelTest.php" line="37" class="Hyde\Framework\Testing\Unit\FrontMatterModelTest" classname="Hyde.Framework.Testing.Unit.FrontMatterModelTest" assertions="1" time="0.002519"/>
        <testcase name="testMagicGetMethodReturnsFrontMatterProperty" file="/home/runner/work/develop/develop/packages/framework/tests/Unit/FrontMatterModelTest.php" line="43" class="Hyde\Framework\Testing\Unit\FrontMatterModelTest" classname="Hyde.Framework.Testing.Unit.FrontMatterModelTest" assertions="1" time="0.002618"/>
        <testcase name="testMagicGetMethodReturnsNullIfPropertyDoesNotExist" file="/home/runner/work/develop/develop/packages/framework/tests/Unit/FrontMatterModelTest.php" line="48" class="Hyde\Framework\Testing\Unit\FrontMatterModelTest" classname="Hyde.Framework.Testing.Unit.FrontMatterModelTest" assertions="1" time="0.002677"/>
        <testcase name="testGetMethodReturnsDataWhenNoArgumentIsSpecified" file="/home/runner/work/develop/develop/packages/framework/tests/Unit/FrontMatterModelTest.php" line="53" class="Hyde\Framework\Testing\Unit\FrontMatterModelTest" classname="Hyde.Framework.Testing.Unit.FrontMatterModelTest" assertions="1" time="0.002372"/>
        <testcase name="testGetMethodReturnsDataWhenNoArgumentIsSpecifiedWithData" file="/home/runner/work/develop/develop/packages/framework/tests/Unit/FrontMatterModelTest.php" line="58" class="Hyde\Framework\Testing\Unit\FrontMatterModelTest" classname="Hyde.Framework.Testing.Unit.FrontMatterModelTest" assertions="1" time="0.002632"/>
        <testcase name="testGetMethodReturnsNullIfSpecifiedFrontMatterKeyDoesNotExist" file="/home/runner/work/develop/develop/packages/framework/tests/Unit/FrontMatterModelTest.php" line="63" class="Hyde\Framework\Testing\Unit\FrontMatterModelTest" classname="Hyde.Framework.Testing.Unit.FrontMatterModelTest" assertions="1" time="0.002377"/>
        <testcase name="testGetMethodReturnsSpecifiedDefaultValueIfPropertyDoesNotExist" file="/home/runner/work/develop/develop/packages/framework/tests/Unit/FrontMatterModelTest.php" line="68" class="Hyde\Framework\Testing\Unit\FrontMatterModelTest" classname="Hyde.Framework.Testing.Unit.FrontMatterModelTest" assertions="1" time="0.002641"/>
        <testcase name="testGetMethodReturnsSpecifiedFrontMatterValueIfKeyIsSpecified" file="/home/runner/work/develop/develop/packages/framework/tests/Unit/FrontMatterModelTest.php" line="74" class="Hyde\Framework\Testing\Unit\FrontMatterModelTest" classname="Hyde.Framework.Testing.Unit.FrontMatterModelTest" assertions="1" time="0.002631"/>
        <testcase name="testSetMethodSetsFrontMatterProperty" file="/home/runner/work/develop/develop/packages/framework/tests/Unit/FrontMatterModelTest.php" line="79" class="Hyde\Framework\Testing\Unit\FrontMatterModelTest" classname="Hyde.Framework.Testing.Unit.FrontMatterModelTest" assertions="1" time="0.002329"/>
        <testcase name="testSetMethodReturnsSelf" file="/home/runner/work/develop/develop/packages/framework/tests/Unit/FrontMatterModelTest.php" line="84" class="Hyde\Framework\Testing\Unit\FrontMatterModelTest" classname="Hyde.Framework.Testing.Unit.FrontMatterModelTest" assertions="1" time="0.002287"/>
        <testcase name="testHasMethodReturnsTrueIfPropertyExists" file="/home/runner/work/develop/develop/packages/framework/tests/Unit/FrontMatterModelTest.php" line="90" class="Hyde\Framework\Testing\Unit\FrontMatterModelTest" classname="Hyde.Framework.Testing.Unit.FrontMatterModelTest" assertions="1" time="0.002342"/>
        <testcase name="testHasMethodReturnsFalseIfPropertyDoesNotExist" file="/home/runner/work/develop/develop/packages/framework/tests/Unit/FrontMatterModelTest.php" line="95" class="Hyde\Framework\Testing\Unit\FrontMatterModelTest" classname="Hyde.Framework.Testing.Unit.FrontMatterModelTest" assertions="1" time="0.002328"/>
        <testcase name="testToArrayReturnsFrontMatterArray" file="/home/runner/work/develop/develop/packages/framework/tests/Unit/FrontMatterModelTest.php" line="100" class="Hyde\Framework\Testing\Unit\FrontMatterModelTest" classname="Hyde.Framework.Testing.Unit.FrontMatterModelTest" assertions="1" time="0.002323"/>
      </testsuite>
      <testsuite name="Hyde\Framework\Testing\Unit\GenerateBuildManifestTest" file="/home/runner/work/develop/develop/packages/framework/tests/Unit/GenerateBuildManifestTest.php" tests="1" assertions="15" errors="0" failures="0" skipped="0" time="0.008718">
        <testcase name="test_action_generates_build_manifest" file="/home/runner/work/develop/develop/packages/framework/tests/Unit/GenerateBuildManifestTest.php" line="24" class="Hyde\Framework\Testing\Unit\GenerateBuildManifestTest" classname="Hyde.Framework.Testing.Unit.GenerateBuildManifestTest" assertions="15" time="0.008718"/>
      </testsuite>
      <testsuite name="Hyde\Framework\Testing\Unit\GetLatestMarkdownPostsTest" file="/home/runner/work/develop/develop/packages/framework/tests/Unit/GetLatestMarkdownPostsTest.php" tests="1" assertions="5" errors="0" failures="0" skipped="0" time="0.017288">
        <testcase name="test_markdown_page_get_latest_helper_returns_sorted_markdown_page_collection" file="/home/runner/work/develop/develop/packages/framework/tests/Unit/GetLatestMarkdownPostsTest.php" line="18" class="Hyde\Framework\Testing\Unit\GetLatestMarkdownPostsTest" classname="Hyde.Framework.Testing.Unit.GetLatestMarkdownPostsTest" assertions="5" time="0.017288"/>
      </testsuite>
      <testsuite name="Hyde\Framework\Testing\Unit\HasTableOfContentsTest" file="/home/runner/work/develop/develop/packages/framework/tests/Unit/HasTableOfContentsTest.php" tests="1" assertions="1" errors="0" failures="0" skipped="0" time="0.010848">
        <testcase name="testConstructorCreatesTableOfContentsString" file="/home/runner/work/develop/develop/packages/framework/tests/Unit/HasTableOfContentsTest.php" line="20" class="Hyde\Framework\Testing\Unit\HasTableOfContentsTest" classname="Hyde.Framework.Testing.Unit.HasTableOfContentsTest" assertions="1" time="0.010848"/>
      </testsuite>
      <testsuite name="Hyde\Framework\Testing\Unit\HydeBasePathCanBeChangedTest" file="/home/runner/work/develop/develop/packages/framework/tests/Unit/HydeBasePathCanBeChangedTest.php" tests="1" assertions="2" errors="0" failures="0" skipped="0" time="0.007312">
        <testcase name="test_hyde_base_path_can_be_changed" file="/home/runner/work/develop/develop/packages/framework/tests/Unit/HydeBasePathCanBeChangedTest.php" line="37" class="Hyde\Framework\Testing\Unit\HydeBasePathCanBeChangedTest" classname="Hyde.Framework.Testing.Unit.HydeBasePathCanBeChangedTest" assertions="2" time="0.007312"/>
      </testsuite>
      <testsuite name="Hyde\Framework\Testing\Unit\HydeConfigFilesAreMatchingTest" file="/home/runner/work/develop/develop/packages/framework/tests/Unit/HydeConfigFilesAreMatchingTest.php" tests="3" assertions="9" errors="0" failures="0" skipped="0" time="0.017193">
        <testcase name="test_hyde_config_files_are_matching" file="/home/runner/work/develop/develop/packages/framework/tests/Unit/HydeConfigFilesAreMatchingTest.php" line="26" class="Hyde\Framework\Testing\Unit\HydeConfigFilesAreMatchingTest" classname="Hyde.Framework.Testing.Unit.HydeConfigFilesAreMatchingTest" assertions="3" time="0.005937"/>
        <testcase name="test_docs_config_files_are_matching" file="/home/runner/work/develop/develop/packages/framework/tests/Unit/HydeConfigFilesAreMatchingTest.php" line="34" class="Hyde\Framework\Testing\Unit\HydeConfigFilesAreMatchingTest" classname="Hyde.Framework.Testing.Unit.HydeConfigFilesAreMatchingTest" assertions="3" time="0.005449"/>
        <testcase name="test_markdown_config_files_are_matching" file="/home/runner/work/develop/develop/packages/framework/tests/Unit/HydeConfigFilesAreMatchingTest.php" line="42" class="Hyde\Framework\Testing\Unit\HydeConfigFilesAreMatchingTest" classname="Hyde.Framework.Testing.Unit.HydeConfigFilesAreMatchingTest" assertions="3" time="0.005806"/>
      </testsuite>
      <testsuite name="Hyde\Framework\Testing\Unit\HydeFileHelpersTest" file="/home/runner/work/develop/develop/packages/framework/tests/Unit/HydeFileHelpersTest.php" tests="4" assertions="4" errors="0" failures="0" skipped="0" time="0.037045">
        <testcase name="test_current_page_returns_current_page_view_property" file="/home/runner/work/develop/develop/packages/framework/tests/Unit/HydeFileHelpersTest.php" line="17" class="Hyde\Framework\Testing\Unit\HydeFileHelpersTest" classname="Hyde.Framework.Testing.Unit.HydeFileHelpersTest" assertions="1" time="0.007719"/>
        <testcase name="test_current_page_falls_back_to_empty_string_if_current_page_view_property_is_not_set" file="/home/runner/work/develop/develop/packages/framework/tests/Unit/HydeFileHelpersTest.php" line="23" class="Hyde\Framework\Testing\Unit\HydeFileHelpersTest" classname="Hyde.Framework.Testing.Unit.HydeFileHelpersTest" assertions="1" time="0.007483"/>
        <testcase name="test_current_route_returns_current_route_view_property" file="/home/runner/work/develop/develop/packages/framework/tests/Unit/HydeFileHelpersTest.php" line="28" class="Hyde\Framework\Testing\Unit\HydeFileHelpersTest" classname="Hyde.Framework.Testing.Unit.HydeFileHelpersTest" assertions="1" time="0.014597"/>
        <testcase name="test_current_route_falls_back_to_null_if_current_route_view_property_is_not_set" file="/home/runner/work/develop/develop/packages/framework/tests/Unit/HydeFileHelpersTest.php" line="34" class="Hyde\Framework\Testing\Unit\HydeFileHelpersTest" classname="Hyde.Framework.Testing.Unit.HydeFileHelpersTest" assertions="1" time="0.007246"/>
      </testsuite>
      <testsuite name="Hyde\Framework\Testing\Unit\HydeGetBasePathHasFallbackTest" file="/home/runner/work/develop/develop/packages/framework/tests/Unit/HydeGetBasePathHasFallbackTest.php" tests="1" assertions="1" errors="0" failures="0" skipped="0" time="0.007035">
        <testcase name="test_hyde_get_base_path_falls_back_to_getcwd" file="/home/runner/work/develop/develop/packages/framework/tests/Unit/HydeGetBasePathHasFallbackTest.php" line="17" class="Hyde\Framework\Testing\Unit\HydeGetBasePathHasFallbackTest" classname="Hyde.Framework.Testing.Unit.HydeGetBasePathHasFallbackTest" assertions="1" time="0.007035"/>
      </testsuite>
      <testsuite name="Hyde\Framework\Testing\Unit\HydeHelperFacadeMakeTitleTest" file="/home/runner/work/develop/develop/packages/framework/tests/Unit/HydeHelperFacadeMakeTitleTest.php" tests="9" assertions="13" errors="0" failures="0" skipped="0" time="0.019238">
        <testcase name="testMakeTitleHelperParsesKebabCaseIntoTitle" file="/home/runner/work/develop/develop/packages/framework/tests/Unit/HydeHelperFacadeMakeTitleTest.php" line="14" class="Hyde\Framework\Testing\Unit\HydeHelperFacadeMakeTitleTest" classname="Hyde.Framework.Testing.Unit.HydeHelperFacadeMakeTitleTest" assertions="1" time="0.002430"/>
        <testcase name="testMakeTitleHelperParsesSnakeCaseIntoTitle" file="/home/runner/work/develop/develop/packages/framework/tests/Unit/HydeHelperFacadeMakeTitleTest.php" line="19" class="Hyde\Framework\Testing\Unit\HydeHelperFacadeMakeTitleTest" classname="Hyde.Framework.Testing.Unit.HydeHelperFacadeMakeTitleTest" assertions="1" time="0.002094"/>
        <testcase name="testMakeTitleHelperParsesCamelCaseIntoTitle" file="/home/runner/work/develop/develop/packages/framework/tests/Unit/HydeHelperFacadeMakeTitleTest.php" line="24" class="Hyde\Framework\Testing\Unit\HydeHelperFacadeMakeTitleTest" classname="Hyde.Framework.Testing.Unit.HydeHelperFacadeMakeTitleTest" assertions="1" time="0.002056"/>
        <testcase name="testMakeTitleHelperParsesPascalCaseIntoTitle" file="/home/runner/work/develop/develop/packages/framework/tests/Unit/HydeHelperFacadeMakeTitleTest.php" line="29" class="Hyde\Framework\Testing\Unit\HydeHelperFacadeMakeTitleTest" classname="Hyde.Framework.Testing.Unit.HydeHelperFacadeMakeTitleTest" assertions="1" time="0.002029"/>
        <testcase name="testMakeTitleHelperParsesTitleCaseIntoTitle" file="/home/runner/work/develop/develop/packages/framework/tests/Unit/HydeHelperFacadeMakeTitleTest.php" line="34" class="Hyde\Framework\Testing\Unit\HydeHelperFacadeMakeTitleTest" classname="Hyde.Framework.Testing.Unit.HydeHelperFacadeMakeTitleTest" assertions="1" time="0.002018"/>
        <testcase name="testMakeTitleHelperParsesTitleCaseWithSpacesIntoTitle" file="/home/runner/work/develop/develop/packages/framework/tests/Unit/HydeHelperFacadeMakeTitleTest.php" line="39" class="Hyde\Framework\Testing\Unit\HydeHelperFacadeMakeTitleTest" classname="Hyde.Framework.Testing.Unit.HydeHelperFacadeMakeTitleTest" assertions="1" time="0.002030"/>
        <testcase name="testMakeTitleHelperDoesNotCapitalizeAuxiliaryWords" file="/home/runner/work/develop/develop/packages/framework/tests/Unit/HydeHelperFacadeMakeTitleTest.php" line="44" class="Hyde\Framework\Testing\Unit\HydeHelperFacadeMakeTitleTest" classname="Hyde.Framework.Testing.Unit.HydeHelperFacadeMakeTitleTest" assertions="1" time="0.002030"/>
        <testcase name="testMakeTitleHelperDoesNotModifyOnlyUppercaseInput" file="/home/runner/work/develop/develop/packages/framework/tests/Unit/HydeHelperFacadeMakeTitleTest.php" line="50" class="Hyde\Framework\Testing\Unit\HydeHelperFacadeMakeTitleTest" classname="Hyde.Framework.Testing.Unit.HydeHelperFacadeMakeTitleTest" assertions="3" time="0.002274"/>
        <testcase name="testMakeTitleHelperModifiesPartiallyUppercaseInput" file="/home/runner/work/develop/develop/packages/framework/tests/Unit/HydeHelperFacadeMakeTitleTest.php" line="57" class="Hyde\Framework\Testing\Unit\HydeHelperFacadeMakeTitleTest" classname="Hyde.Framework.Testing.Unit.HydeHelperFacadeMakeTitleTest" assertions="3" time="0.002277"/>
      </testsuite>
      <testsuite name="Hyde\Framework\Testing\Unit\HydeHelperFacadeTest" file="/home/runner/work/develop/develop/packages/framework/tests/Unit/HydeHelperFacadeTest.php" tests="3" assertions="3" errors="0" failures="0" skipped="0" time="0.019821">
        <testcase name="test_features_facade_returns_instance_of_features_class" file="/home/runner/work/develop/develop/packages/framework/tests/Unit/HydeHelperFacadeTest.php" line="16" class="Hyde\Framework\Testing\Unit\HydeHelperFacadeTest" classname="Hyde.Framework.Testing.Unit.HydeHelperFacadeTest" assertions="1" time="0.006930"/>
        <testcase name="test_features_facade_can_be_used_to_call_static_methods_on_features_class" file="/home/runner/work/develop/develop/packages/framework/tests/Unit/HydeHelperFacadeTest.php" line="24" class="Hyde\Framework\Testing\Unit\HydeHelperFacadeTest" classname="Hyde.Framework.Testing.Unit.HydeHelperFacadeTest" assertions="1" time="0.006564"/>
        <testcase name="test_hyde_has_feature_shorthand_calls_static_method_on_features_class" file="/home/runner/work/develop/develop/packages/framework/tests/Unit/HydeHelperFacadeTest.php" line="31" class="Hyde\Framework\Testing\Unit\HydeHelperFacadeTest" classname="Hyde.Framework.Testing.Unit.HydeHelperFacadeTest" assertions="1" time="0.006327"/>
      </testsuite>
      <testsuite name="Hyde\Framework\Testing\Unit\HydePageDataFactoryTest" file="/home/runner/work/develop/develop/packages/framework/tests/Unit/HydePageDataFactoryTest.php" tests="10" assertions="10" errors="0" failures="0" skipped="0" time="0.056284">
        <testcase name="testCanConstruct" file="/home/runner/work/develop/develop/packages/framework/tests/Unit/HydePageDataFactoryTest.php" line="32" class="Hyde\Framework\Testing\Unit\HydePageDataFactoryTest" classname="Hyde.Framework.Testing.Unit.HydePageDataFactoryTest" assertions="1" time="0.005959"/>
        <testcase name="testToArrayContainsExpectedKeys" file="/home/runner/work/develop/develop/packages/framework/tests/Unit/HydePageDataFactoryTest.php" line="37" class="Hyde\Framework\Testing\Unit\HydePageDataFactoryTest" classname="Hyde.Framework.Testing.Unit.HydePageDataFactoryTest" assertions="1" time="0.004945"/>
        <testcase name="testCanCreateTitleFromMatter" file="/home/runner/work/develop/develop/packages/framework/tests/Unit/HydePageDataFactoryTest.php" line="42" class="Hyde\Framework\Testing\Unit\HydePageDataFactoryTest" classname="Hyde.Framework.Testing.Unit.HydePageDataFactoryTest" assertions="1" time="0.005167"/>
        <testcase name="testCanCreateTitleFromMarkdown" file="/home/runner/work/develop/develop/packages/framework/tests/Unit/HydePageDataFactoryTest.php" line="47" class="Hyde\Framework\Testing\Unit\HydePageDataFactoryTest" classname="Hyde.Framework.Testing.Unit.HydePageDataFactoryTest" assertions="1" time="0.005587"/>
        <testcase name="testTitlePrefersMatter" file="/home/runner/work/develop/develop/packages/framework/tests/Unit/HydePageDataFactoryTest.php" line="52" class="Hyde\Framework\Testing\Unit\HydePageDataFactoryTest" classname="Hyde.Framework.Testing.Unit.HydePageDataFactoryTest" assertions="1" time="0.005461"/>
        <testcase name="testTitleFallsBackToIdentifier" file="/home/runner/work/develop/develop/packages/framework/tests/Unit/HydePageDataFactoryTest.php" line="57" class="Hyde\Framework\Testing\Unit\HydePageDataFactoryTest" classname="Hyde.Framework.Testing.Unit.HydePageDataFactoryTest" assertions="1" time="0.005695"/>
        <testcase name="testTitleFallsBackToIdentifierBasename" file="/home/runner/work/develop/develop/packages/framework/tests/Unit/HydePageDataFactoryTest.php" line="62" class="Hyde\Framework\Testing\Unit\HydePageDataFactoryTest" classname="Hyde.Framework.Testing.Unit.HydePageDataFactoryTest" assertions="1" time="0.006110"/>
        <testcase name="testIndexPageTitlesCanBeCreatedFromParentIdentifierBasename" file="/home/runner/work/develop/develop/packages/framework/tests/Unit/HydePageDataFactoryTest.php" line="67" class="Hyde\Framework\Testing\Unit\HydePageDataFactoryTest" classname="Hyde.Framework.Testing.Unit.HydePageDataFactoryTest" assertions="1" time="0.006189"/>
        <testcase name="testIndexPageTitlesCanBeCreatedFromNestedParentIdentifierBasename" file="/home/runner/work/develop/develop/packages/framework/tests/Unit/HydePageDataFactoryTest.php" line="72" class="Hyde\Framework\Testing\Unit\HydePageDataFactoryTest" classname="Hyde.Framework.Testing.Unit.HydePageDataFactoryTest" assertions="1" time="0.005817"/>
        <testcase name="testNavigationDataIsGeneratedByNavigationDataFactory" file="/home/runner/work/develop/develop/packages/framework/tests/Unit/HydePageDataFactoryTest.php" line="77" class="Hyde\Framework\Testing\Unit\HydePageDataFactoryTest" classname="Hyde.Framework.Testing.Unit.HydePageDataFactoryTest" assertions="1" time="0.005354"/>
      </testsuite>
      <testsuite name="Hyde\Framework\Testing\Unit\HydePageSerializableUnitTest" file="/home/runner/work/develop/develop/packages/framework/tests/Unit/HydePageSerializableUnitTest.php" tests="24" assertions="24" errors="0" failures="0" skipped="0" time="0.117338">
        <testcase name="testToArray" file="/home/runner/work/develop/develop/packages/framework/tests/Unit/HydePageSerializableUnitTest.php" line="28" class="Hyde\Framework\Testing\Unit\HydePageSerializableUnitTest" classname="Hyde.Framework.Testing.Unit.HydePageSerializableUnitTest" assertions="1" time="0.006352"/>
        <testcase name="testJsonSerializeUsesArraySerialize" file="/home/runner/work/develop/develop/packages/framework/tests/Unit/HydePageSerializableUnitTest.php" line="33" class="Hyde\Framework\Testing\Unit\HydePageSerializableUnitTest" classname="Hyde.Framework.Testing.Unit.HydePageSerializableUnitTest" assertions="1" time="0.005082"/>
        <testcase name="testToJsonUsesJsonEncodedObject" file="/home/runner/work/develop/develop/packages/framework/tests/Unit/HydePageSerializableUnitTest.php" line="39" class="Hyde\Framework\Testing\Unit\HydePageSerializableUnitTest" classname="Hyde.Framework.Testing.Unit.HydePageSerializableUnitTest" assertions="1" time="0.005022"/>
        <testcase name="testToJsonUsesJsonEncodedArray" file="/home/runner/work/develop/develop/packages/framework/tests/Unit/HydePageSerializableUnitTest.php" line="45" class="Hyde\Framework\Testing\Unit\HydePageSerializableUnitTest" classname="Hyde.Framework.Testing.Unit.HydePageSerializableUnitTest" assertions="1" time="0.005001"/>
        <testcase name="testHydePageToArrayKeys" file="/home/runner/work/develop/develop/packages/framework/tests/Unit/HydePageSerializableUnitTest.php" line="51" class="Hyde\Framework\Testing\Unit\HydePageSerializableUnitTest" classname="Hyde.Framework.Testing.Unit.HydePageSerializableUnitTest" assertions="1" time="0.004659"/>
        <testcase name="testHtmlPageToArrayKeys" file="/home/runner/work/develop/develop/packages/framework/tests/Unit/HydePageSerializableUnitTest.php" line="59" class="Hyde\Framework\Testing\Unit\HydePageSerializableUnitTest" classname="Hyde.Framework.Testing.Unit.HydePageSerializableUnitTest" assertions="1" time="0.004610"/>
        <testcase name="testBladePageToArrayKeys" file="/home/runner/work/develop/develop/packages/framework/tests/Unit/HydePageSerializableUnitTest.php" line="67" class="Hyde\Framework\Testing\Unit\HydePageSerializableUnitTest" classname="Hyde.Framework.Testing.Unit.HydePageSerializableUnitTest" assertions="1" time="0.004703"/>
        <testcase name="testMarkdownPageToArrayKeys" file="/home/runner/work/develop/develop/packages/framework/tests/Unit/HydePageSerializableUnitTest.php" line="75" class="Hyde\Framework\Testing\Unit\HydePageSerializableUnitTest" classname="Hyde.Framework.Testing.Unit.HydePageSerializableUnitTest" assertions="1" time="0.004709"/>
        <testcase name="testMarkdownPostToArrayKeys" file="/home/runner/work/develop/develop/packages/framework/tests/Unit/HydePageSerializableUnitTest.php" line="83" class="Hyde\Framework\Testing\Unit\HydePageSerializableUnitTest" classname="Hyde.Framework.Testing.Unit.HydePageSerializableUnitTest" assertions="1" time="0.005352"/>
        <testcase name="testDocumentationPageToArrayKeys" file="/home/runner/work/develop/develop/packages/framework/tests/Unit/HydePageSerializableUnitTest.php" line="91" class="Hyde\Framework\Testing\Unit\HydePageSerializableUnitTest" classname="Hyde.Framework.Testing.Unit.HydePageSerializableUnitTest" assertions="1" time="0.004750"/>
        <testcase name="testHydePageToArrayContents" file="/home/runner/work/develop/develop/packages/framework/tests/Unit/HydePageSerializableUnitTest.php" line="99" class="Hyde\Framework\Testing\Unit\HydePageSerializableUnitTest" classname="Hyde.Framework.Testing.Unit.HydePageSerializableUnitTest" assertions="1" time="0.004496"/>
        <testcase name="testHtmlPageToArrayContents" file="/home/runner/work/develop/develop/packages/framework/tests/Unit/HydePageSerializableUnitTest.php" line="115" class="Hyde\Framework\Testing\Unit\HydePageSerializableUnitTest" classname="Hyde.Framework.Testing.Unit.HydePageSerializableUnitTest" assertions="1" time="0.004570"/>
        <testcase name="testBladePageToArrayContents" file="/home/runner/work/develop/develop/packages/framework/tests/Unit/HydePageSerializableUnitTest.php" line="131" class="Hyde\Framework\Testing\Unit\HydePageSerializableUnitTest" classname="Hyde.Framework.Testing.Unit.HydePageSerializableUnitTest" assertions="1" time="0.004594"/>
        <testcase name="testMarkdownPageToArrayContents" file="/home/runner/work/develop/develop/packages/framework/tests/Unit/HydePageSerializableUnitTest.php" line="147" class="Hyde\Framework\Testing\Unit\HydePageSerializableUnitTest" classname="Hyde.Framework.Testing.Unit.HydePageSerializableUnitTest" assertions="1" time="0.004615"/>
        <testcase name="testMarkdownPostToArrayContents" file="/home/runner/work/develop/develop/packages/framework/tests/Unit/HydePageSerializableUnitTest.php" line="163" class="Hyde\Framework\Testing\Unit\HydePageSerializableUnitTest" classname="Hyde.Framework.Testing.Unit.HydePageSerializableUnitTest" assertions="1" time="0.005251"/>
        <testcase name="testDocumentationPageToArrayContents" file="/home/runner/work/develop/develop/packages/framework/tests/Unit/HydePageSerializableUnitTest.php" line="184" class="Hyde\Framework\Testing\Unit\HydePageSerializableUnitTest" classname="Hyde.Framework.Testing.Unit.HydePageSerializableUnitTest" assertions="1" time="0.004631"/>
        <testcase name="testJsonEncodedOutput" file="/home/runner/work/develop/develop/packages/framework/tests/Unit/HydePageSerializableUnitTest.php" line="200" class="Hyde\Framework\Testing\Unit\HydePageSerializableUnitTest" classname="Hyde.Framework.Testing.Unit.HydePageSerializableUnitTest" assertions="1" time="0.004782"/>
        <testcase name="testJsonSerializedHydePageContents" file="/home/runner/work/develop/develop/packages/framework/tests/Unit/HydePageSerializableUnitTest.php" line="221" class="Hyde\Framework\Testing\Unit\HydePageSerializableUnitTest" classname="Hyde.Framework.Testing.Unit.HydePageSerializableUnitTest" assertions="1" time="0.004775"/>
        <testcase name="testJsonSerializedHtmlPageContents" file="/home/runner/work/develop/develop/packages/framework/tests/Unit/HydePageSerializableUnitTest.php" line="243" class="Hyde\Framework\Testing\Unit\HydePageSerializableUnitTest" classname="Hyde.Framework.Testing.Unit.HydePageSerializableUnitTest" assertions="1" time="0.004785"/>
        <testcase name="testJsonSerializedBladePageContents" file="/home/runner/work/develop/develop/packages/framework/tests/Unit/HydePageSerializableUnitTest.php" line="265" class="Hyde\Framework\Testing\Unit\HydePageSerializableUnitTest" classname="Hyde.Framework.Testing.Unit.HydePageSerializableUnitTest" assertions="1" time="0.004755"/>
        <testcase name="testJsonSerializedMarkdownPageContents" file="/home/runner/work/develop/develop/packages/framework/tests/Unit/HydePageSerializableUnitTest.php" line="287" class="Hyde\Framework\Testing\Unit\HydePageSerializableUnitTest" classname="Hyde.Framework.Testing.Unit.HydePageSerializableUnitTest" assertions="1" time="0.004792"/>
        <testcase name="testJsonSerializedMarkdownPostContents" file="/home/runner/work/develop/develop/packages/framework/tests/Unit/HydePageSerializableUnitTest.php" line="309" class="Hyde\Framework\Testing\Unit\HydePageSerializableUnitTest" classname="Hyde.Framework.Testing.Unit.HydePageSerializableUnitTest" assertions="1" time="0.005387"/>
        <testcase name="testJsonSerializedDocumentationPageContents" file="/home/runner/work/develop/develop/packages/framework/tests/Unit/HydePageSerializableUnitTest.php" line="336" class="Hyde\Framework\Testing\Unit\HydePageSerializableUnitTest" classname="Hyde.Framework.Testing.Unit.HydePageSerializableUnitTest" assertions="1" time="0.004839"/>
        <testcase name="testJsonSerializedMarkdownPageWithFrontMatter" file="/home/runner/work/develop/develop/packages/framework/tests/Unit/HydePageSerializableUnitTest.php" line="358" class="Hyde\Framework\Testing\Unit\HydePageSerializableUnitTest" classname="Hyde.Framework.Testing.Unit.HydePageSerializableUnitTest" assertions="1" time="0.004827"/>
      </testsuite>
      <testsuite name="Hyde\Framework\Testing\Unit\HydeVendorPathHelperTest" file="/home/runner/work/develop/develop/packages/framework/tests/Unit/HydeVendorPathHelperTest.php" tests="5" assertions="9" errors="0" failures="0" skipped="0" time="0.039009">
        <testcase name="test_method_exists" file="/home/runner/work/develop/develop/packages/framework/tests/Unit/HydeVendorPathHelperTest.php" line="13" class="Hyde\Framework\Testing\Unit\HydeVendorPathHelperTest" classname="Hyde.Framework.Testing.Unit.HydeVendorPathHelperTest" assertions="1" time="0.005307"/>
        <testcase name="test_method_returns_string" file="/home/runner/work/develop/develop/packages/framework/tests/Unit/HydeVendorPathHelperTest.php" line="18" class="Hyde\Framework\Testing\Unit\HydeVendorPathHelperTest" classname="Hyde.Framework.Testing.Unit.HydeVendorPathHelperTest" assertions="1" time="0.005228"/>
        <testcase name="test_method_returns_string_containing_vendor_path" file="/home/runner/work/develop/develop/packages/framework/tests/Unit/HydeVendorPathHelperTest.php" line="23" class="Hyde\Framework\Testing\Unit\HydeVendorPathHelperTest" classname="Hyde.Framework.Testing.Unit.HydeVendorPathHelperTest" assertions="1" time="0.016906"/>
        <testcase name="test_method_returns_path_to_the_vendor_directory" file="/home/runner/work/develop/develop/packages/framework/tests/Unit/HydeVendorPathHelperTest.php" line="28" class="Hyde\Framework\Testing\Unit\HydeVendorPathHelperTest" classname="Hyde.Framework.Testing.Unit.HydeVendorPathHelperTest" assertions="3" time="0.005717"/>
        <testcase name="test_can_specify_which_hyde_package_to_use" file="/home/runner/work/develop/develop/packages/framework/tests/Unit/HydeVendorPathHelperTest.php" line="35" class="Hyde\Framework\Testing\Unit\HydeVendorPathHelperTest" classname="Hyde.Framework.Testing.Unit.HydeVendorPathHelperTest" assertions="3" time="0.005851"/>
      </testsuite>
      <testsuite name="Hyde\Framework\Testing\Unit\InteractsWithDirectoriesConcernTest" file="/home/runner/work/develop/develop/packages/framework/tests/Unit/InteractsWithDirectoriesConcernTest.php" tests="7" assertions="9" errors="0" failures="0" skipped="0" time="0.056656">
        <testcase name="test_methods_can_be_called_statically" file="/home/runner/work/develop/develop/packages/framework/tests/Unit/InteractsWithDirectoriesConcernTest.php" line="35" class="Hyde\Framework\Testing\Unit\InteractsWithDirectoriesConcernTest" classname="Hyde.Framework.Testing.Unit.InteractsWithDirectoriesConcernTest" assertions="2" time="0.008259"/>
        <testcase name="test_needs_directory_creates_the_directory" file="/home/runner/work/develop/develop/packages/framework/tests/Unit/InteractsWithDirectoriesConcernTest.php" line="44" class="Hyde\Framework\Testing\Unit\InteractsWithDirectoriesConcernTest" classname="Hyde.Framework.Testing.Unit.InteractsWithDirectoriesConcernTest" assertions="1" time="0.007781"/>
        <testcase name="test_needs_directory_creates_the_directory_recursively" file="/home/runner/work/develop/develop/packages/framework/tests/Unit/InteractsWithDirectoriesConcernTest.php" line="50" class="Hyde\Framework\Testing\Unit\InteractsWithDirectoriesConcernTest" classname="Hyde.Framework.Testing.Unit.InteractsWithDirectoriesConcernTest" assertions="1" time="0.007934"/>
        <testcase name="test_needs_directory_handles_existing_directory" file="/home/runner/work/develop/develop/packages/framework/tests/Unit/InteractsWithDirectoriesConcernTest.php" line="56" class="Hyde\Framework\Testing\Unit\InteractsWithDirectoriesConcernTest" classname="Hyde.Framework.Testing.Unit.InteractsWithDirectoriesConcernTest" assertions="1" time="0.007996"/>
        <testcase name="test_needs_directories_creates_single_directory" file="/home/runner/work/develop/develop/packages/framework/tests/Unit/InteractsWithDirectoriesConcernTest.php" line="63" class="Hyde\Framework\Testing\Unit\InteractsWithDirectoriesConcernTest" classname="Hyde.Framework.Testing.Unit.InteractsWithDirectoriesConcernTest" assertions="1" time="0.007625"/>
        <testcase name="test_needs_directories_creates_multiple_directories" file="/home/runner/work/develop/develop/packages/framework/tests/Unit/InteractsWithDirectoriesConcernTest.php" line="69" class="Hyde\Framework\Testing\Unit\InteractsWithDirectoriesConcernTest" classname="Hyde.Framework.Testing.Unit.InteractsWithDirectoriesConcernTest" assertions="2" time="0.008630"/>
        <testcase name="test_needs_parent_directory_creates_directory_for_the_parent_file" file="/home/runner/work/develop/develop/packages/framework/tests/Unit/InteractsWithDirectoriesConcernTest.php" line="78" class="Hyde\Framework\Testing\Unit\InteractsWithDirectoriesConcernTest" classname="Hyde.Framework.Testing.Unit.InteractsWithDirectoriesConcernTest" assertions="1" time="0.008431"/>
      </testsuite>
      <testsuite name="Hyde\Framework\Testing\Unit\LoadConfigurationTest" file="/home/runner/work/develop/develop/packages/framework/tests/Unit/LoadConfigurationTest.php" tests="1" assertions="2" errors="0" failures="0" skipped="0" time="0.008093">
        <testcase name="testItLoadsRuntimeConfiguration" file="/home/runner/work/develop/develop/packages/framework/tests/Unit/LoadConfigurationTest.php" line="16" class="Hyde\Framework\Testing\Unit\LoadConfigurationTest" classname="Hyde.Framework.Testing.Unit.LoadConfigurationTest" assertions="2" time="0.008093"/>
      </testsuite>
      <testsuite name="Hyde\Framework\Testing\Unit\MarkdownDocumentTest" file="/home/runner/work/develop/develop/packages/framework/tests/Unit/MarkdownDocumentTest.php" tests="10" assertions="16" errors="0" failures="0" skipped="0" time="0.079078">
        <testcase name="test_constructor_creates_new_markdown_document" file="/home/runner/work/develop/develop/packages/framework/tests/Unit/MarkdownDocumentTest.php" line="20" class="Hyde\Framework\Testing\Unit\MarkdownDocumentTest" classname="Hyde.Framework.Testing.Unit.MarkdownDocumentTest" assertions="1" time="0.007035"/>
        <testcase name="test_constructor_arguments_are_optional" file="/home/runner/work/develop/develop/packages/framework/tests/Unit/MarkdownDocumentTest.php" line="26" class="Hyde\Framework\Testing\Unit\MarkdownDocumentTest" classname="Hyde.Framework.Testing.Unit.MarkdownDocumentTest" assertions="1" time="0.006875"/>
        <testcase name="test_constructor_arguments_are_assigned" file="/home/runner/work/develop/develop/packages/framework/tests/Unit/MarkdownDocumentTest.php" line="32" class="Hyde\Framework\Testing\Unit\MarkdownDocumentTest" classname="Hyde.Framework.Testing.Unit.MarkdownDocumentTest" assertions="1" time="0.007031"/>
        <testcase name="test_magic_to_string_method_returns_body" file="/home/runner/work/develop/develop/packages/framework/tests/Unit/MarkdownDocumentTest.php" line="38" class="Hyde\Framework\Testing\Unit\MarkdownDocumentTest" classname="Hyde.Framework.Testing.Unit.MarkdownDocumentTest" assertions="1" time="0.007059"/>
        <testcase name="test_compile_method_returns_rendered_html" file="/home/runner/work/develop/develop/packages/framework/tests/Unit/MarkdownDocumentTest.php" line="44" class="Hyde\Framework\Testing\Unit\MarkdownDocumentTest" classname="Hyde.Framework.Testing.Unit.MarkdownDocumentTest" assertions="1" time="0.008464"/>
        <testcase name="test_to_html_method_returns_rendered_as_html_string" file="/home/runner/work/develop/develop/packages/framework/tests/Unit/MarkdownDocumentTest.php" line="50" class="Hyde\Framework\Testing\Unit\MarkdownDocumentTest" classname="Hyde.Framework.Testing.Unit.MarkdownDocumentTest" assertions="2" time="0.010189"/>
        <testcase name="test_parse_method_parses_a_file_using_the_markdown_file_service" file="/home/runner/work/develop/develop/packages/framework/tests/Unit/MarkdownDocumentTest.php" line="57" class="Hyde\Framework\Testing\Unit\MarkdownDocumentTest" classname="Hyde.Framework.Testing.Unit.MarkdownDocumentTest" assertions="3" time="0.009071"/>
        <testcase name="test_to_array_method_returns_array_markdown_body_lines" file="/home/runner/work/develop/develop/packages/framework/tests/Unit/MarkdownDocumentTest.php" line="67" class="Hyde\Framework\Testing\Unit\MarkdownDocumentTest" classname="Hyde.Framework.Testing.Unit.MarkdownDocumentTest" assertions="1" time="0.007584"/>
        <testcase name="test_from_file_method_returns_new_markdown_document" file="/home/runner/work/develop/develop/packages/framework/tests/Unit/MarkdownDocumentTest.php" line="73" class="Hyde\Framework\Testing\Unit\MarkdownDocumentTest" classname="Hyde.Framework.Testing.Unit.MarkdownDocumentTest" assertions="2" time="0.008518"/>
        <testcase name="test_carriage_returns_are_normalized" file="/home/runner/work/develop/develop/packages/framework/tests/Unit/MarkdownDocumentTest.php" line="88" class="Hyde\Framework\Testing\Unit\MarkdownDocumentTest" classname="Hyde.Framework.Testing.Unit.MarkdownDocumentTest" assertions="3" time="0.007252"/>
      </testsuite>
      <testsuite name="Hyde\Framework\Testing\Unit\MarkdownFacadeTest" file="/home/runner/work/develop/develop/packages/framework/tests/Unit/MarkdownFacadeTest.php" tests="1" assertions="2" errors="0" failures="0" skipped="0" time="0.005207">
        <testcase name="test_render" file="/home/runner/work/develop/develop/packages/framework/tests/Unit/MarkdownFacadeTest.php" line="17" class="Hyde\Framework\Testing\Unit\MarkdownFacadeTest" classname="Hyde.Framework.Testing.Unit.MarkdownFacadeTest" assertions="2" time="0.005207"/>
      </testsuite>
      <testsuite name="Hyde\Framework\Testing\Unit\MediaDirectoryCanBeChangedTest" file="/home/runner/work/develop/develop/packages/framework/tests/Unit/MediaDirectoryCanBeChangedTest.php" tests="3" assertions="9" errors="0" failures="0" skipped="0" time="0.081172">
        <testcase name="test_media_output_directory_can_be_changed_for_site_builds" file="/home/runner/work/develop/develop/packages/framework/tests/Unit/MediaDirectoryCanBeChangedTest.php" line="22" class="Hyde\Framework\Testing\Unit\MediaDirectoryCanBeChangedTest" classname="Hyde.Framework.Testing.Unit.MediaDirectoryCanBeChangedTest" assertions="3" time="0.032783"/>
        <testcase name="test_media_output_directory_can_be_changed_for_site_rebuilds" file="/home/runner/work/develop/develop/packages/framework/tests/Unit/MediaDirectoryCanBeChangedTest.php" line="40" class="Hyde\Framework\Testing\Unit\MediaDirectoryCanBeChangedTest" classname="Hyde.Framework.Testing.Unit.MediaDirectoryCanBeChangedTest" assertions="3" time="0.020200"/>
        <testcase name="test_compiled_pages_have_links_to_the_right_media_file_location" file="/home/runner/work/develop/develop/packages/framework/tests/Unit/MediaDirectoryCanBeChangedTest.php" line="58" class="Hyde\Framework\Testing\Unit\MediaDirectoryCanBeChangedTest" classname="Hyde.Framework.Testing.Unit.MediaDirectoryCanBeChangedTest" assertions="3" time="0.028189"/>
      </testsuite>
      <testsuite name="Hyde\Framework\Testing\Unit\NavItemIsCurrentHelperTest" file="/home/runner/work/develop/develop/packages/framework/tests/Unit/NavItemIsCurrentHelperTest.php" tests="34" assertions="34" errors="0" failures="0" skipped="0" time="0.212453">
        <testcase name="testIsCurrent" file="/home/runner/work/develop/develop/packages/framework/tests/Unit/NavItemIsCurrentHelperTest.php" line="34" class="Hyde\Framework\Testing\Unit\NavItemIsCurrentHelperTest" classname="Hyde.Framework.Testing.Unit.NavItemIsCurrentHelperTest" assertions="1" time="0.007370"/>
        <testcase name="testIsCurrentWhenCurrent" file="/home/runner/work/develop/develop/packages/framework/tests/Unit/NavItemIsCurrentHelperTest.php" line="40" class="Hyde\Framework\Testing\Unit\NavItemIsCurrentHelperTest" classname="Hyde.Framework.Testing.Unit.NavItemIsCurrentHelperTest" assertions="1" time="0.006409"/>
        <testcase name="testIsCurrentUsingCurrentRoute" file="/home/runner/work/develop/develop/packages/framework/tests/Unit/NavItemIsCurrentHelperTest.php" line="46" class="Hyde\Framework\Testing\Unit\NavItemIsCurrentHelperTest" classname="Hyde.Framework.Testing.Unit.NavItemIsCurrentHelperTest" assertions="1" time="0.005754"/>
        <testcase name="testIsCurrentUsingCurrentLink" file="/home/runner/work/develop/develop/packages/framework/tests/Unit/NavItemIsCurrentHelperTest.php" line="52" class="Hyde\Framework\Testing\Unit\NavItemIsCurrentHelperTest" classname="Hyde.Framework.Testing.Unit.NavItemIsCurrentHelperTest" assertions="1" time="0.005264"/>
        <testcase name="testIsCurrentWhenNotCurrent" file="/home/runner/work/develop/develop/packages/framework/tests/Unit/NavItemIsCurrentHelperTest.php" line="58" class="Hyde\Framework\Testing\Unit\NavItemIsCurrentHelperTest" classname="Hyde.Framework.Testing.Unit.NavItemIsCurrentHelperTest" assertions="1" time="0.005977"/>
        <testcase name="testIsCurrentUsingNotCurrentRoute" file="/home/runner/work/develop/develop/packages/framework/tests/Unit/NavItemIsCurrentHelperTest.php" line="64" class="Hyde\Framework\Testing\Unit\NavItemIsCurrentHelperTest" classname="Hyde.Framework.Testing.Unit.NavItemIsCurrentHelperTest" assertions="1" time="0.005638"/>
        <testcase name="testIsCurrentUsingNotCurrentLink" file="/home/runner/work/develop/develop/packages/framework/tests/Unit/NavItemIsCurrentHelperTest.php" line="70" class="Hyde\Framework\Testing\Unit\NavItemIsCurrentHelperTest" classname="Hyde.Framework.Testing.Unit.NavItemIsCurrentHelperTest" assertions="1" time="0.005220"/>
        <testcase name="testIsCurrentWithNestedCurrentPage" file="/home/runner/work/develop/develop/packages/framework/tests/Unit/NavItemIsCurrentHelperTest.php" line="76" class="Hyde\Framework\Testing\Unit\NavItemIsCurrentHelperTest" classname="Hyde.Framework.Testing.Unit.NavItemIsCurrentHelperTest" assertions="1" time="0.006334"/>
        <testcase name="testIsCurrentWhenCurrentWithNestedCurrentPage" file="/home/runner/work/develop/develop/packages/framework/tests/Unit/NavItemIsCurrentHelperTest.php" line="82" class="Hyde\Framework\Testing\Unit\NavItemIsCurrentHelperTest" classname="Hyde.Framework.Testing.Unit.NavItemIsCurrentHelperTest" assertions="1" time="0.006380"/>
        <testcase name="testIsCurrentWithNestedCurrentPageWhenNested" file="/home/runner/work/develop/develop/packages/framework/tests/Unit/NavItemIsCurrentHelperTest.php" line="88" class="Hyde\Framework\Testing\Unit\NavItemIsCurrentHelperTest" classname="Hyde.Framework.Testing.Unit.NavItemIsCurrentHelperTest" assertions="1" time="0.006344"/>
        <testcase name="testIsCurrentWhenCurrentWithNestedCurrentPageWhenNested" file="/home/runner/work/develop/develop/packages/framework/tests/Unit/NavItemIsCurrentHelperTest.php" line="94" class="Hyde\Framework\Testing\Unit\NavItemIsCurrentHelperTest" classname="Hyde.Framework.Testing.Unit.NavItemIsCurrentHelperTest" assertions="1" time="0.006056"/>
        <testcase name="testIsCurrentWithNestedCurrentPageWhenVeryNested" file="/home/runner/work/develop/develop/packages/framework/tests/Unit/NavItemIsCurrentHelperTest.php" line="100" class="Hyde\Framework\Testing\Unit\NavItemIsCurrentHelperTest" classname="Hyde.Framework.Testing.Unit.NavItemIsCurrentHelperTest" assertions="1" time="0.006445"/>
        <testcase name="testIsCurrentWhenCurrentWithNestedCurrentPageWhenVeryNested" file="/home/runner/work/develop/develop/packages/framework/tests/Unit/NavItemIsCurrentHelperTest.php" line="106" class="Hyde\Framework\Testing\Unit\NavItemIsCurrentHelperTest" classname="Hyde.Framework.Testing.Unit.NavItemIsCurrentHelperTest" assertions="1" time="0.006445"/>
        <testcase name="testIsCurrentWithNestedCurrentPageWhenVeryDifferingNested" file="/home/runner/work/develop/develop/packages/framework/tests/Unit/NavItemIsCurrentHelperTest.php" line="112" class="Hyde\Framework\Testing\Unit\NavItemIsCurrentHelperTest" classname="Hyde.Framework.Testing.Unit.NavItemIsCurrentHelperTest" assertions="1" time="0.006400"/>
        <testcase name="testIsCurrentWithNestedCurrentPageWhenVeryDifferingNestedInverse" file="/home/runner/work/develop/develop/packages/framework/tests/Unit/NavItemIsCurrentHelperTest.php" line="118" class="Hyde\Framework\Testing\Unit\NavItemIsCurrentHelperTest" classname="Hyde.Framework.Testing.Unit.NavItemIsCurrentHelperTest" assertions="1" time="0.006235"/>
        <testcase name="testIsCurrentUsingCurrentLinkWithNestedCurrentPage" file="/home/runner/work/develop/develop/packages/framework/tests/Unit/NavItemIsCurrentHelperTest.php" line="124" class="Hyde\Framework\Testing\Unit\NavItemIsCurrentHelperTest" classname="Hyde.Framework.Testing.Unit.NavItemIsCurrentHelperTest" assertions="1" time="0.005757"/>
        <testcase name="testIsCurrentUsingNotCurrentLinkWithNestedCurrentPage" file="/home/runner/work/develop/develop/packages/framework/tests/Unit/NavItemIsCurrentHelperTest.php" line="130" class="Hyde\Framework\Testing\Unit\NavItemIsCurrentHelperTest" classname="Hyde.Framework.Testing.Unit.NavItemIsCurrentHelperTest" assertions="1" time="0.005455"/>
        <testcase name="testIsCurrentWhenCurrentWithNestedCurrentPageAndSubjectPage" file="/home/runner/work/develop/develop/packages/framework/tests/Unit/NavItemIsCurrentHelperTest.php" line="136" class="Hyde\Framework\Testing\Unit\NavItemIsCurrentHelperTest" classname="Hyde.Framework.Testing.Unit.NavItemIsCurrentHelperTest" assertions="1" time="0.005430"/>
        <testcase name="testIsCurrentWhenNotCurrentWithNestedCurrentPageAndSubjectPage" file="/home/runner/work/develop/develop/packages/framework/tests/Unit/NavItemIsCurrentHelperTest.php" line="142" class="Hyde\Framework\Testing\Unit\NavItemIsCurrentHelperTest" classname="Hyde.Framework.Testing.Unit.NavItemIsCurrentHelperTest" assertions="1" time="0.005368"/>
        <testcase name="testIsCurrentWithNestedCurrentPageWhenNestedUsingLinkItem" file="/home/runner/work/develop/develop/packages/framework/tests/Unit/NavItemIsCurrentHelperTest.php" line="148" class="Hyde\Framework\Testing\Unit\NavItemIsCurrentHelperTest" classname="Hyde.Framework.Testing.Unit.NavItemIsCurrentHelperTest" assertions="1" time="0.005413"/>
        <testcase name="testIsCurrentWhenCurrentWithNestedCurrentPageWhenNestedUsingLinkItem" file="/home/runner/work/develop/develop/packages/framework/tests/Unit/NavItemIsCurrentHelperTest.php" line="154" class="Hyde\Framework\Testing\Unit\NavItemIsCurrentHelperTest" classname="Hyde.Framework.Testing.Unit.NavItemIsCurrentHelperTest" assertions="1" time="0.005619"/>
        <testcase name="testIsCurrentWithNestedCurrentPageWhenVeryNestedUsingLinkItem" file="/home/runner/work/develop/develop/packages/framework/tests/Unit/NavItemIsCurrentHelperTest.php" line="160" class="Hyde\Framework\Testing\Unit\NavItemIsCurrentHelperTest" classname="Hyde.Framework.Testing.Unit.NavItemIsCurrentHelperTest" assertions="1" time="0.005356"/>
        <testcase name="testIsCurrentWhenCurrentWithNestedCurrentPageWhenVeryNestedUsingLinkItem" file="/home/runner/work/develop/develop/packages/framework/tests/Unit/NavItemIsCurrentHelperTest.php" line="166" class="Hyde\Framework\Testing\Unit\NavItemIsCurrentHelperTest" classname="Hyde.Framework.Testing.Unit.NavItemIsCurrentHelperTest" assertions="1" time="0.005354"/>
        <testcase name="testIsCurrentWithNestedCurrentPageWhenVeryDifferingNestedUsingLinkItem" file="/home/runner/work/develop/develop/packages/framework/tests/Unit/NavItemIsCurrentHelperTest.php" line="172" class="Hyde\Framework\Testing\Unit\NavItemIsCurrentHelperTest" classname="Hyde.Framework.Testing.Unit.NavItemIsCurrentHelperTest" assertions="1" time="0.005774"/>
        <testcase name="testIsCurrentWithNestedCurrentPageWhenVeryDifferingNestedInverseUsingLinkItem" file="/home/runner/work/develop/develop/packages/framework/tests/Unit/NavItemIsCurrentHelperTest.php" line="178" class="Hyde\Framework\Testing\Unit\NavItemIsCurrentHelperTest" classname="Hyde.Framework.Testing.Unit.NavItemIsCurrentHelperTest" assertions="1" time="0.005865"/>
        <testcase name="testIsCurrentWithNestedCurrentPageWhenNestedUsingPrettyLinkItem" file="/home/runner/work/develop/develop/packages/framework/tests/Unit/NavItemIsCurrentHelperTest.php" line="184" class="Hyde\Framework\Testing\Unit\NavItemIsCurrentHelperTest" classname="Hyde.Framework.Testing.Unit.NavItemIsCurrentHelperTest" assertions="1" time="0.005758"/>
        <testcase name="testIsCurrentWhenCurrentWithNestedCurrentPageWhenNestedUsingPrettyLinkItem" file="/home/runner/work/develop/develop/packages/framework/tests/Unit/NavItemIsCurrentHelperTest.php" line="190" class="Hyde\Framework\Testing\Unit\NavItemIsCurrentHelperTest" classname="Hyde.Framework.Testing.Unit.NavItemIsCurrentHelperTest" assertions="1" time="0.005779"/>
        <testcase name="testIsCurrentWithNestedCurrentPageWhenVeryNestedUsingPrettyLinkItem" file="/home/runner/work/develop/develop/packages/framework/tests/Unit/NavItemIsCurrentHelperTest.php" line="196" class="Hyde\Framework\Testing\Unit\NavItemIsCurrentHelperTest" classname="Hyde.Framework.Testing.Unit.NavItemIsCurrentHelperTest" assertions="1" time="0.005839"/>
        <testcase name="testIsCurrentWhenCurrentWithNestedCurrentPageWhenVeryNestedUsingPrettyLinkItem" file="/home/runner/work/develop/develop/packages/framework/tests/Unit/NavItemIsCurrentHelperTest.php" line="202" class="Hyde\Framework\Testing\Unit\NavItemIsCurrentHelperTest" classname="Hyde.Framework.Testing.Unit.NavItemIsCurrentHelperTest" assertions="1" time="0.005768"/>
        <testcase name="testIsCurrentWithNestedCurrentPageWhenVeryDifferingNestedUsingPrettyLinkItem" file="/home/runner/work/develop/develop/packages/framework/tests/Unit/NavItemIsCurrentHelperTest.php" line="208" class="Hyde\Framework\Testing\Unit\NavItemIsCurrentHelperTest" classname="Hyde.Framework.Testing.Unit.NavItemIsCurrentHelperTest" assertions="1" time="0.005382"/>
        <testcase name="testIsCurrentWithNestedCurrentPageWhenVeryDifferingNestedInverseUsingPrettyLinkItem" file="/home/runner/work/develop/develop/packages/framework/tests/Unit/NavItemIsCurrentHelperTest.php" line="214" class="Hyde\Framework\Testing\Unit\NavItemIsCurrentHelperTest" classname="Hyde.Framework.Testing.Unit.NavItemIsCurrentHelperTest" assertions="1" time="0.005661"/>
        <testcase name="testIsCurrentWithAbsoluteLink" file="/home/runner/work/develop/develop/packages/framework/tests/Unit/NavItemIsCurrentHelperTest.php" line="220" class="Hyde\Framework\Testing\Unit\NavItemIsCurrentHelperTest" classname="Hyde.Framework.Testing.Unit.NavItemIsCurrentHelperTest" assertions="1" time="0.005780"/>
        <testcase name="testIsCurrentWithNestedCurrentPageWhenNestedUsingAbsoluteLinkItem" file="/home/runner/work/develop/develop/packages/framework/tests/Unit/NavItemIsCurrentHelperTest.php" line="226" class="Hyde\Framework\Testing\Unit\NavItemIsCurrentHelperTest" classname="Hyde.Framework.Testing.Unit.NavItemIsCurrentHelperTest" assertions="1" time="0.018467"/>
        <testcase name="testIsCurrentWhenCurrentWithNestedCurrentPageWhenNestedUsingAbsoluteLinkItem" file="/home/runner/work/develop/develop/packages/framework/tests/Unit/NavItemIsCurrentHelperTest.php" line="232" class="Hyde\Framework\Testing\Unit\NavItemIsCurrentHelperTest" classname="Hyde.Framework.Testing.Unit.NavItemIsCurrentHelperTest" assertions="1" time="0.006357"/>
      </testsuite>
      <testsuite name="Hyde\Framework\Testing\Unit\NavItemTest" file="/home/runner/work/develop/develop/packages/framework/tests/Unit/NavItemTest.php" tests="20" assertions="32" errors="0" failures="0" skipped="0" time="0.096860">
        <testcase name="test__construct" file="/home/runner/work/develop/develop/packages/framework/tests/Unit/NavItemTest.php" line="41" class="Hyde\Framework\Testing\Unit\NavItemTest" classname="Hyde.Framework.Testing.Unit.NavItemTest" assertions="1" time="0.006565"/>
        <testcase name="testGetDestination" file="/home/runner/work/develop/develop/packages/framework/tests/Unit/NavItemTest.php" line="49" class="Hyde\Framework\Testing\Unit\NavItemTest" classname="Hyde.Framework.Testing.Unit.NavItemTest" assertions="1" time="0.004828"/>
        <testcase name="testGetLabel" file="/home/runner/work/develop/develop/packages/framework/tests/Unit/NavItemTest.php" line="55" class="Hyde\Framework\Testing\Unit\NavItemTest" classname="Hyde.Framework.Testing.Unit.NavItemTest" assertions="1" time="0.004646"/>
        <testcase name="testGetPriority" file="/home/runner/work/develop/develop/packages/framework/tests/Unit/NavItemTest.php" line="61" class="Hyde\Framework\Testing\Unit\NavItemTest" classname="Hyde.Framework.Testing.Unit.NavItemTest" assertions="1" time="0.004693"/>
        <testcase name="testGetGroup" file="/home/runner/work/develop/develop/packages/framework/tests/Unit/NavItemTest.php" line="67" class="Hyde\Framework\Testing\Unit\NavItemTest" classname="Hyde.Framework.Testing.Unit.NavItemTest" assertions="1" time="0.004308"/>
        <testcase name="testFromRoute" file="/home/runner/work/develop/develop/packages/framework/tests/Unit/NavItemTest.php" line="73" class="Hyde\Framework\Testing\Unit\NavItemTest" classname="Hyde.Framework.Testing.Unit.NavItemTest" assertions="1" time="0.004254"/>
        <testcase name="test__toString" file="/home/runner/work/develop/develop/packages/framework/tests/Unit/NavItemTest.php" line="81" class="Hyde\Framework\Testing\Unit\NavItemTest" classname="Hyde.Framework.Testing.Unit.NavItemTest" assertions="1" time="0.009115"/>
        <testcase name="testForLink" file="/home/runner/work/develop/develop/packages/framework/tests/Unit/NavItemTest.php" line="88" class="Hyde\Framework\Testing\Unit\NavItemTest" classname="Hyde.Framework.Testing.Unit.NavItemTest" assertions="3" time="0.002668"/>
        <testcase name="testForLinkWithCustomPriority" file="/home/runner/work/develop/develop/packages/framework/tests/Unit/NavItemTest.php" line="97" class="Hyde\Framework\Testing\Unit\NavItemTest" classname="Hyde.Framework.Testing.Unit.NavItemTest" assertions="1" time="0.002424"/>
        <testcase name="testForRoute" file="/home/runner/work/develop/develop/packages/framework/tests/Unit/NavItemTest.php" line="102" class="Hyde\Framework\Testing\Unit\NavItemTest" classname="Hyde.Framework.Testing.Unit.NavItemTest" assertions="3" time="0.003664"/>
        <testcase name="testForIndexRoute" file="/home/runner/work/develop/develop/packages/framework/tests/Unit/NavItemTest.php" line="112" class="Hyde\Framework\Testing\Unit\NavItemTest" classname="Hyde.Framework.Testing.Unit.NavItemTest" assertions="3" time="0.003655"/>
        <testcase name="testForRouteWithRouteKey" file="/home/runner/work/develop/develop/packages/framework/tests/Unit/NavItemTest.php" line="122" class="Hyde\Framework\Testing\Unit\NavItemTest" classname="Hyde.Framework.Testing.Unit.NavItemTest" assertions="1" time="0.003656"/>
        <testcase name="testForRouteWithMissingRouteKey" file="/home/runner/work/develop/develop/packages/framework/tests/Unit/NavItemTest.php" line="130" class="Hyde\Framework\Testing\Unit\NavItemTest" classname="Hyde.Framework.Testing.Unit.NavItemTest" assertions="1" time="0.002735"/>
        <testcase name="testForRouteWithCustomPriority" file="/home/runner/work/develop/develop/packages/framework/tests/Unit/NavItemTest.php" line="136" class="Hyde\Framework\Testing\Unit\NavItemTest" classname="Hyde.Framework.Testing.Unit.NavItemTest" assertions="1" time="0.003364"/>
        <testcase name="testRouteBasedNavItemDestinationsAreResolvedRelatively" file="/home/runner/work/develop/develop/packages/framework/tests/Unit/NavItemTest.php" line="141" class="Hyde\Framework\Testing\Unit\NavItemTest" classname="Hyde.Framework.Testing.Unit.NavItemTest" assertions="6" time="0.012412"/>
        <testcase name="testIsCurrent" file="/home/runner/work/develop/develop/packages/framework/tests/Unit/NavItemTest.php" line="168" class="Hyde\Framework\Testing\Unit\NavItemTest" classname="Hyde.Framework.Testing.Unit.NavItemTest" assertions="2" time="0.006914"/>
        <testcase name="testGetGroupWithNoGroup" file="/home/runner/work/develop/develop/packages/framework/tests/Unit/NavItemTest.php" line="178" class="Hyde\Framework\Testing\Unit\NavItemTest" classname="Hyde.Framework.Testing.Unit.NavItemTest" assertions="1" time="0.004270"/>
        <testcase name="testGetGroupWithGroup" file="/home/runner/work/develop/develop/packages/framework/tests/Unit/NavItemTest.php" line="183" class="Hyde\Framework\Testing\Unit\NavItemTest" classname="Hyde.Framework.Testing.Unit.NavItemTest" assertions="1" time="0.004227"/>
        <testcase name="testGetGroupFromRouteWithGroup" file="/home/runner/work/develop/develop/packages/framework/tests/Unit/NavItemTest.php" line="188" class="Hyde\Framework\Testing\Unit\NavItemTest" classname="Hyde.Framework.Testing.Unit.NavItemTest" assertions="1" time="0.004252"/>
        <testcase name="testGetGroupForRouteWithGroup" file="/home/runner/work/develop/develop/packages/framework/tests/Unit/NavItemTest.php" line="193" class="Hyde\Framework\Testing\Unit\NavItemTest" classname="Hyde.Framework.Testing.Unit.NavItemTest" assertions="1" time="0.004208"/>
      </testsuite>
      <testsuite name="Hyde\Framework\Testing\Unit\Pages\BladePageUnitTest" file="/home/runner/work/develop/develop/packages/framework/tests/Unit/Pages/BladePageUnitTest.php" tests="32" assertions="32" errors="0" failures="0" skipped="0" time="0.166757">
        <testcase name="testSourceDirectory" file="/home/runner/work/develop/develop/packages/framework/tests/Unit/Pages/BladePageUnitTest.php" line="22" class="Hyde\Framework\Testing\Unit\Pages\BladePageUnitTest" classname="Hyde.Framework.Testing.Unit.Pages.BladePageUnitTest" assertions="1" time="0.004423"/>
        <testcase name="testOutputDirectory" file="/home/runner/work/develop/develop/packages/framework/tests/Unit/Pages/BladePageUnitTest.php" line="27" class="Hyde\Framework\Testing\Unit\Pages\BladePageUnitTest" classname="Hyde.Framework.Testing.Unit.Pages.BladePageUnitTest" assertions="1" time="0.003149"/>
        <testcase name="testBaseRouteKey" file="/home/runner/work/develop/develop/packages/framework/tests/Unit/Pages/BladePageUnitTest.php" line="32" class="Hyde\Framework\Testing\Unit\Pages\BladePageUnitTest" classname="Hyde.Framework.Testing.Unit.Pages.BladePageUnitTest" assertions="1" time="0.003006"/>
        <testcase name="testFileExtension" file="/home/runner/work/develop/develop/packages/framework/tests/Unit/Pages/BladePageUnitTest.php" line="37" class="Hyde\Framework\Testing\Unit\Pages\BladePageUnitTest" classname="Hyde.Framework.Testing.Unit.Pages.BladePageUnitTest" assertions="1" time="0.003317"/>
        <testcase name="testSourcePath" file="/home/runner/work/develop/develop/packages/framework/tests/Unit/Pages/BladePageUnitTest.php" line="42" class="Hyde\Framework\Testing\Unit\Pages\BladePageUnitTest" classname="Hyde.Framework.Testing.Unit.Pages.BladePageUnitTest" assertions="1" time="0.003126"/>
        <testcase name="testOutputPath" file="/home/runner/work/develop/develop/packages/framework/tests/Unit/Pages/BladePageUnitTest.php" line="47" class="Hyde\Framework\Testing\Unit\Pages\BladePageUnitTest" classname="Hyde.Framework.Testing.Unit.Pages.BladePageUnitTest" assertions="1" time="0.003134"/>
        <testcase name="testPath" file="/home/runner/work/develop/develop/packages/framework/tests/Unit/Pages/BladePageUnitTest.php" line="52" class="Hyde\Framework\Testing\Unit\Pages\BladePageUnitTest" classname="Hyde.Framework.Testing.Unit.Pages.BladePageUnitTest" assertions="1" time="0.003524"/>
        <testcase name="testGetSourcePath" file="/home/runner/work/develop/develop/packages/framework/tests/Unit/Pages/BladePageUnitTest.php" line="57" class="Hyde\Framework\Testing\Unit\Pages\BladePageUnitTest" classname="Hyde.Framework.Testing.Unit.Pages.BladePageUnitTest" assertions="1" time="0.005203"/>
        <testcase name="testGetOutputPath" file="/home/runner/work/develop/develop/packages/framework/tests/Unit/Pages/BladePageUnitTest.php" line="62" class="Hyde\Framework\Testing\Unit\Pages\BladePageUnitTest" classname="Hyde.Framework.Testing.Unit.Pages.BladePageUnitTest" assertions="1" time="0.004902"/>
        <testcase name="testGetLink" file="/home/runner/work/develop/develop/packages/framework/tests/Unit/Pages/BladePageUnitTest.php" line="67" class="Hyde\Framework\Testing\Unit\Pages\BladePageUnitTest" classname="Hyde.Framework.Testing.Unit.Pages.BladePageUnitTest" assertions="1" time="0.004989"/>
        <testcase name="testMake" file="/home/runner/work/develop/develop/packages/framework/tests/Unit/Pages/BladePageUnitTest.php" line="72" class="Hyde\Framework\Testing\Unit\Pages\BladePageUnitTest" classname="Hyde.Framework.Testing.Unit.Pages.BladePageUnitTest" assertions="1" time="0.005421"/>
        <testcase name="testMakeWithData" file="/home/runner/work/develop/develop/packages/framework/tests/Unit/Pages/BladePageUnitTest.php" line="77" class="Hyde\Framework\Testing\Unit\Pages\BladePageUnitTest" classname="Hyde.Framework.Testing.Unit.Pages.BladePageUnitTest" assertions="1" time="0.005723"/>
        <testcase name="testShowInNavigation" file="/home/runner/work/develop/develop/packages/framework/tests/Unit/Pages/BladePageUnitTest.php" line="82" class="Hyde\Framework\Testing\Unit\Pages\BladePageUnitTest" classname="Hyde.Framework.Testing.Unit.Pages.BladePageUnitTest" assertions="1" time="0.004272"/>
        <testcase name="testNavigationMenuPriority" file="/home/runner/work/develop/develop/packages/framework/tests/Unit/Pages/BladePageUnitTest.php" line="87" class="Hyde\Framework\Testing\Unit\Pages\BladePageUnitTest" classname="Hyde.Framework.Testing.Unit.Pages.BladePageUnitTest" assertions="1" time="0.004325"/>
        <testcase name="testNavigationMenuLabel" file="/home/runner/work/develop/develop/packages/framework/tests/Unit/Pages/BladePageUnitTest.php" line="92" class="Hyde\Framework\Testing\Unit\Pages\BladePageUnitTest" classname="Hyde.Framework.Testing.Unit.Pages.BladePageUnitTest" assertions="1" time="0.004630"/>
        <testcase name="testNavigationMenuGroup" file="/home/runner/work/develop/develop/packages/framework/tests/Unit/Pages/BladePageUnitTest.php" line="97" class="Hyde\Framework\Testing\Unit\Pages\BladePageUnitTest" classname="Hyde.Framework.Testing.Unit.Pages.BladePageUnitTest" assertions="1" time="0.004569"/>
        <testcase name="testGetBladeView" file="/home/runner/work/develop/develop/packages/framework/tests/Unit/Pages/BladePageUnitTest.php" line="102" class="Hyde\Framework\Testing\Unit\Pages\BladePageUnitTest" classname="Hyde.Framework.Testing.Unit.Pages.BladePageUnitTest" assertions="1" time="0.004619"/>
        <testcase name="testFiles" file="/home/runner/work/develop/develop/packages/framework/tests/Unit/Pages/BladePageUnitTest.php" line="107" class="Hyde\Framework\Testing\Unit\Pages\BladePageUnitTest" classname="Hyde.Framework.Testing.Unit.Pages.BladePageUnitTest" assertions="1" time="0.009149"/>
        <testcase name="testData" file="/home/runner/work/develop/develop/packages/framework/tests/Unit/Pages/BladePageUnitTest.php" line="112" class="Hyde\Framework\Testing\Unit\Pages\BladePageUnitTest" classname="Hyde.Framework.Testing.Unit.Pages.BladePageUnitTest" assertions="1" time="0.004768"/>
        <testcase name="testGet" file="/home/runner/work/develop/develop/packages/framework/tests/Unit/Pages/BladePageUnitTest.php" line="117" class="Hyde\Framework\Testing\Unit\Pages\BladePageUnitTest" classname="Hyde.Framework.Testing.Unit.Pages.BladePageUnitTest" assertions="1" time="0.011526"/>
        <testcase name="testParse" file="/home/runner/work/develop/develop/packages/framework/tests/Unit/Pages/BladePageUnitTest.php" line="123" class="Hyde\Framework\Testing\Unit\Pages\BladePageUnitTest" classname="Hyde.Framework.Testing.Unit.Pages.BladePageUnitTest" assertions="1" time="0.005704"/>
        <testcase name="testGetRouteKey" file="/home/runner/work/develop/develop/packages/framework/tests/Unit/Pages/BladePageUnitTest.php" line="128" class="Hyde\Framework\Testing\Unit\Pages\BladePageUnitTest" classname="Hyde.Framework.Testing.Unit.Pages.BladePageUnitTest" assertions="1" time="0.004829"/>
        <testcase name="testTitle" file="/home/runner/work/develop/develop/packages/framework/tests/Unit/Pages/BladePageUnitTest.php" line="133" class="Hyde\Framework\Testing\Unit\Pages\BladePageUnitTest" classname="Hyde.Framework.Testing.Unit.Pages.BladePageUnitTest" assertions="1" time="0.004889"/>
        <testcase name="testAll" file="/home/runner/work/develop/develop/packages/framework/tests/Unit/Pages/BladePageUnitTest.php" line="139" class="Hyde\Framework\Testing\Unit\Pages\BladePageUnitTest" classname="Hyde.Framework.Testing.Unit.Pages.BladePageUnitTest" assertions="1" time="0.009240"/>
        <testcase name="testMetadata" file="/home/runner/work/develop/develop/packages/framework/tests/Unit/Pages/BladePageUnitTest.php" line="144" class="Hyde\Framework\Testing\Unit\Pages\BladePageUnitTest" classname="Hyde.Framework.Testing.Unit.Pages.BladePageUnitTest" assertions="1" time="0.004761"/>
        <testcase name="test__construct" file="/home/runner/work/develop/develop/packages/framework/tests/Unit/Pages/BladePageUnitTest.php" line="149" class="Hyde\Framework\Testing\Unit\Pages\BladePageUnitTest" classname="Hyde.Framework.Testing.Unit.Pages.BladePageUnitTest" assertions="1" time="0.004703"/>
        <testcase name="testGetRoute" file="/home/runner/work/develop/develop/packages/framework/tests/Unit/Pages/BladePageUnitTest.php" line="154" class="Hyde\Framework\Testing\Unit\Pages\BladePageUnitTest" classname="Hyde.Framework.Testing.Unit.Pages.BladePageUnitTest" assertions="1" time="0.009534"/>
        <testcase name="testGetIdentifier" file="/home/runner/work/develop/develop/packages/framework/tests/Unit/Pages/BladePageUnitTest.php" line="159" class="Hyde\Framework\Testing\Unit\Pages\BladePageUnitTest" classname="Hyde.Framework.Testing.Unit.Pages.BladePageUnitTest" assertions="1" time="0.004979"/>
        <testcase name="testHas" file="/home/runner/work/develop/develop/packages/framework/tests/Unit/Pages/BladePageUnitTest.php" line="164" class="Hyde\Framework\Testing\Unit\Pages\BladePageUnitTest" classname="Hyde.Framework.Testing.Unit.Pages.BladePageUnitTest" assertions="1" time="0.005031"/>
        <testcase name="testToCoreDataObject" file="/home/runner/work/develop/develop/packages/framework/tests/Unit/Pages/BladePageUnitTest.php" line="169" class="Hyde\Framework\Testing\Unit\Pages\BladePageUnitTest" classname="Hyde.Framework.Testing.Unit.Pages.BladePageUnitTest" assertions="1" time="0.005196"/>
        <testcase name="testCompile" file="/home/runner/work/develop/develop/packages/framework/tests/Unit/Pages/BladePageUnitTest.php" line="174" class="Hyde\Framework\Testing\Unit\Pages\BladePageUnitTest" classname="Hyde.Framework.Testing.Unit.Pages.BladePageUnitTest" assertions="1" time="0.005095"/>
        <testcase name="testMatter" file="/home/runner/work/develop/develop/packages/framework/tests/Unit/Pages/BladePageUnitTest.php" line="179" class="Hyde\Framework\Testing\Unit\Pages\BladePageUnitTest" classname="Hyde.Framework.Testing.Unit.Pages.BladePageUnitTest" assertions="1" time="0.005020"/>
      </testsuite>
      <testsuite name="Hyde\Framework\Testing\Unit\Pages\DocumentationPageUnitTest" file="/home/runner/work/develop/develop/packages/framework/tests/Unit/Pages/DocumentationPageUnitTest.php" tests="35" assertions="36" errors="0" failures="0" skipped="0" time="0.189546">
        <testcase name="testSourceDirectory" file="/home/runner/work/develop/develop/packages/framework/tests/Unit/Pages/DocumentationPageUnitTest.php" line="24" class="Hyde\Framework\Testing\Unit\Pages\DocumentationPageUnitTest" classname="Hyde.Framework.Testing.Unit.Pages.DocumentationPageUnitTest" assertions="1" time="0.004568"/>
        <testcase name="testOutputDirectory" file="/home/runner/work/develop/develop/packages/framework/tests/Unit/Pages/DocumentationPageUnitTest.php" line="29" class="Hyde\Framework\Testing\Unit\Pages\DocumentationPageUnitTest" classname="Hyde.Framework.Testing.Unit.Pages.DocumentationPageUnitTest" assertions="1" time="0.003154"/>
        <testcase name="testBaseRouteKey" file="/home/runner/work/develop/develop/packages/framework/tests/Unit/Pages/DocumentationPageUnitTest.php" line="34" class="Hyde\Framework\Testing\Unit\Pages\DocumentationPageUnitTest" classname="Hyde.Framework.Testing.Unit.Pages.DocumentationPageUnitTest" assertions="1" time="0.003100"/>
        <testcase name="testFileExtension" file="/home/runner/work/develop/develop/packages/framework/tests/Unit/Pages/DocumentationPageUnitTest.php" line="39" class="Hyde\Framework\Testing\Unit\Pages\DocumentationPageUnitTest" classname="Hyde.Framework.Testing.Unit.Pages.DocumentationPageUnitTest" assertions="1" time="0.003104"/>
        <testcase name="testSourcePath" file="/home/runner/work/develop/develop/packages/framework/tests/Unit/Pages/DocumentationPageUnitTest.php" line="44" class="Hyde\Framework\Testing\Unit\Pages\DocumentationPageUnitTest" classname="Hyde.Framework.Testing.Unit.Pages.DocumentationPageUnitTest" assertions="1" time="0.003466"/>
        <testcase name="testOutputPath" file="/home/runner/work/develop/develop/packages/framework/tests/Unit/Pages/DocumentationPageUnitTest.php" line="49" class="Hyde\Framework\Testing\Unit\Pages\DocumentationPageUnitTest" classname="Hyde.Framework.Testing.Unit.Pages.DocumentationPageUnitTest" assertions="1" time="0.003422"/>
        <testcase name="testPath" file="/home/runner/work/develop/develop/packages/framework/tests/Unit/Pages/DocumentationPageUnitTest.php" line="54" class="Hyde\Framework\Testing\Unit\Pages\DocumentationPageUnitTest" classname="Hyde.Framework.Testing.Unit.Pages.DocumentationPageUnitTest" assertions="1" time="0.003552"/>
        <testcase name="testGetSourcePath" file="/home/runner/work/develop/develop/packages/framework/tests/Unit/Pages/DocumentationPageUnitTest.php" line="59" class="Hyde\Framework\Testing\Unit\Pages\DocumentationPageUnitTest" classname="Hyde.Framework.Testing.Unit.Pages.DocumentationPageUnitTest" assertions="1" time="0.005241"/>
        <testcase name="testGetOutputPath" file="/home/runner/work/develop/develop/packages/framework/tests/Unit/Pages/DocumentationPageUnitTest.php" line="64" class="Hyde\Framework\Testing\Unit\Pages\DocumentationPageUnitTest" classname="Hyde.Framework.Testing.Unit.Pages.DocumentationPageUnitTest" assertions="1" time="0.004737"/>
        <testcase name="testGetLink" file="/home/runner/work/develop/develop/packages/framework/tests/Unit/Pages/DocumentationPageUnitTest.php" line="69" class="Hyde\Framework\Testing\Unit\Pages\DocumentationPageUnitTest" classname="Hyde.Framework.Testing.Unit.Pages.DocumentationPageUnitTest" assertions="1" time="0.005137"/>
        <testcase name="testMake" file="/home/runner/work/develop/develop/packages/framework/tests/Unit/Pages/DocumentationPageUnitTest.php" line="74" class="Hyde\Framework\Testing\Unit\Pages\DocumentationPageUnitTest" classname="Hyde.Framework.Testing.Unit.Pages.DocumentationPageUnitTest" assertions="1" time="0.005342"/>
        <testcase name="testMakeWithData" file="/home/runner/work/develop/develop/packages/framework/tests/Unit/Pages/DocumentationPageUnitTest.php" line="79" class="Hyde\Framework\Testing\Unit\Pages\DocumentationPageUnitTest" classname="Hyde.Framework.Testing.Unit.Pages.DocumentationPageUnitTest" assertions="1" time="0.005992"/>
        <testcase name="testShowInNavigation" file="/home/runner/work/develop/develop/packages/framework/tests/Unit/Pages/DocumentationPageUnitTest.php" line="84" class="Hyde\Framework\Testing\Unit\Pages\DocumentationPageUnitTest" classname="Hyde.Framework.Testing.Unit.Pages.DocumentationPageUnitTest" assertions="1" time="0.004748"/>
        <testcase name="testNavigationMenuPriority" file="/home/runner/work/develop/develop/packages/framework/tests/Unit/Pages/DocumentationPageUnitTest.php" line="89" class="Hyde\Framework\Testing\Unit\Pages\DocumentationPageUnitTest" classname="Hyde.Framework.Testing.Unit.Pages.DocumentationPageUnitTest" assertions="1" time="0.004565"/>
        <testcase name="testNavigationMenuLabel" file="/home/runner/work/develop/develop/packages/framework/tests/Unit/Pages/DocumentationPageUnitTest.php" line="94" class="Hyde\Framework\Testing\Unit\Pages\DocumentationPageUnitTest" classname="Hyde.Framework.Testing.Unit.Pages.DocumentationPageUnitTest" assertions="1" time="0.005181"/>
        <testcase name="testNavigationMenuGroup" file="/home/runner/work/develop/develop/packages/framework/tests/Unit/Pages/DocumentationPageUnitTest.php" line="99" class="Hyde\Framework\Testing\Unit\Pages\DocumentationPageUnitTest" classname="Hyde.Framework.Testing.Unit.Pages.DocumentationPageUnitTest" assertions="1" time="0.004767"/>
        <testcase name="testNavigationMenuGroupWithData" file="/home/runner/work/develop/develop/packages/framework/tests/Unit/Pages/DocumentationPageUnitTest.php" line="104" class="Hyde\Framework\Testing\Unit\Pages\DocumentationPageUnitTest" classname="Hyde.Framework.Testing.Unit.Pages.DocumentationPageUnitTest" assertions="1" time="0.004495"/>
        <testcase name="testGetBladeView" file="/home/runner/work/develop/develop/packages/framework/tests/Unit/Pages/DocumentationPageUnitTest.php" line="109" class="Hyde\Framework\Testing\Unit\Pages\DocumentationPageUnitTest" classname="Hyde.Framework.Testing.Unit.Pages.DocumentationPageUnitTest" assertions="1" time="0.004779"/>
        <testcase name="testFiles" file="/home/runner/work/develop/develop/packages/framework/tests/Unit/Pages/DocumentationPageUnitTest.php" line="114" class="Hyde\Framework\Testing\Unit\Pages\DocumentationPageUnitTest" classname="Hyde.Framework.Testing.Unit.Pages.DocumentationPageUnitTest" assertions="1" time="0.008511"/>
        <testcase name="testData" file="/home/runner/work/develop/develop/packages/framework/tests/Unit/Pages/DocumentationPageUnitTest.php" line="119" class="Hyde\Framework\Testing\Unit\Pages\DocumentationPageUnitTest" classname="Hyde.Framework.Testing.Unit.Pages.DocumentationPageUnitTest" assertions="1" time="0.004686"/>
        <testcase name="testGet" file="/home/runner/work/develop/develop/packages/framework/tests/Unit/Pages/DocumentationPageUnitTest.php" line="124" class="Hyde\Framework\Testing\Unit\Pages\DocumentationPageUnitTest" classname="Hyde.Framework.Testing.Unit.Pages.DocumentationPageUnitTest" assertions="1" time="0.011450"/>
        <testcase name="testParse" file="/home/runner/work/develop/develop/packages/framework/tests/Unit/Pages/DocumentationPageUnitTest.php" line="130" class="Hyde\Framework\Testing\Unit\Pages\DocumentationPageUnitTest" classname="Hyde.Framework.Testing.Unit.Pages.DocumentationPageUnitTest" assertions="1" time="0.006394"/>
        <testcase name="testGetRouteKey" file="/home/runner/work/develop/develop/packages/framework/tests/Unit/Pages/DocumentationPageUnitTest.php" line="136" class="Hyde\Framework\Testing\Unit\Pages\DocumentationPageUnitTest" classname="Hyde.Framework.Testing.Unit.Pages.DocumentationPageUnitTest" assertions="1" time="0.004811"/>
        <testcase name="testTitle" file="/home/runner/work/develop/develop/packages/framework/tests/Unit/Pages/DocumentationPageUnitTest.php" line="141" class="Hyde\Framework\Testing\Unit\Pages\DocumentationPageUnitTest" classname="Hyde.Framework.Testing.Unit.Pages.DocumentationPageUnitTest" assertions="1" time="0.004734"/>
        <testcase name="testAll" file="/home/runner/work/develop/develop/packages/framework/tests/Unit/Pages/DocumentationPageUnitTest.php" line="147" class="Hyde\Framework\Testing\Unit\Pages\DocumentationPageUnitTest" classname="Hyde.Framework.Testing.Unit.Pages.DocumentationPageUnitTest" assertions="1" time="0.008400"/>
        <testcase name="testMetadata" file="/home/runner/work/develop/develop/packages/framework/tests/Unit/Pages/DocumentationPageUnitTest.php" line="152" class="Hyde\Framework\Testing\Unit\Pages\DocumentationPageUnitTest" classname="Hyde.Framework.Testing.Unit.Pages.DocumentationPageUnitTest" assertions="1" time="0.004425"/>
        <testcase name="test__construct" file="/home/runner/work/develop/develop/packages/framework/tests/Unit/Pages/DocumentationPageUnitTest.php" line="157" class="Hyde\Framework\Testing\Unit\Pages\DocumentationPageUnitTest" classname="Hyde.Framework.Testing.Unit.Pages.DocumentationPageUnitTest" assertions="1" time="0.004423"/>
        <testcase name="testGetRoute" file="/home/runner/work/develop/develop/packages/framework/tests/Unit/Pages/DocumentationPageUnitTest.php" line="162" class="Hyde\Framework\Testing\Unit\Pages\DocumentationPageUnitTest" classname="Hyde.Framework.Testing.Unit.Pages.DocumentationPageUnitTest" assertions="1" time="0.010010"/>
        <testcase name="testGetIdentifier" file="/home/runner/work/develop/develop/packages/framework/tests/Unit/Pages/DocumentationPageUnitTest.php" line="167" class="Hyde\Framework\Testing\Unit\Pages\DocumentationPageUnitTest" classname="Hyde.Framework.Testing.Unit.Pages.DocumentationPageUnitTest" assertions="1" time="0.004969"/>
        <testcase name="testHas" file="/home/runner/work/develop/develop/packages/framework/tests/Unit/Pages/DocumentationPageUnitTest.php" line="172" class="Hyde\Framework\Testing\Unit\Pages\DocumentationPageUnitTest" classname="Hyde.Framework.Testing.Unit.Pages.DocumentationPageUnitTest" assertions="1" time="0.004900"/>
        <testcase name="testToCoreDataObject" file="/home/runner/work/develop/develop/packages/framework/tests/Unit/Pages/DocumentationPageUnitTest.php" line="177" class="Hyde\Framework\Testing\Unit\Pages\DocumentationPageUnitTest" classname="Hyde.Framework.Testing.Unit.Pages.DocumentationPageUnitTest" assertions="1" time="0.004897"/>
        <testcase name="testCompile" file="/home/runner/work/develop/develop/packages/framework/tests/Unit/Pages/DocumentationPageUnitTest.php" line="182" class="Hyde\Framework\Testing\Unit\Pages\DocumentationPageUnitTest" classname="Hyde.Framework.Testing.Unit.Pages.DocumentationPageUnitTest" assertions="1" time="0.012020"/>
        <testcase name="testMatter" file="/home/runner/work/develop/develop/packages/framework/tests/Unit/Pages/DocumentationPageUnitTest.php" line="189" class="Hyde\Framework\Testing\Unit\Pages\DocumentationPageUnitTest" classname="Hyde.Framework.Testing.Unit.Pages.DocumentationPageUnitTest" assertions="1" time="0.004889"/>
        <testcase name="testMarkdown" file="/home/runner/work/develop/develop/packages/framework/tests/Unit/Pages/DocumentationPageUnitTest.php" line="194" class="Hyde\Framework\Testing\Unit\Pages\DocumentationPageUnitTest" classname="Hyde.Framework.Testing.Unit.Pages.DocumentationPageUnitTest" assertions="1" time="0.004792"/>
        <testcase name="testSave" file="/home/runner/work/develop/develop/packages/framework/tests/Unit/Pages/DocumentationPageUnitTest.php" line="199" class="Hyde\Framework\Testing\Unit\Pages\DocumentationPageUnitTest" classname="Hyde.Framework.Testing.Unit.Pages.DocumentationPageUnitTest" assertions="2" time="0.005885"/>
      </testsuite>
      <testsuite name="Hyde\Framework\Testing\Unit\Pages\HtmlPageTest" file="/home/runner/work/develop/develop/packages/framework/tests/Unit/Pages/HtmlPageTest.php" tests="2" assertions="3" errors="0" failures="0" skipped="0" time="0.035505">
        <testcase name="testHtmlPageCanBeCompiled" file="/home/runner/work/develop/develop/packages/framework/tests/Unit/Pages/HtmlPageTest.php" line="15" class="Hyde\Framework\Testing\Unit\Pages\HtmlPageTest" classname="Hyde.Framework.Testing.Unit.Pages.HtmlPageTest" assertions="2" time="0.025874"/>
        <testcase name="testCompileMethodUsesContents" file="/home/runner/work/develop/develop/packages/framework/tests/Unit/Pages/HtmlPageTest.php" line="24" class="Hyde\Framework\Testing\Unit\Pages\HtmlPageTest" classname="Hyde.Framework.Testing.Unit.Pages.HtmlPageTest" assertions="1" time="0.009631"/>
      </testsuite>
      <testsuite name="Hyde\Framework\Testing\Unit\Pages\HtmlPageUnitTest" file="/home/runner/work/develop/develop/packages/framework/tests/Unit/Pages/HtmlPageUnitTest.php" tests="32" assertions="32" errors="0" failures="0" skipped="0" time="0.174040">
        <testcase name="testSourceDirectory" file="/home/runner/work/develop/develop/packages/framework/tests/Unit/Pages/HtmlPageUnitTest.php" line="22" class="Hyde\Framework\Testing\Unit\Pages\HtmlPageUnitTest" classname="Hyde.Framework.Testing.Unit.Pages.HtmlPageUnitTest" assertions="1" time="0.004334"/>
        <testcase name="testOutputDirectory" file="/home/runner/work/develop/develop/packages/framework/tests/Unit/Pages/HtmlPageUnitTest.php" line="30" class="Hyde\Framework\Testing\Unit\Pages\HtmlPageUnitTest" classname="Hyde.Framework.Testing.Unit.Pages.HtmlPageUnitTest" assertions="1" time="0.003322"/>
        <testcase name="testBaseRouteKey" file="/home/runner/work/develop/develop/packages/framework/tests/Unit/Pages/HtmlPageUnitTest.php" line="38" class="Hyde\Framework\Testing\Unit\Pages\HtmlPageUnitTest" classname="Hyde.Framework.Testing.Unit.Pages.HtmlPageUnitTest" assertions="1" time="0.003183"/>
        <testcase name="testFileExtension" file="/home/runner/work/develop/develop/packages/framework/tests/Unit/Pages/HtmlPageUnitTest.php" line="46" class="Hyde\Framework\Testing\Unit\Pages\HtmlPageUnitTest" classname="Hyde.Framework.Testing.Unit.Pages.HtmlPageUnitTest" assertions="1" time="0.003115"/>
        <testcase name="testSourcePath" file="/home/runner/work/develop/develop/packages/framework/tests/Unit/Pages/HtmlPageUnitTest.php" line="54" class="Hyde\Framework\Testing\Unit\Pages\HtmlPageUnitTest" classname="Hyde.Framework.Testing.Unit.Pages.HtmlPageUnitTest" assertions="1" time="0.003138"/>
        <testcase name="testOutputPath" file="/home/runner/work/develop/develop/packages/framework/tests/Unit/Pages/HtmlPageUnitTest.php" line="62" class="Hyde\Framework\Testing\Unit\Pages\HtmlPageUnitTest" classname="Hyde.Framework.Testing.Unit.Pages.HtmlPageUnitTest" assertions="1" time="0.003209"/>
        <testcase name="testPath" file="/home/runner/work/develop/develop/packages/framework/tests/Unit/Pages/HtmlPageUnitTest.php" line="70" class="Hyde\Framework\Testing\Unit\Pages\HtmlPageUnitTest" classname="Hyde.Framework.Testing.Unit.Pages.HtmlPageUnitTest" assertions="1" time="0.003299"/>
        <testcase name="testGetSourcePath" file="/home/runner/work/develop/develop/packages/framework/tests/Unit/Pages/HtmlPageUnitTest.php" line="78" class="Hyde\Framework\Testing\Unit\Pages\HtmlPageUnitTest" classname="Hyde.Framework.Testing.Unit.Pages.HtmlPageUnitTest" assertions="1" time="0.004787"/>
        <testcase name="testGetOutputPath" file="/home/runner/work/develop/develop/packages/framework/tests/Unit/Pages/HtmlPageUnitTest.php" line="86" class="Hyde\Framework\Testing\Unit\Pages\HtmlPageUnitTest" classname="Hyde.Framework.Testing.Unit.Pages.HtmlPageUnitTest" assertions="1" time="0.004659"/>
        <testcase name="testGetLink" file="/home/runner/work/develop/develop/packages/framework/tests/Unit/Pages/HtmlPageUnitTest.php" line="94" class="Hyde\Framework\Testing\Unit\Pages\HtmlPageUnitTest" classname="Hyde.Framework.Testing.Unit.Pages.HtmlPageUnitTest" assertions="1" time="0.004717"/>
        <testcase name="testMake" file="/home/runner/work/develop/develop/packages/framework/tests/Unit/Pages/HtmlPageUnitTest.php" line="102" class="Hyde\Framework\Testing\Unit\Pages\HtmlPageUnitTest" classname="Hyde.Framework.Testing.Unit.Pages.HtmlPageUnitTest" assertions="1" time="0.005494"/>
        <testcase name="testMakeWithData" file="/home/runner/work/develop/develop/packages/framework/tests/Unit/Pages/HtmlPageUnitTest.php" line="107" class="Hyde\Framework\Testing\Unit\Pages\HtmlPageUnitTest" classname="Hyde.Framework.Testing.Unit.Pages.HtmlPageUnitTest" assertions="1" time="0.006079"/>
        <testcase name="testShowInNavigation" file="/home/runner/work/develop/develop/packages/framework/tests/Unit/Pages/HtmlPageUnitTest.php" line="115" class="Hyde\Framework\Testing\Unit\Pages\HtmlPageUnitTest" classname="Hyde.Framework.Testing.Unit.Pages.HtmlPageUnitTest" assertions="1" time="0.004692"/>
        <testcase name="testNavigationMenuPriority" file="/home/runner/work/develop/develop/packages/framework/tests/Unit/Pages/HtmlPageUnitTest.php" line="120" class="Hyde\Framework\Testing\Unit\Pages\HtmlPageUnitTest" classname="Hyde.Framework.Testing.Unit.Pages.HtmlPageUnitTest" assertions="1" time="0.004467"/>
        <testcase name="testNavigationMenuLabel" file="/home/runner/work/develop/develop/packages/framework/tests/Unit/Pages/HtmlPageUnitTest.php" line="125" class="Hyde\Framework\Testing\Unit\Pages\HtmlPageUnitTest" classname="Hyde.Framework.Testing.Unit.Pages.HtmlPageUnitTest" assertions="1" time="0.004854"/>
        <testcase name="testNavigationMenuGroup" file="/home/runner/work/develop/develop/packages/framework/tests/Unit/Pages/HtmlPageUnitTest.php" line="130" class="Hyde\Framework\Testing\Unit\Pages\HtmlPageUnitTest" classname="Hyde.Framework.Testing.Unit.Pages.HtmlPageUnitTest" assertions="1" time="0.004805"/>
        <testcase name="testGetBladeView" file="/home/runner/work/develop/develop/packages/framework/tests/Unit/Pages/HtmlPageUnitTest.php" line="135" class="Hyde\Framework\Testing\Unit\Pages\HtmlPageUnitTest" classname="Hyde.Framework.Testing.Unit.Pages.HtmlPageUnitTest" assertions="1" time="0.004902"/>
        <testcase name="testFiles" file="/home/runner/work/develop/develop/packages/framework/tests/Unit/Pages/HtmlPageUnitTest.php" line="140" class="Hyde\Framework\Testing\Unit\Pages\HtmlPageUnitTest" classname="Hyde.Framework.Testing.Unit.Pages.HtmlPageUnitTest" assertions="1" time="0.008971"/>
        <testcase name="testData" file="/home/runner/work/develop/develop/packages/framework/tests/Unit/Pages/HtmlPageUnitTest.php" line="145" class="Hyde\Framework\Testing\Unit\Pages\HtmlPageUnitTest" classname="Hyde.Framework.Testing.Unit.Pages.HtmlPageUnitTest" assertions="1" time="0.004920"/>
        <testcase name="testGet" file="/home/runner/work/develop/develop/packages/framework/tests/Unit/Pages/HtmlPageUnitTest.php" line="150" class="Hyde\Framework\Testing\Unit\Pages\HtmlPageUnitTest" classname="Hyde.Framework.Testing.Unit.Pages.HtmlPageUnitTest" assertions="1" time="0.011504"/>
        <testcase name="testParse" file="/home/runner/work/develop/develop/packages/framework/tests/Unit/Pages/HtmlPageUnitTest.php" line="156" class="Hyde\Framework\Testing\Unit\Pages\HtmlPageUnitTest" classname="Hyde.Framework.Testing.Unit.Pages.HtmlPageUnitTest" assertions="1" time="0.006060"/>
        <testcase name="testGetRouteKey" file="/home/runner/work/develop/develop/packages/framework/tests/Unit/Pages/HtmlPageUnitTest.php" line="162" class="Hyde\Framework\Testing\Unit\Pages\HtmlPageUnitTest" classname="Hyde.Framework.Testing.Unit.Pages.HtmlPageUnitTest" assertions="1" time="0.004935"/>
        <testcase name="testTitle" file="/home/runner/work/develop/develop/packages/framework/tests/Unit/Pages/HtmlPageUnitTest.php" line="167" class="Hyde\Framework\Testing\Unit\Pages\HtmlPageUnitTest" classname="Hyde.Framework.Testing.Unit.Pages.HtmlPageUnitTest" assertions="1" time="0.004872"/>
        <testcase name="testAll" file="/home/runner/work/develop/develop/packages/framework/tests/Unit/Pages/HtmlPageUnitTest.php" line="173" class="Hyde\Framework\Testing\Unit\Pages\HtmlPageUnitTest" classname="Hyde.Framework.Testing.Unit.Pages.HtmlPageUnitTest" assertions="1" time="0.009166"/>
        <testcase name="testMetadata" file="/home/runner/work/develop/develop/packages/framework/tests/Unit/Pages/HtmlPageUnitTest.php" line="178" class="Hyde\Framework\Testing\Unit\Pages\HtmlPageUnitTest" classname="Hyde.Framework.Testing.Unit.Pages.HtmlPageUnitTest" assertions="1" time="0.004511"/>
        <testcase name="test__construct" file="/home/runner/work/develop/develop/packages/framework/tests/Unit/Pages/HtmlPageUnitTest.php" line="183" class="Hyde\Framework\Testing\Unit\Pages\HtmlPageUnitTest" classname="Hyde.Framework.Testing.Unit.Pages.HtmlPageUnitTest" assertions="1" time="0.004461"/>
        <testcase name="testGetRoute" file="/home/runner/work/develop/develop/packages/framework/tests/Unit/Pages/HtmlPageUnitTest.php" line="188" class="Hyde\Framework\Testing\Unit\Pages\HtmlPageUnitTest" classname="Hyde.Framework.Testing.Unit.Pages.HtmlPageUnitTest" assertions="1" time="0.009691"/>
        <testcase name="testGetIdentifier" file="/home/runner/work/develop/develop/packages/framework/tests/Unit/Pages/HtmlPageUnitTest.php" line="193" class="Hyde\Framework\Testing\Unit\Pages\HtmlPageUnitTest" classname="Hyde.Framework.Testing.Unit.Pages.HtmlPageUnitTest" assertions="1" time="0.004810"/>
        <testcase name="testHas" file="/home/runner/work/develop/develop/packages/framework/tests/Unit/Pages/HtmlPageUnitTest.php" line="198" class="Hyde\Framework\Testing\Unit\Pages\HtmlPageUnitTest" classname="Hyde.Framework.Testing.Unit.Pages.HtmlPageUnitTest" assertions="1" time="0.004723"/>
        <testcase name="testToCoreDataObject" file="/home/runner/work/develop/develop/packages/framework/tests/Unit/Pages/HtmlPageUnitTest.php" line="203" class="Hyde\Framework\Testing\Unit\Pages\HtmlPageUnitTest" classname="Hyde.Framework.Testing.Unit.Pages.HtmlPageUnitTest" assertions="1" time="0.005382"/>
        <testcase name="testCompile" file="/home/runner/work/develop/develop/packages/framework/tests/Unit/Pages/HtmlPageUnitTest.php" line="208" class="Hyde\Framework\Testing\Unit\Pages\HtmlPageUnitTest" classname="Hyde.Framework.Testing.Unit.Pages.HtmlPageUnitTest" assertions="1" time="0.011810"/>
        <testcase name="testMatter" file="/home/runner/work/develop/develop/packages/framework/tests/Unit/Pages/HtmlPageUnitTest.php" line="217" class="Hyde\Framework\Testing\Unit\Pages\HtmlPageUnitTest" classname="Hyde.Framework.Testing.Unit.Pages.HtmlPageUnitTest" assertions="1" time="0.005167"/>
      </testsuite>
      <testsuite name="Hyde\Framework\Testing\Unit\Pages\InMemoryPageTest" file="/home/runner/work/develop/develop/packages/framework/tests/Unit/Pages/InMemoryPageTest.php" tests="16" assertions="19" errors="0" failures="0" skipped="0" time="0.160796">
        <testcase name="testConstructWithContentsString" file="/home/runner/work/develop/develop/packages/framework/tests/Unit/Pages/InMemoryPageTest.php" line="18" class="Hyde\Framework\Testing\Unit\Pages\InMemoryPageTest" classname="Hyde.Framework.Testing.Unit.Pages.InMemoryPageTest" assertions="1" time="0.009574"/>
        <testcase name="testMakeWithContentsString" file="/home/runner/work/develop/develop/packages/framework/tests/Unit/Pages/InMemoryPageTest.php" line="23" class="Hyde\Framework\Testing\Unit\Pages\InMemoryPageTest" classname="Hyde.Framework.Testing.Unit.Pages.InMemoryPageTest" assertions="2" time="0.010683"/>
        <testcase name="testContentsMethod" file="/home/runner/work/develop/develop/packages/framework/tests/Unit/Pages/InMemoryPageTest.php" line="29" class="Hyde\Framework\Testing\Unit\Pages\InMemoryPageTest" classname="Hyde.Framework.Testing.Unit.Pages.InMemoryPageTest" assertions="1" time="0.008053"/>
        <testcase name="testViewMethod" file="/home/runner/work/develop/develop/packages/framework/tests/Unit/Pages/InMemoryPageTest.php" line="34" class="Hyde\Framework\Testing\Unit\Pages\InMemoryPageTest" classname="Hyde.Framework.Testing.Unit.Pages.InMemoryPageTest" assertions="1" time="0.008168"/>
        <testcase name="testCompileMethodUsesContentsProperty" file="/home/runner/work/develop/develop/packages/framework/tests/Unit/Pages/InMemoryPageTest.php" line="39" class="Hyde\Framework\Testing\Unit\Pages\InMemoryPageTest" classname="Hyde.Framework.Testing.Unit.Pages.InMemoryPageTest" assertions="1" time="0.008952"/>
        <testcase name="testCompileMethodUsesViewProperty" file="/home/runner/work/develop/develop/packages/framework/tests/Unit/Pages/InMemoryPageTest.php" line="44" class="Hyde\Framework\Testing\Unit\Pages\InMemoryPageTest" classname="Hyde.Framework.Testing.Unit.Pages.InMemoryPageTest" assertions="1" time="0.011329"/>
        <testcase name="testCompileMethodUsingViewCompileAndFrontMatter" file="/home/runner/work/develop/develop/packages/framework/tests/Unit/Pages/InMemoryPageTest.php" line="50" class="Hyde\Framework\Testing\Unit\Pages\InMemoryPageTest" classname="Hyde.Framework.Testing.Unit.Pages.InMemoryPageTest" assertions="1" time="0.011447"/>
        <testcase name="testCompileMethodPrefersContentsPropertyOverView" file="/home/runner/work/develop/develop/packages/framework/tests/Unit/Pages/InMemoryPageTest.php" line="56" class="Hyde\Framework\Testing\Unit\Pages\InMemoryPageTest" classname="Hyde.Framework.Testing.Unit.Pages.InMemoryPageTest" assertions="1" time="0.010002"/>
        <testcase name="testCompileMethodCanCompileAnonymousViewFiles" file="/home/runner/work/develop/develop/packages/framework/tests/Unit/Pages/InMemoryPageTest.php" line="62" class="Hyde\Framework\Testing\Unit\Pages\InMemoryPageTest" classname="Hyde.Framework.Testing.Unit.Pages.InMemoryPageTest" assertions="1" time="0.012565"/>
        <testcase name="testCompileMethodCanCompileAnonymousViewFilesWithFrontMatter" file="/home/runner/work/develop/develop/packages/framework/tests/Unit/Pages/InMemoryPageTest.php" line="68" class="Hyde\Framework\Testing\Unit\Pages\InMemoryPageTest" classname="Hyde.Framework.Testing.Unit.Pages.InMemoryPageTest" assertions="1" time="0.012788"/>
        <testcase name="testCanCreateInstanceMacros" file="/home/runner/work/develop/develop/packages/framework/tests/Unit/Pages/InMemoryPageTest.php" line="74" class="Hyde\Framework\Testing\Unit\Pages\InMemoryPageTest" classname="Hyde.Framework.Testing.Unit.Pages.InMemoryPageTest" assertions="1" time="0.009521"/>
        <testcase name="testCanCreateInstanceMacrosUsingCallableObject" file="/home/runner/work/develop/develop/packages/framework/tests/Unit/Pages/InMemoryPageTest.php" line="86" class="Hyde\Framework\Testing\Unit\Pages\InMemoryPageTest" classname="Hyde.Framework.Testing.Unit.Pages.InMemoryPageTest" assertions="1" time="0.010077"/>
        <testcase name="testCallingMacroWithArguments" file="/home/runner/work/develop/develop/packages/framework/tests/Unit/Pages/InMemoryPageTest.php" line="102" class="Hyde\Framework\Testing\Unit\Pages\InMemoryPageTest" classname="Hyde.Framework.Testing.Unit.Pages.InMemoryPageTest" assertions="1" time="0.009497"/>
        <testcase name="testCanUseMacrosToOverloadClassCompileMethod" file="/home/runner/work/develop/develop/packages/framework/tests/Unit/Pages/InMemoryPageTest.php" line="114" class="Hyde\Framework\Testing\Unit\Pages\InMemoryPageTest" classname="Hyde.Framework.Testing.Unit.Pages.InMemoryPageTest" assertions="1" time="0.009617"/>
        <testcase name="testCallingUndefinedMacro" file="/home/runner/work/develop/develop/packages/framework/tests/Unit/Pages/InMemoryPageTest.php" line="125" class="Hyde\Framework\Testing\Unit\Pages\InMemoryPageTest" classname="Hyde.Framework.Testing.Unit.Pages.InMemoryPageTest" assertions="2" time="0.009611"/>
        <testcase name="testHasMacro" file="/home/runner/work/develop/develop/packages/framework/tests/Unit/Pages/InMemoryPageTest.php" line="136" class="Hyde\Framework\Testing\Unit\Pages\InMemoryPageTest" classname="Hyde.Framework.Testing.Unit.Pages.InMemoryPageTest" assertions="2" time="0.008912"/>
      </testsuite>
      <testsuite name="Hyde\Framework\Testing\Unit\Pages\InMemoryPageUnitTest" file="/home/runner/work/develop/develop/packages/framework/tests/Unit/Pages/InMemoryPageUnitTest.php" tests="32" assertions="32" errors="0" failures="0" skipped="0" time="0.187227">
        <testcase name="testSourceDirectory" file="/home/runner/work/develop/develop/packages/framework/tests/Unit/Pages/InMemoryPageUnitTest.php" line="25" class="Hyde\Framework\Testing\Unit\Pages\InMemoryPageUnitTest" classname="Hyde.Framework.Testing.Unit.Pages.InMemoryPageUnitTest" assertions="1" time="0.005018"/>
        <testcase name="testOutputDirectory" file="/home/runner/work/develop/develop/packages/framework/tests/Unit/Pages/InMemoryPageUnitTest.php" line="33" class="Hyde\Framework\Testing\Unit\Pages\InMemoryPageUnitTest" classname="Hyde.Framework.Testing.Unit.Pages.InMemoryPageUnitTest" assertions="1" time="0.003509"/>
        <testcase name="testBaseRouteKey" file="/home/runner/work/develop/develop/packages/framework/tests/Unit/Pages/InMemoryPageUnitTest.php" line="41" class="Hyde\Framework\Testing\Unit\Pages\InMemoryPageUnitTest" classname="Hyde.Framework.Testing.Unit.Pages.InMemoryPageUnitTest" assertions="1" time="0.003471"/>
        <testcase name="testFileExtension" file="/home/runner/work/develop/develop/packages/framework/tests/Unit/Pages/InMemoryPageUnitTest.php" line="49" class="Hyde\Framework\Testing\Unit\Pages\InMemoryPageUnitTest" classname="Hyde.Framework.Testing.Unit.Pages.InMemoryPageUnitTest" assertions="1" time="0.003394"/>
        <testcase name="testSourcePath" file="/home/runner/work/develop/develop/packages/framework/tests/Unit/Pages/InMemoryPageUnitTest.php" line="57" class="Hyde\Framework\Testing\Unit\Pages\InMemoryPageUnitTest" classname="Hyde.Framework.Testing.Unit.Pages.InMemoryPageUnitTest" assertions="1" time="0.003394"/>
        <testcase name="testOutputPath" file="/home/runner/work/develop/develop/packages/framework/tests/Unit/Pages/InMemoryPageUnitTest.php" line="65" class="Hyde\Framework\Testing\Unit\Pages\InMemoryPageUnitTest" classname="Hyde.Framework.Testing.Unit.Pages.InMemoryPageUnitTest" assertions="1" time="0.003277"/>
        <testcase name="testPath" file="/home/runner/work/develop/develop/packages/framework/tests/Unit/Pages/InMemoryPageUnitTest.php" line="73" class="Hyde\Framework\Testing\Unit\Pages\InMemoryPageUnitTest" classname="Hyde.Framework.Testing.Unit.Pages.InMemoryPageUnitTest" assertions="1" time="0.003688"/>
        <testcase name="testGetSourcePath" file="/home/runner/work/develop/develop/packages/framework/tests/Unit/Pages/InMemoryPageUnitTest.php" line="81" class="Hyde\Framework\Testing\Unit\Pages\InMemoryPageUnitTest" classname="Hyde.Framework.Testing.Unit.Pages.InMemoryPageUnitTest" assertions="1" time="0.005004"/>
        <testcase name="testGetOutputPath" file="/home/runner/work/develop/develop/packages/framework/tests/Unit/Pages/InMemoryPageUnitTest.php" line="89" class="Hyde\Framework\Testing\Unit\Pages\InMemoryPageUnitTest" classname="Hyde.Framework.Testing.Unit.Pages.InMemoryPageUnitTest" assertions="1" time="0.004792"/>
        <testcase name="testGetLink" file="/home/runner/work/develop/develop/packages/framework/tests/Unit/Pages/InMemoryPageUnitTest.php" line="97" class="Hyde\Framework\Testing\Unit\Pages\InMemoryPageUnitTest" classname="Hyde.Framework.Testing.Unit.Pages.InMemoryPageUnitTest" assertions="1" time="0.004817"/>
        <testcase name="testMake" file="/home/runner/work/develop/develop/packages/framework/tests/Unit/Pages/InMemoryPageUnitTest.php" line="105" class="Hyde\Framework\Testing\Unit\Pages\InMemoryPageUnitTest" classname="Hyde.Framework.Testing.Unit.Pages.InMemoryPageUnitTest" assertions="1" time="0.006231"/>
        <testcase name="testMakeWithData" file="/home/runner/work/develop/develop/packages/framework/tests/Unit/Pages/InMemoryPageUnitTest.php" line="110" class="Hyde\Framework\Testing\Unit\Pages\InMemoryPageUnitTest" classname="Hyde.Framework.Testing.Unit.Pages.InMemoryPageUnitTest" assertions="1" time="0.006187"/>
        <testcase name="testShowInNavigation" file="/home/runner/work/develop/develop/packages/framework/tests/Unit/Pages/InMemoryPageUnitTest.php" line="118" class="Hyde\Framework\Testing\Unit\Pages\InMemoryPageUnitTest" classname="Hyde.Framework.Testing.Unit.Pages.InMemoryPageUnitTest" assertions="1" time="0.004930"/>
        <testcase name="testNavigationMenuPriority" file="/home/runner/work/develop/develop/packages/framework/tests/Unit/Pages/InMemoryPageUnitTest.php" line="123" class="Hyde\Framework\Testing\Unit\Pages\InMemoryPageUnitTest" classname="Hyde.Framework.Testing.Unit.Pages.InMemoryPageUnitTest" assertions="1" time="0.004841"/>
        <testcase name="testNavigationMenuLabel" file="/home/runner/work/develop/develop/packages/framework/tests/Unit/Pages/InMemoryPageUnitTest.php" line="128" class="Hyde\Framework\Testing\Unit\Pages\InMemoryPageUnitTest" classname="Hyde.Framework.Testing.Unit.Pages.InMemoryPageUnitTest" assertions="1" time="0.004790"/>
        <testcase name="testNavigationMenuGroup" file="/home/runner/work/develop/develop/packages/framework/tests/Unit/Pages/InMemoryPageUnitTest.php" line="133" class="Hyde\Framework\Testing\Unit\Pages\InMemoryPageUnitTest" classname="Hyde.Framework.Testing.Unit.Pages.InMemoryPageUnitTest" assertions="1" time="0.004793"/>
        <testcase name="testGetBladeView" file="/home/runner/work/develop/develop/packages/framework/tests/Unit/Pages/InMemoryPageUnitTest.php" line="138" class="Hyde\Framework\Testing\Unit\Pages\InMemoryPageUnitTest" classname="Hyde.Framework.Testing.Unit.Pages.InMemoryPageUnitTest" assertions="1" time="0.004744"/>
        <testcase name="testFiles" file="/home/runner/work/develop/develop/packages/framework/tests/Unit/Pages/InMemoryPageUnitTest.php" line="143" class="Hyde\Framework\Testing\Unit\Pages\InMemoryPageUnitTest" classname="Hyde.Framework.Testing.Unit.Pages.InMemoryPageUnitTest" assertions="1" time="0.009177"/>
        <testcase name="testData" file="/home/runner/work/develop/develop/packages/framework/tests/Unit/Pages/InMemoryPageUnitTest.php" line="148" class="Hyde\Framework\Testing\Unit\Pages\InMemoryPageUnitTest" classname="Hyde.Framework.Testing.Unit.Pages.InMemoryPageUnitTest" assertions="1" time="0.004977"/>
        <testcase name="testGet" file="/home/runner/work/develop/develop/packages/framework/tests/Unit/Pages/InMemoryPageUnitTest.php" line="153" class="Hyde\Framework\Testing\Unit\Pages\InMemoryPageUnitTest" classname="Hyde.Framework.Testing.Unit.Pages.InMemoryPageUnitTest" assertions="1" time="0.009458"/>
        <testcase name="testParse" file="/home/runner/work/develop/develop/packages/framework/tests/Unit/Pages/InMemoryPageUnitTest.php" line="160" class="Hyde\Framework\Testing\Unit\Pages\InMemoryPageUnitTest" classname="Hyde.Framework.Testing.Unit.Pages.InMemoryPageUnitTest" assertions="1" time="0.006012"/>
        <testcase name="testGetRouteKey" file="/home/runner/work/develop/develop/packages/framework/tests/Unit/Pages/InMemoryPageUnitTest.php" line="166" class="Hyde\Framework\Testing\Unit\Pages\InMemoryPageUnitTest" classname="Hyde.Framework.Testing.Unit.Pages.InMemoryPageUnitTest" assertions="1" time="0.004823"/>
        <testcase name="testTitle" file="/home/runner/work/develop/develop/packages/framework/tests/Unit/Pages/InMemoryPageUnitTest.php" line="171" class="Hyde\Framework\Testing\Unit\Pages\InMemoryPageUnitTest" classname="Hyde.Framework.Testing.Unit.Pages.InMemoryPageUnitTest" assertions="1" time="0.004866"/>
        <testcase name="testAll" file="/home/runner/work/develop/develop/packages/framework/tests/Unit/Pages/InMemoryPageUnitTest.php" line="177" class="Hyde\Framework\Testing\Unit\Pages\InMemoryPageUnitTest" classname="Hyde.Framework.Testing.Unit.Pages.InMemoryPageUnitTest" assertions="1" time="0.008670"/>
        <testcase name="testMetadata" file="/home/runner/work/develop/develop/packages/framework/tests/Unit/Pages/InMemoryPageUnitTest.php" line="182" class="Hyde\Framework\Testing\Unit\Pages\InMemoryPageUnitTest" classname="Hyde.Framework.Testing.Unit.Pages.InMemoryPageUnitTest" assertions="1" time="0.004772"/>
        <testcase name="test__construct" file="/home/runner/work/develop/develop/packages/framework/tests/Unit/Pages/InMemoryPageUnitTest.php" line="187" class="Hyde\Framework\Testing\Unit\Pages\InMemoryPageUnitTest" classname="Hyde.Framework.Testing.Unit.Pages.InMemoryPageUnitTest" assertions="1" time="0.004761"/>
        <testcase name="testGetRoute" file="/home/runner/work/develop/develop/packages/framework/tests/Unit/Pages/InMemoryPageUnitTest.php" line="192" class="Hyde\Framework\Testing\Unit\Pages\InMemoryPageUnitTest" classname="Hyde.Framework.Testing.Unit.Pages.InMemoryPageUnitTest" assertions="1" time="0.009134"/>
        <testcase name="testGetIdentifier" file="/home/runner/work/develop/develop/packages/framework/tests/Unit/Pages/InMemoryPageUnitTest.php" line="197" class="Hyde\Framework\Testing\Unit\Pages\InMemoryPageUnitTest" classname="Hyde.Framework.Testing.Unit.Pages.InMemoryPageUnitTest" assertions="1" time="0.004750"/>
        <testcase name="testHas" file="/home/runner/work/develop/develop/packages/framework/tests/Unit/Pages/InMemoryPageUnitTest.php" line="202" class="Hyde\Framework\Testing\Unit\Pages\InMemoryPageUnitTest" classname="Hyde.Framework.Testing.Unit.Pages.InMemoryPageUnitTest" assertions="1" time="0.005036"/>
        <testcase name="testToCoreDataObject" file="/home/runner/work/develop/develop/packages/framework/tests/Unit/Pages/InMemoryPageUnitTest.php" line="207" class="Hyde\Framework\Testing\Unit\Pages\InMemoryPageUnitTest" classname="Hyde.Framework.Testing.Unit.Pages.InMemoryPageUnitTest" assertions="1" time="0.004900"/>
        <testcase name="testCompile" file="/home/runner/work/develop/develop/packages/framework/tests/Unit/Pages/InMemoryPageUnitTest.php" line="212" class="Hyde\Framework\Testing\Unit\Pages\InMemoryPageUnitTest" classname="Hyde.Framework.Testing.Unit.Pages.InMemoryPageUnitTest" assertions="1" time="0.024062"/>
        <testcase name="testMatter" file="/home/runner/work/develop/develop/packages/framework/tests/Unit/Pages/InMemoryPageUnitTest.php" line="221" class="Hyde\Framework\Testing\Unit\Pages\InMemoryPageUnitTest" classname="Hyde.Framework.Testing.Unit.Pages.InMemoryPageUnitTest" assertions="1" time="0.004948"/>
      </testsuite>
      <testsuite name="Hyde\Framework\Testing\Unit\Pages\MarkdownPageModelConstructorArgumentsAreOptionalTest" file="/home/runner/work/develop/develop/packages/framework/tests/Unit/Pages/MarkdownPageModelConstructorArgumentsAreOptionalTest.php" tests="1" assertions="3" errors="0" failures="0" skipped="0" time="0.009403">
        <testcase name="test_markdown_page_model_constructor_arguments_are_optional" file="/home/runner/work/develop/develop/packages/framework/tests/Unit/Pages/MarkdownPageModelConstructorArgumentsAreOptionalTest.php" line="14" class="Hyde\Framework\Testing\Unit\Pages\MarkdownPageModelConstructorArgumentsAreOptionalTest" classname="Hyde.Framework.Testing.Unit.Pages.MarkdownPageModelConstructorArgumentsAreOptionalTest" assertions="3" time="0.009403"/>
      </testsuite>
      <testsuite name="Hyde\Framework\Testing\Unit\Pages\MarkdownPageTest" file="/home/runner/work/develop/develop/packages/framework/tests/Unit/Pages/MarkdownPageTest.php" tests="3" assertions="6" errors="0" failures="0" skipped="0" time="0.050485">
        <testcase name="test_can_get_collection_of_slugs" file="/home/runner/work/develop/develop/packages/framework/tests/Unit/Pages/MarkdownPageTest.php" line="19" class="Hyde\Framework\Testing\Unit\Pages\MarkdownPageTest" classname="Hyde.Framework.Testing.Unit.Pages.MarkdownPageTest" assertions="1" time="0.014221"/>
        <testcase name="test_created_model_contains_expected_data" file="/home/runner/work/develop/develop/packages/framework/tests/Unit/Pages/MarkdownPageTest.php" line="25" class="Hyde\Framework\Testing\Unit\Pages\MarkdownPageTest" classname="Hyde.Framework.Testing.Unit.Pages.MarkdownPageTest" assertions="3" time="0.008516"/>
        <testcase name="test_can_render_markdown_page" file="/home/runner/work/develop/develop/packages/framework/tests/Unit/Pages/MarkdownPageTest.php" line="35" class="Hyde\Framework\Testing\Unit\Pages\MarkdownPageTest" classname="Hyde.Framework.Testing.Unit.Pages.MarkdownPageTest" assertions="2" time="0.027748"/>
      </testsuite>
      <testsuite name="Hyde\Framework\Testing\Unit\Pages\MarkdownPageUnitTest" file="/home/runner/work/develop/develop/packages/framework/tests/Unit/Pages/MarkdownPageUnitTest.php" tests="34" assertions="35" errors="0" failures="0" skipped="0" time="0.182656">
        <testcase name="testSourceDirectory" file="/home/runner/work/develop/develop/packages/framework/tests/Unit/Pages/MarkdownPageUnitTest.php" line="24" class="Hyde\Framework\Testing\Unit\Pages\MarkdownPageUnitTest" classname="Hyde.Framework.Testing.Unit.Pages.MarkdownPageUnitTest" assertions="1" time="0.003774"/>
        <testcase name="testOutputDirectory" file="/home/runner/work/develop/develop/packages/framework/tests/Unit/Pages/MarkdownPageUnitTest.php" line="32" class="Hyde\Framework\Testing\Unit\Pages\MarkdownPageUnitTest" classname="Hyde.Framework.Testing.Unit.Pages.MarkdownPageUnitTest" assertions="1" time="0.003165"/>
        <testcase name="testBaseRouteKey" file="/home/runner/work/develop/develop/packages/framework/tests/Unit/Pages/MarkdownPageUnitTest.php" line="40" class="Hyde\Framework\Testing\Unit\Pages\MarkdownPageUnitTest" classname="Hyde.Framework.Testing.Unit.Pages.MarkdownPageUnitTest" assertions="1" time="0.003132"/>
        <testcase name="testFileExtension" file="/home/runner/work/develop/develop/packages/framework/tests/Unit/Pages/MarkdownPageUnitTest.php" line="48" class="Hyde\Framework\Testing\Unit\Pages\MarkdownPageUnitTest" classname="Hyde.Framework.Testing.Unit.Pages.MarkdownPageUnitTest" assertions="1" time="0.003115"/>
        <testcase name="testSourcePath" file="/home/runner/work/develop/develop/packages/framework/tests/Unit/Pages/MarkdownPageUnitTest.php" line="56" class="Hyde\Framework\Testing\Unit\Pages\MarkdownPageUnitTest" classname="Hyde.Framework.Testing.Unit.Pages.MarkdownPageUnitTest" assertions="1" time="0.003449"/>
        <testcase name="testOutputPath" file="/home/runner/work/develop/develop/packages/framework/tests/Unit/Pages/MarkdownPageUnitTest.php" line="64" class="Hyde\Framework\Testing\Unit\Pages\MarkdownPageUnitTest" classname="Hyde.Framework.Testing.Unit.Pages.MarkdownPageUnitTest" assertions="1" time="0.003188"/>
        <testcase name="testPath" file="/home/runner/work/develop/develop/packages/framework/tests/Unit/Pages/MarkdownPageUnitTest.php" line="72" class="Hyde\Framework\Testing\Unit\Pages\MarkdownPageUnitTest" classname="Hyde.Framework.Testing.Unit.Pages.MarkdownPageUnitTest" assertions="1" time="0.003661"/>
        <testcase name="testGetSourcePath" file="/home/runner/work/develop/develop/packages/framework/tests/Unit/Pages/MarkdownPageUnitTest.php" line="80" class="Hyde\Framework\Testing\Unit\Pages\MarkdownPageUnitTest" classname="Hyde.Framework.Testing.Unit.Pages.MarkdownPageUnitTest" assertions="1" time="0.004916"/>
        <testcase name="testGetOutputPath" file="/home/runner/work/develop/develop/packages/framework/tests/Unit/Pages/MarkdownPageUnitTest.php" line="88" class="Hyde\Framework\Testing\Unit\Pages\MarkdownPageUnitTest" classname="Hyde.Framework.Testing.Unit.Pages.MarkdownPageUnitTest" assertions="1" time="0.005063"/>
        <testcase name="testGetLink" file="/home/runner/work/develop/develop/packages/framework/tests/Unit/Pages/MarkdownPageUnitTest.php" line="96" class="Hyde\Framework\Testing\Unit\Pages\MarkdownPageUnitTest" classname="Hyde.Framework.Testing.Unit.Pages.MarkdownPageUnitTest" assertions="1" time="0.004738"/>
        <testcase name="testMake" file="/home/runner/work/develop/develop/packages/framework/tests/Unit/Pages/MarkdownPageUnitTest.php" line="104" class="Hyde\Framework\Testing\Unit\Pages\MarkdownPageUnitTest" classname="Hyde.Framework.Testing.Unit.Pages.MarkdownPageUnitTest" assertions="1" time="0.005288"/>
        <testcase name="testMakeWithData" file="/home/runner/work/develop/develop/packages/framework/tests/Unit/Pages/MarkdownPageUnitTest.php" line="109" class="Hyde\Framework\Testing\Unit\Pages\MarkdownPageUnitTest" classname="Hyde.Framework.Testing.Unit.Pages.MarkdownPageUnitTest" assertions="1" time="0.005757"/>
        <testcase name="testShowInNavigation" file="/home/runner/work/develop/develop/packages/framework/tests/Unit/Pages/MarkdownPageUnitTest.php" line="117" class="Hyde\Framework\Testing\Unit\Pages\MarkdownPageUnitTest" classname="Hyde.Framework.Testing.Unit.Pages.MarkdownPageUnitTest" assertions="1" time="0.004354"/>
        <testcase name="testNavigationMenuPriority" file="/home/runner/work/develop/develop/packages/framework/tests/Unit/Pages/MarkdownPageUnitTest.php" line="122" class="Hyde\Framework\Testing\Unit\Pages\MarkdownPageUnitTest" classname="Hyde.Framework.Testing.Unit.Pages.MarkdownPageUnitTest" assertions="1" time="0.004350"/>
        <testcase name="testNavigationMenuLabel" file="/home/runner/work/develop/develop/packages/framework/tests/Unit/Pages/MarkdownPageUnitTest.php" line="127" class="Hyde\Framework\Testing\Unit\Pages\MarkdownPageUnitTest" classname="Hyde.Framework.Testing.Unit.Pages.MarkdownPageUnitTest" assertions="1" time="0.004655"/>
        <testcase name="testNavigationMenuGroup" file="/home/runner/work/develop/develop/packages/framework/tests/Unit/Pages/MarkdownPageUnitTest.php" line="132" class="Hyde\Framework\Testing\Unit\Pages\MarkdownPageUnitTest" classname="Hyde.Framework.Testing.Unit.Pages.MarkdownPageUnitTest" assertions="1" time="0.004673"/>
        <testcase name="testGetBladeView" file="/home/runner/work/develop/develop/packages/framework/tests/Unit/Pages/MarkdownPageUnitTest.php" line="137" class="Hyde\Framework\Testing\Unit\Pages\MarkdownPageUnitTest" classname="Hyde.Framework.Testing.Unit.Pages.MarkdownPageUnitTest" assertions="1" time="0.004675"/>
        <testcase name="testFiles" file="/home/runner/work/develop/develop/packages/framework/tests/Unit/Pages/MarkdownPageUnitTest.php" line="142" class="Hyde\Framework\Testing\Unit\Pages\MarkdownPageUnitTest" classname="Hyde.Framework.Testing.Unit.Pages.MarkdownPageUnitTest" assertions="1" time="0.008527"/>
        <testcase name="testData" file="/home/runner/work/develop/develop/packages/framework/tests/Unit/Pages/MarkdownPageUnitTest.php" line="147" class="Hyde\Framework\Testing\Unit\Pages\MarkdownPageUnitTest" classname="Hyde.Framework.Testing.Unit.Pages.MarkdownPageUnitTest" assertions="1" time="0.004710"/>
        <testcase name="testGet" file="/home/runner/work/develop/develop/packages/framework/tests/Unit/Pages/MarkdownPageUnitTest.php" line="152" class="Hyde\Framework\Testing\Unit\Pages\MarkdownPageUnitTest" classname="Hyde.Framework.Testing.Unit.Pages.MarkdownPageUnitTest" assertions="1" time="0.011436"/>
        <testcase name="testParse" file="/home/runner/work/develop/develop/packages/framework/tests/Unit/Pages/MarkdownPageUnitTest.php" line="158" class="Hyde\Framework\Testing\Unit\Pages\MarkdownPageUnitTest" classname="Hyde.Framework.Testing.Unit.Pages.MarkdownPageUnitTest" assertions="1" time="0.006109"/>
        <testcase name="testGetRouteKey" file="/home/runner/work/develop/develop/packages/framework/tests/Unit/Pages/MarkdownPageUnitTest.php" line="164" class="Hyde\Framework\Testing\Unit\Pages\MarkdownPageUnitTest" classname="Hyde.Framework.Testing.Unit.Pages.MarkdownPageUnitTest" assertions="1" time="0.004691"/>
        <testcase name="testTitle" file="/home/runner/work/develop/develop/packages/framework/tests/Unit/Pages/MarkdownPageUnitTest.php" line="169" class="Hyde\Framework\Testing\Unit\Pages\MarkdownPageUnitTest" classname="Hyde.Framework.Testing.Unit.Pages.MarkdownPageUnitTest" assertions="1" time="0.004690"/>
        <testcase name="testAll" file="/home/runner/work/develop/develop/packages/framework/tests/Unit/Pages/MarkdownPageUnitTest.php" line="175" class="Hyde\Framework\Testing\Unit\Pages\MarkdownPageUnitTest" classname="Hyde.Framework.Testing.Unit.Pages.MarkdownPageUnitTest" assertions="1" time="0.008711"/>
        <testcase name="testMetadata" file="/home/runner/work/develop/develop/packages/framework/tests/Unit/Pages/MarkdownPageUnitTest.php" line="180" class="Hyde\Framework\Testing\Unit\Pages\MarkdownPageUnitTest" classname="Hyde.Framework.Testing.Unit.Pages.MarkdownPageUnitTest" assertions="1" time="0.004874"/>
        <testcase name="test__construct" file="/home/runner/work/develop/develop/packages/framework/tests/Unit/Pages/MarkdownPageUnitTest.php" line="185" class="Hyde\Framework\Testing\Unit\Pages\MarkdownPageUnitTest" classname="Hyde.Framework.Testing.Unit.Pages.MarkdownPageUnitTest" assertions="1" time="0.004660"/>
        <testcase name="testGetRoute" file="/home/runner/work/develop/develop/packages/framework/tests/Unit/Pages/MarkdownPageUnitTest.php" line="190" class="Hyde\Framework\Testing\Unit\Pages\MarkdownPageUnitTest" classname="Hyde.Framework.Testing.Unit.Pages.MarkdownPageUnitTest" assertions="1" time="0.009806"/>
        <testcase name="testGetIdentifier" file="/home/runner/work/develop/develop/packages/framework/tests/Unit/Pages/MarkdownPageUnitTest.php" line="195" class="Hyde\Framework\Testing\Unit\Pages\MarkdownPageUnitTest" classname="Hyde.Framework.Testing.Unit.Pages.MarkdownPageUnitTest" assertions="1" time="0.004999"/>
        <testcase name="testHas" file="/home/runner/work/develop/develop/packages/framework/tests/Unit/Pages/MarkdownPageUnitTest.php" line="200" class="Hyde\Framework\Testing\Unit\Pages\MarkdownPageUnitTest" classname="Hyde.Framework.Testing.Unit.Pages.MarkdownPageUnitTest" assertions="1" time="0.004919"/>
        <testcase name="testToCoreDataObject" file="/home/runner/work/develop/develop/packages/framework/tests/Unit/Pages/MarkdownPageUnitTest.php" line="205" class="Hyde\Framework\Testing\Unit\Pages\MarkdownPageUnitTest" classname="Hyde.Framework.Testing.Unit.Pages.MarkdownPageUnitTest" assertions="1" time="0.004979"/>
        <testcase name="testCompile" file="/home/runner/work/develop/develop/packages/framework/tests/Unit/Pages/MarkdownPageUnitTest.php" line="210" class="Hyde\Framework\Testing\Unit\Pages\MarkdownPageUnitTest" classname="Hyde.Framework.Testing.Unit.Pages.MarkdownPageUnitTest" assertions="1" time="0.011651"/>
        <testcase name="testMatter" file="/home/runner/work/develop/develop/packages/framework/tests/Unit/Pages/MarkdownPageUnitTest.php" line="217" class="Hyde\Framework\Testing\Unit\Pages\MarkdownPageUnitTest" classname="Hyde.Framework.Testing.Unit.Pages.MarkdownPageUnitTest" assertions="1" time="0.005007"/>
        <testcase name="testMarkdown" file="/home/runner/work/develop/develop/packages/framework/tests/Unit/Pages/MarkdownPageUnitTest.php" line="222" class="Hyde\Framework\Testing\Unit\Pages\MarkdownPageUnitTest" classname="Hyde.Framework.Testing.Unit.Pages.MarkdownPageUnitTest" assertions="1" time="0.004905"/>
        <testcase name="testSave" file="/home/runner/work/develop/develop/packages/framework/tests/Unit/Pages/MarkdownPageUnitTest.php" line="227" class="Hyde\Framework\Testing\Unit\Pages\MarkdownPageUnitTest" classname="Hyde.Framework.Testing.Unit.Pages.MarkdownPageUnitTest" assertions="2" time="0.006029"/>
      </testsuite>
      <testsuite name="Hyde\Framework\Testing\Unit\Pages\MarkdownPostHelpersTest" file="/home/runner/work/develop/develop/packages/framework/tests/Unit/Pages/MarkdownPostHelpersTest.php" tests="6" assertions="6" errors="0" failures="0" skipped="0" time="0.049060">
        <testcase name="test_get_current_page_path_returns_local_uri_path_for_post_slug" file="/home/runner/work/develop/develop/packages/framework/tests/Unit/Pages/MarkdownPostHelpersTest.php" line="15" class="Hyde\Framework\Testing\Unit\Pages\MarkdownPostHelpersTest" classname="Hyde.Framework.Testing.Unit.Pages.MarkdownPostHelpersTest" assertions="1" time="0.008978"/>
        <testcase name="test_get_canonical_link_returns_canonical_uri_path_for_post_slug" file="/home/runner/work/develop/develop/packages/framework/tests/Unit/Pages/MarkdownPostHelpersTest.php" line="21" class="Hyde\Framework\Testing\Unit\Pages\MarkdownPostHelpersTest" classname="Hyde.Framework.Testing.Unit.Pages.MarkdownPostHelpersTest" assertions="1" time="0.007789"/>
        <testcase name="test_get_canonical_link_returns_pretty_url_when_enabled" file="/home/runner/work/develop/develop/packages/framework/tests/Unit/Pages/MarkdownPostHelpersTest.php" line="28" class="Hyde\Framework\Testing\Unit\Pages\MarkdownPostHelpersTest" classname="Hyde.Framework.Testing.Unit.Pages.MarkdownPostHelpersTest" assertions="1" time="0.008132"/>
        <testcase name="test_get_post_description_returns_post_description_when_set_in_front_matter" file="/home/runner/work/develop/develop/packages/framework/tests/Unit/Pages/MarkdownPostHelpersTest.php" line="35" class="Hyde\Framework\Testing\Unit\Pages\MarkdownPostHelpersTest" classname="Hyde.Framework.Testing.Unit.Pages.MarkdownPostHelpersTest" assertions="1" time="0.008003"/>
        <testcase name="test_get_post_description_returns_post_body_when_no_description_set_in_front_matter" file="/home/runner/work/develop/develop/packages/framework/tests/Unit/Pages/MarkdownPostHelpersTest.php" line="41" class="Hyde\Framework\Testing\Unit\Pages\MarkdownPostHelpersTest" classname="Hyde.Framework.Testing.Unit.Pages.MarkdownPostHelpersTest" assertions="1" time="0.008197"/>
        <testcase name="test_dynamic_description_is_truncated_when_longer_than_128_characters" file="/home/runner/work/develop/develop/packages/framework/tests/Unit/Pages/MarkdownPostHelpersTest.php" line="47" class="Hyde\Framework\Testing\Unit\Pages\MarkdownPostHelpersTest" classname="Hyde.Framework.Testing.Unit.Pages.MarkdownPostHelpersTest" assertions="1" time="0.007961"/>
      </testsuite>
      <testsuite name="Hyde\Framework\Testing\Unit\Pages\MarkdownPostParserTest" file="/home/runner/work/develop/develop/packages/framework/tests/Unit/Pages/MarkdownPostParserTest.php" tests="2" assertions="11" errors="0" failures="0" skipped="0" time="0.019711">
        <testcase name="test_can_parse_markdown_file" file="/home/runner/work/develop/develop/packages/framework/tests/Unit/Pages/MarkdownPostParserTest.php" line="42" class="Hyde\Framework\Testing\Unit\Pages\MarkdownPostParserTest" classname="Hyde.Framework.Testing.Unit.Pages.MarkdownPostParserTest" assertions="8" time="0.010447"/>
        <testcase name="test_parsed_markdown_post_contains_valid_front_matter" file="/home/runner/work/develop/develop/packages/framework/tests/Unit/Pages/MarkdownPostParserTest.php" line="55" class="Hyde\Framework\Testing\Unit\Pages\MarkdownPostParserTest" classname="Hyde.Framework.Testing.Unit.Pages.MarkdownPostParserTest" assertions="3" time="0.009264"/>
      </testsuite>
      <testsuite name="Hyde\Framework\Testing\Unit\Pages\MarkdownPostUnitTest" file="/home/runner/work/develop/develop/packages/framework/tests/Unit/Pages/MarkdownPostUnitTest.php" tests="34" assertions="35" errors="0" failures="0" skipped="0" time="0.201782">
        <testcase name="testSourceDirectory" file="/home/runner/work/develop/develop/packages/framework/tests/Unit/Pages/MarkdownPostUnitTest.php" line="24" class="Hyde\Framework\Testing\Unit\Pages\MarkdownPostUnitTest" classname="Hyde.Framework.Testing.Unit.Pages.MarkdownPostUnitTest" assertions="1" time="0.003974"/>
        <testcase name="testOutputDirectory" file="/home/runner/work/develop/develop/packages/framework/tests/Unit/Pages/MarkdownPostUnitTest.php" line="32" class="Hyde\Framework\Testing\Unit\Pages\MarkdownPostUnitTest" classname="Hyde.Framework.Testing.Unit.Pages.MarkdownPostUnitTest" assertions="1" time="0.003472"/>
        <testcase name="testBaseRouteKey" file="/home/runner/work/develop/develop/packages/framework/tests/Unit/Pages/MarkdownPostUnitTest.php" line="40" class="Hyde\Framework\Testing\Unit\Pages\MarkdownPostUnitTest" classname="Hyde.Framework.Testing.Unit.Pages.MarkdownPostUnitTest" assertions="1" time="0.003098"/>
        <testcase name="testFileExtension" file="/home/runner/work/develop/develop/packages/framework/tests/Unit/Pages/MarkdownPostUnitTest.php" line="48" class="Hyde\Framework\Testing\Unit\Pages\MarkdownPostUnitTest" classname="Hyde.Framework.Testing.Unit.Pages.MarkdownPostUnitTest" assertions="1" time="0.003287"/>
        <testcase name="testSourcePath" file="/home/runner/work/develop/develop/packages/framework/tests/Unit/Pages/MarkdownPostUnitTest.php" line="56" class="Hyde\Framework\Testing\Unit\Pages\MarkdownPostUnitTest" classname="Hyde.Framework.Testing.Unit.Pages.MarkdownPostUnitTest" assertions="1" time="0.003393"/>
        <testcase name="testOutputPath" file="/home/runner/work/develop/develop/packages/framework/tests/Unit/Pages/MarkdownPostUnitTest.php" line="64" class="Hyde\Framework\Testing\Unit\Pages\MarkdownPostUnitTest" classname="Hyde.Framework.Testing.Unit.Pages.MarkdownPostUnitTest" assertions="1" time="0.003171"/>
        <testcase name="testPath" file="/home/runner/work/develop/develop/packages/framework/tests/Unit/Pages/MarkdownPostUnitTest.php" line="72" class="Hyde\Framework\Testing\Unit\Pages\MarkdownPostUnitTest" classname="Hyde.Framework.Testing.Unit.Pages.MarkdownPostUnitTest" assertions="1" time="0.003234"/>
        <testcase name="testGetSourcePath" file="/home/runner/work/develop/develop/packages/framework/tests/Unit/Pages/MarkdownPostUnitTest.php" line="80" class="Hyde\Framework\Testing\Unit\Pages\MarkdownPostUnitTest" classname="Hyde.Framework.Testing.Unit.Pages.MarkdownPostUnitTest" assertions="1" time="0.005281"/>
        <testcase name="testGetOutputPath" file="/home/runner/work/develop/develop/packages/framework/tests/Unit/Pages/MarkdownPostUnitTest.php" line="88" class="Hyde\Framework\Testing\Unit\Pages\MarkdownPostUnitTest" classname="Hyde.Framework.Testing.Unit.Pages.MarkdownPostUnitTest" assertions="1" time="0.005409"/>
        <testcase name="testGetLink" file="/home/runner/work/develop/develop/packages/framework/tests/Unit/Pages/MarkdownPostUnitTest.php" line="96" class="Hyde\Framework\Testing\Unit\Pages\MarkdownPostUnitTest" classname="Hyde.Framework.Testing.Unit.Pages.MarkdownPostUnitTest" assertions="1" time="0.005165"/>
        <testcase name="testMake" file="/home/runner/work/develop/develop/packages/framework/tests/Unit/Pages/MarkdownPostUnitTest.php" line="104" class="Hyde\Framework\Testing\Unit\Pages\MarkdownPostUnitTest" classname="Hyde.Framework.Testing.Unit.Pages.MarkdownPostUnitTest" assertions="1" time="0.006396"/>
        <testcase name="testMakeWithData" file="/home/runner/work/develop/develop/packages/framework/tests/Unit/Pages/MarkdownPostUnitTest.php" line="109" class="Hyde\Framework\Testing\Unit\Pages\MarkdownPostUnitTest" classname="Hyde.Framework.Testing.Unit.Pages.MarkdownPostUnitTest" assertions="1" time="0.006906"/>
        <testcase name="testShowInNavigation" file="/home/runner/work/develop/develop/packages/framework/tests/Unit/Pages/MarkdownPostUnitTest.php" line="117" class="Hyde\Framework\Testing\Unit\Pages\MarkdownPostUnitTest" classname="Hyde.Framework.Testing.Unit.Pages.MarkdownPostUnitTest" assertions="1" time="0.005075"/>
        <testcase name="testNavigationMenuPriority" file="/home/runner/work/develop/develop/packages/framework/tests/Unit/Pages/MarkdownPostUnitTest.php" line="122" class="Hyde\Framework\Testing\Unit\Pages\MarkdownPostUnitTest" classname="Hyde.Framework.Testing.Unit.Pages.MarkdownPostUnitTest" assertions="1" time="0.005018"/>
        <testcase name="testNavigationMenuLabel" file="/home/runner/work/develop/develop/packages/framework/tests/Unit/Pages/MarkdownPostUnitTest.php" line="127" class="Hyde\Framework\Testing\Unit\Pages\MarkdownPostUnitTest" classname="Hyde.Framework.Testing.Unit.Pages.MarkdownPostUnitTest" assertions="1" time="0.005114"/>
        <testcase name="testNavigationMenuGroup" file="/home/runner/work/develop/develop/packages/framework/tests/Unit/Pages/MarkdownPostUnitTest.php" line="132" class="Hyde\Framework\Testing\Unit\Pages\MarkdownPostUnitTest" classname="Hyde.Framework.Testing.Unit.Pages.MarkdownPostUnitTest" assertions="1" time="0.005122"/>
        <testcase name="testGetBladeView" file="/home/runner/work/develop/develop/packages/framework/tests/Unit/Pages/MarkdownPostUnitTest.php" line="137" class="Hyde\Framework\Testing\Unit\Pages\MarkdownPostUnitTest" classname="Hyde.Framework.Testing.Unit.Pages.MarkdownPostUnitTest" assertions="1" time="0.005176"/>
        <testcase name="testFiles" file="/home/runner/work/develop/develop/packages/framework/tests/Unit/Pages/MarkdownPostUnitTest.php" line="142" class="Hyde\Framework\Testing\Unit\Pages\MarkdownPostUnitTest" classname="Hyde.Framework.Testing.Unit.Pages.MarkdownPostUnitTest" assertions="1" time="0.008597"/>
        <testcase name="testData" file="/home/runner/work/develop/develop/packages/framework/tests/Unit/Pages/MarkdownPostUnitTest.php" line="147" class="Hyde\Framework\Testing\Unit\Pages\MarkdownPostUnitTest" classname="Hyde.Framework.Testing.Unit.Pages.MarkdownPostUnitTest" assertions="1" time="0.005143"/>
        <testcase name="testGet" file="/home/runner/work/develop/develop/packages/framework/tests/Unit/Pages/MarkdownPostUnitTest.php" line="152" class="Hyde\Framework\Testing\Unit\Pages\MarkdownPostUnitTest" classname="Hyde.Framework.Testing.Unit.Pages.MarkdownPostUnitTest" assertions="1" time="0.012352"/>
        <testcase name="testParse" file="/home/runner/work/develop/develop/packages/framework/tests/Unit/Pages/MarkdownPostUnitTest.php" line="158" class="Hyde\Framework\Testing\Unit\Pages\MarkdownPostUnitTest" classname="Hyde.Framework.Testing.Unit.Pages.MarkdownPostUnitTest" assertions="1" time="0.007333"/>
        <testcase name="testGetRouteKey" file="/home/runner/work/develop/develop/packages/framework/tests/Unit/Pages/MarkdownPostUnitTest.php" line="164" class="Hyde\Framework\Testing\Unit\Pages\MarkdownPostUnitTest" classname="Hyde.Framework.Testing.Unit.Pages.MarkdownPostUnitTest" assertions="1" time="0.005469"/>
        <testcase name="testTitle" file="/home/runner/work/develop/develop/packages/framework/tests/Unit/Pages/MarkdownPostUnitTest.php" line="169" class="Hyde\Framework\Testing\Unit\Pages\MarkdownPostUnitTest" classname="Hyde.Framework.Testing.Unit.Pages.MarkdownPostUnitTest" assertions="1" time="0.005337"/>
        <testcase name="testAll" file="/home/runner/work/develop/develop/packages/framework/tests/Unit/Pages/MarkdownPostUnitTest.php" line="175" class="Hyde\Framework\Testing\Unit\Pages\MarkdownPostUnitTest" classname="Hyde.Framework.Testing.Unit.Pages.MarkdownPostUnitTest" assertions="1" time="0.010046"/>
        <testcase name="testMetadata" file="/home/runner/work/develop/develop/packages/framework/tests/Unit/Pages/MarkdownPostUnitTest.php" line="180" class="Hyde\Framework\Testing\Unit\Pages\MarkdownPostUnitTest" classname="Hyde.Framework.Testing.Unit.Pages.MarkdownPostUnitTest" assertions="1" time="0.006487"/>
        <testcase name="test__construct" file="/home/runner/work/develop/develop/packages/framework/tests/Unit/Pages/MarkdownPostUnitTest.php" line="185" class="Hyde\Framework\Testing\Unit\Pages\MarkdownPostUnitTest" classname="Hyde.Framework.Testing.Unit.Pages.MarkdownPostUnitTest" assertions="1" time="0.006072"/>
        <testcase name="testGetRoute" file="/home/runner/work/develop/develop/packages/framework/tests/Unit/Pages/MarkdownPostUnitTest.php" line="190" class="Hyde\Framework\Testing\Unit\Pages\MarkdownPostUnitTest" classname="Hyde.Framework.Testing.Unit.Pages.MarkdownPostUnitTest" assertions="1" time="0.011257"/>
        <testcase name="testGetIdentifier" file="/home/runner/work/develop/develop/packages/framework/tests/Unit/Pages/MarkdownPostUnitTest.php" line="195" class="Hyde\Framework\Testing\Unit\Pages\MarkdownPostUnitTest" classname="Hyde.Framework.Testing.Unit.Pages.MarkdownPostUnitTest" assertions="1" time="0.005449"/>
        <testcase name="testHas" file="/home/runner/work/develop/develop/packages/framework/tests/Unit/Pages/MarkdownPostUnitTest.php" line="200" class="Hyde\Framework\Testing\Unit\Pages\MarkdownPostUnitTest" classname="Hyde.Framework.Testing.Unit.Pages.MarkdownPostUnitTest" assertions="1" time="0.005326"/>
        <testcase name="testToCoreDataObject" file="/home/runner/work/develop/develop/packages/framework/tests/Unit/Pages/MarkdownPostUnitTest.php" line="205" class="Hyde\Framework\Testing\Unit\Pages\MarkdownPostUnitTest" classname="Hyde.Framework.Testing.Unit.Pages.MarkdownPostUnitTest" assertions="1" time="0.005288"/>
        <testcase name="testCompile" file="/home/runner/work/develop/develop/packages/framework/tests/Unit/Pages/MarkdownPostUnitTest.php" line="210" class="Hyde\Framework\Testing\Unit\Pages\MarkdownPostUnitTest" classname="Hyde.Framework.Testing.Unit.Pages.MarkdownPostUnitTest" assertions="1" time="0.012121"/>
        <testcase name="testMatter" file="/home/runner/work/develop/develop/packages/framework/tests/Unit/Pages/MarkdownPostUnitTest.php" line="217" class="Hyde\Framework\Testing\Unit\Pages\MarkdownPostUnitTest" classname="Hyde.Framework.Testing.Unit.Pages.MarkdownPostUnitTest" assertions="1" time="0.005312"/>
        <testcase name="testMarkdown" file="/home/runner/work/develop/develop/packages/framework/tests/Unit/Pages/MarkdownPostUnitTest.php" line="222" class="Hyde\Framework\Testing\Unit\Pages\MarkdownPostUnitTest" classname="Hyde.Framework.Testing.Unit.Pages.MarkdownPostUnitTest" assertions="1" time="0.005359"/>
        <testcase name="testSave" file="/home/runner/work/develop/develop/packages/framework/tests/Unit/Pages/MarkdownPostUnitTest.php" line="227" class="Hyde\Framework\Testing\Unit\Pages\MarkdownPostUnitTest" classname="Hyde.Framework.Testing.Unit.Pages.MarkdownPostUnitTest" assertions="2" time="0.006541"/>
      </testsuite>
      <testsuite name="Hyde\Framework\Testing\Unit\Pages\PageModelGetAllFilesHelperTest" file="/home/runner/work/develop/develop/packages/framework/tests/Unit/Pages/PageModelGetAllFilesHelperTest.php" tests="4" assertions="12" errors="0" failures="0" skipped="0" time="0.055114">
        <testcase name="test_blade_page_get_helper_returns_blade_page_array" file="/home/runner/work/develop/develop/packages/framework/tests/Unit/Pages/PageModelGetAllFilesHelperTest.php" line="19" class="Hyde\Framework\Testing\Unit\Pages\PageModelGetAllFilesHelperTest" classname="Hyde.Framework.Testing.Unit.Pages.PageModelGetAllFilesHelperTest" assertions="3" time="0.013056"/>
        <testcase name="test_markdown_page_get_helper_returns_markdown_page_array" file="/home/runner/work/develop/develop/packages/framework/tests/Unit/Pages/PageModelGetAllFilesHelperTest.php" line="27" class="Hyde\Framework\Testing\Unit\Pages\PageModelGetAllFilesHelperTest" classname="Hyde.Framework.Testing.Unit.Pages.PageModelGetAllFilesHelperTest" assertions="3" time="0.013687"/>
        <testcase name="test_markdown_post_get_helper_returns_markdown_post_array" file="/home/runner/work/develop/develop/packages/framework/tests/Unit/Pages/PageModelGetAllFilesHelperTest.php" line="39" class="Hyde\Framework\Testing\Unit\Pages\PageModelGetAllFilesHelperTest" classname="Hyde.Framework.Testing.Unit.Pages.PageModelGetAllFilesHelperTest" assertions="3" time="0.014675"/>
        <testcase name="test_documentation_page_get_helper_returns_documentation_page_array" file="/home/runner/work/develop/develop/packages/framework/tests/Unit/Pages/PageModelGetAllFilesHelperTest.php" line="51" class="Hyde\Framework\Testing\Unit\Pages\PageModelGetAllFilesHelperTest" classname="Hyde.Framework.Testing.Unit.Pages.PageModelGetAllFilesHelperTest" assertions="3" time="0.013695"/>
      </testsuite>
      <testsuite name="Hyde\Framework\Testing\Unit\Pages\PageModelGetHelperTest" file="/home/runner/work/develop/develop/packages/framework/tests/Unit/Pages/PageModelGetHelperTest.php" tests="4" assertions="12" errors="0" failures="0" skipped="0" time="0.053124">
        <testcase name="test_blade_page_get_helper_returns_blade_page_collection" file="/home/runner/work/develop/develop/packages/framework/tests/Unit/Pages/PageModelGetHelperTest.php" line="20" class="Hyde\Framework\Testing\Unit\Pages\PageModelGetHelperTest" classname="Hyde.Framework.Testing.Unit.Pages.PageModelGetHelperTest" assertions="3" time="0.012002"/>
        <testcase name="test_markdown_page_get_helper_returns_markdown_page_collection" file="/home/runner/work/develop/develop/packages/framework/tests/Unit/Pages/PageModelGetHelperTest.php" line="28" class="Hyde\Framework\Testing\Unit\Pages\PageModelGetHelperTest" classname="Hyde.Framework.Testing.Unit.Pages.PageModelGetHelperTest" assertions="3" time="0.013548"/>
        <testcase name="test_markdown_post_get_helper_returns_markdown_post_collection" file="/home/runner/work/develop/develop/packages/framework/tests/Unit/Pages/PageModelGetHelperTest.php" line="40" class="Hyde\Framework\Testing\Unit\Pages\PageModelGetHelperTest" classname="Hyde.Framework.Testing.Unit.Pages.PageModelGetHelperTest" assertions="3" time="0.014176"/>
        <testcase name="test_documentation_page_get_helper_returns_documentation_page_collection" file="/home/runner/work/develop/develop/packages/framework/tests/Unit/Pages/PageModelGetHelperTest.php" line="52" class="Hyde\Framework\Testing\Unit\Pages\PageModelGetHelperTest" classname="Hyde.Framework.Testing.Unit.Pages.PageModelGetHelperTest" assertions="3" time="0.013398"/>
      </testsuite>
      <testsuite name="Hyde\Framework\Testing\Unit\Pages\PageModelParseHelperTest" file="/home/runner/work/develop/develop/packages/framework/tests/Unit/Pages/PageModelParseHelperTest.php" tests="4" assertions="4" errors="0" failures="0" skipped="0" time="0.039508">
        <testcase name="test_blade_page_get_helper_returns_blade_page_object" file="/home/runner/work/develop/develop/packages/framework/tests/Unit/Pages/PageModelParseHelperTest.php" line="19" class="Hyde\Framework\Testing\Unit\Pages\PageModelParseHelperTest" classname="Hyde.Framework.Testing.Unit.Pages.PageModelParseHelperTest" assertions="1" time="0.009660"/>
        <testcase name="test_markdown_page_get_helper_returns_markdown_page_object" file="/home/runner/work/develop/develop/packages/framework/tests/Unit/Pages/PageModelParseHelperTest.php" line="29" class="Hyde\Framework\Testing\Unit\Pages\PageModelParseHelperTest" classname="Hyde.Framework.Testing.Unit.Pages.PageModelParseHelperTest" assertions="1" time="0.009627"/>
        <testcase name="test_markdown_post_get_helper_returns_markdown_post_object" file="/home/runner/work/develop/develop/packages/framework/tests/Unit/Pages/PageModelParseHelperTest.php" line="39" class="Hyde\Framework\Testing\Unit\Pages\PageModelParseHelperTest" classname="Hyde.Framework.Testing.Unit.Pages.PageModelParseHelperTest" assertions="1" time="0.010707"/>
        <testcase name="test_documentation_page_get_helper_returns_documentation_page_object" file="/home/runner/work/develop/develop/packages/framework/tests/Unit/Pages/PageModelParseHelperTest.php" line="49" class="Hyde\Framework\Testing\Unit\Pages\PageModelParseHelperTest" classname="Hyde.Framework.Testing.Unit.Pages.PageModelParseHelperTest" assertions="1" time="0.009514"/>
      </testsuite>
      <testsuite name="Hyde\Framework\Testing\Unit\Pages\TestAllPageTypesHaveUnitTestsTest" file="/home/runner/work/develop/develop/packages/framework/tests/Unit/Pages/TestAllPageTypesHaveUnitTestsTest.php" tests="1" assertions="8" errors="0" failures="0" skipped="0" time="0.006925">
        <testcase name="testAllPageTypesHaveUnitTests" file="/home/runner/work/develop/develop/packages/framework/tests/Unit/Pages/TestAllPageTypesHaveUnitTestsTest.php" line="12" class="Hyde\Framework\Testing\Unit\Pages\TestAllPageTypesHaveUnitTestsTest" classname="Hyde.Framework.Testing.Unit.Pages.TestAllPageTypesHaveUnitTestsTest" assertions="8" time="0.006925"/>
      </testsuite>
      <testsuite name="Hyde\Framework\Testing\Unit\PostAuthorTest" file="/home/runner/work/develop/develop/packages/framework/tests/Unit/PostAuthorTest.php" tests="14" assertions="25" errors="0" failures="0" skipped="0" time="0.044578">
        <testcase name="testCreateMethodCreatesNewAuthorModel" file="/home/runner/work/develop/develop/packages/framework/tests/Unit/PostAuthorTest.php" line="21" class="Hyde\Framework\Testing\Unit\PostAuthorTest" classname="Hyde.Framework.Testing.Unit.PostAuthorTest" assertions="1" time="0.003452"/>
        <testcase name="testCreateMethodAcceptsAllParameters" file="/home/runner/work/develop/develop/packages/framework/tests/Unit/PostAuthorTest.php" line="28" class="Hyde\Framework\Testing\Unit\PostAuthorTest" classname="Hyde.Framework.Testing.Unit.PostAuthorTest" assertions="3" time="0.003196"/>
        <testcase name="testGetOrCreateMethodCreatesNewAuthorModelFromString" file="/home/runner/work/develop/develop/packages/framework/tests/Unit/PostAuthorTest.php" line="37" class="Hyde\Framework\Testing\Unit\PostAuthorTest" classname="Hyde.Framework.Testing.Unit.PostAuthorTest" assertions="1" time="0.003473"/>
        <testcase name="testGetOrCreateMethodCreatesNewAuthorModelFromStringCanFindExistingAuthor" file="/home/runner/work/develop/develop/packages/framework/tests/Unit/PostAuthorTest.php" line="43" class="Hyde\Framework\Testing\Unit\PostAuthorTest" classname="Hyde.Framework.Testing.Unit.PostAuthorTest" assertions="1" time="0.003562"/>
        <testcase name="testGetOrCreateMethodCreatesNewAuthorModelFromArray" file="/home/runner/work/develop/develop/packages/framework/tests/Unit/PostAuthorTest.php" line="52" class="Hyde\Framework\Testing\Unit\PostAuthorTest" classname="Hyde.Framework.Testing.Unit.PostAuthorTest" assertions="1" time="0.003062"/>
        <testcase name="testGetOrCreateMethodCreatesNewAuthorModelFromArrayOnlyNeedsUsername" file="/home/runner/work/develop/develop/packages/framework/tests/Unit/PostAuthorTest.php" line="62" class="Hyde\Framework\Testing\Unit\PostAuthorTest" classname="Hyde.Framework.Testing.Unit.PostAuthorTest" assertions="1" time="0.003009"/>
        <testcase name="testAllMethodReturnsEmptyCollectionIfNoAuthorsAreSetInConfig" file="/home/runner/work/develop/develop/packages/framework/tests/Unit/PostAuthorTest.php" line="67" class="Hyde\Framework\Testing\Unit\PostAuthorTest" classname="Hyde.Framework.Testing.Unit.PostAuthorTest" assertions="2" time="0.003248"/>
        <testcase name="testAllMethodReturnsCollectionWithAllAuthorsDefinedInConfig" file="/home/runner/work/develop/develop/packages/framework/tests/Unit/PostAuthorTest.php" line="76" class="Hyde\Framework\Testing\Unit\PostAuthorTest" classname="Hyde.Framework.Testing.Unit.PostAuthorTest" assertions="3" time="0.003578"/>
        <testcase name="testMultipleAuthorsCanBeDefinedInConfig" file="/home/runner/work/develop/develop/packages/framework/tests/Unit/PostAuthorTest.php" line="88" class="Hyde\Framework\Testing\Unit\PostAuthorTest" classname="Hyde.Framework.Testing.Unit.PostAuthorTest" assertions="4" time="0.003752"/>
        <testcase name="testGetMethodReturnsConfigDefinedAuthorByUsername" file="/home/runner/work/develop/develop/packages/framework/tests/Unit/PostAuthorTest.php" line="102" class="Hyde\Framework\Testing\Unit\PostAuthorTest" classname="Hyde.Framework.Testing.Unit.PostAuthorTest" assertions="3" time="0.003221"/>
        <testcase name="testGetMethodReturnsNewAuthorIfUsernameNotFoundInConfig" file="/home/runner/work/develop/develop/packages/framework/tests/Unit/PostAuthorTest.php" line="114" class="Hyde\Framework\Testing\Unit\PostAuthorTest" classname="Hyde.Framework.Testing.Unit.PostAuthorTest" assertions="2" time="0.003003"/>
        <testcase name="testGetNameHelperReturnsNameIfSet" file="/home/runner/work/develop/develop/packages/framework/tests/Unit/PostAuthorTest.php" line="123" class="Hyde\Framework\Testing\Unit\PostAuthorTest" classname="Hyde.Framework.Testing.Unit.PostAuthorTest" assertions="1" time="0.002699"/>
        <testcase name="testGetNameHelperReturnsUsernameIfNameIsNotSet" file="/home/runner/work/develop/develop/packages/framework/tests/Unit/PostAuthorTest.php" line="130" class="Hyde\Framework\Testing\Unit\PostAuthorTest" classname="Hyde.Framework.Testing.Unit.PostAuthorTest" assertions="1" time="0.002677"/>
        <testcase name="testToStringHelperReturnsTheName" file="/home/runner/work/develop/develop/packages/framework/tests/Unit/PostAuthorTest.php" line="137" class="Hyde\Framework\Testing\Unit\PostAuthorTest" classname="Hyde.Framework.Testing.Unit.PostAuthorTest" assertions="1" time="0.002647"/>
      </testsuite>
      <testsuite name="Hyde\Framework\Testing\Unit\RelativeLinksAcrossPagesRetainsIntegrityTest" file="/home/runner/work/develop/develop/packages/framework/tests/Unit/RelativeLinksAcrossPagesRetainsIntegrityTest.php" tests="1" assertions="18" errors="0" failures="0" skipped="0" time="0.138658">
        <testcase name="test_relative_links_across_pages_retains_integrity" file="/home/runner/work/develop/develop/packages/framework/tests/Unit/RelativeLinksAcrossPagesRetainsIntegrityTest.php" line="71" class="Hyde\Framework\Testing\Unit\RelativeLinksAcrossPagesRetainsIntegrityTest" classname="Hyde.Framework.Testing.Unit.RelativeLinksAcrossPagesRetainsIntegrityTest" assertions="18" time="0.138658"/>
      </testsuite>
      <testsuite name="Hyde\Framework\Testing\Unit\RouteKeyTest" file="/home/runner/work/develop/develop/packages/framework/tests/Unit/RouteKeyTest.php" tests="12" assertions="25" errors="0" failures="0" skipped="0" time="0.034744">
        <testcase name="testMake" file="/home/runner/work/develop/develop/packages/framework/tests/Unit/RouteKeyTest.php" line="21" class="Hyde\Framework\Testing\Unit\RouteKeyTest" classname="Hyde.Framework.Testing.Unit.RouteKeyTest" assertions="1" time="0.003267"/>
        <testcase name="testConstruct" file="/home/runner/work/develop/develop/packages/framework/tests/Unit/RouteKeyTest.php" line="26" class="Hyde\Framework\Testing\Unit\RouteKeyTest" classname="Hyde.Framework.Testing.Unit.RouteKeyTest" assertions="1" time="0.002512"/>
        <testcase name="testToString" file="/home/runner/work/develop/develop/packages/framework/tests/Unit/RouteKeyTest.php" line="31" class="Hyde\Framework\Testing\Unit\RouteKeyTest" classname="Hyde.Framework.Testing.Unit.RouteKeyTest" assertions="1" time="0.002773"/>
        <testcase name="testGet" file="/home/runner/work/develop/develop/packages/framework/tests/Unit/RouteKeyTest.php" line="36" class="Hyde\Framework\Testing\Unit\RouteKeyTest" classname="Hyde.Framework.Testing.Unit.RouteKeyTest" assertions="1" time="0.002333"/>
        <testcase name="testCast" file="/home/runner/work/develop/develop/packages/framework/tests/Unit/RouteKeyTest.php" line="41" class="Hyde\Framework\Testing\Unit\RouteKeyTest" classname="Hyde.Framework.Testing.Unit.RouteKeyTest" assertions="1" time="0.002650"/>
        <testcase name="testConstructorValuesAreNormalized" file="/home/runner/work/develop/develop/packages/framework/tests/Unit/RouteKeyTest.php" line="46" class="Hyde\Framework\Testing\Unit\RouteKeyTest" classname="Hyde.Framework.Testing.Unit.RouteKeyTest" assertions="3" time="0.002805"/>
        <testcase name="testStaticConstructorValuesAreNormalized" file="/home/runner/work/develop/develop/packages/framework/tests/Unit/RouteKeyTest.php" line="53" class="Hyde\Framework\Testing\Unit\RouteKeyTest" classname="Hyde.Framework.Testing.Unit.RouteKeyTest" assertions="3" time="0.003065"/>
        <testcase name="testFromPage" file="/home/runner/work/develop/develop/packages/framework/tests/Unit/RouteKeyTest.php" line="60" class="Hyde\Framework\Testing\Unit\RouteKeyTest" classname="Hyde.Framework.Testing.Unit.RouteKeyTest" assertions="5" time="0.003480"/>
        <testcase name="testFromPageWithNestedIdentifier" file="/home/runner/work/develop/develop/packages/framework/tests/Unit/RouteKeyTest.php" line="69" class="Hyde\Framework\Testing\Unit\RouteKeyTest" classname="Hyde.Framework.Testing.Unit.RouteKeyTest" assertions="5" time="0.003473"/>
        <testcase name="testFromPageWithInMemoryPage" file="/home/runner/work/develop/develop/packages/framework/tests/Unit/RouteKeyTest.php" line="78" class="Hyde\Framework\Testing\Unit\RouteKeyTest" classname="Hyde.Framework.Testing.Unit.RouteKeyTest" assertions="2" time="0.002908"/>
        <testcase name="testFromPageWithCustomOutputDirectory" file="/home/runner/work/develop/develop/packages/framework/tests/Unit/RouteKeyTest.php" line="84" class="Hyde\Framework\Testing\Unit\RouteKeyTest" classname="Hyde.Framework.Testing.Unit.RouteKeyTest" assertions="1" time="0.002749"/>
        <testcase name="testFromPageWithCustomNestedOutputDirectory" file="/home/runner/work/develop/develop/packages/framework/tests/Unit/RouteKeyTest.php" line="90" class="Hyde\Framework\Testing\Unit\RouteKeyTest" classname="Hyde.Framework.Testing.Unit.RouteKeyTest" assertions="1" time="0.002728"/>
      </testsuite>
      <testsuite name="Hyde\Framework\Testing\Unit\RouteNotFoundExceptionTest" file="/home/runner/work/develop/develop/packages/framework/tests/Unit/RouteNotFoundExceptionTest.php" tests="2" assertions="4" errors="0" failures="0" skipped="0" time="0.006500">
        <testcase name="test_it_can_be_instantiated" file="/home/runner/work/develop/develop/packages/framework/tests/Unit/RouteNotFoundExceptionTest.php" line="15" class="Hyde\Framework\Testing\Unit\RouteNotFoundExceptionTest" classname="Hyde.Framework.Testing.Unit.RouteNotFoundExceptionTest" assertions="1" time="0.003566"/>
        <testcase name="test_it_throws_an_exception_when_page_type_is_not_supported" file="/home/runner/work/develop/develop/packages/framework/tests/Unit/RouteNotFoundExceptionTest.php" line="22" class="Hyde\Framework\Testing\Unit\RouteNotFoundExceptionTest" classname="Hyde.Framework.Testing.Unit.RouteNotFoundExceptionTest" assertions="3" time="0.002934"/>
      </testsuite>
      <testsuite name="Hyde\Framework\Testing\Unit\RouteTest" file="/home/runner/work/develop/develop/packages/framework/tests/Unit/RouteTest.php" tests="18" assertions="23" errors="0" failures="0" skipped="0" time="0.087152">
        <testcase name="testConstructorCreatesRouteFromPageModel" file="/home/runner/work/develop/develop/packages/framework/tests/Unit/RouteTest.php" line="27" class="Hyde\Framework\Testing\Unit\RouteTest" classname="Hyde.Framework.Testing.Unit.RouteTest" assertions="1" time="0.004933"/>
        <testcase name="testGetPageTypeReturnsFullyQualifiedClassName" file="/home/runner/work/develop/develop/packages/framework/tests/Unit/RouteTest.php" line="32" class="Hyde\Framework\Testing\Unit\RouteTest" classname="Hyde.Framework.Testing.Unit.RouteTest" assertions="1" time="0.004119"/>
        <testcase name="testGetSourceModelReturnsPageModel" file="/home/runner/work/develop/develop/packages/framework/tests/Unit/RouteTest.php" line="37" class="Hyde\Framework\Testing\Unit\RouteTest" classname="Hyde.Framework.Testing.Unit.RouteTest" assertions="2" time="0.004358"/>
        <testcase name="testGetRouteKeyReturnsPagePath" file="/home/runner/work/develop/develop/packages/framework/tests/Unit/RouteTest.php" line="46" class="Hyde\Framework\Testing\Unit\RouteTest" classname="Hyde.Framework.Testing.Unit.RouteTest" assertions="1" time="0.004428"/>
        <testcase name="testGetSourceFilePathReturnsPageSourcePath" file="/home/runner/work/develop/develop/packages/framework/tests/Unit/RouteTest.php" line="52" class="Hyde\Framework\Testing\Unit\RouteTest" classname="Hyde.Framework.Testing.Unit.RouteTest" assertions="1" time="0.004328"/>
        <testcase name="testGetOutputFilePathReturnsPageOutputPath" file="/home/runner/work/develop/develop/packages/framework/tests/Unit/RouteTest.php" line="58" class="Hyde\Framework\Testing\Unit\RouteTest" classname="Hyde.Framework.Testing.Unit.RouteTest" assertions="1" time="0.004375"/>
        <testcase name="testGetLinkReturnsCorrectPathForRootPages" file="/home/runner/work/develop/develop/packages/framework/tests/Unit/RouteTest.php" line="64" class="Hyde\Framework\Testing\Unit\RouteTest" classname="Hyde.Framework.Testing.Unit.RouteTest" assertions="2" time="0.005211"/>
        <testcase name="testGetLinkReturnsCorrectPathForNestedPages" file="/home/runner/work/develop/develop/packages/framework/tests/Unit/RouteTest.php" line="72" class="Hyde\Framework\Testing\Unit\RouteTest" classname="Hyde.Framework.Testing.Unit.RouteTest" assertions="2" time="0.004875"/>
        <testcase name="testGetLinkReturnsCorrectPathForNestedCurrentPage" file="/home/runner/work/develop/develop/packages/framework/tests/Unit/RouteTest.php" line="80" class="Hyde\Framework\Testing\Unit\RouteTest" classname="Hyde.Framework.Testing.Unit.RouteTest" assertions="2" time="0.005397"/>
        <testcase name="testGetLinkReturnsPrettyUrlIfEnabled" file="/home/runner/work/develop/develop/packages/framework/tests/Unit/RouteTest.php" line="89" class="Hyde\Framework\Testing\Unit\RouteTest" classname="Hyde.Framework.Testing.Unit.RouteTest" assertions="2" time="0.004930"/>
        <testcase name="testToStringIsAliasForGetLink" file="/home/runner/work/develop/develop/packages/framework/tests/Unit/RouteTest.php" line="98" class="Hyde\Framework\Testing\Unit\RouteTest" classname="Hyde.Framework.Testing.Unit.RouteTest" assertions="1" time="0.004622"/>
        <testcase name="testIsWithRouteReturnsTrueWhenTrue" file="/home/runner/work/develop/develop/packages/framework/tests/Unit/RouteTest.php" line="104" class="Hyde\Framework\Testing\Unit\RouteTest" classname="Hyde.Framework.Testing.Unit.RouteTest" assertions="1" time="0.004314"/>
        <testcase name="testIsWithRouteReturnsFalseWhenFalse" file="/home/runner/work/develop/develop/packages/framework/tests/Unit/RouteTest.php" line="110" class="Hyde\Framework\Testing\Unit\RouteTest" classname="Hyde.Framework.Testing.Unit.RouteTest" assertions="1" time="0.004909"/>
        <testcase name="testIsWithRouteKeyReturnsTrueWhenTrue" file="/home/runner/work/develop/develop/packages/framework/tests/Unit/RouteTest.php" line="117" class="Hyde\Framework\Testing\Unit\RouteTest" classname="Hyde.Framework.Testing.Unit.RouteTest" assertions="1" time="0.004378"/>
        <testcase name="testIsWithRouteKeyReturnsFalseWhenFalse" file="/home/runner/work/develop/develop/packages/framework/tests/Unit/RouteTest.php" line="123" class="Hyde\Framework\Testing\Unit\RouteTest" classname="Hyde.Framework.Testing.Unit.RouteTest" assertions="1" time="0.004372"/>
        <testcase name="testIsWithRouteKeyObjectReturnsTrueWhenTrue" file="/home/runner/work/develop/develop/packages/framework/tests/Unit/RouteTest.php" line="129" class="Hyde\Framework\Testing\Unit\RouteTest" classname="Hyde.Framework.Testing.Unit.RouteTest" assertions="1" time="0.004407"/>
        <testcase name="testIsWithRouteKeyObjectReturnsTrueWhenFalse" file="/home/runner/work/develop/develop/packages/framework/tests/Unit/RouteTest.php" line="135" class="Hyde\Framework\Testing\Unit\RouteTest" classname="Hyde.Framework.Testing.Unit.RouteTest" assertions="1" time="0.004388"/>
        <testcase name="testToArrayMethod" file="/home/runner/work/develop/develop/packages/framework/tests/Unit/RouteTest.php" line="141" class="Hyde\Framework\Testing\Unit\RouteTest" classname="Hyde.Framework.Testing.Unit.RouteTest" assertions="1" time="0.008807"/>
      </testsuite>
      <testsuite name="Hyde\Framework\Testing\Unit\SchemaContractsTest" file="/home/runner/work/develop/develop/packages/framework/tests/Unit/SchemaContractsTest.php" tests="5" assertions="30" errors="0" failures="0" skipped="0" time="0.014857">
        <testcase name="testSchemasAreNotAccidentallyChanged" file="/home/runner/work/develop/develop/packages/framework/tests/Unit/SchemaContractsTest.php" line="45" class="Hyde\Framework\Testing\Unit\SchemaContractsTest" classname="Hyde.Framework.Testing.Unit.SchemaContractsTest" assertions="5" time="0.003994"/>
        <testcase name="testAllSchemasAreTested" file="/home/runner/work/develop/develop/packages/framework/tests/Unit/SchemaContractsTest.php" line="87" class="Hyde\Framework\Testing\Unit\SchemaContractsTest" classname="Hyde.Framework.Testing.Unit.SchemaContractsTest" assertions="3" time="0.002631"/>
        <testcase name="testAllSchemasExtendFrontMatterSchemaInterface" file="/home/runner/work/develop/develop/packages/framework/tests/Unit/SchemaContractsTest.php" line="113" class="Hyde\Framework\Testing\Unit\SchemaContractsTest" classname="Hyde.Framework.Testing.Unit.SchemaContractsTest" assertions="5" time="0.002295"/>
        <testcase name="testAllSchemasHaveConstantMatchingTheirInterfaceName" file="/home/runner/work/develop/develop/packages/framework/tests/Unit/SchemaContractsTest.php" line="120" class="Hyde\Framework\Testing\Unit\SchemaContractsTest" classname="Hyde.Framework.Testing.Unit.SchemaContractsTest" assertions="5" time="0.002387"/>
        <testcase name="testEachInterfaceOnlyHasOneSchema" file="/home/runner/work/develop/develop/packages/framework/tests/Unit/SchemaContractsTest.php" line="127" class="Hyde\Framework\Testing\Unit\SchemaContractsTest" classname="Hyde.Framework.Testing.Unit.SchemaContractsTest" assertions="12" time="0.003550"/>
      </testsuite>
      <testsuite name="Hyde\Framework\Testing\Unit\SerializableContractTest" file="/home/runner/work/develop/develop/packages/framework/tests/Unit/SerializableContractTest.php" tests="4" assertions="4" errors="0" failures="0" skipped="0" time="0.007158">
        <testcase name="testInterface" file="/home/runner/work/develop/develop/packages/framework/tests/Unit/SerializableContractTest.php" line="18" class="Hyde\Framework\Testing\Unit\SerializableContractTest" classname="Hyde.Framework.Testing.Unit.SerializableContractTest" assertions="1" time="0.001939"/>
        <testcase name="testInterfaceExtendsJsonSerializable" file="/home/runner/work/develop/develop/packages/framework/tests/Unit/SerializableContractTest.php" line="23" class="Hyde\Framework\Testing\Unit\SerializableContractTest" classname="Hyde.Framework.Testing.Unit.SerializableContractTest" assertions="1" time="0.001759"/>
        <testcase name="testInterfaceExtendsArrayable" file="/home/runner/work/develop/develop/packages/framework/tests/Unit/SerializableContractTest.php" line="28" class="Hyde\Framework\Testing\Unit\SerializableContractTest" classname="Hyde.Framework.Testing.Unit.SerializableContractTest" assertions="1" time="0.001737"/>
        <testcase name="testInterfaceExtendsJsonable" file="/home/runner/work/develop/develop/packages/framework/tests/Unit/SerializableContractTest.php" line="33" class="Hyde\Framework\Testing\Unit\SerializableContractTest" classname="Hyde.Framework.Testing.Unit.SerializableContractTest" assertions="1" time="0.001723"/>
      </testsuite>
      <testsuite name="Hyde\Framework\Testing\Unit\SerializableTest" file="/home/runner/work/develop/develop/packages/framework/tests/Unit/SerializableTest.php" tests="8" assertions="8" errors="0" failures="0" skipped="0" time="0.020631">
        <testcase name="testToArray" file="/home/runner/work/develop/develop/packages/framework/tests/Unit/SerializableTest.php" line="17" class="Hyde\Framework\Testing\Unit\SerializableTest" classname="Hyde.Framework.Testing.Unit.SerializableTest" assertions="1" time="0.002964"/>
        <testcase name="testJsonSerialize" file="/home/runner/work/develop/develop/packages/framework/tests/Unit/SerializableTest.php" line="22" class="Hyde\Framework\Testing\Unit\SerializableTest" classname="Hyde.Framework.Testing.Unit.SerializableTest" assertions="1" time="0.002491"/>
        <testcase name="testToJson" file="/home/runner/work/develop/develop/packages/framework/tests/Unit/SerializableTest.php" line="27" class="Hyde\Framework\Testing\Unit\SerializableTest" classname="Hyde.Framework.Testing.Unit.SerializableTest" assertions="1" time="0.002711"/>
        <testcase name="testJsonEncode" file="/home/runner/work/develop/develop/packages/framework/tests/Unit/SerializableTest.php" line="32" class="Hyde\Framework\Testing\Unit\SerializableTest" classname="Hyde.Framework.Testing.Unit.SerializableTest" assertions="1" time="0.002453"/>
        <testcase name="testSerialize" file="/home/runner/work/develop/develop/packages/framework/tests/Unit/SerializableTest.php" line="37" class="Hyde\Framework\Testing\Unit\SerializableTest" classname="Hyde.Framework.Testing.Unit.SerializableTest" assertions="1" time="0.002508"/>
        <testcase name="testSerializeWithArrayable" file="/home/runner/work/develop/develop/packages/framework/tests/Unit/SerializableTest.php" line="42" class="Hyde\Framework\Testing\Unit\SerializableTest" classname="Hyde.Framework.Testing.Unit.SerializableTest" assertions="1" time="0.002543"/>
        <testcase name="testJsonSerializeWithArrayable" file="/home/runner/work/develop/develop/packages/framework/tests/Unit/SerializableTest.php" line="47" class="Hyde\Framework\Testing\Unit\SerializableTest" classname="Hyde.Framework.Testing.Unit.SerializableTest" assertions="1" time="0.002531"/>
        <testcase name="testToJsonWithArrayable" file="/home/runner/work/develop/develop/packages/framework/tests/Unit/SerializableTest.php" line="52" class="Hyde\Framework\Testing\Unit\SerializableTest" classname="Hyde.Framework.Testing.Unit.SerializableTest" assertions="1" time="0.002430"/>
      </testsuite>
      <testsuite name="Hyde\Framework\Testing\Unit\SourceFilesInCustomDirectoriesCanBeCompiledTest" file="/home/runner/work/develop/develop/packages/framework/tests/Unit/SourceFilesInCustomDirectoriesCanBeCompiledTest.php" tests="4" assertions="4" errors="0" failures="0" skipped="0" time="0.101558">
        <testcase name="test_markdown_posts_in_changed_directory_can_be_compiled" file="/home/runner/work/develop/develop/packages/framework/tests/Unit/SourceFilesInCustomDirectoriesCanBeCompiledTest.php" line="37" class="Hyde\Framework\Testing\Unit\SourceFilesInCustomDirectoriesCanBeCompiledTest" classname="Hyde.Framework.Testing.Unit.SourceFilesInCustomDirectoriesCanBeCompiledTest" assertions="1" time="0.029089"/>
        <testcase name="test_markdown_pages_in_changed_directory_can_be_compiled" file="/home/runner/work/develop/develop/packages/framework/tests/Unit/SourceFilesInCustomDirectoriesCanBeCompiledTest.php" line="50" class="Hyde\Framework\Testing\Unit\SourceFilesInCustomDirectoriesCanBeCompiledTest" classname="Hyde.Framework.Testing.Unit.SourceFilesInCustomDirectoriesCanBeCompiledTest" assertions="1" time="0.026751"/>
        <testcase name="test_documentation_pages_in_changed_directory_can_be_compiled" file="/home/runner/work/develop/develop/packages/framework/tests/Unit/SourceFilesInCustomDirectoriesCanBeCompiledTest.php" line="63" class="Hyde\Framework\Testing\Unit\SourceFilesInCustomDirectoriesCanBeCompiledTest" classname="Hyde.Framework.Testing.Unit.SourceFilesInCustomDirectoriesCanBeCompiledTest" assertions="1" time="0.032333"/>
        <testcase name="test_blade_pages_in_changed_directory_can_be_compiled" file="/home/runner/work/develop/develop/packages/framework/tests/Unit/SourceFilesInCustomDirectoriesCanBeCompiledTest.php" line="76" class="Hyde\Framework\Testing\Unit\SourceFilesInCustomDirectoriesCanBeCompiledTest" classname="Hyde.Framework.Testing.Unit.SourceFilesInCustomDirectoriesCanBeCompiledTest" assertions="1" time="0.013386"/>
      </testsuite>
      <testsuite name="Hyde\Framework\Testing\Unit\TestBuildStaticSiteCommandFlagToEnablePrettyUrlsTest" file="/home/runner/work/develop/develop/packages/framework/tests/Unit/TestBuildStaticSiteCommandFlagToEnablePrettyUrlsTest.php" tests="2" assertions="4" errors="0" failures="0" skipped="0" time="0.037366">
        <testcase name="test_pretty_urls_can_be_enabled_with_flag" file="/home/runner/work/develop/develop/packages/framework/tests/Unit/TestBuildStaticSiteCommandFlagToEnablePrettyUrlsTest.php" line="16" class="Hyde\Framework\Testing\Unit\TestBuildStaticSiteCommandFlagToEnablePrettyUrlsTest" classname="Hyde.Framework.Testing.Unit.TestBuildStaticSiteCommandFlagToEnablePrettyUrlsTest" assertions="3" time="0.032633"/>
        <testcase name="test_config_change_is_not_persisted" file="/home/runner/work/develop/develop/packages/framework/tests/Unit/TestBuildStaticSiteCommandFlagToEnablePrettyUrlsTest.php" line="29" class="Hyde\Framework\Testing\Unit\TestBuildStaticSiteCommandFlagToEnablePrettyUrlsTest" classname="Hyde.Framework.Testing.Unit.TestBuildStaticSiteCommandFlagToEnablePrettyUrlsTest" assertions="1" time="0.004733"/>
      </testsuite>
      <testsuite name="Hyde\Framework\Testing\Unit\TracksExecutionTimeTest" file="/home/runner/work/develop/develop/packages/framework/tests/Unit/TracksExecutionTimeTest.php" tests="4" assertions="10" errors="0" failures="0" skipped="0" time="0.012442">
        <testcase name="test_startClock" file="/home/runner/work/develop/develop/packages/framework/tests/Unit/TracksExecutionTimeTest.php" line="15" class="Hyde\Framework\Testing\Unit\TracksExecutionTimeTest" classname="Hyde.Framework.Testing.Unit.TracksExecutionTimeTest" assertions="4" time="0.003664"/>
        <testcase name="test_stopClock" file="/home/runner/work/develop/develop/packages/framework/tests/Unit/TracksExecutionTimeTest.php" line="28" class="Hyde\Framework\Testing\Unit\TracksExecutionTimeTest" classname="Hyde.Framework.Testing.Unit.TracksExecutionTimeTest" assertions="2" time="0.002960"/>
        <testcase name="test_getExecutionTimeInMs" file="/home/runner/work/develop/develop/packages/framework/tests/Unit/TracksExecutionTimeTest.php" line="37" class="Hyde\Framework\Testing\Unit\TracksExecutionTimeTest" classname="Hyde.Framework.Testing.Unit.TracksExecutionTimeTest" assertions="2" time="0.002912"/>
        <testcase name="test_getExecutionTimeString" file="/home/runner/work/develop/develop/packages/framework/tests/Unit/TracksExecutionTimeTest.php" line="45" class="Hyde\Framework\Testing\Unit\TracksExecutionTimeTest" classname="Hyde.Framework.Testing.Unit.TracksExecutionTimeTest" assertions="2" time="0.002906"/>
      </testsuite>
      <testsuite name="Hyde\Framework\Testing\Unit\UnixsumTest" file="/home/runner/work/develop/develop/packages/framework/tests/Unit/UnixsumTest.php" tests="10" assertions="13" errors="0" failures="0" skipped="0" time="0.020598">
        <testcase name="test_method_returns_string" file="/home/runner/work/develop/develop/packages/framework/tests/Unit/UnixsumTest.php" line="17" class="Hyde\Framework\Testing\Unit\UnixsumTest" classname="Hyde.Framework.Testing.Unit.UnixsumTest" assertions="1" time="0.002330"/>
        <testcase name="test_method_returns_string_with_length_of_32" file="/home/runner/work/develop/develop/packages/framework/tests/Unit/UnixsumTest.php" line="22" class="Hyde\Framework\Testing\Unit\UnixsumTest" classname="Hyde.Framework.Testing.Unit.UnixsumTest" assertions="1" time="0.001893"/>
        <testcase name="test_method_returns_string_matching_expected_format" file="/home/runner/work/develop/develop/packages/framework/tests/Unit/UnixsumTest.php" line="27" class="Hyde\Framework\Testing\Unit\UnixsumTest" classname="Hyde.Framework.Testing.Unit.UnixsumTest" assertions="1" time="0.001877"/>
        <testcase name="test_method_returns_same_value_for_same_string_using_normal_method" file="/home/runner/work/develop/develop/packages/framework/tests/Unit/UnixsumTest.php" line="32" class="Hyde\Framework\Testing\Unit\UnixsumTest" classname="Hyde.Framework.Testing.Unit.UnixsumTest" assertions="1" time="0.001821"/>
        <testcase name="test_method_returns_different_value_for_different_string" file="/home/runner/work/develop/develop/packages/framework/tests/Unit/UnixsumTest.php" line="37" class="Hyde\Framework\Testing\Unit\UnixsumTest" classname="Hyde.Framework.Testing.Unit.UnixsumTest" assertions="1" time="0.001899"/>
        <testcase name="test_function_is_case_sensitive" file="/home/runner/work/develop/develop/packages/framework/tests/Unit/UnixsumTest.php" line="42" class="Hyde\Framework\Testing\Unit\UnixsumTest" classname="Hyde.Framework.Testing.Unit.UnixsumTest" assertions="1" time="0.001882"/>
        <testcase name="test_function_is_space_sensitive" file="/home/runner/work/develop/develop/packages/framework/tests/Unit/UnixsumTest.php" line="47" class="Hyde\Framework\Testing\Unit\UnixsumTest" classname="Hyde.Framework.Testing.Unit.UnixsumTest" assertions="1" time="0.001850"/>
        <testcase name="test_method_returns_same_value_regardless_of_end_of_line_sequence" file="/home/runner/work/develop/develop/packages/framework/tests/Unit/UnixsumTest.php" line="52" class="Hyde\Framework\Testing\Unit\UnixsumTest" classname="Hyde.Framework.Testing.Unit.UnixsumTest" assertions="4" time="0.002150"/>
        <testcase name="test_method_returns_same_value_for_string_with_mixed_end_of_line_sequences" file="/home/runner/work/develop/develop/packages/framework/tests/Unit/UnixsumTest.php" line="60" class="Hyde\Framework\Testing\Unit\UnixsumTest" classname="Hyde.Framework.Testing.Unit.UnixsumTest" assertions="1" time="0.001779"/>
        <testcase name="test_method_returns_same_value_when_loaded_from_file_using_shorthand" file="/home/runner/work/develop/develop/packages/framework/tests/Unit/UnixsumTest.php" line="66" class="Hyde\Framework\Testing\Unit\UnixsumTest" classname="Hyde.Framework.Testing.Unit.UnixsumTest" assertions="1" time="0.003117"/>
      </testsuite>
      <testsuite name="Hyde\Framework\Testing\Unit\UnsupportedPageTypeExceptionTest" file="/home/runner/work/develop/develop/packages/framework/tests/Unit/UnsupportedPageTypeExceptionTest.php" tests="2" assertions="3" errors="0" failures="0" skipped="0" time="0.005400">
        <testcase name="test_it_can_be_instantiated" file="/home/runner/work/develop/develop/packages/framework/tests/Unit/UnsupportedPageTypeExceptionTest.php" line="15" class="Hyde\Framework\Testing\Unit\UnsupportedPageTypeExceptionTest" classname="Hyde.Framework.Testing.Unit.UnsupportedPageTypeExceptionTest" assertions="1" time="0.002961"/>
        <testcase name="test_it_throws_an_exception_when_page_type_is_not_supported" file="/home/runner/work/develop/develop/packages/framework/tests/Unit/UnsupportedPageTypeExceptionTest.php" line="22" class="Hyde\Framework\Testing\Unit\UnsupportedPageTypeExceptionTest" classname="Hyde.Framework.Testing.Unit.UnsupportedPageTypeExceptionTest" assertions="2" time="0.002440"/>
      </testsuite>
      <testsuite name="Hyde\Framework\Testing\Unit\ValidatesExistenceTest" file="/home/runner/work/develop/develop/packages/framework/tests/Unit/ValidatesExistenceTest.php" tests="2" assertions="2" errors="0" failures="0" skipped="0" time="0.014178">
        <testcase name="test_validate_existence_does_nothing_if_file_exists" file="/home/runner/work/develop/develop/packages/framework/tests/Unit/ValidatesExistenceTest.php" line="18" class="Hyde\Framework\Testing\Unit\ValidatesExistenceTest" classname="Hyde.Framework.Testing.Unit.ValidatesExistenceTest" assertions="1" time="0.007453"/>
        <testcase name="test_validate_existence_throws_file_not_found_exception_if_file_does_not_exist" file="/home/runner/work/develop/develop/packages/framework/tests/Unit/ValidatesExistenceTest.php" line="27" class="Hyde\Framework\Testing\Unit\ValidatesExistenceTest" classname="Hyde.Framework.Testing.Unit.ValidatesExistenceTest" assertions="1" time="0.006724"/>
      </testsuite>
      <testsuite name="Hyde\Framework\Testing\Unit\Views\ArticleExcerptViewTest" file="/home/runner/work/develop/develop/packages/framework/tests/Unit/Views/ArticleExcerptViewTest.php" tests="5" assertions="10" errors="0" failures="0" skipped="0" time="0.087463">
        <testcase name="test_component_can_be_rendered" file="/home/runner/work/develop/develop/packages/framework/tests/Unit/Views/ArticleExcerptViewTest.php" line="24" class="Hyde\Framework\Testing\Unit\Views\ArticleExcerptViewTest" classname="Hyde.Framework.Testing.Unit.Views.ArticleExcerptViewTest" assertions="1" time="0.017258"/>
        <testcase name="test_component_renders_post_data" file="/home/runner/work/develop/develop/packages/framework/tests/Unit/Views/ArticleExcerptViewTest.php" line="30" class="Hyde\Framework\Testing\Unit\Views\ArticleExcerptViewTest" classname="Hyde.Framework.Testing.Unit.Views.ArticleExcerptViewTest" assertions="5" time="0.018349"/>
        <testcase name="test_component_renders_post_with_author_object" file="/home/runner/work/develop/develop/packages/framework/tests/Unit/Views/ArticleExcerptViewTest.php" line="46" class="Hyde\Framework\Testing\Unit\Views\ArticleExcerptViewTest" classname="Hyde.Framework.Testing.Unit.Views.ArticleExcerptViewTest" assertions="1" time="0.017262"/>
        <testcase name="test_there_is_no_comma_after_date_string_when_there_is_no_author" file="/home/runner/work/develop/develop/packages/framework/tests/Unit/Views/ArticleExcerptViewTest.php" line="58" class="Hyde\Framework\Testing\Unit\Views\ArticleExcerptViewTest" classname="Hyde.Framework.Testing.Unit.Views.ArticleExcerptViewTest" assertions="2" time="0.017205"/>
        <testcase name="test_there_is_a_comma_after_date_string_when_there_is_a_author" file="/home/runner/work/develop/develop/packages/framework/tests/Unit/Views/ArticleExcerptViewTest.php" line="68" class="Hyde\Framework\Testing\Unit\Views\ArticleExcerptViewTest" classname="Hyde.Framework.Testing.Unit.Views.ArticleExcerptViewTest" assertions="1" time="0.017390"/>
      </testsuite>
      <testsuite name="Hyde\Framework\Testing\Unit\Views\Components\LinkComponentTest" file="/home/runner/work/develop/develop/packages/framework/tests/Unit/Views/Components/LinkComponentTest.php" tests="3" assertions="3" errors="0" failures="0" skipped="0" time="0.053917">
        <testcase name="test_link_component_can_be_rendered" file="/home/runner/work/develop/develop/packages/framework/tests/Unit/Views/Components/LinkComponentTest.php" line="17" class="Hyde\Framework\Testing\Unit\Views\Components\LinkComponentTest" classname="Hyde.Framework.Testing.Unit.Views.Components.LinkComponentTest" assertions="1" time="0.016946"/>
        <testcase name="test_link_component_can_be_rendered_with_route" file="/home/runner/work/develop/develop/packages/framework/tests/Unit/Views/Components/LinkComponentTest.php" line="22" class="Hyde\Framework\Testing\Unit\Views\Components\LinkComponentTest" classname="Hyde.Framework.Testing.Unit.Views.Components.LinkComponentTest" assertions="1" time="0.018494"/>
        <testcase name="test_link_component_can_be_rendered_with_route_for_nested_pages" file="/home/runner/work/develop/develop/packages/framework/tests/Unit/Views/Components/LinkComponentTest.php" line="29" class="Hyde\Framework\Testing\Unit\Views\Components\LinkComponentTest" classname="Hyde.Framework.Testing.Unit.Views.Components.LinkComponentTest" assertions="1" time="0.018476"/>
      </testsuite>
      <testsuite name="Hyde\Framework\Testing\Unit\Views\FeaturedImageViewTest" file="/home/runner/work/develop/develop/packages/framework/tests/Unit/Views/FeaturedImageViewTest.php" tests="21" assertions="46" errors="0" failures="0" skipped="0" time="0.217326">
        <testcase name="test_the_view" file="/home/runner/work/develop/develop/packages/framework/tests/Unit/Views/FeaturedImageViewTest.php" line="25" class="Hyde\Framework\Testing\Unit\Views\FeaturedImageViewTest" classname="Hyde.Framework.Testing.Unit.Views.FeaturedImageViewTest" assertions="9" time="0.011657"/>
        <testcase name="test_image_author_attribution_string" file="/home/runner/work/develop/develop/packages/framework/tests/Unit/Views/FeaturedImageViewTest.php" line="51" class="Hyde\Framework\Testing\Unit\Views\FeaturedImageViewTest" classname="Hyde.Framework.Testing.Unit.Views.FeaturedImageViewTest" assertions="3" time="0.010077"/>
        <testcase name="test_image_author_attribution_string_with_url" file="/home/runner/work/develop/develop/packages/framework/tests/Unit/Views/FeaturedImageViewTest.php" line="59" class="Hyde\Framework\Testing\Unit\Views\FeaturedImageViewTest" classname="Hyde.Framework.Testing.Unit.Views.FeaturedImageViewTest" assertions="5" time="0.010569"/>
        <testcase name="test_copyright_string" file="/home/runner/work/develop/develop/packages/framework/tests/Unit/Views/FeaturedImageViewTest.php" line="72" class="Hyde\Framework\Testing\Unit\Views\FeaturedImageViewTest" classname="Hyde.Framework.Testing.Unit.Views.FeaturedImageViewTest" assertions="2" time="0.009665"/>
        <testcase name="test_copyright_string_inverse" file="/home/runner/work/develop/develop/packages/framework/tests/Unit/Views/FeaturedImageViewTest.php" line="79" class="Hyde\Framework\Testing\Unit\Views\FeaturedImageViewTest" classname="Hyde.Framework.Testing.Unit.Views.FeaturedImageViewTest" assertions="1" time="0.009753"/>
        <testcase name="test_license_string" file="/home/runner/work/develop/develop/packages/framework/tests/Unit/Views/FeaturedImageViewTest.php" line="85" class="Hyde\Framework\Testing\Unit\Views\FeaturedImageViewTest" classname="Hyde.Framework.Testing.Unit.Views.FeaturedImageViewTest" assertions="1" time="0.010006"/>
        <testcase name="test_license_string_with_url" file="/home/runner/work/develop/develop/packages/framework/tests/Unit/Views/FeaturedImageViewTest.php" line="92" class="Hyde\Framework\Testing\Unit\Views\FeaturedImageViewTest" classname="Hyde.Framework.Testing.Unit.Views.FeaturedImageViewTest" assertions="1" time="0.009938"/>
        <testcase name="test_license_string_inverse" file="/home/runner/work/develop/develop/packages/framework/tests/Unit/Views/FeaturedImageViewTest.php" line="103" class="Hyde\Framework\Testing\Unit\Views\FeaturedImageViewTest" classname="Hyde.Framework.Testing.Unit.Views.FeaturedImageViewTest" assertions="2" time="0.010391"/>
        <testcase name="test_license_string_inverse_with_url" file="/home/runner/work/develop/develop/packages/framework/tests/Unit/Views/FeaturedImageViewTest.php" line="110" class="Hyde\Framework\Testing\Unit\Views\FeaturedImageViewTest" classname="Hyde.Framework.Testing.Unit.Views.FeaturedImageViewTest" assertions="2" time="0.010691"/>
        <testcase name="test_fluent_attribution_logic_uses_rich_html_tags" file="/home/runner/work/develop/develop/packages/framework/tests/Unit/Views/FeaturedImageViewTest.php" line="117" class="Hyde\Framework\Testing\Unit\Views\FeaturedImageViewTest" classname="Hyde.Framework.Testing.Unit.Views.FeaturedImageViewTest" assertions="7" time="0.010921"/>
        <testcase name="test_fluent_attribution_logic_uses_rich_html_tags_1" file="/home/runner/work/develop/develop/packages/framework/tests/Unit/Views/FeaturedImageViewTest.php" line="136" class="Hyde\Framework\Testing\Unit\Views\FeaturedImageViewTest" classname="Hyde.Framework.Testing.Unit.Views.FeaturedImageViewTest" assertions="2" time="0.010428"/>
        <testcase name="test_fluent_attribution_logic_uses_rich_html_tags_2" file="/home/runner/work/develop/develop/packages/framework/tests/Unit/Views/FeaturedImageViewTest.php" line="144" class="Hyde\Framework\Testing\Unit\Views\FeaturedImageViewTest" classname="Hyde.Framework.Testing.Unit.Views.FeaturedImageViewTest" assertions="1" time="0.010401"/>
        <testcase name="test_fluent_attribution_logic_uses_rich_html_tags_3" file="/home/runner/work/develop/develop/packages/framework/tests/Unit/Views/FeaturedImageViewTest.php" line="152" class="Hyde\Framework\Testing\Unit\Views\FeaturedImageViewTest" classname="Hyde.Framework.Testing.Unit.Views.FeaturedImageViewTest" assertions="1" time="0.010080"/>
        <testcase name="test_fluent_attribution_logic_uses_rich_html_tags_4" file="/home/runner/work/develop/develop/packages/framework/tests/Unit/Views/FeaturedImageViewTest.php" line="160" class="Hyde\Framework\Testing\Unit\Views\FeaturedImageViewTest" classname="Hyde.Framework.Testing.Unit.Views.FeaturedImageViewTest" assertions="2" time="0.010741"/>
        <testcase name="test_fluent_attribution_logic_creates_fluent_messages1" file="/home/runner/work/develop/develop/packages/framework/tests/Unit/Views/FeaturedImageViewTest.php" line="168" class="Hyde\Framework\Testing\Unit\Views\FeaturedImageViewTest" classname="Hyde.Framework.Testing.Unit.Views.FeaturedImageViewTest" assertions="1" time="0.010287"/>
        <testcase name="test_fluent_attribution_logic_creates_fluent_messages2" file="/home/runner/work/develop/develop/packages/framework/tests/Unit/Views/FeaturedImageViewTest.php" line="182" class="Hyde\Framework\Testing\Unit\Views\FeaturedImageViewTest" classname="Hyde.Framework.Testing.Unit.Views.FeaturedImageViewTest" assertions="1" time="0.010568"/>
        <testcase name="test_fluent_attribution_logic_creates_fluent_messages3" file="/home/runner/work/develop/develop/packages/framework/tests/Unit/Views/FeaturedImageViewTest.php" line="195" class="Hyde\Framework\Testing\Unit\Views\FeaturedImageViewTest" classname="Hyde.Framework.Testing.Unit.Views.FeaturedImageViewTest" assertions="1" time="0.010136"/>
        <testcase name="test_fluent_attribution_logic_creates_fluent_messages4" file="/home/runner/work/develop/develop/packages/framework/tests/Unit/Views/FeaturedImageViewTest.php" line="209" class="Hyde\Framework\Testing\Unit\Views\FeaturedImageViewTest" classname="Hyde.Framework.Testing.Unit.Views.FeaturedImageViewTest" assertions="1" time="0.010210"/>
        <testcase name="test_fluent_attribution_logic_creates_fluent_messages5" file="/home/runner/work/develop/develop/packages/framework/tests/Unit/Views/FeaturedImageViewTest.php" line="222" class="Hyde\Framework\Testing\Unit\Views\FeaturedImageViewTest" classname="Hyde.Framework.Testing.Unit.Views.FeaturedImageViewTest" assertions="1" time="0.010038"/>
        <testcase name="test_fluent_attribution_logic_creates_fluent_messages6" file="/home/runner/work/develop/develop/packages/framework/tests/Unit/Views/FeaturedImageViewTest.php" line="235" class="Hyde\Framework\Testing\Unit\Views\FeaturedImageViewTest" classname="Hyde.Framework.Testing.Unit.Views.FeaturedImageViewTest" assertions="1" time="0.010345"/>
        <testcase name="test_fluent_attribution_logic_creates_fluent_messages7" file="/home/runner/work/develop/develop/packages/framework/tests/Unit/Views/FeaturedImageViewTest.php" line="248" class="Hyde\Framework\Testing\Unit\Views\FeaturedImageViewTest" classname="Hyde.Framework.Testing.Unit.Views.FeaturedImageViewTest" assertions="1" time="0.010422"/>
      </testsuite>
      <testsuite name="Hyde\Framework\Testing\Unit\Views\HeadComponentViewTest" file="/home/runner/work/develop/develop/packages/framework/tests/Unit/Views/HeadComponentViewTest.php" tests="7" assertions="7" errors="0" failures="0" skipped="0" time="0.068754">
        <testcase name="testComponentCanBeRendered" file="/home/runner/work/develop/develop/packages/framework/tests/Unit/Views/HeadComponentViewTest.php" line="29" class="Hyde\Framework\Testing\Unit\Views\HeadComponentViewTest" classname="Hyde.Framework.Testing.Unit.Views.HeadComponentViewTest" assertions="1" time="0.008930"/>
        <testcase name="testTitleElementUsesPageTitle" file="/home/runner/work/develop/develop/packages/framework/tests/Unit/Views/HeadComponentViewTest.php" line="35" class="Hyde\Framework\Testing\Unit\Views\HeadComponentViewTest" classname="Hyde.Framework.Testing.Unit.Views.HeadComponentViewTest" assertions="1" time="0.014732"/>
        <testcase name="testLinkToFaviconIsNotAddedWhenFileDoesNotExist" file="/home/runner/work/develop/develop/packages/framework/tests/Unit/Views/HeadComponentViewTest.php" line="44" class="Hyde\Framework\Testing\Unit\Views\HeadComponentViewTest" classname="Hyde.Framework.Testing.Unit.Views.HeadComponentViewTest" assertions="1" time="0.008589"/>
        <testcase name="testLinkToFaviconIsAddedWhenFileExists" file="/home/runner/work/develop/develop/packages/framework/tests/Unit/Views/HeadComponentViewTest.php" line="49" class="Hyde\Framework\Testing\Unit\Views\HeadComponentViewTest" classname="Hyde.Framework.Testing.Unit.Views.HeadComponentViewTest" assertions="1" time="0.009750"/>
        <testcase name="testLinkToFaviconUsesRelativeUrl" file="/home/runner/work/develop/develop/packages/framework/tests/Unit/Views/HeadComponentViewTest.php" line="57" class="Hyde\Framework\Testing\Unit\Views\HeadComponentViewTest" classname="Hyde.Framework.Testing.Unit.Views.HeadComponentViewTest" assertions="1" time="0.009418"/>
        <testcase name="testComponentIncludesMetaView" file="/home/runner/work/develop/develop/packages/framework/tests/Unit/Views/HeadComponentViewTest.php" line="65" class="Hyde\Framework\Testing\Unit\Views\HeadComponentViewTest" classname="Hyde.Framework.Testing.Unit.Views.HeadComponentViewTest" assertions="1" time="0.009139"/>
        <testcase name="testComponentIncludesStylesView" file="/home/runner/work/develop/develop/packages/framework/tests/Unit/Views/HeadComponentViewTest.php" line="70" class="Hyde\Framework\Testing\Unit\Views\HeadComponentViewTest" classname="Hyde.Framework.Testing.Unit.Views.HeadComponentViewTest" assertions="1" time="0.008196"/>
      </testsuite>
      <testsuite name="Hyde\Framework\Testing\Unit\Views\NavigationBrandViewTest" file="/home/runner/work/develop/develop/packages/framework/tests/Unit/Views/NavigationBrandViewTest.php" tests="2" assertions="3" errors="0" failures="0" skipped="0" time="0.026159">
        <testcase name="test_component_links_to_home_route" file="/home/runner/work/develop/develop/packages/framework/tests/Unit/Views/NavigationBrandViewTest.php" line="29" class="Hyde\Framework\Testing\Unit\Views\NavigationBrandViewTest" classname="Hyde.Framework.Testing.Unit.Views.NavigationBrandViewTest" assertions="1" time="0.012548"/>
        <testcase name="test_component_uses_site_name" file="/home/runner/work/develop/develop/packages/framework/tests/Unit/Views/NavigationBrandViewTest.php" line="34" class="Hyde\Framework\Testing\Unit\Views\NavigationBrandViewTest" classname="Hyde.Framework.Testing.Unit.Views.NavigationBrandViewTest" assertions="2" time="0.013611"/>
      </testsuite>
      <testsuite name="Hyde\Framework\Testing\Unit\Views\NavigationLinkViewTest" file="/home/runner/work/develop/develop/packages/framework/tests/Unit/Views/NavigationLinkViewTest.php" tests="4" assertions="4" errors="0" failures="0" skipped="0" time="0.038077">
        <testcase name="test_component_links_to_route_destination" file="/home/runner/work/develop/develop/packages/framework/tests/Unit/Views/NavigationLinkViewTest.php" line="30" class="Hyde\Framework\Testing\Unit\Views\NavigationLinkViewTest" classname="Hyde.Framework.Testing.Unit.Views.NavigationLinkViewTest" assertions="1" time="0.006832"/>
        <testcase name="test_component_uses_title" file="/home/runner/work/develop/develop/packages/framework/tests/Unit/Views/NavigationLinkViewTest.php" line="35" class="Hyde\Framework\Testing\Unit\Views\NavigationLinkViewTest" classname="Hyde.Framework.Testing.Unit.Views.NavigationLinkViewTest" assertions="1" time="0.006690"/>
        <testcase name="test_component_is_current_when_current_route_matches" file="/home/runner/work/develop/develop/packages/framework/tests/Unit/Views/NavigationLinkViewTest.php" line="40" class="Hyde\Framework\Testing\Unit\Views\NavigationLinkViewTest" classname="Hyde.Framework.Testing.Unit.Views.NavigationLinkViewTest" assertions="1" time="0.012418"/>
        <testcase name="test_component_has_aria_current_when_current_route_matches" file="/home/runner/work/develop/develop/packages/framework/tests/Unit/Views/NavigationLinkViewTest.php" line="46" class="Hyde\Framework\Testing\Unit\Views\NavigationLinkViewTest" classname="Hyde.Framework.Testing.Unit.Views.NavigationLinkViewTest" assertions="1" time="0.012138"/>
      </testsuite>
      <testsuite name="Hyde\Framework\Testing\Unit\Views\NavigationMenuViewTest" file="/home/runner/work/develop/develop/packages/framework/tests/Unit/Views/NavigationMenuViewTest.php" tests="8" assertions="8" errors="0" failures="0" skipped="0" time="0.144664">
        <testcase name="test_component_can_be_rendered" file="/home/runner/work/develop/develop/packages/framework/tests/Unit/Views/NavigationMenuViewTest.php" line="28" class="Hyde\Framework\Testing\Unit\Views\NavigationMenuViewTest" classname="Hyde.Framework.Testing.Unit.Views.NavigationMenuViewTest" assertions="1" time="0.014336"/>
        <testcase name="test_component_contains_dark_mode_button" file="/home/runner/work/develop/develop/packages/framework/tests/Unit/Views/NavigationMenuViewTest.php" line="33" class="Hyde\Framework\Testing\Unit\Views\NavigationMenuViewTest" classname="Hyde.Framework.Testing.Unit.Views.NavigationMenuViewTest" assertions="1" time="0.014233"/>
        <testcase name="test_component_contains_navigation_menu_toggle_button" file="/home/runner/work/develop/develop/packages/framework/tests/Unit/Views/NavigationMenuViewTest.php" line="38" class="Hyde\Framework\Testing\Unit\Views\NavigationMenuViewTest" classname="Hyde.Framework.Testing.Unit.Views.NavigationMenuViewTest" assertions="1" time="0.013670"/>
        <testcase name="test_component_contains_main_navigation_links" file="/home/runner/work/develop/develop/packages/framework/tests/Unit/Views/NavigationMenuViewTest.php" line="43" class="Hyde\Framework\Testing\Unit\Views\NavigationMenuViewTest" classname="Hyde.Framework.Testing.Unit.Views.NavigationMenuViewTest" assertions="1" time="0.014161"/>
        <testcase name="test_component_contains_index_html_link" file="/home/runner/work/develop/develop/packages/framework/tests/Unit/Views/NavigationMenuViewTest.php" line="48" class="Hyde\Framework\Testing\Unit\Views\NavigationMenuViewTest" classname="Hyde.Framework.Testing.Unit.Views.NavigationMenuViewTest" assertions="1" time="0.014611"/>
        <testcase name="test_component_not_contains_404_html_link" file="/home/runner/work/develop/develop/packages/framework/tests/Unit/Views/NavigationMenuViewTest.php" line="53" class="Hyde\Framework\Testing\Unit\Views\NavigationMenuViewTest" classname="Hyde.Framework.Testing.Unit.Views.NavigationMenuViewTest" assertions="1" time="0.014259"/>
        <testcase name="test_navigation_menu_label_can_be_changed_in_front_matter" file="/home/runner/work/develop/develop/packages/framework/tests/Unit/Views/NavigationMenuViewTest.php" line="58" class="Hyde\Framework\Testing\Unit\Views\NavigationMenuViewTest" classname="Hyde.Framework.Testing.Unit.Views.NavigationMenuViewTest" assertions="1" time="0.030498"/>
        <testcase name="test_navigation_menu_label_can_be_changed_in_blade_matter" file="/home/runner/work/develop/develop/packages/framework/tests/Unit/Views/NavigationMenuViewTest.php" line="72" class="Hyde\Framework\Testing\Unit\Views\NavigationMenuViewTest" classname="Hyde.Framework.Testing.Unit.Views.NavigationMenuViewTest" assertions="1" time="0.028895"/>
      </testsuite>
      <testsuite name="Hyde\Framework\Testing\Unit\Views\ScriptsComponentViewTest" file="/home/runner/work/develop/develop/packages/framework/tests/Unit/Views/ScriptsComponentViewTest.php" tests="5" assertions="7" errors="0" failures="0" skipped="0" time="0.043426">
        <testcase name="test_component_can_be_rendered" file="/home/runner/work/develop/develop/packages/framework/tests/Unit/Views/ScriptsComponentViewTest.php" line="29" class="Hyde\Framework\Testing\Unit\Views\ScriptsComponentViewTest" classname="Hyde.Framework.Testing.Unit.Views.ScriptsComponentViewTest" assertions="1" time="0.008414"/>
        <testcase name="test_component_has_link_to_app_js_file_when_it_exists" file="/home/runner/work/develop/develop/packages/framework/tests/Unit/Views/ScriptsComponentViewTest.php" line="34" class="Hyde\Framework\Testing\Unit\Views\ScriptsComponentViewTest" classname="Hyde.Framework.Testing.Unit.Views.ScriptsComponentViewTest" assertions="1" time="0.008701"/>
        <testcase name="test_component_does_not_render_link_to_app_js_when_it_does_not_exist" file="/home/runner/work/develop/develop/packages/framework/tests/Unit/Views/ScriptsComponentViewTest.php" line="41" class="Hyde\Framework\Testing\Unit\Views\ScriptsComponentViewTest" classname="Hyde.Framework.Testing.Unit.Views.ScriptsComponentViewTest" assertions="1" time="0.008286"/>
        <testcase name="test_component_uses_relative_path_to_app_js_file_for_nested_pages" file="/home/runner/work/develop/develop/packages/framework/tests/Unit/Views/ScriptsComponentViewTest.php" line="46" class="Hyde\Framework\Testing\Unit\Views\ScriptsComponentViewTest" classname="Hyde.Framework.Testing.Unit.Views.ScriptsComponentViewTest" assertions="3" time="0.009989"/>
        <testcase name="test_scripts_can_be_pushed_to_the_component_scripts_stack" file="/home/runner/work/develop/develop/packages/framework/tests/Unit/Views/ScriptsComponentViewTest.php" line="59" class="Hyde\Framework\Testing\Unit\Views\ScriptsComponentViewTest" classname="Hyde.Framework.Testing.Unit.Views.ScriptsComponentViewTest" assertions="1" time="0.008035"/>
      </testsuite>
      <testsuite name="Hyde\Framework\Testing\Unit\Views\StylesComponentViewTest" file="/home/runner/work/develop/develop/packages/framework/tests/Unit/Views/StylesComponentViewTest.php" tests="9" assertions="11" errors="0" failures="0" skipped="0" time="0.078603">
        <testcase name="test_component_can_be_rendered" file="/home/runner/work/develop/develop/packages/framework/tests/Unit/Views/StylesComponentViewTest.php" line="34" class="Hyde\Framework\Testing\Unit\Views\StylesComponentViewTest" classname="Hyde.Framework.Testing.Unit.Views.StylesComponentViewTest" assertions="1" time="0.008995"/>
        <testcase name="test_component_has_link_to_app_css_file" file="/home/runner/work/develop/develop/packages/framework/tests/Unit/Views/StylesComponentViewTest.php" line="39" class="Hyde\Framework\Testing\Unit\Views\StylesComponentViewTest" classname="Hyde.Framework.Testing.Unit.Views.StylesComponentViewTest" assertions="1" time="0.008835"/>
        <testcase name="test_component_uses_relative_path_to_app_css_file_for_nested_pages" file="/home/runner/work/develop/develop/packages/framework/tests/Unit/Views/StylesComponentViewTest.php" line="44" class="Hyde\Framework\Testing\Unit\Views\StylesComponentViewTest" classname="Hyde.Framework.Testing.Unit.Views.StylesComponentViewTest" assertions="3" time="0.009862"/>
        <testcase name="test_component_does_not_render_link_to_app_css_when_it_does_not_exist" file="/home/runner/work/develop/develop/packages/framework/tests/Unit/Views/StylesComponentViewTest.php" line="55" class="Hyde\Framework\Testing\Unit\Views\StylesComponentViewTest" classname="Hyde.Framework.Testing.Unit.Views.StylesComponentViewTest" assertions="1" time="0.008771"/>
        <testcase name="test_styles_can_be_pushed_to_the_component_styles_stack" file="/home/runner/work/develop/develop/packages/framework/tests/Unit/Views/StylesComponentViewTest.php" line="62" class="Hyde\Framework\Testing\Unit\Views\StylesComponentViewTest" classname="Hyde.Framework.Testing.Unit.Views.StylesComponentViewTest" assertions="1" time="0.008451"/>
        <testcase name="test_component_renders_tailwind_play_cdn_link_when_enabled_in_config" file="/home/runner/work/develop/develop/packages/framework/tests/Unit/Views/StylesComponentViewTest.php" line="77" class="Hyde\Framework\Testing\Unit\Views\StylesComponentViewTest" classname="Hyde.Framework.Testing.Unit.Views.StylesComponentViewTest" assertions="1" time="0.009278"/>
        <testcase name="test_component_renders_app_cdn_link_when_enabled_in_config" file="/home/runner/work/develop/develop/packages/framework/tests/Unit/Views/StylesComponentViewTest.php" line="83" class="Hyde\Framework\Testing\Unit\Views\StylesComponentViewTest" classname="Hyde.Framework.Testing.Unit.Views.StylesComponentViewTest" assertions="1" time="0.008394"/>
        <testcase name="test_component_does_not_render_link_to_local_app_css_when_cdn_link_is_enabled_in_config" file="/home/runner/work/develop/develop/packages/framework/tests/Unit/Views/StylesComponentViewTest.php" line="89" class="Hyde\Framework\Testing\Unit\Views\StylesComponentViewTest" classname="Hyde.Framework.Testing.Unit.Views.StylesComponentViewTest" assertions="1" time="0.008252"/>
        <testcase name="test_component_does_not_render_cdn_link_when_a_local_file_exists" file="/home/runner/work/develop/develop/packages/framework/tests/Unit/Views/StylesComponentViewTest.php" line="95" class="Hyde\Framework\Testing\Unit\Views\StylesComponentViewTest" classname="Hyde.Framework.Testing.Unit.Views.StylesComponentViewTest" assertions="1" time="0.007765"/>
      </testsuite>
    </testsuite>
    <testsuite name="Publications" tests="358" assertions="933" errors="0" failures="0" skipped="0" time="5.967058">
      <testsuite name="Hyde\Publications\Testing\Feature\CreateActionTest" file="/home/runner/work/develop/develop/packages/publications/tests/Feature/CreateActionTest.php" tests="7" assertions="15" errors="0" failures="0" skipped="0" time="0.052254">
        <testcase name="testCreate" file="/home/runner/work/develop/develop/packages/publications/tests/Feature/CreateActionTest.php" line="18" class="Hyde\Publications\Testing\Feature\CreateActionTest" classname="Hyde.Publications.Testing.Feature.CreateActionTest" assertions="2" time="0.007759"/>
        <testcase name="testWithConflict" file="/home/runner/work/develop/develop/packages/publications/tests/Feature/CreateActionTest.php" line="29" class="Hyde\Publications\Testing\Feature\CreateActionTest" classname="Hyde.Publications.Testing.Feature.CreateActionTest" assertions="1" time="0.006981"/>
        <testcase name="testWithConflictForce" file="/home/runner/work/develop/develop/packages/publications/tests/Feature/CreateActionTest.php" line="42" class="Hyde\Publications\Testing\Feature\CreateActionTest" classname="Hyde.Publications.Testing.Feature.CreateActionTest" assertions="1" time="0.007464"/>
        <testcase name="testOutputPathHelpers" file="/home/runner/work/develop/develop/packages/publications/tests/Feature/CreateActionTest.php" line="53" class="Hyde\Publications\Testing\Feature\CreateActionTest" classname="Hyde.Publications.Testing.Feature.CreateActionTest" assertions="2" time="0.006942"/>
        <testcase name="testConflictPredictionHelpers" file="/home/runner/work/develop/develop/packages/publications/tests/Feature/CreateActionTest.php" line="62" class="Hyde\Publications\Testing\Feature\CreateActionTest" classname="Hyde.Publications.Testing.Feature.CreateActionTest" assertions="6" time="0.008179"/>
        <testcase name="testCanSaveToSubdirectory" file="/home/runner/work/develop/develop/packages/publications/tests/Feature/CreateActionTest.php" line="82" class="Hyde\Publications\Testing\Feature\CreateActionTest" classname="Hyde.Publications.Testing.Feature.CreateActionTest" assertions="2" time="0.008323"/>
        <testcase name="testFormatStringForStorage" file="/home/runner/work/develop/develop/packages/publications/tests/Feature/CreateActionTest.php" line="94" class="Hyde\Publications\Testing\Feature\CreateActionTest" classname="Hyde.Publications.Testing.Feature.CreateActionTest" assertions="1" time="0.006606"/>
      </testsuite>
      <testsuite name="Hyde\Publications\Testing\Feature\CreatesNewPublicationPageTest" file="/home/runner/work/develop/develop/packages/publications/tests/Feature/CreatesNewPublicationPageTest.php" tests="6" assertions="13" errors="0" failures="0" skipped="0" time="0.154590">
        <testcase name="testCreate" file="/home/runner/work/develop/develop/packages/publications/tests/Feature/CreatesNewPublicationPageTest.php" line="41" class="Hyde\Publications\Testing\Feature\CreatesNewPublicationPageTest" classname="Hyde.Publications.Testing.Feature.CreatesNewPublicationPageTest" assertions="2" time="0.109239"/>
        <testcase name="testWithTextType" file="/home/runner/work/develop/develop/packages/publications/tests/Feature/CreatesNewPublicationPageTest.php" line="68" class="Hyde\Publications\Testing\Feature\CreatesNewPublicationPageTest" classname="Hyde.Publications.Testing.Feature.CreatesNewPublicationPageTest" assertions="2" time="0.009210"/>
        <testcase name="testWithArrayType" file="/home/runner/work/develop/develop/packages/publications/tests/Feature/CreatesNewPublicationPageTest.php" line="98" class="Hyde\Publications\Testing\Feature\CreatesNewPublicationPageTest" classname="Hyde.Publications.Testing.Feature.CreatesNewPublicationPageTest" assertions="2" time="0.009218"/>
        <testcase name="testCreateWithoutSupplyingCanonicalField" file="/home/runner/work/develop/develop/packages/publications/tests/Feature/CreatesNewPublicationPageTest.php" line="127" class="Hyde\Publications\Testing\Feature\CreatesNewPublicationPageTest" classname="Hyde.Publications.Testing.Feature.CreatesNewPublicationPageTest" assertions="2" time="0.007148"/>
        <testcase name="testCreateWithoutSupplyingRequiredField" file="/home/runner/work/develop/develop/packages/publications/tests/Feature/CreatesNewPublicationPageTest.php" line="142" class="Hyde\Publications\Testing\Feature\CreatesNewPublicationPageTest" classname="Hyde.Publications.Testing.Feature.CreatesNewPublicationPageTest" assertions="2" time="0.009325"/>
        <testcase name="testItCreatesValidYaml" file="/home/runner/work/develop/develop/packages/publications/tests/Feature/CreatesNewPublicationPageTest.php" line="165" class="Hyde\Publications\Testing\Feature\CreatesNewPublicationPageTest" classname="Hyde.Publications.Testing.Feature.CreatesNewPublicationPageTest" assertions="3" time="0.010450"/>
      </testsuite>
      <testsuite name="Hyde\Publications\Testing\Feature\CreatesNewPublicationTypeTest" file="/home/runner/work/develop/develop/packages/publications/tests/Feature/CreatesNewPublicationTypeTest.php" tests="4" assertions="20" errors="0" failures="0" skipped="0" time="0.050619">
        <testcase name="test_it_creates_a_new_publication_type" file="/home/runner/work/develop/develop/packages/publications/tests/Feature/CreatesNewPublicationTypeTest.php" line="29" class="Hyde\Publications\Testing\Feature\CreatesNewPublicationTypeTest" classname="Hyde.Publications.Testing.Feature.CreatesNewPublicationTypeTest" assertions="2" time="0.020286"/>
        <testcase name="test_create_with_default_parameters" file="/home/runner/work/develop/develop/packages/publications/tests/Feature/CreatesNewPublicationTypeTest.php" line="57" class="Hyde\Publications\Testing\Feature\CreatesNewPublicationTypeTest" classname="Hyde.Publications.Testing.Feature.CreatesNewPublicationTypeTest" assertions="2" time="0.009195"/>
        <testcase name="test_it_creates_list_and_detail_pages" file="/home/runner/work/develop/develop/packages/publications/tests/Feature/CreatesNewPublicationTypeTest.php" line="81" class="Hyde\Publications\Testing\Feature\CreatesNewPublicationTypeTest" classname="Hyde.Publications.Testing.Feature.CreatesNewPublicationTypeTest" assertions="8" time="0.010505"/>
        <testcase name="test_it_uses_the_paginated_list_view_when_pagination_is_enabled" file="/home/runner/work/develop/develop/packages/publications/tests/Feature/CreatesNewPublicationTypeTest.php" line="101" class="Hyde\Publications\Testing\Feature\CreatesNewPublicationTypeTest" classname="Hyde.Publications.Testing.Feature.CreatesNewPublicationTypeTest" assertions="8" time="0.010632"/>
      </testsuite>
      <testsuite name="Hyde\Publications\Testing\Feature\GeneratesPublicationTagPagesTest" file="/home/runner/work/develop/develop/packages/publications/tests/Feature/GeneratesPublicationTagPagesTest.php" tests="7" assertions="18" errors="0" failures="0" skipped="0" time="0.258124">
        <testcase name="test_tags_index_page_is_generated_when_tags_are_used" file="/home/runner/work/develop/develop/packages/publications/tests/Feature/GeneratesPublicationTagPagesTest.php" line="19" class="Hyde\Publications\Testing\Feature\GeneratesPublicationTagPagesTest" classname="Hyde.Publications.Testing.Feature.GeneratesPublicationTagPagesTest" assertions="2" time="0.046135"/>
        <testcase name="test_tags_index_page_is_not_generated_when_tags_are_not_used" file="/home/runner/work/develop/develop/packages/publications/tests/Feature/GeneratesPublicationTagPagesTest.php" line="51" class="Hyde\Publications\Testing\Feature\GeneratesPublicationTagPagesTest" classname="Hyde.Publications.Testing.Feature.GeneratesPublicationTagPagesTest" assertions="1" time="0.016074"/>
        <testcase name="test_tags_pages_for_publications_are_generated_for_used_tag" file="/home/runner/work/develop/develop/packages/publications/tests/Feature/GeneratesPublicationTagPagesTest.php" line="61" class="Hyde\Publications\Testing\Feature\GeneratesPublicationTagPagesTest" classname="Hyde.Publications.Testing.Feature.GeneratesPublicationTagPagesTest" assertions="1" time="0.031219"/>
        <testcase name="test_tags_pages_for_publications_are_generated_for_used_tags_with_publication_tags_array" file="/home/runner/work/develop/develop/packages/publications/tests/Feature/GeneratesPublicationTagPagesTest.php" line="81" class="Hyde\Publications\Testing\Feature\GeneratesPublicationTagPagesTest" classname="Hyde.Publications.Testing.Feature.GeneratesPublicationTagPagesTest" assertions="1" time="0.033959"/>
        <testcase name="test_tags_pages_for_publications_are_not_generated_when_no_tags_are_used" file="/home/runner/work/develop/develop/packages/publications/tests/Feature/GeneratesPublicationTagPagesTest.php" line="102" class="Hyde\Publications\Testing\Feature\GeneratesPublicationTagPagesTest" classname="Hyde.Publications.Testing.Feature.GeneratesPublicationTagPagesTest" assertions="1" time="0.029039"/>
        <testcase name="test_generated_index_page" file="/home/runner/work/develop/develop/packages/publications/tests/Feature/GeneratesPublicationTagPagesTest.php" line="119" class="Hyde\Publications\Testing\Feature\GeneratesPublicationTagPagesTest" classname="Hyde.Publications.Testing.Feature.GeneratesPublicationTagPagesTest" assertions="6" time="0.050914"/>
        <testcase name="test_generated_detail_page" file="/home/runner/work/develop/develop/packages/publications/tests/Feature/GeneratesPublicationTagPagesTest.php" line="143" class="Hyde\Publications\Testing\Feature\GeneratesPublicationTagPagesTest" classname="Hyde.Publications.Testing.Feature.GeneratesPublicationTagPagesTest" assertions="6" time="0.050784"/>
      </testsuite>
      <testsuite name="Hyde\Publications\Testing\Feature\InputStreamHandlerTest" file="/home/runner/work/develop/develop/packages/publications/tests/Feature/InputStreamHandlerTest.php" tests="10" assertions="17" errors="0" failures="0" skipped="0" time="0.086343">
        <testcase name="testCanCollectInput" file="/home/runner/work/develop/develop/packages/publications/tests/Feature/InputStreamHandlerTest.php" line="18" class="Hyde\Publications\Testing\Feature\InputStreamHandlerTest" classname="Hyde.Publications.Testing.Feature.InputStreamHandlerTest" assertions="2" time="0.019773"/>
        <testcase name="testCanTerminateWithHereSequence" file="/home/runner/work/develop/develop/packages/publications/tests/Feature/InputStreamHandlerTest.php" line="25" class="Hyde\Publications\Testing\Feature\InputStreamHandlerTest" classname="Hyde.Publications.Testing.Feature.InputStreamHandlerTest" assertions="2" time="0.007778"/>
        <testcase name="testCanTerminateWithHereSequenceAfterCarriageReturns" file="/home/runner/work/develop/develop/packages/publications/tests/Feature/InputStreamHandlerTest.php" line="32" class="Hyde\Publications\Testing\Feature\InputStreamHandlerTest" classname="Hyde.Publications.Testing.Feature.InputStreamHandlerTest" assertions="2" time="0.007497"/>
        <testcase name="testCanTerminateWithEndOfTransmissionSequence" file="/home/runner/work/develop/develop/packages/publications/tests/Feature/InputStreamHandlerTest.php" line="39" class="Hyde\Publications\Testing\Feature\InputStreamHandlerTest" classname="Hyde.Publications.Testing.Feature.InputStreamHandlerTest" assertions="2" time="0.007918"/>
        <testcase name="testCanCollectMultipleInputLines" file="/home/runner/work/develop/develop/packages/publications/tests/Feature/InputStreamHandlerTest.php" line="46" class="Hyde\Publications\Testing\Feature\InputStreamHandlerTest" classname="Hyde.Publications.Testing.Feature.InputStreamHandlerTest" assertions="2" time="0.007625"/>
        <testcase name="testCanEnterMultipleCarriageReturns" file="/home/runner/work/develop/develop/packages/publications/tests/Feature/InputStreamHandlerTest.php" line="53" class="Hyde\Publications\Testing\Feature\InputStreamHandlerTest" classname="Hyde.Publications.Testing.Feature.InputStreamHandlerTest" assertions="2" time="0.007687"/>
        <testcase name="testCanEnterMultipleUnixEndings" file="/home/runner/work/develop/develop/packages/publications/tests/Feature/InputStreamHandlerTest.php" line="60" class="Hyde\Publications\Testing\Feature\InputStreamHandlerTest" classname="Hyde.Publications.Testing.Feature.InputStreamHandlerTest" assertions="2" time="0.008038"/>
        <testcase name="testTerminationMessage" file="/home/runner/work/develop/develop/packages/publications/tests/Feature/InputStreamHandlerTest.php" line="67" class="Hyde\Publications\Testing\Feature\InputStreamHandlerTest" classname="Hyde.Publications.Testing.Feature.InputStreamHandlerTest" assertions="1" time="0.006690"/>
        <testcase name="testTerminationSequenceConstant" file="/home/runner/work/develop/develop/packages/publications/tests/Feature/InputStreamHandlerTest.php" line="78" class="Hyde\Publications\Testing\Feature\InputStreamHandlerTest" classname="Hyde.Publications.Testing.Feature.InputStreamHandlerTest" assertions="1" time="0.006621"/>
        <testcase name="testEndOfTransmissionConstant" file="/home/runner/work/develop/develop/packages/publications/tests/Feature/InputStreamHandlerTest.php" line="83" class="Hyde\Publications\Testing\Feature\InputStreamHandlerTest" classname="Hyde.Publications.Testing.Feature.InputStreamHandlerTest" assertions="1" time="0.006716"/>
      </testsuite>
      <testsuite name="Hyde\Publications\Testing\Feature\MakePublicationCommandTest" file="/home/runner/work/develop/develop/packages/publications/tests/Feature/MakePublicationCommandTest.php" tests="23" assertions="121" errors="0" failures="0" skipped="0" time="0.482394">
        <testcase name="test_command_creates_publication" file="/home/runner/work/develop/develop/packages/publications/tests/Feature/MakePublicationCommandTest.php" line="40" class="Hyde\Publications\Testing\Feature\MakePublicationCommandTest" classname="Hyde.Publications.Testing.Feature.MakePublicationCommandTest" assertions="9" time="0.026131"/>
        <testcase name="test_command_with_no_publication_types" file="/home/runner/work/develop/develop/packages/publications/tests/Feature/MakePublicationCommandTest.php" line="56" class="Hyde\Publications\Testing\Feature\MakePublicationCommandTest" classname="Hyde.Publications.Testing.Feature.MakePublicationCommandTest" assertions="3" time="0.012822"/>
        <testcase name="test_command_selects_the_right_publication_using_the_names" file="/home/runner/work/develop/develop/packages/publications/tests/Feature/MakePublicationCommandTest.php" line="65" class="Hyde\Publications\Testing\Feature\MakePublicationCommandTest" classname="Hyde.Publications.Testing.Feature.MakePublicationCommandTest" assertions="12" time="0.023071"/>
        <testcase name="test_command_with_existing_publication" file="/home/runner/work/develop/develop/packages/publications/tests/Feature/MakePublicationCommandTest.php" line="107" class="Hyde\Publications\Testing\Feature\MakePublicationCommandTest" classname="Hyde.Publications.Testing.Feature.MakePublicationCommandTest" assertions="10" time="0.017465"/>
        <testcase name="test_command_with_existing_publication_and_overwrite" file="/home/runner/work/develop/develop/packages/publications/tests/Feature/MakePublicationCommandTest.php" line="125" class="Hyde\Publications\Testing\Feature\MakePublicationCommandTest" classname="Hyde.Publications.Testing.Feature.MakePublicationCommandTest" assertions="8" time="0.018791"/>
        <testcase name="test_can_overwrite_existing_publication_by_passing_force_flag" file="/home/runner/work/develop/develop/packages/publications/tests/Feature/MakePublicationCommandTest.php" line="141" class="Hyde\Publications\Testing\Feature\MakePublicationCommandTest" classname="Hyde.Publications.Testing.Feature.MakePublicationCommandTest" assertions="6" time="0.021998"/>
        <testcase name="test_command_with_publication_type_passed_as_argument" file="/home/runner/work/develop/develop/packages/publications/tests/Feature/MakePublicationCommandTest.php" line="155" class="Hyde\Publications\Testing\Feature\MakePublicationCommandTest" classname="Hyde.Publications.Testing.Feature.MakePublicationCommandTest" assertions="6" time="0.034242"/>
        <testcase name="test_command_with_invalid_publication_type_passed_as_argument" file="/home/runner/work/develop/develop/packages/publications/tests/Feature/MakePublicationCommandTest.php" line="169" class="Hyde\Publications\Testing\Feature\MakePublicationCommandTest" classname="Hyde.Publications.Testing.Feature.MakePublicationCommandTest" assertions="2" time="0.013693"/>
        <testcase name="test_command_with_schema_using_canonical_meta_field" file="/home/runner/work/develop/develop/packages/publications/tests/Feature/MakePublicationCommandTest.php" line="179" class="Hyde\Publications\Testing\Feature\MakePublicationCommandTest" classname="Hyde.Publications.Testing.Feature.MakePublicationCommandTest" assertions="3" time="0.016129"/>
        <testcase name="test_command_does_not_ask_user_to_fill_in_meta_fields" file="/home/runner/work/develop/develop/packages/publications/tests/Feature/MakePublicationCommandTest.php" line="202" class="Hyde\Publications\Testing\Feature\MakePublicationCommandTest" classname="Hyde.Publications.Testing.Feature.MakePublicationCommandTest" assertions="4" time="0.017031"/>
        <testcase name="test_command_with_text_input" file="/home/runner/work/develop/develop/packages/publications/tests/Feature/MakePublicationCommandTest.php" line="220" class="Hyde\Publications\Testing\Feature\MakePublicationCommandTest" classname="Hyde.Publications.Testing.Feature.MakePublicationCommandTest" assertions="3" time="0.017439"/>
        <testcase name="test_command_with_boolean_input" file="/home/runner/work/develop/develop/packages/publications/tests/Feature/MakePublicationCommandTest.php" line="242" class="Hyde\Publications\Testing\Feature\MakePublicationCommandTest" classname="Hyde.Publications.Testing.Feature.MakePublicationCommandTest" assertions="4" time="0.016922"/>
        <testcase name="test_command_with_array_input" file="/home/runner/work/develop/develop/packages/publications/tests/Feature/MakePublicationCommandTest.php" line="260" class="Hyde\Publications\Testing\Feature\MakePublicationCommandTest" classname="Hyde.Publications.Testing.Feature.MakePublicationCommandTest" assertions="3" time="0.017467"/>
        <testcase name="test_command_with_media_input" file="/home/runner/work/develop/develop/packages/publications/tests/Feature/MakePublicationCommandTest.php" line="284" class="Hyde\Publications\Testing\Feature\MakePublicationCommandTest" classname="Hyde.Publications.Testing.Feature.MakePublicationCommandTest" assertions="4" time="0.019278"/>
        <testcase name="test_media_input_selects_the_right_file" file="/home/runner/work/develop/develop/packages/publications/tests/Feature/MakePublicationCommandTest.php" line="305" class="Hyde\Publications\Testing\Feature\MakePublicationCommandTest" classname="Hyde.Publications.Testing.Feature.MakePublicationCommandTest" assertions="4" time="0.019990"/>
        <testcase name="test_command_with_single_tag_input" file="/home/runner/work/develop/develop/packages/publications/tests/Feature/MakePublicationCommandTest.php" line="329" class="Hyde\Publications\Testing\Feature\MakePublicationCommandTest" classname="Hyde.Publications.Testing.Feature.MakePublicationCommandTest" assertions="5" time="0.034882"/>
        <testcase name="test_command_with_multiple_tag_inputs" file="/home/runner/work/develop/develop/packages/publications/tests/Feature/MakePublicationCommandTest.php" line="353" class="Hyde\Publications\Testing\Feature\MakePublicationCommandTest" classname="Hyde.Publications.Testing.Feature.MakePublicationCommandTest" assertions="5" time="0.033891"/>
        <testcase name="test_media_input_with_no_images" file="/home/runner/work/develop/develop/packages/publications/tests/Feature/MakePublicationCommandTest.php" line="378" class="Hyde\Publications\Testing\Feature\MakePublicationCommandTest" classname="Hyde.Publications.Testing.Feature.MakePublicationCommandTest" assertions="5" time="0.017627"/>
        <testcase name="test_media_input_with_no_files_but_skips" file="/home/runner/work/develop/develop/packages/publications/tests/Feature/MakePublicationCommandTest.php" line="399" class="Hyde\Publications\Testing\Feature\MakePublicationCommandTest" classname="Hyde.Publications.Testing.Feature.MakePublicationCommandTest" assertions="6" time="0.019779"/>
        <testcase name="test_tag_input_with_no_tags" file="/home/runner/work/develop/develop/packages/publications/tests/Feature/MakePublicationCommandTest.php" line="429" class="Hyde\Publications\Testing\Feature\MakePublicationCommandTest" classname="Hyde.Publications.Testing.Feature.MakePublicationCommandTest" assertions="3" time="0.024642"/>
        <testcase name="test_handleEmptyOptionsCollection_for_required_field" file="/home/runner/work/develop/develop/packages/publications/tests/Feature/MakePublicationCommandTest.php" line="448" class="Hyde\Publications\Testing\Feature\MakePublicationCommandTest" classname="Hyde.Publications.Testing.Feature.MakePublicationCommandTest" assertions="3" time="0.016249"/>
        <testcase name="test_with_custom_validation_rules" file="/home/runner/work/develop/develop/packages/publications/tests/Feature/MakePublicationCommandTest.php" line="467" class="Hyde\Publications\Testing\Feature\MakePublicationCommandTest" classname="Hyde.Publications.Testing.Feature.MakePublicationCommandTest" assertions="8" time="0.024482"/>
        <testcase name="test_with_skipping_inputs" file="/home/runner/work/develop/develop/packages/publications/tests/Feature/MakePublicationCommandTest.php" line="491" class="Hyde\Publications\Testing\Feature\MakePublicationCommandTest" classname="Hyde.Publications.Testing.Feature.MakePublicationCommandTest" assertions="5" time="0.018370"/>
      </testsuite>
      <testsuite name="Hyde\Publications\Testing\Feature\MakePublicationTypeCommandTest" file="/home/runner/work/develop/develop/packages/publications/tests/Feature/MakePublicationTypeCommandTest.php" tests="6" assertions="63" errors="0" failures="0" skipped="0" time="0.105396">
        <testcase name="test_command_creates_publication_type" file="/home/runner/work/develop/develop/packages/publications/tests/Feature/MakePublicationTypeCommandTest.php" line="36" class="Hyde\Publications\Testing\Feature\MakePublicationTypeCommandTest" classname="Hyde.Publications.Testing.Feature.MakePublicationTypeCommandTest" assertions="21" time="0.020007"/>
        <testcase name="test_with_default_values" file="/home/runner/work/develop/develop/packages/publications/tests/Feature/MakePublicationTypeCommandTest.php" line="103" class="Hyde\Publications\Testing\Feature\MakePublicationTypeCommandTest" classname="Hyde.Publications.Testing.Feature.MakePublicationTypeCommandTest" assertions="6" time="0.016803"/>
        <testcase name="test_with_multiple_fields_of_the_same_name" file="/home/runner/work/develop/develop/packages/publications/tests/Feature/MakePublicationTypeCommandTest.php" line="140" class="Hyde\Publications\Testing\Feature\MakePublicationTypeCommandTest" classname="Hyde.Publications.Testing.Feature.MakePublicationTypeCommandTest" assertions="18" time="0.021922"/>
        <testcase name="test_with_existing_file_of_the_same_name" file="/home/runner/work/develop/develop/packages/publications/tests/Feature/MakePublicationTypeCommandTest.php" line="169" class="Hyde\Publications\Testing\Feature\MakePublicationTypeCommandTest" classname="Hyde.Publications.Testing.Feature.MakePublicationTypeCommandTest" assertions="2" time="0.013517"/>
        <testcase name="test_with_existing_publication_of_the_same_name" file="/home/runner/work/develop/develop/packages/publications/tests/Feature/MakePublicationTypeCommandTest.php" line="180" class="Hyde\Publications\Testing\Feature\MakePublicationTypeCommandTest" classname="Hyde.Publications.Testing.Feature.MakePublicationTypeCommandTest" assertions="2" time="0.013671"/>
        <testcase name="testWithTagFieldInput" file="/home/runner/work/develop/develop/packages/publications/tests/Feature/MakePublicationTypeCommandTest.php" line="192" class="Hyde\Publications\Testing\Feature\MakePublicationTypeCommandTest" classname="Hyde.Publications.Testing.Feature.MakePublicationTypeCommandTest" assertions="14" time="0.019477"/>
      </testsuite>
      <testsuite name="Hyde\Publications\Testing\Feature\PublicationFieldDefinitionTest" file="/home/runner/work/develop/develop/packages/publications/tests/Feature/PublicationFieldDefinitionTest.php" tests="12" assertions="18" errors="0" failures="0" skipped="0" time="0.086308">
        <testcase name="test_can_instantiate_class" file="/home/runner/work/develop/develop/packages/publications/tests/Feature/PublicationFieldDefinitionTest.php" line="17" class="Hyde\Publications\Testing\Feature\PublicationFieldDefinitionTest" classname="Hyde.Publications.Testing.Feature.PublicationFieldDefinitionTest" assertions="3" time="0.007483"/>
        <testcase name="test_from_array_method" file="/home/runner/work/develop/develop/packages/publications/tests/Feature/PublicationFieldDefinitionTest.php" line="26" class="Hyde\Publications\Testing\Feature\PublicationFieldDefinitionTest" classname="Hyde.Publications.Testing.Feature.PublicationFieldDefinitionTest" assertions="3" time="0.006880"/>
        <testcase name="test_can_get_field_as_array" file="/home/runner/work/develop/develop/packages/publications/tests/Feature/PublicationFieldDefinitionTest.php" line="39" class="Hyde\Publications\Testing\Feature\PublicationFieldDefinitionTest" classname="Hyde.Publications.Testing.Feature.PublicationFieldDefinitionTest" assertions="1" time="0.006742"/>
        <testcase name="test_can_get_field_with_optional_properties_as_array" file="/home/runner/work/develop/develop/packages/publications/tests/Feature/PublicationFieldDefinitionTest.php" line="47" class="Hyde\Publications\Testing\Feature\PublicationFieldDefinitionTest" classname="Hyde.Publications.Testing.Feature.PublicationFieldDefinitionTest" assertions="1" time="0.006293"/>
        <testcase name="test_can_encode_field_as_json" file="/home/runner/work/develop/develop/packages/publications/tests/Feature/PublicationFieldDefinitionTest.php" line="56" class="Hyde\Publications\Testing\Feature\PublicationFieldDefinitionTest" classname="Hyde.Publications.Testing.Feature.PublicationFieldDefinitionTest" assertions="1" time="0.007415"/>
        <testcase name="test_can_get_field_with_optional_properties_as_json" file="/home/runner/work/develop/develop/packages/publications/tests/Feature/PublicationFieldDefinitionTest.php" line="61" class="Hyde\Publications\Testing\Feature\PublicationFieldDefinitionTest" classname="Hyde.Publications.Testing.Feature.PublicationFieldDefinitionTest" assertions="1" time="0.007103"/>
        <testcase name="test_can_construct_type_using_enum_case" file="/home/runner/work/develop/develop/packages/publications/tests/Feature/PublicationFieldDefinitionTest.php" line="69" class="Hyde\Publications\Testing\Feature\PublicationFieldDefinitionTest" classname="Hyde.Publications.Testing.Feature.PublicationFieldDefinitionTest" assertions="3" time="0.007951"/>
        <testcase name="test_type_must_be_valid" file="/home/runner/work/develop/develop/packages/publications/tests/Feature/PublicationFieldDefinitionTest.php" line="80" class="Hyde\Publications\Testing\Feature\PublicationFieldDefinitionTest" classname="Hyde.Publications.Testing.Feature.PublicationFieldDefinitionTest" assertions="1" time="0.007531"/>
        <testcase name="test_type_input_is_case_insensitive" file="/home/runner/work/develop/develop/packages/publications/tests/Feature/PublicationFieldDefinitionTest.php" line="87" class="Hyde\Publications\Testing\Feature\PublicationFieldDefinitionTest" classname="Hyde.Publications.Testing.Feature.PublicationFieldDefinitionTest" assertions="1" time="0.007182"/>
        <testcase name="test_name_gets_stored_as_kebab_case" file="/home/runner/work/develop/develop/packages/publications/tests/Feature/PublicationFieldDefinitionTest.php" line="93" class="Hyde\Publications\Testing\Feature\PublicationFieldDefinitionTest" classname="Hyde.Publications.Testing.Feature.PublicationFieldDefinitionTest" assertions="1" time="0.007202"/>
        <testcase name="test_get_rules" file="/home/runner/work/develop/develop/packages/publications/tests/Feature/PublicationFieldDefinitionTest.php" line="99" class="Hyde\Publications\Testing\Feature\PublicationFieldDefinitionTest" classname="Hyde.Publications.Testing.Feature.PublicationFieldDefinitionTest" assertions="1" time="0.007382"/>
        <testcase name="test_get_rules_with_custom_type_rules" file="/home/runner/work/develop/develop/packages/publications/tests/Feature/PublicationFieldDefinitionTest.php" line="105" class="Hyde\Publications\Testing\Feature\PublicationFieldDefinitionTest" classname="Hyde.Publications.Testing.Feature.PublicationFieldDefinitionTest" assertions="1" time="0.007144"/>
      </testsuite>
      <testsuite name="Hyde\Publications\Testing\Feature\PublicationFieldTypesEnumTest" file="/home/runner/work/develop/develop/packages/publications/tests/Feature/PublicationFieldTypesEnumTest.php" tests="9" assertions="32" errors="0" failures="0" skipped="0" time="0.065394">
        <testcase name="testCases" file="/home/runner/work/develop/develop/packages/publications/tests/Feature/PublicationFieldTypesEnumTest.php" line="15" class="Hyde\Publications\Testing\Feature\PublicationFieldTypesEnumTest" classname="Hyde.Publications.Testing.Feature.PublicationFieldTypesEnumTest" assertions="11" time="0.008224"/>
        <testcase name="testGetRules" file="/home/runner/work/develop/develop/packages/publications/tests/Feature/PublicationFieldTypesEnumTest.php" line="31" class="Hyde\Publications\Testing\Feature\PublicationFieldTypesEnumTest" classname="Hyde.Publications.Testing.Feature.PublicationFieldTypesEnumTest" assertions="10" time="0.008351"/>
        <testcase name="testCollectCreatesCollectionOfCases" file="/home/runner/work/develop/develop/packages/publications/tests/Feature/PublicationFieldTypesEnumTest.php" line="45" class="Hyde\Publications\Testing\Feature\PublicationFieldTypesEnumTest" classname="Hyde.Publications.Testing.Feature.PublicationFieldTypesEnumTest" assertions="1" time="0.007276"/>
        <testcase name="testValuesReturnsArrayOfCaseValues" file="/home/runner/work/develop/develop/packages/publications/tests/Feature/PublicationFieldTypesEnumTest.php" line="50" class="Hyde\Publications\Testing\Feature\PublicationFieldTypesEnumTest" classname="Hyde.Publications.Testing.Feature.PublicationFieldTypesEnumTest" assertions="1" time="0.006791"/>
        <testcase name="testNamesReturnsArrayOfCaseNames" file="/home/runner/work/develop/develop/packages/publications/tests/Feature/PublicationFieldTypesEnumTest.php" line="66" class="Hyde\Publications\Testing\Feature\PublicationFieldTypesEnumTest" classname="Hyde.Publications.Testing.Feature.PublicationFieldTypesEnumTest" assertions="1" time="0.007186"/>
        <testcase name="testCanonicable" file="/home/runner/work/develop/develop/packages/publications/tests/Feature/PublicationFieldTypesEnumTest.php" line="82" class="Hyde\Publications\Testing\Feature\PublicationFieldTypesEnumTest" classname="Hyde.Publications.Testing.Feature.PublicationFieldTypesEnumTest" assertions="1" time="0.006540"/>
        <testcase name="testArrayable" file="/home/runner/work/develop/develop/packages/publications/tests/Feature/PublicationFieldTypesEnumTest.php" line="92" class="Hyde\Publications\Testing\Feature\PublicationFieldTypesEnumTest" classname="Hyde.Publications.Testing.Feature.PublicationFieldTypesEnumTest" assertions="1" time="0.006859"/>
        <testcase name="testIsCanonicable" file="/home/runner/work/develop/develop/packages/publications/tests/Feature/PublicationFieldTypesEnumTest.php" line="100" class="Hyde\Publications\Testing\Feature\PublicationFieldTypesEnumTest" classname="Hyde.Publications.Testing.Feature.PublicationFieldTypesEnumTest" assertions="4" time="0.007334"/>
        <testcase name="testIsArrayable" file="/home/runner/work/develop/develop/packages/publications/tests/Feature/PublicationFieldTypesEnumTest.php" line="107" class="Hyde\Publications\Testing\Feature\PublicationFieldTypesEnumTest" classname="Hyde.Publications.Testing.Feature.PublicationFieldTypesEnumTest" assertions="2" time="0.006833"/>
      </testsuite>
      <testsuite name="Hyde\Publications\Testing\Feature\PublicationFieldValidatorTest" file="/home/runner/work/develop/develop/packages/publications/tests/Feature/PublicationFieldValidatorTest.php" tests="18" assertions="24" errors="0" failures="0" skipped="0" time="0.181640">
        <testcase name="testConstruct" file="/home/runner/work/develop/develop/packages/publications/tests/Feature/PublicationFieldValidatorTest.php" line="19" class="Hyde\Publications\Testing\Feature\PublicationFieldValidatorTest" classname="Hyde.Publications.Testing.Feature.PublicationFieldValidatorTest" assertions="1" time="0.034695"/>
        <testcase name="testValidate" file="/home/runner/work/develop/develop/packages/publications/tests/Feature/PublicationFieldValidatorTest.php" line="27" class="Hyde\Publications\Testing\Feature\PublicationFieldValidatorTest" classname="Hyde.Publications.Testing.Feature.PublicationFieldValidatorTest" assertions="3" time="0.009861"/>
        <testcase name="testValidateWithCustomTypeRules" file="/home/runner/work/develop/develop/packages/publications/tests/Feature/PublicationFieldValidatorTest.php" line="38" class="Hyde\Publications\Testing\Feature\PublicationFieldValidatorTest" classname="Hyde.Publications.Testing.Feature.PublicationFieldValidatorTest" assertions="3" time="0.010163"/>
        <testcase name="testGetRules" file="/home/runner/work/develop/develop/packages/publications/tests/Feature/PublicationFieldValidatorTest.php" line="49" class="Hyde\Publications\Testing\Feature\PublicationFieldValidatorTest" classname="Hyde.Publications.Testing.Feature.PublicationFieldValidatorTest" assertions="1" time="0.007397"/>
        <testcase name="testGetRulesWithCustomTypeRules" file="/home/runner/work/develop/develop/packages/publications/tests/Feature/PublicationFieldValidatorTest.php" line="56" class="Hyde\Publications\Testing\Feature\PublicationFieldValidatorTest" classname="Hyde.Publications.Testing.Feature.PublicationFieldValidatorTest" assertions="1" time="0.007574"/>
        <testcase name="testGetRulesForArray" file="/home/runner/work/develop/develop/packages/publications/tests/Feature/PublicationFieldValidatorTest.php" line="63" class="Hyde\Publications\Testing\Feature\PublicationFieldValidatorTest" classname="Hyde.Publications.Testing.Feature.PublicationFieldValidatorTest" assertions="1" time="0.007041"/>
        <testcase name="testValidateArrayPasses" file="/home/runner/work/develop/develop/packages/publications/tests/Feature/PublicationFieldValidatorTest.php" line="70" class="Hyde\Publications\Testing\Feature\PublicationFieldValidatorTest" classname="Hyde.Publications.Testing.Feature.PublicationFieldValidatorTest" assertions="1" time="0.007748"/>
        <testcase name="testValidateArrayFails" file="/home/runner/work/develop/develop/packages/publications/tests/Feature/PublicationFieldValidatorTest.php" line="79" class="Hyde\Publications\Testing\Feature\PublicationFieldValidatorTest" classname="Hyde.Publications.Testing.Feature.PublicationFieldValidatorTest" assertions="2" time="0.009509"/>
        <testcase name="testGetRulesForDatetime" file="/home/runner/work/develop/develop/packages/publications/tests/Feature/PublicationFieldValidatorTest.php" line="86" class="Hyde\Publications\Testing\Feature\PublicationFieldValidatorTest" classname="Hyde.Publications.Testing.Feature.PublicationFieldValidatorTest" assertions="1" time="0.007661"/>
        <testcase name="testValidateDatetimePasses" file="/home/runner/work/develop/develop/packages/publications/tests/Feature/PublicationFieldValidatorTest.php" line="93" class="Hyde\Publications\Testing\Feature\PublicationFieldValidatorTest" classname="Hyde.Publications.Testing.Feature.PublicationFieldValidatorTest" assertions="1" time="0.008486"/>
        <testcase name="testValidateDatetimeFailsForInvalidType" file="/home/runner/work/develop/develop/packages/publications/tests/Feature/PublicationFieldValidatorTest.php" line="100" class="Hyde\Publications\Testing\Feature\PublicationFieldValidatorTest" classname="Hyde.Publications.Testing.Feature.PublicationFieldValidatorTest" assertions="2" time="0.009539"/>
        <testcase name="testGetRulesForFloat" file="/home/runner/work/develop/develop/packages/publications/tests/Feature/PublicationFieldValidatorTest.php" line="107" class="Hyde\Publications\Testing\Feature\PublicationFieldValidatorTest" classname="Hyde.Publications.Testing.Feature.PublicationFieldValidatorTest" assertions="1" time="0.008057"/>
        <testcase name="testGetRulesForInteger" file="/home/runner/work/develop/develop/packages/publications/tests/Feature/PublicationFieldValidatorTest.php" line="114" class="Hyde\Publications\Testing\Feature\PublicationFieldValidatorTest" classname="Hyde.Publications.Testing.Feature.PublicationFieldValidatorTest" assertions="1" time="0.007815"/>
        <testcase name="testGetRulesForString" file="/home/runner/work/develop/develop/packages/publications/tests/Feature/PublicationFieldValidatorTest.php" line="121" class="Hyde\Publications\Testing\Feature\PublicationFieldValidatorTest" classname="Hyde.Publications.Testing.Feature.PublicationFieldValidatorTest" assertions="1" time="0.007984"/>
        <testcase name="testGetRulesForText" file="/home/runner/work/develop/develop/packages/publications/tests/Feature/PublicationFieldValidatorTest.php" line="128" class="Hyde\Publications\Testing\Feature\PublicationFieldValidatorTest" classname="Hyde.Publications.Testing.Feature.PublicationFieldValidatorTest" assertions="1" time="0.007607"/>
        <testcase name="testGetRulesForMedia" file="/home/runner/work/develop/develop/packages/publications/tests/Feature/PublicationFieldValidatorTest.php" line="135" class="Hyde\Publications\Testing\Feature\PublicationFieldValidatorTest" classname="Hyde.Publications.Testing.Feature.PublicationFieldValidatorTest" assertions="1" time="0.009361"/>
        <testcase name="testGetRulesForTag" file="/home/runner/work/develop/develop/packages/publications/tests/Feature/PublicationFieldValidatorTest.php" line="144" class="Hyde\Publications\Testing\Feature\PublicationFieldValidatorTest" classname="Hyde.Publications.Testing.Feature.PublicationFieldValidatorTest" assertions="1" time="0.013777"/>
        <testcase name="testGetRulesForUrl" file="/home/runner/work/develop/develop/packages/publications/tests/Feature/PublicationFieldValidatorTest.php" line="151" class="Hyde\Publications\Testing\Feature\PublicationFieldValidatorTest" classname="Hyde.Publications.Testing.Feature.PublicationFieldValidatorTest" assertions="1" time="0.007366"/>
      </testsuite>
      <testsuite name="Hyde\Publications\Testing\Feature\PublicationFieldValueTest" file="/home/runner/work/develop/develop/packages/publications/tests/Feature/PublicationFieldValueTest.php" tests="50" assertions="125" errors="0" failures="0" skipped="0" time="0.380231">
        <testcase name="testConstruct" file="/home/runner/work/develop/develop/packages/publications/tests/Feature/PublicationFieldValueTest.php" line="22" class="Hyde\Publications\Testing\Feature\PublicationFieldValueTest" classname="Hyde.Publications.Testing.Feature.PublicationFieldValueTest" assertions="1" time="0.007033"/>
        <testcase name="testGetType" file="/home/runner/work/develop/develop/packages/publications/tests/Feature/PublicationFieldValueTest.php" line="29" class="Hyde\Publications\Testing\Feature\PublicationFieldValueTest" classname="Hyde.Publications.Testing.Feature.PublicationFieldValueTest" assertions="1" time="0.006668"/>
        <testcase name="testGetValue" file="/home/runner/work/develop/develop/packages/publications/tests/Feature/PublicationFieldValueTest.php" line="36" class="Hyde\Publications\Testing\Feature\PublicationFieldValueTest" classname="Hyde.Publications.Testing.Feature.PublicationFieldValueTest" assertions="1" time="0.006928"/>
        <testcase name="testType" file="/home/runner/work/develop/develop/packages/publications/tests/Feature/PublicationFieldValueTest.php" line="41" class="Hyde\Publications\Testing\Feature\PublicationFieldValueTest" classname="Hyde.Publications.Testing.Feature.PublicationFieldValueTest" assertions="2" time="0.007464"/>
        <testcase name="testStringFieldConstruct" file="/home/runner/work/develop/develop/packages/publications/tests/Feature/PublicationFieldValueTest.php" line="50" class="Hyde\Publications\Testing\Feature\PublicationFieldValueTest" classname="Hyde.Publications.Testing.Feature.PublicationFieldValueTest" assertions="2" time="0.007157"/>
        <testcase name="testStringFieldGetValue" file="/home/runner/work/develop/develop/packages/publications/tests/Feature/PublicationFieldValueTest.php" line="58" class="Hyde\Publications\Testing\Feature\PublicationFieldValueTest" classname="Hyde.Publications.Testing.Feature.PublicationFieldValueTest" assertions="1" time="0.007017"/>
        <testcase name="testStringFieldToYaml" file="/home/runner/work/develop/develop/packages/publications/tests/Feature/PublicationFieldValueTest.php" line="63" class="Hyde\Publications\Testing\Feature\PublicationFieldValueTest" classname="Hyde.Publications.Testing.Feature.PublicationFieldValueTest" assertions="1" time="0.006440"/>
        <testcase name="testStringFieldParsingOptions" file="/home/runner/work/develop/develop/packages/publications/tests/Feature/PublicationFieldValueTest.php" line="68" class="Hyde\Publications\Testing\Feature\PublicationFieldValueTest" classname="Hyde.Publications.Testing.Feature.PublicationFieldValueTest" assertions="8" time="0.008115"/>
        <testcase name="testDatetimeFieldConstruct" file="/home/runner/work/develop/develop/packages/publications/tests/Feature/PublicationFieldValueTest.php" line="82" class="Hyde\Publications\Testing\Feature\PublicationFieldValueTest" classname="Hyde.Publications.Testing.Feature.PublicationFieldValueTest" assertions="2" time="0.007228"/>
        <testcase name="testDatetimeFieldGetValue" file="/home/runner/work/develop/develop/packages/publications/tests/Feature/PublicationFieldValueTest.php" line="90" class="Hyde\Publications\Testing\Feature\PublicationFieldValueTest" classname="Hyde.Publications.Testing.Feature.PublicationFieldValueTest" assertions="1" time="0.006611"/>
        <testcase name="testDatetimeFieldWithInvalidInput" file="/home/runner/work/develop/develop/packages/publications/tests/Feature/PublicationFieldValueTest.php" line="95" class="Hyde\Publications\Testing\Feature\PublicationFieldValueTest" classname="Hyde.Publications.Testing.Feature.PublicationFieldValueTest" assertions="2" time="0.006838"/>
        <testcase name="testDatetimeFieldWithDynamicInput" file="/home/runner/work/develop/develop/packages/publications/tests/Feature/PublicationFieldValueTest.php" line="102" class="Hyde\Publications\Testing\Feature\PublicationFieldValueTest" classname="Hyde.Publications.Testing.Feature.PublicationFieldValueTest" assertions="1" time="0.006983"/>
        <testcase name="testDatetimeFieldToYaml" file="/home/runner/work/develop/develop/packages/publications/tests/Feature/PublicationFieldValueTest.php" line="109" class="Hyde\Publications\Testing\Feature\PublicationFieldValueTest" classname="Hyde.Publications.Testing.Feature.PublicationFieldValueTest" assertions="1" time="0.007516"/>
        <testcase name="testBooleanFieldConstruct" file="/home/runner/work/develop/develop/packages/publications/tests/Feature/PublicationFieldValueTest.php" line="116" class="Hyde\Publications\Testing\Feature\PublicationFieldValueTest" classname="Hyde.Publications.Testing.Feature.PublicationFieldValueTest" assertions="2" time="0.007571"/>
        <testcase name="testBooleanFieldGetValue" file="/home/runner/work/develop/develop/packages/publications/tests/Feature/PublicationFieldValueTest.php" line="124" class="Hyde\Publications\Testing\Feature\PublicationFieldValueTest" classname="Hyde.Publications.Testing.Feature.PublicationFieldValueTest" assertions="1" time="0.007132"/>
        <testcase name="testBooleanFieldToYaml" file="/home/runner/work/develop/develop/packages/publications/tests/Feature/PublicationFieldValueTest.php" line="129" class="Hyde\Publications\Testing\Feature\PublicationFieldValueTest" classname="Hyde.Publications.Testing.Feature.PublicationFieldValueTest" assertions="1" time="0.007388"/>
        <testcase name="testBooleanFieldWithInvalidInput" file="/home/runner/work/develop/develop/packages/publications/tests/Feature/PublicationFieldValueTest.php" line="134" class="Hyde\Publications\Testing\Feature\PublicationFieldValueTest" classname="Hyde.Publications.Testing.Feature.PublicationFieldValueTest" assertions="2" time="0.007431"/>
        <testcase name="testBooleanFieldParsingOptions" file="/home/runner/work/develop/develop/packages/publications/tests/Feature/PublicationFieldValueTest.php" line="141" class="Hyde\Publications\Testing\Feature\PublicationFieldValueTest" classname="Hyde.Publications.Testing.Feature.PublicationFieldValueTest" assertions="4" time="0.007667"/>
        <testcase name="testIntegerFieldConstruct" file="/home/runner/work/develop/develop/packages/publications/tests/Feature/PublicationFieldValueTest.php" line="151" class="Hyde\Publications\Testing\Feature\PublicationFieldValueTest" classname="Hyde.Publications.Testing.Feature.PublicationFieldValueTest" assertions="2" time="0.007557"/>
        <testcase name="testIntegerFieldGetValue" file="/home/runner/work/develop/develop/packages/publications/tests/Feature/PublicationFieldValueTest.php" line="159" class="Hyde\Publications\Testing\Feature\PublicationFieldValueTest" classname="Hyde.Publications.Testing.Feature.PublicationFieldValueTest" assertions="1" time="0.007537"/>
        <testcase name="testIntegerFieldToYaml" file="/home/runner/work/develop/develop/packages/publications/tests/Feature/PublicationFieldValueTest.php" line="164" class="Hyde\Publications\Testing\Feature\PublicationFieldValueTest" classname="Hyde.Publications.Testing.Feature.PublicationFieldValueTest" assertions="1" time="0.007647"/>
        <testcase name="testIntegerFieldWithInvalidInput" file="/home/runner/work/develop/develop/packages/publications/tests/Feature/PublicationFieldValueTest.php" line="169" class="Hyde\Publications\Testing\Feature\PublicationFieldValueTest" classname="Hyde.Publications.Testing.Feature.PublicationFieldValueTest" assertions="2" time="0.007161"/>
        <testcase name="testIntegerFieldParsingOptions" file="/home/runner/work/develop/develop/packages/publications/tests/Feature/PublicationFieldValueTest.php" line="176" class="Hyde\Publications\Testing\Feature\PublicationFieldValueTest" classname="Hyde.Publications.Testing.Feature.PublicationFieldValueTest" assertions="8" time="0.008716"/>
        <testcase name="testFloatFieldConstruct" file="/home/runner/work/develop/develop/packages/publications/tests/Feature/PublicationFieldValueTest.php" line="190" class="Hyde\Publications\Testing\Feature\PublicationFieldValueTest" classname="Hyde.Publications.Testing.Feature.PublicationFieldValueTest" assertions="2" time="0.007322"/>
        <testcase name="testFloatFieldGetValue" file="/home/runner/work/develop/develop/packages/publications/tests/Feature/PublicationFieldValueTest.php" line="198" class="Hyde\Publications\Testing\Feature\PublicationFieldValueTest" classname="Hyde.Publications.Testing.Feature.PublicationFieldValueTest" assertions="1" time="0.007501"/>
        <testcase name="testFloatFieldToYaml" file="/home/runner/work/develop/develop/packages/publications/tests/Feature/PublicationFieldValueTest.php" line="203" class="Hyde\Publications\Testing\Feature\PublicationFieldValueTest" classname="Hyde.Publications.Testing.Feature.PublicationFieldValueTest" assertions="1" time="0.007922"/>
        <testcase name="testFloatFieldWithInvalidInput" file="/home/runner/work/develop/develop/packages/publications/tests/Feature/PublicationFieldValueTest.php" line="208" class="Hyde\Publications\Testing\Feature\PublicationFieldValueTest" classname="Hyde.Publications.Testing.Feature.PublicationFieldValueTest" assertions="2" time="0.008310"/>
        <testcase name="testFloatFieldParsingOptions" file="/home/runner/work/develop/develop/packages/publications/tests/Feature/PublicationFieldValueTest.php" line="215" class="Hyde\Publications\Testing\Feature\PublicationFieldValueTest" classname="Hyde.Publications.Testing.Feature.PublicationFieldValueTest" assertions="8" time="0.008355"/>
        <testcase name="testArrayFieldConstruct" file="/home/runner/work/develop/develop/packages/publications/tests/Feature/PublicationFieldValueTest.php" line="229" class="Hyde\Publications\Testing\Feature\PublicationFieldValueTest" classname="Hyde.Publications.Testing.Feature.PublicationFieldValueTest" assertions="2" time="0.007614"/>
        <testcase name="testArrayFieldGetValue" file="/home/runner/work/develop/develop/packages/publications/tests/Feature/PublicationFieldValueTest.php" line="237" class="Hyde\Publications\Testing\Feature\PublicationFieldValueTest" classname="Hyde.Publications.Testing.Feature.PublicationFieldValueTest" assertions="1" time="0.006995"/>
        <testcase name="testArrayFieldToYaml" file="/home/runner/work/develop/develop/packages/publications/tests/Feature/PublicationFieldValueTest.php" line="242" class="Hyde\Publications\Testing\Feature\PublicationFieldValueTest" classname="Hyde.Publications.Testing.Feature.PublicationFieldValueTest" assertions="1" time="0.006866"/>
        <testcase name="testArrayFieldWithArrayInput" file="/home/runner/work/develop/develop/packages/publications/tests/Feature/PublicationFieldValueTest.php" line="247" class="Hyde\Publications\Testing\Feature\PublicationFieldValueTest" classname="Hyde.Publications.Testing.Feature.PublicationFieldValueTest" assertions="1" time="0.007411"/>
        <testcase name="testArrayFieldParsingOptions" file="/home/runner/work/develop/develop/packages/publications/tests/Feature/PublicationFieldValueTest.php" line="252" class="Hyde\Publications\Testing\Feature\PublicationFieldValueTest" classname="Hyde.Publications.Testing.Feature.PublicationFieldValueTest" assertions="8" time="0.008801"/>
        <testcase name="testTextFieldConstruct" file="/home/runner/work/develop/develop/packages/publications/tests/Feature/PublicationFieldValueTest.php" line="266" class="Hyde\Publications\Testing\Feature\PublicationFieldValueTest" classname="Hyde.Publications.Testing.Feature.PublicationFieldValueTest" assertions="2" time="0.007477"/>
        <testcase name="testTextFieldGetValue" file="/home/runner/work/develop/develop/packages/publications/tests/Feature/PublicationFieldValueTest.php" line="274" class="Hyde\Publications\Testing\Feature\PublicationFieldValueTest" classname="Hyde.Publications.Testing.Feature.PublicationFieldValueTest" assertions="1" time="0.007602"/>
        <testcase name="testTextFieldToYaml" file="/home/runner/work/develop/develop/packages/publications/tests/Feature/PublicationFieldValueTest.php" line="279" class="Hyde\Publications\Testing\Feature\PublicationFieldValueTest" classname="Hyde.Publications.Testing.Feature.PublicationFieldValueTest" assertions="1" time="0.007807"/>
        <testcase name="testTextFieldParsingOptions" file="/home/runner/work/develop/develop/packages/publications/tests/Feature/PublicationFieldValueTest.php" line="285" class="Hyde\Publications\Testing\Feature\PublicationFieldValueTest" classname="Hyde.Publications.Testing.Feature.PublicationFieldValueTest" assertions="13" time="0.009621"/>
        <testcase name="testUrlFieldConstruct" file="/home/runner/work/develop/develop/packages/publications/tests/Feature/PublicationFieldValueTest.php" line="304" class="Hyde\Publications\Testing\Feature\PublicationFieldValueTest" classname="Hyde.Publications.Testing.Feature.PublicationFieldValueTest" assertions="2" time="0.008410"/>
        <testcase name="testUrlFieldGetValue" file="/home/runner/work/develop/develop/packages/publications/tests/Feature/PublicationFieldValueTest.php" line="312" class="Hyde\Publications\Testing\Feature\PublicationFieldValueTest" classname="Hyde.Publications.Testing.Feature.PublicationFieldValueTest" assertions="1" time="0.007595"/>
        <testcase name="testUrlFieldToYaml" file="/home/runner/work/develop/develop/packages/publications/tests/Feature/PublicationFieldValueTest.php" line="317" class="Hyde\Publications\Testing\Feature\PublicationFieldValueTest" classname="Hyde.Publications.Testing.Feature.PublicationFieldValueTest" assertions="1" time="0.007689"/>
        <testcase name="testUrlFieldWithInvalidInput" file="/home/runner/work/develop/develop/packages/publications/tests/Feature/PublicationFieldValueTest.php" line="322" class="Hyde\Publications\Testing\Feature\PublicationFieldValueTest" classname="Hyde.Publications.Testing.Feature.PublicationFieldValueTest" assertions="2" time="0.007985"/>
        <testcase name="testMediaFieldConstruct" file="/home/runner/work/develop/develop/packages/publications/tests/Feature/PublicationFieldValueTest.php" line="331" class="Hyde\Publications\Testing\Feature\PublicationFieldValueTest" classname="Hyde.Publications.Testing.Feature.PublicationFieldValueTest" assertions="2" time="0.007592"/>
        <testcase name="testMediaFieldGetValue" file="/home/runner/work/develop/develop/packages/publications/tests/Feature/PublicationFieldValueTest.php" line="339" class="Hyde\Publications\Testing\Feature\PublicationFieldValueTest" classname="Hyde.Publications.Testing.Feature.PublicationFieldValueTest" assertions="1" time="0.007911"/>
        <testcase name="testMediaFieldToYaml" file="/home/runner/work/develop/develop/packages/publications/tests/Feature/PublicationFieldValueTest.php" line="344" class="Hyde\Publications\Testing\Feature\PublicationFieldValueTest" classname="Hyde.Publications.Testing.Feature.PublicationFieldValueTest" assertions="1" time="0.008150"/>
        <testcase name="testTagFieldConstruct" file="/home/runner/work/develop/develop/packages/publications/tests/Feature/PublicationFieldValueTest.php" line="351" class="Hyde\Publications\Testing\Feature\PublicationFieldValueTest" classname="Hyde.Publications.Testing.Feature.PublicationFieldValueTest" assertions="2" time="0.007799"/>
        <testcase name="testTagFieldGetValue" file="/home/runner/work/develop/develop/packages/publications/tests/Feature/PublicationFieldValueTest.php" line="359" class="Hyde\Publications\Testing\Feature\PublicationFieldValueTest" classname="Hyde.Publications.Testing.Feature.PublicationFieldValueTest" assertions="1" time="0.007678"/>
        <testcase name="testTagFieldToYaml" file="/home/runner/work/develop/develop/packages/publications/tests/Feature/PublicationFieldValueTest.php" line="364" class="Hyde\Publications\Testing\Feature\PublicationFieldValueTest" classname="Hyde.Publications.Testing.Feature.PublicationFieldValueTest" assertions="1" time="0.007424"/>
        <testcase name="testTagFieldWithArrayInput" file="/home/runner/work/develop/develop/packages/publications/tests/Feature/PublicationFieldValueTest.php" line="369" class="Hyde\Publications\Testing\Feature\PublicationFieldValueTest" classname="Hyde.Publications.Testing.Feature.PublicationFieldValueTest" assertions="1" time="0.006532"/>
        <testcase name="testTagFieldParsingOptions" file="/home/runner/work/develop/develop/packages/publications/tests/Feature/PublicationFieldValueTest.php" line="374" class="Hyde\Publications\Testing\Feature\PublicationFieldValueTest" classname="Hyde.Publications.Testing.Feature.PublicationFieldValueTest" assertions="8" time="0.008965"/>
        <testcase name="testDefaultValidationRules" file="/home/runner/work/develop/develop/packages/publications/tests/Feature/PublicationFieldValueTest.php" line="388" class="Hyde\Publications\Testing\Feature\PublicationFieldValueTest" classname="Hyde.Publications.Testing.Feature.PublicationFieldValueTest" assertions="10" time="0.009092"/>
      </testsuite>
      <testsuite name="Hyde\Publications\Testing\Feature\PublicationListPageTest" file="/home/runner/work/develop/develop/packages/publications/tests/Feature/PublicationListPageTest.php" tests="4" assertions="7" errors="0" failures="0" skipped="0" time="0.060789">
        <testcase name="test_source_path_mappings" file="/home/runner/work/develop/develop/packages/publications/tests/Feature/PublicationListPageTest.php" line="18" class="Hyde\Publications\Testing\Feature\PublicationListPageTest" classname="Hyde.Publications.Testing.Feature.PublicationListPageTest" assertions="4" time="0.009840"/>
        <testcase name="test_listing_page_can_be_compiled" file="/home/runner/work/develop/develop/packages/publications/tests/Feature/PublicationListPageTest.php" line="31" class="Hyde\Publications\Testing\Feature\PublicationListPageTest" classname="Hyde.Publications.Testing.Feature.PublicationListPageTest" assertions="1" time="0.032574"/>
        <testcase name="test_list_page_can_show_up_in_navigation" file="/home/runner/work/develop/develop/packages/publications/tests/Feature/PublicationListPageTest.php" line="44" class="Hyde\Publications\Testing\Feature\PublicationListPageTest" classname="Hyde.Publications.Testing.Feature.PublicationListPageTest" assertions="1" time="0.009399"/>
        <testcase name="test_list_page_is_not_added_to_navigation_when_publication_identifier_is_set_in_config" file="/home/runner/work/develop/develop/packages/publications/tests/Feature/PublicationListPageTest.php" line="55" class="Hyde\Publications\Testing\Feature\PublicationListPageTest" classname="Hyde.Publications.Testing.Feature.PublicationListPageTest" assertions="1" time="0.008976"/>
      </testsuite>
      <testsuite name="Hyde\Publications\Testing\Feature\PublicationPageCompilerTest" file="/home/runner/work/develop/develop/packages/publications/tests/Feature/PublicationPageCompilerTest.php" tests="8" assertions="10" errors="0" failures="0" skipped="0" time="0.134182">
        <testcase name="test_can_compile_publication_pages" file="/home/runner/work/develop/develop/packages/publications/tests/Feature/PublicationPageCompilerTest.php" line="25" class="Hyde\Publications\Testing\Feature\PublicationPageCompilerTest" classname="Hyde.Publications.Testing.Feature.PublicationPageCompilerTest" assertions="1" time="0.013504"/>
        <testcase name="test_can_compile_list_pages" file="/home/runner/work/develop/develop/packages/publications/tests/Feature/PublicationPageCompilerTest.php" line="36" class="Hyde\Publications\Testing\Feature\PublicationPageCompilerTest" classname="Hyde.Publications.Testing.Feature.PublicationPageCompilerTest" assertions="1" time="0.022872"/>
        <testcase name="test_can_compile_publication_pages_with_registered_view" file="/home/runner/work/develop/develop/packages/publications/tests/Feature/PublicationPageCompilerTest.php" line="48" class="Hyde\Publications\Testing\Feature\PublicationPageCompilerTest" classname="Hyde.Publications.Testing.Feature.PublicationPageCompilerTest" assertions="1" time="0.020322"/>
        <testcase name="test_can_compile_list_pages_with_registered_view" file="/home/runner/work/develop/develop/packages/publications/tests/Feature/PublicationPageCompilerTest.php" line="63" class="Hyde\Publications\Testing\Feature\PublicationPageCompilerTest" classname="Hyde.Publications.Testing.Feature.PublicationPageCompilerTest" assertions="1" time="0.014084"/>
        <testcase name="test_can_compile_publication_pages_with_registered_namespaced_view" file="/home/runner/work/develop/develop/packages/publications/tests/Feature/PublicationPageCompilerTest.php" line="78" class="Hyde\Publications\Testing\Feature\PublicationPageCompilerTest" classname="Hyde.Publications.Testing.Feature.PublicationPageCompilerTest" assertions="1" time="0.030786"/>
        <testcase name="test_can_compile_list_pages_with_registered_namespaced_view" file="/home/runner/work/develop/develop/packages/publications/tests/Feature/PublicationPageCompilerTest.php" line="91" class="Hyde\Publications\Testing\Feature\PublicationPageCompilerTest" classname="Hyde.Publications.Testing.Feature.PublicationPageCompilerTest" assertions="1" time="0.012583"/>
        <testcase name="test_with_missing_detail_blade_view" file="/home/runner/work/develop/develop/packages/publications/tests/Feature/PublicationPageCompilerTest.php" line="106" class="Hyde\Publications\Testing\Feature\PublicationPageCompilerTest" classname="Hyde.Publications.Testing.Feature.PublicationPageCompilerTest" assertions="2" time="0.010482"/>
        <testcase name="test_with_missing_list_blade_view" file="/home/runner/work/develop/develop/packages/publications/tests/Feature/PublicationPageCompilerTest.php" line="116" class="Hyde\Publications\Testing\Feature\PublicationPageCompilerTest" classname="Hyde.Publications.Testing.Feature.PublicationPageCompilerTest" assertions="2" time="0.009549"/>
      </testsuite>
      <testsuite name="Hyde\Publications\Testing\Feature\PublicationPageTest" file="/home/runner/work/develop/develop/packages/publications/tests/Feature/PublicationPageTest.php" tests="8" assertions="27" errors="0" failures="0" skipped="0" time="0.135543">
        <testcase name="test_source_path_mappings" file="/home/runner/work/develop/develop/packages/publications/tests/Feature/PublicationPageTest.php" line="20" class="Hyde\Publications\Testing\Feature\PublicationPageTest" classname="Hyde.Publications.Testing.Feature.PublicationPageTest" assertions="4" time="0.011111"/>
        <testcase name="test_publication_pages_are_routable" file="/home/runner/work/develop/develop/packages/publications/tests/Feature/PublicationPageTest.php" line="32" class="Hyde\Publications\Testing\Feature\PublicationPageTest" classname="Hyde.Publications.Testing.Feature.PublicationPageTest" assertions="5" time="0.020321"/>
        <testcase name="test_publication_pages_are_discoverable" file="/home/runner/work/develop/develop/packages/publications/tests/Feature/PublicationPageTest.php" line="44" class="Hyde\Publications\Testing\Feature\PublicationPageTest" classname="Hyde.Publications.Testing.Feature.PublicationPageTest" assertions="1" time="0.019839"/>
        <testcase name="test_publication_pages_are_properly_parsed" file="/home/runner/work/develop/develop/packages/publications/tests/Feature/PublicationPageTest.php" line="52" class="Hyde\Publications\Testing\Feature\PublicationPageTest" classname="Hyde.Publications.Testing.Feature.PublicationPageTest" assertions="6" time="0.020892"/>
        <testcase name="test_publication_pages_are_parsable" file="/home/runner/work/develop/develop/packages/publications/tests/Feature/PublicationPageTest.php" line="66" class="Hyde\Publications\Testing\Feature\PublicationPageTest" classname="Hyde.Publications.Testing.Feature.PublicationPageTest" assertions="6" time="0.013026"/>
        <testcase name="test_publication_pages_are_compilable" file="/home/runner/work/develop/develop/packages/publications/tests/Feature/PublicationPageTest.php" line="93" class="Hyde\Publications\Testing\Feature\PublicationPageTest" classname="Hyde.Publications.Testing.Feature.PublicationPageTest" assertions="1" time="0.024420"/>
        <testcase name="test_identifier_passed_constructor_is_normalized" file="/home/runner/work/develop/develop/packages/publications/tests/Feature/PublicationPageTest.php" line="103" class="Hyde\Publications\Testing\Feature\PublicationPageTest" classname="Hyde.Publications.Testing.Feature.PublicationPageTest" assertions="3" time="0.013707"/>
        <testcase name="test_identifier_normalizer_does_not_affect_directory_with_same_name_as_identifier" file="/home/runner/work/develop/develop/packages/publications/tests/Feature/PublicationPageTest.php" line="117" class="Hyde\Publications\Testing\Feature\PublicationPageTest" classname="Hyde.Publications.Testing.Feature.PublicationPageTest" assertions="1" time="0.012227"/>
      </testsuite>
      <testsuite name="Hyde\Publications\Testing\Feature\PublicationPageUnitTest" file="/home/runner/work/develop/develop/packages/publications/tests/Feature/PublicationPageUnitTest.php" tests="34" assertions="36" errors="0" failures="0" skipped="0" time="0.334870">
        <testcase name="testSourceDirectory" file="/home/runner/work/develop/develop/packages/publications/tests/Feature/PublicationPageUnitTest.php" line="26" class="Hyde\Publications\Testing\Feature\PublicationPageUnitTest" classname="Hyde.Publications.Testing.Feature.PublicationPageUnitTest" assertions="1" time="0.006796"/>
        <testcase name="testOutputDirectory" file="/home/runner/work/develop/develop/packages/publications/tests/Feature/PublicationPageUnitTest.php" line="34" class="Hyde\Publications\Testing\Feature\PublicationPageUnitTest" classname="Hyde.Publications.Testing.Feature.PublicationPageUnitTest" assertions="1" time="0.006295"/>
        <testcase name="testFileExtension" file="/home/runner/work/develop/develop/packages/publications/tests/Feature/PublicationPageUnitTest.php" line="42" class="Hyde\Publications\Testing\Feature\PublicationPageUnitTest" classname="Hyde.Publications.Testing.Feature.PublicationPageUnitTest" assertions="1" time="0.006296"/>
        <testcase name="testSourcePath" file="/home/runner/work/develop/develop/packages/publications/tests/Feature/PublicationPageUnitTest.php" line="50" class="Hyde\Publications\Testing\Feature\PublicationPageUnitTest" classname="Hyde.Publications.Testing.Feature.PublicationPageUnitTest" assertions="1" time="0.006275"/>
        <testcase name="testOutputPath" file="/home/runner/work/develop/develop/packages/publications/tests/Feature/PublicationPageUnitTest.php" line="58" class="Hyde\Publications\Testing\Feature\PublicationPageUnitTest" classname="Hyde.Publications.Testing.Feature.PublicationPageUnitTest" assertions="1" time="0.006454"/>
        <testcase name="testPath" file="/home/runner/work/develop/develop/packages/publications/tests/Feature/PublicationPageUnitTest.php" line="66" class="Hyde\Publications\Testing\Feature\PublicationPageUnitTest" classname="Hyde.Publications.Testing.Feature.PublicationPageUnitTest" assertions="1" time="0.006632"/>
        <testcase name="testGetSourcePath" file="/home/runner/work/develop/develop/packages/publications/tests/Feature/PublicationPageUnitTest.php" line="74" class="Hyde\Publications\Testing\Feature\PublicationPageUnitTest" classname="Hyde.Publications.Testing.Feature.PublicationPageUnitTest" assertions="1" time="0.009314"/>
        <testcase name="testGetOutputPath" file="/home/runner/work/develop/develop/packages/publications/tests/Feature/PublicationPageUnitTest.php" line="82" class="Hyde\Publications\Testing\Feature\PublicationPageUnitTest" classname="Hyde.Publications.Testing.Feature.PublicationPageUnitTest" assertions="1" time="0.008826"/>
        <testcase name="testGetLink" file="/home/runner/work/develop/develop/packages/publications/tests/Feature/PublicationPageUnitTest.php" line="90" class="Hyde\Publications\Testing\Feature\PublicationPageUnitTest" classname="Hyde.Publications.Testing.Feature.PublicationPageUnitTest" assertions="1" time="0.008901"/>
        <testcase name="testMake" file="/home/runner/work/develop/develop/packages/publications/tests/Feature/PublicationPageUnitTest.php" line="98" class="Hyde\Publications\Testing\Feature\PublicationPageUnitTest" classname="Hyde.Publications.Testing.Feature.PublicationPageUnitTest" assertions="1" time="0.011111"/>
        <testcase name="testMakeWithData" file="/home/runner/work/develop/develop/packages/publications/tests/Feature/PublicationPageUnitTest.php" line="104" class="Hyde\Publications\Testing\Feature\PublicationPageUnitTest" classname="Hyde.Publications.Testing.Feature.PublicationPageUnitTest" assertions="1" time="0.011504"/>
        <testcase name="testShowInNavigation" file="/home/runner/work/develop/develop/packages/publications/tests/Feature/PublicationPageUnitTest.php" line="112" class="Hyde\Publications\Testing\Feature\PublicationPageUnitTest" classname="Hyde.Publications.Testing.Feature.PublicationPageUnitTest" assertions="1" time="0.009151"/>
        <testcase name="testNavigationMenuPriority" file="/home/runner/work/develop/develop/packages/publications/tests/Feature/PublicationPageUnitTest.php" line="117" class="Hyde\Publications\Testing\Feature\PublicationPageUnitTest" classname="Hyde.Publications.Testing.Feature.PublicationPageUnitTest" assertions="1" time="0.009172"/>
        <testcase name="testNavigationMenuLabel" file="/home/runner/work/develop/develop/packages/publications/tests/Feature/PublicationPageUnitTest.php" line="122" class="Hyde\Publications\Testing\Feature\PublicationPageUnitTest" classname="Hyde.Publications.Testing.Feature.PublicationPageUnitTest" assertions="1" time="0.009211"/>
        <testcase name="testNavigationMenuGroup" file="/home/runner/work/develop/develop/packages/publications/tests/Feature/PublicationPageUnitTest.php" line="127" class="Hyde\Publications\Testing\Feature\PublicationPageUnitTest" classname="Hyde.Publications.Testing.Feature.PublicationPageUnitTest" assertions="1" time="0.010014"/>
        <testcase name="testGetBladeView" file="/home/runner/work/develop/develop/packages/publications/tests/Feature/PublicationPageUnitTest.php" line="132" class="Hyde\Publications\Testing\Feature\PublicationPageUnitTest" classname="Hyde.Publications.Testing.Feature.PublicationPageUnitTest" assertions="1" time="0.009730"/>
        <testcase name="testFiles" file="/home/runner/work/develop/develop/packages/publications/tests/Feature/PublicationPageUnitTest.php" line="138" class="Hyde\Publications\Testing\Feature\PublicationPageUnitTest" classname="Hyde.Publications.Testing.Feature.PublicationPageUnitTest" assertions="1" time="0.013258"/>
        <testcase name="testData" file="/home/runner/work/develop/develop/packages/publications/tests/Feature/PublicationPageUnitTest.php" line="143" class="Hyde\Publications\Testing\Feature\PublicationPageUnitTest" classname="Hyde.Publications.Testing.Feature.PublicationPageUnitTest" assertions="1" time="0.009478"/>
        <testcase name="testGet" file="/home/runner/work/develop/develop/packages/publications/tests/Feature/PublicationPageUnitTest.php" line="148" class="Hyde\Publications\Testing\Feature\PublicationPageUnitTest" classname="Hyde.Publications.Testing.Feature.PublicationPageUnitTest" assertions="1" time="0.015146"/>
        <testcase name="testParse" file="/home/runner/work/develop/develop/packages/publications/tests/Feature/PublicationPageUnitTest.php" line="155" class="Hyde\Publications\Testing\Feature\PublicationPageUnitTest" classname="Hyde.Publications.Testing.Feature.PublicationPageUnitTest" assertions="1" time="0.011846"/>
        <testcase name="testGetRouteKey" file="/home/runner/work/develop/develop/packages/publications/tests/Feature/PublicationPageUnitTest.php" line="164" class="Hyde\Publications\Testing\Feature\PublicationPageUnitTest" classname="Hyde.Publications.Testing.Feature.PublicationPageUnitTest" assertions="1" time="0.009577"/>
        <testcase name="testTitle" file="/home/runner/work/develop/develop/packages/publications/tests/Feature/PublicationPageUnitTest.php" line="169" class="Hyde\Publications\Testing\Feature\PublicationPageUnitTest" classname="Hyde.Publications.Testing.Feature.PublicationPageUnitTest" assertions="1" time="0.009106"/>
        <testcase name="testAll" file="/home/runner/work/develop/develop/packages/publications/tests/Feature/PublicationPageUnitTest.php" line="174" class="Hyde\Publications\Testing\Feature\PublicationPageUnitTest" classname="Hyde.Publications.Testing.Feature.PublicationPageUnitTest" assertions="1" time="0.013146"/>
        <testcase name="testMetadata" file="/home/runner/work/develop/develop/packages/publications/tests/Feature/PublicationPageUnitTest.php" line="179" class="Hyde\Publications\Testing\Feature\PublicationPageUnitTest" classname="Hyde.Publications.Testing.Feature.PublicationPageUnitTest" assertions="1" time="0.009186"/>
        <testcase name="test__construct" file="/home/runner/work/develop/develop/packages/publications/tests/Feature/PublicationPageUnitTest.php" line="185" class="Hyde\Publications\Testing\Feature\PublicationPageUnitTest" classname="Hyde.Publications.Testing.Feature.PublicationPageUnitTest" assertions="1" time="0.009280"/>
        <testcase name="testGetRoute" file="/home/runner/work/develop/develop/packages/publications/tests/Feature/PublicationPageUnitTest.php" line="190" class="Hyde\Publications\Testing\Feature\PublicationPageUnitTest" classname="Hyde.Publications.Testing.Feature.PublicationPageUnitTest" assertions="1" time="0.014956"/>
        <testcase name="testGetIdentifier" file="/home/runner/work/develop/develop/packages/publications/tests/Feature/PublicationPageUnitTest.php" line="195" class="Hyde\Publications\Testing\Feature\PublicationPageUnitTest" classname="Hyde.Publications.Testing.Feature.PublicationPageUnitTest" assertions="1" time="0.008802"/>
        <testcase name="testHas" file="/home/runner/work/develop/develop/packages/publications/tests/Feature/PublicationPageUnitTest.php" line="200" class="Hyde\Publications\Testing\Feature\PublicationPageUnitTest" classname="Hyde.Publications.Testing.Feature.PublicationPageUnitTest" assertions="1" time="0.009704"/>
        <testcase name="testToCoreDataObject" file="/home/runner/work/develop/develop/packages/publications/tests/Feature/PublicationPageUnitTest.php" line="205" class="Hyde\Publications\Testing\Feature\PublicationPageUnitTest" classname="Hyde.Publications.Testing.Feature.PublicationPageUnitTest" assertions="1" time="0.009374"/>
        <testcase name="testCompile" file="/home/runner/work/develop/develop/packages/publications/tests/Feature/PublicationPageUnitTest.php" line="211" class="Hyde\Publications\Testing\Feature\PublicationPageUnitTest" classname="Hyde.Publications.Testing.Feature.PublicationPageUnitTest" assertions="1" time="0.017999"/>
        <testcase name="testMatter" file="/home/runner/work/develop/develop/packages/publications/tests/Feature/PublicationPageUnitTest.php" line="221" class="Hyde\Publications\Testing\Feature\PublicationPageUnitTest" classname="Hyde.Publications.Testing.Feature.PublicationPageUnitTest" assertions="1" time="0.008527"/>
        <testcase name="testMarkdown" file="/home/runner/work/develop/develop/packages/publications/tests/Feature/PublicationPageUnitTest.php" line="226" class="Hyde\Publications\Testing\Feature\PublicationPageUnitTest" classname="Hyde.Publications.Testing.Feature.PublicationPageUnitTest" assertions="1" time="0.008774"/>
        <testcase name="testSave" file="/home/runner/work/develop/develop/packages/publications/tests/Feature/PublicationPageUnitTest.php" line="231" class="Hyde\Publications\Testing\Feature\PublicationPageUnitTest" classname="Hyde.Publications.Testing.Feature.PublicationPageUnitTest" assertions="2" time="0.011160"/>
        <testcase name="testGetType" file="/home/runner/work/develop/develop/packages/publications/tests/Feature/PublicationPageUnitTest.php" line="240" class="Hyde\Publications\Testing\Feature\PublicationPageUnitTest" classname="Hyde.Publications.Testing.Feature.PublicationPageUnitTest" assertions="2" time="0.009871"/>
      </testsuite>
      <testsuite name="Hyde\Publications\Testing\Feature\PublicationPageValidatorTest" file="/home/runner/work/develop/develop/packages/publications/tests/Feature/PublicationPageValidatorTest.php" tests="5" assertions="5" errors="0" failures="0" skipped="0" time="0.072547">
        <testcase name="testValidatePageFile" file="/home/runner/work/develop/develop/packages/publications/tests/Feature/PublicationPageValidatorTest.php" line="17" class="Hyde\Publications\Testing\Feature\PublicationPageValidatorTest" classname="Hyde.Publications.Testing.Feature.PublicationPageValidatorTest" assertions="1" time="0.029412"/>
        <testcase name="testValidatePageFileWithInvalidFields" file="/home/runner/work/develop/develop/packages/publications/tests/Feature/PublicationPageValidatorTest.php" line="42" class="Hyde\Publications\Testing\Feature\PublicationPageValidatorTest" classname="Hyde.Publications.Testing.Feature.PublicationPageValidatorTest" assertions="1" time="0.011512"/>
        <testcase name="testValidatePageFileWithInvalidDataBuffered" file="/home/runner/work/develop/develop/packages/publications/tests/Feature/PublicationPageValidatorTest.php" line="66" class="Hyde\Publications\Testing\Feature\PublicationPageValidatorTest" classname="Hyde.Publications.Testing.Feature.PublicationPageValidatorTest" assertions="1" time="0.011386"/>
        <testcase name="testWarningsWithWarnings" file="/home/runner/work/develop/develop/packages/publications/tests/Feature/PublicationPageValidatorTest.php" line="92" class="Hyde\Publications\Testing\Feature\PublicationPageValidatorTest" classname="Hyde.Publications.Testing.Feature.PublicationPageValidatorTest" assertions="1" time="0.010438"/>
        <testcase name="testWarningsWithoutWarnings" file="/home/runner/work/develop/develop/packages/publications/tests/Feature/PublicationPageValidatorTest.php" line="114" class="Hyde\Publications\Testing\Feature\PublicationPageValidatorTest" classname="Hyde.Publications.Testing.Feature.PublicationPageValidatorTest" assertions="1" time="0.009798"/>
      </testsuite>
      <testsuite name="Hyde\Publications\Testing\Feature\PublicationSchemaValidatorTest" file="/home/runner/work/develop/develop/packages/publications/tests/Feature/PublicationSchemaValidatorTest.php" tests="4" assertions="4" errors="0" failures="0" skipped="0" time="0.084370">
        <testcase name="testValidateSchemaFile" file="/home/runner/work/develop/develop/packages/publications/tests/Feature/PublicationSchemaValidatorTest.php" line="16" class="Hyde\Publications\Testing\Feature\PublicationSchemaValidatorTest" classname="Hyde.Publications.Testing.Feature.PublicationSchemaValidatorTest" assertions="1" time="0.027377"/>
        <testcase name="testValidateSchemaFileWithInvalidSchema" file="/home/runner/work/develop/develop/packages/publications/tests/Feature/PublicationSchemaValidatorTest.php" line="29" class="Hyde\Publications\Testing\Feature\PublicationSchemaValidatorTest" classname="Hyde.Publications.Testing.Feature.PublicationSchemaValidatorTest" assertions="1" time="0.013409"/>
        <testcase name="testValidateSchemaFileWithInvalidFields" file="/home/runner/work/develop/develop/packages/publications/tests/Feature/PublicationSchemaValidatorTest.php" line="54" class="Hyde\Publications\Testing\Feature\PublicationSchemaValidatorTest" classname="Hyde.Publications.Testing.Feature.PublicationSchemaValidatorTest" assertions="1" time="0.013017"/>
        <testcase name="testValidateSchemaFileWithInvalidDataBuffered" file="/home/runner/work/develop/develop/packages/publications/tests/Feature/PublicationSchemaValidatorTest.php" line="87" class="Hyde\Publications\Testing\Feature\PublicationSchemaValidatorTest" classname="Hyde.Publications.Testing.Feature.PublicationSchemaValidatorTest" assertions="1" time="0.030568"/>
      </testsuite>
      <testsuite name="Hyde\Publications\Testing\Feature\PublicationServiceTest" file="/home/runner/work/develop/develop/packages/publications/tests/Feature/PublicationServiceTest.php" tests="21" assertions="24" errors="0" failures="0" skipped="0" time="0.405180">
        <testcase name="testGetPublicationTypes" file="/home/runner/work/develop/develop/packages/publications/tests/Feature/PublicationServiceTest.php" line="30" class="Hyde\Publications\Testing\Feature\PublicationServiceTest" classname="Hyde.Publications.Testing.Feature.PublicationServiceTest" assertions="1" time="0.007707"/>
        <testcase name="testGetPublicationTypesWithTypes" file="/home/runner/work/develop/develop/packages/publications/tests/Feature/PublicationServiceTest.php" line="35" class="Hyde\Publications\Testing\Feature\PublicationServiceTest" classname="Hyde.Publications.Testing.Feature.PublicationServiceTest" assertions="1" time="0.016785"/>
        <testcase name="testGetPublicationTypesMethodReturnsTheSameInstances" file="/home/runner/work/develop/develop/packages/publications/tests/Feature/PublicationServiceTest.php" line="45" class="Hyde\Publications\Testing\Feature\PublicationServiceTest" classname="Hyde.Publications.Testing.Feature.PublicationServiceTest" assertions="1" time="0.008755"/>
        <testcase name="testGetPublicationsForPubType" file="/home/runner/work/develop/develop/packages/publications/tests/Feature/PublicationServiceTest.php" line="52" class="Hyde\Publications\Testing\Feature\PublicationServiceTest" classname="Hyde.Publications.Testing.Feature.PublicationServiceTest" assertions="1" time="0.016124"/>
        <testcase name="testGetPublicationsForPubTypeWithPublications" file="/home/runner/work/develop/develop/packages/publications/tests/Feature/PublicationServiceTest.php" line="62" class="Hyde\Publications\Testing\Feature\PublicationServiceTest" classname="Hyde.Publications.Testing.Feature.PublicationServiceTest" assertions="1" time="0.022692"/>
        <testcase name="testGetPublicationsForPubTypeOnlyContainsInstancesOfPublicationPage" file="/home/runner/work/develop/develop/packages/publications/tests/Feature/PublicationServiceTest.php" line="75" class="Hyde\Publications\Testing\Feature\PublicationServiceTest" classname="Hyde.Publications.Testing.Feature.PublicationServiceTest" assertions="1" time="0.020368"/>
        <testcase name="testGetPublicationsForPubTypeSortsPublicationsBySortField" file="/home/runner/work/develop/develop/packages/publications/tests/Feature/PublicationServiceTest.php" line="86" class="Hyde\Publications\Testing\Feature\PublicationServiceTest" classname="Hyde.Publications.Testing.Feature.PublicationServiceTest" assertions="1" time="0.035520"/>
        <testcase name="testGetPublicationsForPubTypeSortsPublicationsWithSpecifiedDirection" file="/home/runner/work/develop/develop/packages/publications/tests/Feature/PublicationServiceTest.php" line="104" class="Hyde\Publications\Testing\Feature\PublicationServiceTest" classname="Hyde.Publications.Testing.Feature.PublicationServiceTest" assertions="1" time="0.035800"/>
        <testcase name="testGetPublicationsForPubTypeSortsPublicationsByNewSortField" file="/home/runner/work/develop/develop/packages/publications/tests/Feature/PublicationServiceTest.php" line="122" class="Hyde\Publications\Testing\Feature\PublicationServiceTest" classname="Hyde.Publications.Testing.Feature.PublicationServiceTest" assertions="1" time="0.036309"/>
        <testcase name="testGetPublicationsForPubTypeSortsPublicationsByNewSortFieldDescending" file="/home/runner/work/develop/develop/packages/publications/tests/Feature/PublicationServiceTest.php" line="140" class="Hyde\Publications\Testing\Feature\PublicationServiceTest" classname="Hyde.Publications.Testing.Feature.PublicationServiceTest" assertions="1" time="0.036912"/>
        <testcase name="testGetPublicationsForPubTypeWithInvalidSortField" file="/home/runner/work/develop/develop/packages/publications/tests/Feature/PublicationServiceTest.php" line="158" class="Hyde\Publications\Testing\Feature\PublicationServiceTest" classname="Hyde.Publications.Testing.Feature.PublicationServiceTest" assertions="1" time="0.036861"/>
        <testcase name="testGetMediaForPubType" file="/home/runner/work/develop/develop/packages/publications/tests/Feature/PublicationServiceTest.php" line="176" class="Hyde\Publications\Testing\Feature\PublicationServiceTest" classname="Hyde.Publications.Testing.Feature.PublicationServiceTest" assertions="1" time="0.010181"/>
        <testcase name="testGetMediaForPubTypeWithMedia" file="/home/runner/work/develop/develop/packages/publications/tests/Feature/PublicationServiceTest.php" line="186" class="Hyde\Publications\Testing\Feature\PublicationServiceTest" classname="Hyde.Publications.Testing.Feature.PublicationServiceTest" assertions="1" time="0.011820"/>
        <testcase name="testGetMediaForPubTypeWithCustomMediaDirectory" file="/home/runner/work/develop/develop/packages/publications/tests/Feature/PublicationServiceTest.php" line="200" class="Hyde\Publications\Testing\Feature\PublicationServiceTest" classname="Hyde.Publications.Testing.Feature.PublicationServiceTest" assertions="1" time="0.010997"/>
        <testcase name="testParsePublicationFile" file="/home/runner/work/develop/develop/packages/publications/tests/Feature/PublicationServiceTest.php" line="215" class="Hyde\Publications\Testing\Feature\PublicationServiceTest" classname="Hyde.Publications.Testing.Feature.PublicationServiceTest" assertions="2" time="0.012631"/>
        <testcase name="testParsePublicationFileWithNonExistentFile" file="/home/runner/work/develop/develop/packages/publications/tests/Feature/PublicationServiceTest.php" line="225" class="Hyde\Publications\Testing\Feature\PublicationServiceTest" classname="Hyde.Publications.Testing.Feature.PublicationServiceTest" assertions="2" time="0.009295"/>
        <testcase name="testPublicationTypeExists" file="/home/runner/work/develop/develop/packages/publications/tests/Feature/PublicationServiceTest.php" line="235" class="Hyde\Publications\Testing\Feature\PublicationServiceTest" classname="Hyde.Publications.Testing.Feature.PublicationServiceTest" assertions="2" time="0.009262"/>
        <testcase name="testCanGetTagsUsedInPublications" file="/home/runner/work/develop/develop/packages/publications/tests/Feature/PublicationServiceTest.php" line="243" class="Hyde\Publications\Testing\Feature\PublicationServiceTest" classname="Hyde.Publications.Testing.Feature.PublicationServiceTest" assertions="1" time="0.016365"/>
        <testcase name="testMultipleOccurringTagsAreAggregatedUniquely" file="/home/runner/work/develop/develop/packages/publications/tests/Feature/PublicationServiceTest.php" line="259" class="Hyde\Publications\Testing\Feature\PublicationServiceTest" classname="Hyde.Publications.Testing.Feature.PublicationServiceTest" assertions="1" time="0.017423"/>
        <testcase name="testAllTagsMethodFindsBothArrayAndSingleTagValues" file="/home/runner/work/develop/develop/packages/publications/tests/Feature/PublicationServiceTest.php" line="277" class="Hyde\Publications\Testing\Feature\PublicationServiceTest" classname="Hyde.Publications.Testing.Feature.PublicationServiceTest" assertions="1" time="0.017379"/>
        <testcase name="testAllTagsMethodReturnsEmptyArrayWhenThereAreNoTagsUsed" file="/home/runner/work/develop/develop/packages/publications/tests/Feature/PublicationServiceTest.php" line="295" class="Hyde\Publications\Testing\Feature\PublicationServiceTest" classname="Hyde.Publications.Testing.Feature.PublicationServiceTest" assertions="1" time="0.015993"/>
      </testsuite>
      <testsuite name="Hyde\Publications\Testing\Feature\PublicationTypeTest" file="/home/runner/work/develop/develop/packages/publications/tests/Feature/PublicationTypeTest.php" tests="39" assertions="62" errors="0" failures="0" skipped="0" time="0.456849">
        <testcase name="test_can_construct_new_publication_type" file="/home/runner/work/develop/develop/packages/publications/tests/Feature/PublicationTypeTest.php" line="28" class="Hyde\Publications\Testing\Feature\PublicationTypeTest" classname="Hyde.Publications.Testing.Feature.PublicationTypeTest" assertions="8" time="0.008262"/>
        <testcase name="test_construct_with_default_values" file="/home/runner/work/develop/develop/packages/publications/tests/Feature/PublicationTypeTest.php" line="45" class="Hyde\Publications\Testing\Feature\PublicationTypeTest" classname="Hyde.Publications.Testing.Feature.PublicationTypeTest" assertions="9" time="0.008042"/>
        <testcase name="test_construct_with_pagination_settings" file="/home/runner/work/develop/develop/packages/publications/tests/Feature/PublicationTypeTest.php" line="61" class="Hyde\Publications\Testing\Feature\PublicationTypeTest" classname="Hyde.Publications.Testing.Feature.PublicationTypeTest" assertions="3" time="0.007094"/>
        <testcase name="test_class_is_arrayable" file="/home/runner/work/develop/develop/packages/publications/tests/Feature/PublicationTypeTest.php" line="75" class="Hyde\Publications\Testing\Feature\PublicationTypeTest" classname="Hyde.Publications.Testing.Feature.PublicationTypeTest" assertions="1" time="0.007402"/>
        <testcase name="test_class_is_json_serializable" file="/home/runner/work/develop/develop/packages/publications/tests/Feature/PublicationTypeTest.php" line="81" class="Hyde\Publications\Testing\Feature\PublicationTypeTest" classname="Hyde.Publications.Testing.Feature.PublicationTypeTest" assertions="1" time="0.007833"/>
        <testcase name="test_class_is_jsonable" file="/home/runner/work/develop/develop/packages/publications/tests/Feature/PublicationTypeTest.php" line="87" class="Hyde\Publications\Testing\Feature\PublicationTypeTest" classname="Hyde.Publications.Testing.Feature.PublicationTypeTest" assertions="1" time="0.007028"/>
        <testcase name="test_get_directory" file="/home/runner/work/develop/develop/packages/publications/tests/Feature/PublicationTypeTest.php" line="93" class="Hyde\Publications\Testing\Feature\PublicationTypeTest" classname="Hyde.Publications.Testing.Feature.PublicationTypeTest" assertions="1" time="0.007342"/>
        <testcase name="test_get_identifier" file="/home/runner/work/develop/develop/packages/publications/tests/Feature/PublicationTypeTest.php" line="99" class="Hyde\Publications\Testing\Feature\PublicationTypeTest" classname="Hyde.Publications.Testing.Feature.PublicationTypeTest" assertions="1" time="0.006532"/>
        <testcase name="test_get_identifier_with_no_directory" file="/home/runner/work/develop/develop/packages/publications/tests/Feature/PublicationTypeTest.php" line="105" class="Hyde\Publications\Testing\Feature\PublicationTypeTest" classname="Hyde.Publications.Testing.Feature.PublicationTypeTest" assertions="1" time="0.007588"/>
        <testcase name="test_can_save_to_json_file" file="/home/runner/work/develop/develop/packages/publications/tests/Feature/PublicationTypeTest.php" line="111" class="Hyde\Publications\Testing\Feature\PublicationTypeTest" classname="Hyde.Publications.Testing.Feature.PublicationTypeTest" assertions="2" time="0.009045"/>
        <testcase name="test_can_save_to_json_file_using_custom_path" file="/home/runner/work/develop/develop/packages/publications/tests/Feature/PublicationTypeTest.php" line="122" class="Hyde\Publications\Testing\Feature\PublicationTypeTest" classname="Hyde.Publications.Testing.Feature.PublicationTypeTest" assertions="2" time="0.009197"/>
        <testcase name="test_can_load_from_json_file" file="/home/runner/work/develop/develop/packages/publications/tests/Feature/PublicationTypeTest.php" line="133" class="Hyde\Publications\Testing\Feature\PublicationTypeTest" classname="Hyde.Publications.Testing.Feature.PublicationTypeTest" assertions="1" time="0.009410"/>
        <testcase name="test_can_load_fields_with_validation_rules" file="/home/runner/work/develop/develop/packages/publications/tests/Feature/PublicationTypeTest.php" line="161" class="Hyde\Publications\Testing\Feature\PublicationTypeTest" classname="Hyde.Publications.Testing.Feature.PublicationTypeTest" assertions="1" time="0.008780"/>
        <testcase name="test_get_fields_method_returns_collection_of_field_objects" file="/home/runner/work/develop/develop/packages/publications/tests/Feature/PublicationTypeTest.php" line="180" class="Hyde\Publications\Testing\Feature\PublicationTypeTest" classname="Hyde.Publications.Testing.Feature.PublicationTypeTest" assertions="4" time="0.008230"/>
        <testcase name="test_get_field_method_parses_publication_fields_from_schema_file" file="/home/runner/work/develop/develop/packages/publications/tests/Feature/PublicationTypeTest.php" line="192" class="Hyde\Publications\Testing\Feature\PublicationTypeTest" classname="Hyde.Publications.Testing.Feature.PublicationTypeTest" assertions="1" time="0.009594"/>
        <testcase name="test_get_field_method_parses_publication_fields_with_option_properties_from_schema_file" file="/home/runner/work/develop/develop/packages/publications/tests/Feature/PublicationTypeTest.php" line="210" class="Hyde\Publications\Testing\Feature\PublicationTypeTest" classname="Hyde.Publications.Testing.Feature.PublicationTypeTest" assertions="1" time="0.009542"/>
        <testcase name="test_get_method_can_find_existing_file_on_disk" file="/home/runner/work/develop/develop/packages/publications/tests/Feature/PublicationTypeTest.php" line="228" class="Hyde\Publications\Testing\Feature\PublicationTypeTest" classname="Hyde.Publications.Testing.Feature.PublicationTypeTest" assertions="1" time="0.009408"/>
        <testcase name="test_get_method_fails_if_publication_type_does_not_exist" file="/home/runner/work/develop/develop/packages/publications/tests/Feature/PublicationTypeTest.php" line="237" class="Hyde\Publications\Testing\Feature\PublicationTypeTest" classname="Hyde.Publications.Testing.Feature.PublicationTypeTest" assertions="2" time="0.006431"/>
        <testcase name="test_get_list_page" file="/home/runner/work/develop/develop/packages/publications/tests/Feature/PublicationTypeTest.php" line="244" class="Hyde\Publications\Testing\Feature\PublicationTypeTest" classname="Hyde.Publications.Testing.Feature.PublicationTypeTest" assertions="1" time="0.010282"/>
        <testcase name="testGetFieldDefinition" file="/home/runner/work/develop/develop/packages/publications/tests/Feature/PublicationTypeTest.php" line="250" class="Hyde\Publications\Testing\Feature\PublicationTypeTest" classname="Hyde.Publications.Testing.Feature.PublicationTypeTest" assertions="1" time="0.007995"/>
        <testcase name="testGetFieldDefinitionWithMissingField" file="/home/runner/work/develop/develop/packages/publications/tests/Feature/PublicationTypeTest.php" line="259" class="Hyde\Publications\Testing\Feature\PublicationTypeTest" classname="Hyde.Publications.Testing.Feature.PublicationTypeTest" assertions="1" time="0.007312"/>
        <testcase name="testGetCanonicalFieldDefinition" file="/home/runner/work/develop/develop/packages/publications/tests/Feature/PublicationTypeTest.php" line="267" class="Hyde\Publications\Testing\Feature\PublicationTypeTest" classname="Hyde.Publications.Testing.Feature.PublicationTypeTest" assertions="1" time="0.007270"/>
        <testcase name="testGetCanonicalFieldDefinitionWithMetaFieldAsCanonical" file="/home/runner/work/develop/develop/packages/publications/tests/Feature/PublicationTypeTest.php" line="276" class="Hyde\Publications\Testing\Feature\PublicationTypeTest" classname="Hyde.Publications.Testing.Feature.PublicationTypeTest" assertions="1" time="0.008110"/>
        <testcase name="testGetPublications" file="/home/runner/work/develop/develop/packages/publications/tests/Feature/PublicationTypeTest.php" line="285" class="Hyde\Publications\Testing\Feature\PublicationTypeTest" classname="Hyde.Publications.Testing.Feature.PublicationTypeTest" assertions="1" time="0.014010"/>
        <testcase name="testGetPaginator" file="/home/runner/work/develop/develop/packages/publications/tests/Feature/PublicationTypeTest.php" line="294" class="Hyde\Publications\Testing\Feature\PublicationTypeTest" classname="Hyde.Publications.Testing.Feature.PublicationTypeTest" assertions="1" time="0.014412"/>
        <testcase name="testGetPaginatorWithCustomPublicationTypePaginationSettings" file="/home/runner/work/develop/develop/packages/publications/tests/Feature/PublicationTypeTest.php" line="303" class="Hyde\Publications\Testing\Feature\PublicationTypeTest" classname="Hyde.Publications.Testing.Feature.PublicationTypeTest" assertions="1" time="0.014184"/>
        <testcase name="testGetPaginatorSortsCollectionBySpecifiedPaginationSettings" file="/home/runner/work/develop/develop/packages/publications/tests/Feature/PublicationTypeTest.php" line="314" class="Hyde\Publications\Testing\Feature\PublicationTypeTest" classname="Hyde.Publications.Testing.Feature.PublicationTypeTest" assertions="1" time="0.048326"/>
        <testcase name="testGetPaginatorSortsCollectionBySpecifiedPaginationSettingsWithDescendingSort" file="/home/runner/work/develop/develop/packages/publications/tests/Feature/PublicationTypeTest.php" line="335" class="Hyde\Publications\Testing\Feature\PublicationTypeTest" classname="Hyde.Publications.Testing.Feature.PublicationTypeTest" assertions="1" time="0.048530"/>
        <testcase name="testUsesPaginationReturnsTrueWhenPaginationShouldBeEnabled" file="/home/runner/work/develop/develop/packages/publications/tests/Feature/PublicationTypeTest.php" line="356" class="Hyde\Publications\Testing\Feature\PublicationTypeTest" classname="Hyde.Publications.Testing.Feature.PublicationTypeTest" assertions="1" time="0.026917"/>
        <testcase name="testUsesPaginationReturnsFalseWhenPageSizeIsSetToNought" file="/home/runner/work/develop/develop/packages/publications/tests/Feature/PublicationTypeTest.php" line="370" class="Hyde\Publications\Testing\Feature\PublicationTypeTest" classname="Hyde.Publications.Testing.Feature.PublicationTypeTest" assertions="1" time="0.010093"/>
        <testcase name="testUsesPaginationReturnsFalseWhenNumberOfPagesIsLessThanPageSize" file="/home/runner/work/develop/develop/packages/publications/tests/Feature/PublicationTypeTest.php" line="384" class="Hyde\Publications\Testing\Feature\PublicationTypeTest" classname="Hyde.Publications.Testing.Feature.PublicationTypeTest" assertions="1" time="0.024736"/>
        <testcase name="testArrayRepresentationWithDefaultValues" file="/home/runner/work/develop/develop/packages/publications/tests/Feature/PublicationTypeTest.php" line="398" class="Hyde\Publications\Testing\Feature\PublicationTypeTest" classname="Hyde.Publications.Testing.Feature.PublicationTypeTest" assertions="1" time="0.007729"/>
        <testcase name="testJsonRepresentationWithDefaultValues" file="/home/runner/work/develop/develop/packages/publications/tests/Feature/PublicationTypeTest.php" line="414" class="Hyde\Publications\Testing\Feature\PublicationTypeTest" classname="Hyde.Publications.Testing.Feature.PublicationTypeTest" assertions="1" time="0.007538"/>
        <testcase name="testArrayRepresentationWithMetadata" file="/home/runner/work/develop/develop/packages/publications/tests/Feature/PublicationTypeTest.php" line="432" class="Hyde\Publications\Testing\Feature\PublicationTypeTest" classname="Hyde.Publications.Testing.Feature.PublicationTypeTest" assertions="1" time="0.007643"/>
        <testcase name="testJsonRepresentationWithMetadata" file="/home/runner/work/develop/develop/packages/publications/tests/Feature/PublicationTypeTest.php" line="453" class="Hyde\Publications\Testing\Feature\PublicationTypeTest" classname="Hyde.Publications.Testing.Feature.PublicationTypeTest" assertions="1" time="0.007682"/>
        <testcase name="testCanParseSchemaFileWithMetadata" file="/home/runner/work/develop/develop/packages/publications/tests/Feature/PublicationTypeTest.php" line="483" class="Hyde\Publications\Testing\Feature\PublicationTypeTest" classname="Hyde.Publications.Testing.Feature.PublicationTypeTest" assertions="1" time="0.009646"/>
        <testcase name="testCanGetMetadata" file="/home/runner/work/develop/develop/packages/publications/tests/Feature/PublicationTypeTest.php" line="525" class="Hyde\Publications\Testing\Feature\PublicationTypeTest" classname="Hyde.Publications.Testing.Feature.PublicationTypeTest" assertions="1" time="0.007864"/>
        <testcase name="testCanSetMetadata" file="/home/runner/work/develop/develop/packages/publications/tests/Feature/PublicationTypeTest.php" line="540" class="Hyde\Publications\Testing\Feature\PublicationTypeTest" classname="Hyde.Publications.Testing.Feature.PublicationTypeTest" assertions="1" time="0.008200"/>
        <testcase name="testValidateSchemaFile" file="/home/runner/work/develop/develop/packages/publications/tests/Feature/PublicationTypeTest.php" line="556" class="Hyde\Publications\Testing\Feature\PublicationTypeTest" classname="Hyde.Publications.Testing.Feature.PublicationTypeTest" assertions="1" time="0.011615"/>
      </testsuite>
      <testsuite name="Hyde\Publications\Testing\Feature\PublicationsExtensionTest" file="/home/runner/work/develop/develop/packages/publications/tests/Feature/PublicationsExtensionTest.php" tests="16" assertions="34" errors="0" failures="0" skipped="0" time="0.345556">
        <testcase name="test_get_page_classes_method" file="/home/runner/work/develop/develop/packages/publications/tests/Feature/PublicationsExtensionTest.php" line="40" class="Hyde\Publications\Testing\Feature\PublicationsExtensionTest" classname="Hyde.Publications.Testing.Feature.PublicationsExtensionTest" assertions="1" time="0.007637"/>
        <testcase name="test_get_types_method" file="/home/runner/work/develop/develop/packages/publications/tests/Feature/PublicationsExtensionTest.php" line="45" class="Hyde\Publications\Testing\Feature\PublicationsExtensionTest" classname="Hyde.Publications.Testing.Feature.PublicationsExtensionTest" assertions="1" time="0.010316"/>
        <testcase name="test_get_types_method_with_types" file="/home/runner/work/develop/develop/packages/publications/tests/Feature/PublicationsExtensionTest.php" line="52" class="Hyde\Publications\Testing\Feature\PublicationsExtensionTest" classname="Hyde.Publications.Testing.Feature.PublicationsExtensionTest" assertions="1" time="0.020063"/>
        <testcase name="test_get_types_method_with_multiple_types" file="/home/runner/work/develop/develop/packages/publications/tests/Feature/PublicationsExtensionTest.php" line="61" class="Hyde\Publications\Testing\Feature\PublicationsExtensionTest" classname="Hyde.Publications.Testing.Feature.PublicationsExtensionTest" assertions="1" time="0.022846"/>
        <testcase name="test_publication_files_are_discovered" file="/home/runner/work/develop/develop/packages/publications/tests/Feature/PublicationsExtensionTest.php" line="76" class="Hyde\Publications\Testing\Feature\PublicationsExtensionTest" classname="Hyde.Publications.Testing.Feature.PublicationsExtensionTest" assertions="3" time="0.014642"/>
        <testcase name="test_publication_files_are_discovered_for_multiple_types" file="/home/runner/work/develop/develop/packages/publications/tests/Feature/PublicationsExtensionTest.php" line="91" class="Hyde\Publications\Testing\Feature\PublicationsExtensionTest" classname="Hyde.Publications.Testing.Feature.PublicationsExtensionTest" assertions="1" time="0.015991"/>
        <testcase name="test_publication_media_files_are_discovered" file="/home/runner/work/develop/develop/packages/publications/tests/Feature/PublicationsExtensionTest.php" line="105" class="Hyde\Publications\Testing\Feature\PublicationsExtensionTest" classname="Hyde.Publications.Testing.Feature.PublicationsExtensionTest" assertions="2" time="0.010615"/>
        <testcase name="test_base_publication_pages_are_discovered" file="/home/runner/work/develop/develop/packages/publications/tests/Feature/PublicationsExtensionTest.php" line="115" class="Hyde\Publications\Testing\Feature\PublicationsExtensionTest" classname="Hyde.Publications.Testing.Feature.PublicationsExtensionTest" assertions="1" time="0.023556"/>
        <testcase name="test_publication_pages_are_discovered" file="/home/runner/work/develop/develop/packages/publications/tests/Feature/PublicationsExtensionTest.php" line="125" class="Hyde\Publications\Testing\Feature\PublicationsExtensionTest" classname="Hyde.Publications.Testing.Feature.PublicationsExtensionTest" assertions="3" time="0.025724"/>
        <testcase name="test_listing_pages_for_publications_are_generated" file="/home/runner/work/develop/develop/packages/publications/tests/Feature/PublicationsExtensionTest.php" line="141" class="Hyde\Publications\Testing\Feature\PublicationsExtensionTest" classname="Hyde.Publications.Testing.Feature.PublicationsExtensionTest" assertions="3" time="0.025390"/>
        <testcase name="test_paginated_listing_pages_for_publications_are_generated" file="/home/runner/work/develop/develop/packages/publications/tests/Feature/PublicationsExtensionTest.php" line="156" class="Hyde\Publications\Testing\Feature\PublicationsExtensionTest" classname="Hyde.Publications.Testing.Feature.PublicationsExtensionTest" assertions="3" time="0.035559"/>
        <testcase name="test_publication_tag_list_pages_are_generated" file="/home/runner/work/develop/develop/packages/publications/tests/Feature/PublicationsExtensionTest.php" line="169" class="Hyde\Publications\Testing\Feature\PublicationsExtensionTest" classname="Hyde.Publications.Testing.Feature.PublicationsExtensionTest" assertions="1" time="0.029205"/>
        <testcase name="test_publication_tag_list_routes_with_tags_are_generated" file="/home/runner/work/develop/develop/packages/publications/tests/Feature/PublicationsExtensionTest.php" line="184" class="Hyde\Publications\Testing\Feature\PublicationsExtensionTest" classname="Hyde.Publications.Testing.Feature.PublicationsExtensionTest" assertions="3" time="0.031882"/>
        <testcase name="test_publication_routes_are_discovered" file="/home/runner/work/develop/develop/packages/publications/tests/Feature/PublicationsExtensionTest.php" line="210" class="Hyde\Publications\Testing\Feature\PublicationsExtensionTest" classname="Hyde.Publications.Testing.Feature.PublicationsExtensionTest" assertions="4" time="0.024754"/>
        <testcase name="test_publication_tag_list_routes_are_discovered" file="/home/runner/work/develop/develop/packages/publications/tests/Feature/PublicationsExtensionTest.php" line="233" class="Hyde\Publications\Testing\Feature\PublicationsExtensionTest" classname="Hyde.Publications.Testing.Feature.PublicationsExtensionTest" assertions="3" time="0.022284"/>
        <testcase name="test_publication_tag_list_routes_with_tags_are_discovered" file="/home/runner/work/develop/develop/packages/publications/tests/Feature/PublicationsExtensionTest.php" line="259" class="Hyde\Publications\Testing\Feature\PublicationsExtensionTest" classname="Hyde.Publications.Testing.Feature.PublicationsExtensionTest" assertions="3" time="0.025092"/>
      </testsuite>
      <testsuite name="Hyde\Publications\Testing\Feature\RelatedPublicationsComponentTest" file="/home/runner/work/develop/develop/packages/publications/tests/Feature/RelatedPublicationsComponentTest.php" tests="12" assertions="12" errors="0" failures="0" skipped="0" time="0.246643">
        <testcase name="testWithStandardPage" file="/home/runner/work/develop/develop/packages/publications/tests/Feature/RelatedPublicationsComponentTest.php" line="23" class="Hyde\Publications\Testing\Feature\RelatedPublicationsComponentTest" classname="Hyde.Publications.Testing.Feature.RelatedPublicationsComponentTest" assertions="1" time="0.044080"/>
        <testcase name="testWithBlankPublicationType" file="/home/runner/work/develop/develop/packages/publications/tests/Feature/RelatedPublicationsComponentTest.php" line="31" class="Hyde\Publications\Testing\Feature\RelatedPublicationsComponentTest" classname="Hyde.Publications.Testing.Feature.RelatedPublicationsComponentTest" assertions="1" time="0.009717"/>
        <testcase name="testWithEmptyTags" file="/home/runner/work/develop/develop/packages/publications/tests/Feature/RelatedPublicationsComponentTest.php" line="41" class="Hyde\Publications\Testing\Feature\RelatedPublicationsComponentTest" classname="Hyde.Publications.Testing.Feature.RelatedPublicationsComponentTest" assertions="1" time="0.015421"/>
        <testcase name="testWithPublicationWithTag" file="/home/runner/work/develop/develop/packages/publications/tests/Feature/RelatedPublicationsComponentTest.php" line="51" class="Hyde\Publications\Testing\Feature\RelatedPublicationsComponentTest" classname="Hyde.Publications.Testing.Feature.RelatedPublicationsComponentTest" assertions="1" time="0.015667"/>
        <testcase name="testWithMoreTaggedPublications" file="/home/runner/work/develop/develop/packages/publications/tests/Feature/RelatedPublicationsComponentTest.php" line="61" class="Hyde\Publications\Testing\Feature\RelatedPublicationsComponentTest" classname="Hyde.Publications.Testing.Feature.RelatedPublicationsComponentTest" assertions="1" time="0.017417"/>
        <testcase name="testWithPublicationsWithOtherTagValue" file="/home/runner/work/develop/develop/packages/publications/tests/Feature/RelatedPublicationsComponentTest.php" line="75" class="Hyde\Publications\Testing\Feature\RelatedPublicationsComponentTest" classname="Hyde.Publications.Testing.Feature.RelatedPublicationsComponentTest" assertions="1" time="0.016502"/>
        <testcase name="testWithPublicationsWithCurrentOneBeingUntagged" file="/home/runner/work/develop/develop/packages/publications/tests/Feature/RelatedPublicationsComponentTest.php" line="89" class="Hyde\Publications\Testing\Feature\RelatedPublicationsComponentTest" classname="Hyde.Publications.Testing.Feature.RelatedPublicationsComponentTest" assertions="1" time="0.016922"/>
        <testcase name="testWithMultipleRelatedPages" file="/home/runner/work/develop/develop/packages/publications/tests/Feature/RelatedPublicationsComponentTest.php" line="103" class="Hyde\Publications\Testing\Feature\RelatedPublicationsComponentTest" classname="Hyde.Publications.Testing.Feature.RelatedPublicationsComponentTest" assertions="1" time="0.020345"/>
        <testcase name="testWithMultipleRelatedPagesAndLimit" file="/home/runner/work/develop/develop/packages/publications/tests/Feature/RelatedPublicationsComponentTest.php" line="131" class="Hyde\Publications\Testing\Feature\RelatedPublicationsComponentTest" classname="Hyde.Publications.Testing.Feature.RelatedPublicationsComponentTest" assertions="1" time="0.021636"/>
        <testcase name="testOnlyPublicationsWithTheSameTagAreIncluded" file="/home/runner/work/develop/develop/packages/publications/tests/Feature/RelatedPublicationsComponentTest.php" line="157" class="Hyde\Publications\Testing\Feature\RelatedPublicationsComponentTest" classname="Hyde.Publications.Testing.Feature.RelatedPublicationsComponentTest" assertions="1" time="0.021157"/>
        <testcase name="testResultsAreSortedByDateWithLatestFirst" file="/home/runner/work/develop/develop/packages/publications/tests/Feature/RelatedPublicationsComponentTest.php" line="182" class="Hyde\Publications\Testing\Feature\RelatedPublicationsComponentTest" classname="Hyde.Publications.Testing.Feature.RelatedPublicationsComponentTest" assertions="1" time="0.022209"/>
        <testcase name="testTheRenderMethod" file="/home/runner/work/develop/develop/packages/publications/tests/Feature/RelatedPublicationsComponentTest.php" line="210" class="Hyde\Publications\Testing\Feature\RelatedPublicationsComponentTest" classname="Hyde.Publications.Testing.Feature.RelatedPublicationsComponentTest" assertions="1" time="0.025570"/>
      </testsuite>
      <testsuite name="Hyde\Publications\Testing\Feature\SeedPublicationCommandTest" file="/home/runner/work/develop/develop/packages/publications/tests/Feature/SeedPublicationCommandTest.php" tests="7" assertions="29" errors="0" failures="0" skipped="0" time="0.171948">
        <testcase name="test_can_seed_publications" file="/home/runner/work/develop/develop/packages/publications/tests/Feature/SeedPublicationCommandTest.php" line="28" class="Hyde\Publications\Testing\Feature\SeedPublicationCommandTest" classname="Hyde.Publications.Testing.Feature.SeedPublicationCommandTest" assertions="6" time="0.075616"/>
        <testcase name="test_can_seed_publications_using_arguments" file="/home/runner/work/develop/develop/packages/publications/tests/Feature/SeedPublicationCommandTest.php" line="40" class="Hyde\Publications\Testing\Feature\SeedPublicationCommandTest" classname="Hyde.Publications.Testing.Feature.SeedPublicationCommandTest" assertions="3" time="0.018007"/>
        <testcase name="test_can_seed_multiple_publications" file="/home/runner/work/develop/develop/packages/publications/tests/Feature/SeedPublicationCommandTest.php" line="49" class="Hyde\Publications\Testing\Feature\SeedPublicationCommandTest" classname="Hyde.Publications.Testing.Feature.SeedPublicationCommandTest" assertions="4" time="0.020058"/>
        <testcase name="test_command_asks_to_confirm_before_creating_many_publications" file="/home/runner/work/develop/develop/packages/publications/tests/Feature/SeedPublicationCommandTest.php" line="59" class="Hyde\Publications\Testing\Feature\SeedPublicationCommandTest" classname="Hyde.Publications.Testing.Feature.SeedPublicationCommandTest" assertions="7" time="0.015527"/>
        <testcase name="test_command_asks_to_confirm_before_creating_many_publications_when_using_arguments" file="/home/runner/work/develop/develop/packages/publications/tests/Feature/SeedPublicationCommandTest.php" line="72" class="Hyde\Publications\Testing\Feature\SeedPublicationCommandTest" classname="Hyde.Publications.Testing.Feature.SeedPublicationCommandTest" assertions="5" time="0.015316"/>
        <testcase name="test_with_invalid_publication_type" file="/home/runner/work/develop/develop/packages/publications/tests/Feature/SeedPublicationCommandTest.php" line="83" class="Hyde\Publications\Testing\Feature\SeedPublicationCommandTest" classname="Hyde.Publications.Testing.Feature.SeedPublicationCommandTest" assertions="2" time="0.013862"/>
        <testcase name="test_with_no_publication_types" file="/home/runner/work/develop/develop/packages/publications/tests/Feature/SeedPublicationCommandTest.php" line="90" class="Hyde\Publications\Testing\Feature\SeedPublicationCommandTest" classname="Hyde.Publications.Testing.Feature.SeedPublicationCommandTest" assertions="2" time="0.013563"/>
      </testsuite>
      <testsuite name="Hyde\Publications\Testing\Feature\SeedsPublicationFilesTest" file="/home/runner/work/develop/develop/packages/publications/tests/Feature/SeedsPublicationFilesTest.php" tests="13" assertions="38" errors="0" failures="0" skipped="0" time="0.183012">
        <testcase name="testCreate" file="/home/runner/work/develop/develop/packages/publications/tests/Feature/SeedsPublicationFilesTest.php" line="30" class="Hyde\Publications\Testing\Feature\SeedsPublicationFilesTest" classname="Hyde.Publications.Testing.Feature.SeedsPublicationFilesTest" assertions="3" time="0.011502"/>
        <testcase name="testCreateMany" file="/home/runner/work/develop/develop/packages/publications/tests/Feature/SeedsPublicationFilesTest.php" line="40" class="Hyde\Publications\Testing\Feature\SeedsPublicationFilesTest" classname="Hyde.Publications.Testing.Feature.SeedsPublicationFilesTest" assertions="2" time="0.014945"/>
        <testcase name="testWithArrayType" file="/home/runner/work/develop/develop/packages/publications/tests/Feature/SeedsPublicationFilesTest.php" line="49" class="Hyde\Publications\Testing\Feature\SeedsPublicationFilesTest" classname="Hyde.Publications.Testing.Feature.SeedsPublicationFilesTest" assertions="5" time="0.013015"/>
        <testcase name="testWithBooleanType" file="/home/runner/work/develop/develop/packages/publications/tests/Feature/SeedsPublicationFilesTest.php" line="62" class="Hyde\Publications\Testing\Feature\SeedsPublicationFilesTest" classname="Hyde.Publications.Testing.Feature.SeedsPublicationFilesTest" assertions="2" time="0.012817"/>
        <testcase name="testWithDateTimeType" file="/home/runner/work/develop/develop/packages/publications/tests/Feature/SeedsPublicationFilesTest.php" line="72" class="Hyde\Publications\Testing\Feature\SeedsPublicationFilesTest" classname="Hyde.Publications.Testing.Feature.SeedsPublicationFilesTest" assertions="3" time="0.012568"/>
        <testcase name="testWithFloatType" file="/home/runner/work/develop/develop/packages/publications/tests/Feature/SeedsPublicationFilesTest.php" line="83" class="Hyde\Publications\Testing\Feature\SeedsPublicationFilesTest" classname="Hyde.Publications.Testing.Feature.SeedsPublicationFilesTest" assertions="2" time="0.011630"/>
        <testcase name="testWithMediaType" file="/home/runner/work/develop/develop/packages/publications/tests/Feature/SeedsPublicationFilesTest.php" line="93" class="Hyde\Publications\Testing\Feature\SeedsPublicationFilesTest" classname="Hyde.Publications.Testing.Feature.SeedsPublicationFilesTest" assertions="3" time="0.012731"/>
        <testcase name="testWithIntegerType" file="/home/runner/work/develop/develop/packages/publications/tests/Feature/SeedsPublicationFilesTest.php" line="104" class="Hyde\Publications\Testing\Feature\SeedsPublicationFilesTest" classname="Hyde.Publications.Testing.Feature.SeedsPublicationFilesTest" assertions="2" time="0.012968"/>
        <testcase name="testWithStringType" file="/home/runner/work/develop/develop/packages/publications/tests/Feature/SeedsPublicationFilesTest.php" line="114" class="Hyde\Publications\Testing\Feature\SeedsPublicationFilesTest" classname="Hyde.Publications.Testing.Feature.SeedsPublicationFilesTest" assertions="2" time="0.013677"/>
        <testcase name="testWithTagType" file="/home/runner/work/develop/develop/packages/publications/tests/Feature/SeedsPublicationFilesTest.php" line="124" class="Hyde\Publications\Testing\Feature\SeedsPublicationFilesTest" classname="Hyde.Publications.Testing.Feature.SeedsPublicationFilesTest" assertions="4" time="0.029131"/>
        <testcase name="testWithTextType" file="/home/runner/work/develop/develop/packages/publications/tests/Feature/SeedsPublicationFilesTest.php" line="143" class="Hyde\Publications\Testing\Feature\SeedsPublicationFilesTest" classname="Hyde.Publications.Testing.Feature.SeedsPublicationFilesTest" assertions="4" time="0.012303"/>
        <testcase name="testWithUrlType" file="/home/runner/work/develop/develop/packages/publications/tests/Feature/SeedsPublicationFilesTest.php" line="155" class="Hyde\Publications\Testing\Feature\SeedsPublicationFilesTest" classname="Hyde.Publications.Testing.Feature.SeedsPublicationFilesTest" assertions="3" time="0.012263"/>
        <testcase name="testWithCanonicalDefinition" file="/home/runner/work/develop/develop/packages/publications/tests/Feature/SeedsPublicationFilesTest.php" line="166" class="Hyde\Publications\Testing\Feature\SeedsPublicationFilesTest" classname="Hyde.Publications.Testing.Feature.SeedsPublicationFilesTest" assertions="3" time="0.013463"/>
      </testsuite>
      <testsuite name="Hyde\Publications\Testing\Feature\StaticSiteBuilderPublicationModuleTest" file="/home/runner/work/develop/develop/packages/publications/tests/Feature/StaticSiteBuilderPublicationModuleTest.php" tests="5" assertions="25" errors="0" failures="0" skipped="0" time="0.918991">
        <testcase name="testCompilingWithPublicationTypeWithSeededFilesContainingAllFieldTypes" file="/home/runner/work/develop/develop/packages/publications/tests/Feature/StaticSiteBuilderPublicationModuleTest.php" line="33" class="Hyde\Publications\Testing\Feature\StaticSiteBuilderPublicationModuleTest" classname="Hyde.Publications.Testing.Feature.StaticSiteBuilderPublicationModuleTest" assertions="10" time="0.288964"/>
        <testcase name="testCompilingWithPublicationTypeThatUsesThePublishedViews" file="/home/runner/work/develop/develop/packages/publications/tests/Feature/StaticSiteBuilderPublicationModuleTest.php" line="73" class="Hyde\Publications\Testing\Feature\StaticSiteBuilderPublicationModuleTest" classname="Hyde.Publications.Testing.Feature.StaticSiteBuilderPublicationModuleTest" assertions="3" time="0.126593"/>
        <testcase name="testCompilingWithPublicationTypeThatUsesTheVendorViews" file="/home/runner/work/develop/develop/packages/publications/tests/Feature/StaticSiteBuilderPublicationModuleTest.php" line="98" class="Hyde\Publications\Testing\Feature\StaticSiteBuilderPublicationModuleTest" classname="Hyde.Publications.Testing.Feature.StaticSiteBuilderPublicationModuleTest" assertions="2" time="0.120966"/>
        <testcase name="testCompilingWithPublicationTypeThatUsesThePublishedPaginatedViews" file="/home/runner/work/develop/develop/packages/publications/tests/Feature/StaticSiteBuilderPublicationModuleTest.php" line="126" class="Hyde\Publications\Testing\Feature\StaticSiteBuilderPublicationModuleTest" classname="Hyde.Publications.Testing.Feature.StaticSiteBuilderPublicationModuleTest" assertions="5" time="0.206418"/>
        <testcase name="testCompilingWithPublicationTypeThatUsesThePaginatedVendorViews" file="/home/runner/work/develop/develop/packages/publications/tests/Feature/StaticSiteBuilderPublicationModuleTest.php" line="159" class="Hyde\Publications\Testing\Feature\StaticSiteBuilderPublicationModuleTest" classname="Hyde.Publications.Testing.Feature.StaticSiteBuilderPublicationModuleTest" assertions="5" time="0.176050"/>
      </testsuite>
      <testsuite name="Hyde\Publications\Testing\Feature\TranslationServiceProviderTest" file="/home/runner/work/develop/develop/packages/publications/tests/Feature/TranslationServiceProviderTest.php" tests="3" assertions="4" errors="0" failures="0" skipped="0" time="0.022103">
        <testcase name="testRegister" file="/home/runner/work/develop/develop/packages/publications/tests/Feature/TranslationServiceProviderTest.php" line="15" class="Hyde\Publications\Testing\Feature\TranslationServiceProviderTest" classname="Hyde.Publications.Testing.Feature.TranslationServiceProviderTest" assertions="2" time="0.007433"/>
        <testcase name="testBoot" file="/home/runner/work/develop/develop/packages/publications/tests/Feature/TranslationServiceProviderTest.php" line="23" class="Hyde\Publications\Testing\Feature\TranslationServiceProviderTest" classname="Hyde.Publications.Testing.Feature.TranslationServiceProviderTest" assertions="1" time="0.006932"/>
        <testcase name="testValidation" file="/home/runner/work/develop/develop/packages/publications/tests/Feature/TranslationServiceProviderTest.php" line="30" class="Hyde\Publications\Testing\Feature\TranslationServiceProviderTest" classname="Hyde.Publications.Testing.Feature.TranslationServiceProviderTest" assertions="1" time="0.007739"/>
      </testsuite>
      <testsuite name="Hyde\Publications\Testing\Feature\ValidatePublicationTypesCommandTest" file="/home/runner/work/develop/develop/packages/publications/tests/Feature/ValidatePublicationTypesCommandTest.php" tests="7" assertions="60" errors="0" failures="0" skipped="0" time="0.148894">
        <testcase name="testWithNoPublicationTypes" file="/home/runner/work/develop/develop/packages/publications/tests/Feature/ValidatePublicationTypesCommandTest.php" line="22" class="Hyde\Publications\Testing\Feature\ValidatePublicationTypesCommandTest" classname="Hyde.Publications.Testing.Feature.ValidatePublicationTypesCommandTest" assertions="3" time="0.011871"/>
        <testcase name="testWithValidSchemaFile" file="/home/runner/work/develop/develop/packages/publications/tests/Feature/ValidatePublicationTypesCommandTest.php" line="32" class="Hyde\Publications\Testing\Feature\ValidatePublicationTypesCommandTest" classname="Hyde.Publications.Testing.Feature.ValidatePublicationTypesCommandTest" assertions="6" time="0.017977"/>
        <testcase name="testWithInvalidSchemaFile" file="/home/runner/work/develop/develop/packages/publications/tests/Feature/ValidatePublicationTypesCommandTest.php" line="51" class="Hyde\Publications\Testing\Feature\ValidatePublicationTypesCommandTest" classname="Hyde.Publications.Testing.Feature.ValidatePublicationTypesCommandTest" assertions="19" time="0.027876"/>
        <testcase name="testWithMultiplePublicationTypes" file="/home/runner/work/develop/develop/packages/publications/tests/Feature/ValidatePublicationTypesCommandTest.php" line="103" class="Hyde\Publications\Testing\Feature\ValidatePublicationTypesCommandTest" classname="Hyde.Publications.Testing.Feature.ValidatePublicationTypesCommandTest" assertions="22" time="0.033045"/>
        <testcase name="testWithNoFields" file="/home/runner/work/develop/develop/packages/publications/tests/Feature/ValidatePublicationTypesCommandTest.php" line="161" class="Hyde\Publications\Testing\Feature\ValidatePublicationTypesCommandTest" classname="Hyde.Publications.Testing.Feature.ValidatePublicationTypesCommandTest" assertions="6" time="0.017550"/>
        <testcase name="testJsonOutputOption" file="/home/runner/work/develop/develop/packages/publications/tests/Feature/ValidatePublicationTypesCommandTest.php" line="176" class="Hyde\Publications\Testing\Feature\ValidatePublicationTypesCommandTest" classname="Hyde.Publications.Testing.Feature.ValidatePublicationTypesCommandTest" assertions="2" time="0.014312"/>
        <testcase name="testMultipleTypesWithJsonOutput" file="/home/runner/work/develop/develop/packages/publications/tests/Feature/ValidatePublicationTypesCommandTest.php" line="194" class="Hyde\Publications\Testing\Feature\ValidatePublicationTypesCommandTest" classname="Hyde.Publications.Testing.Feature.ValidatePublicationTypesCommandTest" assertions="2" time="0.026265"/>
      </testsuite>
      <testsuite name="Hyde\Publications\Testing\Feature\ValidatePublicationsCommandTest" file="/home/runner/work/develop/develop/packages/publications/tests/Feature/ValidatePublicationsCommandTest.php" tests="13" assertions="66" errors="0" failures="0" skipped="0" time="0.259920">
        <testcase name="testWithNoPublicationTypes" file="/home/runner/work/develop/develop/packages/publications/tests/Feature/ValidatePublicationsCommandTest.php" line="26" class="Hyde\Publications\Testing\Feature\ValidatePublicationsCommandTest" classname="Hyde.Publications.Testing.Feature.ValidatePublicationsCommandTest" assertions="2" time="0.012313"/>
        <testcase name="testWithInvalidPublicationType" file="/home/runner/work/develop/develop/packages/publications/tests/Feature/ValidatePublicationsCommandTest.php" line="35" class="Hyde\Publications\Testing\Feature\ValidatePublicationsCommandTest" classname="Hyde.Publications.Testing.Feature.ValidatePublicationsCommandTest" assertions="2" time="0.012132"/>
        <testcase name="testWithPublicationType" file="/home/runner/work/develop/develop/packages/publications/tests/Feature/ValidatePublicationsCommandTest.php" line="44" class="Hyde\Publications\Testing\Feature\ValidatePublicationsCommandTest" classname="Hyde.Publications.Testing.Feature.ValidatePublicationsCommandTest" assertions="4" time="0.019031"/>
        <testcase name="testWithPublicationTypeAndVerboseOutput" file="/home/runner/work/develop/develop/packages/publications/tests/Feature/ValidatePublicationsCommandTest.php" line="64" class="Hyde\Publications\Testing\Feature\ValidatePublicationsCommandTest" classname="Hyde.Publications.Testing.Feature.ValidatePublicationsCommandTest" assertions="4" time="0.018758"/>
        <testcase name="testWithInvalidPublication" file="/home/runner/work/develop/develop/packages/publications/tests/Feature/ValidatePublicationsCommandTest.php" line="84" class="Hyde\Publications\Testing\Feature\ValidatePublicationsCommandTest" classname="Hyde.Publications.Testing.Feature.ValidatePublicationsCommandTest" assertions="4" time="0.020161"/>
        <testcase name="testWithWarnedPublication" file="/home/runner/work/develop/develop/packages/publications/tests/Feature/ValidatePublicationsCommandTest.php" line="101" class="Hyde\Publications\Testing\Feature\ValidatePublicationsCommandTest" classname="Hyde.Publications.Testing.Feature.ValidatePublicationsCommandTest" assertions="4" time="0.019404"/>
        <testcase name="testWithMultiplePublicationTypes" file="/home/runner/work/develop/develop/packages/publications/tests/Feature/ValidatePublicationsCommandTest.php" line="120" class="Hyde\Publications\Testing\Feature\ValidatePublicationsCommandTest" classname="Hyde.Publications.Testing.Feature.ValidatePublicationsCommandTest" assertions="1" time="0.017674"/>
        <testcase name="testWithMultipleInvalidFields" file="/home/runner/work/develop/develop/packages/publications/tests/Feature/ValidatePublicationsCommandTest.php" line="131" class="Hyde\Publications\Testing\Feature\ValidatePublicationsCommandTest" classname="Hyde.Publications.Testing.Feature.ValidatePublicationsCommandTest" assertions="4" time="0.021780"/>
        <testcase name="testOnlySpecifiedTypeIsValidatedWhenUsingArgument" file="/home/runner/work/develop/develop/packages/publications/tests/Feature/ValidatePublicationsCommandTest.php" line="156" class="Hyde\Publications\Testing\Feature\ValidatePublicationsCommandTest" classname="Hyde.Publications.Testing.Feature.ValidatePublicationsCommandTest" assertions="1" time="0.018523"/>
        <testcase name="testOutput" file="/home/runner/work/develop/develop/packages/publications/tests/Feature/ValidatePublicationsCommandTest.php" line="167" class="Hyde\Publications\Testing\Feature\ValidatePublicationsCommandTest" classname="Hyde.Publications.Testing.Feature.ValidatePublicationsCommandTest" assertions="17" time="0.032356"/>
        <testcase name="testWithVerboseOutput" file="/home/runner/work/develop/develop/packages/publications/tests/Feature/ValidatePublicationsCommandTest.php" line="191" class="Hyde\Publications\Testing\Feature\ValidatePublicationsCommandTest" classname="Hyde.Publications.Testing.Feature.ValidatePublicationsCommandTest" assertions="19" time="0.032368"/>
        <testcase name="testWithJsonOutput" file="/home/runner/work/develop/develop/packages/publications/tests/Feature/ValidatePublicationsCommandTest.php" line="217" class="Hyde\Publications\Testing\Feature\ValidatePublicationsCommandTest" classname="Hyde.Publications.Testing.Feature.ValidatePublicationsCommandTest" assertions="2" time="0.022010"/>
        <testcase name="testWithJsonOutputWithNoPublications" file="/home/runner/work/develop/develop/packages/publications/tests/Feature/ValidatePublicationsCommandTest.php" line="248" class="Hyde\Publications\Testing\Feature\ValidatePublicationsCommandTest" classname="Hyde.Publications.Testing.Feature.ValidatePublicationsCommandTest" assertions="2" time="0.013410"/>
      </testsuite>
      <testsuite name="Hyde\Publications\Testing\Feature\ValidatingCommandTest" file="/home/runner/work/develop/develop/packages/publications/tests/Feature/ValidatingCommandTest.php" tests="7" assertions="24" errors="0" failures="0" skipped="0" time="0.082369">
        <testcase name="testAskWithValidationCapturesInput" file="/home/runner/work/develop/develop/packages/publications/tests/Feature/ValidatingCommandTest.php" line="25" class="Hyde\Publications\Testing\Feature\ValidatingCommandTest" classname="Hyde.Publications.Testing.Feature.ValidatingCommandTest" assertions="2" time="0.008073"/>
        <testcase name="testAskWithValidationRetries" file="/home/runner/work/develop/develop/packages/publications/tests/Feature/ValidatingCommandTest.php" line="42" class="Hyde\Publications\Testing\Feature\ValidatingCommandTest" classname="Hyde.Publications.Testing.Feature.ValidatingCommandTest" assertions="3" time="0.009591"/>
        <testcase name="testAskWithValidationRetriesTooManyTimes" file="/home/runner/work/develop/develop/packages/publications/tests/Feature/ValidatingCommandTest.php" line="63" class="Hyde\Publications\Testing\Feature\ValidatingCommandTest" classname="Hyde.Publications.Testing.Feature.ValidatingCommandTest" assertions="4" time="0.028418"/>
        <testcase name="testAskWithValidationNormalizesBooleanInput" file="/home/runner/work/develop/develop/packages/publications/tests/Feature/ValidatingCommandTest.php" line="87" class="Hyde\Publications\Testing\Feature\ValidatingCommandTest" classname="Hyde.Publications.Testing.Feature.ValidatingCommandTest" assertions="3" time="0.008407"/>
        <testcase name="testValidationIsCalled" file="/home/runner/work/develop/develop/packages/publications/tests/Feature/ValidatingCommandTest.php" line="111" class="Hyde\Publications\Testing\Feature\ValidatingCommandTest" classname="Hyde.Publications.Testing.Feature.ValidatingCommandTest" assertions="4" time="0.011297"/>
        <testcase name="testReloadableChoiceHelper" file="/home/runner/work/develop/develop/packages/publications/tests/Feature/ValidatingCommandTest.php" line="130" class="Hyde\Publications\Testing\Feature\ValidatingCommandTest" classname="Hyde.Publications.Testing.Feature.ValidatingCommandTest" assertions="3" time="0.008157"/>
        <testcase name="testReloadableChoiceHelperSelectingReload" file="/home/runner/work/develop/develop/packages/publications/tests/Feature/ValidatingCommandTest.php" line="152" class="Hyde\Publications\Testing\Feature\ValidatingCommandTest" classname="Hyde.Publications.Testing.Feature.ValidatingCommandTest" assertions="5" time="0.008426"/>
      </testsuite>
    </testsuite>
    <testsuite name="Realtime Compiler" tests="11" assertions="41" errors="0" failures="0" skipped="0" time="0.605716">
      <testsuite name="P\Packages\realtimecompiler\tests\RealtimeCompilerTest" file="/home/runner/work/develop/develop/vendor/pestphp/pest/src/Factories/TestCaseFactory.php(196) : eval()'d code" tests="11" assertions="41" errors="0" failures="0" skipped="0" time="0.605716">
        <testcase name="__pest_evaluable_handle_routes_index_page" file="/home/runner/work/develop/develop/vendor/pestphp/pest/src/Factories/TestCaseFactory.php(196) : eval()'d code" line="22" class="P\Packages\realtimecompiler\tests\RealtimeCompilerTest" classname="P.Packages.realtimecompiler.tests.RealtimeCompilerTest" assertions="6" time="0.062341"/>
        <testcase name="__pest_evaluable_handle_routes_custom_pages" file="/home/runner/work/develop/develop/vendor/pestphp/pest/src/Factories/TestCaseFactory.php(196) : eval()'d code" line="37" class="P\Packages\realtimecompiler\tests\RealtimeCompilerTest" classname="P.Packages.realtimecompiler.tests.RealtimeCompilerTest" assertions="4" time="0.063655"/>
        <testcase name="__pest_evaluable_handle_routes_pages_with__html_extension" file="/home/runner/work/develop/develop/vendor/pestphp/pest/src/Factories/TestCaseFactory.php(196) : eval()'d code" line="52" class="P\Packages\realtimecompiler\tests\RealtimeCompilerTest" classname="P.Packages.realtimecompiler.tests.RealtimeCompilerTest" assertions="4" time="0.072993"/>
        <testcase name="__pest_evaluable_handle_routes_static_assets" file="/home/runner/work/develop/develop/vendor/pestphp/pest/src/Factories/TestCaseFactory.php(196) : eval()'d code" line="67" class="P\Packages\realtimecompiler\tests\RealtimeCompilerTest" classname="P.Packages.realtimecompiler.tests.RealtimeCompilerTest" assertions="4" time="0.006586"/>
        <testcase name="__pest_evaluable_handle_throws_route_not_found_exception_for_missing_route" file="/home/runner/work/develop/develop/vendor/pestphp/pest/src/Factories/TestCaseFactory.php(196) : eval()'d code" line="82" class="P\Packages\realtimecompiler\tests\RealtimeCompilerTest" classname="P.Packages.realtimecompiler.tests.RealtimeCompilerTest" assertions="2" time="0.068147"/>
        <testcase name="__pest_evaluable_handle_sends_404_error_response_for_missing_asset" file="/home/runner/work/develop/develop/vendor/pestphp/pest/src/Factories/TestCaseFactory.php(196) : eval()'d code" line="97" class="P\Packages\realtimecompiler\tests\RealtimeCompilerTest" classname="P.Packages.realtimecompiler.tests.RealtimeCompilerTest" assertions="3" time="0.005747"/>
        <testcase name="__pest_evaluable_trailing_slashes_are_normalized_from_route" file="/home/runner/work/develop/develop/vendor/pestphp/pest/src/Factories/TestCaseFactory.php(196) : eval()'d code" line="112" class="P\Packages\realtimecompiler\tests\RealtimeCompilerTest" classname="P.Packages.realtimecompiler.tests.RealtimeCompilerTest" assertions="4" time="0.093971"/>
        <testcase name="__pest_evaluable_docs_uri_path_is_rerouted_to_docs_index" file="/home/runner/work/develop/develop/vendor/pestphp/pest/src/Factories/TestCaseFactory.php(196) : eval()'d code" line="127" class="P\Packages\realtimecompiler\tests\RealtimeCompilerTest" classname="P.Packages.realtimecompiler.tests.RealtimeCompilerTest" assertions="4" time="0.106109"/>
        <testcase name="__pest_evaluable_docs_search_renders_search_page" file="/home/runner/work/develop/develop/vendor/pestphp/pest/src/Factories/TestCaseFactory.php(196) : eval()'d code" line="142" class="P\Packages\realtimecompiler\tests\RealtimeCompilerTest" classname="P.Packages.realtimecompiler.tests.RealtimeCompilerTest" assertions="4" time="0.110187"/>
        <testcase name="__pest_evaluable_ping_route_returns_ping_response" file="/home/runner/work/develop/develop/vendor/pestphp/pest/src/Factories/TestCaseFactory.php(196) : eval()'d code" line="157" class="P\Packages\realtimecompiler\tests\RealtimeCompilerTest" classname="P.Packages.realtimecompiler.tests.RealtimeCompilerTest" assertions="3" time="0.005987"/>
        <testcase name="__pest_evaluable_exception_handling" file="/home/runner/work/develop/develop/vendor/pestphp/pest/src/Factories/TestCaseFactory.php(196) : eval()'d code" line="172" class="P\Packages\realtimecompiler\tests\RealtimeCompilerTest" classname="P.Packages.realtimecompiler.tests.RealtimeCompilerTest" assertions="3" time="0.009992"/>
      </testsuite>
    </testsuite>
  </testsuite>
</testsuites>
