<?xml version="1.0" encoding="UTF-8"?>
<testsuites>
  <testsuite name="/home/runner/work/develop/develop/phpunit.xml.dist" tests="2537" assertions="4957" errors="0" failures="0" skipped="6" time="17.067655">
    <testsuite name="FeatureHyde" tests="6" assertions="17" errors="0" failures="0" skipped="0" time="1.392929">
      <testsuite name="Hyde\Testing\Hyde\DefaultContentTest" file="/home/runner/work/develop/develop/packages/hyde/tests/DefaultContentTest.php" tests="3" assertions="12" errors="0" failures="0" skipped="0" time="0.517002">
        <testcase name="testDefaultPagesArePresent" file="/home/runner/work/develop/develop/packages/hyde/tests/DefaultContentTest.php" line="17" class="Hyde\Testing\Hyde\DefaultContentTest" classname="Hyde.Testing.Hyde.DefaultContentTest" assertions="4" time="0.513377"/>
        <testcase name="testDefaultCompiledStylesheetIsPresent" file="/home/runner/work/develop/develop/packages/hyde/tests/DefaultContentTest.php" line="33" class="Hyde\Testing\Hyde\DefaultContentTest" classname="Hyde.Testing.Hyde.DefaultContentTest" assertions="2" time="0.001713"/>
        <testcase name="testLaravelMixResourcesArePresent" file="/home/runner/work/develop/develop/packages/hyde/tests/DefaultContentTest.php" line="43" class="Hyde\Testing\Hyde\DefaultContentTest" classname="Hyde.Testing.Hyde.DefaultContentTest" assertions="6" time="0.001913"/>
      </testsuite>
      <testsuite name="Hyde\Testing\Hyde\ExampleTest" file="/home/runner/work/develop/develop/packages/hyde/tests/ExampleTest.php" tests="1" assertions="1" errors="0" failures="0" skipped="0" time="0.001911">
        <testcase name="testExample" file="/home/runner/work/develop/develop/packages/hyde/tests/ExampleTest.php" line="11" class="Hyde\Testing\Hyde\ExampleTest" classname="Hyde.Testing.Hyde.ExampleTest" assertions="1" time="0.001911"/>
      </testsuite>
      <testsuite name="Hyde\Testing\Hyde\HydeCLITest" file="/home/runner/work/develop/develop/packages/hyde/tests/HydeCLITest.php" tests="1" assertions="2" errors="0" failures="0" skipped="0" time="0.587271">
        <testcase name="testCanShowHydeConsole" file="/home/runner/work/develop/develop/packages/hyde/tests/HydeCLITest.php" line="11" class="Hyde\Testing\Hyde\HydeCLITest" classname="Hyde.Testing.Hyde.HydeCLITest" assertions="2" time="0.587271"/>
      </testsuite>
      <testsuite name="Hyde\Testing\Hyde\StaticSiteBuilderTest" file="/home/runner/work/develop/develop/packages/hyde/tests/StaticSiteBuilderTest.php" tests="1" assertions="2" errors="0" failures="0" skipped="0" time="0.286745">
        <testcase name="testCanBuildStaticSite" file="/home/runner/work/develop/develop/packages/hyde/tests/StaticSiteBuilderTest.php" line="13" class="Hyde\Testing\Hyde\StaticSiteBuilderTest" classname="Hyde.Testing.Hyde.StaticSiteBuilderTest" assertions="2" time="0.286745"/>
      </testsuite>
    </testsuite>
    <testsuite name="FeatureFramework" tests="1277" assertions="2665" errors="0" failures="0" skipped="3" time="8.415253">
      <testsuite name="Hyde\Framework\Testing\Feature\Actions\AnonymousViewCompilerTest" file="/home/runner/work/develop/develop/packages/framework/tests/Feature/Actions/AnonymousViewCompilerTest.php" tests="3" assertions="4" errors="0" failures="0" skipped="0" time="0.021932">
        <testcase name="testCanCompileBladeFile" file="/home/runner/work/develop/develop/packages/framework/tests/Feature/Actions/AnonymousViewCompilerTest.php" line="16" class="Hyde\Framework\Testing\Feature\Actions\AnonymousViewCompilerTest" classname="Hyde.Framework.Testing.Feature.Actions.AnonymousViewCompilerTest" assertions="1" time="0.010577"/>
        <testcase name="testCanCompileBladeFileWithData" file="/home/runner/work/develop/develop/packages/framework/tests/Feature/Actions/AnonymousViewCompilerTest.php" line="23" class="Hyde\Framework\Testing\Feature\Actions\AnonymousViewCompilerTest" classname="Hyde.Framework.Testing.Feature.Actions.AnonymousViewCompilerTest" assertions="1" time="0.004377"/>
        <testcase name="testWithMissingView" file="/home/runner/work/develop/develop/packages/framework/tests/Feature/Actions/AnonymousViewCompilerTest.php" line="30" class="Hyde\Framework\Testing\Feature\Actions\AnonymousViewCompilerTest" classname="Hyde.Framework.Testing.Feature.Actions.AnonymousViewCompilerTest" assertions="2" time="0.006978"/>
      </testsuite>
      <testsuite name="Hyde\Framework\Testing\Feature\Actions\ConvertsMarkdownToPlainTextTest" file="/home/runner/work/develop/develop/packages/framework/tests/Feature/Actions/ConvertsMarkdownToPlainTextTest.php" tests="28" assertions="28" errors="0" failures="0" skipped="0" time="0.112861">
        <testcase name="testItRemovesHeadings" file="/home/runner/work/develop/develop/packages/framework/tests/Feature/Actions/ConvertsMarkdownToPlainTextTest.php" line="15" class="Hyde\Framework\Testing\Feature\Actions\ConvertsMarkdownToPlainTextTest" classname="Hyde.Framework.Testing.Feature.Actions.ConvertsMarkdownToPlainTextTest" assertions="1" time="0.030009"/>
        <testcase name="testItRemovesHeadingsAlternateSyntax" file="/home/runner/work/develop/develop/packages/framework/tests/Feature/Actions/ConvertsMarkdownToPlainTextTest.php" line="38" class="Hyde\Framework\Testing\Feature\Actions\ConvertsMarkdownToPlainTextTest" classname="Hyde.Framework.Testing.Feature.Actions.ConvertsMarkdownToPlainTextTest" assertions="1" time="0.003021"/>
        <testcase name="testItRemovesParagraphs" file="/home/runner/work/develop/develop/packages/framework/tests/Feature/Actions/ConvertsMarkdownToPlainTextTest.php" line="58" class="Hyde\Framework\Testing\Feature\Actions\ConvertsMarkdownToPlainTextTest" classname="Hyde.Framework.Testing.Feature.Actions.ConvertsMarkdownToPlainTextTest" assertions="1" time="0.002959"/>
        <testcase name="testItRemovesParagraphsMultiline" file="/home/runner/work/develop/develop/packages/framework/tests/Feature/Actions/ConvertsMarkdownToPlainTextTest.php" line="75" class="Hyde\Framework\Testing\Feature\Actions\ConvertsMarkdownToPlainTextTest" classname="Hyde.Framework.Testing.Feature.Actions.ConvertsMarkdownToPlainTextTest" assertions="1" time="0.002984"/>
        <testcase name="testItRemovesLinebreaks" file="/home/runner/work/develop/develop/packages/framework/tests/Feature/Actions/ConvertsMarkdownToPlainTextTest.php" line="90" class="Hyde\Framework\Testing\Feature\Actions\ConvertsMarkdownToPlainTextTest" classname="Hyde.Framework.Testing.Feature.Actions.ConvertsMarkdownToPlainTextTest" assertions="1" time="0.003019"/>
        <testcase name="testItRemovesBold" file="/home/runner/work/develop/develop/packages/framework/tests/Feature/Actions/ConvertsMarkdownToPlainTextTest.php" line="111" class="Hyde\Framework\Testing\Feature\Actions\ConvertsMarkdownToPlainTextTest" classname="Hyde.Framework.Testing.Feature.Actions.ConvertsMarkdownToPlainTextTest" assertions="1" time="0.002992"/>
        <testcase name="testItRemovesItalic" file="/home/runner/work/develop/develop/packages/framework/tests/Feature/Actions/ConvertsMarkdownToPlainTextTest.php" line="128" class="Hyde\Framework\Testing\Feature\Actions\ConvertsMarkdownToPlainTextTest" classname="Hyde.Framework.Testing.Feature.Actions.ConvertsMarkdownToPlainTextTest" assertions="1" time="0.002991"/>
        <testcase name="testItRemovesBoldAndItalic" file="/home/runner/work/develop/develop/packages/framework/tests/Feature/Actions/ConvertsMarkdownToPlainTextTest.php" line="145" class="Hyde\Framework\Testing\Feature\Actions\ConvertsMarkdownToPlainTextTest" classname="Hyde.Framework.Testing.Feature.Actions.ConvertsMarkdownToPlainTextTest" assertions="1" time="0.003017"/>
        <testcase name="testItRemovesBlockquotes" file="/home/runner/work/develop/develop/packages/framework/tests/Feature/Actions/ConvertsMarkdownToPlainTextTest.php" line="166" class="Hyde\Framework\Testing\Feature\Actions\ConvertsMarkdownToPlainTextTest" classname="Hyde.Framework.Testing.Feature.Actions.ConvertsMarkdownToPlainTextTest" assertions="1" time="0.003002"/>
        <testcase name="testItRemovesBlockquotesWithMultipleParagraphs" file="/home/runner/work/develop/develop/packages/framework/tests/Feature/Actions/ConvertsMarkdownToPlainTextTest.php" line="179" class="Hyde\Framework\Testing\Feature\Actions\ConvertsMarkdownToPlainTextTest" classname="Hyde.Framework.Testing.Feature.Actions.ConvertsMarkdownToPlainTextTest" assertions="1" time="0.003068"/>
        <testcase name="testItRemovesOrderedLists" file="/home/runner/work/develop/develop/packages/framework/tests/Feature/Actions/ConvertsMarkdownToPlainTextTest.php" line="196" class="Hyde\Framework\Testing\Feature\Actions\ConvertsMarkdownToPlainTextTest" classname="Hyde.Framework.Testing.Feature.Actions.ConvertsMarkdownToPlainTextTest" assertions="1" time="0.003059"/>
        <testcase name="testItRemovesUnorderedLists" file="/home/runner/work/develop/develop/packages/framework/tests/Feature/Actions/ConvertsMarkdownToPlainTextTest.php" line="215" class="Hyde\Framework\Testing\Feature\Actions\ConvertsMarkdownToPlainTextTest" classname="Hyde.Framework.Testing.Feature.Actions.ConvertsMarkdownToPlainTextTest" assertions="1" time="0.003096"/>
        <testcase name="testItRemovesCode" file="/home/runner/work/develop/develop/packages/framework/tests/Feature/Actions/ConvertsMarkdownToPlainTextTest.php" line="246" class="Hyde\Framework\Testing\Feature\Actions\ConvertsMarkdownToPlainTextTest" classname="Hyde.Framework.Testing.Feature.Actions.ConvertsMarkdownToPlainTextTest" assertions="1" time="0.002965"/>
        <testcase name="testItRemovesCodeBlocks" file="/home/runner/work/develop/develop/packages/framework/tests/Feature/Actions/ConvertsMarkdownToPlainTextTest.php" line="259" class="Hyde\Framework\Testing\Feature\Actions\ConvertsMarkdownToPlainTextTest" classname="Hyde.Framework.Testing.Feature.Actions.ConvertsMarkdownToPlainTextTest" assertions="1" time="0.002973"/>
        <testcase name="testItRemovesHorizontalRules" file="/home/runner/work/develop/develop/packages/framework/tests/Feature/Actions/ConvertsMarkdownToPlainTextTest.php" line="272" class="Hyde\Framework\Testing\Feature\Actions\ConvertsMarkdownToPlainTextTest" classname="Hyde.Framework.Testing.Feature.Actions.ConvertsMarkdownToPlainTextTest" assertions="1" time="0.003004"/>
        <testcase name="testItRemovesLinks" file="/home/runner/work/develop/develop/packages/framework/tests/Feature/Actions/ConvertsMarkdownToPlainTextTest.php" line="289" class="Hyde\Framework\Testing\Feature\Actions\ConvertsMarkdownToPlainTextTest" classname="Hyde.Framework.Testing.Feature.Actions.ConvertsMarkdownToPlainTextTest" assertions="1" time="0.003136"/>
        <testcase name="testItRemovesImages" file="/home/runner/work/develop/develop/packages/framework/tests/Feature/Actions/ConvertsMarkdownToPlainTextTest.php" line="325" class="Hyde\Framework\Testing\Feature\Actions\ConvertsMarkdownToPlainTextTest" classname="Hyde.Framework.Testing.Feature.Actions.ConvertsMarkdownToPlainTextTest" assertions="1" time="0.003172"/>
        <testcase name="testItRemovesLinkingImages" file="/home/runner/work/develop/develop/packages/framework/tests/Feature/Actions/ConvertsMarkdownToPlainTextTest.php" line="340" class="Hyde\Framework\Testing\Feature\Actions\ConvertsMarkdownToPlainTextTest" classname="Hyde.Framework.Testing.Feature.Actions.ConvertsMarkdownToPlainTextTest" assertions="1" time="0.003120"/>
        <testcase name="testItRemovesHtml" file="/home/runner/work/develop/develop/packages/framework/tests/Feature/Actions/ConvertsMarkdownToPlainTextTest.php" line="353" class="Hyde\Framework\Testing\Feature\Actions\ConvertsMarkdownToPlainTextTest" classname="Hyde.Framework.Testing.Feature.Actions.ConvertsMarkdownToPlainTextTest" assertions="1" time="0.003141"/>
        <testcase name="testItRemovesFootnotes" file="/home/runner/work/develop/develop/packages/framework/tests/Feature/Actions/ConvertsMarkdownToPlainTextTest.php" line="380" class="Hyde\Framework\Testing\Feature\Actions\ConvertsMarkdownToPlainTextTest" classname="Hyde.Framework.Testing.Feature.Actions.ConvertsMarkdownToPlainTextTest" assertions="1" time="0.003086"/>
        <testcase name="testItRemovesFootnotesAlternate" file="/home/runner/work/develop/develop/packages/framework/tests/Feature/Actions/ConvertsMarkdownToPlainTextTest.php" line="397" class="Hyde\Framework\Testing\Feature\Actions\ConvertsMarkdownToPlainTextTest" classname="Hyde.Framework.Testing.Feature.Actions.ConvertsMarkdownToPlainTextTest" assertions="1" time="0.003113"/>
        <testcase name="testItReplacesConsecutivelyOccurringNewlines" file="/home/runner/work/develop/develop/packages/framework/tests/Feature/Actions/ConvertsMarkdownToPlainTextTest.php" line="414" class="Hyde\Framework\Testing\Feature\Actions\ConvertsMarkdownToPlainTextTest" classname="Hyde.Framework.Testing.Feature.Actions.ConvertsMarkdownToPlainTextTest" assertions="1" time="0.003156"/>
        <testcase name="testItRemovesFencedCodeBlocks" file="/home/runner/work/develop/develop/packages/framework/tests/Feature/Actions/ConvertsMarkdownToPlainTextTest.php" line="439" class="Hyde\Framework\Testing\Feature\Actions\ConvertsMarkdownToPlainTextTest" classname="Hyde.Framework.Testing.Feature.Actions.ConvertsMarkdownToPlainTextTest" assertions="1" time="0.003129"/>
        <testcase name="testItRemovesFencedCodeBlocksAlternate" file="/home/runner/work/develop/develop/packages/framework/tests/Feature/Actions/ConvertsMarkdownToPlainTextTest.php" line="455" class="Hyde\Framework\Testing\Feature\Actions\ConvertsMarkdownToPlainTextTest" classname="Hyde.Framework.Testing.Feature.Actions.ConvertsMarkdownToPlainTextTest" assertions="1" time="0.003135"/>
        <testcase name="testItRemovesTables" file="/home/runner/work/develop/develop/packages/framework/tests/Feature/Actions/ConvertsMarkdownToPlainTextTest.php" line="471" class="Hyde\Framework\Testing\Feature\Actions\ConvertsMarkdownToPlainTextTest" classname="Hyde.Framework.Testing.Feature.Actions.ConvertsMarkdownToPlainTextTest" assertions="1" time="0.003150"/>
        <testcase name="testItTrimsIndentation" file="/home/runner/work/develop/develop/packages/framework/tests/Feature/Actions/ConvertsMarkdownToPlainTextTest.php" line="490" class="Hyde\Framework\Testing\Feature\Actions\ConvertsMarkdownToPlainTextTest" classname="Hyde.Framework.Testing.Feature.Actions.ConvertsMarkdownToPlainTextTest" assertions="1" time="0.003143"/>
        <testcase name="testWithEmptyString" file="/home/runner/work/develop/develop/packages/framework/tests/Feature/Actions/ConvertsMarkdownToPlainTextTest.php" line="507" class="Hyde\Framework\Testing\Feature\Actions\ConvertsMarkdownToPlainTextTest" classname="Hyde.Framework.Testing.Feature.Actions.ConvertsMarkdownToPlainTextTest" assertions="1" time="0.003105"/>
        <testcase name="testWithOnlyEmptyLines" file="/home/runner/work/develop/develop/packages/framework/tests/Feature/Actions/ConvertsMarkdownToPlainTextTest.php" line="512" class="Hyde\Framework\Testing\Feature\Actions\ConvertsMarkdownToPlainTextTest" classname="Hyde.Framework.Testing.Feature.Actions.ConvertsMarkdownToPlainTextTest" assertions="1" time="0.003116"/>
      </testsuite>
      <testsuite name="Hyde\Framework\Testing\Feature\Actions\CreatesNewPageSourceFileTest" file="/home/runner/work/develop/develop/packages/framework/tests/Feature/Actions/CreatesNewPageSourceFileTest.php" tests="15" assertions="28" errors="0" failures="0" skipped="0" time="0.119611">
        <testcase name="testClassCanBeInstantiated" file="/home/runner/work/develop/develop/packages/framework/tests/Feature/Actions/CreatesNewPageSourceFileTest.php" line="21" class="Hyde\Framework\Testing\Feature\Actions\CreatesNewPageSourceFileTest" classname="Hyde.Framework.Testing.Feature.Actions.CreatesNewPageSourceFileTest" assertions="1" time="0.035437"/>
        <testcase name="testThatAnExceptionIsThrownForInvalidPageType" file="/home/runner/work/develop/develop/packages/framework/tests/Feature/Actions/CreatesNewPageSourceFileTest.php" line="29" class="Hyde\Framework\Testing\Feature\Actions\CreatesNewPageSourceFileTest" classname="Hyde.Framework.Testing.Feature.Actions.CreatesNewPageSourceFileTest" assertions="2" time="0.006194"/>
        <testcase name="testThatAnExceptionIsThrownIfFileAlreadyExistsAndOverwriteIsFalse" file="/home/runner/work/develop/develop/packages/framework/tests/Feature/Actions/CreatesNewPageSourceFileTest.php" line="37" class="Hyde\Framework\Testing\Feature\Actions\CreatesNewPageSourceFileTest" classname="Hyde.Framework.Testing.Feature.Actions.CreatesNewPageSourceFileTest" assertions="3" time="0.007163"/>
        <testcase name="testThatCanSaveFileReturnsTrueIfFileAlreadyExistsAndOverwriteIsTrue" file="/home/runner/work/develop/develop/packages/framework/tests/Feature/Actions/CreatesNewPageSourceFileTest.php" line="50" class="Hyde\Framework\Testing\Feature\Actions\CreatesNewPageSourceFileTest" classname="Hyde.Framework.Testing.Feature.Actions.CreatesNewPageSourceFileTest" assertions="1" time="0.019350"/>
        <testcase name="testExceptionIsThrownForConflictingBladePages" file="/home/runner/work/develop/develop/packages/framework/tests/Feature/Actions/CreatesNewPageSourceFileTest.php" line="59" class="Hyde\Framework\Testing\Feature\Actions\CreatesNewPageSourceFileTest" classname="Hyde.Framework.Testing.Feature.Actions.CreatesNewPageSourceFileTest" assertions="3" time="0.003849"/>
        <testcase name="testExceptionIsThrownForConflictingDocumentationPages" file="/home/runner/work/develop/develop/packages/framework/tests/Feature/Actions/CreatesNewPageSourceFileTest.php" line="72" class="Hyde\Framework\Testing\Feature\Actions\CreatesNewPageSourceFileTest" classname="Hyde.Framework.Testing.Feature.Actions.CreatesNewPageSourceFileTest" assertions="3" time="0.003945"/>
        <testcase name="testThatAMarkdownFileCanBeCreatedAndContainsExpectedContent" file="/home/runner/work/develop/develop/packages/framework/tests/Feature/Actions/CreatesNewPageSourceFileTest.php" line="85" class="Hyde\Framework\Testing\Feature\Actions\CreatesNewPageSourceFileTest" classname="Hyde.Framework.Testing.Feature.Actions.CreatesNewPageSourceFileTest" assertions="2" time="0.005113"/>
        <testcase name="testThatABladeFileCanBeCreatedAndContainsExpectedContent" file="/home/runner/work/develop/develop/packages/framework/tests/Feature/Actions/CreatesNewPageSourceFileTest.php" line="98" class="Hyde\Framework\Testing\Feature\Actions\CreatesNewPageSourceFileTest" classname="Hyde.Framework.Testing.Feature.Actions.CreatesNewPageSourceFileTest" assertions="2" time="0.003762"/>
        <testcase name="testThatADocumentationFileCanBeCreatedAndContainsExpectedContent" file="/home/runner/work/develop/develop/packages/framework/tests/Feature/Actions/CreatesNewPageSourceFileTest.php" line="122" class="Hyde\Framework\Testing\Feature\Actions\CreatesNewPageSourceFileTest" classname="Hyde.Framework.Testing.Feature.Actions.CreatesNewPageSourceFileTest" assertions="2" time="0.005193"/>
        <testcase name="testThatAMarkdownFileCanBeCreatedWithCustomContent" file="/home/runner/work/develop/develop/packages/framework/tests/Feature/Actions/CreatesNewPageSourceFileTest.php" line="136" class="Hyde\Framework\Testing\Feature\Actions\CreatesNewPageSourceFileTest" classname="Hyde.Framework.Testing.Feature.Actions.CreatesNewPageSourceFileTest" assertions="2" time="0.005079"/>
        <testcase name="testThatABladeFileCanBeCreatedWithCustomContent" file="/home/runner/work/develop/develop/packages/framework/tests/Feature/Actions/CreatesNewPageSourceFileTest.php" line="159" class="Hyde\Framework\Testing\Feature\Actions\CreatesNewPageSourceFileTest" classname="Hyde.Framework.Testing.Feature.Actions.CreatesNewPageSourceFileTest" assertions="2" time="0.003721"/>
        <testcase name="testThatTheFilePathCanBeReturned" file="/home/runner/work/develop/develop/packages/framework/tests/Feature/Actions/CreatesNewPageSourceFileTest.php" line="187" class="Hyde\Framework\Testing\Feature\Actions\CreatesNewPageSourceFileTest" classname="Hyde.Framework.Testing.Feature.Actions.CreatesNewPageSourceFileTest" assertions="2" time="0.005446"/>
        <testcase name="testFileIsCreatedUsingSlugGeneratedFromTitle" file="/home/runner/work/develop/develop/packages/framework/tests/Feature/Actions/CreatesNewPageSourceFileTest.php" line="203" class="Hyde\Framework\Testing\Feature\Actions\CreatesNewPageSourceFileTest" classname="Hyde.Framework.Testing.Feature.Actions.CreatesNewPageSourceFileTest" assertions="1" time="0.004959"/>
        <testcase name="testActionCanGenerateNestedPages" file="/home/runner/work/develop/develop/packages/framework/tests/Feature/Actions/CreatesNewPageSourceFileTest.php" line="210" class="Hyde\Framework\Testing\Feature\Actions\CreatesNewPageSourceFileTest" classname="Hyde.Framework.Testing.Feature.Actions.CreatesNewPageSourceFileTest" assertions="1" time="0.005165"/>
        <testcase name="testCanCreateDeeplyNestedPages" file="/home/runner/work/develop/develop/packages/framework/tests/Feature/Actions/CreatesNewPageSourceFileTest.php" line="217" class="Hyde\Framework\Testing\Feature\Actions\CreatesNewPageSourceFileTest" classname="Hyde.Framework.Testing.Feature.Actions.CreatesNewPageSourceFileTest" assertions="1" time="0.005237"/>
      </testsuite>
      <testsuite name="Hyde\Framework\Testing\Feature\Actions\GeneratesSidebarTableOfContentsTest" file="/home/runner/work/develop/develop/packages/framework/tests/Feature/Actions/GeneratesSidebarTableOfContentsTest.php" tests="9" assertions="13" errors="0" failures="0" skipped="0" time="0.079655">
        <testcase name="testCanGenerateTableOfContents" file="/home/runner/work/develop/develop/packages/framework/tests/Feature/Actions/GeneratesSidebarTableOfContentsTest.php" line="22" class="Hyde\Framework\Testing\Feature\Actions\GeneratesSidebarTableOfContentsTest" classname="Hyde.Framework.Testing.Feature.Actions.GeneratesSidebarTableOfContentsTest" assertions="4" time="0.032204"/>
        <testcase name="testReturnStringContainsExpectedContent" file="/home/runner/work/develop/develop/packages/framework/tests/Feature/Actions/GeneratesSidebarTableOfContentsTest.php" line="33" class="Hyde\Framework\Testing\Feature\Actions\GeneratesSidebarTableOfContentsTest" classname="Hyde.Framework.Testing.Feature.Actions.GeneratesSidebarTableOfContentsTest" assertions="1" time="0.003845"/>
        <testcase name="testCanGenerateTableOfContentsForDocumentUsingSetextHeaders" file="/home/runner/work/develop/develop/packages/framework/tests/Feature/Actions/GeneratesSidebarTableOfContentsTest.php" line="56" class="Hyde\Framework\Testing\Feature\Actions\GeneratesSidebarTableOfContentsTest" classname="Hyde.Framework.Testing.Feature.Actions.GeneratesSidebarTableOfContentsTest" assertions="2" time="0.017389"/>
        <testcase name="testNonHeadingMarkdownIsRemoved" file="/home/runner/work/develop/develop/packages/framework/tests/Feature/Actions/GeneratesSidebarTableOfContentsTest.php" line="91" class="Hyde\Framework\Testing\Feature\Actions\GeneratesSidebarTableOfContentsTest" classname="Hyde.Framework.Testing.Feature.Actions.GeneratesSidebarTableOfContentsTest" assertions="1" time="0.006341"/>
        <testcase name="testWithNoLevelOneHeading" file="/home/runner/work/develop/develop/packages/framework/tests/Feature/Actions/GeneratesSidebarTableOfContentsTest.php" line="114" class="Hyde\Framework\Testing\Feature\Actions\GeneratesSidebarTableOfContentsTest" classname="Hyde.Framework.Testing.Feature.Actions.GeneratesSidebarTableOfContentsTest" assertions="1" time="0.003613"/>
        <testcase name="testWithMultipleNestedHeadings" file="/home/runner/work/develop/develop/packages/framework/tests/Feature/Actions/GeneratesSidebarTableOfContentsTest.php" line="136" class="Hyde\Framework\Testing\Feature\Actions\GeneratesSidebarTableOfContentsTest" classname="Hyde.Framework.Testing.Feature.Actions.GeneratesSidebarTableOfContentsTest" assertions="1" time="0.005825"/>
        <testcase name="testWithMultipleLevelOneHeadings" file="/home/runner/work/develop/develop/packages/framework/tests/Feature/Actions/GeneratesSidebarTableOfContentsTest.php" line="192" class="Hyde\Framework\Testing\Feature\Actions\GeneratesSidebarTableOfContentsTest" classname="Hyde.Framework.Testing.Feature.Actions.GeneratesSidebarTableOfContentsTest" assertions="1" time="0.004535"/>
        <testcase name="testWithNoHeadings" file="/home/runner/work/develop/develop/packages/framework/tests/Feature/Actions/GeneratesSidebarTableOfContentsTest.php" line="226" class="Hyde\Framework\Testing\Feature\Actions\GeneratesSidebarTableOfContentsTest" classname="Hyde.Framework.Testing.Feature.Actions.GeneratesSidebarTableOfContentsTest" assertions="1" time="0.003204"/>
        <testcase name="testWithNoContent" file="/home/runner/work/develop/develop/packages/framework/tests/Feature/Actions/GeneratesSidebarTableOfContentsTest.php" line="231" class="Hyde\Framework\Testing\Feature\Actions\GeneratesSidebarTableOfContentsTest" classname="Hyde.Framework.Testing.Feature.Actions.GeneratesSidebarTableOfContentsTest" assertions="1" time="0.002699"/>
      </testsuite>
      <testsuite name="Hyde\Framework\Testing\Feature\AssetServiceTest" file="/home/runner/work/develop/develop/packages/framework/tests/Feature/AssetServiceTest.php" tests="3" assertions="6" errors="0" failures="0" skipped="0" time="0.011856">
        <testcase name="testMediaLinkReturnsMediaPathWithCacheKey" file="/home/runner/work/develop/develop/packages/framework/tests/Feature/AssetServiceTest.php" line="18" class="Hyde\Framework\Testing\Feature\AssetServiceTest" classname="Hyde.Framework.Testing.Feature.AssetServiceTest" assertions="2" time="0.003848"/>
        <testcase name="testMediaLinkReturnsMediaPathWithoutCacheKeyIfCacheBustingIsDisabled" file="/home/runner/work/develop/develop/packages/framework/tests/Feature/AssetServiceTest.php" line="25" class="Hyde\Framework\Testing\Feature\AssetServiceTest" classname="Hyde.Framework.Testing.Feature.AssetServiceTest" assertions="2" time="0.003520"/>
        <testcase name="testMediaLinkSupportsCustomMediaDirectories" file="/home/runner/work/develop/develop/packages/framework/tests/Feature/AssetServiceTest.php" line="33" class="Hyde\Framework\Testing\Feature\AssetServiceTest" classname="Hyde.Framework.Testing.Feature.AssetServiceTest" assertions="2" time="0.004488"/>
      </testsuite>
      <testsuite name="Hyde\Framework\Testing\Feature\AuthorPostsIntegrationTest" file="/home/runner/work/develop/develop/packages/framework/tests/Feature/AuthorPostsIntegrationTest.php" tests="3" assertions="15" errors="0" failures="0" skipped="0" time="0.268833">
        <testcase name="testCreatePostWithUndefinedAuthor" file="/home/runner/work/develop/develop/packages/framework/tests/Feature/AuthorPostsIntegrationTest.php" line="36" class="Hyde\Framework\Testing\Feature\AuthorPostsIntegrationTest" classname="Hyde.Framework.Testing.Feature.AuthorPostsIntegrationTest" assertions="4" time="0.221578"/>
        <testcase name="testCreatePostWithDefinedAuthorWithName" file="/home/runner/work/develop/develop/packages/framework/tests/Feature/AuthorPostsIntegrationTest.php" line="69" class="Hyde\Framework\Testing\Feature\AuthorPostsIntegrationTest" classname="Hyde.Framework.Testing.Feature.AuthorPostsIntegrationTest" assertions="5" time="0.023944"/>
        <testcase name="testCreatePostWithDefinedAuthorWithWebsite" file="/home/runner/work/develop/develop/packages/framework/tests/Feature/AuthorPostsIntegrationTest.php" line="107" class="Hyde\Framework\Testing\Feature\AuthorPostsIntegrationTest" classname="Hyde.Framework.Testing.Feature.AuthorPostsIntegrationTest" assertions="6" time="0.023311"/>
      </testsuite>
      <testsuite name="Hyde\Framework\Testing\Feature\BladeMatterParserTest" file="/home/runner/work/develop/develop/packages/framework/tests/Feature/BladeMatterParserTest.php" tests="15" assertions="38" errors="0" failures="0" skipped="0" time="0.049776">
        <testcase name="testCanParseFrontMatter" file="/home/runner/work/develop/develop/packages/framework/tests/Feature/BladeMatterParserTest.php" line="16" class="Hyde\Framework\Testing\Feature\BladeMatterParserTest" classname="Hyde.Framework.Testing.Feature.BladeMatterParserTest" assertions="1" time="0.003172"/>
        <testcase name="testParseStringHelperMethod" file="/home/runner/work/develop/develop/packages/framework/tests/Feature/BladeMatterParserTest.php" line="23" class="Hyde\Framework\Testing\Feature\BladeMatterParserTest" classname="Hyde.Framework.Testing.Feature.BladeMatterParserTest" assertions="1" time="0.002953"/>
        <testcase name="testParseFileHelperMethod" file="/home/runner/work/develop/develop/packages/framework/tests/Feature/BladeMatterParserTest.php" line="31" class="Hyde\Framework\Testing\Feature\BladeMatterParserTest" classname="Hyde.Framework.Testing.Feature.BladeMatterParserTest" assertions="1" time="0.003619"/>
        <testcase name="testCanParseMultipleFrontMatterLines" file="/home/runner/work/develop/develop/packages/framework/tests/Feature/BladeMatterParserTest.php" line="40" class="Hyde\Framework\Testing\Feature\BladeMatterParserTest" classname="Hyde.Framework.Testing.Feature.BladeMatterParserTest" assertions="1" time="0.003196"/>
        <testcase name="testCanParseFrontMatterWithVariousFormats" file="/home/runner/work/develop/develop/packages/framework/tests/Feature/BladeMatterParserTest.php" line="50" class="Hyde\Framework\Testing\Feature\BladeMatterParserTest" classname="Hyde.Framework.Testing.Feature.BladeMatterParserTest" assertions="4" time="0.003569"/>
        <testcase name="testCanParseFrontMatterWithArray" file="/home/runner/work/develop/develop/packages/framework/tests/Feature/BladeMatterParserTest.php" line="64" class="Hyde\Framework\Testing\Feature\BladeMatterParserTest" classname="Hyde.Framework.Testing.Feature.BladeMatterParserTest" assertions="1" time="0.003204"/>
        <testcase name="testLineMatchesFrontMatter" file="/home/runner/work/develop/develop/packages/framework/tests/Feature/BladeMatterParserTest.php" line="70" class="Hyde\Framework\Testing\Feature\BladeMatterParserTest" classname="Hyde.Framework.Testing.Feature.BladeMatterParserTest" assertions="2" time="0.003248"/>
        <testcase name="testDirectiveCannotHaveLeadingWhitespace" file="/home/runner/work/develop/develop/packages/framework/tests/Feature/BladeMatterParserTest.php" line="76" class="Hyde\Framework\Testing\Feature\BladeMatterParserTest" classname="Hyde.Framework.Testing.Feature.BladeMatterParserTest" assertions="1" time="0.003062"/>
        <testcase name="testDirectiveSignatureCannotContainWhitespace" file="/home/runner/work/develop/develop/packages/framework/tests/Feature/BladeMatterParserTest.php" line="81" class="Hyde\Framework\Testing\Feature\BladeMatterParserTest" classname="Hyde.Framework.Testing.Feature.BladeMatterParserTest" assertions="3" time="0.003239"/>
        <testcase name="testExtractKey" file="/home/runner/work/develop/develop/packages/framework/tests/Feature/BladeMatterParserTest.php" line="88" class="Hyde\Framework\Testing\Feature\BladeMatterParserTest" classname="Hyde.Framework.Testing.Feature.BladeMatterParserTest" assertions="1" time="0.003046"/>
        <testcase name="testExtractValue" file="/home/runner/work/develop/develop/packages/framework/tests/Feature/BladeMatterParserTest.php" line="93" class="Hyde\Framework\Testing\Feature\BladeMatterParserTest" classname="Hyde.Framework.Testing.Feature.BladeMatterParserTest" assertions="1" time="0.003050"/>
        <testcase name="testGetValueWithType" file="/home/runner/work/develop/develop/packages/framework/tests/Feature/BladeMatterParserTest.php" line="98" class="Hyde\Framework\Testing\Feature\BladeMatterParserTest" classname="Hyde.Framework.Testing.Feature.BladeMatterParserTest" assertions="11" time="0.004089"/>
        <testcase name="testParseArrayString" file="/home/runner/work/develop/develop/packages/framework/tests/Feature/BladeMatterParserTest.php" line="113" class="Hyde\Framework\Testing\Feature\BladeMatterParserTest" classname="Hyde.Framework.Testing.Feature.BladeMatterParserTest" assertions="8" time="0.004092"/>
        <testcase name="testParseInvalidArrayString" file="/home/runner/work/develop/develop/packages/framework/tests/Feature/BladeMatterParserTest.php" line="126" class="Hyde\Framework\Testing\Feature\BladeMatterParserTest" classname="Hyde.Framework.Testing.Feature.BladeMatterParserTest" assertions="1" time="0.003114"/>
        <testcase name="testParseMultidimensionalArrayString" file="/home/runner/work/develop/develop/packages/framework/tests/Feature/BladeMatterParserTest.php" line="132" class="Hyde\Framework\Testing\Feature\BladeMatterParserTest" classname="Hyde.Framework.Testing.Feature.BladeMatterParserTest" assertions="1" time="0.003124"/>
      </testsuite>
      <testsuite name="Hyde\Framework\Testing\Feature\ColoredBlockquoteShortcodesTest" file="/home/runner/work/develop/develop/packages/framework/tests/Feature/ColoredBlockquoteShortcodesTest.php" tests="5" assertions="5" errors="0" failures="0" skipped="0" time="0.018571">
        <testcase name="testSignature" file="/home/runner/work/develop/develop/packages/framework/tests/Feature/ColoredBlockquoteShortcodesTest.php" line="17" class="Hyde\Framework\Testing\Feature\ColoredBlockquoteShortcodesTest" classname="Hyde.Framework.Testing.Feature.ColoredBlockquoteShortcodesTest" assertions="1" time="0.001491"/>
        <testcase name="testSignatures" file="/home/runner/work/develop/develop/packages/framework/tests/Feature/ColoredBlockquoteShortcodesTest.php" line="22" class="Hyde\Framework\Testing\Feature\ColoredBlockquoteShortcodesTest" classname="Hyde.Framework.Testing.Feature.ColoredBlockquoteShortcodesTest" assertions="1" time="0.001490"/>
        <testcase name="testResolveMethod" file="/home/runner/work/develop/develop/packages/framework/tests/Feature/ColoredBlockquoteShortcodesTest.php" line="30" class="Hyde\Framework\Testing\Feature\ColoredBlockquoteShortcodesTest" classname="Hyde.Framework.Testing.Feature.ColoredBlockquoteShortcodesTest" assertions="1" time="0.002358"/>
        <testcase name="testCanUseMarkdownWithinBlockquote" file="/home/runner/work/develop/develop/packages/framework/tests/Feature/ColoredBlockquoteShortcodesTest.php" line="38" class="Hyde\Framework\Testing\Feature\ColoredBlockquoteShortcodesTest" classname="Hyde.Framework.Testing.Feature.ColoredBlockquoteShortcodesTest" assertions="1" time="0.011774"/>
        <testcase name="testWithUnrelatedClass" file="/home/runner/work/develop/develop/packages/framework/tests/Feature/ColoredBlockquoteShortcodesTest.php" line="46" class="Hyde\Framework\Testing\Feature\ColoredBlockquoteShortcodesTest" classname="Hyde.Framework.Testing.Feature.ColoredBlockquoteShortcodesTest" assertions="1" time="0.001458"/>
      </testsuite>
      <testsuite name="Hyde\Framework\Testing\Feature\CommandTest" file="/home/runner/work/develop/develop/packages/framework/tests/Feature/CommandTest.php" tests="23" assertions="31" errors="0" failures="0" skipped="0" time="0.050045">
        <testcase name="testUserExitConstant" file="/home/runner/work/develop/develop/packages/framework/tests/Feature/CommandTest.php" line="32" class="Hyde\Framework\Testing\Feature\CommandTest" classname="Hyde.Framework.Testing.Feature.CommandTest" assertions="1" time="0.001480"/>
        <testcase name="testFileLinkHelperCreatesLinkForExistingFile" file="/home/runner/work/develop/develop/packages/framework/tests/Feature/CommandTest.php" line="37" class="Hyde\Framework\Testing\Feature\CommandTest" classname="Hyde.Framework.Testing.Feature.CommandTest" assertions="1" time="0.001791"/>
        <testcase name="testFileLinkHelperCreatesLinkForNonExistingFile" file="/home/runner/work/develop/develop/packages/framework/tests/Feature/CommandTest.php" line="49" class="Hyde\Framework\Testing\Feature\CommandTest" classname="Hyde.Framework.Testing.Feature.CommandTest" assertions="1" time="0.001622"/>
        <testcase name="testFileLinkHelperWithCustomLabel" file="/home/runner/work/develop/develop/packages/framework/tests/Feature/CommandTest.php" line="57" class="Hyde\Framework\Testing\Feature\CommandTest" classname="Hyde.Framework.Testing.Feature.CommandTest" assertions="1" time="0.001611"/>
        <testcase name="testFileLinkHelperWithAbsolutePathInput" file="/home/runner/work/develop/develop/packages/framework/tests/Feature/CommandTest.php" line="65" class="Hyde\Framework\Testing\Feature\CommandTest" classname="Hyde.Framework.Testing.Feature.CommandTest" assertions="1" time="0.001621"/>
        <testcase name="testFileLinkHelperWithAbsolutePathInputAndCustomLabel" file="/home/runner/work/develop/develop/packages/framework/tests/Feature/CommandTest.php" line="73" class="Hyde\Framework\Testing\Feature\CommandTest" classname="Hyde.Framework.Testing.Feature.CommandTest" assertions="1" time="0.001642"/>
        <testcase name="testFileLinkHelperWithAbsolutePathAndRealFile" file="/home/runner/work/develop/develop/packages/framework/tests/Feature/CommandTest.php" line="81" class="Hyde\Framework\Testing\Feature\CommandTest" classname="Hyde.Framework.Testing.Feature.CommandTest" assertions="1" time="0.001754"/>
        <testcase name="testInfoComment" file="/home/runner/work/develop/develop/packages/framework/tests/Feature/CommandTest.php" line="93" class="Hyde\Framework\Testing\Feature\CommandTest" classname="Hyde.Framework.Testing.Feature.CommandTest" assertions="1" time="0.005633"/>
        <testcase name="testInfoCommentWithExtraInfo" file="/home/runner/work/develop/develop/packages/framework/tests/Feature/CommandTest.php" line="109" class="Hyde\Framework\Testing\Feature\CommandTest" classname="Hyde.Framework.Testing.Feature.CommandTest" assertions="1" time="0.001857"/>
        <testcase name="testInfoCommentWithExtraInfoAndComments" file="/home/runner/work/develop/develop/packages/framework/tests/Feature/CommandTest.php" line="125" class="Hyde\Framework\Testing\Feature\CommandTest" classname="Hyde.Framework.Testing.Feature.CommandTest" assertions="1" time="0.001987"/>
        <testcase name="testHref" file="/home/runner/work/develop/develop/packages/framework/tests/Feature/CommandTest.php" line="141" class="Hyde\Framework\Testing\Feature\CommandTest" classname="Hyde.Framework.Testing.Feature.CommandTest" assertions="1" time="0.001644"/>
        <testcase name="testInlineGray" file="/home/runner/work/develop/develop/packages/framework/tests/Feature/CommandTest.php" line="148" class="Hyde\Framework\Testing\Feature\CommandTest" classname="Hyde.Framework.Testing.Feature.CommandTest" assertions="1" time="0.001650"/>
        <testcase name="testGray" file="/home/runner/work/develop/develop/packages/framework/tests/Feature/CommandTest.php" line="155" class="Hyde\Framework\Testing\Feature\CommandTest" classname="Hyde.Framework.Testing.Feature.CommandTest" assertions="1" time="0.001850"/>
        <testcase name="testIndentedLine" file="/home/runner/work/develop/develop/packages/framework/tests/Feature/CommandTest.php" line="160" class="Hyde\Framework\Testing\Feature\CommandTest" classname="Hyde.Framework.Testing.Feature.CommandTest" assertions="1" time="0.002108"/>
        <testcase name="testIndentedLineWithMultipleIndentations" file="/home/runner/work/develop/develop/packages/framework/tests/Feature/CommandTest.php" line="165" class="Hyde\Framework\Testing\Feature\CommandTest" classname="Hyde.Framework.Testing.Feature.CommandTest" assertions="1" time="0.001925"/>
        <testcase name="testIndentedLineWithNoIndentation" file="/home/runner/work/develop/develop/packages/framework/tests/Feature/CommandTest.php" line="170" class="Hyde\Framework\Testing\Feature\CommandTest" classname="Hyde.Framework.Testing.Feature.CommandTest" assertions="1" time="0.001881"/>
        <testcase name="testHandleCallsBaseSafeHandle" file="/home/runner/work/develop/develop/packages/framework/tests/Feature/CommandTest.php" line="175" class="Hyde\Framework\Testing\Feature\CommandTest" classname="Hyde.Framework.Testing.Feature.CommandTest" assertions="1" time="0.001583"/>
        <testcase name="testHandleCallsChildSafeHandle" file="/home/runner/work/develop/develop/packages/framework/tests/Feature/CommandTest.php" line="180" class="Hyde\Framework\Testing\Feature\CommandTest" classname="Hyde.Framework.Testing.Feature.CommandTest" assertions="1" time="0.001619"/>
        <testcase name="testSafeHandleException" file="/home/runner/work/develop/develop/packages/framework/tests/Feature/CommandTest.php" line="185" class="Hyde\Framework\Testing\Feature\CommandTest" classname="Hyde.Framework.Testing.Feature.CommandTest" assertions="2" time="0.006420"/>
        <testcase name="testCanEnableThrowOnException" file="/home/runner/work/develop/develop/packages/framework/tests/Feature/CommandTest.php" line="203" class="Hyde\Framework\Testing\Feature\CommandTest" classname="Hyde.Framework.Testing.Feature.CommandTest" assertions="2" time="0.002046"/>
        <testcase name="testAskForString" file="/home/runner/work/develop/develop/packages/framework/tests/Feature/CommandTest.php" line="218" class="Hyde\Framework\Testing\Feature\CommandTest" classname="Hyde.Framework.Testing.Feature.CommandTest" assertions="3" time="0.002149"/>
        <testcase name="testAskForStringWithDefaultValue" file="/home/runner/work/develop/develop/packages/framework/tests/Feature/CommandTest.php" line="229" class="Hyde\Framework\Testing\Feature\CommandTest" classname="Hyde.Framework.Testing.Feature.CommandTest" assertions="3" time="0.002067"/>
        <testcase name="testAskForStringWithDefaultValueSupplyingNull" file="/home/runner/work/develop/develop/packages/framework/tests/Feature/CommandTest.php" line="240" class="Hyde\Framework\Testing\Feature\CommandTest" classname="Hyde.Framework.Testing.Feature.CommandTest" assertions="3" time="0.002107"/>
      </testsuite>
      <testsuite name="Hyde\Framework\Testing\Feature\Commands\BuildRssFeedCommandTest" file="/home/runner/work/develop/develop/packages/framework/tests/Feature/Commands/BuildRssFeedCommandTest.php" tests="2" assertions="8" errors="0" failures="0" skipped="0" time="0.029052">
        <testcase name="testRssFeedIsGeneratedWhenConditionsAreMet" file="/home/runner/work/develop/develop/packages/framework/tests/Feature/Commands/BuildRssFeedCommandTest.php" line="17" class="Hyde\Framework\Testing\Feature\Commands\BuildRssFeedCommandTest" classname="Hyde.Framework.Testing.Feature.Commands.BuildRssFeedCommandTest" assertions="3" time="0.016659"/>
        <testcase name="testRssFilenameCanBeChanged" file="/home/runner/work/develop/develop/packages/framework/tests/Feature/Commands/BuildRssFeedCommandTest.php" line="30" class="Hyde\Framework\Testing\Feature\Commands\BuildRssFeedCommandTest" classname="Hyde.Framework.Testing.Feature.Commands.BuildRssFeedCommandTest" assertions="5" time="0.012394"/>
      </testsuite>
      <testsuite name="Hyde\Framework\Testing\Feature\Commands\BuildSearchCommandTest" file="/home/runner/work/develop/develop/packages/framework/tests/Feature/Commands/BuildSearchCommandTest.php" tests="8" assertions="22" errors="0" failures="0" skipped="0" time="0.217321">
        <testcase name="testItCreatesTheSearchJsonFile" file="/home/runner/work/develop/develop/packages/framework/tests/Feature/Commands/BuildSearchCommandTest.php" line="19" class="Hyde\Framework\Testing\Feature\Commands\BuildSearchCommandTest" classname="Hyde.Framework.Testing.Feature.Commands.BuildSearchCommandTest" assertions="3" time="0.092709"/>
        <testcase name="testItCreatesTheSearchPage" file="/home/runner/work/develop/develop/packages/framework/tests/Feature/Commands/BuildSearchCommandTest.php" line="30" class="Hyde\Framework\Testing\Feature\Commands\BuildSearchCommandTest" classname="Hyde.Framework.Testing.Feature.Commands.BuildSearchCommandTest" assertions="3" time="0.019419"/>
        <testcase name="testItDoesNotCreateTheSearchPageIfDisabled" file="/home/runner/work/develop/develop/packages/framework/tests/Feature/Commands/BuildSearchCommandTest.php" line="41" class="Hyde\Framework\Testing\Feature\Commands\BuildSearchCommandTest" classname="Hyde.Framework.Testing.Feature.Commands.BuildSearchCommandTest" assertions="2" time="0.009673"/>
        <testcase name="testItDoesNotDisplayTheEstimationMessageWhenItIsLessThan1Second" file="/home/runner/work/develop/develop/packages/framework/tests/Feature/Commands/BuildSearchCommandTest.php" line="51" class="Hyde\Framework\Testing\Feature\Commands\BuildSearchCommandTest" classname="Hyde.Framework.Testing.Feature.Commands.BuildSearchCommandTest" assertions="2" time="0.019015"/>
        <testcase name="testSearchFilesCanBeGeneratedForCustomDocsOutputDirectory" file="/home/runner/work/develop/develop/packages/framework/tests/Feature/Commands/BuildSearchCommandTest.php" line="61" class="Hyde\Framework\Testing\Feature\Commands\BuildSearchCommandTest" classname="Hyde.Framework.Testing.Feature.Commands.BuildSearchCommandTest" assertions="3" time="0.019011"/>
        <testcase name="testSearchFilesCanBeGeneratedForCustomSiteOutputDirectory" file="/home/runner/work/develop/develop/packages/framework/tests/Feature/Commands/BuildSearchCommandTest.php" line="72" class="Hyde\Framework\Testing\Feature\Commands\BuildSearchCommandTest" classname="Hyde.Framework.Testing.Feature.Commands.BuildSearchCommandTest" assertions="3" time="0.019141"/>
        <testcase name="testSearchFilesCanBeGeneratedForCustomSiteAndDocsOutputDirectories" file="/home/runner/work/develop/develop/packages/framework/tests/Feature/Commands/BuildSearchCommandTest.php" line="83" class="Hyde\Framework\Testing\Feature\Commands\BuildSearchCommandTest" classname="Hyde.Framework.Testing.Feature.Commands.BuildSearchCommandTest" assertions="3" time="0.019193"/>
        <testcase name="testSearchFilesCanBeGeneratedForCustomSiteAndNestedDocsOutputDirectories" file="/home/runner/work/develop/develop/packages/framework/tests/Feature/Commands/BuildSearchCommandTest.php" line="95" class="Hyde\Framework\Testing\Feature\Commands\BuildSearchCommandTest" classname="Hyde.Framework.Testing.Feature.Commands.BuildSearchCommandTest" assertions="3" time="0.019160"/>
      </testsuite>
      <testsuite name="Hyde\Framework\Testing\Feature\Commands\BuildSitemapCommandTest" file="/home/runner/work/develop/develop/packages/framework/tests/Feature/Commands/BuildSitemapCommandTest.php" tests="1" assertions="3" errors="0" failures="0" skipped="0" time="0.009980">
        <testcase name="testSitemapIsGeneratedWhenConditionsAreMet" file="/home/runner/work/develop/develop/packages/framework/tests/Feature/Commands/BuildSitemapCommandTest.php" line="17" class="Hyde\Framework\Testing\Feature\Commands\BuildSitemapCommandTest" classname="Hyde.Framework.Testing.Feature.Commands.BuildSitemapCommandTest" assertions="3" time="0.009980"/>
      </testsuite>
      <testsuite name="Hyde\Framework\Testing\Feature\Commands\ChangeSourceDirectoryCommandTest" file="/home/runner/work/develop/develop/packages/framework/tests/Feature/Commands/ChangeSourceDirectoryCommandTest.php" tests="6" assertions="38" errors="0" failures="0" skipped="0" time="0.046510">
        <testcase name="testCommandMovesSourceDirectoriesToNewSuppliedDirectoryAndUpdatesTheConfigurationFile" file="/home/runner/work/develop/develop/packages/framework/tests/Feature/Commands/ChangeSourceDirectoryCommandTest.php" line="16" class="Hyde\Framework\Testing\Feature\Commands\ChangeSourceDirectoryCommandTest" classname="Hyde.Framework.Testing.Feature.Commands.ChangeSourceDirectoryCommandTest" assertions="15" time="0.010619"/>
        <testcase name="testWithMissingConfigSearchString" file="/home/runner/work/develop/develop/packages/framework/tests/Feature/Commands/ChangeSourceDirectoryCommandTest.php" line="54" class="Hyde\Framework\Testing\Feature\Commands\ChangeSourceDirectoryCommandTest" classname="Hyde.Framework.Testing.Feature.Commands.ChangeSourceDirectoryCommandTest" assertions="15" time="0.011157"/>
        <testcase name="testWithNameMatchingCurrentValue" file="/home/runner/work/develop/develop/packages/framework/tests/Feature/Commands/ChangeSourceDirectoryCommandTest.php" line="93" class="Hyde\Framework\Testing\Feature\Commands\ChangeSourceDirectoryCommandTest" classname="Hyde.Framework.Testing.Feature.Commands.ChangeSourceDirectoryCommandTest" assertions="2" time="0.005202"/>
        <testcase name="testWithExistingDirectory" file="/home/runner/work/develop/develop/packages/framework/tests/Feature/Commands/ChangeSourceDirectoryCommandTest.php" line="100" class="Hyde\Framework\Testing\Feature\Commands\ChangeSourceDirectoryCommandTest" classname="Hyde.Framework.Testing.Feature.Commands.ChangeSourceDirectoryCommandTest" assertions="2" time="0.007259"/>
        <testcase name="testWithTargetContainingSubdirectoryFile" file="/home/runner/work/develop/develop/packages/framework/tests/Feature/Commands/ChangeSourceDirectoryCommandTest.php" line="111" class="Hyde\Framework\Testing\Feature\Commands\ChangeSourceDirectoryCommandTest" classname="Hyde.Framework.Testing.Feature.Commands.ChangeSourceDirectoryCommandTest" assertions="2" time="0.006631"/>
        <testcase name="testWithTargetBeingFile" file="/home/runner/work/develop/develop/packages/framework/tests/Feature/Commands/ChangeSourceDirectoryCommandTest.php" line="121" class="Hyde\Framework\Testing\Feature\Commands\ChangeSourceDirectoryCommandTest" classname="Hyde.Framework.Testing.Feature.Commands.ChangeSourceDirectoryCommandTest" assertions="2" time="0.005642"/>
      </testsuite>
      <testsuite name="Hyde\Framework\Testing\Feature\Commands\DebugCommandTest" file="/home/runner/work/develop/develop/packages/framework/tests/Feature/Commands/DebugCommandTest.php" tests="3" assertions="15" errors="0" failures="0" skipped="0" time="0.025207">
        <testcase name="testDebugCommandCanRun" file="/home/runner/work/develop/develop/packages/framework/tests/Feature/Commands/DebugCommandTest.php" line="21" class="Hyde\Framework\Testing\Feature\Commands\DebugCommandTest" classname="Hyde.Framework.Testing.Feature.Commands.DebugCommandTest" assertions="1" time="0.007630"/>
        <testcase name="testItPrintsDebugInformation" file="/home/runner/work/develop/develop/packages/framework/tests/Feature/Commands/DebugCommandTest.php" line="26" class="Hyde\Framework\Testing\Feature\Commands\DebugCommandTest" classname="Hyde.Framework.Testing.Feature.Commands.DebugCommandTest" assertions="8" time="0.008710"/>
        <testcase name="testItPrintsVerboseDebugInformation" file="/home/runner/work/develop/develop/packages/framework/tests/Feature/Commands/DebugCommandTest.php" line="39" class="Hyde\Framework\Testing\Feature\Commands\DebugCommandTest" classname="Hyde.Framework.Testing.Feature.Commands.DebugCommandTest" assertions="6" time="0.008867"/>
      </testsuite>
      <testsuite name="Hyde\Framework\Testing\Feature\Commands\MakePageCommandTest" file="/home/runner/work/develop/develop/packages/framework/tests/Feature/Commands/MakePageCommandTest.php" tests="14" assertions="34" errors="0" failures="0" skipped="0" time="0.111822">
        <testcase name="testCommandCanRun" file="/home/runner/work/develop/develop/packages/framework/tests/Feature/Commands/MakePageCommandTest.php" line="43" class="Hyde\Framework\Testing\Feature\Commands\MakePageCommandTest" classname="Hyde.Framework.Testing.Feature.Commands.MakePageCommandTest" assertions="1" time="0.008443"/>
        <testcase name="testCommandOutput" file="/home/runner/work/develop/develop/packages/framework/tests/Feature/Commands/MakePageCommandTest.php" line="48" class="Hyde\Framework\Testing\Feature\Commands\MakePageCommandTest" classname="Hyde.Framework.Testing.Feature.Commands.MakePageCommandTest" assertions="3" time="0.008131"/>
        <testcase name="testCommandAllowsUserToSpecifyPageType" file="/home/runner/work/develop/develop/packages/framework/tests/Feature/Commands/MakePageCommandTest.php" line="56" class="Hyde\Framework\Testing\Feature\Commands\MakePageCommandTest" classname="Hyde.Framework.Testing.Feature.Commands.MakePageCommandTest" assertions="2" time="0.010252"/>
        <testcase name="testTypeOptionIsCaseInsensitive" file="/home/runner/work/develop/develop/packages/framework/tests/Feature/Commands/MakePageCommandTest.php" line="62" class="Hyde\Framework\Testing\Feature\Commands\MakePageCommandTest" classname="Hyde.Framework.Testing.Feature.Commands.MakePageCommandTest" assertions="2" time="0.010226"/>
        <testcase name="testCommandFailsIfUserSpecifiesInvalidPageType" file="/home/runner/work/develop/develop/packages/framework/tests/Feature/Commands/MakePageCommandTest.php" line="68" class="Hyde\Framework\Testing\Feature\Commands\MakePageCommandTest" classname="Hyde.Framework.Testing.Feature.Commands.MakePageCommandTest" assertions="3" time="0.005702"/>
        <testcase name="testCommandCreatesMarkdownFile" file="/home/runner/work/develop/develop/packages/framework/tests/Feature/Commands/MakePageCommandTest.php" line="76" class="Hyde\Framework\Testing\Feature\Commands\MakePageCommandTest" classname="Hyde.Framework.Testing.Feature.Commands.MakePageCommandTest" assertions="2" time="0.007984"/>
        <testcase name="testCommandCreatesBladeFile" file="/home/runner/work/develop/develop/packages/framework/tests/Feature/Commands/MakePageCommandTest.php" line="83" class="Hyde\Framework\Testing\Feature\Commands\MakePageCommandTest" classname="Hyde.Framework.Testing.Feature.Commands.MakePageCommandTest" assertions="2" time="0.006471"/>
        <testcase name="testCommandCreatesDocumentationFile" file="/home/runner/work/develop/develop/packages/framework/tests/Feature/Commands/MakePageCommandTest.php" line="90" class="Hyde\Framework\Testing\Feature\Commands\MakePageCommandTest" classname="Hyde.Framework.Testing.Feature.Commands.MakePageCommandTest" assertions="2" time="0.008019"/>
        <testcase name="testCommandFailsIfFileAlreadyExists" file="/home/runner/work/develop/develop/packages/framework/tests/Feature/Commands/MakePageCommandTest.php" line="98" class="Hyde\Framework\Testing\Feature\Commands\MakePageCommandTest" classname="Hyde.Framework.Testing.Feature.Commands.MakePageCommandTest" assertions="3" time="0.006100"/>
        <testcase name="testCommandOverwritesExistingFilesWhenForceOptionIsUsed" file="/home/runner/work/develop/develop/packages/framework/tests/Feature/Commands/MakePageCommandTest.php" line="110" class="Hyde\Framework\Testing\Feature\Commands\MakePageCommandTest" classname="Hyde.Framework.Testing.Feature.Commands.MakePageCommandTest" assertions="2" time="0.008408"/>
        <testcase name="testCommandPromptsForTitleIfItWasNotSpecified" file="/home/runner/work/develop/develop/packages/framework/tests/Feature/Commands/MakePageCommandTest.php" line="119" class="Hyde\Framework\Testing\Feature\Commands\MakePageCommandTest" classname="Hyde.Framework.Testing.Feature.Commands.MakePageCommandTest" assertions="3" time="0.008743"/>
        <testcase name="testCommandFallsBackToDefaultTitleIfUserEntersNothing" file="/home/runner/work/develop/develop/packages/framework/tests/Feature/Commands/MakePageCommandTest.php" line="129" class="Hyde\Framework\Testing\Feature\Commands\MakePageCommandTest" classname="Hyde.Framework.Testing.Feature.Commands.MakePageCommandTest" assertions="3" time="0.008123"/>
        <testcase name="testPageTypeShorthandCanBeUsedToCreateBladePages" file="/home/runner/work/develop/develop/packages/framework/tests/Feature/Commands/MakePageCommandTest.php" line="139" class="Hyde\Framework\Testing\Feature\Commands\MakePageCommandTest" classname="Hyde.Framework.Testing.Feature.Commands.MakePageCommandTest" assertions="3" time="0.006838"/>
        <testcase name="testPageTypeShorthandCanBeUsedToCreateDocumentationPages" file="/home/runner/work/develop/develop/packages/framework/tests/Feature/Commands/MakePageCommandTest.php" line="148" class="Hyde\Framework\Testing\Feature\Commands\MakePageCommandTest" classname="Hyde.Framework.Testing.Feature.Commands.MakePageCommandTest" assertions="3" time="0.008383"/>
      </testsuite>
      <testsuite name="Hyde\Framework\Testing\Feature\Commands\MakePostCommandTest" file="/home/runner/work/develop/develop/packages/framework/tests/Feature/Commands/MakePostCommandTest.php" tests="5" assertions="48" errors="0" failures="0" skipped="0" time="0.051556">
        <testcase name="testCommandHasExpectedOutputAndCreatesValidFile" file="/home/runner/work/develop/develop/packages/framework/tests/Feature/Commands/MakePostCommandTest.php" line="17" class="Hyde\Framework\Testing\Feature\Commands\MakePostCommandTest" classname="Hyde.Framework.Testing.Feature.Commands.MakePostCommandTest" assertions="16" time="0.011852"/>
        <testcase name="testThatFilesAreNotOverwrittenWhenForceFlagIsNotSet" file="/home/runner/work/develop/develop/packages/framework/tests/Feature/Commands/MakePostCommandTest.php" line="49" class="Hyde\Framework\Testing\Feature\Commands\MakePostCommandTest" classname="Hyde.Framework.Testing.Feature.Commands.MakePostCommandTest" assertions="9" time="0.010697"/>
        <testcase name="testThatFilesAreOverwrittenWhenForceFlagIsSet" file="/home/runner/work/develop/develop/packages/framework/tests/Feature/Commands/MakePostCommandTest.php" line="72" class="Hyde\Framework\Testing\Feature\Commands\MakePostCommandTest" classname="Hyde.Framework.Testing.Feature.Commands.MakePostCommandTest" assertions="9" time="0.010754"/>
        <testcase name="testThatTitleCanBeSpecifiedInCommandSignature" file="/home/runner/work/develop/develop/packages/framework/tests/Feature/Commands/MakePostCommandTest.php" line="97" class="Hyde\Framework\Testing\Feature\Commands\MakePostCommandTest" classname="Hyde.Framework.Testing.Feature.Commands.MakePostCommandTest" assertions="6" time="0.010342"/>
        <testcase name="testThatCommandCanBeCanceled" file="/home/runner/work/develop/develop/packages/framework/tests/Feature/Commands/MakePostCommandTest.php" line="111" class="Hyde\Framework\Testing\Feature\Commands\MakePostCommandTest" classname="Hyde.Framework.Testing.Feature.Commands.MakePostCommandTest" assertions="8" time="0.007912"/>
      </testsuite>
      <testsuite name="Hyde\Framework\Testing\Feature\Commands\PackageDiscoverCommandTest" file="/home/runner/work/develop/develop/packages/framework/tests/Feature/Commands/PackageDiscoverCommandTest.php" tests="1" assertions="3" errors="0" failures="0" skipped="0" time="0.050676">
        <testcase name="testPackageDiscoverCommandRegistersManifestPath" file="/home/runner/work/develop/develop/packages/framework/tests/Feature/Commands/PackageDiscoverCommandTest.php" line="16" class="Hyde\Framework\Testing\Feature\Commands\PackageDiscoverCommandTest" classname="Hyde.Framework.Testing.Feature.Commands.PackageDiscoverCommandTest" assertions="3" time="0.050676"/>
      </testsuite>
      <testsuite name="Hyde\Framework\Testing\Feature\Commands\PublishConfigsCommandTest" file="/home/runner/work/develop/develop/packages/framework/tests/Feature/Commands/PublishConfigsCommandTest.php" tests="3" assertions="16" errors="0" failures="0" skipped="0" time="0.049395">
        <testcase name="testCommandHasExpectedOutput" file="/home/runner/work/develop/develop/packages/framework/tests/Feature/Commands/PublishConfigsCommandTest.php" line="33" class="Hyde\Framework\Testing\Feature\Commands\PublishConfigsCommandTest" classname="Hyde.Framework.Testing.Feature.Commands.PublishConfigsCommandTest" assertions="4" time="0.025915"/>
        <testcase name="testConfigFilesArePublished" file="/home/runner/work/develop/develop/packages/framework/tests/Feature/Commands/PublishConfigsCommandTest.php" line="41" class="Hyde\Framework\Testing\Feature\Commands\PublishConfigsCommandTest" classname="Hyde.Framework.Testing.Feature.Commands.PublishConfigsCommandTest" assertions="8" time="0.011908"/>
        <testcase name="testCommandOverwritesExistingFiles" file="/home/runner/work/develop/develop/packages/framework/tests/Feature/Commands/PublishConfigsCommandTest.php" line="54" class="Hyde\Framework\Testing\Feature\Commands\PublishConfigsCommandTest" classname="Hyde.Framework.Testing.Feature.Commands.PublishConfigsCommandTest" assertions="4" time="0.011572"/>
      </testsuite>
      <testsuite name="Hyde\Framework\Testing\Feature\Commands\PublishHomepageCommandTest" file="/home/runner/work/develop/develop/packages/framework/tests/Feature/Commands/PublishHomepageCommandTest.php" tests="9" assertions="28" errors="0" failures="0" skipped="0" time="0.102493">
        <testcase name="testThereAreNoDefaultPages" file="/home/runner/work/develop/develop/packages/framework/tests/Feature/Commands/PublishHomepageCommandTest.php" line="31" class="Hyde\Framework\Testing\Feature\Commands\PublishHomepageCommandTest" classname="Hyde.Framework.Testing.Feature.Commands.PublishHomepageCommandTest" assertions="1" time="0.003607"/>
        <testcase name="testCommandReturnsExpectedOutput" file="/home/runner/work/develop/develop/packages/framework/tests/Feature/Commands/PublishHomepageCommandTest.php" line="36" class="Hyde\Framework\Testing\Feature\Commands\PublishHomepageCommandTest" classname="Hyde.Framework.Testing.Feature.Commands.PublishHomepageCommandTest" assertions="3" time="0.008979"/>
        <testcase name="testCommandReturnsExpectedOutputWithRebuild" file="/home/runner/work/develop/develop/packages/framework/tests/Feature/Commands/PublishHomepageCommandTest.php" line="45" class="Hyde\Framework\Testing\Feature\Commands\PublishHomepageCommandTest" classname="Hyde.Framework.Testing.Feature.Commands.PublishHomepageCommandTest" assertions="5" time="0.025220"/>
        <testcase name="testCommandPromptsForOutput" file="/home/runner/work/develop/develop/packages/framework/tests/Feature/Commands/PublishHomepageCommandTest.php" line="57" class="Hyde\Framework\Testing\Feature\Commands\PublishHomepageCommandTest" classname="Hyde.Framework.Testing.Feature.Commands.PublishHomepageCommandTest" assertions="5" time="0.009104"/>
        <testcase name="testCommandShowsFeedbackOutputWhenSupplyingAHomepageName" file="/home/runner/work/develop/develop/packages/framework/tests/Feature/Commands/PublishHomepageCommandTest.php" line="71" class="Hyde\Framework\Testing\Feature\Commands\PublishHomepageCommandTest" classname="Hyde.Framework.Testing.Feature.Commands.PublishHomepageCommandTest" assertions="4" time="0.009251"/>
        <testcase name="testCommandHandlesErrorCode404" file="/home/runner/work/develop/develop/packages/framework/tests/Feature/Commands/PublishHomepageCommandTest.php" line="81" class="Hyde\Framework\Testing\Feature\Commands\PublishHomepageCommandTest" classname="Hyde.Framework.Testing.Feature.Commands.PublishHomepageCommandTest" assertions="2" time="0.007262"/>
        <testcase name="testCommandDoesNotOverwriteModifiedFilesWithoutForceFlag" file="/home/runner/work/develop/develop/packages/framework/tests/Feature/Commands/PublishHomepageCommandTest.php" line="89" class="Hyde\Framework\Testing\Feature\Commands\PublishHomepageCommandTest" classname="Hyde.Framework.Testing.Feature.Commands.PublishHomepageCommandTest" assertions="3" time="0.016410"/>
        <testcase name="testCommandOverwritesModifiedFilesIfForceFlagIsSet" file="/home/runner/work/develop/develop/packages/framework/tests/Feature/Commands/PublishHomepageCommandTest.php" line="101" class="Hyde\Framework\Testing\Feature\Commands\PublishHomepageCommandTest" classname="Hyde.Framework.Testing.Feature.Commands.PublishHomepageCommandTest" assertions="3" time="0.009241"/>
        <testcase name="testCommandDoesNotReturn409IfTheCurrentFileIsADefaultFile" file="/home/runner/work/develop/develop/packages/framework/tests/Feature/Commands/PublishHomepageCommandTest.php" line="113" class="Hyde\Framework\Testing\Feature\Commands\PublishHomepageCommandTest" classname="Hyde.Framework.Testing.Feature.Commands.PublishHomepageCommandTest" assertions="2" time="0.013419"/>
      </testsuite>
      <testsuite name="Hyde\Framework\Testing\Feature\Commands\PublishViewsCommandTest" file="/home/runner/work/develop/develop/packages/framework/tests/Feature/Commands/PublishViewsCommandTest.php" tests="3" assertions="9" errors="0" failures="0" skipped="0" time="0.039214">
        <testcase name="testCommandPublishesViews" file="/home/runner/work/develop/develop/packages/framework/tests/Feature/Commands/PublishViewsCommandTest.php" line="16" class="Hyde\Framework\Testing\Feature\Commands\PublishViewsCommandTest" classname="Hyde.Framework.Testing.Feature.Commands.PublishViewsCommandTest" assertions="4" time="0.024587"/>
        <testcase name="testCanSelectView" file="/home/runner/work/develop/develop/packages/framework/tests/Feature/Commands/PublishViewsCommandTest.php" line="31" class="Hyde\Framework\Testing\Feature\Commands\PublishViewsCommandTest" classname="Hyde.Framework.Testing.Feature.Commands.PublishViewsCommandTest" assertions="3" time="0.008047"/>
        <testcase name="testWithInvalidSuppliedTag" file="/home/runner/work/develop/develop/packages/framework/tests/Feature/Commands/PublishViewsCommandTest.php" line="45" class="Hyde\Framework\Testing\Feature\Commands\PublishViewsCommandTest" classname="Hyde.Framework.Testing.Feature.Commands.PublishViewsCommandTest" assertions="2" time="0.006580"/>
      </testsuite>
      <testsuite name="Hyde\Framework\Testing\Feature\Commands\RebuildPageCommandTest" file="/home/runner/work/develop/develop/packages/framework/tests/Feature/Commands/RebuildPageCommandTest.php" tests="6" assertions="12" errors="0" failures="0" skipped="0" time="0.096562">
        <testcase name="testHandleIsSuccessfulWithValidPath" file="/home/runner/work/develop/develop/packages/framework/tests/Feature/Commands/RebuildPageCommandTest.php" line="15" class="Hyde\Framework\Testing\Feature\Commands\RebuildPageCommandTest" classname="Hyde.Framework.Testing.Feature.Commands.RebuildPageCommandTest" assertions="2" time="0.021778"/>
        <testcase name="testMediaFilesCanBeTransferred" file="/home/runner/work/develop/develop/packages/framework/tests/Feature/Commands/RebuildPageCommandTest.php" line="26" class="Hyde\Framework\Testing\Feature\Commands\RebuildPageCommandTest" classname="Hyde.Framework.Testing.Feature.Commands.RebuildPageCommandTest" assertions="2" time="0.012222"/>
        <testcase name="testValidateCatchesBadSourceDirectory" file="/home/runner/work/develop/develop/packages/framework/tests/Feature/Commands/RebuildPageCommandTest.php" line="36" class="Hyde\Framework\Testing\Feature\Commands\RebuildPageCommandTest" classname="Hyde.Framework.Testing.Feature.Commands.RebuildPageCommandTest" assertions="2" time="0.005676"/>
        <testcase name="testValidateCatchesMissingFile" file="/home/runner/work/develop/develop/packages/framework/tests/Feature/Commands/RebuildPageCommandTest.php" line="43" class="Hyde\Framework\Testing\Feature\Commands\RebuildPageCommandTest" classname="Hyde.Framework.Testing.Feature.Commands.RebuildPageCommandTest" assertions="2" time="0.006411"/>
        <testcase name="testRebuildDocumentationPage" file="/home/runner/work/develop/develop/packages/framework/tests/Feature/Commands/RebuildPageCommandTest.php" line="50" class="Hyde\Framework\Testing\Feature\Commands\RebuildPageCommandTest" classname="Hyde.Framework.Testing.Feature.Commands.RebuildPageCommandTest" assertions="2" time="0.029730"/>
        <testcase name="testRebuildBlogPost" file="/home/runner/work/develop/develop/packages/framework/tests/Feature/Commands/RebuildPageCommandTest.php" line="61" class="Hyde\Framework\Testing\Feature\Commands\RebuildPageCommandTest" classname="Hyde.Framework.Testing.Feature.Commands.RebuildPageCommandTest" assertions="2" time="0.020746"/>
      </testsuite>
      <testsuite name="Hyde\Framework\Testing\Feature\Commands\RouteListCommandTest" file="/home/runner/work/develop/develop/packages/framework/tests/Feature/Commands/RouteListCommandTest.php" tests="5" assertions="31" errors="0" failures="0" skipped="0" time="0.091938">
        <testcase name="testRouteListCommand" file="/home/runner/work/develop/develop/packages/framework/tests/Feature/Commands/RouteListCommandTest.php" line="20" class="Hyde\Framework\Testing\Feature\Commands\RouteListCommandTest" classname="Hyde.Framework.Testing.Feature.Commands.RouteListCommandTest" assertions="7" time="0.028250"/>
        <testcase name="testConsoleRouteList" file="/home/runner/work/develop/develop/packages/framework/tests/Feature/Commands/RouteListCommandTest.php" line="39" class="Hyde\Framework\Testing\Feature\Commands\RouteListCommandTest" classname="Hyde.Framework.Testing.Feature.Commands.RouteListCommandTest" assertions="6" time="0.011592"/>
        <testcase name="testConsoleRouteListWithClickableOutputPaths" file="/home/runner/work/develop/develop/packages/framework/tests/Feature/Commands/RouteListCommandTest.php" line="52" class="Hyde\Framework\Testing\Feature\Commands\RouteListCommandTest" classname="Hyde.Framework.Testing.Feature.Commands.RouteListCommandTest" assertions="6" time="0.012278"/>
        <testcase name="testConsoleRouteListWithDynamicPages" file="/home/runner/work/develop/develop/packages/framework/tests/Feature/Commands/RouteListCommandTest.php" line="66" class="Hyde\Framework\Testing\Feature\Commands\RouteListCommandTest" classname="Hyde.Framework.Testing.Feature.Commands.RouteListCommandTest" assertions="6" time="0.026622"/>
        <testcase name="testConsoleRouteListWithTypeLabel" file="/home/runner/work/develop/develop/packages/framework/tests/Feature/Commands/RouteListCommandTest.php" line="81" class="Hyde\Framework\Testing\Feature\Commands\RouteListCommandTest" classname="Hyde.Framework.Testing.Feature.Commands.RouteListCommandTest" assertions="6" time="0.013197"/>
      </testsuite>
      <testsuite name="Hyde\Framework\Testing\Feature\Commands\ServeCommandTest" file="/home/runner/work/develop/develop/packages/framework/tests/Feature/Commands/ServeCommandTest.php" tests="13" assertions="41" errors="0" failures="0" skipped="0" time="0.092222">
        <testcase name="testHydeServeCommand" file="/home/runner/work/develop/develop/packages/framework/tests/Feature/Commands/ServeCommandTest.php" line="28" class="Hyde\Framework\Testing\Feature\Commands\ServeCommandTest" classname="Hyde.Framework.Testing.Feature.Commands.ServeCommandTest" assertions="3" time="0.007446"/>
        <testcase name="testHydeServeCommandWithPortOption" file="/home/runner/work/develop/develop/packages/framework/tests/Feature/Commands/ServeCommandTest.php" line="37" class="Hyde\Framework\Testing\Feature\Commands\ServeCommandTest" classname="Hyde.Framework.Testing.Feature.Commands.ServeCommandTest" assertions="3" time="0.005699"/>
        <testcase name="testHydeServeCommandWithHostOption" file="/home/runner/work/develop/develop/packages/framework/tests/Feature/Commands/ServeCommandTest.php" line="46" class="Hyde\Framework\Testing\Feature\Commands\ServeCommandTest" classname="Hyde.Framework.Testing.Feature.Commands.ServeCommandTest" assertions="3" time="0.005675"/>
        <testcase name="testHydeServeCommandWithPortAndHostOption" file="/home/runner/work/develop/develop/packages/framework/tests/Feature/Commands/ServeCommandTest.php" line="55" class="Hyde\Framework\Testing\Feature\Commands\ServeCommandTest" classname="Hyde.Framework.Testing.Feature.Commands.ServeCommandTest" assertions="3" time="0.014800"/>
        <testcase name="testHydeServeCommandWithPortDefinedInConfig" file="/home/runner/work/develop/develop/packages/framework/tests/Feature/Commands/ServeCommandTest.php" line="64" class="Hyde\Framework\Testing\Feature\Commands\ServeCommandTest" classname="Hyde.Framework.Testing.Feature.Commands.ServeCommandTest" assertions="3" time="0.005725"/>
        <testcase name="testHydeServeCommandWithPortDefinedInConfigAndPortOption" file="/home/runner/work/develop/develop/packages/framework/tests/Feature/Commands/ServeCommandTest.php" line="75" class="Hyde\Framework\Testing\Feature\Commands\ServeCommandTest" classname="Hyde.Framework.Testing.Feature.Commands.ServeCommandTest" assertions="3" time="0.005743"/>
        <testcase name="testHydeServeCommandWithPortMissingInConfigAndPortOption" file="/home/runner/work/develop/develop/packages/framework/tests/Feature/Commands/ServeCommandTest.php" line="86" class="Hyde\Framework\Testing\Feature\Commands\ServeCommandTest" classname="Hyde.Framework.Testing.Feature.Commands.ServeCommandTest" assertions="3" time="0.005837"/>
        <testcase name="testHydeServeCommandWithHostDefinedInConfig" file="/home/runner/work/develop/develop/packages/framework/tests/Feature/Commands/ServeCommandTest.php" line="97" class="Hyde\Framework\Testing\Feature\Commands\ServeCommandTest" classname="Hyde.Framework.Testing.Feature.Commands.ServeCommandTest" assertions="3" time="0.005637"/>
        <testcase name="testHydeServeCommandWithHostDefinedInConfigAndHostOption" file="/home/runner/work/develop/develop/packages/framework/tests/Feature/Commands/ServeCommandTest.php" line="108" class="Hyde\Framework\Testing\Feature\Commands\ServeCommandTest" classname="Hyde.Framework.Testing.Feature.Commands.ServeCommandTest" assertions="3" time="0.005728"/>
        <testcase name="testHydeServeCommandWithHostMissingInConfigAndHostOption" file="/home/runner/work/develop/develop/packages/framework/tests/Feature/Commands/ServeCommandTest.php" line="119" class="Hyde\Framework\Testing\Feature\Commands\ServeCommandTest" classname="Hyde.Framework.Testing.Feature.Commands.ServeCommandTest" assertions="3" time="0.005823"/>
        <testcase name="testHydeServeCommandWithInvalidConfigValue" file="/home/runner/work/develop/develop/packages/framework/tests/Feature/Commands/ServeCommandTest.php" line="130" class="Hyde\Framework\Testing\Feature\Commands\ServeCommandTest" classname="Hyde.Framework.Testing.Feature.Commands.ServeCommandTest" assertions="2" time="0.005291"/>
        <testcase name="testHydeServeCommandPassesThroughProcessOutput" file="/home/runner/work/develop/develop/packages/framework/tests/Feature/Commands/ServeCommandTest.php" line="140" class="Hyde\Framework\Testing\Feature\Commands\ServeCommandTest" classname="Hyde.Framework.Testing.Feature.Commands.ServeCommandTest" assertions="6" time="0.009126"/>
        <testcase name="testWithFancyOutput" file="/home/runner/work/develop/develop/packages/framework/tests/Feature/Commands/ServeCommandTest.php" line="167" class="Hyde\Framework\Testing\Feature\Commands\ServeCommandTest" classname="Hyde.Framework.Testing.Feature.Commands.ServeCommandTest" assertions="3" time="0.009690"/>
      </testsuite>
      <testsuite name="Hyde\Framework\Testing\Feature\Commands\ValidateCommandTest" file="/home/runner/work/develop/develop/packages/framework/tests/Feature/Commands/ValidateCommandTest.php" tests="2" assertions="8" errors="0" failures="0" skipped="0" time="0.041719">
        <testcase name="testValidateCommandCanRun" file="/home/runner/work/develop/develop/packages/framework/tests/Feature/Commands/ValidateCommandTest.php" line="18" class="Hyde\Framework\Testing\Feature\Commands\ValidateCommandTest" classname="Hyde.Framework.Testing.Feature.Commands.ValidateCommandTest" assertions="5" time="0.030907"/>
        <testcase name="testValidateCommandCanRunWithSkips" file="/home/runner/work/develop/develop/packages/framework/tests/Feature/Commands/ValidateCommandTest.php" line="31" class="Hyde\Framework\Testing\Feature\Commands\ValidateCommandTest" classname="Hyde.Framework.Testing.Feature.Commands.ValidateCommandTest" assertions="3" time="0.010812"/>
      </testsuite>
      <testsuite name="Hyde\Framework\Testing\Feature\Commands\VendorPublishCommandTest" file="/home/runner/work/develop/develop/packages/framework/tests/Feature/Commands/VendorPublishCommandTest.php" tests="5" assertions="13" errors="0" failures="0" skipped="0" time="0.036518">
        <testcase name="testCommandPromptsForProviderOrTag" file="/home/runner/work/develop/develop/packages/framework/tests/Feature/Commands/VendorPublishCommandTest.php" line="36" class="Hyde\Framework\Testing\Feature\Commands\VendorPublishCommandTest" classname="Hyde.Framework.Testing.Feature.Commands.VendorPublishCommandTest" assertions="3" time="0.007665"/>
        <testcase name="testUnhelpfulPublishersAreRemoved" file="/home/runner/work/develop/develop/packages/framework/tests/Feature/Commands/VendorPublishCommandTest.php" line="54" class="Hyde\Framework\Testing\Feature\Commands\VendorPublishCommandTest" classname="Hyde.Framework.Testing.Feature.Commands.VendorPublishCommandTest" assertions="3" time="0.006126"/>
        <testcase name="testConfigGroupIsRenamedToBeMoreHelpful" file="/home/runner/work/develop/develop/packages/framework/tests/Feature/Commands/VendorPublishCommandTest.php" line="67" class="Hyde\Framework\Testing\Feature\Commands\VendorPublishCommandTest" classname="Hyde.Framework.Testing.Feature.Commands.VendorPublishCommandTest" assertions="3" time="0.006166"/>
        <testcase name="testCanSelectDefault" file="/home/runner/work/develop/develop/packages/framework/tests/Feature/Commands/VendorPublishCommandTest.php" line="81" class="Hyde\Framework\Testing\Feature\Commands\VendorPublishCommandTest" classname="Hyde.Framework.Testing.Feature.Commands.VendorPublishCommandTest" assertions="3" time="0.006054"/>
        <testcase name="testStatusMethod" file="/home/runner/work/develop/develop/packages/framework/tests/Feature/Commands/VendorPublishCommandTest.php" line="92" class="Hyde\Framework\Testing\Feature\Commands\VendorPublishCommandTest" classname="Hyde.Framework.Testing.Feature.Commands.VendorPublishCommandTest" assertions="1" time="0.010507"/>
      </testsuite>
      <testsuite name="Hyde\Framework\Testing\Feature\ConfigurableFeaturesTest" file="/home/runner/work/develop/develop/packages/framework/tests/Feature/ConfigurableFeaturesTest.php" tests="10" assertions="71" errors="0" failures="0" skipped="0" time="0.046951">
        <testcase name="testHasFeatureReturnsFalseWhenFeatureIsNotEnabled" file="/home/runner/work/develop/develop/packages/framework/tests/Feature/ConfigurableFeaturesTest.php" line="16" class="Hyde\Framework\Testing\Feature\ConfigurableFeaturesTest" classname="Hyde.Framework.Testing.Feature.ConfigurableFeaturesTest" assertions="8" time="0.004133"/>
        <testcase name="testHasFeatureReturnsTrueWhenFeatureIsEnabled" file="/home/runner/work/develop/develop/packages/framework/tests/Feature/ConfigurableFeaturesTest.php" line="28" class="Hyde\Framework\Testing\Feature\ConfigurableFeaturesTest" classname="Hyde.Framework.Testing.Feature.ConfigurableFeaturesTest" assertions="17" time="0.004803"/>
        <testcase name="testCanGenerateSitemapHelperReturnsTrueIfHydeHasBaseUrl" file="/home/runner/work/develop/develop/packages/framework/tests/Feature/ConfigurableFeaturesTest.php" line="44" class="Hyde\Framework\Testing\Feature\ConfigurableFeaturesTest" classname="Hyde.Framework.Testing.Feature.ConfigurableFeaturesTest" assertions="1" time="0.003188"/>
        <testcase name="testCanGenerateSitemapHelperReturnsFalseIfHydeDoesNotHaveBaseUrl" file="/home/runner/work/develop/develop/packages/framework/tests/Feature/ConfigurableFeaturesTest.php" line="50" class="Hyde\Framework\Testing\Feature\ConfigurableFeaturesTest" classname="Hyde.Framework.Testing.Feature.ConfigurableFeaturesTest" assertions="1" time="0.003189"/>
        <testcase name="testCanGenerateSitemapHelperReturnsFalseIfSitemapsAreDisabledInConfig" file="/home/runner/work/develop/develop/packages/framework/tests/Feature/ConfigurableFeaturesTest.php" line="56" class="Hyde\Framework\Testing\Feature\ConfigurableFeaturesTest" classname="Hyde.Framework.Testing.Feature.ConfigurableFeaturesTest" assertions="1" time="0.003285"/>
        <testcase name="testToArrayMethodReturnsMethodArray" file="/home/runner/work/develop/develop/packages/framework/tests/Feature/ConfigurableFeaturesTest.php" line="63" class="Hyde\Framework\Testing\Feature\ConfigurableFeaturesTest" classname="Hyde.Framework.Testing.Feature.ConfigurableFeaturesTest" assertions="26" time="0.010119"/>
        <testcase name="testToArrayMethodContainsAllSettings" file="/home/runner/work/develop/develop/packages/framework/tests/Feature/ConfigurableFeaturesTest.php" line="75" class="Hyde\Framework\Testing\Feature\ConfigurableFeaturesTest" classname="Hyde.Framework.Testing.Feature.ConfigurableFeaturesTest" assertions="9" time="0.008530"/>
        <testcase name="testFeaturesCanBeMocked" file="/home/runner/work/develop/develop/packages/framework/tests/Feature/ConfigurableFeaturesTest.php" line="91" class="Hyde\Framework\Testing\Feature\ConfigurableFeaturesTest" classname="Hyde.Framework.Testing.Feature.ConfigurableFeaturesTest" assertions="2" time="0.003051"/>
        <testcase name="testDynamicFeaturesCanBeMocked" file="/home/runner/work/develop/develop/packages/framework/tests/Feature/ConfigurableFeaturesTest.php" line="100" class="Hyde\Framework\Testing\Feature\ConfigurableFeaturesTest" classname="Hyde.Framework.Testing.Feature.ConfigurableFeaturesTest" assertions="2" time="0.003207"/>
        <testcase name="testMultipleFeaturesCanBeMocked" file="/home/runner/work/develop/develop/packages/framework/tests/Feature/ConfigurableFeaturesTest.php" line="109" class="Hyde\Framework\Testing\Feature\ConfigurableFeaturesTest" classname="Hyde.Framework.Testing.Feature.ConfigurableFeaturesTest" assertions="4" time="0.003446"/>
      </testsuite>
      <testsuite name="Hyde\Framework\Testing\Feature\ConfigurableSourceRootsFeatureTest" file="/home/runner/work/develop/develop/packages/framework/tests/Feature/ConfigurableSourceRootsFeatureTest.php" tests="4" assertions="5" errors="0" failures="0" skipped="0" time="0.041330">
        <testcase name="testDefaultConfigValueIsEmptyString" file="/home/runner/work/develop/develop/packages/framework/tests/Feature/ConfigurableSourceRootsFeatureTest.php" line="23" class="Hyde\Framework\Testing\Feature\ConfigurableSourceRootsFeatureTest" classname="Hyde.Framework.Testing.Feature.ConfigurableSourceRootsFeatureTest" assertions="1" time="0.003090"/>
        <testcase name="testFilesInCustomSourceRootCanBeDiscovered" file="/home/runner/work/develop/develop/packages/framework/tests/Feature/ConfigurableSourceRootsFeatureTest.php" line="28" class="Hyde\Framework\Testing\Feature\ConfigurableSourceRootsFeatureTest" classname="Hyde.Framework.Testing.Feature.ConfigurableSourceRootsFeatureTest" assertions="2" time="0.007744"/>
        <testcase name="testFilesInCustomSourceRootCanBeCompiled" file="/home/runner/work/develop/develop/packages/framework/tests/Feature/ConfigurableSourceRootsFeatureTest.php" line="38" class="Hyde\Framework\Testing\Feature\ConfigurableSourceRootsFeatureTest" classname="Hyde.Framework.Testing.Feature.ConfigurableSourceRootsFeatureTest" assertions="1" time="0.026704"/>
        <testcase name="testHydePagePathMethodSupportsCustomSourceRoots" file="/home/runner/work/develop/develop/packages/framework/tests/Feature/ConfigurableSourceRootsFeatureTest.php" line="50" class="Hyde\Framework\Testing\Feature\ConfigurableSourceRootsFeatureTest" classname="Hyde.Framework.Testing.Feature.ConfigurableSourceRootsFeatureTest" assertions="1" time="0.003792"/>
      </testsuite>
      <testsuite name="Hyde\Framework\Testing\Feature\ConsoleKernelTest" file="/home/runner/work/develop/develop/packages/framework/tests/Feature/ConsoleKernelTest.php" tests="3" assertions="5" errors="0" failures="0" skipped="0" time="0.010514">
        <testcase name="testIsInstantiable" file="/home/runner/work/develop/develop/packages/framework/tests/Feature/ConsoleKernelTest.php" line="18" class="Hyde\Framework\Testing\Feature\ConsoleKernelTest" classname="Hyde.Framework.Testing.Feature.ConsoleKernelTest" assertions="1" time="0.003250"/>
        <testcase name="testClassImplementsKernelInterface" file="/home/runner/work/develop/develop/packages/framework/tests/Feature/ConsoleKernelTest.php" line="23" class="Hyde\Framework\Testing\Feature\ConsoleKernelTest" classname="Hyde.Framework.Testing.Feature.ConsoleKernelTest" assertions="1" time="0.003310"/>
        <testcase name="testBootstrappers" file="/home/runner/work/develop/develop/packages/framework/tests/Feature/ConsoleKernelTest.php" line="28" class="Hyde\Framework\Testing\Feature\ConsoleKernelTest" classname="Hyde.Framework.Testing.Feature.ConsoleKernelTest" assertions="3" time="0.003953"/>
      </testsuite>
      <testsuite name="Hyde\Framework\Testing\Feature\ConvertsArrayToFrontMatterTest" file="/home/runner/work/develop/develop/packages/framework/tests/Feature/ConvertsArrayToFrontMatterTest.php" tests="2" assertions="2" errors="0" failures="0" skipped="0" time="0.006383">
        <testcase name="testActionConvertsAnArrayToFrontMatter" file="/home/runner/work/develop/develop/packages/framework/tests/Feature/ConvertsArrayToFrontMatterTest.php" line="15" class="Hyde\Framework\Testing\Feature\ConvertsArrayToFrontMatterTest" classname="Hyde.Framework.Testing.Feature.ConvertsArrayToFrontMatterTest" assertions="1" time="0.003314"/>
        <testcase name="testActionReturnsEmptyStringIfArrayIsEmpty" file="/home/runner/work/develop/develop/packages/framework/tests/Feature/ConvertsArrayToFrontMatterTest.php" line="42" class="Hyde\Framework\Testing\Feature\ConvertsArrayToFrontMatterTest" classname="Hyde.Framework.Testing.Feature.ConvertsArrayToFrontMatterTest" assertions="1" time="0.003069"/>
      </testsuite>
      <testsuite name="Hyde\Framework\Testing\Feature\DarkmodeFeatureTest" file="/home/runner/work/develop/develop/packages/framework/tests/Feature/DarkmodeFeatureTest.php" tests="5" assertions="10" errors="0" failures="0" skipped="0" time="0.062574">
        <testcase name="testHasDarkmode" file="/home/runner/work/develop/develop/packages/framework/tests/Feature/DarkmodeFeatureTest.php" line="26" class="Hyde\Framework\Testing\Feature\DarkmodeFeatureTest" classname="Hyde.Framework.Testing.Feature.DarkmodeFeatureTest" assertions="2" time="0.003797"/>
        <testcase name="testLayoutHasToggleButtonAndScriptWhenEnabled" file="/home/runner/work/develop/develop/packages/framework/tests/Feature/DarkmodeFeatureTest.php" line="39" class="Hyde\Framework\Testing\Feature\DarkmodeFeatureTest" classname="Hyde.Framework.Testing.Feature.DarkmodeFeatureTest" assertions="2" time="0.012951"/>
        <testcase name="testDocumentationPageHasToggleButtonAndScriptWhenEnabled" file="/home/runner/work/develop/develop/packages/framework/tests/Feature/DarkmodeFeatureTest.php" line="57" class="Hyde\Framework\Testing\Feature\DarkmodeFeatureTest" classname="Hyde.Framework.Testing.Feature.DarkmodeFeatureTest" assertions="2" time="0.012065"/>
        <testcase name="testDarkModeThemeButtonIsHiddenInLayoutsWhenDisabled" file="/home/runner/work/develop/develop/packages/framework/tests/Feature/DarkmodeFeatureTest.php" line="76" class="Hyde\Framework\Testing\Feature\DarkmodeFeatureTest" classname="Hyde.Framework.Testing.Feature.DarkmodeFeatureTest" assertions="2" time="0.021707"/>
        <testcase name="testDarkModeThemeButtonIsHiddenInDocumentationPagesWhenDisabled" file="/home/runner/work/develop/develop/packages/framework/tests/Feature/DarkmodeFeatureTest.php" line="93" class="Hyde\Framework\Testing\Feature\DarkmodeFeatureTest" classname="Hyde.Framework.Testing.Feature.DarkmodeFeatureTest" assertions="2" time="0.012054"/>
      </testsuite>
      <testsuite name="Hyde\Framework\Testing\Feature\DataCollectionTest" file="/home/runner/work/develop/develop/packages/framework/tests/Feature/DataCollectionTest.php" tests="15" assertions="19" errors="0" failures="0" skipped="0" time="0.085897">
        <testcase name="testMarkdownCollections" file="/home/runner/work/develop/develop/packages/framework/tests/Feature/DataCollectionTest.php" line="21" class="Hyde\Framework\Testing\Feature\DataCollectionTest" classname="Hyde.Framework.Testing.Feature.DataCollectionTest" assertions="1" time="0.017276"/>
        <testcase name="testYamlCollections" file="/home/runner/work/develop/develop/packages/framework/tests/Feature/DataCollectionTest.php" line="33" class="Hyde\Framework\Testing\Feature\DataCollectionTest" classname="Hyde.Framework.Testing.Feature.DataCollectionTest" assertions="1" time="0.005448"/>
        <testcase name="testJsonCollections" file="/home/runner/work/develop/develop/packages/framework/tests/Feature/DataCollectionTest.php" line="45" class="Hyde\Framework\Testing\Feature\DataCollectionTest" classname="Hyde.Framework.Testing.Feature.DataCollectionTest" assertions="1" time="0.005063"/>
        <testcase name="testJsonCollectionsAsArrays" file="/home/runner/work/develop/develop/packages/framework/tests/Feature/DataCollectionTest.php" line="57" class="Hyde\Framework\Testing\Feature\DataCollectionTest" classname="Hyde.Framework.Testing.Feature.DataCollectionTest" assertions="1" time="0.005029"/>
        <testcase name="testFindMarkdownFilesMethodReturnsEmptyArrayIfTheSpecifiedDirectoryDoesNotExist" file="/home/runner/work/develop/develop/packages/framework/tests/Feature/DataCollectionTest.php" line="69" class="Hyde\Framework\Testing\Feature\DataCollectionTest" classname="Hyde.Framework.Testing.Feature.DataCollectionTest" assertions="2" time="0.004033"/>
        <testcase name="testFindMarkdownFilesMethodReturnsEmptyArrayIfNoFilesAreFoundInSpecifiedDirectory" file="/home/runner/work/develop/develop/packages/framework/tests/Feature/DataCollectionTest.php" line="76" class="Hyde\Framework\Testing\Feature\DataCollectionTest" classname="Hyde.Framework.Testing.Feature.DataCollectionTest" assertions="2" time="0.004584"/>
        <testcase name="testFindMarkdownFilesMethodReturnsAnArrayOfMarkdownFilesInTheSpecifiedDirectory" file="/home/runner/work/develop/develop/packages/framework/tests/Feature/DataCollectionTest.php" line="85" class="Hyde\Framework\Testing\Feature\DataCollectionTest" classname="Hyde.Framework.Testing.Feature.DataCollectionTest" assertions="1" time="0.005326"/>
        <testcase name="testFindMarkdownFilesMethodDoesNotIncludeFilesInSubdirectories" file="/home/runner/work/develop/develop/packages/framework/tests/Feature/DataCollectionTest.php" line="97" class="Hyde\Framework\Testing\Feature\DataCollectionTest" classname="Hyde.Framework.Testing.Feature.DataCollectionTest" assertions="1" time="0.005256"/>
        <testcase name="testFindMarkdownFilesMethodDoesNotIncludeFilesWithExtensionsOtherThanMd" file="/home/runner/work/develop/develop/packages/framework/tests/Feature/DataCollectionTest.php" line="109" class="Hyde\Framework\Testing\Feature\DataCollectionTest" classname="Hyde.Framework.Testing.Feature.DataCollectionTest" assertions="1" time="0.004972"/>
        <testcase name="testFindMarkdownFilesMethodDoesNotRemoveFilesStartingWithAnUnderscore" file="/home/runner/work/develop/develop/packages/framework/tests/Feature/DataCollectionTest.php" line="120" class="Hyde\Framework\Testing\Feature\DataCollectionTest" classname="Hyde.Framework.Testing.Feature.DataCollectionTest" assertions="1" time="0.004712"/>
        <testcase name="testStaticMarkdownHelperDiscoversAndParsesMarkdownFilesInTheSpecifiedDirectory" file="/home/runner/work/develop/develop/packages/framework/tests/Feature/DataCollectionTest.php" line="130" class="Hyde\Framework\Testing\Feature\DataCollectionTest" classname="Hyde.Framework.Testing.Feature.DataCollectionTest" assertions="1" time="0.005365"/>
        <testcase name="testStaticMarkdownHelperDoestNotIgnoreFilesStartingWithAnUnderscore" file="/home/runner/work/develop/develop/packages/framework/tests/Feature/DataCollectionTest.php" line="142" class="Hyde\Framework\Testing\Feature\DataCollectionTest" classname="Hyde.Framework.Testing.Feature.DataCollectionTest" assertions="1" time="0.005048"/>
        <testcase name="testSourceDirectoryCanBeChanged" file="/home/runner/work/develop/develop/packages/framework/tests/Feature/DataCollectionTest.php" line="151" class="Hyde\Framework\Testing\Feature\DataCollectionTest" classname="Hyde.Framework.Testing.Feature.DataCollectionTest" assertions="1" time="0.004762"/>
        <testcase name="testSourceDirectoryIsAutomaticallyAddedIfMissing" file="/home/runner/work/develop/develop/packages/framework/tests/Feature/DataCollectionTest.php" line="164" class="Hyde\Framework\Testing\Feature\DataCollectionTest" classname="Hyde.Framework.Testing.Feature.DataCollectionTest" assertions="2" time="0.004498"/>
        <testcase name="testCustomSourceDirectoryIsAutomaticallyAddedIfMissing" file="/home/runner/work/develop/develop/packages/framework/tests/Feature/DataCollectionTest.php" line="175" class="Hyde\Framework\Testing\Feature\DataCollectionTest" classname="Hyde.Framework.Testing.Feature.DataCollectionTest" assertions="2" time="0.004523"/>
      </testsuite>
      <testsuite name="Hyde\Framework\Testing\Feature\DiscoveryServiceTest" file="/home/runner/work/develop/develop/packages/framework/tests/Feature/DiscoveryServiceTest.php" tests="18" assertions="38" errors="0" failures="0" skipped="0" time="0.075762">
        <testcase name="testGetSourceFileListForModelMethodFindsDefaultModelProperties" file="/home/runner/work/develop/develop/packages/framework/tests/Feature/DiscoveryServiceTest.php" line="53" class="Hyde\Framework\Testing\Feature\DiscoveryServiceTest" classname="Hyde.Framework.Testing.Feature.DiscoveryServiceTest" assertions="1" time="0.007086"/>
        <testcase name="testGetSourceFileListForModelMethodFindsCustomizedSourceDirectory" file="/home/runner/work/develop/develop/packages/framework/tests/Feature/DiscoveryServiceTest.php" line="59" class="Hyde\Framework\Testing\Feature\DiscoveryServiceTest" classname="Hyde.Framework.Testing.Feature.DiscoveryServiceTest" assertions="1" time="0.006633"/>
        <testcase name="testGetSourceFileListForModelMethodFindsCustomizedFileExtension" file="/home/runner/work/develop/develop/packages/framework/tests/Feature/DiscoveryServiceTest.php" line="69" class="Hyde\Framework\Testing\Feature\DiscoveryServiceTest" classname="Hyde.Framework.Testing.Feature.DiscoveryServiceTest" assertions="1" time="0.006694"/>
        <testcase name="testGetMediaAssetFiles" file="/home/runner/work/develop/develop/packages/framework/tests/Feature/DiscoveryServiceTest.php" line="82" class="Hyde\Framework\Testing\Feature\DiscoveryServiceTest" classname="Hyde.Framework.Testing.Feature.DiscoveryServiceTest" assertions="1" time="0.002266"/>
        <testcase name="testGetMediaAssetFilesDiscoversFiles" file="/home/runner/work/develop/develop/packages/framework/tests/Feature/DiscoveryServiceTest.php" line="87" class="Hyde\Framework\Testing\Feature\DiscoveryServiceTest" classname="Hyde.Framework.Testing.Feature.DiscoveryServiceTest" assertions="8" time="0.007746"/>
        <testcase name="testGetMediaAssetFilesDiscoversCustomFileTypes" file="/home/runner/work/develop/develop/packages/framework/tests/Feature/DiscoveryServiceTest.php" line="98" class="Hyde\Framework\Testing\Feature\DiscoveryServiceTest" classname="Hyde.Framework.Testing.Feature.DiscoveryServiceTest" assertions="2" time="0.002779"/>
        <testcase name="testGetMediaAssetFilesDiscoversFilesRecursively" file="/home/runner/work/develop/develop/packages/framework/tests/Feature/DiscoveryServiceTest.php" line="107" class="Hyde\Framework\Testing\Feature\DiscoveryServiceTest" classname="Hyde.Framework.Testing.Feature.DiscoveryServiceTest" assertions="1" time="0.003015"/>
        <testcase name="testGetMediaAssetFilesDiscoversFilesVeryRecursively" file="/home/runner/work/develop/develop/packages/framework/tests/Feature/DiscoveryServiceTest.php" line="115" class="Hyde\Framework\Testing\Feature\DiscoveryServiceTest" classname="Hyde.Framework.Testing.Feature.DiscoveryServiceTest" assertions="1" time="0.003214"/>
        <testcase name="testMediaAssetExtensionsCanBeAddedByCommaSeparatedValues" file="/home/runner/work/develop/develop/packages/framework/tests/Feature/DiscoveryServiceTest.php" line="124" class="Hyde\Framework\Testing\Feature\DiscoveryServiceTest" classname="Hyde.Framework.Testing.Feature.DiscoveryServiceTest" assertions="2" time="0.002961"/>
        <testcase name="testMediaAssetExtensionsCanBeAddedByArray" file="/home/runner/work/develop/develop/packages/framework/tests/Feature/DiscoveryServiceTest.php" line="137" class="Hyde\Framework\Testing\Feature\DiscoveryServiceTest" classname="Hyde.Framework.Testing.Feature.DiscoveryServiceTest" assertions="2" time="0.002939"/>
        <testcase name="testBladePageFilesStartingWithUnderscoreAreIgnored" file="/home/runner/work/develop/develop/packages/framework/tests/Feature/DiscoveryServiceTest.php" line="149" class="Hyde\Framework\Testing\Feature\DiscoveryServiceTest" classname="Hyde.Framework.Testing.Feature.DiscoveryServiceTest" assertions="1" time="0.005590"/>
        <testcase name="testMarkdownPageFilesStartingWithUnderscoreAreIgnored" file="/home/runner/work/develop/develop/packages/framework/tests/Feature/DiscoveryServiceTest.php" line="155" class="Hyde\Framework\Testing\Feature\DiscoveryServiceTest" classname="Hyde.Framework.Testing.Feature.DiscoveryServiceTest" assertions="1" time="0.005351"/>
        <testcase name="testPostFilesStartingWithUnderscoreAreIgnored" file="/home/runner/work/develop/develop/packages/framework/tests/Feature/DiscoveryServiceTest.php" line="161" class="Hyde\Framework\Testing\Feature\DiscoveryServiceTest" classname="Hyde.Framework.Testing.Feature.DiscoveryServiceTest" assertions="1" time="0.005362"/>
        <testcase name="testDocumentationPageFilesStartingWithUnderscoreAreIgnored" file="/home/runner/work/develop/develop/packages/framework/tests/Feature/DiscoveryServiceTest.php" line="167" class="Hyde\Framework\Testing\Feature\DiscoveryServiceTest" classname="Hyde.Framework.Testing.Feature.DiscoveryServiceTest" assertions="1" time="0.005357"/>
        <testcase name="testBladePagePathToIdentifierHelperFormatsPathToIdentifier" file="/home/runner/work/develop/develop/packages/framework/tests/Feature/DiscoveryServiceTest.php" line="173" class="Hyde\Framework\Testing\Feature\DiscoveryServiceTest" classname="Hyde.Framework.Testing.Feature.DiscoveryServiceTest" assertions="5" time="0.002463"/>
        <testcase name="testMarkdownPagePathToIdentifierHelperFormatsPathToIdentifier" file="/home/runner/work/develop/develop/packages/framework/tests/Feature/DiscoveryServiceTest.php" line="183" class="Hyde\Framework\Testing\Feature\DiscoveryServiceTest" classname="Hyde.Framework.Testing.Feature.DiscoveryServiceTest" assertions="3" time="0.002085"/>
        <testcase name="testMarkdownPostPathToIdentifierHelperFormatsPathToIdentifier" file="/home/runner/work/develop/develop/packages/framework/tests/Feature/DiscoveryServiceTest.php" line="190" class="Hyde\Framework\Testing\Feature\DiscoveryServiceTest" classname="Hyde.Framework.Testing.Feature.DiscoveryServiceTest" assertions="3" time="0.002096"/>
        <testcase name="testDocumentationPagePathToIdentifierHelperFormatsPathToIdentifier" file="/home/runner/work/develop/develop/packages/framework/tests/Feature/DiscoveryServiceTest.php" line="197" class="Hyde\Framework\Testing\Feature\DiscoveryServiceTest" classname="Hyde.Framework.Testing.Feature.DiscoveryServiceTest" assertions="3" time="0.002126"/>
      </testsuite>
      <testsuite name="Hyde\Framework\Testing\Feature\DocumentationSearchPageTest" file="/home/runner/work/develop/develop/packages/framework/tests/Feature/DocumentationSearchPageTest.php" tests="9" assertions="9" errors="0" failures="0" skipped="0" time="0.044553">
        <testcase name="testCanCreateDocumentationSearchPageInstance" file="/home/runner/work/develop/develop/packages/framework/tests/Feature/DocumentationSearchPageTest.php" line="20" class="Hyde\Framework\Testing\Feature\DocumentationSearchPageTest" classname="Hyde.Framework.Testing.Feature.DocumentationSearchPageTest" assertions="1" time="0.004388"/>
        <testcase name="testRouteKeyIsSetToDocumentationOutputDirectory" file="/home/runner/work/develop/develop/packages/framework/tests/Feature/DocumentationSearchPageTest.php" line="25" class="Hyde\Framework\Testing\Feature\DocumentationSearchPageTest" classname="Hyde.Framework.Testing.Feature.DocumentationSearchPageTest" assertions="1" time="0.004242"/>
        <testcase name="testRouteKeyIsSetToConfiguredDocumentationOutputDirectory" file="/home/runner/work/develop/develop/packages/framework/tests/Feature/DocumentationSearchPageTest.php" line="31" class="Hyde\Framework\Testing\Feature\DocumentationSearchPageTest" classname="Hyde.Framework.Testing.Feature.DocumentationSearchPageTest" assertions="1" time="0.004266"/>
        <testcase name="testEnabledDefaultsToTrue" file="/home/runner/work/develop/develop/packages/framework/tests/Feature/DocumentationSearchPageTest.php" line="39" class="Hyde\Framework\Testing\Feature\DocumentationSearchPageTest" classname="Hyde.Framework.Testing.Feature.DocumentationSearchPageTest" assertions="1" time="0.007556"/>
        <testcase name="testEnabledIsFalseWhenDisabled" file="/home/runner/work/develop/develop/packages/framework/tests/Feature/DocumentationSearchPageTest.php" line="44" class="Hyde\Framework\Testing\Feature\DocumentationSearchPageTest" classname="Hyde.Framework.Testing.Feature.DocumentationSearchPageTest" assertions="1" time="0.002951"/>
        <testcase name="testEnabledIsFalseWhenRouteExists" file="/home/runner/work/develop/develop/packages/framework/tests/Feature/DocumentationSearchPageTest.php" line="50" class="Hyde\Framework\Testing\Feature\DocumentationSearchPageTest" classname="Hyde.Framework.Testing.Feature.DocumentationSearchPageTest" assertions="1" time="0.007622"/>
        <testcase name="testEnabledIsFalseWhenDisabledAndRouteExists" file="/home/runner/work/develop/develop/packages/framework/tests/Feature/DocumentationSearchPageTest.php" line="56" class="Hyde\Framework\Testing\Feature\DocumentationSearchPageTest" classname="Hyde.Framework.Testing.Feature.DocumentationSearchPageTest" assertions="1" time="0.007455"/>
        <testcase name="testStaticRouteKeyHelper" file="/home/runner/work/develop/develop/packages/framework/tests/Feature/DocumentationSearchPageTest.php" line="63" class="Hyde\Framework\Testing\Feature\DocumentationSearchPageTest" classname="Hyde.Framework.Testing.Feature.DocumentationSearchPageTest" assertions="1" time="0.002939"/>
        <testcase name="testStaticRouteKeyHelperWithCustomOutputDirectory" file="/home/runner/work/develop/develop/packages/framework/tests/Feature/DocumentationSearchPageTest.php" line="68" class="Hyde\Framework\Testing\Feature\DocumentationSearchPageTest" classname="Hyde.Framework.Testing.Feature.DocumentationSearchPageTest" assertions="1" time="0.003133"/>
      </testsuite>
      <testsuite name="Hyde\Framework\Testing\Feature\FeaturedImageFactoryTest" file="/home/runner/work/develop/develop/packages/framework/tests/Feature/FeaturedImageFactoryTest.php" tests="8" assertions="27" errors="0" failures="0" skipped="0" time="0.047998">
        <testcase name="testWithDataFromSchema" file="/home/runner/work/develop/develop/packages/framework/tests/Feature/FeaturedImageFactoryTest.php" line="19" class="Hyde\Framework\Testing\Feature\FeaturedImageFactoryTest" classname="Hyde.Framework.Testing.Feature.FeaturedImageFactoryTest" assertions="1" time="0.018910"/>
        <testcase name="testMakeMethodCreatesImageWhenPathIsSet" file="/home/runner/work/develop/develop/packages/framework/tests/Feature/FeaturedImageFactoryTest.php" line="48" class="Hyde\Framework\Testing\Feature\FeaturedImageFactoryTest" classname="Hyde.Framework.Testing.Feature.FeaturedImageFactoryTest" assertions="2" time="0.003678"/>
        <testcase name="testMakeMethodThrowsExceptionIfNoPathInformationIsSet" file="/home/runner/work/develop/develop/packages/framework/tests/Feature/FeaturedImageFactoryTest.php" line="58" class="Hyde\Framework\Testing\Feature\FeaturedImageFactoryTest" classname="Hyde.Framework.Testing.Feature.FeaturedImageFactoryTest" assertions="2" time="0.003296"/>
        <testcase name="testMakeMethodCanCreateImageFromJustString" file="/home/runner/work/develop/develop/packages/framework/tests/Feature/FeaturedImageFactoryTest.php" line="66" class="Hyde\Framework\Testing\Feature\FeaturedImageFactoryTest" classname="Hyde.Framework.Testing.Feature.FeaturedImageFactoryTest" assertions="2" time="0.003662"/>
        <testcase name="testMakeMethodCanCreateImageFromJustStringWithUrl" file="/home/runner/work/develop/develop/packages/framework/tests/Feature/FeaturedImageFactoryTest.php" line="76" class="Hyde\Framework\Testing\Feature\FeaturedImageFactoryTest" classname="Hyde.Framework.Testing.Feature.FeaturedImageFactoryTest" assertions="2" time="0.003389"/>
        <testcase name="testImagePathsAreNormalized" file="/home/runner/work/develop/develop/packages/framework/tests/Feature/FeaturedImageFactoryTest.php" line="86" class="Hyde\Framework\Testing\Feature\FeaturedImageFactoryTest" classname="Hyde.Framework.Testing.Feature.FeaturedImageFactoryTest" assertions="6" time="0.004979"/>
        <testcase name="testImagePathsAreNormalizedForCustomizedMediaDirectory" file="/home/runner/work/develop/develop/packages/framework/tests/Feature/FeaturedImageFactoryTest.php" line="97" class="Hyde\Framework\Testing\Feature\FeaturedImageFactoryTest" classname="Hyde.Framework.Testing.Feature.FeaturedImageFactoryTest" assertions="6" time="0.005021"/>
        <testcase name="testImagePathsAreNormalizedForCustomizedMediaDirectoryWithoutUnderscore" file="/home/runner/work/develop/develop/packages/framework/tests/Feature/FeaturedImageFactoryTest.php" line="110" class="Hyde\Framework\Testing\Feature\FeaturedImageFactoryTest" classname="Hyde.Framework.Testing.Feature.FeaturedImageFactoryTest" assertions="6" time="0.005063"/>
      </testsuite>
      <testsuite name="Hyde\Framework\Testing\Feature\FeaturedImageTest" file="/home/runner/work/develop/develop/packages/framework/tests/Feature/FeaturedImageTest.php" tests="7" assertions="19" errors="0" failures="0" skipped="0" time="0.040823">
        <testcase name="testGetMetadataArray" file="/home/runner/work/develop/develop/packages/framework/tests/Feature/FeaturedImageTest.php" line="20" class="Hyde\Framework\Testing\Feature\FeaturedImageTest" classname="Hyde.Framework.Testing.Feature.FeaturedImageTest" assertions="4" time="0.004243"/>
        <testcase name="testCanConstructFeaturedImage" file="/home/runner/work/develop/develop/packages/framework/tests/Feature/FeaturedImageTest.php" line="45" class="Hyde\Framework\Testing\Feature\FeaturedImageTest" classname="Hyde.Framework.Testing.Feature.FeaturedImageTest" assertions="2" time="0.003501"/>
        <testcase name="testFeaturedImageGetContentLength" file="/home/runner/work/develop/develop/packages/framework/tests/Feature/FeaturedImageTest.php" line="53" class="Hyde\Framework\Testing\Feature\FeaturedImageTest" classname="Hyde.Framework.Testing.Feature.FeaturedImageTest" assertions="1" time="0.003718"/>
        <testcase name="testFeaturedImageGetContentLengthWithRemoteSource" file="/home/runner/work/develop/develop/packages/framework/tests/Feature/FeaturedImageTest.php" line="61" class="Hyde\Framework\Testing\Feature\FeaturedImageTest" classname="Hyde.Framework.Testing.Feature.FeaturedImageTest" assertions="1" time="0.014638"/>
        <testcase name="testFeaturedImageGetContentLengthWithRemoteSourceAndNotFoundResponse" file="/home/runner/work/develop/develop/packages/framework/tests/Feature/FeaturedImageTest.php" line="73" class="Hyde\Framework\Testing\Feature\FeaturedImageTest" classname="Hyde.Framework.Testing.Feature.FeaturedImageTest" assertions="1" time="0.005622"/>
        <testcase name="testFeaturedImageGetContentLengthWithRemoteSourceAndInvalidResponse" file="/home/runner/work/develop/develop/packages/framework/tests/Feature/FeaturedImageTest.php" line="83" class="Hyde\Framework\Testing\Feature\FeaturedImageTest" classname="Hyde.Framework.Testing.Feature.FeaturedImageTest" assertions="1" time="0.003821"/>
        <testcase name="testGetSourceMethod" file="/home/runner/work/develop/develop/packages/framework/tests/Feature/FeaturedImageTest.php" line="95" class="Hyde\Framework\Testing\Feature\FeaturedImageTest" classname="Hyde.Framework.Testing.Feature.FeaturedImageTest" assertions="9" time="0.005280"/>
      </testsuite>
      <testsuite name="Hyde\Framework\Testing\Feature\FileCollectionTest" file="/home/runner/work/develop/develop/packages/framework/tests/Feature/FileCollectionTest.php" tests="9" assertions="16" errors="0" failures="0" skipped="0" time="0.052084">
        <testcase name="testBootMethodCreatesNewPageCollectionAndDiscoversPagesAutomatically" file="/home/runner/work/develop/develop/packages/framework/tests/Feature/FileCollectionTest.php" line="26" class="Hyde\Framework\Testing\Feature\FileCollectionTest" classname="Hyde.Framework.Testing.Feature.FileCollectionTest" assertions="3" time="0.004632"/>
        <testcase name="testGetFileReturnsParsedFileObjectForGivenFilePath" file="/home/runner/work/develop/develop/packages/framework/tests/Feature/FileCollectionTest.php" line="38" class="Hyde\Framework\Testing\Feature\FileCollectionTest" classname="Hyde.Framework.Testing.Feature.FileCollectionTest" assertions="1" time="0.008928"/>
        <testcase name="testGetFileThrowsExceptionWhenFileIsNotFound" file="/home/runner/work/develop/develop/packages/framework/tests/Feature/FileCollectionTest.php" line="45" class="Hyde\Framework\Testing\Feature\FileCollectionTest" classname="Hyde.Framework.Testing.Feature.FileCollectionTest" assertions="2" time="0.007134"/>
        <testcase name="testGetSourceFilesReturnsAllDiscoveredSourceFilesWhenNoParameterIsSupplied" file="/home/runner/work/develop/develop/packages/framework/tests/Feature/FileCollectionTest.php" line="53" class="Hyde\Framework\Testing\Feature\FileCollectionTest" classname="Hyde.Framework.Testing.Feature.FileCollectionTest" assertions="1" time="0.007143"/>
        <testcase name="testGetSourceFilesDoesNotIncludeNonPageSourceFiles" file="/home/runner/work/develop/develop/packages/framework/tests/Feature/FileCollectionTest.php" line="61" class="Hyde\Framework\Testing\Feature\FileCollectionTest" classname="Hyde.Framework.Testing.Feature.FileCollectionTest" assertions="1" time="0.005083"/>
        <testcase name="testBladePagesAreDiscovered" file="/home/runner/work/develop/develop/packages/framework/tests/Feature/FileCollectionTest.php" line="71" class="Hyde\Framework\Testing\Feature\FileCollectionTest" classname="Hyde.Framework.Testing.Feature.FileCollectionTest" assertions="2" time="0.004806"/>
        <testcase name="testMarkdownPagesAreDiscovered" file="/home/runner/work/develop/develop/packages/framework/tests/Feature/FileCollectionTest.php" line="80" class="Hyde\Framework\Testing\Feature\FileCollectionTest" classname="Hyde.Framework.Testing.Feature.FileCollectionTest" assertions="2" time="0.004788"/>
        <testcase name="testMarkdownPostsAreDiscovered" file="/home/runner/work/develop/develop/packages/framework/tests/Feature/FileCollectionTest.php" line="89" class="Hyde\Framework\Testing\Feature\FileCollectionTest" classname="Hyde.Framework.Testing.Feature.FileCollectionTest" assertions="2" time="0.004780"/>
        <testcase name="testDocumentationPagesAreDiscovered" file="/home/runner/work/develop/develop/packages/framework/tests/Feature/FileCollectionTest.php" line="98" class="Hyde\Framework\Testing\Feature\FileCollectionTest" classname="Hyde.Framework.Testing.Feature.FileCollectionTest" assertions="2" time="0.004791"/>
      </testsuite>
      <testsuite name="Hyde\Framework\Testing\Feature\FilesystemFacadeTest" file="/home/runner/work/develop/develop/packages/framework/tests/Feature/FilesystemFacadeTest.php" tests="59" assertions="66" errors="0" failures="0" skipped="0" time="0.225015">
        <testcase name="testBasePath" file="/home/runner/work/develop/develop/packages/framework/tests/Feature/FilesystemFacadeTest.php" line="21" class="Hyde\Framework\Testing\Feature\FilesystemFacadeTest" classname="Hyde.Framework.Testing.Feature.FilesystemFacadeTest" assertions="1" time="0.003294"/>
        <testcase name="testAbsolutePath" file="/home/runner/work/develop/develop/packages/framework/tests/Feature/FilesystemFacadeTest.php" line="26" class="Hyde\Framework\Testing\Feature\FilesystemFacadeTest" classname="Hyde.Framework.Testing.Feature.FilesystemFacadeTest" assertions="2" time="0.003419"/>
        <testcase name="testRelativePath" file="/home/runner/work/develop/develop/packages/framework/tests/Feature/FilesystemFacadeTest.php" line="32" class="Hyde\Framework\Testing\Feature\FilesystemFacadeTest" classname="Hyde.Framework.Testing.Feature.FilesystemFacadeTest" assertions="3" time="0.003441"/>
        <testcase name="testSmartGlob" file="/home/runner/work/develop/develop/packages/framework/tests/Feature/FilesystemFacadeTest.php" line="39" class="Hyde\Framework\Testing\Feature\FilesystemFacadeTest" classname="Hyde.Framework.Testing.Feature.FilesystemFacadeTest" assertions="2" time="0.008873"/>
        <testcase name="testTouch" file="/home/runner/work/develop/develop/packages/framework/tests/Feature/FilesystemFacadeTest.php" line="53" class="Hyde\Framework\Testing\Feature\FilesystemFacadeTest" classname="Hyde.Framework.Testing.Feature.FilesystemFacadeTest" assertions="1" time="0.004839"/>
        <testcase name="testUnlink" file="/home/runner/work/develop/develop/packages/framework/tests/Feature/FilesystemFacadeTest.php" line="61" class="Hyde\Framework\Testing\Feature\FilesystemFacadeTest" classname="Hyde.Framework.Testing.Feature.FilesystemFacadeTest" assertions="1" time="0.003407"/>
        <testcase name="testUnlinkIfExists" file="/home/runner/work/develop/develop/packages/framework/tests/Feature/FilesystemFacadeTest.php" line="69" class="Hyde\Framework\Testing\Feature\FilesystemFacadeTest" classname="Hyde.Framework.Testing.Feature.FilesystemFacadeTest" assertions="1" time="0.003391"/>
        <testcase name="testGetContents" file="/home/runner/work/develop/develop/packages/framework/tests/Feature/FilesystemFacadeTest.php" line="77" class="Hyde\Framework\Testing\Feature\FilesystemFacadeTest" classname="Hyde.Framework.Testing.Feature.FilesystemFacadeTest" assertions="1" time="0.004185"/>
        <testcase name="testPutContents" file="/home/runner/work/develop/develop/packages/framework/tests/Feature/FilesystemFacadeTest.php" line="84" class="Hyde\Framework\Testing\Feature\FilesystemFacadeTest" classname="Hyde.Framework.Testing.Feature.FilesystemFacadeTest" assertions="1" time="0.003783"/>
        <testcase name="testExists" file="/home/runner/work/develop/develop/packages/framework/tests/Feature/FilesystemFacadeTest.php" line="91" class="Hyde\Framework\Testing\Feature\FilesystemFacadeTest" classname="Hyde.Framework.Testing.Feature.FilesystemFacadeTest" assertions="1" time="0.005930"/>
        <testcase name="testMissing" file="/home/runner/work/develop/develop/packages/framework/tests/Feature/FilesystemFacadeTest.php" line="98" class="Hyde\Framework\Testing\Feature\FilesystemFacadeTest" classname="Hyde.Framework.Testing.Feature.FilesystemFacadeTest" assertions="1" time="0.003794"/>
        <testcase name="testGet" file="/home/runner/work/develop/develop/packages/framework/tests/Feature/FilesystemFacadeTest.php" line="105" class="Hyde\Framework\Testing\Feature\FilesystemFacadeTest" classname="Hyde.Framework.Testing.Feature.FilesystemFacadeTest" assertions="1" time="0.003967"/>
        <testcase name="testSharedGet" file="/home/runner/work/develop/develop/packages/framework/tests/Feature/FilesystemFacadeTest.php" line="112" class="Hyde\Framework\Testing\Feature\FilesystemFacadeTest" classname="Hyde.Framework.Testing.Feature.FilesystemFacadeTest" assertions="1" time="0.003820"/>
        <testcase name="testGetRequire" file="/home/runner/work/develop/develop/packages/framework/tests/Feature/FilesystemFacadeTest.php" line="119" class="Hyde\Framework\Testing\Feature\FilesystemFacadeTest" classname="Hyde.Framework.Testing.Feature.FilesystemFacadeTest" assertions="1" time="0.003970"/>
        <testcase name="testRequireOnce" file="/home/runner/work/develop/develop/packages/framework/tests/Feature/FilesystemFacadeTest.php" line="126" class="Hyde\Framework\Testing\Feature\FilesystemFacadeTest" classname="Hyde.Framework.Testing.Feature.FilesystemFacadeTest" assertions="1" time="0.003785"/>
        <testcase name="testLines" file="/home/runner/work/develop/develop/packages/framework/tests/Feature/FilesystemFacadeTest.php" line="133" class="Hyde\Framework\Testing\Feature\FilesystemFacadeTest" classname="Hyde.Framework.Testing.Feature.FilesystemFacadeTest" assertions="1" time="0.004949"/>
        <testcase name="testHash" file="/home/runner/work/develop/develop/packages/framework/tests/Feature/FilesystemFacadeTest.php" line="140" class="Hyde\Framework\Testing\Feature\FilesystemFacadeTest" classname="Hyde.Framework.Testing.Feature.FilesystemFacadeTest" assertions="1" time="0.003531"/>
        <testcase name="testPut" file="/home/runner/work/develop/develop/packages/framework/tests/Feature/FilesystemFacadeTest.php" line="147" class="Hyde\Framework\Testing\Feature\FilesystemFacadeTest" classname="Hyde.Framework.Testing.Feature.FilesystemFacadeTest" assertions="1" time="0.003491"/>
        <testcase name="testReplace" file="/home/runner/work/develop/develop/packages/framework/tests/Feature/FilesystemFacadeTest.php" line="154" class="Hyde\Framework\Testing\Feature\FilesystemFacadeTest" classname="Hyde.Framework.Testing.Feature.FilesystemFacadeTest" assertions="1" time="0.003540"/>
        <testcase name="testReplaceInFile" file="/home/runner/work/develop/develop/packages/framework/tests/Feature/FilesystemFacadeTest.php" line="161" class="Hyde\Framework\Testing\Feature\FilesystemFacadeTest" classname="Hyde.Framework.Testing.Feature.FilesystemFacadeTest" assertions="1" time="0.003547"/>
        <testcase name="testPrepend" file="/home/runner/work/develop/develop/packages/framework/tests/Feature/FilesystemFacadeTest.php" line="168" class="Hyde\Framework\Testing\Feature\FilesystemFacadeTest" classname="Hyde.Framework.Testing.Feature.FilesystemFacadeTest" assertions="1" time="0.003555"/>
        <testcase name="testAppend" file="/home/runner/work/develop/develop/packages/framework/tests/Feature/FilesystemFacadeTest.php" line="175" class="Hyde\Framework\Testing\Feature\FilesystemFacadeTest" classname="Hyde.Framework.Testing.Feature.FilesystemFacadeTest" assertions="1" time="0.004093"/>
        <testcase name="testChmod" file="/home/runner/work/develop/develop/packages/framework/tests/Feature/FilesystemFacadeTest.php" line="182" class="Hyde\Framework\Testing\Feature\FilesystemFacadeTest" classname="Hyde.Framework.Testing.Feature.FilesystemFacadeTest" assertions="1" time="0.003637"/>
        <testcase name="testDelete" file="/home/runner/work/develop/develop/packages/framework/tests/Feature/FilesystemFacadeTest.php" line="189" class="Hyde\Framework\Testing\Feature\FilesystemFacadeTest" classname="Hyde.Framework.Testing.Feature.FilesystemFacadeTest" assertions="1" time="0.003530"/>
        <testcase name="testDeleteWithArray" file="/home/runner/work/develop/develop/packages/framework/tests/Feature/FilesystemFacadeTest.php" line="196" class="Hyde\Framework\Testing\Feature\FilesystemFacadeTest" classname="Hyde.Framework.Testing.Feature.FilesystemFacadeTest" assertions="1" time="0.003627"/>
        <testcase name="testMove" file="/home/runner/work/develop/develop/packages/framework/tests/Feature/FilesystemFacadeTest.php" line="203" class="Hyde\Framework\Testing\Feature\FilesystemFacadeTest" classname="Hyde.Framework.Testing.Feature.FilesystemFacadeTest" assertions="1" time="0.003584"/>
        <testcase name="testCopy" file="/home/runner/work/develop/develop/packages/framework/tests/Feature/FilesystemFacadeTest.php" line="210" class="Hyde\Framework\Testing\Feature\FilesystemFacadeTest" classname="Hyde.Framework.Testing.Feature.FilesystemFacadeTest" assertions="1" time="0.003576"/>
        <testcase name="testLink" file="/home/runner/work/develop/develop/packages/framework/tests/Feature/FilesystemFacadeTest.php" line="217" class="Hyde\Framework\Testing\Feature\FilesystemFacadeTest" classname="Hyde.Framework.Testing.Feature.FilesystemFacadeTest" assertions="1" time="0.003601"/>
        <testcase name="testRelativeLink" file="/home/runner/work/develop/develop/packages/framework/tests/Feature/FilesystemFacadeTest.php" line="224" class="Hyde\Framework\Testing\Feature\FilesystemFacadeTest" classname="Hyde.Framework.Testing.Feature.FilesystemFacadeTest" assertions="1" time="0.003622"/>
        <testcase name="testName" file="/home/runner/work/develop/develop/packages/framework/tests/Feature/FilesystemFacadeTest.php" line="231" class="Hyde\Framework\Testing\Feature\FilesystemFacadeTest" classname="Hyde.Framework.Testing.Feature.FilesystemFacadeTest" assertions="1" time="0.003510"/>
        <testcase name="testBasename" file="/home/runner/work/develop/develop/packages/framework/tests/Feature/FilesystemFacadeTest.php" line="238" class="Hyde\Framework\Testing\Feature\FilesystemFacadeTest" classname="Hyde.Framework.Testing.Feature.FilesystemFacadeTest" assertions="1" time="0.003537"/>
        <testcase name="testDirname" file="/home/runner/work/develop/develop/packages/framework/tests/Feature/FilesystemFacadeTest.php" line="245" class="Hyde\Framework\Testing\Feature\FilesystemFacadeTest" classname="Hyde.Framework.Testing.Feature.FilesystemFacadeTest" assertions="1" time="0.003527"/>
        <testcase name="testExtension" file="/home/runner/work/develop/develop/packages/framework/tests/Feature/FilesystemFacadeTest.php" line="252" class="Hyde\Framework\Testing\Feature\FilesystemFacadeTest" classname="Hyde.Framework.Testing.Feature.FilesystemFacadeTest" assertions="1" time="0.003520"/>
        <testcase name="testGuessExtension" file="/home/runner/work/develop/develop/packages/framework/tests/Feature/FilesystemFacadeTest.php" line="259" class="Hyde\Framework\Testing\Feature\FilesystemFacadeTest" classname="Hyde.Framework.Testing.Feature.FilesystemFacadeTest" assertions="1" time="0.003619"/>
        <testcase name="testType" file="/home/runner/work/develop/develop/packages/framework/tests/Feature/FilesystemFacadeTest.php" line="266" class="Hyde\Framework\Testing\Feature\FilesystemFacadeTest" classname="Hyde.Framework.Testing.Feature.FilesystemFacadeTest" assertions="1" time="0.003485"/>
        <testcase name="testMimeType" file="/home/runner/work/develop/develop/packages/framework/tests/Feature/FilesystemFacadeTest.php" line="273" class="Hyde\Framework\Testing\Feature\FilesystemFacadeTest" classname="Hyde.Framework.Testing.Feature.FilesystemFacadeTest" assertions="1" time="0.003523"/>
        <testcase name="testSize" file="/home/runner/work/develop/develop/packages/framework/tests/Feature/FilesystemFacadeTest.php" line="280" class="Hyde\Framework\Testing\Feature\FilesystemFacadeTest" classname="Hyde.Framework.Testing.Feature.FilesystemFacadeTest" assertions="1" time="0.003514"/>
        <testcase name="testLastModified" file="/home/runner/work/develop/develop/packages/framework/tests/Feature/FilesystemFacadeTest.php" line="287" class="Hyde\Framework\Testing\Feature\FilesystemFacadeTest" classname="Hyde.Framework.Testing.Feature.FilesystemFacadeTest" assertions="1" time="0.003519"/>
        <testcase name="testIsDirectory" file="/home/runner/work/develop/develop/packages/framework/tests/Feature/FilesystemFacadeTest.php" line="294" class="Hyde\Framework\Testing\Feature\FilesystemFacadeTest" classname="Hyde.Framework.Testing.Feature.FilesystemFacadeTest" assertions="1" time="0.003548"/>
        <testcase name="testIsEmptyDirectory" file="/home/runner/work/develop/develop/packages/framework/tests/Feature/FilesystemFacadeTest.php" line="301" class="Hyde\Framework\Testing\Feature\FilesystemFacadeTest" classname="Hyde.Framework.Testing.Feature.FilesystemFacadeTest" assertions="1" time="0.003538"/>
        <testcase name="testIsReadable" file="/home/runner/work/develop/develop/packages/framework/tests/Feature/FilesystemFacadeTest.php" line="308" class="Hyde\Framework\Testing\Feature\FilesystemFacadeTest" classname="Hyde.Framework.Testing.Feature.FilesystemFacadeTest" assertions="1" time="0.003494"/>
        <testcase name="testIsWritable" file="/home/runner/work/develop/develop/packages/framework/tests/Feature/FilesystemFacadeTest.php" line="315" class="Hyde\Framework\Testing\Feature\FilesystemFacadeTest" classname="Hyde.Framework.Testing.Feature.FilesystemFacadeTest" assertions="1" time="0.003526"/>
        <testcase name="testHasSameHash" file="/home/runner/work/develop/develop/packages/framework/tests/Feature/FilesystemFacadeTest.php" line="322" class="Hyde\Framework\Testing\Feature\FilesystemFacadeTest" classname="Hyde.Framework.Testing.Feature.FilesystemFacadeTest" assertions="1" time="0.003593"/>
        <testcase name="testIsFile" file="/home/runner/work/develop/develop/packages/framework/tests/Feature/FilesystemFacadeTest.php" line="329" class="Hyde\Framework\Testing\Feature\FilesystemFacadeTest" classname="Hyde.Framework.Testing.Feature.FilesystemFacadeTest" assertions="1" time="0.003502"/>
        <testcase name="testGlob" file="/home/runner/work/develop/develop/packages/framework/tests/Feature/FilesystemFacadeTest.php" line="336" class="Hyde\Framework\Testing\Feature\FilesystemFacadeTest" classname="Hyde.Framework.Testing.Feature.FilesystemFacadeTest" assertions="1" time="0.003502"/>
        <testcase name="testFiles" file="/home/runner/work/develop/develop/packages/framework/tests/Feature/FilesystemFacadeTest.php" line="343" class="Hyde\Framework\Testing\Feature\FilesystemFacadeTest" classname="Hyde.Framework.Testing.Feature.FilesystemFacadeTest" assertions="1" time="0.003505"/>
        <testcase name="testAllFiles" file="/home/runner/work/develop/develop/packages/framework/tests/Feature/FilesystemFacadeTest.php" line="350" class="Hyde\Framework\Testing\Feature\FilesystemFacadeTest" classname="Hyde.Framework.Testing.Feature.FilesystemFacadeTest" assertions="1" time="0.003515"/>
        <testcase name="testDirectories" file="/home/runner/work/develop/develop/packages/framework/tests/Feature/FilesystemFacadeTest.php" line="357" class="Hyde\Framework\Testing\Feature\FilesystemFacadeTest" classname="Hyde.Framework.Testing.Feature.FilesystemFacadeTest" assertions="1" time="0.003510"/>
        <testcase name="testEnsureDirectoryExists" file="/home/runner/work/develop/develop/packages/framework/tests/Feature/FilesystemFacadeTest.php" line="364" class="Hyde\Framework\Testing\Feature\FilesystemFacadeTest" classname="Hyde.Framework.Testing.Feature.FilesystemFacadeTest" assertions="1" time="0.003533"/>
        <testcase name="testMakeDirectory" file="/home/runner/work/develop/develop/packages/framework/tests/Feature/FilesystemFacadeTest.php" line="371" class="Hyde\Framework\Testing\Feature\FilesystemFacadeTest" classname="Hyde.Framework.Testing.Feature.FilesystemFacadeTest" assertions="1" time="0.003518"/>
        <testcase name="testMoveDirectory" file="/home/runner/work/develop/develop/packages/framework/tests/Feature/FilesystemFacadeTest.php" line="378" class="Hyde\Framework\Testing\Feature\FilesystemFacadeTest" classname="Hyde.Framework.Testing.Feature.FilesystemFacadeTest" assertions="1" time="0.003587"/>
        <testcase name="testCopyDirectory" file="/home/runner/work/develop/develop/packages/framework/tests/Feature/FilesystemFacadeTest.php" line="385" class="Hyde\Framework\Testing\Feature\FilesystemFacadeTest" classname="Hyde.Framework.Testing.Feature.FilesystemFacadeTest" assertions="1" time="0.003582"/>
        <testcase name="testDeleteDirectory" file="/home/runner/work/develop/develop/packages/framework/tests/Feature/FilesystemFacadeTest.php" line="392" class="Hyde\Framework\Testing\Feature\FilesystemFacadeTest" classname="Hyde.Framework.Testing.Feature.FilesystemFacadeTest" assertions="1" time="0.003526"/>
        <testcase name="testDeleteDirectories" file="/home/runner/work/develop/develop/packages/framework/tests/Feature/FilesystemFacadeTest.php" line="399" class="Hyde\Framework\Testing\Feature\FilesystemFacadeTest" classname="Hyde.Framework.Testing.Feature.FilesystemFacadeTest" assertions="1" time="0.003509"/>
        <testcase name="testCleanDirectory" file="/home/runner/work/develop/develop/packages/framework/tests/Feature/FilesystemFacadeTest.php" line="406" class="Hyde\Framework\Testing\Feature\FilesystemFacadeTest" classname="Hyde.Framework.Testing.Feature.FilesystemFacadeTest" assertions="1" time="0.003522"/>
        <testcase name="testMethodWithoutMocking" file="/home/runner/work/develop/develop/packages/framework/tests/Feature/FilesystemFacadeTest.php" line="413" class="Hyde\Framework\Testing\Feature\FilesystemFacadeTest" classname="Hyde.Framework.Testing.Feature.FilesystemFacadeTest" assertions="2" time="0.004237"/>
        <testcase name="testMethodWithNamedArguments" file="/home/runner/work/develop/develop/packages/framework/tests/Feature/FilesystemFacadeTest.php" line="421" class="Hyde\Framework\Testing\Feature\FilesystemFacadeTest" classname="Hyde.Framework.Testing.Feature.FilesystemFacadeTest" assertions="2" time="0.005923"/>
        <testcase name="testMethodWithMixedSequentialAndNamedArguments" file="/home/runner/work/develop/develop/packages/framework/tests/Feature/FilesystemFacadeTest.php" line="429" class="Hyde\Framework\Testing\Feature\FilesystemFacadeTest" classname="Hyde.Framework.Testing.Feature.FilesystemFacadeTest" assertions="2" time="0.003692"/>
        <testcase name="testMethodWithMixedSequentialAndNamedArgumentsSkippingMiddleOne" file="/home/runner/work/develop/develop/packages/framework/tests/Feature/FilesystemFacadeTest.php" line="437" class="Hyde\Framework\Testing\Feature\FilesystemFacadeTest" classname="Hyde.Framework.Testing.Feature.FilesystemFacadeTest" assertions="1" time="0.003618"/>
      </testsuite>
      <testsuite name="Hyde\Framework\Testing\Feature\Foundation\FilesystemTest" file="/home/runner/work/develop/develop/packages/framework/tests/Feature/Foundation/FilesystemTest.php" tests="51" assertions="84" errors="0" failures="0" skipped="0" time="0.103684">
        <testcase name="testGetBasePathReturnsKernelsBasePath" file="/home/runner/work/develop/develop/packages/framework/tests/Feature/Foundation/FilesystemTest.php" line="50" class="Hyde\Framework\Testing\Feature\Foundation\FilesystemTest" classname="Hyde.Framework.Testing.Feature.Foundation.FilesystemTest" assertions="1" time="0.002046"/>
        <testcase name="testPathMethodExists" file="/home/runner/work/develop/develop/packages/framework/tests/Feature/Foundation/FilesystemTest.php" line="56" class="Hyde\Framework\Testing\Feature\Foundation\FilesystemTest" classname="Hyde.Framework.Testing.Feature.Foundation.FilesystemTest" assertions="1" time="0.001771"/>
        <testcase name="testPathMethodReturnsString" file="/home/runner/work/develop/develop/packages/framework/tests/Feature/Foundation/FilesystemTest.php" line="61" class="Hyde\Framework\Testing\Feature\Foundation\FilesystemTest" classname="Hyde.Framework.Testing.Feature.Foundation.FilesystemTest" assertions="1" time="0.001824"/>
        <testcase name="testPathMethodReturnsBasePathWhenNotSuppliedWithArgument" file="/home/runner/work/develop/develop/packages/framework/tests/Feature/Foundation/FilesystemTest.php" line="66" class="Hyde\Framework\Testing\Feature\Foundation\FilesystemTest" classname="Hyde.Framework.Testing.Feature.Foundation.FilesystemTest" assertions="1" time="0.001870"/>
        <testcase name="testPathMethodReturnsPathRelativeToBasePathWhenSuppliedWithArgument" file="/home/runner/work/develop/develop/packages/framework/tests/Feature/Foundation/FilesystemTest.php" line="72" class="Hyde\Framework\Testing\Feature\Foundation\FilesystemTest" classname="Hyde.Framework.Testing.Feature.Foundation.FilesystemTest" assertions="1" time="0.001949"/>
        <testcase name="testPathMethodReturnsQualifiedFilePathWhenSuppliedWithArgument" file="/home/runner/work/develop/develop/packages/framework/tests/Feature/Foundation/FilesystemTest.php" line="78" class="Hyde\Framework\Testing\Feature\Foundation\FilesystemTest" classname="Hyde.Framework.Testing.Feature.Foundation.FilesystemTest" assertions="1" time="0.001934"/>
        <testcase name="testPathMethodReturnsExpectedValueForNestedPathArguments" file="/home/runner/work/develop/develop/packages/framework/tests/Feature/Foundation/FilesystemTest.php" line="84" class="Hyde\Framework\Testing\Feature\Foundation\FilesystemTest" classname="Hyde.Framework.Testing.Feature.Foundation.FilesystemTest" assertions="1" time="0.001923"/>
        <testcase name="testPathMethodStripsTrailingDirectorySeparatorsFromArgument" file="/home/runner/work/develop/develop/packages/framework/tests/Feature/Foundation/FilesystemTest.php" line="90" class="Hyde\Framework\Testing\Feature\Foundation\FilesystemTest" classname="Hyde.Framework.Testing.Feature.Foundation.FilesystemTest" assertions="1" time="0.001958"/>
        <testcase name="testPathMethodReturnsExpectedValueRegardlessOfTrailingDirectorySeparatorsInArgument" file="/home/runner/work/develop/develop/packages/framework/tests/Feature/Foundation/FilesystemTest.php" line="96" class="Hyde\Framework\Testing\Feature\Foundation\FilesystemTest" classname="Hyde.Framework.Testing.Feature.Foundation.FilesystemTest" assertions="1" time="0.001991"/>
        <testcase name="testPathMethodResolvesAlreadyAbsolutePaths" file="/home/runner/work/develop/develop/packages/framework/tests/Feature/Foundation/FilesystemTest.php" line="102" class="Hyde\Framework\Testing\Feature\Foundation\FilesystemTest" classname="Hyde.Framework.Testing.Feature.Foundation.FilesystemTest" assertions="1" time="0.001936"/>
        <testcase name="testPathMethodResolvesAlreadyAbsolutePathsUsingHelper" file="/home/runner/work/develop/develop/packages/framework/tests/Feature/Foundation/FilesystemTest.php" line="108" class="Hyde\Framework\Testing\Feature\Foundation\FilesystemTest" classname="Hyde.Framework.Testing.Feature.Foundation.FilesystemTest" assertions="1" time="0.001942"/>
        <testcase name="testPathMethodResolvesAlreadyAbsolutePathsUsingHelperWithTrailingSlash" file="/home/runner/work/develop/develop/packages/framework/tests/Feature/Foundation/FilesystemTest.php" line="113" class="Hyde\Framework\Testing\Feature\Foundation\FilesystemTest" classname="Hyde.Framework.Testing.Feature.Foundation.FilesystemTest" assertions="1" time="0.001974"/>
        <testcase name="testPathMethodDoesNotModifyPharPaths" file="/home/runner/work/develop/develop/packages/framework/tests/Feature/Foundation/FilesystemTest.php" line="118" class="Hyde\Framework\Testing\Feature\Foundation\FilesystemTest" classname="Hyde.Framework.Testing.Feature.Foundation.FilesystemTest" assertions="1" time="0.001820"/>
        <testcase name="testHydePathMethodExists" file="/home/runner/work/develop/develop/packages/framework/tests/Feature/Foundation/FilesystemTest.php" line="123" class="Hyde\Framework\Testing\Feature\Foundation\FilesystemTest" classname="Hyde.Framework.Testing.Feature.Foundation.FilesystemTest" assertions="1" time="0.001796"/>
        <testcase name="testHydePathStringIsReturned" file="/home/runner/work/develop/develop/packages/framework/tests/Feature/Foundation/FilesystemTest.php" line="128" class="Hyde\Framework\Testing\Feature\Foundation\FilesystemTest" classname="Hyde.Framework.Testing.Feature.Foundation.FilesystemTest" assertions="1" time="0.001858"/>
        <testcase name="testHydePathReturnedDirectoryContainsContentExpectedToBeInTheProjectDirectory" file="/home/runner/work/develop/develop/packages/framework/tests/Feature/Foundation/FilesystemTest.php" line="133" class="Hyde\Framework\Testing\Feature\Foundation\FilesystemTest" classname="Hyde.Framework.Testing.Feature.Foundation.FilesystemTest" assertions="1" time="0.002030"/>
        <testcase name="testVendorPathMethodExists" file="/home/runner/work/develop/develop/packages/framework/tests/Feature/Foundation/FilesystemTest.php" line="138" class="Hyde\Framework\Testing\Feature\Foundation\FilesystemTest" classname="Hyde.Framework.Testing.Feature.Foundation.FilesystemTest" assertions="1" time="0.001774"/>
        <testcase name="testVendorPathMethodReturnsString" file="/home/runner/work/develop/develop/packages/framework/tests/Feature/Foundation/FilesystemTest.php" line="143" class="Hyde\Framework\Testing\Feature\Foundation\FilesystemTest" classname="Hyde.Framework.Testing.Feature.Foundation.FilesystemTest" assertions="1" time="0.001924"/>
        <testcase name="testVendorPathMethodReturnsTheVendorPath" file="/home/runner/work/develop/develop/packages/framework/tests/Feature/Foundation/FilesystemTest.php" line="148" class="Hyde\Framework\Testing\Feature\Foundation\FilesystemTest" classname="Hyde.Framework.Testing.Feature.Foundation.FilesystemTest" assertions="1" time="0.001991"/>
        <testcase name="testVendorPathMethodReturnsQualifiedFilePathWhenSuppliedWithArgument" file="/home/runner/work/develop/develop/packages/framework/tests/Feature/Foundation/FilesystemTest.php" line="153" class="Hyde\Framework\Testing\Feature\Foundation\FilesystemTest" classname="Hyde.Framework.Testing.Feature.Foundation.FilesystemTest" assertions="1" time="0.001989"/>
        <testcase name="testVendorPathMethodReturnsExpectedValueRegardlessOfTrailingDirectorySeparatorsInArgument" file="/home/runner/work/develop/develop/packages/framework/tests/Feature/Foundation/FilesystemTest.php" line="158" class="Hyde\Framework\Testing\Feature\Foundation\FilesystemTest" classname="Hyde.Framework.Testing.Feature.Foundation.FilesystemTest" assertions="1" time="0.002010"/>
        <testcase name="testVendorPathCanSpecifyWhichHydePackageToUse" file="/home/runner/work/develop/develop/packages/framework/tests/Feature/Foundation/FilesystemTest.php" line="164" class="Hyde\Framework\Testing\Feature\Foundation\FilesystemTest" classname="Hyde.Framework.Testing.Feature.Foundation.FilesystemTest" assertions="2" time="0.002080"/>
        <testcase name="testVendorPathCanRunInPhar" file="/home/runner/work/develop/develop/packages/framework/tests/Feature/Foundation/FilesystemTest.php" line="170" class="Hyde\Framework\Testing\Feature\Foundation\FilesystemTest" classname="Hyde.Framework.Testing.Feature.Foundation.FilesystemTest" assertions="1" time="0.002075"/>
        <testcase name="testTouchHelperCreatesFileAtGivenPath" file="/home/runner/work/develop/develop/packages/framework/tests/Feature/Foundation/FilesystemTest.php" line="184" class="Hyde\Framework\Testing\Feature\Foundation\FilesystemTest" classname="Hyde.Framework.Testing.Feature.Foundation.FilesystemTest" assertions="2" time="0.002147"/>
        <testcase name="testTouchHelperCreatesMultipleFilesAtGivenPaths" file="/home/runner/work/develop/develop/packages/framework/tests/Feature/Foundation/FilesystemTest.php" line="191" class="Hyde\Framework\Testing\Feature\Foundation\FilesystemTest" classname="Hyde.Framework.Testing.Feature.Foundation.FilesystemTest" assertions="3" time="0.002348"/>
        <testcase name="testUnlinkHelperDeletesFileAtGivenPath" file="/home/runner/work/develop/develop/packages/framework/tests/Feature/Foundation/FilesystemTest.php" line="200" class="Hyde\Framework\Testing\Feature\Foundation\FilesystemTest" classname="Hyde.Framework.Testing.Feature.Foundation.FilesystemTest" assertions="2" time="0.002173"/>
        <testcase name="testUnlinkHelperDeletesMultipleFilesAtGivenPaths" file="/home/runner/work/develop/develop/packages/framework/tests/Feature/Foundation/FilesystemTest.php" line="207" class="Hyde\Framework\Testing\Feature\Foundation\FilesystemTest" classname="Hyde.Framework.Testing.Feature.Foundation.FilesystemTest" assertions="3" time="0.002404"/>
        <testcase name="testUnlinkIfExistsHelperDeletesFileAtGivenPath" file="/home/runner/work/develop/develop/packages/framework/tests/Feature/Foundation/FilesystemTest.php" line="216" class="Hyde\Framework\Testing\Feature\Foundation\FilesystemTest" classname="Hyde.Framework.Testing.Feature.Foundation.FilesystemTest" assertions="2" time="0.002184"/>
        <testcase name="testUnlinkIfExistsHandlesNonExistentFilesGracefully" file="/home/runner/work/develop/develop/packages/framework/tests/Feature/Foundation/FilesystemTest.php" line="223" class="Hyde\Framework\Testing\Feature\Foundation\FilesystemTest" classname="Hyde.Framework.Testing.Feature.Foundation.FilesystemTest" assertions="1" time="0.001900"/>
        <testcase name="testGetModelSourcePathMethodReturnsPathForModelClasses" file="/home/runner/work/develop/develop/packages/framework/tests/Feature/Foundation/FilesystemTest.php" line="228" class="Hyde\Framework\Testing\Feature\Foundation\FilesystemTest" classname="Hyde.Framework.Testing.Feature.Foundation.FilesystemTest" assertions="5" time="0.002554"/>
        <testcase name="testGetModelSourcePathMethodReturnsPathToFileForModelClasses" file="/home/runner/work/develop/develop/packages/framework/tests/Feature/Foundation/FilesystemTest.php" line="237" class="Hyde\Framework\Testing\Feature\Foundation\FilesystemTest" classname="Hyde.Framework.Testing.Feature.Foundation.FilesystemTest" assertions="5" time="0.002540"/>
        <testcase name="testHelperForBladePages" file="/home/runner/work/develop/develop/packages/framework/tests/Feature/Foundation/FilesystemTest.php" line="246" class="Hyde\Framework\Testing\Feature\Foundation\FilesystemTest" classname="Hyde.Framework.Testing.Feature.Foundation.FilesystemTest" assertions="1" time="0.001942"/>
        <testcase name="testHelperForMarkdownPages" file="/home/runner/work/develop/develop/packages/framework/tests/Feature/Foundation/FilesystemTest.php" line="251" class="Hyde\Framework\Testing\Feature\Foundation\FilesystemTest" classname="Hyde.Framework.Testing.Feature.Foundation.FilesystemTest" assertions="1" time="0.001953"/>
        <testcase name="testHelperForMarkdownPosts" file="/home/runner/work/develop/develop/packages/framework/tests/Feature/Foundation/FilesystemTest.php" line="256" class="Hyde\Framework\Testing\Feature\Foundation\FilesystemTest" classname="Hyde.Framework.Testing.Feature.Foundation.FilesystemTest" assertions="1" time="0.001973"/>
        <testcase name="testHelperForDocumentationPages" file="/home/runner/work/develop/develop/packages/framework/tests/Feature/Foundation/FilesystemTest.php" line="261" class="Hyde\Framework\Testing\Feature\Foundation\FilesystemTest" classname="Hyde.Framework.Testing.Feature.Foundation.FilesystemTest" assertions="1" time="0.001975"/>
        <testcase name="testHelperForMediaPath" file="/home/runner/work/develop/develop/packages/framework/tests/Feature/Foundation/FilesystemTest.php" line="266" class="Hyde\Framework\Testing\Feature\Foundation\FilesystemTest" classname="Hyde.Framework.Testing.Feature.Foundation.FilesystemTest" assertions="1" time="0.001912"/>
        <testcase name="testHelperForMediaPathReturnsPathToFileWithinTheDirectory" file="/home/runner/work/develop/develop/packages/framework/tests/Feature/Foundation/FilesystemTest.php" line="271" class="Hyde\Framework\Testing\Feature\Foundation\FilesystemTest" classname="Hyde.Framework.Testing.Feature.Foundation.FilesystemTest" assertions="1" time="0.001982"/>
        <testcase name="testGetMediaPathReturnsAbsolutePath" file="/home/runner/work/develop/develop/packages/framework/tests/Feature/Foundation/FilesystemTest.php" line="276" class="Hyde\Framework\Testing\Feature\Foundation\FilesystemTest" classname="Hyde.Framework.Testing.Feature.Foundation.FilesystemTest" assertions="1" time="0.001933"/>
        <testcase name="testHelperForMediaOutputPath" file="/home/runner/work/develop/develop/packages/framework/tests/Feature/Foundation/FilesystemTest.php" line="281" class="Hyde\Framework\Testing\Feature\Foundation\FilesystemTest" classname="Hyde.Framework.Testing.Feature.Foundation.FilesystemTest" assertions="1" time="0.001978"/>
        <testcase name="testHelperForMediaOutputPathReturnsPathToFileWithinTheDirectory" file="/home/runner/work/develop/develop/packages/framework/tests/Feature/Foundation/FilesystemTest.php" line="286" class="Hyde\Framework\Testing\Feature\Foundation\FilesystemTest" classname="Hyde.Framework.Testing.Feature.Foundation.FilesystemTest" assertions="1" time="0.002037"/>
        <testcase name="testGetMediaOutputPathReturnsAbsolutePath" file="/home/runner/work/develop/develop/packages/framework/tests/Feature/Foundation/FilesystemTest.php" line="291" class="Hyde\Framework\Testing\Feature\Foundation\FilesystemTest" classname="Hyde.Framework.Testing.Feature.Foundation.FilesystemTest" assertions="1" time="0.002011"/>
        <testcase name="testHelperForSiteOutputPath" file="/home/runner/work/develop/develop/packages/framework/tests/Feature/Foundation/FilesystemTest.php" line="296" class="Hyde\Framework\Testing\Feature\Foundation\FilesystemTest" classname="Hyde.Framework.Testing.Feature.Foundation.FilesystemTest" assertions="1" time="0.001919"/>
        <testcase name="testHelperForSiteOutputPathReturnsPathToFileWithinTheDirectory" file="/home/runner/work/develop/develop/packages/framework/tests/Feature/Foundation/FilesystemTest.php" line="301" class="Hyde\Framework\Testing\Feature\Foundation\FilesystemTest" classname="Hyde.Framework.Testing.Feature.Foundation.FilesystemTest" assertions="1" time="0.001997"/>
        <testcase name="testGetSiteOutputPathReturnsAbsolutePath" file="/home/runner/work/develop/develop/packages/framework/tests/Feature/Foundation/FilesystemTest.php" line="306" class="Hyde\Framework\Testing\Feature\Foundation\FilesystemTest" classname="Hyde.Framework.Testing.Feature.Foundation.FilesystemTest" assertions="1" time="0.001947"/>
        <testcase name="testSiteOutputPathHelperIgnoresTrailingSlashes" file="/home/runner/work/develop/develop/packages/framework/tests/Feature/Foundation/FilesystemTest.php" line="311" class="Hyde\Framework\Testing\Feature\Foundation\FilesystemTest" classname="Hyde.Framework.Testing.Feature.Foundation.FilesystemTest" assertions="1" time="0.001979"/>
        <testcase name="testPathToAbsolute" file="/home/runner/work/develop/develop/packages/framework/tests/Feature/Foundation/FilesystemTest.php" line="316" class="Hyde\Framework\Testing\Feature\Foundation\FilesystemTest" classname="Hyde.Framework.Testing.Feature.Foundation.FilesystemTest" assertions="1" time="0.001917"/>
        <testcase name="testPathToAbsoluteHelperIsAliasForPathHelper" file="/home/runner/work/develop/develop/packages/framework/tests/Feature/Foundation/FilesystemTest.php" line="321" class="Hyde\Framework\Testing\Feature\Foundation\FilesystemTest" classname="Hyde.Framework.Testing.Feature.Foundation.FilesystemTest" assertions="1" time="0.001942"/>
        <testcase name="testPathToAbsoluteCanConvertArrayOfPaths" file="/home/runner/work/develop/develop/packages/framework/tests/Feature/Foundation/FilesystemTest.php" line="326" class="Hyde\Framework\Testing\Feature\Foundation\FilesystemTest" classname="Hyde.Framework.Testing.Feature.Foundation.FilesystemTest" assertions="1" time="0.002021"/>
        <testcase name="testPathToRelativeHelperDecodesHydePathIntoRelative" file="/home/runner/work/develop/develop/packages/framework/tests/Feature/Foundation/FilesystemTest.php" line="334" class="Hyde\Framework\Testing\Feature\Foundation\FilesystemTest" classname="Hyde.Framework.Testing.Feature.Foundation.FilesystemTest" assertions="5" time="0.002444"/>
        <testcase name="testPathToRelativeHelperDoesNotModifyAlreadyRelativePaths" file="/home/runner/work/develop/develop/packages/framework/tests/Feature/Foundation/FilesystemTest.php" line="343" class="Hyde\Framework\Testing\Feature\Foundation\FilesystemTest" classname="Hyde.Framework.Testing.Feature.Foundation.FilesystemTest" assertions="7" time="0.002512"/>
        <testcase name="testPathToRelativeHelperDoesNotModifyNonProjectPaths" file="/home/runner/work/develop/develop/packages/framework/tests/Feature/Foundation/FilesystemTest.php" line="354" class="Hyde\Framework\Testing\Feature\Foundation\FilesystemTest" classname="Hyde.Framework.Testing.Feature.Foundation.FilesystemTest" assertions="8" time="0.002595"/>
      </testsuite>
      <testsuite name="Hyde\Framework\Testing\Feature\Foundation\HyperlinksTest" file="/home/runner/work/develop/develop/packages/framework/tests/Feature/Foundation/HyperlinksTest.php" tests="13" assertions="20" errors="0" failures="0" skipped="0" time="0.056201">
        <testcase name="testAssetHelperGetsRelativeWebLinkToImageStoredInSiteMediaFolder" file="/home/runner/work/develop/develop/packages/framework/tests/Feature/Foundation/HyperlinksTest.php" line="28" class="Hyde\Framework\Testing\Feature\Foundation\HyperlinksTest" classname="Hyde.Framework.Testing.Feature.Foundation.HyperlinksTest" assertions="4" time="0.003717"/>
        <testcase name="testAssetHelperResolvesPathsForNestedPages" file="/home/runner/work/develop/develop/packages/framework/tests/Feature/Foundation/HyperlinksTest.php" line="42" class="Hyde\Framework\Testing\Feature\Foundation\HyperlinksTest" classname="Hyde.Framework.Testing.Feature.Foundation.HyperlinksTest" assertions="4" time="0.006977"/>
        <testcase name="testAssetHelperReturnsQualifiedAbsoluteUriWhenRequestedAndSiteHasBaseUrl" file="/home/runner/work/develop/develop/packages/framework/tests/Feature/Foundation/HyperlinksTest.php" line="57" class="Hyde\Framework\Testing\Feature\Foundation\HyperlinksTest" classname="Hyde.Framework.Testing.Feature.Foundation.HyperlinksTest" assertions="1" time="0.003277"/>
        <testcase name="testAssetHelperReturnsDefaultRelativePathWhenQualifiedAbsoluteUriIsRequestedButSiteHasNoBaseUrl" file="/home/runner/work/develop/develop/packages/framework/tests/Feature/Foundation/HyperlinksTest.php" line="62" class="Hyde\Framework\Testing\Feature\Foundation\HyperlinksTest" classname="Hyde.Framework.Testing.Feature.Foundation.HyperlinksTest" assertions="1" time="0.003571"/>
        <testcase name="testAssetHelperReturnsInputWhenQualifiedAbsoluteUriIsRequestedButImageIsAlreadyQualified" file="/home/runner/work/develop/develop/packages/framework/tests/Feature/Foundation/HyperlinksTest.php" line="68" class="Hyde\Framework\Testing\Feature\Foundation\HyperlinksTest" classname="Hyde.Framework.Testing.Feature.Foundation.HyperlinksTest" assertions="1" time="0.003213"/>
        <testcase name="testAssetHelperUsesConfiguredMediaDirectory" file="/home/runner/work/develop/develop/packages/framework/tests/Feature/Foundation/HyperlinksTest.php" line="73" class="Hyde\Framework\Testing\Feature\Foundation\HyperlinksTest" classname="Hyde.Framework.Testing.Feature.Foundation.HyperlinksTest" assertions="1" time="0.003423"/>
        <testcase name="testMediaLinkHelper" file="/home/runner/work/develop/develop/packages/framework/tests/Feature/Foundation/HyperlinksTest.php" line="79" class="Hyde\Framework\Testing\Feature\Foundation\HyperlinksTest" classname="Hyde.Framework.Testing.Feature.Foundation.HyperlinksTest" assertions="1" time="0.003194"/>
        <testcase name="testMediaLinkHelperWithRelativePath" file="/home/runner/work/develop/develop/packages/framework/tests/Feature/Foundation/HyperlinksTest.php" line="84" class="Hyde\Framework\Testing\Feature\Foundation\HyperlinksTest" classname="Hyde.Framework.Testing.Feature.Foundation.HyperlinksTest" assertions="1" time="0.004868"/>
        <testcase name="testMediaLinkHelperUsesConfiguredMediaDirectory" file="/home/runner/work/develop/develop/packages/framework/tests/Feature/Foundation/HyperlinksTest.php" line="90" class="Hyde\Framework\Testing\Feature\Foundation\HyperlinksTest" classname="Hyde.Framework.Testing.Feature.Foundation.HyperlinksTest" assertions="1" time="0.003200"/>
        <testcase name="testMediaLinkHelperWithValidationAndExistingFile" file="/home/runner/work/develop/develop/packages/framework/tests/Feature/Foundation/HyperlinksTest.php" line="96" class="Hyde\Framework\Testing\Feature\Foundation\HyperlinksTest" classname="Hyde.Framework.Testing.Feature.Foundation.HyperlinksTest" assertions="1" time="0.003629"/>
        <testcase name="testMediaLinkHelperWithValidationAndNonExistingFile" file="/home/runner/work/develop/develop/packages/framework/tests/Feature/Foundation/HyperlinksTest.php" line="102" class="Hyde\Framework\Testing\Feature\Foundation\HyperlinksTest" classname="Hyde.Framework.Testing.Feature.Foundation.HyperlinksTest" assertions="1" time="0.003114"/>
        <testcase name="testRouteHelper" file="/home/runner/work/develop/develop/packages/framework/tests/Feature/Foundation/HyperlinksTest.php" line="108" class="Hyde\Framework\Testing\Feature\Foundation\HyperlinksTest" classname="Hyde.Framework.Testing.Feature.Foundation.HyperlinksTest" assertions="2" time="0.007267"/>
        <testcase name="testRouteHelperWithInvalidRoute" file="/home/runner/work/develop/develop/packages/framework/tests/Feature/Foundation/HyperlinksTest.php" line="114" class="Hyde\Framework\Testing\Feature\Foundation\HyperlinksTest" classname="Hyde.Framework.Testing.Feature.Foundation.HyperlinksTest" assertions="1" time="0.006752"/>
      </testsuite>
      <testsuite name="Hyde\Framework\Testing\Feature\GlobalMetadataBagTest" file="/home/runner/work/develop/develop/packages/framework/tests/Feature/GlobalMetadataBagTest.php" tests="9" assertions="9" errors="0" failures="0" skipped="0" time="0.058954">
        <testcase name="testSiteMetadataAddsConfigDefinedMetadata" file="/home/runner/work/develop/develop/packages/framework/tests/Feature/GlobalMetadataBagTest.php" line="18" class="Hyde\Framework\Testing\Feature\GlobalMetadataBagTest" classname="Hyde.Framework.Testing.Feature.GlobalMetadataBagTest" assertions="1" time="0.004629"/>
        <testcase name="testSiteMetadataAutomaticallyAddsSitemapWhenEnabled" file="/home/runner/work/develop/develop/packages/framework/tests/Feature/GlobalMetadataBagTest.php" line="38" class="Hyde\Framework\Testing\Feature\GlobalMetadataBagTest" classname="Hyde.Framework.Testing.Feature.GlobalMetadataBagTest" assertions="1" time="0.003717"/>
        <testcase name="testSiteMetadataSitemapUsesConfiguredSiteUrl" file="/home/runner/work/develop/develop/packages/framework/tests/Feature/GlobalMetadataBagTest.php" line="48" class="Hyde\Framework\Testing\Feature\GlobalMetadataBagTest" classname="Hyde.Framework.Testing.Feature.GlobalMetadataBagTest" assertions="1" time="0.003694"/>
        <testcase name="testSiteMetadataAutomaticallyAddsRssFeedWhenEnabled" file="/home/runner/work/develop/develop/packages/framework/tests/Feature/GlobalMetadataBagTest.php" line="58" class="Hyde\Framework\Testing\Feature\GlobalMetadataBagTest" classname="Hyde.Framework.Testing.Feature.GlobalMetadataBagTest" assertions="1" time="0.009606"/>
        <testcase name="testSiteMetadataRssFeedUsesConfiguredSiteUrl" file="/home/runner/work/develop/develop/packages/framework/tests/Feature/GlobalMetadataBagTest.php" line="69" class="Hyde\Framework\Testing\Feature\GlobalMetadataBagTest" classname="Hyde.Framework.Testing.Feature.GlobalMetadataBagTest" assertions="1" time="0.009251"/>
        <testcase name="testSiteMetadataRssFeedUsesConfiguredSiteName" file="/home/runner/work/develop/develop/packages/framework/tests/Feature/GlobalMetadataBagTest.php" line="80" class="Hyde\Framework\Testing\Feature\GlobalMetadataBagTest" classname="Hyde.Framework.Testing.Feature.GlobalMetadataBagTest" assertions="1" time="0.009332"/>
        <testcase name="testSiteMetadataRssFeedUsesConfiguredRssFileName" file="/home/runner/work/develop/develop/packages/framework/tests/Feature/GlobalMetadataBagTest.php" line="95" class="Hyde\Framework\Testing\Feature\GlobalMetadataBagTest" classname="Hyde.Framework.Testing.Feature.GlobalMetadataBagTest" assertions="1" time="0.009254"/>
        <testcase name="testMetadataExistingInTheCurrentPageIsNotAdded" file="/home/runner/work/develop/develop/packages/framework/tests/Feature/GlobalMetadataBagTest.php" line="110" class="Hyde\Framework\Testing\Feature\GlobalMetadataBagTest" classname="Hyde.Framework.Testing.Feature.GlobalMetadataBagTest" assertions="1" time="0.004616"/>
        <testcase name="testMetadataExistingInTheCurrentPageIsNotAddedRegardlessOfItsValue" file="/home/runner/work/develop/develop/packages/framework/tests/Feature/GlobalMetadataBagTest.php" line="131" class="Hyde\Framework\Testing\Feature\GlobalMetadataBagTest" classname="Hyde.Framework.Testing.Feature.GlobalMetadataBagTest" assertions="1" time="0.004854"/>
      </testsuite>
      <testsuite name="Hyde\Framework\Testing\Feature\HelpersTest" file="/home/runner/work/develop/develop/packages/framework/tests/Feature/HelpersTest.php" tests="38" assertions="58" errors="0" failures="0" skipped="1" time="0.139657">
        <testcase name="testHydeFunctionExists" file="/home/runner/work/develop/develop/packages/framework/tests/Feature/HelpersTest.php" line="24" class="Hyde\Framework\Testing\Feature\HelpersTest" classname="Hyde.Framework.Testing.Feature.HelpersTest" assertions="1" time="0.003146"/>
        <testcase name="testHydeFunctionReturnsHydeKernelClass" file="/home/runner/work/develop/develop/packages/framework/tests/Feature/HelpersTest.php" line="30" class="Hyde\Framework\Testing\Feature\HelpersTest" classname="Hyde.Framework.Testing.Feature.HelpersTest" assertions="1" time="0.003001"/>
        <testcase name="testCanCallMethodsOnReturnedHydeClass" file="/home/runner/work/develop/develop/packages/framework/tests/Feature/HelpersTest.php" line="36" class="Hyde\Framework\Testing\Feature\HelpersTest" classname="Hyde.Framework.Testing.Feature.HelpersTest" assertions="1" time="0.003036"/>
        <testcase name="testUnslashFunctionExists" file="/home/runner/work/develop/develop/packages/framework/tests/Feature/HelpersTest.php" line="42" class="Hyde\Framework\Testing\Feature\HelpersTest" classname="Hyde.Framework.Testing.Feature.HelpersTest" assertions="1" time="0.002969"/>
        <testcase name="testUnslashFunctionTrimsTrailingSlashes" file="/home/runner/work/develop/develop/packages/framework/tests/Feature/HelpersTest.php" line="48" class="Hyde\Framework\Testing\Feature\HelpersTest" classname="Hyde.Framework.Testing.Feature.HelpersTest" assertions="14" time="0.004114"/>
        <testcase name="testAssetFunction" file="/home/runner/work/develop/develop/packages/framework/tests/Feature/HelpersTest.php" line="70" class="Hyde\Framework\Testing\Feature\HelpersTest" classname="Hyde.Framework.Testing.Feature.HelpersTest" assertions="2" time="0.003509"/>
        <testcase name="testAssetFunctionWithQualifiedUrl" file="/home/runner/work/develop/develop/packages/framework/tests/Feature/HelpersTest.php" line="77" class="Hyde\Framework\Testing\Feature\HelpersTest" classname="Hyde.Framework.Testing.Feature.HelpersTest" assertions="2" time="0.003394"/>
        <testcase name="testAssetFunctionWithExternalUrl" file="/home/runner/work/develop/develop/packages/framework/tests/Feature/HelpersTest.php" line="84" class="Hyde\Framework\Testing\Feature\HelpersTest" classname="Hyde.Framework.Testing.Feature.HelpersTest" assertions="2" time="0.003141"/>
        <testcase name="testAssetFunctionWithQualifiedUrlAndNoBaseUrl" file="/home/runner/work/develop/develop/packages/framework/tests/Feature/HelpersTest.php" line="91" class="Hyde\Framework\Testing\Feature\HelpersTest" classname="Hyde.Framework.Testing.Feature.HelpersTest" assertions="1" time="0.003312"/>
        <testcase name="testAssetFunctionFromNestedPage" file="/home/runner/work/develop/develop/packages/framework/tests/Feature/HelpersTest.php" line="98" class="Hyde\Framework\Testing\Feature\HelpersTest" classname="Hyde.Framework.Testing.Feature.HelpersTest" assertions="1" time="0.005380"/>
        <testcase name="testAssetFunctionFromDeeplyNestedPage" file="/home/runner/work/develop/develop/packages/framework/tests/Feature/HelpersTest.php" line="106" class="Hyde\Framework\Testing\Feature\HelpersTest" classname="Hyde.Framework.Testing.Feature.HelpersTest" assertions="1" time="0.003427"/>
        <testcase name="testAssetFunctionWithCustomMediaDirectory" file="/home/runner/work/develop/develop/packages/framework/tests/Feature/HelpersTest.php" line="114" class="Hyde\Framework\Testing\Feature\HelpersTest" classname="Hyde.Framework.Testing.Feature.HelpersTest" assertions="1" time="0.003329"/>
        <testcase name="testRouteFunction" file="/home/runner/work/develop/develop/packages/framework/tests/Feature/HelpersTest.php" line="122" class="Hyde\Framework\Testing\Feature\HelpersTest" classname="Hyde.Framework.Testing.Feature.HelpersTest" assertions="2" time="0.007250"/>
        <testcase name="testRouteFunctionWithInvalidRoute" file="/home/runner/work/develop/develop/packages/framework/tests/Feature/HelpersTest.php" line="129" class="Hyde\Framework\Testing\Feature\HelpersTest" classname="Hyde.Framework.Testing.Feature.HelpersTest" assertions="1" time="0.006871"/>
        <testcase name="testRouteFunctionReturnsNullForNonExistentRoute" file="/home/runner/work/develop/develop/packages/framework/tests/Feature/HelpersTest.php" line="135" class="Hyde\Framework\Testing\Feature\HelpersTest" classname="Hyde.Framework.Testing.Feature.HelpersTest" assertions="1" time="0.006792"/>
        <testcase name="testUrlFunction" file="/home/runner/work/develop/develop/packages/framework/tests/Feature/HelpersTest.php" line="141" class="Hyde\Framework\Testing\Feature\HelpersTest" classname="Hyde.Framework.Testing.Feature.HelpersTest" assertions="1" time="0.003031"/>
        <testcase name="testUrlFunctionWithBaseUrl" file="/home/runner/work/develop/develop/packages/framework/tests/Feature/HelpersTest.php" line="147" class="Hyde\Framework\Testing\Feature\HelpersTest" classname="Hyde.Framework.Testing.Feature.HelpersTest" assertions="1" time="0.003178"/>
        <testcase name="testUrlFunctionWithoutBaseUrl" file="/home/runner/work/develop/develop/packages/framework/tests/Feature/HelpersTest.php" line="154" class="Hyde\Framework\Testing\Feature\HelpersTest" classname="Hyde.Framework.Testing.Feature.HelpersTest" assertions="1" time="0.005194"/>
        <testcase name="testUrlFunctionWithAlreadyQualifiedUrl" file="/home/runner/work/develop/develop/packages/framework/tests/Feature/HelpersTest.php" line="162" class="Hyde\Framework\Testing\Feature\HelpersTest" classname="Hyde.Framework.Testing.Feature.HelpersTest" assertions="0" time="0.005972">
          <skipped/>
        </testcase>
        <testcase name="testHydeFunctionExistsInHydeNamespace" file="/home/runner/work/develop/develop/packages/framework/tests/Feature/HelpersTest.php" line="171" class="Hyde\Framework\Testing\Feature\HelpersTest" classname="Hyde.Framework.Testing.Feature.HelpersTest" assertions="1" time="0.003044"/>
        <testcase name="testNamespacedHydeFunction" file="/home/runner/work/develop/develop/packages/framework/tests/Feature/HelpersTest.php" line="177" class="Hyde\Framework\Testing\Feature\HelpersTest" classname="Hyde.Framework.Testing.Feature.HelpersTest" assertions="1" time="0.003015"/>
        <testcase name="testUnslashFunctionExistsInHydeNamespace" file="/home/runner/work/develop/develop/packages/framework/tests/Feature/HelpersTest.php" line="183" class="Hyde\Framework\Testing\Feature\HelpersTest" classname="Hyde.Framework.Testing.Feature.HelpersTest" assertions="1" time="0.003010"/>
        <testcase name="testNamespacedUnslashFunction" file="/home/runner/work/develop/develop/packages/framework/tests/Feature/HelpersTest.php" line="189" class="Hyde\Framework\Testing\Feature\HelpersTest" classname="Hyde.Framework.Testing.Feature.HelpersTest" assertions="1" time="0.003014"/>
        <testcase name="testUnixsumFunction" file="/home/runner/work/develop/develop/packages/framework/tests/Feature/HelpersTest.php" line="195" class="Hyde\Framework\Testing\Feature\HelpersTest" classname="Hyde.Framework.Testing.Feature.HelpersTest" assertions="2" time="0.003091"/>
        <testcase name="testUnixsumFileFunction" file="/home/runner/work/develop/develop/packages/framework/tests/Feature/HelpersTest.php" line="202" class="Hyde\Framework\Testing\Feature\HelpersTest" classname="Hyde.Framework.Testing.Feature.HelpersTest" assertions="2" time="0.004276"/>
        <testcase name="testHydeMakeTitleFunction" file="/home/runner/work/develop/develop/packages/framework/tests/Feature/HelpersTest.php" line="212" class="Hyde\Framework\Testing\Feature\HelpersTest" classname="Hyde.Framework.Testing.Feature.HelpersTest" assertions="1" time="0.003089"/>
        <testcase name="testHydeNormalizeNewlinesFunction" file="/home/runner/work/develop/develop/packages/framework/tests/Feature/HelpersTest.php" line="218" class="Hyde\Framework\Testing\Feature\HelpersTest" classname="Hyde.Framework.Testing.Feature.HelpersTest" assertions="1" time="0.003099"/>
        <testcase name="testHydeStripNewlinesFunction" file="/home/runner/work/develop/develop/packages/framework/tests/Feature/HelpersTest.php" line="224" class="Hyde\Framework\Testing\Feature\HelpersTest" classname="Hyde.Framework.Testing.Feature.HelpersTest" assertions="1" time="0.003067"/>
        <testcase name="testHydeTrimSlashesFunction" file="/home/runner/work/develop/develop/packages/framework/tests/Feature/HelpersTest.php" line="230" class="Hyde\Framework\Testing\Feature\HelpersTest" classname="Hyde.Framework.Testing.Feature.HelpersTest" assertions="1" time="0.003058"/>
        <testcase name="testHydeEvaluateArrayableFunction" file="/home/runner/work/develop/develop/packages/framework/tests/Feature/HelpersTest.php" line="236" class="Hyde\Framework\Testing\Feature\HelpersTest" classname="Hyde.Framework.Testing.Feature.HelpersTest" assertions="2" time="0.003202"/>
        <testcase name="testHydeYamlEncodeFunction" file="/home/runner/work/develop/develop/packages/framework/tests/Feature/HelpersTest.php" line="243" class="Hyde\Framework\Testing\Feature\HelpersTest" classname="Hyde.Framework.Testing.Feature.HelpersTest" assertions="1" time="0.003061"/>
        <testcase name="testHydeYamlEncodeFunctionEncodesArrayables" file="/home/runner/work/develop/develop/packages/framework/tests/Feature/HelpersTest.php" line="249" class="Hyde\Framework\Testing\Feature\HelpersTest" classname="Hyde.Framework.Testing.Feature.HelpersTest" assertions="1" time="0.003090"/>
        <testcase name="testHydeYamlEncodeFunctionAcceptsParameters" file="/home/runner/work/develop/develop/packages/framework/tests/Feature/HelpersTest.php" line="255" class="Hyde\Framework\Testing\Feature\HelpersTest" classname="Hyde.Framework.Testing.Feature.HelpersTest" assertions="1" time="0.003092"/>
        <testcase name="testHydeYamlDecodeFunction" file="/home/runner/work/develop/develop/packages/framework/tests/Feature/HelpersTest.php" line="264" class="Hyde\Framework\Testing\Feature\HelpersTest" classname="Hyde.Framework.Testing.Feature.HelpersTest" assertions="1" time="0.003111"/>
        <testcase name="testHydeYamlDecodeFunctionAcceptsParameters" file="/home/runner/work/develop/develop/packages/framework/tests/Feature/HelpersTest.php" line="270" class="Hyde\Framework\Testing\Feature\HelpersTest" classname="Hyde.Framework.Testing.Feature.HelpersTest" assertions="1" time="0.003167"/>
        <testcase name="testHydePathJoinFunction" file="/home/runner/work/develop/develop/packages/framework/tests/Feature/HelpersTest.php" line="279" class="Hyde\Framework\Testing\Feature\HelpersTest" classname="Hyde.Framework.Testing.Feature.HelpersTest" assertions="1" time="0.002988"/>
        <testcase name="testHydePathJoinFunctionWithMultiplePaths" file="/home/runner/work/develop/develop/packages/framework/tests/Feature/HelpersTest.php" line="285" class="Hyde\Framework\Testing\Feature\HelpersTest" classname="Hyde.Framework.Testing.Feature.HelpersTest" assertions="1" time="0.003012"/>
        <testcase name="testHydeNormalizeSlashesFunction" file="/home/runner/work/develop/develop/packages/framework/tests/Feature/HelpersTest.php" line="291" class="Hyde\Framework\Testing\Feature\HelpersTest" classname="Hyde.Framework.Testing.Feature.HelpersTest" assertions="2" time="0.003126"/>
      </testsuite>
      <testsuite name="Hyde\Framework\Testing\Feature\HydeCoreExtensionTest" file="/home/runner/work/develop/develop/packages/framework/tests/Feature/HydeCoreExtensionTest.php" tests="4" assertions="4" errors="0" failures="0" skipped="0" time="0.006560">
        <testcase name="testClassExtendsExtensionClass" file="/home/runner/work/develop/develop/packages/framework/tests/Feature/HydeCoreExtensionTest.php" line="28" class="Hyde\Framework\Testing\Feature\HydeCoreExtensionTest" classname="Hyde.Framework.Testing.Feature.HydeCoreExtensionTest" assertions="1" time="0.001572"/>
        <testcase name="testClassIsRegistered" file="/home/runner/work/develop/develop/packages/framework/tests/Feature/HydeCoreExtensionTest.php" line="33" class="Hyde\Framework\Testing\Feature\HydeCoreExtensionTest" classname="Hyde.Framework.Testing.Feature.HydeCoreExtensionTest" assertions="1" time="0.001460"/>
        <testcase name="testGetPageClasses" file="/home/runner/work/develop/develop/packages/framework/tests/Feature/HydeCoreExtensionTest.php" line="38" class="Hyde\Framework\Testing\Feature\HydeCoreExtensionTest" classname="Hyde.Framework.Testing.Feature.HydeCoreExtensionTest" assertions="1" time="0.001745"/>
        <testcase name="testGetPageClassesDoesNotIncludeClassesForDisabledFeatures" file="/home/runner/work/develop/develop/packages/framework/tests/Feature/HydeCoreExtensionTest.php" line="49" class="Hyde\Framework\Testing\Feature\HydeCoreExtensionTest" classname="Hyde.Framework.Testing.Feature.HydeCoreExtensionTest" assertions="1" time="0.001783"/>
      </testsuite>
      <testsuite name="Hyde\Framework\Testing\Feature\HydeExtensionFeatureTest" file="/home/runner/work/develop/develop/packages/framework/tests/Feature/HydeExtensionFeatureTest.php" tests="9" assertions="15" errors="0" failures="0" skipped="0" time="0.073203">
        <testcase name="testHandlerMethodsAreCalledByDiscovery" file="/home/runner/work/develop/develop/packages/framework/tests/Feature/HydeExtensionFeatureTest.php" line="46" class="Hyde\Framework\Testing\Feature\HydeExtensionFeatureTest" classname="Hyde.Framework.Testing.Feature.HydeExtensionFeatureTest" assertions="2" time="0.007752"/>
        <testcase name="testFileHandlerDependencyInjection" file="/home/runner/work/develop/develop/packages/framework/tests/Feature/HydeExtensionFeatureTest.php" line="59" class="Hyde\Framework\Testing\Feature\HydeExtensionFeatureTest" classname="Hyde.Framework.Testing.Feature.HydeExtensionFeatureTest" assertions="1" time="0.007051"/>
        <testcase name="testPageHandlerDependencyInjection" file="/home/runner/work/develop/develop/packages/framework/tests/Feature/HydeExtensionFeatureTest.php" line="67" class="Hyde\Framework\Testing\Feature\HydeExtensionFeatureTest" classname="Hyde.Framework.Testing.Feature.HydeExtensionFeatureTest" assertions="1" time="0.007133"/>
        <testcase name="testRouteHandlerDependencyInjection" file="/home/runner/work/develop/develop/packages/framework/tests/Feature/HydeExtensionFeatureTest.php" line="75" class="Hyde\Framework\Testing\Feature\HydeExtensionFeatureTest" classname="Hyde.Framework.Testing.Feature.HydeExtensionFeatureTest" assertions="1" time="0.007173"/>
        <testcase name="testRegisterExtensionMethodThrowsExceptionWhenKernelIsAlreadyBooted" file="/home/runner/work/develop/develop/packages/framework/tests/Feature/HydeExtensionFeatureTest.php" line="83" class="Hyde\Framework\Testing\Feature\HydeExtensionFeatureTest" classname="Hyde.Framework.Testing.Feature.HydeExtensionFeatureTest" assertions="2" time="0.007324"/>
        <testcase name="testRegisterExtensionMethodOnlyAcceptsInstancesOfHydeExtension" file="/home/runner/work/develop/develop/packages/framework/tests/Feature/HydeExtensionFeatureTest.php" line="92" class="Hyde\Framework\Testing\Feature\HydeExtensionFeatureTest" classname="Hyde.Framework.Testing.Feature.HydeExtensionFeatureTest" assertions="2" time="0.003429"/>
        <testcase name="testCustomRegisteredPagesAreDiscoveredByTheFileCollectionClass" file="/home/runner/work/develop/develop/packages/framework/tests/Feature/HydeExtensionFeatureTest.php" line="100" class="Hyde\Framework\Testing\Feature\HydeExtensionFeatureTest" classname="Hyde.Framework.Testing.Feature.HydeExtensionFeatureTest" assertions="2" time="0.009973"/>
        <testcase name="testCustomRegisteredPagesAreDiscoveredByThePageCollectionClass" file="/home/runner/work/develop/develop/packages/framework/tests/Feature/HydeExtensionFeatureTest.php" line="112" class="Hyde\Framework\Testing\Feature\HydeExtensionFeatureTest" classname="Hyde.Framework.Testing.Feature.HydeExtensionFeatureTest" assertions="2" time="0.013126"/>
        <testcase name="testCustomRegisteredPagesAreDiscoveredByTheRouteCollectionClass" file="/home/runner/work/develop/develop/packages/framework/tests/Feature/HydeExtensionFeatureTest.php" line="124" class="Hyde\Framework\Testing\Feature\HydeExtensionFeatureTest" classname="Hyde.Framework.Testing.Feature.HydeExtensionFeatureTest" assertions="2" time="0.010241"/>
      </testsuite>
      <testsuite name="Hyde\Framework\Testing\Feature\HydeKernelTest" file="/home/runner/work/develop/develop/packages/framework/tests/Feature/HydeKernelTest.php" tests="67" assertions="116" errors="0" failures="0" skipped="2" time="0.294224">
        <testcase name="testKernelSingletonCanBeAccessedByServiceContainer" file="/home/runner/work/develop/develop/packages/framework/tests/Feature/HydeKernelTest.php" line="40" class="Hyde\Framework\Testing\Feature\HydeKernelTest" classname="Hyde.Framework.Testing.Feature.HydeKernelTest" assertions="1" time="0.003424"/>
        <testcase name="testKernelSingletonCanBeAccessedByKernelStaticMethod" file="/home/runner/work/develop/develop/packages/framework/tests/Feature/HydeKernelTest.php" line="45" class="Hyde\Framework\Testing\Feature\HydeKernelTest" classname="Hyde.Framework.Testing.Feature.HydeKernelTest" assertions="1" time="0.003249"/>
        <testcase name="testKernelSingletonCanBeAccessedByHydeFacadeMethod" file="/home/runner/work/develop/develop/packages/framework/tests/Feature/HydeKernelTest.php" line="50" class="Hyde\Framework\Testing\Feature\HydeKernelTest" classname="Hyde.Framework.Testing.Feature.HydeKernelTest" assertions="1" time="0.003259"/>
        <testcase name="testKernelSingletonCanBeAccessedByHelperFunction" file="/home/runner/work/develop/develop/packages/framework/tests/Feature/HydeKernelTest.php" line="55" class="Hyde\Framework\Testing\Feature\HydeKernelTest" classname="Hyde.Framework.Testing.Feature.HydeKernelTest" assertions="1" time="0.003248"/>
        <testcase name="testHydeFacadeVersionMethodReturnsKernelVersion" file="/home/runner/work/develop/develop/packages/framework/tests/Feature/HydeKernelTest.php" line="60" class="Hyde\Framework\Testing\Feature\HydeKernelTest" classname="Hyde.Framework.Testing.Feature.HydeKernelTest" assertions="1" time="0.003218"/>
        <testcase name="testHydeFacadeGetFacadeRootMethodReturnsKernelSingleton" file="/home/runner/work/develop/develop/packages/framework/tests/Feature/HydeKernelTest.php" line="65" class="Hyde\Framework\Testing\Feature\HydeKernelTest" classname="Hyde.Framework.Testing.Feature.HydeKernelTest" assertions="3" time="0.003423"/>
        <testcase name="testFeaturesHelperReturnsNewFeaturesInstance" file="/home/runner/work/develop/develop/packages/framework/tests/Feature/HydeKernelTest.php" line="72" class="Hyde\Framework\Testing\Feature\HydeKernelTest" classname="Hyde.Framework.Testing.Feature.HydeKernelTest" assertions="1" time="0.003244"/>
        <testcase name="testHasFeatureHelperCallsMethodOnFeaturesClass" file="/home/runner/work/develop/develop/packages/framework/tests/Feature/HydeKernelTest.php" line="77" class="Hyde\Framework\Testing\Feature\HydeKernelTest" classname="Hyde.Framework.Testing.Feature.HydeKernelTest" assertions="1" time="0.003331"/>
        <testcase name="testCurrentPageHelperReturnsCurrentPageName" file="/home/runner/work/develop/develop/packages/framework/tests/Feature/HydeKernelTest.php" line="82" class="Hyde\Framework\Testing\Feature\HydeKernelTest" classname="Hyde.Framework.Testing.Feature.HydeKernelTest" assertions="1" time="0.003774"/>
        <testcase name="testCurrentRouteHelperReturnsCurrentRouteObject" file="/home/runner/work/develop/develop/packages/framework/tests/Feature/HydeKernelTest.php" line="88" class="Hyde\Framework\Testing\Feature\HydeKernelTest" classname="Hyde.Framework.Testing.Feature.HydeKernelTest" assertions="2" time="0.004851"/>
        <testcase name="testCurrentPageHelperReturnsCurrentPageObject" file="/home/runner/work/develop/develop/packages/framework/tests/Feature/HydeKernelTest.php" line="96" class="Hyde\Framework\Testing\Feature\HydeKernelTest" classname="Hyde.Framework.Testing.Feature.HydeKernelTest" assertions="2" time="0.004747"/>
        <testcase name="testMakeTitleHelperReturnsTitleFromPageSlug" file="/home/runner/work/develop/develop/packages/framework/tests/Feature/HydeKernelTest.php" line="104" class="Hyde\Framework\Testing\Feature\HydeKernelTest" classname="Hyde.Framework.Testing.Feature.HydeKernelTest" assertions="1" time="0.003313"/>
        <testcase name="testNormalizeNewlinesReplacesCarriageReturnsWithUnixEndings" file="/home/runner/work/develop/develop/packages/framework/tests/Feature/HydeKernelTest.php" line="109" class="Hyde\Framework\Testing\Feature\HydeKernelTest" classname="Hyde.Framework.Testing.Feature.HydeKernelTest" assertions="1" time="0.003346"/>
        <testcase name="testStripNewlinesHelperRemovesAllNewlines" file="/home/runner/work/develop/develop/packages/framework/tests/Feature/HydeKernelTest.php" line="114" class="Hyde\Framework\Testing\Feature\HydeKernelTest" classname="Hyde.Framework.Testing.Feature.HydeKernelTest" assertions="1" time="0.003323"/>
        <testcase name="testTrimSlashesFunctionTrimsTrailingSlashes" file="/home/runner/work/develop/develop/packages/framework/tests/Feature/HydeKernelTest.php" line="119" class="Hyde\Framework\Testing\Feature\HydeKernelTest" classname="Hyde.Framework.Testing.Feature.HydeKernelTest" assertions="14" time="0.004504"/>
        <testcase name="testMarkdownHelperConvertsMarkdownToHtml" file="/home/runner/work/develop/develop/packages/framework/tests/Feature/HydeKernelTest.php" line="140" class="Hyde\Framework\Testing\Feature\HydeKernelTest" classname="Hyde.Framework.Testing.Feature.HydeKernelTest" assertions="1" time="0.004365"/>
        <testcase name="testMarkdownHelperConvertsIndentedMarkdownToHtml" file="/home/runner/work/develop/develop/packages/framework/tests/Feature/HydeKernelTest.php" line="145" class="Hyde\Framework\Testing\Feature\HydeKernelTest" classname="Hyde.Framework.Testing.Feature.HydeKernelTest" assertions="1" time="0.004341"/>
        <testcase name="testFormatHtmlPathHelperFormatsPathAccordingToConfigRules" file="/home/runner/work/develop/develop/packages/framework/tests/Feature/HydeKernelTest.php" line="150" class="Hyde\Framework\Testing\Feature\HydeKernelTest" classname="Hyde.Framework.Testing.Feature.HydeKernelTest" assertions="4" time="0.003743"/>
        <testcase name="testRelativeLinkHelperReturnsRelativeLinkToDestination" file="/home/runner/work/develop/develop/packages/framework/tests/Feature/HydeKernelTest.php" line="161" class="Hyde\Framework\Testing\Feature\HydeKernelTest" classname="Hyde.Framework.Testing.Feature.HydeKernelTest" assertions="2" time="0.004040"/>
        <testcase name="testMediaLinkHelperReturnsRelativeLinkToDestination" file="/home/runner/work/develop/develop/packages/framework/tests/Feature/HydeKernelTest.php" line="170" class="Hyde\Framework\Testing\Feature\HydeKernelTest" classname="Hyde.Framework.Testing.Feature.HydeKernelTest" assertions="2" time="0.004069"/>
        <testcase name="testImageHelperReturnsImagePathForGivenName" file="/home/runner/work/develop/develop/packages/framework/tests/Feature/HydeKernelTest.php" line="179" class="Hyde\Framework\Testing\Feature\HydeKernelTest" classname="Hyde.Framework.Testing.Feature.HydeKernelTest" assertions="4" time="0.004238"/>
        <testcase name="testImageHelperTrimsMediaPrefix" file="/home/runner/work/develop/develop/packages/framework/tests/Feature/HydeKernelTest.php" line="190" class="Hyde\Framework\Testing\Feature\HydeKernelTest" classname="Hyde.Framework.Testing.Feature.HydeKernelTest" assertions="1" time="0.003502"/>
        <testcase name="testImageHelperSupportsCustomMediaDirectories" file="/home/runner/work/develop/develop/packages/framework/tests/Feature/HydeKernelTest.php" line="195" class="Hyde\Framework\Testing\Feature\HydeKernelTest" classname="Hyde.Framework.Testing.Feature.HydeKernelTest" assertions="1" time="0.003555"/>
        <testcase name="testRouteHelper" file="/home/runner/work/develop/develop/packages/framework/tests/Feature/HydeKernelTest.php" line="201" class="Hyde\Framework\Testing\Feature\HydeKernelTest" classname="Hyde.Framework.Testing.Feature.HydeKernelTest" assertions="2" time="0.007523"/>
        <testcase name="testRouteHelperWithInvalidRoute" file="/home/runner/work/develop/develop/packages/framework/tests/Feature/HydeKernelTest.php" line="207" class="Hyde\Framework\Testing\Feature\HydeKernelTest" classname="Hyde.Framework.Testing.Feature.HydeKernelTest" assertions="1" time="0.007035"/>
        <testcase name="testHasSiteUrlHelperReturnsBooleanValueForWhenConfigSettingIsSet" file="/home/runner/work/develop/develop/packages/framework/tests/Feature/HydeKernelTest.php" line="212" class="Hyde\Framework\Testing\Feature\HydeKernelTest" classname="Hyde.Framework.Testing.Feature.HydeKernelTest" assertions="2" time="0.003366"/>
        <testcase name="testUrlReturnsQualifiedUrlPaths" file="/home/runner/work/develop/develop/packages/framework/tests/Feature/HydeKernelTest.php" line="221" class="Hyde\Framework\Testing\Feature\HydeKernelTest" classname="Hyde.Framework.Testing.Feature.HydeKernelTest" assertions="6" time="0.004090"/>
        <testcase name="testFilesystemHelperReturnsTheKernelFilesystemInstance" file="/home/runner/work/develop/develop/packages/framework/tests/Feature/HydeKernelTest.php" line="236" class="Hyde\Framework\Testing\Feature\HydeKernelTest" classname="Hyde.Framework.Testing.Feature.HydeKernelTest" assertions="1" time="0.003886"/>
        <testcase name="testPathReturnsQualifiedPathForGivenPath" file="/home/runner/work/develop/develop/packages/framework/tests/Feature/HydeKernelTest.php" line="241" class="Hyde\Framework\Testing\Feature\HydeKernelTest" classname="Hyde.Framework.Testing.Feature.HydeKernelTest" assertions="2" time="0.003507"/>
        <testcase name="testVendorPathReturnsQualifiedPathForGivenPath" file="/home/runner/work/develop/develop/packages/framework/tests/Feature/HydeKernelTest.php" line="247" class="Hyde\Framework\Testing\Feature\HydeKernelTest" classname="Hyde.Framework.Testing.Feature.HydeKernelTest" assertions="2" time="0.003462"/>
        <testcase name="testFluentModelSourcePathHelpers" file="/home/runner/work/develop/develop/packages/framework/tests/Feature/HydeKernelTest.php" line="253" class="Hyde\Framework\Testing\Feature\HydeKernelTest" classname="Hyde.Framework.Testing.Feature.HydeKernelTest" assertions="11" time="0.004679"/>
        <testcase name="testPathToRelativeHelperReturnsRelativePathForGivenPath" file="/home/runner/work/develop/develop/packages/framework/tests/Feature/HydeKernelTest.php" line="269" class="Hyde\Framework\Testing\Feature\HydeKernelTest" classname="Hyde.Framework.Testing.Feature.HydeKernelTest" assertions="1" time="0.003339"/>
        <testcase name="testToArrayMethod" file="/home/runner/work/develop/develop/packages/framework/tests/Feature/HydeKernelTest.php" line="274" class="Hyde\Framework\Testing\Feature\HydeKernelTest" classname="Hyde.Framework.Testing.Feature.HydeKernelTest" assertions="1" time="0.007680"/>
        <testcase name="testJsonSerializeMethod" file="/home/runner/work/develop/develop/packages/framework/tests/Feature/HydeKernelTest.php" line="290" class="Hyde\Framework\Testing\Feature\HydeKernelTest" classname="Hyde.Framework.Testing.Feature.HydeKernelTest" assertions="1" time="0.008576"/>
        <testcase name="testToJsonMethod" file="/home/runner/work/develop/develop/packages/framework/tests/Feature/HydeKernelTest.php" line="295" class="Hyde\Framework\Testing\Feature\HydeKernelTest" classname="Hyde.Framework.Testing.Feature.HydeKernelTest" assertions="1" time="0.008557"/>
        <testcase name="testVersionConstantIsAValidSemverString" file="/home/runner/work/develop/develop/packages/framework/tests/Feature/HydeKernelTest.php" line="300" class="Hyde\Framework\Testing\Feature\HydeKernelTest" classname="Hyde.Framework.Testing.Feature.HydeKernelTest" assertions="1" time="0.003349"/>
        <testcase name="testVersionConstantIsUpToDateWithComposer" file="/home/runner/work/develop/develop/packages/framework/tests/Feature/HydeKernelTest.php" line="309" class="Hyde\Framework\Testing\Feature\HydeKernelTest" classname="Hyde.Framework.Testing.Feature.HydeKernelTest" assertions="0" time="0.003132">
          <skipped/>
        </testcase>
        <testcase name="testVersionConstantIsUpToDateWithGit" file="/home/runner/work/develop/develop/packages/framework/tests/Feature/HydeKernelTest.php" line="320" class="Hyde\Framework\Testing\Feature\HydeKernelTest" classname="Hyde.Framework.Testing.Feature.HydeKernelTest" assertions="0" time="0.005566">
          <skipped/>
        </testcase>
        <testcase name="testVersionMethodReturnsVersionConstant" file="/home/runner/work/develop/develop/packages/framework/tests/Feature/HydeKernelTest.php" line="335" class="Hyde\Framework\Testing\Feature\HydeKernelTest" classname="Hyde.Framework.Testing.Feature.HydeKernelTest" assertions="1" time="0.003277"/>
        <testcase name="testCanGetSourceRoot" file="/home/runner/work/develop/develop/packages/framework/tests/Feature/HydeKernelTest.php" line="340" class="Hyde\Framework\Testing\Feature\HydeKernelTest" classname="Hyde.Framework.Testing.Feature.HydeKernelTest" assertions="1" time="0.003250"/>
        <testcase name="testCanSetSourceRoot" file="/home/runner/work/develop/develop/packages/framework/tests/Feature/HydeKernelTest.php" line="345" class="Hyde\Framework\Testing\Feature\HydeKernelTest" classname="Hyde.Framework.Testing.Feature.HydeKernelTest" assertions="1" time="0.003271"/>
        <testcase name="testCanSetSourceRootToAbsoluteProjectPath" file="/home/runner/work/develop/develop/packages/framework/tests/Feature/HydeKernelTest.php" line="351" class="Hyde\Framework\Testing\Feature\HydeKernelTest" classname="Hyde.Framework.Testing.Feature.HydeKernelTest" assertions="1" time="0.003423"/>
        <testcase name="testSetSourceRootTrimsTrailingSlashes" file="/home/runner/work/develop/develop/packages/framework/tests/Feature/HydeKernelTest.php" line="357" class="Hyde\Framework\Testing\Feature\HydeKernelTest" classname="Hyde.Framework.Testing.Feature.HydeKernelTest" assertions="1" time="0.003300"/>
        <testcase name="testCanGetOutputDirectory" file="/home/runner/work/develop/develop/packages/framework/tests/Feature/HydeKernelTest.php" line="363" class="Hyde\Framework\Testing\Feature\HydeKernelTest" classname="Hyde.Framework.Testing.Feature.HydeKernelTest" assertions="1" time="0.003277"/>
        <testcase name="testCanSetOutputDirectory" file="/home/runner/work/develop/develop/packages/framework/tests/Feature/HydeKernelTest.php" line="368" class="Hyde\Framework\Testing\Feature\HydeKernelTest" classname="Hyde.Framework.Testing.Feature.HydeKernelTest" assertions="2" time="0.003438"/>
        <testcase name="testCanSetOutputDirectoryToAbsoluteProjectPath" file="/home/runner/work/develop/develop/packages/framework/tests/Feature/HydeKernelTest.php" line="375" class="Hyde\Framework\Testing\Feature\HydeKernelTest" classname="Hyde.Framework.Testing.Feature.HydeKernelTest" assertions="2" time="0.003498"/>
        <testcase name="testSetOutputDirectoryTrimsTrailingSlashes" file="/home/runner/work/develop/develop/packages/framework/tests/Feature/HydeKernelTest.php" line="382" class="Hyde\Framework\Testing\Feature\HydeKernelTest" classname="Hyde.Framework.Testing.Feature.HydeKernelTest" assertions="1" time="0.003322"/>
        <testcase name="testCanGetMediaDirectory" file="/home/runner/work/develop/develop/packages/framework/tests/Feature/HydeKernelTest.php" line="388" class="Hyde\Framework\Testing\Feature\HydeKernelTest" classname="Hyde.Framework.Testing.Feature.HydeKernelTest" assertions="1" time="0.003209"/>
        <testcase name="testCanSetMediaDirectory" file="/home/runner/work/develop/develop/packages/framework/tests/Feature/HydeKernelTest.php" line="393" class="Hyde\Framework\Testing\Feature\HydeKernelTest" classname="Hyde.Framework.Testing.Feature.HydeKernelTest" assertions="1" time="0.003224"/>
        <testcase name="testSetMediaDirectoryTrimsTrailingSlashes" file="/home/runner/work/develop/develop/packages/framework/tests/Feature/HydeKernelTest.php" line="399" class="Hyde\Framework\Testing\Feature\HydeKernelTest" classname="Hyde.Framework.Testing.Feature.HydeKernelTest" assertions="1" time="0.003281"/>
        <testcase name="testCanGetMediaOutputDirectoryName" file="/home/runner/work/develop/develop/packages/framework/tests/Feature/HydeKernelTest.php" line="405" class="Hyde\Framework\Testing\Feature\HydeKernelTest" classname="Hyde.Framework.Testing.Feature.HydeKernelTest" assertions="1" time="0.003240"/>
        <testcase name="testGetMediaOutputDirectoryNameUsesTrimmedVersionOfMediaSourceDirectory" file="/home/runner/work/develop/develop/packages/framework/tests/Feature/HydeKernelTest.php" line="410" class="Hyde\Framework\Testing\Feature\HydeKernelTest" classname="Hyde.Framework.Testing.Feature.HydeKernelTest" assertions="1" time="0.003342"/>
        <testcase name="testCanGetSiteMediaOutputDirectory" file="/home/runner/work/develop/develop/packages/framework/tests/Feature/HydeKernelTest.php" line="416" class="Hyde\Framework\Testing\Feature\HydeKernelTest" classname="Hyde.Framework.Testing.Feature.HydeKernelTest" assertions="1" time="0.003339"/>
        <testcase name="testGetSiteMediaOutputDirectoryUsesTrimmedVersionOfMediaSourceDirectory" file="/home/runner/work/develop/develop/packages/framework/tests/Feature/HydeKernelTest.php" line="421" class="Hyde\Framework\Testing\Feature\HydeKernelTest" classname="Hyde.Framework.Testing.Feature.HydeKernelTest" assertions="1" time="0.003413"/>
        <testcase name="testGetSiteMediaOutputDirectoryUsesConfiguredSiteOutputDirectory" file="/home/runner/work/develop/develop/packages/framework/tests/Feature/HydeKernelTest.php" line="427" class="Hyde\Framework\Testing\Feature\HydeKernelTest" classname="Hyde.Framework.Testing.Feature.HydeKernelTest" assertions="1" time="0.003450"/>
        <testcase name="testMediaOutputDirectoryCanBeChangedInConfiguration" file="/home/runner/work/develop/develop/packages/framework/tests/Feature/HydeKernelTest.php" line="434" class="Hyde\Framework\Testing\Feature\HydeKernelTest" classname="Hyde.Framework.Testing.Feature.HydeKernelTest" assertions="2" time="0.004204"/>
        <testcase name="testCanAccessKernelFluentlyUsingTheFacade" file="/home/runner/work/develop/develop/packages/framework/tests/Feature/HydeKernelTest.php" line="444" class="Hyde\Framework\Testing\Feature\HydeKernelTest" classname="Hyde.Framework.Testing.Feature.HydeKernelTest" assertions="3" time="0.003416"/>
        <testcase name="testCanRegisterBootingCallbackClosure" file="/home/runner/work/develop/develop/packages/framework/tests/Feature/HydeKernelTest.php" line="451" class="Hyde\Framework\Testing\Feature\HydeKernelTest" classname="Hyde.Framework.Testing.Feature.HydeKernelTest" assertions="1" time="0.006966"/>
        <testcase name="testCanRegisterBootedCallbackClosure" file="/home/runner/work/develop/develop/packages/framework/tests/Feature/HydeKernelTest.php" line="462" class="Hyde\Framework\Testing\Feature\HydeKernelTest" classname="Hyde.Framework.Testing.Feature.HydeKernelTest" assertions="1" time="0.006677"/>
        <testcase name="testCanRegisterBootingCallbackCallable" file="/home/runner/work/develop/develop/packages/framework/tests/Feature/HydeKernelTest.php" line="473" class="Hyde\Framework\Testing\Feature\HydeKernelTest" classname="Hyde.Framework.Testing.Feature.HydeKernelTest" assertions="1" time="0.006718"/>
        <testcase name="testCanRegisterBootedCallbackCallable" file="/home/runner/work/develop/develop/packages/framework/tests/Feature/HydeKernelTest.php" line="482" class="Hyde\Framework\Testing\Feature\HydeKernelTest" classname="Hyde.Framework.Testing.Feature.HydeKernelTest" assertions="1" time="0.006681"/>
        <testcase name="testBootingCallbackReceivesKernelInstance" file="/home/runner/work/develop/develop/packages/framework/tests/Feature/HydeKernelTest.php" line="491" class="Hyde\Framework\Testing\Feature\HydeKernelTest" classname="Hyde.Framework.Testing.Feature.HydeKernelTest" assertions="1" time="0.006721"/>
        <testcase name="testBootedCallbackReceivesKernelInstance" file="/home/runner/work/develop/develop/packages/framework/tests/Feature/HydeKernelTest.php" line="502" class="Hyde\Framework\Testing\Feature\HydeKernelTest" classname="Hyde.Framework.Testing.Feature.HydeKernelTest" assertions="1" time="0.007387"/>
        <testcase name="testCanUseBootingCallbacksToInjectCustomPages" file="/home/runner/work/develop/develop/packages/framework/tests/Feature/HydeKernelTest.php" line="513" class="Hyde\Framework\Testing\Feature\HydeKernelTest" classname="Hyde.Framework.Testing.Feature.HydeKernelTest" assertions="2" time="0.007903"/>
        <testcase name="testIsBootedReturnsFalseWhenNotBooted" file="/home/runner/work/develop/develop/packages/framework/tests/Feature/HydeKernelTest.php" line="526" class="Hyde\Framework\Testing\Feature\HydeKernelTest" classname="Hyde.Framework.Testing.Feature.HydeKernelTest" assertions="1" time="0.003162"/>
        <testcase name="testIsBootedReturnsTrueWhenBooted" file="/home/runner/work/develop/develop/packages/framework/tests/Feature/HydeKernelTest.php" line="532" class="Hyde\Framework\Testing\Feature\HydeKernelTest" classname="Hyde.Framework.Testing.Feature.HydeKernelTest" assertions="1" time="0.006873"/>
        <testcase name="testIsBootedMethodOnTheFacade" file="/home/runner/work/develop/develop/packages/framework/tests/Feature/HydeKernelTest.php" line="539" class="Hyde\Framework\Testing\Feature\HydeKernelTest" classname="Hyde.Framework.Testing.Feature.HydeKernelTest" assertions="2" time="0.007109"/>
      </testsuite>
      <testsuite name="Hyde\Framework\Testing\Feature\HydePageTest" file="/home/runner/work/develop/develop/packages/framework/tests/Feature/HydePageTest.php" tests="154" assertions="242" errors="0" failures="0" skipped="0" time="0.765302">
        <testcase name="testBaseSourceDirectory" file="/home/runner/work/develop/develop/packages/framework/tests/Feature/HydePageTest.php" line="40" class="Hyde\Framework\Testing\Feature\HydePageTest" classname="Hyde.Framework.Testing.Feature.HydePageTest" assertions="1" time="0.003590"/>
        <testcase name="testBaseOutputDirectory" file="/home/runner/work/develop/develop/packages/framework/tests/Feature/HydePageTest.php" line="48" class="Hyde\Framework\Testing\Feature\HydePageTest" classname="Hyde.Framework.Testing.Feature.HydePageTest" assertions="1" time="0.003391"/>
        <testcase name="testBaseFileExtension" file="/home/runner/work/develop/develop/packages/framework/tests/Feature/HydePageTest.php" line="56" class="Hyde\Framework\Testing\Feature\HydePageTest" classname="Hyde.Framework.Testing.Feature.HydePageTest" assertions="1" time="0.003376"/>
        <testcase name="testBaseSourcePath" file="/home/runner/work/develop/develop/packages/framework/tests/Feature/HydePageTest.php" line="64" class="Hyde\Framework\Testing\Feature\HydePageTest" classname="Hyde.Framework.Testing.Feature.HydePageTest" assertions="1" time="0.003421"/>
        <testcase name="testBaseOutputPath" file="/home/runner/work/develop/develop/packages/framework/tests/Feature/HydePageTest.php" line="72" class="Hyde\Framework\Testing\Feature\HydePageTest" classname="Hyde.Framework.Testing.Feature.HydePageTest" assertions="1" time="0.003436"/>
        <testcase name="testBasePath" file="/home/runner/work/develop/develop/packages/framework/tests/Feature/HydePageTest.php" line="80" class="Hyde\Framework\Testing\Feature\HydePageTest" classname="Hyde.Framework.Testing.Feature.HydePageTest" assertions="1" time="0.003452"/>
        <testcase name="testBasePathToIdentifier" file="/home/runner/work/develop/develop/packages/framework/tests/Feature/HydePageTest.php" line="88" class="Hyde\Framework\Testing\Feature\HydePageTest" classname="Hyde.Framework.Testing.Feature.HydePageTest" assertions="1" time="0.003457"/>
        <testcase name="testBaseBaseRouteKey" file="/home/runner/work/develop/develop/packages/framework/tests/Feature/HydePageTest.php" line="96" class="Hyde\Framework\Testing\Feature\HydePageTest" classname="Hyde.Framework.Testing.Feature.HydePageTest" assertions="1" time="0.003379"/>
        <testcase name="testBaseIsDiscoverable" file="/home/runner/work/develop/develop/packages/framework/tests/Feature/HydePageTest.php" line="104" class="Hyde\Framework\Testing\Feature\HydePageTest" classname="Hyde.Framework.Testing.Feature.HydePageTest" assertions="1" time="0.003391"/>
        <testcase name="testSourceDirectory" file="/home/runner/work/develop/develop/packages/framework/tests/Feature/HydePageTest.php" line="111" class="Hyde\Framework\Testing\Feature\HydePageTest" classname="Hyde.Framework.Testing.Feature.HydePageTest" assertions="1" time="0.003411"/>
        <testcase name="testOutputDirectory" file="/home/runner/work/develop/develop/packages/framework/tests/Feature/HydePageTest.php" line="119" class="Hyde\Framework\Testing\Feature\HydePageTest" classname="Hyde.Framework.Testing.Feature.HydePageTest" assertions="1" time="0.003407"/>
        <testcase name="testFileExtension" file="/home/runner/work/develop/develop/packages/framework/tests/Feature/HydePageTest.php" line="127" class="Hyde\Framework\Testing\Feature\HydePageTest" classname="Hyde.Framework.Testing.Feature.HydePageTest" assertions="1" time="0.003401"/>
        <testcase name="testSourcePath" file="/home/runner/work/develop/develop/packages/framework/tests/Feature/HydePageTest.php" line="135" class="Hyde\Framework\Testing\Feature\HydePageTest" classname="Hyde.Framework.Testing.Feature.HydePageTest" assertions="1" time="0.003411"/>
        <testcase name="testOutputPath" file="/home/runner/work/develop/develop/packages/framework/tests/Feature/HydePageTest.php" line="143" class="Hyde\Framework\Testing\Feature\HydePageTest" classname="Hyde.Framework.Testing.Feature.HydePageTest" assertions="1" time="0.003454"/>
        <testcase name="testPath" file="/home/runner/work/develop/develop/packages/framework/tests/Feature/HydePageTest.php" line="151" class="Hyde\Framework\Testing\Feature\HydePageTest" classname="Hyde.Framework.Testing.Feature.HydePageTest" assertions="1" time="0.003434"/>
        <testcase name="testBaseRouteKey" file="/home/runner/work/develop/develop/packages/framework/tests/Feature/HydePageTest.php" line="159" class="Hyde\Framework\Testing\Feature\HydePageTest" classname="Hyde.Framework.Testing.Feature.HydePageTest" assertions="1" time="0.003439"/>
        <testcase name="testIsDiscoverable" file="/home/runner/work/develop/develop/packages/framework/tests/Feature/HydePageTest.php" line="167" class="Hyde\Framework\Testing\Feature\HydePageTest" classname="Hyde.Framework.Testing.Feature.HydePageTest" assertions="1" time="0.003488"/>
        <testcase name="testGetSourcePath" file="/home/runner/work/develop/develop/packages/framework/tests/Feature/HydePageTest.php" line="172" class="Hyde\Framework\Testing\Feature\HydePageTest" classname="Hyde.Framework.Testing.Feature.HydePageTest" assertions="1" time="0.005277"/>
        <testcase name="testGetOutputPath" file="/home/runner/work/develop/develop/packages/framework/tests/Feature/HydePageTest.php" line="180" class="Hyde\Framework\Testing\Feature\HydePageTest" classname="Hyde.Framework.Testing.Feature.HydePageTest" assertions="1" time="0.004636"/>
        <testcase name="testGetLink" file="/home/runner/work/develop/develop/packages/framework/tests/Feature/HydePageTest.php" line="188" class="Hyde\Framework\Testing\Feature\HydePageTest" classname="Hyde.Framework.Testing.Feature.HydePageTest" assertions="1" time="0.004651"/>
        <testcase name="testMake" file="/home/runner/work/develop/develop/packages/framework/tests/Feature/HydePageTest.php" line="196" class="Hyde\Framework\Testing\Feature\HydePageTest" classname="Hyde.Framework.Testing.Feature.HydePageTest" assertions="1" time="0.005020"/>
        <testcase name="testMakeWithData" file="/home/runner/work/develop/develop/packages/framework/tests/Feature/HydePageTest.php" line="201" class="Hyde\Framework\Testing\Feature\HydePageTest" classname="Hyde.Framework.Testing.Feature.HydePageTest" assertions="1" time="0.005894"/>
        <testcase name="testShowInNavigation" file="/home/runner/work/develop/develop/packages/framework/tests/Feature/HydePageTest.php" line="209" class="Hyde\Framework\Testing\Feature\HydePageTest" classname="Hyde.Framework.Testing.Feature.HydePageTest" assertions="5" time="0.006580"/>
        <testcase name="testNavigationMenuPriority" file="/home/runner/work/develop/develop/packages/framework/tests/Feature/HydePageTest.php" line="218" class="Hyde\Framework\Testing\Feature\HydePageTest" classname="Hyde.Framework.Testing.Feature.HydePageTest" assertions="5" time="0.006570"/>
        <testcase name="testNavigationMenuLabel" file="/home/runner/work/develop/develop/packages/framework/tests/Feature/HydePageTest.php" line="227" class="Hyde\Framework\Testing\Feature\HydePageTest" classname="Hyde.Framework.Testing.Feature.HydePageTest" assertions="5" time="0.007729"/>
        <testcase name="testNavigationMenuGroup" file="/home/runner/work/develop/develop/packages/framework/tests/Feature/HydePageTest.php" line="236" class="Hyde\Framework\Testing\Feature\HydePageTest" classname="Hyde.Framework.Testing.Feature.HydePageTest" assertions="6" time="0.006995"/>
        <testcase name="testToArray" file="/home/runner/work/develop/develop/packages/framework/tests/Feature/HydePageTest.php" line="246" class="Hyde\Framework\Testing\Feature\HydePageTest" classname="Hyde.Framework.Testing.Feature.HydePageTest" assertions="1" time="0.004778"/>
        <testcase name="testGetSourceDirectoryReturnsStaticProperty" file="/home/runner/work/develop/develop/packages/framework/tests/Feature/HydePageTest.php" line="263" class="Hyde\Framework\Testing\Feature\HydePageTest" classname="Hyde.Framework.Testing.Feature.HydePageTest" assertions="1" time="0.003453"/>
        <testcase name="testSetSourceDirectoryTrimsTrailingSlashes" file="/home/runner/work/develop/develop/packages/framework/tests/Feature/HydePageTest.php" line="270" class="Hyde\Framework\Testing\Feature\HydePageTest" classname="Hyde.Framework.Testing.Feature.HydePageTest" assertions="1" time="0.003585"/>
        <testcase name="testGetOutputDirectoryReturnsStaticProperty" file="/home/runner/work/develop/develop/packages/framework/tests/Feature/HydePageTest.php" line="277" class="Hyde\Framework\Testing\Feature\HydePageTest" classname="Hyde.Framework.Testing.Feature.HydePageTest" assertions="1" time="0.003484"/>
        <testcase name="testSetOutputDirectoryTrimsTrailingSlashes" file="/home/runner/work/develop/develop/packages/framework/tests/Feature/HydePageTest.php" line="284" class="Hyde\Framework\Testing\Feature\HydePageTest" classname="Hyde.Framework.Testing.Feature.HydePageTest" assertions="1" time="0.003497"/>
        <testcase name="testGetFileExtensionReturnsStaticProperty" file="/home/runner/work/develop/develop/packages/framework/tests/Feature/HydePageTest.php" line="291" class="Hyde\Framework\Testing\Feature\HydePageTest" classname="Hyde.Framework.Testing.Feature.HydePageTest" assertions="1" time="0.003496"/>
        <testcase name="testSetFileExtensionForcesLeadingPeriod" file="/home/runner/work/develop/develop/packages/framework/tests/Feature/HydePageTest.php" line="298" class="Hyde\Framework\Testing\Feature\HydePageTest" classname="Hyde.Framework.Testing.Feature.HydePageTest" assertions="1" time="0.003464"/>
        <testcase name="testSetFileExtensionRemovesTrailingPeriod" file="/home/runner/work/develop/develop/packages/framework/tests/Feature/HydePageTest.php" line="305" class="Hyde\Framework\Testing\Feature\HydePageTest" classname="Hyde.Framework.Testing.Feature.HydePageTest" assertions="1" time="0.003439"/>
        <testcase name="testGetIdentifierReturnsIdentifierProperty" file="/home/runner/work/develop/develop/packages/framework/tests/Feature/HydePageTest.php" line="312" class="Hyde\Framework\Testing\Feature\HydePageTest" classname="Hyde.Framework.Testing.Feature.HydePageTest" assertions="1" time="0.004731"/>
        <testcase name="testSetSourceDirectory" file="/home/runner/work/develop/develop/packages/framework/tests/Feature/HydePageTest.php" line="318" class="Hyde\Framework\Testing\Feature\HydePageTest" classname="Hyde.Framework.Testing.Feature.HydePageTest" assertions="1" time="0.003398"/>
        <testcase name="testSetOutputDirectory" file="/home/runner/work/develop/develop/packages/framework/tests/Feature/HydePageTest.php" line="324" class="Hyde\Framework\Testing\Feature\HydePageTest" classname="Hyde.Framework.Testing.Feature.HydePageTest" assertions="1" time="0.003428"/>
        <testcase name="testSetFileExtension" file="/home/runner/work/develop/develop/packages/framework/tests/Feature/HydePageTest.php" line="330" class="Hyde\Framework\Testing\Feature\HydePageTest" classname="Hyde.Framework.Testing.Feature.HydePageTest" assertions="1" time="0.003415"/>
        <testcase name="testStaticGetMethodReturnsDiscoveredPage" file="/home/runner/work/develop/develop/packages/framework/tests/Feature/HydePageTest.php" line="336" class="Hyde\Framework\Testing\Feature\HydePageTest" classname="Hyde.Framework.Testing.Feature.HydePageTest" assertions="1" time="0.008935"/>
        <testcase name="testStaticGetMethodThrowsExceptionIfPageNotFound" file="/home/runner/work/develop/develop/packages/framework/tests/Feature/HydePageTest.php" line="341" class="Hyde\Framework\Testing\Feature\HydePageTest" classname="Hyde.Framework.Testing.Feature.HydePageTest" assertions="1" time="0.007345"/>
        <testcase name="testParseParsesSuppliedSlugIntoAPageModel" file="/home/runner/work/develop/develop/packages/framework/tests/Feature/HydePageTest.php" line="347" class="Hyde\Framework\Testing\Feature\HydePageTest" classname="Hyde.Framework.Testing.Feature.HydePageTest" assertions="2" time="0.005380"/>
        <testcase name="testFilesReturnsArrayOfSourceFiles" file="/home/runner/work/develop/develop/packages/framework/tests/Feature/HydePageTest.php" line="357" class="Hyde\Framework\Testing\Feature\HydePageTest" classname="Hyde.Framework.Testing.Feature.HydePageTest" assertions="1" time="0.008645"/>
        <testcase name="testAllReturnsCollectionOfAllParsedSourceFilesFromPageIndex" file="/home/runner/work/develop/develop/packages/framework/tests/Feature/HydePageTest.php" line="364" class="Hyde\Framework\Testing\Feature\HydePageTest" classname="Hyde.Framework.Testing.Feature.HydePageTest" assertions="2" time="0.009965"/>
        <testcase name="testQualifyBasenameProperlyExpandsBasenameForTheModel" file="/home/runner/work/develop/develop/packages/framework/tests/Feature/HydePageTest.php" line="378" class="Hyde\Framework\Testing\Feature\HydePageTest" classname="Hyde.Framework.Testing.Feature.HydePageTest" assertions="1" time="0.003369"/>
        <testcase name="testQualifyBasenameTrimsSlashesFromInput" file="/home/runner/work/develop/develop/packages/framework/tests/Feature/HydePageTest.php" line="383" class="Hyde\Framework\Testing\Feature\HydePageTest" classname="Hyde.Framework.Testing.Feature.HydePageTest" assertions="1" time="0.003445"/>
        <testcase name="testQualifyBasenameUsesTheStaticProperties" file="/home/runner/work/develop/develop/packages/framework/tests/Feature/HydePageTest.php" line="388" class="Hyde\Framework\Testing\Feature\HydePageTest" classname="Hyde.Framework.Testing.Feature.HydePageTest" assertions="1" time="0.003471"/>
        <testcase name="testPathReturnsAbsolutePathToSourceDirectoryWhenNoParameterIsSupplied" file="/home/runner/work/develop/develop/packages/framework/tests/Feature/HydePageTest.php" line="396" class="Hyde\Framework\Testing\Feature\HydePageTest" classname="Hyde.Framework.Testing.Feature.HydePageTest" assertions="1" time="0.003521"/>
        <testcase name="testPathReturnsAbsolutePathToFileInSourceDirectoryWhenParameterIsSupplied" file="/home/runner/work/develop/develop/packages/framework/tests/Feature/HydePageTest.php" line="403" class="Hyde\Framework\Testing\Feature\HydePageTest" classname="Hyde.Framework.Testing.Feature.HydePageTest" assertions="1" time="0.003537"/>
        <testcase name="testPathMethodRemovesTrailingSlashes" file="/home/runner/work/develop/develop/packages/framework/tests/Feature/HydePageTest.php" line="410" class="Hyde\Framework\Testing\Feature\HydePageTest" classname="Hyde.Framework.Testing.Feature.HydePageTest" assertions="1" time="0.003492"/>
        <testcase name="testGetOutputLocationReturnsTheFileOutputPathForTheSuppliedBasename" file="/home/runner/work/develop/develop/packages/framework/tests/Feature/HydePageTest.php" line="417" class="Hyde\Framework\Testing\Feature\HydePageTest" classname="Hyde.Framework.Testing.Feature.HydePageTest" assertions="1" time="0.003529"/>
        <testcase name="testGetOutputLocationReturnsTheConfiguredLocation" file="/home/runner/work/develop/develop/packages/framework/tests/Feature/HydePageTest.php" line="422" class="Hyde\Framework\Testing\Feature\HydePageTest" classname="Hyde.Framework.Testing.Feature.HydePageTest" assertions="1" time="0.003530"/>
        <testcase name="testGetOutputLocationTrimsTrailingSlashesFromDirectorySetting" file="/home/runner/work/develop/develop/packages/framework/tests/Feature/HydePageTest.php" line="429" class="Hyde\Framework\Testing\Feature\HydePageTest" classname="Hyde.Framework.Testing.Feature.HydePageTest" assertions="1" time="0.004100"/>
        <testcase name="testGetOutputLocationTrimsTrailingSlashesFromBasename" file="/home/runner/work/develop/develop/packages/framework/tests/Feature/HydePageTest.php" line="436" class="Hyde\Framework\Testing\Feature\HydePageTest" classname="Hyde.Framework.Testing.Feature.HydePageTest" assertions="1" time="0.003532"/>
        <testcase name="testGetCurrentPagePathReturnsOutputDirectoryAndBasename" file="/home/runner/work/develop/develop/packages/framework/tests/Feature/HydePageTest.php" line="441" class="Hyde\Framework\Testing\Feature\HydePageTest" classname="Hyde.Framework.Testing.Feature.HydePageTest" assertions="1" time="0.004801"/>
        <testcase name="testGetCurrentPagePathReturnsOutputDirectoryAndBasenameForConfiguredDirectory" file="/home/runner/work/develop/develop/packages/framework/tests/Feature/HydePageTest.php" line="447" class="Hyde\Framework\Testing\Feature\HydePageTest" classname="Hyde.Framework.Testing.Feature.HydePageTest" assertions="1" time="0.004769"/>
        <testcase name="testGetCurrentPagePathTrimsTrailingSlashesFromDirectorySetting" file="/home/runner/work/develop/develop/packages/framework/tests/Feature/HydePageTest.php" line="455" class="Hyde\Framework\Testing\Feature\HydePageTest" classname="Hyde.Framework.Testing.Feature.HydePageTest" assertions="1" time="0.004757"/>
        <testcase name="testGetOutputPathReturnsCurrentPagePathWithHtmlExtensionAppended" file="/home/runner/work/develop/develop/packages/framework/tests/Feature/HydePageTest.php" line="463" class="Hyde\Framework\Testing\Feature\HydePageTest" classname="Hyde.Framework.Testing.Feature.HydePageTest" assertions="1" time="0.004736"/>
        <testcase name="testGetSourcePathReturnsQualifiedBasename" file="/home/runner/work/develop/develop/packages/framework/tests/Feature/HydePageTest.php" line="469" class="Hyde\Framework\Testing\Feature\HydePageTest" classname="Hyde.Framework.Testing.Feature.HydePageTest" assertions="1" time="0.004713"/>
        <testcase name="testMarkdownPageImplementsPageContract" file="/home/runner/work/develop/develop/packages/framework/tests/Feature/HydePageTest.php" line="477" class="Hyde\Framework\Testing\Feature\HydePageTest" classname="Hyde.Framework.Testing.Feature.HydePageTest" assertions="1" time="0.004373"/>
        <testcase name="testAllPageModelsExtendAbstractPage" file="/home/runner/work/develop/develop/packages/framework/tests/Feature/HydePageTest.php" line="482" class="Hyde\Framework\Testing\Feature\HydePageTest" classname="Hyde.Framework.Testing.Feature.HydePageTest" assertions="6" time="0.006941"/>
        <testcase name="testAllPageModelsHaveConfiguredSourceDirectory" file="/home/runner/work/develop/develop/packages/framework/tests/Feature/HydePageTest.php" line="499" class="Hyde\Framework\Testing\Feature\HydePageTest" classname="Hyde.Framework.Testing.Feature.HydePageTest" assertions="5" time="0.003712"/>
        <testcase name="testAllPageModelsHaveConfiguredOutputDirectory" file="/home/runner/work/develop/develop/packages/framework/tests/Feature/HydePageTest.php" line="514" class="Hyde\Framework\Testing\Feature\HydePageTest" classname="Hyde.Framework.Testing.Feature.HydePageTest" assertions="4" time="0.003706"/>
        <testcase name="testAllPageModelsHaveConfiguredFileExtension" file="/home/runner/work/develop/develop/packages/framework/tests/Feature/HydePageTest.php" line="528" class="Hyde\Framework\Testing\Feature\HydePageTest" classname="Hyde.Framework.Testing.Feature.HydePageTest" assertions="4" time="0.003684"/>
        <testcase name="testAbstractMarkdownPageExtendsAbstractPage" file="/home/runner/work/develop/develop/packages/framework/tests/Feature/HydePageTest.php" line="542" class="Hyde\Framework\Testing\Feature\HydePageTest" classname="Hyde.Framework.Testing.Feature.HydePageTest" assertions="1" time="0.007373"/>
        <testcase name="testAbstractMarkdownPageImplementsPageContract" file="/home/runner/work/develop/develop/packages/framework/tests/Feature/HydePageTest.php" line="547" class="Hyde\Framework\Testing\Feature\HydePageTest" classname="Hyde.Framework.Testing.Feature.HydePageTest" assertions="1" time="0.003520"/>
        <testcase name="testAbstractMarkdownPageHasMarkdownDocumentProperty" file="/home/runner/work/develop/develop/packages/framework/tests/Feature/HydePageTest.php" line="552" class="Hyde\Framework\Testing\Feature\HydePageTest" classname="Hyde.Framework.Testing.Feature.HydePageTest" assertions="1" time="0.003431"/>
        <testcase name="testAbstractMarkdownPageHasFileExtensionProperty" file="/home/runner/work/develop/develop/packages/framework/tests/Feature/HydePageTest.php" line="557" class="Hyde\Framework\Testing\Feature\HydePageTest" classname="Hyde.Framework.Testing.Feature.HydePageTest" assertions="1" time="0.003503"/>
        <testcase name="testAbstractMarkdownPageFileExtensionPropertyIsSetToMd" file="/home/runner/work/develop/develop/packages/framework/tests/Feature/HydePageTest.php" line="562" class="Hyde\Framework\Testing\Feature\HydePageTest" classname="Hyde.Framework.Testing.Feature.HydePageTest" assertions="1" time="0.003484"/>
        <testcase name="testAbstractMarkdownPageConstructorArgumentsAreOptional" file="/home/runner/work/develop/develop/packages/framework/tests/Feature/HydePageTest.php" line="567" class="Hyde\Framework\Testing\Feature\HydePageTest" classname="Hyde.Framework.Testing.Feature.HydePageTest" assertions="1" time="0.003562"/>
        <testcase name="testAbstractMarkdownPageConstructorAssignsMarkdownDocumentPropertyIfSet" file="/home/runner/work/develop/develop/packages/framework/tests/Feature/HydePageTest.php" line="573" class="Hyde\Framework\Testing\Feature\HydePageTest" classname="Hyde.Framework.Testing.Feature.HydePageTest" assertions="1" time="0.004495"/>
        <testcase name="testAbstractMarkdownPageConstructorCreatesNewMarkdownDocumentIfNoMarkdownDocumentIsSet" file="/home/runner/work/develop/develop/packages/framework/tests/Feature/HydePageTest.php" line="580" class="Hyde\Framework\Testing\Feature\HydePageTest" classname="Hyde.Framework.Testing.Feature.HydePageTest" assertions="1" time="0.004464"/>
        <testcase name="testAbstractMarkdownPageMarkdownHelperReturnsTheMarkdownDocumentInstance" file="/home/runner/work/develop/develop/packages/framework/tests/Feature/HydePageTest.php" line="586" class="Hyde\Framework\Testing\Feature\HydePageTest" classname="Hyde.Framework.Testing.Feature.HydePageTest" assertions="1" time="0.004443"/>
        <testcase name="testAbstractMarkdownPageMarkdownHelperReturnsTheConfiguredMarkdownDocumentInstance" file="/home/runner/work/develop/develop/packages/framework/tests/Feature/HydePageTest.php" line="592" class="Hyde\Framework\Testing\Feature\HydePageTest" classname="Hyde.Framework.Testing.Feature.HydePageTest" assertions="1" time="0.004455"/>
        <testcase name="testAbstractMarkdownPageMakeHelperConstructsDynamicTitleAutomatically" file="/home/runner/work/develop/develop/packages/framework/tests/Feature/HydePageTest.php" line="599" class="Hyde\Framework\Testing\Feature\HydePageTest" classname="Hyde.Framework.Testing.Feature.HydePageTest" assertions="1" time="0.004463"/>
        <testcase name="testMarkdownBasedPagesExtendAbstractMarkdownPage" file="/home/runner/work/develop/develop/packages/framework/tests/Feature/HydePageTest.php" line="605" class="Hyde\Framework\Testing\Feature\HydePageTest" classname="Hyde.Framework.Testing.Feature.HydePageTest" assertions="3" time="0.005555"/>
        <testcase name="testBladePagesDoNotExtendAbstractMarkdownPage" file="/home/runner/work/develop/develop/packages/framework/tests/Feature/HydePageTest.php" line="618" class="Hyde\Framework\Testing\Feature\HydePageTest" classname="Hyde.Framework.Testing.Feature.HydePageTest" assertions="1" time="0.004703"/>
        <testcase name="testGetRouteReturnsPageRoute" file="/home/runner/work/develop/develop/packages/framework/tests/Feature/HydePageTest.php" line="623" class="Hyde\Framework\Testing\Feature\HydePageTest" classname="Hyde.Framework.Testing.Feature.HydePageTest" assertions="1" time="0.007939"/>
        <testcase name="testGetRouteReturnsTheRouteObjectFromTheRouterIndex" file="/home/runner/work/develop/develop/packages/framework/tests/Feature/HydePageTest.php" line="629" class="Hyde\Framework\Testing\Feature\HydePageTest" classname="Hyde.Framework.Testing.Feature.HydePageTest" assertions="1" time="0.009404"/>
        <testcase name="testHtmlTitleReturnsSiteNamePlusPageTitle" file="/home/runner/work/develop/develop/packages/framework/tests/Feature/HydePageTest.php" line="636" class="Hyde\Framework\Testing\Feature\HydePageTest" classname="Hyde.Framework.Testing.Feature.HydePageTest" assertions="1" time="0.004249"/>
        <testcase name="testHtmlTitleUsesConfiguredSiteName" file="/home/runner/work/develop/develop/packages/framework/tests/Feature/HydePageTest.php" line="642" class="Hyde\Framework\Testing\Feature\HydePageTest" classname="Hyde.Framework.Testing.Feature.HydePageTest" assertions="1" time="0.004746"/>
        <testcase name="testBodyHelperReturnsMarkdownDocumentBodyInMarkdownPages" file="/home/runner/work/develop/develop/packages/framework/tests/Feature/HydePageTest.php" line="649" class="Hyde\Framework\Testing\Feature\HydePageTest" classname="Hyde.Framework.Testing.Feature.HydePageTest" assertions="1" time="0.004448"/>
        <testcase name="testShowInNavigationReturnsFalseForMarkdownPost" file="/home/runner/work/develop/develop/packages/framework/tests/Feature/HydePageTest.php" line="655" class="Hyde\Framework\Testing\Feature\HydePageTest" classname="Hyde.Framework.Testing.Feature.HydePageTest" assertions="1" time="0.004719"/>
        <testcase name="testShowInNavigationReturnsTrueForDocumentationPageIfSlugIsIndex" file="/home/runner/work/develop/develop/packages/framework/tests/Feature/HydePageTest.php" line="662" class="Hyde\Framework\Testing\Feature\HydePageTest" classname="Hyde.Framework.Testing.Feature.HydePageTest" assertions="1" time="0.004798"/>
        <testcase name="testShowInNavigationReturnsTrueForDocumentationPageIfSlugIsNotIndex" file="/home/runner/work/develop/develop/packages/framework/tests/Feature/HydePageTest.php" line="669" class="Hyde\Framework\Testing\Feature\HydePageTest" classname="Hyde.Framework.Testing.Feature.HydePageTest" assertions="1" time="0.004841"/>
        <testcase name="testShowInNavigationReturnsFalseForAbstractMarkdownPageIfMatterNavigationHiddenIsTrue" file="/home/runner/work/develop/develop/packages/framework/tests/Feature/HydePageTest.php" line="676" class="Hyde\Framework\Testing\Feature\HydePageTest" classname="Hyde.Framework.Testing.Feature.HydePageTest" assertions="1" time="0.004744"/>
        <testcase name="testShowInNavigationReturnsTrueForAbstractMarkdownPageIfMatterNavigationVisibleIsTrue" file="/home/runner/work/develop/develop/packages/framework/tests/Feature/HydePageTest.php" line="683" class="Hyde\Framework\Testing\Feature\HydePageTest" classname="Hyde.Framework.Testing.Feature.HydePageTest" assertions="1" time="0.005437"/>
        <testcase name="testShowInNavigationReturnsTrueForAbstractMarkdownPageIfMatterNavigationHiddenIsFalse" file="/home/runner/work/develop/develop/packages/framework/tests/Feature/HydePageTest.php" line="690" class="Hyde\Framework\Testing\Feature\HydePageTest" classname="Hyde.Framework.Testing.Feature.HydePageTest" assertions="1" time="0.004825"/>
        <testcase name="testShowInNavigationReturnsTrueForAbstractMarkdownPageIfMatterNavigationHiddenIsNotSet" file="/home/runner/work/develop/develop/packages/framework/tests/Feature/HydePageTest.php" line="697" class="Hyde\Framework\Testing\Feature\HydePageTest" classname="Hyde.Framework.Testing.Feature.HydePageTest" assertions="1" time="0.004768"/>
        <testcase name="testShowInNavigationReturnsFalseIfSlugIsPresentInConfigHydeNavigationExclude" file="/home/runner/work/develop/develop/packages/framework/tests/Feature/HydePageTest.php" line="704" class="Hyde\Framework\Testing\Feature\HydePageTest" classname="Hyde.Framework.Testing.Feature.HydePageTest" assertions="2" time="0.005417"/>
        <testcase name="testShowInNavigationReturnsFalseIfSlugIs404" file="/home/runner/work/develop/develop/packages/framework/tests/Feature/HydePageTest.php" line="714" class="Hyde\Framework\Testing\Feature\HydePageTest" classname="Hyde.Framework.Testing.Feature.HydePageTest" assertions="1" time="0.004707"/>
        <testcase name="testShowInNavigationDefaultsToTrueIfAllChecksPass" file="/home/runner/work/develop/develop/packages/framework/tests/Feature/HydePageTest.php" line="720" class="Hyde\Framework\Testing\Feature\HydePageTest" classname="Hyde.Framework.Testing.Feature.HydePageTest" assertions="1" time="0.004728"/>
        <testcase name="testNavigationMenuPriorityReturnsFrontMatterValueOfNavigationPriorityIfAbstractMarkdownPageAndNotNull" file="/home/runner/work/develop/develop/packages/framework/tests/Feature/HydePageTest.php" line="726" class="Hyde\Framework\Testing\Feature\HydePageTest" classname="Hyde.Framework.Testing.Feature.HydePageTest" assertions="1" time="0.004774"/>
        <testcase name="testNavigationMenuPriorityCanBeSetUsingOrderProperty" file="/home/runner/work/develop/develop/packages/framework/tests/Feature/HydePageTest.php" line="732" class="Hyde\Framework\Testing\Feature\HydePageTest" classname="Hyde.Framework.Testing.Feature.HydePageTest" assertions="1" time="0.004689"/>
        <testcase name="testNavigationMenuPriorityReturnsSpecifiedConfigValueIfSlugExistsInConfigHydeNavigationOrder" file="/home/runner/work/develop/develop/packages/framework/tests/Feature/HydePageTest.php" line="738" class="Hyde\Framework\Testing\Feature\HydePageTest" classname="Hyde.Framework.Testing.Feature.HydePageTest" assertions="2" time="0.005463"/>
        <testcase name="testNavigationMenuPriorityGivesPrecedenceToFrontMatterOverConfigHydeNavigationOrder" file="/home/runner/work/develop/develop/packages/framework/tests/Feature/HydePageTest.php" line="748" class="Hyde\Framework\Testing\Feature\HydePageTest" classname="Hyde.Framework.Testing.Feature.HydePageTest" assertions="2" time="0.004897"/>
        <testcase name="testNavigationMenuPriorityReturns999ForDocumentationPage" file="/home/runner/work/develop/develop/packages/framework/tests/Feature/HydePageTest.php" line="758" class="Hyde\Framework\Testing\Feature\HydePageTest" classname="Hyde.Framework.Testing.Feature.HydePageTest" assertions="1" time="0.004813"/>
        <testcase name="testNavigationMenuPriorityReturns0IfSlugIsIndex" file="/home/runner/work/develop/develop/packages/framework/tests/Feature/HydePageTest.php" line="764" class="Hyde\Framework\Testing\Feature\HydePageTest" classname="Hyde.Framework.Testing.Feature.HydePageTest" assertions="1" time="0.004737"/>
        <testcase name="testNavigationMenuPriorityReturns10IfSlugIsPosts" file="/home/runner/work/develop/develop/packages/framework/tests/Feature/HydePageTest.php" line="770" class="Hyde\Framework\Testing\Feature\HydePageTest" classname="Hyde.Framework.Testing.Feature.HydePageTest" assertions="1" time="0.004941"/>
        <testcase name="testNavigationMenuPriorityDefaultsTo999IfNoOtherConditionsAreMet" file="/home/runner/work/develop/develop/packages/framework/tests/Feature/HydePageTest.php" line="776" class="Hyde\Framework\Testing\Feature\HydePageTest" classname="Hyde.Framework.Testing.Feature.HydePageTest" assertions="1" time="0.004769"/>
        <testcase name="testNavigationMenuTitleReturnsNavigationTitleMatterIfSet" file="/home/runner/work/develop/develop/packages/framework/tests/Feature/HydePageTest.php" line="782" class="Hyde\Framework\Testing\Feature\HydePageTest" classname="Hyde.Framework.Testing.Feature.HydePageTest" assertions="1" time="0.004672"/>
        <testcase name="testNavigationMenuTitleReturnsTitleMatterIfSet" file="/home/runner/work/develop/develop/packages/framework/tests/Feature/HydePageTest.php" line="788" class="Hyde\Framework\Testing\Feature\HydePageTest" classname="Hyde.Framework.Testing.Feature.HydePageTest" assertions="1" time="0.004662"/>
        <testcase name="testNavigationMenuTitleNavigationTitleHasPrecedenceOverTitle" file="/home/runner/work/develop/develop/packages/framework/tests/Feature/HydePageTest.php" line="794" class="Hyde\Framework\Testing\Feature\HydePageTest" classname="Hyde.Framework.Testing.Feature.HydePageTest" assertions="1" time="0.004620"/>
        <testcase name="testNavigationMenuTitleReturnsDocsIfSlugIsIndexAndModelIsDocumentationPage" file="/home/runner/work/develop/develop/packages/framework/tests/Feature/HydePageTest.php" line="800" class="Hyde\Framework\Testing\Feature\HydePageTest" classname="Hyde.Framework.Testing.Feature.HydePageTest" assertions="1" time="0.004846"/>
        <testcase name="testNavigationMenuTitleReturnsHomeIfSlugIsIndexAndModelIsNotDocumentationPage" file="/home/runner/work/develop/develop/packages/framework/tests/Feature/HydePageTest.php" line="806" class="Hyde\Framework\Testing\Feature\HydePageTest" classname="Hyde.Framework.Testing.Feature.HydePageTest" assertions="1" time="0.004814"/>
        <testcase name="testNavigationMenuTitleReturnsTitleIfTitleIsSetAndNotEmpty" file="/home/runner/work/develop/develop/packages/framework/tests/Feature/HydePageTest.php" line="812" class="Hyde\Framework\Testing\Feature\HydePageTest" classname="Hyde.Framework.Testing.Feature.HydePageTest" assertions="1" time="0.004679"/>
        <testcase name="testNavigationMenuTitleFallsBackToHydeMakeTitleFromSlug" file="/home/runner/work/develop/develop/packages/framework/tests/Feature/HydePageTest.php" line="818" class="Hyde\Framework\Testing\Feature\HydePageTest" classname="Hyde.Framework.Testing.Feature.HydePageTest" assertions="1" time="0.004797"/>
        <testcase name="testNavigationMenuTitleCanBeSetInConfiguration" file="/home/runner/work/develop/develop/packages/framework/tests/Feature/HydePageTest.php" line="824" class="Hyde\Framework\Testing\Feature\HydePageTest" classname="Hyde.Framework.Testing.Feature.HydePageTest" assertions="1" time="0.004855"/>
        <testcase name="testDocumentationPageCanBeHiddenFromNavigationUsingConfig" file="/home/runner/work/develop/develop/packages/framework/tests/Feature/HydePageTest.php" line="831" class="Hyde\Framework\Testing\Feature\HydePageTest" classname="Hyde.Framework.Testing.Feature.HydePageTest" assertions="1" time="0.004854"/>
        <testcase name="testGetCanonicalUrlReturnsUrlForTopLevelPage" file="/home/runner/work/develop/develop/packages/framework/tests/Feature/HydePageTest.php" line="838" class="Hyde\Framework\Testing\Feature\HydePageTest" classname="Hyde.Framework.Testing.Feature.HydePageTest" assertions="1" time="0.004940"/>
        <testcase name="testGetCanonicalUrlReturnsPrettyUrlForTopLevelPage" file="/home/runner/work/develop/develop/packages/framework/tests/Feature/HydePageTest.php" line="846" class="Hyde\Framework\Testing\Feature\HydePageTest" classname="Hyde.Framework.Testing.Feature.HydePageTest" assertions="1" time="0.004916"/>
        <testcase name="testGetCanonicalUrlReturnsUrlForNestedPage" file="/home/runner/work/develop/develop/packages/framework/tests/Feature/HydePageTest.php" line="855" class="Hyde\Framework\Testing\Feature\HydePageTest" classname="Hyde.Framework.Testing.Feature.HydePageTest" assertions="1" time="0.004904"/>
        <testcase name="testGetCanonicalUrlReturnsUrlForDeeplyNestedPage" file="/home/runner/work/develop/develop/packages/framework/tests/Feature/HydePageTest.php" line="863" class="Hyde\Framework\Testing\Feature\HydePageTest" classname="Hyde.Framework.Testing.Feature.HydePageTest" assertions="1" time="0.008397"/>
        <testcase name="testCanonicalUrlIsNotSetWhenIdentifierIsNull" file="/home/runner/work/develop/develop/packages/framework/tests/Feature/HydePageTest.php" line="871" class="Hyde\Framework\Testing\Feature\HydePageTest" classname="Hyde.Framework.Testing.Feature.HydePageTest" assertions="2" time="0.004710"/>
        <testcase name="testCanonicalUrlIsNotSetWhenSiteUrlIsNull" file="/home/runner/work/develop/develop/packages/framework/tests/Feature/HydePageTest.php" line="882" class="Hyde\Framework\Testing\Feature\HydePageTest" classname="Hyde.Framework.Testing.Feature.HydePageTest" assertions="2" time="0.004765"/>
        <testcase name="testCustomCanonicalLinkCanBeSetInFrontMatter" file="/home/runner/work/develop/develop/packages/framework/tests/Feature/HydePageTest.php" line="893" class="Hyde\Framework\Testing\Feature\HydePageTest" classname="Hyde.Framework.Testing.Feature.HydePageTest" assertions="2" time="0.004693"/>
        <testcase name="testCanCreateCanonicalUrlUsingBaseUrlFromConfig" file="/home/runner/work/develop/develop/packages/framework/tests/Feature/HydePageTest.php" line="904" class="Hyde\Framework\Testing\Feature\HydePageTest" classname="Hyde.Framework.Testing.Feature.HydePageTest" assertions="1" time="0.004898"/>
        <testcase name="testCanCreateCanonicalUrlUsingBaseUrlFromConfigUsingPrettyUrls" file="/home/runner/work/develop/develop/packages/framework/tests/Feature/HydePageTest.php" line="913" class="Hyde\Framework\Testing\Feature\HydePageTest" classname="Hyde.Framework.Testing.Feature.HydePageTest" assertions="1" time="0.004899"/>
        <testcase name="testCanonicalUrlIsNullWhenNoBaseUrlIsSet" file="/home/runner/work/develop/develop/packages/framework/tests/Feature/HydePageTest.php" line="923" class="Hyde\Framework\Testing\Feature\HydePageTest" classname="Hyde.Framework.Testing.Feature.HydePageTest" assertions="1" time="0.004579"/>
        <testcase name="testRenderPageMetadataReturnsString" file="/home/runner/work/develop/develop/packages/framework/tests/Feature/HydePageTest.php" line="929" class="Hyde\Framework\Testing\Feature\HydePageTest" classname="Hyde.Framework.Testing.Feature.HydePageTest" assertions="1" time="0.004801"/>
        <testcase name="testHasMethodReturnsTrueIfPageHasStandardProperty" file="/home/runner/work/develop/develop/packages/framework/tests/Feature/HydePageTest.php" line="935" class="Hyde\Framework\Testing\Feature\HydePageTest" classname="Hyde.Framework.Testing.Feature.HydePageTest" assertions="1" time="0.004842"/>
        <testcase name="testHasMethodReturnsFalseIfPageDoesNotHaveStandardProperty" file="/home/runner/work/develop/develop/packages/framework/tests/Feature/HydePageTest.php" line="941" class="Hyde\Framework\Testing\Feature\HydePageTest" classname="Hyde.Framework.Testing.Feature.HydePageTest" assertions="1" time="0.005134"/>
        <testcase name="testHasMethodReturnsTrueIfPageHasDynamicProperty" file="/home/runner/work/develop/develop/packages/framework/tests/Feature/HydePageTest.php" line="947" class="Hyde\Framework\Testing\Feature\HydePageTest" classname="Hyde.Framework.Testing.Feature.HydePageTest" assertions="1" time="0.004488"/>
        <testcase name="testHasMethodReturnsFalseIfPageDoesNotHaveDynamicProperty" file="/home/runner/work/develop/develop/packages/framework/tests/Feature/HydePageTest.php" line="954" class="Hyde\Framework\Testing\Feature\HydePageTest" classname="Hyde.Framework.Testing.Feature.HydePageTest" assertions="1" time="0.004488"/>
        <testcase name="testHasMethodReturnsTrueIfPageHasPropertySetInFrontMatter" file="/home/runner/work/develop/develop/packages/framework/tests/Feature/HydePageTest.php" line="960" class="Hyde\Framework\Testing\Feature\HydePageTest" classname="Hyde.Framework.Testing.Feature.HydePageTest" assertions="1" time="0.004468"/>
        <testcase name="testHasMethodReturnsFalseIfPageDoesNotHavePropertySetInFrontMatter" file="/home/runner/work/develop/develop/packages/framework/tests/Feature/HydePageTest.php" line="966" class="Hyde\Framework\Testing\Feature\HydePageTest" classname="Hyde.Framework.Testing.Feature.HydePageTest" assertions="1" time="0.004487"/>
        <testcase name="testHasMethodReturnsFalseIfPropertyExistsButIsBlank" file="/home/runner/work/develop/develop/packages/framework/tests/Feature/HydePageTest.php" line="972" class="Hyde\Framework\Testing\Feature\HydePageTest" classname="Hyde.Framework.Testing.Feature.HydePageTest" assertions="2" time="0.004884"/>
        <testcase name="testHasMethodReturnsTrueIfPageHasBlankPropertySetInFrontMatter" file="/home/runner/work/develop/develop/packages/framework/tests/Feature/HydePageTest.php" line="983" class="Hyde\Framework\Testing\Feature\HydePageTest" classname="Hyde.Framework.Testing.Feature.HydePageTest" assertions="2" time="0.004899"/>
        <testcase name="testMarkdownPagesCanBeSavedToDisk" file="/home/runner/work/develop/develop/packages/framework/tests/Feature/HydePageTest.php" line="989" class="Hyde\Framework\Testing\Feature\HydePageTest" classname="Hyde.Framework.Testing.Feature.HydePageTest" assertions="1" time="0.005291"/>
        <testcase name="testSaveMethodConvertsFrontMatterArrayToYamlBlock" file="/home/runner/work/develop/develop/packages/framework/tests/Feature/HydePageTest.php" line="997" class="Hyde\Framework\Testing\Feature\HydePageTest" classname="Hyde.Framework.Testing.Feature.HydePageTest" assertions="1" time="0.005385"/>
        <testcase name="testSaveMethodWritesPageBodyToFile" file="/home/runner/work/develop/develop/packages/framework/tests/Feature/HydePageTest.php" line="1006" class="Hyde\Framework\Testing\Feature\HydePageTest" classname="Hyde.Framework.Testing.Feature.HydePageTest" assertions="1" time="0.005248"/>
        <testcase name="testSaveMethodWritesPageBodyToFileWithFrontMatter" file="/home/runner/work/develop/develop/packages/framework/tests/Feature/HydePageTest.php" line="1015" class="Hyde\Framework\Testing\Feature\HydePageTest" classname="Hyde.Framework.Testing.Feature.HydePageTest" assertions="1" time="0.005326"/>
        <testcase name="testNewMarkdownPagesCanBeSaved" file="/home/runner/work/develop/develop/packages/framework/tests/Feature/HydePageTest.php" line="1024" class="Hyde\Framework\Testing\Feature\HydePageTest" classname="Hyde.Framework.Testing.Feature.HydePageTest" assertions="2" time="0.005409"/>
        <testcase name="testExistingParsedMarkdownPagesCanBeSaved" file="/home/runner/work/develop/develop/packages/framework/tests/Feature/HydePageTest.php" line="1035" class="Hyde\Framework\Testing\Feature\HydePageTest" classname="Hyde.Framework.Testing.Feature.HydePageTest" assertions="3" time="0.010302"/>
        <testcase name="testSaveMethodCreatesSourceDirectoryIfItDoesNotExist" file="/home/runner/work/develop/develop/packages/framework/tests/Feature/HydePageTest.php" line="1054" class="Hyde\Framework\Testing\Feature\HydePageTest" classname="Hyde.Framework.Testing.Feature.HydePageTest" assertions="3" time="0.005581"/>
        <testcase name="testSaveMethodCreatesSourceDirectoryRecursivelyIfItDoesNotExist" file="/home/runner/work/develop/develop/packages/framework/tests/Feature/HydePageTest.php" line="1067" class="Hyde\Framework\Testing\Feature\HydePageTest" classname="Hyde.Framework.Testing.Feature.HydePageTest" assertions="4" time="0.005998"/>
        <testcase name="testMarkdownPostsCanBeSaved" file="/home/runner/work/develop/develop/packages/framework/tests/Feature/HydePageTest.php" line="1081" class="Hyde\Framework\Testing\Feature\HydePageTest" classname="Hyde.Framework.Testing.Feature.HydePageTest" assertions="1" time="0.005749"/>
        <testcase name="testDocumentationPagesCanBeSaved" file="/home/runner/work/develop/develop/packages/framework/tests/Feature/HydePageTest.php" line="1089" class="Hyde\Framework\Testing\Feature\HydePageTest" classname="Hyde.Framework.Testing.Feature.HydePageTest" assertions="1" time="0.005251"/>
        <testcase name="testGetMethodCanAccessDataFromPage" file="/home/runner/work/develop/develop/packages/framework/tests/Feature/HydePageTest.php" line="1097" class="Hyde\Framework\Testing\Feature\HydePageTest" classname="Hyde.Framework.Testing.Feature.HydePageTest" assertions="1" time="0.004690"/>
        <testcase name="testGetMethodCanAccessNestedDataFromPage" file="/home/runner/work/develop/develop/packages/framework/tests/Feature/HydePageTest.php" line="1103" class="Hyde\Framework\Testing\Feature\HydePageTest" classname="Hyde.Framework.Testing.Feature.HydePageTest" assertions="1" time="0.004741"/>
        <testcase name="testGetMethodCanAccessNestedDataFromPageWithDotNotation" file="/home/runner/work/develop/develop/packages/framework/tests/Feature/HydePageTest.php" line="1109" class="Hyde\Framework\Testing\Feature\HydePageTest" classname="Hyde.Framework.Testing.Feature.HydePageTest" assertions="1" time="0.004762"/>
        <testcase name="testGetLinkWithPrettyUrls" file="/home/runner/work/develop/develop/packages/framework/tests/Feature/HydePageTest.php" line="1115" class="Hyde\Framework\Testing\Feature\HydePageTest" classname="Hyde.Framework.Testing.Feature.HydePageTest" assertions="1" time="0.004714"/>
        <testcase name="testGetLinkUsesHyperlinksHelper" file="/home/runner/work/develop/develop/packages/framework/tests/Feature/HydePageTest.php" line="1123" class="Hyde\Framework\Testing\Feature\HydePageTest" classname="Hyde.Framework.Testing.Feature.HydePageTest" assertions="1" time="0.005219"/>
        <testcase name="testPathHelpersReturnSameResultAsFluentFilesystemHelpers" file="/home/runner/work/develop/develop/packages/framework/tests/Feature/HydePageTest.php" line="1131" class="Hyde\Framework\Testing\Feature\HydePageTest" classname="Hyde.Framework.Testing.Feature.HydePageTest" assertions="4" time="0.003969"/>
        <testcase name="testAllPagesAreRoutable" file="/home/runner/work/develop/develop/packages/framework/tests/Feature/HydePageTest.php" line="1139" class="Hyde\Framework\Testing\Feature\HydePageTest" classname="Hyde.Framework.Testing.Feature.HydePageTest" assertions="25" time="0.043917"/>
        <testcase name="testNavigationDataFactoryHidesPageFromNavigationWhenInASubdirectory" file="/home/runner/work/develop/develop/packages/framework/tests/Feature/HydePageTest.php" line="1168" class="Hyde\Framework\Testing\Feature\HydePageTest" classname="Hyde.Framework.Testing.Feature.HydePageTest" assertions="2" time="0.004704"/>
        <testcase name="testNavigationDataFactoryHidesPageFromNavigationWhenInAAndConfigIsSetToHidden" file="/home/runner/work/develop/develop/packages/framework/tests/Feature/HydePageTest.php" line="1175" class="Hyde\Framework\Testing\Feature\HydePageTest" classname="Hyde.Framework.Testing.Feature.HydePageTest" assertions="2" time="0.004974"/>
        <testcase name="testNavigationDataFactoryDoesNotHidePageFromNavigationWhenInASubdirectoryAndAllowedInConfiguration" file="/home/runner/work/develop/develop/packages/framework/tests/Feature/HydePageTest.php" line="1183" class="Hyde\Framework\Testing\Feature\HydePageTest" classname="Hyde.Framework.Testing.Feature.HydePageTest" assertions="2" time="0.004960"/>
        <testcase name="testNavigationDataFactoryAllowsShowInNavigationAndSetsGroupWhenDropdownIsSelectedInConfig" file="/home/runner/work/develop/develop/packages/framework/tests/Feature/HydePageTest.php" line="1191" class="Hyde\Framework\Testing\Feature\HydePageTest" classname="Hyde.Framework.Testing.Feature.HydePageTest" assertions="2" time="0.005084"/>
        <testcase name="testIsDiscoverableMethodReturnsTrueForDiscoverablePages" file="/home/runner/work/develop/develop/packages/framework/tests/Feature/HydePageTest.php" line="1199" class="Hyde\Framework\Testing\Feature\HydePageTest" classname="Hyde.Framework.Testing.Feature.HydePageTest" assertions="1" time="0.003491"/>
        <testcase name="testIsDiscoverableMethodReturnsFalseForNonDiscoverablePages" file="/home/runner/work/develop/develop/packages/framework/tests/Feature/HydePageTest.php" line="1204" class="Hyde\Framework\Testing\Feature\HydePageTest" classname="Hyde.Framework.Testing.Feature.HydePageTest" assertions="1" time="0.003508"/>
        <testcase name="testIsDiscoverableMethodRequiresAllRequiredDataToBePresent" file="/home/runner/work/develop/develop/packages/framework/tests/Feature/HydePageTest.php" line="1209" class="Hyde\Framework\Testing\Feature\HydePageTest" classname="Hyde.Framework.Testing.Feature.HydePageTest" assertions="1" time="0.003495"/>
        <testcase name="testIsDiscoverableMethodRequiresSourceDirectoryToBeFilled" file="/home/runner/work/develop/develop/packages/framework/tests/Feature/HydePageTest.php" line="1214" class="Hyde\Framework\Testing\Feature\HydePageTest" classname="Hyde.Framework.Testing.Feature.HydePageTest" assertions="1" time="0.003461"/>
        <testcase name="testAllCoreExtensionPagesAreDiscoverable" file="/home/runner/work/develop/develop/packages/framework/tests/Feature/HydePageTest.php" line="1219" class="Hyde\Framework\Testing\Feature\HydePageTest" classname="Hyde.Framework.Testing.Feature.HydePageTest" assertions="5" time="0.003995"/>
        <testcase name="testNestedIndexPagesShowUpInNavigation" file="/home/runner/work/develop/develop/packages/framework/tests/Feature/HydePageTest.php" line="1227" class="Hyde\Framework\Testing\Feature\HydePageTest" classname="Hyde.Framework.Testing.Feature.HydePageTest" assertions="2" time="0.004941"/>
      </testsuite>
      <testsuite name="Hyde\Framework\Testing\Feature\HydeServiceProviderTest" file="/home/runner/work/develop/develop/packages/framework/tests/Feature/HydeServiceProviderTest.php" tests="21" assertions="95" errors="0" failures="0" skipped="0" time="0.097475">
        <testcase name="testProviderIsConstructed" file="/home/runner/work/develop/develop/packages/framework/tests/Feature/HydeServiceProviderTest.php" line="38" class="Hyde\Framework\Testing\Feature\HydeServiceProviderTest" classname="Hyde.Framework.Testing.Feature.HydeServiceProviderTest" assertions="1" time="0.003983"/>
        <testcase name="testProviderHasRegisterMethod" file="/home/runner/work/develop/develop/packages/framework/tests/Feature/HydeServiceProviderTest.php" line="43" class="Hyde\Framework\Testing\Feature\HydeServiceProviderTest" classname="Hyde.Framework.Testing.Feature.HydeServiceProviderTest" assertions="1" time="0.003149"/>
        <testcase name="testProviderHasBootMethod" file="/home/runner/work/develop/develop/packages/framework/tests/Feature/HydeServiceProviderTest.php" line="48" class="Hyde\Framework\Testing\Feature\HydeServiceProviderTest" classname="Hyde.Framework.Testing.Feature.HydeServiceProviderTest" assertions="1" time="0.003111"/>
        <testcase name="testProviderRegistersAssetServiceAsSingleton" file="/home/runner/work/develop/develop/packages/framework/tests/Feature/HydeServiceProviderTest.php" line="53" class="Hyde\Framework\Testing\Feature\HydeServiceProviderTest" classname="Hyde.Framework.Testing.Feature.HydeServiceProviderTest" assertions="3" time="0.003491"/>
        <testcase name="testProviderRegistersBuildTaskServiceAsSingleton" file="/home/runner/work/develop/develop/packages/framework/tests/Feature/HydeServiceProviderTest.php" line="60" class="Hyde\Framework\Testing\Feature\HydeServiceProviderTest" classname="Hyde.Framework.Testing.Feature.HydeServiceProviderTest" assertions="3" time="0.008126"/>
        <testcase name="testProviderRegistersSourceDirectories" file="/home/runner/work/develop/develop/packages/framework/tests/Feature/HydeServiceProviderTest.php" line="67" class="Hyde\Framework\Testing\Feature\HydeServiceProviderTest" classname="Hyde.Framework.Testing.Feature.HydeServiceProviderTest" assertions="8" time="0.004380"/>
        <testcase name="testProviderRegistersOutputDirectories" file="/home/runner/work/develop/develop/packages/framework/tests/Feature/HydeServiceProviderTest.php" line="87" class="Hyde\Framework\Testing\Feature\HydeServiceProviderTest" classname="Hyde.Framework.Testing.Feature.HydeServiceProviderTest" assertions="8" time="0.004607"/>
        <testcase name="testCustomSourceRootsAreAppliedToThePageModels" file="/home/runner/work/develop/develop/packages/framework/tests/Feature/HydeServiceProviderTest.php" line="107" class="Hyde\Framework\Testing\Feature\HydeServiceProviderTest" classname="Hyde.Framework.Testing.Feature.HydeServiceProviderTest" assertions="8" time="0.004608"/>
        <testcase name="testSourceRootSetInConfigIsAssigned" file="/home/runner/work/develop/develop/packages/framework/tests/Feature/HydeServiceProviderTest.php" line="124" class="Hyde\Framework\Testing\Feature\HydeServiceProviderTest" classname="Hyde.Framework.Testing.Feature.HydeServiceProviderTest" assertions="3" time="0.004171"/>
        <testcase name="testProviderRegistersSiteOutputDirectory" file="/home/runner/work/develop/develop/packages/framework/tests/Feature/HydeServiceProviderTest.php" line="135" class="Hyde\Framework\Testing\Feature\HydeServiceProviderTest" classname="Hyde.Framework.Testing.Feature.HydeServiceProviderTest" assertions="2" time="0.004089"/>
        <testcase name="testProviderRegistersMediaDirectory" file="/home/runner/work/develop/develop/packages/framework/tests/Feature/HydeServiceProviderTest.php" line="146" class="Hyde\Framework\Testing\Feature\HydeServiceProviderTest" classname="Hyde.Framework.Testing.Feature.HydeServiceProviderTest" assertions="3" time="0.004189"/>
        <testcase name="testProviderRegistersBladeViewDiscoveryLocationForConfiguredBladeViewPath" file="/home/runner/work/develop/develop/packages/framework/tests/Feature/HydeServiceProviderTest.php" line="158" class="Hyde\Framework\Testing\Feature\HydeServiceProviderTest" classname="Hyde.Framework.Testing.Feature.HydeServiceProviderTest" assertions="2" time="0.004278"/>
        <testcase name="testBladeViewLocationsAreOnlyRegisteredOncePerKey" file="/home/runner/work/develop/develop/packages/framework/tests/Feature/HydeServiceProviderTest.php" line="168" class="Hyde\Framework\Testing\Feature\HydeServiceProviderTest" classname="Hyde.Framework.Testing.Feature.HydeServiceProviderTest" assertions="2" time="0.004998"/>
        <testcase name="testProviderRegistersConsoleCommands" file="/home/runner/work/develop/develop/packages/framework/tests/Feature/HydeServiceProviderTest.php" line="179" class="Hyde\Framework\Testing\Feature\HydeServiceProviderTest" classname="Hyde.Framework.Testing.Feature.HydeServiceProviderTest" assertions="18" time="0.009230"/>
        <testcase name="testProviderRegistersAdditionalModuleServiceProviders" file="/home/runner/work/develop/develop/packages/framework/tests/Feature/HydeServiceProviderTest.php" line="196" class="Hyde\Framework\Testing\Feature\HydeServiceProviderTest" classname="Hyde.Framework.Testing.Feature.HydeServiceProviderTest" assertions="1" time="0.004138"/>
        <testcase name="testProviderRegistersAllPageModelSourcePaths" file="/home/runner/work/develop/develop/packages/framework/tests/Feature/HydeServiceProviderTest.php" line="203" class="Hyde\Framework\Testing\Feature\HydeServiceProviderTest" classname="Hyde.Framework.Testing.Feature.HydeServiceProviderTest" assertions="6" time="0.004927"/>
        <testcase name="testProviderRegistersAllPageModelOutputPaths" file="/home/runner/work/develop/develop/packages/framework/tests/Feature/HydeServiceProviderTest.php" line="229" class="Hyde\Framework\Testing\Feature\HydeServiceProviderTest" classname="Hyde.Framework.Testing.Feature.HydeServiceProviderTest" assertions="5" time="0.004740"/>
        <testcase name="testProviderRegistersSourceDirectoriesUsingOptionsInConfiguration" file="/home/runner/work/develop/develop/packages/framework/tests/Feature/HydeServiceProviderTest.php" line="245" class="Hyde\Framework\Testing\Feature\HydeServiceProviderTest" classname="Hyde.Framework.Testing.Feature.HydeServiceProviderTest" assertions="5" time="0.004385"/>
        <testcase name="testSourceDirectoriesCanBeSetUsingKebabCaseClassNames" file="/home/runner/work/develop/develop/packages/framework/tests/Feature/HydeServiceProviderTest.php" line="264" class="Hyde\Framework\Testing\Feature\HydeServiceProviderTest" classname="Hyde.Framework.Testing.Feature.HydeServiceProviderTest" assertions="5" time="0.004284"/>
        <testcase name="testProviderRegistersOutputDirectoriesUsingOptionsInConfiguration" file="/home/runner/work/develop/develop/packages/framework/tests/Feature/HydeServiceProviderTest.php" line="283" class="Hyde\Framework\Testing\Feature\HydeServiceProviderTest" classname="Hyde.Framework.Testing.Feature.HydeServiceProviderTest" assertions="5" time="0.004333"/>
        <testcase name="testOutputDirectoriesCanBeSetUsingKebabCaseClassNames" file="/home/runner/work/develop/develop/packages/framework/tests/Feature/HydeServiceProviderTest.php" line="302" class="Hyde\Framework\Testing\Feature\HydeServiceProviderTest" classname="Hyde.Framework.Testing.Feature.HydeServiceProviderTest" assertions="5" time="0.004257"/>
      </testsuite>
      <testsuite name="Hyde\Framework\Testing\Feature\IncludesFacadeTest" file="/home/runner/work/develop/develop/packages/framework/tests/Feature/IncludesFacadeTest.php" tests="14" assertions="19" errors="0" failures="0" skipped="0" time="0.056861">
        <testcase name="testPathReturnsTheIncludesDirectory" file="/home/runner/work/develop/develop/packages/framework/tests/Feature/IncludesFacadeTest.php" line="18" class="Hyde\Framework\Testing\Feature\IncludesFacadeTest" classname="Hyde.Framework.Testing.Feature.IncludesFacadeTest" assertions="1" time="0.003491"/>
        <testcase name="testPathReturnsAPartialWithinTheIncludesDirectory" file="/home/runner/work/develop/develop/packages/framework/tests/Feature/IncludesFacadeTest.php" line="26" class="Hyde\Framework\Testing\Feature\IncludesFacadeTest" classname="Hyde.Framework.Testing.Feature.IncludesFacadeTest" assertions="1" time="0.003368"/>
        <testcase name="testPathCreatesDirectoryIfItDoesNotExist" file="/home/runner/work/develop/develop/packages/framework/tests/Feature/IncludesFacadeTest.php" line="34" class="Hyde\Framework\Testing\Feature\IncludesFacadeTest" classname="Hyde.Framework.Testing.Feature.IncludesFacadeTest" assertions="2" time="0.003916"/>
        <testcase name="testGetReturnsPartial" file="/home/runner/work/develop/develop/packages/framework/tests/Feature/IncludesFacadeTest.php" line="42" class="Hyde\Framework\Testing\Feature\IncludesFacadeTest" classname="Hyde.Framework.Testing.Feature.IncludesFacadeTest" assertions="1" time="0.003495"/>
        <testcase name="testGetReturnsDefaultValueWhenNotFound" file="/home/runner/work/develop/develop/packages/framework/tests/Feature/IncludesFacadeTest.php" line="50" class="Hyde\Framework\Testing\Feature\IncludesFacadeTest" classname="Hyde.Framework.Testing.Feature.IncludesFacadeTest" assertions="2" time="0.003585"/>
        <testcase name="testHtmlReturnsRenderedPartial" file="/home/runner/work/develop/develop/packages/framework/tests/Feature/IncludesFacadeTest.php" line="56" class="Hyde\Framework\Testing\Feature\IncludesFacadeTest" classname="Hyde.Framework.Testing.Feature.IncludesFacadeTest" assertions="1" time="0.003539"/>
        <testcase name="testHtmlReturnsEfaultValueWhenNotFound" file="/home/runner/work/develop/develop/packages/framework/tests/Feature/IncludesFacadeTest.php" line="64" class="Hyde\Framework\Testing\Feature\IncludesFacadeTest" classname="Hyde.Framework.Testing.Feature.IncludesFacadeTest" assertions="2" time="0.003594"/>
        <testcase name="testHtmlWithAndWithoutExtension" file="/home/runner/work/develop/develop/packages/framework/tests/Feature/IncludesFacadeTest.php" line="70" class="Hyde\Framework\Testing\Feature\IncludesFacadeTest" classname="Hyde.Framework.Testing.Feature.IncludesFacadeTest" assertions="1" time="0.003698"/>
        <testcase name="testMarkdownReturnsRenderedPartial" file="/home/runner/work/develop/develop/packages/framework/tests/Feature/IncludesFacadeTest.php" line="77" class="Hyde\Framework\Testing\Feature\IncludesFacadeTest" classname="Hyde.Framework.Testing.Feature.IncludesFacadeTest" assertions="1" time="0.004576"/>
        <testcase name="testMarkdownReturnsRenderedDefaultValueWhenNotFound" file="/home/runner/work/develop/develop/packages/framework/tests/Feature/IncludesFacadeTest.php" line="85" class="Hyde\Framework\Testing\Feature\IncludesFacadeTest" classname="Hyde.Framework.Testing.Feature.IncludesFacadeTest" assertions="2" time="0.004476"/>
        <testcase name="testMarkdownWithAndWithoutExtension" file="/home/runner/work/develop/develop/packages/framework/tests/Feature/IncludesFacadeTest.php" line="91" class="Hyde\Framework\Testing\Feature\IncludesFacadeTest" classname="Hyde.Framework.Testing.Feature.IncludesFacadeTest" assertions="1" time="0.005336"/>
        <testcase name="testBladeReturnsRenderedPartial" file="/home/runner/work/develop/develop/packages/framework/tests/Feature/IncludesFacadeTest.php" line="98" class="Hyde\Framework\Testing\Feature\IncludesFacadeTest" classname="Hyde.Framework.Testing.Feature.IncludesFacadeTest" assertions="1" time="0.004564"/>
        <testcase name="testBladeWithAndWithoutExtension" file="/home/runner/work/develop/develop/packages/framework/tests/Feature/IncludesFacadeTest.php" line="106" class="Hyde\Framework\Testing\Feature\IncludesFacadeTest" classname="Hyde.Framework.Testing.Feature.IncludesFacadeTest" assertions="1" time="0.004646"/>
        <testcase name="testBladeReturnsRenderedDefaultValueWhenNotFound" file="/home/runner/work/develop/develop/packages/framework/tests/Feature/IncludesFacadeTest.php" line="113" class="Hyde\Framework\Testing\Feature\IncludesFacadeTest" classname="Hyde.Framework.Testing.Feature.IncludesFacadeTest" assertions="2" time="0.004577"/>
      </testsuite>
      <testsuite name="Hyde\Framework\Testing\Feature\LoadYamlConfigurationTest" file="/home/runner/work/develop/develop/packages/framework/tests/Feature/LoadYamlConfigurationTest.php" tests="18" assertions="33" errors="0" failures="0" skipped="0" time="0.074671">
        <testcase name="testCanDefineHydeConfigSettingsInHydeYmlFile" file="/home/runner/work/develop/develop/packages/framework/tests/Feature/LoadYamlConfigurationTest.php" line="16" class="Hyde\Framework\Testing\Feature\LoadYamlConfigurationTest" classname="Hyde.Framework.Testing.Feature.LoadYamlConfigurationTest" assertions="9" time="0.005299"/>
        <testcase name="testCanDefineMultipleConfigSettingsInHydeYmlFile" file="/home/runner/work/develop/develop/packages/framework/tests/Feature/LoadYamlConfigurationTest.php" line="45" class="Hyde\Framework\Testing\Feature\LoadYamlConfigurationTest" classname="Hyde.Framework.Testing.Feature.LoadYamlConfigurationTest" assertions="3" time="0.004336"/>
        <testcase name="testBootstrapperAppliesYamlConfigurationWhenPresent" file="/home/runner/work/develop/develop/packages/framework/tests/Feature/LoadYamlConfigurationTest.php" line="66" class="Hyde\Framework\Testing\Feature\LoadYamlConfigurationTest" classname="Hyde.Framework.Testing.Feature.LoadYamlConfigurationTest" assertions="1" time="0.003884"/>
        <testcase name="testChangesInYamlFileOverrideChangesInHydeConfig" file="/home/runner/work/develop/develop/packages/framework/tests/Feature/LoadYamlConfigurationTest.php" line="74" class="Hyde\Framework\Testing\Feature\LoadYamlConfigurationTest" classname="Hyde.Framework.Testing.Feature.LoadYamlConfigurationTest" assertions="1" time="0.004414"/>
        <testcase name="testChangesInYamlFileOverrideChangesInHydeConfigWhenUsingYamlExtension" file="/home/runner/work/develop/develop/packages/framework/tests/Feature/LoadYamlConfigurationTest.php" line="82" class="Hyde\Framework\Testing\Feature\LoadYamlConfigurationTest" classname="Hyde.Framework.Testing.Feature.LoadYamlConfigurationTest" assertions="1" time="0.003936"/>
        <testcase name="testServiceGracefullyHandlesMissingFile" file="/home/runner/work/develop/develop/packages/framework/tests/Feature/LoadYamlConfigurationTest.php" line="90" class="Hyde\Framework\Testing\Feature\LoadYamlConfigurationTest" classname="Hyde.Framework.Testing.Feature.LoadYamlConfigurationTest" assertions="1" time="0.003213"/>
        <testcase name="testServiceGracefullyHandlesEmptyFile" file="/home/runner/work/develop/develop/packages/framework/tests/Feature/LoadYamlConfigurationTest.php" line="97" class="Hyde\Framework\Testing\Feature\LoadYamlConfigurationTest" classname="Hyde.Framework.Testing.Feature.LoadYamlConfigurationTest" assertions="1" time="0.003695"/>
        <testcase name="testCanAddArbitraryConfigKeys" file="/home/runner/work/develop/develop/packages/framework/tests/Feature/LoadYamlConfigurationTest.php" line="105" class="Hyde\Framework\Testing\Feature\LoadYamlConfigurationTest" classname="Hyde.Framework.Testing.Feature.LoadYamlConfigurationTest" assertions="1" time="0.003857"/>
        <testcase name="testConfigurationOptionsAreMerged" file="/home/runner/work/develop/develop/packages/framework/tests/Feature/LoadYamlConfigurationTest.php" line="113" class="Hyde\Framework\Testing\Feature\LoadYamlConfigurationTest" classname="Hyde.Framework.Testing.Feature.LoadYamlConfigurationTest" assertions="1" time="0.003978"/>
        <testcase name="testCanAddConfigurationOptionsInNamespacedArray" file="/home/runner/work/develop/develop/packages/framework/tests/Feature/LoadYamlConfigurationTest.php" line="126" class="Hyde\Framework\Testing\Feature\LoadYamlConfigurationTest" classname="Hyde.Framework.Testing.Feature.LoadYamlConfigurationTest" assertions="3" time="0.004282"/>
        <testcase name="testCanAddArbitraryNamespacedData" file="/home/runner/work/develop/develop/packages/framework/tests/Feature/LoadYamlConfigurationTest.php" line="144" class="Hyde\Framework\Testing\Feature\LoadYamlConfigurationTest" classname="Hyde.Framework.Testing.Feature.LoadYamlConfigurationTest" assertions="1" time="0.004021"/>
        <testcase name="testAdditionalNamespacesRequireTheHydeNamespaceToBePresent" file="/home/runner/work/develop/develop/packages/framework/tests/Feature/LoadYamlConfigurationTest.php" line="159" class="Hyde\Framework\Testing\Feature\LoadYamlConfigurationTest" classname="Hyde.Framework.Testing.Feature.LoadYamlConfigurationTest" assertions="1" time="0.003980"/>
        <testcase name="testAdditionalNamespacesRequiresHydeNamespaceToBeTheFirstEntry" file="/home/runner/work/develop/develop/packages/framework/tests/Feature/LoadYamlConfigurationTest.php" line="172" class="Hyde\Framework\Testing\Feature\LoadYamlConfigurationTest" classname="Hyde.Framework.Testing.Feature.LoadYamlConfigurationTest" assertions="1" time="0.004126"/>
        <testcase name="testHydeNamespaceCanBeEmpty" file="/home/runner/work/develop/develop/packages/framework/tests/Feature/LoadYamlConfigurationTest.php" line="187" class="Hyde\Framework\Testing\Feature\LoadYamlConfigurationTest" classname="Hyde.Framework.Testing.Feature.LoadYamlConfigurationTest" assertions="1" time="0.003967"/>
        <testcase name="testHydeNamespaceCanBeNull" file="/home/runner/work/develop/develop/packages/framework/tests/Feature/LoadYamlConfigurationTest.php" line="201" class="Hyde\Framework\Testing\Feature\LoadYamlConfigurationTest" classname="Hyde.Framework.Testing.Feature.LoadYamlConfigurationTest" assertions="1" time="0.003989"/>
        <testcase name="testHydeNamespaceCanBlank" file="/home/runner/work/develop/develop/packages/framework/tests/Feature/LoadYamlConfigurationTest.php" line="216" class="Hyde\Framework\Testing\Feature\LoadYamlConfigurationTest" classname="Hyde.Framework.Testing.Feature.LoadYamlConfigurationTest" assertions="1" time="0.004021"/>
        <testcase name="testDotNotationCanBeUsed" file="/home/runner/work/develop/develop/packages/framework/tests/Feature/LoadYamlConfigurationTest.php" line="230" class="Hyde\Framework\Testing\Feature\LoadYamlConfigurationTest" classname="Hyde.Framework.Testing.Feature.LoadYamlConfigurationTest" assertions="2" time="0.004063"/>
        <testcase name="testDotNotationCanBeUsedWithNamespaces" file="/home/runner/work/develop/develop/packages/framework/tests/Feature/LoadYamlConfigurationTest.php" line="243" class="Hyde\Framework\Testing\Feature\LoadYamlConfigurationTest" classname="Hyde.Framework.Testing.Feature.LoadYamlConfigurationTest" assertions="3" time="0.005611"/>
      </testsuite>
      <testsuite name="Hyde\Framework\Testing\Feature\MarkdownFileParserTest" file="/home/runner/work/develop/develop/packages/framework/tests/Feature/MarkdownFileParserTest.php" tests="3" assertions="8" errors="0" failures="0" skipped="0" time="0.012944">
        <testcase name="testCanParseMarkdownFile" file="/home/runner/work/develop/develop/packages/framework/tests/Feature/MarkdownFileParserTest.php" line="42" class="Hyde\Framework\Testing\Feature\MarkdownFileParserTest" classname="Hyde.Framework.Testing.Feature.MarkdownFileParserTest" assertions="2" time="0.004224"/>
        <testcase name="testCanParseMarkdownFileWithFrontMatter" file="/home/runner/work/develop/develop/packages/framework/tests/Feature/MarkdownFileParserTest.php" line="52" class="Hyde\Framework\Testing\Feature\MarkdownFileParserTest" classname="Hyde.Framework.Testing.Feature.MarkdownFileParserTest" assertions="3" time="0.004859"/>
        <testcase name="testParsedMarkdownPostContainsValidFrontMatter" file="/home/runner/work/develop/develop/packages/framework/tests/Feature/MarkdownFileParserTest.php" line="75" class="Hyde\Framework\Testing\Feature\MarkdownFileParserTest" classname="Hyde.Framework.Testing.Feature.MarkdownFileParserTest" assertions="3" time="0.003861"/>
      </testsuite>
      <testsuite name="Hyde\Framework\Testing\Feature\MarkdownPostTest" file="/home/runner/work/develop/develop/packages/framework/tests/Feature/MarkdownPostTest.php" tests="9" assertions="22" errors="0" failures="0" skipped="0" time="0.046395">
        <testcase name="testConstructorCanCreateANewAuthorInstanceFromUsernameString" file="/home/runner/work/develop/develop/packages/framework/tests/Feature/MarkdownPostTest.php" line="20" class="Hyde\Framework\Testing\Feature\MarkdownPostTest" classname="Hyde.Framework.Testing.Feature.MarkdownPostTest" assertions="4" time="0.004963"/>
        <testcase name="testConstructorCanCreateANewAuthorInstanceFromUserArray" file="/home/runner/work/develop/develop/packages/framework/tests/Feature/MarkdownPostTest.php" line="32" class="Hyde\Framework\Testing\Feature\MarkdownPostTest" classname="Hyde.Framework.Testing.Feature.MarkdownPostTest" assertions="4" time="0.004575"/>
        <testcase name="testConstructorCanCreateANewImageInstanceFromAString" file="/home/runner/work/develop/develop/packages/framework/tests/Feature/MarkdownPostTest.php" line="48" class="Hyde\Framework\Testing\Feature\MarkdownPostTest" classname="Hyde.Framework.Testing.Feature.MarkdownPostTest" assertions="2" time="0.004586"/>
        <testcase name="testConstructorCanCreateANewImageInstanceFromAnArray" file="/home/runner/work/develop/develop/packages/framework/tests/Feature/MarkdownPostTest.php" line="58" class="Hyde\Framework\Testing\Feature\MarkdownPostTest" classname="Hyde.Framework.Testing.Feature.MarkdownPostTest" assertions="2" time="0.004619"/>
        <testcase name="testConstructorCanCreateANewDateStringInstanceFromMatter" file="/home/runner/work/develop/develop/packages/framework/tests/Feature/MarkdownPostTest.php" line="70" class="Hyde\Framework\Testing\Feature\MarkdownPostTest" classname="Hyde.Framework.Testing.Feature.MarkdownPostTest" assertions="2" time="0.004596"/>
        <testcase name="testFeaturedImageCanBeConstructedReturnsNullWhenNoImageIsSetInThePageMatter" file="/home/runner/work/develop/develop/packages/framework/tests/Feature/MarkdownPostTest.php" line="80" class="Hyde\Framework\Testing\Feature\MarkdownPostTest" classname="Hyde.Framework.Testing.Feature.MarkdownPostTest" assertions="1" time="0.004327"/>
        <testcase name="testFeaturedImageCanBeConstructedReturnsImageObjectWithLocalPathWhenMatterIsString" file="/home/runner/work/develop/develop/packages/framework/tests/Feature/MarkdownPostTest.php" line="86" class="Hyde\Framework\Testing\Feature\MarkdownPostTest" classname="Hyde.Framework.Testing.Feature.MarkdownPostTest" assertions="2" time="0.009014"/>
        <testcase name="testFeaturedImageCanBeConstructedReturnsImageObjectWithRemotePathWhenMatterIsString" file="/home/runner/work/develop/develop/packages/framework/tests/Feature/MarkdownPostTest.php" line="94" class="Hyde\Framework\Testing\Feature\MarkdownPostTest" classname="Hyde.Framework.Testing.Feature.MarkdownPostTest" assertions="2" time="0.004645"/>
        <testcase name="testFeaturedImageCanBeConstructedReturnsImageObjectWithSuppliedDataWhenMatterIsArray" file="/home/runner/work/develop/develop/packages/framework/tests/Feature/MarkdownPostTest.php" line="102" class="Hyde\Framework\Testing\Feature\MarkdownPostTest" classname="Hyde.Framework.Testing.Feature.MarkdownPostTest" assertions="3" time="0.005072"/>
      </testsuite>
      <testsuite name="Hyde\Framework\Testing\Feature\MarkdownServiceTest" file="/home/runner/work/develop/develop/packages/framework/tests/Feature/MarkdownServiceTest.php" tests="31" assertions="38" errors="0" failures="0" skipped="0" time="0.138858">
        <testcase name="testServiceCanParseMarkdownToHtml" file="/home/runner/work/develop/develop/packages/framework/tests/Feature/MarkdownServiceTest.php" line="18" class="Hyde\Framework\Testing\Feature\MarkdownServiceTest" classname="Hyde.Framework.Testing.Feature.MarkdownServiceTest" assertions="2" time="0.005323"/>
        <testcase name="testServiceCanParseMarkdownToHtmlWithPermalinks" file="/home/runner/work/develop/develop/packages/framework/tests/Feature/MarkdownServiceTest.php" line="28" class="Hyde\Framework\Testing\Feature\MarkdownServiceTest" classname="Hyde.Framework.Testing.Feature.MarkdownServiceTest" assertions="2" time="0.005520"/>
        <testcase name="testTorchlightExtensionIsNotEnabledByDefault" file="/home/runner/work/develop/develop/packages/framework/tests/Feature/MarkdownServiceTest.php" line="42" class="Hyde\Framework\Testing\Feature\MarkdownServiceTest" classname="Hyde.Framework.Testing.Feature.MarkdownServiceTest" assertions="1" time="0.005617"/>
        <testcase name="testTorchlightExtensionIsEnabledAutomaticallyWhenHasTorchlightFeature" file="/home/runner/work/develop/develop/packages/framework/tests/Feature/MarkdownServiceTest.php" line="50" class="Hyde\Framework\Testing\Feature\MarkdownServiceTest" classname="Hyde.Framework.Testing.Feature.MarkdownServiceTest" assertions="1" time="0.006185"/>
        <testcase name="testTorchlightIntegrationInjectsAttribution" file="/home/runner/work/develop/develop/packages/framework/tests/Feature/MarkdownServiceTest.php" line="58" class="Hyde\Framework\Testing\Feature\MarkdownServiceTest" classname="Hyde.Framework.Testing.Feature.MarkdownServiceTest" assertions="1" time="0.006165"/>
        <testcase name="testBladedownIsNotEnabledByDefault" file="/home/runner/work/develop/develop/packages/framework/tests/Feature/MarkdownServiceTest.php" line="72" class="Hyde\Framework\Testing\Feature\MarkdownServiceTest" classname="Hyde.Framework.Testing.Feature.MarkdownServiceTest" assertions="1" time="0.005729"/>
        <testcase name="testBladedownCanBeEnabled" file="/home/runner/work/develop/develop/packages/framework/tests/Feature/MarkdownServiceTest.php" line="78" class="Hyde\Framework\Testing\Feature\MarkdownServiceTest" classname="Hyde.Framework.Testing.Feature.MarkdownServiceTest" assertions="1" time="0.020398"/>
        <testcase name="testRawHtmlTagsAreStrippedByDefault" file="/home/runner/work/develop/develop/packages/framework/tests/Feature/MarkdownServiceTest.php" line="86" class="Hyde\Framework\Testing\Feature\MarkdownServiceTest" classname="Hyde.Framework.Testing.Feature.MarkdownServiceTest" assertions="1" time="0.004993"/>
        <testcase name="testRawHtmlTagsAreNotStrippedWhenExplicitlyEnabled" file="/home/runner/work/develop/develop/packages/framework/tests/Feature/MarkdownServiceTest.php" line="94" class="Hyde\Framework\Testing\Feature\MarkdownServiceTest" classname="Hyde.Framework.Testing.Feature.MarkdownServiceTest" assertions="1" time="0.005546"/>
        <testcase name="testHasFeaturesArray" file="/home/runner/work/develop/develop/packages/framework/tests/Feature/MarkdownServiceTest.php" line="103" class="Hyde\Framework\Testing\Feature\MarkdownServiceTest" classname="Hyde.Framework.Testing.Feature.MarkdownServiceTest" assertions="1" time="0.003167"/>
        <testcase name="testTheFeaturesArrayIsEmptyByDefault" file="/home/runner/work/develop/develop/packages/framework/tests/Feature/MarkdownServiceTest.php" line="110" class="Hyde\Framework\Testing\Feature\MarkdownServiceTest" classname="Hyde.Framework.Testing.Feature.MarkdownServiceTest" assertions="1" time="0.003194"/>
        <testcase name="testFeaturesCanBeAddedToTheArray" file="/home/runner/work/develop/develop/packages/framework/tests/Feature/MarkdownServiceTest.php" line="117" class="Hyde\Framework\Testing\Feature\MarkdownServiceTest" classname="Hyde.Framework.Testing.Feature.MarkdownServiceTest" assertions="1" time="0.003213"/>
        <testcase name="testFeaturesCanBeRemovedFromTheArray" file="/home/runner/work/develop/develop/packages/framework/tests/Feature/MarkdownServiceTest.php" line="125" class="Hyde\Framework\Testing\Feature\MarkdownServiceTest" classname="Hyde.Framework.Testing.Feature.MarkdownServiceTest" assertions="1" time="0.003875"/>
        <testcase name="testMethodChainingCanBeUsedToProgrammaticallyAddFeaturesToTheArray" file="/home/runner/work/develop/develop/packages/framework/tests/Feature/MarkdownServiceTest.php" line="134" class="Hyde\Framework\Testing\Feature\MarkdownServiceTest" classname="Hyde.Framework.Testing.Feature.MarkdownServiceTest" assertions="2" time="0.003425"/>
        <testcase name="testMethodChainingCanBeUsedToProgrammaticallyRemoveFeaturesFromTheArray" file="/home/runner/work/develop/develop/packages/framework/tests/Feature/MarkdownServiceTest.php" line="143" class="Hyde\Framework\Testing\Feature\MarkdownServiceTest" classname="Hyde.Framework.Testing.Feature.MarkdownServiceTest" assertions="2" time="0.003447"/>
        <testcase name="testMethodWithTableOfContentsMethodChainAddsTheTableOfContentsFeature" file="/home/runner/work/develop/develop/packages/framework/tests/Feature/MarkdownServiceTest.php" line="152" class="Hyde\Framework\Testing\Feature\MarkdownServiceTest" classname="Hyde.Framework.Testing.Feature.MarkdownServiceTest" assertions="1" time="0.003270"/>
        <testcase name="testMethodWithPermalinksMethodChainAddsThePermalinksFeature" file="/home/runner/work/develop/develop/packages/framework/tests/Feature/MarkdownServiceTest.php" line="160" class="Hyde\Framework\Testing\Feature\MarkdownServiceTest" classname="Hyde.Framework.Testing.Feature.MarkdownServiceTest" assertions="1" time="0.003255"/>
        <testcase name="testHasFeatureReturnsTrueIfTheFeatureIsInTheArray" file="/home/runner/work/develop/develop/packages/framework/tests/Feature/MarkdownServiceTest.php" line="168" class="Hyde\Framework\Testing\Feature\MarkdownServiceTest" classname="Hyde.Framework.Testing.Feature.MarkdownServiceTest" assertions="1" time="0.003194"/>
        <testcase name="testHasFeatureReturnsFalseIfTheFeatureIsNotInTheArray" file="/home/runner/work/develop/develop/packages/framework/tests/Feature/MarkdownServiceTest.php" line="176" class="Hyde\Framework\Testing\Feature\MarkdownServiceTest" classname="Hyde.Framework.Testing.Feature.MarkdownServiceTest" assertions="1" time="0.003184"/>
        <testcase name="testMethodCanEnablePermalinksReturnsTrueIfThePermalinksFeatureIsInTheArray" file="/home/runner/work/develop/develop/packages/framework/tests/Feature/MarkdownServiceTest.php" line="183" class="Hyde\Framework\Testing\Feature\MarkdownServiceTest" classname="Hyde.Framework.Testing.Feature.MarkdownServiceTest" assertions="1" time="0.003231"/>
        <testcase name="testMethodCanEnablePermalinksIsAutomaticallyForDocumentationPages" file="/home/runner/work/develop/develop/packages/framework/tests/Feature/MarkdownServiceTest.php" line="191" class="Hyde\Framework\Testing\Feature\MarkdownServiceTest" classname="Hyde.Framework.Testing.Feature.MarkdownServiceTest" assertions="1" time="0.003314"/>
        <testcase name="testMethodCanEnablePermalinksReturnsFalseIfThePermalinksFeatureIsNotInTheArray" file="/home/runner/work/develop/develop/packages/framework/tests/Feature/MarkdownServiceTest.php" line="200" class="Hyde\Framework\Testing\Feature\MarkdownServiceTest" classname="Hyde.Framework.Testing.Feature.MarkdownServiceTest" assertions="1" time="0.003253"/>
        <testcase name="testMethodCanEnableTorchlightReturnsTrueIfTheTorchlightFeatureIsInTheArray" file="/home/runner/work/develop/develop/packages/framework/tests/Feature/MarkdownServiceTest.php" line="207" class="Hyde\Framework\Testing\Feature\MarkdownServiceTest" classname="Hyde.Framework.Testing.Feature.MarkdownServiceTest" assertions="1" time="0.003250"/>
        <testcase name="testMethodCanEnableTorchlightReturnsFalseIfTheTorchlightFeatureIsNotInTheArray" file="/home/runner/work/develop/develop/packages/framework/tests/Feature/MarkdownServiceTest.php" line="215" class="Hyde\Framework\Testing\Feature\MarkdownServiceTest" classname="Hyde.Framework.Testing.Feature.MarkdownServiceTest" assertions="1" time="0.003366"/>
        <testcase name="testStripIndentationMethodWithUnindentedMarkdown" file="/home/runner/work/develop/develop/packages/framework/tests/Feature/MarkdownServiceTest.php" line="222" class="Hyde\Framework\Testing\Feature\MarkdownServiceTest" classname="Hyde.Framework.Testing.Feature.MarkdownServiceTest" assertions="1" time="0.003265"/>
        <testcase name="testStripIndentationMethodWithIndentedMarkdown" file="/home/runner/work/develop/develop/packages/framework/tests/Feature/MarkdownServiceTest.php" line="230" class="Hyde\Framework\Testing\Feature\MarkdownServiceTest" classname="Hyde.Framework.Testing.Feature.MarkdownServiceTest" assertions="3" time="0.003448"/>
        <testcase name="testStripIndentationMethodWithTabIndentedMarkdown" file="/home/runner/work/develop/develop/packages/framework/tests/Feature/MarkdownServiceTest.php" line="244" class="Hyde\Framework\Testing\Feature\MarkdownServiceTest" classname="Hyde.Framework.Testing.Feature.MarkdownServiceTest" assertions="1" time="0.003256"/>
        <testcase name="testStripIndentationMethodWithCarriageReturnLineFeed" file="/home/runner/work/develop/develop/packages/framework/tests/Feature/MarkdownServiceTest.php" line="252" class="Hyde\Framework\Testing\Feature\MarkdownServiceTest" classname="Hyde.Framework.Testing.Feature.MarkdownServiceTest" assertions="1" time="0.003900"/>
        <testcase name="testStripIndentationMethodWithCodeIndentation" file="/home/runner/work/develop/develop/packages/framework/tests/Feature/MarkdownServiceTest.php" line="260" class="Hyde\Framework\Testing\Feature\MarkdownServiceTest" classname="Hyde.Framework.Testing.Feature.MarkdownServiceTest" assertions="1" time="0.003271"/>
        <testcase name="testStripIndentationMethodWithEmptyNewlines" file="/home/runner/work/develop/develop/packages/framework/tests/Feature/MarkdownServiceTest.php" line="268" class="Hyde\Framework\Testing\Feature\MarkdownServiceTest" classname="Hyde.Framework.Testing.Feature.MarkdownServiceTest" assertions="2" time="0.003365"/>
        <testcase name="testStripIndentationMethodWithTrailingNewline" file="/home/runner/work/develop/develop/packages/framework/tests/Feature/MarkdownServiceTest.php" line="279" class="Hyde\Framework\Testing\Feature\MarkdownServiceTest" classname="Hyde.Framework.Testing.Feature.MarkdownServiceTest" assertions="1" time="0.003243"/>
      </testsuite>
      <testsuite name="Hyde\Framework\Testing\Feature\MetadataHelperTest" file="/home/runner/work/develop/develop/packages/framework/tests/Feature/MetadataHelperTest.php" tests="9" assertions="9" errors="0" failures="0" skipped="0" time="0.028505">
        <testcase name="testNameMethodReturnsAValidHtmlMetaString" file="/home/runner/work/develop/develop/packages/framework/tests/Feature/MetadataHelperTest.php" line="24" class="Hyde\Framework\Testing\Feature\MetadataHelperTest" classname="Hyde.Framework.Testing.Feature.MetadataHelperTest" assertions="1" time="0.003148"/>
        <testcase name="testPropertyMethodReturnsAValidHtmlMetaString" file="/home/runner/work/develop/develop/packages/framework/tests/Feature/MetadataHelperTest.php" line="32" class="Hyde\Framework\Testing\Feature\MetadataHelperTest" classname="Hyde.Framework.Testing.Feature.MetadataHelperTest" assertions="1" time="0.003004"/>
        <testcase name="testPropertyMethodAcceptsPropertyWithOgPrefix" file="/home/runner/work/develop/develop/packages/framework/tests/Feature/MetadataHelperTest.php" line="40" class="Hyde\Framework\Testing\Feature\MetadataHelperTest" classname="Hyde.Framework.Testing.Feature.MetadataHelperTest" assertions="1" time="0.003018"/>
        <testcase name="testPropertyMethodAcceptsPropertyWithoutOgPrefix" file="/home/runner/work/develop/develop/packages/framework/tests/Feature/MetadataHelperTest.php" line="48" class="Hyde\Framework\Testing\Feature\MetadataHelperTest" classname="Hyde.Framework.Testing.Feature.MetadataHelperTest" assertions="1" time="0.003045"/>
        <testcase name="testLinkMethodReturnsAValidHtmlLinkString" file="/home/runner/work/develop/develop/packages/framework/tests/Feature/MetadataHelperTest.php" line="56" class="Hyde\Framework\Testing\Feature\MetadataHelperTest" classname="Hyde.Framework.Testing.Feature.MetadataHelperTest" assertions="1" time="0.003086"/>
        <testcase name="testLinkMethodReturnsAValidHtmlLinkStringWithAttributes" file="/home/runner/work/develop/develop/packages/framework/tests/Feature/MetadataHelperTest.php" line="64" class="Hyde\Framework\Testing\Feature\MetadataHelperTest" classname="Hyde.Framework.Testing.Feature.MetadataHelperTest" assertions="1" time="0.003150"/>
        <testcase name="testLinkMethodReturnsAValidHtmlLinkStringWithMultipleAttributes" file="/home/runner/work/develop/develop/packages/framework/tests/Feature/MetadataHelperTest.php" line="72" class="Hyde\Framework\Testing\Feature\MetadataHelperTest" classname="Hyde.Framework.Testing.Feature.MetadataHelperTest" assertions="1" time="0.003168"/>
        <testcase name="testGetMethodReturnsGlobalMetadataBag" file="/home/runner/work/develop/develop/packages/framework/tests/Feature/MetadataHelperTest.php" line="80" class="Hyde\Framework\Testing\Feature\MetadataHelperTest" classname="Hyde.Framework.Testing.Feature.MetadataHelperTest" assertions="1" time="0.003457"/>
        <testcase name="testRenderMethodRendersGlobalMetadataBag" file="/home/runner/work/develop/develop/packages/framework/tests/Feature/MetadataHelperTest.php" line="85" class="Hyde\Framework\Testing\Feature\MetadataHelperTest" classname="Hyde.Framework.Testing.Feature.MetadataHelperTest" assertions="1" time="0.003428"/>
      </testsuite>
      <testsuite name="Hyde\Framework\Testing\Feature\MetadataTest" file="/home/runner/work/develop/develop/packages/framework/tests/Feature/MetadataTest.php" tests="48" assertions="55" errors="0" failures="0" skipped="0" time="0.229988">
        <testcase name="testMetadataObjectIsGeneratedAutomatically" file="/home/runner/work/develop/develop/packages/framework/tests/Feature/MetadataTest.php" line="54" class="Hyde\Framework\Testing\Feature\MetadataTest" classname="Hyde.Framework.Testing.Feature.MetadataTest" assertions="3" time="0.004613"/>
        <testcase name="testLinkItemModel" file="/home/runner/work/develop/develop/packages/framework/tests/Feature/MetadataTest.php" line="63" class="Hyde\Framework\Testing\Feature\MetadataTest" classname="Hyde.Framework.Testing.Feature.MetadataTest" assertions="3" time="0.003417"/>
        <testcase name="testMetadataItemModel" file="/home/runner/work/develop/develop/packages/framework/tests/Feature/MetadataTest.php" line="73" class="Hyde\Framework\Testing\Feature\MetadataTest" classname="Hyde.Framework.Testing.Feature.MetadataTest" assertions="2" time="0.003318"/>
        <testcase name="testOpenGraphItemModel" file="/home/runner/work/develop/develop/packages/framework/tests/Feature/MetadataTest.php" line="80" class="Hyde\Framework\Testing\Feature\MetadataTest" classname="Hyde.Framework.Testing.Feature.MetadataTest" assertions="3" time="0.003436"/>
        <testcase name="testLinkItemCanBeAdded" file="/home/runner/work/develop/develop/packages/framework/tests/Feature/MetadataTest.php" line="90" class="Hyde\Framework\Testing\Feature\MetadataTest" classname="Hyde.Framework.Testing.Feature.MetadataTest" assertions="1" time="0.004434"/>
        <testcase name="testMetadataItemCanBeAdded" file="/home/runner/work/develop/develop/packages/framework/tests/Feature/MetadataTest.php" line="100" class="Hyde\Framework\Testing\Feature\MetadataTest" classname="Hyde.Framework.Testing.Feature.MetadataTest" assertions="1" time="0.004319"/>
        <testcase name="testOpenGraphItemCanBeAdded" file="/home/runner/work/develop/develop/packages/framework/tests/Feature/MetadataTest.php" line="110" class="Hyde\Framework\Testing\Feature\MetadataTest" classname="Hyde.Framework.Testing.Feature.MetadataTest" assertions="1" time="0.004372"/>
        <testcase name="testGenericItemCanBeAdded" file="/home/runner/work/develop/develop/packages/framework/tests/Feature/MetadataTest.php" line="120" class="Hyde\Framework\Testing\Feature\MetadataTest" classname="Hyde.Framework.Testing.Feature.MetadataTest" assertions="1" time="0.004271"/>
        <testcase name="testMultipleItemsCanBeAccessedWithGetMethod" file="/home/runner/work/develop/develop/packages/framework/tests/Feature/MetadataTest.php" line="130" class="Hyde\Framework\Testing\Feature\MetadataTest" classname="Hyde.Framework.Testing.Feature.MetadataTest" assertions="1" time="0.004613"/>
        <testcase name="testMultipleItemsOfSameKeyAndTypeOnlyKeepsLatest" file="/home/runner/work/develop/develop/packages/framework/tests/Feature/MetadataTest.php" line="146" class="Hyde\Framework\Testing\Feature\MetadataTest" classname="Hyde.Framework.Testing.Feature.MetadataTest" assertions="1" time="0.004456"/>
        <testcase name="testRenderReturnsHtmlStringOfImplodedMetadataArrays" file="/home/runner/work/develop/develop/packages/framework/tests/Feature/MetadataTest.php" line="157" class="Hyde\Framework\Testing\Feature\MetadataTest" classname="Hyde.Framework.Testing.Feature.MetadataTest" assertions="1" time="0.004389"/>
        <testcase name="testCustomMetadataOverridesConfigDefinedMetadata" file="/home/runner/work/develop/develop/packages/framework/tests/Feature/MetadataTest.php" line="174" class="Hyde\Framework\Testing\Feature\MetadataTest" classname="Hyde.Framework.Testing.Feature.MetadataTest" assertions="1" time="0.004432"/>
        <testcase name="testDynamicMetadataOverridesConfigDefinedMetadata" file="/home/runner/work/develop/develop/packages/framework/tests/Feature/MetadataTest.php" line="186" class="Hyde\Framework\Testing\Feature\MetadataTest" classname="Hyde.Framework.Testing.Feature.MetadataTest" assertions="1" time="0.004484"/>
        <testcase name="testDoesNotAddCanonicalLinkWhenBaseUrlIsNotSet" file="/home/runner/work/develop/develop/packages/framework/tests/Feature/MetadataTest.php" line="199" class="Hyde\Framework\Testing\Feature\MetadataTest" classname="Hyde.Framework.Testing.Feature.MetadataTest" assertions="1" time="0.014695"/>
        <testcase name="testDoesNotAddCanonicalLinkWhenIdentifierIsNotSet" file="/home/runner/work/develop/develop/packages/framework/tests/Feature/MetadataTest.php" line="207" class="Hyde\Framework\Testing\Feature\MetadataTest" classname="Hyde.Framework.Testing.Feature.MetadataTest" assertions="1" time="0.004467"/>
        <testcase name="testAddsCanonicalLinkWhenBaseUrlAndIdentifierIsSet" file="/home/runner/work/develop/develop/packages/framework/tests/Feature/MetadataTest.php" line="215" class="Hyde\Framework\Testing\Feature\MetadataTest" classname="Hyde.Framework.Testing.Feature.MetadataTest" assertions="1" time="0.004709"/>
        <testcase name="testCanonicalLinkUsesCleanUrlSetting" file="/home/runner/work/develop/develop/packages/framework/tests/Feature/MetadataTest.php" line="223" class="Hyde\Framework\Testing\Feature\MetadataTest" classname="Hyde.Framework.Testing.Feature.MetadataTest" assertions="1" time="0.004725"/>
        <testcase name="testCanOverrideCanonicalLinkWithFrontMatter" file="/home/runner/work/develop/develop/packages/framework/tests/Feature/MetadataTest.php" line="232" class="Hyde\Framework\Testing\Feature\MetadataTest" classname="Hyde.Framework.Testing.Feature.MetadataTest" assertions="1" time="0.004546"/>
        <testcase name="testAddsTwitterAndOpenGraphTitleWhenTitleIsSet" file="/home/runner/work/develop/develop/packages/framework/tests/Feature/MetadataTest.php" line="241" class="Hyde\Framework\Testing\Feature\MetadataTest" classname="Hyde.Framework.Testing.Feature.MetadataTest" assertions="1" time="0.004373"/>
        <testcase name="testDoesNotAddTwitterAndOpenGraphTitleWhenNoTitleIsSet" file="/home/runner/work/develop/develop/packages/framework/tests/Feature/MetadataTest.php" line="252" class="Hyde\Framework\Testing\Feature\MetadataTest" classname="Hyde.Framework.Testing.Feature.MetadataTest" assertions="1" time="0.004312"/>
        <testcase name="testAddsDescriptionWhenDescriptionIsSetInPost" file="/home/runner/work/develop/develop/packages/framework/tests/Feature/MetadataTest.php" line="261" class="Hyde\Framework\Testing\Feature\MetadataTest" classname="Hyde.Framework.Testing.Feature.MetadataTest" assertions="1" time="0.004620"/>
        <testcase name="testDoesNotAddDescriptionWhenDescriptionIsNotSetInPost" file="/home/runner/work/develop/develop/packages/framework/tests/Feature/MetadataTest.php" line="267" class="Hyde\Framework\Testing\Feature\MetadataTest" classname="Hyde.Framework.Testing.Feature.MetadataTest" assertions="1" time="0.004616"/>
        <testcase name="testAddsAuthorWhenAuthorIsSetInPost" file="/home/runner/work/develop/develop/packages/framework/tests/Feature/MetadataTest.php" line="273" class="Hyde\Framework\Testing\Feature\MetadataTest" classname="Hyde.Framework.Testing.Feature.MetadataTest" assertions="1" time="0.004724"/>
        <testcase name="testDoesNotAddAuthorWhenAuthorIsNotSetInPost" file="/home/runner/work/develop/develop/packages/framework/tests/Feature/MetadataTest.php" line="279" class="Hyde\Framework\Testing\Feature\MetadataTest" classname="Hyde.Framework.Testing.Feature.MetadataTest" assertions="1" time="0.004600"/>
        <testcase name="testAddsKeywordsWhenCategoryIsSetInPost" file="/home/runner/work/develop/develop/packages/framework/tests/Feature/MetadataTest.php" line="285" class="Hyde\Framework\Testing\Feature\MetadataTest" classname="Hyde.Framework.Testing.Feature.MetadataTest" assertions="1" time="0.004604"/>
        <testcase name="testDoesNotAddKeywordsWhenCategoryIsNotSetInPost" file="/home/runner/work/develop/develop/packages/framework/tests/Feature/MetadataTest.php" line="291" class="Hyde\Framework\Testing\Feature\MetadataTest" classname="Hyde.Framework.Testing.Feature.MetadataTest" assertions="1" time="0.004599"/>
        <testcase name="testAddsUrlPropertyWhenCanonicalUrlIsSetInPost" file="/home/runner/work/develop/develop/packages/framework/tests/Feature/MetadataTest.php" line="297" class="Hyde\Framework\Testing\Feature\MetadataTest" classname="Hyde.Framework.Testing.Feature.MetadataTest" assertions="1" time="0.004668"/>
        <testcase name="testDoesNotAddUrlPropertyWhenCanonicalUrlIsNotSetInPost" file="/home/runner/work/develop/develop/packages/framework/tests/Feature/MetadataTest.php" line="303" class="Hyde\Framework\Testing\Feature\MetadataTest" classname="Hyde.Framework.Testing.Feature.MetadataTest" assertions="1" time="0.004654"/>
        <testcase name="testDoesNotAddUrlPropertyWhenCanonicalUrlIsNull" file="/home/runner/work/develop/develop/packages/framework/tests/Feature/MetadataTest.php" line="309" class="Hyde\Framework\Testing\Feature\MetadataTest" classname="Hyde.Framework.Testing.Feature.MetadataTest" assertions="1" time="0.004587"/>
        <testcase name="testAddsTitlePropertyWhenTitleIsSetInPost" file="/home/runner/work/develop/develop/packages/framework/tests/Feature/MetadataTest.php" line="315" class="Hyde\Framework\Testing\Feature\MetadataTest" classname="Hyde.Framework.Testing.Feature.MetadataTest" assertions="1" time="0.004565"/>
        <testcase name="testDoesNotAddTitlePropertyWhenTitleIsNotSetInPost" file="/home/runner/work/develop/develop/packages/framework/tests/Feature/MetadataTest.php" line="321" class="Hyde\Framework\Testing\Feature\MetadataTest" classname="Hyde.Framework.Testing.Feature.MetadataTest" assertions="1" time="0.004605"/>
        <testcase name="testAddsPublishedTimePropertyWhenDateIsSetInPost" file="/home/runner/work/develop/develop/packages/framework/tests/Feature/MetadataTest.php" line="327" class="Hyde\Framework\Testing\Feature\MetadataTest" classname="Hyde.Framework.Testing.Feature.MetadataTest" assertions="1" time="0.004658"/>
        <testcase name="testDoesNotAddPublishedTimePropertyWhenDateIsNotSetInPost" file="/home/runner/work/develop/develop/packages/framework/tests/Feature/MetadataTest.php" line="333" class="Hyde\Framework\Testing\Feature\MetadataTest" classname="Hyde.Framework.Testing.Feature.MetadataTest" assertions="1" time="0.004621"/>
        <testcase name="testAddsImagePropertyWhenImageIsSetInPost" file="/home/runner/work/develop/develop/packages/framework/tests/Feature/MetadataTest.php" line="339" class="Hyde\Framework\Testing\Feature\MetadataTest" classname="Hyde.Framework.Testing.Feature.MetadataTest" assertions="1" time="0.005083"/>
        <testcase name="testDoesNotAddImagePropertyWhenImageIsNotSetInPost" file="/home/runner/work/develop/develop/packages/framework/tests/Feature/MetadataTest.php" line="345" class="Hyde\Framework\Testing\Feature\MetadataTest" classname="Hyde.Framework.Testing.Feature.MetadataTest" assertions="1" time="0.004564"/>
        <testcase name="testAddsTypePropertyAutomatically" file="/home/runner/work/develop/develop/packages/framework/tests/Feature/MetadataTest.php" line="351" class="Hyde\Framework\Testing\Feature\MetadataTest" classname="Hyde.Framework.Testing.Feature.MetadataTest" assertions="1" time="0.004537"/>
        <testcase name="testDynamicPostMetaPropertiesReturnsBaseArrayWhenInitializedWithEmptyFrontMatter" file="/home/runner/work/develop/develop/packages/framework/tests/Feature/MetadataTest.php" line="357" class="Hyde\Framework\Testing\Feature\MetadataTest" classname="Hyde.Framework.Testing.Feature.MetadataTest" assertions="1" time="0.004593"/>
        <testcase name="testDynamicPostMetaPropertiesContainsImageMetadataWhenFeaturedImageSetToString" file="/home/runner/work/develop/develop/packages/framework/tests/Feature/MetadataTest.php" line="363" class="Hyde\Framework\Testing\Feature\MetadataTest" classname="Hyde.Framework.Testing.Feature.MetadataTest" assertions="1" time="0.005115"/>
        <testcase name="testDynamicPostMetaPropertiesContainsImageLinkThatIsAlwaysRelative" file="/home/runner/work/develop/develop/packages/framework/tests/Feature/MetadataTest.php" line="372" class="Hyde\Framework\Testing\Feature\MetadataTest" classname="Hyde.Framework.Testing.Feature.MetadataTest" assertions="1" time="0.005057"/>
        <testcase name="testDynamicPostMetaPropertiesContainsImageLinkThatIsAlwaysRelativeForNestedPosts" file="/home/runner/work/develop/develop/packages/framework/tests/Feature/MetadataTest.php" line="381" class="Hyde\Framework\Testing\Feature\MetadataTest" classname="Hyde.Framework.Testing.Feature.MetadataTest" assertions="1" time="0.005189"/>
        <testcase name="testDynamicPostMetaPropertiesContainsImageLinkThatIsAlwaysRelativeForNestedOutputDirectories" file="/home/runner/work/develop/develop/packages/framework/tests/Feature/MetadataTest.php" line="390" class="Hyde\Framework\Testing\Feature\MetadataTest" classname="Hyde.Framework.Testing.Feature.MetadataTest" assertions="1" time="0.005127"/>
        <testcase name="testDynamicPostMetaPropertiesContainsImageLinkThatIsAlwaysRelativeForNestedPostsAndNestedOutputDirectories" file="/home/runner/work/develop/develop/packages/framework/tests/Feature/MetadataTest.php" line="400" class="Hyde\Framework\Testing\Feature\MetadataTest" classname="Hyde.Framework.Testing.Feature.MetadataTest" assertions="1" time="0.005209"/>
        <testcase name="testDynamicPostMetaPropertiesContainsImageLinkThatUsesTheConfiguredMediaDirectory" file="/home/runner/work/develop/develop/packages/framework/tests/Feature/MetadataTest.php" line="410" class="Hyde\Framework\Testing\Feature\MetadataTest" classname="Hyde.Framework.Testing.Feature.MetadataTest" assertions="1" time="0.005094"/>
        <testcase name="testDynamicPostMetaPropertiesContainsImageMetadataWhenFeaturedImageSetToArrayWithPath" file="/home/runner/work/develop/develop/packages/framework/tests/Feature/MetadataTest.php" line="420" class="Hyde\Framework\Testing\Feature\MetadataTest" classname="Hyde.Framework.Testing.Feature.MetadataTest" assertions="1" time="0.005125"/>
        <testcase name="testDynamicPostMetaPropertiesContainsImageMetadataWhenFeaturedImageSetToArrayWithUrl" file="/home/runner/work/develop/develop/packages/framework/tests/Feature/MetadataTest.php" line="431" class="Hyde\Framework\Testing\Feature\MetadataTest" classname="Hyde.Framework.Testing.Feature.MetadataTest" assertions="1" time="0.004828"/>
        <testcase name="testDynamicPostAuthorReturnsAuthorNameWhenAuthorSetToArrayUsingUsername" file="/home/runner/work/develop/develop/packages/framework/tests/Feature/MetadataTest.php" line="442" class="Hyde\Framework\Testing\Feature\MetadataTest" classname="Hyde.Framework.Testing.Feature.MetadataTest" assertions="1" time="0.004694"/>
        <testcase name="testDynamicPostAuthorReturnsAuthorNameWhenAuthorSetToArrayUsingName" file="/home/runner/work/develop/develop/packages/framework/tests/Feature/MetadataTest.php" line="452" class="Hyde\Framework\Testing\Feature\MetadataTest" classname="Hyde.Framework.Testing.Feature.MetadataTest" assertions="1" time="0.004640"/>
        <testcase name="testNoAuthorIsSetWhenAuthorSetToArrayWithoutNameOrUsername" file="/home/runner/work/develop/develop/packages/framework/tests/Feature/MetadataTest.php" line="463" class="Hyde\Framework\Testing\Feature\MetadataTest" classname="Hyde.Framework.Testing.Feature.MetadataTest" assertions="1" time="0.004634"/>
      </testsuite>
      <testsuite name="Hyde\Framework\Testing\Feature\MetadataViewTest" file="/home/runner/work/develop/develop/packages/framework/tests/Feature/MetadataViewTest.php" tests="5" assertions="84" errors="0" failures="0" skipped="0" time="0.124374">
        <testcase name="testMetadataTagsInEmptyBladePage" file="/home/runner/work/develop/develop/packages/framework/tests/Feature/MetadataViewTest.php" line="88" class="Hyde\Framework\Testing\Feature\MetadataViewTest" classname="Hyde.Framework.Testing.Feature.MetadataViewTest" assertions="13" time="0.022389"/>
        <testcase name="testMetadataTagsInEmptyMarkdownPage" file="/home/runner/work/develop/develop/packages/framework/tests/Feature/MetadataViewTest.php" line="104" class="Hyde\Framework\Testing\Feature\MetadataViewTest" classname="Hyde.Framework.Testing.Feature.MetadataViewTest" assertions="13" time="0.021495"/>
        <testcase name="testMetadataTagsInEmptyDocumentationPage" file="/home/runner/work/develop/develop/packages/framework/tests/Feature/MetadataViewTest.php" line="120" class="Hyde\Framework\Testing\Feature\MetadataViewTest" classname="Hyde.Framework.Testing.Feature.MetadataViewTest" assertions="13" time="0.025547"/>
        <testcase name="testMetadataTagsInEmptyMarkdownPost" file="/home/runner/work/develop/develop/packages/framework/tests/Feature/MetadataViewTest.php" line="136" class="Hyde\Framework\Testing\Feature\MetadataViewTest" classname="Hyde.Framework.Testing.Feature.MetadataViewTest" assertions="19" time="0.023027"/>
        <testcase name="testMetadataTagsInMarkdownPostWithFlatFrontMatter" file="/home/runner/work/develop/develop/packages/framework/tests/Feature/MetadataViewTest.php" line="158" class="Hyde\Framework\Testing\Feature\MetadataViewTest" classname="Hyde.Framework.Testing.Feature.MetadataViewTest" assertions="26" time="0.031915"/>
      </testsuite>
      <testsuite name="Hyde\Framework\Testing\Feature\NavigationDataTest" file="/home/runner/work/develop/develop/packages/framework/tests/Feature/NavigationDataTest.php" tests="5" assertions="8" errors="0" failures="0" skipped="0" time="0.008234">
        <testcase name="testClassMatchesSchema" file="/home/runner/work/develop/develop/packages/framework/tests/Feature/NavigationDataTest.php" line="24" class="Hyde\Framework\Testing\Feature\NavigationDataTest" classname="Hyde.Framework.Testing.Feature.NavigationDataTest" assertions="1" time="0.001645"/>
        <testcase name="testConstruct" file="/home/runner/work/develop/develop/packages/framework/tests/Feature/NavigationDataTest.php" line="32" class="Hyde\Framework\Testing\Feature\NavigationDataTest" classname="Hyde.Framework.Testing.Feature.NavigationDataTest" assertions="4" time="0.001781"/>
        <testcase name="testMake" file="/home/runner/work/develop/develop/packages/framework/tests/Feature/NavigationDataTest.php" line="42" class="Hyde\Framework\Testing\Feature\NavigationDataTest" classname="Hyde.Framework.Testing.Feature.NavigationDataTest" assertions="1" time="0.001597"/>
        <testcase name="testToArray" file="/home/runner/work/develop/develop/packages/framework/tests/Feature/NavigationDataTest.php" line="49" class="Hyde\Framework\Testing\Feature\NavigationDataTest" classname="Hyde.Framework.Testing.Feature.NavigationDataTest" assertions="1" time="0.001513"/>
        <testcase name="testJsonSerialize" file="/home/runner/work/develop/develop/packages/framework/tests/Feature/NavigationDataTest.php" line="54" class="Hyde\Framework\Testing\Feature\NavigationDataTest" classname="Hyde.Framework.Testing.Feature.NavigationDataTest" assertions="1" time="0.001698"/>
      </testsuite>
      <testsuite name="Hyde\Framework\Testing\Feature\NavigationMenuTest" file="/home/runner/work/develop/develop/packages/framework/tests/Feature/NavigationMenuTest.php" tests="29" assertions="48" errors="0" failures="0" skipped="0" time="0.282967">
        <testcase name="testConstructor" file="/home/runner/work/develop/develop/packages/framework/tests/Feature/NavigationMenuTest.php" line="25" class="Hyde\Framework\Testing\Feature\NavigationMenuTest" classname="Hyde.Framework.Testing.Feature.NavigationMenuTest" assertions="1" time="0.007648"/>
        <testcase name="testGenerateMethodCreatesCollectionOfNavItems" file="/home/runner/work/develop/develop/packages/framework/tests/Feature/NavigationMenuTest.php" line="30" class="Hyde\Framework\Testing\Feature\NavigationMenuTest" classname="Hyde.Framework.Testing.Feature.NavigationMenuTest" assertions="1" time="0.007413"/>
        <testcase name="testGetItemsReturnsItems" file="/home/runner/work/develop/develop/packages/framework/tests/Feature/NavigationMenuTest.php" line="35" class="Hyde\Framework\Testing\Feature\NavigationMenuTest" classname="Hyde.Framework.Testing.Feature.NavigationMenuTest" assertions="1" time="0.007920"/>
        <testcase name="testItemsAreSortedByPriority" file="/home/runner/work/develop/develop/packages/framework/tests/Feature/NavigationMenuTest.php" line="40" class="Hyde\Framework\Testing\Feature\NavigationMenuTest" classname="Hyde.Framework.Testing.Feature.NavigationMenuTest" assertions="1" time="0.009571"/>
        <testcase name="testItemsWithHiddenPropertySetToTrueAreNotAdded" file="/home/runner/work/develop/develop/packages/framework/tests/Feature/NavigationMenuTest.php" line="49" class="Hyde\Framework\Testing\Feature\NavigationMenuTest" classname="Hyde.Framework.Testing.Feature.NavigationMenuTest" assertions="1" time="0.008762"/>
        <testcase name="testCreatedCollectionIsSortedByNavigationMenuPriority" file="/home/runner/work/develop/develop/packages/framework/tests/Feature/NavigationMenuTest.php" line="57" class="Hyde\Framework\Testing\Feature\NavigationMenuTest" classname="Hyde.Framework.Testing.Feature.NavigationMenuTest" assertions="2" time="0.011285"/>
        <testcase name="testIsSortedAutomaticallyWhenUsingNavigationMenuCreate" file="/home/runner/work/develop/develop/packages/framework/tests/Feature/NavigationMenuTest.php" line="74" class="Hyde\Framework\Testing\Feature\NavigationMenuTest" classname="Hyde.Framework.Testing.Feature.NavigationMenuTest" assertions="2" time="0.009557"/>
        <testcase name="testCollectionOnlyContainsNavItems" file="/home/runner/work/develop/develop/packages/framework/tests/Feature/NavigationMenuTest.php" line="89" class="Hyde\Framework\Testing\Feature\NavigationMenuTest" classname="Hyde.Framework.Testing.Feature.NavigationMenuTest" assertions="1" time="0.007506"/>
        <testcase name="testExternalLinkCanBeAddedInConfig" file="/home/runner/work/develop/develop/packages/framework/tests/Feature/NavigationMenuTest.php" line="94" class="Hyde\Framework\Testing\Feature\NavigationMenuTest" classname="Hyde.Framework.Testing.Feature.NavigationMenuTest" assertions="2" time="0.018659"/>
        <testcase name="testPathLinkCanBeAddedInConfig" file="/home/runner/work/develop/develop/packages/framework/tests/Feature/NavigationMenuTest.php" line="109" class="Hyde\Framework\Testing\Feature\NavigationMenuTest" classname="Hyde.Framework.Testing.Feature.NavigationMenuTest" assertions="2" time="0.008165"/>
        <testcase name="testDuplicatesAreRemovedWhenAddingInConfig" file="/home/runner/work/develop/develop/packages/framework/tests/Feature/NavigationMenuTest.php" line="124" class="Hyde\Framework\Testing\Feature\NavigationMenuTest" classname="Hyde.Framework.Testing.Feature.NavigationMenuTest" assertions="2" time="0.008073"/>
        <testcase name="testDuplicatesAreRemovedWhenAddingInConfigRegardlessOfDestination" file="/home/runner/work/develop/develop/packages/framework/tests/Feature/NavigationMenuTest.php" line="142" class="Hyde\Framework\Testing\Feature\NavigationMenuTest" classname="Hyde.Framework.Testing.Feature.NavigationMenuTest" assertions="2" time="0.008117"/>
        <testcase name="testConfigItemsTakePrecedenceOverGeneratedItems" file="/home/runner/work/develop/develop/packages/framework/tests/Feature/NavigationMenuTest.php" line="160" class="Hyde\Framework\Testing\Feature\NavigationMenuTest" classname="Hyde.Framework.Testing.Feature.NavigationMenuTest" assertions="2" time="0.009531"/>
        <testcase name="testDocumentationPagesThatAreNotIndexAreNotAddedToTheMenu" file="/home/runner/work/develop/develop/packages/framework/tests/Feature/NavigationMenuTest.php" line="177" class="Hyde\Framework\Testing\Feature\NavigationMenuTest" classname="Hyde.Framework.Testing.Feature.NavigationMenuTest" assertions="2" time="0.010914"/>
        <testcase name="testPagesInSubdirectoriesAreNotAddedToTheNavigationMenu" file="/home/runner/work/develop/develop/packages/framework/tests/Feature/NavigationMenuTest.php" line="193" class="Hyde\Framework\Testing\Feature\NavigationMenuTest" classname="Hyde.Framework.Testing.Feature.NavigationMenuTest" assertions="2" time="0.009752"/>
        <testcase name="testPagesInSubdirectoriesCanBeAddedToTheNavigationMenuWithConfigFlatSetting" file="/home/runner/work/develop/develop/packages/framework/tests/Feature/NavigationMenuTest.php" line="205" class="Hyde\Framework\Testing\Feature\NavigationMenuTest" classname="Hyde.Framework.Testing.Feature.NavigationMenuTest" assertions="2" time="0.010133"/>
        <testcase name="testPagesInSubdirectoriesAreNotAddedToTheNavigationMenuWithConfigDropdownSetting" file="/home/runner/work/develop/develop/packages/framework/tests/Feature/NavigationMenuTest.php" line="221" class="Hyde\Framework\Testing\Feature\NavigationMenuTest" classname="Hyde.Framework.Testing.Feature.NavigationMenuTest" assertions="2" time="0.016966"/>
        <testcase name="testHasDropdownsReturnsFalseWhenThereAreNoDropdowns" file="/home/runner/work/develop/develop/packages/framework/tests/Feature/NavigationMenuTest.php" line="239" class="Hyde\Framework\Testing\Feature\NavigationMenuTest" classname="Hyde.Framework.Testing.Feature.NavigationMenuTest" assertions="1" time="0.007549"/>
        <testcase name="testHasDropdownsReturnsTrueWhenThereAreDropdowns" file="/home/runner/work/develop/develop/packages/framework/tests/Feature/NavigationMenuTest.php" line="246" class="Hyde\Framework\Testing\Feature\NavigationMenuTest" classname="Hyde.Framework.Testing.Feature.NavigationMenuTest" assertions="1" time="0.008466"/>
        <testcase name="testHasDropdownsAlwaysReturnsFalseWhenDropdownsAreDisabled" file="/home/runner/work/develop/develop/packages/framework/tests/Feature/NavigationMenuTest.php" line="254" class="Hyde\Framework\Testing\Feature\NavigationMenuTest" classname="Hyde.Framework.Testing.Feature.NavigationMenuTest" assertions="1" time="0.008171"/>
        <testcase name="testGetDropdownsReturnsEmptyArrayThereAreNoDropdowns" file="/home/runner/work/develop/develop/packages/framework/tests/Feature/NavigationMenuTest.php" line="260" class="Hyde\Framework\Testing\Feature\NavigationMenuTest" classname="Hyde.Framework.Testing.Feature.NavigationMenuTest" assertions="2" time="0.007719"/>
        <testcase name="testGetDropdownsReturnsCorrectArrayWhenThereAreDropdowns" file="/home/runner/work/develop/develop/packages/framework/tests/Feature/NavigationMenuTest.php" line="268" class="Hyde\Framework\Testing\Feature\NavigationMenuTest" classname="Hyde.Framework.Testing.Feature.NavigationMenuTest" assertions="2" time="0.009629"/>
        <testcase name="testGetDropdownsWithMultipleItems" file="/home/runner/work/develop/develop/packages/framework/tests/Feature/NavigationMenuTest.php" line="281" class="Hyde\Framework\Testing\Feature\NavigationMenuTest" classname="Hyde.Framework.Testing.Feature.NavigationMenuTest" assertions="2" time="0.011040"/>
        <testcase name="testGetDropdownsWithMultipleDropdowns" file="/home/runner/work/develop/develop/packages/framework/tests/Feature/NavigationMenuTest.php" line="299" class="Hyde\Framework\Testing\Feature\NavigationMenuTest" classname="Hyde.Framework.Testing.Feature.NavigationMenuTest" assertions="2" time="0.012737"/>
        <testcase name="testGetDropdownsThrowsExceptionWhenDisabled" file="/home/runner/work/develop/develop/packages/framework/tests/Feature/NavigationMenuTest.php" line="322" class="Hyde\Framework\Testing\Feature\NavigationMenuTest" classname="Hyde.Framework.Testing.Feature.NavigationMenuTest" assertions="2" time="0.007595"/>
        <testcase name="testDocumentationPagesDoNotGetAddedToDropdowns" file="/home/runner/work/develop/develop/packages/framework/tests/Feature/NavigationMenuTest.php" line="331" class="Hyde\Framework\Testing\Feature\NavigationMenuTest" classname="Hyde.Framework.Testing.Feature.NavigationMenuTest" assertions="2" time="0.009148"/>
        <testcase name="testBlogPostsDoNotGetAddedToDropdowns" file="/home/runner/work/develop/develop/packages/framework/tests/Feature/NavigationMenuTest.php" line="343" class="Hyde\Framework\Testing\Feature\NavigationMenuTest" classname="Hyde.Framework.Testing.Feature.NavigationMenuTest" assertions="2" time="0.009893"/>
        <testcase name="testPagesInDropdownsDoNotGetAddedToTheMainNavigation" file="/home/runner/work/develop/develop/packages/framework/tests/Feature/NavigationMenuTest.php" line="355" class="Hyde\Framework\Testing\Feature\NavigationMenuTest" classname="Hyde.Framework.Testing.Feature.NavigationMenuTest" assertions="2" time="0.011187"/>
        <testcase name="testDropdownMenuItemsAreSortedByPriority" file="/home/runner/work/develop/develop/packages/framework/tests/Feature/NavigationMenuTest.php" line="373" class="Hyde\Framework\Testing\Feature\NavigationMenuTest" classname="Hyde.Framework.Testing.Feature.NavigationMenuTest" assertions="1" time="0.009862"/>
      </testsuite>
      <testsuite name="Hyde\Framework\Testing\Feature\PageCollectionTest" file="/home/runner/work/develop/develop/packages/framework/tests/Feature/PageCollectionTest.php" tests="12" assertions="38" errors="0" failures="0" skipped="0" time="0.147901">
        <testcase name="testBootMethodCreatesNewPageCollectionAndDiscoversPagesAutomatically" file="/home/runner/work/develop/develop/packages/framework/tests/Feature/PageCollectionTest.php" line="27" class="Hyde\Framework\Testing\Feature\PageCollectionTest" classname="Hyde.Framework.Testing.Feature.PageCollectionTest" assertions="3" time="0.011382"/>
        <testcase name="testBladePagesAreDiscovered" file="/home/runner/work/develop/develop/packages/framework/tests/Feature/PageCollectionTest.php" line="39" class="Hyde\Framework\Testing\Feature\PageCollectionTest" classname="Hyde.Framework.Testing.Feature.PageCollectionTest" assertions="2" time="0.011560"/>
        <testcase name="testMarkdownPagesAreDiscovered" file="/home/runner/work/develop/develop/packages/framework/tests/Feature/PageCollectionTest.php" line="48" class="Hyde\Framework\Testing\Feature\PageCollectionTest" classname="Hyde.Framework.Testing.Feature.PageCollectionTest" assertions="2" time="0.012887"/>
        <testcase name="testMarkdownPostsAreDiscovered" file="/home/runner/work/develop/develop/packages/framework/tests/Feature/PageCollectionTest.php" line="57" class="Hyde\Framework\Testing\Feature\PageCollectionTest" classname="Hyde.Framework.Testing.Feature.PageCollectionTest" assertions="2" time="0.013777"/>
        <testcase name="testDocumentationPagesAreDiscovered" file="/home/runner/work/develop/develop/packages/framework/tests/Feature/PageCollectionTest.php" line="66" class="Hyde\Framework\Testing\Feature\PageCollectionTest" classname="Hyde.Framework.Testing.Feature.PageCollectionTest" assertions="2" time="0.012292"/>
        <testcase name="testGetPageReturnsParsedPageObjectForGivenSourcePath" file="/home/runner/work/develop/develop/packages/framework/tests/Feature/PageCollectionTest.php" line="74" class="Hyde\Framework\Testing\Feature\PageCollectionTest" classname="Hyde.Framework.Testing.Feature.PageCollectionTest" assertions="1" time="0.009136"/>
        <testcase name="testGetPagesReturnsCollectionOfPagesOfGivenClass" file="/home/runner/work/develop/develop/packages/framework/tests/Feature/PageCollectionTest.php" line="80" class="Hyde\Framework\Testing\Feature\PageCollectionTest" classname="Hyde.Framework.Testing.Feature.PageCollectionTest" assertions="11" time="0.024260"/>
        <testcase name="testGetPagesReturnsAllPagesWhenNotSuppliedWithClassString" file="/home/runner/work/develop/develop/packages/framework/tests/Feature/PageCollectionTest.php" line="108" class="Hyde\Framework\Testing\Feature\PageCollectionTest" classname="Hyde.Framework.Testing.Feature.PageCollectionTest" assertions="6" time="0.018800"/>
        <testcase name="testGetPagesReturnsEmptyCollectionWhenNoPagesAreDiscovered" file="/home/runner/work/develop/develop/packages/framework/tests/Feature/PageCollectionTest.php" line="130" class="Hyde\Framework\Testing\Feature\PageCollectionTest" classname="Hyde.Framework.Testing.Feature.PageCollectionTest" assertions="1" time="0.004671"/>
        <testcase name="testPagesAreNotDiscoveredForDisabledFeatures" file="/home/runner/work/develop/develop/packages/framework/tests/Feature/PageCollectionTest.php" line="137" class="Hyde\Framework\Testing\Feature\PageCollectionTest" classname="Hyde.Framework.Testing.Feature.PageCollectionTest" assertions="1" time="0.004038"/>
        <testcase name="testPagesWithCustomSourceDirectoriesAreDiscoveredProperly" file="/home/runner/work/develop/develop/packages/framework/tests/Feature/PageCollectionTest.php" line="156" class="Hyde\Framework\Testing\Feature\PageCollectionTest" classname="Hyde.Framework.Testing.Feature.PageCollectionTest" assertions="5" time="0.017943"/>
        <testcase name="testGetFileThrowsExceptionWhenFileIsNotFound" file="/home/runner/work/develop/develop/packages/framework/tests/Feature/PageCollectionTest.php" line="182" class="Hyde\Framework\Testing\Feature\PageCollectionTest" classname="Hyde.Framework.Testing.Feature.PageCollectionTest" assertions="2" time="0.007154"/>
      </testsuite>
      <testsuite name="Hyde\Framework\Testing\Feature\PageModelConstructorsTest" file="/home/runner/work/develop/develop/packages/framework/tests/Feature/PageModelConstructorsTest.php" tests="5" assertions="5" errors="0" failures="0" skipped="0" time="0.027203">
        <testcase name="testDynamicDataConstructorCanFindTitleFromFrontMatter" file="/home/runner/work/develop/develop/packages/framework/tests/Feature/PageModelConstructorsTest.php" line="24" class="Hyde\Framework\Testing\Feature\PageModelConstructorsTest" classname="Hyde.Framework.Testing.Feature.PageModelConstructorsTest" assertions="1" time="0.005723"/>
        <testcase name="testDynamicDataConstructorCanFindTitleFromH1Tag" file="/home/runner/work/develop/develop/packages/framework/tests/Feature/PageModelConstructorsTest.php" line="31" class="Hyde\Framework\Testing\Feature\PageModelConstructorsTest" classname="Hyde.Framework.Testing.Feature.PageModelConstructorsTest" assertions="1" time="0.005279"/>
        <testcase name="testDynamicDataConstructorCanFindTitleFromSlug" file="/home/runner/work/develop/develop/packages/framework/tests/Feature/PageModelConstructorsTest.php" line="39" class="Hyde\Framework\Testing\Feature\PageModelConstructorsTest" classname="Hyde.Framework.Testing.Feature.PageModelConstructorsTest" assertions="1" time="0.005359"/>
        <testcase name="testDocumentationPageParserCanGetGroupFromFrontMatter" file="/home/runner/work/develop/develop/packages/framework/tests/Feature/PageModelConstructorsTest.php" line="47" class="Hyde\Framework\Testing\Feature\PageModelConstructorsTest" classname="Hyde.Framework.Testing.Feature.PageModelConstructorsTest" assertions="1" time="0.005498"/>
        <testcase name="testDocumentationPageParserCanGetGroupAutomaticallyFromNestedPage" file="/home/runner/work/develop/develop/packages/framework/tests/Feature/PageModelConstructorsTest.php" line="55" class="Hyde\Framework\Testing\Feature\PageModelConstructorsTest" classname="Hyde.Framework.Testing.Feature.PageModelConstructorsTest" assertions="1" time="0.005345"/>
      </testsuite>
      <testsuite name="Hyde\Framework\Testing\Feature\PaginatorTest" file="/home/runner/work/develop/develop/packages/framework/tests/Feature/PaginatorTest.php" tests="32" assertions="60" errors="0" failures="0" skipped="0" time="0.151090">
        <testcase name="testItCanBeInstantiated" file="/home/runner/work/develop/develop/packages/framework/tests/Feature/PaginatorTest.php" line="18" class="Hyde\Framework\Testing\Feature\PaginatorTest" classname="Hyde.Framework.Testing.Feature.PaginatorTest" assertions="1" time="0.027547"/>
        <testcase name="testGetPaginatedPageCollection" file="/home/runner/work/develop/develop/packages/framework/tests/Feature/PaginatorTest.php" line="23" class="Hyde\Framework\Testing\Feature\PaginatorTest" classname="Hyde.Framework.Testing.Feature.PaginatorTest" assertions="1" time="0.003220"/>
        <testcase name="testGetPaginatedPageCollectionWithPages" file="/home/runner/work/develop/develop/packages/framework/tests/Feature/PaginatorTest.php" line="28" class="Hyde\Framework\Testing\Feature\PaginatorTest" classname="Hyde.Framework.Testing.Feature.PaginatorTest" assertions="4" time="0.004117"/>
        <testcase name="testCollectionIsChunkedBySpecifiedSettingValue" file="/home/runner/work/develop/develop/packages/framework/tests/Feature/PaginatorTest.php" line="44" class="Hyde\Framework\Testing\Feature\PaginatorTest" classname="Hyde.Framework.Testing.Feature.PaginatorTest" assertions="3" time="0.004035"/>
        <testcase name="testGetItemsForPageReturnsTheCorrectChunk" file="/home/runner/work/develop/develop/packages/framework/tests/Feature/PaginatorTest.php" line="56" class="Hyde\Framework\Testing\Feature\PaginatorTest" classname="Hyde.Framework.Testing.Feature.PaginatorTest" assertions="10" time="0.004869"/>
        <testcase name="testCanGetCurrentPageNumber" file="/home/runner/work/develop/develop/packages/framework/tests/Feature/PaginatorTest.php" line="76" class="Hyde\Framework\Testing\Feature\PaginatorTest" classname="Hyde.Framework.Testing.Feature.PaginatorTest" assertions="1" time="0.003137"/>
        <testcase name="testCanSetCurrentPageNumber" file="/home/runner/work/develop/develop/packages/framework/tests/Feature/PaginatorTest.php" line="82" class="Hyde\Framework\Testing\Feature\PaginatorTest" classname="Hyde.Framework.Testing.Feature.PaginatorTest" assertions="1" time="0.003198"/>
        <testcase name="testSetCurrentPageNumberRequiresIntegerToBeGreaterThanNought" file="/home/runner/work/develop/develop/packages/framework/tests/Feature/PaginatorTest.php" line="89" class="Hyde\Framework\Testing\Feature\PaginatorTest" classname="Hyde.Framework.Testing.Feature.PaginatorTest" assertions="1" time="0.003230"/>
        <testcase name="testSetCurrentPageNumberRequiresIntegerToBeGreaterThanNought2" file="/home/runner/work/develop/develop/packages/framework/tests/Feature/PaginatorTest.php" line="96" class="Hyde\Framework\Testing\Feature\PaginatorTest" classname="Hyde.Framework.Testing.Feature.PaginatorTest" assertions="1" time="0.003204"/>
        <testcase name="testSetCurrentPageNumberRequiresIntegerToBeLessThanTotalPages" file="/home/runner/work/develop/develop/packages/framework/tests/Feature/PaginatorTest.php" line="103" class="Hyde\Framework\Testing\Feature\PaginatorTest" classname="Hyde.Framework.Testing.Feature.PaginatorTest" assertions="2" time="0.003348"/>
        <testcase name="testCannotSetInvalidCurrentPageNumberInConstructor" file="/home/runner/work/develop/develop/packages/framework/tests/Feature/PaginatorTest.php" line="117" class="Hyde\Framework\Testing\Feature\PaginatorTest" classname="Hyde.Framework.Testing.Feature.PaginatorTest" assertions="1" time="0.003207"/>
        <testcase name="testLastPageReturnsTheLastPageNumber" file="/home/runner/work/develop/develop/packages/framework/tests/Feature/PaginatorTest.php" line="127" class="Hyde\Framework\Testing\Feature\PaginatorTest" classname="Hyde.Framework.Testing.Feature.PaginatorTest" assertions="1" time="0.003190"/>
        <testcase name="testTotalPagesReturnsTheTotalNumberOfPages" file="/home/runner/work/develop/develop/packages/framework/tests/Feature/PaginatorTest.php" line="132" class="Hyde\Framework\Testing\Feature\PaginatorTest" classname="Hyde.Framework.Testing.Feature.PaginatorTest" assertions="1" time="0.003221"/>
        <testcase name="testPerPageReturnsTheNumberOfItemsToBeShownPerPage" file="/home/runner/work/develop/develop/packages/framework/tests/Feature/PaginatorTest.php" line="137" class="Hyde\Framework\Testing\Feature\PaginatorTest" classname="Hyde.Framework.Testing.Feature.PaginatorTest" assertions="1" time="0.003221"/>
        <testcase name="testHasMultiplePagesReturnsTrueIfThereAreEnoughItemsToSplitIntoMultiplePages" file="/home/runner/work/develop/develop/packages/framework/tests/Feature/PaginatorTest.php" line="142" class="Hyde\Framework\Testing\Feature\PaginatorTest" classname="Hyde.Framework.Testing.Feature.PaginatorTest" assertions="1" time="0.003252"/>
        <testcase name="testHasPagesReturnsFalseIfThereAreNotEnoughItemsToSplitIntoMultiplePages" file="/home/runner/work/develop/develop/packages/framework/tests/Feature/PaginatorTest.php" line="147" class="Hyde\Framework\Testing\Feature\PaginatorTest" classname="Hyde.Framework.Testing.Feature.PaginatorTest" assertions="1" time="0.003235"/>
        <testcase name="testHasMorePagesReturnsTrueIfCursorCanNavigateForward" file="/home/runner/work/develop/develop/packages/framework/tests/Feature/PaginatorTest.php" line="152" class="Hyde\Framework\Testing\Feature\PaginatorTest" classname="Hyde.Framework.Testing.Feature.PaginatorTest" assertions="1" time="0.003230"/>
        <testcase name="testHasMorePagesReturnsFalseIfCursorCannotNavigateForward" file="/home/runner/work/develop/develop/packages/framework/tests/Feature/PaginatorTest.php" line="157" class="Hyde\Framework\Testing\Feature\PaginatorTest" classname="Hyde.Framework.Testing.Feature.PaginatorTest" assertions="1" time="0.003255"/>
        <testcase name="testHasFewerPagesReturnsTrueIfCursorCanNavigateBack" file="/home/runner/work/develop/develop/packages/framework/tests/Feature/PaginatorTest.php" line="162" class="Hyde\Framework\Testing\Feature\PaginatorTest" classname="Hyde.Framework.Testing.Feature.PaginatorTest" assertions="1" time="0.003240"/>
        <testcase name="testHasFewerPagesReturnsFalseIfCursorCannotNavigateBack" file="/home/runner/work/develop/develop/packages/framework/tests/Feature/PaginatorTest.php" line="167" class="Hyde\Framework\Testing\Feature\PaginatorTest" classname="Hyde.Framework.Testing.Feature.PaginatorTest" assertions="1" time="0.003185"/>
        <testcase name="testPreviousMethodWithoutFewerPagesReturnsFalse" file="/home/runner/work/develop/develop/packages/framework/tests/Feature/PaginatorTest.php" line="172" class="Hyde\Framework\Testing\Feature\PaginatorTest" classname="Hyde.Framework.Testing.Feature.PaginatorTest" assertions="1" time="0.003180"/>
        <testcase name="testNextMethodWithoutMorePagesReturnsFalse" file="/home/runner/work/develop/develop/packages/framework/tests/Feature/PaginatorTest.php" line="177" class="Hyde\Framework\Testing\Feature\PaginatorTest" classname="Hyde.Framework.Testing.Feature.PaginatorTest" assertions="1" time="0.003195"/>
        <testcase name="testPreviousMethodReturnsPreviousPageLinkWhenNoBaseRouteIsSet" file="/home/runner/work/develop/develop/packages/framework/tests/Feature/PaginatorTest.php" line="182" class="Hyde\Framework\Testing\Feature\PaginatorTest" classname="Hyde.Framework.Testing.Feature.PaginatorTest" assertions="1" time="0.003411"/>
        <testcase name="testNextMethodReturnsNextPageLinkWhenNoBaseRouteIsSet" file="/home/runner/work/develop/develop/packages/framework/tests/Feature/PaginatorTest.php" line="187" class="Hyde\Framework\Testing\Feature\PaginatorTest" classname="Hyde.Framework.Testing.Feature.PaginatorTest" assertions="1" time="0.003309"/>
        <testcase name="testPreviousAndNextMethodsWithBaseRouteSet" file="/home/runner/work/develop/develop/packages/framework/tests/Feature/PaginatorTest.php" line="192" class="Hyde\Framework\Testing\Feature\PaginatorTest" classname="Hyde.Framework.Testing.Feature.PaginatorTest" assertions="6" time="0.010741"/>
        <testcase name="testPreviousNumberWithoutFewerPagesReturnsFalse" file="/home/runner/work/develop/develop/packages/framework/tests/Feature/PaginatorTest.php" line="216" class="Hyde\Framework\Testing\Feature\PaginatorTest" classname="Hyde.Framework.Testing.Feature.PaginatorTest" assertions="1" time="0.003043"/>
        <testcase name="testNextNumberWithoutMorePagesReturnsFalse" file="/home/runner/work/develop/develop/packages/framework/tests/Feature/PaginatorTest.php" line="221" class="Hyde\Framework\Testing\Feature\PaginatorTest" classname="Hyde.Framework.Testing.Feature.PaginatorTest" assertions="1" time="0.003231"/>
        <testcase name="testPreviousNumberReturnsThePreviousPageNumberWhenThereIsOne" file="/home/runner/work/develop/develop/packages/framework/tests/Feature/PaginatorTest.php" line="226" class="Hyde\Framework\Testing\Feature\PaginatorTest" classname="Hyde.Framework.Testing.Feature.PaginatorTest" assertions="1" time="0.003265"/>
        <testcase name="testNextNumberReturnsTheNextPageNumberWhenThereIsOne" file="/home/runner/work/develop/develop/packages/framework/tests/Feature/PaginatorTest.php" line="231" class="Hyde\Framework\Testing\Feature\PaginatorTest" classname="Hyde.Framework.Testing.Feature.PaginatorTest" assertions="1" time="0.003256"/>
        <testcase name="testGetPageLinks" file="/home/runner/work/develop/develop/packages/framework/tests/Feature/PaginatorTest.php" line="236" class="Hyde\Framework\Testing\Feature\PaginatorTest" classname="Hyde.Framework.Testing.Feature.PaginatorTest" assertions="1" time="0.003419"/>
        <testcase name="testGetPageLinksWithBaseRoute" file="/home/runner/work/develop/develop/packages/framework/tests/Feature/PaginatorTest.php" line="250" class="Hyde\Framework\Testing\Feature\PaginatorTest" classname="Hyde.Framework.Testing.Feature.PaginatorTest" assertions="1" time="0.015066"/>
        <testcase name="testFirstItemNumberOnPage" file="/home/runner/work/develop/develop/packages/framework/tests/Feature/PaginatorTest.php" line="273" class="Hyde\Framework\Testing\Feature\PaginatorTest" classname="Hyde.Framework.Testing.Feature.PaginatorTest" assertions="9" time="0.003833"/>
      </testsuite>
      <testsuite name="Hyde\Framework\Testing\Feature\PharSupportTest" file="/home/runner/work/develop/develop/packages/framework/tests/Feature/PharSupportTest.php" tests="6" assertions="8" errors="0" failures="0" skipped="0" time="0.019176">
        <testcase name="testActive" file="/home/runner/work/develop/develop/packages/framework/tests/Feature/PharSupportTest.php" line="23" class="Hyde\Framework\Testing\Feature\PharSupportTest" classname="Hyde.Framework.Testing.Feature.PharSupportTest" assertions="1" time="0.003622"/>
        <testcase name="testMockActive" file="/home/runner/work/develop/develop/packages/framework/tests/Feature/PharSupportTest.php" line="28" class="Hyde\Framework\Testing\Feature\PharSupportTest" classname="Hyde.Framework.Testing.Feature.PharSupportTest" assertions="2" time="0.003088"/>
        <testcase name="testHasVendorDirectory" file="/home/runner/work/develop/develop/packages/framework/tests/Feature/PharSupportTest.php" line="37" class="Hyde\Framework\Testing\Feature\PharSupportTest" classname="Hyde.Framework.Testing.Feature.PharSupportTest" assertions="1" time="0.003052"/>
        <testcase name="testMockHasVendorDirectory" file="/home/runner/work/develop/develop/packages/framework/tests/Feature/PharSupportTest.php" line="42" class="Hyde\Framework\Testing\Feature\PharSupportTest" classname="Hyde.Framework.Testing.Feature.PharSupportTest" assertions="2" time="0.003145"/>
        <testcase name="testVendorPathCanRunInPhar" file="/home/runner/work/develop/develop/packages/framework/tests/Feature/PharSupportTest.php" line="51" class="Hyde\Framework\Testing\Feature\PharSupportTest" classname="Hyde.Framework.Testing.Feature.PharSupportTest" assertions="1" time="0.003116"/>
        <testcase name="testVendorPathCanRunInPharWithPathArgument" file="/home/runner/work/develop/develop/packages/framework/tests/Feature/PharSupportTest.php" line="59" class="Hyde\Framework\Testing\Feature\PharSupportTest" classname="Hyde.Framework.Testing.Feature.PharSupportTest" assertions="1" time="0.003153"/>
      </testsuite>
      <testsuite name="Hyde\Framework\Testing\Feature\ReadingTimeTest" file="/home/runner/work/develop/develop/packages/framework/tests/Feature/ReadingTimeTest.php" tests="12" assertions="38" errors="0" failures="0" skipped="0" time="0.032474">
        <testcase name="testConstruct" file="/home/runner/work/develop/develop/packages/framework/tests/Feature/ReadingTimeTest.php" line="23" class="Hyde\Framework\Testing\Feature\ReadingTimeTest" classname="Hyde.Framework.Testing.Feature.ReadingTimeTest" assertions="1" time="0.012854"/>
        <testcase name="testToString" file="/home/runner/work/develop/develop/packages/framework/tests/Feature/ReadingTimeTest.php" line="28" class="Hyde\Framework\Testing\Feature\ReadingTimeTest" classname="Hyde.Framework.Testing.Feature.ReadingTimeTest" assertions="1" time="0.001484"/>
        <testcase name="testGetWordCount" file="/home/runner/work/develop/develop/packages/framework/tests/Feature/ReadingTimeTest.php" line="33" class="Hyde\Framework\Testing\Feature\ReadingTimeTest" classname="Hyde.Framework.Testing.Feature.ReadingTimeTest" assertions="4" time="0.001735"/>
        <testcase name="testGetMinutes" file="/home/runner/work/develop/develop/packages/framework/tests/Feature/ReadingTimeTest.php" line="41" class="Hyde\Framework\Testing\Feature\ReadingTimeTest" classname="Hyde.Framework.Testing.Feature.ReadingTimeTest" assertions="4" time="0.001732"/>
        <testcase name="testGetSeconds" file="/home/runner/work/develop/develop/packages/framework/tests/Feature/ReadingTimeTest.php" line="49" class="Hyde\Framework\Testing\Feature\ReadingTimeTest" classname="Hyde.Framework.Testing.Feature.ReadingTimeTest" assertions="4" time="0.001740"/>
        <testcase name="testGetSecondsOver" file="/home/runner/work/develop/develop/packages/framework/tests/Feature/ReadingTimeTest.php" line="57" class="Hyde\Framework\Testing\Feature\ReadingTimeTest" classname="Hyde.Framework.Testing.Feature.ReadingTimeTest" assertions="4" time="0.001737"/>
        <testcase name="testGetFormatted" file="/home/runner/work/develop/develop/packages/framework/tests/Feature/ReadingTimeTest.php" line="65" class="Hyde\Framework\Testing\Feature\ReadingTimeTest" classname="Hyde.Framework.Testing.Feature.ReadingTimeTest" assertions="4" time="0.001719"/>
        <testcase name="testGetFormattedWithCustomFormatting" file="/home/runner/work/develop/develop/packages/framework/tests/Feature/ReadingTimeTest.php" line="73" class="Hyde\Framework\Testing\Feature\ReadingTimeTest" classname="Hyde.Framework.Testing.Feature.ReadingTimeTest" assertions="4" time="0.001766"/>
        <testcase name="testGetFormattedFormatsUpToOneMinuteWhenRoundUpIsSet" file="/home/runner/work/develop/develop/packages/framework/tests/Feature/ReadingTimeTest.php" line="81" class="Hyde\Framework\Testing\Feature\ReadingTimeTest" classname="Hyde.Framework.Testing.Feature.ReadingTimeTest" assertions="4" time="0.001783"/>
        <testcase name="testFormatUsingClosure" file="/home/runner/work/develop/develop/packages/framework/tests/Feature/ReadingTimeTest.php" line="89" class="Hyde\Framework\Testing\Feature\ReadingTimeTest" classname="Hyde.Framework.Testing.Feature.ReadingTimeTest" assertions="4" time="0.001736"/>
        <testcase name="testFromString" file="/home/runner/work/develop/develop/packages/framework/tests/Feature/ReadingTimeTest.php" line="106" class="Hyde\Framework\Testing\Feature\ReadingTimeTest" classname="Hyde.Framework.Testing.Feature.ReadingTimeTest" assertions="2" time="0.001627"/>
        <testcase name="testFromFile" file="/home/runner/work/develop/develop/packages/framework/tests/Feature/ReadingTimeTest.php" line="112" class="Hyde\Framework\Testing\Feature\ReadingTimeTest" classname="Hyde.Framework.Testing.Feature.ReadingTimeTest" assertions="2" time="0.002560"/>
      </testsuite>
      <testsuite name="Hyde\Framework\Testing\Feature\RedirectTest" file="/home/runner/work/develop/develop/packages/framework/tests/Feature/RedirectTest.php" tests="4" assertions="12" errors="0" failures="0" skipped="0" time="0.037400">
        <testcase name="testCanCreateARedirect" file="/home/runner/work/develop/develop/packages/framework/tests/Feature/RedirectTest.php" line="18" class="Hyde\Framework\Testing\Feature\RedirectTest" classname="Hyde.Framework.Testing.Feature.RedirectTest" assertions="7" time="0.016739"/>
        <testcase name="testPathParameterIsNormalized" file="/home/runner/work/develop/develop/packages/framework/tests/Feature/RedirectTest.php" line="51" class="Hyde\Framework\Testing\Feature\RedirectTest" classname="Hyde.Framework.Testing.Feature.RedirectTest" assertions="1" time="0.005079"/>
        <testcase name="testTextCanBeDisabled" file="/home/runner/work/develop/develop/packages/framework/tests/Feature/RedirectTest.php" line="60" class="Hyde\Framework\Testing\Feature\RedirectTest" classname="Hyde.Framework.Testing.Feature.RedirectTest" assertions="2" time="0.006383"/>
        <testcase name="testRedirectPagesCanBeCompilableByStaticSiteThoughManualDiscovery" file="/home/runner/work/develop/develop/packages/framework/tests/Feature/RedirectTest.php" line="69" class="Hyde\Framework\Testing\Feature\RedirectTest" classname="Hyde.Framework.Testing.Feature.RedirectTest" assertions="2" time="0.009200"/>
      </testsuite>
      <testsuite name="Hyde\Framework\Testing\Feature\RenderHelperTest" file="/home/runner/work/develop/develop/packages/framework/tests/Feature/RenderHelperTest.php" tests="14" assertions="36" errors="0" failures="0" skipped="0" time="0.090084">
        <testcase name="testSetAndGetPage" file="/home/runner/work/develop/develop/packages/framework/tests/Feature/RenderHelperTest.php" line="20" class="Hyde\Framework\Testing\Feature\RenderHelperTest" classname="Hyde.Framework.Testing.Feature.RenderHelperTest" assertions="2" time="0.007921"/>
        <testcase name="testSetPageSharesDataToViewAutomatically" file="/home/runner/work/develop/develop/packages/framework/tests/Feature/RenderHelperTest.php" line="28" class="Hyde\Framework\Testing\Feature\RenderHelperTest" classname="Hyde.Framework.Testing.Feature.RenderHelperTest" assertions="2" time="0.007704"/>
        <testcase name="testGetRoute" file="/home/runner/work/develop/develop/packages/framework/tests/Feature/RenderHelperTest.php" line="36" class="Hyde\Framework\Testing\Feature\RenderHelperTest" classname="Hyde.Framework.Testing.Feature.RenderHelperTest" assertions="2" time="0.008026"/>
        <testcase name="testGetRouteKey" file="/home/runner/work/develop/develop/packages/framework/tests/Feature/RenderHelperTest.php" line="44" class="Hyde\Framework\Testing\Feature\RenderHelperTest" classname="Hyde.Framework.Testing.Feature.RenderHelperTest" assertions="2" time="0.007729"/>
        <testcase name="testShareToView" file="/home/runner/work/develop/develop/packages/framework/tests/Feature/RenderHelperTest.php" line="52" class="Hyde\Framework\Testing\Feature\RenderHelperTest" classname="Hyde.Framework.Testing.Feature.RenderHelperTest" assertions="6" time="0.008215"/>
        <testcase name="testShare" file="/home/runner/work/develop/develop/packages/framework/tests/Feature/RenderHelperTest.php" line="65" class="Hyde\Framework\Testing\Feature\RenderHelperTest" classname="Hyde.Framework.Testing.Feature.RenderHelperTest" assertions="2" time="0.003437"/>
        <testcase name="testShareInvalidProperty" file="/home/runner/work/develop/develop/packages/framework/tests/Feature/RenderHelperTest.php" line="73" class="Hyde\Framework\Testing\Feature\RenderHelperTest" classname="Hyde.Framework.Testing.Feature.RenderHelperTest" assertions="2" time="0.003290"/>
        <testcase name="testShareCascadesDataToView" file="/home/runner/work/develop/develop/packages/framework/tests/Feature/RenderHelperTest.php" line="81" class="Hyde\Framework\Testing\Feature\RenderHelperTest" classname="Hyde.Framework.Testing.Feature.RenderHelperTest" assertions="2" time="0.003609"/>
        <testcase name="testClearData" file="/home/runner/work/develop/develop/packages/framework/tests/Feature/RenderHelperTest.php" line="89" class="Hyde\Framework\Testing\Feature\RenderHelperTest" classname="Hyde.Framework.Testing.Feature.RenderHelperTest" assertions="2" time="0.007914"/>
        <testcase name="testClearDataOnFacade" file="/home/runner/work/develop/develop/packages/framework/tests/Feature/RenderHelperTest.php" line="99" class="Hyde\Framework\Testing\Feature\RenderHelperTest" classname="Hyde.Framework.Testing.Feature.RenderHelperTest" assertions="2" time="0.008552"/>
        <testcase name="testClearDataCascadesToClearItsViewData" file="/home/runner/work/develop/develop/packages/framework/tests/Feature/RenderHelperTest.php" line="108" class="Hyde\Framework\Testing\Feature\RenderHelperTest" classname="Hyde.Framework.Testing.Feature.RenderHelperTest" assertions="6" time="0.008277"/>
        <testcase name="testClearDataDoesNotClearOtherViewData" file="/home/runner/work/develop/develop/packages/framework/tests/Feature/RenderHelperTest.php" line="122" class="Hyde\Framework\Testing\Feature\RenderHelperTest" classname="Hyde.Framework.Testing.Feature.RenderHelperTest" assertions="2" time="0.003560"/>
        <testcase name="testClearDataDoesNotClearRenderInstanceFromViewData" file="/home/runner/work/develop/develop/packages/framework/tests/Feature/RenderHelperTest.php" line="131" class="Hyde\Framework\Testing\Feature\RenderHelperTest" classname="Hyde.Framework.Testing.Feature.RenderHelperTest" assertions="2" time="0.003739"/>
        <testcase name="testToArray" file="/home/runner/work/develop/develop/packages/framework/tests/Feature/RenderHelperTest.php" line="140" class="Hyde\Framework\Testing\Feature\RenderHelperTest" classname="Hyde.Framework.Testing.Feature.RenderHelperTest" assertions="2" time="0.008111"/>
      </testsuite>
      <testsuite name="Hyde\Framework\Testing\Feature\RouteCollectionTest" file="/home/runner/work/develop/develop/packages/framework/tests/Feature/RouteCollectionTest.php" tests="7" assertions="19" errors="0" failures="0" skipped="0" time="0.084020">
        <testcase name="testBootMethodDiscoversAllPages" file="/home/runner/work/develop/develop/packages/framework/tests/Feature/RouteCollectionTest.php" line="27" class="Hyde\Framework\Testing\Feature\RouteCollectionTest" classname="Hyde.Framework.Testing.Feature.RouteCollectionTest" assertions="3" time="0.009612"/>
        <testcase name="testBootMethodDiscoversAllPageTypes" file="/home/runner/work/develop/develop/packages/framework/tests/Feature/RouteCollectionTest.php" line="40" class="Hyde\Framework\Testing\Feature\RouteCollectionTest" classname="Hyde.Framework.Testing.Feature.RouteCollectionTest" assertions="3" time="0.018533"/>
        <testcase name="testGetRoutesReturnsAllRoutes" file="/home/runner/work/develop/develop/packages/framework/tests/Feature/RouteCollectionTest.php" line="66" class="Hyde\Framework\Testing\Feature\RouteCollectionTest" classname="Hyde.Framework.Testing.Feature.RouteCollectionTest" assertions="1" time="0.012920"/>
        <testcase name="testGetRoutesForModelReturnsCollectionOfRoutesOfGivenClass" file="/home/runner/work/develop/develop/packages/framework/tests/Feature/RouteCollectionTest.php" line="77" class="Hyde\Framework\Testing\Feature\RouteCollectionTest" classname="Hyde.Framework.Testing.Feature.RouteCollectionTest" assertions="6" time="0.019141"/>
        <testcase name="testAddRouteAddsNewRoute" file="/home/runner/work/develop/develop/packages/framework/tests/Feature/RouteCollectionTest.php" line="99" class="Hyde\Framework\Testing\Feature\RouteCollectionTest" classname="Hyde.Framework.Testing.Feature.RouteCollectionTest" assertions="3" time="0.008663"/>
        <testcase name="testGetRoute" file="/home/runner/work/develop/develop/packages/framework/tests/Feature/RouteCollectionTest.php" line="108" class="Hyde\Framework\Testing\Feature\RouteCollectionTest" classname="Hyde.Framework.Testing.Feature.RouteCollectionTest" assertions="1" time="0.008090"/>
        <testcase name="testGetRouteWithNonExistingRoute" file="/home/runner/work/develop/develop/packages/framework/tests/Feature/RouteCollectionTest.php" line="113" class="Hyde\Framework\Testing\Feature\RouteCollectionTest" classname="Hyde.Framework.Testing.Feature.RouteCollectionTest" assertions="2" time="0.007062"/>
      </testsuite>
      <testsuite name="Hyde\Framework\Testing\Feature\RouteListTest" file="/home/runner/work/develop/develop/packages/framework/tests/Feature/RouteListTest.php" tests="3" assertions="3" errors="0" failures="0" skipped="0" time="0.022201">
        <testcase name="testRouteList" file="/home/runner/work/develop/develop/packages/framework/tests/Feature/RouteListTest.php" line="19" class="Hyde\Framework\Testing\Feature\RouteListTest" classname="Hyde.Framework.Testing.Feature.RouteListTest" assertions="1" time="0.007430"/>
        <testcase name="testHeaders" file="/home/runner/work/develop/develop/packages/framework/tests/Feature/RouteListTest.php" line="37" class="Hyde\Framework\Testing\Feature\RouteListTest" classname="Hyde.Framework.Testing.Feature.RouteListTest" assertions="1" time="0.007097"/>
        <testcase name="testWithDynamicPages" file="/home/runner/work/develop/develop/packages/framework/tests/Feature/RouteListTest.php" line="47" class="Hyde\Framework\Testing\Feature\RouteListTest" classname="Hyde.Framework.Testing.Feature.RouteListTest" assertions="1" time="0.007674"/>
      </testsuite>
      <testsuite name="Hyde\Framework\Testing\Feature\Services\BladeDownProcessorTest" file="/home/runner/work/develop/develop/packages/framework/tests/Feature/Services/BladeDownProcessorTest.php" tests="9" assertions="9" errors="0" failures="0" skipped="0" time="0.035253">
        <testcase name="testItRendersBladeEchoSyntax" file="/home/runner/work/develop/develop/packages/framework/tests/Feature/Services/BladeDownProcessorTest.php" line="17" class="Hyde\Framework\Testing\Feature\Services\BladeDownProcessorTest" classname="Hyde.Framework.Testing.Feature.Services.BladeDownProcessorTest" assertions="1" time="0.004183"/>
        <testcase name="testItRendersBladeWithinMultilineMarkdown" file="/home/runner/work/develop/develop/packages/framework/tests/Feature/Services/BladeDownProcessorTest.php" line="22" class="Hyde\Framework\Testing\Feature\Services\BladeDownProcessorTest" classname="Hyde.Framework.Testing.Feature.Services.BladeDownProcessorTest" assertions="1" time="0.004072"/>
        <testcase name="testItRendersBladeViews" file="/home/runner/work/develop/develop/packages/framework/tests/Feature/Services/BladeDownProcessorTest.php" line="31" class="Hyde\Framework\Testing\Feature\Services\BladeDownProcessorTest" classname="Hyde.Framework.Testing.Feature.Services.BladeDownProcessorTest" assertions="1" time="0.004508"/>
        <testcase name="testDirectiveIsCaseInsensitive" file="/home/runner/work/develop/develop/packages/framework/tests/Feature/Services/BladeDownProcessorTest.php" line="46" class="Hyde\Framework\Testing\Feature\Services\BladeDownProcessorTest" classname="Hyde.Framework.Testing.Feature.Services.BladeDownProcessorTest" assertions="1" time="0.003703"/>
        <testcase name="testDirectiveIsIgnoredIfItIsNotAtTheStartOfALine" file="/home/runner/work/develop/develop/packages/framework/tests/Feature/Services/BladeDownProcessorTest.php" line="51" class="Hyde\Framework\Testing\Feature\Services\BladeDownProcessorTest" classname="Hyde.Framework.Testing.Feature.Services.BladeDownProcessorTest" assertions="1" time="0.003100"/>
        <testcase name="testItRendersBladeEchoSyntaxWithVariables" file="/home/runner/work/develop/develop/packages/framework/tests/Feature/Services/BladeDownProcessorTest.php" line="57" class="Hyde\Framework\Testing\Feature\Services\BladeDownProcessorTest" classname="Hyde.Framework.Testing.Feature.Services.BladeDownProcessorTest" assertions="1" time="0.004083"/>
        <testcase name="testItRendersBladeViewsWithVariables" file="/home/runner/work/develop/develop/packages/framework/tests/Feature/Services/BladeDownProcessorTest.php" line="62" class="Hyde\Framework\Testing\Feature\Services\BladeDownProcessorTest" classname="Hyde.Framework.Testing.Feature.Services.BladeDownProcessorTest" assertions="1" time="0.004783"/>
        <testcase name="testPreprocessMethodExpandsShortcode" file="/home/runner/work/develop/develop/packages/framework/tests/Feature/Services/BladeDownProcessorTest.php" line="73" class="Hyde\Framework\Testing\Feature\Services\BladeDownProcessorTest" classname="Hyde.Framework.Testing.Feature.Services.BladeDownProcessorTest" assertions="1" time="0.003078"/>
        <testcase name="testProcessMethodRendersShortcode" file="/home/runner/work/develop/develop/packages/framework/tests/Feature/Services/BladeDownProcessorTest.php" line="78" class="Hyde\Framework\Testing\Feature\Services\BladeDownProcessorTest" classname="Hyde.Framework.Testing.Feature.Services.BladeDownProcessorTest" assertions="1" time="0.003743"/>
      </testsuite>
      <testsuite name="Hyde\Framework\Testing\Feature\Services\BuildTaskServiceTest" file="/home/runner/work/develop/develop/packages/framework/tests/Feature/Services/BuildTaskServiceTest.php" tests="8" assertions="11" errors="0" failures="0" skipped="0" time="0.083613">
        <testcase name="testBuildCommandCanRunBuildTasks" file="/home/runner/work/develop/develop/packages/framework/tests/Feature/Services/BuildTaskServiceTest.php" line="31" class="Hyde\Framework\Testing\Feature\Services\BuildTaskServiceTest" classname="Hyde.Framework.Testing.Feature.Services.BuildTaskServiceTest" assertions="4" time="0.024921"/>
        <testcase name="testRunPostBuildTasksRunsConfiguredTasksDoesNothingIfNoTasksAreConfigured" file="/home/runner/work/develop/develop/packages/framework/tests/Feature/Services/BuildTaskServiceTest.php" line="42" class="Hyde\Framework\Testing\Feature\Services\BuildTaskServiceTest" classname="Hyde.Framework.Testing.Feature.Services.BuildTaskServiceTest" assertions="1" time="0.009547"/>
        <testcase name="testGetPostBuildTasksReturnsArrayMergedWithConfig" file="/home/runner/work/develop/develop/packages/framework/tests/Feature/Services/BuildTaskServiceTest.php" line="50" class="Hyde\Framework\Testing\Feature\Services\BuildTaskServiceTest" classname="Hyde.Framework.Testing.Feature.Services.BuildTaskServiceTest" assertions="1" time="0.007770"/>
        <testcase name="testGetPostBuildTasksMergesDuplicateKeys" file="/home/runner/work/develop/develop/packages/framework/tests/Feature/Services/BuildTaskServiceTest.php" line="60" class="Hyde\Framework\Testing\Feature\Services\BuildTaskServiceTest" classname="Hyde.Framework.Testing.Feature.Services.BuildTaskServiceTest" assertions="1" time="0.007838"/>
        <testcase name="testRunPostBuildTasksRunsConfiguredTasks" file="/home/runner/work/develop/develop/packages/framework/tests/Feature/Services/BuildTaskServiceTest.php" line="71" class="Hyde\Framework\Testing\Feature\Services\BuildTaskServiceTest" classname="Hyde.Framework.Testing.Feature.Services.BuildTaskServiceTest" assertions="1" time="0.010055"/>
        <testcase name="testExceptionHandlerShowsErrorMessageAndExitsWithCode1WithoutThrowingException" file="/home/runner/work/develop/develop/packages/framework/tests/Feature/Services/BuildTaskServiceTest.php" line="83" class="Hyde\Framework\Testing\Feature\Services\BuildTaskServiceTest" classname="Hyde.Framework.Testing.Feature.Services.BuildTaskServiceTest" assertions="1" time="0.003422"/>
        <testcase name="testFindTasksInAppDirectoryMethodDiscoversTasksInAppDirectory" file="/home/runner/work/develop/develop/packages/framework/tests/Feature/Services/BuildTaskServiceTest.php" line="96" class="Hyde\Framework\Testing\Feature\Services\BuildTaskServiceTest" classname="Hyde.Framework.Testing.Feature.Services.BuildTaskServiceTest" assertions="1" time="0.009276"/>
        <testcase name="testAutomaticallyDiscoveredTasksCanBeExecuted" file="/home/runner/work/develop/develop/packages/framework/tests/Feature/Services/BuildTaskServiceTest.php" line="104" class="Hyde\Framework\Testing\Feature\Services\BuildTaskServiceTest" classname="Hyde.Framework.Testing.Feature.Services.BuildTaskServiceTest" assertions="1" time="0.010784"/>
      </testsuite>
      <testsuite name="Hyde\Framework\Testing\Feature\Services\DocumentationSearchServiceTest" file="/home/runner/work/develop/develop/packages/framework/tests/Feature/Services/DocumentationSearchServiceTest.php" tests="10" assertions="10" errors="0" failures="0" skipped="0" time="0.074014">
        <testcase name="testItGeneratesAJsonFileWithASearchIndex" file="/home/runner/work/develop/develop/packages/framework/tests/Feature/Services/DocumentationSearchServiceTest.php" line="31" class="Hyde\Framework\Testing\Feature\Services\DocumentationSearchServiceTest" classname="Hyde.Framework.Testing.Feature.Services.DocumentationSearchServiceTest" assertions="1" time="0.007374"/>
        <testcase name="testItAddsAllFilesToSearchIndex" file="/home/runner/work/develop/develop/packages/framework/tests/Feature/Services/DocumentationSearchServiceTest.php" line="45" class="Hyde\Framework\Testing\Feature\Services\DocumentationSearchServiceTest" classname="Hyde.Framework.Testing.Feature.Services.DocumentationSearchServiceTest" assertions="1" time="0.009718"/>
        <testcase name="testItHandlesGenerationEvenWhenThereAreNoPages" file="/home/runner/work/develop/develop/packages/framework/tests/Feature/Services/DocumentationSearchServiceTest.php" line="54" class="Hyde\Framework\Testing\Feature\Services\DocumentationSearchServiceTest" classname="Hyde.Framework.Testing.Feature.Services.DocumentationSearchServiceTest" assertions="1" time="0.005828"/>
        <testcase name="testSaveMethodSavesTheFileToTheCorrectLocation" file="/home/runner/work/develop/develop/packages/framework/tests/Feature/Services/DocumentationSearchServiceTest.php" line="63" class="Hyde\Framework\Testing\Feature\Services\DocumentationSearchServiceTest" classname="Hyde.Framework.Testing.Feature.Services.DocumentationSearchServiceTest" assertions="1" time="0.005774"/>
        <testcase name="testItGeneratesAValidJSON" file="/home/runner/work/develop/develop/packages/framework/tests/Feature/Services/DocumentationSearchServiceTest.php" line="72" class="Hyde\Framework\Testing\Feature\Services\DocumentationSearchServiceTest" classname="Hyde.Framework.Testing.Feature.Services.DocumentationSearchServiceTest" assertions="1" time="0.008442"/>
        <testcase name="testItStripsMarkdown" file="/home/runner/work/develop/develop/packages/framework/tests/Feature/Services/DocumentationSearchServiceTest.php" line="85" class="Hyde\Framework\Testing\Feature\Services\DocumentationSearchServiceTest" classname="Hyde.Framework.Testing.Feature.Services.DocumentationSearchServiceTest" assertions="1" time="0.007246"/>
        <testcase name="testGetDestinationForSlugReturnsEmptyStringForIndexWhenPrettyUrlIsEnabled" file="/home/runner/work/develop/develop/packages/framework/tests/Feature/Services/DocumentationSearchServiceTest.php" line="95" class="Hyde\Framework\Testing\Feature\Services\DocumentationSearchServiceTest" classname="Hyde.Framework.Testing.Feature.Services.DocumentationSearchServiceTest" assertions="1" time="0.007344"/>
        <testcase name="testGetDestinationForSlugReturnsPrettyUrlWhenEnabled" file="/home/runner/work/develop/develop/packages/framework/tests/Feature/Services/DocumentationSearchServiceTest.php" line="105" class="Hyde\Framework\Testing\Feature\Services\DocumentationSearchServiceTest" classname="Hyde.Framework.Testing.Feature.Services.DocumentationSearchServiceTest" assertions="1" time="0.007288"/>
        <testcase name="testExcludedPagesAreNotPresentInTheSearchIndex" file="/home/runner/work/develop/develop/packages/framework/tests/Feature/Services/DocumentationSearchServiceTest.php" line="115" class="Hyde\Framework\Testing\Feature\Services\DocumentationSearchServiceTest" classname="Hyde.Framework.Testing.Feature.Services.DocumentationSearchServiceTest" assertions="1" time="0.007160"/>
        <testcase name="testNestedSourceFilesDoNotRetainDirectoryNameInSearchIndex" file="/home/runner/work/develop/develop/packages/framework/tests/Feature/Services/DocumentationSearchServiceTest.php" line="125" class="Hyde\Framework\Testing\Feature\Services\DocumentationSearchServiceTest" classname="Hyde.Framework.Testing.Feature.Services.DocumentationSearchServiceTest" assertions="1" time="0.007840"/>
      </testsuite>
      <testsuite name="Hyde\Framework\Testing\Feature\Services\DocumentationSidebarTest" file="/home/runner/work/develop/develop/packages/framework/tests/Feature/Services/DocumentationSidebarTest.php" tests="36" assertions="51" errors="0" failures="0" skipped="0" time="0.390932">
        <testcase name="testSidebarCanBeCreated" file="/home/runner/work/develop/develop/packages/framework/tests/Feature/Services/DocumentationSidebarTest.php" line="41" class="Hyde\Framework\Testing\Feature\Services\DocumentationSidebarTest" classname="Hyde.Framework.Testing.Feature.Services.DocumentationSidebarTest" assertions="1" time="0.007559"/>
        <testcase name="testSidebarItemsAreAddedAutomatically" file="/home/runner/work/develop/develop/packages/framework/tests/Feature/Services/DocumentationSidebarTest.php" line="48" class="Hyde\Framework\Testing\Feature\Services\DocumentationSidebarTest" classname="Hyde.Framework.Testing.Feature.Services.DocumentationSidebarTest" assertions="1" time="0.013656"/>
        <testcase name="testIndexPageIsRemovedFromSidebar" file="/home/runner/work/develop/develop/packages/framework/tests/Feature/Services/DocumentationSidebarTest.php" line="57" class="Hyde\Framework\Testing\Feature\Services\DocumentationSidebarTest" classname="Hyde.Framework.Testing.Feature.Services.DocumentationSidebarTest" assertions="1" time="0.014571"/>
        <testcase name="testFilesWithFrontMatterHiddenSetToTrueAreRemovedFromSidebar" file="/home/runner/work/develop/develop/packages/framework/tests/Feature/Services/DocumentationSidebarTest.php" line="66" class="Hyde\Framework\Testing\Feature\Services\DocumentationSidebarTest" classname="Hyde.Framework.Testing.Feature.Services.DocumentationSidebarTest" assertions="1" time="0.014808"/>
        <testcase name="testSidebarIsOrderedAlphabeticallyWhenNoOrderIsSetInConfig" file="/home/runner/work/develop/develop/packages/framework/tests/Feature/Services/DocumentationSidebarTest.php" line="75" class="Hyde\Framework\Testing\Feature\Services\DocumentationSidebarTest" classname="Hyde.Framework.Testing.Feature.Services.DocumentationSidebarTest" assertions="1" time="0.012139"/>
        <testcase name="testSidebarIsOrderedByPriorityWhenPriorityIsSetInConfig" file="/home/runner/work/develop/develop/packages/framework/tests/Feature/Services/DocumentationSidebarTest.php" line="92" class="Hyde\Framework\Testing\Feature\Services\DocumentationSidebarTest" classname="Hyde.Framework.Testing.Feature.Services.DocumentationSidebarTest" assertions="1" time="0.012114"/>
        <testcase name="testSidebarItemPriorityCanBeSetInFrontMatter" file="/home/runner/work/develop/develop/packages/framework/tests/Feature/Services/DocumentationSidebarTest.php" line="113" class="Hyde\Framework\Testing\Feature\Services\DocumentationSidebarTest" classname="Hyde.Framework.Testing.Feature.Services.DocumentationSidebarTest" assertions="1" time="0.009090"/>
        <testcase name="testSidebarItemPrioritySetInConfigOverridesFrontMatter" file="/home/runner/work/develop/develop/packages/framework/tests/Feature/Services/DocumentationSidebarTest.php" line="120" class="Hyde\Framework\Testing\Feature\Services\DocumentationSidebarTest" classname="Hyde.Framework.Testing.Feature.Services.DocumentationSidebarTest" assertions="1" time="0.009015"/>
        <testcase name="testSidebarPrioritiesCanBeSetInBothFrontMatterAndConfig" file="/home/runner/work/develop/develop/packages/framework/tests/Feature/Services/DocumentationSidebarTest.php" line="129" class="Hyde\Framework\Testing\Feature\Services\DocumentationSidebarTest" classname="Hyde.Framework.Testing.Feature.Services.DocumentationSidebarTest" assertions="1" time="0.012313"/>
        <testcase name="testGroupCanBeSetInFrontMatter" file="/home/runner/work/develop/develop/packages/framework/tests/Feature/Services/DocumentationSidebarTest.php" line="152" class="Hyde\Framework\Testing\Feature\Services\DocumentationSidebarTest" classname="Hyde.Framework.Testing.Feature.Services.DocumentationSidebarTest" assertions="1" time="0.008980"/>
        <testcase name="testHasGroupsReturnsFalseWhenThereAreNoGroups" file="/home/runner/work/develop/develop/packages/framework/tests/Feature/Services/DocumentationSidebarTest.php" line="159" class="Hyde\Framework\Testing\Feature\Services\DocumentationSidebarTest" classname="Hyde.Framework.Testing.Feature.Services.DocumentationSidebarTest" assertions="1" time="0.007286"/>
        <testcase name="testHasGroupsReturnsTrueWhenThereAreGroups" file="/home/runner/work/develop/develop/packages/framework/tests/Feature/Services/DocumentationSidebarTest.php" line="164" class="Hyde\Framework\Testing\Feature\Services\DocumentationSidebarTest" classname="Hyde.Framework.Testing.Feature.Services.DocumentationSidebarTest" assertions="1" time="0.009170"/>
        <testcase name="testHasGroupsReturnsTrueWhenThereAreMultipleGroups" file="/home/runner/work/develop/develop/packages/framework/tests/Feature/Services/DocumentationSidebarTest.php" line="171" class="Hyde\Framework\Testing\Feature\Services\DocumentationSidebarTest" classname="Hyde.Framework.Testing.Feature.Services.DocumentationSidebarTest" assertions="1" time="0.010460"/>
        <testcase name="testHasGroupsReturnsTrueWhenThereAreMultipleGroupsMixedWithDefaults" file="/home/runner/work/develop/develop/packages/framework/tests/Feature/Services/DocumentationSidebarTest.php" line="179" class="Hyde\Framework\Testing\Feature\Services\DocumentationSidebarTest" classname="Hyde.Framework.Testing.Feature.Services.DocumentationSidebarTest" assertions="1" time="0.016025"/>
        <testcase name="testGetGroupsReturnsEmptyArrayWhenThereAreNoGroups" file="/home/runner/work/develop/develop/packages/framework/tests/Feature/Services/DocumentationSidebarTest.php" line="188" class="Hyde\Framework\Testing\Feature\Services\DocumentationSidebarTest" classname="Hyde.Framework.Testing.Feature.Services.DocumentationSidebarTest" assertions="1" time="0.007316"/>
        <testcase name="testGetGroupsReturnsArrayOfGroupsWhenThereAreGroups" file="/home/runner/work/develop/develop/packages/framework/tests/Feature/Services/DocumentationSidebarTest.php" line="193" class="Hyde\Framework\Testing\Feature\Services\DocumentationSidebarTest" classname="Hyde.Framework.Testing.Feature.Services.DocumentationSidebarTest" assertions="1" time="0.010025"/>
        <testcase name="testGetGroupsReturnsArrayWithNoDuplicates" file="/home/runner/work/develop/develop/packages/framework/tests/Feature/Services/DocumentationSidebarTest.php" line="200" class="Hyde\Framework\Testing\Feature\Services\DocumentationSidebarTest" classname="Hyde.Framework.Testing.Feature.Services.DocumentationSidebarTest" assertions="1" time="0.011855"/>
        <testcase name="testGroupsAreSortedByLowestFoundPriorityInEachGroup" file="/home/runner/work/develop/develop/packages/framework/tests/Feature/Services/DocumentationSidebarTest.php" line="209" class="Hyde\Framework\Testing\Feature\Services\DocumentationSidebarTest" classname="Hyde.Framework.Testing.Feature.Services.DocumentationSidebarTest" assertions="1" time="0.011863"/>
        <testcase name="testGetItemsInGroupReturnsEmptyCollectionWhenThereAreNoItems" file="/home/runner/work/develop/develop/packages/framework/tests/Feature/Services/DocumentationSidebarTest.php" line="218" class="Hyde\Framework\Testing\Feature\Services\DocumentationSidebarTest" classname="Hyde.Framework.Testing.Feature.Services.DocumentationSidebarTest" assertions="1" time="0.007388"/>
        <testcase name="testGetItemsInGroupReturnsCollectionOfItemsInGroup" file="/home/runner/work/develop/develop/packages/framework/tests/Feature/Services/DocumentationSidebarTest.php" line="223" class="Hyde\Framework\Testing\Feature\Services\DocumentationSidebarTest" classname="Hyde.Framework.Testing.Feature.Services.DocumentationSidebarTest" assertions="2" time="0.013650"/>
        <testcase name="testGetItemsInGroupNormalizesGroupNameToSlugFormat" file="/home/runner/work/develop/develop/packages/framework/tests/Feature/Services/DocumentationSidebarTest.php" line="245" class="Hyde\Framework\Testing\Feature\Services\DocumentationSidebarTest" classname="Hyde.Framework.Testing.Feature.Services.DocumentationSidebarTest" assertions="1" time="0.012641"/>
        <testcase name="testGetItemsInGroupDoesNotIncludeItemsWithHiddenFrontMatter" file="/home/runner/work/develop/develop/packages/framework/tests/Feature/Services/DocumentationSidebarTest.php" line="261" class="Hyde\Framework\Testing\Feature\Services\DocumentationSidebarTest" classname="Hyde.Framework.Testing.Feature.Services.DocumentationSidebarTest" assertions="1" time="0.010537"/>
        <testcase name="testGetItemsInGroupDoesNotIncludeDocsIndex" file="/home/runner/work/develop/develop/packages/framework/tests/Feature/Services/DocumentationSidebarTest.php" line="272" class="Hyde\Framework\Testing\Feature\Services\DocumentationSidebarTest" classname="Hyde.Framework.Testing.Feature.Services.DocumentationSidebarTest" assertions="1" time="0.010241"/>
        <testcase name="testIsGroupActiveReturnsFalseWhenSuppliedGroupIsNotActive" file="/home/runner/work/develop/develop/packages/framework/tests/Feature/Services/DocumentationSidebarTest.php" line="283" class="Hyde\Framework\Testing\Feature\Services\DocumentationSidebarTest" classname="Hyde.Framework.Testing.Feature.Services.DocumentationSidebarTest" assertions="1" time="0.008298"/>
        <testcase name="testIsGroupActiveReturnsTrueWhenSuppliedGroupIsActive" file="/home/runner/work/develop/develop/packages/framework/tests/Feature/Services/DocumentationSidebarTest.php" line="289" class="Hyde\Framework\Testing\Feature\Services\DocumentationSidebarTest" classname="Hyde.Framework.Testing.Feature.Services.DocumentationSidebarTest" assertions="1" time="0.008240"/>
        <testcase name="testIsGroupActiveReturnsTrueForDifferingCasing" file="/home/runner/work/develop/develop/packages/framework/tests/Feature/Services/DocumentationSidebarTest.php" line="295" class="Hyde\Framework\Testing\Feature\Services\DocumentationSidebarTest" classname="Hyde.Framework.Testing.Feature.Services.DocumentationSidebarTest" assertions="1" time="0.008223"/>
        <testcase name="testIsGroupActiveReturnsTrueFirstGroupOfIndexPage" file="/home/runner/work/develop/develop/packages/framework/tests/Feature/Services/DocumentationSidebarTest.php" line="301" class="Hyde\Framework\Testing\Feature\Services\DocumentationSidebarTest" classname="Hyde.Framework.Testing.Feature.Services.DocumentationSidebarTest" assertions="3" time="0.015434"/>
        <testcase name="testIsGroupActiveReturnsTrueFirstSortedGroupOfIndexPage" file="/home/runner/work/develop/develop/packages/framework/tests/Feature/Services/DocumentationSidebarTest.php" line="314" class="Hyde\Framework\Testing\Feature\Services\DocumentationSidebarTest" classname="Hyde.Framework.Testing.Feature.Services.DocumentationSidebarTest" assertions="3" time="0.015373"/>
        <testcase name="testAutomaticIndexPageGroupExpansionRespectsCustomNavigationMenuSettings" file="/home/runner/work/develop/develop/packages/framework/tests/Feature/Services/DocumentationSidebarTest.php" line="327" class="Hyde\Framework\Testing\Feature\Services\DocumentationSidebarTest" classname="Hyde.Framework.Testing.Feature.Services.DocumentationSidebarTest" assertions="3" time="0.015403"/>
        <testcase name="testMakeGroupTitleTurnsGroupKeyIntoTitle" file="/home/runner/work/develop/develop/packages/framework/tests/Feature/Services/DocumentationSidebarTest.php" line="340" class="Hyde\Framework\Testing\Feature\Services\DocumentationSidebarTest" classname="Hyde.Framework.Testing.Feature.Services.DocumentationSidebarTest" assertions="4" time="0.008120"/>
        <testcase name="testMakeGroupTitleUsesConfiguredSidebarGroupLabelsWhenAvailable" file="/home/runner/work/develop/develop/packages/framework/tests/Feature/Services/DocumentationSidebarTest.php" line="348" class="Hyde\Framework\Testing\Feature\Services\DocumentationSidebarTest" classname="Hyde.Framework.Testing.Feature.Services.DocumentationSidebarTest" assertions="2" time="0.007645"/>
        <testcase name="testCanHaveMultipleGroupedPagesWithTheSameNameLabels" file="/home/runner/work/develop/develop/packages/framework/tests/Feature/Services/DocumentationSidebarTest.php" line="358" class="Hyde\Framework\Testing\Feature\Services\DocumentationSidebarTest" classname="Hyde.Framework.Testing.Feature.Services.DocumentationSidebarTest" assertions="2" time="0.011256"/>
        <testcase name="testDuplicateLabelsWithinTheSameGroupIsRemoved" file="/home/runner/work/develop/develop/packages/framework/tests/Feature/Services/DocumentationSidebarTest.php" line="375" class="Hyde\Framework\Testing\Feature\Services\DocumentationSidebarTest" classname="Hyde.Framework.Testing.Feature.Services.DocumentationSidebarTest" assertions="2" time="0.010879"/>
        <testcase name="testIsGroupActiveForIndexPageWithNoGroups" file="/home/runner/work/develop/develop/packages/framework/tests/Feature/Services/DocumentationSidebarTest.php" line="389" class="Hyde\Framework\Testing\Feature\Services\DocumentationSidebarTest" classname="Hyde.Framework.Testing.Feature.Services.DocumentationSidebarTest" assertions="1" time="0.009491"/>
        <testcase name="testIndexPageAddedToSidebarWhenItIsTheOnlyPage" file="/home/runner/work/develop/develop/packages/framework/tests/Feature/Services/DocumentationSidebarTest.php" line="397" class="Hyde\Framework\Testing\Feature\Services\DocumentationSidebarTest" classname="Hyde.Framework.Testing.Feature.Services.DocumentationSidebarTest" assertions="2" time="0.009386"/>
        <testcase name="testIndexPageNotAddedToSidebarWhenOtherPagesExist" file="/home/runner/work/develop/develop/packages/framework/tests/Feature/Services/DocumentationSidebarTest.php" line="409" class="Hyde\Framework\Testing\Feature\Services\DocumentationSidebarTest" classname="Hyde.Framework.Testing.Feature.Services.DocumentationSidebarTest" assertions="2" time="0.010481"/>
      </testsuite>
      <testsuite name="Hyde\Framework\Testing\Feature\Services\HydeSmartDocsTest" file="/home/runner/work/develop/develop/packages/framework/tests/Feature/Services/HydeSmartDocsTest.php" tests="18" assertions="30" errors="0" failures="0" skipped="0" time="0.170765">
        <testcase name="testClassTokenizesDocument" file="/home/runner/work/develop/develop/packages/framework/tests/Feature/Services/HydeSmartDocsTest.php" line="17" class="Hyde\Framework\Testing\Feature\Services\HydeSmartDocsTest" classname="Hyde.Framework.Testing.Feature.Services.HydeSmartDocsTest" assertions="2" time="0.008255"/>
        <testcase name="testClassCanHandleDocumentWithNoHeader" file="/home/runner/work/develop/develop/packages/framework/tests/Feature/Services/HydeSmartDocsTest.php" line="25" class="Hyde\Framework\Testing\Feature\Services\HydeSmartDocsTest" classname="Hyde.Framework.Testing.Feature.Services.HydeSmartDocsTest" assertions="2" time="0.018170"/>
        <testcase name="testClassCanHandleDocumentWithOnlyHeader" file="/home/runner/work/develop/develop/packages/framework/tests/Feature/Services/HydeSmartDocsTest.php" line="33" class="Hyde\Framework\Testing\Feature\Services\HydeSmartDocsTest" classname="Hyde.Framework.Testing.Feature.Services.HydeSmartDocsTest" assertions="2" time="0.007592"/>
        <testcase name="testClassCanHandleEmptyDocument" file="/home/runner/work/develop/develop/packages/framework/tests/Feature/Services/HydeSmartDocsTest.php" line="41" class="Hyde\Framework\Testing\Feature\Services\HydeSmartDocsTest" classname="Hyde.Framework.Testing.Feature.Services.HydeSmartDocsTest" assertions="2" time="0.007327"/>
        <testcase name="testCreateHelperCreatesNewInstanceAndProcessesIt" file="/home/runner/work/develop/develop/packages/framework/tests/Feature/Services/HydeSmartDocsTest.php" line="49" class="Hyde\Framework\Testing\Feature\Services\HydeSmartDocsTest" classname="Hyde.Framework.Testing.Feature.Services.HydeSmartDocsTest" assertions="2" time="0.007809"/>
        <testcase name="testRenderHeaderReturnsTheExtractedHeader" file="/home/runner/work/develop/develop/packages/framework/tests/Feature/Services/HydeSmartDocsTest.php" line="61" class="Hyde\Framework\Testing\Feature\Services\HydeSmartDocsTest" classname="Hyde.Framework.Testing.Feature.Services.HydeSmartDocsTest" assertions="1" time="0.007631"/>
        <testcase name="testRenderHeaderReturnsTheExtractedHeaderWithVaryingNewlines" file="/home/runner/work/develop/develop/packages/framework/tests/Feature/Services/HydeSmartDocsTest.php" line="69" class="Hyde\Framework\Testing\Feature\Services\HydeSmartDocsTest" classname="Hyde.Framework.Testing.Feature.Services.HydeSmartDocsTest" assertions="3" time="0.014593"/>
        <testcase name="testRenderBodyReturnsTheExtractedBody" file="/home/runner/work/develop/develop/packages/framework/tests/Feature/Services/HydeSmartDocsTest.php" line="85" class="Hyde\Framework\Testing\Feature\Services\HydeSmartDocsTest" classname="Hyde.Framework.Testing.Feature.Services.HydeSmartDocsTest" assertions="1" time="0.007745"/>
        <testcase name="testRenderBodyReturnsTheExtractedBodyWithVaryingNewlines" file="/home/runner/work/develop/develop/packages/framework/tests/Feature/Services/HydeSmartDocsTest.php" line="93" class="Hyde\Framework\Testing\Feature\Services\HydeSmartDocsTest" classname="Hyde.Framework.Testing.Feature.Services.HydeSmartDocsTest" assertions="3" time="0.014581"/>
        <testcase name="testRenderFooterIsEmptyByDefault" file="/home/runner/work/develop/develop/packages/framework/tests/Feature/Services/HydeSmartDocsTest.php" line="109" class="Hyde\Framework\Testing\Feature\Services\HydeSmartDocsTest" classname="Hyde.Framework.Testing.Feature.Services.HydeSmartDocsTest" assertions="1" time="0.007649"/>
        <testcase name="testAddDynamicHeaderContentAddsSourceLinkWhenConditionsAreMet" file="/home/runner/work/develop/develop/packages/framework/tests/Feature/Services/HydeSmartDocsTest.php" line="117" class="Hyde\Framework\Testing\Feature\Services\HydeSmartDocsTest" classname="Hyde.Framework.Testing.Feature.Services.HydeSmartDocsTest" assertions="1" time="0.008844"/>
        <testcase name="testEditSourceLinkIsAddedToFooterWhenConditionsAreMet" file="/home/runner/work/develop/develop/packages/framework/tests/Feature/Services/HydeSmartDocsTest.php" line="127" class="Hyde\Framework\Testing\Feature\Services\HydeSmartDocsTest" classname="Hyde.Framework.Testing.Feature.Services.HydeSmartDocsTest" assertions="1" time="0.008928"/>
        <testcase name="testEditSourceLinkCanBeAddedToBothHeaderAndFooter" file="/home/runner/work/develop/develop/packages/framework/tests/Feature/Services/HydeSmartDocsTest.php" line="137" class="Hyde\Framework\Testing\Feature\Services\HydeSmartDocsTest" classname="Hyde.Framework.Testing.Feature.Services.HydeSmartDocsTest" assertions="2" time="0.008605"/>
        <testcase name="testEditSourceLinkTextCanBeCustomizedInHeader" file="/home/runner/work/develop/develop/packages/framework/tests/Feature/Services/HydeSmartDocsTest.php" line="153" class="Hyde\Framework\Testing\Feature\Services\HydeSmartDocsTest" classname="Hyde.Framework.Testing.Feature.Services.HydeSmartDocsTest" assertions="1" time="0.008475"/>
        <testcase name="testEditSourceLinkTextCanBeCustomizedInFooter" file="/home/runner/work/develop/develop/packages/framework/tests/Feature/Services/HydeSmartDocsTest.php" line="164" class="Hyde\Framework\Testing\Feature\Services\HydeSmartDocsTest" classname="Hyde.Framework.Testing.Feature.Services.HydeSmartDocsTest" assertions="1" time="0.008496"/>
        <testcase name="testAddDynamicFooterContentAddsTorchlightAttributionWhenConditionsAreMet" file="/home/runner/work/develop/develop/packages/framework/tests/Feature/Services/HydeSmartDocsTest.php" line="175" class="Hyde\Framework\Testing\Feature\Services\HydeSmartDocsTest" classname="Hyde.Framework.Testing.Feature.Services.HydeSmartDocsTest" assertions="1" time="0.009294"/>
        <testcase name="testTheDocumentationArticleView" file="/home/runner/work/develop/develop/packages/framework/tests/Feature/Services/HydeSmartDocsTest.php" line="185" class="Hyde\Framework\Testing\Feature\Services\HydeSmartDocsTest" classname="Hyde.Framework.Testing.Feature.Services.HydeSmartDocsTest" assertions="2" time="0.008368"/>
        <testcase name="testTheDocumentationArticleViewWithExistingVariable" file="/home/runner/work/develop/develop/packages/framework/tests/Feature/Services/HydeSmartDocsTest.php" line="195" class="Hyde\Framework\Testing\Feature\Services\HydeSmartDocsTest" classname="Hyde.Framework.Testing.Feature.Services.HydeSmartDocsTest" assertions="2" time="0.008405"/>
      </testsuite>
      <testsuite name="Hyde\Framework\Testing\Feature\Services\Markdown\CodeblockFilepathProcessorTest" file="/home/runner/work/develop/develop/packages/framework/tests/Feature/Services/Markdown/CodeblockFilepathProcessorTest.php" tests="11" assertions="26" errors="0" failures="0" skipped="0" time="0.039466">
        <testcase name="testPreprocessExpandsFilepath" file="/home/runner/work/develop/develop/packages/framework/tests/Feature/Services/Markdown/CodeblockFilepathProcessorTest.php" line="15" class="Hyde\Framework\Testing\Feature\Services\Markdown\CodeblockFilepathProcessorTest" classname="Hyde.Framework.Testing.Feature.Services.Markdown.CodeblockFilepathProcessorTest" assertions="1" time="0.003417"/>
        <testcase name="testPreprocessAcceptsMultipleFilepathFormats" file="/home/runner/work/develop/develop/packages/framework/tests/Feature/Services/Markdown/CodeblockFilepathProcessorTest.php" line="23" class="Hyde\Framework\Testing\Feature\Services\Markdown\CodeblockFilepathProcessorTest" classname="Hyde.Framework.Testing.Feature.Services.Markdown.CodeblockFilepathProcessorTest" assertions="8" time="0.003962"/>
        <testcase name="testFilepathPatternIsCaseInsensitive" file="/home/runner/work/develop/develop/packages/framework/tests/Feature/Services/Markdown/CodeblockFilepathProcessorTest.php" line="44" class="Hyde\Framework\Testing\Feature\Services\Markdown\CodeblockFilepathProcessorTest" classname="Hyde.Framework.Testing.Feature.Services.Markdown.CodeblockFilepathProcessorTest" assertions="4" time="0.003489"/>
        <testcase name="testPreprocessAcceptsMultipleLanguages" file="/home/runner/work/develop/develop/packages/framework/tests/Feature/Services/Markdown/CodeblockFilepathProcessorTest.php" line="61" class="Hyde\Framework\Testing\Feature\Services\Markdown\CodeblockFilepathProcessorTest" classname="Hyde.Framework.Testing.Feature.Services.Markdown.CodeblockFilepathProcessorTest" assertions="6" time="0.003705"/>
        <testcase name="testPreprocessAcceptsMultipleInputBlocks" file="/home/runner/work/develop/develop/packages/framework/tests/Feature/Services/Markdown/CodeblockFilepathProcessorTest.php" line="81" class="Hyde\Framework\Testing\Feature\Services\Markdown\CodeblockFilepathProcessorTest" classname="Hyde.Framework.Testing.Feature.Services.Markdown.CodeblockFilepathProcessorTest" assertions="1" time="0.003175"/>
        <testcase name="testPreprocessAcceptsMultiLineCodeblocks" file="/home/runner/work/develop/develop/packages/framework/tests/Feature/Services/Markdown/CodeblockFilepathProcessorTest.php" line="112" class="Hyde\Framework\Testing\Feature\Services\Markdown\CodeblockFilepathProcessorTest" classname="Hyde.Framework.Testing.Feature.Services.Markdown.CodeblockFilepathProcessorTest" assertions="1" time="0.003152"/>
        <testcase name="testSpaceAfterFilepathIsOptional" file="/home/runner/work/develop/develop/packages/framework/tests/Feature/Services/Markdown/CodeblockFilepathProcessorTest.php" line="137" class="Hyde\Framework\Testing\Feature\Services\Markdown\CodeblockFilepathProcessorTest" classname="Hyde.Framework.Testing.Feature.Services.Markdown.CodeblockFilepathProcessorTest" assertions="1" time="0.003132"/>
        <testcase name="testProcessorExpandsFilepathDirectiveInStandardCodeblock" file="/home/runner/work/develop/develop/packages/framework/tests/Feature/Services/Markdown/CodeblockFilepathProcessorTest.php" line="160" class="Hyde\Framework\Testing\Feature\Services\Markdown\CodeblockFilepathProcessorTest" classname="Hyde.Framework.Testing.Feature.Services.Markdown.CodeblockFilepathProcessorTest" assertions="1" time="0.004166"/>
        <testcase name="testProcessorExpandsFilepathDirectiveInTorchlightCodeblock" file="/home/runner/work/develop/develop/packages/framework/tests/Feature/Services/Markdown/CodeblockFilepathProcessorTest.php" line="174" class="Hyde\Framework\Testing\Feature\Services\Markdown\CodeblockFilepathProcessorTest" classname="Hyde.Framework.Testing.Feature.Services.Markdown.CodeblockFilepathProcessorTest" assertions="1" time="0.003730"/>
        <testcase name="testProcessorEscapesHtmlByDefault" file="/home/runner/work/develop/develop/packages/framework/tests/Feature/Services/Markdown/CodeblockFilepathProcessorTest.php" line="188" class="Hyde\Framework\Testing\Feature\Services\Markdown\CodeblockFilepathProcessorTest" classname="Hyde.Framework.Testing.Feature.Services.Markdown.CodeblockFilepathProcessorTest" assertions="1" time="0.003764"/>
        <testcase name="testProcessorDoesNotEscapeHtmlIfConfigured" file="/home/runner/work/develop/develop/packages/framework/tests/Feature/Services/Markdown/CodeblockFilepathProcessorTest.php" line="203" class="Hyde\Framework\Testing\Feature\Services\Markdown\CodeblockFilepathProcessorTest" classname="Hyde.Framework.Testing.Feature.Services.Markdown.CodeblockFilepathProcessorTest" assertions="1" time="0.003775"/>
      </testsuite>
      <testsuite name="Hyde\Framework\Testing\Feature\Services\Markdown\ShortcodeProcessorTest" file="/home/runner/work/develop/develop/packages/framework/tests/Feature/Services/Markdown/ShortcodeProcessorTest.php" tests="6" assertions="9" errors="0" failures="0" skipped="0" time="0.011487">
        <testcase name="testConstructorDiscoversDefaultShortcodes" file="/home/runner/work/develop/develop/packages/framework/tests/Feature/Services/Markdown/ShortcodeProcessorTest.php" line="16" class="Hyde\Framework\Testing\Feature\Services\Markdown\ShortcodeProcessorTest" classname="Hyde.Framework.Testing.Feature.Services.Markdown.ShortcodeProcessorTest" assertions="2" time="0.001742"/>
        <testcase name="testDiscoveredShortcodesAreUsedToProcessInput" file="/home/runner/work/develop/develop/packages/framework/tests/Feature/Services/Markdown/ShortcodeProcessorTest.php" line="24" class="Hyde\Framework\Testing\Feature\Services\Markdown\ShortcodeProcessorTest" classname="Hyde.Framework.Testing.Feature.Services.Markdown.ShortcodeProcessorTest" assertions="1" time="0.002583"/>
        <testcase name="testStringWithoutShortcodeIsNotModified" file="/home/runner/work/develop/develop/packages/framework/tests/Feature/Services/Markdown/ShortcodeProcessorTest.php" line="32" class="Hyde\Framework\Testing\Feature\Services\Markdown\ShortcodeProcessorTest" classname="Hyde.Framework.Testing.Feature.Services.Markdown.ShortcodeProcessorTest" assertions="1" time="0.001521"/>
        <testcase name="testProcessStaticShorthand" file="/home/runner/work/develop/develop/packages/framework/tests/Feature/Services/Markdown/ShortcodeProcessorTest.php" line="39" class="Hyde\Framework\Testing\Feature\Services\Markdown\ShortcodeProcessorTest" classname="Hyde.Framework.Testing.Feature.Services.Markdown.ShortcodeProcessorTest" assertions="1" time="0.002384"/>
        <testcase name="testShortcodesCanBeAddedToProcessor" file="/home/runner/work/develop/develop/packages/framework/tests/Feature/Services/Markdown/ShortcodeProcessorTest.php" line="45" class="Hyde\Framework\Testing\Feature\Services\Markdown\ShortcodeProcessorTest" classname="Hyde.Framework.Testing.Feature.Services.Markdown.ShortcodeProcessorTest" assertions="2" time="0.001616"/>
        <testcase name="testShortcodesCanBeAddedToProcessorUsingArray" file="/home/runner/work/develop/develop/packages/framework/tests/Feature/Services/Markdown/ShortcodeProcessorTest.php" line="66" class="Hyde\Framework\Testing\Feature\Services\Markdown\ShortcodeProcessorTest" classname="Hyde.Framework.Testing.Feature.Services.Markdown.ShortcodeProcessorTest" assertions="2" time="0.001641"/>
      </testsuite>
      <testsuite name="Hyde\Framework\Testing\Feature\Services\RssFeedServiceTest" file="/home/runner/work/develop/develop/packages/framework/tests/Feature/Services/RssFeedServiceTest.php" tests="12" assertions="35" errors="0" failures="0" skipped="0" time="0.061177">
        <testcase name="testServiceInstantiatesXmlElement" file="/home/runner/work/develop/develop/packages/framework/tests/Feature/Services/RssFeedServiceTest.php" line="19" class="Hyde\Framework\Testing\Feature\Services\RssFeedServiceTest" classname="Hyde.Framework.Testing.Feature.Services.RssFeedServiceTest" assertions="1" time="0.003604"/>
        <testcase name="testXmlRootElementIsSetToRss20" file="/home/runner/work/develop/develop/packages/framework/tests/Feature/Services/RssFeedServiceTest.php" line="25" class="Hyde\Framework\Testing\Feature\Services\RssFeedServiceTest" classname="Hyde.Framework.Testing.Feature.Services.RssFeedServiceTest" assertions="2" time="0.003624"/>
        <testcase name="testXmlElementHasChannelElement" file="/home/runner/work/develop/develop/packages/framework/tests/Feature/Services/RssFeedServiceTest.php" line="32" class="Hyde\Framework\Testing\Feature\Services\RssFeedServiceTest" classname="Hyde.Framework.Testing.Feature.Services.RssFeedServiceTest" assertions="1" time="0.003489"/>
        <testcase name="testXmlChannelElementHasRequiredElements" file="/home/runner/work/develop/develop/packages/framework/tests/Feature/Services/RssFeedServiceTest.php" line="38" class="Hyde\Framework\Testing\Feature\Services\RssFeedServiceTest" classname="Hyde.Framework.Testing.Feature.Services.RssFeedServiceTest" assertions="6" time="0.004009"/>
        <testcase name="testXmlChannelElementHasAdditionalElements" file="/home/runner/work/develop/develop/packages/framework/tests/Feature/Services/RssFeedServiceTest.php" line="54" class="Hyde\Framework\Testing\Feature\Services\RssFeedServiceTest" classname="Hyde.Framework.Testing.Feature.Services.RssFeedServiceTest" assertions="6" time="0.003995"/>
        <testcase name="testXmlChannelDataCanBeCustomized" file="/home/runner/work/develop/develop/packages/framework/tests/Feature/Services/RssFeedServiceTest.php" line="69" class="Hyde\Framework\Testing\Feature\Services\RssFeedServiceTest" classname="Hyde.Framework.Testing.Feature.Services.RssFeedServiceTest" assertions="3" time="0.003763"/>
        <testcase name="testMarkdownBlogPostsAreAddedToRssFeedThroughAutodiscovery" file="/home/runner/work/develop/develop/packages/framework/tests/Feature/Services/RssFeedServiceTest.php" line="81" class="Hyde\Framework\Testing\Feature\Services\RssFeedServiceTest" classname="Hyde.Framework.Testing.Feature.Services.RssFeedServiceTest" assertions="11" time="0.012087"/>
        <testcase name="testGetXmlMethodReturnsXmlString" file="/home/runner/work/develop/develop/packages/framework/tests/Feature/Services/RssFeedServiceTest.php" line="124" class="Hyde\Framework\Testing\Feature\Services\RssFeedServiceTest" classname="Hyde.Framework.Testing.Feature.Services.RssFeedServiceTest" assertions="1" time="0.003384"/>
        <testcase name="testGenerateFeedHelperReturnsXmlString" file="/home/runner/work/develop/develop/packages/framework/tests/Feature/Services/RssFeedServiceTest.php" line="130" class="Hyde\Framework\Testing\Feature\Services\RssFeedServiceTest" classname="Hyde.Framework.Testing.Feature.Services.RssFeedServiceTest" assertions="1" time="0.007447"/>
        <testcase name="testCanGenerateFeedHelperReturnsTrueIfHydeHasBaseUrl" file="/home/runner/work/develop/develop/packages/framework/tests/Feature/Services/RssFeedServiceTest.php" line="135" class="Hyde\Framework\Testing\Feature\Services\RssFeedServiceTest" classname="Hyde.Framework.Testing.Feature.Services.RssFeedServiceTest" assertions="1" time="0.008890"/>
        <testcase name="testCanGenerateFeedHelperReturnsFalseIfHydeDoesNotHaveBaseUrl" file="/home/runner/work/develop/develop/packages/framework/tests/Feature/Services/RssFeedServiceTest.php" line="142" class="Hyde\Framework\Testing\Feature\Services\RssFeedServiceTest" classname="Hyde.Framework.Testing.Feature.Services.RssFeedServiceTest" assertions="1" time="0.003543"/>
        <testcase name="testCanGenerateFeedHelperReturnsFalseIfFeedsAreDisabledInConfig" file="/home/runner/work/develop/develop/packages/framework/tests/Feature/Services/RssFeedServiceTest.php" line="149" class="Hyde\Framework\Testing\Feature\Services\RssFeedServiceTest" classname="Hyde.Framework.Testing.Feature.Services.RssFeedServiceTest" assertions="1" time="0.003342"/>
      </testsuite>
      <testsuite name="Hyde\Framework\Testing\Feature\Services\SitemapServiceTest" file="/home/runner/work/develop/develop/packages/framework/tests/Feature/Services/SitemapServiceTest.php" tests="12" assertions="23" errors="0" failures="0" skipped="0" time="0.114584">
        <testcase name="testServiceInstantiatesXmlElement" file="/home/runner/work/develop/develop/packages/framework/tests/Feature/Services/SitemapServiceTest.php" line="29" class="Hyde\Framework\Testing\Feature\Services\SitemapServiceTest" classname="Hyde.Framework.Testing.Feature.Services.SitemapServiceTest" assertions="1" time="0.004040"/>
        <testcase name="testGenerateAddsDefaultPagesToXml" file="/home/runner/work/develop/develop/packages/framework/tests/Feature/Services/SitemapServiceTest.php" line="35" class="Hyde\Framework\Testing\Feature\Services\SitemapServiceTest" classname="Hyde.Framework.Testing.Feature.Services.SitemapServiceTest" assertions="1" time="0.007864"/>
        <testcase name="testGenerateAddsMarkdownPagesToXml" file="/home/runner/work/develop/develop/packages/framework/tests/Feature/Services/SitemapServiceTest.php" line="44" class="Hyde\Framework\Testing\Feature\Services\SitemapServiceTest" classname="Hyde.Framework.Testing.Feature.Services.SitemapServiceTest" assertions="1" time="0.008881"/>
        <testcase name="testGenerateAddsMarkdownPostsToXml" file="/home/runner/work/develop/develop/packages/framework/tests/Feature/Services/SitemapServiceTest.php" line="56" class="Hyde\Framework\Testing\Feature\Services\SitemapServiceTest" classname="Hyde.Framework.Testing.Feature.Services.SitemapServiceTest" assertions="1" time="0.011931"/>
        <testcase name="testGenerateAddsDocumentationPagesToXml" file="/home/runner/work/develop/develop/packages/framework/tests/Feature/Services/SitemapServiceTest.php" line="68" class="Hyde\Framework\Testing\Feature\Services\SitemapServiceTest" classname="Hyde.Framework.Testing.Feature.Services.SitemapServiceTest" assertions="1" time="0.011296"/>
        <testcase name="testGetXmlReturnsXmlString" file="/home/runner/work/develop/develop/packages/framework/tests/Feature/Services/SitemapServiceTest.php" line="80" class="Hyde\Framework\Testing\Feature\Services\SitemapServiceTest" classname="Hyde.Framework.Testing.Feature.Services.SitemapServiceTest" assertions="2" time="0.009111"/>
        <testcase name="testGenerateSitemapShorthandMethodReturnsXmlString" file="/home/runner/work/develop/develop/packages/framework/tests/Feature/Services/SitemapServiceTest.php" line="90" class="Hyde\Framework\Testing\Feature\Services\SitemapServiceTest" classname="Hyde.Framework.Testing.Feature.Services.SitemapServiceTest" assertions="2" time="0.009136"/>
        <testcase name="testUrlItemIsGeneratedCorrectly" file="/home/runner/work/develop/develop/packages/framework/tests/Feature/Services/SitemapServiceTest.php" line="98" class="Hyde\Framework\Testing\Feature\Services\SitemapServiceTest" classname="Hyde.Framework.Testing.Feature.Services.SitemapServiceTest" assertions="3" time="0.014905"/>
        <testcase name="testUrlItemIsGeneratedWithPrettyUrlsIfEnabled" file="/home/runner/work/develop/develop/packages/framework/tests/Feature/Services/SitemapServiceTest.php" line="115" class="Hyde\Framework\Testing\Feature\Services\SitemapServiceTest" classname="Hyde.Framework.Testing.Feature.Services.SitemapServiceTest" assertions="1" time="0.009401"/>
        <testcase name="testAllRouteTypesAreDiscovered" file="/home/runner/work/develop/develop/packages/framework/tests/Feature/Services/SitemapServiceTest.php" line="130" class="Hyde\Framework\Testing\Feature\Services\SitemapServiceTest" classname="Hyde.Framework.Testing.Feature.Services.SitemapServiceTest" assertions="6" time="0.012881"/>
        <testcase name="testLinksFallbackToRelativeLinksWhenASiteUrlIsNotSet" file="/home/runner/work/develop/develop/packages/framework/tests/Feature/Services/SitemapServiceTest.php" line="162" class="Hyde\Framework\Testing\Feature\Services\SitemapServiceTest" classname="Hyde.Framework.Testing.Feature.Services.SitemapServiceTest" assertions="2" time="0.007342"/>
        <testcase name="testLinksFallbackToRelativeLinksWhenSiteUrlIsLocalhost" file="/home/runner/work/develop/develop/packages/framework/tests/Feature/Services/SitemapServiceTest.php" line="173" class="Hyde\Framework\Testing\Feature\Services\SitemapServiceTest" classname="Hyde.Framework.Testing.Feature.Services.SitemapServiceTest" assertions="2" time="0.007795"/>
      </testsuite>
      <testsuite name="Hyde\Framework\Testing\Feature\Services\ValidationServiceTest" file="/home/runner/work/develop/develop/packages/framework/tests/Feature/Services/ValidationServiceTest.php" tests="24" assertions="63" errors="0" failures="0" skipped="0" time="0.112270">
        <testcase name="testChecksReturnsAnArrayOfValidationCheckMethods" file="/home/runner/work/develop/develop/packages/framework/tests/Feature/Services/ValidationServiceTest.php" line="40" class="Hyde\Framework\Testing\Feature\Services\ValidationServiceTest" classname="Hyde.Framework.Testing.Feature.Services.ValidationServiceTest" assertions="17" time="0.004579"/>
        <testcase name="testCheckValidatorsCanRun" file="/home/runner/work/develop/develop/packages/framework/tests/Feature/Services/ValidationServiceTest.php" line="52" class="Hyde\Framework\Testing\Feature\Services\ValidationServiceTest" classname="Hyde.Framework.Testing.Feature.Services.ValidationServiceTest" assertions="2" time="0.003289"/>
        <testcase name="testCheckSiteHasA404PageCanPass" file="/home/runner/work/develop/develop/packages/framework/tests/Feature/Services/ValidationServiceTest.php" line="57" class="Hyde\Framework\Testing\Feature\Services\ValidationServiceTest" classname="Hyde.Framework.Testing.Feature.Services.ValidationServiceTest" assertions="2" time="0.003376"/>
        <testcase name="testCheckSiteHasA404PageCanFail" file="/home/runner/work/develop/develop/packages/framework/tests/Feature/Services/ValidationServiceTest.php" line="62" class="Hyde\Framework\Testing\Feature\Services\ValidationServiceTest" classname="Hyde.Framework.Testing.Feature.Services.ValidationServiceTest" assertions="2" time="0.003538"/>
        <testcase name="testCheckDocumentationSiteHasAnIndexPageCanPass" file="/home/runner/work/develop/develop/packages/framework/tests/Feature/Services/ValidationServiceTest.php" line="69" class="Hyde\Framework\Testing\Feature\Services\ValidationServiceTest" classname="Hyde.Framework.Testing.Feature.Services.ValidationServiceTest" assertions="2" time="0.008705"/>
        <testcase name="testCheckDocumentationSiteHasAnIndexPageCanPassWithWarningWhenOnlyFindingReadme" file="/home/runner/work/develop/develop/packages/framework/tests/Feature/Services/ValidationServiceTest.php" line="76" class="Hyde\Framework\Testing\Feature\Services\ValidationServiceTest" classname="Hyde.Framework.Testing.Feature.Services.ValidationServiceTest" assertions="3" time="0.008796"/>
        <testcase name="testCheckDocumentationSiteHasAnIndexPageCanFail" file="/home/runner/work/develop/develop/packages/framework/tests/Feature/Services/ValidationServiceTest.php" line="85" class="Hyde\Framework\Testing\Feature\Services\ValidationServiceTest" classname="Hyde.Framework.Testing.Feature.Services.ValidationServiceTest" assertions="2" time="0.008464"/>
        <testcase name="testCheckDocumentationSiteHasAnIndexPageBeSkipped" file="/home/runner/work/develop/develop/packages/framework/tests/Feature/Services/ValidationServiceTest.php" line="92" class="Hyde\Framework\Testing\Feature\Services\ValidationServiceTest" classname="Hyde.Framework.Testing.Feature.Services.ValidationServiceTest" assertions="2" time="0.007223"/>
        <testcase name="testCheckSiteHasAnIndexPageCanPass" file="/home/runner/work/develop/develop/packages/framework/tests/Feature/Services/ValidationServiceTest.php" line="97" class="Hyde\Framework\Testing\Feature\Services\ValidationServiceTest" classname="Hyde.Framework.Testing.Feature.Services.ValidationServiceTest" assertions="2" time="0.003283"/>
        <testcase name="testCheckSiteHasAnIndexPageCanFail" file="/home/runner/work/develop/develop/packages/framework/tests/Feature/Services/ValidationServiceTest.php" line="102" class="Hyde\Framework\Testing\Feature\Services\ValidationServiceTest" classname="Hyde.Framework.Testing.Feature.Services.ValidationServiceTest" assertions="2" time="0.003591"/>
        <testcase name="testCheckSiteHasAnAppCssStylesheetCanPass" file="/home/runner/work/develop/develop/packages/framework/tests/Feature/Services/ValidationServiceTest.php" line="109" class="Hyde\Framework\Testing\Feature\Services\ValidationServiceTest" classname="Hyde.Framework.Testing.Feature.Services.ValidationServiceTest" assertions="2" time="0.003464"/>
        <testcase name="testCheckSiteHasAnAppCssStylesheetCanFail" file="/home/runner/work/develop/develop/packages/framework/tests/Feature/Services/ValidationServiceTest.php" line="114" class="Hyde\Framework\Testing\Feature\Services\ValidationServiceTest" classname="Hyde.Framework.Testing.Feature.Services.ValidationServiceTest" assertions="2" time="0.003695"/>
        <testcase name="testCheckSiteHasABaseUrlSetCanPass" file="/home/runner/work/develop/develop/packages/framework/tests/Feature/Services/ValidationServiceTest.php" line="121" class="Hyde\Framework\Testing\Feature\Services\ValidationServiceTest" classname="Hyde.Framework.Testing.Feature.Services.ValidationServiceTest" assertions="2" time="0.003426"/>
        <testcase name="testCheckSiteHasABaseUrlSetCanFail" file="/home/runner/work/develop/develop/packages/framework/tests/Feature/Services/ValidationServiceTest.php" line="127" class="Hyde\Framework\Testing\Feature\Services\ValidationServiceTest" classname="Hyde.Framework.Testing.Feature.Services.ValidationServiceTest" assertions="2" time="0.003413"/>
        <testcase name="testCheckATorchlightApiTokenIsSetCanSkip" file="/home/runner/work/develop/develop/packages/framework/tests/Feature/Services/ValidationServiceTest.php" line="133" class="Hyde\Framework\Testing\Feature\Services\ValidationServiceTest" classname="Hyde.Framework.Testing.Feature.Services.ValidationServiceTest" assertions="2" time="0.003412"/>
        <testcase name="testCheckATorchlightApiTokenIsSetCanPass" file="/home/runner/work/develop/develop/packages/framework/tests/Feature/Services/ValidationServiceTest.php" line="139" class="Hyde\Framework\Testing\Feature\Services\ValidationServiceTest" classname="Hyde.Framework.Testing.Feature.Services.ValidationServiceTest" assertions="2" time="0.003437"/>
        <testcase name="testCheckATorchlightApiTokenIsSetCanFail" file="/home/runner/work/develop/develop/packages/framework/tests/Feature/Services/ValidationServiceTest.php" line="145" class="Hyde\Framework\Testing\Feature\Services\ValidationServiceTest" classname="Hyde.Framework.Testing.Feature.Services.ValidationServiceTest" assertions="2" time="0.003423"/>
        <testcase name="testCheckForConflictsBetweenBladeAndMarkdownPagesCanPass" file="/home/runner/work/develop/develop/packages/framework/tests/Feature/Services/ValidationServiceTest.php" line="151" class="Hyde\Framework\Testing\Feature\Services\ValidationServiceTest" classname="Hyde.Framework.Testing.Feature.Services.ValidationServiceTest" assertions="2" time="0.008370"/>
        <testcase name="testCheckForConflictsBetweenBladeAndMarkdownPagesCanFail" file="/home/runner/work/develop/develop/packages/framework/tests/Feature/Services/ValidationServiceTest.php" line="156" class="Hyde\Framework\Testing\Feature\Services\ValidationServiceTest" classname="Hyde.Framework.Testing.Feature.Services.ValidationServiceTest" assertions="2" time="0.008607"/>
        <testcase name="testValidationResultMessageReturnsMessage" file="/home/runner/work/develop/develop/packages/framework/tests/Feature/Services/ValidationServiceTest.php" line="165" class="Hyde\Framework\Testing\Feature\Services\ValidationServiceTest" classname="Hyde.Framework.Testing.Feature.Services.ValidationServiceTest" assertions="1" time="0.003050"/>
        <testcase name="testValidationResultPassedReturnsTrueWhenPassedIsTrue" file="/home/runner/work/develop/develop/packages/framework/tests/Feature/Services/ValidationServiceTest.php" line="171" class="Hyde\Framework\Testing\Feature\Services\ValidationServiceTest" classname="Hyde.Framework.Testing.Feature.Services.ValidationServiceTest" assertions="2" time="0.003294"/>
        <testcase name="testValidationResultFailedReturnsTrueWhenPassedIsFalse" file="/home/runner/work/develop/develop/packages/framework/tests/Feature/Services/ValidationServiceTest.php" line="180" class="Hyde\Framework\Testing\Feature\Services\ValidationServiceTest" classname="Hyde.Framework.Testing.Feature.Services.ValidationServiceTest" assertions="2" time="0.003320"/>
        <testcase name="testValidationResultSkippedReturnsTrueWhenSkippedIsTrue" file="/home/runner/work/develop/develop/packages/framework/tests/Feature/Services/ValidationServiceTest.php" line="189" class="Hyde\Framework\Testing\Feature\Services\ValidationServiceTest" classname="Hyde.Framework.Testing.Feature.Services.ValidationServiceTest" assertions="2" time="0.003264"/>
        <testcase name="testValidationResultTipReturnsMessageWhenSet" file="/home/runner/work/develop/develop/packages/framework/tests/Feature/Services/ValidationServiceTest.php" line="197" class="Hyde\Framework\Testing\Feature\Services\ValidationServiceTest" classname="Hyde.Framework.Testing.Feature.Services.ValidationServiceTest" assertions="2" time="0.003253"/>
      </testsuite>
      <testsuite name="Hyde\Framework\Testing\Feature\Services\ViewDiffServiceTest" file="/home/runner/work/develop/develop/packages/framework/tests/Feature/Services/ViewDiffServiceTest.php" tests="4" assertions="8" errors="0" failures="0" skipped="0" time="0.029741">
        <testcase name="testGetFilecache" file="/home/runner/work/develop/develop/packages/framework/tests/Feature/Services/ViewDiffServiceTest.php" line="19" class="Hyde\Framework\Testing\Feature\Services\ViewDiffServiceTest" classname="Hyde.Framework.Testing.Feature.Services.ViewDiffServiceTest" assertions="4" time="0.008198"/>
        <testcase name="testGetChecksums" file="/home/runner/work/develop/develop/packages/framework/tests/Feature/Services/ViewDiffServiceTest.php" line="30" class="Hyde\Framework\Testing\Feature\Services\ViewDiffServiceTest" classname="Hyde.Framework.Testing.Feature.Services.ViewDiffServiceTest" assertions="2" time="0.007246"/>
        <testcase name="testChecksumMatchesAny" file="/home/runner/work/develop/develop/packages/framework/tests/Feature/Services/ViewDiffServiceTest.php" line="39" class="Hyde\Framework\Testing\Feature\Services\ViewDiffServiceTest" classname="Hyde.Framework.Testing.Feature.Services.ViewDiffServiceTest" assertions="1" time="0.007215"/>
        <testcase name="testChecksumMatchesAnyFalse" file="/home/runner/work/develop/develop/packages/framework/tests/Feature/Services/ViewDiffServiceTest.php" line="48" class="Hyde\Framework\Testing\Feature\Services\ViewDiffServiceTest" classname="Hyde.Framework.Testing.Feature.Services.ViewDiffServiceTest" assertions="1" time="0.007082"/>
      </testsuite>
      <testsuite name="Hyde\Framework\Testing\Feature\SidebarViewTest" file="/home/runner/work/develop/develop/packages/framework/tests/Feature/SidebarViewTest.php" tests="7" assertions="60" errors="0" failures="0" skipped="0" time="0.088358">
        <testcase name="testBaseSidebar" file="/home/runner/work/develop/develop/packages/framework/tests/Feature/SidebarViewTest.php" line="32" class="Hyde\Framework\Testing\Feature\SidebarViewTest" classname="Hyde.Framework.Testing.Feature.SidebarViewTest" assertions="12" time="0.011537"/>
        <testcase name="testBaseSidebarWithoutFooter" file="/home/runner/work/develop/develop/packages/framework/tests/Feature/SidebarViewTest.php" line="53" class="Hyde\Framework\Testing\Feature\SidebarViewTest" classname="Hyde.Framework.Testing.Feature.SidebarViewTest" assertions="2" time="0.008864"/>
        <testcase name="testBaseSidebarWithCustomFooterText" file="/home/runner/work/develop/develop/packages/framework/tests/Feature/SidebarViewTest.php" line="62" class="Hyde\Framework\Testing\Feature\SidebarViewTest" classname="Hyde.Framework.Testing.Feature.SidebarViewTest" assertions="4" time="0.010264"/>
        <testcase name="testBaseSidebarCustomHeaderBrand" file="/home/runner/work/develop/develop/packages/framework/tests/Feature/SidebarViewTest.php" line="73" class="Hyde\Framework\Testing\Feature\SidebarViewTest" classname="Hyde.Framework.Testing.Feature.SidebarViewTest" assertions="4" time="0.009675"/>
        <testcase name="testBaseSidebarWithItems" file="/home/runner/work/develop/develop/packages/framework/tests/Feature/SidebarViewTest.php" line="85" class="Hyde\Framework\Testing\Feature\SidebarViewTest" classname="Hyde.Framework.Testing.Feature.SidebarViewTest" assertions="6" time="0.014266"/>
        <testcase name="testSidebarWithGroupedItems" file="/home/runner/work/develop/develop/packages/framework/tests/Feature/SidebarViewTest.php" line="103" class="Hyde\Framework\Testing\Feature\SidebarViewTest" classname="Hyde.Framework.Testing.Feature.SidebarViewTest" assertions="16" time="0.016871"/>
        <testcase name="testSidebarWithNonCollapsibleGroupedItems" file="/home/runner/work/develop/develop/packages/framework/tests/Feature/SidebarViewTest.php" line="134" class="Hyde\Framework\Testing\Feature\SidebarViewTest" classname="Hyde.Framework.Testing.Feature.SidebarViewTest" assertions="16" time="0.016880"/>
      </testsuite>
      <testsuite name="Hyde\Framework\Testing\Feature\SiteTest" file="/home/runner/work/develop/develop/packages/framework/tests/Feature/SiteTest.php" tests="4" assertions="10" errors="0" failures="0" skipped="0" time="0.017817">
        <testcase name="testUrl" file="/home/runner/work/develop/develop/packages/framework/tests/Feature/SiteTest.php" line="16" class="Hyde\Framework\Testing\Feature\SiteTest" classname="Hyde.Framework.Testing.Feature.SiteTest" assertions="3" time="0.003286"/>
        <testcase name="testName" file="/home/runner/work/develop/develop/packages/framework/tests/Feature/SiteTest.php" line="27" class="Hyde\Framework\Testing\Feature\SiteTest" classname="Hyde.Framework.Testing.Feature.SiteTest" assertions="3" time="0.003275"/>
        <testcase name="testLanguage" file="/home/runner/work/develop/develop/packages/framework/tests/Feature/SiteTest.php" line="38" class="Hyde\Framework\Testing\Feature\SiteTest" classname="Hyde.Framework.Testing.Feature.SiteTest" assertions="3" time="0.003305"/>
        <testcase name="testMetadata" file="/home/runner/work/develop/develop/packages/framework/tests/Feature/SiteTest.php" line="49" class="Hyde\Framework\Testing\Feature\SiteTest" classname="Hyde.Framework.Testing.Feature.SiteTest" assertions="1" time="0.007951"/>
      </testsuite>
      <testsuite name="Hyde\Framework\Testing\Feature\SourceDirectoriesCanBeChangedTest" file="/home/runner/work/develop/develop/packages/framework/tests/Feature/SourceDirectoriesCanBeChangedTest.php" tests="6" assertions="18" errors="0" failures="0" skipped="0" time="0.033475">
        <testcase name="testBaselines" file="/home/runner/work/develop/develop/packages/framework/tests/Feature/SourceDirectoriesCanBeChangedTest.php" line="20" class="Hyde\Framework\Testing\Feature\SourceDirectoriesCanBeChangedTest" classname="Hyde.Framework.Testing.Feature.SourceDirectoriesCanBeChangedTest" assertions="5" time="0.003268"/>
        <testcase name="testSourceDirectoriesCanBeChangedProgrammatically" file="/home/runner/work/develop/develop/packages/framework/tests/Feature/SourceDirectoriesCanBeChangedTest.php" line="29" class="Hyde\Framework\Testing\Feature\SourceDirectoriesCanBeChangedTest" classname="Hyde.Framework.Testing.Feature.SourceDirectoriesCanBeChangedTest" assertions="5" time="0.003324"/>
        <testcase name="testSourceDirectoriesCanBeChangedInConfig" file="/home/runner/work/develop/develop/packages/framework/tests/Feature/SourceDirectoriesCanBeChangedTest.php" line="44" class="Hyde\Framework\Testing\Feature\SourceDirectoriesCanBeChangedTest" classname="Hyde.Framework.Testing.Feature.SourceDirectoriesCanBeChangedTest" assertions="5" time="0.004801"/>
        <testcase name="testBuildServiceRecognizesChangedDirectory" file="/home/runner/work/develop/develop/packages/framework/tests/Feature/SourceDirectoriesCanBeChangedTest.php" line="63" class="Hyde\Framework\Testing\Feature\SourceDirectoriesCanBeChangedTest" classname="Hyde.Framework.Testing.Feature.SourceDirectoriesCanBeChangedTest" assertions="1" time="0.003041"/>
        <testcase name="testAutodiscoveryDiscoversPostsInCustomDirectory" file="/home/runner/work/develop/develop/packages/framework/tests/Feature/SourceDirectoriesCanBeChangedTest.php" line="73" class="Hyde\Framework\Testing\Feature\SourceDirectoriesCanBeChangedTest" classname="Hyde.Framework.Testing.Feature.SourceDirectoriesCanBeChangedTest" assertions="1" time="0.009697"/>
        <testcase name="testAutodiscoveryDiscoversPostsInCustomSubdirectory" file="/home/runner/work/develop/develop/packages/framework/tests/Feature/SourceDirectoriesCanBeChangedTest.php" line="86" class="Hyde\Framework\Testing\Feature\SourceDirectoriesCanBeChangedTest" classname="Hyde.Framework.Testing.Feature.SourceDirectoriesCanBeChangedTest" assertions="1" time="0.009345"/>
      </testsuite>
      <testsuite name="Hyde\Framework\Testing\Feature\SourceFileParserTest" file="/home/runner/work/develop/develop/packages/framework/tests/Feature/SourceFileParserTest.php" tests="8" assertions="20" errors="0" failures="0" skipped="0" time="0.042586">
        <testcase name="testBladePageParser" file="/home/runner/work/develop/develop/packages/framework/tests/Feature/SourceFileParserTest.php" line="20" class="Hyde\Framework\Testing\Feature\SourceFileParserTest" classname="Hyde.Framework.Testing.Feature.SourceFileParserTest" assertions="2" time="0.005076"/>
        <testcase name="testMarkdownPageParser" file="/home/runner/work/develop/develop/packages/framework/tests/Feature/SourceFileParserTest.php" line="30" class="Hyde\Framework\Testing\Feature\SourceFileParserTest" classname="Hyde.Framework.Testing.Feature.SourceFileParserTest" assertions="4" time="0.005506"/>
        <testcase name="testMarkdownPostParser" file="/home/runner/work/develop/develop/packages/framework/tests/Feature/SourceFileParserTest.php" line="42" class="Hyde\Framework\Testing\Feature\SourceFileParserTest" classname="Hyde.Framework.Testing.Feature.SourceFileParserTest" assertions="4" time="0.006020"/>
        <testcase name="testDocumentationPageParser" file="/home/runner/work/develop/develop/packages/framework/tests/Feature/SourceFileParserTest.php" line="54" class="Hyde\Framework\Testing\Feature\SourceFileParserTest" classname="Hyde.Framework.Testing.Feature.SourceFileParserTest" assertions="4" time="0.005491"/>
        <testcase name="testHtmlPageParser" file="/home/runner/work/develop/develop/packages/framework/tests/Feature/SourceFileParserTest.php" line="66" class="Hyde\Framework\Testing\Feature\SourceFileParserTest" classname="Hyde.Framework.Testing.Feature.SourceFileParserTest" assertions="3" time="0.005077"/>
        <testcase name="testParsedPageIsRunThroughDynamicConstructor" file="/home/runner/work/develop/develop/packages/framework/tests/Feature/SourceFileParserTest.php" line="77" class="Hyde\Framework\Testing\Feature\SourceFileParserTest" classname="Hyde.Framework.Testing.Feature.SourceFileParserTest" assertions="1" time="0.005298"/>
        <testcase name="testBladePageDataIsParsedToFrontMatter" file="/home/runner/work/develop/develop/packages/framework/tests/Feature/SourceFileParserTest.php" line="84" class="Hyde\Framework\Testing\Feature\SourceFileParserTest" classname="Hyde.Framework.Testing.Feature.SourceFileParserTest" assertions="1" time="0.005100"/>
        <testcase name="testBladePageMatterIsUsedForThePageTitle" file="/home/runner/work/develop/develop/packages/framework/tests/Feature/SourceFileParserTest.php" line="91" class="Hyde\Framework\Testing\Feature\SourceFileParserTest" classname="Hyde.Framework.Testing.Feature.SourceFileParserTest" assertions="1" time="0.005020"/>
      </testsuite>
      <testsuite name="Hyde\Framework\Testing\Feature\StaticPageBuilderTest" file="/home/runner/work/develop/develop/packages/framework/tests/Feature/StaticPageBuilderTest.php" tests="13" assertions="73" errors="0" failures="0" skipped="0" time="0.212627">
        <testcase name="testCanBuildBladePage" file="/home/runner/work/develop/develop/packages/framework/tests/Feature/StaticPageBuilderTest.php" line="55" class="Hyde\Framework\Testing\Feature\StaticPageBuilderTest" classname="Hyde.Framework.Testing.Feature.StaticPageBuilderTest" assertions="3" time="0.010390"/>
        <testcase name="testCanBuildMarkdownPost" file="/home/runner/work/develop/develop/packages/framework/tests/Feature/StaticPageBuilderTest.php" line="70" class="Hyde\Framework\Testing\Feature\StaticPageBuilderTest" classname="Hyde.Framework.Testing.Feature.StaticPageBuilderTest" assertions="10" time="0.018825"/>
        <testcase name="testCanBuildMarkdownPage" file="/home/runner/work/develop/develop/packages/framework/tests/Feature/StaticPageBuilderTest.php" line="83" class="Hyde\Framework\Testing\Feature\StaticPageBuilderTest" classname="Hyde.Framework.Testing.Feature.StaticPageBuilderTest" assertions="10" time="0.016851"/>
        <testcase name="testCanBuildDocumentationPage" file="/home/runner/work/develop/develop/packages/framework/tests/Feature/StaticPageBuilderTest.php" line="94" class="Hyde\Framework\Testing\Feature\StaticPageBuilderTest" classname="Hyde.Framework.Testing.Feature.StaticPageBuilderTest" assertions="10" time="0.018760"/>
        <testcase name="testCanBuildHtmlPage" file="/home/runner/work/develop/develop/packages/framework/tests/Feature/StaticPageBuilderTest.php" line="104" class="Hyde\Framework\Testing\Feature\StaticPageBuilderTest" classname="Hyde.Framework.Testing.Feature.StaticPageBuilderTest" assertions="3" time="0.009710"/>
        <testcase name="testCanBuildNestedHtmlPage" file="/home/runner/work/develop/develop/packages/framework/tests/Feature/StaticPageBuilderTest.php" line="116" class="Hyde\Framework\Testing\Feature\StaticPageBuilderTest" classname="Hyde.Framework.Testing.Feature.StaticPageBuilderTest" assertions="3" time="0.010102"/>
        <testcase name="testCreatesCustomDocumentationDirectory" file="/home/runner/work/develop/develop/packages/framework/tests/Feature/StaticPageBuilderTest.php" line="132" class="Hyde\Framework\Testing\Feature\StaticPageBuilderTest" classname="Hyde.Framework.Testing.Feature.StaticPageBuilderTest" assertions="10" time="0.019472"/>
        <testcase name="testSiteDirectoryCanBeCustomized" file="/home/runner/work/develop/develop/packages/framework/tests/Feature/StaticPageBuilderTest.php" line="146" class="Hyde\Framework\Testing\Feature\StaticPageBuilderTest" classname="Hyde.Framework.Testing.Feature.StaticPageBuilderTest" assertions="10" time="0.017100"/>
        <testcase name="testSiteDirectoryCanBeCustomizedWithNestedPages" file="/home/runner/work/develop/develop/packages/framework/tests/Feature/StaticPageBuilderTest.php" line="158" class="Hyde\Framework\Testing\Feature\StaticPageBuilderTest" classname="Hyde.Framework.Testing.Feature.StaticPageBuilderTest" assertions="10" time="0.030167"/>
        <testcase name="testCanRebuildBladePage" file="/home/runner/work/develop/develop/packages/framework/tests/Feature/StaticPageBuilderTest.php" line="170" class="Hyde\Framework\Testing\Feature\StaticPageBuilderTest" classname="Hyde.Framework.Testing.Feature.StaticPageBuilderTest" assertions="1" time="0.009343"/>
        <testcase name="testCanRebuildMarkdownPage" file="/home/runner/work/develop/develop/packages/framework/tests/Feature/StaticPageBuilderTest.php" line="179" class="Hyde\Framework\Testing\Feature\StaticPageBuilderTest" classname="Hyde.Framework.Testing.Feature.StaticPageBuilderTest" assertions="1" time="0.017081"/>
        <testcase name="testCanRebuildMarkdownPost" file="/home/runner/work/develop/develop/packages/framework/tests/Feature/StaticPageBuilderTest.php" line="188" class="Hyde\Framework\Testing\Feature\StaticPageBuilderTest" classname="Hyde.Framework.Testing.Feature.StaticPageBuilderTest" assertions="1" time="0.017930"/>
        <testcase name="testCanRebuildDocumentationPage" file="/home/runner/work/develop/develop/packages/framework/tests/Feature/StaticPageBuilderTest.php" line="197" class="Hyde\Framework\Testing\Feature\StaticPageBuilderTest" classname="Hyde.Framework.Testing.Feature.StaticPageBuilderTest" assertions="1" time="0.016895"/>
      </testsuite>
      <testsuite name="Hyde\Framework\Testing\Feature\StaticSiteBuilderDocumentationModuleTest" file="/home/runner/work/develop/develop/packages/framework/tests/Feature/StaticSiteBuilderDocumentationModuleTest.php" tests="3" assertions="7" errors="0" failures="0" skipped="0" time="0.055582">
        <testcase name="testCanCreatePage" file="/home/runner/work/develop/develop/packages/framework/tests/Feature/StaticSiteBuilderDocumentationModuleTest.php" line="45" class="Hyde\Framework\Testing\Feature\StaticSiteBuilderDocumentationModuleTest" classname="Hyde.Framework.Testing.Feature.StaticSiteBuilderDocumentationModuleTest" assertions="1" time="0.018310"/>
        <testcase name="testPageContainsExpectedContent" file="/home/runner/work/develop/develop/packages/framework/tests/Feature/StaticSiteBuilderDocumentationModuleTest.php" line="54" class="Hyde\Framework\Testing\Feature\StaticSiteBuilderDocumentationModuleTest" classname="Hyde.Framework.Testing.Feature.StaticSiteBuilderDocumentationModuleTest" assertions="3" time="0.018470"/>
        <testcase name="testCanCompilePageToRootOutputDirectory" file="/home/runner/work/develop/develop/packages/framework/tests/Feature/StaticSiteBuilderDocumentationModuleTest.php" line="63" class="Hyde\Framework\Testing\Feature\StaticSiteBuilderDocumentationModuleTest" classname="Hyde.Framework.Testing.Feature.StaticSiteBuilderDocumentationModuleTest" assertions="3" time="0.018802"/>
      </testsuite>
      <testsuite name="Hyde\Framework\Testing\Feature\StaticSiteBuilderPostModuleTest" file="/home/runner/work/develop/develop/packages/framework/tests/Feature/StaticSiteBuilderPostModuleTest.php" tests="7" assertions="38" errors="0" failures="0" skipped="0" time="0.123412">
        <testcase name="testCanCreatePost" file="/home/runner/work/develop/develop/packages/framework/tests/Feature/StaticSiteBuilderPostModuleTest.php" line="58" class="Hyde\Framework\Testing\Feature\StaticSiteBuilderPostModuleTest" classname="Hyde.Framework.Testing.Feature.StaticSiteBuilderPostModuleTest" assertions="1" time="0.017354"/>
        <testcase name="testPostContainsExpectedContent" file="/home/runner/work/develop/develop/packages/framework/tests/Feature/StaticSiteBuilderPostModuleTest.php" line="65" class="Hyde\Framework\Testing\Feature\StaticSiteBuilderPostModuleTest" classname="Hyde.Framework.Testing.Feature.StaticSiteBuilderPostModuleTest" assertions="6" time="0.017350"/>
        <testcase name="testPostContainsExpectedElements" file="/home/runner/work/develop/develop/packages/framework/tests/Feature/StaticSiteBuilderPostModuleTest.php" line="77" class="Hyde\Framework\Testing\Feature\StaticSiteBuilderPostModuleTest" classname="Hyde.Framework.Testing.Feature.StaticSiteBuilderPostModuleTest" assertions="11" time="0.017932"/>
        <testcase name="testPostContainsExpectedMetaTags" file="/home/runner/work/develop/develop/packages/framework/tests/Feature/StaticSiteBuilderPostModuleTest.php" line="94" class="Hyde\Framework\Testing\Feature\StaticSiteBuilderPostModuleTest" classname="Hyde.Framework.Testing.Feature.StaticSiteBuilderPostModuleTest" assertions="6" time="0.017485"/>
        <testcase name="testPostContainsExpectedItemprops" file="/home/runner/work/develop/develop/packages/framework/tests/Feature/StaticSiteBuilderPostModuleTest.php" line="106" class="Hyde\Framework\Testing\Feature\StaticSiteBuilderPostModuleTest" classname="Hyde.Framework.Testing.Feature.StaticSiteBuilderPostModuleTest" assertions="8" time="0.019002"/>
        <testcase name="testPostContainsExpectedAriaSupport" file="/home/runner/work/develop/develop/packages/framework/tests/Feature/StaticSiteBuilderPostModuleTest.php" line="120" class="Hyde\Framework\Testing\Feature\StaticSiteBuilderPostModuleTest" classname="Hyde.Framework.Testing.Feature.StaticSiteBuilderPostModuleTest" assertions="3" time="0.017212"/>
        <testcase name="testPostImageIsResolvedRelatively" file="/home/runner/work/develop/develop/packages/framework/tests/Feature/StaticSiteBuilderPostModuleTest.php" line="129" class="Hyde\Framework\Testing\Feature\StaticSiteBuilderPostModuleTest" classname="Hyde.Framework.Testing.Feature.StaticSiteBuilderPostModuleTest" assertions="3" time="0.017078"/>
      </testsuite>
      <testsuite name="Hyde\Framework\Testing\Feature\StaticSiteServiceTest" file="/home/runner/work/develop/develop/packages/framework/tests/Feature/StaticSiteServiceTest.php" tests="23" assertions="79" errors="0" failures="0" skipped="0" time="0.612338">
        <testcase name="testBuildCommandContainsExpectedOutput" file="/home/runner/work/develop/develop/packages/framework/tests/Feature/StaticSiteServiceTest.php" line="34" class="Hyde\Framework\Testing\Feature\StaticSiteServiceTest" classname="Hyde.Framework.Testing.Feature.StaticSiteServiceTest" assertions="4" time="0.023501"/>
        <testcase name="testBuildCommandCreatesHtmlFiles" file="/home/runner/work/develop/develop/packages/framework/tests/Feature/StaticSiteServiceTest.php" line="43" class="Hyde\Framework\Testing\Feature\StaticSiteServiceTest" classname="Hyde.Framework.Testing.Feature.StaticSiteServiceTest" assertions="3" time="0.033335"/>
        <testcase name="testBuildCommandTransfersMediaAssetFiles" file="/home/runner/work/develop/develop/packages/framework/tests/Feature/StaticSiteServiceTest.php" line="54" class="Hyde\Framework\Testing\Feature\StaticSiteServiceTest" classname="Hyde.Framework.Testing.Feature.StaticSiteServiceTest" assertions="3" time="0.019947"/>
        <testcase name="testBuildCommandTransfersMediaAssetFilesRecursively" file="/home/runner/work/develop/develop/packages/framework/tests/Feature/StaticSiteServiceTest.php" line="63" class="Hyde\Framework\Testing\Feature\StaticSiteServiceTest" classname="Hyde.Framework.Testing.Feature.StaticSiteServiceTest" assertions="4" time="0.021069"/>
        <testcase name="testAllPageTypesCanBeCompiled" file="/home/runner/work/develop/develop/packages/framework/tests/Feature/StaticSiteServiceTest.php" line="72" class="Hyde\Framework\Testing\Feature\StaticSiteServiceTest" classname="Hyde.Framework.Testing.Feature.StaticSiteServiceTest" assertions="12" time="0.079635"/>
        <testcase name="testOnlyProgressBarsForTypesWithPagesAreShown" file="/home/runner/work/develop/develop/packages/framework/tests/Feature/StaticSiteServiceTest.php" line="102" class="Hyde\Framework\Testing\Feature\StaticSiteServiceTest" classname="Hyde.Framework.Testing.Feature.StaticSiteServiceTest" assertions="9" time="0.035977"/>
        <testcase name="testPrintInitialInformationAllowsApiToBeDisabled" file="/home/runner/work/develop/develop/packages/framework/tests/Feature/StaticSiteServiceTest.php" line="122" class="Hyde\Framework\Testing\Feature\StaticSiteServiceTest" classname="Hyde.Framework.Testing.Feature.StaticSiteServiceTest" assertions="2" time="0.020543"/>
        <testcase name="testNodeActionOutputs" file="/home/runner/work/develop/develop/packages/framework/tests/Feature/StaticSiteServiceTest.php" line="129" class="Hyde\Framework\Testing\Feature\StaticSiteServiceTest" classname="Hyde.Framework.Testing.Feature.StaticSiteServiceTest" assertions="4" time="0.024621"/>
        <testcase name="testPrettyUrlsOptionOutput" file="/home/runner/work/develop/develop/packages/framework/tests/Feature/StaticSiteServiceTest.php" line="138" class="Hyde\Framework\Testing\Feature\StaticSiteServiceTest" classname="Hyde.Framework.Testing.Feature.StaticSiteServiceTest" assertions="2" time="0.020710"/>
        <testcase name="testSitemapIsNotGeneratedWhenConditionsAreNotMet" file="/home/runner/work/develop/develop/packages/framework/tests/Feature/StaticSiteServiceTest.php" line="145" class="Hyde\Framework\Testing\Feature\StaticSiteServiceTest" classname="Hyde.Framework.Testing.Feature.StaticSiteServiceTest" assertions="2" time="0.020242"/>
        <testcase name="testSitemapIsGeneratedWhenConditionsAreMet" file="/home/runner/work/develop/develop/packages/framework/tests/Feature/StaticSiteServiceTest.php" line="155" class="Hyde\Framework\Testing\Feature\StaticSiteServiceTest" classname="Hyde.Framework.Testing.Feature.StaticSiteServiceTest" assertions="1" time="0.019663"/>
        <testcase name="testRssFeedIsNotGeneratedWhenConditionsAreNotMet" file="/home/runner/work/develop/develop/packages/framework/tests/Feature/StaticSiteServiceTest.php" line="166" class="Hyde\Framework\Testing\Feature\StaticSiteServiceTest" classname="Hyde.Framework.Testing.Feature.StaticSiteServiceTest" assertions="2" time="0.018650"/>
        <testcase name="testRssFeedIsGeneratedWhenConditionsAreMet" file="/home/runner/work/develop/develop/packages/framework/tests/Feature/StaticSiteServiceTest.php" line="176" class="Hyde\Framework\Testing\Feature\StaticSiteServiceTest" classname="Hyde.Framework.Testing.Feature.StaticSiteServiceTest" assertions="1" time="0.033357"/>
        <testcase name="testDoesNotGenerateSearchFilesWhenConditionsAreNotMet" file="/home/runner/work/develop/develop/packages/framework/tests/Feature/StaticSiteServiceTest.php" line="191" class="Hyde\Framework\Testing\Feature\StaticSiteServiceTest" classname="Hyde.Framework.Testing.Feature.StaticSiteServiceTest" assertions="3" time="0.020540"/>
        <testcase name="testGeneratesSearchFilesWhenConditionsAreMet" file="/home/runner/work/develop/develop/packages/framework/tests/Feature/StaticSiteServiceTest.php" line="199" class="Hyde\Framework\Testing\Feature\StaticSiteServiceTest" classname="Hyde.Framework.Testing.Feature.StaticSiteServiceTest" assertions="1" time="0.045580"/>
        <testcase name="testSiteDirectoryIsEmptiedBeforeBuild" file="/home/runner/work/develop/develop/packages/framework/tests/Feature/StaticSiteServiceTest.php" line="211" class="Hyde\Framework\Testing\Feature\StaticSiteServiceTest" classname="Hyde.Framework.Testing.Feature.StaticSiteServiceTest" assertions="3" time="0.020740"/>
        <testcase name="testOutputDirectoryIsNotEmptiedIfDisabledInConfig" file="/home/runner/work/develop/develop/packages/framework/tests/Feature/StaticSiteServiceTest.php" line="220" class="Hyde\Framework\Testing\Feature\StaticSiteServiceTest" classname="Hyde.Framework.Testing.Feature.StaticSiteServiceTest" assertions="3" time="0.020070"/>
        <testcase name="testAbortsWhenNonStandardDirectoryIsEmptied" file="/home/runner/work/develop/develop/packages/framework/tests/Feature/StaticSiteServiceTest.php" line="233" class="Hyde\Framework\Testing\Feature\StaticSiteServiceTest" classname="Hyde.Framework.Testing.Feature.StaticSiteServiceTest" assertions="5" time="0.021619"/>
        <testcase name="testWithoutWarnings" file="/home/runner/work/develop/develop/packages/framework/tests/Feature/StaticSiteServiceTest.php" line="250" class="Hyde\Framework\Testing\Feature\StaticSiteServiceTest" classname="Hyde.Framework.Testing.Feature.StaticSiteServiceTest" assertions="2" time="0.020456"/>
        <testcase name="testWithWarnings" file="/home/runner/work/develop/develop/packages/framework/tests/Feature/StaticSiteServiceTest.php" line="257" class="Hyde\Framework\Testing\Feature\StaticSiteServiceTest" classname="Hyde.Framework.Testing.Feature.StaticSiteServiceTest" assertions="3" time="0.021519"/>
        <testcase name="testWithWarningsAndVerbose" file="/home/runner/work/develop/develop/packages/framework/tests/Feature/StaticSiteServiceTest.php" line="267" class="Hyde\Framework\Testing\Feature\StaticSiteServiceTest" classname="Hyde.Framework.Testing.Feature.StaticSiteServiceTest" assertions="4" time="0.022126"/>
        <testcase name="testWithWarningsButWarningsAreDisabled" file="/home/runner/work/develop/develop/packages/framework/tests/Feature/StaticSiteServiceTest.php" line="278" class="Hyde\Framework\Testing\Feature\StaticSiteServiceTest" classname="Hyde.Framework.Testing.Feature.StaticSiteServiceTest" assertions="2" time="0.020528"/>
        <testcase name="testWithWarningsConvertedToExceptions" file="/home/runner/work/develop/develop/packages/framework/tests/Feature/StaticSiteServiceTest.php" line="288" class="Hyde\Framework\Testing\Feature\StaticSiteServiceTest" classname="Hyde.Framework.Testing.Feature.StaticSiteServiceTest" assertions="4" time="0.027910"/>
      </testsuite>
      <testsuite name="Hyde\Framework\Testing\Feature\Support\MediaFileTest" file="/home/runner/work/develop/develop/packages/framework/tests/Feature/Support/MediaFileTest.php" tests="25" assertions="32" errors="0" failures="0" skipped="0" time="0.091417">
        <testcase name="testCanConstruct" file="/home/runner/work/develop/develop/packages/framework/tests/Feature/Support/MediaFileTest.php" line="18" class="Hyde\Framework\Testing\Feature\Support\MediaFileTest" classname="Hyde.Framework.Testing.Feature.Support.MediaFileTest" assertions="2" time="0.003199"/>
        <testcase name="testCanConstructWithNestedPaths" file="/home/runner/work/develop/develop/packages/framework/tests/Feature/Support/MediaFileTest.php" line="30" class="Hyde\Framework\Testing\Feature\Support\MediaFileTest" classname="Hyde.Framework.Testing.Feature.Support.MediaFileTest" assertions="1" time="0.003072"/>
        <testcase name="testAbsolutePathIsNormalizedToRelative" file="/home/runner/work/develop/develop/packages/framework/tests/Feature/Support/MediaFileTest.php" line="35" class="Hyde\Framework\Testing\Feature\Support\MediaFileTest" classname="Hyde.Framework.Testing.Feature.Support.MediaFileTest" assertions="1" time="0.003760"/>
        <testcase name="testGetNameReturnsNameOfFile" file="/home/runner/work/develop/develop/packages/framework/tests/Feature/Support/MediaFileTest.php" line="40" class="Hyde\Framework\Testing\Feature\Support\MediaFileTest" classname="Hyde.Framework.Testing.Feature.Support.MediaFileTest" assertions="2" time="0.003220"/>
        <testcase name="testGetPathReturnsPathOfFile" file="/home/runner/work/develop/develop/packages/framework/tests/Feature/Support/MediaFileTest.php" line="46" class="Hyde\Framework\Testing\Feature\Support\MediaFileTest" classname="Hyde.Framework.Testing.Feature.Support.MediaFileTest" assertions="2" time="0.003192"/>
        <testcase name="testGetAbsolutePathReturnsAbsolutePathOfFile" file="/home/runner/work/develop/develop/packages/framework/tests/Feature/Support/MediaFileTest.php" line="52" class="Hyde\Framework\Testing\Feature\Support\MediaFileTest" classname="Hyde.Framework.Testing.Feature.Support.MediaFileTest" assertions="2" time="0.003305"/>
        <testcase name="testGetContentsReturnsContentsOfFile" file="/home/runner/work/develop/develop/packages/framework/tests/Feature/Support/MediaFileTest.php" line="58" class="Hyde\Framework\Testing\Feature\Support\MediaFileTest" classname="Hyde.Framework.Testing.Feature.Support.MediaFileTest" assertions="1" time="0.003796"/>
        <testcase name="testGetExtensionReturnsExtensionOfFile" file="/home/runner/work/develop/develop/packages/framework/tests/Feature/Support/MediaFileTest.php" line="64" class="Hyde\Framework\Testing\Feature\Support\MediaFileTest" classname="Hyde.Framework.Testing.Feature.Support.MediaFileTest" assertions="2" time="0.004132"/>
        <testcase name="testToArrayReturnsArrayOfFileProperties" file="/home/runner/work/develop/develop/packages/framework/tests/Feature/Support/MediaFileTest.php" line="73" class="Hyde\Framework\Testing\Feature\Support\MediaFileTest" classname="Hyde.Framework.Testing.Feature.Support.MediaFileTest" assertions="1" time="0.003834"/>
        <testcase name="testToArrayWithEmptyFileWithNoExtension" file="/home/runner/work/develop/develop/packages/framework/tests/Feature/Support/MediaFileTest.php" line="85" class="Hyde\Framework\Testing\Feature\Support\MediaFileTest" classname="Hyde.Framework.Testing.Feature.Support.MediaFileTest" assertions="1" time="0.005252"/>
        <testcase name="testToArrayWithFileInSubdirectory" file="/home/runner/work/develop/develop/packages/framework/tests/Feature/Support/MediaFileTest.php" line="96" class="Hyde\Framework\Testing\Feature\Support\MediaFileTest" classname="Hyde.Framework.Testing.Feature.Support.MediaFileTest" assertions="1" time="0.003644"/>
        <testcase name="testGetContentLength" file="/home/runner/work/develop/develop/packages/framework/tests/Feature/Support/MediaFileTest.php" line="110" class="Hyde\Framework\Testing\Feature\Support\MediaFileTest" classname="Hyde.Framework.Testing.Feature.Support.MediaFileTest" assertions="1" time="0.003681"/>
        <testcase name="testGetContentLengthWithEmptyFile" file="/home/runner/work/develop/develop/packages/framework/tests/Feature/Support/MediaFileTest.php" line="116" class="Hyde\Framework\Testing\Feature\Support\MediaFileTest" classname="Hyde.Framework.Testing.Feature.Support.MediaFileTest" assertions="1" time="0.003590"/>
        <testcase name="testGetContentLengthWithDirectory" file="/home/runner/work/develop/develop/packages/framework/tests/Feature/Support/MediaFileTest.php" line="122" class="Hyde\Framework\Testing\Feature\Support\MediaFileTest" classname="Hyde.Framework.Testing.Feature.Support.MediaFileTest" assertions="2" time="0.003969"/>
        <testcase name="testGetContentLengthWithNonExistentFile" file="/home/runner/work/develop/develop/packages/framework/tests/Feature/Support/MediaFileTest.php" line="131" class="Hyde\Framework\Testing\Feature\Support\MediaFileTest" classname="Hyde.Framework.Testing.Feature.Support.MediaFileTest" assertions="2" time="0.003362"/>
        <testcase name="testGetMimeType" file="/home/runner/work/develop/develop/packages/framework/tests/Feature/Support/MediaFileTest.php" line="138" class="Hyde\Framework\Testing\Feature\Support\MediaFileTest" classname="Hyde.Framework.Testing.Feature.Support.MediaFileTest" assertions="1" time="0.003671"/>
        <testcase name="testGetMimeTypeWithoutExtension" file="/home/runner/work/develop/develop/packages/framework/tests/Feature/Support/MediaFileTest.php" line="144" class="Hyde\Framework\Testing\Feature\Support\MediaFileTest" classname="Hyde.Framework.Testing.Feature.Support.MediaFileTest" assertions="1" time="0.004320"/>
        <testcase name="testGetMimeTypeWithEmptyFile" file="/home/runner/work/develop/develop/packages/framework/tests/Feature/Support/MediaFileTest.php" line="150" class="Hyde\Framework\Testing\Feature\Support\MediaFileTest" classname="Hyde.Framework.Testing.Feature.Support.MediaFileTest" assertions="1" time="0.003788"/>
        <testcase name="testGetMimeTypeWithDirectory" file="/home/runner/work/develop/develop/packages/framework/tests/Feature/Support/MediaFileTest.php" line="156" class="Hyde\Framework\Testing\Feature\Support\MediaFileTest" classname="Hyde.Framework.Testing.Feature.Support.MediaFileTest" assertions="1" time="0.003855"/>
        <testcase name="testGetMimeTypeWithNonExistentFile" file="/home/runner/work/develop/develop/packages/framework/tests/Feature/Support/MediaFileTest.php" line="162" class="Hyde\Framework\Testing\Feature\Support\MediaFileTest" classname="Hyde.Framework.Testing.Feature.Support.MediaFileTest" assertions="1" time="0.003240"/>
        <testcase name="testAllHelperReturnsAllMediaFiles" file="/home/runner/work/develop/develop/packages/framework/tests/Feature/Support/MediaFileTest.php" line="167" class="Hyde\Framework\Testing\Feature\Support\MediaFileTest" classname="Hyde.Framework.Testing.Feature.Support.MediaFileTest" assertions="1" time="0.003634"/>
        <testcase name="testAllHelperDoesNotIncludeNonMediaFiles" file="/home/runner/work/develop/develop/packages/framework/tests/Feature/Support/MediaFileTest.php" line="174" class="Hyde\Framework\Testing\Feature\Support\MediaFileTest" classname="Hyde.Framework.Testing.Feature.Support.MediaFileTest" assertions="1" time="0.004007"/>
        <testcase name="testFilesHelper" file="/home/runner/work/develop/develop/packages/framework/tests/Feature/Support/MediaFileTest.php" line="182" class="Hyde\Framework\Testing\Feature\Support\MediaFileTest" classname="Hyde.Framework.Testing.Feature.Support.MediaFileTest" assertions="1" time="0.003554"/>
        <testcase name="testGetIdentifier" file="/home/runner/work/develop/develop/packages/framework/tests/Feature/Support/MediaFileTest.php" line="187" class="Hyde\Framework\Testing\Feature\Support\MediaFileTest" classname="Hyde.Framework.Testing.Feature.Support.MediaFileTest" assertions="1" time="0.003155"/>
        <testcase name="testGetIdentifierWithSubdirectory" file="/home/runner/work/develop/develop/packages/framework/tests/Feature/Support/MediaFileTest.php" line="192" class="Hyde\Framework\Testing\Feature\Support\MediaFileTest" classname="Hyde.Framework.Testing.Feature.Support.MediaFileTest" assertions="1" time="0.003184"/>
      </testsuite>
      <testsuite name="Hyde\Framework\Testing\Feature\Support\ProjectFileTest" file="/home/runner/work/develop/develop/packages/framework/tests/Feature/Support/ProjectFileTest.php" tests="11" assertions="16" errors="0" failures="0" skipped="0" time="0.040284">
        <testcase name="testCanConstruct" file="/home/runner/work/develop/develop/packages/framework/tests/Feature/Support/ProjectFileTest.php" line="17" class="Hyde\Framework\Testing\Feature\Support\ProjectFileTest" classname="Hyde.Framework.Testing.Feature.Support.ProjectFileTest" assertions="2" time="0.004788"/>
        <testcase name="testCanConstructWithNestedPaths" file="/home/runner/work/develop/develop/packages/framework/tests/Feature/Support/ProjectFileTest.php" line="29" class="Hyde\Framework\Testing\Feature\Support\ProjectFileTest" classname="Hyde.Framework.Testing.Feature.Support.ProjectFileTest" assertions="1" time="0.003129"/>
        <testcase name="testAbsolutePathIsNormalizedToRelative" file="/home/runner/work/develop/develop/packages/framework/tests/Feature/Support/ProjectFileTest.php" line="34" class="Hyde\Framework\Testing\Feature\Support\ProjectFileTest" classname="Hyde.Framework.Testing.Feature.Support.ProjectFileTest" assertions="1" time="0.003147"/>
        <testcase name="testGetNameReturnsNameOfFile" file="/home/runner/work/develop/develop/packages/framework/tests/Feature/Support/ProjectFileTest.php" line="39" class="Hyde\Framework\Testing\Feature\Support\ProjectFileTest" classname="Hyde.Framework.Testing.Feature.Support.ProjectFileTest" assertions="2" time="0.003225"/>
        <testcase name="testGetPathReturnsPathOfFile" file="/home/runner/work/develop/develop/packages/framework/tests/Feature/Support/ProjectFileTest.php" line="45" class="Hyde\Framework\Testing\Feature\Support\ProjectFileTest" classname="Hyde.Framework.Testing.Feature.Support.ProjectFileTest" assertions="2" time="0.003184"/>
        <testcase name="testGetAbsolutePathReturnsAbsolutePathOfFile" file="/home/runner/work/develop/develop/packages/framework/tests/Feature/Support/ProjectFileTest.php" line="51" class="Hyde\Framework\Testing\Feature\Support\ProjectFileTest" classname="Hyde.Framework.Testing.Feature.Support.ProjectFileTest" assertions="2" time="0.003318"/>
        <testcase name="testGetContentsReturnsContentsOfFile" file="/home/runner/work/develop/develop/packages/framework/tests/Feature/Support/ProjectFileTest.php" line="57" class="Hyde\Framework\Testing\Feature\Support\ProjectFileTest" classname="Hyde.Framework.Testing.Feature.Support.ProjectFileTest" assertions="1" time="0.003829"/>
        <testcase name="testGetExtensionReturnsExtensionOfFile" file="/home/runner/work/develop/develop/packages/framework/tests/Feature/Support/ProjectFileTest.php" line="63" class="Hyde\Framework\Testing\Feature\Support\ProjectFileTest" classname="Hyde.Framework.Testing.Feature.Support.ProjectFileTest" assertions="2" time="0.004854"/>
        <testcase name="testToArrayReturnsArrayOfFileProperties" file="/home/runner/work/develop/develop/packages/framework/tests/Feature/Support/ProjectFileTest.php" line="72" class="Hyde\Framework\Testing\Feature\Support\ProjectFileTest" classname="Hyde.Framework.Testing.Feature.Support.ProjectFileTest" assertions="1" time="0.003720"/>
        <testcase name="testToArrayWithEmptyFileWithNoExtension" file="/home/runner/work/develop/develop/packages/framework/tests/Feature/Support/ProjectFileTest.php" line="82" class="Hyde\Framework\Testing\Feature\Support\ProjectFileTest" classname="Hyde.Framework.Testing.Feature.Support.ProjectFileTest" assertions="1" time="0.003573"/>
        <testcase name="testToArrayWithFileInSubdirectory" file="/home/runner/work/develop/develop/packages/framework/tests/Feature/Support/ProjectFileTest.php" line="91" class="Hyde\Framework\Testing\Feature\Support\ProjectFileTest" classname="Hyde.Framework.Testing.Feature.Support.ProjectFileTest" assertions="1" time="0.003516"/>
      </testsuite>
      <testsuite name="Hyde\Framework\Testing\Feature\Support\SourceFileTest" file="/home/runner/work/develop/develop/packages/framework/tests/Feature/Support/SourceFileTest.php" tests="13" assertions="21" errors="0" failures="0" skipped="0" time="0.044837">
        <testcase name="testCanConstruct" file="/home/runner/work/develop/develop/packages/framework/tests/Feature/Support/SourceFileTest.php" line="19" class="Hyde\Framework\Testing\Feature\Support\SourceFileTest" classname="Hyde.Framework.Testing.Feature.Support.SourceFileTest" assertions="3" time="0.003347"/>
        <testcase name="testCanConstructWithModelClass" file="/home/runner/work/develop/develop/packages/framework/tests/Feature/Support/SourceFileTest.php" line="28" class="Hyde\Framework\Testing\Feature\Support\SourceFileTest" classname="Hyde.Framework.Testing.Feature.Support.SourceFileTest" assertions="3" time="0.003272"/>
        <testcase name="testCanMakeWithModelClass" file="/home/runner/work/develop/develop/packages/framework/tests/Feature/Support/SourceFileTest.php" line="42" class="Hyde\Framework\Testing\Feature\Support\SourceFileTest" classname="Hyde.Framework.Testing.Feature.Support.SourceFileTest" assertions="1" time="0.003198"/>
        <testcase name="testCanConstructWithNestedPaths" file="/home/runner/work/develop/develop/packages/framework/tests/Feature/Support/SourceFileTest.php" line="48" class="Hyde\Framework\Testing\Feature\Support\SourceFileTest" classname="Hyde.Framework.Testing.Feature.Support.SourceFileTest" assertions="1" time="0.003109"/>
        <testcase name="testAbsolutePathIsNormalizedToRelative" file="/home/runner/work/develop/develop/packages/framework/tests/Feature/Support/SourceFileTest.php" line="53" class="Hyde\Framework\Testing\Feature\Support\SourceFileTest" classname="Hyde.Framework.Testing.Feature.Support.SourceFileTest" assertions="1" time="0.003177"/>
        <testcase name="testGetNameReturnsNameOfFile" file="/home/runner/work/develop/develop/packages/framework/tests/Feature/Support/SourceFileTest.php" line="58" class="Hyde\Framework\Testing\Feature\Support\SourceFileTest" classname="Hyde.Framework.Testing.Feature.Support.SourceFileTest" assertions="2" time="0.003254"/>
        <testcase name="testGetPathReturnsPathOfFile" file="/home/runner/work/develop/develop/packages/framework/tests/Feature/Support/SourceFileTest.php" line="64" class="Hyde\Framework\Testing\Feature\Support\SourceFileTest" classname="Hyde.Framework.Testing.Feature.Support.SourceFileTest" assertions="2" time="0.003240"/>
        <testcase name="testGetAbsolutePathReturnsAbsolutePathOfFile" file="/home/runner/work/develop/develop/packages/framework/tests/Feature/Support/SourceFileTest.php" line="70" class="Hyde\Framework\Testing\Feature\Support\SourceFileTest" classname="Hyde.Framework.Testing.Feature.Support.SourceFileTest" assertions="2" time="0.003359"/>
        <testcase name="testGetContentsReturnsContentsOfFile" file="/home/runner/work/develop/develop/packages/framework/tests/Feature/Support/SourceFileTest.php" line="76" class="Hyde\Framework\Testing\Feature\Support\SourceFileTest" classname="Hyde.Framework.Testing.Feature.Support.SourceFileTest" assertions="1" time="0.003797"/>
        <testcase name="testGetExtensionReturnsExtensionOfFile" file="/home/runner/work/develop/develop/packages/framework/tests/Feature/Support/SourceFileTest.php" line="82" class="Hyde\Framework\Testing\Feature\Support\SourceFileTest" classname="Hyde.Framework.Testing.Feature.Support.SourceFileTest" assertions="2" time="0.004172"/>
        <testcase name="testToArrayReturnsArrayOfFileProperties" file="/home/runner/work/develop/develop/packages/framework/tests/Feature/Support/SourceFileTest.php" line="91" class="Hyde\Framework\Testing\Feature\Support\SourceFileTest" classname="Hyde.Framework.Testing.Feature.Support.SourceFileTest" assertions="1" time="0.003751"/>
        <testcase name="testToArrayWithEmptyFileWithNoExtension" file="/home/runner/work/develop/develop/packages/framework/tests/Feature/Support/SourceFileTest.php" line="102" class="Hyde\Framework\Testing\Feature\Support\SourceFileTest" classname="Hyde.Framework.Testing.Feature.Support.SourceFileTest" assertions="1" time="0.003639"/>
        <testcase name="testToArrayWithFileInSubdirectory" file="/home/runner/work/develop/develop/packages/framework/tests/Feature/Support/SourceFileTest.php" line="112" class="Hyde\Framework\Testing\Feature\Support\SourceFileTest" classname="Hyde.Framework.Testing.Feature.Support.SourceFileTest" assertions="1" time="0.003523"/>
      </testsuite>
      <testsuite name="Hyde\Framework\Testing\Feature\TypedConfigFacadeTest" file="/home/runner/work/develop/develop/packages/framework/tests/Feature/TypedConfigFacadeTest.php" tests="27" assertions="29" errors="0" failures="0" skipped="0" time="0.085085">
        <testcase name="testGetArray" file="/home/runner/work/develop/develop/packages/framework/tests/Feature/TypedConfigFacadeTest.php" line="17" class="Hyde\Framework\Testing\Feature\TypedConfigFacadeTest" classname="Hyde.Framework.Testing.Feature.TypedConfigFacadeTest" assertions="1" time="0.003161"/>
        <testcase name="testGetString" file="/home/runner/work/develop/develop/packages/framework/tests/Feature/TypedConfigFacadeTest.php" line="23" class="Hyde\Framework\Testing\Feature\TypedConfigFacadeTest" classname="Hyde.Framework.Testing.Feature.TypedConfigFacadeTest" assertions="1" time="0.003049"/>
        <testcase name="testGetBool" file="/home/runner/work/develop/develop/packages/framework/tests/Feature/TypedConfigFacadeTest.php" line="29" class="Hyde\Framework\Testing\Feature\TypedConfigFacadeTest" classname="Hyde.Framework.Testing.Feature.TypedConfigFacadeTest" assertions="1" time="0.003051"/>
        <testcase name="testGetInt" file="/home/runner/work/develop/develop/packages/framework/tests/Feature/TypedConfigFacadeTest.php" line="35" class="Hyde\Framework\Testing\Feature\TypedConfigFacadeTest" classname="Hyde.Framework.Testing.Feature.TypedConfigFacadeTest" assertions="1" time="0.003060"/>
        <testcase name="testGetFloat" file="/home/runner/work/develop/develop/packages/framework/tests/Feature/TypedConfigFacadeTest.php" line="41" class="Hyde\Framework\Testing\Feature\TypedConfigFacadeTest" classname="Hyde.Framework.Testing.Feature.TypedConfigFacadeTest" assertions="1" time="0.003062"/>
        <testcase name="testGetArrayWithDefaultValue" file="/home/runner/work/develop/develop/packages/framework/tests/Feature/TypedConfigFacadeTest.php" line="47" class="Hyde\Framework\Testing\Feature\TypedConfigFacadeTest" classname="Hyde.Framework.Testing.Feature.TypedConfigFacadeTest" assertions="1" time="0.003110"/>
        <testcase name="testGetStringWithDefaultValue" file="/home/runner/work/develop/develop/packages/framework/tests/Feature/TypedConfigFacadeTest.php" line="52" class="Hyde\Framework\Testing\Feature\TypedConfigFacadeTest" classname="Hyde.Framework.Testing.Feature.TypedConfigFacadeTest" assertions="1" time="0.003087"/>
        <testcase name="testGetBoolWithDefaultValue" file="/home/runner/work/develop/develop/packages/framework/tests/Feature/TypedConfigFacadeTest.php" line="57" class="Hyde\Framework\Testing\Feature\TypedConfigFacadeTest" classname="Hyde.Framework.Testing.Feature.TypedConfigFacadeTest" assertions="1" time="0.003076"/>
        <testcase name="testGetIntWithDefaultValue" file="/home/runner/work/develop/develop/packages/framework/tests/Feature/TypedConfigFacadeTest.php" line="62" class="Hyde\Framework\Testing\Feature\TypedConfigFacadeTest" classname="Hyde.Framework.Testing.Feature.TypedConfigFacadeTest" assertions="1" time="0.003095"/>
        <testcase name="testGetFloatWithDefaultValue" file="/home/runner/work/develop/develop/packages/framework/tests/Feature/TypedConfigFacadeTest.php" line="67" class="Hyde\Framework\Testing\Feature\TypedConfigFacadeTest" classname="Hyde.Framework.Testing.Feature.TypedConfigFacadeTest" assertions="1" time="0.003104"/>
        <testcase name="testGetArrayWithStrictMode" file="/home/runner/work/develop/develop/packages/framework/tests/Feature/TypedConfigFacadeTest.php" line="72" class="Hyde\Framework\Testing\Feature\TypedConfigFacadeTest" classname="Hyde.Framework.Testing.Feature.TypedConfigFacadeTest" assertions="1" time="0.003139"/>
        <testcase name="testGetStringWithStrictMode" file="/home/runner/work/develop/develop/packages/framework/tests/Feature/TypedConfigFacadeTest.php" line="77" class="Hyde\Framework\Testing\Feature\TypedConfigFacadeTest" classname="Hyde.Framework.Testing.Feature.TypedConfigFacadeTest" assertions="1" time="0.003104"/>
        <testcase name="testGetBoolWithStrictMode" file="/home/runner/work/develop/develop/packages/framework/tests/Feature/TypedConfigFacadeTest.php" line="82" class="Hyde\Framework\Testing\Feature\TypedConfigFacadeTest" classname="Hyde.Framework.Testing.Feature.TypedConfigFacadeTest" assertions="1" time="0.003800"/>
        <testcase name="testGetIntWithStrictMode" file="/home/runner/work/develop/develop/packages/framework/tests/Feature/TypedConfigFacadeTest.php" line="87" class="Hyde\Framework\Testing\Feature\TypedConfigFacadeTest" classname="Hyde.Framework.Testing.Feature.TypedConfigFacadeTest" assertions="1" time="0.003109"/>
        <testcase name="testGetFloatWithStrictMode" file="/home/runner/work/develop/develop/packages/framework/tests/Feature/TypedConfigFacadeTest.php" line="92" class="Hyde\Framework\Testing\Feature\TypedConfigFacadeTest" classname="Hyde.Framework.Testing.Feature.TypedConfigFacadeTest" assertions="1" time="0.003091"/>
        <testcase name="testGetArrayWithFailingStrictMode" file="/home/runner/work/develop/develop/packages/framework/tests/Feature/TypedConfigFacadeTest.php" line="97" class="Hyde\Framework\Testing\Feature\TypedConfigFacadeTest" classname="Hyde.Framework.Testing.Feature.TypedConfigFacadeTest" assertions="1" time="0.003114"/>
        <testcase name="testGetStringWithFailingStrictMode" file="/home/runner/work/develop/develop/packages/framework/tests/Feature/TypedConfigFacadeTest.php" line="103" class="Hyde\Framework\Testing\Feature\TypedConfigFacadeTest" classname="Hyde.Framework.Testing.Feature.TypedConfigFacadeTest" assertions="1" time="0.003193"/>
        <testcase name="testGetBoolWithFailingStrictMode" file="/home/runner/work/develop/develop/packages/framework/tests/Feature/TypedConfigFacadeTest.php" line="109" class="Hyde\Framework\Testing\Feature\TypedConfigFacadeTest" classname="Hyde.Framework.Testing.Feature.TypedConfigFacadeTest" assertions="1" time="0.003133"/>
        <testcase name="testGetIntWithFailingStrictMode" file="/home/runner/work/develop/develop/packages/framework/tests/Feature/TypedConfigFacadeTest.php" line="115" class="Hyde\Framework\Testing\Feature\TypedConfigFacadeTest" classname="Hyde.Framework.Testing.Feature.TypedConfigFacadeTest" assertions="1" time="0.003153"/>
        <testcase name="testGetFloatWithFailingStrictMode" file="/home/runner/work/develop/develop/packages/framework/tests/Feature/TypedConfigFacadeTest.php" line="121" class="Hyde\Framework\Testing\Feature\TypedConfigFacadeTest" classname="Hyde.Framework.Testing.Feature.TypedConfigFacadeTest" assertions="1" time="0.003138"/>
        <testcase name="testGetArrayWithArray" file="/home/runner/work/develop/develop/packages/framework/tests/Feature/TypedConfigFacadeTest.php" line="127" class="Hyde\Framework\Testing\Feature\TypedConfigFacadeTest" classname="Hyde.Framework.Testing.Feature.TypedConfigFacadeTest" assertions="1" time="0.003158"/>
        <testcase name="testGetStringWithString" file="/home/runner/work/develop/develop/packages/framework/tests/Feature/TypedConfigFacadeTest.php" line="132" class="Hyde\Framework\Testing\Feature\TypedConfigFacadeTest" classname="Hyde.Framework.Testing.Feature.TypedConfigFacadeTest" assertions="1" time="0.003101"/>
        <testcase name="testGetBoolWithBool" file="/home/runner/work/develop/develop/packages/framework/tests/Feature/TypedConfigFacadeTest.php" line="137" class="Hyde\Framework\Testing\Feature\TypedConfigFacadeTest" classname="Hyde.Framework.Testing.Feature.TypedConfigFacadeTest" assertions="1" time="0.003099"/>
        <testcase name="testGetIntWithInt" file="/home/runner/work/develop/develop/packages/framework/tests/Feature/TypedConfigFacadeTest.php" line="142" class="Hyde\Framework\Testing\Feature\TypedConfigFacadeTest" classname="Hyde.Framework.Testing.Feature.TypedConfigFacadeTest" assertions="1" time="0.003275"/>
        <testcase name="testGetFloatWithFloat" file="/home/runner/work/develop/develop/packages/framework/tests/Feature/TypedConfigFacadeTest.php" line="147" class="Hyde\Framework\Testing\Feature\TypedConfigFacadeTest" classname="Hyde.Framework.Testing.Feature.TypedConfigFacadeTest" assertions="1" time="0.003172"/>
        <testcase name="testGetNullableString" file="/home/runner/work/develop/develop/packages/framework/tests/Feature/TypedConfigFacadeTest.php" line="152" class="Hyde\Framework\Testing\Feature\TypedConfigFacadeTest" classname="Hyde.Framework.Testing.Feature.TypedConfigFacadeTest" assertions="2" time="0.003224"/>
        <testcase name="testInvalidTypeMessage" file="/home/runner/work/develop/develop/packages/framework/tests/Feature/TypedConfigFacadeTest.php" line="161" class="Hyde\Framework\Testing\Feature\TypedConfigFacadeTest" classname="Hyde.Framework.Testing.Feature.TypedConfigFacadeTest" assertions="2" time="0.003224"/>
      </testsuite>
      <testsuite name="Hyde\Framework\Testing\Feature\Views\SidebarBrandViewTest" file="/home/runner/work/develop/develop/packages/framework/tests/Feature/Views/SidebarBrandViewTest.php" tests="5" assertions="13" errors="0" failures="0" skipped="0" time="0.048525">
        <testcase name="testSidebarBrandView" file="/home/runner/work/develop/develop/packages/framework/tests/Feature/Views/SidebarBrandViewTest.php" line="17" class="Hyde\Framework\Testing\Feature\Views\SidebarBrandViewTest" classname="Hyde.Framework.Testing.Feature.Views.SidebarBrandViewTest" assertions="3" time="0.009568"/>
        <testcase name="testSidebarBrandViewWithHomeRoute" file="/home/runner/work/develop/develop/packages/framework/tests/Feature/Views/SidebarBrandViewTest.php" line="26" class="Hyde\Framework\Testing\Feature\Views\SidebarBrandViewTest" classname="Hyde.Framework.Testing.Feature.Views.SidebarBrandViewTest" assertions="3" time="0.008888"/>
        <testcase name="testSidebarBrandViewWithDefaultHeaderText" file="/home/runner/work/develop/develop/packages/framework/tests/Feature/Views/SidebarBrandViewTest.php" line="37" class="Hyde\Framework\Testing\Feature\Views\SidebarBrandViewTest" classname="Hyde.Framework.Testing.Feature.Views.SidebarBrandViewTest" assertions="2" time="0.008503"/>
        <testcase name="testSidebarBrandViewWithDefaultHeaderTextAndHomeRoute" file="/home/runner/work/develop/develop/packages/framework/tests/Feature/Views/SidebarBrandViewTest.php" line="47" class="Hyde\Framework\Testing\Feature\Views\SidebarBrandViewTest" classname="Hyde.Framework.Testing.Feature.Views.SidebarBrandViewTest" assertions="3" time="0.009429"/>
        <testcase name="testSidebarBrandViewWithoutDarkmodeFeature" file="/home/runner/work/develop/develop/packages/framework/tests/Feature/Views/SidebarBrandViewTest.php" line="60" class="Hyde\Framework\Testing\Feature\Views\SidebarBrandViewTest" classname="Hyde.Framework.Testing.Feature.Views.SidebarBrandViewTest" assertions="2" time="0.012138"/>
      </testsuite>
      <testsuite name="Hyde\Framework\Testing\Feature\Views\SidebarFooterTextViewTest" file="/home/runner/work/develop/develop/packages/framework/tests/Feature/Views/SidebarFooterTextViewTest.php" tests="4" assertions="4" errors="0" failures="0" skipped="0" time="0.019793">
        <testcase name="testSidebarFooterTextViewWithDefaultConfig" file="/home/runner/work/develop/develop/packages/framework/tests/Feature/Views/SidebarFooterTextViewTest.php" line="15" class="Hyde\Framework\Testing\Feature\Views\SidebarFooterTextViewTest" classname="Hyde.Framework.Testing.Feature.Views.SidebarFooterTextViewTest" assertions="1" time="0.005187"/>
        <testcase name="testSidebarFooterTextViewWhenConfigOptionIsTrue" file="/home/runner/work/develop/develop/packages/framework/tests/Feature/Views/SidebarFooterTextViewTest.php" line="22" class="Hyde\Framework\Testing\Feature\Views\SidebarFooterTextViewTest" classname="Hyde.Framework.Testing.Feature.Views.SidebarFooterTextViewTest" assertions="1" time="0.005014"/>
        <testcase name="testSidebarFooterTextViewWhenConfigOptionIsMarkdownString" file="/home/runner/work/develop/develop/packages/framework/tests/Feature/Views/SidebarFooterTextViewTest.php" line="31" class="Hyde\Framework\Testing\Feature\Views\SidebarFooterTextViewTest" classname="Hyde.Framework.Testing.Feature.Views.SidebarFooterTextViewTest" assertions="1" time="0.005889"/>
        <testcase name="testSidebarFooterTextViewWhenConfigOptionIsFalse" file="/home/runner/work/develop/develop/packages/framework/tests/Feature/Views/SidebarFooterTextViewTest.php" line="40" class="Hyde\Framework\Testing\Feature\Views\SidebarFooterTextViewTest" classname="Hyde.Framework.Testing.Feature.Views.SidebarFooterTextViewTest" assertions="1" time="0.003703"/>
      </testsuite>
    </testsuite>
    <testsuite name="UnitFramework" tests="884" assertions="1300" errors="0" failures="0" skipped="3" time="3.427952">
      <testsuite name="Hyde\Framework\Testing\Unit\AssetServiceUnitTest" file="/home/runner/work/develop/develop/packages/framework/tests/Unit/AssetServiceUnitTest.php" tests="15" assertions="21" errors="0" failures="0" skipped="0" time="0.028693">
        <testcase name="testVersionStringConstant" file="/home/runner/work/develop/develop/packages/framework/tests/Unit/AssetServiceUnitTest.php" line="24" class="Hyde\Framework\Testing\Unit\AssetServiceUnitTest" classname="Hyde.Framework.Testing.Unit.AssetServiceUnitTest" assertions="1" time="0.001695"/>
        <testcase name="testServiceHasVersionString" file="/home/runner/work/develop/develop/packages/framework/tests/Unit/AssetServiceUnitTest.php" line="29" class="Hyde\Framework\Testing\Unit\AssetServiceUnitTest" classname="Hyde.Framework.Testing.Unit.AssetServiceUnitTest" assertions="1" time="0.001654"/>
        <testcase name="testVersionStringDefaultsToConstant" file="/home/runner/work/develop/develop/packages/framework/tests/Unit/AssetServiceUnitTest.php" line="34" class="Hyde\Framework\Testing\Unit\AssetServiceUnitTest" classname="Hyde.Framework.Testing.Unit.AssetServiceUnitTest" assertions="1" time="0.001588"/>
        <testcase name="testVersionCanBeSetInConfig" file="/home/runner/work/develop/develop/packages/framework/tests/Unit/AssetServiceUnitTest.php" line="39" class="Hyde\Framework\Testing\Unit\AssetServiceUnitTest" classname="Hyde.Framework.Testing.Unit.AssetServiceUnitTest" assertions="1" time="0.001757"/>
        <testcase name="testCdnPatternConstant" file="/home/runner/work/develop/develop/packages/framework/tests/Unit/AssetServiceUnitTest.php" line="45" class="Hyde\Framework\Testing\Unit\AssetServiceUnitTest" classname="Hyde.Framework.Testing.Unit.AssetServiceUnitTest" assertions="1" time="0.001722"/>
        <testcase name="testCanSetCustomCdnUrlInConfig" file="/home/runner/work/develop/develop/packages/framework/tests/Unit/AssetServiceUnitTest.php" line="50" class="Hyde\Framework\Testing\Unit\AssetServiceUnitTest" classname="Hyde.Framework.Testing.Unit.AssetServiceUnitTest" assertions="1" time="0.001788"/>
        <testcase name="testCanUseCustomCdnUrlWithVersion" file="/home/runner/work/develop/develop/packages/framework/tests/Unit/AssetServiceUnitTest.php" line="56" class="Hyde\Framework\Testing\Unit\AssetServiceUnitTest" classname="Hyde.Framework.Testing.Unit.AssetServiceUnitTest" assertions="1" time="0.002002"/>
        <testcase name="testCanUseCustomCdnUrlWithFile" file="/home/runner/work/develop/develop/packages/framework/tests/Unit/AssetServiceUnitTest.php" line="62" class="Hyde\Framework\Testing\Unit\AssetServiceUnitTest" classname="Hyde.Framework.Testing.Unit.AssetServiceUnitTest" assertions="1" time="0.001717"/>
        <testcase name="testCanUseCustomCdnUrlWithVersionAndFile" file="/home/runner/work/develop/develop/packages/framework/tests/Unit/AssetServiceUnitTest.php" line="68" class="Hyde\Framework\Testing\Unit\AssetServiceUnitTest" classname="Hyde.Framework.Testing.Unit.AssetServiceUnitTest" assertions="1" time="0.001889"/>
        <testcase name="testCanUseCustomCdnUrlWithCustomVersion" file="/home/runner/work/develop/develop/packages/framework/tests/Unit/AssetServiceUnitTest.php" line="74" class="Hyde\Framework\Testing\Unit\AssetServiceUnitTest" classname="Hyde.Framework.Testing.Unit.AssetServiceUnitTest" assertions="1" time="0.001637"/>
        <testcase name="testCdnLinkHelper" file="/home/runner/work/develop/develop/packages/framework/tests/Unit/AssetServiceUnitTest.php" line="83" class="Hyde\Framework\Testing\Unit\AssetServiceUnitTest" classname="Hyde.Framework.Testing.Unit.AssetServiceUnitTest" assertions="1" time="0.001540"/>
        <testcase name="testHasMediaFileHelper" file="/home/runner/work/develop/develop/packages/framework/tests/Unit/AssetServiceUnitTest.php" line="91" class="Hyde\Framework\Testing\Unit\AssetServiceUnitTest" classname="Hyde.Framework.Testing.Unit.AssetServiceUnitTest" assertions="1" time="0.002208"/>
        <testcase name="testHasMediaFileHelperReturnsTrueForExistingFile" file="/home/runner/work/develop/develop/packages/framework/tests/Unit/AssetServiceUnitTest.php" line="96" class="Hyde\Framework\Testing\Unit\AssetServiceUnitTest" classname="Hyde.Framework.Testing.Unit.AssetServiceUnitTest" assertions="1" time="0.002232"/>
        <testcase name="testInjectTailwindConfigReturnsExtractedTailwindConfig" file="/home/runner/work/develop/develop/packages/framework/tests/Unit/AssetServiceUnitTest.php" line="101" class="Hyde\Framework\Testing\Unit\AssetServiceUnitTest" classname="Hyde.Framework.Testing.Unit.AssetServiceUnitTest" assertions="6" time="0.003014"/>
        <testcase name="testInjectTailwindConfigHandlesMissingConfigFileGracefully" file="/home/runner/work/develop/develop/packages/framework/tests/Unit/AssetServiceUnitTest.php" line="112" class="Hyde\Framework\Testing\Unit\AssetServiceUnitTest" classname="Hyde.Framework.Testing.Unit.AssetServiceUnitTest" assertions="2" time="0.002249"/>
      </testsuite>
      <testsuite name="Hyde\Framework\Testing\Unit\BaseFoundationCollectionTest" file="/home/runner/work/develop/develop/packages/framework/tests/Unit/BaseFoundationCollectionTest.php" tests="4" assertions="8" errors="0" failures="0" skipped="0" time="0.007340">
        <testcase name="testInit" file="/home/runner/work/develop/develop/packages/framework/tests/Unit/BaseFoundationCollectionTest.php" line="18" class="Hyde\Framework\Testing\Unit\BaseFoundationCollectionTest" classname="Hyde.Framework.Testing.Unit.BaseFoundationCollectionTest" assertions="4" time="0.002176"/>
        <testcase name="testExceptionsAreCaughtAndRethrownAsRuntimeExceptions" file="/home/runner/work/develop/develop/packages/framework/tests/Unit/BaseFoundationCollectionTest.php" line="31" class="Hyde\Framework\Testing\Unit\BaseFoundationCollectionTest" classname="Hyde.Framework.Testing.Unit.BaseFoundationCollectionTest" assertions="1" time="0.001732"/>
        <testcase name="testExceptionsAreCaughtAndRethrownWithHelpfulInformation" file="/home/runner/work/develop/develop/packages/framework/tests/Unit/BaseFoundationCollectionTest.php" line="37" class="Hyde\Framework\Testing\Unit\BaseFoundationCollectionTest" classname="Hyde.Framework.Testing.Unit.BaseFoundationCollectionTest" assertions="1" time="0.001700"/>
        <testcase name="testCanGetPreviousException" file="/home/runner/work/develop/develop/packages/framework/tests/Unit/BaseFoundationCollectionTest.php" line="43" class="Hyde\Framework\Testing\Unit\BaseFoundationCollectionTest" classname="Hyde.Framework.Testing.Unit.BaseFoundationCollectionTest" assertions="2" time="0.001731"/>
      </testsuite>
      <testsuite name="Hyde\Framework\Testing\Unit\BlogPostFrontMatterIsOptionalTest" file="/home/runner/work/develop/develop/packages/framework/tests/Unit/BlogPostFrontMatterIsOptionalTest.php" tests="2" assertions="2" errors="0" failures="0" skipped="0" time="0.032921">
        <testcase name="testBlogPostCanBeCreatedWithoutFrontMatter" file="/home/runner/work/develop/develop/packages/framework/tests/Unit/BlogPostFrontMatterIsOptionalTest.php" line="16" class="Hyde\Framework\Testing\Unit\BlogPostFrontMatterIsOptionalTest" classname="Hyde.Framework.Testing.Unit.BlogPostFrontMatterIsOptionalTest" assertions="1" time="0.019169"/>
        <testcase name="testBlogPostFeedCanBeRenderedWhenPostHasNoFrontMatter" file="/home/runner/work/develop/develop/packages/framework/tests/Unit/BlogPostFrontMatterIsOptionalTest.php" line="28" class="Hyde\Framework\Testing\Unit\BlogPostFrontMatterIsOptionalTest" classname="Hyde.Framework.Testing.Unit.BlogPostFrontMatterIsOptionalTest" assertions="1" time="0.013752"/>
      </testsuite>
      <testsuite name="Hyde\Framework\Testing\Unit\BreadcrumbsComponentTest" file="/home/runner/work/develop/develop/packages/framework/tests/Unit/BreadcrumbsComponentTest.php" tests="13" assertions="13" errors="0" failures="0" skipped="0" time="0.066288">
        <testcase name="testCanConstruct" file="/home/runner/work/develop/develop/packages/framework/tests/Unit/BreadcrumbsComponentTest.php" line="36" class="Hyde\Framework\Testing\Unit\BreadcrumbsComponentTest" classname="Hyde.Framework.Testing.Unit.BreadcrumbsComponentTest" assertions="1" time="0.011320"/>
        <testcase name="testCanRender" file="/home/runner/work/develop/develop/packages/framework/tests/Unit/BreadcrumbsComponentTest.php" line="43" class="Hyde\Framework\Testing\Unit\BreadcrumbsComponentTest" classname="Hyde.Framework.Testing.Unit.BreadcrumbsComponentTest" assertions="1" time="0.014009"/>
        <testcase name="testCanGenerateBreadcrumbs" file="/home/runner/work/develop/develop/packages/framework/tests/Unit/BreadcrumbsComponentTest.php" line="58" class="Hyde\Framework\Testing\Unit\BreadcrumbsComponentTest" classname="Hyde.Framework.Testing.Unit.BreadcrumbsComponentTest" assertions="1" time="0.003471"/>
        <testcase name="testCanGenerateBreadcrumbsForIndexPage" file="/home/runner/work/develop/develop/packages/framework/tests/Unit/BreadcrumbsComponentTest.php" line="65" class="Hyde\Framework\Testing\Unit\BreadcrumbsComponentTest" classname="Hyde.Framework.Testing.Unit.BreadcrumbsComponentTest" assertions="1" time="0.003525"/>
        <testcase name="testCanGenerateBreadcrumbsForRootPage" file="/home/runner/work/develop/develop/packages/framework/tests/Unit/BreadcrumbsComponentTest.php" line="72" class="Hyde\Framework\Testing\Unit\BreadcrumbsComponentTest" classname="Hyde.Framework.Testing.Unit.BreadcrumbsComponentTest" assertions="1" time="0.003633"/>
        <testcase name="testCanGenerateBreadcrumbsForNestedPage" file="/home/runner/work/develop/develop/packages/framework/tests/Unit/BreadcrumbsComponentTest.php" line="79" class="Hyde\Framework\Testing\Unit\BreadcrumbsComponentTest" classname="Hyde.Framework.Testing.Unit.BreadcrumbsComponentTest" assertions="1" time="0.003782"/>
        <testcase name="testCanGenerateBreadcrumbsForVeryNestedPage" file="/home/runner/work/develop/develop/packages/framework/tests/Unit/BreadcrumbsComponentTest.php" line="86" class="Hyde\Framework\Testing\Unit\BreadcrumbsComponentTest" classname="Hyde.Framework.Testing.Unit.BreadcrumbsComponentTest" assertions="1" time="0.004097"/>
        <testcase name="testCanGenerateBreadcrumbsForNestedPageWithIndex" file="/home/runner/work/develop/develop/packages/framework/tests/Unit/BreadcrumbsComponentTest.php" line="100" class="Hyde\Framework\Testing\Unit\BreadcrumbsComponentTest" classname="Hyde.Framework.Testing.Unit.BreadcrumbsComponentTest" assertions="1" time="0.003796"/>
        <testcase name="testCanGenerateBreadcrumbsForIndexPageWithPrettyUrls" file="/home/runner/work/develop/develop/packages/framework/tests/Unit/BreadcrumbsComponentTest.php" line="107" class="Hyde\Framework\Testing\Unit\BreadcrumbsComponentTest" classname="Hyde.Framework.Testing.Unit.BreadcrumbsComponentTest" assertions="1" time="0.003623"/>
        <testcase name="testCanGenerateBreadcrumbsForNestedPageWithPrettyUrls" file="/home/runner/work/develop/develop/packages/framework/tests/Unit/BreadcrumbsComponentTest.php" line="115" class="Hyde\Framework\Testing\Unit\BreadcrumbsComponentTest" classname="Hyde.Framework.Testing.Unit.BreadcrumbsComponentTest" assertions="1" time="0.003880"/>
        <testcase name="testCanGenerateBreadcrumbsForNestedPageWithIndexWithPrettyUrls" file="/home/runner/work/develop/develop/packages/framework/tests/Unit/BreadcrumbsComponentTest.php" line="123" class="Hyde\Framework\Testing\Unit\BreadcrumbsComponentTest" classname="Hyde.Framework.Testing.Unit.BreadcrumbsComponentTest" assertions="1" time="0.003875"/>
        <testcase name="testTitleGenerationWithKebabCaseUrl" file="/home/runner/work/develop/develop/packages/framework/tests/Unit/BreadcrumbsComponentTest.php" line="131" class="Hyde\Framework\Testing\Unit\BreadcrumbsComponentTest" classname="Hyde.Framework.Testing.Unit.BreadcrumbsComponentTest" assertions="1" time="0.003646"/>
        <testcase name="testTitleGenerationWithSnakeCaseUrl" file="/home/runner/work/develop/develop/packages/framework/tests/Unit/BreadcrumbsComponentTest.php" line="138" class="Hyde\Framework\Testing\Unit\BreadcrumbsComponentTest" classname="Hyde.Framework.Testing.Unit.BreadcrumbsComponentTest" assertions="1" time="0.003630"/>
      </testsuite>
      <testsuite name="Hyde\Framework\Testing\Unit\BreadcrumbsComponentViewTest" file="/home/runner/work/develop/develop/packages/framework/tests/Unit/BreadcrumbsComponentViewTest.php" tests="6" assertions="17" errors="0" failures="0" skipped="0" time="0.053753">
        <testcase name="testRenderedBladeView" file="/home/runner/work/develop/develop/packages/framework/tests/Unit/BreadcrumbsComponentViewTest.php" line="22" class="Hyde\Framework\Testing\Unit\BreadcrumbsComponentViewTest" classname="Hyde.Framework.Testing.Unit.BreadcrumbsComponentViewTest" assertions="12" time="0.010469"/>
        <testcase name="testRenderedBladeViewOnIndexPage" file="/home/runner/work/develop/develop/packages/framework/tests/Unit/BreadcrumbsComponentViewTest.php" line="41" class="Hyde\Framework\Testing\Unit\BreadcrumbsComponentViewTest" classname="Hyde.Framework.Testing.Unit.BreadcrumbsComponentViewTest" assertions="1" time="0.008333"/>
        <testcase name="testRenderedBladeViewOnNestedPage" file="/home/runner/work/develop/develop/packages/framework/tests/Unit/BreadcrumbsComponentViewTest.php" line="48" class="Hyde\Framework\Testing\Unit\BreadcrumbsComponentViewTest" classname="Hyde.Framework.Testing.Unit.BreadcrumbsComponentViewTest" assertions="1" time="0.008804"/>
        <testcase name="testRenderedBladeViewOnDeeplyNestedPage" file="/home/runner/work/develop/develop/packages/framework/tests/Unit/BreadcrumbsComponentViewTest.php" line="71" class="Hyde\Framework\Testing\Unit\BreadcrumbsComponentViewTest" classname="Hyde.Framework.Testing.Unit.BreadcrumbsComponentViewTest" assertions="1" time="0.008925"/>
        <testcase name="testRenderedBladeViewOnNestedIndexPage" file="/home/runner/work/develop/develop/packages/framework/tests/Unit/BreadcrumbsComponentViewTest.php" line="98" class="Hyde\Framework\Testing\Unit\BreadcrumbsComponentViewTest" classname="Hyde.Framework.Testing.Unit.BreadcrumbsComponentViewTest" assertions="1" time="0.008743"/>
        <testcase name="testRenderedBladeViewWithAttributes" file="/home/runner/work/develop/develop/packages/framework/tests/Unit/BreadcrumbsComponentViewTest.php" line="117" class="Hyde\Framework\Testing\Unit\BreadcrumbsComponentViewTest" classname="Hyde.Framework.Testing.Unit.BreadcrumbsComponentViewTest" assertions="1" time="0.008478"/>
      </testsuite>
      <testsuite name="Hyde\Framework\Testing\Unit\BuildOutputDirectoryCanBeChangedTest" file="/home/runner/work/develop/develop/packages/framework/tests/Unit/BuildOutputDirectoryCanBeChangedTest.php" tests="5" assertions="9" errors="0" failures="0" skipped="0" time="0.107658">
        <testcase name="testSiteOutputDirectoryCanBeChangedForSiteBuilds" file="/home/runner/work/develop/develop/packages/framework/tests/Unit/BuildOutputDirectoryCanBeChangedTest.php" line="19" class="Hyde\Framework\Testing\Unit\BuildOutputDirectoryCanBeChangedTest" classname="Hyde.Framework.Testing.Unit.BuildOutputDirectoryCanBeChangedTest" assertions="3" time="0.044021"/>
        <testcase name="testSiteOutputDirectoryCanBeChangedInStaticPageBuilder" file="/home/runner/work/develop/develop/packages/framework/tests/Unit/BuildOutputDirectoryCanBeChangedTest.php" line="35" class="Hyde\Framework\Testing\Unit\BuildOutputDirectoryCanBeChangedTest" classname="Hyde.Framework.Testing.Unit.BuildOutputDirectoryCanBeChangedTest" assertions="1" time="0.017865"/>
        <testcase name="testOutputDirectoryIsCreatedIfItDoesNotExistInStaticPageBuilder" file="/home/runner/work/develop/develop/packages/framework/tests/Unit/BuildOutputDirectoryCanBeChangedTest.php" line="48" class="Hyde\Framework\Testing\Unit\BuildOutputDirectoryCanBeChangedTest" classname="Hyde.Framework.Testing.Unit.BuildOutputDirectoryCanBeChangedTest" assertions="1" time="0.018369"/>
        <testcase name="testSiteOutputDirectoryCanBeChangedInConfiguration" file="/home/runner/work/develop/develop/packages/framework/tests/Unit/BuildOutputDirectoryCanBeChangedTest.php" line="59" class="Hyde\Framework\Testing\Unit\BuildOutputDirectoryCanBeChangedTest" classname="Hyde.Framework.Testing.Unit.BuildOutputDirectoryCanBeChangedTest" assertions="3" time="0.024416"/>
        <testcase name="testSiteOutputDirectoryPathIsNormalizedToTrimTrailingSlashes" file="/home/runner/work/develop/develop/packages/framework/tests/Unit/BuildOutputDirectoryCanBeChangedTest.php" line="75" class="Hyde\Framework\Testing\Unit\BuildOutputDirectoryCanBeChangedTest" classname="Hyde.Framework.Testing.Unit.BuildOutputDirectoryCanBeChangedTest" assertions="1" time="0.002988"/>
      </testsuite>
      <testsuite name="Hyde\Framework\Testing\Unit\BuildTaskServiceUnitTest" file="/home/runner/work/develop/develop/packages/framework/tests/Unit/BuildTaskServiceUnitTest.php" tests="36" assertions="36" errors="0" failures="0" skipped="0" time="0.088483">
        <testcase name="testConstruct" file="/home/runner/work/develop/develop/packages/framework/tests/Unit/BuildTaskServiceUnitTest.php" line="47" class="Hyde\Framework\Testing\Unit\BuildTaskServiceUnitTest" classname="Hyde.Framework.Testing.Unit.BuildTaskServiceUnitTest" assertions="1" time="0.003235"/>
        <testcase name="testGetTasks" file="/home/runner/work/develop/develop/packages/framework/tests/Unit/BuildTaskServiceUnitTest.php" line="52" class="Hyde\Framework\Testing\Unit\BuildTaskServiceUnitTest" classname="Hyde.Framework.Testing.Unit.BuildTaskServiceUnitTest" assertions="1" time="0.001975"/>
        <testcase name="testGetTasksWithTaskRegisteredInConfig" file="/home/runner/work/develop/develop/packages/framework/tests/Unit/BuildTaskServiceUnitTest.php" line="57" class="Hyde\Framework\Testing\Unit\BuildTaskServiceUnitTest" classname="Hyde.Framework.Testing.Unit.BuildTaskServiceUnitTest" assertions="1" time="0.002549"/>
        <testcase name="testRegisterTask" file="/home/runner/work/develop/develop/packages/framework/tests/Unit/BuildTaskServiceUnitTest.php" line="63" class="Hyde\Framework\Testing\Unit\BuildTaskServiceUnitTest" classname="Hyde.Framework.Testing.Unit.BuildTaskServiceUnitTest" assertions="1" time="0.002033"/>
        <testcase name="testRegisterPreBuildTask" file="/home/runner/work/develop/develop/packages/framework/tests/Unit/BuildTaskServiceUnitTest.php" line="69" class="Hyde\Framework\Testing\Unit\BuildTaskServiceUnitTest" classname="Hyde.Framework.Testing.Unit.BuildTaskServiceUnitTest" assertions="1" time="0.002052"/>
        <testcase name="testRegisterPostBuildTask" file="/home/runner/work/develop/develop/packages/framework/tests/Unit/BuildTaskServiceUnitTest.php" line="75" class="Hyde\Framework\Testing\Unit\BuildTaskServiceUnitTest" classname="Hyde.Framework.Testing.Unit.BuildTaskServiceUnitTest" assertions="1" time="0.002050"/>
        <testcase name="testRegisterInstantiatedTask" file="/home/runner/work/develop/develop/packages/framework/tests/Unit/BuildTaskServiceUnitTest.php" line="81" class="Hyde\Framework\Testing\Unit\BuildTaskServiceUnitTest" classname="Hyde.Framework.Testing.Unit.BuildTaskServiceUnitTest" assertions="1" time="0.002043"/>
        <testcase name="testRegisterInstantiatedPreBuildTask" file="/home/runner/work/develop/develop/packages/framework/tests/Unit/BuildTaskServiceUnitTest.php" line="87" class="Hyde\Framework\Testing\Unit\BuildTaskServiceUnitTest" classname="Hyde.Framework.Testing.Unit.BuildTaskServiceUnitTest" assertions="1" time="0.002053"/>
        <testcase name="testRegisterInstantiatedPostBuildTask" file="/home/runner/work/develop/develop/packages/framework/tests/Unit/BuildTaskServiceUnitTest.php" line="93" class="Hyde\Framework\Testing\Unit\BuildTaskServiceUnitTest" classname="Hyde.Framework.Testing.Unit.BuildTaskServiceUnitTest" assertions="1" time="0.002068"/>
        <testcase name="testRegisterTaskWithInvalidClassTypeThrowsException" file="/home/runner/work/develop/develop/packages/framework/tests/Unit/BuildTaskServiceUnitTest.php" line="99" class="Hyde\Framework\Testing\Unit\BuildTaskServiceUnitTest" classname="Hyde.Framework.Testing.Unit.BuildTaskServiceUnitTest" assertions="1" time="0.002050"/>
        <testcase name="testRegisterTaskWithoutChildExtensionThrowsException" file="/home/runner/work/develop/develop/packages/framework/tests/Unit/BuildTaskServiceUnitTest.php" line="105" class="Hyde\Framework\Testing\Unit\BuildTaskServiceUnitTest" classname="Hyde.Framework.Testing.Unit.BuildTaskServiceUnitTest" assertions="1" time="0.002073"/>
        <testcase name="testRegisterTaskWithBaseClassThrowsException" file="/home/runner/work/develop/develop/packages/framework/tests/Unit/BuildTaskServiceUnitTest.php" line="111" class="Hyde\Framework\Testing\Unit\BuildTaskServiceUnitTest" classname="Hyde.Framework.Testing.Unit.BuildTaskServiceUnitTest" assertions="1" time="0.002031"/>
        <testcase name="testRegisterTaskWithAlreadyRegisteredTask" file="/home/runner/work/develop/develop/packages/framework/tests/Unit/BuildTaskServiceUnitTest.php" line="117" class="Hyde\Framework\Testing\Unit\BuildTaskServiceUnitTest" classname="Hyde.Framework.Testing.Unit.BuildTaskServiceUnitTest" assertions="1" time="0.002068"/>
        <testcase name="testRegisterTaskWithTaskAlreadyRegisteredInConfig" file="/home/runner/work/develop/develop/packages/framework/tests/Unit/BuildTaskServiceUnitTest.php" line="125" class="Hyde\Framework\Testing\Unit\BuildTaskServiceUnitTest" classname="Hyde.Framework.Testing.Unit.BuildTaskServiceUnitTest" assertions="1" time="0.002575"/>
        <testcase name="testCanRegisterFrameworkTasks" file="/home/runner/work/develop/develop/packages/framework/tests/Unit/BuildTaskServiceUnitTest.php" line="134" class="Hyde\Framework\Testing\Unit\BuildTaskServiceUnitTest" classname="Hyde.Framework.Testing.Unit.BuildTaskServiceUnitTest" assertions="1" time="0.002012"/>
        <testcase name="testCanOverloadFrameworkTasks" file="/home/runner/work/develop/develop/packages/framework/tests/Unit/BuildTaskServiceUnitTest.php" line="140" class="Hyde\Framework\Testing\Unit\BuildTaskServiceUnitTest" classname="Hyde.Framework.Testing.Unit.BuildTaskServiceUnitTest" assertions="1" time="0.002016"/>
        <testcase name="testSetOutputWithNull" file="/home/runner/work/develop/develop/packages/framework/tests/Unit/BuildTaskServiceUnitTest.php" line="148" class="Hyde\Framework\Testing\Unit\BuildTaskServiceUnitTest" classname="Hyde.Framework.Testing.Unit.BuildTaskServiceUnitTest" assertions="1" time="0.001935"/>
        <testcase name="testSetOutputWithOutputStyle" file="/home/runner/work/develop/develop/packages/framework/tests/Unit/BuildTaskServiceUnitTest.php" line="154" class="Hyde\Framework\Testing\Unit\BuildTaskServiceUnitTest" classname="Hyde.Framework.Testing.Unit.BuildTaskServiceUnitTest" assertions="1" time="0.002070"/>
        <testcase name="testGenerateBuildManifestExtendsPostBuildTask" file="/home/runner/work/develop/develop/packages/framework/tests/Unit/BuildTaskServiceUnitTest.php" line="160" class="Hyde\Framework\Testing\Unit\BuildTaskServiceUnitTest" classname="Hyde.Framework.Testing.Unit.BuildTaskServiceUnitTest" assertions="1" time="0.001962"/>
        <testcase name="testGenerateRssFeedExtendsPostBuildTask" file="/home/runner/work/develop/develop/packages/framework/tests/Unit/BuildTaskServiceUnitTest.php" line="165" class="Hyde\Framework\Testing\Unit\BuildTaskServiceUnitTest" classname="Hyde.Framework.Testing.Unit.BuildTaskServiceUnitTest" assertions="1" time="0.001950"/>
        <testcase name="testGenerateSearchExtendsPostBuildTask" file="/home/runner/work/develop/develop/packages/framework/tests/Unit/BuildTaskServiceUnitTest.php" line="170" class="Hyde\Framework\Testing\Unit\BuildTaskServiceUnitTest" classname="Hyde.Framework.Testing.Unit.BuildTaskServiceUnitTest" assertions="1" time="0.001950"/>
        <testcase name="testGenerateSitemapExtendsPostBuildTask" file="/home/runner/work/develop/develop/packages/framework/tests/Unit/BuildTaskServiceUnitTest.php" line="175" class="Hyde\Framework\Testing\Unit\BuildTaskServiceUnitTest" classname="Hyde.Framework.Testing.Unit.BuildTaskServiceUnitTest" assertions="1" time="0.001954"/>
        <testcase name="testRunPreBuildTasks" file="/home/runner/work/develop/develop/packages/framework/tests/Unit/BuildTaskServiceUnitTest.php" line="180" class="Hyde\Framework\Testing\Unit\BuildTaskServiceUnitTest" classname="Hyde.Framework.Testing.Unit.BuildTaskServiceUnitTest" assertions="1" time="0.001938"/>
        <testcase name="testRunPostBuildTasks" file="/home/runner/work/develop/develop/packages/framework/tests/Unit/BuildTaskServiceUnitTest.php" line="186" class="Hyde\Framework\Testing\Unit\BuildTaskServiceUnitTest" classname="Hyde.Framework.Testing.Unit.BuildTaskServiceUnitTest" assertions="1" time="0.002004"/>
        <testcase name="testRunPreBuildTasksWithTasks" file="/home/runner/work/develop/develop/packages/framework/tests/Unit/BuildTaskServiceUnitTest.php" line="192" class="Hyde\Framework\Testing\Unit\BuildTaskServiceUnitTest" classname="Hyde.Framework.Testing.Unit.BuildTaskServiceUnitTest" assertions="1" time="0.002114"/>
        <testcase name="testRunPostBuildTasksWithTasks" file="/home/runner/work/develop/develop/packages/framework/tests/Unit/BuildTaskServiceUnitTest.php" line="199" class="Hyde\Framework\Testing\Unit\BuildTaskServiceUnitTest" classname="Hyde.Framework.Testing.Unit.BuildTaskServiceUnitTest" assertions="1" time="0.002113"/>
        <testcase name="testRunPreBuildTasksCallsHandleMethods" file="/home/runner/work/develop/develop/packages/framework/tests/Unit/BuildTaskServiceUnitTest.php" line="206" class="Hyde\Framework\Testing\Unit\BuildTaskServiceUnitTest" classname="Hyde.Framework.Testing.Unit.BuildTaskServiceUnitTest" assertions="1" time="0.006409"/>
        <testcase name="testRunPostBuildTasksCallsHandleMethods" file="/home/runner/work/develop/develop/packages/framework/tests/Unit/BuildTaskServiceUnitTest.php" line="214" class="Hyde\Framework\Testing\Unit\BuildTaskServiceUnitTest" classname="Hyde.Framework.Testing.Unit.BuildTaskServiceUnitTest" assertions="1" time="0.006180"/>
        <testcase name="testRunPreBuildTasksCallsRunMethods" file="/home/runner/work/develop/develop/packages/framework/tests/Unit/BuildTaskServiceUnitTest.php" line="222" class="Hyde\Framework\Testing\Unit\BuildTaskServiceUnitTest" classname="Hyde.Framework.Testing.Unit.BuildTaskServiceUnitTest" assertions="1" time="0.002164"/>
        <testcase name="testRunPostBuildTasksCallsRunMethods" file="/home/runner/work/develop/develop/packages/framework/tests/Unit/BuildTaskServiceUnitTest.php" line="230" class="Hyde\Framework\Testing\Unit\BuildTaskServiceUnitTest" classname="Hyde.Framework.Testing.Unit.BuildTaskServiceUnitTest" assertions="1" time="0.002211"/>
        <testcase name="testRunPreBuildTasksCallsRunMethodsWithNullWhenServiceHasNoOutput" file="/home/runner/work/develop/develop/packages/framework/tests/Unit/BuildTaskServiceUnitTest.php" line="238" class="Hyde\Framework\Testing\Unit\BuildTaskServiceUnitTest" classname="Hyde.Framework.Testing.Unit.BuildTaskServiceUnitTest" assertions="1" time="0.002233"/>
        <testcase name="testRunPostBuildTasksCallsRunMethodsWithNullWhenServiceHasNoOutput" file="/home/runner/work/develop/develop/packages/framework/tests/Unit/BuildTaskServiceUnitTest.php" line="246" class="Hyde\Framework\Testing\Unit\BuildTaskServiceUnitTest" classname="Hyde.Framework.Testing.Unit.BuildTaskServiceUnitTest" assertions="1" time="0.002208"/>
        <testcase name="testRunPreBuildTasksCallsRunMethodsWithOutputWhenServiceHasOutput" file="/home/runner/work/develop/develop/packages/framework/tests/Unit/BuildTaskServiceUnitTest.php" line="254" class="Hyde\Framework\Testing\Unit\BuildTaskServiceUnitTest" classname="Hyde.Framework.Testing.Unit.BuildTaskServiceUnitTest" assertions="1" time="0.002263"/>
        <testcase name="testRunPostBuildTasksCallsRunMethodsWithOutputWhenServiceHasOutput" file="/home/runner/work/develop/develop/packages/framework/tests/Unit/BuildTaskServiceUnitTest.php" line="264" class="Hyde\Framework\Testing\Unit\BuildTaskServiceUnitTest" classname="Hyde.Framework.Testing.Unit.BuildTaskServiceUnitTest" assertions="1" time="0.002287"/>
        <testcase name="testServiceSearchesForTasksInAppDirectory" file="/home/runner/work/develop/develop/packages/framework/tests/Unit/BuildTaskServiceUnitTest.php" line="274" class="Hyde\Framework\Testing\Unit\BuildTaskServiceUnitTest" classname="Hyde.Framework.Testing.Unit.BuildTaskServiceUnitTest" assertions="1" time="0.004354"/>
        <testcase name="testServiceFindsTasksInAppDirectory" file="/home/runner/work/develop/develop/packages/framework/tests/Unit/BuildTaskServiceUnitTest.php" line="290" class="Hyde\Framework\Testing\Unit\BuildTaskServiceUnitTest" classname="Hyde.Framework.Testing.Unit.BuildTaskServiceUnitTest" assertions="1" time="0.003304"/>
      </testsuite>
      <testsuite name="Hyde\Framework\Testing\Unit\BuildWarningsTest" file="/home/runner/work/develop/develop/packages/framework/tests/Unit/BuildWarningsTest.php" tests="18" assertions="21" errors="0" failures="0" skipped="0" time="0.035073">
        <testcase name="testGetInstance" file="/home/runner/work/develop/develop/packages/framework/tests/Unit/BuildWarningsTest.php" line="28" class="Hyde\Framework\Testing\Unit\BuildWarningsTest" classname="Hyde.Framework.Testing.Unit.BuildWarningsTest" assertions="1" time="0.001849"/>
        <testcase name="testGetInstanceReturnsSingleton" file="/home/runner/work/develop/develop/packages/framework/tests/Unit/BuildWarningsTest.php" line="33" class="Hyde\Framework\Testing\Unit\BuildWarningsTest" classname="Hyde.Framework.Testing.Unit.BuildWarningsTest" assertions="1" time="0.001746"/>
        <testcase name="testHasWarnings" file="/home/runner/work/develop/develop/packages/framework/tests/Unit/BuildWarningsTest.php" line="38" class="Hyde\Framework\Testing\Unit\BuildWarningsTest" classname="Hyde.Framework.Testing.Unit.BuildWarningsTest" assertions="1" time="0.001674"/>
        <testcase name="testHasWarningWithWarnings" file="/home/runner/work/develop/develop/packages/framework/tests/Unit/BuildWarningsTest.php" line="43" class="Hyde\Framework\Testing\Unit\BuildWarningsTest" classname="Hyde.Framework.Testing.Unit.BuildWarningsTest" assertions="1" time="0.001718"/>
        <testcase name="testGetWarnings" file="/home/runner/work/develop/develop/packages/framework/tests/Unit/BuildWarningsTest.php" line="50" class="Hyde\Framework\Testing\Unit\BuildWarningsTest" classname="Hyde.Framework.Testing.Unit.BuildWarningsTest" assertions="1" time="0.001702"/>
        <testcase name="testGetWarningsWithWarnings" file="/home/runner/work/develop/develop/packages/framework/tests/Unit/BuildWarningsTest.php" line="55" class="Hyde\Framework\Testing\Unit\BuildWarningsTest" classname="Hyde.Framework.Testing.Unit.BuildWarningsTest" assertions="1" time="0.001904"/>
        <testcase name="testReport" file="/home/runner/work/develop/develop/packages/framework/tests/Unit/BuildWarningsTest.php" line="62" class="Hyde\Framework\Testing\Unit\BuildWarningsTest" classname="Hyde.Framework.Testing.Unit.BuildWarningsTest" assertions="2" time="0.001940"/>
        <testcase name="testReportWithBuildWarningObject" file="/home/runner/work/develop/develop/packages/framework/tests/Unit/BuildWarningsTest.php" line="70" class="Hyde\Framework\Testing\Unit\BuildWarningsTest" classname="Hyde.Framework.Testing.Unit.BuildWarningsTest" assertions="2" time="0.001854"/>
        <testcase name="testReportsWarningsDefaultsToTrue" file="/home/runner/work/develop/develop/packages/framework/tests/Unit/BuildWarningsTest.php" line="78" class="Hyde\Framework\Testing\Unit\BuildWarningsTest" classname="Hyde.Framework.Testing.Unit.BuildWarningsTest" assertions="1" time="0.001860"/>
        <testcase name="testReportsWarningsReturnsTrueWhenTrue" file="/home/runner/work/develop/develop/packages/framework/tests/Unit/BuildWarningsTest.php" line="84" class="Hyde\Framework\Testing\Unit\BuildWarningsTest" classname="Hyde.Framework.Testing.Unit.BuildWarningsTest" assertions="1" time="0.001793"/>
        <testcase name="testReportsWarningsReturnsFalseWhenFalse" file="/home/runner/work/develop/develop/packages/framework/tests/Unit/BuildWarningsTest.php" line="90" class="Hyde\Framework\Testing\Unit\BuildWarningsTest" classname="Hyde.Framework.Testing.Unit.BuildWarningsTest" assertions="1" time="0.001802"/>
        <testcase name="testReportsWarningsAsExceptionsDefaultsToFalse" file="/home/runner/work/develop/develop/packages/framework/tests/Unit/BuildWarningsTest.php" line="96" class="Hyde\Framework\Testing\Unit\BuildWarningsTest" classname="Hyde.Framework.Testing.Unit.BuildWarningsTest" assertions="1" time="0.001873"/>
        <testcase name="testReportsWarningsAsExceptionsReturnsTrueWhenTrue" file="/home/runner/work/develop/develop/packages/framework/tests/Unit/BuildWarningsTest.php" line="102" class="Hyde\Framework\Testing\Unit\BuildWarningsTest" classname="Hyde.Framework.Testing.Unit.BuildWarningsTest" assertions="1" time="0.001835"/>
        <testcase name="testReportsWarningsAsExceptionsReturnsFalseWhenFalse" file="/home/runner/work/develop/develop/packages/framework/tests/Unit/BuildWarningsTest.php" line="108" class="Hyde\Framework\Testing\Unit\BuildWarningsTest" classname="Hyde.Framework.Testing.Unit.BuildWarningsTest" assertions="1" time="0.001826"/>
        <testcase name="testWriteWarningsToOutput" file="/home/runner/work/develop/develop/packages/framework/tests/Unit/BuildWarningsTest.php" line="114" class="Hyde\Framework\Testing\Unit\BuildWarningsTest" classname="Hyde.Framework.Testing.Unit.BuildWarningsTest" assertions="1" time="0.002060"/>
        <testcase name="testWriteWarningsToOutputWithVerboseOutput" file="/home/runner/work/develop/develop/packages/framework/tests/Unit/BuildWarningsTest.php" line="126" class="Hyde\Framework\Testing\Unit\BuildWarningsTest" classname="Hyde.Framework.Testing.Unit.BuildWarningsTest" assertions="2" time="0.002303"/>
        <testcase name="testWriteWarningsToOutputWithConvertingBuildWarningsToExceptions" file="/home/runner/work/develop/develop/packages/framework/tests/Unit/BuildWarningsTest.php" line="143" class="Hyde\Framework\Testing\Unit\BuildWarningsTest" classname="Hyde.Framework.Testing.Unit.BuildWarningsTest" assertions="1" time="0.003692"/>
        <testcase name="testCanConstructBuildWarning" file="/home/runner/work/develop/develop/packages/framework/tests/Unit/BuildWarningsTest.php" line="165" class="Hyde\Framework\Testing\Unit\BuildWarningsTest" classname="Hyde.Framework.Testing.Unit.BuildWarningsTest" assertions="1" time="0.001642"/>
      </testsuite>
      <testsuite name="Hyde\Framework\Testing\Unit\ConfigFileTest" file="/home/runner/work/develop/develop/packages/framework/tests/Unit/ConfigFileTest.php" tests="8" assertions="8" errors="0" failures="0" skipped="0" time="0.019675">
        <testcase name="testDefaultOutputDirectoryValueMatchesDeclaredValue" file="/home/runner/work/develop/develop/packages/framework/tests/Unit/ConfigFileTest.php" line="26" class="Hyde\Framework\Testing\Unit\ConfigFileTest" classname="Hyde.Framework.Testing.Unit.ConfigFileTest" assertions="1" time="0.003620"/>
        <testcase name="testDefaultMediaDirectoryValueMatchesDeclaredValue" file="/home/runner/work/develop/develop/packages/framework/tests/Unit/ConfigFileTest.php" line="31" class="Hyde\Framework\Testing\Unit\ConfigFileTest" classname="Hyde.Framework.Testing.Unit.ConfigFileTest" assertions="1" time="0.002131"/>
        <testcase name="testDefaultSourceRootValueMatchesDeclaredValue" file="/home/runner/work/develop/develop/packages/framework/tests/Unit/ConfigFileTest.php" line="36" class="Hyde\Framework\Testing\Unit\ConfigFileTest" classname="Hyde.Framework.Testing.Unit.ConfigFileTest" assertions="1" time="0.002106"/>
        <testcase name="testDefaultSourceDirectoriesValuesMatchDeclaredValues" file="/home/runner/work/develop/develop/packages/framework/tests/Unit/ConfigFileTest.php" line="41" class="Hyde\Framework\Testing\Unit\ConfigFileTest" classname="Hyde.Framework.Testing.Unit.ConfigFileTest" assertions="1" time="0.002165"/>
        <testcase name="testDefaultSourceDirectoriesValuesCoverAllCoreExtensionClasses" file="/home/runner/work/develop/develop/packages/framework/tests/Unit/ConfigFileTest.php" line="52" class="Hyde\Framework\Testing\Unit\ConfigFileTest" classname="Hyde.Framework.Testing.Unit.ConfigFileTest" assertions="1" time="0.002609"/>
        <testcase name="testDefaultOutputDirectoriesValuesMatchDeclaredValues" file="/home/runner/work/develop/develop/packages/framework/tests/Unit/ConfigFileTest.php" line="60" class="Hyde\Framework\Testing\Unit\ConfigFileTest" classname="Hyde.Framework.Testing.Unit.ConfigFileTest" assertions="1" time="0.002175"/>
        <testcase name="testDefaultOutputDirectoriesValuesCoverAllCoreExtensionClasses" file="/home/runner/work/develop/develop/packages/framework/tests/Unit/ConfigFileTest.php" line="71" class="Hyde\Framework\Testing\Unit\ConfigFileTest" classname="Hyde.Framework.Testing.Unit.ConfigFileTest" assertions="1" time="0.002625"/>
        <testcase name="testDefaultFeaturesArrayMatchesDefaultFeatures" file="/home/runner/work/develop/develop/packages/framework/tests/Unit/ConfigFileTest.php" line="79" class="Hyde\Framework\Testing\Unit\ConfigFileTest" classname="Hyde.Framework.Testing.Unit.ConfigFileTest" assertions="1" time="0.002244"/>
      </testsuite>
      <testsuite name="Hyde\Framework\Testing\Unit\ConsoleServiceProviderUnitTest" file="/home/runner/work/develop/develop/packages/framework/tests/Unit/ConsoleServiceProviderUnitTest.php" tests="2" assertions="2" errors="0" failures="0" skipped="0" time="0.002978">
        <testcase name="testProviderRegistersLogo" file="/home/runner/work/develop/develop/packages/framework/tests/Unit/ConsoleServiceProviderUnitTest.php" line="15" class="Hyde\Framework\Testing\Unit\ConsoleServiceProviderUnitTest" classname="Hyde.Framework.Testing.Unit.ConsoleServiceProviderUnitTest" assertions="1" time="0.001546"/>
        <testcase name="testProviderRegistersNoAnsiLogo" file="/home/runner/work/develop/develop/packages/framework/tests/Unit/ConsoleServiceProviderUnitTest.php" line="29" class="Hyde\Framework\Testing\Unit\ConsoleServiceProviderUnitTest" classname="Hyde.Framework.Testing.Unit.ConsoleServiceProviderUnitTest" assertions="1" time="0.001431"/>
      </testsuite>
      <testsuite name="Hyde\Framework\Testing\Unit\CoreDataObjectTest" file="/home/runner/work/develop/develop/packages/framework/tests/Unit/CoreDataObjectTest.php" tests="3" assertions="3" errors="0" failures="0" skipped="0" time="0.008150">
        <testcase name="testCoreDataObjectWithHydePage" file="/home/runner/work/develop/develop/packages/framework/tests/Unit/CoreDataObjectTest.php" line="20" class="Hyde\Framework\Testing\Unit\CoreDataObjectTest" classname="Hyde.Framework.Testing.Unit.CoreDataObjectTest" assertions="1" time="0.002915"/>
        <testcase name="testCoreDataObjectWithDynamicPage" file="/home/runner/work/develop/develop/packages/framework/tests/Unit/CoreDataObjectTest.php" line="27" class="Hyde\Framework\Testing\Unit\CoreDataObjectTest" classname="Hyde.Framework.Testing.Unit.CoreDataObjectTest" assertions="1" time="0.002605"/>
        <testcase name="testToArray" file="/home/runner/work/develop/develop/packages/framework/tests/Unit/CoreDataObjectTest.php" line="34" class="Hyde\Framework\Testing\Unit\CoreDataObjectTest" classname="Hyde.Framework.Testing.Unit.CoreDataObjectTest" assertions="1" time="0.002630"/>
      </testsuite>
      <testsuite name="Hyde\Framework\Testing\Unit\CreatesNewMarkdownPostFileTest" file="/home/runner/work/develop/develop/packages/framework/tests/Unit/CreatesNewMarkdownPostFileTest.php" tests="5" assertions="9" errors="0" failures="0" skipped="0" time="0.021102">
        <testcase name="testWithDefaultData" file="/home/runner/work/develop/develop/packages/framework/tests/Unit/CreatesNewMarkdownPostFileTest.php" line="26" class="Hyde\Framework\Testing\Unit\CreatesNewMarkdownPostFileTest" classname="Hyde.Framework.Testing.Unit.CreatesNewMarkdownPostFileTest" assertions="5" time="0.003299"/>
        <testcase name="testWithCustomData" file="/home/runner/work/develop/develop/packages/framework/tests/Unit/CreatesNewMarkdownPostFileTest.php" line="39" class="Hyde\Framework\Testing\Unit\CreatesNewMarkdownPostFileTest" classname="Hyde.Framework.Testing.Unit.CreatesNewMarkdownPostFileTest" assertions="1" time="0.003201"/>
        <testcase name="testSave" file="/home/runner/work/develop/develop/packages/framework/tests/Unit/CreatesNewMarkdownPostFileTest.php" line="52" class="Hyde\Framework\Testing\Unit\CreatesNewMarkdownPostFileTest" classname="Hyde.Framework.Testing.Unit.CreatesNewMarkdownPostFileTest" assertions="1" time="0.005800"/>
        <testcase name="testSaveWithCustomContent" file="/home/runner/work/develop/develop/packages/framework/tests/Unit/CreatesNewMarkdownPostFileTest.php" line="75" class="Hyde\Framework\Testing\Unit\CreatesNewMarkdownPostFileTest" classname="Hyde.Framework.Testing.Unit.CreatesNewMarkdownPostFileTest" assertions="1" time="0.005743"/>
        <testcase name="testCustomDateNormalisation" file="/home/runner/work/develop/develop/packages/framework/tests/Unit/CreatesNewMarkdownPostFileTest.php" line="98" class="Hyde\Framework\Testing\Unit\CreatesNewMarkdownPostFileTest" classname="Hyde.Framework.Testing.Unit.CreatesNewMarkdownPostFileTest" assertions="1" time="0.003060"/>
      </testsuite>
      <testsuite name="Hyde\Framework\Testing\Unit\CustomExceptionsTest" file="/home/runner/work/develop/develop/packages/framework/tests/Unit/CustomExceptionsTest.php" tests="17" assertions="17" errors="0" failures="0" skipped="0" time="0.027655">
        <testcase name="testFileConflictExceptionWithDefaultMessage" file="/home/runner/work/develop/develop/packages/framework/tests/Unit/CustomExceptionsTest.php" line="29" class="Hyde\Framework\Testing\Unit\CustomExceptionsTest" classname="Hyde.Framework.Testing.Unit.CustomExceptionsTest" assertions="1" time="0.001728"/>
        <testcase name="testFileConflictExceptionWithPath" file="/home/runner/work/develop/develop/packages/framework/tests/Unit/CustomExceptionsTest.php" line="34" class="Hyde\Framework\Testing\Unit\CustomExceptionsTest" classname="Hyde.Framework.Testing.Unit.CustomExceptionsTest" assertions="1" time="0.001769"/>
        <testcase name="testFileConflictExceptionWithAbsolutePath" file="/home/runner/work/develop/develop/packages/framework/tests/Unit/CustomExceptionsTest.php" line="39" class="Hyde\Framework\Testing\Unit\CustomExceptionsTest" classname="Hyde.Framework.Testing.Unit.CustomExceptionsTest" assertions="1" time="0.001808"/>
        <testcase name="testFileNotFoundExceptionWithDefaultMessage" file="/home/runner/work/develop/develop/packages/framework/tests/Unit/CustomExceptionsTest.php" line="44" class="Hyde\Framework\Testing\Unit\CustomExceptionsTest" classname="Hyde.Framework.Testing.Unit.CustomExceptionsTest" assertions="1" time="0.001615"/>
        <testcase name="testFileNotFoundExceptionWithPath" file="/home/runner/work/develop/develop/packages/framework/tests/Unit/CustomExceptionsTest.php" line="49" class="Hyde\Framework\Testing\Unit\CustomExceptionsTest" classname="Hyde.Framework.Testing.Unit.CustomExceptionsTest" assertions="1" time="0.001732"/>
        <testcase name="testFileNotFoundExceptionWithAbsolutePath" file="/home/runner/work/develop/develop/packages/framework/tests/Unit/CustomExceptionsTest.php" line="54" class="Hyde\Framework\Testing\Unit\CustomExceptionsTest" classname="Hyde.Framework.Testing.Unit.CustomExceptionsTest" assertions="1" time="0.001790"/>
        <testcase name="testFileNotFoundExceptionWithCustomPath" file="/home/runner/work/develop/develop/packages/framework/tests/Unit/CustomExceptionsTest.php" line="59" class="Hyde\Framework\Testing\Unit\CustomExceptionsTest" classname="Hyde.Framework.Testing.Unit.CustomExceptionsTest" assertions="1" time="0.001594"/>
        <testcase name="testRouteNotFoundExceptionWithDefaultMessage" file="/home/runner/work/develop/develop/packages/framework/tests/Unit/CustomExceptionsTest.php" line="64" class="Hyde\Framework\Testing\Unit\CustomExceptionsTest" classname="Hyde.Framework.Testing.Unit.CustomExceptionsTest" assertions="1" time="0.001575"/>
        <testcase name="testRouteNotFoundExceptionWithRouteKey" file="/home/runner/work/develop/develop/packages/framework/tests/Unit/CustomExceptionsTest.php" line="69" class="Hyde\Framework\Testing\Unit\CustomExceptionsTest" classname="Hyde.Framework.Testing.Unit.CustomExceptionsTest" assertions="1" time="0.001570"/>
        <testcase name="testUnsupportedPageTypeExceptionWithDefaultMessage" file="/home/runner/work/develop/develop/packages/framework/tests/Unit/CustomExceptionsTest.php" line="74" class="Hyde\Framework\Testing\Unit\CustomExceptionsTest" classname="Hyde.Framework.Testing.Unit.CustomExceptionsTest" assertions="1" time="0.001617"/>
        <testcase name="testUnsupportedPageTypeExceptionWithPage" file="/home/runner/work/develop/develop/packages/framework/tests/Unit/CustomExceptionsTest.php" line="79" class="Hyde\Framework\Testing\Unit\CustomExceptionsTest" classname="Hyde.Framework.Testing.Unit.CustomExceptionsTest" assertions="1" time="0.001580"/>
        <testcase name="testBaseUrlNotSetException" file="/home/runner/work/develop/develop/packages/framework/tests/Unit/CustomExceptionsTest.php" line="84" class="Hyde\Framework\Testing\Unit\CustomExceptionsTest" classname="Hyde.Framework.Testing.Unit.CustomExceptionsTest" assertions="1" time="0.001514"/>
        <testcase name="testFileConflictExceptionCode" file="/home/runner/work/develop/develop/packages/framework/tests/Unit/CustomExceptionsTest.php" line="89" class="Hyde\Framework\Testing\Unit\CustomExceptionsTest" classname="Hyde.Framework.Testing.Unit.CustomExceptionsTest" assertions="1" time="0.001592"/>
        <testcase name="testFileNotFoundExceptionCode" file="/home/runner/work/develop/develop/packages/framework/tests/Unit/CustomExceptionsTest.php" line="94" class="Hyde\Framework\Testing\Unit\CustomExceptionsTest" classname="Hyde.Framework.Testing.Unit.CustomExceptionsTest" assertions="1" time="0.001545"/>
        <testcase name="testRouteNotFoundExceptionCode" file="/home/runner/work/develop/develop/packages/framework/tests/Unit/CustomExceptionsTest.php" line="99" class="Hyde\Framework\Testing\Unit\CustomExceptionsTest" classname="Hyde.Framework.Testing.Unit.CustomExceptionsTest" assertions="1" time="0.001548"/>
        <testcase name="testUnsupportedPageTypeExceptionCode" file="/home/runner/work/develop/develop/packages/framework/tests/Unit/CustomExceptionsTest.php" line="104" class="Hyde\Framework\Testing\Unit\CustomExceptionsTest" classname="Hyde.Framework.Testing.Unit.CustomExceptionsTest" assertions="1" time="0.001568"/>
        <testcase name="testBaseUrlNotSetExceptionCode" file="/home/runner/work/develop/develop/packages/framework/tests/Unit/CustomExceptionsTest.php" line="109" class="Hyde\Framework\Testing\Unit\CustomExceptionsTest" classname="Hyde.Framework.Testing.Unit.CustomExceptionsTest" assertions="1" time="0.001510"/>
      </testsuite>
      <testsuite name="Hyde\Framework\Testing\Unit\DataCollectionUnitTest" file="/home/runner/work/develop/develop/packages/framework/tests/Unit/DataCollectionUnitTest.php" tests="9" assertions="9" errors="0" failures="0" skipped="0" time="0.017755">
        <testcase name="testClassHasStaticSourceDirectoryProperty" file="/home/runner/work/develop/develop/packages/framework/tests/Unit/DataCollectionUnitTest.php" line="26" class="Hyde\Framework\Testing\Unit\DataCollectionUnitTest" classname="Hyde.Framework.Testing.Unit.DataCollectionUnitTest" assertions="1" time="0.001569"/>
        <testcase name="testConstructorCreatesNewDataCollectionInstance" file="/home/runner/work/develop/develop/packages/framework/tests/Unit/DataCollectionUnitTest.php" line="31" class="Hyde\Framework\Testing\Unit\DataCollectionUnitTest" classname="Hyde.Framework.Testing.Unit.DataCollectionUnitTest" assertions="1" time="0.001483"/>
        <testcase name="testClassExtendsCollectionClass" file="/home/runner/work/develop/develop/packages/framework/tests/Unit/DataCollectionUnitTest.php" line="36" class="Hyde\Framework\Testing\Unit\DataCollectionUnitTest" classname="Hyde.Framework.Testing.Unit.DataCollectionUnitTest" assertions="1" time="0.001426"/>
        <testcase name="testCanConvertCollectionToArray" file="/home/runner/work/develop/develop/packages/framework/tests/Unit/DataCollectionUnitTest.php" line="41" class="Hyde\Framework\Testing\Unit\DataCollectionUnitTest" classname="Hyde.Framework.Testing.Unit.DataCollectionUnitTest" assertions="1" time="0.001488"/>
        <testcase name="testCanConvertCollectionToJson" file="/home/runner/work/develop/develop/packages/framework/tests/Unit/DataCollectionUnitTest.php" line="46" class="Hyde\Framework\Testing\Unit\DataCollectionUnitTest" classname="Hyde.Framework.Testing.Unit.DataCollectionUnitTest" assertions="1" time="0.001449"/>
        <testcase name="testFindMarkdownFilesCallsProperGlobPattern" file="/home/runner/work/develop/develop/packages/framework/tests/Unit/DataCollectionUnitTest.php" line="51" class="Hyde\Framework\Testing\Unit\DataCollectionUnitTest" classname="Hyde.Framework.Testing.Unit.DataCollectionUnitTest" assertions="1" time="0.002555"/>
        <testcase name="testFindMarkdownFilesWithNoFiles" file="/home/runner/work/develop/develop/packages/framework/tests/Unit/DataCollectionUnitTest.php" line="66" class="Hyde\Framework\Testing\Unit\DataCollectionUnitTest" classname="Hyde.Framework.Testing.Unit.DataCollectionUnitTest" assertions="1" time="0.002448"/>
        <testcase name="testFindMarkdownFilesWithFiles" file="/home/runner/work/develop/develop/packages/framework/tests/Unit/DataCollectionUnitTest.php" line="80" class="Hyde\Framework\Testing\Unit\DataCollectionUnitTest" classname="Hyde.Framework.Testing.Unit.DataCollectionUnitTest" assertions="1" time="0.002825"/>
        <testcase name="testStaticMarkdownHelperReturnsNewDataCollectionInstance" file="/home/runner/work/develop/develop/packages/framework/tests/Unit/DataCollectionUnitTest.php" line="95" class="Hyde\Framework\Testing\Unit\DataCollectionUnitTest" classname="Hyde.Framework.Testing.Unit.DataCollectionUnitTest" assertions="1" time="0.002512"/>
      </testsuite>
      <testsuite name="Hyde\Framework\Testing\Unit\DateStringTest" file="/home/runner/work/develop/develop/packages/framework/tests/Unit/DateStringTest.php" tests="6" assertions="6" errors="0" failures="0" skipped="0" time="0.008742">
        <testcase name="testItCanParseDateString" file="/home/runner/work/develop/develop/packages/framework/tests/Unit/DateStringTest.php" line="16" class="Hyde\Framework\Testing\Unit\DateStringTest" classname="Hyde.Framework.Testing.Unit.DateStringTest" assertions="1" time="0.001559"/>
        <testcase name="testItCanParseDateStringIntoDatetimeObject" file="/home/runner/work/develop/develop/packages/framework/tests/Unit/DateStringTest.php" line="22" class="Hyde\Framework\Testing\Unit\DateStringTest" classname="Hyde.Framework.Testing.Unit.DateStringTest" assertions="1" time="0.001417"/>
        <testcase name="testItCanFormatDateStringIntoMachineReadableString" file="/home/runner/work/develop/develop/packages/framework/tests/Unit/DateStringTest.php" line="28" class="Hyde\Framework\Testing\Unit\DateStringTest" classname="Hyde.Framework.Testing.Unit.DateStringTest" assertions="1" time="0.001428"/>
        <testcase name="testItCanFormatDateStringIntoHumanReadableString" file="/home/runner/work/develop/develop/packages/framework/tests/Unit/DateStringTest.php" line="34" class="Hyde\Framework\Testing\Unit\DateStringTest" classname="Hyde.Framework.Testing.Unit.DateStringTest" assertions="1" time="0.001445"/>
        <testcase name="testItCanFormatDateStringIntoShortHumanReadableString" file="/home/runner/work/develop/develop/packages/framework/tests/Unit/DateStringTest.php" line="40" class="Hyde\Framework\Testing\Unit\DateStringTest" classname="Hyde.Framework.Testing.Unit.DateStringTest" assertions="1" time="0.001425"/>
        <testcase name="testItCanFormatDateStringIntoShortHumanReadableStringUsingMagicMethod" file="/home/runner/work/develop/develop/packages/framework/tests/Unit/DateStringTest.php" line="46" class="Hyde\Framework\Testing\Unit\DateStringTest" classname="Hyde.Framework.Testing.Unit.DateStringTest" assertions="1" time="0.001469"/>
      </testsuite>
      <testsuite name="Hyde\Framework\Testing\Unit\DocumentationPageTest" file="/home/runner/work/develop/develop/packages/framework/tests/Unit/DocumentationPageTest.php" tests="28" assertions="42" errors="0" failures="0" skipped="0" time="0.157598">
        <testcase name="testCanGenerateTableOfContents" file="/home/runner/work/develop/develop/packages/framework/tests/Unit/DocumentationPageTest.php" line="25" class="Hyde\Framework\Testing\Unit\DocumentationPageTest" classname="Hyde.Framework.Testing.Unit.DocumentationPageTest" assertions="1" time="0.006313"/>
        <testcase name="testCanGetCurrentPagePath" file="/home/runner/work/develop/develop/packages/framework/tests/Unit/DocumentationPageTest.php" line="31" class="Hyde\Framework\Testing\Unit\DocumentationPageTest" classname="Hyde.Framework.Testing.Unit.DocumentationPageTest" assertions="1" time="0.004360"/>
        <testcase name="testCanGetCurrentCustomPagePath" file="/home/runner/work/develop/develop/packages/framework/tests/Unit/DocumentationPageTest.php" line="37" class="Hyde\Framework\Testing\Unit\DocumentationPageTest" classname="Hyde.Framework.Testing.Unit.DocumentationPageTest" assertions="1" time="0.005143"/>
        <testcase name="testCanGetCurrentPagePathWhenUsingFlattenedOutputPaths" file="/home/runner/work/develop/develop/packages/framework/tests/Unit/DocumentationPageTest.php" line="46" class="Hyde\Framework\Testing\Unit\DocumentationPageTest" classname="Hyde.Framework.Testing.Unit.DocumentationPageTest" assertions="2" time="0.005948"/>
        <testcase name="testCanGetCurrentPagePathWhenNotUsingFlattenedOutputPaths" file="/home/runner/work/develop/develop/packages/framework/tests/Unit/DocumentationPageTest.php" line="60" class="Hyde\Framework\Testing\Unit\DocumentationPageTest" classname="Hyde.Framework.Testing.Unit.DocumentationPageTest" assertions="2" time="0.005939"/>
        <testcase name="testCanGetOnlineSourcePath" file="/home/runner/work/develop/develop/packages/framework/tests/Unit/DocumentationPageTest.php" line="74" class="Hyde\Framework\Testing\Unit\DocumentationPageTest" classname="Hyde.Framework.Testing.Unit.DocumentationPageTest" assertions="1" time="0.004509"/>
        <testcase name="testCanGetOnlineSourcePathWithSourceFileLocationBase" file="/home/runner/work/develop/develop/packages/framework/tests/Unit/DocumentationPageTest.php" line="80" class="Hyde\Framework\Testing\Unit\DocumentationPageTest" classname="Hyde.Framework.Testing.Unit.DocumentationPageTest" assertions="1" time="0.004527"/>
        <testcase name="testCanGetOnlineSourcePathWithTrailingSlash" file="/home/runner/work/develop/develop/packages/framework/tests/Unit/DocumentationPageTest.php" line="87" class="Hyde\Framework\Testing\Unit\DocumentationPageTest" classname="Hyde.Framework.Testing.Unit.DocumentationPageTest" assertions="2" time="0.004638"/>
        <testcase name="testCanGetDocumentationOutputPath" file="/home/runner/work/develop/develop/packages/framework/tests/Unit/DocumentationPageTest.php" line="98" class="Hyde\Framework\Testing\Unit\DocumentationPageTest" classname="Hyde.Framework.Testing.Unit.DocumentationPageTest" assertions="1" time="0.003114"/>
        <testcase name="testCanGetDocumentationOutputPathWithCustomOutputDirectory" file="/home/runner/work/develop/develop/packages/framework/tests/Unit/DocumentationPageTest.php" line="103" class="Hyde\Framework\Testing\Unit\DocumentationPageTest" classname="Hyde.Framework.Testing.Unit.DocumentationPageTest" assertions="1" time="0.003986"/>
        <testcase name="testCanGetDocumentationOutputPathWithTrailingSlashes" file="/home/runner/work/develop/develop/packages/framework/tests/Unit/DocumentationPageTest.php" line="110" class="Hyde\Framework\Testing\Unit\DocumentationPageTest" classname="Hyde.Framework.Testing.Unit.DocumentationPageTest" assertions="5" time="0.007209"/>
        <testcase name="testGetSourcePathReturnsQualifiedBasename" file="/home/runner/work/develop/develop/packages/framework/tests/Unit/DocumentationPageTest.php" line="127" class="Hyde\Framework\Testing\Unit\DocumentationPageTest" classname="Hyde.Framework.Testing.Unit.DocumentationPageTest" assertions="1" time="0.004518"/>
        <testcase name="testGetSourcePathReturnsQualifiedBasenameForNestedPage" file="/home/runner/work/develop/develop/packages/framework/tests/Unit/DocumentationPageTest.php" line="135" class="Hyde\Framework\Testing\Unit\DocumentationPageTest" classname="Hyde.Framework.Testing.Unit.DocumentationPageTest" assertions="1" time="0.004497"/>
        <testcase name="testHomeMethodReturnsNullWhenThereIsNoIndexPage" file="/home/runner/work/develop/develop/packages/framework/tests/Unit/DocumentationPageTest.php" line="143" class="Hyde\Framework\Testing\Unit\DocumentationPageTest" classname="Hyde.Framework.Testing.Unit.DocumentationPageTest" assertions="1" time="0.007276"/>
        <testcase name="testHomeMethodReturnsDocsIndexRouteWhenItExists" file="/home/runner/work/develop/develop/packages/framework/tests/Unit/DocumentationPageTest.php" line="148" class="Hyde\Framework\Testing\Unit\DocumentationPageTest" classname="Hyde.Framework.Testing.Unit.DocumentationPageTest" assertions="2" time="0.008436"/>
        <testcase name="testHomeMethodFindsDocsIndexForCustomOutputDirectory" file="/home/runner/work/develop/develop/packages/framework/tests/Unit/DocumentationPageTest.php" line="156" class="Hyde\Framework\Testing\Unit\DocumentationPageTest" classname="Hyde.Framework.Testing.Unit.DocumentationPageTest" assertions="2" time="0.009332"/>
        <testcase name="testHomeMethodFindsDocsIndexForCustomNestedOutputDirectory" file="/home/runner/work/develop/develop/packages/framework/tests/Unit/DocumentationPageTest.php" line="168" class="Hyde\Framework\Testing\Unit\DocumentationPageTest" classname="Hyde.Framework.Testing.Unit.DocumentationPageTest" assertions="2" time="0.015569"/>
        <testcase name="testHomeRouteNameMethodReturnsOutputDirectorySlashIndex" file="/home/runner/work/develop/develop/packages/framework/tests/Unit/DocumentationPageTest.php" line="181" class="Hyde\Framework\Testing\Unit\DocumentationPageTest" classname="Hyde.Framework.Testing.Unit.DocumentationPageTest" assertions="1" time="0.003125"/>
        <testcase name="testHomeRouteNameMethodReturnsCustomizedOutputDirectorySlashIndex" file="/home/runner/work/develop/develop/packages/framework/tests/Unit/DocumentationPageTest.php" line="186" class="Hyde\Framework\Testing\Unit\DocumentationPageTest" classname="Hyde.Framework.Testing.Unit.DocumentationPageTest" assertions="1" time="0.004033"/>
        <testcase name="testHasTableOfContents" file="/home/runner/work/develop/develop/packages/framework/tests/Unit/DocumentationPageTest.php" line="194" class="Hyde\Framework\Testing\Unit\DocumentationPageTest" classname="Hyde.Framework.Testing.Unit.DocumentationPageTest" assertions="3" time="0.003444"/>
        <testcase name="testCompiledPagesOriginatingInSubdirectoriesGetOutputToRootDocsPath" file="/home/runner/work/develop/develop/packages/framework/tests/Unit/DocumentationPageTest.php" line="205" class="Hyde\Framework\Testing\Unit\DocumentationPageTest" classname="Hyde.Framework.Testing.Unit.DocumentationPageTest" assertions="1" time="0.004577"/>
        <testcase name="testCompiledPagesOriginatingInSubdirectoriesGetOutputToRootDocsPathWhenUsingFlattenedOutputPaths" file="/home/runner/work/develop/develop/packages/framework/tests/Unit/DocumentationPageTest.php" line="211" class="Hyde\Framework\Testing\Unit\DocumentationPageTest" classname="Hyde.Framework.Testing.Unit.DocumentationPageTest" assertions="1" time="0.004606"/>
        <testcase name="testCompiledPagesOriginatingInSubdirectoriesRetainSubdirectoryStructureWhenNotUsingFlattenedOutputPaths" file="/home/runner/work/develop/develop/packages/framework/tests/Unit/DocumentationPageTest.php" line="218" class="Hyde\Framework\Testing\Unit\DocumentationPageTest" classname="Hyde.Framework.Testing.Unit.DocumentationPageTest" assertions="1" time="0.004644"/>
        <testcase name="testPageHasFrontMatter" file="/home/runner/work/develop/develop/packages/framework/tests/Unit/DocumentationPageTest.php" line="225" class="Hyde\Framework\Testing\Unit\DocumentationPageTest" classname="Hyde.Framework.Testing.Unit.DocumentationPageTest" assertions="3" time="0.006045"/>
        <testcase name="testPageCanBeHiddenFromSidebarUsingFrontMatter" file="/home/runner/work/develop/develop/packages/framework/tests/Unit/DocumentationPageTest.php" line="239" class="Hyde\Framework\Testing\Unit\DocumentationPageTest" classname="Hyde.Framework.Testing.Unit.DocumentationPageTest" assertions="1" time="0.005580"/>
        <testcase name="testPageIsVisibleInSidebarWithoutUsingFrontMatter" file="/home/runner/work/develop/develop/packages/framework/tests/Unit/DocumentationPageTest.php" line="250" class="Hyde\Framework\Testing\Unit\DocumentationPageTest" classname="Hyde.Framework.Testing.Unit.DocumentationPageTest" assertions="1" time="0.005278"/>
        <testcase name="testPageCanSetSidebarPriorityUsingFrontMatter" file="/home/runner/work/develop/develop/packages/framework/tests/Unit/DocumentationPageTest.php" line="257" class="Hyde\Framework\Testing\Unit\DocumentationPageTest" classname="Hyde.Framework.Testing.Unit.DocumentationPageTest" assertions="1" time="0.005482"/>
        <testcase name="testPageCanSetSidebarLabelUsingFrontMatter" file="/home/runner/work/develop/develop/packages/framework/tests/Unit/DocumentationPageTest.php" line="268" class="Hyde\Framework\Testing\Unit\DocumentationPageTest" classname="Hyde.Framework.Testing.Unit.DocumentationPageTest" assertions="1" time="0.005471"/>
      </testsuite>
      <testsuite name="Hyde\Framework\Testing\Unit\DropdownNavItemTest" file="/home/runner/work/develop/develop/packages/framework/tests/Unit/DropdownNavItemTest.php" tests="7" assertions="12" errors="0" failures="0" skipped="0" time="0.013603">
        <testcase name="testConstruct" file="/home/runner/work/develop/develop/packages/framework/tests/Unit/DropdownNavItemTest.php" line="35" class="Hyde\Framework\Testing\Unit\DropdownNavItemTest" classname="Hyde.Framework.Testing.Unit.DropdownNavItemTest" assertions="3" time="0.001818"/>
        <testcase name="testConstructWithCustomPriority" file="/home/runner/work/develop/develop/packages/framework/tests/Unit/DropdownNavItemTest.php" line="44" class="Hyde\Framework\Testing\Unit\DropdownNavItemTest" classname="Hyde.Framework.Testing.Unit.DropdownNavItemTest" assertions="1" time="0.001469"/>
        <testcase name="testConstructWithNullPriority" file="/home/runner/work/develop/develop/packages/framework/tests/Unit/DropdownNavItemTest.php" line="51" class="Hyde\Framework\Testing\Unit\DropdownNavItemTest" classname="Hyde.Framework.Testing.Unit.DropdownNavItemTest" assertions="1" time="0.001522"/>
        <testcase name="testFromArray" file="/home/runner/work/develop/develop/packages/framework/tests/Unit/DropdownNavItemTest.php" line="58" class="Hyde\Framework\Testing\Unit\DropdownNavItemTest" classname="Hyde.Framework.Testing.Unit.DropdownNavItemTest" assertions="2" time="0.001592"/>
        <testcase name="testWithChildren" file="/home/runner/work/develop/develop/packages/framework/tests/Unit/DropdownNavItemTest.php" line="66" class="Hyde\Framework\Testing\Unit\DropdownNavItemTest" classname="Hyde.Framework.Testing.Unit.DropdownNavItemTest" assertions="2" time="0.002760"/>
        <testcase name="testGetItems" file="/home/runner/work/develop/develop/packages/framework/tests/Unit/DropdownNavItemTest.php" line="79" class="Hyde\Framework\Testing\Unit\DropdownNavItemTest" classname="Hyde.Framework.Testing.Unit.DropdownNavItemTest" assertions="2" time="0.002879"/>
        <testcase name="testCanSetPriorityInConfig" file="/home/runner/work/develop/develop/packages/framework/tests/Unit/DropdownNavItemTest.php" line="92" class="Hyde\Framework\Testing\Unit\DropdownNavItemTest" classname="Hyde.Framework.Testing.Unit.DropdownNavItemTest" assertions="1" time="0.001564"/>
      </testsuite>
      <testsuite name="Hyde\Framework\Testing\Unit\EnsureCodeFollowsNamingConventionTest" file="/home/runner/work/develop/develop/packages/framework/tests/Unit/EnsureCodeFollowsNamingConventionTest.php" tests="2" assertions="42" errors="0" failures="0" skipped="0" time="0.006824">
        <testcase name="testCommandsClassesFollowNamingConventions" file="/home/runner/work/develop/develop/packages/framework/tests/Unit/EnsureCodeFollowsNamingConventionTest.php" line="17" class="Hyde\Framework\Testing\Unit\EnsureCodeFollowsNamingConventionTest" classname="Hyde.Framework.Testing.Unit.EnsureCodeFollowsNamingConventionTest" assertions="35" time="0.004772"/>
        <testcase name="testActionEntryPointsFollowNamingConventions" file="/home/runner/work/develop/develop/packages/framework/tests/Unit/EnsureCodeFollowsNamingConventionTest.php" line="31" class="Hyde\Framework\Testing\Unit\EnsureCodeFollowsNamingConventionTest" classname="Hyde.Framework.Testing.Unit.EnsureCodeFollowsNamingConventionTest" assertions="7" time="0.002051"/>
      </testsuite>
      <testsuite name="Hyde\Framework\Testing\Unit\ExtensionsUnitTest" file="/home/runner/work/develop/develop/packages/framework/tests/Unit/ExtensionsUnitTest.php" tests="21" assertions="35" errors="0" failures="0" skipped="0" time="0.057866">
        <testcase name="testBaseClassGetPageClasses" file="/home/runner/work/develop/develop/packages/framework/tests/Unit/ExtensionsUnitTest.php" line="45" class="Hyde\Framework\Testing\Unit\ExtensionsUnitTest" classname="Hyde.Framework.Testing.Unit.ExtensionsUnitTest" assertions="1" time="0.002091"/>
        <testcase name="testBaseClassDiscoveryHandlers" file="/home/runner/work/develop/develop/packages/framework/tests/Unit/ExtensionsUnitTest.php" line="50" class="Hyde\Framework\Testing\Unit\ExtensionsUnitTest" classname="Hyde.Framework.Testing.Unit.ExtensionsUnitTest" assertions="1" time="0.005837"/>
        <testcase name="testCanRegisterNewExtension" file="/home/runner/work/develop/develop/packages/framework/tests/Unit/ExtensionsUnitTest.php" line="61" class="Hyde\Framework\Testing\Unit\ExtensionsUnitTest" classname="Hyde.Framework.Testing.Unit.ExtensionsUnitTest" assertions="1" time="0.002164"/>
        <testcase name="testRegisterExtensionAfterKernelIsBooted" file="/home/runner/work/develop/develop/packages/framework/tests/Unit/ExtensionsUnitTest.php" line="68" class="Hyde\Framework\Testing\Unit\ExtensionsUnitTest" classname="Hyde.Framework.Testing.Unit.ExtensionsUnitTest" assertions="2" time="0.005290"/>
        <testcase name="testRegisterExtensionWithInvalidExtensionClass" file="/home/runner/work/develop/develop/packages/framework/tests/Unit/ExtensionsUnitTest.php" line="78" class="Hyde\Framework\Testing\Unit\ExtensionsUnitTest" classname="Hyde.Framework.Testing.Unit.ExtensionsUnitTest" assertions="2" time="0.001898"/>
        <testcase name="testRegisterExtensionWithNonClassString" file="/home/runner/work/develop/develop/packages/framework/tests/Unit/ExtensionsUnitTest.php" line="86" class="Hyde\Framework\Testing\Unit\ExtensionsUnitTest" classname="Hyde.Framework.Testing.Unit.ExtensionsUnitTest" assertions="2" time="0.001970"/>
        <testcase name="testRegisterExtensionWithAlreadyRegisteredExtension" file="/home/runner/work/develop/develop/packages/framework/tests/Unit/ExtensionsUnitTest.php" line="94" class="Hyde\Framework\Testing\Unit\ExtensionsUnitTest" classname="Hyde.Framework.Testing.Unit.ExtensionsUnitTest" assertions="2" time="0.001910"/>
        <testcase name="testRegisterExtensionMethodDoesNotRegisterAlreadyRegisteredClasses" file="/home/runner/work/develop/develop/packages/framework/tests/Unit/ExtensionsUnitTest.php" line="103" class="Hyde\Framework\Testing\Unit\ExtensionsUnitTest" classname="Hyde.Framework.Testing.Unit.ExtensionsUnitTest" assertions="1" time="0.001898"/>
        <testcase name="testGetExtensionWithValidExtension" file="/home/runner/work/develop/develop/packages/framework/tests/Unit/ExtensionsUnitTest.php" line="116" class="Hyde\Framework\Testing\Unit\ExtensionsUnitTest" classname="Hyde.Framework.Testing.Unit.ExtensionsUnitTest" assertions="1" time="0.001761"/>
        <testcase name="testGetExtensionWithCustomExtension" file="/home/runner/work/develop/develop/packages/framework/tests/Unit/ExtensionsUnitTest.php" line="121" class="Hyde\Framework\Testing\Unit\ExtensionsUnitTest" classname="Hyde.Framework.Testing.Unit.ExtensionsUnitTest" assertions="1" time="0.001781"/>
        <testcase name="testGetExtensionWithInvalidExtension" file="/home/runner/work/develop/develop/packages/framework/tests/Unit/ExtensionsUnitTest.php" line="128" class="Hyde\Framework\Testing\Unit\ExtensionsUnitTest" classname="Hyde.Framework.Testing.Unit.ExtensionsUnitTest" assertions="2" time="0.001858"/>
        <testcase name="testGetExtensionGenerics" file="/home/runner/work/develop/develop/packages/framework/tests/Unit/ExtensionsUnitTest.php" line="136" class="Hyde\Framework\Testing\Unit\ExtensionsUnitTest" classname="Hyde.Framework.Testing.Unit.ExtensionsUnitTest" assertions="3" time="0.001908"/>
        <testcase name="testHasExtensionWithValidExtension" file="/home/runner/work/develop/develop/packages/framework/tests/Unit/ExtensionsUnitTest.php" line="148" class="Hyde\Framework\Testing\Unit\ExtensionsUnitTest" classname="Hyde.Framework.Testing.Unit.ExtensionsUnitTest" assertions="1" time="0.001727"/>
        <testcase name="testHasExtensionWithCustomExtension" file="/home/runner/work/develop/develop/packages/framework/tests/Unit/ExtensionsUnitTest.php" line="153" class="Hyde\Framework\Testing\Unit\ExtensionsUnitTest" classname="Hyde.Framework.Testing.Unit.ExtensionsUnitTest" assertions="1" time="0.001747"/>
        <testcase name="testHasExtensionWithInvalidExtension" file="/home/runner/work/develop/develop/packages/framework/tests/Unit/ExtensionsUnitTest.php" line="160" class="Hyde\Framework\Testing\Unit\ExtensionsUnitTest" classname="Hyde.Framework.Testing.Unit.ExtensionsUnitTest" assertions="1" time="0.001740"/>
        <testcase name="testFileHandlerDependencyInjection" file="/home/runner/work/develop/develop/packages/framework/tests/Unit/ExtensionsUnitTest.php" line="165" class="Hyde\Framework\Testing\Unit\ExtensionsUnitTest" classname="Hyde.Framework.Testing.Unit.ExtensionsUnitTest" assertions="1" time="0.002802"/>
        <testcase name="testPageHandlerDependencyInjection" file="/home/runner/work/develop/develop/packages/framework/tests/Unit/ExtensionsUnitTest.php" line="174" class="Hyde\Framework\Testing\Unit\ExtensionsUnitTest" classname="Hyde.Framework.Testing.Unit.ExtensionsUnitTest" assertions="4" time="0.006893"/>
        <testcase name="testRouteHandlerDependencyInjection" file="/home/runner/work/develop/develop/packages/framework/tests/Unit/ExtensionsUnitTest.php" line="183" class="Hyde\Framework\Testing\Unit\ExtensionsUnitTest" classname="Hyde.Framework.Testing.Unit.ExtensionsUnitTest" assertions="4" time="0.005458"/>
        <testcase name="testGetRegisteredPageClassesReturnsCoreExtensionClasses" file="/home/runner/work/develop/develop/packages/framework/tests/Unit/ExtensionsUnitTest.php" line="192" class="Hyde\Framework\Testing\Unit\ExtensionsUnitTest" classname="Hyde.Framework.Testing.Unit.ExtensionsUnitTest" assertions="1" time="0.002317"/>
        <testcase name="testGetRegisteredPageClassesMergesAllExtensionClasses" file="/home/runner/work/develop/develop/packages/framework/tests/Unit/ExtensionsUnitTest.php" line="197" class="Hyde\Framework\Testing\Unit\ExtensionsUnitTest" classname="Hyde.Framework.Testing.Unit.ExtensionsUnitTest" assertions="1" time="0.002331"/>
        <testcase name="testMergedRegisteredPageClassesArrayContents" file="/home/runner/work/develop/develop/packages/framework/tests/Unit/ExtensionsUnitTest.php" line="207" class="Hyde\Framework\Testing\Unit\ExtensionsUnitTest" classname="Hyde.Framework.Testing.Unit.ExtensionsUnitTest" assertions="2" time="0.002484"/>
      </testsuite>
      <testsuite name="Hyde\Framework\Testing\Unit\Facades\AssetFacadeTest" file="/home/runner/work/develop/develop/packages/framework/tests/Unit/Facades/AssetFacadeTest.php" tests="3" assertions="3" errors="0" failures="0" skipped="0" time="0.009614">
        <testcase name="testAssetFacadeReturnsTheAssetService" file="/home/runner/work/develop/develop/packages/framework/tests/Unit/Facades/AssetFacadeTest.php" line="16" class="Hyde\Framework\Testing\Unit\Facades\AssetFacadeTest" classname="Hyde.Framework.Testing.Unit.Facades.AssetFacadeTest" assertions="1" time="0.003260"/>
        <testcase name="testFacadeReturnsSameInstanceAsBoundByTheContainer" file="/home/runner/work/develop/develop/packages/framework/tests/Unit/Facades/AssetFacadeTest.php" line="21" class="Hyde\Framework\Testing\Unit\Facades\AssetFacadeTest" classname="Hyde.Framework.Testing.Unit.Facades.AssetFacadeTest" assertions="1" time="0.003171"/>
        <testcase name="testAssetFacadeCanCallMethodsOnTheAssetService" file="/home/runner/work/develop/develop/packages/framework/tests/Unit/Facades/AssetFacadeTest.php" line="26" class="Hyde\Framework\Testing\Unit\Facades\AssetFacadeTest" classname="Hyde.Framework.Testing.Unit.Facades.AssetFacadeTest" assertions="1" time="0.003183"/>
      </testsuite>
      <testsuite name="Hyde\Framework\Testing\Unit\Facades\AuthorTest" file="/home/runner/work/develop/develop/packages/framework/tests/Unit/Facades/AuthorTest.php" tests="3" assertions="10" errors="0" failures="0" skipped="0" time="0.010162">
        <testcase name="testCreate" file="/home/runner/work/develop/develop/packages/framework/tests/Unit/Facades/AuthorTest.php" line="16" class="Hyde\Framework\Testing\Unit\Facades\AuthorTest" classname="Hyde.Framework.Testing.Unit.Facades.AuthorTest" assertions="4" time="0.003410"/>
        <testcase name="testGet" file="/home/runner/work/develop/develop/packages/framework/tests/Unit/Facades/AuthorTest.php" line="27" class="Hyde\Framework\Testing\Unit\Facades\AuthorTest" classname="Hyde.Framework.Testing.Unit.Facades.AuthorTest" assertions="4" time="0.003603"/>
        <testcase name="testAll" file="/home/runner/work/develop/develop/packages/framework/tests/Unit/Facades/AuthorTest.php" line="38" class="Hyde\Framework\Testing\Unit\Facades\AuthorTest" classname="Hyde.Framework.Testing.Unit.Facades.AuthorTest" assertions="2" time="0.003149"/>
      </testsuite>
      <testsuite name="Hyde\Framework\Testing\Unit\Facades\HydeFacadesAreAliasedInAppConfigTest" file="/home/runner/work/develop/develop/packages/framework/tests/Unit/Facades/HydeFacadesAreAliasedInAppConfigTest.php" tests="1" assertions="8" errors="0" failures="0" skipped="0" time="0.004665">
        <testcase name="testAllFacadesAreAliasedInAppConfig" file="/home/runner/work/develop/develop/packages/framework/tests/Unit/Facades/HydeFacadesAreAliasedInAppConfigTest.php" line="12" class="Hyde\Framework\Testing\Unit\Facades\HydeFacadesAreAliasedInAppConfigTest" classname="Hyde.Framework.Testing.Unit.Facades.HydeFacadesAreAliasedInAppConfigTest" assertions="8" time="0.004665"/>
      </testsuite>
      <testsuite name="Hyde\Framework\Testing\Unit\Facades\RouteFacadeTest" file="/home/runner/work/develop/develop/packages/framework/tests/Unit/Facades/RouteFacadeTest.php" tests="10" assertions="10" errors="0" failures="0" skipped="0" time="0.025064">
        <testcase name="testRouteFacadeAllMethodReturnsAllRoutes" file="/home/runner/work/develop/develop/packages/framework/tests/Unit/Facades/RouteFacadeTest.php" line="29" class="Hyde\Framework\Testing\Unit\Facades\RouteFacadeTest" classname="Hyde.Framework.Testing.Unit.Facades.RouteFacadeTest" assertions="1" time="0.005485"/>
        <testcase name="testGetOrFailThrowsExceptionIfRouteIsNotFound" file="/home/runner/work/develop/develop/packages/framework/tests/Unit/Facades/RouteFacadeTest.php" line="34" class="Hyde\Framework\Testing\Unit\Facades\RouteFacadeTest" classname="Hyde.Framework.Testing.Unit.Facades.RouteFacadeTest" assertions="1" time="0.001694"/>
        <testcase name="testGetReturnsRouteFromRouterIndex" file="/home/runner/work/develop/develop/packages/framework/tests/Unit/Facades/RouteFacadeTest.php" line="40" class="Hyde\Framework\Testing\Unit\Facades\RouteFacadeTest" classname="Hyde.Framework.Testing.Unit.Facades.RouteFacadeTest" assertions="1" time="0.001539"/>
        <testcase name="testGetReturnsRouteFromRouterIndexForTheRightPage" file="/home/runner/work/develop/develop/packages/framework/tests/Unit/Facades/RouteFacadeTest.php" line="45" class="Hyde\Framework\Testing\Unit\Facades\RouteFacadeTest" classname="Hyde.Framework.Testing.Unit.Facades.RouteFacadeTest" assertions="1" time="0.003889"/>
        <testcase name="testGetFromReturnsNullIfRouteIsNotFound" file="/home/runner/work/develop/develop/packages/framework/tests/Unit/Facades/RouteFacadeTest.php" line="50" class="Hyde\Framework\Testing\Unit\Facades\RouteFacadeTest" classname="Hyde.Framework.Testing.Unit.Facades.RouteFacadeTest" assertions="1" time="0.001572"/>
        <testcase name="testGetSupportsDotNotation" file="/home/runner/work/develop/develop/packages/framework/tests/Unit/Facades/RouteFacadeTest.php" line="55" class="Hyde\Framework\Testing\Unit\Facades\RouteFacadeTest" classname="Hyde.Framework.Testing.Unit.Facades.RouteFacadeTest" assertions="1" time="0.002984"/>
        <testcase name="testCurrentReturnsCurrentRoute" file="/home/runner/work/develop/develop/packages/framework/tests/Unit/Facades/RouteFacadeTest.php" line="61" class="Hyde\Framework\Testing\Unit\Facades\RouteFacadeTest" classname="Hyde.Framework.Testing.Unit.Facades.RouteFacadeTest" assertions="1" time="0.003001"/>
        <testcase name="testCurrentReturnsNullIfRouteIsNotFound" file="/home/runner/work/develop/develop/packages/framework/tests/Unit/Facades/RouteFacadeTest.php" line="69" class="Hyde\Framework\Testing\Unit\Facades\RouteFacadeTest" classname="Hyde.Framework.Testing.Unit.Facades.RouteFacadeTest" assertions="1" time="0.001810"/>
        <testcase name="testExistsForExistingRoute" file="/home/runner/work/develop/develop/packages/framework/tests/Unit/Facades/RouteFacadeTest.php" line="76" class="Hyde\Framework\Testing\Unit\Facades\RouteFacadeTest" classname="Hyde.Framework.Testing.Unit.Facades.RouteFacadeTest" assertions="1" time="0.001554"/>
        <testcase name="testExistsForNonExistingRoute" file="/home/runner/work/develop/develop/packages/framework/tests/Unit/Facades/RouteFacadeTest.php" line="81" class="Hyde\Framework\Testing\Unit\Facades\RouteFacadeTest" classname="Hyde.Framework.Testing.Unit.Facades.RouteFacadeTest" assertions="1" time="0.001537"/>
      </testsuite>
      <testsuite name="Hyde\Framework\Testing\Unit\FeaturedImageUnitTest" file="/home/runner/work/develop/develop/packages/framework/tests/Unit/FeaturedImageUnitTest.php" tests="20" assertions="39" errors="0" failures="0" skipped="0" time="0.032389">
        <testcase name="testCanConstruct" file="/home/runner/work/develop/develop/packages/framework/tests/Unit/FeaturedImageUnitTest.php" line="23" class="Hyde\Framework\Testing\Unit\FeaturedImageUnitTest" classname="Hyde.Framework.Testing.Unit.FeaturedImageUnitTest" assertions="1" time="0.001649"/>
        <testcase name="testGetAltText" file="/home/runner/work/develop/develop/packages/framework/tests/Unit/FeaturedImageUnitTest.php" line="28" class="Hyde\Framework\Testing\Unit\FeaturedImageUnitTest" classname="Hyde.Framework.Testing.Unit.FeaturedImageUnitTest" assertions="2" time="0.001616"/>
        <testcase name="testGetTitleText" file="/home/runner/work/develop/develop/packages/framework/tests/Unit/FeaturedImageUnitTest.php" line="34" class="Hyde\Framework\Testing\Unit\FeaturedImageUnitTest" classname="Hyde.Framework.Testing.Unit.FeaturedImageUnitTest" assertions="2" time="0.001587"/>
        <testcase name="testGetAuthorName" file="/home/runner/work/develop/develop/packages/framework/tests/Unit/FeaturedImageUnitTest.php" line="40" class="Hyde\Framework\Testing\Unit\FeaturedImageUnitTest" classname="Hyde.Framework.Testing.Unit.FeaturedImageUnitTest" assertions="2" time="0.001614"/>
        <testcase name="testGetAuthorUrl" file="/home/runner/work/develop/develop/packages/framework/tests/Unit/FeaturedImageUnitTest.php" line="46" class="Hyde\Framework\Testing\Unit\FeaturedImageUnitTest" classname="Hyde.Framework.Testing.Unit.FeaturedImageUnitTest" assertions="2" time="0.001596"/>
        <testcase name="testGetCopyrightText" file="/home/runner/work/develop/develop/packages/framework/tests/Unit/FeaturedImageUnitTest.php" line="52" class="Hyde\Framework\Testing\Unit\FeaturedImageUnitTest" classname="Hyde.Framework.Testing.Unit.FeaturedImageUnitTest" assertions="2" time="0.001588"/>
        <testcase name="testGetLicenseName" file="/home/runner/work/develop/develop/packages/framework/tests/Unit/FeaturedImageUnitTest.php" line="58" class="Hyde\Framework\Testing\Unit\FeaturedImageUnitTest" classname="Hyde.Framework.Testing.Unit.FeaturedImageUnitTest" assertions="2" time="0.001597"/>
        <testcase name="testGetLicenseUrl" file="/home/runner/work/develop/develop/packages/framework/tests/Unit/FeaturedImageUnitTest.php" line="64" class="Hyde\Framework\Testing\Unit\FeaturedImageUnitTest" classname="Hyde.Framework.Testing.Unit.FeaturedImageUnitTest" assertions="2" time="0.001581"/>
        <testcase name="testHasAltText" file="/home/runner/work/develop/develop/packages/framework/tests/Unit/FeaturedImageUnitTest.php" line="70" class="Hyde\Framework\Testing\Unit\FeaturedImageUnitTest" classname="Hyde.Framework.Testing.Unit.FeaturedImageUnitTest" assertions="2" time="0.001565"/>
        <testcase name="testHasTitleText" file="/home/runner/work/develop/develop/packages/framework/tests/Unit/FeaturedImageUnitTest.php" line="76" class="Hyde\Framework\Testing\Unit\FeaturedImageUnitTest" classname="Hyde.Framework.Testing.Unit.FeaturedImageUnitTest" assertions="2" time="0.001589"/>
        <testcase name="testHasAuthorName" file="/home/runner/work/develop/develop/packages/framework/tests/Unit/FeaturedImageUnitTest.php" line="82" class="Hyde\Framework\Testing\Unit\FeaturedImageUnitTest" classname="Hyde.Framework.Testing.Unit.FeaturedImageUnitTest" assertions="2" time="0.001580"/>
        <testcase name="testHasAuthorUrl" file="/home/runner/work/develop/develop/packages/framework/tests/Unit/FeaturedImageUnitTest.php" line="88" class="Hyde\Framework\Testing\Unit\FeaturedImageUnitTest" classname="Hyde.Framework.Testing.Unit.FeaturedImageUnitTest" assertions="2" time="0.001578"/>
        <testcase name="testHasCopyrightText" file="/home/runner/work/develop/develop/packages/framework/tests/Unit/FeaturedImageUnitTest.php" line="94" class="Hyde\Framework\Testing\Unit\FeaturedImageUnitTest" classname="Hyde.Framework.Testing.Unit.FeaturedImageUnitTest" assertions="2" time="0.001857"/>
        <testcase name="testHasLicenseName" file="/home/runner/work/develop/develop/packages/framework/tests/Unit/FeaturedImageUnitTest.php" line="100" class="Hyde\Framework\Testing\Unit\FeaturedImageUnitTest" classname="Hyde.Framework.Testing.Unit.FeaturedImageUnitTest" assertions="2" time="0.001647"/>
        <testcase name="testHasLicenseUrl" file="/home/runner/work/develop/develop/packages/framework/tests/Unit/FeaturedImageUnitTest.php" line="106" class="Hyde\Framework\Testing\Unit\FeaturedImageUnitTest" classname="Hyde.Framework.Testing.Unit.FeaturedImageUnitTest" assertions="2" time="0.001590"/>
        <testcase name="testGetType" file="/home/runner/work/develop/develop/packages/framework/tests/Unit/FeaturedImageUnitTest.php" line="112" class="Hyde\Framework\Testing\Unit\FeaturedImageUnitTest" classname="Hyde.Framework.Testing.Unit.FeaturedImageUnitTest" assertions="2" time="0.001566"/>
        <testcase name="testGetContentLength" file="/home/runner/work/develop/develop/packages/framework/tests/Unit/FeaturedImageUnitTest.php" line="118" class="Hyde\Framework\Testing\Unit\FeaturedImageUnitTest" classname="Hyde.Framework.Testing.Unit.FeaturedImageUnitTest" assertions="2" time="0.001600"/>
        <testcase name="testFeaturedImageGetContentLengthWithNoSource" file="/home/runner/work/develop/develop/packages/framework/tests/Unit/FeaturedImageUnitTest.php" line="124" class="Hyde\Framework\Testing\Unit\FeaturedImageUnitTest" classname="Hyde.Framework.Testing.Unit.FeaturedImageUnitTest" assertions="2" time="0.001842"/>
        <testcase name="testCanConstructFeaturedImageWithRemoteSource" file="/home/runner/work/develop/develop/packages/framework/tests/Unit/FeaturedImageUnitTest.php" line="133" class="Hyde\Framework\Testing\Unit\FeaturedImageUnitTest" classname="Hyde.Framework.Testing.Unit.FeaturedImageUnitTest" assertions="2" time="0.001583"/>
        <testcase name="testCanConstructFeaturedImageWithHttps" file="/home/runner/work/develop/develop/packages/framework/tests/Unit/FeaturedImageUnitTest.php" line="141" class="Hyde\Framework\Testing\Unit\FeaturedImageUnitTest" classname="Hyde.Framework.Testing.Unit.FeaturedImageUnitTest" assertions="2" time="0.001565"/>
      </testsuite>
      <testsuite name="Hyde\Framework\Testing\Unit\FileConflictExceptionTest" file="/home/runner/work/develop/develop/packages/framework/tests/Unit/FileConflictExceptionTest.php" tests="6" assertions="6" errors="0" failures="0" skipped="0" time="0.009316">
        <testcase name="testItCanBeInstantiated" file="/home/runner/work/develop/develop/packages/framework/tests/Unit/FileConflictExceptionTest.php" line="16" class="Hyde\Framework\Testing\Unit\FileConflictExceptionTest" classname="Hyde.Framework.Testing.Unit.FileConflictExceptionTest" assertions="1" time="0.001644"/>
        <testcase name="testItCanBeThrown" file="/home/runner/work/develop/develop/packages/framework/tests/Unit/FileConflictExceptionTest.php" line="21" class="Hyde\Framework\Testing\Unit\FileConflictExceptionTest" classname="Hyde.Framework.Testing.Unit.FileConflictExceptionTest" assertions="1" time="0.001454"/>
        <testcase name="testExceptionCode" file="/home/runner/work/develop/develop/packages/framework/tests/Unit/FileConflictExceptionTest.php" line="28" class="Hyde\Framework\Testing\Unit\FileConflictExceptionTest" classname="Hyde.Framework.Testing.Unit.FileConflictExceptionTest" assertions="1" time="0.001419"/>
        <testcase name="testExceptionMessage" file="/home/runner/work/develop/develop/packages/framework/tests/Unit/FileConflictExceptionTest.php" line="33" class="Hyde\Framework\Testing\Unit\FileConflictExceptionTest" classname="Hyde.Framework.Testing.Unit.FileConflictExceptionTest" assertions="1" time="0.001380"/>
        <testcase name="testExceptionMessageWithPath" file="/home/runner/work/develop/develop/packages/framework/tests/Unit/FileConflictExceptionTest.php" line="38" class="Hyde\Framework\Testing\Unit\FileConflictExceptionTest" classname="Hyde.Framework.Testing.Unit.FileConflictExceptionTest" assertions="1" time="0.001735"/>
        <testcase name="testExceptionMessageWithAbsolutePath" file="/home/runner/work/develop/develop/packages/framework/tests/Unit/FileConflictExceptionTest.php" line="44" class="Hyde\Framework\Testing\Unit\FileConflictExceptionTest" classname="Hyde.Framework.Testing.Unit.FileConflictExceptionTest" assertions="1" time="0.001684"/>
      </testsuite>
      <testsuite name="Hyde\Framework\Testing\Unit\Foundation\HyperlinkFileHelperRelativeLinkTest" file="/home/runner/work/develop/develop/packages/framework/tests/Unit/Foundation/HyperlinkFileHelperRelativeLinkTest.php" tests="16" assertions="29" errors="0" failures="0" skipped="0" time="0.052284">
        <testcase name="testHelperReturnsStringAsIsIfCurrentIsNotSet" file="/home/runner/work/develop/develop/packages/framework/tests/Unit/Foundation/HyperlinkFileHelperRelativeLinkTest.php" line="32" class="Hyde\Framework\Testing\Unit\Foundation\HyperlinkFileHelperRelativeLinkTest" classname="Hyde.Framework.Testing.Unit.Foundation.HyperlinkFileHelperRelativeLinkTest" assertions="1" time="0.001932"/>
        <testcase name="testHelperInjectsProperNumberOfDoublesSlash" file="/home/runner/work/develop/develop/packages/framework/tests/Unit/Foundation/HyperlinkFileHelperRelativeLinkTest.php" line="37" class="Hyde\Framework\Testing\Unit\Foundation\HyperlinkFileHelperRelativeLinkTest" classname="Hyde.Framework.Testing.Unit.Foundation.HyperlinkFileHelperRelativeLinkTest" assertions="1" time="0.003045"/>
        <testcase name="testHelperInjectsProperNumberOfDoublesSlashForDeeplyNestedPaths" file="/home/runner/work/develop/develop/packages/framework/tests/Unit/Foundation/HyperlinkFileHelperRelativeLinkTest.php" line="43" class="Hyde\Framework\Testing\Unit\Foundation\HyperlinkFileHelperRelativeLinkTest" classname="Hyde.Framework.Testing.Unit.Foundation.HyperlinkFileHelperRelativeLinkTest" assertions="1" time="0.002958"/>
        <testcase name="testHelperHandlesDestinationWithoutFileExtension" file="/home/runner/work/develop/develop/packages/framework/tests/Unit/Foundation/HyperlinkFileHelperRelativeLinkTest.php" line="49" class="Hyde\Framework\Testing\Unit\Foundation\HyperlinkFileHelperRelativeLinkTest" classname="Hyde.Framework.Testing.Unit.Foundation.HyperlinkFileHelperRelativeLinkTest" assertions="1" time="0.002929"/>
        <testcase name="testHelperHandlesCurrentWithoutFileExtension" file="/home/runner/work/develop/develop/packages/framework/tests/Unit/Foundation/HyperlinkFileHelperRelativeLinkTest.php" line="55" class="Hyde\Framework\Testing\Unit\Foundation\HyperlinkFileHelperRelativeLinkTest" classname="Hyde.Framework.Testing.Unit.Foundation.HyperlinkFileHelperRelativeLinkTest" assertions="1" time="0.002891"/>
        <testcase name="testHelperHandlesCaseWithoutAnyFileExtensions" file="/home/runner/work/develop/develop/packages/framework/tests/Unit/Foundation/HyperlinkFileHelperRelativeLinkTest.php" line="61" class="Hyde\Framework\Testing\Unit\Foundation\HyperlinkFileHelperRelativeLinkTest" classname="Hyde.Framework.Testing.Unit.Foundation.HyperlinkFileHelperRelativeLinkTest" assertions="1" time="0.002890"/>
        <testcase name="testHelperHandlesCaseWithMixedFileExtensions" file="/home/runner/work/develop/develop/packages/framework/tests/Unit/Foundation/HyperlinkFileHelperRelativeLinkTest.php" line="67" class="Hyde\Framework\Testing\Unit\Foundation\HyperlinkFileHelperRelativeLinkTest" classname="Hyde.Framework.Testing.Unit.Foundation.HyperlinkFileHelperRelativeLinkTest" assertions="2" time="0.003534"/>
        <testcase name="testHelperHandlesDifferentFileExtensions" file="/home/runner/work/develop/develop/packages/framework/tests/Unit/Foundation/HyperlinkFileHelperRelativeLinkTest.php" line="75" class="Hyde\Framework\Testing\Unit\Foundation\HyperlinkFileHelperRelativeLinkTest" classname="Hyde.Framework.Testing.Unit.Foundation.HyperlinkFileHelperRelativeLinkTest" assertions="3" time="0.003172"/>
        <testcase name="testHelperReturnsPrettyUrlIfEnabledAndDestinationIsAHtmlFile" file="/home/runner/work/develop/develop/packages/framework/tests/Unit/Foundation/HyperlinkFileHelperRelativeLinkTest.php" line="83" class="Hyde\Framework\Testing\Unit\Foundation\HyperlinkFileHelperRelativeLinkTest" classname="Hyde.Framework.Testing.Unit.Foundation.HyperlinkFileHelperRelativeLinkTest" assertions="1" time="0.003078"/>
        <testcase name="testHelperMethodDoesNotRequireCurrentPathToBeHtmlToUsePrettyUrls" file="/home/runner/work/develop/develop/packages/framework/tests/Unit/Foundation/HyperlinkFileHelperRelativeLinkTest.php" line="90" class="Hyde\Framework\Testing\Unit\Foundation\HyperlinkFileHelperRelativeLinkTest" classname="Hyde.Framework.Testing.Unit.Foundation.HyperlinkFileHelperRelativeLinkTest" assertions="1" time="0.003070"/>
        <testcase name="testHelperReturnsDoesNotReturnPrettyUrlIfWhenEnabledButAndDestinationIsNotAHtmlFile" file="/home/runner/work/develop/develop/packages/framework/tests/Unit/Foundation/HyperlinkFileHelperRelativeLinkTest.php" line="97" class="Hyde\Framework\Testing\Unit\Foundation\HyperlinkFileHelperRelativeLinkTest" classname="Hyde.Framework.Testing.Unit.Foundation.HyperlinkFileHelperRelativeLinkTest" assertions="1" time="0.003132"/>
        <testcase name="testHelperRewritesIndexWhenUsingPrettyUrls" file="/home/runner/work/develop/develop/packages/framework/tests/Unit/Foundation/HyperlinkFileHelperRelativeLinkTest.php" line="104" class="Hyde\Framework\Testing\Unit\Foundation\HyperlinkFileHelperRelativeLinkTest" classname="Hyde.Framework.Testing.Unit.Foundation.HyperlinkFileHelperRelativeLinkTest" assertions="3" time="0.004224"/>
        <testcase name="testHelperDoesNotRewriteIndexWhenNotUsingPrettyUrls" file="/home/runner/work/develop/develop/packages/framework/tests/Unit/Foundation/HyperlinkFileHelperRelativeLinkTest.php" line="115" class="Hyde\Framework\Testing\Unit\Foundation\HyperlinkFileHelperRelativeLinkTest" classname="Hyde.Framework.Testing.Unit.Foundation.HyperlinkFileHelperRelativeLinkTest" assertions="3" time="0.004213"/>
        <testcase name="testHelperRewritesDocumentationPageIndexWhenUsingPrettyUrls" file="/home/runner/work/develop/develop/packages/framework/tests/Unit/Foundation/HyperlinkFileHelperRelativeLinkTest.php" line="126" class="Hyde\Framework\Testing\Unit\Foundation\HyperlinkFileHelperRelativeLinkTest" classname="Hyde.Framework.Testing.Unit.Foundation.HyperlinkFileHelperRelativeLinkTest" assertions="4" time="0.004821"/>
        <testcase name="testHelperDoesNotRewriteDocumentationPageIndexWhenNotUsingPrettyUrls" file="/home/runner/work/develop/develop/packages/framework/tests/Unit/Foundation/HyperlinkFileHelperRelativeLinkTest.php" line="139" class="Hyde\Framework\Testing\Unit\Foundation\HyperlinkFileHelperRelativeLinkTest" classname="Hyde.Framework.Testing.Unit.Foundation.HyperlinkFileHelperRelativeLinkTest" assertions="4" time="0.004819"/>
        <testcase name="testHelperDoesNotRewriteAlreadyProcessedLinks" file="/home/runner/work/develop/develop/packages/framework/tests/Unit/Foundation/HyperlinkFileHelperRelativeLinkTest.php" line="152" class="Hyde\Framework\Testing\Unit\Foundation\HyperlinkFileHelperRelativeLinkTest" classname="Hyde.Framework.Testing.Unit.Foundation.HyperlinkFileHelperRelativeLinkTest" assertions="1" time="0.001577"/>
      </testsuite>
      <testsuite name="Hyde\Framework\Testing\Unit\Foundation\HyperlinkFormatHtmlPathTest" file="/home/runner/work/develop/develop/packages/framework/tests/Unit/Foundation/HyperlinkFormatHtmlPathTest.php" tests="14" assertions="14" errors="0" failures="0" skipped="0" time="0.023785">
        <testcase name="testHelperReturnsStringAsIsIfPrettyUrlsIsNotTrue" file="/home/runner/work/develop/develop/packages/framework/tests/Unit/Foundation/HyperlinkFormatHtmlPathTest.php" line="21" class="Hyde\Framework\Testing\Unit\Foundation\HyperlinkFormatHtmlPathTest" classname="Hyde.Framework.Testing.Unit.Foundation.HyperlinkFormatHtmlPathTest" assertions="1" time="0.001836"/>
        <testcase name="testHelperReturnsPrettyUrlIfPrettyUrlsIsTrue" file="/home/runner/work/develop/develop/packages/framework/tests/Unit/Foundation/HyperlinkFormatHtmlPathTest.php" line="28" class="Hyde\Framework\Testing\Unit\Foundation\HyperlinkFormatHtmlPathTest" classname="Hyde.Framework.Testing.Unit.Foundation.HyperlinkFormatHtmlPathTest" assertions="1" time="0.001694"/>
        <testcase name="testHelperRespectsAbsoluteUrls" file="/home/runner/work/develop/develop/packages/framework/tests/Unit/Foundation/HyperlinkFormatHtmlPathTest.php" line="35" class="Hyde\Framework\Testing\Unit\Foundation\HyperlinkFormatHtmlPathTest" classname="Hyde.Framework.Testing.Unit.Foundation.HyperlinkFormatHtmlPathTest" assertions="1" time="0.001654"/>
        <testcase name="testHelperRespectsPrettyAbsoluteUrls" file="/home/runner/work/develop/develop/packages/framework/tests/Unit/Foundation/HyperlinkFormatHtmlPathTest.php" line="41" class="Hyde\Framework\Testing\Unit\Foundation\HyperlinkFormatHtmlPathTest" classname="Hyde.Framework.Testing.Unit.Foundation.HyperlinkFormatHtmlPathTest" assertions="1" time="0.001674"/>
        <testcase name="testHelperRespectsRelativeUrls" file="/home/runner/work/develop/develop/packages/framework/tests/Unit/Foundation/HyperlinkFormatHtmlPathTest.php" line="47" class="Hyde\Framework\Testing\Unit\Foundation\HyperlinkFormatHtmlPathTest" classname="Hyde.Framework.Testing.Unit.Foundation.HyperlinkFormatHtmlPathTest" assertions="1" time="0.001639"/>
        <testcase name="testHelperRespectsPrettyRelativeUrls" file="/home/runner/work/develop/develop/packages/framework/tests/Unit/Foundation/HyperlinkFormatHtmlPathTest.php" line="53" class="Hyde\Framework\Testing\Unit\Foundation\HyperlinkFormatHtmlPathTest" classname="Hyde.Framework.Testing.Unit.Foundation.HyperlinkFormatHtmlPathTest" assertions="1" time="0.001647"/>
        <testcase name="testNonHtmlLinksAreNotModified" file="/home/runner/work/develop/develop/packages/framework/tests/Unit/Foundation/HyperlinkFormatHtmlPathTest.php" line="59" class="Hyde\Framework\Testing\Unit\Foundation\HyperlinkFormatHtmlPathTest" classname="Hyde.Framework.Testing.Unit.Foundation.HyperlinkFormatHtmlPathTest" assertions="1" time="0.001689"/>
        <testcase name="testHelperRespectsAbsoluteUrlsWithPrettyUrlsEnabled" file="/home/runner/work/develop/develop/packages/framework/tests/Unit/Foundation/HyperlinkFormatHtmlPathTest.php" line="65" class="Hyde\Framework\Testing\Unit\Foundation\HyperlinkFormatHtmlPathTest" classname="Hyde.Framework.Testing.Unit.Foundation.HyperlinkFormatHtmlPathTest" assertions="1" time="0.001695"/>
        <testcase name="testHelperRewritesIndexWhenUsingPrettyUrls" file="/home/runner/work/develop/develop/packages/framework/tests/Unit/Foundation/HyperlinkFormatHtmlPathTest.php" line="71" class="Hyde\Framework\Testing\Unit\Foundation\HyperlinkFormatHtmlPathTest" classname="Hyde.Framework.Testing.Unit.Foundation.HyperlinkFormatHtmlPathTest" assertions="1" time="0.001687"/>
        <testcase name="testHelperDoesNotRewriteIndexWhenNotUsingPrettyUrls" file="/home/runner/work/develop/develop/packages/framework/tests/Unit/Foundation/HyperlinkFormatHtmlPathTest.php" line="77" class="Hyde\Framework\Testing\Unit\Foundation\HyperlinkFormatHtmlPathTest" classname="Hyde.Framework.Testing.Unit.Foundation.HyperlinkFormatHtmlPathTest" assertions="1" time="0.001713"/>
        <testcase name="testHelperRewritesDocumentationPageIndexWhenUsingPrettyUrls" file="/home/runner/work/develop/develop/packages/framework/tests/Unit/Foundation/HyperlinkFormatHtmlPathTest.php" line="83" class="Hyde\Framework\Testing\Unit\Foundation\HyperlinkFormatHtmlPathTest" classname="Hyde.Framework.Testing.Unit.Foundation.HyperlinkFormatHtmlPathTest" assertions="1" time="0.001720"/>
        <testcase name="testHelperDoesNotRewriteDocumentationPageIndexWhenNotUsingPrettyUrls" file="/home/runner/work/develop/develop/packages/framework/tests/Unit/Foundation/HyperlinkFormatHtmlPathTest.php" line="89" class="Hyde\Framework\Testing\Unit\Foundation\HyperlinkFormatHtmlPathTest" classname="Hyde.Framework.Testing.Unit.Foundation.HyperlinkFormatHtmlPathTest" assertions="1" time="0.001706"/>
        <testcase name="testHelpersRewritesArbitraryNestedIndexPagesWhenUsingPrettyUrls" file="/home/runner/work/develop/develop/packages/framework/tests/Unit/Foundation/HyperlinkFormatHtmlPathTest.php" line="95" class="Hyde\Framework\Testing\Unit\Foundation\HyperlinkFormatHtmlPathTest" classname="Hyde.Framework.Testing.Unit.Foundation.HyperlinkFormatHtmlPathTest" assertions="1" time="0.001702"/>
        <testcase name="testHelpersDoesNotRewriteArbitraryNestedIndexPagesWhenNotUsingPrettyUrls" file="/home/runner/work/develop/develop/packages/framework/tests/Unit/Foundation/HyperlinkFormatHtmlPathTest.php" line="101" class="Hyde\Framework\Testing\Unit\Foundation\HyperlinkFormatHtmlPathTest" classname="Hyde.Framework.Testing.Unit.Foundation.HyperlinkFormatHtmlPathTest" assertions="1" time="0.001729"/>
      </testsuite>
      <testsuite name="Hyde\Framework\Testing\Unit\Foundation\HyperlinksUrlPathHelpersTest" file="/home/runner/work/develop/develop/packages/framework/tests/Unit/Foundation/HyperlinksUrlPathHelpersTest.php" tests="11" assertions="16" errors="0" failures="0" skipped="0" time="0.036618">
        <testcase name="testHasSiteUrlReturnsFalseWhenNoSiteUrlIsSet" file="/home/runner/work/develop/develop/packages/framework/tests/Unit/Foundation/HyperlinksUrlPathHelpersTest.php" line="27" class="Hyde\Framework\Testing\Unit\Foundation\HyperlinksUrlPathHelpersTest" classname="Hyde.Framework.Testing.Unit.Foundation.HyperlinksUrlPathHelpersTest" assertions="1" time="0.003317"/>
        <testcase name="testHasSiteUrlReturnsTrueWhenSiteUrlIsSet" file="/home/runner/work/develop/develop/packages/framework/tests/Unit/Foundation/HyperlinksUrlPathHelpersTest.php" line="33" class="Hyde\Framework\Testing\Unit\Foundation\HyperlinksUrlPathHelpersTest" classname="Hyde.Framework.Testing.Unit.Foundation.HyperlinksUrlPathHelpersTest" assertions="1" time="0.003120"/>
        <testcase name="testQualifiedUrlReturnsSiteUrlWhenNoPathIsGiven" file="/home/runner/work/develop/develop/packages/framework/tests/Unit/Foundation/HyperlinksUrlPathHelpersTest.php" line="39" class="Hyde\Framework\Testing\Unit\Foundation\HyperlinksUrlPathHelpersTest" classname="Hyde.Framework.Testing.Unit.Foundation.HyperlinksUrlPathHelpersTest" assertions="1" time="0.003164"/>
        <testcase name="testQualifiedUrlReturnsSiteUrlPlusGivenPath" file="/home/runner/work/develop/develop/packages/framework/tests/Unit/Foundation/HyperlinksUrlPathHelpersTest.php" line="45" class="Hyde\Framework\Testing\Unit\Foundation\HyperlinksUrlPathHelpersTest" classname="Hyde.Framework.Testing.Unit.Foundation.HyperlinksUrlPathHelpersTest" assertions="1" time="0.003149"/>
        <testcase name="testQualifiedUrlReturnsSiteUrlPlusGivenPathWithExtension" file="/home/runner/work/develop/develop/packages/framework/tests/Unit/Foundation/HyperlinksUrlPathHelpersTest.php" line="51" class="Hyde\Framework\Testing\Unit\Foundation\HyperlinksUrlPathHelpersTest" classname="Hyde.Framework.Testing.Unit.Foundation.HyperlinksUrlPathHelpersTest" assertions="1" time="0.003401"/>
        <testcase name="testQualifiedUrlReturnsSiteUrlPlusGivenPathWithExtensionAndQueryString" file="/home/runner/work/develop/develop/packages/framework/tests/Unit/Foundation/HyperlinksUrlPathHelpersTest.php" line="57" class="Hyde\Framework\Testing\Unit\Foundation\HyperlinksUrlPathHelpersTest" classname="Hyde.Framework.Testing.Unit.Foundation.HyperlinksUrlPathHelpersTest" assertions="1" time="0.003217"/>
        <testcase name="testQualifiedUrlTrimsTrailingSlashes" file="/home/runner/work/develop/develop/packages/framework/tests/Unit/Foundation/HyperlinksUrlPathHelpersTest.php" line="63" class="Hyde\Framework\Testing\Unit\Foundation\HyperlinksUrlPathHelpersTest" classname="Hyde.Framework.Testing.Unit.Foundation.HyperlinksUrlPathHelpersTest" assertions="3" time="0.003404"/>
        <testcase name="testQualifiedUrlAcceptsMultipleSchemes" file="/home/runner/work/develop/develop/packages/framework/tests/Unit/Foundation/HyperlinksUrlPathHelpersTest.php" line="71" class="Hyde\Framework\Testing\Unit\Foundation\HyperlinksUrlPathHelpersTest" classname="Hyde.Framework.Testing.Unit.Foundation.HyperlinksUrlPathHelpersTest" assertions="1" time="0.003162"/>
        <testcase name="testQualifiedUrlThrowsExceptionWhenNoSiteUrlIsSet" file="/home/runner/work/develop/develop/packages/framework/tests/Unit/Foundation/HyperlinksUrlPathHelpersTest.php" line="77" class="Hyde\Framework\Testing\Unit\Foundation\HyperlinksUrlPathHelpersTest" classname="Hyde.Framework.Testing.Unit.Foundation.HyperlinksUrlPathHelpersTest" assertions="2" time="0.003947"/>
        <testcase name="testHelperReturnsExpectedStringWhenSiteUrlIsSet" file="/home/runner/work/develop/develop/packages/framework/tests/Unit/Foundation/HyperlinksUrlPathHelpersTest.php" line="85" class="Hyde\Framework\Testing\Unit\Foundation\HyperlinksUrlPathHelpersTest" classname="Hyde.Framework.Testing.Unit.Foundation.HyperlinksUrlPathHelpersTest" assertions="1" time="0.003261"/>
        <testcase name="testHelperReturnsExpectedStringWhenPrettyUrlsAreEnabled" file="/home/runner/work/develop/develop/packages/framework/tests/Unit/Foundation/HyperlinksUrlPathHelpersTest.php" line="91" class="Hyde\Framework\Testing\Unit\Foundation\HyperlinksUrlPathHelpersTest" classname="Hyde.Framework.Testing.Unit.Foundation.HyperlinksUrlPathHelpersTest" assertions="3" time="0.003476"/>
      </testsuite>
      <testsuite name="Hyde\Framework\Testing\Unit\FoundationFacadesTest" file="/home/runner/work/develop/develop/packages/framework/tests/Unit/FoundationFacadesTest.php" tests="6" assertions="6" errors="0" failures="0" skipped="0" time="0.013559">
        <testcase name="testFilesFacade" file="/home/runner/work/develop/develop/packages/framework/tests/Unit/FoundationFacadesTest.php" line="29" class="Hyde\Framework\Testing\Unit\FoundationFacadesTest" classname="Hyde.Framework.Testing.Unit.FoundationFacadesTest" assertions="1" time="0.005707"/>
        <testcase name="testPagesFacade" file="/home/runner/work/develop/develop/packages/framework/tests/Unit/FoundationFacadesTest.php" line="34" class="Hyde\Framework\Testing\Unit\FoundationFacadesTest" classname="Hyde.Framework.Testing.Unit.FoundationFacadesTest" assertions="1" time="0.001563"/>
        <testcase name="testRoutesFacade" file="/home/runner/work/develop/develop/packages/framework/tests/Unit/FoundationFacadesTest.php" line="39" class="Hyde\Framework\Testing\Unit\FoundationFacadesTest" classname="Hyde.Framework.Testing.Unit.FoundationFacadesTest" assertions="1" time="0.001543"/>
        <testcase name="testFilesFacadeUsesKernelInstance" file="/home/runner/work/develop/develop/packages/framework/tests/Unit/FoundationFacadesTest.php" line="44" class="Hyde\Framework\Testing\Unit\FoundationFacadesTest" classname="Hyde.Framework.Testing.Unit.FoundationFacadesTest" assertions="1" time="0.001619"/>
        <testcase name="testPagesFacadeUsesKernelInstance" file="/home/runner/work/develop/develop/packages/framework/tests/Unit/FoundationFacadesTest.php" line="49" class="Hyde\Framework\Testing\Unit\FoundationFacadesTest" classname="Hyde.Framework.Testing.Unit.FoundationFacadesTest" assertions="1" time="0.001555"/>
        <testcase name="testRoutesFacadeUsesKernelInstance" file="/home/runner/work/develop/develop/packages/framework/tests/Unit/FoundationFacadesTest.php" line="54" class="Hyde\Framework\Testing\Unit\FoundationFacadesTest" classname="Hyde.Framework.Testing.Unit.FoundationFacadesTest" assertions="1" time="0.001573"/>
      </testsuite>
      <testsuite name="Hyde\Framework\Testing\Unit\FrontMatterModelTest" file="/home/runner/work/develop/develop/packages/framework/tests/Unit/FrontMatterModelTest.php" tests="17" assertions="18" errors="0" failures="0" skipped="0" time="0.025444">
        <testcase name="testConstructorCreatesNewFrontMatterModel" file="/home/runner/work/develop/develop/packages/framework/tests/Unit/FrontMatterModelTest.php" line="15" class="Hyde\Framework\Testing\Unit\FrontMatterModelTest" classname="Hyde.Framework.Testing.Unit.FrontMatterModelTest" assertions="1" time="0.001597"/>
        <testcase name="testConstructorArgumentsAreOptional" file="/home/runner/work/develop/develop/packages/framework/tests/Unit/FrontMatterModelTest.php" line="20" class="Hyde\Framework\Testing\Unit\FrontMatterModelTest" classname="Hyde.Framework.Testing.Unit.FrontMatterModelTest" assertions="1" time="0.001442"/>
        <testcase name="testConstructorArgumentsAreAssigned" file="/home/runner/work/develop/develop/packages/framework/tests/Unit/FrontMatterModelTest.php" line="25" class="Hyde\Framework\Testing\Unit\FrontMatterModelTest" classname="Hyde.Framework.Testing.Unit.FrontMatterModelTest" assertions="1" time="0.001487"/>
        <testcase name="testStaticFromArrayMethodCreatesNewFrontMatterModel" file="/home/runner/work/develop/develop/packages/framework/tests/Unit/FrontMatterModelTest.php" line="30" class="Hyde\Framework\Testing\Unit\FrontMatterModelTest" classname="Hyde.Framework.Testing.Unit.FrontMatterModelTest" assertions="2" time="0.001564"/>
        <testcase name="testToStringMagicMethodConvertsModelArrayIntoYamlFrontMatter" file="/home/runner/work/develop/develop/packages/framework/tests/Unit/FrontMatterModelTest.php" line="37" class="Hyde\Framework\Testing\Unit\FrontMatterModelTest" classname="Hyde.Framework.Testing.Unit.FrontMatterModelTest" assertions="1" time="0.001742"/>
        <testcase name="testMagicGetMethodReturnsFrontMatterProperty" file="/home/runner/work/develop/develop/packages/framework/tests/Unit/FrontMatterModelTest.php" line="43" class="Hyde\Framework\Testing\Unit\FrontMatterModelTest" classname="Hyde.Framework.Testing.Unit.FrontMatterModelTest" assertions="1" time="0.001488"/>
        <testcase name="testMagicGetMethodReturnsNullIfPropertyDoesNotExist" file="/home/runner/work/develop/develop/packages/framework/tests/Unit/FrontMatterModelTest.php" line="48" class="Hyde\Framework\Testing\Unit\FrontMatterModelTest" classname="Hyde.Framework.Testing.Unit.FrontMatterModelTest" assertions="1" time="0.001472"/>
        <testcase name="testGetMethodReturnsDataWhenNoArgumentIsSpecified" file="/home/runner/work/develop/develop/packages/framework/tests/Unit/FrontMatterModelTest.php" line="53" class="Hyde\Framework\Testing\Unit\FrontMatterModelTest" classname="Hyde.Framework.Testing.Unit.FrontMatterModelTest" assertions="1" time="0.001474"/>
        <testcase name="testGetMethodReturnsDataWhenNoArgumentIsSpecifiedWithData" file="/home/runner/work/develop/develop/packages/framework/tests/Unit/FrontMatterModelTest.php" line="58" class="Hyde\Framework\Testing\Unit\FrontMatterModelTest" classname="Hyde.Framework.Testing.Unit.FrontMatterModelTest" assertions="1" time="0.001504"/>
        <testcase name="testGetMethodReturnsNullIfSpecifiedFrontMatterKeyDoesNotExist" file="/home/runner/work/develop/develop/packages/framework/tests/Unit/FrontMatterModelTest.php" line="63" class="Hyde\Framework\Testing\Unit\FrontMatterModelTest" classname="Hyde.Framework.Testing.Unit.FrontMatterModelTest" assertions="1" time="0.001476"/>
        <testcase name="testGetMethodReturnsSpecifiedDefaultValueIfPropertyDoesNotExist" file="/home/runner/work/develop/develop/packages/framework/tests/Unit/FrontMatterModelTest.php" line="68" class="Hyde\Framework\Testing\Unit\FrontMatterModelTest" classname="Hyde.Framework.Testing.Unit.FrontMatterModelTest" assertions="1" time="0.001489"/>
        <testcase name="testGetMethodReturnsSpecifiedFrontMatterValueIfKeyIsSpecified" file="/home/runner/work/develop/develop/packages/framework/tests/Unit/FrontMatterModelTest.php" line="74" class="Hyde\Framework\Testing\Unit\FrontMatterModelTest" classname="Hyde.Framework.Testing.Unit.FrontMatterModelTest" assertions="1" time="0.001527"/>
        <testcase name="testSetMethodSetsFrontMatterProperty" file="/home/runner/work/develop/develop/packages/framework/tests/Unit/FrontMatterModelTest.php" line="79" class="Hyde\Framework\Testing\Unit\FrontMatterModelTest" classname="Hyde.Framework.Testing.Unit.FrontMatterModelTest" assertions="1" time="0.001434"/>
        <testcase name="testSetMethodReturnsSelf" file="/home/runner/work/develop/develop/packages/framework/tests/Unit/FrontMatterModelTest.php" line="84" class="Hyde\Framework\Testing\Unit\FrontMatterModelTest" classname="Hyde.Framework.Testing.Unit.FrontMatterModelTest" assertions="1" time="0.001389"/>
        <testcase name="testHasMethodReturnsTrueIfPropertyExists" file="/home/runner/work/develop/develop/packages/framework/tests/Unit/FrontMatterModelTest.php" line="90" class="Hyde\Framework\Testing\Unit\FrontMatterModelTest" classname="Hyde.Framework.Testing.Unit.FrontMatterModelTest" assertions="1" time="0.001436"/>
        <testcase name="testHasMethodReturnsFalseIfPropertyDoesNotExist" file="/home/runner/work/develop/develop/packages/framework/tests/Unit/FrontMatterModelTest.php" line="95" class="Hyde\Framework\Testing\Unit\FrontMatterModelTest" classname="Hyde.Framework.Testing.Unit.FrontMatterModelTest" assertions="1" time="0.001432"/>
        <testcase name="testToArrayReturnsFrontMatterArray" file="/home/runner/work/develop/develop/packages/framework/tests/Unit/FrontMatterModelTest.php" line="100" class="Hyde\Framework\Testing\Unit\FrontMatterModelTest" classname="Hyde.Framework.Testing.Unit.FrontMatterModelTest" assertions="1" time="0.001488"/>
      </testsuite>
      <testsuite name="Hyde\Framework\Testing\Unit\GenerateBuildManifestTest" file="/home/runner/work/develop/develop/packages/framework/tests/Unit/GenerateBuildManifestTest.php" tests="1" assertions="15" errors="0" failures="0" skipped="0" time="0.004746">
        <testcase name="testActionGeneratesBuildManifest" file="/home/runner/work/develop/develop/packages/framework/tests/Unit/GenerateBuildManifestTest.php" line="24" class="Hyde\Framework\Testing\Unit\GenerateBuildManifestTest" classname="Hyde.Framework.Testing.Unit.GenerateBuildManifestTest" assertions="15" time="0.004746"/>
      </testsuite>
      <testsuite name="Hyde\Framework\Testing\Unit\GetLatestMarkdownPostsTest" file="/home/runner/work/develop/develop/packages/framework/tests/Unit/GetLatestMarkdownPostsTest.php" tests="1" assertions="5" errors="0" failures="0" skipped="0" time="0.011262">
        <testcase name="testMarkdownPageGetLatestHelperReturnsSortedMarkdownPageCollection" file="/home/runner/work/develop/develop/packages/framework/tests/Unit/GetLatestMarkdownPostsTest.php" line="18" class="Hyde\Framework\Testing\Unit\GetLatestMarkdownPostsTest" classname="Hyde.Framework.Testing.Unit.GetLatestMarkdownPostsTest" assertions="5" time="0.011262"/>
      </testsuite>
      <testsuite name="Hyde\Framework\Testing\Unit\HasTableOfContentsTest" file="/home/runner/work/develop/develop/packages/framework/tests/Unit/HasTableOfContentsTest.php" tests="1" assertions="1" errors="0" failures="0" skipped="0" time="0.006019">
        <testcase name="testConstructorCreatesTableOfContentsString" file="/home/runner/work/develop/develop/packages/framework/tests/Unit/HasTableOfContentsTest.php" line="20" class="Hyde\Framework\Testing\Unit\HasTableOfContentsTest" classname="Hyde.Framework.Testing.Unit.HasTableOfContentsTest" assertions="1" time="0.006019"/>
      </testsuite>
      <testsuite name="Hyde\Framework\Testing\Unit\HydeBasePathCanBeChangedTest" file="/home/runner/work/develop/develop/packages/framework/tests/Unit/HydeBasePathCanBeChangedTest.php" tests="1" assertions="2" errors="0" failures="0" skipped="0" time="0.003326">
        <testcase name="testHydeBasePathCanBeChanged" file="/home/runner/work/develop/develop/packages/framework/tests/Unit/HydeBasePathCanBeChangedTest.php" line="37" class="Hyde\Framework\Testing\Unit\HydeBasePathCanBeChangedTest" classname="Hyde.Framework.Testing.Unit.HydeBasePathCanBeChangedTest" assertions="2" time="0.003326"/>
      </testsuite>
      <testsuite name="Hyde\Framework\Testing\Unit\HydeConfigFilesAreMatchingTest" file="/home/runner/work/develop/develop/packages/framework/tests/Unit/HydeConfigFilesAreMatchingTest.php" tests="3" assertions="0" errors="0" failures="0" skipped="3" time="0.000000">
        <testcase name="testHydeConfigFilesAreMatching" file="/home/runner/work/develop/develop/packages/framework/tests/Unit/HydeConfigFilesAreMatchingTest.php" line="26" class="Hyde\Framework\Testing\Unit\HydeConfigFilesAreMatchingTest" classname="Hyde.Framework.Testing.Unit.HydeConfigFilesAreMatchingTest" assertions="0" time="0.000000">
          <skipped/>
        </testcase>
        <testcase name="testDocsConfigFilesAreMatching" file="/home/runner/work/develop/develop/packages/framework/tests/Unit/HydeConfigFilesAreMatchingTest.php" line="34" class="Hyde\Framework\Testing\Unit\HydeConfigFilesAreMatchingTest" classname="Hyde.Framework.Testing.Unit.HydeConfigFilesAreMatchingTest" assertions="0" time="0.000000">
          <skipped/>
        </testcase>
        <testcase name="testMarkdownConfigFilesAreMatching" file="/home/runner/work/develop/develop/packages/framework/tests/Unit/HydeConfigFilesAreMatchingTest.php" line="42" class="Hyde\Framework\Testing\Unit\HydeConfigFilesAreMatchingTest" classname="Hyde.Framework.Testing.Unit.HydeConfigFilesAreMatchingTest" assertions="0" time="0.000000">
          <skipped/>
        </testcase>
      </testsuite>
      <testsuite name="Hyde\Framework\Testing\Unit\HydeFileHelpersTest" file="/home/runner/work/develop/develop/packages/framework/tests/Unit/HydeFileHelpersTest.php" tests="4" assertions="4" errors="0" failures="0" skipped="0" time="0.018035">
        <testcase name="testCurrentPageReturnsCurrentPageViewProperty" file="/home/runner/work/develop/develop/packages/framework/tests/Unit/HydeFileHelpersTest.php" line="17" class="Hyde\Framework\Testing\Unit\HydeFileHelpersTest" classname="Hyde.Framework.Testing.Unit.HydeFileHelpersTest" assertions="1" time="0.003784"/>
        <testcase name="testCurrentPageFallsBackToEmptyStringIfCurrentPageViewPropertyIsNotSet" file="/home/runner/work/develop/develop/packages/framework/tests/Unit/HydeFileHelpersTest.php" line="23" class="Hyde\Framework\Testing\Unit\HydeFileHelpersTest" classname="Hyde.Framework.Testing.Unit.HydeFileHelpersTest" assertions="1" time="0.003368"/>
        <testcase name="testCurrentRouteReturnsCurrentRouteViewProperty" file="/home/runner/work/develop/develop/packages/framework/tests/Unit/HydeFileHelpersTest.php" line="28" class="Hyde\Framework\Testing\Unit\HydeFileHelpersTest" classname="Hyde.Framework.Testing.Unit.HydeFileHelpersTest" assertions="1" time="0.007709"/>
        <testcase name="testCurrentRouteFallsBackToNullIfCurrentRouteViewPropertyIsNotSet" file="/home/runner/work/develop/develop/packages/framework/tests/Unit/HydeFileHelpersTest.php" line="34" class="Hyde\Framework\Testing\Unit\HydeFileHelpersTest" classname="Hyde.Framework.Testing.Unit.HydeFileHelpersTest" assertions="1" time="0.003174"/>
      </testsuite>
      <testsuite name="Hyde\Framework\Testing\Unit\HydeGetBasePathHasFallbackTest" file="/home/runner/work/develop/develop/packages/framework/tests/Unit/HydeGetBasePathHasFallbackTest.php" tests="1" assertions="1" errors="0" failures="0" skipped="0" time="0.003135">
        <testcase name="testHydeGetBasePathFallsBackToGetcwd" file="/home/runner/work/develop/develop/packages/framework/tests/Unit/HydeGetBasePathHasFallbackTest.php" line="17" class="Hyde\Framework\Testing\Unit\HydeGetBasePathHasFallbackTest" classname="Hyde.Framework.Testing.Unit.HydeGetBasePathHasFallbackTest" assertions="1" time="0.003135"/>
      </testsuite>
      <testsuite name="Hyde\Framework\Testing\Unit\HydeHelperFacadeMakeTitleTest" file="/home/runner/work/develop/develop/packages/framework/tests/Unit/HydeHelperFacadeMakeTitleTest.php" tests="9" assertions="13" errors="0" failures="0" skipped="0" time="0.013422">
        <testcase name="testMakeTitleHelperParsesKebabCaseIntoTitle" file="/home/runner/work/develop/develop/packages/framework/tests/Unit/HydeHelperFacadeMakeTitleTest.php" line="14" class="Hyde\Framework\Testing\Unit\HydeHelperFacadeMakeTitleTest" classname="Hyde.Framework.Testing.Unit.HydeHelperFacadeMakeTitleTest" assertions="1" time="0.001560"/>
        <testcase name="testMakeTitleHelperParsesSnakeCaseIntoTitle" file="/home/runner/work/develop/develop/packages/framework/tests/Unit/HydeHelperFacadeMakeTitleTest.php" line="19" class="Hyde\Framework\Testing\Unit\HydeHelperFacadeMakeTitleTest" classname="Hyde.Framework.Testing.Unit.HydeHelperFacadeMakeTitleTest" assertions="1" time="0.001477"/>
        <testcase name="testMakeTitleHelperParsesCamelCaseIntoTitle" file="/home/runner/work/develop/develop/packages/framework/tests/Unit/HydeHelperFacadeMakeTitleTest.php" line="24" class="Hyde\Framework\Testing\Unit\HydeHelperFacadeMakeTitleTest" classname="Hyde.Framework.Testing.Unit.HydeHelperFacadeMakeTitleTest" assertions="1" time="0.001430"/>
        <testcase name="testMakeTitleHelperParsesPascalCaseIntoTitle" file="/home/runner/work/develop/develop/packages/framework/tests/Unit/HydeHelperFacadeMakeTitleTest.php" line="29" class="Hyde\Framework\Testing\Unit\HydeHelperFacadeMakeTitleTest" classname="Hyde.Framework.Testing.Unit.HydeHelperFacadeMakeTitleTest" assertions="1" time="0.001426"/>
        <testcase name="testMakeTitleHelperParsesTitleCaseIntoTitle" file="/home/runner/work/develop/develop/packages/framework/tests/Unit/HydeHelperFacadeMakeTitleTest.php" line="34" class="Hyde\Framework\Testing\Unit\HydeHelperFacadeMakeTitleTest" classname="Hyde.Framework.Testing.Unit.HydeHelperFacadeMakeTitleTest" assertions="1" time="0.001429"/>
        <testcase name="testMakeTitleHelperParsesTitleCaseWithSpacesIntoTitle" file="/home/runner/work/develop/develop/packages/framework/tests/Unit/HydeHelperFacadeMakeTitleTest.php" line="39" class="Hyde\Framework\Testing\Unit\HydeHelperFacadeMakeTitleTest" classname="Hyde.Framework.Testing.Unit.HydeHelperFacadeMakeTitleTest" assertions="1" time="0.001424"/>
        <testcase name="testMakeTitleHelperDoesNotCapitalizeAuxiliaryWords" file="/home/runner/work/develop/develop/packages/framework/tests/Unit/HydeHelperFacadeMakeTitleTest.php" line="44" class="Hyde\Framework\Testing\Unit\HydeHelperFacadeMakeTitleTest" classname="Hyde.Framework.Testing.Unit.HydeHelperFacadeMakeTitleTest" assertions="1" time="0.001446"/>
        <testcase name="testMakeTitleHelperDoesNotModifyOnlyUppercaseInput" file="/home/runner/work/develop/develop/packages/framework/tests/Unit/HydeHelperFacadeMakeTitleTest.php" line="50" class="Hyde\Framework\Testing\Unit\HydeHelperFacadeMakeTitleTest" classname="Hyde.Framework.Testing.Unit.HydeHelperFacadeMakeTitleTest" assertions="3" time="0.001600"/>
        <testcase name="testMakeTitleHelperModifiesPartiallyUppercaseInput" file="/home/runner/work/develop/develop/packages/framework/tests/Unit/HydeHelperFacadeMakeTitleTest.php" line="57" class="Hyde\Framework\Testing\Unit\HydeHelperFacadeMakeTitleTest" classname="Hyde.Framework.Testing.Unit.HydeHelperFacadeMakeTitleTest" assertions="3" time="0.001631"/>
      </testsuite>
      <testsuite name="Hyde\Framework\Testing\Unit\HydeHelperFacadeTest" file="/home/runner/work/develop/develop/packages/framework/tests/Unit/HydeHelperFacadeTest.php" tests="3" assertions="3" errors="0" failures="0" skipped="0" time="0.009724">
        <testcase name="testFeaturesFacadeReturnsInstanceOfFeaturesClass" file="/home/runner/work/develop/develop/packages/framework/tests/Unit/HydeHelperFacadeTest.php" line="16" class="Hyde\Framework\Testing\Unit\HydeHelperFacadeTest" classname="Hyde.Framework.Testing.Unit.HydeHelperFacadeTest" assertions="1" time="0.003241"/>
        <testcase name="testFeaturesFacadeCanBeUsedToCallStaticMethodsOnFeaturesClass" file="/home/runner/work/develop/develop/packages/framework/tests/Unit/HydeHelperFacadeTest.php" line="24" class="Hyde\Framework\Testing\Unit\HydeHelperFacadeTest" classname="Hyde.Framework.Testing.Unit.HydeHelperFacadeTest" assertions="1" time="0.003223"/>
        <testcase name="testHydeHasFeatureShorthandCallsStaticMethodOnFeaturesClass" file="/home/runner/work/develop/develop/packages/framework/tests/Unit/HydeHelperFacadeTest.php" line="31" class="Hyde\Framework\Testing\Unit\HydeHelperFacadeTest" classname="Hyde.Framework.Testing.Unit.HydeHelperFacadeTest" assertions="1" time="0.003260"/>
      </testsuite>
      <testsuite name="Hyde\Framework\Testing\Unit\HydePageDataFactoryTest" file="/home/runner/work/develop/develop/packages/framework/tests/Unit/HydePageDataFactoryTest.php" tests="10" assertions="10" errors="0" failures="0" skipped="0" time="0.030905">
        <testcase name="testCanConstruct" file="/home/runner/work/develop/develop/packages/framework/tests/Unit/HydePageDataFactoryTest.php" line="32" class="Hyde\Framework\Testing\Unit\HydePageDataFactoryTest" classname="Hyde.Framework.Testing.Unit.HydePageDataFactoryTest" assertions="1" time="0.003055"/>
        <testcase name="testToArrayContainsExpectedKeys" file="/home/runner/work/develop/develop/packages/framework/tests/Unit/HydePageDataFactoryTest.php" line="37" class="Hyde\Framework\Testing\Unit\HydePageDataFactoryTest" classname="Hyde.Framework.Testing.Unit.HydePageDataFactoryTest" assertions="1" time="0.003036"/>
        <testcase name="testCanCreateTitleFromMatter" file="/home/runner/work/develop/develop/packages/framework/tests/Unit/HydePageDataFactoryTest.php" line="42" class="Hyde\Framework\Testing\Unit\HydePageDataFactoryTest" classname="Hyde.Framework.Testing.Unit.HydePageDataFactoryTest" assertions="1" time="0.003025"/>
        <testcase name="testCanCreateTitleFromMarkdown" file="/home/runner/work/develop/develop/packages/framework/tests/Unit/HydePageDataFactoryTest.php" line="47" class="Hyde\Framework\Testing\Unit\HydePageDataFactoryTest" classname="Hyde.Framework.Testing.Unit.HydePageDataFactoryTest" assertions="1" time="0.003034"/>
        <testcase name="testTitlePrefersMatter" file="/home/runner/work/develop/develop/packages/framework/tests/Unit/HydePageDataFactoryTest.php" line="52" class="Hyde\Framework\Testing\Unit\HydePageDataFactoryTest" classname="Hyde.Framework.Testing.Unit.HydePageDataFactoryTest" assertions="1" time="0.003031"/>
        <testcase name="testTitleFallsBackToIdentifier" file="/home/runner/work/develop/develop/packages/framework/tests/Unit/HydePageDataFactoryTest.php" line="57" class="Hyde\Framework\Testing\Unit\HydePageDataFactoryTest" classname="Hyde.Framework.Testing.Unit.HydePageDataFactoryTest" assertions="1" time="0.003137"/>
        <testcase name="testTitleFallsBackToIdentifierBasename" file="/home/runner/work/develop/develop/packages/framework/tests/Unit/HydePageDataFactoryTest.php" line="62" class="Hyde\Framework\Testing\Unit\HydePageDataFactoryTest" classname="Hyde.Framework.Testing.Unit.HydePageDataFactoryTest" assertions="1" time="0.003175"/>
        <testcase name="testIndexPageTitlesCanBeCreatedFromParentIdentifierBasename" file="/home/runner/work/develop/develop/packages/framework/tests/Unit/HydePageDataFactoryTest.php" line="67" class="Hyde\Framework\Testing\Unit\HydePageDataFactoryTest" classname="Hyde.Framework.Testing.Unit.HydePageDataFactoryTest" assertions="1" time="0.003198"/>
        <testcase name="testIndexPageTitlesCanBeCreatedFromNestedParentIdentifierBasename" file="/home/runner/work/develop/develop/packages/framework/tests/Unit/HydePageDataFactoryTest.php" line="72" class="Hyde\Framework\Testing\Unit\HydePageDataFactoryTest" classname="Hyde.Framework.Testing.Unit.HydePageDataFactoryTest" assertions="1" time="0.003222"/>
        <testcase name="testNavigationDataIsGeneratedByNavigationDataFactory" file="/home/runner/work/develop/develop/packages/framework/tests/Unit/HydePageDataFactoryTest.php" line="77" class="Hyde\Framework\Testing\Unit\HydePageDataFactoryTest" classname="Hyde.Framework.Testing.Unit.HydePageDataFactoryTest" assertions="1" time="0.002994"/>
      </testsuite>
      <testsuite name="Hyde\Framework\Testing\Unit\HydePageSerializableUnitTest" file="/home/runner/work/develop/develop/packages/framework/tests/Unit/HydePageSerializableUnitTest.php" tests="24" assertions="24" errors="0" failures="0" skipped="0" time="0.068992">
        <testcase name="testToArray" file="/home/runner/work/develop/develop/packages/framework/tests/Unit/HydePageSerializableUnitTest.php" line="28" class="Hyde\Framework\Testing\Unit\HydePageSerializableUnitTest" classname="Hyde.Framework.Testing.Unit.HydePageSerializableUnitTest" assertions="1" time="0.002849"/>
        <testcase name="testJsonSerializeUsesArraySerialize" file="/home/runner/work/develop/develop/packages/framework/tests/Unit/HydePageSerializableUnitTest.php" line="33" class="Hyde\Framework\Testing\Unit\HydePageSerializableUnitTest" classname="Hyde.Framework.Testing.Unit.HydePageSerializableUnitTest" assertions="1" time="0.002875"/>
        <testcase name="testToJsonUsesJsonEncodedObject" file="/home/runner/work/develop/develop/packages/framework/tests/Unit/HydePageSerializableUnitTest.php" line="39" class="Hyde\Framework\Testing\Unit\HydePageSerializableUnitTest" classname="Hyde.Framework.Testing.Unit.HydePageSerializableUnitTest" assertions="1" time="0.002961"/>
        <testcase name="testToJsonUsesJsonEncodedArray" file="/home/runner/work/develop/develop/packages/framework/tests/Unit/HydePageSerializableUnitTest.php" line="45" class="Hyde\Framework\Testing\Unit\HydePageSerializableUnitTest" classname="Hyde.Framework.Testing.Unit.HydePageSerializableUnitTest" assertions="1" time="0.002916"/>
        <testcase name="testHydePageToArrayKeys" file="/home/runner/work/develop/develop/packages/framework/tests/Unit/HydePageSerializableUnitTest.php" line="51" class="Hyde\Framework\Testing\Unit\HydePageSerializableUnitTest" classname="Hyde.Framework.Testing.Unit.HydePageSerializableUnitTest" assertions="1" time="0.002743"/>
        <testcase name="testHtmlPageToArrayKeys" file="/home/runner/work/develop/develop/packages/framework/tests/Unit/HydePageSerializableUnitTest.php" line="59" class="Hyde\Framework\Testing\Unit\HydePageSerializableUnitTest" classname="Hyde.Framework.Testing.Unit.HydePageSerializableUnitTest" assertions="1" time="0.002787"/>
        <testcase name="testBladePageToArrayKeys" file="/home/runner/work/develop/develop/packages/framework/tests/Unit/HydePageSerializableUnitTest.php" line="67" class="Hyde\Framework\Testing\Unit\HydePageSerializableUnitTest" classname="Hyde.Framework.Testing.Unit.HydePageSerializableUnitTest" assertions="1" time="0.002794"/>
        <testcase name="testMarkdownPageToArrayKeys" file="/home/runner/work/develop/develop/packages/framework/tests/Unit/HydePageSerializableUnitTest.php" line="75" class="Hyde\Framework\Testing\Unit\HydePageSerializableUnitTest" classname="Hyde.Framework.Testing.Unit.HydePageSerializableUnitTest" assertions="1" time="0.002848"/>
        <testcase name="testMarkdownPostToArrayKeys" file="/home/runner/work/develop/develop/packages/framework/tests/Unit/HydePageSerializableUnitTest.php" line="83" class="Hyde\Framework\Testing\Unit\HydePageSerializableUnitTest" classname="Hyde.Framework.Testing.Unit.HydePageSerializableUnitTest" assertions="1" time="0.003271"/>
        <testcase name="testDocumentationPageToArrayKeys" file="/home/runner/work/develop/develop/packages/framework/tests/Unit/HydePageSerializableUnitTest.php" line="91" class="Hyde\Framework\Testing\Unit\HydePageSerializableUnitTest" classname="Hyde.Framework.Testing.Unit.HydePageSerializableUnitTest" assertions="1" time="0.002866"/>
        <testcase name="testHydePageToArrayContents" file="/home/runner/work/develop/develop/packages/framework/tests/Unit/HydePageSerializableUnitTest.php" line="99" class="Hyde\Framework\Testing\Unit\HydePageSerializableUnitTest" classname="Hyde.Framework.Testing.Unit.HydePageSerializableUnitTest" assertions="1" time="0.002652"/>
        <testcase name="testHtmlPageToArrayContents" file="/home/runner/work/develop/develop/packages/framework/tests/Unit/HydePageSerializableUnitTest.php" line="115" class="Hyde\Framework\Testing\Unit\HydePageSerializableUnitTest" classname="Hyde.Framework.Testing.Unit.HydePageSerializableUnitTest" assertions="1" time="0.002676"/>
        <testcase name="testBladePageToArrayContents" file="/home/runner/work/develop/develop/packages/framework/tests/Unit/HydePageSerializableUnitTest.php" line="131" class="Hyde\Framework\Testing\Unit\HydePageSerializableUnitTest" classname="Hyde.Framework.Testing.Unit.HydePageSerializableUnitTest" assertions="1" time="0.002704"/>
        <testcase name="testMarkdownPageToArrayContents" file="/home/runner/work/develop/develop/packages/framework/tests/Unit/HydePageSerializableUnitTest.php" line="147" class="Hyde\Framework\Testing\Unit\HydePageSerializableUnitTest" classname="Hyde.Framework.Testing.Unit.HydePageSerializableUnitTest" assertions="1" time="0.002736"/>
        <testcase name="testMarkdownPostToArrayContents" file="/home/runner/work/develop/develop/packages/framework/tests/Unit/HydePageSerializableUnitTest.php" line="163" class="Hyde\Framework\Testing\Unit\HydePageSerializableUnitTest" classname="Hyde.Framework.Testing.Unit.HydePageSerializableUnitTest" assertions="1" time="0.003132"/>
        <testcase name="testDocumentationPageToArrayContents" file="/home/runner/work/develop/develop/packages/framework/tests/Unit/HydePageSerializableUnitTest.php" line="184" class="Hyde\Framework\Testing\Unit\HydePageSerializableUnitTest" classname="Hyde.Framework.Testing.Unit.HydePageSerializableUnitTest" assertions="1" time="0.002757"/>
        <testcase name="testJsonEncodedOutput" file="/home/runner/work/develop/develop/packages/framework/tests/Unit/HydePageSerializableUnitTest.php" line="200" class="Hyde\Framework\Testing\Unit\HydePageSerializableUnitTest" classname="Hyde.Framework.Testing.Unit.HydePageSerializableUnitTest" assertions="1" time="0.002832"/>
        <testcase name="testJsonSerializedHydePageContents" file="/home/runner/work/develop/develop/packages/framework/tests/Unit/HydePageSerializableUnitTest.php" line="221" class="Hyde\Framework\Testing\Unit\HydePageSerializableUnitTest" classname="Hyde.Framework.Testing.Unit.HydePageSerializableUnitTest" assertions="1" time="0.002865"/>
        <testcase name="testJsonSerializedHtmlPageContents" file="/home/runner/work/develop/develop/packages/framework/tests/Unit/HydePageSerializableUnitTest.php" line="243" class="Hyde\Framework\Testing\Unit\HydePageSerializableUnitTest" classname="Hyde.Framework.Testing.Unit.HydePageSerializableUnitTest" assertions="1" time="0.002857"/>
        <testcase name="testJsonSerializedBladePageContents" file="/home/runner/work/develop/develop/packages/framework/tests/Unit/HydePageSerializableUnitTest.php" line="265" class="Hyde\Framework\Testing\Unit\HydePageSerializableUnitTest" classname="Hyde.Framework.Testing.Unit.HydePageSerializableUnitTest" assertions="1" time="0.002875"/>
        <testcase name="testJsonSerializedMarkdownPageContents" file="/home/runner/work/develop/develop/packages/framework/tests/Unit/HydePageSerializableUnitTest.php" line="287" class="Hyde\Framework\Testing\Unit\HydePageSerializableUnitTest" classname="Hyde.Framework.Testing.Unit.HydePageSerializableUnitTest" assertions="1" time="0.002908"/>
        <testcase name="testJsonSerializedMarkdownPostContents" file="/home/runner/work/develop/develop/packages/framework/tests/Unit/HydePageSerializableUnitTest.php" line="309" class="Hyde\Framework\Testing\Unit\HydePageSerializableUnitTest" classname="Hyde.Framework.Testing.Unit.HydePageSerializableUnitTest" assertions="1" time="0.003287"/>
        <testcase name="testJsonSerializedDocumentationPageContents" file="/home/runner/work/develop/develop/packages/framework/tests/Unit/HydePageSerializableUnitTest.php" line="336" class="Hyde\Framework\Testing\Unit\HydePageSerializableUnitTest" classname="Hyde.Framework.Testing.Unit.HydePageSerializableUnitTest" assertions="1" time="0.002939"/>
        <testcase name="testJsonSerializedMarkdownPageWithFrontMatter" file="/home/runner/work/develop/develop/packages/framework/tests/Unit/HydePageSerializableUnitTest.php" line="358" class="Hyde\Framework\Testing\Unit\HydePageSerializableUnitTest" classname="Hyde.Framework.Testing.Unit.HydePageSerializableUnitTest" assertions="1" time="0.002862"/>
      </testsuite>
      <testsuite name="Hyde\Framework\Testing\Unit\HydeVendorPathHelperTest" file="/home/runner/work/develop/develop/packages/framework/tests/Unit/HydeVendorPathHelperTest.php" tests="5" assertions="9" errors="0" failures="0" skipped="0" time="0.015755">
        <testcase name="testMethodExists" file="/home/runner/work/develop/develop/packages/framework/tests/Unit/HydeVendorPathHelperTest.php" line="13" class="Hyde\Framework\Testing\Unit\HydeVendorPathHelperTest" classname="Hyde.Framework.Testing.Unit.HydeVendorPathHelperTest" assertions="1" time="0.003211"/>
        <testcase name="testMethodReturnsString" file="/home/runner/work/develop/develop/packages/framework/tests/Unit/HydeVendorPathHelperTest.php" line="18" class="Hyde\Framework\Testing\Unit\HydeVendorPathHelperTest" classname="Hyde.Framework.Testing.Unit.HydeVendorPathHelperTest" assertions="1" time="0.002966"/>
        <testcase name="testMethodReturnsStringContainingVendorPath" file="/home/runner/work/develop/develop/packages/framework/tests/Unit/HydeVendorPathHelperTest.php" line="23" class="Hyde\Framework\Testing\Unit\HydeVendorPathHelperTest" classname="Hyde.Framework.Testing.Unit.HydeVendorPathHelperTest" assertions="1" time="0.003003"/>
        <testcase name="testMethodReturnsPathToTheVendorDirectory" file="/home/runner/work/develop/develop/packages/framework/tests/Unit/HydeVendorPathHelperTest.php" line="28" class="Hyde\Framework\Testing\Unit\HydeVendorPathHelperTest" classname="Hyde.Framework.Testing.Unit.HydeVendorPathHelperTest" assertions="3" time="0.003298"/>
        <testcase name="testCanSpecifyWhichHydePackageToUse" file="/home/runner/work/develop/develop/packages/framework/tests/Unit/HydeVendorPathHelperTest.php" line="35" class="Hyde\Framework\Testing\Unit\HydeVendorPathHelperTest" classname="Hyde.Framework.Testing.Unit.HydeVendorPathHelperTest" assertions="3" time="0.003276"/>
      </testsuite>
      <testsuite name="Hyde\Framework\Testing\Unit\InteractsWithDirectoriesConcernTest" file="/home/runner/work/develop/develop/packages/framework/tests/Unit/InteractsWithDirectoriesConcernTest.php" tests="7" assertions="9" errors="0" failures="0" skipped="0" time="0.026457">
        <testcase name="testMethodsCanBeCalledStatically" file="/home/runner/work/develop/develop/packages/framework/tests/Unit/InteractsWithDirectoriesConcernTest.php" line="35" class="Hyde\Framework\Testing\Unit\InteractsWithDirectoriesConcernTest" classname="Hyde.Framework.Testing.Unit.InteractsWithDirectoriesConcernTest" assertions="2" time="0.003936"/>
        <testcase name="testNeedsDirectoryCreatesTheDirectory" file="/home/runner/work/develop/develop/packages/framework/tests/Unit/InteractsWithDirectoriesConcernTest.php" line="44" class="Hyde\Framework\Testing\Unit\InteractsWithDirectoriesConcernTest" classname="Hyde.Framework.Testing.Unit.InteractsWithDirectoriesConcernTest" assertions="1" time="0.003518"/>
        <testcase name="testNeedsDirectoryCreatesTheDirectoryRecursively" file="/home/runner/work/develop/develop/packages/framework/tests/Unit/InteractsWithDirectoriesConcernTest.php" line="50" class="Hyde\Framework\Testing\Unit\InteractsWithDirectoriesConcernTest" classname="Hyde.Framework.Testing.Unit.InteractsWithDirectoriesConcernTest" assertions="1" time="0.003761"/>
        <testcase name="testNeedsDirectoryHandlesExistingDirectory" file="/home/runner/work/develop/develop/packages/framework/tests/Unit/InteractsWithDirectoriesConcernTest.php" line="56" class="Hyde\Framework\Testing\Unit\InteractsWithDirectoriesConcernTest" classname="Hyde.Framework.Testing.Unit.InteractsWithDirectoriesConcernTest" assertions="1" time="0.003859"/>
        <testcase name="testNeedsDirectoriesCreatesSingleDirectory" file="/home/runner/work/develop/develop/packages/framework/tests/Unit/InteractsWithDirectoriesConcernTest.php" line="63" class="Hyde\Framework\Testing\Unit\InteractsWithDirectoriesConcernTest" classname="Hyde.Framework.Testing.Unit.InteractsWithDirectoriesConcernTest" assertions="1" time="0.003603"/>
        <testcase name="testNeedsDirectoriesCreatesMultipleDirectories" file="/home/runner/work/develop/develop/packages/framework/tests/Unit/InteractsWithDirectoriesConcernTest.php" line="69" class="Hyde\Framework\Testing\Unit\InteractsWithDirectoriesConcernTest" classname="Hyde.Framework.Testing.Unit.InteractsWithDirectoriesConcernTest" assertions="2" time="0.004068"/>
        <testcase name="testNeedsParentDirectoryCreatesDirectoryForTheParentFile" file="/home/runner/work/develop/develop/packages/framework/tests/Unit/InteractsWithDirectoriesConcernTest.php" line="78" class="Hyde\Framework\Testing\Unit\InteractsWithDirectoriesConcernTest" classname="Hyde.Framework.Testing.Unit.InteractsWithDirectoriesConcernTest" assertions="1" time="0.003712"/>
      </testsuite>
      <testsuite name="Hyde\Framework\Testing\Unit\LoadConfigurationTest" file="/home/runner/work/develop/develop/packages/framework/tests/Unit/LoadConfigurationTest.php" tests="2" assertions="6" errors="0" failures="0" skipped="0" time="0.009839">
        <testcase name="testItLoadsRuntimeConfiguration" file="/home/runner/work/develop/develop/packages/framework/tests/Unit/LoadConfigurationTest.php" line="16" class="Hyde\Framework\Testing\Unit\LoadConfigurationTest" classname="Hyde.Framework.Testing.Unit.LoadConfigurationTest" assertions="4" time="0.004557"/>
        <testcase name="testItLoadsRealtimeCompilerEnvironmentConfiguration" file="/home/runner/work/develop/develop/packages/framework/tests/Unit/LoadConfigurationTest.php" line="33" class="Hyde\Framework\Testing\Unit\LoadConfigurationTest" classname="Hyde.Framework.Testing.Unit.LoadConfigurationTest" assertions="2" time="0.005282"/>
      </testsuite>
      <testsuite name="Hyde\Framework\Testing\Unit\MarkdownDocumentTest" file="/home/runner/work/develop/develop/packages/framework/tests/Unit/MarkdownDocumentTest.php" tests="10" assertions="16" errors="0" failures="0" skipped="0" time="0.036214">
        <testcase name="testConstructorCreatesNewMarkdownDocument" file="/home/runner/work/develop/develop/packages/framework/tests/Unit/MarkdownDocumentTest.php" line="20" class="Hyde\Framework\Testing\Unit\MarkdownDocumentTest" classname="Hyde.Framework.Testing.Unit.MarkdownDocumentTest" assertions="1" time="0.003291"/>
        <testcase name="testConstructorArgumentsAreOptional" file="/home/runner/work/develop/develop/packages/framework/tests/Unit/MarkdownDocumentTest.php" line="26" class="Hyde\Framework\Testing\Unit\MarkdownDocumentTest" classname="Hyde.Framework.Testing.Unit.MarkdownDocumentTest" assertions="1" time="0.003159"/>
        <testcase name="testConstructorArgumentsAreAssigned" file="/home/runner/work/develop/develop/packages/framework/tests/Unit/MarkdownDocumentTest.php" line="32" class="Hyde\Framework\Testing\Unit\MarkdownDocumentTest" classname="Hyde.Framework.Testing.Unit.MarkdownDocumentTest" assertions="1" time="0.003236"/>
        <testcase name="testMagicToStringMethodReturnsBody" file="/home/runner/work/develop/develop/packages/framework/tests/Unit/MarkdownDocumentTest.php" line="38" class="Hyde\Framework\Testing\Unit\MarkdownDocumentTest" classname="Hyde.Framework.Testing.Unit.MarkdownDocumentTest" assertions="1" time="0.003154"/>
        <testcase name="testCompileMethodReturnsRenderedHtml" file="/home/runner/work/develop/develop/packages/framework/tests/Unit/MarkdownDocumentTest.php" line="44" class="Hyde\Framework\Testing\Unit\MarkdownDocumentTest" classname="Hyde.Framework.Testing.Unit.MarkdownDocumentTest" assertions="1" time="0.004128"/>
        <testcase name="testToHtmlMethodReturnsRenderedAsHtmlString" file="/home/runner/work/develop/develop/packages/framework/tests/Unit/MarkdownDocumentTest.php" line="50" class="Hyde\Framework\Testing\Unit\MarkdownDocumentTest" classname="Hyde.Framework.Testing.Unit.MarkdownDocumentTest" assertions="2" time="0.004846"/>
        <testcase name="testParseMethodParsesAFileUsingTheMarkdownFileService" file="/home/runner/work/develop/develop/packages/framework/tests/Unit/MarkdownDocumentTest.php" line="57" class="Hyde\Framework\Testing\Unit\MarkdownDocumentTest" classname="Hyde.Framework.Testing.Unit.MarkdownDocumentTest" assertions="3" time="0.004068"/>
        <testcase name="testToArrayMethodReturnsArrayMarkdownBodyLines" file="/home/runner/work/develop/develop/packages/framework/tests/Unit/MarkdownDocumentTest.php" line="67" class="Hyde\Framework\Testing\Unit\MarkdownDocumentTest" classname="Hyde.Framework.Testing.Unit.MarkdownDocumentTest" assertions="1" time="0.003275"/>
        <testcase name="testFromFileMethodReturnsNewMarkdownDocument" file="/home/runner/work/develop/develop/packages/framework/tests/Unit/MarkdownDocumentTest.php" line="73" class="Hyde\Framework\Testing\Unit\MarkdownDocumentTest" classname="Hyde.Framework.Testing.Unit.MarkdownDocumentTest" assertions="2" time="0.003794"/>
        <testcase name="testCarriageReturnsAreNormalized" file="/home/runner/work/develop/develop/packages/framework/tests/Unit/MarkdownDocumentTest.php" line="88" class="Hyde\Framework\Testing\Unit\MarkdownDocumentTest" classname="Hyde.Framework.Testing.Unit.MarkdownDocumentTest" assertions="3" time="0.003264"/>
      </testsuite>
      <testsuite name="Hyde\Framework\Testing\Unit\MarkdownFacadeTest" file="/home/runner/work/develop/develop/packages/framework/tests/Unit/MarkdownFacadeTest.php" tests="1" assertions="2" errors="0" failures="0" skipped="0" time="0.002453">
        <testcase name="testRender" file="/home/runner/work/develop/develop/packages/framework/tests/Unit/MarkdownFacadeTest.php" line="17" class="Hyde\Framework\Testing\Unit\MarkdownFacadeTest" classname="Hyde.Framework.Testing.Unit.MarkdownFacadeTest" assertions="2" time="0.002453"/>
      </testsuite>
      <testsuite name="Hyde\Framework\Testing\Unit\MediaDirectoryCanBeChangedTest" file="/home/runner/work/develop/develop/packages/framework/tests/Unit/MediaDirectoryCanBeChangedTest.php" tests="3" assertions="9" errors="0" failures="0" skipped="0" time="0.065318">
        <testcase name="testMediaOutputDirectoryCanBeChangedForSiteBuilds" file="/home/runner/work/develop/develop/packages/framework/tests/Unit/MediaDirectoryCanBeChangedTest.php" line="22" class="Hyde\Framework\Testing\Unit\MediaDirectoryCanBeChangedTest" classname="Hyde.Framework.Testing.Unit.MediaDirectoryCanBeChangedTest" assertions="3" time="0.033949"/>
        <testcase name="testMediaOutputDirectoryCanBeChangedForSiteRebuilds" file="/home/runner/work/develop/develop/packages/framework/tests/Unit/MediaDirectoryCanBeChangedTest.php" line="40" class="Hyde\Framework\Testing\Unit\MediaDirectoryCanBeChangedTest" classname="Hyde.Framework.Testing.Unit.MediaDirectoryCanBeChangedTest" assertions="3" time="0.012576"/>
        <testcase name="testCompiledPagesHaveLinksToTheRightMediaFileLocation" file="/home/runner/work/develop/develop/packages/framework/tests/Unit/MediaDirectoryCanBeChangedTest.php" line="58" class="Hyde\Framework\Testing\Unit\MediaDirectoryCanBeChangedTest" classname="Hyde.Framework.Testing.Unit.MediaDirectoryCanBeChangedTest" assertions="3" time="0.018793"/>
      </testsuite>
      <testsuite name="Hyde\Framework\Testing\Unit\NavItemIsCurrentHelperTest" file="/home/runner/work/develop/develop/packages/framework/tests/Unit/NavItemIsCurrentHelperTest.php" tests="34" assertions="34" errors="0" failures="0" skipped="0" time="0.120593">
        <testcase name="testIsCurrent" file="/home/runner/work/develop/develop/packages/framework/tests/Unit/NavItemIsCurrentHelperTest.php" line="34" class="Hyde\Framework\Testing\Unit\NavItemIsCurrentHelperTest" classname="Hyde.Framework.Testing.Unit.NavItemIsCurrentHelperTest" assertions="1" time="0.003957"/>
        <testcase name="testIsCurrentWhenCurrent" file="/home/runner/work/develop/develop/packages/framework/tests/Unit/NavItemIsCurrentHelperTest.php" line="40" class="Hyde\Framework\Testing\Unit\NavItemIsCurrentHelperTest" classname="Hyde.Framework.Testing.Unit.NavItemIsCurrentHelperTest" assertions="1" time="0.003828"/>
        <testcase name="testIsCurrentUsingCurrentRoute" file="/home/runner/work/develop/develop/packages/framework/tests/Unit/NavItemIsCurrentHelperTest.php" line="46" class="Hyde\Framework\Testing\Unit\NavItemIsCurrentHelperTest" classname="Hyde.Framework.Testing.Unit.NavItemIsCurrentHelperTest" assertions="1" time="0.003567"/>
        <testcase name="testIsCurrentUsingCurrentLink" file="/home/runner/work/develop/develop/packages/framework/tests/Unit/NavItemIsCurrentHelperTest.php" line="52" class="Hyde\Framework\Testing\Unit\NavItemIsCurrentHelperTest" classname="Hyde.Framework.Testing.Unit.NavItemIsCurrentHelperTest" assertions="1" time="0.003314"/>
        <testcase name="testIsCurrentWhenNotCurrent" file="/home/runner/work/develop/develop/packages/framework/tests/Unit/NavItemIsCurrentHelperTest.php" line="58" class="Hyde\Framework\Testing\Unit\NavItemIsCurrentHelperTest" classname="Hyde.Framework.Testing.Unit.NavItemIsCurrentHelperTest" assertions="1" time="0.003794"/>
        <testcase name="testIsCurrentUsingNotCurrentRoute" file="/home/runner/work/develop/develop/packages/framework/tests/Unit/NavItemIsCurrentHelperTest.php" line="64" class="Hyde\Framework\Testing\Unit\NavItemIsCurrentHelperTest" classname="Hyde.Framework.Testing.Unit.NavItemIsCurrentHelperTest" assertions="1" time="0.003566"/>
        <testcase name="testIsCurrentUsingNotCurrentLink" file="/home/runner/work/develop/develop/packages/framework/tests/Unit/NavItemIsCurrentHelperTest.php" line="70" class="Hyde\Framework\Testing\Unit\NavItemIsCurrentHelperTest" classname="Hyde.Framework.Testing.Unit.NavItemIsCurrentHelperTest" assertions="1" time="0.003311"/>
        <testcase name="testIsCurrentWithNestedCurrentPage" file="/home/runner/work/develop/develop/packages/framework/tests/Unit/NavItemIsCurrentHelperTest.php" line="76" class="Hyde\Framework\Testing\Unit\NavItemIsCurrentHelperTest" classname="Hyde.Framework.Testing.Unit.NavItemIsCurrentHelperTest" assertions="1" time="0.003838"/>
        <testcase name="testIsCurrentWhenCurrentWithNestedCurrentPage" file="/home/runner/work/develop/develop/packages/framework/tests/Unit/NavItemIsCurrentHelperTest.php" line="82" class="Hyde\Framework\Testing\Unit\NavItemIsCurrentHelperTest" classname="Hyde.Framework.Testing.Unit.NavItemIsCurrentHelperTest" assertions="1" time="0.003882"/>
        <testcase name="testIsCurrentWithNestedCurrentPageWhenNested" file="/home/runner/work/develop/develop/packages/framework/tests/Unit/NavItemIsCurrentHelperTest.php" line="88" class="Hyde\Framework\Testing\Unit\NavItemIsCurrentHelperTest" classname="Hyde.Framework.Testing.Unit.NavItemIsCurrentHelperTest" assertions="1" time="0.003894"/>
        <testcase name="testIsCurrentWhenCurrentWithNestedCurrentPageWhenNested" file="/home/runner/work/develop/develop/packages/framework/tests/Unit/NavItemIsCurrentHelperTest.php" line="94" class="Hyde\Framework\Testing\Unit\NavItemIsCurrentHelperTest" classname="Hyde.Framework.Testing.Unit.NavItemIsCurrentHelperTest" assertions="1" time="0.003896"/>
        <testcase name="testIsCurrentWithNestedCurrentPageWhenVeryNested" file="/home/runner/work/develop/develop/packages/framework/tests/Unit/NavItemIsCurrentHelperTest.php" line="100" class="Hyde\Framework\Testing\Unit\NavItemIsCurrentHelperTest" classname="Hyde.Framework.Testing.Unit.NavItemIsCurrentHelperTest" assertions="1" time="0.003876"/>
        <testcase name="testIsCurrentWhenCurrentWithNestedCurrentPageWhenVeryNested" file="/home/runner/work/develop/develop/packages/framework/tests/Unit/NavItemIsCurrentHelperTest.php" line="106" class="Hyde\Framework\Testing\Unit\NavItemIsCurrentHelperTest" classname="Hyde.Framework.Testing.Unit.NavItemIsCurrentHelperTest" assertions="1" time="0.003896"/>
        <testcase name="testIsCurrentWithNestedCurrentPageWhenVeryDifferingNested" file="/home/runner/work/develop/develop/packages/framework/tests/Unit/NavItemIsCurrentHelperTest.php" line="112" class="Hyde\Framework\Testing\Unit\NavItemIsCurrentHelperTest" classname="Hyde.Framework.Testing.Unit.NavItemIsCurrentHelperTest" assertions="1" time="0.003858"/>
        <testcase name="testIsCurrentWithNestedCurrentPageWhenVeryDifferingNestedInverse" file="/home/runner/work/develop/develop/packages/framework/tests/Unit/NavItemIsCurrentHelperTest.php" line="118" class="Hyde\Framework\Testing\Unit\NavItemIsCurrentHelperTest" classname="Hyde.Framework.Testing.Unit.NavItemIsCurrentHelperTest" assertions="1" time="0.003874"/>
        <testcase name="testIsCurrentUsingCurrentLinkWithNestedCurrentPage" file="/home/runner/work/develop/develop/packages/framework/tests/Unit/NavItemIsCurrentHelperTest.php" line="124" class="Hyde\Framework\Testing\Unit\NavItemIsCurrentHelperTest" classname="Hyde.Framework.Testing.Unit.NavItemIsCurrentHelperTest" assertions="1" time="0.003349"/>
        <testcase name="testIsCurrentUsingNotCurrentLinkWithNestedCurrentPage" file="/home/runner/work/develop/develop/packages/framework/tests/Unit/NavItemIsCurrentHelperTest.php" line="130" class="Hyde\Framework\Testing\Unit\NavItemIsCurrentHelperTest" classname="Hyde.Framework.Testing.Unit.NavItemIsCurrentHelperTest" assertions="1" time="0.003372"/>
        <testcase name="testIsCurrentWhenCurrentWithNestedCurrentPageAndSubjectPage" file="/home/runner/work/develop/develop/packages/framework/tests/Unit/NavItemIsCurrentHelperTest.php" line="136" class="Hyde\Framework\Testing\Unit\NavItemIsCurrentHelperTest" classname="Hyde.Framework.Testing.Unit.NavItemIsCurrentHelperTest" assertions="1" time="0.003354"/>
        <testcase name="testIsCurrentWhenNotCurrentWithNestedCurrentPageAndSubjectPage" file="/home/runner/work/develop/develop/packages/framework/tests/Unit/NavItemIsCurrentHelperTest.php" line="142" class="Hyde\Framework\Testing\Unit\NavItemIsCurrentHelperTest" classname="Hyde.Framework.Testing.Unit.NavItemIsCurrentHelperTest" assertions="1" time="0.003350"/>
        <testcase name="testIsCurrentWithNestedCurrentPageWhenNestedUsingLinkItem" file="/home/runner/work/develop/develop/packages/framework/tests/Unit/NavItemIsCurrentHelperTest.php" line="148" class="Hyde\Framework\Testing\Unit\NavItemIsCurrentHelperTest" classname="Hyde.Framework.Testing.Unit.NavItemIsCurrentHelperTest" assertions="1" time="0.003369"/>
        <testcase name="testIsCurrentWhenCurrentWithNestedCurrentPageWhenNestedUsingLinkItem" file="/home/runner/work/develop/develop/packages/framework/tests/Unit/NavItemIsCurrentHelperTest.php" line="154" class="Hyde\Framework\Testing\Unit\NavItemIsCurrentHelperTest" classname="Hyde.Framework.Testing.Unit.NavItemIsCurrentHelperTest" assertions="1" time="0.003377"/>
        <testcase name="testIsCurrentWithNestedCurrentPageWhenVeryNestedUsingLinkItem" file="/home/runner/work/develop/develop/packages/framework/tests/Unit/NavItemIsCurrentHelperTest.php" line="160" class="Hyde\Framework\Testing\Unit\NavItemIsCurrentHelperTest" classname="Hyde.Framework.Testing.Unit.NavItemIsCurrentHelperTest" assertions="1" time="0.003359"/>
        <testcase name="testIsCurrentWhenCurrentWithNestedCurrentPageWhenVeryNestedUsingLinkItem" file="/home/runner/work/develop/develop/packages/framework/tests/Unit/NavItemIsCurrentHelperTest.php" line="166" class="Hyde\Framework\Testing\Unit\NavItemIsCurrentHelperTest" classname="Hyde.Framework.Testing.Unit.NavItemIsCurrentHelperTest" assertions="1" time="0.003392"/>
        <testcase name="testIsCurrentWithNestedCurrentPageWhenVeryDifferingNestedUsingLinkItem" file="/home/runner/work/develop/develop/packages/framework/tests/Unit/NavItemIsCurrentHelperTest.php" line="172" class="Hyde\Framework\Testing\Unit\NavItemIsCurrentHelperTest" classname="Hyde.Framework.Testing.Unit.NavItemIsCurrentHelperTest" assertions="1" time="0.003346"/>
        <testcase name="testIsCurrentWithNestedCurrentPageWhenVeryDifferingNestedInverseUsingLinkItem" file="/home/runner/work/develop/develop/packages/framework/tests/Unit/NavItemIsCurrentHelperTest.php" line="178" class="Hyde\Framework\Testing\Unit\NavItemIsCurrentHelperTest" classname="Hyde.Framework.Testing.Unit.NavItemIsCurrentHelperTest" assertions="1" time="0.003416"/>
        <testcase name="testIsCurrentWithNestedCurrentPageWhenNestedUsingPrettyLinkItem" file="/home/runner/work/develop/develop/packages/framework/tests/Unit/NavItemIsCurrentHelperTest.php" line="184" class="Hyde\Framework\Testing\Unit\NavItemIsCurrentHelperTest" classname="Hyde.Framework.Testing.Unit.NavItemIsCurrentHelperTest" assertions="1" time="0.003350"/>
        <testcase name="testIsCurrentWhenCurrentWithNestedCurrentPageWhenNestedUsingPrettyLinkItem" file="/home/runner/work/develop/develop/packages/framework/tests/Unit/NavItemIsCurrentHelperTest.php" line="190" class="Hyde\Framework\Testing\Unit\NavItemIsCurrentHelperTest" classname="Hyde.Framework.Testing.Unit.NavItemIsCurrentHelperTest" assertions="1" time="0.003383"/>
        <testcase name="testIsCurrentWithNestedCurrentPageWhenVeryNestedUsingPrettyLinkItem" file="/home/runner/work/develop/develop/packages/framework/tests/Unit/NavItemIsCurrentHelperTest.php" line="196" class="Hyde\Framework\Testing\Unit\NavItemIsCurrentHelperTest" classname="Hyde.Framework.Testing.Unit.NavItemIsCurrentHelperTest" assertions="1" time="0.003410"/>
        <testcase name="testIsCurrentWhenCurrentWithNestedCurrentPageWhenVeryNestedUsingPrettyLinkItem" file="/home/runner/work/develop/develop/packages/framework/tests/Unit/NavItemIsCurrentHelperTest.php" line="202" class="Hyde\Framework\Testing\Unit\NavItemIsCurrentHelperTest" classname="Hyde.Framework.Testing.Unit.NavItemIsCurrentHelperTest" assertions="1" time="0.003439"/>
        <testcase name="testIsCurrentWithNestedCurrentPageWhenVeryDifferingNestedUsingPrettyLinkItem" file="/home/runner/work/develop/develop/packages/framework/tests/Unit/NavItemIsCurrentHelperTest.php" line="208" class="Hyde\Framework\Testing\Unit\NavItemIsCurrentHelperTest" classname="Hyde.Framework.Testing.Unit.NavItemIsCurrentHelperTest" assertions="1" time="0.003397"/>
        <testcase name="testIsCurrentWithNestedCurrentPageWhenVeryDifferingNestedInverseUsingPrettyLinkItem" file="/home/runner/work/develop/develop/packages/framework/tests/Unit/NavItemIsCurrentHelperTest.php" line="214" class="Hyde\Framework\Testing\Unit\NavItemIsCurrentHelperTest" classname="Hyde.Framework.Testing.Unit.NavItemIsCurrentHelperTest" assertions="1" time="0.003453"/>
        <testcase name="testIsCurrentWithAbsoluteLink" file="/home/runner/work/develop/develop/packages/framework/tests/Unit/NavItemIsCurrentHelperTest.php" line="220" class="Hyde\Framework\Testing\Unit\NavItemIsCurrentHelperTest" classname="Hyde.Framework.Testing.Unit.NavItemIsCurrentHelperTest" assertions="1" time="0.003318"/>
        <testcase name="testIsCurrentWithNestedCurrentPageWhenNestedUsingAbsoluteLinkItem" file="/home/runner/work/develop/develop/packages/framework/tests/Unit/NavItemIsCurrentHelperTest.php" line="226" class="Hyde\Framework\Testing\Unit\NavItemIsCurrentHelperTest" classname="Hyde.Framework.Testing.Unit.NavItemIsCurrentHelperTest" assertions="1" time="0.003391"/>
        <testcase name="testIsCurrentWhenCurrentWithNestedCurrentPageWhenNestedUsingAbsoluteLinkItem" file="/home/runner/work/develop/develop/packages/framework/tests/Unit/NavItemIsCurrentHelperTest.php" line="232" class="Hyde\Framework\Testing\Unit\NavItemIsCurrentHelperTest" classname="Hyde.Framework.Testing.Unit.NavItemIsCurrentHelperTest" assertions="1" time="0.003421"/>
      </testsuite>
      <testsuite name="Hyde\Framework\Testing\Unit\NavItemTest" file="/home/runner/work/develop/develop/packages/framework/tests/Unit/NavItemTest.php" tests="20" assertions="32" errors="0" failures="0" skipped="0" time="0.057739">
        <testcase name="testConstruct" file="/home/runner/work/develop/develop/packages/framework/tests/Unit/NavItemTest.php" line="41" class="Hyde\Framework\Testing\Unit\NavItemTest" classname="Hyde.Framework.Testing.Unit.NavItemTest" assertions="1" time="0.003006"/>
        <testcase name="testGetDestination" file="/home/runner/work/develop/develop/packages/framework/tests/Unit/NavItemTest.php" line="49" class="Hyde\Framework\Testing\Unit\NavItemTest" classname="Hyde.Framework.Testing.Unit.NavItemTest" assertions="1" time="0.002716"/>
        <testcase name="testGetLabel" file="/home/runner/work/develop/develop/packages/framework/tests/Unit/NavItemTest.php" line="55" class="Hyde\Framework\Testing\Unit\NavItemTest" classname="Hyde.Framework.Testing.Unit.NavItemTest" assertions="1" time="0.002694"/>
        <testcase name="testGetPriority" file="/home/runner/work/develop/develop/packages/framework/tests/Unit/NavItemTest.php" line="61" class="Hyde\Framework\Testing\Unit\NavItemTest" classname="Hyde.Framework.Testing.Unit.NavItemTest" assertions="1" time="0.002738"/>
        <testcase name="testGetGroup" file="/home/runner/work/develop/develop/packages/framework/tests/Unit/NavItemTest.php" line="67" class="Hyde\Framework\Testing\Unit\NavItemTest" classname="Hyde.Framework.Testing.Unit.NavItemTest" assertions="1" time="0.002726"/>
        <testcase name="testFromRoute" file="/home/runner/work/develop/develop/packages/framework/tests/Unit/NavItemTest.php" line="73" class="Hyde\Framework\Testing\Unit\NavItemTest" classname="Hyde.Framework.Testing.Unit.NavItemTest" assertions="1" time="0.002685"/>
        <testcase name="testToString" file="/home/runner/work/develop/develop/packages/framework/tests/Unit/NavItemTest.php" line="81" class="Hyde\Framework\Testing\Unit\NavItemTest" classname="Hyde.Framework.Testing.Unit.NavItemTest" assertions="1" time="0.005578"/>
        <testcase name="testForLink" file="/home/runner/work/develop/develop/packages/framework/tests/Unit/NavItemTest.php" line="88" class="Hyde\Framework\Testing\Unit\NavItemTest" classname="Hyde.Framework.Testing.Unit.NavItemTest" assertions="3" time="0.001561"/>
        <testcase name="testForLinkWithCustomPriority" file="/home/runner/work/develop/develop/packages/framework/tests/Unit/NavItemTest.php" line="97" class="Hyde\Framework\Testing\Unit\NavItemTest" classname="Hyde.Framework.Testing.Unit.NavItemTest" assertions="1" time="0.001420"/>
        <testcase name="testForRoute" file="/home/runner/work/develop/develop/packages/framework/tests/Unit/NavItemTest.php" line="102" class="Hyde\Framework\Testing\Unit\NavItemTest" classname="Hyde.Framework.Testing.Unit.NavItemTest" assertions="3" time="0.002240"/>
        <testcase name="testForIndexRoute" file="/home/runner/work/develop/develop/packages/framework/tests/Unit/NavItemTest.php" line="112" class="Hyde\Framework\Testing\Unit\NavItemTest" classname="Hyde.Framework.Testing.Unit.NavItemTest" assertions="3" time="0.002242"/>
        <testcase name="testForRouteWithRouteKey" file="/home/runner/work/develop/develop/packages/framework/tests/Unit/NavItemTest.php" line="122" class="Hyde\Framework\Testing\Unit\NavItemTest" classname="Hyde.Framework.Testing.Unit.NavItemTest" assertions="1" time="0.002333"/>
        <testcase name="testForRouteWithMissingRouteKey" file="/home/runner/work/develop/develop/packages/framework/tests/Unit/NavItemTest.php" line="130" class="Hyde\Framework\Testing\Unit\NavItemTest" classname="Hyde.Framework.Testing.Unit.NavItemTest" assertions="1" time="0.001627"/>
        <testcase name="testForRouteWithCustomPriority" file="/home/runner/work/develop/develop/packages/framework/tests/Unit/NavItemTest.php" line="136" class="Hyde\Framework\Testing\Unit\NavItemTest" classname="Hyde.Framework.Testing.Unit.NavItemTest" assertions="1" time="0.001990"/>
        <testcase name="testRouteBasedNavItemDestinationsAreResolvedRelatively" file="/home/runner/work/develop/develop/packages/framework/tests/Unit/NavItemTest.php" line="141" class="Hyde\Framework\Testing\Unit\NavItemTest" classname="Hyde.Framework.Testing.Unit.NavItemTest" assertions="6" time="0.007396"/>
        <testcase name="testIsCurrent" file="/home/runner/work/develop/develop/packages/framework/tests/Unit/NavItemTest.php" line="168" class="Hyde\Framework\Testing\Unit\NavItemTest" classname="Hyde.Framework.Testing.Unit.NavItemTest" assertions="2" time="0.004229"/>
        <testcase name="testGetGroupWithNoGroup" file="/home/runner/work/develop/develop/packages/framework/tests/Unit/NavItemTest.php" line="178" class="Hyde\Framework\Testing\Unit\NavItemTest" classname="Hyde.Framework.Testing.Unit.NavItemTest" assertions="1" time="0.002602"/>
        <testcase name="testGetGroupWithGroup" file="/home/runner/work/develop/develop/packages/framework/tests/Unit/NavItemTest.php" line="183" class="Hyde\Framework\Testing\Unit\NavItemTest" classname="Hyde.Framework.Testing.Unit.NavItemTest" assertions="1" time="0.002589"/>
        <testcase name="testGetGroupFromRouteWithGroup" file="/home/runner/work/develop/develop/packages/framework/tests/Unit/NavItemTest.php" line="188" class="Hyde\Framework\Testing\Unit\NavItemTest" classname="Hyde.Framework.Testing.Unit.NavItemTest" assertions="1" time="0.002674"/>
        <testcase name="testGetGroupForRouteWithGroup" file="/home/runner/work/develop/develop/packages/framework/tests/Unit/NavItemTest.php" line="193" class="Hyde\Framework\Testing\Unit\NavItemTest" classname="Hyde.Framework.Testing.Unit.NavItemTest" assertions="1" time="0.002693"/>
      </testsuite>
      <testsuite name="Hyde\Framework\Testing\Unit\NavigationDataFactoryUnitTest" file="/home/runner/work/develop/develop/packages/framework/tests/Unit/NavigationDataFactoryUnitTest.php" tests="7" assertions="21" errors="0" failures="0" skipped="0" time="0.018071">
        <testcase name="testSearchForPriorityInNavigationConfigForMarkdownPageWithKeyedConfig" file="/home/runner/work/develop/develop/packages/framework/tests/Unit/NavigationDataFactoryUnitTest.php" line="26" class="Hyde\Framework\Testing\Unit\NavigationDataFactoryUnitTest" classname="Hyde.Framework.Testing.Unit.NavigationDataFactoryUnitTest" assertions="2" time="0.002531"/>
        <testcase name="testSearchForPriorityInNavigationConfigForMarkdownPageWithListConfig" file="/home/runner/work/develop/develop/packages/framework/tests/Unit/NavigationDataFactoryUnitTest.php" line="40" class="Hyde\Framework\Testing\Unit\NavigationDataFactoryUnitTest" classname="Hyde.Framework.Testing.Unit.NavigationDataFactoryUnitTest" assertions="2" time="0.002266"/>
        <testcase name="testSearchForPriorityInNavigationConfigForMarkdownPageSupportsMixingKeyedAndListConfig" file="/home/runner/work/develop/develop/packages/framework/tests/Unit/NavigationDataFactoryUnitTest.php" line="54" class="Hyde\Framework\Testing\Unit\NavigationDataFactoryUnitTest" classname="Hyde.Framework.Testing.Unit.NavigationDataFactoryUnitTest" assertions="4" time="0.002778"/>
        <testcase name="testSearchForPriorityInNavigationConfigForDocumentationPageWithListConfig" file="/home/runner/work/develop/develop/packages/framework/tests/Unit/NavigationDataFactoryUnitTest.php" line="75" class="Hyde\Framework\Testing\Unit\NavigationDataFactoryUnitTest" classname="Hyde.Framework.Testing.Unit.NavigationDataFactoryUnitTest" assertions="2" time="0.002299"/>
        <testcase name="testSearchForPriorityInNavigationConfigForDocumentationPageWithKeyedConfig" file="/home/runner/work/develop/develop/packages/framework/tests/Unit/NavigationDataFactoryUnitTest.php" line="89" class="Hyde\Framework\Testing\Unit\NavigationDataFactoryUnitTest" classname="Hyde.Framework.Testing.Unit.NavigationDataFactoryUnitTest" assertions="4" time="0.002822"/>
        <testcase name="testSearchForPriorityInNavigationConfigForDocumentationPageSupportsMixingKeyedAndListConfig" file="/home/runner/work/develop/develop/packages/framework/tests/Unit/NavigationDataFactoryUnitTest.php" line="110" class="Hyde\Framework\Testing\Unit\NavigationDataFactoryUnitTest" classname="Hyde.Framework.Testing.Unit.NavigationDataFactoryUnitTest" assertions="4" time="0.002853"/>
        <testcase name="testRouteKeysCanBeUsedForDocumentationSidebarPriorities" file="/home/runner/work/develop/develop/packages/framework/tests/Unit/NavigationDataFactoryUnitTest.php" line="131" class="Hyde\Framework\Testing\Unit\NavigationDataFactoryUnitTest" classname="Hyde.Framework.Testing.Unit.NavigationDataFactoryUnitTest" assertions="3" time="0.002522"/>
      </testsuite>
      <testsuite name="Hyde\Framework\Testing\Unit\Pages\BladePageUnitTest" file="/home/runner/work/develop/develop/packages/framework/tests/Unit/Pages/BladePageUnitTest.php" tests="32" assertions="32" errors="0" failures="0" skipped="0" time="0.098587">
        <testcase name="testSourceDirectory" file="/home/runner/work/develop/develop/packages/framework/tests/Unit/Pages/BladePageUnitTest.php" line="23" class="Hyde\Framework\Testing\Unit\Pages\BladePageUnitTest" classname="Hyde.Framework.Testing.Unit.Pages.BladePageUnitTest" assertions="1" time="0.002015"/>
        <testcase name="testOutputDirectory" file="/home/runner/work/develop/develop/packages/framework/tests/Unit/Pages/BladePageUnitTest.php" line="28" class="Hyde\Framework\Testing\Unit\Pages\BladePageUnitTest" classname="Hyde.Framework.Testing.Unit.Pages.BladePageUnitTest" assertions="1" time="0.001800"/>
        <testcase name="testBaseRouteKey" file="/home/runner/work/develop/develop/packages/framework/tests/Unit/Pages/BladePageUnitTest.php" line="33" class="Hyde\Framework\Testing\Unit\Pages\BladePageUnitTest" classname="Hyde.Framework.Testing.Unit.Pages.BladePageUnitTest" assertions="1" time="0.001803"/>
        <testcase name="testFileExtension" file="/home/runner/work/develop/develop/packages/framework/tests/Unit/Pages/BladePageUnitTest.php" line="38" class="Hyde\Framework\Testing\Unit\Pages\BladePageUnitTest" classname="Hyde.Framework.Testing.Unit.Pages.BladePageUnitTest" assertions="1" time="0.001816"/>
        <testcase name="testSourcePath" file="/home/runner/work/develop/develop/packages/framework/tests/Unit/Pages/BladePageUnitTest.php" line="43" class="Hyde\Framework\Testing\Unit\Pages\BladePageUnitTest" classname="Hyde.Framework.Testing.Unit.Pages.BladePageUnitTest" assertions="1" time="0.001860"/>
        <testcase name="testOutputPath" file="/home/runner/work/develop/develop/packages/framework/tests/Unit/Pages/BladePageUnitTest.php" line="48" class="Hyde\Framework\Testing\Unit\Pages\BladePageUnitTest" classname="Hyde.Framework.Testing.Unit.Pages.BladePageUnitTest" assertions="1" time="0.001909"/>
        <testcase name="testPath" file="/home/runner/work/develop/develop/packages/framework/tests/Unit/Pages/BladePageUnitTest.php" line="53" class="Hyde\Framework\Testing\Unit\Pages\BladePageUnitTest" classname="Hyde.Framework.Testing.Unit.Pages.BladePageUnitTest" assertions="1" time="0.001969"/>
        <testcase name="testGetSourcePath" file="/home/runner/work/develop/develop/packages/framework/tests/Unit/Pages/BladePageUnitTest.php" line="58" class="Hyde\Framework\Testing\Unit\Pages\BladePageUnitTest" classname="Hyde.Framework.Testing.Unit.Pages.BladePageUnitTest" assertions="1" time="0.003025"/>
        <testcase name="testGetOutputPath" file="/home/runner/work/develop/develop/packages/framework/tests/Unit/Pages/BladePageUnitTest.php" line="63" class="Hyde\Framework\Testing\Unit\Pages\BladePageUnitTest" classname="Hyde.Framework.Testing.Unit.Pages.BladePageUnitTest" assertions="1" time="0.002906"/>
        <testcase name="testGetLink" file="/home/runner/work/develop/develop/packages/framework/tests/Unit/Pages/BladePageUnitTest.php" line="68" class="Hyde\Framework\Testing\Unit\Pages\BladePageUnitTest" classname="Hyde.Framework.Testing.Unit.Pages.BladePageUnitTest" assertions="1" time="0.002899"/>
        <testcase name="testMake" file="/home/runner/work/develop/develop/packages/framework/tests/Unit/Pages/BladePageUnitTest.php" line="73" class="Hyde\Framework\Testing\Unit\Pages\BladePageUnitTest" classname="Hyde.Framework.Testing.Unit.Pages.BladePageUnitTest" assertions="1" time="0.003346"/>
        <testcase name="testMakeWithData" file="/home/runner/work/develop/develop/packages/framework/tests/Unit/Pages/BladePageUnitTest.php" line="78" class="Hyde\Framework\Testing\Unit\Pages\BladePageUnitTest" classname="Hyde.Framework.Testing.Unit.Pages.BladePageUnitTest" assertions="1" time="0.003784"/>
        <testcase name="testShowInNavigation" file="/home/runner/work/develop/develop/packages/framework/tests/Unit/Pages/BladePageUnitTest.php" line="83" class="Hyde\Framework\Testing\Unit\Pages\BladePageUnitTest" classname="Hyde.Framework.Testing.Unit.Pages.BladePageUnitTest" assertions="1" time="0.002686"/>
        <testcase name="testNavigationMenuPriority" file="/home/runner/work/develop/develop/packages/framework/tests/Unit/Pages/BladePageUnitTest.php" line="88" class="Hyde\Framework\Testing\Unit\Pages\BladePageUnitTest" classname="Hyde.Framework.Testing.Unit.Pages.BladePageUnitTest" assertions="1" time="0.002728"/>
        <testcase name="testNavigationMenuLabel" file="/home/runner/work/develop/develop/packages/framework/tests/Unit/Pages/BladePageUnitTest.php" line="93" class="Hyde\Framework\Testing\Unit\Pages\BladePageUnitTest" classname="Hyde.Framework.Testing.Unit.Pages.BladePageUnitTest" assertions="1" time="0.002942"/>
        <testcase name="testNavigationMenuGroup" file="/home/runner/work/develop/develop/packages/framework/tests/Unit/Pages/BladePageUnitTest.php" line="98" class="Hyde\Framework\Testing\Unit\Pages\BladePageUnitTest" classname="Hyde.Framework.Testing.Unit.Pages.BladePageUnitTest" assertions="1" time="0.002903"/>
        <testcase name="testGetBladeView" file="/home/runner/work/develop/develop/packages/framework/tests/Unit/Pages/BladePageUnitTest.php" line="103" class="Hyde\Framework\Testing\Unit\Pages\BladePageUnitTest" classname="Hyde.Framework.Testing.Unit.Pages.BladePageUnitTest" assertions="1" time="0.002913"/>
        <testcase name="testFiles" file="/home/runner/work/develop/develop/packages/framework/tests/Unit/Pages/BladePageUnitTest.php" line="108" class="Hyde\Framework\Testing\Unit\Pages\BladePageUnitTest" classname="Hyde.Framework.Testing.Unit.Pages.BladePageUnitTest" assertions="1" time="0.005493"/>
        <testcase name="testData" file="/home/runner/work/develop/develop/packages/framework/tests/Unit/Pages/BladePageUnitTest.php" line="113" class="Hyde\Framework\Testing\Unit\Pages\BladePageUnitTest" classname="Hyde.Framework.Testing.Unit.Pages.BladePageUnitTest" assertions="1" time="0.002883"/>
        <testcase name="testGet" file="/home/runner/work/develop/develop/packages/framework/tests/Unit/Pages/BladePageUnitTest.php" line="118" class="Hyde\Framework\Testing\Unit\Pages\BladePageUnitTest" classname="Hyde.Framework.Testing.Unit.Pages.BladePageUnitTest" assertions="1" time="0.006979"/>
        <testcase name="testParse" file="/home/runner/work/develop/develop/packages/framework/tests/Unit/Pages/BladePageUnitTest.php" line="124" class="Hyde\Framework\Testing\Unit\Pages\BladePageUnitTest" classname="Hyde.Framework.Testing.Unit.Pages.BladePageUnitTest" assertions="1" time="0.003407"/>
        <testcase name="testGetRouteKey" file="/home/runner/work/develop/develop/packages/framework/tests/Unit/Pages/BladePageUnitTest.php" line="129" class="Hyde\Framework\Testing\Unit\Pages\BladePageUnitTest" classname="Hyde.Framework.Testing.Unit.Pages.BladePageUnitTest" assertions="1" time="0.002891"/>
        <testcase name="testTitle" file="/home/runner/work/develop/develop/packages/framework/tests/Unit/Pages/BladePageUnitTest.php" line="134" class="Hyde\Framework\Testing\Unit\Pages\BladePageUnitTest" classname="Hyde.Framework.Testing.Unit.Pages.BladePageUnitTest" assertions="1" time="0.002862"/>
        <testcase name="testAll" file="/home/runner/work/develop/develop/packages/framework/tests/Unit/Pages/BladePageUnitTest.php" line="140" class="Hyde\Framework\Testing\Unit\Pages\BladePageUnitTest" classname="Hyde.Framework.Testing.Unit.Pages.BladePageUnitTest" assertions="1" time="0.005286"/>
        <testcase name="testMetadata" file="/home/runner/work/develop/develop/packages/framework/tests/Unit/Pages/BladePageUnitTest.php" line="145" class="Hyde\Framework\Testing\Unit\Pages\BladePageUnitTest" classname="Hyde.Framework.Testing.Unit.Pages.BladePageUnitTest" assertions="1" time="0.002707"/>
        <testcase name="testConstruct" file="/home/runner/work/develop/develop/packages/framework/tests/Unit/Pages/BladePageUnitTest.php" line="150" class="Hyde\Framework\Testing\Unit\Pages\BladePageUnitTest" classname="Hyde.Framework.Testing.Unit.Pages.BladePageUnitTest" assertions="1" time="0.002686"/>
        <testcase name="testGetRoute" file="/home/runner/work/develop/develop/packages/framework/tests/Unit/Pages/BladePageUnitTest.php" line="155" class="Hyde\Framework\Testing\Unit\Pages\BladePageUnitTest" classname="Hyde.Framework.Testing.Unit.Pages.BladePageUnitTest" assertions="1" time="0.005510"/>
        <testcase name="testGetIdentifier" file="/home/runner/work/develop/develop/packages/framework/tests/Unit/Pages/BladePageUnitTest.php" line="160" class="Hyde\Framework\Testing\Unit\Pages\BladePageUnitTest" classname="Hyde.Framework.Testing.Unit.Pages.BladePageUnitTest" assertions="1" time="0.002892"/>
        <testcase name="testHas" file="/home/runner/work/develop/develop/packages/framework/tests/Unit/Pages/BladePageUnitTest.php" line="165" class="Hyde\Framework\Testing\Unit\Pages\BladePageUnitTest" classname="Hyde.Framework.Testing.Unit.Pages.BladePageUnitTest" assertions="1" time="0.002884"/>
        <testcase name="testToCoreDataObject" file="/home/runner/work/develop/develop/packages/framework/tests/Unit/Pages/BladePageUnitTest.php" line="170" class="Hyde\Framework\Testing\Unit\Pages\BladePageUnitTest" classname="Hyde.Framework.Testing.Unit.Pages.BladePageUnitTest" assertions="1" time="0.002927"/>
        <testcase name="testCompile" file="/home/runner/work/develop/develop/packages/framework/tests/Unit/Pages/BladePageUnitTest.php" line="175" class="Hyde\Framework\Testing\Unit\Pages\BladePageUnitTest" classname="Hyde.Framework.Testing.Unit.Pages.BladePageUnitTest" assertions="1" time="0.002955"/>
        <testcase name="testMatter" file="/home/runner/work/develop/develop/packages/framework/tests/Unit/Pages/BladePageUnitTest.php" line="180" class="Hyde\Framework\Testing\Unit\Pages\BladePageUnitTest" classname="Hyde.Framework.Testing.Unit.Pages.BladePageUnitTest" assertions="1" time="0.002921"/>
      </testsuite>
      <testsuite name="Hyde\Framework\Testing\Unit\Pages\DocumentationPageUnitTest" file="/home/runner/work/develop/develop/packages/framework/tests/Unit/Pages/DocumentationPageUnitTest.php" tests="35" assertions="36" errors="0" failures="0" skipped="0" time="0.121893">
        <testcase name="testSourceDirectory" file="/home/runner/work/develop/develop/packages/framework/tests/Unit/Pages/DocumentationPageUnitTest.php" line="25" class="Hyde\Framework\Testing\Unit\Pages\DocumentationPageUnitTest" classname="Hyde.Framework.Testing.Unit.Pages.DocumentationPageUnitTest" assertions="1" time="0.002058"/>
        <testcase name="testOutputDirectory" file="/home/runner/work/develop/develop/packages/framework/tests/Unit/Pages/DocumentationPageUnitTest.php" line="30" class="Hyde\Framework\Testing\Unit\Pages\DocumentationPageUnitTest" classname="Hyde.Framework.Testing.Unit.Pages.DocumentationPageUnitTest" assertions="1" time="0.001834"/>
        <testcase name="testBaseRouteKey" file="/home/runner/work/develop/develop/packages/framework/tests/Unit/Pages/DocumentationPageUnitTest.php" line="35" class="Hyde\Framework\Testing\Unit\Pages\DocumentationPageUnitTest" classname="Hyde.Framework.Testing.Unit.Pages.DocumentationPageUnitTest" assertions="1" time="0.001800"/>
        <testcase name="testFileExtension" file="/home/runner/work/develop/develop/packages/framework/tests/Unit/Pages/DocumentationPageUnitTest.php" line="40" class="Hyde\Framework\Testing\Unit\Pages\DocumentationPageUnitTest" classname="Hyde.Framework.Testing.Unit.Pages.DocumentationPageUnitTest" assertions="1" time="0.001813"/>
        <testcase name="testSourcePath" file="/home/runner/work/develop/develop/packages/framework/tests/Unit/Pages/DocumentationPageUnitTest.php" line="45" class="Hyde\Framework\Testing\Unit\Pages\DocumentationPageUnitTest" classname="Hyde.Framework.Testing.Unit.Pages.DocumentationPageUnitTest" assertions="1" time="0.001868"/>
        <testcase name="testOutputPath" file="/home/runner/work/develop/develop/packages/framework/tests/Unit/Pages/DocumentationPageUnitTest.php" line="50" class="Hyde\Framework\Testing\Unit\Pages\DocumentationPageUnitTest" classname="Hyde.Framework.Testing.Unit.Pages.DocumentationPageUnitTest" assertions="1" time="0.001877"/>
        <testcase name="testPath" file="/home/runner/work/develop/develop/packages/framework/tests/Unit/Pages/DocumentationPageUnitTest.php" line="55" class="Hyde\Framework\Testing\Unit\Pages\DocumentationPageUnitTest" classname="Hyde.Framework.Testing.Unit.Pages.DocumentationPageUnitTest" assertions="1" time="0.008227"/>
        <testcase name="testGetSourcePath" file="/home/runner/work/develop/develop/packages/framework/tests/Unit/Pages/DocumentationPageUnitTest.php" line="60" class="Hyde\Framework\Testing\Unit\Pages\DocumentationPageUnitTest" classname="Hyde.Framework.Testing.Unit.Pages.DocumentationPageUnitTest" assertions="1" time="0.003158"/>
        <testcase name="testGetOutputPath" file="/home/runner/work/develop/develop/packages/framework/tests/Unit/Pages/DocumentationPageUnitTest.php" line="65" class="Hyde\Framework\Testing\Unit\Pages\DocumentationPageUnitTest" classname="Hyde.Framework.Testing.Unit.Pages.DocumentationPageUnitTest" assertions="1" time="0.003005"/>
        <testcase name="testGetLink" file="/home/runner/work/develop/develop/packages/framework/tests/Unit/Pages/DocumentationPageUnitTest.php" line="70" class="Hyde\Framework\Testing\Unit\Pages\DocumentationPageUnitTest" classname="Hyde.Framework.Testing.Unit.Pages.DocumentationPageUnitTest" assertions="1" time="0.003030"/>
        <testcase name="testMake" file="/home/runner/work/develop/develop/packages/framework/tests/Unit/Pages/DocumentationPageUnitTest.php" line="75" class="Hyde\Framework\Testing\Unit\Pages\DocumentationPageUnitTest" classname="Hyde.Framework.Testing.Unit.Pages.DocumentationPageUnitTest" assertions="1" time="0.003587"/>
        <testcase name="testMakeWithData" file="/home/runner/work/develop/develop/packages/framework/tests/Unit/Pages/DocumentationPageUnitTest.php" line="80" class="Hyde\Framework\Testing\Unit\Pages\DocumentationPageUnitTest" classname="Hyde.Framework.Testing.Unit.Pages.DocumentationPageUnitTest" assertions="1" time="0.003951"/>
        <testcase name="testShowInNavigation" file="/home/runner/work/develop/develop/packages/framework/tests/Unit/Pages/DocumentationPageUnitTest.php" line="85" class="Hyde\Framework\Testing\Unit\Pages\DocumentationPageUnitTest" classname="Hyde.Framework.Testing.Unit.Pages.DocumentationPageUnitTest" assertions="1" time="0.002769"/>
        <testcase name="testNavigationMenuPriority" file="/home/runner/work/develop/develop/packages/framework/tests/Unit/Pages/DocumentationPageUnitTest.php" line="90" class="Hyde\Framework\Testing\Unit\Pages\DocumentationPageUnitTest" classname="Hyde.Framework.Testing.Unit.Pages.DocumentationPageUnitTest" assertions="1" time="0.002811"/>
        <testcase name="testNavigationMenuLabel" file="/home/runner/work/develop/develop/packages/framework/tests/Unit/Pages/DocumentationPageUnitTest.php" line="95" class="Hyde\Framework\Testing\Unit\Pages\DocumentationPageUnitTest" classname="Hyde.Framework.Testing.Unit.Pages.DocumentationPageUnitTest" assertions="1" time="0.002988"/>
        <testcase name="testNavigationMenuGroup" file="/home/runner/work/develop/develop/packages/framework/tests/Unit/Pages/DocumentationPageUnitTest.php" line="100" class="Hyde\Framework\Testing\Unit\Pages\DocumentationPageUnitTest" classname="Hyde.Framework.Testing.Unit.Pages.DocumentationPageUnitTest" assertions="1" time="0.002959"/>
        <testcase name="testNavigationMenuGroupWithData" file="/home/runner/work/develop/develop/packages/framework/tests/Unit/Pages/DocumentationPageUnitTest.php" line="105" class="Hyde\Framework\Testing\Unit\Pages\DocumentationPageUnitTest" classname="Hyde.Framework.Testing.Unit.Pages.DocumentationPageUnitTest" assertions="1" time="0.002824"/>
        <testcase name="testGetBladeView" file="/home/runner/work/develop/develop/packages/framework/tests/Unit/Pages/DocumentationPageUnitTest.php" line="110" class="Hyde\Framework\Testing\Unit\Pages\DocumentationPageUnitTest" classname="Hyde.Framework.Testing.Unit.Pages.DocumentationPageUnitTest" assertions="1" time="0.003021"/>
        <testcase name="testFiles" file="/home/runner/work/develop/develop/packages/framework/tests/Unit/Pages/DocumentationPageUnitTest.php" line="115" class="Hyde\Framework\Testing\Unit\Pages\DocumentationPageUnitTest" classname="Hyde.Framework.Testing.Unit.Pages.DocumentationPageUnitTest" assertions="1" time="0.005466"/>
        <testcase name="testData" file="/home/runner/work/develop/develop/packages/framework/tests/Unit/Pages/DocumentationPageUnitTest.php" line="120" class="Hyde\Framework\Testing\Unit\Pages\DocumentationPageUnitTest" classname="Hyde.Framework.Testing.Unit.Pages.DocumentationPageUnitTest" assertions="1" time="0.002957"/>
        <testcase name="testGet" file="/home/runner/work/develop/develop/packages/framework/tests/Unit/Pages/DocumentationPageUnitTest.php" line="125" class="Hyde\Framework\Testing\Unit\Pages\DocumentationPageUnitTest" classname="Hyde.Framework.Testing.Unit.Pages.DocumentationPageUnitTest" assertions="1" time="0.007405"/>
        <testcase name="testParse" file="/home/runner/work/develop/develop/packages/framework/tests/Unit/Pages/DocumentationPageUnitTest.php" line="131" class="Hyde\Framework\Testing\Unit\Pages\DocumentationPageUnitTest" classname="Hyde.Framework.Testing.Unit.Pages.DocumentationPageUnitTest" assertions="1" time="0.003841"/>
        <testcase name="testGetRouteKey" file="/home/runner/work/develop/develop/packages/framework/tests/Unit/Pages/DocumentationPageUnitTest.php" line="137" class="Hyde\Framework\Testing\Unit\Pages\DocumentationPageUnitTest" classname="Hyde.Framework.Testing.Unit.Pages.DocumentationPageUnitTest" assertions="1" time="0.002988"/>
        <testcase name="testTitle" file="/home/runner/work/develop/develop/packages/framework/tests/Unit/Pages/DocumentationPageUnitTest.php" line="142" class="Hyde\Framework\Testing\Unit\Pages\DocumentationPageUnitTest" classname="Hyde.Framework.Testing.Unit.Pages.DocumentationPageUnitTest" assertions="1" time="0.002925"/>
        <testcase name="testAll" file="/home/runner/work/develop/develop/packages/framework/tests/Unit/Pages/DocumentationPageUnitTest.php" line="148" class="Hyde\Framework\Testing\Unit\Pages\DocumentationPageUnitTest" classname="Hyde.Framework.Testing.Unit.Pages.DocumentationPageUnitTest" assertions="1" time="0.005274"/>
        <testcase name="testMetadata" file="/home/runner/work/develop/develop/packages/framework/tests/Unit/Pages/DocumentationPageUnitTest.php" line="153" class="Hyde\Framework\Testing\Unit\Pages\DocumentationPageUnitTest" classname="Hyde.Framework.Testing.Unit.Pages.DocumentationPageUnitTest" assertions="1" time="0.002763"/>
        <testcase name="testConstruct" file="/home/runner/work/develop/develop/packages/framework/tests/Unit/Pages/DocumentationPageUnitTest.php" line="158" class="Hyde\Framework\Testing\Unit\Pages\DocumentationPageUnitTest" classname="Hyde.Framework.Testing.Unit.Pages.DocumentationPageUnitTest" assertions="1" time="0.002777"/>
        <testcase name="testGetRoute" file="/home/runner/work/develop/develop/packages/framework/tests/Unit/Pages/DocumentationPageUnitTest.php" line="163" class="Hyde\Framework\Testing\Unit\Pages\DocumentationPageUnitTest" classname="Hyde.Framework.Testing.Unit.Pages.DocumentationPageUnitTest" assertions="1" time="0.005647"/>
        <testcase name="testGetIdentifier" file="/home/runner/work/develop/develop/packages/framework/tests/Unit/Pages/DocumentationPageUnitTest.php" line="168" class="Hyde\Framework\Testing\Unit\Pages\DocumentationPageUnitTest" classname="Hyde.Framework.Testing.Unit.Pages.DocumentationPageUnitTest" assertions="1" time="0.002974"/>
        <testcase name="testHas" file="/home/runner/work/develop/develop/packages/framework/tests/Unit/Pages/DocumentationPageUnitTest.php" line="173" class="Hyde\Framework\Testing\Unit\Pages\DocumentationPageUnitTest" classname="Hyde.Framework.Testing.Unit.Pages.DocumentationPageUnitTest" assertions="1" time="0.002950"/>
        <testcase name="testToCoreDataObject" file="/home/runner/work/develop/develop/packages/framework/tests/Unit/Pages/DocumentationPageUnitTest.php" line="178" class="Hyde\Framework\Testing\Unit\Pages\DocumentationPageUnitTest" classname="Hyde.Framework.Testing.Unit.Pages.DocumentationPageUnitTest" assertions="1" time="0.003027"/>
        <testcase name="testCompile" file="/home/runner/work/develop/develop/packages/framework/tests/Unit/Pages/DocumentationPageUnitTest.php" line="183" class="Hyde\Framework\Testing\Unit\Pages\DocumentationPageUnitTest" classname="Hyde.Framework.Testing.Unit.Pages.DocumentationPageUnitTest" assertions="1" time="0.007744"/>
        <testcase name="testMatter" file="/home/runner/work/develop/develop/packages/framework/tests/Unit/Pages/DocumentationPageUnitTest.php" line="190" class="Hyde\Framework\Testing\Unit\Pages\DocumentationPageUnitTest" classname="Hyde.Framework.Testing.Unit.Pages.DocumentationPageUnitTest" assertions="1" time="0.002956"/>
        <testcase name="testMarkdown" file="/home/runner/work/develop/develop/packages/framework/tests/Unit/Pages/DocumentationPageUnitTest.php" line="195" class="Hyde\Framework\Testing\Unit\Pages\DocumentationPageUnitTest" classname="Hyde.Framework.Testing.Unit.Pages.DocumentationPageUnitTest" assertions="1" time="0.002968"/>
        <testcase name="testSave" file="/home/runner/work/develop/develop/packages/framework/tests/Unit/Pages/DocumentationPageUnitTest.php" line="200" class="Hyde\Framework\Testing\Unit\Pages\DocumentationPageUnitTest" classname="Hyde.Framework.Testing.Unit.Pages.DocumentationPageUnitTest" assertions="2" time="0.003652"/>
      </testsuite>
      <testsuite name="Hyde\Framework\Testing\Unit\Pages\HtmlPageTest" file="/home/runner/work/develop/develop/packages/framework/tests/Unit/Pages/HtmlPageTest.php" tests="2" assertions="3" errors="0" failures="0" skipped="0" time="0.011388">
        <testcase name="testHtmlPageCanBeCompiled" file="/home/runner/work/develop/develop/packages/framework/tests/Unit/Pages/HtmlPageTest.php" line="15" class="Hyde\Framework\Testing\Unit\Pages\HtmlPageTest" classname="Hyde.Framework.Testing.Unit.Pages.HtmlPageTest" assertions="2" time="0.006793"/>
        <testcase name="testCompileMethodUsesContents" file="/home/runner/work/develop/develop/packages/framework/tests/Unit/Pages/HtmlPageTest.php" line="24" class="Hyde\Framework\Testing\Unit\Pages\HtmlPageTest" classname="Hyde.Framework.Testing.Unit.Pages.HtmlPageTest" assertions="1" time="0.004596"/>
      </testsuite>
      <testsuite name="Hyde\Framework\Testing\Unit\Pages\HtmlPageUnitTest" file="/home/runner/work/develop/develop/packages/framework/tests/Unit/Pages/HtmlPageUnitTest.php" tests="32" assertions="32" errors="0" failures="0" skipped="0" time="0.101374">
        <testcase name="testSourceDirectory" file="/home/runner/work/develop/develop/packages/framework/tests/Unit/Pages/HtmlPageUnitTest.php" line="23" class="Hyde\Framework\Testing\Unit\Pages\HtmlPageUnitTest" classname="Hyde.Framework.Testing.Unit.Pages.HtmlPageUnitTest" assertions="1" time="0.001922"/>
        <testcase name="testOutputDirectory" file="/home/runner/work/develop/develop/packages/framework/tests/Unit/Pages/HtmlPageUnitTest.php" line="31" class="Hyde\Framework\Testing\Unit\Pages\HtmlPageUnitTest" classname="Hyde.Framework.Testing.Unit.Pages.HtmlPageUnitTest" assertions="1" time="0.001825"/>
        <testcase name="testBaseRouteKey" file="/home/runner/work/develop/develop/packages/framework/tests/Unit/Pages/HtmlPageUnitTest.php" line="39" class="Hyde\Framework\Testing\Unit\Pages\HtmlPageUnitTest" classname="Hyde.Framework.Testing.Unit.Pages.HtmlPageUnitTest" assertions="1" time="0.001803"/>
        <testcase name="testFileExtension" file="/home/runner/work/develop/develop/packages/framework/tests/Unit/Pages/HtmlPageUnitTest.php" line="47" class="Hyde\Framework\Testing\Unit\Pages\HtmlPageUnitTest" classname="Hyde.Framework.Testing.Unit.Pages.HtmlPageUnitTest" assertions="1" time="0.001776"/>
        <testcase name="testSourcePath" file="/home/runner/work/develop/develop/packages/framework/tests/Unit/Pages/HtmlPageUnitTest.php" line="55" class="Hyde\Framework\Testing\Unit\Pages\HtmlPageUnitTest" classname="Hyde.Framework.Testing.Unit.Pages.HtmlPageUnitTest" assertions="1" time="0.001815"/>
        <testcase name="testOutputPath" file="/home/runner/work/develop/develop/packages/framework/tests/Unit/Pages/HtmlPageUnitTest.php" line="63" class="Hyde\Framework\Testing\Unit\Pages\HtmlPageUnitTest" classname="Hyde.Framework.Testing.Unit.Pages.HtmlPageUnitTest" assertions="1" time="0.001837"/>
        <testcase name="testPath" file="/home/runner/work/develop/develop/packages/framework/tests/Unit/Pages/HtmlPageUnitTest.php" line="71" class="Hyde\Framework\Testing\Unit\Pages\HtmlPageUnitTest" classname="Hyde.Framework.Testing.Unit.Pages.HtmlPageUnitTest" assertions="1" time="0.001894"/>
        <testcase name="testGetSourcePath" file="/home/runner/work/develop/develop/packages/framework/tests/Unit/Pages/HtmlPageUnitTest.php" line="79" class="Hyde\Framework\Testing\Unit\Pages\HtmlPageUnitTest" classname="Hyde.Framework.Testing.Unit.Pages.HtmlPageUnitTest" assertions="1" time="0.002790"/>
        <testcase name="testGetOutputPath" file="/home/runner/work/develop/develop/packages/framework/tests/Unit/Pages/HtmlPageUnitTest.php" line="87" class="Hyde\Framework\Testing\Unit\Pages\HtmlPageUnitTest" classname="Hyde.Framework.Testing.Unit.Pages.HtmlPageUnitTest" assertions="1" time="0.002809"/>
        <testcase name="testGetLink" file="/home/runner/work/develop/develop/packages/framework/tests/Unit/Pages/HtmlPageUnitTest.php" line="95" class="Hyde\Framework\Testing\Unit\Pages\HtmlPageUnitTest" classname="Hyde.Framework.Testing.Unit.Pages.HtmlPageUnitTest" assertions="1" time="0.002861"/>
        <testcase name="testMake" file="/home/runner/work/develop/develop/packages/framework/tests/Unit/Pages/HtmlPageUnitTest.php" line="103" class="Hyde\Framework\Testing\Unit\Pages\HtmlPageUnitTest" classname="Hyde.Framework.Testing.Unit.Pages.HtmlPageUnitTest" assertions="1" time="0.003294"/>
        <testcase name="testMakeWithData" file="/home/runner/work/develop/develop/packages/framework/tests/Unit/Pages/HtmlPageUnitTest.php" line="108" class="Hyde\Framework\Testing\Unit\Pages\HtmlPageUnitTest" classname="Hyde.Framework.Testing.Unit.Pages.HtmlPageUnitTest" assertions="1" time="0.003679"/>
        <testcase name="testShowInNavigation" file="/home/runner/work/develop/develop/packages/framework/tests/Unit/Pages/HtmlPageUnitTest.php" line="116" class="Hyde\Framework\Testing\Unit\Pages\HtmlPageUnitTest" classname="Hyde.Framework.Testing.Unit.Pages.HtmlPageUnitTest" assertions="1" time="0.002674"/>
        <testcase name="testNavigationMenuPriority" file="/home/runner/work/develop/develop/packages/framework/tests/Unit/Pages/HtmlPageUnitTest.php" line="121" class="Hyde\Framework\Testing\Unit\Pages\HtmlPageUnitTest" classname="Hyde.Framework.Testing.Unit.Pages.HtmlPageUnitTest" assertions="1" time="0.002713"/>
        <testcase name="testNavigationMenuLabel" file="/home/runner/work/develop/develop/packages/framework/tests/Unit/Pages/HtmlPageUnitTest.php" line="126" class="Hyde\Framework\Testing\Unit\Pages\HtmlPageUnitTest" classname="Hyde.Framework.Testing.Unit.Pages.HtmlPageUnitTest" assertions="1" time="0.002899"/>
        <testcase name="testNavigationMenuGroup" file="/home/runner/work/develop/develop/packages/framework/tests/Unit/Pages/HtmlPageUnitTest.php" line="131" class="Hyde\Framework\Testing\Unit\Pages\HtmlPageUnitTest" classname="Hyde.Framework.Testing.Unit.Pages.HtmlPageUnitTest" assertions="1" time="0.002847"/>
        <testcase name="testGetBladeView" file="/home/runner/work/develop/develop/packages/framework/tests/Unit/Pages/HtmlPageUnitTest.php" line="136" class="Hyde\Framework\Testing\Unit\Pages\HtmlPageUnitTest" classname="Hyde.Framework.Testing.Unit.Pages.HtmlPageUnitTest" assertions="1" time="0.002904"/>
        <testcase name="testFiles" file="/home/runner/work/develop/develop/packages/framework/tests/Unit/Pages/HtmlPageUnitTest.php" line="141" class="Hyde\Framework\Testing\Unit\Pages\HtmlPageUnitTest" classname="Hyde.Framework.Testing.Unit.Pages.HtmlPageUnitTest" assertions="1" time="0.005492"/>
        <testcase name="testData" file="/home/runner/work/develop/develop/packages/framework/tests/Unit/Pages/HtmlPageUnitTest.php" line="146" class="Hyde\Framework\Testing\Unit\Pages\HtmlPageUnitTest" classname="Hyde.Framework.Testing.Unit.Pages.HtmlPageUnitTest" assertions="1" time="0.002871"/>
        <testcase name="testGet" file="/home/runner/work/develop/develop/packages/framework/tests/Unit/Pages/HtmlPageUnitTest.php" line="151" class="Hyde\Framework\Testing\Unit\Pages\HtmlPageUnitTest" classname="Hyde.Framework.Testing.Unit.Pages.HtmlPageUnitTest" assertions="1" time="0.006975"/>
        <testcase name="testParse" file="/home/runner/work/develop/develop/packages/framework/tests/Unit/Pages/HtmlPageUnitTest.php" line="157" class="Hyde\Framework\Testing\Unit\Pages\HtmlPageUnitTest" classname="Hyde.Framework.Testing.Unit.Pages.HtmlPageUnitTest" assertions="1" time="0.003519"/>
        <testcase name="testGetRouteKey" file="/home/runner/work/develop/develop/packages/framework/tests/Unit/Pages/HtmlPageUnitTest.php" line="163" class="Hyde\Framework\Testing\Unit\Pages\HtmlPageUnitTest" classname="Hyde.Framework.Testing.Unit.Pages.HtmlPageUnitTest" assertions="1" time="0.002838"/>
        <testcase name="testTitle" file="/home/runner/work/develop/develop/packages/framework/tests/Unit/Pages/HtmlPageUnitTest.php" line="168" class="Hyde\Framework\Testing\Unit\Pages\HtmlPageUnitTest" classname="Hyde.Framework.Testing.Unit.Pages.HtmlPageUnitTest" assertions="1" time="0.002870"/>
        <testcase name="testAll" file="/home/runner/work/develop/develop/packages/framework/tests/Unit/Pages/HtmlPageUnitTest.php" line="174" class="Hyde\Framework\Testing\Unit\Pages\HtmlPageUnitTest" classname="Hyde.Framework.Testing.Unit.Pages.HtmlPageUnitTest" assertions="1" time="0.005314"/>
        <testcase name="testMetadata" file="/home/runner/work/develop/develop/packages/framework/tests/Unit/Pages/HtmlPageUnitTest.php" line="179" class="Hyde\Framework\Testing\Unit\Pages\HtmlPageUnitTest" classname="Hyde.Framework.Testing.Unit.Pages.HtmlPageUnitTest" assertions="1" time="0.002714"/>
        <testcase name="testConstruct" file="/home/runner/work/develop/develop/packages/framework/tests/Unit/Pages/HtmlPageUnitTest.php" line="184" class="Hyde\Framework\Testing\Unit\Pages\HtmlPageUnitTest" classname="Hyde.Framework.Testing.Unit.Pages.HtmlPageUnitTest" assertions="1" time="0.002682"/>
        <testcase name="testGetRoute" file="/home/runner/work/develop/develop/packages/framework/tests/Unit/Pages/HtmlPageUnitTest.php" line="189" class="Hyde\Framework\Testing\Unit\Pages\HtmlPageUnitTest" classname="Hyde.Framework.Testing.Unit.Pages.HtmlPageUnitTest" assertions="1" time="0.005554"/>
        <testcase name="testGetIdentifier" file="/home/runner/work/develop/develop/packages/framework/tests/Unit/Pages/HtmlPageUnitTest.php" line="194" class="Hyde\Framework\Testing\Unit\Pages\HtmlPageUnitTest" classname="Hyde.Framework.Testing.Unit.Pages.HtmlPageUnitTest" assertions="1" time="0.002870"/>
        <testcase name="testHas" file="/home/runner/work/develop/develop/packages/framework/tests/Unit/Pages/HtmlPageUnitTest.php" line="199" class="Hyde\Framework\Testing\Unit\Pages\HtmlPageUnitTest" classname="Hyde.Framework.Testing.Unit.Pages.HtmlPageUnitTest" assertions="1" time="0.002875"/>
        <testcase name="testToCoreDataObject" file="/home/runner/work/develop/develop/packages/framework/tests/Unit/Pages/HtmlPageUnitTest.php" line="204" class="Hyde\Framework\Testing\Unit\Pages\HtmlPageUnitTest" classname="Hyde.Framework.Testing.Unit.Pages.HtmlPageUnitTest" assertions="1" time="0.002876"/>
        <testcase name="testCompile" file="/home/runner/work/develop/develop/packages/framework/tests/Unit/Pages/HtmlPageUnitTest.php" line="209" class="Hyde\Framework\Testing\Unit\Pages\HtmlPageUnitTest" classname="Hyde.Framework.Testing.Unit.Pages.HtmlPageUnitTest" assertions="1" time="0.006738"/>
        <testcase name="testMatter" file="/home/runner/work/develop/develop/packages/framework/tests/Unit/Pages/HtmlPageUnitTest.php" line="218" class="Hyde\Framework\Testing\Unit\Pages\HtmlPageUnitTest" classname="Hyde.Framework.Testing.Unit.Pages.HtmlPageUnitTest" assertions="1" time="0.002844"/>
      </testsuite>
      <testsuite name="Hyde\Framework\Testing\Unit\Pages\InMemoryPageTest" file="/home/runner/work/develop/develop/packages/framework/tests/Unit/Pages/InMemoryPageTest.php" tests="16" assertions="19" errors="0" failures="0" skipped="0" time="0.077828">
        <testcase name="testConstructWithContentsString" file="/home/runner/work/develop/develop/packages/framework/tests/Unit/Pages/InMemoryPageTest.php" line="18" class="Hyde\Framework\Testing\Unit\Pages\InMemoryPageTest" classname="Hyde.Framework.Testing.Unit.Pages.InMemoryPageTest" assertions="1" time="0.005225"/>
        <testcase name="testMakeWithContentsString" file="/home/runner/work/develop/develop/packages/framework/tests/Unit/Pages/InMemoryPageTest.php" line="23" class="Hyde\Framework\Testing\Unit\Pages\InMemoryPageTest" classname="Hyde.Framework.Testing.Unit.Pages.InMemoryPageTest" assertions="2" time="0.005902"/>
        <testcase name="testContentsMethod" file="/home/runner/work/develop/develop/packages/framework/tests/Unit/Pages/InMemoryPageTest.php" line="29" class="Hyde\Framework\Testing\Unit\Pages\InMemoryPageTest" classname="Hyde.Framework.Testing.Unit.Pages.InMemoryPageTest" assertions="1" time="0.004140"/>
        <testcase name="testViewMethod" file="/home/runner/work/develop/develop/packages/framework/tests/Unit/Pages/InMemoryPageTest.php" line="34" class="Hyde\Framework\Testing\Unit\Pages\InMemoryPageTest" classname="Hyde.Framework.Testing.Unit.Pages.InMemoryPageTest" assertions="1" time="0.004123"/>
        <testcase name="testCompileMethodUsesContentsProperty" file="/home/runner/work/develop/develop/packages/framework/tests/Unit/Pages/InMemoryPageTest.php" line="39" class="Hyde\Framework\Testing\Unit\Pages\InMemoryPageTest" classname="Hyde.Framework.Testing.Unit.Pages.InMemoryPageTest" assertions="1" time="0.004195"/>
        <testcase name="testCompileMethodUsesViewProperty" file="/home/runner/work/develop/develop/packages/framework/tests/Unit/Pages/InMemoryPageTest.php" line="44" class="Hyde\Framework\Testing\Unit\Pages\InMemoryPageTest" classname="Hyde.Framework.Testing.Unit.Pages.InMemoryPageTest" assertions="1" time="0.005547"/>
        <testcase name="testCompileMethodUsingViewCompileAndFrontMatter" file="/home/runner/work/develop/develop/packages/framework/tests/Unit/Pages/InMemoryPageTest.php" line="50" class="Hyde\Framework\Testing\Unit\Pages\InMemoryPageTest" classname="Hyde.Framework.Testing.Unit.Pages.InMemoryPageTest" assertions="1" time="0.005592"/>
        <testcase name="testCompileMethodPrefersContentsPropertyOverView" file="/home/runner/work/develop/develop/packages/framework/tests/Unit/Pages/InMemoryPageTest.php" line="56" class="Hyde\Framework\Testing\Unit\Pages\InMemoryPageTest" classname="Hyde.Framework.Testing.Unit.Pages.InMemoryPageTest" assertions="1" time="0.004728"/>
        <testcase name="testCompileMethodCanCompileAnonymousViewFiles" file="/home/runner/work/develop/develop/packages/framework/tests/Unit/Pages/InMemoryPageTest.php" line="62" class="Hyde\Framework\Testing\Unit\Pages\InMemoryPageTest" classname="Hyde.Framework.Testing.Unit.Pages.InMemoryPageTest" assertions="1" time="0.005863"/>
        <testcase name="testCompileMethodCanCompileAnonymousViewFilesWithFrontMatter" file="/home/runner/work/develop/develop/packages/framework/tests/Unit/Pages/InMemoryPageTest.php" line="68" class="Hyde\Framework\Testing\Unit\Pages\InMemoryPageTest" classname="Hyde.Framework.Testing.Unit.Pages.InMemoryPageTest" assertions="1" time="0.006006"/>
        <testcase name="testCanCreateInstanceMacros" file="/home/runner/work/develop/develop/packages/framework/tests/Unit/Pages/InMemoryPageTest.php" line="74" class="Hyde\Framework\Testing\Unit\Pages\InMemoryPageTest" classname="Hyde.Framework.Testing.Unit.Pages.InMemoryPageTest" assertions="1" time="0.004786"/>
        <testcase name="testCanCreateInstanceMacrosUsingCallableObject" file="/home/runner/work/develop/develop/packages/framework/tests/Unit/Pages/InMemoryPageTest.php" line="86" class="Hyde\Framework\Testing\Unit\Pages\InMemoryPageTest" classname="Hyde.Framework.Testing.Unit.Pages.InMemoryPageTest" assertions="1" time="0.004398"/>
        <testcase name="testCallingMacroWithArguments" file="/home/runner/work/develop/develop/packages/framework/tests/Unit/Pages/InMemoryPageTest.php" line="102" class="Hyde\Framework\Testing\Unit\Pages\InMemoryPageTest" classname="Hyde.Framework.Testing.Unit.Pages.InMemoryPageTest" assertions="1" time="0.004322"/>
        <testcase name="testCanUseMacrosToOverloadClassCompileMethod" file="/home/runner/work/develop/develop/packages/framework/tests/Unit/Pages/InMemoryPageTest.php" line="114" class="Hyde\Framework\Testing\Unit\Pages\InMemoryPageTest" classname="Hyde.Framework.Testing.Unit.Pages.InMemoryPageTest" assertions="1" time="0.004325"/>
        <testcase name="testCallingUndefinedMacro" file="/home/runner/work/develop/develop/packages/framework/tests/Unit/Pages/InMemoryPageTest.php" line="125" class="Hyde\Framework\Testing\Unit\Pages\InMemoryPageTest" classname="Hyde.Framework.Testing.Unit.Pages.InMemoryPageTest" assertions="2" time="0.004397"/>
        <testcase name="testHasMacro" file="/home/runner/work/develop/develop/packages/framework/tests/Unit/Pages/InMemoryPageTest.php" line="136" class="Hyde\Framework\Testing\Unit\Pages\InMemoryPageTest" classname="Hyde.Framework.Testing.Unit.Pages.InMemoryPageTest" assertions="2" time="0.004277"/>
      </testsuite>
      <testsuite name="Hyde\Framework\Testing\Unit\Pages\InMemoryPageUnitTest" file="/home/runner/work/develop/develop/packages/framework/tests/Unit/Pages/InMemoryPageUnitTest.php" tests="32" assertions="32" errors="0" failures="0" skipped="0" time="0.109590">
        <testcase name="testSourceDirectory" file="/home/runner/work/develop/develop/packages/framework/tests/Unit/Pages/InMemoryPageUnitTest.php" line="26" class="Hyde\Framework\Testing\Unit\Pages\InMemoryPageUnitTest" classname="Hyde.Framework.Testing.Unit.Pages.InMemoryPageUnitTest" assertions="1" time="0.001949"/>
        <testcase name="testOutputDirectory" file="/home/runner/work/develop/develop/packages/framework/tests/Unit/Pages/InMemoryPageUnitTest.php" line="34" class="Hyde\Framework\Testing\Unit\Pages\InMemoryPageUnitTest" classname="Hyde.Framework.Testing.Unit.Pages.InMemoryPageUnitTest" assertions="1" time="0.001819"/>
        <testcase name="testBaseRouteKey" file="/home/runner/work/develop/develop/packages/framework/tests/Unit/Pages/InMemoryPageUnitTest.php" line="42" class="Hyde\Framework\Testing\Unit\Pages\InMemoryPageUnitTest" classname="Hyde.Framework.Testing.Unit.Pages.InMemoryPageUnitTest" assertions="1" time="0.001803"/>
        <testcase name="testFileExtension" file="/home/runner/work/develop/develop/packages/framework/tests/Unit/Pages/InMemoryPageUnitTest.php" line="50" class="Hyde\Framework\Testing\Unit\Pages\InMemoryPageUnitTest" classname="Hyde.Framework.Testing.Unit.Pages.InMemoryPageUnitTest" assertions="1" time="0.001805"/>
        <testcase name="testSourcePath" file="/home/runner/work/develop/develop/packages/framework/tests/Unit/Pages/InMemoryPageUnitTest.php" line="58" class="Hyde\Framework\Testing\Unit\Pages\InMemoryPageUnitTest" classname="Hyde.Framework.Testing.Unit.Pages.InMemoryPageUnitTest" assertions="1" time="0.001867"/>
        <testcase name="testOutputPath" file="/home/runner/work/develop/develop/packages/framework/tests/Unit/Pages/InMemoryPageUnitTest.php" line="66" class="Hyde\Framework\Testing\Unit\Pages\InMemoryPageUnitTest" classname="Hyde.Framework.Testing.Unit.Pages.InMemoryPageUnitTest" assertions="1" time="0.001862"/>
        <testcase name="testPath" file="/home/runner/work/develop/develop/packages/framework/tests/Unit/Pages/InMemoryPageUnitTest.php" line="74" class="Hyde\Framework\Testing\Unit\Pages\InMemoryPageUnitTest" classname="Hyde.Framework.Testing.Unit.Pages.InMemoryPageUnitTest" assertions="1" time="0.001966"/>
        <testcase name="testGetSourcePath" file="/home/runner/work/develop/develop/packages/framework/tests/Unit/Pages/InMemoryPageUnitTest.php" line="82" class="Hyde\Framework\Testing\Unit\Pages\InMemoryPageUnitTest" classname="Hyde.Framework.Testing.Unit.Pages.InMemoryPageUnitTest" assertions="1" time="0.003008"/>
        <testcase name="testGetOutputPath" file="/home/runner/work/develop/develop/packages/framework/tests/Unit/Pages/InMemoryPageUnitTest.php" line="90" class="Hyde\Framework\Testing\Unit\Pages\InMemoryPageUnitTest" classname="Hyde.Framework.Testing.Unit.Pages.InMemoryPageUnitTest" assertions="1" time="0.002899"/>
        <testcase name="testGetLink" file="/home/runner/work/develop/develop/packages/framework/tests/Unit/Pages/InMemoryPageUnitTest.php" line="98" class="Hyde\Framework\Testing\Unit\Pages\InMemoryPageUnitTest" classname="Hyde.Framework.Testing.Unit.Pages.InMemoryPageUnitTest" assertions="1" time="0.002961"/>
        <testcase name="testMake" file="/home/runner/work/develop/develop/packages/framework/tests/Unit/Pages/InMemoryPageUnitTest.php" line="106" class="Hyde\Framework\Testing\Unit\Pages\InMemoryPageUnitTest" classname="Hyde.Framework.Testing.Unit.Pages.InMemoryPageUnitTest" assertions="1" time="0.003842"/>
        <testcase name="testMakeWithData" file="/home/runner/work/develop/develop/packages/framework/tests/Unit/Pages/InMemoryPageUnitTest.php" line="111" class="Hyde\Framework\Testing\Unit\Pages\InMemoryPageUnitTest" classname="Hyde.Framework.Testing.Unit.Pages.InMemoryPageUnitTest" assertions="1" time="0.003878"/>
        <testcase name="testShowInNavigation" file="/home/runner/work/develop/develop/packages/framework/tests/Unit/Pages/InMemoryPageUnitTest.php" line="119" class="Hyde\Framework\Testing\Unit\Pages\InMemoryPageUnitTest" classname="Hyde.Framework.Testing.Unit.Pages.InMemoryPageUnitTest" assertions="1" time="0.002919"/>
        <testcase name="testNavigationMenuPriority" file="/home/runner/work/develop/develop/packages/framework/tests/Unit/Pages/InMemoryPageUnitTest.php" line="124" class="Hyde\Framework\Testing\Unit\Pages\InMemoryPageUnitTest" classname="Hyde.Framework.Testing.Unit.Pages.InMemoryPageUnitTest" assertions="1" time="0.002949"/>
        <testcase name="testNavigationMenuLabel" file="/home/runner/work/develop/develop/packages/framework/tests/Unit/Pages/InMemoryPageUnitTest.php" line="129" class="Hyde\Framework\Testing\Unit\Pages\InMemoryPageUnitTest" classname="Hyde.Framework.Testing.Unit.Pages.InMemoryPageUnitTest" assertions="1" time="0.002927"/>
        <testcase name="testNavigationMenuGroup" file="/home/runner/work/develop/develop/packages/framework/tests/Unit/Pages/InMemoryPageUnitTest.php" line="134" class="Hyde\Framework\Testing\Unit\Pages\InMemoryPageUnitTest" classname="Hyde.Framework.Testing.Unit.Pages.InMemoryPageUnitTest" assertions="1" time="0.002912"/>
        <testcase name="testGetBladeView" file="/home/runner/work/develop/develop/packages/framework/tests/Unit/Pages/InMemoryPageUnitTest.php" line="139" class="Hyde\Framework\Testing\Unit\Pages\InMemoryPageUnitTest" classname="Hyde.Framework.Testing.Unit.Pages.InMemoryPageUnitTest" assertions="1" time="0.002942"/>
        <testcase name="testFiles" file="/home/runner/work/develop/develop/packages/framework/tests/Unit/Pages/InMemoryPageUnitTest.php" line="144" class="Hyde\Framework\Testing\Unit\Pages\InMemoryPageUnitTest" classname="Hyde.Framework.Testing.Unit.Pages.InMemoryPageUnitTest" assertions="1" time="0.005547"/>
        <testcase name="testData" file="/home/runner/work/develop/develop/packages/framework/tests/Unit/Pages/InMemoryPageUnitTest.php" line="149" class="Hyde\Framework\Testing\Unit\Pages\InMemoryPageUnitTest" classname="Hyde.Framework.Testing.Unit.Pages.InMemoryPageUnitTest" assertions="1" time="0.002924"/>
        <testcase name="testGet" file="/home/runner/work/develop/develop/packages/framework/tests/Unit/Pages/InMemoryPageUnitTest.php" line="154" class="Hyde\Framework\Testing\Unit\Pages\InMemoryPageUnitTest" classname="Hyde.Framework.Testing.Unit.Pages.InMemoryPageUnitTest" assertions="1" time="0.005629"/>
        <testcase name="testParse" file="/home/runner/work/develop/develop/packages/framework/tests/Unit/Pages/InMemoryPageUnitTest.php" line="161" class="Hyde\Framework\Testing\Unit\Pages\InMemoryPageUnitTest" classname="Hyde.Framework.Testing.Unit.Pages.InMemoryPageUnitTest" assertions="1" time="0.003626"/>
        <testcase name="testGetRouteKey" file="/home/runner/work/develop/develop/packages/framework/tests/Unit/Pages/InMemoryPageUnitTest.php" line="167" class="Hyde\Framework\Testing\Unit\Pages\InMemoryPageUnitTest" classname="Hyde.Framework.Testing.Unit.Pages.InMemoryPageUnitTest" assertions="1" time="0.002900"/>
        <testcase name="testTitle" file="/home/runner/work/develop/develop/packages/framework/tests/Unit/Pages/InMemoryPageUnitTest.php" line="172" class="Hyde\Framework\Testing\Unit\Pages\InMemoryPageUnitTest" classname="Hyde.Framework.Testing.Unit.Pages.InMemoryPageUnitTest" assertions="1" time="0.002925"/>
        <testcase name="testAll" file="/home/runner/work/develop/develop/packages/framework/tests/Unit/Pages/InMemoryPageUnitTest.php" line="178" class="Hyde\Framework\Testing\Unit\Pages\InMemoryPageUnitTest" classname="Hyde.Framework.Testing.Unit.Pages.InMemoryPageUnitTest" assertions="1" time="0.005310"/>
        <testcase name="testMetadata" file="/home/runner/work/develop/develop/packages/framework/tests/Unit/Pages/InMemoryPageUnitTest.php" line="183" class="Hyde\Framework\Testing\Unit\Pages\InMemoryPageUnitTest" classname="Hyde.Framework.Testing.Unit.Pages.InMemoryPageUnitTest" assertions="1" time="0.002912"/>
        <testcase name="testConstruct" file="/home/runner/work/develop/develop/packages/framework/tests/Unit/Pages/InMemoryPageUnitTest.php" line="188" class="Hyde\Framework\Testing\Unit\Pages\InMemoryPageUnitTest" classname="Hyde.Framework.Testing.Unit.Pages.InMemoryPageUnitTest" assertions="1" time="0.002940"/>
        <testcase name="testGetRoute" file="/home/runner/work/develop/develop/packages/framework/tests/Unit/Pages/InMemoryPageUnitTest.php" line="193" class="Hyde\Framework\Testing\Unit\Pages\InMemoryPageUnitTest" classname="Hyde.Framework.Testing.Unit.Pages.InMemoryPageUnitTest" assertions="1" time="0.005674"/>
        <testcase name="testGetIdentifier" file="/home/runner/work/develop/develop/packages/framework/tests/Unit/Pages/InMemoryPageUnitTest.php" line="198" class="Hyde\Framework\Testing\Unit\Pages\InMemoryPageUnitTest" classname="Hyde.Framework.Testing.Unit.Pages.InMemoryPageUnitTest" assertions="1" time="0.002931"/>
        <testcase name="testHas" file="/home/runner/work/develop/develop/packages/framework/tests/Unit/Pages/InMemoryPageUnitTest.php" line="203" class="Hyde\Framework\Testing\Unit\Pages\InMemoryPageUnitTest" classname="Hyde.Framework.Testing.Unit.Pages.InMemoryPageUnitTest" assertions="1" time="0.002895"/>
        <testcase name="testToCoreDataObject" file="/home/runner/work/develop/develop/packages/framework/tests/Unit/Pages/InMemoryPageUnitTest.php" line="208" class="Hyde\Framework\Testing\Unit\Pages\InMemoryPageUnitTest" classname="Hyde.Framework.Testing.Unit.Pages.InMemoryPageUnitTest" assertions="1" time="0.002984"/>
        <testcase name="testCompile" file="/home/runner/work/develop/develop/packages/framework/tests/Unit/Pages/InMemoryPageUnitTest.php" line="213" class="Hyde\Framework\Testing\Unit\Pages\InMemoryPageUnitTest" classname="Hyde.Framework.Testing.Unit.Pages.InMemoryPageUnitTest" assertions="1" time="0.013155"/>
        <testcase name="testMatter" file="/home/runner/work/develop/develop/packages/framework/tests/Unit/Pages/InMemoryPageUnitTest.php" line="222" class="Hyde\Framework\Testing\Unit\Pages\InMemoryPageUnitTest" classname="Hyde.Framework.Testing.Unit.Pages.InMemoryPageUnitTest" assertions="1" time="0.002932"/>
      </testsuite>
      <testsuite name="Hyde\Framework\Testing\Unit\Pages\MarkdownPageModelConstructorArgumentsAreOptionalTest" file="/home/runner/work/develop/develop/packages/framework/tests/Unit/Pages/MarkdownPageModelConstructorArgumentsAreOptionalTest.php" tests="1" assertions="3" errors="0" failures="0" skipped="0" time="0.005996">
        <testcase name="testMarkdownPageModelConstructorArgumentsAreOptional" file="/home/runner/work/develop/develop/packages/framework/tests/Unit/Pages/MarkdownPageModelConstructorArgumentsAreOptionalTest.php" line="14" class="Hyde\Framework\Testing\Unit\Pages\MarkdownPageModelConstructorArgumentsAreOptionalTest" classname="Hyde.Framework.Testing.Unit.Pages.MarkdownPageModelConstructorArgumentsAreOptionalTest" assertions="3" time="0.005996"/>
      </testsuite>
      <testsuite name="Hyde\Framework\Testing\Unit\Pages\MarkdownPageTest" file="/home/runner/work/develop/develop/packages/framework/tests/Unit/Pages/MarkdownPageTest.php" tests="3" assertions="6" errors="0" failures="0" skipped="0" time="0.032726">
        <testcase name="testCanGetCollectionOfSlugs" file="/home/runner/work/develop/develop/packages/framework/tests/Unit/Pages/MarkdownPageTest.php" line="19" class="Hyde\Framework\Testing\Unit\Pages\MarkdownPageTest" classname="Hyde.Framework.Testing.Unit.Pages.MarkdownPageTest" assertions="1" time="0.008690"/>
        <testcase name="testCreatedModelContainsExpectedData" file="/home/runner/work/develop/develop/packages/framework/tests/Unit/Pages/MarkdownPageTest.php" line="25" class="Hyde\Framework\Testing\Unit\Pages\MarkdownPageTest" classname="Hyde.Framework.Testing.Unit.Pages.MarkdownPageTest" assertions="3" time="0.005022"/>
        <testcase name="testCanRenderMarkdownPage" file="/home/runner/work/develop/develop/packages/framework/tests/Unit/Pages/MarkdownPageTest.php" line="35" class="Hyde\Framework\Testing\Unit\Pages\MarkdownPageTest" classname="Hyde.Framework.Testing.Unit.Pages.MarkdownPageTest" assertions="2" time="0.019015"/>
      </testsuite>
      <testsuite name="Hyde\Framework\Testing\Unit\Pages\MarkdownPageUnitTest" file="/home/runner/work/develop/develop/packages/framework/tests/Unit/Pages/MarkdownPageUnitTest.php" tests="34" assertions="35" errors="0" failures="0" skipped="0" time="0.111571">
        <testcase name="testSourceDirectory" file="/home/runner/work/develop/develop/packages/framework/tests/Unit/Pages/MarkdownPageUnitTest.php" line="25" class="Hyde\Framework\Testing\Unit\Pages\MarkdownPageUnitTest" classname="Hyde.Framework.Testing.Unit.Pages.MarkdownPageUnitTest" assertions="1" time="0.001984"/>
        <testcase name="testOutputDirectory" file="/home/runner/work/develop/develop/packages/framework/tests/Unit/Pages/MarkdownPageUnitTest.php" line="33" class="Hyde\Framework\Testing\Unit\Pages\MarkdownPageUnitTest" classname="Hyde.Framework.Testing.Unit.Pages.MarkdownPageUnitTest" assertions="1" time="0.001871"/>
        <testcase name="testBaseRouteKey" file="/home/runner/work/develop/develop/packages/framework/tests/Unit/Pages/MarkdownPageUnitTest.php" line="41" class="Hyde\Framework\Testing\Unit\Pages\MarkdownPageUnitTest" classname="Hyde.Framework.Testing.Unit.Pages.MarkdownPageUnitTest" assertions="1" time="0.001855"/>
        <testcase name="testFileExtension" file="/home/runner/work/develop/develop/packages/framework/tests/Unit/Pages/MarkdownPageUnitTest.php" line="49" class="Hyde\Framework\Testing\Unit\Pages\MarkdownPageUnitTest" classname="Hyde.Framework.Testing.Unit.Pages.MarkdownPageUnitTest" assertions="1" time="0.001838"/>
        <testcase name="testSourcePath" file="/home/runner/work/develop/develop/packages/framework/tests/Unit/Pages/MarkdownPageUnitTest.php" line="57" class="Hyde\Framework\Testing\Unit\Pages\MarkdownPageUnitTest" classname="Hyde.Framework.Testing.Unit.Pages.MarkdownPageUnitTest" assertions="1" time="0.001873"/>
        <testcase name="testOutputPath" file="/home/runner/work/develop/develop/packages/framework/tests/Unit/Pages/MarkdownPageUnitTest.php" line="65" class="Hyde\Framework\Testing\Unit\Pages\MarkdownPageUnitTest" classname="Hyde.Framework.Testing.Unit.Pages.MarkdownPageUnitTest" assertions="1" time="0.001976"/>
        <testcase name="testPath" file="/home/runner/work/develop/develop/packages/framework/tests/Unit/Pages/MarkdownPageUnitTest.php" line="73" class="Hyde\Framework\Testing\Unit\Pages\MarkdownPageUnitTest" classname="Hyde.Framework.Testing.Unit.Pages.MarkdownPageUnitTest" assertions="1" time="0.001970"/>
        <testcase name="testGetSourcePath" file="/home/runner/work/develop/develop/packages/framework/tests/Unit/Pages/MarkdownPageUnitTest.php" line="81" class="Hyde\Framework\Testing\Unit\Pages\MarkdownPageUnitTest" classname="Hyde.Framework.Testing.Unit.Pages.MarkdownPageUnitTest" assertions="1" time="0.002909"/>
        <testcase name="testGetOutputPath" file="/home/runner/work/develop/develop/packages/framework/tests/Unit/Pages/MarkdownPageUnitTest.php" line="89" class="Hyde\Framework\Testing\Unit\Pages\MarkdownPageUnitTest" classname="Hyde.Framework.Testing.Unit.Pages.MarkdownPageUnitTest" assertions="1" time="0.002919"/>
        <testcase name="testGetLink" file="/home/runner/work/develop/develop/packages/framework/tests/Unit/Pages/MarkdownPageUnitTest.php" line="97" class="Hyde\Framework\Testing\Unit\Pages\MarkdownPageUnitTest" classname="Hyde.Framework.Testing.Unit.Pages.MarkdownPageUnitTest" assertions="1" time="0.002928"/>
        <testcase name="testMake" file="/home/runner/work/develop/develop/packages/framework/tests/Unit/Pages/MarkdownPageUnitTest.php" line="105" class="Hyde\Framework\Testing\Unit\Pages\MarkdownPageUnitTest" classname="Hyde.Framework.Testing.Unit.Pages.MarkdownPageUnitTest" assertions="1" time="0.003437"/>
        <testcase name="testMakeWithData" file="/home/runner/work/develop/develop/packages/framework/tests/Unit/Pages/MarkdownPageUnitTest.php" line="110" class="Hyde\Framework\Testing\Unit\Pages\MarkdownPageUnitTest" classname="Hyde.Framework.Testing.Unit.Pages.MarkdownPageUnitTest" assertions="1" time="0.003834"/>
        <testcase name="testShowInNavigation" file="/home/runner/work/develop/develop/packages/framework/tests/Unit/Pages/MarkdownPageUnitTest.php" line="118" class="Hyde\Framework\Testing\Unit\Pages\MarkdownPageUnitTest" classname="Hyde.Framework.Testing.Unit.Pages.MarkdownPageUnitTest" assertions="1" time="0.002746"/>
        <testcase name="testNavigationMenuPriority" file="/home/runner/work/develop/develop/packages/framework/tests/Unit/Pages/MarkdownPageUnitTest.php" line="123" class="Hyde\Framework\Testing\Unit\Pages\MarkdownPageUnitTest" classname="Hyde.Framework.Testing.Unit.Pages.MarkdownPageUnitTest" assertions="1" time="0.002783"/>
        <testcase name="testNavigationMenuLabel" file="/home/runner/work/develop/develop/packages/framework/tests/Unit/Pages/MarkdownPageUnitTest.php" line="128" class="Hyde\Framework\Testing\Unit\Pages\MarkdownPageUnitTest" classname="Hyde.Framework.Testing.Unit.Pages.MarkdownPageUnitTest" assertions="1" time="0.002938"/>
        <testcase name="testNavigationMenuGroup" file="/home/runner/work/develop/develop/packages/framework/tests/Unit/Pages/MarkdownPageUnitTest.php" line="133" class="Hyde\Framework\Testing\Unit\Pages\MarkdownPageUnitTest" classname="Hyde.Framework.Testing.Unit.Pages.MarkdownPageUnitTest" assertions="1" time="0.002930"/>
        <testcase name="testGetBladeView" file="/home/runner/work/develop/develop/packages/framework/tests/Unit/Pages/MarkdownPageUnitTest.php" line="138" class="Hyde\Framework\Testing\Unit\Pages\MarkdownPageUnitTest" classname="Hyde.Framework.Testing.Unit.Pages.MarkdownPageUnitTest" assertions="1" time="0.002918"/>
        <testcase name="testFiles" file="/home/runner/work/develop/develop/packages/framework/tests/Unit/Pages/MarkdownPageUnitTest.php" line="143" class="Hyde\Framework\Testing\Unit\Pages\MarkdownPageUnitTest" classname="Hyde.Framework.Testing.Unit.Pages.MarkdownPageUnitTest" assertions="1" time="0.005306"/>
        <testcase name="testData" file="/home/runner/work/develop/develop/packages/framework/tests/Unit/Pages/MarkdownPageUnitTest.php" line="148" class="Hyde\Framework\Testing\Unit\Pages\MarkdownPageUnitTest" classname="Hyde.Framework.Testing.Unit.Pages.MarkdownPageUnitTest" assertions="1" time="0.002922"/>
        <testcase name="testGet" file="/home/runner/work/develop/develop/packages/framework/tests/Unit/Pages/MarkdownPageUnitTest.php" line="153" class="Hyde\Framework\Testing\Unit\Pages\MarkdownPageUnitTest" classname="Hyde.Framework.Testing.Unit.Pages.MarkdownPageUnitTest" assertions="1" time="0.007378"/>
        <testcase name="testParse" file="/home/runner/work/develop/develop/packages/framework/tests/Unit/Pages/MarkdownPageUnitTest.php" line="159" class="Hyde\Framework\Testing\Unit\Pages\MarkdownPageUnitTest" classname="Hyde.Framework.Testing.Unit.Pages.MarkdownPageUnitTest" assertions="1" time="0.003852"/>
        <testcase name="testGetRouteKey" file="/home/runner/work/develop/develop/packages/framework/tests/Unit/Pages/MarkdownPageUnitTest.php" line="165" class="Hyde\Framework\Testing\Unit\Pages\MarkdownPageUnitTest" classname="Hyde.Framework.Testing.Unit.Pages.MarkdownPageUnitTest" assertions="1" time="0.002926"/>
        <testcase name="testTitle" file="/home/runner/work/develop/develop/packages/framework/tests/Unit/Pages/MarkdownPageUnitTest.php" line="170" class="Hyde\Framework\Testing\Unit\Pages\MarkdownPageUnitTest" classname="Hyde.Framework.Testing.Unit.Pages.MarkdownPageUnitTest" assertions="1" time="0.002964"/>
        <testcase name="testAll" file="/home/runner/work/develop/develop/packages/framework/tests/Unit/Pages/MarkdownPageUnitTest.php" line="176" class="Hyde\Framework\Testing\Unit\Pages\MarkdownPageUnitTest" classname="Hyde.Framework.Testing.Unit.Pages.MarkdownPageUnitTest" assertions="1" time="0.005423"/>
        <testcase name="testMetadata" file="/home/runner/work/develop/develop/packages/framework/tests/Unit/Pages/MarkdownPageUnitTest.php" line="181" class="Hyde\Framework\Testing\Unit\Pages\MarkdownPageUnitTest" classname="Hyde.Framework.Testing.Unit.Pages.MarkdownPageUnitTest" assertions="1" time="0.002804"/>
        <testcase name="testConstruct" file="/home/runner/work/develop/develop/packages/framework/tests/Unit/Pages/MarkdownPageUnitTest.php" line="186" class="Hyde\Framework\Testing\Unit\Pages\MarkdownPageUnitTest" classname="Hyde.Framework.Testing.Unit.Pages.MarkdownPageUnitTest" assertions="1" time="0.002785"/>
        <testcase name="testGetRoute" file="/home/runner/work/develop/develop/packages/framework/tests/Unit/Pages/MarkdownPageUnitTest.php" line="191" class="Hyde\Framework\Testing\Unit\Pages\MarkdownPageUnitTest" classname="Hyde.Framework.Testing.Unit.Pages.MarkdownPageUnitTest" assertions="1" time="0.005673"/>
        <testcase name="testGetIdentifier" file="/home/runner/work/develop/develop/packages/framework/tests/Unit/Pages/MarkdownPageUnitTest.php" line="196" class="Hyde\Framework\Testing\Unit\Pages\MarkdownPageUnitTest" classname="Hyde.Framework.Testing.Unit.Pages.MarkdownPageUnitTest" assertions="1" time="0.003017"/>
        <testcase name="testHas" file="/home/runner/work/develop/develop/packages/framework/tests/Unit/Pages/MarkdownPageUnitTest.php" line="201" class="Hyde\Framework\Testing\Unit\Pages\MarkdownPageUnitTest" classname="Hyde.Framework.Testing.Unit.Pages.MarkdownPageUnitTest" assertions="1" time="0.002963"/>
        <testcase name="testToCoreDataObject" file="/home/runner/work/develop/develop/packages/framework/tests/Unit/Pages/MarkdownPageUnitTest.php" line="206" class="Hyde\Framework\Testing\Unit\Pages\MarkdownPageUnitTest" classname="Hyde.Framework.Testing.Unit.Pages.MarkdownPageUnitTest" assertions="1" time="0.003003"/>
        <testcase name="testCompile" file="/home/runner/work/develop/develop/packages/framework/tests/Unit/Pages/MarkdownPageUnitTest.php" line="211" class="Hyde\Framework\Testing\Unit\Pages\MarkdownPageUnitTest" classname="Hyde.Framework.Testing.Unit.Pages.MarkdownPageUnitTest" assertions="1" time="0.007309"/>
        <testcase name="testMatter" file="/home/runner/work/develop/develop/packages/framework/tests/Unit/Pages/MarkdownPageUnitTest.php" line="218" class="Hyde\Framework\Testing\Unit\Pages\MarkdownPageUnitTest" classname="Hyde.Framework.Testing.Unit.Pages.MarkdownPageUnitTest" assertions="1" time="0.002937"/>
        <testcase name="testMarkdown" file="/home/runner/work/develop/develop/packages/framework/tests/Unit/Pages/MarkdownPageUnitTest.php" line="223" class="Hyde\Framework\Testing\Unit\Pages\MarkdownPageUnitTest" classname="Hyde.Framework.Testing.Unit.Pages.MarkdownPageUnitTest" assertions="1" time="0.002964"/>
        <testcase name="testSave" file="/home/runner/work/develop/develop/packages/framework/tests/Unit/Pages/MarkdownPageUnitTest.php" line="228" class="Hyde\Framework\Testing\Unit\Pages\MarkdownPageUnitTest" classname="Hyde.Framework.Testing.Unit.Pages.MarkdownPageUnitTest" assertions="2" time="0.003635"/>
      </testsuite>
      <testsuite name="Hyde\Framework\Testing\Unit\Pages\MarkdownPostHelpersTest" file="/home/runner/work/develop/develop/packages/framework/tests/Unit/Pages/MarkdownPostHelpersTest.php" tests="6" assertions="6" errors="0" failures="0" skipped="0" time="0.030218">
        <testcase name="testGetCurrentPagePathReturnsLocalUriPathForPostSlug" file="/home/runner/work/develop/develop/packages/framework/tests/Unit/Pages/MarkdownPostHelpersTest.php" line="15" class="Hyde\Framework\Testing\Unit\Pages\MarkdownPostHelpersTest" classname="Hyde.Framework.Testing.Unit.Pages.MarkdownPostHelpersTest" assertions="1" time="0.006105"/>
        <testcase name="testGetCanonicalLinkReturnsCanonicalUriPathForPostSlug" file="/home/runner/work/develop/develop/packages/framework/tests/Unit/Pages/MarkdownPostHelpersTest.php" line="21" class="Hyde\Framework\Testing\Unit\Pages\MarkdownPostHelpersTest" classname="Hyde.Framework.Testing.Unit.Pages.MarkdownPostHelpersTest" assertions="1" time="0.004952"/>
        <testcase name="testGetCanonicalLinkReturnsPrettyUrlWhenEnabled" file="/home/runner/work/develop/develop/packages/framework/tests/Unit/Pages/MarkdownPostHelpersTest.php" line="28" class="Hyde\Framework\Testing\Unit\Pages\MarkdownPostHelpersTest" classname="Hyde.Framework.Testing.Unit.Pages.MarkdownPostHelpersTest" assertions="1" time="0.004856"/>
        <testcase name="testGetPostDescriptionReturnsPostDescriptionWhenSetInFrontMatter" file="/home/runner/work/develop/develop/packages/framework/tests/Unit/Pages/MarkdownPostHelpersTest.php" line="35" class="Hyde\Framework\Testing\Unit\Pages\MarkdownPostHelpersTest" classname="Hyde.Framework.Testing.Unit.Pages.MarkdownPostHelpersTest" assertions="1" time="0.004763"/>
        <testcase name="testGetPostDescriptionReturnsPostBodyWhenNoDescriptionSetInFrontMatter" file="/home/runner/work/develop/develop/packages/framework/tests/Unit/Pages/MarkdownPostHelpersTest.php" line="41" class="Hyde\Framework\Testing\Unit\Pages\MarkdownPostHelpersTest" classname="Hyde.Framework.Testing.Unit.Pages.MarkdownPostHelpersTest" assertions="1" time="0.004759"/>
        <testcase name="testDynamicDescriptionIsTruncatedWhenLongerThan128Characters" file="/home/runner/work/develop/develop/packages/framework/tests/Unit/Pages/MarkdownPostHelpersTest.php" line="47" class="Hyde\Framework\Testing\Unit\Pages\MarkdownPostHelpersTest" classname="Hyde.Framework.Testing.Unit.Pages.MarkdownPostHelpersTest" assertions="1" time="0.004782"/>
      </testsuite>
      <testsuite name="Hyde\Framework\Testing\Unit\Pages\MarkdownPostParserTest" file="/home/runner/work/develop/develop/packages/framework/tests/Unit/Pages/MarkdownPostParserTest.php" tests="2" assertions="11" errors="0" failures="0" skipped="0" time="0.012009">
        <testcase name="testCanParseMarkdownFile" file="/home/runner/work/develop/develop/packages/framework/tests/Unit/Pages/MarkdownPostParserTest.php" line="42" class="Hyde\Framework\Testing\Unit\Pages\MarkdownPostParserTest" classname="Hyde.Framework.Testing.Unit.Pages.MarkdownPostParserTest" assertions="8" time="0.006326"/>
        <testcase name="testParsedMarkdownPostContainsValidFrontMatter" file="/home/runner/work/develop/develop/packages/framework/tests/Unit/Pages/MarkdownPostParserTest.php" line="55" class="Hyde\Framework\Testing\Unit\Pages\MarkdownPostParserTest" classname="Hyde.Framework.Testing.Unit.Pages.MarkdownPostParserTest" assertions="3" time="0.005683"/>
      </testsuite>
      <testsuite name="Hyde\Framework\Testing\Unit\Pages\MarkdownPostUnitTest" file="/home/runner/work/develop/develop/packages/framework/tests/Unit/Pages/MarkdownPostUnitTest.php" tests="34" assertions="35" errors="0" failures="0" skipped="0" time="0.119817">
        <testcase name="testSourceDirectory" file="/home/runner/work/develop/develop/packages/framework/tests/Unit/Pages/MarkdownPostUnitTest.php" line="25" class="Hyde\Framework\Testing\Unit\Pages\MarkdownPostUnitTest" classname="Hyde.Framework.Testing.Unit.Pages.MarkdownPostUnitTest" assertions="1" time="0.001960"/>
        <testcase name="testOutputDirectory" file="/home/runner/work/develop/develop/packages/framework/tests/Unit/Pages/MarkdownPostUnitTest.php" line="33" class="Hyde\Framework\Testing\Unit\Pages\MarkdownPostUnitTest" classname="Hyde.Framework.Testing.Unit.Pages.MarkdownPostUnitTest" assertions="1" time="0.001843"/>
        <testcase name="testBaseRouteKey" file="/home/runner/work/develop/develop/packages/framework/tests/Unit/Pages/MarkdownPostUnitTest.php" line="41" class="Hyde\Framework\Testing\Unit\Pages\MarkdownPostUnitTest" classname="Hyde.Framework.Testing.Unit.Pages.MarkdownPostUnitTest" assertions="1" time="0.001828"/>
        <testcase name="testFileExtension" file="/home/runner/work/develop/develop/packages/framework/tests/Unit/Pages/MarkdownPostUnitTest.php" line="49" class="Hyde\Framework\Testing\Unit\Pages\MarkdownPostUnitTest" classname="Hyde.Framework.Testing.Unit.Pages.MarkdownPostUnitTest" assertions="1" time="0.001824"/>
        <testcase name="testSourcePath" file="/home/runner/work/develop/develop/packages/framework/tests/Unit/Pages/MarkdownPostUnitTest.php" line="57" class="Hyde\Framework\Testing\Unit\Pages\MarkdownPostUnitTest" classname="Hyde.Framework.Testing.Unit.Pages.MarkdownPostUnitTest" assertions="1" time="0.001855"/>
        <testcase name="testOutputPath" file="/home/runner/work/develop/develop/packages/framework/tests/Unit/Pages/MarkdownPostUnitTest.php" line="65" class="Hyde\Framework\Testing\Unit\Pages\MarkdownPostUnitTest" classname="Hyde.Framework.Testing.Unit.Pages.MarkdownPostUnitTest" assertions="1" time="0.001889"/>
        <testcase name="testPath" file="/home/runner/work/develop/develop/packages/framework/tests/Unit/Pages/MarkdownPostUnitTest.php" line="73" class="Hyde\Framework\Testing\Unit\Pages\MarkdownPostUnitTest" classname="Hyde.Framework.Testing.Unit.Pages.MarkdownPostUnitTest" assertions="1" time="0.001972"/>
        <testcase name="testGetSourcePath" file="/home/runner/work/develop/develop/packages/framework/tests/Unit/Pages/MarkdownPostUnitTest.php" line="81" class="Hyde\Framework\Testing\Unit\Pages\MarkdownPostUnitTest" classname="Hyde.Framework.Testing.Unit.Pages.MarkdownPostUnitTest" assertions="1" time="0.003151"/>
        <testcase name="testGetOutputPath" file="/home/runner/work/develop/develop/packages/framework/tests/Unit/Pages/MarkdownPostUnitTest.php" line="89" class="Hyde\Framework\Testing\Unit\Pages\MarkdownPostUnitTest" classname="Hyde.Framework.Testing.Unit.Pages.MarkdownPostUnitTest" assertions="1" time="0.003177"/>
        <testcase name="testGetLink" file="/home/runner/work/develop/develop/packages/framework/tests/Unit/Pages/MarkdownPostUnitTest.php" line="97" class="Hyde\Framework\Testing\Unit\Pages\MarkdownPostUnitTest" classname="Hyde.Framework.Testing.Unit.Pages.MarkdownPostUnitTest" assertions="1" time="0.003185"/>
        <testcase name="testMake" file="/home/runner/work/develop/develop/packages/framework/tests/Unit/Pages/MarkdownPostUnitTest.php" line="105" class="Hyde\Framework\Testing\Unit\Pages\MarkdownPostUnitTest" classname="Hyde.Framework.Testing.Unit.Pages.MarkdownPostUnitTest" assertions="1" time="0.004106"/>
        <testcase name="testMakeWithData" file="/home/runner/work/develop/develop/packages/framework/tests/Unit/Pages/MarkdownPostUnitTest.php" line="110" class="Hyde\Framework\Testing\Unit\Pages\MarkdownPostUnitTest" classname="Hyde.Framework.Testing.Unit.Pages.MarkdownPostUnitTest" assertions="1" time="0.004433"/>
        <testcase name="testShowInNavigation" file="/home/runner/work/develop/develop/packages/framework/tests/Unit/Pages/MarkdownPostUnitTest.php" line="118" class="Hyde\Framework\Testing\Unit\Pages\MarkdownPostUnitTest" classname="Hyde.Framework.Testing.Unit.Pages.MarkdownPostUnitTest" assertions="1" time="0.003104"/>
        <testcase name="testNavigationMenuPriority" file="/home/runner/work/develop/develop/packages/framework/tests/Unit/Pages/MarkdownPostUnitTest.php" line="123" class="Hyde\Framework\Testing\Unit\Pages\MarkdownPostUnitTest" classname="Hyde.Framework.Testing.Unit.Pages.MarkdownPostUnitTest" assertions="1" time="0.003135"/>
        <testcase name="testNavigationMenuLabel" file="/home/runner/work/develop/develop/packages/framework/tests/Unit/Pages/MarkdownPostUnitTest.php" line="128" class="Hyde\Framework\Testing\Unit\Pages\MarkdownPostUnitTest" classname="Hyde.Framework.Testing.Unit.Pages.MarkdownPostUnitTest" assertions="1" time="0.003360"/>
        <testcase name="testNavigationMenuGroup" file="/home/runner/work/develop/develop/packages/framework/tests/Unit/Pages/MarkdownPostUnitTest.php" line="133" class="Hyde\Framework\Testing\Unit\Pages\MarkdownPostUnitTest" classname="Hyde.Framework.Testing.Unit.Pages.MarkdownPostUnitTest" assertions="1" time="0.003217"/>
        <testcase name="testGetBladeView" file="/home/runner/work/develop/develop/packages/framework/tests/Unit/Pages/MarkdownPostUnitTest.php" line="138" class="Hyde\Framework\Testing\Unit\Pages\MarkdownPostUnitTest" classname="Hyde.Framework.Testing.Unit.Pages.MarkdownPostUnitTest" assertions="1" time="0.003232"/>
        <testcase name="testFiles" file="/home/runner/work/develop/develop/packages/framework/tests/Unit/Pages/MarkdownPostUnitTest.php" line="143" class="Hyde\Framework\Testing\Unit\Pages\MarkdownPostUnitTest" classname="Hyde.Framework.Testing.Unit.Pages.MarkdownPostUnitTest" assertions="1" time="0.005532"/>
        <testcase name="testData" file="/home/runner/work/develop/develop/packages/framework/tests/Unit/Pages/MarkdownPostUnitTest.php" line="148" class="Hyde\Framework\Testing\Unit\Pages\MarkdownPostUnitTest" classname="Hyde.Framework.Testing.Unit.Pages.MarkdownPostUnitTest" assertions="1" time="0.003220"/>
        <testcase name="testGet" file="/home/runner/work/develop/develop/packages/framework/tests/Unit/Pages/MarkdownPostUnitTest.php" line="153" class="Hyde\Framework\Testing\Unit\Pages\MarkdownPostUnitTest" classname="Hyde.Framework.Testing.Unit.Pages.MarkdownPostUnitTest" assertions="1" time="0.008182"/>
        <testcase name="testParse" file="/home/runner/work/develop/develop/packages/framework/tests/Unit/Pages/MarkdownPostUnitTest.php" line="159" class="Hyde\Framework\Testing\Unit\Pages\MarkdownPostUnitTest" classname="Hyde.Framework.Testing.Unit.Pages.MarkdownPostUnitTest" assertions="1" time="0.004091"/>
        <testcase name="testGetRouteKey" file="/home/runner/work/develop/develop/packages/framework/tests/Unit/Pages/MarkdownPostUnitTest.php" line="165" class="Hyde\Framework\Testing\Unit\Pages\MarkdownPostUnitTest" classname="Hyde.Framework.Testing.Unit.Pages.MarkdownPostUnitTest" assertions="1" time="0.003218"/>
        <testcase name="testTitle" file="/home/runner/work/develop/develop/packages/framework/tests/Unit/Pages/MarkdownPostUnitTest.php" line="170" class="Hyde\Framework\Testing\Unit\Pages\MarkdownPostUnitTest" classname="Hyde.Framework.Testing.Unit.Pages.MarkdownPostUnitTest" assertions="1" time="0.003207"/>
        <testcase name="testAll" file="/home/runner/work/develop/develop/packages/framework/tests/Unit/Pages/MarkdownPostUnitTest.php" line="176" class="Hyde\Framework\Testing\Unit\Pages\MarkdownPostUnitTest" classname="Hyde.Framework.Testing.Unit.Pages.MarkdownPostUnitTest" assertions="1" time="0.005324"/>
        <testcase name="testMetadata" file="/home/runner/work/develop/develop/packages/framework/tests/Unit/Pages/MarkdownPostUnitTest.php" line="181" class="Hyde\Framework\Testing\Unit\Pages\MarkdownPostUnitTest" classname="Hyde.Framework.Testing.Unit.Pages.MarkdownPostUnitTest" assertions="1" time="0.003100"/>
        <testcase name="testConstruct" file="/home/runner/work/develop/develop/packages/framework/tests/Unit/Pages/MarkdownPostUnitTest.php" line="186" class="Hyde\Framework\Testing\Unit\Pages\MarkdownPostUnitTest" classname="Hyde.Framework.Testing.Unit.Pages.MarkdownPostUnitTest" assertions="1" time="0.003123"/>
        <testcase name="testGetRoute" file="/home/runner/work/develop/develop/packages/framework/tests/Unit/Pages/MarkdownPostUnitTest.php" line="191" class="Hyde\Framework\Testing\Unit\Pages\MarkdownPostUnitTest" classname="Hyde.Framework.Testing.Unit.Pages.MarkdownPostUnitTest" assertions="1" time="0.005903"/>
        <testcase name="testGetIdentifier" file="/home/runner/work/develop/develop/packages/framework/tests/Unit/Pages/MarkdownPostUnitTest.php" line="196" class="Hyde\Framework\Testing\Unit\Pages\MarkdownPostUnitTest" classname="Hyde.Framework.Testing.Unit.Pages.MarkdownPostUnitTest" assertions="1" time="0.003188"/>
        <testcase name="testHas" file="/home/runner/work/develop/develop/packages/framework/tests/Unit/Pages/MarkdownPostUnitTest.php" line="201" class="Hyde\Framework\Testing\Unit\Pages\MarkdownPostUnitTest" classname="Hyde.Framework.Testing.Unit.Pages.MarkdownPostUnitTest" assertions="1" time="0.003206"/>
        <testcase name="testToCoreDataObject" file="/home/runner/work/develop/develop/packages/framework/tests/Unit/Pages/MarkdownPostUnitTest.php" line="206" class="Hyde\Framework\Testing\Unit\Pages\MarkdownPostUnitTest" classname="Hyde.Framework.Testing.Unit.Pages.MarkdownPostUnitTest" assertions="1" time="0.003289"/>
        <testcase name="testCompile" file="/home/runner/work/develop/develop/packages/framework/tests/Unit/Pages/MarkdownPostUnitTest.php" line="211" class="Hyde\Framework\Testing\Unit\Pages\MarkdownPostUnitTest" classname="Hyde.Framework.Testing.Unit.Pages.MarkdownPostUnitTest" assertions="1" time="0.007644"/>
        <testcase name="testMatter" file="/home/runner/work/develop/develop/packages/framework/tests/Unit/Pages/MarkdownPostUnitTest.php" line="218" class="Hyde\Framework\Testing\Unit\Pages\MarkdownPostUnitTest" classname="Hyde.Framework.Testing.Unit.Pages.MarkdownPostUnitTest" assertions="1" time="0.003212"/>
        <testcase name="testMarkdown" file="/home/runner/work/develop/develop/packages/framework/tests/Unit/Pages/MarkdownPostUnitTest.php" line="223" class="Hyde\Framework\Testing\Unit\Pages\MarkdownPostUnitTest" classname="Hyde.Framework.Testing.Unit.Pages.MarkdownPostUnitTest" assertions="1" time="0.003217"/>
        <testcase name="testSave" file="/home/runner/work/develop/develop/packages/framework/tests/Unit/Pages/MarkdownPostUnitTest.php" line="228" class="Hyde\Framework\Testing\Unit\Pages\MarkdownPostUnitTest" classname="Hyde.Framework.Testing.Unit.Pages.MarkdownPostUnitTest" assertions="2" time="0.003888"/>
      </testsuite>
      <testsuite name="Hyde\Framework\Testing\Unit\Pages\PageModelGetAllFilesHelperTest" file="/home/runner/work/develop/develop/packages/framework/tests/Unit/Pages/PageModelGetAllFilesHelperTest.php" tests="4" assertions="12" errors="0" failures="0" skipped="0" time="0.033976">
        <testcase name="testBladePageGetHelperReturnsBladePageArray" file="/home/runner/work/develop/develop/packages/framework/tests/Unit/Pages/PageModelGetAllFilesHelperTest.php" line="19" class="Hyde\Framework\Testing\Unit\Pages\PageModelGetAllFilesHelperTest" classname="Hyde.Framework.Testing.Unit.Pages.PageModelGetAllFilesHelperTest" assertions="3" time="0.008368"/>
        <testcase name="testMarkdownPageGetHelperReturnsMarkdownPageArray" file="/home/runner/work/develop/develop/packages/framework/tests/Unit/Pages/PageModelGetAllFilesHelperTest.php" line="27" class="Hyde\Framework\Testing\Unit\Pages\PageModelGetAllFilesHelperTest" classname="Hyde.Framework.Testing.Unit.Pages.PageModelGetAllFilesHelperTest" assertions="3" time="0.008320"/>
        <testcase name="testMarkdownPostGetHelperReturnsMarkdownPostArray" file="/home/runner/work/develop/develop/packages/framework/tests/Unit/Pages/PageModelGetAllFilesHelperTest.php" line="39" class="Hyde\Framework\Testing\Unit\Pages\PageModelGetAllFilesHelperTest" classname="Hyde.Framework.Testing.Unit.Pages.PageModelGetAllFilesHelperTest" assertions="3" time="0.008848"/>
        <testcase name="testDocumentationPageGetHelperReturnsDocumentationPageArray" file="/home/runner/work/develop/develop/packages/framework/tests/Unit/Pages/PageModelGetAllFilesHelperTest.php" line="51" class="Hyde\Framework\Testing\Unit\Pages\PageModelGetAllFilesHelperTest" classname="Hyde.Framework.Testing.Unit.Pages.PageModelGetAllFilesHelperTest" assertions="3" time="0.008440"/>
      </testsuite>
      <testsuite name="Hyde\Framework\Testing\Unit\Pages\PageModelGetHelperTest" file="/home/runner/work/develop/develop/packages/framework/tests/Unit/Pages/PageModelGetHelperTest.php" tests="4" assertions="12" errors="0" failures="0" skipped="0" time="0.033927">
        <testcase name="testBladePageGetHelperReturnsBladePageCollection" file="/home/runner/work/develop/develop/packages/framework/tests/Unit/Pages/PageModelGetHelperTest.php" line="20" class="Hyde\Framework\Testing\Unit\Pages\PageModelGetHelperTest" classname="Hyde.Framework.Testing.Unit.Pages.PageModelGetHelperTest" assertions="3" time="0.007205"/>
        <testcase name="testMarkdownPageGetHelperReturnsMarkdownPageCollection" file="/home/runner/work/develop/develop/packages/framework/tests/Unit/Pages/PageModelGetHelperTest.php" line="28" class="Hyde\Framework\Testing\Unit\Pages\PageModelGetHelperTest" classname="Hyde.Framework.Testing.Unit.Pages.PageModelGetHelperTest" assertions="3" time="0.009280"/>
        <testcase name="testMarkdownPostGetHelperReturnsMarkdownPostCollection" file="/home/runner/work/develop/develop/packages/framework/tests/Unit/Pages/PageModelGetHelperTest.php" line="40" class="Hyde\Framework\Testing\Unit\Pages\PageModelGetHelperTest" classname="Hyde.Framework.Testing.Unit.Pages.PageModelGetHelperTest" assertions="3" time="0.009088"/>
        <testcase name="testDocumentationPageGetHelperReturnsDocumentationPageCollection" file="/home/runner/work/develop/develop/packages/framework/tests/Unit/Pages/PageModelGetHelperTest.php" line="52" class="Hyde\Framework\Testing\Unit\Pages\PageModelGetHelperTest" classname="Hyde.Framework.Testing.Unit.Pages.PageModelGetHelperTest" assertions="3" time="0.008354"/>
      </testsuite>
      <testsuite name="Hyde\Framework\Testing\Unit\Pages\PageModelParseHelperTest" file="/home/runner/work/develop/develop/packages/framework/tests/Unit/Pages/PageModelParseHelperTest.php" tests="4" assertions="4" errors="0" failures="0" skipped="0" time="0.020052">
        <testcase name="testBladePageGetHelperReturnsBladePageObject" file="/home/runner/work/develop/develop/packages/framework/tests/Unit/Pages/PageModelParseHelperTest.php" line="19" class="Hyde\Framework\Testing\Unit\Pages\PageModelParseHelperTest" classname="Hyde.Framework.Testing.Unit.Pages.PageModelParseHelperTest" assertions="1" time="0.004859"/>
        <testcase name="testMarkdownPageGetHelperReturnsMarkdownPageObject" file="/home/runner/work/develop/develop/packages/framework/tests/Unit/Pages/PageModelParseHelperTest.php" line="29" class="Hyde\Framework\Testing\Unit\Pages\PageModelParseHelperTest" classname="Hyde.Framework.Testing.Unit.Pages.PageModelParseHelperTest" assertions="1" time="0.004866"/>
        <testcase name="testMarkdownPostGetHelperReturnsMarkdownPostObject" file="/home/runner/work/develop/develop/packages/framework/tests/Unit/Pages/PageModelParseHelperTest.php" line="39" class="Hyde\Framework\Testing\Unit\Pages\PageModelParseHelperTest" classname="Hyde.Framework.Testing.Unit.Pages.PageModelParseHelperTest" assertions="1" time="0.005399"/>
        <testcase name="testDocumentationPageGetHelperReturnsDocumentationPageObject" file="/home/runner/work/develop/develop/packages/framework/tests/Unit/Pages/PageModelParseHelperTest.php" line="49" class="Hyde\Framework\Testing\Unit\Pages\PageModelParseHelperTest" classname="Hyde.Framework.Testing.Unit.Pages.PageModelParseHelperTest" assertions="1" time="0.004928"/>
      </testsuite>
      <testsuite name="Hyde\Framework\Testing\Unit\Pages\TestAllPageTypesHaveUnitTestsTest" file="/home/runner/work/develop/develop/packages/framework/tests/Unit/Pages/TestAllPageTypesHaveUnitTestsTest.php" tests="1" assertions="8" errors="0" failures="0" skipped="0" time="0.003864">
        <testcase name="testAllPageTypesHaveUnitTests" file="/home/runner/work/develop/develop/packages/framework/tests/Unit/Pages/TestAllPageTypesHaveUnitTestsTest.php" line="12" class="Hyde\Framework\Testing\Unit\Pages\TestAllPageTypesHaveUnitTestsTest" classname="Hyde.Framework.Testing.Unit.Pages.TestAllPageTypesHaveUnitTestsTest" assertions="8" time="0.003864"/>
      </testsuite>
      <testsuite name="Hyde\Framework\Testing\Unit\PostAuthorTest" file="/home/runner/work/develop/develop/packages/framework/tests/Unit/PostAuthorTest.php" tests="14" assertions="25" errors="0" failures="0" skipped="0" time="0.023931">
        <testcase name="testCreateMethodCreatesNewAuthorModel" file="/home/runner/work/develop/develop/packages/framework/tests/Unit/PostAuthorTest.php" line="21" class="Hyde\Framework\Testing\Unit\PostAuthorTest" classname="Hyde.Framework.Testing.Unit.PostAuthorTest" assertions="1" time="0.001622"/>
        <testcase name="testCreateMethodAcceptsAllParameters" file="/home/runner/work/develop/develop/packages/framework/tests/Unit/PostAuthorTest.php" line="28" class="Hyde\Framework\Testing\Unit\PostAuthorTest" classname="Hyde.Framework.Testing.Unit.PostAuthorTest" assertions="3" time="0.001648"/>
        <testcase name="testGetOrCreateMethodCreatesNewAuthorModelFromString" file="/home/runner/work/develop/develop/packages/framework/tests/Unit/PostAuthorTest.php" line="37" class="Hyde\Framework\Testing\Unit\PostAuthorTest" classname="Hyde.Framework.Testing.Unit.PostAuthorTest" assertions="1" time="0.001801"/>
        <testcase name="testGetOrCreateMethodCreatesNewAuthorModelFromStringCanFindExistingAuthor" file="/home/runner/work/develop/develop/packages/framework/tests/Unit/PostAuthorTest.php" line="43" class="Hyde\Framework\Testing\Unit\PostAuthorTest" classname="Hyde.Framework.Testing.Unit.PostAuthorTest" assertions="1" time="0.001927"/>
        <testcase name="testGetOrCreateMethodCreatesNewAuthorModelFromArray" file="/home/runner/work/develop/develop/packages/framework/tests/Unit/PostAuthorTest.php" line="52" class="Hyde\Framework\Testing\Unit\PostAuthorTest" classname="Hyde.Framework.Testing.Unit.PostAuthorTest" assertions="1" time="0.001625"/>
        <testcase name="testGetOrCreateMethodCreatesNewAuthorModelFromArrayOnlyNeedsUsername" file="/home/runner/work/develop/develop/packages/framework/tests/Unit/PostAuthorTest.php" line="62" class="Hyde\Framework\Testing\Unit\PostAuthorTest" classname="Hyde.Framework.Testing.Unit.PostAuthorTest" assertions="1" time="0.001616"/>
        <testcase name="testAllMethodReturnsEmptyCollectionIfNoAuthorsAreSetInConfig" file="/home/runner/work/develop/develop/packages/framework/tests/Unit/PostAuthorTest.php" line="67" class="Hyde\Framework\Testing\Unit\PostAuthorTest" classname="Hyde.Framework.Testing.Unit.PostAuthorTest" assertions="2" time="0.001737"/>
        <testcase name="testAllMethodReturnsCollectionWithAllAuthorsDefinedInConfig" file="/home/runner/work/develop/develop/packages/framework/tests/Unit/PostAuthorTest.php" line="76" class="Hyde\Framework\Testing\Unit\PostAuthorTest" classname="Hyde.Framework.Testing.Unit.PostAuthorTest" assertions="3" time="0.001940"/>
        <testcase name="testMultipleAuthorsCanBeDefinedInConfig" file="/home/runner/work/develop/develop/packages/framework/tests/Unit/PostAuthorTest.php" line="88" class="Hyde\Framework\Testing\Unit\PostAuthorTest" classname="Hyde.Framework.Testing.Unit.PostAuthorTest" assertions="4" time="0.002048"/>
        <testcase name="testGetMethodReturnsConfigDefinedAuthorByUsername" file="/home/runner/work/develop/develop/packages/framework/tests/Unit/PostAuthorTest.php" line="102" class="Hyde\Framework\Testing\Unit\PostAuthorTest" classname="Hyde.Framework.Testing.Unit.PostAuthorTest" assertions="3" time="0.001870"/>
        <testcase name="testGetMethodReturnsNewAuthorIfUsernameNotFoundInConfig" file="/home/runner/work/develop/develop/packages/framework/tests/Unit/PostAuthorTest.php" line="114" class="Hyde\Framework\Testing\Unit\PostAuthorTest" classname="Hyde.Framework.Testing.Unit.PostAuthorTest" assertions="2" time="0.001806"/>
        <testcase name="testGetNameHelperReturnsNameIfSet" file="/home/runner/work/develop/develop/packages/framework/tests/Unit/PostAuthorTest.php" line="123" class="Hyde\Framework\Testing\Unit\PostAuthorTest" classname="Hyde.Framework.Testing.Unit.PostAuthorTest" assertions="1" time="0.001419"/>
        <testcase name="testGetNameHelperReturnsUsernameIfNameIsNotSet" file="/home/runner/work/develop/develop/packages/framework/tests/Unit/PostAuthorTest.php" line="130" class="Hyde\Framework\Testing\Unit\PostAuthorTest" classname="Hyde.Framework.Testing.Unit.PostAuthorTest" assertions="1" time="0.001445"/>
        <testcase name="testToStringHelperReturnsTheName" file="/home/runner/work/develop/develop/packages/framework/tests/Unit/PostAuthorTest.php" line="137" class="Hyde\Framework\Testing\Unit\PostAuthorTest" classname="Hyde.Framework.Testing.Unit.PostAuthorTest" assertions="1" time="0.001428"/>
      </testsuite>
      <testsuite name="Hyde\Framework\Testing\Unit\RelativeLinksAcrossPagesRetainsIntegrityTest" file="/home/runner/work/develop/develop/packages/framework/tests/Unit/RelativeLinksAcrossPagesRetainsIntegrityTest.php" tests="1" assertions="18" errors="0" failures="0" skipped="0" time="0.088241">
        <testcase name="testRelativeLinksAcrossPagesRetainsIntegrity" file="/home/runner/work/develop/develop/packages/framework/tests/Unit/RelativeLinksAcrossPagesRetainsIntegrityTest.php" line="66" class="Hyde\Framework\Testing\Unit\RelativeLinksAcrossPagesRetainsIntegrityTest" classname="Hyde.Framework.Testing.Unit.RelativeLinksAcrossPagesRetainsIntegrityTest" assertions="18" time="0.088241"/>
      </testsuite>
      <testsuite name="Hyde\Framework\Testing\Unit\RouteKeyTest" file="/home/runner/work/develop/develop/packages/framework/tests/Unit/RouteKeyTest.php" tests="12" assertions="25" errors="0" failures="0" skipped="0" time="0.019300">
        <testcase name="testMake" file="/home/runner/work/develop/develop/packages/framework/tests/Unit/RouteKeyTest.php" line="21" class="Hyde\Framework\Testing\Unit\RouteKeyTest" classname="Hyde.Framework.Testing.Unit.RouteKeyTest" assertions="1" time="0.001558"/>
        <testcase name="testConstruct" file="/home/runner/work/develop/develop/packages/framework/tests/Unit/RouteKeyTest.php" line="26" class="Hyde\Framework\Testing\Unit\RouteKeyTest" classname="Hyde.Framework.Testing.Unit.RouteKeyTest" assertions="1" time="0.001392"/>
        <testcase name="testToString" file="/home/runner/work/develop/develop/packages/framework/tests/Unit/RouteKeyTest.php" line="31" class="Hyde\Framework\Testing\Unit\RouteKeyTest" classname="Hyde.Framework.Testing.Unit.RouteKeyTest" assertions="1" time="0.001400"/>
        <testcase name="testGet" file="/home/runner/work/develop/develop/packages/framework/tests/Unit/RouteKeyTest.php" line="36" class="Hyde\Framework\Testing\Unit\RouteKeyTest" classname="Hyde.Framework.Testing.Unit.RouteKeyTest" assertions="1" time="0.001359"/>
        <testcase name="testCast" file="/home/runner/work/develop/develop/packages/framework/tests/Unit/RouteKeyTest.php" line="41" class="Hyde\Framework\Testing\Unit\RouteKeyTest" classname="Hyde.Framework.Testing.Unit.RouteKeyTest" assertions="1" time="0.001397"/>
        <testcase name="testConstructorValuesAreNormalized" file="/home/runner/work/develop/develop/packages/framework/tests/Unit/RouteKeyTest.php" line="46" class="Hyde\Framework\Testing\Unit\RouteKeyTest" classname="Hyde.Framework.Testing.Unit.RouteKeyTest" assertions="3" time="0.001726"/>
        <testcase name="testStaticConstructorValuesAreNormalized" file="/home/runner/work/develop/develop/packages/framework/tests/Unit/RouteKeyTest.php" line="53" class="Hyde\Framework\Testing\Unit\RouteKeyTest" classname="Hyde.Framework.Testing.Unit.RouteKeyTest" assertions="3" time="0.001714"/>
        <testcase name="testFromPage" file="/home/runner/work/develop/develop/packages/framework/tests/Unit/RouteKeyTest.php" line="60" class="Hyde\Framework\Testing\Unit\RouteKeyTest" classname="Hyde.Framework.Testing.Unit.RouteKeyTest" assertions="5" time="0.001999"/>
        <testcase name="testFromPageWithNestedIdentifier" file="/home/runner/work/develop/develop/packages/framework/tests/Unit/RouteKeyTest.php" line="69" class="Hyde\Framework\Testing\Unit\RouteKeyTest" classname="Hyde.Framework.Testing.Unit.RouteKeyTest" assertions="5" time="0.002027"/>
        <testcase name="testFromPageWithInMemoryPage" file="/home/runner/work/develop/develop/packages/framework/tests/Unit/RouteKeyTest.php" line="78" class="Hyde\Framework\Testing\Unit\RouteKeyTest" classname="Hyde.Framework.Testing.Unit.RouteKeyTest" assertions="2" time="0.001644"/>
        <testcase name="testFromPageWithCustomOutputDirectory" file="/home/runner/work/develop/develop/packages/framework/tests/Unit/RouteKeyTest.php" line="84" class="Hyde\Framework\Testing\Unit\RouteKeyTest" classname="Hyde.Framework.Testing.Unit.RouteKeyTest" assertions="1" time="0.001530"/>
        <testcase name="testFromPageWithCustomNestedOutputDirectory" file="/home/runner/work/develop/develop/packages/framework/tests/Unit/RouteKeyTest.php" line="90" class="Hyde\Framework\Testing\Unit\RouteKeyTest" classname="Hyde.Framework.Testing.Unit.RouteKeyTest" assertions="1" time="0.001555"/>
      </testsuite>
      <testsuite name="Hyde\Framework\Testing\Unit\RouteNotFoundExceptionTest" file="/home/runner/work/develop/develop/packages/framework/tests/Unit/RouteNotFoundExceptionTest.php" tests="2" assertions="4" errors="0" failures="0" skipped="0" time="0.003110">
        <testcase name="testItCanBeInstantiated" file="/home/runner/work/develop/develop/packages/framework/tests/Unit/RouteNotFoundExceptionTest.php" line="15" class="Hyde\Framework\Testing\Unit\RouteNotFoundExceptionTest" classname="Hyde.Framework.Testing.Unit.RouteNotFoundExceptionTest" assertions="1" time="0.001471"/>
        <testcase name="testItThrowsAnExceptionWhenPageTypeIsNotSupported" file="/home/runner/work/develop/develop/packages/framework/tests/Unit/RouteNotFoundExceptionTest.php" line="22" class="Hyde\Framework\Testing\Unit\RouteNotFoundExceptionTest" classname="Hyde.Framework.Testing.Unit.RouteNotFoundExceptionTest" assertions="3" time="0.001639"/>
      </testsuite>
      <testsuite name="Hyde\Framework\Testing\Unit\RouteTest" file="/home/runner/work/develop/develop/packages/framework/tests/Unit/RouteTest.php" tests="18" assertions="23" errors="0" failures="0" skipped="0" time="0.053870">
        <testcase name="testConstructorCreatesRouteFromPageModel" file="/home/runner/work/develop/develop/packages/framework/tests/Unit/RouteTest.php" line="27" class="Hyde\Framework\Testing\Unit\RouteTest" classname="Hyde.Framework.Testing.Unit.RouteTest" assertions="1" time="0.002615"/>
        <testcase name="testGetPageTypeReturnsFullyQualifiedClassName" file="/home/runner/work/develop/develop/packages/framework/tests/Unit/RouteTest.php" line="32" class="Hyde\Framework\Testing\Unit\RouteTest" classname="Hyde.Framework.Testing.Unit.RouteTest" assertions="1" time="0.002535"/>
        <testcase name="testGetSourceModelReturnsPageModel" file="/home/runner/work/develop/develop/packages/framework/tests/Unit/RouteTest.php" line="37" class="Hyde\Framework\Testing\Unit\RouteTest" classname="Hyde.Framework.Testing.Unit.RouteTest" assertions="2" time="0.002594"/>
        <testcase name="testGetRouteKeyReturnsPagePath" file="/home/runner/work/develop/develop/packages/framework/tests/Unit/RouteTest.php" line="46" class="Hyde\Framework\Testing\Unit\RouteTest" classname="Hyde.Framework.Testing.Unit.RouteTest" assertions="1" time="0.002520"/>
        <testcase name="testGetSourceFilePathReturnsPageSourcePath" file="/home/runner/work/develop/develop/packages/framework/tests/Unit/RouteTest.php" line="52" class="Hyde\Framework\Testing\Unit\RouteTest" classname="Hyde.Framework.Testing.Unit.RouteTest" assertions="1" time="0.002559"/>
        <testcase name="testGetOutputFilePathReturnsPageOutputPath" file="/home/runner/work/develop/develop/packages/framework/tests/Unit/RouteTest.php" line="58" class="Hyde\Framework\Testing\Unit\RouteTest" classname="Hyde.Framework.Testing.Unit.RouteTest" assertions="1" time="0.002556"/>
        <testcase name="testGetLinkReturnsCorrectPathForRootPages" file="/home/runner/work/develop/develop/packages/framework/tests/Unit/RouteTest.php" line="64" class="Hyde\Framework\Testing\Unit\RouteTest" classname="Hyde.Framework.Testing.Unit.RouteTest" assertions="2" time="0.003073"/>
        <testcase name="testGetLinkReturnsCorrectPathForNestedPages" file="/home/runner/work/develop/develop/packages/framework/tests/Unit/RouteTest.php" line="72" class="Hyde\Framework\Testing\Unit\RouteTest" classname="Hyde.Framework.Testing.Unit.RouteTest" assertions="2" time="0.003089"/>
        <testcase name="testGetLinkReturnsCorrectPathForNestedCurrentPage" file="/home/runner/work/develop/develop/packages/framework/tests/Unit/RouteTest.php" line="80" class="Hyde\Framework\Testing\Unit\RouteTest" classname="Hyde.Framework.Testing.Unit.RouteTest" assertions="2" time="0.003460"/>
        <testcase name="testGetLinkReturnsPrettyUrlIfEnabled" file="/home/runner/work/develop/develop/packages/framework/tests/Unit/RouteTest.php" line="89" class="Hyde\Framework\Testing\Unit\RouteTest" classname="Hyde.Framework.Testing.Unit.RouteTest" assertions="2" time="0.003112"/>
        <testcase name="testToStringIsAliasForGetLink" file="/home/runner/work/develop/develop/packages/framework/tests/Unit/RouteTest.php" line="98" class="Hyde\Framework\Testing\Unit\RouteTest" classname="Hyde.Framework.Testing.Unit.RouteTest" assertions="1" time="0.003552"/>
        <testcase name="testIsWithRouteReturnsTrueWhenTrue" file="/home/runner/work/develop/develop/packages/framework/tests/Unit/RouteTest.php" line="104" class="Hyde\Framework\Testing\Unit\RouteTest" classname="Hyde.Framework.Testing.Unit.RouteTest" assertions="1" time="0.002733"/>
        <testcase name="testIsWithRouteReturnsFalseWhenFalse" file="/home/runner/work/develop/develop/packages/framework/tests/Unit/RouteTest.php" line="110" class="Hyde\Framework\Testing\Unit\RouteTest" classname="Hyde.Framework.Testing.Unit.RouteTest" assertions="1" time="0.003059"/>
        <testcase name="testIsWithRouteKeyReturnsTrueWhenTrue" file="/home/runner/work/develop/develop/packages/framework/tests/Unit/RouteTest.php" line="117" class="Hyde\Framework\Testing\Unit\RouteTest" classname="Hyde.Framework.Testing.Unit.RouteTest" assertions="1" time="0.002714"/>
        <testcase name="testIsWithRouteKeyReturnsFalseWhenFalse" file="/home/runner/work/develop/develop/packages/framework/tests/Unit/RouteTest.php" line="123" class="Hyde\Framework\Testing\Unit\RouteTest" classname="Hyde.Framework.Testing.Unit.RouteTest" assertions="1" time="0.002717"/>
        <testcase name="testIsWithRouteKeyObjectReturnsTrueWhenTrue" file="/home/runner/work/develop/develop/packages/framework/tests/Unit/RouteTest.php" line="129" class="Hyde\Framework\Testing\Unit\RouteTest" classname="Hyde.Framework.Testing.Unit.RouteTest" assertions="1" time="0.002728"/>
        <testcase name="testIsWithRouteKeyObjectReturnsTrueWhenFalse" file="/home/runner/work/develop/develop/packages/framework/tests/Unit/RouteTest.php" line="135" class="Hyde\Framework\Testing\Unit\RouteTest" classname="Hyde.Framework.Testing.Unit.RouteTest" assertions="1" time="0.002751"/>
        <testcase name="testToArrayMethod" file="/home/runner/work/develop/develop/packages/framework/tests/Unit/RouteTest.php" line="141" class="Hyde\Framework\Testing\Unit\RouteTest" classname="Hyde.Framework.Testing.Unit.RouteTest" assertions="1" time="0.005502"/>
      </testsuite>
      <testsuite name="Hyde\Framework\Testing\Unit\SchemaContractsTest" file="/home/runner/work/develop/develop/packages/framework/tests/Unit/SchemaContractsTest.php" tests="5" assertions="30" errors="0" failures="0" skipped="0" time="0.009815">
        <testcase name="testSchemasAreNotAccidentallyChanged" file="/home/runner/work/develop/develop/packages/framework/tests/Unit/SchemaContractsTest.php" line="34" class="Hyde\Framework\Testing\Unit\SchemaContractsTest" classname="Hyde.Framework.Testing.Unit.SchemaContractsTest" assertions="5" time="0.002269"/>
        <testcase name="testAllSchemasAreTested" file="/home/runner/work/develop/develop/packages/framework/tests/Unit/SchemaContractsTest.php" line="76" class="Hyde\Framework\Testing\Unit\SchemaContractsTest" classname="Hyde.Framework.Testing.Unit.SchemaContractsTest" assertions="3" time="0.001759"/>
        <testcase name="testAllSchemasExtendFrontMatterSchemaInterface" file="/home/runner/work/develop/develop/packages/framework/tests/Unit/SchemaContractsTest.php" line="102" class="Hyde\Framework\Testing\Unit\SchemaContractsTest" classname="Hyde.Framework.Testing.Unit.SchemaContractsTest" assertions="5" time="0.001575"/>
        <testcase name="testAllSchemasHaveConstantMatchingTheirInterfaceName" file="/home/runner/work/develop/develop/packages/framework/tests/Unit/SchemaContractsTest.php" line="109" class="Hyde\Framework\Testing\Unit\SchemaContractsTest" classname="Hyde.Framework.Testing.Unit.SchemaContractsTest" assertions="5" time="0.001675"/>
        <testcase name="testEachInterfaceOnlyHasOneSchema" file="/home/runner/work/develop/develop/packages/framework/tests/Unit/SchemaContractsTest.php" line="116" class="Hyde\Framework\Testing\Unit\SchemaContractsTest" classname="Hyde.Framework.Testing.Unit.SchemaContractsTest" assertions="12" time="0.002535"/>
      </testsuite>
      <testsuite name="Hyde\Framework\Testing\Unit\SerializableContractTest" file="/home/runner/work/develop/develop/packages/framework/tests/Unit/SerializableContractTest.php" tests="4" assertions="4" errors="0" failures="0" skipped="0" time="0.005124">
        <testcase name="testInterface" file="/home/runner/work/develop/develop/packages/framework/tests/Unit/SerializableContractTest.php" line="18" class="Hyde\Framework\Testing\Unit\SerializableContractTest" classname="Hyde.Framework.Testing.Unit.SerializableContractTest" assertions="1" time="0.001333"/>
        <testcase name="testInterfaceExtendsJsonSerializable" file="/home/runner/work/develop/develop/packages/framework/tests/Unit/SerializableContractTest.php" line="23" class="Hyde\Framework\Testing\Unit\SerializableContractTest" classname="Hyde.Framework.Testing.Unit.SerializableContractTest" assertions="1" time="0.001251"/>
        <testcase name="testInterfaceExtendsArrayable" file="/home/runner/work/develop/develop/packages/framework/tests/Unit/SerializableContractTest.php" line="28" class="Hyde\Framework\Testing\Unit\SerializableContractTest" classname="Hyde.Framework.Testing.Unit.SerializableContractTest" assertions="1" time="0.001316"/>
        <testcase name="testInterfaceExtendsJsonable" file="/home/runner/work/develop/develop/packages/framework/tests/Unit/SerializableContractTest.php" line="33" class="Hyde\Framework\Testing\Unit\SerializableContractTest" classname="Hyde.Framework.Testing.Unit.SerializableContractTest" assertions="1" time="0.001224"/>
      </testsuite>
      <testsuite name="Hyde\Framework\Testing\Unit\SerializableTest" file="/home/runner/work/develop/develop/packages/framework/tests/Unit/SerializableTest.php" tests="8" assertions="8" errors="0" failures="0" skipped="0" time="0.012135">
        <testcase name="testToArray" file="/home/runner/work/develop/develop/packages/framework/tests/Unit/SerializableTest.php" line="17" class="Hyde\Framework\Testing\Unit\SerializableTest" classname="Hyde.Framework.Testing.Unit.SerializableTest" assertions="1" time="0.001473"/>
        <testcase name="testJsonSerialize" file="/home/runner/work/develop/develop/packages/framework/tests/Unit/SerializableTest.php" line="22" class="Hyde\Framework\Testing\Unit\SerializableTest" classname="Hyde.Framework.Testing.Unit.SerializableTest" assertions="1" time="0.001536"/>
        <testcase name="testToJson" file="/home/runner/work/develop/develop/packages/framework/tests/Unit/SerializableTest.php" line="27" class="Hyde\Framework\Testing\Unit\SerializableTest" classname="Hyde.Framework.Testing.Unit.SerializableTest" assertions="1" time="0.001461"/>
        <testcase name="testJsonEncode" file="/home/runner/work/develop/develop/packages/framework/tests/Unit/SerializableTest.php" line="32" class="Hyde\Framework\Testing\Unit\SerializableTest" classname="Hyde.Framework.Testing.Unit.SerializableTest" assertions="1" time="0.001462"/>
        <testcase name="testSerialize" file="/home/runner/work/develop/develop/packages/framework/tests/Unit/SerializableTest.php" line="37" class="Hyde\Framework\Testing\Unit\SerializableTest" classname="Hyde.Framework.Testing.Unit.SerializableTest" assertions="1" time="0.001519"/>
        <testcase name="testSerializeWithArrayable" file="/home/runner/work/develop/develop/packages/framework/tests/Unit/SerializableTest.php" line="42" class="Hyde\Framework\Testing\Unit\SerializableTest" classname="Hyde.Framework.Testing.Unit.SerializableTest" assertions="1" time="0.001565"/>
        <testcase name="testJsonSerializeWithArrayable" file="/home/runner/work/develop/develop/packages/framework/tests/Unit/SerializableTest.php" line="47" class="Hyde\Framework\Testing\Unit\SerializableTest" classname="Hyde.Framework.Testing.Unit.SerializableTest" assertions="1" time="0.001596"/>
        <testcase name="testToJsonWithArrayable" file="/home/runner/work/develop/develop/packages/framework/tests/Unit/SerializableTest.php" line="52" class="Hyde\Framework\Testing\Unit\SerializableTest" classname="Hyde.Framework.Testing.Unit.SerializableTest" assertions="1" time="0.001523"/>
      </testsuite>
      <testsuite name="Hyde\Framework\Testing\Unit\ServeCommandOptionsUnitTest" file="/home/runner/work/develop/develop/packages/framework/tests/Unit/ServeCommandOptionsUnitTest.php" tests="22" assertions="41" errors="0" failures="0" skipped="0" time="0.054000">
        <testcase name="testGetHostSelection" file="/home/runner/work/develop/develop/packages/framework/tests/Unit/ServeCommandOptionsUnitTest.php" line="31" class="Hyde\Framework\Testing\Unit\ServeCommandOptionsUnitTest" classname="Hyde.Framework.Testing.Unit.ServeCommandOptionsUnitTest" assertions="1" time="0.002081"/>
        <testcase name="testGetHostSelectionWithHostOption" file="/home/runner/work/develop/develop/packages/framework/tests/Unit/ServeCommandOptionsUnitTest.php" line="36" class="Hyde\Framework\Testing\Unit\ServeCommandOptionsUnitTest" classname="Hyde.Framework.Testing.Unit.ServeCommandOptionsUnitTest" assertions="1" time="0.001771"/>
        <testcase name="testGetHostSelectionWithConfigOption" file="/home/runner/work/develop/develop/packages/framework/tests/Unit/ServeCommandOptionsUnitTest.php" line="41" class="Hyde\Framework\Testing\Unit\ServeCommandOptionsUnitTest" classname="Hyde.Framework.Testing.Unit.ServeCommandOptionsUnitTest" assertions="1" time="0.001880"/>
        <testcase name="testGetHostSelectionWithHostOptionAndConfigOption" file="/home/runner/work/develop/develop/packages/framework/tests/Unit/ServeCommandOptionsUnitTest.php" line="47" class="Hyde\Framework\Testing\Unit\ServeCommandOptionsUnitTest" classname="Hyde.Framework.Testing.Unit.ServeCommandOptionsUnitTest" assertions="1" time="0.001856"/>
        <testcase name="testGetPortSelection" file="/home/runner/work/develop/develop/packages/framework/tests/Unit/ServeCommandOptionsUnitTest.php" line="53" class="Hyde\Framework\Testing\Unit\ServeCommandOptionsUnitTest" classname="Hyde.Framework.Testing.Unit.ServeCommandOptionsUnitTest" assertions="1" time="0.001867"/>
        <testcase name="testGetPortSelectionWithPortOption" file="/home/runner/work/develop/develop/packages/framework/tests/Unit/ServeCommandOptionsUnitTest.php" line="58" class="Hyde\Framework\Testing\Unit\ServeCommandOptionsUnitTest" classname="Hyde.Framework.Testing.Unit.ServeCommandOptionsUnitTest" assertions="1" time="0.001793"/>
        <testcase name="testGetPortSelectionWithConfigOption" file="/home/runner/work/develop/develop/packages/framework/tests/Unit/ServeCommandOptionsUnitTest.php" line="63" class="Hyde\Framework\Testing\Unit\ServeCommandOptionsUnitTest" classname="Hyde.Framework.Testing.Unit.ServeCommandOptionsUnitTest" assertions="1" time="0.001909"/>
        <testcase name="testGetPortSelectionWithPortOptionAndConfigOption" file="/home/runner/work/develop/develop/packages/framework/tests/Unit/ServeCommandOptionsUnitTest.php" line="69" class="Hyde\Framework\Testing\Unit\ServeCommandOptionsUnitTest" classname="Hyde.Framework.Testing.Unit.ServeCommandOptionsUnitTest" assertions="1" time="0.001871"/>
        <testcase name="testGetEnvironmentVariables" file="/home/runner/work/develop/develop/packages/framework/tests/Unit/ServeCommandOptionsUnitTest.php" line="75" class="Hyde\Framework\Testing\Unit\ServeCommandOptionsUnitTest" classname="Hyde.Framework.Testing.Unit.ServeCommandOptionsUnitTest" assertions="1" time="0.001866"/>
        <testcase name="testGetEnvironmentVariablesWithNoAnsiOption" file="/home/runner/work/develop/develop/packages/framework/tests/Unit/ServeCommandOptionsUnitTest.php" line="82" class="Hyde\Framework\Testing\Unit\ServeCommandOptionsUnitTest" classname="Hyde.Framework.Testing.Unit.ServeCommandOptionsUnitTest" assertions="1" time="0.001908"/>
        <testcase name="testSavePreviewOptionPropagatesToEnvironmentVariables" file="/home/runner/work/develop/develop/packages/framework/tests/Unit/ServeCommandOptionsUnitTest.php" line="89" class="Hyde\Framework\Testing\Unit\ServeCommandOptionsUnitTest" classname="Hyde.Framework.Testing.Unit.ServeCommandOptionsUnitTest" assertions="5" time="0.003092"/>
        <testcase name="testDashboardOptionPropagatesToEnvironmentVariables" file="/home/runner/work/develop/develop/packages/framework/tests/Unit/ServeCommandOptionsUnitTest.php" line="107" class="Hyde\Framework\Testing\Unit\ServeCommandOptionsUnitTest" classname="Hyde.Framework.Testing.Unit.ServeCommandOptionsUnitTest" assertions="5" time="0.003088"/>
        <testcase name="testPrettyUrlsOptionPropagatesToEnvironmentVariables" file="/home/runner/work/develop/develop/packages/framework/tests/Unit/ServeCommandOptionsUnitTest.php" line="125" class="Hyde\Framework\Testing\Unit\ServeCommandOptionsUnitTest" classname="Hyde.Framework.Testing.Unit.ServeCommandOptionsUnitTest" assertions="5" time="0.003085"/>
        <testcase name="testPlayCdnOptionPropagatesToEnvironmentVariables" file="/home/runner/work/develop/develop/packages/framework/tests/Unit/ServeCommandOptionsUnitTest.php" line="143" class="Hyde\Framework\Testing\Unit\ServeCommandOptionsUnitTest" classname="Hyde.Framework.Testing.Unit.ServeCommandOptionsUnitTest" assertions="5" time="0.003090"/>
        <testcase name="testParseEnvironmentOption" file="/home/runner/work/develop/develop/packages/framework/tests/Unit/ServeCommandOptionsUnitTest.php" line="161" class="Hyde\Framework\Testing\Unit\ServeCommandOptionsUnitTest" classname="Hyde.Framework.Testing.Unit.ServeCommandOptionsUnitTest" assertions="2" time="0.002081"/>
        <testcase name="testParseEnvironmentOptionWithEmptyString" file="/home/runner/work/develop/develop/packages/framework/tests/Unit/ServeCommandOptionsUnitTest.php" line="170" class="Hyde\Framework\Testing\Unit\ServeCommandOptionsUnitTest" classname="Hyde.Framework.Testing.Unit.ServeCommandOptionsUnitTest" assertions="1" time="0.001828"/>
        <testcase name="testParseEnvironmentOptionWithNull" file="/home/runner/work/develop/develop/packages/framework/tests/Unit/ServeCommandOptionsUnitTest.php" line="176" class="Hyde\Framework\Testing\Unit\ServeCommandOptionsUnitTest" classname="Hyde.Framework.Testing.Unit.ServeCommandOptionsUnitTest" assertions="1" time="0.001825"/>
        <testcase name="testParseEnvironmentOptionWithInvalidValue" file="/home/runner/work/develop/develop/packages/framework/tests/Unit/ServeCommandOptionsUnitTest.php" line="182" class="Hyde\Framework\Testing\Unit\ServeCommandOptionsUnitTest" classname="Hyde.Framework.Testing.Unit.ServeCommandOptionsUnitTest" assertions="2" time="0.001949"/>
        <testcase name="testCheckArgvForOption" file="/home/runner/work/develop/develop/packages/framework/tests/Unit/ServeCommandOptionsUnitTest.php" line="191" class="Hyde\Framework\Testing\Unit\ServeCommandOptionsUnitTest" classname="Hyde.Framework.Testing.Unit.ServeCommandOptionsUnitTest" assertions="2" time="0.001863"/>
        <testcase name="testWithOpenArgument" file="/home/runner/work/develop/develop/packages/framework/tests/Unit/ServeCommandOptionsUnitTest.php" line="205" class="Hyde\Framework\Testing\Unit\ServeCommandOptionsUnitTest" classname="Hyde.Framework.Testing.Unit.ServeCommandOptionsUnitTest" assertions="1" time="0.002214"/>
        <testcase name="testOpenInBrowser" file="/home/runner/work/develop/develop/packages/framework/tests/Unit/ServeCommandOptionsUnitTest.php" line="236" class="Hyde\Framework\Testing\Unit\ServeCommandOptionsUnitTest" classname="Hyde.Framework.Testing.Unit.ServeCommandOptionsUnitTest" assertions="1" time="0.006978"/>
        <testcase name="testOpenInBrowserThatFails" file="/home/runner/work/develop/develop/packages/framework/tests/Unit/ServeCommandOptionsUnitTest.php" line="257" class="Hyde\Framework\Testing\Unit\ServeCommandOptionsUnitTest" classname="Hyde.Framework.Testing.Unit.ServeCommandOptionsUnitTest" assertions="1" time="0.004102"/>
      </testsuite>
      <testsuite name="Hyde\Framework\Testing\Unit\SourceFilesInCustomDirectoriesCanBeCompiledTest" file="/home/runner/work/develop/develop/packages/framework/tests/Unit/SourceFilesInCustomDirectoriesCanBeCompiledTest.php" tests="4" assertions="4" errors="0" failures="0" skipped="0" time="0.067957">
        <testcase name="testMarkdownPostsInChangedDirectoryCanBeCompiled" file="/home/runner/work/develop/develop/packages/framework/tests/Unit/SourceFilesInCustomDirectoriesCanBeCompiledTest.php" line="37" class="Hyde\Framework\Testing\Unit\SourceFilesInCustomDirectoriesCanBeCompiledTest" classname="Hyde.Framework.Testing.Unit.SourceFilesInCustomDirectoriesCanBeCompiledTest" assertions="1" time="0.020272"/>
        <testcase name="testMarkdownPagesInChangedDirectoryCanBeCompiled" file="/home/runner/work/develop/develop/packages/framework/tests/Unit/SourceFilesInCustomDirectoriesCanBeCompiledTest.php" line="50" class="Hyde\Framework\Testing\Unit\SourceFilesInCustomDirectoriesCanBeCompiledTest" classname="Hyde.Framework.Testing.Unit.SourceFilesInCustomDirectoriesCanBeCompiledTest" assertions="1" time="0.017659"/>
        <testcase name="testDocumentationPagesInChangedDirectoryCanBeCompiled" file="/home/runner/work/develop/develop/packages/framework/tests/Unit/SourceFilesInCustomDirectoriesCanBeCompiledTest.php" line="63" class="Hyde\Framework\Testing\Unit\SourceFilesInCustomDirectoriesCanBeCompiledTest" classname="Hyde.Framework.Testing.Unit.SourceFilesInCustomDirectoriesCanBeCompiledTest" assertions="1" time="0.021958"/>
        <testcase name="testBladePagesInChangedDirectoryCanBeCompiled" file="/home/runner/work/develop/develop/packages/framework/tests/Unit/SourceFilesInCustomDirectoriesCanBeCompiledTest.php" line="76" class="Hyde\Framework\Testing\Unit\SourceFilesInCustomDirectoriesCanBeCompiledTest" classname="Hyde.Framework.Testing.Unit.SourceFilesInCustomDirectoriesCanBeCompiledTest" assertions="1" time="0.008068"/>
      </testsuite>
      <testsuite name="Hyde\Framework\Testing\Unit\TestBuildStaticSiteCommandFlagToEnablePrettyUrlsTest" file="/home/runner/work/develop/develop/packages/framework/tests/Unit/TestBuildStaticSiteCommandFlagToEnablePrettyUrlsTest.php" tests="2" assertions="4" errors="0" failures="0" skipped="0" time="0.024457">
        <testcase name="testPrettyUrlsCanBeEnabledWithFlag" file="/home/runner/work/develop/develop/packages/framework/tests/Unit/TestBuildStaticSiteCommandFlagToEnablePrettyUrlsTest.php" line="16" class="Hyde\Framework\Testing\Unit\TestBuildStaticSiteCommandFlagToEnablePrettyUrlsTest" classname="Hyde.Framework.Testing.Unit.TestBuildStaticSiteCommandFlagToEnablePrettyUrlsTest" assertions="3" time="0.021595"/>
        <testcase name="testConfigChangeIsNotPersisted" file="/home/runner/work/develop/develop/packages/framework/tests/Unit/TestBuildStaticSiteCommandFlagToEnablePrettyUrlsTest.php" line="29" class="Hyde\Framework\Testing\Unit\TestBuildStaticSiteCommandFlagToEnablePrettyUrlsTest" classname="Hyde.Framework.Testing.Unit.TestBuildStaticSiteCommandFlagToEnablePrettyUrlsTest" assertions="1" time="0.002862"/>
      </testsuite>
      <testsuite name="Hyde\Framework\Testing\Unit\TracksExecutionTimeTest" file="/home/runner/work/develop/develop/packages/framework/tests/Unit/TracksExecutionTimeTest.php" tests="4" assertions="10" errors="0" failures="0" skipped="0" time="0.006530">
        <testcase name="testStartClock" file="/home/runner/work/develop/develop/packages/framework/tests/Unit/TracksExecutionTimeTest.php" line="15" class="Hyde\Framework\Testing\Unit\TracksExecutionTimeTest" classname="Hyde.Framework.Testing.Unit.TracksExecutionTimeTest" assertions="4" time="0.001899"/>
        <testcase name="testStopClock" file="/home/runner/work/develop/develop/packages/framework/tests/Unit/TracksExecutionTimeTest.php" line="28" class="Hyde\Framework\Testing\Unit\TracksExecutionTimeTest" classname="Hyde.Framework.Testing.Unit.TracksExecutionTimeTest" assertions="2" time="0.001554"/>
        <testcase name="testGetExecutionTimeInMs" file="/home/runner/work/develop/develop/packages/framework/tests/Unit/TracksExecutionTimeTest.php" line="37" class="Hyde\Framework\Testing\Unit\TracksExecutionTimeTest" classname="Hyde.Framework.Testing.Unit.TracksExecutionTimeTest" assertions="2" time="0.001525"/>
        <testcase name="testGetExecutionTimeString" file="/home/runner/work/develop/develop/packages/framework/tests/Unit/TracksExecutionTimeTest.php" line="45" class="Hyde\Framework\Testing\Unit\TracksExecutionTimeTest" classname="Hyde.Framework.Testing.Unit.TracksExecutionTimeTest" assertions="2" time="0.001552"/>
      </testsuite>
      <testsuite name="Hyde\Framework\Testing\Unit\UnixsumTest" file="/home/runner/work/develop/develop/packages/framework/tests/Unit/UnixsumTest.php" tests="10" assertions="13" errors="0" failures="0" skipped="0" time="0.014750">
        <testcase name="testMethodReturnsString" file="/home/runner/work/develop/develop/packages/framework/tests/Unit/UnixsumTest.php" line="17" class="Hyde\Framework\Testing\Unit\UnixsumTest" classname="Hyde.Framework.Testing.Unit.UnixsumTest" assertions="1" time="0.001460"/>
        <testcase name="testMethodReturnsStringWithLengthOf32" file="/home/runner/work/develop/develop/packages/framework/tests/Unit/UnixsumTest.php" line="22" class="Hyde\Framework\Testing\Unit\UnixsumTest" classname="Hyde.Framework.Testing.Unit.UnixsumTest" assertions="1" time="0.001364"/>
        <testcase name="testMethodReturnsStringMatchingExpectedFormat" file="/home/runner/work/develop/develop/packages/framework/tests/Unit/UnixsumTest.php" line="27" class="Hyde\Framework\Testing\Unit\UnixsumTest" classname="Hyde.Framework.Testing.Unit.UnixsumTest" assertions="1" time="0.001392"/>
        <testcase name="testMethodReturnsSameValueForSameStringUsingNormalMethod" file="/home/runner/work/develop/develop/packages/framework/tests/Unit/UnixsumTest.php" line="32" class="Hyde\Framework\Testing\Unit\UnixsumTest" classname="Hyde.Framework.Testing.Unit.UnixsumTest" assertions="1" time="0.001345"/>
        <testcase name="testMethodReturnsDifferentValueForDifferentString" file="/home/runner/work/develop/develop/packages/framework/tests/Unit/UnixsumTest.php" line="37" class="Hyde\Framework\Testing\Unit\UnixsumTest" classname="Hyde.Framework.Testing.Unit.UnixsumTest" assertions="1" time="0.001411"/>
        <testcase name="testFunctionIsCaseSensitive" file="/home/runner/work/develop/develop/packages/framework/tests/Unit/UnixsumTest.php" line="42" class="Hyde\Framework\Testing\Unit\UnixsumTest" classname="Hyde.Framework.Testing.Unit.UnixsumTest" assertions="1" time="0.001359"/>
        <testcase name="testFunctionIsSpaceSensitive" file="/home/runner/work/develop/develop/packages/framework/tests/Unit/UnixsumTest.php" line="47" class="Hyde\Framework\Testing\Unit\UnixsumTest" classname="Hyde.Framework.Testing.Unit.UnixsumTest" assertions="1" time="0.001343"/>
        <testcase name="testMethodReturnsSameValueRegardlessOfEndOfLineSequence" file="/home/runner/work/develop/develop/packages/framework/tests/Unit/UnixsumTest.php" line="52" class="Hyde\Framework\Testing\Unit\UnixsumTest" classname="Hyde.Framework.Testing.Unit.UnixsumTest" assertions="4" time="0.001607"/>
        <testcase name="testMethodReturnsSameValueForStringWithMixedEndOfLineSequences" file="/home/runner/work/develop/develop/packages/framework/tests/Unit/UnixsumTest.php" line="60" class="Hyde\Framework\Testing\Unit\UnixsumTest" classname="Hyde.Framework.Testing.Unit.UnixsumTest" assertions="1" time="0.001342"/>
        <testcase name="testMethodReturnsSameValueWhenLoadedFromFileUsingShorthand" file="/home/runner/work/develop/develop/packages/framework/tests/Unit/UnixsumTest.php" line="66" class="Hyde\Framework\Testing\Unit\UnixsumTest" classname="Hyde.Framework.Testing.Unit.UnixsumTest" assertions="1" time="0.002128"/>
      </testsuite>
      <testsuite name="Hyde\Framework\Testing\Unit\UnsupportedPageTypeExceptionTest" file="/home/runner/work/develop/develop/packages/framework/tests/Unit/UnsupportedPageTypeExceptionTest.php" tests="2" assertions="3" errors="0" failures="0" skipped="0" time="0.003298">
        <testcase name="testItCanBeInstantiated" file="/home/runner/work/develop/develop/packages/framework/tests/Unit/UnsupportedPageTypeExceptionTest.php" line="15" class="Hyde\Framework\Testing\Unit\UnsupportedPageTypeExceptionTest" classname="Hyde.Framework.Testing.Unit.UnsupportedPageTypeExceptionTest" assertions="1" time="0.001521"/>
        <testcase name="testItThrowsAnExceptionWhenPageTypeIsNotSupported" file="/home/runner/work/develop/develop/packages/framework/tests/Unit/UnsupportedPageTypeExceptionTest.php" line="22" class="Hyde\Framework\Testing\Unit\UnsupportedPageTypeExceptionTest" classname="Hyde.Framework.Testing.Unit.UnsupportedPageTypeExceptionTest" assertions="2" time="0.001777"/>
      </testsuite>
      <testsuite name="Hyde\Framework\Testing\Unit\ValidatesExistenceTest" file="/home/runner/work/develop/develop/packages/framework/tests/Unit/ValidatesExistenceTest.php" tests="2" assertions="2" errors="0" failures="0" skipped="0" time="0.006827">
        <testcase name="testValidateExistenceDoesNothingIfFileExists" file="/home/runner/work/develop/develop/packages/framework/tests/Unit/ValidatesExistenceTest.php" line="18" class="Hyde\Framework\Testing\Unit\ValidatesExistenceTest" classname="Hyde.Framework.Testing.Unit.ValidatesExistenceTest" assertions="1" time="0.003412"/>
        <testcase name="testValidateExistenceThrowsFileNotFoundExceptionIfFileDoesNotExist" file="/home/runner/work/develop/develop/packages/framework/tests/Unit/ValidatesExistenceTest.php" line="27" class="Hyde\Framework\Testing\Unit\ValidatesExistenceTest" classname="Hyde.Framework.Testing.Unit.ValidatesExistenceTest" assertions="1" time="0.003415"/>
      </testsuite>
      <testsuite name="Hyde\Framework\Testing\Unit\Views\ArticleExcerptViewTest" file="/home/runner/work/develop/develop/packages/framework/tests/Unit/Views/ArticleExcerptViewTest.php" tests="5" assertions="10" errors="0" failures="0" skipped="0" time="0.053788">
        <testcase name="testComponentCanBeRendered" file="/home/runner/work/develop/develop/packages/framework/tests/Unit/Views/ArticleExcerptViewTest.php" line="24" class="Hyde\Framework\Testing\Unit\Views\ArticleExcerptViewTest" classname="Hyde.Framework.Testing.Unit.Views.ArticleExcerptViewTest" assertions="1" time="0.011404"/>
        <testcase name="testComponentRendersPostData" file="/home/runner/work/develop/develop/packages/framework/tests/Unit/Views/ArticleExcerptViewTest.php" line="30" class="Hyde\Framework\Testing\Unit\Views\ArticleExcerptViewTest" classname="Hyde.Framework.Testing.Unit.Views.ArticleExcerptViewTest" assertions="5" time="0.010859"/>
        <testcase name="testComponentRendersPostWithAuthorObject" file="/home/runner/work/develop/develop/packages/framework/tests/Unit/Views/ArticleExcerptViewTest.php" line="46" class="Hyde\Framework\Testing\Unit\Views\ArticleExcerptViewTest" classname="Hyde.Framework.Testing.Unit.Views.ArticleExcerptViewTest" assertions="1" time="0.010361"/>
        <testcase name="testThereIsNoCommaAfterDateStringWhenThereIsNoAuthor" file="/home/runner/work/develop/develop/packages/framework/tests/Unit/Views/ArticleExcerptViewTest.php" line="58" class="Hyde\Framework\Testing\Unit\Views\ArticleExcerptViewTest" classname="Hyde.Framework.Testing.Unit.Views.ArticleExcerptViewTest" assertions="2" time="0.010570"/>
        <testcase name="testThereIsACommaAfterDateStringWhenThereIsAAuthor" file="/home/runner/work/develop/develop/packages/framework/tests/Unit/Views/ArticleExcerptViewTest.php" line="68" class="Hyde\Framework\Testing\Unit\Views\ArticleExcerptViewTest" classname="Hyde.Framework.Testing.Unit.Views.ArticleExcerptViewTest" assertions="1" time="0.010595"/>
      </testsuite>
      <testsuite name="Hyde\Framework\Testing\Unit\Views\Components\LinkComponentTest" file="/home/runner/work/develop/develop/packages/framework/tests/Unit/Views/Components/LinkComponentTest.php" tests="3" assertions="3" errors="0" failures="0" skipped="0" time="0.044236">
        <testcase name="testLinkComponentCanBeRendered" file="/home/runner/work/develop/develop/packages/framework/tests/Unit/Views/Components/LinkComponentTest.php" line="17" class="Hyde\Framework\Testing\Unit\Views\Components\LinkComponentTest" classname="Hyde.Framework.Testing.Unit.Views.Components.LinkComponentTest" assertions="1" time="0.010177"/>
        <testcase name="testLinkComponentCanBeRenderedWithRoute" file="/home/runner/work/develop/develop/packages/framework/tests/Unit/Views/Components/LinkComponentTest.php" line="22" class="Hyde\Framework\Testing\Unit\Views\Components\LinkComponentTest" classname="Hyde.Framework.Testing.Unit.Views.Components.LinkComponentTest" assertions="1" time="0.023761"/>
        <testcase name="testLinkComponentCanBeRenderedWithRouteForNestedPages" file="/home/runner/work/develop/develop/packages/framework/tests/Unit/Views/Components/LinkComponentTest.php" line="29" class="Hyde\Framework\Testing\Unit\Views\Components\LinkComponentTest" classname="Hyde.Framework.Testing.Unit.Views.Components.LinkComponentTest" assertions="1" time="0.010299"/>
      </testsuite>
      <testsuite name="Hyde\Framework\Testing\Unit\Views\FeaturedImageViewTest" file="/home/runner/work/develop/develop/packages/framework/tests/Unit/Views/FeaturedImageViewTest.php" tests="21" assertions="46" errors="0" failures="0" skipped="0" time="0.127579">
        <testcase name="testTheView" file="/home/runner/work/develop/develop/packages/framework/tests/Unit/Views/FeaturedImageViewTest.php" line="18" class="Hyde\Framework\Testing\Unit\Views\FeaturedImageViewTest" classname="Hyde.Framework.Testing.Unit.Views.FeaturedImageViewTest" assertions="9" time="0.006794"/>
        <testcase name="testImageAuthorAttributionString" file="/home/runner/work/develop/develop/packages/framework/tests/Unit/Views/FeaturedImageViewTest.php" line="44" class="Hyde\Framework\Testing\Unit\Views\FeaturedImageViewTest" classname="Hyde.Framework.Testing.Unit.Views.FeaturedImageViewTest" assertions="3" time="0.006193"/>
        <testcase name="testImageAuthorAttributionStringWithUrl" file="/home/runner/work/develop/develop/packages/framework/tests/Unit/Views/FeaturedImageViewTest.php" line="52" class="Hyde\Framework\Testing\Unit\Views\FeaturedImageViewTest" classname="Hyde.Framework.Testing.Unit.Views.FeaturedImageViewTest" assertions="5" time="0.006242"/>
        <testcase name="testCopyrightString" file="/home/runner/work/develop/develop/packages/framework/tests/Unit/Views/FeaturedImageViewTest.php" line="65" class="Hyde\Framework\Testing\Unit\Views\FeaturedImageViewTest" classname="Hyde.Framework.Testing.Unit.Views.FeaturedImageViewTest" assertions="2" time="0.005899"/>
        <testcase name="testCopyrightStringInverse" file="/home/runner/work/develop/develop/packages/framework/tests/Unit/Views/FeaturedImageViewTest.php" line="72" class="Hyde\Framework\Testing\Unit\Views\FeaturedImageViewTest" classname="Hyde.Framework.Testing.Unit.Views.FeaturedImageViewTest" assertions="1" time="0.005912"/>
        <testcase name="testLicenseString" file="/home/runner/work/develop/develop/packages/framework/tests/Unit/Views/FeaturedImageViewTest.php" line="78" class="Hyde\Framework\Testing\Unit\Views\FeaturedImageViewTest" classname="Hyde.Framework.Testing.Unit.Views.FeaturedImageViewTest" assertions="1" time="0.005872"/>
        <testcase name="testLicenseStringWithUrl" file="/home/runner/work/develop/develop/packages/framework/tests/Unit/Views/FeaturedImageViewTest.php" line="85" class="Hyde\Framework\Testing\Unit\Views\FeaturedImageViewTest" classname="Hyde.Framework.Testing.Unit.Views.FeaturedImageViewTest" assertions="1" time="0.006226"/>
        <testcase name="testLicenseStringInverse" file="/home/runner/work/develop/develop/packages/framework/tests/Unit/Views/FeaturedImageViewTest.php" line="96" class="Hyde\Framework\Testing\Unit\Views\FeaturedImageViewTest" classname="Hyde.Framework.Testing.Unit.Views.FeaturedImageViewTest" assertions="2" time="0.006468"/>
        <testcase name="testLicenseStringInverseWithUrl" file="/home/runner/work/develop/develop/packages/framework/tests/Unit/Views/FeaturedImageViewTest.php" line="103" class="Hyde\Framework\Testing\Unit\Views\FeaturedImageViewTest" classname="Hyde.Framework.Testing.Unit.Views.FeaturedImageViewTest" assertions="2" time="0.005983"/>
        <testcase name="testFluentAttributionLogicUsesRichHtmlTags" file="/home/runner/work/develop/develop/packages/framework/tests/Unit/Views/FeaturedImageViewTest.php" line="110" class="Hyde\Framework\Testing\Unit\Views\FeaturedImageViewTest" classname="Hyde.Framework.Testing.Unit.Views.FeaturedImageViewTest" assertions="7" time="0.006402"/>
        <testcase name="testFluentAttributionLogicUsesRichHtmlTags1" file="/home/runner/work/develop/develop/packages/framework/tests/Unit/Views/FeaturedImageViewTest.php" line="129" class="Hyde\Framework\Testing\Unit\Views\FeaturedImageViewTest" classname="Hyde.Framework.Testing.Unit.Views.FeaturedImageViewTest" assertions="2" time="0.006001"/>
        <testcase name="testFluentAttributionLogicUsesRichHtmlTags2" file="/home/runner/work/develop/develop/packages/framework/tests/Unit/Views/FeaturedImageViewTest.php" line="137" class="Hyde\Framework\Testing\Unit\Views\FeaturedImageViewTest" classname="Hyde.Framework.Testing.Unit.Views.FeaturedImageViewTest" assertions="1" time="0.005910"/>
        <testcase name="testFluentAttributionLogicUsesRichHtmlTags3" file="/home/runner/work/develop/develop/packages/framework/tests/Unit/Views/FeaturedImageViewTest.php" line="145" class="Hyde\Framework\Testing\Unit\Views\FeaturedImageViewTest" classname="Hyde.Framework.Testing.Unit.Views.FeaturedImageViewTest" assertions="1" time="0.005884"/>
        <testcase name="testFluentAttributionLogicUsesRichHtmlTags4" file="/home/runner/work/develop/develop/packages/framework/tests/Unit/Views/FeaturedImageViewTest.php" line="153" class="Hyde\Framework\Testing\Unit\Views\FeaturedImageViewTest" classname="Hyde.Framework.Testing.Unit.Views.FeaturedImageViewTest" assertions="2" time="0.006032"/>
        <testcase name="testFluentAttributionLogicCreatesFluentMessages1" file="/home/runner/work/develop/develop/packages/framework/tests/Unit/Views/FeaturedImageViewTest.php" line="161" class="Hyde\Framework\Testing\Unit\Views\FeaturedImageViewTest" classname="Hyde.Framework.Testing.Unit.Views.FeaturedImageViewTest" assertions="1" time="0.005966"/>
        <testcase name="testFluentAttributionLogicCreatesFluentMessages2" file="/home/runner/work/develop/develop/packages/framework/tests/Unit/Views/FeaturedImageViewTest.php" line="175" class="Hyde\Framework\Testing\Unit\Views\FeaturedImageViewTest" classname="Hyde.Framework.Testing.Unit.Views.FeaturedImageViewTest" assertions="1" time="0.005956"/>
        <testcase name="testFluentAttributionLogicCreatesFluentMessages3" file="/home/runner/work/develop/develop/packages/framework/tests/Unit/Views/FeaturedImageViewTest.php" line="188" class="Hyde\Framework\Testing\Unit\Views\FeaturedImageViewTest" classname="Hyde.Framework.Testing.Unit.Views.FeaturedImageViewTest" assertions="1" time="0.005986"/>
        <testcase name="testFluentAttributionLogicCreatesFluentMessages4" file="/home/runner/work/develop/develop/packages/framework/tests/Unit/Views/FeaturedImageViewTest.php" line="202" class="Hyde\Framework\Testing\Unit\Views\FeaturedImageViewTest" classname="Hyde.Framework.Testing.Unit.Views.FeaturedImageViewTest" assertions="1" time="0.005999"/>
        <testcase name="testFluentAttributionLogicCreatesFluentMessages5" file="/home/runner/work/develop/develop/packages/framework/tests/Unit/Views/FeaturedImageViewTest.php" line="215" class="Hyde\Framework\Testing\Unit\Views\FeaturedImageViewTest" classname="Hyde.Framework.Testing.Unit.Views.FeaturedImageViewTest" assertions="1" time="0.005950"/>
        <testcase name="testFluentAttributionLogicCreatesFluentMessages6" file="/home/runner/work/develop/develop/packages/framework/tests/Unit/Views/FeaturedImageViewTest.php" line="228" class="Hyde\Framework\Testing\Unit\Views\FeaturedImageViewTest" classname="Hyde.Framework.Testing.Unit.Views.FeaturedImageViewTest" assertions="1" time="0.005978"/>
        <testcase name="testFluentAttributionLogicCreatesFluentMessages7" file="/home/runner/work/develop/develop/packages/framework/tests/Unit/Views/FeaturedImageViewTest.php" line="241" class="Hyde\Framework\Testing\Unit\Views\FeaturedImageViewTest" classname="Hyde.Framework.Testing.Unit.Views.FeaturedImageViewTest" assertions="1" time="0.005924"/>
      </testsuite>
      <testsuite name="Hyde\Framework\Testing\Unit\Views\HeadComponentViewTest" file="/home/runner/work/develop/develop/packages/framework/tests/Unit/Views/HeadComponentViewTest.php" tests="9" assertions="9" errors="0" failures="0" skipped="0" time="0.055499">
        <testcase name="testComponentCanBeRendered" file="/home/runner/work/develop/develop/packages/framework/tests/Unit/Views/HeadComponentViewTest.php" line="29" class="Hyde\Framework\Testing\Unit\Views\HeadComponentViewTest" classname="Hyde.Framework.Testing.Unit.Views.HeadComponentViewTest" assertions="1" time="0.006033"/>
        <testcase name="testTitleElementUsesPageTitle" file="/home/runner/work/develop/develop/packages/framework/tests/Unit/Views/HeadComponentViewTest.php" line="35" class="Hyde\Framework\Testing\Unit\Views\HeadComponentViewTest" classname="Hyde.Framework.Testing.Unit.Views.HeadComponentViewTest" assertions="1" time="0.008560"/>
        <testcase name="testLinkToFaviconIsNotAddedWhenFileDoesNotExist" file="/home/runner/work/develop/develop/packages/framework/tests/Unit/Views/HeadComponentViewTest.php" line="44" class="Hyde\Framework\Testing\Unit\Views\HeadComponentViewTest" classname="Hyde.Framework.Testing.Unit.Views.HeadComponentViewTest" assertions="1" time="0.005436"/>
        <testcase name="testLinkToFaviconIsAddedWhenFileExists" file="/home/runner/work/develop/develop/packages/framework/tests/Unit/Views/HeadComponentViewTest.php" line="49" class="Hyde\Framework\Testing\Unit\Views\HeadComponentViewTest" classname="Hyde.Framework.Testing.Unit.Views.HeadComponentViewTest" assertions="1" time="0.006119"/>
        <testcase name="testLinkToFaviconUsesRelativeUrl" file="/home/runner/work/develop/develop/packages/framework/tests/Unit/Views/HeadComponentViewTest.php" line="57" class="Hyde\Framework\Testing\Unit\Views\HeadComponentViewTest" classname="Hyde.Framework.Testing.Unit.Views.HeadComponentViewTest" assertions="1" time="0.007211"/>
        <testcase name="testComponentIncludesMetaView" file="/home/runner/work/develop/develop/packages/framework/tests/Unit/Views/HeadComponentViewTest.php" line="65" class="Hyde\Framework\Testing\Unit\Views\HeadComponentViewTest" classname="Hyde.Framework.Testing.Unit.Views.HeadComponentViewTest" assertions="1" time="0.005494"/>
        <testcase name="testComponentIncludesStylesView" file="/home/runner/work/develop/develop/packages/framework/tests/Unit/Views/HeadComponentViewTest.php" line="70" class="Hyde\Framework\Testing\Unit\Views\HeadComponentViewTest" classname="Hyde.Framework.Testing.Unit.Views.HeadComponentViewTest" assertions="1" time="0.005413"/>
        <testcase name="testCanAddHeadHtmlFromConfigHook" file="/home/runner/work/develop/develop/packages/framework/tests/Unit/Views/HeadComponentViewTest.php" line="75" class="Hyde\Framework\Testing\Unit\Views\HeadComponentViewTest" classname="Hyde.Framework.Testing.Unit.Views.HeadComponentViewTest" assertions="1" time="0.005402"/>
        <testcase name="testCanAddHeadHtmlFromHtmlInclude" file="/home/runner/work/develop/develop/packages/framework/tests/Unit/Views/HeadComponentViewTest.php" line="82" class="Hyde\Framework\Testing\Unit\Views\HeadComponentViewTest" classname="Hyde.Framework.Testing.Unit.Views.HeadComponentViewTest" assertions="1" time="0.005831"/>
      </testsuite>
      <testsuite name="Hyde\Framework\Testing\Unit\Views\NavigationBrandViewTest" file="/home/runner/work/develop/develop/packages/framework/tests/Unit/Views/NavigationBrandViewTest.php" tests="2" assertions="3" errors="0" failures="0" skipped="0" time="0.016335">
        <testcase name="testComponentLinksToHomeRoute" file="/home/runner/work/develop/develop/packages/framework/tests/Unit/Views/NavigationBrandViewTest.php" line="29" class="Hyde\Framework\Testing\Unit\Views\NavigationBrandViewTest" classname="Hyde.Framework.Testing.Unit.Views.NavigationBrandViewTest" assertions="1" time="0.008124"/>
        <testcase name="testComponentUsesSiteName" file="/home/runner/work/develop/develop/packages/framework/tests/Unit/Views/NavigationBrandViewTest.php" line="34" class="Hyde\Framework\Testing\Unit\Views\NavigationBrandViewTest" classname="Hyde.Framework.Testing.Unit.Views.NavigationBrandViewTest" assertions="2" time="0.008211"/>
      </testsuite>
      <testsuite name="Hyde\Framework\Testing\Unit\Views\NavigationLinkViewTest" file="/home/runner/work/develop/develop/packages/framework/tests/Unit/Views/NavigationLinkViewTest.php" tests="4" assertions="4" errors="0" failures="0" skipped="0" time="0.023098">
        <testcase name="testComponentLinksToRouteDestination" file="/home/runner/work/develop/develop/packages/framework/tests/Unit/Views/NavigationLinkViewTest.php" line="30" class="Hyde\Framework\Testing\Unit\Views\NavigationLinkViewTest" classname="Hyde.Framework.Testing.Unit.Views.NavigationLinkViewTest" assertions="1" time="0.004090"/>
        <testcase name="testComponentUsesTitle" file="/home/runner/work/develop/develop/packages/framework/tests/Unit/Views/NavigationLinkViewTest.php" line="35" class="Hyde\Framework\Testing\Unit\Views\NavigationLinkViewTest" classname="Hyde.Framework.Testing.Unit.Views.NavigationLinkViewTest" assertions="1" time="0.003939"/>
        <testcase name="testComponentIsCurrentWhenCurrentRouteMatches" file="/home/runner/work/develop/develop/packages/framework/tests/Unit/Views/NavigationLinkViewTest.php" line="40" class="Hyde\Framework\Testing\Unit\Views\NavigationLinkViewTest" classname="Hyde.Framework.Testing.Unit.Views.NavigationLinkViewTest" assertions="1" time="0.007558"/>
        <testcase name="testComponentHasAriaCurrentWhenCurrentRouteMatches" file="/home/runner/work/develop/develop/packages/framework/tests/Unit/Views/NavigationLinkViewTest.php" line="46" class="Hyde\Framework\Testing\Unit\Views\NavigationLinkViewTest" classname="Hyde.Framework.Testing.Unit.Views.NavigationLinkViewTest" assertions="1" time="0.007511"/>
      </testsuite>
      <testsuite name="Hyde\Framework\Testing\Unit\Views\NavigationMenuViewTest" file="/home/runner/work/develop/develop/packages/framework/tests/Unit/Views/NavigationMenuViewTest.php" tests="11" assertions="18" errors="0" failures="0" skipped="0" time="0.159984">
        <testcase name="testComponentCanBeRendered" file="/home/runner/work/develop/develop/packages/framework/tests/Unit/Views/NavigationMenuViewTest.php" line="30" class="Hyde\Framework\Testing\Unit\Views\NavigationMenuViewTest" classname="Hyde.Framework.Testing.Unit.Views.NavigationMenuViewTest" assertions="1" time="0.008839"/>
        <testcase name="testComponentContainsDarkModeButton" file="/home/runner/work/develop/develop/packages/framework/tests/Unit/Views/NavigationMenuViewTest.php" line="35" class="Hyde\Framework\Testing\Unit\Views\NavigationMenuViewTest" classname="Hyde.Framework.Testing.Unit.Views.NavigationMenuViewTest" assertions="1" time="0.008548"/>
        <testcase name="testComponentContainsNavigationMenuToggleButton" file="/home/runner/work/develop/develop/packages/framework/tests/Unit/Views/NavigationMenuViewTest.php" line="40" class="Hyde\Framework\Testing\Unit\Views\NavigationMenuViewTest" classname="Hyde.Framework.Testing.Unit.Views.NavigationMenuViewTest" assertions="1" time="0.008594"/>
        <testcase name="testComponentContainsMainNavigationLinks" file="/home/runner/work/develop/develop/packages/framework/tests/Unit/Views/NavigationMenuViewTest.php" line="45" class="Hyde\Framework\Testing\Unit\Views\NavigationMenuViewTest" classname="Hyde.Framework.Testing.Unit.Views.NavigationMenuViewTest" assertions="1" time="0.008580"/>
        <testcase name="testComponentContainsIndexHtmlLink" file="/home/runner/work/develop/develop/packages/framework/tests/Unit/Views/NavigationMenuViewTest.php" line="50" class="Hyde\Framework\Testing\Unit\Views\NavigationMenuViewTest" classname="Hyde.Framework.Testing.Unit.Views.NavigationMenuViewTest" assertions="1" time="0.008574"/>
        <testcase name="testComponentNotContains404HtmlLink" file="/home/runner/work/develop/develop/packages/framework/tests/Unit/Views/NavigationMenuViewTest.php" line="55" class="Hyde\Framework\Testing\Unit\Views\NavigationMenuViewTest" classname="Hyde.Framework.Testing.Unit.Views.NavigationMenuViewTest" assertions="1" time="0.008623"/>
        <testcase name="testNavigationMenuWithRootPages" file="/home/runner/work/develop/develop/packages/framework/tests/Unit/Views/NavigationMenuViewTest.php" line="60" class="Hyde\Framework\Testing\Unit\Views\NavigationMenuViewTest" classname="Hyde.Framework.Testing.Unit.Views.NavigationMenuViewTest" assertions="2" time="0.016678"/>
        <testcase name="testNavigationMenuWithDropdownPages" file="/home/runner/work/develop/develop/packages/framework/tests/Unit/Views/NavigationMenuViewTest.php" line="77" class="Hyde\Framework\Testing\Unit\Views\NavigationMenuViewTest" classname="Hyde.Framework.Testing.Unit.Views.NavigationMenuViewTest" assertions="4" time="0.019760"/>
        <testcase name="testNavigationMenuWithDropdownPagesWithRootGroupPage" file="/home/runner/work/develop/develop/packages/framework/tests/Unit/Views/NavigationMenuViewTest.php" line="103" class="Hyde\Framework\Testing\Unit\Views\NavigationMenuViewTest" classname="Hyde.Framework.Testing.Unit.Views.NavigationMenuViewTest" assertions="4" time="0.018102"/>
        <testcase name="testNavigationMenuLabelCanBeChangedInFrontMatter" file="/home/runner/work/develop/develop/packages/framework/tests/Unit/Views/NavigationMenuViewTest.php" line="129" class="Hyde\Framework\Testing\Unit\Views\NavigationMenuViewTest" classname="Hyde.Framework.Testing.Unit.Views.NavigationMenuViewTest" assertions="1" time="0.034818"/>
        <testcase name="testNavigationMenuLabelCanBeChangedInBladeMatter" file="/home/runner/work/develop/develop/packages/framework/tests/Unit/Views/NavigationMenuViewTest.php" line="143" class="Hyde\Framework\Testing\Unit\Views\NavigationMenuViewTest" classname="Hyde.Framework.Testing.Unit.Views.NavigationMenuViewTest" assertions="1" time="0.018869"/>
      </testsuite>
      <testsuite name="Hyde\Framework\Testing\Unit\Views\ScriptsComponentViewTest" file="/home/runner/work/develop/develop/packages/framework/tests/Unit/Views/ScriptsComponentViewTest.php" tests="7" assertions="9" errors="0" failures="0" skipped="0" time="0.045060">
        <testcase name="testComponentCanBeRendered" file="/home/runner/work/develop/develop/packages/framework/tests/Unit/Views/ScriptsComponentViewTest.php" line="29" class="Hyde\Framework\Testing\Unit\Views\ScriptsComponentViewTest" classname="Hyde.Framework.Testing.Unit.Views.ScriptsComponentViewTest" assertions="1" time="0.006056"/>
        <testcase name="testComponentHasLinkToAppJsFileWhenItExists" file="/home/runner/work/develop/develop/packages/framework/tests/Unit/Views/ScriptsComponentViewTest.php" line="34" class="Hyde\Framework\Testing\Unit\Views\ScriptsComponentViewTest" classname="Hyde.Framework.Testing.Unit.Views.ScriptsComponentViewTest" assertions="1" time="0.006251"/>
        <testcase name="testComponentDoesNotRenderLinkToAppJsWhenItDoesNotExist" file="/home/runner/work/develop/develop/packages/framework/tests/Unit/Views/ScriptsComponentViewTest.php" line="41" class="Hyde\Framework\Testing\Unit\Views\ScriptsComponentViewTest" classname="Hyde.Framework.Testing.Unit.Views.ScriptsComponentViewTest" assertions="1" time="0.006142"/>
        <testcase name="testComponentUsesRelativePathToAppJsFileForNestedPages" file="/home/runner/work/develop/develop/packages/framework/tests/Unit/Views/ScriptsComponentViewTest.php" line="46" class="Hyde\Framework\Testing\Unit\Views\ScriptsComponentViewTest" classname="Hyde.Framework.Testing.Unit.Views.ScriptsComponentViewTest" assertions="3" time="0.009168"/>
        <testcase name="testCanAddScriptsHtmlFromConfigHook" file="/home/runner/work/develop/develop/packages/framework/tests/Unit/Views/ScriptsComponentViewTest.php" line="59" class="Hyde\Framework\Testing\Unit\Views\ScriptsComponentViewTest" classname="Hyde.Framework.Testing.Unit.Views.ScriptsComponentViewTest" assertions="1" time="0.006132"/>
        <testcase name="testCanAddScriptsHtmlFromHtmlInclude" file="/home/runner/work/develop/develop/packages/framework/tests/Unit/Views/ScriptsComponentViewTest.php" line="66" class="Hyde\Framework\Testing\Unit\Views\ScriptsComponentViewTest" classname="Hyde.Framework.Testing.Unit.Views.ScriptsComponentViewTest" assertions="1" time="0.006471"/>
        <testcase name="testScriptsCanBePushedToTheComponentScriptsStack" file="/home/runner/work/develop/develop/packages/framework/tests/Unit/Views/ScriptsComponentViewTest.php" line="73" class="Hyde\Framework\Testing\Unit\Views\ScriptsComponentViewTest" classname="Hyde.Framework.Testing.Unit.Views.ScriptsComponentViewTest" assertions="1" time="0.004839"/>
      </testsuite>
      <testsuite name="Hyde\Framework\Testing\Unit\Views\StylesComponentViewTest" file="/home/runner/work/develop/develop/packages/framework/tests/Unit/Views/StylesComponentViewTest.php" tests="9" assertions="11" errors="0" failures="0" skipped="0" time="0.057146">
        <testcase name="testComponentCanBeRendered" file="/home/runner/work/develop/develop/packages/framework/tests/Unit/Views/StylesComponentViewTest.php" line="31" class="Hyde\Framework\Testing\Unit\Views\StylesComponentViewTest" classname="Hyde.Framework.Testing.Unit.Views.StylesComponentViewTest" assertions="1" time="0.006333"/>
        <testcase name="testComponentHasLinkToAppCssFile" file="/home/runner/work/develop/develop/packages/framework/tests/Unit/Views/StylesComponentViewTest.php" line="36" class="Hyde\Framework\Testing\Unit\Views\StylesComponentViewTest" classname="Hyde.Framework.Testing.Unit.Views.StylesComponentViewTest" assertions="1" time="0.006074"/>
        <testcase name="testComponentUsesRelativePathToAppCssFileForNestedPages" file="/home/runner/work/develop/develop/packages/framework/tests/Unit/Views/StylesComponentViewTest.php" line="41" class="Hyde\Framework\Testing\Unit\Views\StylesComponentViewTest" classname="Hyde.Framework.Testing.Unit.Views.StylesComponentViewTest" assertions="3" time="0.008674"/>
        <testcase name="testComponentDoesNotRenderLinkToAppCssWhenItDoesNotExist" file="/home/runner/work/develop/develop/packages/framework/tests/Unit/Views/StylesComponentViewTest.php" line="52" class="Hyde\Framework\Testing\Unit\Views\StylesComponentViewTest" classname="Hyde.Framework.Testing.Unit.Views.StylesComponentViewTest" assertions="1" time="0.006225"/>
        <testcase name="testStylesCanBePushedToTheComponentStylesStack" file="/home/runner/work/develop/develop/packages/framework/tests/Unit/Views/StylesComponentViewTest.php" line="59" class="Hyde\Framework\Testing\Unit\Views\StylesComponentViewTest" classname="Hyde.Framework.Testing.Unit.Views.StylesComponentViewTest" assertions="1" time="0.004945"/>
        <testcase name="testComponentRendersTailwindPlayCdnLinkWhenEnabledInConfig" file="/home/runner/work/develop/develop/packages/framework/tests/Unit/Views/StylesComponentViewTest.php" line="74" class="Hyde\Framework\Testing\Unit\Views\StylesComponentViewTest" classname="Hyde.Framework.Testing.Unit.Views.StylesComponentViewTest" assertions="1" time="0.006411"/>
        <testcase name="testComponentRendersAppCdnLinkWhenEnabledInConfig" file="/home/runner/work/develop/develop/packages/framework/tests/Unit/Views/StylesComponentViewTest.php" line="80" class="Hyde\Framework\Testing\Unit\Views\StylesComponentViewTest" classname="Hyde.Framework.Testing.Unit.Views.StylesComponentViewTest" assertions="1" time="0.005979"/>
        <testcase name="testComponentDoesNotRenderLinkToLocalAppCssWhenCdnLinkIsEnabledInConfig" file="/home/runner/work/develop/develop/packages/framework/tests/Unit/Views/StylesComponentViewTest.php" line="86" class="Hyde\Framework\Testing\Unit\Views\StylesComponentViewTest" classname="Hyde.Framework.Testing.Unit.Views.StylesComponentViewTest" assertions="1" time="0.006083"/>
        <testcase name="testComponentDoesNotRenderCdnLinkWhenALocalFileExists" file="/home/runner/work/develop/develop/packages/framework/tests/Unit/Views/StylesComponentViewTest.php" line="92" class="Hyde\Framework\Testing\Unit\Views\StylesComponentViewTest" classname="Hyde.Framework.Testing.Unit.Views.StylesComponentViewTest" assertions="1" time="0.006422"/>
      </testsuite>
    </testsuite>
    <testsuite name="Publications" tests="358" assertions="933" errors="0" failures="0" skipped="0" time="3.440046">
      <testsuite name="Hyde\Publications\Testing\Feature\CreateActionTest" file="/home/runner/work/develop/develop/packages/publications/tests/Feature/CreateActionTest.php" tests="7" assertions="15" errors="0" failures="0" skipped="0" time="0.026130">
        <testcase name="testCreate" file="/home/runner/work/develop/develop/packages/publications/tests/Feature/CreateActionTest.php" line="18" class="Hyde\Publications\Testing\Feature\CreateActionTest" classname="Hyde.Publications.Testing.Feature.CreateActionTest" assertions="2" time="0.003812"/>
        <testcase name="testWithConflict" file="/home/runner/work/develop/develop/packages/publications/tests/Feature/CreateActionTest.php" line="29" class="Hyde\Publications\Testing\Feature\CreateActionTest" classname="Hyde.Publications.Testing.Feature.CreateActionTest" assertions="1" time="0.003533"/>
        <testcase name="testWithConflictForce" file="/home/runner/work/develop/develop/packages/publications/tests/Feature/CreateActionTest.php" line="42" class="Hyde\Publications\Testing\Feature\CreateActionTest" classname="Hyde.Publications.Testing.Feature.CreateActionTest" assertions="1" time="0.004505"/>
        <testcase name="testOutputPathHelpers" file="/home/runner/work/develop/develop/packages/publications/tests/Feature/CreateActionTest.php" line="53" class="Hyde\Publications\Testing\Feature\CreateActionTest" classname="Hyde.Publications.Testing.Feature.CreateActionTest" assertions="2" time="0.003259"/>
        <testcase name="testConflictPredictionHelpers" file="/home/runner/work/develop/develop/packages/publications/tests/Feature/CreateActionTest.php" line="62" class="Hyde\Publications\Testing\Feature\CreateActionTest" classname="Hyde.Publications.Testing.Feature.CreateActionTest" assertions="6" time="0.003914"/>
        <testcase name="testCanSaveToSubdirectory" file="/home/runner/work/develop/develop/packages/publications/tests/Feature/CreateActionTest.php" line="82" class="Hyde\Publications\Testing\Feature\CreateActionTest" classname="Hyde.Publications.Testing.Feature.CreateActionTest" assertions="2" time="0.003991"/>
        <testcase name="testFormatStringForStorage" file="/home/runner/work/develop/develop/packages/publications/tests/Feature/CreateActionTest.php" line="94" class="Hyde\Publications\Testing\Feature\CreateActionTest" classname="Hyde.Publications.Testing.Feature.CreateActionTest" assertions="1" time="0.003117"/>
      </testsuite>
      <testsuite name="Hyde\Publications\Testing\Feature\CreatesNewPublicationPageTest" file="/home/runner/work/develop/develop/packages/publications/tests/Feature/CreatesNewPublicationPageTest.php" tests="6" assertions="13" errors="0" failures="0" skipped="0" time="0.120925">
        <testcase name="testCreate" file="/home/runner/work/develop/develop/packages/publications/tests/Feature/CreatesNewPublicationPageTest.php" line="39" class="Hyde\Publications\Testing\Feature\CreatesNewPublicationPageTest" classname="Hyde.Publications.Testing.Feature.CreatesNewPublicationPageTest" assertions="2" time="0.097022"/>
        <testcase name="testWithTextType" file="/home/runner/work/develop/develop/packages/publications/tests/Feature/CreatesNewPublicationPageTest.php" line="66" class="Hyde\Publications\Testing\Feature\CreatesNewPublicationPageTest" classname="Hyde.Publications.Testing.Feature.CreatesNewPublicationPageTest" assertions="2" time="0.005196"/>
        <testcase name="testWithArrayType" file="/home/runner/work/develop/develop/packages/publications/tests/Feature/CreatesNewPublicationPageTest.php" line="96" class="Hyde\Publications\Testing\Feature\CreatesNewPublicationPageTest" classname="Hyde.Publications.Testing.Feature.CreatesNewPublicationPageTest" assertions="2" time="0.004773"/>
        <testcase name="testCreateWithoutSupplyingCanonicalField" file="/home/runner/work/develop/develop/packages/publications/tests/Feature/CreatesNewPublicationPageTest.php" line="125" class="Hyde\Publications\Testing\Feature\CreatesNewPublicationPageTest" classname="Hyde.Publications.Testing.Feature.CreatesNewPublicationPageTest" assertions="2" time="0.003848"/>
        <testcase name="testCreateWithoutSupplyingRequiredField" file="/home/runner/work/develop/develop/packages/publications/tests/Feature/CreatesNewPublicationPageTest.php" line="140" class="Hyde\Publications\Testing\Feature\CreatesNewPublicationPageTest" classname="Hyde.Publications.Testing.Feature.CreatesNewPublicationPageTest" assertions="2" time="0.004587"/>
        <testcase name="testItCreatesValidYaml" file="/home/runner/work/develop/develop/packages/publications/tests/Feature/CreatesNewPublicationPageTest.php" line="163" class="Hyde\Publications\Testing\Feature\CreatesNewPublicationPageTest" classname="Hyde.Publications.Testing.Feature.CreatesNewPublicationPageTest" assertions="3" time="0.005499"/>
      </testsuite>
      <testsuite name="Hyde\Publications\Testing\Feature\CreatesNewPublicationTypeTest" file="/home/runner/work/develop/develop/packages/publications/tests/Feature/CreatesNewPublicationTypeTest.php" tests="4" assertions="20" errors="0" failures="0" skipped="0" time="0.029082">
        <testcase name="testItCreatesANewPublicationType" file="/home/runner/work/develop/develop/packages/publications/tests/Feature/CreatesNewPublicationTypeTest.php" line="27" class="Hyde\Publications\Testing\Feature\CreatesNewPublicationTypeTest" classname="Hyde.Publications.Testing.Feature.CreatesNewPublicationTypeTest" assertions="2" time="0.014002"/>
        <testcase name="testCreateWithDefaultParameters" file="/home/runner/work/develop/develop/packages/publications/tests/Feature/CreatesNewPublicationTypeTest.php" line="55" class="Hyde\Publications\Testing\Feature\CreatesNewPublicationTypeTest" classname="Hyde.Publications.Testing.Feature.CreatesNewPublicationTypeTest" assertions="2" time="0.004637"/>
        <testcase name="testItCreatesListAndDetailPages" file="/home/runner/work/develop/develop/packages/publications/tests/Feature/CreatesNewPublicationTypeTest.php" line="79" class="Hyde\Publications\Testing\Feature\CreatesNewPublicationTypeTest" classname="Hyde.Publications.Testing.Feature.CreatesNewPublicationTypeTest" assertions="8" time="0.005203"/>
        <testcase name="testItUsesThePaginatedListViewWhenPaginationIsEnabled" file="/home/runner/work/develop/develop/packages/publications/tests/Feature/CreatesNewPublicationTypeTest.php" line="99" class="Hyde\Publications\Testing\Feature\CreatesNewPublicationTypeTest" classname="Hyde.Publications.Testing.Feature.CreatesNewPublicationTypeTest" assertions="8" time="0.005239"/>
      </testsuite>
      <testsuite name="Hyde\Publications\Testing\Feature\GeneratesPublicationTagPagesTest" file="/home/runner/work/develop/develop/packages/publications/tests/Feature/GeneratesPublicationTagPagesTest.php" tests="7" assertions="18" errors="0" failures="0" skipped="0" time="0.157606">
        <testcase name="testTagsIndexPageIsGeneratedWhenTagsAreUsed" file="/home/runner/work/develop/develop/packages/publications/tests/Feature/GeneratesPublicationTagPagesTest.php" line="19" class="Hyde\Publications\Testing\Feature\GeneratesPublicationTagPagesTest" classname="Hyde.Publications.Testing.Feature.GeneratesPublicationTagPagesTest" assertions="2" time="0.031249"/>
        <testcase name="testTagsIndexPageIsNotGeneratedWhenTagsAreNotUsed" file="/home/runner/work/develop/develop/packages/publications/tests/Feature/GeneratesPublicationTagPagesTest.php" line="51" class="Hyde\Publications\Testing\Feature\GeneratesPublicationTagPagesTest" classname="Hyde.Publications.Testing.Feature.GeneratesPublicationTagPagesTest" assertions="1" time="0.008507"/>
        <testcase name="testTagsPagesForPublicationsAreGeneratedForUsedTag" file="/home/runner/work/develop/develop/packages/publications/tests/Feature/GeneratesPublicationTagPagesTest.php" line="61" class="Hyde\Publications\Testing\Feature\GeneratesPublicationTagPagesTest" classname="Hyde.Publications.Testing.Feature.GeneratesPublicationTagPagesTest" assertions="1" time="0.018505"/>
        <testcase name="testTagsPagesForPublicationsAreGeneratedForUsedTagsWithPublicationTagsArray" file="/home/runner/work/develop/develop/packages/publications/tests/Feature/GeneratesPublicationTagPagesTest.php" line="81" class="Hyde\Publications\Testing\Feature\GeneratesPublicationTagPagesTest" classname="Hyde.Publications.Testing.Feature.GeneratesPublicationTagPagesTest" assertions="1" time="0.020038"/>
        <testcase name="testTagsPagesForPublicationsAreNotGeneratedWhenNoTagsAreUsed" file="/home/runner/work/develop/develop/packages/publications/tests/Feature/GeneratesPublicationTagPagesTest.php" line="102" class="Hyde\Publications\Testing\Feature\GeneratesPublicationTagPagesTest" classname="Hyde.Publications.Testing.Feature.GeneratesPublicationTagPagesTest" assertions="1" time="0.016445"/>
        <testcase name="testGeneratedIndexPage" file="/home/runner/work/develop/develop/packages/publications/tests/Feature/GeneratesPublicationTagPagesTest.php" line="119" class="Hyde\Publications\Testing\Feature\GeneratesPublicationTagPagesTest" classname="Hyde.Publications.Testing.Feature.GeneratesPublicationTagPagesTest" assertions="6" time="0.030693"/>
        <testcase name="testGeneratedDetailPage" file="/home/runner/work/develop/develop/packages/publications/tests/Feature/GeneratesPublicationTagPagesTest.php" line="143" class="Hyde\Publications\Testing\Feature\GeneratesPublicationTagPagesTest" classname="Hyde.Publications.Testing.Feature.GeneratesPublicationTagPagesTest" assertions="6" time="0.032169"/>
      </testsuite>
      <testsuite name="Hyde\Publications\Testing\Feature\InputStreamHandlerTest" file="/home/runner/work/develop/develop/packages/publications/tests/Feature/InputStreamHandlerTest.php" tests="10" assertions="17" errors="0" failures="0" skipped="0" time="0.043834">
        <testcase name="testCanCollectInput" file="/home/runner/work/develop/develop/packages/publications/tests/Feature/InputStreamHandlerTest.php" line="18" class="Hyde\Publications\Testing\Feature\InputStreamHandlerTest" classname="Hyde.Publications.Testing.Feature.InputStreamHandlerTest" assertions="2" time="0.013161"/>
        <testcase name="testCanTerminateWithHereSequence" file="/home/runner/work/develop/develop/packages/publications/tests/Feature/InputStreamHandlerTest.php" line="25" class="Hyde\Publications\Testing\Feature\InputStreamHandlerTest" classname="Hyde.Publications.Testing.Feature.InputStreamHandlerTest" assertions="2" time="0.003506"/>
        <testcase name="testCanTerminateWithHereSequenceAfterCarriageReturns" file="/home/runner/work/develop/develop/packages/publications/tests/Feature/InputStreamHandlerTest.php" line="32" class="Hyde\Publications\Testing\Feature\InputStreamHandlerTest" classname="Hyde.Publications.Testing.Feature.InputStreamHandlerTest" assertions="2" time="0.003532"/>
        <testcase name="testCanTerminateWithEndOfTransmissionSequence" file="/home/runner/work/develop/develop/packages/publications/tests/Feature/InputStreamHandlerTest.php" line="39" class="Hyde\Publications\Testing\Feature\InputStreamHandlerTest" classname="Hyde.Publications.Testing.Feature.InputStreamHandlerTest" assertions="2" time="0.003544"/>
        <testcase name="testCanCollectMultipleInputLines" file="/home/runner/work/develop/develop/packages/publications/tests/Feature/InputStreamHandlerTest.php" line="46" class="Hyde\Publications\Testing\Feature\InputStreamHandlerTest" classname="Hyde.Publications.Testing.Feature.InputStreamHandlerTest" assertions="2" time="0.003484"/>
        <testcase name="testCanEnterMultipleCarriageReturns" file="/home/runner/work/develop/develop/packages/publications/tests/Feature/InputStreamHandlerTest.php" line="53" class="Hyde\Publications\Testing\Feature\InputStreamHandlerTest" classname="Hyde.Publications.Testing.Feature.InputStreamHandlerTest" assertions="2" time="0.003494"/>
        <testcase name="testCanEnterMultipleUnixEndings" file="/home/runner/work/develop/develop/packages/publications/tests/Feature/InputStreamHandlerTest.php" line="60" class="Hyde\Publications\Testing\Feature\InputStreamHandlerTest" classname="Hyde.Publications.Testing.Feature.InputStreamHandlerTest" assertions="2" time="0.003508"/>
        <testcase name="testTerminationMessage" file="/home/runner/work/develop/develop/packages/publications/tests/Feature/InputStreamHandlerTest.php" line="67" class="Hyde\Publications\Testing\Feature\InputStreamHandlerTest" classname="Hyde.Publications.Testing.Feature.InputStreamHandlerTest" assertions="1" time="0.003091"/>
        <testcase name="testTerminationSequenceConstant" file="/home/runner/work/develop/develop/packages/publications/tests/Feature/InputStreamHandlerTest.php" line="78" class="Hyde\Publications\Testing\Feature\InputStreamHandlerTest" classname="Hyde.Publications.Testing.Feature.InputStreamHandlerTest" assertions="1" time="0.003143"/>
        <testcase name="testEndOfTransmissionConstant" file="/home/runner/work/develop/develop/packages/publications/tests/Feature/InputStreamHandlerTest.php" line="83" class="Hyde\Publications\Testing\Feature\InputStreamHandlerTest" classname="Hyde.Publications.Testing.Feature.InputStreamHandlerTest" assertions="1" time="0.003370"/>
      </testsuite>
      <testsuite name="Hyde\Publications\Testing\Feature\MakePublicationCommandTest" file="/home/runner/work/develop/develop/packages/publications/tests/Feature/MakePublicationCommandTest.php" tests="23" assertions="121" errors="0" failures="0" skipped="0" time="0.253285">
        <testcase name="testCommandCreatesPublication" file="/home/runner/work/develop/develop/packages/publications/tests/Feature/MakePublicationCommandTest.php" line="34" class="Hyde\Publications\Testing\Feature\MakePublicationCommandTest" classname="Hyde.Publications.Testing.Feature.MakePublicationCommandTest" assertions="9" time="0.016274"/>
        <testcase name="testCommandWithNoPublicationTypes" file="/home/runner/work/develop/develop/packages/publications/tests/Feature/MakePublicationCommandTest.php" line="50" class="Hyde\Publications\Testing\Feature\MakePublicationCommandTest" classname="Hyde.Publications.Testing.Feature.MakePublicationCommandTest" assertions="3" time="0.006575"/>
        <testcase name="testCommandSelectsTheRightPublicationUsingTheNames" file="/home/runner/work/develop/develop/packages/publications/tests/Feature/MakePublicationCommandTest.php" line="59" class="Hyde\Publications\Testing\Feature\MakePublicationCommandTest" classname="Hyde.Publications.Testing.Feature.MakePublicationCommandTest" assertions="12" time="0.013670"/>
        <testcase name="testCommandWithExistingPublication" file="/home/runner/work/develop/develop/packages/publications/tests/Feature/MakePublicationCommandTest.php" line="101" class="Hyde\Publications\Testing\Feature\MakePublicationCommandTest" classname="Hyde.Publications.Testing.Feature.MakePublicationCommandTest" assertions="10" time="0.009812"/>
        <testcase name="testCommandWithExistingPublicationAndOverwrite" file="/home/runner/work/develop/develop/packages/publications/tests/Feature/MakePublicationCommandTest.php" line="119" class="Hyde\Publications\Testing\Feature\MakePublicationCommandTest" classname="Hyde.Publications.Testing.Feature.MakePublicationCommandTest" assertions="8" time="0.010412"/>
        <testcase name="testCanOverwriteExistingPublicationByPassingForceFlag" file="/home/runner/work/develop/develop/packages/publications/tests/Feature/MakePublicationCommandTest.php" line="135" class="Hyde\Publications\Testing\Feature\MakePublicationCommandTest" classname="Hyde.Publications.Testing.Feature.MakePublicationCommandTest" assertions="6" time="0.009788"/>
        <testcase name="testCommandWithPublicationTypePassedAsArgument" file="/home/runner/work/develop/develop/packages/publications/tests/Feature/MakePublicationCommandTest.php" line="149" class="Hyde\Publications\Testing\Feature\MakePublicationCommandTest" classname="Hyde.Publications.Testing.Feature.MakePublicationCommandTest" assertions="6" time="0.009564"/>
        <testcase name="testCommandWithInvalidPublicationTypePassedAsArgument" file="/home/runner/work/develop/develop/packages/publications/tests/Feature/MakePublicationCommandTest.php" line="163" class="Hyde\Publications\Testing\Feature\MakePublicationCommandTest" classname="Hyde.Publications.Testing.Feature.MakePublicationCommandTest" assertions="2" time="0.006950"/>
        <testcase name="testCommandWithSchemaUsingCanonicalMetaField" file="/home/runner/work/develop/develop/packages/publications/tests/Feature/MakePublicationCommandTest.php" line="173" class="Hyde\Publications\Testing\Feature\MakePublicationCommandTest" classname="Hyde.Publications.Testing.Feature.MakePublicationCommandTest" assertions="3" time="0.009541"/>
        <testcase name="testCommandDoesNotAskUserToFillInMetaFields" file="/home/runner/work/develop/develop/packages/publications/tests/Feature/MakePublicationCommandTest.php" line="196" class="Hyde\Publications\Testing\Feature\MakePublicationCommandTest" classname="Hyde.Publications.Testing.Feature.MakePublicationCommandTest" assertions="4" time="0.009041"/>
        <testcase name="testCommandWithTextInput" file="/home/runner/work/develop/develop/packages/publications/tests/Feature/MakePublicationCommandTest.php" line="214" class="Hyde\Publications\Testing\Feature\MakePublicationCommandTest" classname="Hyde.Publications.Testing.Feature.MakePublicationCommandTest" assertions="3" time="0.008916"/>
        <testcase name="testCommandWithBooleanInput" file="/home/runner/work/develop/develop/packages/publications/tests/Feature/MakePublicationCommandTest.php" line="236" class="Hyde\Publications\Testing\Feature\MakePublicationCommandTest" classname="Hyde.Publications.Testing.Feature.MakePublicationCommandTest" assertions="4" time="0.009025"/>
        <testcase name="testCommandWithArrayInput" file="/home/runner/work/develop/develop/packages/publications/tests/Feature/MakePublicationCommandTest.php" line="254" class="Hyde\Publications\Testing\Feature\MakePublicationCommandTest" classname="Hyde.Publications.Testing.Feature.MakePublicationCommandTest" assertions="3" time="0.008944"/>
        <testcase name="testCommandWithMediaInput" file="/home/runner/work/develop/develop/packages/publications/tests/Feature/MakePublicationCommandTest.php" line="278" class="Hyde\Publications\Testing\Feature\MakePublicationCommandTest" classname="Hyde.Publications.Testing.Feature.MakePublicationCommandTest" assertions="4" time="0.010356"/>
        <testcase name="testMediaInputSelectsTheRightFile" file="/home/runner/work/develop/develop/packages/publications/tests/Feature/MakePublicationCommandTest.php" line="299" class="Hyde\Publications\Testing\Feature\MakePublicationCommandTest" classname="Hyde.Publications.Testing.Feature.MakePublicationCommandTest" assertions="4" time="0.010774"/>
        <testcase name="testCommandWithSingleTagInput" file="/home/runner/work/develop/develop/packages/publications/tests/Feature/MakePublicationCommandTest.php" line="323" class="Hyde\Publications\Testing\Feature\MakePublicationCommandTest" classname="Hyde.Publications.Testing.Feature.MakePublicationCommandTest" assertions="5" time="0.019558"/>
        <testcase name="testCommandWithMultipleTagInputs" file="/home/runner/work/develop/develop/packages/publications/tests/Feature/MakePublicationCommandTest.php" line="347" class="Hyde\Publications\Testing\Feature\MakePublicationCommandTest" classname="Hyde.Publications.Testing.Feature.MakePublicationCommandTest" assertions="5" time="0.019069"/>
        <testcase name="testMediaInputWithNoImages" file="/home/runner/work/develop/develop/packages/publications/tests/Feature/MakePublicationCommandTest.php" line="372" class="Hyde\Publications\Testing\Feature\MakePublicationCommandTest" classname="Hyde.Publications.Testing.Feature.MakePublicationCommandTest" assertions="5" time="0.009089"/>
        <testcase name="testMediaInputWithNoFilesButSkips" file="/home/runner/work/develop/develop/packages/publications/tests/Feature/MakePublicationCommandTest.php" line="393" class="Hyde\Publications\Testing\Feature\MakePublicationCommandTest" classname="Hyde.Publications.Testing.Feature.MakePublicationCommandTest" assertions="6" time="0.010527"/>
        <testcase name="testTagInputWithNoTags" file="/home/runner/work/develop/develop/packages/publications/tests/Feature/MakePublicationCommandTest.php" line="423" class="Hyde\Publications\Testing\Feature\MakePublicationCommandTest" classname="Hyde.Publications.Testing.Feature.MakePublicationCommandTest" assertions="3" time="0.013495"/>
        <testcase name="testHandleEmptyOptionsCollectionForRequiredField" file="/home/runner/work/develop/develop/packages/publications/tests/Feature/MakePublicationCommandTest.php" line="442" class="Hyde\Publications\Testing\Feature\MakePublicationCommandTest" classname="Hyde.Publications.Testing.Feature.MakePublicationCommandTest" assertions="3" time="0.008391"/>
        <testcase name="testWithCustomValidationRules" file="/home/runner/work/develop/develop/packages/publications/tests/Feature/MakePublicationCommandTest.php" line="461" class="Hyde\Publications\Testing\Feature\MakePublicationCommandTest" classname="Hyde.Publications.Testing.Feature.MakePublicationCommandTest" assertions="8" time="0.013980"/>
        <testcase name="testWithSkippingInputs" file="/home/runner/work/develop/develop/packages/publications/tests/Feature/MakePublicationCommandTest.php" line="485" class="Hyde\Publications\Testing\Feature\MakePublicationCommandTest" classname="Hyde.Publications.Testing.Feature.MakePublicationCommandTest" assertions="5" time="0.009533"/>
      </testsuite>
      <testsuite name="Hyde\Publications\Testing\Feature\MakePublicationTypeCommandTest" file="/home/runner/work/develop/develop/packages/publications/tests/Feature/MakePublicationTypeCommandTest.php" tests="6" assertions="63" errors="0" failures="0" skipped="0" time="0.058649">
        <testcase name="testCommandCreatesPublicationType" file="/home/runner/work/develop/develop/packages/publications/tests/Feature/MakePublicationTypeCommandTest.php" line="36" class="Hyde\Publications\Testing\Feature\MakePublicationTypeCommandTest" classname="Hyde.Publications.Testing.Feature.MakePublicationTypeCommandTest" assertions="21" time="0.011857"/>
        <testcase name="testWithDefaultValues" file="/home/runner/work/develop/develop/packages/publications/tests/Feature/MakePublicationTypeCommandTest.php" line="103" class="Hyde\Publications\Testing\Feature\MakePublicationTypeCommandTest" classname="Hyde.Publications.Testing.Feature.MakePublicationTypeCommandTest" assertions="6" time="0.008979"/>
        <testcase name="testWithMultipleFieldsOfTheSameName" file="/home/runner/work/develop/develop/packages/publications/tests/Feature/MakePublicationTypeCommandTest.php" line="140" class="Hyde\Publications\Testing\Feature\MakePublicationTypeCommandTest" classname="Hyde.Publications.Testing.Feature.MakePublicationTypeCommandTest" assertions="18" time="0.012380"/>
        <testcase name="testWithExistingFileOfTheSameName" file="/home/runner/work/develop/develop/packages/publications/tests/Feature/MakePublicationTypeCommandTest.php" line="169" class="Hyde\Publications\Testing\Feature\MakePublicationTypeCommandTest" classname="Hyde.Publications.Testing.Feature.MakePublicationTypeCommandTest" assertions="2" time="0.006548"/>
        <testcase name="testWithExistingPublicationOfTheSameName" file="/home/runner/work/develop/develop/packages/publications/tests/Feature/MakePublicationTypeCommandTest.php" line="180" class="Hyde\Publications\Testing\Feature\MakePublicationTypeCommandTest" classname="Hyde.Publications.Testing.Feature.MakePublicationTypeCommandTest" assertions="2" time="0.007049"/>
        <testcase name="testWithTagFieldInput" file="/home/runner/work/develop/develop/packages/publications/tests/Feature/MakePublicationTypeCommandTest.php" line="192" class="Hyde\Publications\Testing\Feature\MakePublicationTypeCommandTest" classname="Hyde.Publications.Testing.Feature.MakePublicationTypeCommandTest" assertions="14" time="0.011835"/>
      </testsuite>
      <testsuite name="Hyde\Publications\Testing\Feature\PublicationFieldDefinitionTest" file="/home/runner/work/develop/develop/packages/publications/tests/Feature/PublicationFieldDefinitionTest.php" tests="12" assertions="18" errors="0" failures="0" skipped="0" time="0.039387">
        <testcase name="testCanInstantiateClass" file="/home/runner/work/develop/develop/packages/publications/tests/Feature/PublicationFieldDefinitionTest.php" line="17" class="Hyde\Publications\Testing\Feature\PublicationFieldDefinitionTest" classname="Hyde.Publications.Testing.Feature.PublicationFieldDefinitionTest" assertions="3" time="0.003405"/>
        <testcase name="testFromArrayMethod" file="/home/runner/work/develop/develop/packages/publications/tests/Feature/PublicationFieldDefinitionTest.php" line="26" class="Hyde\Publications\Testing\Feature\PublicationFieldDefinitionTest" classname="Hyde.Publications.Testing.Feature.PublicationFieldDefinitionTest" assertions="3" time="0.003253"/>
        <testcase name="testCanGetFieldAsArray" file="/home/runner/work/develop/develop/packages/publications/tests/Feature/PublicationFieldDefinitionTest.php" line="39" class="Hyde\Publications\Testing\Feature\PublicationFieldDefinitionTest" classname="Hyde.Publications.Testing.Feature.PublicationFieldDefinitionTest" assertions="1" time="0.003168"/>
        <testcase name="testCanGetFieldWithOptionalPropertiesAsArray" file="/home/runner/work/develop/develop/packages/publications/tests/Feature/PublicationFieldDefinitionTest.php" line="47" class="Hyde\Publications\Testing\Feature\PublicationFieldDefinitionTest" classname="Hyde.Publications.Testing.Feature.PublicationFieldDefinitionTest" assertions="1" time="0.003858"/>
        <testcase name="testCanEncodeFieldAsJson" file="/home/runner/work/develop/develop/packages/publications/tests/Feature/PublicationFieldDefinitionTest.php" line="56" class="Hyde\Publications\Testing\Feature\PublicationFieldDefinitionTest" classname="Hyde.Publications.Testing.Feature.PublicationFieldDefinitionTest" assertions="1" time="0.003239"/>
        <testcase name="testCanGetFieldWithOptionalPropertiesAsJson" file="/home/runner/work/develop/develop/packages/publications/tests/Feature/PublicationFieldDefinitionTest.php" line="61" class="Hyde\Publications\Testing\Feature\PublicationFieldDefinitionTest" classname="Hyde.Publications.Testing.Feature.PublicationFieldDefinitionTest" assertions="1" time="0.003238"/>
        <testcase name="testCanConstructTypeUsingEnumCase" file="/home/runner/work/develop/develop/packages/publications/tests/Feature/PublicationFieldDefinitionTest.php" line="69" class="Hyde\Publications\Testing\Feature\PublicationFieldDefinitionTest" classname="Hyde.Publications.Testing.Feature.PublicationFieldDefinitionTest" assertions="3" time="0.003428"/>
        <testcase name="testTypeMustBeValid" file="/home/runner/work/develop/develop/packages/publications/tests/Feature/PublicationFieldDefinitionTest.php" line="80" class="Hyde\Publications\Testing\Feature\PublicationFieldDefinitionTest" classname="Hyde.Publications.Testing.Feature.PublicationFieldDefinitionTest" assertions="1" time="0.003109"/>
        <testcase name="testTypeInputIsCaseInsensitive" file="/home/runner/work/develop/develop/packages/publications/tests/Feature/PublicationFieldDefinitionTest.php" line="87" class="Hyde\Publications\Testing\Feature\PublicationFieldDefinitionTest" classname="Hyde.Publications.Testing.Feature.PublicationFieldDefinitionTest" assertions="1" time="0.003158"/>
        <testcase name="testNameGetsStoredAsKebabCase" file="/home/runner/work/develop/develop/packages/publications/tests/Feature/PublicationFieldDefinitionTest.php" line="93" class="Hyde\Publications\Testing\Feature\PublicationFieldDefinitionTest" classname="Hyde.Publications.Testing.Feature.PublicationFieldDefinitionTest" assertions="1" time="0.003131"/>
        <testcase name="testGetRules" file="/home/runner/work/develop/develop/packages/publications/tests/Feature/PublicationFieldDefinitionTest.php" line="99" class="Hyde\Publications\Testing\Feature\PublicationFieldDefinitionTest" classname="Hyde.Publications.Testing.Feature.PublicationFieldDefinitionTest" assertions="1" time="0.003173"/>
        <testcase name="testGetRulesWithCustomTypeRules" file="/home/runner/work/develop/develop/packages/publications/tests/Feature/PublicationFieldDefinitionTest.php" line="105" class="Hyde\Publications\Testing\Feature\PublicationFieldDefinitionTest" classname="Hyde.Publications.Testing.Feature.PublicationFieldDefinitionTest" assertions="1" time="0.003226"/>
      </testsuite>
      <testsuite name="Hyde\Publications\Testing\Feature\PublicationFieldTypesEnumTest" file="/home/runner/work/develop/develop/packages/publications/tests/Feature/PublicationFieldTypesEnumTest.php" tests="9" assertions="32" errors="0" failures="0" skipped="0" time="0.030662">
        <testcase name="testCases" file="/home/runner/work/develop/develop/packages/publications/tests/Feature/PublicationFieldTypesEnumTest.php" line="15" class="Hyde\Publications\Testing\Feature\PublicationFieldTypesEnumTest" classname="Hyde.Publications.Testing.Feature.PublicationFieldTypesEnumTest" assertions="11" time="0.003914"/>
        <testcase name="testGetRules" file="/home/runner/work/develop/develop/packages/publications/tests/Feature/PublicationFieldTypesEnumTest.php" line="31" class="Hyde\Publications\Testing\Feature\PublicationFieldTypesEnumTest" classname="Hyde.Publications.Testing.Feature.PublicationFieldTypesEnumTest" assertions="10" time="0.004155"/>
        <testcase name="testCollectCreatesCollectionOfCases" file="/home/runner/work/develop/develop/packages/publications/tests/Feature/PublicationFieldTypesEnumTest.php" line="45" class="Hyde\Publications\Testing\Feature\PublicationFieldTypesEnumTest" classname="Hyde.Publications.Testing.Feature.PublicationFieldTypesEnumTest" assertions="1" time="0.003380"/>
        <testcase name="testValuesReturnsArrayOfCaseValues" file="/home/runner/work/develop/develop/packages/publications/tests/Feature/PublicationFieldTypesEnumTest.php" line="50" class="Hyde\Publications\Testing\Feature\PublicationFieldTypesEnumTest" classname="Hyde.Publications.Testing.Feature.PublicationFieldTypesEnumTest" assertions="1" time="0.003351"/>
        <testcase name="testNamesReturnsArrayOfCaseNames" file="/home/runner/work/develop/develop/packages/publications/tests/Feature/PublicationFieldTypesEnumTest.php" line="66" class="Hyde\Publications\Testing\Feature\PublicationFieldTypesEnumTest" classname="Hyde.Publications.Testing.Feature.PublicationFieldTypesEnumTest" assertions="1" time="0.003319"/>
        <testcase name="testCanonicable" file="/home/runner/work/develop/develop/packages/publications/tests/Feature/PublicationFieldTypesEnumTest.php" line="82" class="Hyde\Publications\Testing\Feature\PublicationFieldTypesEnumTest" classname="Hyde.Publications.Testing.Feature.PublicationFieldTypesEnumTest" assertions="1" time="0.003057"/>
        <testcase name="testArrayable" file="/home/runner/work/develop/develop/packages/publications/tests/Feature/PublicationFieldTypesEnumTest.php" line="92" class="Hyde\Publications\Testing\Feature\PublicationFieldTypesEnumTest" classname="Hyde.Publications.Testing.Feature.PublicationFieldTypesEnumTest" assertions="1" time="0.003046"/>
        <testcase name="testIsCanonicable" file="/home/runner/work/develop/develop/packages/publications/tests/Feature/PublicationFieldTypesEnumTest.php" line="100" class="Hyde\Publications\Testing\Feature\PublicationFieldTypesEnumTest" classname="Hyde.Publications.Testing.Feature.PublicationFieldTypesEnumTest" assertions="4" time="0.003311"/>
        <testcase name="testIsArrayable" file="/home/runner/work/develop/develop/packages/publications/tests/Feature/PublicationFieldTypesEnumTest.php" line="107" class="Hyde\Publications\Testing\Feature\PublicationFieldTypesEnumTest" classname="Hyde.Publications.Testing.Feature.PublicationFieldTypesEnumTest" assertions="2" time="0.003129"/>
      </testsuite>
      <testsuite name="Hyde\Publications\Testing\Feature\PublicationFieldValidatorTest" file="/home/runner/work/develop/develop/packages/publications/tests/Feature/PublicationFieldValidatorTest.php" tests="18" assertions="24" errors="0" failures="0" skipped="0" time="0.096578">
        <testcase name="testConstruct" file="/home/runner/work/develop/develop/packages/publications/tests/Feature/PublicationFieldValidatorTest.php" line="19" class="Hyde\Publications\Testing\Feature\PublicationFieldValidatorTest" classname="Hyde.Publications.Testing.Feature.PublicationFieldValidatorTest" assertions="1" time="0.027351"/>
        <testcase name="testValidate" file="/home/runner/work/develop/develop/packages/publications/tests/Feature/PublicationFieldValidatorTest.php" line="27" class="Hyde\Publications\Testing\Feature\PublicationFieldValidatorTest" classname="Hyde.Publications.Testing.Feature.PublicationFieldValidatorTest" assertions="3" time="0.005273"/>
        <testcase name="testValidateWithCustomTypeRules" file="/home/runner/work/develop/develop/packages/publications/tests/Feature/PublicationFieldValidatorTest.php" line="38" class="Hyde\Publications\Testing\Feature\PublicationFieldValidatorTest" classname="Hyde.Publications.Testing.Feature.PublicationFieldValidatorTest" assertions="3" time="0.005169"/>
        <testcase name="testGetRules" file="/home/runner/work/develop/develop/packages/publications/tests/Feature/PublicationFieldValidatorTest.php" line="49" class="Hyde\Publications\Testing\Feature\PublicationFieldValidatorTest" classname="Hyde.Publications.Testing.Feature.PublicationFieldValidatorTest" assertions="1" time="0.003310"/>
        <testcase name="testGetRulesWithCustomTypeRules" file="/home/runner/work/develop/develop/packages/publications/tests/Feature/PublicationFieldValidatorTest.php" line="56" class="Hyde\Publications\Testing\Feature\PublicationFieldValidatorTest" classname="Hyde.Publications.Testing.Feature.PublicationFieldValidatorTest" assertions="1" time="0.003381"/>
        <testcase name="testGetRulesForArray" file="/home/runner/work/develop/develop/packages/publications/tests/Feature/PublicationFieldValidatorTest.php" line="63" class="Hyde\Publications\Testing\Feature\PublicationFieldValidatorTest" classname="Hyde.Publications.Testing.Feature.PublicationFieldValidatorTest" assertions="1" time="0.003354"/>
        <testcase name="testValidateArrayPasses" file="/home/runner/work/develop/develop/packages/publications/tests/Feature/PublicationFieldValidatorTest.php" line="70" class="Hyde\Publications\Testing\Feature\PublicationFieldValidatorTest" classname="Hyde.Publications.Testing.Feature.PublicationFieldValidatorTest" assertions="1" time="0.003880"/>
        <testcase name="testValidateArrayFails" file="/home/runner/work/develop/develop/packages/publications/tests/Feature/PublicationFieldValidatorTest.php" line="79" class="Hyde\Publications\Testing\Feature\PublicationFieldValidatorTest" classname="Hyde.Publications.Testing.Feature.PublicationFieldValidatorTest" assertions="2" time="0.004227"/>
        <testcase name="testGetRulesForDatetime" file="/home/runner/work/develop/develop/packages/publications/tests/Feature/PublicationFieldValidatorTest.php" line="86" class="Hyde\Publications\Testing\Feature\PublicationFieldValidatorTest" classname="Hyde.Publications.Testing.Feature.PublicationFieldValidatorTest" assertions="1" time="0.003409"/>
        <testcase name="testValidateDatetimePasses" file="/home/runner/work/develop/develop/packages/publications/tests/Feature/PublicationFieldValidatorTest.php" line="93" class="Hyde\Publications\Testing\Feature\PublicationFieldValidatorTest" classname="Hyde.Publications.Testing.Feature.PublicationFieldValidatorTest" assertions="1" time="0.003798"/>
        <testcase name="testValidateDatetimeFailsForInvalidType" file="/home/runner/work/develop/develop/packages/publications/tests/Feature/PublicationFieldValidatorTest.php" line="100" class="Hyde\Publications\Testing\Feature\PublicationFieldValidatorTest" classname="Hyde.Publications.Testing.Feature.PublicationFieldValidatorTest" assertions="2" time="0.004296"/>
        <testcase name="testGetRulesForFloat" file="/home/runner/work/develop/develop/packages/publications/tests/Feature/PublicationFieldValidatorTest.php" line="107" class="Hyde\Publications\Testing\Feature\PublicationFieldValidatorTest" classname="Hyde.Publications.Testing.Feature.PublicationFieldValidatorTest" assertions="1" time="0.003365"/>
        <testcase name="testGetRulesForInteger" file="/home/runner/work/develop/develop/packages/publications/tests/Feature/PublicationFieldValidatorTest.php" line="114" class="Hyde\Publications\Testing\Feature\PublicationFieldValidatorTest" classname="Hyde.Publications.Testing.Feature.PublicationFieldValidatorTest" assertions="1" time="0.003369"/>
        <testcase name="testGetRulesForString" file="/home/runner/work/develop/develop/packages/publications/tests/Feature/PublicationFieldValidatorTest.php" line="121" class="Hyde\Publications\Testing\Feature\PublicationFieldValidatorTest" classname="Hyde.Publications.Testing.Feature.PublicationFieldValidatorTest" assertions="1" time="0.003378"/>
        <testcase name="testGetRulesForText" file="/home/runner/work/develop/develop/packages/publications/tests/Feature/PublicationFieldValidatorTest.php" line="128" class="Hyde\Publications\Testing\Feature\PublicationFieldValidatorTest" classname="Hyde.Publications.Testing.Feature.PublicationFieldValidatorTest" assertions="1" time="0.003389"/>
        <testcase name="testGetRulesForMedia" file="/home/runner/work/develop/develop/packages/publications/tests/Feature/PublicationFieldValidatorTest.php" line="135" class="Hyde\Publications\Testing\Feature\PublicationFieldValidatorTest" classname="Hyde.Publications.Testing.Feature.PublicationFieldValidatorTest" assertions="1" time="0.004971"/>
        <testcase name="testGetRulesForTag" file="/home/runner/work/develop/develop/packages/publications/tests/Feature/PublicationFieldValidatorTest.php" line="144" class="Hyde\Publications\Testing\Feature\PublicationFieldValidatorTest" classname="Hyde.Publications.Testing.Feature.PublicationFieldValidatorTest" assertions="1" time="0.007457"/>
        <testcase name="testGetRulesForUrl" file="/home/runner/work/develop/develop/packages/publications/tests/Feature/PublicationFieldValidatorTest.php" line="151" class="Hyde\Publications\Testing\Feature\PublicationFieldValidatorTest" classname="Hyde.Publications.Testing.Feature.PublicationFieldValidatorTest" assertions="1" time="0.003201"/>
      </testsuite>
      <testsuite name="Hyde\Publications\Testing\Feature\PublicationFieldValueTest" file="/home/runner/work/develop/develop/packages/publications/tests/Feature/PublicationFieldValueTest.php" tests="50" assertions="125" errors="0" failures="0" skipped="0" time="0.167077">
        <testcase name="testConstruct" file="/home/runner/work/develop/develop/packages/publications/tests/Feature/PublicationFieldValueTest.php" line="22" class="Hyde\Publications\Testing\Feature\PublicationFieldValueTest" classname="Hyde.Publications.Testing.Feature.PublicationFieldValueTest" assertions="1" time="0.003207"/>
        <testcase name="testGetType" file="/home/runner/work/develop/develop/packages/publications/tests/Feature/PublicationFieldValueTest.php" line="29" class="Hyde\Publications\Testing\Feature\PublicationFieldValueTest" classname="Hyde.Publications.Testing.Feature.PublicationFieldValueTest" assertions="1" time="0.003092"/>
        <testcase name="testGetValue" file="/home/runner/work/develop/develop/packages/publications/tests/Feature/PublicationFieldValueTest.php" line="36" class="Hyde\Publications\Testing\Feature\PublicationFieldValueTest" classname="Hyde.Publications.Testing.Feature.PublicationFieldValueTest" assertions="1" time="0.003102"/>
        <testcase name="testType" file="/home/runner/work/develop/develop/packages/publications/tests/Feature/PublicationFieldValueTest.php" line="41" class="Hyde\Publications\Testing\Feature\PublicationFieldValueTest" classname="Hyde.Publications.Testing.Feature.PublicationFieldValueTest" assertions="2" time="0.003149"/>
        <testcase name="testStringFieldConstruct" file="/home/runner/work/develop/develop/packages/publications/tests/Feature/PublicationFieldValueTest.php" line="50" class="Hyde\Publications\Testing\Feature\PublicationFieldValueTest" classname="Hyde.Publications.Testing.Feature.PublicationFieldValueTest" assertions="2" time="0.003205"/>
        <testcase name="testStringFieldGetValue" file="/home/runner/work/develop/develop/packages/publications/tests/Feature/PublicationFieldValueTest.php" line="58" class="Hyde\Publications\Testing\Feature\PublicationFieldValueTest" classname="Hyde.Publications.Testing.Feature.PublicationFieldValueTest" assertions="1" time="0.003117"/>
        <testcase name="testStringFieldToYaml" file="/home/runner/work/develop/develop/packages/publications/tests/Feature/PublicationFieldValueTest.php" line="63" class="Hyde\Publications\Testing\Feature\PublicationFieldValueTest" classname="Hyde.Publications.Testing.Feature.PublicationFieldValueTest" assertions="1" time="0.003146"/>
        <testcase name="testStringFieldParsingOptions" file="/home/runner/work/develop/develop/packages/publications/tests/Feature/PublicationFieldValueTest.php" line="68" class="Hyde\Publications\Testing\Feature\PublicationFieldValueTest" classname="Hyde.Publications.Testing.Feature.PublicationFieldValueTest" assertions="8" time="0.003794"/>
        <testcase name="testDatetimeFieldConstruct" file="/home/runner/work/develop/develop/packages/publications/tests/Feature/PublicationFieldValueTest.php" line="82" class="Hyde\Publications\Testing\Feature\PublicationFieldValueTest" classname="Hyde.Publications.Testing.Feature.PublicationFieldValueTest" assertions="2" time="0.003235"/>
        <testcase name="testDatetimeFieldGetValue" file="/home/runner/work/develop/develop/packages/publications/tests/Feature/PublicationFieldValueTest.php" line="90" class="Hyde\Publications\Testing\Feature\PublicationFieldValueTest" classname="Hyde.Publications.Testing.Feature.PublicationFieldValueTest" assertions="1" time="0.003430"/>
        <testcase name="testDatetimeFieldWithInvalidInput" file="/home/runner/work/develop/develop/packages/publications/tests/Feature/PublicationFieldValueTest.php" line="95" class="Hyde\Publications\Testing\Feature\PublicationFieldValueTest" classname="Hyde.Publications.Testing.Feature.PublicationFieldValueTest" assertions="2" time="0.003341"/>
        <testcase name="testDatetimeFieldWithDynamicInput" file="/home/runner/work/develop/develop/packages/publications/tests/Feature/PublicationFieldValueTest.php" line="102" class="Hyde\Publications\Testing\Feature\PublicationFieldValueTest" classname="Hyde.Publications.Testing.Feature.PublicationFieldValueTest" assertions="1" time="0.003169"/>
        <testcase name="testDatetimeFieldToYaml" file="/home/runner/work/develop/develop/packages/publications/tests/Feature/PublicationFieldValueTest.php" line="109" class="Hyde\Publications\Testing\Feature\PublicationFieldValueTest" classname="Hyde.Publications.Testing.Feature.PublicationFieldValueTest" assertions="1" time="0.004035"/>
        <testcase name="testBooleanFieldConstruct" file="/home/runner/work/develop/develop/packages/publications/tests/Feature/PublicationFieldValueTest.php" line="116" class="Hyde\Publications\Testing\Feature\PublicationFieldValueTest" classname="Hyde.Publications.Testing.Feature.PublicationFieldValueTest" assertions="2" time="0.003268"/>
        <testcase name="testBooleanFieldGetValue" file="/home/runner/work/develop/develop/packages/publications/tests/Feature/PublicationFieldValueTest.php" line="124" class="Hyde\Publications\Testing\Feature\PublicationFieldValueTest" classname="Hyde.Publications.Testing.Feature.PublicationFieldValueTest" assertions="1" time="0.003139"/>
        <testcase name="testBooleanFieldToYaml" file="/home/runner/work/develop/develop/packages/publications/tests/Feature/PublicationFieldValueTest.php" line="129" class="Hyde\Publications\Testing\Feature\PublicationFieldValueTest" classname="Hyde.Publications.Testing.Feature.PublicationFieldValueTest" assertions="1" time="0.003161"/>
        <testcase name="testBooleanFieldWithInvalidInput" file="/home/runner/work/develop/develop/packages/publications/tests/Feature/PublicationFieldValueTest.php" line="134" class="Hyde\Publications\Testing\Feature\PublicationFieldValueTest" classname="Hyde.Publications.Testing.Feature.PublicationFieldValueTest" assertions="2" time="0.003361"/>
        <testcase name="testBooleanFieldParsingOptions" file="/home/runner/work/develop/develop/packages/publications/tests/Feature/PublicationFieldValueTest.php" line="141" class="Hyde\Publications\Testing\Feature\PublicationFieldValueTest" classname="Hyde.Publications.Testing.Feature.PublicationFieldValueTest" assertions="4" time="0.003430"/>
        <testcase name="testIntegerFieldConstruct" file="/home/runner/work/develop/develop/packages/publications/tests/Feature/PublicationFieldValueTest.php" line="151" class="Hyde\Publications\Testing\Feature\PublicationFieldValueTest" classname="Hyde.Publications.Testing.Feature.PublicationFieldValueTest" assertions="2" time="0.003201"/>
        <testcase name="testIntegerFieldGetValue" file="/home/runner/work/develop/develop/packages/publications/tests/Feature/PublicationFieldValueTest.php" line="159" class="Hyde\Publications\Testing\Feature\PublicationFieldValueTest" classname="Hyde.Publications.Testing.Feature.PublicationFieldValueTest" assertions="1" time="0.003126"/>
        <testcase name="testIntegerFieldToYaml" file="/home/runner/work/develop/develop/packages/publications/tests/Feature/PublicationFieldValueTest.php" line="164" class="Hyde\Publications\Testing\Feature\PublicationFieldValueTest" classname="Hyde.Publications.Testing.Feature.PublicationFieldValueTest" assertions="1" time="0.003114"/>
        <testcase name="testIntegerFieldWithInvalidInput" file="/home/runner/work/develop/develop/packages/publications/tests/Feature/PublicationFieldValueTest.php" line="169" class="Hyde\Publications\Testing\Feature\PublicationFieldValueTest" classname="Hyde.Publications.Testing.Feature.PublicationFieldValueTest" assertions="2" time="0.003239"/>
        <testcase name="testIntegerFieldParsingOptions" file="/home/runner/work/develop/develop/packages/publications/tests/Feature/PublicationFieldValueTest.php" line="176" class="Hyde\Publications\Testing\Feature\PublicationFieldValueTest" classname="Hyde.Publications.Testing.Feature.PublicationFieldValueTest" assertions="8" time="0.003860"/>
        <testcase name="testFloatFieldConstruct" file="/home/runner/work/develop/develop/packages/publications/tests/Feature/PublicationFieldValueTest.php" line="190" class="Hyde\Publications\Testing\Feature\PublicationFieldValueTest" classname="Hyde.Publications.Testing.Feature.PublicationFieldValueTest" assertions="2" time="0.003227"/>
        <testcase name="testFloatFieldGetValue" file="/home/runner/work/develop/develop/packages/publications/tests/Feature/PublicationFieldValueTest.php" line="198" class="Hyde\Publications\Testing\Feature\PublicationFieldValueTest" classname="Hyde.Publications.Testing.Feature.PublicationFieldValueTest" assertions="1" time="0.003146"/>
        <testcase name="testFloatFieldToYaml" file="/home/runner/work/develop/develop/packages/publications/tests/Feature/PublicationFieldValueTest.php" line="203" class="Hyde\Publications\Testing\Feature\PublicationFieldValueTest" classname="Hyde.Publications.Testing.Feature.PublicationFieldValueTest" assertions="1" time="0.003166"/>
        <testcase name="testFloatFieldWithInvalidInput" file="/home/runner/work/develop/develop/packages/publications/tests/Feature/PublicationFieldValueTest.php" line="208" class="Hyde\Publications\Testing\Feature\PublicationFieldValueTest" classname="Hyde.Publications.Testing.Feature.PublicationFieldValueTest" assertions="2" time="0.003249"/>
        <testcase name="testFloatFieldParsingOptions" file="/home/runner/work/develop/develop/packages/publications/tests/Feature/PublicationFieldValueTest.php" line="215" class="Hyde\Publications\Testing\Feature\PublicationFieldValueTest" classname="Hyde.Publications.Testing.Feature.PublicationFieldValueTest" assertions="8" time="0.003800"/>
        <testcase name="testArrayFieldConstruct" file="/home/runner/work/develop/develop/packages/publications/tests/Feature/PublicationFieldValueTest.php" line="229" class="Hyde\Publications\Testing\Feature\PublicationFieldValueTest" classname="Hyde.Publications.Testing.Feature.PublicationFieldValueTest" assertions="2" time="0.003202"/>
        <testcase name="testArrayFieldGetValue" file="/home/runner/work/develop/develop/packages/publications/tests/Feature/PublicationFieldValueTest.php" line="237" class="Hyde\Publications\Testing\Feature\PublicationFieldValueTest" classname="Hyde.Publications.Testing.Feature.PublicationFieldValueTest" assertions="1" time="0.003192"/>
        <testcase name="testArrayFieldToYaml" file="/home/runner/work/develop/develop/packages/publications/tests/Feature/PublicationFieldValueTest.php" line="242" class="Hyde\Publications\Testing\Feature\PublicationFieldValueTest" classname="Hyde.Publications.Testing.Feature.PublicationFieldValueTest" assertions="1" time="0.003162"/>
        <testcase name="testArrayFieldWithArrayInput" file="/home/runner/work/develop/develop/packages/publications/tests/Feature/PublicationFieldValueTest.php" line="247" class="Hyde\Publications\Testing\Feature\PublicationFieldValueTest" classname="Hyde.Publications.Testing.Feature.PublicationFieldValueTest" assertions="1" time="0.003204"/>
        <testcase name="testArrayFieldParsingOptions" file="/home/runner/work/develop/develop/packages/publications/tests/Feature/PublicationFieldValueTest.php" line="252" class="Hyde\Publications\Testing\Feature\PublicationFieldValueTest" classname="Hyde.Publications.Testing.Feature.PublicationFieldValueTest" assertions="8" time="0.004037"/>
        <testcase name="testTextFieldConstruct" file="/home/runner/work/develop/develop/packages/publications/tests/Feature/PublicationFieldValueTest.php" line="266" class="Hyde\Publications\Testing\Feature\PublicationFieldValueTest" classname="Hyde.Publications.Testing.Feature.PublicationFieldValueTest" assertions="2" time="0.003190"/>
        <testcase name="testTextFieldGetValue" file="/home/runner/work/develop/develop/packages/publications/tests/Feature/PublicationFieldValueTest.php" line="274" class="Hyde\Publications\Testing\Feature\PublicationFieldValueTest" classname="Hyde.Publications.Testing.Feature.PublicationFieldValueTest" assertions="1" time="0.003115"/>
        <testcase name="testTextFieldToYaml" file="/home/runner/work/develop/develop/packages/publications/tests/Feature/PublicationFieldValueTest.php" line="279" class="Hyde\Publications\Testing\Feature\PublicationFieldValueTest" classname="Hyde.Publications.Testing.Feature.PublicationFieldValueTest" assertions="1" time="0.003123"/>
        <testcase name="testTextFieldParsingOptions" file="/home/runner/work/develop/develop/packages/publications/tests/Feature/PublicationFieldValueTest.php" line="285" class="Hyde\Publications\Testing\Feature\PublicationFieldValueTest" classname="Hyde.Publications.Testing.Feature.PublicationFieldValueTest" assertions="13" time="0.004233"/>
        <testcase name="testUrlFieldConstruct" file="/home/runner/work/develop/develop/packages/publications/tests/Feature/PublicationFieldValueTest.php" line="304" class="Hyde\Publications\Testing\Feature\PublicationFieldValueTest" classname="Hyde.Publications.Testing.Feature.PublicationFieldValueTest" assertions="2" time="0.003230"/>
        <testcase name="testUrlFieldGetValue" file="/home/runner/work/develop/develop/packages/publications/tests/Feature/PublicationFieldValueTest.php" line="312" class="Hyde\Publications\Testing\Feature\PublicationFieldValueTest" classname="Hyde.Publications.Testing.Feature.PublicationFieldValueTest" assertions="1" time="0.003136"/>
        <testcase name="testUrlFieldToYaml" file="/home/runner/work/develop/develop/packages/publications/tests/Feature/PublicationFieldValueTest.php" line="317" class="Hyde\Publications\Testing\Feature\PublicationFieldValueTest" classname="Hyde.Publications.Testing.Feature.PublicationFieldValueTest" assertions="1" time="0.003142"/>
        <testcase name="testUrlFieldWithInvalidInput" file="/home/runner/work/develop/develop/packages/publications/tests/Feature/PublicationFieldValueTest.php" line="322" class="Hyde\Publications\Testing\Feature\PublicationFieldValueTest" classname="Hyde.Publications.Testing.Feature.PublicationFieldValueTest" assertions="2" time="0.003243"/>
        <testcase name="testMediaFieldConstruct" file="/home/runner/work/develop/develop/packages/publications/tests/Feature/PublicationFieldValueTest.php" line="331" class="Hyde\Publications\Testing\Feature\PublicationFieldValueTest" classname="Hyde.Publications.Testing.Feature.PublicationFieldValueTest" assertions="2" time="0.003209"/>
        <testcase name="testMediaFieldGetValue" file="/home/runner/work/develop/develop/packages/publications/tests/Feature/PublicationFieldValueTest.php" line="339" class="Hyde\Publications\Testing\Feature\PublicationFieldValueTest" classname="Hyde.Publications.Testing.Feature.PublicationFieldValueTest" assertions="1" time="0.003116"/>
        <testcase name="testMediaFieldToYaml" file="/home/runner/work/develop/develop/packages/publications/tests/Feature/PublicationFieldValueTest.php" line="344" class="Hyde\Publications\Testing\Feature\PublicationFieldValueTest" classname="Hyde.Publications.Testing.Feature.PublicationFieldValueTest" assertions="1" time="0.003224"/>
        <testcase name="testTagFieldConstruct" file="/home/runner/work/develop/develop/packages/publications/tests/Feature/PublicationFieldValueTest.php" line="351" class="Hyde\Publications\Testing\Feature\PublicationFieldValueTest" classname="Hyde.Publications.Testing.Feature.PublicationFieldValueTest" assertions="2" time="0.003187"/>
        <testcase name="testTagFieldGetValue" file="/home/runner/work/develop/develop/packages/publications/tests/Feature/PublicationFieldValueTest.php" line="359" class="Hyde\Publications\Testing\Feature\PublicationFieldValueTest" classname="Hyde.Publications.Testing.Feature.PublicationFieldValueTest" assertions="1" time="0.003164"/>
        <testcase name="testTagFieldToYaml" file="/home/runner/work/develop/develop/packages/publications/tests/Feature/PublicationFieldValueTest.php" line="364" class="Hyde\Publications\Testing\Feature\PublicationFieldValueTest" classname="Hyde.Publications.Testing.Feature.PublicationFieldValueTest" assertions="1" time="0.003160"/>
        <testcase name="testTagFieldWithArrayInput" file="/home/runner/work/develop/develop/packages/publications/tests/Feature/PublicationFieldValueTest.php" line="369" class="Hyde\Publications\Testing\Feature\PublicationFieldValueTest" classname="Hyde.Publications.Testing.Feature.PublicationFieldValueTest" assertions="1" time="0.003169"/>
        <testcase name="testTagFieldParsingOptions" file="/home/runner/work/develop/develop/packages/publications/tests/Feature/PublicationFieldValueTest.php" line="374" class="Hyde\Publications\Testing\Feature\PublicationFieldValueTest" classname="Hyde.Publications.Testing.Feature.PublicationFieldValueTest" assertions="8" time="0.004933"/>
        <testcase name="testDefaultValidationRules" file="/home/runner/work/develop/develop/packages/publications/tests/Feature/PublicationFieldValueTest.php" line="388" class="Hyde\Publications\Testing\Feature\PublicationFieldValueTest" classname="Hyde.Publications.Testing.Feature.PublicationFieldValueTest" assertions="10" time="0.004194"/>
      </testsuite>
      <testsuite name="Hyde\Publications\Testing\Feature\PublicationListPageTest" file="/home/runner/work/develop/develop/packages/publications/tests/Feature/PublicationListPageTest.php" tests="4" assertions="7" errors="0" failures="0" skipped="0" time="0.037781">
        <testcase name="testSourcePathMappings" file="/home/runner/work/develop/develop/packages/publications/tests/Feature/PublicationListPageTest.php" line="18" class="Hyde\Publications\Testing\Feature\PublicationListPageTest" classname="Hyde.Publications.Testing.Feature.PublicationListPageTest" assertions="4" time="0.005384"/>
        <testcase name="testListingPageCanBeCompiled" file="/home/runner/work/develop/develop/packages/publications/tests/Feature/PublicationListPageTest.php" line="31" class="Hyde\Publications\Testing\Feature\PublicationListPageTest" classname="Hyde.Publications.Testing.Feature.PublicationListPageTest" assertions="1" time="0.022389"/>
        <testcase name="testListPageCanShowUpInNavigation" file="/home/runner/work/develop/develop/packages/publications/tests/Feature/PublicationListPageTest.php" line="44" class="Hyde\Publications\Testing\Feature\PublicationListPageTest" classname="Hyde.Publications.Testing.Feature.PublicationListPageTest" assertions="1" time="0.004970"/>
        <testcase name="testListPageIsNotAddedToNavigationWhenPublicationIdentifierIsSetInConfig" file="/home/runner/work/develop/develop/packages/publications/tests/Feature/PublicationListPageTest.php" line="55" class="Hyde\Publications\Testing\Feature\PublicationListPageTest" classname="Hyde.Publications.Testing.Feature.PublicationListPageTest" assertions="1" time="0.005039"/>
      </testsuite>
      <testsuite name="Hyde\Publications\Testing\Feature\PublicationPageCompilerTest" file="/home/runner/work/develop/develop/packages/publications/tests/Feature/PublicationPageCompilerTest.php" tests="8" assertions="10" errors="0" failures="0" skipped="0" time="0.075297">
        <testcase name="testCanCompilePublicationPages" file="/home/runner/work/develop/develop/packages/publications/tests/Feature/PublicationPageCompilerTest.php" line="20" class="Hyde\Publications\Testing\Feature\PublicationPageCompilerTest" classname="Hyde.Publications.Testing.Feature.PublicationPageCompilerTest" assertions="1" time="0.007042"/>
        <testcase name="testCanCompileListPages" file="/home/runner/work/develop/develop/packages/publications/tests/Feature/PublicationPageCompilerTest.php" line="31" class="Hyde\Publications\Testing\Feature\PublicationPageCompilerTest" classname="Hyde.Publications.Testing.Feature.PublicationPageCompilerTest" assertions="1" time="0.013075"/>
        <testcase name="testCanCompilePublicationPagesWithRegisteredView" file="/home/runner/work/develop/develop/packages/publications/tests/Feature/PublicationPageCompilerTest.php" line="43" class="Hyde\Publications\Testing\Feature\PublicationPageCompilerTest" classname="Hyde.Publications.Testing.Feature.PublicationPageCompilerTest" assertions="1" time="0.011329"/>
        <testcase name="testCanCompileListPagesWithRegisteredView" file="/home/runner/work/develop/develop/packages/publications/tests/Feature/PublicationPageCompilerTest.php" line="58" class="Hyde\Publications\Testing\Feature\PublicationPageCompilerTest" classname="Hyde.Publications.Testing.Feature.PublicationPageCompilerTest" assertions="1" time="0.006847"/>
        <testcase name="testCanCompilePublicationPagesWithRegisteredNamespacedView" file="/home/runner/work/develop/develop/packages/publications/tests/Feature/PublicationPageCompilerTest.php" line="73" class="Hyde\Publications\Testing\Feature\PublicationPageCompilerTest" classname="Hyde.Publications.Testing.Feature.PublicationPageCompilerTest" assertions="1" time="0.019070"/>
        <testcase name="testCanCompileListPagesWithRegisteredNamespacedView" file="/home/runner/work/develop/develop/packages/publications/tests/Feature/PublicationPageCompilerTest.php" line="86" class="Hyde\Publications\Testing\Feature\PublicationPageCompilerTest" classname="Hyde.Publications.Testing.Feature.PublicationPageCompilerTest" assertions="1" time="0.006487"/>
        <testcase name="testWithMissingDetailBladeView" file="/home/runner/work/develop/develop/packages/publications/tests/Feature/PublicationPageCompilerTest.php" line="101" class="Hyde\Publications\Testing\Feature\PublicationPageCompilerTest" classname="Hyde.Publications.Testing.Feature.PublicationPageCompilerTest" assertions="2" time="0.005788"/>
        <testcase name="testWithMissingListBladeView" file="/home/runner/work/develop/develop/packages/publications/tests/Feature/PublicationPageCompilerTest.php" line="111" class="Hyde\Publications\Testing\Feature\PublicationPageCompilerTest" classname="Hyde.Publications.Testing.Feature.PublicationPageCompilerTest" assertions="2" time="0.005659"/>
      </testsuite>
      <testsuite name="Hyde\Publications\Testing\Feature\PublicationPageTest" file="/home/runner/work/develop/develop/packages/publications/tests/Feature/PublicationPageTest.php" tests="8" assertions="27" errors="0" failures="0" skipped="0" time="0.074045">
        <testcase name="testSourcePathMappings" file="/home/runner/work/develop/develop/packages/publications/tests/Feature/PublicationPageTest.php" line="18" class="Hyde\Publications\Testing\Feature\PublicationPageTest" classname="Hyde.Publications.Testing.Feature.PublicationPageTest" assertions="4" time="0.006095"/>
        <testcase name="testPublicationPagesAreRoutable" file="/home/runner/work/develop/develop/packages/publications/tests/Feature/PublicationPageTest.php" line="30" class="Hyde\Publications\Testing\Feature\PublicationPageTest" classname="Hyde.Publications.Testing.Feature.PublicationPageTest" assertions="5" time="0.012202"/>
        <testcase name="testPublicationPagesAreDiscoverable" file="/home/runner/work/develop/develop/packages/publications/tests/Feature/PublicationPageTest.php" line="42" class="Hyde\Publications\Testing\Feature\PublicationPageTest" classname="Hyde.Publications.Testing.Feature.PublicationPageTest" assertions="1" time="0.011106"/>
        <testcase name="testPublicationPagesAreProperlyParsed" file="/home/runner/work/develop/develop/packages/publications/tests/Feature/PublicationPageTest.php" line="50" class="Hyde\Publications\Testing\Feature\PublicationPageTest" classname="Hyde.Publications.Testing.Feature.PublicationPageTest" assertions="6" time="0.012836"/>
        <testcase name="testPublicationPagesAreParsable" file="/home/runner/work/develop/develop/packages/publications/tests/Feature/PublicationPageTest.php" line="64" class="Hyde\Publications\Testing\Feature\PublicationPageTest" classname="Hyde.Publications.Testing.Feature.PublicationPageTest" assertions="6" time="0.006568"/>
        <testcase name="testPublicationPagesAreCompilable" file="/home/runner/work/develop/develop/packages/publications/tests/Feature/PublicationPageTest.php" line="91" class="Hyde\Publications\Testing\Feature\PublicationPageTest" classname="Hyde.Publications.Testing.Feature.PublicationPageTest" assertions="1" time="0.012957"/>
        <testcase name="testIdentifierPassedConstructorIsNormalized" file="/home/runner/work/develop/develop/packages/publications/tests/Feature/PublicationPageTest.php" line="101" class="Hyde\Publications\Testing\Feature\PublicationPageTest" classname="Hyde.Publications.Testing.Feature.PublicationPageTest" assertions="3" time="0.006735"/>
        <testcase name="testIdentifierNormalizerDoesNotAffectDirectoryWithSameNameAsIdentifier" file="/home/runner/work/develop/develop/packages/publications/tests/Feature/PublicationPageTest.php" line="115" class="Hyde\Publications\Testing\Feature\PublicationPageTest" classname="Hyde.Publications.Testing.Feature.PublicationPageTest" assertions="1" time="0.005547"/>
      </testsuite>
      <testsuite name="Hyde\Publications\Testing\Feature\PublicationPageUnitTest" file="/home/runner/work/develop/develop/packages/publications/tests/Feature/PublicationPageUnitTest.php" tests="34" assertions="36" errors="0" failures="0" skipped="0" time="0.167015">
        <testcase name="testSourceDirectory" file="/home/runner/work/develop/develop/packages/publications/tests/Feature/PublicationPageUnitTest.php" line="26" class="Hyde\Publications\Testing\Feature\PublicationPageUnitTest" classname="Hyde.Publications.Testing.Feature.PublicationPageUnitTest" assertions="1" time="0.003103"/>
        <testcase name="testOutputDirectory" file="/home/runner/work/develop/develop/packages/publications/tests/Feature/PublicationPageUnitTest.php" line="34" class="Hyde\Publications\Testing\Feature\PublicationPageUnitTest" classname="Hyde.Publications.Testing.Feature.PublicationPageUnitTest" assertions="1" time="0.003004"/>
        <testcase name="testFileExtension" file="/home/runner/work/develop/develop/packages/publications/tests/Feature/PublicationPageUnitTest.php" line="42" class="Hyde\Publications\Testing\Feature\PublicationPageUnitTest" classname="Hyde.Publications.Testing.Feature.PublicationPageUnitTest" assertions="1" time="0.003011"/>
        <testcase name="testSourcePath" file="/home/runner/work/develop/develop/packages/publications/tests/Feature/PublicationPageUnitTest.php" line="50" class="Hyde\Publications\Testing\Feature\PublicationPageUnitTest" classname="Hyde.Publications.Testing.Feature.PublicationPageUnitTest" assertions="1" time="0.003033"/>
        <testcase name="testOutputPath" file="/home/runner/work/develop/develop/packages/publications/tests/Feature/PublicationPageUnitTest.php" line="58" class="Hyde\Publications\Testing\Feature\PublicationPageUnitTest" classname="Hyde.Publications.Testing.Feature.PublicationPageUnitTest" assertions="1" time="0.003091"/>
        <testcase name="testPath" file="/home/runner/work/develop/develop/packages/publications/tests/Feature/PublicationPageUnitTest.php" line="66" class="Hyde\Publications\Testing\Feature\PublicationPageUnitTest" classname="Hyde.Publications.Testing.Feature.PublicationPageUnitTest" assertions="1" time="0.003080"/>
        <testcase name="testGetSourcePath" file="/home/runner/work/develop/develop/packages/publications/tests/Feature/PublicationPageUnitTest.php" line="74" class="Hyde\Publications\Testing\Feature\PublicationPageUnitTest" classname="Hyde.Publications.Testing.Feature.PublicationPageUnitTest" assertions="1" time="0.004642"/>
        <testcase name="testGetOutputPath" file="/home/runner/work/develop/develop/packages/publications/tests/Feature/PublicationPageUnitTest.php" line="82" class="Hyde\Publications\Testing\Feature\PublicationPageUnitTest" classname="Hyde.Publications.Testing.Feature.PublicationPageUnitTest" assertions="1" time="0.004418"/>
        <testcase name="testGetLink" file="/home/runner/work/develop/develop/packages/publications/tests/Feature/PublicationPageUnitTest.php" line="90" class="Hyde\Publications\Testing\Feature\PublicationPageUnitTest" classname="Hyde.Publications.Testing.Feature.PublicationPageUnitTest" assertions="1" time="0.004465"/>
        <testcase name="testMake" file="/home/runner/work/develop/develop/packages/publications/tests/Feature/PublicationPageUnitTest.php" line="98" class="Hyde\Publications\Testing\Feature\PublicationPageUnitTest" classname="Hyde.Publications.Testing.Feature.PublicationPageUnitTest" assertions="1" time="0.005905"/>
        <testcase name="testMakeWithData" file="/home/runner/work/develop/develop/packages/publications/tests/Feature/PublicationPageUnitTest.php" line="104" class="Hyde\Publications\Testing\Feature\PublicationPageUnitTest" classname="Hyde.Publications.Testing.Feature.PublicationPageUnitTest" assertions="1" time="0.005970"/>
        <testcase name="testShowInNavigation" file="/home/runner/work/develop/develop/packages/publications/tests/Feature/PublicationPageUnitTest.php" line="112" class="Hyde\Publications\Testing\Feature\PublicationPageUnitTest" classname="Hyde.Publications.Testing.Feature.PublicationPageUnitTest" assertions="1" time="0.004399"/>
        <testcase name="testNavigationMenuPriority" file="/home/runner/work/develop/develop/packages/publications/tests/Feature/PublicationPageUnitTest.php" line="117" class="Hyde\Publications\Testing\Feature\PublicationPageUnitTest" classname="Hyde.Publications.Testing.Feature.PublicationPageUnitTest" assertions="1" time="0.004423"/>
        <testcase name="testNavigationMenuLabel" file="/home/runner/work/develop/develop/packages/publications/tests/Feature/PublicationPageUnitTest.php" line="122" class="Hyde\Publications\Testing\Feature\PublicationPageUnitTest" classname="Hyde.Publications.Testing.Feature.PublicationPageUnitTest" assertions="1" time="0.004424"/>
        <testcase name="testNavigationMenuGroup" file="/home/runner/work/develop/develop/packages/publications/tests/Feature/PublicationPageUnitTest.php" line="127" class="Hyde\Publications\Testing\Feature\PublicationPageUnitTest" classname="Hyde.Publications.Testing.Feature.PublicationPageUnitTest" assertions="1" time="0.004427"/>
        <testcase name="testGetBladeView" file="/home/runner/work/develop/develop/packages/publications/tests/Feature/PublicationPageUnitTest.php" line="132" class="Hyde\Publications\Testing\Feature\PublicationPageUnitTest" classname="Hyde.Publications.Testing.Feature.PublicationPageUnitTest" assertions="1" time="0.004568"/>
        <testcase name="testFiles" file="/home/runner/work/develop/develop/packages/publications/tests/Feature/PublicationPageUnitTest.php" line="138" class="Hyde\Publications\Testing\Feature\PublicationPageUnitTest" classname="Hyde.Publications.Testing.Feature.PublicationPageUnitTest" assertions="1" time="0.007107"/>
        <testcase name="testData" file="/home/runner/work/develop/develop/packages/publications/tests/Feature/PublicationPageUnitTest.php" line="143" class="Hyde\Publications\Testing\Feature\PublicationPageUnitTest" classname="Hyde.Publications.Testing.Feature.PublicationPageUnitTest" assertions="1" time="0.004327"/>
        <testcase name="testGet" file="/home/runner/work/develop/develop/packages/publications/tests/Feature/PublicationPageUnitTest.php" line="148" class="Hyde\Publications\Testing\Feature\PublicationPageUnitTest" classname="Hyde.Publications.Testing.Feature.PublicationPageUnitTest" assertions="1" time="0.007689"/>
        <testcase name="testParse" file="/home/runner/work/develop/develop/packages/publications/tests/Feature/PublicationPageUnitTest.php" line="155" class="Hyde\Publications\Testing\Feature\PublicationPageUnitTest" classname="Hyde.Publications.Testing.Feature.PublicationPageUnitTest" assertions="1" time="0.005820"/>
        <testcase name="testGetRouteKey" file="/home/runner/work/develop/develop/packages/publications/tests/Feature/PublicationPageUnitTest.php" line="164" class="Hyde\Publications\Testing\Feature\PublicationPageUnitTest" classname="Hyde.Publications.Testing.Feature.PublicationPageUnitTest" assertions="1" time="0.004385"/>
        <testcase name="testTitle" file="/home/runner/work/develop/develop/packages/publications/tests/Feature/PublicationPageUnitTest.php" line="169" class="Hyde\Publications\Testing\Feature\PublicationPageUnitTest" classname="Hyde.Publications.Testing.Feature.PublicationPageUnitTest" assertions="1" time="0.004433"/>
        <testcase name="testAll" file="/home/runner/work/develop/develop/packages/publications/tests/Feature/PublicationPageUnitTest.php" line="174" class="Hyde\Publications\Testing\Feature\PublicationPageUnitTest" classname="Hyde.Publications.Testing.Feature.PublicationPageUnitTest" assertions="1" time="0.006998"/>
        <testcase name="testMetadata" file="/home/runner/work/develop/develop/packages/publications/tests/Feature/PublicationPageUnitTest.php" line="179" class="Hyde\Publications\Testing\Feature\PublicationPageUnitTest" classname="Hyde.Publications.Testing.Feature.PublicationPageUnitTest" assertions="1" time="0.004726"/>
        <testcase name="testConstruct" file="/home/runner/work/develop/develop/packages/publications/tests/Feature/PublicationPageUnitTest.php" line="185" class="Hyde\Publications\Testing\Feature\PublicationPageUnitTest" classname="Hyde.Publications.Testing.Feature.PublicationPageUnitTest" assertions="1" time="0.005386"/>
        <testcase name="testGetRoute" file="/home/runner/work/develop/develop/packages/publications/tests/Feature/PublicationPageUnitTest.php" line="190" class="Hyde\Publications\Testing\Feature\PublicationPageUnitTest" classname="Hyde.Publications.Testing.Feature.PublicationPageUnitTest" assertions="1" time="0.007892"/>
        <testcase name="testGetIdentifier" file="/home/runner/work/develop/develop/packages/publications/tests/Feature/PublicationPageUnitTest.php" line="195" class="Hyde\Publications\Testing\Feature\PublicationPageUnitTest" classname="Hyde.Publications.Testing.Feature.PublicationPageUnitTest" assertions="1" time="0.004301"/>
        <testcase name="testHas" file="/home/runner/work/develop/develop/packages/publications/tests/Feature/PublicationPageUnitTest.php" line="200" class="Hyde\Publications\Testing\Feature\PublicationPageUnitTest" classname="Hyde.Publications.Testing.Feature.PublicationPageUnitTest" assertions="1" time="0.004451"/>
        <testcase name="testToCoreDataObject" file="/home/runner/work/develop/develop/packages/publications/tests/Feature/PublicationPageUnitTest.php" line="205" class="Hyde\Publications\Testing\Feature\PublicationPageUnitTest" classname="Hyde.Publications.Testing.Feature.PublicationPageUnitTest" assertions="1" time="0.004470"/>
        <testcase name="testCompile" file="/home/runner/work/develop/develop/packages/publications/tests/Feature/PublicationPageUnitTest.php" line="211" class="Hyde\Publications\Testing\Feature\PublicationPageUnitTest" classname="Hyde.Publications.Testing.Feature.PublicationPageUnitTest" assertions="1" time="0.009938"/>
        <testcase name="testMatter" file="/home/runner/work/develop/develop/packages/publications/tests/Feature/PublicationPageUnitTest.php" line="221" class="Hyde\Publications\Testing\Feature\PublicationPageUnitTest" classname="Hyde.Publications.Testing.Feature.PublicationPageUnitTest" assertions="1" time="0.004227"/>
        <testcase name="testMarkdown" file="/home/runner/work/develop/develop/packages/publications/tests/Feature/PublicationPageUnitTest.php" line="226" class="Hyde\Publications\Testing\Feature\PublicationPageUnitTest" classname="Hyde.Publications.Testing.Feature.PublicationPageUnitTest" assertions="1" time="0.004423"/>
        <testcase name="testSave" file="/home/runner/work/develop/develop/packages/publications/tests/Feature/PublicationPageUnitTest.php" line="231" class="Hyde\Publications\Testing\Feature\PublicationPageUnitTest" classname="Hyde.Publications.Testing.Feature.PublicationPageUnitTest" assertions="2" time="0.005476"/>
        <testcase name="testGetType" file="/home/runner/work/develop/develop/packages/publications/tests/Feature/PublicationPageUnitTest.php" line="240" class="Hyde\Publications\Testing\Feature\PublicationPageUnitTest" classname="Hyde.Publications.Testing.Feature.PublicationPageUnitTest" assertions="2" time="0.005003"/>
      </testsuite>
      <testsuite name="Hyde\Publications\Testing\Feature\PublicationPageValidatorTest" file="/home/runner/work/develop/develop/packages/publications/tests/Feature/PublicationPageValidatorTest.php" tests="5" assertions="5" errors="0" failures="0" skipped="0" time="0.045081">
        <testcase name="testValidatePageFile" file="/home/runner/work/develop/develop/packages/publications/tests/Feature/PublicationPageValidatorTest.php" line="17" class="Hyde\Publications\Testing\Feature\PublicationPageValidatorTest" classname="Hyde.Publications.Testing.Feature.PublicationPageValidatorTest" assertions="1" time="0.022571"/>
        <testcase name="testValidatePageFileWithInvalidFields" file="/home/runner/work/develop/develop/packages/publications/tests/Feature/PublicationPageValidatorTest.php" line="42" class="Hyde\Publications\Testing\Feature\PublicationPageValidatorTest" classname="Hyde.Publications.Testing.Feature.PublicationPageValidatorTest" assertions="1" time="0.006211"/>
        <testcase name="testValidatePageFileWithInvalidDataBuffered" file="/home/runner/work/develop/develop/packages/publications/tests/Feature/PublicationPageValidatorTest.php" line="66" class="Hyde\Publications\Testing\Feature\PublicationPageValidatorTest" classname="Hyde.Publications.Testing.Feature.PublicationPageValidatorTest" assertions="1" time="0.006170"/>
        <testcase name="testWarningsWithWarnings" file="/home/runner/work/develop/develop/packages/publications/tests/Feature/PublicationPageValidatorTest.php" line="92" class="Hyde\Publications\Testing\Feature\PublicationPageValidatorTest" classname="Hyde.Publications.Testing.Feature.PublicationPageValidatorTest" assertions="1" time="0.005151"/>
        <testcase name="testWarningsWithoutWarnings" file="/home/runner/work/develop/develop/packages/publications/tests/Feature/PublicationPageValidatorTest.php" line="114" class="Hyde\Publications\Testing\Feature\PublicationPageValidatorTest" classname="Hyde.Publications.Testing.Feature.PublicationPageValidatorTest" assertions="1" time="0.004978"/>
      </testsuite>
      <testsuite name="Hyde\Publications\Testing\Feature\PublicationSchemaValidatorTest" file="/home/runner/work/develop/develop/packages/publications/tests/Feature/PublicationSchemaValidatorTest.php" tests="4" assertions="4" errors="0" failures="0" skipped="0" time="0.056089">
        <testcase name="testValidateSchemaFile" file="/home/runner/work/develop/develop/packages/publications/tests/Feature/PublicationSchemaValidatorTest.php" line="16" class="Hyde\Publications\Testing\Feature\PublicationSchemaValidatorTest" classname="Hyde.Publications.Testing.Feature.PublicationSchemaValidatorTest" assertions="1" time="0.032499"/>
        <testcase name="testValidateSchemaFileWithInvalidSchema" file="/home/runner/work/develop/develop/packages/publications/tests/Feature/PublicationSchemaValidatorTest.php" line="29" class="Hyde\Publications\Testing\Feature\PublicationSchemaValidatorTest" classname="Hyde.Publications.Testing.Feature.PublicationSchemaValidatorTest" assertions="1" time="0.007864"/>
        <testcase name="testValidateSchemaFileWithInvalidFields" file="/home/runner/work/develop/develop/packages/publications/tests/Feature/PublicationSchemaValidatorTest.php" line="54" class="Hyde\Publications\Testing\Feature\PublicationSchemaValidatorTest" classname="Hyde.Publications.Testing.Feature.PublicationSchemaValidatorTest" assertions="1" time="0.007241"/>
        <testcase name="testValidateSchemaFileWithInvalidDataBuffered" file="/home/runner/work/develop/develop/packages/publications/tests/Feature/PublicationSchemaValidatorTest.php" line="87" class="Hyde\Publications\Testing\Feature\PublicationSchemaValidatorTest" classname="Hyde.Publications.Testing.Feature.PublicationSchemaValidatorTest" assertions="1" time="0.008485"/>
      </testsuite>
      <testsuite name="Hyde\Publications\Testing\Feature\PublicationServiceTest" file="/home/runner/work/develop/develop/packages/publications/tests/Feature/PublicationServiceTest.php" tests="21" assertions="24" errors="0" failures="0" skipped="0" time="0.226165">
        <testcase name="testGetPublicationTypes" file="/home/runner/work/develop/develop/packages/publications/tests/Feature/PublicationServiceTest.php" line="28" class="Hyde\Publications\Testing\Feature\PublicationServiceTest" classname="Hyde.Publications.Testing.Feature.PublicationServiceTest" assertions="1" time="0.003834"/>
        <testcase name="testGetPublicationTypesWithTypes" file="/home/runner/work/develop/develop/packages/publications/tests/Feature/PublicationServiceTest.php" line="33" class="Hyde\Publications\Testing\Feature\PublicationServiceTest" classname="Hyde.Publications.Testing.Feature.PublicationServiceTest" assertions="1" time="0.009180"/>
        <testcase name="testGetPublicationTypesMethodReturnsTheSameInstances" file="/home/runner/work/develop/develop/packages/publications/tests/Feature/PublicationServiceTest.php" line="43" class="Hyde\Publications\Testing\Feature\PublicationServiceTest" classname="Hyde.Publications.Testing.Feature.PublicationServiceTest" assertions="1" time="0.004087"/>
        <testcase name="testGetPublicationsForPubType" file="/home/runner/work/develop/develop/packages/publications/tests/Feature/PublicationServiceTest.php" line="50" class="Hyde\Publications\Testing\Feature\PublicationServiceTest" classname="Hyde.Publications.Testing.Feature.PublicationServiceTest" assertions="1" time="0.008785"/>
        <testcase name="testGetPublicationsForPubTypeWithPublications" file="/home/runner/work/develop/develop/packages/publications/tests/Feature/PublicationServiceTest.php" line="60" class="Hyde\Publications\Testing\Feature\PublicationServiceTest" classname="Hyde.Publications.Testing.Feature.PublicationServiceTest" assertions="1" time="0.013522"/>
        <testcase name="testGetPublicationsForPubTypeOnlyContainsInstancesOfPublicationPage" file="/home/runner/work/develop/develop/packages/publications/tests/Feature/PublicationServiceTest.php" line="73" class="Hyde\Publications\Testing\Feature\PublicationServiceTest" classname="Hyde.Publications.Testing.Feature.PublicationServiceTest" assertions="1" time="0.011253"/>
        <testcase name="testGetPublicationsForPubTypeSortsPublicationsBySortField" file="/home/runner/work/develop/develop/packages/publications/tests/Feature/PublicationServiceTest.php" line="84" class="Hyde\Publications\Testing\Feature\PublicationServiceTest" classname="Hyde.Publications.Testing.Feature.PublicationServiceTest" assertions="1" time="0.022313"/>
        <testcase name="testGetPublicationsForPubTypeSortsPublicationsWithSpecifiedDirection" file="/home/runner/work/develop/develop/packages/publications/tests/Feature/PublicationServiceTest.php" line="102" class="Hyde\Publications\Testing\Feature\PublicationServiceTest" classname="Hyde.Publications.Testing.Feature.PublicationServiceTest" assertions="1" time="0.022328"/>
        <testcase name="testGetPublicationsForPubTypeSortsPublicationsByNewSortField" file="/home/runner/work/develop/develop/packages/publications/tests/Feature/PublicationServiceTest.php" line="120" class="Hyde\Publications\Testing\Feature\PublicationServiceTest" classname="Hyde.Publications.Testing.Feature.PublicationServiceTest" assertions="1" time="0.022185"/>
        <testcase name="testGetPublicationsForPubTypeSortsPublicationsByNewSortFieldDescending" file="/home/runner/work/develop/develop/packages/publications/tests/Feature/PublicationServiceTest.php" line="138" class="Hyde\Publications\Testing\Feature\PublicationServiceTest" classname="Hyde.Publications.Testing.Feature.PublicationServiceTest" assertions="1" time="0.022268"/>
        <testcase name="testGetPublicationsForPubTypeWithInvalidSortField" file="/home/runner/work/develop/develop/packages/publications/tests/Feature/PublicationServiceTest.php" line="156" class="Hyde\Publications\Testing\Feature\PublicationServiceTest" classname="Hyde.Publications.Testing.Feature.PublicationServiceTest" assertions="1" time="0.022365"/>
        <testcase name="testGetMediaForPubType" file="/home/runner/work/develop/develop/packages/publications/tests/Feature/PublicationServiceTest.php" line="174" class="Hyde\Publications\Testing\Feature\PublicationServiceTest" classname="Hyde.Publications.Testing.Feature.PublicationServiceTest" assertions="1" time="0.004407"/>
        <testcase name="testGetMediaForPubTypeWithMedia" file="/home/runner/work/develop/develop/packages/publications/tests/Feature/PublicationServiceTest.php" line="184" class="Hyde\Publications\Testing\Feature\PublicationServiceTest" classname="Hyde.Publications.Testing.Feature.PublicationServiceTest" assertions="1" time="0.005338"/>
        <testcase name="testGetMediaForPubTypeWithCustomMediaDirectory" file="/home/runner/work/develop/develop/packages/publications/tests/Feature/PublicationServiceTest.php" line="198" class="Hyde\Publications\Testing\Feature\PublicationServiceTest" classname="Hyde.Publications.Testing.Feature.PublicationServiceTest" assertions="1" time="0.005454"/>
        <testcase name="testParsePublicationFile" file="/home/runner/work/develop/develop/packages/publications/tests/Feature/PublicationServiceTest.php" line="213" class="Hyde\Publications\Testing\Feature\PublicationServiceTest" classname="Hyde.Publications.Testing.Feature.PublicationServiceTest" assertions="2" time="0.006612"/>
        <testcase name="testParsePublicationFileWithNonExistentFile" file="/home/runner/work/develop/develop/packages/publications/tests/Feature/PublicationServiceTest.php" line="223" class="Hyde\Publications\Testing\Feature\PublicationServiceTest" classname="Hyde.Publications.Testing.Feature.PublicationServiceTest" assertions="2" time="0.004289"/>
        <testcase name="testPublicationTypeExists" file="/home/runner/work/develop/develop/packages/publications/tests/Feature/PublicationServiceTest.php" line="233" class="Hyde\Publications\Testing\Feature\PublicationServiceTest" classname="Hyde.Publications.Testing.Feature.PublicationServiceTest" assertions="2" time="0.004417"/>
        <testcase name="testCanGetTagsUsedInPublications" file="/home/runner/work/develop/develop/packages/publications/tests/Feature/PublicationServiceTest.php" line="241" class="Hyde\Publications\Testing\Feature\PublicationServiceTest" classname="Hyde.Publications.Testing.Feature.PublicationServiceTest" assertions="1" time="0.008466"/>
        <testcase name="testMultipleOccurringTagsAreAggregatedUniquely" file="/home/runner/work/develop/develop/packages/publications/tests/Feature/PublicationServiceTest.php" line="257" class="Hyde\Publications\Testing\Feature\PublicationServiceTest" classname="Hyde.Publications.Testing.Feature.PublicationServiceTest" assertions="1" time="0.008909"/>
        <testcase name="testAllTagsMethodFindsBothArrayAndSingleTagValues" file="/home/runner/work/develop/develop/packages/publications/tests/Feature/PublicationServiceTest.php" line="275" class="Hyde\Publications\Testing\Feature\PublicationServiceTest" classname="Hyde.Publications.Testing.Feature.PublicationServiceTest" assertions="1" time="0.008858"/>
        <testcase name="testAllTagsMethodReturnsEmptyArrayWhenThereAreNoTagsUsed" file="/home/runner/work/develop/develop/packages/publications/tests/Feature/PublicationServiceTest.php" line="293" class="Hyde\Publications\Testing\Feature\PublicationServiceTest" classname="Hyde.Publications.Testing.Feature.PublicationServiceTest" assertions="1" time="0.007294"/>
      </testsuite>
      <testsuite name="Hyde\Publications\Testing\Feature\PublicationTypeTest" file="/home/runner/work/develop/develop/packages/publications/tests/Feature/PublicationTypeTest.php" tests="39" assertions="62" errors="0" failures="0" skipped="0" time="0.240874">
        <testcase name="testCanConstructNewPublicationType" file="/home/runner/work/develop/develop/packages/publications/tests/Feature/PublicationTypeTest.php" line="25" class="Hyde\Publications\Testing\Feature\PublicationTypeTest" classname="Hyde.Publications.Testing.Feature.PublicationTypeTest" assertions="8" time="0.004807"/>
        <testcase name="testConstructWithDefaultValues" file="/home/runner/work/develop/develop/packages/publications/tests/Feature/PublicationTypeTest.php" line="42" class="Hyde\Publications\Testing\Feature\PublicationTypeTest" classname="Hyde.Publications.Testing.Feature.PublicationTypeTest" assertions="9" time="0.003968"/>
        <testcase name="testConstructWithPaginationSettings" file="/home/runner/work/develop/develop/packages/publications/tests/Feature/PublicationTypeTest.php" line="58" class="Hyde\Publications\Testing\Feature\PublicationTypeTest" classname="Hyde.Publications.Testing.Feature.PublicationTypeTest" assertions="3" time="0.003382"/>
        <testcase name="testClassIsArrayable" file="/home/runner/work/develop/develop/packages/publications/tests/Feature/PublicationTypeTest.php" line="72" class="Hyde\Publications\Testing\Feature\PublicationTypeTest" classname="Hyde.Publications.Testing.Feature.PublicationTypeTest" assertions="1" time="0.003444"/>
        <testcase name="testClassIsJsonSerializable" file="/home/runner/work/develop/develop/packages/publications/tests/Feature/PublicationTypeTest.php" line="78" class="Hyde\Publications\Testing\Feature\PublicationTypeTest" classname="Hyde.Publications.Testing.Feature.PublicationTypeTest" assertions="1" time="0.003445"/>
        <testcase name="testClassIsJsonable" file="/home/runner/work/develop/develop/packages/publications/tests/Feature/PublicationTypeTest.php" line="84" class="Hyde\Publications\Testing\Feature\PublicationTypeTest" classname="Hyde.Publications.Testing.Feature.PublicationTypeTest" assertions="1" time="0.003280"/>
        <testcase name="testGetDirectory" file="/home/runner/work/develop/develop/packages/publications/tests/Feature/PublicationTypeTest.php" line="90" class="Hyde\Publications\Testing\Feature\PublicationTypeTest" classname="Hyde.Publications.Testing.Feature.PublicationTypeTest" assertions="1" time="0.003204"/>
        <testcase name="testGetIdentifier" file="/home/runner/work/develop/develop/packages/publications/tests/Feature/PublicationTypeTest.php" line="96" class="Hyde\Publications\Testing\Feature\PublicationTypeTest" classname="Hyde.Publications.Testing.Feature.PublicationTypeTest" assertions="1" time="0.003179"/>
        <testcase name="testGetIdentifierWithNoDirectory" file="/home/runner/work/develop/develop/packages/publications/tests/Feature/PublicationTypeTest.php" line="102" class="Hyde\Publications\Testing\Feature\PublicationTypeTest" classname="Hyde.Publications.Testing.Feature.PublicationTypeTest" assertions="1" time="0.003269"/>
        <testcase name="testCanSaveToJsonFile" file="/home/runner/work/develop/develop/packages/publications/tests/Feature/PublicationTypeTest.php" line="108" class="Hyde\Publications\Testing\Feature\PublicationTypeTest" classname="Hyde.Publications.Testing.Feature.PublicationTypeTest" assertions="2" time="0.004182"/>
        <testcase name="testCanSaveToJsonFileUsingCustomPath" file="/home/runner/work/develop/develop/packages/publications/tests/Feature/PublicationTypeTest.php" line="119" class="Hyde\Publications\Testing\Feature\PublicationTypeTest" classname="Hyde.Publications.Testing.Feature.PublicationTypeTest" assertions="2" time="0.004140"/>
        <testcase name="testCanLoadFromJsonFile" file="/home/runner/work/develop/develop/packages/publications/tests/Feature/PublicationTypeTest.php" line="130" class="Hyde\Publications\Testing\Feature\PublicationTypeTest" classname="Hyde.Publications.Testing.Feature.PublicationTypeTest" assertions="1" time="0.004725"/>
        <testcase name="testCanLoadFieldsWithValidationRules" file="/home/runner/work/develop/develop/packages/publications/tests/Feature/PublicationTypeTest.php" line="158" class="Hyde\Publications\Testing\Feature\PublicationTypeTest" classname="Hyde.Publications.Testing.Feature.PublicationTypeTest" assertions="1" time="0.004433"/>
        <testcase name="testGetFieldsMethodReturnsCollectionOfFieldObjects" file="/home/runner/work/develop/develop/packages/publications/tests/Feature/PublicationTypeTest.php" line="177" class="Hyde\Publications\Testing\Feature\PublicationTypeTest" classname="Hyde.Publications.Testing.Feature.PublicationTypeTest" assertions="4" time="0.003751"/>
        <testcase name="testGetFieldMethodParsesPublicationFieldsFromSchemaFile" file="/home/runner/work/develop/develop/packages/publications/tests/Feature/PublicationTypeTest.php" line="189" class="Hyde\Publications\Testing\Feature\PublicationTypeTest" classname="Hyde.Publications.Testing.Feature.PublicationTypeTest" assertions="1" time="0.004664"/>
        <testcase name="testGetFieldMethodParsesPublicationFieldsWithOptionPropertiesFromSchemaFile" file="/home/runner/work/develop/develop/packages/publications/tests/Feature/PublicationTypeTest.php" line="207" class="Hyde\Publications\Testing\Feature\PublicationTypeTest" classname="Hyde.Publications.Testing.Feature.PublicationTypeTest" assertions="1" time="0.004756"/>
        <testcase name="testGetMethodCanFindExistingFileOnDisk" file="/home/runner/work/develop/develop/packages/publications/tests/Feature/PublicationTypeTest.php" line="225" class="Hyde\Publications\Testing\Feature\PublicationTypeTest" classname="Hyde.Publications.Testing.Feature.PublicationTypeTest" assertions="1" time="0.004619"/>
        <testcase name="testGetMethodFailsIfPublicationTypeDoesNotExist" file="/home/runner/work/develop/develop/packages/publications/tests/Feature/PublicationTypeTest.php" line="234" class="Hyde\Publications\Testing\Feature\PublicationTypeTest" classname="Hyde.Publications.Testing.Feature.PublicationTypeTest" assertions="2" time="0.003721"/>
        <testcase name="testGetListPage" file="/home/runner/work/develop/develop/packages/publications/tests/Feature/PublicationTypeTest.php" line="241" class="Hyde\Publications\Testing\Feature\PublicationTypeTest" classname="Hyde.Publications.Testing.Feature.PublicationTypeTest" assertions="1" time="0.005798"/>
        <testcase name="testGetFieldDefinition" file="/home/runner/work/develop/develop/packages/publications/tests/Feature/PublicationTypeTest.php" line="247" class="Hyde\Publications\Testing\Feature\PublicationTypeTest" classname="Hyde.Publications.Testing.Feature.PublicationTypeTest" assertions="1" time="0.003369"/>
        <testcase name="testGetFieldDefinitionWithMissingField" file="/home/runner/work/develop/develop/packages/publications/tests/Feature/PublicationTypeTest.php" line="256" class="Hyde\Publications\Testing\Feature\PublicationTypeTest" classname="Hyde.Publications.Testing.Feature.PublicationTypeTest" assertions="1" time="0.003464"/>
        <testcase name="testGetCanonicalFieldDefinition" file="/home/runner/work/develop/develop/packages/publications/tests/Feature/PublicationTypeTest.php" line="264" class="Hyde\Publications\Testing\Feature\PublicationTypeTest" classname="Hyde.Publications.Testing.Feature.PublicationTypeTest" assertions="1" time="0.003412"/>
        <testcase name="testGetCanonicalFieldDefinitionWithMetaFieldAsCanonical" file="/home/runner/work/develop/develop/packages/publications/tests/Feature/PublicationTypeTest.php" line="273" class="Hyde\Publications\Testing\Feature\PublicationTypeTest" classname="Hyde.Publications.Testing.Feature.PublicationTypeTest" assertions="1" time="0.003414"/>
        <testcase name="testGetPublications" file="/home/runner/work/develop/develop/packages/publications/tests/Feature/PublicationTypeTest.php" line="282" class="Hyde\Publications\Testing\Feature\PublicationTypeTest" classname="Hyde.Publications.Testing.Feature.PublicationTypeTest" assertions="1" time="0.007523"/>
        <testcase name="testGetPaginator" file="/home/runner/work/develop/develop/packages/publications/tests/Feature/PublicationTypeTest.php" line="291" class="Hyde\Publications\Testing\Feature\PublicationTypeTest" classname="Hyde.Publications.Testing.Feature.PublicationTypeTest" assertions="1" time="0.007354"/>
        <testcase name="testGetPaginatorWithCustomPublicationTypePaginationSettings" file="/home/runner/work/develop/develop/packages/publications/tests/Feature/PublicationTypeTest.php" line="300" class="Hyde\Publications\Testing\Feature\PublicationTypeTest" classname="Hyde.Publications.Testing.Feature.PublicationTypeTest" assertions="1" time="0.007428"/>
        <testcase name="testGetPaginatorSortsCollectionBySpecifiedPaginationSettings" file="/home/runner/work/develop/develop/packages/publications/tests/Feature/PublicationTypeTest.php" line="311" class="Hyde\Publications\Testing\Feature\PublicationTypeTest" classname="Hyde.Publications.Testing.Feature.PublicationTypeTest" assertions="1" time="0.030583"/>
        <testcase name="testGetPaginatorSortsCollectionBySpecifiedPaginationSettingsWithDescendingSort" file="/home/runner/work/develop/develop/packages/publications/tests/Feature/PublicationTypeTest.php" line="332" class="Hyde\Publications\Testing\Feature\PublicationTypeTest" classname="Hyde.Publications.Testing.Feature.PublicationTypeTest" assertions="1" time="0.030762"/>
        <testcase name="testUsesPaginationReturnsTrueWhenPaginationShouldBeEnabled" file="/home/runner/work/develop/develop/packages/publications/tests/Feature/PublicationTypeTest.php" line="353" class="Hyde\Publications\Testing\Feature\PublicationTypeTest" classname="Hyde.Publications.Testing.Feature.PublicationTypeTest" assertions="1" time="0.015001"/>
        <testcase name="testUsesPaginationReturnsFalseWhenPageSizeIsSetToNought" file="/home/runner/work/develop/develop/packages/publications/tests/Feature/PublicationTypeTest.php" line="367" class="Hyde\Publications\Testing\Feature\PublicationTypeTest" classname="Hyde.Publications.Testing.Feature.PublicationTypeTest" assertions="1" time="0.004593"/>
        <testcase name="testUsesPaginationReturnsFalseWhenNumberOfPagesIsLessThanPageSize" file="/home/runner/work/develop/develop/packages/publications/tests/Feature/PublicationTypeTest.php" line="381" class="Hyde\Publications\Testing\Feature\PublicationTypeTest" classname="Hyde.Publications.Testing.Feature.PublicationTypeTest" assertions="1" time="0.013799"/>
        <testcase name="testArrayRepresentationWithDefaultValues" file="/home/runner/work/develop/develop/packages/publications/tests/Feature/PublicationTypeTest.php" line="395" class="Hyde\Publications\Testing\Feature\PublicationTypeTest" classname="Hyde.Publications.Testing.Feature.PublicationTypeTest" assertions="1" time="0.003248"/>
        <testcase name="testJsonRepresentationWithDefaultValues" file="/home/runner/work/develop/develop/packages/publications/tests/Feature/PublicationTypeTest.php" line="411" class="Hyde\Publications\Testing\Feature\PublicationTypeTest" classname="Hyde.Publications.Testing.Feature.PublicationTypeTest" assertions="1" time="0.005837"/>
        <testcase name="testArrayRepresentationWithMetadata" file="/home/runner/work/develop/develop/packages/publications/tests/Feature/PublicationTypeTest.php" line="429" class="Hyde\Publications\Testing\Feature\PublicationTypeTest" classname="Hyde.Publications.Testing.Feature.PublicationTypeTest" assertions="1" time="0.003545"/>
        <testcase name="testJsonRepresentationWithMetadata" file="/home/runner/work/develop/develop/packages/publications/tests/Feature/PublicationTypeTest.php" line="450" class="Hyde\Publications\Testing\Feature\PublicationTypeTest" classname="Hyde.Publications.Testing.Feature.PublicationTypeTest" assertions="1" time="0.003298"/>
        <testcase name="testCanParseSchemaFileWithMetadata" file="/home/runner/work/develop/develop/packages/publications/tests/Feature/PublicationTypeTest.php" line="480" class="Hyde\Publications\Testing\Feature\PublicationTypeTest" classname="Hyde.Publications.Testing.Feature.PublicationTypeTest" assertions="1" time="0.004574"/>
        <testcase name="testCanGetMetadata" file="/home/runner/work/develop/develop/packages/publications/tests/Feature/PublicationTypeTest.php" line="522" class="Hyde\Publications\Testing\Feature\PublicationTypeTest" classname="Hyde.Publications.Testing.Feature.PublicationTypeTest" assertions="1" time="0.003299"/>
        <testcase name="testCanSetMetadata" file="/home/runner/work/develop/develop/packages/publications/tests/Feature/PublicationTypeTest.php" line="537" class="Hyde\Publications\Testing\Feature\PublicationTypeTest" classname="Hyde.Publications.Testing.Feature.PublicationTypeTest" assertions="1" time="0.003316"/>
        <testcase name="testValidateSchemaFile" file="/home/runner/work/develop/develop/packages/publications/tests/Feature/PublicationTypeTest.php" line="553" class="Hyde\Publications\Testing\Feature\PublicationTypeTest" classname="Hyde.Publications.Testing.Feature.PublicationTypeTest" assertions="1" time="0.006290"/>
      </testsuite>
      <testsuite name="Hyde\Publications\Testing\Feature\PublicationsExtensionTest" file="/home/runner/work/develop/develop/packages/publications/tests/Feature/PublicationsExtensionTest.php" tests="16" assertions="34" errors="0" failures="0" skipped="0" time="0.192105">
        <testcase name="testGetPageClassesMethod" file="/home/runner/work/develop/develop/packages/publications/tests/Feature/PublicationsExtensionTest.php" line="40" class="Hyde\Publications\Testing\Feature\PublicationsExtensionTest" classname="Hyde.Publications.Testing.Feature.PublicationsExtensionTest" assertions="1" time="0.003605"/>
        <testcase name="testGetTypesMethod" file="/home/runner/work/develop/develop/packages/publications/tests/Feature/PublicationsExtensionTest.php" line="45" class="Hyde\Publications\Testing\Feature\PublicationsExtensionTest" classname="Hyde.Publications.Testing.Feature.PublicationsExtensionTest" assertions="1" time="0.004786"/>
        <testcase name="testGetTypesMethodWithTypes" file="/home/runner/work/develop/develop/packages/publications/tests/Feature/PublicationsExtensionTest.php" line="52" class="Hyde\Publications\Testing\Feature\PublicationsExtensionTest" classname="Hyde.Publications.Testing.Feature.PublicationsExtensionTest" assertions="1" time="0.011286"/>
        <testcase name="testGetTypesMethodWithMultipleTypes" file="/home/runner/work/develop/develop/packages/publications/tests/Feature/PublicationsExtensionTest.php" line="61" class="Hyde\Publications\Testing\Feature\PublicationsExtensionTest" classname="Hyde.Publications.Testing.Feature.PublicationsExtensionTest" assertions="1" time="0.012898"/>
        <testcase name="testPublicationFilesAreDiscovered" file="/home/runner/work/develop/develop/packages/publications/tests/Feature/PublicationsExtensionTest.php" line="76" class="Hyde\Publications\Testing\Feature\PublicationsExtensionTest" classname="Hyde.Publications.Testing.Feature.PublicationsExtensionTest" assertions="3" time="0.007365"/>
        <testcase name="testPublicationFilesAreDiscoveredForMultipleTypes" file="/home/runner/work/develop/develop/packages/publications/tests/Feature/PublicationsExtensionTest.php" line="91" class="Hyde\Publications\Testing\Feature\PublicationsExtensionTest" classname="Hyde.Publications.Testing.Feature.PublicationsExtensionTest" assertions="1" time="0.008568"/>
        <testcase name="testPublicationMediaFilesAreDiscovered" file="/home/runner/work/develop/develop/packages/publications/tests/Feature/PublicationsExtensionTest.php" line="105" class="Hyde\Publications\Testing\Feature\PublicationsExtensionTest" classname="Hyde.Publications.Testing.Feature.PublicationsExtensionTest" assertions="2" time="0.005477"/>
        <testcase name="testBasePublicationPagesAreDiscovered" file="/home/runner/work/develop/develop/packages/publications/tests/Feature/PublicationsExtensionTest.php" line="115" class="Hyde\Publications\Testing\Feature\PublicationsExtensionTest" classname="Hyde.Publications.Testing.Feature.PublicationsExtensionTest" assertions="1" time="0.013365"/>
        <testcase name="testPublicationPagesAreDiscovered" file="/home/runner/work/develop/develop/packages/publications/tests/Feature/PublicationsExtensionTest.php" line="125" class="Hyde\Publications\Testing\Feature\PublicationsExtensionTest" classname="Hyde.Publications.Testing.Feature.PublicationsExtensionTest" assertions="3" time="0.014551"/>
        <testcase name="testListingPagesForPublicationsAreGenerated" file="/home/runner/work/develop/develop/packages/publications/tests/Feature/PublicationsExtensionTest.php" line="141" class="Hyde\Publications\Testing\Feature\PublicationsExtensionTest" classname="Hyde.Publications.Testing.Feature.PublicationsExtensionTest" assertions="3" time="0.014647"/>
        <testcase name="testPaginatedListingPagesForPublicationsAreGenerated" file="/home/runner/work/develop/develop/packages/publications/tests/Feature/PublicationsExtensionTest.php" line="156" class="Hyde\Publications\Testing\Feature\PublicationsExtensionTest" classname="Hyde.Publications.Testing.Feature.PublicationsExtensionTest" assertions="3" time="0.020710"/>
        <testcase name="testPublicationTagListPagesAreGenerated" file="/home/runner/work/develop/develop/packages/publications/tests/Feature/PublicationsExtensionTest.php" line="169" class="Hyde\Publications\Testing\Feature\PublicationsExtensionTest" classname="Hyde.Publications.Testing.Feature.PublicationsExtensionTest" assertions="1" time="0.016734"/>
        <testcase name="testPublicationTagListRoutesWithTagsAreGenerated" file="/home/runner/work/develop/develop/packages/publications/tests/Feature/PublicationsExtensionTest.php" line="184" class="Hyde\Publications\Testing\Feature\PublicationsExtensionTest" classname="Hyde.Publications.Testing.Feature.PublicationsExtensionTest" assertions="3" time="0.018477"/>
        <testcase name="testPublicationRoutesAreDiscovered" file="/home/runner/work/develop/develop/packages/publications/tests/Feature/PublicationsExtensionTest.php" line="210" class="Hyde\Publications\Testing\Feature\PublicationsExtensionTest" classname="Hyde.Publications.Testing.Feature.PublicationsExtensionTest" assertions="4" time="0.013928"/>
        <testcase name="testPublicationTagListRoutesAreDiscovered" file="/home/runner/work/develop/develop/packages/publications/tests/Feature/PublicationsExtensionTest.php" line="233" class="Hyde\Publications\Testing\Feature\PublicationsExtensionTest" classname="Hyde.Publications.Testing.Feature.PublicationsExtensionTest" assertions="3" time="0.011859"/>
        <testcase name="testPublicationTagListRoutesWithTagsAreDiscovered" file="/home/runner/work/develop/develop/packages/publications/tests/Feature/PublicationsExtensionTest.php" line="259" class="Hyde\Publications\Testing\Feature\PublicationsExtensionTest" classname="Hyde.Publications.Testing.Feature.PublicationsExtensionTest" assertions="3" time="0.013851"/>
      </testsuite>
      <testsuite name="Hyde\Publications\Testing\Feature\RelatedPublicationsComponentTest" file="/home/runner/work/develop/develop/packages/publications/tests/Feature/RelatedPublicationsComponentTest.php" tests="12" assertions="12" errors="0" failures="0" skipped="0" time="0.143380">
        <testcase name="testWithStandardPage" file="/home/runner/work/develop/develop/packages/publications/tests/Feature/RelatedPublicationsComponentTest.php" line="23" class="Hyde\Publications\Testing\Feature\RelatedPublicationsComponentTest" classname="Hyde.Publications.Testing.Feature.RelatedPublicationsComponentTest" assertions="1" time="0.022832"/>
        <testcase name="testWithBlankPublicationType" file="/home/runner/work/develop/develop/packages/publications/tests/Feature/RelatedPublicationsComponentTest.php" line="31" class="Hyde\Publications\Testing\Feature\RelatedPublicationsComponentTest" classname="Hyde.Publications.Testing.Feature.RelatedPublicationsComponentTest" assertions="1" time="0.005095"/>
        <testcase name="testWithEmptyTags" file="/home/runner/work/develop/develop/packages/publications/tests/Feature/RelatedPublicationsComponentTest.php" line="41" class="Hyde\Publications\Testing\Feature\RelatedPublicationsComponentTest" classname="Hyde.Publications.Testing.Feature.RelatedPublicationsComponentTest" assertions="1" time="0.008486"/>
        <testcase name="testWithPublicationWithTag" file="/home/runner/work/develop/develop/packages/publications/tests/Feature/RelatedPublicationsComponentTest.php" line="51" class="Hyde\Publications\Testing\Feature\RelatedPublicationsComponentTest" classname="Hyde.Publications.Testing.Feature.RelatedPublicationsComponentTest" assertions="1" time="0.008263"/>
        <testcase name="testWithMoreTaggedPublications" file="/home/runner/work/develop/develop/packages/publications/tests/Feature/RelatedPublicationsComponentTest.php" line="61" class="Hyde\Publications\Testing\Feature\RelatedPublicationsComponentTest" classname="Hyde.Publications.Testing.Feature.RelatedPublicationsComponentTest" assertions="1" time="0.009332"/>
        <testcase name="testWithPublicationsWithOtherTagValue" file="/home/runner/work/develop/develop/packages/publications/tests/Feature/RelatedPublicationsComponentTest.php" line="75" class="Hyde\Publications\Testing\Feature\RelatedPublicationsComponentTest" classname="Hyde.Publications.Testing.Feature.RelatedPublicationsComponentTest" assertions="1" time="0.009062"/>
        <testcase name="testWithPublicationsWithCurrentOneBeingUntagged" file="/home/runner/work/develop/develop/packages/publications/tests/Feature/RelatedPublicationsComponentTest.php" line="89" class="Hyde\Publications\Testing\Feature\RelatedPublicationsComponentTest" classname="Hyde.Publications.Testing.Feature.RelatedPublicationsComponentTest" assertions="1" time="0.008963"/>
        <testcase name="testWithMultipleRelatedPages" file="/home/runner/work/develop/develop/packages/publications/tests/Feature/RelatedPublicationsComponentTest.php" line="103" class="Hyde\Publications\Testing\Feature\RelatedPublicationsComponentTest" classname="Hyde.Publications.Testing.Feature.RelatedPublicationsComponentTest" assertions="1" time="0.011947"/>
        <testcase name="testWithMultipleRelatedPagesAndLimit" file="/home/runner/work/develop/develop/packages/publications/tests/Feature/RelatedPublicationsComponentTest.php" line="131" class="Hyde\Publications\Testing\Feature\RelatedPublicationsComponentTest" classname="Hyde.Publications.Testing.Feature.RelatedPublicationsComponentTest" assertions="1" time="0.011901"/>
        <testcase name="testOnlyPublicationsWithTheSameTagAreIncluded" file="/home/runner/work/develop/develop/packages/publications/tests/Feature/RelatedPublicationsComponentTest.php" line="157" class="Hyde\Publications\Testing\Feature\RelatedPublicationsComponentTest" classname="Hyde.Publications.Testing.Feature.RelatedPublicationsComponentTest" assertions="1" time="0.011723"/>
        <testcase name="testResultsAreSortedByDateWithLatestFirst" file="/home/runner/work/develop/develop/packages/publications/tests/Feature/RelatedPublicationsComponentTest.php" line="182" class="Hyde\Publications\Testing\Feature\RelatedPublicationsComponentTest" classname="Hyde.Publications.Testing.Feature.RelatedPublicationsComponentTest" assertions="1" time="0.021060"/>
        <testcase name="testTheRenderMethod" file="/home/runner/work/develop/develop/packages/publications/tests/Feature/RelatedPublicationsComponentTest.php" line="210" class="Hyde\Publications\Testing\Feature\RelatedPublicationsComponentTest" classname="Hyde.Publications.Testing.Feature.RelatedPublicationsComponentTest" assertions="1" time="0.014717"/>
      </testsuite>
      <testsuite name="Hyde\Publications\Testing\Feature\SeedPublicationCommandTest" file="/home/runner/work/develop/develop/packages/publications/tests/Feature/SeedPublicationCommandTest.php" tests="7" assertions="29" errors="0" failures="0" skipped="0" time="0.114188">
        <testcase name="testCanSeedPublications" file="/home/runner/work/develop/develop/packages/publications/tests/Feature/SeedPublicationCommandTest.php" line="26" class="Hyde\Publications\Testing\Feature\SeedPublicationCommandTest" classname="Hyde.Publications.Testing.Feature.SeedPublicationCommandTest" assertions="6" time="0.062375"/>
        <testcase name="testCanSeedPublicationsUsingArguments" file="/home/runner/work/develop/develop/packages/publications/tests/Feature/SeedPublicationCommandTest.php" line="38" class="Hyde\Publications\Testing\Feature\SeedPublicationCommandTest" classname="Hyde.Publications.Testing.Feature.SeedPublicationCommandTest" assertions="3" time="0.010431"/>
        <testcase name="testCanSeedMultiplePublications" file="/home/runner/work/develop/develop/packages/publications/tests/Feature/SeedPublicationCommandTest.php" line="47" class="Hyde\Publications\Testing\Feature\SeedPublicationCommandTest" classname="Hyde.Publications.Testing.Feature.SeedPublicationCommandTest" assertions="4" time="0.011268"/>
        <testcase name="testCommandAsksToConfirmBeforeCreatingManyPublications" file="/home/runner/work/develop/develop/packages/publications/tests/Feature/SeedPublicationCommandTest.php" line="57" class="Hyde\Publications\Testing\Feature\SeedPublicationCommandTest" classname="Hyde.Publications.Testing.Feature.SeedPublicationCommandTest" assertions="7" time="0.008534"/>
        <testcase name="testCommandAsksToConfirmBeforeCreatingManyPublicationsWhenUsingArguments" file="/home/runner/work/develop/develop/packages/publications/tests/Feature/SeedPublicationCommandTest.php" line="70" class="Hyde\Publications\Testing\Feature\SeedPublicationCommandTest" classname="Hyde.Publications.Testing.Feature.SeedPublicationCommandTest" assertions="5" time="0.007957"/>
        <testcase name="testWithInvalidPublicationType" file="/home/runner/work/develop/develop/packages/publications/tests/Feature/SeedPublicationCommandTest.php" line="81" class="Hyde\Publications\Testing\Feature\SeedPublicationCommandTest" classname="Hyde.Publications.Testing.Feature.SeedPublicationCommandTest" assertions="2" time="0.006976"/>
        <testcase name="testWithNoPublicationTypes" file="/home/runner/work/develop/develop/packages/publications/tests/Feature/SeedPublicationCommandTest.php" line="88" class="Hyde\Publications\Testing\Feature\SeedPublicationCommandTest" classname="Hyde.Publications.Testing.Feature.SeedPublicationCommandTest" assertions="2" time="0.006649"/>
      </testsuite>
      <testsuite name="Hyde\Publications\Testing\Feature\SeedsPublicationFilesTest" file="/home/runner/work/develop/develop/packages/publications/tests/Feature/SeedsPublicationFilesTest.php" tests="13" assertions="38" errors="0" failures="0" skipped="0" time="0.100369">
        <testcase name="testCreate" file="/home/runner/work/develop/develop/packages/publications/tests/Feature/SeedsPublicationFilesTest.php" line="30" class="Hyde\Publications\Testing\Feature\SeedsPublicationFilesTest" classname="Hyde.Publications.Testing.Feature.SeedsPublicationFilesTest" assertions="3" time="0.005994"/>
        <testcase name="testCreateMany" file="/home/runner/work/develop/develop/packages/publications/tests/Feature/SeedsPublicationFilesTest.php" line="40" class="Hyde\Publications\Testing\Feature\SeedsPublicationFilesTest" classname="Hyde.Publications.Testing.Feature.SeedsPublicationFilesTest" assertions="2" time="0.008205"/>
        <testcase name="testWithArrayType" file="/home/runner/work/develop/develop/packages/publications/tests/Feature/SeedsPublicationFilesTest.php" line="49" class="Hyde\Publications\Testing\Feature\SeedsPublicationFilesTest" classname="Hyde.Publications.Testing.Feature.SeedsPublicationFilesTest" assertions="5" time="0.007440"/>
        <testcase name="testWithBooleanType" file="/home/runner/work/develop/develop/packages/publications/tests/Feature/SeedsPublicationFilesTest.php" line="62" class="Hyde\Publications\Testing\Feature\SeedsPublicationFilesTest" classname="Hyde.Publications.Testing.Feature.SeedsPublicationFilesTest" assertions="2" time="0.006498"/>
        <testcase name="testWithDateTimeType" file="/home/runner/work/develop/develop/packages/publications/tests/Feature/SeedsPublicationFilesTest.php" line="72" class="Hyde\Publications\Testing\Feature\SeedsPublicationFilesTest" classname="Hyde.Publications.Testing.Feature.SeedsPublicationFilesTest" assertions="3" time="0.006801"/>
        <testcase name="testWithFloatType" file="/home/runner/work/develop/develop/packages/publications/tests/Feature/SeedsPublicationFilesTest.php" line="83" class="Hyde\Publications\Testing\Feature\SeedsPublicationFilesTest" classname="Hyde.Publications.Testing.Feature.SeedsPublicationFilesTest" assertions="2" time="0.006397"/>
        <testcase name="testWithMediaType" file="/home/runner/work/develop/develop/packages/publications/tests/Feature/SeedsPublicationFilesTest.php" line="93" class="Hyde\Publications\Testing\Feature\SeedsPublicationFilesTest" classname="Hyde.Publications.Testing.Feature.SeedsPublicationFilesTest" assertions="3" time="0.006516"/>
        <testcase name="testWithIntegerType" file="/home/runner/work/develop/develop/packages/publications/tests/Feature/SeedsPublicationFilesTest.php" line="104" class="Hyde\Publications\Testing\Feature\SeedsPublicationFilesTest" classname="Hyde.Publications.Testing.Feature.SeedsPublicationFilesTest" assertions="2" time="0.006438"/>
        <testcase name="testWithStringType" file="/home/runner/work/develop/develop/packages/publications/tests/Feature/SeedsPublicationFilesTest.php" line="114" class="Hyde\Publications\Testing\Feature\SeedsPublicationFilesTest" classname="Hyde.Publications.Testing.Feature.SeedsPublicationFilesTest" assertions="2" time="0.006675"/>
        <testcase name="testWithTagType" file="/home/runner/work/develop/develop/packages/publications/tests/Feature/SeedsPublicationFilesTest.php" line="124" class="Hyde\Publications\Testing\Feature\SeedsPublicationFilesTest" classname="Hyde.Publications.Testing.Feature.SeedsPublicationFilesTest" assertions="4" time="0.018379"/>
        <testcase name="testWithTextType" file="/home/runner/work/develop/develop/packages/publications/tests/Feature/SeedsPublicationFilesTest.php" line="143" class="Hyde\Publications\Testing\Feature\SeedsPublicationFilesTest" classname="Hyde.Publications.Testing.Feature.SeedsPublicationFilesTest" assertions="4" time="0.007226"/>
        <testcase name="testWithUrlType" file="/home/runner/work/develop/develop/packages/publications/tests/Feature/SeedsPublicationFilesTest.php" line="155" class="Hyde\Publications\Testing\Feature\SeedsPublicationFilesTest" classname="Hyde.Publications.Testing.Feature.SeedsPublicationFilesTest" assertions="3" time="0.006755"/>
        <testcase name="testWithCanonicalDefinition" file="/home/runner/work/develop/develop/packages/publications/tests/Feature/SeedsPublicationFilesTest.php" line="166" class="Hyde\Publications\Testing\Feature\SeedsPublicationFilesTest" classname="Hyde.Publications.Testing.Feature.SeedsPublicationFilesTest" assertions="3" time="0.007047"/>
      </testsuite>
      <testsuite name="Hyde\Publications\Testing\Feature\StaticSiteBuilderPublicationModuleTest" file="/home/runner/work/develop/develop/packages/publications/tests/Feature/StaticSiteBuilderPublicationModuleTest.php" tests="5" assertions="25" errors="0" failures="0" skipped="0" time="0.652251">
        <testcase name="testCompilingWithPublicationTypeWithSeededFilesContainingAllFieldTypes" file="/home/runner/work/develop/develop/packages/publications/tests/Feature/StaticSiteBuilderPublicationModuleTest.php" line="30" class="Hyde\Publications\Testing\Feature\StaticSiteBuilderPublicationModuleTest" classname="Hyde.Publications.Testing.Feature.StaticSiteBuilderPublicationModuleTest" assertions="10" time="0.203157"/>
        <testcase name="testCompilingWithPublicationTypeThatUsesThePublishedViews" file="/home/runner/work/develop/develop/packages/publications/tests/Feature/StaticSiteBuilderPublicationModuleTest.php" line="70" class="Hyde\Publications\Testing\Feature\StaticSiteBuilderPublicationModuleTest" classname="Hyde.Publications.Testing.Feature.StaticSiteBuilderPublicationModuleTest" assertions="3" time="0.095248"/>
        <testcase name="testCompilingWithPublicationTypeThatUsesTheVendorViews" file="/home/runner/work/develop/develop/packages/publications/tests/Feature/StaticSiteBuilderPublicationModuleTest.php" line="95" class="Hyde\Publications\Testing\Feature\StaticSiteBuilderPublicationModuleTest" classname="Hyde.Publications.Testing.Feature.StaticSiteBuilderPublicationModuleTest" assertions="2" time="0.098121"/>
        <testcase name="testCompilingWithPublicationTypeThatUsesThePublishedPaginatedViews" file="/home/runner/work/develop/develop/packages/publications/tests/Feature/StaticSiteBuilderPublicationModuleTest.php" line="123" class="Hyde\Publications\Testing\Feature\StaticSiteBuilderPublicationModuleTest" classname="Hyde.Publications.Testing.Feature.StaticSiteBuilderPublicationModuleTest" assertions="5" time="0.132380"/>
        <testcase name="testCompilingWithPublicationTypeThatUsesThePaginatedVendorViews" file="/home/runner/work/develop/develop/packages/publications/tests/Feature/StaticSiteBuilderPublicationModuleTest.php" line="156" class="Hyde\Publications\Testing\Feature\StaticSiteBuilderPublicationModuleTest" classname="Hyde.Publications.Testing.Feature.StaticSiteBuilderPublicationModuleTest" assertions="5" time="0.123345"/>
      </testsuite>
      <testsuite name="Hyde\Publications\Testing\Feature\TranslationServiceProviderTest" file="/home/runner/work/develop/develop/packages/publications/tests/Feature/TranslationServiceProviderTest.php" tests="3" assertions="4" errors="0" failures="0" skipped="0" time="0.009623">
        <testcase name="testRegister" file="/home/runner/work/develop/develop/packages/publications/tests/Feature/TranslationServiceProviderTest.php" line="15" class="Hyde\Publications\Testing\Feature\TranslationServiceProviderTest" classname="Hyde.Publications.Testing.Feature.TranslationServiceProviderTest" assertions="2" time="0.003297"/>
        <testcase name="testBoot" file="/home/runner/work/develop/develop/packages/publications/tests/Feature/TranslationServiceProviderTest.php" line="23" class="Hyde\Publications\Testing\Feature\TranslationServiceProviderTest" classname="Hyde.Publications.Testing.Feature.TranslationServiceProviderTest" assertions="1" time="0.002900"/>
        <testcase name="testValidation" file="/home/runner/work/develop/develop/packages/publications/tests/Feature/TranslationServiceProviderTest.php" line="30" class="Hyde\Publications\Testing\Feature\TranslationServiceProviderTest" classname="Hyde.Publications.Testing.Feature.TranslationServiceProviderTest" assertions="1" time="0.003426"/>
      </testsuite>
      <testsuite name="Hyde\Publications\Testing\Feature\ValidatePublicationTypesCommandTest" file="/home/runner/work/develop/develop/packages/publications/tests/Feature/ValidatePublicationTypesCommandTest.php" tests="7" assertions="60" errors="0" failures="0" skipped="0" time="0.085071">
        <testcase name="testWithNoPublicationTypes" file="/home/runner/work/develop/develop/packages/publications/tests/Feature/ValidatePublicationTypesCommandTest.php" line="22" class="Hyde\Publications\Testing\Feature\ValidatePublicationTypesCommandTest" classname="Hyde.Publications.Testing.Feature.ValidatePublicationTypesCommandTest" assertions="3" time="0.006248"/>
        <testcase name="testWithValidSchemaFile" file="/home/runner/work/develop/develop/packages/publications/tests/Feature/ValidatePublicationTypesCommandTest.php" line="32" class="Hyde\Publications\Testing\Feature\ValidatePublicationTypesCommandTest" classname="Hyde.Publications.Testing.Feature.ValidatePublicationTypesCommandTest" assertions="6" time="0.011410"/>
        <testcase name="testWithInvalidSchemaFile" file="/home/runner/work/develop/develop/packages/publications/tests/Feature/ValidatePublicationTypesCommandTest.php" line="51" class="Hyde\Publications\Testing\Feature\ValidatePublicationTypesCommandTest" classname="Hyde.Publications.Testing.Feature.ValidatePublicationTypesCommandTest" assertions="19" time="0.017178"/>
        <testcase name="testWithMultiplePublicationTypes" file="/home/runner/work/develop/develop/packages/publications/tests/Feature/ValidatePublicationTypesCommandTest.php" line="103" class="Hyde\Publications\Testing\Feature\ValidatePublicationTypesCommandTest" classname="Hyde.Publications.Testing.Feature.ValidatePublicationTypesCommandTest" assertions="22" time="0.020318"/>
        <testcase name="testWithNoFields" file="/home/runner/work/develop/develop/packages/publications/tests/Feature/ValidatePublicationTypesCommandTest.php" line="161" class="Hyde\Publications\Testing\Feature\ValidatePublicationTypesCommandTest" classname="Hyde.Publications.Testing.Feature.ValidatePublicationTypesCommandTest" assertions="6" time="0.009613"/>
        <testcase name="testJsonOutputOption" file="/home/runner/work/develop/develop/packages/publications/tests/Feature/ValidatePublicationTypesCommandTest.php" line="176" class="Hyde\Publications\Testing\Feature\ValidatePublicationTypesCommandTest" classname="Hyde.Publications.Testing.Feature.ValidatePublicationTypesCommandTest" assertions="2" time="0.007575"/>
        <testcase name="testMultipleTypesWithJsonOutput" file="/home/runner/work/develop/develop/packages/publications/tests/Feature/ValidatePublicationTypesCommandTest.php" line="194" class="Hyde\Publications\Testing\Feature\ValidatePublicationTypesCommandTest" classname="Hyde.Publications.Testing.Feature.ValidatePublicationTypesCommandTest" assertions="2" time="0.012729"/>
      </testsuite>
      <testsuite name="Hyde\Publications\Testing\Feature\ValidatePublicationsCommandTest" file="/home/runner/work/develop/develop/packages/publications/tests/Feature/ValidatePublicationsCommandTest.php" tests="13" assertions="66" errors="0" failures="0" skipped="0" time="0.150776">
        <testcase name="testWithNoPublicationTypes" file="/home/runner/work/develop/develop/packages/publications/tests/Feature/ValidatePublicationsCommandTest.php" line="24" class="Hyde\Publications\Testing\Feature\ValidatePublicationsCommandTest" classname="Hyde.Publications.Testing.Feature.ValidatePublicationsCommandTest" assertions="2" time="0.006320"/>
        <testcase name="testWithInvalidPublicationType" file="/home/runner/work/develop/develop/packages/publications/tests/Feature/ValidatePublicationsCommandTest.php" line="33" class="Hyde\Publications\Testing\Feature\ValidatePublicationsCommandTest" classname="Hyde.Publications.Testing.Feature.ValidatePublicationsCommandTest" assertions="2" time="0.006249"/>
        <testcase name="testWithPublicationType" file="/home/runner/work/develop/develop/packages/publications/tests/Feature/ValidatePublicationsCommandTest.php" line="42" class="Hyde\Publications\Testing\Feature\ValidatePublicationsCommandTest" classname="Hyde.Publications.Testing.Feature.ValidatePublicationsCommandTest" assertions="4" time="0.010868"/>
        <testcase name="testWithPublicationTypeAndVerboseOutput" file="/home/runner/work/develop/develop/packages/publications/tests/Feature/ValidatePublicationsCommandTest.php" line="62" class="Hyde\Publications\Testing\Feature\ValidatePublicationsCommandTest" classname="Hyde.Publications.Testing.Feature.ValidatePublicationsCommandTest" assertions="4" time="0.010586"/>
        <testcase name="testWithInvalidPublication" file="/home/runner/work/develop/develop/packages/publications/tests/Feature/ValidatePublicationsCommandTest.php" line="82" class="Hyde\Publications\Testing\Feature\ValidatePublicationsCommandTest" classname="Hyde.Publications.Testing.Feature.ValidatePublicationsCommandTest" assertions="4" time="0.010788"/>
        <testcase name="testWithWarnedPublication" file="/home/runner/work/develop/develop/packages/publications/tests/Feature/ValidatePublicationsCommandTest.php" line="99" class="Hyde\Publications\Testing\Feature\ValidatePublicationsCommandTest" classname="Hyde.Publications.Testing.Feature.ValidatePublicationsCommandTest" assertions="4" time="0.010735"/>
        <testcase name="testWithMultiplePublicationTypes" file="/home/runner/work/develop/develop/packages/publications/tests/Feature/ValidatePublicationsCommandTest.php" line="118" class="Hyde\Publications\Testing\Feature\ValidatePublicationsCommandTest" classname="Hyde.Publications.Testing.Feature.ValidatePublicationsCommandTest" assertions="1" time="0.009182"/>
        <testcase name="testWithMultipleInvalidFields" file="/home/runner/work/develop/develop/packages/publications/tests/Feature/ValidatePublicationsCommandTest.php" line="129" class="Hyde\Publications\Testing\Feature\ValidatePublicationsCommandTest" classname="Hyde.Publications.Testing.Feature.ValidatePublicationsCommandTest" assertions="4" time="0.011993"/>
        <testcase name="testOnlySpecifiedTypeIsValidatedWhenUsingArgument" file="/home/runner/work/develop/develop/packages/publications/tests/Feature/ValidatePublicationsCommandTest.php" line="154" class="Hyde\Publications\Testing\Feature\ValidatePublicationsCommandTest" classname="Hyde.Publications.Testing.Feature.ValidatePublicationsCommandTest" assertions="1" time="0.008986"/>
        <testcase name="testOutput" file="/home/runner/work/develop/develop/packages/publications/tests/Feature/ValidatePublicationsCommandTest.php" line="165" class="Hyde\Publications\Testing\Feature\ValidatePublicationsCommandTest" classname="Hyde.Publications.Testing.Feature.ValidatePublicationsCommandTest" assertions="17" time="0.027529"/>
        <testcase name="testWithVerboseOutput" file="/home/runner/work/develop/develop/packages/publications/tests/Feature/ValidatePublicationsCommandTest.php" line="189" class="Hyde\Publications\Testing\Feature\ValidatePublicationsCommandTest" classname="Hyde.Publications.Testing.Feature.ValidatePublicationsCommandTest" assertions="19" time="0.019015"/>
        <testcase name="testWithJsonOutput" file="/home/runner/work/develop/develop/packages/publications/tests/Feature/ValidatePublicationsCommandTest.php" line="215" class="Hyde\Publications\Testing\Feature\ValidatePublicationsCommandTest" classname="Hyde.Publications.Testing.Feature.ValidatePublicationsCommandTest" assertions="2" time="0.012208"/>
        <testcase name="testWithJsonOutputWithNoPublications" file="/home/runner/work/develop/develop/packages/publications/tests/Feature/ValidatePublicationsCommandTest.php" line="246" class="Hyde\Publications\Testing\Feature\ValidatePublicationsCommandTest" classname="Hyde.Publications.Testing.Feature.ValidatePublicationsCommandTest" assertions="2" time="0.006317"/>
      </testsuite>
      <testsuite name="Hyde\Publications\Testing\Feature\ValidatingCommandTest" file="/home/runner/work/develop/develop/packages/publications/tests/Feature/ValidatingCommandTest.php" tests="7" assertions="24" errors="0" failures="0" skipped="0" time="0.046720">
        <testcase name="testAskWithValidationCapturesInput" file="/home/runner/work/develop/develop/packages/publications/tests/Feature/ValidatingCommandTest.php" line="22" class="Hyde\Publications\Testing\Feature\ValidatingCommandTest" classname="Hyde.Publications.Testing.Feature.ValidatingCommandTest" assertions="2" time="0.003937"/>
        <testcase name="testAskWithValidationRetries" file="/home/runner/work/develop/develop/packages/publications/tests/Feature/ValidatingCommandTest.php" line="39" class="Hyde\Publications\Testing\Feature\ValidatingCommandTest" classname="Hyde.Publications.Testing.Feature.ValidatingCommandTest" assertions="3" time="0.005646"/>
        <testcase name="testAskWithValidationRetriesTooManyTimes" file="/home/runner/work/develop/develop/packages/publications/tests/Feature/ValidatingCommandTest.php" line="60" class="Hyde\Publications\Testing\Feature\ValidatingCommandTest" classname="Hyde.Publications.Testing.Feature.ValidatingCommandTest" assertions="4" time="0.018056"/>
        <testcase name="testAskWithValidationNormalizesBooleanInput" file="/home/runner/work/develop/develop/packages/publications/tests/Feature/ValidatingCommandTest.php" line="84" class="Hyde\Publications\Testing\Feature\ValidatingCommandTest" classname="Hyde.Publications.Testing.Feature.ValidatingCommandTest" assertions="3" time="0.004097"/>
        <testcase name="testValidationIsCalled" file="/home/runner/work/develop/develop/packages/publications/tests/Feature/ValidatingCommandTest.php" line="108" class="Hyde\Publications\Testing\Feature\ValidatingCommandTest" classname="Hyde.Publications.Testing.Feature.ValidatingCommandTest" assertions="4" time="0.006273"/>
        <testcase name="testReloadableChoiceHelper" file="/home/runner/work/develop/develop/packages/publications/tests/Feature/ValidatingCommandTest.php" line="127" class="Hyde\Publications\Testing\Feature\ValidatingCommandTest" classname="Hyde.Publications.Testing.Feature.ValidatingCommandTest" assertions="3" time="0.004038"/>
        <testcase name="testReloadableChoiceHelperSelectingReload" file="/home/runner/work/develop/develop/packages/publications/tests/Feature/ValidatingCommandTest.php" line="149" class="Hyde\Publications\Testing\Feature\ValidatingCommandTest" classname="Hyde.Publications.Testing.Feature.ValidatingCommandTest" assertions="5" time="0.004674"/>
      </testsuite>
    </testsuite>
    <testsuite name="Realtime Compiler" tests="12" assertions="42" errors="0" failures="0" skipped="0" time="0.391474">
      <testsuite name="P\Packages\realtimecompiler\tests\ConsoleOutputTest" file="/home/runner/work/develop/develop/vendor/pestphp/pest/src/Factories/TestCaseFactory.php(196) : eval()'d code" tests="1" assertions="1" errors="0" failures="0" skipped="0" time="0.005814">
        <testcase name="__pest_evaluable_printStartMessage_method" file="/home/runner/work/develop/develop/vendor/pestphp/pest/src/Factories/TestCaseFactory.php(196) : eval()'d code" line="22" class="P\Packages\realtimecompiler\tests\ConsoleOutputTest" classname="P.Packages.realtimecompiler.tests.ConsoleOutputTest" assertions="1" time="0.005814"/>
      </testsuite>
      <testsuite name="P\Packages\realtimecompiler\tests\RealtimeCompilerTest" file="/home/runner/work/develop/develop/vendor/pestphp/pest/src/Factories/TestCaseFactory.php(196) : eval()'d code" tests="11" assertions="41" errors="0" failures="0" skipped="0" time="0.385660">
        <testcase name="__pest_evaluable_handle_routes_index_page" file="/home/runner/work/develop/develop/vendor/pestphp/pest/src/Factories/TestCaseFactory.php(196) : eval()'d code" line="22" class="P\Packages\realtimecompiler\tests\RealtimeCompilerTest" classname="P.Packages.realtimecompiler.tests.RealtimeCompilerTest" assertions="6" time="0.028037"/>
        <testcase name="__pest_evaluable_handle_routes_custom_pages" file="/home/runner/work/develop/develop/vendor/pestphp/pest/src/Factories/TestCaseFactory.php(196) : eval()'d code" line="37" class="P\Packages\realtimecompiler\tests\RealtimeCompilerTest" classname="P.Packages.realtimecompiler.tests.RealtimeCompilerTest" assertions="4" time="0.040990"/>
        <testcase name="__pest_evaluable_handle_routes_pages_with__html_extension" file="/home/runner/work/develop/develop/vendor/pestphp/pest/src/Factories/TestCaseFactory.php(196) : eval()'d code" line="52" class="P\Packages\realtimecompiler\tests\RealtimeCompilerTest" classname="P.Packages.realtimecompiler.tests.RealtimeCompilerTest" assertions="4" time="0.047408"/>
        <testcase name="__pest_evaluable_handle_routes_static_assets" file="/home/runner/work/develop/develop/vendor/pestphp/pest/src/Factories/TestCaseFactory.php(196) : eval()'d code" line="67" class="P\Packages\realtimecompiler\tests\RealtimeCompilerTest" classname="P.Packages.realtimecompiler.tests.RealtimeCompilerTest" assertions="4" time="0.003468"/>
        <testcase name="__pest_evaluable_handle_throws_route_not_found_exception_for_missing_route" file="/home/runner/work/develop/develop/vendor/pestphp/pest/src/Factories/TestCaseFactory.php(196) : eval()'d code" line="82" class="P\Packages\realtimecompiler\tests\RealtimeCompilerTest" classname="P.Packages.realtimecompiler.tests.RealtimeCompilerTest" assertions="2" time="0.043706"/>
        <testcase name="__pest_evaluable_handle_sends_404_error_response_for_missing_asset" file="/home/runner/work/develop/develop/vendor/pestphp/pest/src/Factories/TestCaseFactory.php(196) : eval()'d code" line="97" class="P\Packages\realtimecompiler\tests\RealtimeCompilerTest" classname="P.Packages.realtimecompiler.tests.RealtimeCompilerTest" assertions="3" time="0.002687"/>
        <testcase name="__pest_evaluable_trailing_slashes_are_normalized_from_route" file="/home/runner/work/develop/develop/vendor/pestphp/pest/src/Factories/TestCaseFactory.php(196) : eval()'d code" line="112" class="P\Packages\realtimecompiler\tests\RealtimeCompilerTest" classname="P.Packages.realtimecompiler.tests.RealtimeCompilerTest" assertions="4" time="0.061645"/>
        <testcase name="__pest_evaluable_docs_uri_path_is_rerouted_to_docs_index" file="/home/runner/work/develop/develop/vendor/pestphp/pest/src/Factories/TestCaseFactory.php(196) : eval()'d code" line="127" class="P\Packages\realtimecompiler\tests\RealtimeCompilerTest" classname="P.Packages.realtimecompiler.tests.RealtimeCompilerTest" assertions="4" time="0.074248"/>
        <testcase name="__pest_evaluable_docs_search_renders_search_page" file="/home/runner/work/develop/develop/vendor/pestphp/pest/src/Factories/TestCaseFactory.php(196) : eval()'d code" line="142" class="P\Packages\realtimecompiler\tests\RealtimeCompilerTest" classname="P.Packages.realtimecompiler.tests.RealtimeCompilerTest" assertions="4" time="0.074612"/>
        <testcase name="__pest_evaluable_ping_route_returns_ping_response" file="/home/runner/work/develop/develop/vendor/pestphp/pest/src/Factories/TestCaseFactory.php(196) : eval()'d code" line="157" class="P\Packages\realtimecompiler\tests\RealtimeCompilerTest" classname="P.Packages.realtimecompiler.tests.RealtimeCompilerTest" assertions="3" time="0.002921"/>
        <testcase name="__pest_evaluable_exception_handling" file="/home/runner/work/develop/develop/vendor/pestphp/pest/src/Factories/TestCaseFactory.php(196) : eval()'d code" line="172" class="P\Packages\realtimecompiler\tests\RealtimeCompilerTest" classname="P.Packages.realtimecompiler.tests.RealtimeCompilerTest" assertions="3" time="0.005936"/>
      </testsuite>
    </testsuite>
  </testsuite>
</testsuites>
