<?xml version="1.0" encoding="UTF-8"?>
<testsuites>
  <testsuite name="/home/runner/work/develop/develop/phpunit.xml.dist" tests="2687" assertions="5389" errors="0" failures="0" skipped="6" time="50.572204">
    <testsuite name="FeatureHyde" tests="6" assertions="17" errors="0" failures="0" skipped="0" time="1.486695">
      <testsuite name="Hyde\Testing\Hyde\DefaultContentTest" file="Default Content (Hyde\Testing\Hyde\DefaultContent)" tests="3" assertions="12" errors="0" failures="0" skipped="0" time="0.511547">
        <testcase name="Default pages are present" file="Default Content (Hyde\Testing\Hyde\DefaultContent)::Default pages are present" class="Hyde\Testing\Hyde\DefaultContentTest" classname="Hyde.Testing.Hyde.DefaultContentTest" assertions="4" time="0.507217"/>
        <testcase name="Default compiled stylesheet is present" file="Default Content (Hyde\Testing\Hyde\DefaultContent)::Default compiled stylesheet is present" class="Hyde\Testing\Hyde\DefaultContentTest" classname="Hyde.Testing.Hyde.DefaultContentTest" assertions="2" time="0.002039"/>
        <testcase name="Laravel mix resources are present" file="Default Content (Hyde\Testing\Hyde\DefaultContent)::Laravel mix resources are present" class="Hyde\Testing\Hyde\DefaultContentTest" classname="Hyde.Testing.Hyde.DefaultContentTest" assertions="6" time="0.002290"/>
      </testsuite>
      <testsuite name="Hyde\Testing\Hyde\ExampleTest" file="Example (Hyde\Testing\Hyde\Example)" tests="1" assertions="1" errors="0" failures="0" skipped="0" time="0.020848">
        <testcase name="Example" file="Example (Hyde\Testing\Hyde\Example)::Example" class="Hyde\Testing\Hyde\ExampleTest" classname="Hyde.Testing.Hyde.ExampleTest" assertions="1" time="0.020848"/>
      </testsuite>
      <testsuite name="Hyde\Testing\Hyde\HydeCLITest" file="Hyde CLI (Hyde\Testing\Hyde\HydeCLI)" tests="1" assertions="2" errors="0" failures="0" skipped="0" time="0.678811">
        <testcase name="Can show hyde console" file="Hyde CLI (Hyde\Testing\Hyde\HydeCLI)::Can show hyde console" class="Hyde\Testing\Hyde\HydeCLITest" classname="Hyde.Testing.Hyde.HydeCLITest" assertions="2" time="0.678811"/>
      </testsuite>
      <testsuite name="Hyde\Testing\Hyde\StaticSiteBuilderTest" file="Static Site Builder (Hyde\Testing\Hyde\StaticSiteBuilder)" tests="1" assertions="2" errors="0" failures="0" skipped="0" time="0.275489">
        <testcase name="Can build static site" file="Static Site Builder (Hyde\Testing\Hyde\StaticSiteBuilder)::Can build static site" class="Hyde\Testing\Hyde\StaticSiteBuilderTest" classname="Hyde.Testing.Hyde.StaticSiteBuilderTest" assertions="2" time="0.275489"/>
      </testsuite>
    </testsuite>
    <testsuite name="UnitFramework" tests="1014" assertions="1692" errors="0" failures="0" skipped="3" time="9.486791">
      <testsuite name="Hyde\Framework\Testing\Unit\AssetServiceUnitTest" file="Asset Service Unit (Hyde\Framework\Testing\Unit\AssetServiceUnit)" tests="15" assertions="21" errors="0" failures="0" skipped="0" time="0.037003">
        <testcase name="Version string constant" file="Asset Service Unit (Hyde\Framework\Testing\Unit\AssetServiceUnit)::Version string constant" class="Hyde\Framework\Testing\Unit\AssetServiceUnitTest" classname="Hyde.Framework.Testing.Unit.AssetServiceUnitTest" assertions="1" time="0.004839"/>
        <testcase name="Service has version string" file="Asset Service Unit (Hyde\Framework\Testing\Unit\AssetServiceUnit)::Service has version string" class="Hyde\Framework\Testing\Unit\AssetServiceUnitTest" classname="Hyde.Framework.Testing.Unit.AssetServiceUnitTest" assertions="1" time="0.002342"/>
        <testcase name="Version string defaults to constant" file="Asset Service Unit (Hyde\Framework\Testing\Unit\AssetServiceUnit)::Version string defaults to constant" class="Hyde\Framework\Testing\Unit\AssetServiceUnitTest" classname="Hyde.Framework.Testing.Unit.AssetServiceUnitTest" assertions="1" time="0.002081"/>
        <testcase name="Version can be set in config" file="Asset Service Unit (Hyde\Framework\Testing\Unit\AssetServiceUnit)::Version can be set in config" class="Hyde\Framework\Testing\Unit\AssetServiceUnitTest" classname="Hyde.Framework.Testing.Unit.AssetServiceUnitTest" assertions="1" time="0.002179"/>
        <testcase name="Cdn pattern constant" file="Asset Service Unit (Hyde\Framework\Testing\Unit\AssetServiceUnit)::Cdn pattern constant" class="Hyde\Framework\Testing\Unit\AssetServiceUnitTest" classname="Hyde.Framework.Testing.Unit.AssetServiceUnitTest" assertions="1" time="0.001917"/>
        <testcase name="Can set custom cdn url in config" file="Asset Service Unit (Hyde\Framework\Testing\Unit\AssetServiceUnit)::Can set custom cdn url in config" class="Hyde\Framework\Testing\Unit\AssetServiceUnitTest" classname="Hyde.Framework.Testing.Unit.AssetServiceUnitTest" assertions="1" time="0.002126"/>
        <testcase name="Can use custom cdn url with version" file="Asset Service Unit (Hyde\Framework\Testing\Unit\AssetServiceUnit)::Can use custom cdn url with version" class="Hyde\Framework\Testing\Unit\AssetServiceUnitTest" classname="Hyde.Framework.Testing.Unit.AssetServiceUnitTest" assertions="1" time="0.002177"/>
        <testcase name="Can use custom cdn url with file" file="Asset Service Unit (Hyde\Framework\Testing\Unit\AssetServiceUnit)::Can use custom cdn url with file" class="Hyde\Framework\Testing\Unit\AssetServiceUnitTest" classname="Hyde.Framework.Testing.Unit.AssetServiceUnitTest" assertions="1" time="0.002124"/>
        <testcase name="Can use custom cdn url with version and file" file="Asset Service Unit (Hyde\Framework\Testing\Unit\AssetServiceUnit)::Can use custom cdn url with version and file" class="Hyde\Framework\Testing\Unit\AssetServiceUnitTest" classname="Hyde.Framework.Testing.Unit.AssetServiceUnitTest" assertions="1" time="0.002155"/>
        <testcase name="Can use custom cdn url with custom version" file="Asset Service Unit (Hyde\Framework\Testing\Unit\AssetServiceUnit)::Can use custom cdn url with custom version" class="Hyde\Framework\Testing\Unit\AssetServiceUnitTest" classname="Hyde.Framework.Testing.Unit.AssetServiceUnitTest" assertions="1" time="0.002138"/>
        <testcase name="Cdn link helper" file="Asset Service Unit (Hyde\Framework\Testing\Unit\AssetServiceUnit)::Cdn link helper" class="Hyde\Framework\Testing\Unit\AssetServiceUnitTest" classname="Hyde.Framework.Testing.Unit.AssetServiceUnitTest" assertions="1" time="0.002121"/>
        <testcase name="Has media file helper" file="Asset Service Unit (Hyde\Framework\Testing\Unit\AssetServiceUnit)::Has media file helper" class="Hyde\Framework\Testing\Unit\AssetServiceUnitTest" classname="Hyde.Framework.Testing.Unit.AssetServiceUnitTest" assertions="1" time="0.002380"/>
        <testcase name="Has media file helper returns true for existing file" file="Asset Service Unit (Hyde\Framework\Testing\Unit\AssetServiceUnit)::Has media file helper returns true for existing file" class="Hyde\Framework\Testing\Unit\AssetServiceUnitTest" classname="Hyde.Framework.Testing.Unit.AssetServiceUnitTest" assertions="1" time="0.002298"/>
        <testcase name="Inject tailwind config returns extracted tailwind config" file="Asset Service Unit (Hyde\Framework\Testing\Unit\AssetServiceUnit)::Inject tailwind config returns extracted tailwind config" class="Hyde\Framework\Testing\Unit\AssetServiceUnitTest" classname="Hyde.Framework.Testing.Unit.AssetServiceUnitTest" assertions="6" time="0.003481"/>
        <testcase name="Inject tailwind config handles missing config file gracefully" file="Asset Service Unit (Hyde\Framework\Testing\Unit\AssetServiceUnit)::Inject tailwind config handles missing config file gracefully" class="Hyde\Framework\Testing\Unit\AssetServiceUnitTest" classname="Hyde.Framework.Testing.Unit.AssetServiceUnitTest" assertions="2" time="0.002647"/>
      </testsuite>
      <testsuite name="Hyde\Framework\Testing\Unit\BaseFoundationCollectionTest" file="Base Foundation Collection (Hyde\Framework\Testing\Unit\BaseFoundationCollection)" tests="4" assertions="8" errors="0" failures="0" skipped="0" time="0.020891">
        <testcase name="Init" file="Base Foundation Collection (Hyde\Framework\Testing\Unit\BaseFoundationCollection)::Init" class="Hyde\Framework\Testing\Unit\BaseFoundationCollectionTest" classname="Hyde.Framework.Testing.Unit.BaseFoundationCollectionTest" assertions="4" time="0.014983"/>
        <testcase name="Exceptions are caught and rethrown as runtime exceptions" file="Base Foundation Collection (Hyde\Framework\Testing\Unit\BaseFoundationCollection)::Exceptions are caught and rethrown as runtime exceptions" class="Hyde\Framework\Testing\Unit\BaseFoundationCollectionTest" classname="Hyde.Framework.Testing.Unit.BaseFoundationCollectionTest" assertions="1" time="0.002135"/>
        <testcase name="Exceptions are caught and rethrown with helpful information" file="Base Foundation Collection (Hyde\Framework\Testing\Unit\BaseFoundationCollection)::Exceptions are caught and rethrown with helpful information" class="Hyde\Framework\Testing\Unit\BaseFoundationCollectionTest" classname="Hyde.Framework.Testing.Unit.BaseFoundationCollectionTest" assertions="1" time="0.001856"/>
        <testcase name="Can get previous exception" file="Base Foundation Collection (Hyde\Framework\Testing\Unit\BaseFoundationCollection)::Can get previous exception" class="Hyde\Framework\Testing\Unit\BaseFoundationCollectionTest" classname="Hyde.Framework.Testing.Unit.BaseFoundationCollectionTest" assertions="2" time="0.001917"/>
      </testsuite>
      <testsuite name="Hyde\Framework\Testing\Unit\BlogPostFrontMatterIsOptionalTest" file="Blog Post Front Matter Is Optional (Hyde\Framework\Testing\Unit\BlogPostFrontMatterIsOptional)" tests="2" assertions="2" errors="0" failures="0" skipped="0" time="0.269364">
        <testcase name="Blog post can be created without front matter" file="Blog Post Front Matter Is Optional (Hyde\Framework\Testing\Unit\BlogPostFrontMatterIsOptional)::Blog post can be created without front matter" class="Hyde\Framework\Testing\Unit\BlogPostFrontMatterIsOptionalTest" classname="Hyde.Framework.Testing.Unit.BlogPostFrontMatterIsOptionalTest" assertions="1" time="0.239127"/>
        <testcase name="Blog post feed can be rendered when post has no front matter" file="Blog Post Front Matter Is Optional (Hyde\Framework\Testing\Unit\BlogPostFrontMatterIsOptional)::Blog post feed can be rendered when post has no front matter" class="Hyde\Framework\Testing\Unit\BlogPostFrontMatterIsOptionalTest" classname="Hyde.Framework.Testing.Unit.BlogPostFrontMatterIsOptionalTest" assertions="1" time="0.030237"/>
      </testsuite>
      <testsuite name="Hyde\Framework\Testing\Unit\BreadcrumbsComponentTest" file="Breadcrumbs Component (Hyde\Framework\Testing\Unit\BreadcrumbsComponent)" tests="13" assertions="13" errors="0" failures="0" skipped="0" time="0.078098">
        <testcase name="Can construct" file="Breadcrumbs Component (Hyde\Framework\Testing\Unit\BreadcrumbsComponent)::Can construct" class="Hyde\Framework\Testing\Unit\BreadcrumbsComponentTest" classname="Hyde.Framework.Testing.Unit.BreadcrumbsComponentTest" assertions="1" time="0.016463"/>
        <testcase name="Can render" file="Breadcrumbs Component (Hyde\Framework\Testing\Unit\BreadcrumbsComponent)::Can render" class="Hyde\Framework\Testing\Unit\BreadcrumbsComponentTest" classname="Hyde.Framework.Testing.Unit.BreadcrumbsComponentTest" assertions="1" time="0.013578"/>
        <testcase name="Can generate breadcrumbs" file="Breadcrumbs Component (Hyde\Framework\Testing\Unit\BreadcrumbsComponent)::Can generate breadcrumbs" class="Hyde\Framework\Testing\Unit\BreadcrumbsComponentTest" classname="Hyde.Framework.Testing.Unit.BreadcrumbsComponentTest" assertions="1" time="0.004107"/>
        <testcase name="Can generate breadcrumbs for index page" file="Breadcrumbs Component (Hyde\Framework\Testing\Unit\BreadcrumbsComponent)::Can generate breadcrumbs for index page" class="Hyde\Framework\Testing\Unit\BreadcrumbsComponentTest" classname="Hyde.Framework.Testing.Unit.BreadcrumbsComponentTest" assertions="1" time="0.004145"/>
        <testcase name="Can generate breadcrumbs for root page" file="Breadcrumbs Component (Hyde\Framework\Testing\Unit\BreadcrumbsComponent)::Can generate breadcrumbs for root page" class="Hyde\Framework\Testing\Unit\BreadcrumbsComponentTest" classname="Hyde.Framework.Testing.Unit.BreadcrumbsComponentTest" assertions="1" time="0.004256"/>
        <testcase name="Can generate breadcrumbs for nested page" file="Breadcrumbs Component (Hyde\Framework\Testing\Unit\BreadcrumbsComponent)::Can generate breadcrumbs for nested page" class="Hyde\Framework\Testing\Unit\BreadcrumbsComponentTest" classname="Hyde.Framework.Testing.Unit.BreadcrumbsComponentTest" assertions="1" time="0.004479"/>
        <testcase name="Can generate breadcrumbs for very nested page" file="Breadcrumbs Component (Hyde\Framework\Testing\Unit\BreadcrumbsComponent)::Can generate breadcrumbs for very nested page" class="Hyde\Framework\Testing\Unit\BreadcrumbsComponentTest" classname="Hyde.Framework.Testing.Unit.BreadcrumbsComponentTest" assertions="1" time="0.004751"/>
        <testcase name="Can generate breadcrumbs for nested page with index" file="Breadcrumbs Component (Hyde\Framework\Testing\Unit\BreadcrumbsComponent)::Can generate breadcrumbs for nested page with index" class="Hyde\Framework\Testing\Unit\BreadcrumbsComponentTest" classname="Hyde.Framework.Testing.Unit.BreadcrumbsComponentTest" assertions="1" time="0.004441"/>
        <testcase name="Can generate breadcrumbs for index page with pretty urls" file="Breadcrumbs Component (Hyde\Framework\Testing\Unit\BreadcrumbsComponent)::Can generate breadcrumbs for index page with pretty urls" class="Hyde\Framework\Testing\Unit\BreadcrumbsComponentTest" classname="Hyde.Framework.Testing.Unit.BreadcrumbsComponentTest" assertions="1" time="0.004240"/>
        <testcase name="Can generate breadcrumbs for nested page with pretty urls" file="Breadcrumbs Component (Hyde\Framework\Testing\Unit\BreadcrumbsComponent)::Can generate breadcrumbs for nested page with pretty urls" class="Hyde\Framework\Testing\Unit\BreadcrumbsComponentTest" classname="Hyde.Framework.Testing.Unit.BreadcrumbsComponentTest" assertions="1" time="0.004542"/>
        <testcase name="Can generate breadcrumbs for nested page with index with pretty urls" file="Breadcrumbs Component (Hyde\Framework\Testing\Unit\BreadcrumbsComponent)::Can generate breadcrumbs for nested page with index with pretty urls" class="Hyde\Framework\Testing\Unit\BreadcrumbsComponentTest" classname="Hyde.Framework.Testing.Unit.BreadcrumbsComponentTest" assertions="1" time="0.004514"/>
        <testcase name="Title generation with kebab case url" file="Breadcrumbs Component (Hyde\Framework\Testing\Unit\BreadcrumbsComponent)::Title generation with kebab case url" class="Hyde\Framework\Testing\Unit\BreadcrumbsComponentTest" classname="Hyde.Framework.Testing.Unit.BreadcrumbsComponentTest" assertions="1" time="0.004288"/>
        <testcase name="Title generation with snake case url" file="Breadcrumbs Component (Hyde\Framework\Testing\Unit\BreadcrumbsComponent)::Title generation with snake case url" class="Hyde\Framework\Testing\Unit\BreadcrumbsComponentTest" classname="Hyde.Framework.Testing.Unit.BreadcrumbsComponentTest" assertions="1" time="0.004295"/>
      </testsuite>
      <testsuite name="Hyde\Framework\Testing\Unit\BuildOutputDirectoryCanBeChangedTest" file="Build Output Directory Can Be Changed (Hyde\Framework\Testing\Unit\BuildOutputDirectoryCanBeChanged)" tests="5" assertions="20" errors="0" failures="0" skipped="0" time="0.186834">
        <testcase name="Site output directory can be changed for site builds" file="Build Output Directory Can Be Changed (Hyde\Framework\Testing\Unit\BuildOutputDirectoryCanBeChanged)::Site output directory can be changed for site builds" class="Hyde\Framework\Testing\Unit\BuildOutputDirectoryCanBeChangedTest" classname="Hyde.Framework.Testing.Unit.BuildOutputDirectoryCanBeChangedTest" assertions="14" time="0.058586"/>
        <testcase name="Site output directory can be changed in static page builder" file="Build Output Directory Can Be Changed (Hyde\Framework\Testing\Unit\BuildOutputDirectoryCanBeChanged)::Site output directory can be changed in static page builder" class="Hyde\Framework\Testing\Unit\BuildOutputDirectoryCanBeChangedTest" classname="Hyde.Framework.Testing.Unit.BuildOutputDirectoryCanBeChangedTest" assertions="1" time="0.032823"/>
        <testcase name="Output directory is created if it does not exist in static page builder" file="Build Output Directory Can Be Changed (Hyde\Framework\Testing\Unit\BuildOutputDirectoryCanBeChanged)::Output directory is created if it does not exist in static page builder" class="Hyde\Framework\Testing\Unit\BuildOutputDirectoryCanBeChangedTest" classname="Hyde.Framework.Testing.Unit.BuildOutputDirectoryCanBeChangedTest" assertions="1" time="0.033097"/>
        <testcase name="Site output directory can be changed in configuration" file="Build Output Directory Can Be Changed (Hyde\Framework\Testing\Unit\BuildOutputDirectoryCanBeChanged)::Site output directory can be changed in configuration" class="Hyde\Framework\Testing\Unit\BuildOutputDirectoryCanBeChangedTest" classname="Hyde.Framework.Testing.Unit.BuildOutputDirectoryCanBeChangedTest" assertions="3" time="0.033948"/>
        <testcase name="Site output directory path is normalized to trim trailing slashes" file="Build Output Directory Can Be Changed (Hyde\Framework\Testing\Unit\BuildOutputDirectoryCanBeChanged)::Site output directory path is normalized to trim trailing slashes" class="Hyde\Framework\Testing\Unit\BuildOutputDirectoryCanBeChangedTest" classname="Hyde.Framework.Testing.Unit.BuildOutputDirectoryCanBeChangedTest" assertions="1" time="0.028380"/>
      </testsuite>
      <testsuite name="Hyde\Framework\Testing\Unit\BuildTaskServiceUnitTest" file="Build Task Service Unit (Hyde\Framework\Testing\Unit\BuildTaskServiceUnit)" tests="36" assertions="40" errors="0" failures="0" skipped="0" time="0.164137">
        <testcase name="Construct" file="Build Task Service Unit (Hyde\Framework\Testing\Unit\BuildTaskServiceUnit)::Construct" class="Hyde\Framework\Testing\Unit\BuildTaskServiceUnitTest" classname="Hyde.Framework.Testing.Unit.BuildTaskServiceUnitTest" assertions="1" time="0.014711"/>
        <testcase name="Get tasks" file="Build Task Service Unit (Hyde\Framework\Testing\Unit\BuildTaskServiceUnit)::Get tasks" class="Hyde\Framework\Testing\Unit\BuildTaskServiceUnitTest" classname="Hyde.Framework.Testing.Unit.BuildTaskServiceUnitTest" assertions="1" time="0.003521"/>
        <testcase name="Get tasks with task registered in config" file="Build Task Service Unit (Hyde\Framework\Testing\Unit\BuildTaskServiceUnit)::Get tasks with task registered in config" class="Hyde\Framework\Testing\Unit\BuildTaskServiceUnitTest" classname="Hyde.Framework.Testing.Unit.BuildTaskServiceUnitTest" assertions="1" time="0.004109"/>
        <testcase name="Register task" file="Build Task Service Unit (Hyde\Framework\Testing\Unit\BuildTaskServiceUnit)::Register task" class="Hyde\Framework\Testing\Unit\BuildTaskServiceUnitTest" classname="Hyde.Framework.Testing.Unit.BuildTaskServiceUnitTest" assertions="1" time="0.003545"/>
        <testcase name="Register pre build task" file="Build Task Service Unit (Hyde\Framework\Testing\Unit\BuildTaskServiceUnit)::Register pre build task" class="Hyde\Framework\Testing\Unit\BuildTaskServiceUnitTest" classname="Hyde.Framework.Testing.Unit.BuildTaskServiceUnitTest" assertions="1" time="0.003563"/>
        <testcase name="Register post build task" file="Build Task Service Unit (Hyde\Framework\Testing\Unit\BuildTaskServiceUnit)::Register post build task" class="Hyde\Framework\Testing\Unit\BuildTaskServiceUnitTest" classname="Hyde.Framework.Testing.Unit.BuildTaskServiceUnitTest" assertions="1" time="0.003524"/>
        <testcase name="Register instantiated task" file="Build Task Service Unit (Hyde\Framework\Testing\Unit\BuildTaskServiceUnit)::Register instantiated task" class="Hyde\Framework\Testing\Unit\BuildTaskServiceUnitTest" classname="Hyde.Framework.Testing.Unit.BuildTaskServiceUnitTest" assertions="1" time="0.003526"/>
        <testcase name="Register instantiated pre build task" file="Build Task Service Unit (Hyde\Framework\Testing\Unit\BuildTaskServiceUnit)::Register instantiated pre build task" class="Hyde\Framework\Testing\Unit\BuildTaskServiceUnitTest" classname="Hyde.Framework.Testing.Unit.BuildTaskServiceUnitTest" assertions="1" time="0.003540"/>
        <testcase name="Register instantiated post build task" file="Build Task Service Unit (Hyde\Framework\Testing\Unit\BuildTaskServiceUnit)::Register instantiated post build task" class="Hyde\Framework\Testing\Unit\BuildTaskServiceUnitTest" classname="Hyde.Framework.Testing.Unit.BuildTaskServiceUnitTest" assertions="1" time="0.003533"/>
        <testcase name="Register task with invalid class type throws exception" file="Build Task Service Unit (Hyde\Framework\Testing\Unit\BuildTaskServiceUnit)::Register task with invalid class type throws exception" class="Hyde\Framework\Testing\Unit\BuildTaskServiceUnitTest" classname="Hyde.Framework.Testing.Unit.BuildTaskServiceUnitTest" assertions="1" time="0.003428"/>
        <testcase name="Register task without child extension throws exception" file="Build Task Service Unit (Hyde\Framework\Testing\Unit\BuildTaskServiceUnit)::Register task without child extension throws exception" class="Hyde\Framework\Testing\Unit\BuildTaskServiceUnitTest" classname="Hyde.Framework.Testing.Unit.BuildTaskServiceUnitTest" assertions="1" time="0.003416"/>
        <testcase name="Register task with base class throws exception" file="Build Task Service Unit (Hyde\Framework\Testing\Unit\BuildTaskServiceUnit)::Register task with base class throws exception" class="Hyde\Framework\Testing\Unit\BuildTaskServiceUnitTest" classname="Hyde.Framework.Testing.Unit.BuildTaskServiceUnitTest" assertions="1" time="0.003411"/>
        <testcase name="Register task with already registered task" file="Build Task Service Unit (Hyde\Framework\Testing\Unit\BuildTaskServiceUnit)::Register task with already registered task" class="Hyde\Framework\Testing\Unit\BuildTaskServiceUnitTest" classname="Hyde.Framework.Testing.Unit.BuildTaskServiceUnitTest" assertions="1" time="0.003555"/>
        <testcase name="Register task with task already registered in config" file="Build Task Service Unit (Hyde\Framework\Testing\Unit\BuildTaskServiceUnit)::Register task with task already registered in config" class="Hyde\Framework\Testing\Unit\BuildTaskServiceUnitTest" classname="Hyde.Framework.Testing.Unit.BuildTaskServiceUnitTest" assertions="1" time="0.004059"/>
        <testcase name="Can register framework tasks" file="Build Task Service Unit (Hyde\Framework\Testing\Unit\BuildTaskServiceUnit)::Can register framework tasks" class="Hyde\Framework\Testing\Unit\BuildTaskServiceUnitTest" classname="Hyde.Framework.Testing.Unit.BuildTaskServiceUnitTest" assertions="1" time="0.003557"/>
        <testcase name="Can overload framework tasks" file="Build Task Service Unit (Hyde\Framework\Testing\Unit\BuildTaskServiceUnit)::Can overload framework tasks" class="Hyde\Framework\Testing\Unit\BuildTaskServiceUnitTest" classname="Hyde.Framework.Testing.Unit.BuildTaskServiceUnitTest" assertions="1" time="0.003540"/>
        <testcase name="Can set output with null" file="Build Task Service Unit (Hyde\Framework\Testing\Unit\BuildTaskServiceUnit)::Can set output with null" class="Hyde\Framework\Testing\Unit\BuildTaskServiceUnitTest" classname="Hyde.Framework.Testing.Unit.BuildTaskServiceUnitTest" assertions="1" time="0.003413"/>
        <testcase name="Can set output with output style" file="Build Task Service Unit (Hyde\Framework\Testing\Unit\BuildTaskServiceUnit)::Can set output with output style" class="Hyde\Framework\Testing\Unit\BuildTaskServiceUnitTest" classname="Hyde.Framework.Testing.Unit.BuildTaskServiceUnitTest" assertions="1" time="0.007333"/>
        <testcase name="Generate build manifest extends post build task" file="Build Task Service Unit (Hyde\Framework\Testing\Unit\BuildTaskServiceUnit)::Generate build manifest extends post build task" class="Hyde\Framework\Testing\Unit\BuildTaskServiceUnitTest" classname="Hyde.Framework.Testing.Unit.BuildTaskServiceUnitTest" assertions="1" time="0.003496"/>
        <testcase name="Generate rss feed extends post build task" file="Build Task Service Unit (Hyde\Framework\Testing\Unit\BuildTaskServiceUnit)::Generate rss feed extends post build task" class="Hyde\Framework\Testing\Unit\BuildTaskServiceUnitTest" classname="Hyde.Framework.Testing.Unit.BuildTaskServiceUnitTest" assertions="1" time="0.007894"/>
        <testcase name="Generate search extends post build task" file="Build Task Service Unit (Hyde\Framework\Testing\Unit\BuildTaskServiceUnit)::Generate search extends post build task" class="Hyde\Framework\Testing\Unit\BuildTaskServiceUnitTest" classname="Hyde.Framework.Testing.Unit.BuildTaskServiceUnitTest" assertions="1" time="0.007249"/>
        <testcase name="Generate sitemap extends post build task" file="Build Task Service Unit (Hyde\Framework\Testing\Unit\BuildTaskServiceUnit)::Generate sitemap extends post build task" class="Hyde\Framework\Testing\Unit\BuildTaskServiceUnitTest" classname="Hyde.Framework.Testing.Unit.BuildTaskServiceUnitTest" assertions="1" time="0.003426"/>
        <testcase name="Can run pre build tasks" file="Build Task Service Unit (Hyde\Framework\Testing\Unit\BuildTaskServiceUnit)::Can run pre build tasks" class="Hyde\Framework\Testing\Unit\BuildTaskServiceUnitTest" classname="Hyde.Framework.Testing.Unit.BuildTaskServiceUnitTest" assertions="1" time="0.003408"/>
        <testcase name="Can run post build tasks" file="Build Task Service Unit (Hyde\Framework\Testing\Unit\BuildTaskServiceUnit)::Can run post build tasks" class="Hyde\Framework\Testing\Unit\BuildTaskServiceUnitTest" classname="Hyde.Framework.Testing.Unit.BuildTaskServiceUnitTest" assertions="1" time="0.003392"/>
        <testcase name="Can run pre build tasks with tasks" file="Build Task Service Unit (Hyde\Framework\Testing\Unit\BuildTaskServiceUnit)::Can run pre build tasks with tasks" class="Hyde\Framework\Testing\Unit\BuildTaskServiceUnitTest" classname="Hyde.Framework.Testing.Unit.BuildTaskServiceUnitTest" assertions="1" time="0.003559"/>
        <testcase name="Can run post build tasks with tasks" file="Build Task Service Unit (Hyde\Framework\Testing\Unit\BuildTaskServiceUnit)::Can run post build tasks with tasks" class="Hyde\Framework\Testing\Unit\BuildTaskServiceUnitTest" classname="Hyde.Framework.Testing.Unit.BuildTaskServiceUnitTest" assertions="1" time="0.003528"/>
        <testcase name="Run pre build tasks calls handle methods" file="Build Task Service Unit (Hyde\Framework\Testing\Unit\BuildTaskServiceUnit)::Run pre build tasks calls handle methods" class="Hyde\Framework\Testing\Unit\BuildTaskServiceUnitTest" classname="Hyde.Framework.Testing.Unit.BuildTaskServiceUnitTest" assertions="1" time="0.007235"/>
        <testcase name="Run post build tasks calls handle methods" file="Build Task Service Unit (Hyde\Framework\Testing\Unit\BuildTaskServiceUnit)::Run post build tasks calls handle methods" class="Hyde\Framework\Testing\Unit\BuildTaskServiceUnitTest" classname="Hyde.Framework.Testing.Unit.BuildTaskServiceUnitTest" assertions="1" time="0.007168"/>
        <testcase name="Run pre build tasks calls run methods" file="Build Task Service Unit (Hyde\Framework\Testing\Unit\BuildTaskServiceUnit)::Run pre build tasks calls run methods" class="Hyde\Framework\Testing\Unit\BuildTaskServiceUnitTest" classname="Hyde.Framework.Testing.Unit.BuildTaskServiceUnitTest" assertions="1" time="0.003483"/>
        <testcase name="Run post build tasks calls run methods" file="Build Task Service Unit (Hyde\Framework\Testing\Unit\BuildTaskServiceUnit)::Run post build tasks calls run methods" class="Hyde\Framework\Testing\Unit\BuildTaskServiceUnitTest" classname="Hyde.Framework.Testing.Unit.BuildTaskServiceUnitTest" assertions="1" time="0.003540"/>
        <testcase name="Run pre build tasks calls run methods with null when service has no output" file="Build Task Service Unit (Hyde\Framework\Testing\Unit\BuildTaskServiceUnit)::Run pre build tasks calls run methods with null when service has no output" class="Hyde\Framework\Testing\Unit\BuildTaskServiceUnitTest" classname="Hyde.Framework.Testing.Unit.BuildTaskServiceUnitTest" assertions="1" time="0.003538"/>
        <testcase name="Run post build tasks calls run methods with null when service has no output" file="Build Task Service Unit (Hyde\Framework\Testing\Unit\BuildTaskServiceUnit)::Run post build tasks calls run methods with null when service has no output" class="Hyde\Framework\Testing\Unit\BuildTaskServiceUnitTest" classname="Hyde.Framework.Testing.Unit.BuildTaskServiceUnitTest" assertions="1" time="0.003528"/>
        <testcase name="Run pre build tasks calls run methods with output when service has output" file="Build Task Service Unit (Hyde\Framework\Testing\Unit\BuildTaskServiceUnit)::Run pre build tasks calls run methods with output when service has output" class="Hyde\Framework\Testing\Unit\BuildTaskServiceUnitTest" classname="Hyde.Framework.Testing.Unit.BuildTaskServiceUnitTest" assertions="1" time="0.003587"/>
        <testcase name="Run post build tasks calls run methods with output when service has output" file="Build Task Service Unit (Hyde\Framework\Testing\Unit\BuildTaskServiceUnit)::Run post build tasks calls run methods with output when service has output" class="Hyde\Framework\Testing\Unit\BuildTaskServiceUnitTest" classname="Hyde.Framework.Testing.Unit.BuildTaskServiceUnitTest" assertions="1" time="0.003576"/>
        <testcase name="Service searches for tasks in app directory" file="Build Task Service Unit (Hyde\Framework\Testing\Unit\BuildTaskServiceUnit)::Service searches for tasks in app directory" class="Hyde\Framework\Testing\Unit\BuildTaskServiceUnitTest" classname="Hyde.Framework.Testing.Unit.BuildTaskServiceUnitTest" assertions="3" time="0.005977"/>
        <testcase name="Service finds tasks in app directory" file="Build Task Service Unit (Hyde\Framework\Testing\Unit\BuildTaskServiceUnit)::Service finds tasks in app directory" class="Hyde\Framework\Testing\Unit\BuildTaskServiceUnitTest" classname="Hyde.Framework.Testing.Unit.BuildTaskServiceUnitTest" assertions="3" time="0.007270"/>
      </testsuite>
      <testsuite name="Hyde\Framework\Testing\Unit\BuildTaskSkippedExceptionTest" file="Build Task Skipped Exception (Hyde\Framework\Testing\Unit\BuildTaskSkippedException)" tests="5" assertions="7" errors="0" failures="0" skipped="0" time="0.047698">
        <testcase name="It can be instantiated" file="Build Task Skipped Exception (Hyde\Framework\Testing\Unit\BuildTaskSkippedException)::It can be instantiated" class="Hyde\Framework\Testing\Unit\BuildTaskSkippedExceptionTest" classname="Hyde.Framework.Testing.Unit.BuildTaskSkippedExceptionTest" assertions="1" time="0.040080"/>
        <testcase name="It throws an exception with default message" file="Build Task Skipped Exception (Hyde\Framework\Testing\Unit\BuildTaskSkippedException)::It throws an exception with default message" class="Hyde\Framework\Testing\Unit\BuildTaskSkippedExceptionTest" classname="Hyde.Framework.Testing.Unit.BuildTaskSkippedExceptionTest" assertions="2" time="0.002148"/>
        <testcase name="It throws an exception with custom message" file="Build Task Skipped Exception (Hyde\Framework\Testing\Unit\BuildTaskSkippedException)::It throws an exception with custom message" class="Hyde\Framework\Testing\Unit\BuildTaskSkippedExceptionTest" classname="Hyde.Framework.Testing.Unit.BuildTaskSkippedExceptionTest" assertions="2" time="0.001893"/>
        <testcase name="Default exception code" file="Build Task Skipped Exception (Hyde\Framework\Testing\Unit\BuildTaskSkippedException)::Default exception code" class="Hyde\Framework\Testing\Unit\BuildTaskSkippedExceptionTest" classname="Hyde.Framework.Testing.Unit.BuildTaskSkippedExceptionTest" assertions="1" time="0.001785"/>
        <testcase name="Custom exception code" file="Build Task Skipped Exception (Hyde\Framework\Testing\Unit\BuildTaskSkippedException)::Custom exception code" class="Hyde\Framework\Testing\Unit\BuildTaskSkippedExceptionTest" classname="Hyde.Framework.Testing.Unit.BuildTaskSkippedExceptionTest" assertions="1" time="0.001793"/>
      </testsuite>
      <testsuite name="Hyde\Framework\Testing\Unit\BuildTaskUnitTest" file="Build Task Unit (Hyde\Framework\Testing\Unit\BuildTaskUnit)" tests="21" assertions="33" errors="0" failures="0" skipped="0" time="0.048133">
        <testcase name="Can create build task" file="Build Task Unit (Hyde\Framework\Testing\Unit\BuildTaskUnit)::Can create build task" class="Hyde\Framework\Testing\Unit\BuildTaskUnitTest" classname="Hyde.Framework.Testing.Unit.BuildTaskUnitTest" assertions="1" time="0.007385"/>
        <testcase name="It tracks execution time" file="Build Task Unit (Hyde\Framework\Testing\Unit\BuildTaskUnit)::It tracks execution time" class="Hyde\Framework\Testing\Unit\BuildTaskUnitTest" classname="Hyde.Framework.Testing.Unit.BuildTaskUnitTest" assertions="2" time="0.002224"/>
        <testcase name="It can run without output" file="Build Task Unit (Hyde\Framework\Testing\Unit\BuildTaskUnit)::It can run without output" class="Hyde\Framework\Testing\Unit\BuildTaskUnitTest" classname="Hyde.Framework.Testing.Unit.BuildTaskUnitTest" assertions="1" time="0.001925"/>
        <testcase name="It can run with output" file="Build Task Unit (Hyde\Framework\Testing\Unit\BuildTaskUnit)::It can run with output" class="Hyde\Framework\Testing\Unit\BuildTaskUnitTest" classname="Hyde.Framework.Testing.Unit.BuildTaskUnitTest" assertions="1" time="0.002326"/>
        <testcase name="It prints start message" file="Build Task Unit (Hyde\Framework\Testing\Unit\BuildTaskUnit)::It prints start message" class="Hyde\Framework\Testing\Unit\BuildTaskUnitTest" classname="Hyde.Framework.Testing.Unit.BuildTaskUnitTest" assertions="1" time="0.001999"/>
        <testcase name="It prints finish message" file="Build Task Unit (Hyde\Framework\Testing\Unit\BuildTaskUnit)::It prints finish message" class="Hyde\Framework\Testing\Unit\BuildTaskUnitTest" classname="Hyde.Framework.Testing.Unit.BuildTaskUnitTest" assertions="2" time="0.002115"/>
        <testcase name="Run method handles task" file="Build Task Unit (Hyde\Framework\Testing\Unit\BuildTaskUnit)::Run method handles task" class="Hyde\Framework\Testing\Unit\BuildTaskUnitTest" classname="Hyde.Framework.Testing.Unit.BuildTaskUnitTest" assertions="2" time="0.002043"/>
        <testcase name="Run method returns exit code" file="Build Task Unit (Hyde\Framework\Testing\Unit\BuildTaskUnit)::Run method returns exit code" class="Hyde\Framework\Testing\Unit\BuildTaskUnitTest" classname="Hyde.Framework.Testing.Unit.BuildTaskUnitTest" assertions="2" time="0.002114"/>
        <testcase name="Can get message" file="Build Task Unit (Hyde\Framework\Testing\Unit\BuildTaskUnit)::Can get message" class="Hyde\Framework\Testing\Unit\BuildTaskUnitTest" classname="Hyde.Framework.Testing.Unit.BuildTaskUnitTest" assertions="1" time="0.001834"/>
        <testcase name="Can get custom message" file="Build Task Unit (Hyde\Framework\Testing\Unit\BuildTaskUnit)::Can get custom message" class="Hyde\Framework\Testing\Unit\BuildTaskUnitTest" classname="Hyde.Framework.Testing.Unit.BuildTaskUnitTest" assertions="1" time="0.001867"/>
        <testcase name="Can print start message" file="Build Task Unit (Hyde\Framework\Testing\Unit\BuildTaskUnit)::Can print start message" class="Hyde\Framework\Testing\Unit\BuildTaskUnitTest" classname="Hyde.Framework.Testing.Unit.BuildTaskUnitTest" assertions="1" time="0.001871"/>
        <testcase name="Can print custom start message" file="Build Task Unit (Hyde\Framework\Testing\Unit\BuildTaskUnit)::Can print custom start message" class="Hyde\Framework\Testing\Unit\BuildTaskUnitTest" classname="Hyde.Framework.Testing.Unit.BuildTaskUnitTest" assertions="1" time="0.001876"/>
        <testcase name="Can print finish message" file="Build Task Unit (Hyde\Framework\Testing\Unit\BuildTaskUnit)::Can print finish message" class="Hyde\Framework\Testing\Unit\BuildTaskUnitTest" classname="Hyde.Framework.Testing.Unit.BuildTaskUnitTest" assertions="2" time="0.002035"/>
        <testcase name="Finish message printing formats execution time" file="Build Task Unit (Hyde\Framework\Testing\Unit\BuildTaskUnit)::Finish message printing formats execution time" class="Hyde\Framework\Testing\Unit\BuildTaskUnitTest" classname="Hyde.Framework.Testing.Unit.BuildTaskUnitTest" assertions="1" time="0.001937"/>
        <testcase name="Can write to output" file="Build Task Unit (Hyde\Framework\Testing\Unit\BuildTaskUnit)::Can write to output" class="Hyde\Framework\Testing\Unit\BuildTaskUnitTest" classname="Hyde.Framework.Testing.Unit.BuildTaskUnitTest" assertions="1" time="0.001934"/>
        <testcase name="Created site file" file="Build Task Unit (Hyde\Framework\Testing\Unit\BuildTaskUnit)::Created site file" class="Hyde\Framework\Testing\Unit\BuildTaskUnitTest" classname="Hyde.Framework.Testing.Unit.BuildTaskUnitTest" assertions="1" time="0.002060"/>
        <testcase name="Created site file with absolute path" file="Build Task Unit (Hyde\Framework\Testing\Unit\BuildTaskUnit)::Created site file with absolute path" class="Hyde\Framework\Testing\Unit\BuildTaskUnitTest" classname="Hyde.Framework.Testing.Unit.BuildTaskUnitTest" assertions="1" time="0.002058"/>
        <testcase name="With execution time" file="Build Task Unit (Hyde\Framework\Testing\Unit\BuildTaskUnit)::With execution time" class="Hyde\Framework\Testing\Unit\BuildTaskUnitTest" classname="Hyde.Framework.Testing.Unit.BuildTaskUnitTest" assertions="2" time="0.002016"/>
        <testcase name="Task skipping" file="Build Task Unit (Hyde\Framework\Testing\Unit\BuildTaskUnit)::Task skipping" class="Hyde\Framework\Testing\Unit\BuildTaskUnitTest" classname="Hyde.Framework.Testing.Unit.BuildTaskUnitTest" assertions="3" time="0.002164"/>
        <testcase name="Task skipping with custom message" file="Build Task Unit (Hyde\Framework\Testing\Unit\BuildTaskUnit)::Task skipping with custom message" class="Hyde\Framework\Testing\Unit\BuildTaskUnitTest" classname="Hyde.Framework.Testing.Unit.BuildTaskUnitTest" assertions="3" time="0.002176"/>
        <testcase name="Exception handling" file="Build Task Unit (Hyde\Framework\Testing\Unit\BuildTaskUnit)::Exception handling" class="Hyde\Framework\Testing\Unit\BuildTaskUnitTest" classname="Hyde.Framework.Testing.Unit.BuildTaskUnitTest" assertions="3" time="0.002173"/>
      </testsuite>
      <testsuite name="Hyde\Framework\Testing\Unit\BuildWarningsTest" file="Build Warnings (Hyde\Framework\Testing\Unit\BuildWarnings)" tests="18" assertions="21" errors="0" failures="0" skipped="0" time="0.065948">
        <testcase name="Get instance" file="Build Warnings (Hyde\Framework\Testing\Unit\BuildWarnings)::Get instance" class="Hyde\Framework\Testing\Unit\BuildWarningsTest" classname="Hyde.Framework.Testing.Unit.BuildWarningsTest" assertions="1" time="0.022886"/>
        <testcase name="Get instance returns singleton" file="Build Warnings (Hyde\Framework\Testing\Unit\BuildWarnings)::Get instance returns singleton" class="Hyde\Framework\Testing\Unit\BuildWarningsTest" classname="Hyde.Framework.Testing.Unit.BuildWarningsTest" assertions="1" time="0.002090"/>
        <testcase name="Has warnings" file="Build Warnings (Hyde\Framework\Testing\Unit\BuildWarnings)::Has warnings" class="Hyde\Framework\Testing\Unit\BuildWarningsTest" classname="Hyde.Framework.Testing.Unit.BuildWarningsTest" assertions="1" time="0.002039"/>
        <testcase name="Has warning with warnings" file="Build Warnings (Hyde\Framework\Testing\Unit\BuildWarnings)::Has warning with warnings" class="Hyde\Framework\Testing\Unit\BuildWarningsTest" classname="Hyde.Framework.Testing.Unit.BuildWarningsTest" assertions="1" time="0.002070"/>
        <testcase name="Get warnings" file="Build Warnings (Hyde\Framework\Testing\Unit\BuildWarnings)::Get warnings" class="Hyde\Framework\Testing\Unit\BuildWarningsTest" classname="Hyde.Framework.Testing.Unit.BuildWarningsTest" assertions="1" time="0.002189"/>
        <testcase name="Get warnings with warnings" file="Build Warnings (Hyde\Framework\Testing\Unit\BuildWarnings)::Get warnings with warnings" class="Hyde\Framework\Testing\Unit\BuildWarningsTest" classname="Hyde.Framework.Testing.Unit.BuildWarningsTest" assertions="1" time="0.002471"/>
        <testcase name="Report" file="Build Warnings (Hyde\Framework\Testing\Unit\BuildWarnings)::Report" class="Hyde\Framework\Testing\Unit\BuildWarningsTest" classname="Hyde.Framework.Testing.Unit.BuildWarningsTest" assertions="2" time="0.002440"/>
        <testcase name="Report with build warning object" file="Build Warnings (Hyde\Framework\Testing\Unit\BuildWarnings)::Report with build warning object" class="Hyde\Framework\Testing\Unit\BuildWarningsTest" classname="Hyde.Framework.Testing.Unit.BuildWarningsTest" assertions="2" time="0.002288"/>
        <testcase name="Reports warnings defaults to true" file="Build Warnings (Hyde\Framework\Testing\Unit\BuildWarnings)::Reports warnings defaults to true" class="Hyde\Framework\Testing\Unit\BuildWarningsTest" classname="Hyde.Framework.Testing.Unit.BuildWarningsTest" assertions="1" time="0.002248"/>
        <testcase name="Reports warnings returns true when true" file="Build Warnings (Hyde\Framework\Testing\Unit\BuildWarnings)::Reports warnings returns true when true" class="Hyde\Framework\Testing\Unit\BuildWarningsTest" classname="Hyde.Framework.Testing.Unit.BuildWarningsTest" assertions="1" time="0.002166"/>
        <testcase name="Reports warnings returns false when false" file="Build Warnings (Hyde\Framework\Testing\Unit\BuildWarnings)::Reports warnings returns false when false" class="Hyde\Framework\Testing\Unit\BuildWarningsTest" classname="Hyde.Framework.Testing.Unit.BuildWarningsTest" assertions="1" time="0.002176"/>
        <testcase name="Reports warnings as exceptions defaults to false" file="Build Warnings (Hyde\Framework\Testing\Unit\BuildWarnings)::Reports warnings as exceptions defaults to false" class="Hyde\Framework\Testing\Unit\BuildWarningsTest" classname="Hyde.Framework.Testing.Unit.BuildWarningsTest" assertions="1" time="0.002219"/>
        <testcase name="Reports warnings as exceptions returns true when true" file="Build Warnings (Hyde\Framework\Testing\Unit\BuildWarnings)::Reports warnings as exceptions returns true when true" class="Hyde\Framework\Testing\Unit\BuildWarningsTest" classname="Hyde.Framework.Testing.Unit.BuildWarningsTest" assertions="1" time="0.002196"/>
        <testcase name="Reports warnings as exceptions returns false when false" file="Build Warnings (Hyde\Framework\Testing\Unit\BuildWarnings)::Reports warnings as exceptions returns false when false" class="Hyde\Framework\Testing\Unit\BuildWarningsTest" classname="Hyde.Framework.Testing.Unit.BuildWarningsTest" assertions="1" time="0.002187"/>
        <testcase name="Write warnings to output" file="Build Warnings (Hyde\Framework\Testing\Unit\BuildWarnings)::Write warnings to output" class="Hyde\Framework\Testing\Unit\BuildWarningsTest" classname="Hyde.Framework.Testing.Unit.BuildWarningsTest" assertions="1" time="0.005418"/>
        <testcase name="Write warnings to output with verbose output" file="Build Warnings (Hyde\Framework\Testing\Unit\BuildWarnings)::Write warnings to output with verbose output" class="Hyde\Framework\Testing\Unit\BuildWarningsTest" classname="Hyde.Framework.Testing.Unit.BuildWarningsTest" assertions="2" time="0.002680"/>
        <testcase name="Write warnings to output with converting build warnings to exceptions" file="Build Warnings (Hyde\Framework\Testing\Unit\BuildWarnings)::Write warnings to output with converting build warnings to exceptions" class="Hyde\Framework\Testing\Unit\BuildWarningsTest" classname="Hyde.Framework.Testing.Unit.BuildWarningsTest" assertions="1" time="0.004209"/>
        <testcase name="Can construct build warning" file="Build Warnings (Hyde\Framework\Testing\Unit\BuildWarnings)::Can construct build warning" class="Hyde\Framework\Testing\Unit\BuildWarningsTest" classname="Hyde.Framework.Testing.Unit.BuildWarningsTest" assertions="1" time="0.001974"/>
      </testsuite>
      <testsuite name="Hyde\Framework\Testing\Unit\ConfigFileTest" file="Config File (Hyde\Framework\Testing\Unit\ConfigFile)" tests="8" assertions="8" errors="0" failures="0" skipped="0" time="0.040123">
        <testcase name="Default output directory value matches declared value" file="Config File (Hyde\Framework\Testing\Unit\ConfigFile)::Default output directory value matches declared value" class="Hyde\Framework\Testing\Unit\ConfigFileTest" classname="Hyde.Framework.Testing.Unit.ConfigFileTest" assertions="1" time="0.021095"/>
        <testcase name="Default media directory value matches declared value" file="Config File (Hyde\Framework\Testing\Unit\ConfigFile)::Default media directory value matches declared value" class="Hyde\Framework\Testing\Unit\ConfigFileTest" classname="Hyde.Framework.Testing.Unit.ConfigFileTest" assertions="1" time="0.002472"/>
        <testcase name="Default source root value matches declared value" file="Config File (Hyde\Framework\Testing\Unit\ConfigFile)::Default source root value matches declared value" class="Hyde\Framework\Testing\Unit\ConfigFileTest" classname="Hyde.Framework.Testing.Unit.ConfigFileTest" assertions="1" time="0.002645"/>
        <testcase name="Default source directories values match declared values" file="Config File (Hyde\Framework\Testing\Unit\ConfigFile)::Default source directories values match declared values" class="Hyde\Framework\Testing\Unit\ConfigFileTest" classname="Hyde.Framework.Testing.Unit.ConfigFileTest" assertions="1" time="0.002583"/>
        <testcase name="Default source directories values cover all core extension classes" file="Config File (Hyde\Framework\Testing\Unit\ConfigFile)::Default source directories values cover all core extension classes" class="Hyde\Framework\Testing\Unit\ConfigFileTest" classname="Hyde.Framework.Testing.Unit.ConfigFileTest" assertions="1" time="0.003079"/>
        <testcase name="Default output directories values match declared values" file="Config File (Hyde\Framework\Testing\Unit\ConfigFile)::Default output directories values match declared values" class="Hyde\Framework\Testing\Unit\ConfigFileTest" classname="Hyde.Framework.Testing.Unit.ConfigFileTest" assertions="1" time="0.002660"/>
        <testcase name="Default output directories values cover all core extension classes" file="Config File (Hyde\Framework\Testing\Unit\ConfigFile)::Default output directories values cover all core extension classes" class="Hyde\Framework\Testing\Unit\ConfigFileTest" classname="Hyde.Framework.Testing.Unit.ConfigFileTest" assertions="1" time="0.003083"/>
        <testcase name="Default features array matches default features" file="Config File (Hyde\Framework\Testing\Unit\ConfigFile)::Default features array matches default features" class="Hyde\Framework\Testing\Unit\ConfigFileTest" classname="Hyde.Framework.Testing.Unit.ConfigFileTest" assertions="1" time="0.002506"/>
      </testsuite>
      <testsuite name="Hyde\Framework\Testing\Unit\ConsoleServiceProviderUnitTest" file="Console Service Provider Unit (Hyde\Framework\Testing\Unit\ConsoleServiceProviderUnit)" tests="2" assertions="2" errors="0" failures="0" skipped="0" time="0.011865">
        <testcase name="Provider registers logo" file="Console Service Provider Unit (Hyde\Framework\Testing\Unit\ConsoleServiceProviderUnit)::Provider registers logo" class="Hyde\Framework\Testing\Unit\ConsoleServiceProviderUnitTest" classname="Hyde.Framework.Testing.Unit.ConsoleServiceProviderUnitTest" assertions="1" time="0.010034"/>
        <testcase name="Provider registers no ansi logo" file="Console Service Provider Unit (Hyde\Framework\Testing\Unit\ConsoleServiceProviderUnit)::Provider registers no ansi logo" class="Hyde\Framework\Testing\Unit\ConsoleServiceProviderUnitTest" classname="Hyde.Framework.Testing.Unit.ConsoleServiceProviderUnitTest" assertions="1" time="0.001832"/>
      </testsuite>
      <testsuite name="Hyde\Framework\Testing\Unit\CoreDataObjectTest" file="Core Data Object (Hyde\Framework\Testing\Unit\CoreDataObject)" tests="3" assertions="3" errors="0" failures="0" skipped="0" time="0.026557">
        <testcase name="Core data object with hyde page" file="Core Data Object (Hyde\Framework\Testing\Unit\CoreDataObject)::Core data object with hyde page" class="Hyde\Framework\Testing\Unit\CoreDataObjectTest" classname="Hyde.Framework.Testing.Unit.CoreDataObjectTest" assertions="1" time="0.005940"/>
        <testcase name="Core data object with dynamic page" file="Core Data Object (Hyde\Framework\Testing\Unit\CoreDataObject)::Core data object with dynamic page" class="Hyde\Framework\Testing\Unit\CoreDataObjectTest" classname="Hyde.Framework.Testing.Unit.CoreDataObjectTest" assertions="1" time="0.017470"/>
        <testcase name="To array" file="Core Data Object (Hyde\Framework\Testing\Unit\CoreDataObject)::To array" class="Hyde\Framework\Testing\Unit\CoreDataObjectTest" classname="Hyde.Framework.Testing.Unit.CoreDataObjectTest" assertions="1" time="0.003148"/>
      </testsuite>
      <testsuite name="Hyde\Framework\Testing\Unit\CreatesNewMarkdownPostFileTest" file="Creates New Markdown Post File (Hyde\Framework\Testing\Unit\CreatesNewMarkdownPostFile)" tests="5" assertions="9" errors="0" failures="0" skipped="0" time="0.138303">
        <testcase name="With default data" file="Creates New Markdown Post File (Hyde\Framework\Testing\Unit\CreatesNewMarkdownPostFile)::With default data" class="Hyde\Framework\Testing\Unit\CreatesNewMarkdownPostFileTest" classname="Hyde.Framework.Testing.Unit.CreatesNewMarkdownPostFileTest" assertions="5" time="0.044310"/>
        <testcase name="With custom data" file="Creates New Markdown Post File (Hyde\Framework\Testing\Unit\CreatesNewMarkdownPostFile)::With custom data" class="Hyde\Framework\Testing\Unit\CreatesNewMarkdownPostFileTest" classname="Hyde.Framework.Testing.Unit.CreatesNewMarkdownPostFileTest" assertions="1" time="0.020184"/>
        <testcase name="Save" file="Creates New Markdown Post File (Hyde\Framework\Testing\Unit\CreatesNewMarkdownPostFile)::Save" class="Hyde\Framework\Testing\Unit\CreatesNewMarkdownPostFileTest" classname="Hyde.Framework.Testing.Unit.CreatesNewMarkdownPostFileTest" assertions="1" time="0.032473"/>
        <testcase name="Save with custom content" file="Creates New Markdown Post File (Hyde\Framework\Testing\Unit\CreatesNewMarkdownPostFile)::Save with custom content" class="Hyde\Framework\Testing\Unit\CreatesNewMarkdownPostFileTest" classname="Hyde.Framework.Testing.Unit.CreatesNewMarkdownPostFileTest" assertions="1" time="0.021762"/>
        <testcase name="Custom date normalisation" file="Creates New Markdown Post File (Hyde\Framework\Testing\Unit\CreatesNewMarkdownPostFile)::Custom date normalisation" class="Hyde\Framework\Testing\Unit\CreatesNewMarkdownPostFileTest" classname="Hyde.Framework.Testing.Unit.CreatesNewMarkdownPostFileTest" assertions="1" time="0.019575"/>
      </testsuite>
      <testsuite name="Hyde\Framework\Testing\Unit\CustomExceptionsTest" file="Custom Exceptions (Hyde\Framework\Testing\Unit\CustomExceptions)" tests="17" assertions="17" errors="0" failures="0" skipped="0" time="0.053022">
        <testcase name="File conflict exception with default message" file="Custom Exceptions (Hyde\Framework\Testing\Unit\CustomExceptions)::File conflict exception with default message" class="Hyde\Framework\Testing\Unit\CustomExceptionsTest" classname="Hyde.Framework.Testing.Unit.CustomExceptionsTest" assertions="1" time="0.020444"/>
        <testcase name="File conflict exception with path" file="Custom Exceptions (Hyde\Framework\Testing\Unit\CustomExceptions)::File conflict exception with path" class="Hyde\Framework\Testing\Unit\CustomExceptionsTest" classname="Hyde.Framework.Testing.Unit.CustomExceptionsTest" assertions="1" time="0.002239"/>
        <testcase name="File conflict exception with absolute path" file="Custom Exceptions (Hyde\Framework\Testing\Unit\CustomExceptions)::File conflict exception with absolute path" class="Hyde\Framework\Testing\Unit\CustomExceptionsTest" classname="Hyde.Framework.Testing.Unit.CustomExceptionsTest" assertions="1" time="0.002229"/>
        <testcase name="File not found exception with default message" file="Custom Exceptions (Hyde\Framework\Testing\Unit\CustomExceptions)::File not found exception with default message" class="Hyde\Framework\Testing\Unit\CustomExceptionsTest" classname="Hyde.Framework.Testing.Unit.CustomExceptionsTest" assertions="1" time="0.002008"/>
        <testcase name="File not found exception with path" file="Custom Exceptions (Hyde\Framework\Testing\Unit\CustomExceptions)::File not found exception with path" class="Hyde\Framework\Testing\Unit\CustomExceptionsTest" classname="Hyde.Framework.Testing.Unit.CustomExceptionsTest" assertions="1" time="0.002165"/>
        <testcase name="File not found exception with absolute path" file="Custom Exceptions (Hyde\Framework\Testing\Unit\CustomExceptions)::File not found exception with absolute path" class="Hyde\Framework\Testing\Unit\CustomExceptionsTest" classname="Hyde.Framework.Testing.Unit.CustomExceptionsTest" assertions="1" time="0.002206"/>
        <testcase name="File not found exception with custom path" file="Custom Exceptions (Hyde\Framework\Testing\Unit\CustomExceptions)::File not found exception with custom path" class="Hyde\Framework\Testing\Unit\CustomExceptionsTest" classname="Hyde.Framework.Testing.Unit.CustomExceptionsTest" assertions="1" time="0.001995"/>
        <testcase name="Route not found exception with default message" file="Custom Exceptions (Hyde\Framework\Testing\Unit\CustomExceptions)::Route not found exception with default message" class="Hyde\Framework\Testing\Unit\CustomExceptionsTest" classname="Hyde.Framework.Testing.Unit.CustomExceptionsTest" assertions="1" time="0.002002"/>
        <testcase name="Route not found exception with route key" file="Custom Exceptions (Hyde\Framework\Testing\Unit\CustomExceptions)::Route not found exception with route key" class="Hyde\Framework\Testing\Unit\CustomExceptionsTest" classname="Hyde.Framework.Testing.Unit.CustomExceptionsTest" assertions="1" time="0.002018"/>
        <testcase name="Unsupported page type exception with default message" file="Custom Exceptions (Hyde\Framework\Testing\Unit\CustomExceptions)::Unsupported page type exception with default message" class="Hyde\Framework\Testing\Unit\CustomExceptionsTest" classname="Hyde.Framework.Testing.Unit.CustomExceptionsTest" assertions="1" time="0.001989"/>
        <testcase name="Unsupported page type exception with page" file="Custom Exceptions (Hyde\Framework\Testing\Unit\CustomExceptions)::Unsupported page type exception with page" class="Hyde\Framework\Testing\Unit\CustomExceptionsTest" classname="Hyde.Framework.Testing.Unit.CustomExceptionsTest" assertions="1" time="0.001975"/>
        <testcase name="Base url not set exception" file="Custom Exceptions (Hyde\Framework\Testing\Unit\CustomExceptions)::Base url not set exception" class="Hyde\Framework\Testing\Unit\CustomExceptionsTest" classname="Hyde.Framework.Testing.Unit.CustomExceptionsTest" assertions="1" time="0.001941"/>
        <testcase name="File conflict exception code" file="Custom Exceptions (Hyde\Framework\Testing\Unit\CustomExceptions)::File conflict exception code" class="Hyde\Framework\Testing\Unit\CustomExceptionsTest" classname="Hyde.Framework.Testing.Unit.CustomExceptionsTest" assertions="1" time="0.001959"/>
        <testcase name="File not found exception code" file="Custom Exceptions (Hyde\Framework\Testing\Unit\CustomExceptions)::File not found exception code" class="Hyde\Framework\Testing\Unit\CustomExceptionsTest" classname="Hyde.Framework.Testing.Unit.CustomExceptionsTest" assertions="1" time="0.001958"/>
        <testcase name="Route not found exception code" file="Custom Exceptions (Hyde\Framework\Testing\Unit\CustomExceptions)::Route not found exception code" class="Hyde\Framework\Testing\Unit\CustomExceptionsTest" classname="Hyde.Framework.Testing.Unit.CustomExceptionsTest" assertions="1" time="0.001986"/>
        <testcase name="Unsupported page type exception code" file="Custom Exceptions (Hyde\Framework\Testing\Unit\CustomExceptions)::Unsupported page type exception code" class="Hyde\Framework\Testing\Unit\CustomExceptionsTest" classname="Hyde.Framework.Testing.Unit.CustomExceptionsTest" assertions="1" time="0.001963"/>
        <testcase name="Base url not set exception code" file="Custom Exceptions (Hyde\Framework\Testing\Unit\CustomExceptions)::Base url not set exception code" class="Hyde\Framework\Testing\Unit\CustomExceptionsTest" classname="Hyde.Framework.Testing.Unit.CustomExceptionsTest" assertions="1" time="0.001944"/>
      </testsuite>
      <testsuite name="Hyde\Framework\Testing\Unit\DataCollectionUnitTest" file="Data Collection Unit (Hyde\Framework\Testing\Unit\DataCollectionUnit)" tests="9" assertions="9" errors="0" failures="0" skipped="0" time="0.051581">
        <testcase name="Class has static source directory property" file="Data Collection Unit (Hyde\Framework\Testing\Unit\DataCollectionUnit)::Class has static source directory property" class="Hyde\Framework\Testing\Unit\DataCollectionUnitTest" classname="Hyde.Framework.Testing.Unit.DataCollectionUnitTest" assertions="1" time="0.027916"/>
        <testcase name="Constructor creates new data collection instance" file="Data Collection Unit (Hyde\Framework\Testing\Unit\DataCollectionUnit)::Constructor creates new data collection instance" class="Hyde\Framework\Testing\Unit\DataCollectionUnitTest" classname="Hyde.Framework.Testing.Unit.DataCollectionUnitTest" assertions="1" time="0.001885"/>
        <testcase name="Class extends collection class" file="Data Collection Unit (Hyde\Framework\Testing\Unit\DataCollectionUnit)::Class extends collection class" class="Hyde\Framework\Testing\Unit\DataCollectionUnitTest" classname="Hyde.Framework.Testing.Unit.DataCollectionUnitTest" assertions="1" time="0.001820"/>
        <testcase name="Can convert collection to array" file="Data Collection Unit (Hyde\Framework\Testing\Unit\DataCollectionUnit)::Can convert collection to array" class="Hyde\Framework\Testing\Unit\DataCollectionUnitTest" classname="Hyde.Framework.Testing.Unit.DataCollectionUnitTest" assertions="1" time="0.001940"/>
        <testcase name="Can convert collection to json" file="Data Collection Unit (Hyde\Framework\Testing\Unit\DataCollectionUnit)::Can convert collection to json" class="Hyde\Framework\Testing\Unit\DataCollectionUnitTest" classname="Hyde.Framework.Testing.Unit.DataCollectionUnitTest" assertions="1" time="0.001940"/>
        <testcase name="Find markdown files calls proper glob pattern" file="Data Collection Unit (Hyde\Framework\Testing\Unit\DataCollectionUnit)::Find markdown files calls proper glob pattern" class="Hyde\Framework\Testing\Unit\DataCollectionUnitTest" classname="Hyde.Framework.Testing.Unit.DataCollectionUnitTest" assertions="1" time="0.007168"/>
        <testcase name="Find markdown files with no files" file="Data Collection Unit (Hyde\Framework\Testing\Unit\DataCollectionUnit)::Find markdown files with no files" class="Hyde\Framework\Testing\Unit\DataCollectionUnitTest" classname="Hyde.Framework.Testing.Unit.DataCollectionUnitTest" assertions="1" time="0.002904"/>
        <testcase name="Find markdown files with files" file="Data Collection Unit (Hyde\Framework\Testing\Unit\DataCollectionUnit)::Find markdown files with files" class="Hyde\Framework\Testing\Unit\DataCollectionUnitTest" classname="Hyde.Framework.Testing.Unit.DataCollectionUnitTest" assertions="1" time="0.003236"/>
        <testcase name="Static markdown helper returns new data collection instance" file="Data Collection Unit (Hyde\Framework\Testing\Unit\DataCollectionUnit)::Static markdown helper returns new data collection instance" class="Hyde\Framework\Testing\Unit\DataCollectionUnitTest" classname="Hyde.Framework.Testing.Unit.DataCollectionUnitTest" assertions="1" time="0.002774"/>
      </testsuite>
      <testsuite name="Hyde\Framework\Testing\Unit\DateStringTest" file="Date String (Hyde\Framework\Testing\Unit\DateString)" tests="6" assertions="6" errors="0" failures="0" skipped="0" time="0.019697">
        <testcase name="It can parse date string" file="Date String (Hyde\Framework\Testing\Unit\DateString)::It can parse date string" class="Hyde\Framework\Testing\Unit\DateStringTest" classname="Hyde.Framework.Testing.Unit.DateStringTest" assertions="1" time="0.010527"/>
        <testcase name="It can parse date string into datetime object" file="Date String (Hyde\Framework\Testing\Unit\DateString)::It can parse date string into datetime object" class="Hyde\Framework\Testing\Unit\DateStringTest" classname="Hyde.Framework.Testing.Unit.DateStringTest" assertions="1" time="0.001781"/>
        <testcase name="It can format date string into machine readable string" file="Date String (Hyde\Framework\Testing\Unit\DateString)::It can format date string into machine readable string" class="Hyde\Framework\Testing\Unit\DateStringTest" classname="Hyde.Framework.Testing.Unit.DateStringTest" assertions="1" time="0.001844"/>
        <testcase name="It can format date string into human readable string" file="Date String (Hyde\Framework\Testing\Unit\DateString)::It can format date string into human readable string" class="Hyde\Framework\Testing\Unit\DateStringTest" classname="Hyde.Framework.Testing.Unit.DateStringTest" assertions="1" time="0.001818"/>
        <testcase name="It can format date string into short human readable string" file="Date String (Hyde\Framework\Testing\Unit\DateString)::It can format date string into short human readable string" class="Hyde\Framework\Testing\Unit\DateStringTest" classname="Hyde.Framework.Testing.Unit.DateStringTest" assertions="1" time="0.001873"/>
        <testcase name="It can format date string into short human readable string using magic method" file="Date String (Hyde\Framework\Testing\Unit\DateString)::It can format date string into short human readable string using magic method" class="Hyde\Framework\Testing\Unit\DateStringTest" classname="Hyde.Framework.Testing.Unit.DateStringTest" assertions="1" time="0.001854"/>
      </testsuite>
      <testsuite name="Hyde\Framework\Testing\Unit\DocumentationPageTest" file="Documentation Page (Hyde\Framework\Testing\Unit\DocumentationPage)" tests="28" assertions="43" errors="0" failures="0" skipped="0" time="0.639898">
        <testcase name="Can generate table of contents" file="Documentation Page (Hyde\Framework\Testing\Unit\DocumentationPage)::Can generate table of contents" class="Hyde\Framework\Testing\Unit\DocumentationPageTest" classname="Hyde.Framework.Testing.Unit.DocumentationPageTest" assertions="1" time="0.045283"/>
        <testcase name="Can get current page path" file="Documentation Page (Hyde\Framework\Testing\Unit\DocumentationPage)::Can get current page path" class="Hyde\Framework\Testing\Unit\DocumentationPageTest" classname="Hyde.Framework.Testing.Unit.DocumentationPageTest" assertions="1" time="0.029154"/>
        <testcase name="Can get current custom page path" file="Documentation Page (Hyde\Framework\Testing\Unit\DocumentationPage)::Can get current custom page path" class="Hyde\Framework\Testing\Unit\DocumentationPageTest" classname="Hyde.Framework.Testing.Unit.DocumentationPageTest" assertions="1" time="0.021353"/>
        <testcase name="Can get current page path when using flattened output paths" file="Documentation Page (Hyde\Framework\Testing\Unit\DocumentationPage)::Can get current page path when using flattened output paths" class="Hyde\Framework\Testing\Unit\DocumentationPageTest" classname="Hyde.Framework.Testing.Unit.DocumentationPageTest" assertions="2" time="0.021976"/>
        <testcase name="Can get current page path when not using flattened output paths" file="Documentation Page (Hyde\Framework\Testing\Unit\DocumentationPage)::Can get current page path when not using flattened output paths" class="Hyde\Framework\Testing\Unit\DocumentationPageTest" classname="Hyde.Framework.Testing.Unit.DocumentationPageTest" assertions="2" time="0.022033"/>
        <testcase name="Can get online source path" file="Documentation Page (Hyde\Framework\Testing\Unit\DocumentationPage)::Can get online source path" class="Hyde\Framework\Testing\Unit\DocumentationPageTest" classname="Hyde.Framework.Testing.Unit.DocumentationPageTest" assertions="1" time="0.020479"/>
        <testcase name="Can get online source path with source file location base" file="Documentation Page (Hyde\Framework\Testing\Unit\DocumentationPage)::Can get online source path with source file location base" class="Hyde\Framework\Testing\Unit\DocumentationPageTest" classname="Hyde.Framework.Testing.Unit.DocumentationPageTest" assertions="1" time="0.020625"/>
        <testcase name="Can get online source path with trailing slash" file="Documentation Page (Hyde\Framework\Testing\Unit\DocumentationPage)::Can get online source path with trailing slash" class="Hyde\Framework\Testing\Unit\DocumentationPageTest" classname="Hyde.Framework.Testing.Unit.DocumentationPageTest" assertions="2" time="0.020657"/>
        <testcase name="Can get documentation output path" file="Documentation Page (Hyde\Framework\Testing\Unit\DocumentationPage)::Can get documentation output path" class="Hyde\Framework\Testing\Unit\DocumentationPageTest" classname="Hyde.Framework.Testing.Unit.DocumentationPageTest" assertions="1" time="0.019300"/>
        <testcase name="Can get documentation output path with custom output directory" file="Documentation Page (Hyde\Framework\Testing\Unit\DocumentationPage)::Can get documentation output path with custom output directory" class="Hyde\Framework\Testing\Unit\DocumentationPageTest" classname="Hyde.Framework.Testing.Unit.DocumentationPageTest" assertions="1" time="0.020322"/>
        <testcase name="Can get documentation output path with trailing slashes" file="Documentation Page (Hyde\Framework\Testing\Unit\DocumentationPage)::Can get documentation output path with trailing slashes" class="Hyde\Framework\Testing\Unit\DocumentationPageTest" classname="Hyde.Framework.Testing.Unit.DocumentationPageTest" assertions="5" time="0.023662"/>
        <testcase name="Get source path returns qualified basename" file="Documentation Page (Hyde\Framework\Testing\Unit\DocumentationPage)::Get source path returns qualified basename" class="Hyde\Framework\Testing\Unit\DocumentationPageTest" classname="Hyde.Framework.Testing.Unit.DocumentationPageTest" assertions="1" time="0.020765"/>
        <testcase name="Get source path returns qualified basename for nested page" file="Documentation Page (Hyde\Framework\Testing\Unit\DocumentationPage)::Get source path returns qualified basename for nested page" class="Hyde\Framework\Testing\Unit\DocumentationPageTest" classname="Hyde.Framework.Testing.Unit.DocumentationPageTest" assertions="1" time="0.020536"/>
        <testcase name="Home method returns null when there is no index page" file="Documentation Page (Hyde\Framework\Testing\Unit\DocumentationPage)::Home method returns null when there is no index page" class="Hyde\Framework\Testing\Unit\DocumentationPageTest" classname="Hyde.Framework.Testing.Unit.DocumentationPageTest" assertions="1" time="0.024046"/>
        <testcase name="Home method returns docs index route when it exists" file="Documentation Page (Hyde\Framework\Testing\Unit\DocumentationPage)::Home method returns docs index route when it exists" class="Hyde\Framework\Testing\Unit\DocumentationPageTest" classname="Hyde.Framework.Testing.Unit.DocumentationPageTest" assertions="2" time="0.024283"/>
        <testcase name="Home method finds docs index for custom output directory" file="Documentation Page (Hyde\Framework\Testing\Unit\DocumentationPage)::Home method finds docs index for custom output directory" class="Hyde\Framework\Testing\Unit\DocumentationPageTest" classname="Hyde.Framework.Testing.Unit.DocumentationPageTest" assertions="2" time="0.025267"/>
        <testcase name="Home method finds docs index for custom nested output directory" file="Documentation Page (Hyde\Framework\Testing\Unit\DocumentationPage)::Home method finds docs index for custom nested output directory" class="Hyde\Framework\Testing\Unit\DocumentationPageTest" classname="Hyde.Framework.Testing.Unit.DocumentationPageTest" assertions="2" time="0.025234"/>
        <testcase name="Home route name method returns output directory slash index" file="Documentation Page (Hyde\Framework\Testing\Unit\DocumentationPage)::Home route name method returns output directory slash index" class="Hyde\Framework\Testing\Unit\DocumentationPageTest" classname="Hyde.Framework.Testing.Unit.DocumentationPageTest" assertions="1" time="0.019527"/>
        <testcase name="Home route name method returns customized output directory slash index" file="Documentation Page (Hyde\Framework\Testing\Unit\DocumentationPage)::Home route name method returns customized output directory slash index" class="Hyde\Framework\Testing\Unit\DocumentationPageTest" classname="Hyde.Framework.Testing.Unit.DocumentationPageTest" assertions="1" time="0.020501"/>
        <testcase name="Has table of contents" file="Documentation Page (Hyde\Framework\Testing\Unit\DocumentationPage)::Has table of contents" class="Hyde\Framework\Testing\Unit\DocumentationPageTest" classname="Hyde.Framework.Testing.Unit.DocumentationPageTest" assertions="3" time="0.019673"/>
        <testcase name="Compiled pages originating in subdirectories get output to root docs path" file="Documentation Page (Hyde\Framework\Testing\Unit\DocumentationPage)::Compiled pages originating in subdirectories get output to root docs path" class="Hyde\Framework\Testing\Unit\DocumentationPageTest" classname="Hyde.Framework.Testing.Unit.DocumentationPageTest" assertions="1" time="0.020907"/>
        <testcase name="Compiled pages originating in subdirectories get output to root docs path when using flattened output paths" file="Documentation Page (Hyde\Framework\Testing\Unit\DocumentationPage)::Compiled pages originating in subdirectories get output to root docs path when using flattened output paths" class="Hyde\Framework\Testing\Unit\DocumentationPageTest" classname="Hyde.Framework.Testing.Unit.DocumentationPageTest" assertions="1" time="0.020672"/>
        <testcase name="Compiled pages originating in subdirectories retain subdirectory structure when not using flattened output paths" file="Documentation Page (Hyde\Framework\Testing\Unit\DocumentationPage)::Compiled pages originating in subdirectories retain subdirectory structure when not using flattened output paths" class="Hyde\Framework\Testing\Unit\DocumentationPageTest" classname="Hyde.Framework.Testing.Unit.DocumentationPageTest" assertions="1" time="0.020865"/>
        <testcase name="Page has front matter" file="Documentation Page (Hyde\Framework\Testing\Unit\DocumentationPage)::Page has front matter" class="Hyde\Framework\Testing\Unit\DocumentationPageTest" classname="Hyde.Framework.Testing.Unit.DocumentationPageTest" assertions="4" time="0.025935"/>
        <testcase name="Page can be hidden from sidebar using front matter" file="Documentation Page (Hyde\Framework\Testing\Unit\DocumentationPage)::Page can be hidden from sidebar using front matter" class="Hyde\Framework\Testing\Unit\DocumentationPageTest" classname="Hyde.Framework.Testing.Unit.DocumentationPageTest" assertions="1" time="0.021808"/>
        <testcase name="Page is visible in sidebar without using front matter" file="Documentation Page (Hyde\Framework\Testing\Unit\DocumentationPage)::Page is visible in sidebar without using front matter" class="Hyde\Framework\Testing\Unit\DocumentationPageTest" classname="Hyde.Framework.Testing.Unit.DocumentationPageTest" assertions="1" time="0.021553"/>
        <testcase name="Page can set sidebar priority using front matter" file="Documentation Page (Hyde\Framework\Testing\Unit\DocumentationPage)::Page can set sidebar priority using front matter" class="Hyde\Framework\Testing\Unit\DocumentationPageTest" classname="Hyde.Framework.Testing.Unit.DocumentationPageTest" assertions="1" time="0.021737"/>
        <testcase name="Page can set sidebar label using front matter" file="Documentation Page (Hyde\Framework\Testing\Unit\DocumentationPage)::Page can set sidebar label using front matter" class="Hyde\Framework\Testing\Unit\DocumentationPageTest" classname="Hyde.Framework.Testing.Unit.DocumentationPageTest" assertions="1" time="0.021747"/>
      </testsuite>
      <testsuite name="Hyde\Framework\Testing\Unit\DropdownNavItemTest" file="Dropdown Nav Item (Hyde\Framework\Testing\Unit\DropdownNavItem)" tests="7" assertions="12" errors="0" failures="0" skipped="0" time="0.061868">
        <testcase name="Construct" file="Dropdown Nav Item (Hyde\Framework\Testing\Unit\DropdownNavItem)::Construct" class="Hyde\Framework\Testing\Unit\DropdownNavItemTest" classname="Hyde.Framework.Testing.Unit.DropdownNavItemTest" assertions="3" time="0.047102"/>
        <testcase name="Construct with custom priority" file="Dropdown Nav Item (Hyde\Framework\Testing\Unit\DropdownNavItem)::Construct with custom priority" class="Hyde\Framework\Testing\Unit\DropdownNavItemTest" classname="Hyde.Framework.Testing.Unit.DropdownNavItemTest" assertions="1" time="0.001945"/>
        <testcase name="Construct with null priority" file="Dropdown Nav Item (Hyde\Framework\Testing\Unit\DropdownNavItem)::Construct with null priority" class="Hyde\Framework\Testing\Unit\DropdownNavItemTest" classname="Hyde.Framework.Testing.Unit.DropdownNavItemTest" assertions="1" time="0.002023"/>
        <testcase name="From array" file="Dropdown Nav Item (Hyde\Framework\Testing\Unit\DropdownNavItem)::From array" class="Hyde\Framework\Testing\Unit\DropdownNavItemTest" classname="Hyde.Framework.Testing.Unit.DropdownNavItemTest" assertions="2" time="0.002158"/>
        <testcase name="With children" file="Dropdown Nav Item (Hyde\Framework\Testing\Unit\DropdownNavItem)::With children" class="Hyde\Framework\Testing\Unit\DropdownNavItemTest" classname="Hyde.Framework.Testing.Unit.DropdownNavItemTest" assertions="2" time="0.003273"/>
        <testcase name="Get items" file="Dropdown Nav Item (Hyde\Framework\Testing\Unit\DropdownNavItem)::Get items" class="Hyde\Framework\Testing\Unit\DropdownNavItemTest" classname="Hyde.Framework.Testing.Unit.DropdownNavItemTest" assertions="2" time="0.003343"/>
        <testcase name="Can set priority in config" file="Dropdown Nav Item (Hyde\Framework\Testing\Unit\DropdownNavItem)::Can set priority in config" class="Hyde\Framework\Testing\Unit\DropdownNavItemTest" classname="Hyde.Framework.Testing.Unit.DropdownNavItemTest" assertions="1" time="0.002023"/>
      </testsuite>
      <testsuite name="Hyde\Framework\Testing\Unit\EnsureCodeFollowsNamingConventionTest" file="Ensure Code Follows Naming Convention (Hyde\Framework\Testing\Unit\EnsureCodeFollowsNamingConvention)" tests="3" assertions="179" errors="0" failures="0" skipped="0" time="0.057833">
        <testcase name="Commands classes follow naming conventions" file="Ensure Code Follows Naming Convention (Hyde\Framework\Testing\Unit\EnsureCodeFollowsNamingConvention)::Commands classes follow naming conventions" class="Hyde\Framework\Testing\Unit\EnsureCodeFollowsNamingConventionTest" classname="Hyde.Framework.Testing.Unit.EnsureCodeFollowsNamingConventionTest" assertions="35" time="0.012667"/>
        <testcase name="Commands descriptions follow naming conventions" file="Ensure Code Follows Naming Convention (Hyde\Framework\Testing\Unit\EnsureCodeFollowsNamingConvention)::Commands descriptions follow naming conventions" class="Hyde\Framework\Testing\Unit\EnsureCodeFollowsNamingConventionTest" classname="Hyde.Framework.Testing.Unit.EnsureCodeFollowsNamingConventionTest" assertions="137" time="0.017312"/>
        <testcase name="Action entry points follow naming conventions" file="Ensure Code Follows Naming Convention (Hyde\Framework\Testing\Unit\EnsureCodeFollowsNamingConvention)::Action entry points follow naming conventions" class="Hyde\Framework\Testing\Unit\EnsureCodeFollowsNamingConventionTest" classname="Hyde.Framework.Testing.Unit.EnsureCodeFollowsNamingConventionTest" assertions="7" time="0.027854"/>
      </testsuite>
      <testsuite name="Hyde\Framework\Testing\Unit\ExampleUnitTest" file="Example Unit (Hyde\Framework\Testing\Unit\ExampleUnit)" tests="1" assertions="1" errors="0" failures="0" skipped="0" time="0.006660">
        <testcase name="Example" file="Example Unit (Hyde\Framework\Testing\Unit\ExampleUnit)::Example" class="Hyde\Framework\Testing\Unit\ExampleUnitTest" classname="Hyde.Framework.Testing.Unit.ExampleUnitTest" assertions="1" time="0.006660"/>
      </testsuite>
      <testsuite name="Hyde\Framework\Testing\Unit\ExtensionsUnitTest" file="Extensions Unit (Hyde\Framework\Testing\Unit\ExtensionsUnit)" tests="21" assertions="35" errors="0" failures="0" skipped="0" time="0.076785">
        <testcase name="Base class get page classes" file="Extensions Unit (Hyde\Framework\Testing\Unit\ExtensionsUnit)::Base class get page classes" class="Hyde\Framework\Testing\Unit\ExtensionsUnitTest" classname="Hyde.Framework.Testing.Unit.ExtensionsUnitTest" assertions="1" time="0.004652"/>
        <testcase name="Base class discovery handlers" file="Extensions Unit (Hyde\Framework\Testing\Unit\ExtensionsUnit)::Base class discovery handlers" class="Hyde\Framework\Testing\Unit\ExtensionsUnitTest" classname="Hyde.Framework.Testing.Unit.ExtensionsUnitTest" assertions="1" time="0.006372"/>
        <testcase name="Can register new extension" file="Extensions Unit (Hyde\Framework\Testing\Unit\ExtensionsUnit)::Can register new extension" class="Hyde\Framework\Testing\Unit\ExtensionsUnitTest" classname="Hyde.Framework.Testing.Unit.ExtensionsUnitTest" assertions="1" time="0.002731"/>
        <testcase name="Register extension after kernel is booted" file="Extensions Unit (Hyde\Framework\Testing\Unit\ExtensionsUnit)::Register extension after kernel is booted" class="Hyde\Framework\Testing\Unit\ExtensionsUnitTest" classname="Hyde.Framework.Testing.Unit.ExtensionsUnitTest" assertions="2" time="0.006035"/>
        <testcase name="Register extension with invalid extension class" file="Extensions Unit (Hyde\Framework\Testing\Unit\ExtensionsUnit)::Register extension with invalid extension class" class="Hyde\Framework\Testing\Unit\ExtensionsUnitTest" classname="Hyde.Framework.Testing.Unit.ExtensionsUnitTest" assertions="2" time="0.002726"/>
        <testcase name="Register extension with non class string" file="Extensions Unit (Hyde\Framework\Testing\Unit\ExtensionsUnit)::Register extension with non class string" class="Hyde\Framework\Testing\Unit\ExtensionsUnitTest" classname="Hyde.Framework.Testing.Unit.ExtensionsUnitTest" assertions="2" time="0.002785"/>
        <testcase name="Register extension with already registered extension" file="Extensions Unit (Hyde\Framework\Testing\Unit\ExtensionsUnit)::Register extension with already registered extension" class="Hyde\Framework\Testing\Unit\ExtensionsUnitTest" classname="Hyde.Framework.Testing.Unit.ExtensionsUnitTest" assertions="2" time="0.002704"/>
        <testcase name="Register extension method does not register already registered classes" file="Extensions Unit (Hyde\Framework\Testing\Unit\ExtensionsUnit)::Register extension method does not register already registered classes" class="Hyde\Framework\Testing\Unit\ExtensionsUnitTest" classname="Hyde.Framework.Testing.Unit.ExtensionsUnitTest" assertions="1" time="0.002782"/>
        <testcase name="Get extension with valid extension" file="Extensions Unit (Hyde\Framework\Testing\Unit\ExtensionsUnit)::Get extension with valid extension" class="Hyde\Framework\Testing\Unit\ExtensionsUnitTest" classname="Hyde.Framework.Testing.Unit.ExtensionsUnitTest" assertions="1" time="0.002523"/>
        <testcase name="Get extension with custom extension" file="Extensions Unit (Hyde\Framework\Testing\Unit\ExtensionsUnit)::Get extension with custom extension" class="Hyde\Framework\Testing\Unit\ExtensionsUnitTest" classname="Hyde.Framework.Testing.Unit.ExtensionsUnitTest" assertions="1" time="0.002592"/>
        <testcase name="Get extension with invalid extension" file="Extensions Unit (Hyde\Framework\Testing\Unit\ExtensionsUnit)::Get extension with invalid extension" class="Hyde\Framework\Testing\Unit\ExtensionsUnitTest" classname="Hyde.Framework.Testing.Unit.ExtensionsUnitTest" assertions="2" time="0.002682"/>
        <testcase name="Get extension generics" file="Extensions Unit (Hyde\Framework\Testing\Unit\ExtensionsUnit)::Get extension generics" class="Hyde\Framework\Testing\Unit\ExtensionsUnitTest" classname="Hyde.Framework.Testing.Unit.ExtensionsUnitTest" assertions="3" time="0.002704"/>
        <testcase name="Has extension with valid extension" file="Extensions Unit (Hyde\Framework\Testing\Unit\ExtensionsUnit)::Has extension with valid extension" class="Hyde\Framework\Testing\Unit\ExtensionsUnitTest" classname="Hyde.Framework.Testing.Unit.ExtensionsUnitTest" assertions="1" time="0.002615"/>
        <testcase name="Has extension with custom extension" file="Extensions Unit (Hyde\Framework\Testing\Unit\ExtensionsUnit)::Has extension with custom extension" class="Hyde\Framework\Testing\Unit\ExtensionsUnitTest" classname="Hyde.Framework.Testing.Unit.ExtensionsUnitTest" assertions="1" time="0.002578"/>
        <testcase name="Has extension with invalid extension" file="Extensions Unit (Hyde\Framework\Testing\Unit\ExtensionsUnit)::Has extension with invalid extension" class="Hyde\Framework\Testing\Unit\ExtensionsUnitTest" classname="Hyde.Framework.Testing.Unit.ExtensionsUnitTest" assertions="1" time="0.002657"/>
        <testcase name="File handler dependency injection" file="Extensions Unit (Hyde\Framework\Testing\Unit\ExtensionsUnit)::File handler dependency injection" class="Hyde\Framework\Testing\Unit\ExtensionsUnitTest" classname="Hyde.Framework.Testing.Unit.ExtensionsUnitTest" assertions="1" time="0.003561"/>
        <testcase name="Page handler dependency injection" file="Extensions Unit (Hyde\Framework\Testing\Unit\ExtensionsUnit)::Page handler dependency injection" class="Hyde\Framework\Testing\Unit\ExtensionsUnitTest" classname="Hyde.Framework.Testing.Unit.ExtensionsUnitTest" assertions="4" time="0.007633"/>
        <testcase name="Route handler dependency injection" file="Extensions Unit (Hyde\Framework\Testing\Unit\ExtensionsUnit)::Route handler dependency injection" class="Hyde\Framework\Testing\Unit\ExtensionsUnitTest" classname="Hyde.Framework.Testing.Unit.ExtensionsUnitTest" assertions="4" time="0.006213"/>
        <testcase name="Get registered page classes returns core extension classes" file="Extensions Unit (Hyde\Framework\Testing\Unit\ExtensionsUnit)::Get registered page classes returns core extension classes" class="Hyde\Framework\Testing\Unit\ExtensionsUnitTest" classname="Hyde.Framework.Testing.Unit.ExtensionsUnitTest" assertions="1" time="0.003185"/>
        <testcase name="Get registered page classes merges all extension classes" file="Extensions Unit (Hyde\Framework\Testing\Unit\ExtensionsUnit)::Get registered page classes merges all extension classes" class="Hyde\Framework\Testing\Unit\ExtensionsUnitTest" classname="Hyde.Framework.Testing.Unit.ExtensionsUnitTest" assertions="1" time="0.003501"/>
        <testcase name="Merged registered page classes array contents" file="Extensions Unit (Hyde\Framework\Testing\Unit\ExtensionsUnit)::Merged registered page classes array contents" class="Hyde\Framework\Testing\Unit\ExtensionsUnitTest" classname="Hyde.Framework.Testing.Unit.ExtensionsUnitTest" assertions="2" time="0.003551"/>
      </testsuite>
      <testsuite name="Hyde\Framework\Testing\Unit\Facades\AssetFacadeTest" file="Asset Facade (Hyde\Framework\Testing\Unit\Facades\AssetFacade)" tests="3" assertions="3" errors="0" failures="0" skipped="0" time="0.080498">
        <testcase name="Asset facade returns the asset service" file="Asset Facade (Hyde\Framework\Testing\Unit\Facades\AssetFacade)::Asset facade returns the asset service" class="Hyde\Framework\Testing\Unit\Facades\AssetFacadeTest" classname="Hyde.Framework.Testing.Unit.Facades.AssetFacadeTest" assertions="1" time="0.041597"/>
        <testcase name="Facade returns same instance as bound by the container" file="Asset Facade (Hyde\Framework\Testing\Unit\Facades\AssetFacade)::Facade returns same instance as bound by the container" class="Hyde\Framework\Testing\Unit\Facades\AssetFacadeTest" classname="Hyde.Framework.Testing.Unit.Facades.AssetFacadeTest" assertions="1" time="0.019467"/>
        <testcase name="Asset facade can call methods on the asset service" file="Asset Facade (Hyde\Framework\Testing\Unit\Facades\AssetFacade)::Asset facade can call methods on the asset service" class="Hyde\Framework\Testing\Unit\Facades\AssetFacadeTest" classname="Hyde.Framework.Testing.Unit.Facades.AssetFacadeTest" assertions="1" time="0.019434"/>
      </testsuite>
      <testsuite name="Hyde\Framework\Testing\Unit\Facades\AuthorTest" file="Author (Hyde\Framework\Testing\Unit\Facades\Author)" tests="3" assertions="10" errors="0" failures="0" skipped="0" time="0.063991">
        <testcase name="Create" file="Author (Hyde\Framework\Testing\Unit\Facades\Author)::Create" class="Hyde\Framework\Testing\Unit\Facades\AuthorTest" classname="Hyde.Framework.Testing.Unit.Facades.AuthorTest" assertions="4" time="0.024272"/>
        <testcase name="Get" file="Author (Hyde\Framework\Testing\Unit\Facades\Author)::Get" class="Hyde\Framework\Testing\Unit\Facades\AuthorTest" classname="Hyde.Framework.Testing.Unit.Facades.AuthorTest" assertions="4" time="0.019912"/>
        <testcase name="All" file="Author (Hyde\Framework\Testing\Unit\Facades\Author)::All" class="Hyde\Framework\Testing\Unit\Facades\AuthorTest" classname="Hyde.Framework.Testing.Unit.Facades.AuthorTest" assertions="2" time="0.019807"/>
      </testsuite>
      <testsuite name="Hyde\Framework\Testing\Unit\Facades\HydeFacadesAreAliasedInAppConfigTest" file="Hyde Facades Are Aliased In App Config (Hyde\Framework\Testing\Unit\Facades\HydeFacadesAreAliasedInAppConfig)" tests="1" assertions="8" errors="0" failures="0" skipped="0" time="0.026155">
        <testcase name="All facades are aliased in app config" file="Hyde Facades Are Aliased In App Config (Hyde\Framework\Testing\Unit\Facades\HydeFacadesAreAliasedInAppConfig)::All facades are aliased in app config" class="Hyde\Framework\Testing\Unit\Facades\HydeFacadesAreAliasedInAppConfigTest" classname="Hyde.Framework.Testing.Unit.Facades.HydeFacadesAreAliasedInAppConfigTest" assertions="8" time="0.026155"/>
      </testsuite>
      <testsuite name="Hyde\Framework\Testing\Unit\Facades\RouteFacadeTest" file="Route Facade (Hyde\Framework\Testing\Unit\Facades\RouteFacade)" tests="10" assertions="10" errors="0" failures="0" skipped="0" time="0.033511">
        <testcase name="Route facade all method returns all routes" file="Route Facade (Hyde\Framework\Testing\Unit\Facades\RouteFacade)::Route facade all method returns all routes" class="Hyde\Framework\Testing\Unit\Facades\RouteFacadeTest" classname="Hyde.Framework.Testing.Unit.Facades.RouteFacadeTest" assertions="1" time="0.007481"/>
        <testcase name="Get or fail throws exception if route is not found" file="Route Facade (Hyde\Framework\Testing\Unit\Facades\RouteFacade)::Get or fail throws exception if route is not found" class="Hyde\Framework\Testing\Unit\Facades\RouteFacadeTest" classname="Hyde.Framework.Testing.Unit.Facades.RouteFacadeTest" assertions="1" time="0.002112"/>
        <testcase name="Get returns route from router index" file="Route Facade (Hyde\Framework\Testing\Unit\Facades\RouteFacade)::Get returns route from router index" class="Hyde\Framework\Testing\Unit\Facades\RouteFacadeTest" classname="Hyde.Framework.Testing.Unit.Facades.RouteFacadeTest" assertions="1" time="0.001963"/>
        <testcase name="Get returns route from router index for the right page" file="Route Facade (Hyde\Framework\Testing\Unit\Facades\RouteFacade)::Get returns route from router index for the right page" class="Hyde\Framework\Testing\Unit\Facades\RouteFacadeTest" classname="Hyde.Framework.Testing.Unit.Facades.RouteFacadeTest" assertions="1" time="0.006355"/>
        <testcase name="Get from returns null if route is not found" file="Route Facade (Hyde\Framework\Testing\Unit\Facades\RouteFacade)::Get from returns null if route is not found" class="Hyde\Framework\Testing\Unit\Facades\RouteFacadeTest" classname="Hyde.Framework.Testing.Unit.Facades.RouteFacadeTest" assertions="1" time="0.002242"/>
        <testcase name="Get supports dot notation" file="Route Facade (Hyde\Framework\Testing\Unit\Facades\RouteFacade)::Get supports dot notation" class="Hyde\Framework\Testing\Unit\Facades\RouteFacadeTest" classname="Hyde.Framework.Testing.Unit.Facades.RouteFacadeTest" assertions="1" time="0.003615"/>
        <testcase name="Current returns current route" file="Route Facade (Hyde\Framework\Testing\Unit\Facades\RouteFacade)::Current returns current route" class="Hyde\Framework\Testing\Unit\Facades\RouteFacadeTest" classname="Hyde.Framework.Testing.Unit.Facades.RouteFacadeTest" assertions="1" time="0.003436"/>
        <testcase name="Current returns null if route is not found" file="Route Facade (Hyde\Framework\Testing\Unit\Facades\RouteFacade)::Current returns null if route is not found" class="Hyde\Framework\Testing\Unit\Facades\RouteFacadeTest" classname="Hyde.Framework.Testing.Unit.Facades.RouteFacadeTest" assertions="1" time="0.002304"/>
        <testcase name="Exists for existing route" file="Route Facade (Hyde\Framework\Testing\Unit\Facades\RouteFacade)::Exists for existing route" class="Hyde\Framework\Testing\Unit\Facades\RouteFacadeTest" classname="Hyde.Framework.Testing.Unit.Facades.RouteFacadeTest" assertions="1" time="0.001986"/>
        <testcase name="Exists for non existing route" file="Route Facade (Hyde\Framework\Testing\Unit\Facades\RouteFacade)::Exists for non existing route" class="Hyde\Framework\Testing\Unit\Facades\RouteFacadeTest" classname="Hyde.Framework.Testing.Unit.Facades.RouteFacadeTest" assertions="1" time="0.002017"/>
      </testsuite>
      <testsuite name="Hyde\Framework\Testing\Unit\FeaturedImageUnitTest" file="Featured Image Unit (Hyde\Framework\Testing\Unit\FeaturedImageUnit)" tests="35" assertions="39" errors="0" failures="0" skipped="0" time="0.078580">
        <testcase name="Can construct" file="Featured Image Unit (Hyde\Framework\Testing\Unit\FeaturedImageUnit)::Can construct" class="Hyde\Framework\Testing\Unit\FeaturedImageUnitTest" classname="Hyde.Framework.Testing.Unit.FeaturedImageUnitTest" assertions="1" time="0.011964"/>
        <testcase name="Get alt text without data" file="Featured Image Unit (Hyde\Framework\Testing\Unit\FeaturedImageUnit)::Get alt text without data" class="Hyde\Framework\Testing\Unit\FeaturedImageUnitTest" classname="Hyde.Framework.Testing.Unit.FeaturedImageUnitTest" assertions="1" time="0.002030"/>
        <testcase name="Get alt text with data" file="Featured Image Unit (Hyde\Framework\Testing\Unit\FeaturedImageUnit)::Get alt text with data" class="Hyde\Framework\Testing\Unit\FeaturedImageUnitTest" classname="Hyde.Framework.Testing.Unit.FeaturedImageUnitTest" assertions="1" time="0.002014"/>
        <testcase name="Get title text without data" file="Featured Image Unit (Hyde\Framework\Testing\Unit\FeaturedImageUnit)::Get title text without data" class="Hyde\Framework\Testing\Unit\FeaturedImageUnitTest" classname="Hyde.Framework.Testing.Unit.FeaturedImageUnitTest" assertions="1" time="0.001979"/>
        <testcase name="Get title text with data" file="Featured Image Unit (Hyde\Framework\Testing\Unit\FeaturedImageUnit)::Get title text with data" class="Hyde\Framework\Testing\Unit\FeaturedImageUnitTest" classname="Hyde.Framework.Testing.Unit.FeaturedImageUnitTest" assertions="1" time="0.001965"/>
        <testcase name="Get author name without data" file="Featured Image Unit (Hyde\Framework\Testing\Unit\FeaturedImageUnit)::Get author name without data" class="Hyde\Framework\Testing\Unit\FeaturedImageUnitTest" classname="Hyde.Framework.Testing.Unit.FeaturedImageUnitTest" assertions="1" time="0.001987"/>
        <testcase name="Get author name with data" file="Featured Image Unit (Hyde\Framework\Testing\Unit\FeaturedImageUnit)::Get author name with data" class="Hyde\Framework\Testing\Unit\FeaturedImageUnitTest" classname="Hyde.Framework.Testing.Unit.FeaturedImageUnitTest" assertions="1" time="0.001979"/>
        <testcase name="Get author url without data" file="Featured Image Unit (Hyde\Framework\Testing\Unit\FeaturedImageUnit)::Get author url without data" class="Hyde\Framework\Testing\Unit\FeaturedImageUnitTest" classname="Hyde.Framework.Testing.Unit.FeaturedImageUnitTest" assertions="1" time="0.001950"/>
        <testcase name="Get author url with data" file="Featured Image Unit (Hyde\Framework\Testing\Unit\FeaturedImageUnit)::Get author url with data" class="Hyde\Framework\Testing\Unit\FeaturedImageUnitTest" classname="Hyde.Framework.Testing.Unit.FeaturedImageUnitTest" assertions="1" time="0.002003"/>
        <testcase name="Get copyright text without data" file="Featured Image Unit (Hyde\Framework\Testing\Unit\FeaturedImageUnit)::Get copyright text without data" class="Hyde\Framework\Testing\Unit\FeaturedImageUnitTest" classname="Hyde.Framework.Testing.Unit.FeaturedImageUnitTest" assertions="1" time="0.001965"/>
        <testcase name="Get copyright text with data" file="Featured Image Unit (Hyde\Framework\Testing\Unit\FeaturedImageUnit)::Get copyright text with data" class="Hyde\Framework\Testing\Unit\FeaturedImageUnitTest" classname="Hyde.Framework.Testing.Unit.FeaturedImageUnitTest" assertions="1" time="0.001946"/>
        <testcase name="Get license name without data" file="Featured Image Unit (Hyde\Framework\Testing\Unit\FeaturedImageUnit)::Get license name without data" class="Hyde\Framework\Testing\Unit\FeaturedImageUnitTest" classname="Hyde.Framework.Testing.Unit.FeaturedImageUnitTest" assertions="1" time="0.001945"/>
        <testcase name="Get license name with data" file="Featured Image Unit (Hyde\Framework\Testing\Unit\FeaturedImageUnit)::Get license name with data" class="Hyde\Framework\Testing\Unit\FeaturedImageUnitTest" classname="Hyde.Framework.Testing.Unit.FeaturedImageUnitTest" assertions="1" time="0.001945"/>
        <testcase name="Get license url without data" file="Featured Image Unit (Hyde\Framework\Testing\Unit\FeaturedImageUnit)::Get license url without data" class="Hyde\Framework\Testing\Unit\FeaturedImageUnitTest" classname="Hyde.Framework.Testing.Unit.FeaturedImageUnitTest" assertions="1" time="0.001940"/>
        <testcase name="Get license url with data" file="Featured Image Unit (Hyde\Framework\Testing\Unit\FeaturedImageUnit)::Get license url with data" class="Hyde\Framework\Testing\Unit\FeaturedImageUnitTest" classname="Hyde.Framework.Testing.Unit.FeaturedImageUnitTest" assertions="1" time="0.001944"/>
        <testcase name="Has alt text without data" file="Featured Image Unit (Hyde\Framework\Testing\Unit\FeaturedImageUnit)::Has alt text without data" class="Hyde\Framework\Testing\Unit\FeaturedImageUnitTest" classname="Hyde.Framework.Testing.Unit.FeaturedImageUnitTest" assertions="1" time="0.001923"/>
        <testcase name="Has alt text with data" file="Featured Image Unit (Hyde\Framework\Testing\Unit\FeaturedImageUnit)::Has alt text with data" class="Hyde\Framework\Testing\Unit\FeaturedImageUnitTest" classname="Hyde.Framework.Testing.Unit.FeaturedImageUnitTest" assertions="1" time="0.001904"/>
        <testcase name="Has title text without data" file="Featured Image Unit (Hyde\Framework\Testing\Unit\FeaturedImageUnit)::Has title text without data" class="Hyde\Framework\Testing\Unit\FeaturedImageUnitTest" classname="Hyde.Framework.Testing.Unit.FeaturedImageUnitTest" assertions="1" time="0.001936"/>
        <testcase name="Has title text with data" file="Featured Image Unit (Hyde\Framework\Testing\Unit\FeaturedImageUnit)::Has title text with data" class="Hyde\Framework\Testing\Unit\FeaturedImageUnitTest" classname="Hyde.Framework.Testing.Unit.FeaturedImageUnitTest" assertions="1" time="0.001904"/>
        <testcase name="Has author name without data" file="Featured Image Unit (Hyde\Framework\Testing\Unit\FeaturedImageUnit)::Has author name without data" class="Hyde\Framework\Testing\Unit\FeaturedImageUnitTest" classname="Hyde.Framework.Testing.Unit.FeaturedImageUnitTest" assertions="1" time="0.001912"/>
        <testcase name="Has author name with data" file="Featured Image Unit (Hyde\Framework\Testing\Unit\FeaturedImageUnit)::Has author name with data" class="Hyde\Framework\Testing\Unit\FeaturedImageUnitTest" classname="Hyde.Framework.Testing.Unit.FeaturedImageUnitTest" assertions="1" time="0.001944"/>
        <testcase name="Has author url without data" file="Featured Image Unit (Hyde\Framework\Testing\Unit\FeaturedImageUnit)::Has author url without data" class="Hyde\Framework\Testing\Unit\FeaturedImageUnitTest" classname="Hyde.Framework.Testing.Unit.FeaturedImageUnitTest" assertions="1" time="0.001907"/>
        <testcase name="Has author url with data" file="Featured Image Unit (Hyde\Framework\Testing\Unit\FeaturedImageUnit)::Has author url with data" class="Hyde\Framework\Testing\Unit\FeaturedImageUnitTest" classname="Hyde.Framework.Testing.Unit.FeaturedImageUnitTest" assertions="1" time="0.001901"/>
        <testcase name="Has copyright text without data" file="Featured Image Unit (Hyde\Framework\Testing\Unit\FeaturedImageUnit)::Has copyright text without data" class="Hyde\Framework\Testing\Unit\FeaturedImageUnitTest" classname="Hyde.Framework.Testing.Unit.FeaturedImageUnitTest" assertions="1" time="0.001925"/>
        <testcase name="Has copyright text with data" file="Featured Image Unit (Hyde\Framework\Testing\Unit\FeaturedImageUnit)::Has copyright text with data" class="Hyde\Framework\Testing\Unit\FeaturedImageUnitTest" classname="Hyde.Framework.Testing.Unit.FeaturedImageUnitTest" assertions="1" time="0.001898"/>
        <testcase name="Has license name without data" file="Featured Image Unit (Hyde\Framework\Testing\Unit\FeaturedImageUnit)::Has license name without data" class="Hyde\Framework\Testing\Unit\FeaturedImageUnitTest" classname="Hyde.Framework.Testing.Unit.FeaturedImageUnitTest" assertions="1" time="0.001966"/>
        <testcase name="Has license name with data" file="Featured Image Unit (Hyde\Framework\Testing\Unit\FeaturedImageUnit)::Has license name with data" class="Hyde\Framework\Testing\Unit\FeaturedImageUnitTest" classname="Hyde.Framework.Testing.Unit.FeaturedImageUnitTest" assertions="1" time="0.001916"/>
        <testcase name="Has license url without data" file="Featured Image Unit (Hyde\Framework\Testing\Unit\FeaturedImageUnit)::Has license url without data" class="Hyde\Framework\Testing\Unit\FeaturedImageUnitTest" classname="Hyde.Framework.Testing.Unit.FeaturedImageUnitTest" assertions="1" time="0.001915"/>
        <testcase name="Has license url with data" file="Featured Image Unit (Hyde\Framework\Testing\Unit\FeaturedImageUnit)::Has license url with data" class="Hyde\Framework\Testing\Unit\FeaturedImageUnitTest" classname="Hyde.Framework.Testing.Unit.FeaturedImageUnitTest" assertions="1" time="0.001934"/>
        <testcase name="Get type for local image" file="Featured Image Unit (Hyde\Framework\Testing\Unit\FeaturedImageUnit)::Get type for local image" class="Hyde\Framework\Testing\Unit\FeaturedImageUnitTest" classname="Hyde.Framework.Testing.Unit.FeaturedImageUnitTest" assertions="1" time="0.001935"/>
        <testcase name="Get type for remote image" file="Featured Image Unit (Hyde\Framework\Testing\Unit\FeaturedImageUnit)::Get type for remote image" class="Hyde\Framework\Testing\Unit\FeaturedImageUnitTest" classname="Hyde.Framework.Testing.Unit.FeaturedImageUnitTest" assertions="1" time="0.001848"/>
        <testcase name="Get content length" file="Featured Image Unit (Hyde\Framework\Testing\Unit\FeaturedImageUnit)::Get content length" class="Hyde\Framework\Testing\Unit\FeaturedImageUnitTest" classname="Hyde.Framework.Testing.Unit.FeaturedImageUnitTest" assertions="2" time="0.002053"/>
        <testcase name="Featured image get content length with no source" file="Featured Image Unit (Hyde\Framework\Testing\Unit\FeaturedImageUnit)::Featured image get content length with no source" class="Hyde\Framework\Testing\Unit\FeaturedImageUnitTest" classname="Hyde.Framework.Testing.Unit.FeaturedImageUnitTest" assertions="2" time="0.002333"/>
        <testcase name="Can construct featured image with remote source" file="Featured Image Unit (Hyde\Framework\Testing\Unit\FeaturedImageUnit)::Can construct featured image with remote source" class="Hyde\Framework\Testing\Unit\FeaturedImageUnitTest" classname="Hyde.Framework.Testing.Unit.FeaturedImageUnitTest" assertions="2" time="0.001976"/>
        <testcase name="Can construct featured image with https" file="Featured Image Unit (Hyde\Framework\Testing\Unit\FeaturedImageUnit)::Can construct featured image with https" class="Hyde\Framework\Testing\Unit\FeaturedImageUnitTest" classname="Hyde.Framework.Testing.Unit.FeaturedImageUnitTest" assertions="2" time="0.001994"/>
      </testsuite>
      <testsuite name="Hyde\Framework\Testing\Unit\FileConflictExceptionTest" file="File Conflict Exception (Hyde\Framework\Testing\Unit\FileConflictException)" tests="6" assertions="6" errors="0" failures="0" skipped="0" time="0.040685">
        <testcase name="It can be instantiated" file="File Conflict Exception (Hyde\Framework\Testing\Unit\FileConflictException)::It can be instantiated" class="Hyde\Framework\Testing\Unit\FileConflictExceptionTest" classname="Hyde.Framework.Testing.Unit.FileConflictExceptionTest" assertions="1" time="0.030988"/>
        <testcase name="It can be thrown" file="File Conflict Exception (Hyde\Framework\Testing\Unit\FileConflictException)::It can be thrown" class="Hyde\Framework\Testing\Unit\FileConflictExceptionTest" classname="Hyde.Framework.Testing.Unit.FileConflictExceptionTest" assertions="1" time="0.001813"/>
        <testcase name="Exception code" file="File Conflict Exception (Hyde\Framework\Testing\Unit\FileConflictException)::Exception code" class="Hyde\Framework\Testing\Unit\FileConflictExceptionTest" classname="Hyde.Framework.Testing.Unit.FileConflictExceptionTest" assertions="1" time="0.001803"/>
        <testcase name="Exception message" file="File Conflict Exception (Hyde\Framework\Testing\Unit\FileConflictException)::Exception message" class="Hyde\Framework\Testing\Unit\FileConflictExceptionTest" classname="Hyde.Framework.Testing.Unit.FileConflictExceptionTest" assertions="1" time="0.001826"/>
        <testcase name="Exception message with path" file="File Conflict Exception (Hyde\Framework\Testing\Unit\FileConflictException)::Exception message with path" class="Hyde\Framework\Testing\Unit\FileConflictExceptionTest" classname="Hyde.Framework.Testing.Unit.FileConflictExceptionTest" assertions="1" time="0.002149"/>
        <testcase name="Exception message with absolute path" file="File Conflict Exception (Hyde\Framework\Testing\Unit\FileConflictException)::Exception message with absolute path" class="Hyde\Framework\Testing\Unit\FileConflictExceptionTest" classname="Hyde.Framework.Testing.Unit.FileConflictExceptionTest" assertions="1" time="0.002106"/>
      </testsuite>
      <testsuite name="Hyde\Framework\Testing\Unit\Foundation\HyperlinkFileHelperRelativeLinkTest" file="Hyperlink File Helper Relative Link (Hyde\Framework\Testing\Unit\Foundation\HyperlinkFileHelperRelativeLink)" tests="16" assertions="29" errors="0" failures="0" skipped="0" time="0.069658">
        <testcase name="Helper returns string as is if current is not set" file="Hyperlink File Helper Relative Link (Hyde\Framework\Testing\Unit\Foundation\HyperlinkFileHelperRelativeLink)::Helper returns string as is if current is not set" class="Hyde\Framework\Testing\Unit\Foundation\HyperlinkFileHelperRelativeLinkTest" classname="Hyde.Framework.Testing.Unit.Foundation.HyperlinkFileHelperRelativeLinkTest" assertions="1" time="0.008492"/>
        <testcase name="Helper injects proper number of doubles slash" file="Hyperlink File Helper Relative Link (Hyde\Framework\Testing\Unit\Foundation\HyperlinkFileHelperRelativeLink)::Helper injects proper number of doubles slash" class="Hyde\Framework\Testing\Unit\Foundation\HyperlinkFileHelperRelativeLinkTest" classname="Hyde.Framework.Testing.Unit.Foundation.HyperlinkFileHelperRelativeLinkTest" assertions="1" time="0.003769"/>
        <testcase name="Helper injects proper number of doubles slash for deeply nested paths" file="Hyperlink File Helper Relative Link (Hyde\Framework\Testing\Unit\Foundation\HyperlinkFileHelperRelativeLink)::Helper injects proper number of doubles slash for deeply nested paths" class="Hyde\Framework\Testing\Unit\Foundation\HyperlinkFileHelperRelativeLinkTest" classname="Hyde.Framework.Testing.Unit.Foundation.HyperlinkFileHelperRelativeLinkTest" assertions="1" time="0.003654"/>
        <testcase name="Helper handles destination without file extension" file="Hyperlink File Helper Relative Link (Hyde\Framework\Testing\Unit\Foundation\HyperlinkFileHelperRelativeLink)::Helper handles destination without file extension" class="Hyde\Framework\Testing\Unit\Foundation\HyperlinkFileHelperRelativeLinkTest" classname="Hyde.Framework.Testing.Unit.Foundation.HyperlinkFileHelperRelativeLinkTest" assertions="1" time="0.003634"/>
        <testcase name="Helper handles current without file extension" file="Hyperlink File Helper Relative Link (Hyde\Framework\Testing\Unit\Foundation\HyperlinkFileHelperRelativeLink)::Helper handles current without file extension" class="Hyde\Framework\Testing\Unit\Foundation\HyperlinkFileHelperRelativeLinkTest" classname="Hyde.Framework.Testing.Unit.Foundation.HyperlinkFileHelperRelativeLinkTest" assertions="1" time="0.003634"/>
        <testcase name="Helper handles case without any file extensions" file="Hyperlink File Helper Relative Link (Hyde\Framework\Testing\Unit\Foundation\HyperlinkFileHelperRelativeLink)::Helper handles case without any file extensions" class="Hyde\Framework\Testing\Unit\Foundation\HyperlinkFileHelperRelativeLinkTest" classname="Hyde.Framework.Testing.Unit.Foundation.HyperlinkFileHelperRelativeLinkTest" assertions="1" time="0.003634"/>
        <testcase name="Helper handles case with mixed file extensions" file="Hyperlink File Helper Relative Link (Hyde\Framework\Testing\Unit\Foundation\HyperlinkFileHelperRelativeLink)::Helper handles case with mixed file extensions" class="Hyde\Framework\Testing\Unit\Foundation\HyperlinkFileHelperRelativeLinkTest" classname="Hyde.Framework.Testing.Unit.Foundation.HyperlinkFileHelperRelativeLinkTest" assertions="2" time="0.004290"/>
        <testcase name="Helper handles different file extensions" file="Hyperlink File Helper Relative Link (Hyde\Framework\Testing\Unit\Foundation\HyperlinkFileHelperRelativeLink)::Helper handles different file extensions" class="Hyde\Framework\Testing\Unit\Foundation\HyperlinkFileHelperRelativeLinkTest" classname="Hyde.Framework.Testing.Unit.Foundation.HyperlinkFileHelperRelativeLinkTest" assertions="3" time="0.003912"/>
        <testcase name="Helper returns pretty url if enabled and destination is a html file" file="Hyperlink File Helper Relative Link (Hyde\Framework\Testing\Unit\Foundation\HyperlinkFileHelperRelativeLink)::Helper returns pretty url if enabled and destination is a html file" class="Hyde\Framework\Testing\Unit\Foundation\HyperlinkFileHelperRelativeLinkTest" classname="Hyde.Framework.Testing.Unit.Foundation.HyperlinkFileHelperRelativeLinkTest" assertions="1" time="0.003779"/>
        <testcase name="Helper method does not require current path to be html to use pretty urls" file="Hyperlink File Helper Relative Link (Hyde\Framework\Testing\Unit\Foundation\HyperlinkFileHelperRelativeLink)::Helper method does not require current path to be html to use pretty urls" class="Hyde\Framework\Testing\Unit\Foundation\HyperlinkFileHelperRelativeLinkTest" classname="Hyde.Framework.Testing.Unit.Foundation.HyperlinkFileHelperRelativeLinkTest" assertions="1" time="0.003781"/>
        <testcase name="Helper returns does not return pretty url if when enabled but and destination is not a html file" file="Hyperlink File Helper Relative Link (Hyde\Framework\Testing\Unit\Foundation\HyperlinkFileHelperRelativeLink)::Helper returns does not return pretty url if when enabled but and destination is not a html file" class="Hyde\Framework\Testing\Unit\Foundation\HyperlinkFileHelperRelativeLinkTest" classname="Hyde.Framework.Testing.Unit.Foundation.HyperlinkFileHelperRelativeLinkTest" assertions="1" time="0.003791"/>
        <testcase name="Helper rewrites index when using pretty urls" file="Hyperlink File Helper Relative Link (Hyde\Framework\Testing\Unit\Foundation\HyperlinkFileHelperRelativeLink)::Helper rewrites index when using pretty urls" class="Hyde\Framework\Testing\Unit\Foundation\HyperlinkFileHelperRelativeLinkTest" classname="Hyde.Framework.Testing.Unit.Foundation.HyperlinkFileHelperRelativeLinkTest" assertions="3" time="0.004939"/>
        <testcase name="Helper does not rewrite index when not using pretty urls" file="Hyperlink File Helper Relative Link (Hyde\Framework\Testing\Unit\Foundation\HyperlinkFileHelperRelativeLink)::Helper does not rewrite index when not using pretty urls" class="Hyde\Framework\Testing\Unit\Foundation\HyperlinkFileHelperRelativeLinkTest" classname="Hyde.Framework.Testing.Unit.Foundation.HyperlinkFileHelperRelativeLinkTest" assertions="3" time="0.004968"/>
        <testcase name="Helper rewrites documentation page index when using pretty urls" file="Hyperlink File Helper Relative Link (Hyde\Framework\Testing\Unit\Foundation\HyperlinkFileHelperRelativeLink)::Helper rewrites documentation page index when using pretty urls" class="Hyde\Framework\Testing\Unit\Foundation\HyperlinkFileHelperRelativeLinkTest" classname="Hyde.Framework.Testing.Unit.Foundation.HyperlinkFileHelperRelativeLinkTest" assertions="4" time="0.005548"/>
        <testcase name="Helper does not rewrite documentation page index when not using pretty urls" file="Hyperlink File Helper Relative Link (Hyde\Framework\Testing\Unit\Foundation\HyperlinkFileHelperRelativeLink)::Helper does not rewrite documentation page index when not using pretty urls" class="Hyde\Framework\Testing\Unit\Foundation\HyperlinkFileHelperRelativeLinkTest" classname="Hyde.Framework.Testing.Unit.Foundation.HyperlinkFileHelperRelativeLinkTest" assertions="4" time="0.005523"/>
        <testcase name="Helper does not rewrite already processed links" file="Hyperlink File Helper Relative Link (Hyde\Framework\Testing\Unit\Foundation\HyperlinkFileHelperRelativeLink)::Helper does not rewrite already processed links" class="Hyde\Framework\Testing\Unit\Foundation\HyperlinkFileHelperRelativeLinkTest" classname="Hyde.Framework.Testing.Unit.Foundation.HyperlinkFileHelperRelativeLinkTest" assertions="1" time="0.002309"/>
      </testsuite>
      <testsuite name="Hyde\Framework\Testing\Unit\Foundation\HyperlinkFormatHtmlPathTest" file="Hyperlink Format Html Path (Hyde\Framework\Testing\Unit\Foundation\HyperlinkFormatHtmlPath)" tests="14" assertions="14" errors="0" failures="0" skipped="0" time="0.044494">
        <testcase name="Helper returns string as is if pretty urls is not true" file="Hyperlink Format Html Path (Hyde\Framework\Testing\Unit\Foundation\HyperlinkFormatHtmlPath)::Helper returns string as is if pretty urls is not true" class="Hyde\Framework\Testing\Unit\Foundation\HyperlinkFormatHtmlPathTest" classname="Hyde.Framework.Testing.Unit.Foundation.HyperlinkFormatHtmlPathTest" assertions="1" time="0.017023"/>
        <testcase name="Helper returns pretty url if pretty urls is true" file="Hyperlink Format Html Path (Hyde\Framework\Testing\Unit\Foundation\HyperlinkFormatHtmlPath)::Helper returns pretty url if pretty urls is true" class="Hyde\Framework\Testing\Unit\Foundation\HyperlinkFormatHtmlPathTest" classname="Hyde.Framework.Testing.Unit.Foundation.HyperlinkFormatHtmlPathTest" assertions="1" time="0.002115"/>
        <testcase name="Helper respects absolute urls" file="Hyperlink Format Html Path (Hyde\Framework\Testing\Unit\Foundation\HyperlinkFormatHtmlPath)::Helper respects absolute urls" class="Hyde\Framework\Testing\Unit\Foundation\HyperlinkFormatHtmlPathTest" classname="Hyde.Framework.Testing.Unit.Foundation.HyperlinkFormatHtmlPathTest" assertions="1" time="0.002101"/>
        <testcase name="Helper respects pretty absolute urls" file="Hyperlink Format Html Path (Hyde\Framework\Testing\Unit\Foundation\HyperlinkFormatHtmlPath)::Helper respects pretty absolute urls" class="Hyde\Framework\Testing\Unit\Foundation\HyperlinkFormatHtmlPathTest" classname="Hyde.Framework.Testing.Unit.Foundation.HyperlinkFormatHtmlPathTest" assertions="1" time="0.002098"/>
        <testcase name="Helper respects relative urls" file="Hyperlink Format Html Path (Hyde\Framework\Testing\Unit\Foundation\HyperlinkFormatHtmlPath)::Helper respects relative urls" class="Hyde\Framework\Testing\Unit\Foundation\HyperlinkFormatHtmlPathTest" classname="Hyde.Framework.Testing.Unit.Foundation.HyperlinkFormatHtmlPathTest" assertions="1" time="0.002060"/>
        <testcase name="Helper respects pretty relative urls" file="Hyperlink Format Html Path (Hyde\Framework\Testing\Unit\Foundation\HyperlinkFormatHtmlPath)::Helper respects pretty relative urls" class="Hyde\Framework\Testing\Unit\Foundation\HyperlinkFormatHtmlPathTest" classname="Hyde.Framework.Testing.Unit.Foundation.HyperlinkFormatHtmlPathTest" assertions="1" time="0.002180"/>
        <testcase name="Non html links are not modified" file="Hyperlink Format Html Path (Hyde\Framework\Testing\Unit\Foundation\HyperlinkFormatHtmlPath)::Non html links are not modified" class="Hyde\Framework\Testing\Unit\Foundation\HyperlinkFormatHtmlPathTest" classname="Hyde.Framework.Testing.Unit.Foundation.HyperlinkFormatHtmlPathTest" assertions="1" time="0.002089"/>
        <testcase name="Helper respects absolute urls with pretty urls enabled" file="Hyperlink Format Html Path (Hyde\Framework\Testing\Unit\Foundation\HyperlinkFormatHtmlPath)::Helper respects absolute urls with pretty urls enabled" class="Hyde\Framework\Testing\Unit\Foundation\HyperlinkFormatHtmlPathTest" classname="Hyde.Framework.Testing.Unit.Foundation.HyperlinkFormatHtmlPathTest" assertions="1" time="0.002109"/>
        <testcase name="Helper rewrites index when using pretty urls" file="Hyperlink Format Html Path (Hyde\Framework\Testing\Unit\Foundation\HyperlinkFormatHtmlPath)::Helper rewrites index when using pretty urls" class="Hyde\Framework\Testing\Unit\Foundation\HyperlinkFormatHtmlPathTest" classname="Hyde.Framework.Testing.Unit.Foundation.HyperlinkFormatHtmlPathTest" assertions="1" time="0.002080"/>
        <testcase name="Helper does not rewrite index when not using pretty urls" file="Hyperlink Format Html Path (Hyde\Framework\Testing\Unit\Foundation\HyperlinkFormatHtmlPath)::Helper does not rewrite index when not using pretty urls" class="Hyde\Framework\Testing\Unit\Foundation\HyperlinkFormatHtmlPathTest" classname="Hyde.Framework.Testing.Unit.Foundation.HyperlinkFormatHtmlPathTest" assertions="1" time="0.002136"/>
        <testcase name="Helper rewrites documentation page index when using pretty urls" file="Hyperlink Format Html Path (Hyde\Framework\Testing\Unit\Foundation\HyperlinkFormatHtmlPath)::Helper rewrites documentation page index when using pretty urls" class="Hyde\Framework\Testing\Unit\Foundation\HyperlinkFormatHtmlPathTest" classname="Hyde.Framework.Testing.Unit.Foundation.HyperlinkFormatHtmlPathTest" assertions="1" time="0.002113"/>
        <testcase name="Helper does not rewrite documentation page index when not using pretty urls" file="Hyperlink Format Html Path (Hyde\Framework\Testing\Unit\Foundation\HyperlinkFormatHtmlPath)::Helper does not rewrite documentation page index when not using pretty urls" class="Hyde\Framework\Testing\Unit\Foundation\HyperlinkFormatHtmlPathTest" classname="Hyde.Framework.Testing.Unit.Foundation.HyperlinkFormatHtmlPathTest" assertions="1" time="0.002117"/>
        <testcase name="Helpers rewrites arbitrary nested index pages when using pretty urls" file="Hyperlink Format Html Path (Hyde\Framework\Testing\Unit\Foundation\HyperlinkFormatHtmlPath)::Helpers rewrites arbitrary nested index pages when using pretty urls" class="Hyde\Framework\Testing\Unit\Foundation\HyperlinkFormatHtmlPathTest" classname="Hyde.Framework.Testing.Unit.Foundation.HyperlinkFormatHtmlPathTest" assertions="1" time="0.002130"/>
        <testcase name="Helpers does not rewrite arbitrary nested index pages when not using pretty urls" file="Hyperlink Format Html Path (Hyde\Framework\Testing\Unit\Foundation\HyperlinkFormatHtmlPath)::Helpers does not rewrite arbitrary nested index pages when not using pretty urls" class="Hyde\Framework\Testing\Unit\Foundation\HyperlinkFormatHtmlPathTest" classname="Hyde.Framework.Testing.Unit.Foundation.HyperlinkFormatHtmlPathTest" assertions="1" time="0.002141"/>
      </testsuite>
      <testsuite name="Hyde\Framework\Testing\Unit\Foundation\HyperlinksUrlPathHelpersTest" file="Hyperlinks Url Path Helpers (Hyde\Framework\Testing\Unit\Foundation\HyperlinksUrlPathHelpers)" tests="15" assertions="32" errors="0" failures="0" skipped="0" time="0.309897">
        <testcase name="Has site url returns false when no site url is set" file="Hyperlinks Url Path Helpers (Hyde\Framework\Testing\Unit\Foundation\HyperlinksUrlPathHelpers)::Has site url returns false when no site url is set" class="Hyde\Framework\Testing\Unit\Foundation\HyperlinksUrlPathHelpersTest" classname="Hyde.Framework.Testing.Unit.Foundation.HyperlinksUrlPathHelpersTest" assertions="1" time="0.033090"/>
        <testcase name="Has site url returns true when site url is set" file="Hyperlinks Url Path Helpers (Hyde\Framework\Testing\Unit\Foundation\HyperlinksUrlPathHelpers)::Has site url returns true when site url is set" class="Hyde\Framework\Testing\Unit\Foundation\HyperlinksUrlPathHelpersTest" classname="Hyde.Framework.Testing.Unit.Foundation.HyperlinksUrlPathHelpersTest" assertions="1" time="0.019545"/>
        <testcase name="Qualified url returns site url when no path is given" file="Hyperlinks Url Path Helpers (Hyde\Framework\Testing\Unit\Foundation\HyperlinksUrlPathHelpers)::Qualified url returns site url when no path is given" class="Hyde\Framework\Testing\Unit\Foundation\HyperlinksUrlPathHelpersTest" classname="Hyde.Framework.Testing.Unit.Foundation.HyperlinksUrlPathHelpersTest" assertions="1" time="0.019700"/>
        <testcase name="Qualified url returns site url plus given path" file="Hyperlinks Url Path Helpers (Hyde\Framework\Testing\Unit\Foundation\HyperlinksUrlPathHelpers)::Qualified url returns site url plus given path" class="Hyde\Framework\Testing\Unit\Foundation\HyperlinksUrlPathHelpersTest" classname="Hyde.Framework.Testing.Unit.Foundation.HyperlinksUrlPathHelpersTest" assertions="1" time="0.019415"/>
        <testcase name="Qualified url returns site url plus given path with extension" file="Hyperlinks Url Path Helpers (Hyde\Framework\Testing\Unit\Foundation\HyperlinksUrlPathHelpers)::Qualified url returns site url plus given path with extension" class="Hyde\Framework\Testing\Unit\Foundation\HyperlinksUrlPathHelpersTest" classname="Hyde.Framework.Testing.Unit.Foundation.HyperlinksUrlPathHelpersTest" assertions="1" time="0.019457"/>
        <testcase name="Qualified url returns site url plus given path with extension and query string" file="Hyperlinks Url Path Helpers (Hyde\Framework\Testing\Unit\Foundation\HyperlinksUrlPathHelpers)::Qualified url returns site url plus given path with extension and query string" class="Hyde\Framework\Testing\Unit\Foundation\HyperlinksUrlPathHelpersTest" classname="Hyde.Framework.Testing.Unit.Foundation.HyperlinksUrlPathHelpersTest" assertions="1" time="0.019591"/>
        <testcase name="Qualified url trims trailing slashes" file="Hyperlinks Url Path Helpers (Hyde\Framework\Testing\Unit\Foundation\HyperlinksUrlPathHelpers)::Qualified url trims trailing slashes" class="Hyde\Framework\Testing\Unit\Foundation\HyperlinksUrlPathHelpersTest" classname="Hyde.Framework.Testing.Unit.Foundation.HyperlinksUrlPathHelpersTest" assertions="3" time="0.020005"/>
        <testcase name="Qualified url accepts multiple schemes" file="Hyperlinks Url Path Helpers (Hyde\Framework\Testing\Unit\Foundation\HyperlinksUrlPathHelpers)::Qualified url accepts multiple schemes" class="Hyde\Framework\Testing\Unit\Foundation\HyperlinksUrlPathHelpersTest" classname="Hyde.Framework.Testing.Unit.Foundation.HyperlinksUrlPathHelpersTest" assertions="1" time="0.019651"/>
        <testcase name="Qualified url throws exception when no site url is set" file="Hyperlinks Url Path Helpers (Hyde\Framework\Testing\Unit\Foundation\HyperlinksUrlPathHelpers)::Qualified url throws exception when no site url is set" class="Hyde\Framework\Testing\Unit\Foundation\HyperlinksUrlPathHelpersTest" classname="Hyde.Framework.Testing.Unit.Foundation.HyperlinksUrlPathHelpersTest" assertions="2" time="0.019650"/>
        <testcase name="Helper falls back to relative links when no site url is set" file="Hyperlinks Url Path Helpers (Hyde\Framework\Testing\Unit\Foundation\HyperlinksUrlPathHelpers)::Helper falls back to relative links when no site url is set" class="Hyde\Framework\Testing\Unit\Foundation\HyperlinksUrlPathHelpersTest" classname="Hyde.Framework.Testing.Unit.Foundation.HyperlinksUrlPathHelpersTest" assertions="4" time="0.020066"/>
        <testcase name="Helper falls back to pretty relative links when no site url is set and pretty urls are enabled" file="Hyperlinks Url Path Helpers (Hyde\Framework\Testing\Unit\Foundation\HyperlinksUrlPathHelpers)::Helper falls back to pretty relative links when no site url is set and pretty urls are enabled" class="Hyde\Framework\Testing\Unit\Foundation\HyperlinksUrlPathHelpersTest" classname="Hyde.Framework.Testing.Unit.Foundation.HyperlinksUrlPathHelpersTest" assertions="4" time="0.019948"/>
        <testcase name="Helper falls back to relative links when site url is set to localhost" file="Hyperlinks Url Path Helpers (Hyde\Framework\Testing\Unit\Foundation\HyperlinksUrlPathHelpers)::Helper falls back to relative links when site url is set to localhost" class="Hyde\Framework\Testing\Unit\Foundation\HyperlinksUrlPathHelpersTest" classname="Hyde.Framework.Testing.Unit.Foundation.HyperlinksUrlPathHelpersTest" assertions="4" time="0.019966"/>
        <testcase name="Helper falls back to pretty relative links when site url is set to localhost and pretty urls are enabled" file="Hyperlinks Url Path Helpers (Hyde\Framework\Testing\Unit\Foundation\HyperlinksUrlPathHelpers)::Helper falls back to pretty relative links when site url is set to localhost and pretty urls are enabled" class="Hyde\Framework\Testing\Unit\Foundation\HyperlinksUrlPathHelpersTest" classname="Hyde.Framework.Testing.Unit.Foundation.HyperlinksUrlPathHelpersTest" assertions="4" time="0.020089"/>
        <testcase name="Helper returns expected string when site url is set" file="Hyperlinks Url Path Helpers (Hyde\Framework\Testing\Unit\Foundation\HyperlinksUrlPathHelpers)::Helper returns expected string when site url is set" class="Hyde\Framework\Testing\Unit\Foundation\HyperlinksUrlPathHelpersTest" classname="Hyde.Framework.Testing.Unit.Foundation.HyperlinksUrlPathHelpersTest" assertions="1" time="0.019747"/>
        <testcase name="Helper returns expected string when pretty urls are enabled" file="Hyperlinks Url Path Helpers (Hyde\Framework\Testing\Unit\Foundation\HyperlinksUrlPathHelpers)::Helper returns expected string when pretty urls are enabled" class="Hyde\Framework\Testing\Unit\Foundation\HyperlinksUrlPathHelpersTest" classname="Hyde.Framework.Testing.Unit.Foundation.HyperlinksUrlPathHelpersTest" assertions="3" time="0.019979"/>
      </testsuite>
      <testsuite name="Hyde\Framework\Testing\Unit\FoundationFacadesTest" file="Foundation Facades (Hyde\Framework\Testing\Unit\FoundationFacades)" tests="6" assertions="6" errors="0" failures="0" skipped="0" time="0.035443">
        <testcase name="Files facade" file="Foundation Facades (Hyde\Framework\Testing\Unit\FoundationFacades)::Files facade" class="Hyde\Framework\Testing\Unit\FoundationFacadesTest" classname="Hyde.Framework.Testing.Unit.FoundationFacadesTest" assertions="1" time="0.025455"/>
        <testcase name="Pages facade" file="Foundation Facades (Hyde\Framework\Testing\Unit\FoundationFacades)::Pages facade" class="Hyde\Framework\Testing\Unit\FoundationFacadesTest" classname="Hyde.Framework.Testing.Unit.FoundationFacadesTest" assertions="1" time="0.002012"/>
        <testcase name="Routes facade" file="Foundation Facades (Hyde\Framework\Testing\Unit\FoundationFacades)::Routes facade" class="Hyde\Framework\Testing\Unit\FoundationFacadesTest" classname="Hyde.Framework.Testing.Unit.FoundationFacadesTest" assertions="1" time="0.001989"/>
        <testcase name="Files facade uses kernel instance" file="Foundation Facades (Hyde\Framework\Testing\Unit\FoundationFacades)::Files facade uses kernel instance" class="Hyde\Framework\Testing\Unit\FoundationFacadesTest" classname="Hyde.Framework.Testing.Unit.FoundationFacadesTest" assertions="1" time="0.001982"/>
        <testcase name="Pages facade uses kernel instance" file="Foundation Facades (Hyde\Framework\Testing\Unit\FoundationFacades)::Pages facade uses kernel instance" class="Hyde\Framework\Testing\Unit\FoundationFacadesTest" classname="Hyde.Framework.Testing.Unit.FoundationFacadesTest" assertions="1" time="0.002006"/>
        <testcase name="Routes facade uses kernel instance" file="Foundation Facades (Hyde\Framework\Testing\Unit\FoundationFacades)::Routes facade uses kernel instance" class="Hyde\Framework\Testing\Unit\FoundationFacadesTest" classname="Hyde.Framework.Testing.Unit.FoundationFacadesTest" assertions="1" time="0.001998"/>
      </testsuite>
      <testsuite name="Hyde\Framework\Testing\Unit\FrontMatterModelTest" file="Front Matter Model (Hyde\Framework\Testing\Unit\FrontMatterModel)" tests="17" assertions="18" errors="0" failures="0" skipped="0" time="0.038749">
        <testcase name="Constructor creates new front matter model" file="Front Matter Model (Hyde\Framework\Testing\Unit\FrontMatterModel)::Constructor creates new front matter model" class="Hyde\Framework\Testing\Unit\FrontMatterModelTest" classname="Hyde.Framework.Testing.Unit.FrontMatterModelTest" assertions="1" time="0.007705"/>
        <testcase name="Constructor arguments are optional" file="Front Matter Model (Hyde\Framework\Testing\Unit\FrontMatterModel)::Constructor arguments are optional" class="Hyde\Framework\Testing\Unit\FrontMatterModelTest" classname="Hyde.Framework.Testing.Unit.FrontMatterModelTest" assertions="1" time="0.001853"/>
        <testcase name="Constructor arguments are assigned" file="Front Matter Model (Hyde\Framework\Testing\Unit\FrontMatterModel)::Constructor arguments are assigned" class="Hyde\Framework\Testing\Unit\FrontMatterModelTest" classname="Hyde.Framework.Testing.Unit.FrontMatterModelTest" assertions="1" time="0.001984"/>
        <testcase name="Static from array method creates new front matter model" file="Front Matter Model (Hyde\Framework\Testing\Unit\FrontMatterModel)::Static from array method creates new front matter model" class="Hyde\Framework\Testing\Unit\FrontMatterModelTest" classname="Hyde.Framework.Testing.Unit.FrontMatterModelTest" assertions="2" time="0.002107"/>
        <testcase name="To string magic method converts model array into yaml front matter" file="Front Matter Model (Hyde\Framework\Testing\Unit\FrontMatterModel)::To string magic method converts model array into yaml front matter" class="Hyde\Framework\Testing\Unit\FrontMatterModelTest" classname="Hyde.Framework.Testing.Unit.FrontMatterModelTest" assertions="1" time="0.002004"/>
        <testcase name="Magic get method returns front matter property" file="Front Matter Model (Hyde\Framework\Testing\Unit\FrontMatterModel)::Magic get method returns front matter property" class="Hyde\Framework\Testing\Unit\FrontMatterModelTest" classname="Hyde.Framework.Testing.Unit.FrontMatterModelTest" assertions="1" time="0.001922"/>
        <testcase name="Magic get method returns null if property does not exist" file="Front Matter Model (Hyde\Framework\Testing\Unit\FrontMatterModel)::Magic get method returns null if property does not exist" class="Hyde\Framework\Testing\Unit\FrontMatterModelTest" classname="Hyde.Framework.Testing.Unit.FrontMatterModelTest" assertions="1" time="0.001936"/>
        <testcase name="Get method returns data when no argument is specified" file="Front Matter Model (Hyde\Framework\Testing\Unit\FrontMatterModel)::Get method returns data when no argument is specified" class="Hyde\Framework\Testing\Unit\FrontMatterModelTest" classname="Hyde.Framework.Testing.Unit.FrontMatterModelTest" assertions="1" time="0.001972"/>
        <testcase name="Get method returns data when no argument is specified with data" file="Front Matter Model (Hyde\Framework\Testing\Unit\FrontMatterModel)::Get method returns data when no argument is specified with data" class="Hyde\Framework\Testing\Unit\FrontMatterModelTest" classname="Hyde.Framework.Testing.Unit.FrontMatterModelTest" assertions="1" time="0.001995"/>
        <testcase name="Get method returns null if specified front matter key does not exist" file="Front Matter Model (Hyde\Framework\Testing\Unit\FrontMatterModel)::Get method returns null if specified front matter key does not exist" class="Hyde\Framework\Testing\Unit\FrontMatterModelTest" classname="Hyde.Framework.Testing.Unit.FrontMatterModelTest" assertions="1" time="0.001936"/>
        <testcase name="Get method returns specified default value if property does not exist" file="Front Matter Model (Hyde\Framework\Testing\Unit\FrontMatterModel)::Get method returns specified default value if property does not exist" class="Hyde\Framework\Testing\Unit\FrontMatterModelTest" classname="Hyde.Framework.Testing.Unit.FrontMatterModelTest" assertions="1" time="0.001940"/>
        <testcase name="Get method returns specified front matter value if key is specified" file="Front Matter Model (Hyde\Framework\Testing\Unit\FrontMatterModel)::Get method returns specified front matter value if key is specified" class="Hyde\Framework\Testing\Unit\FrontMatterModelTest" classname="Hyde.Framework.Testing.Unit.FrontMatterModelTest" assertions="1" time="0.001921"/>
        <testcase name="Set method sets front matter property" file="Front Matter Model (Hyde\Framework\Testing\Unit\FrontMatterModel)::Set method sets front matter property" class="Hyde\Framework\Testing\Unit\FrontMatterModelTest" classname="Hyde.Framework.Testing.Unit.FrontMatterModelTest" assertions="1" time="0.001898"/>
        <testcase name="Set method returns self" file="Front Matter Model (Hyde\Framework\Testing\Unit\FrontMatterModel)::Set method returns self" class="Hyde\Framework\Testing\Unit\FrontMatterModelTest" classname="Hyde.Framework.Testing.Unit.FrontMatterModelTest" assertions="1" time="0.001796"/>
        <testcase name="Has method returns true if property exists" file="Front Matter Model (Hyde\Framework\Testing\Unit\FrontMatterModel)::Has method returns true if property exists" class="Hyde\Framework\Testing\Unit\FrontMatterModelTest" classname="Hyde.Framework.Testing.Unit.FrontMatterModelTest" assertions="1" time="0.001865"/>
        <testcase name="Has method returns false if property does not exist" file="Front Matter Model (Hyde\Framework\Testing\Unit\FrontMatterModel)::Has method returns false if property does not exist" class="Hyde\Framework\Testing\Unit\FrontMatterModelTest" classname="Hyde.Framework.Testing.Unit.FrontMatterModelTest" assertions="1" time="0.001901"/>
        <testcase name="To array returns front matter array" file="Front Matter Model (Hyde\Framework\Testing\Unit\FrontMatterModel)::To array returns front matter array" class="Hyde\Framework\Testing\Unit\FrontMatterModelTest" classname="Hyde.Framework.Testing.Unit.FrontMatterModelTest" assertions="1" time="0.002012"/>
      </testsuite>
      <testsuite name="Hyde\Framework\Testing\Unit\GenerateBuildManifestTest" file="Generate Build Manifest (Hyde\Framework\Testing\Unit\GenerateBuildManifest)" tests="1" assertions="15" errors="0" failures="0" skipped="0" time="0.020766">
        <testcase name="Action generates build manifest" file="Generate Build Manifest (Hyde\Framework\Testing\Unit\GenerateBuildManifest)::Action generates build manifest" class="Hyde\Framework\Testing\Unit\GenerateBuildManifestTest" classname="Hyde.Framework.Testing.Unit.GenerateBuildManifestTest" assertions="15" time="0.020766"/>
      </testsuite>
      <testsuite name="Hyde\Framework\Testing\Unit\GetLatestMarkdownPostsTest" file="Get Latest Markdown Posts (Hyde\Framework\Testing\Unit\GetLatestMarkdownPosts)" tests="1" assertions="5" errors="0" failures="0" skipped="0" time="0.029351">
        <testcase name="Markdown page get latest helper returns sorted markdown page collection" file="Get Latest Markdown Posts (Hyde\Framework\Testing\Unit\GetLatestMarkdownPosts)::Markdown page get latest helper returns sorted markdown page collection" class="Hyde\Framework\Testing\Unit\GetLatestMarkdownPostsTest" classname="Hyde.Framework.Testing.Unit.GetLatestMarkdownPostsTest" assertions="5" time="0.029351"/>
      </testsuite>
      <testsuite name="Hyde\Framework\Testing\Unit\HasTableOfContentsTest" file="Has Table Of Contents (Hyde\Framework\Testing\Unit\HasTableOfContents)" tests="1" assertions="1" errors="0" failures="0" skipped="0" time="0.007146">
        <testcase name="Constructor creates table of contents string" file="Has Table Of Contents (Hyde\Framework\Testing\Unit\HasTableOfContents)::Constructor creates table of contents string" class="Hyde\Framework\Testing\Unit\HasTableOfContentsTest" classname="Hyde.Framework.Testing.Unit.HasTableOfContentsTest" assertions="1" time="0.007146"/>
      </testsuite>
      <testsuite name="Hyde\Framework\Testing\Unit\HtmlTestingSupportMetaTest" file="Html Testing Support Meta (Hyde\Framework\Testing\Unit\HtmlTestingSupportMeta)" tests="48" assertions="110" errors="0" failures="0" skipped="0" time="0.038069">
        <testcase name="Html helper" file="Html Testing Support Meta (Hyde\Framework\Testing\Unit\HtmlTestingSupportMeta)::Html helper" class="Hyde\Framework\Testing\Unit\HtmlTestingSupportMetaTest" classname="Hyde.Framework.Testing.Unit.HtmlTestingSupportMetaTest" assertions="1" time="0.004056"/>
        <testcase name="Assert see" file="Html Testing Support Meta (Hyde\Framework\Testing\Unit\HtmlTestingSupportMeta)::Assert see" class="Hyde\Framework\Testing\Unit\HtmlTestingSupportMetaTest" classname="Hyde.Framework.Testing.Unit.HtmlTestingSupportMetaTest" assertions="2" time="0.001423"/>
        <testcase name="Assert see escaped" file="Html Testing Support Meta (Hyde\Framework\Testing\Unit\HtmlTestingSupportMeta)::Assert see escaped" class="Hyde\Framework\Testing\Unit\HtmlTestingSupportMetaTest" classname="Hyde.Framework.Testing.Unit.HtmlTestingSupportMetaTest" assertions="4" time="0.000624"/>
        <testcase name="Tap element" file="Html Testing Support Meta (Hyde\Framework\Testing\Unit\HtmlTestingSupportMeta)::Tap element" class="Hyde\Framework\Testing\Unit\HtmlTestingSupportMetaTest" classname="Hyde.Framework.Testing.Unit.HtmlTestingSupportMetaTest" assertions="2" time="0.001176"/>
        <testcase name="Tap element using id" file="Html Testing Support Meta (Hyde\Framework\Testing\Unit\HtmlTestingSupportMeta)::Tap element using id" class="Hyde\Framework\Testing\Unit\HtmlTestingSupportMetaTest" classname="Hyde.Framework.Testing.Unit.HtmlTestingSupportMetaTest" assertions="2" time="0.000476"/>
        <testcase name="Get element using query" file="Html Testing Support Meta (Hyde\Framework\Testing\Unit\HtmlTestingSupportMeta)::Get element using query" class="Hyde\Framework\Testing\Unit\HtmlTestingSupportMetaTest" classname="Hyde.Framework.Testing.Unit.HtmlTestingSupportMetaTest" assertions="2" time="0.001221"/>
        <testcase name="Get root element" file="Html Testing Support Meta (Hyde\Framework\Testing\Unit\HtmlTestingSupportMeta)::Get root element" class="Hyde\Framework\Testing\Unit\HtmlTestingSupportMetaTest" classname="Hyde.Framework.Testing.Unit.HtmlTestingSupportMetaTest" assertions="2" time="0.000455"/>
        <testcase name="Get element by id" file="Html Testing Support Meta (Hyde\Framework\Testing\Unit\HtmlTestingSupportMeta)::Get element by id" class="Hyde\Framework\Testing\Unit\HtmlTestingSupportMetaTest" classname="Hyde.Framework.Testing.Unit.HtmlTestingSupportMetaTest" assertions="3" time="0.000532"/>
        <testcase name="Element using id" file="Html Testing Support Meta (Hyde\Framework\Testing\Unit\HtmlTestingSupportMeta)::Element using id" class="Hyde\Framework\Testing\Unit\HtmlTestingSupportMetaTest" classname="Hyde.Framework.Testing.Unit.HtmlTestingSupportMetaTest" assertions="3" time="0.000559"/>
        <testcase name="Element using selector" file="Html Testing Support Meta (Hyde\Framework\Testing\Unit\HtmlTestingSupportMeta)::Element using selector" class="Hyde\Framework\Testing\Unit\HtmlTestingSupportMetaTest" classname="Hyde.Framework.Testing.Unit.HtmlTestingSupportMetaTest" assertions="3" time="0.000611"/>
        <testcase name="Element using unknown syntax" file="Html Testing Support Meta (Hyde\Framework\Testing\Unit\HtmlTestingSupportMeta)::Element using unknown syntax" class="Hyde\Framework\Testing\Unit\HtmlTestingSupportMetaTest" classname="Hyde.Framework.Testing.Unit.HtmlTestingSupportMetaTest" assertions="2" time="0.000489"/>
        <testcase name="Get elements by class" file="Html Testing Support Meta (Hyde\Framework\Testing\Unit\HtmlTestingSupportMeta)::Get elements by class" class="Hyde\Framework\Testing\Unit\HtmlTestingSupportMetaTest" classname="Hyde.Framework.Testing.Unit.HtmlTestingSupportMetaTest" assertions="2" time="0.000533"/>
        <testcase name="Get elements by class types" file="Html Testing Support Meta (Hyde\Framework\Testing\Unit\HtmlTestingSupportMeta)::Get elements by class types" class="Hyde\Framework\Testing\Unit\HtmlTestingSupportMetaTest" classname="Hyde.Framework.Testing.Unit.HtmlTestingSupportMetaTest" assertions="3" time="0.000591"/>
        <testcase name="Get elements by class with child nodes" file="Html Testing Support Meta (Hyde\Framework\Testing\Unit\HtmlTestingSupportMeta)::Get elements by class with child nodes" class="Hyde\Framework\Testing\Unit\HtmlTestingSupportMetaTest" classname="Hyde.Framework.Testing.Unit.HtmlTestingSupportMetaTest" assertions="3" time="0.000673"/>
        <testcase name="Fluent class assertions" file="Html Testing Support Meta (Hyde\Framework\Testing\Unit\HtmlTestingSupportMeta)::Fluent class assertions" class="Hyde\Framework\Testing\Unit\HtmlTestingSupportMetaTest" classname="Hyde.Framework.Testing.Unit.HtmlTestingSupportMetaTest" assertions="7" time="0.000730"/>
        <testcase name="Query" file="Html Testing Support Meta (Hyde\Framework\Testing\Unit\HtmlTestingSupportMeta)::Query" class="Hyde\Framework\Testing\Unit\HtmlTestingSupportMetaTest" classname="Hyde.Framework.Testing.Unit.HtmlTestingSupportMetaTest" assertions="3" time="0.001978"/>
        <testcase name="Query with edge cases" file="Html Testing Support Meta (Hyde\Framework\Testing\Unit\HtmlTestingSupportMeta)::Query with edge cases" class="Hyde\Framework\Testing\Unit\HtmlTestingSupportMetaTest" classname="Hyde.Framework.Testing.Unit.HtmlTestingSupportMetaTest" assertions="8" time="0.001083"/>
        <testcase name="Dump helper" file="Html Testing Support Meta (Hyde\Framework\Testing\Unit\HtmlTestingSupportMeta)::Dump helper" class="Hyde\Framework\Testing\Unit\HtmlTestingSupportMetaTest" classname="Hyde.Framework.Testing.Unit.HtmlTestingSupportMetaTest" assertions="5" time="0.002702"/>
        <testcase name="Get structure" file="Html Testing Support Meta (Hyde\Framework\Testing\Unit\HtmlTestingSupportMeta)::Get structure" class="Hyde\Framework\Testing\Unit\HtmlTestingSupportMetaTest" classname="Hyde.Framework.Testing.Unit.HtmlTestingSupportMetaTest" assertions="1" time="0.000567"/>
        <testcase name="Get text representation" file="Html Testing Support Meta (Hyde\Framework\Testing\Unit\HtmlTestingSupportMeta)::Get text representation" class="Hyde\Framework\Testing\Unit\HtmlTestingSupportMetaTest" classname="Hyde.Framework.Testing.Unit.HtmlTestingSupportMetaTest" assertions="1" time="0.000553"/>
        <testcase name="Get text representation with multiple lines" file="Html Testing Support Meta (Hyde\Framework\Testing\Unit\HtmlTestingSupportMeta)::Get text representation with multiple lines" class="Hyde\Framework\Testing\Unit\HtmlTestingSupportMetaTest" classname="Hyde.Framework.Testing.Unit.HtmlTestingSupportMetaTest" assertions="1" time="0.000643"/>
        <testcase name="Complex text representation parsing" file="Html Testing Support Meta (Hyde\Framework\Testing\Unit\HtmlTestingSupportMeta)::Complex text representation parsing" class="Hyde\Framework\Testing\Unit\HtmlTestingSupportMetaTest" classname="Hyde.Framework.Testing.Unit.HtmlTestingSupportMetaTest" assertions="1" time="0.001400"/>
        <testcase name="Assert structure looks like" file="Html Testing Support Meta (Hyde\Framework\Testing\Unit\HtmlTestingSupportMeta)::Assert structure looks like" class="Hyde\Framework\Testing\Unit\HtmlTestingSupportMetaTest" classname="Hyde.Framework.Testing.Unit.HtmlTestingSupportMetaTest" assertions="1" time="0.000551"/>
        <testcase name="Assert looks like" file="Html Testing Support Meta (Hyde\Framework\Testing\Unit\HtmlTestingSupportMeta)::Assert looks like" class="Hyde\Framework\Testing\Unit\HtmlTestingSupportMetaTest" classname="Hyde.Framework.Testing.Unit.HtmlTestingSupportMetaTest" assertions="1" time="0.000620"/>
        <testcase name="Element instance" file="Html Testing Support Meta (Hyde\Framework\Testing\Unit\HtmlTestingSupportMeta)::Element instance" class="Hyde\Framework\Testing\Unit\HtmlTestingSupportMetaTest" classname="Hyde.Framework.Testing.Unit.HtmlTestingSupportMetaTest" assertions="1" time="0.000603"/>
        <testcase name="Element tag" file="Html Testing Support Meta (Hyde\Framework\Testing\Unit\HtmlTestingSupportMeta)::Element tag" class="Hyde\Framework\Testing\Unit\HtmlTestingSupportMetaTest" classname="Hyde.Framework.Testing.Unit.HtmlTestingSupportMetaTest" assertions="1" time="0.000414"/>
        <testcase name="Element text" file="Html Testing Support Meta (Hyde\Framework\Testing\Unit\HtmlTestingSupportMeta)::Element text" class="Hyde\Framework\Testing\Unit\HtmlTestingSupportMetaTest" classname="Hyde.Framework.Testing.Unit.HtmlTestingSupportMetaTest" assertions="1" time="0.000406"/>
        <testcase name="Element html" file="Html Testing Support Meta (Hyde\Framework\Testing\Unit\HtmlTestingSupportMeta)::Element html" class="Hyde\Framework\Testing\Unit\HtmlTestingSupportMetaTest" classname="Hyde.Framework.Testing.Unit.HtmlTestingSupportMetaTest" assertions="1" time="0.000405"/>
        <testcase name="Element id" file="Html Testing Support Meta (Hyde\Framework\Testing\Unit\HtmlTestingSupportMeta)::Element id" class="Hyde\Framework\Testing\Unit\HtmlTestingSupportMetaTest" classname="Hyde.Framework.Testing.Unit.HtmlTestingSupportMetaTest" assertions="2" time="0.000485"/>
        <testcase name="Element classes" file="Html Testing Support Meta (Hyde\Framework\Testing\Unit\HtmlTestingSupportMeta)::Element classes" class="Hyde\Framework\Testing\Unit\HtmlTestingSupportMetaTest" classname="Hyde.Framework.Testing.Unit.HtmlTestingSupportMetaTest" assertions="2" time="0.000551"/>
        <testcase name="Element attributes" file="Html Testing Support Meta (Hyde\Framework\Testing\Unit\HtmlTestingSupportMeta)::Element attributes" class="Hyde\Framework\Testing\Unit\HtmlTestingSupportMetaTest" classname="Hyde.Framework.Testing.Unit.HtmlTestingSupportMetaTest" assertions="2" time="0.000558"/>
        <testcase name="Element nodes" file="Html Testing Support Meta (Hyde\Framework\Testing\Unit\HtmlTestingSupportMeta)::Element nodes" class="Hyde\Framework\Testing\Unit\HtmlTestingSupportMetaTest" classname="Hyde.Framework.Testing.Unit.HtmlTestingSupportMetaTest" assertions="1" time="0.000405"/>
        <testcase name="Element nodes with child" file="Html Testing Support Meta (Hyde\Framework\Testing\Unit\HtmlTestingSupportMeta)::Element nodes with child" class="Hyde\Framework\Testing\Unit\HtmlTestingSupportMetaTest" classname="Hyde.Framework.Testing.Unit.HtmlTestingSupportMetaTest" assertions="3" time="0.000496"/>
        <testcase name="Element nodes with children" file="Html Testing Support Meta (Hyde\Framework\Testing\Unit\HtmlTestingSupportMeta)::Element nodes with children" class="Hyde\Framework\Testing\Unit\HtmlTestingSupportMetaTest" classname="Hyde.Framework.Testing.Unit.HtmlTestingSupportMetaTest" assertions="7" time="0.000674"/>
        <testcase name="Element to array" file="Html Testing Support Meta (Hyde\Framework\Testing\Unit\HtmlTestingSupportMeta)::Element to array" class="Hyde\Framework\Testing\Unit\HtmlTestingSupportMetaTest" classname="Hyde.Framework.Testing.Unit.HtmlTestingSupportMetaTest" assertions="1" time="0.000544"/>
        <testcase name="To array with children" file="Html Testing Support Meta (Hyde\Framework\Testing\Unit\HtmlTestingSupportMeta)::To array with children" class="Hyde\Framework\Testing\Unit\HtmlTestingSupportMetaTest" classname="Hyde.Framework.Testing.Unit.HtmlTestingSupportMetaTest" assertions="2" time="0.001388"/>
        <testcase name="To array with attributes" file="Html Testing Support Meta (Hyde\Framework\Testing\Unit\HtmlTestingSupportMeta)::To array with attributes" class="Hyde\Framework\Testing\Unit\HtmlTestingSupportMetaTest" classname="Hyde.Framework.Testing.Unit.HtmlTestingSupportMetaTest" assertions="1" time="0.000570"/>
        <testcase name="Element assert has id" file="Html Testing Support Meta (Hyde\Framework\Testing\Unit\HtmlTestingSupportMeta)::Element assert has id" class="Hyde\Framework\Testing\Unit\HtmlTestingSupportMetaTest" classname="Hyde.Framework.Testing.Unit.HtmlTestingSupportMetaTest" assertions="1" time="0.000429"/>
        <testcase name="Element assert does not have id" file="Html Testing Support Meta (Hyde\Framework\Testing\Unit\HtmlTestingSupportMeta)::Element assert does not have id" class="Hyde\Framework\Testing\Unit\HtmlTestingSupportMetaTest" classname="Hyde.Framework.Testing.Unit.HtmlTestingSupportMetaTest" assertions="1" time="0.000470"/>
        <testcase name="Element assert has class" file="Html Testing Support Meta (Hyde\Framework\Testing\Unit\HtmlTestingSupportMeta)::Element assert has class" class="Hyde\Framework\Testing\Unit\HtmlTestingSupportMetaTest" classname="Hyde.Framework.Testing.Unit.HtmlTestingSupportMetaTest" assertions="1" time="0.000676"/>
        <testcase name="Element assert does not have class" file="Html Testing Support Meta (Hyde\Framework\Testing\Unit\HtmlTestingSupportMeta)::Element assert does not have class" class="Hyde\Framework\Testing\Unit\HtmlTestingSupportMetaTest" classname="Hyde.Framework.Testing.Unit.HtmlTestingSupportMetaTest" assertions="1" time="0.000510"/>
        <testcase name="Element assert has attribute" file="Html Testing Support Meta (Hyde\Framework\Testing\Unit\HtmlTestingSupportMeta)::Element assert has attribute" class="Hyde\Framework\Testing\Unit\HtmlTestingSupportMetaTest" classname="Hyde.Framework.Testing.Unit.HtmlTestingSupportMetaTest" assertions="1" time="0.000462"/>
        <testcase name="Element assert does not have attribute" file="Html Testing Support Meta (Hyde\Framework\Testing\Unit\HtmlTestingSupportMeta)::Element assert does not have attribute" class="Hyde\Framework\Testing\Unit\HtmlTestingSupportMetaTest" classname="Hyde.Framework.Testing.Unit.HtmlTestingSupportMetaTest" assertions="1" time="0.000484"/>
        <testcase name="Element assert has attribute with value" file="Html Testing Support Meta (Hyde\Framework\Testing\Unit\HtmlTestingSupportMeta)::Element assert has attribute with value" class="Hyde\Framework\Testing\Unit\HtmlTestingSupportMetaTest" classname="Hyde.Framework.Testing.Unit.HtmlTestingSupportMetaTest" assertions="2" time="0.000497"/>
        <testcase name="Element assert has attribute with wrong value" file="Html Testing Support Meta (Hyde\Framework\Testing\Unit\HtmlTestingSupportMeta)::Element assert has attribute with wrong value" class="Hyde\Framework\Testing\Unit\HtmlTestingSupportMetaTest" classname="Hyde.Framework.Testing.Unit.HtmlTestingSupportMetaTest" assertions="3" time="0.000853"/>
        <testcase name="Element assert has attribute forwards id assertions" file="Html Testing Support Meta (Hyde\Framework\Testing\Unit\HtmlTestingSupportMeta)::Element assert has attribute forwards id assertions" class="Hyde\Framework\Testing\Unit\HtmlTestingSupportMetaTest" classname="Hyde.Framework.Testing.Unit.HtmlTestingSupportMetaTest" assertions="1" time="0.000507"/>
        <testcase name="Element assert has attribute forwards class assertions" file="Html Testing Support Meta (Hyde\Framework\Testing\Unit\HtmlTestingSupportMeta)::Element assert has attribute forwards class assertions" class="Hyde\Framework\Testing\Unit\HtmlTestingSupportMetaTest" classname="Hyde.Framework.Testing.Unit.HtmlTestingSupportMetaTest" assertions="1" time="0.000495"/>
        <testcase name="Assertion calls on document are forwarded to root element" file="Html Testing Support Meta (Hyde\Framework\Testing\Unit\HtmlTestingSupportMeta)::Assertion calls on document are forwarded to root element" class="Hyde\Framework\Testing\Unit\HtmlTestingSupportMetaTest" classname="Hyde.Framework.Testing.Unit.HtmlTestingSupportMetaTest" assertions="9" time="0.000939"/>
      </testsuite>
      <testsuite name="Hyde\Framework\Testing\Unit\HydeBasePathCanBeChangedTest" file="Hyde Base Path Can Be Changed (Hyde\Framework\Testing\Unit\HydeBasePathCanBeChanged)" tests="1" assertions="2" errors="0" failures="0" skipped="0" time="0.052103">
        <testcase name="Hyde base path can be changed" file="Hyde Base Path Can Be Changed (Hyde\Framework\Testing\Unit\HydeBasePathCanBeChanged)::Hyde base path can be changed" class="Hyde\Framework\Testing\Unit\HydeBasePathCanBeChangedTest" classname="Hyde.Framework.Testing.Unit.HydeBasePathCanBeChangedTest" assertions="2" time="0.052103"/>
      </testsuite>
      <testsuite name="Hyde\Framework\Testing\Unit\HydeConfigFilesAreMatchingTest" file="Hyde Config Files Are Matching (Hyde\Framework\Testing\Unit\HydeConfigFilesAreMatching)" tests="3" assertions="0" errors="0" failures="0" skipped="3" time="0.000000">
        <testcase name="Hyde config files are matching" file="Hyde Config Files Are Matching (Hyde\Framework\Testing\Unit\HydeConfigFilesAreMatching)::Hyde config files are matching" class="Hyde\Framework\Testing\Unit\HydeConfigFilesAreMatchingTest" classname="Hyde.Framework.Testing.Unit.HydeConfigFilesAreMatchingTest" assertions="0" time="0.000000">
          <skipped/>
        </testcase>
        <testcase name="Docs config files are matching" file="Hyde Config Files Are Matching (Hyde\Framework\Testing\Unit\HydeConfigFilesAreMatching)::Docs config files are matching" class="Hyde\Framework\Testing\Unit\HydeConfigFilesAreMatchingTest" classname="Hyde.Framework.Testing.Unit.HydeConfigFilesAreMatchingTest" assertions="0" time="0.000000">
          <skipped/>
        </testcase>
        <testcase name="Markdown config files are matching" file="Hyde Config Files Are Matching (Hyde\Framework\Testing\Unit\HydeConfigFilesAreMatching)::Markdown config files are matching" class="Hyde\Framework\Testing\Unit\HydeConfigFilesAreMatchingTest" classname="Hyde.Framework.Testing.Unit.HydeConfigFilesAreMatchingTest" assertions="0" time="0.000000">
          <skipped/>
        </testcase>
      </testsuite>
      <testsuite name="Hyde\Framework\Testing\Unit\HydeFileHelpersTest" file="Hyde File Helpers (Hyde\Framework\Testing\Unit\HydeFileHelpers)" tests="4" assertions="4" errors="0" failures="0" skipped="0" time="0.086712">
        <testcase name="Current page returns current page view property" file="Hyde File Helpers (Hyde\Framework\Testing\Unit\HydeFileHelpers)::Current page returns current page view property" class="Hyde\Framework\Testing\Unit\HydeFileHelpersTest" classname="Hyde.Framework.Testing.Unit.HydeFileHelpersTest" assertions="1" time="0.024018"/>
        <testcase name="Current page falls back to null string if current page view property is not set" file="Hyde File Helpers (Hyde\Framework\Testing\Unit\HydeFileHelpers)::Current page falls back to null string if current page view property is not set" class="Hyde\Framework\Testing\Unit\HydeFileHelpersTest" classname="Hyde.Framework.Testing.Unit.HydeFileHelpersTest" assertions="1" time="0.019429"/>
        <testcase name="Current route returns current route view property" file="Hyde File Helpers (Hyde\Framework\Testing\Unit\HydeFileHelpers)::Current route returns current route view property" class="Hyde\Framework\Testing\Unit\HydeFileHelpersTest" classname="Hyde.Framework.Testing.Unit.HydeFileHelpersTest" assertions="1" time="0.023852"/>
        <testcase name="Current route falls back to null if current route view property is not set" file="Hyde File Helpers (Hyde\Framework\Testing\Unit\HydeFileHelpers)::Current route falls back to null if current route view property is not set" class="Hyde\Framework\Testing\Unit\HydeFileHelpersTest" classname="Hyde.Framework.Testing.Unit.HydeFileHelpersTest" assertions="1" time="0.019413"/>
      </testsuite>
      <testsuite name="Hyde\Framework\Testing\Unit\HydeGetBasePathHasFallbackTest" file="Hyde Get Base Path Has Fallback (Hyde\Framework\Testing\Unit\HydeGetBasePathHasFallback)" tests="1" assertions="1" errors="0" failures="0" skipped="0" time="0.008150">
        <testcase name="Hyde get base path falls back to current working directory" file="Hyde Get Base Path Has Fallback (Hyde\Framework\Testing\Unit\HydeGetBasePathHasFallback)::Hyde get base path falls back to current working directory" class="Hyde\Framework\Testing\Unit\HydeGetBasePathHasFallbackTest" classname="Hyde.Framework.Testing.Unit.HydeGetBasePathHasFallbackTest" assertions="1" time="0.008150"/>
      </testsuite>
      <testsuite name="Hyde\Framework\Testing\Unit\HydeHelperFacadeMakeTitleTest" file="Hyde Helper Facade Make Title (Hyde\Framework\Testing\Unit\HydeHelperFacadeMakeTitle)" tests="9" assertions="13" errors="0" failures="0" skipped="0" time="0.019140">
        <testcase name="Make title helper parses kebab case into title" file="Hyde Helper Facade Make Title (Hyde\Framework\Testing\Unit\HydeHelperFacadeMakeTitle)::Make title helper parses kebab case into title" class="Hyde\Framework\Testing\Unit\HydeHelperFacadeMakeTitleTest" classname="Hyde.Framework.Testing.Unit.HydeHelperFacadeMakeTitleTest" assertions="1" time="0.003813"/>
        <testcase name="Make title helper parses snake case into title" file="Hyde Helper Facade Make Title (Hyde\Framework\Testing\Unit\HydeHelperFacadeMakeTitle)::Make title helper parses snake case into title" class="Hyde\Framework\Testing\Unit\HydeHelperFacadeMakeTitleTest" classname="Hyde.Framework.Testing.Unit.HydeHelperFacadeMakeTitleTest" assertions="1" time="0.001884"/>
        <testcase name="Make title helper parses camel case into title" file="Hyde Helper Facade Make Title (Hyde\Framework\Testing\Unit\HydeHelperFacadeMakeTitle)::Make title helper parses camel case into title" class="Hyde\Framework\Testing\Unit\HydeHelperFacadeMakeTitleTest" classname="Hyde.Framework.Testing.Unit.HydeHelperFacadeMakeTitleTest" assertions="1" time="0.001881"/>
        <testcase name="Make title helper parses pascal case into title" file="Hyde Helper Facade Make Title (Hyde\Framework\Testing\Unit\HydeHelperFacadeMakeTitle)::Make title helper parses pascal case into title" class="Hyde\Framework\Testing\Unit\HydeHelperFacadeMakeTitleTest" classname="Hyde.Framework.Testing.Unit.HydeHelperFacadeMakeTitleTest" assertions="1" time="0.001870"/>
        <testcase name="Make title helper parses title case into title" file="Hyde Helper Facade Make Title (Hyde\Framework\Testing\Unit\HydeHelperFacadeMakeTitle)::Make title helper parses title case into title" class="Hyde\Framework\Testing\Unit\HydeHelperFacadeMakeTitleTest" classname="Hyde.Framework.Testing.Unit.HydeHelperFacadeMakeTitleTest" assertions="1" time="0.001856"/>
        <testcase name="Make title helper parses title case with spaces into title" file="Hyde Helper Facade Make Title (Hyde\Framework\Testing\Unit\HydeHelperFacadeMakeTitle)::Make title helper parses title case with spaces into title" class="Hyde\Framework\Testing\Unit\HydeHelperFacadeMakeTitleTest" classname="Hyde.Framework.Testing.Unit.HydeHelperFacadeMakeTitleTest" assertions="1" time="0.001892"/>
        <testcase name="Make title helper does not capitalize auxiliary words" file="Hyde Helper Facade Make Title (Hyde\Framework\Testing\Unit\HydeHelperFacadeMakeTitle)::Make title helper does not capitalize auxiliary words" class="Hyde\Framework\Testing\Unit\HydeHelperFacadeMakeTitleTest" classname="Hyde.Framework.Testing.Unit.HydeHelperFacadeMakeTitleTest" assertions="1" time="0.001843"/>
        <testcase name="Make title helper does not modify only uppercase input" file="Hyde Helper Facade Make Title (Hyde\Framework\Testing\Unit\HydeHelperFacadeMakeTitle)::Make title helper does not modify only uppercase input" class="Hyde\Framework\Testing\Unit\HydeHelperFacadeMakeTitleTest" classname="Hyde.Framework.Testing.Unit.HydeHelperFacadeMakeTitleTest" assertions="3" time="0.002023"/>
        <testcase name="Make title helper modifies partially uppercase input" file="Hyde Helper Facade Make Title (Hyde\Framework\Testing\Unit\HydeHelperFacadeMakeTitle)::Make title helper modifies partially uppercase input" class="Hyde\Framework\Testing\Unit\HydeHelperFacadeMakeTitleTest" classname="Hyde.Framework.Testing.Unit.HydeHelperFacadeMakeTitleTest" assertions="3" time="0.002078"/>
      </testsuite>
      <testsuite name="Hyde\Framework\Testing\Unit\HydeHelperFacadeTest" file="Hyde Helper Facade (Hyde\Framework\Testing\Unit\HydeHelperFacade)" tests="3" assertions="3" errors="0" failures="0" skipped="0" time="0.067303">
        <testcase name="Features facade returns instance of features class" file="Hyde Helper Facade (Hyde\Framework\Testing\Unit\HydeHelperFacade)::Features facade returns instance of features class" class="Hyde\Framework\Testing\Unit\HydeHelperFacadeTest" classname="Hyde.Framework.Testing.Unit.HydeHelperFacadeTest" assertions="1" time="0.028282"/>
        <testcase name="Features facade can be used to call static methods on features class" file="Hyde Helper Facade (Hyde\Framework\Testing\Unit\HydeHelperFacade)::Features facade can be used to call static methods on features class" class="Hyde\Framework\Testing\Unit\HydeHelperFacadeTest" classname="Hyde.Framework.Testing.Unit.HydeHelperFacadeTest" assertions="1" time="0.019439"/>
        <testcase name="Hyde has feature shorthand calls static method on features class" file="Hyde Helper Facade (Hyde\Framework\Testing\Unit\HydeHelperFacade)::Hyde has feature shorthand calls static method on features class" class="Hyde\Framework\Testing\Unit\HydeHelperFacadeTest" classname="Hyde.Framework.Testing.Unit.HydeHelperFacadeTest" assertions="1" time="0.019582"/>
      </testsuite>
      <testsuite name="Hyde\Framework\Testing\Unit\HydePageDataFactoryTest" file="Hyde Page Data Factory (Hyde\Framework\Testing\Unit\HydePageDataFactory)" tests="10" assertions="10" errors="0" failures="0" skipped="0" time="0.039633">
        <testcase name="Can construct" file="Hyde Page Data Factory (Hyde\Framework\Testing\Unit\HydePageDataFactory)::Can construct" class="Hyde\Framework\Testing\Unit\HydePageDataFactoryTest" classname="Hyde.Framework.Testing.Unit.HydePageDataFactoryTest" assertions="1" time="0.007677"/>
        <testcase name="To array contains expected keys" file="Hyde Page Data Factory (Hyde\Framework\Testing\Unit\HydePageDataFactory)::To array contains expected keys" class="Hyde\Framework\Testing\Unit\HydePageDataFactoryTest" classname="Hyde.Framework.Testing.Unit.HydePageDataFactoryTest" assertions="1" time="0.003620"/>
        <testcase name="Can create title from matter" file="Hyde Page Data Factory (Hyde\Framework\Testing\Unit\HydePageDataFactory)::Can create title from matter" class="Hyde\Framework\Testing\Unit\HydePageDataFactoryTest" classname="Hyde.Framework.Testing.Unit.HydePageDataFactoryTest" assertions="1" time="0.003480"/>
        <testcase name="Can create title from markdown" file="Hyde Page Data Factory (Hyde\Framework\Testing\Unit\HydePageDataFactory)::Can create title from markdown" class="Hyde\Framework\Testing\Unit\HydePageDataFactoryTest" classname="Hyde.Framework.Testing.Unit.HydePageDataFactoryTest" assertions="1" time="0.003530"/>
        <testcase name="Title prefers matter" file="Hyde Page Data Factory (Hyde\Framework\Testing\Unit\HydePageDataFactory)::Title prefers matter" class="Hyde\Framework\Testing\Unit\HydePageDataFactoryTest" classname="Hyde.Framework.Testing.Unit.HydePageDataFactoryTest" assertions="1" time="0.003418"/>
        <testcase name="Title falls back to identifier" file="Hyde Page Data Factory (Hyde\Framework\Testing\Unit\HydePageDataFactory)::Title falls back to identifier" class="Hyde\Framework\Testing\Unit\HydePageDataFactoryTest" classname="Hyde.Framework.Testing.Unit.HydePageDataFactoryTest" assertions="1" time="0.003609"/>
        <testcase name="Title falls back to identifier basename" file="Hyde Page Data Factory (Hyde\Framework\Testing\Unit\HydePageDataFactory)::Title falls back to identifier basename" class="Hyde\Framework\Testing\Unit\HydePageDataFactoryTest" classname="Hyde.Framework.Testing.Unit.HydePageDataFactoryTest" assertions="1" time="0.003660"/>
        <testcase name="Index page titles can be created from parent identifier basename" file="Hyde Page Data Factory (Hyde\Framework\Testing\Unit\HydePageDataFactory)::Index page titles can be created from parent identifier basename" class="Hyde\Framework\Testing\Unit\HydePageDataFactoryTest" classname="Hyde.Framework.Testing.Unit.HydePageDataFactoryTest" assertions="1" time="0.003633"/>
        <testcase name="Index page titles can be created from nested parent identifier basename" file="Hyde Page Data Factory (Hyde\Framework\Testing\Unit\HydePageDataFactory)::Index page titles can be created from nested parent identifier basename" class="Hyde\Framework\Testing\Unit\HydePageDataFactoryTest" classname="Hyde.Framework.Testing.Unit.HydePageDataFactoryTest" assertions="1" time="0.003651"/>
        <testcase name="Navigation data is generated by navigation data factory" file="Hyde Page Data Factory (Hyde\Framework\Testing\Unit\HydePageDataFactory)::Navigation data is generated by navigation data factory" class="Hyde\Framework\Testing\Unit\HydePageDataFactoryTest" classname="Hyde.Framework.Testing.Unit.HydePageDataFactoryTest" assertions="1" time="0.003356"/>
      </testsuite>
      <testsuite name="Hyde\Framework\Testing\Unit\HydePageSerializableUnitTest" file="Hyde Page Serializable Unit (Hyde\Framework\Testing\Unit\HydePageSerializableUnit)" tests="24" assertions="24" errors="0" failures="0" skipped="0" time="0.090413">
        <testcase name="To array" file="Hyde Page Serializable Unit (Hyde\Framework\Testing\Unit\HydePageSerializableUnit)::To array" class="Hyde\Framework\Testing\Unit\HydePageSerializableUnitTest" classname="Hyde.Framework.Testing.Unit.HydePageSerializableUnitTest" assertions="1" time="0.013123"/>
        <testcase name="Json serialize uses array serialize" file="Hyde Page Serializable Unit (Hyde\Framework\Testing\Unit\HydePageSerializableUnit)::Json serialize uses array serialize" class="Hyde\Framework\Testing\Unit\HydePageSerializableUnitTest" classname="Hyde.Framework.Testing.Unit.HydePageSerializableUnitTest" assertions="1" time="0.003339"/>
        <testcase name="To json uses json encoded object" file="Hyde Page Serializable Unit (Hyde\Framework\Testing\Unit\HydePageSerializableUnit)::To json uses json encoded object" class="Hyde\Framework\Testing\Unit\HydePageSerializableUnitTest" classname="Hyde.Framework.Testing.Unit.HydePageSerializableUnitTest" assertions="1" time="0.003326"/>
        <testcase name="To json uses json encoded array" file="Hyde Page Serializable Unit (Hyde\Framework\Testing\Unit\HydePageSerializableUnit)::To json uses json encoded array" class="Hyde\Framework\Testing\Unit\HydePageSerializableUnitTest" classname="Hyde.Framework.Testing.Unit.HydePageSerializableUnitTest" assertions="1" time="0.003352"/>
        <testcase name="Hyde page to array keys" file="Hyde Page Serializable Unit (Hyde\Framework\Testing\Unit\HydePageSerializableUnit)::Hyde page to array keys" class="Hyde\Framework\Testing\Unit\HydePageSerializableUnitTest" classname="Hyde.Framework.Testing.Unit.HydePageSerializableUnitTest" assertions="1" time="0.003334"/>
        <testcase name="Html page to array keys" file="Hyde Page Serializable Unit (Hyde\Framework\Testing\Unit\HydePageSerializableUnit)::Html page to array keys" class="Hyde\Framework\Testing\Unit\HydePageSerializableUnitTest" classname="Hyde.Framework.Testing.Unit.HydePageSerializableUnitTest" assertions="1" time="0.003332"/>
        <testcase name="Blade page to array keys" file="Hyde Page Serializable Unit (Hyde\Framework\Testing\Unit\HydePageSerializableUnit)::Blade page to array keys" class="Hyde\Framework\Testing\Unit\HydePageSerializableUnitTest" classname="Hyde.Framework.Testing.Unit.HydePageSerializableUnitTest" assertions="1" time="0.003351"/>
        <testcase name="Markdown page to array keys" file="Hyde Page Serializable Unit (Hyde\Framework\Testing\Unit\HydePageSerializableUnit)::Markdown page to array keys" class="Hyde\Framework\Testing\Unit\HydePageSerializableUnitTest" classname="Hyde.Framework.Testing.Unit.HydePageSerializableUnitTest" assertions="1" time="0.003376"/>
        <testcase name="Markdown post to array keys" file="Hyde Page Serializable Unit (Hyde\Framework\Testing\Unit\HydePageSerializableUnit)::Markdown post to array keys" class="Hyde\Framework\Testing\Unit\HydePageSerializableUnitTest" classname="Hyde.Framework.Testing.Unit.HydePageSerializableUnitTest" assertions="1" time="0.003991"/>
        <testcase name="Documentation page to array keys" file="Hyde Page Serializable Unit (Hyde\Framework\Testing\Unit\HydePageSerializableUnit)::Documentation page to array keys" class="Hyde\Framework\Testing\Unit\HydePageSerializableUnitTest" classname="Hyde.Framework.Testing.Unit.HydePageSerializableUnitTest" assertions="1" time="0.003396"/>
        <testcase name="Hyde page to array contents" file="Hyde Page Serializable Unit (Hyde\Framework\Testing\Unit\HydePageSerializableUnit)::Hyde page to array contents" class="Hyde\Framework\Testing\Unit\HydePageSerializableUnitTest" classname="Hyde.Framework.Testing.Unit.HydePageSerializableUnitTest" assertions="1" time="0.003080"/>
        <testcase name="Html page to array contents" file="Hyde Page Serializable Unit (Hyde\Framework\Testing\Unit\HydePageSerializableUnit)::Html page to array contents" class="Hyde\Framework\Testing\Unit\HydePageSerializableUnitTest" classname="Hyde.Framework.Testing.Unit.HydePageSerializableUnitTest" assertions="1" time="0.003064"/>
        <testcase name="Blade page to array contents" file="Hyde Page Serializable Unit (Hyde\Framework\Testing\Unit\HydePageSerializableUnit)::Blade page to array contents" class="Hyde\Framework\Testing\Unit\HydePageSerializableUnitTest" classname="Hyde.Framework.Testing.Unit.HydePageSerializableUnitTest" assertions="1" time="0.003354"/>
        <testcase name="Markdown page to array contents" file="Hyde Page Serializable Unit (Hyde\Framework\Testing\Unit\HydePageSerializableUnit)::Markdown page to array contents" class="Hyde\Framework\Testing\Unit\HydePageSerializableUnitTest" classname="Hyde.Framework.Testing.Unit.HydePageSerializableUnitTest" assertions="1" time="0.003248"/>
        <testcase name="Markdown post to array contents" file="Hyde Page Serializable Unit (Hyde\Framework\Testing\Unit\HydePageSerializableUnit)::Markdown post to array contents" class="Hyde\Framework\Testing\Unit\HydePageSerializableUnitTest" classname="Hyde.Framework.Testing.Unit.HydePageSerializableUnitTest" assertions="1" time="0.003698"/>
        <testcase name="Documentation page to array contents" file="Hyde Page Serializable Unit (Hyde\Framework\Testing\Unit\HydePageSerializableUnit)::Documentation page to array contents" class="Hyde\Framework\Testing\Unit\HydePageSerializableUnitTest" classname="Hyde.Framework.Testing.Unit.HydePageSerializableUnitTest" assertions="1" time="0.003187"/>
        <testcase name="Json encoded output" file="Hyde Page Serializable Unit (Hyde\Framework\Testing\Unit\HydePageSerializableUnit)::Json encoded output" class="Hyde\Framework\Testing\Unit\HydePageSerializableUnitTest" classname="Hyde.Framework.Testing.Unit.HydePageSerializableUnitTest" assertions="1" time="0.003265"/>
        <testcase name="Json serialized hyde page contents" file="Hyde Page Serializable Unit (Hyde\Framework\Testing\Unit\HydePageSerializableUnit)::Json serialized hyde page contents" class="Hyde\Framework\Testing\Unit\HydePageSerializableUnitTest" classname="Hyde.Framework.Testing.Unit.HydePageSerializableUnitTest" assertions="1" time="0.003275"/>
        <testcase name="Json serialized html page contents" file="Hyde Page Serializable Unit (Hyde\Framework\Testing\Unit\HydePageSerializableUnit)::Json serialized html page contents" class="Hyde\Framework\Testing\Unit\HydePageSerializableUnitTest" classname="Hyde.Framework.Testing.Unit.HydePageSerializableUnitTest" assertions="1" time="0.003263"/>
        <testcase name="Json serialized blade page contents" file="Hyde Page Serializable Unit (Hyde\Framework\Testing\Unit\HydePageSerializableUnit)::Json serialized blade page contents" class="Hyde\Framework\Testing\Unit\HydePageSerializableUnitTest" classname="Hyde.Framework.Testing.Unit.HydePageSerializableUnitTest" assertions="1" time="0.003294"/>
        <testcase name="Json serialized markdown page contents" file="Hyde Page Serializable Unit (Hyde\Framework\Testing\Unit\HydePageSerializableUnit)::Json serialized markdown page contents" class="Hyde\Framework\Testing\Unit\HydePageSerializableUnitTest" classname="Hyde.Framework.Testing.Unit.HydePageSerializableUnitTest" assertions="1" time="0.003314"/>
        <testcase name="Json serialized markdown post contents" file="Hyde Page Serializable Unit (Hyde\Framework\Testing\Unit\HydePageSerializableUnit)::Json serialized markdown post contents" class="Hyde\Framework\Testing\Unit\HydePageSerializableUnitTest" classname="Hyde.Framework.Testing.Unit.HydePageSerializableUnitTest" assertions="1" time="0.003830"/>
        <testcase name="Json serialized documentation page contents" file="Hyde Page Serializable Unit (Hyde\Framework\Testing\Unit\HydePageSerializableUnit)::Json serialized documentation page contents" class="Hyde\Framework\Testing\Unit\HydePageSerializableUnitTest" classname="Hyde.Framework.Testing.Unit.HydePageSerializableUnitTest" assertions="1" time="0.003314"/>
        <testcase name="Json serialized markdown page with front matter" file="Hyde Page Serializable Unit (Hyde\Framework\Testing\Unit\HydePageSerializableUnit)::Json serialized markdown page with front matter" class="Hyde\Framework\Testing\Unit\HydePageSerializableUnitTest" classname="Hyde.Framework.Testing.Unit.HydePageSerializableUnitTest" assertions="1" time="0.003306"/>
      </testsuite>
      <testsuite name="Hyde\Framework\Testing\Unit\HydeVendorPathHelperTest" file="Hyde Vendor Path Helper (Hyde\Framework\Testing\Unit\HydeVendorPathHelper)" tests="5" assertions="9" errors="0" failures="0" skipped="0" time="0.120478">
        <testcase name="Method exists" file="Hyde Vendor Path Helper (Hyde\Framework\Testing\Unit\HydeVendorPathHelper)::Method exists" class="Hyde\Framework\Testing\Unit\HydeVendorPathHelperTest" classname="Hyde.Framework.Testing.Unit.HydeVendorPathHelperTest" assertions="1" time="0.042132"/>
        <testcase name="Method returns string" file="Hyde Vendor Path Helper (Hyde\Framework\Testing\Unit\HydeVendorPathHelper)::Method returns string" class="Hyde\Framework\Testing\Unit\HydeVendorPathHelperTest" classname="Hyde.Framework.Testing.Unit.HydeVendorPathHelperTest" assertions="1" time="0.019034"/>
        <testcase name="Method returns string containing vendor path" file="Hyde Vendor Path Helper (Hyde\Framework\Testing\Unit\HydeVendorPathHelper)::Method returns string containing vendor path" class="Hyde\Framework\Testing\Unit\HydeVendorPathHelperTest" classname="Hyde.Framework.Testing.Unit.HydeVendorPathHelperTest" assertions="1" time="0.019158"/>
        <testcase name="Method returns path to the vendor directory" file="Hyde Vendor Path Helper (Hyde\Framework\Testing\Unit\HydeVendorPathHelper)::Method returns path to the vendor directory" class="Hyde\Framework\Testing\Unit\HydeVendorPathHelperTest" classname="Hyde.Framework.Testing.Unit.HydeVendorPathHelperTest" assertions="3" time="0.019686"/>
        <testcase name="Can specify which hyde package to use" file="Hyde Vendor Path Helper (Hyde\Framework\Testing\Unit\HydeVendorPathHelper)::Can specify which hyde package to use" class="Hyde\Framework\Testing\Unit\HydeVendorPathHelperTest" classname="Hyde.Framework.Testing.Unit.HydeVendorPathHelperTest" assertions="3" time="0.020468"/>
      </testsuite>
      <testsuite name="Hyde\Framework\Testing\Unit\InteractsWithDirectoriesConcernTest" file="Interacts With Directories Concern (Hyde\Framework\Testing\Unit\InteractsWithDirectoriesConcern)" tests="7" assertions="9" errors="0" failures="0" skipped="0" time="0.161268">
        <testcase name="Methods can be called statically" file="Interacts With Directories Concern (Hyde\Framework\Testing\Unit\InteractsWithDirectoriesConcern)::Methods can be called statically" class="Hyde\Framework\Testing\Unit\InteractsWithDirectoriesConcernTest" classname="Hyde.Framework.Testing.Unit.InteractsWithDirectoriesConcernTest" assertions="2" time="0.028045"/>
        <testcase name="Needs directory creates the directory" file="Interacts With Directories Concern (Hyde\Framework\Testing\Unit\InteractsWithDirectoriesConcern)::Needs directory creates the directory" class="Hyde\Framework\Testing\Unit\InteractsWithDirectoriesConcernTest" classname="Hyde.Framework.Testing.Unit.InteractsWithDirectoriesConcernTest" assertions="1" time="0.020057"/>
        <testcase name="Needs directory creates the directory recursively" file="Interacts With Directories Concern (Hyde\Framework\Testing\Unit\InteractsWithDirectoriesConcern)::Needs directory creates the directory recursively" class="Hyde\Framework\Testing\Unit\InteractsWithDirectoriesConcernTest" classname="Hyde.Framework.Testing.Unit.InteractsWithDirectoriesConcernTest" assertions="1" time="0.020511"/>
        <testcase name="Needs directory handles existing directory" file="Interacts With Directories Concern (Hyde\Framework\Testing\Unit\InteractsWithDirectoriesConcern)::Needs directory handles existing directory" class="Hyde\Framework\Testing\Unit\InteractsWithDirectoriesConcernTest" classname="Hyde.Framework.Testing.Unit.InteractsWithDirectoriesConcernTest" assertions="1" time="0.030925"/>
        <testcase name="Needs directories creates single directory" file="Interacts With Directories Concern (Hyde\Framework\Testing\Unit\InteractsWithDirectoriesConcern)::Needs directories creates single directory" class="Hyde\Framework\Testing\Unit\InteractsWithDirectoriesConcernTest" classname="Hyde.Framework.Testing.Unit.InteractsWithDirectoriesConcernTest" assertions="1" time="0.020158"/>
        <testcase name="Needs directories creates multiple directories" file="Interacts With Directories Concern (Hyde\Framework\Testing\Unit\InteractsWithDirectoriesConcern)::Needs directories creates multiple directories" class="Hyde\Framework\Testing\Unit\InteractsWithDirectoriesConcernTest" classname="Hyde.Framework.Testing.Unit.InteractsWithDirectoriesConcernTest" assertions="2" time="0.020716"/>
        <testcase name="Needs parent directory creates directory for the parent file" file="Interacts With Directories Concern (Hyde\Framework\Testing\Unit\InteractsWithDirectoriesConcern)::Needs parent directory creates directory for the parent file" class="Hyde\Framework\Testing\Unit\InteractsWithDirectoriesConcernTest" classname="Hyde.Framework.Testing.Unit.InteractsWithDirectoriesConcernTest" assertions="1" time="0.020856"/>
      </testsuite>
      <testsuite name="Hyde\Framework\Testing\Unit\LoadConfigurationTest" file="Load Configuration (Hyde\Framework\Testing\Unit\LoadConfiguration)" tests="2" assertions="6" errors="0" failures="0" skipped="0" time="0.020877">
        <testcase name="It loads runtime configuration" file="Load Configuration (Hyde\Framework\Testing\Unit\LoadConfiguration)::It loads runtime configuration" class="Hyde\Framework\Testing\Unit\LoadConfigurationTest" classname="Hyde.Framework.Testing.Unit.LoadConfigurationTest" assertions="4" time="0.015870"/>
        <testcase name="It loads realtime compiler environment configuration" file="Load Configuration (Hyde\Framework\Testing\Unit\LoadConfiguration)::It loads realtime compiler environment configuration" class="Hyde\Framework\Testing\Unit\LoadConfigurationTest" classname="Hyde.Framework.Testing.Unit.LoadConfigurationTest" assertions="2" time="0.005008"/>
      </testsuite>
      <testsuite name="Hyde\Framework\Testing\Unit\MarkdownDocumentTest" file="Markdown Document (Hyde\Framework\Testing\Unit\MarkdownDocument)" tests="11" assertions="17" errors="0" failures="0" skipped="0" time="0.222915">
        <testcase name="Constructor creates new markdown document" file="Markdown Document (Hyde\Framework\Testing\Unit\MarkdownDocument)::Constructor creates new markdown document" class="Hyde\Framework\Testing\Unit\MarkdownDocumentTest" classname="Hyde.Framework.Testing.Unit.MarkdownDocumentTest" assertions="1" time="0.023172"/>
        <testcase name="Constructor arguments are optional" file="Markdown Document (Hyde\Framework\Testing\Unit\MarkdownDocument)::Constructor arguments are optional" class="Hyde\Framework\Testing\Unit\MarkdownDocumentTest" classname="Hyde.Framework.Testing.Unit.MarkdownDocumentTest" assertions="1" time="0.019640"/>
        <testcase name="Constructor arguments are assigned" file="Markdown Document (Hyde\Framework\Testing\Unit\MarkdownDocument)::Constructor arguments are assigned" class="Hyde\Framework\Testing\Unit\MarkdownDocumentTest" classname="Hyde.Framework.Testing.Unit.MarkdownDocumentTest" assertions="1" time="0.019636"/>
        <testcase name="Magic to string method returns body" file="Markdown Document (Hyde\Framework\Testing\Unit\MarkdownDocument)::Magic to string method returns body" class="Hyde\Framework\Testing\Unit\MarkdownDocumentTest" classname="Hyde.Framework.Testing.Unit.MarkdownDocumentTest" assertions="1" time="0.019668"/>
        <testcase name="Compile method returns rendered html" file="Markdown Document (Hyde\Framework\Testing\Unit\MarkdownDocument)::Compile method returns rendered html" class="Hyde\Framework\Testing\Unit\MarkdownDocumentTest" classname="Hyde.Framework.Testing.Unit.MarkdownDocumentTest" assertions="1" time="0.020396"/>
        <testcase name="To html method returns rendered as html string" file="Markdown Document (Hyde\Framework\Testing\Unit\MarkdownDocument)::To html method returns rendered as html string" class="Hyde\Framework\Testing\Unit\MarkdownDocumentTest" classname="Hyde.Framework.Testing.Unit.MarkdownDocumentTest" assertions="2" time="0.021373"/>
        <testcase name="Parse method parses a file using the markdown file service" file="Markdown Document (Hyde\Framework\Testing\Unit\MarkdownDocument)::Parse method parses a file using the markdown file service" class="Hyde\Framework\Testing\Unit\MarkdownDocumentTest" classname="Hyde.Framework.Testing.Unit.MarkdownDocumentTest" assertions="3" time="0.020523"/>
        <testcase name="To array method returns array markdown body lines" file="Markdown Document (Hyde\Framework\Testing\Unit\MarkdownDocument)::To array method returns array markdown body lines" class="Hyde\Framework\Testing\Unit\MarkdownDocumentTest" classname="Hyde.Framework.Testing.Unit.MarkdownDocumentTest" assertions="1" time="0.019661"/>
        <testcase name="From file method returns new markdown document" file="Markdown Document (Hyde\Framework\Testing\Unit\MarkdownDocument)::From file method returns new markdown document" class="Hyde\Framework\Testing\Unit\MarkdownDocumentTest" classname="Hyde.Framework.Testing.Unit.MarkdownDocumentTest" assertions="2" time="0.019983"/>
        <testcase name="End of markdown body is trimmed" file="Markdown Document (Hyde\Framework\Testing\Unit\MarkdownDocument)::End of markdown body is trimmed" class="Hyde\Framework\Testing\Unit\MarkdownDocumentTest" classname="Hyde.Framework.Testing.Unit.MarkdownDocumentTest" assertions="1" time="0.019469"/>
        <testcase name="Carriage returns are normalized" file="Markdown Document (Hyde\Framework\Testing\Unit\MarkdownDocument)::Carriage returns are normalized" class="Hyde\Framework\Testing\Unit\MarkdownDocumentTest" classname="Hyde.Framework.Testing.Unit.MarkdownDocumentTest" assertions="3" time="0.019395"/>
      </testsuite>
      <testsuite name="Hyde\Framework\Testing\Unit\MarkdownFacadeTest" file="Markdown Facade (Hyde\Framework\Testing\Unit\MarkdownFacade)" tests="1" assertions="2" errors="0" failures="0" skipped="0" time="0.017010">
        <testcase name="Render" file="Markdown Facade (Hyde\Framework\Testing\Unit\MarkdownFacade)::Render" class="Hyde\Framework\Testing\Unit\MarkdownFacadeTest" classname="Hyde.Framework.Testing.Unit.MarkdownFacadeTest" assertions="2" time="0.017010"/>
      </testsuite>
      <testsuite name="Hyde\Framework\Testing\Unit\MediaDirectoryCanBeChangedTest" file="Media Directory Can Be Changed (Hyde\Framework\Testing\Unit\MediaDirectoryCanBeChanged)" tests="3" assertions="9" errors="0" failures="0" skipped="0" time="0.101137">
        <testcase name="Media output directory can be changed for site builds" file="Media Directory Can Be Changed (Hyde\Framework\Testing\Unit\MediaDirectoryCanBeChanged)::Media output directory can be changed for site builds" class="Hyde\Framework\Testing\Unit\MediaDirectoryCanBeChangedTest" classname="Hyde.Framework.Testing.Unit.MediaDirectoryCanBeChangedTest" assertions="3" time="0.037869"/>
        <testcase name="Media output directory can be changed for site rebuilds" file="Media Directory Can Be Changed (Hyde\Framework\Testing\Unit\MediaDirectoryCanBeChanged)::Media output directory can be changed for site rebuilds" class="Hyde\Framework\Testing\Unit\MediaDirectoryCanBeChangedTest" classname="Hyde.Framework.Testing.Unit.MediaDirectoryCanBeChangedTest" assertions="3" time="0.028429"/>
        <testcase name="Compiled pages have links to the right media file location" file="Media Directory Can Be Changed (Hyde\Framework\Testing\Unit\MediaDirectoryCanBeChanged)::Compiled pages have links to the right media file location" class="Hyde\Framework\Testing\Unit\MediaDirectoryCanBeChangedTest" classname="Hyde.Framework.Testing.Unit.MediaDirectoryCanBeChangedTest" assertions="3" time="0.034839"/>
      </testsuite>
      <testsuite name="Hyde\Framework\Testing\Unit\NavItemIsCurrentHelperTest" file="Nav Item Is Current Helper (Hyde\Framework\Testing\Unit\NavItemIsCurrentHelper)" tests="34" assertions="34" errors="0" failures="0" skipped="0" time="0.140100">
        <testcase name="Is current" file="Nav Item Is Current Helper (Hyde\Framework\Testing\Unit\NavItemIsCurrentHelper)::Is current" class="Hyde\Framework\Testing\Unit\NavItemIsCurrentHelperTest" classname="Hyde.Framework.Testing.Unit.NavItemIsCurrentHelperTest" assertions="1" time="0.008582"/>
        <testcase name="Is current when current" file="Nav Item Is Current Helper (Hyde\Framework\Testing\Unit\NavItemIsCurrentHelper)::Is current when current" class="Hyde\Framework\Testing\Unit\NavItemIsCurrentHelperTest" classname="Hyde.Framework.Testing.Unit.NavItemIsCurrentHelperTest" assertions="1" time="0.004413"/>
        <testcase name="Is current using current route" file="Nav Item Is Current Helper (Hyde\Framework\Testing\Unit\NavItemIsCurrentHelper)::Is current using current route" class="Hyde\Framework\Testing\Unit\NavItemIsCurrentHelperTest" classname="Hyde.Framework.Testing.Unit.NavItemIsCurrentHelperTest" assertions="1" time="0.004026"/>
        <testcase name="Is current using current link" file="Nav Item Is Current Helper (Hyde\Framework\Testing\Unit\NavItemIsCurrentHelper)::Is current using current link" class="Hyde\Framework\Testing\Unit\NavItemIsCurrentHelperTest" classname="Hyde.Framework.Testing.Unit.NavItemIsCurrentHelperTest" assertions="1" time="0.003806"/>
        <testcase name="Is current when not current" file="Nav Item Is Current Helper (Hyde\Framework\Testing\Unit\NavItemIsCurrentHelper)::Is current when not current" class="Hyde\Framework\Testing\Unit\NavItemIsCurrentHelperTest" classname="Hyde.Framework.Testing.Unit.NavItemIsCurrentHelperTest" assertions="1" time="0.004271"/>
        <testcase name="Is current using not current route" file="Nav Item Is Current Helper (Hyde\Framework\Testing\Unit\NavItemIsCurrentHelper)::Is current using not current route" class="Hyde\Framework\Testing\Unit\NavItemIsCurrentHelperTest" classname="Hyde.Framework.Testing.Unit.NavItemIsCurrentHelperTest" assertions="1" time="0.004011"/>
        <testcase name="Is current using not current link" file="Nav Item Is Current Helper (Hyde\Framework\Testing\Unit\NavItemIsCurrentHelper)::Is current using not current link" class="Hyde\Framework\Testing\Unit\NavItemIsCurrentHelperTest" classname="Hyde.Framework.Testing.Unit.NavItemIsCurrentHelperTest" assertions="1" time="0.003771"/>
        <testcase name="Is current with nested current page" file="Nav Item Is Current Helper (Hyde\Framework\Testing\Unit\NavItemIsCurrentHelper)::Is current with nested current page" class="Hyde\Framework\Testing\Unit\NavItemIsCurrentHelperTest" classname="Hyde.Framework.Testing.Unit.NavItemIsCurrentHelperTest" assertions="1" time="0.004278"/>
        <testcase name="Is current when current with nested current page" file="Nav Item Is Current Helper (Hyde\Framework\Testing\Unit\NavItemIsCurrentHelper)::Is current when current with nested current page" class="Hyde\Framework\Testing\Unit\NavItemIsCurrentHelperTest" classname="Hyde.Framework.Testing.Unit.NavItemIsCurrentHelperTest" assertions="1" time="0.004314"/>
        <testcase name="Is current with nested current page when nested" file="Nav Item Is Current Helper (Hyde\Framework\Testing\Unit\NavItemIsCurrentHelper)::Is current with nested current page when nested" class="Hyde\Framework\Testing\Unit\NavItemIsCurrentHelperTest" classname="Hyde.Framework.Testing.Unit.NavItemIsCurrentHelperTest" assertions="1" time="0.004318"/>
        <testcase name="Is current when current with nested current page when nested" file="Nav Item Is Current Helper (Hyde\Framework\Testing\Unit\NavItemIsCurrentHelper)::Is current when current with nested current page when nested" class="Hyde\Framework\Testing\Unit\NavItemIsCurrentHelperTest" classname="Hyde.Framework.Testing.Unit.NavItemIsCurrentHelperTest" assertions="1" time="0.004331"/>
        <testcase name="Is current with nested current page when very nested" file="Nav Item Is Current Helper (Hyde\Framework\Testing\Unit\NavItemIsCurrentHelper)::Is current with nested current page when very nested" class="Hyde\Framework\Testing\Unit\NavItemIsCurrentHelperTest" classname="Hyde.Framework.Testing.Unit.NavItemIsCurrentHelperTest" assertions="1" time="0.004321"/>
        <testcase name="Is current when current with nested current page when very nested" file="Nav Item Is Current Helper (Hyde\Framework\Testing\Unit\NavItemIsCurrentHelper)::Is current when current with nested current page when very nested" class="Hyde\Framework\Testing\Unit\NavItemIsCurrentHelperTest" classname="Hyde.Framework.Testing.Unit.NavItemIsCurrentHelperTest" assertions="1" time="0.004339"/>
        <testcase name="Is current with nested current page when very differing nested" file="Nav Item Is Current Helper (Hyde\Framework\Testing\Unit\NavItemIsCurrentHelper)::Is current with nested current page when very differing nested" class="Hyde\Framework\Testing\Unit\NavItemIsCurrentHelperTest" classname="Hyde.Framework.Testing.Unit.NavItemIsCurrentHelperTest" assertions="1" time="0.004290"/>
        <testcase name="Is current with nested current page when very differing nested inverse" file="Nav Item Is Current Helper (Hyde\Framework\Testing\Unit\NavItemIsCurrentHelper)::Is current with nested current page when very differing nested inverse" class="Hyde\Framework\Testing\Unit\NavItemIsCurrentHelperTest" classname="Hyde.Framework.Testing.Unit.NavItemIsCurrentHelperTest" assertions="1" time="0.004362"/>
        <testcase name="Is current using current link with nested current page" file="Nav Item Is Current Helper (Hyde\Framework\Testing\Unit\NavItemIsCurrentHelper)::Is current using current link with nested current page" class="Hyde\Framework\Testing\Unit\NavItemIsCurrentHelperTest" classname="Hyde.Framework.Testing.Unit.NavItemIsCurrentHelperTest" assertions="1" time="0.003809"/>
        <testcase name="Is current using not current link with nested current page" file="Nav Item Is Current Helper (Hyde\Framework\Testing\Unit\NavItemIsCurrentHelper)::Is current using not current link with nested current page" class="Hyde\Framework\Testing\Unit\NavItemIsCurrentHelperTest" classname="Hyde.Framework.Testing.Unit.NavItemIsCurrentHelperTest" assertions="1" time="0.003795"/>
        <testcase name="Is current when current with nested current page and subject page" file="Nav Item Is Current Helper (Hyde\Framework\Testing\Unit\NavItemIsCurrentHelper)::Is current when current with nested current page and subject page" class="Hyde\Framework\Testing\Unit\NavItemIsCurrentHelperTest" classname="Hyde.Framework.Testing.Unit.NavItemIsCurrentHelperTest" assertions="1" time="0.003820"/>
        <testcase name="Is current when not current with nested current page and subject page" file="Nav Item Is Current Helper (Hyde\Framework\Testing\Unit\NavItemIsCurrentHelper)::Is current when not current with nested current page and subject page" class="Hyde\Framework\Testing\Unit\NavItemIsCurrentHelperTest" classname="Hyde.Framework.Testing.Unit.NavItemIsCurrentHelperTest" assertions="1" time="0.003808"/>
        <testcase name="Is current with nested current page when nested using link item" file="Nav Item Is Current Helper (Hyde\Framework\Testing\Unit\NavItemIsCurrentHelper)::Is current with nested current page when nested using link item" class="Hyde\Framework\Testing\Unit\NavItemIsCurrentHelperTest" classname="Hyde.Framework.Testing.Unit.NavItemIsCurrentHelperTest" assertions="1" time="0.003845"/>
        <testcase name="Is current when current with nested current page when nested using link item" file="Nav Item Is Current Helper (Hyde\Framework\Testing\Unit\NavItemIsCurrentHelper)::Is current when current with nested current page when nested using link item" class="Hyde\Framework\Testing\Unit\NavItemIsCurrentHelperTest" classname="Hyde.Framework.Testing.Unit.NavItemIsCurrentHelperTest" assertions="1" time="0.003833"/>
        <testcase name="Is current with nested current page when very nested using link item" file="Nav Item Is Current Helper (Hyde\Framework\Testing\Unit\NavItemIsCurrentHelper)::Is current with nested current page when very nested using link item" class="Hyde\Framework\Testing\Unit\NavItemIsCurrentHelperTest" classname="Hyde.Framework.Testing.Unit.NavItemIsCurrentHelperTest" assertions="1" time="0.003833"/>
        <testcase name="Is current when current with nested current page when very nested using link item" file="Nav Item Is Current Helper (Hyde\Framework\Testing\Unit\NavItemIsCurrentHelper)::Is current when current with nested current page when very nested using link item" class="Hyde\Framework\Testing\Unit\NavItemIsCurrentHelperTest" classname="Hyde.Framework.Testing.Unit.NavItemIsCurrentHelperTest" assertions="1" time="0.003810"/>
        <testcase name="Is current with nested current page when very differing nested using link item" file="Nav Item Is Current Helper (Hyde\Framework\Testing\Unit\NavItemIsCurrentHelper)::Is current with nested current page when very differing nested using link item" class="Hyde\Framework\Testing\Unit\NavItemIsCurrentHelperTest" classname="Hyde.Framework.Testing.Unit.NavItemIsCurrentHelperTest" assertions="1" time="0.003788"/>
        <testcase name="Is current with nested current page when very differing nested inverse using link item" file="Nav Item Is Current Helper (Hyde\Framework\Testing\Unit\NavItemIsCurrentHelper)::Is current with nested current page when very differing nested inverse using link item" class="Hyde\Framework\Testing\Unit\NavItemIsCurrentHelperTest" classname="Hyde.Framework.Testing.Unit.NavItemIsCurrentHelperTest" assertions="1" time="0.003842"/>
        <testcase name="Is current with nested current page when nested using pretty link item" file="Nav Item Is Current Helper (Hyde\Framework\Testing\Unit\NavItemIsCurrentHelper)::Is current with nested current page when nested using pretty link item" class="Hyde\Framework\Testing\Unit\NavItemIsCurrentHelperTest" classname="Hyde.Framework.Testing.Unit.NavItemIsCurrentHelperTest" assertions="1" time="0.003819"/>
        <testcase name="Is current when current with nested current page when nested using pretty link item" file="Nav Item Is Current Helper (Hyde\Framework\Testing\Unit\NavItemIsCurrentHelper)::Is current when current with nested current page when nested using pretty link item" class="Hyde\Framework\Testing\Unit\NavItemIsCurrentHelperTest" classname="Hyde.Framework.Testing.Unit.NavItemIsCurrentHelperTest" assertions="1" time="0.003826"/>
        <testcase name="Is current with nested current page when very nested using pretty link item" file="Nav Item Is Current Helper (Hyde\Framework\Testing\Unit\NavItemIsCurrentHelper)::Is current with nested current page when very nested using pretty link item" class="Hyde\Framework\Testing\Unit\NavItemIsCurrentHelperTest" classname="Hyde.Framework.Testing.Unit.NavItemIsCurrentHelperTest" assertions="1" time="0.003811"/>
        <testcase name="Is current when current with nested current page when very nested using pretty link item" file="Nav Item Is Current Helper (Hyde\Framework\Testing\Unit\NavItemIsCurrentHelper)::Is current when current with nested current page when very nested using pretty link item" class="Hyde\Framework\Testing\Unit\NavItemIsCurrentHelperTest" classname="Hyde.Framework.Testing.Unit.NavItemIsCurrentHelperTest" assertions="1" time="0.003843"/>
        <testcase name="Is current with nested current page when very differing nested using pretty link item" file="Nav Item Is Current Helper (Hyde\Framework\Testing\Unit\NavItemIsCurrentHelper)::Is current with nested current page when very differing nested using pretty link item" class="Hyde\Framework\Testing\Unit\NavItemIsCurrentHelperTest" classname="Hyde.Framework.Testing.Unit.NavItemIsCurrentHelperTest" assertions="1" time="0.003821"/>
        <testcase name="Is current with nested current page when very differing nested inverse using pretty link item" file="Nav Item Is Current Helper (Hyde\Framework\Testing\Unit\NavItemIsCurrentHelper)::Is current with nested current page when very differing nested inverse using pretty link item" class="Hyde\Framework\Testing\Unit\NavItemIsCurrentHelperTest" classname="Hyde.Framework.Testing.Unit.NavItemIsCurrentHelperTest" assertions="1" time="0.003873"/>
        <testcase name="Is current with absolute link" file="Nav Item Is Current Helper (Hyde\Framework\Testing\Unit\NavItemIsCurrentHelper)::Is current with absolute link" class="Hyde\Framework\Testing\Unit\NavItemIsCurrentHelperTest" classname="Hyde.Framework.Testing.Unit.NavItemIsCurrentHelperTest" assertions="1" time="0.003765"/>
        <testcase name="Is current with nested current page when nested using absolute link item" file="Nav Item Is Current Helper (Hyde\Framework\Testing\Unit\NavItemIsCurrentHelper)::Is current with nested current page when nested using absolute link item" class="Hyde\Framework\Testing\Unit\NavItemIsCurrentHelperTest" classname="Hyde.Framework.Testing.Unit.NavItemIsCurrentHelperTest" assertions="1" time="0.003876"/>
        <testcase name="Is current when current with nested current page when nested using absolute link item" file="Nav Item Is Current Helper (Hyde\Framework\Testing\Unit\NavItemIsCurrentHelper)::Is current when current with nested current page when nested using absolute link item" class="Hyde\Framework\Testing\Unit\NavItemIsCurrentHelperTest" classname="Hyde.Framework.Testing.Unit.NavItemIsCurrentHelperTest" assertions="1" time="0.003849"/>
      </testsuite>
      <testsuite name="Hyde\Framework\Testing\Unit\NavItemTest" file="Nav Item (Hyde\Framework\Testing\Unit\NavItem)" tests="20" assertions="32" errors="0" failures="0" skipped="0" time="0.109558">
        <testcase name="Construct" file="Nav Item (Hyde\Framework\Testing\Unit\NavItem)::Construct" class="Hyde\Framework\Testing\Unit\NavItemTest" classname="Hyde.Framework.Testing.Unit.NavItemTest" assertions="1" time="0.031572"/>
        <testcase name="Get destination" file="Nav Item (Hyde\Framework\Testing\Unit\NavItem)::Get destination" class="Hyde\Framework\Testing\Unit\NavItemTest" classname="Hyde.Framework.Testing.Unit.NavItemTest" assertions="1" time="0.003380"/>
        <testcase name="Get label" file="Nav Item (Hyde\Framework\Testing\Unit\NavItem)::Get label" class="Hyde\Framework\Testing\Unit\NavItemTest" classname="Hyde.Framework.Testing.Unit.NavItemTest" assertions="1" time="0.003371"/>
        <testcase name="Get priority" file="Nav Item (Hyde\Framework\Testing\Unit\NavItem)::Get priority" class="Hyde\Framework\Testing\Unit\NavItemTest" classname="Hyde.Framework.Testing.Unit.NavItemTest" assertions="1" time="0.003394"/>
        <testcase name="Get group" file="Nav Item (Hyde\Framework\Testing\Unit\NavItem)::Get group" class="Hyde\Framework\Testing\Unit\NavItemTest" classname="Hyde.Framework.Testing.Unit.NavItemTest" assertions="1" time="0.003382"/>
        <testcase name="From route" file="Nav Item (Hyde\Framework\Testing\Unit\NavItem)::From route" class="Hyde\Framework\Testing\Unit\NavItemTest" classname="Hyde.Framework.Testing.Unit.NavItemTest" assertions="1" time="0.003369"/>
        <testcase name="To string" file="Nav Item (Hyde\Framework\Testing\Unit\NavItem)::To string" class="Hyde\Framework\Testing\Unit\NavItemTest" classname="Hyde.Framework.Testing.Unit.NavItemTest" assertions="1" time="0.016770"/>
        <testcase name="For link" file="Nav Item (Hyde\Framework\Testing\Unit\NavItem)::For link" class="Hyde\Framework\Testing\Unit\NavItemTest" classname="Hyde.Framework.Testing.Unit.NavItemTest" assertions="3" time="0.002297"/>
        <testcase name="For link with custom priority" file="Nav Item (Hyde\Framework\Testing\Unit\NavItem)::For link with custom priority" class="Hyde\Framework\Testing\Unit\NavItemTest" classname="Hyde.Framework.Testing.Unit.NavItemTest" assertions="1" time="0.002122"/>
        <testcase name="For route" file="Nav Item (Hyde\Framework\Testing\Unit\NavItem)::For route" class="Hyde\Framework\Testing\Unit\NavItemTest" classname="Hyde.Framework.Testing.Unit.NavItemTest" assertions="3" time="0.002937"/>
        <testcase name="For index route" file="Nav Item (Hyde\Framework\Testing\Unit\NavItem)::For index route" class="Hyde\Framework\Testing\Unit\NavItemTest" classname="Hyde.Framework.Testing.Unit.NavItemTest" assertions="3" time="0.002923"/>
        <testcase name="For route with route key" file="Nav Item (Hyde\Framework\Testing\Unit\NavItem)::For route with route key" class="Hyde\Framework\Testing\Unit\NavItemTest" classname="Hyde.Framework.Testing.Unit.NavItemTest" assertions="1" time="0.002982"/>
        <testcase name="For route with missing route key" file="Nav Item (Hyde\Framework\Testing\Unit\NavItem)::For route with missing route key" class="Hyde\Framework\Testing\Unit\NavItemTest" classname="Hyde.Framework.Testing.Unit.NavItemTest" assertions="1" time="0.002228"/>
        <testcase name="For route with custom priority" file="Nav Item (Hyde\Framework\Testing\Unit\NavItem)::For route with custom priority" class="Hyde\Framework\Testing\Unit\NavItemTest" classname="Hyde.Framework.Testing.Unit.NavItemTest" assertions="1" time="0.002752"/>
        <testcase name="Route based nav item destinations are resolved relatively" file="Nav Item (Hyde\Framework\Testing\Unit\NavItem)::Route based nav item destinations are resolved relatively" class="Hyde\Framework\Testing\Unit\NavItemTest" classname="Hyde.Framework.Testing.Unit.NavItemTest" assertions="6" time="0.008079"/>
        <testcase name="Is current" file="Nav Item (Hyde\Framework\Testing\Unit\NavItem)::Is current" class="Hyde\Framework\Testing\Unit\NavItemTest" classname="Hyde.Framework.Testing.Unit.NavItemTest" assertions="2" time="0.004861"/>
        <testcase name="Get group with no group" file="Nav Item (Hyde\Framework\Testing\Unit\NavItem)::Get group with no group" class="Hyde\Framework\Testing\Unit\NavItemTest" classname="Hyde.Framework.Testing.Unit.NavItemTest" assertions="1" time="0.003242"/>
        <testcase name="Get group with group" file="Nav Item (Hyde\Framework\Testing\Unit\NavItem)::Get group with group" class="Hyde\Framework\Testing\Unit\NavItemTest" classname="Hyde.Framework.Testing.Unit.NavItemTest" assertions="1" time="0.003247"/>
        <testcase name="Get group from route with group" file="Nav Item (Hyde\Framework\Testing\Unit\NavItem)::Get group from route with group" class="Hyde\Framework\Testing\Unit\NavItemTest" classname="Hyde.Framework.Testing.Unit.NavItemTest" assertions="1" time="0.003335"/>
        <testcase name="Get group for route with group" file="Nav Item (Hyde\Framework\Testing\Unit\NavItem)::Get group for route with group" class="Hyde\Framework\Testing\Unit\NavItemTest" classname="Hyde.Framework.Testing.Unit.NavItemTest" assertions="1" time="0.003315"/>
      </testsuite>
      <testsuite name="Hyde\Framework\Testing\Unit\NavigationDataFactoryUnitTest" file="Navigation Data Factory Unit (Hyde\Framework\Testing\Unit\NavigationDataFactoryUnit)" tests="10" assertions="24" errors="0" failures="0" skipped="0" time="0.049420">
        <testcase name="Search for priority in navigation config for markdown page with keyed config" file="Navigation Data Factory Unit (Hyde\Framework\Testing\Unit\NavigationDataFactoryUnit)::Search for priority in navigation config for markdown page with keyed config" class="Hyde\Framework\Testing\Unit\NavigationDataFactoryUnitTest" classname="Hyde.Framework.Testing.Unit.NavigationDataFactoryUnitTest" assertions="2" time="0.020935"/>
        <testcase name="Search for priority in navigation config for markdown page with list config" file="Navigation Data Factory Unit (Hyde\Framework\Testing\Unit\NavigationDataFactoryUnit)::Search for priority in navigation config for markdown page with list config" class="Hyde\Framework\Testing\Unit\NavigationDataFactoryUnitTest" classname="Hyde.Framework.Testing.Unit.NavigationDataFactoryUnitTest" assertions="2" time="0.003038"/>
        <testcase name="Search for priority in navigation config for markdown page supports mixing keyed and list config" file="Navigation Data Factory Unit (Hyde\Framework\Testing\Unit\NavigationDataFactoryUnit)::Search for priority in navigation config for markdown page supports mixing keyed and list config" class="Hyde\Framework\Testing\Unit\NavigationDataFactoryUnitTest" classname="Hyde.Framework.Testing.Unit.NavigationDataFactoryUnitTest" assertions="4" time="0.003581"/>
        <testcase name="Search for priority in navigation config for documentation page with list config" file="Navigation Data Factory Unit (Hyde\Framework\Testing\Unit\NavigationDataFactoryUnit)::Search for priority in navigation config for documentation page with list config" class="Hyde\Framework\Testing\Unit\NavigationDataFactoryUnitTest" classname="Hyde.Framework.Testing.Unit.NavigationDataFactoryUnitTest" assertions="2" time="0.003048"/>
        <testcase name="Search for priority in navigation config for documentation page with keyed config" file="Navigation Data Factory Unit (Hyde\Framework\Testing\Unit\NavigationDataFactoryUnit)::Search for priority in navigation config for documentation page with keyed config" class="Hyde\Framework\Testing\Unit\NavigationDataFactoryUnitTest" classname="Hyde.Framework.Testing.Unit.NavigationDataFactoryUnitTest" assertions="4" time="0.003667"/>
        <testcase name="Search for priority in navigation config for documentation page supports mixing keyed and list config" file="Navigation Data Factory Unit (Hyde\Framework\Testing\Unit\NavigationDataFactoryUnit)::Search for priority in navigation config for documentation page supports mixing keyed and list config" class="Hyde\Framework\Testing\Unit\NavigationDataFactoryUnitTest" classname="Hyde.Framework.Testing.Unit.NavigationDataFactoryUnitTest" assertions="4" time="0.003657"/>
        <testcase name="Route keys can be used for documentation sidebar priorities" file="Navigation Data Factory Unit (Hyde\Framework\Testing\Unit\NavigationDataFactoryUnit)::Route keys can be used for documentation sidebar priorities" class="Hyde\Framework\Testing\Unit\NavigationDataFactoryUnitTest" classname="Hyde.Framework.Testing.Unit.NavigationDataFactoryUnitTest" assertions="3" time="0.003380"/>
        <testcase name="Make group uses front matter group if set" file="Navigation Data Factory Unit (Hyde\Framework\Testing\Unit\NavigationDataFactoryUnit)::Make group uses front matter group if set" class="Hyde\Framework\Testing\Unit\NavigationDataFactoryUnitTest" classname="Hyde.Framework.Testing.Unit.NavigationDataFactoryUnitTest" assertions="1" time="0.002635"/>
        <testcase name="Make group uses front matter group if set regardless of subdirectory configuration" file="Navigation Data Factory Unit (Hyde\Framework\Testing\Unit\NavigationDataFactoryUnit)::Make group uses front matter group if set regardless of subdirectory configuration" class="Hyde\Framework\Testing\Unit\NavigationDataFactoryUnitTest" classname="Hyde.Framework.Testing.Unit.NavigationDataFactoryUnitTest" assertions="1" time="0.002732"/>
        <testcase name="Make group defaults to null if front matter group not set and subdirectories not used" file="Navigation Data Factory Unit (Hyde\Framework\Testing\Unit\NavigationDataFactoryUnit)::Make group defaults to null if front matter group not set and subdirectories not used" class="Hyde\Framework\Testing\Unit\NavigationDataFactoryUnitTest" classname="Hyde.Framework.Testing.Unit.NavigationDataFactoryUnitTest" assertions="1" time="0.002745"/>
      </testsuite>
      <testsuite name="Hyde\Framework\Testing\Unit\Pages\BladePageUnitTest" file="Blade Page Unit (Hyde\Framework\Testing\Unit\Pages\BladePageUnit)" tests="32" assertions="32" errors="0" failures="0" skipped="0" time="0.152291">
        <testcase name="Source directory" file="Blade Page Unit (Hyde\Framework\Testing\Unit\Pages\BladePageUnit)::Source directory" class="Hyde\Framework\Testing\Unit\Pages\BladePageUnitTest" classname="Hyde.Framework.Testing.Unit.Pages.BladePageUnitTest" assertions="1" time="0.013498"/>
        <testcase name="Output directory" file="Blade Page Unit (Hyde\Framework\Testing\Unit\Pages\BladePageUnit)::Output directory" class="Hyde\Framework\Testing\Unit\Pages\BladePageUnitTest" classname="Hyde.Framework.Testing.Unit.Pages.BladePageUnitTest" assertions="1" time="0.003202"/>
        <testcase name="Base route key" file="Blade Page Unit (Hyde\Framework\Testing\Unit\Pages\BladePageUnit)::Base route key" class="Hyde\Framework\Testing\Unit\Pages\BladePageUnitTest" classname="Hyde.Framework.Testing.Unit.Pages.BladePageUnitTest" assertions="1" time="0.003144"/>
        <testcase name="File extension" file="Blade Page Unit (Hyde\Framework\Testing\Unit\Pages\BladePageUnit)::File extension" class="Hyde\Framework\Testing\Unit\Pages\BladePageUnitTest" classname="Hyde.Framework.Testing.Unit.Pages.BladePageUnitTest" assertions="1" time="0.003158"/>
        <testcase name="Source path" file="Blade Page Unit (Hyde\Framework\Testing\Unit\Pages\BladePageUnit)::Source path" class="Hyde\Framework\Testing\Unit\Pages\BladePageUnitTest" classname="Hyde.Framework.Testing.Unit.Pages.BladePageUnitTest" assertions="1" time="0.003227"/>
        <testcase name="Output path" file="Blade Page Unit (Hyde\Framework\Testing\Unit\Pages\BladePageUnit)::Output path" class="Hyde\Framework\Testing\Unit\Pages\BladePageUnitTest" classname="Hyde.Framework.Testing.Unit.Pages.BladePageUnitTest" assertions="1" time="0.003229"/>
        <testcase name="Path" file="Blade Page Unit (Hyde\Framework\Testing\Unit\Pages\BladePageUnit)::Path" class="Hyde\Framework\Testing\Unit\Pages\BladePageUnitTest" classname="Hyde.Framework.Testing.Unit.Pages.BladePageUnitTest" assertions="1" time="0.003309"/>
        <testcase name="Get source path" file="Blade Page Unit (Hyde\Framework\Testing\Unit\Pages\BladePageUnit)::Get source path" class="Hyde\Framework\Testing\Unit\Pages\BladePageUnitTest" classname="Hyde.Framework.Testing.Unit.Pages.BladePageUnitTest" assertions="1" time="0.004348"/>
        <testcase name="Get output path" file="Blade Page Unit (Hyde\Framework\Testing\Unit\Pages\BladePageUnit)::Get output path" class="Hyde\Framework\Testing\Unit\Pages\BladePageUnitTest" classname="Hyde.Framework.Testing.Unit.Pages.BladePageUnitTest" assertions="1" time="0.004196"/>
        <testcase name="Get link" file="Blade Page Unit (Hyde\Framework\Testing\Unit\Pages\BladePageUnit)::Get link" class="Hyde\Framework\Testing\Unit\Pages\BladePageUnitTest" classname="Hyde.Framework.Testing.Unit.Pages.BladePageUnitTest" assertions="1" time="0.004224"/>
        <testcase name="Make" file="Blade Page Unit (Hyde\Framework\Testing\Unit\Pages\BladePageUnit)::Make" class="Hyde\Framework\Testing\Unit\Pages\BladePageUnitTest" classname="Hyde.Framework.Testing.Unit.Pages.BladePageUnitTest" assertions="1" time="0.004825"/>
        <testcase name="Make with data" file="Blade Page Unit (Hyde\Framework\Testing\Unit\Pages\BladePageUnit)::Make with data" class="Hyde\Framework\Testing\Unit\Pages\BladePageUnitTest" classname="Hyde.Framework.Testing.Unit.Pages.BladePageUnitTest" assertions="1" time="0.005336"/>
        <testcase name="Show in navigation" file="Blade Page Unit (Hyde\Framework\Testing\Unit\Pages\BladePageUnit)::Show in navigation" class="Hyde\Framework\Testing\Unit\Pages\BladePageUnitTest" classname="Hyde.Framework.Testing.Unit.Pages.BladePageUnitTest" assertions="1" time="0.004022"/>
        <testcase name="Navigation menu priority" file="Blade Page Unit (Hyde\Framework\Testing\Unit\Pages\BladePageUnit)::Navigation menu priority" class="Hyde\Framework\Testing\Unit\Pages\BladePageUnitTest" classname="Hyde.Framework.Testing.Unit.Pages.BladePageUnitTest" assertions="1" time="0.004082"/>
        <testcase name="Navigation menu label" file="Blade Page Unit (Hyde\Framework\Testing\Unit\Pages\BladePageUnit)::Navigation menu label" class="Hyde\Framework\Testing\Unit\Pages\BladePageUnitTest" classname="Hyde.Framework.Testing.Unit.Pages.BladePageUnitTest" assertions="1" time="0.004280"/>
        <testcase name="Navigation menu group" file="Blade Page Unit (Hyde\Framework\Testing\Unit\Pages\BladePageUnit)::Navigation menu group" class="Hyde\Framework\Testing\Unit\Pages\BladePageUnitTest" classname="Hyde.Framework.Testing.Unit.Pages.BladePageUnitTest" assertions="1" time="0.004227"/>
        <testcase name="Get blade view" file="Blade Page Unit (Hyde\Framework\Testing\Unit\Pages\BladePageUnit)::Get blade view" class="Hyde\Framework\Testing\Unit\Pages\BladePageUnitTest" classname="Hyde.Framework.Testing.Unit.Pages.BladePageUnitTest" assertions="1" time="0.004250"/>
        <testcase name="Files" file="Blade Page Unit (Hyde\Framework\Testing\Unit\Pages\BladePageUnit)::Files" class="Hyde\Framework\Testing\Unit\Pages\BladePageUnitTest" classname="Hyde.Framework.Testing.Unit.Pages.BladePageUnitTest" assertions="1" time="0.006959"/>
        <testcase name="Data" file="Blade Page Unit (Hyde\Framework\Testing\Unit\Pages\BladePageUnit)::Data" class="Hyde\Framework\Testing\Unit\Pages\BladePageUnitTest" classname="Hyde.Framework.Testing.Unit.Pages.BladePageUnitTest" assertions="1" time="0.004225"/>
        <testcase name="Get" file="Blade Page Unit (Hyde\Framework\Testing\Unit\Pages\BladePageUnit)::Get" class="Hyde\Framework\Testing\Unit\Pages\BladePageUnitTest" classname="Hyde.Framework.Testing.Unit.Pages.BladePageUnitTest" assertions="1" time="0.008618"/>
        <testcase name="Parse" file="Blade Page Unit (Hyde\Framework\Testing\Unit\Pages\BladePageUnit)::Parse" class="Hyde\Framework\Testing\Unit\Pages\BladePageUnitTest" classname="Hyde.Framework.Testing.Unit.Pages.BladePageUnitTest" assertions="1" time="0.004693"/>
        <testcase name="Get route key" file="Blade Page Unit (Hyde\Framework\Testing\Unit\Pages\BladePageUnit)::Get route key" class="Hyde\Framework\Testing\Unit\Pages\BladePageUnitTest" classname="Hyde.Framework.Testing.Unit.Pages.BladePageUnitTest" assertions="1" time="0.004213"/>
        <testcase name="Title" file="Blade Page Unit (Hyde\Framework\Testing\Unit\Pages\BladePageUnit)::Title" class="Hyde\Framework\Testing\Unit\Pages\BladePageUnitTest" classname="Hyde.Framework.Testing.Unit.Pages.BladePageUnitTest" assertions="1" time="0.004237"/>
        <testcase name="All" file="Blade Page Unit (Hyde\Framework\Testing\Unit\Pages\BladePageUnit)::All" class="Hyde\Framework\Testing\Unit\Pages\BladePageUnitTest" classname="Hyde.Framework.Testing.Unit.Pages.BladePageUnitTest" assertions="1" time="0.006518"/>
        <testcase name="Metadata" file="Blade Page Unit (Hyde\Framework\Testing\Unit\Pages\BladePageUnit)::Metadata" class="Hyde\Framework\Testing\Unit\Pages\BladePageUnitTest" classname="Hyde.Framework.Testing.Unit.Pages.BladePageUnitTest" assertions="1" time="0.004024"/>
        <testcase name="Construct" file="Blade Page Unit (Hyde\Framework\Testing\Unit\Pages\BladePageUnit)::Construct" class="Hyde\Framework\Testing\Unit\Pages\BladePageUnitTest" classname="Hyde.Framework.Testing.Unit.Pages.BladePageUnitTest" assertions="1" time="0.004010"/>
        <testcase name="Get route" file="Blade Page Unit (Hyde\Framework\Testing\Unit\Pages\BladePageUnit)::Get route" class="Hyde\Framework\Testing\Unit\Pages\BladePageUnitTest" classname="Hyde.Framework.Testing.Unit.Pages.BladePageUnitTest" assertions="1" time="0.006802"/>
        <testcase name="Get identifier" file="Blade Page Unit (Hyde\Framework\Testing\Unit\Pages\BladePageUnit)::Get identifier" class="Hyde\Framework\Testing\Unit\Pages\BladePageUnitTest" classname="Hyde.Framework.Testing.Unit.Pages.BladePageUnitTest" assertions="1" time="0.004230"/>
        <testcase name="Has" file="Blade Page Unit (Hyde\Framework\Testing\Unit\Pages\BladePageUnit)::Has" class="Hyde\Framework\Testing\Unit\Pages\BladePageUnitTest" classname="Hyde.Framework.Testing.Unit.Pages.BladePageUnitTest" assertions="1" time="0.004515"/>
        <testcase name="To core data object" file="Blade Page Unit (Hyde\Framework\Testing\Unit\Pages\BladePageUnit)::To core data object" class="Hyde\Framework\Testing\Unit\Pages\BladePageUnitTest" classname="Hyde.Framework.Testing.Unit.Pages.BladePageUnitTest" assertions="1" time="0.004228"/>
        <testcase name="Compile" file="Blade Page Unit (Hyde\Framework\Testing\Unit\Pages\BladePageUnit)::Compile" class="Hyde\Framework\Testing\Unit\Pages\BladePageUnitTest" classname="Hyde.Framework.Testing.Unit.Pages.BladePageUnitTest" assertions="1" time="0.004292"/>
        <testcase name="Matter" file="Blade Page Unit (Hyde\Framework\Testing\Unit\Pages\BladePageUnit)::Matter" class="Hyde\Framework\Testing\Unit\Pages\BladePageUnitTest" classname="Hyde.Framework.Testing.Unit.Pages.BladePageUnitTest" assertions="1" time="0.004170"/>
      </testsuite>
      <testsuite name="Hyde\Framework\Testing\Unit\Pages\DocumentationPageUnitTest" file="Documentation Page Unit (Hyde\Framework\Testing\Unit\Pages\DocumentationPageUnit)" tests="35" assertions="36" errors="0" failures="0" skipped="0" time="0.192489">
        <testcase name="Source directory" file="Documentation Page Unit (Hyde\Framework\Testing\Unit\Pages\DocumentationPageUnit)::Source directory" class="Hyde\Framework\Testing\Unit\Pages\DocumentationPageUnitTest" classname="Hyde.Framework.Testing.Unit.Pages.DocumentationPageUnitTest" assertions="1" time="0.033954"/>
        <testcase name="Output directory" file="Documentation Page Unit (Hyde\Framework\Testing\Unit\Pages\DocumentationPageUnit)::Output directory" class="Hyde\Framework\Testing\Unit\Pages\DocumentationPageUnitTest" classname="Hyde.Framework.Testing.Unit.Pages.DocumentationPageUnitTest" assertions="1" time="0.003166"/>
        <testcase name="Base route key" file="Documentation Page Unit (Hyde\Framework\Testing\Unit\Pages\DocumentationPageUnit)::Base route key" class="Hyde\Framework\Testing\Unit\Pages\DocumentationPageUnitTest" classname="Hyde.Framework.Testing.Unit.Pages.DocumentationPageUnitTest" assertions="1" time="0.003179"/>
        <testcase name="File extension" file="Documentation Page Unit (Hyde\Framework\Testing\Unit\Pages\DocumentationPageUnit)::File extension" class="Hyde\Framework\Testing\Unit\Pages\DocumentationPageUnitTest" classname="Hyde.Framework.Testing.Unit.Pages.DocumentationPageUnitTest" assertions="1" time="0.003152"/>
        <testcase name="Source path" file="Documentation Page Unit (Hyde\Framework\Testing\Unit\Pages\DocumentationPageUnit)::Source path" class="Hyde\Framework\Testing\Unit\Pages\DocumentationPageUnitTest" classname="Hyde.Framework.Testing.Unit.Pages.DocumentationPageUnitTest" assertions="1" time="0.003275"/>
        <testcase name="Output path" file="Documentation Page Unit (Hyde\Framework\Testing\Unit\Pages\DocumentationPageUnit)::Output path" class="Hyde\Framework\Testing\Unit\Pages\DocumentationPageUnitTest" classname="Hyde.Framework.Testing.Unit.Pages.DocumentationPageUnitTest" assertions="1" time="0.003247"/>
        <testcase name="Path" file="Documentation Page Unit (Hyde\Framework\Testing\Unit\Pages\DocumentationPageUnit)::Path" class="Hyde\Framework\Testing\Unit\Pages\DocumentationPageUnitTest" classname="Hyde.Framework.Testing.Unit.Pages.DocumentationPageUnitTest" assertions="1" time="0.003326"/>
        <testcase name="Get source path" file="Documentation Page Unit (Hyde\Framework\Testing\Unit\Pages\DocumentationPageUnit)::Get source path" class="Hyde\Framework\Testing\Unit\Pages\DocumentationPageUnitTest" classname="Hyde.Framework.Testing.Unit.Pages.DocumentationPageUnitTest" assertions="1" time="0.004417"/>
        <testcase name="Get output path" file="Documentation Page Unit (Hyde\Framework\Testing\Unit\Pages\DocumentationPageUnit)::Get output path" class="Hyde\Framework\Testing\Unit\Pages\DocumentationPageUnitTest" classname="Hyde.Framework.Testing.Unit.Pages.DocumentationPageUnitTest" assertions="1" time="0.004359"/>
        <testcase name="Get link" file="Documentation Page Unit (Hyde\Framework\Testing\Unit\Pages\DocumentationPageUnit)::Get link" class="Hyde\Framework\Testing\Unit\Pages\DocumentationPageUnitTest" classname="Hyde.Framework.Testing.Unit.Pages.DocumentationPageUnitTest" assertions="1" time="0.004309"/>
        <testcase name="Make" file="Documentation Page Unit (Hyde\Framework\Testing\Unit\Pages\DocumentationPageUnit)::Make" class="Hyde\Framework\Testing\Unit\Pages\DocumentationPageUnitTest" classname="Hyde.Framework.Testing.Unit.Pages.DocumentationPageUnitTest" assertions="1" time="0.004974"/>
        <testcase name="Make with data" file="Documentation Page Unit (Hyde\Framework\Testing\Unit\Pages\DocumentationPageUnit)::Make with data" class="Hyde\Framework\Testing\Unit\Pages\DocumentationPageUnitTest" classname="Hyde.Framework.Testing.Unit.Pages.DocumentationPageUnitTest" assertions="1" time="0.005496"/>
        <testcase name="Show in navigation" file="Documentation Page Unit (Hyde\Framework\Testing\Unit\Pages\DocumentationPageUnit)::Show in navigation" class="Hyde\Framework\Testing\Unit\Pages\DocumentationPageUnitTest" classname="Hyde.Framework.Testing.Unit.Pages.DocumentationPageUnitTest" assertions="1" time="0.004086"/>
        <testcase name="Navigation menu priority" file="Documentation Page Unit (Hyde\Framework\Testing\Unit\Pages\DocumentationPageUnit)::Navigation menu priority" class="Hyde\Framework\Testing\Unit\Pages\DocumentationPageUnitTest" classname="Hyde.Framework.Testing.Unit.Pages.DocumentationPageUnitTest" assertions="1" time="0.004118"/>
        <testcase name="Navigation menu label" file="Documentation Page Unit (Hyde\Framework\Testing\Unit\Pages\DocumentationPageUnit)::Navigation menu label" class="Hyde\Framework\Testing\Unit\Pages\DocumentationPageUnitTest" classname="Hyde.Framework.Testing.Unit.Pages.DocumentationPageUnitTest" assertions="1" time="0.004318"/>
        <testcase name="Navigation menu group" file="Documentation Page Unit (Hyde\Framework\Testing\Unit\Pages\DocumentationPageUnit)::Navigation menu group" class="Hyde\Framework\Testing\Unit\Pages\DocumentationPageUnitTest" classname="Hyde.Framework.Testing.Unit.Pages.DocumentationPageUnitTest" assertions="1" time="0.004296"/>
        <testcase name="Navigation menu group with data" file="Documentation Page Unit (Hyde\Framework\Testing\Unit\Pages\DocumentationPageUnit)::Navigation menu group with data" class="Hyde\Framework\Testing\Unit\Pages\DocumentationPageUnitTest" classname="Hyde.Framework.Testing.Unit.Pages.DocumentationPageUnitTest" assertions="1" time="0.004121"/>
        <testcase name="Get blade view" file="Documentation Page Unit (Hyde\Framework\Testing\Unit\Pages\DocumentationPageUnit)::Get blade view" class="Hyde\Framework\Testing\Unit\Pages\DocumentationPageUnitTest" classname="Hyde.Framework.Testing.Unit.Pages.DocumentationPageUnitTest" assertions="1" time="0.004321"/>
        <testcase name="Files" file="Documentation Page Unit (Hyde\Framework\Testing\Unit\Pages\DocumentationPageUnit)::Files" class="Hyde\Framework\Testing\Unit\Pages\DocumentationPageUnitTest" classname="Hyde.Framework.Testing.Unit.Pages.DocumentationPageUnitTest" assertions="1" time="0.006737"/>
        <testcase name="Data" file="Documentation Page Unit (Hyde\Framework\Testing\Unit\Pages\DocumentationPageUnit)::Data" class="Hyde\Framework\Testing\Unit\Pages\DocumentationPageUnitTest" classname="Hyde.Framework.Testing.Unit.Pages.DocumentationPageUnitTest" assertions="1" time="0.004258"/>
        <testcase name="Get" file="Documentation Page Unit (Hyde\Framework\Testing\Unit\Pages\DocumentationPageUnit)::Get" class="Hyde\Framework\Testing\Unit\Pages\DocumentationPageUnitTest" classname="Hyde.Framework.Testing.Unit.Pages.DocumentationPageUnitTest" assertions="1" time="0.008898"/>
        <testcase name="Parse" file="Documentation Page Unit (Hyde\Framework\Testing\Unit\Pages\DocumentationPageUnit)::Parse" class="Hyde\Framework\Testing\Unit\Pages\DocumentationPageUnitTest" classname="Hyde.Framework.Testing.Unit.Pages.DocumentationPageUnitTest" assertions="1" time="0.005154"/>
        <testcase name="Get route key" file="Documentation Page Unit (Hyde\Framework\Testing\Unit\Pages\DocumentationPageUnit)::Get route key" class="Hyde\Framework\Testing\Unit\Pages\DocumentationPageUnitTest" classname="Hyde.Framework.Testing.Unit.Pages.DocumentationPageUnitTest" assertions="1" time="0.004284"/>
        <testcase name="Title" file="Documentation Page Unit (Hyde\Framework\Testing\Unit\Pages\DocumentationPageUnit)::Title" class="Hyde\Framework\Testing\Unit\Pages\DocumentationPageUnitTest" classname="Hyde.Framework.Testing.Unit.Pages.DocumentationPageUnitTest" assertions="1" time="0.004262"/>
        <testcase name="All" file="Documentation Page Unit (Hyde\Framework\Testing\Unit\Pages\DocumentationPageUnit)::All" class="Hyde\Framework\Testing\Unit\Pages\DocumentationPageUnitTest" classname="Hyde.Framework.Testing.Unit.Pages.DocumentationPageUnitTest" assertions="1" time="0.006500"/>
        <testcase name="Metadata" file="Documentation Page Unit (Hyde\Framework\Testing\Unit\Pages\DocumentationPageUnit)::Metadata" class="Hyde\Framework\Testing\Unit\Pages\DocumentationPageUnitTest" classname="Hyde.Framework.Testing.Unit.Pages.DocumentationPageUnitTest" assertions="1" time="0.004063"/>
        <testcase name="Construct" file="Documentation Page Unit (Hyde\Framework\Testing\Unit\Pages\DocumentationPageUnit)::Construct" class="Hyde\Framework\Testing\Unit\Pages\DocumentationPageUnitTest" classname="Hyde.Framework.Testing.Unit.Pages.DocumentationPageUnitTest" assertions="1" time="0.004081"/>
        <testcase name="Get route" file="Documentation Page Unit (Hyde\Framework\Testing\Unit\Pages\DocumentationPageUnit)::Get route" class="Hyde\Framework\Testing\Unit\Pages\DocumentationPageUnitTest" classname="Hyde.Framework.Testing.Unit.Pages.DocumentationPageUnitTest" assertions="1" time="0.006946"/>
        <testcase name="Get identifier" file="Documentation Page Unit (Hyde\Framework\Testing\Unit\Pages\DocumentationPageUnit)::Get identifier" class="Hyde\Framework\Testing\Unit\Pages\DocumentationPageUnitTest" classname="Hyde.Framework.Testing.Unit.Pages.DocumentationPageUnitTest" assertions="1" time="0.004296"/>
        <testcase name="Has" file="Documentation Page Unit (Hyde\Framework\Testing\Unit\Pages\DocumentationPageUnit)::Has" class="Hyde\Framework\Testing\Unit\Pages\DocumentationPageUnitTest" classname="Hyde.Framework.Testing.Unit.Pages.DocumentationPageUnitTest" assertions="1" time="0.004299"/>
        <testcase name="To core data object" file="Documentation Page Unit (Hyde\Framework\Testing\Unit\Pages\DocumentationPageUnit)::To core data object" class="Hyde\Framework\Testing\Unit\Pages\DocumentationPageUnitTest" classname="Hyde.Framework.Testing.Unit.Pages.DocumentationPageUnitTest" assertions="1" time="0.004274"/>
        <testcase name="Compile" file="Documentation Page Unit (Hyde\Framework\Testing\Unit\Pages\DocumentationPageUnit)::Compile" class="Hyde\Framework\Testing\Unit\Pages\DocumentationPageUnitTest" classname="Hyde.Framework.Testing.Unit.Pages.DocumentationPageUnitTest" assertions="1" time="0.008863"/>
        <testcase name="Matter" file="Documentation Page Unit (Hyde\Framework\Testing\Unit\Pages\DocumentationPageUnit)::Matter" class="Hyde\Framework\Testing\Unit\Pages\DocumentationPageUnitTest" classname="Hyde.Framework.Testing.Unit.Pages.DocumentationPageUnitTest" assertions="1" time="0.004242"/>
        <testcase name="Markdown" file="Documentation Page Unit (Hyde\Framework\Testing\Unit\Pages\DocumentationPageUnit)::Markdown" class="Hyde\Framework\Testing\Unit\Pages\DocumentationPageUnitTest" classname="Hyde.Framework.Testing.Unit.Pages.DocumentationPageUnitTest" assertions="1" time="0.004216"/>
        <testcase name="Save" file="Documentation Page Unit (Hyde\Framework\Testing\Unit\Pages\DocumentationPageUnit)::Save" class="Hyde\Framework\Testing\Unit\Pages\DocumentationPageUnitTest" classname="Hyde.Framework.Testing.Unit.Pages.DocumentationPageUnitTest" assertions="2" time="0.005004"/>
      </testsuite>
      <testsuite name="Hyde\Framework\Testing\Unit\Pages\HtmlPageTest" file="Html Page (Hyde\Framework\Testing\Unit\Pages\HtmlPage)" tests="2" assertions="3" errors="0" failures="0" skipped="0" time="0.078339">
        <testcase name="Html page can be compiled" file="Html Page (Hyde\Framework\Testing\Unit\Pages\HtmlPage)::Html page can be compiled" class="Hyde\Framework\Testing\Unit\Pages\HtmlPageTest" classname="Hyde.Framework.Testing.Unit.Pages.HtmlPageTest" assertions="2" time="0.057556"/>
        <testcase name="Compile method uses contents" file="Html Page (Hyde\Framework\Testing\Unit\Pages\HtmlPage)::Compile method uses contents" class="Hyde\Framework\Testing\Unit\Pages\HtmlPageTest" classname="Hyde.Framework.Testing.Unit.Pages.HtmlPageTest" assertions="1" time="0.020783"/>
      </testsuite>
      <testsuite name="Hyde\Framework\Testing\Unit\Pages\HtmlPageUnitTest" file="Html Page Unit (Hyde\Framework\Testing\Unit\Pages\HtmlPageUnit)" tests="32" assertions="32" errors="0" failures="0" skipped="0" time="0.157295">
        <testcase name="Source directory" file="Html Page Unit (Hyde\Framework\Testing\Unit\Pages\HtmlPageUnit)::Source directory" class="Hyde\Framework\Testing\Unit\Pages\HtmlPageUnitTest" classname="Hyde.Framework.Testing.Unit.Pages.HtmlPageUnitTest" assertions="1" time="0.006069"/>
        <testcase name="Output directory" file="Html Page Unit (Hyde\Framework\Testing\Unit\Pages\HtmlPageUnit)::Output directory" class="Hyde\Framework\Testing\Unit\Pages\HtmlPageUnitTest" classname="Hyde.Framework.Testing.Unit.Pages.HtmlPageUnitTest" assertions="1" time="0.003167"/>
        <testcase name="Base route key" file="Html Page Unit (Hyde\Framework\Testing\Unit\Pages\HtmlPageUnit)::Base route key" class="Hyde\Framework\Testing\Unit\Pages\HtmlPageUnitTest" classname="Hyde.Framework.Testing.Unit.Pages.HtmlPageUnitTest" assertions="1" time="0.003148"/>
        <testcase name="File extension" file="Html Page Unit (Hyde\Framework\Testing\Unit\Pages\HtmlPageUnit)::File extension" class="Hyde\Framework\Testing\Unit\Pages\HtmlPageUnitTest" classname="Hyde.Framework.Testing.Unit.Pages.HtmlPageUnitTest" assertions="1" time="0.003139"/>
        <testcase name="Source path" file="Html Page Unit (Hyde\Framework\Testing\Unit\Pages\HtmlPageUnit)::Source path" class="Hyde\Framework\Testing\Unit\Pages\HtmlPageUnitTest" classname="Hyde.Framework.Testing.Unit.Pages.HtmlPageUnitTest" assertions="1" time="0.003159"/>
        <testcase name="Output path" file="Html Page Unit (Hyde\Framework\Testing\Unit\Pages\HtmlPageUnit)::Output path" class="Hyde\Framework\Testing\Unit\Pages\HtmlPageUnitTest" classname="Hyde.Framework.Testing.Unit.Pages.HtmlPageUnitTest" assertions="1" time="0.003182"/>
        <testcase name="Path" file="Html Page Unit (Hyde\Framework\Testing\Unit\Pages\HtmlPageUnit)::Path" class="Hyde\Framework\Testing\Unit\Pages\HtmlPageUnitTest" classname="Hyde.Framework.Testing.Unit.Pages.HtmlPageUnitTest" assertions="1" time="0.003297"/>
        <testcase name="Get source path" file="Html Page Unit (Hyde\Framework\Testing\Unit\Pages\HtmlPageUnit)::Get source path" class="Hyde\Framework\Testing\Unit\Pages\HtmlPageUnitTest" classname="Hyde.Framework.Testing.Unit.Pages.HtmlPageUnitTest" assertions="1" time="0.004132"/>
        <testcase name="Get output path" file="Html Page Unit (Hyde\Framework\Testing\Unit\Pages\HtmlPageUnit)::Get output path" class="Hyde\Framework\Testing\Unit\Pages\HtmlPageUnitTest" classname="Hyde.Framework.Testing.Unit.Pages.HtmlPageUnitTest" assertions="1" time="0.004138"/>
        <testcase name="Get link" file="Html Page Unit (Hyde\Framework\Testing\Unit\Pages\HtmlPageUnit)::Get link" class="Hyde\Framework\Testing\Unit\Pages\HtmlPageUnitTest" classname="Hyde.Framework.Testing.Unit.Pages.HtmlPageUnitTest" assertions="1" time="0.004168"/>
        <testcase name="Make" file="Html Page Unit (Hyde\Framework\Testing\Unit\Pages\HtmlPageUnit)::Make" class="Hyde\Framework\Testing\Unit\Pages\HtmlPageUnitTest" classname="Hyde.Framework.Testing.Unit.Pages.HtmlPageUnitTest" assertions="1" time="0.004790"/>
        <testcase name="Make with data" file="Html Page Unit (Hyde\Framework\Testing\Unit\Pages\HtmlPageUnit)::Make with data" class="Hyde\Framework\Testing\Unit\Pages\HtmlPageUnitTest" classname="Hyde.Framework.Testing.Unit.Pages.HtmlPageUnitTest" assertions="1" time="0.005228"/>
        <testcase name="Show in navigation" file="Html Page Unit (Hyde\Framework\Testing\Unit\Pages\HtmlPageUnit)::Show in navigation" class="Hyde\Framework\Testing\Unit\Pages\HtmlPageUnitTest" classname="Hyde.Framework.Testing.Unit.Pages.HtmlPageUnitTest" assertions="1" time="0.003991"/>
        <testcase name="Navigation menu priority" file="Html Page Unit (Hyde\Framework\Testing\Unit\Pages\HtmlPageUnit)::Navigation menu priority" class="Hyde\Framework\Testing\Unit\Pages\HtmlPageUnitTest" classname="Hyde.Framework.Testing.Unit.Pages.HtmlPageUnitTest" assertions="1" time="0.004022"/>
        <testcase name="Navigation menu label" file="Html Page Unit (Hyde\Framework\Testing\Unit\Pages\HtmlPageUnit)::Navigation menu label" class="Hyde\Framework\Testing\Unit\Pages\HtmlPageUnitTest" classname="Hyde.Framework.Testing.Unit.Pages.HtmlPageUnitTest" assertions="1" time="0.004211"/>
        <testcase name="Navigation menu group" file="Html Page Unit (Hyde\Framework\Testing\Unit\Pages\HtmlPageUnit)::Navigation menu group" class="Hyde\Framework\Testing\Unit\Pages\HtmlPageUnitTest" classname="Hyde.Framework.Testing.Unit.Pages.HtmlPageUnitTest" assertions="1" time="0.004183"/>
        <testcase name="Get blade view" file="Html Page Unit (Hyde\Framework\Testing\Unit\Pages\HtmlPageUnit)::Get blade view" class="Hyde\Framework\Testing\Unit\Pages\HtmlPageUnitTest" classname="Hyde.Framework.Testing.Unit.Pages.HtmlPageUnitTest" assertions="1" time="0.004219"/>
        <testcase name="Files" file="Html Page Unit (Hyde\Framework\Testing\Unit\Pages\HtmlPageUnit)::Files" class="Hyde\Framework\Testing\Unit\Pages\HtmlPageUnitTest" classname="Hyde.Framework.Testing.Unit.Pages.HtmlPageUnitTest" assertions="1" time="0.006776"/>
        <testcase name="Data" file="Html Page Unit (Hyde\Framework\Testing\Unit\Pages\HtmlPageUnit)::Data" class="Hyde\Framework\Testing\Unit\Pages\HtmlPageUnitTest" classname="Hyde.Framework.Testing.Unit.Pages.HtmlPageUnitTest" assertions="1" time="0.004216"/>
        <testcase name="Get" file="Html Page Unit (Hyde\Framework\Testing\Unit\Pages\HtmlPageUnit)::Get" class="Hyde\Framework\Testing\Unit\Pages\HtmlPageUnitTest" classname="Hyde.Framework.Testing.Unit.Pages.HtmlPageUnitTest" assertions="1" time="0.008482"/>
        <testcase name="Parse" file="Html Page Unit (Hyde\Framework\Testing\Unit\Pages\HtmlPageUnit)::Parse" class="Hyde\Framework\Testing\Unit\Pages\HtmlPageUnitTest" classname="Hyde.Framework.Testing.Unit.Pages.HtmlPageUnitTest" assertions="1" time="0.004848"/>
        <testcase name="Get route key" file="Html Page Unit (Hyde\Framework\Testing\Unit\Pages\HtmlPageUnit)::Get route key" class="Hyde\Framework\Testing\Unit\Pages\HtmlPageUnitTest" classname="Hyde.Framework.Testing.Unit.Pages.HtmlPageUnitTest" assertions="1" time="0.004203"/>
        <testcase name="Title" file="Html Page Unit (Hyde\Framework\Testing\Unit\Pages\HtmlPageUnit)::Title" class="Hyde\Framework\Testing\Unit\Pages\HtmlPageUnitTest" classname="Hyde.Framework.Testing.Unit.Pages.HtmlPageUnitTest" assertions="1" time="0.004194"/>
        <testcase name="All" file="Html Page Unit (Hyde\Framework\Testing\Unit\Pages\HtmlPageUnit)::All" class="Hyde\Framework\Testing\Unit\Pages\HtmlPageUnitTest" classname="Hyde.Framework.Testing.Unit.Pages.HtmlPageUnitTest" assertions="1" time="0.006532"/>
        <testcase name="Metadata" file="Html Page Unit (Hyde\Framework\Testing\Unit\Pages\HtmlPageUnit)::Metadata" class="Hyde\Framework\Testing\Unit\Pages\HtmlPageUnitTest" classname="Hyde.Framework.Testing.Unit.Pages.HtmlPageUnitTest" assertions="1" time="0.014196"/>
        <testcase name="Construct" file="Html Page Unit (Hyde\Framework\Testing\Unit\Pages\HtmlPageUnit)::Construct" class="Hyde\Framework\Testing\Unit\Pages\HtmlPageUnitTest" classname="Hyde.Framework.Testing.Unit.Pages.HtmlPageUnitTest" assertions="1" time="0.004025"/>
        <testcase name="Get route" file="Html Page Unit (Hyde\Framework\Testing\Unit\Pages\HtmlPageUnit)::Get route" class="Hyde\Framework\Testing\Unit\Pages\HtmlPageUnitTest" classname="Hyde.Framework.Testing.Unit.Pages.HtmlPageUnitTest" assertions="1" time="0.006774"/>
        <testcase name="Get identifier" file="Html Page Unit (Hyde\Framework\Testing\Unit\Pages\HtmlPageUnit)::Get identifier" class="Hyde\Framework\Testing\Unit\Pages\HtmlPageUnitTest" classname="Hyde.Framework.Testing.Unit.Pages.HtmlPageUnitTest" assertions="1" time="0.004196"/>
        <testcase name="Has" file="Html Page Unit (Hyde\Framework\Testing\Unit\Pages\HtmlPageUnit)::Has" class="Hyde\Framework\Testing\Unit\Pages\HtmlPageUnitTest" classname="Hyde.Framework.Testing.Unit.Pages.HtmlPageUnitTest" assertions="1" time="0.004173"/>
        <testcase name="To core data object" file="Html Page Unit (Hyde\Framework\Testing\Unit\Pages\HtmlPageUnit)::To core data object" class="Hyde\Framework\Testing\Unit\Pages\HtmlPageUnitTest" classname="Hyde.Framework.Testing.Unit.Pages.HtmlPageUnitTest" assertions="1" time="0.004168"/>
        <testcase name="Compile" file="Html Page Unit (Hyde\Framework\Testing\Unit\Pages\HtmlPageUnit)::Compile" class="Hyde\Framework\Testing\Unit\Pages\HtmlPageUnitTest" classname="Hyde.Framework.Testing.Unit.Pages.HtmlPageUnitTest" assertions="1" time="0.008122"/>
        <testcase name="Matter" file="Html Page Unit (Hyde\Framework\Testing\Unit\Pages\HtmlPageUnit)::Matter" class="Hyde\Framework\Testing\Unit\Pages\HtmlPageUnitTest" classname="Hyde.Framework.Testing.Unit.Pages.HtmlPageUnitTest" assertions="1" time="0.004147"/>
      </testsuite>
      <testsuite name="Hyde\Framework\Testing\Unit\Pages\InMemoryPageTest" file="In Memory Page (Hyde\Framework\Testing\Unit\Pages\InMemoryPage)" tests="16" assertions="19" errors="0" failures="0" skipped="0" time="0.360863">
        <testcase name="Construct with contents string" file="In Memory Page (Hyde\Framework\Testing\Unit\Pages\InMemoryPage)::Construct with contents string" class="Hyde\Framework\Testing\Unit\Pages\InMemoryPageTest" classname="Hyde.Framework.Testing.Unit.Pages.InMemoryPageTest" assertions="1" time="0.050662"/>
        <testcase name="Make with contents string" file="In Memory Page (Hyde\Framework\Testing\Unit\Pages\InMemoryPage)::Make with contents string" class="Hyde\Framework\Testing\Unit\Pages\InMemoryPageTest" classname="Hyde.Framework.Testing.Unit.Pages.InMemoryPageTest" assertions="2" time="0.021819"/>
        <testcase name="Contents method" file="In Memory Page (Hyde\Framework\Testing\Unit\Pages\InMemoryPage)::Contents method" class="Hyde\Framework\Testing\Unit\Pages\InMemoryPageTest" classname="Hyde.Framework.Testing.Unit.Pages.InMemoryPageTest" assertions="1" time="0.020033"/>
        <testcase name="View method" file="In Memory Page (Hyde\Framework\Testing\Unit\Pages\InMemoryPage)::View method" class="Hyde\Framework\Testing\Unit\Pages\InMemoryPageTest" classname="Hyde.Framework.Testing.Unit.Pages.InMemoryPageTest" assertions="1" time="0.019976"/>
        <testcase name="Compile method uses contents property" file="In Memory Page (Hyde\Framework\Testing\Unit\Pages\InMemoryPage)::Compile method uses contents property" class="Hyde\Framework\Testing\Unit\Pages\InMemoryPageTest" classname="Hyde.Framework.Testing.Unit.Pages.InMemoryPageTest" assertions="1" time="0.020067"/>
        <testcase name="Compile method uses view property" file="In Memory Page (Hyde\Framework\Testing\Unit\Pages\InMemoryPage)::Compile method uses view property" class="Hyde\Framework\Testing\Unit\Pages\InMemoryPageTest" classname="Hyde.Framework.Testing.Unit.Pages.InMemoryPageTest" assertions="1" time="0.021350"/>
        <testcase name="Compile method using view compile and front matter" file="In Memory Page (Hyde\Framework\Testing\Unit\Pages\InMemoryPage)::Compile method using view compile and front matter" class="Hyde\Framework\Testing\Unit\Pages\InMemoryPageTest" classname="Hyde.Framework.Testing.Unit.Pages.InMemoryPageTest" assertions="1" time="0.021599"/>
        <testcase name="Compile method prefers contents property over view" file="In Memory Page (Hyde\Framework\Testing\Unit\Pages\InMemoryPage)::Compile method prefers contents property over view" class="Hyde\Framework\Testing\Unit\Pages\InMemoryPageTest" classname="Hyde.Framework.Testing.Unit.Pages.InMemoryPageTest" assertions="1" time="0.020618"/>
        <testcase name="Compile method can compile anonymous view files" file="In Memory Page (Hyde\Framework\Testing\Unit\Pages\InMemoryPage)::Compile method can compile anonymous view files" class="Hyde\Framework\Testing\Unit\Pages\InMemoryPageTest" classname="Hyde.Framework.Testing.Unit.Pages.InMemoryPageTest" assertions="1" time="0.021843"/>
        <testcase name="Compile method can compile anonymous view files with front matter" file="In Memory Page (Hyde\Framework\Testing\Unit\Pages\InMemoryPage)::Compile method can compile anonymous view files with front matter" class="Hyde\Framework\Testing\Unit\Pages\InMemoryPageTest" classname="Hyde.Framework.Testing.Unit.Pages.InMemoryPageTest" assertions="1" time="0.022060"/>
        <testcase name="Can create instance macros" file="In Memory Page (Hyde\Framework\Testing\Unit\Pages\InMemoryPage)::Can create instance macros" class="Hyde\Framework\Testing\Unit\Pages\InMemoryPageTest" classname="Hyde.Framework.Testing.Unit.Pages.InMemoryPageTest" assertions="1" time="0.020156"/>
        <testcase name="Can create instance macros using callable object" file="In Memory Page (Hyde\Framework\Testing\Unit\Pages\InMemoryPage)::Can create instance macros using callable object" class="Hyde\Framework\Testing\Unit\Pages\InMemoryPageTest" classname="Hyde.Framework.Testing.Unit.Pages.InMemoryPageTest" assertions="1" time="0.020140"/>
        <testcase name="Calling macro with arguments" file="In Memory Page (Hyde\Framework\Testing\Unit\Pages\InMemoryPage)::Calling macro with arguments" class="Hyde\Framework\Testing\Unit\Pages\InMemoryPageTest" classname="Hyde.Framework.Testing.Unit.Pages.InMemoryPageTest" assertions="1" time="0.020269"/>
        <testcase name="Can use macros to overload class compile method" file="In Memory Page (Hyde\Framework\Testing\Unit\Pages\InMemoryPage)::Can use macros to overload class compile method" class="Hyde\Framework\Testing\Unit\Pages\InMemoryPageTest" classname="Hyde.Framework.Testing.Unit.Pages.InMemoryPageTest" assertions="1" time="0.020047"/>
        <testcase name="Calling undefined macro" file="In Memory Page (Hyde\Framework\Testing\Unit\Pages\InMemoryPage)::Calling undefined macro" class="Hyde\Framework\Testing\Unit\Pages\InMemoryPageTest" classname="Hyde.Framework.Testing.Unit.Pages.InMemoryPageTest" assertions="2" time="0.020120"/>
        <testcase name="Has macro" file="In Memory Page (Hyde\Framework\Testing\Unit\Pages\InMemoryPage)::Has macro" class="Hyde\Framework\Testing\Unit\Pages\InMemoryPageTest" classname="Hyde.Framework.Testing.Unit.Pages.InMemoryPageTest" assertions="2" time="0.020106"/>
      </testsuite>
      <testsuite name="Hyde\Framework\Testing\Unit\Pages\InMemoryPageUnitTest" file="In Memory Page Unit (Hyde\Framework\Testing\Unit\Pages\InMemoryPageUnit)" tests="32" assertions="32" errors="0" failures="0" skipped="0" time="0.168618">
        <testcase name="Source directory" file="In Memory Page Unit (Hyde\Framework\Testing\Unit\Pages\InMemoryPageUnit)::Source directory" class="Hyde\Framework\Testing\Unit\Pages\InMemoryPageUnitTest" classname="Hyde.Framework.Testing.Unit.Pages.InMemoryPageUnitTest" assertions="1" time="0.023441"/>
        <testcase name="Output directory" file="In Memory Page Unit (Hyde\Framework\Testing\Unit\Pages\InMemoryPageUnit)::Output directory" class="Hyde\Framework\Testing\Unit\Pages\InMemoryPageUnitTest" classname="Hyde.Framework.Testing.Unit.Pages.InMemoryPageUnitTest" assertions="1" time="0.003207"/>
        <testcase name="Base route key" file="In Memory Page Unit (Hyde\Framework\Testing\Unit\Pages\InMemoryPageUnit)::Base route key" class="Hyde\Framework\Testing\Unit\Pages\InMemoryPageUnitTest" classname="Hyde.Framework.Testing.Unit.Pages.InMemoryPageUnitTest" assertions="1" time="0.003336"/>
        <testcase name="File extension" file="In Memory Page Unit (Hyde\Framework\Testing\Unit\Pages\InMemoryPageUnit)::File extension" class="Hyde\Framework\Testing\Unit\Pages\InMemoryPageUnitTest" classname="Hyde.Framework.Testing.Unit.Pages.InMemoryPageUnitTest" assertions="1" time="0.003232"/>
        <testcase name="Source path" file="In Memory Page Unit (Hyde\Framework\Testing\Unit\Pages\InMemoryPageUnit)::Source path" class="Hyde\Framework\Testing\Unit\Pages\InMemoryPageUnitTest" classname="Hyde.Framework.Testing.Unit.Pages.InMemoryPageUnitTest" assertions="1" time="0.003282"/>
        <testcase name="Output path" file="In Memory Page Unit (Hyde\Framework\Testing\Unit\Pages\InMemoryPageUnit)::Output path" class="Hyde\Framework\Testing\Unit\Pages\InMemoryPageUnitTest" classname="Hyde.Framework.Testing.Unit.Pages.InMemoryPageUnitTest" assertions="1" time="0.003315"/>
        <testcase name="Path" file="In Memory Page Unit (Hyde\Framework\Testing\Unit\Pages\InMemoryPageUnit)::Path" class="Hyde\Framework\Testing\Unit\Pages\InMemoryPageUnitTest" classname="Hyde.Framework.Testing.Unit.Pages.InMemoryPageUnitTest" assertions="1" time="0.003354"/>
        <testcase name="Get source path" file="In Memory Page Unit (Hyde\Framework\Testing\Unit\Pages\InMemoryPageUnit)::Get source path" class="Hyde\Framework\Testing\Unit\Pages\InMemoryPageUnitTest" classname="Hyde.Framework.Testing.Unit.Pages.InMemoryPageUnitTest" assertions="1" time="0.004404"/>
        <testcase name="Get output path" file="In Memory Page Unit (Hyde\Framework\Testing\Unit\Pages\InMemoryPageUnit)::Get output path" class="Hyde\Framework\Testing\Unit\Pages\InMemoryPageUnitTest" classname="Hyde.Framework.Testing.Unit.Pages.InMemoryPageUnitTest" assertions="1" time="0.004320"/>
        <testcase name="Get link" file="In Memory Page Unit (Hyde\Framework\Testing\Unit\Pages\InMemoryPageUnit)::Get link" class="Hyde\Framework\Testing\Unit\Pages\InMemoryPageUnitTest" classname="Hyde.Framework.Testing.Unit.Pages.InMemoryPageUnitTest" assertions="1" time="0.004356"/>
        <testcase name="Make" file="In Memory Page Unit (Hyde\Framework\Testing\Unit\Pages\InMemoryPageUnit)::Make" class="Hyde\Framework\Testing\Unit\Pages\InMemoryPageUnitTest" classname="Hyde.Framework.Testing.Unit.Pages.InMemoryPageUnitTest" assertions="1" time="0.005472"/>
        <testcase name="Make with data" file="In Memory Page Unit (Hyde\Framework\Testing\Unit\Pages\InMemoryPageUnit)::Make with data" class="Hyde\Framework\Testing\Unit\Pages\InMemoryPageUnitTest" classname="Hyde.Framework.Testing.Unit.Pages.InMemoryPageUnitTest" assertions="1" time="0.005497"/>
        <testcase name="Show in navigation" file="In Memory Page Unit (Hyde\Framework\Testing\Unit\Pages\InMemoryPageUnit)::Show in navigation" class="Hyde\Framework\Testing\Unit\Pages\InMemoryPageUnitTest" classname="Hyde.Framework.Testing.Unit.Pages.InMemoryPageUnitTest" assertions="1" time="0.004335"/>
        <testcase name="Navigation menu priority" file="In Memory Page Unit (Hyde\Framework\Testing\Unit\Pages\InMemoryPageUnit)::Navigation menu priority" class="Hyde\Framework\Testing\Unit\Pages\InMemoryPageUnitTest" classname="Hyde.Framework.Testing.Unit.Pages.InMemoryPageUnitTest" assertions="1" time="0.004357"/>
        <testcase name="Navigation menu label" file="In Memory Page Unit (Hyde\Framework\Testing\Unit\Pages\InMemoryPageUnit)::Navigation menu label" class="Hyde\Framework\Testing\Unit\Pages\InMemoryPageUnitTest" classname="Hyde.Framework.Testing.Unit.Pages.InMemoryPageUnitTest" assertions="1" time="0.004314"/>
        <testcase name="Navigation menu group" file="In Memory Page Unit (Hyde\Framework\Testing\Unit\Pages\InMemoryPageUnit)::Navigation menu group" class="Hyde\Framework\Testing\Unit\Pages\InMemoryPageUnitTest" classname="Hyde.Framework.Testing.Unit.Pages.InMemoryPageUnitTest" assertions="1" time="0.004396"/>
        <testcase name="Get blade view" file="In Memory Page Unit (Hyde\Framework\Testing\Unit\Pages\InMemoryPageUnit)::Get blade view" class="Hyde\Framework\Testing\Unit\Pages\InMemoryPageUnitTest" classname="Hyde.Framework.Testing.Unit.Pages.InMemoryPageUnitTest" assertions="1" time="0.004314"/>
        <testcase name="Files" file="In Memory Page Unit (Hyde\Framework\Testing\Unit\Pages\InMemoryPageUnit)::Files" class="Hyde\Framework\Testing\Unit\Pages\InMemoryPageUnitTest" classname="Hyde.Framework.Testing.Unit.Pages.InMemoryPageUnitTest" assertions="1" time="0.006915"/>
        <testcase name="Data" file="In Memory Page Unit (Hyde\Framework\Testing\Unit\Pages\InMemoryPageUnit)::Data" class="Hyde\Framework\Testing\Unit\Pages\InMemoryPageUnitTest" classname="Hyde.Framework.Testing.Unit.Pages.InMemoryPageUnitTest" assertions="1" time="0.004438"/>
        <testcase name="Get" file="In Memory Page Unit (Hyde\Framework\Testing\Unit\Pages\InMemoryPageUnit)::Get" class="Hyde\Framework\Testing\Unit\Pages\InMemoryPageUnitTest" classname="Hyde.Framework.Testing.Unit.Pages.InMemoryPageUnitTest" assertions="1" time="0.006961"/>
        <testcase name="Parse" file="In Memory Page Unit (Hyde\Framework\Testing\Unit\Pages\InMemoryPageUnit)::Parse" class="Hyde\Framework\Testing\Unit\Pages\InMemoryPageUnitTest" classname="Hyde.Framework.Testing.Unit.Pages.InMemoryPageUnitTest" assertions="1" time="0.005015"/>
        <testcase name="Get route key" file="In Memory Page Unit (Hyde\Framework\Testing\Unit\Pages\InMemoryPageUnit)::Get route key" class="Hyde\Framework\Testing\Unit\Pages\InMemoryPageUnitTest" classname="Hyde.Framework.Testing.Unit.Pages.InMemoryPageUnitTest" assertions="1" time="0.004314"/>
        <testcase name="Title" file="In Memory Page Unit (Hyde\Framework\Testing\Unit\Pages\InMemoryPageUnit)::Title" class="Hyde\Framework\Testing\Unit\Pages\InMemoryPageUnitTest" classname="Hyde.Framework.Testing.Unit.Pages.InMemoryPageUnitTest" assertions="1" time="0.004309"/>
        <testcase name="All" file="In Memory Page Unit (Hyde\Framework\Testing\Unit\Pages\InMemoryPageUnit)::All" class="Hyde\Framework\Testing\Unit\Pages\InMemoryPageUnitTest" classname="Hyde.Framework.Testing.Unit.Pages.InMemoryPageUnitTest" assertions="1" time="0.006662"/>
        <testcase name="Metadata" file="In Memory Page Unit (Hyde\Framework\Testing\Unit\Pages\InMemoryPageUnit)::Metadata" class="Hyde\Framework\Testing\Unit\Pages\InMemoryPageUnitTest" classname="Hyde.Framework.Testing.Unit.Pages.InMemoryPageUnitTest" assertions="1" time="0.004296"/>
        <testcase name="Construct" file="In Memory Page Unit (Hyde\Framework\Testing\Unit\Pages\InMemoryPageUnit)::Construct" class="Hyde\Framework\Testing\Unit\Pages\InMemoryPageUnitTest" classname="Hyde.Framework.Testing.Unit.Pages.InMemoryPageUnitTest" assertions="1" time="0.004270"/>
        <testcase name="Get route" file="In Memory Page Unit (Hyde\Framework\Testing\Unit\Pages\InMemoryPageUnit)::Get route" class="Hyde\Framework\Testing\Unit\Pages\InMemoryPageUnitTest" classname="Hyde.Framework.Testing.Unit.Pages.InMemoryPageUnitTest" assertions="1" time="0.007057"/>
        <testcase name="Get identifier" file="In Memory Page Unit (Hyde\Framework\Testing\Unit\Pages\InMemoryPageUnit)::Get identifier" class="Hyde\Framework\Testing\Unit\Pages\InMemoryPageUnitTest" classname="Hyde.Framework.Testing.Unit.Pages.InMemoryPageUnitTest" assertions="1" time="0.004350"/>
        <testcase name="Has" file="In Memory Page Unit (Hyde\Framework\Testing\Unit\Pages\InMemoryPageUnit)::Has" class="Hyde\Framework\Testing\Unit\Pages\InMemoryPageUnitTest" classname="Hyde.Framework.Testing.Unit.Pages.InMemoryPageUnitTest" assertions="1" time="0.004292"/>
        <testcase name="To core data object" file="In Memory Page Unit (Hyde\Framework\Testing\Unit\Pages\InMemoryPageUnit)::To core data object" class="Hyde\Framework\Testing\Unit\Pages\InMemoryPageUnitTest" classname="Hyde.Framework.Testing.Unit.Pages.InMemoryPageUnitTest" assertions="1" time="0.004346"/>
        <testcase name="Compile" file="In Memory Page Unit (Hyde\Framework\Testing\Unit\Pages\InMemoryPageUnit)::Compile" class="Hyde\Framework\Testing\Unit\Pages\InMemoryPageUnitTest" classname="Hyde.Framework.Testing.Unit.Pages.InMemoryPageUnitTest" assertions="1" time="0.008153"/>
        <testcase name="Matter" file="In Memory Page Unit (Hyde\Framework\Testing\Unit\Pages\InMemoryPageUnit)::Matter" class="Hyde\Framework\Testing\Unit\Pages\InMemoryPageUnitTest" classname="Hyde.Framework.Testing.Unit.Pages.InMemoryPageUnitTest" assertions="1" time="0.004308"/>
      </testsuite>
      <testsuite name="Hyde\Framework\Testing\Unit\Pages\MarkdownPageModelConstructorArgumentsAreOptionalTest" file="Markdown Page Model Constructor Arguments Are Optional (Hyde\Framework\Testing\Unit\Pages\MarkdownPageModelConstructorArgumentsAreOptional)" tests="1" assertions="3" errors="0" failures="0" skipped="0" time="0.052974">
        <testcase name="Markdown page model constructor arguments are optional" file="Markdown Page Model Constructor Arguments Are Optional (Hyde\Framework\Testing\Unit\Pages\MarkdownPageModelConstructorArgumentsAreOptional)::Markdown page model constructor arguments are optional" class="Hyde\Framework\Testing\Unit\Pages\MarkdownPageModelConstructorArgumentsAreOptionalTest" classname="Hyde.Framework.Testing.Unit.Pages.MarkdownPageModelConstructorArgumentsAreOptionalTest" assertions="3" time="0.052974"/>
      </testsuite>
      <testsuite name="Hyde\Framework\Testing\Unit\Pages\MarkdownPageTest" file="Markdown Page (Hyde\Framework\Testing\Unit\Pages\MarkdownPage)" tests="3" assertions="6" errors="0" failures="0" skipped="0" time="0.082528">
        <testcase name="Can get collection of slugs" file="Markdown Page (Hyde\Framework\Testing\Unit\Pages\MarkdownPage)::Can get collection of slugs" class="Hyde\Framework\Testing\Unit\Pages\MarkdownPageTest" classname="Hyde.Framework.Testing.Unit.Pages.MarkdownPageTest" assertions="1" time="0.026406"/>
        <testcase name="Created model contains expected data" file="Markdown Page (Hyde\Framework\Testing\Unit\Pages\MarkdownPage)::Created model contains expected data" class="Hyde\Framework\Testing\Unit\Pages\MarkdownPageTest" classname="Hyde.Framework.Testing.Unit.Pages.MarkdownPageTest" assertions="3" time="0.021369"/>
        <testcase name="Can render markdown page" file="Markdown Page (Hyde\Framework\Testing\Unit\Pages\MarkdownPage)::Can render markdown page" class="Hyde\Framework\Testing\Unit\Pages\MarkdownPageTest" classname="Hyde.Framework.Testing.Unit.Pages.MarkdownPageTest" assertions="2" time="0.034753"/>
      </testsuite>
      <testsuite name="Hyde\Framework\Testing\Unit\Pages\MarkdownPageUnitTest" file="Markdown Page Unit (Hyde\Framework\Testing\Unit\Pages\MarkdownPageUnit)" tests="34" assertions="35" errors="0" failures="0" skipped="0" time="0.163703">
        <testcase name="Source directory" file="Markdown Page Unit (Hyde\Framework\Testing\Unit\Pages\MarkdownPageUnit)::Source directory" class="Hyde\Framework\Testing\Unit\Pages\MarkdownPageUnitTest" classname="Hyde.Framework.Testing.Unit.Pages.MarkdownPageUnitTest" assertions="1" time="0.007860"/>
        <testcase name="Output directory" file="Markdown Page Unit (Hyde\Framework\Testing\Unit\Pages\MarkdownPageUnit)::Output directory" class="Hyde\Framework\Testing\Unit\Pages\MarkdownPageUnitTest" classname="Hyde.Framework.Testing.Unit.Pages.MarkdownPageUnitTest" assertions="1" time="0.003288"/>
        <testcase name="Base route key" file="Markdown Page Unit (Hyde\Framework\Testing\Unit\Pages\MarkdownPageUnit)::Base route key" class="Hyde\Framework\Testing\Unit\Pages\MarkdownPageUnitTest" classname="Hyde.Framework.Testing.Unit.Pages.MarkdownPageUnitTest" assertions="1" time="0.003263"/>
        <testcase name="File extension" file="Markdown Page Unit (Hyde\Framework\Testing\Unit\Pages\MarkdownPageUnit)::File extension" class="Hyde\Framework\Testing\Unit\Pages\MarkdownPageUnitTest" classname="Hyde.Framework.Testing.Unit.Pages.MarkdownPageUnitTest" assertions="1" time="0.003236"/>
        <testcase name="Source path" file="Markdown Page Unit (Hyde\Framework\Testing\Unit\Pages\MarkdownPageUnit)::Source path" class="Hyde\Framework\Testing\Unit\Pages\MarkdownPageUnitTest" classname="Hyde.Framework.Testing.Unit.Pages.MarkdownPageUnitTest" assertions="1" time="0.003271"/>
        <testcase name="Output path" file="Markdown Page Unit (Hyde\Framework\Testing\Unit\Pages\MarkdownPageUnit)::Output path" class="Hyde\Framework\Testing\Unit\Pages\MarkdownPageUnitTest" classname="Hyde.Framework.Testing.Unit.Pages.MarkdownPageUnitTest" assertions="1" time="0.003345"/>
        <testcase name="Path" file="Markdown Page Unit (Hyde\Framework\Testing\Unit\Pages\MarkdownPageUnit)::Path" class="Hyde\Framework\Testing\Unit\Pages\MarkdownPageUnitTest" classname="Hyde.Framework.Testing.Unit.Pages.MarkdownPageUnitTest" assertions="1" time="0.003394"/>
        <testcase name="Get source path" file="Markdown Page Unit (Hyde\Framework\Testing\Unit\Pages\MarkdownPageUnit)::Get source path" class="Hyde\Framework\Testing\Unit\Pages\MarkdownPageUnitTest" classname="Hyde.Framework.Testing.Unit.Pages.MarkdownPageUnitTest" assertions="1" time="0.004328"/>
        <testcase name="Get output path" file="Markdown Page Unit (Hyde\Framework\Testing\Unit\Pages\MarkdownPageUnit)::Get output path" class="Hyde\Framework\Testing\Unit\Pages\MarkdownPageUnitTest" classname="Hyde.Framework.Testing.Unit.Pages.MarkdownPageUnitTest" assertions="1" time="0.004345"/>
        <testcase name="Get link" file="Markdown Page Unit (Hyde\Framework\Testing\Unit\Pages\MarkdownPageUnit)::Get link" class="Hyde\Framework\Testing\Unit\Pages\MarkdownPageUnitTest" classname="Hyde.Framework.Testing.Unit.Pages.MarkdownPageUnitTest" assertions="1" time="0.004337"/>
        <testcase name="Make" file="Markdown Page Unit (Hyde\Framework\Testing\Unit\Pages\MarkdownPageUnit)::Make" class="Hyde\Framework\Testing\Unit\Pages\MarkdownPageUnitTest" classname="Hyde.Framework.Testing.Unit.Pages.MarkdownPageUnitTest" assertions="1" time="0.005026"/>
        <testcase name="Make with data" file="Markdown Page Unit (Hyde\Framework\Testing\Unit\Pages\MarkdownPageUnit)::Make with data" class="Hyde\Framework\Testing\Unit\Pages\MarkdownPageUnitTest" classname="Hyde.Framework.Testing.Unit.Pages.MarkdownPageUnitTest" assertions="1" time="0.005469"/>
        <testcase name="Show in navigation" file="Markdown Page Unit (Hyde\Framework\Testing\Unit\Pages\MarkdownPageUnit)::Show in navigation" class="Hyde\Framework\Testing\Unit\Pages\MarkdownPageUnitTest" classname="Hyde.Framework.Testing.Unit.Pages.MarkdownPageUnitTest" assertions="1" time="0.004170"/>
        <testcase name="Navigation menu priority" file="Markdown Page Unit (Hyde\Framework\Testing\Unit\Pages\MarkdownPageUnit)::Navigation menu priority" class="Hyde\Framework\Testing\Unit\Pages\MarkdownPageUnitTest" classname="Hyde.Framework.Testing.Unit.Pages.MarkdownPageUnitTest" assertions="1" time="0.004253"/>
        <testcase name="Navigation menu label" file="Markdown Page Unit (Hyde\Framework\Testing\Unit\Pages\MarkdownPageUnit)::Navigation menu label" class="Hyde\Framework\Testing\Unit\Pages\MarkdownPageUnitTest" classname="Hyde.Framework.Testing.Unit.Pages.MarkdownPageUnitTest" assertions="1" time="0.004394"/>
        <testcase name="Navigation menu group" file="Markdown Page Unit (Hyde\Framework\Testing\Unit\Pages\MarkdownPageUnit)::Navigation menu group" class="Hyde\Framework\Testing\Unit\Pages\MarkdownPageUnitTest" classname="Hyde.Framework.Testing.Unit.Pages.MarkdownPageUnitTest" assertions="1" time="0.004302"/>
        <testcase name="Get blade view" file="Markdown Page Unit (Hyde\Framework\Testing\Unit\Pages\MarkdownPageUnit)::Get blade view" class="Hyde\Framework\Testing\Unit\Pages\MarkdownPageUnitTest" classname="Hyde.Framework.Testing.Unit.Pages.MarkdownPageUnitTest" assertions="1" time="0.004314"/>
        <testcase name="Files" file="Markdown Page Unit (Hyde\Framework\Testing\Unit\Pages\MarkdownPageUnit)::Files" class="Hyde\Framework\Testing\Unit\Pages\MarkdownPageUnitTest" classname="Hyde.Framework.Testing.Unit.Pages.MarkdownPageUnitTest" assertions="1" time="0.006728"/>
        <testcase name="Data" file="Markdown Page Unit (Hyde\Framework\Testing\Unit\Pages\MarkdownPageUnit)::Data" class="Hyde\Framework\Testing\Unit\Pages\MarkdownPageUnitTest" classname="Hyde.Framework.Testing.Unit.Pages.MarkdownPageUnitTest" assertions="1" time="0.004345"/>
        <testcase name="Get" file="Markdown Page Unit (Hyde\Framework\Testing\Unit\Pages\MarkdownPageUnit)::Get" class="Hyde\Framework\Testing\Unit\Pages\MarkdownPageUnitTest" classname="Hyde.Framework.Testing.Unit.Pages.MarkdownPageUnitTest" assertions="1" time="0.008992"/>
        <testcase name="Parse" file="Markdown Page Unit (Hyde\Framework\Testing\Unit\Pages\MarkdownPageUnit)::Parse" class="Hyde\Framework\Testing\Unit\Pages\MarkdownPageUnitTest" classname="Hyde.Framework.Testing.Unit.Pages.MarkdownPageUnitTest" assertions="1" time="0.005224"/>
        <testcase name="Get route key" file="Markdown Page Unit (Hyde\Framework\Testing\Unit\Pages\MarkdownPageUnit)::Get route key" class="Hyde\Framework\Testing\Unit\Pages\MarkdownPageUnitTest" classname="Hyde.Framework.Testing.Unit.Pages.MarkdownPageUnitTest" assertions="1" time="0.004327"/>
        <testcase name="Title" file="Markdown Page Unit (Hyde\Framework\Testing\Unit\Pages\MarkdownPageUnit)::Title" class="Hyde\Framework\Testing\Unit\Pages\MarkdownPageUnitTest" classname="Hyde.Framework.Testing.Unit.Pages.MarkdownPageUnitTest" assertions="1" time="0.004341"/>
        <testcase name="All" file="Markdown Page Unit (Hyde\Framework\Testing\Unit\Pages\MarkdownPageUnit)::All" class="Hyde\Framework\Testing\Unit\Pages\MarkdownPageUnitTest" classname="Hyde.Framework.Testing.Unit.Pages.MarkdownPageUnitTest" assertions="1" time="0.006613"/>
        <testcase name="Metadata" file="Markdown Page Unit (Hyde\Framework\Testing\Unit\Pages\MarkdownPageUnit)::Metadata" class="Hyde\Framework\Testing\Unit\Pages\MarkdownPageUnitTest" classname="Hyde.Framework.Testing.Unit.Pages.MarkdownPageUnitTest" assertions="1" time="0.004207"/>
        <testcase name="Construct" file="Markdown Page Unit (Hyde\Framework\Testing\Unit\Pages\MarkdownPageUnit)::Construct" class="Hyde\Framework\Testing\Unit\Pages\MarkdownPageUnitTest" classname="Hyde.Framework.Testing.Unit.Pages.MarkdownPageUnitTest" assertions="1" time="0.004122"/>
        <testcase name="Get route" file="Markdown Page Unit (Hyde\Framework\Testing\Unit\Pages\MarkdownPageUnit)::Get route" class="Hyde\Framework\Testing\Unit\Pages\MarkdownPageUnitTest" classname="Hyde.Framework.Testing.Unit.Pages.MarkdownPageUnitTest" assertions="1" time="0.006926"/>
        <testcase name="Get identifier" file="Markdown Page Unit (Hyde\Framework\Testing\Unit\Pages\MarkdownPageUnit)::Get identifier" class="Hyde\Framework\Testing\Unit\Pages\MarkdownPageUnitTest" classname="Hyde.Framework.Testing.Unit.Pages.MarkdownPageUnitTest" assertions="1" time="0.004346"/>
        <testcase name="Has" file="Markdown Page Unit (Hyde\Framework\Testing\Unit\Pages\MarkdownPageUnit)::Has" class="Hyde\Framework\Testing\Unit\Pages\MarkdownPageUnitTest" classname="Hyde.Framework.Testing.Unit.Pages.MarkdownPageUnitTest" assertions="1" time="0.004324"/>
        <testcase name="To core data object" file="Markdown Page Unit (Hyde\Framework\Testing\Unit\Pages\MarkdownPageUnit)::To core data object" class="Hyde\Framework\Testing\Unit\Pages\MarkdownPageUnitTest" classname="Hyde.Framework.Testing.Unit.Pages.MarkdownPageUnitTest" assertions="1" time="0.004315"/>
        <testcase name="Compile" file="Markdown Page Unit (Hyde\Framework\Testing\Unit\Pages\MarkdownPageUnit)::Compile" class="Hyde\Framework\Testing\Unit\Pages\MarkdownPageUnitTest" classname="Hyde.Framework.Testing.Unit.Pages.MarkdownPageUnitTest" assertions="1" time="0.008651"/>
        <testcase name="Matter" file="Markdown Page Unit (Hyde\Framework\Testing\Unit\Pages\MarkdownPageUnit)::Matter" class="Hyde\Framework\Testing\Unit\Pages\MarkdownPageUnitTest" classname="Hyde.Framework.Testing.Unit.Pages.MarkdownPageUnitTest" assertions="1" time="0.004316"/>
        <testcase name="Markdown" file="Markdown Page Unit (Hyde\Framework\Testing\Unit\Pages\MarkdownPageUnit)::Markdown" class="Hyde\Framework\Testing\Unit\Pages\MarkdownPageUnitTest" classname="Hyde.Framework.Testing.Unit.Pages.MarkdownPageUnitTest" assertions="1" time="0.004282"/>
        <testcase name="Save" file="Markdown Page Unit (Hyde\Framework\Testing\Unit\Pages\MarkdownPageUnit)::Save" class="Hyde\Framework\Testing\Unit\Pages\MarkdownPageUnitTest" classname="Hyde.Framework.Testing.Unit.Pages.MarkdownPageUnitTest" assertions="2" time="0.005050"/>
      </testsuite>
      <testsuite name="Hyde\Framework\Testing\Unit\Pages\MarkdownPostHelpersTest" file="Markdown Post Helpers (Hyde\Framework\Testing\Unit\Pages\MarkdownPostHelpers)" tests="7" assertions="7" errors="0" failures="0" skipped="0" time="0.198723">
        <testcase name="Get current page path returns local uri path for post slug" file="Markdown Post Helpers (Hyde\Framework\Testing\Unit\Pages\MarkdownPostHelpers)::Get current page path returns local uri path for post slug" class="Hyde\Framework\Testing\Unit\Pages\MarkdownPostHelpersTest" classname="Hyde.Framework.Testing.Unit.Pages.MarkdownPostHelpersTest" assertions="1" time="0.054971"/>
        <testcase name="Get canonical link returns canonical uri path for post slug" file="Markdown Post Helpers (Hyde\Framework\Testing\Unit\Pages\MarkdownPostHelpers)::Get canonical link returns canonical uri path for post slug" class="Hyde\Framework\Testing\Unit\Pages\MarkdownPostHelpersTest" classname="Hyde.Framework.Testing.Unit.Pages.MarkdownPostHelpersTest" assertions="1" time="0.028737"/>
        <testcase name="Get canonical link returns pretty url when enabled" file="Markdown Post Helpers (Hyde\Framework\Testing\Unit\Pages\MarkdownPostHelpers)::Get canonical link returns pretty url when enabled" class="Hyde\Framework\Testing\Unit\Pages\MarkdownPostHelpersTest" classname="Hyde.Framework.Testing.Unit.Pages.MarkdownPostHelpersTest" assertions="1" time="0.021259"/>
        <testcase name="Get post description returns post description when set in front matter" file="Markdown Post Helpers (Hyde\Framework\Testing\Unit\Pages\MarkdownPostHelpers)::Get post description returns post description when set in front matter" class="Hyde\Framework\Testing\Unit\Pages\MarkdownPostHelpersTest" classname="Hyde.Framework.Testing.Unit.Pages.MarkdownPostHelpersTest" assertions="1" time="0.020652"/>
        <testcase name="Get post description returns post body when no description set in front matter" file="Markdown Post Helpers (Hyde\Framework\Testing\Unit\Pages\MarkdownPostHelpers)::Get post description returns post body when no description set in front matter" class="Hyde\Framework\Testing\Unit\Pages\MarkdownPostHelpersTest" classname="Hyde.Framework.Testing.Unit.Pages.MarkdownPostHelpersTest" assertions="1" time="0.031489"/>
        <testcase name="Dynamic description is truncated when longer than 128 characters" file="Markdown Post Helpers (Hyde\Framework\Testing\Unit\Pages\MarkdownPostHelpers)::Dynamic description is truncated when longer than 128 characters" class="Hyde\Framework\Testing\Unit\Pages\MarkdownPostHelpersTest" classname="Hyde.Framework.Testing.Unit.Pages.MarkdownPostHelpersTest" assertions="1" time="0.020824"/>
        <testcase name="Dynamic description strips markdown" file="Markdown Post Helpers (Hyde\Framework\Testing\Unit\Pages\MarkdownPostHelpers)::Dynamic description strips markdown" class="Hyde\Framework\Testing\Unit\Pages\MarkdownPostHelpersTest" classname="Hyde.Framework.Testing.Unit.Pages.MarkdownPostHelpersTest" assertions="1" time="0.020791"/>
      </testsuite>
      <testsuite name="Hyde\Framework\Testing\Unit\Pages\MarkdownPostParserTest" file="Markdown Post Parser (Hyde\Framework\Testing\Unit\Pages\MarkdownPostParser)" tests="2" assertions="11" errors="0" failures="0" skipped="0" time="0.054351">
        <testcase name="Can parse markdown file" file="Markdown Post Parser (Hyde\Framework\Testing\Unit\Pages\MarkdownPostParser)::Can parse markdown file" class="Hyde\Framework\Testing\Unit\Pages\MarkdownPostParserTest" classname="Hyde.Framework.Testing.Unit.Pages.MarkdownPostParserTest" assertions="8" time="0.032343"/>
        <testcase name="Parsed markdown post contains valid front matter" file="Markdown Post Parser (Hyde\Framework\Testing\Unit\Pages\MarkdownPostParser)::Parsed markdown post contains valid front matter" class="Hyde\Framework\Testing\Unit\Pages\MarkdownPostParserTest" classname="Hyde.Framework.Testing.Unit.Pages.MarkdownPostParserTest" assertions="3" time="0.022008"/>
      </testsuite>
      <testsuite name="Hyde\Framework\Testing\Unit\Pages\MarkdownPostUnitTest" file="Markdown Post Unit (Hyde\Framework\Testing\Unit\Pages\MarkdownPostUnit)" tests="34" assertions="35" errors="0" failures="0" skipped="0" time="0.173739">
        <testcase name="Source directory" file="Markdown Post Unit (Hyde\Framework\Testing\Unit\Pages\MarkdownPostUnit)::Source directory" class="Hyde\Framework\Testing\Unit\Pages\MarkdownPostUnitTest" classname="Hyde.Framework.Testing.Unit.Pages.MarkdownPostUnitTest" assertions="1" time="0.006343"/>
        <testcase name="Output directory" file="Markdown Post Unit (Hyde\Framework\Testing\Unit\Pages\MarkdownPostUnit)::Output directory" class="Hyde\Framework\Testing\Unit\Pages\MarkdownPostUnitTest" classname="Hyde.Framework.Testing.Unit.Pages.MarkdownPostUnitTest" assertions="1" time="0.003259"/>
        <testcase name="Base route key" file="Markdown Post Unit (Hyde\Framework\Testing\Unit\Pages\MarkdownPostUnit)::Base route key" class="Hyde\Framework\Testing\Unit\Pages\MarkdownPostUnitTest" classname="Hyde.Framework.Testing.Unit.Pages.MarkdownPostUnitTest" assertions="1" time="0.003260"/>
        <testcase name="File extension" file="Markdown Post Unit (Hyde\Framework\Testing\Unit\Pages\MarkdownPostUnit)::File extension" class="Hyde\Framework\Testing\Unit\Pages\MarkdownPostUnitTest" classname="Hyde.Framework.Testing.Unit.Pages.MarkdownPostUnitTest" assertions="1" time="0.003262"/>
        <testcase name="Source path" file="Markdown Post Unit (Hyde\Framework\Testing\Unit\Pages\MarkdownPostUnit)::Source path" class="Hyde\Framework\Testing\Unit\Pages\MarkdownPostUnitTest" classname="Hyde.Framework.Testing.Unit.Pages.MarkdownPostUnitTest" assertions="1" time="0.003284"/>
        <testcase name="Output path" file="Markdown Post Unit (Hyde\Framework\Testing\Unit\Pages\MarkdownPostUnit)::Output path" class="Hyde\Framework\Testing\Unit\Pages\MarkdownPostUnitTest" classname="Hyde.Framework.Testing.Unit.Pages.MarkdownPostUnitTest" assertions="1" time="0.003315"/>
        <testcase name="Path" file="Markdown Post Unit (Hyde\Framework\Testing\Unit\Pages\MarkdownPostUnit)::Path" class="Hyde\Framework\Testing\Unit\Pages\MarkdownPostUnitTest" classname="Hyde.Framework.Testing.Unit.Pages.MarkdownPostUnitTest" assertions="1" time="0.003385"/>
        <testcase name="Get source path" file="Markdown Post Unit (Hyde\Framework\Testing\Unit\Pages\MarkdownPostUnit)::Get source path" class="Hyde\Framework\Testing\Unit\Pages\MarkdownPostUnitTest" classname="Hyde.Framework.Testing.Unit.Pages.MarkdownPostUnitTest" assertions="1" time="0.004713"/>
        <testcase name="Get output path" file="Markdown Post Unit (Hyde\Framework\Testing\Unit\Pages\MarkdownPostUnit)::Get output path" class="Hyde\Framework\Testing\Unit\Pages\MarkdownPostUnitTest" classname="Hyde.Framework.Testing.Unit.Pages.MarkdownPostUnitTest" assertions="1" time="0.004788"/>
        <testcase name="Get link" file="Markdown Post Unit (Hyde\Framework\Testing\Unit\Pages\MarkdownPostUnit)::Get link" class="Hyde\Framework\Testing\Unit\Pages\MarkdownPostUnitTest" classname="Hyde.Framework.Testing.Unit.Pages.MarkdownPostUnitTest" assertions="1" time="0.004707"/>
        <testcase name="Make" file="Markdown Post Unit (Hyde\Framework\Testing\Unit\Pages\MarkdownPostUnit)::Make" class="Hyde\Framework\Testing\Unit\Pages\MarkdownPostUnitTest" classname="Hyde.Framework.Testing.Unit.Pages.MarkdownPostUnitTest" assertions="1" time="0.005941"/>
        <testcase name="Make with data" file="Markdown Post Unit (Hyde\Framework\Testing\Unit\Pages\MarkdownPostUnit)::Make with data" class="Hyde\Framework\Testing\Unit\Pages\MarkdownPostUnitTest" classname="Hyde.Framework.Testing.Unit.Pages.MarkdownPostUnitTest" assertions="1" time="0.006313"/>
        <testcase name="Show in navigation" file="Markdown Post Unit (Hyde\Framework\Testing\Unit\Pages\MarkdownPostUnit)::Show in navigation" class="Hyde\Framework\Testing\Unit\Pages\MarkdownPostUnitTest" classname="Hyde.Framework.Testing.Unit.Pages.MarkdownPostUnitTest" assertions="1" time="0.004641"/>
        <testcase name="Navigation menu priority" file="Markdown Post Unit (Hyde\Framework\Testing\Unit\Pages\MarkdownPostUnit)::Navigation menu priority" class="Hyde\Framework\Testing\Unit\Pages\MarkdownPostUnitTest" classname="Hyde.Framework.Testing.Unit.Pages.MarkdownPostUnitTest" assertions="1" time="0.004657"/>
        <testcase name="Navigation menu label" file="Markdown Post Unit (Hyde\Framework\Testing\Unit\Pages\MarkdownPostUnit)::Navigation menu label" class="Hyde\Framework\Testing\Unit\Pages\MarkdownPostUnitTest" classname="Hyde.Framework.Testing.Unit.Pages.MarkdownPostUnitTest" assertions="1" time="0.004764"/>
        <testcase name="Navigation menu group" file="Markdown Post Unit (Hyde\Framework\Testing\Unit\Pages\MarkdownPostUnit)::Navigation menu group" class="Hyde\Framework\Testing\Unit\Pages\MarkdownPostUnitTest" classname="Hyde.Framework.Testing.Unit.Pages.MarkdownPostUnitTest" assertions="1" time="0.004746"/>
        <testcase name="Get blade view" file="Markdown Post Unit (Hyde\Framework\Testing\Unit\Pages\MarkdownPostUnit)::Get blade view" class="Hyde\Framework\Testing\Unit\Pages\MarkdownPostUnitTest" classname="Hyde.Framework.Testing.Unit.Pages.MarkdownPostUnitTest" assertions="1" time="0.004722"/>
        <testcase name="Files" file="Markdown Post Unit (Hyde\Framework\Testing\Unit\Pages\MarkdownPostUnit)::Files" class="Hyde\Framework\Testing\Unit\Pages\MarkdownPostUnitTest" classname="Hyde.Framework.Testing.Unit.Pages.MarkdownPostUnitTest" assertions="1" time="0.006932"/>
        <testcase name="Data" file="Markdown Post Unit (Hyde\Framework\Testing\Unit\Pages\MarkdownPostUnit)::Data" class="Hyde\Framework\Testing\Unit\Pages\MarkdownPostUnitTest" classname="Hyde.Framework.Testing.Unit.Pages.MarkdownPostUnitTest" assertions="1" time="0.004745"/>
        <testcase name="Get" file="Markdown Post Unit (Hyde\Framework\Testing\Unit\Pages\MarkdownPostUnit)::Get" class="Hyde\Framework\Testing\Unit\Pages\MarkdownPostUnitTest" classname="Hyde.Framework.Testing.Unit.Pages.MarkdownPostUnitTest" assertions="1" time="0.009934"/>
        <testcase name="Parse" file="Markdown Post Unit (Hyde\Framework\Testing\Unit\Pages\MarkdownPostUnit)::Parse" class="Hyde\Framework\Testing\Unit\Pages\MarkdownPostUnitTest" classname="Hyde.Framework.Testing.Unit.Pages.MarkdownPostUnitTest" assertions="1" time="0.005582"/>
        <testcase name="Get route key" file="Markdown Post Unit (Hyde\Framework\Testing\Unit\Pages\MarkdownPostUnit)::Get route key" class="Hyde\Framework\Testing\Unit\Pages\MarkdownPostUnitTest" classname="Hyde.Framework.Testing.Unit.Pages.MarkdownPostUnitTest" assertions="1" time="0.004743"/>
        <testcase name="Title" file="Markdown Post Unit (Hyde\Framework\Testing\Unit\Pages\MarkdownPostUnit)::Title" class="Hyde\Framework\Testing\Unit\Pages\MarkdownPostUnitTest" classname="Hyde.Framework.Testing.Unit.Pages.MarkdownPostUnitTest" assertions="1" time="0.004700"/>
        <testcase name="All" file="Markdown Post Unit (Hyde\Framework\Testing\Unit\Pages\MarkdownPostUnit)::All" class="Hyde\Framework\Testing\Unit\Pages\MarkdownPostUnitTest" classname="Hyde.Framework.Testing.Unit.Pages.MarkdownPostUnitTest" assertions="1" time="0.006618"/>
        <testcase name="Metadata" file="Markdown Post Unit (Hyde\Framework\Testing\Unit\Pages\MarkdownPostUnit)::Metadata" class="Hyde\Framework\Testing\Unit\Pages\MarkdownPostUnitTest" classname="Hyde.Framework.Testing.Unit.Pages.MarkdownPostUnitTest" assertions="1" time="0.004555"/>
        <testcase name="Construct" file="Markdown Post Unit (Hyde\Framework\Testing\Unit\Pages\MarkdownPostUnit)::Construct" class="Hyde\Framework\Testing\Unit\Pages\MarkdownPostUnitTest" classname="Hyde.Framework.Testing.Unit.Pages.MarkdownPostUnitTest" assertions="1" time="0.004569"/>
        <testcase name="Get route" file="Markdown Post Unit (Hyde\Framework\Testing\Unit\Pages\MarkdownPostUnit)::Get route" class="Hyde\Framework\Testing\Unit\Pages\MarkdownPostUnitTest" classname="Hyde.Framework.Testing.Unit.Pages.MarkdownPostUnitTest" assertions="1" time="0.007377"/>
        <testcase name="Get identifier" file="Markdown Post Unit (Hyde\Framework\Testing\Unit\Pages\MarkdownPostUnit)::Get identifier" class="Hyde\Framework\Testing\Unit\Pages\MarkdownPostUnitTest" classname="Hyde.Framework.Testing.Unit.Pages.MarkdownPostUnitTest" assertions="1" time="0.004718"/>
        <testcase name="Has" file="Markdown Post Unit (Hyde\Framework\Testing\Unit\Pages\MarkdownPostUnit)::Has" class="Hyde\Framework\Testing\Unit\Pages\MarkdownPostUnitTest" classname="Hyde.Framework.Testing.Unit.Pages.MarkdownPostUnitTest" assertions="1" time="0.004679"/>
        <testcase name="To core data object" file="Markdown Post Unit (Hyde\Framework\Testing\Unit\Pages\MarkdownPostUnit)::To core data object" class="Hyde\Framework\Testing\Unit\Pages\MarkdownPostUnitTest" classname="Hyde.Framework.Testing.Unit.Pages.MarkdownPostUnitTest" assertions="1" time="0.004691"/>
        <testcase name="Compile" file="Markdown Post Unit (Hyde\Framework\Testing\Unit\Pages\MarkdownPostUnit)::Compile" class="Hyde\Framework\Testing\Unit\Pages\MarkdownPostUnitTest" classname="Hyde.Framework.Testing.Unit.Pages.MarkdownPostUnitTest" assertions="1" time="0.009039"/>
        <testcase name="Matter" file="Markdown Post Unit (Hyde\Framework\Testing\Unit\Pages\MarkdownPostUnit)::Matter" class="Hyde\Framework\Testing\Unit\Pages\MarkdownPostUnitTest" classname="Hyde.Framework.Testing.Unit.Pages.MarkdownPostUnitTest" assertions="1" time="0.004669"/>
        <testcase name="Markdown" file="Markdown Post Unit (Hyde\Framework\Testing\Unit\Pages\MarkdownPostUnit)::Markdown" class="Hyde\Framework\Testing\Unit\Pages\MarkdownPostUnitTest" classname="Hyde.Framework.Testing.Unit.Pages.MarkdownPostUnitTest" assertions="1" time="0.004648"/>
        <testcase name="Save" file="Markdown Post Unit (Hyde\Framework\Testing\Unit\Pages\MarkdownPostUnit)::Save" class="Hyde\Framework\Testing\Unit\Pages\MarkdownPostUnitTest" classname="Hyde.Framework.Testing.Unit.Pages.MarkdownPostUnitTest" assertions="2" time="0.005441"/>
      </testsuite>
      <testsuite name="Hyde\Framework\Testing\Unit\Pages\PageModelGetAllFilesHelperTest" file="Page Model Get All Files Helper (Hyde\Framework\Testing\Unit\Pages\PageModelGetAllFilesHelper)" tests="4" assertions="12" errors="0" failures="0" skipped="0" time="0.131534">
        <testcase name="Blade page get helper returns blade page array" file="Page Model Get All Files Helper (Hyde\Framework\Testing\Unit\Pages\PageModelGetAllFilesHelper)::Blade page get helper returns blade page array" class="Hyde\Framework\Testing\Unit\Pages\PageModelGetAllFilesHelperTest" classname="Hyde.Framework.Testing.Unit.Pages.PageModelGetAllFilesHelperTest" assertions="3" time="0.057453"/>
        <testcase name="Markdown page get helper returns markdown page array" file="Page Model Get All Files Helper (Hyde\Framework\Testing\Unit\Pages\PageModelGetAllFilesHelper)::Markdown page get helper returns markdown page array" class="Hyde\Framework\Testing\Unit\Pages\PageModelGetAllFilesHelperTest" classname="Hyde.Framework.Testing.Unit.Pages.PageModelGetAllFilesHelperTest" assertions="3" time="0.024470"/>
        <testcase name="Markdown post get helper returns markdown post array" file="Page Model Get All Files Helper (Hyde\Framework\Testing\Unit\Pages\PageModelGetAllFilesHelper)::Markdown post get helper returns markdown post array" class="Hyde\Framework\Testing\Unit\Pages\PageModelGetAllFilesHelperTest" classname="Hyde.Framework.Testing.Unit.Pages.PageModelGetAllFilesHelperTest" assertions="3" time="0.024992"/>
        <testcase name="Documentation page get helper returns documentation page array" file="Page Model Get All Files Helper (Hyde\Framework\Testing\Unit\Pages\PageModelGetAllFilesHelper)::Documentation page get helper returns documentation page array" class="Hyde\Framework\Testing\Unit\Pages\PageModelGetAllFilesHelperTest" classname="Hyde.Framework.Testing.Unit.Pages.PageModelGetAllFilesHelperTest" assertions="3" time="0.024620"/>
      </testsuite>
      <testsuite name="Hyde\Framework\Testing\Unit\Pages\PageModelGetHelperTest" file="Page Model Get Helper (Hyde\Framework\Testing\Unit\Pages\PageModelGetHelper)" tests="4" assertions="12" errors="0" failures="0" skipped="0" time="0.101635">
        <testcase name="Blade page get helper returns blade page collection" file="Page Model Get Helper (Hyde\Framework\Testing\Unit\Pages\PageModelGetHelper)::Blade page get helper returns blade page collection" class="Hyde\Framework\Testing\Unit\Pages\PageModelGetHelperTest" classname="Hyde.Framework.Testing.Unit.Pages.PageModelGetHelperTest" assertions="3" time="0.028937"/>
        <testcase name="Markdown page get helper returns markdown page collection" file="Page Model Get Helper (Hyde\Framework\Testing\Unit\Pages\PageModelGetHelper)::Markdown page get helper returns markdown page collection" class="Hyde\Framework\Testing\Unit\Pages\PageModelGetHelperTest" classname="Hyde.Framework.Testing.Unit.Pages.PageModelGetHelperTest" assertions="3" time="0.023984"/>
        <testcase name="Markdown post get helper returns markdown post collection" file="Page Model Get Helper (Hyde\Framework\Testing\Unit\Pages\PageModelGetHelper)::Markdown post get helper returns markdown post collection" class="Hyde\Framework\Testing\Unit\Pages\PageModelGetHelperTest" classname="Hyde.Framework.Testing.Unit.Pages.PageModelGetHelperTest" assertions="3" time="0.024505"/>
        <testcase name="Documentation page get helper returns documentation page collection" file="Page Model Get Helper (Hyde\Framework\Testing\Unit\Pages\PageModelGetHelper)::Documentation page get helper returns documentation page collection" class="Hyde\Framework\Testing\Unit\Pages\PageModelGetHelperTest" classname="Hyde.Framework.Testing.Unit.Pages.PageModelGetHelperTest" assertions="3" time="0.024209"/>
      </testsuite>
      <testsuite name="Hyde\Framework\Testing\Unit\Pages\PageModelParseHelperTest" file="Page Model Parse Helper (Hyde\Framework\Testing\Unit\Pages\PageModelParseHelper)" tests="4" assertions="4" errors="0" failures="0" skipped="0" time="0.101290">
        <testcase name="Blade page get helper returns blade page object" file="Page Model Parse Helper (Hyde\Framework\Testing\Unit\Pages\PageModelParseHelper)::Blade page get helper returns blade page object" class="Hyde\Framework\Testing\Unit\Pages\PageModelParseHelperTest" classname="Hyde.Framework.Testing.Unit.Pages.PageModelParseHelperTest" assertions="1" time="0.026573"/>
        <testcase name="Markdown page get helper returns markdown page object" file="Page Model Parse Helper (Hyde\Framework\Testing\Unit\Pages\PageModelParseHelper)::Markdown page get helper returns markdown page object" class="Hyde\Framework\Testing\Unit\Pages\PageModelParseHelperTest" classname="Hyde.Framework.Testing.Unit.Pages.PageModelParseHelperTest" assertions="1" time="0.021061"/>
        <testcase name="Markdown post get helper returns markdown post object" file="Page Model Parse Helper (Hyde\Framework\Testing\Unit\Pages\PageModelParseHelper)::Markdown post get helper returns markdown post object" class="Hyde\Framework\Testing\Unit\Pages\PageModelParseHelperTest" classname="Hyde.Framework.Testing.Unit.Pages.PageModelParseHelperTest" assertions="1" time="0.032340"/>
        <testcase name="Documentation page get helper returns documentation page object" file="Page Model Parse Helper (Hyde\Framework\Testing\Unit\Pages\PageModelParseHelper)::Documentation page get helper returns documentation page object" class="Hyde\Framework\Testing\Unit\Pages\PageModelParseHelperTest" classname="Hyde.Framework.Testing.Unit.Pages.PageModelParseHelperTest" assertions="1" time="0.021316"/>
      </testsuite>
      <testsuite name="Hyde\Framework\Testing\Unit\Pages\TestAllPageTypesHaveUnitTestsTest" file="All Page Types Have Unit Tests (Hyde\Framework\Testing\Unit\Pages\AllPageTypesHaveUnitTests)" tests="1" assertions="8" errors="0" failures="0" skipped="0" time="0.026081">
        <testcase name="All page types have unit tests" file="All Page Types Have Unit Tests (Hyde\Framework\Testing\Unit\Pages\AllPageTypesHaveUnitTests)::All page types have unit tests" class="Hyde\Framework\Testing\Unit\Pages\TestAllPageTypesHaveUnitTestsTest" classname="Hyde.Framework.Testing.Unit.Pages.TestAllPageTypesHaveUnitTestsTest" assertions="8" time="0.026081"/>
      </testsuite>
      <testsuite name="Hyde\Framework\Testing\Unit\PostAuthorTest" file="Post Author (Hyde\Framework\Testing\Unit\PostAuthor)" tests="14" assertions="25" errors="0" failures="0" skipped="0" time="0.032594">
        <testcase name="Create method creates new author model" file="Post Author (Hyde\Framework\Testing\Unit\PostAuthor)::Create method creates new author model" class="Hyde\Framework\Testing\Unit\PostAuthorTest" classname="Hyde.Framework.Testing.Unit.PostAuthorTest" assertions="1" time="0.003942"/>
        <testcase name="Create method accepts all parameters" file="Post Author (Hyde\Framework\Testing\Unit\PostAuthor)::Create method accepts all parameters" class="Hyde\Framework\Testing\Unit\PostAuthorTest" classname="Hyde.Framework.Testing.Unit.PostAuthorTest" assertions="3" time="0.002208"/>
        <testcase name="Get or create method creates new author model from string" file="Post Author (Hyde\Framework\Testing\Unit\PostAuthor)::Get or create method creates new author model from string" class="Hyde\Framework\Testing\Unit\PostAuthorTest" classname="Hyde.Framework.Testing.Unit.PostAuthorTest" assertions="1" time="0.002340"/>
        <testcase name="Get or create method creates new author model from string can find existing author" file="Post Author (Hyde\Framework\Testing\Unit\PostAuthor)::Get or create method creates new author model from string can find existing author" class="Hyde\Framework\Testing\Unit\PostAuthorTest" classname="Hyde.Framework.Testing.Unit.PostAuthorTest" assertions="1" time="0.002408"/>
        <testcase name="Get or create method creates new author model from array" file="Post Author (Hyde\Framework\Testing\Unit\PostAuthor)::Get or create method creates new author model from array" class="Hyde\Framework\Testing\Unit\PostAuthorTest" classname="Hyde.Framework.Testing.Unit.PostAuthorTest" assertions="1" time="0.002096"/>
        <testcase name="Get or create method creates new author model from array only needs username" file="Post Author (Hyde\Framework\Testing\Unit\PostAuthor)::Get or create method creates new author model from array only needs username" class="Hyde\Framework\Testing\Unit\PostAuthorTest" classname="Hyde.Framework.Testing.Unit.PostAuthorTest" assertions="1" time="0.002141"/>
        <testcase name="All method returns empty collection if no authors are set in config" file="Post Author (Hyde\Framework\Testing\Unit\PostAuthor)::All method returns empty collection if no authors are set in config" class="Hyde\Framework\Testing\Unit\PostAuthorTest" classname="Hyde.Framework.Testing.Unit.PostAuthorTest" assertions="2" time="0.002146"/>
        <testcase name="All method returns collection with all authors defined in config" file="Post Author (Hyde\Framework\Testing\Unit\PostAuthor)::All method returns collection with all authors defined in config" class="Hyde\Framework\Testing\Unit\PostAuthorTest" classname="Hyde.Framework.Testing.Unit.PostAuthorTest" assertions="3" time="0.002448"/>
        <testcase name="Multiple authors can be defined in config" file="Post Author (Hyde\Framework\Testing\Unit\PostAuthor)::Multiple authors can be defined in config" class="Hyde\Framework\Testing\Unit\PostAuthorTest" classname="Hyde.Framework.Testing.Unit.PostAuthorTest" assertions="4" time="0.002601"/>
        <testcase name="Get method returns config defined author by username" file="Post Author (Hyde\Framework\Testing\Unit\PostAuthor)::Get method returns config defined author by username" class="Hyde\Framework\Testing\Unit\PostAuthorTest" classname="Hyde.Framework.Testing.Unit.PostAuthorTest" assertions="3" time="0.002346"/>
        <testcase name="Get method returns new author if username not found in config" file="Post Author (Hyde\Framework\Testing\Unit\PostAuthor)::Get method returns new author if username not found in config" class="Hyde\Framework\Testing\Unit\PostAuthorTest" classname="Hyde.Framework.Testing.Unit.PostAuthorTest" assertions="2" time="0.002251"/>
        <testcase name="Get name helper returns name if set" file="Post Author (Hyde\Framework\Testing\Unit\PostAuthor)::Get name helper returns name if set" class="Hyde\Framework\Testing\Unit\PostAuthorTest" classname="Hyde.Framework.Testing.Unit.PostAuthorTest" assertions="1" time="0.001890"/>
        <testcase name="Get name helper returns username if name is not set" file="Post Author (Hyde\Framework\Testing\Unit\PostAuthor)::Get name helper returns username if name is not set" class="Hyde\Framework\Testing\Unit\PostAuthorTest" classname="Hyde.Framework.Testing.Unit.PostAuthorTest" assertions="1" time="0.001893"/>
        <testcase name="To string helper returns the name" file="Post Author (Hyde\Framework\Testing\Unit\PostAuthor)::To string helper returns the name" class="Hyde\Framework\Testing\Unit\PostAuthorTest" classname="Hyde.Framework.Testing.Unit.PostAuthorTest" assertions="1" time="0.001886"/>
      </testsuite>
      <testsuite name="Hyde\Framework\Testing\Unit\RelativeLinksAcrossPagesRetainsIntegrityTest" file="Relative Links Across Pages Retains Integrity (Hyde\Framework\Testing\Unit\RelativeLinksAcrossPagesRetainsIntegrity)" tests="1" assertions="18" errors="0" failures="0" skipped="0" time="0.165725">
        <testcase name="Relative links across pages retains integrity" file="Relative Links Across Pages Retains Integrity (Hyde\Framework\Testing\Unit\RelativeLinksAcrossPagesRetainsIntegrity)::Relative links across pages retains integrity" class="Hyde\Framework\Testing\Unit\RelativeLinksAcrossPagesRetainsIntegrityTest" classname="Hyde.Framework.Testing.Unit.RelativeLinksAcrossPagesRetainsIntegrityTest" assertions="18" time="0.165725"/>
      </testsuite>
      <testsuite name="Hyde\Framework\Testing\Unit\RenderHelperTest" file="Render Helper (Hyde\Framework\Testing\Unit\RenderHelper)" tests="18" assertions="44" errors="0" failures="0" skipped="0" time="0.060032">
        <testcase name="Set and get page" file="Render Helper (Hyde\Framework\Testing\Unit\RenderHelper)::Set and get page" class="Hyde\Framework\Testing\Unit\RenderHelperTest" classname="Hyde.Framework.Testing.Unit.RenderHelperTest" assertions="2" time="0.005485"/>
        <testcase name="Set page shares data to view automatically" file="Render Helper (Hyde\Framework\Testing\Unit\RenderHelper)::Set page shares data to view automatically" class="Hyde\Framework\Testing\Unit\RenderHelperTest" classname="Hyde.Framework.Testing.Unit.RenderHelperTest" assertions="2" time="0.003680"/>
        <testcase name="Get route" file="Render Helper (Hyde\Framework\Testing\Unit\RenderHelper)::Get route" class="Hyde\Framework\Testing\Unit\RenderHelperTest" classname="Hyde.Framework.Testing.Unit.RenderHelperTest" assertions="2" time="0.003668"/>
        <testcase name="Get route key" file="Render Helper (Hyde\Framework\Testing\Unit\RenderHelper)::Get route key" class="Hyde\Framework\Testing\Unit\RenderHelperTest" classname="Hyde.Framework.Testing.Unit.RenderHelperTest" assertions="2" time="0.003559"/>
        <testcase name="Share to view" file="Render Helper (Hyde\Framework\Testing\Unit\RenderHelper)::Share to view" class="Hyde\Framework\Testing\Unit\RenderHelperTest" classname="Hyde.Framework.Testing.Unit.RenderHelperTest" assertions="6" time="0.004231"/>
        <testcase name="Share route key" file="Render Helper (Hyde\Framework\Testing\Unit\RenderHelper)::Share route key" class="Hyde\Framework\Testing\Unit\RenderHelperTest" classname="Hyde.Framework.Testing.Unit.RenderHelperTest" assertions="2" time="0.002425"/>
        <testcase name="Share route" file="Render Helper (Hyde\Framework\Testing\Unit\RenderHelper)::Share route" class="Hyde\Framework\Testing\Unit\RenderHelperTest" classname="Hyde.Framework.Testing.Unit.RenderHelperTest" assertions="2" time="0.003416"/>
        <testcase name="Share page" file="Render Helper (Hyde\Framework\Testing\Unit\RenderHelper)::Share page" class="Hyde\Framework\Testing\Unit\RenderHelperTest" classname="Hyde.Framework.Testing.Unit.RenderHelperTest" assertions="2" time="0.003391"/>
        <testcase name="Share invalid property" file="Render Helper (Hyde\Framework\Testing\Unit\RenderHelper)::Share invalid property" class="Hyde\Framework\Testing\Unit\RenderHelperTest" classname="Hyde.Framework.Testing.Unit.RenderHelperTest" assertions="2" time="0.002425"/>
        <testcase name="Share invalid type" file="Render Helper (Hyde\Framework\Testing\Unit\RenderHelper)::Share invalid type" class="Hyde\Framework\Testing\Unit\RenderHelperTest" classname="Hyde.Framework.Testing.Unit.RenderHelperTest" assertions="2" time="0.002437"/>
        <testcase name="Share invalid type for property" file="Render Helper (Hyde\Framework\Testing\Unit\RenderHelper)::Share invalid type for property" class="Hyde\Framework\Testing\Unit\RenderHelperTest" classname="Hyde.Framework.Testing.Unit.RenderHelperTest" assertions="2" time="0.002400"/>
        <testcase name="Share cascades data to view" file="Render Helper (Hyde\Framework\Testing\Unit\RenderHelper)::Share cascades data to view" class="Hyde\Framework\Testing\Unit\RenderHelperTest" classname="Hyde.Framework.Testing.Unit.RenderHelperTest" assertions="2" time="0.002547"/>
        <testcase name="Clear data" file="Render Helper (Hyde\Framework\Testing\Unit\RenderHelper)::Clear data" class="Hyde\Framework\Testing\Unit\RenderHelperTest" classname="Hyde.Framework.Testing.Unit.RenderHelperTest" assertions="2" time="0.003588"/>
        <testcase name="Clear data on facade" file="Render Helper (Hyde\Framework\Testing\Unit\RenderHelper)::Clear data on facade" class="Hyde\Framework\Testing\Unit\RenderHelperTest" classname="Hyde.Framework.Testing.Unit.RenderHelperTest" assertions="2" time="0.003596"/>
        <testcase name="Clear data cascades to clear its view data" file="Render Helper (Hyde\Framework\Testing\Unit\RenderHelper)::Clear data cascades to clear its view data" class="Hyde\Framework\Testing\Unit\RenderHelperTest" classname="Hyde.Framework.Testing.Unit.RenderHelperTest" assertions="6" time="0.004197"/>
        <testcase name="Clear data does not clear other view data" file="Render Helper (Hyde\Framework\Testing\Unit\RenderHelper)::Clear data does not clear other view data" class="Hyde\Framework\Testing\Unit\RenderHelperTest" classname="Hyde.Framework.Testing.Unit.RenderHelperTest" assertions="2" time="0.002583"/>
        <testcase name="Clear data does not clear render instance from view data" file="Render Helper (Hyde\Framework\Testing\Unit\RenderHelper)::Clear data does not clear render instance from view data" class="Hyde\Framework\Testing\Unit\RenderHelperTest" classname="Hyde.Framework.Testing.Unit.RenderHelperTest" assertions="2" time="0.002555"/>
        <testcase name="To array" file="Render Helper (Hyde\Framework\Testing\Unit\RenderHelper)::To array" class="Hyde\Framework\Testing\Unit\RenderHelperTest" classname="Hyde.Framework.Testing.Unit.RenderHelperTest" assertions="2" time="0.003847"/>
      </testsuite>
      <testsuite name="Hyde\Framework\Testing\Unit\RouteKeyTest" file="Route Key (Hyde\Framework\Testing\Unit\RouteKey)" tests="12" assertions="25" errors="0" failures="0" skipped="0" time="0.040277">
        <testcase name="Make" file="Route Key (Hyde\Framework\Testing\Unit\RouteKey)::Make" class="Hyde\Framework\Testing\Unit\RouteKeyTest" classname="Hyde.Framework.Testing.Unit.RouteKeyTest" assertions="1" time="0.017369"/>
        <testcase name="Construct" file="Route Key (Hyde\Framework\Testing\Unit\RouteKey)::Construct" class="Hyde\Framework\Testing\Unit\RouteKeyTest" classname="Hyde.Framework.Testing.Unit.RouteKeyTest" assertions="1" time="0.001790"/>
        <testcase name="To string" file="Route Key (Hyde\Framework\Testing\Unit\RouteKey)::To string" class="Hyde\Framework\Testing\Unit\RouteKeyTest" classname="Hyde.Framework.Testing.Unit.RouteKeyTest" assertions="1" time="0.001840"/>
        <testcase name="Get" file="Route Key (Hyde\Framework\Testing\Unit\RouteKey)::Get" class="Hyde\Framework\Testing\Unit\RouteKeyTest" classname="Hyde.Framework.Testing.Unit.RouteKeyTest" assertions="1" time="0.001802"/>
        <testcase name="Cast" file="Route Key (Hyde\Framework\Testing\Unit\RouteKey)::Cast" class="Hyde\Framework\Testing\Unit\RouteKeyTest" classname="Hyde.Framework.Testing.Unit.RouteKeyTest" assertions="1" time="0.001826"/>
        <testcase name="Constructor values are normalized" file="Route Key (Hyde\Framework\Testing\Unit\RouteKey)::Constructor values are normalized" class="Hyde\Framework\Testing\Unit\RouteKeyTest" classname="Hyde.Framework.Testing.Unit.RouteKeyTest" assertions="3" time="0.002196"/>
        <testcase name="Static constructor values are normalized" file="Route Key (Hyde\Framework\Testing\Unit\RouteKey)::Static constructor values are normalized" class="Hyde\Framework\Testing\Unit\RouteKeyTest" classname="Hyde.Framework.Testing.Unit.RouteKeyTest" assertions="3" time="0.002186"/>
        <testcase name="From page" file="Route Key (Hyde\Framework\Testing\Unit\RouteKey)::From page" class="Hyde\Framework\Testing\Unit\RouteKeyTest" classname="Hyde.Framework.Testing.Unit.RouteKeyTest" assertions="5" time="0.002584"/>
        <testcase name="From page with nested identifier" file="Route Key (Hyde\Framework\Testing\Unit\RouteKey)::From page with nested identifier" class="Hyde\Framework\Testing\Unit\RouteKeyTest" classname="Hyde.Framework.Testing.Unit.RouteKeyTest" assertions="5" time="0.002553"/>
        <testcase name="From page with in memory page" file="Route Key (Hyde\Framework\Testing\Unit\RouteKey)::From page with in memory page" class="Hyde\Framework\Testing\Unit\RouteKeyTest" classname="Hyde.Framework.Testing.Unit.RouteKeyTest" assertions="2" time="0.002126"/>
        <testcase name="From page with custom output directory" file="Route Key (Hyde\Framework\Testing\Unit\RouteKey)::From page with custom output directory" class="Hyde\Framework\Testing\Unit\RouteKeyTest" classname="Hyde.Framework.Testing.Unit.RouteKeyTest" assertions="1" time="0.001978"/>
        <testcase name="From page with custom nested output directory" file="Route Key (Hyde\Framework\Testing\Unit\RouteKey)::From page with custom nested output directory" class="Hyde\Framework\Testing\Unit\RouteKeyTest" classname="Hyde.Framework.Testing.Unit.RouteKeyTest" assertions="1" time="0.002028"/>
      </testsuite>
      <testsuite name="Hyde\Framework\Testing\Unit\RouteNotFoundExceptionTest" file="Route Not Found Exception (Hyde\Framework\Testing\Unit\RouteNotFoundException)" tests="2" assertions="4" errors="0" failures="0" skipped="0" time="0.015674">
        <testcase name="It can be instantiated" file="Route Not Found Exception (Hyde\Framework\Testing\Unit\RouteNotFoundException)::It can be instantiated" class="Hyde\Framework\Testing\Unit\RouteNotFoundExceptionTest" classname="Hyde.Framework.Testing.Unit.RouteNotFoundExceptionTest" assertions="1" time="0.013409"/>
        <testcase name="It throws an exception when page type is not supported" file="Route Not Found Exception (Hyde\Framework\Testing\Unit\RouteNotFoundException)::It throws an exception when page type is not supported" class="Hyde\Framework\Testing\Unit\RouteNotFoundExceptionTest" classname="Hyde.Framework.Testing.Unit.RouteNotFoundExceptionTest" assertions="3" time="0.002265"/>
      </testsuite>
      <testsuite name="Hyde\Framework\Testing\Unit\RouteTest" file="Route (Hyde\Framework\Testing\Unit\Route)" tests="18" assertions="23" errors="0" failures="0" skipped="0" time="0.070954">
        <testcase name="Constructor creates route from page model" file="Route (Hyde\Framework\Testing\Unit\Route)::Constructor creates route from page model" class="Hyde\Framework\Testing\Unit\RouteTest" classname="Hyde.Framework.Testing.Unit.RouteTest" assertions="1" time="0.005944"/>
        <testcase name="Get page type returns fully qualified class name" file="Route (Hyde\Framework\Testing\Unit\Route)::Get page type returns fully qualified class name" class="Hyde\Framework\Testing\Unit\RouteTest" classname="Hyde.Framework.Testing.Unit.RouteTest" assertions="1" time="0.003383"/>
        <testcase name="Get source model returns page model" file="Route (Hyde\Framework\Testing\Unit\Route)::Get source model returns page model" class="Hyde\Framework\Testing\Unit\RouteTest" classname="Hyde.Framework.Testing.Unit.RouteTest" assertions="2" time="0.003385"/>
        <testcase name="Get route key returns page path" file="Route (Hyde\Framework\Testing\Unit\Route)::Get route key returns page path" class="Hyde\Framework\Testing\Unit\RouteTest" classname="Hyde.Framework.Testing.Unit.RouteTest" assertions="1" time="0.003354"/>
        <testcase name="Get source file path returns page source path" file="Route (Hyde\Framework\Testing\Unit\Route)::Get source file path returns page source path" class="Hyde\Framework\Testing\Unit\RouteTest" classname="Hyde.Framework.Testing.Unit.RouteTest" assertions="1" time="0.003386"/>
        <testcase name="Get output file path returns page output path" file="Route (Hyde\Framework\Testing\Unit\Route)::Get output file path returns page output path" class="Hyde\Framework\Testing\Unit\RouteTest" classname="Hyde.Framework.Testing.Unit.RouteTest" assertions="1" time="0.003382"/>
        <testcase name="Get link returns correct path for root pages" file="Route (Hyde\Framework\Testing\Unit\Route)::Get link returns correct path for root pages" class="Hyde\Framework\Testing\Unit\RouteTest" classname="Hyde.Framework.Testing.Unit.RouteTest" assertions="2" time="0.003951"/>
        <testcase name="Get link returns correct path for nested pages" file="Route (Hyde\Framework\Testing\Unit\Route)::Get link returns correct path for nested pages" class="Hyde\Framework\Testing\Unit\RouteTest" classname="Hyde.Framework.Testing.Unit.RouteTest" assertions="2" time="0.003926"/>
        <testcase name="Get link returns correct path for nested current page" file="Route (Hyde\Framework\Testing\Unit\Route)::Get link returns correct path for nested current page" class="Hyde\Framework\Testing\Unit\RouteTest" classname="Hyde.Framework.Testing.Unit.RouteTest" assertions="2" time="0.004251"/>
        <testcase name="Get link returns pretty url if enabled" file="Route (Hyde\Framework\Testing\Unit\Route)::Get link returns pretty url if enabled" class="Hyde\Framework\Testing\Unit\RouteTest" classname="Hyde.Framework.Testing.Unit.RouteTest" assertions="2" time="0.003948"/>
        <testcase name="To string is alias for get link" file="Route (Hyde\Framework\Testing\Unit\Route)::To string is alias for get link" class="Hyde\Framework\Testing\Unit\RouteTest" classname="Hyde.Framework.Testing.Unit.RouteTest" assertions="1" time="0.003751"/>
        <testcase name="Is with route returns true when true" file="Route (Hyde\Framework\Testing\Unit\Route)::Is with route returns true when true" class="Hyde\Framework\Testing\Unit\RouteTest" classname="Hyde.Framework.Testing.Unit.RouteTest" assertions="1" time="0.003514"/>
        <testcase name="Is with route returns false when false" file="Route (Hyde\Framework\Testing\Unit\Route)::Is with route returns false when false" class="Hyde\Framework\Testing\Unit\RouteTest" classname="Hyde.Framework.Testing.Unit.RouteTest" assertions="1" time="0.003875"/>
        <testcase name="Is with route key returns true when true" file="Route (Hyde\Framework\Testing\Unit\Route)::Is with route key returns true when true" class="Hyde\Framework\Testing\Unit\RouteTest" classname="Hyde.Framework.Testing.Unit.RouteTest" assertions="1" time="0.003549"/>
        <testcase name="Is with route key returns false when false" file="Route (Hyde\Framework\Testing\Unit\Route)::Is with route key returns false when false" class="Hyde\Framework\Testing\Unit\RouteTest" classname="Hyde.Framework.Testing.Unit.RouteTest" assertions="1" time="0.003544"/>
        <testcase name="Is with route key object returns true when true" file="Route (Hyde\Framework\Testing\Unit\Route)::Is with route key object returns true when true" class="Hyde\Framework\Testing\Unit\RouteTest" classname="Hyde.Framework.Testing.Unit.RouteTest" assertions="1" time="0.003539"/>
        <testcase name="Is with route key object returns true when false" file="Route (Hyde\Framework\Testing\Unit\Route)::Is with route key object returns true when false" class="Hyde\Framework\Testing\Unit\RouteTest" classname="Hyde.Framework.Testing.Unit.RouteTest" assertions="1" time="0.003647"/>
        <testcase name="To array method" file="Route (Hyde\Framework\Testing\Unit\Route)::To array method" class="Hyde\Framework\Testing\Unit\RouteTest" classname="Hyde.Framework.Testing.Unit.RouteTest" assertions="1" time="0.006626"/>
      </testsuite>
      <testsuite name="Hyde\Framework\Testing\Unit\SchemaContractsTest" file="Schema Contracts (Hyde\Framework\Testing\Unit\SchemaContracts)" tests="5" assertions="30" errors="0" failures="0" skipped="0" time="0.028875">
        <testcase name="Schemas are not accidentally changed" file="Schema Contracts (Hyde\Framework\Testing\Unit\SchemaContracts)::Schemas are not accidentally changed" class="Hyde\Framework\Testing\Unit\SchemaContractsTest" classname="Hyde.Framework.Testing.Unit.SchemaContractsTest" assertions="5" time="0.019256"/>
        <testcase name="All schemas are tested" file="Schema Contracts (Hyde\Framework\Testing\Unit\SchemaContracts)::All schemas are tested" class="Hyde\Framework\Testing\Unit\SchemaContractsTest" classname="Hyde.Framework.Testing.Unit.SchemaContractsTest" assertions="3" time="0.002363"/>
        <testcase name="All schemas extend front matter schema interface" file="Schema Contracts (Hyde\Framework\Testing\Unit\SchemaContracts)::All schemas extend front matter schema interface" class="Hyde\Framework\Testing\Unit\SchemaContractsTest" classname="Hyde.Framework.Testing.Unit.SchemaContractsTest" assertions="5" time="0.002075"/>
        <testcase name="All schemas have constant matching their interface name" file="Schema Contracts (Hyde\Framework\Testing\Unit\SchemaContracts)::All schemas have constant matching their interface name" class="Hyde\Framework\Testing\Unit\SchemaContractsTest" classname="Hyde.Framework.Testing.Unit.SchemaContractsTest" assertions="5" time="0.002104"/>
        <testcase name="Each interface only has one schema" file="Schema Contracts (Hyde\Framework\Testing\Unit\SchemaContracts)::Each interface only has one schema" class="Hyde\Framework\Testing\Unit\SchemaContractsTest" classname="Hyde.Framework.Testing.Unit.SchemaContractsTest" assertions="12" time="0.003076"/>
      </testsuite>
      <testsuite name="Hyde\Framework\Testing\Unit\SerializableContractTest" file="Serializable Contract (Hyde\Framework\Testing\Unit\SerializableContract)" tests="4" assertions="4" errors="0" failures="0" skipped="0" time="0.011540">
        <testcase name="Interface" file="Serializable Contract (Hyde\Framework\Testing\Unit\SerializableContract)::Interface" class="Hyde\Framework\Testing\Unit\SerializableContractTest" classname="Hyde.Framework.Testing.Unit.SerializableContractTest" assertions="1" time="0.006558"/>
        <testcase name="Interface extends json serializable" file="Serializable Contract (Hyde\Framework\Testing\Unit\SerializableContract)::Interface extends json serializable" class="Hyde\Framework\Testing\Unit\SerializableContractTest" classname="Hyde.Framework.Testing.Unit.SerializableContractTest" assertions="1" time="0.001693"/>
        <testcase name="Interface extends arrayable" file="Serializable Contract (Hyde\Framework\Testing\Unit\SerializableContract)::Interface extends arrayable" class="Hyde\Framework\Testing\Unit\SerializableContractTest" classname="Hyde.Framework.Testing.Unit.SerializableContractTest" assertions="1" time="0.001655"/>
        <testcase name="Interface extends jsonable" file="Serializable Contract (Hyde\Framework\Testing\Unit\SerializableContract)::Interface extends jsonable" class="Hyde\Framework\Testing\Unit\SerializableContractTest" classname="Hyde.Framework.Testing.Unit.SerializableContractTest" assertions="1" time="0.001634"/>
      </testsuite>
      <testsuite name="Hyde\Framework\Testing\Unit\SerializableTest" file="Serializable (Hyde\Framework\Testing\Unit\Serializable)" tests="8" assertions="8" errors="0" failures="0" skipped="0" time="0.020353">
        <testcase name="To array" file="Serializable (Hyde\Framework\Testing\Unit\Serializable)::To array" class="Hyde\Framework\Testing\Unit\SerializableTest" classname="Hyde.Framework.Testing.Unit.SerializableTest" assertions="1" time="0.006090"/>
        <testcase name="Json serialize" file="Serializable (Hyde\Framework\Testing\Unit\Serializable)::Json serialize" class="Hyde\Framework\Testing\Unit\SerializableTest" classname="Hyde.Framework.Testing.Unit.SerializableTest" assertions="1" time="0.002105"/>
        <testcase name="To json" file="Serializable (Hyde\Framework\Testing\Unit\Serializable)::To json" class="Hyde\Framework\Testing\Unit\SerializableTest" classname="Hyde.Framework.Testing.Unit.SerializableTest" assertions="1" time="0.001974"/>
        <testcase name="Json encode" file="Serializable (Hyde\Framework\Testing\Unit\Serializable)::Json encode" class="Hyde\Framework\Testing\Unit\SerializableTest" classname="Hyde.Framework.Testing.Unit.SerializableTest" assertions="1" time="0.001924"/>
        <testcase name="Serialize" file="Serializable (Hyde\Framework\Testing\Unit\Serializable)::Serialize" class="Hyde\Framework\Testing\Unit\SerializableTest" classname="Hyde.Framework.Testing.Unit.SerializableTest" assertions="1" time="0.002031"/>
        <testcase name="Serialize with arrayable" file="Serializable (Hyde\Framework\Testing\Unit\Serializable)::Serialize with arrayable" class="Hyde\Framework\Testing\Unit\SerializableTest" classname="Hyde.Framework.Testing.Unit.SerializableTest" assertions="1" time="0.002131"/>
        <testcase name="Json serialize with arrayable" file="Serializable (Hyde\Framework\Testing\Unit\Serializable)::Json serialize with arrayable" class="Hyde\Framework\Testing\Unit\SerializableTest" classname="Hyde.Framework.Testing.Unit.SerializableTest" assertions="1" time="0.002121"/>
        <testcase name="To json with arrayable" file="Serializable (Hyde\Framework\Testing\Unit\Serializable)::To json with arrayable" class="Hyde\Framework\Testing\Unit\SerializableTest" classname="Hyde.Framework.Testing.Unit.SerializableTest" assertions="1" time="0.001976"/>
      </testsuite>
      <testsuite name="Hyde\Framework\Testing\Unit\ServeCommandOptionsUnitTest" file="Serve Command Options Unit (Hyde\Framework\Testing\Unit\ServeCommandOptionsUnit)" tests="26" assertions="58" errors="0" failures="0" skipped="0" time="0.106182">
        <testcase name="Get host selection" file="Serve Command Options Unit (Hyde\Framework\Testing\Unit\ServeCommandOptionsUnit)::Get host selection" class="Hyde\Framework\Testing\Unit\ServeCommandOptionsUnitTest" classname="Hyde.Framework.Testing.Unit.ServeCommandOptionsUnitTest" assertions="1" time="0.011023"/>
        <testcase name="Get host selection with host option" file="Serve Command Options Unit (Hyde\Framework\Testing\Unit\ServeCommandOptionsUnit)::Get host selection with host option" class="Hyde\Framework\Testing\Unit\ServeCommandOptionsUnitTest" classname="Hyde.Framework.Testing.Unit.ServeCommandOptionsUnitTest" assertions="1" time="0.002785"/>
        <testcase name="Get host selection with config option" file="Serve Command Options Unit (Hyde\Framework\Testing\Unit\ServeCommandOptionsUnit)::Get host selection with config option" class="Hyde\Framework\Testing\Unit\ServeCommandOptionsUnitTest" classname="Hyde.Framework.Testing.Unit.ServeCommandOptionsUnitTest" assertions="1" time="0.002883"/>
        <testcase name="Get host selection with host option and config option" file="Serve Command Options Unit (Hyde\Framework\Testing\Unit\ServeCommandOptionsUnit)::Get host selection with host option and config option" class="Hyde\Framework\Testing\Unit\ServeCommandOptionsUnitTest" classname="Hyde.Framework.Testing.Unit.ServeCommandOptionsUnitTest" assertions="1" time="0.002860"/>
        <testcase name="Get port selection" file="Serve Command Options Unit (Hyde\Framework\Testing\Unit\ServeCommandOptionsUnit)::Get port selection" class="Hyde\Framework\Testing\Unit\ServeCommandOptionsUnitTest" classname="Hyde.Framework.Testing.Unit.ServeCommandOptionsUnitTest" assertions="1" time="0.002768"/>
        <testcase name="Get port selection with port option" file="Serve Command Options Unit (Hyde\Framework\Testing\Unit\ServeCommandOptionsUnit)::Get port selection with port option" class="Hyde\Framework\Testing\Unit\ServeCommandOptionsUnitTest" classname="Hyde.Framework.Testing.Unit.ServeCommandOptionsUnitTest" assertions="1" time="0.002748"/>
        <testcase name="Get port selection with config option" file="Serve Command Options Unit (Hyde\Framework\Testing\Unit\ServeCommandOptionsUnit)::Get port selection with config option" class="Hyde\Framework\Testing\Unit\ServeCommandOptionsUnitTest" classname="Hyde.Framework.Testing.Unit.ServeCommandOptionsUnitTest" assertions="1" time="0.002940"/>
        <testcase name="Get port selection with port option and config option" file="Serve Command Options Unit (Hyde\Framework\Testing\Unit\ServeCommandOptionsUnit)::Get port selection with port option and config option" class="Hyde\Framework\Testing\Unit\ServeCommandOptionsUnitTest" classname="Hyde.Framework.Testing.Unit.ServeCommandOptionsUnitTest" assertions="1" time="0.002861"/>
        <testcase name="Get environment variables" file="Serve Command Options Unit (Hyde\Framework\Testing\Unit\ServeCommandOptionsUnit)::Get environment variables" class="Hyde\Framework\Testing\Unit\ServeCommandOptionsUnitTest" classname="Hyde.Framework.Testing.Unit.ServeCommandOptionsUnitTest" assertions="1" time="0.002943"/>
        <testcase name="Get environment variables with no ansi option" file="Serve Command Options Unit (Hyde\Framework\Testing\Unit\ServeCommandOptionsUnit)::Get environment variables with no ansi option" class="Hyde\Framework\Testing\Unit\ServeCommandOptionsUnitTest" classname="Hyde.Framework.Testing.Unit.ServeCommandOptionsUnitTest" assertions="1" time="0.002927"/>
        <testcase name="Save preview option propagates to environment variables" file="Serve Command Options Unit (Hyde\Framework\Testing\Unit\ServeCommandOptionsUnit)::Save preview option propagates to environment variables" class="Hyde\Framework\Testing\Unit\ServeCommandOptionsUnitTest" classname="Hyde.Framework.Testing.Unit.ServeCommandOptionsUnitTest" assertions="5" time="0.004087"/>
        <testcase name="Dashboard option propagates to environment variables" file="Serve Command Options Unit (Hyde\Framework\Testing\Unit\ServeCommandOptionsUnit)::Dashboard option propagates to environment variables" class="Hyde\Framework\Testing\Unit\ServeCommandOptionsUnitTest" classname="Hyde.Framework.Testing.Unit.ServeCommandOptionsUnitTest" assertions="5" time="0.004139"/>
        <testcase name="Pretty urls option propagates to environment variables" file="Serve Command Options Unit (Hyde\Framework\Testing\Unit\ServeCommandOptionsUnit)::Pretty urls option propagates to environment variables" class="Hyde\Framework\Testing\Unit\ServeCommandOptionsUnitTest" classname="Hyde.Framework.Testing.Unit.ServeCommandOptionsUnitTest" assertions="5" time="0.004090"/>
        <testcase name="Play cdn option propagates to environment variables" file="Serve Command Options Unit (Hyde\Framework\Testing\Unit\ServeCommandOptionsUnit)::Play cdn option propagates to environment variables" class="Hyde\Framework\Testing\Unit\ServeCommandOptionsUnitTest" classname="Hyde.Framework.Testing.Unit.ServeCommandOptionsUnitTest" assertions="5" time="0.004119"/>
        <testcase name="Parse environment option" file="Serve Command Options Unit (Hyde\Framework\Testing\Unit\ServeCommandOptionsUnit)::Parse environment option" class="Hyde\Framework\Testing\Unit\ServeCommandOptionsUnitTest" classname="Hyde.Framework.Testing.Unit.ServeCommandOptionsUnitTest" assertions="2" time="0.003069"/>
        <testcase name="Parse environment option with empty string" file="Serve Command Options Unit (Hyde\Framework\Testing\Unit\ServeCommandOptionsUnit)::Parse environment option with empty string" class="Hyde\Framework\Testing\Unit\ServeCommandOptionsUnitTest" classname="Hyde.Framework.Testing.Unit.ServeCommandOptionsUnitTest" assertions="1" time="0.002763"/>
        <testcase name="Parse environment option with null" file="Serve Command Options Unit (Hyde\Framework\Testing\Unit\ServeCommandOptionsUnit)::Parse environment option with null" class="Hyde\Framework\Testing\Unit\ServeCommandOptionsUnitTest" classname="Hyde.Framework.Testing.Unit.ServeCommandOptionsUnitTest" assertions="1" time="0.002756"/>
        <testcase name="Parse environment option with invalid value" file="Serve Command Options Unit (Hyde\Framework\Testing\Unit\ServeCommandOptionsUnit)::Parse environment option with invalid value" class="Hyde\Framework\Testing\Unit\ServeCommandOptionsUnitTest" classname="Hyde.Framework.Testing.Unit.ServeCommandOptionsUnitTest" assertions="2" time="0.002895"/>
        <testcase name="Check argv for option" file="Serve Command Options Unit (Hyde\Framework\Testing\Unit\ServeCommandOptionsUnit)::Check argv for option" class="Hyde\Framework\Testing\Unit\ServeCommandOptionsUnitTest" classname="Hyde.Framework.Testing.Unit.ServeCommandOptionsUnitTest" assertions="2" time="0.002869"/>
        <testcase name="With open argument" file="Serve Command Options Unit (Hyde\Framework\Testing\Unit\ServeCommandOptionsUnit)::With open argument" class="Hyde\Framework\Testing\Unit\ServeCommandOptionsUnitTest" classname="Hyde.Framework.Testing.Unit.ServeCommandOptionsUnitTest" assertions="1" time="0.004945"/>
        <testcase name="With open argument when string" file="Serve Command Options Unit (Hyde\Framework\Testing\Unit\ServeCommandOptionsUnit)::With open argument when string" class="Hyde\Framework\Testing\Unit\ServeCommandOptionsUnitTest" classname="Hyde.Framework.Testing.Unit.ServeCommandOptionsUnitTest" assertions="1" time="0.003128"/>
        <testcase name="With open argument when path" file="Serve Command Options Unit (Hyde\Framework\Testing\Unit\ServeCommandOptionsUnit)::With open argument when path" class="Hyde\Framework\Testing\Unit\ServeCommandOptionsUnitTest" classname="Hyde.Framework.Testing.Unit.ServeCommandOptionsUnitTest" assertions="1" time="0.003127"/>
        <testcase name="Open in browser" file="Serve Command Options Unit (Hyde\Framework\Testing\Unit\ServeCommandOptionsUnit)::Open in browser" class="Hyde\Framework\Testing\Unit\ServeCommandOptionsUnitTest" classname="Hyde.Framework.Testing.Unit.ServeCommandOptionsUnitTest" assertions="4" time="0.014579"/>
        <testcase name="Open in browser with path" file="Serve Command Options Unit (Hyde\Framework\Testing\Unit\ServeCommandOptionsUnit)::Open in browser with path" class="Hyde\Framework\Testing\Unit\ServeCommandOptionsUnitTest" classname="Hyde.Framework.Testing.Unit.ServeCommandOptionsUnitTest" assertions="3" time="0.003122"/>
        <testcase name="Open in browser with path normalizes paths" file="Serve Command Options Unit (Hyde\Framework\Testing\Unit\ServeCommandOptionsUnit)::Open in browser with path normalizes paths" class="Hyde\Framework\Testing\Unit\ServeCommandOptionsUnitTest" classname="Hyde.Framework.Testing.Unit.ServeCommandOptionsUnitTest" assertions="3" time="0.004553"/>
        <testcase name="Open in browser that fails" file="Serve Command Options Unit (Hyde\Framework\Testing\Unit\ServeCommandOptionsUnit)::Open in browser that fails" class="Hyde\Framework\Testing\Unit\ServeCommandOptionsUnitTest" classname="Hyde.Framework.Testing.Unit.ServeCommandOptionsUnitTest" assertions="7" time="0.005203"/>
      </testsuite>
      <testsuite name="Hyde\Framework\Testing\Unit\SourceFilesInCustomDirectoriesCanBeCompiledTest" file="Source Files In Custom Directories Can Be Compiled (Hyde\Framework\Testing\Unit\SourceFilesInCustomDirectoriesCanBeCompiled)" tests="4" assertions="4" errors="0" failures="0" skipped="0" time="0.156324">
        <testcase name="Markdown posts in changed directory can be compiled" file="Source Files In Custom Directories Can Be Compiled (Hyde\Framework\Testing\Unit\SourceFilesInCustomDirectoriesCanBeCompiled)::Markdown posts in changed directory can be compiled" class="Hyde\Framework\Testing\Unit\SourceFilesInCustomDirectoriesCanBeCompiledTest" classname="Hyde.Framework.Testing.Unit.SourceFilesInCustomDirectoriesCanBeCompiledTest" assertions="1" time="0.059502"/>
        <testcase name="Markdown pages in changed directory can be compiled" file="Source Files In Custom Directories Can Be Compiled (Hyde\Framework\Testing\Unit\SourceFilesInCustomDirectoriesCanBeCompiled)::Markdown pages in changed directory can be compiled" class="Hyde\Framework\Testing\Unit\SourceFilesInCustomDirectoriesCanBeCompiledTest" classname="Hyde.Framework.Testing.Unit.SourceFilesInCustomDirectoriesCanBeCompiledTest" assertions="1" time="0.034065"/>
        <testcase name="Documentation pages in changed directory can be compiled" file="Source Files In Custom Directories Can Be Compiled (Hyde\Framework\Testing\Unit\SourceFilesInCustomDirectoriesCanBeCompiled)::Documentation pages in changed directory can be compiled" class="Hyde\Framework\Testing\Unit\SourceFilesInCustomDirectoriesCanBeCompiledTest" classname="Hyde.Framework.Testing.Unit.SourceFilesInCustomDirectoriesCanBeCompiledTest" assertions="1" time="0.038010"/>
        <testcase name="Blade pages in changed directory can be compiled" file="Source Files In Custom Directories Can Be Compiled (Hyde\Framework\Testing\Unit\SourceFilesInCustomDirectoriesCanBeCompiled)::Blade pages in changed directory can be compiled" class="Hyde\Framework\Testing\Unit\SourceFilesInCustomDirectoriesCanBeCompiledTest" classname="Hyde.Framework.Testing.Unit.SourceFilesInCustomDirectoriesCanBeCompiledTest" assertions="1" time="0.024747"/>
      </testsuite>
      <testsuite name="Hyde\Framework\Testing\Unit\TestBuildStaticSiteCommandFlagToEnablePrettyUrlsTest" file="Build Static Site Command Flag To Enable Pretty Urls (Hyde\Framework\Testing\Unit\BuildStaticSiteCommandFlagToEnablePrettyUrls)" tests="2" assertions="4" errors="0" failures="0" skipped="0" time="0.061422">
        <testcase name="Pretty urls can be enabled with flag" file="Build Static Site Command Flag To Enable Pretty Urls (Hyde\Framework\Testing\Unit\BuildStaticSiteCommandFlagToEnablePrettyUrls)::Pretty urls can be enabled with flag" class="Hyde\Framework\Testing\Unit\TestBuildStaticSiteCommandFlagToEnablePrettyUrlsTest" classname="Hyde.Framework.Testing.Unit.TestBuildStaticSiteCommandFlagToEnablePrettyUrlsTest" assertions="3" time="0.041979"/>
        <testcase name="Config change is not persisted" file="Build Static Site Command Flag To Enable Pretty Urls (Hyde\Framework\Testing\Unit\BuildStaticSiteCommandFlagToEnablePrettyUrls)::Config change is not persisted" class="Hyde\Framework\Testing\Unit\TestBuildStaticSiteCommandFlagToEnablePrettyUrlsTest" classname="Hyde.Framework.Testing.Unit.TestBuildStaticSiteCommandFlagToEnablePrettyUrlsTest" assertions="1" time="0.019443"/>
      </testsuite>
      <testsuite name="Hyde\Framework\Testing\Unit\TestingSupportHelpersMetaTest" file="ing Support Helpers Meta (Hyde\Framework\Testing\Unit\ingSupportHelpersMeta)" tests="4" assertions="9" errors="0" failures="0" skipped="0" time="0.011450">
        <testcase name="With pages" file="ing Support Helpers Meta (Hyde\Framework\Testing\Unit\ingSupportHelpersMeta)::With pages" class="Hyde\Framework\Testing\Unit\TestingSupportHelpersMetaTest" classname="Hyde.Framework.Testing.Unit.TestingSupportHelpersMetaTest" assertions="2" time="0.004486"/>
        <testcase name="With pages replaces existing pages" file="ing Support Helpers Meta (Hyde\Framework\Testing\Unit\ingSupportHelpersMeta)::With pages replaces existing pages" class="Hyde\Framework\Testing\Unit\TestingSupportHelpersMetaTest" classname="Hyde.Framework.Testing.Unit.TestingSupportHelpersMetaTest" assertions="2" time="0.002563"/>
        <testcase name="With pages replaces existing routes" file="ing Support Helpers Meta (Hyde\Framework\Testing\Unit\ingSupportHelpersMeta)::With pages replaces existing routes" class="Hyde\Framework\Testing\Unit\TestingSupportHelpersMetaTest" classname="Hyde.Framework.Testing.Unit.TestingSupportHelpersMetaTest" assertions="2" time="0.002508"/>
        <testcase name="With pages when supplying strings" file="ing Support Helpers Meta (Hyde\Framework\Testing\Unit\ingSupportHelpersMeta)::With pages when supplying strings" class="Hyde\Framework\Testing\Unit\TestingSupportHelpersMetaTest" classname="Hyde.Framework.Testing.Unit.TestingSupportHelpersMetaTest" assertions="3" time="0.001893"/>
      </testsuite>
      <testsuite name="Hyde\Framework\Testing\Unit\TracksExecutionTimeTest" file="Tracks Execution Time (Hyde\Framework\Testing\Unit\TracksExecutionTime)" tests="4" assertions="10" errors="0" failures="0" skipped="0" time="0.012064">
        <testcase name="Start clock" file="Tracks Execution Time (Hyde\Framework\Testing\Unit\TracksExecutionTime)::Start clock" class="Hyde\Framework\Testing\Unit\TracksExecutionTimeTest" classname="Hyde.Framework.Testing.Unit.TracksExecutionTimeTest" assertions="4" time="0.006039"/>
        <testcase name="Stop clock" file="Tracks Execution Time (Hyde\Framework\Testing\Unit\TracksExecutionTime)::Stop clock" class="Hyde\Framework\Testing\Unit\TracksExecutionTimeTest" classname="Hyde.Framework.Testing.Unit.TracksExecutionTimeTest" assertions="2" time="0.001988"/>
        <testcase name="Get execution time in ms" file="Tracks Execution Time (Hyde\Framework\Testing\Unit\TracksExecutionTime)::Get execution time in ms" class="Hyde\Framework\Testing\Unit\TracksExecutionTimeTest" classname="Hyde.Framework.Testing.Unit.TracksExecutionTimeTest" assertions="2" time="0.001987"/>
        <testcase name="Get execution time string" file="Tracks Execution Time (Hyde\Framework\Testing\Unit\TracksExecutionTime)::Get execution time string" class="Hyde\Framework\Testing\Unit\TracksExecutionTimeTest" classname="Hyde.Framework.Testing.Unit.TracksExecutionTimeTest" assertions="2" time="0.002049"/>
      </testsuite>
      <testsuite name="Hyde\Framework\Testing\Unit\UnixsumTest" file="Unixsum (Hyde\Framework\Testing\Unit\Unixsum)" tests="10" assertions="13" errors="0" failures="0" skipped="0" time="0.023717">
        <testcase name="Method returns string" file="Unixsum (Hyde\Framework\Testing\Unit\Unixsum)::Method returns string" class="Hyde\Framework\Testing\Unit\UnixsumTest" classname="Hyde.Framework.Testing.Unit.UnixsumTest" assertions="1" time="0.006087"/>
        <testcase name="Method returns string with length of 32" file="Unixsum (Hyde\Framework\Testing\Unit\Unixsum)::Method returns string with length of 32" class="Hyde\Framework\Testing\Unit\UnixsumTest" classname="Hyde.Framework.Testing.Unit.UnixsumTest" assertions="1" time="0.001796"/>
        <testcase name="Method returns string matching expected format" file="Unixsum (Hyde\Framework\Testing\Unit\Unixsum)::Method returns string matching expected format" class="Hyde\Framework\Testing\Unit\UnixsumTest" classname="Hyde.Framework.Testing.Unit.UnixsumTest" assertions="1" time="0.001996"/>
        <testcase name="Method returns same value for same string using normal method" file="Unixsum (Hyde\Framework\Testing\Unit\Unixsum)::Method returns same value for same string using normal method" class="Hyde\Framework\Testing\Unit\UnixsumTest" classname="Hyde.Framework.Testing.Unit.UnixsumTest" assertions="1" time="0.001831"/>
        <testcase name="Method returns different value for different string" file="Unixsum (Hyde\Framework\Testing\Unit\Unixsum)::Method returns different value for different string" class="Hyde\Framework\Testing\Unit\UnixsumTest" classname="Hyde.Framework.Testing.Unit.UnixsumTest" assertions="1" time="0.001906"/>
        <testcase name="Function is case sensitive" file="Unixsum (Hyde\Framework\Testing\Unit\Unixsum)::Function is case sensitive" class="Hyde\Framework\Testing\Unit\UnixsumTest" classname="Hyde.Framework.Testing.Unit.UnixsumTest" assertions="1" time="0.001844"/>
        <testcase name="Function is space sensitive" file="Unixsum (Hyde\Framework\Testing\Unit\Unixsum)::Function is space sensitive" class="Hyde\Framework\Testing\Unit\UnixsumTest" classname="Hyde.Framework.Testing.Unit.UnixsumTest" assertions="1" time="0.001795"/>
        <testcase name="Method returns same value regardless of end of line sequence" file="Unixsum (Hyde\Framework\Testing\Unit\Unixsum)::Method returns same value regardless of end of line sequence" class="Hyde\Framework\Testing\Unit\UnixsumTest" classname="Hyde.Framework.Testing.Unit.UnixsumTest" assertions="4" time="0.002082"/>
        <testcase name="Method returns same value for string with mixed end of line sequences" file="Unixsum (Hyde\Framework\Testing\Unit\Unixsum)::Method returns same value for string with mixed end of line sequences" class="Hyde\Framework\Testing\Unit\UnixsumTest" classname="Hyde.Framework.Testing.Unit.UnixsumTest" assertions="1" time="0.001823"/>
        <testcase name="Method returns same value when loaded from file using shorthand" file="Unixsum (Hyde\Framework\Testing\Unit\Unixsum)::Method returns same value when loaded from file using shorthand" class="Hyde\Framework\Testing\Unit\UnixsumTest" classname="Hyde.Framework.Testing.Unit.UnixsumTest" assertions="1" time="0.002557"/>
      </testsuite>
      <testsuite name="Hyde\Framework\Testing\Unit\UnsupportedPageTypeExceptionTest" file="Unsupported Page Type Exception (Hyde\Framework\Testing\Unit\UnsupportedPageTypeException)" tests="2" assertions="3" errors="0" failures="0" skipped="0" time="0.012883">
        <testcase name="It can be instantiated" file="Unsupported Page Type Exception (Hyde\Framework\Testing\Unit\UnsupportedPageTypeException)::It can be instantiated" class="Hyde\Framework\Testing\Unit\UnsupportedPageTypeExceptionTest" classname="Hyde.Framework.Testing.Unit.UnsupportedPageTypeExceptionTest" assertions="1" time="0.010879"/>
        <testcase name="It throws an exception when page type is not supported" file="Unsupported Page Type Exception (Hyde\Framework\Testing\Unit\UnsupportedPageTypeException)::It throws an exception when page type is not supported" class="Hyde\Framework\Testing\Unit\UnsupportedPageTypeExceptionTest" classname="Hyde.Framework.Testing.Unit.UnsupportedPageTypeExceptionTest" assertions="2" time="0.002004"/>
      </testsuite>
      <testsuite name="Hyde\Framework\Testing\Unit\ValidatesExistenceTest" file="Validates Existence (Hyde\Framework\Testing\Unit\ValidatesExistence)" tests="2" assertions="2" errors="0" failures="0" skipped="0" time="0.052424">
        <testcase name="Validate existence does nothing if file exists" file="Validates Existence (Hyde\Framework\Testing\Unit\ValidatesExistence)::Validate existence does nothing if file exists" class="Hyde\Framework\Testing\Unit\ValidatesExistenceTest" classname="Hyde.Framework.Testing.Unit.ValidatesExistenceTest" assertions="1" time="0.022425"/>
        <testcase name="Validate existence throws file not found exception if file does not exist" file="Validates Existence (Hyde\Framework\Testing\Unit\ValidatesExistence)::Validate existence throws file not found exception if file does not exist" class="Hyde\Framework\Testing\Unit\ValidatesExistenceTest" classname="Hyde.Framework.Testing.Unit.ValidatesExistenceTest" assertions="1" time="0.029999"/>
      </testsuite>
      <testsuite name="Hyde\Framework\Testing\Unit\ViewDiffServiceTest" file="View Diff Service (Hyde\Framework\Testing\Unit\ViewDiffService)" tests="4" assertions="8" errors="0" failures="0" skipped="0" time="0.037344">
        <testcase name="Get filecache" file="View Diff Service (Hyde\Framework\Testing\Unit\ViewDiffService)::Get filecache" class="Hyde\Framework\Testing\Unit\ViewDiffServiceTest" classname="Hyde.Framework.Testing.Unit.ViewDiffServiceTest" assertions="4" time="0.017646"/>
        <testcase name="Get checksums" file="View Diff Service (Hyde\Framework\Testing\Unit\ViewDiffService)::Get checksums" class="Hyde\Framework\Testing\Unit\ViewDiffServiceTest" classname="Hyde.Framework.Testing.Unit.ViewDiffServiceTest" assertions="2" time="0.006837"/>
        <testcase name="Checksum matches any" file="View Diff Service (Hyde\Framework\Testing\Unit\ViewDiffService)::Checksum matches any" class="Hyde\Framework\Testing\Unit\ViewDiffServiceTest" classname="Hyde.Framework.Testing.Unit.ViewDiffServiceTest" assertions="1" time="0.006514"/>
        <testcase name="Checksum matches any false" file="View Diff Service (Hyde\Framework\Testing\Unit\ViewDiffService)::Checksum matches any false" class="Hyde\Framework\Testing\Unit\ViewDiffServiceTest" classname="Hyde.Framework.Testing.Unit.ViewDiffServiceTest" assertions="1" time="0.006347"/>
      </testsuite>
      <testsuite name="Hyde\Framework\Testing\Unit\Views\ArticleExcerptViewTest" file="Article Excerpt View (Hyde\Framework\Testing\Unit\Views\ArticleExcerptView)" tests="5" assertions="10" errors="0" failures="0" skipped="0" time="0.139608">
        <testcase name="Component can be rendered" file="Article Excerpt View (Hyde\Framework\Testing\Unit\Views\ArticleExcerptView)::Component can be rendered" class="Hyde\Framework\Testing\Unit\Views\ArticleExcerptViewTest" classname="Hyde.Framework.Testing.Unit.Views.ArticleExcerptViewTest" assertions="1" time="0.032652"/>
        <testcase name="Component renders post data" file="Article Excerpt View (Hyde\Framework\Testing\Unit\Views\ArticleExcerptView)::Component renders post data" class="Hyde\Framework\Testing\Unit\Views\ArticleExcerptViewTest" classname="Hyde.Framework.Testing.Unit.Views.ArticleExcerptViewTest" assertions="5" time="0.027004"/>
        <testcase name="Component renders post with author object" file="Article Excerpt View (Hyde\Framework\Testing\Unit\Views\ArticleExcerptView)::Component renders post with author object" class="Hyde\Framework\Testing\Unit\Views\ArticleExcerptViewTest" classname="Hyde.Framework.Testing.Unit.Views.ArticleExcerptViewTest" assertions="1" time="0.026326"/>
        <testcase name="There is no comma after date string when there is no author" file="Article Excerpt View (Hyde\Framework\Testing\Unit\Views\ArticleExcerptView)::There is no comma after date string when there is no author" class="Hyde\Framework\Testing\Unit\Views\ArticleExcerptViewTest" classname="Hyde.Framework.Testing.Unit.Views.ArticleExcerptViewTest" assertions="2" time="0.026628"/>
        <testcase name="There is a comma after date string when there is a author" file="Article Excerpt View (Hyde\Framework\Testing\Unit\Views\ArticleExcerptView)::There is a comma after date string when there is a author" class="Hyde\Framework\Testing\Unit\Views\ArticleExcerptViewTest" classname="Hyde.Framework.Testing.Unit.Views.ArticleExcerptViewTest" assertions="1" time="0.026999"/>
      </testsuite>
      <testsuite name="Hyde\Framework\Testing\Unit\Views\BreadcrumbsComponentViewTest" file="Breadcrumbs Component View (Hyde\Framework\Testing\Unit\Views\BreadcrumbsComponentView)" tests="6" assertions="6" errors="0" failures="0" skipped="0" time="0.156493">
        <testcase name="Rendered blade view" file="Breadcrumbs Component View (Hyde\Framework\Testing\Unit\Views\BreadcrumbsComponentView)::Rendered blade view" class="Hyde\Framework\Testing\Unit\Views\BreadcrumbsComponentViewTest" classname="Hyde.Framework.Testing.Unit.Views.BreadcrumbsComponentViewTest" assertions="1" time="0.033466"/>
        <testcase name="Rendered blade view on index page" file="Breadcrumbs Component View (Hyde\Framework\Testing\Unit\Views\BreadcrumbsComponentView)::Rendered blade view on index page" class="Hyde\Framework\Testing\Unit\Views\BreadcrumbsComponentViewTest" classname="Hyde.Framework.Testing.Unit.Views.BreadcrumbsComponentViewTest" assertions="1" time="0.024407"/>
        <testcase name="Rendered blade view on nested page" file="Breadcrumbs Component View (Hyde\Framework\Testing\Unit\Views\BreadcrumbsComponentView)::Rendered blade view on nested page" class="Hyde\Framework\Testing\Unit\Views\BreadcrumbsComponentViewTest" classname="Hyde.Framework.Testing.Unit.Views.BreadcrumbsComponentViewTest" assertions="1" time="0.024595"/>
        <testcase name="Rendered blade view on deeply nested page" file="Breadcrumbs Component View (Hyde\Framework\Testing\Unit\Views\BreadcrumbsComponentView)::Rendered blade view on deeply nested page" class="Hyde\Framework\Testing\Unit\Views\BreadcrumbsComponentViewTest" classname="Hyde.Framework.Testing.Unit.Views.BreadcrumbsComponentViewTest" assertions="1" time="0.024875"/>
        <testcase name="Rendered blade view on nested index page" file="Breadcrumbs Component View (Hyde\Framework\Testing\Unit\Views\BreadcrumbsComponentView)::Rendered blade view on nested index page" class="Hyde\Framework\Testing\Unit\Views\BreadcrumbsComponentViewTest" classname="Hyde.Framework.Testing.Unit.Views.BreadcrumbsComponentViewTest" assertions="1" time="0.024651"/>
        <testcase name="Rendered blade view with attributes" file="Breadcrumbs Component View (Hyde\Framework\Testing\Unit\Views\BreadcrumbsComponentView)::Rendered blade view with attributes" class="Hyde\Framework\Testing\Unit\Views\BreadcrumbsComponentViewTest" classname="Hyde.Framework.Testing.Unit.Views.BreadcrumbsComponentViewTest" assertions="1" time="0.024499"/>
      </testsuite>
      <testsuite name="Hyde\Framework\Testing\Unit\Views\FeaturedImageViewTest" file="Featured Image View (Hyde\Framework\Testing\Unit\Views\FeaturedImageView)" tests="21" assertions="46" errors="0" failures="0" skipped="0" time="0.515265">
        <testcase name="The view" file="Featured Image View (Hyde\Framework\Testing\Unit\Views\FeaturedImageView)::The view" class="Hyde\Framework\Testing\Unit\Views\FeaturedImageViewTest" classname="Hyde.Framework.Testing.Unit.Views.FeaturedImageViewTest" assertions="9" time="0.049491"/>
        <testcase name="Image author attribution string" file="Featured Image View (Hyde\Framework\Testing\Unit\Views\FeaturedImageView)::Image author attribution string" class="Hyde\Framework\Testing\Unit\Views\FeaturedImageViewTest" classname="Hyde.Framework.Testing.Unit.Views.FeaturedImageViewTest" assertions="3" time="0.022733"/>
        <testcase name="Image author attribution string with url" file="Featured Image View (Hyde\Framework\Testing\Unit\Views\FeaturedImageView)::Image author attribution string with url" class="Hyde\Framework\Testing\Unit\Views\FeaturedImageViewTest" classname="Hyde.Framework.Testing.Unit.Views.FeaturedImageViewTest" assertions="5" time="0.022965"/>
        <testcase name="Copyright string" file="Featured Image View (Hyde\Framework\Testing\Unit\Views\FeaturedImageView)::Copyright string" class="Hyde\Framework\Testing\Unit\Views\FeaturedImageViewTest" classname="Hyde.Framework.Testing.Unit.Views.FeaturedImageViewTest" assertions="2" time="0.022520"/>
        <testcase name="Copyright string inverse" file="Featured Image View (Hyde\Framework\Testing\Unit\Views\FeaturedImageView)::Copyright string inverse" class="Hyde\Framework\Testing\Unit\Views\FeaturedImageViewTest" classname="Hyde.Framework.Testing.Unit.Views.FeaturedImageViewTest" assertions="1" time="0.022465"/>
        <testcase name="License string" file="Featured Image View (Hyde\Framework\Testing\Unit\Views\FeaturedImageView)::License string" class="Hyde\Framework\Testing\Unit\Views\FeaturedImageViewTest" classname="Hyde.Framework.Testing.Unit.Views.FeaturedImageViewTest" assertions="1" time="0.022380"/>
        <testcase name="License string with url" file="Featured Image View (Hyde\Framework\Testing\Unit\Views\FeaturedImageView)::License string with url" class="Hyde\Framework\Testing\Unit\Views\FeaturedImageViewTest" classname="Hyde.Framework.Testing.Unit.Views.FeaturedImageViewTest" assertions="1" time="0.033181"/>
        <testcase name="License string inverse" file="Featured Image View (Hyde\Framework\Testing\Unit\Views\FeaturedImageView)::License string inverse" class="Hyde\Framework\Testing\Unit\Views\FeaturedImageViewTest" classname="Hyde.Framework.Testing.Unit.Views.FeaturedImageViewTest" assertions="2" time="0.023467"/>
        <testcase name="License string inverse with url" file="Featured Image View (Hyde\Framework\Testing\Unit\Views\FeaturedImageView)::License string inverse with url" class="Hyde\Framework\Testing\Unit\Views\FeaturedImageViewTest" classname="Hyde.Framework.Testing.Unit.Views.FeaturedImageViewTest" assertions="2" time="0.024114"/>
        <testcase name="Fluent attribution logic uses rich html tags" file="Featured Image View (Hyde\Framework\Testing\Unit\Views\FeaturedImageView)::Fluent attribution logic uses rich html tags" class="Hyde\Framework\Testing\Unit\Views\FeaturedImageViewTest" classname="Hyde.Framework.Testing.Unit.Views.FeaturedImageViewTest" assertions="7" time="0.023203"/>
        <testcase name="Fluent attribution logic uses rich html tags" file="Featured Image View (Hyde\Framework\Testing\Unit\Views\FeaturedImageView)::Fluent attribution logic uses rich html tags" class="Hyde\Framework\Testing\Unit\Views\FeaturedImageViewTest" classname="Hyde.Framework.Testing.Unit.Views.FeaturedImageViewTest" assertions="2" time="0.022633"/>
        <testcase name="Fluent attribution logic uses rich html tags" file="Featured Image View (Hyde\Framework\Testing\Unit\Views\FeaturedImageView)::Fluent attribution logic uses rich html tags" class="Hyde\Framework\Testing\Unit\Views\FeaturedImageViewTest" classname="Hyde.Framework.Testing.Unit.Views.FeaturedImageViewTest" assertions="1" time="0.022944"/>
        <testcase name="Fluent attribution logic uses rich html tags" file="Featured Image View (Hyde\Framework\Testing\Unit\Views\FeaturedImageView)::Fluent attribution logic uses rich html tags" class="Hyde\Framework\Testing\Unit\Views\FeaturedImageViewTest" classname="Hyde.Framework.Testing.Unit.Views.FeaturedImageViewTest" assertions="1" time="0.022477"/>
        <testcase name="Fluent attribution logic uses rich html tags" file="Featured Image View (Hyde\Framework\Testing\Unit\Views\FeaturedImageView)::Fluent attribution logic uses rich html tags" class="Hyde\Framework\Testing\Unit\Views\FeaturedImageViewTest" classname="Hyde.Framework.Testing.Unit.Views.FeaturedImageViewTest" assertions="2" time="0.022570"/>
        <testcase name="Fluent attribution logic creates fluent messages 1" file="Featured Image View (Hyde\Framework\Testing\Unit\Views\FeaturedImageView)::Fluent attribution logic creates fluent messages 1" class="Hyde\Framework\Testing\Unit\Views\FeaturedImageViewTest" classname="Hyde.Framework.Testing.Unit.Views.FeaturedImageViewTest" assertions="1" time="0.022520"/>
        <testcase name="Fluent attribution logic creates fluent messages 2" file="Featured Image View (Hyde\Framework\Testing\Unit\Views\FeaturedImageView)::Fluent attribution logic creates fluent messages 2" class="Hyde\Framework\Testing\Unit\Views\FeaturedImageViewTest" classname="Hyde.Framework.Testing.Unit.Views.FeaturedImageViewTest" assertions="1" time="0.022514"/>
        <testcase name="Fluent attribution logic creates fluent messages 3" file="Featured Image View (Hyde\Framework\Testing\Unit\Views\FeaturedImageView)::Fluent attribution logic creates fluent messages 3" class="Hyde\Framework\Testing\Unit\Views\FeaturedImageViewTest" classname="Hyde.Framework.Testing.Unit.Views.FeaturedImageViewTest" assertions="1" time="0.022657"/>
        <testcase name="Fluent attribution logic creates fluent messages 4" file="Featured Image View (Hyde\Framework\Testing\Unit\Views\FeaturedImageView)::Fluent attribution logic creates fluent messages 4" class="Hyde\Framework\Testing\Unit\Views\FeaturedImageViewTest" classname="Hyde.Framework.Testing.Unit.Views.FeaturedImageViewTest" assertions="1" time="0.022494"/>
        <testcase name="Fluent attribution logic creates fluent messages 5" file="Featured Image View (Hyde\Framework\Testing\Unit\Views\FeaturedImageView)::Fluent attribution logic creates fluent messages 5" class="Hyde\Framework\Testing\Unit\Views\FeaturedImageViewTest" classname="Hyde.Framework.Testing.Unit.Views.FeaturedImageViewTest" assertions="1" time="0.022760"/>
        <testcase name="Fluent attribution logic creates fluent messages 6" file="Featured Image View (Hyde\Framework\Testing\Unit\Views\FeaturedImageView)::Fluent attribution logic creates fluent messages 6" class="Hyde\Framework\Testing\Unit\Views\FeaturedImageViewTest" classname="Hyde.Framework.Testing.Unit.Views.FeaturedImageViewTest" assertions="1" time="0.022601"/>
        <testcase name="Fluent attribution logic creates fluent messages 7" file="Featured Image View (Hyde\Framework\Testing\Unit\Views\FeaturedImageView)::Fluent attribution logic creates fluent messages 7" class="Hyde\Framework\Testing\Unit\Views\FeaturedImageViewTest" classname="Hyde.Framework.Testing.Unit.Views.FeaturedImageViewTest" assertions="1" time="0.022579"/>
      </testsuite>
      <testsuite name="Hyde\Framework\Testing\Unit\Views\HeadComponentViewTest" file="Head Component View (Hyde\Framework\Testing\Unit\Views\HeadComponentView)" tests="9" assertions="9" errors="0" failures="0" skipped="0" time="0.236784">
        <testcase name="Component can be rendered" file="Head Component View (Hyde\Framework\Testing\Unit\Views\HeadComponentView)::Component can be rendered" class="Hyde\Framework\Testing\Unit\Views\HeadComponentViewTest" classname="Hyde.Framework.Testing.Unit.Views.HeadComponentViewTest" assertions="1" time="0.050501"/>
        <testcase name="Title element uses page title" file="Head Component View (Hyde\Framework\Testing\Unit\Views\HeadComponentView)::Title element uses page title" class="Hyde\Framework\Testing\Unit\Views\HeadComponentViewTest" classname="Hyde.Framework.Testing.Unit.Views.HeadComponentViewTest" assertions="1" time="0.026430"/>
        <testcase name="Link to favicon is not added when file does not exist" file="Head Component View (Hyde\Framework\Testing\Unit\Views\HeadComponentView)::Link to favicon is not added when file does not exist" class="Hyde\Framework\Testing\Unit\Views\HeadComponentViewTest" classname="Hyde.Framework.Testing.Unit.Views.HeadComponentViewTest" assertions="1" time="0.022537"/>
        <testcase name="Link to favicon is added when file exists" file="Head Component View (Hyde\Framework\Testing\Unit\Views\HeadComponentView)::Link to favicon is added when file exists" class="Hyde\Framework\Testing\Unit\Views\HeadComponentViewTest" classname="Hyde.Framework.Testing.Unit.Views.HeadComponentViewTest" assertions="1" time="0.023255"/>
        <testcase name="Link to favicon uses relative url" file="Head Component View (Hyde\Framework\Testing\Unit\Views\HeadComponentView)::Link to favicon uses relative url" class="Hyde\Framework\Testing\Unit\Views\HeadComponentViewTest" classname="Hyde.Framework.Testing.Unit.Views.HeadComponentViewTest" assertions="1" time="0.023469"/>
        <testcase name="Component includes meta view" file="Head Component View (Hyde\Framework\Testing\Unit\Views\HeadComponentView)::Component includes meta view" class="Hyde\Framework\Testing\Unit\Views\HeadComponentViewTest" classname="Hyde.Framework.Testing.Unit.Views.HeadComponentViewTest" assertions="1" time="0.022669"/>
        <testcase name="Component includes styles view" file="Head Component View (Hyde\Framework\Testing\Unit\Views\HeadComponentView)::Component includes styles view" class="Hyde\Framework\Testing\Unit\Views\HeadComponentViewTest" classname="Hyde.Framework.Testing.Unit.Views.HeadComponentViewTest" assertions="1" time="0.022482"/>
        <testcase name="Can add head html from config hook" file="Head Component View (Hyde\Framework\Testing\Unit\Views\HeadComponentView)::Can add head html from config hook" class="Hyde\Framework\Testing\Unit\Views\HeadComponentViewTest" classname="Hyde.Framework.Testing.Unit.Views.HeadComponentViewTest" assertions="1" time="0.022449"/>
        <testcase name="Can add head html from html include" file="Head Component View (Hyde\Framework\Testing\Unit\Views\HeadComponentView)::Can add head html from html include" class="Hyde\Framework\Testing\Unit\Views\HeadComponentViewTest" classname="Hyde.Framework.Testing.Unit.Views.HeadComponentViewTest" assertions="1" time="0.022992"/>
      </testsuite>
      <testsuite name="Hyde\Framework\Testing\Unit\Views\LinkComponentTest" file="Link Component (Hyde\Framework\Testing\Unit\Views\LinkComponent)" tests="3" assertions="3" errors="0" failures="0" skipped="0" time="0.102312">
        <testcase name="Link component can be rendered" file="Link Component (Hyde\Framework\Testing\Unit\Views\LinkComponent)::Link component can be rendered" class="Hyde\Framework\Testing\Unit\Views\LinkComponentTest" classname="Hyde.Framework.Testing.Unit.Views.LinkComponentTest" assertions="1" time="0.049299"/>
        <testcase name="Link component can be rendered with route" file="Link Component (Hyde\Framework\Testing\Unit\Views\LinkComponent)::Link component can be rendered with route" class="Hyde\Framework\Testing\Unit\Views\LinkComponentTest" classname="Hyde.Framework.Testing.Unit.Views.LinkComponentTest" assertions="1" time="0.026773"/>
        <testcase name="Link component can be rendered with route for nested pages" file="Link Component (Hyde\Framework\Testing\Unit\Views\LinkComponent)::Link component can be rendered with route for nested pages" class="Hyde\Framework\Testing\Unit\Views\LinkComponentTest" classname="Hyde.Framework.Testing.Unit.Views.LinkComponentTest" assertions="1" time="0.026241"/>
      </testsuite>
      <testsuite name="Hyde\Framework\Testing\Unit\Views\NavigationBrandViewTest" file="Navigation Brand View (Hyde\Framework\Testing\Unit\Views\NavigationBrandView)" tests="2" assertions="3" errors="0" failures="0" skipped="0" time="0.058476">
        <testcase name="Component links to home route" file="Navigation Brand View (Hyde\Framework\Testing\Unit\Views\NavigationBrandView)::Component links to home route" class="Hyde\Framework\Testing\Unit\Views\NavigationBrandViewTest" classname="Hyde.Framework.Testing.Unit.Views.NavigationBrandViewTest" assertions="1" time="0.032006"/>
        <testcase name="Component uses site name" file="Navigation Brand View (Hyde\Framework\Testing\Unit\Views\NavigationBrandView)::Component uses site name" class="Hyde\Framework\Testing\Unit\Views\NavigationBrandViewTest" classname="Hyde.Framework.Testing.Unit.Views.NavigationBrandViewTest" assertions="2" time="0.026470"/>
      </testsuite>
      <testsuite name="Hyde\Framework\Testing\Unit\Views\NavigationLinkViewTest" file="Navigation Link View (Hyde\Framework\Testing\Unit\Views\NavigationLinkView)" tests="4" assertions="4" errors="0" failures="0" skipped="0" time="0.096674">
        <testcase name="Component links to route destination" file="Navigation Link View (Hyde\Framework\Testing\Unit\Views\NavigationLinkView)::Component links to route destination" class="Hyde\Framework\Testing\Unit\Views\NavigationLinkViewTest" classname="Hyde.Framework.Testing.Unit.Views.NavigationLinkViewTest" assertions="1" time="0.025030"/>
        <testcase name="Component uses title" file="Navigation Link View (Hyde\Framework\Testing\Unit\Views\NavigationLinkView)::Component uses title" class="Hyde\Framework\Testing\Unit\Views\NavigationLinkViewTest" classname="Hyde.Framework.Testing.Unit.Views.NavigationLinkViewTest" assertions="1" time="0.021678"/>
        <testcase name="Component is current when current route matches" file="Navigation Link View (Hyde\Framework\Testing\Unit\Views\NavigationLinkView)::Component is current when current route matches" class="Hyde\Framework\Testing\Unit\Views\NavigationLinkViewTest" classname="Hyde.Framework.Testing.Unit.Views.NavigationLinkViewTest" assertions="1" time="0.024967"/>
        <testcase name="Component has aria current when current route matches" file="Navigation Link View (Hyde\Framework\Testing\Unit\Views\NavigationLinkView)::Component has aria current when current route matches" class="Hyde\Framework\Testing\Unit\Views\NavigationLinkViewTest" classname="Hyde.Framework.Testing.Unit.Views.NavigationLinkViewTest" assertions="1" time="0.024998"/>
      </testsuite>
      <testsuite name="Hyde\Framework\Testing\Unit\Views\NavigationMenuViewTest" file="Navigation Menu View (Hyde\Framework\Testing\Unit\Views\NavigationMenuView)" tests="11" assertions="18" errors="0" failures="0" skipped="0" time="0.340804">
        <testcase name="Component can be rendered" file="Navigation Menu View (Hyde\Framework\Testing\Unit\Views\NavigationMenuView)::Component can be rendered" class="Hyde\Framework\Testing\Unit\Views\NavigationMenuViewTest" classname="Hyde.Framework.Testing.Unit.Views.NavigationMenuViewTest" assertions="1" time="0.031724"/>
        <testcase name="Component contains dark mode button" file="Navigation Menu View (Hyde\Framework\Testing\Unit\Views\NavigationMenuView)::Component contains dark mode button" class="Hyde\Framework\Testing\Unit\Views\NavigationMenuViewTest" classname="Hyde.Framework.Testing.Unit.Views.NavigationMenuViewTest" assertions="1" time="0.027544"/>
        <testcase name="Component contains navigation menu toggle button" file="Navigation Menu View (Hyde\Framework\Testing\Unit\Views\NavigationMenuView)::Component contains navigation menu toggle button" class="Hyde\Framework\Testing\Unit\Views\NavigationMenuViewTest" classname="Hyde.Framework.Testing.Unit.Views.NavigationMenuViewTest" assertions="1" time="0.025929"/>
        <testcase name="Component contains main navigation links" file="Navigation Menu View (Hyde\Framework\Testing\Unit\Views\NavigationMenuView)::Component contains main navigation links" class="Hyde\Framework\Testing\Unit\Views\NavigationMenuViewTest" classname="Hyde.Framework.Testing.Unit.Views.NavigationMenuViewTest" assertions="1" time="0.026193"/>
        <testcase name="Component contains index html link" file="Navigation Menu View (Hyde\Framework\Testing\Unit\Views\NavigationMenuView)::Component contains index html link" class="Hyde\Framework\Testing\Unit\Views\NavigationMenuViewTest" classname="Hyde.Framework.Testing.Unit.Views.NavigationMenuViewTest" assertions="1" time="0.026254"/>
        <testcase name="Component not contains 404 html link" file="Navigation Menu View (Hyde\Framework\Testing\Unit\Views\NavigationMenuView)::Component not contains 404 html link" class="Hyde\Framework\Testing\Unit\Views\NavigationMenuViewTest" classname="Hyde.Framework.Testing.Unit.Views.NavigationMenuViewTest" assertions="1" time="0.026465"/>
        <testcase name="Navigation menu with root pages" file="Navigation Menu View (Hyde\Framework\Testing\Unit\Views\NavigationMenuView)::Navigation menu with root pages" class="Hyde\Framework\Testing\Unit\Views\NavigationMenuViewTest" classname="Hyde.Framework.Testing.Unit.Views.NavigationMenuViewTest" assertions="2" time="0.033806"/>
        <testcase name="Navigation menu with dropdown pages" file="Navigation Menu View (Hyde\Framework\Testing\Unit\Views\NavigationMenuView)::Navigation menu with dropdown pages" class="Hyde\Framework\Testing\Unit\Views\NavigationMenuViewTest" classname="Hyde.Framework.Testing.Unit.Views.NavigationMenuViewTest" assertions="4" time="0.036010"/>
        <testcase name="Navigation menu with dropdown pages with root group page" file="Navigation Menu View (Hyde\Framework\Testing\Unit\Views\NavigationMenuView)::Navigation menu with dropdown pages with root group page" class="Hyde\Framework\Testing\Unit\Views\NavigationMenuViewTest" classname="Hyde.Framework.Testing.Unit.Views.NavigationMenuViewTest" assertions="4" time="0.034476"/>
        <testcase name="Navigation menu label can be changed in front matter" file="Navigation Menu View (Hyde\Framework\Testing\Unit\Views\NavigationMenuView)::Navigation menu label can be changed in front matter" class="Hyde\Framework\Testing\Unit\Views\NavigationMenuViewTest" classname="Hyde.Framework.Testing.Unit.Views.NavigationMenuViewTest" assertions="1" time="0.036942"/>
        <testcase name="Navigation menu label can be changed in blade matter" file="Navigation Menu View (Hyde\Framework\Testing\Unit\Views\NavigationMenuView)::Navigation menu label can be changed in blade matter" class="Hyde\Framework\Testing\Unit\Views\NavigationMenuViewTest" classname="Hyde.Framework.Testing.Unit.Views.NavigationMenuViewTest" assertions="1" time="0.035462"/>
      </testsuite>
      <testsuite name="Hyde\Framework\Testing\Unit\Views\ScriptsComponentViewTest" file="Scripts Component View (Hyde\Framework\Testing\Unit\Views\ScriptsComponentView)" tests="7" assertions="9" errors="0" failures="0" skipped="0" time="0.185862">
        <testcase name="Component can be rendered" file="Scripts Component View (Hyde\Framework\Testing\Unit\Views\ScriptsComponentView)::Component can be rendered" class="Hyde\Framework\Testing\Unit\Views\ScriptsComponentViewTest" classname="Hyde.Framework.Testing.Unit.Views.ScriptsComponentViewTest" assertions="1" time="0.049108"/>
        <testcase name="Component has link to app js file when it exists" file="Scripts Component View (Hyde\Framework\Testing\Unit\Views\ScriptsComponentView)::Component has link to app js file when it exists" class="Hyde\Framework\Testing\Unit\Views\ScriptsComponentViewTest" classname="Hyde.Framework.Testing.Unit.Views.ScriptsComponentViewTest" assertions="1" time="0.022833"/>
        <testcase name="Component does not render link to app js when it does not exist" file="Scripts Component View (Hyde\Framework\Testing\Unit\Views\ScriptsComponentView)::Component does not render link to app js when it does not exist" class="Hyde\Framework\Testing\Unit\Views\ScriptsComponentViewTest" classname="Hyde.Framework.Testing.Unit.Views.ScriptsComponentViewTest" assertions="1" time="0.022466"/>
        <testcase name="Component uses relative path to app js file for nested pages" file="Scripts Component View (Hyde\Framework\Testing\Unit\Views\ScriptsComponentView)::Component uses relative path to app js file for nested pages" class="Hyde\Framework\Testing\Unit\Views\ScriptsComponentViewTest" classname="Hyde.Framework.Testing.Unit.Views.ScriptsComponentViewTest" assertions="3" time="0.024964"/>
        <testcase name="Can add scripts html from config hook" file="Scripts Component View (Hyde\Framework\Testing\Unit\Views\ScriptsComponentView)::Can add scripts html from config hook" class="Hyde\Framework\Testing\Unit\Views\ScriptsComponentViewTest" classname="Hyde.Framework.Testing.Unit.Views.ScriptsComponentViewTest" assertions="1" time="0.022534"/>
        <testcase name="Can add scripts html from html include" file="Scripts Component View (Hyde\Framework\Testing\Unit\Views\ScriptsComponentView)::Can add scripts html from html include" class="Hyde\Framework\Testing\Unit\Views\ScriptsComponentViewTest" classname="Hyde.Framework.Testing.Unit.Views.ScriptsComponentViewTest" assertions="1" time="0.022741"/>
        <testcase name="Scripts can be pushed to the component scripts stack" file="Scripts Component View (Hyde\Framework\Testing\Unit\Views\ScriptsComponentView)::Scripts can be pushed to the component scripts stack" class="Hyde\Framework\Testing\Unit\Views\ScriptsComponentViewTest" classname="Hyde.Framework.Testing.Unit.Views.ScriptsComponentViewTest" assertions="1" time="0.021216"/>
      </testsuite>
      <testsuite name="Hyde\Framework\Testing\Unit\Views\StylesComponentViewTest" file="Styles Component View (Hyde\Framework\Testing\Unit\Views\StylesComponentView)" tests="9" assertions="11" errors="0" failures="0" skipped="0" time="0.212716">
        <testcase name="Component can be rendered" file="Styles Component View (Hyde\Framework\Testing\Unit\Views\StylesComponentView)::Component can be rendered" class="Hyde\Framework\Testing\Unit\Views\StylesComponentViewTest" classname="Hyde.Framework.Testing.Unit.Views.StylesComponentViewTest" assertions="1" time="0.032000"/>
        <testcase name="Component has link to app css file" file="Styles Component View (Hyde\Framework\Testing\Unit\Views\StylesComponentView)::Component has link to app css file" class="Hyde\Framework\Testing\Unit\Views\StylesComponentViewTest" classname="Hyde.Framework.Testing.Unit.Views.StylesComponentViewTest" assertions="1" time="0.022165"/>
        <testcase name="Component uses relative path to app css file for nested pages" file="Styles Component View (Hyde\Framework\Testing\Unit\Views\StylesComponentView)::Component uses relative path to app css file for nested pages" class="Hyde\Framework\Testing\Unit\Views\StylesComponentViewTest" classname="Hyde.Framework.Testing.Unit.Views.StylesComponentViewTest" assertions="3" time="0.024386"/>
        <testcase name="Component does not render link to app css when it does not exist" file="Styles Component View (Hyde\Framework\Testing\Unit\Views\StylesComponentView)::Component does not render link to app css when it does not exist" class="Hyde\Framework\Testing\Unit\Views\StylesComponentViewTest" classname="Hyde.Framework.Testing.Unit.Views.StylesComponentViewTest" assertions="1" time="0.022620"/>
        <testcase name="Styles can be pushed to the component styles stack" file="Styles Component View (Hyde\Framework\Testing\Unit\Views\StylesComponentView)::Styles can be pushed to the component styles stack" class="Hyde\Framework\Testing\Unit\Views\StylesComponentViewTest" classname="Hyde.Framework.Testing.Unit.Views.StylesComponentViewTest" assertions="1" time="0.021180"/>
        <testcase name="Component renders tailwind play cdn link when enabled in config" file="Styles Component View (Hyde\Framework\Testing\Unit\Views\StylesComponentView)::Component renders tailwind play cdn link when enabled in config" class="Hyde\Framework\Testing\Unit\Views\StylesComponentViewTest" classname="Hyde.Framework.Testing.Unit.Views.StylesComponentViewTest" assertions="1" time="0.022687"/>
        <testcase name="Component renders app cdn link when enabled in config" file="Styles Component View (Hyde\Framework\Testing\Unit\Views\StylesComponentView)::Component renders app cdn link when enabled in config" class="Hyde\Framework\Testing\Unit\Views\StylesComponentViewTest" classname="Hyde.Framework.Testing.Unit.Views.StylesComponentViewTest" assertions="1" time="0.022475"/>
        <testcase name="Component does not render link to local app css when cdn link is enabled in config" file="Styles Component View (Hyde\Framework\Testing\Unit\Views\StylesComponentView)::Component does not render link to local app css when cdn link is enabled in config" class="Hyde\Framework\Testing\Unit\Views\StylesComponentViewTest" classname="Hyde.Framework.Testing.Unit.Views.StylesComponentViewTest" assertions="1" time="0.022475"/>
        <testcase name="Component does not render cdn link when a local file exists" file="Styles Component View (Hyde\Framework\Testing\Unit\Views\StylesComponentView)::Component does not render cdn link when a local file exists" class="Hyde\Framework\Testing\Unit\Views\StylesComponentViewTest" classname="Hyde.Framework.Testing.Unit.Views.StylesComponentViewTest" assertions="1" time="0.022727"/>
      </testsuite>
    </testsuite>
    <testsuite name="FeatureFramework" tests="1297" assertions="2705" errors="0" failures="0" skipped="3" time="29.200953">
      <testsuite name="Hyde\Framework\Testing\Feature\Actions\AnonymousViewCompilerTest" file="Anonymous View Compiler (Hyde\Framework\Testing\Feature\Actions\AnonymousViewCompiler)" tests="3" assertions="4" errors="0" failures="0" skipped="0" time="0.074810">
        <testcase name="Can compile blade file" file="Anonymous View Compiler (Hyde\Framework\Testing\Feature\Actions\AnonymousViewCompiler)::Can compile blade file" class="Hyde\Framework\Testing\Feature\Actions\AnonymousViewCompilerTest" classname="Hyde.Framework.Testing.Feature.Actions.AnonymousViewCompilerTest" assertions="1" time="0.033504"/>
        <testcase name="Can compile blade file with data" file="Anonymous View Compiler (Hyde\Framework\Testing\Feature\Actions\AnonymousViewCompiler)::Can compile blade file with data" class="Hyde\Framework\Testing\Feature\Actions\AnonymousViewCompilerTest" classname="Hyde.Framework.Testing.Feature.Actions.AnonymousViewCompilerTest" assertions="1" time="0.021428"/>
        <testcase name="With missing view" file="Anonymous View Compiler (Hyde\Framework\Testing\Feature\Actions\AnonymousViewCompiler)::With missing view" class="Hyde\Framework\Testing\Feature\Actions\AnonymousViewCompilerTest" classname="Hyde.Framework.Testing.Feature.Actions.AnonymousViewCompilerTest" assertions="2" time="0.019878"/>
      </testsuite>
      <testsuite name="Hyde\Framework\Testing\Feature\Actions\ConvertsMarkdownToPlainTextTest" file="Converts Markdown To Plain Text (Hyde\Framework\Testing\Feature\Actions\ConvertsMarkdownToPlainText)" tests="28" assertions="28" errors="0" failures="0" skipped="0" time="0.569600">
        <testcase name="It removes headings" file="Converts Markdown To Plain Text (Hyde\Framework\Testing\Feature\Actions\ConvertsMarkdownToPlainText)::It removes headings" class="Hyde\Framework\Testing\Feature\Actions\ConvertsMarkdownToPlainTextTest" classname="Hyde.Framework.Testing.Feature.Actions.ConvertsMarkdownToPlainTextTest" assertions="1" time="0.024313"/>
        <testcase name="It removes headings alternate syntax" file="Converts Markdown To Plain Text (Hyde\Framework\Testing\Feature\Actions\ConvertsMarkdownToPlainText)::It removes headings alternate syntax" class="Hyde\Framework\Testing\Feature\Actions\ConvertsMarkdownToPlainTextTest" classname="Hyde.Framework.Testing.Feature.Actions.ConvertsMarkdownToPlainTextTest" assertions="1" time="0.024030"/>
        <testcase name="It removes paragraphs" file="Converts Markdown To Plain Text (Hyde\Framework\Testing\Feature\Actions\ConvertsMarkdownToPlainText)::It removes paragraphs" class="Hyde\Framework\Testing\Feature\Actions\ConvertsMarkdownToPlainTextTest" classname="Hyde.Framework.Testing.Feature.Actions.ConvertsMarkdownToPlainTextTest" assertions="1" time="0.019605"/>
        <testcase name="It removes paragraphs multiline" file="Converts Markdown To Plain Text (Hyde\Framework\Testing\Feature\Actions\ConvertsMarkdownToPlainText)::It removes paragraphs multiline" class="Hyde\Framework\Testing\Feature\Actions\ConvertsMarkdownToPlainTextTest" classname="Hyde.Framework.Testing.Feature.Actions.ConvertsMarkdownToPlainTextTest" assertions="1" time="0.019517"/>
        <testcase name="It removes linebreaks" file="Converts Markdown To Plain Text (Hyde\Framework\Testing\Feature\Actions\ConvertsMarkdownToPlainText)::It removes linebreaks" class="Hyde\Framework\Testing\Feature\Actions\ConvertsMarkdownToPlainTextTest" classname="Hyde.Framework.Testing.Feature.Actions.ConvertsMarkdownToPlainTextTest" assertions="1" time="0.019810"/>
        <testcase name="It removes bold" file="Converts Markdown To Plain Text (Hyde\Framework\Testing\Feature\Actions\ConvertsMarkdownToPlainText)::It removes bold" class="Hyde\Framework\Testing\Feature\Actions\ConvertsMarkdownToPlainTextTest" classname="Hyde.Framework.Testing.Feature.Actions.ConvertsMarkdownToPlainTextTest" assertions="1" time="0.019604"/>
        <testcase name="It removes italic" file="Converts Markdown To Plain Text (Hyde\Framework\Testing\Feature\Actions\ConvertsMarkdownToPlainText)::It removes italic" class="Hyde\Framework\Testing\Feature\Actions\ConvertsMarkdownToPlainTextTest" classname="Hyde.Framework.Testing.Feature.Actions.ConvertsMarkdownToPlainTextTest" assertions="1" time="0.019566"/>
        <testcase name="It removes bold and italic" file="Converts Markdown To Plain Text (Hyde\Framework\Testing\Feature\Actions\ConvertsMarkdownToPlainText)::It removes bold and italic" class="Hyde\Framework\Testing\Feature\Actions\ConvertsMarkdownToPlainTextTest" classname="Hyde.Framework.Testing.Feature.Actions.ConvertsMarkdownToPlainTextTest" assertions="1" time="0.019497"/>
        <testcase name="It removes blockquotes" file="Converts Markdown To Plain Text (Hyde\Framework\Testing\Feature\Actions\ConvertsMarkdownToPlainText)::It removes blockquotes" class="Hyde\Framework\Testing\Feature\Actions\ConvertsMarkdownToPlainTextTest" classname="Hyde.Framework.Testing.Feature.Actions.ConvertsMarkdownToPlainTextTest" assertions="1" time="0.019489"/>
        <testcase name="It removes blockquotes with multiple paragraphs" file="Converts Markdown To Plain Text (Hyde\Framework\Testing\Feature\Actions\ConvertsMarkdownToPlainText)::It removes blockquotes with multiple paragraphs" class="Hyde\Framework\Testing\Feature\Actions\ConvertsMarkdownToPlainTextTest" classname="Hyde.Framework.Testing.Feature.Actions.ConvertsMarkdownToPlainTextTest" assertions="1" time="0.019533"/>
        <testcase name="It removes ordered lists" file="Converts Markdown To Plain Text (Hyde\Framework\Testing\Feature\Actions\ConvertsMarkdownToPlainText)::It removes ordered lists" class="Hyde\Framework\Testing\Feature\Actions\ConvertsMarkdownToPlainTextTest" classname="Hyde.Framework.Testing.Feature.Actions.ConvertsMarkdownToPlainTextTest" assertions="1" time="0.019558"/>
        <testcase name="It removes unordered lists" file="Converts Markdown To Plain Text (Hyde\Framework\Testing\Feature\Actions\ConvertsMarkdownToPlainText)::It removes unordered lists" class="Hyde\Framework\Testing\Feature\Actions\ConvertsMarkdownToPlainTextTest" classname="Hyde.Framework.Testing.Feature.Actions.ConvertsMarkdownToPlainTextTest" assertions="1" time="0.019585"/>
        <testcase name="It removes code" file="Converts Markdown To Plain Text (Hyde\Framework\Testing\Feature\Actions\ConvertsMarkdownToPlainText)::It removes code" class="Hyde\Framework\Testing\Feature\Actions\ConvertsMarkdownToPlainTextTest" classname="Hyde.Framework.Testing.Feature.Actions.ConvertsMarkdownToPlainTextTest" assertions="1" time="0.019850"/>
        <testcase name="It removes code blocks" file="Converts Markdown To Plain Text (Hyde\Framework\Testing\Feature\Actions\ConvertsMarkdownToPlainText)::It removes code blocks" class="Hyde\Framework\Testing\Feature\Actions\ConvertsMarkdownToPlainTextTest" classname="Hyde.Framework.Testing.Feature.Actions.ConvertsMarkdownToPlainTextTest" assertions="1" time="0.019690"/>
        <testcase name="It removes horizontal rules" file="Converts Markdown To Plain Text (Hyde\Framework\Testing\Feature\Actions\ConvertsMarkdownToPlainText)::It removes horizontal rules" class="Hyde\Framework\Testing\Feature\Actions\ConvertsMarkdownToPlainTextTest" classname="Hyde.Framework.Testing.Feature.Actions.ConvertsMarkdownToPlainTextTest" assertions="1" time="0.019680"/>
        <testcase name="It removes links" file="Converts Markdown To Plain Text (Hyde\Framework\Testing\Feature\Actions\ConvertsMarkdownToPlainText)::It removes links" class="Hyde\Framework\Testing\Feature\Actions\ConvertsMarkdownToPlainTextTest" classname="Hyde.Framework.Testing.Feature.Actions.ConvertsMarkdownToPlainTextTest" assertions="1" time="0.019576"/>
        <testcase name="It removes images" file="Converts Markdown To Plain Text (Hyde\Framework\Testing\Feature\Actions\ConvertsMarkdownToPlainText)::It removes images" class="Hyde\Framework\Testing\Feature\Actions\ConvertsMarkdownToPlainTextTest" classname="Hyde.Framework.Testing.Feature.Actions.ConvertsMarkdownToPlainTextTest" assertions="1" time="0.019571"/>
        <testcase name="It removes linking images" file="Converts Markdown To Plain Text (Hyde\Framework\Testing\Feature\Actions\ConvertsMarkdownToPlainText)::It removes linking images" class="Hyde\Framework\Testing\Feature\Actions\ConvertsMarkdownToPlainTextTest" classname="Hyde.Framework.Testing.Feature.Actions.ConvertsMarkdownToPlainTextTest" assertions="1" time="0.019512"/>
        <testcase name="It removes html" file="Converts Markdown To Plain Text (Hyde\Framework\Testing\Feature\Actions\ConvertsMarkdownToPlainText)::It removes html" class="Hyde\Framework\Testing\Feature\Actions\ConvertsMarkdownToPlainTextTest" classname="Hyde.Framework.Testing.Feature.Actions.ConvertsMarkdownToPlainTextTest" assertions="1" time="0.019558"/>
        <testcase name="It removes footnotes" file="Converts Markdown To Plain Text (Hyde\Framework\Testing\Feature\Actions\ConvertsMarkdownToPlainText)::It removes footnotes" class="Hyde\Framework\Testing\Feature\Actions\ConvertsMarkdownToPlainTextTest" classname="Hyde.Framework.Testing.Feature.Actions.ConvertsMarkdownToPlainTextTest" assertions="1" time="0.019598"/>
        <testcase name="It removes footnotes alternate" file="Converts Markdown To Plain Text (Hyde\Framework\Testing\Feature\Actions\ConvertsMarkdownToPlainText)::It removes footnotes alternate" class="Hyde\Framework\Testing\Feature\Actions\ConvertsMarkdownToPlainTextTest" classname="Hyde.Framework.Testing.Feature.Actions.ConvertsMarkdownToPlainTextTest" assertions="1" time="0.019600"/>
        <testcase name="It replaces consecutively occurring newlines" file="Converts Markdown To Plain Text (Hyde\Framework\Testing\Feature\Actions\ConvertsMarkdownToPlainText)::It replaces consecutively occurring newlines" class="Hyde\Framework\Testing\Feature\Actions\ConvertsMarkdownToPlainTextTest" classname="Hyde.Framework.Testing.Feature.Actions.ConvertsMarkdownToPlainTextTest" assertions="1" time="0.019555"/>
        <testcase name="It removes fenced code blocks" file="Converts Markdown To Plain Text (Hyde\Framework\Testing\Feature\Actions\ConvertsMarkdownToPlainText)::It removes fenced code blocks" class="Hyde\Framework\Testing\Feature\Actions\ConvertsMarkdownToPlainTextTest" classname="Hyde.Framework.Testing.Feature.Actions.ConvertsMarkdownToPlainTextTest" assertions="1" time="0.019479"/>
        <testcase name="It removes fenced code blocks alternate" file="Converts Markdown To Plain Text (Hyde\Framework\Testing\Feature\Actions\ConvertsMarkdownToPlainText)::It removes fenced code blocks alternate" class="Hyde\Framework\Testing\Feature\Actions\ConvertsMarkdownToPlainTextTest" classname="Hyde.Framework.Testing.Feature.Actions.ConvertsMarkdownToPlainTextTest" assertions="1" time="0.019648"/>
        <testcase name="It removes tables" file="Converts Markdown To Plain Text (Hyde\Framework\Testing\Feature\Actions\ConvertsMarkdownToPlainText)::It removes tables" class="Hyde\Framework\Testing\Feature\Actions\ConvertsMarkdownToPlainTextTest" classname="Hyde.Framework.Testing.Feature.Actions.ConvertsMarkdownToPlainTextTest" assertions="1" time="0.019709"/>
        <testcase name="It trims indentation" file="Converts Markdown To Plain Text (Hyde\Framework\Testing\Feature\Actions\ConvertsMarkdownToPlainText)::It trims indentation" class="Hyde\Framework\Testing\Feature\Actions\ConvertsMarkdownToPlainTextTest" classname="Hyde.Framework.Testing.Feature.Actions.ConvertsMarkdownToPlainTextTest" assertions="1" time="0.019630"/>
        <testcase name="With empty string" file="Converts Markdown To Plain Text (Hyde\Framework\Testing\Feature\Actions\ConvertsMarkdownToPlainText)::With empty string" class="Hyde\Framework\Testing\Feature\Actions\ConvertsMarkdownToPlainTextTest" classname="Hyde.Framework.Testing.Feature.Actions.ConvertsMarkdownToPlainTextTest" assertions="1" time="0.019522"/>
        <testcase name="With only empty lines" file="Converts Markdown To Plain Text (Hyde\Framework\Testing\Feature\Actions\ConvertsMarkdownToPlainText)::With only empty lines" class="Hyde\Framework\Testing\Feature\Actions\ConvertsMarkdownToPlainTextTest" classname="Hyde.Framework.Testing.Feature.Actions.ConvertsMarkdownToPlainTextTest" assertions="1" time="0.031315"/>
      </testsuite>
      <testsuite name="Hyde\Framework\Testing\Feature\Actions\CreatesNewPageSourceFileTest" file="Creates New Page Source File (Hyde\Framework\Testing\Feature\Actions\CreatesNewPageSourceFile)" tests="15" assertions="28" errors="0" failures="0" skipped="0" time="0.389597">
        <testcase name="Class can be instantiated" file="Creates New Page Source File (Hyde\Framework\Testing\Feature\Actions\CreatesNewPageSourceFile)::Class can be instantiated" class="Hyde\Framework\Testing\Feature\Actions\CreatesNewPageSourceFileTest" classname="Hyde.Framework.Testing.Feature.Actions.CreatesNewPageSourceFileTest" assertions="1" time="0.086180"/>
        <testcase name="That an exception is thrown for invalid page type" file="Creates New Page Source File (Hyde\Framework\Testing\Feature\Actions\CreatesNewPageSourceFile)::That an exception is thrown for invalid page type" class="Hyde\Framework\Testing\Feature\Actions\CreatesNewPageSourceFileTest" classname="Hyde.Framework.Testing.Feature.Actions.CreatesNewPageSourceFileTest" assertions="2" time="0.020046"/>
        <testcase name="That an exception is thrown if file already exists and overwrite is false" file="Creates New Page Source File (Hyde\Framework\Testing\Feature\Actions\CreatesNewPageSourceFile)::That an exception is thrown if file already exists and overwrite is false" class="Hyde\Framework\Testing\Feature\Actions\CreatesNewPageSourceFileTest" classname="Hyde.Framework.Testing.Feature.Actions.CreatesNewPageSourceFileTest" assertions="3" time="0.020602"/>
        <testcase name="That can save file returns true if file already exists and overwrite is true" file="Creates New Page Source File (Hyde\Framework\Testing\Feature\Actions\CreatesNewPageSourceFile)::That can save file returns true if file already exists and overwrite is true" class="Hyde\Framework\Testing\Feature\Actions\CreatesNewPageSourceFileTest" classname="Hyde.Framework.Testing.Feature.Actions.CreatesNewPageSourceFileTest" assertions="1" time="0.021981"/>
        <testcase name="Exception is thrown for conflicting blade pages" file="Creates New Page Source File (Hyde\Framework\Testing\Feature\Actions\CreatesNewPageSourceFile)::Exception is thrown for conflicting blade pages" class="Hyde\Framework\Testing\Feature\Actions\CreatesNewPageSourceFileTest" classname="Hyde.Framework.Testing.Feature.Actions.CreatesNewPageSourceFileTest" assertions="3" time="0.020448"/>
        <testcase name="Exception is thrown for conflicting documentation pages" file="Creates New Page Source File (Hyde\Framework\Testing\Feature\Actions\CreatesNewPageSourceFile)::Exception is thrown for conflicting documentation pages" class="Hyde\Framework\Testing\Feature\Actions\CreatesNewPageSourceFileTest" classname="Hyde.Framework.Testing.Feature.Actions.CreatesNewPageSourceFileTest" assertions="3" time="0.020518"/>
        <testcase name="That a markdown file can be created and contains expected content" file="Creates New Page Source File (Hyde\Framework\Testing\Feature\Actions\CreatesNewPageSourceFile)::That a markdown file can be created and contains expected content" class="Hyde\Framework\Testing\Feature\Actions\CreatesNewPageSourceFileTest" classname="Hyde.Framework.Testing.Feature.Actions.CreatesNewPageSourceFileTest" assertions="2" time="0.022142"/>
        <testcase name="That a blade file can be created and contains expected content" file="Creates New Page Source File (Hyde\Framework\Testing\Feature\Actions\CreatesNewPageSourceFile)::That a blade file can be created and contains expected content" class="Hyde\Framework\Testing\Feature\Actions\CreatesNewPageSourceFileTest" classname="Hyde.Framework.Testing.Feature.Actions.CreatesNewPageSourceFileTest" assertions="2" time="0.026080"/>
        <testcase name="That a documentation file can be created and contains expected content" file="Creates New Page Source File (Hyde\Framework\Testing\Feature\Actions\CreatesNewPageSourceFile)::That a documentation file can be created and contains expected content" class="Hyde\Framework\Testing\Feature\Actions\CreatesNewPageSourceFileTest" classname="Hyde.Framework.Testing.Feature.Actions.CreatesNewPageSourceFileTest" assertions="2" time="0.021904"/>
        <testcase name="That a markdown file can be created with custom content" file="Creates New Page Source File (Hyde\Framework\Testing\Feature\Actions\CreatesNewPageSourceFile)::That a markdown file can be created with custom content" class="Hyde\Framework\Testing\Feature\Actions\CreatesNewPageSourceFileTest" classname="Hyde.Framework.Testing.Feature.Actions.CreatesNewPageSourceFileTest" assertions="2" time="0.021574"/>
        <testcase name="That a blade file can be created with custom content" file="Creates New Page Source File (Hyde\Framework\Testing\Feature\Actions\CreatesNewPageSourceFile)::That a blade file can be created with custom content" class="Hyde\Framework\Testing\Feature\Actions\CreatesNewPageSourceFileTest" classname="Hyde.Framework.Testing.Feature.Actions.CreatesNewPageSourceFileTest" assertions="2" time="0.020392"/>
        <testcase name="That the file path can be returned" file="Creates New Page Source File (Hyde\Framework\Testing\Feature\Actions\CreatesNewPageSourceFile)::That the file path can be returned" class="Hyde\Framework\Testing\Feature\Actions\CreatesNewPageSourceFileTest" classname="Hyde.Framework.Testing.Feature.Actions.CreatesNewPageSourceFileTest" assertions="2" time="0.022032"/>
        <testcase name="File is created using slug generated from title" file="Creates New Page Source File (Hyde\Framework\Testing\Feature\Actions\CreatesNewPageSourceFile)::File is created using slug generated from title" class="Hyde\Framework\Testing\Feature\Actions\CreatesNewPageSourceFileTest" classname="Hyde.Framework.Testing.Feature.Actions.CreatesNewPageSourceFileTest" assertions="1" time="0.021199"/>
        <testcase name="Action can generate nested pages" file="Creates New Page Source File (Hyde\Framework\Testing\Feature\Actions\CreatesNewPageSourceFile)::Action can generate nested pages" class="Hyde\Framework\Testing\Feature\Actions\CreatesNewPageSourceFileTest" classname="Hyde.Framework.Testing.Feature.Actions.CreatesNewPageSourceFileTest" assertions="1" time="0.021536"/>
        <testcase name="Can create deeply nested pages" file="Creates New Page Source File (Hyde\Framework\Testing\Feature\Actions\CreatesNewPageSourceFile)::Can create deeply nested pages" class="Hyde\Framework\Testing\Feature\Actions\CreatesNewPageSourceFileTest" classname="Hyde.Framework.Testing.Feature.Actions.CreatesNewPageSourceFileTest" assertions="1" time="0.022964"/>
      </testsuite>
      <testsuite name="Hyde\Framework\Testing\Feature\Actions\GeneratesSidebarTableOfContentsTest" file="Generates Sidebar Table Of Contents (Hyde\Framework\Testing\Feature\Actions\GeneratesSidebarTableOfContents)" tests="9" assertions="13" errors="0" failures="0" skipped="0" time="0.080258">
        <testcase name="Can generate table of contents" file="Generates Sidebar Table Of Contents (Hyde\Framework\Testing\Feature\Actions\GeneratesSidebarTableOfContents)::Can generate table of contents" class="Hyde\Framework\Testing\Feature\Actions\GeneratesSidebarTableOfContentsTest" classname="Hyde.Framework.Testing.Feature.Actions.GeneratesSidebarTableOfContentsTest" assertions="4" time="0.026235"/>
        <testcase name="Return string contains expected content" file="Generates Sidebar Table Of Contents (Hyde\Framework\Testing\Feature\Actions\GeneratesSidebarTableOfContents)::Return string contains expected content" class="Hyde\Framework\Testing\Feature\Actions\GeneratesSidebarTableOfContentsTest" classname="Hyde.Framework.Testing.Feature.Actions.GeneratesSidebarTableOfContentsTest" assertions="1" time="0.004358"/>
        <testcase name="Can generate table of contents for document using setext headers" file="Generates Sidebar Table Of Contents (Hyde\Framework\Testing\Feature\Actions\GeneratesSidebarTableOfContents)::Can generate table of contents for document using setext headers" class="Hyde\Framework\Testing\Feature\Actions\GeneratesSidebarTableOfContentsTest" classname="Hyde.Framework.Testing.Feature.Actions.GeneratesSidebarTableOfContentsTest" assertions="2" time="0.009190"/>
        <testcase name="Non heading markdown is removed" file="Generates Sidebar Table Of Contents (Hyde\Framework\Testing\Feature\Actions\GeneratesSidebarTableOfContents)::Non heading markdown is removed" class="Hyde\Framework\Testing\Feature\Actions\GeneratesSidebarTableOfContentsTest" classname="Hyde.Framework.Testing.Feature.Actions.GeneratesSidebarTableOfContentsTest" assertions="1" time="0.018097"/>
        <testcase name="With no level one heading" file="Generates Sidebar Table Of Contents (Hyde\Framework\Testing\Feature\Actions\GeneratesSidebarTableOfContents)::With no level one heading" class="Hyde\Framework\Testing\Feature\Actions\GeneratesSidebarTableOfContentsTest" classname="Hyde.Framework.Testing.Feature.Actions.GeneratesSidebarTableOfContentsTest" assertions="1" time="0.004099"/>
        <testcase name="With multiple nested headings" file="Generates Sidebar Table Of Contents (Hyde\Framework\Testing\Feature\Actions\GeneratesSidebarTableOfContents)::With multiple nested headings" class="Hyde\Framework\Testing\Feature\Actions\GeneratesSidebarTableOfContentsTest" classname="Hyde.Framework.Testing.Feature.Actions.GeneratesSidebarTableOfContentsTest" assertions="1" time="0.006228"/>
        <testcase name="With multiple level one headings" file="Generates Sidebar Table Of Contents (Hyde\Framework\Testing\Feature\Actions\GeneratesSidebarTableOfContents)::With multiple level one headings" class="Hyde\Framework\Testing\Feature\Actions\GeneratesSidebarTableOfContentsTest" classname="Hyde.Framework.Testing.Feature.Actions.GeneratesSidebarTableOfContentsTest" assertions="1" time="0.005016"/>
        <testcase name="With no headings" file="Generates Sidebar Table Of Contents (Hyde\Framework\Testing\Feature\Actions\GeneratesSidebarTableOfContents)::With no headings" class="Hyde\Framework\Testing\Feature\Actions\GeneratesSidebarTableOfContentsTest" classname="Hyde.Framework.Testing.Feature.Actions.GeneratesSidebarTableOfContentsTest" assertions="1" time="0.003778"/>
        <testcase name="With no content" file="Generates Sidebar Table Of Contents (Hyde\Framework\Testing\Feature\Actions\GeneratesSidebarTableOfContents)::With no content" class="Hyde\Framework\Testing\Feature\Actions\GeneratesSidebarTableOfContentsTest" classname="Hyde.Framework.Testing.Feature.Actions.GeneratesSidebarTableOfContentsTest" assertions="1" time="0.003258"/>
      </testsuite>
      <testsuite name="Hyde\Framework\Testing\Feature\AssetServiceTest" file="Asset Service (Hyde\Framework\Testing\Feature\AssetService)" tests="3" assertions="6" errors="0" failures="0" skipped="0" time="0.071647">
        <testcase name="Media link returns media path with cache key" file="Asset Service (Hyde\Framework\Testing\Feature\AssetService)::Media link returns media path with cache key" class="Hyde\Framework\Testing\Feature\AssetServiceTest" classname="Hyde.Framework.Testing.Feature.AssetServiceTest" assertions="2" time="0.031044"/>
        <testcase name="Media link returns media path without cache key if cache busting is disabled" file="Asset Service (Hyde\Framework\Testing\Feature\AssetService)::Media link returns media path without cache key if cache busting is disabled" class="Hyde\Framework\Testing\Feature\AssetServiceTest" classname="Hyde.Framework.Testing.Feature.AssetServiceTest" assertions="2" time="0.019727"/>
        <testcase name="Media link supports custom media directories" file="Asset Service (Hyde\Framework\Testing\Feature\AssetService)::Media link supports custom media directories" class="Hyde\Framework\Testing\Feature\AssetServiceTest" classname="Hyde.Framework.Testing.Feature.AssetServiceTest" assertions="2" time="0.020877"/>
      </testsuite>
      <testsuite name="Hyde\Framework\Testing\Feature\BladeMatterParserTest" file="Blade Matter Parser (Hyde\Framework\Testing\Feature\BladeMatterParser)" tests="15" assertions="38" errors="0" failures="0" skipped="0" time="0.302858">
        <testcase name="Can parse front matter" file="Blade Matter Parser (Hyde\Framework\Testing\Feature\BladeMatterParser)::Can parse front matter" class="Hyde\Framework\Testing\Feature\BladeMatterParserTest" classname="Hyde.Framework.Testing.Feature.BladeMatterParserTest" assertions="1" time="0.024340"/>
        <testcase name="Parse string helper method" file="Blade Matter Parser (Hyde\Framework\Testing\Feature\BladeMatterParser)::Parse string helper method" class="Hyde\Framework\Testing\Feature\BladeMatterParserTest" classname="Hyde.Framework.Testing.Feature.BladeMatterParserTest" assertions="1" time="0.019449"/>
        <testcase name="Parse file helper method" file="Blade Matter Parser (Hyde\Framework\Testing\Feature\BladeMatterParser)::Parse file helper method" class="Hyde\Framework\Testing\Feature\BladeMatterParserTest" classname="Hyde.Framework.Testing.Feature.BladeMatterParserTest" assertions="1" time="0.020073"/>
        <testcase name="Can parse multiple front matter lines" file="Blade Matter Parser (Hyde\Framework\Testing\Feature\BladeMatterParser)::Can parse multiple front matter lines" class="Hyde\Framework\Testing\Feature\BladeMatterParserTest" classname="Hyde.Framework.Testing.Feature.BladeMatterParserTest" assertions="1" time="0.019678"/>
        <testcase name="Can parse front matter with various formats" file="Blade Matter Parser (Hyde\Framework\Testing\Feature\BladeMatterParser)::Can parse front matter with various formats" class="Hyde\Framework\Testing\Feature\BladeMatterParserTest" classname="Hyde.Framework.Testing.Feature.BladeMatterParserTest" assertions="4" time="0.020449"/>
        <testcase name="Can parse front matter with array" file="Blade Matter Parser (Hyde\Framework\Testing\Feature\BladeMatterParser)::Can parse front matter with array" class="Hyde\Framework\Testing\Feature\BladeMatterParserTest" classname="Hyde.Framework.Testing.Feature.BladeMatterParserTest" assertions="1" time="0.019837"/>
        <testcase name="Line matches front matter" file="Blade Matter Parser (Hyde\Framework\Testing\Feature\BladeMatterParser)::Line matches front matter" class="Hyde\Framework\Testing\Feature\BladeMatterParserTest" classname="Hyde.Framework.Testing.Feature.BladeMatterParserTest" assertions="2" time="0.019647"/>
        <testcase name="Directive cannot have leading whitespace" file="Blade Matter Parser (Hyde\Framework\Testing\Feature\BladeMatterParser)::Directive cannot have leading whitespace" class="Hyde\Framework\Testing\Feature\BladeMatterParserTest" classname="Hyde.Framework.Testing.Feature.BladeMatterParserTest" assertions="1" time="0.019499"/>
        <testcase name="Directive signature cannot contain whitespace" file="Blade Matter Parser (Hyde\Framework\Testing\Feature\BladeMatterParser)::Directive signature cannot contain whitespace" class="Hyde\Framework\Testing\Feature\BladeMatterParserTest" classname="Hyde.Framework.Testing.Feature.BladeMatterParserTest" assertions="3" time="0.020022"/>
        <testcase name="Extract key" file="Blade Matter Parser (Hyde\Framework\Testing\Feature\BladeMatterParser)::Extract key" class="Hyde\Framework\Testing\Feature\BladeMatterParserTest" classname="Hyde.Framework.Testing.Feature.BladeMatterParserTest" assertions="1" time="0.019503"/>
        <testcase name="Extract value" file="Blade Matter Parser (Hyde\Framework\Testing\Feature\BladeMatterParser)::Extract value" class="Hyde\Framework\Testing\Feature\BladeMatterParserTest" classname="Hyde.Framework.Testing.Feature.BladeMatterParserTest" assertions="1" time="0.019532"/>
        <testcase name="Get value with type" file="Blade Matter Parser (Hyde\Framework\Testing\Feature\BladeMatterParser)::Get value with type" class="Hyde\Framework\Testing\Feature\BladeMatterParserTest" classname="Hyde.Framework.Testing.Feature.BladeMatterParserTest" assertions="11" time="0.020697"/>
        <testcase name="Parse array string" file="Blade Matter Parser (Hyde\Framework\Testing\Feature\BladeMatterParser)::Parse array string" class="Hyde\Framework\Testing\Feature\BladeMatterParserTest" classname="Hyde.Framework.Testing.Feature.BladeMatterParserTest" assertions="8" time="0.021066"/>
        <testcase name="Parse invalid array string" file="Blade Matter Parser (Hyde\Framework\Testing\Feature\BladeMatterParser)::Parse invalid array string" class="Hyde\Framework\Testing\Feature\BladeMatterParserTest" classname="Hyde.Framework.Testing.Feature.BladeMatterParserTest" assertions="1" time="0.019433"/>
        <testcase name="Parse multidimensional array string" file="Blade Matter Parser (Hyde\Framework\Testing\Feature\BladeMatterParser)::Parse multidimensional array string" class="Hyde\Framework\Testing\Feature\BladeMatterParserTest" classname="Hyde.Framework.Testing.Feature.BladeMatterParserTest" assertions="1" time="0.019635"/>
      </testsuite>
      <testsuite name="Hyde\Framework\Testing\Feature\ColoredBlockquoteShortcodesTest" file="Colored Blockquote Shortcodes (Hyde\Framework\Testing\Feature\ColoredBlockquoteShortcodes)" tests="5" assertions="5" errors="0" failures="0" skipped="0" time="0.031812">
        <testcase name="Signature" file="Colored Blockquote Shortcodes (Hyde\Framework\Testing\Feature\ColoredBlockquoteShortcodes)::Signature" class="Hyde\Framework\Testing\Feature\ColoredBlockquoteShortcodesTest" classname="Hyde.Framework.Testing.Feature.ColoredBlockquoteShortcodesTest" assertions="1" time="0.021460"/>
        <testcase name="Signatures" file="Colored Blockquote Shortcodes (Hyde\Framework\Testing\Feature\ColoredBlockquoteShortcodes)::Signatures" class="Hyde\Framework\Testing\Feature\ColoredBlockquoteShortcodesTest" classname="Hyde.Framework.Testing.Feature.ColoredBlockquoteShortcodesTest" assertions="1" time="0.002108"/>
        <testcase name="Resolve method" file="Colored Blockquote Shortcodes (Hyde\Framework\Testing\Feature\ColoredBlockquoteShortcodes)::Resolve method" class="Hyde\Framework\Testing\Feature\ColoredBlockquoteShortcodesTest" classname="Hyde.Framework.Testing.Feature.ColoredBlockquoteShortcodesTest" assertions="1" time="0.002942"/>
        <testcase name="Can use markdown within blockquote" file="Colored Blockquote Shortcodes (Hyde\Framework\Testing\Feature\ColoredBlockquoteShortcodes)::Can use markdown within blockquote" class="Hyde\Framework\Testing\Feature\ColoredBlockquoteShortcodesTest" classname="Hyde.Framework.Testing.Feature.ColoredBlockquoteShortcodesTest" assertions="1" time="0.003364"/>
        <testcase name="With unrelated class" file="Colored Blockquote Shortcodes (Hyde\Framework\Testing\Feature\ColoredBlockquoteShortcodes)::With unrelated class" class="Hyde\Framework\Testing\Feature\ColoredBlockquoteShortcodesTest" classname="Hyde.Framework.Testing.Feature.ColoredBlockquoteShortcodesTest" assertions="1" time="0.001938"/>
      </testsuite>
      <testsuite name="Hyde\Framework\Testing\Feature\CommandTest" file="Command (Hyde\Framework\Testing\Feature\Command)" tests="23" assertions="31" errors="0" failures="0" skipped="0" time="0.058191">
        <testcase name="User exit constant" file="Command (Hyde\Framework\Testing\Feature\Command)::User exit constant" class="Hyde\Framework\Testing\Feature\CommandTest" classname="Hyde.Framework.Testing.Feature.CommandTest" assertions="1" time="0.006969"/>
        <testcase name="File link helper creates link for existing file" file="Command (Hyde\Framework\Testing\Feature\Command)::File link helper creates link for existing file" class="Hyde\Framework\Testing\Feature\CommandTest" classname="Hyde.Framework.Testing.Feature.CommandTest" assertions="1" time="0.002294"/>
        <testcase name="File link helper creates link for non existing file" file="Command (Hyde\Framework\Testing\Feature\Command)::File link helper creates link for non existing file" class="Hyde\Framework\Testing\Feature\CommandTest" classname="Hyde.Framework.Testing.Feature.CommandTest" assertions="1" time="0.002191"/>
        <testcase name="File link helper with custom label" file="Command (Hyde\Framework\Testing\Feature\Command)::File link helper with custom label" class="Hyde\Framework\Testing\Feature\CommandTest" classname="Hyde.Framework.Testing.Feature.CommandTest" assertions="1" time="0.002126"/>
        <testcase name="File link helper with absolute path input" file="Command (Hyde\Framework\Testing\Feature\Command)::File link helper with absolute path input" class="Hyde\Framework\Testing\Feature\CommandTest" classname="Hyde.Framework.Testing.Feature.CommandTest" assertions="1" time="0.002127"/>
        <testcase name="File link helper with absolute path input and custom label" file="Command (Hyde\Framework\Testing\Feature\Command)::File link helper with absolute path input and custom label" class="Hyde\Framework\Testing\Feature\CommandTest" classname="Hyde.Framework.Testing.Feature.CommandTest" assertions="1" time="0.002151"/>
        <testcase name="File link helper with absolute path and real file" file="Command (Hyde\Framework\Testing\Feature\Command)::File link helper with absolute path and real file" class="Hyde\Framework\Testing\Feature\CommandTest" classname="Hyde.Framework.Testing.Feature.CommandTest" assertions="1" time="0.002267"/>
        <testcase name="Info comment" file="Command (Hyde\Framework\Testing\Feature\Command)::Info comment" class="Hyde\Framework\Testing\Feature\CommandTest" classname="Hyde.Framework.Testing.Feature.CommandTest" assertions="1" time="0.002466"/>
        <testcase name="Info comment with extra info" file="Command (Hyde\Framework\Testing\Feature\Command)::Info comment with extra info" class="Hyde\Framework\Testing\Feature\CommandTest" classname="Hyde.Framework.Testing.Feature.CommandTest" assertions="1" time="0.002398"/>
        <testcase name="Info comment with extra info and comments" file="Command (Hyde\Framework\Testing\Feature\Command)::Info comment with extra info and comments" class="Hyde\Framework\Testing\Feature\CommandTest" classname="Hyde.Framework.Testing.Feature.CommandTest" assertions="1" time="0.002381"/>
        <testcase name="Href" file="Command (Hyde\Framework\Testing\Feature\Command)::Href" class="Hyde\Framework\Testing\Feature\CommandTest" classname="Hyde.Framework.Testing.Feature.CommandTest" assertions="1" time="0.002164"/>
        <testcase name="Inline gray" file="Command (Hyde\Framework\Testing\Feature\Command)::Inline gray" class="Hyde\Framework\Testing\Feature\CommandTest" classname="Hyde.Framework.Testing.Feature.CommandTest" assertions="1" time="0.002193"/>
        <testcase name="Gray" file="Command (Hyde\Framework\Testing\Feature\Command)::Gray" class="Hyde\Framework\Testing\Feature\CommandTest" classname="Hyde.Framework.Testing.Feature.CommandTest" assertions="1" time="0.002394"/>
        <testcase name="Indented line" file="Command (Hyde\Framework\Testing\Feature\Command)::Indented line" class="Hyde\Framework\Testing\Feature\CommandTest" classname="Hyde.Framework.Testing.Feature.CommandTest" assertions="1" time="0.002356"/>
        <testcase name="Indented line with multiple indentations" file="Command (Hyde\Framework\Testing\Feature\Command)::Indented line with multiple indentations" class="Hyde\Framework\Testing\Feature\CommandTest" classname="Hyde.Framework.Testing.Feature.CommandTest" assertions="1" time="0.002389"/>
        <testcase name="Indented line with no indentation" file="Command (Hyde\Framework\Testing\Feature\Command)::Indented line with no indentation" class="Hyde\Framework\Testing\Feature\CommandTest" classname="Hyde.Framework.Testing.Feature.CommandTest" assertions="1" time="0.002398"/>
        <testcase name="Handle calls base safe handle" file="Command (Hyde\Framework\Testing\Feature\Command)::Handle calls base safe handle" class="Hyde\Framework\Testing\Feature\CommandTest" classname="Hyde.Framework.Testing.Feature.CommandTest" assertions="1" time="0.002089"/>
        <testcase name="Handle calls child safe handle" file="Command (Hyde\Framework\Testing\Feature\Command)::Handle calls child safe handle" class="Hyde\Framework\Testing\Feature\CommandTest" classname="Hyde.Framework.Testing.Feature.CommandTest" assertions="1" time="0.002058"/>
        <testcase name="Safe handle exception" file="Command (Hyde\Framework\Testing\Feature\Command)::Safe handle exception" class="Hyde\Framework\Testing\Feature\CommandTest" classname="Hyde.Framework.Testing.Feature.CommandTest" assertions="2" time="0.002670"/>
        <testcase name="Can enable throw on exception" file="Command (Hyde\Framework\Testing\Feature\Command)::Can enable throw on exception" class="Hyde\Framework\Testing\Feature\CommandTest" classname="Hyde.Framework.Testing.Feature.CommandTest" assertions="2" time="0.002542"/>
        <testcase name="Ask for string" file="Command (Hyde\Framework\Testing\Feature\Command)::Ask for string" class="Hyde\Framework\Testing\Feature\CommandTest" classname="Hyde.Framework.Testing.Feature.CommandTest" assertions="3" time="0.002522"/>
        <testcase name="Ask for string with default value" file="Command (Hyde\Framework\Testing\Feature\Command)::Ask for string with default value" class="Hyde\Framework\Testing\Feature\CommandTest" classname="Hyde.Framework.Testing.Feature.CommandTest" assertions="3" time="0.002523"/>
        <testcase name="Ask for string with default value supplying null" file="Command (Hyde\Framework\Testing\Feature\Command)::Ask for string with default value supplying null" class="Hyde\Framework\Testing\Feature\CommandTest" classname="Hyde.Framework.Testing.Feature.CommandTest" assertions="3" time="0.002522"/>
      </testsuite>
      <testsuite name="Hyde\Framework\Testing\Feature\Commands\BuildRssFeedCommandTest" file="Build Rss Feed Command (Hyde\Framework\Testing\Feature\Commands\BuildRssFeedCommand)" tests="2" assertions="8" errors="0" failures="0" skipped="0" time="0.118066">
        <testcase name="Rss feed is generated when conditions are met" file="Build Rss Feed Command (Hyde\Framework\Testing\Feature\Commands\BuildRssFeedCommand)::Rss feed is generated when conditions are met" class="Hyde\Framework\Testing\Feature\Commands\BuildRssFeedCommandTest" classname="Hyde.Framework.Testing.Feature.Commands.BuildRssFeedCommandTest" assertions="3" time="0.088599"/>
        <testcase name="Rss filename can be changed" file="Build Rss Feed Command (Hyde\Framework\Testing\Feature\Commands\BuildRssFeedCommand)::Rss filename can be changed" class="Hyde\Framework\Testing\Feature\Commands\BuildRssFeedCommandTest" classname="Hyde.Framework.Testing.Feature.Commands.BuildRssFeedCommandTest" assertions="5" time="0.029467"/>
      </testsuite>
      <testsuite name="Hyde\Framework\Testing\Feature\Commands\BuildSearchCommandTest" file="Build Search Command (Hyde\Framework\Testing\Feature\Commands\BuildSearchCommand)" tests="8" assertions="22" errors="0" failures="0" skipped="0" time="0.293688">
        <testcase name="It creates the search json file" file="Build Search Command (Hyde\Framework\Testing\Feature\Commands\BuildSearchCommand)::It creates the search json file" class="Hyde\Framework\Testing\Feature\Commands\BuildSearchCommandTest" classname="Hyde.Framework.Testing.Feature.Commands.BuildSearchCommandTest" assertions="3" time="0.046466"/>
        <testcase name="It creates the search page" file="Build Search Command (Hyde\Framework\Testing\Feature\Commands\BuildSearchCommand)::It creates the search page" class="Hyde\Framework\Testing\Feature\Commands\BuildSearchCommandTest" classname="Hyde.Framework.Testing.Feature.Commands.BuildSearchCommandTest" assertions="3" time="0.034573"/>
        <testcase name="It does not create the search page if disabled" file="Build Search Command (Hyde\Framework\Testing\Feature\Commands\BuildSearchCommand)::It does not create the search page if disabled" class="Hyde\Framework\Testing\Feature\Commands\BuildSearchCommandTest" classname="Hyde.Framework.Testing.Feature.Commands.BuildSearchCommandTest" assertions="2" time="0.025937"/>
        <testcase name="It does not display the estimation message when it is less than 1 second" file="Build Search Command (Hyde\Framework\Testing\Feature\Commands\BuildSearchCommand)::It does not display the estimation message when it is less than 1 second" class="Hyde\Framework\Testing\Feature\Commands\BuildSearchCommandTest" classname="Hyde.Framework.Testing.Feature.Commands.BuildSearchCommandTest" assertions="2" time="0.035058"/>
        <testcase name="Search files can be generated for custom docs output directory" file="Build Search Command (Hyde\Framework\Testing\Feature\Commands\BuildSearchCommand)::Search files can be generated for custom docs output directory" class="Hyde\Framework\Testing\Feature\Commands\BuildSearchCommandTest" classname="Hyde.Framework.Testing.Feature.Commands.BuildSearchCommandTest" assertions="3" time="0.034897"/>
        <testcase name="Search files can be generated for custom site output directory" file="Build Search Command (Hyde\Framework\Testing\Feature\Commands\BuildSearchCommand)::Search files can be generated for custom site output directory" class="Hyde\Framework\Testing\Feature\Commands\BuildSearchCommandTest" classname="Hyde.Framework.Testing.Feature.Commands.BuildSearchCommandTest" assertions="3" time="0.034890"/>
        <testcase name="Search files can be generated for custom site and docs output directories" file="Build Search Command (Hyde\Framework\Testing\Feature\Commands\BuildSearchCommand)::Search files can be generated for custom site and docs output directories" class="Hyde\Framework\Testing\Feature\Commands\BuildSearchCommandTest" classname="Hyde.Framework.Testing.Feature.Commands.BuildSearchCommandTest" assertions="3" time="0.034964"/>
        <testcase name="Search files can be generated for custom site and nested docs output directories" file="Build Search Command (Hyde\Framework\Testing\Feature\Commands\BuildSearchCommand)::Search files can be generated for custom site and nested docs output directories" class="Hyde\Framework\Testing\Feature\Commands\BuildSearchCommandTest" classname="Hyde.Framework.Testing.Feature.Commands.BuildSearchCommandTest" assertions="3" time="0.046903"/>
      </testsuite>
      <testsuite name="Hyde\Framework\Testing\Feature\Commands\BuildSitemapCommandTest" file="Build Sitemap Command (Hyde\Framework\Testing\Feature\Commands\BuildSitemapCommand)" tests="1" assertions="3" errors="0" failures="0" skipped="0" time="0.054604">
        <testcase name="Sitemap is generated when conditions are met" file="Build Sitemap Command (Hyde\Framework\Testing\Feature\Commands\BuildSitemapCommand)::Sitemap is generated when conditions are met" class="Hyde\Framework\Testing\Feature\Commands\BuildSitemapCommandTest" classname="Hyde.Framework.Testing.Feature.Commands.BuildSitemapCommandTest" assertions="3" time="0.054604"/>
      </testsuite>
      <testsuite name="Hyde\Framework\Testing\Feature\Commands\ChangeSourceDirectoryCommandTest" file="Change Source Directory Command (Hyde\Framework\Testing\Feature\Commands\ChangeSourceDirectoryCommand)" tests="6" assertions="38" errors="0" failures="0" skipped="0" time="0.147568">
        <testcase name="Command moves source directories to new supplied directory and updates the configuration file" file="Change Source Directory Command (Hyde\Framework\Testing\Feature\Commands\ChangeSourceDirectoryCommand)::Command moves source directories to new supplied directory and updates the configuration file" class="Hyde\Framework\Testing\Feature\Commands\ChangeSourceDirectoryCommandTest" classname="Hyde.Framework.Testing.Feature.Commands.ChangeSourceDirectoryCommandTest" assertions="15" time="0.028885"/>
        <testcase name="With missing config search string" file="Change Source Directory Command (Hyde\Framework\Testing\Feature\Commands\ChangeSourceDirectoryCommand)::With missing config search string" class="Hyde\Framework\Testing\Feature\Commands\ChangeSourceDirectoryCommandTest" classname="Hyde.Framework.Testing.Feature.Commands.ChangeSourceDirectoryCommandTest" assertions="15" time="0.027738"/>
        <testcase name="With name matching current value" file="Change Source Directory Command (Hyde\Framework\Testing\Feature\Commands\ChangeSourceDirectoryCommand)::With name matching current value" class="Hyde\Framework\Testing\Feature\Commands\ChangeSourceDirectoryCommandTest" classname="Hyde.Framework.Testing.Feature.Commands.ChangeSourceDirectoryCommandTest" assertions="2" time="0.021736"/>
        <testcase name="With existing directory" file="Change Source Directory Command (Hyde\Framework\Testing\Feature\Commands\ChangeSourceDirectoryCommand)::With existing directory" class="Hyde\Framework\Testing\Feature\Commands\ChangeSourceDirectoryCommandTest" classname="Hyde.Framework.Testing.Feature.Commands.ChangeSourceDirectoryCommandTest" assertions="2" time="0.023717"/>
        <testcase name="With target containing subdirectory file" file="Change Source Directory Command (Hyde\Framework\Testing\Feature\Commands\ChangeSourceDirectoryCommand)::With target containing subdirectory file" class="Hyde\Framework\Testing\Feature\Commands\ChangeSourceDirectoryCommandTest" classname="Hyde.Framework.Testing.Feature.Commands.ChangeSourceDirectoryCommandTest" assertions="2" time="0.023231"/>
        <testcase name="With target being file" file="Change Source Directory Command (Hyde\Framework\Testing\Feature\Commands\ChangeSourceDirectoryCommand)::With target being file" class="Hyde\Framework\Testing\Feature\Commands\ChangeSourceDirectoryCommandTest" classname="Hyde.Framework.Testing.Feature.Commands.ChangeSourceDirectoryCommandTest" assertions="2" time="0.022261"/>
      </testsuite>
      <testsuite name="Hyde\Framework\Testing\Feature\Commands\DebugCommandTest" file="Debug Command (Hyde\Framework\Testing\Feature\Commands\DebugCommand)" tests="4" assertions="16" errors="0" failures="0" skipped="0" time="0.104738">
        <testcase name="Debug command can run" file="Debug Command (Hyde\Framework\Testing\Feature\Commands\DebugCommand)::Debug command can run" class="Hyde\Framework\Testing\Feature\Commands\DebugCommandTest" classname="Hyde.Framework.Testing.Feature.Commands.DebugCommandTest" assertions="1" time="0.033560"/>
        <testcase name="It prints debug information" file="Debug Command (Hyde\Framework\Testing\Feature\Commands\DebugCommand)::It prints debug information" class="Hyde\Framework\Testing\Feature\Commands\DebugCommandTest" classname="Hyde.Framework.Testing.Feature.Commands.DebugCommandTest" assertions="8" time="0.024594"/>
        <testcase name="It prints verbose debug information" file="Debug Command (Hyde\Framework\Testing\Feature\Commands\DebugCommand)::It prints verbose debug information" class="Hyde\Framework\Testing\Feature\Commands\DebugCommandTest" classname="Hyde.Framework.Testing.Feature.Commands.DebugCommandTest" assertions="6" time="0.025009"/>
        <testcase name="It prints phar debug information" file="Debug Command (Hyde\Framework\Testing\Feature\Commands\DebugCommand)::It prints phar debug information" class="Hyde\Framework\Testing\Feature\Commands\DebugCommandTest" classname="Hyde.Framework.Testing.Feature.Commands.DebugCommandTest" assertions="1" time="0.021575"/>
      </testsuite>
      <testsuite name="Hyde\Framework\Testing\Feature\Commands\MakePageCommandTest" file="Make Page Command (Hyde\Framework\Testing\Feature\Commands\MakePageCommand)" tests="14" assertions="34" errors="0" failures="0" skipped="0" time="0.360380">
        <testcase name="Command can run" file="Make Page Command (Hyde\Framework\Testing\Feature\Commands\MakePageCommand)::Command can run" class="Hyde\Framework\Testing\Feature\Commands\MakePageCommandTest" classname="Hyde.Framework.Testing.Feature.Commands.MakePageCommandTest" assertions="1" time="0.030431"/>
        <testcase name="Command output" file="Make Page Command (Hyde\Framework\Testing\Feature\Commands\MakePageCommand)::Command output" class="Hyde\Framework\Testing\Feature\Commands\MakePageCommandTest" classname="Hyde.Framework.Testing.Feature.Commands.MakePageCommandTest" assertions="3" time="0.024391"/>
        <testcase name="Command allows user to specify page type" file="Make Page Command (Hyde\Framework\Testing\Feature\Commands\MakePageCommand)::Command allows user to specify page type" class="Hyde\Framework\Testing\Feature\Commands\MakePageCommandTest" classname="Hyde.Framework.Testing.Feature.Commands.MakePageCommandTest" assertions="2" time="0.026705"/>
        <testcase name="Type option is case insensitive" file="Make Page Command (Hyde\Framework\Testing\Feature\Commands\MakePageCommand)::Type option is case insensitive" class="Hyde\Framework\Testing\Feature\Commands\MakePageCommandTest" classname="Hyde.Framework.Testing.Feature.Commands.MakePageCommandTest" assertions="2" time="0.026848"/>
        <testcase name="Command fails if user specifies invalid page type" file="Make Page Command (Hyde\Framework\Testing\Feature\Commands\MakePageCommand)::Command fails if user specifies invalid page type" class="Hyde\Framework\Testing\Feature\Commands\MakePageCommandTest" classname="Hyde.Framework.Testing.Feature.Commands.MakePageCommandTest" assertions="3" time="0.022486"/>
        <testcase name="Command creates markdown file" file="Make Page Command (Hyde\Framework\Testing\Feature\Commands\MakePageCommand)::Command creates markdown file" class="Hyde\Framework\Testing\Feature\Commands\MakePageCommandTest" classname="Hyde.Framework.Testing.Feature.Commands.MakePageCommandTest" assertions="2" time="0.036478"/>
        <testcase name="Command creates blade file" file="Make Page Command (Hyde\Framework\Testing\Feature\Commands\MakePageCommand)::Command creates blade file" class="Hyde\Framework\Testing\Feature\Commands\MakePageCommandTest" classname="Hyde.Framework.Testing.Feature.Commands.MakePageCommandTest" assertions="2" time="0.023185"/>
        <testcase name="Command creates documentation file" file="Make Page Command (Hyde\Framework\Testing\Feature\Commands\MakePageCommand)::Command creates documentation file" class="Hyde\Framework\Testing\Feature\Commands\MakePageCommandTest" classname="Hyde.Framework.Testing.Feature.Commands.MakePageCommandTest" assertions="2" time="0.024504"/>
        <testcase name="Command fails if file already exists" file="Make Page Command (Hyde\Framework\Testing\Feature\Commands\MakePageCommand)::Command fails if file already exists" class="Hyde\Framework\Testing\Feature\Commands\MakePageCommandTest" classname="Hyde.Framework.Testing.Feature.Commands.MakePageCommandTest" assertions="3" time="0.022851"/>
        <testcase name="Command overwrites existing files when force option is used" file="Make Page Command (Hyde\Framework\Testing\Feature\Commands\MakePageCommand)::Command overwrites existing files when force option is used" class="Hyde\Framework\Testing\Feature\Commands\MakePageCommandTest" classname="Hyde.Framework.Testing.Feature.Commands.MakePageCommandTest" assertions="2" time="0.024615"/>
        <testcase name="Command prompts for title if it was not specified" file="Make Page Command (Hyde\Framework\Testing\Feature\Commands\MakePageCommand)::Command prompts for title if it was not specified" class="Hyde\Framework\Testing\Feature\Commands\MakePageCommandTest" classname="Hyde.Framework.Testing.Feature.Commands.MakePageCommandTest" assertions="3" time="0.025062"/>
        <testcase name="Command falls back to default title if user enters nothing" file="Make Page Command (Hyde\Framework\Testing\Feature\Commands\MakePageCommand)::Command falls back to default title if user enters nothing" class="Hyde\Framework\Testing\Feature\Commands\MakePageCommandTest" classname="Hyde.Framework.Testing.Feature.Commands.MakePageCommandTest" assertions="3" time="0.024641"/>
        <testcase name="Page type shorthand can be used to create blade pages" file="Make Page Command (Hyde\Framework\Testing\Feature\Commands\MakePageCommand)::Page type shorthand can be used to create blade pages" class="Hyde\Framework\Testing\Feature\Commands\MakePageCommandTest" classname="Hyde.Framework.Testing.Feature.Commands.MakePageCommandTest" assertions="3" time="0.023380"/>
        <testcase name="Page type shorthand can be used to create documentation pages" file="Make Page Command (Hyde\Framework\Testing\Feature\Commands\MakePageCommand)::Page type shorthand can be used to create documentation pages" class="Hyde\Framework\Testing\Feature\Commands\MakePageCommandTest" classname="Hyde.Framework.Testing.Feature.Commands.MakePageCommandTest" assertions="3" time="0.024801"/>
      </testsuite>
      <testsuite name="Hyde\Framework\Testing\Feature\Commands\MakePostCommandTest" file="Make Post Command (Hyde\Framework\Testing\Feature\Commands\MakePostCommand)" tests="5" assertions="48" errors="0" failures="0" skipped="0" time="0.149682">
        <testcase name="Command has expected output and creates valid file" file="Make Post Command (Hyde\Framework\Testing\Feature\Commands\MakePostCommand)::Command has expected output and creates valid file" class="Hyde\Framework\Testing\Feature\Commands\MakePostCommandTest" classname="Hyde.Framework.Testing.Feature.Commands.MakePostCommandTest" assertions="16" time="0.045663"/>
        <testcase name="That files are not overwritten when force flag is not set" file="Make Post Command (Hyde\Framework\Testing\Feature\Commands\MakePostCommand)::That files are not overwritten when force flag is not set" class="Hyde\Framework\Testing\Feature\Commands\MakePostCommandTest" classname="Hyde.Framework.Testing.Feature.Commands.MakePostCommandTest" assertions="9" time="0.026714"/>
        <testcase name="That files are overwritten when force flag is set" file="Make Post Command (Hyde\Framework\Testing\Feature\Commands\MakePostCommand)::That files are overwritten when force flag is set" class="Hyde\Framework\Testing\Feature\Commands\MakePostCommandTest" classname="Hyde.Framework.Testing.Feature.Commands.MakePostCommandTest" assertions="9" time="0.026729"/>
        <testcase name="That title can be specified in command signature" file="Make Post Command (Hyde\Framework\Testing\Feature\Commands\MakePostCommand)::That title can be specified in command signature" class="Hyde\Framework\Testing\Feature\Commands\MakePostCommandTest" classname="Hyde.Framework.Testing.Feature.Commands.MakePostCommandTest" assertions="6" time="0.026252"/>
        <testcase name="That command can be canceled" file="Make Post Command (Hyde\Framework\Testing\Feature\Commands\MakePostCommand)::That command can be canceled" class="Hyde\Framework\Testing\Feature\Commands\MakePostCommandTest" classname="Hyde.Framework.Testing.Feature.Commands.MakePostCommandTest" assertions="8" time="0.024324"/>
      </testsuite>
      <testsuite name="Hyde\Framework\Testing\Feature\Commands\PackageDiscoverCommandTest" file="Package Discover Command (Hyde\Framework\Testing\Feature\Commands\PackageDiscoverCommand)" tests="1" assertions="3" errors="0" failures="0" skipped="0" time="0.074367">
        <testcase name="Package discover command registers manifest path" file="Package Discover Command (Hyde\Framework\Testing\Feature\Commands\PackageDiscoverCommand)::Package discover command registers manifest path" class="Hyde\Framework\Testing\Feature\Commands\PackageDiscoverCommandTest" classname="Hyde.Framework.Testing.Feature.Commands.PackageDiscoverCommandTest" assertions="3" time="0.074367"/>
      </testsuite>
      <testsuite name="Hyde\Framework\Testing\Feature\Commands\PublishConfigsCommandTest" file="Publish Configs Command (Hyde\Framework\Testing\Feature\Commands\PublishConfigsCommand)" tests="3" assertions="16" errors="0" failures="0" skipped="0" time="0.093233">
        <testcase name="Command has expected output" file="Publish Configs Command (Hyde\Framework\Testing\Feature\Commands\PublishConfigsCommand)::Command has expected output" class="Hyde\Framework\Testing\Feature\Commands\PublishConfigsCommandTest" classname="Hyde.Framework.Testing.Feature.Commands.PublishConfigsCommandTest" assertions="4" time="0.035484"/>
        <testcase name="Config files are published" file="Publish Configs Command (Hyde\Framework\Testing\Feature\Commands\PublishConfigsCommand)::Config files are published" class="Hyde\Framework\Testing\Feature\Commands\PublishConfigsCommandTest" classname="Hyde.Framework.Testing.Feature.Commands.PublishConfigsCommandTest" assertions="8" time="0.029007"/>
        <testcase name="Command overwrites existing files" file="Publish Configs Command (Hyde\Framework\Testing\Feature\Commands\PublishConfigsCommand)::Command overwrites existing files" class="Hyde\Framework\Testing\Feature\Commands\PublishConfigsCommandTest" classname="Hyde.Framework.Testing.Feature.Commands.PublishConfigsCommandTest" assertions="4" time="0.028742"/>
      </testsuite>
      <testsuite name="Hyde\Framework\Testing\Feature\Commands\PublishHomepageCommandTest" file="Publish Homepage Command (Hyde\Framework\Testing\Feature\Commands\PublishHomepageCommand)" tests="9" assertions="28" errors="0" failures="0" skipped="0" time="0.267337">
        <testcase name="There are no default pages" file="Publish Homepage Command (Hyde\Framework\Testing\Feature\Commands\PublishHomepageCommand)::There are no default pages" class="Hyde\Framework\Testing\Feature\Commands\PublishHomepageCommandTest" classname="Hyde.Framework.Testing.Feature.Commands.PublishHomepageCommandTest" assertions="1" time="0.024997"/>
        <testcase name="Command returns expected output" file="Publish Homepage Command (Hyde\Framework\Testing\Feature\Commands\PublishHomepageCommand)::Command returns expected output" class="Hyde\Framework\Testing\Feature\Commands\PublishHomepageCommandTest" classname="Hyde.Framework.Testing.Feature.Commands.PublishHomepageCommandTest" assertions="3" time="0.038080"/>
        <testcase name="Command returns expected output with rebuild" file="Publish Homepage Command (Hyde\Framework\Testing\Feature\Commands\PublishHomepageCommand)::Command returns expected output with rebuild" class="Hyde\Framework\Testing\Feature\Commands\PublishHomepageCommandTest" classname="Hyde.Framework.Testing.Feature.Commands.PublishHomepageCommandTest" assertions="5" time="0.040662"/>
        <testcase name="Command prompts for output" file="Publish Homepage Command (Hyde\Framework\Testing\Feature\Commands\PublishHomepageCommand)::Command prompts for output" class="Hyde\Framework\Testing\Feature\Commands\PublishHomepageCommandTest" classname="Hyde.Framework.Testing.Feature.Commands.PublishHomepageCommandTest" assertions="5" time="0.026225"/>
        <testcase name="Command shows feedback output when supplying a homepage name" file="Publish Homepage Command (Hyde\Framework\Testing\Feature\Commands\PublishHomepageCommand)::Command shows feedback output when supplying a homepage name" class="Hyde\Framework\Testing\Feature\Commands\PublishHomepageCommandTest" classname="Hyde.Framework.Testing.Feature.Commands.PublishHomepageCommandTest" assertions="4" time="0.026342"/>
        <testcase name="Command handles error code 404" file="Publish Homepage Command (Hyde\Framework\Testing\Feature\Commands\PublishHomepageCommand)::Command handles error code 404" class="Hyde\Framework\Testing\Feature\Commands\PublishHomepageCommandTest" classname="Hyde.Framework.Testing.Feature.Commands.PublishHomepageCommandTest" assertions="2" time="0.027194"/>
        <testcase name="Command does not overwrite modified files without force flag" file="Publish Homepage Command (Hyde\Framework\Testing\Feature\Commands\PublishHomepageCommand)::Command does not overwrite modified files without force flag" class="Hyde\Framework\Testing\Feature\Commands\PublishHomepageCommandTest" classname="Hyde.Framework.Testing.Feature.Commands.PublishHomepageCommandTest" assertions="3" time="0.027312"/>
        <testcase name="Command overwrites modified files if force flag is set" file="Publish Homepage Command (Hyde\Framework\Testing\Feature\Commands\PublishHomepageCommand)::Command overwrites modified files if force flag is set" class="Hyde\Framework\Testing\Feature\Commands\PublishHomepageCommandTest" classname="Hyde.Framework.Testing.Feature.Commands.PublishHomepageCommandTest" assertions="3" time="0.026213"/>
        <testcase name="Command does not return 409 if the current file is a default file" file="Publish Homepage Command (Hyde\Framework\Testing\Feature\Commands\PublishHomepageCommand)::Command does not return 409 if the current file is a default file" class="Hyde\Framework\Testing\Feature\Commands\PublishHomepageCommandTest" classname="Hyde.Framework.Testing.Feature.Commands.PublishHomepageCommandTest" assertions="2" time="0.030311"/>
      </testsuite>
      <testsuite name="Hyde\Framework\Testing\Feature\Commands\PublishViewsCommandTest" file="Publish Views Command (Hyde\Framework\Testing\Feature\Commands\PublishViewsCommand)" tests="3" assertions="9" errors="0" failures="0" skipped="0" time="0.100498">
        <testcase name="Command publishes views" file="Publish Views Command (Hyde\Framework\Testing\Feature\Commands\PublishViewsCommand)::Command publishes views" class="Hyde\Framework\Testing\Feature\Commands\PublishViewsCommandTest" classname="Hyde.Framework.Testing.Feature.Commands.PublishViewsCommandTest" assertions="4" time="0.052924"/>
        <testcase name="Can select view" file="Publish Views Command (Hyde\Framework\Testing\Feature\Commands\PublishViewsCommand)::Can select view" class="Hyde\Framework\Testing\Feature\Commands\PublishViewsCommandTest" classname="Hyde.Framework.Testing.Feature.Commands.PublishViewsCommandTest" assertions="3" time="0.024568"/>
        <testcase name="With invalid supplied tag" file="Publish Views Command (Hyde\Framework\Testing\Feature\Commands\PublishViewsCommand)::With invalid supplied tag" class="Hyde\Framework\Testing\Feature\Commands\PublishViewsCommandTest" classname="Hyde.Framework.Testing.Feature.Commands.PublishViewsCommandTest" assertions="2" time="0.023005"/>
      </testsuite>
      <testsuite name="Hyde\Framework\Testing\Feature\Commands\RebuildPageCommandTest" file="Rebuild Page Command (Hyde\Framework\Testing\Feature\Commands\RebuildPageCommand)" tests="6" assertions="12" errors="0" failures="0" skipped="0" time="0.190785">
        <testcase name="Handle is successful with valid path" file="Rebuild Page Command (Hyde\Framework\Testing\Feature\Commands\RebuildPageCommand)::Handle is successful with valid path" class="Hyde\Framework\Testing\Feature\Commands\RebuildPageCommandTest" classname="Hyde.Framework.Testing.Feature.Commands.RebuildPageCommandTest" assertions="2" time="0.041419"/>
        <testcase name="Media files can be transferred" file="Rebuild Page Command (Hyde\Framework\Testing\Feature\Commands\RebuildPageCommand)::Media files can be transferred" class="Hyde\Framework\Testing\Feature\Commands\RebuildPageCommandTest" classname="Hyde.Framework.Testing.Feature.Commands.RebuildPageCommandTest" assertions="2" time="0.028306"/>
        <testcase name="Validate catches bad source directory" file="Rebuild Page Command (Hyde\Framework\Testing\Feature\Commands\RebuildPageCommand)::Validate catches bad source directory" class="Hyde\Framework\Testing\Feature\Commands\RebuildPageCommandTest" classname="Hyde.Framework.Testing.Feature.Commands.RebuildPageCommandTest" assertions="2" time="0.022276"/>
        <testcase name="Validate catches missing file" file="Rebuild Page Command (Hyde\Framework\Testing\Feature\Commands\RebuildPageCommand)::Validate catches missing file" class="Hyde\Framework\Testing\Feature\Commands\RebuildPageCommandTest" classname="Hyde.Framework.Testing.Feature.Commands.RebuildPageCommandTest" assertions="2" time="0.022437"/>
        <testcase name="Rebuild documentation page" file="Rebuild Page Command (Hyde\Framework\Testing\Feature\Commands\RebuildPageCommand)::Rebuild documentation page" class="Hyde\Framework\Testing\Feature\Commands\RebuildPageCommandTest" classname="Hyde.Framework.Testing.Feature.Commands.RebuildPageCommandTest" assertions="2" time="0.040208"/>
        <testcase name="Rebuild blog post" file="Rebuild Page Command (Hyde\Framework\Testing\Feature\Commands\RebuildPageCommand)::Rebuild blog post" class="Hyde\Framework\Testing\Feature\Commands\RebuildPageCommandTest" classname="Hyde.Framework.Testing.Feature.Commands.RebuildPageCommandTest" assertions="2" time="0.036139"/>
      </testsuite>
      <testsuite name="Hyde\Framework\Testing\Feature\Commands\RouteListCommandTest" file="Route List Command (Hyde\Framework\Testing\Feature\Commands\RouteListCommand)" tests="8" assertions="42" errors="0" failures="0" skipped="0" time="0.258339">
        <testcase name="Route list command" file="Route List Command (Hyde\Framework\Testing\Feature\Commands\RouteListCommand)::Route list command" class="Hyde\Framework\Testing\Feature\Commands\RouteListCommandTest" classname="Hyde.Framework.Testing.Feature.Commands.RouteListCommandTest" assertions="7" time="0.065756"/>
        <testcase name="Console route list" file="Route List Command (Hyde\Framework\Testing\Feature\Commands\RouteListCommand)::Console route list" class="Hyde\Framework\Testing\Feature\Commands\RouteListCommandTest" classname="Hyde.Framework.Testing.Feature.Commands.RouteListCommandTest" assertions="6" time="0.027851"/>
        <testcase name="Console route list with clickable output paths" file="Route List Command (Hyde\Framework\Testing\Feature\Commands\RouteListCommand)::Console route list with clickable output paths" class="Hyde\Framework\Testing\Feature\Commands\RouteListCommandTest" classname="Hyde.Framework.Testing.Feature.Commands.RouteListCommandTest" assertions="6" time="0.028406"/>
        <testcase name="Console route list with dynamic pages" file="Route List Command (Hyde\Framework\Testing\Feature\Commands\RouteListCommand)::Console route list with dynamic pages" class="Hyde\Framework\Testing\Feature\Commands\RouteListCommandTest" classname="Hyde.Framework.Testing.Feature.Commands.RouteListCommandTest" assertions="6" time="0.028144"/>
        <testcase name="Console route list with type label" file="Route List Command (Hyde\Framework\Testing\Feature\Commands\RouteListCommand)::Console route list with type label" class="Hyde\Framework\Testing\Feature\Commands\RouteListCommandTest" classname="Hyde.Framework.Testing.Feature.Commands.RouteListCommandTest" assertions="6" time="0.028516"/>
        <testcase name="Console route list with text format option" file="Route List Command (Hyde\Framework\Testing\Feature\Commands\RouteListCommand)::Console route list with text format option" class="Hyde\Framework\Testing\Feature\Commands\RouteListCommandTest" classname="Hyde.Framework.Testing.Feature.Commands.RouteListCommandTest" assertions="7" time="0.028697"/>
        <testcase name="Console route list with json format option" file="Route List Command (Hyde\Framework\Testing\Feature\Commands\RouteListCommand)::Console route list with json format option" class="Hyde\Framework\Testing\Feature\Commands\RouteListCommandTest" classname="Hyde.Framework.Testing.Feature.Commands.RouteListCommandTest" assertions="2" time="0.025581"/>
        <testcase name="Console route list with invalid format option" file="Route List Command (Hyde\Framework\Testing\Feature\Commands\RouteListCommand)::Console route list with invalid format option" class="Hyde\Framework\Testing\Feature\Commands\RouteListCommandTest" classname="Hyde.Framework.Testing.Feature.Commands.RouteListCommandTest" assertions="2" time="0.025388"/>
      </testsuite>
      <testsuite name="Hyde\Framework\Testing\Feature\Commands\ServeCommandTest" file="Serve Command (Hyde\Framework\Testing\Feature\Commands\ServeCommand)" tests="13" assertions="41" errors="0" failures="0" skipped="0" time="0.322946">
        <testcase name="Hyde serve command" file="Serve Command (Hyde\Framework\Testing\Feature\Commands\ServeCommand)::Hyde serve command" class="Hyde\Framework\Testing\Feature\Commands\ServeCommandTest" classname="Hyde.Framework.Testing.Feature.Commands.ServeCommandTest" assertions="3" time="0.034422"/>
        <testcase name="Hyde serve command with port option" file="Serve Command (Hyde\Framework\Testing\Feature\Commands\ServeCommand)::Hyde serve command with port option" class="Hyde\Framework\Testing\Feature\Commands\ServeCommandTest" classname="Hyde.Framework.Testing.Feature.Commands.ServeCommandTest" assertions="3" time="0.022247"/>
        <testcase name="Hyde serve command with host option" file="Serve Command (Hyde\Framework\Testing\Feature\Commands\ServeCommand)::Hyde serve command with host option" class="Hyde\Framework\Testing\Feature\Commands\ServeCommandTest" classname="Hyde.Framework.Testing.Feature.Commands.ServeCommandTest" assertions="3" time="0.022268"/>
        <testcase name="Hyde serve command with port and host option" file="Serve Command (Hyde\Framework\Testing\Feature\Commands\ServeCommand)::Hyde serve command with port and host option" class="Hyde\Framework\Testing\Feature\Commands\ServeCommandTest" classname="Hyde.Framework.Testing.Feature.Commands.ServeCommandTest" assertions="3" time="0.022208"/>
        <testcase name="Hyde serve command with port defined in config" file="Serve Command (Hyde\Framework\Testing\Feature\Commands\ServeCommand)::Hyde serve command with port defined in config" class="Hyde\Framework\Testing\Feature\Commands\ServeCommandTest" classname="Hyde.Framework.Testing.Feature.Commands.ServeCommandTest" assertions="3" time="0.022213"/>
        <testcase name="Hyde serve command with port defined in config and port option" file="Serve Command (Hyde\Framework\Testing\Feature\Commands\ServeCommand)::Hyde serve command with port defined in config and port option" class="Hyde\Framework\Testing\Feature\Commands\ServeCommandTest" classname="Hyde.Framework.Testing.Feature.Commands.ServeCommandTest" assertions="3" time="0.022589"/>
        <testcase name="Hyde serve command with port missing in config and port option" file="Serve Command (Hyde\Framework\Testing\Feature\Commands\ServeCommand)::Hyde serve command with port missing in config and port option" class="Hyde\Framework\Testing\Feature\Commands\ServeCommandTest" classname="Hyde.Framework.Testing.Feature.Commands.ServeCommandTest" assertions="3" time="0.022383"/>
        <testcase name="Hyde serve command with host defined in config" file="Serve Command (Hyde\Framework\Testing\Feature\Commands\ServeCommand)::Hyde serve command with host defined in config" class="Hyde\Framework\Testing\Feature\Commands\ServeCommandTest" classname="Hyde.Framework.Testing.Feature.Commands.ServeCommandTest" assertions="3" time="0.022366"/>
        <testcase name="Hyde serve command with host defined in config and host option" file="Serve Command (Hyde\Framework\Testing\Feature\Commands\ServeCommand)::Hyde serve command with host defined in config and host option" class="Hyde\Framework\Testing\Feature\Commands\ServeCommandTest" classname="Hyde.Framework.Testing.Feature.Commands.ServeCommandTest" assertions="3" time="0.022231"/>
        <testcase name="Hyde serve command with host missing in config and host option" file="Serve Command (Hyde\Framework\Testing\Feature\Commands\ServeCommand)::Hyde serve command with host missing in config and host option" class="Hyde\Framework\Testing\Feature\Commands\ServeCommandTest" classname="Hyde.Framework.Testing.Feature.Commands.ServeCommandTest" assertions="3" time="0.022299"/>
        <testcase name="Hyde serve command with invalid config value" file="Serve Command (Hyde\Framework\Testing\Feature\Commands\ServeCommand)::Hyde serve command with invalid config value" class="Hyde\Framework\Testing\Feature\Commands\ServeCommandTest" classname="Hyde.Framework.Testing.Feature.Commands.ServeCommandTest" assertions="2" time="0.021750"/>
        <testcase name="Hyde serve command passes through process output" file="Serve Command (Hyde\Framework\Testing\Feature\Commands\ServeCommand)::Hyde serve command passes through process output" class="Hyde\Framework\Testing\Feature\Commands\ServeCommandTest" classname="Hyde.Framework.Testing.Feature.Commands.ServeCommandTest" assertions="6" time="0.039079"/>
        <testcase name="With fancy output" file="Serve Command (Hyde\Framework\Testing\Feature\Commands\ServeCommand)::With fancy output" class="Hyde\Framework\Testing\Feature\Commands\ServeCommandTest" classname="Hyde.Framework.Testing.Feature.Commands.ServeCommandTest" assertions="3" time="0.026892"/>
      </testsuite>
      <testsuite name="Hyde\Framework\Testing\Feature\Commands\ValidateCommandTest" file="Validate Command (Hyde\Framework\Testing\Feature\Commands\ValidateCommand)" tests="2" assertions="8" errors="0" failures="0" skipped="0" time="0.091275">
        <testcase name="Validate command can run" file="Validate Command (Hyde\Framework\Testing\Feature\Commands\ValidateCommand)::Validate command can run" class="Hyde\Framework\Testing\Feature\Commands\ValidateCommandTest" classname="Hyde.Framework.Testing.Feature.Commands.ValidateCommandTest" assertions="5" time="0.064169"/>
        <testcase name="Validate command can run with skips" file="Validate Command (Hyde\Framework\Testing\Feature\Commands\ValidateCommand)::Validate command can run with skips" class="Hyde\Framework\Testing\Feature\Commands\ValidateCommandTest" classname="Hyde.Framework.Testing.Feature.Commands.ValidateCommandTest" assertions="3" time="0.027106"/>
      </testsuite>
      <testsuite name="Hyde\Framework\Testing\Feature\Commands\VendorPublishCommandTest" file="Vendor Publish Command (Hyde\Framework\Testing\Feature\Commands\VendorPublishCommand)" tests="5" assertions="13" errors="0" failures="0" skipped="0" time="0.121102">
        <testcase name="Command prompts for provider or tag" file="Vendor Publish Command (Hyde\Framework\Testing\Feature\Commands\VendorPublishCommand)::Command prompts for provider or tag" class="Hyde\Framework\Testing\Feature\Commands\VendorPublishCommandTest" classname="Hyde.Framework.Testing.Feature.Commands.VendorPublishCommandTest" assertions="3" time="0.027276"/>
        <testcase name="Unhelpful publishers are removed" file="Vendor Publish Command (Hyde\Framework\Testing\Feature\Commands\VendorPublishCommand)::Unhelpful publishers are removed" class="Hyde\Framework\Testing\Feature\Commands\VendorPublishCommandTest" classname="Hyde.Framework.Testing.Feature.Commands.VendorPublishCommandTest" assertions="3" time="0.022799"/>
        <testcase name="Config group is renamed to be more helpful" file="Vendor Publish Command (Hyde\Framework\Testing\Feature\Commands\VendorPublishCommand)::Config group is renamed to be more helpful" class="Hyde\Framework\Testing\Feature\Commands\VendorPublishCommandTest" classname="Hyde.Framework.Testing.Feature.Commands.VendorPublishCommandTest" assertions="3" time="0.022894"/>
        <testcase name="Can select default" file="Vendor Publish Command (Hyde\Framework\Testing\Feature\Commands\VendorPublishCommand)::Can select default" class="Hyde\Framework\Testing\Feature\Commands\VendorPublishCommandTest" classname="Hyde.Framework.Testing.Feature.Commands.VendorPublishCommandTest" assertions="3" time="0.022685"/>
        <testcase name="Status method" file="Vendor Publish Command (Hyde\Framework\Testing\Feature\Commands\VendorPublishCommand)::Status method" class="Hyde\Framework\Testing\Feature\Commands\VendorPublishCommandTest" classname="Hyde.Framework.Testing.Feature.Commands.VendorPublishCommandTest" assertions="1" time="0.025448"/>
      </testsuite>
      <testsuite name="Hyde\Framework\Testing\Feature\ConfigurableFeaturesTest" file="Configurable Features (Hyde\Framework\Testing\Feature\ConfigurableFeatures)" tests="14" assertions="70" errors="0" failures="0" skipped="0" time="0.308893">
        <testcase name="Has feature returns false when feature is not enabled" file="Configurable Features (Hyde\Framework\Testing\Feature\ConfigurableFeatures)::Has feature returns false when feature is not enabled" class="Hyde\Framework\Testing\Feature\ConfigurableFeaturesTest" classname="Hyde.Framework.Testing.Feature.ConfigurableFeaturesTest" assertions="9" time="0.027639"/>
        <testcase name="Has feature returns true when feature is enabled" file="Configurable Features (Hyde\Framework\Testing\Feature\ConfigurableFeatures)::Has feature returns true when feature is enabled" class="Hyde\Framework\Testing\Feature\ConfigurableFeaturesTest" classname="Hyde.Framework.Testing.Feature.ConfigurableFeaturesTest" assertions="7" time="0.020280"/>
        <testcase name="Can generate sitemap helper returns true if hyde has base url" file="Configurable Features (Hyde\Framework\Testing\Feature\ConfigurableFeatures)::Can generate sitemap helper returns true if hyde has base url" class="Hyde\Framework\Testing\Feature\ConfigurableFeaturesTest" classname="Hyde.Framework.Testing.Feature.ConfigurableFeaturesTest" assertions="1" time="0.020058"/>
        <testcase name="Can generate sitemap helper returns false if hyde does not have base url" file="Configurable Features (Hyde\Framework\Testing\Feature\ConfigurableFeatures)::Can generate sitemap helper returns false if hyde does not have base url" class="Hyde\Framework\Testing\Feature\ConfigurableFeaturesTest" classname="Hyde.Framework.Testing.Feature.ConfigurableFeaturesTest" assertions="1" time="0.019801"/>
        <testcase name="Can generate sitemap helper returns false if sitemaps are disabled in config" file="Configurable Features (Hyde\Framework\Testing\Feature\ConfigurableFeatures)::Can generate sitemap helper returns false if sitemaps are disabled in config" class="Hyde\Framework\Testing\Feature\ConfigurableFeaturesTest" classname="Hyde.Framework.Testing.Feature.ConfigurableFeaturesTest" assertions="1" time="0.019742"/>
        <testcase name="Has theme toggle buttons returns true when darkmode enabled and config true" file="Configurable Features (Hyde\Framework\Testing\Feature\ConfigurableFeatures)::Has theme toggle buttons returns true when darkmode enabled and config true" class="Hyde\Framework\Testing\Feature\ConfigurableFeaturesTest" classname="Hyde.Framework.Testing.Feature.ConfigurableFeaturesTest" assertions="1" time="0.019653"/>
        <testcase name="Has theme toggle buttons returns false when darkmode disabled" file="Configurable Features (Hyde\Framework\Testing\Feature\ConfigurableFeatures)::Has theme toggle buttons returns false when darkmode disabled" class="Hyde\Framework\Testing\Feature\ConfigurableFeaturesTest" classname="Hyde.Framework.Testing.Feature.ConfigurableFeaturesTest" assertions="1" time="0.019713"/>
        <testcase name="Has theme toggle buttons returns false when config false" file="Configurable Features (Hyde\Framework\Testing\Feature\ConfigurableFeatures)::Has theme toggle buttons returns false when config false" class="Hyde\Framework\Testing\Feature\ConfigurableFeaturesTest" classname="Hyde.Framework.Testing.Feature.ConfigurableFeaturesTest" assertions="1" time="0.019679"/>
        <testcase name="Has theme toggle buttons returns true when darkmode enabled and config not set" file="Configurable Features (Hyde\Framework\Testing\Feature\ConfigurableFeatures)::Has theme toggle buttons returns true when darkmode enabled and config not set" class="Hyde\Framework\Testing\Feature\ConfigurableFeaturesTest" classname="Hyde.Framework.Testing.Feature.ConfigurableFeaturesTest" assertions="1" time="0.031103"/>
        <testcase name="To array method returns method array" file="Configurable Features (Hyde\Framework\Testing\Feature\ConfigurableFeatures)::To array method returns method array" class="Hyde\Framework\Testing\Feature\ConfigurableFeaturesTest" classname="Hyde.Framework.Testing.Feature.ConfigurableFeaturesTest" assertions="29" time="0.026704"/>
        <testcase name="To array method contains all settings" file="Configurable Features (Hyde\Framework\Testing\Feature\ConfigurableFeatures)::To array method contains all settings" class="Hyde\Framework\Testing\Feature\ConfigurableFeaturesTest" classname="Hyde.Framework.Testing.Feature.ConfigurableFeaturesTest" assertions="10" time="0.025193"/>
        <testcase name="Features can be mocked" file="Configurable Features (Hyde\Framework\Testing\Feature\ConfigurableFeatures)::Features can be mocked" class="Hyde\Framework\Testing\Feature\ConfigurableFeaturesTest" classname="Hyde.Framework.Testing.Feature.ConfigurableFeaturesTest" assertions="2" time="0.019630"/>
        <testcase name="Dynamic features can be mocked" file="Configurable Features (Hyde\Framework\Testing\Feature\ConfigurableFeatures)::Dynamic features can be mocked" class="Hyde\Framework\Testing\Feature\ConfigurableFeaturesTest" classname="Hyde.Framework.Testing.Feature.ConfigurableFeaturesTest" assertions="2" time="0.019642"/>
        <testcase name="Multiple features can be mocked" file="Configurable Features (Hyde\Framework\Testing\Feature\ConfigurableFeatures)::Multiple features can be mocked" class="Hyde\Framework\Testing\Feature\ConfigurableFeaturesTest" classname="Hyde.Framework.Testing.Feature.ConfigurableFeaturesTest" assertions="4" time="0.020057"/>
      </testsuite>
      <testsuite name="Hyde\Framework\Testing\Feature\ConfigurableSourceRootsFeatureTest" file="Configurable Source Roots Feature (Hyde\Framework\Testing\Feature\ConfigurableSourceRootsFeature)" tests="4" assertions="5" errors="0" failures="0" skipped="0" time="0.124156">
        <testcase name="Default config value is empty string" file="Configurable Source Roots Feature (Hyde\Framework\Testing\Feature\ConfigurableSourceRootsFeature)::Default config value is empty string" class="Hyde\Framework\Testing\Feature\ConfigurableSourceRootsFeatureTest" classname="Hyde.Framework.Testing.Feature.ConfigurableSourceRootsFeatureTest" assertions="1" time="0.038000"/>
        <testcase name="Files in custom source root can be discovered" file="Configurable Source Roots Feature (Hyde\Framework\Testing\Feature\ConfigurableSourceRootsFeature)::Files in custom source root can be discovered" class="Hyde\Framework\Testing\Feature\ConfigurableSourceRootsFeatureTest" classname="Hyde.Framework.Testing.Feature.ConfigurableSourceRootsFeatureTest" assertions="2" time="0.024068"/>
        <testcase name="Files in custom source root can be compiled" file="Configurable Source Roots Feature (Hyde\Framework\Testing\Feature\ConfigurableSourceRootsFeature)::Files in custom source root can be compiled" class="Hyde\Framework\Testing\Feature\ConfigurableSourceRootsFeatureTest" classname="Hyde.Framework.Testing.Feature.ConfigurableSourceRootsFeatureTest" assertions="1" time="0.041732"/>
        <testcase name="Hyde page path method supports custom source roots" file="Configurable Source Roots Feature (Hyde\Framework\Testing\Feature\ConfigurableSourceRootsFeature)::Hyde page path method supports custom source roots" class="Hyde\Framework\Testing\Feature\ConfigurableSourceRootsFeatureTest" classname="Hyde.Framework.Testing.Feature.ConfigurableSourceRootsFeatureTest" assertions="1" time="0.020356"/>
      </testsuite>
      <testsuite name="Hyde\Framework\Testing\Feature\ConsoleKernelTest" file="Console Kernel (Hyde\Framework\Testing\Feature\ConsoleKernel)" tests="3" assertions="5" errors="0" failures="0" skipped="0" time="0.065062">
        <testcase name="Is instantiable" file="Console Kernel (Hyde\Framework\Testing\Feature\ConsoleKernel)::Is instantiable" class="Hyde\Framework\Testing\Feature\ConsoleKernelTest" classname="Hyde.Framework.Testing.Feature.ConsoleKernelTest" assertions="1" time="0.024974"/>
        <testcase name="Class implements kernel interface" file="Console Kernel (Hyde\Framework\Testing\Feature\ConsoleKernel)::Class implements kernel interface" class="Hyde\Framework\Testing\Feature\ConsoleKernelTest" classname="Hyde.Framework.Testing.Feature.ConsoleKernelTest" assertions="1" time="0.019522"/>
        <testcase name="Bootstrappers" file="Console Kernel (Hyde\Framework\Testing\Feature\ConsoleKernel)::Bootstrappers" class="Hyde\Framework\Testing\Feature\ConsoleKernelTest" classname="Hyde.Framework.Testing.Feature.ConsoleKernelTest" assertions="3" time="0.020566"/>
      </testsuite>
      <testsuite name="Hyde\Framework\Testing\Feature\ConvertsArrayToFrontMatterTest" file="Converts Array To Front Matter (Hyde\Framework\Testing\Feature\ConvertsArrayToFrontMatter)" tests="2" assertions="2" errors="0" failures="0" skipped="0" time="0.043608">
        <testcase name="Action converts an array to front matter" file="Converts Array To Front Matter (Hyde\Framework\Testing\Feature\ConvertsArrayToFrontMatter)::Action converts an array to front matter" class="Hyde\Framework\Testing\Feature\ConvertsArrayToFrontMatterTest" classname="Hyde.Framework.Testing.Feature.ConvertsArrayToFrontMatterTest" assertions="1" time="0.024099"/>
        <testcase name="Action returns empty string if array is empty" file="Converts Array To Front Matter (Hyde\Framework\Testing\Feature\ConvertsArrayToFrontMatter)::Action returns empty string if array is empty" class="Hyde\Framework\Testing\Feature\ConvertsArrayToFrontMatterTest" classname="Hyde.Framework.Testing.Feature.ConvertsArrayToFrontMatterTest" assertions="1" time="0.019509"/>
      </testsuite>
      <testsuite name="Hyde\Framework\Testing\Feature\DarkmodeFeatureTest" file="Darkmode Feature (Hyde\Framework\Testing\Feature\DarkmodeFeature)" tests="7" assertions="14" errors="0" failures="0" skipped="0" time="0.222193">
        <testcase name="Has darkmode" file="Darkmode Feature (Hyde\Framework\Testing\Feature\DarkmodeFeature)::Has darkmode" class="Hyde\Framework\Testing\Feature\DarkmodeFeatureTest" classname="Hyde.Framework.Testing.Feature.DarkmodeFeatureTest" assertions="2" time="0.024642"/>
        <testcase name="Layout has toggle button and script when enabled" file="Darkmode Feature (Hyde\Framework\Testing\Feature\DarkmodeFeature)::Layout has toggle button and script when enabled" class="Hyde\Framework\Testing\Feature\DarkmodeFeatureTest" classname="Hyde.Framework.Testing.Feature.DarkmodeFeatureTest" assertions="2" time="0.030014"/>
        <testcase name="Documentation page has toggle button and script when enabled" file="Darkmode Feature (Hyde\Framework\Testing\Feature\DarkmodeFeature)::Documentation page has toggle button and script when enabled" class="Hyde\Framework\Testing\Feature\DarkmodeFeatureTest" classname="Hyde.Framework.Testing.Feature.DarkmodeFeatureTest" assertions="2" time="0.029578"/>
        <testcase name="Dark mode theme button is hidden in layouts when disabled" file="Darkmode Feature (Hyde\Framework\Testing\Feature\DarkmodeFeature)::Dark mode theme button is hidden in layouts when disabled" class="Hyde\Framework\Testing\Feature\DarkmodeFeatureTest" classname="Hyde.Framework.Testing.Feature.DarkmodeFeatureTest" assertions="2" time="0.030377"/>
        <testcase name="Dark mode theme button is hidden in documentation pages when disabled" file="Darkmode Feature (Hyde\Framework\Testing\Feature\DarkmodeFeature)::Dark mode theme button is hidden in documentation pages when disabled" class="Hyde\Framework\Testing\Feature\DarkmodeFeatureTest" classname="Hyde.Framework.Testing.Feature.DarkmodeFeatureTest" assertions="2" time="0.033253"/>
        <testcase name="Dark mode theme button is hidden when theme toggle is disabled" file="Darkmode Feature (Hyde\Framework\Testing\Feature\DarkmodeFeature)::Dark mode theme button is hidden when theme toggle is disabled" class="Hyde\Framework\Testing\Feature\DarkmodeFeatureTest" classname="Hyde.Framework.Testing.Feature.DarkmodeFeatureTest" assertions="2" time="0.030255"/>
        <testcase name="Dark mode theme button is hidden from documentation pages when theme toggle is disabled" file="Darkmode Feature (Hyde\Framework\Testing\Feature\DarkmodeFeature)::Dark mode theme button is hidden from documentation pages when theme toggle is disabled" class="Hyde\Framework\Testing\Feature\DarkmodeFeatureTest" classname="Hyde.Framework.Testing.Feature.DarkmodeFeatureTest" assertions="2" time="0.044075"/>
      </testsuite>
      <testsuite name="Hyde\Framework\Testing\Feature\DataCollectionTest" file="Data Collection (Hyde\Framework\Testing\Feature\DataCollection)" tests="15" assertions="19" errors="0" failures="0" skipped="0" time="0.333812">
        <testcase name="Markdown collections" file="Data Collection (Hyde\Framework\Testing\Feature\DataCollection)::Markdown collections" class="Hyde\Framework\Testing\Feature\DataCollectionTest" classname="Hyde.Framework.Testing.Feature.DataCollectionTest" assertions="1" time="0.031723"/>
        <testcase name="Yaml collections" file="Data Collection (Hyde\Framework\Testing\Feature\DataCollection)::Yaml collections" class="Hyde\Framework\Testing\Feature\DataCollectionTest" classname="Hyde.Framework.Testing.Feature.DataCollectionTest" assertions="1" time="0.022109"/>
        <testcase name="Json collections" file="Data Collection (Hyde\Framework\Testing\Feature\DataCollection)::Json collections" class="Hyde\Framework\Testing\Feature\DataCollectionTest" classname="Hyde.Framework.Testing.Feature.DataCollectionTest" assertions="1" time="0.021713"/>
        <testcase name="Json collections as arrays" file="Data Collection (Hyde\Framework\Testing\Feature\DataCollection)::Json collections as arrays" class="Hyde\Framework\Testing\Feature\DataCollectionTest" classname="Hyde.Framework.Testing.Feature.DataCollectionTest" assertions="1" time="0.021812"/>
        <testcase name="Find markdown files method returns empty array if the specified directory does not exist" file="Data Collection (Hyde\Framework\Testing\Feature\DataCollection)::Find markdown files method returns empty array if the specified directory does not exist" class="Hyde\Framework\Testing\Feature\DataCollectionTest" classname="Hyde.Framework.Testing.Feature.DataCollectionTest" assertions="2" time="0.020794"/>
        <testcase name="Find markdown files method returns empty array if no files are found in specified directory" file="Data Collection (Hyde\Framework\Testing\Feature\DataCollection)::Find markdown files method returns empty array if no files are found in specified directory" class="Hyde\Framework\Testing\Feature\DataCollectionTest" classname="Hyde.Framework.Testing.Feature.DataCollectionTest" assertions="2" time="0.020919"/>
        <testcase name="Find markdown files method returns an array of markdown files in the specified directory" file="Data Collection (Hyde\Framework\Testing\Feature\DataCollection)::Find markdown files method returns an array of markdown files in the specified directory" class="Hyde\Framework\Testing\Feature\DataCollectionTest" classname="Hyde.Framework.Testing.Feature.DataCollectionTest" assertions="1" time="0.022125"/>
        <testcase name="Find markdown files method does not include files in subdirectories" file="Data Collection (Hyde\Framework\Testing\Feature\DataCollection)::Find markdown files method does not include files in subdirectories" class="Hyde\Framework\Testing\Feature\DataCollectionTest" classname="Hyde.Framework.Testing.Feature.DataCollectionTest" assertions="1" time="0.021872"/>
        <testcase name="Find markdown files method does not include files with extensions other than md" file="Data Collection (Hyde\Framework\Testing\Feature\DataCollection)::Find markdown files method does not include files with extensions other than md" class="Hyde\Framework\Testing\Feature\DataCollectionTest" classname="Hyde.Framework.Testing.Feature.DataCollectionTest" assertions="1" time="0.021858"/>
        <testcase name="Find markdown files method does not remove files starting with an underscore" file="Data Collection (Hyde\Framework\Testing\Feature\DataCollection)::Find markdown files method does not remove files starting with an underscore" class="Hyde\Framework\Testing\Feature\DataCollectionTest" classname="Hyde.Framework.Testing.Feature.DataCollectionTest" assertions="1" time="0.021426"/>
        <testcase name="Static markdown helper discovers and parses markdown files in the specified directory" file="Data Collection (Hyde\Framework\Testing\Feature\DataCollection)::Static markdown helper discovers and parses markdown files in the specified directory" class="Hyde\Framework\Testing\Feature\DataCollectionTest" classname="Hyde.Framework.Testing.Feature.DataCollectionTest" assertions="1" time="0.022398"/>
        <testcase name="Static markdown helper doest not ignore files starting with an underscore" file="Data Collection (Hyde\Framework\Testing\Feature\DataCollection)::Static markdown helper doest not ignore files starting with an underscore" class="Hyde\Framework\Testing\Feature\DataCollectionTest" classname="Hyde.Framework.Testing.Feature.DataCollectionTest" assertions="1" time="0.021565"/>
        <testcase name="Source directory can be changed" file="Data Collection (Hyde\Framework\Testing\Feature\DataCollection)::Source directory can be changed" class="Hyde\Framework\Testing\Feature\DataCollectionTest" classname="Hyde.Framework.Testing.Feature.DataCollectionTest" assertions="1" time="0.021297"/>
        <testcase name="Source directory is automatically added if missing" file="Data Collection (Hyde\Framework\Testing\Feature\DataCollection)::Source directory is automatically added if missing" class="Hyde\Framework\Testing\Feature\DataCollectionTest" classname="Hyde.Framework.Testing.Feature.DataCollectionTest" assertions="2" time="0.021169"/>
        <testcase name="Custom source directory is automatically added if missing" file="Data Collection (Hyde\Framework\Testing\Feature\DataCollection)::Custom source directory is automatically added if missing" class="Hyde\Framework\Testing\Feature\DataCollectionTest" classname="Hyde.Framework.Testing.Feature.DataCollectionTest" assertions="2" time="0.021032"/>
      </testsuite>
      <testsuite name="Hyde\Framework\Testing\Feature\DiscoveryServiceTest" file="Discovery Service (Hyde\Framework\Testing\Feature\DiscoveryService)" tests="18" assertions="38" errors="0" failures="0" skipped="0" time="0.111689">
        <testcase name="Get source file list for model method finds default model properties" file="Discovery Service (Hyde\Framework\Testing\Feature\DiscoveryService)::Get source file list for model method finds default model properties" class="Hyde\Framework\Testing\Feature\DiscoveryServiceTest" classname="Hyde.Framework.Testing.Feature.DiscoveryServiceTest" assertions="1" time="0.027315"/>
        <testcase name="Get source file list for model method finds customized source directory" file="Discovery Service (Hyde\Framework\Testing\Feature\DiscoveryService)::Get source file list for model method finds customized source directory" class="Hyde\Framework\Testing\Feature\DiscoveryServiceTest" classname="Hyde.Framework.Testing.Feature.DiscoveryServiceTest" assertions="1" time="0.007537"/>
        <testcase name="Get source file list for model method finds customized file extension" file="Discovery Service (Hyde\Framework\Testing\Feature\DiscoveryService)::Get source file list for model method finds customized file extension" class="Hyde\Framework\Testing\Feature\DiscoveryServiceTest" classname="Hyde.Framework.Testing.Feature.DiscoveryServiceTest" assertions="1" time="0.007586"/>
        <testcase name="Get media asset files" file="Discovery Service (Hyde\Framework\Testing\Feature\DiscoveryService)::Get media asset files" class="Hyde\Framework\Testing\Feature\DiscoveryServiceTest" classname="Hyde.Framework.Testing.Feature.DiscoveryServiceTest" assertions="1" time="0.003153"/>
        <testcase name="Get media asset files discovers files" file="Discovery Service (Hyde\Framework\Testing\Feature\DiscoveryService)::Get media asset files discovers files" class="Hyde\Framework\Testing\Feature\DiscoveryServiceTest" classname="Hyde.Framework.Testing.Feature.DiscoveryServiceTest" assertions="8" time="0.009191"/>
        <testcase name="Get media asset files discovers custom file types" file="Discovery Service (Hyde\Framework\Testing\Feature\DiscoveryService)::Get media asset files discovers custom file types" class="Hyde\Framework\Testing\Feature\DiscoveryServiceTest" classname="Hyde.Framework.Testing.Feature.DiscoveryServiceTest" assertions="2" time="0.003762"/>
        <testcase name="Get media asset files discovers files recursively" file="Discovery Service (Hyde\Framework\Testing\Feature\DiscoveryService)::Get media asset files discovers files recursively" class="Hyde\Framework\Testing\Feature\DiscoveryServiceTest" classname="Hyde.Framework.Testing.Feature.DiscoveryServiceTest" assertions="1" time="0.003904"/>
        <testcase name="Get media asset files discovers files very recursively" file="Discovery Service (Hyde\Framework\Testing\Feature\DiscoveryService)::Get media asset files discovers files very recursively" class="Hyde\Framework\Testing\Feature\DiscoveryServiceTest" classname="Hyde.Framework.Testing.Feature.DiscoveryServiceTest" assertions="1" time="0.004118"/>
        <testcase name="Media asset extensions can be added by comma separated values" file="Discovery Service (Hyde\Framework\Testing\Feature\DiscoveryService)::Media asset extensions can be added by comma separated values" class="Hyde\Framework\Testing\Feature\DiscoveryServiceTest" classname="Hyde.Framework.Testing.Feature.DiscoveryServiceTest" assertions="2" time="0.003970"/>
        <testcase name="Media asset extensions can be added by array" file="Discovery Service (Hyde\Framework\Testing\Feature\DiscoveryService)::Media asset extensions can be added by array" class="Hyde\Framework\Testing\Feature\DiscoveryServiceTest" classname="Hyde.Framework.Testing.Feature.DiscoveryServiceTest" assertions="2" time="0.003907"/>
        <testcase name="Blade page files starting with underscore are ignored" file="Discovery Service (Hyde\Framework\Testing\Feature\DiscoveryService)::Blade page files starting with underscore are ignored" class="Hyde\Framework\Testing\Feature\DiscoveryServiceTest" classname="Hyde.Framework.Testing.Feature.DiscoveryServiceTest" assertions="1" time="0.006469"/>
        <testcase name="Markdown page files starting with underscore are ignored" file="Discovery Service (Hyde\Framework\Testing\Feature\DiscoveryService)::Markdown page files starting with underscore are ignored" class="Hyde\Framework\Testing\Feature\DiscoveryServiceTest" classname="Hyde.Framework.Testing.Feature.DiscoveryServiceTest" assertions="1" time="0.006253"/>
        <testcase name="Post files starting with underscore are ignored" file="Discovery Service (Hyde\Framework\Testing\Feature\DiscoveryService)::Post files starting with underscore are ignored" class="Hyde\Framework\Testing\Feature\DiscoveryServiceTest" classname="Hyde.Framework.Testing.Feature.DiscoveryServiceTest" assertions="1" time="0.006259"/>
        <testcase name="Documentation page files starting with underscore are ignored" file="Discovery Service (Hyde\Framework\Testing\Feature\DiscoveryService)::Documentation page files starting with underscore are ignored" class="Hyde\Framework\Testing\Feature\DiscoveryServiceTest" classname="Hyde.Framework.Testing.Feature.DiscoveryServiceTest" assertions="1" time="0.006268"/>
        <testcase name="Blade page path to identifier helper formats path to identifier" file="Discovery Service (Hyde\Framework\Testing\Feature\DiscoveryService)::Blade page path to identifier helper formats path to identifier" class="Hyde\Framework\Testing\Feature\DiscoveryServiceTest" classname="Hyde.Framework.Testing.Feature.DiscoveryServiceTest" assertions="5" time="0.003223"/>
        <testcase name="Markdown page path to identifier helper formats path to identifier" file="Discovery Service (Hyde\Framework\Testing\Feature\DiscoveryService)::Markdown page path to identifier helper formats path to identifier" class="Hyde\Framework\Testing\Feature\DiscoveryServiceTest" classname="Hyde.Framework.Testing.Feature.DiscoveryServiceTest" assertions="3" time="0.002948"/>
        <testcase name="Markdown post path to identifier helper formats path to identifier" file="Discovery Service (Hyde\Framework\Testing\Feature\DiscoveryService)::Markdown post path to identifier helper formats path to identifier" class="Hyde\Framework\Testing\Feature\DiscoveryServiceTest" classname="Hyde.Framework.Testing.Feature.DiscoveryServiceTest" assertions="3" time="0.002921"/>
        <testcase name="Documentation page path to identifier helper formats path to identifier" file="Discovery Service (Hyde\Framework\Testing\Feature\DiscoveryService)::Documentation page path to identifier helper formats path to identifier" class="Hyde\Framework\Testing\Feature\DiscoveryServiceTest" classname="Hyde.Framework.Testing.Feature.DiscoveryServiceTest" assertions="3" time="0.002906"/>
      </testsuite>
      <testsuite name="Hyde\Framework\Testing\Feature\DocumentationSearchPageTest" file="Documentation Search Page (Hyde\Framework\Testing\Feature\DocumentationSearchPage)" tests="9" assertions="9" errors="0" failures="0" skipped="0" time="0.220700">
        <testcase name="Can create documentation search page instance" file="Documentation Search Page (Hyde\Framework\Testing\Feature\DocumentationSearchPage)::Can create documentation search page instance" class="Hyde\Framework\Testing\Feature\DocumentationSearchPageTest" classname="Hyde.Framework.Testing.Feature.DocumentationSearchPageTest" assertions="1" time="0.039882"/>
        <testcase name="Route key is set to documentation output directory" file="Documentation Search Page (Hyde\Framework\Testing\Feature\DocumentationSearchPage)::Route key is set to documentation output directory" class="Hyde\Framework\Testing\Feature\DocumentationSearchPageTest" classname="Hyde.Framework.Testing.Feature.DocumentationSearchPageTest" assertions="1" time="0.020270"/>
        <testcase name="Route key is set to configured documentation output directory" file="Documentation Search Page (Hyde\Framework\Testing\Feature\DocumentationSearchPage)::Route key is set to configured documentation output directory" class="Hyde\Framework\Testing\Feature\DocumentationSearchPageTest" classname="Hyde.Framework.Testing.Feature.DocumentationSearchPageTest" assertions="1" time="0.020386"/>
        <testcase name="Enabled defaults to true" file="Documentation Search Page (Hyde\Framework\Testing\Feature\DocumentationSearchPage)::Enabled defaults to true" class="Hyde\Framework\Testing\Feature\DocumentationSearchPageTest" classname="Hyde.Framework.Testing.Feature.DocumentationSearchPageTest" assertions="1" time="0.023008"/>
        <testcase name="Enabled is false when disabled" file="Documentation Search Page (Hyde\Framework\Testing\Feature\DocumentationSearchPage)::Enabled is false when disabled" class="Hyde\Framework\Testing\Feature\DocumentationSearchPageTest" classname="Hyde.Framework.Testing.Feature.DocumentationSearchPageTest" assertions="1" time="0.019303"/>
        <testcase name="Enabled is false when route exists" file="Documentation Search Page (Hyde\Framework\Testing\Feature\DocumentationSearchPage)::Enabled is false when route exists" class="Hyde\Framework\Testing\Feature\DocumentationSearchPageTest" classname="Hyde.Framework.Testing.Feature.DocumentationSearchPageTest" assertions="1" time="0.023478"/>
        <testcase name="Enabled is false when disabled and route exists" file="Documentation Search Page (Hyde\Framework\Testing\Feature\DocumentationSearchPage)::Enabled is false when disabled and route exists" class="Hyde\Framework\Testing\Feature\DocumentationSearchPageTest" classname="Hyde.Framework.Testing.Feature.DocumentationSearchPageTest" assertions="1" time="0.023272"/>
        <testcase name="Static route key helper" file="Documentation Search Page (Hyde\Framework\Testing\Feature\DocumentationSearchPage)::Static route key helper" class="Hyde\Framework\Testing\Feature\DocumentationSearchPageTest" classname="Hyde.Framework.Testing.Feature.DocumentationSearchPageTest" assertions="1" time="0.031511"/>
        <testcase name="Static route key helper with custom output directory" file="Documentation Search Page (Hyde\Framework\Testing\Feature\DocumentationSearchPage)::Static route key helper with custom output directory" class="Hyde\Framework\Testing\Feature\DocumentationSearchPageTest" classname="Hyde.Framework.Testing.Feature.DocumentationSearchPageTest" assertions="1" time="0.019592"/>
      </testsuite>
      <testsuite name="Hyde\Framework\Testing\Feature\ExampleTest" file="Example (Hyde\Framework\Testing\Feature\Example)" tests="1" assertions="1" errors="0" failures="0" skipped="0" time="0.032901">
        <testcase name="Example" file="Example (Hyde\Framework\Testing\Feature\Example)::Example" class="Hyde\Framework\Testing\Feature\ExampleTest" classname="Hyde.Framework.Testing.Feature.ExampleTest" assertions="1" time="0.032901"/>
      </testsuite>
      <testsuite name="Hyde\Framework\Testing\Feature\FeaturedImageFactoryTest" file="Featured Image Factory (Hyde\Framework\Testing\Feature\FeaturedImageFactory)" tests="8" assertions="27" errors="0" failures="0" skipped="0" time="0.168223">
        <testcase name="With data from schema" file="Featured Image Factory (Hyde\Framework\Testing\Feature\FeaturedImageFactory)::With data from schema" class="Hyde\Framework\Testing\Feature\FeaturedImageFactoryTest" classname="Hyde.Framework.Testing.Feature.FeaturedImageFactoryTest" assertions="1" time="0.021725"/>
        <testcase name="Make method creates image when path is set" file="Featured Image Factory (Hyde\Framework\Testing\Feature\FeaturedImageFactory)::Make method creates image when path is set" class="Hyde\Framework\Testing\Feature\FeaturedImageFactoryTest" classname="Hyde.Framework.Testing.Feature.FeaturedImageFactoryTest" assertions="2" time="0.019967"/>
        <testcase name="Make method throws exception if no path information is set" file="Featured Image Factory (Hyde\Framework\Testing\Feature\FeaturedImageFactory)::Make method throws exception if no path information is set" class="Hyde\Framework\Testing\Feature\FeaturedImageFactoryTest" classname="Hyde.Framework.Testing.Feature.FeaturedImageFactoryTest" assertions="2" time="0.019611"/>
        <testcase name="Make method can create image from just string" file="Featured Image Factory (Hyde\Framework\Testing\Feature\FeaturedImageFactory)::Make method can create image from just string" class="Hyde\Framework\Testing\Feature\FeaturedImageFactoryTest" classname="Hyde.Framework.Testing.Feature.FeaturedImageFactoryTest" assertions="2" time="0.020107"/>
        <testcase name="Make method can create image from just string with url" file="Featured Image Factory (Hyde\Framework\Testing\Feature\FeaturedImageFactory)::Make method can create image from just string with url" class="Hyde\Framework\Testing\Feature\FeaturedImageFactoryTest" classname="Hyde.Framework.Testing.Feature.FeaturedImageFactoryTest" assertions="2" time="0.019716"/>
        <testcase name="Image paths are normalized" file="Featured Image Factory (Hyde\Framework\Testing\Feature\FeaturedImageFactory)::Image paths are normalized" class="Hyde\Framework\Testing\Feature\FeaturedImageFactoryTest" classname="Hyde.Framework.Testing.Feature.FeaturedImageFactoryTest" assertions="6" time="0.021393"/>
        <testcase name="Image paths are normalized for customized media directory" file="Featured Image Factory (Hyde\Framework\Testing\Feature\FeaturedImageFactory)::Image paths are normalized for customized media directory" class="Hyde\Framework\Testing\Feature\FeaturedImageFactoryTest" classname="Hyde.Framework.Testing.Feature.FeaturedImageFactoryTest" assertions="6" time="0.022943"/>
        <testcase name="Image paths are normalized for customized media directory without underscore" file="Featured Image Factory (Hyde\Framework\Testing\Feature\FeaturedImageFactory)::Image paths are normalized for customized media directory without underscore" class="Hyde\Framework\Testing\Feature\FeaturedImageFactoryTest" classname="Hyde.Framework.Testing.Feature.FeaturedImageFactoryTest" assertions="6" time="0.022761"/>
      </testsuite>
      <testsuite name="Hyde\Framework\Testing\Feature\FeaturedImageTest" file="Featured Image (Hyde\Framework\Testing\Feature\FeaturedImage)" tests="7" assertions="19" errors="0" failures="0" skipped="0" time="0.164911">
        <testcase name="Get metadata array" file="Featured Image (Hyde\Framework\Testing\Feature\FeaturedImage)::Get metadata array" class="Hyde\Framework\Testing\Feature\FeaturedImageTest" classname="Hyde.Framework.Testing.Feature.FeaturedImageTest" assertions="4" time="0.031268"/>
        <testcase name="Can construct featured image" file="Featured Image (Hyde\Framework\Testing\Feature\FeaturedImage)::Can construct featured image" class="Hyde\Framework\Testing\Feature\FeaturedImageTest" classname="Hyde.Framework.Testing.Feature.FeaturedImageTest" assertions="2" time="0.019682"/>
        <testcase name="Featured image get content length" file="Featured Image (Hyde\Framework\Testing\Feature\FeaturedImage)::Featured image get content length" class="Hyde\Framework\Testing\Feature\FeaturedImageTest" classname="Hyde.Framework.Testing.Feature.FeaturedImageTest" assertions="1" time="0.020132"/>
        <testcase name="Featured image get content length with remote source" file="Featured Image (Hyde\Framework\Testing\Feature\FeaturedImage)::Featured image get content length with remote source" class="Hyde\Framework\Testing\Feature\FeaturedImageTest" classname="Hyde.Framework.Testing.Feature.FeaturedImageTest" assertions="1" time="0.031401"/>
        <testcase name="Featured image get content length with remote source and not found response" file="Featured Image (Hyde\Framework\Testing\Feature\FeaturedImage)::Featured image get content length with remote source and not found response" class="Hyde\Framework\Testing\Feature\FeaturedImageTest" classname="Hyde.Framework.Testing.Feature.FeaturedImageTest" assertions="1" time="0.020310"/>
        <testcase name="Featured image get content length with remote source and invalid response" file="Featured Image (Hyde\Framework\Testing\Feature\FeaturedImage)::Featured image get content length with remote source and invalid response" class="Hyde\Framework\Testing\Feature\FeaturedImageTest" classname="Hyde.Framework.Testing.Feature.FeaturedImageTest" assertions="1" time="0.020248"/>
        <testcase name="Get source method" file="Featured Image (Hyde\Framework\Testing\Feature\FeaturedImage)::Get source method" class="Hyde\Framework\Testing\Feature\FeaturedImageTest" classname="Hyde.Framework.Testing.Feature.FeaturedImageTest" assertions="9" time="0.021869"/>
      </testsuite>
      <testsuite name="Hyde\Framework\Testing\Feature\FileCollectionTest" file="File Collection (Hyde\Framework\Testing\Feature\FileCollection)" tests="9" assertions="16" errors="0" failures="0" skipped="0" time="0.209378">
        <testcase name="Boot method creates new page collection and discovers pages automatically" file="File Collection (Hyde\Framework\Testing\Feature\FileCollection)::Boot method creates new page collection and discovers pages automatically" class="Hyde\Framework\Testing\Feature\FileCollectionTest" classname="Hyde.Framework.Testing.Feature.FileCollectionTest" assertions="3" time="0.030503"/>
        <testcase name="Get file returns parsed file object for given file path" file="File Collection (Hyde\Framework\Testing\Feature\FileCollection)::Get file returns parsed file object for given file path" class="Hyde\Framework\Testing\Feature\FileCollectionTest" classname="Hyde.Framework.Testing.Feature.FileCollectionTest" assertions="1" time="0.024233"/>
        <testcase name="Get file throws exception when file is not found" file="File Collection (Hyde\Framework\Testing\Feature\FileCollection)::Get file throws exception when file is not found" class="Hyde\Framework\Testing\Feature\FileCollectionTest" classname="Hyde.Framework.Testing.Feature.FileCollectionTest" assertions="2" time="0.023253"/>
        <testcase name="Get source files returns all discovered source files when no parameter is supplied" file="File Collection (Hyde\Framework\Testing\Feature\FileCollection)::Get source files returns all discovered source files when no parameter is supplied" class="Hyde\Framework\Testing\Feature\FileCollectionTest" classname="Hyde.Framework.Testing.Feature.FileCollectionTest" assertions="1" time="0.023141"/>
        <testcase name="Get source files does not include non page source files" file="File Collection (Hyde\Framework\Testing\Feature\FileCollection)::Get source files does not include non page source files" class="Hyde\Framework\Testing\Feature\FileCollectionTest" classname="Hyde.Framework.Testing.Feature.FileCollectionTest" assertions="1" time="0.021634"/>
        <testcase name="Blade pages are discovered" file="File Collection (Hyde\Framework\Testing\Feature\FileCollection)::Blade pages are discovered" class="Hyde\Framework\Testing\Feature\FileCollectionTest" classname="Hyde.Framework.Testing.Feature.FileCollectionTest" assertions="2" time="0.021826"/>
        <testcase name="Markdown pages are discovered" file="File Collection (Hyde\Framework\Testing\Feature\FileCollection)::Markdown pages are discovered" class="Hyde\Framework\Testing\Feature\FileCollectionTest" classname="Hyde.Framework.Testing.Feature.FileCollectionTest" assertions="2" time="0.021640"/>
        <testcase name="Markdown posts are discovered" file="File Collection (Hyde\Framework\Testing\Feature\FileCollection)::Markdown posts are discovered" class="Hyde\Framework\Testing\Feature\FileCollectionTest" classname="Hyde.Framework.Testing.Feature.FileCollectionTest" assertions="2" time="0.021538"/>
        <testcase name="Documentation pages are discovered" file="File Collection (Hyde\Framework\Testing\Feature\FileCollection)::Documentation pages are discovered" class="Hyde\Framework\Testing\Feature\FileCollectionTest" classname="Hyde.Framework.Testing.Feature.FileCollectionTest" assertions="2" time="0.021611"/>
      </testsuite>
      <testsuite name="Hyde\Framework\Testing\Feature\FilesystemFacadeTest" file="Filesystem Facade (Hyde\Framework\Testing\Feature\FilesystemFacade)" tests="59" assertions="67" errors="0" failures="0" skipped="0" time="1.205982">
        <testcase name="Base path" file="Filesystem Facade (Hyde\Framework\Testing\Feature\FilesystemFacade)::Base path" class="Hyde\Framework\Testing\Feature\FilesystemFacadeTest" classname="Hyde.Framework.Testing.Feature.FilesystemFacadeTest" assertions="1" time="0.031979"/>
        <testcase name="Absolute path" file="Filesystem Facade (Hyde\Framework\Testing\Feature\FilesystemFacade)::Absolute path" class="Hyde\Framework\Testing\Feature\FilesystemFacadeTest" classname="Hyde.Framework.Testing.Feature.FilesystemFacadeTest" assertions="2" time="0.019841"/>
        <testcase name="Relative path" file="Filesystem Facade (Hyde\Framework\Testing\Feature\FilesystemFacade)::Relative path" class="Hyde\Framework\Testing\Feature\FilesystemFacadeTest" classname="Hyde.Framework.Testing.Feature.FilesystemFacadeTest" assertions="3" time="0.019854"/>
        <testcase name="Smart glob" file="Filesystem Facade (Hyde\Framework\Testing\Feature\FilesystemFacade)::Smart glob" class="Hyde\Framework\Testing\Feature\FilesystemFacadeTest" classname="Hyde.Framework.Testing.Feature.FilesystemFacadeTest" assertions="3" time="0.020727"/>
        <testcase name="Touch" file="Filesystem Facade (Hyde\Framework\Testing\Feature\FilesystemFacade)::Touch" class="Hyde\Framework\Testing\Feature\FilesystemFacadeTest" classname="Hyde.Framework.Testing.Feature.FilesystemFacadeTest" assertions="1" time="0.019794"/>
        <testcase name="Unlink" file="Filesystem Facade (Hyde\Framework\Testing\Feature\FilesystemFacade)::Unlink" class="Hyde\Framework\Testing\Feature\FilesystemFacadeTest" classname="Hyde.Framework.Testing.Feature.FilesystemFacadeTest" assertions="1" time="0.019960"/>
        <testcase name="Unlink if exists" file="Filesystem Facade (Hyde\Framework\Testing\Feature\FilesystemFacade)::Unlink if exists" class="Hyde\Framework\Testing\Feature\FilesystemFacadeTest" classname="Hyde.Framework.Testing.Feature.FilesystemFacadeTest" assertions="1" time="0.020117"/>
        <testcase name="Get contents" file="Filesystem Facade (Hyde\Framework\Testing\Feature\FilesystemFacade)::Get contents" class="Hyde\Framework\Testing\Feature\FilesystemFacadeTest" classname="Hyde.Framework.Testing.Feature.FilesystemFacadeTest" assertions="1" time="0.020018"/>
        <testcase name="Put contents" file="Filesystem Facade (Hyde\Framework\Testing\Feature\FilesystemFacade)::Put contents" class="Hyde\Framework\Testing\Feature\FilesystemFacadeTest" classname="Hyde.Framework.Testing.Feature.FilesystemFacadeTest" assertions="1" time="0.019880"/>
        <testcase name="Exists" file="Filesystem Facade (Hyde\Framework\Testing\Feature\FilesystemFacade)::Exists" class="Hyde\Framework\Testing\Feature\FilesystemFacadeTest" classname="Hyde.Framework.Testing.Feature.FilesystemFacadeTest" assertions="1" time="0.019966"/>
        <testcase name="Missing" file="Filesystem Facade (Hyde\Framework\Testing\Feature\FilesystemFacade)::Missing" class="Hyde\Framework\Testing\Feature\FilesystemFacadeTest" classname="Hyde.Framework.Testing.Feature.FilesystemFacadeTest" assertions="1" time="0.019905"/>
        <testcase name="Get" file="Filesystem Facade (Hyde\Framework\Testing\Feature\FilesystemFacade)::Get" class="Hyde\Framework\Testing\Feature\FilesystemFacadeTest" classname="Hyde.Framework.Testing.Feature.FilesystemFacadeTest" assertions="1" time="0.019885"/>
        <testcase name="Shared get" file="Filesystem Facade (Hyde\Framework\Testing\Feature\FilesystemFacade)::Shared get" class="Hyde\Framework\Testing\Feature\FilesystemFacadeTest" classname="Hyde.Framework.Testing.Feature.FilesystemFacadeTest" assertions="1" time="0.019851"/>
        <testcase name="Get require" file="Filesystem Facade (Hyde\Framework\Testing\Feature\FilesystemFacade)::Get require" class="Hyde\Framework\Testing\Feature\FilesystemFacadeTest" classname="Hyde.Framework.Testing.Feature.FilesystemFacadeTest" assertions="1" time="0.019832"/>
        <testcase name="Require once" file="Filesystem Facade (Hyde\Framework\Testing\Feature\FilesystemFacade)::Require once" class="Hyde\Framework\Testing\Feature\FilesystemFacadeTest" classname="Hyde.Framework.Testing.Feature.FilesystemFacadeTest" assertions="1" time="0.019890"/>
        <testcase name="Lines" file="Filesystem Facade (Hyde\Framework\Testing\Feature\FilesystemFacade)::Lines" class="Hyde\Framework\Testing\Feature\FilesystemFacadeTest" classname="Hyde.Framework.Testing.Feature.FilesystemFacadeTest" assertions="1" time="0.021325"/>
        <testcase name="Hash" file="Filesystem Facade (Hyde\Framework\Testing\Feature\FilesystemFacade)::Hash" class="Hyde\Framework\Testing\Feature\FilesystemFacadeTest" classname="Hyde.Framework.Testing.Feature.FilesystemFacadeTest" assertions="1" time="0.019999"/>
        <testcase name="Put" file="Filesystem Facade (Hyde\Framework\Testing\Feature\FilesystemFacade)::Put" class="Hyde\Framework\Testing\Feature\FilesystemFacadeTest" classname="Hyde.Framework.Testing.Feature.FilesystemFacadeTest" assertions="1" time="0.020119"/>
        <testcase name="Replace" file="Filesystem Facade (Hyde\Framework\Testing\Feature\FilesystemFacade)::Replace" class="Hyde\Framework\Testing\Feature\FilesystemFacadeTest" classname="Hyde.Framework.Testing.Feature.FilesystemFacadeTest" assertions="1" time="0.020029"/>
        <testcase name="Replace in file" file="Filesystem Facade (Hyde\Framework\Testing\Feature\FilesystemFacade)::Replace in file" class="Hyde\Framework\Testing\Feature\FilesystemFacadeTest" classname="Hyde.Framework.Testing.Feature.FilesystemFacadeTest" assertions="1" time="0.019975"/>
        <testcase name="Prepend" file="Filesystem Facade (Hyde\Framework\Testing\Feature\FilesystemFacade)::Prepend" class="Hyde\Framework\Testing\Feature\FilesystemFacadeTest" classname="Hyde.Framework.Testing.Feature.FilesystemFacadeTest" assertions="1" time="0.019914"/>
        <testcase name="Append" file="Filesystem Facade (Hyde\Framework\Testing\Feature\FilesystemFacade)::Append" class="Hyde\Framework\Testing\Feature\FilesystemFacadeTest" classname="Hyde.Framework.Testing.Feature.FilesystemFacadeTest" assertions="1" time="0.019903"/>
        <testcase name="Chmod" file="Filesystem Facade (Hyde\Framework\Testing\Feature\FilesystemFacade)::Chmod" class="Hyde\Framework\Testing\Feature\FilesystemFacadeTest" classname="Hyde.Framework.Testing.Feature.FilesystemFacadeTest" assertions="1" time="0.019980"/>
        <testcase name="Delete" file="Filesystem Facade (Hyde\Framework\Testing\Feature\FilesystemFacade)::Delete" class="Hyde\Framework\Testing\Feature\FilesystemFacadeTest" classname="Hyde.Framework.Testing.Feature.FilesystemFacadeTest" assertions="1" time="0.019910"/>
        <testcase name="Delete with array" file="Filesystem Facade (Hyde\Framework\Testing\Feature\FilesystemFacade)::Delete with array" class="Hyde\Framework\Testing\Feature\FilesystemFacadeTest" classname="Hyde.Framework.Testing.Feature.FilesystemFacadeTest" assertions="1" time="0.020099"/>
        <testcase name="Move" file="Filesystem Facade (Hyde\Framework\Testing\Feature\FilesystemFacade)::Move" class="Hyde\Framework\Testing\Feature\FilesystemFacadeTest" classname="Hyde.Framework.Testing.Feature.FilesystemFacadeTest" assertions="1" time="0.020046"/>
        <testcase name="Copy" file="Filesystem Facade (Hyde\Framework\Testing\Feature\FilesystemFacade)::Copy" class="Hyde\Framework\Testing\Feature\FilesystemFacadeTest" classname="Hyde.Framework.Testing.Feature.FilesystemFacadeTest" assertions="1" time="0.020349"/>
        <testcase name="Link" file="Filesystem Facade (Hyde\Framework\Testing\Feature\FilesystemFacade)::Link" class="Hyde\Framework\Testing\Feature\FilesystemFacadeTest" classname="Hyde.Framework.Testing.Feature.FilesystemFacadeTest" assertions="1" time="0.020054"/>
        <testcase name="Relative link" file="Filesystem Facade (Hyde\Framework\Testing\Feature\FilesystemFacade)::Relative link" class="Hyde\Framework\Testing\Feature\FilesystemFacadeTest" classname="Hyde.Framework.Testing.Feature.FilesystemFacadeTest" assertions="1" time="0.020002"/>
        <testcase name="Name" file="Filesystem Facade (Hyde\Framework\Testing\Feature\FilesystemFacade)::Name" class="Hyde\Framework\Testing\Feature\FilesystemFacadeTest" classname="Hyde.Framework.Testing.Feature.FilesystemFacadeTest" assertions="1" time="0.019821"/>
        <testcase name="Basename" file="Filesystem Facade (Hyde\Framework\Testing\Feature\FilesystemFacade)::Basename" class="Hyde\Framework\Testing\Feature\FilesystemFacadeTest" classname="Hyde.Framework.Testing.Feature.FilesystemFacadeTest" assertions="1" time="0.019943"/>
        <testcase name="Dirname" file="Filesystem Facade (Hyde\Framework\Testing\Feature\FilesystemFacade)::Dirname" class="Hyde\Framework\Testing\Feature\FilesystemFacadeTest" classname="Hyde.Framework.Testing.Feature.FilesystemFacadeTest" assertions="1" time="0.019833"/>
        <testcase name="Extension" file="Filesystem Facade (Hyde\Framework\Testing\Feature\FilesystemFacade)::Extension" class="Hyde\Framework\Testing\Feature\FilesystemFacadeTest" classname="Hyde.Framework.Testing.Feature.FilesystemFacadeTest" assertions="1" time="0.032639"/>
        <testcase name="Guess extension" file="Filesystem Facade (Hyde\Framework\Testing\Feature\FilesystemFacade)::Guess extension" class="Hyde\Framework\Testing\Feature\FilesystemFacadeTest" classname="Hyde.Framework.Testing.Feature.FilesystemFacadeTest" assertions="1" time="0.020050"/>
        <testcase name="Type" file="Filesystem Facade (Hyde\Framework\Testing\Feature\FilesystemFacade)::Type" class="Hyde\Framework\Testing\Feature\FilesystemFacadeTest" classname="Hyde.Framework.Testing.Feature.FilesystemFacadeTest" assertions="1" time="0.020026"/>
        <testcase name="Mime type" file="Filesystem Facade (Hyde\Framework\Testing\Feature\FilesystemFacade)::Mime type" class="Hyde\Framework\Testing\Feature\FilesystemFacadeTest" classname="Hyde.Framework.Testing.Feature.FilesystemFacadeTest" assertions="1" time="0.019908"/>
        <testcase name="Size" file="Filesystem Facade (Hyde\Framework\Testing\Feature\FilesystemFacade)::Size" class="Hyde\Framework\Testing\Feature\FilesystemFacadeTest" classname="Hyde.Framework.Testing.Feature.FilesystemFacadeTest" assertions="1" time="0.019855"/>
        <testcase name="Last modified" file="Filesystem Facade (Hyde\Framework\Testing\Feature\FilesystemFacade)::Last modified" class="Hyde\Framework\Testing\Feature\FilesystemFacadeTest" classname="Hyde.Framework.Testing.Feature.FilesystemFacadeTest" assertions="1" time="0.020004"/>
        <testcase name="Is directory" file="Filesystem Facade (Hyde\Framework\Testing\Feature\FilesystemFacade)::Is directory" class="Hyde\Framework\Testing\Feature\FilesystemFacadeTest" classname="Hyde.Framework.Testing.Feature.FilesystemFacadeTest" assertions="1" time="0.019843"/>
        <testcase name="Is empty directory" file="Filesystem Facade (Hyde\Framework\Testing\Feature\FilesystemFacade)::Is empty directory" class="Hyde\Framework\Testing\Feature\FilesystemFacadeTest" classname="Hyde.Framework.Testing.Feature.FilesystemFacadeTest" assertions="1" time="0.019876"/>
        <testcase name="Is readable" file="Filesystem Facade (Hyde\Framework\Testing\Feature\FilesystemFacade)::Is readable" class="Hyde\Framework\Testing\Feature\FilesystemFacadeTest" classname="Hyde.Framework.Testing.Feature.FilesystemFacadeTest" assertions="1" time="0.019942"/>
        <testcase name="Is writable" file="Filesystem Facade (Hyde\Framework\Testing\Feature\FilesystemFacade)::Is writable" class="Hyde\Framework\Testing\Feature\FilesystemFacadeTest" classname="Hyde.Framework.Testing.Feature.FilesystemFacadeTest" assertions="1" time="0.019909"/>
        <testcase name="Has same hash" file="Filesystem Facade (Hyde\Framework\Testing\Feature\FilesystemFacade)::Has same hash" class="Hyde\Framework\Testing\Feature\FilesystemFacadeTest" classname="Hyde.Framework.Testing.Feature.FilesystemFacadeTest" assertions="1" time="0.019929"/>
        <testcase name="Is file" file="Filesystem Facade (Hyde\Framework\Testing\Feature\FilesystemFacade)::Is file" class="Hyde\Framework\Testing\Feature\FilesystemFacadeTest" classname="Hyde.Framework.Testing.Feature.FilesystemFacadeTest" assertions="1" time="0.019872"/>
        <testcase name="Glob" file="Filesystem Facade (Hyde\Framework\Testing\Feature\FilesystemFacade)::Glob" class="Hyde\Framework\Testing\Feature\FilesystemFacadeTest" classname="Hyde.Framework.Testing.Feature.FilesystemFacadeTest" assertions="1" time="0.019978"/>
        <testcase name="Files" file="Filesystem Facade (Hyde\Framework\Testing\Feature\FilesystemFacade)::Files" class="Hyde\Framework\Testing\Feature\FilesystemFacadeTest" classname="Hyde.Framework.Testing.Feature.FilesystemFacadeTest" assertions="1" time="0.019933"/>
        <testcase name="All files" file="Filesystem Facade (Hyde\Framework\Testing\Feature\FilesystemFacade)::All files" class="Hyde\Framework\Testing\Feature\FilesystemFacadeTest" classname="Hyde.Framework.Testing.Feature.FilesystemFacadeTest" assertions="1" time="0.019939"/>
        <testcase name="Directories" file="Filesystem Facade (Hyde\Framework\Testing\Feature\FilesystemFacade)::Directories" class="Hyde\Framework\Testing\Feature\FilesystemFacadeTest" classname="Hyde.Framework.Testing.Feature.FilesystemFacadeTest" assertions="1" time="0.019893"/>
        <testcase name="Ensure directory exists" file="Filesystem Facade (Hyde\Framework\Testing\Feature\FilesystemFacade)::Ensure directory exists" class="Hyde\Framework\Testing\Feature\FilesystemFacadeTest" classname="Hyde.Framework.Testing.Feature.FilesystemFacadeTest" assertions="1" time="0.020066"/>
        <testcase name="Make directory" file="Filesystem Facade (Hyde\Framework\Testing\Feature\FilesystemFacade)::Make directory" class="Hyde\Framework\Testing\Feature\FilesystemFacadeTest" classname="Hyde.Framework.Testing.Feature.FilesystemFacadeTest" assertions="1" time="0.019937"/>
        <testcase name="Move directory" file="Filesystem Facade (Hyde\Framework\Testing\Feature\FilesystemFacade)::Move directory" class="Hyde\Framework\Testing\Feature\FilesystemFacadeTest" classname="Hyde.Framework.Testing.Feature.FilesystemFacadeTest" assertions="1" time="0.020052"/>
        <testcase name="Copy directory" file="Filesystem Facade (Hyde\Framework\Testing\Feature\FilesystemFacade)::Copy directory" class="Hyde\Framework\Testing\Feature\FilesystemFacadeTest" classname="Hyde.Framework.Testing.Feature.FilesystemFacadeTest" assertions="1" time="0.019967"/>
        <testcase name="Delete directory" file="Filesystem Facade (Hyde\Framework\Testing\Feature\FilesystemFacade)::Delete directory" class="Hyde\Framework\Testing\Feature\FilesystemFacadeTest" classname="Hyde.Framework.Testing.Feature.FilesystemFacadeTest" assertions="1" time="0.020142"/>
        <testcase name="Delete directories" file="Filesystem Facade (Hyde\Framework\Testing\Feature\FilesystemFacade)::Delete directories" class="Hyde\Framework\Testing\Feature\FilesystemFacadeTest" classname="Hyde.Framework.Testing.Feature.FilesystemFacadeTest" assertions="1" time="0.019977"/>
        <testcase name="Clean directory" file="Filesystem Facade (Hyde\Framework\Testing\Feature\FilesystemFacade)::Clean directory" class="Hyde\Framework\Testing\Feature\FilesystemFacadeTest" classname="Hyde.Framework.Testing.Feature.FilesystemFacadeTest" assertions="1" time="0.020048"/>
        <testcase name="Method without mocking" file="Filesystem Facade (Hyde\Framework\Testing\Feature\FilesystemFacade)::Method without mocking" class="Hyde\Framework\Testing\Feature\FilesystemFacadeTest" classname="Hyde.Framework.Testing.Feature.FilesystemFacadeTest" assertions="2" time="0.020316"/>
        <testcase name="Method with named arguments" file="Filesystem Facade (Hyde\Framework\Testing\Feature\FilesystemFacade)::Method with named arguments" class="Hyde\Framework\Testing\Feature\FilesystemFacadeTest" classname="Hyde.Framework.Testing.Feature.FilesystemFacadeTest" assertions="2" time="0.020502"/>
        <testcase name="Method with mixed sequential and named arguments" file="Filesystem Facade (Hyde\Framework\Testing\Feature\FilesystemFacade)::Method with mixed sequential and named arguments" class="Hyde\Framework\Testing\Feature\FilesystemFacadeTest" classname="Hyde.Framework.Testing.Feature.FilesystemFacadeTest" assertions="2" time="0.020362"/>
        <testcase name="Method with mixed sequential and named arguments skipping middle one" file="Filesystem Facade (Hyde\Framework\Testing\Feature\FilesystemFacade)::Method with mixed sequential and named arguments skipping middle one" class="Hyde\Framework\Testing\Feature\FilesystemFacadeTest" classname="Hyde.Framework.Testing.Feature.FilesystemFacadeTest" assertions="1" time="0.020217"/>
      </testsuite>
      <testsuite name="Hyde\Framework\Testing\Feature\Foundation\FilesystemTest" file="Filesystem (Hyde\Framework\Testing\Feature\Foundation\Filesystem)" tests="51" assertions="84" errors="0" failures="0" skipped="0" time="0.230480">
        <testcase name="Get base path returns kernels base path" file="Filesystem (Hyde\Framework\Testing\Feature\Foundation\Filesystem)::Get base path returns kernels base path" class="Hyde\Framework\Testing\Feature\Foundation\FilesystemTest" classname="Hyde.Framework.Testing.Feature.Foundation.FilesystemTest" assertions="1" time="0.092573"/>
        <testcase name="Path method exists" file="Filesystem (Hyde\Framework\Testing\Feature\Foundation\Filesystem)::Path method exists" class="Hyde\Framework\Testing\Feature\Foundation\FilesystemTest" classname="Hyde.Framework.Testing.Feature.Foundation.FilesystemTest" assertions="1" time="0.002548"/>
        <testcase name="Path method returns string" file="Filesystem (Hyde\Framework\Testing\Feature\Foundation\Filesystem)::Path method returns string" class="Hyde\Framework\Testing\Feature\Foundation\FilesystemTest" classname="Hyde.Framework.Testing.Feature.Foundation.FilesystemTest" assertions="1" time="0.002538"/>
        <testcase name="Path method returns base path when not supplied with argument" file="Filesystem (Hyde\Framework\Testing\Feature\Foundation\Filesystem)::Path method returns base path when not supplied with argument" class="Hyde\Framework\Testing\Feature\Foundation\FilesystemTest" classname="Hyde.Framework.Testing.Feature.Foundation.FilesystemTest" assertions="1" time="0.002655"/>
        <testcase name="Path method returns path relative to base path when supplied with argument" file="Filesystem (Hyde\Framework\Testing\Feature\Foundation\Filesystem)::Path method returns path relative to base path when supplied with argument" class="Hyde\Framework\Testing\Feature\Foundation\FilesystemTest" classname="Hyde.Framework.Testing.Feature.Foundation.FilesystemTest" assertions="1" time="0.002660"/>
        <testcase name="Path method returns qualified file path when supplied with argument" file="Filesystem (Hyde\Framework\Testing\Feature\Foundation\Filesystem)::Path method returns qualified file path when supplied with argument" class="Hyde\Framework\Testing\Feature\Foundation\FilesystemTest" classname="Hyde.Framework.Testing.Feature.Foundation.FilesystemTest" assertions="1" time="0.002641"/>
        <testcase name="Path method returns expected value for nested path arguments" file="Filesystem (Hyde\Framework\Testing\Feature\Foundation\Filesystem)::Path method returns expected value for nested path arguments" class="Hyde\Framework\Testing\Feature\Foundation\FilesystemTest" classname="Hyde.Framework.Testing.Feature.Foundation.FilesystemTest" assertions="1" time="0.002641"/>
        <testcase name="Path method strips trailing directory separators from argument" file="Filesystem (Hyde\Framework\Testing\Feature\Foundation\Filesystem)::Path method strips trailing directory separators from argument" class="Hyde\Framework\Testing\Feature\Foundation\FilesystemTest" classname="Hyde.Framework.Testing.Feature.Foundation.FilesystemTest" assertions="1" time="0.002655"/>
        <testcase name="Path method returns expected value regardless of trailing directory separators in argument" file="Filesystem (Hyde\Framework\Testing\Feature\Foundation\Filesystem)::Path method returns expected value regardless of trailing directory separators in argument" class="Hyde\Framework\Testing\Feature\Foundation\FilesystemTest" classname="Hyde.Framework.Testing.Feature.Foundation.FilesystemTest" assertions="1" time="0.002678"/>
        <testcase name="Path method resolves already absolute paths" file="Filesystem (Hyde\Framework\Testing\Feature\Foundation\Filesystem)::Path method resolves already absolute paths" class="Hyde\Framework\Testing\Feature\Foundation\FilesystemTest" classname="Hyde.Framework.Testing.Feature.Foundation.FilesystemTest" assertions="1" time="0.002626"/>
        <testcase name="Path method resolves already absolute paths using helper" file="Filesystem (Hyde\Framework\Testing\Feature\Foundation\Filesystem)::Path method resolves already absolute paths using helper" class="Hyde\Framework\Testing\Feature\Foundation\FilesystemTest" classname="Hyde.Framework.Testing.Feature.Foundation.FilesystemTest" assertions="1" time="0.002656"/>
        <testcase name="Path method resolves already absolute paths using helper with trailing slash" file="Filesystem (Hyde\Framework\Testing\Feature\Foundation\Filesystem)::Path method resolves already absolute paths using helper with trailing slash" class="Hyde\Framework\Testing\Feature\Foundation\FilesystemTest" classname="Hyde.Framework.Testing.Feature.Foundation.FilesystemTest" assertions="1" time="0.002671"/>
        <testcase name="Path method does not modify phar paths" file="Filesystem (Hyde\Framework\Testing\Feature\Foundation\Filesystem)::Path method does not modify phar paths" class="Hyde\Framework\Testing\Feature\Foundation\FilesystemTest" classname="Hyde.Framework.Testing.Feature.Foundation.FilesystemTest" assertions="1" time="0.002518"/>
        <testcase name="Hyde path method exists" file="Filesystem (Hyde\Framework\Testing\Feature\Foundation\Filesystem)::Hyde path method exists" class="Hyde\Framework\Testing\Feature\Foundation\FilesystemTest" classname="Hyde.Framework.Testing.Feature.Foundation.FilesystemTest" assertions="1" time="0.002799"/>
        <testcase name="Hyde path string is returned" file="Filesystem (Hyde\Framework\Testing\Feature\Foundation\Filesystem)::Hyde path string is returned" class="Hyde\Framework\Testing\Feature\Foundation\FilesystemTest" classname="Hyde.Framework.Testing.Feature.Foundation.FilesystemTest" assertions="1" time="0.002592"/>
        <testcase name="Hyde path returned directory contains content expected to be in the project directory" file="Filesystem (Hyde\Framework\Testing\Feature\Foundation\Filesystem)::Hyde path returned directory contains content expected to be in the project directory" class="Hyde\Framework\Testing\Feature\Foundation\FilesystemTest" classname="Hyde.Framework.Testing.Feature.Foundation.FilesystemTest" assertions="1" time="0.002727"/>
        <testcase name="Vendor path method exists" file="Filesystem (Hyde\Framework\Testing\Feature\Foundation\Filesystem)::Vendor path method exists" class="Hyde\Framework\Testing\Feature\Foundation\FilesystemTest" classname="Hyde.Framework.Testing.Feature.Foundation.FilesystemTest" assertions="1" time="0.002494"/>
        <testcase name="Vendor path method returns string" file="Filesystem (Hyde\Framework\Testing\Feature\Foundation\Filesystem)::Vendor path method returns string" class="Hyde\Framework\Testing\Feature\Foundation\FilesystemTest" classname="Hyde.Framework.Testing.Feature.Foundation.FilesystemTest" assertions="1" time="0.002638"/>
        <testcase name="Vendor path method returns the vendor path" file="Filesystem (Hyde\Framework\Testing\Feature\Foundation\Filesystem)::Vendor path method returns the vendor path" class="Hyde\Framework\Testing\Feature\Foundation\FilesystemTest" classname="Hyde.Framework.Testing.Feature.Foundation.FilesystemTest" assertions="1" time="0.002666"/>
        <testcase name="Vendor path method returns qualified file path when supplied with argument" file="Filesystem (Hyde\Framework\Testing\Feature\Foundation\Filesystem)::Vendor path method returns qualified file path when supplied with argument" class="Hyde\Framework\Testing\Feature\Foundation\FilesystemTest" classname="Hyde.Framework.Testing.Feature.Foundation.FilesystemTest" assertions="1" time="0.002668"/>
        <testcase name="Vendor path method returns expected value regardless of trailing directory separators in argument" file="Filesystem (Hyde\Framework\Testing\Feature\Foundation\Filesystem)::Vendor path method returns expected value regardless of trailing directory separators in argument" class="Hyde\Framework\Testing\Feature\Foundation\FilesystemTest" classname="Hyde.Framework.Testing.Feature.Foundation.FilesystemTest" assertions="1" time="0.002711"/>
        <testcase name="Vendor path can specify which hyde package to use" file="Filesystem (Hyde\Framework\Testing\Feature\Foundation\Filesystem)::Vendor path can specify which hyde package to use" class="Hyde\Framework\Testing\Feature\Foundation\FilesystemTest" classname="Hyde.Framework.Testing.Feature.Foundation.FilesystemTest" assertions="2" time="0.002804"/>
        <testcase name="Vendor path can run in phar" file="Filesystem (Hyde\Framework\Testing\Feature\Foundation\Filesystem)::Vendor path can run in phar" class="Hyde\Framework\Testing\Feature\Foundation\FilesystemTest" classname="Hyde.Framework.Testing.Feature.Foundation.FilesystemTest" assertions="1" time="0.002771"/>
        <testcase name="Touch helper creates file at given path" file="Filesystem (Hyde\Framework\Testing\Feature\Foundation\Filesystem)::Touch helper creates file at given path" class="Hyde\Framework\Testing\Feature\Foundation\FilesystemTest" classname="Hyde.Framework.Testing.Feature.Foundation.FilesystemTest" assertions="2" time="0.003066"/>
        <testcase name="Touch helper creates multiple files at given paths" file="Filesystem (Hyde\Framework\Testing\Feature\Foundation\Filesystem)::Touch helper creates multiple files at given paths" class="Hyde\Framework\Testing\Feature\Foundation\FilesystemTest" classname="Hyde.Framework.Testing.Feature.Foundation.FilesystemTest" assertions="3" time="0.003238"/>
        <testcase name="Unlink helper deletes file at given path" file="Filesystem (Hyde\Framework\Testing\Feature\Foundation\Filesystem)::Unlink helper deletes file at given path" class="Hyde\Framework\Testing\Feature\Foundation\FilesystemTest" classname="Hyde.Framework.Testing.Feature.Foundation.FilesystemTest" assertions="2" time="0.003023"/>
        <testcase name="Unlink helper deletes multiple files at given paths" file="Filesystem (Hyde\Framework\Testing\Feature\Foundation\Filesystem)::Unlink helper deletes multiple files at given paths" class="Hyde\Framework\Testing\Feature\Foundation\FilesystemTest" classname="Hyde.Framework.Testing.Feature.Foundation.FilesystemTest" assertions="3" time="0.003224"/>
        <testcase name="Unlink if exists helper deletes file at given path" file="Filesystem (Hyde\Framework\Testing\Feature\Foundation\Filesystem)::Unlink if exists helper deletes file at given path" class="Hyde\Framework\Testing\Feature\Foundation\FilesystemTest" classname="Hyde.Framework.Testing.Feature.Foundation.FilesystemTest" assertions="2" time="0.002875"/>
        <testcase name="Unlink if exists handles non existent files gracefully" file="Filesystem (Hyde\Framework\Testing\Feature\Foundation\Filesystem)::Unlink if exists handles non existent files gracefully" class="Hyde\Framework\Testing\Feature\Foundation\FilesystemTest" classname="Hyde.Framework.Testing.Feature.Foundation.FilesystemTest" assertions="1" time="0.002588"/>
        <testcase name="Get model source path method returns path for model classes" file="Filesystem (Hyde\Framework\Testing\Feature\Foundation\Filesystem)::Get model source path method returns path for model classes" class="Hyde\Framework\Testing\Feature\Foundation\FilesystemTest" classname="Hyde.Framework.Testing.Feature.Foundation.FilesystemTest" assertions="5" time="0.003272"/>
        <testcase name="Get model source path method returns path to file for model classes" file="Filesystem (Hyde\Framework\Testing\Feature\Foundation\Filesystem)::Get model source path method returns path to file for model classes" class="Hyde\Framework\Testing\Feature\Foundation\FilesystemTest" classname="Hyde.Framework.Testing.Feature.Foundation.FilesystemTest" assertions="5" time="0.003253"/>
        <testcase name="Helper for blade pages" file="Filesystem (Hyde\Framework\Testing\Feature\Foundation\Filesystem)::Helper for blade pages" class="Hyde\Framework\Testing\Feature\Foundation\FilesystemTest" classname="Hyde.Framework.Testing.Feature.Foundation.FilesystemTest" assertions="1" time="0.002630"/>
        <testcase name="Helper for markdown pages" file="Filesystem (Hyde\Framework\Testing\Feature\Foundation\Filesystem)::Helper for markdown pages" class="Hyde\Framework\Testing\Feature\Foundation\FilesystemTest" classname="Hyde.Framework.Testing.Feature.Foundation.FilesystemTest" assertions="1" time="0.002700"/>
        <testcase name="Helper for markdown posts" file="Filesystem (Hyde\Framework\Testing\Feature\Foundation\Filesystem)::Helper for markdown posts" class="Hyde\Framework\Testing\Feature\Foundation\FilesystemTest" classname="Hyde.Framework.Testing.Feature.Foundation.FilesystemTest" assertions="1" time="0.002666"/>
        <testcase name="Helper for documentation pages" file="Filesystem (Hyde\Framework\Testing\Feature\Foundation\Filesystem)::Helper for documentation pages" class="Hyde\Framework\Testing\Feature\Foundation\FilesystemTest" classname="Hyde.Framework.Testing.Feature.Foundation.FilesystemTest" assertions="1" time="0.002668"/>
        <testcase name="Helper for media path" file="Filesystem (Hyde\Framework\Testing\Feature\Foundation\Filesystem)::Helper for media path" class="Hyde\Framework\Testing\Feature\Foundation\FilesystemTest" classname="Hyde.Framework.Testing.Feature.Foundation.FilesystemTest" assertions="1" time="0.002626"/>
        <testcase name="Helper for media path returns path to file within the directory" file="Filesystem (Hyde\Framework\Testing\Feature\Foundation\Filesystem)::Helper for media path returns path to file within the directory" class="Hyde\Framework\Testing\Feature\Foundation\FilesystemTest" classname="Hyde.Framework.Testing.Feature.Foundation.FilesystemTest" assertions="1" time="0.002678"/>
        <testcase name="Get media path returns absolute path" file="Filesystem (Hyde\Framework\Testing\Feature\Foundation\Filesystem)::Get media path returns absolute path" class="Hyde\Framework\Testing\Feature\Foundation\FilesystemTest" classname="Hyde.Framework.Testing.Feature.Foundation.FilesystemTest" assertions="1" time="0.002668"/>
        <testcase name="Helper for media output path" file="Filesystem (Hyde\Framework\Testing\Feature\Foundation\Filesystem)::Helper for media output path" class="Hyde\Framework\Testing\Feature\Foundation\FilesystemTest" classname="Hyde.Framework.Testing.Feature.Foundation.FilesystemTest" assertions="1" time="0.002669"/>
        <testcase name="Helper for media output path returns path to file within the directory" file="Filesystem (Hyde\Framework\Testing\Feature\Foundation\Filesystem)::Helper for media output path returns path to file within the directory" class="Hyde\Framework\Testing\Feature\Foundation\FilesystemTest" classname="Hyde.Framework.Testing.Feature.Foundation.FilesystemTest" assertions="1" time="0.002712"/>
        <testcase name="Get media output path returns absolute path" file="Filesystem (Hyde\Framework\Testing\Feature\Foundation\Filesystem)::Get media output path returns absolute path" class="Hyde\Framework\Testing\Feature\Foundation\FilesystemTest" classname="Hyde.Framework.Testing.Feature.Foundation.FilesystemTest" assertions="1" time="0.002671"/>
        <testcase name="Helper for site output path" file="Filesystem (Hyde\Framework\Testing\Feature\Foundation\Filesystem)::Helper for site output path" class="Hyde\Framework\Testing\Feature\Foundation\FilesystemTest" classname="Hyde.Framework.Testing.Feature.Foundation.FilesystemTest" assertions="1" time="0.002629"/>
        <testcase name="Helper for site output path returns path to file within the directory" file="Filesystem (Hyde\Framework\Testing\Feature\Foundation\Filesystem)::Helper for site output path returns path to file within the directory" class="Hyde\Framework\Testing\Feature\Foundation\FilesystemTest" classname="Hyde.Framework.Testing.Feature.Foundation.FilesystemTest" assertions="1" time="0.002671"/>
        <testcase name="Get site output path returns absolute path" file="Filesystem (Hyde\Framework\Testing\Feature\Foundation\Filesystem)::Get site output path returns absolute path" class="Hyde\Framework\Testing\Feature\Foundation\FilesystemTest" classname="Hyde.Framework.Testing.Feature.Foundation.FilesystemTest" assertions="1" time="0.002642"/>
        <testcase name="Site output path helper ignores trailing slashes" file="Filesystem (Hyde\Framework\Testing\Feature\Foundation\Filesystem)::Site output path helper ignores trailing slashes" class="Hyde\Framework\Testing\Feature\Foundation\FilesystemTest" classname="Hyde.Framework.Testing.Feature.Foundation.FilesystemTest" assertions="1" time="0.002636"/>
        <testcase name="Path to absolute" file="Filesystem (Hyde\Framework\Testing\Feature\Foundation\Filesystem)::Path to absolute" class="Hyde\Framework\Testing\Feature\Foundation\FilesystemTest" classname="Hyde.Framework.Testing.Feature.Foundation.FilesystemTest" assertions="1" time="0.002589"/>
        <testcase name="Path to absolute helper is alias for path helper" file="Filesystem (Hyde\Framework\Testing\Feature\Foundation\Filesystem)::Path to absolute helper is alias for path helper" class="Hyde\Framework\Testing\Feature\Foundation\FilesystemTest" classname="Hyde.Framework.Testing.Feature.Foundation.FilesystemTest" assertions="1" time="0.002628"/>
        <testcase name="Path to absolute can convert array of paths" file="Filesystem (Hyde\Framework\Testing\Feature\Foundation\Filesystem)::Path to absolute can convert array of paths" class="Hyde\Framework\Testing\Feature\Foundation\FilesystemTest" classname="Hyde.Framework.Testing.Feature.Foundation.FilesystemTest" assertions="1" time="0.002803"/>
        <testcase name="Path to relative helper decodes hyde path into relative" file="Filesystem (Hyde\Framework\Testing\Feature\Foundation\Filesystem)::Path to relative helper decodes hyde path into relative" class="Hyde\Framework\Testing\Feature\Foundation\FilesystemTest" classname="Hyde.Framework.Testing.Feature.Foundation.FilesystemTest" assertions="5" time="0.003170"/>
        <testcase name="Path to relative helper does not modify already relative paths" file="Filesystem (Hyde\Framework\Testing\Feature\Foundation\Filesystem)::Path to relative helper does not modify already relative paths" class="Hyde\Framework\Testing\Feature\Foundation\FilesystemTest" classname="Hyde.Framework.Testing.Feature.Foundation.FilesystemTest" assertions="7" time="0.003225"/>
        <testcase name="Path to relative helper does not modify non project paths" file="Filesystem (Hyde\Framework\Testing\Feature\Foundation\Filesystem)::Path to relative helper does not modify non project paths" class="Hyde\Framework\Testing\Feature\Foundation\FilesystemTest" classname="Hyde.Framework.Testing.Feature.Foundation.FilesystemTest" assertions="8" time="0.003327"/>
      </testsuite>
      <testsuite name="Hyde\Framework\Testing\Feature\Foundation\HyperlinksTest" file="Hyperlinks (Hyde\Framework\Testing\Feature\Foundation\Hyperlinks)" tests="15" assertions="22" errors="0" failures="0" skipped="0" time="0.360755">
        <testcase name="Asset helper gets relative web link to image stored in site media folder" file="Hyperlinks (Hyde\Framework\Testing\Feature\Foundation\Hyperlinks)::Asset helper gets relative web link to image stored in site media folder" class="Hyde\Framework\Testing\Feature\Foundation\HyperlinksTest" classname="Hyde.Framework.Testing.Feature.Foundation.HyperlinksTest" assertions="4" time="0.068232"/>
        <testcase name="Asset helper resolves paths for nested pages" file="Hyperlinks (Hyde\Framework\Testing\Feature\Foundation\Hyperlinks)::Asset helper resolves paths for nested pages" class="Hyde\Framework\Testing\Feature\Foundation\HyperlinksTest" classname="Hyde.Framework.Testing.Feature.Foundation.HyperlinksTest" assertions="4" time="0.024086"/>
        <testcase name="Asset helper returns qualified absolute uri when requested and site has base url" file="Hyperlinks (Hyde\Framework\Testing\Feature\Foundation\Hyperlinks)::Asset helper returns qualified absolute uri when requested and site has base url" class="Hyde\Framework\Testing\Feature\Foundation\HyperlinksTest" classname="Hyde.Framework.Testing.Feature.Foundation.HyperlinksTest" assertions="1" time="0.020637"/>
        <testcase name="Asset helper returns default relative path when qualified absolute uri is requested but site has no base url" file="Hyperlinks (Hyde\Framework\Testing\Feature\Foundation\Hyperlinks)::Asset helper returns default relative path when qualified absolute uri is requested but site has no base url" class="Hyde\Framework\Testing\Feature\Foundation\HyperlinksTest" classname="Hyde.Framework.Testing.Feature.Foundation.HyperlinksTest" assertions="1" time="0.020645"/>
        <testcase name="Asset helper returns default relative path when qualified absolute uri is requested but site base url is localhost" file="Hyperlinks (Hyde\Framework\Testing\Feature\Foundation\Hyperlinks)::Asset helper returns default relative path when qualified absolute uri is requested but site base url is localhost" class="Hyde\Framework\Testing\Feature\Foundation\HyperlinksTest" classname="Hyde.Framework.Testing.Feature.Foundation.HyperlinksTest" assertions="1" time="0.020974"/>
        <testcase name="Asset helper returns input when qualified absolute uri is requested but image is already qualified" file="Hyperlinks (Hyde\Framework\Testing\Feature\Foundation\Hyperlinks)::Asset helper returns input when qualified absolute uri is requested but image is already qualified" class="Hyde\Framework\Testing\Feature\Foundation\HyperlinksTest" classname="Hyde.Framework.Testing.Feature.Foundation.HyperlinksTest" assertions="1" time="0.019738"/>
        <testcase name="Asset helper returns input when qualified absolute uri is requested but image is already qualified regardless of matching the configured url" file="Hyperlinks (Hyde\Framework\Testing\Feature\Foundation\Hyperlinks)::Asset helper returns input when qualified absolute uri is requested but image is already qualified regardless of matching the configured url" class="Hyde\Framework\Testing\Feature\Foundation\HyperlinksTest" classname="Hyde.Framework.Testing.Feature.Foundation.HyperlinksTest" assertions="1" time="0.019887"/>
        <testcase name="Asset helper uses configured media directory" file="Hyperlinks (Hyde\Framework\Testing\Feature\Foundation\Hyperlinks)::Asset helper uses configured media directory" class="Hyde\Framework\Testing\Feature\Foundation\HyperlinksTest" classname="Hyde.Framework.Testing.Feature.Foundation.HyperlinksTest" assertions="1" time="0.019798"/>
        <testcase name="Media link helper" file="Hyperlinks (Hyde\Framework\Testing\Feature\Foundation\Hyperlinks)::Media link helper" class="Hyde\Framework\Testing\Feature\Foundation\HyperlinksTest" classname="Hyde.Framework.Testing.Feature.Foundation.HyperlinksTest" assertions="1" time="0.019624"/>
        <testcase name="Media link helper with relative path" file="Hyperlinks (Hyde\Framework\Testing\Feature\Foundation\Hyperlinks)::Media link helper with relative path" class="Hyde\Framework\Testing\Feature\Foundation\HyperlinksTest" classname="Hyde.Framework.Testing.Feature.Foundation.HyperlinksTest" assertions="1" time="0.021218"/>
        <testcase name="Media link helper uses configured media directory" file="Hyperlinks (Hyde\Framework\Testing\Feature\Foundation\Hyperlinks)::Media link helper uses configured media directory" class="Hyde\Framework\Testing\Feature\Foundation\HyperlinksTest" classname="Hyde.Framework.Testing.Feature.Foundation.HyperlinksTest" assertions="1" time="0.019624"/>
        <testcase name="Media link helper with validation and existing file" file="Hyperlinks (Hyde\Framework\Testing\Feature\Foundation\Hyperlinks)::Media link helper with validation and existing file" class="Hyde\Framework\Testing\Feature\Foundation\HyperlinksTest" classname="Hyde.Framework.Testing.Feature.Foundation.HyperlinksTest" assertions="1" time="0.020168"/>
        <testcase name="Media link helper with validation and non existing file" file="Hyperlinks (Hyde\Framework\Testing\Feature\Foundation\Hyperlinks)::Media link helper with validation and non existing file" class="Hyde\Framework\Testing\Feature\Foundation\HyperlinksTest" classname="Hyde.Framework.Testing.Feature.Foundation.HyperlinksTest" assertions="1" time="0.019730"/>
        <testcase name="Route helper" file="Hyperlinks (Hyde\Framework\Testing\Feature\Foundation\Hyperlinks)::Route helper" class="Hyde\Framework\Testing\Feature\Foundation\HyperlinksTest" classname="Hyde.Framework.Testing.Feature.Foundation.HyperlinksTest" assertions="2" time="0.023426"/>
        <testcase name="Route helper with invalid route" file="Hyperlinks (Hyde\Framework\Testing\Feature\Foundation\Hyperlinks)::Route helper with invalid route" class="Hyde\Framework\Testing\Feature\Foundation\HyperlinksTest" classname="Hyde.Framework.Testing.Feature.Foundation.HyperlinksTest" assertions="1" time="0.022969"/>
      </testsuite>
      <testsuite name="Hyde\Framework\Testing\Feature\GlobalMetadataBagTest" file="Global Metadata Bag (Hyde\Framework\Testing\Feature\GlobalMetadataBag)" tests="9" assertions="10" errors="0" failures="0" skipped="0" time="0.240520">
        <testcase name="Site metadata adds config defined metadata" file="Global Metadata Bag (Hyde\Framework\Testing\Feature\GlobalMetadataBag)::Site metadata adds config defined metadata" class="Hyde\Framework\Testing\Feature\GlobalMetadataBagTest" classname="Hyde.Framework.Testing.Feature.GlobalMetadataBagTest" assertions="2" time="0.040179"/>
        <testcase name="Site metadata automatically adds sitemap when enabled" file="Global Metadata Bag (Hyde\Framework\Testing\Feature\GlobalMetadataBag)::Site metadata automatically adds sitemap when enabled" class="Hyde\Framework\Testing\Feature\GlobalMetadataBagTest" classname="Hyde.Framework.Testing.Feature.GlobalMetadataBagTest" assertions="1" time="0.020134"/>
        <testcase name="Site metadata sitemap uses configured site url" file="Global Metadata Bag (Hyde\Framework\Testing\Feature\GlobalMetadataBag)::Site metadata sitemap uses configured site url" class="Hyde\Framework\Testing\Feature\GlobalMetadataBagTest" classname="Hyde.Framework.Testing.Feature.GlobalMetadataBagTest" assertions="1" time="0.020286"/>
        <testcase name="Site metadata automatically adds rss feed when enabled" file="Global Metadata Bag (Hyde\Framework\Testing\Feature\GlobalMetadataBag)::Site metadata automatically adds rss feed when enabled" class="Hyde\Framework\Testing\Feature\GlobalMetadataBagTest" classname="Hyde.Framework.Testing.Feature.GlobalMetadataBagTest" assertions="1" time="0.026281"/>
        <testcase name="Site metadata rss feed uses configured site url" file="Global Metadata Bag (Hyde\Framework\Testing\Feature\GlobalMetadataBag)::Site metadata rss feed uses configured site url" class="Hyde\Framework\Testing\Feature\GlobalMetadataBagTest" classname="Hyde.Framework.Testing.Feature.GlobalMetadataBagTest" assertions="1" time="0.026064"/>
        <testcase name="Site metadata rss feed uses configured site name" file="Global Metadata Bag (Hyde\Framework\Testing\Feature\GlobalMetadataBag)::Site metadata rss feed uses configured site name" class="Hyde\Framework\Testing\Feature\GlobalMetadataBagTest" classname="Hyde.Framework.Testing.Feature.GlobalMetadataBagTest" assertions="1" time="0.026191"/>
        <testcase name="Site metadata rss feed uses configured rss file name" file="Global Metadata Bag (Hyde\Framework\Testing\Feature\GlobalMetadataBag)::Site metadata rss feed uses configured rss file name" class="Hyde\Framework\Testing\Feature\GlobalMetadataBagTest" classname="Hyde.Framework.Testing.Feature.GlobalMetadataBagTest" assertions="1" time="0.038495"/>
        <testcase name="Metadata existing in the current page is not added" file="Global Metadata Bag (Hyde\Framework\Testing\Feature\GlobalMetadataBag)::Metadata existing in the current page is not added" class="Hyde\Framework\Testing\Feature\GlobalMetadataBagTest" classname="Hyde.Framework.Testing.Feature.GlobalMetadataBagTest" assertions="1" time="0.021391"/>
        <testcase name="Metadata existing in the current page is not added regardless of its value" file="Global Metadata Bag (Hyde\Framework\Testing\Feature\GlobalMetadataBag)::Metadata existing in the current page is not added regardless of its value" class="Hyde\Framework\Testing\Feature\GlobalMetadataBagTest" classname="Hyde.Framework.Testing.Feature.GlobalMetadataBagTest" assertions="1" time="0.021499"/>
      </testsuite>
      <testsuite name="Hyde\Framework\Testing\Feature\HelpersTest" file="Helpers (Hyde\Framework\Testing\Feature\Helpers)" tests="43" assertions="63" errors="0" failures="0" skipped="1" time="0.881496">
        <testcase name="Hyde function exists" file="Helpers (Hyde\Framework\Testing\Feature\Helpers)::Hyde function exists" class="Hyde\Framework\Testing\Feature\HelpersTest" classname="Hyde.Framework.Testing.Feature.HelpersTest" assertions="1" time="0.031484"/>
        <testcase name="Hyde function returns hyde kernel class" file="Helpers (Hyde\Framework\Testing\Feature\Helpers)::Hyde function returns hyde kernel class" class="Hyde\Framework\Testing\Feature\HelpersTest" classname="Hyde.Framework.Testing.Feature.HelpersTest" assertions="1" time="0.019333"/>
        <testcase name="Can call methods on returned hyde class" file="Helpers (Hyde\Framework\Testing\Feature\Helpers)::Can call methods on returned hyde class" class="Hyde\Framework\Testing\Feature\HelpersTest" classname="Hyde.Framework.Testing.Feature.HelpersTest" assertions="1" time="0.019527"/>
        <testcase name="Unslash function exists" file="Helpers (Hyde\Framework\Testing\Feature\Helpers)::Unslash function exists" class="Hyde\Framework\Testing\Feature\HelpersTest" classname="Hyde.Framework.Testing.Feature.HelpersTest" assertions="1" time="0.019487"/>
        <testcase name="Unslash function trims trailing slashes" file="Helpers (Hyde\Framework\Testing\Feature\Helpers)::Unslash function trims trailing slashes" class="Hyde\Framework\Testing\Feature\HelpersTest" classname="Hyde.Framework.Testing.Feature.HelpersTest" assertions="14" time="0.020624"/>
        <testcase name="Asset function" file="Helpers (Hyde\Framework\Testing\Feature\Helpers)::Asset function" class="Hyde\Framework\Testing\Feature\HelpersTest" classname="Hyde.Framework.Testing.Feature.HelpersTest" assertions="2" time="0.019919"/>
        <testcase name="Asset function with qualified url" file="Helpers (Hyde\Framework\Testing\Feature\Helpers)::Asset function with qualified url" class="Hyde\Framework\Testing\Feature\HelpersTest" classname="Hyde.Framework.Testing.Feature.HelpersTest" assertions="2" time="0.020085"/>
        <testcase name="Asset function with qualified url and set base url" file="Helpers (Hyde\Framework\Testing\Feature\Helpers)::Asset function with qualified url and set base url" class="Hyde\Framework\Testing\Feature\HelpersTest" classname="Hyde.Framework.Testing.Feature.HelpersTest" assertions="1" time="0.019562"/>
        <testcase name="Asset function with external url" file="Helpers (Hyde\Framework\Testing\Feature\Helpers)::Asset function with external url" class="Hyde\Framework\Testing\Feature\HelpersTest" classname="Hyde.Framework.Testing.Feature.HelpersTest" assertions="2" time="0.019744"/>
        <testcase name="Asset function with qualified url and no base url" file="Helpers (Hyde\Framework\Testing\Feature\Helpers)::Asset function with qualified url and no base url" class="Hyde\Framework\Testing\Feature\HelpersTest" classname="Hyde.Framework.Testing.Feature.HelpersTest" assertions="1" time="0.019749"/>
        <testcase name="Asset function with qualified url and localhost base url" file="Helpers (Hyde\Framework\Testing\Feature\Helpers)::Asset function with qualified url and localhost base url" class="Hyde\Framework\Testing\Feature\HelpersTest" classname="Hyde.Framework.Testing.Feature.HelpersTest" assertions="1" time="0.020036"/>
        <testcase name="Asset function from nested page" file="Helpers (Hyde\Framework\Testing\Feature\Helpers)::Asset function from nested page" class="Hyde\Framework\Testing\Feature\HelpersTest" classname="Hyde.Framework.Testing.Feature.HelpersTest" assertions="1" time="0.019901"/>
        <testcase name="Asset function from deeply nested page" file="Helpers (Hyde\Framework\Testing\Feature\Helpers)::Asset function from deeply nested page" class="Hyde\Framework\Testing\Feature\HelpersTest" classname="Hyde.Framework.Testing.Feature.HelpersTest" assertions="1" time="0.019966"/>
        <testcase name="Asset function with custom media directory" file="Helpers (Hyde\Framework\Testing\Feature\Helpers)::Asset function with custom media directory" class="Hyde\Framework\Testing\Feature\HelpersTest" classname="Hyde.Framework.Testing.Feature.HelpersTest" assertions="1" time="0.019872"/>
        <testcase name="Route function" file="Helpers (Hyde\Framework\Testing\Feature\Helpers)::Route function" class="Hyde\Framework\Testing\Feature\HelpersTest" classname="Hyde.Framework.Testing.Feature.HelpersTest" assertions="2" time="0.023393"/>
        <testcase name="Route function with invalid route" file="Helpers (Hyde\Framework\Testing\Feature\Helpers)::Route function with invalid route" class="Hyde\Framework\Testing\Feature\HelpersTest" classname="Hyde.Framework.Testing.Feature.HelpersTest" assertions="1" time="0.022895"/>
        <testcase name="Route function returns null for non existent route" file="Helpers (Hyde\Framework\Testing\Feature\Helpers)::Route function returns null for non existent route" class="Hyde\Framework\Testing\Feature\HelpersTest" classname="Hyde.Framework.Testing.Feature.HelpersTest" assertions="1" time="0.022964"/>
        <testcase name="Url function" file="Helpers (Hyde\Framework\Testing\Feature\Helpers)::Url function" class="Hyde\Framework\Testing\Feature\HelpersTest" classname="Hyde.Framework.Testing.Feature.HelpersTest" assertions="1" time="0.019772"/>
        <testcase name="Url function with base url" file="Helpers (Hyde\Framework\Testing\Feature\Helpers)::Url function with base url" class="Hyde\Framework\Testing\Feature\HelpersTest" classname="Hyde.Framework.Testing.Feature.HelpersTest" assertions="1" time="0.019863"/>
        <testcase name="Url function with localhost base url" file="Helpers (Hyde\Framework\Testing\Feature\Helpers)::Url function with localhost base url" class="Hyde\Framework\Testing\Feature\HelpersTest" classname="Hyde.Framework.Testing.Feature.HelpersTest" assertions="1" time="0.019747"/>
        <testcase name="Url function without base url" file="Helpers (Hyde\Framework\Testing\Feature\Helpers)::Url function without base url" class="Hyde\Framework\Testing\Feature\HelpersTest" classname="Hyde.Framework.Testing.Feature.HelpersTest" assertions="1" time="0.019644"/>
        <testcase name="Url function without base url or path" file="Helpers (Hyde\Framework\Testing\Feature\Helpers)::Url function without base url or path" class="Hyde\Framework\Testing\Feature\HelpersTest" classname="Hyde.Framework.Testing.Feature.HelpersTest" assertions="1" time="0.019603"/>
        <testcase name="Url function with localhost base url but no path" file="Helpers (Hyde\Framework\Testing\Feature\Helpers)::Url function with localhost base url but no path" class="Hyde\Framework\Testing\Feature\HelpersTest" classname="Hyde.Framework.Testing.Feature.HelpersTest" assertions="1" time="0.019621"/>
        <testcase name="Url function with already qualified url" file="Helpers (Hyde\Framework\Testing\Feature\Helpers)::Url function with already qualified url" class="Hyde\Framework\Testing\Feature\HelpersTest" classname="Hyde.Framework.Testing.Feature.HelpersTest" assertions="0" time="0.019467">
          <skipped/>
        </testcase>
        <testcase name="Hyde function exists in hyde namespace" file="Helpers (Hyde\Framework\Testing\Feature\Helpers)::Hyde function exists in hyde namespace" class="Hyde\Framework\Testing\Feature\HelpersTest" classname="Hyde.Framework.Testing.Feature.HelpersTest" assertions="1" time="0.019539"/>
        <testcase name="Namespaced hyde function" file="Helpers (Hyde\Framework\Testing\Feature\Helpers)::Namespaced hyde function" class="Hyde\Framework\Testing\Feature\HelpersTest" classname="Hyde.Framework.Testing.Feature.HelpersTest" assertions="1" time="0.019521"/>
        <testcase name="Unslash function exists in hyde namespace" file="Helpers (Hyde\Framework\Testing\Feature\Helpers)::Unslash function exists in hyde namespace" class="Hyde\Framework\Testing\Feature\HelpersTest" classname="Hyde.Framework.Testing.Feature.HelpersTest" assertions="1" time="0.032597"/>
        <testcase name="Namespaced unslash function" file="Helpers (Hyde\Framework\Testing\Feature\Helpers)::Namespaced unslash function" class="Hyde\Framework\Testing\Feature\HelpersTest" classname="Hyde.Framework.Testing.Feature.HelpersTest" assertions="1" time="0.019523"/>
        <testcase name="Unixsum function" file="Helpers (Hyde\Framework\Testing\Feature\Helpers)::Unixsum function" class="Hyde\Framework\Testing\Feature\HelpersTest" classname="Hyde.Framework.Testing.Feature.HelpersTest" assertions="2" time="0.019514"/>
        <testcase name="Unixsum file function" file="Helpers (Hyde\Framework\Testing\Feature\Helpers)::Unixsum file function" class="Hyde\Framework\Testing\Feature\HelpersTest" classname="Hyde.Framework.Testing.Feature.HelpersTest" assertions="2" time="0.020658"/>
        <testcase name="Hyde make title function" file="Helpers (Hyde\Framework\Testing\Feature\Helpers)::Hyde make title function" class="Hyde\Framework\Testing\Feature\HelpersTest" classname="Hyde.Framework.Testing.Feature.HelpersTest" assertions="1" time="0.019614"/>
        <testcase name="Hyde normalize newlines function" file="Helpers (Hyde\Framework\Testing\Feature\Helpers)::Hyde normalize newlines function" class="Hyde\Framework\Testing\Feature\HelpersTest" classname="Hyde.Framework.Testing.Feature.HelpersTest" assertions="1" time="0.019447"/>
        <testcase name="Hyde strip newlines function" file="Helpers (Hyde\Framework\Testing\Feature\Helpers)::Hyde strip newlines function" class="Hyde\Framework\Testing\Feature\HelpersTest" classname="Hyde.Framework.Testing.Feature.HelpersTest" assertions="1" time="0.019564"/>
        <testcase name="Hyde trim slashes function" file="Helpers (Hyde\Framework\Testing\Feature\Helpers)::Hyde trim slashes function" class="Hyde\Framework\Testing\Feature\HelpersTest" classname="Hyde.Framework.Testing.Feature.HelpersTest" assertions="1" time="0.019543"/>
        <testcase name="Hyde evaluate arrayable function" file="Helpers (Hyde\Framework\Testing\Feature\Helpers)::Hyde evaluate arrayable function" class="Hyde\Framework\Testing\Feature\HelpersTest" classname="Hyde.Framework.Testing.Feature.HelpersTest" assertions="2" time="0.019643"/>
        <testcase name="Hyde yaml encode function" file="Helpers (Hyde\Framework\Testing\Feature\Helpers)::Hyde yaml encode function" class="Hyde\Framework\Testing\Feature\HelpersTest" classname="Hyde.Framework.Testing.Feature.HelpersTest" assertions="1" time="0.019446"/>
        <testcase name="Hyde yaml encode function encodes arrayables" file="Helpers (Hyde\Framework\Testing\Feature\Helpers)::Hyde yaml encode function encodes arrayables" class="Hyde\Framework\Testing\Feature\HelpersTest" classname="Hyde.Framework.Testing.Feature.HelpersTest" assertions="1" time="0.019500"/>
        <testcase name="Hyde yaml encode function accepts parameters" file="Helpers (Hyde\Framework\Testing\Feature\Helpers)::Hyde yaml encode function accepts parameters" class="Hyde\Framework\Testing\Feature\HelpersTest" classname="Hyde.Framework.Testing.Feature.HelpersTest" assertions="1" time="0.019455"/>
        <testcase name="Hyde yaml decode function" file="Helpers (Hyde\Framework\Testing\Feature\Helpers)::Hyde yaml decode function" class="Hyde\Framework\Testing\Feature\HelpersTest" classname="Hyde.Framework.Testing.Feature.HelpersTest" assertions="1" time="0.019543"/>
        <testcase name="Hyde yaml decode function accepts parameters" file="Helpers (Hyde\Framework\Testing\Feature\Helpers)::Hyde yaml decode function accepts parameters" class="Hyde\Framework\Testing\Feature\HelpersTest" classname="Hyde.Framework.Testing.Feature.HelpersTest" assertions="1" time="0.019673"/>
        <testcase name="Hyde path join function" file="Helpers (Hyde\Framework\Testing\Feature\Helpers)::Hyde path join function" class="Hyde\Framework\Testing\Feature\HelpersTest" classname="Hyde.Framework.Testing.Feature.HelpersTest" assertions="1" time="0.019380"/>
        <testcase name="Hyde path join function with multiple paths" file="Helpers (Hyde\Framework\Testing\Feature\Helpers)::Hyde path join function with multiple paths" class="Hyde\Framework\Testing\Feature\HelpersTest" classname="Hyde.Framework.Testing.Feature.HelpersTest" assertions="1" time="0.019558"/>
        <testcase name="Hyde normalize slashes function" file="Helpers (Hyde\Framework\Testing\Feature\Helpers)::Hyde normalize slashes function" class="Hyde\Framework\Testing\Feature\HelpersTest" classname="Hyde.Framework.Testing.Feature.HelpersTest" assertions="2" time="0.019518"/>
      </testsuite>
      <testsuite name="Hyde\Framework\Testing\Feature\HydeCoreExtensionTest" file="Hyde Core Extension (Hyde\Framework\Testing\Feature\HydeCoreExtension)" tests="4" assertions="4" errors="0" failures="0" skipped="0" time="0.062937">
        <testcase name="Class extends extension class" file="Hyde Core Extension (Hyde\Framework\Testing\Feature\HydeCoreExtension)::Class extends extension class" class="Hyde\Framework\Testing\Feature\HydeCoreExtensionTest" classname="Hyde.Framework.Testing.Feature.HydeCoreExtensionTest" assertions="1" time="0.056194"/>
        <testcase name="Class is registered" file="Hyde Core Extension (Hyde\Framework\Testing\Feature\HydeCoreExtension)::Class is registered" class="Hyde\Framework\Testing\Feature\HydeCoreExtensionTest" classname="Hyde.Framework.Testing.Feature.HydeCoreExtensionTest" assertions="1" time="0.002046"/>
        <testcase name="Get page classes" file="Hyde Core Extension (Hyde\Framework\Testing\Feature\HydeCoreExtension)::Get page classes" class="Hyde\Framework\Testing\Feature\HydeCoreExtensionTest" classname="Hyde.Framework.Testing.Feature.HydeCoreExtensionTest" assertions="1" time="0.002334"/>
        <testcase name="Get page classes does not include classes for disabled features" file="Hyde Core Extension (Hyde\Framework\Testing\Feature\HydeCoreExtension)::Get page classes does not include classes for disabled features" class="Hyde\Framework\Testing\Feature\HydeCoreExtensionTest" classname="Hyde.Framework.Testing.Feature.HydeCoreExtensionTest" assertions="1" time="0.002363"/>
      </testsuite>
      <testsuite name="Hyde\Framework\Testing\Feature\HydeExtensionFeatureTest" file="Hyde Extension Feature (Hyde\Framework\Testing\Feature\HydeExtensionFeature)" tests="9" assertions="15" errors="0" failures="0" skipped="0" time="0.235365">
        <testcase name="Handler methods are called by discovery" file="Hyde Extension Feature (Hyde\Framework\Testing\Feature\HydeExtensionFeature)::Handler methods are called by discovery" class="Hyde\Framework\Testing\Feature\HydeExtensionFeatureTest" classname="Hyde.Framework.Testing.Feature.HydeExtensionFeatureTest" assertions="2" time="0.028645"/>
        <testcase name="File handler dependency injection" file="Hyde Extension Feature (Hyde\Framework\Testing\Feature\HydeExtensionFeature)::File handler dependency injection" class="Hyde\Framework\Testing\Feature\HydeExtensionFeatureTest" classname="Hyde.Framework.Testing.Feature.HydeExtensionFeatureTest" assertions="1" time="0.023052"/>
        <testcase name="Page handler dependency injection" file="Hyde Extension Feature (Hyde\Framework\Testing\Feature\HydeExtensionFeature)::Page handler dependency injection" class="Hyde\Framework\Testing\Feature\HydeExtensionFeatureTest" classname="Hyde.Framework.Testing.Feature.HydeExtensionFeatureTest" assertions="1" time="0.022988"/>
        <testcase name="Route handler dependency injection" file="Hyde Extension Feature (Hyde\Framework\Testing\Feature\HydeExtensionFeature)::Route handler dependency injection" class="Hyde\Framework\Testing\Feature\HydeExtensionFeatureTest" classname="Hyde.Framework.Testing.Feature.HydeExtensionFeatureTest" assertions="1" time="0.023090"/>
        <testcase name="Register extension method throws exception when kernel is already booted" file="Hyde Extension Feature (Hyde\Framework\Testing\Feature\HydeExtensionFeature)::Register extension method throws exception when kernel is already booted" class="Hyde\Framework\Testing\Feature\HydeExtensionFeatureTest" classname="Hyde.Framework.Testing.Feature.HydeExtensionFeatureTest" assertions="2" time="0.023417"/>
        <testcase name="Register extension method only accepts instances of hyde extension" file="Hyde Extension Feature (Hyde\Framework\Testing\Feature\HydeExtensionFeature)::Register extension method only accepts instances of hyde extension" class="Hyde\Framework\Testing\Feature\HydeExtensionFeatureTest" classname="Hyde.Framework.Testing.Feature.HydeExtensionFeatureTest" assertions="2" time="0.019793"/>
        <testcase name="Custom registered pages are discovered by the file collection class" file="Hyde Extension Feature (Hyde\Framework\Testing\Feature\HydeExtensionFeature)::Custom registered pages are discovered by the file collection class" class="Hyde\Framework\Testing\Feature\HydeExtensionFeatureTest" classname="Hyde.Framework.Testing.Feature.HydeExtensionFeatureTest" assertions="2" time="0.025891"/>
        <testcase name="Custom registered pages are discovered by the page collection class" file="Hyde Extension Feature (Hyde\Framework\Testing\Feature\HydeExtensionFeature)::Custom registered pages are discovered by the page collection class" class="Hyde\Framework\Testing\Feature\HydeExtensionFeatureTest" classname="Hyde.Framework.Testing.Feature.HydeExtensionFeatureTest" assertions="2" time="0.029033"/>
        <testcase name="Custom registered pages are discovered by the route collection class" file="Hyde Extension Feature (Hyde\Framework\Testing\Feature\HydeExtensionFeature)::Custom registered pages are discovered by the route collection class" class="Hyde\Framework\Testing\Feature\HydeExtensionFeatureTest" classname="Hyde.Framework.Testing.Feature.HydeExtensionFeatureTest" assertions="2" time="0.039457"/>
      </testsuite>
      <testsuite name="Hyde\Framework\Testing\Feature\HydeKernelTest" file="Hyde Kernel (Hyde\Framework\Testing\Feature\HydeKernel)" tests="68" assertions="113" errors="0" failures="0" skipped="2" time="1.444185">
        <testcase name="Kernel singleton can be accessed by service container" file="Hyde Kernel (Hyde\Framework\Testing\Feature\HydeKernel)::Kernel singleton can be accessed by service container" class="Hyde\Framework\Testing\Feature\HydeKernelTest" classname="Hyde.Framework.Testing.Feature.HydeKernelTest" assertions="1" time="0.031670"/>
        <testcase name="Kernel singleton can be accessed by kernel static method" file="Hyde Kernel (Hyde\Framework\Testing\Feature\HydeKernel)::Kernel singleton can be accessed by kernel static method" class="Hyde\Framework\Testing\Feature\HydeKernelTest" classname="Hyde.Framework.Testing.Feature.HydeKernelTest" assertions="1" time="0.019619"/>
        <testcase name="Kernel singleton can be accessed by hyde facade method" file="Hyde Kernel (Hyde\Framework\Testing\Feature\HydeKernel)::Kernel singleton can be accessed by hyde facade method" class="Hyde\Framework\Testing\Feature\HydeKernelTest" classname="Hyde.Framework.Testing.Feature.HydeKernelTest" assertions="1" time="0.019606"/>
        <testcase name="Kernel singleton can be accessed by helper function" file="Hyde Kernel (Hyde\Framework\Testing\Feature\HydeKernel)::Kernel singleton can be accessed by helper function" class="Hyde\Framework\Testing\Feature\HydeKernelTest" classname="Hyde.Framework.Testing.Feature.HydeKernelTest" assertions="1" time="0.019649"/>
        <testcase name="Hyde facade version method returns kernel version" file="Hyde Kernel (Hyde\Framework\Testing\Feature\HydeKernel)::Hyde facade version method returns kernel version" class="Hyde\Framework\Testing\Feature\HydeKernelTest" classname="Hyde.Framework.Testing.Feature.HydeKernelTest" assertions="1" time="0.019610"/>
        <testcase name="Hyde facade get facade root method returns kernel singleton" file="Hyde Kernel (Hyde\Framework\Testing\Feature\HydeKernel)::Hyde facade get facade root method returns kernel singleton" class="Hyde\Framework\Testing\Feature\HydeKernelTest" classname="Hyde.Framework.Testing.Feature.HydeKernelTest" assertions="3" time="0.019816"/>
        <testcase name="Features helper returns new features instance" file="Hyde Kernel (Hyde\Framework\Testing\Feature\HydeKernel)::Features helper returns new features instance" class="Hyde\Framework\Testing\Feature\HydeKernelTest" classname="Hyde.Framework.Testing.Feature.HydeKernelTest" assertions="1" time="0.023383"/>
        <testcase name="Has feature helper calls method on features class" file="Hyde Kernel (Hyde\Framework\Testing\Feature\HydeKernel)::Has feature helper calls method on features class" class="Hyde\Framework\Testing\Feature\HydeKernelTest" classname="Hyde.Framework.Testing.Feature.HydeKernelTest" assertions="2" time="0.020190"/>
        <testcase name="Current page helper returns current page name" file="Hyde Kernel (Hyde\Framework\Testing\Feature\HydeKernel)::Current page helper returns current page name" class="Hyde\Framework\Testing\Feature\HydeKernelTest" classname="Hyde.Framework.Testing.Feature.HydeKernelTest" assertions="1" time="0.020088"/>
        <testcase name="Current route helper returns current route object" file="Hyde Kernel (Hyde\Framework\Testing\Feature\HydeKernel)::Current route helper returns current route object" class="Hyde\Framework\Testing\Feature\HydeKernelTest" classname="Hyde.Framework.Testing.Feature.HydeKernelTest" assertions="2" time="0.021005"/>
        <testcase name="Current page helper returns current page object" file="Hyde Kernel (Hyde\Framework\Testing\Feature\HydeKernel)::Current page helper returns current page object" class="Hyde\Framework\Testing\Feature\HydeKernelTest" classname="Hyde.Framework.Testing.Feature.HydeKernelTest" assertions="2" time="0.021018"/>
        <testcase name="Make title helper returns title from page slug" file="Hyde Kernel (Hyde\Framework\Testing\Feature\HydeKernel)::Make title helper returns title from page slug" class="Hyde\Framework\Testing\Feature\HydeKernelTest" classname="Hyde.Framework.Testing.Feature.HydeKernelTest" assertions="1" time="0.019619"/>
        <testcase name="Normalize newlines replaces carriage returns with unix endings" file="Hyde Kernel (Hyde\Framework\Testing\Feature\HydeKernel)::Normalize newlines replaces carriage returns with unix endings" class="Hyde\Framework\Testing\Feature\HydeKernelTest" classname="Hyde.Framework.Testing.Feature.HydeKernelTest" assertions="1" time="0.019628"/>
        <testcase name="Strip newlines helper removes all newlines" file="Hyde Kernel (Hyde\Framework\Testing\Feature\HydeKernel)::Strip newlines helper removes all newlines" class="Hyde\Framework\Testing\Feature\HydeKernelTest" classname="Hyde.Framework.Testing.Feature.HydeKernelTest" assertions="1" time="0.019756"/>
        <testcase name="Trim slashes function trims trailing slashes" file="Hyde Kernel (Hyde\Framework\Testing\Feature\HydeKernel)::Trim slashes function trims trailing slashes" class="Hyde\Framework\Testing\Feature\HydeKernelTest" classname="Hyde.Framework.Testing.Feature.HydeKernelTest" assertions="14" time="0.021024"/>
        <testcase name="Markdown helper converts markdown to html" file="Hyde Kernel (Hyde\Framework\Testing\Feature\HydeKernel)::Markdown helper converts markdown to html" class="Hyde\Framework\Testing\Feature\HydeKernelTest" classname="Hyde.Framework.Testing.Feature.HydeKernelTest" assertions="1" time="0.020730"/>
        <testcase name="Markdown helper converts indented markdown to html" file="Hyde Kernel (Hyde\Framework\Testing\Feature\HydeKernel)::Markdown helper converts indented markdown to html" class="Hyde\Framework\Testing\Feature\HydeKernelTest" classname="Hyde.Framework.Testing.Feature.HydeKernelTest" assertions="1" time="0.020686"/>
        <testcase name="Format html path helper formats path according to config rules" file="Hyde Kernel (Hyde\Framework\Testing\Feature\HydeKernel)::Format html path helper formats path according to config rules" class="Hyde\Framework\Testing\Feature\HydeKernelTest" classname="Hyde.Framework.Testing.Feature.HydeKernelTest" assertions="4" time="0.020021"/>
        <testcase name="Relative link helper returns relative link to destination" file="Hyde Kernel (Hyde\Framework\Testing\Feature\HydeKernel)::Relative link helper returns relative link to destination" class="Hyde\Framework\Testing\Feature\HydeKernelTest" classname="Hyde.Framework.Testing.Feature.HydeKernelTest" assertions="2" time="0.020320"/>
        <testcase name="Media link helper returns relative link to destination" file="Hyde Kernel (Hyde\Framework\Testing\Feature\HydeKernel)::Media link helper returns relative link to destination" class="Hyde\Framework\Testing\Feature\HydeKernelTest" classname="Hyde.Framework.Testing.Feature.HydeKernelTest" assertions="2" time="0.020334"/>
        <testcase name="Image helper returns image path for given name" file="Hyde Kernel (Hyde\Framework\Testing\Feature\HydeKernel)::Image helper returns image path for given name" class="Hyde\Framework\Testing\Feature\HydeKernelTest" classname="Hyde.Framework.Testing.Feature.HydeKernelTest" assertions="4" time="0.020549"/>
        <testcase name="Image helper trims media prefix" file="Hyde Kernel (Hyde\Framework\Testing\Feature\HydeKernel)::Image helper trims media prefix" class="Hyde\Framework\Testing\Feature\HydeKernelTest" classname="Hyde.Framework.Testing.Feature.HydeKernelTest" assertions="1" time="0.019857"/>
        <testcase name="Image helper supports custom media directories" file="Hyde Kernel (Hyde\Framework\Testing\Feature\HydeKernel)::Image helper supports custom media directories" class="Hyde\Framework\Testing\Feature\HydeKernelTest" classname="Hyde.Framework.Testing.Feature.HydeKernelTest" assertions="1" time="0.019864"/>
        <testcase name="Route helper" file="Hyde Kernel (Hyde\Framework\Testing\Feature\HydeKernel)::Route helper" class="Hyde\Framework\Testing\Feature\HydeKernelTest" classname="Hyde.Framework.Testing.Feature.HydeKernelTest" assertions="2" time="0.023396"/>
        <testcase name="Route helper with invalid route" file="Hyde Kernel (Hyde\Framework\Testing\Feature\HydeKernel)::Route helper with invalid route" class="Hyde\Framework\Testing\Feature\HydeKernelTest" classname="Hyde.Framework.Testing.Feature.HydeKernelTest" assertions="1" time="0.023012"/>
        <testcase name="Has site url helper returns boolean value for when config setting is set" file="Hyde Kernel (Hyde\Framework\Testing\Feature\HydeKernel)::Has site url helper returns boolean value for when config setting is set" class="Hyde\Framework\Testing\Feature\HydeKernelTest" classname="Hyde.Framework.Testing.Feature.HydeKernelTest" assertions="2" time="0.019573"/>
        <testcase name="Url returns qualified url paths" file="Hyde Kernel (Hyde\Framework\Testing\Feature\HydeKernel)::Url returns qualified url paths" class="Hyde\Framework\Testing\Feature\HydeKernelTest" classname="Hyde.Framework.Testing.Feature.HydeKernelTest" assertions="6" time="0.020411"/>
        <testcase name="Filesystem helper returns the kernel filesystem instance" file="Hyde Kernel (Hyde\Framework\Testing\Feature\HydeKernel)::Filesystem helper returns the kernel filesystem instance" class="Hyde\Framework\Testing\Feature\HydeKernelTest" classname="Hyde.Framework.Testing.Feature.HydeKernelTest" assertions="1" time="0.019987"/>
        <testcase name="Path returns qualified path for given path" file="Hyde Kernel (Hyde\Framework\Testing\Feature\HydeKernel)::Path returns qualified path for given path" class="Hyde\Framework\Testing\Feature\HydeKernelTest" classname="Hyde.Framework.Testing.Feature.HydeKernelTest" assertions="2" time="0.032624"/>
        <testcase name="Vendor path returns qualified path for given path" file="Hyde Kernel (Hyde\Framework\Testing\Feature\HydeKernel)::Vendor path returns qualified path for given path" class="Hyde\Framework\Testing\Feature\HydeKernelTest" classname="Hyde.Framework.Testing.Feature.HydeKernelTest" assertions="2" time="0.020059"/>
        <testcase name="Fluent model source path helpers" file="Hyde Kernel (Hyde\Framework\Testing\Feature\HydeKernel)::Fluent model source path helpers" class="Hyde\Framework\Testing\Feature\HydeKernelTest" classname="Hyde.Framework.Testing.Feature.HydeKernelTest" assertions="7" time="0.020728"/>
        <testcase name="Path to relative helper returns relative path for given path" file="Hyde Kernel (Hyde\Framework\Testing\Feature\HydeKernel)::Path to relative helper returns relative path for given path" class="Hyde\Framework\Testing\Feature\HydeKernelTest" classname="Hyde.Framework.Testing.Feature.HydeKernelTest" assertions="1" time="0.019690"/>
        <testcase name="To array method" file="Hyde Kernel (Hyde\Framework\Testing\Feature\HydeKernel)::To array method" class="Hyde\Framework\Testing\Feature\HydeKernelTest" classname="Hyde.Framework.Testing.Feature.HydeKernelTest" assertions="1" time="0.023871"/>
        <testcase name="Json serialize method" file="Hyde Kernel (Hyde\Framework\Testing\Feature\HydeKernel)::Json serialize method" class="Hyde\Framework\Testing\Feature\HydeKernelTest" classname="Hyde.Framework.Testing.Feature.HydeKernelTest" assertions="1" time="0.024501"/>
        <testcase name="To json method" file="Hyde Kernel (Hyde\Framework\Testing\Feature\HydeKernel)::To json method" class="Hyde\Framework\Testing\Feature\HydeKernelTest" classname="Hyde.Framework.Testing.Feature.HydeKernelTest" assertions="1" time="0.024537"/>
        <testcase name="Version constant is a valid semver string" file="Hyde Kernel (Hyde\Framework\Testing\Feature\HydeKernel)::Version constant is a valid semver string" class="Hyde\Framework\Testing\Feature\HydeKernelTest" classname="Hyde.Framework.Testing.Feature.HydeKernelTest" assertions="1" time="0.019427"/>
        <testcase name="Version constant is up to date with composer" file="Hyde Kernel (Hyde\Framework\Testing\Feature\HydeKernel)::Version constant is up to date with composer" class="Hyde\Framework\Testing\Feature\HydeKernelTest" classname="Hyde.Framework.Testing.Feature.HydeKernelTest" assertions="0" time="0.019285">
          <skipped/>
        </testcase>
        <testcase name="Version constant is up to date with git" file="Hyde Kernel (Hyde\Framework\Testing\Feature\HydeKernel)::Version constant is up to date with git" class="Hyde\Framework\Testing\Feature\HydeKernelTest" classname="Hyde.Framework.Testing.Feature.HydeKernelTest" assertions="0" time="0.021898">
          <skipped/>
        </testcase>
        <testcase name="Version method returns version constant" file="Hyde Kernel (Hyde\Framework\Testing\Feature\HydeKernel)::Version method returns version constant" class="Hyde\Framework\Testing\Feature\HydeKernelTest" classname="Hyde.Framework.Testing.Feature.HydeKernelTest" assertions="1" time="0.019793"/>
        <testcase name="Can get source root" file="Hyde Kernel (Hyde\Framework\Testing\Feature\HydeKernel)::Can get source root" class="Hyde\Framework\Testing\Feature\HydeKernelTest" classname="Hyde.Framework.Testing.Feature.HydeKernelTest" assertions="1" time="0.019409"/>
        <testcase name="Can set source root" file="Hyde Kernel (Hyde\Framework\Testing\Feature\HydeKernel)::Can set source root" class="Hyde\Framework\Testing\Feature\HydeKernelTest" classname="Hyde.Framework.Testing.Feature.HydeKernelTest" assertions="1" time="0.019385"/>
        <testcase name="Can set source root to absolute project path" file="Hyde Kernel (Hyde\Framework\Testing\Feature\HydeKernel)::Can set source root to absolute project path" class="Hyde\Framework\Testing\Feature\HydeKernelTest" classname="Hyde.Framework.Testing.Feature.HydeKernelTest" assertions="1" time="0.019516"/>
        <testcase name="Set source root trims trailing slashes" file="Hyde Kernel (Hyde\Framework\Testing\Feature\HydeKernel)::Set source root trims trailing slashes" class="Hyde\Framework\Testing\Feature\HydeKernelTest" classname="Hyde.Framework.Testing.Feature.HydeKernelTest" assertions="1" time="0.019470"/>
        <testcase name="Can get output directory" file="Hyde Kernel (Hyde\Framework\Testing\Feature\HydeKernel)::Can get output directory" class="Hyde\Framework\Testing\Feature\HydeKernelTest" classname="Hyde.Framework.Testing.Feature.HydeKernelTest" assertions="1" time="0.019363"/>
        <testcase name="Can set output directory" file="Hyde Kernel (Hyde\Framework\Testing\Feature\HydeKernel)::Can set output directory" class="Hyde\Framework\Testing\Feature\HydeKernelTest" classname="Hyde.Framework.Testing.Feature.HydeKernelTest" assertions="2" time="0.020434"/>
        <testcase name="Can set output directory to absolute project path" file="Hyde Kernel (Hyde\Framework\Testing\Feature\HydeKernel)::Can set output directory to absolute project path" class="Hyde\Framework\Testing\Feature\HydeKernelTest" classname="Hyde.Framework.Testing.Feature.HydeKernelTest" assertions="2" time="0.019567"/>
        <testcase name="Set output directory trims trailing slashes" file="Hyde Kernel (Hyde\Framework\Testing\Feature\HydeKernel)::Set output directory trims trailing slashes" class="Hyde\Framework\Testing\Feature\HydeKernelTest" classname="Hyde.Framework.Testing.Feature.HydeKernelTest" assertions="1" time="0.019341"/>
        <testcase name="Can get media directory" file="Hyde Kernel (Hyde\Framework\Testing\Feature\HydeKernel)::Can get media directory" class="Hyde\Framework\Testing\Feature\HydeKernelTest" classname="Hyde.Framework.Testing.Feature.HydeKernelTest" assertions="1" time="0.019310"/>
        <testcase name="Can set media directory" file="Hyde Kernel (Hyde\Framework\Testing\Feature\HydeKernel)::Can set media directory" class="Hyde\Framework\Testing\Feature\HydeKernelTest" classname="Hyde.Framework.Testing.Feature.HydeKernelTest" assertions="1" time="0.019970"/>
        <testcase name="Set media directory trims trailing slashes" file="Hyde Kernel (Hyde\Framework\Testing\Feature\HydeKernel)::Set media directory trims trailing slashes" class="Hyde\Framework\Testing\Feature\HydeKernelTest" classname="Hyde.Framework.Testing.Feature.HydeKernelTest" assertions="1" time="0.019400"/>
        <testcase name="Can get media output directory name" file="Hyde Kernel (Hyde\Framework\Testing\Feature\HydeKernel)::Can get media output directory name" class="Hyde\Framework\Testing\Feature\HydeKernelTest" classname="Hyde.Framework.Testing.Feature.HydeKernelTest" assertions="1" time="0.019404"/>
        <testcase name="Get media output directory name uses trimmed version of media source directory" file="Hyde Kernel (Hyde\Framework\Testing\Feature\HydeKernel)::Get media output directory name uses trimmed version of media source directory" class="Hyde\Framework\Testing\Feature\HydeKernelTest" classname="Hyde.Framework.Testing.Feature.HydeKernelTest" assertions="1" time="0.019593"/>
        <testcase name="Can get site media output directory" file="Hyde Kernel (Hyde\Framework\Testing\Feature\HydeKernel)::Can get site media output directory" class="Hyde\Framework\Testing\Feature\HydeKernelTest" classname="Hyde.Framework.Testing.Feature.HydeKernelTest" assertions="1" time="0.022466"/>
        <testcase name="Get site media output directory uses trimmed version of media source directory" file="Hyde Kernel (Hyde\Framework\Testing\Feature\HydeKernel)::Get site media output directory uses trimmed version of media source directory" class="Hyde\Framework\Testing\Feature\HydeKernelTest" classname="Hyde.Framework.Testing.Feature.HydeKernelTest" assertions="1" time="0.019803"/>
        <testcase name="Get site media output directory uses configured site output directory" file="Hyde Kernel (Hyde\Framework\Testing\Feature\HydeKernel)::Get site media output directory uses configured site output directory" class="Hyde\Framework\Testing\Feature\HydeKernelTest" classname="Hyde.Framework.Testing.Feature.HydeKernelTest" assertions="1" time="0.019769"/>
        <testcase name="Media output directory can be changed in configuration" file="Hyde Kernel (Hyde\Framework\Testing\Feature\HydeKernel)::Media output directory can be changed in configuration" class="Hyde\Framework\Testing\Feature\HydeKernelTest" classname="Hyde.Framework.Testing.Feature.HydeKernelTest" assertions="2" time="0.020408"/>
        <testcase name="Can access kernel fluently using the facade" file="Hyde Kernel (Hyde\Framework\Testing\Feature\HydeKernel)::Can access kernel fluently using the facade" class="Hyde\Framework\Testing\Feature\HydeKernelTest" classname="Hyde.Framework.Testing.Feature.HydeKernelTest" assertions="2" time="0.019554"/>
        <testcase name="Can access kernel symbols fluently using the facade" file="Hyde Kernel (Hyde\Framework\Testing\Feature\HydeKernel)::Can access kernel symbols fluently using the facade" class="Hyde\Framework\Testing\Feature\HydeKernelTest" classname="Hyde.Framework.Testing.Feature.HydeKernelTest" assertions="1" time="0.019557"/>
        <testcase name="Can register booting callback closure" file="Hyde Kernel (Hyde\Framework\Testing\Feature\HydeKernel)::Can register booting callback closure" class="Hyde\Framework\Testing\Feature\HydeKernelTest" classname="Hyde.Framework.Testing.Feature.HydeKernelTest" assertions="1" time="0.022810"/>
        <testcase name="Can register booted callback closure" file="Hyde Kernel (Hyde\Framework\Testing\Feature\HydeKernel)::Can register booted callback closure" class="Hyde\Framework\Testing\Feature\HydeKernelTest" classname="Hyde.Framework.Testing.Feature.HydeKernelTest" assertions="1" time="0.022465"/>
        <testcase name="Can register booting callback callable" file="Hyde Kernel (Hyde\Framework\Testing\Feature\HydeKernel)::Can register booting callback callable" class="Hyde\Framework\Testing\Feature\HydeKernelTest" classname="Hyde.Framework.Testing.Feature.HydeKernelTest" assertions="1" time="0.022606"/>
        <testcase name="Can register booted callback callable" file="Hyde Kernel (Hyde\Framework\Testing\Feature\HydeKernel)::Can register booted callback callable" class="Hyde\Framework\Testing\Feature\HydeKernelTest" classname="Hyde.Framework.Testing.Feature.HydeKernelTest" assertions="1" time="0.022429"/>
        <testcase name="Booting callback receives kernel instance" file="Hyde Kernel (Hyde\Framework\Testing\Feature\HydeKernel)::Booting callback receives kernel instance" class="Hyde\Framework\Testing\Feature\HydeKernelTest" classname="Hyde.Framework.Testing.Feature.HydeKernelTest" assertions="1" time="0.022432"/>
        <testcase name="Booted callback receives kernel instance" file="Hyde Kernel (Hyde\Framework\Testing\Feature\HydeKernel)::Booted callback receives kernel instance" class="Hyde\Framework\Testing\Feature\HydeKernelTest" classname="Hyde.Framework.Testing.Feature.HydeKernelTest" assertions="1" time="0.035812"/>
        <testcase name="Can use booting callbacks to inject custom pages" file="Hyde Kernel (Hyde\Framework\Testing\Feature\HydeKernel)::Can use booting callbacks to inject custom pages" class="Hyde\Framework\Testing\Feature\HydeKernelTest" classname="Hyde.Framework.Testing.Feature.HydeKernelTest" assertions="2" time="0.023573"/>
        <testcase name="Is booted returns false when not booted" file="Hyde Kernel (Hyde\Framework\Testing\Feature\HydeKernel)::Is booted returns false when not booted" class="Hyde\Framework\Testing\Feature\HydeKernelTest" classname="Hyde.Framework.Testing.Feature.HydeKernelTest" assertions="1" time="0.019587"/>
        <testcase name="Is booted returns true when booted" file="Hyde Kernel (Hyde\Framework\Testing\Feature\HydeKernel)::Is booted returns true when booted" class="Hyde\Framework\Testing\Feature\HydeKernelTest" classname="Hyde.Framework.Testing.Feature.HydeKernelTest" assertions="1" time="0.022704"/>
        <testcase name="Is booted method on the facade" file="Hyde Kernel (Hyde\Framework\Testing\Feature\HydeKernel)::Is booted method on the facade" class="Hyde\Framework\Testing\Feature\HydeKernelTest" classname="Hyde.Framework.Testing.Feature.HydeKernelTest" assertions="2" time="0.023210"/>
      </testsuite>
      <testsuite name="Hyde\Framework\Testing\Feature\HydePageTest" file="Hyde Page (Hyde\Framework\Testing\Feature\HydePage)" tests="154" assertions="245" errors="0" failures="0" skipped="0" time="3.460019">
        <testcase name="Base source directory" file="Hyde Page (Hyde\Framework\Testing\Feature\HydePage)::Base source directory" class="Hyde\Framework\Testing\Feature\HydePageTest" classname="Hyde.Framework.Testing.Feature.HydePageTest" assertions="1" time="0.105631"/>
        <testcase name="Base output directory" file="Hyde Page (Hyde\Framework\Testing\Feature\HydePage)::Base output directory" class="Hyde\Framework\Testing\Feature\HydePageTest" classname="Hyde.Framework.Testing.Feature.HydePageTest" assertions="1" time="0.019678"/>
        <testcase name="Base file extension" file="Hyde Page (Hyde\Framework\Testing\Feature\HydePage)::Base file extension" class="Hyde\Framework\Testing\Feature\HydePageTest" classname="Hyde.Framework.Testing.Feature.HydePageTest" assertions="1" time="0.019831"/>
        <testcase name="Base source path" file="Hyde Page (Hyde\Framework\Testing\Feature\HydePage)::Base source path" class="Hyde\Framework\Testing\Feature\HydePageTest" classname="Hyde.Framework.Testing.Feature.HydePageTest" assertions="1" time="0.019715"/>
        <testcase name="Base output path" file="Hyde Page (Hyde\Framework\Testing\Feature\HydePage)::Base output path" class="Hyde\Framework\Testing\Feature\HydePageTest" classname="Hyde.Framework.Testing.Feature.HydePageTest" assertions="1" time="0.019821"/>
        <testcase name="Base path" file="Hyde Page (Hyde\Framework\Testing\Feature\HydePage)::Base path" class="Hyde\Framework\Testing\Feature\HydePageTest" classname="Hyde.Framework.Testing.Feature.HydePageTest" assertions="1" time="0.019861"/>
        <testcase name="Base path to identifier" file="Hyde Page (Hyde\Framework\Testing\Feature\HydePage)::Base path to identifier" class="Hyde\Framework\Testing\Feature\HydePageTest" classname="Hyde.Framework.Testing.Feature.HydePageTest" assertions="1" time="0.019976"/>
        <testcase name="Base base route key" file="Hyde Page (Hyde\Framework\Testing\Feature\HydePage)::Base base route key" class="Hyde\Framework\Testing\Feature\HydePageTest" classname="Hyde.Framework.Testing.Feature.HydePageTest" assertions="1" time="0.019812"/>
        <testcase name="Base is discoverable" file="Hyde Page (Hyde\Framework\Testing\Feature\HydePage)::Base is discoverable" class="Hyde\Framework\Testing\Feature\HydePageTest" classname="Hyde.Framework.Testing.Feature.HydePageTest" assertions="1" time="0.019827"/>
        <testcase name="Source directory" file="Hyde Page (Hyde\Framework\Testing\Feature\HydePage)::Source directory" class="Hyde\Framework\Testing\Feature\HydePageTest" classname="Hyde.Framework.Testing.Feature.HydePageTest" assertions="1" time="0.019841"/>
        <testcase name="Output directory" file="Hyde Page (Hyde\Framework\Testing\Feature\HydePage)::Output directory" class="Hyde\Framework\Testing\Feature\HydePageTest" classname="Hyde.Framework.Testing.Feature.HydePageTest" assertions="1" time="0.019846"/>
        <testcase name="File extension" file="Hyde Page (Hyde\Framework\Testing\Feature\HydePage)::File extension" class="Hyde\Framework\Testing\Feature\HydePageTest" classname="Hyde.Framework.Testing.Feature.HydePageTest" assertions="1" time="0.019773"/>
        <testcase name="Source path" file="Hyde Page (Hyde\Framework\Testing\Feature\HydePage)::Source path" class="Hyde\Framework\Testing\Feature\HydePageTest" classname="Hyde.Framework.Testing.Feature.HydePageTest" assertions="1" time="0.019888"/>
        <testcase name="Output path" file="Hyde Page (Hyde\Framework\Testing\Feature\HydePage)::Output path" class="Hyde\Framework\Testing\Feature\HydePageTest" classname="Hyde.Framework.Testing.Feature.HydePageTest" assertions="1" time="0.019896"/>
        <testcase name="Path" file="Hyde Page (Hyde\Framework\Testing\Feature\HydePage)::Path" class="Hyde\Framework\Testing\Feature\HydePageTest" classname="Hyde.Framework.Testing.Feature.HydePageTest" assertions="1" time="0.019854"/>
        <testcase name="Base route key" file="Hyde Page (Hyde\Framework\Testing\Feature\HydePage)::Base route key" class="Hyde\Framework\Testing\Feature\HydePageTest" classname="Hyde.Framework.Testing.Feature.HydePageTest" assertions="1" time="0.020055"/>
        <testcase name="Is discoverable" file="Hyde Page (Hyde\Framework\Testing\Feature\HydePage)::Is discoverable" class="Hyde\Framework\Testing\Feature\HydePageTest" classname="Hyde.Framework.Testing.Feature.HydePageTest" assertions="1" time="0.032478"/>
        <testcase name="Get source path" file="Hyde Page (Hyde\Framework\Testing\Feature\HydePage)::Get source path" class="Hyde\Framework\Testing\Feature\HydePageTest" classname="Hyde.Framework.Testing.Feature.HydePageTest" assertions="1" time="0.021119"/>
        <testcase name="Get output path" file="Hyde Page (Hyde\Framework\Testing\Feature\HydePage)::Get output path" class="Hyde\Framework\Testing\Feature\HydePageTest" classname="Hyde.Framework.Testing.Feature.HydePageTest" assertions="1" time="0.020885"/>
        <testcase name="Get link" file="Hyde Page (Hyde\Framework\Testing\Feature\HydePage)::Get link" class="Hyde\Framework\Testing\Feature\HydePageTest" classname="Hyde.Framework.Testing.Feature.HydePageTest" assertions="1" time="0.020774"/>
        <testcase name="Make" file="Hyde Page (Hyde\Framework\Testing\Feature\HydePage)::Make" class="Hyde\Framework\Testing\Feature\HydePageTest" classname="Hyde.Framework.Testing.Feature.HydePageTest" assertions="1" time="0.021479"/>
        <testcase name="Make with data" file="Hyde Page (Hyde\Framework\Testing\Feature\HydePage)::Make with data" class="Hyde\Framework\Testing\Feature\HydePageTest" classname="Hyde.Framework.Testing.Feature.HydePageTest" assertions="1" time="0.021925"/>
        <testcase name="Show in navigation" file="Hyde Page (Hyde\Framework\Testing\Feature\HydePage)::Show in navigation" class="Hyde\Framework\Testing\Feature\HydePageTest" classname="Hyde.Framework.Testing.Feature.HydePageTest" assertions="5" time="0.022875"/>
        <testcase name="Navigation menu priority" file="Hyde Page (Hyde\Framework\Testing\Feature\HydePage)::Navigation menu priority" class="Hyde\Framework\Testing\Feature\HydePageTest" classname="Hyde.Framework.Testing.Feature.HydePageTest" assertions="5" time="0.022995"/>
        <testcase name="Navigation menu label" file="Hyde Page (Hyde\Framework\Testing\Feature\HydePage)::Navigation menu label" class="Hyde\Framework\Testing\Feature\HydePageTest" classname="Hyde.Framework.Testing.Feature.HydePageTest" assertions="5" time="0.023132"/>
        <testcase name="Navigation menu group" file="Hyde Page (Hyde\Framework\Testing\Feature\HydePage)::Navigation menu group" class="Hyde\Framework\Testing\Feature\HydePageTest" classname="Hyde.Framework.Testing.Feature.HydePageTest" assertions="6" time="0.023526"/>
        <testcase name="To array" file="Hyde Page (Hyde\Framework\Testing\Feature\HydePage)::To array" class="Hyde\Framework\Testing\Feature\HydePageTest" classname="Hyde.Framework.Testing.Feature.HydePageTest" assertions="1" time="0.021064"/>
        <testcase name="Get source directory returns static property" file="Hyde Page (Hyde\Framework\Testing\Feature\HydePage)::Get source directory returns static property" class="Hyde\Framework\Testing\Feature\HydePageTest" classname="Hyde.Framework.Testing.Feature.HydePageTest" assertions="1" time="0.019837"/>
        <testcase name="Set source directory trims trailing slashes" file="Hyde Page (Hyde\Framework\Testing\Feature\HydePage)::Set source directory trims trailing slashes" class="Hyde\Framework\Testing\Feature\HydePageTest" classname="Hyde.Framework.Testing.Feature.HydePageTest" assertions="1" time="0.020062"/>
        <testcase name="Get output directory returns static property" file="Hyde Page (Hyde\Framework\Testing\Feature\HydePage)::Get output directory returns static property" class="Hyde\Framework\Testing\Feature\HydePageTest" classname="Hyde.Framework.Testing.Feature.HydePageTest" assertions="1" time="0.019911"/>
        <testcase name="Set output directory trims trailing slashes" file="Hyde Page (Hyde\Framework\Testing\Feature\HydePage)::Set output directory trims trailing slashes" class="Hyde\Framework\Testing\Feature\HydePageTest" classname="Hyde.Framework.Testing.Feature.HydePageTest" assertions="1" time="0.019941"/>
        <testcase name="Get file extension returns static property" file="Hyde Page (Hyde\Framework\Testing\Feature\HydePage)::Get file extension returns static property" class="Hyde\Framework\Testing\Feature\HydePageTest" classname="Hyde.Framework.Testing.Feature.HydePageTest" assertions="1" time="0.020058"/>
        <testcase name="Set file extension forces leading period" file="Hyde Page (Hyde\Framework\Testing\Feature\HydePage)::Set file extension forces leading period" class="Hyde\Framework\Testing\Feature\HydePageTest" classname="Hyde.Framework.Testing.Feature.HydePageTest" assertions="1" time="0.020042"/>
        <testcase name="Set file extension removes trailing period" file="Hyde Page (Hyde\Framework\Testing\Feature\HydePage)::Set file extension removes trailing period" class="Hyde\Framework\Testing\Feature\HydePageTest" classname="Hyde.Framework.Testing.Feature.HydePageTest" assertions="1" time="0.019996"/>
        <testcase name="Get identifier returns identifier property" file="Hyde Page (Hyde\Framework\Testing\Feature\HydePage)::Get identifier returns identifier property" class="Hyde\Framework\Testing\Feature\HydePageTest" classname="Hyde.Framework.Testing.Feature.HydePageTest" assertions="1" time="0.021063"/>
        <testcase name="Set source directory" file="Hyde Page (Hyde\Framework\Testing\Feature\HydePage)::Set source directory" class="Hyde\Framework\Testing\Feature\HydePageTest" classname="Hyde.Framework.Testing.Feature.HydePageTest" assertions="1" time="0.019846"/>
        <testcase name="Set output directory" file="Hyde Page (Hyde\Framework\Testing\Feature\HydePage)::Set output directory" class="Hyde\Framework\Testing\Feature\HydePageTest" classname="Hyde.Framework.Testing.Feature.HydePageTest" assertions="1" time="0.019894"/>
        <testcase name="Set file extension" file="Hyde Page (Hyde\Framework\Testing\Feature\HydePage)::Set file extension" class="Hyde\Framework\Testing\Feature\HydePageTest" classname="Hyde.Framework.Testing.Feature.HydePageTest" assertions="1" time="0.019927"/>
        <testcase name="Static get method returns discovered page" file="Hyde Page (Hyde\Framework\Testing\Feature\HydePage)::Static get method returns discovered page" class="Hyde\Framework\Testing\Feature\HydePageTest" classname="Hyde.Framework.Testing.Feature.HydePageTest" assertions="1" time="0.025214"/>
        <testcase name="Static get method throws exception if page not found" file="Hyde Page (Hyde\Framework\Testing\Feature\HydePage)::Static get method throws exception if page not found" class="Hyde\Framework\Testing\Feature\HydePageTest" classname="Hyde.Framework.Testing.Feature.HydePageTest" assertions="1" time="0.023412"/>
        <testcase name="Parse parses supplied slug into a page model" file="Hyde Page (Hyde\Framework\Testing\Feature\HydePage)::Parse parses supplied slug into a page model" class="Hyde\Framework\Testing\Feature\HydePageTest" classname="Hyde.Framework.Testing.Feature.HydePageTest" assertions="2" time="0.021712"/>
        <testcase name="Files returns array of source files" file="Hyde Page (Hyde\Framework\Testing\Feature\HydePage)::Files returns array of source files" class="Hyde\Framework\Testing\Feature\HydePageTest" classname="Hyde.Framework.Testing.Feature.HydePageTest" assertions="1" time="0.024989"/>
        <testcase name="All returns collection of all parsed source files from page index" file="Hyde Page (Hyde\Framework\Testing\Feature\HydePage)::All returns collection of all parsed source files from page index" class="Hyde\Framework\Testing\Feature\HydePageTest" classname="Hyde.Framework.Testing.Feature.HydePageTest" assertions="2" time="0.026101"/>
        <testcase name="Qualify basename properly expands basename for the model" file="Hyde Page (Hyde\Framework\Testing\Feature\HydePage)::Qualify basename properly expands basename for the model" class="Hyde\Framework\Testing\Feature\HydePageTest" classname="Hyde.Framework.Testing.Feature.HydePageTest" assertions="1" time="0.019984"/>
        <testcase name="Qualify basename trims slashes from input" file="Hyde Page (Hyde\Framework\Testing\Feature\HydePage)::Qualify basename trims slashes from input" class="Hyde\Framework\Testing\Feature\HydePageTest" classname="Hyde.Framework.Testing.Feature.HydePageTest" assertions="1" time="0.019979"/>
        <testcase name="Qualify basename uses the static properties" file="Hyde Page (Hyde\Framework\Testing\Feature\HydePage)::Qualify basename uses the static properties" class="Hyde\Framework\Testing\Feature\HydePageTest" classname="Hyde.Framework.Testing.Feature.HydePageTest" assertions="1" time="0.020084"/>
        <testcase name="Path returns absolute path to source directory when no parameter is supplied" file="Hyde Page (Hyde\Framework\Testing\Feature\HydePage)::Path returns absolute path to source directory when no parameter is supplied" class="Hyde\Framework\Testing\Feature\HydePageTest" classname="Hyde.Framework.Testing.Feature.HydePageTest" assertions="1" time="0.020066"/>
        <testcase name="Path returns absolute path to file in source directory when parameter is supplied" file="Hyde Page (Hyde\Framework\Testing\Feature\HydePage)::Path returns absolute path to file in source directory when parameter is supplied" class="Hyde\Framework\Testing\Feature\HydePageTest" classname="Hyde.Framework.Testing.Feature.HydePageTest" assertions="1" time="0.020151"/>
        <testcase name="Path method removes trailing slashes" file="Hyde Page (Hyde\Framework\Testing\Feature\HydePage)::Path method removes trailing slashes" class="Hyde\Framework\Testing\Feature\HydePageTest" classname="Hyde.Framework.Testing.Feature.HydePageTest" assertions="1" time="0.019981"/>
        <testcase name="Get output location returns the file output path for the supplied basename" file="Hyde Page (Hyde\Framework\Testing\Feature\HydePage)::Get output location returns the file output path for the supplied basename" class="Hyde\Framework\Testing\Feature\HydePageTest" classname="Hyde.Framework.Testing.Feature.HydePageTest" assertions="1" time="0.019989"/>
        <testcase name="Get output location returns the configured location" file="Hyde Page (Hyde\Framework\Testing\Feature\HydePage)::Get output location returns the configured location" class="Hyde\Framework\Testing\Feature\HydePageTest" classname="Hyde.Framework.Testing.Feature.HydePageTest" assertions="1" time="0.032524"/>
        <testcase name="Get output location trims trailing slashes from directory setting" file="Hyde Page (Hyde\Framework\Testing\Feature\HydePage)::Get output location trims trailing slashes from directory setting" class="Hyde\Framework\Testing\Feature\HydePageTest" classname="Hyde.Framework.Testing.Feature.HydePageTest" assertions="1" time="0.020186"/>
        <testcase name="Get output location trims trailing slashes from basename" file="Hyde Page (Hyde\Framework\Testing\Feature\HydePage)::Get output location trims trailing slashes from basename" class="Hyde\Framework\Testing\Feature\HydePageTest" classname="Hyde.Framework.Testing.Feature.HydePageTest" assertions="1" time="0.019976"/>
        <testcase name="Get route key returns output directory and basename" file="Hyde Page (Hyde\Framework\Testing\Feature\HydePage)::Get route key returns output directory and basename" class="Hyde\Framework\Testing\Feature\HydePageTest" classname="Hyde.Framework.Testing.Feature.HydePageTest" assertions="1" time="0.021069"/>
        <testcase name="Get route key returns output directory and basename for configured directory" file="Hyde Page (Hyde\Framework\Testing\Feature\HydePage)::Get route key returns output directory and basename for configured directory" class="Hyde\Framework\Testing\Feature\HydePageTest" classname="Hyde.Framework.Testing.Feature.HydePageTest" assertions="1" time="0.021004"/>
        <testcase name="Get route key trims trailing slashes from directory setting" file="Hyde Page (Hyde\Framework\Testing\Feature\HydePage)::Get route key trims trailing slashes from directory setting" class="Hyde\Framework\Testing\Feature\HydePageTest" classname="Hyde.Framework.Testing.Feature.HydePageTest" assertions="1" time="0.020929"/>
        <testcase name="Get output path returns current page path with html extension appended" file="Hyde Page (Hyde\Framework\Testing\Feature\HydePage)::Get output path returns current page path with html extension appended" class="Hyde\Framework\Testing\Feature\HydePageTest" classname="Hyde.Framework.Testing.Feature.HydePageTest" assertions="1" time="0.020818"/>
        <testcase name="Get source path returns qualified basename" file="Hyde Page (Hyde\Framework\Testing\Feature\HydePage)::Get source path returns qualified basename" class="Hyde\Framework\Testing\Feature\HydePageTest" classname="Hyde.Framework.Testing.Feature.HydePageTest" assertions="1" time="0.020841"/>
        <testcase name="Markdown page implements page contract" file="Hyde Page (Hyde\Framework\Testing\Feature\HydePage)::Markdown page implements page contract" class="Hyde\Framework\Testing\Feature\HydePageTest" classname="Hyde.Framework.Testing.Feature.HydePageTest" assertions="1" time="0.020680"/>
        <testcase name="All page models extend abstract page" file="Hyde Page (Hyde\Framework\Testing\Feature\HydePage)::All page models extend abstract page" class="Hyde\Framework\Testing\Feature\HydePageTest" classname="Hyde.Framework.Testing.Feature.HydePageTest" assertions="6" time="0.023276"/>
        <testcase name="All page models have configured source directory" file="Hyde Page (Hyde\Framework\Testing\Feature\HydePage)::All page models have configured source directory" class="Hyde\Framework\Testing\Feature\HydePageTest" classname="Hyde.Framework.Testing.Feature.HydePageTest" assertions="5" time="0.020126"/>
        <testcase name="All page models have configured output directory" file="Hyde Page (Hyde\Framework\Testing\Feature\HydePage)::All page models have configured output directory" class="Hyde\Framework\Testing\Feature\HydePageTest" classname="Hyde.Framework.Testing.Feature.HydePageTest" assertions="4" time="0.020200"/>
        <testcase name="All page models have configured file extension" file="Hyde Page (Hyde\Framework\Testing\Feature\HydePage)::All page models have configured file extension" class="Hyde\Framework\Testing\Feature\HydePageTest" classname="Hyde.Framework.Testing.Feature.HydePageTest" assertions="4" time="0.020288"/>
        <testcase name="Abstract markdown page extends abstract page" file="Hyde Page (Hyde\Framework\Testing\Feature\HydePage)::Abstract markdown page extends abstract page" class="Hyde\Framework\Testing\Feature\HydePageTest" classname="Hyde.Framework.Testing.Feature.HydePageTest" assertions="1" time="0.023455"/>
        <testcase name="Abstract markdown page implements page contract" file="Hyde Page (Hyde\Framework\Testing\Feature\HydePage)::Abstract markdown page implements page contract" class="Hyde\Framework\Testing\Feature\HydePageTest" classname="Hyde.Framework.Testing.Feature.HydePageTest" assertions="1" time="0.020094"/>
        <testcase name="Abstract markdown page has markdown document property" file="Hyde Page (Hyde\Framework\Testing\Feature\HydePage)::Abstract markdown page has markdown document property" class="Hyde\Framework\Testing\Feature\HydePageTest" classname="Hyde.Framework.Testing.Feature.HydePageTest" assertions="1" time="0.020019"/>
        <testcase name="Abstract markdown page has file extension property" file="Hyde Page (Hyde\Framework\Testing\Feature\HydePage)::Abstract markdown page has file extension property" class="Hyde\Framework\Testing\Feature\HydePageTest" classname="Hyde.Framework.Testing.Feature.HydePageTest" assertions="1" time="0.020004"/>
        <testcase name="Abstract markdown page file extension property is set to md" file="Hyde Page (Hyde\Framework\Testing\Feature\HydePage)::Abstract markdown page file extension property is set to md" class="Hyde\Framework\Testing\Feature\HydePageTest" classname="Hyde.Framework.Testing.Feature.HydePageTest" assertions="1" time="0.019997"/>
        <testcase name="Abstract markdown page constructor arguments are optional" file="Hyde Page (Hyde\Framework\Testing\Feature\HydePage)::Abstract markdown page constructor arguments are optional" class="Hyde\Framework\Testing\Feature\HydePageTest" classname="Hyde.Framework.Testing.Feature.HydePageTest" assertions="1" time="0.020124"/>
        <testcase name="Abstract markdown page constructor assigns markdown document property if set" file="Hyde Page (Hyde\Framework\Testing\Feature\HydePage)::Abstract markdown page constructor assigns markdown document property if set" class="Hyde\Framework\Testing\Feature\HydePageTest" classname="Hyde.Framework.Testing.Feature.HydePageTest" assertions="1" time="0.020968"/>
        <testcase name="Abstract markdown page constructor creates new markdown document if no markdown document is set" file="Hyde Page (Hyde\Framework\Testing\Feature\HydePage)::Abstract markdown page constructor creates new markdown document if no markdown document is set" class="Hyde\Framework\Testing\Feature\HydePageTest" classname="Hyde.Framework.Testing.Feature.HydePageTest" assertions="1" time="0.021202"/>
        <testcase name="Abstract markdown page markdown helper returns the markdown document instance" file="Hyde Page (Hyde\Framework\Testing\Feature\HydePage)::Abstract markdown page markdown helper returns the markdown document instance" class="Hyde\Framework\Testing\Feature\HydePageTest" classname="Hyde.Framework.Testing.Feature.HydePageTest" assertions="1" time="0.020935"/>
        <testcase name="Abstract markdown page markdown helper returns the configured markdown document instance" file="Hyde Page (Hyde\Framework\Testing\Feature\HydePage)::Abstract markdown page markdown helper returns the configured markdown document instance" class="Hyde\Framework\Testing\Feature\HydePageTest" classname="Hyde.Framework.Testing.Feature.HydePageTest" assertions="1" time="0.020941"/>
        <testcase name="Abstract markdown page make helper constructs dynamic title automatically" file="Hyde Page (Hyde\Framework\Testing\Feature\HydePage)::Abstract markdown page make helper constructs dynamic title automatically" class="Hyde\Framework\Testing\Feature\HydePageTest" classname="Hyde.Framework.Testing.Feature.HydePageTest" assertions="1" time="0.020978"/>
        <testcase name="Markdown based pages extend abstract markdown page" file="Hyde Page (Hyde\Framework\Testing\Feature\HydePage)::Markdown based pages extend abstract markdown page" class="Hyde\Framework\Testing\Feature\HydePageTest" classname="Hyde.Framework.Testing.Feature.HydePageTest" assertions="3" time="0.022171"/>
        <testcase name="Blade pages do not extend abstract markdown page" file="Hyde Page (Hyde\Framework\Testing\Feature\HydePage)::Blade pages do not extend abstract markdown page" class="Hyde\Framework\Testing\Feature\HydePageTest" classname="Hyde.Framework.Testing.Feature.HydePageTest" assertions="1" time="0.021092"/>
        <testcase name="Get route returns page route" file="Hyde Page (Hyde\Framework\Testing\Feature\HydePage)::Get route returns page route" class="Hyde\Framework\Testing\Feature\HydePageTest" classname="Hyde.Framework.Testing.Feature.HydePageTest" assertions="1" time="0.024263"/>
        <testcase name="Get route returns the route object from the router index" file="Hyde Page (Hyde\Framework\Testing\Feature\HydePage)::Get route returns the route object from the router index" class="Hyde\Framework\Testing\Feature\HydePageTest" classname="Hyde.Framework.Testing.Feature.HydePageTest" assertions="1" time="0.025360"/>
        <testcase name="Html title returns site name plus page title" file="Hyde Page (Hyde\Framework\Testing\Feature\HydePage)::Html title returns site name plus page title" class="Hyde\Framework\Testing\Feature\HydePageTest" classname="Hyde.Framework.Testing.Feature.HydePageTest" assertions="1" time="0.020807"/>
        <testcase name="Html title uses configured site name" file="Hyde Page (Hyde\Framework\Testing\Feature\HydePage)::Html title uses configured site name" class="Hyde\Framework\Testing\Feature\HydePageTest" classname="Hyde.Framework.Testing.Feature.HydePageTest" assertions="1" time="0.020894"/>
        <testcase name="Body helper returns markdown document body in markdown pages" file="Hyde Page (Hyde\Framework\Testing\Feature\HydePage)::Body helper returns markdown document body in markdown pages" class="Hyde\Framework\Testing\Feature\HydePageTest" classname="Hyde.Framework.Testing.Feature.HydePageTest" assertions="1" time="0.020911"/>
        <testcase name="Show in navigation returns false for markdown post" file="Hyde Page (Hyde\Framework\Testing\Feature\HydePage)::Show in navigation returns false for markdown post" class="Hyde\Framework\Testing\Feature\HydePageTest" classname="Hyde.Framework.Testing.Feature.HydePageTest" assertions="1" time="0.021285"/>
        <testcase name="Show in navigation returns true for documentation page if slug is index" file="Hyde Page (Hyde\Framework\Testing\Feature\HydePage)::Show in navigation returns true for documentation page if slug is index" class="Hyde\Framework\Testing\Feature\HydePageTest" classname="Hyde.Framework.Testing.Feature.HydePageTest" assertions="1" time="0.020930"/>
        <testcase name="Show in navigation returns true for documentation page if slug is not index" file="Hyde Page (Hyde\Framework\Testing\Feature\HydePage)::Show in navigation returns true for documentation page if slug is not index" class="Hyde\Framework\Testing\Feature\HydePageTest" classname="Hyde.Framework.Testing.Feature.HydePageTest" assertions="1" time="0.023238"/>
        <testcase name="Show in navigation returns false for abstract markdown page if matter navigation hidden is true" file="Hyde Page (Hyde\Framework\Testing\Feature\HydePage)::Show in navigation returns false for abstract markdown page if matter navigation hidden is true" class="Hyde\Framework\Testing\Feature\HydePageTest" classname="Hyde.Framework.Testing.Feature.HydePageTest" assertions="1" time="0.043850"/>
        <testcase name="Show in navigation returns true for abstract markdown page if matter navigation visible is true" file="Hyde Page (Hyde\Framework\Testing\Feature\HydePage)::Show in navigation returns true for abstract markdown page if matter navigation visible is true" class="Hyde\Framework\Testing\Feature\HydePageTest" classname="Hyde.Framework.Testing.Feature.HydePageTest" assertions="1" time="0.024558"/>
        <testcase name="Show in navigation returns true for abstract markdown page if matter navigation hidden is false" file="Hyde Page (Hyde\Framework\Testing\Feature\HydePage)::Show in navigation returns true for abstract markdown page if matter navigation hidden is false" class="Hyde\Framework\Testing\Feature\HydePageTest" classname="Hyde.Framework.Testing.Feature.HydePageTest" assertions="1" time="0.022398"/>
        <testcase name="Show in navigation returns true for abstract markdown page if matter navigation hidden is not set" file="Hyde Page (Hyde\Framework\Testing\Feature\HydePage)::Show in navigation returns true for abstract markdown page if matter navigation hidden is not set" class="Hyde\Framework\Testing\Feature\HydePageTest" classname="Hyde.Framework.Testing.Feature.HydePageTest" assertions="1" time="0.025594"/>
        <testcase name="Show in navigation returns false if slug is present in config hyde navigation exclude" file="Hyde Page (Hyde\Framework\Testing\Feature\HydePage)::Show in navigation returns false if slug is present in config hyde navigation exclude" class="Hyde\Framework\Testing\Feature\HydePageTest" classname="Hyde.Framework.Testing.Feature.HydePageTest" assertions="2" time="0.025397"/>
        <testcase name="Show in navigation returns false if slug is 404" file="Hyde Page (Hyde\Framework\Testing\Feature\HydePage)::Show in navigation returns false if slug is 404" class="Hyde\Framework\Testing\Feature\HydePageTest" classname="Hyde.Framework.Testing.Feature.HydePageTest" assertions="1" time="0.021287"/>
        <testcase name="Show in navigation defaults to true if all checks pass" file="Hyde Page (Hyde\Framework\Testing\Feature\HydePage)::Show in navigation defaults to true if all checks pass" class="Hyde\Framework\Testing\Feature\HydePageTest" classname="Hyde.Framework.Testing.Feature.HydePageTest" assertions="1" time="0.021366"/>
        <testcase name="Navigation menu priority returns front matter value of navigation priority if abstract markdown page and not null" file="Hyde Page (Hyde\Framework\Testing\Feature\HydePage)::Navigation menu priority returns front matter value of navigation priority if abstract markdown page and not null" class="Hyde\Framework\Testing\Feature\HydePageTest" classname="Hyde.Framework.Testing.Feature.HydePageTest" assertions="1" time="0.021440"/>
        <testcase name="Navigation menu priority can be set using order property" file="Hyde Page (Hyde\Framework\Testing\Feature\HydePage)::Navigation menu priority can be set using order property" class="Hyde\Framework\Testing\Feature\HydePageTest" classname="Hyde.Framework.Testing.Feature.HydePageTest" assertions="1" time="0.023960"/>
        <testcase name="Navigation menu priority returns specified config value if slug exists in config hyde navigation order" file="Hyde Page (Hyde\Framework\Testing\Feature\HydePage)::Navigation menu priority returns specified config value if slug exists in config hyde navigation order" class="Hyde\Framework\Testing\Feature\HydePageTest" classname="Hyde.Framework.Testing.Feature.HydePageTest" assertions="2" time="0.026111"/>
        <testcase name="Navigation menu priority gives precedence to front matter over config hyde navigation order" file="Hyde Page (Hyde\Framework\Testing\Feature\HydePage)::Navigation menu priority gives precedence to front matter over config hyde navigation order" class="Hyde\Framework\Testing\Feature\HydePageTest" classname="Hyde.Framework.Testing.Feature.HydePageTest" assertions="2" time="0.021734"/>
        <testcase name="Navigation menu priority returns 999 for documentation page" file="Hyde Page (Hyde\Framework\Testing\Feature\HydePage)::Navigation menu priority returns 999 for documentation page" class="Hyde\Framework\Testing\Feature\HydePageTest" classname="Hyde.Framework.Testing.Feature.HydePageTest" assertions="1" time="0.020931"/>
        <testcase name="Navigation menu priority returns 0 if slug is index" file="Hyde Page (Hyde\Framework\Testing\Feature\HydePage)::Navigation menu priority returns 0 if slug is index" class="Hyde\Framework\Testing\Feature\HydePageTest" classname="Hyde.Framework.Testing.Feature.HydePageTest" assertions="1" time="0.020935"/>
        <testcase name="Navigation menu priority returns 10 if slug is posts" file="Hyde Page (Hyde\Framework\Testing\Feature\HydePage)::Navigation menu priority returns 10 if slug is posts" class="Hyde\Framework\Testing\Feature\HydePageTest" classname="Hyde.Framework.Testing.Feature.HydePageTest" assertions="1" time="0.020890"/>
        <testcase name="Navigation menu priority defaults to 999 if no other conditions are met" file="Hyde Page (Hyde\Framework\Testing\Feature\HydePage)::Navigation menu priority defaults to 999 if no other conditions are met" class="Hyde\Framework\Testing\Feature\HydePageTest" classname="Hyde.Framework.Testing.Feature.HydePageTest" assertions="1" time="0.020929"/>
        <testcase name="Navigation menu title returns navigation title matter if set" file="Hyde Page (Hyde\Framework\Testing\Feature\HydePage)::Navigation menu title returns navigation title matter if set" class="Hyde\Framework\Testing\Feature\HydePageTest" classname="Hyde.Framework.Testing.Feature.HydePageTest" assertions="1" time="0.020909"/>
        <testcase name="Navigation menu title returns title matter if set" file="Hyde Page (Hyde\Framework\Testing\Feature\HydePage)::Navigation menu title returns title matter if set" class="Hyde\Framework\Testing\Feature\HydePageTest" classname="Hyde.Framework.Testing.Feature.HydePageTest" assertions="1" time="0.020800"/>
        <testcase name="Navigation menu title navigation title has precedence over title" file="Hyde Page (Hyde\Framework\Testing\Feature\HydePage)::Navigation menu title navigation title has precedence over title" class="Hyde\Framework\Testing\Feature\HydePageTest" classname="Hyde.Framework.Testing.Feature.HydePageTest" assertions="1" time="0.020801"/>
        <testcase name="Navigation menu title returns docs if slug is index and model is documentation page" file="Hyde Page (Hyde\Framework\Testing\Feature\HydePage)::Navigation menu title returns docs if slug is index and model is documentation page" class="Hyde\Framework\Testing\Feature\HydePageTest" classname="Hyde.Framework.Testing.Feature.HydePageTest" assertions="1" time="0.020911"/>
        <testcase name="Navigation menu title returns home if slug is index and model is not documentation page" file="Hyde Page (Hyde\Framework\Testing\Feature\HydePage)::Navigation menu title returns home if slug is index and model is not documentation page" class="Hyde\Framework\Testing\Feature\HydePageTest" classname="Hyde.Framework.Testing.Feature.HydePageTest" assertions="1" time="0.020919"/>
        <testcase name="Navigation menu title returns title if title is set and not empty" file="Hyde Page (Hyde\Framework\Testing\Feature\HydePage)::Navigation menu title returns title if title is set and not empty" class="Hyde\Framework\Testing\Feature\HydePageTest" classname="Hyde.Framework.Testing.Feature.HydePageTest" assertions="1" time="0.020987"/>
        <testcase name="Navigation menu title falls back to hyde make title from slug" file="Hyde Page (Hyde\Framework\Testing\Feature\HydePage)::Navigation menu title falls back to hyde make title from slug" class="Hyde\Framework\Testing\Feature\HydePageTest" classname="Hyde.Framework.Testing.Feature.HydePageTest" assertions="1" time="0.021039"/>
        <testcase name="Navigation menu title can be set in configuration" file="Hyde Page (Hyde\Framework\Testing\Feature\HydePage)::Navigation menu title can be set in configuration" class="Hyde\Framework\Testing\Feature\HydePageTest" classname="Hyde.Framework.Testing.Feature.HydePageTest" assertions="1" time="0.020949"/>
        <testcase name="Documentation page can be hidden from navigation using config" file="Hyde Page (Hyde\Framework\Testing\Feature\HydePage)::Documentation page can be hidden from navigation using config" class="Hyde\Framework\Testing\Feature\HydePageTest" classname="Hyde.Framework.Testing.Feature.HydePageTest" assertions="1" time="0.020914"/>
        <testcase name="Get canonical url returns url for top level page" file="Hyde Page (Hyde\Framework\Testing\Feature\HydePage)::Get canonical url returns url for top level page" class="Hyde\Framework\Testing\Feature\HydePageTest" classname="Hyde.Framework.Testing.Feature.HydePageTest" assertions="1" time="0.021196"/>
        <testcase name="Get canonical url returns pretty url for top level page" file="Hyde Page (Hyde\Framework\Testing\Feature\HydePage)::Get canonical url returns pretty url for top level page" class="Hyde\Framework\Testing\Feature\HydePageTest" classname="Hyde.Framework.Testing.Feature.HydePageTest" assertions="1" time="0.021354"/>
        <testcase name="Get canonical url returns url for nested page" file="Hyde Page (Hyde\Framework\Testing\Feature\HydePage)::Get canonical url returns url for nested page" class="Hyde\Framework\Testing\Feature\HydePageTest" classname="Hyde.Framework.Testing.Feature.HydePageTest" assertions="1" time="0.021302"/>
        <testcase name="Get canonical url returns url for deeply nested page" file="Hyde Page (Hyde\Framework\Testing\Feature\HydePage)::Get canonical url returns url for deeply nested page" class="Hyde\Framework\Testing\Feature\HydePageTest" classname="Hyde.Framework.Testing.Feature.HydePageTest" assertions="1" time="0.021326"/>
        <testcase name="Canonical url is not set when identifier is null" file="Hyde Page (Hyde\Framework\Testing\Feature\HydePage)::Canonical url is not set when identifier is null" class="Hyde\Framework\Testing\Feature\HydePageTest" classname="Hyde.Framework.Testing.Feature.HydePageTest" assertions="3" time="0.025077"/>
        <testcase name="Canonical url is not set when site url is null" file="Hyde Page (Hyde\Framework\Testing\Feature\HydePage)::Canonical url is not set when site url is null" class="Hyde\Framework\Testing\Feature\HydePageTest" classname="Hyde.Framework.Testing.Feature.HydePageTest" assertions="3" time="0.021490"/>
        <testcase name="Custom canonical link can be set in front matter" file="Hyde Page (Hyde\Framework\Testing\Feature\HydePage)::Custom canonical link can be set in front matter" class="Hyde\Framework\Testing\Feature\HydePageTest" classname="Hyde.Framework.Testing.Feature.HydePageTest" assertions="2" time="0.021080"/>
        <testcase name="Can create canonical url using base url from config" file="Hyde Page (Hyde\Framework\Testing\Feature\HydePage)::Can create canonical url using base url from config" class="Hyde\Framework\Testing\Feature\HydePageTest" classname="Hyde.Framework.Testing.Feature.HydePageTest" assertions="1" time="0.021405"/>
        <testcase name="Can create canonical url using base url from config using pretty urls" file="Hyde Page (Hyde\Framework\Testing\Feature\HydePage)::Can create canonical url using base url from config using pretty urls" class="Hyde\Framework\Testing\Feature\HydePageTest" classname="Hyde.Framework.Testing.Feature.HydePageTest" assertions="1" time="0.021306"/>
        <testcase name="Canonical url is null when no base url is set" file="Hyde Page (Hyde\Framework\Testing\Feature\HydePage)::Canonical url is null when no base url is set" class="Hyde\Framework\Testing\Feature\HydePageTest" classname="Hyde.Framework.Testing.Feature.HydePageTest" assertions="1" time="0.020931"/>
        <testcase name="Render page metadata returns string" file="Hyde Page (Hyde\Framework\Testing\Feature\HydePage)::Render page metadata returns string" class="Hyde\Framework\Testing\Feature\HydePageTest" classname="Hyde.Framework.Testing.Feature.HydePageTest" assertions="1" time="0.020916"/>
        <testcase name="Has method returns true if page has standard property" file="Hyde Page (Hyde\Framework\Testing\Feature\HydePage)::Has method returns true if page has standard property" class="Hyde\Framework\Testing\Feature\HydePageTest" classname="Hyde.Framework.Testing.Feature.HydePageTest" assertions="1" time="0.034564"/>
        <testcase name="Has method returns false if page does not have standard property" file="Hyde Page (Hyde\Framework\Testing\Feature\HydePage)::Has method returns false if page does not have standard property" class="Hyde\Framework\Testing\Feature\HydePageTest" classname="Hyde.Framework.Testing.Feature.HydePageTest" assertions="1" time="0.021018"/>
        <testcase name="Has method returns true if page has dynamic property" file="Hyde Page (Hyde\Framework\Testing\Feature\HydePage)::Has method returns true if page has dynamic property" class="Hyde\Framework\Testing\Feature\HydePageTest" classname="Hyde.Framework.Testing.Feature.HydePageTest" assertions="1" time="0.021168"/>
        <testcase name="Has method returns false if page does not have dynamic property" file="Hyde Page (Hyde\Framework\Testing\Feature\HydePage)::Has method returns false if page does not have dynamic property" class="Hyde\Framework\Testing\Feature\HydePageTest" classname="Hyde.Framework.Testing.Feature.HydePageTest" assertions="1" time="0.020995"/>
        <testcase name="Has method returns true if page has property set in front matter" file="Hyde Page (Hyde\Framework\Testing\Feature\HydePage)::Has method returns true if page has property set in front matter" class="Hyde\Framework\Testing\Feature\HydePageTest" classname="Hyde.Framework.Testing.Feature.HydePageTest" assertions="1" time="0.020956"/>
        <testcase name="Has method returns false if page does not have property set in front matter" file="Hyde Page (Hyde\Framework\Testing\Feature\HydePage)::Has method returns false if page does not have property set in front matter" class="Hyde\Framework\Testing\Feature\HydePageTest" classname="Hyde.Framework.Testing.Feature.HydePageTest" assertions="1" time="0.021016"/>
        <testcase name="Has method returns false if property exists but is blank" file="Hyde Page (Hyde\Framework\Testing\Feature\HydePage)::Has method returns false if property exists but is blank" class="Hyde\Framework\Testing\Feature\HydePageTest" classname="Hyde.Framework.Testing.Feature.HydePageTest" assertions="2" time="0.021236"/>
        <testcase name="Has method returns true if page has blank property set in front matter" file="Hyde Page (Hyde\Framework\Testing\Feature\HydePage)::Has method returns true if page has blank property set in front matter" class="Hyde\Framework\Testing\Feature\HydePageTest" classname="Hyde.Framework.Testing.Feature.HydePageTest" assertions="2" time="0.021345"/>
        <testcase name="Markdown pages can be saved to disk" file="Hyde Page (Hyde\Framework\Testing\Feature\HydePage)::Markdown pages can be saved to disk" class="Hyde\Framework\Testing\Feature\HydePageTest" classname="Hyde.Framework.Testing.Feature.HydePageTest" assertions="1" time="0.021692"/>
        <testcase name="Save method converts front matter array to yaml block" file="Hyde Page (Hyde\Framework\Testing\Feature\HydePage)::Save method converts front matter array to yaml block" class="Hyde\Framework\Testing\Feature\HydePageTest" classname="Hyde.Framework.Testing.Feature.HydePageTest" assertions="1" time="0.021833"/>
        <testcase name="Save method writes page body to file" file="Hyde Page (Hyde\Framework\Testing\Feature\HydePage)::Save method writes page body to file" class="Hyde\Framework\Testing\Feature\HydePageTest" classname="Hyde.Framework.Testing.Feature.HydePageTest" assertions="1" time="0.021740"/>
        <testcase name="Save method writes page body to file with front matter" file="Hyde Page (Hyde\Framework\Testing\Feature\HydePage)::Save method writes page body to file with front matter" class="Hyde\Framework\Testing\Feature\HydePageTest" classname="Hyde.Framework.Testing.Feature.HydePageTest" assertions="1" time="0.021752"/>
        <testcase name="New markdown pages can be saved" file="Hyde Page (Hyde\Framework\Testing\Feature\HydePage)::New markdown pages can be saved" class="Hyde\Framework\Testing\Feature\HydePageTest" classname="Hyde.Framework.Testing.Feature.HydePageTest" assertions="2" time="0.021714"/>
        <testcase name="Existing parsed markdown pages can be saved" file="Hyde Page (Hyde\Framework\Testing\Feature\HydePage)::Existing parsed markdown pages can be saved" class="Hyde\Framework\Testing\Feature\HydePageTest" classname="Hyde.Framework.Testing.Feature.HydePageTest" assertions="4" time="0.026450"/>
        <testcase name="Save method creates source directory if it does not exist" file="Hyde Page (Hyde\Framework\Testing\Feature\HydePage)::Save method creates source directory if it does not exist" class="Hyde\Framework\Testing\Feature\HydePageTest" classname="Hyde.Framework.Testing.Feature.HydePageTest" assertions="3" time="0.021917"/>
        <testcase name="Save method creates source directory recursively if it does not exist" file="Hyde Page (Hyde\Framework\Testing\Feature\HydePage)::Save method creates source directory recursively if it does not exist" class="Hyde\Framework\Testing\Feature\HydePageTest" classname="Hyde.Framework.Testing.Feature.HydePageTest" assertions="4" time="0.022269"/>
        <testcase name="Markdown posts can be saved" file="Hyde Page (Hyde\Framework\Testing\Feature\HydePage)::Markdown posts can be saved" class="Hyde\Framework\Testing\Feature\HydePageTest" classname="Hyde.Framework.Testing.Feature.HydePageTest" assertions="1" time="0.021961"/>
        <testcase name="Documentation pages can be saved" file="Hyde Page (Hyde\Framework\Testing\Feature\HydePage)::Documentation pages can be saved" class="Hyde\Framework\Testing\Feature\HydePageTest" classname="Hyde.Framework.Testing.Feature.HydePageTest" assertions="1" time="0.021562"/>
        <testcase name="Get method can access data from page" file="Hyde Page (Hyde\Framework\Testing\Feature\HydePage)::Get method can access data from page" class="Hyde\Framework\Testing\Feature\HydePageTest" classname="Hyde.Framework.Testing.Feature.HydePageTest" assertions="1" time="0.021157"/>
        <testcase name="Get method can access nested data from page" file="Hyde Page (Hyde\Framework\Testing\Feature\HydePage)::Get method can access nested data from page" class="Hyde\Framework\Testing\Feature\HydePageTest" classname="Hyde.Framework.Testing.Feature.HydePageTest" assertions="1" time="0.020960"/>
        <testcase name="Get method can access nested data from page with dot notation" file="Hyde Page (Hyde\Framework\Testing\Feature\HydePage)::Get method can access nested data from page with dot notation" class="Hyde\Framework\Testing\Feature\HydePageTest" classname="Hyde.Framework.Testing.Feature.HydePageTest" assertions="1" time="0.020804"/>
        <testcase name="Get link with pretty urls" file="Hyde Page (Hyde\Framework\Testing\Feature\HydePage)::Get link with pretty urls" class="Hyde\Framework\Testing\Feature\HydePageTest" classname="Hyde.Framework.Testing.Feature.HydePageTest" assertions="1" time="0.020928"/>
        <testcase name="Get link uses hyperlinks helper" file="Hyde Page (Hyde\Framework\Testing\Feature\HydePage)::Get link uses hyperlinks helper" class="Hyde\Framework\Testing\Feature\HydePageTest" classname="Hyde.Framework.Testing.Feature.HydePageTest" assertions="1" time="0.021433"/>
        <testcase name="Path helpers return same result as fluent filesystem helpers" file="Hyde Page (Hyde\Framework\Testing\Feature\HydePage)::Path helpers return same result as fluent filesystem helpers" class="Hyde\Framework\Testing\Feature\HydePageTest" classname="Hyde.Framework.Testing.Feature.HydePageTest" assertions="4" time="0.020347"/>
        <testcase name="All pages are routable" file="Hyde Page (Hyde\Framework\Testing\Feature\HydePage)::All pages are routable" class="Hyde\Framework\Testing\Feature\HydePageTest" classname="Hyde.Framework.Testing.Feature.HydePageTest" assertions="25" time="0.053562"/>
        <testcase name="Navigation data factory hides page from navigation when in a subdirectory" file="Hyde Page (Hyde\Framework\Testing\Feature\HydePage)::Navigation data factory hides page from navigation when in a subdirectory" class="Hyde\Framework\Testing\Feature\HydePageTest" classname="Hyde.Framework.Testing.Feature.HydePageTest" assertions="2" time="0.020935"/>
        <testcase name="Navigation data factory hides page from navigation when in a and config is set to hidden" file="Hyde Page (Hyde\Framework\Testing\Feature\HydePage)::Navigation data factory hides page from navigation when in a and config is set to hidden" class="Hyde\Framework\Testing\Feature\HydePageTest" classname="Hyde.Framework.Testing.Feature.HydePageTest" assertions="2" time="0.021083"/>
        <testcase name="Navigation data factory does not hide page from navigation when in a subdirectory and allowed in configuration" file="Hyde Page (Hyde\Framework\Testing\Feature\HydePage)::Navigation data factory does not hide page from navigation when in a subdirectory and allowed in configuration" class="Hyde\Framework\Testing\Feature\HydePageTest" classname="Hyde.Framework.Testing.Feature.HydePageTest" assertions="2" time="0.021035"/>
        <testcase name="Navigation data factory allows show in navigation and sets group when dropdown is selected in config" file="Hyde Page (Hyde\Framework\Testing\Feature\HydePage)::Navigation data factory allows show in navigation and sets group when dropdown is selected in config" class="Hyde\Framework\Testing\Feature\HydePageTest" classname="Hyde.Framework.Testing.Feature.HydePageTest" assertions="2" time="0.021126"/>
        <testcase name="Is discoverable method returns true for discoverable pages" file="Hyde Page (Hyde\Framework\Testing\Feature\HydePage)::Is discoverable method returns true for discoverable pages" class="Hyde\Framework\Testing\Feature\HydePageTest" classname="Hyde.Framework.Testing.Feature.HydePageTest" assertions="1" time="0.019760"/>
        <testcase name="Is discoverable method returns false for non discoverable pages" file="Hyde Page (Hyde\Framework\Testing\Feature\HydePage)::Is discoverable method returns false for non discoverable pages" class="Hyde\Framework\Testing\Feature\HydePageTest" classname="Hyde.Framework.Testing.Feature.HydePageTest" assertions="1" time="0.020000"/>
        <testcase name="Is discoverable method requires all required data to be present" file="Hyde Page (Hyde\Framework\Testing\Feature\HydePage)::Is discoverable method requires all required data to be present" class="Hyde\Framework\Testing\Feature\HydePageTest" classname="Hyde.Framework.Testing.Feature.HydePageTest" assertions="1" time="0.019887"/>
        <testcase name="Is discoverable method requires source directory to be filled" file="Hyde Page (Hyde\Framework\Testing\Feature\HydePage)::Is discoverable method requires source directory to be filled" class="Hyde\Framework\Testing\Feature\HydePageTest" classname="Hyde.Framework.Testing.Feature.HydePageTest" assertions="1" time="0.020066"/>
        <testcase name="All core extension pages are discoverable" file="Hyde Page (Hyde\Framework\Testing\Feature\HydePage)::All core extension pages are discoverable" class="Hyde\Framework\Testing\Feature\HydePageTest" classname="Hyde.Framework.Testing.Feature.HydePageTest" assertions="5" time="0.034113"/>
        <testcase name="Nested index pages show up in navigation" file="Hyde Page (Hyde\Framework\Testing\Feature\HydePage)::Nested index pages show up in navigation" class="Hyde\Framework\Testing\Feature\HydePageTest" classname="Hyde.Framework.Testing.Feature.HydePageTest" assertions="2" time="0.021262"/>
      </testsuite>
      <testsuite name="Hyde\Framework\Testing\Feature\HydeServiceProviderTest" file="Hyde Service Provider (Hyde\Framework\Testing\Feature\HydeServiceProvider)" tests="21" assertions="95" errors="0" failures="0" skipped="0" time="0.651158">
        <testcase name="Provider is constructed" file="Hyde Service Provider (Hyde\Framework\Testing\Feature\HydeServiceProvider)::Provider is constructed" class="Hyde\Framework\Testing\Feature\HydeServiceProviderTest" classname="Hyde.Framework.Testing.Feature.HydeServiceProviderTest" assertions="1" time="0.212317"/>
        <testcase name="Provider has register method" file="Hyde Service Provider (Hyde\Framework\Testing\Feature\HydeServiceProvider)::Provider has register method" class="Hyde\Framework\Testing\Feature\HydeServiceProviderTest" classname="Hyde.Framework.Testing.Feature.HydeServiceProviderTest" assertions="1" time="0.019834"/>
        <testcase name="Provider has boot method" file="Hyde Service Provider (Hyde\Framework\Testing\Feature\HydeServiceProvider)::Provider has boot method" class="Hyde\Framework\Testing\Feature\HydeServiceProviderTest" classname="Hyde.Framework.Testing.Feature.HydeServiceProviderTest" assertions="1" time="0.019762"/>
        <testcase name="Provider registers asset service as singleton" file="Hyde Service Provider (Hyde\Framework\Testing\Feature\HydeServiceProvider)::Provider registers asset service as singleton" class="Hyde\Framework\Testing\Feature\HydeServiceProviderTest" classname="Hyde.Framework.Testing.Feature.HydeServiceProviderTest" assertions="3" time="0.020099"/>
        <testcase name="Provider registers build task service as singleton" file="Hyde Service Provider (Hyde\Framework\Testing\Feature\HydeServiceProvider)::Provider registers build task service as singleton" class="Hyde\Framework\Testing\Feature\HydeServiceProviderTest" classname="Hyde.Framework.Testing.Feature.HydeServiceProviderTest" assertions="3" time="0.024129"/>
        <testcase name="Provider registers source directories" file="Hyde Service Provider (Hyde\Framework\Testing\Feature\HydeServiceProvider)::Provider registers source directories" class="Hyde\Framework\Testing\Feature\HydeServiceProviderTest" classname="Hyde.Framework.Testing.Feature.HydeServiceProviderTest" assertions="8" time="0.020753"/>
        <testcase name="Provider registers output directories" file="Hyde Service Provider (Hyde\Framework\Testing\Feature\HydeServiceProvider)::Provider registers output directories" class="Hyde\Framework\Testing\Feature\HydeServiceProviderTest" classname="Hyde.Framework.Testing.Feature.HydeServiceProviderTest" assertions="8" time="0.020968"/>
        <testcase name="Custom source roots are applied to the page models" file="Hyde Service Provider (Hyde\Framework\Testing\Feature\HydeServiceProvider)::Custom source roots are applied to the page models" class="Hyde\Framework\Testing\Feature\HydeServiceProviderTest" classname="Hyde.Framework.Testing.Feature.HydeServiceProviderTest" assertions="8" time="0.021181"/>
        <testcase name="Source root set in config is assigned" file="Hyde Service Provider (Hyde\Framework\Testing\Feature\HydeServiceProvider)::Source root set in config is assigned" class="Hyde\Framework\Testing\Feature\HydeServiceProviderTest" classname="Hyde.Framework.Testing.Feature.HydeServiceProviderTest" assertions="3" time="0.020789"/>
        <testcase name="Provider registers site output directory" file="Hyde Service Provider (Hyde\Framework\Testing\Feature\HydeServiceProvider)::Provider registers site output directory" class="Hyde\Framework\Testing\Feature\HydeServiceProviderTest" classname="Hyde.Framework.Testing.Feature.HydeServiceProviderTest" assertions="2" time="0.020428"/>
        <testcase name="Provider registers media directory" file="Hyde Service Provider (Hyde\Framework\Testing\Feature\HydeServiceProvider)::Provider registers media directory" class="Hyde\Framework\Testing\Feature\HydeServiceProviderTest" classname="Hyde.Framework.Testing.Feature.HydeServiceProviderTest" assertions="3" time="0.020720"/>
        <testcase name="Provider registers blade view discovery location for configured blade view path" file="Hyde Service Provider (Hyde\Framework\Testing\Feature\HydeServiceProvider)::Provider registers blade view discovery location for configured blade view path" class="Hyde\Framework\Testing\Feature\HydeServiceProviderTest" classname="Hyde.Framework.Testing.Feature.HydeServiceProviderTest" assertions="2" time="0.033960"/>
        <testcase name="Blade view locations are only registered once per key" file="Hyde Service Provider (Hyde\Framework\Testing\Feature\HydeServiceProvider)::Blade view locations are only registered once per key" class="Hyde\Framework\Testing\Feature\HydeServiceProviderTest" classname="Hyde.Framework.Testing.Feature.HydeServiceProviderTest" assertions="2" time="0.021574"/>
        <testcase name="Provider registers console commands" file="Hyde Service Provider (Hyde\Framework\Testing\Feature\HydeServiceProvider)::Provider registers console commands" class="Hyde\Framework\Testing\Feature\HydeServiceProviderTest" classname="Hyde.Framework.Testing.Feature.HydeServiceProviderTest" assertions="18" time="0.028282"/>
        <testcase name="Provider registers additional module service providers" file="Hyde Service Provider (Hyde\Framework\Testing\Feature\HydeServiceProvider)::Provider registers additional module service providers" class="Hyde\Framework\Testing\Feature\HydeServiceProviderTest" classname="Hyde.Framework.Testing.Feature.HydeServiceProviderTest" assertions="1" time="0.020592"/>
        <testcase name="Provider registers all page model source paths" file="Hyde Service Provider (Hyde\Framework\Testing\Feature\HydeServiceProvider)::Provider registers all page model source paths" class="Hyde\Framework\Testing\Feature\HydeServiceProviderTest" classname="Hyde.Framework.Testing.Feature.HydeServiceProviderTest" assertions="6" time="0.021584"/>
        <testcase name="Provider registers all page model output paths" file="Hyde Service Provider (Hyde\Framework\Testing\Feature\HydeServiceProvider)::Provider registers all page model output paths" class="Hyde\Framework\Testing\Feature\HydeServiceProviderTest" classname="Hyde.Framework.Testing.Feature.HydeServiceProviderTest" assertions="5" time="0.021245"/>
        <testcase name="Provider registers source directories using options in configuration" file="Hyde Service Provider (Hyde\Framework\Testing\Feature\HydeServiceProvider)::Provider registers source directories using options in configuration" class="Hyde\Framework\Testing\Feature\HydeServiceProviderTest" classname="Hyde.Framework.Testing.Feature.HydeServiceProviderTest" assertions="5" time="0.020830"/>
        <testcase name="Source directories can be set using kebab case class names" file="Hyde Service Provider (Hyde\Framework\Testing\Feature\HydeServiceProvider)::Source directories can be set using kebab case class names" class="Hyde\Framework\Testing\Feature\HydeServiceProviderTest" classname="Hyde.Framework.Testing.Feature.HydeServiceProviderTest" assertions="5" time="0.020754"/>
        <testcase name="Provider registers output directories using options in configuration" file="Hyde Service Provider (Hyde\Framework\Testing\Feature\HydeServiceProvider)::Provider registers output directories using options in configuration" class="Hyde\Framework\Testing\Feature\HydeServiceProviderTest" classname="Hyde.Framework.Testing.Feature.HydeServiceProviderTest" assertions="5" time="0.020680"/>
        <testcase name="Output directories can be set using kebab case class names" file="Hyde Service Provider (Hyde\Framework\Testing\Feature\HydeServiceProvider)::Output directories can be set using kebab case class names" class="Hyde\Framework\Testing\Feature\HydeServiceProviderTest" classname="Hyde.Framework.Testing.Feature.HydeServiceProviderTest" assertions="5" time="0.020679"/>
      </testsuite>
      <testsuite name="Hyde\Framework\Testing\Feature\IncludesFacadeTest" file="Includes Facade (Hyde\Framework\Testing\Feature\IncludesFacade)" tests="14" assertions="19" errors="0" failures="0" skipped="0" time="0.323784">
        <testcase name="Path returns the includes directory" file="Includes Facade (Hyde\Framework\Testing\Feature\IncludesFacade)::Path returns the includes directory" class="Hyde\Framework\Testing\Feature\IncludesFacadeTest" classname="Hyde.Framework.Testing.Feature.IncludesFacadeTest" assertions="1" time="0.049112"/>
        <testcase name="Path returns a partial within the includes directory" file="Includes Facade (Hyde\Framework\Testing\Feature\IncludesFacade)::Path returns a partial within the includes directory" class="Hyde\Framework\Testing\Feature\IncludesFacadeTest" classname="Hyde.Framework.Testing.Feature.IncludesFacadeTest" assertions="1" time="0.019540"/>
        <testcase name="Path creates directory if it does not exist" file="Includes Facade (Hyde\Framework\Testing\Feature\IncludesFacade)::Path creates directory if it does not exist" class="Hyde\Framework\Testing\Feature\IncludesFacadeTest" classname="Hyde.Framework.Testing.Feature.IncludesFacadeTest" assertions="2" time="0.020278"/>
        <testcase name="Get returns partial" file="Includes Facade (Hyde\Framework\Testing\Feature\IncludesFacade)::Get returns partial" class="Hyde\Framework\Testing\Feature\IncludesFacadeTest" classname="Hyde.Framework.Testing.Feature.IncludesFacadeTest" assertions="1" time="0.020976"/>
        <testcase name="Get returns default value when not found" file="Includes Facade (Hyde\Framework\Testing\Feature\IncludesFacade)::Get returns default value when not found" class="Hyde\Framework\Testing\Feature\IncludesFacadeTest" classname="Hyde.Framework.Testing.Feature.IncludesFacadeTest" assertions="2" time="0.020148"/>
        <testcase name="Html returns rendered partial" file="Includes Facade (Hyde\Framework\Testing\Feature\IncludesFacade)::Html returns rendered partial" class="Hyde\Framework\Testing\Feature\IncludesFacadeTest" classname="Hyde.Framework.Testing.Feature.IncludesFacadeTest" assertions="1" time="0.020013"/>
        <testcase name="Html returns efault value when not found" file="Includes Facade (Hyde\Framework\Testing\Feature\IncludesFacade)::Html returns efault value when not found" class="Hyde\Framework\Testing\Feature\IncludesFacadeTest" classname="Hyde.Framework.Testing.Feature.IncludesFacadeTest" assertions="2" time="0.020104"/>
        <testcase name="Html with and without extension" file="Includes Facade (Hyde\Framework\Testing\Feature\IncludesFacade)::Html with and without extension" class="Hyde\Framework\Testing\Feature\IncludesFacadeTest" classname="Hyde.Framework.Testing.Feature.IncludesFacadeTest" assertions="1" time="0.020298"/>
        <testcase name="Markdown returns rendered partial" file="Includes Facade (Hyde\Framework\Testing\Feature\IncludesFacade)::Markdown returns rendered partial" class="Hyde\Framework\Testing\Feature\IncludesFacadeTest" classname="Hyde.Framework.Testing.Feature.IncludesFacadeTest" assertions="1" time="0.026590"/>
        <testcase name="Markdown returns rendered default value when not found" file="Includes Facade (Hyde\Framework\Testing\Feature\IncludesFacade)::Markdown returns rendered default value when not found" class="Hyde\Framework\Testing\Feature\IncludesFacadeTest" classname="Hyde.Framework.Testing.Feature.IncludesFacadeTest" assertions="2" time="0.021172"/>
        <testcase name="Markdown with and without extension" file="Includes Facade (Hyde\Framework\Testing\Feature\IncludesFacade)::Markdown with and without extension" class="Hyde\Framework\Testing\Feature\IncludesFacadeTest" classname="Hyde.Framework.Testing.Feature.IncludesFacadeTest" assertions="1" time="0.021837"/>
        <testcase name="Blade returns rendered partial" file="Includes Facade (Hyde\Framework\Testing\Feature\IncludesFacade)::Blade returns rendered partial" class="Hyde\Framework\Testing\Feature\IncludesFacadeTest" classname="Hyde.Framework.Testing.Feature.IncludesFacadeTest" assertions="1" time="0.021245"/>
        <testcase name="Blade with and without extension" file="Includes Facade (Hyde\Framework\Testing\Feature\IncludesFacade)::Blade with and without extension" class="Hyde\Framework\Testing\Feature\IncludesFacadeTest" classname="Hyde.Framework.Testing.Feature.IncludesFacadeTest" assertions="1" time="0.021301"/>
        <testcase name="Blade returns rendered default value when not found" file="Includes Facade (Hyde\Framework\Testing\Feature\IncludesFacade)::Blade returns rendered default value when not found" class="Hyde\Framework\Testing\Feature\IncludesFacadeTest" classname="Hyde.Framework.Testing.Feature.IncludesFacadeTest" assertions="2" time="0.021171"/>
      </testsuite>
      <testsuite name="Hyde\Framework\Testing\Feature\LoadYamlConfigurationTest" file="Load Yaml Configuration (Hyde\Framework\Testing\Feature\LoadYamlConfiguration)" tests="18" assertions="33" errors="0" failures="0" skipped="0" time="0.405286">
        <testcase name="Can define hyde config settings in hyde yml file" file="Load Yaml Configuration (Hyde\Framework\Testing\Feature\LoadYamlConfiguration)::Can define hyde config settings in hyde yml file" class="Hyde\Framework\Testing\Feature\LoadYamlConfigurationTest" classname="Hyde.Framework.Testing.Feature.LoadYamlConfigurationTest" assertions="9" time="0.041772"/>
        <testcase name="Can define multiple config settings in hyde yml file" file="Load Yaml Configuration (Hyde\Framework\Testing\Feature\LoadYamlConfiguration)::Can define multiple config settings in hyde yml file" class="Hyde\Framework\Testing\Feature\LoadYamlConfigurationTest" classname="Hyde.Framework.Testing.Feature.LoadYamlConfigurationTest" assertions="3" time="0.033436"/>
        <testcase name="Bootstrapper applies yaml configuration when present" file="Load Yaml Configuration (Hyde\Framework\Testing\Feature\LoadYamlConfiguration)::Bootstrapper applies yaml configuration when present" class="Hyde\Framework\Testing\Feature\LoadYamlConfigurationTest" classname="Hyde.Framework.Testing.Feature.LoadYamlConfigurationTest" assertions="1" time="0.020895"/>
        <testcase name="Changes in yaml file override changes in hyde config" file="Load Yaml Configuration (Hyde\Framework\Testing\Feature\LoadYamlConfiguration)::Changes in yaml file override changes in hyde config" class="Hyde\Framework\Testing\Feature\LoadYamlConfigurationTest" classname="Hyde.Framework.Testing.Feature.LoadYamlConfigurationTest" assertions="1" time="0.020430"/>
        <testcase name="Changes in yaml file override changes in hyde config when using yaml extension" file="Load Yaml Configuration (Hyde\Framework\Testing\Feature\LoadYamlConfiguration)::Changes in yaml file override changes in hyde config when using yaml extension" class="Hyde\Framework\Testing\Feature\LoadYamlConfigurationTest" classname="Hyde.Framework.Testing.Feature.LoadYamlConfigurationTest" assertions="1" time="0.020450"/>
        <testcase name="Service gracefully handles missing file" file="Load Yaml Configuration (Hyde\Framework\Testing\Feature\LoadYamlConfiguration)::Service gracefully handles missing file" class="Hyde\Framework\Testing\Feature\LoadYamlConfigurationTest" classname="Hyde.Framework.Testing.Feature.LoadYamlConfigurationTest" assertions="1" time="0.019775"/>
        <testcase name="Service gracefully handles empty file" file="Load Yaml Configuration (Hyde\Framework\Testing\Feature\LoadYamlConfiguration)::Service gracefully handles empty file" class="Hyde\Framework\Testing\Feature\LoadYamlConfigurationTest" classname="Hyde.Framework.Testing.Feature.LoadYamlConfigurationTest" assertions="1" time="0.020104"/>
        <testcase name="Can add arbitrary config keys" file="Load Yaml Configuration (Hyde\Framework\Testing\Feature\LoadYamlConfiguration)::Can add arbitrary config keys" class="Hyde\Framework\Testing\Feature\LoadYamlConfigurationTest" classname="Hyde.Framework.Testing.Feature.LoadYamlConfigurationTest" assertions="1" time="0.020494"/>
        <testcase name="Configuration options are merged" file="Load Yaml Configuration (Hyde\Framework\Testing\Feature\LoadYamlConfiguration)::Configuration options are merged" class="Hyde\Framework\Testing\Feature\LoadYamlConfigurationTest" classname="Hyde.Framework.Testing.Feature.LoadYamlConfigurationTest" assertions="1" time="0.020473"/>
        <testcase name="Can add configuration options in namespaced array" file="Load Yaml Configuration (Hyde\Framework\Testing\Feature\LoadYamlConfiguration)::Can add configuration options in namespaced array" class="Hyde\Framework\Testing\Feature\LoadYamlConfigurationTest" classname="Hyde.Framework.Testing.Feature.LoadYamlConfigurationTest" assertions="3" time="0.020994"/>
        <testcase name="Can add arbitrary namespaced data" file="Load Yaml Configuration (Hyde\Framework\Testing\Feature\LoadYamlConfiguration)::Can add arbitrary namespaced data" class="Hyde\Framework\Testing\Feature\LoadYamlConfigurationTest" classname="Hyde.Framework.Testing.Feature.LoadYamlConfigurationTest" assertions="1" time="0.020733"/>
        <testcase name="Additional namespaces require the hyde namespace to be present" file="Load Yaml Configuration (Hyde\Framework\Testing\Feature\LoadYamlConfiguration)::Additional namespaces require the hyde namespace to be present" class="Hyde\Framework\Testing\Feature\LoadYamlConfigurationTest" classname="Hyde.Framework.Testing.Feature.LoadYamlConfigurationTest" assertions="1" time="0.020516"/>
        <testcase name="Additional namespaces requires hyde namespace to be the first entry" file="Load Yaml Configuration (Hyde\Framework\Testing\Feature\LoadYamlConfiguration)::Additional namespaces requires hyde namespace to be the first entry" class="Hyde\Framework\Testing\Feature\LoadYamlConfigurationTest" classname="Hyde.Framework.Testing.Feature.LoadYamlConfigurationTest" assertions="1" time="0.020647"/>
        <testcase name="Hyde namespace can be empty" file="Load Yaml Configuration (Hyde\Framework\Testing\Feature\LoadYamlConfiguration)::Hyde namespace can be empty" class="Hyde\Framework\Testing\Feature\LoadYamlConfigurationTest" classname="Hyde.Framework.Testing.Feature.LoadYamlConfigurationTest" assertions="1" time="0.020637"/>
        <testcase name="Hyde namespace can be null" file="Load Yaml Configuration (Hyde\Framework\Testing\Feature\LoadYamlConfiguration)::Hyde namespace can be null" class="Hyde\Framework\Testing\Feature\LoadYamlConfigurationTest" classname="Hyde.Framework.Testing.Feature.LoadYamlConfigurationTest" assertions="1" time="0.020875"/>
        <testcase name="Hyde namespace can blank" file="Load Yaml Configuration (Hyde\Framework\Testing\Feature\LoadYamlConfiguration)::Hyde namespace can blank" class="Hyde\Framework\Testing\Feature\LoadYamlConfigurationTest" classname="Hyde.Framework.Testing.Feature.LoadYamlConfigurationTest" assertions="1" time="0.020617"/>
        <testcase name="Dot notation can be used" file="Load Yaml Configuration (Hyde\Framework\Testing\Feature\LoadYamlConfiguration)::Dot notation can be used" class="Hyde\Framework\Testing\Feature\LoadYamlConfigurationTest" classname="Hyde.Framework.Testing.Feature.LoadYamlConfigurationTest" assertions="2" time="0.020761"/>
        <testcase name="Dot notation can be used with namespaces" file="Load Yaml Configuration (Hyde\Framework\Testing\Feature\LoadYamlConfiguration)::Dot notation can be used with namespaces" class="Hyde\Framework\Testing\Feature\LoadYamlConfigurationTest" classname="Hyde.Framework.Testing.Feature.LoadYamlConfigurationTest" assertions="3" time="0.021680"/>
      </testsuite>
      <testsuite name="Hyde\Framework\Testing\Feature\MarkdownFileParserTest" file="Markdown File Parser (Hyde\Framework\Testing\Feature\MarkdownFileParser)" tests="4" assertions="13" errors="0" failures="0" skipped="0" time="0.036486">
        <testcase name="Can parse markdown file" file="Markdown File Parser (Hyde\Framework\Testing\Feature\MarkdownFileParser)::Can parse markdown file" class="Hyde\Framework\Testing\Feature\MarkdownFileParserTest" classname="Hyde.Framework.Testing.Feature.MarkdownFileParserTest" assertions="3" time="0.026336"/>
        <testcase name="Can parse markdown file with front matter" file="Markdown File Parser (Hyde\Framework\Testing\Feature\MarkdownFileParser)::Can parse markdown file with front matter" class="Hyde\Framework\Testing\Feature\MarkdownFileParserTest" classname="Hyde.Framework.Testing.Feature.MarkdownFileParserTest" assertions="3" time="0.003453"/>
        <testcase name="Parsed markdown post contains valid front matter" file="Markdown File Parser (Hyde\Framework\Testing\Feature\MarkdownFileParser)::Parsed markdown post contains valid front matter" class="Hyde\Framework\Testing\Feature\MarkdownFileParserTest" classname="Hyde.Framework.Testing.Feature.MarkdownFileParserTest" assertions="3" time="0.003342"/>
        <testcase name="Can parse markdown file with front matter and no markdown body" file="Markdown File Parser (Hyde\Framework\Testing\Feature\MarkdownFileParser)::Can parse markdown file with front matter and no markdown body" class="Hyde\Framework\Testing\Feature\MarkdownFileParserTest" classname="Hyde.Framework.Testing.Feature.MarkdownFileParserTest" assertions="4" time="0.003355"/>
      </testsuite>
      <testsuite name="Hyde\Framework\Testing\Feature\MarkdownPostTest" file="Markdown Post (Hyde\Framework\Testing\Feature\MarkdownPost)" tests="9" assertions="22" errors="0" failures="0" skipped="0" time="0.195399">
        <testcase name="Constructor can create a new author instance from username string" file="Markdown Post (Hyde\Framework\Testing\Feature\MarkdownPost)::Constructor can create a new author instance from username string" class="Hyde\Framework\Testing\Feature\MarkdownPostTest" classname="Hyde.Framework.Testing.Feature.MarkdownPostTest" assertions="4" time="0.026175"/>
        <testcase name="Constructor can create a new author instance from user array" file="Markdown Post (Hyde\Framework\Testing\Feature\MarkdownPost)::Constructor can create a new author instance from user array" class="Hyde\Framework\Testing\Feature\MarkdownPostTest" classname="Hyde.Framework.Testing.Feature.MarkdownPostTest" assertions="4" time="0.020989"/>
        <testcase name="Constructor can create a new image instance from a string" file="Markdown Post (Hyde\Framework\Testing\Feature\MarkdownPost)::Constructor can create a new image instance from a string" class="Hyde\Framework\Testing\Feature\MarkdownPostTest" classname="Hyde.Framework.Testing.Feature.MarkdownPostTest" assertions="2" time="0.021040"/>
        <testcase name="Constructor can create a new image instance from an array" file="Markdown Post (Hyde\Framework\Testing\Feature\MarkdownPost)::Constructor can create a new image instance from an array" class="Hyde\Framework\Testing\Feature\MarkdownPostTest" classname="Hyde.Framework.Testing.Feature.MarkdownPostTest" assertions="2" time="0.021112"/>
        <testcase name="Constructor can create a new date string instance from matter" file="Markdown Post (Hyde\Framework\Testing\Feature\MarkdownPost)::Constructor can create a new date string instance from matter" class="Hyde\Framework\Testing\Feature\MarkdownPostTest" classname="Hyde.Framework.Testing.Feature.MarkdownPostTest" assertions="2" time="0.021129"/>
        <testcase name="Featured image can be constructed returns null when no image is set in the page matter" file="Markdown Post (Hyde\Framework\Testing\Feature\MarkdownPost)::Featured image can be constructed returns null when no image is set in the page matter" class="Hyde\Framework\Testing\Feature\MarkdownPostTest" classname="Hyde.Framework.Testing.Feature.MarkdownPostTest" assertions="1" time="0.020829"/>
        <testcase name="Featured image can be constructed returns image object with local path when matter is string" file="Markdown Post (Hyde\Framework\Testing\Feature\MarkdownPost)::Featured image can be constructed returns image object with local path when matter is string" class="Hyde\Framework\Testing\Feature\MarkdownPostTest" classname="Hyde.Framework.Testing.Feature.MarkdownPostTest" assertions="2" time="0.021423"/>
        <testcase name="Featured image can be constructed returns image object with remote path when matter is string" file="Markdown Post (Hyde\Framework\Testing\Feature\MarkdownPost)::Featured image can be constructed returns image object with remote path when matter is string" class="Hyde\Framework\Testing\Feature\MarkdownPostTest" classname="Hyde.Framework.Testing.Feature.MarkdownPostTest" assertions="2" time="0.021136"/>
        <testcase name="Featured image can be constructed returns image object with supplied data when matter is array" file="Markdown Post (Hyde\Framework\Testing\Feature\MarkdownPost)::Featured image can be constructed returns image object with supplied data when matter is array" class="Hyde\Framework\Testing\Feature\MarkdownPostTest" classname="Hyde.Framework.Testing.Feature.MarkdownPostTest" assertions="3" time="0.021567"/>
      </testsuite>
      <testsuite name="Hyde\Framework\Testing\Feature\MarkdownServiceTest" file="Markdown Service (Hyde\Framework\Testing\Feature\MarkdownService)" tests="31" assertions="38" errors="0" failures="0" skipped="0" time="0.692484">
        <testcase name="Service can parse markdown to html" file="Markdown Service (Hyde\Framework\Testing\Feature\MarkdownService)::Service can parse markdown to html" class="Hyde\Framework\Testing\Feature\MarkdownServiceTest" classname="Hyde.Framework.Testing.Feature.MarkdownServiceTest" assertions="2" time="0.046324"/>
        <testcase name="Service can parse markdown to html with permalinks" file="Markdown Service (Hyde\Framework\Testing\Feature\MarkdownService)::Service can parse markdown to html with permalinks" class="Hyde\Framework\Testing\Feature\MarkdownServiceTest" classname="Hyde.Framework.Testing.Feature.MarkdownServiceTest" assertions="2" time="0.022304"/>
        <testcase name="Torchlight extension is not enabled by default" file="Markdown Service (Hyde\Framework\Testing\Feature\MarkdownService)::Torchlight extension is not enabled by default" class="Hyde\Framework\Testing\Feature\MarkdownServiceTest" classname="Hyde.Framework.Testing.Feature.MarkdownServiceTest" assertions="1" time="0.021417"/>
        <testcase name="Torchlight extension is enabled automatically when has torchlight feature" file="Markdown Service (Hyde\Framework\Testing\Feature\MarkdownService)::Torchlight extension is enabled automatically when has torchlight feature" class="Hyde\Framework\Testing\Feature\MarkdownServiceTest" classname="Hyde.Framework.Testing.Feature.MarkdownServiceTest" assertions="1" time="0.022639"/>
        <testcase name="Torchlight integration injects attribution" file="Markdown Service (Hyde\Framework\Testing\Feature\MarkdownService)::Torchlight integration injects attribution" class="Hyde\Framework\Testing\Feature\MarkdownServiceTest" classname="Hyde.Framework.Testing.Feature.MarkdownServiceTest" assertions="1" time="0.022583"/>
        <testcase name="Bladedown is not enabled by default" file="Markdown Service (Hyde\Framework\Testing\Feature\MarkdownService)::Bladedown is not enabled by default" class="Hyde\Framework\Testing\Feature\MarkdownServiceTest" classname="Hyde.Framework.Testing.Feature.MarkdownServiceTest" assertions="1" time="0.022623"/>
        <testcase name="Bladedown can be enabled" file="Markdown Service (Hyde\Framework\Testing\Feature\MarkdownService)::Bladedown can be enabled" class="Hyde\Framework\Testing\Feature\MarkdownServiceTest" classname="Hyde.Framework.Testing.Feature.MarkdownServiceTest" assertions="1" time="0.038924"/>
        <testcase name="Raw html tags are stripped by default" file="Markdown Service (Hyde\Framework\Testing\Feature\MarkdownService)::Raw html tags are stripped by default" class="Hyde\Framework\Testing\Feature\MarkdownServiceTest" classname="Hyde.Framework.Testing.Feature.MarkdownServiceTest" assertions="1" time="0.021538"/>
        <testcase name="Raw html tags are not stripped when explicitly enabled" file="Markdown Service (Hyde\Framework\Testing\Feature\MarkdownService)::Raw html tags are not stripped when explicitly enabled" class="Hyde\Framework\Testing\Feature\MarkdownServiceTest" classname="Hyde.Framework.Testing.Feature.MarkdownServiceTest" assertions="1" time="0.021442"/>
        <testcase name="Has features array" file="Markdown Service (Hyde\Framework\Testing\Feature\MarkdownService)::Has features array" class="Hyde\Framework\Testing\Feature\MarkdownServiceTest" classname="Hyde.Framework.Testing.Feature.MarkdownServiceTest" assertions="1" time="0.019754"/>
        <testcase name="The features array is empty by default" file="Markdown Service (Hyde\Framework\Testing\Feature\MarkdownService)::The features array is empty by default" class="Hyde\Framework\Testing\Feature\MarkdownServiceTest" classname="Hyde.Framework.Testing.Feature.MarkdownServiceTest" assertions="1" time="0.019668"/>
        <testcase name="Features can be added to the array" file="Markdown Service (Hyde\Framework\Testing\Feature\MarkdownService)::Features can be added to the array" class="Hyde\Framework\Testing\Feature\MarkdownServiceTest" classname="Hyde.Framework.Testing.Feature.MarkdownServiceTest" assertions="1" time="0.019653"/>
        <testcase name="Features can be removed from the array" file="Markdown Service (Hyde\Framework\Testing\Feature\MarkdownService)::Features can be removed from the array" class="Hyde\Framework\Testing\Feature\MarkdownServiceTest" classname="Hyde.Framework.Testing.Feature.MarkdownServiceTest" assertions="1" time="0.024158"/>
        <testcase name="Method chaining can be used to programmatically add features to the array" file="Markdown Service (Hyde\Framework\Testing\Feature\MarkdownService)::Method chaining can be used to programmatically add features to the array" class="Hyde\Framework\Testing\Feature\MarkdownServiceTest" classname="Hyde.Framework.Testing.Feature.MarkdownServiceTest" assertions="2" time="0.020045"/>
        <testcase name="Method chaining can be used to programmatically remove features from the array" file="Markdown Service (Hyde\Framework\Testing\Feature\MarkdownService)::Method chaining can be used to programmatically remove features from the array" class="Hyde\Framework\Testing\Feature\MarkdownServiceTest" classname="Hyde.Framework.Testing.Feature.MarkdownServiceTest" assertions="2" time="0.020016"/>
        <testcase name="Method with table of contents method chain adds the table of contents feature" file="Markdown Service (Hyde\Framework\Testing\Feature\MarkdownService)::Method with table of contents method chain adds the table of contents feature" class="Hyde\Framework\Testing\Feature\MarkdownServiceTest" classname="Hyde.Framework.Testing.Feature.MarkdownServiceTest" assertions="1" time="0.019797"/>
        <testcase name="Method with permalinks method chain adds the permalinks feature" file="Markdown Service (Hyde\Framework\Testing\Feature\MarkdownService)::Method with permalinks method chain adds the permalinks feature" class="Hyde\Framework\Testing\Feature\MarkdownServiceTest" classname="Hyde.Framework.Testing.Feature.MarkdownServiceTest" assertions="1" time="0.019838"/>
        <testcase name="Has feature returns true if the feature is in the array" file="Markdown Service (Hyde\Framework\Testing\Feature\MarkdownService)::Has feature returns true if the feature is in the array" class="Hyde\Framework\Testing\Feature\MarkdownServiceTest" classname="Hyde.Framework.Testing.Feature.MarkdownServiceTest" assertions="1" time="0.019695"/>
        <testcase name="Has feature returns false if the feature is not in the array" file="Markdown Service (Hyde\Framework\Testing\Feature\MarkdownService)::Has feature returns false if the feature is not in the array" class="Hyde\Framework\Testing\Feature\MarkdownServiceTest" classname="Hyde.Framework.Testing.Feature.MarkdownServiceTest" assertions="1" time="0.019744"/>
        <testcase name="Method can enable permalinks returns true if the permalinks feature is in the array" file="Markdown Service (Hyde\Framework\Testing\Feature\MarkdownService)::Method can enable permalinks returns true if the permalinks feature is in the array" class="Hyde\Framework\Testing\Feature\MarkdownServiceTest" classname="Hyde.Framework.Testing.Feature.MarkdownServiceTest" assertions="1" time="0.019778"/>
        <testcase name="Method can enable permalinks is automatically for documentation pages" file="Markdown Service (Hyde\Framework\Testing\Feature\MarkdownService)::Method can enable permalinks is automatically for documentation pages" class="Hyde\Framework\Testing\Feature\MarkdownServiceTest" classname="Hyde.Framework.Testing.Feature.MarkdownServiceTest" assertions="1" time="0.019840"/>
        <testcase name="Method can enable permalinks returns false if the permalinks feature is not in the array" file="Markdown Service (Hyde\Framework\Testing\Feature\MarkdownService)::Method can enable permalinks returns false if the permalinks feature is not in the array" class="Hyde\Framework\Testing\Feature\MarkdownServiceTest" classname="Hyde.Framework.Testing.Feature.MarkdownServiceTest" assertions="1" time="0.019729"/>
        <testcase name="Method can enable torchlight returns true if the torchlight feature is in the array" file="Markdown Service (Hyde\Framework\Testing\Feature\MarkdownService)::Method can enable torchlight returns true if the torchlight feature is in the array" class="Hyde\Framework\Testing\Feature\MarkdownServiceTest" classname="Hyde.Framework.Testing.Feature.MarkdownServiceTest" assertions="1" time="0.019813"/>
        <testcase name="Method can enable torchlight returns false if the torchlight feature is not in the array" file="Markdown Service (Hyde\Framework\Testing\Feature\MarkdownService)::Method can enable torchlight returns false if the torchlight feature is not in the array" class="Hyde\Framework\Testing\Feature\MarkdownServiceTest" classname="Hyde.Framework.Testing.Feature.MarkdownServiceTest" assertions="1" time="0.019879"/>
        <testcase name="Strip indentation method with unindented markdown" file="Markdown Service (Hyde\Framework\Testing\Feature\MarkdownService)::Strip indentation method with unindented markdown" class="Hyde\Framework\Testing\Feature\MarkdownServiceTest" classname="Hyde.Framework.Testing.Feature.MarkdownServiceTest" assertions="1" time="0.032510"/>
        <testcase name="Strip indentation method with indented markdown" file="Markdown Service (Hyde\Framework\Testing\Feature\MarkdownService)::Strip indentation method with indented markdown" class="Hyde\Framework\Testing\Feature\MarkdownServiceTest" classname="Hyde.Framework.Testing.Feature.MarkdownServiceTest" assertions="3" time="0.019958"/>
        <testcase name="Strip indentation method with tab indented markdown" file="Markdown Service (Hyde\Framework\Testing\Feature\MarkdownService)::Strip indentation method with tab indented markdown" class="Hyde\Framework\Testing\Feature\MarkdownServiceTest" classname="Hyde.Framework.Testing.Feature.MarkdownServiceTest" assertions="1" time="0.019676"/>
        <testcase name="Strip indentation method with carriage return line feed" file="Markdown Service (Hyde\Framework\Testing\Feature\MarkdownService)::Strip indentation method with carriage return line feed" class="Hyde\Framework\Testing\Feature\MarkdownServiceTest" classname="Hyde.Framework.Testing.Feature.MarkdownServiceTest" assertions="1" time="0.019781"/>
        <testcase name="Strip indentation method with code indentation" file="Markdown Service (Hyde\Framework\Testing\Feature\MarkdownService)::Strip indentation method with code indentation" class="Hyde\Framework\Testing\Feature\MarkdownServiceTest" classname="Hyde.Framework.Testing.Feature.MarkdownServiceTest" assertions="1" time="0.019694"/>
        <testcase name="Strip indentation method with empty newlines" file="Markdown Service (Hyde\Framework\Testing\Feature\MarkdownService)::Strip indentation method with empty newlines" class="Hyde\Framework\Testing\Feature\MarkdownServiceTest" classname="Hyde.Framework.Testing.Feature.MarkdownServiceTest" assertions="2" time="0.019922"/>
        <testcase name="Strip indentation method with trailing newline" file="Markdown Service (Hyde\Framework\Testing\Feature\MarkdownService)::Strip indentation method with trailing newline" class="Hyde\Framework\Testing\Feature\MarkdownServiceTest" classname="Hyde.Framework.Testing.Feature.MarkdownServiceTest" assertions="1" time="0.019743"/>
      </testsuite>
      <testsuite name="Hyde\Framework\Testing\Feature\MetadataHelperTest" file="Metadata Helper (Hyde\Framework\Testing\Feature\MetadataHelper)" tests="9" assertions="9" errors="0" failures="0" skipped="0" time="0.215848">
        <testcase name="Name method returns a valid html meta string" file="Metadata Helper (Hyde\Framework\Testing\Feature\MetadataHelper)::Name method returns a valid html meta string" class="Hyde\Framework\Testing\Feature\MetadataHelperTest" classname="Hyde.Framework.Testing.Feature.MetadataHelperTest" assertions="1" time="0.059208"/>
        <testcase name="Property method returns a valid html meta string" file="Metadata Helper (Hyde\Framework\Testing\Feature\MetadataHelper)::Property method returns a valid html meta string" class="Hyde\Framework\Testing\Feature\MetadataHelperTest" classname="Hyde.Framework.Testing.Feature.MetadataHelperTest" assertions="1" time="0.019275"/>
        <testcase name="Property method accepts property with og prefix" file="Metadata Helper (Hyde\Framework\Testing\Feature\MetadataHelper)::Property method accepts property with og prefix" class="Hyde\Framework\Testing\Feature\MetadataHelperTest" classname="Hyde.Framework.Testing.Feature.MetadataHelperTest" assertions="1" time="0.019414"/>
        <testcase name="Property method accepts property without og prefix" file="Metadata Helper (Hyde\Framework\Testing\Feature\MetadataHelper)::Property method accepts property without og prefix" class="Hyde\Framework\Testing\Feature\MetadataHelperTest" classname="Hyde.Framework.Testing.Feature.MetadataHelperTest" assertions="1" time="0.019336"/>
        <testcase name="Link method returns a valid html link string" file="Metadata Helper (Hyde\Framework\Testing\Feature\MetadataHelper)::Link method returns a valid html link string" class="Hyde\Framework\Testing\Feature\MetadataHelperTest" classname="Hyde.Framework.Testing.Feature.MetadataHelperTest" assertions="1" time="0.019456"/>
        <testcase name="Link method returns a valid html link string with attributes" file="Metadata Helper (Hyde\Framework\Testing\Feature\MetadataHelper)::Link method returns a valid html link string with attributes" class="Hyde\Framework\Testing\Feature\MetadataHelperTest" classname="Hyde.Framework.Testing.Feature.MetadataHelperTest" assertions="1" time="0.019613"/>
        <testcase name="Link method returns a valid html link string with multiple attributes" file="Metadata Helper (Hyde\Framework\Testing\Feature\MetadataHelper)::Link method returns a valid html link string with multiple attributes" class="Hyde\Framework\Testing\Feature\MetadataHelperTest" classname="Hyde.Framework.Testing.Feature.MetadataHelperTest" assertions="1" time="0.019589"/>
        <testcase name="Get method returns global metadata bag" file="Metadata Helper (Hyde\Framework\Testing\Feature\MetadataHelper)::Get method returns global metadata bag" class="Hyde\Framework\Testing\Feature\MetadataHelperTest" classname="Hyde.Framework.Testing.Feature.MetadataHelperTest" assertions="1" time="0.020045"/>
        <testcase name="Render method renders global metadata bag" file="Metadata Helper (Hyde\Framework\Testing\Feature\MetadataHelper)::Render method renders global metadata bag" class="Hyde\Framework\Testing\Feature\MetadataHelperTest" classname="Hyde.Framework.Testing.Feature.MetadataHelperTest" assertions="1" time="0.019913"/>
      </testsuite>
      <testsuite name="Hyde\Framework\Testing\Feature\MetadataTest" file="Metadata (Hyde\Framework\Testing\Feature\Metadata)" tests="48" assertions="55" errors="0" failures="0" skipped="0" time="1.054933">
        <testcase name="Metadata object is generated automatically" file="Metadata (Hyde\Framework\Testing\Feature\Metadata)::Metadata object is generated automatically" class="Hyde\Framework\Testing\Feature\MetadataTest" classname="Hyde.Framework.Testing.Feature.MetadataTest" assertions="3" time="0.033012"/>
        <testcase name="Link item model" file="Metadata (Hyde\Framework\Testing\Feature\Metadata)::Link item model" class="Hyde\Framework\Testing\Feature\MetadataTest" classname="Hyde.Framework.Testing.Feature.MetadataTest" assertions="3" time="0.019758"/>
        <testcase name="Metadata item model" file="Metadata (Hyde\Framework\Testing\Feature\Metadata)::Metadata item model" class="Hyde\Framework\Testing\Feature\MetadataTest" classname="Hyde.Framework.Testing.Feature.MetadataTest" assertions="2" time="0.019659"/>
        <testcase name="Open graph item model" file="Metadata (Hyde\Framework\Testing\Feature\Metadata)::Open graph item model" class="Hyde\Framework\Testing\Feature\MetadataTest" classname="Hyde.Framework.Testing.Feature.MetadataTest" assertions="3" time="0.019910"/>
        <testcase name="Link item can be added" file="Metadata (Hyde\Framework\Testing\Feature\Metadata)::Link item can be added" class="Hyde\Framework\Testing\Feature\MetadataTest" classname="Hyde.Framework.Testing.Feature.MetadataTest" assertions="1" time="0.021011"/>
        <testcase name="Metadata item can be added" file="Metadata (Hyde\Framework\Testing\Feature\Metadata)::Metadata item can be added" class="Hyde\Framework\Testing\Feature\MetadataTest" classname="Hyde.Framework.Testing.Feature.MetadataTest" assertions="1" time="0.020699"/>
        <testcase name="Open graph item can be added" file="Metadata (Hyde\Framework\Testing\Feature\Metadata)::Open graph item can be added" class="Hyde\Framework\Testing\Feature\MetadataTest" classname="Hyde.Framework.Testing.Feature.MetadataTest" assertions="1" time="0.020678"/>
        <testcase name="Generic item can be added" file="Metadata (Hyde\Framework\Testing\Feature\Metadata)::Generic item can be added" class="Hyde\Framework\Testing\Feature\MetadataTest" classname="Hyde.Framework.Testing.Feature.MetadataTest" assertions="1" time="0.020581"/>
        <testcase name="Multiple items can be accessed with get method" file="Metadata (Hyde\Framework\Testing\Feature\Metadata)::Multiple items can be accessed with get method" class="Hyde\Framework\Testing\Feature\MetadataTest" classname="Hyde.Framework.Testing.Feature.MetadataTest" assertions="1" time="0.021147"/>
        <testcase name="Multiple items of same key and type only keeps latest" file="Metadata (Hyde\Framework\Testing\Feature\Metadata)::Multiple items of same key and type only keeps latest" class="Hyde\Framework\Testing\Feature\MetadataTest" classname="Hyde.Framework.Testing.Feature.MetadataTest" assertions="1" time="0.020902"/>
        <testcase name="Render returns html string of imploded metadata arrays" file="Metadata (Hyde\Framework\Testing\Feature\Metadata)::Render returns html string of imploded metadata arrays" class="Hyde\Framework\Testing\Feature\MetadataTest" classname="Hyde.Framework.Testing.Feature.MetadataTest" assertions="1" time="0.034628"/>
        <testcase name="Custom metadata overrides config defined metadata" file="Metadata (Hyde\Framework\Testing\Feature\Metadata)::Custom metadata overrides config defined metadata" class="Hyde\Framework\Testing\Feature\MetadataTest" classname="Hyde.Framework.Testing.Feature.MetadataTest" assertions="1" time="0.021079"/>
        <testcase name="Dynamic metadata overrides config defined metadata" file="Metadata (Hyde\Framework\Testing\Feature\Metadata)::Dynamic metadata overrides config defined metadata" class="Hyde\Framework\Testing\Feature\MetadataTest" classname="Hyde.Framework.Testing.Feature.MetadataTest" assertions="1" time="0.021064"/>
        <testcase name="Does not add canonical link when base url is not set" file="Metadata (Hyde\Framework\Testing\Feature\Metadata)::Does not add canonical link when base url is not set" class="Hyde\Framework\Testing\Feature\MetadataTest" classname="Hyde.Framework.Testing.Feature.MetadataTest" assertions="1" time="0.020779"/>
        <testcase name="Does not add canonical link when identifier is not set" file="Metadata (Hyde\Framework\Testing\Feature\Metadata)::Does not add canonical link when identifier is not set" class="Hyde\Framework\Testing\Feature\MetadataTest" classname="Hyde.Framework.Testing.Feature.MetadataTest" assertions="1" time="0.020633"/>
        <testcase name="Adds canonical link when base url and identifier is set" file="Metadata (Hyde\Framework\Testing\Feature\Metadata)::Adds canonical link when base url and identifier is set" class="Hyde\Framework\Testing\Feature\MetadataTest" classname="Hyde.Framework.Testing.Feature.MetadataTest" assertions="1" time="0.026828"/>
        <testcase name="Canonical link uses clean url setting" file="Metadata (Hyde\Framework\Testing\Feature\Metadata)::Canonical link uses clean url setting" class="Hyde\Framework\Testing\Feature\MetadataTest" classname="Hyde.Framework.Testing.Feature.MetadataTest" assertions="1" time="0.021249"/>
        <testcase name="Can override canonical link with front matter" file="Metadata (Hyde\Framework\Testing\Feature\Metadata)::Can override canonical link with front matter" class="Hyde\Framework\Testing\Feature\MetadataTest" classname="Hyde.Framework.Testing.Feature.MetadataTest" assertions="1" time="0.020808"/>
        <testcase name="Adds twitter and open graph title when title is set" file="Metadata (Hyde\Framework\Testing\Feature\Metadata)::Adds twitter and open graph title when title is set" class="Hyde\Framework\Testing\Feature\MetadataTest" classname="Hyde.Framework.Testing.Feature.MetadataTest" assertions="1" time="0.020787"/>
        <testcase name="Does not add twitter and open graph title when no title is set" file="Metadata (Hyde\Framework\Testing\Feature\Metadata)::Does not add twitter and open graph title when no title is set" class="Hyde\Framework\Testing\Feature\MetadataTest" classname="Hyde.Framework.Testing.Feature.MetadataTest" assertions="1" time="0.020732"/>
        <testcase name="Adds description when description is set in post" file="Metadata (Hyde\Framework\Testing\Feature\Metadata)::Adds description when description is set in post" class="Hyde\Framework\Testing\Feature\MetadataTest" classname="Hyde.Framework.Testing.Feature.MetadataTest" assertions="1" time="0.021074"/>
        <testcase name="Does not add description when description is not set in post" file="Metadata (Hyde\Framework\Testing\Feature\Metadata)::Does not add description when description is not set in post" class="Hyde\Framework\Testing\Feature\MetadataTest" classname="Hyde.Framework.Testing.Feature.MetadataTest" assertions="1" time="0.021191"/>
        <testcase name="Adds author when author is set in post" file="Metadata (Hyde\Framework\Testing\Feature\Metadata)::Adds author when author is set in post" class="Hyde\Framework\Testing\Feature\MetadataTest" classname="Hyde.Framework.Testing.Feature.MetadataTest" assertions="1" time="0.021164"/>
        <testcase name="Does not add author when author is not set in post" file="Metadata (Hyde\Framework\Testing\Feature\Metadata)::Does not add author when author is not set in post" class="Hyde\Framework\Testing\Feature\MetadataTest" classname="Hyde.Framework.Testing.Feature.MetadataTest" assertions="1" time="0.021145"/>
        <testcase name="Adds keywords when category is set in post" file="Metadata (Hyde\Framework\Testing\Feature\Metadata)::Adds keywords when category is set in post" class="Hyde\Framework\Testing\Feature\MetadataTest" classname="Hyde.Framework.Testing.Feature.MetadataTest" assertions="1" time="0.021310"/>
        <testcase name="Does not add keywords when category is not set in post" file="Metadata (Hyde\Framework\Testing\Feature\Metadata)::Does not add keywords when category is not set in post" class="Hyde\Framework\Testing\Feature\MetadataTest" classname="Hyde.Framework.Testing.Feature.MetadataTest" assertions="1" time="0.021169"/>
        <testcase name="Adds url property when canonical url is set in post" file="Metadata (Hyde\Framework\Testing\Feature\Metadata)::Adds url property when canonical url is set in post" class="Hyde\Framework\Testing\Feature\MetadataTest" classname="Hyde.Framework.Testing.Feature.MetadataTest" assertions="1" time="0.021163"/>
        <testcase name="Does not add url property when canonical url is not set in post" file="Metadata (Hyde\Framework\Testing\Feature\Metadata)::Does not add url property when canonical url is not set in post" class="Hyde\Framework\Testing\Feature\MetadataTest" classname="Hyde.Framework.Testing.Feature.MetadataTest" assertions="1" time="0.021070"/>
        <testcase name="Does not add url property when canonical url is null" file="Metadata (Hyde\Framework\Testing\Feature\Metadata)::Does not add url property when canonical url is null" class="Hyde\Framework\Testing\Feature\MetadataTest" classname="Hyde.Framework.Testing.Feature.MetadataTest" assertions="1" time="0.021135"/>
        <testcase name="Adds title property when title is set in post" file="Metadata (Hyde\Framework\Testing\Feature\Metadata)::Adds title property when title is set in post" class="Hyde\Framework\Testing\Feature\MetadataTest" classname="Hyde.Framework.Testing.Feature.MetadataTest" assertions="1" time="0.021052"/>
        <testcase name="Does not add title property when title is not set in post" file="Metadata (Hyde\Framework\Testing\Feature\Metadata)::Does not add title property when title is not set in post" class="Hyde\Framework\Testing\Feature\MetadataTest" classname="Hyde.Framework.Testing.Feature.MetadataTest" assertions="1" time="0.021271"/>
        <testcase name="Adds published time property when date is set in post" file="Metadata (Hyde\Framework\Testing\Feature\Metadata)::Adds published time property when date is set in post" class="Hyde\Framework\Testing\Feature\MetadataTest" classname="Hyde.Framework.Testing.Feature.MetadataTest" assertions="1" time="0.021044"/>
        <testcase name="Does not add published time property when date is not set in post" file="Metadata (Hyde\Framework\Testing\Feature\Metadata)::Does not add published time property when date is not set in post" class="Hyde\Framework\Testing\Feature\MetadataTest" classname="Hyde.Framework.Testing.Feature.MetadataTest" assertions="1" time="0.021020"/>
        <testcase name="Adds image property when image is set in post" file="Metadata (Hyde\Framework\Testing\Feature\Metadata)::Adds image property when image is set in post" class="Hyde\Framework\Testing\Feature\MetadataTest" classname="Hyde.Framework.Testing.Feature.MetadataTest" assertions="1" time="0.021480"/>
        <testcase name="Does not add image property when image is not set in post" file="Metadata (Hyde\Framework\Testing\Feature\Metadata)::Does not add image property when image is not set in post" class="Hyde\Framework\Testing\Feature\MetadataTest" classname="Hyde.Framework.Testing.Feature.MetadataTest" assertions="1" time="0.021073"/>
        <testcase name="Adds type property automatically" file="Metadata (Hyde\Framework\Testing\Feature\Metadata)::Adds type property automatically" class="Hyde\Framework\Testing\Feature\MetadataTest" classname="Hyde.Framework.Testing.Feature.MetadataTest" assertions="1" time="0.021010"/>
        <testcase name="Dynamic post meta properties returns base array when initialized with empty front matter" file="Metadata (Hyde\Framework\Testing\Feature\Metadata)::Dynamic post meta properties returns base array when initialized with empty front matter" class="Hyde\Framework\Testing\Feature\MetadataTest" classname="Hyde.Framework.Testing.Feature.MetadataTest" assertions="1" time="0.020961"/>
        <testcase name="Dynamic post meta properties contains image metadata when featured image set to string" file="Metadata (Hyde\Framework\Testing\Feature\Metadata)::Dynamic post meta properties contains image metadata when featured image set to string" class="Hyde\Framework\Testing\Feature\MetadataTest" classname="Hyde.Framework.Testing.Feature.MetadataTest" assertions="1" time="0.021485"/>
        <testcase name="Dynamic post meta properties contains image link that is always relative" file="Metadata (Hyde\Framework\Testing\Feature\Metadata)::Dynamic post meta properties contains image link that is always relative" class="Hyde\Framework\Testing\Feature\MetadataTest" classname="Hyde.Framework.Testing.Feature.MetadataTest" assertions="1" time="0.021431"/>
        <testcase name="Dynamic post meta properties contains image link that is always relative for nested posts" file="Metadata (Hyde\Framework\Testing\Feature\Metadata)::Dynamic post meta properties contains image link that is always relative for nested posts" class="Hyde\Framework\Testing\Feature\MetadataTest" classname="Hyde.Framework.Testing.Feature.MetadataTest" assertions="1" time="0.021690"/>
        <testcase name="Dynamic post meta properties contains image link that is always relative for nested output directories" file="Metadata (Hyde\Framework\Testing\Feature\Metadata)::Dynamic post meta properties contains image link that is always relative for nested output directories" class="Hyde\Framework\Testing\Feature\MetadataTest" classname="Hyde.Framework.Testing.Feature.MetadataTest" assertions="1" time="0.021480"/>
        <testcase name="Dynamic post meta properties contains image link that is always relative for nested posts and nested output directories" file="Metadata (Hyde\Framework\Testing\Feature\Metadata)::Dynamic post meta properties contains image link that is always relative for nested posts and nested output directories" class="Hyde\Framework\Testing\Feature\MetadataTest" classname="Hyde.Framework.Testing.Feature.MetadataTest" assertions="1" time="0.021782"/>
        <testcase name="Dynamic post meta properties contains image link that uses the configured media directory" file="Metadata (Hyde\Framework\Testing\Feature\Metadata)::Dynamic post meta properties contains image link that uses the configured media directory" class="Hyde\Framework\Testing\Feature\MetadataTest" classname="Hyde.Framework.Testing.Feature.MetadataTest" assertions="1" time="0.021562"/>
        <testcase name="Dynamic post meta properties contains image metadata when featured image set to array with path" file="Metadata (Hyde\Framework\Testing\Feature\Metadata)::Dynamic post meta properties contains image metadata when featured image set to array with path" class="Hyde\Framework\Testing\Feature\MetadataTest" classname="Hyde.Framework.Testing.Feature.MetadataTest" assertions="1" time="0.021560"/>
        <testcase name="Dynamic post meta properties contains image metadata when featured image set to array with url" file="Metadata (Hyde\Framework\Testing\Feature\Metadata)::Dynamic post meta properties contains image metadata when featured image set to array with url" class="Hyde\Framework\Testing\Feature\MetadataTest" classname="Hyde.Framework.Testing.Feature.MetadataTest" assertions="1" time="0.035005"/>
        <testcase name="Dynamic post author returns author name when author set to array using username" file="Metadata (Hyde\Framework\Testing\Feature\Metadata)::Dynamic post author returns author name when author set to array using username" class="Hyde\Framework\Testing\Feature\MetadataTest" classname="Hyde.Framework.Testing.Feature.MetadataTest" assertions="1" time="0.021376"/>
        <testcase name="Dynamic post author returns author name when author set to array using name" file="Metadata (Hyde\Framework\Testing\Feature\Metadata)::Dynamic post author returns author name when author set to array using name" class="Hyde\Framework\Testing\Feature\MetadataTest" classname="Hyde.Framework.Testing.Feature.MetadataTest" assertions="1" time="0.021165"/>
        <testcase name="No author is set when author set to array without name or username" file="Metadata (Hyde\Framework\Testing\Feature\Metadata)::No author is set when author set to array without name or username" class="Hyde\Framework\Testing\Feature\MetadataTest" classname="Hyde.Framework.Testing.Feature.MetadataTest" assertions="1" time="0.021121"/>
      </testsuite>
      <testsuite name="Hyde\Framework\Testing\Feature\NavigationDataTest" file="Navigation Data (Hyde\Framework\Testing\Feature\NavigationData)" tests="5" assertions="8" errors="0" failures="0" skipped="0" time="0.073326">
        <testcase name="Class matches schema" file="Navigation Data (Hyde\Framework\Testing\Feature\NavigationData)::Class matches schema" class="Hyde\Framework\Testing\Feature\NavigationDataTest" classname="Hyde.Framework.Testing.Feature.NavigationDataTest" assertions="1" time="0.064849"/>
        <testcase name="Construct" file="Navigation Data (Hyde\Framework\Testing\Feature\NavigationData)::Construct" class="Hyde\Framework\Testing\Feature\NavigationDataTest" classname="Hyde.Framework.Testing.Feature.NavigationDataTest" assertions="4" time="0.002163"/>
        <testcase name="Make" file="Navigation Data (Hyde\Framework\Testing\Feature\NavigationData)::Make" class="Hyde\Framework\Testing\Feature\NavigationDataTest" classname="Hyde.Framework.Testing.Feature.NavigationDataTest" assertions="1" time="0.002086"/>
        <testcase name="To array" file="Navigation Data (Hyde\Framework\Testing\Feature\NavigationData)::To array" class="Hyde\Framework\Testing\Feature\NavigationDataTest" classname="Hyde.Framework.Testing.Feature.NavigationDataTest" assertions="1" time="0.002029"/>
        <testcase name="Json serialize" file="Navigation Data (Hyde\Framework\Testing\Feature\NavigationData)::Json serialize" class="Hyde\Framework\Testing\Feature\NavigationDataTest" classname="Hyde.Framework.Testing.Feature.NavigationDataTest" assertions="1" time="0.002198"/>
      </testsuite>
      <testsuite name="Hyde\Framework\Testing\Feature\NavigationMenuTest" file="Navigation Menu (Hyde\Framework\Testing\Feature\NavigationMenu)" tests="32" assertions="52" errors="0" failures="0" skipped="0" time="0.827755">
        <testcase name="Constructor" file="Navigation Menu (Hyde\Framework\Testing\Feature\NavigationMenu)::Constructor" class="Hyde\Framework\Testing\Feature\NavigationMenuTest" classname="Hyde.Framework.Testing.Feature.NavigationMenuTest" assertions="1" time="0.029783"/>
        <testcase name="Generate method creates collection of nav items" file="Navigation Menu (Hyde\Framework\Testing\Feature\NavigationMenu)::Generate method creates collection of nav items" class="Hyde\Framework\Testing\Feature\NavigationMenuTest" classname="Hyde.Framework.Testing.Feature.NavigationMenuTest" assertions="1" time="0.023115"/>
        <testcase name="Get items returns items" file="Navigation Menu (Hyde\Framework\Testing\Feature\NavigationMenu)::Get items returns items" class="Hyde\Framework\Testing\Feature\NavigationMenuTest" classname="Hyde.Framework.Testing.Feature.NavigationMenuTest" assertions="1" time="0.023913"/>
        <testcase name="Items are sorted by priority" file="Navigation Menu (Hyde\Framework\Testing\Feature\NavigationMenu)::Items are sorted by priority" class="Hyde\Framework\Testing\Feature\NavigationMenuTest" classname="Hyde.Framework.Testing.Feature.NavigationMenuTest" assertions="1" time="0.025284"/>
        <testcase name="Items with hidden property set to true are not added" file="Navigation Menu (Hyde\Framework\Testing\Feature\NavigationMenu)::Items with hidden property set to true are not added" class="Hyde\Framework\Testing\Feature\NavigationMenuTest" classname="Hyde.Framework.Testing.Feature.NavigationMenuTest" assertions="1" time="0.024426"/>
        <testcase name="Created collection is sorted by navigation menu priority" file="Navigation Menu (Hyde\Framework\Testing\Feature\NavigationMenu)::Created collection is sorted by navigation menu priority" class="Hyde\Framework\Testing\Feature\NavigationMenuTest" classname="Hyde.Framework.Testing.Feature.NavigationMenuTest" assertions="2" time="0.027240"/>
        <testcase name="Is sorted automatically when using navigation menu create" file="Navigation Menu (Hyde\Framework\Testing\Feature\NavigationMenu)::Is sorted automatically when using navigation menu create" class="Hyde\Framework\Testing\Feature\NavigationMenuTest" classname="Hyde.Framework.Testing.Feature.NavigationMenuTest" assertions="2" time="0.027478"/>
        <testcase name="Collection only contains nav items" file="Navigation Menu (Hyde\Framework\Testing\Feature\NavigationMenu)::Collection only contains nav items" class="Hyde\Framework\Testing\Feature\NavigationMenuTest" classname="Hyde.Framework.Testing.Feature.NavigationMenuTest" assertions="1" time="0.025913"/>
        <testcase name="External link can be added in config" file="Navigation Menu (Hyde\Framework\Testing\Feature\NavigationMenu)::External link can be added in config" class="Hyde\Framework\Testing\Feature\NavigationMenuTest" classname="Hyde.Framework.Testing.Feature.NavigationMenuTest" assertions="2" time="0.024282"/>
        <testcase name="Path link can be added in config" file="Navigation Menu (Hyde\Framework\Testing\Feature\NavigationMenu)::Path link can be added in config" class="Hyde\Framework\Testing\Feature\NavigationMenuTest" classname="Hyde.Framework.Testing.Feature.NavigationMenuTest" assertions="2" time="0.024353"/>
        <testcase name="Duplicates are removed when adding in config" file="Navigation Menu (Hyde\Framework\Testing\Feature\NavigationMenu)::Duplicates are removed when adding in config" class="Hyde\Framework\Testing\Feature\NavigationMenuTest" classname="Hyde.Framework.Testing.Feature.NavigationMenuTest" assertions="2" time="0.024285"/>
        <testcase name="Duplicates are removed when adding in config regardless of destination" file="Navigation Menu (Hyde\Framework\Testing\Feature\NavigationMenu)::Duplicates are removed when adding in config regardless of destination" class="Hyde\Framework\Testing\Feature\NavigationMenuTest" classname="Hyde.Framework.Testing.Feature.NavigationMenuTest" assertions="2" time="0.024359"/>
        <testcase name="Config items take precedence over generated items" file="Navigation Menu (Hyde\Framework\Testing\Feature\NavigationMenu)::Config items take precedence over generated items" class="Hyde\Framework\Testing\Feature\NavigationMenuTest" classname="Hyde.Framework.Testing.Feature.NavigationMenuTest" assertions="2" time="0.025729"/>
        <testcase name="Documentation pages that are not index are not added to the menu" file="Navigation Menu (Hyde\Framework\Testing\Feature\NavigationMenu)::Documentation pages that are not index are not added to the menu" class="Hyde\Framework\Testing\Feature\NavigationMenuTest" classname="Hyde.Framework.Testing.Feature.NavigationMenuTest" assertions="2" time="0.027285"/>
        <testcase name="Pages in subdirectories are not added to the navigation menu" file="Navigation Menu (Hyde\Framework\Testing\Feature\NavigationMenu)::Pages in subdirectories are not added to the navigation menu" class="Hyde\Framework\Testing\Feature\NavigationMenuTest" classname="Hyde.Framework.Testing.Feature.NavigationMenuTest" assertions="2" time="0.026066"/>
        <testcase name="Pages in subdirectories can be added to the navigation menu with config flat setting" file="Navigation Menu (Hyde\Framework\Testing\Feature\NavigationMenu)::Pages in subdirectories can be added to the navigation menu with config flat setting" class="Hyde\Framework\Testing\Feature\NavigationMenuTest" classname="Hyde.Framework.Testing.Feature.NavigationMenuTest" assertions="2" time="0.026490"/>
        <testcase name="Pages in subdirectories are not added to the navigation menu with config dropdown setting" file="Navigation Menu (Hyde\Framework\Testing\Feature\NavigationMenu)::Pages in subdirectories are not added to the navigation menu with config dropdown setting" class="Hyde\Framework\Testing\Feature\NavigationMenuTest" classname="Hyde.Framework.Testing.Feature.NavigationMenuTest" assertions="2" time="0.026765"/>
        <testcase name="Has dropdowns returns false when there are no dropdowns" file="Navigation Menu (Hyde\Framework\Testing\Feature\NavigationMenu)::Has dropdowns returns false when there are no dropdowns" class="Hyde\Framework\Testing\Feature\NavigationMenuTest" classname="Hyde.Framework.Testing.Feature.NavigationMenuTest" assertions="1" time="0.023661"/>
        <testcase name="Has dropdowns returns true when there are dropdowns" file="Navigation Menu (Hyde\Framework\Testing\Feature\NavigationMenu)::Has dropdowns returns true when there are dropdowns" class="Hyde\Framework\Testing\Feature\NavigationMenuTest" classname="Hyde.Framework.Testing.Feature.NavigationMenuTest" assertions="1" time="0.024360"/>
        <testcase name="Has dropdowns always returns false when dropdowns are disabled" file="Navigation Menu (Hyde\Framework\Testing\Feature\NavigationMenu)::Has dropdowns always returns false when dropdowns are disabled" class="Hyde\Framework\Testing\Feature\NavigationMenuTest" classname="Hyde.Framework.Testing.Feature.NavigationMenuTest" assertions="1" time="0.037907"/>
        <testcase name="Get dropdowns returns empty array there are no dropdowns" file="Navigation Menu (Hyde\Framework\Testing\Feature\NavigationMenu)::Get dropdowns returns empty array there are no dropdowns" class="Hyde\Framework\Testing\Feature\NavigationMenuTest" classname="Hyde.Framework.Testing.Feature.NavigationMenuTest" assertions="2" time="0.024102"/>
        <testcase name="Get dropdowns returns correct array when there are dropdowns" file="Navigation Menu (Hyde\Framework\Testing\Feature\NavigationMenu)::Get dropdowns returns correct array when there are dropdowns" class="Hyde\Framework\Testing\Feature\NavigationMenuTest" classname="Hyde.Framework.Testing.Feature.NavigationMenuTest" assertions="2" time="0.025533"/>
        <testcase name="Get dropdowns with multiple items" file="Navigation Menu (Hyde\Framework\Testing\Feature\NavigationMenu)::Get dropdowns with multiple items" class="Hyde\Framework\Testing\Feature\NavigationMenuTest" classname="Hyde.Framework.Testing.Feature.NavigationMenuTest" assertions="2" time="0.026717"/>
        <testcase name="Get dropdowns with multiple dropdowns" file="Navigation Menu (Hyde\Framework\Testing\Feature\NavigationMenu)::Get dropdowns with multiple dropdowns" class="Hyde\Framework\Testing\Feature\NavigationMenuTest" classname="Hyde.Framework.Testing.Feature.NavigationMenuTest" assertions="2" time="0.028170"/>
        <testcase name="Get dropdowns throws exception when disabled" file="Navigation Menu (Hyde\Framework\Testing\Feature\NavigationMenu)::Get dropdowns throws exception when disabled" class="Hyde\Framework\Testing\Feature\NavigationMenuTest" classname="Hyde.Framework.Testing.Feature.NavigationMenuTest" assertions="2" time="0.023730"/>
        <testcase name="Documentation pages do not get added to dropdowns" file="Navigation Menu (Hyde\Framework\Testing\Feature\NavigationMenu)::Documentation pages do not get added to dropdowns" class="Hyde\Framework\Testing\Feature\NavigationMenuTest" classname="Hyde.Framework.Testing.Feature.NavigationMenuTest" assertions="2" time="0.024999"/>
        <testcase name="Blog posts do not get added to dropdowns" file="Navigation Menu (Hyde\Framework\Testing\Feature\NavigationMenu)::Blog posts do not get added to dropdowns" class="Hyde\Framework\Testing\Feature\NavigationMenuTest" classname="Hyde.Framework.Testing.Feature.NavigationMenuTest" assertions="2" time="0.025266"/>
        <testcase name="Pages in dropdowns do not get added to the main navigation" file="Navigation Menu (Hyde\Framework\Testing\Feature\NavigationMenu)::Pages in dropdowns do not get added to the main navigation" class="Hyde\Framework\Testing\Feature\NavigationMenuTest" classname="Hyde.Framework.Testing.Feature.NavigationMenuTest" assertions="2" time="0.026880"/>
        <testcase name="Dropdown menu items are sorted by priority" file="Navigation Menu (Hyde\Framework\Testing\Feature\NavigationMenu)::Dropdown menu items are sorted by priority" class="Hyde\Framework\Testing\Feature\NavigationMenuTest" classname="Hyde.Framework.Testing.Feature.NavigationMenuTest" assertions="1" time="0.025455"/>
        <testcase name="Has dropdowns returns true when group is explicitly set in front matter" file="Navigation Menu (Hyde\Framework\Testing\Feature\NavigationMenu)::Has dropdowns returns true when group is explicitly set in front matter" class="Hyde\Framework\Testing\Feature\NavigationMenuTest" classname="Hyde.Framework.Testing.Feature.NavigationMenuTest" assertions="1" time="0.024365"/>
        <testcase name="Get dropdowns returns correct array when group is explicitly set in front matter" file="Navigation Menu (Hyde\Framework\Testing\Feature\NavigationMenu)::Get dropdowns returns correct array when group is explicitly set in front matter" class="Hyde\Framework\Testing\Feature\NavigationMenuTest" classname="Hyde.Framework.Testing.Feature.NavigationMenuTest" assertions="2" time="0.025540"/>
        <testcase name="Has dropdowns returns false when group is not explicitly set in front matter" file="Navigation Menu (Hyde\Framework\Testing\Feature\NavigationMenu)::Has dropdowns returns false when group is not explicitly set in front matter" class="Hyde\Framework\Testing\Feature\NavigationMenuTest" classname="Hyde.Framework.Testing.Feature.NavigationMenuTest" assertions="1" time="0.024303"/>
      </testsuite>
      <testsuite name="Hyde\Framework\Testing\Feature\PageCollectionTest" file="Page Collection (Hyde\Framework\Testing\Feature\PageCollection)" tests="12" assertions="38" errors="0" failures="0" skipped="0" time="0.396219">
        <testcase name="Boot method creates new page collection and discovers pages automatically" file="Page Collection (Hyde\Framework\Testing\Feature\PageCollection)::Boot method creates new page collection and discovers pages automatically" class="Hyde\Framework\Testing\Feature\PageCollectionTest" classname="Hyde.Framework.Testing.Feature.PageCollectionTest" assertions="3" time="0.068179"/>
        <testcase name="Blade pages are discovered" file="Page Collection (Hyde\Framework\Testing\Feature\PageCollection)::Blade pages are discovered" class="Hyde\Framework\Testing\Feature\PageCollectionTest" classname="Hyde.Framework.Testing.Feature.PageCollectionTest" assertions="2" time="0.026996"/>
        <testcase name="Markdown pages are discovered" file="Page Collection (Hyde\Framework\Testing\Feature\PageCollection)::Markdown pages are discovered" class="Hyde\Framework\Testing\Feature\PageCollectionTest" classname="Hyde.Framework.Testing.Feature.PageCollectionTest" assertions="2" time="0.027571"/>
        <testcase name="Markdown posts are discovered" file="Page Collection (Hyde\Framework\Testing\Feature\PageCollection)::Markdown posts are discovered" class="Hyde\Framework\Testing\Feature\PageCollectionTest" classname="Hyde.Framework.Testing.Feature.PageCollectionTest" assertions="2" time="0.028929"/>
        <testcase name="Documentation pages are discovered" file="Page Collection (Hyde\Framework\Testing\Feature\PageCollection)::Documentation pages are discovered" class="Hyde\Framework\Testing\Feature\PageCollectionTest" classname="Hyde.Framework.Testing.Feature.PageCollectionTest" assertions="2" time="0.027848"/>
        <testcase name="Get page returns parsed page object for given source path" file="Page Collection (Hyde\Framework\Testing\Feature\PageCollection)::Get page returns parsed page object for given source path" class="Hyde\Framework\Testing\Feature\PageCollectionTest" classname="Hyde.Framework.Testing.Feature.PageCollectionTest" assertions="1" time="0.025163"/>
        <testcase name="Get pages returns collection of pages of given class" file="Page Collection (Hyde\Framework\Testing\Feature\PageCollection)::Get pages returns collection of pages of given class" class="Hyde\Framework\Testing\Feature\PageCollectionTest" classname="Hyde.Framework.Testing.Feature.PageCollectionTest" assertions="11" time="0.038601"/>
        <testcase name="Get pages returns all pages when not supplied with class string" file="Page Collection (Hyde\Framework\Testing\Feature\PageCollection)::Get pages returns all pages when not supplied with class string" class="Hyde\Framework\Testing\Feature\PageCollectionTest" classname="Hyde.Framework.Testing.Feature.PageCollectionTest" assertions="6" time="0.034093"/>
        <testcase name="Get pages returns empty collection when no pages are discovered" file="Page Collection (Hyde\Framework\Testing\Feature\PageCollection)::Get pages returns empty collection when no pages are discovered" class="Hyde\Framework\Testing\Feature\PageCollectionTest" classname="Hyde.Framework.Testing.Feature.PageCollectionTest" assertions="1" time="0.021338"/>
        <testcase name="Pages are not discovered for disabled features" file="Page Collection (Hyde\Framework\Testing\Feature\PageCollection)::Pages are not discovered for disabled features" class="Hyde\Framework\Testing\Feature\PageCollectionTest" classname="Hyde.Framework.Testing.Feature.PageCollectionTest" assertions="1" time="0.026390"/>
        <testcase name="Pages with custom source directories are discovered properly" file="Page Collection (Hyde\Framework\Testing\Feature\PageCollection)::Pages with custom source directories are discovered properly" class="Hyde\Framework\Testing\Feature\PageCollectionTest" classname="Hyde.Framework.Testing.Feature.PageCollectionTest" assertions="5" time="0.047629"/>
        <testcase name="Get file throws exception when file is not found" file="Page Collection (Hyde\Framework\Testing\Feature\PageCollection)::Get file throws exception when file is not found" class="Hyde\Framework\Testing\Feature\PageCollectionTest" classname="Hyde.Framework.Testing.Feature.PageCollectionTest" assertions="2" time="0.023482"/>
      </testsuite>
      <testsuite name="Hyde\Framework\Testing\Feature\PageModelConstructorsTest" file="Page Model Constructors (Hyde\Framework\Testing\Feature\PageModelConstructors)" tests="5" assertions="5" errors="0" failures="0" skipped="0" time="0.125004">
        <testcase name="Dynamic data constructor can find title from front matter" file="Page Model Constructors (Hyde\Framework\Testing\Feature\PageModelConstructors)::Dynamic data constructor can find title from front matter" class="Hyde\Framework\Testing\Feature\PageModelConstructorsTest" classname="Hyde.Framework.Testing.Feature.PageModelConstructorsTest" assertions="1" time="0.038559"/>
        <testcase name="Dynamic data constructor can find title from h 1 tag" file="Page Model Constructors (Hyde\Framework\Testing\Feature\PageModelConstructors)::Dynamic data constructor can find title from h 1 tag" class="Hyde\Framework\Testing\Feature\PageModelConstructorsTest" classname="Hyde.Framework.Testing.Feature.PageModelConstructorsTest" assertions="1" time="0.021594"/>
        <testcase name="Dynamic data constructor can find title from slug" file="Page Model Constructors (Hyde\Framework\Testing\Feature\PageModelConstructors)::Dynamic data constructor can find title from slug" class="Hyde\Framework\Testing\Feature\PageModelConstructorsTest" classname="Hyde.Framework.Testing.Feature.PageModelConstructorsTest" assertions="1" time="0.021514"/>
        <testcase name="Documentation page parser can get group from front matter" file="Page Model Constructors (Hyde\Framework\Testing\Feature\PageModelConstructors)::Documentation page parser can get group from front matter" class="Hyde\Framework\Testing\Feature\PageModelConstructorsTest" classname="Hyde.Framework.Testing.Feature.PageModelConstructorsTest" assertions="1" time="0.021840"/>
        <testcase name="Documentation page parser can get group automatically from nested page" file="Page Model Constructors (Hyde\Framework\Testing\Feature\PageModelConstructors)::Documentation page parser can get group automatically from nested page" class="Hyde\Framework\Testing\Feature\PageModelConstructorsTest" classname="Hyde.Framework.Testing.Feature.PageModelConstructorsTest" assertions="1" time="0.021498"/>
      </testsuite>
      <testsuite name="Hyde\Framework\Testing\Feature\PaginatorTest" file="Paginator (Hyde\Framework\Testing\Feature\Paginator)" tests="32" assertions="60" errors="0" failures="0" skipped="0" time="0.692069">
        <testcase name="It can be instantiated" file="Paginator (Hyde\Framework\Testing\Feature\Paginator)::It can be instantiated" class="Hyde\Framework\Testing\Feature\PaginatorTest" classname="Hyde.Framework.Testing.Feature.PaginatorTest" assertions="1" time="0.051749"/>
        <testcase name="Get paginated page collection" file="Paginator (Hyde\Framework\Testing\Feature\Paginator)::Get paginated page collection" class="Hyde\Framework\Testing\Feature\PaginatorTest" classname="Hyde.Framework.Testing.Feature.PaginatorTest" assertions="1" time="0.019562"/>
        <testcase name="Get paginated page collection with pages" file="Paginator (Hyde\Framework\Testing\Feature\Paginator)::Get paginated page collection with pages" class="Hyde\Framework\Testing\Feature\PaginatorTest" classname="Hyde.Framework.Testing.Feature.PaginatorTest" assertions="4" time="0.021436"/>
        <testcase name="Collection is chunked by specified setting value" file="Paginator (Hyde\Framework\Testing\Feature\Paginator)::Collection is chunked by specified setting value" class="Hyde\Framework\Testing\Feature\PaginatorTest" classname="Hyde.Framework.Testing.Feature.PaginatorTest" assertions="3" time="0.019649"/>
        <testcase name="Get items for page returns the correct chunk" file="Paginator (Hyde\Framework\Testing\Feature\Paginator)::Get items for page returns the correct chunk" class="Hyde\Framework\Testing\Feature\PaginatorTest" classname="Hyde.Framework.Testing.Feature.PaginatorTest" assertions="10" time="0.021989"/>
        <testcase name="Can get current page number" file="Paginator (Hyde\Framework\Testing\Feature\Paginator)::Can get current page number" class="Hyde\Framework\Testing\Feature\PaginatorTest" classname="Hyde.Framework.Testing.Feature.PaginatorTest" assertions="1" time="0.019525"/>
        <testcase name="Can set current page number" file="Paginator (Hyde\Framework\Testing\Feature\Paginator)::Can set current page number" class="Hyde\Framework\Testing\Feature\PaginatorTest" classname="Hyde.Framework.Testing.Feature.PaginatorTest" assertions="1" time="0.019596"/>
        <testcase name="Set current page number requires integer to be greater than nought" file="Paginator (Hyde\Framework\Testing\Feature\Paginator)::Set current page number requires integer to be greater than nought" class="Hyde\Framework\Testing\Feature\PaginatorTest" classname="Hyde.Framework.Testing.Feature.PaginatorTest" assertions="1" time="0.019618"/>
        <testcase name="Set current page number requires integer to be greater than nought" file="Paginator (Hyde\Framework\Testing\Feature\Paginator)::Set current page number requires integer to be greater than nought" class="Hyde\Framework\Testing\Feature\PaginatorTest" classname="Hyde.Framework.Testing.Feature.PaginatorTest" assertions="1" time="0.019571"/>
        <testcase name="Set current page number requires integer to be less than total pages" file="Paginator (Hyde\Framework\Testing\Feature\Paginator)::Set current page number requires integer to be less than total pages" class="Hyde\Framework\Testing\Feature\PaginatorTest" classname="Hyde.Framework.Testing.Feature.PaginatorTest" assertions="2" time="0.019857"/>
        <testcase name="Cannot set invalid current page number in constructor" file="Paginator (Hyde\Framework\Testing\Feature\Paginator)::Cannot set invalid current page number in constructor" class="Hyde\Framework\Testing\Feature\PaginatorTest" classname="Hyde.Framework.Testing.Feature.PaginatorTest" assertions="1" time="0.019643"/>
        <testcase name="Last page returns the last page number" file="Paginator (Hyde\Framework\Testing\Feature\Paginator)::Last page returns the last page number" class="Hyde\Framework\Testing\Feature\PaginatorTest" classname="Hyde.Framework.Testing.Feature.PaginatorTest" assertions="1" time="0.019723"/>
        <testcase name="Total pages returns the total number of pages" file="Paginator (Hyde\Framework\Testing\Feature\Paginator)::Total pages returns the total number of pages" class="Hyde\Framework\Testing\Feature\PaginatorTest" classname="Hyde.Framework.Testing.Feature.PaginatorTest" assertions="1" time="0.019728"/>
        <testcase name="Per page returns the number of items to be shown per page" file="Paginator (Hyde\Framework\Testing\Feature\Paginator)::Per page returns the number of items to be shown per page" class="Hyde\Framework\Testing\Feature\PaginatorTest" classname="Hyde.Framework.Testing.Feature.PaginatorTest" assertions="1" time="0.032583"/>
        <testcase name="Has multiple pages returns true if there are enough items to split into multiple pages" file="Paginator (Hyde\Framework\Testing\Feature\Paginator)::Has multiple pages returns true if there are enough items to split into multiple pages" class="Hyde\Framework\Testing\Feature\PaginatorTest" classname="Hyde.Framework.Testing.Feature.PaginatorTest" assertions="1" time="0.020117"/>
        <testcase name="Has pages returns false if there are not enough items to split into multiple pages" file="Paginator (Hyde\Framework\Testing\Feature\Paginator)::Has pages returns false if there are not enough items to split into multiple pages" class="Hyde\Framework\Testing\Feature\PaginatorTest" classname="Hyde.Framework.Testing.Feature.PaginatorTest" assertions="1" time="0.019718"/>
        <testcase name="Has more pages returns true if cursor can navigate forward" file="Paginator (Hyde\Framework\Testing\Feature\Paginator)::Has more pages returns true if cursor can navigate forward" class="Hyde\Framework\Testing\Feature\PaginatorTest" classname="Hyde.Framework.Testing.Feature.PaginatorTest" assertions="1" time="0.019642"/>
        <testcase name="Has more pages returns false if cursor cannot navigate forward" file="Paginator (Hyde\Framework\Testing\Feature\Paginator)::Has more pages returns false if cursor cannot navigate forward" class="Hyde\Framework\Testing\Feature\PaginatorTest" classname="Hyde.Framework.Testing.Feature.PaginatorTest" assertions="1" time="0.019674"/>
        <testcase name="Has fewer pages returns true if cursor can navigate back" file="Paginator (Hyde\Framework\Testing\Feature\Paginator)::Has fewer pages returns true if cursor can navigate back" class="Hyde\Framework\Testing\Feature\PaginatorTest" classname="Hyde.Framework.Testing.Feature.PaginatorTest" assertions="1" time="0.019697"/>
        <testcase name="Has fewer pages returns false if cursor cannot navigate back" file="Paginator (Hyde\Framework\Testing\Feature\Paginator)::Has fewer pages returns false if cursor cannot navigate back" class="Hyde\Framework\Testing\Feature\PaginatorTest" classname="Hyde.Framework.Testing.Feature.PaginatorTest" assertions="1" time="0.019783"/>
        <testcase name="Previous method without fewer pages returns false" file="Paginator (Hyde\Framework\Testing\Feature\Paginator)::Previous method without fewer pages returns false" class="Hyde\Framework\Testing\Feature\PaginatorTest" classname="Hyde.Framework.Testing.Feature.PaginatorTest" assertions="1" time="0.019723"/>
        <testcase name="Next method without more pages returns false" file="Paginator (Hyde\Framework\Testing\Feature\Paginator)::Next method without more pages returns false" class="Hyde\Framework\Testing\Feature\PaginatorTest" classname="Hyde.Framework.Testing.Feature.PaginatorTest" assertions="1" time="0.019816"/>
        <testcase name="Previous method returns previous page link when no base route is set" file="Paginator (Hyde\Framework\Testing\Feature\Paginator)::Previous method returns previous page link when no base route is set" class="Hyde\Framework\Testing\Feature\PaginatorTest" classname="Hyde.Framework.Testing.Feature.PaginatorTest" assertions="1" time="0.019790"/>
        <testcase name="Next method returns next page link when no base route is set" file="Paginator (Hyde\Framework\Testing\Feature\Paginator)::Next method returns next page link when no base route is set" class="Hyde\Framework\Testing\Feature\PaginatorTest" classname="Hyde.Framework.Testing.Feature.PaginatorTest" assertions="1" time="0.019806"/>
        <testcase name="Previous and next methods with base route set" file="Paginator (Hyde\Framework\Testing\Feature\Paginator)::Previous and next methods with base route set" class="Hyde\Framework\Testing\Feature\PaginatorTest" classname="Hyde.Framework.Testing.Feature.PaginatorTest" assertions="6" time="0.025990"/>
        <testcase name="Previous number without fewer pages returns false" file="Paginator (Hyde\Framework\Testing\Feature\Paginator)::Previous number without fewer pages returns false" class="Hyde\Framework\Testing\Feature\PaginatorTest" classname="Hyde.Framework.Testing.Feature.PaginatorTest" assertions="1" time="0.019459"/>
        <testcase name="Next number without more pages returns false" file="Paginator (Hyde\Framework\Testing\Feature\Paginator)::Next number without more pages returns false" class="Hyde\Framework\Testing\Feature\PaginatorTest" classname="Hyde.Framework.Testing.Feature.PaginatorTest" assertions="1" time="0.019663"/>
        <testcase name="Previous number returns the previous page number when there is one" file="Paginator (Hyde\Framework\Testing\Feature\Paginator)::Previous number returns the previous page number when there is one" class="Hyde\Framework\Testing\Feature\PaginatorTest" classname="Hyde.Framework.Testing.Feature.PaginatorTest" assertions="1" time="0.019679"/>
        <testcase name="Next number returns the next page number when there is one" file="Paginator (Hyde\Framework\Testing\Feature\Paginator)::Next number returns the next page number when there is one" class="Hyde\Framework\Testing\Feature\PaginatorTest" classname="Hyde.Framework.Testing.Feature.PaginatorTest" assertions="1" time="0.019631"/>
        <testcase name="Get page links" file="Paginator (Hyde\Framework\Testing\Feature\Paginator)::Get page links" class="Hyde\Framework\Testing\Feature\PaginatorTest" classname="Hyde.Framework.Testing.Feature.PaginatorTest" assertions="1" time="0.019984"/>
        <testcase name="Get page links with base route" file="Paginator (Hyde\Framework\Testing\Feature\Paginator)::Get page links with base route" class="Hyde\Framework\Testing\Feature\PaginatorTest" classname="Hyde.Framework.Testing.Feature.PaginatorTest" assertions="1" time="0.025425"/>
        <testcase name="First item number on page" file="Paginator (Hyde\Framework\Testing\Feature\Paginator)::First item number on page" class="Hyde\Framework\Testing\Feature\PaginatorTest" classname="Hyde.Framework.Testing.Feature.PaginatorTest" assertions="9" time="0.020242"/>
      </testsuite>
      <testsuite name="Hyde\Framework\Testing\Feature\PharSupportTest" file="Phar Support (Hyde\Framework\Testing\Feature\PharSupport)" tests="6" assertions="8" errors="0" failures="0" skipped="0" time="0.164915">
        <testcase name="Active" file="Phar Support (Hyde\Framework\Testing\Feature\PharSupport)::Active" class="Hyde\Framework\Testing\Feature\PharSupportTest" classname="Hyde.Framework.Testing.Feature.PharSupportTest" assertions="1" time="0.067563"/>
        <testcase name="Mock active" file="Phar Support (Hyde\Framework\Testing\Feature\PharSupport)::Mock active" class="Hyde\Framework\Testing\Feature\PharSupportTest" classname="Hyde.Framework.Testing.Feature.PharSupportTest" assertions="2" time="0.019271"/>
        <testcase name="Has vendor directory" file="Phar Support (Hyde\Framework\Testing\Feature\PharSupport)::Has vendor directory" class="Hyde\Framework\Testing\Feature\PharSupportTest" classname="Hyde.Framework.Testing.Feature.PharSupportTest" assertions="1" time="0.019471"/>
        <testcase name="Mock has vendor directory" file="Phar Support (Hyde\Framework\Testing\Feature\PharSupport)::Mock has vendor directory" class="Hyde\Framework\Testing\Feature\PharSupportTest" classname="Hyde.Framework.Testing.Feature.PharSupportTest" assertions="2" time="0.019522"/>
        <testcase name="Vendor path can run in phar" file="Phar Support (Hyde\Framework\Testing\Feature\PharSupport)::Vendor path can run in phar" class="Hyde\Framework\Testing\Feature\PharSupportTest" classname="Hyde.Framework.Testing.Feature.PharSupportTest" assertions="1" time="0.019570"/>
        <testcase name="Vendor path can run in phar with path argument" file="Phar Support (Hyde\Framework\Testing\Feature\PharSupport)::Vendor path can run in phar with path argument" class="Hyde\Framework\Testing\Feature\PharSupportTest" classname="Hyde.Framework.Testing.Feature.PharSupportTest" assertions="1" time="0.019518"/>
      </testsuite>
      <testsuite name="Hyde\Framework\Testing\Feature\PostsAuthorIntegrationTest" file="Posts Author Integration (Hyde\Framework\Testing\Feature\PostsAuthorIntegration)" tests="3" assertions="15" errors="0" failures="0" skipped="0" time="0.137903">
        <testcase name="Create post with undefined author" file="Posts Author Integration (Hyde\Framework\Testing\Feature\PostsAuthorIntegration)::Create post with undefined author" class="Hyde\Framework\Testing\Feature\PostsAuthorIntegrationTest" classname="Hyde.Framework.Testing.Feature.PostsAuthorIntegrationTest" assertions="4" time="0.060853"/>
        <testcase name="Create post with defined author with name" file="Posts Author Integration (Hyde\Framework\Testing\Feature\PostsAuthorIntegration)::Create post with defined author with name" class="Hyde\Framework\Testing\Feature\PostsAuthorIntegrationTest" classname="Hyde.Framework.Testing.Feature.PostsAuthorIntegrationTest" assertions="5" time="0.038602"/>
        <testcase name="Create post with defined author with website" file="Posts Author Integration (Hyde\Framework\Testing\Feature\PostsAuthorIntegration)::Create post with defined author with website" class="Hyde\Framework\Testing\Feature\PostsAuthorIntegrationTest" classname="Hyde.Framework.Testing.Feature.PostsAuthorIntegrationTest" assertions="6" time="0.038447"/>
      </testsuite>
      <testsuite name="Hyde\Framework\Testing\Feature\ReadingTimeTest" file="Reading Time (Hyde\Framework\Testing\Feature\ReadingTime)" tests="12" assertions="38" errors="0" failures="0" skipped="0" time="0.043327">
        <testcase name="Construct" file="Reading Time (Hyde\Framework\Testing\Feature\ReadingTime)::Construct" class="Hyde\Framework\Testing\Feature\ReadingTimeTest" classname="Hyde.Framework.Testing.Feature.ReadingTimeTest" assertions="1" time="0.017696"/>
        <testcase name="To string" file="Reading Time (Hyde\Framework\Testing\Feature\ReadingTime)::To string" class="Hyde\Framework\Testing\Feature\ReadingTimeTest" classname="Hyde.Framework.Testing.Feature.ReadingTimeTest" assertions="1" time="0.001988"/>
        <testcase name="Get word count" file="Reading Time (Hyde\Framework\Testing\Feature\ReadingTime)::Get word count" class="Hyde\Framework\Testing\Feature\ReadingTimeTest" classname="Hyde.Framework.Testing.Feature.ReadingTimeTest" assertions="4" time="0.002268"/>
        <testcase name="Get minutes" file="Reading Time (Hyde\Framework\Testing\Feature\ReadingTime)::Get minutes" class="Hyde\Framework\Testing\Feature\ReadingTimeTest" classname="Hyde.Framework.Testing.Feature.ReadingTimeTest" assertions="4" time="0.002316"/>
        <testcase name="Get seconds" file="Reading Time (Hyde\Framework\Testing\Feature\ReadingTime)::Get seconds" class="Hyde\Framework\Testing\Feature\ReadingTimeTest" classname="Hyde.Framework.Testing.Feature.ReadingTimeTest" assertions="4" time="0.002266"/>
        <testcase name="Get seconds over" file="Reading Time (Hyde\Framework\Testing\Feature\ReadingTime)::Get seconds over" class="Hyde\Framework\Testing\Feature\ReadingTimeTest" classname="Hyde.Framework.Testing.Feature.ReadingTimeTest" assertions="4" time="0.002314"/>
        <testcase name="Get formatted" file="Reading Time (Hyde\Framework\Testing\Feature\ReadingTime)::Get formatted" class="Hyde\Framework\Testing\Feature\ReadingTimeTest" classname="Hyde.Framework.Testing.Feature.ReadingTimeTest" assertions="4" time="0.002238"/>
        <testcase name="Get formatted with custom formatting" file="Reading Time (Hyde\Framework\Testing\Feature\ReadingTime)::Get formatted with custom formatting" class="Hyde\Framework\Testing\Feature\ReadingTimeTest" classname="Hyde.Framework.Testing.Feature.ReadingTimeTest" assertions="4" time="0.002317"/>
        <testcase name="Get formatted formats up to one minute when round up is set" file="Reading Time (Hyde\Framework\Testing\Feature\ReadingTime)::Get formatted formats up to one minute when round up is set" class="Hyde\Framework\Testing\Feature\ReadingTimeTest" classname="Hyde.Framework.Testing.Feature.ReadingTimeTest" assertions="4" time="0.002299"/>
        <testcase name="Format using closure" file="Reading Time (Hyde\Framework\Testing\Feature\ReadingTime)::Format using closure" class="Hyde\Framework\Testing\Feature\ReadingTimeTest" classname="Hyde.Framework.Testing.Feature.ReadingTimeTest" assertions="4" time="0.002275"/>
        <testcase name="From string" file="Reading Time (Hyde\Framework\Testing\Feature\ReadingTime)::From string" class="Hyde\Framework\Testing\Feature\ReadingTimeTest" classname="Hyde.Framework.Testing.Feature.ReadingTimeTest" assertions="2" time="0.002263"/>
        <testcase name="From file" file="Reading Time (Hyde\Framework\Testing\Feature\ReadingTime)::From file" class="Hyde\Framework\Testing\Feature\ReadingTimeTest" classname="Hyde.Framework.Testing.Feature.ReadingTimeTest" assertions="2" time="0.003087"/>
      </testsuite>
      <testsuite name="Hyde\Framework\Testing\Feature\RedirectTest" file="Redirect (Hyde\Framework\Testing\Feature\Redirect)" tests="4" assertions="12" errors="0" failures="0" skipped="0" time="0.112281">
        <testcase name="Can create a redirect" file="Redirect (Hyde\Framework\Testing\Feature\Redirect)::Can create a redirect" class="Hyde\Framework\Testing\Feature\RedirectTest" classname="Hyde.Framework.Testing.Feature.RedirectTest" assertions="7" time="0.043194"/>
        <testcase name="Path parameter is normalized" file="Redirect (Hyde\Framework\Testing\Feature\Redirect)::Path parameter is normalized" class="Hyde\Framework\Testing\Feature\RedirectTest" classname="Hyde.Framework.Testing.Feature.RedirectTest" assertions="1" time="0.021555"/>
        <testcase name="Text can be disabled" file="Redirect (Hyde\Framework\Testing\Feature\Redirect)::Text can be disabled" class="Hyde\Framework\Testing\Feature\RedirectTest" classname="Hyde.Framework.Testing.Feature.RedirectTest" assertions="2" time="0.022505"/>
        <testcase name="Redirect pages can be compilable by static site though manual discovery" file="Redirect (Hyde\Framework\Testing\Feature\Redirect)::Redirect pages can be compilable by static site though manual discovery" class="Hyde\Framework\Testing\Feature\RedirectTest" classname="Hyde.Framework.Testing.Feature.RedirectTest" assertions="2" time="0.025027"/>
      </testsuite>
      <testsuite name="Hyde\Framework\Testing\Feature\RouteCollectionTest" file="Route Collection (Hyde\Framework\Testing\Feature\RouteCollection)" tests="7" assertions="19" errors="0" failures="0" skipped="0" time="0.200554">
        <testcase name="Boot method discovers all pages" file="Route Collection (Hyde\Framework\Testing\Feature\RouteCollection)::Boot method discovers all pages" class="Hyde\Framework\Testing\Feature\RouteCollectionTest" classname="Hyde.Framework.Testing.Feature.RouteCollectionTest" assertions="3" time="0.031226"/>
        <testcase name="Boot method discovers all page types" file="Route Collection (Hyde\Framework\Testing\Feature\RouteCollection)::Boot method discovers all page types" class="Hyde\Framework\Testing\Feature\RouteCollectionTest" classname="Hyde.Framework.Testing.Feature.RouteCollectionTest" assertions="3" time="0.034184"/>
        <testcase name="Get routes returns all routes" file="Route Collection (Hyde\Framework\Testing\Feature\RouteCollection)::Get routes returns all routes" class="Hyde\Framework\Testing\Feature\RouteCollectionTest" classname="Hyde.Framework.Testing.Feature.RouteCollectionTest" assertions="1" time="0.028338"/>
        <testcase name="Get routes for model returns collection of routes of given class" file="Route Collection (Hyde\Framework\Testing\Feature\RouteCollection)::Get routes for model returns collection of routes of given class" class="Hyde\Framework\Testing\Feature\RouteCollectionTest" classname="Hyde.Framework.Testing.Feature.RouteCollectionTest" assertions="6" time="0.034761"/>
        <testcase name="Add route adds new route" file="Route Collection (Hyde\Framework\Testing\Feature\RouteCollection)::Add route adds new route" class="Hyde\Framework\Testing\Feature\RouteCollectionTest" classname="Hyde.Framework.Testing.Feature.RouteCollectionTest" assertions="3" time="0.024756"/>
        <testcase name="Get route" file="Route Collection (Hyde\Framework\Testing\Feature\RouteCollection)::Get route" class="Hyde\Framework\Testing\Feature\RouteCollectionTest" classname="Hyde.Framework.Testing.Feature.RouteCollectionTest" assertions="1" time="0.024111"/>
        <testcase name="Get route with non existing route" file="Route Collection (Hyde\Framework\Testing\Feature\RouteCollection)::Get route with non existing route" class="Hyde\Framework\Testing\Feature\RouteCollectionTest" classname="Hyde.Framework.Testing.Feature.RouteCollectionTest" assertions="2" time="0.023177"/>
      </testsuite>
      <testsuite name="Hyde\Framework\Testing\Feature\Services\BladeDownProcessorTest" file="Blade Down Processor (Hyde\Framework\Testing\Feature\Services\BladeDownProcessor)" tests="9" assertions="9" errors="0" failures="0" skipped="0" time="0.206103">
        <testcase name="It renders blade echo syntax" file="Blade Down Processor (Hyde\Framework\Testing\Feature\Services\BladeDownProcessor)::It renders blade echo syntax" class="Hyde\Framework\Testing\Feature\Services\BladeDownProcessorTest" classname="Hyde.Framework.Testing.Feature.Services.BladeDownProcessorTest" assertions="1" time="0.043592"/>
        <testcase name="It renders blade within multiline markdown" file="Blade Down Processor (Hyde\Framework\Testing\Feature\Services\BladeDownProcessor)::It renders blade within multiline markdown" class="Hyde\Framework\Testing\Feature\Services\BladeDownProcessorTest" classname="Hyde.Framework.Testing.Feature.Services.BladeDownProcessorTest" assertions="1" time="0.020618"/>
        <testcase name="It renders blade views" file="Blade Down Processor (Hyde\Framework\Testing\Feature\Services\BladeDownProcessor)::It renders blade views" class="Hyde\Framework\Testing\Feature\Services\BladeDownProcessorTest" classname="Hyde.Framework.Testing.Feature.Services.BladeDownProcessorTest" assertions="1" time="0.020973"/>
        <testcase name="Directive is case insensitive" file="Blade Down Processor (Hyde\Framework\Testing\Feature\Services\BladeDownProcessor)::Directive is case insensitive" class="Hyde\Framework\Testing\Feature\Services\BladeDownProcessorTest" classname="Hyde.Framework.Testing.Feature.Services.BladeDownProcessorTest" assertions="1" time="0.020216"/>
        <testcase name="Directive is ignored if it is not at the start of a line" file="Blade Down Processor (Hyde\Framework\Testing\Feature\Services\BladeDownProcessor)::Directive is ignored if it is not at the start of a line" class="Hyde\Framework\Testing\Feature\Services\BladeDownProcessorTest" classname="Hyde.Framework.Testing.Feature.Services.BladeDownProcessorTest" assertions="1" time="0.019445"/>
        <testcase name="It renders blade echo syntax with variables" file="Blade Down Processor (Hyde\Framework\Testing\Feature\Services\BladeDownProcessor)::It renders blade echo syntax with variables" class="Hyde\Framework\Testing\Feature\Services\BladeDownProcessorTest" classname="Hyde.Framework.Testing.Feature.Services.BladeDownProcessorTest" assertions="1" time="0.020459"/>
        <testcase name="It renders blade views with variables" file="Blade Down Processor (Hyde\Framework\Testing\Feature\Services\BladeDownProcessor)::It renders blade views with variables" class="Hyde\Framework\Testing\Feature\Services\BladeDownProcessorTest" classname="Hyde.Framework.Testing.Feature.Services.BladeDownProcessorTest" assertions="1" time="0.021159"/>
        <testcase name="Preprocess method expands shortcode" file="Blade Down Processor (Hyde\Framework\Testing\Feature\Services\BladeDownProcessor)::Preprocess method expands shortcode" class="Hyde\Framework\Testing\Feature\Services\BladeDownProcessorTest" classname="Hyde.Framework.Testing.Feature.Services.BladeDownProcessorTest" assertions="1" time="0.019572"/>
        <testcase name="Process method renders shortcode" file="Blade Down Processor (Hyde\Framework\Testing\Feature\Services\BladeDownProcessor)::Process method renders shortcode" class="Hyde\Framework\Testing\Feature\Services\BladeDownProcessorTest" classname="Hyde.Framework.Testing.Feature.Services.BladeDownProcessorTest" assertions="1" time="0.020070"/>
      </testsuite>
      <testsuite name="Hyde\Framework\Testing\Feature\Services\BuildTaskServiceTest" file="Build Task Service (Hyde\Framework\Testing\Feature\Services\BuildTaskService)" tests="8" assertions="11" errors="0" failures="0" skipped="0" time="0.226804">
        <testcase name="Build command can run build tasks" file="Build Task Service (Hyde\Framework\Testing\Feature\Services\BuildTaskService)::Build command can run build tasks" class="Hyde\Framework\Testing\Feature\Services\BuildTaskServiceTest" classname="Hyde.Framework.Testing.Feature.Services.BuildTaskServiceTest" assertions="4" time="0.051222"/>
        <testcase name="Run post build tasks runs configured tasks does nothing if no tasks are configured" file="Build Task Service (Hyde\Framework\Testing\Feature\Services\BuildTaskService)::Run post build tasks runs configured tasks does nothing if no tasks are configured" class="Hyde\Framework\Testing\Feature\Services\BuildTaskServiceTest" classname="Hyde.Framework.Testing.Feature.Services.BuildTaskServiceTest" assertions="1" time="0.024691"/>
        <testcase name="Get post build tasks returns array merged with config" file="Build Task Service (Hyde\Framework\Testing\Feature\Services\BuildTaskService)::Get post build tasks returns array merged with config" class="Hyde\Framework\Testing\Feature\Services\BuildTaskServiceTest" classname="Hyde.Framework.Testing.Feature.Services.BuildTaskServiceTest" assertions="1" time="0.023627"/>
        <testcase name="Get post build tasks merges duplicate keys" file="Build Task Service (Hyde\Framework\Testing\Feature\Services\BuildTaskService)::Get post build tasks merges duplicate keys" class="Hyde\Framework\Testing\Feature\Services\BuildTaskServiceTest" classname="Hyde.Framework.Testing.Feature.Services.BuildTaskServiceTest" assertions="1" time="0.030388"/>
        <testcase name="Run post build tasks runs configured tasks" file="Build Task Service (Hyde\Framework\Testing\Feature\Services\BuildTaskService)::Run post build tasks runs configured tasks" class="Hyde\Framework\Testing\Feature\Services\BuildTaskServiceTest" classname="Hyde.Framework.Testing.Feature.Services.BuildTaskServiceTest" assertions="1" time="0.025370"/>
        <testcase name="Exception handler shows error message and exits with code 1 without throwing exception" file="Build Task Service (Hyde\Framework\Testing\Feature\Services\BuildTaskService)::Exception handler shows error message and exits with code 1 without throwing exception" class="Hyde\Framework\Testing\Feature\Services\BuildTaskServiceTest" classname="Hyde.Framework.Testing.Feature.Services.BuildTaskServiceTest" assertions="1" time="0.020132"/>
        <testcase name="Find tasks in app directory method discovers tasks in app directory" file="Build Task Service (Hyde\Framework\Testing\Feature\Services\BuildTaskService)::Find tasks in app directory method discovers tasks in app directory" class="Hyde\Framework\Testing\Feature\Services\BuildTaskServiceTest" classname="Hyde.Framework.Testing.Feature.Services.BuildTaskServiceTest" assertions="1" time="0.025350"/>
        <testcase name="Automatically discovered tasks can be executed" file="Build Task Service (Hyde\Framework\Testing\Feature\Services\BuildTaskService)::Automatically discovered tasks can be executed" class="Hyde\Framework\Testing\Feature\Services\BuildTaskServiceTest" classname="Hyde.Framework.Testing.Feature.Services.BuildTaskServiceTest" assertions="1" time="0.026024"/>
      </testsuite>
      <testsuite name="Hyde\Framework\Testing\Feature\Services\DocumentationSearchServiceTest" file="Documentation Search Service (Hyde\Framework\Testing\Feature\Services\DocumentationSearchService)" tests="10" assertions="10" errors="0" failures="0" skipped="0" time="0.093894">
        <testcase name="It generates a json file with a search index" file="Documentation Search Service (Hyde\Framework\Testing\Feature\Services\DocumentationSearchService)::It generates a json file with a search index" class="Hyde\Framework\Testing\Feature\Services\DocumentationSearchServiceTest" classname="Hyde.Framework.Testing.Feature.Services.DocumentationSearchServiceTest" assertions="1" time="0.019002"/>
        <testcase name="It adds all files to search index" file="Documentation Search Service (Hyde\Framework\Testing\Feature\Services\DocumentationSearchService)::It adds all files to search index" class="Hyde\Framework\Testing\Feature\Services\DocumentationSearchServiceTest" classname="Hyde.Framework.Testing.Feature.Services.DocumentationSearchServiceTest" assertions="1" time="0.010697"/>
        <testcase name="It handles generation even when there are no pages" file="Documentation Search Service (Hyde\Framework\Testing\Feature\Services\DocumentationSearchService)::It handles generation even when there are no pages" class="Hyde\Framework\Testing\Feature\Services\DocumentationSearchServiceTest" classname="Hyde.Framework.Testing.Feature.Services.DocumentationSearchServiceTest" assertions="1" time="0.006705"/>
        <testcase name="Save method saves the file to the correct location" file="Documentation Search Service (Hyde\Framework\Testing\Feature\Services\DocumentationSearchService)::Save method saves the file to the correct location" class="Hyde\Framework\Testing\Feature\Services\DocumentationSearchServiceTest" classname="Hyde.Framework.Testing.Feature.Services.DocumentationSearchServiceTest" assertions="1" time="0.006660"/>
        <testcase name="It generates a valid j s o n" file="Documentation Search Service (Hyde\Framework\Testing\Feature\Services\DocumentationSearchService)::It generates a valid j s o n" class="Hyde\Framework\Testing\Feature\Services\DocumentationSearchServiceTest" classname="Hyde.Framework.Testing.Feature.Services.DocumentationSearchServiceTest" assertions="1" time="0.009381"/>
        <testcase name="It strips markdown" file="Documentation Search Service (Hyde\Framework\Testing\Feature\Services\DocumentationSearchService)::It strips markdown" class="Hyde\Framework\Testing\Feature\Services\DocumentationSearchServiceTest" classname="Hyde.Framework.Testing.Feature.Services.DocumentationSearchServiceTest" assertions="1" time="0.008189"/>
        <testcase name="Get destination for slug returns empty string for index when pretty url is enabled" file="Documentation Search Service (Hyde\Framework\Testing\Feature\Services\DocumentationSearchService)::Get destination for slug returns empty string for index when pretty url is enabled" class="Hyde\Framework\Testing\Feature\Services\DocumentationSearchServiceTest" classname="Hyde.Framework.Testing.Feature.Services.DocumentationSearchServiceTest" assertions="1" time="0.008248"/>
        <testcase name="Get destination for slug returns pretty url when enabled" file="Documentation Search Service (Hyde\Framework\Testing\Feature\Services\DocumentationSearchService)::Get destination for slug returns pretty url when enabled" class="Hyde\Framework\Testing\Feature\Services\DocumentationSearchServiceTest" classname="Hyde.Framework.Testing.Feature.Services.DocumentationSearchServiceTest" assertions="1" time="0.008156"/>
        <testcase name="Excluded pages are not present in the search index" file="Documentation Search Service (Hyde\Framework\Testing\Feature\Services\DocumentationSearchService)::Excluded pages are not present in the search index" class="Hyde\Framework\Testing\Feature\Services\DocumentationSearchServiceTest" classname="Hyde.Framework.Testing.Feature.Services.DocumentationSearchServiceTest" assertions="1" time="0.008100"/>
        <testcase name="Nested source files do not retain directory name in search index" file="Documentation Search Service (Hyde\Framework\Testing\Feature\Services\DocumentationSearchService)::Nested source files do not retain directory name in search index" class="Hyde\Framework\Testing\Feature\Services\DocumentationSearchServiceTest" classname="Hyde.Framework.Testing.Feature.Services.DocumentationSearchServiceTest" assertions="1" time="0.008754"/>
      </testsuite>
      <testsuite name="Hyde\Framework\Testing\Feature\Services\DocumentationSidebarTest" file="Documentation Sidebar (Hyde\Framework\Testing\Feature\Services\DocumentationSidebar)" tests="36" assertions="51" errors="0" failures="0" skipped="0" time="1.006209">
        <testcase name="Sidebar can be created" file="Documentation Sidebar (Hyde\Framework\Testing\Feature\Services\DocumentationSidebar)::Sidebar can be created" class="Hyde\Framework\Testing\Feature\Services\DocumentationSidebarTest" classname="Hyde.Framework.Testing.Feature.Services.DocumentationSidebarTest" assertions="1" time="0.037222"/>
        <testcase name="Sidebar items are added automatically" file="Documentation Sidebar (Hyde\Framework\Testing\Feature\Services\DocumentationSidebar)::Sidebar items are added automatically" class="Hyde\Framework\Testing\Feature\Services\DocumentationSidebarTest" classname="Hyde.Framework.Testing.Feature.Services.DocumentationSidebarTest" assertions="1" time="0.029189"/>
        <testcase name="Index page is removed from sidebar" file="Documentation Sidebar (Hyde\Framework\Testing\Feature\Services\DocumentationSidebar)::Index page is removed from sidebar" class="Hyde\Framework\Testing\Feature\Services\DocumentationSidebarTest" classname="Hyde.Framework.Testing.Feature.Services.DocumentationSidebarTest" assertions="1" time="0.030194"/>
        <testcase name="Files with front matter hidden set to true are removed from sidebar" file="Documentation Sidebar (Hyde\Framework\Testing\Feature\Services\DocumentationSidebar)::Files with front matter hidden set to true are removed from sidebar" class="Hyde\Framework\Testing\Feature\Services\DocumentationSidebarTest" classname="Hyde.Framework.Testing.Feature.Services.DocumentationSidebarTest" assertions="1" time="0.030220"/>
        <testcase name="Sidebar is ordered alphabetically when no order is set in config" file="Documentation Sidebar (Hyde\Framework\Testing\Feature\Services\DocumentationSidebar)::Sidebar is ordered alphabetically when no order is set in config" class="Hyde\Framework\Testing\Feature\Services\DocumentationSidebarTest" classname="Hyde.Framework.Testing.Feature.Services.DocumentationSidebarTest" assertions="1" time="0.028311"/>
        <testcase name="Sidebar is ordered by priority when priority is set in config" file="Documentation Sidebar (Hyde\Framework\Testing\Feature\Services\DocumentationSidebar)::Sidebar is ordered by priority when priority is set in config" class="Hyde\Framework\Testing\Feature\Services\DocumentationSidebarTest" classname="Hyde.Framework.Testing.Feature.Services.DocumentationSidebarTest" assertions="1" time="0.042265"/>
        <testcase name="Sidebar item priority can be set in front matter" file="Documentation Sidebar (Hyde\Framework\Testing\Feature\Services\DocumentationSidebar)::Sidebar item priority can be set in front matter" class="Hyde\Framework\Testing\Feature\Services\DocumentationSidebarTest" classname="Hyde.Framework.Testing.Feature.Services.DocumentationSidebarTest" assertions="1" time="0.025314"/>
        <testcase name="Sidebar item priority set in config overrides front matter" file="Documentation Sidebar (Hyde\Framework\Testing\Feature\Services\DocumentationSidebar)::Sidebar item priority set in config overrides front matter" class="Hyde\Framework\Testing\Feature\Services\DocumentationSidebarTest" classname="Hyde.Framework.Testing.Feature.Services.DocumentationSidebarTest" assertions="1" time="0.025232"/>
        <testcase name="Sidebar priorities can be set in both front matter and config" file="Documentation Sidebar (Hyde\Framework\Testing\Feature\Services\DocumentationSidebar)::Sidebar priorities can be set in both front matter and config" class="Hyde\Framework\Testing\Feature\Services\DocumentationSidebarTest" classname="Hyde.Framework.Testing.Feature.Services.DocumentationSidebarTest" assertions="1" time="0.028999"/>
        <testcase name="Group can be set in front matter" file="Documentation Sidebar (Hyde\Framework\Testing\Feature\Services\DocumentationSidebar)::Group can be set in front matter" class="Hyde\Framework\Testing\Feature\Services\DocumentationSidebarTest" classname="Hyde.Framework.Testing.Feature.Services.DocumentationSidebarTest" assertions="1" time="0.025147"/>
        <testcase name="Has groups returns false when there are no groups" file="Documentation Sidebar (Hyde\Framework\Testing\Feature\Services\DocumentationSidebar)::Has groups returns false when there are no groups" class="Hyde\Framework\Testing\Feature\Services\DocumentationSidebarTest" classname="Hyde.Framework.Testing.Feature.Services.DocumentationSidebarTest" assertions="1" time="0.023490"/>
        <testcase name="Has groups returns true when there are groups" file="Documentation Sidebar (Hyde\Framework\Testing\Feature\Services\DocumentationSidebar)::Has groups returns true when there are groups" class="Hyde\Framework\Testing\Feature\Services\DocumentationSidebarTest" classname="Hyde.Framework.Testing.Feature.Services.DocumentationSidebarTest" assertions="1" time="0.025239"/>
        <testcase name="Has groups returns true when there are multiple groups" file="Documentation Sidebar (Hyde\Framework\Testing\Feature\Services\DocumentationSidebar)::Has groups returns true when there are multiple groups" class="Hyde\Framework\Testing\Feature\Services\DocumentationSidebarTest" classname="Hyde.Framework.Testing.Feature.Services.DocumentationSidebarTest" assertions="1" time="0.026350"/>
        <testcase name="Has groups returns true when there are multiple groups mixed with defaults" file="Documentation Sidebar (Hyde\Framework\Testing\Feature\Services\DocumentationSidebar)::Has groups returns true when there are multiple groups mixed with defaults" class="Hyde\Framework\Testing\Feature\Services\DocumentationSidebarTest" classname="Hyde.Framework.Testing.Feature.Services.DocumentationSidebarTest" assertions="1" time="0.027384"/>
        <testcase name="Get groups returns empty array when there are no groups" file="Documentation Sidebar (Hyde\Framework\Testing\Feature\Services\DocumentationSidebar)::Get groups returns empty array when there are no groups" class="Hyde\Framework\Testing\Feature\Services\DocumentationSidebarTest" classname="Hyde.Framework.Testing.Feature.Services.DocumentationSidebarTest" assertions="1" time="0.023720"/>
        <testcase name="Get groups returns array of groups when there are groups" file="Documentation Sidebar (Hyde\Framework\Testing\Feature\Services\DocumentationSidebar)::Get groups returns array of groups when there are groups" class="Hyde\Framework\Testing\Feature\Services\DocumentationSidebarTest" classname="Hyde.Framework.Testing.Feature.Services.DocumentationSidebarTest" assertions="1" time="0.025271"/>
        <testcase name="Get groups returns array with no duplicates" file="Documentation Sidebar (Hyde\Framework\Testing\Feature\Services\DocumentationSidebar)::Get groups returns array with no duplicates" class="Hyde\Framework\Testing\Feature\Services\DocumentationSidebarTest" classname="Hyde.Framework.Testing.Feature.Services.DocumentationSidebarTest" assertions="1" time="0.027729"/>
        <testcase name="Groups are sorted by lowest found priority in each group" file="Documentation Sidebar (Hyde\Framework\Testing\Feature\Services\DocumentationSidebar)::Groups are sorted by lowest found priority in each group" class="Hyde\Framework\Testing\Feature\Services\DocumentationSidebarTest" classname="Hyde.Framework.Testing.Feature.Services.DocumentationSidebarTest" assertions="1" time="0.027847"/>
        <testcase name="Get items in group returns empty collection when there are no items" file="Documentation Sidebar (Hyde\Framework\Testing\Feature\Services\DocumentationSidebar)::Get items in group returns empty collection when there are no items" class="Hyde\Framework\Testing\Feature\Services\DocumentationSidebarTest" classname="Hyde.Framework.Testing.Feature.Services.DocumentationSidebarTest" assertions="1" time="0.023671"/>
        <testcase name="Get items in group returns collection of items in group" file="Documentation Sidebar (Hyde\Framework\Testing\Feature\Services\DocumentationSidebar)::Get items in group returns collection of items in group" class="Hyde\Framework\Testing\Feature\Services\DocumentationSidebarTest" classname="Hyde.Framework.Testing.Feature.Services.DocumentationSidebarTest" assertions="2" time="0.029473"/>
        <testcase name="Get items in group normalizes group name to slug format" file="Documentation Sidebar (Hyde\Framework\Testing\Feature\Services\DocumentationSidebar)::Get items in group normalizes group name to slug format" class="Hyde\Framework\Testing\Feature\Services\DocumentationSidebarTest" classname="Hyde.Framework.Testing.Feature.Services.DocumentationSidebarTest" assertions="1" time="0.029010"/>
        <testcase name="Get items in group does not include items with hidden front matter" file="Documentation Sidebar (Hyde\Framework\Testing\Feature\Services\DocumentationSidebar)::Get items in group does not include items with hidden front matter" class="Hyde\Framework\Testing\Feature\Services\DocumentationSidebarTest" classname="Hyde.Framework.Testing.Feature.Services.DocumentationSidebarTest" assertions="1" time="0.027177"/>
        <testcase name="Get items in group does not include docs index" file="Documentation Sidebar (Hyde\Framework\Testing\Feature\Services\DocumentationSidebar)::Get items in group does not include docs index" class="Hyde\Framework\Testing\Feature\Services\DocumentationSidebarTest" classname="Hyde.Framework.Testing.Feature.Services.DocumentationSidebarTest" assertions="1" time="0.026574"/>
        <testcase name="Is group active returns false when supplied group is not active" file="Documentation Sidebar (Hyde\Framework\Testing\Feature\Services\DocumentationSidebar)::Is group active returns false when supplied group is not active" class="Hyde\Framework\Testing\Feature\Services\DocumentationSidebarTest" classname="Hyde.Framework.Testing.Feature.Services.DocumentationSidebarTest" assertions="1" time="0.024646"/>
        <testcase name="Is group active returns true when supplied group is active" file="Documentation Sidebar (Hyde\Framework\Testing\Feature\Services\DocumentationSidebar)::Is group active returns true when supplied group is active" class="Hyde\Framework\Testing\Feature\Services\DocumentationSidebarTest" classname="Hyde.Framework.Testing.Feature.Services.DocumentationSidebarTest" assertions="1" time="0.024365"/>
        <testcase name="Is group active returns true for differing casing" file="Documentation Sidebar (Hyde\Framework\Testing\Feature\Services\DocumentationSidebar)::Is group active returns true for differing casing" class="Hyde\Framework\Testing\Feature\Services\DocumentationSidebarTest" classname="Hyde.Framework.Testing.Feature.Services.DocumentationSidebarTest" assertions="1" time="0.024364"/>
        <testcase name="Is group active returns true first group of index page" file="Documentation Sidebar (Hyde\Framework\Testing\Feature\Services\DocumentationSidebar)::Is group active returns true first group of index page" class="Hyde\Framework\Testing\Feature\Services\DocumentationSidebarTest" classname="Hyde.Framework.Testing.Feature.Services.DocumentationSidebarTest" assertions="3" time="0.031041"/>
        <testcase name="Is group active returns true first sorted group of index page" file="Documentation Sidebar (Hyde\Framework\Testing\Feature\Services\DocumentationSidebar)::Is group active returns true first sorted group of index page" class="Hyde\Framework\Testing\Feature\Services\DocumentationSidebarTest" classname="Hyde.Framework.Testing.Feature.Services.DocumentationSidebarTest" assertions="3" time="0.032322"/>
        <testcase name="Automatic index page group expansion respects custom navigation menu settings" file="Documentation Sidebar (Hyde\Framework\Testing\Feature\Services\DocumentationSidebar)::Automatic index page group expansion respects custom navigation menu settings" class="Hyde\Framework\Testing\Feature\Services\DocumentationSidebarTest" classname="Hyde.Framework.Testing.Feature.Services.DocumentationSidebarTest" assertions="3" time="0.030954"/>
        <testcase name="Make group title turns group key into title" file="Documentation Sidebar (Hyde\Framework\Testing\Feature\Services\DocumentationSidebar)::Make group title turns group key into title" class="Hyde\Framework\Testing\Feature\Services\DocumentationSidebarTest" classname="Hyde.Framework.Testing.Feature.Services.DocumentationSidebarTest" assertions="4" time="0.024320"/>
        <testcase name="Make group title uses configured sidebar group labels when available" file="Documentation Sidebar (Hyde\Framework\Testing\Feature\Services\DocumentationSidebar)::Make group title uses configured sidebar group labels when available" class="Hyde\Framework\Testing\Feature\Services\DocumentationSidebarTest" classname="Hyde.Framework.Testing.Feature.Services.DocumentationSidebarTest" assertions="2" time="0.023603"/>
        <testcase name="Can have multiple grouped pages with the same name labels" file="Documentation Sidebar (Hyde\Framework\Testing\Feature\Services\DocumentationSidebar)::Can have multiple grouped pages with the same name labels" class="Hyde\Framework\Testing\Feature\Services\DocumentationSidebarTest" classname="Hyde.Framework.Testing.Feature.Services.DocumentationSidebarTest" assertions="2" time="0.027010"/>
        <testcase name="Duplicate labels within the same group is removed" file="Documentation Sidebar (Hyde\Framework\Testing\Feature\Services\DocumentationSidebar)::Duplicate labels within the same group is removed" class="Hyde\Framework\Testing\Feature\Services\DocumentationSidebarTest" classname="Hyde.Framework.Testing.Feature.Services.DocumentationSidebarTest" assertions="2" time="0.026681"/>
        <testcase name="Is group active for index page with no groups" file="Documentation Sidebar (Hyde\Framework\Testing\Feature\Services\DocumentationSidebar)::Is group active for index page with no groups" class="Hyde\Framework\Testing\Feature\Services\DocumentationSidebarTest" classname="Hyde.Framework.Testing.Feature.Services.DocumentationSidebarTest" assertions="1" time="0.025367"/>
        <testcase name="Index page added to sidebar when it is the only page" file="Documentation Sidebar (Hyde\Framework\Testing\Feature\Services\DocumentationSidebar)::Index page added to sidebar when it is the only page" class="Hyde\Framework\Testing\Feature\Services\DocumentationSidebarTest" classname="Hyde.Framework.Testing.Feature.Services.DocumentationSidebarTest" assertions="2" time="0.025859"/>
        <testcase name="Index page not added to sidebar when other pages exist" file="Documentation Sidebar (Hyde\Framework\Testing\Feature\Services\DocumentationSidebar)::Index page not added to sidebar when other pages exist" class="Hyde\Framework\Testing\Feature\Services\DocumentationSidebarTest" classname="Hyde.Framework.Testing.Feature.Services.DocumentationSidebarTest" assertions="2" time="0.040646"/>
      </testsuite>
      <testsuite name="Hyde\Framework\Testing\Feature\Services\HydeSmartDocsTest" file="Hyde Smart Docs (Hyde\Framework\Testing\Feature\Services\HydeSmartDocs)" tests="19" assertions="33" errors="0" failures="0" skipped="0" time="0.529885">
        <testcase name="Class tokenizes document" file="Hyde Smart Docs (Hyde\Framework\Testing\Feature\Services\HydeSmartDocs)::Class tokenizes document" class="Hyde\Framework\Testing\Feature\Services\HydeSmartDocsTest" classname="Hyde.Framework.Testing.Feature.Services.HydeSmartDocsTest" assertions="2" time="0.068335"/>
        <testcase name="Class can handle document with no header" file="Hyde Smart Docs (Hyde\Framework\Testing\Feature\Services\HydeSmartDocs)::Class can handle document with no header" class="Hyde\Framework\Testing\Feature\Services\HydeSmartDocsTest" classname="Hyde.Framework.Testing.Feature.Services.HydeSmartDocsTest" assertions="2" time="0.023590"/>
        <testcase name="Class can handle document with only header" file="Hyde Smart Docs (Hyde\Framework\Testing\Feature\Services\HydeSmartDocs)::Class can handle document with only header" class="Hyde\Framework\Testing\Feature\Services\HydeSmartDocsTest" classname="Hyde.Framework.Testing.Feature.Services.HydeSmartDocsTest" assertions="2" time="0.023643"/>
        <testcase name="Class can handle empty document" file="Hyde Smart Docs (Hyde\Framework\Testing\Feature\Services\HydeSmartDocs)::Class can handle empty document" class="Hyde\Framework\Testing\Feature\Services\HydeSmartDocsTest" classname="Hyde.Framework.Testing.Feature.Services.HydeSmartDocsTest" assertions="2" time="0.023198"/>
        <testcase name="Rendered content is htmlable" file="Hyde Smart Docs (Hyde\Framework\Testing\Feature\Services\HydeSmartDocs)::Rendered content is htmlable" class="Hyde\Framework\Testing\Feature\Services\HydeSmartDocsTest" classname="Hyde.Framework.Testing.Feature.Services.HydeSmartDocsTest" assertions="3" time="0.023605"/>
        <testcase name="Create helper creates new instance and processes it" file="Hyde Smart Docs (Hyde\Framework\Testing\Feature\Services\HydeSmartDocs)::Create helper creates new instance and processes it" class="Hyde\Framework\Testing\Feature\Services\HydeSmartDocsTest" classname="Hyde.Framework.Testing.Feature.Services.HydeSmartDocsTest" assertions="2" time="0.023559"/>
        <testcase name="Render header returns the extracted header" file="Hyde Smart Docs (Hyde\Framework\Testing\Feature\Services\HydeSmartDocs)::Render header returns the extracted header" class="Hyde\Framework\Testing\Feature\Services\HydeSmartDocsTest" classname="Hyde.Framework.Testing.Feature.Services.HydeSmartDocsTest" assertions="1" time="0.023676"/>
        <testcase name="Render header returns the extracted header with varying newlines" file="Hyde Smart Docs (Hyde\Framework\Testing\Feature\Services\HydeSmartDocs)::Render header returns the extracted header with varying newlines" class="Hyde\Framework\Testing\Feature\Services\HydeSmartDocsTest" classname="Hyde.Framework.Testing.Feature.Services.HydeSmartDocsTest" assertions="3" time="0.030238"/>
        <testcase name="Render body returns the extracted body" file="Hyde Smart Docs (Hyde\Framework\Testing\Feature\Services\HydeSmartDocs)::Render body returns the extracted body" class="Hyde\Framework\Testing\Feature\Services\HydeSmartDocsTest" classname="Hyde.Framework.Testing.Feature.Services.HydeSmartDocsTest" assertions="1" time="0.023629"/>
        <testcase name="Render body returns the extracted body with varying newlines" file="Hyde Smart Docs (Hyde\Framework\Testing\Feature\Services\HydeSmartDocs)::Render body returns the extracted body with varying newlines" class="Hyde\Framework\Testing\Feature\Services\HydeSmartDocsTest" classname="Hyde.Framework.Testing.Feature.Services.HydeSmartDocsTest" assertions="3" time="0.030221"/>
        <testcase name="Render footer is empty by default" file="Hyde Smart Docs (Hyde\Framework\Testing\Feature\Services\HydeSmartDocs)::Render footer is empty by default" class="Hyde\Framework\Testing\Feature\Services\HydeSmartDocsTest" classname="Hyde.Framework.Testing.Feature.Services.HydeSmartDocsTest" assertions="1" time="0.023646"/>
        <testcase name="Add dynamic header content adds source link when conditions are met" file="Hyde Smart Docs (Hyde\Framework\Testing\Feature\Services\HydeSmartDocs)::Add dynamic header content adds source link when conditions are met" class="Hyde\Framework\Testing\Feature\Services\HydeSmartDocsTest" classname="Hyde.Framework.Testing.Feature.Services.HydeSmartDocsTest" assertions="1" time="0.024847"/>
        <testcase name="Edit source link is added to footer when conditions are met" file="Hyde Smart Docs (Hyde\Framework\Testing\Feature\Services\HydeSmartDocs)::Edit source link is added to footer when conditions are met" class="Hyde\Framework\Testing\Feature\Services\HydeSmartDocsTest" classname="Hyde.Framework.Testing.Feature.Services.HydeSmartDocsTest" assertions="1" time="0.037557"/>
        <testcase name="Edit source link can be added to both header and footer" file="Hyde Smart Docs (Hyde\Framework\Testing\Feature\Services\HydeSmartDocs)::Edit source link can be added to both header and footer" class="Hyde\Framework\Testing\Feature\Services\HydeSmartDocsTest" classname="Hyde.Framework.Testing.Feature.Services.HydeSmartDocsTest" assertions="2" time="0.025128"/>
        <testcase name="Edit source link text can be customized in header" file="Hyde Smart Docs (Hyde\Framework\Testing\Feature\Services\HydeSmartDocs)::Edit source link text can be customized in header" class="Hyde\Framework\Testing\Feature\Services\HydeSmartDocsTest" classname="Hyde.Framework.Testing.Feature.Services.HydeSmartDocsTest" assertions="1" time="0.024917"/>
        <testcase name="Edit source link text can be customized in footer" file="Hyde Smart Docs (Hyde\Framework\Testing\Feature\Services\HydeSmartDocs)::Edit source link text can be customized in footer" class="Hyde\Framework\Testing\Feature\Services\HydeSmartDocsTest" classname="Hyde.Framework.Testing.Feature.Services.HydeSmartDocsTest" assertions="1" time="0.024849"/>
        <testcase name="Add dynamic footer content adds torchlight attribution when conditions are met" file="Hyde Smart Docs (Hyde\Framework\Testing\Feature\Services\HydeSmartDocs)::Add dynamic footer content adds torchlight attribution when conditions are met" class="Hyde\Framework\Testing\Feature\Services\HydeSmartDocsTest" classname="Hyde.Framework.Testing.Feature.Services.HydeSmartDocsTest" assertions="1" time="0.025694"/>
        <testcase name="The documentation article view" file="Hyde Smart Docs (Hyde\Framework\Testing\Feature\Services\HydeSmartDocs)::The documentation article view" class="Hyde\Framework\Testing\Feature\Services\HydeSmartDocsTest" classname="Hyde.Framework.Testing.Feature.Services.HydeSmartDocsTest" assertions="2" time="0.024694"/>
        <testcase name="The documentation article view with existing variable" file="Hyde Smart Docs (Hyde\Framework\Testing\Feature\Services\HydeSmartDocs)::The documentation article view with existing variable" class="Hyde\Framework\Testing\Feature\Services\HydeSmartDocsTest" classname="Hyde.Framework.Testing.Feature.Services.HydeSmartDocsTest" assertions="2" time="0.024860"/>
      </testsuite>
      <testsuite name="Hyde\Framework\Testing\Feature\Services\Markdown\CodeblockFilepathProcessorTest" file="Codeblock Filepath Processor (Hyde\Framework\Testing\Feature\Services\Markdown\CodeblockFilepathProcessor)" tests="13" assertions="30" errors="0" failures="0" skipped="0" time="0.284809">
        <testcase name="Preprocess expands filepath" file="Codeblock Filepath Processor (Hyde\Framework\Testing\Feature\Services\Markdown\CodeblockFilepathProcessor)::Preprocess expands filepath" class="Hyde\Framework\Testing\Feature\Services\Markdown\CodeblockFilepathProcessorTest" classname="Hyde.Framework.Testing.Feature.Services.Markdown.CodeblockFilepathProcessorTest" assertions="1" time="0.043759"/>
        <testcase name="Preprocess accepts multiple filepath formats" file="Codeblock Filepath Processor (Hyde\Framework\Testing\Feature\Services\Markdown\CodeblockFilepathProcessor)::Preprocess accepts multiple filepath formats" class="Hyde\Framework\Testing\Feature\Services\Markdown\CodeblockFilepathProcessorTest" classname="Hyde.Framework.Testing.Feature.Services.Markdown.CodeblockFilepathProcessorTest" assertions="8" time="0.020371"/>
        <testcase name="Filepath pattern is case insensitive" file="Codeblock Filepath Processor (Hyde\Framework\Testing\Feature\Services\Markdown\CodeblockFilepathProcessor)::Filepath pattern is case insensitive" class="Hyde\Framework\Testing\Feature\Services\Markdown\CodeblockFilepathProcessorTest" classname="Hyde.Framework.Testing.Feature.Services.Markdown.CodeblockFilepathProcessorTest" assertions="4" time="0.019983"/>
        <testcase name="Preprocess can use html comments" file="Codeblock Filepath Processor (Hyde\Framework\Testing\Feature\Services\Markdown\CodeblockFilepathProcessor)::Preprocess can use html comments" class="Hyde\Framework\Testing\Feature\Services\Markdown\CodeblockFilepathProcessorTest" classname="Hyde.Framework.Testing.Feature.Services.Markdown.CodeblockFilepathProcessorTest" assertions="1" time="0.019477"/>
        <testcase name="Preprocess can use html comments with different patterns" file="Codeblock Filepath Processor (Hyde\Framework\Testing\Feature\Services\Markdown\CodeblockFilepathProcessor)::Preprocess can use html comments with different patterns" class="Hyde\Framework\Testing\Feature\Services\Markdown\CodeblockFilepathProcessorTest" classname="Hyde.Framework.Testing.Feature.Services.Markdown.CodeblockFilepathProcessorTest" assertions="4" time="0.020023"/>
        <testcase name="Preprocess accepts multiple languages" file="Codeblock Filepath Processor (Hyde\Framework\Testing\Feature\Services\Markdown\CodeblockFilepathProcessor)::Preprocess accepts multiple languages" class="Hyde\Framework\Testing\Feature\Services\Markdown\CodeblockFilepathProcessorTest" classname="Hyde.Framework.Testing.Feature.Services.Markdown.CodeblockFilepathProcessorTest" assertions="5" time="0.020179"/>
        <testcase name="Preprocess accepts multiple input blocks" file="Codeblock Filepath Processor (Hyde\Framework\Testing\Feature\Services\Markdown\CodeblockFilepathProcessor)::Preprocess accepts multiple input blocks" class="Hyde\Framework\Testing\Feature\Services\Markdown\CodeblockFilepathProcessorTest" classname="Hyde.Framework.Testing.Feature.Services.Markdown.CodeblockFilepathProcessorTest" assertions="1" time="0.019624"/>
        <testcase name="Preprocess accepts multi line codeblocks" file="Codeblock Filepath Processor (Hyde\Framework\Testing\Feature\Services\Markdown\CodeblockFilepathProcessor)::Preprocess accepts multi line codeblocks" class="Hyde\Framework\Testing\Feature\Services\Markdown\CodeblockFilepathProcessorTest" classname="Hyde.Framework.Testing.Feature.Services.Markdown.CodeblockFilepathProcessorTest" assertions="1" time="0.020087"/>
        <testcase name="Space after filepath is optional" file="Codeblock Filepath Processor (Hyde\Framework\Testing\Feature\Services\Markdown\CodeblockFilepathProcessor)::Space after filepath is optional" class="Hyde\Framework\Testing\Feature\Services\Markdown\CodeblockFilepathProcessorTest" classname="Hyde.Framework.Testing.Feature.Services.Markdown.CodeblockFilepathProcessorTest" assertions="1" time="0.019812"/>
        <testcase name="Processor expands filepath directive in standard codeblock" file="Codeblock Filepath Processor (Hyde\Framework\Testing\Feature\Services\Markdown\CodeblockFilepathProcessor)::Processor expands filepath directive in standard codeblock" class="Hyde\Framework\Testing\Feature\Services\Markdown\CodeblockFilepathProcessorTest" classname="Hyde.Framework.Testing.Feature.Services.Markdown.CodeblockFilepathProcessorTest" assertions="1" time="0.020764"/>
        <testcase name="Processor expands filepath directive in torchlight codeblock" file="Codeblock Filepath Processor (Hyde\Framework\Testing\Feature\Services\Markdown\CodeblockFilepathProcessor)::Processor expands filepath directive in torchlight codeblock" class="Hyde\Framework\Testing\Feature\Services\Markdown\CodeblockFilepathProcessorTest" classname="Hyde.Framework.Testing.Feature.Services.Markdown.CodeblockFilepathProcessorTest" assertions="1" time="0.020210"/>
        <testcase name="Processor escapes html by default" file="Codeblock Filepath Processor (Hyde\Framework\Testing\Feature\Services\Markdown\CodeblockFilepathProcessor)::Processor escapes html by default" class="Hyde\Framework\Testing\Feature\Services\Markdown\CodeblockFilepathProcessorTest" classname="Hyde.Framework.Testing.Feature.Services.Markdown.CodeblockFilepathProcessorTest" assertions="1" time="0.020175"/>
        <testcase name="Processor does not escape html if configured" file="Codeblock Filepath Processor (Hyde\Framework\Testing\Feature\Services\Markdown\CodeblockFilepathProcessor)::Processor does not escape html if configured" class="Hyde\Framework\Testing\Feature\Services\Markdown\CodeblockFilepathProcessorTest" classname="Hyde.Framework.Testing.Feature.Services.Markdown.CodeblockFilepathProcessorTest" assertions="1" time="0.020344"/>
      </testsuite>
      <testsuite name="Hyde\Framework\Testing\Feature\Services\Markdown\ShortcodeProcessorTest" file="Shortcode Processor (Hyde\Framework\Testing\Feature\Services\Markdown\ShortcodeProcessor)" tests="6" assertions="9" errors="0" failures="0" skipped="0" time="0.031174">
        <testcase name="Constructor discovers default shortcodes" file="Shortcode Processor (Hyde\Framework\Testing\Feature\Services\Markdown\ShortcodeProcessor)::Constructor discovers default shortcodes" class="Hyde\Framework\Testing\Feature\Services\Markdown\ShortcodeProcessorTest" classname="Hyde.Framework.Testing.Feature.Services.Markdown.ShortcodeProcessorTest" assertions="2" time="0.018868"/>
        <testcase name="Discovered shortcodes are used to process input" file="Shortcode Processor (Hyde\Framework\Testing\Feature\Services\Markdown\ShortcodeProcessor)::Discovered shortcodes are used to process input" class="Hyde\Framework\Testing\Feature\Services\Markdown\ShortcodeProcessorTest" classname="Hyde.Framework.Testing.Feature.Services.Markdown.ShortcodeProcessorTest" assertions="1" time="0.003066"/>
        <testcase name="String without shortcode is not modified" file="Shortcode Processor (Hyde\Framework\Testing\Feature\Services\Markdown\ShortcodeProcessor)::String without shortcode is not modified" class="Hyde\Framework\Testing\Feature\Services\Markdown\ShortcodeProcessorTest" classname="Hyde.Framework.Testing.Feature.Services.Markdown.ShortcodeProcessorTest" assertions="1" time="0.002022"/>
        <testcase name="Process static shorthand" file="Shortcode Processor (Hyde\Framework\Testing\Feature\Services\Markdown\ShortcodeProcessor)::Process static shorthand" class="Hyde\Framework\Testing\Feature\Services\Markdown\ShortcodeProcessorTest" classname="Hyde.Framework.Testing.Feature.Services.Markdown.ShortcodeProcessorTest" assertions="1" time="0.002908"/>
        <testcase name="Shortcodes can be added to processor" file="Shortcode Processor (Hyde\Framework\Testing\Feature\Services\Markdown\ShortcodeProcessor)::Shortcodes can be added to processor" class="Hyde\Framework\Testing\Feature\Services\Markdown\ShortcodeProcessorTest" classname="Hyde.Framework.Testing.Feature.Services.Markdown.ShortcodeProcessorTest" assertions="2" time="0.002167"/>
        <testcase name="Shortcodes can be added to processor using array" file="Shortcode Processor (Hyde\Framework\Testing\Feature\Services\Markdown\ShortcodeProcessor)::Shortcodes can be added to processor using array" class="Hyde\Framework\Testing\Feature\Services\Markdown\ShortcodeProcessorTest" classname="Hyde.Framework.Testing.Feature.Services.Markdown.ShortcodeProcessorTest" assertions="2" time="0.002143"/>
      </testsuite>
      <testsuite name="Hyde\Framework\Testing\Feature\Services\RssFeedServiceTest" file="Rss Feed Service (Hyde\Framework\Testing\Feature\Services\RssFeedService)" tests="12" assertions="35" errors="0" failures="0" skipped="0" time="0.265684">
        <testcase name="Service instantiates xml element" file="Rss Feed Service (Hyde\Framework\Testing\Feature\Services\RssFeedService)::Service instantiates xml element" class="Hyde\Framework\Testing\Feature\Services\RssFeedServiceTest" classname="Hyde.Framework.Testing.Feature.Services.RssFeedServiceTest" assertions="1" time="0.026965"/>
        <testcase name="Xml root element is set to rss 20" file="Rss Feed Service (Hyde\Framework\Testing\Feature\Services\RssFeedService)::Xml root element is set to rss 20" class="Hyde\Framework\Testing\Feature\Services\RssFeedServiceTest" classname="Hyde.Framework.Testing.Feature.Services.RssFeedServiceTest" assertions="2" time="0.020191"/>
        <testcase name="Xml element has channel element" file="Rss Feed Service (Hyde\Framework\Testing\Feature\Services\RssFeedService)::Xml element has channel element" class="Hyde\Framework\Testing\Feature\Services\RssFeedServiceTest" classname="Hyde.Framework.Testing.Feature.Services.RssFeedServiceTest" assertions="1" time="0.019983"/>
        <testcase name="Xml channel element has required elements" file="Rss Feed Service (Hyde\Framework\Testing\Feature\Services\RssFeedService)::Xml channel element has required elements" class="Hyde\Framework\Testing\Feature\Services\RssFeedServiceTest" classname="Hyde.Framework.Testing.Feature.Services.RssFeedServiceTest" assertions="6" time="0.020980"/>
        <testcase name="Xml channel element has additional elements" file="Rss Feed Service (Hyde\Framework\Testing\Feature\Services\RssFeedService)::Xml channel element has additional elements" class="Hyde\Framework\Testing\Feature\Services\RssFeedServiceTest" classname="Hyde.Framework.Testing.Feature.Services.RssFeedServiceTest" assertions="6" time="0.020294"/>
        <testcase name="Xml channel data can be customized" file="Rss Feed Service (Hyde\Framework\Testing\Feature\Services\RssFeedService)::Xml channel data can be customized" class="Hyde\Framework\Testing\Feature\Services\RssFeedServiceTest" classname="Hyde.Framework.Testing.Feature.Services.RssFeedServiceTest" assertions="3" time="0.020147"/>
        <testcase name="Markdown blog posts are added to rss feed through autodiscovery" file="Rss Feed Service (Hyde\Framework\Testing\Feature\Services\RssFeedService)::Markdown blog posts are added to rss feed through autodiscovery" class="Hyde\Framework\Testing\Feature\Services\RssFeedServiceTest" classname="Hyde.Framework.Testing.Feature.Services.RssFeedServiceTest" assertions="11" time="0.028474"/>
        <testcase name="Get xml method returns xml string" file="Rss Feed Service (Hyde\Framework\Testing\Feature\Services\RssFeedService)::Get xml method returns xml string" class="Hyde\Framework\Testing\Feature\Services\RssFeedServiceTest" classname="Hyde.Framework.Testing.Feature.Services.RssFeedServiceTest" assertions="1" time="0.019846"/>
        <testcase name="Generate feed helper returns xml string" file="Rss Feed Service (Hyde\Framework\Testing\Feature\Services\RssFeedService)::Generate feed helper returns xml string" class="Hyde\Framework\Testing\Feature\Services\RssFeedServiceTest" classname="Hyde.Framework.Testing.Feature.Services.RssFeedServiceTest" assertions="1" time="0.023550"/>
        <testcase name="Can generate feed helper returns true if hyde has base url" file="Rss Feed Service (Hyde\Framework\Testing\Feature\Services\RssFeedService)::Can generate feed helper returns true if hyde has base url" class="Hyde\Framework\Testing\Feature\Services\RssFeedServiceTest" classname="Hyde.Framework.Testing.Feature.Services.RssFeedServiceTest" assertions="1" time="0.025420"/>
        <testcase name="Can generate feed helper returns false if hyde does not have base url" file="Rss Feed Service (Hyde\Framework\Testing\Feature\Services\RssFeedService)::Can generate feed helper returns false if hyde does not have base url" class="Hyde\Framework\Testing\Feature\Services\RssFeedServiceTest" classname="Hyde.Framework.Testing.Feature.Services.RssFeedServiceTest" assertions="1" time="0.020058"/>
        <testcase name="Can generate feed helper returns false if feeds are disabled in config" file="Rss Feed Service (Hyde\Framework\Testing\Feature\Services\RssFeedService)::Can generate feed helper returns false if feeds are disabled in config" class="Hyde\Framework\Testing\Feature\Services\RssFeedServiceTest" classname="Hyde.Framework.Testing.Feature.Services.RssFeedServiceTest" assertions="1" time="0.019776"/>
      </testsuite>
      <testsuite name="Hyde\Framework\Testing\Feature\Services\SitemapServiceTest" file="Sitemap Service (Hyde\Framework\Testing\Feature\Services\SitemapService)" tests="12" assertions="23" errors="0" failures="0" skipped="0" time="0.315000">
        <testcase name="Service instantiates xml element" file="Sitemap Service (Hyde\Framework\Testing\Feature\Services\SitemapService)::Service instantiates xml element" class="Hyde\Framework\Testing\Feature\Services\SitemapServiceTest" classname="Hyde.Framework.Testing.Feature.Services.SitemapServiceTest" assertions="1" time="0.035923"/>
        <testcase name="Generate adds default pages to xml" file="Sitemap Service (Hyde\Framework\Testing\Feature\Services\SitemapService)::Generate adds default pages to xml" class="Hyde\Framework\Testing\Feature\Services\SitemapServiceTest" classname="Hyde.Framework.Testing.Feature.Services.SitemapServiceTest" assertions="1" time="0.024289"/>
        <testcase name="Generate adds markdown pages to xml" file="Sitemap Service (Hyde\Framework\Testing\Feature\Services\SitemapService)::Generate adds markdown pages to xml" class="Hyde\Framework\Testing\Feature\Services\SitemapServiceTest" classname="Hyde.Framework.Testing.Feature.Services.SitemapServiceTest" assertions="1" time="0.025294"/>
        <testcase name="Generate adds markdown posts to xml" file="Sitemap Service (Hyde\Framework\Testing\Feature\Services\SitemapService)::Generate adds markdown posts to xml" class="Hyde\Framework\Testing\Feature\Services\SitemapServiceTest" classname="Hyde.Framework.Testing.Feature.Services.SitemapServiceTest" assertions="1" time="0.025816"/>
        <testcase name="Generate adds documentation pages to xml" file="Sitemap Service (Hyde\Framework\Testing\Feature\Services\SitemapService)::Generate adds documentation pages to xml" class="Hyde\Framework\Testing\Feature\Services\SitemapServiceTest" classname="Hyde.Framework.Testing.Feature.Services.SitemapServiceTest" assertions="1" time="0.025456"/>
        <testcase name="Get xml returns xml string" file="Sitemap Service (Hyde\Framework\Testing\Feature\Services\SitemapService)::Get xml returns xml string" class="Hyde\Framework\Testing\Feature\Services\SitemapServiceTest" classname="Hyde.Framework.Testing.Feature.Services.SitemapServiceTest" assertions="2" time="0.024336"/>
        <testcase name="Generate sitemap shorthand method returns xml string" file="Sitemap Service (Hyde\Framework\Testing\Feature\Services\SitemapService)::Generate sitemap shorthand method returns xml string" class="Hyde\Framework\Testing\Feature\Services\SitemapServiceTest" classname="Hyde.Framework.Testing.Feature.Services.SitemapServiceTest" assertions="2" time="0.024421"/>
        <testcase name="Url item is generated correctly" file="Sitemap Service (Hyde\Framework\Testing\Feature\Services\SitemapService)::Url item is generated correctly" class="Hyde\Framework\Testing\Feature\Services\SitemapServiceTest" classname="Hyde.Framework.Testing.Feature.Services.SitemapServiceTest" assertions="3" time="0.025828"/>
        <testcase name="Url item is generated with pretty urls if enabled" file="Sitemap Service (Hyde\Framework\Testing\Feature\Services\SitemapService)::Url item is generated with pretty urls if enabled" class="Hyde\Framework\Testing\Feature\Services\SitemapServiceTest" classname="Hyde.Framework.Testing.Feature.Services.SitemapServiceTest" assertions="1" time="0.025561"/>
        <testcase name="All route types are discovered" file="Sitemap Service (Hyde\Framework\Testing\Feature\Services\SitemapService)::All route types are discovered" class="Hyde\Framework\Testing\Feature\Services\SitemapServiceTest" classname="Hyde.Framework.Testing.Feature.Services.SitemapServiceTest" assertions="6" time="0.029392"/>
        <testcase name="Links fallback to relative links when a site url is not set" file="Sitemap Service (Hyde\Framework\Testing\Feature\Services\SitemapService)::Links fallback to relative links when a site url is not set" class="Hyde\Framework\Testing\Feature\Services\SitemapServiceTest" classname="Hyde.Framework.Testing.Feature.Services.SitemapServiceTest" assertions="2" time="0.024368"/>
        <testcase name="Links fallback to relative links when site url is localhost" file="Sitemap Service (Hyde\Framework\Testing\Feature\Services\SitemapService)::Links fallback to relative links when site url is localhost" class="Hyde\Framework\Testing\Feature\Services\SitemapServiceTest" classname="Hyde.Framework.Testing.Feature.Services.SitemapServiceTest" assertions="2" time="0.024317"/>
      </testsuite>
      <testsuite name="Hyde\Framework\Testing\Feature\Services\ValidationServiceTest" file="Validation Service (Hyde\Framework\Testing\Feature\Services\ValidationService)" tests="24" assertions="63" errors="0" failures="0" skipped="0" time="0.541573">
        <testcase name="Checks returns an array of validation check methods" file="Validation Service (Hyde\Framework\Testing\Feature\Services\ValidationService)::Checks returns an array of validation check methods" class="Hyde\Framework\Testing\Feature\Services\ValidationServiceTest" classname="Hyde.Framework.Testing.Feature.Services.ValidationServiceTest" assertions="17" time="0.036673"/>
        <testcase name="Check validators can run" file="Validation Service (Hyde\Framework\Testing\Feature\Services\ValidationService)::Check validators can run" class="Hyde\Framework\Testing\Feature\Services\ValidationServiceTest" classname="Hyde.Framework.Testing.Feature.Services.ValidationServiceTest" assertions="2" time="0.033124"/>
        <testcase name="Check site has a 404 page can pass" file="Validation Service (Hyde\Framework\Testing\Feature\Services\ValidationService)::Check site has a 404 page can pass" class="Hyde\Framework\Testing\Feature\Services\ValidationServiceTest" classname="Hyde.Framework.Testing.Feature.Services.ValidationServiceTest" assertions="2" time="0.020053"/>
        <testcase name="Check site has a 404 page can fail" file="Validation Service (Hyde\Framework\Testing\Feature\Services\ValidationService)::Check site has a 404 page can fail" class="Hyde\Framework\Testing\Feature\Services\ValidationServiceTest" classname="Hyde.Framework.Testing.Feature.Services.ValidationServiceTest" assertions="2" time="0.019902"/>
        <testcase name="Check documentation site has an index page can pass" file="Validation Service (Hyde\Framework\Testing\Feature\Services\ValidationService)::Check documentation site has an index page can pass" class="Hyde\Framework\Testing\Feature\Services\ValidationServiceTest" classname="Hyde.Framework.Testing.Feature.Services.ValidationServiceTest" assertions="2" time="0.024680"/>
        <testcase name="Check documentation site has an index page can pass with warning when only finding readme" file="Validation Service (Hyde\Framework\Testing\Feature\Services\ValidationService)::Check documentation site has an index page can pass with warning when only finding readme" class="Hyde\Framework\Testing\Feature\Services\ValidationServiceTest" classname="Hyde.Framework.Testing.Feature.Services.ValidationServiceTest" assertions="3" time="0.024775"/>
        <testcase name="Check documentation site has an index page can fail" file="Validation Service (Hyde\Framework\Testing\Feature\Services\ValidationService)::Check documentation site has an index page can fail" class="Hyde\Framework\Testing\Feature\Services\ValidationServiceTest" classname="Hyde.Framework.Testing.Feature.Services.ValidationServiceTest" assertions="2" time="0.024399"/>
        <testcase name="Check documentation site has an index page be skipped" file="Validation Service (Hyde\Framework\Testing\Feature\Services\ValidationService)::Check documentation site has an index page be skipped" class="Hyde\Framework\Testing\Feature\Services\ValidationServiceTest" classname="Hyde.Framework.Testing.Feature.Services.ValidationServiceTest" assertions="2" time="0.031350"/>
        <testcase name="Check site has an index page can pass" file="Validation Service (Hyde\Framework\Testing\Feature\Services\ValidationService)::Check site has an index page can pass" class="Hyde\Framework\Testing\Feature\Services\ValidationServiceTest" classname="Hyde.Framework.Testing.Feature.Services.ValidationServiceTest" assertions="2" time="0.019986"/>
        <testcase name="Check site has an index page can fail" file="Validation Service (Hyde\Framework\Testing\Feature\Services\ValidationService)::Check site has an index page can fail" class="Hyde\Framework\Testing\Feature\Services\ValidationServiceTest" classname="Hyde.Framework.Testing.Feature.Services.ValidationServiceTest" assertions="2" time="0.020410"/>
        <testcase name="Check site has an app css stylesheet can pass" file="Validation Service (Hyde\Framework\Testing\Feature\Services\ValidationService)::Check site has an app css stylesheet can pass" class="Hyde\Framework\Testing\Feature\Services\ValidationServiceTest" classname="Hyde.Framework.Testing.Feature.Services.ValidationServiceTest" assertions="2" time="0.020180"/>
        <testcase name="Check site has an app css stylesheet can fail" file="Validation Service (Hyde\Framework\Testing\Feature\Services\ValidationService)::Check site has an app css stylesheet can fail" class="Hyde\Framework\Testing\Feature\Services\ValidationServiceTest" classname="Hyde.Framework.Testing.Feature.Services.ValidationServiceTest" assertions="2" time="0.020108"/>
        <testcase name="Check site has a base url set can pass" file="Validation Service (Hyde\Framework\Testing\Feature\Services\ValidationService)::Check site has a base url set can pass" class="Hyde\Framework\Testing\Feature\Services\ValidationServiceTest" classname="Hyde.Framework.Testing.Feature.Services.ValidationServiceTest" assertions="2" time="0.019952"/>
        <testcase name="Check site has a base url set can fail" file="Validation Service (Hyde\Framework\Testing\Feature\Services\ValidationService)::Check site has a base url set can fail" class="Hyde\Framework\Testing\Feature\Services\ValidationServiceTest" classname="Hyde.Framework.Testing.Feature.Services.ValidationServiceTest" assertions="2" time="0.019989"/>
        <testcase name="Check a torchlight api token is set can skip" file="Validation Service (Hyde\Framework\Testing\Feature\Services\ValidationService)::Check a torchlight api token is set can skip" class="Hyde\Framework\Testing\Feature\Services\ValidationServiceTest" classname="Hyde.Framework.Testing.Feature.Services.ValidationServiceTest" assertions="2" time="0.019872"/>
        <testcase name="Check a torchlight api token is set can pass" file="Validation Service (Hyde\Framework\Testing\Feature\Services\ValidationService)::Check a torchlight api token is set can pass" class="Hyde\Framework\Testing\Feature\Services\ValidationServiceTest" classname="Hyde.Framework.Testing.Feature.Services.ValidationServiceTest" assertions="2" time="0.019902"/>
        <testcase name="Check a torchlight api token is set can fail" file="Validation Service (Hyde\Framework\Testing\Feature\Services\ValidationService)::Check a torchlight api token is set can fail" class="Hyde\Framework\Testing\Feature\Services\ValidationServiceTest" classname="Hyde.Framework.Testing.Feature.Services.ValidationServiceTest" assertions="2" time="0.019824"/>
        <testcase name="Check for conflicts between blade and markdown pages can pass" file="Validation Service (Hyde\Framework\Testing\Feature\Services\ValidationService)::Check for conflicts between blade and markdown pages can pass" class="Hyde\Framework\Testing\Feature\Services\ValidationServiceTest" classname="Hyde.Framework.Testing.Feature.Services.ValidationServiceTest" assertions="2" time="0.023534"/>
        <testcase name="Check for conflicts between blade and markdown pages can fail" file="Validation Service (Hyde\Framework\Testing\Feature\Services\ValidationService)::Check for conflicts between blade and markdown pages can fail" class="Hyde\Framework\Testing\Feature\Services\ValidationServiceTest" classname="Hyde.Framework.Testing.Feature.Services.ValidationServiceTest" assertions="2" time="0.024512"/>
        <testcase name="Validation result message returns message" file="Validation Service (Hyde\Framework\Testing\Feature\Services\ValidationService)::Validation result message returns message" class="Hyde\Framework\Testing\Feature\Services\ValidationServiceTest" classname="Hyde.Framework.Testing.Feature.Services.ValidationServiceTest" assertions="1" time="0.019443"/>
        <testcase name="Validation result passed returns true when passed is true" file="Validation Service (Hyde\Framework\Testing\Feature\Services\ValidationService)::Validation result passed returns true when passed is true" class="Hyde\Framework\Testing\Feature\Services\ValidationServiceTest" classname="Hyde.Framework.Testing.Feature.Services.ValidationServiceTest" assertions="2" time="0.019648"/>
        <testcase name="Validation result failed returns true when passed is false" file="Validation Service (Hyde\Framework\Testing\Feature\Services\ValidationService)::Validation result failed returns true when passed is false" class="Hyde\Framework\Testing\Feature\Services\ValidationServiceTest" classname="Hyde.Framework.Testing.Feature.Services.ValidationServiceTest" assertions="2" time="0.019845"/>
        <testcase name="Validation result skipped returns true when skipped is true" file="Validation Service (Hyde\Framework\Testing\Feature\Services\ValidationService)::Validation result skipped returns true when skipped is true" class="Hyde\Framework\Testing\Feature\Services\ValidationServiceTest" classname="Hyde.Framework.Testing.Feature.Services.ValidationServiceTest" assertions="2" time="0.019759"/>
        <testcase name="Validation result tip returns message when set" file="Validation Service (Hyde\Framework\Testing\Feature\Services\ValidationService)::Validation result tip returns message when set" class="Hyde\Framework\Testing\Feature\Services\ValidationServiceTest" classname="Hyde.Framework.Testing.Feature.Services.ValidationServiceTest" assertions="2" time="0.019652"/>
      </testsuite>
      <testsuite name="Hyde\Framework\Testing\Feature\SiteTest" file="Site (Hyde\Framework\Testing\Feature\Site)" tests="4" assertions="10" errors="0" failures="0" skipped="0" time="0.109038">
        <testcase name="Url" file="Site (Hyde\Framework\Testing\Feature\Site)::Url" class="Hyde\Framework\Testing\Feature\SiteTest" classname="Hyde.Framework.Testing.Feature.SiteTest" assertions="3" time="0.049876"/>
        <testcase name="Name" file="Site (Hyde\Framework\Testing\Feature\Site)::Name" class="Hyde\Framework\Testing\Feature\SiteTest" classname="Hyde.Framework.Testing.Feature.SiteTest" assertions="3" time="0.019461"/>
        <testcase name="Language" file="Site (Hyde\Framework\Testing\Feature\Site)::Language" class="Hyde\Framework\Testing\Feature\SiteTest" classname="Hyde.Framework.Testing.Feature.SiteTest" assertions="3" time="0.019658"/>
        <testcase name="Metadata" file="Site (Hyde\Framework\Testing\Feature\Site)::Metadata" class="Hyde\Framework\Testing\Feature\SiteTest" classname="Hyde.Framework.Testing.Feature.SiteTest" assertions="1" time="0.020043"/>
      </testsuite>
      <testsuite name="Hyde\Framework\Testing\Feature\SitesWithoutBaseUrlAreHandledGracefullyTest" file="Sites Without Base Url Are Handled Gracefully (Hyde\Framework\Testing\Feature\SitesWithoutBaseUrlAreHandledGracefully)" tests="12" assertions="12" errors="0" failures="0" skipped="0" time="0.218053">
        <testsuite name="Hyde\Framework\Testing\Feature\SitesWithoutBaseUrlAreHandledGracefullyTest::testLocalhostLinksAreNotAddedToCompiledHtmlWhenBaseUrlIsNull" tests="3" assertions="3" errors="0" failures="0" skipped="0" time="0.068339">
          <testcase name="Localhost links are not added to compiled html when base url is null with data set #0" file="Sites Without Base Url Are Handled Gracefully (Hyde\Framework\Testing\Feature\SitesWithoutBaseUrlAreHandledGracefully)::Localhost links are not added to compiled html when base url is null with data set #0" class="Hyde\Framework\Testing\Feature\SitesWithoutBaseUrlAreHandledGracefullyTest" classname="Hyde.Framework.Testing.Feature.SitesWithoutBaseUrlAreHandledGracefullyTest" assertions="1" time="0.034679"/>
          <testcase name="Localhost links are not added to compiled html when base url is null with data set #1" file="Sites Without Base Url Are Handled Gracefully (Hyde\Framework\Testing\Feature\SitesWithoutBaseUrlAreHandledGracefully)::Localhost links are not added to compiled html when base url is null with data set #1" class="Hyde\Framework\Testing\Feature\SitesWithoutBaseUrlAreHandledGracefullyTest" classname="Hyde.Framework.Testing.Feature.SitesWithoutBaseUrlAreHandledGracefullyTest" assertions="1" time="0.016534"/>
          <testcase name="Localhost links are not added to compiled html when base url is null with data set #2" file="Sites Without Base Url Are Handled Gracefully (Hyde\Framework\Testing\Feature\SitesWithoutBaseUrlAreHandledGracefully)::Localhost links are not added to compiled html when base url is null with data set #2" class="Hyde\Framework\Testing\Feature\SitesWithoutBaseUrlAreHandledGracefullyTest" classname="Hyde.Framework.Testing.Feature.SitesWithoutBaseUrlAreHandledGracefullyTest" assertions="1" time="0.017126"/>
        </testsuite>
        <testsuite name="Hyde\Framework\Testing\Feature\SitesWithoutBaseUrlAreHandledGracefullyTest::testLocalhostLinksAreNotAddedToCompiledHtmlWhenBaseUrlIsNotSet" tests="3" assertions="3" errors="0" failures="0" skipped="0" time="0.049428">
          <testcase name="Localhost links are not added to compiled html when base url is not set with data set #0" file="Sites Without Base Url Are Handled Gracefully (Hyde\Framework\Testing\Feature\SitesWithoutBaseUrlAreHandledGracefully)::Localhost links are not added to compiled html when base url is not set with data set #0" class="Hyde\Framework\Testing\Feature\SitesWithoutBaseUrlAreHandledGracefullyTest" classname="Hyde.Framework.Testing.Feature.SitesWithoutBaseUrlAreHandledGracefullyTest" assertions="1" time="0.016105"/>
          <testcase name="Localhost links are not added to compiled html when base url is not set with data set #1" file="Sites Without Base Url Are Handled Gracefully (Hyde\Framework\Testing\Feature\SitesWithoutBaseUrlAreHandledGracefully)::Localhost links are not added to compiled html when base url is not set with data set #1" class="Hyde\Framework\Testing\Feature\SitesWithoutBaseUrlAreHandledGracefullyTest" classname="Hyde.Framework.Testing.Feature.SitesWithoutBaseUrlAreHandledGracefullyTest" assertions="1" time="0.016280"/>
          <testcase name="Localhost links are not added to compiled html when base url is not set with data set #2" file="Sites Without Base Url Are Handled Gracefully (Hyde\Framework\Testing\Feature\SitesWithoutBaseUrlAreHandledGracefully)::Localhost links are not added to compiled html when base url is not set with data set #2" class="Hyde\Framework\Testing\Feature\SitesWithoutBaseUrlAreHandledGracefullyTest" classname="Hyde.Framework.Testing.Feature.SitesWithoutBaseUrlAreHandledGracefullyTest" assertions="1" time="0.017043"/>
        </testsuite>
        <testsuite name="Hyde\Framework\Testing\Feature\SitesWithoutBaseUrlAreHandledGracefullyTest::testLocalhostLinksAreNotAddedToCompiledHtmlWhenBaseUrlIsSetToLocalhost" tests="3" assertions="3" errors="0" failures="0" skipped="0" time="0.049503">
          <testcase name="Localhost links are not added to compiled html when base url is set to localhost with data set #0" file="Sites Without Base Url Are Handled Gracefully (Hyde\Framework\Testing\Feature\SitesWithoutBaseUrlAreHandledGracefully)::Localhost links are not added to compiled html when base url is set to localhost with data set #0" class="Hyde\Framework\Testing\Feature\SitesWithoutBaseUrlAreHandledGracefullyTest" classname="Hyde.Framework.Testing.Feature.SitesWithoutBaseUrlAreHandledGracefullyTest" assertions="1" time="0.016048"/>
          <testcase name="Localhost links are not added to compiled html when base url is set to localhost with data set #1" file="Sites Without Base Url Are Handled Gracefully (Hyde\Framework\Testing\Feature\SitesWithoutBaseUrlAreHandledGracefully)::Localhost links are not added to compiled html when base url is set to localhost with data set #1" class="Hyde\Framework\Testing\Feature\SitesWithoutBaseUrlAreHandledGracefullyTest" classname="Hyde.Framework.Testing.Feature.SitesWithoutBaseUrlAreHandledGracefullyTest" assertions="1" time="0.016397"/>
          <testcase name="Localhost links are not added to compiled html when base url is set to localhost with data set #2" file="Sites Without Base Url Are Handled Gracefully (Hyde\Framework\Testing\Feature\SitesWithoutBaseUrlAreHandledGracefully)::Localhost links are not added to compiled html when base url is set to localhost with data set #2" class="Hyde\Framework\Testing\Feature\SitesWithoutBaseUrlAreHandledGracefullyTest" classname="Hyde.Framework.Testing.Feature.SitesWithoutBaseUrlAreHandledGracefullyTest" assertions="1" time="0.017058"/>
        </testsuite>
        <testsuite name="Hyde\Framework\Testing\Feature\SitesWithoutBaseUrlAreHandledGracefullyTest::testSiteUrlLinksAreAddedToCompiledHtmlWhenBaseUrlIsSetToValidUrl" tests="3" assertions="3" errors="0" failures="0" skipped="0" time="0.050784">
          <testcase name="Site url links are added to compiled html when base url is set to valid url with data set #0" file="Sites Without Base Url Are Handled Gracefully (Hyde\Framework\Testing\Feature\SitesWithoutBaseUrlAreHandledGracefully)::Site url links are added to compiled html when base url is set to valid url with data set #0" class="Hyde\Framework\Testing\Feature\SitesWithoutBaseUrlAreHandledGracefullyTest" classname="Hyde.Framework.Testing.Feature.SitesWithoutBaseUrlAreHandledGracefullyTest" assertions="1" time="0.016394"/>
          <testcase name="Site url links are added to compiled html when base url is set to valid url with data set #1" file="Sites Without Base Url Are Handled Gracefully (Hyde\Framework\Testing\Feature\SitesWithoutBaseUrlAreHandledGracefully)::Site url links are added to compiled html when base url is set to valid url with data set #1" class="Hyde\Framework\Testing\Feature\SitesWithoutBaseUrlAreHandledGracefullyTest" classname="Hyde.Framework.Testing.Feature.SitesWithoutBaseUrlAreHandledGracefullyTest" assertions="1" time="0.016970"/>
          <testcase name="Site url links are added to compiled html when base url is set to valid url with data set #2" file="Sites Without Base Url Are Handled Gracefully (Hyde\Framework\Testing\Feature\SitesWithoutBaseUrlAreHandledGracefully)::Site url links are added to compiled html when base url is set to valid url with data set #2" class="Hyde\Framework\Testing\Feature\SitesWithoutBaseUrlAreHandledGracefullyTest" classname="Hyde.Framework.Testing.Feature.SitesWithoutBaseUrlAreHandledGracefullyTest" assertions="1" time="0.017420"/>
        </testsuite>
      </testsuite>
      <testsuite name="Hyde\Framework\Testing\Feature\SourceDirectoriesCanBeChangedTest" file="Source Directories Can Be Changed (Hyde\Framework\Testing\Feature\SourceDirectoriesCanBeChanged)" tests="6" assertions="18" errors="0" failures="0" skipped="0" time="0.157951">
        <testcase name="Baselines" file="Source Directories Can Be Changed (Hyde\Framework\Testing\Feature\SourceDirectoriesCanBeChanged)::Baselines" class="Hyde\Framework\Testing\Feature\SourceDirectoriesCanBeChangedTest" classname="Hyde.Framework.Testing.Feature.SourceDirectoriesCanBeChangedTest" assertions="5" time="0.036174"/>
        <testcase name="Source directories can be changed programmatically" file="Source Directories Can Be Changed (Hyde\Framework\Testing\Feature\SourceDirectoriesCanBeChanged)::Source directories can be changed programmatically" class="Hyde\Framework\Testing\Feature\SourceDirectoriesCanBeChangedTest" classname="Hyde.Framework.Testing.Feature.SourceDirectoriesCanBeChangedTest" assertions="5" time="0.030704"/>
        <testcase name="Source directories can be changed in config" file="Source Directories Can Be Changed (Hyde\Framework\Testing\Feature\SourceDirectoriesCanBeChanged)::Source directories can be changed in config" class="Hyde\Framework\Testing\Feature\SourceDirectoriesCanBeChangedTest" classname="Hyde.Framework.Testing.Feature.SourceDirectoriesCanBeChangedTest" assertions="5" time="0.020550"/>
        <testcase name="Build service recognizes changed directory" file="Source Directories Can Be Changed (Hyde\Framework\Testing\Feature\SourceDirectoriesCanBeChanged)::Build service recognizes changed directory" class="Hyde\Framework\Testing\Feature\SourceDirectoriesCanBeChangedTest" classname="Hyde.Framework.Testing.Feature.SourceDirectoriesCanBeChangedTest" assertions="1" time="0.019504"/>
        <testcase name="Autodiscovery discovers posts in custom directory" file="Source Directories Can Be Changed (Hyde\Framework\Testing\Feature\SourceDirectoriesCanBeChanged)::Autodiscovery discovers posts in custom directory" class="Hyde\Framework\Testing\Feature\SourceDirectoriesCanBeChangedTest" classname="Hyde.Framework.Testing.Feature.SourceDirectoriesCanBeChangedTest" assertions="1" time="0.025732"/>
        <testcase name="Autodiscovery discovers posts in custom subdirectory" file="Source Directories Can Be Changed (Hyde\Framework\Testing\Feature\SourceDirectoriesCanBeChanged)::Autodiscovery discovers posts in custom subdirectory" class="Hyde\Framework\Testing\Feature\SourceDirectoriesCanBeChangedTest" classname="Hyde.Framework.Testing.Feature.SourceDirectoriesCanBeChangedTest" assertions="1" time="0.025287"/>
      </testsuite>
      <testsuite name="Hyde\Framework\Testing\Feature\SourceFileParserTest" file="Source File Parser (Hyde\Framework\Testing\Feature\SourceFileParser)" tests="8" assertions="23" errors="0" failures="0" skipped="0" time="0.182157">
        <testcase name="Blade page parser" file="Source File Parser (Hyde\Framework\Testing\Feature\SourceFileParser)::Blade page parser" class="Hyde\Framework\Testing\Feature\SourceFileParserTest" classname="Hyde.Framework.Testing.Feature.SourceFileParserTest" assertions="2" time="0.029340"/>
        <testcase name="Markdown page parser" file="Source File Parser (Hyde\Framework\Testing\Feature\SourceFileParser)::Markdown page parser" class="Hyde\Framework\Testing\Feature\SourceFileParserTest" classname="Hyde.Framework.Testing.Feature.SourceFileParserTest" assertions="5" time="0.021780"/>
        <testcase name="Markdown post parser" file="Source File Parser (Hyde\Framework\Testing\Feature\SourceFileParser)::Markdown post parser" class="Hyde\Framework\Testing\Feature\SourceFileParserTest" classname="Hyde.Framework.Testing.Feature.SourceFileParserTest" assertions="5" time="0.022590"/>
        <testcase name="Documentation page parser" file="Source File Parser (Hyde\Framework\Testing\Feature\SourceFileParser)::Documentation page parser" class="Hyde\Framework\Testing\Feature\SourceFileParserTest" classname="Hyde.Framework.Testing.Feature.SourceFileParserTest" assertions="5" time="0.021882"/>
        <testcase name="Html page parser" file="Source File Parser (Hyde\Framework\Testing\Feature\SourceFileParser)::Html page parser" class="Hyde\Framework\Testing\Feature\SourceFileParserTest" classname="Hyde.Framework.Testing.Feature.SourceFileParserTest" assertions="3" time="0.021448"/>
        <testcase name="Parsed page is run through dynamic constructor" file="Source File Parser (Hyde\Framework\Testing\Feature\SourceFileParser)::Parsed page is run through dynamic constructor" class="Hyde\Framework\Testing\Feature\SourceFileParserTest" classname="Hyde.Framework.Testing.Feature.SourceFileParserTest" assertions="1" time="0.022177"/>
        <testcase name="Blade page data is parsed to front matter" file="Source File Parser (Hyde\Framework\Testing\Feature\SourceFileParser)::Blade page data is parsed to front matter" class="Hyde\Framework\Testing\Feature\SourceFileParserTest" classname="Hyde.Framework.Testing.Feature.SourceFileParserTest" assertions="1" time="0.021503"/>
        <testcase name="Blade page matter is used for the page title" file="Source File Parser (Hyde\Framework\Testing\Feature\SourceFileParser)::Blade page matter is used for the page title" class="Hyde\Framework\Testing\Feature\SourceFileParserTest" classname="Hyde.Framework.Testing.Feature.SourceFileParserTest" assertions="1" time="0.021436"/>
      </testsuite>
      <testsuite name="Hyde\Framework\Testing\Feature\StaticPageBuilderTest" file="Static Page Builder (Hyde\Framework\Testing\Feature\StaticPageBuilder)" tests="13" assertions="73" errors="0" failures="0" skipped="0" time="0.434424">
        <testcase name="Can build blade page" file="Static Page Builder (Hyde\Framework\Testing\Feature\StaticPageBuilder)::Can build blade page" class="Hyde\Framework\Testing\Feature\StaticPageBuilderTest" classname="Hyde.Framework.Testing.Feature.StaticPageBuilderTest" assertions="3" time="0.037114"/>
        <testcase name="Can build markdown post" file="Static Page Builder (Hyde\Framework\Testing\Feature\StaticPageBuilder)::Can build markdown post" class="Hyde\Framework\Testing\Feature\StaticPageBuilderTest" classname="Hyde.Framework.Testing.Feature.StaticPageBuilderTest" assertions="10" time="0.034599"/>
        <testcase name="Can build markdown page" file="Static Page Builder (Hyde\Framework\Testing\Feature\StaticPageBuilder)::Can build markdown page" class="Hyde\Framework\Testing\Feature\StaticPageBuilderTest" classname="Hyde.Framework.Testing.Feature.StaticPageBuilderTest" assertions="10" time="0.033094"/>
        <testcase name="Can build documentation page" file="Static Page Builder (Hyde\Framework\Testing\Feature\StaticPageBuilder)::Can build documentation page" class="Hyde\Framework\Testing\Feature\StaticPageBuilderTest" classname="Hyde.Framework.Testing.Feature.StaticPageBuilderTest" assertions="10" time="0.034735"/>
        <testcase name="Can build html page" file="Static Page Builder (Hyde\Framework\Testing\Feature\StaticPageBuilder)::Can build html page" class="Hyde\Framework\Testing\Feature\StaticPageBuilderTest" classname="Hyde.Framework.Testing.Feature.StaticPageBuilderTest" assertions="3" time="0.025897"/>
        <testcase name="Can build nested html page" file="Static Page Builder (Hyde\Framework\Testing\Feature\StaticPageBuilder)::Can build nested html page" class="Hyde\Framework\Testing\Feature\StaticPageBuilderTest" classname="Hyde.Framework.Testing.Feature.StaticPageBuilderTest" assertions="3" time="0.026318"/>
        <testcase name="Creates custom documentation directory" file="Static Page Builder (Hyde\Framework\Testing\Feature\StaticPageBuilder)::Creates custom documentation directory" class="Hyde\Framework\Testing\Feature\StaticPageBuilderTest" classname="Hyde.Framework.Testing.Feature.StaticPageBuilderTest" assertions="10" time="0.035378"/>
        <testcase name="Site directory can be customized" file="Static Page Builder (Hyde\Framework\Testing\Feature\StaticPageBuilder)::Site directory can be customized" class="Hyde\Framework\Testing\Feature\StaticPageBuilderTest" classname="Hyde.Framework.Testing.Feature.StaticPageBuilderTest" assertions="10" time="0.033580"/>
        <testcase name="Site directory can be customized with nested pages" file="Static Page Builder (Hyde\Framework\Testing\Feature\StaticPageBuilder)::Site directory can be customized with nested pages" class="Hyde\Framework\Testing\Feature\StaticPageBuilderTest" classname="Hyde.Framework.Testing.Feature.StaticPageBuilderTest" assertions="10" time="0.047436"/>
        <testcase name="Can rebuild blade page" file="Static Page Builder (Hyde\Framework\Testing\Feature\StaticPageBuilder)::Can rebuild blade page" class="Hyde\Framework\Testing\Feature\StaticPageBuilderTest" classname="Hyde.Framework.Testing.Feature.StaticPageBuilderTest" assertions="1" time="0.025737"/>
        <testcase name="Can rebuild markdown page" file="Static Page Builder (Hyde\Framework\Testing\Feature\StaticPageBuilder)::Can rebuild markdown page" class="Hyde\Framework\Testing\Feature\StaticPageBuilderTest" classname="Hyde.Framework.Testing.Feature.StaticPageBuilderTest" assertions="1" time="0.033391"/>
        <testcase name="Can rebuild markdown post" file="Static Page Builder (Hyde\Framework\Testing\Feature\StaticPageBuilder)::Can rebuild markdown post" class="Hyde\Framework\Testing\Feature\StaticPageBuilderTest" classname="Hyde.Framework.Testing.Feature.StaticPageBuilderTest" assertions="1" time="0.033905"/>
        <testcase name="Can rebuild documentation page" file="Static Page Builder (Hyde\Framework\Testing\Feature\StaticPageBuilder)::Can rebuild documentation page" class="Hyde\Framework\Testing\Feature\StaticPageBuilderTest" classname="Hyde.Framework.Testing.Feature.StaticPageBuilderTest" assertions="1" time="0.033242"/>
      </testsuite>
      <testsuite name="Hyde\Framework\Testing\Feature\StaticSiteBuilderDocumentationModuleTest" file="Static Site Builder Documentation Module (Hyde\Framework\Testing\Feature\StaticSiteBuilderDocumentationModule)" tests="3" assertions="7" errors="0" failures="0" skipped="0" time="0.122037">
        <testcase name="Can create page" file="Static Site Builder Documentation Module (Hyde\Framework\Testing\Feature\StaticSiteBuilderDocumentationModule)::Can create page" class="Hyde\Framework\Testing\Feature\StaticSiteBuilderDocumentationModuleTest" classname="Hyde.Framework.Testing.Feature.StaticSiteBuilderDocumentationModuleTest" assertions="1" time="0.051803"/>
        <testcase name="Page contains expected content" file="Static Site Builder Documentation Module (Hyde\Framework\Testing\Feature\StaticSiteBuilderDocumentationModule)::Page contains expected content" class="Hyde\Framework\Testing\Feature\StaticSiteBuilderDocumentationModuleTest" classname="Hyde.Framework.Testing.Feature.StaticSiteBuilderDocumentationModuleTest" assertions="3" time="0.034517"/>
        <testcase name="Can compile page to root output directory" file="Static Site Builder Documentation Module (Hyde\Framework\Testing\Feature\StaticSiteBuilderDocumentationModule)::Can compile page to root output directory" class="Hyde\Framework\Testing\Feature\StaticSiteBuilderDocumentationModuleTest" classname="Hyde.Framework.Testing.Feature.StaticSiteBuilderDocumentationModuleTest" assertions="3" time="0.035716"/>
      </testsuite>
      <testsuite name="Hyde\Framework\Testing\Feature\StaticSiteBuilderPostModuleTest" file="Static Site Builder Post Module (Hyde\Framework\Testing\Feature\StaticSiteBuilderPostModule)" tests="7" assertions="38" errors="0" failures="0" skipped="0" time="0.260800">
        <testcase name="Can create post" file="Static Site Builder Post Module (Hyde\Framework\Testing\Feature\StaticSiteBuilderPostModule)::Can create post" class="Hyde\Framework\Testing\Feature\StaticSiteBuilderPostModuleTest" classname="Hyde.Framework.Testing.Feature.StaticSiteBuilderPostModuleTest" assertions="1" time="0.038822"/>
        <testcase name="Post contains expected content" file="Static Site Builder Post Module (Hyde\Framework\Testing\Feature\StaticSiteBuilderPostModule)::Post contains expected content" class="Hyde\Framework\Testing\Feature\StaticSiteBuilderPostModuleTest" classname="Hyde.Framework.Testing.Feature.StaticSiteBuilderPostModuleTest" assertions="6" time="0.034695"/>
        <testcase name="Post contains expected elements" file="Static Site Builder Post Module (Hyde\Framework\Testing\Feature\StaticSiteBuilderPostModule)::Post contains expected elements" class="Hyde\Framework\Testing\Feature\StaticSiteBuilderPostModuleTest" classname="Hyde.Framework.Testing.Feature.StaticSiteBuilderPostModuleTest" assertions="11" time="0.034989"/>
        <testcase name="Post contains expected meta tags" file="Static Site Builder Post Module (Hyde\Framework\Testing\Feature\StaticSiteBuilderPostModule)::Post contains expected meta tags" class="Hyde\Framework\Testing\Feature\StaticSiteBuilderPostModuleTest" classname="Hyde.Framework.Testing.Feature.StaticSiteBuilderPostModuleTest" assertions="6" time="0.048403"/>
        <testcase name="Post contains expected itemprops" file="Static Site Builder Post Module (Hyde\Framework\Testing\Feature\StaticSiteBuilderPostModule)::Post contains expected itemprops" class="Hyde\Framework\Testing\Feature\StaticSiteBuilderPostModuleTest" classname="Hyde.Framework.Testing.Feature.StaticSiteBuilderPostModuleTest" assertions="8" time="0.035374"/>
        <testcase name="Post contains expected aria support" file="Static Site Builder Post Module (Hyde\Framework\Testing\Feature\StaticSiteBuilderPostModule)::Post contains expected aria support" class="Hyde\Framework\Testing\Feature\StaticSiteBuilderPostModuleTest" classname="Hyde.Framework.Testing.Feature.StaticSiteBuilderPostModuleTest" assertions="3" time="0.034389"/>
        <testcase name="Post image is resolved relatively" file="Static Site Builder Post Module (Hyde\Framework\Testing\Feature\StaticSiteBuilderPostModule)::Post image is resolved relatively" class="Hyde\Framework\Testing\Feature\StaticSiteBuilderPostModuleTest" classname="Hyde.Framework.Testing.Feature.StaticSiteBuilderPostModuleTest" assertions="3" time="0.034129"/>
      </testsuite>
      <testsuite name="Hyde\Framework\Testing\Feature\StaticSiteServiceTest" file="Static Site Service (Hyde\Framework\Testing\Feature\StaticSiteService)" tests="23" assertions="82" errors="0" failures="0" skipped="0" time="0.982435">
        <testcase name="Build command contains expected output" file="Static Site Service (Hyde\Framework\Testing\Feature\StaticSiteService)::Build command contains expected output" class="Hyde\Framework\Testing\Feature\StaticSiteServiceTest" classname="Hyde.Framework.Testing.Feature.StaticSiteServiceTest" assertions="4" time="0.046493"/>
        <testcase name="Build command creates html files" file="Static Site Service (Hyde\Framework\Testing\Feature\StaticSiteService)::Build command creates html files" class="Hyde\Framework\Testing\Feature\StaticSiteServiceTest" classname="Hyde.Framework.Testing.Feature.StaticSiteServiceTest" assertions="3" time="0.052156"/>
        <testcase name="Build command transfers media asset files" file="Static Site Service (Hyde\Framework\Testing\Feature\StaticSiteService)::Build command transfers media asset files" class="Hyde\Framework\Testing\Feature\StaticSiteServiceTest" classname="Hyde.Framework.Testing.Feature.StaticSiteServiceTest" assertions="3" time="0.036407"/>
        <testcase name="Build command transfers media asset files recursively" file="Static Site Service (Hyde\Framework\Testing\Feature\StaticSiteService)::Build command transfers media asset files recursively" class="Hyde\Framework\Testing\Feature\StaticSiteServiceTest" classname="Hyde.Framework.Testing.Feature.StaticSiteServiceTest" assertions="4" time="0.036670"/>
        <testcase name="All page types can be compiled" file="Static Site Service (Hyde\Framework\Testing\Feature\StaticSiteService)::All page types can be compiled" class="Hyde\Framework\Testing\Feature\StaticSiteServiceTest" classname="Hyde.Framework.Testing.Feature.StaticSiteServiceTest" assertions="12" time="0.089020"/>
        <testcase name="Only progress bars for types with pages are shown" file="Static Site Service (Hyde\Framework\Testing\Feature\StaticSiteService)::Only progress bars for types with pages are shown" class="Hyde\Framework\Testing\Feature\StaticSiteServiceTest" classname="Hyde.Framework.Testing.Feature.StaticSiteServiceTest" assertions="9" time="0.049980"/>
        <testcase name="Print initial information allows api to be disabled" file="Static Site Service (Hyde\Framework\Testing\Feature\StaticSiteService)::Print initial information allows api to be disabled" class="Hyde\Framework\Testing\Feature\StaticSiteServiceTest" classname="Hyde.Framework.Testing.Feature.StaticSiteServiceTest" assertions="2" time="0.035887"/>
        <testcase name="Node action outputs" file="Static Site Service (Hyde\Framework\Testing\Feature\StaticSiteService)::Node action outputs" class="Hyde\Framework\Testing\Feature\StaticSiteServiceTest" classname="Hyde.Framework.Testing.Feature.StaticSiteServiceTest" assertions="7" time="0.037994"/>
        <testcase name="Pretty urls option output" file="Static Site Service (Hyde\Framework\Testing\Feature\StaticSiteService)::Pretty urls option output" class="Hyde\Framework\Testing\Feature\StaticSiteServiceTest" classname="Hyde.Framework.Testing.Feature.StaticSiteServiceTest" assertions="2" time="0.035798"/>
        <testcase name="Sitemap is not generated when conditions are not met" file="Static Site Service (Hyde\Framework\Testing\Feature\StaticSiteService)::Sitemap is not generated when conditions are not met" class="Hyde\Framework\Testing\Feature\StaticSiteServiceTest" classname="Hyde.Framework.Testing.Feature.StaticSiteServiceTest" assertions="2" time="0.050428"/>
        <testcase name="Sitemap is generated when conditions are met" file="Static Site Service (Hyde\Framework\Testing\Feature\StaticSiteService)::Sitemap is generated when conditions are met" class="Hyde\Framework\Testing\Feature\StaticSiteServiceTest" classname="Hyde.Framework.Testing.Feature.StaticSiteServiceTest" assertions="1" time="0.037091"/>
        <testcase name="Rss feed is not generated when conditions are not met" file="Static Site Service (Hyde\Framework\Testing\Feature\StaticSiteService)::Rss feed is not generated when conditions are not met" class="Hyde\Framework\Testing\Feature\StaticSiteServiceTest" classname="Hyde.Framework.Testing.Feature.StaticSiteServiceTest" assertions="2" time="0.035633"/>
        <testcase name="Rss feed is generated when conditions are met" file="Static Site Service (Hyde\Framework\Testing\Feature\StaticSiteService)::Rss feed is generated when conditions are met" class="Hyde\Framework\Testing\Feature\StaticSiteServiceTest" classname="Hyde.Framework.Testing.Feature.StaticSiteServiceTest" assertions="1" time="0.050859"/>
        <testcase name="Does not generate search files when conditions are not met" file="Static Site Service (Hyde\Framework\Testing\Feature\StaticSiteService)::Does not generate search files when conditions are not met" class="Hyde\Framework\Testing\Feature\StaticSiteServiceTest" classname="Hyde.Framework.Testing.Feature.StaticSiteServiceTest" assertions="3" time="0.035559"/>
        <testcase name="Generates search files when conditions are met" file="Static Site Service (Hyde\Framework\Testing\Feature\StaticSiteService)::Generates search files when conditions are met" class="Hyde\Framework\Testing\Feature\StaticSiteServiceTest" classname="Hyde.Framework.Testing.Feature.StaticSiteServiceTest" assertions="1" time="0.058646"/>
        <testcase name="Site directory is emptied before build" file="Static Site Service (Hyde\Framework\Testing\Feature\StaticSiteService)::Site directory is emptied before build" class="Hyde\Framework\Testing\Feature\StaticSiteServiceTest" classname="Hyde.Framework.Testing.Feature.StaticSiteServiceTest" assertions="3" time="0.035906"/>
        <testcase name="Output directory is not emptied if disabled in config" file="Static Site Service (Hyde\Framework\Testing\Feature\StaticSiteService)::Output directory is not emptied if disabled in config" class="Hyde\Framework\Testing\Feature\StaticSiteServiceTest" classname="Hyde.Framework.Testing.Feature.StaticSiteServiceTest" assertions="3" time="0.035072"/>
        <testcase name="Aborts when non standard directory is emptied" file="Static Site Service (Hyde\Framework\Testing\Feature\StaticSiteService)::Aborts when non standard directory is emptied" class="Hyde\Framework\Testing\Feature\StaticSiteServiceTest" classname="Hyde.Framework.Testing.Feature.StaticSiteServiceTest" assertions="5" time="0.036205"/>
        <testcase name="Without warnings" file="Static Site Service (Hyde\Framework\Testing\Feature\StaticSiteService)::Without warnings" class="Hyde\Framework\Testing\Feature\StaticSiteServiceTest" classname="Hyde.Framework.Testing.Feature.StaticSiteServiceTest" assertions="2" time="0.035510"/>
        <testcase name="With warnings" file="Static Site Service (Hyde\Framework\Testing\Feature\StaticSiteService)::With warnings" class="Hyde\Framework\Testing\Feature\StaticSiteServiceTest" classname="Hyde.Framework.Testing.Feature.StaticSiteServiceTest" assertions="3" time="0.036646"/>
        <testcase name="With warnings and verbose" file="Static Site Service (Hyde\Framework\Testing\Feature\StaticSiteService)::With warnings and verbose" class="Hyde\Framework\Testing\Feature\StaticSiteServiceTest" classname="Hyde.Framework.Testing.Feature.StaticSiteServiceTest" assertions="4" time="0.036924"/>
        <testcase name="With warnings but warnings are disabled" file="Static Site Service (Hyde\Framework\Testing\Feature\StaticSiteService)::With warnings but warnings are disabled" class="Hyde\Framework\Testing\Feature\StaticSiteServiceTest" classname="Hyde.Framework.Testing.Feature.StaticSiteServiceTest" assertions="2" time="0.035551"/>
        <testcase name="With warnings converted to exceptions" file="Static Site Service (Hyde\Framework\Testing\Feature\StaticSiteService)::With warnings converted to exceptions" class="Hyde\Framework\Testing\Feature\StaticSiteServiceTest" classname="Hyde.Framework.Testing.Feature.StaticSiteServiceTest" assertions="4" time="0.041999"/>
      </testsuite>
      <testsuite name="Hyde\Framework\Testing\Feature\Support\MediaFileTest" file="Media File (Hyde\Framework\Testing\Feature\Support\MediaFile)" tests="26" assertions="33" errors="0" failures="0" skipped="0" time="0.571357">
        <testcase name="Can construct" file="Media File (Hyde\Framework\Testing\Feature\Support\MediaFile)::Can construct" class="Hyde\Framework\Testing\Feature\Support\MediaFileTest" classname="Hyde.Framework.Testing.Feature.Support.MediaFileTest" assertions="2" time="0.048826"/>
        <testcase name="Can make" file="Media File (Hyde\Framework\Testing\Feature\Support\MediaFile)::Can make" class="Hyde\Framework\Testing\Feature\Support\MediaFileTest" classname="Hyde.Framework.Testing.Feature.Support.MediaFileTest" assertions="1" time="0.037727"/>
        <testcase name="Can construct with nested paths" file="Media File (Hyde\Framework\Testing\Feature\Support\MediaFile)::Can construct with nested paths" class="Hyde\Framework\Testing\Feature\Support\MediaFileTest" classname="Hyde.Framework.Testing.Feature.Support.MediaFileTest" assertions="1" time="0.020055"/>
        <testcase name="Absolute path is normalized to relative" file="Media File (Hyde\Framework\Testing\Feature\Support\MediaFile)::Absolute path is normalized to relative" class="Hyde\Framework\Testing\Feature\Support\MediaFileTest" classname="Hyde.Framework.Testing.Feature.Support.MediaFileTest" assertions="1" time="0.019759"/>
        <testcase name="Get name returns name of file" file="Media File (Hyde\Framework\Testing\Feature\Support\MediaFile)::Get name returns name of file" class="Hyde\Framework\Testing\Feature\Support\MediaFileTest" classname="Hyde.Framework.Testing.Feature.Support.MediaFileTest" assertions="2" time="0.019660"/>
        <testcase name="Get path returns path of file" file="Media File (Hyde\Framework\Testing\Feature\Support\MediaFile)::Get path returns path of file" class="Hyde\Framework\Testing\Feature\Support\MediaFileTest" classname="Hyde.Framework.Testing.Feature.Support.MediaFileTest" assertions="2" time="0.019680"/>
        <testcase name="Get absolute path returns absolute path of file" file="Media File (Hyde\Framework\Testing\Feature\Support\MediaFile)::Get absolute path returns absolute path of file" class="Hyde\Framework\Testing\Feature\Support\MediaFileTest" classname="Hyde.Framework.Testing.Feature.Support.MediaFileTest" assertions="2" time="0.019755"/>
        <testcase name="Get contents returns contents of file" file="Media File (Hyde\Framework\Testing\Feature\Support\MediaFile)::Get contents returns contents of file" class="Hyde\Framework\Testing\Feature\Support\MediaFileTest" classname="Hyde.Framework.Testing.Feature.Support.MediaFileTest" assertions="1" time="0.020255"/>
        <testcase name="Get extension returns extension of file" file="Media File (Hyde\Framework\Testing\Feature\Support\MediaFile)::Get extension returns extension of file" class="Hyde\Framework\Testing\Feature\Support\MediaFileTest" classname="Hyde.Framework.Testing.Feature.Support.MediaFileTest" assertions="2" time="0.020712"/>
        <testcase name="To array returns array of file properties" file="Media File (Hyde\Framework\Testing\Feature\Support\MediaFile)::To array returns array of file properties" class="Hyde\Framework\Testing\Feature\Support\MediaFileTest" classname="Hyde.Framework.Testing.Feature.Support.MediaFileTest" assertions="1" time="0.020462"/>
        <testcase name="To array with empty file with no extension" file="Media File (Hyde\Framework\Testing\Feature\Support\MediaFile)::To array with empty file with no extension" class="Hyde\Framework\Testing\Feature\Support\MediaFileTest" classname="Hyde.Framework.Testing.Feature.Support.MediaFileTest" assertions="1" time="0.021870"/>
        <testcase name="To array with file in subdirectory" file="Media File (Hyde\Framework\Testing\Feature\Support\MediaFile)::To array with file in subdirectory" class="Hyde\Framework\Testing\Feature\Support\MediaFileTest" classname="Hyde.Framework.Testing.Feature.Support.MediaFileTest" assertions="1" time="0.020339"/>
        <testcase name="Get content length" file="Media File (Hyde\Framework\Testing\Feature\Support\MediaFile)::Get content length" class="Hyde\Framework\Testing\Feature\Support\MediaFileTest" classname="Hyde.Framework.Testing.Feature.Support.MediaFileTest" assertions="1" time="0.020332"/>
        <testcase name="Get content length with empty file" file="Media File (Hyde\Framework\Testing\Feature\Support\MediaFile)::Get content length with empty file" class="Hyde\Framework\Testing\Feature\Support\MediaFileTest" classname="Hyde.Framework.Testing.Feature.Support.MediaFileTest" assertions="1" time="0.020138"/>
        <testcase name="Get content length with directory" file="Media File (Hyde\Framework\Testing\Feature\Support\MediaFile)::Get content length with directory" class="Hyde\Framework\Testing\Feature\Support\MediaFileTest" classname="Hyde.Framework.Testing.Feature.Support.MediaFileTest" assertions="2" time="0.020442"/>
        <testcase name="Get content length with non existent file" file="Media File (Hyde\Framework\Testing\Feature\Support\MediaFile)::Get content length with non existent file" class="Hyde\Framework\Testing\Feature\Support\MediaFileTest" classname="Hyde.Framework.Testing.Feature.Support.MediaFileTest" assertions="2" time="0.019858"/>
        <testcase name="Get mime type" file="Media File (Hyde\Framework\Testing\Feature\Support\MediaFile)::Get mime type" class="Hyde\Framework\Testing\Feature\Support\MediaFileTest" classname="Hyde.Framework.Testing.Feature.Support.MediaFileTest" assertions="1" time="0.020111"/>
        <testcase name="Get mime type without extension" file="Media File (Hyde\Framework\Testing\Feature\Support\MediaFile)::Get mime type without extension" class="Hyde\Framework\Testing\Feature\Support\MediaFileTest" classname="Hyde.Framework.Testing.Feature.Support.MediaFileTest" assertions="1" time="0.020787"/>
        <testcase name="Get mime type with empty file" file="Media File (Hyde\Framework\Testing\Feature\Support\MediaFile)::Get mime type with empty file" class="Hyde\Framework\Testing\Feature\Support\MediaFileTest" classname="Hyde.Framework.Testing.Feature.Support.MediaFileTest" assertions="1" time="0.020447"/>
        <testcase name="Get mime type with directory" file="Media File (Hyde\Framework\Testing\Feature\Support\MediaFile)::Get mime type with directory" class="Hyde\Framework\Testing\Feature\Support\MediaFileTest" classname="Hyde.Framework.Testing.Feature.Support.MediaFileTest" assertions="1" time="0.020414"/>
        <testcase name="Get mime type with non existent file" file="Media File (Hyde\Framework\Testing\Feature\Support\MediaFile)::Get mime type with non existent file" class="Hyde\Framework\Testing\Feature\Support\MediaFileTest" classname="Hyde.Framework.Testing.Feature.Support.MediaFileTest" assertions="1" time="0.019701"/>
        <testcase name="All helper returns all media files" file="Media File (Hyde\Framework\Testing\Feature\Support\MediaFile)::All helper returns all media files" class="Hyde\Framework\Testing\Feature\Support\MediaFileTest" classname="Hyde.Framework.Testing.Feature.Support.MediaFileTest" assertions="1" time="0.020230"/>
        <testcase name="All helper does not include non media files" file="Media File (Hyde\Framework\Testing\Feature\Support\MediaFile)::All helper does not include non media files" class="Hyde\Framework\Testing\Feature\Support\MediaFileTest" classname="Hyde.Framework.Testing.Feature.Support.MediaFileTest" assertions="1" time="0.020498"/>
        <testcase name="Files helper returns all media files" file="Media File (Hyde\Framework\Testing\Feature\Support\MediaFile)::Files helper returns all media files" class="Hyde\Framework\Testing\Feature\Support\MediaFileTest" classname="Hyde.Framework.Testing.Feature.Support.MediaFileTest" assertions="1" time="0.020124"/>
        <testcase name="Get identifier returns identifier" file="Media File (Hyde\Framework\Testing\Feature\Support\MediaFile)::Get identifier returns identifier" class="Hyde\Framework\Testing\Feature\Support\MediaFileTest" classname="Hyde.Framework.Testing.Feature.Support.MediaFileTest" assertions="1" time="0.019628"/>
        <testcase name="Get identifier with subdirectory" file="Media File (Hyde\Framework\Testing\Feature\Support\MediaFile)::Get identifier with subdirectory" class="Hyde\Framework\Testing\Feature\Support\MediaFileTest" classname="Hyde.Framework.Testing.Feature.Support.MediaFileTest" assertions="1" time="0.019547"/>
      </testsuite>
      <testsuite name="Hyde\Framework\Testing\Feature\Support\ProjectFileTest" file="Project File (Hyde\Framework\Testing\Feature\Support\ProjectFile)" tests="11" assertions="16" errors="0" failures="0" skipped="0" time="0.267846">
        <testcase name="Can construct" file="Project File (Hyde\Framework\Testing\Feature\Support\ProjectFile)::Can construct" class="Hyde\Framework\Testing\Feature\Support\ProjectFileTest" classname="Hyde.Framework.Testing.Feature.Support.ProjectFileTest" assertions="2" time="0.052969"/>
        <testcase name="Can construct with nested paths" file="Project File (Hyde\Framework\Testing\Feature\Support\ProjectFile)::Can construct with nested paths" class="Hyde\Framework\Testing\Feature\Support\ProjectFileTest" classname="Hyde.Framework.Testing.Feature.Support.ProjectFileTest" assertions="1" time="0.019373"/>
        <testcase name="Absolute path is normalized to relative" file="Project File (Hyde\Framework\Testing\Feature\Support\ProjectFile)::Absolute path is normalized to relative" class="Hyde\Framework\Testing\Feature\Support\ProjectFileTest" classname="Hyde.Framework.Testing.Feature.Support.ProjectFileTest" assertions="1" time="0.019510"/>
        <testcase name="Get name returns name of file" file="Project File (Hyde\Framework\Testing\Feature\Support\ProjectFile)::Get name returns name of file" class="Hyde\Framework\Testing\Feature\Support\ProjectFileTest" classname="Hyde.Framework.Testing.Feature.Support.ProjectFileTest" assertions="2" time="0.019650"/>
        <testcase name="Get path returns path of file" file="Project File (Hyde\Framework\Testing\Feature\Support\ProjectFile)::Get path returns path of file" class="Hyde\Framework\Testing\Feature\Support\ProjectFileTest" classname="Hyde.Framework.Testing.Feature.Support.ProjectFileTest" assertions="2" time="0.019538"/>
        <testcase name="Get absolute path returns absolute path of file" file="Project File (Hyde\Framework\Testing\Feature\Support\ProjectFile)::Get absolute path returns absolute path of file" class="Hyde\Framework\Testing\Feature\Support\ProjectFileTest" classname="Hyde.Framework.Testing.Feature.Support.ProjectFileTest" assertions="2" time="0.033855"/>
        <testcase name="Get contents returns contents of file" file="Project File (Hyde\Framework\Testing\Feature\Support\ProjectFile)::Get contents returns contents of file" class="Hyde\Framework\Testing\Feature\Support\ProjectFileTest" classname="Hyde.Framework.Testing.Feature.Support.ProjectFileTest" assertions="1" time="0.020417"/>
        <testcase name="Get extension returns extension of file" file="Project File (Hyde\Framework\Testing\Feature\Support\ProjectFile)::Get extension returns extension of file" class="Hyde\Framework\Testing\Feature\Support\ProjectFileTest" classname="Hyde.Framework.Testing.Feature.Support.ProjectFileTest" assertions="2" time="0.020744"/>
        <testcase name="To array returns array of file properties" file="Project File (Hyde\Framework\Testing\Feature\Support\ProjectFile)::To array returns array of file properties" class="Hyde\Framework\Testing\Feature\Support\ProjectFileTest" classname="Hyde.Framework.Testing.Feature.Support.ProjectFileTest" assertions="1" time="0.020197"/>
        <testcase name="To array with empty file with no extension" file="Project File (Hyde\Framework\Testing\Feature\Support\ProjectFile)::To array with empty file with no extension" class="Hyde\Framework\Testing\Feature\Support\ProjectFileTest" classname="Hyde.Framework.Testing.Feature.Support.ProjectFileTest" assertions="1" time="0.020964"/>
        <testcase name="To array with file in subdirectory" file="Project File (Hyde\Framework\Testing\Feature\Support\ProjectFile)::To array with file in subdirectory" class="Hyde\Framework\Testing\Feature\Support\ProjectFileTest" classname="Hyde.Framework.Testing.Feature.Support.ProjectFileTest" assertions="1" time="0.020630"/>
      </testsuite>
      <testsuite name="Hyde\Framework\Testing\Feature\Support\SourceFileTest" file="Source File (Hyde\Framework\Testing\Feature\Support\SourceFile)" tests="14" assertions="22" errors="0" failures="0" skipped="0" time="0.299184">
        <testcase name="Can construct" file="Source File (Hyde\Framework\Testing\Feature\Support\SourceFile)::Can construct" class="Hyde\Framework\Testing\Feature\Support\SourceFileTest" classname="Hyde.Framework.Testing.Feature.Support.SourceFileTest" assertions="3" time="0.034466"/>
        <testcase name="Can construct with model class" file="Source File (Hyde\Framework\Testing\Feature\Support\SourceFile)::Can construct with model class" class="Hyde\Framework\Testing\Feature\Support\SourceFileTest" classname="Hyde.Framework.Testing.Feature.Support.SourceFileTest" assertions="3" time="0.019464"/>
        <testcase name="Can make" file="Source File (Hyde\Framework\Testing\Feature\Support\SourceFile)::Can make" class="Hyde\Framework\Testing\Feature\Support\SourceFileTest" classname="Hyde.Framework.Testing.Feature.Support.SourceFileTest" assertions="1" time="0.019526"/>
        <testcase name="Can make with model class" file="Source File (Hyde\Framework\Testing\Feature\Support\SourceFile)::Can make with model class" class="Hyde\Framework\Testing\Feature\Support\SourceFileTest" classname="Hyde.Framework.Testing.Feature.Support.SourceFileTest" assertions="1" time="0.019597"/>
        <testcase name="Can construct with nested paths" file="Source File (Hyde\Framework\Testing\Feature\Support\SourceFile)::Can construct with nested paths" class="Hyde\Framework\Testing\Feature\Support\SourceFileTest" classname="Hyde.Framework.Testing.Feature.Support.SourceFileTest" assertions="1" time="0.019439"/>
        <testcase name="Absolute path is normalized to relative" file="Source File (Hyde\Framework\Testing\Feature\Support\SourceFile)::Absolute path is normalized to relative" class="Hyde\Framework\Testing\Feature\Support\SourceFileTest" classname="Hyde.Framework.Testing.Feature.Support.SourceFileTest" assertions="1" time="0.019573"/>
        <testcase name="Get name returns name of file" file="Source File (Hyde\Framework\Testing\Feature\Support\SourceFile)::Get name returns name of file" class="Hyde\Framework\Testing\Feature\Support\SourceFileTest" classname="Hyde.Framework.Testing.Feature.Support.SourceFileTest" assertions="2" time="0.019687"/>
        <testcase name="Get path returns path of file" file="Source File (Hyde\Framework\Testing\Feature\Support\SourceFile)::Get path returns path of file" class="Hyde\Framework\Testing\Feature\Support\SourceFileTest" classname="Hyde.Framework.Testing.Feature.Support.SourceFileTest" assertions="2" time="0.019632"/>
        <testcase name="Get absolute path returns absolute path of file" file="Source File (Hyde\Framework\Testing\Feature\Support\SourceFile)::Get absolute path returns absolute path of file" class="Hyde\Framework\Testing\Feature\Support\SourceFileTest" classname="Hyde.Framework.Testing.Feature.Support.SourceFileTest" assertions="2" time="0.025474"/>
        <testcase name="Get contents returns contents of file" file="Source File (Hyde\Framework\Testing\Feature\Support\SourceFile)::Get contents returns contents of file" class="Hyde\Framework\Testing\Feature\Support\SourceFileTest" classname="Hyde.Framework.Testing.Feature.Support.SourceFileTest" assertions="1" time="0.020569"/>
        <testcase name="Get extension returns extension of file" file="Source File (Hyde\Framework\Testing\Feature\Support\SourceFile)::Get extension returns extension of file" class="Hyde\Framework\Testing\Feature\Support\SourceFileTest" classname="Hyde.Framework.Testing.Feature.Support.SourceFileTest" assertions="2" time="0.020893"/>
        <testcase name="To array returns array of file properties" file="Source File (Hyde\Framework\Testing\Feature\Support\SourceFile)::To array returns array of file properties" class="Hyde\Framework\Testing\Feature\Support\SourceFileTest" classname="Hyde.Framework.Testing.Feature.Support.SourceFileTest" assertions="1" time="0.020340"/>
        <testcase name="To array with empty file with no extension" file="Source File (Hyde\Framework\Testing\Feature\Support\SourceFile)::To array with empty file with no extension" class="Hyde\Framework\Testing\Feature\Support\SourceFileTest" classname="Hyde.Framework.Testing.Feature.Support.SourceFileTest" assertions="1" time="0.020304"/>
        <testcase name="To array with file in subdirectory" file="Source File (Hyde\Framework\Testing\Feature\Support\SourceFile)::To array with file in subdirectory" class="Hyde\Framework\Testing\Feature\Support\SourceFileTest" classname="Hyde.Framework.Testing.Feature.Support.SourceFileTest" assertions="1" time="0.020219"/>
      </testsuite>
      <testsuite name="Hyde\Framework\Testing\Feature\TypedConfigFacadeTest" file="Typed Config Facade (Hyde\Framework\Testing\Feature\TypedConfigFacade)" tests="27" assertions="29" errors="0" failures="0" skipped="0" time="0.561176">
        <testcase name="Get array" file="Typed Config Facade (Hyde\Framework\Testing\Feature\TypedConfigFacade)::Get array" class="Hyde\Framework\Testing\Feature\TypedConfigFacadeTest" classname="Hyde.Framework.Testing.Feature.TypedConfigFacadeTest" assertions="1" time="0.039413"/>
        <testcase name="Get string" file="Typed Config Facade (Hyde\Framework\Testing\Feature\TypedConfigFacade)::Get string" class="Hyde\Framework\Testing\Feature\TypedConfigFacadeTest" classname="Hyde.Framework.Testing.Feature.TypedConfigFacadeTest" assertions="1" time="0.019343"/>
        <testcase name="Get bool" file="Typed Config Facade (Hyde\Framework\Testing\Feature\TypedConfigFacade)::Get bool" class="Hyde\Framework\Testing\Feature\TypedConfigFacadeTest" classname="Hyde.Framework.Testing.Feature.TypedConfigFacadeTest" assertions="1" time="0.019492"/>
        <testcase name="Get int" file="Typed Config Facade (Hyde\Framework\Testing\Feature\TypedConfigFacade)::Get int" class="Hyde\Framework\Testing\Feature\TypedConfigFacadeTest" classname="Hyde.Framework.Testing.Feature.TypedConfigFacadeTest" assertions="1" time="0.019521"/>
        <testcase name="Get float" file="Typed Config Facade (Hyde\Framework\Testing\Feature\TypedConfigFacade)::Get float" class="Hyde\Framework\Testing\Feature\TypedConfigFacadeTest" classname="Hyde.Framework.Testing.Feature.TypedConfigFacadeTest" assertions="1" time="0.019455"/>
        <testcase name="Get array with default value" file="Typed Config Facade (Hyde\Framework\Testing\Feature\TypedConfigFacade)::Get array with default value" class="Hyde\Framework\Testing\Feature\TypedConfigFacadeTest" classname="Hyde.Framework.Testing.Feature.TypedConfigFacadeTest" assertions="1" time="0.019616"/>
        <testcase name="Get string with default value" file="Typed Config Facade (Hyde\Framework\Testing\Feature\TypedConfigFacade)::Get string with default value" class="Hyde\Framework\Testing\Feature\TypedConfigFacadeTest" classname="Hyde.Framework.Testing.Feature.TypedConfigFacadeTest" assertions="1" time="0.019695"/>
        <testcase name="Get bool with default value" file="Typed Config Facade (Hyde\Framework\Testing\Feature\TypedConfigFacade)::Get bool with default value" class="Hyde\Framework\Testing\Feature\TypedConfigFacadeTest" classname="Hyde.Framework.Testing.Feature.TypedConfigFacadeTest" assertions="1" time="0.019500"/>
        <testcase name="Get int with default value" file="Typed Config Facade (Hyde\Framework\Testing\Feature\TypedConfigFacade)::Get int with default value" class="Hyde\Framework\Testing\Feature\TypedConfigFacadeTest" classname="Hyde.Framework.Testing.Feature.TypedConfigFacadeTest" assertions="1" time="0.032771"/>
        <testcase name="Get float with default value" file="Typed Config Facade (Hyde\Framework\Testing\Feature\TypedConfigFacade)::Get float with default value" class="Hyde\Framework\Testing\Feature\TypedConfigFacadeTest" classname="Hyde.Framework.Testing.Feature.TypedConfigFacadeTest" assertions="1" time="0.019642"/>
        <testcase name="Get array with strict mode" file="Typed Config Facade (Hyde\Framework\Testing\Feature\TypedConfigFacade)::Get array with strict mode" class="Hyde\Framework\Testing\Feature\TypedConfigFacadeTest" classname="Hyde.Framework.Testing.Feature.TypedConfigFacadeTest" assertions="1" time="0.019697"/>
        <testcase name="Get string with strict mode" file="Typed Config Facade (Hyde\Framework\Testing\Feature\TypedConfigFacade)::Get string with strict mode" class="Hyde\Framework\Testing\Feature\TypedConfigFacadeTest" classname="Hyde.Framework.Testing.Feature.TypedConfigFacadeTest" assertions="1" time="0.019507"/>
        <testcase name="Get bool with strict mode" file="Typed Config Facade (Hyde\Framework\Testing\Feature\TypedConfigFacade)::Get bool with strict mode" class="Hyde\Framework\Testing\Feature\TypedConfigFacadeTest" classname="Hyde.Framework.Testing.Feature.TypedConfigFacadeTest" assertions="1" time="0.019698"/>
        <testcase name="Get int with strict mode" file="Typed Config Facade (Hyde\Framework\Testing\Feature\TypedConfigFacade)::Get int with strict mode" class="Hyde\Framework\Testing\Feature\TypedConfigFacadeTest" classname="Hyde.Framework.Testing.Feature.TypedConfigFacadeTest" assertions="1" time="0.019569"/>
        <testcase name="Get float with strict mode" file="Typed Config Facade (Hyde\Framework\Testing\Feature\TypedConfigFacade)::Get float with strict mode" class="Hyde\Framework\Testing\Feature\TypedConfigFacadeTest" classname="Hyde.Framework.Testing.Feature.TypedConfigFacadeTest" assertions="1" time="0.019516"/>
        <testcase name="Get array with failing strict mode" file="Typed Config Facade (Hyde\Framework\Testing\Feature\TypedConfigFacade)::Get array with failing strict mode" class="Hyde\Framework\Testing\Feature\TypedConfigFacadeTest" classname="Hyde.Framework.Testing.Feature.TypedConfigFacadeTest" assertions="1" time="0.019557"/>
        <testcase name="Get string with failing strict mode" file="Typed Config Facade (Hyde\Framework\Testing\Feature\TypedConfigFacade)::Get string with failing strict mode" class="Hyde\Framework\Testing\Feature\TypedConfigFacadeTest" classname="Hyde.Framework.Testing.Feature.TypedConfigFacadeTest" assertions="1" time="0.019490"/>
        <testcase name="Get bool with failing strict mode" file="Typed Config Facade (Hyde\Framework\Testing\Feature\TypedConfigFacade)::Get bool with failing strict mode" class="Hyde\Framework\Testing\Feature\TypedConfigFacadeTest" classname="Hyde.Framework.Testing.Feature.TypedConfigFacadeTest" assertions="1" time="0.019501"/>
        <testcase name="Get int with failing strict mode" file="Typed Config Facade (Hyde\Framework\Testing\Feature\TypedConfigFacade)::Get int with failing strict mode" class="Hyde\Framework\Testing\Feature\TypedConfigFacadeTest" classname="Hyde.Framework.Testing.Feature.TypedConfigFacadeTest" assertions="1" time="0.019563"/>
        <testcase name="Get float with failing strict mode" file="Typed Config Facade (Hyde\Framework\Testing\Feature\TypedConfigFacade)::Get float with failing strict mode" class="Hyde\Framework\Testing\Feature\TypedConfigFacadeTest" classname="Hyde.Framework.Testing.Feature.TypedConfigFacadeTest" assertions="1" time="0.019539"/>
        <testcase name="Get array with array" file="Typed Config Facade (Hyde\Framework\Testing\Feature\TypedConfigFacade)::Get array with array" class="Hyde\Framework\Testing\Feature\TypedConfigFacadeTest" classname="Hyde.Framework.Testing.Feature.TypedConfigFacadeTest" assertions="1" time="0.019666"/>
        <testcase name="Get string with string" file="Typed Config Facade (Hyde\Framework\Testing\Feature\TypedConfigFacade)::Get string with string" class="Hyde\Framework\Testing\Feature\TypedConfigFacadeTest" classname="Hyde.Framework.Testing.Feature.TypedConfigFacadeTest" assertions="1" time="0.019446"/>
        <testcase name="Get bool with bool" file="Typed Config Facade (Hyde\Framework\Testing\Feature\TypedConfigFacade)::Get bool with bool" class="Hyde\Framework\Testing\Feature\TypedConfigFacadeTest" classname="Hyde.Framework.Testing.Feature.TypedConfigFacadeTest" assertions="1" time="0.019574"/>
        <testcase name="Get int with int" file="Typed Config Facade (Hyde\Framework\Testing\Feature\TypedConfigFacade)::Get int with int" class="Hyde\Framework\Testing\Feature\TypedConfigFacadeTest" classname="Hyde.Framework.Testing.Feature.TypedConfigFacadeTest" assertions="1" time="0.019639"/>
        <testcase name="Get float with float" file="Typed Config Facade (Hyde\Framework\Testing\Feature\TypedConfigFacade)::Get float with float" class="Hyde\Framework\Testing\Feature\TypedConfigFacadeTest" classname="Hyde.Framework.Testing.Feature.TypedConfigFacadeTest" assertions="1" time="0.019565"/>
        <testcase name="Get nullable string" file="Typed Config Facade (Hyde\Framework\Testing\Feature\TypedConfigFacade)::Get nullable string" class="Hyde\Framework\Testing\Feature\TypedConfigFacadeTest" classname="Hyde.Framework.Testing.Feature.TypedConfigFacadeTest" assertions="2" time="0.019654"/>
        <testcase name="Invalid type message" file="Typed Config Facade (Hyde\Framework\Testing\Feature\TypedConfigFacade)::Invalid type message" class="Hyde\Framework\Testing\Feature\TypedConfigFacadeTest" classname="Hyde.Framework.Testing.Feature.TypedConfigFacadeTest" assertions="2" time="0.019547"/>
      </testsuite>
      <testsuite name="Hyde\Framework\Testing\Feature\Views\MetadataViewTest" file="Metadata View (Hyde\Framework\Testing\Feature\Views\MetadataView)" tests="6" assertions="110" errors="0" failures="0" skipped="0" time="0.302109">
        <testcase name="Metadata tags in empty blade page" file="Metadata View (Hyde\Framework\Testing\Feature\Views\MetadataView)::Metadata tags in empty blade page" class="Hyde\Framework\Testing\Feature\Views\MetadataViewTest" classname="Hyde.Framework.Testing.Feature.Views.MetadataViewTest" assertions="13" time="0.072961"/>
        <testcase name="Metadata tags in empty markdown page" file="Metadata View (Hyde\Framework\Testing\Feature\Views\MetadataView)::Metadata tags in empty markdown page" class="Hyde\Framework\Testing\Feature\Views\MetadataViewTest" classname="Hyde.Framework.Testing.Feature.Views.MetadataViewTest" assertions="13" time="0.038328"/>
        <testcase name="Metadata tags in empty documentation page" file="Metadata View (Hyde\Framework\Testing\Feature\Views\MetadataView)::Metadata tags in empty documentation page" class="Hyde\Framework\Testing\Feature\Views\MetadataViewTest" classname="Hyde.Framework.Testing.Feature.Views.MetadataViewTest" assertions="13" time="0.042457"/>
        <testcase name="Metadata tags in empty markdown post" file="Metadata View (Hyde\Framework\Testing\Feature\Views\MetadataView)::Metadata tags in empty markdown post" class="Hyde\Framework\Testing\Feature\Views\MetadataViewTest" classname="Hyde.Framework.Testing.Feature.Views.MetadataViewTest" assertions="19" time="0.054509"/>
        <testcase name="Metadata tags in markdown post with flat front matter" file="Metadata View (Hyde\Framework\Testing\Feature\Views\MetadataView)::Metadata tags in markdown post with flat front matter" class="Hyde\Framework\Testing\Feature\Views\MetadataViewTest" classname="Hyde.Framework.Testing.Feature.Views.MetadataViewTest" assertions="26" time="0.043816"/>
        <testcase name="Canonical url tags are not added when canonical url is not set" file="Metadata View (Hyde\Framework\Testing\Feature\Views\MetadataView)::Canonical url tags are not added when canonical url is not set" class="Hyde\Framework\Testing\Feature\Views\MetadataViewTest" classname="Hyde.Framework.Testing.Feature.Views.MetadataViewTest" assertions="26" time="0.050037"/>
      </testsuite>
      <testsuite name="Hyde\Framework\Testing\Feature\Views\SidebarBrandViewTest" file="Sidebar Brand View (Hyde\Framework\Testing\Feature\Views\SidebarBrandView)" tests="5" assertions="13" errors="0" failures="0" skipped="0" time="0.133421">
        <testcase name="Sidebar brand view" file="Sidebar Brand View (Hyde\Framework\Testing\Feature\Views\SidebarBrandView)::Sidebar brand view" class="Hyde\Framework\Testing\Feature\Views\SidebarBrandViewTest" classname="Hyde.Framework.Testing.Feature.Views.SidebarBrandViewTest" assertions="3" time="0.033710"/>
        <testcase name="Sidebar brand view with home route" file="Sidebar Brand View (Hyde\Framework\Testing\Feature\Views\SidebarBrandView)::Sidebar brand view with home route" class="Hyde\Framework\Testing\Feature\Views\SidebarBrandViewTest" classname="Hyde.Framework.Testing.Feature.Views.SidebarBrandViewTest" assertions="3" time="0.025733"/>
        <testcase name="Sidebar brand view with default header text" file="Sidebar Brand View (Hyde\Framework\Testing\Feature\Views\SidebarBrandView)::Sidebar brand view with default header text" class="Hyde\Framework\Testing\Feature\Views\SidebarBrandViewTest" classname="Hyde.Framework.Testing.Feature.Views.SidebarBrandViewTest" assertions="2" time="0.024932"/>
        <testcase name="Sidebar brand view with default header text and home route" file="Sidebar Brand View (Hyde\Framework\Testing\Feature\Views\SidebarBrandView)::Sidebar brand view with default header text and home route" class="Hyde\Framework\Testing\Feature\Views\SidebarBrandViewTest" classname="Hyde.Framework.Testing.Feature.Views.SidebarBrandViewTest" assertions="3" time="0.025119"/>
        <testcase name="Sidebar brand view without darkmode feature" file="Sidebar Brand View (Hyde\Framework\Testing\Feature\Views\SidebarBrandView)::Sidebar brand view without darkmode feature" class="Hyde\Framework\Testing\Feature\Views\SidebarBrandViewTest" classname="Hyde.Framework.Testing.Feature.Views.SidebarBrandViewTest" assertions="2" time="0.023926"/>
      </testsuite>
      <testsuite name="Hyde\Framework\Testing\Feature\Views\SidebarFooterTextViewTest" file="Sidebar Footer Text View (Hyde\Framework\Testing\Feature\Views\SidebarFooterTextView)" tests="4" assertions="4" errors="0" failures="0" skipped="0" time="0.087999">
        <testcase name="Sidebar footer text view with default config" file="Sidebar Footer Text View (Hyde\Framework\Testing\Feature\Views\SidebarFooterTextView)::Sidebar footer text view with default config" class="Hyde\Framework\Testing\Feature\Views\SidebarFooterTextViewTest" classname="Hyde.Framework.Testing.Feature.Views.SidebarFooterTextViewTest" assertions="1" time="0.027099"/>
        <testcase name="Sidebar footer text view when config option is true" file="Sidebar Footer Text View (Hyde\Framework\Testing\Feature\Views\SidebarFooterTextView)::Sidebar footer text view when config option is true" class="Hyde\Framework\Testing\Feature\Views\SidebarFooterTextViewTest" classname="Hyde.Framework.Testing.Feature.Views.SidebarFooterTextViewTest" assertions="1" time="0.020234"/>
        <testcase name="Sidebar footer text view when config option is markdown string" file="Sidebar Footer Text View (Hyde\Framework\Testing\Feature\Views\SidebarFooterTextView)::Sidebar footer text view when config option is markdown string" class="Hyde\Framework\Testing\Feature\Views\SidebarFooterTextViewTest" classname="Hyde.Framework.Testing.Feature.Views.SidebarFooterTextViewTest" assertions="1" time="0.021329"/>
        <testcase name="Sidebar footer text view when config option is false" file="Sidebar Footer Text View (Hyde\Framework\Testing\Feature\Views\SidebarFooterTextView)::Sidebar footer text view when config option is false" class="Hyde\Framework\Testing\Feature\Views\SidebarFooterTextViewTest" classname="Hyde.Framework.Testing.Feature.Views.SidebarFooterTextViewTest" assertions="1" time="0.019338"/>
      </testsuite>
      <testsuite name="Hyde\Framework\Testing\Feature\Views\SidebarViewTest" file="Sidebar View (Hyde\Framework\Testing\Feature\Views\SidebarView)" tests="7" assertions="60" errors="0" failures="0" skipped="0" time="0.206455">
        <testcase name="Base sidebar" file="Sidebar View (Hyde\Framework\Testing\Feature\Views\SidebarView)::Base sidebar" class="Hyde\Framework\Testing\Feature\Views\SidebarViewTest" classname="Hyde.Framework.Testing.Feature.Views.SidebarViewTest" assertions="12" time="0.033942"/>
        <testcase name="Base sidebar without footer" file="Sidebar View (Hyde\Framework\Testing\Feature\Views\SidebarView)::Base sidebar without footer" class="Hyde\Framework\Testing\Feature\Views\SidebarViewTest" classname="Hyde.Framework.Testing.Feature.Views.SidebarViewTest" assertions="2" time="0.024893"/>
        <testcase name="Base sidebar with custom footer text" file="Sidebar View (Hyde\Framework\Testing\Feature\Views\SidebarView)::Base sidebar with custom footer text" class="Hyde\Framework\Testing\Feature\Views\SidebarViewTest" classname="Hyde.Framework.Testing.Feature.Views.SidebarViewTest" assertions="4" time="0.026137"/>
        <testcase name="Base sidebar custom header brand" file="Sidebar View (Hyde\Framework\Testing\Feature\Views\SidebarView)::Base sidebar custom header brand" class="Hyde\Framework\Testing\Feature\Views\SidebarViewTest" classname="Hyde.Framework.Testing.Feature.Views.SidebarViewTest" assertions="4" time="0.025711"/>
        <testcase name="Base sidebar with items" file="Sidebar View (Hyde\Framework\Testing\Feature\Views\SidebarView)::Base sidebar with items" class="Hyde\Framework\Testing\Feature\Views\SidebarViewTest" classname="Hyde.Framework.Testing.Feature.Views.SidebarViewTest" assertions="6" time="0.030484"/>
        <testcase name="Sidebar with grouped items" file="Sidebar View (Hyde\Framework\Testing\Feature\Views\SidebarView)::Sidebar with grouped items" class="Hyde\Framework\Testing\Feature\Views\SidebarViewTest" classname="Hyde.Framework.Testing.Feature.Views.SidebarViewTest" assertions="16" time="0.032843"/>
        <testcase name="Sidebar with non collapsible grouped items" file="Sidebar View (Hyde\Framework\Testing\Feature\Views\SidebarView)::Sidebar with non collapsible grouped items" class="Hyde\Framework\Testing\Feature\Views\SidebarViewTest" classname="Hyde.Framework.Testing.Feature.Views.SidebarViewTest" assertions="16" time="0.032446"/>
      </testsuite>
    </testsuite>
    <testsuite name="Publications" tests="358" assertions="933" errors="0" failures="0" skipped="0" time="9.958283">
      <testsuite name="Hyde\Publications\Testing\Feature\CreateActionTest" file="Create Action (Hyde\Publications\Testing\Feature\CreateAction)" tests="7" assertions="15" errors="0" failures="0" skipped="0" time="0.152175">
        <testcase name="Create" file="Create Action (Hyde\Publications\Testing\Feature\CreateAction)::Create" class="Hyde\Publications\Testing\Feature\CreateActionTest" classname="Hyde.Publications.Testing.Feature.CreateActionTest" assertions="2" time="0.031040"/>
        <testcase name="With conflict" file="Create Action (Hyde\Publications\Testing\Feature\CreateAction)::With conflict" class="Hyde\Publications\Testing\Feature\CreateActionTest" classname="Hyde.Publications.Testing.Feature.CreateActionTest" assertions="1" time="0.019885"/>
        <testcase name="With conflict force" file="Create Action (Hyde\Publications\Testing\Feature\CreateAction)::With conflict force" class="Hyde\Publications\Testing\Feature\CreateActionTest" classname="Hyde.Publications.Testing.Feature.CreateActionTest" assertions="1" time="0.020410"/>
        <testcase name="Output path helpers" file="Create Action (Hyde\Publications\Testing\Feature\CreateAction)::Output path helpers" class="Hyde\Publications\Testing\Feature\CreateActionTest" classname="Hyde.Publications.Testing.Feature.CreateActionTest" assertions="2" time="0.020050"/>
        <testcase name="Conflict prediction helpers" file="Create Action (Hyde\Publications\Testing\Feature\CreateAction)::Conflict prediction helpers" class="Hyde\Publications\Testing\Feature\CreateActionTest" classname="Hyde.Publications.Testing.Feature.CreateActionTest" assertions="6" time="0.020633"/>
        <testcase name="Can save to subdirectory" file="Create Action (Hyde\Publications\Testing\Feature\CreateAction)::Can save to subdirectory" class="Hyde\Publications\Testing\Feature\CreateActionTest" classname="Hyde.Publications.Testing.Feature.CreateActionTest" assertions="2" time="0.020550"/>
        <testcase name="Format string for storage" file="Create Action (Hyde\Publications\Testing\Feature\CreateAction)::Format string for storage" class="Hyde\Publications\Testing\Feature\CreateActionTest" classname="Hyde.Publications.Testing.Feature.CreateActionTest" assertions="1" time="0.019607"/>
      </testsuite>
      <testsuite name="Hyde\Publications\Testing\Feature\CreatesNewPublicationPageTest" file="Creates New Publication Page (Hyde\Publications\Testing\Feature\CreatesNewPublicationPage)" tests="6" assertions="13" errors="0" failures="0" skipped="0" time="0.231732">
        <testcase name="Create" file="Creates New Publication Page (Hyde\Publications\Testing\Feature\CreatesNewPublicationPage)::Create" class="Hyde\Publications\Testing\Feature\CreatesNewPublicationPageTest" classname="Hyde.Publications.Testing.Feature.CreatesNewPublicationPageTest" assertions="2" time="0.123330"/>
        <testcase name="With text type" file="Creates New Publication Page (Hyde\Publications\Testing\Feature\CreatesNewPublicationPage)::With text type" class="Hyde\Publications\Testing\Feature\CreatesNewPublicationPageTest" classname="Hyde.Publications.Testing.Feature.CreatesNewPublicationPageTest" assertions="2" time="0.022606"/>
        <testcase name="With array type" file="Creates New Publication Page (Hyde\Publications\Testing\Feature\CreatesNewPublicationPage)::With array type" class="Hyde\Publications\Testing\Feature\CreatesNewPublicationPageTest" classname="Hyde.Publications.Testing.Feature.CreatesNewPublicationPageTest" assertions="2" time="0.021403"/>
        <testcase name="Create without supplying canonical field" file="Creates New Publication Page (Hyde\Publications\Testing\Feature\CreatesNewPublicationPage)::Create without supplying canonical field" class="Hyde\Publications\Testing\Feature\CreatesNewPublicationPageTest" classname="Hyde.Publications.Testing.Feature.CreatesNewPublicationPageTest" assertions="2" time="0.020417"/>
        <testcase name="Create without supplying required field" file="Creates New Publication Page (Hyde\Publications\Testing\Feature\CreatesNewPublicationPage)::Create without supplying required field" class="Hyde\Publications\Testing\Feature\CreatesNewPublicationPageTest" classname="Hyde.Publications.Testing.Feature.CreatesNewPublicationPageTest" assertions="2" time="0.021708"/>
        <testcase name="It creates valid yaml" file="Creates New Publication Page (Hyde\Publications\Testing\Feature\CreatesNewPublicationPage)::It creates valid yaml" class="Hyde\Publications\Testing\Feature\CreatesNewPublicationPageTest" classname="Hyde.Publications.Testing.Feature.CreatesNewPublicationPageTest" assertions="3" time="0.022268"/>
      </testsuite>
      <testsuite name="Hyde\Publications\Testing\Feature\CreatesNewPublicationTypeTest" file="Creates New Publication Type (Hyde\Publications\Testing\Feature\CreatesNewPublicationType)" tests="4" assertions="20" errors="0" failures="0" skipped="0" time="0.104476">
        <testcase name="It creates a new publication type" file="Creates New Publication Type (Hyde\Publications\Testing\Feature\CreatesNewPublicationType)::It creates a new publication type" class="Hyde\Publications\Testing\Feature\CreatesNewPublicationTypeTest" classname="Hyde.Publications.Testing.Feature.CreatesNewPublicationTypeTest" assertions="2" time="0.038877"/>
        <testcase name="Create with default parameters" file="Creates New Publication Type (Hyde\Publications\Testing\Feature\CreatesNewPublicationType)::Create with default parameters" class="Hyde\Publications\Testing\Feature\CreatesNewPublicationTypeTest" classname="Hyde.Publications.Testing.Feature.CreatesNewPublicationTypeTest" assertions="2" time="0.021038"/>
        <testcase name="It creates list and detail pages" file="Creates New Publication Type (Hyde\Publications\Testing\Feature\CreatesNewPublicationType)::It creates list and detail pages" class="Hyde\Publications\Testing\Feature\CreatesNewPublicationTypeTest" classname="Hyde.Publications.Testing.Feature.CreatesNewPublicationTypeTest" assertions="8" time="0.021718"/>
        <testcase name="It uses the paginated list view when pagination is enabled" file="Creates New Publication Type (Hyde\Publications\Testing\Feature\CreatesNewPublicationType)::It uses the paginated list view when pagination is enabled" class="Hyde\Publications\Testing\Feature\CreatesNewPublicationTypeTest" classname="Hyde.Publications.Testing.Feature.CreatesNewPublicationTypeTest" assertions="8" time="0.022844"/>
      </testsuite>
      <testsuite name="Hyde\Publications\Testing\Feature\GeneratesPublicationTagPagesTest" file="Generates Publication Tag Pages (Hyde\Publications\Testing\Feature\GeneratesPublicationTagPages)" tests="7" assertions="18" errors="0" failures="0" skipped="0" time="0.277089">
        <testcase name="Tags index page is generated when tags are used" file="Generates Publication Tag Pages (Hyde\Publications\Testing\Feature\GeneratesPublicationTagPages)::Tags index page is generated when tags are used" class="Hyde\Publications\Testing\Feature\GeneratesPublicationTagPagesTest" classname="Hyde.Publications.Testing.Feature.GeneratesPublicationTagPagesTest" assertions="2" time="0.051726"/>
        <testcase name="Tags index page is not generated when tags are not used" file="Generates Publication Tag Pages (Hyde\Publications\Testing\Feature\GeneratesPublicationTagPages)::Tags index page is not generated when tags are not used" class="Hyde\Publications\Testing\Feature\GeneratesPublicationTagPagesTest" classname="Hyde.Publications.Testing.Feature.GeneratesPublicationTagPagesTest" assertions="1" time="0.039270"/>
        <testcase name="Tags pages for publications are generated for used tag" file="Generates Publication Tag Pages (Hyde\Publications\Testing\Feature\GeneratesPublicationTagPages)::Tags pages for publications are generated for used tag" class="Hyde\Publications\Testing\Feature\GeneratesPublicationTagPagesTest" classname="Hyde.Publications.Testing.Feature.GeneratesPublicationTagPagesTest" assertions="1" time="0.033008"/>
        <testcase name="Tags pages for publications are generated for used tags with publication tags array" file="Generates Publication Tag Pages (Hyde\Publications\Testing\Feature\GeneratesPublicationTagPages)::Tags pages for publications are generated for used tags with publication tags array" class="Hyde\Publications\Testing\Feature\GeneratesPublicationTagPagesTest" classname="Hyde.Publications.Testing.Feature.GeneratesPublicationTagPagesTest" assertions="1" time="0.034305"/>
        <testcase name="Tags pages for publications are not generated when no tags are used" file="Generates Publication Tag Pages (Hyde\Publications\Testing\Feature\GeneratesPublicationTagPages)::Tags pages for publications are not generated when no tags are used" class="Hyde\Publications\Testing\Feature\GeneratesPublicationTagPagesTest" classname="Hyde.Publications.Testing.Feature.GeneratesPublicationTagPagesTest" assertions="1" time="0.031565"/>
        <testcase name="Generated index page" file="Generates Publication Tag Pages (Hyde\Publications\Testing\Feature\GeneratesPublicationTagPages)::Generated index page" class="Hyde\Publications\Testing\Feature\GeneratesPublicationTagPagesTest" classname="Hyde.Publications.Testing.Feature.GeneratesPublicationTagPagesTest" assertions="6" time="0.043521"/>
        <testcase name="Generated detail page" file="Generates Publication Tag Pages (Hyde\Publications\Testing\Feature\GeneratesPublicationTagPages)::Generated detail page" class="Hyde\Publications\Testing\Feature\GeneratesPublicationTagPagesTest" classname="Hyde.Publications.Testing.Feature.GeneratesPublicationTagPagesTest" assertions="6" time="0.043693"/>
      </testsuite>
      <testsuite name="Hyde\Publications\Testing\Feature\InputStreamHandlerTest" file="Input Stream Handler (Hyde\Publications\Testing\Feature\InputStreamHandler)" tests="10" assertions="17" errors="0" failures="0" skipped="0" time="0.216849">
        <testcase name="Can collect input" file="Input Stream Handler (Hyde\Publications\Testing\Feature\InputStreamHandler)::Can collect input" class="Hyde\Publications\Testing\Feature\InputStreamHandlerTest" classname="Hyde.Publications.Testing.Feature.InputStreamHandlerTest" assertions="2" time="0.039049"/>
        <testcase name="Can terminate with here sequence" file="Input Stream Handler (Hyde\Publications\Testing\Feature\InputStreamHandler)::Can terminate with here sequence" class="Hyde\Publications\Testing\Feature\InputStreamHandlerTest" classname="Hyde.Publications.Testing.Feature.InputStreamHandlerTest" assertions="2" time="0.019874"/>
        <testcase name="Can terminate with here sequence after carriage returns" file="Input Stream Handler (Hyde\Publications\Testing\Feature\InputStreamHandler)::Can terminate with here sequence after carriage returns" class="Hyde\Publications\Testing\Feature\InputStreamHandlerTest" classname="Hyde.Publications.Testing.Feature.InputStreamHandlerTest" assertions="2" time="0.019982"/>
        <testcase name="Can terminate with end of transmission sequence" file="Input Stream Handler (Hyde\Publications\Testing\Feature\InputStreamHandler)::Can terminate with end of transmission sequence" class="Hyde\Publications\Testing\Feature\InputStreamHandlerTest" classname="Hyde.Publications.Testing.Feature.InputStreamHandlerTest" assertions="2" time="0.019966"/>
        <testcase name="Can collect multiple input lines" file="Input Stream Handler (Hyde\Publications\Testing\Feature\InputStreamHandler)::Can collect multiple input lines" class="Hyde\Publications\Testing\Feature\InputStreamHandlerTest" classname="Hyde.Publications.Testing.Feature.InputStreamHandlerTest" assertions="2" time="0.019830"/>
        <testcase name="Can enter multiple carriage returns" file="Input Stream Handler (Hyde\Publications\Testing\Feature\InputStreamHandler)::Can enter multiple carriage returns" class="Hyde\Publications\Testing\Feature\InputStreamHandlerTest" classname="Hyde.Publications.Testing.Feature.InputStreamHandlerTest" assertions="2" time="0.019836"/>
        <testcase name="Can enter multiple unix endings" file="Input Stream Handler (Hyde\Publications\Testing\Feature\InputStreamHandler)::Can enter multiple unix endings" class="Hyde\Publications\Testing\Feature\InputStreamHandlerTest" classname="Hyde.Publications.Testing.Feature.InputStreamHandlerTest" assertions="2" time="0.019861"/>
        <testcase name="Termination message" file="Input Stream Handler (Hyde\Publications\Testing\Feature\InputStreamHandler)::Termination message" class="Hyde\Publications\Testing\Feature\InputStreamHandlerTest" classname="Hyde.Publications.Testing.Feature.InputStreamHandlerTest" assertions="1" time="0.019412"/>
        <testcase name="Termination sequence constant" file="Input Stream Handler (Hyde\Publications\Testing\Feature\InputStreamHandler)::Termination sequence constant" class="Hyde\Publications\Testing\Feature\InputStreamHandlerTest" classname="Hyde.Publications.Testing.Feature.InputStreamHandlerTest" assertions="1" time="0.019437"/>
        <testcase name="End of transmission constant" file="Input Stream Handler (Hyde\Publications\Testing\Feature\InputStreamHandler)::End of transmission constant" class="Hyde\Publications\Testing\Feature\InputStreamHandlerTest" classname="Hyde.Publications.Testing.Feature.InputStreamHandlerTest" assertions="1" time="0.019603"/>
      </testsuite>
      <testsuite name="Hyde\Publications\Testing\Feature\MakePublicationCommandTest" file="Make Publication Command (Hyde\Publications\Testing\Feature\MakePublicationCommand)" tests="23" assertions="121" errors="0" failures="0" skipped="0" time="0.673473">
        <testcase name="Command creates publication" file="Make Publication Command (Hyde\Publications\Testing\Feature\MakePublicationCommand)::Command creates publication" class="Hyde\Publications\Testing\Feature\MakePublicationCommandTest" classname="Hyde.Publications.Testing.Feature.MakePublicationCommandTest" assertions="9" time="0.046447"/>
        <testcase name="Command with no publication types" file="Make Publication Command (Hyde\Publications\Testing\Feature\MakePublicationCommand)::Command with no publication types" class="Hyde\Publications\Testing\Feature\MakePublicationCommandTest" classname="Hyde.Publications.Testing.Feature.MakePublicationCommandTest" assertions="3" time="0.023601"/>
        <testcase name="Command selects the right publication using the names" file="Make Publication Command (Hyde\Publications\Testing\Feature\MakePublicationCommand)::Command selects the right publication using the names" class="Hyde\Publications\Testing\Feature\MakePublicationCommandTest" classname="Hyde.Publications.Testing.Feature.MakePublicationCommandTest" assertions="12" time="0.030473"/>
        <testcase name="Command with existing publication" file="Make Publication Command (Hyde\Publications\Testing\Feature\MakePublicationCommand)::Command with existing publication" class="Hyde\Publications\Testing\Feature\MakePublicationCommandTest" classname="Hyde.Publications.Testing.Feature.MakePublicationCommandTest" assertions="10" time="0.041114"/>
        <testcase name="Command with existing publication and overwrite" file="Make Publication Command (Hyde\Publications\Testing\Feature\MakePublicationCommand)::Command with existing publication and overwrite" class="Hyde\Publications\Testing\Feature\MakePublicationCommandTest" classname="Hyde.Publications.Testing.Feature.MakePublicationCommandTest" assertions="8" time="0.027383"/>
        <testcase name="Can overwrite existing publication by passing force flag" file="Make Publication Command (Hyde\Publications\Testing\Feature\MakePublicationCommand)::Can overwrite existing publication by passing force flag" class="Hyde\Publications\Testing\Feature\MakePublicationCommandTest" classname="Hyde.Publications.Testing.Feature.MakePublicationCommandTest" assertions="6" time="0.026567"/>
        <testcase name="Command with publication type passed as argument" file="Make Publication Command (Hyde\Publications\Testing\Feature\MakePublicationCommand)::Command with publication type passed as argument" class="Hyde\Publications\Testing\Feature\MakePublicationCommandTest" classname="Hyde.Publications.Testing.Feature.MakePublicationCommandTest" assertions="6" time="0.026382"/>
        <testcase name="Command with invalid publication type passed as argument" file="Make Publication Command (Hyde\Publications\Testing\Feature\MakePublicationCommand)::Command with invalid publication type passed as argument" class="Hyde\Publications\Testing\Feature\MakePublicationCommandTest" classname="Hyde.Publications.Testing.Feature.MakePublicationCommandTest" assertions="2" time="0.024080"/>
        <testcase name="Command with schema using canonical meta field" file="Make Publication Command (Hyde\Publications\Testing\Feature\MakePublicationCommand)::Command with schema using canonical meta field" class="Hyde\Publications\Testing\Feature\MakePublicationCommandTest" classname="Hyde.Publications.Testing.Feature.MakePublicationCommandTest" assertions="3" time="0.025076"/>
        <testcase name="Command does not ask user to fill in meta fields" file="Make Publication Command (Hyde\Publications\Testing\Feature\MakePublicationCommand)::Command does not ask user to fill in meta fields" class="Hyde\Publications\Testing\Feature\MakePublicationCommandTest" classname="Hyde.Publications.Testing.Feature.MakePublicationCommandTest" assertions="4" time="0.025583"/>
        <testcase name="Command with text input" file="Make Publication Command (Hyde\Publications\Testing\Feature\MakePublicationCommand)::Command with text input" class="Hyde\Publications\Testing\Feature\MakePublicationCommandTest" classname="Hyde.Publications.Testing.Feature.MakePublicationCommandTest" assertions="3" time="0.025915"/>
        <testcase name="Command with boolean input" file="Make Publication Command (Hyde\Publications\Testing\Feature\MakePublicationCommand)::Command with boolean input" class="Hyde\Publications\Testing\Feature\MakePublicationCommandTest" classname="Hyde.Publications.Testing.Feature.MakePublicationCommandTest" assertions="4" time="0.025798"/>
        <testcase name="Command with array input" file="Make Publication Command (Hyde\Publications\Testing\Feature\MakePublicationCommand)::Command with array input" class="Hyde\Publications\Testing\Feature\MakePublicationCommandTest" classname="Hyde.Publications.Testing.Feature.MakePublicationCommandTest" assertions="3" time="0.025958"/>
        <testcase name="Command with media input" file="Make Publication Command (Hyde\Publications\Testing\Feature\MakePublicationCommand)::Command with media input" class="Hyde\Publications\Testing\Feature\MakePublicationCommandTest" classname="Hyde.Publications.Testing.Feature.MakePublicationCommandTest" assertions="4" time="0.027281"/>
        <testcase name="Media input selects the right file" file="Make Publication Command (Hyde\Publications\Testing\Feature\MakePublicationCommand)::Media input selects the right file" class="Hyde\Publications\Testing\Feature\MakePublicationCommandTest" classname="Hyde.Publications.Testing.Feature.MakePublicationCommandTest" assertions="4" time="0.027801"/>
        <testcase name="Command with single tag input" file="Make Publication Command (Hyde\Publications\Testing\Feature\MakePublicationCommand)::Command with single tag input" class="Hyde\Publications\Testing\Feature\MakePublicationCommandTest" classname="Hyde.Publications.Testing.Feature.MakePublicationCommandTest" assertions="5" time="0.042237"/>
        <testcase name="Command with multiple tag inputs" file="Make Publication Command (Hyde\Publications\Testing\Feature\MakePublicationCommand)::Command with multiple tag inputs" class="Hyde\Publications\Testing\Feature\MakePublicationCommandTest" classname="Hyde.Publications.Testing.Feature.MakePublicationCommandTest" assertions="5" time="0.035255"/>
        <testcase name="Media input with no images" file="Make Publication Command (Hyde\Publications\Testing\Feature\MakePublicationCommand)::Media input with no images" class="Hyde\Publications\Testing\Feature\MakePublicationCommandTest" classname="Hyde.Publications.Testing.Feature.MakePublicationCommandTest" assertions="5" time="0.026122"/>
        <testcase name="Media input with no files but skips" file="Make Publication Command (Hyde\Publications\Testing\Feature\MakePublicationCommand)::Media input with no files but skips" class="Hyde\Publications\Testing\Feature\MakePublicationCommandTest" classname="Hyde.Publications.Testing.Feature.MakePublicationCommandTest" assertions="6" time="0.027522"/>
        <testcase name="Tag input with no tags" file="Make Publication Command (Hyde\Publications\Testing\Feature\MakePublicationCommand)::Tag input with no tags" class="Hyde\Publications\Testing\Feature\MakePublicationCommandTest" classname="Hyde.Publications.Testing.Feature.MakePublicationCommandTest" assertions="3" time="0.029972"/>
        <testcase name="Handle empty options collection for required field" file="Make Publication Command (Hyde\Publications\Testing\Feature\MakePublicationCommand)::Handle empty options collection for required field" class="Hyde\Publications\Testing\Feature\MakePublicationCommandTest" classname="Hyde.Publications.Testing.Feature.MakePublicationCommandTest" assertions="3" time="0.025317"/>
        <testcase name="With custom validation rules" file="Make Publication Command (Hyde\Publications\Testing\Feature\MakePublicationCommand)::With custom validation rules" class="Hyde\Publications\Testing\Feature\MakePublicationCommandTest" classname="Hyde.Publications.Testing.Feature.MakePublicationCommandTest" assertions="8" time="0.031123"/>
        <testcase name="With skipping inputs" file="Make Publication Command (Hyde\Publications\Testing\Feature\MakePublicationCommand)::With skipping inputs" class="Hyde\Publications\Testing\Feature\MakePublicationCommandTest" classname="Hyde.Publications.Testing.Feature.MakePublicationCommandTest" assertions="5" time="0.026466"/>
      </testsuite>
      <testsuite name="Hyde\Publications\Testing\Feature\MakePublicationTypeCommandTest" file="Make Publication Type Command (Hyde\Publications\Testing\Feature\MakePublicationTypeCommand)" tests="6" assertions="63" errors="0" failures="0" skipped="0" time="0.202417">
        <testcase name="Command creates publication type" file="Make Publication Type Command (Hyde\Publications\Testing\Feature\MakePublicationTypeCommand)::Command creates publication type" class="Hyde\Publications\Testing\Feature\MakePublicationTypeCommandTest" classname="Hyde.Publications.Testing.Feature.MakePublicationTypeCommandTest" assertions="21" time="0.073365"/>
        <testcase name="With default values" file="Make Publication Type Command (Hyde\Publications\Testing\Feature\MakePublicationTypeCommand)::With default values" class="Hyde\Publications\Testing\Feature\MakePublicationTypeCommandTest" classname="Hyde.Publications.Testing.Feature.MakePublicationTypeCommandTest" assertions="6" time="0.025574"/>
        <testcase name="With multiple fields of the same name" file="Make Publication Type Command (Hyde\Publications\Testing\Feature\MakePublicationTypeCommand)::With multiple fields of the same name" class="Hyde\Publications\Testing\Feature\MakePublicationTypeCommandTest" classname="Hyde.Publications.Testing.Feature.MakePublicationTypeCommandTest" assertions="18" time="0.029490"/>
        <testcase name="With existing file of the same name" file="Make Publication Type Command (Hyde\Publications\Testing\Feature\MakePublicationTypeCommand)::With existing file of the same name" class="Hyde\Publications\Testing\Feature\MakePublicationTypeCommandTest" classname="Hyde.Publications.Testing.Feature.MakePublicationTypeCommandTest" assertions="2" time="0.023043"/>
        <testcase name="With existing publication of the same name" file="Make Publication Type Command (Hyde\Publications\Testing\Feature\MakePublicationTypeCommand)::With existing publication of the same name" class="Hyde\Publications\Testing\Feature\MakePublicationTypeCommandTest" classname="Hyde.Publications.Testing.Feature.MakePublicationTypeCommandTest" assertions="2" time="0.023493"/>
        <testcase name="With tag field input" file="Make Publication Type Command (Hyde\Publications\Testing\Feature\MakePublicationTypeCommand)::With tag field input" class="Hyde\Publications\Testing\Feature\MakePublicationTypeCommandTest" classname="Hyde.Publications.Testing.Feature.MakePublicationTypeCommandTest" assertions="14" time="0.027451"/>
      </testsuite>
      <testsuite name="Hyde\Publications\Testing\Feature\PublicationFieldDefinitionTest" file="Publication Field Definition (Hyde\Publications\Testing\Feature\PublicationFieldDefinition)" tests="12" assertions="18" errors="0" failures="0" skipped="0" time="0.242865">
        <testcase name="Can instantiate class" file="Publication Field Definition (Hyde\Publications\Testing\Feature\PublicationFieldDefinition)::Can instantiate class" class="Hyde\Publications\Testing\Feature\PublicationFieldDefinitionTest" classname="Hyde.Publications.Testing.Feature.PublicationFieldDefinitionTest" assertions="3" time="0.027711"/>
        <testcase name="From array method" file="Publication Field Definition (Hyde\Publications\Testing\Feature\PublicationFieldDefinition)::From array method" class="Hyde\Publications\Testing\Feature\PublicationFieldDefinitionTest" classname="Hyde.Publications.Testing.Feature.PublicationFieldDefinitionTest" assertions="3" time="0.019528"/>
        <testcase name="Can get field as array" file="Publication Field Definition (Hyde\Publications\Testing\Feature\PublicationFieldDefinition)::Can get field as array" class="Hyde\Publications\Testing\Feature\PublicationFieldDefinitionTest" classname="Hyde.Publications.Testing.Feature.PublicationFieldDefinitionTest" assertions="1" time="0.019648"/>
        <testcase name="Can get field with optional properties as array" file="Publication Field Definition (Hyde\Publications\Testing\Feature\PublicationFieldDefinition)::Can get field with optional properties as array" class="Hyde\Publications\Testing\Feature\PublicationFieldDefinitionTest" classname="Hyde.Publications.Testing.Feature.PublicationFieldDefinitionTest" assertions="1" time="0.019741"/>
        <testcase name="Can encode field as json" file="Publication Field Definition (Hyde\Publications\Testing\Feature\PublicationFieldDefinition)::Can encode field as json" class="Hyde\Publications\Testing\Feature\PublicationFieldDefinitionTest" classname="Hyde.Publications.Testing.Feature.PublicationFieldDefinitionTest" assertions="1" time="0.019504"/>
        <testcase name="Can get field with optional properties as json" file="Publication Field Definition (Hyde\Publications\Testing\Feature\PublicationFieldDefinition)::Can get field with optional properties as json" class="Hyde\Publications\Testing\Feature\PublicationFieldDefinitionTest" classname="Hyde.Publications.Testing.Feature.PublicationFieldDefinitionTest" assertions="1" time="0.019580"/>
        <testcase name="Can construct type using enum case" file="Publication Field Definition (Hyde\Publications\Testing\Feature\PublicationFieldDefinition)::Can construct type using enum case" class="Hyde\Publications\Testing\Feature\PublicationFieldDefinitionTest" classname="Hyde.Publications.Testing.Feature.PublicationFieldDefinitionTest" assertions="3" time="0.019766"/>
        <testcase name="Type must be valid" file="Publication Field Definition (Hyde\Publications\Testing\Feature\PublicationFieldDefinition)::Type must be valid" class="Hyde\Publications\Testing\Feature\PublicationFieldDefinitionTest" classname="Hyde.Publications.Testing.Feature.PublicationFieldDefinitionTest" assertions="1" time="0.019351"/>
        <testcase name="Type input is case insensitive" file="Publication Field Definition (Hyde\Publications\Testing\Feature\PublicationFieldDefinition)::Type input is case insensitive" class="Hyde\Publications\Testing\Feature\PublicationFieldDefinitionTest" classname="Hyde.Publications.Testing.Feature.PublicationFieldDefinitionTest" assertions="1" time="0.019372"/>
        <testcase name="Name gets stored as kebab case" file="Publication Field Definition (Hyde\Publications\Testing\Feature\PublicationFieldDefinition)::Name gets stored as kebab case" class="Hyde\Publications\Testing\Feature\PublicationFieldDefinitionTest" classname="Hyde.Publications.Testing.Feature.PublicationFieldDefinitionTest" assertions="1" time="0.019450"/>
        <testcase name="Get rules" file="Publication Field Definition (Hyde\Publications\Testing\Feature\PublicationFieldDefinition)::Get rules" class="Hyde\Publications\Testing\Feature\PublicationFieldDefinitionTest" classname="Hyde.Publications.Testing.Feature.PublicationFieldDefinitionTest" assertions="1" time="0.019579"/>
        <testcase name="Get rules with custom type rules" file="Publication Field Definition (Hyde\Publications\Testing\Feature\PublicationFieldDefinition)::Get rules with custom type rules" class="Hyde\Publications\Testing\Feature\PublicationFieldDefinitionTest" classname="Hyde.Publications.Testing.Feature.PublicationFieldDefinitionTest" assertions="1" time="0.019636"/>
      </testsuite>
      <testsuite name="Hyde\Publications\Testing\Feature\PublicationFieldTypesEnumTest" file="Publication Field Types Enum (Hyde\Publications\Testing\Feature\PublicationFieldTypesEnum)" tests="9" assertions="32" errors="0" failures="0" skipped="0" time="0.209669">
        <testcase name="Cases" file="Publication Field Types Enum (Hyde\Publications\Testing\Feature\PublicationFieldTypesEnum)::Cases" class="Hyde\Publications\Testing\Feature\PublicationFieldTypesEnumTest" classname="Hyde.Publications.Testing.Feature.PublicationFieldTypesEnumTest" assertions="11" time="0.036097"/>
        <testcase name="Get rules" file="Publication Field Types Enum (Hyde\Publications\Testing\Feature\PublicationFieldTypesEnum)::Get rules" class="Hyde\Publications\Testing\Feature\PublicationFieldTypesEnumTest" classname="Hyde.Publications.Testing.Feature.PublicationFieldTypesEnumTest" assertions="10" time="0.021081"/>
        <testcase name="Collect creates collection of cases" file="Publication Field Types Enum (Hyde\Publications\Testing\Feature\PublicationFieldTypesEnum)::Collect creates collection of cases" class="Hyde\Publications\Testing\Feature\PublicationFieldTypesEnumTest" classname="Hyde.Publications.Testing.Feature.PublicationFieldTypesEnumTest" assertions="1" time="0.019943"/>
        <testcase name="Values returns array of case values" file="Publication Field Types Enum (Hyde\Publications\Testing\Feature\PublicationFieldTypesEnum)::Values returns array of case values" class="Hyde\Publications\Testing\Feature\PublicationFieldTypesEnumTest" classname="Hyde.Publications.Testing.Feature.PublicationFieldTypesEnumTest" assertions="1" time="0.019779"/>
        <testcase name="Names returns array of case names" file="Publication Field Types Enum (Hyde\Publications\Testing\Feature\PublicationFieldTypesEnum)::Names returns array of case names" class="Hyde\Publications\Testing\Feature\PublicationFieldTypesEnumTest" classname="Hyde.Publications.Testing.Feature.PublicationFieldTypesEnumTest" assertions="1" time="0.019756"/>
        <testcase name="Canonicable" file="Publication Field Types Enum (Hyde\Publications\Testing\Feature\PublicationFieldTypesEnum)::Canonicable" class="Hyde\Publications\Testing\Feature\PublicationFieldTypesEnumTest" classname="Hyde.Publications.Testing.Feature.PublicationFieldTypesEnumTest" assertions="1" time="0.019427"/>
        <testcase name="Arrayable" file="Publication Field Types Enum (Hyde\Publications\Testing\Feature\PublicationFieldTypesEnum)::Arrayable" class="Hyde\Publications\Testing\Feature\PublicationFieldTypesEnumTest" classname="Hyde.Publications.Testing.Feature.PublicationFieldTypesEnumTest" assertions="1" time="0.019410"/>
        <testcase name="Is canonicable" file="Publication Field Types Enum (Hyde\Publications\Testing\Feature\PublicationFieldTypesEnum)::Is canonicable" class="Hyde\Publications\Testing\Feature\PublicationFieldTypesEnumTest" classname="Hyde.Publications.Testing.Feature.PublicationFieldTypesEnumTest" assertions="4" time="0.019661"/>
        <testcase name="Is arrayable" file="Publication Field Types Enum (Hyde\Publications\Testing\Feature\PublicationFieldTypesEnum)::Is arrayable" class="Hyde\Publications\Testing\Feature\PublicationFieldTypesEnumTest" classname="Hyde.Publications.Testing.Feature.PublicationFieldTypesEnumTest" assertions="2" time="0.034516"/>
      </testsuite>
      <testsuite name="Hyde\Publications\Testing\Feature\PublicationFieldValidatorTest" file="Publication Field Validator (Hyde\Publications\Testing\Feature\PublicationFieldValidator)" tests="18" assertions="24" errors="0" failures="0" skipped="0" time="0.410385">
        <testcase name="Construct" file="Publication Field Validator (Hyde\Publications\Testing\Feature\PublicationFieldValidator)::Construct" class="Hyde\Publications\Testing\Feature\PublicationFieldValidatorTest" classname="Hyde.Publications.Testing.Feature.PublicationFieldValidatorTest" assertions="1" time="0.042996"/>
        <testcase name="Validate" file="Publication Field Validator (Hyde\Publications\Testing\Feature\PublicationFieldValidator)::Validate" class="Hyde\Publications\Testing\Feature\PublicationFieldValidatorTest" classname="Hyde.Publications.Testing.Feature.PublicationFieldValidatorTest" assertions="3" time="0.021643"/>
        <testcase name="Validate with custom type rules" file="Publication Field Validator (Hyde\Publications\Testing\Feature\PublicationFieldValidator)::Validate with custom type rules" class="Hyde\Publications\Testing\Feature\PublicationFieldValidatorTest" classname="Hyde.Publications.Testing.Feature.PublicationFieldValidatorTest" assertions="3" time="0.028107"/>
        <testcase name="Get rules" file="Publication Field Validator (Hyde\Publications\Testing\Feature\PublicationFieldValidator)::Get rules" class="Hyde\Publications\Testing\Feature\PublicationFieldValidatorTest" classname="Hyde.Publications.Testing.Feature.PublicationFieldValidatorTest" assertions="1" time="0.019992"/>
        <testcase name="Get rules with custom type rules" file="Publication Field Validator (Hyde\Publications\Testing\Feature\PublicationFieldValidator)::Get rules with custom type rules" class="Hyde\Publications\Testing\Feature\PublicationFieldValidatorTest" classname="Hyde.Publications.Testing.Feature.PublicationFieldValidatorTest" assertions="1" time="0.019918"/>
        <testcase name="Get rules for array" file="Publication Field Validator (Hyde\Publications\Testing\Feature\PublicationFieldValidator)::Get rules for array" class="Hyde\Publications\Testing\Feature\PublicationFieldValidatorTest" classname="Hyde.Publications.Testing.Feature.PublicationFieldValidatorTest" assertions="1" time="0.020023"/>
        <testcase name="Validate array passes" file="Publication Field Validator (Hyde\Publications\Testing\Feature\PublicationFieldValidator)::Validate array passes" class="Hyde\Publications\Testing\Feature\PublicationFieldValidatorTest" classname="Hyde.Publications.Testing.Feature.PublicationFieldValidatorTest" assertions="1" time="0.020458"/>
        <testcase name="Validate array fails" file="Publication Field Validator (Hyde\Publications\Testing\Feature\PublicationFieldValidator)::Validate array fails" class="Hyde\Publications\Testing\Feature\PublicationFieldValidatorTest" classname="Hyde.Publications.Testing.Feature.PublicationFieldValidatorTest" assertions="2" time="0.020722"/>
        <testcase name="Get rules for datetime" file="Publication Field Validator (Hyde\Publications\Testing\Feature\PublicationFieldValidator)::Get rules for datetime" class="Hyde\Publications\Testing\Feature\PublicationFieldValidatorTest" classname="Hyde.Publications.Testing.Feature.PublicationFieldValidatorTest" assertions="1" time="0.019821"/>
        <testcase name="Validate datetime passes" file="Publication Field Validator (Hyde\Publications\Testing\Feature\PublicationFieldValidator)::Validate datetime passes" class="Hyde\Publications\Testing\Feature\PublicationFieldValidatorTest" classname="Hyde.Publications.Testing.Feature.PublicationFieldValidatorTest" assertions="1" time="0.020355"/>
        <testcase name="Validate datetime fails for invalid type" file="Publication Field Validator (Hyde\Publications\Testing\Feature\PublicationFieldValidator)::Validate datetime fails for invalid type" class="Hyde\Publications\Testing\Feature\PublicationFieldValidatorTest" classname="Hyde.Publications.Testing.Feature.PublicationFieldValidatorTest" assertions="2" time="0.020855"/>
        <testcase name="Get rules for float" file="Publication Field Validator (Hyde\Publications\Testing\Feature\PublicationFieldValidator)::Get rules for float" class="Hyde\Publications\Testing\Feature\PublicationFieldValidatorTest" classname="Hyde.Publications.Testing.Feature.PublicationFieldValidatorTest" assertions="1" time="0.019811"/>
        <testcase name="Get rules for integer" file="Publication Field Validator (Hyde\Publications\Testing\Feature\PublicationFieldValidator)::Get rules for integer" class="Hyde\Publications\Testing\Feature\PublicationFieldValidatorTest" classname="Hyde.Publications.Testing.Feature.PublicationFieldValidatorTest" assertions="1" time="0.019776"/>
        <testcase name="Get rules for string" file="Publication Field Validator (Hyde\Publications\Testing\Feature\PublicationFieldValidator)::Get rules for string" class="Hyde\Publications\Testing\Feature\PublicationFieldValidatorTest" classname="Hyde.Publications.Testing.Feature.PublicationFieldValidatorTest" assertions="1" time="0.019794"/>
        <testcase name="Get rules for text" file="Publication Field Validator (Hyde\Publications\Testing\Feature\PublicationFieldValidator)::Get rules for text" class="Hyde\Publications\Testing\Feature\PublicationFieldValidatorTest" classname="Hyde.Publications.Testing.Feature.PublicationFieldValidatorTest" assertions="1" time="0.022218"/>
        <testcase name="Get rules for media" file="Publication Field Validator (Hyde\Publications\Testing\Feature\PublicationFieldValidator)::Get rules for media" class="Hyde\Publications\Testing\Feature\PublicationFieldValidatorTest" classname="Hyde.Publications.Testing.Feature.PublicationFieldValidatorTest" assertions="1" time="0.030512"/>
        <testcase name="Get rules for tag" file="Publication Field Validator (Hyde\Publications\Testing\Feature\PublicationFieldValidator)::Get rules for tag" class="Hyde\Publications\Testing\Feature\PublicationFieldValidatorTest" classname="Hyde.Publications.Testing.Feature.PublicationFieldValidatorTest" assertions="1" time="0.023779"/>
        <testcase name="Get rules for url" file="Publication Field Validator (Hyde\Publications\Testing\Feature\PublicationFieldValidator)::Get rules for url" class="Hyde\Publications\Testing\Feature\PublicationFieldValidatorTest" classname="Hyde.Publications.Testing.Feature.PublicationFieldValidatorTest" assertions="1" time="0.019603"/>
      </testsuite>
      <testsuite name="Hyde\Publications\Testing\Feature\PublicationFieldValueTest" file="Publication Field Value (Hyde\Publications\Testing\Feature\PublicationFieldValue)" tests="50" assertions="125" errors="0" failures="0" skipped="0" time="1.050253">
        <testcase name="Construct" file="Publication Field Value (Hyde\Publications\Testing\Feature\PublicationFieldValue)::Construct" class="Hyde\Publications\Testing\Feature\PublicationFieldValueTest" classname="Hyde.Publications.Testing.Feature.PublicationFieldValueTest" assertions="1" time="0.042520"/>
        <testcase name="Get type" file="Publication Field Value (Hyde\Publications\Testing\Feature\PublicationFieldValue)::Get type" class="Hyde\Publications\Testing\Feature\PublicationFieldValueTest" classname="Hyde.Publications.Testing.Feature.PublicationFieldValueTest" assertions="1" time="0.019237"/>
        <testcase name="Get value" file="Publication Field Value (Hyde\Publications\Testing\Feature\PublicationFieldValue)::Get value" class="Hyde\Publications\Testing\Feature\PublicationFieldValueTest" classname="Hyde.Publications.Testing.Feature.PublicationFieldValueTest" assertions="1" time="0.019513"/>
        <testcase name="Type" file="Publication Field Value (Hyde\Publications\Testing\Feature\PublicationFieldValue)::Type" class="Hyde\Publications\Testing\Feature\PublicationFieldValueTest" classname="Hyde.Publications.Testing.Feature.PublicationFieldValueTest" assertions="2" time="0.019444"/>
        <testcase name="String field construct" file="Publication Field Value (Hyde\Publications\Testing\Feature\PublicationFieldValue)::String field construct" class="Hyde\Publications\Testing\Feature\PublicationFieldValueTest" classname="Hyde.Publications.Testing.Feature.PublicationFieldValueTest" assertions="2" time="0.019523"/>
        <testcase name="String field get value" file="Publication Field Value (Hyde\Publications\Testing\Feature\PublicationFieldValue)::String field get value" class="Hyde\Publications\Testing\Feature\PublicationFieldValueTest" classname="Hyde.Publications.Testing.Feature.PublicationFieldValueTest" assertions="1" time="0.033431"/>
        <testcase name="String field to yaml" file="Publication Field Value (Hyde\Publications\Testing\Feature\PublicationFieldValue)::String field to yaml" class="Hyde\Publications\Testing\Feature\PublicationFieldValueTest" classname="Hyde.Publications.Testing.Feature.PublicationFieldValueTest" assertions="1" time="0.019691"/>
        <testcase name="String field parsing options" file="Publication Field Value (Hyde\Publications\Testing\Feature\PublicationFieldValue)::String field parsing options" class="Hyde\Publications\Testing\Feature\PublicationFieldValueTest" classname="Hyde.Publications.Testing.Feature.PublicationFieldValueTest" assertions="8" time="0.020163"/>
        <testcase name="Datetime field construct" file="Publication Field Value (Hyde\Publications\Testing\Feature\PublicationFieldValue)::Datetime field construct" class="Hyde\Publications\Testing\Feature\PublicationFieldValueTest" classname="Hyde.Publications.Testing.Feature.PublicationFieldValueTest" assertions="2" time="0.019840"/>
        <testcase name="Datetime field get value" file="Publication Field Value (Hyde\Publications\Testing\Feature\PublicationFieldValue)::Datetime field get value" class="Hyde\Publications\Testing\Feature\PublicationFieldValueTest" classname="Hyde.Publications.Testing.Feature.PublicationFieldValueTest" assertions="1" time="0.019496"/>
        <testcase name="Datetime field with invalid input" file="Publication Field Value (Hyde\Publications\Testing\Feature\PublicationFieldValue)::Datetime field with invalid input" class="Hyde\Publications\Testing\Feature\PublicationFieldValueTest" classname="Hyde.Publications.Testing.Feature.PublicationFieldValueTest" assertions="2" time="0.019697"/>
        <testcase name="Datetime field with dynamic input" file="Publication Field Value (Hyde\Publications\Testing\Feature\PublicationFieldValue)::Datetime field with dynamic input" class="Hyde\Publications\Testing\Feature\PublicationFieldValueTest" classname="Hyde.Publications.Testing.Feature.PublicationFieldValueTest" assertions="1" time="0.019425"/>
        <testcase name="Datetime field to yaml" file="Publication Field Value (Hyde\Publications\Testing\Feature\PublicationFieldValue)::Datetime field to yaml" class="Hyde\Publications\Testing\Feature\PublicationFieldValueTest" classname="Hyde.Publications.Testing.Feature.PublicationFieldValueTest" assertions="1" time="0.019537"/>
        <testcase name="Boolean field construct" file="Publication Field Value (Hyde\Publications\Testing\Feature\PublicationFieldValue)::Boolean field construct" class="Hyde\Publications\Testing\Feature\PublicationFieldValueTest" classname="Hyde.Publications.Testing.Feature.PublicationFieldValueTest" assertions="2" time="0.019629"/>
        <testcase name="Boolean field get value" file="Publication Field Value (Hyde\Publications\Testing\Feature\PublicationFieldValue)::Boolean field get value" class="Hyde\Publications\Testing\Feature\PublicationFieldValueTest" classname="Hyde.Publications.Testing.Feature.PublicationFieldValueTest" assertions="1" time="0.019501"/>
        <testcase name="Boolean field to yaml" file="Publication Field Value (Hyde\Publications\Testing\Feature\PublicationFieldValue)::Boolean field to yaml" class="Hyde\Publications\Testing\Feature\PublicationFieldValueTest" classname="Hyde.Publications.Testing.Feature.PublicationFieldValueTest" assertions="1" time="0.019538"/>
        <testcase name="Boolean field with invalid input" file="Publication Field Value (Hyde\Publications\Testing\Feature\PublicationFieldValue)::Boolean field with invalid input" class="Hyde\Publications\Testing\Feature\PublicationFieldValueTest" classname="Hyde.Publications.Testing.Feature.PublicationFieldValueTest" assertions="2" time="0.019663"/>
        <testcase name="Boolean field parsing options" file="Publication Field Value (Hyde\Publications\Testing\Feature\PublicationFieldValue)::Boolean field parsing options" class="Hyde\Publications\Testing\Feature\PublicationFieldValueTest" classname="Hyde.Publications.Testing.Feature.PublicationFieldValueTest" assertions="4" time="0.019989"/>
        <testcase name="Integer field construct" file="Publication Field Value (Hyde\Publications\Testing\Feature\PublicationFieldValue)::Integer field construct" class="Hyde\Publications\Testing\Feature\PublicationFieldValueTest" classname="Hyde.Publications.Testing.Feature.PublicationFieldValueTest" assertions="2" time="0.019602"/>
        <testcase name="Integer field get value" file="Publication Field Value (Hyde\Publications\Testing\Feature\PublicationFieldValue)::Integer field get value" class="Hyde\Publications\Testing\Feature\PublicationFieldValueTest" classname="Hyde.Publications.Testing.Feature.PublicationFieldValueTest" assertions="1" time="0.019549"/>
        <testcase name="Integer field to yaml" file="Publication Field Value (Hyde\Publications\Testing\Feature\PublicationFieldValue)::Integer field to yaml" class="Hyde\Publications\Testing\Feature\PublicationFieldValueTest" classname="Hyde.Publications.Testing.Feature.PublicationFieldValueTest" assertions="1" time="0.019488"/>
        <testcase name="Integer field with invalid input" file="Publication Field Value (Hyde\Publications\Testing\Feature\PublicationFieldValue)::Integer field with invalid input" class="Hyde\Publications\Testing\Feature\PublicationFieldValueTest" classname="Hyde.Publications.Testing.Feature.PublicationFieldValueTest" assertions="2" time="0.019668"/>
        <testcase name="Integer field parsing options" file="Publication Field Value (Hyde\Publications\Testing\Feature\PublicationFieldValue)::Integer field parsing options" class="Hyde\Publications\Testing\Feature\PublicationFieldValueTest" classname="Hyde.Publications.Testing.Feature.PublicationFieldValueTest" assertions="8" time="0.020297"/>
        <testcase name="Float field construct" file="Publication Field Value (Hyde\Publications\Testing\Feature\PublicationFieldValue)::Float field construct" class="Hyde\Publications\Testing\Feature\PublicationFieldValueTest" classname="Hyde.Publications.Testing.Feature.PublicationFieldValueTest" assertions="2" time="0.019712"/>
        <testcase name="Float field get value" file="Publication Field Value (Hyde\Publications\Testing\Feature\PublicationFieldValue)::Float field get value" class="Hyde\Publications\Testing\Feature\PublicationFieldValueTest" classname="Hyde.Publications.Testing.Feature.PublicationFieldValueTest" assertions="1" time="0.019522"/>
        <testcase name="Float field to yaml" file="Publication Field Value (Hyde\Publications\Testing\Feature\PublicationFieldValue)::Float field to yaml" class="Hyde\Publications\Testing\Feature\PublicationFieldValueTest" classname="Hyde.Publications.Testing.Feature.PublicationFieldValueTest" assertions="1" time="0.019468"/>
        <testcase name="Float field with invalid input" file="Publication Field Value (Hyde\Publications\Testing\Feature\PublicationFieldValue)::Float field with invalid input" class="Hyde\Publications\Testing\Feature\PublicationFieldValueTest" classname="Hyde.Publications.Testing.Feature.PublicationFieldValueTest" assertions="2" time="0.019584"/>
        <testcase name="Float field parsing options" file="Publication Field Value (Hyde\Publications\Testing\Feature\PublicationFieldValue)::Float field parsing options" class="Hyde\Publications\Testing\Feature\PublicationFieldValueTest" classname="Hyde.Publications.Testing.Feature.PublicationFieldValueTest" assertions="8" time="0.020251"/>
        <testcase name="Array field construct" file="Publication Field Value (Hyde\Publications\Testing\Feature\PublicationFieldValue)::Array field construct" class="Hyde\Publications\Testing\Feature\PublicationFieldValueTest" classname="Hyde.Publications.Testing.Feature.PublicationFieldValueTest" assertions="2" time="0.019625"/>
        <testcase name="Array field get value" file="Publication Field Value (Hyde\Publications\Testing\Feature\PublicationFieldValue)::Array field get value" class="Hyde\Publications\Testing\Feature\PublicationFieldValueTest" classname="Hyde.Publications.Testing.Feature.PublicationFieldValueTest" assertions="1" time="0.029386"/>
        <testcase name="Array field to yaml" file="Publication Field Value (Hyde\Publications\Testing\Feature\PublicationFieldValue)::Array field to yaml" class="Hyde\Publications\Testing\Feature\PublicationFieldValueTest" classname="Hyde.Publications.Testing.Feature.PublicationFieldValueTest" assertions="1" time="0.019917"/>
        <testcase name="Array field with array input" file="Publication Field Value (Hyde\Publications\Testing\Feature\PublicationFieldValue)::Array field with array input" class="Hyde\Publications\Testing\Feature\PublicationFieldValueTest" classname="Hyde.Publications.Testing.Feature.PublicationFieldValueTest" assertions="1" time="0.019816"/>
        <testcase name="Array field parsing options" file="Publication Field Value (Hyde\Publications\Testing\Feature\PublicationFieldValue)::Array field parsing options" class="Hyde\Publications\Testing\Feature\PublicationFieldValueTest" classname="Hyde.Publications.Testing.Feature.PublicationFieldValueTest" assertions="8" time="0.020934"/>
        <testcase name="Text field construct" file="Publication Field Value (Hyde\Publications\Testing\Feature\PublicationFieldValue)::Text field construct" class="Hyde\Publications\Testing\Feature\PublicationFieldValueTest" classname="Hyde.Publications.Testing.Feature.PublicationFieldValueTest" assertions="2" time="0.019515"/>
        <testcase name="Text field get value" file="Publication Field Value (Hyde\Publications\Testing\Feature\PublicationFieldValue)::Text field get value" class="Hyde\Publications\Testing\Feature\PublicationFieldValueTest" classname="Hyde.Publications.Testing.Feature.PublicationFieldValueTest" assertions="1" time="0.019660"/>
        <testcase name="Text field to yaml" file="Publication Field Value (Hyde\Publications\Testing\Feature\PublicationFieldValue)::Text field to yaml" class="Hyde\Publications\Testing\Feature\PublicationFieldValueTest" classname="Hyde.Publications.Testing.Feature.PublicationFieldValueTest" assertions="1" time="0.019594"/>
        <testcase name="Text field parsing options" file="Publication Field Value (Hyde\Publications\Testing\Feature\PublicationFieldValue)::Text field parsing options" class="Hyde\Publications\Testing\Feature\PublicationFieldValueTest" classname="Hyde.Publications.Testing.Feature.PublicationFieldValueTest" assertions="13" time="0.020790"/>
        <testcase name="Url field construct" file="Publication Field Value (Hyde\Publications\Testing\Feature\PublicationFieldValue)::Url field construct" class="Hyde\Publications\Testing\Feature\PublicationFieldValueTest" classname="Hyde.Publications.Testing.Feature.PublicationFieldValueTest" assertions="2" time="0.019659"/>
        <testcase name="Url field get value" file="Publication Field Value (Hyde\Publications\Testing\Feature\PublicationFieldValue)::Url field get value" class="Hyde\Publications\Testing\Feature\PublicationFieldValueTest" classname="Hyde.Publications.Testing.Feature.PublicationFieldValueTest" assertions="1" time="0.019544"/>
        <testcase name="Url field to yaml" file="Publication Field Value (Hyde\Publications\Testing\Feature\PublicationFieldValue)::Url field to yaml" class="Hyde\Publications\Testing\Feature\PublicationFieldValueTest" classname="Hyde.Publications.Testing.Feature.PublicationFieldValueTest" assertions="1" time="0.020384"/>
        <testcase name="Url field with invalid input" file="Publication Field Value (Hyde\Publications\Testing\Feature\PublicationFieldValue)::Url field with invalid input" class="Hyde\Publications\Testing\Feature\PublicationFieldValueTest" classname="Hyde.Publications.Testing.Feature.PublicationFieldValueTest" assertions="2" time="0.034161"/>
        <testcase name="Media field construct" file="Publication Field Value (Hyde\Publications\Testing\Feature\PublicationFieldValue)::Media field construct" class="Hyde\Publications\Testing\Feature\PublicationFieldValueTest" classname="Hyde.Publications.Testing.Feature.PublicationFieldValueTest" assertions="2" time="0.019855"/>
        <testcase name="Media field get value" file="Publication Field Value (Hyde\Publications\Testing\Feature\PublicationFieldValue)::Media field get value" class="Hyde\Publications\Testing\Feature\PublicationFieldValueTest" classname="Hyde.Publications.Testing.Feature.PublicationFieldValueTest" assertions="1" time="0.019696"/>
        <testcase name="Media field to yaml" file="Publication Field Value (Hyde\Publications\Testing\Feature\PublicationFieldValue)::Media field to yaml" class="Hyde\Publications\Testing\Feature\PublicationFieldValueTest" classname="Hyde.Publications.Testing.Feature.PublicationFieldValueTest" assertions="1" time="0.019612"/>
        <testcase name="Tag field construct" file="Publication Field Value (Hyde\Publications\Testing\Feature\PublicationFieldValue)::Tag field construct" class="Hyde\Publications\Testing\Feature\PublicationFieldValueTest" classname="Hyde.Publications.Testing.Feature.PublicationFieldValueTest" assertions="2" time="0.019671"/>
        <testcase name="Tag field get value" file="Publication Field Value (Hyde\Publications\Testing\Feature\PublicationFieldValue)::Tag field get value" class="Hyde\Publications\Testing\Feature\PublicationFieldValueTest" classname="Hyde.Publications.Testing.Feature.PublicationFieldValueTest" assertions="1" time="0.019870"/>
        <testcase name="Tag field to yaml" file="Publication Field Value (Hyde\Publications\Testing\Feature\PublicationFieldValue)::Tag field to yaml" class="Hyde\Publications\Testing\Feature\PublicationFieldValueTest" classname="Hyde.Publications.Testing.Feature.PublicationFieldValueTest" assertions="1" time="0.019741"/>
        <testcase name="Tag field with array input" file="Publication Field Value (Hyde\Publications\Testing\Feature\PublicationFieldValue)::Tag field with array input" class="Hyde\Publications\Testing\Feature\PublicationFieldValueTest" classname="Hyde.Publications.Testing.Feature.PublicationFieldValueTest" assertions="1" time="0.019727"/>
        <testcase name="Tag field parsing options" file="Publication Field Value (Hyde\Publications\Testing\Feature\PublicationFieldValue)::Tag field parsing options" class="Hyde\Publications\Testing\Feature\PublicationFieldValueTest" classname="Hyde.Publications.Testing.Feature.PublicationFieldValueTest" assertions="8" time="0.020989"/>
        <testcase name="Default validation rules" file="Publication Field Value (Hyde\Publications\Testing\Feature\PublicationFieldValue)::Default validation rules" class="Hyde\Publications\Testing\Feature\PublicationFieldValueTest" classname="Hyde.Publications.Testing.Feature.PublicationFieldValueTest" assertions="10" time="0.021126"/>
      </testsuite>
      <testsuite name="Hyde\Publications\Testing\Feature\PublicationListPageTest" file="Publication List Page (Hyde\Publications\Testing\Feature\PublicationListPage)" tests="4" assertions="7" errors="0" failures="0" skipped="0" time="0.164088">
        <testcase name="Source path mappings" file="Publication List Page (Hyde\Publications\Testing\Feature\PublicationListPage)::Source path mappings" class="Hyde\Publications\Testing\Feature\PublicationListPageTest" classname="Hyde.Publications.Testing.Feature.PublicationListPageTest" assertions="4" time="0.083729"/>
        <testcase name="Listing page can be compiled" file="Publication List Page (Hyde\Publications\Testing\Feature\PublicationListPage)::Listing page can be compiled" class="Hyde\Publications\Testing\Feature\PublicationListPageTest" classname="Hyde.Publications.Testing.Feature.PublicationListPageTest" assertions="1" time="0.038215"/>
        <testcase name="List page can show up in navigation" file="Publication List Page (Hyde\Publications\Testing\Feature\PublicationListPage)::List page can show up in navigation" class="Hyde\Publications\Testing\Feature\PublicationListPageTest" classname="Hyde.Publications.Testing.Feature.PublicationListPageTest" assertions="1" time="0.020973"/>
        <testcase name="List page is not added to navigation when publication identifier is set in config" file="Publication List Page (Hyde\Publications\Testing\Feature\PublicationListPage)::List page is not added to navigation when publication identifier is set in config" class="Hyde\Publications\Testing\Feature\PublicationListPageTest" classname="Hyde.Publications.Testing.Feature.PublicationListPageTest" assertions="1" time="0.021172"/>
      </testsuite>
      <testsuite name="Hyde\Publications\Testing\Feature\PublicationPageCompilerTest" file="Publication Page Compiler (Hyde\Publications\Testing\Feature\PublicationPageCompiler)" tests="8" assertions="10" errors="0" failures="0" skipped="0" time="0.225864">
        <testcase name="Can compile publication pages" file="Publication Page Compiler (Hyde\Publications\Testing\Feature\PublicationPageCompiler)::Can compile publication pages" class="Hyde\Publications\Testing\Feature\PublicationPageCompilerTest" classname="Hyde.Publications.Testing.Feature.PublicationPageCompilerTest" assertions="1" time="0.028868"/>
        <testcase name="Can compile list pages" file="Publication Page Compiler (Hyde\Publications\Testing\Feature\PublicationPageCompiler)::Can compile list pages" class="Hyde\Publications\Testing\Feature\PublicationPageCompilerTest" classname="Hyde.Publications.Testing.Feature.PublicationPageCompilerTest" assertions="1" time="0.028531"/>
        <testcase name="Can compile publication pages with registered view" file="Publication Page Compiler (Hyde\Publications\Testing\Feature\PublicationPageCompiler)::Can compile publication pages with registered view" class="Hyde\Publications\Testing\Feature\PublicationPageCompilerTest" classname="Hyde.Publications.Testing.Feature.PublicationPageCompilerTest" assertions="1" time="0.027848"/>
        <testcase name="Can compile list pages with registered view" file="Publication Page Compiler (Hyde\Publications\Testing\Feature\PublicationPageCompiler)::Can compile list pages with registered view" class="Hyde\Publications\Testing\Feature\PublicationPageCompilerTest" classname="Hyde.Publications.Testing.Feature.PublicationPageCompilerTest" assertions="1" time="0.023267"/>
        <testcase name="Can compile publication pages with registered namespaced view" file="Publication Page Compiler (Hyde\Publications\Testing\Feature\PublicationPageCompiler)::Can compile publication pages with registered namespaced view" class="Hyde\Publications\Testing\Feature\PublicationPageCompilerTest" classname="Hyde.Publications.Testing.Feature.PublicationPageCompilerTest" assertions="1" time="0.034848"/>
        <testcase name="Can compile list pages with registered namespaced view" file="Publication Page Compiler (Hyde\Publications\Testing\Feature\PublicationPageCompiler)::Can compile list pages with registered namespaced view" class="Hyde\Publications\Testing\Feature\PublicationPageCompilerTest" classname="Hyde.Publications.Testing.Feature.PublicationPageCompilerTest" assertions="1" time="0.038012"/>
        <testcase name="With missing detail blade view" file="Publication Page Compiler (Hyde\Publications\Testing\Feature\PublicationPageCompiler)::With missing detail blade view" class="Hyde\Publications\Testing\Feature\PublicationPageCompilerTest" classname="Hyde.Publications.Testing.Feature.PublicationPageCompilerTest" assertions="2" time="0.022403"/>
        <testcase name="With missing list blade view" file="Publication Page Compiler (Hyde\Publications\Testing\Feature\PublicationPageCompiler)::With missing list blade view" class="Hyde\Publications\Testing\Feature\PublicationPageCompilerTest" classname="Hyde.Publications.Testing.Feature.PublicationPageCompilerTest" assertions="2" time="0.022086"/>
      </testsuite>
      <testsuite name="Hyde\Publications\Testing\Feature\PublicationPageTest" file="Publication Page (Hyde\Publications\Testing\Feature\PublicationPage)" tests="8" assertions="27" errors="0" failures="0" skipped="0" time="0.222013">
        <testcase name="Source path mappings" file="Publication Page (Hyde\Publications\Testing\Feature\PublicationPage)::Source path mappings" class="Hyde\Publications\Testing\Feature\PublicationPageTest" classname="Hyde.Publications.Testing.Feature.PublicationPageTest" assertions="4" time="0.032839"/>
        <testcase name="Publication pages are routable" file="Publication Page (Hyde\Publications\Testing\Feature\PublicationPage)::Publication pages are routable" class="Hyde\Publications\Testing\Feature\PublicationPageTest" classname="Hyde.Publications.Testing.Feature.PublicationPageTest" assertions="5" time="0.028037"/>
        <testcase name="Publication pages are discoverable" file="Publication Page (Hyde\Publications\Testing\Feature\PublicationPage)::Publication pages are discoverable" class="Hyde\Publications\Testing\Feature\PublicationPageTest" classname="Hyde.Publications.Testing.Feature.PublicationPageTest" assertions="1" time="0.026880"/>
        <testcase name="Publication pages are properly parsed" file="Publication Page (Hyde\Publications\Testing\Feature\PublicationPage)::Publication pages are properly parsed" class="Hyde\Publications\Testing\Feature\PublicationPageTest" classname="Hyde.Publications.Testing.Feature.PublicationPageTest" assertions="6" time="0.027328"/>
        <testcase name="Publication pages are parsable" file="Publication Page (Hyde\Publications\Testing\Feature\PublicationPage)::Publication pages are parsable" class="Hyde\Publications\Testing\Feature\PublicationPageTest" classname="Hyde.Publications.Testing.Feature.PublicationPageTest" assertions="6" time="0.032868"/>
        <testcase name="Publication pages are compilable" file="Publication Page (Hyde\Publications\Testing\Feature\PublicationPage)::Publication pages are compilable" class="Hyde\Publications\Testing\Feature\PublicationPageTest" classname="Hyde.Publications.Testing.Feature.PublicationPageTest" assertions="1" time="0.028937"/>
        <testcase name="Identifier passed constructor is normalized" file="Publication Page (Hyde\Publications\Testing\Feature\PublicationPage)::Identifier passed constructor is normalized" class="Hyde\Publications\Testing\Feature\PublicationPageTest" classname="Hyde.Publications.Testing.Feature.PublicationPageTest" assertions="3" time="0.023250"/>
        <testcase name="Identifier normalizer does not affect directory with same name as identifier" file="Publication Page (Hyde\Publications\Testing\Feature\PublicationPage)::Identifier normalizer does not affect directory with same name as identifier" class="Hyde\Publications\Testing\Feature\PublicationPageTest" classname="Hyde.Publications.Testing.Feature.PublicationPageTest" assertions="1" time="0.021873"/>
      </testsuite>
      <testsuite name="Hyde\Publications\Testing\Feature\PublicationPageUnitTest" file="Publication Page Unit (Hyde\Publications\Testing\Feature\PublicationPageUnit)" tests="34" assertions="36" errors="0" failures="0" skipped="0" time="0.741839">
        <testcase name="Source directory" file="Publication Page Unit (Hyde\Publications\Testing\Feature\PublicationPageUnit)::Source directory" class="Hyde\Publications\Testing\Feature\PublicationPageUnitTest" classname="Hyde.Publications.Testing.Feature.PublicationPageUnitTest" assertions="1" time="0.030135"/>
        <testcase name="Output directory" file="Publication Page Unit (Hyde\Publications\Testing\Feature\PublicationPageUnit)::Output directory" class="Hyde\Publications\Testing\Feature\PublicationPageUnitTest" classname="Hyde.Publications.Testing.Feature.PublicationPageUnitTest" assertions="1" time="0.019390"/>
        <testcase name="File extension" file="Publication Page Unit (Hyde\Publications\Testing\Feature\PublicationPageUnit)::File extension" class="Hyde\Publications\Testing\Feature\PublicationPageUnitTest" classname="Hyde.Publications.Testing.Feature.PublicationPageUnitTest" assertions="1" time="0.019571"/>
        <testcase name="Source path" file="Publication Page Unit (Hyde\Publications\Testing\Feature\PublicationPageUnit)::Source path" class="Hyde\Publications\Testing\Feature\PublicationPageUnitTest" classname="Hyde.Publications.Testing.Feature.PublicationPageUnitTest" assertions="1" time="0.019431"/>
        <testcase name="Output path" file="Publication Page Unit (Hyde\Publications\Testing\Feature\PublicationPageUnit)::Output path" class="Hyde\Publications\Testing\Feature\PublicationPageUnitTest" classname="Hyde.Publications.Testing.Feature.PublicationPageUnitTest" assertions="1" time="0.019485"/>
        <testcase name="Path" file="Publication Page Unit (Hyde\Publications\Testing\Feature\PublicationPageUnit)::Path" class="Hyde\Publications\Testing\Feature\PublicationPageUnitTest" classname="Hyde.Publications.Testing.Feature.PublicationPageUnitTest" assertions="1" time="0.019491"/>
        <testcase name="Get source path" file="Publication Page Unit (Hyde\Publications\Testing\Feature\PublicationPageUnit)::Get source path" class="Hyde\Publications\Testing\Feature\PublicationPageUnitTest" classname="Hyde.Publications.Testing.Feature.PublicationPageUnitTest" assertions="1" time="0.020866"/>
        <testcase name="Get output path" file="Publication Page Unit (Hyde\Publications\Testing\Feature\PublicationPageUnit)::Get output path" class="Hyde\Publications\Testing\Feature\PublicationPageUnitTest" classname="Hyde.Publications.Testing.Feature.PublicationPageUnitTest" assertions="1" time="0.020559"/>
        <testcase name="Get link" file="Publication Page Unit (Hyde\Publications\Testing\Feature\PublicationPageUnit)::Get link" class="Hyde\Publications\Testing\Feature\PublicationPageUnitTest" classname="Hyde.Publications.Testing.Feature.PublicationPageUnitTest" assertions="1" time="0.020669"/>
        <testcase name="Make" file="Publication Page Unit (Hyde\Publications\Testing\Feature\PublicationPageUnit)::Make" class="Hyde\Publications\Testing\Feature\PublicationPageUnitTest" classname="Hyde.Publications.Testing.Feature.PublicationPageUnitTest" assertions="1" time="0.022299"/>
        <testcase name="Make with data" file="Publication Page Unit (Hyde\Publications\Testing\Feature\PublicationPageUnit)::Make with data" class="Hyde\Publications\Testing\Feature\PublicationPageUnitTest" classname="Hyde.Publications.Testing.Feature.PublicationPageUnitTest" assertions="1" time="0.022315"/>
        <testcase name="Show in navigation" file="Publication Page Unit (Hyde\Publications\Testing\Feature\PublicationPageUnit)::Show in navigation" class="Hyde\Publications\Testing\Feature\PublicationPageUnitTest" classname="Hyde.Publications.Testing.Feature.PublicationPageUnitTest" assertions="1" time="0.020654"/>
        <testcase name="Navigation menu priority" file="Publication Page Unit (Hyde\Publications\Testing\Feature\PublicationPageUnit)::Navigation menu priority" class="Hyde\Publications\Testing\Feature\PublicationPageUnitTest" classname="Hyde.Publications.Testing.Feature.PublicationPageUnitTest" assertions="1" time="0.020590"/>
        <testcase name="Navigation menu label" file="Publication Page Unit (Hyde\Publications\Testing\Feature\PublicationPageUnit)::Navigation menu label" class="Hyde\Publications\Testing\Feature\PublicationPageUnitTest" classname="Hyde.Publications.Testing.Feature.PublicationPageUnitTest" assertions="1" time="0.020569"/>
        <testcase name="Navigation menu group" file="Publication Page Unit (Hyde\Publications\Testing\Feature\PublicationPageUnit)::Navigation menu group" class="Hyde\Publications\Testing\Feature\PublicationPageUnitTest" classname="Hyde.Publications.Testing.Feature.PublicationPageUnitTest" assertions="1" time="0.020644"/>
        <testcase name="Get blade view" file="Publication Page Unit (Hyde\Publications\Testing\Feature\PublicationPageUnit)::Get blade view" class="Hyde\Publications\Testing\Feature\PublicationPageUnitTest" classname="Hyde.Publications.Testing.Feature.PublicationPageUnitTest" assertions="1" time="0.020540"/>
        <testcase name="Files" file="Publication Page Unit (Hyde\Publications\Testing\Feature\PublicationPageUnit)::Files" class="Hyde\Publications\Testing\Feature\PublicationPageUnitTest" classname="Hyde.Publications.Testing.Feature.PublicationPageUnitTest" assertions="1" time="0.023155"/>
        <testcase name="Data" file="Publication Page Unit (Hyde\Publications\Testing\Feature\PublicationPageUnit)::Data" class="Hyde\Publications\Testing\Feature\PublicationPageUnitTest" classname="Hyde.Publications.Testing.Feature.PublicationPageUnitTest" assertions="1" time="0.035405"/>
        <testcase name="Get" file="Publication Page Unit (Hyde\Publications\Testing\Feature\PublicationPageUnit)::Get" class="Hyde\Publications\Testing\Feature\PublicationPageUnitTest" classname="Hyde.Publications.Testing.Feature.PublicationPageUnitTest" assertions="1" time="0.023838"/>
        <testcase name="Parse" file="Publication Page Unit (Hyde\Publications\Testing\Feature\PublicationPageUnit)::Parse" class="Hyde\Publications\Testing\Feature\PublicationPageUnitTest" classname="Hyde.Publications.Testing.Feature.PublicationPageUnitTest" assertions="1" time="0.022178"/>
        <testcase name="Get route key" file="Publication Page Unit (Hyde\Publications\Testing\Feature\PublicationPageUnit)::Get route key" class="Hyde\Publications\Testing\Feature\PublicationPageUnitTest" classname="Hyde.Publications.Testing.Feature.PublicationPageUnitTest" assertions="1" time="0.020791"/>
        <testcase name="Title" file="Publication Page Unit (Hyde\Publications\Testing\Feature\PublicationPageUnit)::Title" class="Hyde\Publications\Testing\Feature\PublicationPageUnitTest" classname="Hyde.Publications.Testing.Feature.PublicationPageUnitTest" assertions="1" time="0.020629"/>
        <testcase name="All" file="Publication Page Unit (Hyde\Publications\Testing\Feature\PublicationPageUnit)::All" class="Hyde\Publications\Testing\Feature\PublicationPageUnitTest" classname="Hyde.Publications.Testing.Feature.PublicationPageUnitTest" assertions="1" time="0.022902"/>
        <testcase name="Metadata" file="Publication Page Unit (Hyde\Publications\Testing\Feature\PublicationPageUnit)::Metadata" class="Hyde\Publications\Testing\Feature\PublicationPageUnitTest" classname="Hyde.Publications.Testing.Feature.PublicationPageUnitTest" assertions="1" time="0.020309"/>
        <testcase name="Construct" file="Publication Page Unit (Hyde\Publications\Testing\Feature\PublicationPageUnit)::Construct" class="Hyde\Publications\Testing\Feature\PublicationPageUnitTest" classname="Hyde.Publications.Testing.Feature.PublicationPageUnitTest" assertions="1" time="0.020597"/>
        <testcase name="Get route" file="Publication Page Unit (Hyde\Publications\Testing\Feature\PublicationPageUnit)::Get route" class="Hyde\Publications\Testing\Feature\PublicationPageUnitTest" classname="Hyde.Publications.Testing.Feature.PublicationPageUnitTest" assertions="1" time="0.023555"/>
        <testcase name="Get identifier" file="Publication Page Unit (Hyde\Publications\Testing\Feature\PublicationPageUnit)::Get identifier" class="Hyde\Publications\Testing\Feature\PublicationPageUnitTest" classname="Hyde.Publications.Testing.Feature.PublicationPageUnitTest" assertions="1" time="0.020438"/>
        <testcase name="Has" file="Publication Page Unit (Hyde\Publications\Testing\Feature\PublicationPageUnit)::Has" class="Hyde\Publications\Testing\Feature\PublicationPageUnitTest" classname="Hyde.Publications.Testing.Feature.PublicationPageUnitTest" assertions="1" time="0.020598"/>
        <testcase name="To core data object" file="Publication Page Unit (Hyde\Publications\Testing\Feature\PublicationPageUnit)::To core data object" class="Hyde\Publications\Testing\Feature\PublicationPageUnitTest" classname="Hyde.Publications.Testing.Feature.PublicationPageUnitTest" assertions="1" time="0.020541"/>
        <testcase name="Compile" file="Publication Page Unit (Hyde\Publications\Testing\Feature\PublicationPageUnit)::Compile" class="Hyde\Publications\Testing\Feature\PublicationPageUnitTest" classname="Hyde.Publications.Testing.Feature.PublicationPageUnitTest" assertions="1" time="0.025600"/>
        <testcase name="Matter" file="Publication Page Unit (Hyde\Publications\Testing\Feature\PublicationPageUnit)::Matter" class="Hyde\Publications\Testing\Feature\PublicationPageUnitTest" classname="Hyde.Publications.Testing.Feature.PublicationPageUnitTest" assertions="1" time="0.020405"/>
        <testcase name="Markdown" file="Publication Page Unit (Hyde\Publications\Testing\Feature\PublicationPageUnit)::Markdown" class="Hyde\Publications\Testing\Feature\PublicationPageUnitTest" classname="Hyde.Publications.Testing.Feature.PublicationPageUnitTest" assertions="1" time="0.020444"/>
        <testcase name="Save" file="Publication Page Unit (Hyde\Publications\Testing\Feature\PublicationPageUnit)::Save" class="Hyde\Publications\Testing\Feature\PublicationPageUnitTest" classname="Hyde.Publications.Testing.Feature.PublicationPageUnitTest" assertions="2" time="0.022030"/>
        <testcase name="Get type" file="Publication Page Unit (Hyde\Publications\Testing\Feature\PublicationPageUnit)::Get type" class="Hyde\Publications\Testing\Feature\PublicationPageUnitTest" classname="Hyde.Publications.Testing.Feature.PublicationPageUnitTest" assertions="2" time="0.021215"/>
      </testsuite>
      <testsuite name="Hyde\Publications\Testing\Feature\PublicationPageValidatorTest" file="Publication Page Validator (Hyde\Publications\Testing\Feature\PublicationPageValidator)" tests="5" assertions="5" errors="0" failures="0" skipped="0" time="0.186869">
        <testcase name="Validate page file" file="Publication Page Validator (Hyde\Publications\Testing\Feature\PublicationPageValidator)::Validate page file" class="Hyde\Publications\Testing\Feature\PublicationPageValidatorTest" classname="Hyde.Publications.Testing.Feature.PublicationPageValidatorTest" assertions="1" time="0.082373"/>
        <testcase name="Validate page file with invalid fields" file="Publication Page Validator (Hyde\Publications\Testing\Feature\PublicationPageValidator)::Validate page file with invalid fields" class="Hyde\Publications\Testing\Feature\PublicationPageValidatorTest" classname="Hyde.Publications.Testing.Feature.PublicationPageValidatorTest" assertions="1" time="0.022551"/>
        <testcase name="Validate page file with invalid data buffered" file="Publication Page Validator (Hyde\Publications\Testing\Feature\PublicationPageValidator)::Validate page file with invalid data buffered" class="Hyde\Publications\Testing\Feature\PublicationPageValidatorTest" classname="Hyde.Publications.Testing.Feature.PublicationPageValidatorTest" assertions="1" time="0.023226"/>
        <testcase name="Warnings with warnings" file="Publication Page Validator (Hyde\Publications\Testing\Feature\PublicationPageValidator)::Warnings with warnings" class="Hyde\Publications\Testing\Feature\PublicationPageValidatorTest" classname="Hyde.Publications.Testing.Feature.PublicationPageValidatorTest" assertions="1" time="0.036879"/>
        <testcase name="Warnings without warnings" file="Publication Page Validator (Hyde\Publications\Testing\Feature\PublicationPageValidator)::Warnings without warnings" class="Hyde\Publications\Testing\Feature\PublicationPageValidatorTest" classname="Hyde.Publications.Testing.Feature.PublicationPageValidatorTest" assertions="1" time="0.021839"/>
      </testsuite>
      <testsuite name="Hyde\Publications\Testing\Feature\PublicationSchemaValidatorTest" file="Publication Schema Validator (Hyde\Publications\Testing\Feature\PublicationSchemaValidator)" tests="4" assertions="4" errors="0" failures="0" skipped="0" time="0.117003">
        <testcase name="Validate schema file" file="Publication Schema Validator (Hyde\Publications\Testing\Feature\PublicationSchemaValidator)::Validate schema file" class="Hyde\Publications\Testing\Feature\PublicationSchemaValidatorTest" classname="Hyde.Publications.Testing.Feature.PublicationSchemaValidatorTest" assertions="1" time="0.043981"/>
        <testcase name="Validate schema file with invalid schema" file="Publication Schema Validator (Hyde\Publications\Testing\Feature\PublicationSchemaValidator)::Validate schema file with invalid schema" class="Hyde\Publications\Testing\Feature\PublicationSchemaValidatorTest" classname="Hyde.Publications.Testing.Feature.PublicationSchemaValidatorTest" assertions="1" time="0.024045"/>
        <testcase name="Validate schema file with invalid fields" file="Publication Schema Validator (Hyde\Publications\Testing\Feature\PublicationSchemaValidator)::Validate schema file with invalid fields" class="Hyde\Publications\Testing\Feature\PublicationSchemaValidatorTest" classname="Hyde.Publications.Testing.Feature.PublicationSchemaValidatorTest" assertions="1" time="0.023684"/>
        <testcase name="Validate schema file with invalid data buffered" file="Publication Schema Validator (Hyde\Publications\Testing\Feature\PublicationSchemaValidator)::Validate schema file with invalid data buffered" class="Hyde\Publications\Testing\Feature\PublicationSchemaValidatorTest" classname="Hyde.Publications.Testing.Feature.PublicationSchemaValidatorTest" assertions="1" time="0.025292"/>
      </testsuite>
      <testsuite name="Hyde\Publications\Testing\Feature\PublicationServiceTest" file="Publication Service (Hyde\Publications\Testing\Feature\PublicationService)" tests="21" assertions="24" errors="0" failures="0" skipped="0" time="0.588085">
        <testcase name="Get publication types" file="Publication Service (Hyde\Publications\Testing\Feature\PublicationService)::Get publication types" class="Hyde\Publications\Testing\Feature\PublicationServiceTest" classname="Hyde.Publications.Testing.Feature.PublicationServiceTest" assertions="1" time="0.026369"/>
        <testcase name="Get publication types with types" file="Publication Service (Hyde\Publications\Testing\Feature\PublicationService)::Get publication types with types" class="Hyde\Publications\Testing\Feature\PublicationServiceTest" classname="Hyde.Publications.Testing.Feature.PublicationServiceTest" assertions="1" time="0.025470"/>
        <testcase name="Get publication types method returns the same instances" file="Publication Service (Hyde\Publications\Testing\Feature\PublicationService)::Get publication types method returns the same instances" class="Hyde\Publications\Testing\Feature\PublicationServiceTest" classname="Hyde.Publications.Testing.Feature.PublicationServiceTest" assertions="1" time="0.020642"/>
        <testcase name="Get publications for pub type" file="Publication Service (Hyde\Publications\Testing\Feature\PublicationService)::Get publications for pub type" class="Hyde\Publications\Testing\Feature\PublicationServiceTest" classname="Hyde.Publications.Testing.Feature.PublicationServiceTest" assertions="1" time="0.025094"/>
        <testcase name="Get publications for pub type with publications" file="Publication Service (Hyde\Publications\Testing\Feature\PublicationService)::Get publications for pub type with publications" class="Hyde\Publications\Testing\Feature\PublicationServiceTest" classname="Hyde.Publications.Testing.Feature.PublicationServiceTest" assertions="1" time="0.029543"/>
        <testcase name="Get publications for pub type only contains instances of publication page" file="Publication Service (Hyde\Publications\Testing\Feature\PublicationService)::Get publications for pub type only contains instances of publication page" class="Hyde\Publications\Testing\Feature\PublicationServiceTest" classname="Hyde.Publications.Testing.Feature.PublicationServiceTest" assertions="1" time="0.027102"/>
        <testcase name="Get publications for pub type sorts publications by sort field" file="Publication Service (Hyde\Publications\Testing\Feature\PublicationService)::Get publications for pub type sorts publications by sort field" class="Hyde\Publications\Testing\Feature\PublicationServiceTest" classname="Hyde.Publications.Testing.Feature.PublicationServiceTest" assertions="1" time="0.038010"/>
        <testcase name="Get publications for pub type sorts publications with specified direction" file="Publication Service (Hyde\Publications\Testing\Feature\PublicationService)::Get publications for pub type sorts publications with specified direction" class="Hyde\Publications\Testing\Feature\PublicationServiceTest" classname="Hyde.Publications.Testing.Feature.PublicationServiceTest" assertions="1" time="0.037752"/>
        <testcase name="Get publications for pub type sorts publications by new sort field" file="Publication Service (Hyde\Publications\Testing\Feature\PublicationService)::Get publications for pub type sorts publications by new sort field" class="Hyde\Publications\Testing\Feature\PublicationServiceTest" classname="Hyde.Publications.Testing.Feature.PublicationServiceTest" assertions="1" time="0.037988"/>
        <testcase name="Get publications for pub type sorts publications by new sort field descending" file="Publication Service (Hyde\Publications\Testing\Feature\PublicationService)::Get publications for pub type sorts publications by new sort field descending" class="Hyde\Publications\Testing\Feature\PublicationServiceTest" classname="Hyde.Publications.Testing.Feature.PublicationServiceTest" assertions="1" time="0.038000"/>
        <testcase name="Get publications for pub type with invalid sort field" file="Publication Service (Hyde\Publications\Testing\Feature\PublicationService)::Get publications for pub type with invalid sort field" class="Hyde\Publications\Testing\Feature\PublicationServiceTest" classname="Hyde.Publications.Testing.Feature.PublicationServiceTest" assertions="1" time="0.037998"/>
        <testcase name="Get media for pub type" file="Publication Service (Hyde\Publications\Testing\Feature\PublicationService)::Get media for pub type" class="Hyde\Publications\Testing\Feature\PublicationServiceTest" classname="Hyde.Publications.Testing.Feature.PublicationServiceTest" assertions="1" time="0.021209"/>
        <testcase name="Get media for pub type with media" file="Publication Service (Hyde\Publications\Testing\Feature\PublicationService)::Get media for pub type with media" class="Hyde\Publications\Testing\Feature\PublicationServiceTest" classname="Hyde.Publications.Testing.Feature.PublicationServiceTest" assertions="1" time="0.022155"/>
        <testcase name="Get media for pub type with custom media directory" file="Publication Service (Hyde\Publications\Testing\Feature\PublicationService)::Get media for pub type with custom media directory" class="Hyde\Publications\Testing\Feature\PublicationServiceTest" classname="Hyde.Publications.Testing.Feature.PublicationServiceTest" assertions="1" time="0.022168"/>
        <testcase name="Parse publication file" file="Publication Service (Hyde\Publications\Testing\Feature\PublicationService)::Parse publication file" class="Hyde\Publications\Testing\Feature\PublicationServiceTest" classname="Hyde.Publications.Testing.Feature.PublicationServiceTest" assertions="2" time="0.022668"/>
        <testcase name="Parse publication file with non existent file" file="Publication Service (Hyde\Publications\Testing\Feature\PublicationService)::Parse publication file with non existent file" class="Hyde\Publications\Testing\Feature\PublicationServiceTest" classname="Hyde.Publications.Testing.Feature.PublicationServiceTest" assertions="2" time="0.020973"/>
        <testcase name="Publication type exists" file="Publication Service (Hyde\Publications\Testing\Feature\PublicationService)::Publication type exists" class="Hyde\Publications\Testing\Feature\PublicationServiceTest" classname="Hyde.Publications.Testing.Feature.PublicationServiceTest" assertions="2" time="0.035941"/>
        <testcase name="Can get tags used in publications" file="Publication Service (Hyde\Publications\Testing\Feature\PublicationService)::Can get tags used in publications" class="Hyde\Publications\Testing\Feature\PublicationServiceTest" classname="Hyde.Publications.Testing.Feature.PublicationServiceTest" assertions="1" time="0.025154"/>
        <testcase name="Multiple occurring tags are aggregated uniquely" file="Publication Service (Hyde\Publications\Testing\Feature\PublicationService)::Multiple occurring tags are aggregated uniquely" class="Hyde\Publications\Testing\Feature\PublicationServiceTest" classname="Hyde.Publications.Testing.Feature.PublicationServiceTest" assertions="1" time="0.025110"/>
        <testcase name="All tags method finds both array and single tag values" file="Publication Service (Hyde\Publications\Testing\Feature\PublicationService)::All tags method finds both array and single tag values" class="Hyde\Publications\Testing\Feature\PublicationServiceTest" classname="Hyde.Publications.Testing.Feature.PublicationServiceTest" assertions="1" time="0.025032"/>
        <testcase name="All tags method returns empty array when there are no tags used" file="Publication Service (Hyde\Publications\Testing\Feature\PublicationService)::All tags method returns empty array when there are no tags used" class="Hyde\Publications\Testing\Feature\PublicationServiceTest" classname="Hyde.Publications.Testing.Feature.PublicationServiceTest" assertions="1" time="0.023707"/>
      </testsuite>
      <testsuite name="Hyde\Publications\Testing\Feature\PublicationTypeTest" file="Publication Type (Hyde\Publications\Testing\Feature\PublicationType)" tests="39" assertions="62" errors="0" failures="0" skipped="0" time="0.931525">
        <testcase name="Can construct new publication type" file="Publication Type (Hyde\Publications\Testing\Feature\PublicationType)::Can construct new publication type" class="Hyde\Publications\Testing\Feature\PublicationTypeTest" classname="Hyde.Publications.Testing.Feature.PublicationTypeTest" assertions="8" time="0.049887"/>
        <testcase name="Construct with default values" file="Publication Type (Hyde\Publications\Testing\Feature\PublicationType)::Construct with default values" class="Hyde\Publications\Testing\Feature\PublicationTypeTest" classname="Hyde.Publications.Testing.Feature.PublicationTypeTest" assertions="9" time="0.020251"/>
        <testcase name="Construct with pagination settings" file="Publication Type (Hyde\Publications\Testing\Feature\PublicationType)::Construct with pagination settings" class="Hyde\Publications\Testing\Feature\PublicationTypeTest" classname="Hyde.Publications.Testing.Feature.PublicationTypeTest" assertions="3" time="0.019720"/>
        <testcase name="Class is arrayable" file="Publication Type (Hyde\Publications\Testing\Feature\PublicationType)::Class is arrayable" class="Hyde\Publications\Testing\Feature\PublicationTypeTest" classname="Hyde.Publications.Testing.Feature.PublicationTypeTest" assertions="1" time="0.020024"/>
        <testcase name="Class is json serializable" file="Publication Type (Hyde\Publications\Testing\Feature\PublicationType)::Class is json serializable" class="Hyde\Publications\Testing\Feature\PublicationTypeTest" classname="Hyde.Publications.Testing.Feature.PublicationTypeTest" assertions="1" time="0.019644"/>
        <testcase name="Class is jsonable" file="Publication Type (Hyde\Publications\Testing\Feature\PublicationType)::Class is jsonable" class="Hyde\Publications\Testing\Feature\PublicationTypeTest" classname="Hyde.Publications.Testing.Feature.PublicationTypeTest" assertions="1" time="0.019653"/>
        <testcase name="Get directory" file="Publication Type (Hyde\Publications\Testing\Feature\PublicationType)::Get directory" class="Hyde\Publications\Testing\Feature\PublicationTypeTest" classname="Hyde.Publications.Testing.Feature.PublicationTypeTest" assertions="1" time="0.019564"/>
        <testcase name="Get identifier" file="Publication Type (Hyde\Publications\Testing\Feature\PublicationType)::Get identifier" class="Hyde\Publications\Testing\Feature\PublicationTypeTest" classname="Hyde.Publications.Testing.Feature.PublicationTypeTest" assertions="1" time="0.026705"/>
        <testcase name="Get identifier with no directory" file="Publication Type (Hyde\Publications\Testing\Feature\PublicationType)::Get identifier with no directory" class="Hyde\Publications\Testing\Feature\PublicationTypeTest" classname="Hyde.Publications.Testing.Feature.PublicationTypeTest" assertions="1" time="0.019887"/>
        <testcase name="Can save to json file" file="Publication Type (Hyde\Publications\Testing\Feature\PublicationType)::Can save to json file" class="Hyde\Publications\Testing\Feature\PublicationTypeTest" classname="Hyde.Publications.Testing.Feature.PublicationTypeTest" assertions="2" time="0.020587"/>
        <testcase name="Can save to json file using custom path" file="Publication Type (Hyde\Publications\Testing\Feature\PublicationType)::Can save to json file using custom path" class="Hyde\Publications\Testing\Feature\PublicationTypeTest" classname="Hyde.Publications.Testing.Feature.PublicationTypeTest" assertions="2" time="0.020709"/>
        <testcase name="Can load from json file" file="Publication Type (Hyde\Publications\Testing\Feature\PublicationType)::Can load from json file" class="Hyde\Publications\Testing\Feature\PublicationTypeTest" classname="Hyde.Publications.Testing.Feature.PublicationTypeTest" assertions="1" time="0.021357"/>
        <testcase name="Can load fields with validation rules" file="Publication Type (Hyde\Publications\Testing\Feature\PublicationType)::Can load fields with validation rules" class="Hyde\Publications\Testing\Feature\PublicationTypeTest" classname="Hyde.Publications.Testing.Feature.PublicationTypeTest" assertions="1" time="0.021134"/>
        <testcase name="Get fields method returns collection of field objects" file="Publication Type (Hyde\Publications\Testing\Feature\PublicationType)::Get fields method returns collection of field objects" class="Hyde\Publications\Testing\Feature\PublicationTypeTest" classname="Hyde.Publications.Testing.Feature.PublicationTypeTest" assertions="4" time="0.020263"/>
        <testcase name="Get field method parses publication fields from schema file" file="Publication Type (Hyde\Publications\Testing\Feature\PublicationType)::Get field method parses publication fields from schema file" class="Hyde\Publications\Testing\Feature\PublicationTypeTest" classname="Hyde.Publications.Testing.Feature.PublicationTypeTest" assertions="1" time="0.021127"/>
        <testcase name="Get field method parses publication fields with option properties from schema file" file="Publication Type (Hyde\Publications\Testing\Feature\PublicationType)::Get field method parses publication fields with option properties from schema file" class="Hyde\Publications\Testing\Feature\PublicationTypeTest" classname="Hyde.Publications.Testing.Feature.PublicationTypeTest" assertions="1" time="0.021274"/>
        <testcase name="Get method can find existing file on disk" file="Publication Type (Hyde\Publications\Testing\Feature\PublicationType)::Get method can find existing file on disk" class="Hyde\Publications\Testing\Feature\PublicationTypeTest" classname="Hyde.Publications.Testing.Feature.PublicationTypeTest" assertions="1" time="0.021153"/>
        <testcase name="Get method fails if publication type does not exist" file="Publication Type (Hyde\Publications\Testing\Feature\PublicationType)::Get method fails if publication type does not exist" class="Hyde\Publications\Testing\Feature\PublicationTypeTest" classname="Hyde.Publications.Testing.Feature.PublicationTypeTest" assertions="2" time="0.020152"/>
        <testcase name="Get list page" file="Publication Type (Hyde\Publications\Testing\Feature\PublicationType)::Get list page" class="Hyde\Publications\Testing\Feature\PublicationTypeTest" classname="Hyde.Publications.Testing.Feature.PublicationTypeTest" assertions="1" time="0.021891"/>
        <testcase name="Get field definition" file="Publication Type (Hyde\Publications\Testing\Feature\PublicationType)::Get field definition" class="Hyde\Publications\Testing\Feature\PublicationTypeTest" classname="Hyde.Publications.Testing.Feature.PublicationTypeTest" assertions="1" time="0.019711"/>
        <testcase name="Get field definition with missing field" file="Publication Type (Hyde\Publications\Testing\Feature\PublicationType)::Get field definition with missing field" class="Hyde\Publications\Testing\Feature\PublicationTypeTest" classname="Hyde.Publications.Testing.Feature.PublicationTypeTest" assertions="1" time="0.019787"/>
        <testcase name="Get canonical field definition" file="Publication Type (Hyde\Publications\Testing\Feature\PublicationType)::Get canonical field definition" class="Hyde\Publications\Testing\Feature\PublicationTypeTest" classname="Hyde.Publications.Testing.Feature.PublicationTypeTest" assertions="1" time="0.027789"/>
        <testcase name="Get canonical field definition with meta field as canonical" file="Publication Type (Hyde\Publications\Testing\Feature\PublicationType)::Get canonical field definition with meta field as canonical" class="Hyde\Publications\Testing\Feature\PublicationTypeTest" classname="Hyde.Publications.Testing.Feature.PublicationTypeTest" assertions="1" time="0.019970"/>
        <testcase name="Get publications" file="Publication Type (Hyde\Publications\Testing\Feature\PublicationType)::Get publications" class="Hyde\Publications\Testing\Feature\PublicationTypeTest" classname="Hyde.Publications.Testing.Feature.PublicationTypeTest" assertions="1" time="0.037926"/>
        <testcase name="Get paginator" file="Publication Type (Hyde\Publications\Testing\Feature\PublicationType)::Get paginator" class="Hyde\Publications\Testing\Feature\PublicationTypeTest" classname="Hyde.Publications.Testing.Feature.PublicationTypeTest" assertions="1" time="0.023609"/>
        <testcase name="Get paginator with custom publication type pagination settings" file="Publication Type (Hyde\Publications\Testing\Feature\PublicationType)::Get paginator with custom publication type pagination settings" class="Hyde\Publications\Testing\Feature\PublicationTypeTest" classname="Hyde.Publications.Testing.Feature.PublicationTypeTest" assertions="1" time="0.023565"/>
        <testcase name="Get paginator sorts collection by specified pagination settings" file="Publication Type (Hyde\Publications\Testing\Feature\PublicationType)::Get paginator sorts collection by specified pagination settings" class="Hyde\Publications\Testing\Feature\PublicationTypeTest" classname="Hyde.Publications.Testing.Feature.PublicationTypeTest" assertions="1" time="0.045677"/>
        <testcase name="Get paginator sorts collection by specified pagination settings with descending sort" file="Publication Type (Hyde\Publications\Testing\Feature\PublicationType)::Get paginator sorts collection by specified pagination settings with descending sort" class="Hyde\Publications\Testing\Feature\PublicationTypeTest" classname="Hyde.Publications.Testing.Feature.PublicationTypeTest" assertions="1" time="0.045639"/>
        <testcase name="Uses pagination returns true when pagination should be enabled" file="Publication Type (Hyde\Publications\Testing\Feature\PublicationType)::Uses pagination returns true when pagination should be enabled" class="Hyde\Publications\Testing\Feature\PublicationTypeTest" classname="Hyde.Publications.Testing.Feature.PublicationTypeTest" assertions="1" time="0.030044"/>
        <testcase name="Uses pagination returns false when page size is set to nought" file="Publication Type (Hyde\Publications\Testing\Feature\PublicationType)::Uses pagination returns false when page size is set to nought" class="Hyde\Publications\Testing\Feature\PublicationTypeTest" classname="Hyde.Publications.Testing.Feature.PublicationTypeTest" assertions="1" time="0.021120"/>
        <testcase name="Uses pagination returns false when number of pages is less than page size" file="Publication Type (Hyde\Publications\Testing\Feature\PublicationType)::Uses pagination returns false when number of pages is less than page size" class="Hyde\Publications\Testing\Feature\PublicationTypeTest" classname="Hyde.Publications.Testing.Feature.PublicationTypeTest" assertions="1" time="0.029149"/>
        <testcase name="Array representation with default values" file="Publication Type (Hyde\Publications\Testing\Feature\PublicationType)::Array representation with default values" class="Hyde\Publications\Testing\Feature\PublicationTypeTest" classname="Hyde.Publications.Testing.Feature.PublicationTypeTest" assertions="1" time="0.019822"/>
        <testcase name="Json representation with default values" file="Publication Type (Hyde\Publications\Testing\Feature\PublicationType)::Json representation with default values" class="Hyde\Publications\Testing\Feature\PublicationTypeTest" classname="Hyde.Publications.Testing.Feature.PublicationTypeTest" assertions="1" time="0.019538"/>
        <testcase name="Array representation with metadata" file="Publication Type (Hyde\Publications\Testing\Feature\PublicationType)::Array representation with metadata" class="Hyde\Publications\Testing\Feature\PublicationTypeTest" classname="Hyde.Publications.Testing.Feature.PublicationTypeTest" assertions="1" time="0.020094"/>
        <testcase name="Json representation with metadata" file="Publication Type (Hyde\Publications\Testing\Feature\PublicationType)::Json representation with metadata" class="Hyde\Publications\Testing\Feature\PublicationTypeTest" classname="Hyde.Publications.Testing.Feature.PublicationTypeTest" assertions="1" time="0.019595"/>
        <testcase name="Can parse schema file with metadata" file="Publication Type (Hyde\Publications\Testing\Feature\PublicationType)::Can parse schema file with metadata" class="Hyde\Publications\Testing\Feature\PublicationTypeTest" classname="Hyde.Publications.Testing.Feature.PublicationTypeTest" assertions="1" time="0.021206"/>
        <testcase name="Can get metadata" file="Publication Type (Hyde\Publications\Testing\Feature\PublicationType)::Can get metadata" class="Hyde\Publications\Testing\Feature\PublicationTypeTest" classname="Hyde.Publications.Testing.Feature.PublicationTypeTest" assertions="1" time="0.019947"/>
        <testcase name="Can set metadata" file="Publication Type (Hyde\Publications\Testing\Feature\PublicationType)::Can set metadata" class="Hyde\Publications\Testing\Feature\PublicationTypeTest" classname="Hyde.Publications.Testing.Feature.PublicationTypeTest" assertions="1" time="0.019771"/>
        <testcase name="Validate schema file" file="Publication Type (Hyde\Publications\Testing\Feature\PublicationType)::Validate schema file" class="Hyde\Publications\Testing\Feature\PublicationTypeTest" classname="Hyde.Publications.Testing.Feature.PublicationTypeTest" assertions="1" time="0.022586"/>
      </testsuite>
      <testsuite name="Hyde\Publications\Testing\Feature\PublicationsExtensionTest" file="Publications Extension (Hyde\Publications\Testing\Feature\PublicationsExtension)" tests="16" assertions="34" errors="0" failures="0" skipped="0" time="0.518350">
        <testcase name="Get page classes method" file="Publications Extension (Hyde\Publications\Testing\Feature\PublicationsExtension)::Get page classes method" class="Hyde\Publications\Testing\Feature\PublicationsExtensionTest" classname="Hyde.Publications.Testing.Feature.PublicationsExtensionTest" assertions="1" time="0.069807"/>
        <testcase name="Get types method" file="Publications Extension (Hyde\Publications\Testing\Feature\PublicationsExtension)::Get types method" class="Hyde\Publications\Testing\Feature\PublicationsExtensionTest" classname="Hyde.Publications.Testing.Feature.PublicationsExtensionTest" assertions="1" time="0.021457"/>
        <testcase name="Get types method with types" file="Publications Extension (Hyde\Publications\Testing\Feature\PublicationsExtension)::Get types method with types" class="Hyde\Publications\Testing\Feature\PublicationsExtensionTest" classname="Hyde.Publications.Testing.Feature.PublicationsExtensionTest" assertions="1" time="0.027277"/>
        <testcase name="Get types method with multiple types" file="Publications Extension (Hyde\Publications\Testing\Feature\PublicationsExtension)::Get types method with multiple types" class="Hyde\Publications\Testing\Feature\PublicationsExtensionTest" classname="Hyde.Publications.Testing.Feature.PublicationsExtensionTest" assertions="1" time="0.029106"/>
        <testcase name="Publication files are discovered" file="Publications Extension (Hyde\Publications\Testing\Feature\PublicationsExtension)::Publication files are discovered" class="Hyde\Publications\Testing\Feature\PublicationsExtensionTest" classname="Hyde.Publications.Testing.Feature.PublicationsExtensionTest" assertions="3" time="0.024026"/>
        <testcase name="Publication files are discovered for multiple types" file="Publications Extension (Hyde\Publications\Testing\Feature\PublicationsExtension)::Publication files are discovered for multiple types" class="Hyde\Publications\Testing\Feature\PublicationsExtensionTest" classname="Hyde.Publications.Testing.Feature.PublicationsExtensionTest" assertions="1" time="0.025049"/>
        <testcase name="Publication media files are discovered" file="Publications Extension (Hyde\Publications\Testing\Feature\PublicationsExtension)::Publication media files are discovered" class="Hyde\Publications\Testing\Feature\PublicationsExtensionTest" classname="Hyde.Publications.Testing.Feature.PublicationsExtensionTest" assertions="2" time="0.028492"/>
        <testcase name="Base publication pages are discovered" file="Publications Extension (Hyde\Publications\Testing\Feature\PublicationsExtension)::Base publication pages are discovered" class="Hyde\Publications\Testing\Feature\PublicationsExtensionTest" classname="Hyde.Publications.Testing.Feature.PublicationsExtensionTest" assertions="1" time="0.043396"/>
        <testcase name="Publication pages are discovered" file="Publications Extension (Hyde\Publications\Testing\Feature\PublicationsExtension)::Publication pages are discovered" class="Hyde\Publications\Testing\Feature\PublicationsExtensionTest" classname="Hyde.Publications.Testing.Feature.PublicationsExtensionTest" assertions="3" time="0.030985"/>
        <testcase name="Listing pages for publications are generated" file="Publications Extension (Hyde\Publications\Testing\Feature\PublicationsExtension)::Listing pages for publications are generated" class="Hyde\Publications\Testing\Feature\PublicationsExtensionTest" classname="Hyde.Publications.Testing.Feature.PublicationsExtensionTest" assertions="3" time="0.030691"/>
        <testcase name="Paginated listing pages for publications are generated" file="Publications Extension (Hyde\Publications\Testing\Feature\PublicationsExtension)::Paginated listing pages for publications are generated" class="Hyde\Publications\Testing\Feature\PublicationsExtensionTest" classname="Hyde.Publications.Testing.Feature.PublicationsExtensionTest" assertions="3" time="0.035025"/>
        <testcase name="Publication tag list pages are generated" file="Publications Extension (Hyde\Publications\Testing\Feature\PublicationsExtension)::Publication tag list pages are generated" class="Hyde\Publications\Testing\Feature\PublicationsExtensionTest" classname="Hyde.Publications.Testing.Feature.PublicationsExtensionTest" assertions="1" time="0.031587"/>
        <testcase name="Publication tag list routes with tags are generated" file="Publications Extension (Hyde\Publications\Testing\Feature\PublicationsExtension)::Publication tag list routes with tags are generated" class="Hyde\Publications\Testing\Feature\PublicationsExtensionTest" classname="Hyde.Publications.Testing.Feature.PublicationsExtensionTest" assertions="3" time="0.033411"/>
        <testcase name="Publication routes are discovered" file="Publications Extension (Hyde\Publications\Testing\Feature\PublicationsExtension)::Publication routes are discovered" class="Hyde\Publications\Testing\Feature\PublicationsExtensionTest" classname="Hyde.Publications.Testing.Feature.PublicationsExtensionTest" assertions="4" time="0.030353"/>
        <testcase name="Publication tag list routes are discovered" file="Publications Extension (Hyde\Publications\Testing\Feature\PublicationsExtension)::Publication tag list routes are discovered" class="Hyde\Publications\Testing\Feature\PublicationsExtensionTest" classname="Hyde.Publications.Testing.Feature.PublicationsExtensionTest" assertions="3" time="0.028058"/>
        <testcase name="Publication tag list routes with tags are discovered" file="Publications Extension (Hyde\Publications\Testing\Feature\PublicationsExtension)::Publication tag list routes with tags are discovered" class="Hyde\Publications\Testing\Feature\PublicationsExtensionTest" classname="Hyde.Publications.Testing.Feature.PublicationsExtensionTest" assertions="3" time="0.029630"/>
      </testsuite>
      <testsuite name="Hyde\Publications\Testing\Feature\RelatedPublicationsComponentTest" file="Related Publications Component (Hyde\Publications\Testing\Feature\RelatedPublicationsComponent)" tests="12" assertions="12" errors="0" failures="0" skipped="0" time="0.357551">
        <testcase name="With standard page" file="Related Publications Component (Hyde\Publications\Testing\Feature\RelatedPublicationsComponent)::With standard page" class="Hyde\Publications\Testing\Feature\RelatedPublicationsComponentTest" classname="Hyde.Publications.Testing.Feature.RelatedPublicationsComponentTest" assertions="1" time="0.059503"/>
        <testcase name="With blank publication type" file="Related Publications Component (Hyde\Publications\Testing\Feature\RelatedPublicationsComponent)::With blank publication type" class="Hyde\Publications\Testing\Feature\RelatedPublicationsComponentTest" classname="Hyde.Publications.Testing.Feature.RelatedPublicationsComponentTest" assertions="1" time="0.021028"/>
        <testcase name="With empty tags" file="Related Publications Component (Hyde\Publications\Testing\Feature\RelatedPublicationsComponent)::With empty tags" class="Hyde\Publications\Testing\Feature\RelatedPublicationsComponentTest" classname="Hyde.Publications.Testing.Feature.RelatedPublicationsComponentTest" assertions="1" time="0.024247"/>
        <testcase name="With publication with tag" file="Related Publications Component (Hyde\Publications\Testing\Feature\RelatedPublicationsComponent)::With publication with tag" class="Hyde\Publications\Testing\Feature\RelatedPublicationsComponentTest" classname="Hyde.Publications.Testing.Feature.RelatedPublicationsComponentTest" assertions="1" time="0.024131"/>
        <testcase name="With more tagged publications" file="Related Publications Component (Hyde\Publications\Testing\Feature\RelatedPublicationsComponent)::With more tagged publications" class="Hyde\Publications\Testing\Feature\RelatedPublicationsComponentTest" classname="Hyde.Publications.Testing.Feature.RelatedPublicationsComponentTest" assertions="1" time="0.025016"/>
        <testcase name="With publications with other tag value" file="Related Publications Component (Hyde\Publications\Testing\Feature\RelatedPublicationsComponent)::With publications with other tag value" class="Hyde\Publications\Testing\Feature\RelatedPublicationsComponentTest" classname="Hyde.Publications.Testing.Feature.RelatedPublicationsComponentTest" assertions="1" time="0.024790"/>
        <testcase name="With publications with current one being untagged" file="Related Publications Component (Hyde\Publications\Testing\Feature\RelatedPublicationsComponent)::With publications with current one being untagged" class="Hyde\Publications\Testing\Feature\RelatedPublicationsComponentTest" classname="Hyde.Publications.Testing.Feature.RelatedPublicationsComponentTest" assertions="1" time="0.024737"/>
        <testcase name="With multiple related pages" file="Related Publications Component (Hyde\Publications\Testing\Feature\RelatedPublicationsComponent)::With multiple related pages" class="Hyde\Publications\Testing\Feature\RelatedPublicationsComponentTest" classname="Hyde.Publications.Testing.Feature.RelatedPublicationsComponentTest" assertions="1" time="0.027137"/>
        <testcase name="With multiple related pages and limit" file="Related Publications Component (Hyde\Publications\Testing\Feature\RelatedPublicationsComponent)::With multiple related pages and limit" class="Hyde\Publications\Testing\Feature\RelatedPublicationsComponentTest" classname="Hyde.Publications.Testing.Feature.RelatedPublicationsComponentTest" assertions="1" time="0.027043"/>
        <testcase name="Only publications with the same tag are included" file="Related Publications Component (Hyde\Publications\Testing\Feature\RelatedPublicationsComponent)::Only publications with the same tag are included" class="Hyde\Publications\Testing\Feature\RelatedPublicationsComponentTest" classname="Hyde.Publications.Testing.Feature.RelatedPublicationsComponentTest" assertions="1" time="0.026918"/>
        <testcase name="Results are sorted by date with latest first" file="Related Publications Component (Hyde\Publications\Testing\Feature\RelatedPublicationsComponent)::Results are sorted by date with latest first" class="Hyde\Publications\Testing\Feature\RelatedPublicationsComponentTest" classname="Hyde.Publications.Testing.Feature.RelatedPublicationsComponentTest" assertions="1" time="0.042787"/>
        <testcase name="The render method" file="Related Publications Component (Hyde\Publications\Testing\Feature\RelatedPublicationsComponent)::The render method" class="Hyde\Publications\Testing\Feature\RelatedPublicationsComponentTest" classname="Hyde.Publications.Testing.Feature.RelatedPublicationsComponentTest" assertions="1" time="0.030214"/>
      </testsuite>
      <testsuite name="Hyde\Publications\Testing\Feature\SeedPublicationCommandTest" file="Seed Publication Command (Hyde\Publications\Testing\Feature\SeedPublicationCommand)" tests="7" assertions="29" errors="0" failures="0" skipped="0" time="0.235316">
        <testcase name="Can seed publications" file="Seed Publication Command (Hyde\Publications\Testing\Feature\SeedPublicationCommand)::Can seed publications" class="Hyde\Publications\Testing\Feature\SeedPublicationCommandTest" classname="Hyde.Publications.Testing.Feature.SeedPublicationCommandTest" assertions="6" time="0.083339"/>
        <testcase name="Can seed publications using arguments" file="Seed Publication Command (Hyde\Publications\Testing\Feature\SeedPublicationCommand)::Can seed publications using arguments" class="Hyde\Publications\Testing\Feature\SeedPublicationCommandTest" classname="Hyde.Publications.Testing.Feature.SeedPublicationCommandTest" assertions="3" time="0.026606"/>
        <testcase name="Can seed multiple publications" file="Seed Publication Command (Hyde\Publications\Testing\Feature\SeedPublicationCommand)::Can seed multiple publications" class="Hyde\Publications\Testing\Feature\SeedPublicationCommandTest" classname="Hyde.Publications.Testing.Feature.SeedPublicationCommandTest" assertions="4" time="0.027892"/>
        <testcase name="Command asks to confirm before creating many publications" file="Seed Publication Command (Hyde\Publications\Testing\Feature\SeedPublicationCommand)::Command asks to confirm before creating many publications" class="Hyde\Publications\Testing\Feature\SeedPublicationCommandTest" classname="Hyde.Publications.Testing.Feature.SeedPublicationCommandTest" assertions="7" time="0.025269"/>
        <testcase name="Command asks to confirm before creating many publications when using arguments" file="Seed Publication Command (Hyde\Publications\Testing\Feature\SeedPublicationCommand)::Command asks to confirm before creating many publications when using arguments" class="Hyde\Publications\Testing\Feature\SeedPublicationCommandTest" classname="Hyde.Publications.Testing.Feature.SeedPublicationCommandTest" assertions="5" time="0.024768"/>
        <testcase name="With invalid publication type" file="Seed Publication Command (Hyde\Publications\Testing\Feature\SeedPublicationCommand)::With invalid publication type" class="Hyde\Publications\Testing\Feature\SeedPublicationCommandTest" classname="Hyde.Publications.Testing.Feature.SeedPublicationCommandTest" assertions="2" time="0.023905"/>
        <testcase name="With no publication types" file="Seed Publication Command (Hyde\Publications\Testing\Feature\SeedPublicationCommand)::With no publication types" class="Hyde\Publications\Testing\Feature\SeedPublicationCommandTest" classname="Hyde.Publications.Testing.Feature.SeedPublicationCommandTest" assertions="2" time="0.023536"/>
      </testsuite>
      <testsuite name="Hyde\Publications\Testing\Feature\SeedsPublicationFilesTest" file="Seeds Publication Files (Hyde\Publications\Testing\Feature\SeedsPublicationFiles)" tests="13" assertions="38" errors="0" failures="0" skipped="0" time="0.348505">
        <testcase name="Create" file="Seeds Publication Files (Hyde\Publications\Testing\Feature\SeedsPublicationFiles)::Create" class="Hyde\Publications\Testing\Feature\SeedsPublicationFilesTest" classname="Hyde.Publications.Testing.Feature.SeedsPublicationFilesTest" assertions="3" time="0.032747"/>
        <testcase name="Create many" file="Seeds Publication Files (Hyde\Publications\Testing\Feature\SeedsPublicationFiles)::Create many" class="Hyde\Publications\Testing\Feature\SeedsPublicationFilesTest" classname="Hyde.Publications.Testing.Feature.SeedsPublicationFilesTest" assertions="2" time="0.033424"/>
        <testcase name="With array type" file="Seeds Publication Files (Hyde\Publications\Testing\Feature\SeedsPublicationFiles)::With array type" class="Hyde\Publications\Testing\Feature\SeedsPublicationFilesTest" classname="Hyde.Publications.Testing.Feature.SeedsPublicationFilesTest" assertions="5" time="0.039618"/>
        <testcase name="With boolean type" file="Seeds Publication Files (Hyde\Publications\Testing\Feature\SeedsPublicationFiles)::With boolean type" class="Hyde\Publications\Testing\Feature\SeedsPublicationFilesTest" classname="Hyde.Publications.Testing.Feature.SeedsPublicationFilesTest" assertions="2" time="0.023390"/>
        <testcase name="With date time type" file="Seeds Publication Files (Hyde\Publications\Testing\Feature\SeedsPublicationFiles)::With date time type" class="Hyde\Publications\Testing\Feature\SeedsPublicationFilesTest" classname="Hyde.Publications.Testing.Feature.SeedsPublicationFilesTest" assertions="3" time="0.023346"/>
        <testcase name="With float type" file="Seeds Publication Files (Hyde\Publications\Testing\Feature\SeedsPublicationFiles)::With float type" class="Hyde\Publications\Testing\Feature\SeedsPublicationFilesTest" classname="Hyde.Publications.Testing.Feature.SeedsPublicationFilesTest" assertions="2" time="0.023090"/>
        <testcase name="With media type" file="Seeds Publication Files (Hyde\Publications\Testing\Feature\SeedsPublicationFiles)::With media type" class="Hyde\Publications\Testing\Feature\SeedsPublicationFilesTest" classname="Hyde.Publications.Testing.Feature.SeedsPublicationFilesTest" assertions="3" time="0.023063"/>
        <testcase name="With integer type" file="Seeds Publication Files (Hyde\Publications\Testing\Feature\SeedsPublicationFiles)::With integer type" class="Hyde\Publications\Testing\Feature\SeedsPublicationFilesTest" classname="Hyde.Publications.Testing.Feature.SeedsPublicationFilesTest" assertions="2" time="0.023001"/>
        <testcase name="With string type" file="Seeds Publication Files (Hyde\Publications\Testing\Feature\SeedsPublicationFiles)::With string type" class="Hyde\Publications\Testing\Feature\SeedsPublicationFilesTest" classname="Hyde.Publications.Testing.Feature.SeedsPublicationFilesTest" assertions="2" time="0.023437"/>
        <testcase name="With tag type" file="Seeds Publication Files (Hyde\Publications\Testing\Feature\SeedsPublicationFiles)::With tag type" class="Hyde\Publications\Testing\Feature\SeedsPublicationFilesTest" classname="Hyde.Publications.Testing.Feature.SeedsPublicationFilesTest" assertions="4" time="0.031967"/>
        <testcase name="With text type" file="Seeds Publication Files (Hyde\Publications\Testing\Feature\SeedsPublicationFiles)::With text type" class="Hyde\Publications\Testing\Feature\SeedsPublicationFilesTest" classname="Hyde.Publications.Testing.Feature.SeedsPublicationFilesTest" assertions="4" time="0.024447"/>
        <testcase name="With url type" file="Seeds Publication Files (Hyde\Publications\Testing\Feature\SeedsPublicationFiles)::With url type" class="Hyde\Publications\Testing\Feature\SeedsPublicationFilesTest" classname="Hyde.Publications.Testing.Feature.SeedsPublicationFilesTest" assertions="3" time="0.023336"/>
        <testcase name="With canonical definition" file="Seeds Publication Files (Hyde\Publications\Testing\Feature\SeedsPublicationFiles)::With canonical definition" class="Hyde\Publications\Testing\Feature\SeedsPublicationFilesTest" classname="Hyde.Publications.Testing.Feature.SeedsPublicationFilesTest" assertions="3" time="0.023639"/>
      </testsuite>
      <testsuite name="Hyde\Publications\Testing\Feature\StaticSiteBuilderPublicationModuleTest" file="Static Site Builder Publication Module (Hyde\Publications\Testing\Feature\StaticSiteBuilderPublicationModule)" tests="5" assertions="25" errors="0" failures="0" skipped="0" time="0.720364">
        <testcase name="Compiling with publication type with seeded files containing all field types" file="Static Site Builder Publication Module (Hyde\Publications\Testing\Feature\StaticSiteBuilderPublicationModule)::Compiling with publication type with seeded files containing all field types" class="Hyde\Publications\Testing\Feature\StaticSiteBuilderPublicationModuleTest" classname="Hyde.Publications.Testing.Feature.StaticSiteBuilderPublicationModuleTest" assertions="10" time="0.224707"/>
        <testcase name="Compiling with publication type that uses the published views" file="Static Site Builder Publication Module (Hyde\Publications\Testing\Feature\StaticSiteBuilderPublicationModule)::Compiling with publication type that uses the published views" class="Hyde\Publications\Testing\Feature\StaticSiteBuilderPublicationModuleTest" classname="Hyde.Publications.Testing.Feature.StaticSiteBuilderPublicationModuleTest" assertions="3" time="0.114085"/>
        <testcase name="Compiling with publication type that uses the vendor views" file="Static Site Builder Publication Module (Hyde\Publications\Testing\Feature\StaticSiteBuilderPublicationModule)::Compiling with publication type that uses the vendor views" class="Hyde\Publications\Testing\Feature\StaticSiteBuilderPublicationModuleTest" classname="Hyde.Publications.Testing.Feature.StaticSiteBuilderPublicationModuleTest" assertions="2" time="0.095852"/>
        <testcase name="Compiling with publication type that uses the published paginated views" file="Static Site Builder Publication Module (Hyde\Publications\Testing\Feature\StaticSiteBuilderPublicationModule)::Compiling with publication type that uses the published paginated views" class="Hyde\Publications\Testing\Feature\StaticSiteBuilderPublicationModuleTest" classname="Hyde.Publications.Testing.Feature.StaticSiteBuilderPublicationModuleTest" assertions="5" time="0.141370"/>
        <testcase name="Compiling with publication type that uses the paginated vendor views" file="Static Site Builder Publication Module (Hyde\Publications\Testing\Feature\StaticSiteBuilderPublicationModule)::Compiling with publication type that uses the paginated vendor views" class="Hyde\Publications\Testing\Feature\StaticSiteBuilderPublicationModuleTest" classname="Hyde.Publications.Testing.Feature.StaticSiteBuilderPublicationModuleTest" assertions="5" time="0.144349"/>
      </testsuite>
      <testsuite name="Hyde\Publications\Testing\Feature\TranslationServiceProviderTest" file="Translation Service Provider (Hyde\Publications\Testing\Feature\TranslationServiceProvider)" tests="3" assertions="4" errors="0" failures="0" skipped="0" time="0.067005">
        <testcase name="Register" file="Translation Service Provider (Hyde\Publications\Testing\Feature\TranslationServiceProvider)::Register" class="Hyde\Publications\Testing\Feature\TranslationServiceProviderTest" classname="Hyde.Publications.Testing.Feature.TranslationServiceProviderTest" assertions="2" time="0.027458"/>
        <testcase name="Boot" file="Translation Service Provider (Hyde\Publications\Testing\Feature\TranslationServiceProvider)::Boot" class="Hyde\Publications\Testing\Feature\TranslationServiceProviderTest" classname="Hyde.Publications.Testing.Feature.TranslationServiceProviderTest" assertions="1" time="0.019406"/>
        <testcase name="Validation" file="Translation Service Provider (Hyde\Publications\Testing\Feature\TranslationServiceProvider)::Validation" class="Hyde\Publications\Testing\Feature\TranslationServiceProviderTest" classname="Hyde.Publications.Testing.Feature.TranslationServiceProviderTest" assertions="1" time="0.020140"/>
      </testsuite>
      <testsuite name="Hyde\Publications\Testing\Feature\ValidatePublicationTypesCommandTest" file="Validate Publication Types Command (Hyde\Publications\Testing\Feature\ValidatePublicationTypesCommand)" tests="7" assertions="60" errors="0" failures="0" skipped="0" time="0.202979">
        <testcase name="With no publication types" file="Validate Publication Types Command (Hyde\Publications\Testing\Feature\ValidatePublicationTypesCommand)::With no publication types" class="Hyde\Publications\Testing\Feature\ValidatePublicationTypesCommandTest" classname="Hyde.Publications.Testing.Feature.ValidatePublicationTypesCommandTest" assertions="3" time="0.027313"/>
        <testcase name="With valid schema file" file="Validate Publication Types Command (Hyde\Publications\Testing\Feature\ValidatePublicationTypesCommand)::With valid schema file" class="Hyde\Publications\Testing\Feature\ValidatePublicationTypesCommandTest" classname="Hyde.Publications.Testing.Feature.ValidatePublicationTypesCommandTest" assertions="6" time="0.026525"/>
        <testcase name="With invalid schema file" file="Validate Publication Types Command (Hyde\Publications\Testing\Feature\ValidatePublicationTypesCommand)::With invalid schema file" class="Hyde\Publications\Testing\Feature\ValidatePublicationTypesCommandTest" classname="Hyde.Publications.Testing.Feature.ValidatePublicationTypesCommandTest" assertions="19" time="0.033213"/>
        <testcase name="With multiple publication types" file="Validate Publication Types Command (Hyde\Publications\Testing\Feature\ValidatePublicationTypesCommand)::With multiple publication types" class="Hyde\Publications\Testing\Feature\ValidatePublicationTypesCommandTest" classname="Hyde.Publications.Testing.Feature.ValidatePublicationTypesCommandTest" assertions="22" time="0.036426"/>
        <testcase name="With no fields" file="Validate Publication Types Command (Hyde\Publications\Testing\Feature\ValidatePublicationTypesCommand)::With no fields" class="Hyde\Publications\Testing\Feature\ValidatePublicationTypesCommandTest" classname="Hyde.Publications.Testing.Feature.ValidatePublicationTypesCommandTest" assertions="6" time="0.026044"/>
        <testcase name="Json output option" file="Validate Publication Types Command (Hyde\Publications\Testing\Feature\ValidatePublicationTypesCommand)::Json output option" class="Hyde\Publications\Testing\Feature\ValidatePublicationTypesCommandTest" classname="Hyde.Publications.Testing.Feature.ValidatePublicationTypesCommandTest" assertions="2" time="0.024236"/>
        <testcase name="Multiple types with json output" file="Validate Publication Types Command (Hyde\Publications\Testing\Feature\ValidatePublicationTypesCommand)::Multiple types with json output" class="Hyde\Publications\Testing\Feature\ValidatePublicationTypesCommandTest" classname="Hyde.Publications.Testing.Feature.ValidatePublicationTypesCommandTest" assertions="2" time="0.029223"/>
      </testsuite>
      <testsuite name="Hyde\Publications\Testing\Feature\ValidatePublicationsCommandTest" file="Validate Publications Command (Hyde\Publications\Testing\Feature\ValidatePublicationsCommand)" tests="13" assertions="66" errors="0" failures="0" skipped="0" time="0.380374">
        <testcase name="With no publication types" file="Validate Publications Command (Hyde\Publications\Testing\Feature\ValidatePublicationsCommand)::With no publication types" class="Hyde\Publications\Testing\Feature\ValidatePublicationsCommandTest" classname="Hyde.Publications.Testing.Feature.ValidatePublicationsCommandTest" assertions="2" time="0.032119"/>
        <testcase name="With invalid publication type" file="Validate Publications Command (Hyde\Publications\Testing\Feature\ValidatePublicationsCommand)::With invalid publication type" class="Hyde\Publications\Testing\Feature\ValidatePublicationsCommandTest" classname="Hyde.Publications.Testing.Feature.ValidatePublicationsCommandTest" assertions="2" time="0.022579"/>
        <testcase name="With publication type" file="Validate Publications Command (Hyde\Publications\Testing\Feature\ValidatePublicationsCommand)::With publication type" class="Hyde\Publications\Testing\Feature\ValidatePublicationsCommandTest" classname="Hyde.Publications.Testing.Feature.ValidatePublicationsCommandTest" assertions="4" time="0.027045"/>
        <testcase name="With publication type and verbose output" file="Validate Publications Command (Hyde\Publications\Testing\Feature\ValidatePublicationsCommand)::With publication type and verbose output" class="Hyde\Publications\Testing\Feature\ValidatePublicationsCommandTest" classname="Hyde.Publications.Testing.Feature.ValidatePublicationsCommandTest" assertions="4" time="0.026926"/>
        <testcase name="With invalid publication" file="Validate Publications Command (Hyde\Publications\Testing\Feature\ValidatePublicationsCommand)::With invalid publication" class="Hyde\Publications\Testing\Feature\ValidatePublicationsCommandTest" classname="Hyde.Publications.Testing.Feature.ValidatePublicationsCommandTest" assertions="4" time="0.026995"/>
        <testcase name="With warned publication" file="Validate Publications Command (Hyde\Publications\Testing\Feature\ValidatePublicationsCommand)::With warned publication" class="Hyde\Publications\Testing\Feature\ValidatePublicationsCommandTest" classname="Hyde.Publications.Testing.Feature.ValidatePublicationsCommandTest" assertions="4" time="0.027150"/>
        <testcase name="With multiple publication types" file="Validate Publications Command (Hyde\Publications\Testing\Feature\ValidatePublicationsCommand)::With multiple publication types" class="Hyde\Publications\Testing\Feature\ValidatePublicationsCommandTest" classname="Hyde.Publications.Testing.Feature.ValidatePublicationsCommandTest" assertions="1" time="0.025816"/>
        <testcase name="With multiple invalid fields" file="Validate Publications Command (Hyde\Publications\Testing\Feature\ValidatePublicationsCommand)::With multiple invalid fields" class="Hyde\Publications\Testing\Feature\ValidatePublicationsCommandTest" classname="Hyde.Publications.Testing.Feature.ValidatePublicationsCommandTest" assertions="4" time="0.028328"/>
        <testcase name="Only specified type is validated when using argument" file="Validate Publications Command (Hyde\Publications\Testing\Feature\ValidatePublicationsCommand)::Only specified type is validated when using argument" class="Hyde\Publications\Testing\Feature\ValidatePublicationsCommandTest" classname="Hyde.Publications.Testing.Feature.ValidatePublicationsCommandTest" assertions="1" time="0.025496"/>
        <testcase name="Output" file="Validate Publications Command (Hyde\Publications\Testing\Feature\ValidatePublicationsCommand)::Output" class="Hyde\Publications\Testing\Feature\ValidatePublicationsCommandTest" classname="Hyde.Publications.Testing.Feature.ValidatePublicationsCommandTest" assertions="17" time="0.034863"/>
        <testcase name="With verbose output" file="Validate Publications Command (Hyde\Publications\Testing\Feature\ValidatePublicationsCommand)::With verbose output" class="Hyde\Publications\Testing\Feature\ValidatePublicationsCommandTest" classname="Hyde.Publications.Testing.Feature.ValidatePublicationsCommandTest" assertions="19" time="0.035466"/>
        <testcase name="With json output" file="Validate Publications Command (Hyde\Publications\Testing\Feature\ValidatePublicationsCommand)::With json output" class="Hyde\Publications\Testing\Feature\ValidatePublicationsCommandTest" classname="Hyde.Publications.Testing.Feature.ValidatePublicationsCommandTest" assertions="2" time="0.044410"/>
        <testcase name="With json output with no publications" file="Validate Publications Command (Hyde\Publications\Testing\Feature\ValidatePublicationsCommand)::With json output with no publications" class="Hyde\Publications\Testing\Feature\ValidatePublicationsCommandTest" classname="Hyde.Publications.Testing.Feature.ValidatePublicationsCommandTest" assertions="2" time="0.023181"/>
      </testsuite>
      <testsuite name="Hyde\Publications\Testing\Feature\ValidatingCommandTest" file="Validating Command (Hyde\Publications\Testing\Feature\ValidatingCommand)" tests="7" assertions="24" errors="0" failures="0" skipped="0" time="0.179171">
        <testcase name="Ask with validation captures input" file="Validating Command (Hyde\Publications\Testing\Feature\ValidatingCommand)::Ask with validation captures input" class="Hyde\Publications\Testing\Feature\ValidatingCommandTest" classname="Hyde.Publications.Testing.Feature.ValidatingCommandTest" assertions="2" time="0.037268"/>
        <testcase name="Ask with validation retries" file="Validating Command (Hyde\Publications\Testing\Feature\ValidatingCommand)::Ask with validation retries" class="Hyde\Publications\Testing\Feature\ValidatingCommandTest" classname="Hyde.Publications.Testing.Feature.ValidatingCommandTest" assertions="3" time="0.020941"/>
        <testcase name="Ask with validation retries too many times" file="Validating Command (Hyde\Publications\Testing\Feature\ValidatingCommand)::Ask with validation retries too many times" class="Hyde\Publications\Testing\Feature\ValidatingCommandTest" classname="Hyde.Publications.Testing.Feature.ValidatingCommandTest" assertions="4" time="0.034000"/>
        <testcase name="Ask with validation normalizes boolean input" file="Validating Command (Hyde\Publications\Testing\Feature\ValidatingCommand)::Ask with validation normalizes boolean input" class="Hyde\Publications\Testing\Feature\ValidatingCommandTest" classname="Hyde.Publications.Testing.Feature.ValidatingCommandTest" assertions="3" time="0.020536"/>
        <testcase name="Validation is called" file="Validating Command (Hyde\Publications\Testing\Feature\ValidatingCommand)::Validation is called" class="Hyde\Publications\Testing\Feature\ValidatingCommandTest" classname="Hyde.Publications.Testing.Feature.ValidatingCommandTest" assertions="4" time="0.024270"/>
        <testcase name="Reloadable choice helper" file="Validating Command (Hyde\Publications\Testing\Feature\ValidatingCommand)::Reloadable choice helper" class="Hyde\Publications\Testing\Feature\ValidatingCommandTest" classname="Hyde.Publications.Testing.Feature.ValidatingCommandTest" assertions="3" time="0.020741"/>
        <testcase name="Reloadable choice helper selecting reload" file="Validating Command (Hyde\Publications\Testing\Feature\ValidatingCommand)::Reloadable choice helper selecting reload" class="Hyde\Publications\Testing\Feature\ValidatingCommandTest" classname="Hyde.Publications.Testing.Feature.ValidatingCommandTest" assertions="5" time="0.021415"/>
      </testsuite>
    </testsuite>
    <testsuite name="Realtime Compiler" tests="12" assertions="42" errors="0" failures="0" skipped="0" time="0.439482">
      <testsuite name="Packages\realtimecompiler\tests\ConsoleOutputTest" file="packages/realtime-compiler/tests/ConsoleOutputTest.php" tests="1" assertions="1" errors="0" failures="0" skipped="0" time="0.017127">
        <testcase name="printStartMessage method" file="packages/realtime-compiler/tests/ConsoleOutputTest.php::printStartMessage method" class="Packages\realtimecompiler\tests\ConsoleOutputTest" classname="Packages.realtimecompiler.tests.ConsoleOutputTest" assertions="1" time="0.017127"/>
      </testsuite>
      <testsuite name="Packages\realtimecompiler\tests\RealtimeCompilerTest" file="packages/realtime-compiler/tests/RealtimeCompilerTest.php" tests="11" assertions="41" errors="0" failures="0" skipped="0" time="0.422356">
        <testcase name="it handles routes index page" file="packages/realtime-compiler/tests/RealtimeCompilerTest.php::it handles routes index page" class="Packages\realtimecompiler\tests\RealtimeCompilerTest" classname="Packages.realtimecompiler.tests.RealtimeCompilerTest" assertions="6" time="0.030338"/>
        <testcase name="it handles routes custom pages" file="packages/realtime-compiler/tests/RealtimeCompilerTest.php::it handles routes custom pages" class="Packages\realtimecompiler\tests\RealtimeCompilerTest" classname="Packages.realtimecompiler.tests.RealtimeCompilerTest" assertions="4" time="0.052515"/>
        <testcase name="it handles routes pages with .html extension" file="packages/realtime-compiler/tests/RealtimeCompilerTest.php::it handles routes pages with .html extension" class="Packages\realtimecompiler\tests\RealtimeCompilerTest" classname="Packages.realtimecompiler.tests.RealtimeCompilerTest" assertions="4" time="0.048916"/>
        <testcase name="it handles routes static assets" file="packages/realtime-compiler/tests/RealtimeCompilerTest.php::it handles routes static assets" class="Packages\realtimecompiler\tests\RealtimeCompilerTest" classname="Packages.realtimecompiler.tests.RealtimeCompilerTest" assertions="4" time="0.004526"/>
        <testcase name="it handles throws route not found exception for missing route" file="packages/realtime-compiler/tests/RealtimeCompilerTest.php::it handles throws route not found exception for missing route" class="Packages\realtimecompiler\tests\RealtimeCompilerTest" classname="Packages.realtimecompiler.tests.RealtimeCompilerTest" assertions="2" time="0.044561"/>
        <testcase name="it handles sends 404 error response for missing asset" file="packages/realtime-compiler/tests/RealtimeCompilerTest.php::it handles sends 404 error response for missing asset" class="Packages\realtimecompiler\tests\RealtimeCompilerTest" classname="Packages.realtimecompiler.tests.RealtimeCompilerTest" assertions="3" time="0.003639"/>
        <testcase name="trailing slashes are normalized from route" file="packages/realtime-compiler/tests/RealtimeCompilerTest.php::trailing slashes are normalized from route" class="Packages\realtimecompiler\tests\RealtimeCompilerTest" classname="Packages.realtimecompiler.tests.RealtimeCompilerTest" assertions="4" time="0.062566"/>
        <testcase name="docs uri path is rerouted to docs/index" file="packages/realtime-compiler/tests/RealtimeCompilerTest.php::docs uri path is rerouted to docs/index" class="Packages\realtimecompiler\tests\RealtimeCompilerTest" classname="Packages.realtimecompiler.tests.RealtimeCompilerTest" assertions="4" time="0.089539"/>
        <testcase name="docs/search renders search page" file="packages/realtime-compiler/tests/RealtimeCompilerTest.php::docs/search renders search page" class="Packages\realtimecompiler\tests\RealtimeCompilerTest" classname="Packages.realtimecompiler.tests.RealtimeCompilerTest" assertions="4" time="0.075044"/>
        <testcase name="ping route returns ping response" file="packages/realtime-compiler/tests/RealtimeCompilerTest.php::ping route returns ping response" class="Packages\realtimecompiler\tests\RealtimeCompilerTest" classname="Packages.realtimecompiler.tests.RealtimeCompilerTest" assertions="3" time="0.003856"/>
        <testcase name="exception handling" file="packages/realtime-compiler/tests/RealtimeCompilerTest.php::exception handling" class="Packages\realtimecompiler\tests\RealtimeCompilerTest" classname="Packages.realtimecompiler.tests.RealtimeCompilerTest" assertions="3" time="0.006857"/>
      </testsuite>
    </testsuite>
  </testsuite>
</testsuites>
