<?xml version="1.0" encoding="UTF-8"?>
<testsuites>
  <testsuite name="" tests="1079" assertions="2265" errors="0" warnings="0" failures="0" skipped="0" time="34.155756">
    <testsuite name="FeatureHyde" tests="6" assertions="17" errors="0" warnings="0" failures="0" skipped="0" time="0.339209">
      <testsuite name="Hyde\Testing\Hyde\Feature\DefaultContentTest" file="/home/runner/work/develop/develop/packages/hyde/tests/Feature/DefaultContentTest.php" tests="3" assertions="12" errors="0" warnings="0" failures="0" skipped="0" time="0.166669">
        <testcase name="test_default_pages_are_present" class="Hyde\Testing\Hyde\Feature\DefaultContentTest" classname="Hyde.Testing.Hyde.Feature.DefaultContentTest" file="/home/runner/work/develop/develop/packages/hyde/tests/Feature/DefaultContentTest.php" line="12" assertions="4" time="0.114915"/>
        <testcase name="test_default_compiled_stylesheet_is_present" class="Hyde\Testing\Hyde\Feature\DefaultContentTest" classname="Hyde.Testing.Hyde.Feature.DefaultContentTest" file="/home/runner/work/develop/develop/packages/hyde/tests/Feature/DefaultContentTest.php" line="28" assertions="2" time="0.026895"/>
        <testcase name="test_laravel_mix_resources_are_present" class="Hyde\Testing\Hyde\Feature\DefaultContentTest" classname="Hyde.Testing.Hyde.Feature.DefaultContentTest" file="/home/runner/work/develop/develop/packages/hyde/tests/Feature/DefaultContentTest.php" line="38" assertions="6" time="0.024860"/>
      </testsuite>
      <testsuite name="Hyde\Testing\Hyde\Feature\ExampleTest" file="/home/runner/work/develop/develop/packages/hyde/tests/Feature/ExampleTest.php" tests="1" assertions="1" errors="0" warnings="0" failures="0" skipped="0" time="0.025216">
        <testcase name="test_example" class="Hyde\Testing\Hyde\Feature\ExampleTest" classname="Hyde.Testing.Hyde.Feature.ExampleTest" file="/home/runner/work/develop/develop/packages/hyde/tests/Feature/ExampleTest.php" line="11" assertions="1" time="0.025216"/>
      </testsuite>
      <testsuite name="Hyde\Testing\Hyde\Feature\HydeCLITest" file="/home/runner/work/develop/develop/packages/hyde/tests/Feature/HydeCLITest.php" tests="1" assertions="2" errors="0" warnings="0" failures="0" skipped="0" time="0.080884">
        <testcase name="test_can_show_hyde_console" class="Hyde\Testing\Hyde\Feature\HydeCLITest" classname="Hyde.Testing.Hyde.Feature.HydeCLITest" file="/home/runner/work/develop/develop/packages/hyde/tests/Feature/HydeCLITest.php" line="11" assertions="2" time="0.080884"/>
      </testsuite>
      <testsuite name="Hyde\Testing\Hyde\Feature\StaticSiteBuilderTest" file="/home/runner/work/develop/develop/packages/hyde/tests/Feature/StaticSiteBuilderTest.php" tests="1" assertions="2" errors="0" warnings="0" failures="0" skipped="0" time="0.066440">
        <testcase name="test_can_build_static_site" class="Hyde\Testing\Hyde\Feature\StaticSiteBuilderTest" classname="Hyde.Testing.Hyde.Feature.StaticSiteBuilderTest" file="/home/runner/work/develop/develop/packages/hyde/tests/Feature/StaticSiteBuilderTest.php" line="13" assertions="2" time="0.066440"/>
      </testsuite>
    </testsuite>
    <testsuite name="FeatureFramework" tests="814" assertions="1747" errors="0" warnings="0" failures="0" skipped="0" time="26.335864">
      <testsuite name="Hyde\Framework\Testing\Feature\Actions\CreatesNewPageSourceFileTest" file="/home/runner/work/develop/develop/packages/framework/tests/Feature/Actions/CreatesNewPageSourceFileTest.php" tests="13" assertions="23" errors="0" warnings="0" failures="0" skipped="0" time="0.339749">
        <testcase name="test_class_can_be_instantiated" class="Hyde\Framework\Testing\Feature\Actions\CreatesNewPageSourceFileTest" classname="Hyde.Framework.Testing.Feature.Actions.CreatesNewPageSourceFileTest" file="/home/runner/work/develop/develop/packages/framework/tests/Feature/Actions/CreatesNewPageSourceFileTest.php" line="33" assertions="1" time="0.028627"/>
        <testcase name="test_that_a_slug_is_generated_from_the_title" class="Hyde\Framework\Testing\Feature\Actions\CreatesNewPageSourceFileTest" classname="Hyde.Framework.Testing.Feature.Actions.CreatesNewPageSourceFileTest" file="/home/runner/work/develop/develop/packages/framework/tests/Feature/Actions/CreatesNewPageSourceFileTest.php" line="41" assertions="1" time="0.025901"/>
        <testcase name="test_that_an_exception_is_thrown_for_invalid_page_type" class="Hyde\Framework\Testing\Feature\Actions\CreatesNewPageSourceFileTest" classname="Hyde.Framework.Testing.Feature.Actions.CreatesNewPageSourceFileTest" file="/home/runner/work/develop/develop/packages/framework/tests/Feature/Actions/CreatesNewPageSourceFileTest.php" line="49" assertions="2" time="0.025249"/>
        <testcase name="test_that_an_exception_is_thrown_if_file_already_exists_and_overwrite_is_false" class="Hyde\Framework\Testing\Feature\Actions\CreatesNewPageSourceFileTest" classname="Hyde.Framework.Testing.Feature.Actions.CreatesNewPageSourceFileTest" file="/home/runner/work/develop/develop/packages/framework/tests/Feature/Actions/CreatesNewPageSourceFileTest.php" line="57" assertions="3" time="0.024745"/>
        <testcase name="test_that_can_save_file_returns_true_if_file_already_exists_and_overwrite_is_true" class="Hyde\Framework\Testing\Feature\Actions\CreatesNewPageSourceFileTest" classname="Hyde.Framework.Testing.Feature.Actions.CreatesNewPageSourceFileTest" file="/home/runner/work/develop/develop/packages/framework/tests/Feature/Actions/CreatesNewPageSourceFileTest.php" line="71" assertions="1" time="0.028667"/>
        <testcase name="test_that_a_markdown_file_can_be_created_and_contains_expected_content" class="Hyde\Framework\Testing\Feature\Actions\CreatesNewPageSourceFileTest" classname="Hyde.Framework.Testing.Feature.Actions.CreatesNewPageSourceFileTest" file="/home/runner/work/develop/develop/packages/framework/tests/Feature/Actions/CreatesNewPageSourceFileTest.php" line="82" assertions="2" time="0.024738"/>
        <testcase name="test_that_a_blade_file_can_be_created_and_contains_expected_content" class="Hyde\Framework\Testing\Feature\Actions\CreatesNewPageSourceFileTest" classname="Hyde.Framework.Testing.Feature.Actions.CreatesNewPageSourceFileTest" file="/home/runner/work/develop/develop/packages/framework/tests/Feature/Actions/CreatesNewPageSourceFileTest.php" line="96" assertions="4" time="0.025712"/>
        <testcase name="test_that_a_documentation_file_can_be_created_and_contains_expected_content" class="Hyde\Framework\Testing\Feature\Actions\CreatesNewPageSourceFileTest" classname="Hyde.Framework.Testing.Feature.Actions.CreatesNewPageSourceFileTest" file="/home/runner/work/develop/develop/packages/framework/tests/Feature/Actions/CreatesNewPageSourceFileTest.php" line="119" assertions="2" time="0.026246"/>
        <testcase name="test_that_the_file_path_can_be_returned" class="Hyde\Framework\Testing\Feature\Actions\CreatesNewPageSourceFileTest" classname="Hyde.Framework.Testing.Feature.Actions.CreatesNewPageSourceFileTest" file="/home/runner/work/develop/develop/packages/framework/tests/Feature/Actions/CreatesNewPageSourceFileTest.php" line="135" assertions="2" time="0.025799"/>
        <testcase name="test_parse_slug_returns_slug_generated_from_title" class="Hyde\Framework\Testing\Feature\Actions\CreatesNewPageSourceFileTest" classname="Hyde.Framework.Testing.Feature.Actions.CreatesNewPageSourceFileTest" file="/home/runner/work/develop/develop/packages/framework/tests/Feature/Actions/CreatesNewPageSourceFileTest.php" line="148" assertions="1" time="0.025449"/>
        <testcase name="test_parse_slug_does_not_include_path_information" class="Hyde\Framework\Testing\Feature\Actions\CreatesNewPageSourceFileTest" classname="Hyde.Framework.Testing.Feature.Actions.CreatesNewPageSourceFileTest" file="/home/runner/work/develop/develop/packages/framework/tests/Feature/Actions/CreatesNewPageSourceFileTest.php" line="155" assertions="1" time="0.025210"/>
        <testcase name="test_parse_slug_sets_sub_dir_property_for_nested_pages" class="Hyde\Framework\Testing\Feature\Actions\CreatesNewPageSourceFileTest" classname="Hyde.Framework.Testing.Feature.Actions.CreatesNewPageSourceFileTest" file="/home/runner/work/develop/develop/packages/framework/tests/Feature/Actions/CreatesNewPageSourceFileTest.php" line="162" assertions="2" time="0.027696"/>
        <testcase name="test_action_can_generate_nested_pages" class="Hyde\Framework\Testing\Feature\Actions\CreatesNewPageSourceFileTest" classname="Hyde.Framework.Testing.Feature.Actions.CreatesNewPageSourceFileTest" file="/home/runner/work/develop/develop/packages/framework/tests/Feature/Actions/CreatesNewPageSourceFileTest.php" line="170" assertions="1" time="0.025708"/>
      </testsuite>
      <testsuite name="Hyde\Framework\Testing\Feature\Actions\GeneratesSidebarTableOfContentsTest" file="/home/runner/work/develop/develop/packages/framework/tests/Feature/Actions/GeneratesSidebarTableOfContentsTest.php" tests="2" assertions="5" errors="0" warnings="0" failures="0" skipped="0" time="0.086638">
        <testcase name="testCanGenerateTableOfContents" class="Hyde\Framework\Testing\Feature\Actions\GeneratesSidebarTableOfContentsTest" classname="Hyde.Framework.Testing.Feature.Actions.GeneratesSidebarTableOfContentsTest" file="/home/runner/work/develop/develop/packages/framework/tests/Feature/Actions/GeneratesSidebarTableOfContentsTest.php" line="15" assertions="4" time="0.058867"/>
        <testcase name="testReturnStringContainsExpectedContent" class="Hyde\Framework\Testing\Feature\Actions\GeneratesSidebarTableOfContentsTest" classname="Hyde.Framework.Testing.Feature.Actions.GeneratesSidebarTableOfContentsTest" file="/home/runner/work/develop/develop/packages/framework/tests/Feature/Actions/GeneratesSidebarTableOfContentsTest.php" line="26" assertions="1" time="0.027771"/>
      </testsuite>
      <testsuite name="Hyde\Framework\Testing\Feature\Actions\PublishesHomepageViewTest" file="/home/runner/work/develop/develop/packages/framework/tests/Feature/Actions/PublishesHomepageViewTest.php" tests="3" assertions="3" errors="0" warnings="0" failures="0" skipped="0" time="0.077474">
        <testcase name="test_home_pages_array_contains_all_available_home_pages" class="Hyde\Framework\Testing\Feature\Actions\PublishesHomepageViewTest" classname="Hyde.Framework.Testing.Feature.Actions.PublishesHomepageViewTest" file="/home/runner/work/develop/develop/packages/framework/tests/Feature/Actions/PublishesHomepageViewTest.php" line="16" assertions="1" time="0.025069"/>
        <testcase name="test_execute_method_returns404_if_home_page_does_not_exist" class="Hyde\Framework\Testing\Feature\Actions\PublishesHomepageViewTest" classname="Hyde.Framework.Testing.Feature.Actions.PublishesHomepageViewTest" file="/home/runner/work/develop/develop/packages/framework/tests/Feature/Actions/PublishesHomepageViewTest.php" line="25" assertions="1" time="0.025775"/>
        <testcase name="test_execute_method_can_publish_home_page" class="Hyde\Framework\Testing\Feature\Actions\PublishesHomepageViewTest" classname="Hyde.Framework.Testing.Feature.Actions.PublishesHomepageViewTest" file="/home/runner/work/develop/develop/packages/framework/tests/Feature/Actions/PublishesHomepageViewTest.php" line="32" assertions="1" time="0.026630"/>
      </testsuite>
      <testsuite name="Hyde\Framework\Testing\Feature\Actions\PublishesHydeViewsTest" file="/home/runner/work/develop/develop/packages/framework/tests/Feature/Actions/PublishesHydeViewsTest.php" tests="3" assertions="3" errors="0" warnings="0" failures="0" skipped="0" time="0.084290">
        <testcase name="test_execute_method_returns_404_for_invalid_option_key" class="Hyde\Framework\Testing\Feature\Actions\PublishesHydeViewsTest" classname="Hyde.Framework.Testing.Feature.Actions.PublishesHydeViewsTest" file="/home/runner/work/develop/develop/packages/framework/tests/Feature/Actions/PublishesHydeViewsTest.php" line="31" assertions="1" time="0.025307"/>
        <testcase name="test_action_publishes_view_directories" class="Hyde\Framework\Testing\Feature\Actions\PublishesHydeViewsTest" classname="Hyde.Framework.Testing.Feature.Actions.PublishesHydeViewsTest" file="/home/runner/work/develop/develop/packages/framework/tests/Feature/Actions/PublishesHydeViewsTest.php" line="37" assertions="1" time="0.028282"/>
        <testcase name="test_action_publishes_view_files" class="Hyde\Framework\Testing\Feature\Actions\PublishesHydeViewsTest" classname="Hyde.Framework.Testing.Feature.Actions.PublishesHydeViewsTest" file="/home/runner/work/develop/develop/packages/framework/tests/Feature/Actions/PublishesHydeViewsTest.php" line="43" assertions="1" time="0.030700"/>
      </testsuite>
      <testsuite name="Hyde\Framework\Testing\Feature\AssetServiceTest" file="/home/runner/work/develop/develop/packages/framework/tests/Feature/AssetServiceTest.php" tests="6" assertions="9" errors="0" warnings="0" failures="0" skipped="0" time="0.163613">
        <testcase name="test_has_version_string" class="Hyde\Framework\Testing\Feature\AssetServiceTest" classname="Hyde.Framework.Testing.Feature.AssetServiceTest" file="/home/runner/work/develop/develop/packages/framework/tests/Feature/AssetServiceTest.php" line="16" assertions="1" time="0.025943"/>
        <testcase name="test_can_change_version" class="Hyde\Framework\Testing\Feature\AssetServiceTest" classname="Hyde.Framework.Testing.Feature.AssetServiceTest" file="/home/runner/work/develop/develop/packages/framework/tests/Feature/AssetServiceTest.php" line="22" assertions="1" time="0.027661"/>
        <testcase name="test_version_method_returns_version_property_when_config_override_is_not_set" class="Hyde\Framework\Testing\Feature\AssetServiceTest" classname="Hyde.Framework.Testing.Feature.AssetServiceTest" file="/home/runner/work/develop/develop/packages/framework/tests/Feature/AssetServiceTest.php" line="29" assertions="1" time="0.027118"/>
        <testcase name="test_cdn_path_constructor_returns_cdn_uri" class="Hyde\Framework\Testing\Feature\AssetServiceTest" classname="Hyde.Framework.Testing.Feature.AssetServiceTest" file="/home/runner/work/develop/develop/packages/framework/tests/Feature/AssetServiceTest.php" line="35" assertions="2" time="0.027319"/>
        <testcase name="test_media_link_returns_media_path_with_cache_key" class="Hyde\Framework\Testing\Feature\AssetServiceTest" classname="Hyde.Framework.Testing.Feature.AssetServiceTest" file="/home/runner/work/develop/develop/packages/framework/tests/Feature/AssetServiceTest.php" line="42" assertions="2" time="0.028674"/>
        <testcase name="test_media_link_returns_media_path_without_cache_key_if_cache_busting_is_disabled" class="Hyde\Framework\Testing\Feature\AssetServiceTest" classname="Hyde.Framework.Testing.Feature.AssetServiceTest" file="/home/runner/work/develop/develop/packages/framework/tests/Feature/AssetServiceTest.php" line="49" assertions="2" time="0.026899"/>
      </testsuite>
      <testsuite name="Hyde\Framework\Testing\Feature\AuthorPostsIntegrationTest" file="/home/runner/work/develop/develop/packages/framework/tests/Feature/AuthorPostsIntegrationTest.php" tests="3" assertions="15" errors="0" warnings="0" failures="0" skipped="0" time="0.183999">
        <testcase name="test_create_post_with_undefined_author" class="Hyde\Framework\Testing\Feature\AuthorPostsIntegrationTest" classname="Hyde.Framework.Testing.Feature.AuthorPostsIntegrationTest" file="/home/runner/work/develop/develop/packages/framework/tests/Feature/AuthorPostsIntegrationTest.php" line="35" assertions="4" time="0.085844"/>
        <testcase name="test_create_post_with_defined_author_with_name" class="Hyde\Framework\Testing\Feature\AuthorPostsIntegrationTest" classname="Hyde.Framework.Testing.Feature.AuthorPostsIntegrationTest" file="/home/runner/work/develop/develop/packages/framework/tests/Feature/AuthorPostsIntegrationTest.php" line="68" assertions="5" time="0.048694"/>
        <testcase name="test_create_post_with_defined_author_with_website" class="Hyde\Framework\Testing\Feature\AuthorPostsIntegrationTest" classname="Hyde.Framework.Testing.Feature.AuthorPostsIntegrationTest" file="/home/runner/work/develop/develop/packages/framework/tests/Feature/AuthorPostsIntegrationTest.php" line="106" assertions="6" time="0.049461"/>
      </testsuite>
      <testsuite name="Hyde\Framework\Testing\Feature\BladeMatterParserTest" file="/home/runner/work/develop/develop/packages/framework/tests/Feature/BladeMatterParserTest.php" tests="15" assertions="38" errors="0" warnings="0" failures="0" skipped="0" time="0.384866">
        <testcase name="test_can_parse_front_matter" class="Hyde\Framework\Testing\Feature\BladeMatterParserTest" classname="Hyde.Framework.Testing.Feature.BladeMatterParserTest" file="/home/runner/work/develop/develop/packages/framework/tests/Feature/BladeMatterParserTest.php" line="15" assertions="1" time="0.024330"/>
        <testcase name="test_parse_string_helper_method" class="Hyde\Framework\Testing\Feature\BladeMatterParserTest" classname="Hyde.Framework.Testing.Feature.BladeMatterParserTest" file="/home/runner/work/develop/develop/packages/framework/tests/Feature/BladeMatterParserTest.php" line="22" assertions="1" time="0.024690"/>
        <testcase name="test_parse_file_helper_method" class="Hyde\Framework\Testing\Feature\BladeMatterParserTest" classname="Hyde.Framework.Testing.Feature.BladeMatterParserTest" file="/home/runner/work/develop/develop/packages/framework/tests/Feature/BladeMatterParserTest.php" line="30" assertions="1" time="0.026648"/>
        <testcase name="test_can_parse_multiple_front_matter_lines" class="Hyde\Framework\Testing\Feature\BladeMatterParserTest" classname="Hyde.Framework.Testing.Feature.BladeMatterParserTest" file="/home/runner/work/develop/develop/packages/framework/tests/Feature/BladeMatterParserTest.php" line="39" assertions="1" time="0.025828"/>
        <testcase name="test_can_parse_front_matter_with_various_formats" class="Hyde\Framework\Testing\Feature\BladeMatterParserTest" classname="Hyde.Framework.Testing.Feature.BladeMatterParserTest" file="/home/runner/work/develop/develop/packages/framework/tests/Feature/BladeMatterParserTest.php" line="49" assertions="4" time="0.024905"/>
        <testcase name="test_can_parse_front_matter_with_array" class="Hyde\Framework\Testing\Feature\BladeMatterParserTest" classname="Hyde.Framework.Testing.Feature.BladeMatterParserTest" file="/home/runner/work/develop/develop/packages/framework/tests/Feature/BladeMatterParserTest.php" line="63" assertions="1" time="0.024936"/>
        <testcase name="test_line_matches_front_matter" class="Hyde\Framework\Testing\Feature\BladeMatterParserTest" classname="Hyde.Framework.Testing.Feature.BladeMatterParserTest" file="/home/runner/work/develop/develop/packages/framework/tests/Feature/BladeMatterParserTest.php" line="69" assertions="2" time="0.025923"/>
        <testcase name="test_directive_cannot_have_leading_whitespace" class="Hyde\Framework\Testing\Feature\BladeMatterParserTest" classname="Hyde.Framework.Testing.Feature.BladeMatterParserTest" file="/home/runner/work/develop/develop/packages/framework/tests/Feature/BladeMatterParserTest.php" line="75" assertions="1" time="0.032018"/>
        <testcase name="test_directive_signature_cannot_contain_whitespace" class="Hyde\Framework\Testing\Feature\BladeMatterParserTest" classname="Hyde.Framework.Testing.Feature.BladeMatterParserTest" file="/home/runner/work/develop/develop/packages/framework/tests/Feature/BladeMatterParserTest.php" line="80" assertions="3" time="0.025346"/>
        <testcase name="test_extract_key" class="Hyde\Framework\Testing\Feature\BladeMatterParserTest" classname="Hyde.Framework.Testing.Feature.BladeMatterParserTest" file="/home/runner/work/develop/develop/packages/framework/tests/Feature/BladeMatterParserTest.php" line="87" assertions="1" time="0.026280"/>
        <testcase name="test_extract_value" class="Hyde\Framework\Testing\Feature\BladeMatterParserTest" classname="Hyde.Framework.Testing.Feature.BladeMatterParserTest" file="/home/runner/work/develop/develop/packages/framework/tests/Feature/BladeMatterParserTest.php" line="92" assertions="1" time="0.024865"/>
        <testcase name="test_normalize_value" class="Hyde\Framework\Testing\Feature\BladeMatterParserTest" classname="Hyde.Framework.Testing.Feature.BladeMatterParserTest" file="/home/runner/work/develop/develop/packages/framework/tests/Feature/BladeMatterParserTest.php" line="97" assertions="11" time="0.024953"/>
        <testcase name="test_parse_array_string" class="Hyde\Framework\Testing\Feature\BladeMatterParserTest" classname="Hyde.Framework.Testing.Feature.BladeMatterParserTest" file="/home/runner/work/develop/develop/packages/framework/tests/Feature/BladeMatterParserTest.php" line="112" assertions="8" time="0.024485"/>
        <testcase name="test_parse_invalid_array_string" class="Hyde\Framework\Testing\Feature\BladeMatterParserTest" classname="Hyde.Framework.Testing.Feature.BladeMatterParserTest" file="/home/runner/work/develop/develop/packages/framework/tests/Feature/BladeMatterParserTest.php" line="125" assertions="1" time="0.024791"/>
        <testcase name="test_parse_multidimensional_array_string" class="Hyde\Framework\Testing\Feature\BladeMatterParserTest" classname="Hyde.Framework.Testing.Feature.BladeMatterParserTest" file="/home/runner/work/develop/develop/packages/framework/tests/Feature/BladeMatterParserTest.php" line="131" assertions="1" time="0.024868"/>
      </testsuite>
      <testsuite name="Hyde\Framework\Testing\Feature\BuildOutputDirectoryCanBeChangedTest" file="/home/runner/work/develop/develop/packages/framework/tests/Feature/BuildOutputDirectoryCanBeChangedTest.php" tests="3" assertions="5" errors="0" warnings="0" failures="0" skipped="0" time="0.128869">
        <testcase name="test_site_output_directory_can_be_changed_in_static_page_builder" class="Hyde\Framework\Testing\Feature\BuildOutputDirectoryCanBeChangedTest" classname="Hyde.Framework.Testing.Feature.BuildOutputDirectoryCanBeChangedTest" file="/home/runner/work/develop/develop/packages/framework/tests/Feature/BuildOutputDirectoryCanBeChangedTest.php" line="21" assertions="1" time="0.042953"/>
        <testcase name="test_output_directory_is_created_if_it_does_not_exist_in_static_page_builder" class="Hyde\Framework\Testing\Feature\BuildOutputDirectoryCanBeChangedTest" classname="Hyde.Framework.Testing.Feature.BuildOutputDirectoryCanBeChangedTest" file="/home/runner/work/develop/develop/packages/framework/tests/Feature/BuildOutputDirectoryCanBeChangedTest.php" line="34" assertions="1" time="0.042949"/>
        <testcase name="test_site_output_directory_can_be_changed_in_configuration" class="Hyde\Framework\Testing\Feature\BuildOutputDirectoryCanBeChangedTest" classname="Hyde.Framework.Testing.Feature.BuildOutputDirectoryCanBeChangedTest" file="/home/runner/work/develop/develop/packages/framework/tests/Feature/BuildOutputDirectoryCanBeChangedTest.php" line="45" assertions="3" time="0.042967"/>
      </testsuite>
      <testsuite name="Hyde\Framework\Testing\Feature\ColoredBlockquoteShortcodesTest" file="/home/runner/work/develop/develop/packages/framework/tests/Feature/ColoredBlockquoteShortcodesTest.php" tests="2" assertions="3" errors="0" warnings="0" failures="0" skipped="0" time="0.053982">
        <testcase name="test_resolve_method" class="Hyde\Framework\Testing\Feature\ColoredBlockquoteShortcodesTest" classname="Hyde.Framework.Testing.Feature.ColoredBlockquoteShortcodesTest" file="/home/runner/work/develop/develop/packages/framework/tests/Feature/ColoredBlockquoteShortcodesTest.php" line="17" assertions="1" time="0.024674"/>
        <testcase name="test_get_method" class="Hyde\Framework\Testing\Feature\ColoredBlockquoteShortcodesTest" classname="Hyde.Framework.Testing.Feature.ColoredBlockquoteShortcodesTest" file="/home/runner/work/develop/develop/packages/framework/tests/Feature/ColoredBlockquoteShortcodesTest.php" line="23" assertions="2" time="0.029308"/>
      </testsuite>
      <testsuite name="Hyde\Framework\Testing\Feature\Commands\BuildRssFeedCommandTest" file="/home/runner/work/develop/develop/packages/framework/tests/Feature/Commands/BuildRssFeedCommandTest.php" tests="2" assertions="5" errors="0" warnings="0" failures="0" skipped="0" time="0.070515">
        <testcase name="test_rss_feed_is_generated_when_conditions_are_met" class="Hyde\Framework\Testing\Feature\Commands\BuildRssFeedCommandTest" classname="Hyde.Framework.Testing.Feature.Commands.BuildRssFeedCommandTest" file="/home/runner/work/develop/develop/packages/framework/tests/Feature/Commands/BuildRssFeedCommandTest.php" line="16" assertions="2" time="0.035516"/>
        <testcase name="test_rss_filename_can_be_changed" class="Hyde\Framework\Testing\Feature\Commands\BuildRssFeedCommandTest" classname="Hyde.Framework.Testing.Feature.Commands.BuildRssFeedCommandTest" file="/home/runner/work/develop/develop/packages/framework/tests/Feature/Commands/BuildRssFeedCommandTest.php" line="29" assertions="3" time="0.035000"/>
      </testsuite>
      <testsuite name="Hyde\Framework\Testing\Feature\Commands\BuildSearchCommandTest" file="/home/runner/work/develop/develop/packages/framework/tests/Feature/Commands/BuildSearchCommandTest.php" tests="9" assertions="22" errors="0" warnings="0" failures="0" skipped="0" time="0.424450">
        <testcase name="test_it_creates_the_search_json_file" class="Hyde\Framework\Testing\Feature\Commands\BuildSearchCommandTest" classname="Hyde.Framework.Testing.Feature.Commands.BuildSearchCommandTest" file="/home/runner/work/develop/develop/packages/framework/tests/Feature/Commands/BuildSearchCommandTest.php" line="34" assertions="2" time="0.070361"/>
        <testcase name="test_it_creates_the_search_page" class="Hyde\Framework\Testing\Feature\Commands\BuildSearchCommandTest" classname="Hyde.Framework.Testing.Feature.Commands.BuildSearchCommandTest" file="/home/runner/work/develop/develop/packages/framework/tests/Feature/Commands/BuildSearchCommandTest.php" line="42" assertions="2" time="0.044063"/>
        <testcase name="test_it_does_not_create_the_search_page_if_disabled" class="Hyde\Framework\Testing\Feature\Commands\BuildSearchCommandTest" classname="Hyde.Framework.Testing.Feature.Commands.BuildSearchCommandTest" file="/home/runner/work/develop/develop/packages/framework/tests/Feature/Commands/BuildSearchCommandTest.php" line="50" assertions="2" time="0.036674"/>
        <testcase name="test_it_does_not_display_the_estimation_message_when_it_is_less_than_1_second" class="Hyde\Framework\Testing\Feature\Commands\BuildSearchCommandTest" classname="Hyde.Framework.Testing.Feature.Commands.BuildSearchCommandTest" file="/home/runner/work/develop/develop/packages/framework/tests/Feature/Commands/BuildSearchCommandTest.php" line="59" assertions="2" time="0.045932"/>
        <testcase name="test_it_displays_the_estimation_message_when_it_is_greater_than_or_equal_to_1_second" class="Hyde\Framework\Testing\Feature\Commands\BuildSearchCommandTest" classname="Hyde.Framework.Testing.Feature.Commands.BuildSearchCommandTest" file="/home/runner/work/develop/develop/packages/framework/tests/Feature/Commands/BuildSearchCommandTest.php" line="68" assertions="2" time="0.053419"/>
        <testcase name="test_search_files_can_be_generated_for_custom_docs_output_directory" class="Hyde\Framework\Testing\Feature\Commands\BuildSearchCommandTest" classname="Hyde.Framework.Testing.Feature.Commands.BuildSearchCommandTest" file="/home/runner/work/develop/develop/packages/framework/tests/Feature/Commands/BuildSearchCommandTest.php" line="79" assertions="3" time="0.043385"/>
        <testcase name="test_search_files_can_be_generated_for_custom_site_output_directory" class="Hyde\Framework\Testing\Feature\Commands\BuildSearchCommandTest" classname="Hyde.Framework.Testing.Feature.Commands.BuildSearchCommandTest" file="/home/runner/work/develop/develop/packages/framework/tests/Feature/Commands/BuildSearchCommandTest.php" line="91" assertions="3" time="0.042585"/>
        <testcase name="test_search_files_can_be_generated_for_custom_site_and_docs_output_directories" class="Hyde\Framework\Testing\Feature\Commands\BuildSearchCommandTest" classname="Hyde.Framework.Testing.Feature.Commands.BuildSearchCommandTest" file="/home/runner/work/develop/develop/packages/framework/tests/Feature/Commands/BuildSearchCommandTest.php" line="104" assertions="3" time="0.045184"/>
        <testcase name="test_search_files_can_be_generated_for_custom_site_and_nested_docs_output_directories" class="Hyde\Framework\Testing\Feature\Commands\BuildSearchCommandTest" classname="Hyde.Framework.Testing.Feature.Commands.BuildSearchCommandTest" file="/home/runner/work/develop/develop/packages/framework/tests/Feature/Commands/BuildSearchCommandTest.php" line="118" assertions="3" time="0.042846"/>
      </testsuite>
      <testsuite name="Hyde\Framework\Testing\Feature\Commands\BuildSitemapCommandTest" file="/home/runner/work/develop/develop/packages/framework/tests/Feature/Commands/BuildSitemapCommandTest.php" tests="1" assertions="2" errors="0" warnings="0" failures="0" skipped="0" time="0.035024">
        <testcase name="test_sitemap_is_generated_when_conditions_are_met" class="Hyde\Framework\Testing\Feature\Commands\BuildSitemapCommandTest" classname="Hyde.Framework.Testing.Feature.Commands.BuildSitemapCommandTest" file="/home/runner/work/develop/develop/packages/framework/tests/Feature/Commands/BuildSitemapCommandTest.php" line="16" assertions="2" time="0.035024"/>
      </testsuite>
      <testsuite name="Hyde\Framework\Testing\Feature\Commands\DebugCommandTest" file="/home/runner/work/develop/develop/packages/framework/tests/Feature/Commands/DebugCommandTest.php" tests="3" assertions="15" errors="0" warnings="0" failures="0" skipped="0" time="0.135625">
        <testcase name="test_debug_command_can_run" class="Hyde\Framework\Testing\Feature\Commands\DebugCommandTest" classname="Hyde.Framework.Testing.Feature.Commands.DebugCommandTest" file="/home/runner/work/develop/develop/packages/framework/tests/Feature/Commands/DebugCommandTest.php" line="14" assertions="1" time="0.043719"/>
        <testcase name="test_it_prints_debug_information" class="Hyde\Framework\Testing\Feature\Commands\DebugCommandTest" classname="Hyde.Framework.Testing.Feature.Commands.DebugCommandTest" file="/home/runner/work/develop/develop/packages/framework/tests/Feature/Commands/DebugCommandTest.php" line="19" assertions="8" time="0.046076"/>
        <testcase name="test_it_prints_verbose_debug_information" class="Hyde\Framework\Testing\Feature\Commands\DebugCommandTest" classname="Hyde.Framework.Testing.Feature.Commands.DebugCommandTest" file="/home/runner/work/develop/develop/packages/framework/tests/Feature/Commands/DebugCommandTest.php" line="32" assertions="6" time="0.045830"/>
      </testsuite>
      <testsuite name="Hyde\Framework\Testing\Feature\Commands\MakePageCommandTest" file="/home/runner/work/develop/develop/packages/framework/tests/Feature/Commands/MakePageCommandTest.php" tests="14" assertions="34" errors="0" warnings="0" failures="0" skipped="0" time="0.479679">
        <testcase name="test_command_can_run" class="Hyde\Framework\Testing\Feature\Commands\MakePageCommandTest" classname="Hyde.Framework.Testing.Feature.Commands.MakePageCommandTest" file="/home/runner/work/develop/develop/packages/framework/tests/Feature/Commands/MakePageCommandTest.php" line="42" assertions="1" time="0.034419"/>
        <testcase name="test_command_output" class="Hyde\Framework\Testing\Feature\Commands\MakePageCommandTest" classname="Hyde.Framework.Testing.Feature.Commands.MakePageCommandTest" file="/home/runner/work/develop/develop/packages/framework/tests/Feature/Commands/MakePageCommandTest.php" line="48" assertions="3" time="0.031803"/>
        <testcase name="test_command_allows_user_to_specify_page_type" class="Hyde\Framework\Testing\Feature\Commands\MakePageCommandTest" classname="Hyde.Framework.Testing.Feature.Commands.MakePageCommandTest" file="/home/runner/work/develop/develop/packages/framework/tests/Feature/Commands/MakePageCommandTest.php" line="57" assertions="2" time="0.034168"/>
        <testcase name="test_type_option_is_case_insensitive" class="Hyde\Framework\Testing\Feature\Commands\MakePageCommandTest" classname="Hyde.Framework.Testing.Feature.Commands.MakePageCommandTest" file="/home/runner/work/develop/develop/packages/framework/tests/Feature/Commands/MakePageCommandTest.php" line="64" assertions="2" time="0.039326"/>
        <testcase name="test_command_fails_if_user_specifies_invalid_page_type" class="Hyde\Framework\Testing\Feature\Commands\MakePageCommandTest" classname="Hyde.Framework.Testing.Feature.Commands.MakePageCommandTest" file="/home/runner/work/develop/develop/packages/framework/tests/Feature/Commands/MakePageCommandTest.php" line="71" assertions="3" time="0.032519"/>
        <testcase name="test_command_creates_markdown_file" class="Hyde\Framework\Testing\Feature\Commands\MakePageCommandTest" classname="Hyde.Framework.Testing.Feature.Commands.MakePageCommandTest" file="/home/runner/work/develop/develop/packages/framework/tests/Feature/Commands/MakePageCommandTest.php" line="80" assertions="2" time="0.031498"/>
        <testcase name="test_command_creates_blade_file" class="Hyde\Framework\Testing\Feature\Commands\MakePageCommandTest" classname="Hyde.Framework.Testing.Feature.Commands.MakePageCommandTest" file="/home/runner/work/develop/develop/packages/framework/tests/Feature/Commands/MakePageCommandTest.php" line="88" assertions="2" time="0.032985"/>
        <testcase name="test_command_creates_documentation_file" class="Hyde\Framework\Testing\Feature\Commands\MakePageCommandTest" classname="Hyde.Framework.Testing.Feature.Commands.MakePageCommandTest" file="/home/runner/work/develop/develop/packages/framework/tests/Feature/Commands/MakePageCommandTest.php" line="96" assertions="2" time="0.044837"/>
        <testcase name="test_command_fails_if_file_already_exists" class="Hyde\Framework\Testing\Feature\Commands\MakePageCommandTest" classname="Hyde.Framework.Testing.Feature.Commands.MakePageCommandTest" file="/home/runner/work/develop/develop/packages/framework/tests/Feature/Commands/MakePageCommandTest.php" line="105" assertions="3" time="0.032496"/>
        <testcase name="test_command_overwrites_existing_files_when_force_option_is_used" class="Hyde\Framework\Testing\Feature\Commands\MakePageCommandTest" classname="Hyde.Framework.Testing.Feature.Commands.MakePageCommandTest" file="/home/runner/work/develop/develop/packages/framework/tests/Feature/Commands/MakePageCommandTest.php" line="118" assertions="2" time="0.037226"/>
        <testcase name="test_command_prompts_for_title_if_it_was_not_specified" class="Hyde\Framework\Testing\Feature\Commands\MakePageCommandTest" classname="Hyde.Framework.Testing.Feature.Commands.MakePageCommandTest" file="/home/runner/work/develop/develop/packages/framework/tests/Feature/Commands/MakePageCommandTest.php" line="128" assertions="3" time="0.031887"/>
        <testcase name="test_command_falls_back_to_default_title_if_user_enters_nothing" class="Hyde\Framework\Testing\Feature\Commands\MakePageCommandTest" classname="Hyde.Framework.Testing.Feature.Commands.MakePageCommandTest" file="/home/runner/work/develop/develop/packages/framework/tests/Feature/Commands/MakePageCommandTest.php" line="139" assertions="3" time="0.032200"/>
        <testcase name="test_page_type_shorthand_can_be_used_to_create_blade_pages" class="Hyde\Framework\Testing\Feature\Commands\MakePageCommandTest" classname="Hyde.Framework.Testing.Feature.Commands.MakePageCommandTest" file="/home/runner/work/develop/develop/packages/framework/tests/Feature/Commands/MakePageCommandTest.php" line="150" assertions="3" time="0.031432"/>
        <testcase name="test_page_type_shorthand_can_be_used_to_create_documentation_pages" class="Hyde\Framework\Testing\Feature\Commands\MakePageCommandTest" classname="Hyde.Framework.Testing.Feature.Commands.MakePageCommandTest" file="/home/runner/work/develop/develop/packages/framework/tests/Feature/Commands/MakePageCommandTest.php" line="160" assertions="3" time="0.032883"/>
      </testsuite>
      <testsuite name="Hyde\Framework\Testing\Feature\Commands\MakePostCommandTest" file="/home/runner/work/develop/develop/packages/framework/tests/Feature/Commands/MakePostCommandTest.php" tests="5" assertions="42" errors="0" warnings="0" failures="0" skipped="0" time="0.166559">
        <testcase name="test_command_has_expected_output_and_creates_valid_file" class="Hyde\Framework\Testing\Feature\Commands\MakePostCommandTest" classname="Hyde.Framework.Testing.Feature.Commands.MakePostCommandTest" file="/home/runner/work/develop/develop/packages/framework/tests/Feature/Commands/MakePostCommandTest.php" line="34" assertions="10" time="0.034624"/>
        <testcase name="test_that_files_are_not_overwritten_when_force_flag_is_not_set" class="Hyde\Framework\Testing\Feature\Commands\MakePostCommandTest" classname="Hyde.Framework.Testing.Feature.Commands.MakePostCommandTest" file="/home/runner/work/develop/develop/packages/framework/tests/Feature/Commands/MakePostCommandTest.php" line="56" assertions="9" time="0.032730"/>
        <testcase name="test_that_files_are_overwritten_when_force_flag_is_set" class="Hyde\Framework\Testing\Feature\Commands\MakePostCommandTest" classname="Hyde.Framework.Testing.Feature.Commands.MakePostCommandTest" file="/home/runner/work/develop/develop/packages/framework/tests/Feature/Commands/MakePostCommandTest.php" line="77" assertions="9" time="0.034040"/>
        <testcase name="test_that_title_can_be_specified_in_command_signature" class="Hyde\Framework\Testing\Feature\Commands\MakePostCommandTest" classname="Hyde.Framework.Testing.Feature.Commands.MakePostCommandTest" file="/home/runner/work/develop/develop/packages/framework/tests/Feature/Commands/MakePostCommandTest.php" line="100" assertions="6" time="0.032260"/>
        <testcase name="test_that_command_can_be_canceled" class="Hyde\Framework\Testing\Feature\Commands\MakePostCommandTest" classname="Hyde.Framework.Testing.Feature.Commands.MakePostCommandTest" file="/home/runner/work/develop/develop/packages/framework/tests/Feature/Commands/MakePostCommandTest.php" line="112" assertions="8" time="0.032905"/>
      </testsuite>
      <testsuite name="Hyde\Framework\Testing\Feature\Commands\PackageDiscoverCommandTest" file="/home/runner/work/develop/develop/packages/framework/tests/Feature/Commands/PackageDiscoverCommandTest.php" tests="2" assertions="4" errors="0" warnings="0" failures="0" skipped="0" time="0.211723">
        <testcase name="test_package_discover_command_can_run" class="Hyde\Framework\Testing\Feature\Commands\PackageDiscoverCommandTest" classname="Hyde.Framework.Testing.Feature.Commands.PackageDiscoverCommandTest" file="/home/runner/work/develop/develop/packages/framework/tests/Feature/Commands/PackageDiscoverCommandTest.php" line="16" assertions="1" time="0.108069"/>
        <testcase name="test_package_discover_command_registers_manifest_path" class="Hyde\Framework\Testing\Feature\Commands\PackageDiscoverCommandTest" classname="Hyde.Framework.Testing.Feature.Commands.PackageDiscoverCommandTest" file="/home/runner/work/develop/develop/packages/framework/tests/Feature/Commands/PackageDiscoverCommandTest.php" line="21" assertions="3" time="0.103653"/>
      </testsuite>
      <testsuite name="Hyde\Framework\Testing\Feature\Commands\PublishHomepageCommandTest" file="/home/runner/work/develop/develop/packages/framework/tests/Feature/Commands/PublishHomepageCommandTest.php" tests="8" assertions="19" errors="0" warnings="0" failures="0" skipped="0" time="0.264532">
        <testcase name="test_command_returns_expected_output" class="Hyde\Framework\Testing\Feature\Commands\PublishHomepageCommandTest" classname="Hyde.Framework.Testing.Feature.Commands.PublishHomepageCommandTest" file="/home/runner/work/develop/develop/packages/framework/tests/Feature/Commands/PublishHomepageCommandTest.php" line="31" assertions="2" time="0.030101"/>
        <testcase name="test_command_returns_expected_output_with_rebuild" class="Hyde\Framework\Testing\Feature\Commands\PublishHomepageCommandTest" classname="Hyde.Framework.Testing.Feature.Commands.PublishHomepageCommandTest" file="/home/runner/work/develop/develop/packages/framework/tests/Feature/Commands/PublishHomepageCommandTest.php" line="39" assertions="4" time="0.051495"/>
        <testcase name="test_command_prompts_for_output" class="Hyde\Framework\Testing\Feature\Commands\PublishHomepageCommandTest" classname="Hyde.Framework.Testing.Feature.Commands.PublishHomepageCommandTest" file="/home/runner/work/develop/develop/packages/framework/tests/Feature/Commands/PublishHomepageCommandTest.php" line="53" assertions="4" time="0.029259"/>
        <testcase name="test_command_shows_feedback_output_when_supplying_a_homepage_name" class="Hyde\Framework\Testing\Feature\Commands\PublishHomepageCommandTest" classname="Hyde.Framework.Testing.Feature.Commands.PublishHomepageCommandTest" file="/home/runner/work/develop/develop/packages/framework/tests/Feature/Commands/PublishHomepageCommandTest.php" line="66" assertions="3" time="0.030221"/>
        <testcase name="test_command_handles_error_code_404" class="Hyde\Framework\Testing\Feature\Commands\PublishHomepageCommandTest" classname="Hyde.Framework.Testing.Feature.Commands.PublishHomepageCommandTest" file="/home/runner/work/develop/develop/packages/framework/tests/Feature/Commands/PublishHomepageCommandTest.php" line="75" assertions="1" time="0.030136"/>
        <testcase name="test_command_does_not_overwrite_modified_files_without_force_flag" class="Hyde\Framework\Testing\Feature\Commands\PublishHomepageCommandTest" classname="Hyde.Framework.Testing.Feature.Commands.PublishHomepageCommandTest" file="/home/runner/work/develop/develop/packages/framework/tests/Feature/Commands/PublishHomepageCommandTest.php" line="81" assertions="2" time="0.030597"/>
        <testcase name="test_command_overwrites_modified_files_if_force_flag_is_set" class="Hyde\Framework\Testing\Feature\Commands\PublishHomepageCommandTest" classname="Hyde.Framework.Testing.Feature.Commands.PublishHomepageCommandTest" file="/home/runner/work/develop/develop/packages/framework/tests/Feature/Commands/PublishHomepageCommandTest.php" line="91" assertions="2" time="0.031952"/>
        <testcase name="test_command_does_not_return_409_if_the_current_file_is_a_default_file" class="Hyde\Framework\Testing\Feature\Commands\PublishHomepageCommandTest" classname="Hyde.Framework.Testing.Feature.Commands.PublishHomepageCommandTest" file="/home/runner/work/develop/develop/packages/framework/tests/Feature/Commands/PublishHomepageCommandTest.php" line="101" assertions="1" time="0.030771"/>
      </testsuite>
      <testsuite name="Hyde\Framework\Testing\Feature\Commands\PublishViewsCommandTest" file="/home/runner/work/develop/develop/packages/framework/tests/Feature/Commands/PublishViewsCommandTest.php" tests="3" assertions="8" errors="0" warnings="0" failures="0" skipped="0" time="0.113982">
        <testcase name="test_command_publishes_views" class="Hyde\Framework\Testing\Feature\Commands\PublishViewsCommandTest" classname="Hyde.Framework.Testing.Feature.Commands.PublishViewsCommandTest" file="/home/runner/work/develop/develop/packages/framework/tests/Feature/Commands/PublishViewsCommandTest.php" line="30" assertions="3" time="0.035559"/>
        <testcase name="test_command_prompts_for_input" class="Hyde\Framework\Testing\Feature\Commands\PublishViewsCommandTest" classname="Hyde.Framework.Testing.Feature.Commands.PublishViewsCommandTest" file="/home/runner/work/develop/develop/packages/framework/tests/Feature/Commands/PublishViewsCommandTest.php" line="39" assertions="2" time="0.046400"/>
        <testcase name="test_can_select_view" class="Hyde\Framework\Testing\Feature\Commands\PublishViewsCommandTest" classname="Hyde.Framework.Testing.Feature.Commands.PublishViewsCommandTest" file="/home/runner/work/develop/develop/packages/framework/tests/Feature/Commands/PublishViewsCommandTest.php" line="46" assertions="3" time="0.032022"/>
      </testsuite>
      <testsuite name="Hyde\Framework\Testing\Feature\Commands\RebuildStaticSiteCommandTest" file="/home/runner/work/develop/develop/packages/framework/tests/Feature/Commands/RebuildStaticSiteCommandTest.php" tests="6" assertions="12" errors="0" warnings="0" failures="0" skipped="0" time="0.306828">
        <testcase name="test_handle_is_successful_with_valid_path" class="Hyde\Framework\Testing\Feature\Commands\RebuildStaticSiteCommandTest" classname="Hyde.Framework.Testing.Feature.Commands.RebuildStaticSiteCommandTest" file="/home/runner/work/develop/develop/packages/framework/tests/Feature/Commands/RebuildStaticSiteCommandTest.php" line="15" assertions="2" time="0.061092"/>
        <testcase name="test_media_files_can_be_transferred" class="Hyde\Framework\Testing\Feature\Commands\RebuildStaticSiteCommandTest" classname="Hyde.Framework.Testing.Feature.Commands.RebuildStaticSiteCommandTest" file="/home/runner/work/develop/develop/packages/framework/tests/Feature/Commands/RebuildStaticSiteCommandTest.php" line="29" assertions="2" time="0.035708"/>
        <testcase name="test_validate_catches_bad_source_directory" class="Hyde\Framework\Testing\Feature\Commands\RebuildStaticSiteCommandTest" classname="Hyde.Framework.Testing.Feature.Commands.RebuildStaticSiteCommandTest" file="/home/runner/work/develop/develop/packages/framework/tests/Feature/Commands/RebuildStaticSiteCommandTest.php" line="47" assertions="2" time="0.029354"/>
        <testcase name="test_validate_catches_missing_file" class="Hyde\Framework\Testing\Feature\Commands\RebuildStaticSiteCommandTest" classname="Hyde.Framework.Testing.Feature.Commands.RebuildStaticSiteCommandTest" file="/home/runner/work/develop/develop/packages/framework/tests/Feature/Commands/RebuildStaticSiteCommandTest.php" line="54" assertions="2" time="0.030590"/>
        <testcase name="test_rebuild_documentation_page" class="Hyde\Framework\Testing\Feature\Commands\RebuildStaticSiteCommandTest" classname="Hyde.Framework.Testing.Feature.Commands.RebuildStaticSiteCommandTest" file="/home/runner/work/develop/develop/packages/framework/tests/Feature/Commands/RebuildStaticSiteCommandTest.php" line="61" assertions="2" time="0.061847"/>
        <testcase name="test_rebuild_blog_post" class="Hyde\Framework\Testing\Feature\Commands\RebuildStaticSiteCommandTest" classname="Hyde.Framework.Testing.Feature.Commands.RebuildStaticSiteCommandTest" file="/home/runner/work/develop/develop/packages/framework/tests/Feature/Commands/RebuildStaticSiteCommandTest.php" line="74" assertions="2" time="0.088237"/>
      </testsuite>
      <testsuite name="Hyde\Framework\Testing\Feature\Commands\RouteListCommandTest" file="/home/runner/work/develop/develop/packages/framework/tests/Feature/Commands/RouteListCommandTest.php" tests="2" assertions="8" errors="0" warnings="0" failures="0" skipped="0" time="0.123923">
        <testcase name="testRouteListCommand" class="Hyde\Framework\Testing\Feature\Commands\RouteListCommandTest" classname="Hyde.Framework.Testing.Feature.Commands.RouteListCommandTest" file="/home/runner/work/develop/develop/packages/framework/tests/Feature/Commands/RouteListCommandTest.php" line="14" assertions="7" time="0.047041"/>
        <testcase name="testClickableLinks" class="Hyde\Framework\Testing\Feature\Commands\RouteListCommandTest" classname="Hyde.Framework.Testing.Feature.Commands.RouteListCommandTest" file="/home/runner/work/develop/develop/packages/framework/tests/Feature/Commands/RouteListCommandTest.php" line="33" assertions="1" time="0.076882"/>
      </testsuite>
      <testsuite name="Hyde\Framework\Testing\Feature\Commands\ServeCommandTest" file="/home/runner/work/develop/develop/packages/framework/tests/Feature/Commands/ServeCommandTest.php" tests="8" assertions="24" errors="0" warnings="0" failures="0" skipped="0" time="0.241745">
        <testcase name="test_hyde_serve_command" class="Hyde\Framework\Testing\Feature\Commands\ServeCommandTest" classname="Hyde.Framework.Testing.Feature.Commands.ServeCommandTest" file="/home/runner/work/develop/develop/packages/framework/tests/Feature/Commands/ServeCommandTest.php" line="14" assertions="3" time="0.030027"/>
        <testcase name="test_hyde_serve_command_with_port_option" class="Hyde\Framework\Testing\Feature\Commands\ServeCommandTest" classname="Hyde.Framework.Testing.Feature.Commands.ServeCommandTest" file="/home/runner/work/develop/develop/packages/framework/tests/Feature/Commands/ServeCommandTest.php" line="22" assertions="3" time="0.029460"/>
        <testcase name="test_hyde_serve_command_with_host_option" class="Hyde\Framework\Testing\Feature\Commands\ServeCommandTest" classname="Hyde.Framework.Testing.Feature.Commands.ServeCommandTest" file="/home/runner/work/develop/develop/packages/framework/tests/Feature/Commands/ServeCommandTest.php" line="30" assertions="3" time="0.030824"/>
        <testcase name="test_hyde_serve_command_with_port_and_host_option" class="Hyde\Framework\Testing\Feature\Commands\ServeCommandTest" classname="Hyde.Framework.Testing.Feature.Commands.ServeCommandTest" file="/home/runner/work/develop/develop/packages/framework/tests/Feature/Commands/ServeCommandTest.php" line="38" assertions="3" time="0.030048"/>
        <testcase name="test_hyde_serve_command_with_port_defined_in_config" class="Hyde\Framework\Testing\Feature\Commands\ServeCommandTest" classname="Hyde.Framework.Testing.Feature.Commands.ServeCommandTest" file="/home/runner/work/develop/develop/packages/framework/tests/Feature/Commands/ServeCommandTest.php" line="46" assertions="3" time="0.029213"/>
        <testcase name="test_hyde_serve_command_with_port_defined_in_config_and_port_option" class="Hyde\Framework\Testing\Feature\Commands\ServeCommandTest" classname="Hyde.Framework.Testing.Feature.Commands.ServeCommandTest" file="/home/runner/work/develop/develop/packages/framework/tests/Feature/Commands/ServeCommandTest.php" line="56" assertions="3" time="0.032335"/>
        <testcase name="test_hyde_serve_command_with_port_missing_in_config_and_port_option" class="Hyde\Framework\Testing\Feature\Commands\ServeCommandTest" classname="Hyde.Framework.Testing.Feature.Commands.ServeCommandTest" file="/home/runner/work/develop/develop/packages/framework/tests/Feature/Commands/ServeCommandTest.php" line="66" assertions="3" time="0.030045"/>
        <testcase name="test_hyde_serve_command_with_invalid_config_value" class="Hyde\Framework\Testing\Feature\Commands\ServeCommandTest" classname="Hyde.Framework.Testing.Feature.Commands.ServeCommandTest" file="/home/runner/work/develop/develop/packages/framework/tests/Feature/Commands/ServeCommandTest.php" line="76" assertions="3" time="0.029792"/>
      </testsuite>
      <testsuite name="Hyde\Framework\Testing\Feature\Commands\UpdateConfigsCommandTest" file="/home/runner/work/develop/develop/packages/framework/tests/Feature/Commands/UpdateConfigsCommandTest.php" tests="3" assertions="10" errors="0" warnings="0" failures="0" skipped="0" time="0.093495">
        <testcase name="test_command_has_expected_output" class="Hyde\Framework\Testing\Feature\Commands\UpdateConfigsCommandTest" classname="Hyde.Framework.Testing.Feature.Commands.UpdateConfigsCommandTest" file="/home/runner/work/develop/develop/packages/framework/tests/Feature/Commands/UpdateConfigsCommandTest.php" line="26" assertions="2" time="0.030048"/>
        <testcase name="test_config_files_are_published" class="Hyde\Framework\Testing\Feature\Commands\UpdateConfigsCommandTest" classname="Hyde.Framework.Testing.Feature.Commands.UpdateConfigsCommandTest" file="/home/runner/work/develop/develop/packages/framework/tests/Feature/Commands/UpdateConfigsCommandTest.php" line="34" assertions="6" time="0.031980"/>
        <testcase name="test_command_overwrites_existing_files" class="Hyde\Framework\Testing\Feature\Commands\UpdateConfigsCommandTest" classname="Hyde.Framework.Testing.Feature.Commands.UpdateConfigsCommandTest" file="/home/runner/work/develop/develop/packages/framework/tests/Feature/Commands/UpdateConfigsCommandTest.php" line="47" assertions="2" time="0.031467"/>
      </testsuite>
      <testsuite name="Hyde\Framework\Testing\Feature\Commands\ValidateCommandTest" file="/home/runner/work/develop/develop/packages/framework/tests/Feature/Commands/ValidateCommandTest.php" tests="2" assertions="8" errors="0" warnings="0" failures="0" skipped="0" time="0.077895">
        <testcase name="test_validate_command_can_run" class="Hyde\Framework\Testing\Feature\Commands\ValidateCommandTest" classname="Hyde.Framework.Testing.Feature.Commands.ValidateCommandTest" file="/home/runner/work/develop/develop/packages/framework/tests/Feature/Commands/ValidateCommandTest.php" line="18" assertions="5" time="0.040705"/>
        <testcase name="test_validate_command_can_run_with_skips" class="Hyde\Framework\Testing\Feature\Commands\ValidateCommandTest" classname="Hyde.Framework.Testing.Feature.Commands.ValidateCommandTest" file="/home/runner/work/develop/develop/packages/framework/tests/Feature/Commands/ValidateCommandTest.php" line="28" assertions="3" time="0.037190"/>
      </testsuite>
      <testsuite name="Hyde\Framework\Testing\Feature\ConfigurableFeaturesTest" file="/home/runner/work/develop/develop/packages/framework/tests/Feature/ConfigurableFeaturesTest.php" tests="9" assertions="65" errors="0" warnings="0" failures="0" skipped="0" time="0.246422">
        <testcase name="test_has_feature_returns_false_when_feature_is_not_enabled" class="Hyde\Framework\Testing\Feature\ConfigurableFeaturesTest" classname="Hyde.Framework.Testing.Feature.ConfigurableFeaturesTest" file="/home/runner/work/develop/develop/packages/framework/tests/Feature/ConfigurableFeaturesTest.php" line="16" assertions="9" time="0.025451"/>
        <testcase name="test_has_feature_returns_true_when_feature_is_enabled" class="Hyde\Framework\Testing\Feature\ConfigurableFeaturesTest" classname="Hyde.Framework.Testing.Feature.ConfigurableFeaturesTest" file="/home/runner/work/develop/develop/packages/framework/tests/Feature/ConfigurableFeaturesTest.php" line="28" assertions="16" time="0.026948"/>
        <testcase name="test_can_generate_sitemap_helper_returns_true_if_hyde_has_base_url" class="Hyde\Framework\Testing\Feature\ConfigurableFeaturesTest" classname="Hyde.Framework.Testing.Feature.ConfigurableFeaturesTest" file="/home/runner/work/develop/develop/packages/framework/tests/Feature/ConfigurableFeaturesTest.php" line="44" assertions="1" time="0.025510"/>
        <testcase name="test_can_generate_sitemap_helper_returns_false_if_hyde_does_not_have_base_url" class="Hyde\Framework\Testing\Feature\ConfigurableFeaturesTest" classname="Hyde.Framework.Testing.Feature.ConfigurableFeaturesTest" file="/home/runner/work/develop/develop/packages/framework/tests/Feature/ConfigurableFeaturesTest.php" line="50" assertions="1" time="0.025485"/>
        <testcase name="test_can_generate_sitemap_helper_returns_false_if_sitemaps_are_disabled_in_config" class="Hyde\Framework\Testing\Feature\ConfigurableFeaturesTest" classname="Hyde.Framework.Testing.Feature.ConfigurableFeaturesTest" file="/home/runner/work/develop/develop/packages/framework/tests/Feature/ConfigurableFeaturesTest.php" line="56" assertions="1" time="0.025580"/>
        <testcase name="test_to_array_method_returns_method_array" class="Hyde\Framework\Testing\Feature\ConfigurableFeaturesTest" classname="Hyde.Framework.Testing.Feature.ConfigurableFeaturesTest" file="/home/runner/work/develop/develop/packages/framework/tests/Feature/ConfigurableFeaturesTest.php" line="63" assertions="29" time="0.033377"/>
        <testcase name="test_features_can_be_mocked" class="Hyde\Framework\Testing\Feature\ConfigurableFeaturesTest" classname="Hyde.Framework.Testing.Feature.ConfigurableFeaturesTest" file="/home/runner/work/develop/develop/packages/framework/tests/Feature/ConfigurableFeaturesTest.php" line="75" assertions="2" time="0.027491"/>
        <testcase name="test_dynamic_features_can_be_mocked" class="Hyde\Framework\Testing\Feature\ConfigurableFeaturesTest" classname="Hyde.Framework.Testing.Feature.ConfigurableFeaturesTest" file="/home/runner/work/develop/develop/packages/framework/tests/Feature/ConfigurableFeaturesTest.php" line="84" assertions="2" time="0.027355"/>
        <testcase name="test_multiple_features_can_be_mocked" class="Hyde\Framework\Testing\Feature\ConfigurableFeaturesTest" classname="Hyde.Framework.Testing.Feature.ConfigurableFeaturesTest" file="/home/runner/work/develop/develop/packages/framework/tests/Feature/ConfigurableFeaturesTest.php" line="93" assertions="4" time="0.029224"/>
      </testsuite>
      <testsuite name="Hyde\Framework\Testing\Feature\ConvertsArrayToFrontMatterTest" file="/home/runner/work/develop/develop/packages/framework/tests/Feature/ConvertsArrayToFrontMatterTest.php" tests="2" assertions="2" errors="0" warnings="0" failures="0" skipped="0" time="0.052122">
        <testcase name="test_action_converts_an_array_to_front_matter" class="Hyde\Framework\Testing\Feature\ConvertsArrayToFrontMatterTest" classname="Hyde.Framework.Testing.Feature.ConvertsArrayToFrontMatterTest" file="/home/runner/work/develop/develop/packages/framework/tests/Feature/ConvertsArrayToFrontMatterTest.php" line="15" assertions="1" time="0.026567"/>
        <testcase name="test_action_returns_empty_string_if_array_is_empty" class="Hyde\Framework\Testing\Feature\ConvertsArrayToFrontMatterTest" classname="Hyde.Framework.Testing.Feature.ConvertsArrayToFrontMatterTest" file="/home/runner/work/develop/develop/packages/framework/tests/Feature/ConvertsArrayToFrontMatterTest.php" line="42" assertions="1" time="0.025555"/>
      </testsuite>
      <testsuite name="Hyde\Framework\Testing\Feature\DarkmodeFeatureTest" file="/home/runner/work/develop/develop/packages/framework/tests/Feature/DarkmodeFeatureTest.php" tests="5" assertions="10" errors="0" warnings="0" failures="0" skipped="0" time="0.198787">
        <testcase name="test_has_darkmode" class="Hyde\Framework\Testing\Feature\DarkmodeFeatureTest" classname="Hyde.Framework.Testing.Feature.DarkmodeFeatureTest" file="/home/runner/work/develop/develop/packages/framework/tests/Feature/DarkmodeFeatureTest.php" line="26" assertions="2" time="0.026328"/>
        <testcase name="test_layout_has_toggle_button_and_script_when_enabled" class="Hyde\Framework\Testing\Feature\DarkmodeFeatureTest" classname="Hyde.Framework.Testing.Feature.DarkmodeFeatureTest" file="/home/runner/work/develop/develop/packages/framework/tests/Feature/DarkmodeFeatureTest.php" line="39" assertions="2" time="0.051482"/>
        <testcase name="test_documentation_page_has_toggle_button_and_script_when_enabled" class="Hyde\Framework\Testing\Feature\DarkmodeFeatureTest" classname="Hyde.Framework.Testing.Feature.DarkmodeFeatureTest" file="/home/runner/work/develop/develop/packages/framework/tests/Feature/DarkmodeFeatureTest.php" line="57" assertions="2" time="0.041047"/>
        <testcase name="test_dark_mode_theme_button_is_hidden_in_layouts_when_disabled" class="Hyde\Framework\Testing\Feature\DarkmodeFeatureTest" classname="Hyde.Framework.Testing.Feature.DarkmodeFeatureTest" file="/home/runner/work/develop/develop/packages/framework/tests/Feature/DarkmodeFeatureTest.php" line="76" assertions="2" time="0.040970"/>
        <testcase name="test_dark_mode_theme_button_is_hidden_in_documentation_pages_when_disabled" class="Hyde\Framework\Testing\Feature\DarkmodeFeatureTest" classname="Hyde.Framework.Testing.Feature.DarkmodeFeatureTest" file="/home/runner/work/develop/develop/packages/framework/tests/Feature/DarkmodeFeatureTest.php" line="93" assertions="2" time="0.038959"/>
      </testsuite>
      <testsuite name="Hyde\Framework\Testing\Feature\DataCollectionTest" file="/home/runner/work/develop/develop/packages/framework/tests/Feature/DataCollectionTest.php" tests="20" assertions="26" errors="0" warnings="0" failures="0" skipped="0" time="0.531869">
        <testcase name="test_constructor_creates_new_data_collection_instance" class="Hyde\Framework\Testing\Feature\DataCollectionTest" classname="Hyde.Framework.Testing.Feature.DataCollectionTest" file="/home/runner/work/develop/develop/packages/framework/tests/Feature/DataCollectionTest.php" line="33" assertions="2" time="0.029574"/>
        <testcase name="test_constructor_sets_key" class="Hyde\Framework\Testing\Feature\DataCollectionTest" classname="Hyde.Framework.Testing.Feature.DataCollectionTest" file="/home/runner/work/develop/develop/packages/framework/tests/Feature/DataCollectionTest.php" line="40" assertions="1" time="0.025056"/>
        <testcase name="test_key_is_required" class="Hyde\Framework\Testing\Feature\DataCollectionTest" classname="Hyde.Framework.Testing.Feature.DataCollectionTest" file="/home/runner/work/develop/develop/packages/framework/tests/Feature/DataCollectionTest.php" line="46" assertions="1" time="0.026171"/>
        <testcase name="test_get_collection_method_returns_the_collection_instance" class="Hyde\Framework\Testing\Feature\DataCollectionTest" classname="Hyde.Framework.Testing.Feature.DataCollectionTest" file="/home/runner/work/develop/develop/packages/framework/tests/Feature/DataCollectionTest.php" line="52" assertions="1" time="0.034527"/>
        <testcase name="test_get_collection_method_sets_parse_time_in_ms" class="Hyde\Framework\Testing\Feature\DataCollectionTest" classname="Hyde.Framework.Testing.Feature.DataCollectionTest" file="/home/runner/work/develop/develop/packages/framework/tests/Feature/DataCollectionTest.php" line="58" assertions="1" time="0.025393"/>
        <testcase name="test_get_markdown_files_method_returns_empty_array_if_the_specified_directory_does_not_exist" class="Hyde\Framework\Testing\Feature\DataCollectionTest" classname="Hyde.Framework.Testing.Feature.DataCollectionTest" file="/home/runner/work/develop/develop/packages/framework/tests/Feature/DataCollectionTest.php" line="65" assertions="2" time="0.025268"/>
        <testcase name="test_get_markdown_files_method_returns_empty_array_if_no_files_are_found_in_specified_directory" class="Hyde\Framework\Testing\Feature\DataCollectionTest" classname="Hyde.Framework.Testing.Feature.DataCollectionTest" file="/home/runner/work/develop/develop/packages/framework/tests/Feature/DataCollectionTest.php" line="72" assertions="2" time="0.026072"/>
        <testcase name="test_get_markdown_files_method_returns_an_array_of_markdown_files_in_the_specified_directory" class="Hyde\Framework\Testing\Feature\DataCollectionTest" classname="Hyde.Framework.Testing.Feature.DataCollectionTest" file="/home/runner/work/develop/develop/packages/framework/tests/Feature/DataCollectionTest.php" line="81" assertions="1" time="0.027948"/>
        <testcase name="test_get_markdown_files_method_does_not_include_files_in_subdirectories" class="Hyde\Framework\Testing\Feature\DataCollectionTest" classname="Hyde.Framework.Testing.Feature.DataCollectionTest" file="/home/runner/work/develop/develop/packages/framework/tests/Feature/DataCollectionTest.php" line="95" assertions="1" time="0.025615"/>
        <testcase name="test_get_markdown_files_method_does_not_include_files_with_extensions_other_than_md" class="Hyde\Framework\Testing\Feature\DataCollectionTest" classname="Hyde.Framework.Testing.Feature.DataCollectionTest" file="/home/runner/work/develop/develop/packages/framework/tests/Feature/DataCollectionTest.php" line="107" assertions="1" time="0.025437"/>
        <testcase name="test_get_markdown_files_method_does_not_remove_files_starting_with_an_underscore" class="Hyde\Framework\Testing\Feature\DataCollectionTest" classname="Hyde.Framework.Testing.Feature.DataCollectionTest" file="/home/runner/work/develop/develop/packages/framework/tests/Feature/DataCollectionTest.php" line="118" assertions="1" time="0.028546"/>
        <testcase name="test_static_markdown_helper_returns_new_data_collection_instance" class="Hyde\Framework\Testing\Feature\DataCollectionTest" classname="Hyde.Framework.Testing.Feature.DataCollectionTest" file="/home/runner/work/develop/develop/packages/framework/tests/Feature/DataCollectionTest.php" line="129" assertions="1" time="0.026378"/>
        <testcase name="test_static_markdown_helper_discovers_and_parses_markdown_files_in_the_specified_directory" class="Hyde\Framework\Testing\Feature\DataCollectionTest" classname="Hyde.Framework.Testing.Feature.DataCollectionTest" file="/home/runner/work/develop/develop/packages/framework/tests/Feature/DataCollectionTest.php" line="134" assertions="1" time="0.026167"/>
        <testcase name="test_static_markdown_helper_doest_not_ignore_files_starting_with_an_underscore" class="Hyde\Framework\Testing\Feature\DataCollectionTest" classname="Hyde.Framework.Testing.Feature.DataCollectionTest" file="/home/runner/work/develop/develop/packages/framework/tests/Feature/DataCollectionTest.php" line="147" assertions="1" time="0.026039"/>
        <testcase name="test_markdown_facade_returns_same_result_as_static_markdown_helper" class="Hyde\Framework\Testing\Feature\DataCollectionTest" classname="Hyde.Framework.Testing.Feature.DataCollectionTest" file="/home/runner/work/develop/develop/packages/framework/tests/Feature/DataCollectionTest.php" line="156" assertions="1" time="0.026500"/>
        <testcase name="test_data_collection_service_provider_registers_the_facade_as_an_alias" class="Hyde\Framework\Testing\Feature\DataCollectionTest" classname="Hyde.Framework.Testing.Feature.DataCollectionTest" file="/home/runner/work/develop/develop/packages/framework/tests/Feature/DataCollectionTest.php" line="165" assertions="2" time="0.025399"/>
        <testcase name="test_data_collection_service_provider_creates_the__data_directory_if_it_does_not_exist_and_feature_is_enabled" class="Hyde\Framework\Testing\Feature\DataCollectionTest" classname="Hyde.Framework.Testing.Feature.DataCollectionTest" file="/home/runner/work/develop/develop/packages/framework/tests/Feature/DataCollectionTest.php" line="171" assertions="2" time="0.025589"/>
        <testcase name="test_data_collection_service_provider_does_not_create_the__data_directory_feature_is_disabled" class="Hyde\Framework\Testing\Feature\DataCollectionTest" classname="Hyde.Framework.Testing.Feature.DataCollectionTest" file="/home/runner/work/develop/develop/packages/framework/tests/Feature/DataCollectionTest.php" line="183" assertions="2" time="0.025488"/>
        <testcase name="test_class_has_static_source_directory_property" class="Hyde\Framework\Testing\Feature\DataCollectionTest" classname="Hyde.Framework.Testing.Feature.DataCollectionTest" file="/home/runner/work/develop/develop/packages/framework/tests/Feature/DataCollectionTest.php" line="195" assertions="1" time="0.025298"/>
        <testcase name="test_source_directory_can_be_changed" class="Hyde\Framework\Testing\Feature\DataCollectionTest" classname="Hyde.Framework.Testing.Feature.DataCollectionTest" file="/home/runner/work/develop/develop/packages/framework/tests/Feature/DataCollectionTest.php" line="200" assertions="1" time="0.025401"/>
      </testsuite>
      <testsuite name="Hyde\Framework\Testing\Feature\DiscoveryServiceTest" file="/home/runner/work/develop/develop/packages/framework/tests/Feature/DiscoveryServiceTest.php" tests="21" assertions="44" errors="0" warnings="0" failures="0" skipped="0" time="0.667334">
        <testcase name="test_get_file_extension_for_model_files" class="Hyde\Framework\Testing\Feature\DiscoveryServiceTest" classname="Hyde.Framework.Testing.Feature.DiscoveryServiceTest" file="/home/runner/work/develop/develop/packages/framework/tests/Feature/DiscoveryServiceTest.php" line="35" assertions="4" time="0.025432"/>
        <testcase name="test_get_file_path_for_model_class_files" class="Hyde\Framework\Testing\Feature\DiscoveryServiceTest" classname="Hyde.Framework.Testing.Feature.DiscoveryServiceTest" file="/home/runner/work/develop/develop/packages/framework/tests/Feature/DiscoveryServiceTest.php" line="43" assertions="4" time="0.026421"/>
        <testcase name="test_create_clickable_filepath_creates_link_for_existing_file" class="Hyde\Framework\Testing\Feature\DiscoveryServiceTest" classname="Hyde.Framework.Testing.Feature.DiscoveryServiceTest" file="/home/runner/work/develop/develop/packages/framework/tests/Feature/DiscoveryServiceTest.php" line="51" assertions="2" time="0.025162"/>
        <testcase name="test_create_clickable_filepath_falls_back_to_returning_input_if_file_does_not_exist" class="Hyde\Framework\Testing\Feature\DiscoveryServiceTest" classname="Hyde.Framework.Testing.Feature.DiscoveryServiceTest" file="/home/runner/work/develop/develop/packages/framework/tests/Feature/DiscoveryServiceTest.php" line="61" assertions="1" time="0.024523"/>
        <testcase name="test_get_source_file_list_for_blade_page" class="Hyde\Framework\Testing\Feature\DiscoveryServiceTest" classname="Hyde.Framework.Testing.Feature.DiscoveryServiceTest" file="/home/runner/work/develop/develop/packages/framework/tests/Feature/DiscoveryServiceTest.php" line="68" assertions="1" time="0.029317"/>
        <testcase name="test_get_source_file_list_for_markdown_page" class="Hyde\Framework\Testing\Feature\DiscoveryServiceTest" classname="Hyde.Framework.Testing.Feature.DiscoveryServiceTest" file="/home/runner/work/develop/develop/packages/framework/tests/Feature/DiscoveryServiceTest.php" line="73" assertions="1" time="0.032634"/>
        <testcase name="test_get_source_file_list_for_markdown_post" class="Hyde\Framework\Testing\Feature\DiscoveryServiceTest" classname="Hyde.Framework.Testing.Feature.DiscoveryServiceTest" file="/home/runner/work/develop/develop/packages/framework/tests/Feature/DiscoveryServiceTest.php" line="80" assertions="1" time="0.031465"/>
        <testcase name="test_get_source_file_list_for_documentation_page" class="Hyde\Framework\Testing\Feature\DiscoveryServiceTest" classname="Hyde.Framework.Testing.Feature.DiscoveryServiceTest" file="/home/runner/work/develop/develop/packages/framework/tests/Feature/DiscoveryServiceTest.php" line="87" assertions="1" time="0.031413"/>
        <testcase name="test_get_source_file_list_for_markdown_page_model" class="Hyde\Framework\Testing\Feature\DiscoveryServiceTest" classname="Hyde.Framework.Testing.Feature.DiscoveryServiceTest" file="/home/runner/work/develop/develop/packages/framework/tests/Feature/DiscoveryServiceTest.php" line="94" assertions="1" time="0.033472"/>
        <testcase name="test_get_source_file_list_for_blade_page_model" class="Hyde\Framework\Testing\Feature\DiscoveryServiceTest" classname="Hyde.Framework.Testing.Feature.DiscoveryServiceTest" file="/home/runner/work/develop/develop/packages/framework/tests/Feature/DiscoveryServiceTest.php" line="100" assertions="1" time="0.031220"/>
        <testcase name="test_get_source_file_list_for_markdown_post_model" class="Hyde\Framework\Testing\Feature\DiscoveryServiceTest" classname="Hyde.Framework.Testing.Feature.DiscoveryServiceTest" file="/home/runner/work/develop/develop/packages/framework/tests/Feature/DiscoveryServiceTest.php" line="106" assertions="1" time="0.031718"/>
        <testcase name="test_get_source_file_list_for_documentation_page_model" class="Hyde\Framework\Testing\Feature\DiscoveryServiceTest" classname="Hyde.Framework.Testing.Feature.DiscoveryServiceTest" file="/home/runner/work/develop/develop/packages/framework/tests/Feature/DiscoveryServiceTest.php" line="112" assertions="1" time="0.031657"/>
        <testcase name="test_get_source_file_list_for_model_method_finds_customized_model_properties" class="Hyde\Framework\Testing\Feature\DiscoveryServiceTest" classname="Hyde.Framework.Testing.Feature.DiscoveryServiceTest" file="/home/runner/work/develop/develop/packages/framework/tests/Feature/DiscoveryServiceTest.php" line="118" assertions="9" time="0.079883"/>
        <testcase name="test_get_source_file_list_throws_exception_for_invalid_model_class" class="Hyde\Framework\Testing\Feature\DiscoveryServiceTest" classname="Hyde.Framework.Testing.Feature.DiscoveryServiceTest" file="/home/runner/work/develop/develop/packages/framework/tests/Feature/DiscoveryServiceTest.php" line="155" assertions="1" time="0.026299"/>
        <testcase name="test_get_media_asset_files" class="Hyde\Framework\Testing\Feature\DiscoveryServiceTest" classname="Hyde.Framework.Testing.Feature.DiscoveryServiceTest" file="/home/runner/work/develop/develop/packages/framework/tests/Feature/DiscoveryServiceTest.php" line="162" assertions="1" time="0.025097"/>
        <testcase name="test_get_media_asset_files_discovers_files" class="Hyde\Framework\Testing\Feature\DiscoveryServiceTest" classname="Hyde.Framework.Testing.Feature.DiscoveryServiceTest" file="/home/runner/work/develop/develop/packages/framework/tests/Feature/DiscoveryServiceTest.php" line="167" assertions="8" time="0.026571"/>
        <testcase name="test_get_media_asset_files_discovers_custom_file_types" class="Hyde\Framework\Testing\Feature\DiscoveryServiceTest" classname="Hyde.Framework.Testing.Feature.DiscoveryServiceTest" file="/home/runner/work/develop/develop/packages/framework/tests/Feature/DiscoveryServiceTest.php" line="187" assertions="2" time="0.026719"/>
        <testcase name="test_blade_page_files_starting_with_underscore_are_ignored" class="Hyde\Framework\Testing\Feature\DiscoveryServiceTest" classname="Hyde.Framework.Testing.Feature.DiscoveryServiceTest" file="/home/runner/work/develop/develop/packages/framework/tests/Feature/DiscoveryServiceTest.php" line="197" assertions="1" time="0.029239"/>
        <testcase name="test_markdown_page_files_starting_with_underscore_are_ignored" class="Hyde\Framework\Testing\Feature\DiscoveryServiceTest" classname="Hyde.Framework.Testing.Feature.DiscoveryServiceTest" file="/home/runner/work/develop/develop/packages/framework/tests/Feature/DiscoveryServiceTest.php" line="207" assertions="1" time="0.038619"/>
        <testcase name="test_post_files_starting_with_underscore_are_ignored" class="Hyde\Framework\Testing\Feature\DiscoveryServiceTest" classname="Hyde.Framework.Testing.Feature.DiscoveryServiceTest" file="/home/runner/work/develop/develop/packages/framework/tests/Feature/DiscoveryServiceTest.php" line="214" assertions="1" time="0.030074"/>
        <testcase name="test_documentation_page_files_starting_with_underscore_are_ignored" class="Hyde\Framework\Testing\Feature\DiscoveryServiceTest" classname="Hyde.Framework.Testing.Feature.DiscoveryServiceTest" file="/home/runner/work/develop/develop/packages/framework/tests/Feature/DiscoveryServiceTest.php" line="221" assertions="1" time="0.030398"/>
      </testsuite>
      <testsuite name="Hyde\Framework\Testing\Feature\FeaturedImageFactoryTest" file="/home/runner/work/develop/develop/packages/framework/tests/Feature/FeaturedImageFactoryTest.php" tests="8" assertions="19" errors="0" warnings="0" failures="0" skipped="0" time="0.211434">
        <testcase name="testWithDataFromSchema" class="Hyde\Framework\Testing\Feature\FeaturedImageFactoryTest" classname="Hyde.Framework.Testing.Feature.FeaturedImageFactoryTest" file="/home/runner/work/develop/develop/packages/framework/tests/Feature/FeaturedImageFactoryTest.php" line="20" assertions="1" time="0.025844"/>
        <testcase name="testMakeMethodCreatesLocalImageWhenPathIsSet" class="Hyde\Framework\Testing\Feature\FeaturedImageFactoryTest" classname="Hyde.Framework.Testing.Feature.FeaturedImageFactoryTest" file="/home/runner/work/develop/develop/packages/framework/tests/Feature/FeaturedImageFactoryTest.php" line="50" assertions="2" time="0.027346"/>
        <testcase name="testMakeMethodCreatesRemoteImageWhenUrlIsSet" class="Hyde\Framework\Testing\Feature\FeaturedImageFactoryTest" classname="Hyde.Framework.Testing.Feature.FeaturedImageFactoryTest" file="/home/runner/work/develop/develop/packages/framework/tests/Feature/FeaturedImageFactoryTest.php" line="60" assertions="2" time="0.025773"/>
        <testcase name="testMakeMethodCreatesRemoteImageWhenBothUrlAndPathIsSet" class="Hyde\Framework\Testing\Feature\FeaturedImageFactoryTest" classname="Hyde.Framework.Testing.Feature.FeaturedImageFactoryTest" file="/home/runner/work/develop/develop/packages/framework/tests/Feature/FeaturedImageFactoryTest.php" line="70" assertions="2" time="0.025369"/>
        <testcase name="testMakeMethodThrowsExceptionIfNoPathInformationIsSet" class="Hyde\Framework\Testing\Feature\FeaturedImageFactoryTest" classname="Hyde.Framework.Testing.Feature.FeaturedImageFactoryTest" file="/home/runner/work/develop/develop/packages/framework/tests/Feature/FeaturedImageFactoryTest.php" line="81" assertions="2" time="0.027509"/>
        <testcase name="testMakeMethodCanCreateImageFromJustString" class="Hyde\Framework\Testing\Feature\FeaturedImageFactoryTest" classname="Hyde.Framework.Testing.Feature.FeaturedImageFactoryTest" file="/home/runner/work/develop/develop/packages/framework/tests/Feature/FeaturedImageFactoryTest.php" line="89" assertions="2" time="0.026572"/>
        <testcase name="testMakeMethodCanCreateImageFromJustStringWithUrl" class="Hyde\Framework\Testing\Feature\FeaturedImageFactoryTest" classname="Hyde.Framework.Testing.Feature.FeaturedImageFactoryTest" file="/home/runner/work/develop/develop/packages/framework/tests/Feature/FeaturedImageFactoryTest.php" line="99" assertions="2" time="0.025523"/>
        <testcase name="testImagePathsAreNormalized" class="Hyde\Framework\Testing\Feature\FeaturedImageFactoryTest" classname="Hyde.Framework.Testing.Feature.FeaturedImageFactoryTest" file="/home/runner/work/develop/develop/packages/framework/tests/Feature/FeaturedImageFactoryTest.php" line="109" assertions="6" time="0.027497"/>
      </testsuite>
      <testsuite name="Hyde\Framework\Testing\Feature\FeaturedImageTest" file="/home/runner/work/develop/develop/packages/framework/tests/Feature/FeaturedImageTest.php" tests="27" assertions="59" errors="0" warnings="0" failures="0" skipped="0" time="0.738390">
        <testcase name="testGetAltText" class="Hyde\Framework\Testing\Feature\FeaturedImageTest" classname="Hyde.Framework.Testing.Feature.FeaturedImageTest" file="/home/runner/work/develop/develop/packages/framework/tests/Feature/FeaturedImageTest.php" line="24" assertions="2" time="0.026251"/>
        <testcase name="testGetTitleText" class="Hyde\Framework\Testing\Feature\FeaturedImageTest" classname="Hyde.Framework.Testing.Feature.FeaturedImageTest" file="/home/runner/work/develop/develop/packages/framework/tests/Feature/FeaturedImageTest.php" line="30" assertions="2" time="0.024906"/>
        <testcase name="testGetAuthorName" class="Hyde\Framework\Testing\Feature\FeaturedImageTest" classname="Hyde.Framework.Testing.Feature.FeaturedImageTest" file="/home/runner/work/develop/develop/packages/framework/tests/Feature/FeaturedImageTest.php" line="36" assertions="2" time="0.025025"/>
        <testcase name="testGetAuthorUrl" class="Hyde\Framework\Testing\Feature\FeaturedImageTest" classname="Hyde.Framework.Testing.Feature.FeaturedImageTest" file="/home/runner/work/develop/develop/packages/framework/tests/Feature/FeaturedImageTest.php" line="42" assertions="2" time="0.026406"/>
        <testcase name="testGetCopyrightText" class="Hyde\Framework\Testing\Feature\FeaturedImageTest" classname="Hyde.Framework.Testing.Feature.FeaturedImageTest" file="/home/runner/work/develop/develop/packages/framework/tests/Feature/FeaturedImageTest.php" line="48" assertions="2" time="0.026652"/>
        <testcase name="testGetLicenseName" class="Hyde\Framework\Testing\Feature\FeaturedImageTest" classname="Hyde.Framework.Testing.Feature.FeaturedImageTest" file="/home/runner/work/develop/develop/packages/framework/tests/Feature/FeaturedImageTest.php" line="54" assertions="2" time="0.025273"/>
        <testcase name="testGetLicenseUrl" class="Hyde\Framework\Testing\Feature\FeaturedImageTest" classname="Hyde.Framework.Testing.Feature.FeaturedImageTest" file="/home/runner/work/develop/develop/packages/framework/tests/Feature/FeaturedImageTest.php" line="60" assertions="2" time="0.025633"/>
        <testcase name="testHasAltText" class="Hyde\Framework\Testing\Feature\FeaturedImageTest" classname="Hyde.Framework.Testing.Feature.FeaturedImageTest" file="/home/runner/work/develop/develop/packages/framework/tests/Feature/FeaturedImageTest.php" line="66" assertions="2" time="0.027549"/>
        <testcase name="testHasTitleText" class="Hyde\Framework\Testing\Feature\FeaturedImageTest" classname="Hyde.Framework.Testing.Feature.FeaturedImageTest" file="/home/runner/work/develop/develop/packages/framework/tests/Feature/FeaturedImageTest.php" line="72" assertions="2" time="0.025758"/>
        <testcase name="testHasAuthorName" class="Hyde\Framework\Testing\Feature\FeaturedImageTest" classname="Hyde.Framework.Testing.Feature.FeaturedImageTest" file="/home/runner/work/develop/develop/packages/framework/tests/Feature/FeaturedImageTest.php" line="78" assertions="2" time="0.025934"/>
        <testcase name="testHasAuthorUrl" class="Hyde\Framework\Testing\Feature\FeaturedImageTest" classname="Hyde.Framework.Testing.Feature.FeaturedImageTest" file="/home/runner/work/develop/develop/packages/framework/tests/Feature/FeaturedImageTest.php" line="84" assertions="2" time="0.027692"/>
        <testcase name="testHasCopyrightText" class="Hyde\Framework\Testing\Feature\FeaturedImageTest" classname="Hyde.Framework.Testing.Feature.FeaturedImageTest" file="/home/runner/work/develop/develop/packages/framework/tests/Feature/FeaturedImageTest.php" line="90" assertions="2" time="0.026758"/>
        <testcase name="testHasLicenseName" class="Hyde\Framework\Testing\Feature\FeaturedImageTest" classname="Hyde.Framework.Testing.Feature.FeaturedImageTest" file="/home/runner/work/develop/develop/packages/framework/tests/Feature/FeaturedImageTest.php" line="96" assertions="2" time="0.036792"/>
        <testcase name="testHasLicenseUrl" class="Hyde\Framework\Testing\Feature\FeaturedImageTest" classname="Hyde.Framework.Testing.Feature.FeaturedImageTest" file="/home/runner/work/develop/develop/packages/framework/tests/Feature/FeaturedImageTest.php" line="102" assertions="2" time="0.027528"/>
        <testcase name="testGetMetadataArray" class="Hyde\Framework\Testing\Feature\FeaturedImageTest" classname="Hyde.Framework.Testing.Feature.FeaturedImageTest" file="/home/runner/work/develop/develop/packages/framework/tests/Feature/FeaturedImageTest.php" line="108" assertions="2" time="0.025182"/>
        <testcase name="testGetContentLength" class="Hyde\Framework\Testing\Feature\FeaturedImageTest" classname="Hyde.Framework.Testing.Feature.FeaturedImageTest" file="/home/runner/work/develop/develop/packages/framework/tests/Feature/FeaturedImageTest.php" line="123" assertions="2" time="0.025232"/>
        <testcase name="testCanConstructLocalFeaturedImage" class="Hyde\Framework\Testing\Feature\FeaturedImageTest" classname="Hyde.Framework.Testing.Feature.FeaturedImageTest" file="/home/runner/work/develop/develop/packages/framework/tests/Feature/FeaturedImageTest.php" line="129" assertions="3" time="0.027645"/>
        <testcase name="testCannotConstructLocalFeaturedImageWithInvalidSource" class="Hyde\Framework\Testing\Feature\FeaturedImageTest" classname="Hyde.Framework.Testing.Feature.FeaturedImageTest" file="/home/runner/work/develop/develop/packages/framework/tests/Feature/FeaturedImageTest.php" line="138" assertions="2" time="0.026487"/>
        <testcase name="testFeaturedImageGetContentLength" class="Hyde\Framework\Testing\Feature\FeaturedImageTest" classname="Hyde.Framework.Testing.Feature.FeaturedImageTest" file="/home/runner/work/develop/develop/packages/framework/tests/Feature/FeaturedImageTest.php" line="146" assertions="1" time="0.025333"/>
        <testcase name="testFeaturedImageGetContentLengthWithNoSource" class="Hyde\Framework\Testing\Feature\FeaturedImageTest" classname="Hyde.Framework.Testing.Feature.FeaturedImageTest" file="/home/runner/work/develop/develop/packages/framework/tests/Feature/FeaturedImageTest.php" line="154" assertions="2" time="0.025843"/>
        <testcase name="testCanConstructRemoteFeaturedImage" class="Hyde\Framework\Testing\Feature\FeaturedImageTest" classname="Hyde.Framework.Testing.Feature.FeaturedImageTest" file="/home/runner/work/develop/develop/packages/framework/tests/Feature/FeaturedImageTest.php" line="163" assertions="3" time="0.024411"/>
        <testcase name="testCanConstructRemoteFeaturedImageWithHttps" class="Hyde\Framework\Testing\Feature\FeaturedImageTest" classname="Hyde.Framework.Testing.Feature.FeaturedImageTest" file="/home/runner/work/develop/develop/packages/framework/tests/Feature/FeaturedImageTest.php" line="172" assertions="3" time="0.027497"/>
        <testcase name="testCanConstructRemoteFeaturedImageWithInvalidSource" class="Hyde\Framework\Testing\Feature\FeaturedImageTest" classname="Hyde.Framework.Testing.Feature.FeaturedImageTest" file="/home/runner/work/develop/develop/packages/framework/tests/Feature/FeaturedImageTest.php" line="181" assertions="1" time="0.025824"/>
        <testcase name="testFeaturedImageGetContentLengthWithRemoteSource" class="Hyde\Framework\Testing\Feature\FeaturedImageTest" classname="Hyde.Framework.Testing.Feature.FeaturedImageTest" file="/home/runner/work/develop/develop/packages/framework/tests/Feature/FeaturedImageTest.php" line="187" assertions="1" time="0.042567"/>
        <testcase name="testFeaturedImageGetContentLengthWithRemoteSourceAndNotFoundResponse" class="Hyde\Framework\Testing\Feature\FeaturedImageTest" classname="Hyde.Framework.Testing.Feature.FeaturedImageTest" file="/home/runner/work/develop/develop/packages/framework/tests/Feature/FeaturedImageTest.php" line="199" assertions="1" time="0.028127"/>
        <testcase name="testFeaturedImageGetContentLengthWithRemoteSourceAndInvalidResponse" class="Hyde\Framework\Testing\Feature\FeaturedImageTest" classname="Hyde.Framework.Testing.Feature.FeaturedImageTest" file="/home/runner/work/develop/develop/packages/framework/tests/Feature/FeaturedImageTest.php" line="209" assertions="1" time="0.026941"/>
        <testcase name="testGetSourceMethod" class="Hyde\Framework\Testing\Feature\FeaturedImageTest" classname="Hyde.Framework.Testing.Feature.FeaturedImageTest" file="/home/runner/work/develop/develop/packages/framework/tests/Feature/FeaturedImageTest.php" line="221" assertions="9" time="0.029144"/>
      </testsuite>
      <testsuite name="Hyde\Framework\Testing\Feature\FileCollectionTest" file="/home/runner/work/develop/develop/packages/framework/tests/Feature/FileCollectionTest.php" tests="9" assertions="15" errors="0" warnings="0" failures="0" skipped="0" time="0.462421">
        <testcase name="test_boot_method_creates_new_page_collection_and_discovers_pages_automatically" class="Hyde\Framework\Testing\Feature\FileCollectionTest" classname="Hyde.Framework.Testing.Feature.FileCollectionTest" file="/home/runner/work/develop/develop/packages/framework/tests/Feature/FileCollectionTest.php" line="23" assertions="3" time="0.027453"/>
        <testcase name="test_get_source_files_returns_all_discovered_source_files_when_no_parameter_is_supplied" class="Hyde\Framework\Testing\Feature\FileCollectionTest" classname="Hyde.Framework.Testing.Feature.FileCollectionTest" file="/home/runner/work/develop/develop/packages/framework/tests/Feature/FileCollectionTest.php" line="36" assertions="1" time="0.026672"/>
        <testcase name="test_get_source_files_does_not_include_non_page_source_files" class="Hyde\Framework\Testing\Feature\FileCollectionTest" classname="Hyde.Framework.Testing.Feature.FileCollectionTest" file="/home/runner/work/develop/develop/packages/framework/tests/Feature/FileCollectionTest.php" line="46" assertions="1" time="0.027979"/>
        <testcase name="test_get_media_files_returns_all_discovered_media_files" class="Hyde\Framework\Testing\Feature\FileCollectionTest" classname="Hyde.Framework.Testing.Feature.FileCollectionTest" file="/home/runner/work/develop/develop/packages/framework/tests/Feature/FileCollectionTest.php" line="57" assertions="1" time="0.026239"/>
        <testcase name="test_get_media_files_does_not_include_non_media_files" class="Hyde\Framework\Testing\Feature\FileCollectionTest" classname="Hyde.Framework.Testing.Feature.FileCollectionTest" file="/home/runner/work/develop/develop/packages/framework/tests/Feature/FileCollectionTest.php" line="65" assertions="1" time="0.027978"/>
        <testcase name="test_blade_pages_are_discovered" class="Hyde\Framework\Testing\Feature\FileCollectionTest" classname="Hyde.Framework.Testing.Feature.FileCollectionTest" file="/home/runner/work/develop/develop/packages/framework/tests/Feature/FileCollectionTest.php" line="74" assertions="2" time="0.234086"/>
        <testcase name="test_markdown_pages_are_discovered" class="Hyde\Framework\Testing\Feature\FileCollectionTest" classname="Hyde.Framework.Testing.Feature.FileCollectionTest" file="/home/runner/work/develop/develop/packages/framework/tests/Feature/FileCollectionTest.php" line="83" assertions="2" time="0.029341"/>
        <testcase name="test_markdown_posts_are_discovered" class="Hyde\Framework\Testing\Feature\FileCollectionTest" classname="Hyde.Framework.Testing.Feature.FileCollectionTest" file="/home/runner/work/develop/develop/packages/framework/tests/Feature/FileCollectionTest.php" line="92" assertions="2" time="0.033320"/>
        <testcase name="test_documentation_pages_are_discovered" class="Hyde\Framework\Testing\Feature\FileCollectionTest" classname="Hyde.Framework.Testing.Feature.FileCollectionTest" file="/home/runner/work/develop/develop/packages/framework/tests/Feature/FileCollectionTest.php" line="101" assertions="2" time="0.029354"/>
      </testsuite>
      <testsuite name="Hyde\Framework\Testing\Feature\FileTest" file="/home/runner/work/develop/develop/packages/framework/tests/Feature/FileTest.php" tests="22" assertions="40" errors="0" warnings="0" failures="0" skipped="0" time="0.603392">
        <testcase name="test_make_method_creates_new_file_object_with_path" class="Hyde\Framework\Testing\Feature\FileTest" classname="Hyde.Framework.Testing.Feature.FileTest" file="/home/runner/work/develop/develop/packages/framework/tests/Feature/FileTest.php" line="22" assertions="2" time="0.026180"/>
        <testcase name="test_make_method_gives_same_result_as_constructor" class="Hyde\Framework\Testing\Feature\FileTest" classname="Hyde.Framework.Testing.Feature.FileTest" file="/home/runner/work/develop/develop/packages/framework/tests/Feature/FileTest.php" line="30" assertions="1" time="0.027546"/>
        <testcase name="test_absolute_path_is_normalized_to_relative" class="Hyde\Framework\Testing\Feature\FileTest" classname="Hyde.Framework.Testing.Feature.FileTest" file="/home/runner/work/develop/develop/packages/framework/tests/Feature/FileTest.php" line="35" assertions="1" time="0.026016"/>
        <testcase name="test_to_string_returns_path" class="Hyde\Framework\Testing\Feature\FileTest" classname="Hyde.Framework.Testing.Feature.FileTest" file="/home/runner/work/develop/develop/packages/framework/tests/Feature/FileTest.php" line="40" assertions="1" time="0.025686"/>
        <testcase name="test_belongs_to_returns_null_when_no_relation_or_parameter_is_set" class="Hyde\Framework\Testing\Feature\FileTest" classname="Hyde.Framework.Testing.Feature.FileTest" file="/home/runner/work/develop/develop/packages/framework/tests/Feature/FileTest.php" line="45" assertions="1" time="0.025243"/>
        <testcase name="test_belongs_to_returns_class_name_when_relation_is_set" class="Hyde\Framework\Testing\Feature\FileTest" classname="Hyde.Framework.Testing.Feature.FileTest" file="/home/runner/work/develop/develop/packages/framework/tests/Feature/FileTest.php" line="50" assertions="1" time="0.029690"/>
        <testcase name="test_belongs_to_returns_self_when_parameter_is_set" class="Hyde\Framework\Testing\Feature\FileTest" classname="Hyde.Framework.Testing.Feature.FileTest" file="/home/runner/work/develop/develop/packages/framework/tests/Feature/FileTest.php" line="55" assertions="2" time="0.026163"/>
        <testcase name="test_class_name_can_be_set_using_belongs_to_method" class="Hyde\Framework\Testing\Feature\FileTest" classname="Hyde.Framework.Testing.Feature.FileTest" file="/home/runner/work/develop/develop/packages/framework/tests/Feature/FileTest.php" line="61" assertions="1" time="0.025626"/>
        <testcase name="test_get_name_returns_name_of_file" class="Hyde\Framework\Testing\Feature\FileTest" classname="Hyde.Framework.Testing.Feature.FileTest" file="/home/runner/work/develop/develop/packages/framework/tests/Feature/FileTest.php" line="66" assertions="2" time="0.027020"/>
        <testcase name="test_get_path_returns_path_of_file" class="Hyde\Framework\Testing\Feature\FileTest" classname="Hyde.Framework.Testing.Feature.FileTest" file="/home/runner/work/develop/develop/packages/framework/tests/Feature/FileTest.php" line="72" assertions="2" time="0.025549"/>
        <testcase name="test_get_absolute_path_returns_absolute_path_of_file" class="Hyde\Framework\Testing\Feature\FileTest" classname="Hyde.Framework.Testing.Feature.FileTest" file="/home/runner/work/develop/develop/packages/framework/tests/Feature/FileTest.php" line="78" assertions="2" time="0.041145"/>
        <testcase name="test_get_contents_returns_contents_of_file" class="Hyde\Framework\Testing\Feature\FileTest" classname="Hyde.Framework.Testing.Feature.FileTest" file="/home/runner/work/develop/develop/packages/framework/tests/Feature/FileTest.php" line="84" assertions="1" time="0.028221"/>
        <testcase name="test_get_content_length_returns_length_of_file" class="Hyde\Framework\Testing\Feature\FileTest" classname="Hyde.Framework.Testing.Feature.FileTest" file="/home/runner/work/develop/develop/packages/framework/tests/Feature/FileTest.php" line="90" assertions="1" time="0.030394"/>
        <testcase name="test_get_extension_returns_extension_of_file" class="Hyde\Framework\Testing\Feature\FileTest" classname="Hyde.Framework.Testing.Feature.FileTest" file="/home/runner/work/develop/develop/packages/framework/tests/Feature/FileTest.php" line="96" assertions="2" time="0.026976"/>
        <testcase name="test_get_mime_type_returns_mime_type_of_file_using_lookup_table" class="Hyde\Framework\Testing\Feature\FileTest" classname="Hyde.Framework.Testing.Feature.FileTest" file="/home/runner/work/develop/develop/packages/framework/tests/Feature/FileTest.php" line="105" assertions="11" time="0.026316"/>
        <testcase name="test_get_mime_type_returns_filetype_if_file_exists" class="Hyde\Framework\Testing\Feature\FileTest" classname="Hyde.Framework.Testing.Feature.FileTest" file="/home/runner/work/develop/develop/packages/framework/tests/Feature/FileTest.php" line="126" assertions="2" time="0.028067"/>
        <testcase name="test_get_mime_type_returns_text_plain_if_file_does_not_exist_and_is_not_in_lookup_table" class="Hyde\Framework\Testing\Feature\FileTest" classname="Hyde.Framework.Testing.Feature.FileTest" file="/home/runner/work/develop/develop/packages/framework/tests/Feature/FileTest.php" line="135" assertions="2" time="0.025905"/>
        <testcase name="test_to_array_returns_array_of_file_properties" class="Hyde\Framework\Testing\Feature\FileTest" classname="Hyde.Framework.Testing.Feature.FileTest" file="/home/runner/work/develop/develop/packages/framework/tests/Feature/FileTest.php" line="141" assertions="1" time="0.024896"/>
        <testcase name="test_to_array_with_empty_file_with_no_extension" class="Hyde\Framework\Testing\Feature\FileTest" classname="Hyde.Framework.Testing.Feature.FileTest" file="/home/runner/work/develop/develop/packages/framework/tests/Feature/FileTest.php" line="155" assertions="1" time="0.027312"/>
        <testcase name="test_to_array_with_file_in_subdirectory" class="Hyde\Framework\Testing\Feature\FileTest" classname="Hyde.Framework.Testing.Feature.FileTest" file="/home/runner/work/develop/develop/packages/framework/tests/Feature/FileTest.php" line="168" assertions="1" time="0.026871"/>
        <testcase name="test_without_directory_prefix_returns_file_without_directory_prefix" class="Hyde\Framework\Testing\Feature\FileTest" classname="Hyde.Framework.Testing.Feature.FileTest" file="/home/runner/work/develop/develop/packages/framework/tests/Feature/FileTest.php" line="184" assertions="1" time="0.026148"/>
        <testcase name="test_without_directory_prefix_retains_subdirectories_when_a_page_model_class_is_set" class="Hyde\Framework\Testing\Feature\FileTest" classname="Hyde.Framework.Testing.Feature.FileTest" file="/home/runner/work/develop/develop/packages/framework/tests/Feature/FileTest.php" line="189" assertions="1" time="0.026421"/>
      </testsuite>
      <testsuite name="Hyde\Framework\Testing\Feature\Foundation\FilesystemTest" file="/home/runner/work/develop/develop/packages/framework/tests/Feature/Foundation/FilesystemTest.php" tests="31" assertions="62" errors="0" warnings="0" failures="0" skipped="0" time="0.830389">
        <testcase name="test_get_base_path_returns_kernels_base_path" class="Hyde\Framework\Testing\Feature\Foundation\FilesystemTest" classname="Hyde.Framework.Testing.Feature.Foundation.FilesystemTest" file="/home/runner/work/develop/develop/packages/framework/tests/Feature/Foundation/FilesystemTest.php" line="40" assertions="1" time="0.027543"/>
        <testcase name="test_path_method_exists" class="Hyde\Framework\Testing\Feature\Foundation\FilesystemTest" classname="Hyde.Framework.Testing.Feature.Foundation.FilesystemTest" file="/home/runner/work/develop/develop/packages/framework/tests/Feature/Foundation/FilesystemTest.php" line="46" assertions="1" time="0.026219"/>
        <testcase name="test_path_method_returns_string" class="Hyde\Framework\Testing\Feature\Foundation\FilesystemTest" classname="Hyde.Framework.Testing.Feature.Foundation.FilesystemTest" file="/home/runner/work/develop/develop/packages/framework/tests/Feature/Foundation/FilesystemTest.php" line="51" assertions="1" time="0.026609"/>
        <testcase name="test_path_method_returns_base_path_when_not_supplied_with_argument" class="Hyde\Framework\Testing\Feature\Foundation\FilesystemTest" classname="Hyde.Framework.Testing.Feature.Foundation.FilesystemTest" file="/home/runner/work/develop/develop/packages/framework/tests/Feature/Foundation/FilesystemTest.php" line="56" assertions="1" time="0.026949"/>
        <testcase name="test_path_method_returns_path_relative_to_base_path_when_supplied_with_argument" class="Hyde\Framework\Testing\Feature\Foundation\FilesystemTest" classname="Hyde.Framework.Testing.Feature.Foundation.FilesystemTest" file="/home/runner/work/develop/develop/packages/framework/tests/Feature/Foundation/FilesystemTest.php" line="62" assertions="1" time="0.025750"/>
        <testcase name="test_path_method_returns_qualified_file_path_when_supplied_with_argument" class="Hyde\Framework\Testing\Feature\Foundation\FilesystemTest" classname="Hyde.Framework.Testing.Feature.Foundation.FilesystemTest" file="/home/runner/work/develop/develop/packages/framework/tests/Feature/Foundation/FilesystemTest.php" line="68" assertions="1" time="0.025502"/>
        <testcase name="test_path_method_returns_expected_value_for_nested_path_arguments" class="Hyde\Framework\Testing\Feature\Foundation\FilesystemTest" classname="Hyde.Framework.Testing.Feature.Foundation.FilesystemTest" file="/home/runner/work/develop/develop/packages/framework/tests/Feature/Foundation/FilesystemTest.php" line="74" assertions="1" time="0.025970"/>
        <testcase name="test_path_method_strips_trailing_directory_separators_from_argument" class="Hyde\Framework\Testing\Feature\Foundation\FilesystemTest" classname="Hyde.Framework.Testing.Feature.Foundation.FilesystemTest" file="/home/runner/work/develop/develop/packages/framework/tests/Feature/Foundation/FilesystemTest.php" line="80" assertions="1" time="0.027141"/>
        <testcase name="test_path_method_returns_expected_value_regardless_of_trailing_directory_separators_in_argument" class="Hyde\Framework\Testing\Feature\Foundation\FilesystemTest" classname="Hyde.Framework.Testing.Feature.Foundation.FilesystemTest" file="/home/runner/work/develop/develop/packages/framework/tests/Feature/Foundation/FilesystemTest.php" line="86" assertions="1" time="0.026132"/>
        <testcase name="test_vendor_path_method_exists" class="Hyde\Framework\Testing\Feature\Foundation\FilesystemTest" classname="Hyde.Framework.Testing.Feature.Foundation.FilesystemTest" file="/home/runner/work/develop/develop/packages/framework/tests/Feature/Foundation/FilesystemTest.php" line="92" assertions="1" time="0.025353"/>
        <testcase name="test_vendor_path_method_returns_string" class="Hyde\Framework\Testing\Feature\Foundation\FilesystemTest" classname="Hyde.Framework.Testing.Feature.Foundation.FilesystemTest" file="/home/runner/work/develop/develop/packages/framework/tests/Feature/Foundation/FilesystemTest.php" line="97" assertions="1" time="0.024978"/>
        <testcase name="test_vendor_path_method_returns_qualified_file_path_when_supplied_with_argument" class="Hyde\Framework\Testing\Feature\Foundation\FilesystemTest" classname="Hyde.Framework.Testing.Feature.Foundation.FilesystemTest" file="/home/runner/work/develop/develop/packages/framework/tests/Feature/Foundation/FilesystemTest.php" line="102" assertions="1" time="0.027414"/>
        <testcase name="test_vendor_path_method_returns_expected_value_regardless_of_trailing_directory_separators_in_argument" class="Hyde\Framework\Testing\Feature\Foundation\FilesystemTest" classname="Hyde.Framework.Testing.Feature.Foundation.FilesystemTest" file="/home/runner/work/develop/develop/packages/framework/tests/Feature/Foundation/FilesystemTest.php" line="107" assertions="1" time="0.028506"/>
        <testcase name="test_copy_method" class="Hyde\Framework\Testing\Feature\Foundation\FilesystemTest" classname="Hyde.Framework.Testing.Feature.Foundation.FilesystemTest" file="/home/runner/work/develop/develop/packages/framework/tests/Feature/Foundation/FilesystemTest.php" line="113" assertions="3" time="0.025974"/>
        <testcase name="test_touch_helper_creates_file_at_given_path" class="Hyde\Framework\Testing\Feature\Foundation\FilesystemTest" classname="Hyde.Framework.Testing.Feature.Foundation.FilesystemTest" file="/home/runner/work/develop/develop/packages/framework/tests/Feature/Foundation/FilesystemTest.php" line="123" assertions="2" time="0.027474"/>
        <testcase name="test_touch_helper_creates_multiple_files_at_given_paths" class="Hyde\Framework\Testing\Feature\Foundation\FilesystemTest" classname="Hyde.Framework.Testing.Feature.Foundation.FilesystemTest" file="/home/runner/work/develop/develop/packages/framework/tests/Feature/Foundation/FilesystemTest.php" line="130" assertions="3" time="0.026547"/>
        <testcase name="test_unlink_helper_deletes_file_at_given_path" class="Hyde\Framework\Testing\Feature\Foundation\FilesystemTest" classname="Hyde.Framework.Testing.Feature.Foundation.FilesystemTest" file="/home/runner/work/develop/develop/packages/framework/tests/Feature/Foundation/FilesystemTest.php" line="139" assertions="2" time="0.026609"/>
        <testcase name="test_unlink_helper_deletes_multiple_files_at_given_paths" class="Hyde\Framework\Testing\Feature\Foundation\FilesystemTest" classname="Hyde.Framework.Testing.Feature.Foundation.FilesystemTest" file="/home/runner/work/develop/develop/packages/framework/tests/Feature/Foundation/FilesystemTest.php" line="146" assertions="3" time="0.026898"/>
        <testcase name="test_get_model_source_path_method_returns_path_for_model_classes" class="Hyde\Framework\Testing\Feature\Foundation\FilesystemTest" classname="Hyde.Framework.Testing.Feature.Foundation.FilesystemTest" file="/home/runner/work/develop/develop/packages/framework/tests/Feature/Foundation/FilesystemTest.php" line="155" assertions="4" time="0.029390"/>
        <testcase name="test_get_model_source_path_method_returns_path_to_file_for_model_classes" class="Hyde\Framework\Testing\Feature\Foundation\FilesystemTest" classname="Hyde.Framework.Testing.Feature.Foundation.FilesystemTest" file="/home/runner/work/develop/develop/packages/framework/tests/Feature/Foundation/FilesystemTest.php" line="178" assertions="4" time="0.025467"/>
        <testcase name="test_helper_for_blade_pages" class="Hyde\Framework\Testing\Feature\Foundation\FilesystemTest" classname="Hyde.Framework.Testing.Feature.Foundation.FilesystemTest" file="/home/runner/work/develop/develop/packages/framework/tests/Feature/Foundation/FilesystemTest.php" line="201" assertions="1" time="0.025273"/>
        <testcase name="test_helper_for_markdown_pages" class="Hyde\Framework\Testing\Feature\Foundation\FilesystemTest" classname="Hyde.Framework.Testing.Feature.Foundation.FilesystemTest" file="/home/runner/work/develop/develop/packages/framework/tests/Feature/Foundation/FilesystemTest.php" line="209" assertions="1" time="0.025168"/>
        <testcase name="test_helper_for_markdown_posts" class="Hyde\Framework\Testing\Feature\Foundation\FilesystemTest" classname="Hyde.Framework.Testing.Feature.Foundation.FilesystemTest" file="/home/runner/work/develop/develop/packages/framework/tests/Feature/Foundation/FilesystemTest.php" line="217" assertions="1" time="0.025473"/>
        <testcase name="test_helper_for_documentation_pages" class="Hyde\Framework\Testing\Feature\Foundation\FilesystemTest" classname="Hyde.Framework.Testing.Feature.Foundation.FilesystemTest" file="/home/runner/work/develop/develop/packages/framework/tests/Feature/Foundation/FilesystemTest.php" line="225" assertions="1" time="0.024553"/>
        <testcase name="test_helper_for_site_output_path" class="Hyde\Framework\Testing\Feature\Foundation\FilesystemTest" classname="Hyde.Framework.Testing.Feature.Foundation.FilesystemTest" file="/home/runner/work/develop/develop/packages/framework/tests/Feature/Foundation/FilesystemTest.php" line="233" assertions="1" time="0.035248"/>
        <testcase name="test_helper_for_site_output_path_returns_path_to_file_within_the_directory" class="Hyde\Framework\Testing\Feature\Foundation\FilesystemTest" classname="Hyde.Framework.Testing.Feature.Foundation.FilesystemTest" file="/home/runner/work/develop/develop/packages/framework/tests/Feature/Foundation/FilesystemTest.php" line="241" assertions="1" time="0.028225"/>
        <testcase name="test_get_site_output_path_returns_absolute_path" class="Hyde\Framework\Testing\Feature\Foundation\FilesystemTest" classname="Hyde.Framework.Testing.Feature.Foundation.FilesystemTest" file="/home/runner/work/develop/develop/packages/framework/tests/Feature/Foundation/FilesystemTest.php" line="249" assertions="1" time="0.031011"/>
        <testcase name="test_site_output_path_helper_ignores_trailing_slashes" class="Hyde\Framework\Testing\Feature\Foundation\FilesystemTest" classname="Hyde.Framework.Testing.Feature.Foundation.FilesystemTest" file="/home/runner/work/develop/develop/packages/framework/tests/Feature/Foundation/FilesystemTest.php" line="257" assertions="1" time="0.026142"/>
        <testcase name="test_path_to_relative_helper_decodes_hyde_path_into_relative" class="Hyde\Framework\Testing\Feature\Foundation\FilesystemTest" classname="Hyde.Framework.Testing.Feature.Foundation.FilesystemTest" file="/home/runner/work/develop/develop/packages/framework/tests/Feature/Foundation/FilesystemTest.php" line="265" assertions="5" time="0.026749"/>
        <testcase name="test_path_to_relative_helper_does_not_modify_already_relative_paths" class="Hyde\Framework\Testing\Feature\Foundation\FilesystemTest" classname="Hyde.Framework.Testing.Feature.Foundation.FilesystemTest" file="/home/runner/work/develop/develop/packages/framework/tests/Feature/Foundation/FilesystemTest.php" line="275" assertions="7" time="0.025297"/>
        <testcase name="test_path_to_relative_helper_does_not_modify_non_project_paths" class="Hyde\Framework\Testing\Feature\Foundation\FilesystemTest" classname="Hyde.Framework.Testing.Feature.Foundation.FilesystemTest" file="/home/runner/work/develop/develop/packages/framework/tests/Feature/Foundation/FilesystemTest.php" line="286" assertions="8" time="0.024827"/>
      </testsuite>
      <testsuite name="Hyde\Framework\Testing\Feature\Foundation\HyperlinksTest" file="/home/runner/work/develop/develop/packages/framework/tests/Feature/Foundation/HyperlinksTest.php" tests="5" assertions="11" errors="0" warnings="0" failures="0" skipped="0" time="0.132406">
        <testcase name="test_image_helper_gets_relative_web_link_to_image_stored_in_site_media_folder" class="Hyde\Framework\Testing\Feature\Foundation\HyperlinksTest" classname="Hyde.Framework.Testing.Feature.Foundation.HyperlinksTest" file="/home/runner/work/develop/develop/packages/framework/tests/Feature/Foundation/HyperlinksTest.php" line="24" assertions="4" time="0.025092"/>
        <testcase name="test_image_helper_resolves_paths_for_nested_pages" class="Hyde\Framework\Testing\Feature\Foundation\HyperlinksTest" classname="Hyde.Framework.Testing.Feature.Foundation.HyperlinksTest" file="/home/runner/work/develop/develop/packages/framework/tests/Feature/Foundation/HyperlinksTest.php" line="38" assertions="4" time="0.027443"/>
        <testcase name="test_image_helper_returns_qualified_absolute_uri_when_requested_and_site_has_base_url" class="Hyde\Framework\Testing\Feature\Foundation\HyperlinksTest" classname="Hyde.Framework.Testing.Feature.Foundation.HyperlinksTest" file="/home/runner/work/develop/develop/packages/framework/tests/Feature/Foundation/HyperlinksTest.php" line="53" assertions="1" time="0.025454"/>
        <testcase name="test_image_helper_returns_default_relative_path_when_qualified_absolute_uri_is_requested_but_site_has_no_base_url" class="Hyde\Framework\Testing\Feature\Foundation\HyperlinksTest" classname="Hyde.Framework.Testing.Feature.Foundation.HyperlinksTest" file="/home/runner/work/develop/develop/packages/framework/tests/Feature/Foundation/HyperlinksTest.php" line="58" assertions="1" time="0.026755"/>
        <testcase name="test_image_helper_returns_input_when_qualified_absolute_uri_is_requested_but_image_is_already_qualified" class="Hyde\Framework\Testing\Feature\Foundation\HyperlinksTest" classname="Hyde.Framework.Testing.Feature.Foundation.HyperlinksTest" file="/home/runner/work/develop/develop/packages/framework/tests/Feature/Foundation/HyperlinksTest.php" line="64" assertions="1" time="0.027663"/>
      </testsuite>
      <testsuite name="Hyde\Framework\Testing\Feature\GlobalMetadataBagTest" file="/home/runner/work/develop/develop/packages/framework/tests/Feature/GlobalMetadataBagTest.php" tests="9" assertions="9" errors="0" warnings="0" failures="0" skipped="0" time="0.274653">
        <testcase name="test_site_metadata_adds_config_defined_metadata" class="Hyde\Framework\Testing\Feature\GlobalMetadataBagTest" classname="Hyde.Framework.Testing.Feature.GlobalMetadataBagTest" file="/home/runner/work/develop/develop/packages/framework/tests/Feature/GlobalMetadataBagTest.php" line="18" assertions="1" time="0.026695"/>
        <testcase name="test_site_metadata_automatically_adds_sitemap_when_enabled" class="Hyde\Framework\Testing\Feature\GlobalMetadataBagTest" classname="Hyde.Framework.Testing.Feature.GlobalMetadataBagTest" file="/home/runner/work/develop/develop/packages/framework/tests/Feature/GlobalMetadataBagTest.php" line="38" assertions="1" time="0.026960"/>
        <testcase name="test_site_metadata_sitemap_uses_configured_site_url" class="Hyde\Framework\Testing\Feature\GlobalMetadataBagTest" classname="Hyde.Framework.Testing.Feature.GlobalMetadataBagTest" file="/home/runner/work/develop/develop/packages/framework/tests/Feature/GlobalMetadataBagTest.php" line="48" assertions="1" time="0.028934"/>
        <testcase name="test_site_metadata_automatically_adds_rss_feed_when_enabled" class="Hyde\Framework\Testing\Feature\GlobalMetadataBagTest" classname="Hyde.Framework.Testing.Feature.GlobalMetadataBagTest" file="/home/runner/work/develop/develop/packages/framework/tests/Feature/GlobalMetadataBagTest.php" line="58" assertions="1" time="0.034142"/>
        <testcase name="test_site_metadata_rss_feed_uses_configured_site_url" class="Hyde\Framework\Testing\Feature\GlobalMetadataBagTest" classname="Hyde.Framework.Testing.Feature.GlobalMetadataBagTest" file="/home/runner/work/develop/develop/packages/framework/tests/Feature/GlobalMetadataBagTest.php" line="69" assertions="1" time="0.033415"/>
        <testcase name="test_site_metadata_rss_feed_uses_configured_site_name" class="Hyde\Framework\Testing\Feature\GlobalMetadataBagTest" classname="Hyde.Framework.Testing.Feature.GlobalMetadataBagTest" file="/home/runner/work/develop/develop/packages/framework/tests/Feature/GlobalMetadataBagTest.php" line="80" assertions="1" time="0.034813"/>
        <testcase name="test_site_metadata_rss_feed_uses_configured_rss_file_name" class="Hyde\Framework\Testing\Feature\GlobalMetadataBagTest" classname="Hyde.Framework.Testing.Feature.GlobalMetadataBagTest" file="/home/runner/work/develop/develop/packages/framework/tests/Feature/GlobalMetadataBagTest.php" line="92" assertions="1" time="0.035243"/>
        <testcase name="test_metadata_existing_in_the_current_page_is_not_added" class="Hyde\Framework\Testing\Feature\GlobalMetadataBagTest" classname="Hyde.Framework.Testing.Feature.GlobalMetadataBagTest" file="/home/runner/work/develop/develop/packages/framework/tests/Feature/GlobalMetadataBagTest.php" line="107" assertions="1" time="0.027485"/>
        <testcase name="test_metadata_existing_in_the_current_page_is_not_added_regardless_of_its_value" class="Hyde\Framework\Testing\Feature\GlobalMetadataBagTest" classname="Hyde.Framework.Testing.Feature.GlobalMetadataBagTest" file="/home/runner/work/develop/develop/packages/framework/tests/Feature/GlobalMetadataBagTest.php" line="128" assertions="1" time="0.026966"/>
      </testsuite>
      <testsuite name="Hyde\Framework\Testing\Feature\HelpersTest" file="/home/runner/work/develop/develop/packages/framework/tests/Feature/HelpersTest.php" tests="5" assertions="18" errors="0" warnings="0" failures="0" skipped="0" time="0.131879">
        <testcase name="test_hyde_function_exists" class="Hyde\Framework\Testing\Feature\HelpersTest" classname="Hyde.Framework.Testing.Feature.HelpersTest" file="/home/runner/work/develop/develop/packages/framework/tests/Feature/HelpersTest.php" line="14" assertions="1" time="0.026712"/>
        <testcase name="test_hyde_function_returns_hyde_kernel_class" class="Hyde\Framework\Testing\Feature\HelpersTest" classname="Hyde.Framework.Testing.Feature.HelpersTest" file="/home/runner/work/develop/develop/packages/framework/tests/Feature/HelpersTest.php" line="20" assertions="1" time="0.025268"/>
        <testcase name="test_can_call_methods_on_returned_hyde_class" class="Hyde\Framework\Testing\Feature\HelpersTest" classname="Hyde.Framework.Testing.Feature.HelpersTest" file="/home/runner/work/develop/develop/packages/framework/tests/Feature/HelpersTest.php" line="26" assertions="1" time="0.025031"/>
        <testcase name="test_unslash_function_exists" class="Hyde\Framework\Testing\Feature\HelpersTest" classname="Hyde.Framework.Testing.Feature.HelpersTest" file="/home/runner/work/develop/develop/packages/framework/tests/Feature/HelpersTest.php" line="32" assertions="1" time="0.028344"/>
        <testcase name="test_unslash_function_trims_trailing_slashes" class="Hyde\Framework\Testing\Feature\HelpersTest" classname="Hyde.Framework.Testing.Feature.HelpersTest" file="/home/runner/work/develop/develop/packages/framework/tests/Feature/HelpersTest.php" line="38" assertions="14" time="0.026523"/>
      </testsuite>
      <testsuite name="Hyde\Framework\Testing\Feature\HtmlPageTest" file="/home/runner/work/develop/develop/packages/framework/tests/Feature/HtmlPageTest.php" tests="2" assertions="2" errors="0" warnings="0" failures="0" skipped="0" time="0.052643">
        <testcase name="testHtmlPageCanBeCompiled" class="Hyde\Framework\Testing\Feature\HtmlPageTest" classname="Hyde.Framework.Testing.Feature.HtmlPageTest" file="/home/runner/work/develop/develop/packages/framework/tests/Feature/HtmlPageTest.php" line="15" assertions="1" time="0.026310"/>
        <testcase name="testCompileMethodUsesContents" class="Hyde\Framework\Testing\Feature\HtmlPageTest" classname="Hyde.Framework.Testing.Feature.HtmlPageTest" file="/home/runner/work/develop/develop/packages/framework/tests/Feature/HtmlPageTest.php" line="24" assertions="1" time="0.026333"/>
      </testsuite>
      <testsuite name="Hyde\Framework\Testing\Feature\HydeKernelTest" file="/home/runner/work/develop/develop/packages/framework/tests/Feature/HydeKernelTest.php" tests="27" assertions="69" errors="0" warnings="0" failures="0" skipped="0" time="0.732843">
        <testcase name="test_kernel_singleton_can_be_accessed_by_service_container" class="Hyde\Framework\Testing\Feature\HydeKernelTest" classname="Hyde.Framework.Testing.Feature.HydeKernelTest" file="/home/runner/work/develop/develop/packages/framework/tests/Feature/HydeKernelTest.php" line="31" assertions="1" time="0.026895"/>
        <testcase name="test_kernel_singleton_can_be_accessed_by_kernel_static_method" class="Hyde\Framework\Testing\Feature\HydeKernelTest" classname="Hyde.Framework.Testing.Feature.HydeKernelTest" file="/home/runner/work/develop/develop/packages/framework/tests/Feature/HydeKernelTest.php" line="36" assertions="1" time="0.026151"/>
        <testcase name="test_kernel_singleton_can_be_accessed_by_hyde_facade_method" class="Hyde\Framework\Testing\Feature\HydeKernelTest" classname="Hyde.Framework.Testing.Feature.HydeKernelTest" file="/home/runner/work/develop/develop/packages/framework/tests/Feature/HydeKernelTest.php" line="41" assertions="1" time="0.024973"/>
        <testcase name="test_kernel_singleton_can_be_accessed_by_helper_function" class="Hyde\Framework\Testing\Feature\HydeKernelTest" classname="Hyde.Framework.Testing.Feature.HydeKernelTest" file="/home/runner/work/develop/develop/packages/framework/tests/Feature/HydeKernelTest.php" line="46" assertions="1" time="0.038080"/>
        <testcase name="test_hyde_facade_version_method_returns_kernel_version" class="Hyde\Framework\Testing\Feature\HydeKernelTest" classname="Hyde.Framework.Testing.Feature.HydeKernelTest" file="/home/runner/work/develop/develop/packages/framework/tests/Feature/HydeKernelTest.php" line="51" assertions="1" time="0.025226"/>
        <testcase name="test_hyde_facade_get_facade_root_method_returns_kernel_singleton" class="Hyde\Framework\Testing\Feature\HydeKernelTest" classname="Hyde.Framework.Testing.Feature.HydeKernelTest" file="/home/runner/work/develop/develop/packages/framework/tests/Feature/HydeKernelTest.php" line="56" assertions="3" time="0.025425"/>
        <testcase name="test_features_helper_returns_new_features_instance" class="Hyde\Framework\Testing\Feature\HydeKernelTest" classname="Hyde.Framework.Testing.Feature.HydeKernelTest" file="/home/runner/work/develop/develop/packages/framework/tests/Feature/HydeKernelTest.php" line="63" assertions="1" time="0.026943"/>
        <testcase name="test_has_feature_helper_calls_method_on_features_class" class="Hyde\Framework\Testing\Feature\HydeKernelTest" classname="Hyde.Framework.Testing.Feature.HydeKernelTest" file="/home/runner/work/develop/develop/packages/framework/tests/Feature/HydeKernelTest.php" line="68" assertions="1" time="0.027873"/>
        <testcase name="test_current_page_helper_returns_current_page_name" class="Hyde\Framework\Testing\Feature\HydeKernelTest" classname="Hyde.Framework.Testing.Feature.HydeKernelTest" file="/home/runner/work/develop/develop/packages/framework/tests/Feature/HydeKernelTest.php" line="73" assertions="1" time="0.026160"/>
        <testcase name="test_current_route_helper_returns_current_route_object" class="Hyde\Framework\Testing\Feature\HydeKernelTest" classname="Hyde.Framework.Testing.Feature.HydeKernelTest" file="/home/runner/work/develop/develop/packages/framework/tests/Feature/HydeKernelTest.php" line="79" assertions="3" time="0.026006"/>
        <testcase name="test_make_title_helper_returns_title_from_page_slug" class="Hyde\Framework\Testing\Feature\HydeKernelTest" classname="Hyde.Framework.Testing.Feature.HydeKernelTest" file="/home/runner/work/develop/develop/packages/framework/tests/Feature/HydeKernelTest.php" line="88" assertions="1" time="0.025444"/>
        <testcase name="test_format_html_path_helper_formats_path_according_to_config_rules" class="Hyde\Framework\Testing\Feature\HydeKernelTest" classname="Hyde.Framework.Testing.Feature.HydeKernelTest" file="/home/runner/work/develop/develop/packages/framework/tests/Feature/HydeKernelTest.php" line="93" assertions="4" time="0.026979"/>
        <testcase name="test_relative_link_helper_returns_relative_link_to_destination" class="Hyde\Framework\Testing\Feature\HydeKernelTest" classname="Hyde.Framework.Testing.Feature.HydeKernelTest" file="/home/runner/work/develop/develop/packages/framework/tests/Feature/HydeKernelTest.php" line="104" assertions="2" time="0.025764"/>
        <testcase name="test_image_helper_returns_image_path_for_given_name" class="Hyde\Framework\Testing\Feature\HydeKernelTest" classname="Hyde.Framework.Testing.Feature.HydeKernelTest" file="/home/runner/work/develop/develop/packages/framework/tests/Feature/HydeKernelTest.php" line="113" assertions="4" time="0.025878"/>
        <testcase name="test_has_site_url_helper_returns_boolean_value_for_when_config_setting_is_set" class="Hyde\Framework\Testing\Feature\HydeKernelTest" classname="Hyde.Framework.Testing.Feature.HydeKernelTest" file="/home/runner/work/develop/develop/packages/framework/tests/Feature/HydeKernelTest.php" line="124" assertions="2" time="0.027222"/>
        <testcase name="test_url_returns_qualified_url_paths" class="Hyde\Framework\Testing\Feature\HydeKernelTest" classname="Hyde.Framework.Testing.Feature.HydeKernelTest" file="/home/runner/work/develop/develop/packages/framework/tests/Feature/HydeKernelTest.php" line="133" assertions="6" time="0.025796"/>
        <testcase name="test_path_returns_qualified_path_for_given_path" class="Hyde\Framework\Testing\Feature\HydeKernelTest" classname="Hyde.Framework.Testing.Feature.HydeKernelTest" file="/home/runner/work/develop/develop/packages/framework/tests/Feature/HydeKernelTest.php" line="148" assertions="2" time="0.024799"/>
        <testcase name="test_vendor_path_returns_qualified_path_for_given_path" class="Hyde\Framework\Testing\Feature\HydeKernelTest" classname="Hyde.Framework.Testing.Feature.HydeKernelTest" file="/home/runner/work/develop/develop/packages/framework/tests/Feature/HydeKernelTest.php" line="154" assertions="2" time="0.025253"/>
        <testcase name="test_copy_helper_copies_file_from_given_path_to_given_path" class="Hyde\Framework\Testing\Feature\HydeKernelTest" classname="Hyde.Framework.Testing.Feature.HydeKernelTest" file="/home/runner/work/develop/develop/packages/framework/tests/Feature/HydeKernelTest.php" line="160" assertions="2" time="0.026421"/>
        <testcase name="test_touch_helper_creates_file_at_given_path" class="Hyde\Framework\Testing\Feature\HydeKernelTest" classname="Hyde.Framework.Testing.Feature.HydeKernelTest" file="/home/runner/work/develop/develop/packages/framework/tests/Feature/HydeKernelTest.php" line="169" assertions="2" time="0.025244"/>
        <testcase name="test_unlink_helper_deletes_file_at_given_path" class="Hyde\Framework\Testing\Feature\HydeKernelTest" classname="Hyde.Framework.Testing.Feature.HydeKernelTest" file="/home/runner/work/develop/develop/packages/framework/tests/Feature/HydeKernelTest.php" line="176" assertions="2" time="0.025567"/>
        <testcase name="test_fluent_model_source_path_helpers" class="Hyde\Framework\Testing\Feature\HydeKernelTest" classname="Hyde.Framework.Testing.Feature.HydeKernelTest" file="/home/runner/work/develop/develop/packages/framework/tests/Feature/HydeKernelTest.php" line="183" assertions="9" time="0.025808"/>
        <testcase name="test_path_to_relative_helper_returns_relative_path_for_given_path" class="Hyde\Framework\Testing\Feature\HydeKernelTest" classname="Hyde.Framework.Testing.Feature.HydeKernelTest" file="/home/runner/work/develop/develop/packages/framework/tests/Feature/HydeKernelTest.php" line="197" assertions="1" time="0.027278"/>
        <testcase name="test_to_array_method" class="Hyde\Framework\Testing\Feature\HydeKernelTest" classname="Hyde.Framework.Testing.Feature.HydeKernelTest" file="/home/runner/work/develop/develop/packages/framework/tests/Feature/HydeKernelTest.php" line="202" assertions="13" time="0.032760"/>
        <testcase name="test_version_constant_is_a_valid_semver_string" class="Hyde\Framework\Testing\Feature\HydeKernelTest" classname="Hyde.Framework.Testing.Feature.HydeKernelTest" file="/home/runner/work/develop/develop/packages/framework/tests/Feature/HydeKernelTest.php" line="230" assertions="1" time="0.025830"/>
        <testcase name="test_version_constant_is_up_to_date" class="Hyde\Framework\Testing\Feature\HydeKernelTest" classname="Hyde.Framework.Testing.Feature.HydeKernelTest" file="/home/runner/work/develop/develop/packages/framework/tests/Feature/HydeKernelTest.php" line="239" assertions="1" time="0.034143"/>
        <testcase name="test_version_method_returns_version_constant" class="Hyde\Framework\Testing\Feature\HydeKernelTest" classname="Hyde.Framework.Testing.Feature.HydeKernelTest" file="/home/runner/work/develop/develop/packages/framework/tests/Feature/HydeKernelTest.php" line="246" assertions="1" time="0.028925"/>
      </testsuite>
      <testsuite name="Hyde\Framework\Testing\Feature\HydePageTest" file="/home/runner/work/develop/develop/packages/framework/tests/Feature/HydePageTest.php" tests="107" assertions="145" errors="0" warnings="0" failures="0" skipped="0" time="2.951630">
        <testcase name="testSourceDirectory" class="Hyde\Framework\Testing\Feature\HydePageTest" classname="Hyde.Framework.Testing.Feature.HydePageTest" file="/home/runner/work/develop/develop/packages/framework/tests/Feature/HydePageTest.php" line="37" assertions="1" time="0.026120"/>
        <testcase name="testOutputDirectory" class="Hyde\Framework\Testing\Feature\HydePageTest" classname="Hyde.Framework.Testing.Feature.HydePageTest" file="/home/runner/work/develop/develop/packages/framework/tests/Feature/HydePageTest.php" line="45" assertions="1" time="0.026201"/>
        <testcase name="testFileExtension" class="Hyde\Framework\Testing\Feature\HydePageTest" classname="Hyde.Framework.Testing.Feature.HydePageTest" file="/home/runner/work/develop/develop/packages/framework/tests/Feature/HydePageTest.php" line="53" assertions="1" time="0.025526"/>
        <testcase name="testSourcePath" class="Hyde\Framework\Testing\Feature\HydePageTest" classname="Hyde.Framework.Testing.Feature.HydePageTest" file="/home/runner/work/develop/develop/packages/framework/tests/Feature/HydePageTest.php" line="61" assertions="1" time="0.025214"/>
        <testcase name="testOutputPath" class="Hyde\Framework\Testing\Feature\HydePageTest" classname="Hyde.Framework.Testing.Feature.HydePageTest" file="/home/runner/work/develop/develop/packages/framework/tests/Feature/HydePageTest.php" line="69" assertions="1" time="0.026023"/>
        <testcase name="testGetSourcePath" class="Hyde\Framework\Testing\Feature\HydePageTest" classname="Hyde.Framework.Testing.Feature.HydePageTest" file="/home/runner/work/develop/develop/packages/framework/tests/Feature/HydePageTest.php" line="77" assertions="1" time="0.027238"/>
        <testcase name="testGetOutputPath" class="Hyde\Framework\Testing\Feature\HydePageTest" classname="Hyde.Framework.Testing.Feature.HydePageTest" file="/home/runner/work/develop/develop/packages/framework/tests/Feature/HydePageTest.php" line="85" assertions="1" time="0.026675"/>
        <testcase name="testGetLink" class="Hyde\Framework\Testing\Feature\HydePageTest" classname="Hyde.Framework.Testing.Feature.HydePageTest" file="/home/runner/work/develop/develop/packages/framework/tests/Feature/HydePageTest.php" line="93" assertions="1" time="0.027809"/>
        <testcase name="testMake" class="Hyde\Framework\Testing\Feature\HydePageTest" classname="Hyde.Framework.Testing.Feature.HydePageTest" file="/home/runner/work/develop/develop/packages/framework/tests/Feature/HydePageTest.php" line="101" assertions="2" time="0.031862"/>
        <testcase name="testShowInNavigation" class="Hyde\Framework\Testing\Feature\HydePageTest" classname="Hyde.Framework.Testing.Feature.HydePageTest" file="/home/runner/work/develop/develop/packages/framework/tests/Feature/HydePageTest.php" line="111" assertions="4" time="0.029958"/>
        <testcase name="testNavigationMenuPriority" class="Hyde\Framework\Testing\Feature\HydePageTest" classname="Hyde.Framework.Testing.Feature.HydePageTest" file="/home/runner/work/develop/develop/packages/framework/tests/Feature/HydePageTest.php" line="119" assertions="4" time="0.029660"/>
        <testcase name="testNavigationMenuLabel" class="Hyde\Framework\Testing\Feature\HydePageTest" classname="Hyde.Framework.Testing.Feature.HydePageTest" file="/home/runner/work/develop/develop/packages/framework/tests/Feature/HydePageTest.php" line="127" assertions="4" time="0.045964"/>
        <testcase name="testNavigationMenuGroup" class="Hyde\Framework\Testing\Feature\HydePageTest" classname="Hyde.Framework.Testing.Feature.HydePageTest" file="/home/runner/work/develop/develop/packages/framework/tests/Feature/HydePageTest.php" line="135" assertions="5" time="0.029697"/>
        <testcase name="test_get_source_directory_returns_static_property" class="Hyde\Framework\Testing\Feature\HydePageTest" classname="Hyde.Framework.Testing.Feature.HydePageTest" file="/home/runner/work/develop/develop/packages/framework/tests/Feature/HydePageTest.php" line="146" assertions="1" time="0.025430"/>
        <testcase name="test_get_source_directory_trims_trailing_slashes" class="Hyde\Framework\Testing\Feature\HydePageTest" classname="Hyde.Framework.Testing.Feature.HydePageTest" file="/home/runner/work/develop/develop/packages/framework/tests/Feature/HydePageTest.php" line="153" assertions="1" time="0.026967"/>
        <testcase name="test_get_output_directory_returns_static_property" class="Hyde\Framework\Testing\Feature\HydePageTest" classname="Hyde.Framework.Testing.Feature.HydePageTest" file="/home/runner/work/develop/develop/packages/framework/tests/Feature/HydePageTest.php" line="160" assertions="1" time="0.025574"/>
        <testcase name="test_get_output_directory_trims_trailing_slashes" class="Hyde\Framework\Testing\Feature\HydePageTest" classname="Hyde.Framework.Testing.Feature.HydePageTest" file="/home/runner/work/develop/develop/packages/framework/tests/Feature/HydePageTest.php" line="167" assertions="1" time="0.025477"/>
        <testcase name="test_get_file_extension_returns_static_property" class="Hyde\Framework\Testing\Feature\HydePageTest" classname="Hyde.Framework.Testing.Feature.HydePageTest" file="/home/runner/work/develop/develop/packages/framework/tests/Feature/HydePageTest.php" line="174" assertions="1" time="0.025265"/>
        <testcase name="test_get_file_extension_forces_leading_period" class="Hyde\Framework\Testing\Feature\HydePageTest" classname="Hyde.Framework.Testing.Feature.HydePageTest" file="/home/runner/work/develop/develop/packages/framework/tests/Feature/HydePageTest.php" line="181" assertions="1" time="0.027209"/>
        <testcase name="test_get_identifier_returns_identifier_property" class="Hyde\Framework\Testing\Feature\HydePageTest" classname="Hyde.Framework.Testing.Feature.HydePageTest" file="/home/runner/work/develop/develop/packages/framework/tests/Feature/HydePageTest.php" line="188" assertions="1" time="0.026694"/>
        <testcase name="test_parse_parses_supplied_slug_into_a_page_model" class="Hyde\Framework\Testing\Feature\HydePageTest" classname="Hyde.Framework.Testing.Feature.HydePageTest" file="/home/runner/work/develop/develop/packages/framework/tests/Feature/HydePageTest.php" line="194" assertions="2" time="0.026509"/>
        <testcase name="test_files_returns_array_of_source_files" class="Hyde\Framework\Testing\Feature\HydePageTest" classname="Hyde.Framework.Testing.Feature.HydePageTest" file="/home/runner/work/develop/develop/packages/framework/tests/Feature/HydePageTest.php" line="204" assertions="1" time="0.031323"/>
        <testcase name="test_all_returns_collection_of_all_parsed_source_files_from_page_index" class="Hyde\Framework\Testing\Feature\HydePageTest" classname="Hyde.Framework.Testing.Feature.HydePageTest" file="/home/runner/work/develop/develop/packages/framework/tests/Feature/HydePageTest.php" line="211" assertions="2" time="0.033939"/>
        <testcase name="test_qualify_basename_properly_expands_basename_for_the_model" class="Hyde\Framework\Testing\Feature\HydePageTest" classname="Hyde.Framework.Testing.Feature.HydePageTest" file="/home/runner/work/develop/develop/packages/framework/tests/Feature/HydePageTest.php" line="227" assertions="1" time="0.026372"/>
        <testcase name="test_qualify_basename_trims_slashes_from_input" class="Hyde\Framework\Testing\Feature\HydePageTest" classname="Hyde.Framework.Testing.Feature.HydePageTest" file="/home/runner/work/develop/develop/packages/framework/tests/Feature/HydePageTest.php" line="232" assertions="1" time="0.026183"/>
        <testcase name="test_qualify_basename_uses_the_static_properties" class="Hyde\Framework\Testing\Feature\HydePageTest" classname="Hyde.Framework.Testing.Feature.HydePageTest" file="/home/runner/work/develop/develop/packages/framework/tests/Feature/HydePageTest.php" line="237" assertions="1" time="0.027332"/>
        <testcase name="test_get_output_location_returns_the_file_output_path_for_the_supplied_basename" class="Hyde\Framework\Testing\Feature\HydePageTest" classname="Hyde.Framework.Testing.Feature.HydePageTest" file="/home/runner/work/develop/develop/packages/framework/tests/Feature/HydePageTest.php" line="245" assertions="1" time="0.025147"/>
        <testcase name="test_get_output_location_returns_the_configured_location" class="Hyde\Framework\Testing\Feature\HydePageTest" classname="Hyde.Framework.Testing.Feature.HydePageTest" file="/home/runner/work/develop/develop/packages/framework/tests/Feature/HydePageTest.php" line="250" assertions="1" time="0.026206"/>
        <testcase name="test_get_output_location_trims_trailing_slashes_from_directory_setting" class="Hyde\Framework\Testing\Feature\HydePageTest" classname="Hyde.Framework.Testing.Feature.HydePageTest" file="/home/runner/work/develop/develop/packages/framework/tests/Feature/HydePageTest.php" line="257" assertions="1" time="0.027048"/>
        <testcase name="test_get_output_location_trims_trailing_slashes_from_basename" class="Hyde\Framework\Testing\Feature\HydePageTest" classname="Hyde.Framework.Testing.Feature.HydePageTest" file="/home/runner/work/develop/develop/packages/framework/tests/Feature/HydePageTest.php" line="264" assertions="1" time="0.025799"/>
        <testcase name="test_get_current_page_path_returns_output_directory_and_basename" class="Hyde\Framework\Testing\Feature\HydePageTest" classname="Hyde.Framework.Testing.Feature.HydePageTest" file="/home/runner/work/develop/develop/packages/framework/tests/Feature/HydePageTest.php" line="269" assertions="1" time="0.026068"/>
        <testcase name="test_get_current_page_path_returns_output_directory_and_basename_for_configured_directory" class="Hyde\Framework\Testing\Feature\HydePageTest" classname="Hyde.Framework.Testing.Feature.HydePageTest" file="/home/runner/work/develop/develop/packages/framework/tests/Feature/HydePageTest.php" line="275" assertions="1" time="0.026798"/>
        <testcase name="test_get_current_page_path_trims_trailing_slashes_from_directory_setting" class="Hyde\Framework\Testing\Feature\HydePageTest" classname="Hyde.Framework.Testing.Feature.HydePageTest" file="/home/runner/work/develop/develop/packages/framework/tests/Feature/HydePageTest.php" line="283" assertions="1" time="0.027887"/>
        <testcase name="test_get_output_path_returns_current_page_path_with_html_extension_appended" class="Hyde\Framework\Testing\Feature\HydePageTest" classname="Hyde.Framework.Testing.Feature.HydePageTest" file="/home/runner/work/develop/develop/packages/framework/tests/Feature/HydePageTest.php" line="291" assertions="1" time="0.026846"/>
        <testcase name="test_get_source_path_returns_qualified_basename" class="Hyde\Framework\Testing\Feature\HydePageTest" classname="Hyde.Framework.Testing.Feature.HydePageTest" file="/home/runner/work/develop/develop/packages/framework/tests/Feature/HydePageTest.php" line="297" assertions="1" time="0.028636"/>
        <testcase name="test_markdown_page_implements_page_contract" class="Hyde\Framework\Testing\Feature\HydePageTest" classname="Hyde.Framework.Testing.Feature.HydePageTest" file="/home/runner/work/develop/develop/packages/framework/tests/Feature/HydePageTest.php" line="305" assertions="1" time="0.028078"/>
        <testcase name="test_all_page_models_extend_abstract_page" class="Hyde\Framework\Testing\Feature\HydePageTest" classname="Hyde.Framework.Testing.Feature.HydePageTest" file="/home/runner/work/develop/develop/packages/framework/tests/Feature/HydePageTest.php" line="310" assertions="4" time="0.028239"/>
        <testcase name="test_all_page_models_have_configured_source_directory" class="Hyde\Framework\Testing\Feature\HydePageTest" classname="Hyde.Framework.Testing.Feature.HydePageTest" file="/home/runner/work/develop/develop/packages/framework/tests/Feature/HydePageTest.php" line="325" assertions="4" time="0.024861"/>
        <testcase name="test_all_page_models_have_configured_output_directory" class="Hyde\Framework\Testing\Feature\HydePageTest" classname="Hyde.Framework.Testing.Feature.HydePageTest" file="/home/runner/work/develop/develop/packages/framework/tests/Feature/HydePageTest.php" line="339" assertions="4" time="0.024667"/>
        <testcase name="test_all_page_models_have_configured_file_extension" class="Hyde\Framework\Testing\Feature\HydePageTest" classname="Hyde.Framework.Testing.Feature.HydePageTest" file="/home/runner/work/develop/develop/packages/framework/tests/Feature/HydePageTest.php" line="353" assertions="4" time="0.026328"/>
        <testcase name="test_abstract_markdown_page_extends_abstract_page" class="Hyde\Framework\Testing\Feature\HydePageTest" classname="Hyde.Framework.Testing.Feature.HydePageTest" file="/home/runner/work/develop/develop/packages/framework/tests/Feature/HydePageTest.php" line="367" assertions="1" time="0.031534"/>
        <testcase name="test_abstract_markdown_page_implements_page_contract" class="Hyde\Framework\Testing\Feature\HydePageTest" classname="Hyde.Framework.Testing.Feature.HydePageTest" file="/home/runner/work/develop/develop/packages/framework/tests/Feature/HydePageTest.php" line="372" assertions="1" time="0.025865"/>
        <testcase name="test_abstract_markdown_page_has_markdown_document_property" class="Hyde\Framework\Testing\Feature\HydePageTest" classname="Hyde.Framework.Testing.Feature.HydePageTest" file="/home/runner/work/develop/develop/packages/framework/tests/Feature/HydePageTest.php" line="377" assertions="1" time="0.026318"/>
        <testcase name="test_abstract_markdown_page_has_file_extension_property" class="Hyde\Framework\Testing\Feature\HydePageTest" classname="Hyde.Framework.Testing.Feature.HydePageTest" file="/home/runner/work/develop/develop/packages/framework/tests/Feature/HydePageTest.php" line="382" assertions="1" time="0.026009"/>
        <testcase name="test_abstract_markdown_page_file_extension_property_is_set_to_md" class="Hyde\Framework\Testing\Feature\HydePageTest" classname="Hyde.Framework.Testing.Feature.HydePageTest" file="/home/runner/work/develop/develop/packages/framework/tests/Feature/HydePageTest.php" line="387" assertions="1" time="0.025790"/>
        <testcase name="test_abstract_markdown_page_constructor_arguments_are_optional" class="Hyde\Framework\Testing\Feature\HydePageTest" classname="Hyde.Framework.Testing.Feature.HydePageTest" file="/home/runner/work/develop/develop/packages/framework/tests/Feature/HydePageTest.php" line="392" assertions="1" time="0.025935"/>
        <testcase name="test_abstract_markdown_page_constructor_assigns_markdown_document_property_if_set" class="Hyde\Framework\Testing\Feature\HydePageTest" classname="Hyde.Framework.Testing.Feature.HydePageTest" file="/home/runner/work/develop/develop/packages/framework/tests/Feature/HydePageTest.php" line="398" assertions="1" time="0.027340"/>
        <testcase name="test_abstract_markdown_page_constructor_creates_new_markdown_document_if_no_markdown_document_is_set" class="Hyde\Framework\Testing\Feature\HydePageTest" classname="Hyde.Framework.Testing.Feature.HydePageTest" file="/home/runner/work/develop/develop/packages/framework/tests/Feature/HydePageTest.php" line="405" assertions="1" time="0.038114"/>
        <testcase name="test_abstract_markdown_page_markdown_helper_returns_the_markdown_document_instance" class="Hyde\Framework\Testing\Feature\HydePageTest" classname="Hyde.Framework.Testing.Feature.HydePageTest" file="/home/runner/work/develop/develop/packages/framework/tests/Feature/HydePageTest.php" line="411" assertions="1" time="0.025915"/>
        <testcase name="test_abstract_markdown_page_markdown_helper_returns_the_configured_markdown_document_instance" class="Hyde\Framework\Testing\Feature\HydePageTest" classname="Hyde.Framework.Testing.Feature.HydePageTest" file="/home/runner/work/develop/develop/packages/framework/tests/Feature/HydePageTest.php" line="417" assertions="1" time="0.029545"/>
        <testcase name="test_abstract_markdown_page_make_helper_constructs_dynamic_title_automatically" class="Hyde\Framework\Testing\Feature\HydePageTest" classname="Hyde.Framework.Testing.Feature.HydePageTest" file="/home/runner/work/develop/develop/packages/framework/tests/Feature/HydePageTest.php" line="424" assertions="1" time="0.026212"/>
        <testcase name="test_markdown_based_pages_extend_abstract_markdown_page" class="Hyde\Framework\Testing\Feature\HydePageTest" classname="Hyde.Framework.Testing.Feature.HydePageTest" file="/home/runner/work/develop/develop/packages/framework/tests/Feature/HydePageTest.php" line="430" assertions="3" time="0.027177"/>
        <testcase name="test_blade_pages_do_not_extend_abstract_markdown_page" class="Hyde\Framework\Testing\Feature\HydePageTest" classname="Hyde.Framework.Testing.Feature.HydePageTest" file="/home/runner/work/develop/develop/packages/framework/tests/Feature/HydePageTest.php" line="443" assertions="1" time="0.027169"/>
        <testcase name="test_get_route_returns_page_route" class="Hyde\Framework\Testing\Feature\HydePageTest" classname="Hyde.Framework.Testing.Feature.HydePageTest" file="/home/runner/work/develop/develop/packages/framework/tests/Feature/HydePageTest.php" line="448" assertions="1" time="0.025751"/>
        <testcase name="test_html_title_returns_site_name_plus_page_title" class="Hyde\Framework\Testing\Feature\HydePageTest" classname="Hyde.Framework.Testing.Feature.HydePageTest" file="/home/runner/work/develop/develop/packages/framework/tests/Feature/HydePageTest.php" line="454" assertions="1" time="0.027953"/>
        <testcase name="test_html_title_uses_configured_site_name" class="Hyde\Framework\Testing\Feature\HydePageTest" classname="Hyde.Framework.Testing.Feature.HydePageTest" file="/home/runner/work/develop/develop/packages/framework/tests/Feature/HydePageTest.php" line="459" assertions="1" time="0.027124"/>
        <testcase name="test_body_helper_returns_markdown_document_body_in_markdown_pages" class="Hyde\Framework\Testing\Feature\HydePageTest" classname="Hyde.Framework.Testing.Feature.HydePageTest" file="/home/runner/work/develop/develop/packages/framework/tests/Feature/HydePageTest.php" line="465" assertions="1" time="0.027832"/>
        <testcase name="test_show_in_navigation_returns_false_for_markdown_post" class="Hyde\Framework\Testing\Feature\HydePageTest" classname="Hyde.Framework.Testing.Feature.HydePageTest" file="/home/runner/work/develop/develop/packages/framework/tests/Feature/HydePageTest.php" line="471" assertions="1" time="0.027009"/>
        <testcase name="test_show_in_navigation_returns_true_for_documentation_page_if_slug_is_index" class="Hyde\Framework\Testing\Feature\HydePageTest" classname="Hyde.Framework.Testing.Feature.HydePageTest" file="/home/runner/work/develop/develop/packages/framework/tests/Feature/HydePageTest.php" line="478" assertions="1" time="0.027602"/>
        <testcase name="test_show_in_navigation_returns_true_for_documentation_page_if_slug_is_not_index" class="Hyde\Framework\Testing\Feature\HydePageTest" classname="Hyde.Framework.Testing.Feature.HydePageTest" file="/home/runner/work/develop/develop/packages/framework/tests/Feature/HydePageTest.php" line="485" assertions="1" time="0.026562"/>
        <testcase name="test_show_in_navigation_returns_false_for_abstract_markdown_page_if_matter_navigation_hidden_is_true" class="Hyde\Framework\Testing\Feature\HydePageTest" classname="Hyde.Framework.Testing.Feature.HydePageTest" file="/home/runner/work/develop/develop/packages/framework/tests/Feature/HydePageTest.php" line="492" assertions="1" time="0.027304"/>
        <testcase name="test_show_in_navigation_returns_true_for_abstract_markdown_page_if_matter_navigation_hidden_is_false" class="Hyde\Framework\Testing\Feature\HydePageTest" classname="Hyde.Framework.Testing.Feature.HydePageTest" file="/home/runner/work/develop/develop/packages/framework/tests/Feature/HydePageTest.php" line="499" assertions="1" time="0.026014"/>
        <testcase name="test_show_in_navigation_returns_true_for_abstract_markdown_page_if_matter_navigation_hidden_is_not_set" class="Hyde\Framework\Testing\Feature\HydePageTest" classname="Hyde.Framework.Testing.Feature.HydePageTest" file="/home/runner/work/develop/develop/packages/framework/tests/Feature/HydePageTest.php" line="506" assertions="1" time="0.029336"/>
        <testcase name="test_show_in_navigation_returns_false_if_slug_is_present_in_config_hyde_navigation_exclude" class="Hyde\Framework\Testing\Feature\HydePageTest" classname="Hyde.Framework.Testing.Feature.HydePageTest" file="/home/runner/work/develop/develop/packages/framework/tests/Feature/HydePageTest.php" line="513" assertions="2" time="0.031064"/>
        <testcase name="test_show_in_navigation_returns_false_if_slug_is_404" class="Hyde\Framework\Testing\Feature\HydePageTest" classname="Hyde.Framework.Testing.Feature.HydePageTest" file="/home/runner/work/develop/develop/packages/framework/tests/Feature/HydePageTest.php" line="523" assertions="1" time="0.026536"/>
        <testcase name="test_show_in_navigation_defaults_to_true_if_all_checks_pass" class="Hyde\Framework\Testing\Feature\HydePageTest" classname="Hyde.Framework.Testing.Feature.HydePageTest" file="/home/runner/work/develop/develop/packages/framework/tests/Feature/HydePageTest.php" line="529" assertions="1" time="0.025940"/>
        <testcase name="test_navigation_menu_priority_returns_front_matter_value_of_navigation_priority_if_abstract_markdown_page_and_not_null" class="Hyde\Framework\Testing\Feature\HydePageTest" classname="Hyde.Framework.Testing.Feature.HydePageTest" file="/home/runner/work/develop/develop/packages/framework/tests/Feature/HydePageTest.php" line="535" assertions="1" time="0.027795"/>
        <testcase name="test_navigation_menu_priority_returns_specified_config_value_if_slug_exists_in_config_hyde_navigation_order" class="Hyde\Framework\Testing\Feature\HydePageTest" classname="Hyde.Framework.Testing.Feature.HydePageTest" file="/home/runner/work/develop/develop/packages/framework/tests/Feature/HydePageTest.php" line="541" assertions="2" time="0.028238"/>
        <testcase name="test_navigation_menu_priority_gives_precedence_to_front_matter_over_config_hyde_navigation_order" class="Hyde\Framework\Testing\Feature\HydePageTest" classname="Hyde.Framework.Testing.Feature.HydePageTest" file="/home/runner/work/develop/develop/packages/framework/tests/Feature/HydePageTest.php" line="551" assertions="2" time="0.026172"/>
        <testcase name="test_navigation_menu_priority_returns_999_for_documentation_page" class="Hyde\Framework\Testing\Feature\HydePageTest" classname="Hyde.Framework.Testing.Feature.HydePageTest" file="/home/runner/work/develop/develop/packages/framework/tests/Feature/HydePageTest.php" line="561" assertions="1" time="0.026676"/>
        <testcase name="test_navigation_menu_priority_returns_0_if_slug_is_index" class="Hyde\Framework\Testing\Feature\HydePageTest" classname="Hyde.Framework.Testing.Feature.HydePageTest" file="/home/runner/work/develop/develop/packages/framework/tests/Feature/HydePageTest.php" line="567" assertions="1" time="0.028074"/>
        <testcase name="test_navigation_menu_priority_returns_10_if_slug_is_posts" class="Hyde\Framework\Testing\Feature\HydePageTest" classname="Hyde.Framework.Testing.Feature.HydePageTest" file="/home/runner/work/develop/develop/packages/framework/tests/Feature/HydePageTest.php" line="573" assertions="1" time="0.026628"/>
        <testcase name="test_navigation_menu_priority_defaults_to_999_if_no_other_conditions_are_met" class="Hyde\Framework\Testing\Feature\HydePageTest" classname="Hyde.Framework.Testing.Feature.HydePageTest" file="/home/runner/work/develop/develop/packages/framework/tests/Feature/HydePageTest.php" line="579" assertions="1" time="0.026164"/>
        <testcase name="test_navigation_menu_title_returns_navigation_title_matter_if_set" class="Hyde\Framework\Testing\Feature\HydePageTest" classname="Hyde.Framework.Testing.Feature.HydePageTest" file="/home/runner/work/develop/develop/packages/framework/tests/Feature/HydePageTest.php" line="585" assertions="1" time="0.027667"/>
        <testcase name="test_navigation_menu_title_returns_title_matter_if_set" class="Hyde\Framework\Testing\Feature\HydePageTest" classname="Hyde.Framework.Testing.Feature.HydePageTest" file="/home/runner/work/develop/develop/packages/framework/tests/Feature/HydePageTest.php" line="591" assertions="1" time="0.026812"/>
        <testcase name="test_navigation_menu_title_navigation_title_has_precedence_over_title" class="Hyde\Framework\Testing\Feature\HydePageTest" classname="Hyde.Framework.Testing.Feature.HydePageTest" file="/home/runner/work/develop/develop/packages/framework/tests/Feature/HydePageTest.php" line="597" assertions="1" time="0.025908"/>
        <testcase name="test_navigation_menu_title_returns_docs_if_slug_is_index_and_model_is_documentation_page" class="Hyde\Framework\Testing\Feature\HydePageTest" classname="Hyde.Framework.Testing.Feature.HydePageTest" file="/home/runner/work/develop/develop/packages/framework/tests/Feature/HydePageTest.php" line="603" assertions="1" time="0.026075"/>
        <testcase name="test_navigation_menu_title_returns_home_if_slug_is_index_and_model_is_not_documentation_page" class="Hyde\Framework\Testing\Feature\HydePageTest" classname="Hyde.Framework.Testing.Feature.HydePageTest" file="/home/runner/work/develop/develop/packages/framework/tests/Feature/HydePageTest.php" line="609" assertions="1" time="0.028394"/>
        <testcase name="test_navigation_menu_title_returns_title_if_title_is_set_and_not_empty" class="Hyde\Framework\Testing\Feature\HydePageTest" classname="Hyde.Framework.Testing.Feature.HydePageTest" file="/home/runner/work/develop/develop/packages/framework/tests/Feature/HydePageTest.php" line="615" assertions="1" time="0.028046"/>
        <testcase name="test_navigation_menu_title_falls_back_to_hyde_make_title_from_slug" class="Hyde\Framework\Testing\Feature\HydePageTest" classname="Hyde.Framework.Testing.Feature.HydePageTest" file="/home/runner/work/develop/develop/packages/framework/tests/Feature/HydePageTest.php" line="621" assertions="1" time="0.026294"/>
        <testcase name="test_navigation_menu_title_can_be_set_in_configuration" class="Hyde\Framework\Testing\Feature\HydePageTest" classname="Hyde.Framework.Testing.Feature.HydePageTest" file="/home/runner/work/develop/develop/packages/framework/tests/Feature/HydePageTest.php" line="627" assertions="1" time="0.028107"/>
        <testcase name="test_documentation_page_can_be_hidden_from_navigation_using_config" class="Hyde\Framework\Testing\Feature\HydePageTest" classname="Hyde.Framework.Testing.Feature.HydePageTest" file="/home/runner/work/develop/develop/packages/framework/tests/Feature/HydePageTest.php" line="634" assertions="1" time="0.026905"/>
        <testcase name="test_get_canonical_url_returns_url_for_top_level_page" class="Hyde\Framework\Testing\Feature\HydePageTest" classname="Hyde.Framework.Testing.Feature.HydePageTest" file="/home/runner/work/develop/develop/packages/framework/tests/Feature/HydePageTest.php" line="641" assertions="1" time="0.026792"/>
        <testcase name="test_get_canonical_url_returns_pretty_url_for_top_level_page" class="Hyde\Framework\Testing\Feature\HydePageTest" classname="Hyde.Framework.Testing.Feature.HydePageTest" file="/home/runner/work/develop/develop/packages/framework/tests/Feature/HydePageTest.php" line="649" assertions="1" time="0.040902"/>
        <testcase name="test_get_canonical_url_returns_url_for_nested_page" class="Hyde\Framework\Testing\Feature\HydePageTest" classname="Hyde.Framework.Testing.Feature.HydePageTest" file="/home/runner/work/develop/develop/packages/framework/tests/Feature/HydePageTest.php" line="658" assertions="1" time="0.029453"/>
        <testcase name="test_get_canonical_url_returns_url_for_deeply_nested_page" class="Hyde\Framework\Testing\Feature\HydePageTest" classname="Hyde.Framework.Testing.Feature.HydePageTest" file="/home/runner/work/develop/develop/packages/framework/tests/Feature/HydePageTest.php" line="666" assertions="1" time="0.026834"/>
        <testcase name="test_canonical_url_is_not_set_when_identifier_is_null" class="Hyde\Framework\Testing\Feature\HydePageTest" classname="Hyde.Framework.Testing.Feature.HydePageTest" file="/home/runner/work/develop/develop/packages/framework/tests/Feature/HydePageTest.php" line="674" assertions="2" time="0.025976"/>
        <testcase name="test_canonical_url_is_not_set_when_site_url_is_null" class="Hyde\Framework\Testing\Feature\HydePageTest" classname="Hyde.Framework.Testing.Feature.HydePageTest" file="/home/runner/work/develop/develop/packages/framework/tests/Feature/HydePageTest.php" line="685" assertions="2" time="0.026753"/>
        <testcase name="test_custom_canonical_link_can_be_set_in_front_matter" class="Hyde\Framework\Testing\Feature\HydePageTest" classname="Hyde.Framework.Testing.Feature.HydePageTest" file="/home/runner/work/develop/develop/packages/framework/tests/Feature/HydePageTest.php" line="696" assertions="2" time="0.026486"/>
        <testcase name="test_render_page_metadata_returns_string" class="Hyde\Framework\Testing\Feature\HydePageTest" classname="Hyde.Framework.Testing.Feature.HydePageTest" file="/home/runner/work/develop/develop/packages/framework/tests/Feature/HydePageTest.php" line="707" assertions="1" time="0.026374"/>
        <testcase name="test_has_method_returns_true_if_page_has_standard_property" class="Hyde\Framework\Testing\Feature\HydePageTest" classname="Hyde.Framework.Testing.Feature.HydePageTest" file="/home/runner/work/develop/develop/packages/framework/tests/Feature/HydePageTest.php" line="713" assertions="1" time="0.028117"/>
        <testcase name="test_has_method_returns_false_if_page_does_not_have_standard_property" class="Hyde\Framework\Testing\Feature\HydePageTest" classname="Hyde.Framework.Testing.Feature.HydePageTest" file="/home/runner/work/develop/develop/packages/framework/tests/Feature/HydePageTest.php" line="719" assertions="1" time="0.026421"/>
        <testcase name="test_has_method_returns_true_if_page_has_dynamic_property" class="Hyde\Framework\Testing\Feature\HydePageTest" classname="Hyde.Framework.Testing.Feature.HydePageTest" file="/home/runner/work/develop/develop/packages/framework/tests/Feature/HydePageTest.php" line="725" assertions="1" time="0.026390"/>
        <testcase name="test_has_method_returns_false_if_page_does_not_have_dynamic_property" class="Hyde\Framework\Testing\Feature\HydePageTest" classname="Hyde.Framework.Testing.Feature.HydePageTest" file="/home/runner/work/develop/develop/packages/framework/tests/Feature/HydePageTest.php" line="732" assertions="1" time="0.026294"/>
        <testcase name="test_has_method_returns_true_if_page_has_property_set_in_front_matter" class="Hyde\Framework\Testing\Feature\HydePageTest" classname="Hyde.Framework.Testing.Feature.HydePageTest" file="/home/runner/work/develop/develop/packages/framework/tests/Feature/HydePageTest.php" line="738" assertions="1" time="0.027916"/>
        <testcase name="test_has_method_returns_false_if_page_does_not_have_property_set_in_front_matter" class="Hyde\Framework\Testing\Feature\HydePageTest" classname="Hyde.Framework.Testing.Feature.HydePageTest" file="/home/runner/work/develop/develop/packages/framework/tests/Feature/HydePageTest.php" line="744" assertions="1" time="0.025973"/>
        <testcase name="test_has_method_returns_false_if_property_exists_but_is_blank" class="Hyde\Framework\Testing\Feature\HydePageTest" classname="Hyde.Framework.Testing.Feature.HydePageTest" file="/home/runner/work/develop/develop/packages/framework/tests/Feature/HydePageTest.php" line="750" assertions="2" time="0.026531"/>
        <testcase name="test_has_method_returns_true_if_page_has_blank_property_set_in_front_matter" class="Hyde\Framework\Testing\Feature\HydePageTest" classname="Hyde.Framework.Testing.Feature.HydePageTest" file="/home/runner/work/develop/develop/packages/framework/tests/Feature/HydePageTest.php" line="761" assertions="2" time="0.027717"/>
        <testcase name="test_markdown_pages_can_be_saved_to_disk" class="Hyde\Framework\Testing\Feature\HydePageTest" classname="Hyde.Framework.Testing.Feature.HydePageTest" file="/home/runner/work/develop/develop/packages/framework/tests/Feature/HydePageTest.php" line="767" assertions="1" time="0.028263"/>
        <testcase name="test_save_method_converts_front_matter_array_to_yaml_block" class="Hyde\Framework\Testing\Feature\HydePageTest" classname="Hyde.Framework.Testing.Feature.HydePageTest" file="/home/runner/work/develop/develop/packages/framework/tests/Feature/HydePageTest.php" line="775" assertions="1" time="0.026957"/>
        <testcase name="test_save_method_writes_page_body_to_file" class="Hyde\Framework\Testing\Feature\HydePageTest" classname="Hyde.Framework.Testing.Feature.HydePageTest" file="/home/runner/work/develop/develop/packages/framework/tests/Feature/HydePageTest.php" line="784" assertions="1" time="0.026865"/>
        <testcase name="test_save_method_writes_page_body_to_file_with_front_matter" class="Hyde\Framework\Testing\Feature\HydePageTest" classname="Hyde.Framework.Testing.Feature.HydePageTest" file="/home/runner/work/develop/develop/packages/framework/tests/Feature/HydePageTest.php" line="793" assertions="1" time="0.029351"/>
        <testcase name="test_get_method_can_access_data_from_page" class="Hyde\Framework\Testing\Feature\HydePageTest" classname="Hyde.Framework.Testing.Feature.HydePageTest" file="/home/runner/work/develop/develop/packages/framework/tests/Feature/HydePageTest.php" line="802" assertions="1" time="0.027408"/>
        <testcase name="test_get_method_can_access_nested_data_from_page" class="Hyde\Framework\Testing\Feature\HydePageTest" classname="Hyde.Framework.Testing.Feature.HydePageTest" file="/home/runner/work/develop/develop/packages/framework/tests/Feature/HydePageTest.php" line="808" assertions="1" time="0.026189"/>
        <testcase name="test_get_method_can_access_nested_data_from_page_with_dot_notation" class="Hyde\Framework\Testing\Feature\HydePageTest" classname="Hyde.Framework.Testing.Feature.HydePageTest" file="/home/runner/work/develop/develop/packages/framework/tests/Feature/HydePageTest.php" line="814" assertions="1" time="0.028838"/>
        <testcase name="testGetLinkWithPrettyUrls" class="Hyde\Framework\Testing\Feature\HydePageTest" classname="Hyde.Framework.Testing.Feature.HydePageTest" file="/home/runner/work/develop/develop/packages/framework/tests/Feature/HydePageTest.php" line="820" assertions="1" time="0.027352"/>
        <testcase name="testGetLinkUsesHyperlinksHelper" class="Hyde\Framework\Testing\Feature\HydePageTest" classname="Hyde.Framework.Testing.Feature.HydePageTest" file="/home/runner/work/develop/develop/packages/framework/tests/Feature/HydePageTest.php" line="828" assertions="1" time="0.027749"/>
      </testsuite>
      <testsuite name="Hyde\Framework\Testing\Feature\IncludesFacadeTest" file="/home/runner/work/develop/develop/packages/framework/tests/Feature/IncludesFacadeTest.php" tests="9" assertions="13" errors="0" warnings="0" failures="0" skipped="0" time="0.238811">
        <testcase name="test_path_returns_the_includes_directory" class="Hyde\Framework\Testing\Feature\IncludesFacadeTest" classname="Hyde.Framework.Testing.Feature.IncludesFacadeTest" file="/home/runner/work/develop/develop/packages/framework/tests/Feature/IncludesFacadeTest.php" line="17" assertions="1" time="0.026228"/>
        <testcase name="test_path_returns_a_partial_within_the_includes_directory" class="Hyde\Framework\Testing\Feature\IncludesFacadeTest" classname="Hyde.Framework.Testing.Feature.IncludesFacadeTest" file="/home/runner/work/develop/develop/packages/framework/tests/Feature/IncludesFacadeTest.php" line="25" assertions="1" time="0.025739"/>
        <testcase name="test_path_creates_directory_if_it_does_not_exist" class="Hyde\Framework\Testing\Feature\IncludesFacadeTest" classname="Hyde.Framework.Testing.Feature.IncludesFacadeTest" file="/home/runner/work/develop/develop/packages/framework/tests/Feature/IncludesFacadeTest.php" line="33" assertions="2" time="0.025062"/>
        <testcase name="test_get_returns_partial" class="Hyde\Framework\Testing\Feature\IncludesFacadeTest" classname="Hyde.Framework.Testing.Feature.IncludesFacadeTest" file="/home/runner/work/develop/develop/packages/framework/tests/Feature/IncludesFacadeTest.php" line="41" assertions="1" time="0.025507"/>
        <testcase name="test_get_returns_default_value_when_not_found" class="Hyde\Framework\Testing\Feature\IncludesFacadeTest" classname="Hyde.Framework.Testing.Feature.IncludesFacadeTest" file="/home/runner/work/develop/develop/packages/framework/tests/Feature/IncludesFacadeTest.php" line="49" assertions="2" time="0.025748"/>
        <testcase name="test_markdown_returns_rendered_partial" class="Hyde\Framework\Testing\Feature\IncludesFacadeTest" classname="Hyde.Framework.Testing.Feature.IncludesFacadeTest" file="/home/runner/work/develop/develop/packages/framework/tests/Feature/IncludesFacadeTest.php" line="55" assertions="1" time="0.027319"/>
        <testcase name="test_markdown_returns_rendered_default_value_when_not_found" class="Hyde\Framework\Testing\Feature\IncludesFacadeTest" classname="Hyde.Framework.Testing.Feature.IncludesFacadeTest" file="/home/runner/work/develop/develop/packages/framework/tests/Feature/IncludesFacadeTest.php" line="63" assertions="2" time="0.026444"/>
        <testcase name="test_blade_returns_rendered_partial" class="Hyde\Framework\Testing\Feature\IncludesFacadeTest" classname="Hyde.Framework.Testing.Feature.IncludesFacadeTest" file="/home/runner/work/develop/develop/packages/framework/tests/Feature/IncludesFacadeTest.php" line="69" assertions="1" time="0.029112"/>
        <testcase name="test_blade_returns_rendered_default_value_when_not_found" class="Hyde\Framework\Testing\Feature\IncludesFacadeTest" classname="Hyde.Framework.Testing.Feature.IncludesFacadeTest" file="/home/runner/work/develop/develop/packages/framework/tests/Feature/IncludesFacadeTest.php" line="77" assertions="2" time="0.027653"/>
      </testsuite>
      <testsuite name="Hyde\Framework\Testing\Feature\MarkdownFileParserTest" file="/home/runner/work/develop/develop/packages/framework/tests/Feature/MarkdownFileParserTest.php" tests="5" assertions="14" errors="0" warnings="0" failures="0" skipped="0" time="0.144838">
        <testcase name="test_can_parse_markdown_file" class="Hyde\Framework\Testing\Feature\MarkdownFileParserTest" classname="Hyde.Framework.Testing.Feature.MarkdownFileParserTest" file="/home/runner/work/develop/develop/packages/framework/tests/Feature/MarkdownFileParserTest.php" line="36" assertions="2" time="0.037532"/>
        <testcase name="test_can_parse_markdown_file_with_front_matter" class="Hyde\Framework\Testing\Feature\MarkdownFileParserTest" classname="Hyde.Framework.Testing.Feature.MarkdownFileParserTest" file="/home/runner/work/develop/develop/packages/framework/tests/Feature/MarkdownFileParserTest.php" line="46" assertions="3" time="0.028217"/>
        <testcase name="test_parsed_markdown_post_contains_valid_front_matter" class="Hyde\Framework\Testing\Feature\MarkdownFileParserTest" classname="Hyde.Framework.Testing.Feature.MarkdownFileParserTest" file="/home/runner/work/develop/develop/packages/framework/tests/Feature/MarkdownFileParserTest.php" line="65" assertions="3" time="0.026832"/>
        <testcase name="test_parsed_front_matter_does_not_contain_slug_key" class="Hyde\Framework\Testing\Feature\MarkdownFileParserTest" classname="Hyde.Framework.Testing.Feature.MarkdownFileParserTest" file="/home/runner/work/develop/develop/packages/framework/tests/Feature/MarkdownFileParserTest.php" line="75" assertions="2" time="0.026396"/>
        <testcase name="test_static_parse_shorthand" class="Hyde\Framework\Testing\Feature\MarkdownFileParserTest" classname="Hyde.Framework.Testing.Feature.MarkdownFileParserTest" file="/home/runner/work/develop/develop/packages/framework/tests/Feature/MarkdownFileParserTest.php" line="84" assertions="4" time="0.025860"/>
      </testsuite>
      <testsuite name="Hyde\Framework\Testing\Feature\MarkdownPageTest" file="/home/runner/work/develop/develop/packages/framework/tests/Feature/MarkdownPageTest.php" tests="2" assertions="6" errors="0" warnings="0" failures="0" skipped="0" time="0.059182">
        <testcase name="test_can_get_collection_of_slugs" class="Hyde\Framework\Testing\Feature\MarkdownPageTest" classname="Hyde.Framework.Testing.Feature.MarkdownPageTest" file="/home/runner/work/develop/develop/packages/framework/tests/Feature/MarkdownPageTest.php" line="36" assertions="3" time="0.031099"/>
        <testcase name="test_created_model_contains_expected_data" class="Hyde\Framework\Testing\Feature\MarkdownPageTest" classname="Hyde.Framework.Testing.Feature.MarkdownPageTest" file="/home/runner/work/develop/develop/packages/framework/tests/Feature/MarkdownPageTest.php" line="45" assertions="3" time="0.028083"/>
      </testsuite>
      <testsuite name="Hyde\Framework\Testing\Feature\MarkdownPostTest" file="/home/runner/work/develop/develop/packages/framework/tests/Feature/MarkdownPostTest.php" tests="9" assertions="22" errors="0" warnings="0" failures="0" skipped="0" time="0.245682">
        <testcase name="test_constructor_can_create_a_new_author_instance_from_username_string" class="Hyde\Framework\Testing\Feature\MarkdownPostTest" classname="Hyde.Framework.Testing.Feature.MarkdownPostTest" file="/home/runner/work/develop/develop/packages/framework/tests/Feature/MarkdownPostTest.php" line="20" assertions="4" time="0.026180"/>
        <testcase name="test_constructor_can_create_a_new_author_instance_from_user_array" class="Hyde\Framework\Testing\Feature\MarkdownPostTest" classname="Hyde.Framework.Testing.Feature.MarkdownPostTest" file="/home/runner/work/develop/develop/packages/framework/tests/Feature/MarkdownPostTest.php" line="32" assertions="4" time="0.028551"/>
        <testcase name="test_constructor_can_create_a_new_image_instance_from_a_string" class="Hyde\Framework\Testing\Feature\MarkdownPostTest" classname="Hyde.Framework.Testing.Feature.MarkdownPostTest" file="/home/runner/work/develop/develop/packages/framework/tests/Feature/MarkdownPostTest.php" line="48" assertions="2" time="0.027444"/>
        <testcase name="test_constructor_can_create_a_new_image_instance_from_an_array" class="Hyde\Framework\Testing\Feature\MarkdownPostTest" classname="Hyde.Framework.Testing.Feature.MarkdownPostTest" file="/home/runner/work/develop/develop/packages/framework/tests/Feature/MarkdownPostTest.php" line="58" assertions="2" time="0.029504"/>
        <testcase name="test_constructor_can_create_a_new_date_string_instance_from_matter" class="Hyde\Framework\Testing\Feature\MarkdownPostTest" classname="Hyde.Framework.Testing.Feature.MarkdownPostTest" file="/home/runner/work/develop/develop/packages/framework/tests/Feature/MarkdownPostTest.php" line="70" assertions="2" time="0.027341"/>
        <testcase name="test_featured_image_can_be_constructed_returns_null_when_no_image_is_set_in_the_page_matter" class="Hyde\Framework\Testing\Feature\MarkdownPostTest" classname="Hyde.Framework.Testing.Feature.MarkdownPostTest" file="/home/runner/work/develop/develop/packages/framework/tests/Feature/MarkdownPostTest.php" line="80" assertions="1" time="0.027901"/>
        <testcase name="test_featured_image_can_be_constructed_returns_image_object_with_local_path_when_matter_is_string" class="Hyde\Framework\Testing\Feature\MarkdownPostTest" classname="Hyde.Framework.Testing.Feature.MarkdownPostTest" file="/home/runner/work/develop/develop/packages/framework/tests/Feature/MarkdownPostTest.php" line="86" assertions="2" time="0.026293"/>
        <testcase name="test_featured_image_can_be_constructed_returns_image_object_with_remote_path_when_matter_is_string" class="Hyde\Framework\Testing\Feature\MarkdownPostTest" classname="Hyde.Framework.Testing.Feature.MarkdownPostTest" file="/home/runner/work/develop/develop/packages/framework/tests/Feature/MarkdownPostTest.php" line="94" assertions="2" time="0.025787"/>
        <testcase name="test_featured_image_can_be_constructed_returns_image_object_with_supplied_data_when_matter_is_array" class="Hyde\Framework\Testing\Feature\MarkdownPostTest" classname="Hyde.Framework.Testing.Feature.MarkdownPostTest" file="/home/runner/work/develop/develop/packages/framework/tests/Feature/MarkdownPostTest.php" line="102" assertions="3" time="0.026682"/>
      </testsuite>
      <testsuite name="Hyde\Framework\Testing\Feature\MarkdownServiceTest" file="/home/runner/work/develop/develop/packages/framework/tests/Feature/MarkdownServiceTest.php" tests="24" assertions="28" errors="0" warnings="0" failures="0" skipped="0" time="0.671871">
        <testcase name="test_service_can_parse_markdown_to_html" class="Hyde\Framework\Testing\Feature\MarkdownServiceTest" classname="Hyde.Framework.Testing.Feature.MarkdownServiceTest" file="/home/runner/work/develop/develop/packages/framework/tests/Feature/MarkdownServiceTest.php" line="18" assertions="2" time="0.026782"/>
        <testcase name="test_service_can_parse_markdown_to_html_with_permalinks" class="Hyde\Framework\Testing\Feature\MarkdownServiceTest" classname="Hyde.Framework.Testing.Feature.MarkdownServiceTest" file="/home/runner/work/develop/develop/packages/framework/tests/Feature/MarkdownServiceTest.php" line="28" assertions="2" time="0.027146"/>
        <testcase name="test_torchlight_extension_is_not_enabled_by_default" class="Hyde\Framework\Testing\Feature\MarkdownServiceTest" classname="Hyde.Framework.Testing.Feature.MarkdownServiceTest" file="/home/runner/work/develop/develop/packages/framework/tests/Feature/MarkdownServiceTest.php" line="42" assertions="1" time="0.028378"/>
        <testcase name="test_torchlight_extension_is_enabled_automatically_when_has_torchlight_feature" class="Hyde\Framework\Testing\Feature\MarkdownServiceTest" classname="Hyde.Framework.Testing.Feature.MarkdownServiceTest" file="/home/runner/work/develop/develop/packages/framework/tests/Feature/MarkdownServiceTest.php" line="50" assertions="1" time="0.028323"/>
        <testcase name="test_torchlight_integration_injects_attribution" class="Hyde\Framework\Testing\Feature\MarkdownServiceTest" classname="Hyde.Framework.Testing.Feature.MarkdownServiceTest" file="/home/runner/work/develop/develop/packages/framework/tests/Feature/MarkdownServiceTest.php" line="58" assertions="1" time="0.029632"/>
        <testcase name="test_bladedown_is_not_enabled_by_default" class="Hyde\Framework\Testing\Feature\MarkdownServiceTest" classname="Hyde.Framework.Testing.Feature.MarkdownServiceTest" file="/home/runner/work/develop/develop/packages/framework/tests/Feature/MarkdownServiceTest.php" line="72" assertions="1" time="0.029300"/>
        <testcase name="test_bladedown_can_be_enabled" class="Hyde\Framework\Testing\Feature\MarkdownServiceTest" classname="Hyde.Framework.Testing.Feature.MarkdownServiceTest" file="/home/runner/work/develop/develop/packages/framework/tests/Feature/MarkdownServiceTest.php" line="78" assertions="1" time="0.032440"/>
        <testcase name="test_raw_html_tags_are_stripped_by_default" class="Hyde\Framework\Testing\Feature\MarkdownServiceTest" classname="Hyde.Framework.Testing.Feature.MarkdownServiceTest" file="/home/runner/work/develop/develop/packages/framework/tests/Feature/MarkdownServiceTest.php" line="86" assertions="1" time="0.041539"/>
        <testcase name="test_raw_html_tags_are_not_stripped_when_explicitly_enabled" class="Hyde\Framework\Testing\Feature\MarkdownServiceTest" classname="Hyde.Framework.Testing.Feature.MarkdownServiceTest" file="/home/runner/work/develop/develop/packages/framework/tests/Feature/MarkdownServiceTest.php" line="94" assertions="1" time="0.033049"/>
        <testcase name="test_has_features_array" class="Hyde\Framework\Testing\Feature\MarkdownServiceTest" classname="Hyde.Framework.Testing.Feature.MarkdownServiceTest" file="/home/runner/work/develop/develop/packages/framework/tests/Feature/MarkdownServiceTest.php" line="103" assertions="1" time="0.025639"/>
        <testcase name="test_the_features_array_is_empty_by_default" class="Hyde\Framework\Testing\Feature\MarkdownServiceTest" classname="Hyde.Framework.Testing.Feature.MarkdownServiceTest" file="/home/runner/work/develop/develop/packages/framework/tests/Feature/MarkdownServiceTest.php" line="110" assertions="1" time="0.025955"/>
        <testcase name="test_features_can_be_added_to_the_array" class="Hyde\Framework\Testing\Feature\MarkdownServiceTest" classname="Hyde.Framework.Testing.Feature.MarkdownServiceTest" file="/home/runner/work/develop/develop/packages/framework/tests/Feature/MarkdownServiceTest.php" line="117" assertions="1" time="0.027569"/>
        <testcase name="test_features_can_be_removed_from_the_array" class="Hyde\Framework\Testing\Feature\MarkdownServiceTest" classname="Hyde.Framework.Testing.Feature.MarkdownServiceTest" file="/home/runner/work/develop/develop/packages/framework/tests/Feature/MarkdownServiceTest.php" line="125" assertions="1" time="0.026781"/>
        <testcase name="test_method_chaining_can_be_used_to_programmatically_add_features_to_the_array" class="Hyde\Framework\Testing\Feature\MarkdownServiceTest" classname="Hyde.Framework.Testing.Feature.MarkdownServiceTest" file="/home/runner/work/develop/develop/packages/framework/tests/Feature/MarkdownServiceTest.php" line="134" assertions="2" time="0.025458"/>
        <testcase name="test_method_chaining_can_be_used_to_programmatically_remove_features_from_the_array" class="Hyde\Framework\Testing\Feature\MarkdownServiceTest" classname="Hyde.Framework.Testing.Feature.MarkdownServiceTest" file="/home/runner/work/develop/develop/packages/framework/tests/Feature/MarkdownServiceTest.php" line="143" assertions="2" time="0.026918"/>
        <testcase name="test_method_with_table_of_contents_method_chain_adds_the_table_of_contents_feature" class="Hyde\Framework\Testing\Feature\MarkdownServiceTest" classname="Hyde.Framework.Testing.Feature.MarkdownServiceTest" file="/home/runner/work/develop/develop/packages/framework/tests/Feature/MarkdownServiceTest.php" line="152" assertions="1" time="0.025912"/>
        <testcase name="test_method_with_permalinks_method_chain_adds_the_permalinks_feature" class="Hyde\Framework\Testing\Feature\MarkdownServiceTest" classname="Hyde.Framework.Testing.Feature.MarkdownServiceTest" file="/home/runner/work/develop/develop/packages/framework/tests/Feature/MarkdownServiceTest.php" line="160" assertions="1" time="0.026046"/>
        <testcase name="test_has_feature_returns_true_if_the_feature_is_in_the_array" class="Hyde\Framework\Testing\Feature\MarkdownServiceTest" classname="Hyde.Framework.Testing.Feature.MarkdownServiceTest" file="/home/runner/work/develop/develop/packages/framework/tests/Feature/MarkdownServiceTest.php" line="168" assertions="1" time="0.025877"/>
        <testcase name="test_has_feature_returns_false_if_the_feature_is_not_in_the_array" class="Hyde\Framework\Testing\Feature\MarkdownServiceTest" classname="Hyde.Framework.Testing.Feature.MarkdownServiceTest" file="/home/runner/work/develop/develop/packages/framework/tests/Feature/MarkdownServiceTest.php" line="176" assertions="1" time="0.025981"/>
        <testcase name="test_method_can_enable_permalinks_returns_true_if_the_permalinks_feature_is_in_the_array" class="Hyde\Framework\Testing\Feature\MarkdownServiceTest" classname="Hyde.Framework.Testing.Feature.MarkdownServiceTest" file="/home/runner/work/develop/develop/packages/framework/tests/Feature/MarkdownServiceTest.php" line="183" assertions="1" time="0.026063"/>
        <testcase name="test_method_can_enable_permalinks_is_automatically_for_documentation_pages" class="Hyde\Framework\Testing\Feature\MarkdownServiceTest" classname="Hyde.Framework.Testing.Feature.MarkdownServiceTest" file="/home/runner/work/develop/develop/packages/framework/tests/Feature/MarkdownServiceTest.php" line="191" assertions="1" time="0.026462"/>
        <testcase name="test_method_can_enable_permalinks_returns_false_if_the_permalinks_feature_is_not_in_the_array" class="Hyde\Framework\Testing\Feature\MarkdownServiceTest" classname="Hyde.Framework.Testing.Feature.MarkdownServiceTest" file="/home/runner/work/develop/develop/packages/framework/tests/Feature/MarkdownServiceTest.php" line="201" assertions="1" time="0.026913"/>
        <testcase name="test_method_can_enable_torchlight_returns_true_if_the_torchlight_feature_is_in_the_array" class="Hyde\Framework\Testing\Feature\MarkdownServiceTest" classname="Hyde.Framework.Testing.Feature.MarkdownServiceTest" file="/home/runner/work/develop/develop/packages/framework/tests/Feature/MarkdownServiceTest.php" line="208" assertions="1" time="0.027566"/>
        <testcase name="test_method_can_enable_torchlight_returns_false_if_the_torchlight_feature_is_not_in_the_array" class="Hyde\Framework\Testing\Feature\MarkdownServiceTest" classname="Hyde.Framework.Testing.Feature.MarkdownServiceTest" file="/home/runner/work/develop/develop/packages/framework/tests/Feature/MarkdownServiceTest.php" line="216" assertions="1" time="0.026142"/>
      </testsuite>
      <testsuite name="Hyde\Framework\Testing\Feature\MetadataHelperTest" file="/home/runner/work/develop/develop/packages/framework/tests/Feature/MetadataHelperTest.php" tests="9" assertions="9" errors="0" warnings="0" failures="0" skipped="0" time="0.241581">
        <testcase name="test_name_method_returns_a_valid_html_meta_string" class="Hyde\Framework\Testing\Feature\MetadataHelperTest" classname="Hyde.Framework.Testing.Feature.MetadataHelperTest" file="/home/runner/work/develop/develop/packages/framework/tests/Feature/MetadataHelperTest.php" line="24" assertions="1" time="0.024765"/>
        <testcase name="test_property_method_returns_a_valid_html_meta_string" class="Hyde\Framework\Testing\Feature\MetadataHelperTest" classname="Hyde.Framework.Testing.Feature.MetadataHelperTest" file="/home/runner/work/develop/develop/packages/framework/tests/Feature/MetadataHelperTest.php" line="32" assertions="1" time="0.026083"/>
        <testcase name="test_property_method_accepts_property_with_og_prefix" class="Hyde\Framework\Testing\Feature\MetadataHelperTest" classname="Hyde.Framework.Testing.Feature.MetadataHelperTest" file="/home/runner/work/develop/develop/packages/framework/tests/Feature/MetadataHelperTest.php" line="40" assertions="1" time="0.026900"/>
        <testcase name="test_property_method_accepts_property_without_og_prefix" class="Hyde\Framework\Testing\Feature\MetadataHelperTest" classname="Hyde.Framework.Testing.Feature.MetadataHelperTest" file="/home/runner/work/develop/develop/packages/framework/tests/Feature/MetadataHelperTest.php" line="48" assertions="1" time="0.025437"/>
        <testcase name="test_link_method_returns_a_valid_html_link_string" class="Hyde\Framework\Testing\Feature\MetadataHelperTest" classname="Hyde.Framework.Testing.Feature.MetadataHelperTest" file="/home/runner/work/develop/develop/packages/framework/tests/Feature/MetadataHelperTest.php" line="56" assertions="1" time="0.029848"/>
        <testcase name="test_link_method_returns_a_valid_html_link_string_with_attributes" class="Hyde\Framework\Testing\Feature\MetadataHelperTest" classname="Hyde.Framework.Testing.Feature.MetadataHelperTest" file="/home/runner/work/develop/develop/packages/framework/tests/Feature/MetadataHelperTest.php" line="64" assertions="1" time="0.025593"/>
        <testcase name="test_link_method_returns_a_valid_html_link_string_with_multiple_attributes" class="Hyde\Framework\Testing\Feature\MetadataHelperTest" classname="Hyde.Framework.Testing.Feature.MetadataHelperTest" file="/home/runner/work/develop/develop/packages/framework/tests/Feature/MetadataHelperTest.php" line="72" assertions="1" time="0.028177"/>
        <testcase name="test_get_method_returns_global_metadata_bag" class="Hyde\Framework\Testing\Feature\MetadataHelperTest" classname="Hyde.Framework.Testing.Feature.MetadataHelperTest" file="/home/runner/work/develop/develop/packages/framework/tests/Feature/MetadataHelperTest.php" line="80" assertions="1" time="0.026379"/>
        <testcase name="test_render_method_renders_global_metadata_bag" class="Hyde\Framework\Testing\Feature\MetadataHelperTest" classname="Hyde.Framework.Testing.Feature.MetadataHelperTest" file="/home/runner/work/develop/develop/packages/framework/tests/Feature/MetadataHelperTest.php" line="85" assertions="1" time="0.028401"/>
      </testsuite>
      <testsuite name="Hyde\Framework\Testing\Feature\MetadataTest" file="/home/runner/work/develop/develop/packages/framework/tests/Feature/MetadataTest.php" tests="44" assertions="51" errors="0" warnings="0" failures="0" skipped="0" time="1.220802">
        <testcase name="test_metadata_object_is_generated_automatically" class="Hyde\Framework\Testing\Feature\MetadataTest" classname="Hyde.Framework.Testing.Feature.MetadataTest" file="/home/runner/work/develop/develop/packages/framework/tests/Feature/MetadataTest.php" line="53" assertions="3" time="0.026841"/>
        <testcase name="test_link_item_model" class="Hyde\Framework\Testing\Feature\MetadataTest" classname="Hyde.Framework.Testing.Feature.MetadataTest" file="/home/runner/work/develop/develop/packages/framework/tests/Feature/MetadataTest.php" line="62" assertions="3" time="0.026072"/>
        <testcase name="test_metadata_item_model" class="Hyde\Framework\Testing\Feature\MetadataTest" classname="Hyde.Framework.Testing.Feature.MetadataTest" file="/home/runner/work/develop/develop/packages/framework/tests/Feature/MetadataTest.php" line="72" assertions="2" time="0.026295"/>
        <testcase name="test_open_graph_item_model" class="Hyde\Framework\Testing\Feature\MetadataTest" classname="Hyde.Framework.Testing.Feature.MetadataTest" file="/home/runner/work/develop/develop/packages/framework/tests/Feature/MetadataTest.php" line="79" assertions="3" time="0.026753"/>
        <testcase name="test_link_item_can_be_added" class="Hyde\Framework\Testing\Feature\MetadataTest" classname="Hyde.Framework.Testing.Feature.MetadataTest" file="/home/runner/work/develop/develop/packages/framework/tests/Feature/MetadataTest.php" line="89" assertions="1" time="0.033956"/>
        <testcase name="test_metadata_item_can_be_added" class="Hyde\Framework\Testing\Feature\MetadataTest" classname="Hyde.Framework.Testing.Feature.MetadataTest" file="/home/runner/work/develop/develop/packages/framework/tests/Feature/MetadataTest.php" line="99" assertions="1" time="0.026233"/>
        <testcase name="test_open_graph_item_can_be_added" class="Hyde\Framework\Testing\Feature\MetadataTest" classname="Hyde.Framework.Testing.Feature.MetadataTest" file="/home/runner/work/develop/develop/packages/framework/tests/Feature/MetadataTest.php" line="109" assertions="1" time="0.026950"/>
        <testcase name="test_generic_item_can_be_added" class="Hyde\Framework\Testing\Feature\MetadataTest" classname="Hyde.Framework.Testing.Feature.MetadataTest" file="/home/runner/work/develop/develop/packages/framework/tests/Feature/MetadataTest.php" line="119" assertions="1" time="0.025796"/>
        <testcase name="test_multiple_items_can_be_accessed_with_get_method" class="Hyde\Framework\Testing\Feature\MetadataTest" classname="Hyde.Framework.Testing.Feature.MetadataTest" file="/home/runner/work/develop/develop/packages/framework/tests/Feature/MetadataTest.php" line="129" assertions="1" time="0.036783"/>
        <testcase name="test_multiple_items_of_same_key_and_type_only_keeps_latest" class="Hyde\Framework\Testing\Feature\MetadataTest" classname="Hyde.Framework.Testing.Feature.MetadataTest" file="/home/runner/work/develop/develop/packages/framework/tests/Feature/MetadataTest.php" line="145" assertions="1" time="0.026581"/>
        <testcase name="test_render_returns_html_string_of_imploded_metadata_arrays" class="Hyde\Framework\Testing\Feature\MetadataTest" classname="Hyde.Framework.Testing.Feature.MetadataTest" file="/home/runner/work/develop/develop/packages/framework/tests/Feature/MetadataTest.php" line="156" assertions="1" time="0.025768"/>
        <testcase name="test_custom_metadata_overrides_config_defined_metadata" class="Hyde\Framework\Testing\Feature\MetadataTest" classname="Hyde.Framework.Testing.Feature.MetadataTest" file="/home/runner/work/develop/develop/packages/framework/tests/Feature/MetadataTest.php" line="173" assertions="1" time="0.031143"/>
        <testcase name="test_dynamic_metadata_overrides_config_defined_metadata" class="Hyde\Framework\Testing\Feature\MetadataTest" classname="Hyde.Framework.Testing.Feature.MetadataTest" file="/home/runner/work/develop/develop/packages/framework/tests/Feature/MetadataTest.php" line="185" assertions="1" time="0.028792"/>
        <testcase name="test_does_not_add_canonical_link_when_base_url_is_not_set" class="Hyde\Framework\Testing\Feature\MetadataTest" classname="Hyde.Framework.Testing.Feature.MetadataTest" file="/home/runner/work/develop/develop/packages/framework/tests/Feature/MetadataTest.php" line="198" assertions="1" time="0.028762"/>
        <testcase name="test_does_not_add_canonical_link_when_identifier_is_not_set" class="Hyde\Framework\Testing\Feature\MetadataTest" classname="Hyde.Framework.Testing.Feature.MetadataTest" file="/home/runner/work/develop/develop/packages/framework/tests/Feature/MetadataTest.php" line="206" assertions="1" time="0.026800"/>
        <testcase name="test_adds_canonical_link_when_base_url_and_identifier_is_set" class="Hyde\Framework\Testing\Feature\MetadataTest" classname="Hyde.Framework.Testing.Feature.MetadataTest" file="/home/runner/work/develop/develop/packages/framework/tests/Feature/MetadataTest.php" line="214" assertions="1" time="0.026677"/>
        <testcase name="test_canonical_link_uses_clean_url_setting" class="Hyde\Framework\Testing\Feature\MetadataTest" classname="Hyde.Framework.Testing.Feature.MetadataTest" file="/home/runner/work/develop/develop/packages/framework/tests/Feature/MetadataTest.php" line="222" assertions="1" time="0.028372"/>
        <testcase name="test_can_override_canonical_link_with_front_matter" class="Hyde\Framework\Testing\Feature\MetadataTest" classname="Hyde.Framework.Testing.Feature.MetadataTest" file="/home/runner/work/develop/develop/packages/framework/tests/Feature/MetadataTest.php" line="231" assertions="1" time="0.026136"/>
        <testcase name="test_adds_twitter_and_open_graph_title_when_title_is_set" class="Hyde\Framework\Testing\Feature\MetadataTest" classname="Hyde.Framework.Testing.Feature.MetadataTest" file="/home/runner/work/develop/develop/packages/framework/tests/Feature/MetadataTest.php" line="240" assertions="1" time="0.031592"/>
        <testcase name="test_does_not_add_twitter_and_open_graph_title_when_no_title_is_set" class="Hyde\Framework\Testing\Feature\MetadataTest" classname="Hyde.Framework.Testing.Feature.MetadataTest" file="/home/runner/work/develop/develop/packages/framework/tests/Feature/MetadataTest.php" line="251" assertions="1" time="0.026896"/>
        <testcase name="test_adds_description_when_description_is_set_in_post" class="Hyde\Framework\Testing\Feature\MetadataTest" classname="Hyde.Framework.Testing.Feature.MetadataTest" file="/home/runner/work/develop/develop/packages/framework/tests/Feature/MetadataTest.php" line="260" assertions="1" time="0.028519"/>
        <testcase name="test_does_not_add_description_when_description_is_not_set_in_post" class="Hyde\Framework\Testing\Feature\MetadataTest" classname="Hyde.Framework.Testing.Feature.MetadataTest" file="/home/runner/work/develop/develop/packages/framework/tests/Feature/MetadataTest.php" line="266" assertions="1" time="0.025943"/>
        <testcase name="test_adds_author_when_author_is_set_in_post" class="Hyde\Framework\Testing\Feature\MetadataTest" classname="Hyde.Framework.Testing.Feature.MetadataTest" file="/home/runner/work/develop/develop/packages/framework/tests/Feature/MetadataTest.php" line="272" assertions="1" time="0.026834"/>
        <testcase name="test_does_not_add_author_when_author_is_not_set_in_post" class="Hyde\Framework\Testing\Feature\MetadataTest" classname="Hyde.Framework.Testing.Feature.MetadataTest" file="/home/runner/work/develop/develop/packages/framework/tests/Feature/MetadataTest.php" line="278" assertions="1" time="0.027945"/>
        <testcase name="test_adds_keywords_when_category_is_set_in_post" class="Hyde\Framework\Testing\Feature\MetadataTest" classname="Hyde.Framework.Testing.Feature.MetadataTest" file="/home/runner/work/develop/develop/packages/framework/tests/Feature/MetadataTest.php" line="284" assertions="1" time="0.030997"/>
        <testcase name="test_does_not_add_keywords_when_category_is_not_set_in_post" class="Hyde\Framework\Testing\Feature\MetadataTest" classname="Hyde.Framework.Testing.Feature.MetadataTest" file="/home/runner/work/develop/develop/packages/framework/tests/Feature/MetadataTest.php" line="290" assertions="1" time="0.027872"/>
        <testcase name="test_adds_url_property_when_canonical_url_is_set_in_post" class="Hyde\Framework\Testing\Feature\MetadataTest" classname="Hyde.Framework.Testing.Feature.MetadataTest" file="/home/runner/work/develop/develop/packages/framework/tests/Feature/MetadataTest.php" line="296" assertions="1" time="0.026619"/>
        <testcase name="test_does_not_add_url_property_when_canonical_url_is_not_set_in_post" class="Hyde\Framework\Testing\Feature\MetadataTest" classname="Hyde.Framework.Testing.Feature.MetadataTest" file="/home/runner/work/develop/develop/packages/framework/tests/Feature/MetadataTest.php" line="302" assertions="1" time="0.027258"/>
        <testcase name="test_does_not_add_url_property_when_canonical_url_is_null" class="Hyde\Framework\Testing\Feature\MetadataTest" classname="Hyde.Framework.Testing.Feature.MetadataTest" file="/home/runner/work/develop/develop/packages/framework/tests/Feature/MetadataTest.php" line="308" assertions="1" time="0.026035"/>
        <testcase name="test_adds_title_property_when_title_is_set_in_post" class="Hyde\Framework\Testing\Feature\MetadataTest" classname="Hyde.Framework.Testing.Feature.MetadataTest" file="/home/runner/work/develop/develop/packages/framework/tests/Feature/MetadataTest.php" line="314" assertions="1" time="0.026049"/>
        <testcase name="test_does_not_add_title_property_when_title_is_not_set_in_post" class="Hyde\Framework\Testing\Feature\MetadataTest" classname="Hyde.Framework.Testing.Feature.MetadataTest" file="/home/runner/work/develop/develop/packages/framework/tests/Feature/MetadataTest.php" line="320" assertions="1" time="0.030515"/>
        <testcase name="test_adds_published_time_property_when_date_is_set_in_post" class="Hyde\Framework\Testing\Feature\MetadataTest" classname="Hyde.Framework.Testing.Feature.MetadataTest" file="/home/runner/work/develop/develop/packages/framework/tests/Feature/MetadataTest.php" line="326" assertions="1" time="0.027460"/>
        <testcase name="test_does_not_add_published_time_property_when_date_is_not_set_in_post" class="Hyde\Framework\Testing\Feature\MetadataTest" classname="Hyde.Framework.Testing.Feature.MetadataTest" file="/home/runner/work/develop/develop/packages/framework/tests/Feature/MetadataTest.php" line="332" assertions="1" time="0.027474"/>
        <testcase name="test_adds_image_property_when_image_is_set_in_post" class="Hyde\Framework\Testing\Feature\MetadataTest" classname="Hyde.Framework.Testing.Feature.MetadataTest" file="/home/runner/work/develop/develop/packages/framework/tests/Feature/MetadataTest.php" line="338" assertions="1" time="0.028091"/>
        <testcase name="test_does_not_add_image_property_when_image_is_not_set_in_post" class="Hyde\Framework\Testing\Feature\MetadataTest" classname="Hyde.Framework.Testing.Feature.MetadataTest" file="/home/runner/work/develop/develop/packages/framework/tests/Feature/MetadataTest.php" line="344" assertions="1" time="0.029424"/>
        <testcase name="test_adds_type_property_automatically" class="Hyde\Framework\Testing\Feature\MetadataTest" classname="Hyde.Framework.Testing.Feature.MetadataTest" file="/home/runner/work/develop/develop/packages/framework/tests/Feature/MetadataTest.php" line="350" assertions="1" time="0.026364"/>
        <testcase name="test_dynamic_post_meta_properties_returns_base_array_when_initialized_with_empty_front_matter" class="Hyde\Framework\Testing\Feature\MetadataTest" classname="Hyde.Framework.Testing.Feature.MetadataTest" file="/home/runner/work/develop/develop/packages/framework/tests/Feature/MetadataTest.php" line="356" assertions="1" time="0.026173"/>
        <testcase name="test_dynamic_post_meta_properties_contains_image_metadata_when_featured_image_set_to_string" class="Hyde\Framework\Testing\Feature\MetadataTest" classname="Hyde.Framework.Testing.Feature.MetadataTest" file="/home/runner/work/develop/develop/packages/framework/tests/Feature/MetadataTest.php" line="362" assertions="1" time="0.028109"/>
        <testcase name="test_dynamic_post_meta_properties_contains_image_link_that_is_always_relative" class="Hyde\Framework\Testing\Feature\MetadataTest" classname="Hyde.Framework.Testing.Feature.MetadataTest" file="/home/runner/work/develop/develop/packages/framework/tests/Feature/MetadataTest.php" line="371" assertions="1" time="0.025980"/>
        <testcase name="test_dynamic_post_meta_properties_contains_image_metadata_when_featured_image_set_to_array_with_path" class="Hyde\Framework\Testing\Feature\MetadataTest" classname="Hyde.Framework.Testing.Feature.MetadataTest" file="/home/runner/work/develop/develop/packages/framework/tests/Feature/MetadataTest.php" line="380" assertions="1" time="0.026578"/>
        <testcase name="test_dynamic_post_meta_properties_contains_image_metadata_when_featured_image_set_to_array_with_url" class="Hyde\Framework\Testing\Feature\MetadataTest" classname="Hyde.Framework.Testing.Feature.MetadataTest" file="/home/runner/work/develop/develop/packages/framework/tests/Feature/MetadataTest.php" line="391" assertions="1" time="0.027480"/>
        <testcase name="test_dynamic_post_author_returns_author_name_when_author_set_to_array_using_username" class="Hyde\Framework\Testing\Feature\MetadataTest" classname="Hyde.Framework.Testing.Feature.MetadataTest" file="/home/runner/work/develop/develop/packages/framework/tests/Feature/MetadataTest.php" line="402" assertions="1" time="0.027532"/>
        <testcase name="test_dynamic_post_author_returns_author_name_when_author_set_to_array_using_name" class="Hyde\Framework\Testing\Feature\MetadataTest" classname="Hyde.Framework.Testing.Feature.MetadataTest" file="/home/runner/work/develop/develop/packages/framework/tests/Feature/MetadataTest.php" line="412" assertions="1" time="0.026082"/>
        <testcase name="test_no_author_is_set_when_author_set_to_array_without_name_or_username" class="Hyde\Framework\Testing\Feature\MetadataTest" classname="Hyde.Framework.Testing.Feature.MetadataTest" file="/home/runner/work/develop/develop/packages/framework/tests/Feature/MetadataTest.php" line="423" assertions="1" time="0.026274"/>
      </testsuite>
      <testsuite name="Hyde\Framework\Testing\Feature\MetadataViewTest" file="/home/runner/work/develop/develop/packages/framework/tests/Feature/MetadataViewTest.php" tests="5" assertions="84" errors="0" warnings="0" failures="0" skipped="0" time="0.260365">
        <testcase name="test_metadata_tags_in_empty_blade_page" class="Hyde\Framework\Testing\Feature\MetadataViewTest" classname="Hyde.Framework.Testing.Feature.MetadataViewTest" file="/home/runner/work/develop/develop/packages/framework/tests/Feature/MetadataViewTest.php" line="88" assertions="13" time="0.045300"/>
        <testcase name="test_metadata_tags_in_empty_markdown_page" class="Hyde\Framework\Testing\Feature\MetadataViewTest" classname="Hyde.Framework.Testing.Feature.MetadataViewTest" file="/home/runner/work/develop/develop/packages/framework/tests/Feature/MetadataViewTest.php" line="104" assertions="13" time="0.049716"/>
        <testcase name="test_metadata_tags_in_empty_documentation_page" class="Hyde\Framework\Testing\Feature\MetadataViewTest" classname="Hyde.Framework.Testing.Feature.MetadataViewTest" file="/home/runner/work/develop/develop/packages/framework/tests/Feature/MetadataViewTest.php" line="120" assertions="13" time="0.058364"/>
        <testcase name="test_metadata_tags_in_empty_markdown_post" class="Hyde\Framework\Testing\Feature\MetadataViewTest" classname="Hyde.Framework.Testing.Feature.MetadataViewTest" file="/home/runner/work/develop/develop/packages/framework/tests/Feature/MetadataViewTest.php" line="136" assertions="19" time="0.049528"/>
        <testcase name="test_metadata_tags_in_markdown_post_with_flat_front_matter" class="Hyde\Framework\Testing\Feature\MetadataViewTest" classname="Hyde.Framework.Testing.Feature.MetadataViewTest" file="/home/runner/work/develop/develop/packages/framework/tests/Feature/MetadataViewTest.php" line="158" assertions="26" time="0.057458"/>
      </testsuite>
      <testsuite name="Hyde\Framework\Testing\Feature\NavigationDataTest" file="/home/runner/work/develop/develop/packages/framework/tests/Feature/NavigationDataTest.php" tests="5" assertions="8" errors="0" warnings="0" failures="0" skipped="0" time="0.132898">
        <testcase name="testClassMatchesSchema" class="Hyde\Framework\Testing\Feature\NavigationDataTest" classname="Hyde.Framework.Testing.Feature.NavigationDataTest" file="/home/runner/work/develop/develop/packages/framework/tests/Feature/NavigationDataTest.php" line="23" assertions="1" time="0.025593"/>
        <testcase name="test__construct" class="Hyde\Framework\Testing\Feature\NavigationDataTest" classname="Hyde.Framework.Testing.Feature.NavigationDataTest" file="/home/runner/work/develop/develop/packages/framework/tests/Feature/NavigationDataTest.php" line="31" assertions="4" time="0.027548"/>
        <testcase name="testMake" class="Hyde\Framework\Testing\Feature\NavigationDataTest" classname="Hyde.Framework.Testing.Feature.NavigationDataTest" file="/home/runner/work/develop/develop/packages/framework/tests/Feature/NavigationDataTest.php" line="41" assertions="1" time="0.026566"/>
        <testcase name="testToArray" class="Hyde\Framework\Testing\Feature\NavigationDataTest" classname="Hyde.Framework.Testing.Feature.NavigationDataTest" file="/home/runner/work/develop/develop/packages/framework/tests/Feature/NavigationDataTest.php" line="48" assertions="1" time="0.026982"/>
        <testcase name="testJsonSerialize" class="Hyde\Framework\Testing\Feature\NavigationDataTest" classname="Hyde.Framework.Testing.Feature.NavigationDataTest" file="/home/runner/work/develop/develop/packages/framework/tests/Feature/NavigationDataTest.php" line="53" assertions="1" time="0.026209"/>
      </testsuite>
      <testsuite name="Hyde\Framework\Testing\Feature\NavigationMenuTest" file="/home/runner/work/develop/develop/packages/framework/tests/Feature/NavigationMenuTest.php" tests="14" assertions="26" errors="0" warnings="0" failures="0" skipped="0" time="0.449735">
        <testcase name="test_constructor" class="Hyde\Framework\Testing\Feature\NavigationMenuTest" classname="Hyde.Framework.Testing.Feature.NavigationMenuTest" file="/home/runner/work/develop/develop/packages/framework/tests/Feature/NavigationMenuTest.php" line="19" assertions="1" time="0.026589"/>
        <testcase name="test_generate_method_creates_collection_of_nav_items" class="Hyde\Framework\Testing\Feature\NavigationMenuTest" classname="Hyde.Framework.Testing.Feature.NavigationMenuTest" file="/home/runner/work/develop/develop/packages/framework/tests/Feature/NavigationMenuTest.php" line="26" assertions="2" time="0.025840"/>
        <testcase name="test_generate_method_adds_route_items" class="Hyde\Framework\Testing\Feature\NavigationMenuTest" classname="Hyde.Framework.Testing.Feature.NavigationMenuTest" file="/home/runner/work/develop/develop/packages/framework/tests/Feature/NavigationMenuTest.php" line="34" assertions="2" time="0.031991"/>
        <testcase name="test_sort_method_sorts_items_by_priority" class="Hyde\Framework\Testing\Feature\NavigationMenuTest" classname="Hyde.Framework.Testing.Feature.NavigationMenuTest" file="/home/runner/work/develop/develop/packages/framework/tests/Feature/NavigationMenuTest.php" line="48" assertions="2" time="0.032892"/>
        <testcase name="test_filter_method_removes_items_with_hidden_property_set_to_true" class="Hyde\Framework\Testing\Feature\NavigationMenuTest" classname="Hyde.Framework.Testing.Feature.NavigationMenuTest" file="/home/runner/work/develop/develop/packages/framework/tests/Feature/NavigationMenuTest.php" line="62" assertions="2" time="0.031801"/>
        <testcase name="test_static_create_method_creates_new_processed_collection" class="Hyde\Framework\Testing\Feature\NavigationMenuTest" classname="Hyde.Framework.Testing.Feature.NavigationMenuTest" file="/home/runner/work/develop/develop/packages/framework/tests/Feature/NavigationMenuTest.php" line="75" assertions="2" time="0.034388"/>
        <testcase name="test_created_collection_is_sorted_by_navigation_menu_priority" class="Hyde\Framework\Testing\Feature\NavigationMenuTest" classname="Hyde.Framework.Testing.Feature.NavigationMenuTest" file="/home/runner/work/develop/develop/packages/framework/tests/Feature/NavigationMenuTest.php" line="87" assertions="2" time="0.037526"/>
        <testcase name="test_is_sorted_automatically_when_using_navigation_menu_create" class="Hyde\Framework\Testing\Feature\NavigationMenuTest" classname="Hyde.Framework.Testing.Feature.NavigationMenuTest" file="/home/runner/work/develop/develop/packages/framework/tests/Feature/NavigationMenuTest.php" line="107" assertions="2" time="0.033350"/>
        <testcase name="test_collection_only_contains_nav_items" class="Hyde\Framework\Testing\Feature\NavigationMenuTest" classname="Hyde.Framework.Testing.Feature.NavigationMenuTest" file="/home/runner/work/develop/develop/packages/framework/tests/Feature/NavigationMenuTest.php" line="124" assertions="1" time="0.031235"/>
        <testcase name="test_external_link_can_be_added_in_config" class="Hyde\Framework\Testing\Feature\NavigationMenuTest" classname="Hyde.Framework.Testing.Feature.NavigationMenuTest" file="/home/runner/work/develop/develop/packages/framework/tests/Feature/NavigationMenuTest.php" line="129" assertions="2" time="0.032950"/>
        <testcase name="test_path_link_can_be_added_in_config" class="Hyde\Framework\Testing\Feature\NavigationMenuTest" classname="Hyde.Framework.Testing.Feature.NavigationMenuTest" file="/home/runner/work/develop/develop/packages/framework/tests/Feature/NavigationMenuTest.php" line="144" assertions="2" time="0.031086"/>
        <testcase name="test_duplicates_are_removed_when_adding_in_config" class="Hyde\Framework\Testing\Feature\NavigationMenuTest" classname="Hyde.Framework.Testing.Feature.NavigationMenuTest" file="/home/runner/work/develop/develop/packages/framework/tests/Feature/NavigationMenuTest.php" line="159" assertions="2" time="0.030388"/>
        <testcase name="test_duplicates_are_removed_when_adding_in_config_regardless_of_label" class="Hyde\Framework\Testing\Feature\NavigationMenuTest" classname="Hyde.Framework.Testing.Feature.NavigationMenuTest" file="/home/runner/work/develop/develop/packages/framework/tests/Feature/NavigationMenuTest.php" line="177" assertions="2" time="0.032668"/>
        <testcase name="test_documentation_pages_that_are_not_index_are_not_added_to_the_menu" class="Hyde\Framework\Testing\Feature\NavigationMenuTest" classname="Hyde.Framework.Testing.Feature.NavigationMenuTest" file="/home/runner/work/develop/develop/packages/framework/tests/Feature/NavigationMenuTest.php" line="195" assertions="2" time="0.037032"/>
      </testsuite>
      <testsuite name="Hyde\Framework\Testing\Feature\PageCollectionTest" file="/home/runner/work/develop/develop/packages/framework/tests/Feature/PageCollectionTest.php" tests="11" assertions="33" errors="0" warnings="0" failures="0" skipped="0" time="0.434604">
        <testcase name="test_boot_method_creates_new_page_collection_and_discovers_pages_automatically" class="Hyde\Framework\Testing\Feature\PageCollectionTest" classname="Hyde.Framework.Testing.Feature.PageCollectionTest" file="/home/runner/work/develop/develop/packages/framework/tests/Feature/PageCollectionTest.php" line="23" assertions="3" time="0.037802"/>
        <testcase name="test_blade_pages_are_discovered" class="Hyde\Framework\Testing\Feature\PageCollectionTest" classname="Hyde.Framework.Testing.Feature.PageCollectionTest" file="/home/runner/work/develop/develop/packages/framework/tests/Feature/PageCollectionTest.php" line="35" assertions="2" time="0.038214"/>
        <testcase name="test_markdown_pages_are_discovered" class="Hyde\Framework\Testing\Feature\PageCollectionTest" classname="Hyde.Framework.Testing.Feature.PageCollectionTest" file="/home/runner/work/develop/develop/packages/framework/tests/Feature/PageCollectionTest.php" line="44" assertions="2" time="0.038498"/>
        <testcase name="test_markdown_posts_are_discovered" class="Hyde\Framework\Testing\Feature\PageCollectionTest" classname="Hyde.Framework.Testing.Feature.PageCollectionTest" file="/home/runner/work/develop/develop/packages/framework/tests/Feature/PageCollectionTest.php" line="53" assertions="2" time="0.041642"/>
        <testcase name="test_documentation_pages_are_discovered" class="Hyde\Framework\Testing\Feature\PageCollectionTest" classname="Hyde.Framework.Testing.Feature.PageCollectionTest" file="/home/runner/work/develop/develop/packages/framework/tests/Feature/PageCollectionTest.php" line="62" assertions="2" time="0.038071"/>
        <testcase name="test_get_page_returns_parsed_page_object_for_given_source_path" class="Hyde\Framework\Testing\Feature\PageCollectionTest" classname="Hyde.Framework.Testing.Feature.PageCollectionTest" file="/home/runner/work/develop/develop/packages/framework/tests/Feature/PageCollectionTest.php" line="70" assertions="1" time="0.038421"/>
        <testcase name="test_get_pages_returns_collection_of_pages_of_given_class" class="Hyde\Framework\Testing\Feature\PageCollectionTest" classname="Hyde.Framework.Testing.Feature.PageCollectionTest" file="/home/runner/work/develop/develop/packages/framework/tests/Feature/PageCollectionTest.php" line="77" assertions="9" time="0.048150"/>
        <testcase name="test_get_pages_returns_all_pages_when_not_supplied_with_class_string" class="Hyde\Framework\Testing\Feature\PageCollectionTest" classname="Hyde.Framework.Testing.Feature.PageCollectionTest" file="/home/runner/work/develop/develop/packages/framework/tests/Feature/PageCollectionTest.php" line="101" assertions="5" time="0.047827"/>
        <testcase name="test_get_pages_returns_empty_collection_when_no_pages_are_discovered" class="Hyde\Framework\Testing\Feature\PageCollectionTest" classname="Hyde.Framework.Testing.Feature.PageCollectionTest" file="/home/runner/work/develop/develop/packages/framework/tests/Feature/PageCollectionTest.php" line="120" assertions="1" time="0.029713"/>
        <testcase name="test_pages_are_not_discovered_for_disabled_features" class="Hyde\Framework\Testing\Feature\PageCollectionTest" classname="Hyde.Framework.Testing.Feature.PageCollectionTest" file="/home/runner/work/develop/develop/packages/framework/tests/Feature/PageCollectionTest.php" line="128" assertions="1" time="0.026353"/>
        <testcase name="test_pages_with_custom_source_directories_are_discovered_properly" class="Hyde\Framework\Testing\Feature\PageCollectionTest" classname="Hyde.Framework.Testing.Feature.PageCollectionTest" file="/home/runner/work/develop/develop/packages/framework/tests/Feature/PageCollectionTest.php" line="145" assertions="5" time="0.049912"/>
      </testsuite>
      <testsuite name="Hyde\Framework\Testing\Feature\PageModelConstructorsTest" file="/home/runner/work/develop/develop/packages/framework/tests/Feature/PageModelConstructorsTest.php" tests="5" assertions="5" errors="0" warnings="0" failures="0" skipped="0" time="0.155144">
        <testcase name="test_dynamic_data_constructor_can_find_title_from_front_matter" class="Hyde\Framework\Testing\Feature\PageModelConstructorsTest" classname="Hyde.Framework.Testing.Feature.PageModelConstructorsTest" file="/home/runner/work/develop/develop/packages/framework/tests/Feature/PageModelConstructorsTest.php" line="23" assertions="1" time="0.029957"/>
        <testcase name="test_dynamic_data_constructor_can_find_title_from_h1_tag" class="Hyde\Framework\Testing\Feature\PageModelConstructorsTest" classname="Hyde.Framework.Testing.Feature.PageModelConstructorsTest" file="/home/runner/work/develop/develop/packages/framework/tests/Feature/PageModelConstructorsTest.php" line="30" assertions="1" time="0.027310"/>
        <testcase name="test_dynamic_data_constructor_can_find_title_from_slug" class="Hyde\Framework\Testing\Feature\PageModelConstructorsTest" classname="Hyde.Framework.Testing.Feature.PageModelConstructorsTest" file="/home/runner/work/develop/develop/packages/framework/tests/Feature/PageModelConstructorsTest.php" line="38" assertions="1" time="0.026774"/>
        <testcase name="test_documentation_page_parser_can_get_group_from_front_matter" class="Hyde\Framework\Testing\Feature\PageModelConstructorsTest" classname="Hyde.Framework.Testing.Feature.PageModelConstructorsTest" file="/home/runner/work/develop/develop/packages/framework/tests/Feature/PageModelConstructorsTest.php" line="46" assertions="1" time="0.032143"/>
        <testcase name="test_documentation_page_parser_can_get_group_automatically_from_nested_page" class="Hyde\Framework\Testing\Feature\PageModelConstructorsTest" classname="Hyde.Framework.Testing.Feature.PageModelConstructorsTest" file="/home/runner/work/develop/develop/packages/framework/tests/Feature/PageModelConstructorsTest.php" line="54" assertions="1" time="0.038959"/>
      </testsuite>
      <testsuite name="Hyde\Framework\Testing\Feature\PostAuthorTest" file="/home/runner/work/develop/develop/packages/framework/tests/Feature/PostAuthorTest.php" tests="14" assertions="25" errors="0" warnings="0" failures="0" skipped="0" time="0.371529">
        <testcase name="test_create_method_creates_new_author_model" class="Hyde\Framework\Testing\Feature\PostAuthorTest" classname="Hyde.Framework.Testing.Feature.PostAuthorTest" file="/home/runner/work/develop/develop/packages/framework/tests/Feature/PostAuthorTest.php" line="17" assertions="1" time="0.025484"/>
        <testcase name="test_create_method_accepts_all_parameters" class="Hyde\Framework\Testing\Feature\PostAuthorTest" classname="Hyde.Framework.Testing.Feature.PostAuthorTest" file="/home/runner/work/develop/develop/packages/framework/tests/Feature/PostAuthorTest.php" line="24" assertions="3" time="0.025969"/>
        <testcase name="test_make_method_creates_new_author_model_from_string" class="Hyde\Framework\Testing\Feature\PostAuthorTest" classname="Hyde.Framework.Testing.Feature.PostAuthorTest" file="/home/runner/work/develop/develop/packages/framework/tests/Feature/PostAuthorTest.php" line="33" assertions="1" time="0.025255"/>
        <testcase name="test_make_method_creates_new_author_model_from_string_can_find_existing_author" class="Hyde\Framework\Testing\Feature\PostAuthorTest" classname="Hyde.Framework.Testing.Feature.PostAuthorTest" file="/home/runner/work/develop/develop/packages/framework/tests/Feature/PostAuthorTest.php" line="39" assertions="1" time="0.025221"/>
        <testcase name="test_make_method_creates_new_author_model_from_array" class="Hyde\Framework\Testing\Feature\PostAuthorTest" classname="Hyde.Framework.Testing.Feature.PostAuthorTest" file="/home/runner/work/develop/develop/packages/framework/tests/Feature/PostAuthorTest.php" line="48" assertions="1" time="0.026599"/>
        <testcase name="test_make_method_creates_new_author_model_from_array_only_needs_username" class="Hyde\Framework\Testing\Feature\PostAuthorTest" classname="Hyde.Framework.Testing.Feature.PostAuthorTest" file="/home/runner/work/develop/develop/packages/framework/tests/Feature/PostAuthorTest.php" line="58" assertions="1" time="0.030840"/>
        <testcase name="test_all_method_returns_empty_collection_if_no_authors_are_set_in_config" class="Hyde\Framework\Testing\Feature\PostAuthorTest" classname="Hyde.Framework.Testing.Feature.PostAuthorTest" file="/home/runner/work/develop/develop/packages/framework/tests/Feature/PostAuthorTest.php" line="63" assertions="2" time="0.026003"/>
        <testcase name="test_all_method_returns_collection_with_all_authors_defined_in_config" class="Hyde\Framework\Testing\Feature\PostAuthorTest" classname="Hyde.Framework.Testing.Feature.PostAuthorTest" file="/home/runner/work/develop/develop/packages/framework/tests/Feature/PostAuthorTest.php" line="72" assertions="3" time="0.025830"/>
        <testcase name="test_multiple_authors_can_be_defined_in_config" class="Hyde\Framework\Testing\Feature\PostAuthorTest" classname="Hyde.Framework.Testing.Feature.PostAuthorTest" file="/home/runner/work/develop/develop/packages/framework/tests/Feature/PostAuthorTest.php" line="84" assertions="4" time="0.028112"/>
        <testcase name="test_get_method_returns_config_defined_author_by_username" class="Hyde\Framework\Testing\Feature\PostAuthorTest" classname="Hyde.Framework.Testing.Feature.PostAuthorTest" file="/home/runner/work/develop/develop/packages/framework/tests/Feature/PostAuthorTest.php" line="98" assertions="3" time="0.026628"/>
        <testcase name="test_get_method_returns_new_author_if_username_not_found_in_config" class="Hyde\Framework\Testing\Feature\PostAuthorTest" classname="Hyde.Framework.Testing.Feature.PostAuthorTest" file="/home/runner/work/develop/develop/packages/framework/tests/Feature/PostAuthorTest.php" line="110" assertions="2" time="0.025515"/>
        <testcase name="test_get_name_helper_returns_name_if_set" class="Hyde\Framework\Testing\Feature\PostAuthorTest" classname="Hyde.Framework.Testing.Feature.PostAuthorTest" file="/home/runner/work/develop/develop/packages/framework/tests/Feature/PostAuthorTest.php" line="119" assertions="1" time="0.026001"/>
        <testcase name="test_get_name_helper_returns_username_if_name_is_not_set" class="Hyde\Framework\Testing\Feature\PostAuthorTest" classname="Hyde.Framework.Testing.Feature.PostAuthorTest" file="/home/runner/work/develop/develop/packages/framework/tests/Feature/PostAuthorTest.php" line="127" assertions="1" time="0.028532"/>
        <testcase name="test_to_string_helper_returns_the_name" class="Hyde\Framework\Testing\Feature\PostAuthorTest" classname="Hyde.Framework.Testing.Feature.PostAuthorTest" file="/home/runner/work/develop/develop/packages/framework/tests/Feature/PostAuthorTest.php" line="134" assertions="1" time="0.025540"/>
      </testsuite>
      <testsuite name="Hyde\Framework\Testing\Feature\RebuildServiceTest" file="/home/runner/work/develop/develop/packages/framework/tests/Feature/RebuildServiceTest.php" tests="4" assertions="4" errors="0" warnings="0" failures="0" skipped="0" time="0.165910">
        <testcase name="test_can_rebuild_blade_page" class="Hyde\Framework\Testing\Feature\RebuildServiceTest" classname="Hyde.Framework.Testing.Feature.RebuildServiceTest" file="/home/runner/work/develop/develop/packages/framework/tests/Feature/RebuildServiceTest.php" line="19" assertions="1" time="0.032436"/>
        <testcase name="test_can_rebuild_markdown_page" class="Hyde\Framework\Testing\Feature\RebuildServiceTest" classname="Hyde.Framework.Testing.Feature.RebuildServiceTest" file="/home/runner/work/develop/develop/packages/framework/tests/Feature/RebuildServiceTest.php" line="27" assertions="1" time="0.042804"/>
        <testcase name="test_can_rebuild_markdown_post" class="Hyde\Framework\Testing\Feature\RebuildServiceTest" classname="Hyde.Framework.Testing.Feature.RebuildServiceTest" file="/home/runner/work/develop/develop/packages/framework/tests/Feature/RebuildServiceTest.php" line="35" assertions="1" time="0.042867"/>
        <testcase name="test_can_rebuild_documentation_page" class="Hyde\Framework\Testing\Feature\RebuildServiceTest" classname="Hyde.Framework.Testing.Feature.RebuildServiceTest" file="/home/runner/work/develop/develop/packages/framework/tests/Feature/RebuildServiceTest.php" line="43" assertions="1" time="0.047802"/>
      </testsuite>
      <testsuite name="Hyde\Framework\Testing\Feature\RedirectTest" file="/home/runner/work/develop/develop/packages/framework/tests/Feature/RedirectTest.php" tests="1" assertions="7" errors="0" warnings="0" failures="0" skipped="0" time="0.030940">
        <testcase name="test_can_create_a_redirect" class="Hyde\Framework\Testing\Feature\RedirectTest" classname="Hyde.Framework.Testing.Feature.RedirectTest" file="/home/runner/work/develop/develop/packages/framework/tests/Feature/RedirectTest.php" line="16" assertions="7" time="0.030940"/>
      </testsuite>
      <testsuite name="Hyde\Framework\Testing\Feature\RouteKeyTest" file="/home/runner/work/develop/develop/packages/framework/tests/Feature/RouteKeyTest.php" tests="6" assertions="12" errors="0" warnings="0" failures="0" skipped="0" time="0.157228">
        <testcase name="testMake" class="Hyde\Framework\Testing\Feature\RouteKeyTest" classname="Hyde.Framework.Testing.Feature.RouteKeyTest" file="/home/runner/work/develop/develop/packages/framework/tests/Feature/RouteKeyTest.php" line="19" assertions="1" time="0.027093"/>
        <testcase name="test__construct" class="Hyde\Framework\Testing\Feature\RouteKeyTest" classname="Hyde.Framework.Testing.Feature.RouteKeyTest" file="/home/runner/work/develop/develop/packages/framework/tests/Feature/RouteKeyTest.php" line="24" assertions="1" time="0.026570"/>
        <testcase name="test__toString" class="Hyde\Framework\Testing\Feature\RouteKeyTest" classname="Hyde.Framework.Testing.Feature.RouteKeyTest" file="/home/runner/work/develop/develop/packages/framework/tests/Feature/RouteKeyTest.php" line="29" assertions="1" time="0.025252"/>
        <testcase name="testGet" class="Hyde\Framework\Testing\Feature\RouteKeyTest" classname="Hyde.Framework.Testing.Feature.RouteKeyTest" file="/home/runner/work/develop/develop/packages/framework/tests/Feature/RouteKeyTest.php" line="34" assertions="1" time="0.025725"/>
        <testcase name="testFromPage" class="Hyde\Framework\Testing\Feature\RouteKeyTest" classname="Hyde.Framework.Testing.Feature.RouteKeyTest" file="/home/runner/work/develop/develop/packages/framework/tests/Feature/RouteKeyTest.php" line="39" assertions="4" time="0.026747"/>
        <testcase name="testFromPageWithNestedIdentifier" class="Hyde\Framework\Testing\Feature\RouteKeyTest" classname="Hyde.Framework.Testing.Feature.RouteKeyTest" file="/home/runner/work/develop/develop/packages/framework/tests/Feature/RouteKeyTest.php" line="47" assertions="4" time="0.025842"/>
      </testsuite>
      <testsuite name="Hyde\Framework\Testing\Feature\RouteTest" file="/home/runner/work/develop/develop/packages/framework/tests/Feature/RouteTest.php" tests="24" assertions="34" errors="0" warnings="0" failures="0" skipped="0" time="0.697655">
        <testcase name="test_constructor_creates_route_from_page_model" class="Hyde\Framework\Testing\Feature\RouteTest" classname="Hyde.Framework.Testing.Feature.RouteTest" file="/home/runner/work/develop/develop/packages/framework/tests/Feature/RouteTest.php" line="20" assertions="1" time="0.026525"/>
        <testcase name="test_get_page_type_returns_fully_qualified_class_name" class="Hyde\Framework\Testing\Feature\RouteTest" classname="Hyde.Framework.Testing.Feature.RouteTest" file="/home/runner/work/develop/develop/packages/framework/tests/Feature/RouteTest.php" line="28" assertions="1" time="0.028164"/>
        <testcase name="test_get_source_model_returns_page_model" class="Hyde\Framework\Testing\Feature\RouteTest" classname="Hyde.Framework.Testing.Feature.RouteTest" file="/home/runner/work/develop/develop/packages/framework/tests/Feature/RouteTest.php" line="36" assertions="2" time="0.027149"/>
        <testcase name="test_get_route_key_returns_page_path" class="Hyde\Framework\Testing\Feature\RouteTest" classname="Hyde.Framework.Testing.Feature.RouteTest" file="/home/runner/work/develop/develop/packages/framework/tests/Feature/RouteTest.php" line="45" assertions="1" time="0.026057"/>
        <testcase name="test_get_source_file_path_returns_page_source_path" class="Hyde\Framework\Testing\Feature\RouteTest" classname="Hyde.Framework.Testing.Feature.RouteTest" file="/home/runner/work/develop/develop/packages/framework/tests/Feature/RouteTest.php" line="53" assertions="1" time="0.028891"/>
        <testcase name="test_get_output_file_path_returns_page_output_path" class="Hyde\Framework\Testing\Feature\RouteTest" classname="Hyde.Framework.Testing.Feature.RouteTest" file="/home/runner/work/develop/develop/packages/framework/tests/Feature/RouteTest.php" line="61" assertions="1" time="0.028398"/>
        <testcase name="test_get_is_alias_for_get_from_key" class="Hyde\Framework\Testing\Feature\RouteTest" classname="Hyde.Framework.Testing.Feature.RouteTest" file="/home/runner/work/develop/develop/packages/framework/tests/Feature/RouteTest.php" line="69" assertions="1" time="0.029726"/>
        <testcase name="test_get_or_fail_throws_exception_if_route_is_not_found" class="Hyde\Framework\Testing\Feature\RouteTest" classname="Hyde.Framework.Testing.Feature.RouteTest" file="/home/runner/work/develop/develop/packages/framework/tests/Feature/RouteTest.php" line="74" assertions="1" time="0.030523"/>
        <testcase name="test_get_from_key_returns_route_from_router_index" class="Hyde\Framework\Testing\Feature\RouteTest" classname="Hyde.Framework.Testing.Feature.RouteTest" file="/home/runner/work/develop/develop/packages/framework/tests/Feature/RouteTest.php" line="80" assertions="2" time="0.032381"/>
        <testcase name="test_get_from_returns_null_if_route_is_not_found" class="Hyde\Framework\Testing\Feature\RouteTest" classname="Hyde.Framework.Testing.Feature.RouteTest" file="/home/runner/work/develop/develop/packages/framework/tests/Feature/RouteTest.php" line="86" assertions="1" time="0.029694"/>
        <testcase name="test_get_supports_dot_notation" class="Hyde\Framework\Testing\Feature\RouteTest" classname="Hyde.Framework.Testing.Feature.RouteTest" file="/home/runner/work/develop/develop/packages/framework/tests/Feature/RouteTest.php" line="91" assertions="1" time="0.034173"/>
        <testcase name="test_route_facade_all_method_returns_all_routes" class="Hyde\Framework\Testing\Feature\RouteTest" classname="Hyde.Framework.Testing.Feature.RouteTest" file="/home/runner/work/develop/develop/packages/framework/tests/Feature/RouteTest.php" line="97" assertions="1" time="0.031154"/>
        <testcase name="test_get_link_returns_correct_path_for_root_pages" class="Hyde\Framework\Testing\Feature\RouteTest" classname="Hyde.Framework.Testing.Feature.RouteTest" file="/home/runner/work/develop/develop/packages/framework/tests/Feature/RouteTest.php" line="102" assertions="2" time="0.028457"/>
        <testcase name="test_get_link_returns_correct_path_for_nested_pages" class="Hyde\Framework\Testing\Feature\RouteTest" classname="Hyde.Framework.Testing.Feature.RouteTest" file="/home/runner/work/develop/develop/packages/framework/tests/Feature/RouteTest.php" line="109" assertions="2" time="0.041738"/>
        <testcase name="test_get_link_returns_correct_path_for_nested_current_page" class="Hyde\Framework\Testing\Feature\RouteTest" classname="Hyde.Framework.Testing.Feature.RouteTest" file="/home/runner/work/develop/develop/packages/framework/tests/Feature/RouteTest.php" line="116" assertions="2" time="0.028578"/>
        <testcase name="test_get_link_returns_pretty_url_if_enabled" class="Hyde\Framework\Testing\Feature\RouteTest" classname="Hyde.Framework.Testing.Feature.RouteTest" file="/home/runner/work/develop/develop/packages/framework/tests/Feature/RouteTest.php" line="124" assertions="2" time="0.026610"/>
        <testcase name="test_to_string_is_alias_for_get_link" class="Hyde\Framework\Testing\Feature\RouteTest" classname="Hyde.Framework.Testing.Feature.RouteTest" file="/home/runner/work/develop/develop/packages/framework/tests/Feature/RouteTest.php" line="132" assertions="1" time="0.027029"/>
        <testcase name="test_current_returns_current_route" class="Hyde\Framework\Testing\Feature\RouteTest" classname="Hyde.Framework.Testing.Feature.RouteTest" file="/home/runner/work/develop/develop/packages/framework/tests/Feature/RouteTest.php" line="138" assertions="1" time="0.027499"/>
        <testcase name="test_current_returns_null_if_route_is_not_found" class="Hyde\Framework\Testing\Feature\RouteTest" classname="Hyde.Framework.Testing.Feature.RouteTest" file="/home/runner/work/develop/develop/packages/framework/tests/Feature/RouteTest.php" line="145" assertions="1" time="0.024952"/>
        <testcase name="test_to_array_method" class="Hyde\Framework\Testing\Feature\RouteTest" classname="Hyde.Framework.Testing.Feature.RouteTest" file="/home/runner/work/develop/develop/packages/framework/tests/Feature/RouteTest.php" line="150" assertions="1" time="0.026306"/>
        <testcase name="testIsWithRoute" class="Hyde\Framework\Testing\Feature\RouteTest" classname="Hyde.Framework.Testing.Feature.RouteTest" file="/home/runner/work/develop/develop/packages/framework/tests/Feature/RouteTest.php" line="163" assertions="2" time="0.026575"/>
        <testcase name="testIsWithRouteKey" class="Hyde\Framework\Testing\Feature\RouteTest" classname="Hyde.Framework.Testing.Feature.RouteTest" file="/home/runner/work/develop/develop/packages/framework/tests/Feature/RouteTest.php" line="172" assertions="2" time="0.027970"/>
        <testcase name="testIsWithRouteKeyObject" class="Hyde\Framework\Testing\Feature\RouteTest" classname="Hyde.Framework.Testing.Feature.RouteTest" file="/home/runner/work/develop/develop/packages/framework/tests/Feature/RouteTest.php" line="179" assertions="2" time="0.027821"/>
        <testcase name="testExists" class="Hyde\Framework\Testing\Feature\RouteTest" classname="Hyde.Framework.Testing.Feature.RouteTest" file="/home/runner/work/develop/develop/packages/framework/tests/Feature/RouteTest.php" line="186" assertions="2" time="0.031285"/>
      </testsuite>
      <testsuite name="Hyde\Framework\Testing\Feature\Services\BladeDownProcessorTest" file="/home/runner/work/develop/develop/packages/framework/tests/Feature/Services/BladeDownProcessorTest.php" tests="9" assertions="9" errors="0" warnings="0" failures="0" skipped="0" time="0.242492">
        <testcase name="test_it_renders_blade_echo_syntax" class="Hyde\Framework\Testing\Feature\Services\BladeDownProcessorTest" classname="Hyde.Framework.Testing.Feature.Services.BladeDownProcessorTest" file="/home/runner/work/develop/develop/packages/framework/tests/Feature/Services/BladeDownProcessorTest.php" line="17" assertions="1" time="0.027817"/>
        <testcase name="test_it_renders_blade_within_multiline_markdown" class="Hyde\Framework\Testing\Feature\Services\BladeDownProcessorTest" classname="Hyde.Framework.Testing.Feature.Services.BladeDownProcessorTest" file="/home/runner/work/develop/develop/packages/framework/tests/Feature/Services/BladeDownProcessorTest.php" line="22" assertions="1" time="0.026643"/>
        <testcase name="test_it_renders_blade_views" class="Hyde\Framework\Testing\Feature\Services\BladeDownProcessorTest" classname="Hyde.Framework.Testing.Feature.Services.BladeDownProcessorTest" file="/home/runner/work/develop/develop/packages/framework/tests/Feature/Services/BladeDownProcessorTest.php" line="31" assertions="1" time="0.027632"/>
        <testcase name="test_directive_is_case_insensitive" class="Hyde\Framework\Testing\Feature\Services\BladeDownProcessorTest" classname="Hyde.Framework.Testing.Feature.Services.BladeDownProcessorTest" file="/home/runner/work/develop/develop/packages/framework/tests/Feature/Services/BladeDownProcessorTest.php" line="46" assertions="1" time="0.026337"/>
        <testcase name="test_directive_is_ignored_if_it_is_not_at_the_start_of_a_line" class="Hyde\Framework\Testing\Feature\Services\BladeDownProcessorTest" classname="Hyde.Framework.Testing.Feature.Services.BladeDownProcessorTest" file="/home/runner/work/develop/develop/packages/framework/tests/Feature/Services/BladeDownProcessorTest.php" line="51" assertions="1" time="0.027082"/>
        <testcase name="test_it_renders_blade_echo_syntax_with_variables" class="Hyde\Framework\Testing\Feature\Services\BladeDownProcessorTest" classname="Hyde.Framework.Testing.Feature.Services.BladeDownProcessorTest" file="/home/runner/work/develop/develop/packages/framework/tests/Feature/Services/BladeDownProcessorTest.php" line="57" assertions="1" time="0.026549"/>
        <testcase name="test_it_renders_blade_views_with_variables" class="Hyde\Framework\Testing\Feature\Services\BladeDownProcessorTest" classname="Hyde.Framework.Testing.Feature.Services.BladeDownProcessorTest" file="/home/runner/work/develop/develop/packages/framework/tests/Feature/Services/BladeDownProcessorTest.php" line="62" assertions="1" time="0.027112"/>
        <testcase name="test_preprocess_method_expands_shortcode" class="Hyde\Framework\Testing\Feature\Services\BladeDownProcessorTest" classname="Hyde.Framework.Testing.Feature.Services.BladeDownProcessorTest" file="/home/runner/work/develop/develop/packages/framework/tests/Feature/Services/BladeDownProcessorTest.php" line="73" assertions="1" time="0.025327"/>
        <testcase name="test_process_method_renders_shortcode" class="Hyde\Framework\Testing\Feature\Services\BladeDownProcessorTest" classname="Hyde.Framework.Testing.Feature.Services.BladeDownProcessorTest" file="/home/runner/work/develop/develop/packages/framework/tests/Feature/Services/BladeDownProcessorTest.php" line="78" assertions="1" time="0.027992"/>
      </testsuite>
      <testsuite name="Hyde\Framework\Testing\Feature\Services\BuildTaskServiceTest" file="/home/runner/work/develop/develop/packages/framework/tests/Feature/Services/BuildTaskServiceTest.php" tests="13" assertions="20" errors="0" warnings="0" failures="0" skipped="0" time="1.344801">
        <testcase name="test_build_command_can_run_post_build_tasks" class="Hyde\Framework\Testing\Feature\Services\BuildTaskServiceTest" classname="Hyde.Framework.Testing.Feature.Services.BuildTaskServiceTest" file="/home/runner/work/develop/develop/packages/framework/tests/Feature/Services/BuildTaskServiceTest.php" line="27" assertions="3" time="0.124318"/>
        <testcase name="test_run_post_build_tasks_runs_configured_tasks_does_nothing_if_no_tasks_are_configured" class="Hyde\Framework\Testing\Feature\Services\BuildTaskServiceTest" classname="Hyde.Framework.Testing.Feature.Services.BuildTaskServiceTest" file="/home/runner/work/develop/develop/packages/framework/tests/Feature/Services/BuildTaskServiceTest.php" line="42" assertions="1" time="0.115315"/>
        <testcase name="test_get_post_build_tasks_returns_array_merged_with_config" class="Hyde\Framework\Testing\Feature\Services\BuildTaskServiceTest" classname="Hyde.Framework.Testing.Feature.Services.BuildTaskServiceTest" file="/home/runner/work/develop/develop/packages/framework/tests/Feature/Services/BuildTaskServiceTest.php" line="55" assertions="1" time="0.098657"/>
        <testcase name="test_get_post_build_tasks_merges_duplicate_keys" class="Hyde\Framework\Testing\Feature\Services\BuildTaskServiceTest" classname="Hyde.Framework.Testing.Feature.Services.BuildTaskServiceTest" file="/home/runner/work/develop/develop/packages/framework/tests/Feature/Services/BuildTaskServiceTest.php" line="67" assertions="1" time="0.099583"/>
        <testcase name="test_run_post_build_tasks_runs_configured_tasks" class="Hyde\Framework\Testing\Feature\Services\BuildTaskServiceTest" classname="Hyde.Framework.Testing.Feature.Services.BuildTaskServiceTest" file="/home/runner/work/develop/develop/packages/framework/tests/Feature/Services/BuildTaskServiceTest.php" line="79" assertions="1" time="0.104036"/>
        <testcase name="test_run_method_runs_task_by_class_name_input_and_returns_self" class="Hyde\Framework\Testing\Feature\Services\BuildTaskServiceTest" classname="Hyde.Framework.Testing.Feature.Services.BuildTaskServiceTest" file="/home/runner/work/develop/develop/packages/framework/tests/Feature/Services/BuildTaskServiceTest.php" line="94" assertions="2" time="0.098889"/>
        <testcase name="test_run_if_runs_task_if_supplied_boolean_is_true" class="Hyde\Framework\Testing\Feature\Services\BuildTaskServiceTest" classname="Hyde.Framework.Testing.Feature.Services.BuildTaskServiceTest" file="/home/runner/work/develop/develop/packages/framework/tests/Feature/Services/BuildTaskServiceTest.php" line="109" assertions="2" time="0.098910"/>
        <testcase name="test_run_if_does_not_run_task_if_supplied_boolean_is_false" class="Hyde\Framework\Testing\Feature\Services\BuildTaskServiceTest" classname="Hyde.Framework.Testing.Feature.Services.BuildTaskServiceTest" file="/home/runner/work/develop/develop/packages/framework/tests/Feature/Services/BuildTaskServiceTest.php" line="124" assertions="2" time="0.100922"/>
        <testcase name="test_run_if_runs_task_if_supplied_callable_returns_true" class="Hyde\Framework\Testing\Feature\Services\BuildTaskServiceTest" classname="Hyde.Framework.Testing.Feature.Services.BuildTaskServiceTest" file="/home/runner/work/develop/develop/packages/framework/tests/Feature/Services/BuildTaskServiceTest.php" line="139" assertions="2" time="0.098528"/>
        <testcase name="test_run_if_does_not_run_task_if_supplied_callable_returns_false" class="Hyde\Framework\Testing\Feature\Services\BuildTaskServiceTest" classname="Hyde.Framework.Testing.Feature.Services.BuildTaskServiceTest" file="/home/runner/work/develop/develop/packages/framework/tests/Feature/Services/BuildTaskServiceTest.php" line="156" assertions="2" time="0.097601"/>
        <testcase name="test_exception_handler_shows_error_message_and_exits_with_code_1_without_throwing_exception" class="Hyde\Framework\Testing\Feature\Services\BuildTaskServiceTest" classname="Hyde.Framework.Testing.Feature.Services.BuildTaskServiceTest" file="/home/runner/work/develop/develop/packages/framework/tests/Feature/Services/BuildTaskServiceTest.php" line="170" assertions="1" time="0.100387"/>
        <testcase name="test_find_tasks_in_app_directory_method_discovers_tasks_in_app_directory" class="Hyde\Framework\Testing\Feature\Services\BuildTaskServiceTest" classname="Hyde.Framework.Testing.Feature.Services.BuildTaskServiceTest" file="/home/runner/work/develop/develop/packages/framework/tests/Feature/Services/BuildTaskServiceTest.php" line="183" assertions="1" time="0.101559"/>
        <testcase name="test_automatically_discovered_tasks_can_be_executed" class="Hyde\Framework\Testing\Feature\Services\BuildTaskServiceTest" classname="Hyde.Framework.Testing.Feature.Services.BuildTaskServiceTest" file="/home/runner/work/develop/develop/packages/framework/tests/Feature/Services/BuildTaskServiceTest.php" line="192" assertions="1" time="0.106096"/>
      </testsuite>
      <testsuite name="Hyde\Framework\Testing\Feature\Services\ChecksumServiceTest" file="/home/runner/work/develop/develop/packages/framework/tests/Feature/Services/ChecksumServiceTest.php" tests="15" assertions="22" errors="0" warnings="0" failures="0" skipped="0" time="0.386816">
        <testcase name="test_get_filecache" class="Hyde\Framework\Testing\Feature\Services\ChecksumServiceTest" classname="Hyde.Framework.Testing.Feature.Services.ChecksumServiceTest" file="/home/runner/work/develop/develop/packages/framework/tests/Feature/Services/ChecksumServiceTest.php" line="16" assertions="4" time="0.026507"/>
        <testcase name="test_get_checksums" class="Hyde\Framework\Testing\Feature\Services\ChecksumServiceTest" classname="Hyde.Framework.Testing.Feature.Services.ChecksumServiceTest" file="/home/runner/work/develop/develop/packages/framework/tests/Feature/Services/ChecksumServiceTest.php" line="27" assertions="2" time="0.026313"/>
        <testcase name="test_checksum_matches_any" class="Hyde\Framework\Testing\Feature\Services\ChecksumServiceTest" classname="Hyde.Framework.Testing.Feature.Services.ChecksumServiceTest" file="/home/runner/work/develop/develop/packages/framework/tests/Feature/Services/ChecksumServiceTest.php" line="36" assertions="1" time="0.026238"/>
        <testcase name="test_checksum_matches_any_false" class="Hyde\Framework\Testing\Feature\Services\ChecksumServiceTest" classname="Hyde.Framework.Testing.Feature.Services.ChecksumServiceTest" file="/home/runner/work/develop/develop/packages/framework/tests/Feature/Services/ChecksumServiceTest.php" line="45" assertions="1" time="0.027647"/>
        <testcase name="test_method_returns_string" class="Hyde\Framework\Testing\Feature\Services\ChecksumServiceTest" classname="Hyde.Framework.Testing.Feature.Services.ChecksumServiceTest" file="/home/runner/work/develop/develop/packages/framework/tests/Feature/Services/ChecksumServiceTest.php" line="54" assertions="1" time="0.026193"/>
        <testcase name="test_method_returns_string_with_length_of_32" class="Hyde\Framework\Testing\Feature\Services\ChecksumServiceTest" classname="Hyde.Framework.Testing.Feature.Services.ChecksumServiceTest" file="/home/runner/work/develop/develop/packages/framework/tests/Feature/Services/ChecksumServiceTest.php" line="59" assertions="1" time="0.025231"/>
        <testcase name="test_method_returns_string_matching_expected_format" class="Hyde\Framework\Testing\Feature\Services\ChecksumServiceTest" classname="Hyde.Framework.Testing.Feature.Services.ChecksumServiceTest" file="/home/runner/work/develop/develop/packages/framework/tests/Feature/Services/ChecksumServiceTest.php" line="64" assertions="1" time="0.025651"/>
        <testcase name="test_method_returns_same_value_for_same_string_using_normal_method" class="Hyde\Framework\Testing\Feature\Services\ChecksumServiceTest" classname="Hyde.Framework.Testing.Feature.Services.ChecksumServiceTest" file="/home/runner/work/develop/develop/packages/framework/tests/Feature/Services/ChecksumServiceTest.php" line="69" assertions="1" time="0.026451"/>
        <testcase name="test_method_returns_different_value_for_different_string" class="Hyde\Framework\Testing\Feature\Services\ChecksumServiceTest" classname="Hyde.Framework.Testing.Feature.Services.ChecksumServiceTest" file="/home/runner/work/develop/develop/packages/framework/tests/Feature/Services/ChecksumServiceTest.php" line="74" assertions="1" time="0.024123"/>
        <testcase name="test_function_is_case_sensitive" class="Hyde\Framework\Testing\Feature\Services\ChecksumServiceTest" classname="Hyde.Framework.Testing.Feature.Services.ChecksumServiceTest" file="/home/runner/work/develop/develop/packages/framework/tests/Feature/Services/ChecksumServiceTest.php" line="79" assertions="1" time="0.024272"/>
        <testcase name="test_function_is_space_sensitive" class="Hyde\Framework\Testing\Feature\Services\ChecksumServiceTest" classname="Hyde.Framework.Testing.Feature.Services.ChecksumServiceTest" file="/home/runner/work/develop/develop/packages/framework/tests/Feature/Services/ChecksumServiceTest.php" line="84" assertions="1" time="0.027010"/>
        <testcase name="test_method_returns_same_value_regardless_of_end_of_line_sequence" class="Hyde\Framework\Testing\Feature\Services\ChecksumServiceTest" classname="Hyde.Framework.Testing.Feature.Services.ChecksumServiceTest" file="/home/runner/work/develop/develop/packages/framework/tests/Feature/Services/ChecksumServiceTest.php" line="89" assertions="4" time="0.024892"/>
        <testcase name="test_method_returns_same_value_for_string_with_mixed_end_of_line_sequences" class="Hyde\Framework\Testing\Feature\Services\ChecksumServiceTest" classname="Hyde.Framework.Testing.Feature.Services.ChecksumServiceTest" file="/home/runner/work/develop/develop/packages/framework/tests/Feature/Services/ChecksumServiceTest.php" line="97" assertions="1" time="0.024535"/>
        <testcase name="test_method_returns_same_value_when_loaded_from_file" class="Hyde\Framework\Testing\Feature\Services\ChecksumServiceTest" classname="Hyde.Framework.Testing.Feature.Services.ChecksumServiceTest" file="/home/runner/work/develop/develop/packages/framework/tests/Feature/Services/ChecksumServiceTest.php" line="103" assertions="1" time="0.025043"/>
        <testcase name="test_method_returns_same_value_when_loaded_from_file_using_shorthand" class="Hyde\Framework\Testing\Feature\Services\ChecksumServiceTest" classname="Hyde.Framework.Testing.Feature.Services.ChecksumServiceTest" file="/home/runner/work/develop/develop/packages/framework/tests/Feature/Services/ChecksumServiceTest.php" line="114" assertions="1" time="0.026708"/>
      </testsuite>
      <testsuite name="Hyde\Framework\Testing\Feature\Services\DocumentationSearchServiceTest" file="/home/runner/work/develop/develop/packages/framework/tests/Feature/Services/DocumentationSearchServiceTest.php" tests="10" assertions="10" errors="0" warnings="0" failures="0" skipped="0" time="0.339561">
        <testcase name="test_it_generates_a_json_file_with_a_search_index" class="Hyde\Framework\Testing\Feature\Services\DocumentationSearchServiceTest" classname="Hyde.Framework.Testing.Feature.Services.DocumentationSearchServiceTest" file="/home/runner/work/develop/develop/packages/framework/tests/Feature/Services/DocumentationSearchServiceTest.php" line="31" assertions="1" time="0.035828"/>
        <testcase name="test_it_adds_all_files_to_search_index" class="Hyde\Framework\Testing\Feature\Services\DocumentationSearchServiceTest" classname="Hyde.Framework.Testing.Feature.Services.DocumentationSearchServiceTest" file="/home/runner/work/develop/develop/packages/framework/tests/Feature/Services/DocumentationSearchServiceTest.php" line="55" assertions="1" time="0.056152"/>
        <testcase name="test_it_handles_generation_even_when_there_are_no_pages" class="Hyde\Framework\Testing\Feature\Services\DocumentationSearchServiceTest" classname="Hyde.Framework.Testing.Feature.Services.DocumentationSearchServiceTest" file="/home/runner/work/develop/develop/packages/framework/tests/Feature/Services/DocumentationSearchServiceTest.php" line="68" assertions="1" time="0.031201"/>
        <testcase name="test_save_method_saves_the_file_to_the_correct_location" class="Hyde\Framework\Testing\Feature\Services\DocumentationSearchServiceTest" classname="Hyde.Framework.Testing.Feature.Services.DocumentationSearchServiceTest" file="/home/runner/work/develop/develop/packages/framework/tests/Feature/Services/DocumentationSearchServiceTest.php" line="77" assertions="1" time="0.033333"/>
        <testcase name="test_generate_page_entry_method_generates_a_page_entry" class="Hyde\Framework\Testing\Feature\Services\DocumentationSearchServiceTest" classname="Hyde.Framework.Testing.Feature.Services.DocumentationSearchServiceTest" file="/home/runner/work/develop/develop/packages/framework/tests/Feature/Services/DocumentationSearchServiceTest.php" line="84" assertions="1" time="0.031687"/>
        <testcase name="test_it_generates_a_valid_JSON" class="Hyde\Framework\Testing\Feature\Services\DocumentationSearchServiceTest" classname="Hyde.Framework.Testing.Feature.Services.DocumentationSearchServiceTest" file="/home/runner/work/develop/develop/packages/framework/tests/Feature/Services/DocumentationSearchServiceTest.php" line="102" assertions="1" time="0.035891"/>
        <testcase name="test_get_destination_for_slug_returns_empty_string_for_index_when_pretty_url_is_enabled" class="Hyde\Framework\Testing\Feature\Services\DocumentationSearchServiceTest" classname="Hyde.Framework.Testing.Feature.Services.DocumentationSearchServiceTest" file="/home/runner/work/develop/develop/packages/framework/tests/Feature/Services/DocumentationSearchServiceTest.php" line="118" assertions="1" time="0.025202"/>
        <testcase name="test_get_destination_for_slug_returns_pretty_url_when_enabled" class="Hyde\Framework\Testing\Feature\Services\DocumentationSearchServiceTest" classname="Hyde.Framework.Testing.Feature.Services.DocumentationSearchServiceTest" file="/home/runner/work/develop/develop/packages/framework/tests/Feature/Services/DocumentationSearchServiceTest.php" line="127" assertions="1" time="0.025748"/>
        <testcase name="test_excluded_pages_are_not_present_in_the_search_index" class="Hyde\Framework\Testing\Feature\Services\DocumentationSearchServiceTest" classname="Hyde.Framework.Testing.Feature.Services.DocumentationSearchServiceTest" file="/home/runner/work/develop/develop/packages/framework/tests/Feature/Services/DocumentationSearchServiceTest.php" line="136" assertions="1" time="0.031768"/>
        <testcase name="test_nested_source_files_do_not_retain_directory_name_in_search_index" class="Hyde\Framework\Testing\Feature\Services\DocumentationSearchServiceTest" classname="Hyde.Framework.Testing.Feature.Services.DocumentationSearchServiceTest" file="/home/runner/work/develop/develop/packages/framework/tests/Feature/Services/DocumentationSearchServiceTest.php" line="147" assertions="1" time="0.032751"/>
      </testsuite>
      <testsuite name="Hyde\Framework\Testing\Feature\Services\DocumentationSidebarTest" file="/home/runner/work/develop/develop/packages/framework/tests/Feature/Services/DocumentationSidebarTest.php" tests="23" assertions="24" errors="0" warnings="0" failures="0" skipped="0" time="0.849642">
        <testcase name="test_sidebar_can_be_created" class="Hyde\Framework\Testing\Feature\Services\DocumentationSidebarTest" classname="Hyde.Framework.Testing.Feature.Services.DocumentationSidebarTest" file="/home/runner/work/develop/develop/packages/framework/tests/Feature/Services/DocumentationSidebarTest.php" line="37" assertions="1" time="0.029661"/>
        <testcase name="test_sidebar_items_are_added_automatically" class="Hyde\Framework\Testing\Feature\Services\DocumentationSidebarTest" classname="Hyde.Framework.Testing.Feature.Services.DocumentationSidebarTest" file="/home/runner/work/develop/develop/packages/framework/tests/Feature/Services/DocumentationSidebarTest.php" line="44" assertions="1" time="0.039306"/>
        <testcase name="test_index_page_is_removed_from_sidebar" class="Hyde\Framework\Testing\Feature\Services\DocumentationSidebarTest" classname="Hyde.Framework.Testing.Feature.Services.DocumentationSidebarTest" file="/home/runner/work/develop/develop/packages/framework/tests/Feature/Services/DocumentationSidebarTest.php" line="53" assertions="1" time="0.040378"/>
        <testcase name="test_files_with_front_matter_hidden_set_to_true_are_removed_from_sidebar" class="Hyde\Framework\Testing\Feature\Services\DocumentationSidebarTest" classname="Hyde.Framework.Testing.Feature.Services.DocumentationSidebarTest" file="/home/runner/work/develop/develop/packages/framework/tests/Feature/Services/DocumentationSidebarTest.php" line="62" assertions="1" time="0.041030"/>
        <testcase name="test_sidebar_is_ordered_alphabetically_when_no_order_is_set_in_config" class="Hyde\Framework\Testing\Feature\Services\DocumentationSidebarTest" classname="Hyde.Framework.Testing.Feature.Services.DocumentationSidebarTest" file="/home/runner/work/develop/develop/packages/framework/tests/Feature/Services/DocumentationSidebarTest.php" line="71" assertions="1" time="0.035602"/>
        <testcase name="test_sidebar_is_ordered_by_priority_when_priority_is_set_in_config" class="Hyde\Framework\Testing\Feature\Services\DocumentationSidebarTest" classname="Hyde.Framework.Testing.Feature.Services.DocumentationSidebarTest" file="/home/runner/work/develop/develop/packages/framework/tests/Feature/Services/DocumentationSidebarTest.php" line="88" assertions="1" time="0.035552"/>
        <testcase name="test_sidebar_item_priority_can_be_set_in_front_matter" class="Hyde\Framework\Testing\Feature\Services\DocumentationSidebarTest" classname="Hyde.Framework.Testing.Feature.Services.DocumentationSidebarTest" file="/home/runner/work/develop/develop/packages/framework/tests/Feature/Services/DocumentationSidebarTest.php" line="109" assertions="1" time="0.034342"/>
        <testcase name="test_sidebar_item_priority_set_in_config_overrides_front_matter" class="Hyde\Framework\Testing\Feature\Services\DocumentationSidebarTest" classname="Hyde.Framework.Testing.Feature.Services.DocumentationSidebarTest" file="/home/runner/work/develop/develop/packages/framework/tests/Feature/Services/DocumentationSidebarTest.php" line="116" assertions="1" time="0.031368"/>
        <testcase name="test_sidebar_priorities_can_be_set_in_both_front_matter_and_config" class="Hyde\Framework\Testing\Feature\Services\DocumentationSidebarTest" classname="Hyde.Framework.Testing.Feature.Services.DocumentationSidebarTest" file="/home/runner/work/develop/develop/packages/framework/tests/Feature/Services/DocumentationSidebarTest.php" line="125" assertions="1" time="0.039147"/>
        <testcase name="test_group_can_be_set_in_front_matter" class="Hyde\Framework\Testing\Feature\Services\DocumentationSidebarTest" classname="Hyde.Framework.Testing.Feature.Services.DocumentationSidebarTest" file="/home/runner/work/develop/develop/packages/framework/tests/Feature/Services/DocumentationSidebarTest.php" line="148" assertions="1" time="0.033995"/>
        <testcase name="test_has_groups_returns_false_when_there_are_no_groups" class="Hyde\Framework\Testing\Feature\Services\DocumentationSidebarTest" classname="Hyde.Framework.Testing.Feature.Services.DocumentationSidebarTest" file="/home/runner/work/develop/develop/packages/framework/tests/Feature/Services/DocumentationSidebarTest.php" line="155" assertions="1" time="0.032063"/>
        <testcase name="test_has_groups_returns_true_when_there_are_groups" class="Hyde\Framework\Testing\Feature\Services\DocumentationSidebarTest" classname="Hyde.Framework.Testing.Feature.Services.DocumentationSidebarTest" file="/home/runner/work/develop/develop/packages/framework/tests/Feature/Services/DocumentationSidebarTest.php" line="160" assertions="1" time="0.036093"/>
        <testcase name="test_has_groups_returns_true_when_there_are_multiple_groups" class="Hyde\Framework\Testing\Feature\Services\DocumentationSidebarTest" classname="Hyde.Framework.Testing.Feature.Services.DocumentationSidebarTest" file="/home/runner/work/develop/develop/packages/framework/tests/Feature/Services/DocumentationSidebarTest.php" line="167" assertions="1" time="0.036727"/>
        <testcase name="test_has_groups_returns_true_when_there_are_multiple_groups_mixed_with_defaults" class="Hyde\Framework\Testing\Feature\Services\DocumentationSidebarTest" classname="Hyde.Framework.Testing.Feature.Services.DocumentationSidebarTest" file="/home/runner/work/develop/develop/packages/framework/tests/Feature/Services/DocumentationSidebarTest.php" line="175" assertions="1" time="0.037632"/>
        <testcase name="test_get_groups_returns_empty_array_when_there_are_no_groups" class="Hyde\Framework\Testing\Feature\Services\DocumentationSidebarTest" classname="Hyde.Framework.Testing.Feature.Services.DocumentationSidebarTest" file="/home/runner/work/develop/develop/packages/framework/tests/Feature/Services/DocumentationSidebarTest.php" line="184" assertions="1" time="0.033085"/>
        <testcase name="test_get_groups_returns_array_of_groups_when_there_are_groups" class="Hyde\Framework\Testing\Feature\Services\DocumentationSidebarTest" classname="Hyde.Framework.Testing.Feature.Services.DocumentationSidebarTest" file="/home/runner/work/develop/develop/packages/framework/tests/Feature/Services/DocumentationSidebarTest.php" line="189" assertions="1" time="0.033875"/>
        <testcase name="test_get_groups_returns_array_with_no_duplicates" class="Hyde\Framework\Testing\Feature\Services\DocumentationSidebarTest" classname="Hyde.Framework.Testing.Feature.Services.DocumentationSidebarTest" file="/home/runner/work/develop/develop/packages/framework/tests/Feature/Services/DocumentationSidebarTest.php" line="196" assertions="1" time="0.039074"/>
        <testcase name="test_groups_are_sorted_by_lowest_found_priority_in_each_group" class="Hyde\Framework\Testing\Feature\Services\DocumentationSidebarTest" classname="Hyde.Framework.Testing.Feature.Services.DocumentationSidebarTest" file="/home/runner/work/develop/develop/packages/framework/tests/Feature/Services/DocumentationSidebarTest.php" line="205" assertions="1" time="0.039591"/>
        <testcase name="test_get_items_in_group_returns_empty_collection_when_there_are_no_items" class="Hyde\Framework\Testing\Feature\Services\DocumentationSidebarTest" classname="Hyde.Framework.Testing.Feature.Services.DocumentationSidebarTest" file="/home/runner/work/develop/develop/packages/framework/tests/Feature/Services/DocumentationSidebarTest.php" line="214" assertions="1" time="0.044058"/>
        <testcase name="test_get_items_in_group_returns_collection_of_items_in_group" class="Hyde\Framework\Testing\Feature\Services\DocumentationSidebarTest" classname="Hyde.Framework.Testing.Feature.Services.DocumentationSidebarTest" file="/home/runner/work/develop/develop/packages/framework/tests/Feature/Services/DocumentationSidebarTest.php" line="219" assertions="2" time="0.041351"/>
        <testcase name="test_get_items_in_group_normalizes_group_name_to_slug_format" class="Hyde\Framework\Testing\Feature\Services\DocumentationSidebarTest" classname="Hyde.Framework.Testing.Feature.Services.DocumentationSidebarTest" file="/home/runner/work/develop/develop/packages/framework/tests/Feature/Services/DocumentationSidebarTest.php" line="241" assertions="1" time="0.039437"/>
        <testcase name="test_get_items_in_group_does_not_include_items_with_hidden_front_matter" class="Hyde\Framework\Testing\Feature\Services\DocumentationSidebarTest" classname="Hyde.Framework.Testing.Feature.Services.DocumentationSidebarTest" file="/home/runner/work/develop/develop/packages/framework/tests/Feature/Services/DocumentationSidebarTest.php" line="257" assertions="1" time="0.040544"/>
        <testcase name="test_get_items_in_group_does_not_include_docs_index" class="Hyde\Framework\Testing\Feature\Services\DocumentationSidebarTest" classname="Hyde.Framework.Testing.Feature.Services.DocumentationSidebarTest" file="/home/runner/work/develop/develop/packages/framework/tests/Feature/Services/DocumentationSidebarTest.php" line="268" assertions="1" time="0.035731"/>
      </testsuite>
      <testsuite name="Hyde\Framework\Testing\Feature\Services\HydeSmartDocsTest" file="/home/runner/work/develop/develop/packages/framework/tests/Feature/Services/HydeSmartDocsTest.php" tests="13" assertions="22" errors="0" warnings="0" failures="0" skipped="0" time="0.437566">
        <testcase name="test_create_helper_creates_new_instance_and_processes_it" class="Hyde\Framework\Testing\Feature\Services\HydeSmartDocsTest" classname="Hyde.Framework.Testing.Feature.Services.HydeSmartDocsTest" file="/home/runner/work/develop/develop/packages/framework/tests/Feature/Services/HydeSmartDocsTest.php" line="42" assertions="2" time="0.027873"/>
        <testcase name="test_instance_can_be_constructed_directly_with_same_result_as_facade" class="Hyde\Framework\Testing\Feature\Services\HydeSmartDocsTest" classname="Hyde.Framework.Testing.Feature.Services.HydeSmartDocsTest" file="/home/runner/work/develop/develop/packages/framework/tests/Feature/Services/HydeSmartDocsTest.php" line="51" assertions="2" time="0.029432"/>
        <testcase name="test_render_header_returns_the_extracted_header" class="Hyde\Framework\Testing\Feature\Services\HydeSmartDocsTest" classname="Hyde.Framework.Testing.Feature.Services.HydeSmartDocsTest" file="/home/runner/work/develop/develop/packages/framework/tests/Feature/Services/HydeSmartDocsTest.php" line="65" assertions="1" time="0.030502"/>
        <testcase name="test_render_header_returns_the_extracted_header_with_varying_newlines" class="Hyde\Framework\Testing\Feature\Services\HydeSmartDocsTest" classname="Hyde.Framework.Testing.Feature.Services.HydeSmartDocsTest" file="/home/runner/work/develop/develop/packages/framework/tests/Feature/Services/HydeSmartDocsTest.php" line="72" assertions="3" time="0.032904"/>
        <testcase name="test_render_body_returns_the_extracted_body" class="Hyde\Framework\Testing\Feature\Services\HydeSmartDocsTest" classname="Hyde.Framework.Testing.Feature.Services.HydeSmartDocsTest" file="/home/runner/work/develop/develop/packages/framework/tests/Feature/Services/HydeSmartDocsTest.php" line="86" assertions="1" time="0.030703"/>
        <testcase name="test_render_body_returns_the_extracted_body_with_varying_newlines" class="Hyde\Framework\Testing\Feature\Services\HydeSmartDocsTest" classname="Hyde.Framework.Testing.Feature.Services.HydeSmartDocsTest" file="/home/runner/work/develop/develop/packages/framework/tests/Feature/Services/HydeSmartDocsTest.php" line="93" assertions="3" time="0.035286"/>
        <testcase name="test_render_footer_is_empty_by_default" class="Hyde\Framework\Testing\Feature\Services\HydeSmartDocsTest" classname="Hyde.Framework.Testing.Feature.Services.HydeSmartDocsTest" file="/home/runner/work/develop/develop/packages/framework/tests/Feature/Services/HydeSmartDocsTest.php" line="107" assertions="1" time="0.030855"/>
        <testcase name="test_add_dynamic_header_content_adds_source_link_when_conditions_are_met" class="Hyde\Framework\Testing\Feature\Services\HydeSmartDocsTest" classname="Hyde.Framework.Testing.Feature.Services.HydeSmartDocsTest" file="/home/runner/work/develop/develop/packages/framework/tests/Feature/Services/HydeSmartDocsTest.php" line="114" assertions="1" time="0.031210"/>
        <testcase name="test_edit_source_link_is_added_to_footer_when_conditions_are_met" class="Hyde\Framework\Testing\Feature\Services\HydeSmartDocsTest" classname="Hyde.Framework.Testing.Feature.Services.HydeSmartDocsTest" file="/home/runner/work/develop/develop/packages/framework/tests/Feature/Services/HydeSmartDocsTest.php" line="125" assertions="1" time="0.037025"/>
        <testcase name="test_edit_source_link_can_be_added_to_both_header_and_footer" class="Hyde\Framework\Testing\Feature\Services\HydeSmartDocsTest" classname="Hyde.Framework.Testing.Feature.Services.HydeSmartDocsTest" file="/home/runner/work/develop/develop/packages/framework/tests/Feature/Services/HydeSmartDocsTest.php" line="136" assertions="2" time="0.035320"/>
        <testcase name="test_edit_source_link_text_can_be_customized" class="Hyde\Framework\Testing\Feature\Services\HydeSmartDocsTest" classname="Hyde.Framework.Testing.Feature.Services.HydeSmartDocsTest" file="/home/runner/work/develop/develop/packages/framework/tests/Feature/Services/HydeSmartDocsTest.php" line="152" assertions="2" time="0.041883"/>
        <testcase name="test_add_dynamic_footer_content_adds_torchlight_attribution_when_conditions_are_met" class="Hyde\Framework\Testing\Feature\Services\HydeSmartDocsTest" classname="Hyde.Framework.Testing.Feature.Services.HydeSmartDocsTest" file="/home/runner/work/develop/develop/packages/framework/tests/Feature/Services/HydeSmartDocsTest.php" line="169" assertions="1" time="0.034187"/>
        <testcase name="test_the_documentation_article_view" class="Hyde\Framework\Testing\Feature\Services\HydeSmartDocsTest" classname="Hyde.Framework.Testing.Feature.Services.HydeSmartDocsTest" file="/home/runner/work/develop/develop/packages/framework/tests/Feature/Services/HydeSmartDocsTest.php" line="177" assertions="2" time="0.040385"/>
      </testsuite>
      <testsuite name="Hyde\Framework\Testing\Feature\Services\Markdown\CodeblockFilepathProcessorTest" file="/home/runner/work/develop/develop/packages/framework/tests/Feature/Services/Markdown/CodeblockFilepathProcessorTest.php" tests="8" assertions="20" errors="0" warnings="0" failures="0" skipped="0" time="0.226250">
        <testcase name="test_preprocess_expands_filepath" class="Hyde\Framework\Testing\Feature\Services\Markdown\CodeblockFilepathProcessorTest" classname="Hyde.Framework.Testing.Feature.Services.Markdown.CodeblockFilepathProcessorTest" file="/home/runner/work/develop/develop/packages/framework/tests/Feature/Services/Markdown/CodeblockFilepathProcessorTest.php" line="15" assertions="1" time="0.030083"/>
        <testcase name="test_preprocess_accepts_multiple_filepath_formats" class="Hyde\Framework\Testing\Feature\Services\Markdown\CodeblockFilepathProcessorTest" classname="Hyde.Framework.Testing.Feature.Services.Markdown.CodeblockFilepathProcessorTest" file="/home/runner/work/develop/develop/packages/framework/tests/Feature/Services/Markdown/CodeblockFilepathProcessorTest.php" line="23" assertions="8" time="0.028964"/>
        <testcase name="test_preprocess_accepts_multiple_languages" class="Hyde\Framework\Testing\Feature\Services\Markdown\CodeblockFilepathProcessorTest" classname="Hyde.Framework.Testing.Feature.Services.Markdown.CodeblockFilepathProcessorTest" file="/home/runner/work/develop/develop/packages/framework/tests/Feature/Services/Markdown/CodeblockFilepathProcessorTest.php" line="44" assertions="6" time="0.027229"/>
        <testcase name="test_preprocess_accepts_multiple_input_blocks" class="Hyde\Framework\Testing\Feature\Services\Markdown\CodeblockFilepathProcessorTest" classname="Hyde.Framework.Testing.Feature.Services.Markdown.CodeblockFilepathProcessorTest" file="/home/runner/work/develop/develop/packages/framework/tests/Feature/Services/Markdown/CodeblockFilepathProcessorTest.php" line="64" assertions="1" time="0.029778"/>
        <testcase name="test_preprocess_accepts_multi_line_codeblocks" class="Hyde\Framework\Testing\Feature\Services\Markdown\CodeblockFilepathProcessorTest" classname="Hyde.Framework.Testing.Feature.Services.Markdown.CodeblockFilepathProcessorTest" file="/home/runner/work/develop/develop/packages/framework/tests/Feature/Services/Markdown/CodeblockFilepathProcessorTest.php" line="95" assertions="1" time="0.027590"/>
        <testcase name="test_space_after_filepath_is_optional" class="Hyde\Framework\Testing\Feature\Services\Markdown\CodeblockFilepathProcessorTest" classname="Hyde.Framework.Testing.Feature.Services.Markdown.CodeblockFilepathProcessorTest" file="/home/runner/work/develop/develop/packages/framework/tests/Feature/Services/Markdown/CodeblockFilepathProcessorTest.php" line="120" assertions="1" time="0.026894"/>
        <testcase name="test_processor_expands_filepath_directive_in_standard_codeblock" class="Hyde\Framework\Testing\Feature\Services\Markdown\CodeblockFilepathProcessorTest" classname="Hyde.Framework.Testing.Feature.Services.Markdown.CodeblockFilepathProcessorTest" file="/home/runner/work/develop/develop/packages/framework/tests/Feature/Services/Markdown/CodeblockFilepathProcessorTest.php" line="143" assertions="1" time="0.027555"/>
        <testcase name="test_processor_expands_filepath_directive_in_torchlight_codeblock" class="Hyde\Framework\Testing\Feature\Services\Markdown\CodeblockFilepathProcessorTest" classname="Hyde.Framework.Testing.Feature.Services.Markdown.CodeblockFilepathProcessorTest" file="/home/runner/work/develop/develop/packages/framework/tests/Feature/Services/Markdown/CodeblockFilepathProcessorTest.php" line="157" assertions="1" time="0.028157"/>
      </testsuite>
      <testsuite name="Hyde\Framework\Testing\Feature\Services\Markdown\ShortcodeProcessorTest" file="/home/runner/work/develop/develop/packages/framework/tests/Feature/Services/Markdown/ShortcodeProcessorTest.php" tests="5" assertions="7" errors="0" warnings="0" failures="0" skipped="0" time="0.133688">
        <testcase name="test_constructor_discovers_default_shortcodes" class="Hyde\Framework\Testing\Feature\Services\Markdown\ShortcodeProcessorTest" classname="Hyde.Framework.Testing.Feature.Services.Markdown.ShortcodeProcessorTest" file="/home/runner/work/develop/develop/packages/framework/tests/Feature/Services/Markdown/ShortcodeProcessorTest.php" line="15" assertions="2" time="0.025768"/>
        <testcase name="test_discovered_shortcodes_are_used_to_process_input" class="Hyde\Framework\Testing\Feature\Services\Markdown\ShortcodeProcessorTest" classname="Hyde.Framework.Testing.Feature.Services.Markdown.ShortcodeProcessorTest" file="/home/runner/work/develop/develop/packages/framework/tests/Feature/Services/Markdown/ShortcodeProcessorTest.php" line="23" assertions="1" time="0.026677"/>
        <testcase name="test_string_without_shortcode_is_not_modified" class="Hyde\Framework\Testing\Feature\Services\Markdown\ShortcodeProcessorTest" classname="Hyde.Framework.Testing.Feature.Services.Markdown.ShortcodeProcessorTest" file="/home/runner/work/develop/develop/packages/framework/tests/Feature/Services/Markdown/ShortcodeProcessorTest.php" line="31" assertions="1" time="0.027439"/>
        <testcase name="test_process_static_shorthand" class="Hyde\Framework\Testing\Feature\Services\Markdown\ShortcodeProcessorTest" classname="Hyde.Framework.Testing.Feature.Services.Markdown.ShortcodeProcessorTest" file="/home/runner/work/develop/develop/packages/framework/tests/Feature/Services/Markdown/ShortcodeProcessorTest.php" line="38" assertions="1" time="0.025643"/>
        <testcase name="test_shortcodes_can_be_added_to_processor" class="Hyde\Framework\Testing\Feature\Services\Markdown\ShortcodeProcessorTest" classname="Hyde.Framework.Testing.Feature.Services.Markdown.ShortcodeProcessorTest" file="/home/runner/work/develop/develop/packages/framework/tests/Feature/Services/Markdown/ShortcodeProcessorTest.php" line="44" assertions="2" time="0.028162"/>
      </testsuite>
      <testsuite name="Hyde\Framework\Testing\Feature\Services\RssFeedServiceTest" file="/home/runner/work/develop/develop/packages/framework/tests/Feature/Services/RssFeedServiceTest.php" tests="13" assertions="37" errors="0" warnings="0" failures="0" skipped="0" time="0.373881">
        <testcase name="test_service_instantiates_xml_element" class="Hyde\Framework\Testing\Feature\Services\RssFeedServiceTest" classname="Hyde.Framework.Testing.Feature.Services.RssFeedServiceTest" file="/home/runner/work/develop/develop/packages/framework/tests/Feature/Services/RssFeedServiceTest.php" line="17" assertions="1" time="0.026601"/>
        <testcase name="test_constructor_throws_exception_when_missing_simplexml_extension" class="Hyde\Framework\Testing\Feature\Services\RssFeedServiceTest" classname="Hyde.Framework.Testing.Feature.Services.RssFeedServiceTest" file="/home/runner/work/develop/develop/packages/framework/tests/Feature/Services/RssFeedServiceTest.php" line="23" assertions="2" time="0.027283"/>
        <testcase name="test_xml_root_element_is_set_to_rss_2_0" class="Hyde\Framework\Testing\Feature\Services\RssFeedServiceTest" classname="Hyde.Framework.Testing.Feature.Services.RssFeedServiceTest" file="/home/runner/work/develop/develop/packages/framework/tests/Feature/Services/RssFeedServiceTest.php" line="32" assertions="2" time="0.027236"/>
        <testcase name="test_xml_element_has_channel_element" class="Hyde\Framework\Testing\Feature\Services\RssFeedServiceTest" classname="Hyde.Framework.Testing.Feature.Services.RssFeedServiceTest" file="/home/runner/work/develop/develop/packages/framework/tests/Feature/Services/RssFeedServiceTest.php" line="39" assertions="1" time="0.026248"/>
        <testcase name="test_xml_channel_element_has_required_elements" class="Hyde\Framework\Testing\Feature\Services\RssFeedServiceTest" classname="Hyde.Framework.Testing.Feature.Services.RssFeedServiceTest" file="/home/runner/work/develop/develop/packages/framework/tests/Feature/Services/RssFeedServiceTest.php" line="45" assertions="6" time="0.027655"/>
        <testcase name="test_xml_channel_element_has_additional_elements" class="Hyde\Framework\Testing\Feature\Services\RssFeedServiceTest" classname="Hyde.Framework.Testing.Feature.Services.RssFeedServiceTest" file="/home/runner/work/develop/develop/packages/framework/tests/Feature/Services/RssFeedServiceTest.php" line="60" assertions="6" time="0.027116"/>
        <testcase name="test_xml_channel_data_can_be_customized" class="Hyde\Framework\Testing\Feature\Services\RssFeedServiceTest" classname="Hyde.Framework.Testing.Feature.Services.RssFeedServiceTest" file="/home/runner/work/develop/develop/packages/framework/tests/Feature/Services/RssFeedServiceTest.php" line="75" assertions="3" time="0.027070"/>
        <testcase name="test_markdown_blog_posts_are_added_to_rss_feed_through_autodiscovery" class="Hyde\Framework\Testing\Feature\Services\RssFeedServiceTest" classname="Hyde.Framework.Testing.Feature.Services.RssFeedServiceTest" file="/home/runner/work/develop/develop/packages/framework/tests/Feature/Services/RssFeedServiceTest.php" line="87" assertions="11" time="0.036272"/>
        <testcase name="test_get_xml_method_returns_xml_string" class="Hyde\Framework\Testing\Feature\Services\RssFeedServiceTest" classname="Hyde.Framework.Testing.Feature.Services.RssFeedServiceTest" file="/home/runner/work/develop/develop/packages/framework/tests/Feature/Services/RssFeedServiceTest.php" line="130" assertions="1" time="0.026248"/>
        <testcase name="test_generate_feed_helper_returns_xml_string" class="Hyde\Framework\Testing\Feature\Services\RssFeedServiceTest" classname="Hyde.Framework.Testing.Feature.Services.RssFeedServiceTest" file="/home/runner/work/develop/develop/packages/framework/tests/Feature/Services/RssFeedServiceTest.php" line="136" assertions="1" time="0.031090"/>
        <testcase name="test_can_generate_feed_helper_returns_true_if_hyde_has_base_url" class="Hyde\Framework\Testing\Feature\Services\RssFeedServiceTest" classname="Hyde.Framework.Testing.Feature.Services.RssFeedServiceTest" file="/home/runner/work/develop/develop/packages/framework/tests/Feature/Services/RssFeedServiceTest.php" line="141" assertions="1" time="0.037133"/>
        <testcase name="test_can_generate_feed_helper_returns_false_if_hyde_does_not_have_base_url" class="Hyde\Framework\Testing\Feature\Services\RssFeedServiceTest" classname="Hyde.Framework.Testing.Feature.Services.RssFeedServiceTest" file="/home/runner/work/develop/develop/packages/framework/tests/Feature/Services/RssFeedServiceTest.php" line="148" assertions="1" time="0.027262"/>
        <testcase name="test_can_generate_feed_helper_returns_false_if_feeds_are_disabled_in_config" class="Hyde\Framework\Testing\Feature\Services\RssFeedServiceTest" classname="Hyde.Framework.Testing.Feature.Services.RssFeedServiceTest" file="/home/runner/work/develop/develop/packages/framework/tests/Feature/Services/RssFeedServiceTest.php" line="155" assertions="1" time="0.026664"/>
      </testsuite>
      <testsuite name="Hyde\Framework\Testing\Feature\Services\SitemapServiceTest" file="/home/runner/work/develop/develop/packages/framework/tests/Feature/Services/SitemapServiceTest.php" tests="11" assertions="20" errors="0" warnings="0" failures="0" skipped="0" time="0.363176">
        <testcase name="test_service_instantiates_xml_element" class="Hyde\Framework\Testing\Feature\Services\SitemapServiceTest" classname="Hyde.Framework.Testing.Feature.Services.SitemapServiceTest" file="/home/runner/work/develop/develop/packages/framework/tests/Feature/Services/SitemapServiceTest.php" line="27" assertions="1" time="0.028386"/>
        <testcase name="test_constructor_throws_exception_when_missing_simplexml_extension" class="Hyde\Framework\Testing\Feature\Services\SitemapServiceTest" classname="Hyde.Framework.Testing.Feature.Services.SitemapServiceTest" file="/home/runner/work/develop/develop/packages/framework/tests/Feature/Services/SitemapServiceTest.php" line="33" assertions="2" time="0.027708"/>
        <testcase name="test_generate_adds_default_pages_to_xml" class="Hyde\Framework\Testing\Feature\Services\SitemapServiceTest" classname="Hyde.Framework.Testing.Feature.Services.SitemapServiceTest" file="/home/runner/work/develop/develop/packages/framework/tests/Feature/Services/SitemapServiceTest.php" line="42" assertions="1" time="0.032016"/>
        <testcase name="test_generate_adds_markdown_pages_to_xml" class="Hyde\Framework\Testing\Feature\Services\SitemapServiceTest" classname="Hyde.Framework.Testing.Feature.Services.SitemapServiceTest" file="/home/runner/work/develop/develop/packages/framework/tests/Feature/Services/SitemapServiceTest.php" line="51" assertions="1" time="0.034646"/>
        <testcase name="test_generate_adds_markdown_posts_to_xml" class="Hyde\Framework\Testing\Feature\Services\SitemapServiceTest" classname="Hyde.Framework.Testing.Feature.Services.SitemapServiceTest" file="/home/runner/work/develop/develop/packages/framework/tests/Feature/Services/SitemapServiceTest.php" line="63" assertions="1" time="0.034322"/>
        <testcase name="test_generate_adds_documentation_pages_to_xml" class="Hyde\Framework\Testing\Feature\Services\SitemapServiceTest" classname="Hyde.Framework.Testing.Feature.Services.SitemapServiceTest" file="/home/runner/work/develop/develop/packages/framework/tests/Feature/Services/SitemapServiceTest.php" line="75" assertions="1" time="0.033158"/>
        <testcase name="test_get_xml_returns_xml_string" class="Hyde\Framework\Testing\Feature\Services\SitemapServiceTest" classname="Hyde.Framework.Testing.Feature.Services.SitemapServiceTest" file="/home/runner/work/develop/develop/packages/framework/tests/Feature/Services/SitemapServiceTest.php" line="87" assertions="2" time="0.033653"/>
        <testcase name="test_generate_sitemap_shorthand_method_returns_xml_string" class="Hyde\Framework\Testing\Feature\Services\SitemapServiceTest" classname="Hyde.Framework.Testing.Feature.Services.SitemapServiceTest" file="/home/runner/work/develop/develop/packages/framework/tests/Feature/Services/SitemapServiceTest.php" line="97" assertions="2" time="0.031277"/>
        <testcase name="test_url_item_is_generated_correctly" class="Hyde\Framework\Testing\Feature\Services\SitemapServiceTest" classname="Hyde.Framework.Testing.Feature.Services.SitemapServiceTest" file="/home/runner/work/develop/develop/packages/framework/tests/Feature/Services/SitemapServiceTest.php" line="105" assertions="3" time="0.036051"/>
        <testcase name="test_url_item_is_generated_with_pretty_urls_if_enabled" class="Hyde\Framework\Testing\Feature\Services\SitemapServiceTest" classname="Hyde.Framework.Testing.Feature.Services.SitemapServiceTest" file="/home/runner/work/develop/develop/packages/framework/tests/Feature/Services/SitemapServiceTest.php" line="122" assertions="1" time="0.036168"/>
        <testcase name="test_all_route_types_are_discovered" class="Hyde\Framework\Testing\Feature\Services\SitemapServiceTest" classname="Hyde.Framework.Testing.Feature.Services.SitemapServiceTest" file="/home/runner/work/develop/develop/packages/framework/tests/Feature/Services/SitemapServiceTest.php" line="137" assertions="5" time="0.035790"/>
      </testsuite>
      <testsuite name="Hyde\Framework\Testing\Feature\Services\ValidationServiceTest" file="/home/runner/work/develop/develop/packages/framework/tests/Feature/Services/ValidationServiceTest.php" tests="24" assertions="64" errors="0" warnings="0" failures="0" skipped="0" time="0.680967">
        <testcase name="test_checks_returns_an_array_of_validation_check_methods" class="Hyde\Framework\Testing\Feature\Services\ValidationServiceTest" classname="Hyde.Framework.Testing.Feature.Services.ValidationServiceTest" file="/home/runner/work/develop/develop/packages/framework/tests/Feature/Services/ValidationServiceTest.php" line="39" assertions="17" time="0.024957"/>
        <testcase name="test_check_validators_can_run" class="Hyde\Framework\Testing\Feature\Services\ValidationServiceTest" classname="Hyde.Framework.Testing.Feature.Services.ValidationServiceTest" file="/home/runner/work/develop/develop/packages/framework/tests/Feature/Services/ValidationServiceTest.php" line="51" assertions="2" time="0.026512"/>
        <testcase name="test_check_site_has_a_404_page_can_pass" class="Hyde\Framework\Testing\Feature\Services\ValidationServiceTest" classname="Hyde.Framework.Testing.Feature.Services.ValidationServiceTest" file="/home/runner/work/develop/develop/packages/framework/tests/Feature/Services/ValidationServiceTest.php" line="56" assertions="2" time="0.038478"/>
        <testcase name="test_check_site_has_a_404_page_can_fail" class="Hyde\Framework\Testing\Feature\Services\ValidationServiceTest" classname="Hyde.Framework.Testing.Feature.Services.ValidationServiceTest" file="/home/runner/work/develop/develop/packages/framework/tests/Feature/Services/ValidationServiceTest.php" line="61" assertions="2" time="0.025965"/>
        <testcase name="test_check_documentation_site_has_an_index_page_can_pass" class="Hyde\Framework\Testing\Feature\Services\ValidationServiceTest" classname="Hyde.Framework.Testing.Feature.Services.ValidationServiceTest" file="/home/runner/work/develop/develop/packages/framework/tests/Feature/Services/ValidationServiceTest.php" line="68" assertions="2" time="0.033740"/>
        <testcase name="test_check_documentation_site_has_an_index_page_can_pass_with_warning_when_only_finding_readme" class="Hyde\Framework\Testing\Feature\Services\ValidationServiceTest" classname="Hyde.Framework.Testing.Feature.Services.ValidationServiceTest" file="/home/runner/work/develop/develop/packages/framework/tests/Feature/Services/ValidationServiceTest.php" line="75" assertions="3" time="0.035474"/>
        <testcase name="test_check_documentation_site_has_an_index_page_can_fail" class="Hyde\Framework\Testing\Feature\Services\ValidationServiceTest" classname="Hyde.Framework.Testing.Feature.Services.ValidationServiceTest" file="/home/runner/work/develop/develop/packages/framework/tests/Feature/Services/ValidationServiceTest.php" line="84" assertions="2" time="0.033985"/>
        <testcase name="test_check_documentation_site_has_an_index_page_be_skipped" class="Hyde\Framework\Testing\Feature\Services\ValidationServiceTest" classname="Hyde.Framework.Testing.Feature.Services.ValidationServiceTest" file="/home/runner/work/develop/develop/packages/framework/tests/Feature/Services/ValidationServiceTest.php" line="91" assertions="2" time="0.035242"/>
        <testcase name="test_check_site_has_an_index_page_can_pass" class="Hyde\Framework\Testing\Feature\Services\ValidationServiceTest" classname="Hyde.Framework.Testing.Feature.Services.ValidationServiceTest" file="/home/runner/work/develop/develop/packages/framework/tests/Feature/Services/ValidationServiceTest.php" line="96" assertions="2" time="0.025732"/>
        <testcase name="test_check_site_has_an_index_page_can_fail" class="Hyde\Framework\Testing\Feature\Services\ValidationServiceTest" classname="Hyde.Framework.Testing.Feature.Services.ValidationServiceTest" file="/home/runner/work/develop/develop/packages/framework/tests/Feature/Services/ValidationServiceTest.php" line="101" assertions="2" time="0.025707"/>
        <testcase name="test_check_site_has_an_app_css_stylesheet_can_pass" class="Hyde\Framework\Testing\Feature\Services\ValidationServiceTest" classname="Hyde.Framework.Testing.Feature.Services.ValidationServiceTest" file="/home/runner/work/develop/develop/packages/framework/tests/Feature/Services/ValidationServiceTest.php" line="108" assertions="2" time="0.027016"/>
        <testcase name="test_check_site_has_an_app_css_stylesheet_can_fail" class="Hyde\Framework\Testing\Feature\Services\ValidationServiceTest" classname="Hyde.Framework.Testing.Feature.Services.ValidationServiceTest" file="/home/runner/work/develop/develop/packages/framework/tests/Feature/Services/ValidationServiceTest.php" line="113" assertions="2" time="0.029501"/>
        <testcase name="test_check_site_has_a_base_url_set_can_pass" class="Hyde\Framework\Testing\Feature\Services\ValidationServiceTest" classname="Hyde.Framework.Testing.Feature.Services.ValidationServiceTest" file="/home/runner/work/develop/develop/packages/framework/tests/Feature/Services/ValidationServiceTest.php" line="121" assertions="2" time="0.026178"/>
        <testcase name="test_check_site_has_a_base_url_set_can_fail" class="Hyde\Framework\Testing\Feature\Services\ValidationServiceTest" classname="Hyde.Framework.Testing.Feature.Services.ValidationServiceTest" file="/home/runner/work/develop/develop/packages/framework/tests/Feature/Services/ValidationServiceTest.php" line="127" assertions="2" time="0.026840"/>
        <testcase name="test_check_a_torchlight_api_token_is_set_can_skip" class="Hyde\Framework\Testing\Feature\Services\ValidationServiceTest" classname="Hyde.Framework.Testing.Feature.Services.ValidationServiceTest" file="/home/runner/work/develop/develop/packages/framework/tests/Feature/Services/ValidationServiceTest.php" line="133" assertions="2" time="0.025493"/>
        <testcase name="test_check_a_torchlight_api_token_is_set_can_pass" class="Hyde\Framework\Testing\Feature\Services\ValidationServiceTest" classname="Hyde.Framework.Testing.Feature.Services.ValidationServiceTest" file="/home/runner/work/develop/develop/packages/framework/tests/Feature/Services/ValidationServiceTest.php" line="139" assertions="2" time="0.024775"/>
        <testcase name="test_check_a_torchlight_api_token_is_set_can_fail" class="Hyde\Framework\Testing\Feature\Services\ValidationServiceTest" classname="Hyde.Framework.Testing.Feature.Services.ValidationServiceTest" file="/home/runner/work/develop/develop/packages/framework/tests/Feature/Services/ValidationServiceTest.php" line="145" assertions="2" time="0.025654"/>
        <testcase name="test_check_for_conflicts_between_blade_and_markdown_pages_can_pass" class="Hyde\Framework\Testing\Feature\Services\ValidationServiceTest" classname="Hyde.Framework.Testing.Feature.Services.ValidationServiceTest" file="/home/runner/work/develop/develop/packages/framework/tests/Feature/Services/ValidationServiceTest.php" line="151" assertions="2" time="0.031407"/>
        <testcase name="test_check_for_conflicts_between_blade_and_markdown_pages_can_fail" class="Hyde\Framework\Testing\Feature\Services\ValidationServiceTest" classname="Hyde.Framework.Testing.Feature.Services.ValidationServiceTest" file="/home/runner/work/develop/develop/packages/framework/tests/Feature/Services/ValidationServiceTest.php" line="156" assertions="2" time="0.031161"/>
        <testcase name="test_validation_result_message_returns_message" class="Hyde\Framework\Testing\Feature\Services\ValidationServiceTest" classname="Hyde.Framework.Testing.Feature.Services.ValidationServiceTest" file="/home/runner/work/develop/develop/packages/framework/tests/Feature/Services/ValidationServiceTest.php" line="165" assertions="1" time="0.024785"/>
        <testcase name="test_validation_result_passed_returns_true_when_passed_is_true" class="Hyde\Framework\Testing\Feature\Services\ValidationServiceTest" classname="Hyde.Framework.Testing.Feature.Services.ValidationServiceTest" file="/home/runner/work/develop/develop/packages/framework/tests/Feature/Services/ValidationServiceTest.php" line="172" assertions="2" time="0.024181"/>
        <testcase name="test_validation_result_failed_returns_true_when_passed_is_false" class="Hyde\Framework\Testing\Feature\Services\ValidationServiceTest" classname="Hyde.Framework.Testing.Feature.Services.ValidationServiceTest" file="/home/runner/work/develop/develop/packages/framework/tests/Feature/Services/ValidationServiceTest.php" line="181" assertions="2" time="0.028249"/>
        <testcase name="test_validation_result_skipped_returns_true_when_skipped_is_true" class="Hyde\Framework\Testing\Feature\Services\ValidationServiceTest" classname="Hyde.Framework.Testing.Feature.Services.ValidationServiceTest" file="/home/runner/work/develop/develop/packages/framework/tests/Feature/Services/ValidationServiceTest.php" line="190" assertions="3" time="0.025169"/>
        <testcase name="test_validation_result_tip_returns_message_when_set" class="Hyde\Framework\Testing\Feature\Services\ValidationServiceTest" classname="Hyde.Framework.Testing.Feature.Services.ValidationServiceTest" file="/home/runner/work/develop/develop/packages/framework/tests/Feature/Services/ValidationServiceTest.php" line="200" assertions="2" time="0.024766"/>
      </testsuite>
      <testsuite name="Hyde\Framework\Testing\Feature\SiteTest" file="/home/runner/work/develop/develop/packages/framework/tests/Feature/SiteTest.php" tests="4" assertions="10" errors="0" warnings="0" failures="0" skipped="0" time="0.110810">
        <testcase name="testUrl" class="Hyde\Framework\Testing\Feature\SiteTest" classname="Hyde.Framework.Testing.Feature.SiteTest" file="/home/runner/work/develop/develop/packages/framework/tests/Feature/SiteTest.php" line="16" assertions="3" time="0.024436"/>
        <testcase name="testName" class="Hyde\Framework\Testing\Feature\SiteTest" classname="Hyde.Framework.Testing.Feature.SiteTest" file="/home/runner/work/develop/develop/packages/framework/tests/Feature/SiteTest.php" line="27" assertions="3" time="0.027492"/>
        <testcase name="testLanguage" class="Hyde\Framework\Testing\Feature\SiteTest" classname="Hyde.Framework.Testing.Feature.SiteTest" file="/home/runner/work/develop/develop/packages/framework/tests/Feature/SiteTest.php" line="38" assertions="3" time="0.026298"/>
        <testcase name="testMetadata" class="Hyde\Framework\Testing\Feature\SiteTest" classname="Hyde.Framework.Testing.Feature.SiteTest" file="/home/runner/work/develop/develop/packages/framework/tests/Feature/SiteTest.php" line="49" assertions="1" time="0.032584"/>
      </testsuite>
      <testsuite name="Hyde\Framework\Testing\Feature\SourceDirectoriesCanBeChangedTest" file="/home/runner/work/develop/develop/packages/framework/tests/Feature/SourceDirectoriesCanBeChangedTest.php" tests="4" assertions="10" errors="0" warnings="0" failures="0" skipped="0" time="0.115304">
        <testcase name="test_baselines" class="Hyde\Framework\Testing\Feature\SourceDirectoriesCanBeChangedTest" classname="Hyde.Framework.Testing.Feature.SourceDirectoriesCanBeChangedTest" file="/home/runner/work/develop/develop/packages/framework/tests/Feature/SourceDirectoriesCanBeChangedTest.php" line="20" assertions="4" time="0.027740"/>
        <testcase name="test_source_directories_can_be_changed_programmatically" class="Hyde\Framework\Testing\Feature\SourceDirectoriesCanBeChangedTest" classname="Hyde.Framework.Testing.Feature.SourceDirectoriesCanBeChangedTest" file="/home/runner/work/develop/develop/packages/framework/tests/Feature/SourceDirectoriesCanBeChangedTest.php" line="28" assertions="4" time="0.026930"/>
        <testcase name="test_build_service_recognizes_changed_directory" class="Hyde\Framework\Testing\Feature\SourceDirectoriesCanBeChangedTest" classname="Hyde.Framework.Testing.Feature.SourceDirectoriesCanBeChangedTest" file="/home/runner/work/develop/develop/packages/framework/tests/Feature/SourceDirectoriesCanBeChangedTest.php" line="41" assertions="1" time="0.026690"/>
        <testcase name="test_autodiscovery_discovers_posts_in_changed_directory" class="Hyde\Framework\Testing\Feature\SourceDirectoriesCanBeChangedTest" classname="Hyde.Framework.Testing.Feature.SourceDirectoriesCanBeChangedTest" file="/home/runner/work/develop/develop/packages/framework/tests/Feature/SourceDirectoriesCanBeChangedTest.php" line="51" assertions="1" time="0.033945"/>
      </testsuite>
      <testsuite name="Hyde\Framework\Testing\Feature\SourceFileParserTest" file="/home/runner/work/develop/develop/packages/framework/tests/Feature/SourceFileParserTest.php" tests="8" assertions="20" errors="0" warnings="0" failures="0" skipped="0" time="0.249812">
        <testcase name="test_blade_page_parser" class="Hyde\Framework\Testing\Feature\SourceFileParserTest" classname="Hyde.Framework.Testing.Feature.SourceFileParserTest" file="/home/runner/work/develop/develop/packages/framework/tests/Feature/SourceFileParserTest.php" line="20" assertions="2" time="0.026908"/>
        <testcase name="test_markdown_page_parser" class="Hyde\Framework\Testing\Feature\SourceFileParserTest" classname="Hyde.Framework.Testing.Feature.SourceFileParserTest" file="/home/runner/work/develop/develop/packages/framework/tests/Feature/SourceFileParserTest.php" line="30" assertions="4" time="0.027659"/>
        <testcase name="test_markdown_post_parser" class="Hyde\Framework\Testing\Feature\SourceFileParserTest" classname="Hyde.Framework.Testing.Feature.SourceFileParserTest" file="/home/runner/work/develop/develop/packages/framework/tests/Feature/SourceFileParserTest.php" line="42" assertions="4" time="0.028438"/>
        <testcase name="test_documentation_page_parser" class="Hyde\Framework\Testing\Feature\SourceFileParserTest" classname="Hyde.Framework.Testing.Feature.SourceFileParserTest" file="/home/runner/work/develop/develop/packages/framework/tests/Feature/SourceFileParserTest.php" line="54" assertions="4" time="0.048173"/>
        <testcase name="test_html_page_parser" class="Hyde\Framework\Testing\Feature\SourceFileParserTest" classname="Hyde.Framework.Testing.Feature.SourceFileParserTest" file="/home/runner/work/develop/develop/packages/framework/tests/Feature/SourceFileParserTest.php" line="66" assertions="3" time="0.028121"/>
        <testcase name="test_parsed_page_is_run_through_dynamic_constructor" class="Hyde\Framework\Testing\Feature\SourceFileParserTest" classname="Hyde.Framework.Testing.Feature.SourceFileParserTest" file="/home/runner/work/develop/develop/packages/framework/tests/Feature/SourceFileParserTest.php" line="77" assertions="1" time="0.032763"/>
        <testcase name="test_blade_page_data_is_parsed_to_front_matter" class="Hyde\Framework\Testing\Feature\SourceFileParserTest" classname="Hyde.Framework.Testing.Feature.SourceFileParserTest" file="/home/runner/work/develop/develop/packages/framework/tests/Feature/SourceFileParserTest.php" line="84" assertions="1" time="0.029770"/>
        <testcase name="test_blade_page_matter_is_used_for_the_page_title" class="Hyde\Framework\Testing\Feature\SourceFileParserTest" classname="Hyde.Framework.Testing.Feature.SourceFileParserTest" file="/home/runner/work/develop/develop/packages/framework/tests/Feature/SourceFileParserTest.php" line="91" assertions="1" time="0.027979"/>
      </testsuite>
      <testsuite name="Hyde\Framework\Testing\Feature\StaticPageBuilderTest" file="/home/runner/work/develop/develop/packages/framework/tests/Feature/StaticPageBuilderTest.php" tests="9" assertions="69" errors="0" warnings="0" failures="0" skipped="0" time="0.349564">
        <testcase name="test_can_build_blade_page" class="Hyde\Framework\Testing\Feature\StaticPageBuilderTest" classname="Hyde.Framework.Testing.Feature.StaticPageBuilderTest" file="/home/runner/work/develop/develop/packages/framework/tests/Feature/StaticPageBuilderTest.php" line="54" assertions="3" time="0.028413"/>
        <testcase name="test_can_build_markdown_post" class="Hyde\Framework\Testing\Feature\StaticPageBuilderTest" classname="Hyde.Framework.Testing.Feature.StaticPageBuilderTest" file="/home/runner/work/develop/develop/packages/framework/tests/Feature/StaticPageBuilderTest.php" line="69" assertions="10" time="0.045256"/>
        <testcase name="test_can_build_markdown_page" class="Hyde\Framework\Testing\Feature\StaticPageBuilderTest" classname="Hyde.Framework.Testing.Feature.StaticPageBuilderTest" file="/home/runner/work/develop/develop/packages/framework/tests/Feature/StaticPageBuilderTest.php" line="82" assertions="10" time="0.043811"/>
        <testcase name="test_can_build_documentation_page" class="Hyde\Framework\Testing\Feature\StaticPageBuilderTest" classname="Hyde.Framework.Testing.Feature.StaticPageBuilderTest" file="/home/runner/work/develop/develop/packages/framework/tests/Feature/StaticPageBuilderTest.php" line="93" assertions="10" time="0.046146"/>
        <testcase name="test_can_build_html_page" class="Hyde\Framework\Testing\Feature\StaticPageBuilderTest" classname="Hyde.Framework.Testing.Feature.StaticPageBuilderTest" file="/home/runner/work/develop/develop/packages/framework/tests/Feature/StaticPageBuilderTest.php" line="103" assertions="3" time="0.028698"/>
        <testcase name="test_can_build_nested_html_page" class="Hyde\Framework\Testing\Feature\StaticPageBuilderTest" classname="Hyde.Framework.Testing.Feature.StaticPageBuilderTest" file="/home/runner/work/develop/develop/packages/framework/tests/Feature/StaticPageBuilderTest.php" line="115" assertions="3" time="0.028525"/>
        <testcase name="test_creates_custom_documentation_directory" class="Hyde\Framework\Testing\Feature\StaticPageBuilderTest" classname="Hyde.Framework.Testing.Feature.StaticPageBuilderTest" file="/home/runner/work/develop/develop/packages/framework/tests/Feature/StaticPageBuilderTest.php" line="131" assertions="10" time="0.044930"/>
        <testcase name="test_site_directory_can_be_customized" class="Hyde\Framework\Testing\Feature\StaticPageBuilderTest" classname="Hyde.Framework.Testing.Feature.StaticPageBuilderTest" file="/home/runner/work/develop/develop/packages/framework/tests/Feature/StaticPageBuilderTest.php" line="145" assertions="10" time="0.041068"/>
        <testcase name="test_site_directory_can_be_customized_with_nested_pages" class="Hyde\Framework\Testing\Feature\StaticPageBuilderTest" classname="Hyde.Framework.Testing.Feature.StaticPageBuilderTest" file="/home/runner/work/develop/develop/packages/framework/tests/Feature/StaticPageBuilderTest.php" line="157" assertions="10" time="0.042716"/>
      </testsuite>
      <testsuite name="Hyde\Framework\Testing\Feature\StaticSiteBuilderPostModuleTest" file="/home/runner/work/develop/develop/packages/framework/tests/Feature/StaticSiteBuilderPostModuleTest.php" tests="7" assertions="38" errors="0" warnings="0" failures="0" skipped="0" time="0.343255">
        <testcase name="test_can_create_post" class="Hyde\Framework\Testing\Feature\StaticSiteBuilderPostModuleTest" classname="Hyde.Framework.Testing.Feature.StaticSiteBuilderPostModuleTest" file="/home/runner/work/develop/develop/packages/framework/tests/Feature/StaticSiteBuilderPostModuleTest.php" line="55" assertions="1" time="0.043596"/>
        <testcase name="test_post_contains_expected_content" class="Hyde\Framework\Testing\Feature\StaticSiteBuilderPostModuleTest" classname="Hyde.Framework.Testing.Feature.StaticSiteBuilderPostModuleTest" file="/home/runner/work/develop/develop/packages/framework/tests/Feature/StaticSiteBuilderPostModuleTest.php" line="64" assertions="6" time="0.047710"/>
        <testcase name="test_post_contains_expected_elements" class="Hyde\Framework\Testing\Feature\StaticSiteBuilderPostModuleTest" classname="Hyde.Framework.Testing.Feature.StaticSiteBuilderPostModuleTest" file="/home/runner/work/develop/develop/packages/framework/tests/Feature/StaticSiteBuilderPostModuleTest.php" line="76" assertions="11" time="0.047015"/>
        <testcase name="test_post_contains_expected_meta_tags" class="Hyde\Framework\Testing\Feature\StaticSiteBuilderPostModuleTest" classname="Hyde.Framework.Testing.Feature.StaticSiteBuilderPostModuleTest" file="/home/runner/work/develop/develop/packages/framework/tests/Feature/StaticSiteBuilderPostModuleTest.php" line="93" assertions="6" time="0.044659"/>
        <testcase name="test_post_contains_expected_itemprops" class="Hyde\Framework\Testing\Feature\StaticSiteBuilderPostModuleTest" classname="Hyde.Framework.Testing.Feature.StaticSiteBuilderPostModuleTest" file="/home/runner/work/develop/develop/packages/framework/tests/Feature/StaticSiteBuilderPostModuleTest.php" line="105" assertions="8" time="0.050995"/>
        <testcase name="test_post_contains_expected_aria_support" class="Hyde\Framework\Testing\Feature\StaticSiteBuilderPostModuleTest" classname="Hyde.Framework.Testing.Feature.StaticSiteBuilderPostModuleTest" file="/home/runner/work/develop/develop/packages/framework/tests/Feature/StaticSiteBuilderPostModuleTest.php" line="119" assertions="3" time="0.063615"/>
        <testcase name="test_post_image_is_resolved_relatively" class="Hyde\Framework\Testing\Feature\StaticSiteBuilderPostModuleTest" classname="Hyde.Framework.Testing.Feature.StaticSiteBuilderPostModuleTest" file="/home/runner/work/develop/develop/packages/framework/tests/Feature/StaticSiteBuilderPostModuleTest.php" line="128" assertions="3" time="0.045664"/>
      </testsuite>
      <testsuite name="Hyde\Framework\Testing\Feature\StaticSiteServiceTest" file="/home/runner/work/develop/develop/packages/framework/tests/Feature/StaticSiteServiceTest.php" tests="16" assertions="45" errors="0" warnings="0" failures="0" skipped="0" time="0.925776">
        <testcase name="test_build_command_contains_expected_output" class="Hyde\Framework\Testing\Feature\StaticSiteServiceTest" classname="Hyde.Framework.Testing.Feature.StaticSiteServiceTest" file="/home/runner/work/develop/develop/packages/framework/tests/Feature/StaticSiteServiceTest.php" line="32" assertions="4" time="0.048597"/>
        <testcase name="test_build_command_creates_html_files" class="Hyde\Framework\Testing\Feature\StaticSiteServiceTest" classname="Hyde.Framework.Testing.Feature.StaticSiteServiceTest" file="/home/runner/work/develop/develop/packages/framework/tests/Feature/StaticSiteServiceTest.php" line="41" assertions="3" time="0.064670"/>
        <testcase name="test_build_command_transfers_media_asset_files" class="Hyde\Framework\Testing\Feature\StaticSiteServiceTest" classname="Hyde.Framework.Testing.Feature.StaticSiteServiceTest" file="/home/runner/work/develop/develop/packages/framework/tests/Feature/StaticSiteServiceTest.php" line="52" assertions="3" time="0.047122"/>
        <testcase name="test_all_page_types_can_be_compiled" class="Hyde\Framework\Testing\Feature\StaticSiteServiceTest" classname="Hyde.Framework.Testing.Feature.StaticSiteServiceTest" file="/home/runner/work/develop/develop/packages/framework/tests/Feature/StaticSiteServiceTest.php" line="61" assertions="6" time="0.120565"/>
        <testcase name="test_print_initial_information_allows_api_to_be_disabled" class="Hyde\Framework\Testing\Feature\StaticSiteServiceTest" classname="Hyde.Framework.Testing.Feature.StaticSiteServiceTest" file="/home/runner/work/develop/develop/packages/framework/tests/Feature/StaticSiteServiceTest.php" line="85" assertions="2" time="0.047756"/>
        <testcase name="test_node_action_outputs" class="Hyde\Framework\Testing\Feature\StaticSiteServiceTest" classname="Hyde.Framework.Testing.Feature.StaticSiteServiceTest" file="/home/runner/work/develop/develop/packages/framework/tests/Feature/StaticSiteServiceTest.php" line="92" assertions="4" time="0.064314"/>
        <testcase name="test_pretty_urls_option_output" class="Hyde\Framework\Testing\Feature\StaticSiteServiceTest" classname="Hyde.Framework.Testing.Feature.StaticSiteServiceTest" file="/home/runner/work/develop/develop/packages/framework/tests/Feature/StaticSiteServiceTest.php" line="101" assertions="2" time="0.048120"/>
        <testcase name="test_sitemap_is_not_generated_when_conditions_are_not_met" class="Hyde\Framework\Testing\Feature\StaticSiteServiceTest" classname="Hyde.Framework.Testing.Feature.StaticSiteServiceTest" file="/home/runner/work/develop/develop/packages/framework/tests/Feature/StaticSiteServiceTest.php" line="108" assertions="2" time="0.045621"/>
        <testcase name="test_sitemap_is_generated_when_conditions_are_met" class="Hyde\Framework\Testing\Feature\StaticSiteServiceTest" classname="Hyde.Framework.Testing.Feature.StaticSiteServiceTest" file="/home/runner/work/develop/develop/packages/framework/tests/Feature/StaticSiteServiceTest.php" line="118" assertions="1" time="0.046038"/>
        <testcase name="test_rss_feed_is_not_generated_when_conditions_are_not_met" class="Hyde\Framework\Testing\Feature\StaticSiteServiceTest" classname="Hyde.Framework.Testing.Feature.StaticSiteServiceTest" file="/home/runner/work/develop/develop/packages/framework/tests/Feature/StaticSiteServiceTest.php" line="129" assertions="2" time="0.046245"/>
        <testcase name="test_rss_feed_is_generated_when_conditions_are_met" class="Hyde\Framework\Testing\Feature\StaticSiteServiceTest" classname="Hyde.Framework.Testing.Feature.StaticSiteServiceTest" file="/home/runner/work/develop/develop/packages/framework/tests/Feature/StaticSiteServiceTest.php" line="139" assertions="1" time="0.062122"/>
        <testcase name="test_does_not_generate_search_files_when_conditions_are_not_met" class="Hyde\Framework\Testing\Feature\StaticSiteServiceTest" classname="Hyde.Framework.Testing.Feature.StaticSiteServiceTest" file="/home/runner/work/develop/develop/packages/framework/tests/Feature/StaticSiteServiceTest.php" line="154" assertions="3" time="0.047507"/>
        <testcase name="test_generates_search_files_when_conditions_are_met" class="Hyde\Framework\Testing\Feature\StaticSiteServiceTest" classname="Hyde.Framework.Testing.Feature.StaticSiteServiceTest" file="/home/runner/work/develop/develop/packages/framework/tests/Feature/StaticSiteServiceTest.php" line="162" assertions="1" time="0.076134"/>
        <testcase name="test_site_directory_is_emptied_before_build" class="Hyde\Framework\Testing\Feature\StaticSiteServiceTest" classname="Hyde.Framework.Testing.Feature.StaticSiteServiceTest" file="/home/runner/work/develop/develop/packages/framework/tests/Feature/StaticSiteServiceTest.php" line="174" assertions="3" time="0.064103"/>
        <testcase name="test_output_directory_is_not_emptied_if_disabled_in_config" class="Hyde\Framework\Testing\Feature\StaticSiteServiceTest" classname="Hyde.Framework.Testing.Feature.StaticSiteServiceTest" file="/home/runner/work/develop/develop/packages/framework/tests/Feature/StaticSiteServiceTest.php" line="183" assertions="3" time="0.048141"/>
        <testcase name="test_aborts_when_non_standard_directory_is_emptied" class="Hyde\Framework\Testing\Feature\StaticSiteServiceTest" classname="Hyde.Framework.Testing.Feature.StaticSiteServiceTest" file="/home/runner/work/develop/develop/packages/framework/tests/Feature/StaticSiteServiceTest.php" line="196" assertions="5" time="0.048720"/>
      </testsuite>
      <testsuite name="Hyde\Framework\Testing\Feature\YamlConfigurationServiceTest" file="/home/runner/work/develop/develop/packages/framework/tests/Feature/YamlConfigurationServiceTest.php" tests="4" assertions="6" errors="0" warnings="0" failures="0" skipped="0" time="0.115658">
        <testcase name="test_changes_in_yaml_file_override_changes_in_site_config" class="Hyde\Framework\Testing\Feature\YamlConfigurationServiceTest" classname="Hyde.Framework.Testing.Feature.YamlConfigurationServiceTest" file="/home/runner/work/develop/develop/packages/framework/tests/Feature/YamlConfigurationServiceTest.php" line="18" assertions="2" time="0.025702"/>
        <testcase name="test_changes_in_yaml_file_override_changes_in_site_config_when_using_yaml_extension" class="Hyde\Framework\Testing\Feature\YamlConfigurationServiceTest" classname="Hyde.Framework.Testing.Feature.YamlConfigurationServiceTest" file="/home/runner/work/develop/develop/packages/framework/tests/Feature/YamlConfigurationServiceTest.php" line="26" assertions="2" time="0.030853"/>
        <testcase name="test_service_gracefully_handles_missing_file" class="Hyde\Framework\Testing\Feature\YamlConfigurationServiceTest" classname="Hyde.Framework.Testing.Feature.YamlConfigurationServiceTest" file="/home/runner/work/develop/develop/packages/framework/tests/Feature/YamlConfigurationServiceTest.php" line="34" assertions="1" time="0.031781"/>
        <testcase name="test_service_gracefully_handles_empty_file" class="Hyde\Framework\Testing\Feature\YamlConfigurationServiceTest" classname="Hyde.Framework.Testing.Feature.YamlConfigurationServiceTest" file="/home/runner/work/develop/develop/packages/framework/tests/Feature/YamlConfigurationServiceTest.php" line="40" assertions="1" time="0.027322"/>
      </testsuite>
    </testsuite>
    <testsuite name="UnitFramework" tests="259" assertions="501" errors="0" warnings="0" failures="0" skipped="0" time="7.480683">
      <testsuite name="Hyde\Framework\Testing\Unit\BlogPostFrontMatterIsOptionalTest" file="/home/runner/work/develop/develop/packages/framework/tests/Unit/BlogPostFrontMatterIsOptionalTest.php" tests="2" assertions="2" errors="0" warnings="0" failures="0" skipped="0" time="0.098075">
        <testcase name="test_blog_post_can_be_created_without_front_matter" class="Hyde\Framework\Testing\Unit\BlogPostFrontMatterIsOptionalTest" classname="Hyde.Framework.Testing.Unit.BlogPostFrontMatterIsOptionalTest" file="/home/runner/work/develop/develop/packages/framework/tests/Unit/BlogPostFrontMatterIsOptionalTest.php" line="13" assertions="1" time="0.054909"/>
        <testcase name="test_blog_post_feed_can_be_rendered_when_post_has_no_front_matter" class="Hyde\Framework\Testing\Unit\BlogPostFrontMatterIsOptionalTest" classname="Hyde.Framework.Testing.Unit.BlogPostFrontMatterIsOptionalTest" file="/home/runner/work/develop/develop/packages/framework/tests/Unit/BlogPostFrontMatterIsOptionalTest.php" line="25" assertions="1" time="0.043166"/>
      </testsuite>
      <testsuite name="Hyde\Framework\Testing\Unit\CoreDataObjectTest" file="/home/runner/work/develop/develop/packages/framework/tests/Unit/CoreDataObjectTest.php" tests="2" assertions="2" errors="0" warnings="0" failures="0" skipped="0" time="0.054476">
        <testcase name="testCoreDataObject" class="Hyde\Framework\Testing\Unit\CoreDataObjectTest" classname="Hyde.Framework.Testing.Unit.CoreDataObjectTest" file="/home/runner/work/develop/develop/packages/framework/tests/Unit/CoreDataObjectTest.php" line="16" assertions="1" time="0.027592"/>
        <testcase name="testToArray" class="Hyde\Framework\Testing\Unit\CoreDataObjectTest" classname="Hyde.Framework.Testing.Unit.CoreDataObjectTest" file="/home/runner/work/develop/develop/packages/framework/tests/Unit/CoreDataObjectTest.php" line="25" assertions="1" time="0.026884"/>
      </testsuite>
      <testsuite name="Hyde\Framework\Testing\Unit\DateStringTest" file="/home/runner/work/develop/develop/packages/framework/tests/Unit/DateStringTest.php" tests="6" assertions="6" errors="0" warnings="0" failures="0" skipped="0" time="0.004224">
        <testcase name="test_it_can_parse_date_string" class="Hyde\Framework\Testing\Unit\DateStringTest" classname="Hyde.Framework.Testing.Unit.DateStringTest" file="/home/runner/work/develop/develop/packages/framework/tests/Unit/DateStringTest.php" line="16" assertions="1" time="0.000551"/>
        <testcase name="test_it_can_parse_date_string_into_datetime_object" class="Hyde\Framework\Testing\Unit\DateStringTest" classname="Hyde.Framework.Testing.Unit.DateStringTest" file="/home/runner/work/develop/develop/packages/framework/tests/Unit/DateStringTest.php" line="22" assertions="1" time="0.000710"/>
        <testcase name="test_it_can_format_date_string_into_machine_readable_string" class="Hyde\Framework\Testing\Unit\DateStringTest" classname="Hyde.Framework.Testing.Unit.DateStringTest" file="/home/runner/work/develop/develop/packages/framework/tests/Unit/DateStringTest.php" line="28" assertions="1" time="0.000715"/>
        <testcase name="test_it_can_format_date_string_into_human_readable_string" class="Hyde\Framework\Testing\Unit\DateStringTest" classname="Hyde.Framework.Testing.Unit.DateStringTest" file="/home/runner/work/develop/develop/packages/framework/tests/Unit/DateStringTest.php" line="34" assertions="1" time="0.000726"/>
        <testcase name="test_it_can_format_date_string_into_short_human_readable_string" class="Hyde\Framework\Testing\Unit\DateStringTest" classname="Hyde.Framework.Testing.Unit.DateStringTest" file="/home/runner/work/develop/develop/packages/framework/tests/Unit/DateStringTest.php" line="40" assertions="1" time="0.000743"/>
        <testcase name="test_it_can_format_date_string_into_short_human_readable_string_using_magic_method" class="Hyde\Framework\Testing\Unit\DateStringTest" classname="Hyde.Framework.Testing.Unit.DateStringTest" file="/home/runner/work/develop/develop/packages/framework/tests/Unit/DateStringTest.php" line="46" assertions="1" time="0.000780"/>
      </testsuite>
      <testsuite name="Hyde\Framework\Testing\Unit\DocumentationPageTest" file="/home/runner/work/develop/develop/packages/framework/tests/Unit/DocumentationPageTest.php" tests="21" assertions="34" errors="0" warnings="0" failures="0" skipped="0" time="0.604518">
        <testcase name="test_can_generate_table_of_contents" class="Hyde\Framework\Testing\Unit\DocumentationPageTest" classname="Hyde.Framework.Testing.Unit.DocumentationPageTest" file="/home/runner/work/develop/develop/packages/framework/tests/Unit/DocumentationPageTest.php" line="22" assertions="1" time="0.028110"/>
        <testcase name="test_can_get_current_page_path" class="Hyde\Framework\Testing\Unit\DocumentationPageTest" classname="Hyde.Framework.Testing.Unit.DocumentationPageTest" file="/home/runner/work/develop/develop/packages/framework/tests/Unit/DocumentationPageTest.php" line="28" assertions="2" time="0.027735"/>
        <testcase name="test_can_get_online_source_path" class="Hyde\Framework\Testing\Unit\DocumentationPageTest" classname="Hyde.Framework.Testing.Unit.DocumentationPageTest" file="/home/runner/work/develop/develop/packages/framework/tests/Unit/DocumentationPageTest.php" line="38" assertions="1" time="0.027276"/>
        <testcase name="test_can_get_online_source_path_with_source_file_location_base" class="Hyde\Framework\Testing\Unit\DocumentationPageTest" classname="Hyde.Framework.Testing.Unit.DocumentationPageTest" file="/home/runner/work/develop/develop/packages/framework/tests/Unit/DocumentationPageTest.php" line="44" assertions="1" time="0.027476"/>
        <testcase name="test_can_get_online_source_path_with_trailing_slash" class="Hyde\Framework\Testing\Unit\DocumentationPageTest" classname="Hyde.Framework.Testing.Unit.DocumentationPageTest" file="/home/runner/work/develop/develop/packages/framework/tests/Unit/DocumentationPageTest.php" line="51" assertions="2" time="0.027600"/>
        <testcase name="test_can_get_documentation_output_path" class="Hyde\Framework\Testing\Unit\DocumentationPageTest" classname="Hyde.Framework.Testing.Unit.DocumentationPageTest" file="/home/runner/work/develop/develop/packages/framework/tests/Unit/DocumentationPageTest.php" line="62" assertions="1" time="0.024948"/>
        <testcase name="test_can_get_documentation_output_path_with_custom_output_directory" class="Hyde\Framework\Testing\Unit\DocumentationPageTest" classname="Hyde.Framework.Testing.Unit.DocumentationPageTest" file="/home/runner/work/develop/develop/packages/framework/tests/Unit/DocumentationPageTest.php" line="67" assertions="1" time="0.025501"/>
        <testcase name="test_can_get_documentation_output_path_with_trailing_slashes" class="Hyde\Framework\Testing\Unit\DocumentationPageTest" classname="Hyde.Framework.Testing.Unit.DocumentationPageTest" file="/home/runner/work/develop/develop/packages/framework/tests/Unit/DocumentationPageTest.php" line="74" assertions="5" time="0.026891"/>
        <testcase name="test_get_source_path_returns_qualified_basename" class="Hyde\Framework\Testing\Unit\DocumentationPageTest" classname="Hyde.Framework.Testing.Unit.DocumentationPageTest" file="/home/runner/work/develop/develop/packages/framework/tests/Unit/DocumentationPageTest.php" line="91" assertions="1" time="0.026823"/>
        <testcase name="test_get_source_path_returns_qualified_basename_for_nested_page" class="Hyde\Framework\Testing\Unit\DocumentationPageTest" classname="Hyde.Framework.Testing.Unit.DocumentationPageTest" file="/home/runner/work/develop/develop/packages/framework/tests/Unit/DocumentationPageTest.php" line="99" assertions="1" time="0.025746"/>
        <testcase name="test_home_method_returns_null_when_there_is_no_index_page" class="Hyde\Framework\Testing\Unit\DocumentationPageTest" classname="Hyde.Framework.Testing.Unit.DocumentationPageTest" file="/home/runner/work/develop/develop/packages/framework/tests/Unit/DocumentationPageTest.php" line="107" assertions="1" time="0.028662"/>
        <testcase name="test_home_method_returns_docs_index_route_when_it_exists" class="Hyde\Framework\Testing\Unit\DocumentationPageTest" classname="Hyde.Framework.Testing.Unit.DocumentationPageTest" file="/home/runner/work/develop/develop/packages/framework/tests/Unit/DocumentationPageTest.php" line="112" assertions="2" time="0.030893"/>
        <testcase name="test_home_method_finds_docs_index_for_custom_output_directory" class="Hyde\Framework\Testing\Unit\DocumentationPageTest" classname="Hyde.Framework.Testing.Unit.DocumentationPageTest" file="/home/runner/work/develop/develop/packages/framework/tests/Unit/DocumentationPageTest.php" line="120" assertions="2" time="0.031369"/>
        <testcase name="test_home_method_finds_docs_index_for_custom_nested_output_directory" class="Hyde\Framework\Testing\Unit\DocumentationPageTest" classname="Hyde.Framework.Testing.Unit.DocumentationPageTest" file="/home/runner/work/develop/develop/packages/framework/tests/Unit/DocumentationPageTest.php" line="132" assertions="2" time="0.033750"/>
        <testcase name="test_has_table_of_contents" class="Hyde\Framework\Testing\Unit\DocumentationPageTest" classname="Hyde.Framework.Testing.Unit.DocumentationPageTest" file="/home/runner/work/develop/develop/packages/framework/tests/Unit/DocumentationPageTest.php" line="145" assertions="3" time="0.027010"/>
        <testcase name="test_compiled_pages_originating_in_subdirectories_get_output_to_root_docs_path" class="Hyde\Framework\Testing\Unit\DocumentationPageTest" classname="Hyde.Framework.Testing.Unit.DocumentationPageTest" file="/home/runner/work/develop/develop/packages/framework/tests/Unit/DocumentationPageTest.php" line="156" assertions="1" time="0.043384"/>
        <testcase name="test_page_has_front_matter" class="Hyde\Framework\Testing\Unit\DocumentationPageTest" classname="Hyde.Framework.Testing.Unit.DocumentationPageTest" file="/home/runner/work/develop/develop/packages/framework/tests/Unit/DocumentationPageTest.php" line="162" assertions="3" time="0.026833"/>
        <testcase name="test_page_can_be_hidden_from_sidebar_using_front_matter" class="Hyde\Framework\Testing\Unit\DocumentationPageTest" classname="Hyde.Framework.Testing.Unit.DocumentationPageTest" file="/home/runner/work/develop/develop/packages/framework/tests/Unit/DocumentationPageTest.php" line="176" assertions="1" time="0.029016"/>
        <testcase name="test_page_is_visible_in_sidebar_without_using_front_matter" class="Hyde\Framework\Testing\Unit\DocumentationPageTest" classname="Hyde.Framework.Testing.Unit.DocumentationPageTest" file="/home/runner/work/develop/develop/packages/framework/tests/Unit/DocumentationPageTest.php" line="187" assertions="1" time="0.027617"/>
        <testcase name="test_page_can_set_sidebar_priority_using_front_matter" class="Hyde\Framework\Testing\Unit\DocumentationPageTest" classname="Hyde.Framework.Testing.Unit.DocumentationPageTest" file="/home/runner/work/develop/develop/packages/framework/tests/Unit/DocumentationPageTest.php" line="194" assertions="1" time="0.028067"/>
        <testcase name="test_page_can_set_sidebar_label_using_front_matter" class="Hyde\Framework\Testing\Unit\DocumentationPageTest" classname="Hyde.Framework.Testing.Unit.DocumentationPageTest" file="/home/runner/work/develop/develop/packages/framework/tests/Unit/DocumentationPageTest.php" line="205" assertions="1" time="0.029811"/>
      </testsuite>
      <testsuite name="Hyde\Framework\Testing\Unit\EnsureCommandsFollowNamingConventionTest" file="/home/runner/work/develop/develop/packages/framework/tests/Unit/EnsureCommandsFollowNamingConventionTest.php" tests="1" assertions="31" errors="0" warnings="0" failures="0" skipped="0" time="0.025790">
        <testcase name="test_ensure_commands_follow_naming_convention" class="Hyde\Framework\Testing\Unit\EnsureCommandsFollowNamingConventionTest" classname="Hyde.Framework.Testing.Unit.EnsureCommandsFollowNamingConventionTest" file="/home/runner/work/develop/develop/packages/framework/tests/Unit/EnsureCommandsFollowNamingConventionTest.php" line="11" assertions="31" time="0.025790"/>
      </testsuite>
      <testsuite name="Hyde\Framework\Testing\Unit\Facades\AssetFacadeTest" file="/home/runner/work/develop/develop/packages/framework/tests/Unit/Facades/AssetFacadeTest.php" tests="3" assertions="3" errors="0" warnings="0" failures="0" skipped="0" time="0.077678">
        <testcase name="test_asset_facade_returns_the_asset_service" class="Hyde\Framework\Testing\Unit\Facades\AssetFacadeTest" classname="Hyde.Framework.Testing.Unit.Facades.AssetFacadeTest" file="/home/runner/work/develop/develop/packages/framework/tests/Unit/Facades/AssetFacadeTest.php" line="16" assertions="1" time="0.025238"/>
        <testcase name="test_facade_returns_same_instance_as_bound_by_the_container" class="Hyde\Framework\Testing\Unit\Facades\AssetFacadeTest" classname="Hyde.Framework.Testing.Unit.Facades.AssetFacadeTest" file="/home/runner/work/develop/develop/packages/framework/tests/Unit/Facades/AssetFacadeTest.php" line="21" assertions="1" time="0.025709"/>
        <testcase name="test_asset_facade_can_call_methods_on_the_asset_service" class="Hyde\Framework\Testing\Unit\Facades\AssetFacadeTest" classname="Hyde.Framework.Testing.Unit.Facades.AssetFacadeTest" file="/home/runner/work/develop/develop/packages/framework/tests/Unit/Facades/AssetFacadeTest.php" line="26" assertions="1" time="0.026731"/>
      </testsuite>
      <testsuite name="Hyde\Framework\Testing\Unit\Facades\AuthorTest" file="/home/runner/work/develop/develop/packages/framework/tests/Unit/Facades/AuthorTest.php" tests="3" assertions="10" errors="0" warnings="0" failures="0" skipped="0" time="0.076950">
        <testcase name="testCreate" class="Hyde\Framework\Testing\Unit\Facades\AuthorTest" classname="Hyde.Framework.Testing.Unit.Facades.AuthorTest" file="/home/runner/work/develop/develop/packages/framework/tests/Unit/Facades/AuthorTest.php" line="16" assertions="4" time="0.024751"/>
        <testcase name="testGet" class="Hyde\Framework\Testing\Unit\Facades\AuthorTest" classname="Hyde.Framework.Testing.Unit.Facades.AuthorTest" file="/home/runner/work/develop/develop/packages/framework/tests/Unit/Facades/AuthorTest.php" line="27" assertions="4" time="0.026193"/>
        <testcase name="testAll" class="Hyde\Framework\Testing\Unit\Facades\AuthorTest" classname="Hyde.Framework.Testing.Unit.Facades.AuthorTest" file="/home/runner/work/develop/develop/packages/framework/tests/Unit/Facades/AuthorTest.php" line="38" assertions="2" time="0.026006"/>
      </testsuite>
      <testsuite name="Hyde\Framework\Testing\Unit\Facades\RouteFacadeTest" file="/home/runner/work/develop/develop/packages/framework/tests/Unit/Facades/RouteFacadeTest.php" tests="5" assertions="5" errors="0" warnings="0" failures="0" skipped="0" time="0.147118">
        <testcase name="testFacadeMethodGetCallsSameOnModel" class="Hyde\Framework\Testing\Unit\Facades\RouteFacadeTest" classname="Hyde.Framework.Testing.Unit.Facades.RouteFacadeTest" file="/home/runner/work/develop/develop/packages/framework/tests/Unit/Facades/RouteFacadeTest.php" line="16" assertions="1" time="0.030864"/>
        <testcase name="testFacadeMethodGetOrFailCallsSameOnModel" class="Hyde\Framework\Testing\Unit\Facades\RouteFacadeTest" classname="Hyde.Framework.Testing.Unit.Facades.RouteFacadeTest" file="/home/runner/work/develop/develop/packages/framework/tests/Unit/Facades/RouteFacadeTest.php" line="21" assertions="1" time="0.029908"/>
        <testcase name="testFacadeMethodAllCallsSameOnModel" class="Hyde\Framework\Testing\Unit\Facades\RouteFacadeTest" classname="Hyde.Framework.Testing.Unit.Facades.RouteFacadeTest" file="/home/runner/work/develop/develop/packages/framework/tests/Unit/Facades/RouteFacadeTest.php" line="26" assertions="1" time="0.029554"/>
        <testcase name="testFacadeMethodCurrentCallsSameOnModel" class="Hyde\Framework\Testing\Unit\Facades\RouteFacadeTest" classname="Hyde.Framework.Testing.Unit.Facades.RouteFacadeTest" file="/home/runner/work/develop/develop/packages/framework/tests/Unit/Facades/RouteFacadeTest.php" line="31" assertions="1" time="0.026842"/>
        <testcase name="testFacadeMethodExistsCallsSameOnModel" class="Hyde\Framework\Testing\Unit\Facades\RouteFacadeTest" classname="Hyde.Framework.Testing.Unit.Facades.RouteFacadeTest" file="/home/runner/work/develop/develop/packages/framework/tests/Unit/Facades/RouteFacadeTest.php" line="36" assertions="1" time="0.029950"/>
      </testsuite>
      <testsuite name="Hyde\Framework\Testing\Unit\Foundation\HyperlinkFileHelperRelativeLinkTest" file="/home/runner/work/develop/develop/packages/framework/tests/Unit/Foundation/HyperlinkFileHelperRelativeLinkTest.php" tests="16" assertions="29" errors="0" warnings="0" failures="0" skipped="0" time="0.447987">
        <testcase name="test_helper_returns_string_as_is_if_current_is_not_set" class="Hyde\Framework\Testing\Unit\Foundation\HyperlinkFileHelperRelativeLinkTest" classname="Hyde.Framework.Testing.Unit.Foundation.HyperlinkFileHelperRelativeLinkTest" file="/home/runner/work/develop/develop/packages/framework/tests/Unit/Foundation/HyperlinkFileHelperRelativeLinkTest.php" line="15" assertions="1" time="0.027461"/>
        <testcase name="test_helper_injects_proper_number_of_doubles_slash" class="Hyde\Framework\Testing\Unit\Foundation\HyperlinkFileHelperRelativeLinkTest" classname="Hyde.Framework.Testing.Unit.Foundation.HyperlinkFileHelperRelativeLinkTest" file="/home/runner/work/develop/develop/packages/framework/tests/Unit/Foundation/HyperlinkFileHelperRelativeLinkTest.php" line="20" assertions="1" time="0.026028"/>
        <testcase name="test_helper_injects_proper_number_of_doubles_slash_for_deeply_nested_paths" class="Hyde\Framework\Testing\Unit\Foundation\HyperlinkFileHelperRelativeLinkTest" classname="Hyde.Framework.Testing.Unit.Foundation.HyperlinkFileHelperRelativeLinkTest" file="/home/runner/work/develop/develop/packages/framework/tests/Unit/Foundation/HyperlinkFileHelperRelativeLinkTest.php" line="26" assertions="1" time="0.026279"/>
        <testcase name="test_helper_handles_destination_without_file_extension" class="Hyde\Framework\Testing\Unit\Foundation\HyperlinkFileHelperRelativeLinkTest" classname="Hyde.Framework.Testing.Unit.Foundation.HyperlinkFileHelperRelativeLinkTest" file="/home/runner/work/develop/develop/packages/framework/tests/Unit/Foundation/HyperlinkFileHelperRelativeLinkTest.php" line="32" assertions="1" time="0.025748"/>
        <testcase name="test_helper_handles_current_without_file_extension" class="Hyde\Framework\Testing\Unit\Foundation\HyperlinkFileHelperRelativeLinkTest" classname="Hyde.Framework.Testing.Unit.Foundation.HyperlinkFileHelperRelativeLinkTest" file="/home/runner/work/develop/develop/packages/framework/tests/Unit/Foundation/HyperlinkFileHelperRelativeLinkTest.php" line="38" assertions="1" time="0.025429"/>
        <testcase name="test_helper_handles_case_without_any_file_extensions" class="Hyde\Framework\Testing\Unit\Foundation\HyperlinkFileHelperRelativeLinkTest" classname="Hyde.Framework.Testing.Unit.Foundation.HyperlinkFileHelperRelativeLinkTest" file="/home/runner/work/develop/develop/packages/framework/tests/Unit/Foundation/HyperlinkFileHelperRelativeLinkTest.php" line="44" assertions="1" time="0.031020"/>
        <testcase name="test_helper_handles_case_with_mixed_file_extensions" class="Hyde\Framework\Testing\Unit\Foundation\HyperlinkFileHelperRelativeLinkTest" classname="Hyde.Framework.Testing.Unit.Foundation.HyperlinkFileHelperRelativeLinkTest" file="/home/runner/work/develop/develop/packages/framework/tests/Unit/Foundation/HyperlinkFileHelperRelativeLinkTest.php" line="50" assertions="2" time="0.025484"/>
        <testcase name="test_helper_handles_different_file_extensions" class="Hyde\Framework\Testing\Unit\Foundation\HyperlinkFileHelperRelativeLinkTest" classname="Hyde.Framework.Testing.Unit.Foundation.HyperlinkFileHelperRelativeLinkTest" file="/home/runner/work/develop/develop/packages/framework/tests/Unit/Foundation/HyperlinkFileHelperRelativeLinkTest.php" line="58" assertions="3" time="0.024812"/>
        <testcase name="test_helper_returns_pretty_url_if_enabled_and_destination_is_a_html_file" class="Hyde\Framework\Testing\Unit\Foundation\HyperlinkFileHelperRelativeLinkTest" classname="Hyde.Framework.Testing.Unit.Foundation.HyperlinkFileHelperRelativeLinkTest" file="/home/runner/work/develop/develop/packages/framework/tests/Unit/Foundation/HyperlinkFileHelperRelativeLinkTest.php" line="66" assertions="1" time="0.024805"/>
        <testcase name="test_helper_method_does_not_require_current_path_to_be_html_to_use_pretty_urls" class="Hyde\Framework\Testing\Unit\Foundation\HyperlinkFileHelperRelativeLinkTest" classname="Hyde.Framework.Testing.Unit.Foundation.HyperlinkFileHelperRelativeLinkTest" file="/home/runner/work/develop/develop/packages/framework/tests/Unit/Foundation/HyperlinkFileHelperRelativeLinkTest.php" line="73" assertions="1" time="0.027120"/>
        <testcase name="test_helper_returns_does_not_return_pretty_url_if_when_enabled_but_and_destination_is_not_a_html_file" class="Hyde\Framework\Testing\Unit\Foundation\HyperlinkFileHelperRelativeLinkTest" classname="Hyde.Framework.Testing.Unit.Foundation.HyperlinkFileHelperRelativeLinkTest" file="/home/runner/work/develop/develop/packages/framework/tests/Unit/Foundation/HyperlinkFileHelperRelativeLinkTest.php" line="80" assertions="1" time="0.027088"/>
        <testcase name="test_helper_rewrites_index_when_using_pretty_urls" class="Hyde\Framework\Testing\Unit\Foundation\HyperlinkFileHelperRelativeLinkTest" classname="Hyde.Framework.Testing.Unit.Foundation.HyperlinkFileHelperRelativeLinkTest" file="/home/runner/work/develop/develop/packages/framework/tests/Unit/Foundation/HyperlinkFileHelperRelativeLinkTest.php" line="87" assertions="3" time="0.027142"/>
        <testcase name="test_helper_does_not_rewrite_index_when_not_using_pretty_urls" class="Hyde\Framework\Testing\Unit\Foundation\HyperlinkFileHelperRelativeLinkTest" classname="Hyde.Framework.Testing.Unit.Foundation.HyperlinkFileHelperRelativeLinkTest" file="/home/runner/work/develop/develop/packages/framework/tests/Unit/Foundation/HyperlinkFileHelperRelativeLinkTest.php" line="98" assertions="3" time="0.027418"/>
        <testcase name="test_helper_rewrites_documentation_page_index_when_using_pretty_urls" class="Hyde\Framework\Testing\Unit\Foundation\HyperlinkFileHelperRelativeLinkTest" classname="Hyde.Framework.Testing.Unit.Foundation.HyperlinkFileHelperRelativeLinkTest" file="/home/runner/work/develop/develop/packages/framework/tests/Unit/Foundation/HyperlinkFileHelperRelativeLinkTest.php" line="109" assertions="4" time="0.047336"/>
        <testcase name="test_helper_does_not_rewrite_documentation_page_index_when_not_using_pretty_urls" class="Hyde\Framework\Testing\Unit\Foundation\HyperlinkFileHelperRelativeLinkTest" classname="Hyde.Framework.Testing.Unit.Foundation.HyperlinkFileHelperRelativeLinkTest" file="/home/runner/work/develop/develop/packages/framework/tests/Unit/Foundation/HyperlinkFileHelperRelativeLinkTest.php" line="122" assertions="4" time="0.027784"/>
        <testcase name="test_helper_does_not_rewrite_already_processed_links" class="Hyde\Framework\Testing\Unit\Foundation\HyperlinkFileHelperRelativeLinkTest" classname="Hyde.Framework.Testing.Unit.Foundation.HyperlinkFileHelperRelativeLinkTest" file="/home/runner/work/develop/develop/packages/framework/tests/Unit/Foundation/HyperlinkFileHelperRelativeLinkTest.php" line="135" assertions="1" time="0.027033"/>
      </testsuite>
      <testsuite name="Hyde\Framework\Testing\Unit\Foundation\HyperlinkformatLinkTest" file="/home/runner/work/develop/develop/packages/framework/tests/Unit/Foundation/HyperlinkFormatHtmlPathTest.php" tests="13" assertions="13" errors="0" warnings="0" failures="0" skipped="0" time="0.334991">
        <testcase name="test_helper_returns_string_as_is_if_pretty_urls_is_not_true" class="Hyde\Framework\Testing\Unit\Foundation\HyperlinkformatLinkTest" classname="Hyde.Framework.Testing.Unit.Foundation.HyperlinkformatLinkTest" file="/home/runner/work/develop/develop/packages/framework/tests/Unit/Foundation/HyperlinkFormatHtmlPathTest.php" line="15" assertions="1" time="0.027527"/>
        <testcase name="test_helper_returns_pretty_url_if_pretty_urls_is_true" class="Hyde\Framework\Testing\Unit\Foundation\HyperlinkformatLinkTest" classname="Hyde.Framework.Testing.Unit.Foundation.HyperlinkformatLinkTest" file="/home/runner/work/develop/develop/packages/framework/tests/Unit/Foundation/HyperlinkFormatHtmlPathTest.php" line="22" assertions="1" time="0.025561"/>
        <testcase name="test_non_pretty_urls_is_default_value_when_config_is_not_set" class="Hyde\Framework\Testing\Unit\Foundation\HyperlinkformatLinkTest" classname="Hyde.Framework.Testing.Unit.Foundation.HyperlinkformatLinkTest" file="/home/runner/work/develop/develop/packages/framework/tests/Unit/Foundation/HyperlinkFormatHtmlPathTest.php" line="29" assertions="1" time="0.025217"/>
        <testcase name="test_helper_respects_absolute_urls" class="Hyde\Framework\Testing\Unit\Foundation\HyperlinkformatLinkTest" classname="Hyde.Framework.Testing.Unit.Foundation.HyperlinkformatLinkTest" file="/home/runner/work/develop/develop/packages/framework/tests/Unit/Foundation/HyperlinkFormatHtmlPathTest.php" line="36" assertions="1" time="0.024835"/>
        <testcase name="test_helper_respects_pretty_absolute_urls" class="Hyde\Framework\Testing\Unit\Foundation\HyperlinkformatLinkTest" classname="Hyde.Framework.Testing.Unit.Foundation.HyperlinkformatLinkTest" file="/home/runner/work/develop/develop/packages/framework/tests/Unit/Foundation/HyperlinkFormatHtmlPathTest.php" line="42" assertions="1" time="0.027479"/>
        <testcase name="test_helper_respects_relative_urls" class="Hyde\Framework\Testing\Unit\Foundation\HyperlinkformatLinkTest" classname="Hyde.Framework.Testing.Unit.Foundation.HyperlinkformatLinkTest" file="/home/runner/work/develop/develop/packages/framework/tests/Unit/Foundation/HyperlinkFormatHtmlPathTest.php" line="48" assertions="1" time="0.025321"/>
        <testcase name="test_helper_respects_pretty_relative_urls" class="Hyde\Framework\Testing\Unit\Foundation\HyperlinkformatLinkTest" classname="Hyde.Framework.Testing.Unit.Foundation.HyperlinkformatLinkTest" file="/home/runner/work/develop/develop/packages/framework/tests/Unit/Foundation/HyperlinkFormatHtmlPathTest.php" line="54" assertions="1" time="0.025167"/>
        <testcase name="test_non_html_links_are_not_modified" class="Hyde\Framework\Testing\Unit\Foundation\HyperlinkformatLinkTest" classname="Hyde.Framework.Testing.Unit.Foundation.HyperlinkformatLinkTest" file="/home/runner/work/develop/develop/packages/framework/tests/Unit/Foundation/HyperlinkFormatHtmlPathTest.php" line="60" assertions="1" time="0.026857"/>
        <testcase name="test_helper_respects_absolute_urls_with_pretty_urls_enabled" class="Hyde\Framework\Testing\Unit\Foundation\HyperlinkformatLinkTest" classname="Hyde.Framework.Testing.Unit.Foundation.HyperlinkformatLinkTest" file="/home/runner/work/develop/develop/packages/framework/tests/Unit/Foundation/HyperlinkFormatHtmlPathTest.php" line="66" assertions="1" time="0.024977"/>
        <testcase name="test_helper_rewrites_index_when_using_pretty_urls" class="Hyde\Framework\Testing\Unit\Foundation\HyperlinkformatLinkTest" classname="Hyde.Framework.Testing.Unit.Foundation.HyperlinkformatLinkTest" file="/home/runner/work/develop/develop/packages/framework/tests/Unit/Foundation/HyperlinkFormatHtmlPathTest.php" line="72" assertions="1" time="0.025270"/>
        <testcase name="test_helper_does_not_rewrite_index_when_not_using_pretty_urls" class="Hyde\Framework\Testing\Unit\Foundation\HyperlinkformatLinkTest" classname="Hyde.Framework.Testing.Unit.Foundation.HyperlinkformatLinkTest" file="/home/runner/work/develop/develop/packages/framework/tests/Unit/Foundation/HyperlinkFormatHtmlPathTest.php" line="78" assertions="1" time="0.026241"/>
        <testcase name="test_helper_rewrites_documentation_page_index_when_using_pretty_urls" class="Hyde\Framework\Testing\Unit\Foundation\HyperlinkformatLinkTest" classname="Hyde.Framework.Testing.Unit.Foundation.HyperlinkformatLinkTest" file="/home/runner/work/develop/develop/packages/framework/tests/Unit/Foundation/HyperlinkFormatHtmlPathTest.php" line="84" assertions="1" time="0.025956"/>
        <testcase name="test_helper_does_not_rewrite_documentation_page_index_when_not_using_pretty_urls" class="Hyde\Framework\Testing\Unit\Foundation\HyperlinkformatLinkTest" classname="Hyde.Framework.Testing.Unit.Foundation.HyperlinkformatLinkTest" file="/home/runner/work/develop/develop/packages/framework/tests/Unit/Foundation/HyperlinkFormatHtmlPathTest.php" line="90" assertions="1" time="0.024582"/>
      </testsuite>
      <testsuite name="Hyde\Framework\Testing\Unit\Foundation\HyperlinksUrlPathHelpersTest" file="/home/runner/work/develop/develop/packages/framework/tests/Unit/Foundation/HyperlinksUrlPathHelpersTest.php" tests="11" assertions="16" errors="0" warnings="0" failures="0" skipped="0" time="0.279997">
        <testcase name="test_has_site_url_returns_false_when_no_site_url_is_set" class="Hyde\Framework\Testing\Unit\Foundation\HyperlinksUrlPathHelpersTest" classname="Hyde.Framework.Testing.Unit.Foundation.HyperlinksUrlPathHelpersTest" file="/home/runner/work/develop/develop/packages/framework/tests/Unit/Foundation/HyperlinksUrlPathHelpersTest.php" line="28" assertions="1" time="0.023491"/>
        <testcase name="test_has_site_url_returns_true_when_site_url_is_set" class="Hyde\Framework\Testing\Unit\Foundation\HyperlinksUrlPathHelpersTest" classname="Hyde.Framework.Testing.Unit.Foundation.HyperlinksUrlPathHelpersTest" file="/home/runner/work/develop/develop/packages/framework/tests/Unit/Foundation/HyperlinksUrlPathHelpersTest.php" line="34" assertions="1" time="0.023815"/>
        <testcase name="test_qualified_url_returns_site_url_when_no_path_is_given" class="Hyde\Framework\Testing\Unit\Foundation\HyperlinksUrlPathHelpersTest" classname="Hyde.Framework.Testing.Unit.Foundation.HyperlinksUrlPathHelpersTest" file="/home/runner/work/develop/develop/packages/framework/tests/Unit/Foundation/HyperlinksUrlPathHelpersTest.php" line="40" assertions="1" time="0.026632"/>
        <testcase name="test_qualified_url_returns_site_url_plus_given_path" class="Hyde\Framework\Testing\Unit\Foundation\HyperlinksUrlPathHelpersTest" classname="Hyde.Framework.Testing.Unit.Foundation.HyperlinksUrlPathHelpersTest" file="/home/runner/work/develop/develop/packages/framework/tests/Unit/Foundation/HyperlinksUrlPathHelpersTest.php" line="46" assertions="1" time="0.025105"/>
        <testcase name="test_qualified_url_returns_site_url_plus_given_path_with_extension" class="Hyde\Framework\Testing\Unit\Foundation\HyperlinksUrlPathHelpersTest" classname="Hyde.Framework.Testing.Unit.Foundation.HyperlinksUrlPathHelpersTest" file="/home/runner/work/develop/develop/packages/framework/tests/Unit/Foundation/HyperlinksUrlPathHelpersTest.php" line="52" assertions="1" time="0.024780"/>
        <testcase name="test_qualified_url_returns_site_url_plus_given_path_with_extension_and_query_string" class="Hyde\Framework\Testing\Unit\Foundation\HyperlinksUrlPathHelpersTest" classname="Hyde.Framework.Testing.Unit.Foundation.HyperlinksUrlPathHelpersTest" file="/home/runner/work/develop/develop/packages/framework/tests/Unit/Foundation/HyperlinksUrlPathHelpersTest.php" line="58" assertions="1" time="0.024776"/>
        <testcase name="test_qualified_url_trims_trailing_slashes" class="Hyde\Framework\Testing\Unit\Foundation\HyperlinksUrlPathHelpersTest" classname="Hyde.Framework.Testing.Unit.Foundation.HyperlinksUrlPathHelpersTest" file="/home/runner/work/develop/develop/packages/framework/tests/Unit/Foundation/HyperlinksUrlPathHelpersTest.php" line="64" assertions="3" time="0.027132"/>
        <testcase name="test_qualified_url_accepts_multiple_schemes" class="Hyde\Framework\Testing\Unit\Foundation\HyperlinksUrlPathHelpersTest" classname="Hyde.Framework.Testing.Unit.Foundation.HyperlinksUrlPathHelpersTest" file="/home/runner/work/develop/develop/packages/framework/tests/Unit/Foundation/HyperlinksUrlPathHelpersTest.php" line="72" assertions="1" time="0.025435"/>
        <testcase name="test_qualified_url_throws_exception_when_no_site_url_is_set" class="Hyde\Framework\Testing\Unit\Foundation\HyperlinksUrlPathHelpersTest" classname="Hyde.Framework.Testing.Unit.Foundation.HyperlinksUrlPathHelpersTest" file="/home/runner/work/develop/develop/packages/framework/tests/Unit/Foundation/HyperlinksUrlPathHelpersTest.php" line="78" assertions="2" time="0.025990"/>
        <testcase name="test_helper_returns_expected_string_when_site_url_is_set" class="Hyde\Framework\Testing\Unit\Foundation\HyperlinksUrlPathHelpersTest" classname="Hyde.Framework.Testing.Unit.Foundation.HyperlinksUrlPathHelpersTest" file="/home/runner/work/develop/develop/packages/framework/tests/Unit/Foundation/HyperlinksUrlPathHelpersTest.php" line="86" assertions="1" time="0.026423"/>
        <testcase name="test_helper_returns_expected_string_when_pretty_urls_are_enabled" class="Hyde\Framework\Testing\Unit\Foundation\HyperlinksUrlPathHelpersTest" classname="Hyde.Framework.Testing.Unit.Foundation.HyperlinksUrlPathHelpersTest" file="/home/runner/work/develop/develop/packages/framework/tests/Unit/Foundation/HyperlinksUrlPathHelpersTest.php" line="92" assertions="3" time="0.026417"/>
      </testsuite>
      <testsuite name="Hyde\Framework\Testing\Unit\FrontMatterModelTest" file="/home/runner/work/develop/develop/packages/framework/tests/Unit/FrontMatterModelTest.php" tests="17" assertions="18" errors="0" warnings="0" failures="0" skipped="0" time="0.442257">
        <testcase name="test_constructor_creates_new_front_matter_model" class="Hyde\Framework\Testing\Unit\FrontMatterModelTest" classname="Hyde.Framework.Testing.Unit.FrontMatterModelTest" file="/home/runner/work/develop/develop/packages/framework/tests/Unit/FrontMatterModelTest.php" line="15" assertions="1" time="0.024592"/>
        <testcase name="test_constructor_arguments_are_optional" class="Hyde\Framework\Testing\Unit\FrontMatterModelTest" classname="Hyde.Framework.Testing.Unit.FrontMatterModelTest" file="/home/runner/work/develop/develop/packages/framework/tests/Unit/FrontMatterModelTest.php" line="21" assertions="1" time="0.025581"/>
        <testcase name="test_constructor_arguments_are_assigned" class="Hyde\Framework\Testing\Unit\FrontMatterModelTest" classname="Hyde.Framework.Testing.Unit.FrontMatterModelTest" file="/home/runner/work/develop/develop/packages/framework/tests/Unit/FrontMatterModelTest.php" line="27" assertions="1" time="0.026642"/>
        <testcase name="test_static_from_array_method_creates_new_front_matter_model" class="Hyde\Framework\Testing\Unit\FrontMatterModelTest" classname="Hyde.Framework.Testing.Unit.FrontMatterModelTest" file="/home/runner/work/develop/develop/packages/framework/tests/Unit/FrontMatterModelTest.php" line="33" assertions="2" time="0.025838"/>
        <testcase name="test_to_string_magic_method_converts_model_array_into_yaml_front_matter" class="Hyde\Framework\Testing\Unit\FrontMatterModelTest" classname="Hyde.Framework.Testing.Unit.FrontMatterModelTest" file="/home/runner/work/develop/develop/packages/framework/tests/Unit/FrontMatterModelTest.php" line="40" assertions="1" time="0.024259"/>
        <testcase name="test_magic_get_method_returns_front_matter_property" class="Hyde\Framework\Testing\Unit\FrontMatterModelTest" classname="Hyde.Framework.Testing.Unit.FrontMatterModelTest" file="/home/runner/work/develop/develop/packages/framework/tests/Unit/FrontMatterModelTest.php" line="46" assertions="1" time="0.024313"/>
        <testcase name="test_magic_get_method_returns_null_if_property_does_not_exist" class="Hyde\Framework\Testing\Unit\FrontMatterModelTest" classname="Hyde.Framework.Testing.Unit.FrontMatterModelTest" file="/home/runner/work/develop/develop/packages/framework/tests/Unit/FrontMatterModelTest.php" line="52" assertions="1" time="0.026460"/>
        <testcase name="test_get_method_returns_empty_array_if_document_has_no_matter" class="Hyde\Framework\Testing\Unit\FrontMatterModelTest" classname="Hyde.Framework.Testing.Unit.FrontMatterModelTest" file="/home/runner/work/develop/develop/packages/framework/tests/Unit/FrontMatterModelTest.php" line="58" assertions="1" time="0.040092"/>
        <testcase name="test_get_method_returns_document_front_matter_array_if_no_arguments_are_specified" class="Hyde\Framework\Testing\Unit\FrontMatterModelTest" classname="Hyde.Framework.Testing.Unit.FrontMatterModelTest" file="/home/runner/work/develop/develop/packages/framework/tests/Unit/FrontMatterModelTest.php" line="64" assertions="1" time="0.024928"/>
        <testcase name="test_get_method_returns_null_if_specified_front_matter_key_does_not_exist" class="Hyde\Framework\Testing\Unit\FrontMatterModelTest" classname="Hyde.Framework.Testing.Unit.FrontMatterModelTest" file="/home/runner/work/develop/develop/packages/framework/tests/Unit/FrontMatterModelTest.php" line="70" assertions="1" time="0.024875"/>
        <testcase name="test_get_method_returns_specified_default_value_if_property_does_not_exist" class="Hyde\Framework\Testing\Unit\FrontMatterModelTest" classname="Hyde.Framework.Testing.Unit.FrontMatterModelTest" file="/home/runner/work/develop/develop/packages/framework/tests/Unit/FrontMatterModelTest.php" line="76" assertions="1" time="0.024926"/>
        <testcase name="test_get_method_returns_specified_front_matter_value_if_key_is_specified" class="Hyde\Framework\Testing\Unit\FrontMatterModelTest" classname="Hyde.Framework.Testing.Unit.FrontMatterModelTest" file="/home/runner/work/develop/develop/packages/framework/tests/Unit/FrontMatterModelTest.php" line="82" assertions="1" time="0.024738"/>
        <testcase name="test_set_method_sets_front_matter_property" class="Hyde\Framework\Testing\Unit\FrontMatterModelTest" classname="Hyde.Framework.Testing.Unit.FrontMatterModelTest" file="/home/runner/work/develop/develop/packages/framework/tests/Unit/FrontMatterModelTest.php" line="88" assertions="1" time="0.024629"/>
        <testcase name="test_set_method_returns_self" class="Hyde\Framework\Testing\Unit\FrontMatterModelTest" classname="Hyde.Framework.Testing.Unit.FrontMatterModelTest" file="/home/runner/work/develop/develop/packages/framework/tests/Unit/FrontMatterModelTest.php" line="95" assertions="1" time="0.026183"/>
        <testcase name="test_has_method_returns_true_if_property_exists" class="Hyde\Framework\Testing\Unit\FrontMatterModelTest" classname="Hyde.Framework.Testing.Unit.FrontMatterModelTest" file="/home/runner/work/develop/develop/packages/framework/tests/Unit/FrontMatterModelTest.php" line="101" assertions="1" time="0.024575"/>
        <testcase name="test_has_method_returns_false_if_property_does_not_exist" class="Hyde\Framework\Testing\Unit\FrontMatterModelTest" classname="Hyde.Framework.Testing.Unit.FrontMatterModelTest" file="/home/runner/work/develop/develop/packages/framework/tests/Unit/FrontMatterModelTest.php" line="107" assertions="1" time="0.024731"/>
        <testcase name="test_to_array_returns_front_matter_array" class="Hyde\Framework\Testing\Unit\FrontMatterModelTest" classname="Hyde.Framework.Testing.Unit.FrontMatterModelTest" file="/home/runner/work/develop/develop/packages/framework/tests/Unit/FrontMatterModelTest.php" line="113" assertions="1" time="0.024896"/>
      </testsuite>
      <testsuite name="Hyde\Framework\Testing\Unit\GenerateBuildManifestTest" file="/home/runner/work/develop/develop/packages/framework/tests/Unit/GenerateBuildManifestTest.php" tests="1" assertions="14" errors="0" warnings="0" failures="0" skipped="0" time="0.030407">
        <testcase name="test_action_generates_build_manifest" class="Hyde\Framework\Testing\Unit\GenerateBuildManifestTest" classname="Hyde.Framework.Testing.Unit.GenerateBuildManifestTest" file="/home/runner/work/develop/develop/packages/framework/tests/Unit/GenerateBuildManifestTest.php" line="17" assertions="14" time="0.030407"/>
      </testsuite>
      <testsuite name="Hyde\Framework\Testing\Unit\GetLatestMarkdownPostsTest" file="/home/runner/work/develop/develop/packages/framework/tests/Unit/GetLatestMarkdownPostsTest.php" tests="1" assertions="5" errors="0" warnings="0" failures="0" skipped="0" time="0.039734">
        <testcase name="test_markdown_page_get_latest_helper_returns_sorted_markdown_page_collection" class="Hyde\Framework\Testing\Unit\GetLatestMarkdownPostsTest" classname="Hyde.Framework.Testing.Unit.GetLatestMarkdownPostsTest" file="/home/runner/work/develop/develop/packages/framework/tests/Unit/GetLatestMarkdownPostsTest.php" line="17" assertions="5" time="0.039734"/>
      </testsuite>
      <testsuite name="Hyde\Framework\Testing\Unit\HasTableOfContentsTest" file="/home/runner/work/develop/develop/packages/framework/tests/Unit/HasTableOfContentsTest.php" tests="1" assertions="1" errors="0" warnings="0" failures="0" skipped="0" time="0.028544">
        <testcase name="testConstructorCreatesTableOfContentsString" class="Hyde\Framework\Testing\Unit\HasTableOfContentsTest" classname="Hyde.Framework.Testing.Unit.HasTableOfContentsTest" file="/home/runner/work/develop/develop/packages/framework/tests/Unit/HasTableOfContentsTest.php" line="20" assertions="1" time="0.028544"/>
      </testsuite>
      <testsuite name="Hyde\Framework\Testing\Unit\HydeBasePathCanBeChangedTest" file="/home/runner/work/develop/develop/packages/framework/tests/Unit/HydeBasePathCanBeChangedTest.php" tests="1" assertions="2" errors="0" warnings="0" failures="0" skipped="0" time="0.024918">
        <testcase name="test_hyde_base_path_can_be_changed" class="Hyde\Framework\Testing\Unit\HydeBasePathCanBeChangedTest" classname="Hyde.Framework.Testing.Unit.HydeBasePathCanBeChangedTest" file="/home/runner/work/develop/develop/packages/framework/tests/Unit/HydeBasePathCanBeChangedTest.php" line="37" assertions="2" time="0.024918"/>
      </testsuite>
      <testsuite name="Hyde\Framework\Testing\Unit\HydeConfigFilesAreMatchingTest" file="/home/runner/work/develop/develop/packages/framework/tests/Unit/HydeConfigFilesAreMatchingTest.php" tests="4" assertions="12" errors="0" warnings="0" failures="0" skipped="0" time="0.104646">
        <testcase name="test_hyde_config_files_are_matching" class="Hyde\Framework\Testing\Unit\HydeConfigFilesAreMatchingTest" classname="Hyde.Framework.Testing.Unit.HydeConfigFilesAreMatchingTest" file="/home/runner/work/develop/develop/packages/framework/tests/Unit/HydeConfigFilesAreMatchingTest.php" line="16" assertions="3" time="0.024939"/>
        <testcase name="test_site_config_files_are_matching" class="Hyde\Framework\Testing\Unit\HydeConfigFilesAreMatchingTest" classname="Hyde.Framework.Testing.Unit.HydeConfigFilesAreMatchingTest" file="/home/runner/work/develop/develop/packages/framework/tests/Unit/HydeConfigFilesAreMatchingTest.php" line="24" assertions="3" time="0.024314"/>
        <testcase name="test_docs_config_files_are_matching" class="Hyde\Framework\Testing\Unit\HydeConfigFilesAreMatchingTest" classname="Hyde.Framework.Testing.Unit.HydeConfigFilesAreMatchingTest" file="/home/runner/work/develop/develop/packages/framework/tests/Unit/HydeConfigFilesAreMatchingTest.php" line="32" assertions="3" time="0.027664"/>
        <testcase name="test_markdown_config_files_are_matching" class="Hyde\Framework\Testing\Unit\HydeConfigFilesAreMatchingTest" classname="Hyde.Framework.Testing.Unit.HydeConfigFilesAreMatchingTest" file="/home/runner/work/develop/develop/packages/framework/tests/Unit/HydeConfigFilesAreMatchingTest.php" line="40" assertions="3" time="0.027729"/>
      </testsuite>
      <testsuite name="Hyde\Framework\Testing\Unit\HydeFileHelpersTest" file="/home/runner/work/develop/develop/packages/framework/tests/Unit/HydeFileHelpersTest.php" tests="4" assertions="4" errors="0" warnings="0" failures="0" skipped="0" time="0.111505">
        <testcase name="test_current_page_returns_current_page_view_property" class="Hyde\Framework\Testing\Unit\HydeFileHelpersTest" classname="Hyde.Framework.Testing.Unit.HydeFileHelpersTest" file="/home/runner/work/develop/develop/packages/framework/tests/Unit/HydeFileHelpersTest.php" line="16" assertions="1" time="0.025825"/>
        <testcase name="test_current_page_falls_back_to_empty_string_if_current_page_view_property_is_not_set" class="Hyde\Framework\Testing\Unit\HydeFileHelpersTest" classname="Hyde.Framework.Testing.Unit.HydeFileHelpersTest" file="/home/runner/work/develop/develop/packages/framework/tests/Unit/HydeFileHelpersTest.php" line="22" assertions="1" time="0.027864"/>
        <testcase name="test_current_route_returns_current_route_view_property" class="Hyde\Framework\Testing\Unit\HydeFileHelpersTest" classname="Hyde.Framework.Testing.Unit.HydeFileHelpersTest" file="/home/runner/work/develop/develop/packages/framework/tests/Unit/HydeFileHelpersTest.php" line="27" assertions="1" time="0.030104"/>
        <testcase name="test_current_route_falls_back_to_null_if_current_route_view_property_is_not_set" class="Hyde\Framework\Testing\Unit\HydeFileHelpersTest" classname="Hyde.Framework.Testing.Unit.HydeFileHelpersTest" file="/home/runner/work/develop/develop/packages/framework/tests/Unit/HydeFileHelpersTest.php" line="33" assertions="1" time="0.027711"/>
      </testsuite>
      <testsuite name="Hyde\Framework\Testing\Unit\HydeGetBasePathHasFallbackTest" file="/home/runner/work/develop/develop/packages/framework/tests/Unit/HydeGetBasePathHasFallbackTest.php" tests="1" assertions="1" errors="0" warnings="0" failures="0" skipped="0" time="0.027000">
        <testcase name="test_hyde_get_base_path_falls_back_to_getcwd" class="Hyde\Framework\Testing\Unit\HydeGetBasePathHasFallbackTest" classname="Hyde.Framework.Testing.Unit.HydeGetBasePathHasFallbackTest" file="/home/runner/work/develop/develop/packages/framework/tests/Unit/HydeGetBasePathHasFallbackTest.php" line="17" assertions="1" time="0.027000"/>
      </testsuite>
      <testsuite name="Hyde\Framework\Testing\Unit\HydeHelperFacadeMakeTitleTest" file="/home/runner/work/develop/develop/packages/framework/tests/Unit/HydeHelperFacadeMakeTitleTest.php" tests="7" assertions="7" errors="0" warnings="0" failures="0" skipped="0" time="0.193642">
        <testcase name="test_make_title_helper_parses_kebab_case_into_title" class="Hyde\Framework\Testing\Unit\HydeHelperFacadeMakeTitleTest" classname="Hyde.Framework.Testing.Unit.HydeHelperFacadeMakeTitleTest" file="/home/runner/work/develop/develop/packages/framework/tests/Unit/HydeHelperFacadeMakeTitleTest.php" line="12" assertions="1" time="0.025492"/>
        <testcase name="test_make_title_helper_parses_snake_case_into_title" class="Hyde\Framework\Testing\Unit\HydeHelperFacadeMakeTitleTest" classname="Hyde.Framework.Testing.Unit.HydeHelperFacadeMakeTitleTest" file="/home/runner/work/develop/develop/packages/framework/tests/Unit/HydeHelperFacadeMakeTitleTest.php" line="17" assertions="1" time="0.025500"/>
        <testcase name="test_make_title_helper_parses_camel_case_into_title" class="Hyde\Framework\Testing\Unit\HydeHelperFacadeMakeTitleTest" classname="Hyde.Framework.Testing.Unit.HydeHelperFacadeMakeTitleTest" file="/home/runner/work/develop/develop/packages/framework/tests/Unit/HydeHelperFacadeMakeTitleTest.php" line="22" assertions="1" time="0.025203"/>
        <testcase name="test_make_title_helper_parses_pascal_case_into_title" class="Hyde\Framework\Testing\Unit\HydeHelperFacadeMakeTitleTest" classname="Hyde.Framework.Testing.Unit.HydeHelperFacadeMakeTitleTest" file="/home/runner/work/develop/develop/packages/framework/tests/Unit/HydeHelperFacadeMakeTitleTest.php" line="27" assertions="1" time="0.025469"/>
        <testcase name="test_make_title_helper_parses_title_case_into_title" class="Hyde\Framework\Testing\Unit\HydeHelperFacadeMakeTitleTest" classname="Hyde.Framework.Testing.Unit.HydeHelperFacadeMakeTitleTest" file="/home/runner/work/develop/develop/packages/framework/tests/Unit/HydeHelperFacadeMakeTitleTest.php" line="32" assertions="1" time="0.024375"/>
        <testcase name="test_make_title_helper_parses_title_case_with_spaces_into_title" class="Hyde\Framework\Testing\Unit\HydeHelperFacadeMakeTitleTest" classname="Hyde.Framework.Testing.Unit.HydeHelperFacadeMakeTitleTest" file="/home/runner/work/develop/develop/packages/framework/tests/Unit/HydeHelperFacadeMakeTitleTest.php" line="37" assertions="1" time="0.039954"/>
        <testcase name="test_make_title_helper_does_not_capitalize_auxiliary_words" class="Hyde\Framework\Testing\Unit\HydeHelperFacadeMakeTitleTest" classname="Hyde.Framework.Testing.Unit.HydeHelperFacadeMakeTitleTest" file="/home/runner/work/develop/develop/packages/framework/tests/Unit/HydeHelperFacadeMakeTitleTest.php" line="42" assertions="1" time="0.027648"/>
      </testsuite>
      <testsuite name="Hyde\Framework\Testing\Unit\HydeHelperFacadeTest" file="/home/runner/work/develop/develop/packages/framework/tests/Unit/HydeHelperFacadeTest.php" tests="3" assertions="3" errors="0" warnings="0" failures="0" skipped="0" time="0.079970">
        <testcase name="test_features_facade_returns_instance_of_features_class" class="Hyde\Framework\Testing\Unit\HydeHelperFacadeTest" classname="Hyde.Framework.Testing.Unit.HydeHelperFacadeTest" file="/home/runner/work/develop/develop/packages/framework/tests/Unit/HydeHelperFacadeTest.php" line="16" assertions="1" time="0.029316"/>
        <testcase name="test_features_facade_can_be_used_to_call_static_methods_on_features_class" class="Hyde\Framework\Testing\Unit\HydeHelperFacadeTest" classname="Hyde.Framework.Testing.Unit.HydeHelperFacadeTest" file="/home/runner/work/develop/develop/packages/framework/tests/Unit/HydeHelperFacadeTest.php" line="24" assertions="1" time="0.026028"/>
        <testcase name="test_hyde_has_feature_shorthand_calls_static_method_on_features_class" class="Hyde\Framework\Testing\Unit\HydeHelperFacadeTest" classname="Hyde.Framework.Testing.Unit.HydeHelperFacadeTest" file="/home/runner/work/develop/develop/packages/framework/tests/Unit/HydeHelperFacadeTest.php" line="31" assertions="1" time="0.024626"/>
      </testsuite>
      <testsuite name="Hyde\Framework\Testing\Unit\HydePathHelperTest" file="/home/runner/work/develop/develop/packages/framework/tests/Unit/HydePathHelperTest.php" tests="3" assertions="3" errors="0" warnings="0" failures="0" skipped="0" time="0.076711">
        <testcase name="test_method_exists" class="Hyde\Framework\Testing\Unit\HydePathHelperTest" classname="Hyde.Framework.Testing.Unit.HydePathHelperTest" file="/home/runner/work/develop/develop/packages/framework/tests/Unit/HydePathHelperTest.php" line="18" assertions="1" time="0.026398"/>
        <testcase name="test_string_is_returned" class="Hyde\Framework\Testing\Unit\HydePathHelperTest" classname="Hyde.Framework.Testing.Unit.HydePathHelperTest" file="/home/runner/work/develop/develop/packages/framework/tests/Unit/HydePathHelperTest.php" line="23" assertions="1" time="0.025399"/>
        <testcase name="test_returned_directory_contains_content_expected_to_be_in_the_project_directory" class="Hyde\Framework\Testing\Unit\HydePathHelperTest" classname="Hyde.Framework.Testing.Unit.HydePathHelperTest" file="/home/runner/work/develop/develop/packages/framework/tests/Unit/HydePathHelperTest.php" line="28" assertions="1" time="0.024914"/>
      </testsuite>
      <testsuite name="Hyde\Framework\Testing\Unit\HydeServiceProviderTest" file="/home/runner/work/develop/develop/packages/framework/tests/Unit/HydeServiceProviderTest.php" tests="13" assertions="49" errors="0" warnings="0" failures="0" skipped="0" time="0.356717">
        <testcase name="test_provider_is_constructed" class="Hyde\Framework\Testing\Unit\HydeServiceProviderTest" classname="Hyde.Framework.Testing.Unit.HydeServiceProviderTest" file="/home/runner/work/develop/develop/packages/framework/tests/Unit/HydeServiceProviderTest.php" line="34" assertions="1" time="0.029781"/>
        <testcase name="test_provider_has_register_method" class="Hyde\Framework\Testing\Unit\HydeServiceProviderTest" classname="Hyde.Framework.Testing.Unit.HydeServiceProviderTest" file="/home/runner/work/develop/develop/packages/framework/tests/Unit/HydeServiceProviderTest.php" line="39" assertions="1" time="0.025614"/>
        <testcase name="test_provider_has_boot_method" class="Hyde\Framework\Testing\Unit\HydeServiceProviderTest" classname="Hyde.Framework.Testing.Unit.HydeServiceProviderTest" file="/home/runner/work/develop/develop/packages/framework/tests/Unit/HydeServiceProviderTest.php" line="44" assertions="1" time="0.025324"/>
        <testcase name="test_provider_applies_yaml_configuration_when_present" class="Hyde\Framework\Testing\Unit\HydeServiceProviderTest" classname="Hyde.Framework.Testing.Unit.HydeServiceProviderTest" file="/home/runner/work/develop/develop/packages/framework/tests/Unit/HydeServiceProviderTest.php" line="49" assertions="2" time="0.028893"/>
        <testcase name="test_provider_registers_asset_service_contract" class="Hyde\Framework\Testing\Unit\HydeServiceProviderTest" classname="Hyde.Framework.Testing.Unit.HydeServiceProviderTest" file="/home/runner/work/develop/develop/packages/framework/tests/Unit/HydeServiceProviderTest.php" line="57" assertions="3" time="0.025733"/>
        <testcase name="test_provider_registers_source_directories" class="Hyde\Framework\Testing\Unit\HydeServiceProviderTest" classname="Hyde.Framework.Testing.Unit.HydeServiceProviderTest" file="/home/runner/work/develop/develop/packages/framework/tests/Unit/HydeServiceProviderTest.php" line="64" assertions="8" time="0.025942"/>
        <testcase name="test_provider_registers_output_directories" class="Hyde\Framework\Testing\Unit\HydeServiceProviderTest" classname="Hyde.Framework.Testing.Unit.HydeServiceProviderTest" file="/home/runner/work/develop/develop/packages/framework/tests/Unit/HydeServiceProviderTest.php" line="84" assertions="8" time="0.029091"/>
        <testcase name="test_provider_registers_configured_documentation_output_directory" class="Hyde\Framework\Testing\Unit\HydeServiceProviderTest" classname="Hyde.Framework.Testing.Unit.HydeServiceProviderTest" file="/home/runner/work/develop/develop/packages/framework/tests/Unit/HydeServiceProviderTest.php" line="104" assertions="2" time="0.028321"/>
        <testcase name="test_provider_registers_site_output_directory" class="Hyde\Framework\Testing\Unit\HydeServiceProviderTest" classname="Hyde.Framework.Testing.Unit.HydeServiceProviderTest" file="/home/runner/work/develop/develop/packages/framework/tests/Unit/HydeServiceProviderTest.php" line="115" assertions="2" time="0.025382"/>
        <testcase name="test_provider_registers_blade_view_discovery_location_for_configured_blade_view_path" class="Hyde\Framework\Testing\Unit\HydeServiceProviderTest" classname="Hyde.Framework.Testing.Unit.HydeServiceProviderTest" file="/home/runner/work/develop/develop/packages/framework/tests/Unit/HydeServiceProviderTest.php" line="126" assertions="2" time="0.027383"/>
        <testcase name="test_blade_view_locations_are_only_registered_once_per_key" class="Hyde\Framework\Testing\Unit\HydeServiceProviderTest" classname="Hyde.Framework.Testing.Unit.HydeServiceProviderTest" file="/home/runner/work/develop/develop/packages/framework/tests/Unit/HydeServiceProviderTest.php" line="136" assertions="2" time="0.028100"/>
        <testcase name="test_provider_registers_console_commands" class="Hyde\Framework\Testing\Unit\HydeServiceProviderTest" classname="Hyde.Framework.Testing.Unit.HydeServiceProviderTest" file="/home/runner/work/develop/develop/packages/framework/tests/Unit/HydeServiceProviderTest.php" line="147" assertions="16" time="0.030729"/>
        <testcase name="test_provider_registers_additional_module_service_providers" class="Hyde\Framework\Testing\Unit\HydeServiceProviderTest" classname="Hyde.Framework.Testing.Unit.HydeServiceProviderTest" file="/home/runner/work/develop/develop/packages/framework/tests/Unit/HydeServiceProviderTest.php" line="164" assertions="1" time="0.026424"/>
      </testsuite>
      <testsuite name="Hyde\Framework\Testing\Unit\HydeVendorPathHelperTest" file="/home/runner/work/develop/develop/packages/framework/tests/Unit/HydeVendorPathHelperTest.php" tests="4" assertions="6" errors="0" warnings="0" failures="0" skipped="0" time="0.104371">
        <testcase name="test_method_exists" class="Hyde\Framework\Testing\Unit\HydeVendorPathHelperTest" classname="Hyde.Framework.Testing.Unit.HydeVendorPathHelperTest" file="/home/runner/work/develop/develop/packages/framework/tests/Unit/HydeVendorPathHelperTest.php" line="13" assertions="1" time="0.025883"/>
        <testcase name="test_method_returns_string" class="Hyde\Framework\Testing\Unit\HydeVendorPathHelperTest" classname="Hyde.Framework.Testing.Unit.HydeVendorPathHelperTest" file="/home/runner/work/develop/develop/packages/framework/tests/Unit/HydeVendorPathHelperTest.php" line="18" assertions="1" time="0.027400"/>
        <testcase name="test_method_returns_string_containing_vendor_path" class="Hyde\Framework\Testing\Unit\HydeVendorPathHelperTest" classname="Hyde.Framework.Testing.Unit.HydeVendorPathHelperTest" file="/home/runner/work/develop/develop/packages/framework/tests/Unit/HydeVendorPathHelperTest.php" line="23" assertions="1" time="0.025891"/>
        <testcase name="test_method_returns_path_to_the_vendor_directory" class="Hyde\Framework\Testing\Unit\HydeVendorPathHelperTest" classname="Hyde.Framework.Testing.Unit.HydeVendorPathHelperTest" file="/home/runner/work/develop/develop/packages/framework/tests/Unit/HydeVendorPathHelperTest.php" line="28" assertions="3" time="0.025197"/>
      </testsuite>
      <testsuite name="Hyde\Framework\Testing\Unit\InteractsWithDirectoriesConcernTest" file="/home/runner/work/develop/develop/packages/framework/tests/Unit/InteractsWithDirectoriesConcernTest.php" tests="7" assertions="9" errors="0" warnings="0" failures="0" skipped="0" time="0.182256">
        <testcase name="test_methods_can_be_called_statically" class="Hyde\Framework\Testing\Unit\InteractsWithDirectoriesConcernTest" classname="Hyde.Framework.Testing.Unit.InteractsWithDirectoriesConcernTest" file="/home/runner/work/develop/develop/packages/framework/tests/Unit/InteractsWithDirectoriesConcernTest.php" line="35" assertions="2" time="0.024716"/>
        <testcase name="test_needs_directory_creates_the_directory" class="Hyde\Framework\Testing\Unit\InteractsWithDirectoriesConcernTest" classname="Hyde.Framework.Testing.Unit.InteractsWithDirectoriesConcernTest" file="/home/runner/work/develop/develop/packages/framework/tests/Unit/InteractsWithDirectoriesConcernTest.php" line="44" assertions="1" time="0.028068"/>
        <testcase name="test_needs_directory_creates_the_directory_recursively" class="Hyde\Framework\Testing\Unit\InteractsWithDirectoriesConcernTest" classname="Hyde.Framework.Testing.Unit.InteractsWithDirectoriesConcernTest" file="/home/runner/work/develop/develop/packages/framework/tests/Unit/InteractsWithDirectoriesConcernTest.php" line="50" assertions="1" time="0.025682"/>
        <testcase name="test_needs_directory_handles_existing_directory" class="Hyde\Framework\Testing\Unit\InteractsWithDirectoriesConcernTest" classname="Hyde.Framework.Testing.Unit.InteractsWithDirectoriesConcernTest" file="/home/runner/work/develop/develop/packages/framework/tests/Unit/InteractsWithDirectoriesConcernTest.php" line="56" assertions="1" time="0.025867"/>
        <testcase name="test_needs_directories_creates_single_directory" class="Hyde\Framework\Testing\Unit\InteractsWithDirectoriesConcernTest" classname="Hyde.Framework.Testing.Unit.InteractsWithDirectoriesConcernTest" file="/home/runner/work/develop/develop/packages/framework/tests/Unit/InteractsWithDirectoriesConcernTest.php" line="63" assertions="1" time="0.026606"/>
        <testcase name="test_needs_directories_creates_multiple_directories" class="Hyde\Framework\Testing\Unit\InteractsWithDirectoriesConcernTest" classname="Hyde.Framework.Testing.Unit.InteractsWithDirectoriesConcernTest" file="/home/runner/work/develop/develop/packages/framework/tests/Unit/InteractsWithDirectoriesConcernTest.php" line="69" assertions="2" time="0.026241"/>
        <testcase name="test_needs_parent_directory_creates_directory_for_the_parent_file" class="Hyde\Framework\Testing\Unit\InteractsWithDirectoriesConcernTest" classname="Hyde.Framework.Testing.Unit.InteractsWithDirectoriesConcernTest" file="/home/runner/work/develop/develop/packages/framework/tests/Unit/InteractsWithDirectoriesConcernTest.php" line="78" assertions="1" time="0.025075"/>
      </testsuite>
      <testsuite name="Hyde\Framework\Testing\Unit\JsonSerializesArrayableTest" file="/home/runner/work/develop/develop/packages/framework/tests/Unit/JsonSerializesArrayableTest.php" tests="1" assertions="3" errors="0" warnings="0" failures="0" skipped="0" time="0.026445">
        <testcase name="test_json_serialize" class="Hyde\Framework\Testing\Unit\JsonSerializesArrayableTest" classname="Hyde.Framework.Testing.Unit.JsonSerializesArrayableTest" file="/home/runner/work/develop/develop/packages/framework/tests/Unit/JsonSerializesArrayableTest.php" line="15" assertions="3" time="0.026445"/>
      </testsuite>
      <testsuite name="Hyde\Framework\Testing\Unit\MarkdownDocumentTest" file="/home/runner/work/develop/develop/packages/framework/tests/Unit/MarkdownDocumentTest.php" tests="8" assertions="11" errors="0" warnings="0" failures="0" skipped="0" time="0.209893">
        <testcase name="test_constructor_creates_new_markdown_document" class="Hyde\Framework\Testing\Unit\MarkdownDocumentTest" classname="Hyde.Framework.Testing.Unit.MarkdownDocumentTest" file="/home/runner/work/develop/develop/packages/framework/tests/Unit/MarkdownDocumentTest.php" line="19" assertions="1" time="0.025022"/>
        <testcase name="test_constructor_arguments_are_optional" class="Hyde\Framework\Testing\Unit\MarkdownDocumentTest" classname="Hyde.Framework.Testing.Unit.MarkdownDocumentTest" file="/home/runner/work/develop/develop/packages/framework/tests/Unit/MarkdownDocumentTest.php" line="25" assertions="1" time="0.026009"/>
        <testcase name="test_constructor_arguments_are_assigned" class="Hyde\Framework\Testing\Unit\MarkdownDocumentTest" classname="Hyde.Framework.Testing.Unit.MarkdownDocumentTest" file="/home/runner/work/develop/develop/packages/framework/tests/Unit/MarkdownDocumentTest.php" line="31" assertions="1" time="0.025807"/>
        <testcase name="test_magic_to_string_method_returns_body" class="Hyde\Framework\Testing\Unit\MarkdownDocumentTest" classname="Hyde.Framework.Testing.Unit.MarkdownDocumentTest" file="/home/runner/work/develop/develop/packages/framework/tests/Unit/MarkdownDocumentTest.php" line="37" assertions="1" time="0.026998"/>
        <testcase name="test_render_method_returns_rendered_html" class="Hyde\Framework\Testing\Unit\MarkdownDocumentTest" classname="Hyde.Framework.Testing.Unit.MarkdownDocumentTest" file="/home/runner/work/develop/develop/packages/framework/tests/Unit/MarkdownDocumentTest.php" line="43" assertions="1" time="0.026615"/>
        <testcase name="test_parse_method_parses_a_file_using_the_markdown_file_service" class="Hyde\Framework\Testing\Unit\MarkdownDocumentTest" classname="Hyde.Framework.Testing.Unit.MarkdownDocumentTest" file="/home/runner/work/develop/develop/packages/framework/tests/Unit/MarkdownDocumentTest.php" line="49" assertions="3" time="0.026558"/>
        <testcase name="test_to_array_method_returns_array_markdown_body_lines" class="Hyde\Framework\Testing\Unit\MarkdownDocumentTest" classname="Hyde.Framework.Testing.Unit.MarkdownDocumentTest" file="/home/runner/work/develop/develop/packages/framework/tests/Unit/MarkdownDocumentTest.php" line="59" assertions="1" time="0.025603"/>
        <testcase name="test_from_file_method_returns_new_markdown_document" class="Hyde\Framework\Testing\Unit\MarkdownDocumentTest" classname="Hyde.Framework.Testing.Unit.MarkdownDocumentTest" file="/home/runner/work/develop/develop/packages/framework/tests/Unit/MarkdownDocumentTest.php" line="65" assertions="2" time="0.027280"/>
      </testsuite>
      <testsuite name="Hyde\Framework\Testing\Unit\MarkdownFacadeTest" file="/home/runner/work/develop/develop/packages/framework/tests/Unit/MarkdownFacadeTest.php" tests="1" assertions="2" errors="0" warnings="0" failures="0" skipped="0" time="0.027091">
        <testcase name="test_render" class="Hyde\Framework\Testing\Unit\MarkdownFacadeTest" classname="Hyde.Framework.Testing.Unit.MarkdownFacadeTest" file="/home/runner/work/develop/develop/packages/framework/tests/Unit/MarkdownFacadeTest.php" line="17" assertions="2" time="0.027091"/>
      </testsuite>
      <testsuite name="Hyde\Framework\Testing\Unit\MarkdownPageModelConstructorArgumentsAreOptionalTest" file="/home/runner/work/develop/develop/packages/framework/tests/Unit/MarkdownPageModelConstructorArgumentsAreOptionalTest.php" tests="1" assertions="3" errors="0" warnings="0" failures="0" skipped="0" time="0.027823">
        <testcase name="test_markdown_page_model_constructor_arguments_are_optional" class="Hyde\Framework\Testing\Unit\MarkdownPageModelConstructorArgumentsAreOptionalTest" classname="Hyde.Framework.Testing.Unit.MarkdownPageModelConstructorArgumentsAreOptionalTest" file="/home/runner/work/develop/develop/packages/framework/tests/Unit/MarkdownPageModelConstructorArgumentsAreOptionalTest.php" line="14" assertions="3" time="0.027823"/>
      </testsuite>
      <testsuite name="Hyde\Framework\Testing\Unit\MarkdownPostHelpersTest" file="/home/runner/work/develop/develop/packages/framework/tests/Unit/MarkdownPostHelpersTest.php" tests="6" assertions="6" errors="0" warnings="0" failures="0" skipped="0" time="0.166425">
        <testcase name="test_get_current_page_path_returns_local_uri_path_for_post_slug" class="Hyde\Framework\Testing\Unit\MarkdownPostHelpersTest" classname="Hyde.Framework.Testing.Unit.MarkdownPostHelpersTest" file="/home/runner/work/develop/develop/packages/framework/tests/Unit/MarkdownPostHelpersTest.php" line="15" assertions="1" time="0.027841"/>
        <testcase name="test_get_canonical_link_returns_canonical_uri_path_for_post_slug" class="Hyde\Framework\Testing\Unit\MarkdownPostHelpersTest" classname="Hyde.Framework.Testing.Unit.MarkdownPostHelpersTest" file="/home/runner/work/develop/develop/packages/framework/tests/Unit/MarkdownPostHelpersTest.php" line="21" assertions="1" time="0.027149"/>
        <testcase name="test_get_canonical_link_returns_pretty_url_when_enabled" class="Hyde\Framework\Testing\Unit\MarkdownPostHelpersTest" classname="Hyde.Framework.Testing.Unit.MarkdownPostHelpersTest" file="/home/runner/work/develop/develop/packages/framework/tests/Unit/MarkdownPostHelpersTest.php" line="28" assertions="1" time="0.026765"/>
        <testcase name="test_get_post_description_returns_post_description_when_set_in_front_matter" class="Hyde\Framework\Testing\Unit\MarkdownPostHelpersTest" classname="Hyde.Framework.Testing.Unit.MarkdownPostHelpersTest" file="/home/runner/work/develop/develop/packages/framework/tests/Unit/MarkdownPostHelpersTest.php" line="35" assertions="1" time="0.028851"/>
        <testcase name="test_get_post_description_returns_post_body_when_no_description_set_in_front_matter" class="Hyde\Framework\Testing\Unit\MarkdownPostHelpersTest" classname="Hyde.Framework.Testing.Unit.MarkdownPostHelpersTest" file="/home/runner/work/develop/develop/packages/framework/tests/Unit/MarkdownPostHelpersTest.php" line="41" assertions="1" time="0.027727"/>
        <testcase name="test_dynamic_description_is_truncated_when_longer_than_128_characters" class="Hyde\Framework\Testing\Unit\MarkdownPostHelpersTest" classname="Hyde.Framework.Testing.Unit.MarkdownPostHelpersTest" file="/home/runner/work/develop/develop/packages/framework/tests/Unit/MarkdownPostHelpersTest.php" line="47" assertions="1" time="0.028094"/>
      </testsuite>
      <testsuite name="Hyde\Framework\Testing\Unit\MarkdownPostParserTest" file="/home/runner/work/develop/develop/packages/framework/tests/Unit/MarkdownPostParserTest.php" tests="2" assertions="11" errors="0" warnings="0" failures="0" skipped="0" time="0.061327">
        <testcase name="test_can_parse_markdown_file" class="Hyde\Framework\Testing\Unit\MarkdownPostParserTest" classname="Hyde.Framework.Testing.Unit.MarkdownPostParserTest" file="/home/runner/work/develop/develop/packages/framework/tests/Unit/MarkdownPostParserTest.php" line="41" assertions="8" time="0.032984"/>
        <testcase name="test_parsed_markdown_post_contains_valid_front_matter" class="Hyde\Framework\Testing\Unit\MarkdownPostParserTest" classname="Hyde.Framework.Testing.Unit.MarkdownPostParserTest" file="/home/runner/work/develop/develop/packages/framework/tests/Unit/MarkdownPostParserTest.php" line="54" assertions="3" time="0.028343"/>
      </testsuite>
      <testsuite name="Hyde\Framework\Testing\Unit\NavItemTest" file="/home/runner/work/develop/develop/packages/framework/tests/Unit/NavItemTest.php" tests="8" assertions="20" errors="0" warnings="0" failures="0" skipped="0" time="0.242006">
        <testcase name="test__construct" class="Hyde\Framework\Testing\Unit\NavItemTest" classname="Hyde.Framework.Testing.Unit.NavItemTest" file="/home/runner/work/develop/develop/packages/framework/tests/Unit/NavItemTest.php" line="20" assertions="4" time="0.036724"/>
        <testcase name="testFromRoute" class="Hyde\Framework\Testing\Unit\NavItemTest" classname="Hyde.Framework.Testing.Unit.NavItemTest" file="/home/runner/work/develop/develop/packages/framework/tests/Unit/NavItemTest.php" line="34" assertions="4" time="0.029584"/>
        <testcase name="testResolveLink" class="Hyde\Framework\Testing\Unit\NavItemTest" classname="Hyde.Framework.Testing.Unit.NavItemTest" file="/home/runner/work/develop/develop/packages/framework/tests/Unit/NavItemTest.php" line="45" assertions="1" time="0.029976"/>
        <testcase name="test__toString" class="Hyde\Framework\Testing\Unit\NavItemTest" classname="Hyde.Framework.Testing.Unit.NavItemTest" file="/home/runner/work/develop/develop/packages/framework/tests/Unit/NavItemTest.php" line="53" assertions="1" time="0.029894"/>
        <testcase name="testToLink" class="Hyde\Framework\Testing\Unit\NavItemTest" classname="Hyde.Framework.Testing.Unit.NavItemTest" file="/home/runner/work/develop/develop/packages/framework/tests/Unit/NavItemTest.php" line="61" assertions="4" time="0.026017"/>
        <testcase name="testToRoute" class="Hyde\Framework\Testing\Unit\NavItemTest" classname="Hyde.Framework.Testing.Unit.NavItemTest" file="/home/runner/work/develop/develop/packages/framework/tests/Unit/NavItemTest.php" line="71" assertions="4" time="0.029641"/>
        <testcase name="testIsCurrentRoute" class="Hyde\Framework\Testing\Unit\NavItemTest" classname="Hyde.Framework.Testing.Unit.NavItemTest" file="/home/runner/work/develop/develop/packages/framework/tests/Unit/NavItemTest.php" line="82" assertions="1" time="0.029634"/>
        <testcase name="testIsCurrentLink" class="Hyde\Framework\Testing\Unit\NavItemTest" classname="Hyde.Framework.Testing.Unit.NavItemTest" file="/home/runner/work/develop/develop/packages/framework/tests/Unit/NavItemTest.php" line="90" assertions="1" time="0.030537"/>
      </testsuite>
      <testsuite name="Hyde\Framework\Testing\Unit\PageModelGetAllFilesHelperTest" file="/home/runner/work/develop/develop/packages/framework/tests/Unit/PageModelGetAllFilesHelperTest.php" tests="4" assertions="12" errors="0" warnings="0" failures="0" skipped="0" time="0.126979">
        <testcase name="test_blade_page_get_helper_returns_blade_page_array" class="Hyde\Framework\Testing\Unit\PageModelGetAllFilesHelperTest" classname="Hyde.Framework.Testing.Unit.PageModelGetAllFilesHelperTest" file="/home/runner/work/develop/develop/packages/framework/tests/Unit/PageModelGetAllFilesHelperTest.php" line="19" assertions="3" time="0.031605"/>
        <testcase name="test_markdown_page_get_helper_returns_markdown_page_array" class="Hyde\Framework\Testing\Unit\PageModelGetAllFilesHelperTest" classname="Hyde.Framework.Testing.Unit.PageModelGetAllFilesHelperTest" file="/home/runner/work/develop/develop/packages/framework/tests/Unit/PageModelGetAllFilesHelperTest.php" line="27" assertions="3" time="0.031750"/>
        <testcase name="test_markdown_post_get_helper_returns_markdown_post_array" class="Hyde\Framework\Testing\Unit\PageModelGetAllFilesHelperTest" classname="Hyde.Framework.Testing.Unit.PageModelGetAllFilesHelperTest" file="/home/runner/work/develop/develop/packages/framework/tests/Unit/PageModelGetAllFilesHelperTest.php" line="39" assertions="3" time="0.032137"/>
        <testcase name="test_documentation_page_get_helper_returns_documentation_page_array" class="Hyde\Framework\Testing\Unit\PageModelGetAllFilesHelperTest" classname="Hyde.Framework.Testing.Unit.PageModelGetAllFilesHelperTest" file="/home/runner/work/develop/develop/packages/framework/tests/Unit/PageModelGetAllFilesHelperTest.php" line="51" assertions="3" time="0.031487"/>
      </testsuite>
      <testsuite name="Hyde\Framework\Testing\Unit\PageModelGetHelperTest" file="/home/runner/work/develop/develop/packages/framework/tests/Unit/PageModelGetHelperTest.php" tests="4" assertions="12" errors="0" warnings="0" failures="0" skipped="0" time="0.122962">
        <testcase name="test_blade_page_get_helper_returns_blade_page_collection" class="Hyde\Framework\Testing\Unit\PageModelGetHelperTest" classname="Hyde.Framework.Testing.Unit.PageModelGetHelperTest" file="/home/runner/work/develop/develop/packages/framework/tests/Unit/PageModelGetHelperTest.php" line="20" assertions="3" time="0.030202"/>
        <testcase name="test_markdown_page_get_helper_returns_markdown_page_collection" class="Hyde\Framework\Testing\Unit\PageModelGetHelperTest" classname="Hyde.Framework.Testing.Unit.PageModelGetHelperTest" file="/home/runner/work/develop/develop/packages/framework/tests/Unit/PageModelGetHelperTest.php" line="28" assertions="3" time="0.030872"/>
        <testcase name="test_markdown_post_get_helper_returns_markdown_post_collection" class="Hyde\Framework\Testing\Unit\PageModelGetHelperTest" classname="Hyde.Framework.Testing.Unit.PageModelGetHelperTest" file="/home/runner/work/develop/develop/packages/framework/tests/Unit/PageModelGetHelperTest.php" line="40" assertions="3" time="0.031206"/>
        <testcase name="test_documentation_page_get_helper_returns_documentation_page_collection" class="Hyde\Framework\Testing\Unit\PageModelGetHelperTest" classname="Hyde.Framework.Testing.Unit.PageModelGetHelperTest" file="/home/runner/work/develop/develop/packages/framework/tests/Unit/PageModelGetHelperTest.php" line="52" assertions="3" time="0.030682"/>
      </testsuite>
      <testsuite name="Hyde\Framework\Testing\Unit\PageModelParseHelperTest" file="/home/runner/work/develop/develop/packages/framework/tests/Unit/PageModelParseHelperTest.php" tests="4" assertions="4" errors="0" warnings="0" failures="0" skipped="0" time="0.106817">
        <testcase name="test_blade_page_get_helper_returns_blade_page_object" class="Hyde\Framework\Testing\Unit\PageModelParseHelperTest" classname="Hyde.Framework.Testing.Unit.PageModelParseHelperTest" file="/home/runner/work/develop/develop/packages/framework/tests/Unit/PageModelParseHelperTest.php" line="19" assertions="1" time="0.025571"/>
        <testcase name="test_markdown_page_get_helper_returns_markdown_page_object" class="Hyde\Framework\Testing\Unit\PageModelParseHelperTest" classname="Hyde.Framework.Testing.Unit.PageModelParseHelperTest" file="/home/runner/work/develop/develop/packages/framework/tests/Unit/PageModelParseHelperTest.php" line="29" assertions="1" time="0.026078"/>
        <testcase name="test_markdown_post_get_helper_returns_markdown_post_object" class="Hyde\Framework\Testing\Unit\PageModelParseHelperTest" classname="Hyde.Framework.Testing.Unit.PageModelParseHelperTest" file="/home/runner/work/develop/develop/packages/framework/tests/Unit/PageModelParseHelperTest.php" line="39" assertions="1" time="0.027640"/>
        <testcase name="test_documentation_page_get_helper_returns_documentation_page_object" class="Hyde\Framework\Testing\Unit\PageModelParseHelperTest" classname="Hyde.Framework.Testing.Unit.PageModelParseHelperTest" file="/home/runner/work/develop/develop/packages/framework/tests/Unit/PageModelParseHelperTest.php" line="49" assertions="1" time="0.027528"/>
      </testsuite>
      <testsuite name="Hyde\Framework\Testing\Unit\RelativeLinksAcrossPagesRetainsIntegrityTest" file="/home/runner/work/develop/develop/packages/framework/tests/Unit/RelativeLinksAcrossPagesRetainsIntegrityTest.php" tests="1" assertions="18" errors="0" warnings="0" failures="0" skipped="0" time="0.179140">
        <testcase name="test_relative_links_across_pages_retains_integrity" class="Hyde\Framework\Testing\Unit\RelativeLinksAcrossPagesRetainsIntegrityTest" classname="Hyde.Framework.Testing.Unit.RelativeLinksAcrossPagesRetainsIntegrityTest" file="/home/runner/work/develop/develop/packages/framework/tests/Unit/RelativeLinksAcrossPagesRetainsIntegrityTest.php" line="61" assertions="18" time="0.179140"/>
      </testsuite>
      <testsuite name="Hyde\Framework\Testing\Unit\RouteNotFoundExceptionTest" file="/home/runner/work/develop/develop/packages/framework/tests/Unit/RouteNotFoundExceptionTest.php" tests="2" assertions="4" errors="0" warnings="0" failures="0" skipped="0" time="0.052639">
        <testcase name="test_it_can_be_instantiated" class="Hyde\Framework\Testing\Unit\RouteNotFoundExceptionTest" classname="Hyde.Framework.Testing.Unit.RouteNotFoundExceptionTest" file="/home/runner/work/develop/develop/packages/framework/tests/Unit/RouteNotFoundExceptionTest.php" line="15" assertions="1" time="0.026715"/>
        <testcase name="test_it_throws_an_exception_when_page_type_is_not_supported" class="Hyde\Framework\Testing\Unit\RouteNotFoundExceptionTest" classname="Hyde.Framework.Testing.Unit.RouteNotFoundExceptionTest" file="/home/runner/work/develop/develop/packages/framework/tests/Unit/RouteNotFoundExceptionTest.php" line="22" assertions="3" time="0.025924"/>
      </testsuite>
      <testsuite name="Hyde\Framework\Testing\Unit\SchemaContractsTest" file="/home/runner/work/develop/develop/packages/framework/tests/Unit/SchemaContractsTest.php" tests="1" assertions="6" errors="0" warnings="0" failures="0" skipped="0" time="0.025944">
        <testcase name="testSchemasAreNotAccidentallyChanged" class="Hyde\Framework\Testing\Unit\SchemaContractsTest" classname="Hyde.Framework.Testing.Unit.SchemaContractsTest" file="/home/runner/work/develop/develop/packages/framework/tests/Unit/SchemaContractsTest.php" line="23" assertions="6" time="0.025944"/>
      </testsuite>
      <testsuite name="Hyde\Framework\Testing\Unit\SourceFilesInCustomDirectoriesCanBeCompiledTest" file="/home/runner/work/develop/develop/packages/framework/tests/Unit/SourceFilesInCustomDirectoriesCanBeCompiledTest.php" tests="4" assertions="4" errors="0" warnings="0" failures="0" skipped="0" time="0.193640">
        <testcase name="test_markdown_posts_in_changed_directory_can_be_compiled" class="Hyde\Framework\Testing\Unit\SourceFilesInCustomDirectoriesCanBeCompiledTest" classname="Hyde.Framework.Testing.Unit.SourceFilesInCustomDirectoriesCanBeCompiledTest" file="/home/runner/work/develop/develop/packages/framework/tests/Unit/SourceFilesInCustomDirectoriesCanBeCompiledTest.php" line="36" assertions="1" time="0.046886"/>
        <testcase name="test_markdown_pages_in_changed_directory_can_be_compiled" class="Hyde\Framework\Testing\Unit\SourceFilesInCustomDirectoriesCanBeCompiledTest" classname="Hyde.Framework.Testing.Unit.SourceFilesInCustomDirectoriesCanBeCompiledTest" file="/home/runner/work/develop/develop/packages/framework/tests/Unit/SourceFilesInCustomDirectoriesCanBeCompiledTest.php" line="52" assertions="1" time="0.065794"/>
        <testcase name="test_documentation_pages_in_changed_directory_can_be_compiled" class="Hyde\Framework\Testing\Unit\SourceFilesInCustomDirectoriesCanBeCompiledTest" classname="Hyde.Framework.Testing.Unit.SourceFilesInCustomDirectoriesCanBeCompiledTest" file="/home/runner/work/develop/develop/packages/framework/tests/Unit/SourceFilesInCustomDirectoriesCanBeCompiledTest.php" line="68" assertions="1" time="0.051808"/>
        <testcase name="test_blade_pages_in_changed_directory_can_be_compiled" class="Hyde\Framework\Testing\Unit\SourceFilesInCustomDirectoriesCanBeCompiledTest" classname="Hyde.Framework.Testing.Unit.SourceFilesInCustomDirectoriesCanBeCompiledTest" file="/home/runner/work/develop/develop/packages/framework/tests/Unit/SourceFilesInCustomDirectoriesCanBeCompiledTest.php" line="84" assertions="1" time="0.029153"/>
      </testsuite>
      <testsuite name="Hyde\Framework\Testing\Unit\TestBuildStaticSiteCommandFlagToEnablePrettyUrlsTest" file="/home/runner/work/develop/develop/packages/framework/tests/Unit/TestBuildStaticSiteCommandFlagToEnablePrettyUrlsTest.php" tests="2" assertions="4" errors="0" warnings="0" failures="0" skipped="0" time="0.078748">
        <testcase name="test_pretty_urls_can_be_enabled_with_flag" class="Hyde\Framework\Testing\Unit\TestBuildStaticSiteCommandFlagToEnablePrettyUrlsTest" classname="Hyde.Framework.Testing.Unit.TestBuildStaticSiteCommandFlagToEnablePrettyUrlsTest" file="/home/runner/work/develop/develop/packages/framework/tests/Unit/TestBuildStaticSiteCommandFlagToEnablePrettyUrlsTest.php" line="16" assertions="3" time="0.052609"/>
        <testcase name="test_config_change_is_not_persisted" class="Hyde\Framework\Testing\Unit\TestBuildStaticSiteCommandFlagToEnablePrettyUrlsTest" classname="Hyde.Framework.Testing.Unit.TestBuildStaticSiteCommandFlagToEnablePrettyUrlsTest" file="/home/runner/work/develop/develop/packages/framework/tests/Unit/TestBuildStaticSiteCommandFlagToEnablePrettyUrlsTest.php" line="29" assertions="1" time="0.026138"/>
      </testsuite>
      <testsuite name="Hyde\Framework\Testing\Unit\UnsupportedPageTypeExceptionTest" file="/home/runner/work/develop/develop/packages/framework/tests/Unit/UnsupportedPageTypeExceptionTest.php" tests="2" assertions="3" errors="0" warnings="0" failures="0" skipped="0" time="0.051488">
        <testcase name="test_it_can_be_instantiated" class="Hyde\Framework\Testing\Unit\UnsupportedPageTypeExceptionTest" classname="Hyde.Framework.Testing.Unit.UnsupportedPageTypeExceptionTest" file="/home/runner/work/develop/develop/packages/framework/tests/Unit/UnsupportedPageTypeExceptionTest.php" line="15" assertions="1" time="0.025519"/>
        <testcase name="test_it_throws_an_exception_when_page_type_is_not_supported" class="Hyde\Framework\Testing\Unit\UnsupportedPageTypeExceptionTest" classname="Hyde.Framework.Testing.Unit.UnsupportedPageTypeExceptionTest" file="/home/runner/work/develop/develop/packages/framework/tests/Unit/UnsupportedPageTypeExceptionTest.php" line="22" assertions="2" time="0.025969"/>
      </testsuite>
      <testsuite name="Hyde\Framework\Testing\Unit\ValidatesExistenceTest" file="/home/runner/work/develop/develop/packages/framework/tests/Unit/ValidatesExistenceTest.php" tests="2" assertions="2" errors="0" warnings="0" failures="0" skipped="0" time="0.050922">
        <testcase name="test_validate_existence_does_nothing_if_file_exists" class="Hyde\Framework\Testing\Unit\ValidatesExistenceTest" classname="Hyde.Framework.Testing.Unit.ValidatesExistenceTest" file="/home/runner/work/develop/develop/packages/framework/tests/Unit/ValidatesExistenceTest.php" line="18" assertions="1" time="0.025438"/>
        <testcase name="test_validate_existence_throws_file_not_found_exception_if_file_does_not_exist" class="Hyde\Framework\Testing\Unit\ValidatesExistenceTest" classname="Hyde.Framework.Testing.Unit.ValidatesExistenceTest" file="/home/runner/work/develop/develop/packages/framework/tests/Unit/ValidatesExistenceTest.php" line="30" assertions="1" time="0.025484"/>
      </testsuite>
      <testsuite name="Hyde\Framework\Testing\Unit\Views\ArticleExcerptViewTest" file="/home/runner/work/develop/develop/packages/framework/tests/Unit/Views/ArticleExcerptViewTest.php" tests="5" assertions="10" errors="0" warnings="0" failures="0" skipped="0" time="0.160403">
        <testcase name="test_component_can_be_rendered" class="Hyde\Framework\Testing\Unit\Views\ArticleExcerptViewTest" classname="Hyde.Framework.Testing.Unit.Views.ArticleExcerptViewTest" file="/home/runner/work/develop/develop/packages/framework/tests/Unit/Views/ArticleExcerptViewTest.php" line="24" assertions="1" time="0.030281"/>
        <testcase name="test_component_renders_post_data" class="Hyde\Framework\Testing\Unit\Views\ArticleExcerptViewTest" classname="Hyde.Framework.Testing.Unit.Views.ArticleExcerptViewTest" file="/home/runner/work/develop/develop/packages/framework/tests/Unit/Views/ArticleExcerptViewTest.php" line="30" assertions="5" time="0.032825"/>
        <testcase name="test_component_renders_post_with_author_object" class="Hyde\Framework\Testing\Unit\Views\ArticleExcerptViewTest" classname="Hyde.Framework.Testing.Unit.Views.ArticleExcerptViewTest" file="/home/runner/work/develop/develop/packages/framework/tests/Unit/Views/ArticleExcerptViewTest.php" line="46" assertions="1" time="0.032228"/>
        <testcase name="test_there_is_no_comma_after_date_string_when_there_is_no_author" class="Hyde\Framework\Testing\Unit\Views\ArticleExcerptViewTest" classname="Hyde.Framework.Testing.Unit.Views.ArticleExcerptViewTest" file="/home/runner/work/develop/develop/packages/framework/tests/Unit/Views/ArticleExcerptViewTest.php" line="58" assertions="2" time="0.032370"/>
        <testcase name="test_there_is_a_comma_after_date_string_when_there_is_a_author" class="Hyde\Framework\Testing\Unit\Views\ArticleExcerptViewTest" classname="Hyde.Framework.Testing.Unit.Views.ArticleExcerptViewTest" file="/home/runner/work/develop/develop/packages/framework/tests/Unit/Views/ArticleExcerptViewTest.php" line="68" assertions="1" time="0.032699"/>
      </testsuite>
      <testsuite name="Hyde\Framework\Testing\Unit\Views\Components\LinkComponentTest" file="/home/runner/work/develop/develop/packages/framework/tests/Unit/Views/Components/LinkComponentTest.php" tests="3" assertions="3" errors="0" warnings="0" failures="0" skipped="0" time="0.101491">
        <testcase name="test_link_component_can_be_rendered" class="Hyde\Framework\Testing\Unit\Views\Components\LinkComponentTest" classname="Hyde.Framework.Testing.Unit.Views.Components.LinkComponentTest" file="/home/runner/work/develop/develop/packages/framework/tests/Unit/Views/Components/LinkComponentTest.php" line="16" assertions="1" time="0.031387"/>
        <testcase name="test_link_component_can_be_rendered_with_route" class="Hyde\Framework\Testing\Unit\Views\Components\LinkComponentTest" classname="Hyde.Framework.Testing.Unit.Views.Components.LinkComponentTest" file="/home/runner/work/develop/develop/packages/framework/tests/Unit/Views/Components/LinkComponentTest.php" line="21" assertions="1" time="0.033780"/>
        <testcase name="test_link_component_can_be_rendered_with_route_for_nested_pages" class="Hyde\Framework\Testing\Unit\Views\Components\LinkComponentTest" classname="Hyde.Framework.Testing.Unit.Views.Components.LinkComponentTest" file="/home/runner/work/develop/develop/packages/framework/tests/Unit/Views/Components/LinkComponentTest.php" line="28" assertions="1" time="0.036323"/>
      </testsuite>
      <testsuite name="Hyde\Framework\Testing\Unit\Views\FeaturedImageViewTest" file="/home/runner/work/develop/develop/packages/framework/tests/Unit/Views/FeaturedImageViewTest.php" tests="21" assertions="46" errors="0" warnings="0" failures="0" skipped="0" time="0.634290">
        <testcase name="test_the_view" class="Hyde\Framework\Testing\Unit\Views\FeaturedImageViewTest" classname="Hyde.Framework.Testing.Unit.Views.FeaturedImageViewTest" file="/home/runner/work/develop/develop/packages/framework/tests/Unit/Views/FeaturedImageViewTest.php" line="23" assertions="9" time="0.029525"/>
        <testcase name="test_image_author_attribution_string" class="Hyde\Framework\Testing\Unit\Views\FeaturedImageViewTest" classname="Hyde.Framework.Testing.Unit.Views.FeaturedImageViewTest" file="/home/runner/work/develop/develop/packages/framework/tests/Unit/Views/FeaturedImageViewTest.php" line="49" assertions="3" time="0.029337"/>
        <testcase name="test_image_author_attribution_string_with_url" class="Hyde\Framework\Testing\Unit\Views\FeaturedImageViewTest" classname="Hyde.Framework.Testing.Unit.Views.FeaturedImageViewTest" file="/home/runner/work/develop/develop/packages/framework/tests/Unit/Views/FeaturedImageViewTest.php" line="57" assertions="5" time="0.030902"/>
        <testcase name="test_copyright_string" class="Hyde\Framework\Testing\Unit\Views\FeaturedImageViewTest" classname="Hyde.Framework.Testing.Unit.Views.FeaturedImageViewTest" file="/home/runner/work/develop/develop/packages/framework/tests/Unit/Views/FeaturedImageViewTest.php" line="70" assertions="2" time="0.031319"/>
        <testcase name="test_copyright_string_inverse" class="Hyde\Framework\Testing\Unit\Views\FeaturedImageViewTest" classname="Hyde.Framework.Testing.Unit.Views.FeaturedImageViewTest" file="/home/runner/work/develop/develop/packages/framework/tests/Unit/Views/FeaturedImageViewTest.php" line="77" assertions="1" time="0.029091"/>
        <testcase name="test_license_string" class="Hyde\Framework\Testing\Unit\Views\FeaturedImageViewTest" classname="Hyde.Framework.Testing.Unit.Views.FeaturedImageViewTest" file="/home/runner/work/develop/develop/packages/framework/tests/Unit/Views/FeaturedImageViewTest.php" line="83" assertions="1" time="0.030475"/>
        <testcase name="test_license_string_with_url" class="Hyde\Framework\Testing\Unit\Views\FeaturedImageViewTest" classname="Hyde.Framework.Testing.Unit.Views.FeaturedImageViewTest" file="/home/runner/work/develop/develop/packages/framework/tests/Unit/Views/FeaturedImageViewTest.php" line="90" assertions="1" time="0.030663"/>
        <testcase name="test_license_string_inverse" class="Hyde\Framework\Testing\Unit\Views\FeaturedImageViewTest" classname="Hyde.Framework.Testing.Unit.Views.FeaturedImageViewTest" file="/home/runner/work/develop/develop/packages/framework/tests/Unit/Views/FeaturedImageViewTest.php" line="101" assertions="2" time="0.029450"/>
        <testcase name="test_license_string_inverse_with_url" class="Hyde\Framework\Testing\Unit\Views\FeaturedImageViewTest" classname="Hyde.Framework.Testing.Unit.Views.FeaturedImageViewTest" file="/home/runner/work/develop/develop/packages/framework/tests/Unit/Views/FeaturedImageViewTest.php" line="108" assertions="2" time="0.029107"/>
        <testcase name="test_fluent_attribution_logic_uses_rich_html_tags" class="Hyde\Framework\Testing\Unit\Views\FeaturedImageViewTest" classname="Hyde.Framework.Testing.Unit.Views.FeaturedImageViewTest" file="/home/runner/work/develop/develop/packages/framework/tests/Unit/Views/FeaturedImageViewTest.php" line="115" assertions="7" time="0.053591"/>
        <testcase name="test_fluent_attribution_logic_uses_rich_html_tags_1" class="Hyde\Framework\Testing\Unit\Views\FeaturedImageViewTest" classname="Hyde.Framework.Testing.Unit.Views.FeaturedImageViewTest" file="/home/runner/work/develop/develop/packages/framework/tests/Unit/Views/FeaturedImageViewTest.php" line="134" assertions="2" time="0.028381"/>
        <testcase name="test_fluent_attribution_logic_uses_rich_html_tags_2" class="Hyde\Framework\Testing\Unit\Views\FeaturedImageViewTest" classname="Hyde.Framework.Testing.Unit.Views.FeaturedImageViewTest" file="/home/runner/work/develop/develop/packages/framework/tests/Unit/Views/FeaturedImageViewTest.php" line="142" assertions="1" time="0.027744"/>
        <testcase name="test_fluent_attribution_logic_uses_rich_html_tags_3" class="Hyde\Framework\Testing\Unit\Views\FeaturedImageViewTest" classname="Hyde.Framework.Testing.Unit.Views.FeaturedImageViewTest" file="/home/runner/work/develop/develop/packages/framework/tests/Unit/Views/FeaturedImageViewTest.php" line="150" assertions="1" time="0.028998"/>
        <testcase name="test_fluent_attribution_logic_uses_rich_html_tags_4" class="Hyde\Framework\Testing\Unit\Views\FeaturedImageViewTest" classname="Hyde.Framework.Testing.Unit.Views.FeaturedImageViewTest" file="/home/runner/work/develop/develop/packages/framework/tests/Unit/Views/FeaturedImageViewTest.php" line="158" assertions="2" time="0.027820"/>
        <testcase name="test_fluent_attribution_logic_creates_fluent_messages1" class="Hyde\Framework\Testing\Unit\Views\FeaturedImageViewTest" classname="Hyde.Framework.Testing.Unit.Views.FeaturedImageViewTest" file="/home/runner/work/develop/develop/packages/framework/tests/Unit/Views/FeaturedImageViewTest.php" line="166" assertions="1" time="0.027815"/>
        <testcase name="test_fluent_attribution_logic_creates_fluent_messages2" class="Hyde\Framework\Testing\Unit\Views\FeaturedImageViewTest" classname="Hyde.Framework.Testing.Unit.Views.FeaturedImageViewTest" file="/home/runner/work/develop/develop/packages/framework/tests/Unit/Views/FeaturedImageViewTest.php" line="180" assertions="1" time="0.028710"/>
        <testcase name="test_fluent_attribution_logic_creates_fluent_messages3" class="Hyde\Framework\Testing\Unit\Views\FeaturedImageViewTest" classname="Hyde.Framework.Testing.Unit.Views.FeaturedImageViewTest" file="/home/runner/work/develop/develop/packages/framework/tests/Unit/Views/FeaturedImageViewTest.php" line="193" assertions="1" time="0.027883"/>
        <testcase name="test_fluent_attribution_logic_creates_fluent_messages4" class="Hyde\Framework\Testing\Unit\Views\FeaturedImageViewTest" classname="Hyde.Framework.Testing.Unit.Views.FeaturedImageViewTest" file="/home/runner/work/develop/develop/packages/framework/tests/Unit/Views/FeaturedImageViewTest.php" line="207" assertions="1" time="0.028201"/>
        <testcase name="test_fluent_attribution_logic_creates_fluent_messages5" class="Hyde\Framework\Testing\Unit\Views\FeaturedImageViewTest" classname="Hyde.Framework.Testing.Unit.Views.FeaturedImageViewTest" file="/home/runner/work/develop/develop/packages/framework/tests/Unit/Views/FeaturedImageViewTest.php" line="220" assertions="1" time="0.027085"/>
        <testcase name="test_fluent_attribution_logic_creates_fluent_messages6" class="Hyde\Framework\Testing\Unit\Views\FeaturedImageViewTest" classname="Hyde.Framework.Testing.Unit.Views.FeaturedImageViewTest" file="/home/runner/work/develop/develop/packages/framework/tests/Unit/Views/FeaturedImageViewTest.php" line="233" assertions="1" time="0.029677"/>
        <testcase name="test_fluent_attribution_logic_creates_fluent_messages7" class="Hyde\Framework\Testing\Unit\Views\FeaturedImageViewTest" classname="Hyde.Framework.Testing.Unit.Views.FeaturedImageViewTest" file="/home/runner/work/develop/develop/packages/framework/tests/Unit/Views/FeaturedImageViewTest.php" line="246" assertions="1" time="0.028513"/>
      </testsuite>
      <testsuite name="Hyde\Framework\Testing\Unit\Views\NavigationBrandViewTest" file="/home/runner/work/develop/develop/packages/framework/tests/Unit/Views/NavigationBrandViewTest.php" tests="2" assertions="3" errors="0" warnings="0" failures="0" skipped="0" time="0.068416">
        <testcase name="test_component_links_to_home_route" class="Hyde\Framework\Testing\Unit\Views\NavigationBrandViewTest" classname="Hyde.Framework.Testing.Unit.Views.NavigationBrandViewTest" file="/home/runner/work/develop/develop/packages/framework/tests/Unit/Views/NavigationBrandViewTest.php" line="28" assertions="1" time="0.032792"/>
        <testcase name="test_component_uses_site_name" class="Hyde\Framework\Testing\Unit\Views\NavigationBrandViewTest" classname="Hyde.Framework.Testing.Unit.Views.NavigationBrandViewTest" file="/home/runner/work/develop/develop/packages/framework/tests/Unit/Views/NavigationBrandViewTest.php" line="33" assertions="2" time="0.035623"/>
      </testsuite>
      <testsuite name="Hyde\Framework\Testing\Unit\Views\NavigationLinkViewTest" file="/home/runner/work/develop/develop/packages/framework/tests/Unit/Views/NavigationLinkViewTest.php" tests="4" assertions="4" errors="0" warnings="0" failures="0" skipped="0" time="0.120409">
        <testcase name="test_component_links_to_route_destination" class="Hyde\Framework\Testing\Unit\Views\NavigationLinkViewTest" classname="Hyde.Framework.Testing.Unit.Views.NavigationLinkViewTest" file="/home/runner/work/develop/develop/packages/framework/tests/Unit/Views/NavigationLinkViewTest.php" line="30" assertions="1" time="0.026693"/>
        <testcase name="test_component_uses_title" class="Hyde\Framework\Testing\Unit\Views\NavigationLinkViewTest" classname="Hyde.Framework.Testing.Unit.Views.NavigationLinkViewTest" file="/home/runner/work/develop/develop/packages/framework/tests/Unit/Views/NavigationLinkViewTest.php" line="35" assertions="1" time="0.027149"/>
        <testcase name="test_component_is_current_when_current_route_matches" class="Hyde\Framework\Testing\Unit\Views\NavigationLinkViewTest" classname="Hyde.Framework.Testing.Unit.Views.NavigationLinkViewTest" file="/home/runner/work/develop/develop/packages/framework/tests/Unit/Views/NavigationLinkViewTest.php" line="40" assertions="1" time="0.033814"/>
        <testcase name="test_component_has_aria_current_when_current_route_matches" class="Hyde\Framework\Testing\Unit\Views\NavigationLinkViewTest" classname="Hyde.Framework.Testing.Unit.Views.NavigationLinkViewTest" file="/home/runner/work/develop/develop/packages/framework/tests/Unit/Views/NavigationLinkViewTest.php" line="46" assertions="1" time="0.032753"/>
      </testsuite>
      <testsuite name="Hyde\Framework\Testing\Unit\Views\NavigationMenuViewTest" file="/home/runner/work/develop/develop/packages/framework/tests/Unit/Views/NavigationMenuViewTest.php" tests="8" assertions="8" errors="0" warnings="0" failures="0" skipped="0" time="0.299275">
        <testcase name="test_component_can_be_rendered" class="Hyde\Framework\Testing\Unit\Views\NavigationMenuViewTest" classname="Hyde.Framework.Testing.Unit.Views.NavigationMenuViewTest" file="/home/runner/work/develop/develop/packages/framework/tests/Unit/Views/NavigationMenuViewTest.php" line="27" assertions="1" time="0.034210"/>
        <testcase name="test_component_contains_dark_mode_button" class="Hyde\Framework\Testing\Unit\Views\NavigationMenuViewTest" classname="Hyde.Framework.Testing.Unit.Views.NavigationMenuViewTest" file="/home/runner/work/develop/develop/packages/framework/tests/Unit/Views/NavigationMenuViewTest.php" line="32" assertions="1" time="0.034510"/>
        <testcase name="test_component_contains_navigation_menu_toggle_button" class="Hyde\Framework\Testing\Unit\Views\NavigationMenuViewTest" classname="Hyde.Framework.Testing.Unit.Views.NavigationMenuViewTest" file="/home/runner/work/develop/develop/packages/framework/tests/Unit/Views/NavigationMenuViewTest.php" line="37" assertions="1" time="0.034573"/>
        <testcase name="test_component_contains_main_navigation_links" class="Hyde\Framework\Testing\Unit\Views\NavigationMenuViewTest" classname="Hyde.Framework.Testing.Unit.Views.NavigationMenuViewTest" file="/home/runner/work/develop/develop/packages/framework/tests/Unit/Views/NavigationMenuViewTest.php" line="42" assertions="1" time="0.035302"/>
        <testcase name="test_component_contains_index_html_link" class="Hyde\Framework\Testing\Unit\Views\NavigationMenuViewTest" classname="Hyde.Framework.Testing.Unit.Views.NavigationMenuViewTest" file="/home/runner/work/develop/develop/packages/framework/tests/Unit/Views/NavigationMenuViewTest.php" line="47" assertions="1" time="0.033665"/>
        <testcase name="test_component_not_contains_404_html_link" class="Hyde\Framework\Testing\Unit\Views\NavigationMenuViewTest" classname="Hyde.Framework.Testing.Unit.Views.NavigationMenuViewTest" file="/home/runner/work/develop/develop/packages/framework/tests/Unit/Views/NavigationMenuViewTest.php" line="52" assertions="1" time="0.033369"/>
        <testcase name="test_navigation_menu_label_can_be_changed_in_front_matter" class="Hyde\Framework\Testing\Unit\Views\NavigationMenuViewTest" classname="Hyde.Framework.Testing.Unit.Views.NavigationMenuViewTest" file="/home/runner/work/develop/develop/packages/framework/tests/Unit/Views/NavigationMenuViewTest.php" line="57" assertions="1" time="0.048540"/>
        <testcase name="test_navigation_menu_label_can_be_changed_in_blade_matter" class="Hyde\Framework\Testing\Unit\Views\NavigationMenuViewTest" classname="Hyde.Framework.Testing.Unit.Views.NavigationMenuViewTest" file="/home/runner/work/develop/develop/packages/framework/tests/Unit/Views/NavigationMenuViewTest.php" line="71" assertions="1" time="0.045106"/>
      </testsuite>
      <testsuite name="Hyde\Framework\Testing\Unit\Views\ScriptsComponentViewTest" file="/home/runner/work/develop/develop/packages/framework/tests/Unit/Views/ScriptsComponentViewTest.php" tests="5" assertions="7" errors="0" warnings="0" failures="0" skipped="0" time="0.161931">
        <testcase name="test_component_can_be_rendered" class="Hyde\Framework\Testing\Unit\Views\ScriptsComponentViewTest" classname="Hyde.Framework.Testing.Unit.Views.ScriptsComponentViewTest" file="/home/runner/work/develop/develop/packages/framework/tests/Unit/Views/ScriptsComponentViewTest.php" line="28" assertions="1" time="0.027980"/>
        <testcase name="test_component_has_link_to_app_js_file_when_it_exists" class="Hyde\Framework\Testing\Unit\Views\ScriptsComponentViewTest" classname="Hyde.Framework.Testing.Unit.Views.ScriptsComponentViewTest" file="/home/runner/work/develop/develop/packages/framework/tests/Unit/Views/ScriptsComponentViewTest.php" line="33" assertions="1" time="0.049679"/>
        <testcase name="test_component_does_not_render_link_to_app_js_when_it_does_not_exist" class="Hyde\Framework\Testing\Unit\Views\ScriptsComponentViewTest" classname="Hyde.Framework.Testing.Unit.Views.ScriptsComponentViewTest" file="/home/runner/work/develop/develop/packages/framework/tests/Unit/Views/ScriptsComponentViewTest.php" line="40" assertions="1" time="0.027416"/>
        <testcase name="test_component_uses_relative_path_to_app_js_file_for_nested_pages" class="Hyde\Framework\Testing\Unit\Views\ScriptsComponentViewTest" classname="Hyde.Framework.Testing.Unit.Views.ScriptsComponentViewTest" file="/home/runner/work/develop/develop/packages/framework/tests/Unit/Views/ScriptsComponentViewTest.php" line="45" assertions="3" time="0.029536"/>
        <testcase name="test_scripts_can_be_pushed_to_the_component_scripts_stack" class="Hyde\Framework\Testing\Unit\Views\ScriptsComponentViewTest" classname="Hyde.Framework.Testing.Unit.Views.ScriptsComponentViewTest" file="/home/runner/work/develop/develop/packages/framework/tests/Unit/Views/ScriptsComponentViewTest.php" line="58" assertions="1" time="0.027321"/>
      </testsuite>
      <testsuite name="Hyde\Framework\Testing\Unit\Views\StylesComponentViewTest" file="/home/runner/work/develop/develop/packages/framework/tests/Unit/Views/StylesComponentViewTest.php" tests="8" assertions="10" errors="0" warnings="0" failures="0" skipped="0" time="0.229694">
        <testcase name="test_component_can_be_rendered" class="Hyde\Framework\Testing\Unit\Views\StylesComponentViewTest" classname="Hyde.Framework.Testing.Unit.Views.StylesComponentViewTest" file="/home/runner/work/develop/develop/packages/framework/tests/Unit/Views/StylesComponentViewTest.php" line="29" assertions="1" time="0.026731"/>
        <testcase name="test_component_has_link_to_app_css_file" class="Hyde\Framework\Testing\Unit\Views\StylesComponentViewTest" classname="Hyde.Framework.Testing.Unit.Views.StylesComponentViewTest" file="/home/runner/work/develop/develop/packages/framework/tests/Unit/Views/StylesComponentViewTest.php" line="34" assertions="1" time="0.029897"/>
        <testcase name="test_component_uses_relative_path_to_app_css_file_for_nested_pages" class="Hyde\Framework\Testing\Unit\Views\StylesComponentViewTest" classname="Hyde.Framework.Testing.Unit.Views.StylesComponentViewTest" file="/home/runner/work/develop/develop/packages/framework/tests/Unit/Views/StylesComponentViewTest.php" line="39" assertions="3" time="0.028450"/>
        <testcase name="test_component_does_not_render_link_to_app_css_when_it_does_not_exist" class="Hyde\Framework\Testing\Unit\Views\StylesComponentViewTest" classname="Hyde.Framework.Testing.Unit.Views.StylesComponentViewTest" file="/home/runner/work/develop/develop/packages/framework/tests/Unit/Views/StylesComponentViewTest.php" line="50" assertions="1" time="0.027825"/>
        <testcase name="test_styles_can_be_pushed_to_the_component_styles_stack" class="Hyde\Framework\Testing\Unit\Views\StylesComponentViewTest" classname="Hyde.Framework.Testing.Unit.Views.StylesComponentViewTest" file="/home/runner/work/develop/develop/packages/framework/tests/Unit/Views/StylesComponentViewTest.php" line="57" assertions="1" time="0.028372"/>
        <testcase name="test_component_renders_app_cdn_link_when_enabled_in_config" class="Hyde\Framework\Testing\Unit\Views\StylesComponentViewTest" classname="Hyde.Framework.Testing.Unit.Views.StylesComponentViewTest" file="/home/runner/work/develop/develop/packages/framework/tests/Unit/Views/StylesComponentViewTest.php" line="72" assertions="1" time="0.027491"/>
        <testcase name="test_component_does_not_render_link_to_local_app_css_when_cdn_link_is_enabled_in_config" class="Hyde\Framework\Testing\Unit\Views\StylesComponentViewTest" classname="Hyde.Framework.Testing.Unit.Views.StylesComponentViewTest" file="/home/runner/work/develop/develop/packages/framework/tests/Unit/Views/StylesComponentViewTest.php" line="78" assertions="1" time="0.032741"/>
        <testcase name="test_component_does_not_render_cdn_link_when_a_local_file_exists" class="Hyde\Framework\Testing\Unit\Views\StylesComponentViewTest" classname="Hyde.Framework.Testing.Unit.Views.StylesComponentViewTest" file="/home/runner/work/develop/develop/packages/framework/tests/Unit/Views/StylesComponentViewTest.php" line="84" assertions="1" time="0.028188"/>
      </testsuite>
    </testsuite>
  </testsuite>
</testsuites>
