<?xml version="1.0" encoding="UTF-8"?>
<testsuites>
  <testsuite name="" tests="1771" assertions="3379" errors="0" warnings="0" failures="0" skipped="1" time="45.088222">
    <testsuite name="FeatureHyde" tests="6" assertions="17" errors="0" warnings="0" failures="0" skipped="0" time="0.277571">
      <testsuite name="Hyde\Testing\Hyde\Feature\DefaultContentTest" file="/home/runner/work/develop/develop/packages/hyde/tests/Feature/DefaultContentTest.php" tests="3" assertions="12" errors="0" warnings="0" failures="0" skipped="0" time="0.131459">
        <testcase name="test_default_pages_are_present" class="Hyde\Testing\Hyde\Feature\DefaultContentTest" classname="Hyde.Testing.Hyde.Feature.DefaultContentTest" file="/home/runner/work/develop/develop/packages/hyde/tests/Feature/DefaultContentTest.php" line="12" assertions="4" time="0.090883"/>
        <testcase name="test_default_compiled_stylesheet_is_present" class="Hyde\Testing\Hyde\Feature\DefaultContentTest" classname="Hyde.Testing.Hyde.Feature.DefaultContentTest" file="/home/runner/work/develop/develop/packages/hyde/tests/Feature/DefaultContentTest.php" line="28" assertions="2" time="0.020252"/>
        <testcase name="test_laravel_mix_resources_are_present" class="Hyde\Testing\Hyde\Feature\DefaultContentTest" classname="Hyde.Testing.Hyde.Feature.DefaultContentTest" file="/home/runner/work/develop/develop/packages/hyde/tests/Feature/DefaultContentTest.php" line="38" assertions="6" time="0.020323"/>
      </testsuite>
      <testsuite name="Hyde\Testing\Hyde\Feature\ExampleTest" file="/home/runner/work/develop/develop/packages/hyde/tests/Feature/ExampleTest.php" tests="1" assertions="1" errors="0" warnings="0" failures="0" skipped="0" time="0.019734">
        <testcase name="test_example" class="Hyde\Testing\Hyde\Feature\ExampleTest" classname="Hyde.Testing.Hyde.Feature.ExampleTest" file="/home/runner/work/develop/develop/packages/hyde/tests/Feature/ExampleTest.php" line="11" assertions="1" time="0.019734"/>
      </testsuite>
      <testsuite name="Hyde\Testing\Hyde\Feature\HydeCLITest" file="/home/runner/work/develop/develop/packages/hyde/tests/Feature/HydeCLITest.php" tests="1" assertions="2" errors="0" warnings="0" failures="0" skipped="0" time="0.064100">
        <testcase name="test_can_show_hyde_console" class="Hyde\Testing\Hyde\Feature\HydeCLITest" classname="Hyde.Testing.Hyde.Feature.HydeCLITest" file="/home/runner/work/develop/develop/packages/hyde/tests/Feature/HydeCLITest.php" line="11" assertions="2" time="0.064100"/>
      </testsuite>
      <testsuite name="Hyde\Testing\Hyde\Feature\StaticSiteBuilderTest" file="/home/runner/work/develop/develop/packages/hyde/tests/Feature/StaticSiteBuilderTest.php" tests="1" assertions="2" errors="0" warnings="0" failures="0" skipped="0" time="0.062279">
        <testcase name="test_can_build_static_site" class="Hyde\Testing\Hyde\Feature\StaticSiteBuilderTest" classname="Hyde.Testing.Hyde.Feature.StaticSiteBuilderTest" file="/home/runner/work/develop/develop/packages/hyde/tests/Feature/StaticSiteBuilderTest.php" line="13" assertions="2" time="0.062279"/>
      </testsuite>
    </testsuite>
    <testsuite name="FeatureFramework" tests="1233" assertions="2542" errors="0" warnings="0" failures="0" skipped="0" time="31.839286">
      <testsuite name="Hyde\Framework\Testing\Feature\Actions\AnonymousViewCompilerTest" file="/home/runner/work/develop/develop/packages/framework/tests/Feature/Actions/AnonymousViewCompilerTest.php" tests="3" assertions="4" errors="0" warnings="0" failures="0" skipped="0" time="0.066978">
        <testcase name="testCanCompileBladeFile" class="Hyde\Framework\Testing\Feature\Actions\AnonymousViewCompilerTest" classname="Hyde.Framework.Testing.Feature.Actions.AnonymousViewCompilerTest" file="/home/runner/work/develop/develop/packages/framework/tests/Feature/Actions/AnonymousViewCompilerTest.php" line="16" assertions="1" time="0.023527"/>
        <testcase name="testCanCompileBladeFileWithData" class="Hyde\Framework\Testing\Feature\Actions\AnonymousViewCompilerTest" classname="Hyde.Framework.Testing.Feature.Actions.AnonymousViewCompilerTest" file="/home/runner/work/develop/develop/packages/framework/tests/Feature/Actions/AnonymousViewCompilerTest.php" line="23" assertions="1" time="0.022023"/>
        <testcase name="testWithMissingView" class="Hyde\Framework\Testing\Feature\Actions\AnonymousViewCompilerTest" classname="Hyde.Framework.Testing.Feature.Actions.AnonymousViewCompilerTest" file="/home/runner/work/develop/develop/packages/framework/tests/Feature/Actions/AnonymousViewCompilerTest.php" line="30" assertions="2" time="0.021428"/>
      </testsuite>
      <testsuite name="Hyde\Framework\Testing\Feature\Actions\ConvertsMarkdownToPlainTextTest" file="/home/runner/work/develop/develop/packages/framework/tests/Feature/Actions/ConvertsMarkdownToPlainTextTest.php" tests="27" assertions="27" errors="0" warnings="0" failures="0" skipped="0" time="0.564572">
        <testcase name="testItRemovesHeadings" class="Hyde\Framework\Testing\Feature\Actions\ConvertsMarkdownToPlainTextTest" classname="Hyde.Framework.Testing.Feature.Actions.ConvertsMarkdownToPlainTextTest" file="/home/runner/work/develop/develop/packages/framework/tests/Feature/Actions/ConvertsMarkdownToPlainTextTest.php" line="15" assertions="1" time="0.021266"/>
        <testcase name="testItRemovesHeadingsAlternateSyntax" class="Hyde\Framework\Testing\Feature\Actions\ConvertsMarkdownToPlainTextTest" classname="Hyde.Framework.Testing.Feature.Actions.ConvertsMarkdownToPlainTextTest" file="/home/runner/work/develop/develop/packages/framework/tests/Feature/Actions/ConvertsMarkdownToPlainTextTest.php" line="38" assertions="1" time="0.020566"/>
        <testcase name="testItRemovesParagraphs" class="Hyde\Framework\Testing\Feature\Actions\ConvertsMarkdownToPlainTextTest" classname="Hyde.Framework.Testing.Feature.Actions.ConvertsMarkdownToPlainTextTest" file="/home/runner/work/develop/develop/packages/framework/tests/Feature/Actions/ConvertsMarkdownToPlainTextTest.php" line="58" assertions="1" time="0.020583"/>
        <testcase name="testItRemovesParagraphsMultiline" class="Hyde\Framework\Testing\Feature\Actions\ConvertsMarkdownToPlainTextTest" classname="Hyde.Framework.Testing.Feature.Actions.ConvertsMarkdownToPlainTextTest" file="/home/runner/work/develop/develop/packages/framework/tests/Feature/Actions/ConvertsMarkdownToPlainTextTest.php" line="75" assertions="1" time="0.020405"/>
        <testcase name="testItRemovesLinebreaks" class="Hyde\Framework\Testing\Feature\Actions\ConvertsMarkdownToPlainTextTest" classname="Hyde.Framework.Testing.Feature.Actions.ConvertsMarkdownToPlainTextTest" file="/home/runner/work/develop/develop/packages/framework/tests/Feature/Actions/ConvertsMarkdownToPlainTextTest.php" line="90" assertions="1" time="0.020404"/>
        <testcase name="testItRemovesBold" class="Hyde\Framework\Testing\Feature\Actions\ConvertsMarkdownToPlainTextTest" classname="Hyde.Framework.Testing.Feature.Actions.ConvertsMarkdownToPlainTextTest" file="/home/runner/work/develop/develop/packages/framework/tests/Feature/Actions/ConvertsMarkdownToPlainTextTest.php" line="111" assertions="1" time="0.020848"/>
        <testcase name="testItRemovesItalic" class="Hyde\Framework\Testing\Feature\Actions\ConvertsMarkdownToPlainTextTest" classname="Hyde.Framework.Testing.Feature.Actions.ConvertsMarkdownToPlainTextTest" file="/home/runner/work/develop/develop/packages/framework/tests/Feature/Actions/ConvertsMarkdownToPlainTextTest.php" line="128" assertions="1" time="0.026732"/>
        <testcase name="testItRemovesBoldAndItalic" class="Hyde\Framework\Testing\Feature\Actions\ConvertsMarkdownToPlainTextTest" classname="Hyde.Framework.Testing.Feature.Actions.ConvertsMarkdownToPlainTextTest" file="/home/runner/work/develop/develop/packages/framework/tests/Feature/Actions/ConvertsMarkdownToPlainTextTest.php" line="145" assertions="1" time="0.020603"/>
        <testcase name="testItRemovesBlockquotes" class="Hyde\Framework\Testing\Feature\Actions\ConvertsMarkdownToPlainTextTest" classname="Hyde.Framework.Testing.Feature.Actions.ConvertsMarkdownToPlainTextTest" file="/home/runner/work/develop/develop/packages/framework/tests/Feature/Actions/ConvertsMarkdownToPlainTextTest.php" line="166" assertions="1" time="0.020508"/>
        <testcase name="testItRemovesBlockquotesWithMultipleParagraphs" class="Hyde\Framework\Testing\Feature\Actions\ConvertsMarkdownToPlainTextTest" classname="Hyde.Framework.Testing.Feature.Actions.ConvertsMarkdownToPlainTextTest" file="/home/runner/work/develop/develop/packages/framework/tests/Feature/Actions/ConvertsMarkdownToPlainTextTest.php" line="179" assertions="1" time="0.020454"/>
        <testcase name="testItRemovesOrderedLists" class="Hyde\Framework\Testing\Feature\Actions\ConvertsMarkdownToPlainTextTest" classname="Hyde.Framework.Testing.Feature.Actions.ConvertsMarkdownToPlainTextTest" file="/home/runner/work/develop/develop/packages/framework/tests/Feature/Actions/ConvertsMarkdownToPlainTextTest.php" line="196" assertions="1" time="0.020577"/>
        <testcase name="testItRemovesUnorderedLists" class="Hyde\Framework\Testing\Feature\Actions\ConvertsMarkdownToPlainTextTest" classname="Hyde.Framework.Testing.Feature.Actions.ConvertsMarkdownToPlainTextTest" file="/home/runner/work/develop/develop/packages/framework/tests/Feature/Actions/ConvertsMarkdownToPlainTextTest.php" line="215" assertions="1" time="0.020655"/>
        <testcase name="testItRemovesCode" class="Hyde\Framework\Testing\Feature\Actions\ConvertsMarkdownToPlainTextTest" classname="Hyde.Framework.Testing.Feature.Actions.ConvertsMarkdownToPlainTextTest" file="/home/runner/work/develop/develop/packages/framework/tests/Feature/Actions/ConvertsMarkdownToPlainTextTest.php" line="246" assertions="1" time="0.020482"/>
        <testcase name="testItRemovesCodeBlocks" class="Hyde\Framework\Testing\Feature\Actions\ConvertsMarkdownToPlainTextTest" classname="Hyde.Framework.Testing.Feature.Actions.ConvertsMarkdownToPlainTextTest" file="/home/runner/work/develop/develop/packages/framework/tests/Feature/Actions/ConvertsMarkdownToPlainTextTest.php" line="259" assertions="1" time="0.020681"/>
        <testcase name="testItRemovesHorizontalRules" class="Hyde\Framework\Testing\Feature\Actions\ConvertsMarkdownToPlainTextTest" classname="Hyde.Framework.Testing.Feature.Actions.ConvertsMarkdownToPlainTextTest" file="/home/runner/work/develop/develop/packages/framework/tests/Feature/Actions/ConvertsMarkdownToPlainTextTest.php" line="272" assertions="1" time="0.020723"/>
        <testcase name="testItRemovesLinks" class="Hyde\Framework\Testing\Feature\Actions\ConvertsMarkdownToPlainTextTest" classname="Hyde.Framework.Testing.Feature.Actions.ConvertsMarkdownToPlainTextTest" file="/home/runner/work/develop/develop/packages/framework/tests/Feature/Actions/ConvertsMarkdownToPlainTextTest.php" line="289" assertions="1" time="0.020634"/>
        <testcase name="testItRemovesImages" class="Hyde\Framework\Testing\Feature\Actions\ConvertsMarkdownToPlainTextTest" classname="Hyde.Framework.Testing.Feature.Actions.ConvertsMarkdownToPlainTextTest" file="/home/runner/work/develop/develop/packages/framework/tests/Feature/Actions/ConvertsMarkdownToPlainTextTest.php" line="325" assertions="1" time="0.021835"/>
        <testcase name="testItRemovesLinkingImages" class="Hyde\Framework\Testing\Feature\Actions\ConvertsMarkdownToPlainTextTest" classname="Hyde.Framework.Testing.Feature.Actions.ConvertsMarkdownToPlainTextTest" file="/home/runner/work/develop/develop/packages/framework/tests/Feature/Actions/ConvertsMarkdownToPlainTextTest.php" line="340" assertions="1" time="0.020554"/>
        <testcase name="testItRemovesHtml" class="Hyde\Framework\Testing\Feature\Actions\ConvertsMarkdownToPlainTextTest" classname="Hyde.Framework.Testing.Feature.Actions.ConvertsMarkdownToPlainTextTest" file="/home/runner/work/develop/develop/packages/framework/tests/Feature/Actions/ConvertsMarkdownToPlainTextTest.php" line="353" assertions="1" time="0.020598"/>
        <testcase name="testItRemovesFootnotes" class="Hyde\Framework\Testing\Feature\Actions\ConvertsMarkdownToPlainTextTest" classname="Hyde.Framework.Testing.Feature.Actions.ConvertsMarkdownToPlainTextTest" file="/home/runner/work/develop/develop/packages/framework/tests/Feature/Actions/ConvertsMarkdownToPlainTextTest.php" line="380" assertions="1" time="0.021352"/>
        <testcase name="testItRemovesFootnotesAlternate" class="Hyde\Framework\Testing\Feature\Actions\ConvertsMarkdownToPlainTextTest" classname="Hyde.Framework.Testing.Feature.Actions.ConvertsMarkdownToPlainTextTest" file="/home/runner/work/develop/develop/packages/framework/tests/Feature/Actions/ConvertsMarkdownToPlainTextTest.php" line="397" assertions="1" time="0.020946"/>
        <testcase name="testItReplacesConsecutivelyOccurringNewlines" class="Hyde\Framework\Testing\Feature\Actions\ConvertsMarkdownToPlainTextTest" classname="Hyde.Framework.Testing.Feature.Actions.ConvertsMarkdownToPlainTextTest" file="/home/runner/work/develop/develop/packages/framework/tests/Feature/Actions/ConvertsMarkdownToPlainTextTest.php" line="414" assertions="1" time="0.020529"/>
        <testcase name="testItRemovesFencedCodeBlocks" class="Hyde\Framework\Testing\Feature\Actions\ConvertsMarkdownToPlainTextTest" classname="Hyde.Framework.Testing.Feature.Actions.ConvertsMarkdownToPlainTextTest" file="/home/runner/work/develop/develop/packages/framework/tests/Feature/Actions/ConvertsMarkdownToPlainTextTest.php" line="439" assertions="1" time="0.020512"/>
        <testcase name="testItRemovesFencedCodeBlocksAlternate" class="Hyde\Framework\Testing\Feature\Actions\ConvertsMarkdownToPlainTextTest" classname="Hyde.Framework.Testing.Feature.Actions.ConvertsMarkdownToPlainTextTest" file="/home/runner/work/develop/develop/packages/framework/tests/Feature/Actions/ConvertsMarkdownToPlainTextTest.php" line="455" assertions="1" time="0.020530"/>
        <testcase name="testItRemovesTables" class="Hyde\Framework\Testing\Feature\Actions\ConvertsMarkdownToPlainTextTest" classname="Hyde.Framework.Testing.Feature.Actions.ConvertsMarkdownToPlainTextTest" file="/home/runner/work/develop/develop/packages/framework/tests/Feature/Actions/ConvertsMarkdownToPlainTextTest.php" line="471" assertions="1" time="0.020549"/>
        <testcase name="testWithEmptyString" class="Hyde\Framework\Testing\Feature\Actions\ConvertsMarkdownToPlainTextTest" classname="Hyde.Framework.Testing.Feature.Actions.ConvertsMarkdownToPlainTextTest" file="/home/runner/work/develop/develop/packages/framework/tests/Feature/Actions/ConvertsMarkdownToPlainTextTest.php" line="490" assertions="1" time="0.020509"/>
        <testcase name="testWithOnlyEmptyLines" class="Hyde\Framework\Testing\Feature\Actions\ConvertsMarkdownToPlainTextTest" classname="Hyde.Framework.Testing.Feature.Actions.ConvertsMarkdownToPlainTextTest" file="/home/runner/work/develop/develop/packages/framework/tests/Feature/Actions/ConvertsMarkdownToPlainTextTest.php" line="495" assertions="1" time="0.020537"/>
      </testsuite>
      <testsuite name="Hyde\Framework\Testing\Feature\Actions\CreatesNewPageSourceFileTest" file="/home/runner/work/develop/develop/packages/framework/tests/Feature/Actions/CreatesNewPageSourceFileTest.php" tests="11" assertions="18" errors="0" warnings="0" failures="0" skipped="0" time="0.254136">
        <testcase name="test_class_can_be_instantiated" class="Hyde\Framework\Testing\Feature\Actions\CreatesNewPageSourceFileTest" classname="Hyde.Framework.Testing.Feature.Actions.CreatesNewPageSourceFileTest" file="/home/runner/work/develop/develop/packages/framework/tests/Feature/Actions/CreatesNewPageSourceFileTest.php" line="21" assertions="1" time="0.023080"/>
        <testcase name="test_that_an_exception_is_thrown_for_invalid_page_type" class="Hyde\Framework\Testing\Feature\Actions\CreatesNewPageSourceFileTest" classname="Hyde.Framework.Testing.Feature.Actions.CreatesNewPageSourceFileTest" file="/home/runner/work/develop/develop/packages/framework/tests/Feature/Actions/CreatesNewPageSourceFileTest.php" line="29" assertions="2" time="0.020294"/>
        <testcase name="test_that_an_exception_is_thrown_if_file_already_exists_and_overwrite_is_false" class="Hyde\Framework\Testing\Feature\Actions\CreatesNewPageSourceFileTest" classname="Hyde.Framework.Testing.Feature.Actions.CreatesNewPageSourceFileTest" file="/home/runner/work/develop/develop/packages/framework/tests/Feature/Actions/CreatesNewPageSourceFileTest.php" line="37" assertions="3" time="0.030356"/>
        <testcase name="test_that_can_save_file_returns_true_if_file_already_exists_and_overwrite_is_true" class="Hyde\Framework\Testing\Feature\Actions\CreatesNewPageSourceFileTest" classname="Hyde.Framework.Testing.Feature.Actions.CreatesNewPageSourceFileTest" file="/home/runner/work/develop/develop/packages/framework/tests/Feature/Actions/CreatesNewPageSourceFileTest.php" line="50" assertions="1" time="0.021407"/>
        <testcase name="test_that_a_markdown_file_can_be_created_and_contains_expected_content" class="Hyde\Framework\Testing\Feature\Actions\CreatesNewPageSourceFileTest" classname="Hyde.Framework.Testing.Feature.Actions.CreatesNewPageSourceFileTest" file="/home/runner/work/develop/develop/packages/framework/tests/Feature/Actions/CreatesNewPageSourceFileTest.php" line="59" assertions="2" time="0.021564"/>
        <testcase name="test_that_a_blade_file_can_be_created_and_contains_expected_content" class="Hyde\Framework\Testing\Feature\Actions\CreatesNewPageSourceFileTest" classname="Hyde.Framework.Testing.Feature.Actions.CreatesNewPageSourceFileTest" file="/home/runner/work/develop/develop/packages/framework/tests/Feature/Actions/CreatesNewPageSourceFileTest.php" line="73" assertions="2" time="0.021372"/>
        <testcase name="test_that_a_documentation_file_can_be_created_and_contains_expected_content" class="Hyde\Framework\Testing\Feature\Actions\CreatesNewPageSourceFileTest" classname="Hyde.Framework.Testing.Feature.Actions.CreatesNewPageSourceFileTest" file="/home/runner/work/develop/develop/packages/framework/tests/Feature/Actions/CreatesNewPageSourceFileTest.php" line="97" assertions="2" time="0.022915"/>
        <testcase name="test_that_the_file_path_can_be_returned" class="Hyde\Framework\Testing\Feature\Actions\CreatesNewPageSourceFileTest" classname="Hyde.Framework.Testing.Feature.Actions.CreatesNewPageSourceFileTest" file="/home/runner/work/develop/develop/packages/framework/tests/Feature/Actions/CreatesNewPageSourceFileTest.php" line="111" assertions="2" time="0.027672"/>
        <testcase name="test_file_is_created_using_slug_generated_from_title" class="Hyde\Framework\Testing\Feature\Actions\CreatesNewPageSourceFileTest" classname="Hyde.Framework.Testing.Feature.Actions.CreatesNewPageSourceFileTest" file="/home/runner/work/develop/develop/packages/framework/tests/Feature/Actions/CreatesNewPageSourceFileTest.php" line="127" assertions="1" time="0.021279"/>
        <testcase name="test_action_can_generate_nested_pages" class="Hyde\Framework\Testing\Feature\Actions\CreatesNewPageSourceFileTest" classname="Hyde.Framework.Testing.Feature.Actions.CreatesNewPageSourceFileTest" file="/home/runner/work/develop/develop/packages/framework/tests/Feature/Actions/CreatesNewPageSourceFileTest.php" line="134" assertions="1" time="0.022414"/>
        <testcase name="test_can_create_deeply_nested_pages" class="Hyde\Framework\Testing\Feature\Actions\CreatesNewPageSourceFileTest" classname="Hyde.Framework.Testing.Feature.Actions.CreatesNewPageSourceFileTest" file="/home/runner/work/develop/develop/packages/framework/tests/Feature/Actions/CreatesNewPageSourceFileTest.php" line="141" assertions="1" time="0.021784"/>
      </testsuite>
      <testsuite name="Hyde\Framework\Testing\Feature\Actions\GeneratesSidebarTableOfContentsTest" file="/home/runner/work/develop/develop/packages/framework/tests/Feature/Actions/GeneratesSidebarTableOfContentsTest.php" tests="2" assertions="5" errors="0" warnings="0" failures="0" skipped="0" time="0.072534">
        <testcase name="testCanGenerateTableOfContents" class="Hyde\Framework\Testing\Feature\Actions\GeneratesSidebarTableOfContentsTest" classname="Hyde.Framework.Testing.Feature.Actions.GeneratesSidebarTableOfContentsTest" file="/home/runner/work/develop/develop/packages/framework/tests/Feature/Actions/GeneratesSidebarTableOfContentsTest.php" line="15" assertions="4" time="0.049595"/>
        <testcase name="testReturnStringContainsExpectedContent" class="Hyde\Framework\Testing\Feature\Actions\GeneratesSidebarTableOfContentsTest" classname="Hyde.Framework.Testing.Feature.Actions.GeneratesSidebarTableOfContentsTest" file="/home/runner/work/develop/develop/packages/framework/tests/Feature/Actions/GeneratesSidebarTableOfContentsTest.php" line="26" assertions="1" time="0.022940"/>
      </testsuite>
      <testsuite name="Hyde\Framework\Testing\Feature\AssetServiceTest" file="/home/runner/work/develop/develop/packages/framework/tests/Feature/AssetServiceTest.php" tests="8" assertions="17" errors="0" warnings="0" failures="0" skipped="0" time="0.166628">
        <testcase name="test_has_version_string" class="Hyde\Framework\Testing\Feature\AssetServiceTest" classname="Hyde.Framework.Testing.Feature.AssetServiceTest" file="/home/runner/work/develop/develop/packages/framework/tests/Feature/AssetServiceTest.php" line="16" assertions="1" time="0.020489"/>
        <testcase name="test_can_change_version" class="Hyde\Framework\Testing\Feature\AssetServiceTest" classname="Hyde.Framework.Testing.Feature.AssetServiceTest" file="/home/runner/work/develop/develop/packages/framework/tests/Feature/AssetServiceTest.php" line="22" assertions="1" time="0.020112"/>
        <testcase name="test_version_method_returns_version_property_when_config_override_is_not_set" class="Hyde\Framework\Testing\Feature\AssetServiceTest" classname="Hyde.Framework.Testing.Feature.AssetServiceTest" file="/home/runner/work/develop/develop/packages/framework/tests/Feature/AssetServiceTest.php" line="29" assertions="1" time="0.020634"/>
        <testcase name="test_cdn_path_constructor_returns_cdn_uri" class="Hyde\Framework\Testing\Feature\AssetServiceTest" classname="Hyde.Framework.Testing.Feature.AssetServiceTest" file="/home/runner/work/develop/develop/packages/framework/tests/Feature/AssetServiceTest.php" line="35" assertions="2" time="0.020530"/>
        <testcase name="test_media_link_returns_media_path_with_cache_key" class="Hyde\Framework\Testing\Feature\AssetServiceTest" classname="Hyde.Framework.Testing.Feature.AssetServiceTest" file="/home/runner/work/develop/develop/packages/framework/tests/Feature/AssetServiceTest.php" line="42" assertions="2" time="0.021077"/>
        <testcase name="test_media_link_returns_media_path_without_cache_key_if_cache_busting_is_disabled" class="Hyde\Framework\Testing\Feature\AssetServiceTest" classname="Hyde.Framework.Testing.Feature.AssetServiceTest" file="/home/runner/work/develop/develop/packages/framework/tests/Feature/AssetServiceTest.php" line="49" assertions="2" time="0.020738"/>
        <testcase name="test_media_link_supports_custom_media_directories" class="Hyde\Framework\Testing\Feature\AssetServiceTest" classname="Hyde.Framework.Testing.Feature.AssetServiceTest" file="/home/runner/work/develop/develop/packages/framework/tests/Feature/AssetServiceTest.php" line="57" assertions="2" time="0.022040"/>
        <testcase name="test_inject_tailwind_config_returns_extracted_tailwind_config" class="Hyde\Framework\Testing\Feature\AssetServiceTest" classname="Hyde.Framework.Testing.Feature.AssetServiceTest" file="/home/runner/work/develop/develop/packages/framework/tests/Feature/AssetServiceTest.php" line="68" assertions="6" time="0.021008"/>
      </testsuite>
      <testsuite name="Hyde\Framework\Testing\Feature\AuthorPostsIntegrationTest" file="/home/runner/work/develop/develop/packages/framework/tests/Feature/AuthorPostsIntegrationTest.php" tests="3" assertions="15" errors="0" warnings="0" failures="0" skipped="0" time="0.164074">
        <testcase name="test_create_post_with_undefined_author" class="Hyde\Framework\Testing\Feature\AuthorPostsIntegrationTest" classname="Hyde.Framework.Testing.Feature.AuthorPostsIntegrationTest" file="/home/runner/work/develop/develop/packages/framework/tests/Feature/AuthorPostsIntegrationTest.php" line="35" assertions="4" time="0.076260"/>
        <testcase name="test_create_post_with_defined_author_with_name" class="Hyde\Framework\Testing\Feature\AuthorPostsIntegrationTest" classname="Hyde.Framework.Testing.Feature.AuthorPostsIntegrationTest" file="/home/runner/work/develop/develop/packages/framework/tests/Feature/AuthorPostsIntegrationTest.php" line="68" assertions="5" time="0.044089"/>
        <testcase name="test_create_post_with_defined_author_with_website" class="Hyde\Framework\Testing\Feature\AuthorPostsIntegrationTest" classname="Hyde.Framework.Testing.Feature.AuthorPostsIntegrationTest" file="/home/runner/work/develop/develop/packages/framework/tests/Feature/AuthorPostsIntegrationTest.php" line="106" assertions="6" time="0.043725"/>
      </testsuite>
      <testsuite name="Hyde\Framework\Testing\Feature\BladeMatterParserTest" file="/home/runner/work/develop/develop/packages/framework/tests/Feature/BladeMatterParserTest.php" tests="15" assertions="38" errors="0" warnings="0" failures="0" skipped="0" time="0.321955">
        <testcase name="test_can_parse_front_matter" class="Hyde\Framework\Testing\Feature\BladeMatterParserTest" classname="Hyde.Framework.Testing.Feature.BladeMatterParserTest" file="/home/runner/work/develop/develop/packages/framework/tests/Feature/BladeMatterParserTest.php" line="16" assertions="1" time="0.023204"/>
        <testcase name="test_parse_string_helper_method" class="Hyde\Framework\Testing\Feature\BladeMatterParserTest" classname="Hyde.Framework.Testing.Feature.BladeMatterParserTest" file="/home/runner/work/develop/develop/packages/framework/tests/Feature/BladeMatterParserTest.php" line="23" assertions="1" time="0.020738"/>
        <testcase name="test_parse_file_helper_method" class="Hyde\Framework\Testing\Feature\BladeMatterParserTest" classname="Hyde.Framework.Testing.Feature.BladeMatterParserTest" file="/home/runner/work/develop/develop/packages/framework/tests/Feature/BladeMatterParserTest.php" line="31" assertions="1" time="0.021437"/>
        <testcase name="test_can_parse_multiple_front_matter_lines" class="Hyde\Framework\Testing\Feature\BladeMatterParserTest" classname="Hyde.Framework.Testing.Feature.BladeMatterParserTest" file="/home/runner/work/develop/develop/packages/framework/tests/Feature/BladeMatterParserTest.php" line="40" assertions="1" time="0.021183"/>
        <testcase name="test_can_parse_front_matter_with_various_formats" class="Hyde\Framework\Testing\Feature\BladeMatterParserTest" classname="Hyde.Framework.Testing.Feature.BladeMatterParserTest" file="/home/runner/work/develop/develop/packages/framework/tests/Feature/BladeMatterParserTest.php" line="50" assertions="4" time="0.021158"/>
        <testcase name="test_can_parse_front_matter_with_array" class="Hyde\Framework\Testing\Feature\BladeMatterParserTest" classname="Hyde.Framework.Testing.Feature.BladeMatterParserTest" file="/home/runner/work/develop/develop/packages/framework/tests/Feature/BladeMatterParserTest.php" line="64" assertions="1" time="0.020906"/>
        <testcase name="test_line_matches_front_matter" class="Hyde\Framework\Testing\Feature\BladeMatterParserTest" classname="Hyde.Framework.Testing.Feature.BladeMatterParserTest" file="/home/runner/work/develop/develop/packages/framework/tests/Feature/BladeMatterParserTest.php" line="70" assertions="2" time="0.020794"/>
        <testcase name="test_directive_cannot_have_leading_whitespace" class="Hyde\Framework\Testing\Feature\BladeMatterParserTest" classname="Hyde.Framework.Testing.Feature.BladeMatterParserTest" file="/home/runner/work/develop/develop/packages/framework/tests/Feature/BladeMatterParserTest.php" line="76" assertions="1" time="0.020710"/>
        <testcase name="test_directive_signature_cannot_contain_whitespace" class="Hyde\Framework\Testing\Feature\BladeMatterParserTest" classname="Hyde.Framework.Testing.Feature.BladeMatterParserTest" file="/home/runner/work/develop/develop/packages/framework/tests/Feature/BladeMatterParserTest.php" line="81" assertions="3" time="0.020628"/>
        <testcase name="test_extract_key" class="Hyde\Framework\Testing\Feature\BladeMatterParserTest" classname="Hyde.Framework.Testing.Feature.BladeMatterParserTest" file="/home/runner/work/develop/develop/packages/framework/tests/Feature/BladeMatterParserTest.php" line="88" assertions="1" time="0.020672"/>
        <testcase name="test_extract_value" class="Hyde\Framework\Testing\Feature\BladeMatterParserTest" classname="Hyde.Framework.Testing.Feature.BladeMatterParserTest" file="/home/runner/work/develop/develop/packages/framework/tests/Feature/BladeMatterParserTest.php" line="93" assertions="1" time="0.027337"/>
        <testcase name="test_get_value_with_type" class="Hyde\Framework\Testing\Feature\BladeMatterParserTest" classname="Hyde.Framework.Testing.Feature.BladeMatterParserTest" file="/home/runner/work/develop/develop/packages/framework/tests/Feature/BladeMatterParserTest.php" line="98" assertions="11" time="0.020951"/>
        <testcase name="test_parse_array_string" class="Hyde\Framework\Testing\Feature\BladeMatterParserTest" classname="Hyde.Framework.Testing.Feature.BladeMatterParserTest" file="/home/runner/work/develop/develop/packages/framework/tests/Feature/BladeMatterParserTest.php" line="113" assertions="8" time="0.020884"/>
        <testcase name="test_parse_invalid_array_string" class="Hyde\Framework\Testing\Feature\BladeMatterParserTest" classname="Hyde.Framework.Testing.Feature.BladeMatterParserTest" file="/home/runner/work/develop/develop/packages/framework/tests/Feature/BladeMatterParserTest.php" line="126" assertions="1" time="0.020679"/>
        <testcase name="test_parse_multidimensional_array_string" class="Hyde\Framework\Testing\Feature\BladeMatterParserTest" classname="Hyde.Framework.Testing.Feature.BladeMatterParserTest" file="/home/runner/work/develop/develop/packages/framework/tests/Feature/BladeMatterParserTest.php" line="132" assertions="1" time="0.020675"/>
      </testsuite>
      <testsuite name="Hyde\Framework\Testing\Feature\ColoredBlockquoteShortcodesTest" file="/home/runner/work/develop/develop/packages/framework/tests/Feature/ColoredBlockquoteShortcodesTest.php" tests="3" assertions="4" errors="0" warnings="0" failures="0" skipped="0" time="0.064335">
        <testcase name="test_resolve_method" class="Hyde\Framework\Testing\Feature\ColoredBlockquoteShortcodesTest" classname="Hyde.Framework.Testing.Feature.ColoredBlockquoteShortcodesTest" file="/home/runner/work/develop/develop/packages/framework/tests/Feature/ColoredBlockquoteShortcodesTest.php" line="17" assertions="1" time="0.021132"/>
        <testcase name="test_get_method" class="Hyde\Framework\Testing\Feature\ColoredBlockquoteShortcodesTest" classname="Hyde.Framework.Testing.Feature.ColoredBlockquoteShortcodesTest" file="/home/runner/work/develop/develop/packages/framework/tests/Feature/ColoredBlockquoteShortcodesTest.php" line="23" assertions="2" time="0.020982"/>
        <testcase name="test_can_use_markdown_within_blockquote" class="Hyde\Framework\Testing\Feature\ColoredBlockquoteShortcodesTest" classname="Hyde.Framework.Testing.Feature.ColoredBlockquoteShortcodesTest" file="/home/runner/work/develop/develop/packages/framework/tests/Feature/ColoredBlockquoteShortcodesTest.php" line="30" assertions="1" time="0.022221"/>
      </testsuite>
      <testsuite name="Hyde\Framework\Testing\Feature\CommandTest" file="/home/runner/work/develop/develop/packages/framework/tests/Feature/CommandTest.php" tests="12" assertions="14" errors="0" warnings="0" failures="0" skipped="0" time="0.264419">
        <testcase name="test_create_clickable_filepath_creates_link_for_existing_file" class="Hyde\Framework\Testing\Feature\CommandTest" classname="Hyde.Framework.Testing.Feature.CommandTest" file="/home/runner/work/develop/develop/packages/framework/tests/Feature/CommandTest.php" line="20" assertions="1" time="0.020626"/>
        <testcase name="test_create_clickable_filepath_creates_link_for_non_existing_file" class="Hyde\Framework\Testing\Feature\CommandTest" classname="Hyde.Framework.Testing.Feature.CommandTest" file="/home/runner/work/develop/develop/packages/framework/tests/Feature/CommandTest.php" line="30" assertions="1" time="0.021041"/>
        <testcase name="testInfoComment" class="Hyde\Framework\Testing\Feature\CommandTest" classname="Hyde.Framework.Testing.Feature.CommandTest" file="/home/runner/work/develop/develop/packages/framework/tests/Feature/CommandTest.php" line="38" assertions="1" time="0.026288"/>
        <testcase name="testInfoCommentWithExtraInfo" class="Hyde\Framework\Testing\Feature\CommandTest" classname="Hyde.Framework.Testing.Feature.CommandTest" file="/home/runner/work/develop/develop/packages/framework/tests/Feature/CommandTest.php" line="54" assertions="1" time="0.021039"/>
        <testcase name="testInfoCommentWithExtraInfoAndComments" class="Hyde\Framework\Testing\Feature\CommandTest" classname="Hyde.Framework.Testing.Feature.CommandTest" file="/home/runner/work/develop/develop/packages/framework/tests/Feature/CommandTest.php" line="70" assertions="1" time="0.021030"/>
        <testcase name="testGray" class="Hyde\Framework\Testing\Feature\CommandTest" classname="Hyde.Framework.Testing.Feature.CommandTest" file="/home/runner/work/develop/develop/packages/framework/tests/Feature/CommandTest.php" line="86" assertions="1" time="0.021623"/>
        <testcase name="testInlineGray" class="Hyde\Framework\Testing\Feature\CommandTest" classname="Hyde.Framework.Testing.Feature.CommandTest" file="/home/runner/work/develop/develop/packages/framework/tests/Feature/CommandTest.php" line="102" assertions="1" time="0.020676"/>
        <testcase name="testIndentedLine" class="Hyde\Framework\Testing\Feature\CommandTest" classname="Hyde.Framework.Testing.Feature.CommandTest" file="/home/runner/work/develop/develop/packages/framework/tests/Feature/CommandTest.php" line="112" assertions="1" time="0.021017"/>
        <testcase name="testHandleCallsBaseSafeHandle" class="Hyde\Framework\Testing\Feature\CommandTest" classname="Hyde.Framework.Testing.Feature.CommandTest" file="/home/runner/work/develop/develop/packages/framework/tests/Feature/CommandTest.php" line="128" assertions="1" time="0.020708"/>
        <testcase name="testHandleCallsChildSafeHandle" class="Hyde\Framework\Testing\Feature\CommandTest" classname="Hyde.Framework.Testing.Feature.CommandTest" file="/home/runner/work/develop/develop/packages/framework/tests/Feature/CommandTest.php" line="133" assertions="1" time="0.020731"/>
        <testcase name="testSafeHandleException" class="Hyde\Framework\Testing\Feature\CommandTest" classname="Hyde.Framework.Testing.Feature.CommandTest" file="/home/runner/work/develop/develop/packages/framework/tests/Feature/CommandTest.php" line="138" assertions="2" time="0.027403"/>
        <testcase name="testCanEnableThrowOnException" class="Hyde\Framework\Testing\Feature\CommandTest" classname="Hyde.Framework.Testing.Feature.CommandTest" file="/home/runner/work/develop/develop/packages/framework/tests/Feature/CommandTest.php" line="152" assertions="2" time="0.022239"/>
      </testsuite>
      <testsuite name="Hyde\Framework\Testing\Feature\Commands\BuildRssFeedCommandTest" file="/home/runner/work/develop/develop/packages/framework/tests/Feature/Commands/BuildRssFeedCommandTest.php" tests="2" assertions="8" errors="0" warnings="0" failures="0" skipped="0" time="0.063981">
        <testcase name="test_rss_feed_is_generated_when_conditions_are_met" class="Hyde\Framework\Testing\Feature\Commands\BuildRssFeedCommandTest" classname="Hyde.Framework.Testing.Feature.Commands.BuildRssFeedCommandTest" file="/home/runner/work/develop/develop/packages/framework/tests/Feature/Commands/BuildRssFeedCommandTest.php" line="16" assertions="3" time="0.032288"/>
        <testcase name="test_rss_filename_can_be_changed" class="Hyde\Framework\Testing\Feature\Commands\BuildRssFeedCommandTest" classname="Hyde.Framework.Testing.Feature.Commands.BuildRssFeedCommandTest" file="/home/runner/work/develop/develop/packages/framework/tests/Feature/Commands/BuildRssFeedCommandTest.php" line="29" assertions="5" time="0.031694"/>
      </testsuite>
      <testsuite name="Hyde\Framework\Testing\Feature\Commands\BuildSearchCommandTest" file="/home/runner/work/develop/develop/packages/framework/tests/Feature/Commands/BuildSearchCommandTest.php" tests="8" assertions="22" errors="0" warnings="0" failures="0" skipped="0" time="0.354138">
        <testcase name="test_it_creates_the_search_json_file" class="Hyde\Framework\Testing\Feature\Commands\BuildSearchCommandTest" classname="Hyde.Framework.Testing.Feature.Commands.BuildSearchCommandTest" file="/home/runner/work/develop/develop/packages/framework/tests/Feature/Commands/BuildSearchCommandTest.php" line="20" assertions="3" time="0.065921"/>
        <testcase name="test_it_creates_the_search_page" class="Hyde\Framework\Testing\Feature\Commands\BuildSearchCommandTest" classname="Hyde.Framework.Testing.Feature.Commands.BuildSearchCommandTest" file="/home/runner/work/develop/develop/packages/framework/tests/Feature/Commands/BuildSearchCommandTest.php" line="31" assertions="3" time="0.043925"/>
        <testcase name="test_it_does_not_create_the_search_page_if_disabled" class="Hyde\Framework\Testing\Feature\Commands\BuildSearchCommandTest" classname="Hyde.Framework.Testing.Feature.Commands.BuildSearchCommandTest" file="/home/runner/work/develop/develop/packages/framework/tests/Feature/Commands/BuildSearchCommandTest.php" line="42" assertions="2" time="0.030652"/>
        <testcase name="test_it_does_not_display_the_estimation_message_when_it_is_less_than_1_second" class="Hyde\Framework\Testing\Feature\Commands\BuildSearchCommandTest" classname="Hyde.Framework.Testing.Feature.Commands.BuildSearchCommandTest" file="/home/runner/work/develop/develop/packages/framework/tests/Feature/Commands/BuildSearchCommandTest.php" line="52" assertions="2" time="0.042469"/>
        <testcase name="test_search_files_can_be_generated_for_custom_docs_output_directory" class="Hyde\Framework\Testing\Feature\Commands\BuildSearchCommandTest" classname="Hyde.Framework.Testing.Feature.Commands.BuildSearchCommandTest" file="/home/runner/work/develop/develop/packages/framework/tests/Feature/Commands/BuildSearchCommandTest.php" line="62" assertions="3" time="0.042727"/>
        <testcase name="test_search_files_can_be_generated_for_custom_site_output_directory" class="Hyde\Framework\Testing\Feature\Commands\BuildSearchCommandTest" classname="Hyde.Framework.Testing.Feature.Commands.BuildSearchCommandTest" file="/home/runner/work/develop/develop/packages/framework/tests/Feature/Commands/BuildSearchCommandTest.php" line="73" assertions="3" time="0.042791"/>
        <testcase name="test_search_files_can_be_generated_for_custom_site_and_docs_output_directories" class="Hyde\Framework\Testing\Feature\Commands\BuildSearchCommandTest" classname="Hyde.Framework.Testing.Feature.Commands.BuildSearchCommandTest" file="/home/runner/work/develop/develop/packages/framework/tests/Feature/Commands/BuildSearchCommandTest.php" line="84" assertions="3" time="0.042780"/>
        <testcase name="test_search_files_can_be_generated_for_custom_site_and_nested_docs_output_directories" class="Hyde\Framework\Testing\Feature\Commands\BuildSearchCommandTest" classname="Hyde.Framework.Testing.Feature.Commands.BuildSearchCommandTest" file="/home/runner/work/develop/develop/packages/framework/tests/Feature/Commands/BuildSearchCommandTest.php" line="96" assertions="3" time="0.042873"/>
      </testsuite>
      <testsuite name="Hyde\Framework\Testing\Feature\Commands\BuildSitemapCommandTest" file="/home/runner/work/develop/develop/packages/framework/tests/Feature/Commands/BuildSitemapCommandTest.php" tests="1" assertions="3" errors="0" warnings="0" failures="0" skipped="0" time="0.029233">
        <testcase name="test_sitemap_is_generated_when_conditions_are_met" class="Hyde\Framework\Testing\Feature\Commands\BuildSitemapCommandTest" classname="Hyde.Framework.Testing.Feature.Commands.BuildSitemapCommandTest" file="/home/runner/work/develop/develop/packages/framework/tests/Feature/Commands/BuildSitemapCommandTest.php" line="16" assertions="3" time="0.029233"/>
      </testsuite>
      <testsuite name="Hyde\Framework\Testing\Feature\Commands\ChangeSourceDirectoryCommandTest" file="/home/runner/work/develop/develop/packages/framework/tests/Feature/Commands/ChangeSourceDirectoryCommandTest.php" tests="6" assertions="38" errors="0" warnings="0" failures="0" skipped="0" time="0.170099">
        <testcase name="test_command_moves_source_directories_to_new_supplied_directory_and_updates_the_configuration_file" class="Hyde\Framework\Testing\Feature\Commands\ChangeSourceDirectoryCommandTest" classname="Hyde.Framework.Testing.Feature.Commands.ChangeSourceDirectoryCommandTest" file="/home/runner/work/develop/develop/packages/framework/tests/Feature/Commands/ChangeSourceDirectoryCommandTest.php" line="16" assertions="15" time="0.028882"/>
        <testcase name="test_with_missing_config_search_string" class="Hyde\Framework\Testing\Feature\Commands\ChangeSourceDirectoryCommandTest" classname="Hyde.Framework.Testing.Feature.Commands.ChangeSourceDirectoryCommandTest" file="/home/runner/work/develop/develop/packages/framework/tests/Feature/Commands/ChangeSourceDirectoryCommandTest.php" line="54" assertions="15" time="0.030577"/>
        <testcase name="test_with_name_matching_current_value" class="Hyde\Framework\Testing\Feature\Commands\ChangeSourceDirectoryCommandTest" classname="Hyde.Framework.Testing.Feature.Commands.ChangeSourceDirectoryCommandTest" file="/home/runner/work/develop/develop/packages/framework/tests/Feature/Commands/ChangeSourceDirectoryCommandTest.php" line="93" assertions="2" time="0.024019"/>
        <testcase name="test_with_existing_directory" class="Hyde\Framework\Testing\Feature\Commands\ChangeSourceDirectoryCommandTest" classname="Hyde.Framework.Testing.Feature.Commands.ChangeSourceDirectoryCommandTest" file="/home/runner/work/develop/develop/packages/framework/tests/Feature/Commands/ChangeSourceDirectoryCommandTest.php" line="100" assertions="2" time="0.033509"/>
        <testcase name="test_with_target_containing_subdirectory_file" class="Hyde\Framework\Testing\Feature\Commands\ChangeSourceDirectoryCommandTest" classname="Hyde.Framework.Testing.Feature.Commands.ChangeSourceDirectoryCommandTest" file="/home/runner/work/develop/develop/packages/framework/tests/Feature/Commands/ChangeSourceDirectoryCommandTest.php" line="111" assertions="2" time="0.026113"/>
        <testcase name="test_with_target_being_file" class="Hyde\Framework\Testing\Feature\Commands\ChangeSourceDirectoryCommandTest" classname="Hyde.Framework.Testing.Feature.Commands.ChangeSourceDirectoryCommandTest" file="/home/runner/work/develop/develop/packages/framework/tests/Feature/Commands/ChangeSourceDirectoryCommandTest.php" line="121" assertions="2" time="0.026999"/>
      </testsuite>
      <testsuite name="Hyde\Framework\Testing\Feature\Commands\DebugCommandTest" file="/home/runner/work/develop/develop/packages/framework/tests/Feature/Commands/DebugCommandTest.php" tests="3" assertions="15" errors="0" warnings="0" failures="0" skipped="0" time="0.109885">
        <testcase name="test_debug_command_can_run" class="Hyde\Framework\Testing\Feature\Commands\DebugCommandTest" classname="Hyde.Framework.Testing.Feature.Commands.DebugCommandTest" file="/home/runner/work/develop/develop/packages/framework/tests/Feature/Commands/DebugCommandTest.php" line="14" assertions="1" time="0.036514"/>
        <testcase name="test_it_prints_debug_information" class="Hyde\Framework\Testing\Feature\Commands\DebugCommandTest" classname="Hyde.Framework.Testing.Feature.Commands.DebugCommandTest" file="/home/runner/work/develop/develop/packages/framework/tests/Feature/Commands/DebugCommandTest.php" line="19" assertions="8" time="0.036860"/>
        <testcase name="test_it_prints_verbose_debug_information" class="Hyde\Framework\Testing\Feature\Commands\DebugCommandTest" classname="Hyde.Framework.Testing.Feature.Commands.DebugCommandTest" file="/home/runner/work/develop/develop/packages/framework/tests/Feature/Commands/DebugCommandTest.php" line="32" assertions="6" time="0.036511"/>
      </testsuite>
      <testsuite name="Hyde\Framework\Testing\Feature\Commands\MakePageCommandTest" file="/home/runner/work/develop/develop/packages/framework/tests/Feature/Commands/MakePageCommandTest.php" tests="14" assertions="34" errors="0" warnings="0" failures="0" skipped="0" time="0.371671">
        <testcase name="test_command_can_run" class="Hyde\Framework\Testing\Feature\Commands\MakePageCommandTest" classname="Hyde.Framework.Testing.Feature.Commands.MakePageCommandTest" file="/home/runner/work/develop/develop/packages/framework/tests/Feature/Commands/MakePageCommandTest.php" line="41" assertions="1" time="0.025958"/>
        <testcase name="test_command_output" class="Hyde\Framework\Testing\Feature\Commands\MakePageCommandTest" classname="Hyde.Framework.Testing.Feature.Commands.MakePageCommandTest" file="/home/runner/work/develop/develop/packages/framework/tests/Feature/Commands/MakePageCommandTest.php" line="46" assertions="3" time="0.026393"/>
        <testcase name="test_command_allows_user_to_specify_page_type" class="Hyde\Framework\Testing\Feature\Commands\MakePageCommandTest" classname="Hyde.Framework.Testing.Feature.Commands.MakePageCommandTest" file="/home/runner/work/develop/develop/packages/framework/tests/Feature/Commands/MakePageCommandTest.php" line="54" assertions="2" time="0.029247"/>
        <testcase name="test_type_option_is_case_insensitive" class="Hyde\Framework\Testing\Feature\Commands\MakePageCommandTest" classname="Hyde.Framework.Testing.Feature.Commands.MakePageCommandTest" file="/home/runner/work/develop/develop/packages/framework/tests/Feature/Commands/MakePageCommandTest.php" line="60" assertions="2" time="0.029437"/>
        <testcase name="test_command_fails_if_user_specifies_invalid_page_type" class="Hyde\Framework\Testing\Feature\Commands\MakePageCommandTest" classname="Hyde.Framework.Testing.Feature.Commands.MakePageCommandTest" file="/home/runner/work/develop/develop/packages/framework/tests/Feature/Commands/MakePageCommandTest.php" line="66" assertions="3" time="0.025429"/>
        <testcase name="test_command_creates_markdown_file" class="Hyde\Framework\Testing\Feature\Commands\MakePageCommandTest" classname="Hyde.Framework.Testing.Feature.Commands.MakePageCommandTest" file="/home/runner/work/develop/develop/packages/framework/tests/Feature/Commands/MakePageCommandTest.php" line="74" assertions="2" time="0.025882"/>
        <testcase name="test_command_creates_blade_file" class="Hyde\Framework\Testing\Feature\Commands\MakePageCommandTest" classname="Hyde.Framework.Testing.Feature.Commands.MakePageCommandTest" file="/home/runner/work/develop/develop/packages/framework/tests/Feature/Commands/MakePageCommandTest.php" line="81" assertions="2" time="0.025981"/>
        <testcase name="test_command_creates_documentation_file" class="Hyde\Framework\Testing\Feature\Commands\MakePageCommandTest" classname="Hyde.Framework.Testing.Feature.Commands.MakePageCommandTest" file="/home/runner/work/develop/develop/packages/framework/tests/Feature/Commands/MakePageCommandTest.php" line="88" assertions="2" time="0.025959"/>
        <testcase name="test_command_fails_if_file_already_exists" class="Hyde\Framework\Testing\Feature\Commands\MakePageCommandTest" classname="Hyde.Framework.Testing.Feature.Commands.MakePageCommandTest" file="/home/runner/work/develop/develop/packages/framework/tests/Feature/Commands/MakePageCommandTest.php" line="96" assertions="3" time="0.025423"/>
        <testcase name="test_command_overwrites_existing_files_when_force_option_is_used" class="Hyde\Framework\Testing\Feature\Commands\MakePageCommandTest" classname="Hyde.Framework.Testing.Feature.Commands.MakePageCommandTest" file="/home/runner/work/develop/develop/packages/framework/tests/Feature/Commands/MakePageCommandTest.php" line="108" assertions="2" time="0.026112"/>
        <testcase name="test_command_prompts_for_title_if_it_was_not_specified" class="Hyde\Framework\Testing\Feature\Commands\MakePageCommandTest" classname="Hyde.Framework.Testing.Feature.Commands.MakePageCommandTest" file="/home/runner/work/develop/develop/packages/framework/tests/Feature/Commands/MakePageCommandTest.php" line="117" assertions="3" time="0.026746"/>
        <testcase name="test_command_falls_back_to_default_title_if_user_enters_nothing" class="Hyde\Framework\Testing\Feature\Commands\MakePageCommandTest" classname="Hyde.Framework.Testing.Feature.Commands.MakePageCommandTest" file="/home/runner/work/develop/develop/packages/framework/tests/Feature/Commands/MakePageCommandTest.php" line="127" assertions="3" time="0.026075"/>
        <testcase name="test_page_type_shorthand_can_be_used_to_create_blade_pages" class="Hyde\Framework\Testing\Feature\Commands\MakePageCommandTest" classname="Hyde.Framework.Testing.Feature.Commands.MakePageCommandTest" file="/home/runner/work/develop/develop/packages/framework/tests/Feature/Commands/MakePageCommandTest.php" line="137" assertions="3" time="0.026926"/>
        <testcase name="test_page_type_shorthand_can_be_used_to_create_documentation_pages" class="Hyde\Framework\Testing\Feature\Commands\MakePageCommandTest" classname="Hyde.Framework.Testing.Feature.Commands.MakePageCommandTest" file="/home/runner/work/develop/develop/packages/framework/tests/Feature/Commands/MakePageCommandTest.php" line="146" assertions="3" time="0.026102"/>
      </testsuite>
      <testsuite name="Hyde\Framework\Testing\Feature\Commands\MakePostCommandTest" file="/home/runner/work/develop/develop/packages/framework/tests/Feature/Commands/MakePostCommandTest.php" tests="5" assertions="48" errors="0" warnings="0" failures="0" skipped="0" time="0.138826">
        <testcase name="test_command_has_expected_output_and_creates_valid_file" class="Hyde\Framework\Testing\Feature\Commands\MakePostCommandTest" classname="Hyde.Framework.Testing.Feature.Commands.MakePostCommandTest" file="/home/runner/work/develop/develop/packages/framework/tests/Feature/Commands/MakePostCommandTest.php" line="12" assertions="16" time="0.027843"/>
        <testcase name="test_that_files_are_not_overwritten_when_force_flag_is_not_set" class="Hyde\Framework\Testing\Feature\Commands\MakePostCommandTest" classname="Hyde.Framework.Testing.Feature.Commands.MakePostCommandTest" file="/home/runner/work/develop/develop/packages/framework/tests/Feature/Commands/MakePostCommandTest.php" line="44" assertions="9" time="0.028112"/>
        <testcase name="test_that_files_are_overwritten_when_force_flag_is_set" class="Hyde\Framework\Testing\Feature\Commands\MakePostCommandTest" classname="Hyde.Framework.Testing.Feature.Commands.MakePostCommandTest" file="/home/runner/work/develop/develop/packages/framework/tests/Feature/Commands/MakePostCommandTest.php" line="67" assertions="9" time="0.027736"/>
        <testcase name="test_that_title_can_be_specified_in_command_signature" class="Hyde\Framework\Testing\Feature\Commands\MakePostCommandTest" classname="Hyde.Framework.Testing.Feature.Commands.MakePostCommandTest" file="/home/runner/work/develop/develop/packages/framework/tests/Feature/Commands/MakePostCommandTest.php" line="92" assertions="6" time="0.027660"/>
        <testcase name="test_that_command_can_be_canceled" class="Hyde\Framework\Testing\Feature\Commands\MakePostCommandTest" classname="Hyde.Framework.Testing.Feature.Commands.MakePostCommandTest" file="/home/runner/work/develop/develop/packages/framework/tests/Feature/Commands/MakePostCommandTest.php" line="106" assertions="8" time="0.027475"/>
      </testsuite>
      <testsuite name="Hyde\Framework\Testing\Feature\Commands\PackageDiscoverCommandTest" file="/home/runner/work/develop/develop/packages/framework/tests/Feature/Commands/PackageDiscoverCommandTest.php" tests="2" assertions="4" errors="0" warnings="0" failures="0" skipped="0" time="0.184293">
        <testcase name="test_package_discover_command_can_run" class="Hyde\Framework\Testing\Feature\Commands\PackageDiscoverCommandTest" classname="Hyde.Framework.Testing.Feature.Commands.PackageDiscoverCommandTest" file="/home/runner/work/develop/develop/packages/framework/tests/Feature/Commands/PackageDiscoverCommandTest.php" line="16" assertions="1" time="0.096780"/>
        <testcase name="test_package_discover_command_registers_manifest_path" class="Hyde\Framework\Testing\Feature\Commands\PackageDiscoverCommandTest" classname="Hyde.Framework.Testing.Feature.Commands.PackageDiscoverCommandTest" file="/home/runner/work/develop/develop/packages/framework/tests/Feature/Commands/PackageDiscoverCommandTest.php" line="21" assertions="3" time="0.087514"/>
      </testsuite>
      <testsuite name="Hyde\Framework\Testing\Feature\Commands\PublishConfigsCommandTest" file="/home/runner/work/develop/develop/packages/framework/tests/Feature/Commands/PublishConfigsCommandTest.php" tests="3" assertions="16" errors="0" warnings="0" failures="0" skipped="0" time="0.103145">
        <testcase name="test_command_has_expected_output" class="Hyde\Framework\Testing\Feature\Commands\PublishConfigsCommandTest" classname="Hyde.Framework.Testing.Feature.Commands.PublishConfigsCommandTest" file="/home/runner/work/develop/develop/packages/framework/tests/Feature/Commands/PublishConfigsCommandTest.php" line="33" assertions="4" time="0.037991"/>
        <testcase name="test_config_files_are_published" class="Hyde\Framework\Testing\Feature\Commands\PublishConfigsCommandTest" classname="Hyde.Framework.Testing.Feature.Commands.PublishConfigsCommandTest" file="/home/runner/work/develop/develop/packages/framework/tests/Feature/Commands/PublishConfigsCommandTest.php" line="41" assertions="8" time="0.032591"/>
        <testcase name="test_command_overwrites_existing_files" class="Hyde\Framework\Testing\Feature\Commands\PublishConfigsCommandTest" classname="Hyde.Framework.Testing.Feature.Commands.PublishConfigsCommandTest" file="/home/runner/work/develop/develop/packages/framework/tests/Feature/Commands/PublishConfigsCommandTest.php" line="54" assertions="4" time="0.032563"/>
      </testsuite>
      <testsuite name="Hyde\Framework\Testing\Feature\Commands\PublishHomepageCommandTest" file="/home/runner/work/develop/develop/packages/framework/tests/Feature/Commands/PublishHomepageCommandTest.php" tests="9" assertions="28" errors="0" warnings="0" failures="0" skipped="0" time="0.276108">
        <testcase name="test_there_are_no_default_pages" class="Hyde\Framework\Testing\Feature\Commands\PublishHomepageCommandTest" classname="Hyde.Framework.Testing.Feature.Commands.PublishHomepageCommandTest" file="/home/runner/work/develop/develop/packages/framework/tests/Feature/Commands/PublishHomepageCommandTest.php" line="31" assertions="1" time="0.021144"/>
        <testcase name="test_command_returns_expected_output" class="Hyde\Framework\Testing\Feature\Commands\PublishHomepageCommandTest" classname="Hyde.Framework.Testing.Feature.Commands.PublishHomepageCommandTest" file="/home/runner/work/develop/develop/packages/framework/tests/Feature/Commands/PublishHomepageCommandTest.php" line="36" assertions="3" time="0.029227"/>
        <testcase name="test_command_returns_expected_output_with_rebuild" class="Hyde\Framework\Testing\Feature\Commands\PublishHomepageCommandTest" classname="Hyde.Framework.Testing.Feature.Commands.PublishHomepageCommandTest" file="/home/runner/work/develop/develop/packages/framework/tests/Feature/Commands/PublishHomepageCommandTest.php" line="45" assertions="5" time="0.047652"/>
        <testcase name="test_command_prompts_for_output" class="Hyde\Framework\Testing\Feature\Commands\PublishHomepageCommandTest" classname="Hyde.Framework.Testing.Feature.Commands.PublishHomepageCommandTest" file="/home/runner/work/develop/develop/packages/framework/tests/Feature/Commands/PublishHomepageCommandTest.php" line="57" assertions="5" time="0.029221"/>
        <testcase name="test_command_shows_feedback_output_when_supplying_a_homepage_name" class="Hyde\Framework\Testing\Feature\Commands\PublishHomepageCommandTest" classname="Hyde.Framework.Testing.Feature.Commands.PublishHomepageCommandTest" file="/home/runner/work/develop/develop/packages/framework/tests/Feature/Commands/PublishHomepageCommandTest.php" line="71" assertions="4" time="0.028895"/>
        <testcase name="test_command_handles_error_code_404" class="Hyde\Framework\Testing\Feature\Commands\PublishHomepageCommandTest" classname="Hyde.Framework.Testing.Feature.Commands.PublishHomepageCommandTest" file="/home/runner/work/develop/develop/packages/framework/tests/Feature/Commands/PublishHomepageCommandTest.php" line="81" assertions="2" time="0.026416"/>
        <testcase name="test_command_does_not_overwrite_modified_files_without_force_flag" class="Hyde\Framework\Testing\Feature\Commands\PublishHomepageCommandTest" classname="Hyde.Framework.Testing.Feature.Commands.PublishHomepageCommandTest" file="/home/runner/work/develop/develop/packages/framework/tests/Feature/Commands/PublishHomepageCommandTest.php" line="89" assertions="3" time="0.030044"/>
        <testcase name="test_command_overwrites_modified_files_if_force_flag_is_set" class="Hyde\Framework\Testing\Feature\Commands\PublishHomepageCommandTest" classname="Hyde.Framework.Testing.Feature.Commands.PublishHomepageCommandTest" file="/home/runner/work/develop/develop/packages/framework/tests/Feature/Commands/PublishHomepageCommandTest.php" line="101" assertions="3" time="0.028943"/>
        <testcase name="test_command_does_not_return_409_if_the_current_file_is_a_default_file" class="Hyde\Framework\Testing\Feature\Commands\PublishHomepageCommandTest" classname="Hyde.Framework.Testing.Feature.Commands.PublishHomepageCommandTest" file="/home/runner/work/develop/develop/packages/framework/tests/Feature/Commands/PublishHomepageCommandTest.php" line="113" assertions="2" time="0.034567"/>
      </testsuite>
      <testsuite name="Hyde\Framework\Testing\Feature\Commands\PublishViewsCommandTest" file="/home/runner/work/develop/develop/packages/framework/tests/Feature/Commands/PublishViewsCommandTest.php" tests="4" assertions="10" errors="0" warnings="0" failures="0" skipped="0" time="0.140735">
        <testcase name="test_command_publishes_views" class="Hyde\Framework\Testing\Feature\Commands\PublishViewsCommandTest" classname="Hyde.Framework.Testing.Feature.Commands.PublishViewsCommandTest" file="/home/runner/work/develop/develop/packages/framework/tests/Feature/Commands/PublishViewsCommandTest.php" line="17" assertions="3" time="0.044281"/>
        <testcase name="test_command_prompts_for_input" class="Hyde\Framework\Testing\Feature\Commands\PublishViewsCommandTest" classname="Hyde.Framework.Testing.Feature.Commands.PublishViewsCommandTest" file="/home/runner/work/develop/develop/packages/framework/tests/Feature/Commands/PublishViewsCommandTest.php" line="31" assertions="2" time="0.042843"/>
        <testcase name="test_can_select_view" class="Hyde\Framework\Testing\Feature\Commands\PublishViewsCommandTest" classname="Hyde.Framework.Testing.Feature.Commands.PublishViewsCommandTest" file="/home/runner/work/develop/develop/packages/framework/tests/Feature/Commands/PublishViewsCommandTest.php" line="42" assertions="3" time="0.027882"/>
        <testcase name="test_with_invalid_supplied_tag" class="Hyde\Framework\Testing\Feature\Commands\PublishViewsCommandTest" classname="Hyde.Framework.Testing.Feature.Commands.PublishViewsCommandTest" file="/home/runner/work/develop/develop/packages/framework/tests/Feature/Commands/PublishViewsCommandTest.php" line="56" assertions="2" time="0.025729"/>
      </testsuite>
      <testsuite name="Hyde\Framework\Testing\Feature\Commands\RebuildStaticPageCommandTest" file="/home/runner/work/develop/develop/packages/framework/tests/Feature/Commands/RebuildStaticPageCommandTest.php" tests="6" assertions="12" errors="0" warnings="0" failures="0" skipped="0" time="0.227738">
        <testcase name="test_handle_is_successful_with_valid_path" class="Hyde\Framework\Testing\Feature\Commands\RebuildStaticPageCommandTest" classname="Hyde.Framework.Testing.Feature.Commands.RebuildStaticPageCommandTest" file="/home/runner/work/develop/develop/packages/framework/tests/Feature/Commands/RebuildStaticPageCommandTest.php" line="15" assertions="2" time="0.042655"/>
        <testcase name="test_media_files_can_be_transferred" class="Hyde\Framework\Testing\Feature\Commands\RebuildStaticPageCommandTest" classname="Hyde.Framework.Testing.Feature.Commands.RebuildStaticPageCommandTest" file="/home/runner/work/develop/develop/packages/framework/tests/Feature/Commands/RebuildStaticPageCommandTest.php" line="26" assertions="2" time="0.033182"/>
        <testcase name="test_validate_catches_bad_source_directory" class="Hyde\Framework\Testing\Feature\Commands\RebuildStaticPageCommandTest" classname="Hyde.Framework.Testing.Feature.Commands.RebuildStaticPageCommandTest" file="/home/runner/work/develop/develop/packages/framework/tests/Feature/Commands/RebuildStaticPageCommandTest.php" line="36" assertions="2" time="0.024947"/>
        <testcase name="test_validate_catches_missing_file" class="Hyde\Framework\Testing\Feature\Commands\RebuildStaticPageCommandTest" classname="Hyde.Framework.Testing.Feature.Commands.RebuildStaticPageCommandTest" file="/home/runner/work/develop/develop/packages/framework/tests/Feature/Commands/RebuildStaticPageCommandTest.php" line="43" assertions="2" time="0.024614"/>
        <testcase name="test_rebuild_documentation_page" class="Hyde\Framework\Testing\Feature\Commands\RebuildStaticPageCommandTest" classname="Hyde.Framework.Testing.Feature.Commands.RebuildStaticPageCommandTest" file="/home/runner/work/develop/develop/packages/framework/tests/Feature/Commands/RebuildStaticPageCommandTest.php" line="50" assertions="2" time="0.058972"/>
        <testcase name="test_rebuild_blog_post" class="Hyde\Framework\Testing\Feature\Commands\RebuildStaticPageCommandTest" classname="Hyde.Framework.Testing.Feature.Commands.RebuildStaticPageCommandTest" file="/home/runner/work/develop/develop/packages/framework/tests/Feature/Commands/RebuildStaticPageCommandTest.php" line="61" assertions="2" time="0.043368"/>
      </testsuite>
      <testsuite name="Hyde\Framework\Testing\Feature\Commands\RouteListCommandTest" file="/home/runner/work/develop/develop/packages/framework/tests/Feature/Commands/RouteListCommandTest.php" tests="3" assertions="16" errors="0" warnings="0" failures="0" skipped="0" time="0.103389">
        <testcase name="testRouteListCommand" class="Hyde\Framework\Testing\Feature\Commands\RouteListCommandTest" classname="Hyde.Framework.Testing.Feature.Commands.RouteListCommandTest" file="/home/runner/work/develop/develop/packages/framework/tests/Feature/Commands/RouteListCommandTest.php" line="17" assertions="7" time="0.034573"/>
        <testcase name="testClickableLinks" class="Hyde\Framework\Testing\Feature\Commands\RouteListCommandTest" classname="Hyde.Framework.Testing.Feature.Commands.RouteListCommandTest" file="/home/runner/work/develop/develop/packages/framework/tests/Feature/Commands/RouteListCommandTest.php" line="36" assertions="1" time="0.032388"/>
        <testcase name="testWithDynamicPages" class="Hyde\Framework\Testing\Feature\Commands\RouteListCommandTest" classname="Hyde.Framework.Testing.Feature.Commands.RouteListCommandTest" file="/home/runner/work/develop/develop/packages/framework/tests/Feature/Commands/RouteListCommandTest.php" line="43" assertions="8" time="0.036428"/>
      </testsuite>
      <testsuite name="Hyde\Framework\Testing\Feature\Commands\ServeCommandTest" file="/home/runner/work/develop/develop/packages/framework/tests/Feature/Commands/ServeCommandTest.php" tests="8" assertions="24" errors="0" warnings="0" failures="0" skipped="0" time="0.193615">
        <testcase name="test_hyde_serve_command" class="Hyde\Framework\Testing\Feature\Commands\ServeCommandTest" classname="Hyde.Framework.Testing.Feature.Commands.ServeCommandTest" file="/home/runner/work/develop/develop/packages/framework/tests/Feature/Commands/ServeCommandTest.php" line="14" assertions="3" time="0.023450"/>
        <testcase name="test_hyde_serve_command_with_port_option" class="Hyde\Framework\Testing\Feature\Commands\ServeCommandTest" classname="Hyde.Framework.Testing.Feature.Commands.ServeCommandTest" file="/home/runner/work/develop/develop/packages/framework/tests/Feature/Commands/ServeCommandTest.php" line="22" assertions="3" time="0.024235"/>
        <testcase name="test_hyde_serve_command_with_host_option" class="Hyde\Framework\Testing\Feature\Commands\ServeCommandTest" classname="Hyde.Framework.Testing.Feature.Commands.ServeCommandTest" file="/home/runner/work/develop/develop/packages/framework/tests/Feature/Commands/ServeCommandTest.php" line="30" assertions="3" time="0.024363"/>
        <testcase name="test_hyde_serve_command_with_port_and_host_option" class="Hyde\Framework\Testing\Feature\Commands\ServeCommandTest" classname="Hyde.Framework.Testing.Feature.Commands.ServeCommandTest" file="/home/runner/work/develop/develop/packages/framework/tests/Feature/Commands/ServeCommandTest.php" line="38" assertions="3" time="0.025772"/>
        <testcase name="test_hyde_serve_command_with_port_defined_in_config" class="Hyde\Framework\Testing\Feature\Commands\ServeCommandTest" classname="Hyde.Framework.Testing.Feature.Commands.ServeCommandTest" file="/home/runner/work/develop/develop/packages/framework/tests/Feature/Commands/ServeCommandTest.php" line="46" assertions="3" time="0.024005"/>
        <testcase name="test_hyde_serve_command_with_port_defined_in_config_and_port_option" class="Hyde\Framework\Testing\Feature\Commands\ServeCommandTest" classname="Hyde.Framework.Testing.Feature.Commands.ServeCommandTest" file="/home/runner/work/develop/develop/packages/framework/tests/Feature/Commands/ServeCommandTest.php" line="56" assertions="3" time="0.024094"/>
        <testcase name="test_hyde_serve_command_with_port_missing_in_config_and_port_option" class="Hyde\Framework\Testing\Feature\Commands\ServeCommandTest" classname="Hyde.Framework.Testing.Feature.Commands.ServeCommandTest" file="/home/runner/work/develop/develop/packages/framework/tests/Feature/Commands/ServeCommandTest.php" line="66" assertions="3" time="0.023797"/>
        <testcase name="test_hyde_serve_command_with_invalid_config_value" class="Hyde\Framework\Testing\Feature\Commands\ServeCommandTest" classname="Hyde.Framework.Testing.Feature.Commands.ServeCommandTest" file="/home/runner/work/develop/develop/packages/framework/tests/Feature/Commands/ServeCommandTest.php" line="76" assertions="3" time="0.023899"/>
      </testsuite>
      <testsuite name="Hyde\Framework\Testing\Feature\Commands\ValidateCommandTest" file="/home/runner/work/develop/develop/packages/framework/tests/Feature/Commands/ValidateCommandTest.php" tests="2" assertions="8" errors="0" warnings="0" failures="0" skipped="0" time="0.066616">
        <testcase name="test_validate_command_can_run" class="Hyde\Framework\Testing\Feature\Commands\ValidateCommandTest" classname="Hyde.Framework.Testing.Feature.Commands.ValidateCommandTest" file="/home/runner/work/develop/develop/packages/framework/tests/Feature/Commands/ValidateCommandTest.php" line="18" assertions="5" time="0.035746"/>
        <testcase name="test_validate_command_can_run_with_skips" class="Hyde\Framework\Testing\Feature\Commands\ValidateCommandTest" classname="Hyde.Framework.Testing.Feature.Commands.ValidateCommandTest" file="/home/runner/work/develop/develop/packages/framework/tests/Feature/Commands/ValidateCommandTest.php" line="31" assertions="3" time="0.030870"/>
      </testsuite>
      <testsuite name="Hyde\Framework\Testing\Feature\Commands\VendorPublishCommandTest" file="/home/runner/work/develop/develop/packages/framework/tests/Feature/Commands/VendorPublishCommandTest.php" tests="4" assertions="10" errors="0" warnings="0" failures="0" skipped="0" time="0.107675">
        <testcase name="test_command_prompts_for_provider_or_tag" class="Hyde\Framework\Testing\Feature\Commands\VendorPublishCommandTest" classname="Hyde.Framework.Testing.Feature.Commands.VendorPublishCommandTest" file="/home/runner/work/develop/develop/packages/framework/tests/Feature/Commands/VendorPublishCommandTest.php" line="36" assertions="3" time="0.025263"/>
        <testcase name="test_unhelpful_publishers_are_removed" class="Hyde\Framework\Testing\Feature\Commands\VendorPublishCommandTest" classname="Hyde.Framework.Testing.Feature.Commands.VendorPublishCommandTest" file="/home/runner/work/develop/develop/packages/framework/tests/Feature/Commands/VendorPublishCommandTest.php" line="54" assertions="3" time="0.025090"/>
        <testcase name="test_config_group_is_renamed_to_be_more_helpful" class="Hyde\Framework\Testing\Feature\Commands\VendorPublishCommandTest" classname="Hyde.Framework.Testing.Feature.Commands.VendorPublishCommandTest" file="/home/runner/work/develop/develop/packages/framework/tests/Feature/Commands/VendorPublishCommandTest.php" line="67" assertions="3" time="0.025695"/>
        <testcase name="test_status_method" class="Hyde\Framework\Testing\Feature\Commands\VendorPublishCommandTest" classname="Hyde.Framework.Testing.Feature.Commands.VendorPublishCommandTest" file="/home/runner/work/develop/develop/packages/framework/tests/Feature/Commands/VendorPublishCommandTest.php" line="81" assertions="1" time="0.031627"/>
      </testsuite>
      <testsuite name="Hyde\Framework\Testing\Feature\ConfigurableFeaturesTest" file="/home/runner/work/develop/develop/packages/framework/tests/Feature/ConfigurableFeaturesTest.php" tests="10" assertions="70" errors="0" warnings="0" failures="0" skipped="0" time="0.224110">
        <testcase name="test_has_feature_returns_false_when_feature_is_not_enabled" class="Hyde\Framework\Testing\Feature\ConfigurableFeaturesTest" classname="Hyde.Framework.Testing.Feature.ConfigurableFeaturesTest" file="/home/runner/work/develop/develop/packages/framework/tests/Feature/ConfigurableFeaturesTest.php" line="16" assertions="8" time="0.020933"/>
        <testcase name="test_has_feature_returns_true_when_feature_is_enabled" class="Hyde\Framework\Testing\Feature\ConfigurableFeaturesTest" classname="Hyde.Framework.Testing.Feature.ConfigurableFeaturesTest" file="/home/runner/work/develop/develop/packages/framework/tests/Feature/ConfigurableFeaturesTest.php" line="28" assertions="16" time="0.021853"/>
        <testcase name="test_can_generate_sitemap_helper_returns_true_if_hyde_has_base_url" class="Hyde\Framework\Testing\Feature\ConfigurableFeaturesTest" classname="Hyde.Framework.Testing.Feature.ConfigurableFeaturesTest" file="/home/runner/work/develop/develop/packages/framework/tests/Feature/ConfigurableFeaturesTest.php" line="44" assertions="1" time="0.021135"/>
        <testcase name="test_can_generate_sitemap_helper_returns_false_if_hyde_does_not_have_base_url" class="Hyde\Framework\Testing\Feature\ConfigurableFeaturesTest" classname="Hyde.Framework.Testing.Feature.ConfigurableFeaturesTest" file="/home/runner/work/develop/develop/packages/framework/tests/Feature/ConfigurableFeaturesTest.php" line="50" assertions="1" time="0.021045"/>
        <testcase name="test_can_generate_sitemap_helper_returns_false_if_sitemaps_are_disabled_in_config" class="Hyde\Framework\Testing\Feature\ConfigurableFeaturesTest" classname="Hyde.Framework.Testing.Feature.ConfigurableFeaturesTest" file="/home/runner/work/develop/develop/packages/framework/tests/Feature/ConfigurableFeaturesTest.php" line="56" assertions="1" time="0.021042"/>
        <testcase name="test_to_array_method_returns_method_array" class="Hyde\Framework\Testing\Feature\ConfigurableFeaturesTest" classname="Hyde.Framework.Testing.Feature.ConfigurableFeaturesTest" file="/home/runner/work/develop/develop/packages/framework/tests/Feature/ConfigurableFeaturesTest.php" line="63" assertions="26" time="0.027676"/>
        <testcase name="test_to_array_method_contains_all_settings" class="Hyde\Framework\Testing\Feature\ConfigurableFeaturesTest" classname="Hyde.Framework.Testing.Feature.ConfigurableFeaturesTest" file="/home/runner/work/develop/develop/packages/framework/tests/Feature/ConfigurableFeaturesTest.php" line="75" assertions="9" time="0.027380"/>
        <testcase name="test_features_can_be_mocked" class="Hyde\Framework\Testing\Feature\ConfigurableFeaturesTest" classname="Hyde.Framework.Testing.Feature.ConfigurableFeaturesTest" file="/home/runner/work/develop/develop/packages/framework/tests/Feature/ConfigurableFeaturesTest.php" line="91" assertions="2" time="0.020897"/>
        <testcase name="test_dynamic_features_can_be_mocked" class="Hyde\Framework\Testing\Feature\ConfigurableFeaturesTest" classname="Hyde.Framework.Testing.Feature.ConfigurableFeaturesTest" file="/home/runner/work/develop/develop/packages/framework/tests/Feature/ConfigurableFeaturesTest.php" line="100" assertions="2" time="0.020839"/>
        <testcase name="test_multiple_features_can_be_mocked" class="Hyde\Framework\Testing\Feature\ConfigurableFeaturesTest" classname="Hyde.Framework.Testing.Feature.ConfigurableFeaturesTest" file="/home/runner/work/develop/develop/packages/framework/tests/Feature/ConfigurableFeaturesTest.php" line="109" assertions="4" time="0.021309"/>
      </testsuite>
      <testsuite name="Hyde\Framework\Testing\Feature\ConfigurableSourceRootsFeatureTest" file="/home/runner/work/develop/develop/packages/framework/tests/Feature/ConfigurableSourceRootsFeatureTest.php" tests="4" assertions="5" errors="0" warnings="0" failures="0" skipped="0" time="0.119939">
        <testcase name="test_default_config_value_is_empty_string" class="Hyde\Framework\Testing\Feature\ConfigurableSourceRootsFeatureTest" classname="Hyde.Framework.Testing.Feature.ConfigurableSourceRootsFeatureTest" file="/home/runner/work/develop/develop/packages/framework/tests/Feature/ConfigurableSourceRootsFeatureTest.php" line="27" assertions="1" time="0.021321"/>
        <testcase name="test_files_in_custom_source_root_can_be_discovered" class="Hyde\Framework\Testing\Feature\ConfigurableSourceRootsFeatureTest" classname="Hyde.Framework.Testing.Feature.ConfigurableSourceRootsFeatureTest" file="/home/runner/work/develop/develop/packages/framework/tests/Feature/ConfigurableSourceRootsFeatureTest.php" line="32" assertions="2" time="0.026957"/>
        <testcase name="test_files_in_custom_source_root_can_be_compiled" class="Hyde\Framework\Testing\Feature\ConfigurableSourceRootsFeatureTest" classname="Hyde.Framework.Testing.Feature.ConfigurableSourceRootsFeatureTest" file="/home/runner/work/develop/develop/packages/framework/tests/Feature/ConfigurableSourceRootsFeatureTest.php" line="42" assertions="1" time="0.048414"/>
        <testcase name="test_hyde_page_path_method_supports_custom_source_roots" class="Hyde\Framework\Testing\Feature\ConfigurableSourceRootsFeatureTest" classname="Hyde.Framework.Testing.Feature.ConfigurableSourceRootsFeatureTest" file="/home/runner/work/develop/develop/packages/framework/tests/Feature/ConfigurableSourceRootsFeatureTest.php" line="54" assertions="1" time="0.023247"/>
      </testsuite>
      <testsuite name="Hyde\Framework\Testing\Feature\ConvertsArrayToFrontMatterTest" file="/home/runner/work/develop/develop/packages/framework/tests/Feature/ConvertsArrayToFrontMatterTest.php" tests="2" assertions="2" errors="0" warnings="0" failures="0" skipped="0" time="0.047892">
        <testcase name="test_action_converts_an_array_to_front_matter" class="Hyde\Framework\Testing\Feature\ConvertsArrayToFrontMatterTest" classname="Hyde.Framework.Testing.Feature.ConvertsArrayToFrontMatterTest" file="/home/runner/work/develop/develop/packages/framework/tests/Feature/ConvertsArrayToFrontMatterTest.php" line="15" assertions="1" time="0.023661"/>
        <testcase name="test_action_returns_empty_string_if_array_is_empty" class="Hyde\Framework\Testing\Feature\ConvertsArrayToFrontMatterTest" classname="Hyde.Framework.Testing.Feature.ConvertsArrayToFrontMatterTest" file="/home/runner/work/develop/develop/packages/framework/tests/Feature/ConvertsArrayToFrontMatterTest.php" line="42" assertions="1" time="0.024231"/>
      </testsuite>
      <testsuite name="Hyde\Framework\Testing\Feature\DarkmodeFeatureTest" file="/home/runner/work/develop/develop/packages/framework/tests/Feature/DarkmodeFeatureTest.php" tests="5" assertions="10" errors="0" warnings="0" failures="0" skipped="0" time="0.171943">
        <testcase name="test_has_darkmode" class="Hyde\Framework\Testing\Feature\DarkmodeFeatureTest" classname="Hyde.Framework.Testing.Feature.DarkmodeFeatureTest" file="/home/runner/work/develop/develop/packages/framework/tests/Feature/DarkmodeFeatureTest.php" line="26" assertions="2" time="0.022301"/>
        <testcase name="test_layout_has_toggle_button_and_script_when_enabled" class="Hyde\Framework\Testing\Feature\DarkmodeFeatureTest" classname="Hyde.Framework.Testing.Feature.DarkmodeFeatureTest" file="/home/runner/work/develop/develop/packages/framework/tests/Feature/DarkmodeFeatureTest.php" line="39" assertions="2" time="0.034885"/>
        <testcase name="test_documentation_page_has_toggle_button_and_script_when_enabled" class="Hyde\Framework\Testing\Feature\DarkmodeFeatureTest" classname="Hyde.Framework.Testing.Feature.DarkmodeFeatureTest" file="/home/runner/work/develop/develop/packages/framework/tests/Feature/DarkmodeFeatureTest.php" line="57" assertions="2" time="0.038161"/>
        <testcase name="test_dark_mode_theme_button_is_hidden_in_layouts_when_disabled" class="Hyde\Framework\Testing\Feature\DarkmodeFeatureTest" classname="Hyde.Framework.Testing.Feature.DarkmodeFeatureTest" file="/home/runner/work/develop/develop/packages/framework/tests/Feature/DarkmodeFeatureTest.php" line="76" assertions="2" time="0.041990"/>
        <testcase name="test_dark_mode_theme_button_is_hidden_in_documentation_pages_when_disabled" class="Hyde\Framework\Testing\Feature\DarkmodeFeatureTest" classname="Hyde.Framework.Testing.Feature.DarkmodeFeatureTest" file="/home/runner/work/develop/develop/packages/framework/tests/Feature/DarkmodeFeatureTest.php" line="93" assertions="2" time="0.034607"/>
      </testsuite>
      <testsuite name="Hyde\Framework\Testing\Feature\DataCollectionTest" file="/home/runner/work/develop/develop/packages/framework/tests/Feature/DataCollectionTest.php" tests="15" assertions="18" errors="0" warnings="0" failures="0" skipped="0" time="0.319828">
        <testcase name="test_constructor_creates_new_data_collection_instance" class="Hyde\Framework\Testing\Feature\DataCollectionTest" classname="Hyde.Framework.Testing.Feature.DataCollectionTest" file="/home/runner/work/develop/develop/packages/framework/tests/Feature/DataCollectionTest.php" line="29" assertions="2" time="0.020971"/>
        <testcase name="test_constructor_sets_key" class="Hyde\Framework\Testing\Feature\DataCollectionTest" classname="Hyde.Framework.Testing.Feature.DataCollectionTest" file="/home/runner/work/develop/develop/packages/framework/tests/Feature/DataCollectionTest.php" line="36" assertions="1" time="0.020293"/>
        <testcase name="test_key_is_required" class="Hyde\Framework\Testing\Feature\DataCollectionTest" classname="Hyde.Framework.Testing.Feature.DataCollectionTest" file="/home/runner/work/develop/develop/packages/framework/tests/Feature/DataCollectionTest.php" line="42" assertions="1" time="0.021181"/>
        <testcase name="test_get_collection_method_returns_the_collection_instance" class="Hyde\Framework\Testing\Feature\DataCollectionTest" classname="Hyde.Framework.Testing.Feature.DataCollectionTest" file="/home/runner/work/develop/develop/packages/framework/tests/Feature/DataCollectionTest.php" line="48" assertions="1" time="0.021140"/>
        <testcase name="test_get_markdown_files_method_returns_empty_array_if_the_specified_directory_does_not_exist" class="Hyde\Framework\Testing\Feature\DataCollectionTest" classname="Hyde.Framework.Testing.Feature.DataCollectionTest" file="/home/runner/work/develop/develop/packages/framework/tests/Feature/DataCollectionTest.php" line="54" assertions="2" time="0.021323"/>
        <testcase name="test_get_markdown_files_method_returns_empty_array_if_no_files_are_found_in_specified_directory" class="Hyde\Framework\Testing\Feature\DataCollectionTest" classname="Hyde.Framework.Testing.Feature.DataCollectionTest" file="/home/runner/work/develop/develop/packages/framework/tests/Feature/DataCollectionTest.php" line="61" assertions="2" time="0.021366"/>
        <testcase name="test_get_markdown_files_method_returns_an_array_of_markdown_files_in_the_specified_directory" class="Hyde\Framework\Testing\Feature\DataCollectionTest" classname="Hyde.Framework.Testing.Feature.DataCollectionTest" file="/home/runner/work/develop/develop/packages/framework/tests/Feature/DataCollectionTest.php" line="70" assertions="1" time="0.021611"/>
        <testcase name="test_get_markdown_files_method_does_not_include_files_in_subdirectories" class="Hyde\Framework\Testing\Feature\DataCollectionTest" classname="Hyde.Framework.Testing.Feature.DataCollectionTest" file="/home/runner/work/develop/develop/packages/framework/tests/Feature/DataCollectionTest.php" line="84" assertions="1" time="0.021494"/>
        <testcase name="test_get_markdown_files_method_does_not_include_files_with_extensions_other_than_md" class="Hyde\Framework\Testing\Feature\DataCollectionTest" classname="Hyde.Framework.Testing.Feature.DataCollectionTest" file="/home/runner/work/develop/develop/packages/framework/tests/Feature/DataCollectionTest.php" line="96" assertions="1" time="0.021456"/>
        <testcase name="test_get_markdown_files_method_does_not_remove_files_starting_with_an_underscore" class="Hyde\Framework\Testing\Feature\DataCollectionTest" classname="Hyde.Framework.Testing.Feature.DataCollectionTest" file="/home/runner/work/develop/develop/packages/framework/tests/Feature/DataCollectionTest.php" line="107" assertions="1" time="0.021458"/>
        <testcase name="test_static_markdown_helper_returns_new_data_collection_instance" class="Hyde\Framework\Testing\Feature\DataCollectionTest" classname="Hyde.Framework.Testing.Feature.DataCollectionTest" file="/home/runner/work/develop/develop/packages/framework/tests/Feature/DataCollectionTest.php" line="118" assertions="1" time="0.021282"/>
        <testcase name="test_static_markdown_helper_discovers_and_parses_markdown_files_in_the_specified_directory" class="Hyde\Framework\Testing\Feature\DataCollectionTest" classname="Hyde.Framework.Testing.Feature.DataCollectionTest" file="/home/runner/work/develop/develop/packages/framework/tests/Feature/DataCollectionTest.php" line="123" assertions="1" time="0.021673"/>
        <testcase name="test_static_markdown_helper_doest_not_ignore_files_starting_with_an_underscore" class="Hyde\Framework\Testing\Feature\DataCollectionTest" classname="Hyde.Framework.Testing.Feature.DataCollectionTest" file="/home/runner/work/develop/develop/packages/framework/tests/Feature/DataCollectionTest.php" line="136" assertions="1" time="0.021682"/>
        <testcase name="test_class_has_static_source_directory_property" class="Hyde\Framework\Testing\Feature\DataCollectionTest" classname="Hyde.Framework.Testing.Feature.DataCollectionTest" file="/home/runner/work/develop/develop/packages/framework/tests/Feature/DataCollectionTest.php" line="145" assertions="1" time="0.021180"/>
        <testcase name="test_source_directory_can_be_changed" class="Hyde\Framework\Testing\Feature\DataCollectionTest" classname="Hyde.Framework.Testing.Feature.DataCollectionTest" file="/home/runner/work/develop/develop/packages/framework/tests/Feature/DataCollectionTest.php" line="150" assertions="1" time="0.021720"/>
      </testsuite>
      <testsuite name="Hyde\Framework\Testing\Feature\DiscoveryServiceTest" file="/home/runner/work/develop/develop/packages/framework/tests/Feature/DiscoveryServiceTest.php" tests="25" assertions="63" errors="0" warnings="0" failures="0" skipped="0" time="0.687593">
        <testcase name="test_get_file_extension_for_model_files" class="Hyde\Framework\Testing\Feature\DiscoveryServiceTest" classname="Hyde.Framework.Testing.Feature.DiscoveryServiceTest" file="/home/runner/work/develop/develop/packages/framework/tests/Feature/DiscoveryServiceTest.php" line="35" assertions="4" time="0.020501"/>
        <testcase name="test_get_file_path_for_model_class_files" class="Hyde\Framework\Testing\Feature\DiscoveryServiceTest" classname="Hyde.Framework.Testing.Feature.DiscoveryServiceTest" file="/home/runner/work/develop/develop/packages/framework/tests/Feature/DiscoveryServiceTest.php" line="43" assertions="4" time="0.021929"/>
        <testcase name="test_get_source_file_list_for_blade_page" class="Hyde\Framework\Testing\Feature\DiscoveryServiceTest" classname="Hyde.Framework.Testing.Feature.DiscoveryServiceTest" file="/home/runner/work/develop/develop/packages/framework/tests/Feature/DiscoveryServiceTest.php" line="51" assertions="1" time="0.026570"/>
        <testcase name="test_get_source_file_list_for_markdown_page" class="Hyde\Framework\Testing\Feature\DiscoveryServiceTest" classname="Hyde.Framework.Testing.Feature.DiscoveryServiceTest" file="/home/runner/work/develop/develop/packages/framework/tests/Feature/DiscoveryServiceTest.php" line="56" assertions="1" time="0.028188"/>
        <testcase name="test_get_source_file_list_for_markdown_post" class="Hyde\Framework\Testing\Feature\DiscoveryServiceTest" classname="Hyde.Framework.Testing.Feature.DiscoveryServiceTest" file="/home/runner/work/develop/develop/packages/framework/tests/Feature/DiscoveryServiceTest.php" line="63" assertions="1" time="0.028699"/>
        <testcase name="test_get_source_file_list_for_documentation_page" class="Hyde\Framework\Testing\Feature\DiscoveryServiceTest" classname="Hyde.Framework.Testing.Feature.DiscoveryServiceTest" file="/home/runner/work/develop/develop/packages/framework/tests/Feature/DiscoveryServiceTest.php" line="70" assertions="1" time="0.031197"/>
        <testcase name="test_get_source_file_list_for_markdown_page_model" class="Hyde\Framework\Testing\Feature\DiscoveryServiceTest" classname="Hyde.Framework.Testing.Feature.DiscoveryServiceTest" file="/home/runner/work/develop/develop/packages/framework/tests/Feature/DiscoveryServiceTest.php" line="77" assertions="1" time="0.028597"/>
        <testcase name="test_get_source_file_list_for_blade_page_model" class="Hyde\Framework\Testing\Feature\DiscoveryServiceTest" classname="Hyde.Framework.Testing.Feature.DiscoveryServiceTest" file="/home/runner/work/develop/develop/packages/framework/tests/Feature/DiscoveryServiceTest.php" line="83" assertions="1" time="0.031107"/>
        <testcase name="test_get_source_file_list_for_markdown_post_model" class="Hyde\Framework\Testing\Feature\DiscoveryServiceTest" classname="Hyde.Framework.Testing.Feature.DiscoveryServiceTest" file="/home/runner/work/develop/develop/packages/framework/tests/Feature/DiscoveryServiceTest.php" line="89" assertions="1" time="0.028764"/>
        <testcase name="test_get_source_file_list_for_documentation_page_model" class="Hyde\Framework\Testing\Feature\DiscoveryServiceTest" classname="Hyde.Framework.Testing.Feature.DiscoveryServiceTest" file="/home/runner/work/develop/develop/packages/framework/tests/Feature/DiscoveryServiceTest.php" line="95" assertions="1" time="0.028329"/>
        <testcase name="test_get_source_file_list_for_model_method_finds_customized_model_properties" class="Hyde\Framework\Testing\Feature\DiscoveryServiceTest" classname="Hyde.Framework.Testing.Feature.DiscoveryServiceTest" file="/home/runner/work/develop/develop/packages/framework/tests/Feature/DiscoveryServiceTest.php" line="101" assertions="9" time="0.078567"/>
        <testcase name="test_get_source_file_list_throws_exception_for_invalid_model_class" class="Hyde\Framework\Testing\Feature\DiscoveryServiceTest" classname="Hyde.Framework.Testing.Feature.DiscoveryServiceTest" file="/home/runner/work/develop/develop/packages/framework/tests/Feature/DiscoveryServiceTest.php" line="138" assertions="1" time="0.021774"/>
        <testcase name="test_get_media_asset_files" class="Hyde\Framework\Testing\Feature\DiscoveryServiceTest" classname="Hyde.Framework.Testing.Feature.DiscoveryServiceTest" file="/home/runner/work/develop/develop/packages/framework/tests/Feature/DiscoveryServiceTest.php" line="145" assertions="1" time="0.021346"/>
        <testcase name="test_get_media_asset_files_discovers_files" class="Hyde\Framework\Testing\Feature\DiscoveryServiceTest" classname="Hyde.Framework.Testing.Feature.DiscoveryServiceTest" file="/home/runner/work/develop/develop/packages/framework/tests/Feature/DiscoveryServiceTest.php" line="150" assertions="8" time="0.023878"/>
        <testcase name="test_get_media_asset_files_discovers_custom_file_types" class="Hyde\Framework\Testing\Feature\DiscoveryServiceTest" classname="Hyde.Framework.Testing.Feature.DiscoveryServiceTest" file="/home/runner/work/develop/develop/packages/framework/tests/Feature/DiscoveryServiceTest.php" line="162" assertions="2" time="0.030134"/>
        <testcase name="test_get_media_asset_files_discovers_files_recursively" class="Hyde\Framework\Testing\Feature\DiscoveryServiceTest" classname="Hyde.Framework.Testing.Feature.DiscoveryServiceTest" file="/home/runner/work/develop/develop/packages/framework/tests/Feature/DiscoveryServiceTest.php" line="172" assertions="1" time="0.021875"/>
        <testcase name="test_get_media_asset_files_discovers_files_very_recursively" class="Hyde\Framework\Testing\Feature\DiscoveryServiceTest" classname="Hyde.Framework.Testing.Feature.DiscoveryServiceTest" file="/home/runner/work/develop/develop/packages/framework/tests/Feature/DiscoveryServiceTest.php" line="181" assertions="1" time="0.021858"/>
        <testcase name="test_media_asset_extensions_can_be_added_by_comma_separated_values" class="Hyde\Framework\Testing\Feature\DiscoveryServiceTest" classname="Hyde.Framework.Testing.Feature.DiscoveryServiceTest" file="/home/runner/work/develop/develop/packages/framework/tests/Feature/DiscoveryServiceTest.php" line="190" assertions="2" time="0.021721"/>
        <testcase name="test_media_asset_extensions_can_be_added_by_comma_separated_values_containing_spaces" class="Hyde\Framework\Testing\Feature\DiscoveryServiceTest" classname="Hyde.Framework.Testing.Feature.DiscoveryServiceTest" file="/home/runner/work/develop/develop/packages/framework/tests/Feature/DiscoveryServiceTest.php" line="211" assertions="2" time="0.021665"/>
        <testcase name="test_media_asset_extensions_can_be_added_by_array" class="Hyde\Framework\Testing\Feature\DiscoveryServiceTest" classname="Hyde.Framework.Testing.Feature.DiscoveryServiceTest" file="/home/runner/work/develop/develop/packages/framework/tests/Feature/DiscoveryServiceTest.php" line="231" assertions="2" time="0.021647"/>
        <testcase name="test_blade_page_files_starting_with_underscore_are_ignored" class="Hyde\Framework\Testing\Feature\DiscoveryServiceTest" classname="Hyde.Framework.Testing.Feature.DiscoveryServiceTest" file="/home/runner/work/develop/develop/packages/framework/tests/Feature/DiscoveryServiceTest.php" line="251" assertions="1" time="0.027079"/>
        <testcase name="test_markdown_page_files_starting_with_underscore_are_ignored" class="Hyde\Framework\Testing\Feature\DiscoveryServiceTest" classname="Hyde.Framework.Testing.Feature.DiscoveryServiceTest" file="/home/runner/work/develop/develop/packages/framework/tests/Feature/DiscoveryServiceTest.php" line="258" assertions="1" time="0.026924"/>
        <testcase name="test_post_files_starting_with_underscore_are_ignored" class="Hyde\Framework\Testing\Feature\DiscoveryServiceTest" classname="Hyde.Framework.Testing.Feature.DiscoveryServiceTest" file="/home/runner/work/develop/develop/packages/framework/tests/Feature/DiscoveryServiceTest.php" line="265" assertions="1" time="0.026714"/>
        <testcase name="test_documentation_page_files_starting_with_underscore_are_ignored" class="Hyde\Framework\Testing\Feature\DiscoveryServiceTest" classname="Hyde.Framework.Testing.Feature.DiscoveryServiceTest" file="/home/runner/work/develop/develop/packages/framework/tests/Feature/DiscoveryServiceTest.php" line="272" assertions="1" time="0.026747"/>
        <testcase name="test_path_to_identifier_helper_formats_path_to_identifier" class="Hyde\Framework\Testing\Feature\DiscoveryServiceTest" classname="Hyde.Framework.Testing.Feature.DiscoveryServiceTest" file="/home/runner/work/develop/develop/packages/framework/tests/Feature/DiscoveryServiceTest.php" line="279" assertions="14" time="0.021782"/>
      </testsuite>
      <testsuite name="Hyde\Framework\Testing\Feature\DocumentationSearchPageTest" file="/home/runner/work/develop/develop/packages/framework/tests/Feature/DocumentationSearchPageTest.php" tests="9" assertions="9" errors="0" warnings="0" failures="0" skipped="0" time="0.212475">
        <testcase name="testCanCreateDocumentationSearchPageInstance" class="Hyde\Framework\Testing\Feature\DocumentationSearchPageTest" classname="Hyde.Framework.Testing.Feature.DocumentationSearchPageTest" file="/home/runner/work/develop/develop/packages/framework/tests/Feature/DocumentationSearchPageTest.php" line="20" assertions="1" time="0.021606"/>
        <testcase name="testRouteKeyIsSetToDocumentationOutputDirectory" class="Hyde\Framework\Testing\Feature\DocumentationSearchPageTest" classname="Hyde.Framework.Testing.Feature.DocumentationSearchPageTest" file="/home/runner/work/develop/develop/packages/framework/tests/Feature/DocumentationSearchPageTest.php" line="25" assertions="1" time="0.022277"/>
        <testcase name="testRouteKeyIsSetToConfiguredDocumentationOutputDirectory" class="Hyde\Framework\Testing\Feature\DocumentationSearchPageTest" classname="Hyde.Framework.Testing.Feature.DocumentationSearchPageTest" file="/home/runner/work/develop/develop/packages/framework/tests/Feature/DocumentationSearchPageTest.php" line="31" assertions="1" time="0.022075"/>
        <testcase name="testEnabledDefaultsToTrue" class="Hyde\Framework\Testing\Feature\DocumentationSearchPageTest" classname="Hyde.Framework.Testing.Feature.DocumentationSearchPageTest" file="/home/runner/work/develop/develop/packages/framework/tests/Feature/DocumentationSearchPageTest.php" line="39" assertions="1" time="0.026311"/>
        <testcase name="testEnabledIsFalseWhenDisabled" class="Hyde\Framework\Testing\Feature\DocumentationSearchPageTest" classname="Hyde.Framework.Testing.Feature.DocumentationSearchPageTest" file="/home/runner/work/develop/develop/packages/framework/tests/Feature/DocumentationSearchPageTest.php" line="44" assertions="1" time="0.023212"/>
        <testcase name="testEnabledIsFalseWhenRouteExists" class="Hyde\Framework\Testing\Feature\DocumentationSearchPageTest" classname="Hyde.Framework.Testing.Feature.DocumentationSearchPageTest" file="/home/runner/work/develop/develop/packages/framework/tests/Feature/DocumentationSearchPageTest.php" line="50" assertions="1" time="0.027126"/>
        <testcase name="testEnabledIsFalseWhenDisabledAndRouteExists" class="Hyde\Framework\Testing\Feature\DocumentationSearchPageTest" classname="Hyde.Framework.Testing.Feature.DocumentationSearchPageTest" file="/home/runner/work/develop/develop/packages/framework/tests/Feature/DocumentationSearchPageTest.php" line="56" assertions="1" time="0.027304"/>
        <testcase name="testStaticRouteKeyHelper" class="Hyde\Framework\Testing\Feature\DocumentationSearchPageTest" classname="Hyde.Framework.Testing.Feature.DocumentationSearchPageTest" file="/home/runner/work/develop/develop/packages/framework/tests/Feature/DocumentationSearchPageTest.php" line="63" assertions="1" time="0.021276"/>
        <testcase name="testStaticRouteKeyHelperWithCustomOutputDirectory" class="Hyde\Framework\Testing\Feature\DocumentationSearchPageTest" classname="Hyde.Framework.Testing.Feature.DocumentationSearchPageTest" file="/home/runner/work/develop/develop/packages/framework/tests/Feature/DocumentationSearchPageTest.php" line="68" assertions="1" time="0.021287"/>
      </testsuite>
      <testsuite name="Hyde\Framework\Testing\Feature\FeaturedImageFactoryTest" file="/home/runner/work/develop/develop/packages/framework/tests/Feature/FeaturedImageFactoryTest.php" tests="10" assertions="31" errors="0" warnings="0" failures="0" skipped="0" time="0.224348">
        <testcase name="testWithDataFromSchema" class="Hyde\Framework\Testing\Feature\FeaturedImageFactoryTest" classname="Hyde.Framework.Testing.Feature.FeaturedImageFactoryTest" file="/home/runner/work/develop/develop/packages/framework/tests/Feature/FeaturedImageFactoryTest.php" line="21" assertions="1" time="0.020893"/>
        <testcase name="testMakeMethodCreatesLocalImageWhenPathIsSet" class="Hyde\Framework\Testing\Feature\FeaturedImageFactoryTest" classname="Hyde.Framework.Testing.Feature.FeaturedImageFactoryTest" file="/home/runner/work/develop/develop/packages/framework/tests/Feature/FeaturedImageFactoryTest.php" line="51" assertions="2" time="0.021053"/>
        <testcase name="testMakeMethodCreatesRemoteImageWhenUrlIsSet" class="Hyde\Framework\Testing\Feature\FeaturedImageFactoryTest" classname="Hyde.Framework.Testing.Feature.FeaturedImageFactoryTest" file="/home/runner/work/develop/develop/packages/framework/tests/Feature/FeaturedImageFactoryTest.php" line="61" assertions="2" time="0.020673"/>
        <testcase name="testMakeMethodCreatesRemoteImageWhenBothUrlAndPathIsSet" class="Hyde\Framework\Testing\Feature\FeaturedImageFactoryTest" classname="Hyde.Framework.Testing.Feature.FeaturedImageFactoryTest" file="/home/runner/work/develop/develop/packages/framework/tests/Feature/FeaturedImageFactoryTest.php" line="71" assertions="2" time="0.029201"/>
        <testcase name="testMakeMethodThrowsExceptionIfNoPathInformationIsSet" class="Hyde\Framework\Testing\Feature\FeaturedImageFactoryTest" classname="Hyde.Framework.Testing.Feature.FeaturedImageFactoryTest" file="/home/runner/work/develop/develop/packages/framework/tests/Feature/FeaturedImageFactoryTest.php" line="82" assertions="2" time="0.021176"/>
        <testcase name="testMakeMethodCanCreateImageFromJustString" class="Hyde\Framework\Testing\Feature\FeaturedImageFactoryTest" classname="Hyde.Framework.Testing.Feature.FeaturedImageFactoryTest" file="/home/runner/work/develop/develop/packages/framework/tests/Feature/FeaturedImageFactoryTest.php" line="90" assertions="2" time="0.021775"/>
        <testcase name="testMakeMethodCanCreateImageFromJustStringWithUrl" class="Hyde\Framework\Testing\Feature\FeaturedImageFactoryTest" classname="Hyde.Framework.Testing.Feature.FeaturedImageFactoryTest" file="/home/runner/work/develop/develop/packages/framework/tests/Feature/FeaturedImageFactoryTest.php" line="100" assertions="2" time="0.021034"/>
        <testcase name="testImagePathsAreNormalized" class="Hyde\Framework\Testing\Feature\FeaturedImageFactoryTest" classname="Hyde.Framework.Testing.Feature.FeaturedImageFactoryTest" file="/home/runner/work/develop/develop/packages/framework/tests/Feature/FeaturedImageFactoryTest.php" line="110" assertions="6" time="0.022820"/>
        <testcase name="testImagePathsAreNormalizedForCustomizedMediaDirectory" class="Hyde\Framework\Testing\Feature\FeaturedImageFactoryTest" classname="Hyde.Framework.Testing.Feature.FeaturedImageFactoryTest" file="/home/runner/work/develop/develop/packages/framework/tests/Feature/FeaturedImageFactoryTest.php" line="121" assertions="6" time="0.022911"/>
        <testcase name="testImagePathsAreNormalizedForCustomizedMediaDirectoryWithoutUnderscore" class="Hyde\Framework\Testing\Feature\FeaturedImageFactoryTest" classname="Hyde.Framework.Testing.Feature.FeaturedImageFactoryTest" file="/home/runner/work/develop/develop/packages/framework/tests/Feature/FeaturedImageFactoryTest.php" line="134" assertions="6" time="0.022811"/>
      </testsuite>
      <testsuite name="Hyde\Framework\Testing\Feature\FeaturedImageTest" file="/home/runner/work/develop/develop/packages/framework/tests/Feature/FeaturedImageTest.php" tests="26" assertions="57" errors="0" warnings="0" failures="0" skipped="0" time="0.566978">
        <testcase name="testGetAltText" class="Hyde\Framework\Testing\Feature\FeaturedImageTest" classname="Hyde.Framework.Testing.Feature.FeaturedImageTest" file="/home/runner/work/develop/develop/packages/framework/tests/Feature/FeaturedImageTest.php" line="23" assertions="2" time="0.020277"/>
        <testcase name="testGetTitleText" class="Hyde\Framework\Testing\Feature\FeaturedImageTest" classname="Hyde.Framework.Testing.Feature.FeaturedImageTest" file="/home/runner/work/develop/develop/packages/framework/tests/Feature/FeaturedImageTest.php" line="29" assertions="2" time="0.020995"/>
        <testcase name="testGetAuthorName" class="Hyde\Framework\Testing\Feature\FeaturedImageTest" classname="Hyde.Framework.Testing.Feature.FeaturedImageTest" file="/home/runner/work/develop/develop/packages/framework/tests/Feature/FeaturedImageTest.php" line="35" assertions="2" time="0.021124"/>
        <testcase name="testGetAuthorUrl" class="Hyde\Framework\Testing\Feature\FeaturedImageTest" classname="Hyde.Framework.Testing.Feature.FeaturedImageTest" file="/home/runner/work/develop/develop/packages/framework/tests/Feature/FeaturedImageTest.php" line="41" assertions="2" time="0.020891"/>
        <testcase name="testGetCopyrightText" class="Hyde\Framework\Testing\Feature\FeaturedImageTest" classname="Hyde.Framework.Testing.Feature.FeaturedImageTest" file="/home/runner/work/develop/develop/packages/framework/tests/Feature/FeaturedImageTest.php" line="47" assertions="2" time="0.020889"/>
        <testcase name="testGetLicenseName" class="Hyde\Framework\Testing\Feature\FeaturedImageTest" classname="Hyde.Framework.Testing.Feature.FeaturedImageTest" file="/home/runner/work/develop/develop/packages/framework/tests/Feature/FeaturedImageTest.php" line="53" assertions="2" time="0.020856"/>
        <testcase name="testGetLicenseUrl" class="Hyde\Framework\Testing\Feature\FeaturedImageTest" classname="Hyde.Framework.Testing.Feature.FeaturedImageTest" file="/home/runner/work/develop/develop/packages/framework/tests/Feature/FeaturedImageTest.php" line="59" assertions="2" time="0.022035"/>
        <testcase name="testHasAltText" class="Hyde\Framework\Testing\Feature\FeaturedImageTest" classname="Hyde.Framework.Testing.Feature.FeaturedImageTest" file="/home/runner/work/develop/develop/packages/framework/tests/Feature/FeaturedImageTest.php" line="65" assertions="2" time="0.022337"/>
        <testcase name="testHasTitleText" class="Hyde\Framework\Testing\Feature\FeaturedImageTest" classname="Hyde.Framework.Testing.Feature.FeaturedImageTest" file="/home/runner/work/develop/develop/packages/framework/tests/Feature/FeaturedImageTest.php" line="71" assertions="2" time="0.021445"/>
        <testcase name="testHasAuthorName" class="Hyde\Framework\Testing\Feature\FeaturedImageTest" classname="Hyde.Framework.Testing.Feature.FeaturedImageTest" file="/home/runner/work/develop/develop/packages/framework/tests/Feature/FeaturedImageTest.php" line="77" assertions="2" time="0.021104"/>
        <testcase name="testHasAuthorUrl" class="Hyde\Framework\Testing\Feature\FeaturedImageTest" classname="Hyde.Framework.Testing.Feature.FeaturedImageTest" file="/home/runner/work/develop/develop/packages/framework/tests/Feature/FeaturedImageTest.php" line="83" assertions="2" time="0.020859"/>
        <testcase name="testHasCopyrightText" class="Hyde\Framework\Testing\Feature\FeaturedImageTest" classname="Hyde.Framework.Testing.Feature.FeaturedImageTest" file="/home/runner/work/develop/develop/packages/framework/tests/Feature/FeaturedImageTest.php" line="89" assertions="2" time="0.020827"/>
        <testcase name="testHasLicenseName" class="Hyde\Framework\Testing\Feature\FeaturedImageTest" classname="Hyde.Framework.Testing.Feature.FeaturedImageTest" file="/home/runner/work/develop/develop/packages/framework/tests/Feature/FeaturedImageTest.php" line="95" assertions="2" time="0.021102"/>
        <testcase name="testHasLicenseUrl" class="Hyde\Framework\Testing\Feature\FeaturedImageTest" classname="Hyde.Framework.Testing.Feature.FeaturedImageTest" file="/home/runner/work/develop/develop/packages/framework/tests/Feature/FeaturedImageTest.php" line="101" assertions="2" time="0.020724"/>
        <testcase name="testGetMetadataArray" class="Hyde\Framework\Testing\Feature\FeaturedImageTest" classname="Hyde.Framework.Testing.Feature.FeaturedImageTest" file="/home/runner/work/develop/develop/packages/framework/tests/Feature/FeaturedImageTest.php" line="107" assertions="2" time="0.020837"/>
        <testcase name="testGetContentLength" class="Hyde\Framework\Testing\Feature\FeaturedImageTest" classname="Hyde.Framework.Testing.Feature.FeaturedImageTest" file="/home/runner/work/develop/develop/packages/framework/tests/Feature/FeaturedImageTest.php" line="122" assertions="2" time="0.020941"/>
        <testcase name="testCanConstructLocalFeaturedImage" class="Hyde\Framework\Testing\Feature\FeaturedImageTest" classname="Hyde.Framework.Testing.Feature.FeaturedImageTest" file="/home/runner/work/develop/develop/packages/framework/tests/Feature/FeaturedImageTest.php" line="128" assertions="3" time="0.021202"/>
        <testcase name="testFeaturedImageGetContentLength" class="Hyde\Framework\Testing\Feature\FeaturedImageTest" classname="Hyde.Framework.Testing.Feature.FeaturedImageTest" file="/home/runner/work/develop/develop/packages/framework/tests/Feature/FeaturedImageTest.php" line="137" assertions="1" time="0.021728"/>
        <testcase name="testFeaturedImageGetContentLengthWithNoSource" class="Hyde\Framework\Testing\Feature\FeaturedImageTest" classname="Hyde.Framework.Testing.Feature.FeaturedImageTest" file="/home/runner/work/develop/develop/packages/framework/tests/Feature/FeaturedImageTest.php" line="145" assertions="2" time="0.021294"/>
        <testcase name="testCanConstructRemoteFeaturedImage" class="Hyde\Framework\Testing\Feature\FeaturedImageTest" classname="Hyde.Framework.Testing.Feature.FeaturedImageTest" file="/home/runner/work/develop/develop/packages/framework/tests/Feature/FeaturedImageTest.php" line="154" assertions="3" time="0.020806"/>
        <testcase name="testCanConstructRemoteFeaturedImageWithHttps" class="Hyde\Framework\Testing\Feature\FeaturedImageTest" classname="Hyde.Framework.Testing.Feature.FeaturedImageTest" file="/home/runner/work/develop/develop/packages/framework/tests/Feature/FeaturedImageTest.php" line="163" assertions="3" time="0.020811"/>
        <testcase name="testCanConstructRemoteFeaturedImageWithInvalidSource" class="Hyde\Framework\Testing\Feature\FeaturedImageTest" classname="Hyde.Framework.Testing.Feature.FeaturedImageTest" file="/home/runner/work/develop/develop/packages/framework/tests/Feature/FeaturedImageTest.php" line="172" assertions="1" time="0.020827"/>
        <testcase name="testFeaturedImageGetContentLengthWithRemoteSource" class="Hyde\Framework\Testing\Feature\FeaturedImageTest" classname="Hyde.Framework.Testing.Feature.FeaturedImageTest" file="/home/runner/work/develop/develop/packages/framework/tests/Feature/FeaturedImageTest.php" line="178" assertions="1" time="0.034220"/>
        <testcase name="testFeaturedImageGetContentLengthWithRemoteSourceAndNotFoundResponse" class="Hyde\Framework\Testing\Feature\FeaturedImageTest" classname="Hyde.Framework.Testing.Feature.FeaturedImageTest" file="/home/runner/work/develop/develop/packages/framework/tests/Feature/FeaturedImageTest.php" line="190" assertions="1" time="0.022574"/>
        <testcase name="testFeaturedImageGetContentLengthWithRemoteSourceAndInvalidResponse" class="Hyde\Framework\Testing\Feature\FeaturedImageTest" classname="Hyde.Framework.Testing.Feature.FeaturedImageTest" file="/home/runner/work/develop/develop/packages/framework/tests/Feature/FeaturedImageTest.php" line="200" assertions="1" time="0.023253"/>
        <testcase name="testGetSourceMethod" class="Hyde\Framework\Testing\Feature\FeaturedImageTest" classname="Hyde.Framework.Testing.Feature.FeaturedImageTest" file="/home/runner/work/develop/develop/packages/framework/tests/Feature/FeaturedImageTest.php" line="212" assertions="9" time="0.023021"/>
      </testsuite>
      <testsuite name="Hyde\Framework\Testing\Feature\FileCollectionTest" file="/home/runner/work/develop/develop/packages/framework/tests/Feature/FileCollectionTest.php" tests="9" assertions="15" errors="0" warnings="0" failures="0" skipped="0" time="0.214269">
        <testcase name="test_boot_method_creates_new_page_collection_and_discovers_pages_automatically" class="Hyde\Framework\Testing\Feature\FileCollectionTest" classname="Hyde.Framework.Testing.Feature.FileCollectionTest" file="/home/runner/work/develop/develop/packages/framework/tests/Feature/FileCollectionTest.php" line="24" assertions="3" time="0.022147"/>
        <testcase name="test_get_source_files_returns_all_discovered_source_files_when_no_parameter_is_supplied" class="Hyde\Framework\Testing\Feature\FileCollectionTest" classname="Hyde.Framework.Testing.Feature.FileCollectionTest" file="/home/runner/work/develop/develop/packages/framework/tests/Feature/FileCollectionTest.php" line="37" assertions="1" time="0.022683"/>
        <testcase name="test_get_source_files_does_not_include_non_page_source_files" class="Hyde\Framework\Testing\Feature\FileCollectionTest" classname="Hyde.Framework.Testing.Feature.FileCollectionTest" file="/home/runner/work/develop/develop/packages/framework/tests/Feature/FileCollectionTest.php" line="47" assertions="1" time="0.023032"/>
        <testcase name="test_get_media_files_returns_all_discovered_media_files" class="Hyde\Framework\Testing\Feature\FileCollectionTest" classname="Hyde.Framework.Testing.Feature.FileCollectionTest" file="/home/runner/work/develop/develop/packages/framework/tests/Feature/FileCollectionTest.php" line="58" assertions="1" time="0.022805"/>
        <testcase name="test_get_media_files_does_not_include_non_media_files" class="Hyde\Framework\Testing\Feature\FileCollectionTest" classname="Hyde.Framework.Testing.Feature.FileCollectionTest" file="/home/runner/work/develop/develop/packages/framework/tests/Feature/FileCollectionTest.php" line="66" assertions="1" time="0.030682"/>
        <testcase name="test_blade_pages_are_discovered" class="Hyde\Framework\Testing\Feature\FileCollectionTest" classname="Hyde.Framework.Testing.Feature.FileCollectionTest" file="/home/runner/work/develop/develop/packages/framework/tests/Feature/FileCollectionTest.php" line="75" assertions="2" time="0.023008"/>
        <testcase name="test_markdown_pages_are_discovered" class="Hyde\Framework\Testing\Feature\FileCollectionTest" classname="Hyde.Framework.Testing.Feature.FileCollectionTest" file="/home/runner/work/develop/develop/packages/framework/tests/Feature/FileCollectionTest.php" line="84" assertions="2" time="0.024124"/>
        <testcase name="test_markdown_posts_are_discovered" class="Hyde\Framework\Testing\Feature\FileCollectionTest" classname="Hyde.Framework.Testing.Feature.FileCollectionTest" file="/home/runner/work/develop/develop/packages/framework/tests/Feature/FileCollectionTest.php" line="93" assertions="2" time="0.022883"/>
        <testcase name="test_documentation_pages_are_discovered" class="Hyde\Framework\Testing\Feature\FileCollectionTest" classname="Hyde.Framework.Testing.Feature.FileCollectionTest" file="/home/runner/work/develop/develop/packages/framework/tests/Feature/FileCollectionTest.php" line="102" assertions="2" time="0.022906"/>
      </testsuite>
      <testsuite name="Hyde\Framework\Testing\Feature\FilesystemFacadeTest" file="/home/runner/work/develop/develop/packages/framework/tests/Feature/FilesystemFacadeTest.php" tests="59" assertions="66" errors="0" warnings="0" failures="0" skipped="0" time="1.274188">
        <testcase name="testBasePath" class="Hyde\Framework\Testing\Feature\FilesystemFacadeTest" classname="Hyde.Framework.Testing.Feature.FilesystemFacadeTest" file="/home/runner/work/develop/develop/packages/framework/tests/Feature/FilesystemFacadeTest.php" line="21" assertions="1" time="0.021518"/>
        <testcase name="testAbsolutePath" class="Hyde\Framework\Testing\Feature\FilesystemFacadeTest" classname="Hyde.Framework.Testing.Feature.FilesystemFacadeTest" file="/home/runner/work/develop/develop/packages/framework/tests/Feature/FilesystemFacadeTest.php" line="26" assertions="2" time="0.020905"/>
        <testcase name="testRelativePath" class="Hyde\Framework\Testing\Feature\FilesystemFacadeTest" classname="Hyde.Framework.Testing.Feature.FilesystemFacadeTest" file="/home/runner/work/develop/develop/packages/framework/tests/Feature/FilesystemFacadeTest.php" line="32" assertions="3" time="0.020978"/>
        <testcase name="testSmartGlob" class="Hyde\Framework\Testing\Feature\FilesystemFacadeTest" classname="Hyde.Framework.Testing.Feature.FilesystemFacadeTest" file="/home/runner/work/develop/develop/packages/framework/tests/Feature/FilesystemFacadeTest.php" line="39" assertions="2" time="0.028651"/>
        <testcase name="testTouch" class="Hyde\Framework\Testing\Feature\FilesystemFacadeTest" classname="Hyde.Framework.Testing.Feature.FilesystemFacadeTest" file="/home/runner/work/develop/develop/packages/framework/tests/Feature/FilesystemFacadeTest.php" line="53" assertions="1" time="0.020977"/>
        <testcase name="testUnlink" class="Hyde\Framework\Testing\Feature\FilesystemFacadeTest" classname="Hyde.Framework.Testing.Feature.FilesystemFacadeTest" file="/home/runner/work/develop/develop/packages/framework/tests/Feature/FilesystemFacadeTest.php" line="61" assertions="1" time="0.021073"/>
        <testcase name="testUnlinkIfExists" class="Hyde\Framework\Testing\Feature\FilesystemFacadeTest" classname="Hyde.Framework.Testing.Feature.FilesystemFacadeTest" file="/home/runner/work/develop/develop/packages/framework/tests/Feature/FilesystemFacadeTest.php" line="69" assertions="1" time="0.022333"/>
        <testcase name="testGetContents" class="Hyde\Framework\Testing\Feature\FilesystemFacadeTest" classname="Hyde.Framework.Testing.Feature.FilesystemFacadeTest" file="/home/runner/work/develop/develop/packages/framework/tests/Feature/FilesystemFacadeTest.php" line="77" assertions="1" time="0.021669"/>
        <testcase name="testPutContents" class="Hyde\Framework\Testing\Feature\FilesystemFacadeTest" classname="Hyde.Framework.Testing.Feature.FilesystemFacadeTest" file="/home/runner/work/develop/develop/packages/framework/tests/Feature/FilesystemFacadeTest.php" line="84" assertions="1" time="0.021197"/>
        <testcase name="testExists" class="Hyde\Framework\Testing\Feature\FilesystemFacadeTest" classname="Hyde.Framework.Testing.Feature.FilesystemFacadeTest" file="/home/runner/work/develop/develop/packages/framework/tests/Feature/FilesystemFacadeTest.php" line="91" assertions="1" time="0.021227"/>
        <testcase name="testMissing" class="Hyde\Framework\Testing\Feature\FilesystemFacadeTest" classname="Hyde.Framework.Testing.Feature.FilesystemFacadeTest" file="/home/runner/work/develop/develop/packages/framework/tests/Feature/FilesystemFacadeTest.php" line="98" assertions="1" time="0.021189"/>
        <testcase name="testGet" class="Hyde\Framework\Testing\Feature\FilesystemFacadeTest" classname="Hyde.Framework.Testing.Feature.FilesystemFacadeTest" file="/home/runner/work/develop/develop/packages/framework/tests/Feature/FilesystemFacadeTest.php" line="105" assertions="1" time="0.021294"/>
        <testcase name="testSharedGet" class="Hyde\Framework\Testing\Feature\FilesystemFacadeTest" classname="Hyde.Framework.Testing.Feature.FilesystemFacadeTest" file="/home/runner/work/develop/develop/packages/framework/tests/Feature/FilesystemFacadeTest.php" line="112" assertions="1" time="0.021091"/>
        <testcase name="testGetRequire" class="Hyde\Framework\Testing\Feature\FilesystemFacadeTest" classname="Hyde.Framework.Testing.Feature.FilesystemFacadeTest" file="/home/runner/work/develop/develop/packages/framework/tests/Feature/FilesystemFacadeTest.php" line="119" assertions="1" time="0.021253"/>
        <testcase name="testRequireOnce" class="Hyde\Framework\Testing\Feature\FilesystemFacadeTest" classname="Hyde.Framework.Testing.Feature.FilesystemFacadeTest" file="/home/runner/work/develop/develop/packages/framework/tests/Feature/FilesystemFacadeTest.php" line="126" assertions="1" time="0.021581"/>
        <testcase name="testLines" class="Hyde\Framework\Testing\Feature\FilesystemFacadeTest" classname="Hyde.Framework.Testing.Feature.FilesystemFacadeTest" file="/home/runner/work/develop/develop/packages/framework/tests/Feature/FilesystemFacadeTest.php" line="133" assertions="1" time="0.022675"/>
        <testcase name="testHash" class="Hyde\Framework\Testing\Feature\FilesystemFacadeTest" classname="Hyde.Framework.Testing.Feature.FilesystemFacadeTest" file="/home/runner/work/develop/develop/packages/framework/tests/Feature/FilesystemFacadeTest.php" line="140" assertions="1" time="0.021119"/>
        <testcase name="testPut" class="Hyde\Framework\Testing\Feature\FilesystemFacadeTest" classname="Hyde.Framework.Testing.Feature.FilesystemFacadeTest" file="/home/runner/work/develop/develop/packages/framework/tests/Feature/FilesystemFacadeTest.php" line="147" assertions="1" time="0.021328"/>
        <testcase name="testReplace" class="Hyde\Framework\Testing\Feature\FilesystemFacadeTest" classname="Hyde.Framework.Testing.Feature.FilesystemFacadeTest" file="/home/runner/work/develop/develop/packages/framework/tests/Feature/FilesystemFacadeTest.php" line="154" assertions="1" time="0.021487"/>
        <testcase name="testReplaceInFile" class="Hyde\Framework\Testing\Feature\FilesystemFacadeTest" classname="Hyde.Framework.Testing.Feature.FilesystemFacadeTest" file="/home/runner/work/develop/develop/packages/framework/tests/Feature/FilesystemFacadeTest.php" line="161" assertions="1" time="0.021348"/>
        <testcase name="testPrepend" class="Hyde\Framework\Testing\Feature\FilesystemFacadeTest" classname="Hyde.Framework.Testing.Feature.FilesystemFacadeTest" file="/home/runner/work/develop/develop/packages/framework/tests/Feature/FilesystemFacadeTest.php" line="168" assertions="1" time="0.021396"/>
        <testcase name="testAppend" class="Hyde\Framework\Testing\Feature\FilesystemFacadeTest" classname="Hyde.Framework.Testing.Feature.FilesystemFacadeTest" file="/home/runner/work/develop/develop/packages/framework/tests/Feature/FilesystemFacadeTest.php" line="175" assertions="1" time="0.021566"/>
        <testcase name="testChmod" class="Hyde\Framework\Testing\Feature\FilesystemFacadeTest" classname="Hyde.Framework.Testing.Feature.FilesystemFacadeTest" file="/home/runner/work/develop/develop/packages/framework/tests/Feature/FilesystemFacadeTest.php" line="182" assertions="1" time="0.021392"/>
        <testcase name="testDelete" class="Hyde\Framework\Testing\Feature\FilesystemFacadeTest" classname="Hyde.Framework.Testing.Feature.FilesystemFacadeTest" file="/home/runner/work/develop/develop/packages/framework/tests/Feature/FilesystemFacadeTest.php" line="189" assertions="1" time="0.021383"/>
        <testcase name="testDeleteWithArray" class="Hyde\Framework\Testing\Feature\FilesystemFacadeTest" classname="Hyde.Framework.Testing.Feature.FilesystemFacadeTest" file="/home/runner/work/develop/develop/packages/framework/tests/Feature/FilesystemFacadeTest.php" line="196" assertions="1" time="0.021310"/>
        <testcase name="testMove" class="Hyde\Framework\Testing\Feature\FilesystemFacadeTest" classname="Hyde.Framework.Testing.Feature.FilesystemFacadeTest" file="/home/runner/work/develop/develop/packages/framework/tests/Feature/FilesystemFacadeTest.php" line="203" assertions="1" time="0.021290"/>
        <testcase name="testCopy" class="Hyde\Framework\Testing\Feature\FilesystemFacadeTest" classname="Hyde.Framework.Testing.Feature.FilesystemFacadeTest" file="/home/runner/work/develop/develop/packages/framework/tests/Feature/FilesystemFacadeTest.php" line="210" assertions="1" time="0.021425"/>
        <testcase name="testLink" class="Hyde\Framework\Testing\Feature\FilesystemFacadeTest" classname="Hyde.Framework.Testing.Feature.FilesystemFacadeTest" file="/home/runner/work/develop/develop/packages/framework/tests/Feature/FilesystemFacadeTest.php" line="217" assertions="1" time="0.021150"/>
        <testcase name="testRelativeLink" class="Hyde\Framework\Testing\Feature\FilesystemFacadeTest" classname="Hyde.Framework.Testing.Feature.FilesystemFacadeTest" file="/home/runner/work/develop/develop/packages/framework/tests/Feature/FilesystemFacadeTest.php" line="224" assertions="1" time="0.021430"/>
        <testcase name="testName" class="Hyde\Framework\Testing\Feature\FilesystemFacadeTest" classname="Hyde.Framework.Testing.Feature.FilesystemFacadeTest" file="/home/runner/work/develop/develop/packages/framework/tests/Feature/FilesystemFacadeTest.php" line="231" assertions="1" time="0.021101"/>
        <testcase name="testBasename" class="Hyde\Framework\Testing\Feature\FilesystemFacadeTest" classname="Hyde.Framework.Testing.Feature.FilesystemFacadeTest" file="/home/runner/work/develop/develop/packages/framework/tests/Feature/FilesystemFacadeTest.php" line="238" assertions="1" time="0.021032"/>
        <testcase name="testDirname" class="Hyde\Framework\Testing\Feature\FilesystemFacadeTest" classname="Hyde.Framework.Testing.Feature.FilesystemFacadeTest" file="/home/runner/work/develop/develop/packages/framework/tests/Feature/FilesystemFacadeTest.php" line="245" assertions="1" time="0.029640"/>
        <testcase name="testExtension" class="Hyde\Framework\Testing\Feature\FilesystemFacadeTest" classname="Hyde.Framework.Testing.Feature.FilesystemFacadeTest" file="/home/runner/work/develop/develop/packages/framework/tests/Feature/FilesystemFacadeTest.php" line="252" assertions="1" time="0.021559"/>
        <testcase name="testGuessExtension" class="Hyde\Framework\Testing\Feature\FilesystemFacadeTest" classname="Hyde.Framework.Testing.Feature.FilesystemFacadeTest" file="/home/runner/work/develop/develop/packages/framework/tests/Feature/FilesystemFacadeTest.php" line="259" assertions="1" time="0.021487"/>
        <testcase name="testType" class="Hyde\Framework\Testing\Feature\FilesystemFacadeTest" classname="Hyde.Framework.Testing.Feature.FilesystemFacadeTest" file="/home/runner/work/develop/develop/packages/framework/tests/Feature/FilesystemFacadeTest.php" line="266" assertions="1" time="0.021451"/>
        <testcase name="testMimeType" class="Hyde\Framework\Testing\Feature\FilesystemFacadeTest" classname="Hyde.Framework.Testing.Feature.FilesystemFacadeTest" file="/home/runner/work/develop/develop/packages/framework/tests/Feature/FilesystemFacadeTest.php" line="273" assertions="1" time="0.021350"/>
        <testcase name="testSize" class="Hyde\Framework\Testing\Feature\FilesystemFacadeTest" classname="Hyde.Framework.Testing.Feature.FilesystemFacadeTest" file="/home/runner/work/develop/develop/packages/framework/tests/Feature/FilesystemFacadeTest.php" line="280" assertions="1" time="0.022612"/>
        <testcase name="testLastModified" class="Hyde\Framework\Testing\Feature\FilesystemFacadeTest" classname="Hyde.Framework.Testing.Feature.FilesystemFacadeTest" file="/home/runner/work/develop/develop/packages/framework/tests/Feature/FilesystemFacadeTest.php" line="287" assertions="1" time="0.021265"/>
        <testcase name="testIsDirectory" class="Hyde\Framework\Testing\Feature\FilesystemFacadeTest" classname="Hyde.Framework.Testing.Feature.FilesystemFacadeTest" file="/home/runner/work/develop/develop/packages/framework/tests/Feature/FilesystemFacadeTest.php" line="294" assertions="1" time="0.021147"/>
        <testcase name="testIsEmptyDirectory" class="Hyde\Framework\Testing\Feature\FilesystemFacadeTest" classname="Hyde.Framework.Testing.Feature.FilesystemFacadeTest" file="/home/runner/work/develop/develop/packages/framework/tests/Feature/FilesystemFacadeTest.php" line="301" assertions="1" time="0.021182"/>
        <testcase name="testIsReadable" class="Hyde\Framework\Testing\Feature\FilesystemFacadeTest" classname="Hyde.Framework.Testing.Feature.FilesystemFacadeTest" file="/home/runner/work/develop/develop/packages/framework/tests/Feature/FilesystemFacadeTest.php" line="308" assertions="1" time="0.021199"/>
        <testcase name="testIsWritable" class="Hyde\Framework\Testing\Feature\FilesystemFacadeTest" classname="Hyde.Framework.Testing.Feature.FilesystemFacadeTest" file="/home/runner/work/develop/develop/packages/framework/tests/Feature/FilesystemFacadeTest.php" line="315" assertions="1" time="0.021350"/>
        <testcase name="testHasSameHash" class="Hyde\Framework\Testing\Feature\FilesystemFacadeTest" classname="Hyde.Framework.Testing.Feature.FilesystemFacadeTest" file="/home/runner/work/develop/develop/packages/framework/tests/Feature/FilesystemFacadeTest.php" line="322" assertions="1" time="0.021479"/>
        <testcase name="testIsFile" class="Hyde\Framework\Testing\Feature\FilesystemFacadeTest" classname="Hyde.Framework.Testing.Feature.FilesystemFacadeTest" file="/home/runner/work/develop/develop/packages/framework/tests/Feature/FilesystemFacadeTest.php" line="329" assertions="1" time="0.021315"/>
        <testcase name="testGlob" class="Hyde\Framework\Testing\Feature\FilesystemFacadeTest" classname="Hyde.Framework.Testing.Feature.FilesystemFacadeTest" file="/home/runner/work/develop/develop/packages/framework/tests/Feature/FilesystemFacadeTest.php" line="336" assertions="1" time="0.021249"/>
        <testcase name="testFiles" class="Hyde\Framework\Testing\Feature\FilesystemFacadeTest" classname="Hyde.Framework.Testing.Feature.FilesystemFacadeTest" file="/home/runner/work/develop/develop/packages/framework/tests/Feature/FilesystemFacadeTest.php" line="343" assertions="1" time="0.021217"/>
        <testcase name="testAllFiles" class="Hyde\Framework\Testing\Feature\FilesystemFacadeTest" classname="Hyde.Framework.Testing.Feature.FilesystemFacadeTest" file="/home/runner/work/develop/develop/packages/framework/tests/Feature/FilesystemFacadeTest.php" line="350" assertions="1" time="0.021205"/>
        <testcase name="testDirectories" class="Hyde\Framework\Testing\Feature\FilesystemFacadeTest" classname="Hyde.Framework.Testing.Feature.FilesystemFacadeTest" file="/home/runner/work/develop/develop/packages/framework/tests/Feature/FilesystemFacadeTest.php" line="357" assertions="1" time="0.021203"/>
        <testcase name="testEnsureDirectoryExists" class="Hyde\Framework\Testing\Feature\FilesystemFacadeTest" classname="Hyde.Framework.Testing.Feature.FilesystemFacadeTest" file="/home/runner/work/develop/develop/packages/framework/tests/Feature/FilesystemFacadeTest.php" line="364" assertions="1" time="0.021105"/>
        <testcase name="testMakeDirectory" class="Hyde\Framework\Testing\Feature\FilesystemFacadeTest" classname="Hyde.Framework.Testing.Feature.FilesystemFacadeTest" file="/home/runner/work/develop/develop/packages/framework/tests/Feature/FilesystemFacadeTest.php" line="371" assertions="1" time="0.021102"/>
        <testcase name="testMoveDirectory" class="Hyde\Framework\Testing\Feature\FilesystemFacadeTest" classname="Hyde.Framework.Testing.Feature.FilesystemFacadeTest" file="/home/runner/work/develop/develop/packages/framework/tests/Feature/FilesystemFacadeTest.php" line="378" assertions="1" time="0.021216"/>
        <testcase name="testCopyDirectory" class="Hyde\Framework\Testing\Feature\FilesystemFacadeTest" classname="Hyde.Framework.Testing.Feature.FilesystemFacadeTest" file="/home/runner/work/develop/develop/packages/framework/tests/Feature/FilesystemFacadeTest.php" line="385" assertions="1" time="0.021591"/>
        <testcase name="testDeleteDirectory" class="Hyde\Framework\Testing\Feature\FilesystemFacadeTest" classname="Hyde.Framework.Testing.Feature.FilesystemFacadeTest" file="/home/runner/work/develop/develop/packages/framework/tests/Feature/FilesystemFacadeTest.php" line="392" assertions="1" time="0.021135"/>
        <testcase name="testDeleteDirectories" class="Hyde\Framework\Testing\Feature\FilesystemFacadeTest" classname="Hyde.Framework.Testing.Feature.FilesystemFacadeTest" file="/home/runner/work/develop/develop/packages/framework/tests/Feature/FilesystemFacadeTest.php" line="399" assertions="1" time="0.021151"/>
        <testcase name="testCleanDirectory" class="Hyde\Framework\Testing\Feature\FilesystemFacadeTest" classname="Hyde.Framework.Testing.Feature.FilesystemFacadeTest" file="/home/runner/work/develop/develop/packages/framework/tests/Feature/FilesystemFacadeTest.php" line="406" assertions="1" time="0.021142"/>
        <testcase name="test_method_without_mocking" class="Hyde\Framework\Testing\Feature\FilesystemFacadeTest" classname="Hyde.Framework.Testing.Feature.FilesystemFacadeTest" file="/home/runner/work/develop/develop/packages/framework/tests/Feature/FilesystemFacadeTest.php" line="413" assertions="2" time="0.021036"/>
        <testcase name="test_method_with_named_arguments" class="Hyde\Framework\Testing\Feature\FilesystemFacadeTest" classname="Hyde.Framework.Testing.Feature.FilesystemFacadeTest" file="/home/runner/work/develop/develop/packages/framework/tests/Feature/FilesystemFacadeTest.php" line="421" assertions="2" time="0.021124"/>
        <testcase name="test_method_with_mixed_sequential_and_named_arguments" class="Hyde\Framework\Testing\Feature\FilesystemFacadeTest" classname="Hyde.Framework.Testing.Feature.FilesystemFacadeTest" file="/home/runner/work/develop/develop/packages/framework/tests/Feature/FilesystemFacadeTest.php" line="429" assertions="2" time="0.021212"/>
        <testcase name="test_method_with_mixed_sequential_and_named_arguments_skipping_middle_one" class="Hyde\Framework\Testing\Feature\FilesystemFacadeTest" classname="Hyde.Framework.Testing.Feature.FilesystemFacadeTest" file="/home/runner/work/develop/develop/packages/framework/tests/Feature/FilesystemFacadeTest.php" line="437" assertions="1" time="0.021100"/>
      </testsuite>
      <testsuite name="Hyde\Framework\Testing\Feature\Foundation\FilesystemTest" file="/home/runner/work/develop/develop/packages/framework/tests/Feature/Foundation/FilesystemTest.php" tests="43" assertions="76" errors="0" warnings="0" failures="0" skipped="0" time="0.907724">
        <testcase name="test_get_base_path_returns_kernels_base_path" class="Hyde\Framework\Testing\Feature\Foundation\FilesystemTest" classname="Hyde.Framework.Testing.Feature.Foundation.FilesystemTest" file="/home/runner/work/develop/develop/packages/framework/tests/Feature/Foundation/FilesystemTest.php" line="41" assertions="1" time="0.020380"/>
        <testcase name="test_path_method_exists" class="Hyde\Framework\Testing\Feature\Foundation\FilesystemTest" classname="Hyde.Framework.Testing.Feature.Foundation.FilesystemTest" file="/home/runner/work/develop/develop/packages/framework/tests/Feature/Foundation/FilesystemTest.php" line="47" assertions="1" time="0.020669"/>
        <testcase name="test_path_method_returns_string" class="Hyde\Framework\Testing\Feature\Foundation\FilesystemTest" classname="Hyde.Framework.Testing.Feature.Foundation.FilesystemTest" file="/home/runner/work/develop/develop/packages/framework/tests/Feature/Foundation/FilesystemTest.php" line="52" assertions="1" time="0.020673"/>
        <testcase name="test_path_method_returns_base_path_when_not_supplied_with_argument" class="Hyde\Framework\Testing\Feature\Foundation\FilesystemTest" classname="Hyde.Framework.Testing.Feature.Foundation.FilesystemTest" file="/home/runner/work/develop/develop/packages/framework/tests/Feature/Foundation/FilesystemTest.php" line="57" assertions="1" time="0.020810"/>
        <testcase name="test_path_method_returns_path_relative_to_base_path_when_supplied_with_argument" class="Hyde\Framework\Testing\Feature\Foundation\FilesystemTest" classname="Hyde.Framework.Testing.Feature.Foundation.FilesystemTest" file="/home/runner/work/develop/develop/packages/framework/tests/Feature/Foundation/FilesystemTest.php" line="63" assertions="1" time="0.020782"/>
        <testcase name="test_path_method_returns_qualified_file_path_when_supplied_with_argument" class="Hyde\Framework\Testing\Feature\Foundation\FilesystemTest" classname="Hyde.Framework.Testing.Feature.Foundation.FilesystemTest" file="/home/runner/work/develop/develop/packages/framework/tests/Feature/Foundation/FilesystemTest.php" line="69" assertions="1" time="0.021703"/>
        <testcase name="test_path_method_returns_expected_value_for_nested_path_arguments" class="Hyde\Framework\Testing\Feature\Foundation\FilesystemTest" classname="Hyde.Framework.Testing.Feature.Foundation.FilesystemTest" file="/home/runner/work/develop/develop/packages/framework/tests/Feature/Foundation/FilesystemTest.php" line="75" assertions="1" time="0.020713"/>
        <testcase name="test_path_method_strips_trailing_directory_separators_from_argument" class="Hyde\Framework\Testing\Feature\Foundation\FilesystemTest" classname="Hyde.Framework.Testing.Feature.Foundation.FilesystemTest" file="/home/runner/work/develop/develop/packages/framework/tests/Feature/Foundation/FilesystemTest.php" line="81" assertions="1" time="0.020678"/>
        <testcase name="test_path_method_returns_expected_value_regardless_of_trailing_directory_separators_in_argument" class="Hyde\Framework\Testing\Feature\Foundation\FilesystemTest" classname="Hyde.Framework.Testing.Feature.Foundation.FilesystemTest" file="/home/runner/work/develop/develop/packages/framework/tests/Feature/Foundation/FilesystemTest.php" line="87" assertions="1" time="0.020678"/>
        <testcase name="test_vendor_path_method_exists" class="Hyde\Framework\Testing\Feature\Foundation\FilesystemTest" classname="Hyde.Framework.Testing.Feature.Foundation.FilesystemTest" file="/home/runner/work/develop/develop/packages/framework/tests/Feature/Foundation/FilesystemTest.php" line="93" assertions="1" time="0.029000"/>
        <testcase name="test_vendor_path_method_returns_string" class="Hyde\Framework\Testing\Feature\Foundation\FilesystemTest" classname="Hyde.Framework.Testing.Feature.Foundation.FilesystemTest" file="/home/runner/work/develop/develop/packages/framework/tests/Feature/Foundation/FilesystemTest.php" line="98" assertions="1" time="0.020855"/>
        <testcase name="test_vendor_path_method_returns_qualified_file_path_when_supplied_with_argument" class="Hyde\Framework\Testing\Feature\Foundation\FilesystemTest" classname="Hyde.Framework.Testing.Feature.Foundation.FilesystemTest" file="/home/runner/work/develop/develop/packages/framework/tests/Feature/Foundation/FilesystemTest.php" line="103" assertions="1" time="0.020949"/>
        <testcase name="test_vendor_path_method_returns_expected_value_regardless_of_trailing_directory_separators_in_argument" class="Hyde\Framework\Testing\Feature\Foundation\FilesystemTest" classname="Hyde.Framework.Testing.Feature.Foundation.FilesystemTest" file="/home/runner/work/develop/develop/packages/framework/tests/Feature/Foundation/FilesystemTest.php" line="108" assertions="1" time="0.020804"/>
        <testcase name="test_vendor_path_can_specify_which_hyde_package_to_use" class="Hyde\Framework\Testing\Feature\Foundation\FilesystemTest" classname="Hyde.Framework.Testing.Feature.Foundation.FilesystemTest" file="/home/runner/work/develop/develop/packages/framework/tests/Feature/Foundation/FilesystemTest.php" line="114" assertions="2" time="0.020845"/>
        <testcase name="test_copy_method" class="Hyde\Framework\Testing\Feature\Foundation\FilesystemTest" classname="Hyde.Framework.Testing.Feature.Foundation.FilesystemTest" file="/home/runner/work/develop/develop/packages/framework/tests/Feature/Foundation/FilesystemTest.php" line="120" assertions="3" time="0.020981"/>
        <testcase name="test_touch_helper_creates_file_at_given_path" class="Hyde\Framework\Testing\Feature\Foundation\FilesystemTest" classname="Hyde.Framework.Testing.Feature.Foundation.FilesystemTest" file="/home/runner/work/develop/develop/packages/framework/tests/Feature/Foundation/FilesystemTest.php" line="130" assertions="2" time="0.021031"/>
        <testcase name="test_touch_helper_creates_multiple_files_at_given_paths" class="Hyde\Framework\Testing\Feature\Foundation\FilesystemTest" classname="Hyde.Framework.Testing.Feature.Foundation.FilesystemTest" file="/home/runner/work/develop/develop/packages/framework/tests/Feature/Foundation/FilesystemTest.php" line="137" assertions="3" time="0.021781"/>
        <testcase name="test_unlink_helper_deletes_file_at_given_path" class="Hyde\Framework\Testing\Feature\Foundation\FilesystemTest" classname="Hyde.Framework.Testing.Feature.Foundation.FilesystemTest" file="/home/runner/work/develop/develop/packages/framework/tests/Feature/Foundation/FilesystemTest.php" line="146" assertions="2" time="0.021208"/>
        <testcase name="test_unlink_helper_deletes_multiple_files_at_given_paths" class="Hyde\Framework\Testing\Feature\Foundation\FilesystemTest" classname="Hyde.Framework.Testing.Feature.Foundation.FilesystemTest" file="/home/runner/work/develop/develop/packages/framework/tests/Feature/Foundation/FilesystemTest.php" line="153" assertions="3" time="0.021189"/>
        <testcase name="test_unlinkIfExists_helper_deletes_file_at_given_path" class="Hyde\Framework\Testing\Feature\Foundation\FilesystemTest" classname="Hyde.Framework.Testing.Feature.Foundation.FilesystemTest" file="/home/runner/work/develop/develop/packages/framework/tests/Feature/Foundation/FilesystemTest.php" line="162" assertions="2" time="0.021096"/>
        <testcase name="test_unlinkIfExists_handles_non_existent_files_gracefully" class="Hyde\Framework\Testing\Feature\Foundation\FilesystemTest" classname="Hyde.Framework.Testing.Feature.Foundation.FilesystemTest" file="/home/runner/work/develop/develop/packages/framework/tests/Feature/Foundation/FilesystemTest.php" line="169" assertions="1" time="0.020972"/>
        <testcase name="test_get_model_source_path_method_returns_path_for_model_classes" class="Hyde\Framework\Testing\Feature\Foundation\FilesystemTest" classname="Hyde.Framework.Testing.Feature.Foundation.FilesystemTest" file="/home/runner/work/develop/develop/packages/framework/tests/Feature/Foundation/FilesystemTest.php" line="174" assertions="4" time="0.021044"/>
        <testcase name="test_get_model_source_path_method_returns_path_to_file_for_model_classes" class="Hyde\Framework\Testing\Feature\Foundation\FilesystemTest" classname="Hyde.Framework.Testing.Feature.Foundation.FilesystemTest" file="/home/runner/work/develop/develop/packages/framework/tests/Feature/Foundation/FilesystemTest.php" line="197" assertions="4" time="0.021016"/>
        <testcase name="test_helper_for_blade_pages" class="Hyde\Framework\Testing\Feature\Foundation\FilesystemTest" classname="Hyde.Framework.Testing.Feature.Foundation.FilesystemTest" file="/home/runner/work/develop/develop/packages/framework/tests/Feature/Foundation/FilesystemTest.php" line="220" assertions="1" time="0.020781"/>
        <testcase name="test_helper_for_markdown_pages" class="Hyde\Framework\Testing\Feature\Foundation\FilesystemTest" classname="Hyde.Framework.Testing.Feature.Foundation.FilesystemTest" file="/home/runner/work/develop/develop/packages/framework/tests/Feature/Foundation/FilesystemTest.php" line="228" assertions="1" time="0.020797"/>
        <testcase name="test_helper_for_markdown_posts" class="Hyde\Framework\Testing\Feature\Foundation\FilesystemTest" classname="Hyde.Framework.Testing.Feature.Foundation.FilesystemTest" file="/home/runner/work/develop/develop/packages/framework/tests/Feature/Foundation/FilesystemTest.php" line="236" assertions="1" time="0.020780"/>
        <testcase name="test_helper_for_documentation_pages" class="Hyde\Framework\Testing\Feature\Foundation\FilesystemTest" classname="Hyde.Framework.Testing.Feature.Foundation.FilesystemTest" file="/home/runner/work/develop/develop/packages/framework/tests/Feature/Foundation/FilesystemTest.php" line="244" assertions="1" time="0.020773"/>
        <testcase name="test_helper_for_media_path" class="Hyde\Framework\Testing\Feature\Foundation\FilesystemTest" classname="Hyde.Framework.Testing.Feature.Foundation.FilesystemTest" file="/home/runner/work/develop/develop/packages/framework/tests/Feature/Foundation/FilesystemTest.php" line="252" assertions="1" time="0.020771"/>
        <testcase name="test_helper_for_media_path_returns_path_to_file_within_the_directory" class="Hyde\Framework\Testing\Feature\Foundation\FilesystemTest" classname="Hyde.Framework.Testing.Feature.Foundation.FilesystemTest" file="/home/runner/work/develop/develop/packages/framework/tests/Feature/Foundation/FilesystemTest.php" line="260" assertions="1" time="0.020741"/>
        <testcase name="test_get_media_path_returns_absolute_path" class="Hyde\Framework\Testing\Feature\Foundation\FilesystemTest" classname="Hyde.Framework.Testing.Feature.Foundation.FilesystemTest" file="/home/runner/work/develop/develop/packages/framework/tests/Feature/Foundation/FilesystemTest.php" line="268" assertions="1" time="0.020726"/>
        <testcase name="test_helper_for_media_output_path" class="Hyde\Framework\Testing\Feature\Foundation\FilesystemTest" classname="Hyde.Framework.Testing.Feature.Foundation.FilesystemTest" file="/home/runner/work/develop/develop/packages/framework/tests/Feature/Foundation/FilesystemTest.php" line="276" assertions="1" time="0.020947"/>
        <testcase name="test_helper_for_media_output_path_returns_path_to_file_within_the_directory" class="Hyde\Framework\Testing\Feature\Foundation\FilesystemTest" classname="Hyde.Framework.Testing.Feature.Foundation.FilesystemTest" file="/home/runner/work/develop/develop/packages/framework/tests/Feature/Foundation/FilesystemTest.php" line="284" assertions="1" time="0.020793"/>
        <testcase name="test_get_media_output_path_returns_absolute_path" class="Hyde\Framework\Testing\Feature\Foundation\FilesystemTest" classname="Hyde.Framework.Testing.Feature.Foundation.FilesystemTest" file="/home/runner/work/develop/develop/packages/framework/tests/Feature/Foundation/FilesystemTest.php" line="292" assertions="1" time="0.020796"/>
        <testcase name="test_helper_for_site_output_path" class="Hyde\Framework\Testing\Feature\Foundation\FilesystemTest" classname="Hyde.Framework.Testing.Feature.Foundation.FilesystemTest" file="/home/runner/work/develop/develop/packages/framework/tests/Feature/Foundation/FilesystemTest.php" line="300" assertions="1" time="0.020818"/>
        <testcase name="test_helper_for_site_output_path_returns_path_to_file_within_the_directory" class="Hyde\Framework\Testing\Feature\Foundation\FilesystemTest" classname="Hyde.Framework.Testing.Feature.Foundation.FilesystemTest" file="/home/runner/work/develop/develop/packages/framework/tests/Feature/Foundation/FilesystemTest.php" line="308" assertions="1" time="0.020905"/>
        <testcase name="test_get_site_output_path_returns_absolute_path" class="Hyde\Framework\Testing\Feature\Foundation\FilesystemTest" classname="Hyde.Framework.Testing.Feature.Foundation.FilesystemTest" file="/home/runner/work/develop/develop/packages/framework/tests/Feature/Foundation/FilesystemTest.php" line="316" assertions="1" time="0.021043"/>
        <testcase name="test_site_output_path_helper_ignores_trailing_slashes" class="Hyde\Framework\Testing\Feature\Foundation\FilesystemTest" classname="Hyde.Framework.Testing.Feature.Foundation.FilesystemTest" file="/home/runner/work/develop/develop/packages/framework/tests/Feature/Foundation/FilesystemTest.php" line="324" assertions="1" time="0.021128"/>
        <testcase name="test_pathToAbsolute" class="Hyde\Framework\Testing\Feature\Foundation\FilesystemTest" classname="Hyde.Framework.Testing.Feature.Foundation.FilesystemTest" file="/home/runner/work/develop/develop/packages/framework/tests/Feature/Foundation/FilesystemTest.php" line="332" assertions="1" time="0.020937"/>
        <testcase name="test_path_to_absolute_helper_is_alias_for_path_helper" class="Hyde\Framework\Testing\Feature\Foundation\FilesystemTest" classname="Hyde.Framework.Testing.Feature.Foundation.FilesystemTest" file="/home/runner/work/develop/develop/packages/framework/tests/Feature/Foundation/FilesystemTest.php" line="340" assertions="1" time="0.020847"/>
        <testcase name="test_pathToAbsolute_can_convert_array_of_paths" class="Hyde\Framework\Testing\Feature\Foundation\FilesystemTest" classname="Hyde.Framework.Testing.Feature.Foundation.FilesystemTest" file="/home/runner/work/develop/develop/packages/framework/tests/Feature/Foundation/FilesystemTest.php" line="348" assertions="1" time="0.020912"/>
        <testcase name="test_path_to_relative_helper_decodes_hyde_path_into_relative" class="Hyde\Framework\Testing\Feature\Foundation\FilesystemTest" classname="Hyde.Framework.Testing.Feature.Foundation.FilesystemTest" file="/home/runner/work/develop/develop/packages/framework/tests/Feature/Foundation/FilesystemTest.php" line="356" assertions="5" time="0.021066"/>
        <testcase name="test_path_to_relative_helper_does_not_modify_already_relative_paths" class="Hyde\Framework\Testing\Feature\Foundation\FilesystemTest" classname="Hyde.Framework.Testing.Feature.Foundation.FilesystemTest" file="/home/runner/work/develop/develop/packages/framework/tests/Feature/Foundation/FilesystemTest.php" line="365" assertions="7" time="0.021320"/>
        <testcase name="test_path_to_relative_helper_does_not_modify_non_project_paths" class="Hyde\Framework\Testing\Feature\Foundation\FilesystemTest" classname="Hyde.Framework.Testing.Feature.Foundation.FilesystemTest" file="/home/runner/work/develop/develop/packages/framework/tests/Feature/Foundation/FilesystemTest.php" line="376" assertions="8" time="0.020982"/>
      </testsuite>
      <testsuite name="Hyde\Framework\Testing\Feature\Foundation\HyperlinksTest" file="/home/runner/work/develop/develop/packages/framework/tests/Feature/Foundation/HyperlinksTest.php" tests="9" assertions="15" errors="0" warnings="0" failures="0" skipped="0" time="0.203554">
        <testcase name="test_image_helper_gets_relative_web_link_to_image_stored_in_site_media_folder" class="Hyde\Framework\Testing\Feature\Foundation\HyperlinksTest" classname="Hyde.Framework.Testing.Feature.Foundation.HyperlinksTest" file="/home/runner/work/develop/develop/packages/framework/tests/Feature/Foundation/HyperlinksTest.php" line="26" assertions="4" time="0.020712"/>
        <testcase name="test_image_helper_resolves_paths_for_nested_pages" class="Hyde\Framework\Testing\Feature\Foundation\HyperlinksTest" classname="Hyde.Framework.Testing.Feature.Foundation.HyperlinksTest" file="/home/runner/work/develop/develop/packages/framework/tests/Feature/Foundation/HyperlinksTest.php" line="40" assertions="4" time="0.023236"/>
        <testcase name="test_image_helper_returns_qualified_absolute_uri_when_requested_and_site_has_base_url" class="Hyde\Framework\Testing\Feature\Foundation\HyperlinksTest" classname="Hyde.Framework.Testing.Feature.Foundation.HyperlinksTest" file="/home/runner/work/develop/develop/packages/framework/tests/Feature/Foundation/HyperlinksTest.php" line="55" assertions="1" time="0.021516"/>
        <testcase name="test_image_helper_returns_default_relative_path_when_qualified_absolute_uri_is_requested_but_site_has_no_base_url" class="Hyde\Framework\Testing\Feature\Foundation\HyperlinksTest" classname="Hyde.Framework.Testing.Feature.Foundation.HyperlinksTest" file="/home/runner/work/develop/develop/packages/framework/tests/Feature/Foundation/HyperlinksTest.php" line="60" assertions="1" time="0.021848"/>
        <testcase name="test_image_helper_returns_input_when_qualified_absolute_uri_is_requested_but_image_is_already_qualified" class="Hyde\Framework\Testing\Feature\Foundation\HyperlinksTest" classname="Hyde.Framework.Testing.Feature.Foundation.HyperlinksTest" file="/home/runner/work/develop/develop/packages/framework/tests/Feature/Foundation/HyperlinksTest.php" line="66" assertions="1" time="0.030520"/>
        <testcase name="test_image_helper_uses_configured_media_directory" class="Hyde\Framework\Testing\Feature\Foundation\HyperlinksTest" classname="Hyde.Framework.Testing.Feature.Foundation.HyperlinksTest" file="/home/runner/work/develop/develop/packages/framework/tests/Feature/Foundation/HyperlinksTest.php" line="71" assertions="1" time="0.021625"/>
        <testcase name="test_media_link_helper" class="Hyde\Framework\Testing\Feature\Foundation\HyperlinksTest" classname="Hyde.Framework.Testing.Feature.Foundation.HyperlinksTest" file="/home/runner/work/develop/develop/packages/framework/tests/Feature/Foundation/HyperlinksTest.php" line="77" assertions="1" time="0.021204"/>
        <testcase name="test_media_link_helper_with_relative_path" class="Hyde\Framework\Testing\Feature\Foundation\HyperlinksTest" classname="Hyde.Framework.Testing.Feature.Foundation.HyperlinksTest" file="/home/runner/work/develop/develop/packages/framework/tests/Feature/Foundation/HyperlinksTest.php" line="82" assertions="1" time="0.021523"/>
        <testcase name="test_media_link_helper_uses_configured_media_directory" class="Hyde\Framework\Testing\Feature\Foundation\HyperlinksTest" classname="Hyde.Framework.Testing.Feature.Foundation.HyperlinksTest" file="/home/runner/work/develop/develop/packages/framework/tests/Feature/Foundation/HyperlinksTest.php" line="88" assertions="1" time="0.021369"/>
      </testsuite>
      <testsuite name="Hyde\Framework\Testing\Feature\GlobalMetadataBagTest" file="/home/runner/work/develop/develop/packages/framework/tests/Feature/GlobalMetadataBagTest.php" tests="9" assertions="9" errors="0" warnings="0" failures="0" skipped="0" time="0.229647">
        <testcase name="test_site_metadata_adds_config_defined_metadata" class="Hyde\Framework\Testing\Feature\GlobalMetadataBagTest" classname="Hyde.Framework.Testing.Feature.GlobalMetadataBagTest" file="/home/runner/work/develop/develop/packages/framework/tests/Feature/GlobalMetadataBagTest.php" line="18" assertions="1" time="0.021212"/>
        <testcase name="test_site_metadata_automatically_adds_sitemap_when_enabled" class="Hyde\Framework\Testing\Feature\GlobalMetadataBagTest" classname="Hyde.Framework.Testing.Feature.GlobalMetadataBagTest" file="/home/runner/work/develop/develop/packages/framework/tests/Feature/GlobalMetadataBagTest.php" line="38" assertions="1" time="0.021901"/>
        <testcase name="test_site_metadata_sitemap_uses_configured_site_url" class="Hyde\Framework\Testing\Feature\GlobalMetadataBagTest" classname="Hyde.Framework.Testing.Feature.GlobalMetadataBagTest" file="/home/runner/work/develop/develop/packages/framework/tests/Feature/GlobalMetadataBagTest.php" line="48" assertions="1" time="0.021938"/>
        <testcase name="test_site_metadata_automatically_adds_rss_feed_when_enabled" class="Hyde\Framework\Testing\Feature\GlobalMetadataBagTest" classname="Hyde.Framework.Testing.Feature.GlobalMetadataBagTest" file="/home/runner/work/develop/develop/packages/framework/tests/Feature/GlobalMetadataBagTest.php" line="58" assertions="1" time="0.029696"/>
        <testcase name="test_site_metadata_rss_feed_uses_configured_site_url" class="Hyde\Framework\Testing\Feature\GlobalMetadataBagTest" classname="Hyde.Framework.Testing.Feature.GlobalMetadataBagTest" file="/home/runner/work/develop/develop/packages/framework/tests/Feature/GlobalMetadataBagTest.php" line="69" assertions="1" time="0.029952"/>
        <testcase name="test_site_metadata_rss_feed_uses_configured_site_name" class="Hyde\Framework\Testing\Feature\GlobalMetadataBagTest" classname="Hyde.Framework.Testing.Feature.GlobalMetadataBagTest" file="/home/runner/work/develop/develop/packages/framework/tests/Feature/GlobalMetadataBagTest.php" line="80" assertions="1" time="0.029888"/>
        <testcase name="test_site_metadata_rss_feed_uses_configured_rss_file_name" class="Hyde\Framework\Testing\Feature\GlobalMetadataBagTest" classname="Hyde.Framework.Testing.Feature.GlobalMetadataBagTest" file="/home/runner/work/develop/develop/packages/framework/tests/Feature/GlobalMetadataBagTest.php" line="92" assertions="1" time="0.029570"/>
        <testcase name="test_metadata_existing_in_the_current_page_is_not_added" class="Hyde\Framework\Testing\Feature\GlobalMetadataBagTest" classname="Hyde.Framework.Testing.Feature.GlobalMetadataBagTest" file="/home/runner/work/develop/develop/packages/framework/tests/Feature/GlobalMetadataBagTest.php" line="107" assertions="1" time="0.022899"/>
        <testcase name="test_metadata_existing_in_the_current_page_is_not_added_regardless_of_its_value" class="Hyde\Framework\Testing\Feature\GlobalMetadataBagTest" classname="Hyde.Framework.Testing.Feature.GlobalMetadataBagTest" file="/home/runner/work/develop/develop/packages/framework/tests/Feature/GlobalMetadataBagTest.php" line="128" assertions="1" time="0.022591"/>
      </testsuite>
      <testsuite name="Hyde\Framework\Testing\Feature\HelpersTest" file="/home/runner/work/develop/develop/packages/framework/tests/Feature/HelpersTest.php" tests="22" assertions="37" errors="0" warnings="0" failures="0" skipped="0" time="0.459366">
        <testcase name="test_hyde_function_exists" class="Hyde\Framework\Testing\Feature\HelpersTest" classname="Hyde.Framework.Testing.Feature.HelpersTest" file="/home/runner/work/develop/develop/packages/framework/tests/Feature/HelpersTest.php" line="17" assertions="1" time="0.019994"/>
        <testcase name="test_hyde_function_returns_hyde_kernel_class" class="Hyde\Framework\Testing\Feature\HelpersTest" classname="Hyde.Framework.Testing.Feature.HelpersTest" file="/home/runner/work/develop/develop/packages/framework/tests/Feature/HelpersTest.php" line="23" assertions="1" time="0.020876"/>
        <testcase name="test_can_call_methods_on_returned_hyde_class" class="Hyde\Framework\Testing\Feature\HelpersTest" classname="Hyde.Framework.Testing.Feature.HelpersTest" file="/home/runner/work/develop/develop/packages/framework/tests/Feature/HelpersTest.php" line="29" assertions="1" time="0.020821"/>
        <testcase name="test_unslash_function_exists" class="Hyde\Framework\Testing\Feature\HelpersTest" classname="Hyde.Framework.Testing.Feature.HelpersTest" file="/home/runner/work/develop/develop/packages/framework/tests/Feature/HelpersTest.php" line="35" assertions="1" time="0.020679"/>
        <testcase name="test_unslash_function_trims_trailing_slashes" class="Hyde\Framework\Testing\Feature\HelpersTest" classname="Hyde.Framework.Testing.Feature.HelpersTest" file="/home/runner/work/develop/develop/packages/framework/tests/Feature/HelpersTest.php" line="41" assertions="14" time="0.020755"/>
        <testcase name="test_hyde_function_exists_in_hyde_namespace" class="Hyde\Framework\Testing\Feature\HelpersTest" classname="Hyde.Framework.Testing.Feature.HelpersTest" file="/home/runner/work/develop/develop/packages/framework/tests/Feature/HelpersTest.php" line="63" assertions="1" time="0.020670"/>
        <testcase name="test_namespaced_hyde_function" class="Hyde\Framework\Testing\Feature\HelpersTest" classname="Hyde.Framework.Testing.Feature.HelpersTest" file="/home/runner/work/develop/develop/packages/framework/tests/Feature/HelpersTest.php" line="69" assertions="1" time="0.020789"/>
        <testcase name="test_unslash_function_exists_in_hyde_namespace" class="Hyde\Framework\Testing\Feature\HelpersTest" classname="Hyde.Framework.Testing.Feature.HelpersTest" file="/home/runner/work/develop/develop/packages/framework/tests/Feature/HelpersTest.php" line="75" assertions="1" time="0.021165"/>
        <testcase name="test_namespaced_unslash_function" class="Hyde\Framework\Testing\Feature\HelpersTest" classname="Hyde.Framework.Testing.Feature.HelpersTest" file="/home/runner/work/develop/develop/packages/framework/tests/Feature/HelpersTest.php" line="81" assertions="1" time="0.020848"/>
        <testcase name="test_hyde_make_title_function" class="Hyde\Framework\Testing\Feature\HelpersTest" classname="Hyde.Framework.Testing.Feature.HelpersTest" file="/home/runner/work/develop/develop/packages/framework/tests/Feature/HelpersTest.php" line="87" assertions="1" time="0.020925"/>
        <testcase name="test_hyde_normalize_newlines_function" class="Hyde\Framework\Testing\Feature\HelpersTest" classname="Hyde.Framework.Testing.Feature.HelpersTest" file="/home/runner/work/develop/develop/packages/framework/tests/Feature/HelpersTest.php" line="93" assertions="1" time="0.020924"/>
        <testcase name="test_hyde_strip_newlines_function" class="Hyde\Framework\Testing\Feature\HelpersTest" classname="Hyde.Framework.Testing.Feature.HelpersTest" file="/home/runner/work/develop/develop/packages/framework/tests/Feature/HelpersTest.php" line="99" assertions="1" time="0.020879"/>
        <testcase name="test_hyde_trim_slashes_function" class="Hyde\Framework\Testing\Feature\HelpersTest" classname="Hyde.Framework.Testing.Feature.HelpersTest" file="/home/runner/work/develop/develop/packages/framework/tests/Feature/HelpersTest.php" line="105" assertions="1" time="0.020800"/>
        <testcase name="test_hyde_evaluate_arrayable_function" class="Hyde\Framework\Testing\Feature\HelpersTest" classname="Hyde.Framework.Testing.Feature.HelpersTest" file="/home/runner/work/develop/develop/packages/framework/tests/Feature/HelpersTest.php" line="111" assertions="2" time="0.020715"/>
        <testcase name="test_hyde_yaml_encode_function" class="Hyde\Framework\Testing\Feature\HelpersTest" classname="Hyde.Framework.Testing.Feature.HelpersTest" file="/home/runner/work/develop/develop/packages/framework/tests/Feature/HelpersTest.php" line="118" assertions="1" time="0.021134"/>
        <testcase name="test_hyde_yaml_encode_function_encodes_arrayables" class="Hyde\Framework\Testing\Feature\HelpersTest" classname="Hyde.Framework.Testing.Feature.HelpersTest" file="/home/runner/work/develop/develop/packages/framework/tests/Feature/HelpersTest.php" line="124" assertions="1" time="0.020772"/>
        <testcase name="test_hyde_yaml_encode_function_accepts_parameters" class="Hyde\Framework\Testing\Feature\HelpersTest" classname="Hyde.Framework.Testing.Feature.HelpersTest" file="/home/runner/work/develop/develop/packages/framework/tests/Feature/HelpersTest.php" line="130" assertions="1" time="0.020739"/>
        <testcase name="test_hyde_yaml_decode_function" class="Hyde\Framework\Testing\Feature\HelpersTest" classname="Hyde.Framework.Testing.Feature.HelpersTest" file="/home/runner/work/develop/develop/packages/framework/tests/Feature/HelpersTest.php" line="139" assertions="1" time="0.020686"/>
        <testcase name="test_hyde_yaml_decode_function_accepts_parameters" class="Hyde\Framework\Testing\Feature\HelpersTest" classname="Hyde.Framework.Testing.Feature.HelpersTest" file="/home/runner/work/develop/develop/packages/framework/tests/Feature/HelpersTest.php" line="145" assertions="1" time="0.021954"/>
        <testcase name="test_hyde_path_join_function" class="Hyde\Framework\Testing\Feature\HelpersTest" classname="Hyde.Framework.Testing.Feature.HelpersTest" file="/home/runner/work/develop/develop/packages/framework/tests/Feature/HelpersTest.php" line="154" assertions="1" time="0.020634"/>
        <testcase name="test_hyde_path_join_function_with_multiple_paths" class="Hyde\Framework\Testing\Feature\HelpersTest" classname="Hyde.Framework.Testing.Feature.HelpersTest" file="/home/runner/work/develop/develop/packages/framework/tests/Feature/HelpersTest.php" line="160" assertions="1" time="0.021680"/>
        <testcase name="test_hyde_normalize_slashes_function" class="Hyde\Framework\Testing\Feature\HelpersTest" classname="Hyde.Framework.Testing.Feature.HelpersTest" file="/home/runner/work/develop/develop/packages/framework/tests/Feature/HelpersTest.php" line="166" assertions="2" time="0.020926"/>
      </testsuite>
      <testsuite name="Hyde\Framework\Testing\Feature\HydeCoreExtensionTest" file="/home/runner/work/develop/develop/packages/framework/tests/Feature/HydeCoreExtensionTest.php" tests="4" assertions="4" errors="0" warnings="0" failures="0" skipped="0" time="0.084556">
        <testcase name="testClassExtendsExtensionClass" class="Hyde\Framework\Testing\Feature\HydeCoreExtensionTest" classname="Hyde.Framework.Testing.Feature.HydeCoreExtensionTest" file="/home/runner/work/develop/develop/packages/framework/tests/Feature/HydeCoreExtensionTest.php" line="22" assertions="1" time="0.020620"/>
        <testcase name="testClassIsRegistered" class="Hyde\Framework\Testing\Feature\HydeCoreExtensionTest" classname="Hyde.Framework.Testing.Feature.HydeCoreExtensionTest" file="/home/runner/work/develop/develop/packages/framework/tests/Feature/HydeCoreExtensionTest.php" line="27" assertions="1" time="0.021169"/>
        <testcase name="testGetPageClasses" class="Hyde\Framework\Testing\Feature\HydeCoreExtensionTest" classname="Hyde.Framework.Testing.Feature.HydeCoreExtensionTest" file="/home/runner/work/develop/develop/packages/framework/tests/Feature/HydeCoreExtensionTest.php" line="32" assertions="1" time="0.021325"/>
        <testcase name="testGetPageClassesDoesNotIncludeClassesForDisabledFeatures" class="Hyde\Framework\Testing\Feature\HydeCoreExtensionTest" classname="Hyde.Framework.Testing.Feature.HydeCoreExtensionTest" file="/home/runner/work/develop/develop/packages/framework/tests/Feature/HydeCoreExtensionTest.php" line="43" assertions="1" time="0.021443"/>
      </testsuite>
      <testsuite name="Hyde\Framework\Testing\Feature\HydeExtensionFeatureTest" file="/home/runner/work/develop/develop/packages/framework/tests/Feature/HydeExtensionFeatureTest.php" tests="16" assertions="23" errors="0" warnings="0" failures="0" skipped="0" time="0.407714">
        <testcase name="testBaseClassGetPageClasses" class="Hyde\Framework\Testing\Feature\HydeExtensionFeatureTest" classname="Hyde.Framework.Testing.Feature.HydeExtensionFeatureTest" file="/home/runner/work/develop/develop/packages/framework/tests/Feature/HydeExtensionFeatureTest.php" line="51" assertions="1" time="0.020446"/>
        <testcase name="testBaseClassDiscoveryHandlers" class="Hyde\Framework\Testing\Feature\HydeExtensionFeatureTest" classname="Hyde.Framework.Testing.Feature.HydeExtensionFeatureTest" file="/home/runner/work/develop/develop/packages/framework/tests/Feature/HydeExtensionFeatureTest.php" line="56" assertions="1" time="0.026272"/>
        <testcase name="testCanRegisterNewExtension" class="Hyde\Framework\Testing\Feature\HydeExtensionFeatureTest" classname="Hyde.Framework.Testing.Feature.HydeExtensionFeatureTest" file="/home/runner/work/develop/develop/packages/framework/tests/Feature/HydeExtensionFeatureTest.php" line="65" assertions="1" time="0.020941"/>
        <testcase name="testHandlerMethodsAreCalledByDiscovery" class="Hyde\Framework\Testing\Feature\HydeExtensionFeatureTest" classname="Hyde.Framework.Testing.Feature.HydeExtensionFeatureTest" file="/home/runner/work/develop/develop/packages/framework/tests/Feature/HydeExtensionFeatureTest.php" line="75" assertions="2" time="0.026403"/>
        <testcase name="testFileHandlerDependencyInjection" class="Hyde\Framework\Testing\Feature\HydeExtensionFeatureTest" classname="Hyde.Framework.Testing.Feature.HydeExtensionFeatureTest" file="/home/runner/work/develop/develop/packages/framework/tests/Feature/HydeExtensionFeatureTest.php" line="88" assertions="1" time="0.026196"/>
        <testcase name="testPageHandlerDependencyInjection" class="Hyde\Framework\Testing\Feature\HydeExtensionFeatureTest" classname="Hyde.Framework.Testing.Feature.HydeExtensionFeatureTest" file="/home/runner/work/develop/develop/packages/framework/tests/Feature/HydeExtensionFeatureTest.php" line="96" assertions="1" time="0.026084"/>
        <testcase name="testRouteHandlerDependencyInjection" class="Hyde\Framework\Testing\Feature\HydeExtensionFeatureTest" classname="Hyde.Framework.Testing.Feature.HydeExtensionFeatureTest" file="/home/runner/work/develop/develop/packages/framework/tests/Feature/HydeExtensionFeatureTest.php" line="104" assertions="1" time="0.029348"/>
        <testcase name="test_register_extension_method_throws_exception_when_kernel_is_already_booted" class="Hyde\Framework\Testing\Feature\HydeExtensionFeatureTest" classname="Hyde.Framework.Testing.Feature.HydeExtensionFeatureTest" file="/home/runner/work/develop/develop/packages/framework/tests/Feature/HydeExtensionFeatureTest.php" line="112" assertions="2" time="0.026345"/>
        <testcase name="test_register_extension_method_only_accepts_instances_of_hyde_extension" class="Hyde\Framework\Testing\Feature\HydeExtensionFeatureTest" classname="Hyde.Framework.Testing.Feature.HydeExtensionFeatureTest" file="/home/runner/work/develop/develop/packages/framework/tests/Feature/HydeExtensionFeatureTest.php" line="121" assertions="2" time="0.021191"/>
        <testcase name="test_get_registered_page_classes_returns_core_extension_classes" class="Hyde\Framework\Testing\Feature\HydeExtensionFeatureTest" classname="Hyde.Framework.Testing.Feature.HydeExtensionFeatureTest" file="/home/runner/work/develop/develop/packages/framework/tests/Feature/HydeExtensionFeatureTest.php" line="129" assertions="1" time="0.021558"/>
        <testcase name="test_get_registered_page_classes_merges_all_extension_classes" class="Hyde\Framework\Testing\Feature\HydeExtensionFeatureTest" classname="Hyde.Framework.Testing.Feature.HydeExtensionFeatureTest" file="/home/runner/work/develop/develop/packages/framework/tests/Feature/HydeExtensionFeatureTest.php" line="134" assertions="1" time="0.021576"/>
        <testcase name="test_merged_registered_page_classes_array_contents" class="Hyde\Framework\Testing\Feature\HydeExtensionFeatureTest" classname="Hyde.Framework.Testing.Feature.HydeExtensionFeatureTest" file="/home/runner/work/develop/develop/packages/framework/tests/Feature/HydeExtensionFeatureTest.php" line="144" assertions="2" time="0.022485"/>
        <testcase name="test_register_extension_method_does_not_register_already_registered_classes" class="Hyde\Framework\Testing\Feature\HydeExtensionFeatureTest" classname="Hyde.Framework.Testing.Feature.HydeExtensionFeatureTest" file="/home/runner/work/develop/develop/packages/framework/tests/Feature/HydeExtensionFeatureTest.php" line="166" assertions="1" time="0.021780"/>
        <testcase name="test_custom_registered_pages_are_discovered_by_the_file_collection_class" class="Hyde\Framework\Testing\Feature\HydeExtensionFeatureTest" classname="Hyde.Framework.Testing.Feature.HydeExtensionFeatureTest" file="/home/runner/work/develop/develop/packages/framework/tests/Feature/HydeExtensionFeatureTest.php" line="174" assertions="2" time="0.029743"/>
        <testcase name="test_custom_registered_pages_are_discovered_by_the_page_collection_class" class="Hyde\Framework\Testing\Feature\HydeExtensionFeatureTest" classname="Hyde.Framework.Testing.Feature.HydeExtensionFeatureTest" file="/home/runner/work/develop/develop/packages/framework/tests/Feature/HydeExtensionFeatureTest.php" line="186" assertions="2" time="0.034579"/>
        <testcase name="test_custom_registered_pages_are_discovered_by_the_route_collection_class" class="Hyde\Framework\Testing\Feature\HydeExtensionFeatureTest" classname="Hyde.Framework.Testing.Feature.HydeExtensionFeatureTest" file="/home/runner/work/develop/develop/packages/framework/tests/Feature/HydeExtensionFeatureTest.php" line="198" assertions="2" time="0.032768"/>
      </testsuite>
      <testsuite name="Hyde\Framework\Testing\Feature\HydeKernelTest" file="/home/runner/work/develop/develop/packages/framework/tests/Feature/HydeKernelTest.php" tests="56" assertions="107" errors="0" warnings="0" failures="0" skipped="0" time="1.213302">
        <testcase name="test_kernel_singleton_can_be_accessed_by_service_container" class="Hyde\Framework\Testing\Feature\HydeKernelTest" classname="Hyde.Framework.Testing.Feature.HydeKernelTest" file="/home/runner/work/develop/develop/packages/framework/tests/Feature/HydeKernelTest.php" line="34" assertions="1" time="0.020412"/>
        <testcase name="test_kernel_singleton_can_be_accessed_by_kernel_static_method" class="Hyde\Framework\Testing\Feature\HydeKernelTest" classname="Hyde.Framework.Testing.Feature.HydeKernelTest" file="/home/runner/work/develop/develop/packages/framework/tests/Feature/HydeKernelTest.php" line="39" assertions="1" time="0.020803"/>
        <testcase name="test_kernel_singleton_can_be_accessed_by_hyde_facade_method" class="Hyde\Framework\Testing\Feature\HydeKernelTest" classname="Hyde.Framework.Testing.Feature.HydeKernelTest" file="/home/runner/work/develop/develop/packages/framework/tests/Feature/HydeKernelTest.php" line="44" assertions="1" time="0.020808"/>
        <testcase name="test_kernel_singleton_can_be_accessed_by_helper_function" class="Hyde\Framework\Testing\Feature\HydeKernelTest" classname="Hyde.Framework.Testing.Feature.HydeKernelTest" file="/home/runner/work/develop/develop/packages/framework/tests/Feature/HydeKernelTest.php" line="49" assertions="1" time="0.020814"/>
        <testcase name="test_hyde_facade_version_method_returns_kernel_version" class="Hyde\Framework\Testing\Feature\HydeKernelTest" classname="Hyde.Framework.Testing.Feature.HydeKernelTest" file="/home/runner/work/develop/develop/packages/framework/tests/Feature/HydeKernelTest.php" line="54" assertions="1" time="0.020691"/>
        <testcase name="test_hyde_facade_get_facade_root_method_returns_kernel_singleton" class="Hyde\Framework\Testing\Feature\HydeKernelTest" classname="Hyde.Framework.Testing.Feature.HydeKernelTest" file="/home/runner/work/develop/develop/packages/framework/tests/Feature/HydeKernelTest.php" line="59" assertions="3" time="0.020728"/>
        <testcase name="test_features_helper_returns_new_features_instance" class="Hyde\Framework\Testing\Feature\HydeKernelTest" classname="Hyde.Framework.Testing.Feature.HydeKernelTest" file="/home/runner/work/develop/develop/packages/framework/tests/Feature/HydeKernelTest.php" line="66" assertions="1" time="0.020641"/>
        <testcase name="test_has_feature_helper_calls_method_on_features_class" class="Hyde\Framework\Testing\Feature\HydeKernelTest" classname="Hyde.Framework.Testing.Feature.HydeKernelTest" file="/home/runner/work/develop/develop/packages/framework/tests/Feature/HydeKernelTest.php" line="71" assertions="1" time="0.020671"/>
        <testcase name="test_current_page_helper_returns_current_page_name" class="Hyde\Framework\Testing\Feature\HydeKernelTest" classname="Hyde.Framework.Testing.Feature.HydeKernelTest" file="/home/runner/work/develop/develop/packages/framework/tests/Feature/HydeKernelTest.php" line="76" assertions="1" time="0.021945"/>
        <testcase name="test_current_route_helper_returns_current_route_object" class="Hyde\Framework\Testing\Feature\HydeKernelTest" classname="Hyde.Framework.Testing.Feature.HydeKernelTest" file="/home/runner/work/develop/develop/packages/framework/tests/Feature/HydeKernelTest.php" line="82" assertions="3" time="0.021985"/>
        <testcase name="test_make_title_helper_returns_title_from_page_slug" class="Hyde\Framework\Testing\Feature\HydeKernelTest" classname="Hyde.Framework.Testing.Feature.HydeKernelTest" file="/home/runner/work/develop/develop/packages/framework/tests/Feature/HydeKernelTest.php" line="91" assertions="1" time="0.020604"/>
        <testcase name="test_normalize_newlines_replaces_carriage_returns_with_unix_endings" class="Hyde\Framework\Testing\Feature\HydeKernelTest" classname="Hyde.Framework.Testing.Feature.HydeKernelTest" file="/home/runner/work/develop/develop/packages/framework/tests/Feature/HydeKernelTest.php" line="96" assertions="1" time="0.020638"/>
        <testcase name="test_strip_newlines_helper_removes_all_newlines" class="Hyde\Framework\Testing\Feature\HydeKernelTest" classname="Hyde.Framework.Testing.Feature.HydeKernelTest" file="/home/runner/work/develop/develop/packages/framework/tests/Feature/HydeKernelTest.php" line="101" assertions="1" time="0.020603"/>
        <testcase name="test_trimSlashes_function_trims_trailing_slashes" class="Hyde\Framework\Testing\Feature\HydeKernelTest" classname="Hyde.Framework.Testing.Feature.HydeKernelTest" file="/home/runner/work/develop/develop/packages/framework/tests/Feature/HydeKernelTest.php" line="106" assertions="14" time="0.020879"/>
        <testcase name="test_markdown_helper_converts_markdown_to_html" class="Hyde\Framework\Testing\Feature\HydeKernelTest" classname="Hyde.Framework.Testing.Feature.HydeKernelTest" file="/home/runner/work/develop/develop/packages/framework/tests/Feature/HydeKernelTest.php" line="127" assertions="1" time="0.030174"/>
        <testcase name="test_markdown_helper_converts_indented_markdown_to_html" class="Hyde\Framework\Testing\Feature\HydeKernelTest" classname="Hyde.Framework.Testing.Feature.HydeKernelTest" file="/home/runner/work/develop/develop/packages/framework/tests/Feature/HydeKernelTest.php" line="132" assertions="1" time="0.022363"/>
        <testcase name="test_format_html_path_helper_formats_path_according_to_config_rules" class="Hyde\Framework\Testing\Feature\HydeKernelTest" classname="Hyde.Framework.Testing.Feature.HydeKernelTest" file="/home/runner/work/develop/develop/packages/framework/tests/Feature/HydeKernelTest.php" line="137" assertions="4" time="0.020880"/>
        <testcase name="test_relative_link_helper_returns_relative_link_to_destination" class="Hyde\Framework\Testing\Feature\HydeKernelTest" classname="Hyde.Framework.Testing.Feature.HydeKernelTest" file="/home/runner/work/develop/develop/packages/framework/tests/Feature/HydeKernelTest.php" line="148" assertions="2" time="0.021169"/>
        <testcase name="test_media_link_helper_returns_relative_link_to_destination" class="Hyde\Framework\Testing\Feature\HydeKernelTest" classname="Hyde.Framework.Testing.Feature.HydeKernelTest" file="/home/runner/work/develop/develop/packages/framework/tests/Feature/HydeKernelTest.php" line="157" assertions="2" time="0.021123"/>
        <testcase name="test_image_helper_returns_image_path_for_given_name" class="Hyde\Framework\Testing\Feature\HydeKernelTest" classname="Hyde.Framework.Testing.Feature.HydeKernelTest" file="/home/runner/work/develop/develop/packages/framework/tests/Feature/HydeKernelTest.php" line="166" assertions="4" time="0.021493"/>
        <testcase name="test_image_helper_trims_media_prefix" class="Hyde\Framework\Testing\Feature\HydeKernelTest" classname="Hyde.Framework.Testing.Feature.HydeKernelTest" file="/home/runner/work/develop/develop/packages/framework/tests/Feature/HydeKernelTest.php" line="177" assertions="1" time="0.021124"/>
        <testcase name="test_image_helper_supports_custom_media_directories" class="Hyde\Framework\Testing\Feature\HydeKernelTest" classname="Hyde.Framework.Testing.Feature.HydeKernelTest" file="/home/runner/work/develop/develop/packages/framework/tests/Feature/HydeKernelTest.php" line="182" assertions="1" time="0.021099"/>
        <testcase name="test_has_site_url_helper_returns_boolean_value_for_when_config_setting_is_set" class="Hyde\Framework\Testing\Feature\HydeKernelTest" classname="Hyde.Framework.Testing.Feature.HydeKernelTest" file="/home/runner/work/develop/develop/packages/framework/tests/Feature/HydeKernelTest.php" line="188" assertions="2" time="0.021103"/>
        <testcase name="test_url_returns_qualified_url_paths" class="Hyde\Framework\Testing\Feature\HydeKernelTest" classname="Hyde.Framework.Testing.Feature.HydeKernelTest" file="/home/runner/work/develop/develop/packages/framework/tests/Feature/HydeKernelTest.php" line="197" assertions="6" time="0.022002"/>
        <testcase name="test_filesystem_helper_returns_the_kernel_filesystem_instance" class="Hyde\Framework\Testing\Feature\HydeKernelTest" classname="Hyde.Framework.Testing.Feature.HydeKernelTest" file="/home/runner/work/develop/develop/packages/framework/tests/Feature/HydeKernelTest.php" line="212" assertions="1" time="0.020964"/>
        <testcase name="test_path_returns_qualified_path_for_given_path" class="Hyde\Framework\Testing\Feature\HydeKernelTest" classname="Hyde.Framework.Testing.Feature.HydeKernelTest" file="/home/runner/work/develop/develop/packages/framework/tests/Feature/HydeKernelTest.php" line="217" assertions="2" time="0.021015"/>
        <testcase name="test_vendor_path_returns_qualified_path_for_given_path" class="Hyde\Framework\Testing\Feature\HydeKernelTest" classname="Hyde.Framework.Testing.Feature.HydeKernelTest" file="/home/runner/work/develop/develop/packages/framework/tests/Feature/HydeKernelTest.php" line="223" assertions="2" time="0.020897"/>
        <testcase name="test_copy_helper_copies_file_from_given_path_to_given_path" class="Hyde\Framework\Testing\Feature\HydeKernelTest" classname="Hyde.Framework.Testing.Feature.HydeKernelTest" file="/home/runner/work/develop/develop/packages/framework/tests/Feature/HydeKernelTest.php" line="229" assertions="2" time="0.020987"/>
        <testcase name="test_touch_helper_creates_file_at_given_path" class="Hyde\Framework\Testing\Feature\HydeKernelTest" classname="Hyde.Framework.Testing.Feature.HydeKernelTest" file="/home/runner/work/develop/develop/packages/framework/tests/Feature/HydeKernelTest.php" line="238" assertions="2" time="0.021155"/>
        <testcase name="test_unlink_helper_deletes_file_at_given_path" class="Hyde\Framework\Testing\Feature\HydeKernelTest" classname="Hyde.Framework.Testing.Feature.HydeKernelTest" file="/home/runner/work/develop/develop/packages/framework/tests/Feature/HydeKernelTest.php" line="245" assertions="2" time="0.021072"/>
        <testcase name="test_fluent_model_source_path_helpers" class="Hyde\Framework\Testing\Feature\HydeKernelTest" classname="Hyde.Framework.Testing.Feature.HydeKernelTest" file="/home/runner/work/develop/develop/packages/framework/tests/Feature/HydeKernelTest.php" line="252" assertions="11" time="0.021592"/>
        <testcase name="test_path_to_relative_helper_returns_relative_path_for_given_path" class="Hyde\Framework\Testing\Feature\HydeKernelTest" classname="Hyde.Framework.Testing.Feature.HydeKernelTest" file="/home/runner/work/develop/develop/packages/framework/tests/Feature/HydeKernelTest.php" line="268" assertions="1" time="0.020801"/>
        <testcase name="test_to_array_method" class="Hyde\Framework\Testing\Feature\HydeKernelTest" classname="Hyde.Framework.Testing.Feature.HydeKernelTest" file="/home/runner/work/develop/develop/packages/framework/tests/Feature/HydeKernelTest.php" line="273" assertions="1" time="0.026541"/>
        <testcase name="test_json_serialize_method" class="Hyde\Framework\Testing\Feature\HydeKernelTest" classname="Hyde.Framework.Testing.Feature.HydeKernelTest" file="/home/runner/work/develop/develop/packages/framework/tests/Feature/HydeKernelTest.php" line="289" assertions="1" time="0.027127"/>
        <testcase name="test_to_json_method" class="Hyde\Framework\Testing\Feature\HydeKernelTest" classname="Hyde.Framework.Testing.Feature.HydeKernelTest" file="/home/runner/work/develop/develop/packages/framework/tests/Feature/HydeKernelTest.php" line="294" assertions="1" time="0.029310"/>
        <testcase name="test_version_constant_is_a_valid_semver_string" class="Hyde\Framework\Testing\Feature\HydeKernelTest" classname="Hyde.Framework.Testing.Feature.HydeKernelTest" file="/home/runner/work/develop/develop/packages/framework/tests/Feature/HydeKernelTest.php" line="299" assertions="1" time="0.021487"/>
        <testcase name="test_version_constant_is_up_to_date" class="Hyde\Framework\Testing\Feature\HydeKernelTest" classname="Hyde.Framework.Testing.Feature.HydeKernelTest" file="/home/runner/work/develop/develop/packages/framework/tests/Feature/HydeKernelTest.php" line="308" assertions="1" time="0.020868"/>
        <testcase name="test_version_method_returns_version_constant" class="Hyde\Framework\Testing\Feature\HydeKernelTest" classname="Hyde.Framework.Testing.Feature.HydeKernelTest" file="/home/runner/work/develop/develop/packages/framework/tests/Feature/HydeKernelTest.php" line="315" assertions="1" time="0.020738"/>
        <testcase name="test_can_get_source_root" class="Hyde\Framework\Testing\Feature\HydeKernelTest" classname="Hyde.Framework.Testing.Feature.HydeKernelTest" file="/home/runner/work/develop/develop/packages/framework/tests/Feature/HydeKernelTest.php" line="320" assertions="1" time="0.020643"/>
        <testcase name="test_can_set_source_root" class="Hyde\Framework\Testing\Feature\HydeKernelTest" classname="Hyde.Framework.Testing.Feature.HydeKernelTest" file="/home/runner/work/develop/develop/packages/framework/tests/Feature/HydeKernelTest.php" line="325" assertions="1" time="0.020615"/>
        <testcase name="test_can_set_source_root_to_absolute_project_path" class="Hyde\Framework\Testing\Feature\HydeKernelTest" classname="Hyde.Framework.Testing.Feature.HydeKernelTest" file="/home/runner/work/develop/develop/packages/framework/tests/Feature/HydeKernelTest.php" line="331" assertions="1" time="0.020643"/>
        <testcase name="test_set_source_root_trims_trailing_slashes" class="Hyde\Framework\Testing\Feature\HydeKernelTest" classname="Hyde.Framework.Testing.Feature.HydeKernelTest" file="/home/runner/work/develop/develop/packages/framework/tests/Feature/HydeKernelTest.php" line="337" assertions="1" time="0.020750"/>
        <testcase name="test_can_get_output_directory" class="Hyde\Framework\Testing\Feature\HydeKernelTest" classname="Hyde.Framework.Testing.Feature.HydeKernelTest" file="/home/runner/work/develop/develop/packages/framework/tests/Feature/HydeKernelTest.php" line="343" assertions="1" time="0.020593"/>
        <testcase name="test_can_set_output_directory" class="Hyde\Framework\Testing\Feature\HydeKernelTest" classname="Hyde.Framework.Testing.Feature.HydeKernelTest" file="/home/runner/work/develop/develop/packages/framework/tests/Feature/HydeKernelTest.php" line="348" assertions="2" time="0.020682"/>
        <testcase name="test_can_set_output_directory_to_absolute_project_path" class="Hyde\Framework\Testing\Feature\HydeKernelTest" classname="Hyde.Framework.Testing.Feature.HydeKernelTest" file="/home/runner/work/develop/develop/packages/framework/tests/Feature/HydeKernelTest.php" line="355" assertions="2" time="0.020888"/>
        <testcase name="test_set_output_directory_trims_trailing_slashes" class="Hyde\Framework\Testing\Feature\HydeKernelTest" classname="Hyde.Framework.Testing.Feature.HydeKernelTest" file="/home/runner/work/develop/develop/packages/framework/tests/Feature/HydeKernelTest.php" line="362" assertions="1" time="0.020645"/>
        <testcase name="test_can_get_media_directory" class="Hyde\Framework\Testing\Feature\HydeKernelTest" classname="Hyde.Framework.Testing.Feature.HydeKernelTest" file="/home/runner/work/develop/develop/packages/framework/tests/Feature/HydeKernelTest.php" line="368" assertions="1" time="0.020743"/>
        <testcase name="test_can_set_media_directory" class="Hyde\Framework\Testing\Feature\HydeKernelTest" classname="Hyde.Framework.Testing.Feature.HydeKernelTest" file="/home/runner/work/develop/develop/packages/framework/tests/Feature/HydeKernelTest.php" line="373" assertions="1" time="0.020767"/>
        <testcase name="test_set_media_directory_trims_trailing_slashes" class="Hyde\Framework\Testing\Feature\HydeKernelTest" classname="Hyde.Framework.Testing.Feature.HydeKernelTest" file="/home/runner/work/develop/develop/packages/framework/tests/Feature/HydeKernelTest.php" line="379" assertions="1" time="0.021858"/>
        <testcase name="test_can_get_media_output_directory_name" class="Hyde\Framework\Testing\Feature\HydeKernelTest" classname="Hyde.Framework.Testing.Feature.HydeKernelTest" file="/home/runner/work/develop/develop/packages/framework/tests/Feature/HydeKernelTest.php" line="385" assertions="1" time="0.020625"/>
        <testcase name="test_get_media_output_directory_name_uses_trimmed_version_of_media_source_directory" class="Hyde\Framework\Testing\Feature\HydeKernelTest" classname="Hyde.Framework.Testing.Feature.HydeKernelTest" file="/home/runner/work/develop/develop/packages/framework/tests/Feature/HydeKernelTest.php" line="390" assertions="1" time="0.020726"/>
        <testcase name="test_can_get_site_media_output_directory" class="Hyde\Framework\Testing\Feature\HydeKernelTest" classname="Hyde.Framework.Testing.Feature.HydeKernelTest" file="/home/runner/work/develop/develop/packages/framework/tests/Feature/HydeKernelTest.php" line="396" assertions="1" time="0.020660"/>
        <testcase name="test_get_site_media_output_directory_uses_trimmed_version_of_media_source_directory" class="Hyde\Framework\Testing\Feature\HydeKernelTest" classname="Hyde.Framework.Testing.Feature.HydeKernelTest" file="/home/runner/work/develop/develop/packages/framework/tests/Feature/HydeKernelTest.php" line="401" assertions="1" time="0.029743"/>
        <testcase name="test_get_site_media_output_directory_uses_configured_site_output_directory" class="Hyde\Framework\Testing\Feature\HydeKernelTest" classname="Hyde.Framework.Testing.Feature.HydeKernelTest" file="/home/runner/work/develop/develop/packages/framework/tests/Feature/HydeKernelTest.php" line="407" assertions="1" time="0.020877"/>
        <testcase name="test_media_output_directory_can_be_changed_in_configuration" class="Hyde\Framework\Testing\Feature\HydeKernelTest" classname="Hyde.Framework.Testing.Feature.HydeKernelTest" file="/home/runner/work/develop/develop/packages/framework/tests/Feature/HydeKernelTest.php" line="414" assertions="2" time="0.021945"/>
        <testcase name="test_can_access_kernel_fluently_using_the_facade" class="Hyde\Framework\Testing\Feature\HydeKernelTest" classname="Hyde.Framework.Testing.Feature.HydeKernelTest" file="/home/runner/work/develop/develop/packages/framework/tests/Feature/HydeKernelTest.php" line="424" assertions="3" time="0.020594"/>
      </testsuite>
      <testsuite name="Hyde\Framework\Testing\Feature\HydePageTest" file="/home/runner/work/develop/develop/packages/framework/tests/Feature/HydePageTest.php" tests="135" assertions="214" errors="0" warnings="0" failures="0" skipped="0" time="3.088141">
        <testcase name="testSourceDirectory" class="Hyde\Framework\Testing\Feature\HydePageTest" classname="Hyde.Framework.Testing.Feature.HydePageTest" file="/home/runner/work/develop/develop/packages/framework/tests/Feature/HydePageTest.php" line="41" assertions="1" time="0.020197"/>
        <testcase name="testOutputDirectory" class="Hyde\Framework\Testing\Feature\HydePageTest" classname="Hyde.Framework.Testing.Feature.HydePageTest" file="/home/runner/work/develop/develop/packages/framework/tests/Feature/HydePageTest.php" line="49" assertions="1" time="0.020704"/>
        <testcase name="testFileExtension" class="Hyde\Framework\Testing\Feature\HydePageTest" classname="Hyde.Framework.Testing.Feature.HydePageTest" file="/home/runner/work/develop/develop/packages/framework/tests/Feature/HydePageTest.php" line="57" assertions="1" time="0.020682"/>
        <testcase name="testSourcePath" class="Hyde\Framework\Testing\Feature\HydePageTest" classname="Hyde.Framework.Testing.Feature.HydePageTest" file="/home/runner/work/develop/develop/packages/framework/tests/Feature/HydePageTest.php" line="65" assertions="1" time="0.020692"/>
        <testcase name="testOutputPath" class="Hyde\Framework\Testing\Feature\HydePageTest" classname="Hyde.Framework.Testing.Feature.HydePageTest" file="/home/runner/work/develop/develop/packages/framework/tests/Feature/HydePageTest.php" line="73" assertions="1" time="0.020617"/>
        <testcase name="testPath" class="Hyde\Framework\Testing\Feature\HydePageTest" classname="Hyde.Framework.Testing.Feature.HydePageTest" file="/home/runner/work/develop/develop/packages/framework/tests/Feature/HydePageTest.php" line="81" assertions="1" time="0.021169"/>
        <testcase name="testBaseRouteKey" class="Hyde\Framework\Testing\Feature\HydePageTest" classname="Hyde.Framework.Testing.Feature.HydePageTest" file="/home/runner/work/develop/develop/packages/framework/tests/Feature/HydePageTest.php" line="89" assertions="1" time="0.020916"/>
        <testcase name="testIsDiscoverable" class="Hyde\Framework\Testing\Feature\HydePageTest" classname="Hyde.Framework.Testing.Feature.HydePageTest" file="/home/runner/work/develop/develop/packages/framework/tests/Feature/HydePageTest.php" line="97" assertions="1" time="0.020985"/>
        <testcase name="testGetSourcePath" class="Hyde\Framework\Testing\Feature\HydePageTest" classname="Hyde.Framework.Testing.Feature.HydePageTest" file="/home/runner/work/develop/develop/packages/framework/tests/Feature/HydePageTest.php" line="102" assertions="1" time="0.022118"/>
        <testcase name="testGetOutputPath" class="Hyde\Framework\Testing\Feature\HydePageTest" classname="Hyde.Framework.Testing.Feature.HydePageTest" file="/home/runner/work/develop/develop/packages/framework/tests/Feature/HydePageTest.php" line="110" assertions="1" time="0.021888"/>
        <testcase name="testGetLink" class="Hyde\Framework\Testing\Feature\HydePageTest" classname="Hyde.Framework.Testing.Feature.HydePageTest" file="/home/runner/work/develop/develop/packages/framework/tests/Feature/HydePageTest.php" line="118" assertions="1" time="0.021871"/>
        <testcase name="testMake" class="Hyde\Framework\Testing\Feature\HydePageTest" classname="Hyde.Framework.Testing.Feature.HydePageTest" file="/home/runner/work/develop/develop/packages/framework/tests/Feature/HydePageTest.php" line="126" assertions="1" time="0.022618"/>
        <testcase name="testMakeWithData" class="Hyde\Framework\Testing\Feature\HydePageTest" classname="Hyde.Framework.Testing.Feature.HydePageTest" file="/home/runner/work/develop/develop/packages/framework/tests/Feature/HydePageTest.php" line="131" assertions="1" time="0.023241"/>
        <testcase name="testShowInNavigation" class="Hyde\Framework\Testing\Feature\HydePageTest" classname="Hyde.Framework.Testing.Feature.HydePageTest" file="/home/runner/work/develop/develop/packages/framework/tests/Feature/HydePageTest.php" line="139" assertions="5" time="0.024297"/>
        <testcase name="testNavigationMenuPriority" class="Hyde\Framework\Testing\Feature\HydePageTest" classname="Hyde.Framework.Testing.Feature.HydePageTest" file="/home/runner/work/develop/develop/packages/framework/tests/Feature/HydePageTest.php" line="148" assertions="5" time="0.024374"/>
        <testcase name="testNavigationMenuLabel" class="Hyde\Framework\Testing\Feature\HydePageTest" classname="Hyde.Framework.Testing.Feature.HydePageTest" file="/home/runner/work/develop/develop/packages/framework/tests/Feature/HydePageTest.php" line="157" assertions="5" time="0.025149"/>
        <testcase name="testNavigationMenuGroup" class="Hyde\Framework\Testing\Feature\HydePageTest" classname="Hyde.Framework.Testing.Feature.HydePageTest" file="/home/runner/work/develop/develop/packages/framework/tests/Feature/HydePageTest.php" line="166" assertions="6" time="0.024813"/>
        <testcase name="test_get_source_directory_returns_static_property" class="Hyde\Framework\Testing\Feature\HydePageTest" classname="Hyde.Framework.Testing.Feature.HydePageTest" file="/home/runner/work/develop/develop/packages/framework/tests/Feature/HydePageTest.php" line="178" assertions="1" time="0.020645"/>
        <testcase name="test_get_source_directory_trims_trailing_slashes" class="Hyde\Framework\Testing\Feature\HydePageTest" classname="Hyde.Framework.Testing.Feature.HydePageTest" file="/home/runner/work/develop/develop/packages/framework/tests/Feature/HydePageTest.php" line="185" assertions="1" time="0.021929"/>
        <testcase name="test_get_output_directory_returns_static_property" class="Hyde\Framework\Testing\Feature\HydePageTest" classname="Hyde.Framework.Testing.Feature.HydePageTest" file="/home/runner/work/develop/develop/packages/framework/tests/Feature/HydePageTest.php" line="192" assertions="1" time="0.020822"/>
        <testcase name="test_get_output_directory_trims_trailing_slashes" class="Hyde\Framework\Testing\Feature\HydePageTest" classname="Hyde.Framework.Testing.Feature.HydePageTest" file="/home/runner/work/develop/develop/packages/framework/tests/Feature/HydePageTest.php" line="199" assertions="1" time="0.020716"/>
        <testcase name="test_get_file_extension_returns_static_property" class="Hyde\Framework\Testing\Feature\HydePageTest" classname="Hyde.Framework.Testing.Feature.HydePageTest" file="/home/runner/work/develop/develop/packages/framework/tests/Feature/HydePageTest.php" line="206" assertions="1" time="0.020681"/>
        <testcase name="test_get_file_extension_forces_leading_period" class="Hyde\Framework\Testing\Feature\HydePageTest" classname="Hyde.Framework.Testing.Feature.HydePageTest" file="/home/runner/work/develop/develop/packages/framework/tests/Feature/HydePageTest.php" line="213" assertions="1" time="0.020772"/>
        <testcase name="test_get_file_extension_removes_trailing_period" class="Hyde\Framework\Testing\Feature\HydePageTest" classname="Hyde.Framework.Testing.Feature.HydePageTest" file="/home/runner/work/develop/develop/packages/framework/tests/Feature/HydePageTest.php" line="220" assertions="1" time="0.020693"/>
        <testcase name="test_get_identifier_returns_identifier_property" class="Hyde\Framework\Testing\Feature\HydePageTest" classname="Hyde.Framework.Testing.Feature.HydePageTest" file="/home/runner/work/develop/develop/packages/framework/tests/Feature/HydePageTest.php" line="227" assertions="1" time="0.021779"/>
        <testcase name="test_static_get_method_returns_discovered_page" class="Hyde\Framework\Testing\Feature\HydePageTest" classname="Hyde.Framework.Testing.Feature.HydePageTest" file="/home/runner/work/develop/develop/packages/framework/tests/Feature/HydePageTest.php" line="233" assertions="1" time="0.027743"/>
        <testcase name="test_static_get_method_throws_exception_if_page_not_found" class="Hyde\Framework\Testing\Feature\HydePageTest" classname="Hyde.Framework.Testing.Feature.HydePageTest" file="/home/runner/work/develop/develop/packages/framework/tests/Feature/HydePageTest.php" line="238" assertions="1" time="0.026348"/>
        <testcase name="test_parse_parses_supplied_slug_into_a_page_model" class="Hyde\Framework\Testing\Feature\HydePageTest" classname="Hyde.Framework.Testing.Feature.HydePageTest" file="/home/runner/work/develop/develop/packages/framework/tests/Feature/HydePageTest.php" line="244" assertions="2" time="0.022279"/>
        <testcase name="test_files_returns_array_of_source_files" class="Hyde\Framework\Testing\Feature\HydePageTest" classname="Hyde.Framework.Testing.Feature.HydePageTest" file="/home/runner/work/develop/develop/packages/framework/tests/Feature/HydePageTest.php" line="254" assertions="1" time="0.028077"/>
        <testcase name="test_all_returns_collection_of_all_parsed_source_files_from_page_index" class="Hyde\Framework\Testing\Feature\HydePageTest" classname="Hyde.Framework.Testing.Feature.HydePageTest" file="/home/runner/work/develop/develop/packages/framework/tests/Feature/HydePageTest.php" line="261" assertions="2" time="0.029460"/>
        <testcase name="test_qualify_basename_properly_expands_basename_for_the_model" class="Hyde\Framework\Testing\Feature\HydePageTest" classname="Hyde.Framework.Testing.Feature.HydePageTest" file="/home/runner/work/develop/develop/packages/framework/tests/Feature/HydePageTest.php" line="277" assertions="1" time="0.020938"/>
        <testcase name="test_qualify_basename_trims_slashes_from_input" class="Hyde\Framework\Testing\Feature\HydePageTest" classname="Hyde.Framework.Testing.Feature.HydePageTest" file="/home/runner/work/develop/develop/packages/framework/tests/Feature/HydePageTest.php" line="282" assertions="1" time="0.030269"/>
        <testcase name="test_qualify_basename_uses_the_static_properties" class="Hyde\Framework\Testing\Feature\HydePageTest" classname="Hyde.Framework.Testing.Feature.HydePageTest" file="/home/runner/work/develop/develop/packages/framework/tests/Feature/HydePageTest.php" line="287" assertions="1" time="0.020941"/>
        <testcase name="test_path_returns_absolute_path_to_source_directory_when_no_parameter_is_supplied" class="Hyde\Framework\Testing\Feature\HydePageTest" classname="Hyde.Framework.Testing.Feature.HydePageTest" file="/home/runner/work/develop/develop/packages/framework/tests/Feature/HydePageTest.php" line="295" assertions="1" time="0.020906"/>
        <testcase name="test_path_returns_absolute_path_to_file_in_source_directory_when_parameter_is_supplied" class="Hyde\Framework\Testing\Feature\HydePageTest" classname="Hyde.Framework.Testing.Feature.HydePageTest" file="/home/runner/work/develop/develop/packages/framework/tests/Feature/HydePageTest.php" line="302" assertions="1" time="0.020787"/>
        <testcase name="test_path_method_removes_trailing_slashes" class="Hyde\Framework\Testing\Feature\HydePageTest" classname="Hyde.Framework.Testing.Feature.HydePageTest" file="/home/runner/work/develop/develop/packages/framework/tests/Feature/HydePageTest.php" line="309" assertions="1" time="0.020909"/>
        <testcase name="test_get_output_location_returns_the_file_output_path_for_the_supplied_basename" class="Hyde\Framework\Testing\Feature\HydePageTest" classname="Hyde.Framework.Testing.Feature.HydePageTest" file="/home/runner/work/develop/develop/packages/framework/tests/Feature/HydePageTest.php" line="316" assertions="1" time="0.020825"/>
        <testcase name="test_get_output_location_returns_the_configured_location" class="Hyde\Framework\Testing\Feature\HydePageTest" classname="Hyde.Framework.Testing.Feature.HydePageTest" file="/home/runner/work/develop/develop/packages/framework/tests/Feature/HydePageTest.php" line="321" assertions="1" time="0.020709"/>
        <testcase name="test_get_output_location_trims_trailing_slashes_from_directory_setting" class="Hyde\Framework\Testing\Feature\HydePageTest" classname="Hyde.Framework.Testing.Feature.HydePageTest" file="/home/runner/work/develop/develop/packages/framework/tests/Feature/HydePageTest.php" line="328" assertions="1" time="0.020696"/>
        <testcase name="test_get_output_location_trims_trailing_slashes_from_basename" class="Hyde\Framework\Testing\Feature\HydePageTest" classname="Hyde.Framework.Testing.Feature.HydePageTest" file="/home/runner/work/develop/develop/packages/framework/tests/Feature/HydePageTest.php" line="335" assertions="1" time="0.021059"/>
        <testcase name="test_get_current_page_path_returns_output_directory_and_basename" class="Hyde\Framework\Testing\Feature\HydePageTest" classname="Hyde.Framework.Testing.Feature.HydePageTest" file="/home/runner/work/develop/develop/packages/framework/tests/Feature/HydePageTest.php" line="340" assertions="1" time="0.021926"/>
        <testcase name="test_get_current_page_path_returns_output_directory_and_basename_for_configured_directory" class="Hyde\Framework\Testing\Feature\HydePageTest" classname="Hyde.Framework.Testing.Feature.HydePageTest" file="/home/runner/work/develop/develop/packages/framework/tests/Feature/HydePageTest.php" line="346" assertions="1" time="0.021804"/>
        <testcase name="test_get_current_page_path_trims_trailing_slashes_from_directory_setting" class="Hyde\Framework\Testing\Feature\HydePageTest" classname="Hyde.Framework.Testing.Feature.HydePageTest" file="/home/runner/work/develop/develop/packages/framework/tests/Feature/HydePageTest.php" line="354" assertions="1" time="0.021758"/>
        <testcase name="test_get_output_path_returns_current_page_path_with_html_extension_appended" class="Hyde\Framework\Testing\Feature\HydePageTest" classname="Hyde.Framework.Testing.Feature.HydePageTest" file="/home/runner/work/develop/develop/packages/framework/tests/Feature/HydePageTest.php" line="362" assertions="1" time="0.022017"/>
        <testcase name="test_get_source_path_returns_qualified_basename" class="Hyde\Framework\Testing\Feature\HydePageTest" classname="Hyde.Framework.Testing.Feature.HydePageTest" file="/home/runner/work/develop/develop/packages/framework/tests/Feature/HydePageTest.php" line="368" assertions="1" time="0.022895"/>
        <testcase name="test_markdown_page_implements_page_contract" class="Hyde\Framework\Testing\Feature\HydePageTest" classname="Hyde.Framework.Testing.Feature.HydePageTest" file="/home/runner/work/develop/develop/packages/framework/tests/Feature/HydePageTest.php" line="376" assertions="1" time="0.023365"/>
        <testcase name="test_all_page_models_extend_abstract_page" class="Hyde\Framework\Testing\Feature\HydePageTest" classname="Hyde.Framework.Testing.Feature.HydePageTest" file="/home/runner/work/develop/develop/packages/framework/tests/Feature/HydePageTest.php" line="381" assertions="4" time="0.024104"/>
        <testcase name="test_all_page_models_have_configured_source_directory" class="Hyde\Framework\Testing\Feature\HydePageTest" classname="Hyde.Framework.Testing.Feature.HydePageTest" file="/home/runner/work/develop/develop/packages/framework/tests/Feature/HydePageTest.php" line="396" assertions="4" time="0.020856"/>
        <testcase name="test_all_page_models_have_configured_output_directory" class="Hyde\Framework\Testing\Feature\HydePageTest" classname="Hyde.Framework.Testing.Feature.HydePageTest" file="/home/runner/work/develop/develop/packages/framework/tests/Feature/HydePageTest.php" line="410" assertions="4" time="0.020743"/>
        <testcase name="test_all_page_models_have_configured_file_extension" class="Hyde\Framework\Testing\Feature\HydePageTest" classname="Hyde.Framework.Testing.Feature.HydePageTest" file="/home/runner/work/develop/develop/packages/framework/tests/Feature/HydePageTest.php" line="424" assertions="4" time="0.020740"/>
        <testcase name="test_abstract_markdown_page_extends_abstract_page" class="Hyde\Framework\Testing\Feature\HydePageTest" classname="Hyde.Framework.Testing.Feature.HydePageTest" file="/home/runner/work/develop/develop/packages/framework/tests/Feature/HydePageTest.php" line="438" assertions="1" time="0.025448"/>
        <testcase name="test_abstract_markdown_page_implements_page_contract" class="Hyde\Framework\Testing\Feature\HydePageTest" classname="Hyde.Framework.Testing.Feature.HydePageTest" file="/home/runner/work/develop/develop/packages/framework/tests/Feature/HydePageTest.php" line="443" assertions="1" time="0.020889"/>
        <testcase name="test_abstract_markdown_page_has_markdown_document_property" class="Hyde\Framework\Testing\Feature\HydePageTest" classname="Hyde.Framework.Testing.Feature.HydePageTest" file="/home/runner/work/develop/develop/packages/framework/tests/Feature/HydePageTest.php" line="448" assertions="1" time="0.020842"/>
        <testcase name="test_abstract_markdown_page_has_file_extension_property" class="Hyde\Framework\Testing\Feature\HydePageTest" classname="Hyde.Framework.Testing.Feature.HydePageTest" file="/home/runner/work/develop/develop/packages/framework/tests/Feature/HydePageTest.php" line="453" assertions="1" time="0.020584"/>
        <testcase name="test_abstract_markdown_page_file_extension_property_is_set_to_md" class="Hyde\Framework\Testing\Feature\HydePageTest" classname="Hyde.Framework.Testing.Feature.HydePageTest" file="/home/runner/work/develop/develop/packages/framework/tests/Feature/HydePageTest.php" line="458" assertions="1" time="0.020561"/>
        <testcase name="test_abstract_markdown_page_constructor_arguments_are_optional" class="Hyde\Framework\Testing\Feature\HydePageTest" classname="Hyde.Framework.Testing.Feature.HydePageTest" file="/home/runner/work/develop/develop/packages/framework/tests/Feature/HydePageTest.php" line="463" assertions="1" time="0.020793"/>
        <testcase name="test_abstract_markdown_page_constructor_assigns_markdown_document_property_if_set" class="Hyde\Framework\Testing\Feature\HydePageTest" classname="Hyde.Framework.Testing.Feature.HydePageTest" file="/home/runner/work/develop/develop/packages/framework/tests/Feature/HydePageTest.php" line="469" assertions="1" time="0.021489"/>
        <testcase name="test_abstract_markdown_page_constructor_creates_new_markdown_document_if_no_markdown_document_is_set" class="Hyde\Framework\Testing\Feature\HydePageTest" classname="Hyde.Framework.Testing.Feature.HydePageTest" file="/home/runner/work/develop/develop/packages/framework/tests/Feature/HydePageTest.php" line="476" assertions="1" time="0.021706"/>
        <testcase name="test_abstract_markdown_page_markdown_helper_returns_the_markdown_document_instance" class="Hyde\Framework\Testing\Feature\HydePageTest" classname="Hyde.Framework.Testing.Feature.HydePageTest" file="/home/runner/work/develop/develop/packages/framework/tests/Feature/HydePageTest.php" line="482" assertions="1" time="0.022136"/>
        <testcase name="test_abstract_markdown_page_markdown_helper_returns_the_configured_markdown_document_instance" class="Hyde\Framework\Testing\Feature\HydePageTest" classname="Hyde.Framework.Testing.Feature.HydePageTest" file="/home/runner/work/develop/develop/packages/framework/tests/Feature/HydePageTest.php" line="488" assertions="1" time="0.021832"/>
        <testcase name="test_abstract_markdown_page_make_helper_constructs_dynamic_title_automatically" class="Hyde\Framework\Testing\Feature\HydePageTest" classname="Hyde.Framework.Testing.Feature.HydePageTest" file="/home/runner/work/develop/develop/packages/framework/tests/Feature/HydePageTest.php" line="495" assertions="1" time="0.021761"/>
        <testcase name="test_markdown_based_pages_extend_abstract_markdown_page" class="Hyde\Framework\Testing\Feature\HydePageTest" classname="Hyde.Framework.Testing.Feature.HydePageTest" file="/home/runner/work/develop/develop/packages/framework/tests/Feature/HydePageTest.php" line="501" assertions="3" time="0.023320"/>
        <testcase name="test_blade_pages_do_not_extend_abstract_markdown_page" class="Hyde\Framework\Testing\Feature\HydePageTest" classname="Hyde.Framework.Testing.Feature.HydePageTest" file="/home/runner/work/develop/develop/packages/framework/tests/Feature/HydePageTest.php" line="514" assertions="1" time="0.022052"/>
        <testcase name="test_get_route_returns_page_route" class="Hyde\Framework\Testing\Feature\HydePageTest" classname="Hyde.Framework.Testing.Feature.HydePageTest" file="/home/runner/work/develop/develop/packages/framework/tests/Feature/HydePageTest.php" line="519" assertions="1" time="0.026880"/>
        <testcase name="test_get_route_returns_the_route_object_from_the_router_index" class="Hyde\Framework\Testing\Feature\HydePageTest" classname="Hyde.Framework.Testing.Feature.HydePageTest" file="/home/runner/work/develop/develop/packages/framework/tests/Feature/HydePageTest.php" line="525" assertions="1" time="0.028731"/>
        <testcase name="test_html_title_returns_site_name_plus_page_title" class="Hyde\Framework\Testing\Feature\HydePageTest" classname="Hyde.Framework.Testing.Feature.HydePageTest" file="/home/runner/work/develop/develop/packages/framework/tests/Feature/HydePageTest.php" line="532" assertions="1" time="0.021798"/>
        <testcase name="test_html_title_uses_configured_site_name" class="Hyde\Framework\Testing\Feature\HydePageTest" classname="Hyde.Framework.Testing.Feature.HydePageTest" file="/home/runner/work/develop/develop/packages/framework/tests/Feature/HydePageTest.php" line="537" assertions="1" time="0.021904"/>
        <testcase name="test_body_helper_returns_markdown_document_body_in_markdown_pages" class="Hyde\Framework\Testing\Feature\HydePageTest" classname="Hyde.Framework.Testing.Feature.HydePageTest" file="/home/runner/work/develop/develop/packages/framework/tests/Feature/HydePageTest.php" line="543" assertions="1" time="0.021536"/>
        <testcase name="test_show_in_navigation_returns_false_for_markdown_post" class="Hyde\Framework\Testing\Feature\HydePageTest" classname="Hyde.Framework.Testing.Feature.HydePageTest" file="/home/runner/work/develop/develop/packages/framework/tests/Feature/HydePageTest.php" line="549" assertions="1" time="0.021854"/>
        <testcase name="test_show_in_navigation_returns_true_for_documentation_page_if_slug_is_index" class="Hyde\Framework\Testing\Feature\HydePageTest" classname="Hyde.Framework.Testing.Feature.HydePageTest" file="/home/runner/work/develop/develop/packages/framework/tests/Feature/HydePageTest.php" line="556" assertions="1" time="0.031080"/>
        <testcase name="test_show_in_navigation_returns_true_for_documentation_page_if_slug_is_not_index" class="Hyde\Framework\Testing\Feature\HydePageTest" classname="Hyde.Framework.Testing.Feature.HydePageTest" file="/home/runner/work/develop/develop/packages/framework/tests/Feature/HydePageTest.php" line="563" assertions="1" time="0.021936"/>
        <testcase name="test_show_in_navigation_returns_false_for_abstract_markdown_page_if_matter_navigation_hidden_is_true" class="Hyde\Framework\Testing\Feature\HydePageTest" classname="Hyde.Framework.Testing.Feature.HydePageTest" file="/home/runner/work/develop/develop/packages/framework/tests/Feature/HydePageTest.php" line="570" assertions="1" time="0.021775"/>
        <testcase name="test_show_in_navigation_returns_true_for_abstract_markdown_page_if_matter_navigation_visible_is_true" class="Hyde\Framework\Testing\Feature\HydePageTest" classname="Hyde.Framework.Testing.Feature.HydePageTest" file="/home/runner/work/develop/develop/packages/framework/tests/Feature/HydePageTest.php" line="577" assertions="1" time="0.021780"/>
        <testcase name="test_show_in_navigation_returns_true_for_abstract_markdown_page_if_matter_navigation_hidden_is_false" class="Hyde\Framework\Testing\Feature\HydePageTest" classname="Hyde.Framework.Testing.Feature.HydePageTest" file="/home/runner/work/develop/develop/packages/framework/tests/Feature/HydePageTest.php" line="584" assertions="1" time="0.021853"/>
        <testcase name="test_show_in_navigation_returns_true_for_abstract_markdown_page_if_matter_navigation_hidden_is_not_set" class="Hyde\Framework\Testing\Feature\HydePageTest" classname="Hyde.Framework.Testing.Feature.HydePageTest" file="/home/runner/work/develop/develop/packages/framework/tests/Feature/HydePageTest.php" line="591" assertions="1" time="0.021802"/>
        <testcase name="test_show_in_navigation_returns_false_if_slug_is_present_in_config_hyde_navigation_exclude" class="Hyde\Framework\Testing\Feature\HydePageTest" classname="Hyde.Framework.Testing.Feature.HydePageTest" file="/home/runner/work/develop/develop/packages/framework/tests/Feature/HydePageTest.php" line="598" assertions="2" time="0.022654"/>
        <testcase name="test_show_in_navigation_returns_false_if_slug_is_404" class="Hyde\Framework\Testing\Feature\HydePageTest" classname="Hyde.Framework.Testing.Feature.HydePageTest" file="/home/runner/work/develop/develop/packages/framework/tests/Feature/HydePageTest.php" line="608" assertions="1" time="0.021787"/>
        <testcase name="test_show_in_navigation_defaults_to_true_if_all_checks_pass" class="Hyde\Framework\Testing\Feature\HydePageTest" classname="Hyde.Framework.Testing.Feature.HydePageTest" file="/home/runner/work/develop/develop/packages/framework/tests/Feature/HydePageTest.php" line="614" assertions="1" time="0.021828"/>
        <testcase name="test_navigation_menu_priority_returns_front_matter_value_of_navigation_priority_if_abstract_markdown_page_and_not_null" class="Hyde\Framework\Testing\Feature\HydePageTest" classname="Hyde.Framework.Testing.Feature.HydePageTest" file="/home/runner/work/develop/develop/packages/framework/tests/Feature/HydePageTest.php" line="620" assertions="1" time="0.021836"/>
        <testcase name="test_navigation_menu_priority_can_be_set_using_order_property" class="Hyde\Framework\Testing\Feature\HydePageTest" classname="Hyde.Framework.Testing.Feature.HydePageTest" file="/home/runner/work/develop/develop/packages/framework/tests/Feature/HydePageTest.php" line="626" assertions="1" time="0.021889"/>
        <testcase name="test_navigation_menu_priority_returns_specified_config_value_if_slug_exists_in_config_hyde_navigation_order" class="Hyde\Framework\Testing\Feature\HydePageTest" classname="Hyde.Framework.Testing.Feature.HydePageTest" file="/home/runner/work/develop/develop/packages/framework/tests/Feature/HydePageTest.php" line="632" assertions="2" time="0.022634"/>
        <testcase name="test_navigation_menu_priority_gives_precedence_to_front_matter_over_config_hyde_navigation_order" class="Hyde\Framework\Testing\Feature\HydePageTest" classname="Hyde.Framework.Testing.Feature.HydePageTest" file="/home/runner/work/develop/develop/packages/framework/tests/Feature/HydePageTest.php" line="642" assertions="2" time="0.022651"/>
        <testcase name="test_navigation_menu_priority_returns_999_for_documentation_page" class="Hyde\Framework\Testing\Feature\HydePageTest" classname="Hyde.Framework.Testing.Feature.HydePageTest" file="/home/runner/work/develop/develop/packages/framework/tests/Feature/HydePageTest.php" line="652" assertions="1" time="0.021793"/>
        <testcase name="test_navigation_menu_priority_returns_0_if_slug_is_index" class="Hyde\Framework\Testing\Feature\HydePageTest" classname="Hyde.Framework.Testing.Feature.HydePageTest" file="/home/runner/work/develop/develop/packages/framework/tests/Feature/HydePageTest.php" line="658" assertions="1" time="0.023443"/>
        <testcase name="test_navigation_menu_priority_returns_10_if_slug_is_posts" class="Hyde\Framework\Testing\Feature\HydePageTest" classname="Hyde.Framework.Testing.Feature.HydePageTest" file="/home/runner/work/develop/develop/packages/framework/tests/Feature/HydePageTest.php" line="664" assertions="1" time="0.021759"/>
        <testcase name="test_navigation_menu_priority_defaults_to_999_if_no_other_conditions_are_met" class="Hyde\Framework\Testing\Feature\HydePageTest" classname="Hyde.Framework.Testing.Feature.HydePageTest" file="/home/runner/work/develop/develop/packages/framework/tests/Feature/HydePageTest.php" line="670" assertions="1" time="0.021939"/>
        <testcase name="test_navigation_menu_title_returns_navigation_title_matter_if_set" class="Hyde\Framework\Testing\Feature\HydePageTest" classname="Hyde.Framework.Testing.Feature.HydePageTest" file="/home/runner/work/develop/develop/packages/framework/tests/Feature/HydePageTest.php" line="676" assertions="1" time="0.022695"/>
        <testcase name="test_navigation_menu_title_returns_title_matter_if_set" class="Hyde\Framework\Testing\Feature\HydePageTest" classname="Hyde.Framework.Testing.Feature.HydePageTest" file="/home/runner/work/develop/develop/packages/framework/tests/Feature/HydePageTest.php" line="682" assertions="1" time="0.021774"/>
        <testcase name="test_navigation_menu_title_navigation_title_has_precedence_over_title" class="Hyde\Framework\Testing\Feature\HydePageTest" classname="Hyde.Framework.Testing.Feature.HydePageTest" file="/home/runner/work/develop/develop/packages/framework/tests/Feature/HydePageTest.php" line="688" assertions="1" time="0.021647"/>
        <testcase name="test_navigation_menu_title_returns_docs_if_slug_is_index_and_model_is_documentation_page" class="Hyde\Framework\Testing\Feature\HydePageTest" classname="Hyde.Framework.Testing.Feature.HydePageTest" file="/home/runner/work/develop/develop/packages/framework/tests/Feature/HydePageTest.php" line="694" assertions="1" time="0.021789"/>
        <testcase name="test_navigation_menu_title_returns_home_if_slug_is_index_and_model_is_not_documentation_page" class="Hyde\Framework\Testing\Feature\HydePageTest" classname="Hyde.Framework.Testing.Feature.HydePageTest" file="/home/runner/work/develop/develop/packages/framework/tests/Feature/HydePageTest.php" line="700" assertions="1" time="0.023415"/>
        <testcase name="test_navigation_menu_title_returns_title_if_title_is_set_and_not_empty" class="Hyde\Framework\Testing\Feature\HydePageTest" classname="Hyde.Framework.Testing.Feature.HydePageTest" file="/home/runner/work/develop/develop/packages/framework/tests/Feature/HydePageTest.php" line="706" assertions="1" time="0.021966"/>
        <testcase name="test_navigation_menu_title_falls_back_to_hyde_make_title_from_slug" class="Hyde\Framework\Testing\Feature\HydePageTest" classname="Hyde.Framework.Testing.Feature.HydePageTest" file="/home/runner/work/develop/develop/packages/framework/tests/Feature/HydePageTest.php" line="712" assertions="1" time="0.021961"/>
        <testcase name="test_navigation_menu_title_can_be_set_in_configuration" class="Hyde\Framework\Testing\Feature\HydePageTest" classname="Hyde.Framework.Testing.Feature.HydePageTest" file="/home/runner/work/develop/develop/packages/framework/tests/Feature/HydePageTest.php" line="718" assertions="1" time="0.021909"/>
        <testcase name="test_documentation_page_can_be_hidden_from_navigation_using_config" class="Hyde\Framework\Testing\Feature\HydePageTest" classname="Hyde.Framework.Testing.Feature.HydePageTest" file="/home/runner/work/develop/develop/packages/framework/tests/Feature/HydePageTest.php" line="725" assertions="1" time="0.021976"/>
        <testcase name="test_get_canonical_url_returns_url_for_top_level_page" class="Hyde\Framework\Testing\Feature\HydePageTest" classname="Hyde.Framework.Testing.Feature.HydePageTest" file="/home/runner/work/develop/develop/packages/framework/tests/Feature/HydePageTest.php" line="732" assertions="1" time="0.022008"/>
        <testcase name="test_get_canonical_url_returns_pretty_url_for_top_level_page" class="Hyde\Framework\Testing\Feature\HydePageTest" classname="Hyde.Framework.Testing.Feature.HydePageTest" file="/home/runner/work/develop/develop/packages/framework/tests/Feature/HydePageTest.php" line="740" assertions="1" time="0.022066"/>
        <testcase name="test_get_canonical_url_returns_url_for_nested_page" class="Hyde\Framework\Testing\Feature\HydePageTest" classname="Hyde.Framework.Testing.Feature.HydePageTest" file="/home/runner/work/develop/develop/packages/framework/tests/Feature/HydePageTest.php" line="749" assertions="1" time="0.022270"/>
        <testcase name="test_get_canonical_url_returns_url_for_deeply_nested_page" class="Hyde\Framework\Testing\Feature\HydePageTest" classname="Hyde.Framework.Testing.Feature.HydePageTest" file="/home/runner/work/develop/develop/packages/framework/tests/Feature/HydePageTest.php" line="757" assertions="1" time="0.022233"/>
        <testcase name="test_canonical_url_is_not_set_when_identifier_is_null" class="Hyde\Framework\Testing\Feature\HydePageTest" classname="Hyde.Framework.Testing.Feature.HydePageTest" file="/home/runner/work/develop/develop/packages/framework/tests/Feature/HydePageTest.php" line="765" assertions="2" time="0.021851"/>
        <testcase name="test_canonical_url_is_not_set_when_site_url_is_null" class="Hyde\Framework\Testing\Feature\HydePageTest" classname="Hyde.Framework.Testing.Feature.HydePageTest" file="/home/runner/work/develop/develop/packages/framework/tests/Feature/HydePageTest.php" line="776" assertions="2" time="0.021854"/>
        <testcase name="test_custom_canonical_link_can_be_set_in_front_matter" class="Hyde\Framework\Testing\Feature\HydePageTest" classname="Hyde.Framework.Testing.Feature.HydePageTest" file="/home/runner/work/develop/develop/packages/framework/tests/Feature/HydePageTest.php" line="787" assertions="2" time="0.021755"/>
        <testcase name="test_render_page_metadata_returns_string" class="Hyde\Framework\Testing\Feature\HydePageTest" classname="Hyde.Framework.Testing.Feature.HydePageTest" file="/home/runner/work/develop/develop/packages/framework/tests/Feature/HydePageTest.php" line="798" assertions="1" time="0.021877"/>
        <testcase name="test_has_method_returns_true_if_page_has_standard_property" class="Hyde\Framework\Testing\Feature\HydePageTest" classname="Hyde.Framework.Testing.Feature.HydePageTest" file="/home/runner/work/develop/develop/packages/framework/tests/Feature/HydePageTest.php" line="804" assertions="1" time="0.021824"/>
        <testcase name="test_has_method_returns_false_if_page_does_not_have_standard_property" class="Hyde\Framework\Testing\Feature\HydePageTest" classname="Hyde.Framework.Testing.Feature.HydePageTest" file="/home/runner/work/develop/develop/packages/framework/tests/Feature/HydePageTest.php" line="810" assertions="1" time="0.021550"/>
        <testcase name="test_has_method_returns_true_if_page_has_dynamic_property" class="Hyde\Framework\Testing\Feature\HydePageTest" classname="Hyde.Framework.Testing.Feature.HydePageTest" file="/home/runner/work/develop/develop/packages/framework/tests/Feature/HydePageTest.php" line="816" assertions="1" time="0.021634"/>
        <testcase name="test_has_method_returns_false_if_page_does_not_have_dynamic_property" class="Hyde\Framework\Testing\Feature\HydePageTest" classname="Hyde.Framework.Testing.Feature.HydePageTest" file="/home/runner/work/develop/develop/packages/framework/tests/Feature/HydePageTest.php" line="823" assertions="1" time="0.024197"/>
        <testcase name="test_has_method_returns_true_if_page_has_property_set_in_front_matter" class="Hyde\Framework\Testing\Feature\HydePageTest" classname="Hyde.Framework.Testing.Feature.HydePageTest" file="/home/runner/work/develop/develop/packages/framework/tests/Feature/HydePageTest.php" line="829" assertions="1" time="0.031184"/>
        <testcase name="test_has_method_returns_false_if_page_does_not_have_property_set_in_front_matter" class="Hyde\Framework\Testing\Feature\HydePageTest" classname="Hyde.Framework.Testing.Feature.HydePageTest" file="/home/runner/work/develop/develop/packages/framework/tests/Feature/HydePageTest.php" line="835" assertions="1" time="0.021965"/>
        <testcase name="test_has_method_returns_false_if_property_exists_but_is_blank" class="Hyde\Framework\Testing\Feature\HydePageTest" classname="Hyde.Framework.Testing.Feature.HydePageTest" file="/home/runner/work/develop/develop/packages/framework/tests/Feature/HydePageTest.php" line="841" assertions="2" time="0.022208"/>
        <testcase name="test_has_method_returns_true_if_page_has_blank_property_set_in_front_matter" class="Hyde\Framework\Testing\Feature\HydePageTest" classname="Hyde.Framework.Testing.Feature.HydePageTest" file="/home/runner/work/develop/develop/packages/framework/tests/Feature/HydePageTest.php" line="852" assertions="2" time="0.022087"/>
        <testcase name="test_markdown_pages_can_be_saved_to_disk" class="Hyde\Framework\Testing\Feature\HydePageTest" classname="Hyde.Framework.Testing.Feature.HydePageTest" file="/home/runner/work/develop/develop/packages/framework/tests/Feature/HydePageTest.php" line="858" assertions="1" time="0.022077"/>
        <testcase name="test_save_method_converts_front_matter_array_to_yaml_block" class="Hyde\Framework\Testing\Feature\HydePageTest" classname="Hyde.Framework.Testing.Feature.HydePageTest" file="/home/runner/work/develop/develop/packages/framework/tests/Feature/HydePageTest.php" line="866" assertions="1" time="0.022275"/>
        <testcase name="test_save_method_writes_page_body_to_file" class="Hyde\Framework\Testing\Feature\HydePageTest" classname="Hyde.Framework.Testing.Feature.HydePageTest" file="/home/runner/work/develop/develop/packages/framework/tests/Feature/HydePageTest.php" line="875" assertions="1" time="0.022136"/>
        <testcase name="test_save_method_writes_page_body_to_file_with_front_matter" class="Hyde\Framework\Testing\Feature\HydePageTest" classname="Hyde.Framework.Testing.Feature.HydePageTest" file="/home/runner/work/develop/develop/packages/framework/tests/Feature/HydePageTest.php" line="884" assertions="1" time="0.022107"/>
        <testcase name="test_new_markdown_pages_can_be_saved" class="Hyde\Framework\Testing\Feature\HydePageTest" classname="Hyde.Framework.Testing.Feature.HydePageTest" file="/home/runner/work/develop/develop/packages/framework/tests/Feature/HydePageTest.php" line="893" assertions="2" time="0.022115"/>
        <testcase name="test_existing_parsed_markdown_pages_can_be_saved" class="Hyde\Framework\Testing\Feature\HydePageTest" classname="Hyde.Framework.Testing.Feature.HydePageTest" file="/home/runner/work/develop/develop/packages/framework/tests/Feature/HydePageTest.php" line="904" assertions="3" time="0.028773"/>
        <testcase name="test_markdown_posts_can_be_saved" class="Hyde\Framework\Testing\Feature\HydePageTest" classname="Hyde.Framework.Testing.Feature.HydePageTest" file="/home/runner/work/develop/develop/packages/framework/tests/Feature/HydePageTest.php" line="923" assertions="1" time="0.025656"/>
        <testcase name="test_documentation_pages_can_be_saved" class="Hyde\Framework\Testing\Feature\HydePageTest" classname="Hyde.Framework.Testing.Feature.HydePageTest" file="/home/runner/work/develop/develop/packages/framework/tests/Feature/HydePageTest.php" line="931" assertions="1" time="0.022234"/>
        <testcase name="test_get_method_can_access_data_from_page" class="Hyde\Framework\Testing\Feature\HydePageTest" classname="Hyde.Framework.Testing.Feature.HydePageTest" file="/home/runner/work/develop/develop/packages/framework/tests/Feature/HydePageTest.php" line="939" assertions="1" time="0.022068"/>
        <testcase name="test_get_method_can_access_nested_data_from_page" class="Hyde\Framework\Testing\Feature\HydePageTest" classname="Hyde.Framework.Testing.Feature.HydePageTest" file="/home/runner/work/develop/develop/packages/framework/tests/Feature/HydePageTest.php" line="945" assertions="1" time="0.021942"/>
        <testcase name="test_get_method_can_access_nested_data_from_page_with_dot_notation" class="Hyde\Framework\Testing\Feature\HydePageTest" classname="Hyde.Framework.Testing.Feature.HydePageTest" file="/home/runner/work/develop/develop/packages/framework/tests/Feature/HydePageTest.php" line="951" assertions="1" time="0.021996"/>
        <testcase name="testGetLinkWithPrettyUrls" class="Hyde\Framework\Testing\Feature\HydePageTest" classname="Hyde.Framework.Testing.Feature.HydePageTest" file="/home/runner/work/develop/develop/packages/framework/tests/Feature/HydePageTest.php" line="957" assertions="1" time="0.022037"/>
        <testcase name="testGetLinkUsesHyperlinksHelper" class="Hyde\Framework\Testing\Feature\HydePageTest" classname="Hyde.Framework.Testing.Feature.HydePageTest" file="/home/runner/work/develop/develop/packages/framework/tests/Feature/HydePageTest.php" line="965" assertions="1" time="0.022701"/>
        <testcase name="test_path_helpers_return_same_result_as_fluent_filesystem_helpers" class="Hyde\Framework\Testing\Feature\HydePageTest" classname="Hyde.Framework.Testing.Feature.HydePageTest" file="/home/runner/work/develop/develop/packages/framework/tests/Feature/HydePageTest.php" line="973" assertions="4" time="0.021236"/>
        <testcase name="test_all_pages_are_routable" class="Hyde\Framework\Testing\Feature\HydePageTest" classname="Hyde.Framework.Testing.Feature.HydePageTest" file="/home/runner/work/develop/develop/packages/framework/tests/Feature/HydePageTest.php" line="981" assertions="25" time="0.085279"/>
        <testcase name="test_navigation_data_factory_hides_page_from_navigation_when_in_a_subdirectory" class="Hyde\Framework\Testing\Feature\HydePageTest" classname="Hyde.Framework.Testing.Feature.HydePageTest" file="/home/runner/work/develop/develop/packages/framework/tests/Feature/HydePageTest.php" line="1010" assertions="2" time="0.022770"/>
        <testcase name="test_navigation_data_factory_hides_page_from_navigation_when_in_a_and_config_is_set_to_hidden" class="Hyde\Framework\Testing\Feature\HydePageTest" classname="Hyde.Framework.Testing.Feature.HydePageTest" file="/home/runner/work/develop/develop/packages/framework/tests/Feature/HydePageTest.php" line="1017" assertions="2" time="0.022257"/>
        <testcase name="test_navigation_data_factory_does_not_hide_page_from_navigation_when_in_a_subdirectory_and_allowed_in_configuration" class="Hyde\Framework\Testing\Feature\HydePageTest" classname="Hyde.Framework.Testing.Feature.HydePageTest" file="/home/runner/work/develop/develop/packages/framework/tests/Feature/HydePageTest.php" line="1025" assertions="2" time="0.022092"/>
        <testcase name="test_navigation_data_factory_allows_show_in_navigation_and_sets_group_when_dropdown_is_selected_in_config" class="Hyde\Framework\Testing\Feature\HydePageTest" classname="Hyde.Framework.Testing.Feature.HydePageTest" file="/home/runner/work/develop/develop/packages/framework/tests/Feature/HydePageTest.php" line="1033" assertions="2" time="0.022036"/>
        <testcase name="test_is_discoverable_method_returns_true_for_discoverable_pages" class="Hyde\Framework\Testing\Feature\HydePageTest" classname="Hyde.Framework.Testing.Feature.HydePageTest" file="/home/runner/work/develop/develop/packages/framework/tests/Feature/HydePageTest.php" line="1041" assertions="1" time="0.020828"/>
        <testcase name="test_is_discoverable_method_returns_false_for_non_discoverable_pages" class="Hyde\Framework\Testing\Feature\HydePageTest" classname="Hyde.Framework.Testing.Feature.HydePageTest" file="/home/runner/work/develop/develop/packages/framework/tests/Feature/HydePageTest.php" line="1046" assertions="1" time="0.020784"/>
        <testcase name="test_is_discoverable_method_requires_all_required_data_to_be_present" class="Hyde\Framework\Testing\Feature\HydePageTest" classname="Hyde.Framework.Testing.Feature.HydePageTest" file="/home/runner/work/develop/develop/packages/framework/tests/Feature/HydePageTest.php" line="1051" assertions="1" time="0.021081"/>
        <testcase name="test_is_discoverable_method_requires_source_directory_to_be_filled" class="Hyde\Framework\Testing\Feature\HydePageTest" classname="Hyde.Framework.Testing.Feature.HydePageTest" file="/home/runner/work/develop/develop/packages/framework/tests/Feature/HydePageTest.php" line="1056" assertions="1" time="0.021309"/>
        <testcase name="test_all_core_extension_pages_are_discoverable" class="Hyde\Framework\Testing\Feature\HydePageTest" classname="Hyde.Framework.Testing.Feature.HydePageTest" file="/home/runner/work/develop/develop/packages/framework/tests/Feature/HydePageTest.php" line="1061" assertions="5" time="0.021583"/>
      </testsuite>
      <testsuite name="Hyde\Framework\Testing\Feature\HydeServiceProviderTest" file="/home/runner/work/develop/develop/packages/framework/tests/Feature/HydeServiceProviderTest.php" tests="20" assertions="91" errors="0" warnings="0" failures="0" skipped="0" time="0.448695">
        <testcase name="test_provider_is_constructed" class="Hyde\Framework\Testing\Feature\HydeServiceProviderTest" classname="Hyde.Framework.Testing.Feature.HydeServiceProviderTest" file="/home/runner/work/develop/develop/packages/framework/tests/Feature/HydeServiceProviderTest.php" line="45" assertions="1" time="0.021030"/>
        <testcase name="test_provider_has_register_method" class="Hyde\Framework\Testing\Feature\HydeServiceProviderTest" classname="Hyde.Framework.Testing.Feature.HydeServiceProviderTest" file="/home/runner/work/develop/develop/packages/framework/tests/Feature/HydeServiceProviderTest.php" line="50" assertions="1" time="0.021511"/>
        <testcase name="test_provider_has_boot_method" class="Hyde\Framework\Testing\Feature\HydeServiceProviderTest" classname="Hyde.Framework.Testing.Feature.HydeServiceProviderTest" file="/home/runner/work/develop/develop/packages/framework/tests/Feature/HydeServiceProviderTest.php" line="55" assertions="1" time="0.020962"/>
        <testcase name="test_provider_registers_asset_service_contract" class="Hyde\Framework\Testing\Feature\HydeServiceProviderTest" classname="Hyde.Framework.Testing.Feature.HydeServiceProviderTest" file="/home/runner/work/develop/develop/packages/framework/tests/Feature/HydeServiceProviderTest.php" line="60" assertions="2" time="0.020676"/>
        <testcase name="test_provider_registers_source_directories" class="Hyde\Framework\Testing\Feature\HydeServiceProviderTest" classname="Hyde.Framework.Testing.Feature.HydeServiceProviderTest" file="/home/runner/work/develop/develop/packages/framework/tests/Feature/HydeServiceProviderTest.php" line="66" assertions="8" time="0.022002"/>
        <testcase name="test_provider_registers_output_directories" class="Hyde\Framework\Testing\Feature\HydeServiceProviderTest" classname="Hyde.Framework.Testing.Feature.HydeServiceProviderTest" file="/home/runner/work/develop/develop/packages/framework/tests/Feature/HydeServiceProviderTest.php" line="86" assertions="8" time="0.022201"/>
        <testcase name="test_custom_source_roots_are_applied_to_the_page_models" class="Hyde\Framework\Testing\Feature\HydeServiceProviderTest" classname="Hyde.Framework.Testing.Feature.HydeServiceProviderTest" file="/home/runner/work/develop/develop/packages/framework/tests/Feature/HydeServiceProviderTest.php" line="106" assertions="8" time="0.022181"/>
        <testcase name="test_source_root_set_in_config_is_assigned" class="Hyde\Framework\Testing\Feature\HydeServiceProviderTest" classname="Hyde.Framework.Testing.Feature.HydeServiceProviderTest" file="/home/runner/work/develop/develop/packages/framework/tests/Feature/HydeServiceProviderTest.php" line="123" assertions="3" time="0.032039"/>
        <testcase name="test_provider_registers_site_output_directory" class="Hyde\Framework\Testing\Feature\HydeServiceProviderTest" classname="Hyde.Framework.Testing.Feature.HydeServiceProviderTest" file="/home/runner/work/develop/develop/packages/framework/tests/Feature/HydeServiceProviderTest.php" line="134" assertions="2" time="0.022245"/>
        <testcase name="test_provider_registers_media_directory" class="Hyde\Framework\Testing\Feature\HydeServiceProviderTest" classname="Hyde.Framework.Testing.Feature.HydeServiceProviderTest" file="/home/runner/work/develop/develop/packages/framework/tests/Feature/HydeServiceProviderTest.php" line="145" assertions="3" time="0.022106"/>
        <testcase name="test_provider_registers_blade_view_discovery_location_for_configured_blade_view_path" class="Hyde\Framework\Testing\Feature\HydeServiceProviderTest" classname="Hyde.Framework.Testing.Feature.HydeServiceProviderTest" file="/home/runner/work/develop/develop/packages/framework/tests/Feature/HydeServiceProviderTest.php" line="157" assertions="2" time="0.022088"/>
        <testcase name="test_blade_view_locations_are_only_registered_once_per_key" class="Hyde\Framework\Testing\Feature\HydeServiceProviderTest" classname="Hyde.Framework.Testing.Feature.HydeServiceProviderTest" file="/home/runner/work/develop/develop/packages/framework/tests/Feature/HydeServiceProviderTest.php" line="167" assertions="2" time="0.023253"/>
        <testcase name="test_provider_registers_console_commands" class="Hyde\Framework\Testing\Feature\HydeServiceProviderTest" classname="Hyde.Framework.Testing.Feature.HydeServiceProviderTest" file="/home/runner/work/develop/develop/packages/framework/tests/Feature/HydeServiceProviderTest.php" line="178" assertions="18" time="0.021374"/>
        <testcase name="test_provider_registers_additional_module_service_providers" class="Hyde\Framework\Testing\Feature\HydeServiceProviderTest" classname="Hyde.Framework.Testing.Feature.HydeServiceProviderTest" file="/home/runner/work/develop/develop/packages/framework/tests/Feature/HydeServiceProviderTest.php" line="195" assertions="1" time="0.021891"/>
        <testcase name="test_provider_registers_all_page_model_source_paths" class="Hyde\Framework\Testing\Feature\HydeServiceProviderTest" classname="Hyde.Framework.Testing.Feature.HydeServiceProviderTest" file="/home/runner/work/develop/develop/packages/framework/tests/Feature/HydeServiceProviderTest.php" line="202" assertions="6" time="0.022350"/>
        <testcase name="test_provider_registers_all_page_model_output_paths" class="Hyde\Framework\Testing\Feature\HydeServiceProviderTest" classname="Hyde.Framework.Testing.Feature.HydeServiceProviderTest" file="/home/runner/work/develop/develop/packages/framework/tests/Feature/HydeServiceProviderTest.php" line="228" assertions="5" time="0.022445"/>
        <testcase name="test_provider_registers_source_directories_using_options_in_configuration" class="Hyde\Framework\Testing\Feature\HydeServiceProviderTest" classname="Hyde.Framework.Testing.Feature.HydeServiceProviderTest" file="/home/runner/work/develop/develop/packages/framework/tests/Feature/HydeServiceProviderTest.php" line="244" assertions="5" time="0.022402"/>
        <testcase name="test_source_directories_can_be_set_using_kebab_case_class_names" class="Hyde\Framework\Testing\Feature\HydeServiceProviderTest" classname="Hyde.Framework.Testing.Feature.HydeServiceProviderTest" file="/home/runner/work/develop/develop/packages/framework/tests/Feature/HydeServiceProviderTest.php" line="263" assertions="5" time="0.021941"/>
        <testcase name="test_provider_registers_output_directories_using_options_in_configuration" class="Hyde\Framework\Testing\Feature\HydeServiceProviderTest" classname="Hyde.Framework.Testing.Feature.HydeServiceProviderTest" file="/home/runner/work/develop/develop/packages/framework/tests/Feature/HydeServiceProviderTest.php" line="282" assertions="5" time="0.022054"/>
        <testcase name="test_output_directories_can_be_set_using_kebab_case_class_names" class="Hyde\Framework\Testing\Feature\HydeServiceProviderTest" classname="Hyde.Framework.Testing.Feature.HydeServiceProviderTest" file="/home/runner/work/develop/develop/packages/framework/tests/Feature/HydeServiceProviderTest.php" line="301" assertions="5" time="0.021943"/>
      </testsuite>
      <testsuite name="Hyde\Framework\Testing\Feature\IncludesFacadeTest" file="/home/runner/work/develop/develop/packages/framework/tests/Feature/IncludesFacadeTest.php" tests="9" assertions="13" errors="0" warnings="0" failures="0" skipped="0" time="0.195773">
        <testcase name="test_path_returns_the_includes_directory" class="Hyde\Framework\Testing\Feature\IncludesFacadeTest" classname="Hyde.Framework.Testing.Feature.IncludesFacadeTest" file="/home/runner/work/develop/develop/packages/framework/tests/Feature/IncludesFacadeTest.php" line="17" assertions="1" time="0.020208"/>
        <testcase name="test_path_returns_a_partial_within_the_includes_directory" class="Hyde\Framework\Testing\Feature\IncludesFacadeTest" classname="Hyde.Framework.Testing.Feature.IncludesFacadeTest" file="/home/runner/work/develop/develop/packages/framework/tests/Feature/IncludesFacadeTest.php" line="25" assertions="1" time="0.020770"/>
        <testcase name="test_path_creates_directory_if_it_does_not_exist" class="Hyde\Framework\Testing\Feature\IncludesFacadeTest" classname="Hyde.Framework.Testing.Feature.IncludesFacadeTest" file="/home/runner/work/develop/develop/packages/framework/tests/Feature/IncludesFacadeTest.php" line="33" assertions="2" time="0.022049"/>
        <testcase name="test_get_returns_partial" class="Hyde\Framework\Testing\Feature\IncludesFacadeTest" classname="Hyde.Framework.Testing.Feature.IncludesFacadeTest" file="/home/runner/work/develop/develop/packages/framework/tests/Feature/IncludesFacadeTest.php" line="41" assertions="1" time="0.021018"/>
        <testcase name="test_get_returns_default_value_when_not_found" class="Hyde\Framework\Testing\Feature\IncludesFacadeTest" classname="Hyde.Framework.Testing.Feature.IncludesFacadeTest" file="/home/runner/work/develop/develop/packages/framework/tests/Feature/IncludesFacadeTest.php" line="49" assertions="2" time="0.020858"/>
        <testcase name="test_markdown_returns_rendered_partial" class="Hyde\Framework\Testing\Feature\IncludesFacadeTest" classname="Hyde.Framework.Testing.Feature.IncludesFacadeTest" file="/home/runner/work/develop/develop/packages/framework/tests/Feature/IncludesFacadeTest.php" line="55" assertions="1" time="0.021875"/>
        <testcase name="test_markdown_returns_rendered_default_value_when_not_found" class="Hyde\Framework\Testing\Feature\IncludesFacadeTest" classname="Hyde.Framework.Testing.Feature.IncludesFacadeTest" file="/home/runner/work/develop/develop/packages/framework/tests/Feature/IncludesFacadeTest.php" line="63" assertions="2" time="0.023219"/>
        <testcase name="test_blade_returns_rendered_partial" class="Hyde\Framework\Testing\Feature\IncludesFacadeTest" classname="Hyde.Framework.Testing.Feature.IncludesFacadeTest" file="/home/runner/work/develop/develop/packages/framework/tests/Feature/IncludesFacadeTest.php" line="69" assertions="1" time="0.022482"/>
        <testcase name="test_blade_returns_rendered_default_value_when_not_found" class="Hyde\Framework\Testing\Feature\IncludesFacadeTest" classname="Hyde.Framework.Testing.Feature.IncludesFacadeTest" file="/home/runner/work/develop/develop/packages/framework/tests/Feature/IncludesFacadeTest.php" line="77" assertions="2" time="0.023293"/>
      </testsuite>
      <testsuite name="Hyde\Framework\Testing\Feature\LoadYamlConfigurationTest" file="/home/runner/work/develop/develop/packages/framework/tests/Feature/LoadYamlConfigurationTest.php" tests="5" assertions="8" errors="0" warnings="0" failures="0" skipped="0" time="0.107439">
        <testcase name="test_bootstrapper_applies_yaml_configuration_when_present" class="Hyde\Framework\Testing\Feature\LoadYamlConfigurationTest" classname="Hyde.Framework.Testing.Feature.LoadYamlConfigurationTest" file="/home/runner/work/develop/develop/packages/framework/tests/Feature/LoadYamlConfigurationTest.php" line="17" assertions="2" time="0.021144"/>
        <testcase name="test_changes_in_yaml_file_override_changes_in_site_config" class="Hyde\Framework\Testing\Feature\LoadYamlConfigurationTest" classname="Hyde.Framework.Testing.Feature.LoadYamlConfigurationTest" file="/home/runner/work/develop/develop/packages/framework/tests/Feature/LoadYamlConfigurationTest.php" line="25" assertions="2" time="0.021867"/>
        <testcase name="test_changes_in_yaml_file_override_changes_in_site_config_when_using_yaml_extension" class="Hyde\Framework\Testing\Feature\LoadYamlConfigurationTest" classname="Hyde.Framework.Testing.Feature.LoadYamlConfigurationTest" file="/home/runner/work/develop/develop/packages/framework/tests/Feature/LoadYamlConfigurationTest.php" line="33" assertions="2" time="0.021816"/>
        <testcase name="test_service_gracefully_handles_missing_file" class="Hyde\Framework\Testing\Feature\LoadYamlConfigurationTest" classname="Hyde.Framework.Testing.Feature.LoadYamlConfigurationTest" file="/home/runner/work/develop/develop/packages/framework/tests/Feature/LoadYamlConfigurationTest.php" line="41" assertions="1" time="0.021100"/>
        <testcase name="test_service_gracefully_handles_empty_file" class="Hyde\Framework\Testing\Feature\LoadYamlConfigurationTest" classname="Hyde.Framework.Testing.Feature.LoadYamlConfigurationTest" file="/home/runner/work/develop/develop/packages/framework/tests/Feature/LoadYamlConfigurationTest.php" line="47" assertions="1" time="0.021512"/>
      </testsuite>
      <testsuite name="Hyde\Framework\Testing\Feature\MarkdownFileParserTest" file="/home/runner/work/develop/develop/packages/framework/tests/Feature/MarkdownFileParserTest.php" tests="4" assertions="12" errors="0" warnings="0" failures="0" skipped="0" time="0.086755">
        <testcase name="test_can_parse_markdown_file" class="Hyde\Framework\Testing\Feature\MarkdownFileParserTest" classname="Hyde.Framework.Testing.Feature.MarkdownFileParserTest" file="/home/runner/work/develop/develop/packages/framework/tests/Feature/MarkdownFileParserTest.php" line="36" assertions="2" time="0.020587"/>
        <testcase name="test_can_parse_markdown_file_with_front_matter" class="Hyde\Framework\Testing\Feature\MarkdownFileParserTest" classname="Hyde.Framework.Testing.Feature.MarkdownFileParserTest" file="/home/runner/work/develop/develop/packages/framework/tests/Feature/MarkdownFileParserTest.php" line="46" assertions="3" time="0.021621"/>
        <testcase name="test_parsed_markdown_post_contains_valid_front_matter" class="Hyde\Framework\Testing\Feature\MarkdownFileParserTest" classname="Hyde.Framework.Testing.Feature.MarkdownFileParserTest" file="/home/runner/work/develop/develop/packages/framework/tests/Feature/MarkdownFileParserTest.php" line="67" assertions="3" time="0.022483"/>
        <testcase name="test_static_parse_shorthand" class="Hyde\Framework\Testing\Feature\MarkdownFileParserTest" classname="Hyde.Framework.Testing.Feature.MarkdownFileParserTest" file="/home/runner/work/develop/develop/packages/framework/tests/Feature/MarkdownFileParserTest.php" line="77" assertions="4" time="0.022064"/>
      </testsuite>
      <testsuite name="Hyde\Framework\Testing\Feature\MarkdownPostTest" file="/home/runner/work/develop/develop/packages/framework/tests/Feature/MarkdownPostTest.php" tests="9" assertions="22" errors="0" warnings="0" failures="0" skipped="0" time="0.210261">
        <testcase name="test_constructor_can_create_a_new_author_instance_from_username_string" class="Hyde\Framework\Testing\Feature\MarkdownPostTest" classname="Hyde.Framework.Testing.Feature.MarkdownPostTest" file="/home/runner/work/develop/develop/packages/framework/tests/Feature/MarkdownPostTest.php" line="20" assertions="4" time="0.022160"/>
        <testcase name="test_constructor_can_create_a_new_author_instance_from_user_array" class="Hyde\Framework\Testing\Feature\MarkdownPostTest" classname="Hyde.Framework.Testing.Feature.MarkdownPostTest" file="/home/runner/work/develop/develop/packages/framework/tests/Feature/MarkdownPostTest.php" line="32" assertions="4" time="0.022392"/>
        <testcase name="test_constructor_can_create_a_new_image_instance_from_a_string" class="Hyde\Framework\Testing\Feature\MarkdownPostTest" classname="Hyde.Framework.Testing.Feature.MarkdownPostTest" file="/home/runner/work/develop/develop/packages/framework/tests/Feature/MarkdownPostTest.php" line="48" assertions="2" time="0.022314"/>
        <testcase name="test_constructor_can_create_a_new_image_instance_from_an_array" class="Hyde\Framework\Testing\Feature\MarkdownPostTest" classname="Hyde.Framework.Testing.Feature.MarkdownPostTest" file="/home/runner/work/develop/develop/packages/framework/tests/Feature/MarkdownPostTest.php" line="58" assertions="2" time="0.031601"/>
        <testcase name="test_constructor_can_create_a_new_date_string_instance_from_matter" class="Hyde\Framework\Testing\Feature\MarkdownPostTest" classname="Hyde.Framework.Testing.Feature.MarkdownPostTest" file="/home/runner/work/develop/develop/packages/framework/tests/Feature/MarkdownPostTest.php" line="70" assertions="2" time="0.022205"/>
        <testcase name="test_featured_image_can_be_constructed_returns_null_when_no_image_is_set_in_the_page_matter" class="Hyde\Framework\Testing\Feature\MarkdownPostTest" classname="Hyde.Framework.Testing.Feature.MarkdownPostTest" file="/home/runner/work/develop/develop/packages/framework/tests/Feature/MarkdownPostTest.php" line="80" assertions="1" time="0.022474"/>
        <testcase name="test_featured_image_can_be_constructed_returns_image_object_with_local_path_when_matter_is_string" class="Hyde\Framework\Testing\Feature\MarkdownPostTest" classname="Hyde.Framework.Testing.Feature.MarkdownPostTest" file="/home/runner/work/develop/develop/packages/framework/tests/Feature/MarkdownPostTest.php" line="86" assertions="2" time="0.022543"/>
        <testcase name="test_featured_image_can_be_constructed_returns_image_object_with_remote_path_when_matter_is_string" class="Hyde\Framework\Testing\Feature\MarkdownPostTest" classname="Hyde.Framework.Testing.Feature.MarkdownPostTest" file="/home/runner/work/develop/develop/packages/framework/tests/Feature/MarkdownPostTest.php" line="94" assertions="2" time="0.022082"/>
        <testcase name="test_featured_image_can_be_constructed_returns_image_object_with_supplied_data_when_matter_is_array" class="Hyde\Framework\Testing\Feature\MarkdownPostTest" classname="Hyde.Framework.Testing.Feature.MarkdownPostTest" file="/home/runner/work/develop/develop/packages/framework/tests/Feature/MarkdownPostTest.php" line="102" assertions="3" time="0.022492"/>
      </testsuite>
      <testsuite name="Hyde\Framework\Testing\Feature\MarkdownServiceTest" file="/home/runner/work/develop/develop/packages/framework/tests/Feature/MarkdownServiceTest.php" tests="31" assertions="38" errors="0" warnings="0" failures="0" skipped="0" time="0.689314">
        <testcase name="test_service_can_parse_markdown_to_html" class="Hyde\Framework\Testing\Feature\MarkdownServiceTest" classname="Hyde.Framework.Testing.Feature.MarkdownServiceTest" file="/home/runner/work/develop/develop/packages/framework/tests/Feature/MarkdownServiceTest.php" line="18" assertions="2" time="0.021787"/>
        <testcase name="test_service_can_parse_markdown_to_html_with_permalinks" class="Hyde\Framework\Testing\Feature\MarkdownServiceTest" classname="Hyde.Framework.Testing.Feature.MarkdownServiceTest" file="/home/runner/work/develop/develop/packages/framework/tests/Feature/MarkdownServiceTest.php" line="28" assertions="2" time="0.023084"/>
        <testcase name="test_torchlight_extension_is_not_enabled_by_default" class="Hyde\Framework\Testing\Feature\MarkdownServiceTest" classname="Hyde.Framework.Testing.Feature.MarkdownServiceTest" file="/home/runner/work/develop/develop/packages/framework/tests/Feature/MarkdownServiceTest.php" line="42" assertions="1" time="0.022605"/>
        <testcase name="test_torchlight_extension_is_enabled_automatically_when_has_torchlight_feature" class="Hyde\Framework\Testing\Feature\MarkdownServiceTest" classname="Hyde.Framework.Testing.Feature.MarkdownServiceTest" file="/home/runner/work/develop/develop/packages/framework/tests/Feature/MarkdownServiceTest.php" line="50" assertions="1" time="0.025784"/>
        <testcase name="test_torchlight_integration_injects_attribution" class="Hyde\Framework\Testing\Feature\MarkdownServiceTest" classname="Hyde.Framework.Testing.Feature.MarkdownServiceTest" file="/home/runner/work/develop/develop/packages/framework/tests/Feature/MarkdownServiceTest.php" line="58" assertions="1" time="0.024114"/>
        <testcase name="test_bladedown_is_not_enabled_by_default" class="Hyde\Framework\Testing\Feature\MarkdownServiceTest" classname="Hyde.Framework.Testing.Feature.MarkdownServiceTest" file="/home/runner/work/develop/develop/packages/framework/tests/Feature/MarkdownServiceTest.php" line="72" assertions="1" time="0.025505"/>
        <testcase name="test_bladedown_can_be_enabled" class="Hyde\Framework\Testing\Feature\MarkdownServiceTest" classname="Hyde.Framework.Testing.Feature.MarkdownServiceTest" file="/home/runner/work/develop/develop/packages/framework/tests/Feature/MarkdownServiceTest.php" line="78" assertions="1" time="0.027278"/>
        <testcase name="test_raw_html_tags_are_stripped_by_default" class="Hyde\Framework\Testing\Feature\MarkdownServiceTest" classname="Hyde.Framework.Testing.Feature.MarkdownServiceTest" file="/home/runner/work/develop/develop/packages/framework/tests/Feature/MarkdownServiceTest.php" line="86" assertions="1" time="0.022449"/>
        <testcase name="test_raw_html_tags_are_not_stripped_when_explicitly_enabled" class="Hyde\Framework\Testing\Feature\MarkdownServiceTest" classname="Hyde.Framework.Testing.Feature.MarkdownServiceTest" file="/home/runner/work/develop/develop/packages/framework/tests/Feature/MarkdownServiceTest.php" line="94" assertions="1" time="0.023909"/>
        <testcase name="test_has_features_array" class="Hyde\Framework\Testing\Feature\MarkdownServiceTest" classname="Hyde.Framework.Testing.Feature.MarkdownServiceTest" file="/home/runner/work/develop/develop/packages/framework/tests/Feature/MarkdownServiceTest.php" line="103" assertions="1" time="0.021182"/>
        <testcase name="test_the_features_array_is_empty_by_default" class="Hyde\Framework\Testing\Feature\MarkdownServiceTest" classname="Hyde.Framework.Testing.Feature.MarkdownServiceTest" file="/home/runner/work/develop/develop/packages/framework/tests/Feature/MarkdownServiceTest.php" line="110" assertions="1" time="0.021299"/>
        <testcase name="test_features_can_be_added_to_the_array" class="Hyde\Framework\Testing\Feature\MarkdownServiceTest" classname="Hyde.Framework.Testing.Feature.MarkdownServiceTest" file="/home/runner/work/develop/develop/packages/framework/tests/Feature/MarkdownServiceTest.php" line="117" assertions="1" time="0.021786"/>
        <testcase name="test_features_can_be_removed_from_the_array" class="Hyde\Framework\Testing\Feature\MarkdownServiceTest" classname="Hyde.Framework.Testing.Feature.MarkdownServiceTest" file="/home/runner/work/develop/develop/packages/framework/tests/Feature/MarkdownServiceTest.php" line="125" assertions="1" time="0.021043"/>
        <testcase name="test_method_chaining_can_be_used_to_programmatically_add_features_to_the_array" class="Hyde\Framework\Testing\Feature\MarkdownServiceTest" classname="Hyde.Framework.Testing.Feature.MarkdownServiceTest" file="/home/runner/work/develop/develop/packages/framework/tests/Feature/MarkdownServiceTest.php" line="134" assertions="2" time="0.020817"/>
        <testcase name="test_method_chaining_can_be_used_to_programmatically_remove_features_from_the_array" class="Hyde\Framework\Testing\Feature\MarkdownServiceTest" classname="Hyde.Framework.Testing.Feature.MarkdownServiceTest" file="/home/runner/work/develop/develop/packages/framework/tests/Feature/MarkdownServiceTest.php" line="143" assertions="2" time="0.020678"/>
        <testcase name="test_method_with_table_of_contents_method_chain_adds_the_table_of_contents_feature" class="Hyde\Framework\Testing\Feature\MarkdownServiceTest" classname="Hyde.Framework.Testing.Feature.MarkdownServiceTest" file="/home/runner/work/develop/develop/packages/framework/tests/Feature/MarkdownServiceTest.php" line="152" assertions="1" time="0.020923"/>
        <testcase name="test_method_with_permalinks_method_chain_adds_the_permalinks_feature" class="Hyde\Framework\Testing\Feature\MarkdownServiceTest" classname="Hyde.Framework.Testing.Feature.MarkdownServiceTest" file="/home/runner/work/develop/develop/packages/framework/tests/Feature/MarkdownServiceTest.php" line="160" assertions="1" time="0.020966"/>
        <testcase name="test_has_feature_returns_true_if_the_feature_is_in_the_array" class="Hyde\Framework\Testing\Feature\MarkdownServiceTest" classname="Hyde.Framework.Testing.Feature.MarkdownServiceTest" file="/home/runner/work/develop/develop/packages/framework/tests/Feature/MarkdownServiceTest.php" line="168" assertions="1" time="0.020799"/>
        <testcase name="test_has_feature_returns_false_if_the_feature_is_not_in_the_array" class="Hyde\Framework\Testing\Feature\MarkdownServiceTest" classname="Hyde.Framework.Testing.Feature.MarkdownServiceTest" file="/home/runner/work/develop/develop/packages/framework/tests/Feature/MarkdownServiceTest.php" line="176" assertions="1" time="0.020749"/>
        <testcase name="test_method_can_enable_permalinks_returns_true_if_the_permalinks_feature_is_in_the_array" class="Hyde\Framework\Testing\Feature\MarkdownServiceTest" classname="Hyde.Framework.Testing.Feature.MarkdownServiceTest" file="/home/runner/work/develop/develop/packages/framework/tests/Feature/MarkdownServiceTest.php" line="183" assertions="1" time="0.031758"/>
        <testcase name="test_method_can_enable_permalinks_is_automatically_for_documentation_pages" class="Hyde\Framework\Testing\Feature\MarkdownServiceTest" classname="Hyde.Framework.Testing.Feature.MarkdownServiceTest" file="/home/runner/work/develop/develop/packages/framework/tests/Feature/MarkdownServiceTest.php" line="191" assertions="1" time="0.021384"/>
        <testcase name="test_method_can_enable_permalinks_returns_false_if_the_permalinks_feature_is_not_in_the_array" class="Hyde\Framework\Testing\Feature\MarkdownServiceTest" classname="Hyde.Framework.Testing.Feature.MarkdownServiceTest" file="/home/runner/work/develop/develop/packages/framework/tests/Feature/MarkdownServiceTest.php" line="201" assertions="1" time="0.020958"/>
        <testcase name="test_method_can_enable_torchlight_returns_true_if_the_torchlight_feature_is_in_the_array" class="Hyde\Framework\Testing\Feature\MarkdownServiceTest" classname="Hyde.Framework.Testing.Feature.MarkdownServiceTest" file="/home/runner/work/develop/develop/packages/framework/tests/Feature/MarkdownServiceTest.php" line="208" assertions="1" time="0.020864"/>
        <testcase name="test_method_can_enable_torchlight_returns_false_if_the_torchlight_feature_is_not_in_the_array" class="Hyde\Framework\Testing\Feature\MarkdownServiceTest" classname="Hyde.Framework.Testing.Feature.MarkdownServiceTest" file="/home/runner/work/develop/develop/packages/framework/tests/Feature/MarkdownServiceTest.php" line="216" assertions="1" time="0.020983"/>
        <testcase name="test_stripIndentation_method_with_unindented_markdown" class="Hyde\Framework\Testing\Feature\MarkdownServiceTest" classname="Hyde.Framework.Testing.Feature.MarkdownServiceTest" file="/home/runner/work/develop/develop/packages/framework/tests/Feature/MarkdownServiceTest.php" line="223" assertions="1" time="0.020783"/>
        <testcase name="test_stripIndentation_method_with_indented_markdown" class="Hyde\Framework\Testing\Feature\MarkdownServiceTest" classname="Hyde.Framework.Testing.Feature.MarkdownServiceTest" file="/home/runner/work/develop/develop/packages/framework/tests/Feature/MarkdownServiceTest.php" line="231" assertions="3" time="0.020770"/>
        <testcase name="test_stripIndentation_method_with_tab_indented_markdown" class="Hyde\Framework\Testing\Feature\MarkdownServiceTest" classname="Hyde.Framework.Testing.Feature.MarkdownServiceTest" file="/home/runner/work/develop/develop/packages/framework/tests/Feature/MarkdownServiceTest.php" line="245" assertions="1" time="0.020709"/>
        <testcase name="test_stripIndentation_method_with_carriage_return_line_feed" class="Hyde\Framework\Testing\Feature\MarkdownServiceTest" classname="Hyde.Framework.Testing.Feature.MarkdownServiceTest" file="/home/runner/work/develop/develop/packages/framework/tests/Feature/MarkdownServiceTest.php" line="253" assertions="1" time="0.021629"/>
        <testcase name="test_stripIndentation_method_with_code_indentation" class="Hyde\Framework\Testing\Feature\MarkdownServiceTest" classname="Hyde.Framework.Testing.Feature.MarkdownServiceTest" file="/home/runner/work/develop/develop/packages/framework/tests/Feature/MarkdownServiceTest.php" line="261" assertions="1" time="0.020646"/>
        <testcase name="test_stripIndentation_method_with_empty_newlines" class="Hyde\Framework\Testing\Feature\MarkdownServiceTest" classname="Hyde.Framework.Testing.Feature.MarkdownServiceTest" file="/home/runner/work/develop/develop/packages/framework/tests/Feature/MarkdownServiceTest.php" line="269" assertions="2" time="0.020816"/>
        <testcase name="test_stripIndentation_method_with_trailing_newline" class="Hyde\Framework\Testing\Feature\MarkdownServiceTest" classname="Hyde.Framework.Testing.Feature.MarkdownServiceTest" file="/home/runner/work/develop/develop/packages/framework/tests/Feature/MarkdownServiceTest.php" line="280" assertions="1" time="0.021258"/>
      </testsuite>
      <testsuite name="Hyde\Framework\Testing\Feature\MetadataHelperTest" file="/home/runner/work/develop/develop/packages/framework/tests/Feature/MetadataHelperTest.php" tests="9" assertions="9" errors="0" warnings="0" failures="0" skipped="0" time="0.189262">
        <testcase name="test_name_method_returns_a_valid_html_meta_string" class="Hyde\Framework\Testing\Feature\MetadataHelperTest" classname="Hyde.Framework.Testing.Feature.MetadataHelperTest" file="/home/runner/work/develop/develop/packages/framework/tests/Feature/MetadataHelperTest.php" line="24" assertions="1" time="0.020387"/>
        <testcase name="test_property_method_returns_a_valid_html_meta_string" class="Hyde\Framework\Testing\Feature\MetadataHelperTest" classname="Hyde.Framework.Testing.Feature.MetadataHelperTest" file="/home/runner/work/develop/develop/packages/framework/tests/Feature/MetadataHelperTest.php" line="32" assertions="1" time="0.020864"/>
        <testcase name="test_property_method_accepts_property_with_og_prefix" class="Hyde\Framework\Testing\Feature\MetadataHelperTest" classname="Hyde.Framework.Testing.Feature.MetadataHelperTest" file="/home/runner/work/develop/develop/packages/framework/tests/Feature/MetadataHelperTest.php" line="40" assertions="1" time="0.020909"/>
        <testcase name="test_property_method_accepts_property_without_og_prefix" class="Hyde\Framework\Testing\Feature\MetadataHelperTest" classname="Hyde.Framework.Testing.Feature.MetadataHelperTest" file="/home/runner/work/develop/develop/packages/framework/tests/Feature/MetadataHelperTest.php" line="48" assertions="1" time="0.021837"/>
        <testcase name="test_link_method_returns_a_valid_html_link_string" class="Hyde\Framework\Testing\Feature\MetadataHelperTest" classname="Hyde.Framework.Testing.Feature.MetadataHelperTest" file="/home/runner/work/develop/develop/packages/framework/tests/Feature/MetadataHelperTest.php" line="56" assertions="1" time="0.020736"/>
        <testcase name="test_link_method_returns_a_valid_html_link_string_with_attributes" class="Hyde\Framework\Testing\Feature\MetadataHelperTest" classname="Hyde.Framework.Testing.Feature.MetadataHelperTest" file="/home/runner/work/develop/develop/packages/framework/tests/Feature/MetadataHelperTest.php" line="64" assertions="1" time="0.020795"/>
        <testcase name="test_link_method_returns_a_valid_html_link_string_with_multiple_attributes" class="Hyde\Framework\Testing\Feature\MetadataHelperTest" classname="Hyde.Framework.Testing.Feature.MetadataHelperTest" file="/home/runner/work/develop/develop/packages/framework/tests/Feature/MetadataHelperTest.php" line="72" assertions="1" time="0.021226"/>
        <testcase name="test_get_method_returns_global_metadata_bag" class="Hyde\Framework\Testing\Feature\MetadataHelperTest" classname="Hyde.Framework.Testing.Feature.MetadataHelperTest" file="/home/runner/work/develop/develop/packages/framework/tests/Feature/MetadataHelperTest.php" line="80" assertions="1" time="0.021251"/>
        <testcase name="test_render_method_renders_global_metadata_bag" class="Hyde\Framework\Testing\Feature\MetadataHelperTest" classname="Hyde.Framework.Testing.Feature.MetadataHelperTest" file="/home/runner/work/develop/develop/packages/framework/tests/Feature/MetadataHelperTest.php" line="85" assertions="1" time="0.021258"/>
      </testsuite>
      <testsuite name="Hyde\Framework\Testing\Feature\MetadataTest" file="/home/runner/work/develop/develop/packages/framework/tests/Feature/MetadataTest.php" tests="44" assertions="51" errors="0" warnings="0" failures="0" skipped="0" time="0.983393">
        <testcase name="test_metadata_object_is_generated_automatically" class="Hyde\Framework\Testing\Feature\MetadataTest" classname="Hyde.Framework.Testing.Feature.MetadataTest" file="/home/runner/work/develop/develop/packages/framework/tests/Feature/MetadataTest.php" line="53" assertions="3" time="0.021140"/>
        <testcase name="test_link_item_model" class="Hyde\Framework\Testing\Feature\MetadataTest" classname="Hyde.Framework.Testing.Feature.MetadataTest" file="/home/runner/work/develop/develop/packages/framework/tests/Feature/MetadataTest.php" line="62" assertions="3" time="0.020839"/>
        <testcase name="test_metadata_item_model" class="Hyde\Framework\Testing\Feature\MetadataTest" classname="Hyde.Framework.Testing.Feature.MetadataTest" file="/home/runner/work/develop/develop/packages/framework/tests/Feature/MetadataTest.php" line="72" assertions="2" time="0.020764"/>
        <testcase name="test_open_graph_item_model" class="Hyde\Framework\Testing\Feature\MetadataTest" classname="Hyde.Framework.Testing.Feature.MetadataTest" file="/home/runner/work/develop/develop/packages/framework/tests/Feature/MetadataTest.php" line="79" assertions="3" time="0.020727"/>
        <testcase name="test_link_item_can_be_added" class="Hyde\Framework\Testing\Feature\MetadataTest" classname="Hyde.Framework.Testing.Feature.MetadataTest" file="/home/runner/work/develop/develop/packages/framework/tests/Feature/MetadataTest.php" line="89" assertions="1" time="0.022188"/>
        <testcase name="test_metadata_item_can_be_added" class="Hyde\Framework\Testing\Feature\MetadataTest" classname="Hyde.Framework.Testing.Feature.MetadataTest" file="/home/runner/work/develop/develop/packages/framework/tests/Feature/MetadataTest.php" line="99" assertions="1" time="0.021716"/>
        <testcase name="test_open_graph_item_can_be_added" class="Hyde\Framework\Testing\Feature\MetadataTest" classname="Hyde.Framework.Testing.Feature.MetadataTest" file="/home/runner/work/develop/develop/packages/framework/tests/Feature/MetadataTest.php" line="109" assertions="1" time="0.021667"/>
        <testcase name="test_generic_item_can_be_added" class="Hyde\Framework\Testing\Feature\MetadataTest" classname="Hyde.Framework.Testing.Feature.MetadataTest" file="/home/runner/work/develop/develop/packages/framework/tests/Feature/MetadataTest.php" line="119" assertions="1" time="0.021555"/>
        <testcase name="test_multiple_items_can_be_accessed_with_get_method" class="Hyde\Framework\Testing\Feature\MetadataTest" classname="Hyde.Framework.Testing.Feature.MetadataTest" file="/home/runner/work/develop/develop/packages/framework/tests/Feature/MetadataTest.php" line="129" assertions="1" time="0.021951"/>
        <testcase name="test_multiple_items_of_same_key_and_type_only_keeps_latest" class="Hyde\Framework\Testing\Feature\MetadataTest" classname="Hyde.Framework.Testing.Feature.MetadataTest" file="/home/runner/work/develop/develop/packages/framework/tests/Feature/MetadataTest.php" line="145" assertions="1" time="0.021741"/>
        <testcase name="test_render_returns_html_string_of_imploded_metadata_arrays" class="Hyde\Framework\Testing\Feature\MetadataTest" classname="Hyde.Framework.Testing.Feature.MetadataTest" file="/home/runner/work/develop/develop/packages/framework/tests/Feature/MetadataTest.php" line="156" assertions="1" time="0.023425"/>
        <testcase name="test_custom_metadata_overrides_config_defined_metadata" class="Hyde\Framework\Testing\Feature\MetadataTest" classname="Hyde.Framework.Testing.Feature.MetadataTest" file="/home/runner/work/develop/develop/packages/framework/tests/Feature/MetadataTest.php" line="173" assertions="1" time="0.021717"/>
        <testcase name="test_dynamic_metadata_overrides_config_defined_metadata" class="Hyde\Framework\Testing\Feature\MetadataTest" classname="Hyde.Framework.Testing.Feature.MetadataTest" file="/home/runner/work/develop/develop/packages/framework/tests/Feature/MetadataTest.php" line="185" assertions="1" time="0.021901"/>
        <testcase name="test_does_not_add_canonical_link_when_base_url_is_not_set" class="Hyde\Framework\Testing\Feature\MetadataTest" classname="Hyde.Framework.Testing.Feature.MetadataTest" file="/home/runner/work/develop/develop/packages/framework/tests/Feature/MetadataTest.php" line="198" assertions="1" time="0.021835"/>
        <testcase name="test_does_not_add_canonical_link_when_identifier_is_not_set" class="Hyde\Framework\Testing\Feature\MetadataTest" classname="Hyde.Framework.Testing.Feature.MetadataTest" file="/home/runner/work/develop/develop/packages/framework/tests/Feature/MetadataTest.php" line="206" assertions="1" time="0.021694"/>
        <testcase name="test_adds_canonical_link_when_base_url_and_identifier_is_set" class="Hyde\Framework\Testing\Feature\MetadataTest" classname="Hyde.Framework.Testing.Feature.MetadataTest" file="/home/runner/work/develop/develop/packages/framework/tests/Feature/MetadataTest.php" line="214" assertions="1" time="0.021953"/>
        <testcase name="test_canonical_link_uses_clean_url_setting" class="Hyde\Framework\Testing\Feature\MetadataTest" classname="Hyde.Framework.Testing.Feature.MetadataTest" file="/home/runner/work/develop/develop/packages/framework/tests/Feature/MetadataTest.php" line="222" assertions="1" time="0.031917"/>
        <testcase name="test_can_override_canonical_link_with_front_matter" class="Hyde\Framework\Testing\Feature\MetadataTest" classname="Hyde.Framework.Testing.Feature.MetadataTest" file="/home/runner/work/develop/develop/packages/framework/tests/Feature/MetadataTest.php" line="231" assertions="1" time="0.021915"/>
        <testcase name="test_adds_twitter_and_open_graph_title_when_title_is_set" class="Hyde\Framework\Testing\Feature\MetadataTest" classname="Hyde.Framework.Testing.Feature.MetadataTest" file="/home/runner/work/develop/develop/packages/framework/tests/Feature/MetadataTest.php" line="240" assertions="1" time="0.021783"/>
        <testcase name="test_does_not_add_twitter_and_open_graph_title_when_no_title_is_set" class="Hyde\Framework\Testing\Feature\MetadataTest" classname="Hyde.Framework.Testing.Feature.MetadataTest" file="/home/runner/work/develop/develop/packages/framework/tests/Feature/MetadataTest.php" line="251" assertions="1" time="0.021743"/>
        <testcase name="test_adds_description_when_description_is_set_in_post" class="Hyde\Framework\Testing\Feature\MetadataTest" classname="Hyde.Framework.Testing.Feature.MetadataTest" file="/home/runner/work/develop/develop/packages/framework/tests/Feature/MetadataTest.php" line="260" assertions="1" time="0.022160"/>
        <testcase name="test_does_not_add_description_when_description_is_not_set_in_post" class="Hyde\Framework\Testing\Feature\MetadataTest" classname="Hyde.Framework.Testing.Feature.MetadataTest" file="/home/runner/work/develop/develop/packages/framework/tests/Feature/MetadataTest.php" line="266" assertions="1" time="0.022318"/>
        <testcase name="test_adds_author_when_author_is_set_in_post" class="Hyde\Framework\Testing\Feature\MetadataTest" classname="Hyde.Framework.Testing.Feature.MetadataTest" file="/home/runner/work/develop/develop/packages/framework/tests/Feature/MetadataTest.php" line="272" assertions="1" time="0.022490"/>
        <testcase name="test_does_not_add_author_when_author_is_not_set_in_post" class="Hyde\Framework\Testing\Feature\MetadataTest" classname="Hyde.Framework.Testing.Feature.MetadataTest" file="/home/runner/work/develop/develop/packages/framework/tests/Feature/MetadataTest.php" line="278" assertions="1" time="0.022244"/>
        <testcase name="test_adds_keywords_when_category_is_set_in_post" class="Hyde\Framework\Testing\Feature\MetadataTest" classname="Hyde.Framework.Testing.Feature.MetadataTest" file="/home/runner/work/develop/develop/packages/framework/tests/Feature/MetadataTest.php" line="284" assertions="1" time="0.022237"/>
        <testcase name="test_does_not_add_keywords_when_category_is_not_set_in_post" class="Hyde\Framework\Testing\Feature\MetadataTest" classname="Hyde.Framework.Testing.Feature.MetadataTest" file="/home/runner/work/develop/develop/packages/framework/tests/Feature/MetadataTest.php" line="290" assertions="1" time="0.022204"/>
        <testcase name="test_adds_url_property_when_canonical_url_is_set_in_post" class="Hyde\Framework\Testing\Feature\MetadataTest" classname="Hyde.Framework.Testing.Feature.MetadataTest" file="/home/runner/work/develop/develop/packages/framework/tests/Feature/MetadataTest.php" line="296" assertions="1" time="0.022142"/>
        <testcase name="test_does_not_add_url_property_when_canonical_url_is_not_set_in_post" class="Hyde\Framework\Testing\Feature\MetadataTest" classname="Hyde.Framework.Testing.Feature.MetadataTest" file="/home/runner/work/develop/develop/packages/framework/tests/Feature/MetadataTest.php" line="302" assertions="1" time="0.022078"/>
        <testcase name="test_does_not_add_url_property_when_canonical_url_is_null" class="Hyde\Framework\Testing\Feature\MetadataTest" classname="Hyde.Framework.Testing.Feature.MetadataTest" file="/home/runner/work/develop/develop/packages/framework/tests/Feature/MetadataTest.php" line="308" assertions="1" time="0.022079"/>
        <testcase name="test_adds_title_property_when_title_is_set_in_post" class="Hyde\Framework\Testing\Feature\MetadataTest" classname="Hyde.Framework.Testing.Feature.MetadataTest" file="/home/runner/work/develop/develop/packages/framework/tests/Feature/MetadataTest.php" line="314" assertions="1" time="0.022008"/>
        <testcase name="test_does_not_add_title_property_when_title_is_not_set_in_post" class="Hyde\Framework\Testing\Feature\MetadataTest" classname="Hyde.Framework.Testing.Feature.MetadataTest" file="/home/runner/work/develop/develop/packages/framework/tests/Feature/MetadataTest.php" line="320" assertions="1" time="0.022117"/>
        <testcase name="test_adds_published_time_property_when_date_is_set_in_post" class="Hyde\Framework\Testing\Feature\MetadataTest" classname="Hyde.Framework.Testing.Feature.MetadataTest" file="/home/runner/work/develop/develop/packages/framework/tests/Feature/MetadataTest.php" line="326" assertions="1" time="0.022236"/>
        <testcase name="test_does_not_add_published_time_property_when_date_is_not_set_in_post" class="Hyde\Framework\Testing\Feature\MetadataTest" classname="Hyde.Framework.Testing.Feature.MetadataTest" file="/home/runner/work/develop/develop/packages/framework/tests/Feature/MetadataTest.php" line="332" assertions="1" time="0.022104"/>
        <testcase name="test_adds_image_property_when_image_is_set_in_post" class="Hyde\Framework\Testing\Feature\MetadataTest" classname="Hyde.Framework.Testing.Feature.MetadataTest" file="/home/runner/work/develop/develop/packages/framework/tests/Feature/MetadataTest.php" line="338" assertions="1" time="0.025022"/>
        <testcase name="test_does_not_add_image_property_when_image_is_not_set_in_post" class="Hyde\Framework\Testing\Feature\MetadataTest" classname="Hyde.Framework.Testing.Feature.MetadataTest" file="/home/runner/work/develop/develop/packages/framework/tests/Feature/MetadataTest.php" line="344" assertions="1" time="0.022061"/>
        <testcase name="test_adds_type_property_automatically" class="Hyde\Framework\Testing\Feature\MetadataTest" classname="Hyde.Framework.Testing.Feature.MetadataTest" file="/home/runner/work/develop/develop/packages/framework/tests/Feature/MetadataTest.php" line="350" assertions="1" time="0.022041"/>
        <testcase name="test_dynamic_post_meta_properties_returns_base_array_when_initialized_with_empty_front_matter" class="Hyde\Framework\Testing\Feature\MetadataTest" classname="Hyde.Framework.Testing.Feature.MetadataTest" file="/home/runner/work/develop/develop/packages/framework/tests/Feature/MetadataTest.php" line="356" assertions="1" time="0.022032"/>
        <testcase name="test_dynamic_post_meta_properties_contains_image_metadata_when_featured_image_set_to_string" class="Hyde\Framework\Testing\Feature\MetadataTest" classname="Hyde.Framework.Testing.Feature.MetadataTest" file="/home/runner/work/develop/develop/packages/framework/tests/Feature/MetadataTest.php" line="362" assertions="1" time="0.022589"/>
        <testcase name="test_dynamic_post_meta_properties_contains_image_link_that_is_always_relative" class="Hyde\Framework\Testing\Feature\MetadataTest" classname="Hyde.Framework.Testing.Feature.MetadataTest" file="/home/runner/work/develop/develop/packages/framework/tests/Feature/MetadataTest.php" line="371" assertions="1" time="0.022495"/>
        <testcase name="test_dynamic_post_meta_properties_contains_image_metadata_when_featured_image_set_to_array_with_path" class="Hyde\Framework\Testing\Feature\MetadataTest" classname="Hyde.Framework.Testing.Feature.MetadataTest" file="/home/runner/work/develop/develop/packages/framework/tests/Feature/MetadataTest.php" line="380" assertions="1" time="0.022514"/>
        <testcase name="test_dynamic_post_meta_properties_contains_image_metadata_when_featured_image_set_to_array_with_url" class="Hyde\Framework\Testing\Feature\MetadataTest" classname="Hyde.Framework.Testing.Feature.MetadataTest" file="/home/runner/work/develop/develop/packages/framework/tests/Feature/MetadataTest.php" line="391" assertions="1" time="0.025485"/>
        <testcase name="test_dynamic_post_author_returns_author_name_when_author_set_to_array_using_username" class="Hyde\Framework\Testing\Feature\MetadataTest" classname="Hyde.Framework.Testing.Feature.MetadataTest" file="/home/runner/work/develop/develop/packages/framework/tests/Feature/MetadataTest.php" line="402" assertions="1" time="0.022192"/>
        <testcase name="test_dynamic_post_author_returns_author_name_when_author_set_to_array_using_name" class="Hyde\Framework\Testing\Feature\MetadataTest" classname="Hyde.Framework.Testing.Feature.MetadataTest" file="/home/runner/work/develop/develop/packages/framework/tests/Feature/MetadataTest.php" line="412" assertions="1" time="0.022351"/>
        <testcase name="test_no_author_is_set_when_author_set_to_array_without_name_or_username" class="Hyde\Framework\Testing\Feature\MetadataTest" classname="Hyde.Framework.Testing.Feature.MetadataTest" file="/home/runner/work/develop/develop/packages/framework/tests/Feature/MetadataTest.php" line="423" assertions="1" time="0.022024"/>
      </testsuite>
      <testsuite name="Hyde\Framework\Testing\Feature\MetadataViewTest" file="/home/runner/work/develop/develop/packages/framework/tests/Feature/MetadataViewTest.php" tests="5" assertions="84" errors="0" warnings="0" failures="0" skipped="0" time="0.235940">
        <testcase name="test_metadata_tags_in_empty_blade_page" class="Hyde\Framework\Testing\Feature\MetadataViewTest" classname="Hyde.Framework.Testing.Feature.MetadataViewTest" file="/home/runner/work/develop/develop/packages/framework/tests/Feature/MetadataViewTest.php" line="88" assertions="13" time="0.040225"/>
        <testcase name="test_metadata_tags_in_empty_markdown_page" class="Hyde\Framework\Testing\Feature\MetadataViewTest" classname="Hyde.Framework.Testing.Feature.MetadataViewTest" file="/home/runner/work/develop/develop/packages/framework/tests/Feature/MetadataViewTest.php" line="104" assertions="13" time="0.042354"/>
        <testcase name="test_metadata_tags_in_empty_documentation_page" class="Hyde\Framework\Testing\Feature\MetadataViewTest" classname="Hyde.Framework.Testing.Feature.MetadataViewTest" file="/home/runner/work/develop/develop/packages/framework/tests/Feature/MetadataViewTest.php" line="120" assertions="13" time="0.059556"/>
        <testcase name="test_metadata_tags_in_empty_markdown_post" class="Hyde\Framework\Testing\Feature\MetadataViewTest" classname="Hyde.Framework.Testing.Feature.MetadataViewTest" file="/home/runner/work/develop/develop/packages/framework/tests/Feature/MetadataViewTest.php" line="136" assertions="19" time="0.043898"/>
        <testcase name="test_metadata_tags_in_markdown_post_with_flat_front_matter" class="Hyde\Framework\Testing\Feature\MetadataViewTest" classname="Hyde.Framework.Testing.Feature.MetadataViewTest" file="/home/runner/work/develop/develop/packages/framework/tests/Feature/MetadataViewTest.php" line="158" assertions="26" time="0.049907"/>
      </testsuite>
      <testsuite name="Hyde\Framework\Testing\Feature\NavigationDataTest" file="/home/runner/work/develop/develop/packages/framework/tests/Feature/NavigationDataTest.php" tests="5" assertions="8" errors="0" warnings="0" failures="0" skipped="0" time="0.105911">
        <testcase name="testClassMatchesSchema" class="Hyde\Framework\Testing\Feature\NavigationDataTest" classname="Hyde.Framework.Testing.Feature.NavigationDataTest" file="/home/runner/work/develop/develop/packages/framework/tests/Feature/NavigationDataTest.php" line="24" assertions="1" time="0.020483"/>
        <testcase name="test__construct" class="Hyde\Framework\Testing\Feature\NavigationDataTest" classname="Hyde.Framework.Testing.Feature.NavigationDataTest" file="/home/runner/work/develop/develop/packages/framework/tests/Feature/NavigationDataTest.php" line="32" assertions="4" time="0.021103"/>
        <testcase name="testMake" class="Hyde\Framework\Testing\Feature\NavigationDataTest" classname="Hyde.Framework.Testing.Feature.NavigationDataTest" file="/home/runner/work/develop/develop/packages/framework/tests/Feature/NavigationDataTest.php" line="42" assertions="1" time="0.021150"/>
        <testcase name="testToArray" class="Hyde\Framework\Testing\Feature\NavigationDataTest" classname="Hyde.Framework.Testing.Feature.NavigationDataTest" file="/home/runner/work/develop/develop/packages/framework/tests/Feature/NavigationDataTest.php" line="49" assertions="1" time="0.020927"/>
        <testcase name="testJsonSerialize" class="Hyde\Framework\Testing\Feature\NavigationDataTest" classname="Hyde.Framework.Testing.Feature.NavigationDataTest" file="/home/runner/work/develop/develop/packages/framework/tests/Feature/NavigationDataTest.php" line="54" assertions="1" time="0.022248"/>
      </testsuite>
      <testsuite name="Hyde\Framework\Testing\Feature\NavigationMenuTest" file="/home/runner/work/develop/develop/packages/framework/tests/Feature/NavigationMenuTest.php" tests="28" assertions="51" errors="0" warnings="0" failures="0" skipped="0" time="0.814991">
        <testcase name="test_constructor" class="Hyde\Framework\Testing\Feature\NavigationMenuTest" classname="Hyde.Framework.Testing.Feature.NavigationMenuTest" file="/home/runner/work/develop/develop/packages/framework/tests/Feature/NavigationMenuTest.php" line="28" assertions="1" time="0.020368"/>
        <testcase name="test_generate_method_creates_collection_of_nav_items" class="Hyde\Framework\Testing\Feature\NavigationMenuTest" classname="Hyde.Framework.Testing.Feature.NavigationMenuTest" file="/home/runner/work/develop/develop/packages/framework/tests/Feature/NavigationMenuTest.php" line="35" assertions="2" time="0.021077"/>
        <testcase name="test_generate_method_adds_route_items" class="Hyde\Framework\Testing\Feature\NavigationMenuTest" classname="Hyde.Framework.Testing.Feature.NavigationMenuTest" file="/home/runner/work/develop/develop/packages/framework/tests/Feature/NavigationMenuTest.php" line="43" assertions="2" time="0.027187"/>
        <testcase name="test_sort_method_sorts_items_by_priority" class="Hyde\Framework\Testing\Feature\NavigationMenuTest" classname="Hyde.Framework.Testing.Feature.NavigationMenuTest" file="/home/runner/work/develop/develop/packages/framework/tests/Feature/NavigationMenuTest.php" line="57" assertions="2" time="0.027099"/>
        <testcase name="test_filter_method_removes_items_with_hidden_property_set_to_true" class="Hyde\Framework\Testing\Feature\NavigationMenuTest" classname="Hyde.Framework.Testing.Feature.NavigationMenuTest" file="/home/runner/work/develop/develop/packages/framework/tests/Feature/NavigationMenuTest.php" line="71" assertions="2" time="0.026969"/>
        <testcase name="test_static_create_method_creates_new_processed_collection" class="Hyde\Framework\Testing\Feature\NavigationMenuTest" classname="Hyde.Framework.Testing.Feature.NavigationMenuTest" file="/home/runner/work/develop/develop/packages/framework/tests/Feature/NavigationMenuTest.php" line="84" assertions="2" time="0.029525"/>
        <testcase name="test_created_collection_is_sorted_by_navigation_menu_priority" class="Hyde\Framework\Testing\Feature\NavigationMenuTest" classname="Hyde.Framework.Testing.Feature.NavigationMenuTest" file="/home/runner/work/develop/develop/packages/framework/tests/Feature/NavigationMenuTest.php" line="96" assertions="2" time="0.030184"/>
        <testcase name="test_is_sorted_automatically_when_using_navigation_menu_create" class="Hyde\Framework\Testing\Feature\NavigationMenuTest" classname="Hyde.Framework.Testing.Feature.NavigationMenuTest" file="/home/runner/work/develop/develop/packages/framework/tests/Feature/NavigationMenuTest.php" line="116" assertions="2" time="0.029084"/>
        <testcase name="test_collection_only_contains_nav_items" class="Hyde\Framework\Testing\Feature\NavigationMenuTest" classname="Hyde.Framework.Testing.Feature.NavigationMenuTest" file="/home/runner/work/develop/develop/packages/framework/tests/Feature/NavigationMenuTest.php" line="133" assertions="1" time="0.027444"/>
        <testcase name="test_external_link_can_be_added_in_config" class="Hyde\Framework\Testing\Feature\NavigationMenuTest" classname="Hyde.Framework.Testing.Feature.NavigationMenuTest" file="/home/runner/work/develop/develop/packages/framework/tests/Feature/NavigationMenuTest.php" line="138" assertions="2" time="0.027796"/>
        <testcase name="test_path_link_can_be_added_in_config" class="Hyde\Framework\Testing\Feature\NavigationMenuTest" classname="Hyde.Framework.Testing.Feature.NavigationMenuTest" file="/home/runner/work/develop/develop/packages/framework/tests/Feature/NavigationMenuTest.php" line="153" assertions="2" time="0.027610"/>
        <testcase name="test_duplicates_are_removed_when_adding_in_config" class="Hyde\Framework\Testing\Feature\NavigationMenuTest" classname="Hyde.Framework.Testing.Feature.NavigationMenuTest" file="/home/runner/work/develop/develop/packages/framework/tests/Feature/NavigationMenuTest.php" line="168" assertions="2" time="0.027465"/>
        <testcase name="test_duplicates_are_removed_when_adding_in_config_regardless_of_destination" class="Hyde\Framework\Testing\Feature\NavigationMenuTest" classname="Hyde.Framework.Testing.Feature.NavigationMenuTest" file="/home/runner/work/develop/develop/packages/framework/tests/Feature/NavigationMenuTest.php" line="186" assertions="2" time="0.027308"/>
        <testcase name="test_documentation_pages_that_are_not_index_are_not_added_to_the_menu" class="Hyde\Framework\Testing\Feature\NavigationMenuTest" classname="Hyde.Framework.Testing.Feature.NavigationMenuTest" file="/home/runner/work/develop/develop/packages/framework/tests/Feature/NavigationMenuTest.php" line="204" assertions="2" time="0.031489"/>
        <testcase name="test_pages_in_subdirectories_are_not_added_to_the_navigation_menu" class="Hyde\Framework\Testing\Feature\NavigationMenuTest" classname="Hyde.Framework.Testing.Feature.NavigationMenuTest" file="/home/runner/work/develop/develop/packages/framework/tests/Feature/NavigationMenuTest.php" line="223" assertions="2" time="0.032415"/>
        <testcase name="test_pages_in_subdirectories_can_be_added_to_the_navigation_menu_with_config_flat_setting" class="Hyde\Framework\Testing\Feature\NavigationMenuTest" classname="Hyde.Framework.Testing.Feature.NavigationMenuTest" file="/home/runner/work/develop/develop/packages/framework/tests/Feature/NavigationMenuTest.php" line="235" assertions="2" time="0.029541"/>
        <testcase name="test_pages_in_subdirectories_are_not_added_to_the_navigation_menu_with_config_dropdown_setting" class="Hyde\Framework\Testing\Feature\NavigationMenuTest" classname="Hyde.Framework.Testing.Feature.NavigationMenuTest" file="/home/runner/work/develop/develop/packages/framework/tests/Feature/NavigationMenuTest.php" line="251" assertions="2" time="0.030146"/>
        <testcase name="test_has_dropdowns_returns_false_when_there_are_no_dropdowns" class="Hyde\Framework\Testing\Feature\NavigationMenuTest" classname="Hyde.Framework.Testing.Feature.NavigationMenuTest" file="/home/runner/work/develop/develop/packages/framework/tests/Feature/NavigationMenuTest.php" line="269" assertions="1" time="0.029444"/>
        <testcase name="test_has_dropdowns_returns_true_when_there_are_dropdowns" class="Hyde\Framework\Testing\Feature\NavigationMenuTest" classname="Hyde.Framework.Testing.Feature.NavigationMenuTest" file="/home/runner/work/develop/develop/packages/framework/tests/Feature/NavigationMenuTest.php" line="276" assertions="1" time="0.028336"/>
        <testcase name="test_has_dropdowns_always_returns_false_when_dropdowns_are_disabled" class="Hyde\Framework\Testing\Feature\NavigationMenuTest" classname="Hyde.Framework.Testing.Feature.NavigationMenuTest" file="/home/runner/work/develop/develop/packages/framework/tests/Feature/NavigationMenuTest.php" line="285" assertions="1" time="0.028143"/>
        <testcase name="test_get_dropdowns_returns_empty_array_there_are_no_dropdowns" class="Hyde\Framework\Testing\Feature\NavigationMenuTest" classname="Hyde.Framework.Testing.Feature.NavigationMenuTest" file="/home/runner/work/develop/develop/packages/framework/tests/Feature/NavigationMenuTest.php" line="293" assertions="2" time="0.027089"/>
        <testcase name="test_get_dropdowns_returns_correct_array_when_there_are_dropdowns" class="Hyde\Framework\Testing\Feature\NavigationMenuTest" classname="Hyde.Framework.Testing.Feature.NavigationMenuTest" file="/home/runner/work/develop/develop/packages/framework/tests/Feature/NavigationMenuTest.php" line="301" assertions="2" time="0.041579"/>
        <testcase name="test_get_dropdowns_with_multiple_items" class="Hyde\Framework\Testing\Feature\NavigationMenuTest" classname="Hyde.Framework.Testing.Feature.NavigationMenuTest" file="/home/runner/work/develop/develop/packages/framework/tests/Feature/NavigationMenuTest.php" line="315" assertions="2" time="0.033025"/>
        <testcase name="test_get_dropdowns_with_multiple_dropdowns" class="Hyde\Framework\Testing\Feature\NavigationMenuTest" classname="Hyde.Framework.Testing.Feature.NavigationMenuTest" file="/home/runner/work/develop/develop/packages/framework/tests/Feature/NavigationMenuTest.php" line="334" assertions="2" time="0.035472"/>
        <testcase name="test_get_dropdowns_throws_exception_when_disabled" class="Hyde\Framework\Testing\Feature\NavigationMenuTest" classname="Hyde.Framework.Testing.Feature.NavigationMenuTest" file="/home/runner/work/develop/develop/packages/framework/tests/Feature/NavigationMenuTest.php" line="357" assertions="2" time="0.027808"/>
        <testcase name="test_documentation_pages_do_not_get_added_to_dropdowns" class="Hyde\Framework\Testing\Feature\NavigationMenuTest" classname="Hyde.Framework.Testing.Feature.NavigationMenuTest" file="/home/runner/work/develop/develop/packages/framework/tests/Feature/NavigationMenuTest.php" line="366" assertions="2" time="0.029165"/>
        <testcase name="test_blog_posts_do_not_get_added_to_dropdowns" class="Hyde\Framework\Testing\Feature\NavigationMenuTest" classname="Hyde.Framework.Testing.Feature.NavigationMenuTest" file="/home/runner/work/develop/develop/packages/framework/tests/Feature/NavigationMenuTest.php" line="379" assertions="2" time="0.029785"/>
        <testcase name="test_pages_in_dropdowns_do_not_get_added_to_the_main_navigation" class="Hyde\Framework\Testing\Feature\NavigationMenuTest" classname="Hyde.Framework.Testing.Feature.NavigationMenuTest" file="/home/runner/work/develop/develop/packages/framework/tests/Feature/NavigationMenuTest.php" line="392" assertions="2" time="0.032439"/>
      </testsuite>
      <testsuite name="Hyde\Framework\Testing\Feature\PageCollectionTest" file="/home/runner/work/develop/develop/packages/framework/tests/Feature/PageCollectionTest.php" tests="11" assertions="36" errors="0" warnings="0" failures="0" skipped="0" time="0.393919">
        <testcase name="test_boot_method_creates_new_page_collection_and_discovers_pages_automatically" class="Hyde\Framework\Testing\Feature\PageCollectionTest" classname="Hyde.Framework.Testing.Feature.PageCollectionTest" file="/home/runner/work/develop/develop/packages/framework/tests/Feature/PageCollectionTest.php" line="25" assertions="3" time="0.031640"/>
        <testcase name="test_blade_pages_are_discovered" class="Hyde\Framework\Testing\Feature\PageCollectionTest" classname="Hyde.Framework.Testing.Feature.PageCollectionTest" file="/home/runner/work/develop/develop/packages/framework/tests/Feature/PageCollectionTest.php" line="37" assertions="2" time="0.034467"/>
        <testcase name="test_markdown_pages_are_discovered" class="Hyde\Framework\Testing\Feature\PageCollectionTest" classname="Hyde.Framework.Testing.Feature.PageCollectionTest" file="/home/runner/work/develop/develop/packages/framework/tests/Feature/PageCollectionTest.php" line="46" assertions="2" time="0.034259"/>
        <testcase name="test_markdown_posts_are_discovered" class="Hyde\Framework\Testing\Feature\PageCollectionTest" classname="Hyde.Framework.Testing.Feature.PageCollectionTest" file="/home/runner/work/develop/develop/packages/framework/tests/Feature/PageCollectionTest.php" line="55" assertions="2" time="0.036316"/>
        <testcase name="test_documentation_pages_are_discovered" class="Hyde\Framework\Testing\Feature\PageCollectionTest" classname="Hyde.Framework.Testing.Feature.PageCollectionTest" file="/home/runner/work/develop/develop/packages/framework/tests/Feature/PageCollectionTest.php" line="64" assertions="2" time="0.034782"/>
        <testcase name="test_get_page_returns_parsed_page_object_for_given_source_path" class="Hyde\Framework\Testing\Feature\PageCollectionTest" classname="Hyde.Framework.Testing.Feature.PageCollectionTest" file="/home/runner/work/develop/develop/packages/framework/tests/Feature/PageCollectionTest.php" line="72" assertions="1" time="0.034347"/>
        <testcase name="test_get_pages_returns_collection_of_pages_of_given_class" class="Hyde\Framework\Testing\Feature\PageCollectionTest" classname="Hyde.Framework.Testing.Feature.PageCollectionTest" file="/home/runner/work/develop/develop/packages/framework/tests/Feature/PageCollectionTest.php" line="79" assertions="11" time="0.047703"/>
        <testcase name="test_get_pages_returns_all_pages_when_not_supplied_with_class_string" class="Hyde\Framework\Testing\Feature\PageCollectionTest" classname="Hyde.Framework.Testing.Feature.PageCollectionTest" file="/home/runner/work/develop/develop/packages/framework/tests/Feature/PageCollectionTest.php" line="107" assertions="6" time="0.046957"/>
        <testcase name="test_get_pages_returns_empty_collection_when_no_pages_are_discovered" class="Hyde\Framework\Testing\Feature\PageCollectionTest" classname="Hyde.Framework.Testing.Feature.PageCollectionTest" file="/home/runner/work/develop/develop/packages/framework/tests/Feature/PageCollectionTest.php" line="129" assertions="1" time="0.027611"/>
        <testcase name="test_pages_are_not_discovered_for_disabled_features" class="Hyde\Framework\Testing\Feature\PageCollectionTest" classname="Hyde.Framework.Testing.Feature.PageCollectionTest" file="/home/runner/work/develop/develop/packages/framework/tests/Feature/PageCollectionTest.php" line="137" assertions="1" time="0.022488"/>
        <testcase name="test_pages_with_custom_source_directories_are_discovered_properly" class="Hyde\Framework\Testing\Feature\PageCollectionTest" classname="Hyde.Framework.Testing.Feature.PageCollectionTest" file="/home/runner/work/develop/develop/packages/framework/tests/Feature/PageCollectionTest.php" line="156" assertions="5" time="0.043350"/>
      </testsuite>
      <testsuite name="Hyde\Framework\Testing\Feature\PageModelConstructorsTest" file="/home/runner/work/develop/develop/packages/framework/tests/Feature/PageModelConstructorsTest.php" tests="5" assertions="5" errors="0" warnings="0" failures="0" skipped="0" time="0.115467">
        <testcase name="test_dynamic_data_constructor_can_find_title_from_front_matter" class="Hyde\Framework\Testing\Feature\PageModelConstructorsTest" classname="Hyde.Framework.Testing.Feature.PageModelConstructorsTest" file="/home/runner/work/develop/develop/packages/framework/tests/Feature/PageModelConstructorsTest.php" line="23" assertions="1" time="0.022481"/>
        <testcase name="test_dynamic_data_constructor_can_find_title_from_h1_tag" class="Hyde\Framework\Testing\Feature\PageModelConstructorsTest" classname="Hyde.Framework.Testing.Feature.PageModelConstructorsTest" file="/home/runner/work/develop/develop/packages/framework/tests/Feature/PageModelConstructorsTest.php" line="30" assertions="1" time="0.023639"/>
        <testcase name="test_dynamic_data_constructor_can_find_title_from_slug" class="Hyde\Framework\Testing\Feature\PageModelConstructorsTest" classname="Hyde.Framework.Testing.Feature.PageModelConstructorsTest" file="/home/runner/work/develop/develop/packages/framework/tests/Feature/PageModelConstructorsTest.php" line="38" assertions="1" time="0.022903"/>
        <testcase name="test_documentation_page_parser_can_get_group_from_front_matter" class="Hyde\Framework\Testing\Feature\PageModelConstructorsTest" classname="Hyde.Framework.Testing.Feature.PageModelConstructorsTest" file="/home/runner/work/develop/develop/packages/framework/tests/Feature/PageModelConstructorsTest.php" line="46" assertions="1" time="0.023336"/>
        <testcase name="test_documentation_page_parser_can_get_group_automatically_from_nested_page" class="Hyde\Framework\Testing\Feature\PageModelConstructorsTest" classname="Hyde.Framework.Testing.Feature.PageModelConstructorsTest" file="/home/runner/work/develop/develop/packages/framework/tests/Feature/PageModelConstructorsTest.php" line="54" assertions="1" time="0.023108"/>
      </testsuite>
      <testsuite name="Hyde\Framework\Testing\Feature\PaginatorTest" file="/home/runner/work/develop/develop/packages/framework/tests/Feature/PaginatorTest.php" tests="32" assertions="60" errors="0" warnings="0" failures="0" skipped="0" time="0.690914">
        <testcase name="test_it_can_be_instantiated" class="Hyde\Framework\Testing\Feature\PaginatorTest" classname="Hyde.Framework.Testing.Feature.PaginatorTest" file="/home/runner/work/develop/develop/packages/framework/tests/Feature/PaginatorTest.php" line="21" assertions="1" time="0.020827"/>
        <testcase name="testGetPaginatedPageCollection" class="Hyde\Framework\Testing\Feature\PaginatorTest" classname="Hyde.Framework.Testing.Feature.PaginatorTest" file="/home/runner/work/develop/develop/packages/framework/tests/Feature/PaginatorTest.php" line="26" assertions="1" time="0.020850"/>
        <testcase name="testGetPaginatedPageCollectionWithPages" class="Hyde\Framework\Testing\Feature\PaginatorTest" classname="Hyde.Framework.Testing.Feature.PaginatorTest" file="/home/runner/work/develop/develop/packages/framework/tests/Feature/PaginatorTest.php" line="31" assertions="4" time="0.021322"/>
        <testcase name="testCollectionIsChunkedBySpecifiedSettingValue" class="Hyde\Framework\Testing\Feature\PaginatorTest" classname="Hyde.Framework.Testing.Feature.PaginatorTest" file="/home/runner/work/develop/develop/packages/framework/tests/Feature/PaginatorTest.php" line="47" assertions="3" time="0.021041"/>
        <testcase name="testGetItemsForPageReturnsTheCorrectChunk" class="Hyde\Framework\Testing\Feature\PaginatorTest" classname="Hyde.Framework.Testing.Feature.PaginatorTest" file="/home/runner/work/develop/develop/packages/framework/tests/Feature/PaginatorTest.php" line="59" assertions="10" time="0.022591"/>
        <testcase name="testCanGetCurrentPageNumber" class="Hyde\Framework\Testing\Feature\PaginatorTest" classname="Hyde.Framework.Testing.Feature.PaginatorTest" file="/home/runner/work/develop/develop/packages/framework/tests/Feature/PaginatorTest.php" line="79" assertions="1" time="0.020928"/>
        <testcase name="testCanSetCurrentPageNumber" class="Hyde\Framework\Testing\Feature\PaginatorTest" classname="Hyde.Framework.Testing.Feature.PaginatorTest" file="/home/runner/work/develop/develop/packages/framework/tests/Feature/PaginatorTest.php" line="85" assertions="1" time="0.020855"/>
        <testcase name="testSetCurrentPageNumberRequiresIntegerToBeGreaterThanNought" class="Hyde\Framework\Testing\Feature\PaginatorTest" classname="Hyde.Framework.Testing.Feature.PaginatorTest" file="/home/runner/work/develop/develop/packages/framework/tests/Feature/PaginatorTest.php" line="92" assertions="1" time="0.020827"/>
        <testcase name="testSetCurrentPageNumberRequiresIntegerToBeGreaterThanNought2" class="Hyde\Framework\Testing\Feature\PaginatorTest" classname="Hyde.Framework.Testing.Feature.PaginatorTest" file="/home/runner/work/develop/develop/packages/framework/tests/Feature/PaginatorTest.php" line="99" assertions="1" time="0.020760"/>
        <testcase name="testSetCurrentPageNumberRequiresIntegerToBeLessThanTotalPages" class="Hyde\Framework\Testing\Feature\PaginatorTest" classname="Hyde.Framework.Testing.Feature.PaginatorTest" file="/home/runner/work/develop/develop/packages/framework/tests/Feature/PaginatorTest.php" line="106" assertions="2" time="0.020823"/>
        <testcase name="testCannotSetInvalidCurrentPageNumberInConstructor" class="Hyde\Framework\Testing\Feature\PaginatorTest" classname="Hyde.Framework.Testing.Feature.PaginatorTest" file="/home/runner/work/develop/develop/packages/framework/tests/Feature/PaginatorTest.php" line="120" assertions="1" time="0.020767"/>
        <testcase name="testLastPageReturnsTheLastPageNumber" class="Hyde\Framework\Testing\Feature\PaginatorTest" classname="Hyde.Framework.Testing.Feature.PaginatorTest" file="/home/runner/work/develop/develop/packages/framework/tests/Feature/PaginatorTest.php" line="130" assertions="1" time="0.020745"/>
        <testcase name="testTotalPagesReturnsTheTotalNumberOfPages" class="Hyde\Framework\Testing\Feature\PaginatorTest" classname="Hyde.Framework.Testing.Feature.PaginatorTest" file="/home/runner/work/develop/develop/packages/framework/tests/Feature/PaginatorTest.php" line="135" assertions="1" time="0.020807"/>
        <testcase name="testPerPageReturnsTheNumberOfItemsToBeShownPerPage" class="Hyde\Framework\Testing\Feature\PaginatorTest" classname="Hyde.Framework.Testing.Feature.PaginatorTest" file="/home/runner/work/develop/develop/packages/framework/tests/Feature/PaginatorTest.php" line="140" assertions="1" time="0.020742"/>
        <testcase name="testHasMultiplePagesReturnsTrueIfThereAreEnoughItemsToSplitIntoMultiplePages" class="Hyde\Framework\Testing\Feature\PaginatorTest" classname="Hyde.Framework.Testing.Feature.PaginatorTest" file="/home/runner/work/develop/develop/packages/framework/tests/Feature/PaginatorTest.php" line="145" assertions="1" time="0.020792"/>
        <testcase name="testHasPagesReturnsFalseIfThereAreNotEnoughItemsToSplitIntoMultiplePages" class="Hyde\Framework\Testing\Feature\PaginatorTest" classname="Hyde.Framework.Testing.Feature.PaginatorTest" file="/home/runner/work/develop/develop/packages/framework/tests/Feature/PaginatorTest.php" line="150" assertions="1" time="0.020759"/>
        <testcase name="testHasMorePagesReturnsTrueIfCursorCanNavigateForward" class="Hyde\Framework\Testing\Feature\PaginatorTest" classname="Hyde.Framework.Testing.Feature.PaginatorTest" file="/home/runner/work/develop/develop/packages/framework/tests/Feature/PaginatorTest.php" line="155" assertions="1" time="0.020648"/>
        <testcase name="testHasMorePagesReturnsFalseIfCursorCannotNavigateForward" class="Hyde\Framework\Testing\Feature\PaginatorTest" classname="Hyde.Framework.Testing.Feature.PaginatorTest" file="/home/runner/work/develop/develop/packages/framework/tests/Feature/PaginatorTest.php" line="160" assertions="1" time="0.020802"/>
        <testcase name="testHasFewerPagesReturnsTrueIfCursorCanNavigateBack" class="Hyde\Framework\Testing\Feature\PaginatorTest" classname="Hyde.Framework.Testing.Feature.PaginatorTest" file="/home/runner/work/develop/develop/packages/framework/tests/Feature/PaginatorTest.php" line="165" assertions="1" time="0.020790"/>
        <testcase name="testHasFewerPagesReturnsFalseIfCursorCannotNavigateBack" class="Hyde\Framework\Testing\Feature\PaginatorTest" classname="Hyde.Framework.Testing.Feature.PaginatorTest" file="/home/runner/work/develop/develop/packages/framework/tests/Feature/PaginatorTest.php" line="170" assertions="1" time="0.020760"/>
        <testcase name="testPreviousMethodWithoutFewerPagesReturnsFalse" class="Hyde\Framework\Testing\Feature\PaginatorTest" classname="Hyde.Framework.Testing.Feature.PaginatorTest" file="/home/runner/work/develop/develop/packages/framework/tests/Feature/PaginatorTest.php" line="175" assertions="1" time="0.020684"/>
        <testcase name="testNextMethodWithoutMorePagesReturnsFalse" class="Hyde\Framework\Testing\Feature\PaginatorTest" classname="Hyde.Framework.Testing.Feature.PaginatorTest" file="/home/runner/work/develop/develop/packages/framework/tests/Feature/PaginatorTest.php" line="180" assertions="1" time="0.020778"/>
        <testcase name="testPreviousMethodReturnsPreviousPageLinkWhenNoBaseRouteIsSet" class="Hyde\Framework\Testing\Feature\PaginatorTest" classname="Hyde.Framework.Testing.Feature.PaginatorTest" file="/home/runner/work/develop/develop/packages/framework/tests/Feature/PaginatorTest.php" line="185" assertions="1" time="0.020852"/>
        <testcase name="testNextMethodReturnsNextPageLinkWhenNoBaseRouteIsSet" class="Hyde\Framework\Testing\Feature\PaginatorTest" classname="Hyde.Framework.Testing.Feature.PaginatorTest" file="/home/runner/work/develop/develop/packages/framework/tests/Feature/PaginatorTest.php" line="190" assertions="1" time="0.020923"/>
        <testcase name="testPreviousAndNextMethodsWithBaseRouteSet" class="Hyde\Framework\Testing\Feature\PaginatorTest" classname="Hyde.Framework.Testing.Feature.PaginatorTest" file="/home/runner/work/develop/develop/packages/framework/tests/Feature/PaginatorTest.php" line="195" assertions="6" time="0.030876"/>
        <testcase name="testPreviousNumberWithoutFewerPagesReturnsFalse" class="Hyde\Framework\Testing\Feature\PaginatorTest" classname="Hyde.Framework.Testing.Feature.PaginatorTest" file="/home/runner/work/develop/develop/packages/framework/tests/Feature/PaginatorTest.php" line="219" assertions="1" time="0.021274"/>
        <testcase name="testNextNumberWithoutMorePagesReturnsFalse" class="Hyde\Framework\Testing\Feature\PaginatorTest" classname="Hyde.Framework.Testing.Feature.PaginatorTest" file="/home/runner/work/develop/develop/packages/framework/tests/Feature/PaginatorTest.php" line="224" assertions="1" time="0.021068"/>
        <testcase name="testPreviousNumberReturnsThePreviousPageNumberWhenThereIsOne" class="Hyde\Framework\Testing\Feature\PaginatorTest" classname="Hyde.Framework.Testing.Feature.PaginatorTest" file="/home/runner/work/develop/develop/packages/framework/tests/Feature/PaginatorTest.php" line="229" assertions="1" time="0.021017"/>
        <testcase name="testNextNumberReturnsTheNextPageNumberWhenThereIsOne" class="Hyde\Framework\Testing\Feature\PaginatorTest" classname="Hyde.Framework.Testing.Feature.PaginatorTest" file="/home/runner/work/develop/develop/packages/framework/tests/Feature/PaginatorTest.php" line="234" assertions="1" time="0.020932"/>
        <testcase name="testGetPageLinks" class="Hyde\Framework\Testing\Feature\PaginatorTest" classname="Hyde.Framework.Testing.Feature.PaginatorTest" file="/home/runner/work/develop/develop/packages/framework/tests/Feature/PaginatorTest.php" line="239" assertions="1" time="0.021027"/>
        <testcase name="testGetPageLinksWithBaseRoute" class="Hyde\Framework\Testing\Feature\PaginatorTest" classname="Hyde.Framework.Testing.Feature.PaginatorTest" file="/home/runner/work/develop/develop/packages/framework/tests/Feature/PaginatorTest.php" line="253" assertions="1" time="0.030415"/>
        <testcase name="testFirstItemNumberOnPage" class="Hyde\Framework\Testing\Feature\PaginatorTest" classname="Hyde.Framework.Testing.Feature.PaginatorTest" file="/home/runner/work/develop/develop/packages/framework/tests/Feature/PaginatorTest.php" line="276" assertions="9" time="0.022631"/>
      </testsuite>
      <testsuite name="Hyde\Framework\Testing\Feature\PostAuthorTest" file="/home/runner/work/develop/develop/packages/framework/tests/Feature/PostAuthorTest.php" tests="14" assertions="25" errors="0" warnings="0" failures="0" skipped="0" time="0.304094">
        <testcase name="test_create_method_creates_new_author_model" class="Hyde\Framework\Testing\Feature\PostAuthorTest" classname="Hyde.Framework.Testing.Feature.PostAuthorTest" file="/home/runner/work/develop/develop/packages/framework/tests/Feature/PostAuthorTest.php" line="17" assertions="1" time="0.031237"/>
        <testcase name="test_create_method_accepts_all_parameters" class="Hyde\Framework\Testing\Feature\PostAuthorTest" classname="Hyde.Framework.Testing.Feature.PostAuthorTest" file="/home/runner/work/develop/develop/packages/framework/tests/Feature/PostAuthorTest.php" line="24" assertions="3" time="0.021295"/>
        <testcase name="test_make_method_creates_new_author_model_from_string" class="Hyde\Framework\Testing\Feature\PostAuthorTest" classname="Hyde.Framework.Testing.Feature.PostAuthorTest" file="/home/runner/work/develop/develop/packages/framework/tests/Feature/PostAuthorTest.php" line="33" assertions="1" time="0.021232"/>
        <testcase name="test_make_method_creates_new_author_model_from_string_can_find_existing_author" class="Hyde\Framework\Testing\Feature\PostAuthorTest" classname="Hyde.Framework.Testing.Feature.PostAuthorTest" file="/home/runner/work/develop/develop/packages/framework/tests/Feature/PostAuthorTest.php" line="39" assertions="1" time="0.021251"/>
        <testcase name="test_make_method_creates_new_author_model_from_array" class="Hyde\Framework\Testing\Feature\PostAuthorTest" classname="Hyde.Framework.Testing.Feature.PostAuthorTest" file="/home/runner/work/develop/develop/packages/framework/tests/Feature/PostAuthorTest.php" line="48" assertions="1" time="0.021156"/>
        <testcase name="test_make_method_creates_new_author_model_from_array_only_needs_username" class="Hyde\Framework\Testing\Feature\PostAuthorTest" classname="Hyde.Framework.Testing.Feature.PostAuthorTest" file="/home/runner/work/develop/develop/packages/framework/tests/Feature/PostAuthorTest.php" line="58" assertions="1" time="0.021004"/>
        <testcase name="test_all_method_returns_empty_collection_if_no_authors_are_set_in_config" class="Hyde\Framework\Testing\Feature\PostAuthorTest" classname="Hyde.Framework.Testing.Feature.PostAuthorTest" file="/home/runner/work/develop/develop/packages/framework/tests/Feature/PostAuthorTest.php" line="63" assertions="2" time="0.020871"/>
        <testcase name="test_all_method_returns_collection_with_all_authors_defined_in_config" class="Hyde\Framework\Testing\Feature\PostAuthorTest" classname="Hyde.Framework.Testing.Feature.PostAuthorTest" file="/home/runner/work/develop/develop/packages/framework/tests/Feature/PostAuthorTest.php" line="72" assertions="3" time="0.020987"/>
        <testcase name="test_multiple_authors_can_be_defined_in_config" class="Hyde\Framework\Testing\Feature\PostAuthorTest" classname="Hyde.Framework.Testing.Feature.PostAuthorTest" file="/home/runner/work/develop/develop/packages/framework/tests/Feature/PostAuthorTest.php" line="84" assertions="4" time="0.021223"/>
        <testcase name="test_get_method_returns_config_defined_author_by_username" class="Hyde\Framework\Testing\Feature\PostAuthorTest" classname="Hyde.Framework.Testing.Feature.PostAuthorTest" file="/home/runner/work/develop/develop/packages/framework/tests/Feature/PostAuthorTest.php" line="98" assertions="3" time="0.020942"/>
        <testcase name="test_get_method_returns_new_author_if_username_not_found_in_config" class="Hyde\Framework\Testing\Feature\PostAuthorTest" classname="Hyde.Framework.Testing.Feature.PostAuthorTest" file="/home/runner/work/develop/develop/packages/framework/tests/Feature/PostAuthorTest.php" line="110" assertions="2" time="0.020825"/>
        <testcase name="test_get_name_helper_returns_name_if_set" class="Hyde\Framework\Testing\Feature\PostAuthorTest" classname="Hyde.Framework.Testing.Feature.PostAuthorTest" file="/home/runner/work/develop/develop/packages/framework/tests/Feature/PostAuthorTest.php" line="119" assertions="1" time="0.020705"/>
        <testcase name="test_get_name_helper_returns_username_if_name_is_not_set" class="Hyde\Framework\Testing\Feature\PostAuthorTest" classname="Hyde.Framework.Testing.Feature.PostAuthorTest" file="/home/runner/work/develop/develop/packages/framework/tests/Feature/PostAuthorTest.php" line="127" assertions="1" time="0.020652"/>
        <testcase name="test_to_string_helper_returns_the_name" class="Hyde\Framework\Testing\Feature\PostAuthorTest" classname="Hyde.Framework.Testing.Feature.PostAuthorTest" file="/home/runner/work/develop/develop/packages/framework/tests/Feature/PostAuthorTest.php" line="134" assertions="1" time="0.020715"/>
      </testsuite>
      <testsuite name="Hyde\Framework\Testing\Feature\ReadingTimeTest" file="/home/runner/work/develop/develop/packages/framework/tests/Feature/ReadingTimeTest.php" tests="10" assertions="33" errors="0" warnings="0" failures="0" skipped="0" time="0.208775">
        <testcase name="test___construct" class="Hyde\Framework\Testing\Feature\ReadingTimeTest" classname="Hyde.Framework.Testing.Feature.ReadingTimeTest" file="/home/runner/work/develop/develop/packages/framework/tests/Feature/ReadingTimeTest.php" line="17" assertions="1" time="0.020527"/>
        <testcase name="test_getWordCount" class="Hyde\Framework\Testing\Feature\ReadingTimeTest" classname="Hyde.Framework.Testing.Feature.ReadingTimeTest" file="/home/runner/work/develop/develop/packages/framework/tests/Feature/ReadingTimeTest.php" line="22" assertions="4" time="0.020332"/>
        <testcase name="test_getMinutes" class="Hyde\Framework\Testing\Feature\ReadingTimeTest" classname="Hyde.Framework.Testing.Feature.ReadingTimeTest" file="/home/runner/work/develop/develop/packages/framework/tests/Feature/ReadingTimeTest.php" line="30" assertions="4" time="0.020846"/>
        <testcase name="test_getSeconds" class="Hyde\Framework\Testing\Feature\ReadingTimeTest" classname="Hyde.Framework.Testing.Feature.ReadingTimeTest" file="/home/runner/work/develop/develop/packages/framework/tests/Feature/ReadingTimeTest.php" line="38" assertions="4" time="0.020847"/>
        <testcase name="test_getSecondsOver" class="Hyde\Framework\Testing\Feature\ReadingTimeTest" classname="Hyde.Framework.Testing.Feature.ReadingTimeTest" file="/home/runner/work/develop/develop/packages/framework/tests/Feature/ReadingTimeTest.php" line="46" assertions="4" time="0.020801"/>
        <testcase name="test_getFormatted" class="Hyde\Framework\Testing\Feature\ReadingTimeTest" classname="Hyde.Framework.Testing.Feature.ReadingTimeTest" file="/home/runner/work/develop/develop/packages/framework/tests/Feature/ReadingTimeTest.php" line="54" assertions="4" time="0.020801"/>
        <testcase name="test_getFormattedWithCustomFormatting" class="Hyde\Framework\Testing\Feature\ReadingTimeTest" classname="Hyde.Framework.Testing.Feature.ReadingTimeTest" file="/home/runner/work/develop/develop/packages/framework/tests/Feature/ReadingTimeTest.php" line="62" assertions="4" time="0.020858"/>
        <testcase name="test_formatUsingClosure" class="Hyde\Framework\Testing\Feature\ReadingTimeTest" classname="Hyde.Framework.Testing.Feature.ReadingTimeTest" file="/home/runner/work/develop/develop/packages/framework/tests/Feature/ReadingTimeTest.php" line="70" assertions="4" time="0.020915"/>
        <testcase name="test_fromString" class="Hyde\Framework\Testing\Feature\ReadingTimeTest" classname="Hyde.Framework.Testing.Feature.ReadingTimeTest" file="/home/runner/work/develop/develop/packages/framework/tests/Feature/ReadingTimeTest.php" line="87" assertions="2" time="0.020968"/>
        <testcase name="test_fromFile" class="Hyde\Framework\Testing\Feature\ReadingTimeTest" classname="Hyde.Framework.Testing.Feature.ReadingTimeTest" file="/home/runner/work/develop/develop/packages/framework/tests/Feature/ReadingTimeTest.php" line="93" assertions="2" time="0.021880"/>
      </testsuite>
      <testsuite name="Hyde\Framework\Testing\Feature\RebuildServiceTest" file="/home/runner/work/develop/develop/packages/framework/tests/Feature/RebuildServiceTest.php" tests="4" assertions="4" errors="0" warnings="0" failures="0" skipped="0" time="0.143142">
        <testcase name="test_can_rebuild_blade_page" class="Hyde\Framework\Testing\Feature\RebuildServiceTest" classname="Hyde.Framework.Testing.Feature.RebuildServiceTest" file="/home/runner/work/develop/develop/packages/framework/tests/Feature/RebuildServiceTest.php" line="19" assertions="1" time="0.028455"/>
        <testcase name="test_can_rebuild_markdown_page" class="Hyde\Framework\Testing\Feature\RebuildServiceTest" classname="Hyde.Framework.Testing.Feature.RebuildServiceTest" file="/home/runner/work/develop/develop/packages/framework/tests/Feature/RebuildServiceTest.php" line="27" assertions="1" time="0.037704"/>
        <testcase name="test_can_rebuild_markdown_post" class="Hyde\Framework\Testing\Feature\RebuildServiceTest" classname="Hyde.Framework.Testing.Feature.RebuildServiceTest" file="/home/runner/work/develop/develop/packages/framework/tests/Feature/RebuildServiceTest.php" line="35" assertions="1" time="0.038818"/>
        <testcase name="test_can_rebuild_documentation_page" class="Hyde\Framework\Testing\Feature\RebuildServiceTest" classname="Hyde.Framework.Testing.Feature.RebuildServiceTest" file="/home/runner/work/develop/develop/packages/framework/tests/Feature/RebuildServiceTest.php" line="43" assertions="1" time="0.038165"/>
      </testsuite>
      <testsuite name="Hyde\Framework\Testing\Feature\RedirectTest" file="/home/runner/work/develop/develop/packages/framework/tests/Feature/RedirectTest.php" tests="3" assertions="10" errors="0" warnings="0" failures="0" skipped="0" time="0.071100">
        <testcase name="test_can_create_a_redirect" class="Hyde\Framework\Testing\Feature\RedirectTest" classname="Hyde.Framework.Testing.Feature.RedirectTest" file="/home/runner/work/develop/develop/packages/framework/tests/Feature/RedirectTest.php" line="16" assertions="7" time="0.023396"/>
        <testcase name="test_path_parameter_is_normalized" class="Hyde\Framework\Testing\Feature\RedirectTest" classname="Hyde.Framework.Testing.Feature.RedirectTest" file="/home/runner/work/develop/develop/packages/framework/tests/Feature/RedirectTest.php" line="49" assertions="1" time="0.024284"/>
        <testcase name="test_text_can_be_disabled" class="Hyde\Framework\Testing\Feature\RedirectTest" classname="Hyde.Framework.Testing.Feature.RedirectTest" file="/home/runner/work/develop/develop/packages/framework/tests/Feature/RedirectTest.php" line="58" assertions="2" time="0.023420"/>
      </testsuite>
      <testsuite name="Hyde\Framework\Testing\Feature\RenderHelperTest" file="/home/runner/work/develop/develop/packages/framework/tests/Feature/RenderHelperTest.php" tests="13" assertions="34" errors="0" warnings="0" failures="0" skipped="0" time="0.326812">
        <testcase name="testSetAndGetPage" class="Hyde\Framework\Testing\Feature\RenderHelperTest" classname="Hyde.Framework.Testing.Feature.RenderHelperTest" file="/home/runner/work/develop/develop/packages/framework/tests/Feature/RenderHelperTest.php" line="19" assertions="2" time="0.026996"/>
        <testcase name="testSetPageSharesDataToViewAutomatically" class="Hyde\Framework\Testing\Feature\RenderHelperTest" classname="Hyde.Framework.Testing.Feature.RenderHelperTest" file="/home/runner/work/develop/develop/packages/framework/tests/Feature/RenderHelperTest.php" line="27" assertions="2" time="0.027401"/>
        <testcase name="testGetCurrentRoute" class="Hyde\Framework\Testing\Feature\RenderHelperTest" classname="Hyde.Framework.Testing.Feature.RenderHelperTest" file="/home/runner/work/develop/develop/packages/framework/tests/Feature/RenderHelperTest.php" line="35" assertions="2" time="0.027279"/>
        <testcase name="testGetCurrentPage" class="Hyde\Framework\Testing\Feature\RenderHelperTest" classname="Hyde.Framework.Testing.Feature.RenderHelperTest" file="/home/runner/work/develop/develop/packages/framework/tests/Feature/RenderHelperTest.php" line="43" assertions="2" time="0.027201"/>
        <testcase name="testShareToView" class="Hyde\Framework\Testing\Feature\RenderHelperTest" classname="Hyde.Framework.Testing.Feature.RenderHelperTest" file="/home/runner/work/develop/develop/packages/framework/tests/Feature/RenderHelperTest.php" line="51" assertions="6" time="0.027706"/>
        <testcase name="testShare" class="Hyde\Framework\Testing\Feature\RenderHelperTest" classname="Hyde.Framework.Testing.Feature.RenderHelperTest" file="/home/runner/work/develop/develop/packages/framework/tests/Feature/RenderHelperTest.php" line="64" assertions="2" time="0.021626"/>
        <testcase name="testShareInvalidProperty" class="Hyde\Framework\Testing\Feature\RenderHelperTest" classname="Hyde.Framework.Testing.Feature.RenderHelperTest" file="/home/runner/work/develop/develop/packages/framework/tests/Feature/RenderHelperTest.php" line="72" assertions="2" time="0.021130"/>
        <testcase name="testShareCascadesDataToView" class="Hyde\Framework\Testing\Feature\RenderHelperTest" classname="Hyde.Framework.Testing.Feature.RenderHelperTest" file="/home/runner/work/develop/develop/packages/framework/tests/Feature/RenderHelperTest.php" line="80" assertions="2" time="0.021298"/>
        <testcase name="testClearData" class="Hyde\Framework\Testing\Feature\RenderHelperTest" classname="Hyde.Framework.Testing.Feature.RenderHelperTest" file="/home/runner/work/develop/develop/packages/framework/tests/Feature/RenderHelperTest.php" line="88" assertions="2" time="0.027307"/>
        <testcase name="testClearDataCascadesToClearItsViewData" class="Hyde\Framework\Testing\Feature\RenderHelperTest" classname="Hyde.Framework.Testing.Feature.RenderHelperTest" file="/home/runner/work/develop/develop/packages/framework/tests/Feature/RenderHelperTest.php" line="97" assertions="6" time="0.027431"/>
        <testcase name="testClearDataDoesNotClearOtherViewData" class="Hyde\Framework\Testing\Feature\RenderHelperTest" classname="Hyde.Framework.Testing.Feature.RenderHelperTest" file="/home/runner/work/develop/develop/packages/framework/tests/Feature/RenderHelperTest.php" line="111" assertions="2" time="0.021416"/>
        <testcase name="testClearDataDoesNotClearRenderInstanceFromViewData" class="Hyde\Framework\Testing\Feature\RenderHelperTest" classname="Hyde.Framework.Testing.Feature.RenderHelperTest" file="/home/runner/work/develop/develop/packages/framework/tests/Feature/RenderHelperTest.php" line="120" assertions="2" time="0.022587"/>
        <testcase name="testToArray" class="Hyde\Framework\Testing\Feature\RenderHelperTest" classname="Hyde.Framework.Testing.Feature.RenderHelperTest" file="/home/runner/work/develop/develop/packages/framework/tests/Feature/RenderHelperTest.php" line="129" assertions="2" time="0.027434"/>
      </testsuite>
      <testsuite name="Hyde\Framework\Testing\Feature\RouteCollectionTest" file="/home/runner/work/develop/develop/packages/framework/tests/Feature/RouteCollectionTest.php" tests="5" assertions="16" errors="0" warnings="0" failures="0" skipped="0" time="0.170278">
        <testcase name="test_boot_method_discovers_all_pages" class="Hyde\Framework\Testing\Feature\RouteCollectionTest" classname="Hyde.Framework.Testing.Feature.RouteCollectionTest" file="/home/runner/work/develop/develop/packages/framework/tests/Feature/RouteCollectionTest.php" line="24" assertions="3" time="0.028302"/>
        <testcase name="test_boot_method_discovers_all_page_types" class="Hyde\Framework\Testing\Feature\RouteCollectionTest" classname="Hyde.Framework.Testing.Feature.RouteCollectionTest" file="/home/runner/work/develop/develop/packages/framework/tests/Feature/RouteCollectionTest.php" line="37" assertions="3" time="0.039442"/>
        <testcase name="test_get_routes_returns_all_routes" class="Hyde\Framework\Testing\Feature\RouteCollectionTest" classname="Hyde.Framework.Testing.Feature.RouteCollectionTest" file="/home/runner/work/develop/develop/packages/framework/tests/Feature/RouteCollectionTest.php" line="63" assertions="1" time="0.033654"/>
        <testcase name="test_get_routes_for_model_returns_collection_of_routes_of_given_class" class="Hyde\Framework\Testing\Feature\RouteCollectionTest" classname="Hyde.Framework.Testing.Feature.RouteCollectionTest" file="/home/runner/work/develop/develop/packages/framework/tests/Feature/RouteCollectionTest.php" line="74" assertions="6" time="0.040236"/>
        <testcase name="test_add_route_adds_new_route" class="Hyde\Framework\Testing\Feature\RouteCollectionTest" classname="Hyde.Framework.Testing.Feature.RouteCollectionTest" file="/home/runner/work/develop/develop/packages/framework/tests/Feature/RouteCollectionTest.php" line="96" assertions="3" time="0.028644"/>
      </testsuite>
      <testsuite name="Hyde\Framework\Testing\Feature\RouteKeyTest" file="/home/runner/work/develop/develop/packages/framework/tests/Feature/RouteKeyTest.php" tests="6" assertions="12" errors="0" warnings="0" failures="0" skipped="0" time="0.123986">
        <testcase name="testMake" class="Hyde\Framework\Testing\Feature\RouteKeyTest" classname="Hyde.Framework.Testing.Feature.RouteKeyTest" file="/home/runner/work/develop/develop/packages/framework/tests/Feature/RouteKeyTest.php" line="19" assertions="1" time="0.020087"/>
        <testcase name="test__construct" class="Hyde\Framework\Testing\Feature\RouteKeyTest" classname="Hyde.Framework.Testing.Feature.RouteKeyTest" file="/home/runner/work/develop/develop/packages/framework/tests/Feature/RouteKeyTest.php" line="24" assertions="1" time="0.020720"/>
        <testcase name="test__toString" class="Hyde\Framework\Testing\Feature\RouteKeyTest" classname="Hyde.Framework.Testing.Feature.RouteKeyTest" file="/home/runner/work/develop/develop/packages/framework/tests/Feature/RouteKeyTest.php" line="29" assertions="1" time="0.020687"/>
        <testcase name="testGet" class="Hyde\Framework\Testing\Feature\RouteKeyTest" classname="Hyde.Framework.Testing.Feature.RouteKeyTest" file="/home/runner/work/develop/develop/packages/framework/tests/Feature/RouteKeyTest.php" line="34" assertions="1" time="0.020667"/>
        <testcase name="testFromPage" class="Hyde\Framework\Testing\Feature\RouteKeyTest" classname="Hyde.Framework.Testing.Feature.RouteKeyTest" file="/home/runner/work/develop/develop/packages/framework/tests/Feature/RouteKeyTest.php" line="39" assertions="4" time="0.020891"/>
        <testcase name="testFromPageWithNestedIdentifier" class="Hyde\Framework\Testing\Feature\RouteKeyTest" classname="Hyde.Framework.Testing.Feature.RouteKeyTest" file="/home/runner/work/develop/develop/packages/framework/tests/Feature/RouteKeyTest.php" line="47" assertions="4" time="0.020934"/>
      </testsuite>
      <testsuite name="Hyde\Framework\Testing\Feature\RouteTest" file="/home/runner/work/develop/develop/packages/framework/tests/Feature/RouteTest.php" tests="24" assertions="34" errors="0" warnings="0" failures="0" skipped="0" time="0.586358">
        <testcase name="test_constructor_creates_route_from_page_model" class="Hyde\Framework\Testing\Feature\RouteTest" classname="Hyde.Framework.Testing.Feature.RouteTest" file="/home/runner/work/develop/develop/packages/framework/tests/Feature/RouteTest.php" line="21" assertions="1" time="0.031417"/>
        <testcase name="test_get_page_type_returns_fully_qualified_class_name" class="Hyde\Framework\Testing\Feature\RouteTest" classname="Hyde.Framework.Testing.Feature.RouteTest" file="/home/runner/work/develop/develop/packages/framework/tests/Feature/RouteTest.php" line="29" assertions="1" time="0.021774"/>
        <testcase name="test_get_source_model_returns_page_model" class="Hyde\Framework\Testing\Feature\RouteTest" classname="Hyde.Framework.Testing.Feature.RouteTest" file="/home/runner/work/develop/develop/packages/framework/tests/Feature/RouteTest.php" line="37" assertions="2" time="0.021686"/>
        <testcase name="test_get_route_key_returns_page_path" class="Hyde\Framework\Testing\Feature\RouteTest" classname="Hyde.Framework.Testing.Feature.RouteTest" file="/home/runner/work/develop/develop/packages/framework/tests/Feature/RouteTest.php" line="46" assertions="1" time="0.021750"/>
        <testcase name="test_get_source_file_path_returns_page_source_path" class="Hyde\Framework\Testing\Feature\RouteTest" classname="Hyde.Framework.Testing.Feature.RouteTest" file="/home/runner/work/develop/develop/packages/framework/tests/Feature/RouteTest.php" line="54" assertions="1" time="0.021702"/>
        <testcase name="test_get_output_file_path_returns_page_output_path" class="Hyde\Framework\Testing\Feature\RouteTest" classname="Hyde.Framework.Testing.Feature.RouteTest" file="/home/runner/work/develop/develop/packages/framework/tests/Feature/RouteTest.php" line="62" assertions="1" time="0.023464"/>
        <testcase name="test_get_is_alias_for_get_from_key" class="Hyde\Framework\Testing\Feature\RouteTest" classname="Hyde.Framework.Testing.Feature.RouteTest" file="/home/runner/work/develop/develop/packages/framework/tests/Feature/RouteTest.php" line="70" assertions="1" time="0.026117"/>
        <testcase name="test_get_or_fail_throws_exception_if_route_is_not_found" class="Hyde\Framework\Testing\Feature\RouteTest" classname="Hyde.Framework.Testing.Feature.RouteTest" file="/home/runner/work/develop/develop/packages/framework/tests/Feature/RouteTest.php" line="75" assertions="1" time="0.026421"/>
        <testcase name="test_get_from_key_returns_route_from_router_index" class="Hyde\Framework\Testing\Feature\RouteTest" classname="Hyde.Framework.Testing.Feature.RouteTest" file="/home/runner/work/develop/develop/packages/framework/tests/Feature/RouteTest.php" line="81" assertions="2" time="0.028158"/>
        <testcase name="test_get_from_returns_null_if_route_is_not_found" class="Hyde\Framework\Testing\Feature\RouteTest" classname="Hyde.Framework.Testing.Feature.RouteTest" file="/home/runner/work/develop/develop/packages/framework/tests/Feature/RouteTest.php" line="87" assertions="1" time="0.026206"/>
        <testcase name="test_get_supports_dot_notation" class="Hyde\Framework\Testing\Feature\RouteTest" classname="Hyde.Framework.Testing.Feature.RouteTest" file="/home/runner/work/develop/develop/packages/framework/tests/Feature/RouteTest.php" line="92" assertions="1" time="0.031263"/>
        <testcase name="test_route_facade_all_method_returns_all_routes" class="Hyde\Framework\Testing\Feature\RouteTest" classname="Hyde.Framework.Testing.Feature.RouteTest" file="/home/runner/work/develop/develop/packages/framework/tests/Feature/RouteTest.php" line="98" assertions="1" time="0.027244"/>
        <testcase name="test_get_link_returns_correct_path_for_root_pages" class="Hyde\Framework\Testing\Feature\RouteTest" classname="Hyde.Framework.Testing.Feature.RouteTest" file="/home/runner/work/develop/develop/packages/framework/tests/Feature/RouteTest.php" line="103" assertions="2" time="0.025135"/>
        <testcase name="test_get_link_returns_correct_path_for_nested_pages" class="Hyde\Framework\Testing\Feature\RouteTest" classname="Hyde.Framework.Testing.Feature.RouteTest" file="/home/runner/work/develop/develop/packages/framework/tests/Feature/RouteTest.php" line="110" assertions="2" time="0.022372"/>
        <testcase name="test_get_link_returns_correct_path_for_nested_current_page" class="Hyde\Framework\Testing\Feature\RouteTest" classname="Hyde.Framework.Testing.Feature.RouteTest" file="/home/runner/work/develop/develop/packages/framework/tests/Feature/RouteTest.php" line="117" assertions="2" time="0.022652"/>
        <testcase name="test_get_link_returns_pretty_url_if_enabled" class="Hyde\Framework\Testing\Feature\RouteTest" classname="Hyde.Framework.Testing.Feature.RouteTest" file="/home/runner/work/develop/develop/packages/framework/tests/Feature/RouteTest.php" line="125" assertions="2" time="0.022446"/>
        <testcase name="test_to_string_is_alias_for_get_link" class="Hyde\Framework\Testing\Feature\RouteTest" classname="Hyde.Framework.Testing.Feature.RouteTest" file="/home/runner/work/develop/develop/packages/framework/tests/Feature/RouteTest.php" line="133" assertions="1" time="0.022797"/>
        <testcase name="test_current_returns_current_route" class="Hyde\Framework\Testing\Feature\RouteTest" classname="Hyde.Framework.Testing.Feature.RouteTest" file="/home/runner/work/develop/develop/packages/framework/tests/Feature/RouteTest.php" line="139" assertions="1" time="0.022706"/>
        <testcase name="test_current_returns_null_if_route_is_not_found" class="Hyde\Framework\Testing\Feature\RouteTest" classname="Hyde.Framework.Testing.Feature.RouteTest" file="/home/runner/work/develop/develop/packages/framework/tests/Feature/RouteTest.php" line="146" assertions="1" time="0.021058"/>
        <testcase name="test_to_array_method" class="Hyde\Framework\Testing\Feature\RouteTest" classname="Hyde.Framework.Testing.Feature.RouteTest" file="/home/runner/work/develop/develop/packages/framework/tests/Feature/RouteTest.php" line="151" assertions="1" time="0.027334"/>
        <testcase name="testIsWithRoute" class="Hyde\Framework\Testing\Feature\RouteTest" classname="Hyde.Framework.Testing.Feature.RouteTest" file="/home/runner/work/develop/develop/packages/framework/tests/Feature/RouteTest.php" line="164" assertions="2" time="0.022724"/>
        <testcase name="testIsWithRouteKey" class="Hyde\Framework\Testing\Feature\RouteTest" classname="Hyde.Framework.Testing.Feature.RouteTest" file="/home/runner/work/develop/develop/packages/framework/tests/Feature/RouteTest.php" line="173" assertions="2" time="0.021894"/>
        <testcase name="testIsWithRouteKeyObject" class="Hyde\Framework\Testing\Feature\RouteTest" classname="Hyde.Framework.Testing.Feature.RouteTest" file="/home/runner/work/develop/develop/packages/framework/tests/Feature/RouteTest.php" line="180" assertions="2" time="0.021866"/>
        <testcase name="testExists" class="Hyde\Framework\Testing\Feature\RouteTest" classname="Hyde.Framework.Testing.Feature.RouteTest" file="/home/runner/work/develop/develop/packages/framework/tests/Feature/RouteTest.php" line="187" assertions="2" time="0.026172"/>
      </testsuite>
      <testsuite name="Hyde\Framework\Testing\Feature\Services\BladeDownProcessorTest" file="/home/runner/work/develop/develop/packages/framework/tests/Feature/Services/BladeDownProcessorTest.php" tests="9" assertions="9" errors="0" warnings="0" failures="0" skipped="0" time="0.197420">
        <testcase name="test_it_renders_blade_echo_syntax" class="Hyde\Framework\Testing\Feature\Services\BladeDownProcessorTest" classname="Hyde.Framework.Testing.Feature.Services.BladeDownProcessorTest" file="/home/runner/work/develop/develop/packages/framework/tests/Feature/Services/BladeDownProcessorTest.php" line="17" assertions="1" time="0.021272"/>
        <testcase name="test_it_renders_blade_within_multiline_markdown" class="Hyde\Framework\Testing\Feature\Services\BladeDownProcessorTest" classname="Hyde.Framework.Testing.Feature.Services.BladeDownProcessorTest" file="/home/runner/work/develop/develop/packages/framework/tests/Feature/Services/BladeDownProcessorTest.php" line="22" assertions="1" time="0.022182"/>
        <testcase name="test_it_renders_blade_views" class="Hyde\Framework\Testing\Feature\Services\BladeDownProcessorTest" classname="Hyde.Framework.Testing.Feature.Services.BladeDownProcessorTest" file="/home/runner/work/develop/develop/packages/framework/tests/Feature/Services/BladeDownProcessorTest.php" line="31" assertions="1" time="0.022811"/>
        <testcase name="test_directive_is_case_insensitive" class="Hyde\Framework\Testing\Feature\Services\BladeDownProcessorTest" classname="Hyde.Framework.Testing.Feature.Services.BladeDownProcessorTest" file="/home/runner/work/develop/develop/packages/framework/tests/Feature/Services/BladeDownProcessorTest.php" line="46" assertions="1" time="0.023035"/>
        <testcase name="test_directive_is_ignored_if_it_is_not_at_the_start_of_a_line" class="Hyde\Framework\Testing\Feature\Services\BladeDownProcessorTest" classname="Hyde.Framework.Testing.Feature.Services.BladeDownProcessorTest" file="/home/runner/work/develop/develop/packages/framework/tests/Feature/Services/BladeDownProcessorTest.php" line="51" assertions="1" time="0.020959"/>
        <testcase name="test_it_renders_blade_echo_syntax_with_variables" class="Hyde\Framework\Testing\Feature\Services\BladeDownProcessorTest" classname="Hyde.Framework.Testing.Feature.Services.BladeDownProcessorTest" file="/home/runner/work/develop/develop/packages/framework/tests/Feature/Services/BladeDownProcessorTest.php" line="57" assertions="1" time="0.021958"/>
        <testcase name="test_it_renders_blade_views_with_variables" class="Hyde\Framework\Testing\Feature\Services\BladeDownProcessorTest" classname="Hyde.Framework.Testing.Feature.Services.BladeDownProcessorTest" file="/home/runner/work/develop/develop/packages/framework/tests/Feature/Services/BladeDownProcessorTest.php" line="62" assertions="1" time="0.022707"/>
        <testcase name="test_preprocess_method_expands_shortcode" class="Hyde\Framework\Testing\Feature\Services\BladeDownProcessorTest" classname="Hyde.Framework.Testing.Feature.Services.BladeDownProcessorTest" file="/home/runner/work/develop/develop/packages/framework/tests/Feature/Services/BladeDownProcessorTest.php" line="73" assertions="1" time="0.021009"/>
        <testcase name="test_process_method_renders_shortcode" class="Hyde\Framework\Testing\Feature\Services\BladeDownProcessorTest" classname="Hyde.Framework.Testing.Feature.Services.BladeDownProcessorTest" file="/home/runner/work/develop/develop/packages/framework/tests/Feature/Services/BladeDownProcessorTest.php" line="78" assertions="1" time="0.021486"/>
      </testsuite>
      <testsuite name="Hyde\Framework\Testing\Feature\Services\BuildTaskServiceTest" file="/home/runner/work/develop/develop/packages/framework/tests/Feature/Services/BuildTaskServiceTest.php" tests="13" assertions="20" errors="0" warnings="0" failures="0" skipped="0" time="1.444815">
        <testcase name="test_build_command_can_run_post_build_tasks" class="Hyde\Framework\Testing\Feature\Services\BuildTaskServiceTest" classname="Hyde.Framework.Testing.Feature.Services.BuildTaskServiceTest" file="/home/runner/work/develop/develop/packages/framework/tests/Feature/Services/BuildTaskServiceTest.php" line="28" assertions="3" time="0.140384"/>
        <testcase name="test_run_post_build_tasks_runs_configured_tasks_does_nothing_if_no_tasks_are_configured" class="Hyde\Framework\Testing\Feature\Services\BuildTaskServiceTest" classname="Hyde.Framework.Testing.Feature.Services.BuildTaskServiceTest" file="/home/runner/work/develop/develop/packages/framework/tests/Feature/Services/BuildTaskServiceTest.php" line="43" assertions="1" time="0.115091"/>
        <testcase name="test_get_post_build_tasks_returns_array_merged_with_config" class="Hyde\Framework\Testing\Feature\Services\BuildTaskServiceTest" classname="Hyde.Framework.Testing.Feature.Services.BuildTaskServiceTest" file="/home/runner/work/develop/develop/packages/framework/tests/Feature/Services/BuildTaskServiceTest.php" line="56" assertions="1" time="0.106407"/>
        <testcase name="test_get_post_build_tasks_merges_duplicate_keys" class="Hyde\Framework\Testing\Feature\Services\BuildTaskServiceTest" classname="Hyde.Framework.Testing.Feature.Services.BuildTaskServiceTest" file="/home/runner/work/develop/develop/packages/framework/tests/Feature/Services/BuildTaskServiceTest.php" line="68" assertions="1" time="0.106553"/>
        <testcase name="test_run_post_build_tasks_runs_configured_tasks" class="Hyde\Framework\Testing\Feature\Services\BuildTaskServiceTest" classname="Hyde.Framework.Testing.Feature.Services.BuildTaskServiceTest" file="/home/runner/work/develop/develop/packages/framework/tests/Feature/Services/BuildTaskServiceTest.php" line="80" assertions="1" time="0.113755"/>
        <testcase name="test_run_method_runs_task_by_class_name_input_and_returns_self" class="Hyde\Framework\Testing\Feature\Services\BuildTaskServiceTest" classname="Hyde.Framework.Testing.Feature.Services.BuildTaskServiceTest" file="/home/runner/work/develop/develop/packages/framework/tests/Feature/Services/BuildTaskServiceTest.php" line="95" assertions="2" time="0.106465"/>
        <testcase name="test_run_if_runs_task_if_supplied_boolean_is_true" class="Hyde\Framework\Testing\Feature\Services\BuildTaskServiceTest" classname="Hyde.Framework.Testing.Feature.Services.BuildTaskServiceTest" file="/home/runner/work/develop/develop/packages/framework/tests/Feature/Services/BuildTaskServiceTest.php" line="110" assertions="2" time="0.106604"/>
        <testcase name="test_run_if_does_not_run_task_if_supplied_boolean_is_false" class="Hyde\Framework\Testing\Feature\Services\BuildTaskServiceTest" classname="Hyde.Framework.Testing.Feature.Services.BuildTaskServiceTest" file="/home/runner/work/develop/develop/packages/framework/tests/Feature/Services/BuildTaskServiceTest.php" line="125" assertions="2" time="0.107269"/>
        <testcase name="test_run_if_runs_task_if_supplied_callable_returns_true" class="Hyde\Framework\Testing\Feature\Services\BuildTaskServiceTest" classname="Hyde.Framework.Testing.Feature.Services.BuildTaskServiceTest" file="/home/runner/work/develop/develop/packages/framework/tests/Feature/Services/BuildTaskServiceTest.php" line="140" assertions="2" time="0.106478"/>
        <testcase name="test_run_if_does_not_run_task_if_supplied_callable_returns_false" class="Hyde\Framework\Testing\Feature\Services\BuildTaskServiceTest" classname="Hyde.Framework.Testing.Feature.Services.BuildTaskServiceTest" file="/home/runner/work/develop/develop/packages/framework/tests/Feature/Services/BuildTaskServiceTest.php" line="157" assertions="2" time="0.105556"/>
        <testcase name="test_exception_handler_shows_error_message_and_exits_with_code_1_without_throwing_exception" class="Hyde\Framework\Testing\Feature\Services\BuildTaskServiceTest" classname="Hyde.Framework.Testing.Feature.Services.BuildTaskServiceTest" file="/home/runner/work/develop/develop/packages/framework/tests/Feature/Services/BuildTaskServiceTest.php" line="171" assertions="1" time="0.106909"/>
        <testcase name="test_find_tasks_in_app_directory_method_discovers_tasks_in_app_directory" class="Hyde\Framework\Testing\Feature\Services\BuildTaskServiceTest" classname="Hyde.Framework.Testing.Feature.Services.BuildTaskServiceTest" file="/home/runner/work/develop/develop/packages/framework/tests/Feature/Services/BuildTaskServiceTest.php" line="184" assertions="1" time="0.109444"/>
        <testcase name="test_automatically_discovered_tasks_can_be_executed" class="Hyde\Framework\Testing\Feature\Services\BuildTaskServiceTest" classname="Hyde.Framework.Testing.Feature.Services.BuildTaskServiceTest" file="/home/runner/work/develop/develop/packages/framework/tests/Feature/Services/BuildTaskServiceTest.php" line="193" assertions="1" time="0.113900"/>
      </testsuite>
      <testsuite name="Hyde\Framework\Testing\Feature\Services\ChecksumServiceTest" file="/home/runner/work/develop/develop/packages/framework/tests/Feature/Services/ChecksumServiceTest.php" tests="15" assertions="22" errors="0" warnings="0" failures="0" skipped="0" time="0.341571">
        <testcase name="test_get_filecache" class="Hyde\Framework\Testing\Feature\Services\ChecksumServiceTest" classname="Hyde.Framework.Testing.Feature.Services.ChecksumServiceTest" file="/home/runner/work/develop/develop/packages/framework/tests/Feature/Services/ChecksumServiceTest.php" line="16" assertions="4" time="0.025484"/>
        <testcase name="test_get_checksums" class="Hyde\Framework\Testing\Feature\Services\ChecksumServiceTest" classname="Hyde.Framework.Testing.Feature.Services.ChecksumServiceTest" file="/home/runner/work/develop/develop/packages/framework/tests/Feature/Services/ChecksumServiceTest.php" line="27" assertions="2" time="0.025527"/>
        <testcase name="test_checksum_matches_any" class="Hyde\Framework\Testing\Feature\Services\ChecksumServiceTest" classname="Hyde.Framework.Testing.Feature.Services.ChecksumServiceTest" file="/home/runner/work/develop/develop/packages/framework/tests/Feature/Services/ChecksumServiceTest.php" line="36" assertions="1" time="0.026096"/>
        <testcase name="test_checksum_matches_any_false" class="Hyde\Framework\Testing\Feature\Services\ChecksumServiceTest" classname="Hyde.Framework.Testing.Feature.Services.ChecksumServiceTest" file="/home/runner/work/develop/develop/packages/framework/tests/Feature/Services/ChecksumServiceTest.php" line="45" assertions="1" time="0.026041"/>
        <testcase name="test_method_returns_string" class="Hyde\Framework\Testing\Feature\Services\ChecksumServiceTest" classname="Hyde.Framework.Testing.Feature.Services.ChecksumServiceTest" file="/home/runner/work/develop/develop/packages/framework/tests/Feature/Services/ChecksumServiceTest.php" line="54" assertions="1" time="0.021060"/>
        <testcase name="test_method_returns_string_with_length_of_32" class="Hyde\Framework\Testing\Feature\Services\ChecksumServiceTest" classname="Hyde.Framework.Testing.Feature.Services.ChecksumServiceTest" file="/home/runner/work/develop/develop/packages/framework/tests/Feature/Services/ChecksumServiceTest.php" line="59" assertions="1" time="0.020805"/>
        <testcase name="test_method_returns_string_matching_expected_format" class="Hyde\Framework\Testing\Feature\Services\ChecksumServiceTest" classname="Hyde.Framework.Testing.Feature.Services.ChecksumServiceTest" file="/home/runner/work/develop/develop/packages/framework/tests/Feature/Services/ChecksumServiceTest.php" line="64" assertions="1" time="0.020573"/>
        <testcase name="test_method_returns_same_value_for_same_string_using_normal_method" class="Hyde\Framework\Testing\Feature\Services\ChecksumServiceTest" classname="Hyde.Framework.Testing.Feature.Services.ChecksumServiceTest" file="/home/runner/work/develop/develop/packages/framework/tests/Feature/Services/ChecksumServiceTest.php" line="69" assertions="1" time="0.020428"/>
        <testcase name="test_method_returns_different_value_for_different_string" class="Hyde\Framework\Testing\Feature\Services\ChecksumServiceTest" classname="Hyde.Framework.Testing.Feature.Services.ChecksumServiceTest" file="/home/runner/work/develop/develop/packages/framework/tests/Feature/Services/ChecksumServiceTest.php" line="74" assertions="1" time="0.020409"/>
        <testcase name="test_function_is_case_sensitive" class="Hyde\Framework\Testing\Feature\Services\ChecksumServiceTest" classname="Hyde.Framework.Testing.Feature.Services.ChecksumServiceTest" file="/home/runner/work/develop/develop/packages/framework/tests/Feature/Services/ChecksumServiceTest.php" line="79" assertions="1" time="0.020471"/>
        <testcase name="test_function_is_space_sensitive" class="Hyde\Framework\Testing\Feature\Services\ChecksumServiceTest" classname="Hyde.Framework.Testing.Feature.Services.ChecksumServiceTest" file="/home/runner/work/develop/develop/packages/framework/tests/Feature/Services/ChecksumServiceTest.php" line="84" assertions="1" time="0.020693"/>
        <testcase name="test_method_returns_same_value_regardless_of_end_of_line_sequence" class="Hyde\Framework\Testing\Feature\Services\ChecksumServiceTest" classname="Hyde.Framework.Testing.Feature.Services.ChecksumServiceTest" file="/home/runner/work/develop/develop/packages/framework/tests/Feature/Services/ChecksumServiceTest.php" line="89" assertions="4" time="0.031029"/>
        <testcase name="test_method_returns_same_value_for_string_with_mixed_end_of_line_sequences" class="Hyde\Framework\Testing\Feature\Services\ChecksumServiceTest" classname="Hyde.Framework.Testing.Feature.Services.ChecksumServiceTest" file="/home/runner/work/develop/develop/packages/framework/tests/Feature/Services/ChecksumServiceTest.php" line="97" assertions="1" time="0.020564"/>
        <testcase name="test_method_returns_same_value_when_loaded_from_file" class="Hyde\Framework\Testing\Feature\Services\ChecksumServiceTest" classname="Hyde.Framework.Testing.Feature.Services.ChecksumServiceTest" file="/home/runner/work/develop/develop/packages/framework/tests/Feature/Services/ChecksumServiceTest.php" line="103" assertions="1" time="0.021007"/>
        <testcase name="test_method_returns_same_value_when_loaded_from_file_using_shorthand" class="Hyde\Framework\Testing\Feature\Services\ChecksumServiceTest" classname="Hyde.Framework.Testing.Feature.Services.ChecksumServiceTest" file="/home/runner/work/develop/develop/packages/framework/tests/Feature/Services/ChecksumServiceTest.php" line="114" assertions="1" time="0.021384"/>
      </testsuite>
      <testsuite name="Hyde\Framework\Testing\Feature\Services\DocumentationSearchServiceTest" file="/home/runner/work/develop/develop/packages/framework/tests/Feature/Services/DocumentationSearchServiceTest.php" tests="11" assertions="11" errors="0" warnings="0" failures="0" skipped="0" time="0.314597">
        <testcase name="test_it_generates_a_json_file_with_a_search_index" class="Hyde\Framework\Testing\Feature\Services\DocumentationSearchServiceTest" classname="Hyde.Framework.Testing.Feature.Services.DocumentationSearchServiceTest" file="/home/runner/work/develop/develop/packages/framework/tests/Feature/Services/DocumentationSearchServiceTest.php" line="18" assertions="1" time="0.028190"/>
        <testcase name="test_it_adds_all_files_to_search_index" class="Hyde\Framework\Testing\Feature\Services\DocumentationSearchServiceTest" classname="Hyde.Framework.Testing.Feature.Services.DocumentationSearchServiceTest" file="/home/runner/work/develop/develop/packages/framework/tests/Feature/Services/DocumentationSearchServiceTest.php" line="32" assertions="1" time="0.034125"/>
        <testcase name="test_it_handles_generation_even_when_there_are_no_pages" class="Hyde\Framework\Testing\Feature\Services\DocumentationSearchServiceTest" classname="Hyde.Framework.Testing.Feature.Services.DocumentationSearchServiceTest" file="/home/runner/work/develop/develop/packages/framework/tests/Feature/Services/DocumentationSearchServiceTest.php" line="41" assertions="1" time="0.027095"/>
        <testcase name="test_save_method_saves_the_file_to_the_correct_location" class="Hyde\Framework\Testing\Feature\Services\DocumentationSearchServiceTest" classname="Hyde.Framework.Testing.Feature.Services.DocumentationSearchServiceTest" file="/home/runner/work/develop/develop/packages/framework/tests/Feature/Services/DocumentationSearchServiceTest.php" line="50" assertions="1" time="0.026936"/>
        <testcase name="test_generate_page_entry_method_generates_a_page_entry" class="Hyde\Framework\Testing\Feature\Services\DocumentationSearchServiceTest" classname="Hyde.Framework.Testing.Feature.Services.DocumentationSearchServiceTest" file="/home/runner/work/develop/develop/packages/framework/tests/Feature/Services/DocumentationSearchServiceTest.php" line="59" assertions="1" time="0.022935"/>
        <testcase name="test_it_generates_a_valid_JSON" class="Hyde\Framework\Testing\Feature\Services\DocumentationSearchServiceTest" classname="Hyde.Framework.Testing.Feature.Services.DocumentationSearchServiceTest" file="/home/runner/work/develop/develop/packages/framework/tests/Feature/Services/DocumentationSearchServiceTest.php" line="71" assertions="1" time="0.029858"/>
        <testcase name="test_it_strips_markdown" class="Hyde\Framework\Testing\Feature\Services\DocumentationSearchServiceTest" classname="Hyde.Framework.Testing.Feature.Services.DocumentationSearchServiceTest" file="/home/runner/work/develop/develop/packages/framework/tests/Feature/Services/DocumentationSearchServiceTest.php" line="83" assertions="1" time="0.028854"/>
        <testcase name="test_get_destination_for_slug_returns_empty_string_for_index_when_pretty_url_is_enabled" class="Hyde\Framework\Testing\Feature\Services\DocumentationSearchServiceTest" classname="Hyde.Framework.Testing.Feature.Services.DocumentationSearchServiceTest" file="/home/runner/work/develop/develop/packages/framework/tests/Feature/Services/DocumentationSearchServiceTest.php" line="93" assertions="1" time="0.028203"/>
        <testcase name="test_get_destination_for_slug_returns_pretty_url_when_enabled" class="Hyde\Framework\Testing\Feature\Services\DocumentationSearchServiceTest" classname="Hyde.Framework.Testing.Feature.Services.DocumentationSearchServiceTest" file="/home/runner/work/develop/develop/packages/framework/tests/Feature/Services/DocumentationSearchServiceTest.php" line="103" assertions="1" time="0.031362"/>
        <testcase name="test_excluded_pages_are_not_present_in_the_search_index" class="Hyde\Framework\Testing\Feature\Services\DocumentationSearchServiceTest" classname="Hyde.Framework.Testing.Feature.Services.DocumentationSearchServiceTest" file="/home/runner/work/develop/develop/packages/framework/tests/Feature/Services/DocumentationSearchServiceTest.php" line="113" assertions="1" time="0.028133"/>
        <testcase name="test_nested_source_files_do_not_retain_directory_name_in_search_index" class="Hyde\Framework\Testing\Feature\Services\DocumentationSearchServiceTest" classname="Hyde.Framework.Testing.Feature.Services.DocumentationSearchServiceTest" file="/home/runner/work/develop/develop/packages/framework/tests/Feature/Services/DocumentationSearchServiceTest.php" line="123" assertions="1" time="0.028905"/>
      </testsuite>
      <testsuite name="Hyde\Framework\Testing\Feature\Services\DocumentationSidebarTest" file="/home/runner/work/develop/develop/packages/framework/tests/Feature/Services/DocumentationSidebarTest.php" tests="23" assertions="24" errors="0" warnings="0" failures="0" skipped="0" time="0.720626">
        <testcase name="test_sidebar_can_be_created" class="Hyde\Framework\Testing\Feature\Services\DocumentationSidebarTest" classname="Hyde.Framework.Testing.Feature.Services.DocumentationSidebarTest" file="/home/runner/work/develop/develop/packages/framework/tests/Feature/Services/DocumentationSidebarTest.php" line="38" assertions="1" time="0.025962"/>
        <testcase name="test_sidebar_items_are_added_automatically" class="Hyde\Framework\Testing\Feature\Services\DocumentationSidebarTest" classname="Hyde.Framework.Testing.Feature.Services.DocumentationSidebarTest" file="/home/runner/work/develop/develop/packages/framework/tests/Feature/Services/DocumentationSidebarTest.php" line="45" assertions="1" time="0.033276"/>
        <testcase name="test_index_page_is_removed_from_sidebar" class="Hyde\Framework\Testing\Feature\Services\DocumentationSidebarTest" classname="Hyde.Framework.Testing.Feature.Services.DocumentationSidebarTest" file="/home/runner/work/develop/develop/packages/framework/tests/Feature/Services/DocumentationSidebarTest.php" line="54" assertions="1" time="0.034819"/>
        <testcase name="test_files_with_front_matter_hidden_set_to_true_are_removed_from_sidebar" class="Hyde\Framework\Testing\Feature\Services\DocumentationSidebarTest" classname="Hyde.Framework.Testing.Feature.Services.DocumentationSidebarTest" file="/home/runner/work/develop/develop/packages/framework/tests/Feature/Services/DocumentationSidebarTest.php" line="63" assertions="1" time="0.035576"/>
        <testcase name="test_sidebar_is_ordered_alphabetically_when_no_order_is_set_in_config" class="Hyde\Framework\Testing\Feature\Services\DocumentationSidebarTest" classname="Hyde.Framework.Testing.Feature.Services.DocumentationSidebarTest" file="/home/runner/work/develop/develop/packages/framework/tests/Feature/Services/DocumentationSidebarTest.php" line="72" assertions="1" time="0.031839"/>
        <testcase name="test_sidebar_is_ordered_by_priority_when_priority_is_set_in_config" class="Hyde\Framework\Testing\Feature\Services\DocumentationSidebarTest" classname="Hyde.Framework.Testing.Feature.Services.DocumentationSidebarTest" file="/home/runner/work/develop/develop/packages/framework/tests/Feature/Services/DocumentationSidebarTest.php" line="89" assertions="1" time="0.031658"/>
        <testcase name="test_sidebar_item_priority_can_be_set_in_front_matter" class="Hyde\Framework\Testing\Feature\Services\DocumentationSidebarTest" classname="Hyde.Framework.Testing.Feature.Services.DocumentationSidebarTest" file="/home/runner/work/develop/develop/packages/framework/tests/Feature/Services/DocumentationSidebarTest.php" line="110" assertions="1" time="0.028838"/>
        <testcase name="test_sidebar_item_priority_set_in_config_overrides_front_matter" class="Hyde\Framework\Testing\Feature\Services\DocumentationSidebarTest" classname="Hyde.Framework.Testing.Feature.Services.DocumentationSidebarTest" file="/home/runner/work/develop/develop/packages/framework/tests/Feature/Services/DocumentationSidebarTest.php" line="117" assertions="1" time="0.028804"/>
        <testcase name="test_sidebar_priorities_can_be_set_in_both_front_matter_and_config" class="Hyde\Framework\Testing\Feature\Services\DocumentationSidebarTest" classname="Hyde.Framework.Testing.Feature.Services.DocumentationSidebarTest" file="/home/runner/work/develop/develop/packages/framework/tests/Feature/Services/DocumentationSidebarTest.php" line="126" assertions="1" time="0.031939"/>
        <testcase name="test_group_can_be_set_in_front_matter" class="Hyde\Framework\Testing\Feature\Services\DocumentationSidebarTest" classname="Hyde.Framework.Testing.Feature.Services.DocumentationSidebarTest" file="/home/runner/work/develop/develop/packages/framework/tests/Feature/Services/DocumentationSidebarTest.php" line="149" assertions="1" time="0.029033"/>
        <testcase name="test_has_groups_returns_false_when_there_are_no_groups" class="Hyde\Framework\Testing\Feature\Services\DocumentationSidebarTest" classname="Hyde.Framework.Testing.Feature.Services.DocumentationSidebarTest" file="/home/runner/work/develop/develop/packages/framework/tests/Feature/Services/DocumentationSidebarTest.php" line="156" assertions="1" time="0.027398"/>
        <testcase name="test_has_groups_returns_true_when_there_are_groups" class="Hyde\Framework\Testing\Feature\Services\DocumentationSidebarTest" classname="Hyde.Framework.Testing.Feature.Services.DocumentationSidebarTest" file="/home/runner/work/develop/develop/packages/framework/tests/Feature/Services/DocumentationSidebarTest.php" line="161" assertions="1" time="0.028860"/>
        <testcase name="test_has_groups_returns_true_when_there_are_multiple_groups" class="Hyde\Framework\Testing\Feature\Services\DocumentationSidebarTest" classname="Hyde.Framework.Testing.Feature.Services.DocumentationSidebarTest" file="/home/runner/work/develop/develop/packages/framework/tests/Feature/Services/DocumentationSidebarTest.php" line="168" assertions="1" time="0.030547"/>
        <testcase name="test_has_groups_returns_true_when_there_are_multiple_groups_mixed_with_defaults" class="Hyde\Framework\Testing\Feature\Services\DocumentationSidebarTest" classname="Hyde.Framework.Testing.Feature.Services.DocumentationSidebarTest" file="/home/runner/work/develop/develop/packages/framework/tests/Feature/Services/DocumentationSidebarTest.php" line="176" assertions="1" time="0.035571"/>
        <testcase name="test_get_groups_returns_empty_array_when_there_are_no_groups" class="Hyde\Framework\Testing\Feature\Services\DocumentationSidebarTest" classname="Hyde.Framework.Testing.Feature.Services.DocumentationSidebarTest" file="/home/runner/work/develop/develop/packages/framework/tests/Feature/Services/DocumentationSidebarTest.php" line="185" assertions="1" time="0.027041"/>
        <testcase name="test_get_groups_returns_array_of_groups_when_there_are_groups" class="Hyde\Framework\Testing\Feature\Services\DocumentationSidebarTest" classname="Hyde.Framework.Testing.Feature.Services.DocumentationSidebarTest" file="/home/runner/work/develop/develop/packages/framework/tests/Feature/Services/DocumentationSidebarTest.php" line="190" assertions="1" time="0.028719"/>
        <testcase name="test_get_groups_returns_array_with_no_duplicates" class="Hyde\Framework\Testing\Feature\Services\DocumentationSidebarTest" classname="Hyde.Framework.Testing.Feature.Services.DocumentationSidebarTest" file="/home/runner/work/develop/develop/packages/framework/tests/Feature/Services/DocumentationSidebarTest.php" line="197" assertions="1" time="0.032978"/>
        <testcase name="test_groups_are_sorted_by_lowest_found_priority_in_each_group" class="Hyde\Framework\Testing\Feature\Services\DocumentationSidebarTest" classname="Hyde.Framework.Testing.Feature.Services.DocumentationSidebarTest" file="/home/runner/work/develop/develop/packages/framework/tests/Feature/Services/DocumentationSidebarTest.php" line="206" assertions="1" time="0.043233"/>
        <testcase name="test_get_items_in_group_returns_empty_collection_when_there_are_no_items" class="Hyde\Framework\Testing\Feature\Services\DocumentationSidebarTest" classname="Hyde.Framework.Testing.Feature.Services.DocumentationSidebarTest" file="/home/runner/work/develop/develop/packages/framework/tests/Feature/Services/DocumentationSidebarTest.php" line="215" assertions="1" time="0.027616"/>
        <testcase name="test_get_items_in_group_returns_collection_of_items_in_group" class="Hyde\Framework\Testing\Feature\Services\DocumentationSidebarTest" classname="Hyde.Framework.Testing.Feature.Services.DocumentationSidebarTest" file="/home/runner/work/develop/develop/packages/framework/tests/Feature/Services/DocumentationSidebarTest.php" line="220" assertions="2" time="0.033574"/>
        <testcase name="test_get_items_in_group_normalizes_group_name_to_slug_format" class="Hyde\Framework\Testing\Feature\Services\DocumentationSidebarTest" classname="Hyde.Framework.Testing.Feature.Services.DocumentationSidebarTest" file="/home/runner/work/develop/develop/packages/framework/tests/Feature/Services/DocumentationSidebarTest.php" line="242" assertions="1" time="0.032677"/>
        <testcase name="test_get_items_in_group_does_not_include_items_with_hidden_front_matter" class="Hyde\Framework\Testing\Feature\Services\DocumentationSidebarTest" classname="Hyde.Framework.Testing.Feature.Services.DocumentationSidebarTest" file="/home/runner/work/develop/develop/packages/framework/tests/Feature/Services/DocumentationSidebarTest.php" line="258" assertions="1" time="0.030546"/>
        <testcase name="test_get_items_in_group_does_not_include_docs_index" class="Hyde\Framework\Testing\Feature\Services\DocumentationSidebarTest" classname="Hyde.Framework.Testing.Feature.Services.DocumentationSidebarTest" file="/home/runner/work/develop/develop/packages/framework/tests/Feature/Services/DocumentationSidebarTest.php" line="269" assertions="1" time="0.030121"/>
      </testsuite>
      <testsuite name="Hyde\Framework\Testing\Feature\Services\HydeSmartDocsTest" file="/home/runner/work/develop/develop/packages/framework/tests/Feature/Services/HydeSmartDocsTest.php" tests="18" assertions="29" errors="0" warnings="0" failures="0" skipped="0" time="0.510420">
        <testcase name="test_class_tokenizes_document" class="Hyde\Framework\Testing\Feature\Services\HydeSmartDocsTest" classname="Hyde.Framework.Testing.Feature.Services.HydeSmartDocsTest" file="/home/runner/work/develop/develop/packages/framework/tests/Feature/Services/HydeSmartDocsTest.php" line="21" assertions="2" time="0.025106"/>
        <testcase name="test_class_can_handle_document_with_no_header" class="Hyde\Framework\Testing\Feature\Services\HydeSmartDocsTest" classname="Hyde.Framework.Testing.Feature.Services.HydeSmartDocsTest" file="/home/runner/work/develop/develop/packages/framework/tests/Feature/Services/HydeSmartDocsTest.php" line="29" assertions="2" time="0.028013"/>
        <testcase name="test_class_can_handle_document_with_only_header" class="Hyde\Framework\Testing\Feature\Services\HydeSmartDocsTest" classname="Hyde.Framework.Testing.Feature.Services.HydeSmartDocsTest" file="/home/runner/work/develop/develop/packages/framework/tests/Feature/Services/HydeSmartDocsTest.php" line="37" assertions="2" time="0.025593"/>
        <testcase name="test_class_can_handle_empty_document" class="Hyde\Framework\Testing\Feature\Services\HydeSmartDocsTest" classname="Hyde.Framework.Testing.Feature.Services.HydeSmartDocsTest" file="/home/runner/work/develop/develop/packages/framework/tests/Feature/Services/HydeSmartDocsTest.php" line="45" assertions="2" time="0.025316"/>
        <testcase name="test_create_helper_creates_new_instance_and_processes_it" class="Hyde\Framework\Testing\Feature\Services\HydeSmartDocsTest" classname="Hyde.Framework.Testing.Feature.Services.HydeSmartDocsTest" file="/home/runner/work/develop/develop/packages/framework/tests/Feature/Services/HydeSmartDocsTest.php" line="53" assertions="2" time="0.025968"/>
        <testcase name="test_instance_can_be_constructed_directly_with_same_result_as_facade" class="Hyde\Framework\Testing\Feature\Services\HydeSmartDocsTest" classname="Hyde.Framework.Testing.Feature.Services.HydeSmartDocsTest" file="/home/runner/work/develop/develop/packages/framework/tests/Feature/Services/HydeSmartDocsTest.php" line="65" assertions="1" time="0.028678"/>
        <testcase name="test_render_header_returns_the_extracted_header" class="Hyde\Framework\Testing\Feature\Services\HydeSmartDocsTest" classname="Hyde.Framework.Testing.Feature.Services.HydeSmartDocsTest" file="/home/runner/work/develop/develop/packages/framework/tests/Feature/Services/HydeSmartDocsTest.php" line="77" assertions="1" time="0.026493"/>
        <testcase name="test_render_header_returns_the_extracted_header_with_varying_newlines" class="Hyde\Framework\Testing\Feature\Services\HydeSmartDocsTest" classname="Hyde.Framework.Testing.Feature.Services.HydeSmartDocsTest" file="/home/runner/work/develop/develop/packages/framework/tests/Feature/Services/HydeSmartDocsTest.php" line="85" assertions="3" time="0.034331"/>
        <testcase name="test_render_body_returns_the_extracted_body" class="Hyde\Framework\Testing\Feature\Services\HydeSmartDocsTest" classname="Hyde.Framework.Testing.Feature.Services.HydeSmartDocsTest" file="/home/runner/work/develop/develop/packages/framework/tests/Feature/Services/HydeSmartDocsTest.php" line="101" assertions="1" time="0.026568"/>
        <testcase name="test_render_body_returns_the_extracted_body_with_varying_newlines" class="Hyde\Framework\Testing\Feature\Services\HydeSmartDocsTest" classname="Hyde.Framework.Testing.Feature.Services.HydeSmartDocsTest" file="/home/runner/work/develop/develop/packages/framework/tests/Feature/Services/HydeSmartDocsTest.php" line="109" assertions="3" time="0.033993"/>
        <testcase name="test_render_footer_is_empty_by_default" class="Hyde\Framework\Testing\Feature\Services\HydeSmartDocsTest" classname="Hyde.Framework.Testing.Feature.Services.HydeSmartDocsTest" file="/home/runner/work/develop/develop/packages/framework/tests/Feature/Services/HydeSmartDocsTest.php" line="125" assertions="1" time="0.026330"/>
        <testcase name="test_add_dynamic_header_content_adds_source_link_when_conditions_are_met" class="Hyde\Framework\Testing\Feature\Services\HydeSmartDocsTest" classname="Hyde.Framework.Testing.Feature.Services.HydeSmartDocsTest" file="/home/runner/work/develop/develop/packages/framework/tests/Feature/Services/HydeSmartDocsTest.php" line="133" assertions="1" time="0.027332"/>
        <testcase name="test_edit_source_link_is_added_to_footer_when_conditions_are_met" class="Hyde\Framework\Testing\Feature\Services\HydeSmartDocsTest" classname="Hyde.Framework.Testing.Feature.Services.HydeSmartDocsTest" file="/home/runner/work/develop/develop/packages/framework/tests/Feature/Services/HydeSmartDocsTest.php" line="143" assertions="1" time="0.026676"/>
        <testcase name="test_edit_source_link_can_be_added_to_both_header_and_footer" class="Hyde\Framework\Testing\Feature\Services\HydeSmartDocsTest" classname="Hyde.Framework.Testing.Feature.Services.HydeSmartDocsTest" file="/home/runner/work/develop/develop/packages/framework/tests/Feature/Services/HydeSmartDocsTest.php" line="153" assertions="2" time="0.040956"/>
        <testcase name="test_edit_source_link_text_can_be_customized_in_header" class="Hyde\Framework\Testing\Feature\Services\HydeSmartDocsTest" classname="Hyde.Framework.Testing.Feature.Services.HydeSmartDocsTest" file="/home/runner/work/develop/develop/packages/framework/tests/Feature/Services/HydeSmartDocsTest.php" line="169" assertions="1" time="0.027136"/>
        <testcase name="test_edit_source_link_text_can_be_customized_in_footer" class="Hyde\Framework\Testing\Feature\Services\HydeSmartDocsTest" classname="Hyde.Framework.Testing.Feature.Services.HydeSmartDocsTest" file="/home/runner/work/develop/develop/packages/framework/tests/Feature/Services/HydeSmartDocsTest.php" line="180" assertions="1" time="0.027058"/>
        <testcase name="test_add_dynamic_footer_content_adds_torchlight_attribution_when_conditions_are_met" class="Hyde\Framework\Testing\Feature\Services\HydeSmartDocsTest" classname="Hyde.Framework.Testing.Feature.Services.HydeSmartDocsTest" file="/home/runner/work/develop/develop/packages/framework/tests/Feature/Services/HydeSmartDocsTest.php" line="191" assertions="1" time="0.027853"/>
        <testcase name="test_the_documentation_article_view" class="Hyde\Framework\Testing\Feature\Services\HydeSmartDocsTest" classname="Hyde.Framework.Testing.Feature.Services.HydeSmartDocsTest" file="/home/runner/work/develop/develop/packages/framework/tests/Feature/Services/HydeSmartDocsTest.php" line="201" assertions="2" time="0.027020"/>
      </testsuite>
      <testsuite name="Hyde\Framework\Testing\Feature\Services\Markdown\CodeblockFilepathProcessorTest" file="/home/runner/work/develop/develop/packages/framework/tests/Feature/Services/Markdown/CodeblockFilepathProcessorTest.php" tests="11" assertions="26" errors="0" warnings="0" failures="0" skipped="0" time="0.234727">
        <testcase name="test_preprocess_expands_filepath" class="Hyde\Framework\Testing\Feature\Services\Markdown\CodeblockFilepathProcessorTest" classname="Hyde.Framework.Testing.Feature.Services.Markdown.CodeblockFilepathProcessorTest" file="/home/runner/work/develop/develop/packages/framework/tests/Feature/Services/Markdown/CodeblockFilepathProcessorTest.php" line="15" assertions="1" time="0.020431"/>
        <testcase name="test_preprocess_accepts_multiple_filepath_formats" class="Hyde\Framework\Testing\Feature\Services\Markdown\CodeblockFilepathProcessorTest" classname="Hyde.Framework.Testing.Feature.Services.Markdown.CodeblockFilepathProcessorTest" file="/home/runner/work/develop/develop/packages/framework/tests/Feature/Services/Markdown/CodeblockFilepathProcessorTest.php" line="23" assertions="8" time="0.021366"/>
        <testcase name="test_filepath_pattern_is_case_insensitive" class="Hyde\Framework\Testing\Feature\Services\Markdown\CodeblockFilepathProcessorTest" classname="Hyde.Framework.Testing.Feature.Services.Markdown.CodeblockFilepathProcessorTest" file="/home/runner/work/develop/develop/packages/framework/tests/Feature/Services/Markdown/CodeblockFilepathProcessorTest.php" line="44" assertions="4" time="0.021124"/>
        <testcase name="test_preprocess_accepts_multiple_languages" class="Hyde\Framework\Testing\Feature\Services\Markdown\CodeblockFilepathProcessorTest" classname="Hyde.Framework.Testing.Feature.Services.Markdown.CodeblockFilepathProcessorTest" file="/home/runner/work/develop/develop/packages/framework/tests/Feature/Services/Markdown/CodeblockFilepathProcessorTest.php" line="61" assertions="6" time="0.021541"/>
        <testcase name="test_preprocess_accepts_multiple_input_blocks" class="Hyde\Framework\Testing\Feature\Services\Markdown\CodeblockFilepathProcessorTest" classname="Hyde.Framework.Testing.Feature.Services.Markdown.CodeblockFilepathProcessorTest" file="/home/runner/work/develop/develop/packages/framework/tests/Feature/Services/Markdown/CodeblockFilepathProcessorTest.php" line="81" assertions="1" time="0.021022"/>
        <testcase name="test_preprocess_accepts_multi_line_codeblocks" class="Hyde\Framework\Testing\Feature\Services\Markdown\CodeblockFilepathProcessorTest" classname="Hyde.Framework.Testing.Feature.Services.Markdown.CodeblockFilepathProcessorTest" file="/home/runner/work/develop/develop/packages/framework/tests/Feature/Services/Markdown/CodeblockFilepathProcessorTest.php" line="112" assertions="1" time="0.021465"/>
        <testcase name="test_space_after_filepath_is_optional" class="Hyde\Framework\Testing\Feature\Services\Markdown\CodeblockFilepathProcessorTest" classname="Hyde.Framework.Testing.Feature.Services.Markdown.CodeblockFilepathProcessorTest" file="/home/runner/work/develop/develop/packages/framework/tests/Feature/Services/Markdown/CodeblockFilepathProcessorTest.php" line="137" assertions="1" time="0.021036"/>
        <testcase name="test_processor_expands_filepath_directive_in_standard_codeblock" class="Hyde\Framework\Testing\Feature\Services\Markdown\CodeblockFilepathProcessorTest" classname="Hyde.Framework.Testing.Feature.Services.Markdown.CodeblockFilepathProcessorTest" file="/home/runner/work/develop/develop/packages/framework/tests/Feature/Services/Markdown/CodeblockFilepathProcessorTest.php" line="160" assertions="1" time="0.021949"/>
        <testcase name="test_processor_expands_filepath_directive_in_torchlight_codeblock" class="Hyde\Framework\Testing\Feature\Services\Markdown\CodeblockFilepathProcessorTest" classname="Hyde.Framework.Testing.Feature.Services.Markdown.CodeblockFilepathProcessorTest" file="/home/runner/work/develop/develop/packages/framework/tests/Feature/Services/Markdown/CodeblockFilepathProcessorTest.php" line="174" assertions="1" time="0.021472"/>
        <testcase name="test_processor_escapes_html_by_default" class="Hyde\Framework\Testing\Feature\Services\Markdown\CodeblockFilepathProcessorTest" classname="Hyde.Framework.Testing.Feature.Services.Markdown.CodeblockFilepathProcessorTest" file="/home/runner/work/develop/develop/packages/framework/tests/Feature/Services/Markdown/CodeblockFilepathProcessorTest.php" line="188" assertions="1" time="0.021486"/>
        <testcase name="test_processor_does_not_escape_html_if_configured" class="Hyde\Framework\Testing\Feature\Services\Markdown\CodeblockFilepathProcessorTest" classname="Hyde.Framework.Testing.Feature.Services.Markdown.CodeblockFilepathProcessorTest" file="/home/runner/work/develop/develop/packages/framework/tests/Feature/Services/Markdown/CodeblockFilepathProcessorTest.php" line="203" assertions="1" time="0.021834"/>
      </testsuite>
      <testsuite name="Hyde\Framework\Testing\Feature\Services\Markdown\ShortcodeProcessorTest" file="/home/runner/work/develop/develop/packages/framework/tests/Feature/Services/Markdown/ShortcodeProcessorTest.php" tests="5" assertions="7" errors="0" warnings="0" failures="0" skipped="0" time="0.106135">
        <testcase name="test_constructor_discovers_default_shortcodes" class="Hyde\Framework\Testing\Feature\Services\Markdown\ShortcodeProcessorTest" classname="Hyde.Framework.Testing.Feature.Services.Markdown.ShortcodeProcessorTest" file="/home/runner/work/develop/develop/packages/framework/tests/Feature/Services/Markdown/ShortcodeProcessorTest.php" line="16" assertions="2" time="0.020261"/>
        <testcase name="test_discovered_shortcodes_are_used_to_process_input" class="Hyde\Framework\Testing\Feature\Services\Markdown\ShortcodeProcessorTest" classname="Hyde.Framework.Testing.Feature.Services.Markdown.ShortcodeProcessorTest" file="/home/runner/work/develop/develop/packages/framework/tests/Feature/Services/Markdown/ShortcodeProcessorTest.php" line="24" assertions="1" time="0.021869"/>
        <testcase name="test_string_without_shortcode_is_not_modified" class="Hyde\Framework\Testing\Feature\Services\Markdown\ShortcodeProcessorTest" classname="Hyde.Framework.Testing.Feature.Services.Markdown.ShortcodeProcessorTest" file="/home/runner/work/develop/develop/packages/framework/tests/Feature/Services/Markdown/ShortcodeProcessorTest.php" line="32" assertions="1" time="0.021445"/>
        <testcase name="test_process_static_shorthand" class="Hyde\Framework\Testing\Feature\Services\Markdown\ShortcodeProcessorTest" classname="Hyde.Framework.Testing.Feature.Services.Markdown.ShortcodeProcessorTest" file="/home/runner/work/develop/develop/packages/framework/tests/Feature/Services/Markdown/ShortcodeProcessorTest.php" line="39" assertions="1" time="0.021813"/>
        <testcase name="test_shortcodes_can_be_added_to_processor" class="Hyde\Framework\Testing\Feature\Services\Markdown\ShortcodeProcessorTest" classname="Hyde.Framework.Testing.Feature.Services.Markdown.ShortcodeProcessorTest" file="/home/runner/work/develop/develop/packages/framework/tests/Feature/Services/Markdown/ShortcodeProcessorTest.php" line="45" assertions="2" time="0.020746"/>
      </testsuite>
      <testsuite name="Hyde\Framework\Testing\Feature\Services\RssFeedServiceTest" file="/home/runner/work/develop/develop/packages/framework/tests/Feature/Services/RssFeedServiceTest.php" tests="12" assertions="35" errors="0" warnings="0" failures="0" skipped="0" time="0.291149">
        <testcase name="test_service_instantiates_xml_element" class="Hyde\Framework\Testing\Feature\Services\RssFeedServiceTest" classname="Hyde.Framework.Testing.Feature.Services.RssFeedServiceTest" file="/home/runner/work/develop/develop/packages/framework/tests/Feature/Services/RssFeedServiceTest.php" line="18" assertions="1" time="0.020666"/>
        <testcase name="test_xml_root_element_is_set_to_rss_2_0" class="Hyde\Framework\Testing\Feature\Services\RssFeedServiceTest" classname="Hyde.Framework.Testing.Feature.Services.RssFeedServiceTest" file="/home/runner/work/develop/develop/packages/framework/tests/Feature/Services/RssFeedServiceTest.php" line="24" assertions="2" time="0.021322"/>
        <testcase name="test_xml_element_has_channel_element" class="Hyde\Framework\Testing\Feature\Services\RssFeedServiceTest" classname="Hyde.Framework.Testing.Feature.Services.RssFeedServiceTest" file="/home/runner/work/develop/develop/packages/framework/tests/Feature/Services/RssFeedServiceTest.php" line="31" assertions="1" time="0.021317"/>
        <testcase name="test_xml_channel_element_has_required_elements" class="Hyde\Framework\Testing\Feature\Services\RssFeedServiceTest" classname="Hyde.Framework.Testing.Feature.Services.RssFeedServiceTest" file="/home/runner/work/develop/develop/packages/framework/tests/Feature/Services/RssFeedServiceTest.php" line="37" assertions="6" time="0.021280"/>
        <testcase name="test_xml_channel_element_has_additional_elements" class="Hyde\Framework\Testing\Feature\Services\RssFeedServiceTest" classname="Hyde.Framework.Testing.Feature.Services.RssFeedServiceTest" file="/home/runner/work/develop/develop/packages/framework/tests/Feature/Services/RssFeedServiceTest.php" line="52" assertions="6" time="0.021179"/>
        <testcase name="test_xml_channel_data_can_be_customized" class="Hyde\Framework\Testing\Feature\Services\RssFeedServiceTest" classname="Hyde.Framework.Testing.Feature.Services.RssFeedServiceTest" file="/home/runner/work/develop/develop/packages/framework/tests/Feature/Services/RssFeedServiceTest.php" line="67" assertions="3" time="0.021230"/>
        <testcase name="test_markdown_blog_posts_are_added_to_rss_feed_through_autodiscovery" class="Hyde\Framework\Testing\Feature\Services\RssFeedServiceTest" classname="Hyde.Framework.Testing.Feature.Services.RssFeedServiceTest" file="/home/runner/work/develop/develop/packages/framework/tests/Feature/Services/RssFeedServiceTest.php" line="79" assertions="11" time="0.030737"/>
        <testcase name="test_get_xml_method_returns_xml_string" class="Hyde\Framework\Testing\Feature\Services\RssFeedServiceTest" classname="Hyde.Framework.Testing.Feature.Services.RssFeedServiceTest" file="/home/runner/work/develop/develop/packages/framework/tests/Feature/Services/RssFeedServiceTest.php" line="122" assertions="1" time="0.021763"/>
        <testcase name="test_generate_feed_helper_returns_xml_string" class="Hyde\Framework\Testing\Feature\Services\RssFeedServiceTest" classname="Hyde.Framework.Testing.Feature.Services.RssFeedServiceTest" file="/home/runner/work/develop/develop/packages/framework/tests/Feature/Services/RssFeedServiceTest.php" line="128" assertions="1" time="0.026621"/>
        <testcase name="test_can_generate_feed_helper_returns_true_if_hyde_has_base_url" class="Hyde\Framework\Testing\Feature\Services\RssFeedServiceTest" classname="Hyde.Framework.Testing.Feature.Services.RssFeedServiceTest" file="/home/runner/work/develop/develop/packages/framework/tests/Feature/Services/RssFeedServiceTest.php" line="133" assertions="1" time="0.042067"/>
        <testcase name="test_can_generate_feed_helper_returns_false_if_hyde_does_not_have_base_url" class="Hyde\Framework\Testing\Feature\Services\RssFeedServiceTest" classname="Hyde.Framework.Testing.Feature.Services.RssFeedServiceTest" file="/home/runner/work/develop/develop/packages/framework/tests/Feature/Services/RssFeedServiceTest.php" line="140" assertions="1" time="0.021807"/>
        <testcase name="test_can_generate_feed_helper_returns_false_if_feeds_are_disabled_in_config" class="Hyde\Framework\Testing\Feature\Services\RssFeedServiceTest" classname="Hyde.Framework.Testing.Feature.Services.RssFeedServiceTest" file="/home/runner/work/develop/develop/packages/framework/tests/Feature/Services/RssFeedServiceTest.php" line="147" assertions="1" time="0.021159"/>
      </testsuite>
      <testsuite name="Hyde\Framework\Testing\Feature\Services\SitemapServiceTest" file="/home/runner/work/develop/develop/packages/framework/tests/Feature/Services/SitemapServiceTest.php" tests="10" assertions="19" errors="0" warnings="0" failures="0" skipped="0" time="0.292220">
        <testcase name="test_service_instantiates_xml_element" class="Hyde\Framework\Testing\Feature\Services\SitemapServiceTest" classname="Hyde.Framework.Testing.Feature.Services.SitemapServiceTest" file="/home/runner/work/develop/develop/packages/framework/tests/Feature/Services/SitemapServiceTest.php" line="28" assertions="1" time="0.021166"/>
        <testcase name="test_generate_adds_default_pages_to_xml" class="Hyde\Framework\Testing\Feature\Services\SitemapServiceTest" classname="Hyde.Framework.Testing.Feature.Services.SitemapServiceTest" file="/home/runner/work/develop/develop/packages/framework/tests/Feature/Services/SitemapServiceTest.php" line="34" assertions="1" time="0.027805"/>
        <testcase name="test_generate_adds_markdown_pages_to_xml" class="Hyde\Framework\Testing\Feature\Services\SitemapServiceTest" classname="Hyde.Framework.Testing.Feature.Services.SitemapServiceTest" file="/home/runner/work/develop/develop/packages/framework/tests/Feature/Services/SitemapServiceTest.php" line="43" assertions="1" time="0.029062"/>
        <testcase name="test_generate_adds_markdown_posts_to_xml" class="Hyde\Framework\Testing\Feature\Services\SitemapServiceTest" classname="Hyde.Framework.Testing.Feature.Services.SitemapServiceTest" file="/home/runner/work/develop/develop/packages/framework/tests/Feature/Services/SitemapServiceTest.php" line="55" assertions="1" time="0.029424"/>
        <testcase name="test_generate_adds_documentation_pages_to_xml" class="Hyde\Framework\Testing\Feature\Services\SitemapServiceTest" classname="Hyde.Framework.Testing.Feature.Services.SitemapServiceTest" file="/home/runner/work/develop/develop/packages/framework/tests/Feature/Services/SitemapServiceTest.php" line="67" assertions="1" time="0.032274"/>
        <testcase name="test_get_xml_returns_xml_string" class="Hyde\Framework\Testing\Feature\Services\SitemapServiceTest" classname="Hyde.Framework.Testing.Feature.Services.SitemapServiceTest" file="/home/runner/work/develop/develop/packages/framework/tests/Feature/Services/SitemapServiceTest.php" line="79" assertions="2" time="0.027723"/>
        <testcase name="test_generate_sitemap_shorthand_method_returns_xml_string" class="Hyde\Framework\Testing\Feature\Services\SitemapServiceTest" classname="Hyde.Framework.Testing.Feature.Services.SitemapServiceTest" file="/home/runner/work/develop/develop/packages/framework/tests/Feature/Services/SitemapServiceTest.php" line="89" assertions="2" time="0.027708"/>
        <testcase name="test_url_item_is_generated_correctly" class="Hyde\Framework\Testing\Feature\Services\SitemapServiceTest" classname="Hyde.Framework.Testing.Feature.Services.SitemapServiceTest" file="/home/runner/work/develop/develop/packages/framework/tests/Feature/Services/SitemapServiceTest.php" line="97" assertions="3" time="0.029094"/>
        <testcase name="test_url_item_is_generated_with_pretty_urls_if_enabled" class="Hyde\Framework\Testing\Feature\Services\SitemapServiceTest" classname="Hyde.Framework.Testing.Feature.Services.SitemapServiceTest" file="/home/runner/work/develop/develop/packages/framework/tests/Feature/Services/SitemapServiceTest.php" line="114" assertions="1" time="0.032031"/>
        <testcase name="test_all_route_types_are_discovered" class="Hyde\Framework\Testing\Feature\Services\SitemapServiceTest" classname="Hyde.Framework.Testing.Feature.Services.SitemapServiceTest" file="/home/runner/work/develop/develop/packages/framework/tests/Feature/Services/SitemapServiceTest.php" line="129" assertions="6" time="0.035934"/>
      </testsuite>
      <testsuite name="Hyde\Framework\Testing\Feature\Services\ValidationServiceTest" file="/home/runner/work/develop/develop/packages/framework/tests/Feature/Services/ValidationServiceTest.php" tests="24" assertions="64" errors="0" warnings="0" failures="0" skipped="0" time="0.559412">
        <testcase name="test_checks_returns_an_array_of_validation_check_methods" class="Hyde\Framework\Testing\Feature\Services\ValidationServiceTest" classname="Hyde.Framework.Testing.Feature.Services.ValidationServiceTest" file="/home/runner/work/develop/develop/packages/framework/tests/Feature/Services/ValidationServiceTest.php" line="39" assertions="17" time="0.020643"/>
        <testcase name="test_check_validators_can_run" class="Hyde\Framework\Testing\Feature\Services\ValidationServiceTest" classname="Hyde.Framework.Testing.Feature.Services.ValidationServiceTest" file="/home/runner/work/develop/develop/packages/framework/tests/Feature/Services/ValidationServiceTest.php" line="51" assertions="2" time="0.021143"/>
        <testcase name="test_check_site_has_a_404_page_can_pass" class="Hyde\Framework\Testing\Feature\Services\ValidationServiceTest" classname="Hyde.Framework.Testing.Feature.Services.ValidationServiceTest" file="/home/runner/work/develop/develop/packages/framework/tests/Feature/Services/ValidationServiceTest.php" line="56" assertions="2" time="0.021127"/>
        <testcase name="test_check_site_has_a_404_page_can_fail" class="Hyde\Framework\Testing\Feature\Services\ValidationServiceTest" classname="Hyde.Framework.Testing.Feature.Services.ValidationServiceTest" file="/home/runner/work/develop/develop/packages/framework/tests/Feature/Services/ValidationServiceTest.php" line="61" assertions="2" time="0.021234"/>
        <testcase name="test_check_documentation_site_has_an_index_page_can_pass" class="Hyde\Framework\Testing\Feature\Services\ValidationServiceTest" classname="Hyde.Framework.Testing.Feature.Services.ValidationServiceTest" file="/home/runner/work/develop/develop/packages/framework/tests/Feature/Services/ValidationServiceTest.php" line="68" assertions="2" time="0.028384"/>
        <testcase name="test_check_documentation_site_has_an_index_page_can_pass_with_warning_when_only_finding_readme" class="Hyde\Framework\Testing\Feature\Services\ValidationServiceTest" classname="Hyde.Framework.Testing.Feature.Services.ValidationServiceTest" file="/home/runner/work/develop/develop/packages/framework/tests/Feature/Services/ValidationServiceTest.php" line="75" assertions="3" time="0.032207"/>
        <testcase name="test_check_documentation_site_has_an_index_page_can_fail" class="Hyde\Framework\Testing\Feature\Services\ValidationServiceTest" classname="Hyde.Framework.Testing.Feature.Services.ValidationServiceTest" file="/home/runner/work/develop/develop/packages/framework/tests/Feature/Services/ValidationServiceTest.php" line="84" assertions="2" time="0.028201"/>
        <testcase name="test_check_documentation_site_has_an_index_page_be_skipped" class="Hyde\Framework\Testing\Feature\Services\ValidationServiceTest" classname="Hyde.Framework.Testing.Feature.Services.ValidationServiceTest" file="/home/runner/work/develop/develop/packages/framework/tests/Feature/Services/ValidationServiceTest.php" line="91" assertions="2" time="0.026760"/>
        <testcase name="test_check_site_has_an_index_page_can_pass" class="Hyde\Framework\Testing\Feature\Services\ValidationServiceTest" classname="Hyde.Framework.Testing.Feature.Services.ValidationServiceTest" file="/home/runner/work/develop/develop/packages/framework/tests/Feature/Services/ValidationServiceTest.php" line="96" assertions="2" time="0.020961"/>
        <testcase name="test_check_site_has_an_index_page_can_fail" class="Hyde\Framework\Testing\Feature\Services\ValidationServiceTest" classname="Hyde.Framework.Testing.Feature.Services.ValidationServiceTest" file="/home/runner/work/develop/develop/packages/framework/tests/Feature/Services/ValidationServiceTest.php" line="101" assertions="2" time="0.021045"/>
        <testcase name="test_check_site_has_an_app_css_stylesheet_can_pass" class="Hyde\Framework\Testing\Feature\Services\ValidationServiceTest" classname="Hyde.Framework.Testing.Feature.Services.ValidationServiceTest" file="/home/runner/work/develop/develop/packages/framework/tests/Feature/Services/ValidationServiceTest.php" line="108" assertions="2" time="0.021125"/>
        <testcase name="test_check_site_has_an_app_css_stylesheet_can_fail" class="Hyde\Framework\Testing\Feature\Services\ValidationServiceTest" classname="Hyde.Framework.Testing.Feature.Services.ValidationServiceTest" file="/home/runner/work/develop/develop/packages/framework/tests/Feature/Services/ValidationServiceTest.php" line="113" assertions="2" time="0.021267"/>
        <testcase name="test_check_site_has_a_base_url_set_can_pass" class="Hyde\Framework\Testing\Feature\Services\ValidationServiceTest" classname="Hyde.Framework.Testing.Feature.Services.ValidationServiceTest" file="/home/runner/work/develop/develop/packages/framework/tests/Feature/Services/ValidationServiceTest.php" line="120" assertions="2" time="0.021007"/>
        <testcase name="test_check_site_has_a_base_url_set_can_fail" class="Hyde\Framework\Testing\Feature\Services\ValidationServiceTest" classname="Hyde.Framework.Testing.Feature.Services.ValidationServiceTest" file="/home/runner/work/develop/develop/packages/framework/tests/Feature/Services/ValidationServiceTest.php" line="126" assertions="2" time="0.020891"/>
        <testcase name="test_check_a_torchlight_api_token_is_set_can_skip" class="Hyde\Framework\Testing\Feature\Services\ValidationServiceTest" classname="Hyde.Framework.Testing.Feature.Services.ValidationServiceTest" file="/home/runner/work/develop/develop/packages/framework/tests/Feature/Services/ValidationServiceTest.php" line="132" assertions="2" time="0.020967"/>
        <testcase name="test_check_a_torchlight_api_token_is_set_can_pass" class="Hyde\Framework\Testing\Feature\Services\ValidationServiceTest" classname="Hyde.Framework.Testing.Feature.Services.ValidationServiceTest" file="/home/runner/work/develop/develop/packages/framework/tests/Feature/Services/ValidationServiceTest.php" line="138" assertions="2" time="0.020870"/>
        <testcase name="test_check_a_torchlight_api_token_is_set_can_fail" class="Hyde\Framework\Testing\Feature\Services\ValidationServiceTest" classname="Hyde.Framework.Testing.Feature.Services.ValidationServiceTest" file="/home/runner/work/develop/develop/packages/framework/tests/Feature/Services/ValidationServiceTest.php" line="144" assertions="2" time="0.020960"/>
        <testcase name="test_check_for_conflicts_between_blade_and_markdown_pages_can_pass" class="Hyde\Framework\Testing\Feature\Services\ValidationServiceTest" classname="Hyde.Framework.Testing.Feature.Services.ValidationServiceTest" file="/home/runner/work/develop/develop/packages/framework/tests/Feature/Services/ValidationServiceTest.php" line="150" assertions="2" time="0.026589"/>
        <testcase name="test_check_for_conflicts_between_blade_and_markdown_pages_can_fail" class="Hyde\Framework\Testing\Feature\Services\ValidationServiceTest" classname="Hyde.Framework.Testing.Feature.Services.ValidationServiceTest" file="/home/runner/work/develop/develop/packages/framework/tests/Feature/Services/ValidationServiceTest.php" line="155" assertions="2" time="0.027877"/>
        <testcase name="test_validation_result_message_returns_message" class="Hyde\Framework\Testing\Feature\Services\ValidationServiceTest" classname="Hyde.Framework.Testing.Feature.Services.ValidationServiceTest" file="/home/runner/work/develop/develop/packages/framework/tests/Feature/Services/ValidationServiceTest.php" line="164" assertions="1" time="0.020859"/>
        <testcase name="test_validation_result_passed_returns_true_when_passed_is_true" class="Hyde\Framework\Testing\Feature\Services\ValidationServiceTest" classname="Hyde.Framework.Testing.Feature.Services.ValidationServiceTest" file="/home/runner/work/develop/develop/packages/framework/tests/Feature/Services/ValidationServiceTest.php" line="171" assertions="2" time="0.020618"/>
        <testcase name="test_validation_result_failed_returns_true_when_passed_is_false" class="Hyde\Framework\Testing\Feature\Services\ValidationServiceTest" classname="Hyde.Framework.Testing.Feature.Services.ValidationServiceTest" file="/home/runner/work/develop/develop/packages/framework/tests/Feature/Services/ValidationServiceTest.php" line="180" assertions="2" time="0.020633"/>
        <testcase name="test_validation_result_skipped_returns_true_when_skipped_is_true" class="Hyde\Framework\Testing\Feature\Services\ValidationServiceTest" classname="Hyde.Framework.Testing.Feature.Services.ValidationServiceTest" file="/home/runner/work/develop/develop/packages/framework/tests/Feature/Services/ValidationServiceTest.php" line="189" assertions="3" time="0.032937"/>
        <testcase name="test_validation_result_tip_returns_message_when_set" class="Hyde\Framework\Testing\Feature\Services\ValidationServiceTest" classname="Hyde.Framework.Testing.Feature.Services.ValidationServiceTest" file="/home/runner/work/develop/develop/packages/framework/tests/Feature/Services/ValidationServiceTest.php" line="199" assertions="2" time="0.021107"/>
      </testsuite>
      <testsuite name="Hyde\Framework\Testing\Feature\SiteTest" file="/home/runner/work/develop/develop/packages/framework/tests/Feature/SiteTest.php" tests="7" assertions="15" errors="0" warnings="0" failures="0" skipped="0" time="0.154446">
        <testcase name="testUrl" class="Hyde\Framework\Testing\Feature\SiteTest" classname="Hyde.Framework.Testing.Feature.SiteTest" file="/home/runner/work/develop/develop/packages/framework/tests/Feature/SiteTest.php" line="17" assertions="3" time="0.021514"/>
        <testcase name="testName" class="Hyde\Framework\Testing\Feature\SiteTest" classname="Hyde.Framework.Testing.Feature.SiteTest" file="/home/runner/work/develop/develop/packages/framework/tests/Feature/SiteTest.php" line="28" assertions="3" time="0.022068"/>
        <testcase name="testLanguage" class="Hyde\Framework\Testing\Feature\SiteTest" classname="Hyde.Framework.Testing.Feature.SiteTest" file="/home/runner/work/develop/develop/packages/framework/tests/Feature/SiteTest.php" line="39" assertions="3" time="0.020912"/>
        <testcase name="testMetadata" class="Hyde\Framework\Testing\Feature\SiteTest" classname="Hyde.Framework.Testing.Feature.SiteTest" file="/home/runner/work/develop/develop/packages/framework/tests/Feature/SiteTest.php" line="50" assertions="1" time="0.027620"/>
        <testcase name="testPath" class="Hyde\Framework\Testing\Feature\SiteTest" classname="Hyde.Framework.Testing.Feature.SiteTest" file="/home/runner/work/develop/develop/packages/framework/tests/Feature/SiteTest.php" line="55" assertions="2" time="0.020996"/>
        <testcase name="testGetOutputDirectory" class="Hyde\Framework\Testing\Feature\SiteTest" classname="Hyde.Framework.Testing.Feature.SiteTest" file="/home/runner/work/develop/develop/packages/framework/tests/Feature/SiteTest.php" line="61" assertions="1" time="0.020627"/>
        <testcase name="testSetOutputDirectory" class="Hyde\Framework\Testing\Feature\SiteTest" classname="Hyde.Framework.Testing.Feature.SiteTest" file="/home/runner/work/develop/develop/packages/framework/tests/Feature/SiteTest.php" line="66" assertions="2" time="0.020710"/>
      </testsuite>
      <testsuite name="Hyde\Framework\Testing\Feature\SourceDirectoriesCanBeChangedTest" file="/home/runner/work/develop/develop/packages/framework/tests/Feature/SourceDirectoriesCanBeChangedTest.php" tests="6" assertions="18" errors="0" warnings="0" failures="0" skipped="0" time="0.145109">
        <testcase name="test_baselines" class="Hyde\Framework\Testing\Feature\SourceDirectoriesCanBeChangedTest" classname="Hyde.Framework.Testing.Feature.SourceDirectoriesCanBeChangedTest" file="/home/runner/work/develop/develop/packages/framework/tests/Feature/SourceDirectoriesCanBeChangedTest.php" line="21" assertions="5" time="0.021195"/>
        <testcase name="test_source_directories_can_be_changed_programmatically" class="Hyde\Framework\Testing\Feature\SourceDirectoriesCanBeChangedTest" classname="Hyde.Framework.Testing.Feature.SourceDirectoriesCanBeChangedTest" file="/home/runner/work/develop/develop/packages/framework/tests/Feature/SourceDirectoriesCanBeChangedTest.php" line="30" assertions="5" time="0.020637"/>
        <testcase name="test_source_directories_can_be_changed_in_config" class="Hyde\Framework\Testing\Feature\SourceDirectoriesCanBeChangedTest" classname="Hyde.Framework.Testing.Feature.SourceDirectoriesCanBeChangedTest" file="/home/runner/work/develop/develop/packages/framework/tests/Feature/SourceDirectoriesCanBeChangedTest.php" line="45" assertions="5" time="0.022626"/>
        <testcase name="test_build_service_recognizes_changed_directory" class="Hyde\Framework\Testing\Feature\SourceDirectoriesCanBeChangedTest" classname="Hyde.Framework.Testing.Feature.SourceDirectoriesCanBeChangedTest" file="/home/runner/work/develop/develop/packages/framework/tests/Feature/SourceDirectoriesCanBeChangedTest.php" line="64" assertions="1" time="0.021407"/>
        <testcase name="test_autodiscovery_discovers_posts_in_custom_directory" class="Hyde\Framework\Testing\Feature\SourceDirectoriesCanBeChangedTest" classname="Hyde.Framework.Testing.Feature.SourceDirectoriesCanBeChangedTest" file="/home/runner/work/develop/develop/packages/framework/tests/Feature/SourceDirectoriesCanBeChangedTest.php" line="74" assertions="1" time="0.029337"/>
        <testcase name="test_autodiscovery_discovers_posts_in_custom_subdirectory" class="Hyde\Framework\Testing\Feature\SourceDirectoriesCanBeChangedTest" classname="Hyde.Framework.Testing.Feature.SourceDirectoriesCanBeChangedTest" file="/home/runner/work/develop/develop/packages/framework/tests/Feature/SourceDirectoriesCanBeChangedTest.php" line="87" assertions="1" time="0.029907"/>
      </testsuite>
      <testsuite name="Hyde\Framework\Testing\Feature\SourceFileParserTest" file="/home/runner/work/develop/develop/packages/framework/tests/Feature/SourceFileParserTest.php" tests="8" assertions="20" errors="0" warnings="0" failures="0" skipped="0" time="0.186437">
        <testcase name="test_blade_page_parser" class="Hyde\Framework\Testing\Feature\SourceFileParserTest" classname="Hyde.Framework.Testing.Feature.SourceFileParserTest" file="/home/runner/work/develop/develop/packages/framework/tests/Feature/SourceFileParserTest.php" line="20" assertions="2" time="0.022131"/>
        <testcase name="test_markdown_page_parser" class="Hyde\Framework\Testing\Feature\SourceFileParserTest" classname="Hyde.Framework.Testing.Feature.SourceFileParserTest" file="/home/runner/work/develop/develop/packages/framework/tests/Feature/SourceFileParserTest.php" line="30" assertions="4" time="0.023158"/>
        <testcase name="test_markdown_post_parser" class="Hyde\Framework\Testing\Feature\SourceFileParserTest" classname="Hyde.Framework.Testing.Feature.SourceFileParserTest" file="/home/runner/work/develop/develop/packages/framework/tests/Feature/SourceFileParserTest.php" line="42" assertions="4" time="0.025953"/>
        <testcase name="test_documentation_page_parser" class="Hyde\Framework\Testing\Feature\SourceFileParserTest" classname="Hyde.Framework.Testing.Feature.SourceFileParserTest" file="/home/runner/work/develop/develop/packages/framework/tests/Feature/SourceFileParserTest.php" line="54" assertions="4" time="0.023564"/>
        <testcase name="test_html_page_parser" class="Hyde\Framework\Testing\Feature\SourceFileParserTest" classname="Hyde.Framework.Testing.Feature.SourceFileParserTest" file="/home/runner/work/develop/develop/packages/framework/tests/Feature/SourceFileParserTest.php" line="66" assertions="3" time="0.022860"/>
        <testcase name="test_parsed_page_is_run_through_dynamic_constructor" class="Hyde\Framework\Testing\Feature\SourceFileParserTest" classname="Hyde.Framework.Testing.Feature.SourceFileParserTest" file="/home/runner/work/develop/develop/packages/framework/tests/Feature/SourceFileParserTest.php" line="77" assertions="1" time="0.022951"/>
        <testcase name="test_blade_page_data_is_parsed_to_front_matter" class="Hyde\Framework\Testing\Feature\SourceFileParserTest" classname="Hyde.Framework.Testing.Feature.SourceFileParserTest" file="/home/runner/work/develop/develop/packages/framework/tests/Feature/SourceFileParserTest.php" line="84" assertions="1" time="0.022915"/>
        <testcase name="test_blade_page_matter_is_used_for_the_page_title" class="Hyde\Framework\Testing\Feature\SourceFileParserTest" classname="Hyde.Framework.Testing.Feature.SourceFileParserTest" file="/home/runner/work/develop/develop/packages/framework/tests/Feature/SourceFileParserTest.php" line="91" assertions="1" time="0.022904"/>
      </testsuite>
      <testsuite name="Hyde\Framework\Testing\Feature\StaticPageBuilderTest" file="/home/runner/work/develop/develop/packages/framework/tests/Feature/StaticPageBuilderTest.php" tests="9" assertions="69" errors="0" warnings="0" failures="0" skipped="0" time="0.345212">
        <testcase name="test_can_build_blade_page" class="Hyde\Framework\Testing\Feature\StaticPageBuilderTest" classname="Hyde.Framework.Testing.Feature.StaticPageBuilderTest" file="/home/runner/work/develop/develop/packages/framework/tests/Feature/StaticPageBuilderTest.php" line="54" assertions="3" time="0.030301"/>
        <testcase name="test_can_build_markdown_post" class="Hyde\Framework\Testing\Feature\StaticPageBuilderTest" classname="Hyde.Framework.Testing.Feature.StaticPageBuilderTest" file="/home/runner/work/develop/develop/packages/framework/tests/Feature/StaticPageBuilderTest.php" line="69" assertions="10" time="0.038875"/>
        <testcase name="test_can_build_markdown_page" class="Hyde\Framework\Testing\Feature\StaticPageBuilderTest" classname="Hyde.Framework.Testing.Feature.StaticPageBuilderTest" file="/home/runner/work/develop/develop/packages/framework/tests/Feature/StaticPageBuilderTest.php" line="82" assertions="10" time="0.037493"/>
        <testcase name="test_can_build_documentation_page" class="Hyde\Framework\Testing\Feature\StaticPageBuilderTest" classname="Hyde.Framework.Testing.Feature.StaticPageBuilderTest" file="/home/runner/work/develop/develop/packages/framework/tests/Feature/StaticPageBuilderTest.php" line="93" assertions="10" time="0.042616"/>
        <testcase name="test_can_build_html_page" class="Hyde\Framework\Testing\Feature\StaticPageBuilderTest" classname="Hyde.Framework.Testing.Feature.StaticPageBuilderTest" file="/home/runner/work/develop/develop/packages/framework/tests/Feature/StaticPageBuilderTest.php" line="103" assertions="3" time="0.042906"/>
        <testcase name="test_can_build_nested_html_page" class="Hyde\Framework\Testing\Feature\StaticPageBuilderTest" classname="Hyde.Framework.Testing.Feature.StaticPageBuilderTest" file="/home/runner/work/develop/develop/packages/framework/tests/Feature/StaticPageBuilderTest.php" line="115" assertions="3" time="0.030873"/>
        <testcase name="test_creates_custom_documentation_directory" class="Hyde\Framework\Testing\Feature\StaticPageBuilderTest" classname="Hyde.Framework.Testing.Feature.StaticPageBuilderTest" file="/home/runner/work/develop/develop/packages/framework/tests/Feature/StaticPageBuilderTest.php" line="131" assertions="10" time="0.042420"/>
        <testcase name="test_site_directory_can_be_customized" class="Hyde\Framework\Testing\Feature\StaticPageBuilderTest" classname="Hyde.Framework.Testing.Feature.StaticPageBuilderTest" file="/home/runner/work/develop/develop/packages/framework/tests/Feature/StaticPageBuilderTest.php" line="145" assertions="10" time="0.037780"/>
        <testcase name="test_site_directory_can_be_customized_with_nested_pages" class="Hyde\Framework\Testing\Feature\StaticPageBuilderTest" classname="Hyde.Framework.Testing.Feature.StaticPageBuilderTest" file="/home/runner/work/develop/develop/packages/framework/tests/Feature/StaticPageBuilderTest.php" line="157" assertions="10" time="0.041951"/>
      </testsuite>
      <testsuite name="Hyde\Framework\Testing\Feature\StaticSiteBuilderPostModuleTest" file="/home/runner/work/develop/develop/packages/framework/tests/Feature/StaticSiteBuilderPostModuleTest.php" tests="7" assertions="38" errors="0" warnings="0" failures="0" skipped="0" time="0.283543">
        <testcase name="test_can_create_post" class="Hyde\Framework\Testing\Feature\StaticSiteBuilderPostModuleTest" classname="Hyde.Framework.Testing.Feature.StaticSiteBuilderPostModuleTest" file="/home/runner/work/develop/develop/packages/framework/tests/Feature/StaticSiteBuilderPostModuleTest.php" line="57" assertions="1" time="0.039305"/>
        <testcase name="test_post_contains_expected_content" class="Hyde\Framework\Testing\Feature\StaticSiteBuilderPostModuleTest" classname="Hyde.Framework.Testing.Feature.StaticSiteBuilderPostModuleTest" file="/home/runner/work/develop/develop/packages/framework/tests/Feature/StaticSiteBuilderPostModuleTest.php" line="66" assertions="6" time="0.040285"/>
        <testcase name="test_post_contains_expected_elements" class="Hyde\Framework\Testing\Feature\StaticSiteBuilderPostModuleTest" classname="Hyde.Framework.Testing.Feature.StaticSiteBuilderPostModuleTest" file="/home/runner/work/develop/develop/packages/framework/tests/Feature/StaticSiteBuilderPostModuleTest.php" line="78" assertions="11" time="0.040437"/>
        <testcase name="test_post_contains_expected_meta_tags" class="Hyde\Framework\Testing\Feature\StaticSiteBuilderPostModuleTest" classname="Hyde.Framework.Testing.Feature.StaticSiteBuilderPostModuleTest" file="/home/runner/work/develop/develop/packages/framework/tests/Feature/StaticSiteBuilderPostModuleTest.php" line="95" assertions="6" time="0.041215"/>
        <testcase name="test_post_contains_expected_itemprops" class="Hyde\Framework\Testing\Feature\StaticSiteBuilderPostModuleTest" classname="Hyde.Framework.Testing.Feature.StaticSiteBuilderPostModuleTest" file="/home/runner/work/develop/develop/packages/framework/tests/Feature/StaticSiteBuilderPostModuleTest.php" line="107" assertions="8" time="0.040165"/>
        <testcase name="test_post_contains_expected_aria_support" class="Hyde\Framework\Testing\Feature\StaticSiteBuilderPostModuleTest" classname="Hyde.Framework.Testing.Feature.StaticSiteBuilderPostModuleTest" file="/home/runner/work/develop/develop/packages/framework/tests/Feature/StaticSiteBuilderPostModuleTest.php" line="121" assertions="3" time="0.039895"/>
        <testcase name="test_post_image_is_resolved_relatively" class="Hyde\Framework\Testing\Feature\StaticSiteBuilderPostModuleTest" classname="Hyde.Framework.Testing.Feature.StaticSiteBuilderPostModuleTest" file="/home/runner/work/develop/develop/packages/framework/tests/Feature/StaticSiteBuilderPostModuleTest.php" line="130" assertions="3" time="0.042242"/>
      </testsuite>
      <testsuite name="Hyde\Framework\Testing\Feature\StaticSiteServiceTest" file="/home/runner/work/develop/develop/packages/framework/tests/Feature/StaticSiteServiceTest.php" tests="18" assertions="64" errors="0" warnings="0" failures="0" skipped="0" time="0.949856">
        <testcase name="test_build_command_contains_expected_output" class="Hyde\Framework\Testing\Feature\StaticSiteServiceTest" classname="Hyde.Framework.Testing.Feature.StaticSiteServiceTest" file="/home/runner/work/develop/develop/packages/framework/tests/Feature/StaticSiteServiceTest.php" line="32" assertions="4" time="0.044301"/>
        <testcase name="test_build_command_creates_html_files" class="Hyde\Framework\Testing\Feature\StaticSiteServiceTest" classname="Hyde.Framework.Testing.Feature.StaticSiteServiceTest" file="/home/runner/work/develop/develop/packages/framework/tests/Feature/StaticSiteServiceTest.php" line="41" assertions="3" time="0.058566"/>
        <testcase name="test_build_command_transfers_media_asset_files" class="Hyde\Framework\Testing\Feature\StaticSiteServiceTest" classname="Hyde.Framework.Testing.Feature.StaticSiteServiceTest" file="/home/runner/work/develop/develop/packages/framework/tests/Feature/StaticSiteServiceTest.php" line="52" assertions="3" time="0.043359"/>
        <testcase name="test_build_command_transfers_media_asset_files_recursively" class="Hyde\Framework\Testing\Feature\StaticSiteServiceTest" classname="Hyde.Framework.Testing.Feature.StaticSiteServiceTest" file="/home/runner/work/develop/develop/packages/framework/tests/Feature/StaticSiteServiceTest.php" line="61" assertions="4" time="0.043780"/>
        <testcase name="test_all_page_types_can_be_compiled" class="Hyde\Framework\Testing\Feature\StaticSiteServiceTest" classname="Hyde.Framework.Testing.Feature.StaticSiteServiceTest" file="/home/runner/work/develop/develop/packages/framework/tests/Feature/StaticSiteServiceTest.php" line="70" assertions="12" time="0.130387"/>
        <testcase name="test_only_progress_bars_for_types_with_pages_are_shown" class="Hyde\Framework\Testing\Feature\StaticSiteServiceTest" classname="Hyde.Framework.Testing.Feature.StaticSiteServiceTest" file="/home/runner/work/develop/develop/packages/framework/tests/Feature/StaticSiteServiceTest.php" line="100" assertions="9" time="0.062587"/>
        <testcase name="test_print_initial_information_allows_api_to_be_disabled" class="Hyde\Framework\Testing\Feature\StaticSiteServiceTest" classname="Hyde.Framework.Testing.Feature.StaticSiteServiceTest" file="/home/runner/work/develop/develop/packages/framework/tests/Feature/StaticSiteServiceTest.php" line="120" assertions="2" time="0.043506"/>
        <testcase name="test_node_action_outputs" class="Hyde\Framework\Testing\Feature\StaticSiteServiceTest" classname="Hyde.Framework.Testing.Feature.StaticSiteServiceTest" file="/home/runner/work/develop/develop/packages/framework/tests/Feature/StaticSiteServiceTest.php" line="127" assertions="4" time="0.047393"/>
        <testcase name="test_pretty_urls_option_output" class="Hyde\Framework\Testing\Feature\StaticSiteServiceTest" classname="Hyde.Framework.Testing.Feature.StaticSiteServiceTest" file="/home/runner/work/develop/develop/packages/framework/tests/Feature/StaticSiteServiceTest.php" line="136" assertions="2" time="0.043138"/>
        <testcase name="test_sitemap_is_not_generated_when_conditions_are_not_met" class="Hyde\Framework\Testing\Feature\StaticSiteServiceTest" classname="Hyde.Framework.Testing.Feature.StaticSiteServiceTest" file="/home/runner/work/develop/develop/packages/framework/tests/Feature/StaticSiteServiceTest.php" line="143" assertions="2" time="0.040495"/>
        <testcase name="test_sitemap_is_generated_when_conditions_are_met" class="Hyde\Framework\Testing\Feature\StaticSiteServiceTest" classname="Hyde.Framework.Testing.Feature.StaticSiteServiceTest" file="/home/runner/work/develop/develop/packages/framework/tests/Feature/StaticSiteServiceTest.php" line="153" assertions="1" time="0.041850"/>
        <testcase name="test_rss_feed_is_not_generated_when_conditions_are_not_met" class="Hyde\Framework\Testing\Feature\StaticSiteServiceTest" classname="Hyde.Framework.Testing.Feature.StaticSiteServiceTest" file="/home/runner/work/develop/develop/packages/framework/tests/Feature/StaticSiteServiceTest.php" line="164" assertions="2" time="0.040668"/>
        <testcase name="test_rss_feed_is_generated_when_conditions_are_met" class="Hyde\Framework\Testing\Feature\StaticSiteServiceTest" classname="Hyde.Framework.Testing.Feature.StaticSiteServiceTest" file="/home/runner/work/develop/develop/packages/framework/tests/Feature/StaticSiteServiceTest.php" line="174" assertions="1" time="0.057893"/>
        <testcase name="test_does_not_generate_search_files_when_conditions_are_not_met" class="Hyde\Framework\Testing\Feature\StaticSiteServiceTest" classname="Hyde.Framework.Testing.Feature.StaticSiteServiceTest" file="/home/runner/work/develop/develop/packages/framework/tests/Feature/StaticSiteServiceTest.php" line="189" assertions="3" time="0.043339"/>
        <testcase name="test_generates_search_files_when_conditions_are_met" class="Hyde\Framework\Testing\Feature\StaticSiteServiceTest" classname="Hyde.Framework.Testing.Feature.StaticSiteServiceTest" file="/home/runner/work/develop/develop/packages/framework/tests/Feature/StaticSiteServiceTest.php" line="197" assertions="1" time="0.078855"/>
        <testcase name="test_site_directory_is_emptied_before_build" class="Hyde\Framework\Testing\Feature\StaticSiteServiceTest" classname="Hyde.Framework.Testing.Feature.StaticSiteServiceTest" file="/home/runner/work/develop/develop/packages/framework/tests/Feature/StaticSiteServiceTest.php" line="209" assertions="3" time="0.043465"/>
        <testcase name="test_output_directory_is_not_emptied_if_disabled_in_config" class="Hyde\Framework\Testing\Feature\StaticSiteServiceTest" classname="Hyde.Framework.Testing.Feature.StaticSiteServiceTest" file="/home/runner/work/develop/develop/packages/framework/tests/Feature/StaticSiteServiceTest.php" line="218" assertions="3" time="0.042767"/>
        <testcase name="test_aborts_when_non_standard_directory_is_emptied" class="Hyde\Framework\Testing\Feature\StaticSiteServiceTest" classname="Hyde.Framework.Testing.Feature.StaticSiteServiceTest" file="/home/runner/work/develop/develop/packages/framework/tests/Feature/StaticSiteServiceTest.php" line="231" assertions="5" time="0.043507"/>
      </testsuite>
      <testsuite name="Hyde\Framework\Testing\Feature\Support\MediaFileTest" file="/home/runner/work/develop/develop/packages/framework/tests/Feature/Support/MediaFileTest.php" tests="20" assertions="27" errors="0" warnings="0" failures="0" skipped="0" time="0.640247">
        <testcase name="test_can_construct" class="Hyde\Framework\Testing\Feature\Support\MediaFileTest" classname="Hyde.Framework.Testing.Feature.Support.MediaFileTest" file="/home/runner/work/develop/develop/packages/framework/tests/Feature/Support/MediaFileTest.php" line="17" assertions="2" time="0.034934"/>
        <testcase name="test_can_construct_with_nested_paths" class="Hyde\Framework\Testing\Feature\Support\MediaFileTest" classname="Hyde.Framework.Testing.Feature.Support.MediaFileTest" file="/home/runner/work/develop/develop/packages/framework/tests/Feature/Support/MediaFileTest.php" line="29" assertions="1" time="0.021647"/>
        <testcase name="test_absolute_path_is_normalized_to_relative" class="Hyde\Framework\Testing\Feature\Support\MediaFileTest" classname="Hyde.Framework.Testing.Feature.Support.MediaFileTest" file="/home/runner/work/develop/develop/packages/framework/tests/Feature/Support/MediaFileTest.php" line="34" assertions="1" time="0.021260"/>
        <testcase name="test_get_name_returns_name_of_file" class="Hyde\Framework\Testing\Feature\Support\MediaFileTest" classname="Hyde.Framework.Testing.Feature.Support.MediaFileTest" file="/home/runner/work/develop/develop/packages/framework/tests/Feature/Support/MediaFileTest.php" line="39" assertions="2" time="0.021248"/>
        <testcase name="test_get_path_returns_path_of_file" class="Hyde\Framework\Testing\Feature\Support\MediaFileTest" classname="Hyde.Framework.Testing.Feature.Support.MediaFileTest" file="/home/runner/work/develop/develop/packages/framework/tests/Feature/Support/MediaFileTest.php" line="45" assertions="2" time="0.021088"/>
        <testcase name="test_get_absolute_path_returns_absolute_path_of_file" class="Hyde\Framework\Testing\Feature\Support\MediaFileTest" classname="Hyde.Framework.Testing.Feature.Support.MediaFileTest" file="/home/runner/work/develop/develop/packages/framework/tests/Feature/Support/MediaFileTest.php" line="51" assertions="2" time="0.020983"/>
        <testcase name="test_get_contents_returns_contents_of_file" class="Hyde\Framework\Testing\Feature\Support\MediaFileTest" classname="Hyde.Framework.Testing.Feature.Support.MediaFileTest" file="/home/runner/work/develop/develop/packages/framework/tests/Feature/Support/MediaFileTest.php" line="57" assertions="1" time="0.021525"/>
        <testcase name="test_get_extension_returns_extension_of_file" class="Hyde\Framework\Testing\Feature\Support\MediaFileTest" classname="Hyde.Framework.Testing.Feature.Support.MediaFileTest" file="/home/runner/work/develop/develop/packages/framework/tests/Feature/Support/MediaFileTest.php" line="63" assertions="2" time="0.022034"/>
        <testcase name="test_to_array_returns_array_of_file_properties" class="Hyde\Framework\Testing\Feature\Support\MediaFileTest" classname="Hyde.Framework.Testing.Feature.Support.MediaFileTest" file="/home/runner/work/develop/develop/packages/framework/tests/Feature/Support/MediaFileTest.php" line="72" assertions="1" time="0.021609"/>
        <testcase name="test_to_array_with_empty_file_with_no_extension" class="Hyde\Framework\Testing\Feature\Support\MediaFileTest" classname="Hyde.Framework.Testing.Feature.Support.MediaFileTest" file="/home/runner/work/develop/develop/packages/framework/tests/Feature/Support/MediaFileTest.php" line="84" assertions="1" time="0.215662"/>
        <testcase name="test_to_array_with_file_in_subdirectory" class="Hyde\Framework\Testing\Feature\Support\MediaFileTest" classname="Hyde.Framework.Testing.Feature.Support.MediaFileTest" file="/home/runner/work/develop/develop/packages/framework/tests/Feature/Support/MediaFileTest.php" line="95" assertions="1" time="0.022133"/>
        <testcase name="test_getContentLength" class="Hyde\Framework\Testing\Feature\Support\MediaFileTest" classname="Hyde.Framework.Testing.Feature.Support.MediaFileTest" file="/home/runner/work/develop/develop/packages/framework/tests/Feature/Support/MediaFileTest.php" line="109" assertions="1" time="0.021796"/>
        <testcase name="test_getContentLength_with_empty_file" class="Hyde\Framework\Testing\Feature\Support\MediaFileTest" classname="Hyde.Framework.Testing.Feature.Support.MediaFileTest" file="/home/runner/work/develop/develop/packages/framework/tests/Feature/Support/MediaFileTest.php" line="115" assertions="1" time="0.023007"/>
        <testcase name="test_getContentLength_with_directory" class="Hyde\Framework\Testing\Feature\Support\MediaFileTest" classname="Hyde.Framework.Testing.Feature.Support.MediaFileTest" file="/home/runner/work/develop/develop/packages/framework/tests/Feature/Support/MediaFileTest.php" line="121" assertions="2" time="0.021845"/>
        <testcase name="test_getContentLength_with_non_existent_file" class="Hyde\Framework\Testing\Feature\Support\MediaFileTest" classname="Hyde.Framework.Testing.Feature.Support.MediaFileTest" file="/home/runner/work/develop/develop/packages/framework/tests/Feature/Support/MediaFileTest.php" line="130" assertions="2" time="0.021069"/>
        <testcase name="test_getMimeType" class="Hyde\Framework\Testing\Feature\Support\MediaFileTest" classname="Hyde.Framework.Testing.Feature.Support.MediaFileTest" file="/home/runner/work/develop/develop/packages/framework/tests/Feature/Support/MediaFileTest.php" line="137" assertions="1" time="0.021379"/>
        <testcase name="test_getMimeType_without_extension" class="Hyde\Framework\Testing\Feature\Support\MediaFileTest" classname="Hyde.Framework.Testing.Feature.Support.MediaFileTest" file="/home/runner/work/develop/develop/packages/framework/tests/Feature/Support/MediaFileTest.php" line="143" assertions="1" time="0.022528"/>
        <testcase name="test_getMimeType_with_empty_file" class="Hyde\Framework\Testing\Feature\Support\MediaFileTest" classname="Hyde.Framework.Testing.Feature.Support.MediaFileTest" file="/home/runner/work/develop/develop/packages/framework/tests/Feature/Support/MediaFileTest.php" line="149" assertions="1" time="0.021683"/>
        <testcase name="test_getMimeType_with_directory" class="Hyde\Framework\Testing\Feature\Support\MediaFileTest" classname="Hyde.Framework.Testing.Feature.Support.MediaFileTest" file="/home/runner/work/develop/develop/packages/framework/tests/Feature/Support/MediaFileTest.php" line="155" assertions="1" time="0.021712"/>
        <testcase name="test_getMimeType_with_non_existent_file" class="Hyde\Framework\Testing\Feature\Support\MediaFileTest" classname="Hyde.Framework.Testing.Feature.Support.MediaFileTest" file="/home/runner/work/develop/develop/packages/framework/tests/Feature/Support/MediaFileTest.php" line="161" assertions="1" time="0.021105"/>
      </testsuite>
      <testsuite name="Hyde\Framework\Testing\Feature\Support\ProjectFileTest" file="/home/runner/work/develop/develop/packages/framework/tests/Feature/Support/ProjectFileTest.php" tests="11" assertions="16" errors="0" warnings="0" failures="0" skipped="0" time="0.232395">
        <testcase name="test_can_construct" class="Hyde\Framework\Testing\Feature\Support\ProjectFileTest" classname="Hyde.Framework.Testing.Feature.Support.ProjectFileTest" file="/home/runner/work/develop/develop/packages/framework/tests/Feature/Support/ProjectFileTest.php" line="16" assertions="2" time="0.020209"/>
        <testcase name="test_can_construct_with_nested_paths" class="Hyde\Framework\Testing\Feature\Support\ProjectFileTest" classname="Hyde.Framework.Testing.Feature.Support.ProjectFileTest" file="/home/runner/work/develop/develop/packages/framework/tests/Feature/Support/ProjectFileTest.php" line="28" assertions="1" time="0.020800"/>
        <testcase name="test_absolute_path_is_normalized_to_relative" class="Hyde\Framework\Testing\Feature\Support\ProjectFileTest" classname="Hyde.Framework.Testing.Feature.Support.ProjectFileTest" file="/home/runner/work/develop/develop/packages/framework/tests/Feature/Support/ProjectFileTest.php" line="33" assertions="1" time="0.020707"/>
        <testcase name="test_get_name_returns_name_of_file" class="Hyde\Framework\Testing\Feature\Support\ProjectFileTest" classname="Hyde.Framework.Testing.Feature.Support.ProjectFileTest" file="/home/runner/work/develop/develop/packages/framework/tests/Feature/Support/ProjectFileTest.php" line="38" assertions="2" time="0.020744"/>
        <testcase name="test_get_path_returns_path_of_file" class="Hyde\Framework\Testing\Feature\Support\ProjectFileTest" classname="Hyde.Framework.Testing.Feature.Support.ProjectFileTest" file="/home/runner/work/develop/develop/packages/framework/tests/Feature/Support/ProjectFileTest.php" line="44" assertions="2" time="0.020809"/>
        <testcase name="test_get_absolute_path_returns_absolute_path_of_file" class="Hyde\Framework\Testing\Feature\Support\ProjectFileTest" classname="Hyde.Framework.Testing.Feature.Support.ProjectFileTest" file="/home/runner/work/develop/develop/packages/framework/tests/Feature/Support/ProjectFileTest.php" line="50" assertions="2" time="0.021178"/>
        <testcase name="test_get_contents_returns_contents_of_file" class="Hyde\Framework\Testing\Feature\Support\ProjectFileTest" classname="Hyde.Framework.Testing.Feature.Support.ProjectFileTest" file="/home/runner/work/develop/develop/packages/framework/tests/Feature/Support/ProjectFileTest.php" line="56" assertions="1" time="0.021601"/>
        <testcase name="test_get_extension_returns_extension_of_file" class="Hyde\Framework\Testing\Feature\Support\ProjectFileTest" classname="Hyde.Framework.Testing.Feature.Support.ProjectFileTest" file="/home/runner/work/develop/develop/packages/framework/tests/Feature/Support/ProjectFileTest.php" line="62" assertions="2" time="0.022105"/>
        <testcase name="test_to_array_returns_array_of_file_properties" class="Hyde\Framework\Testing\Feature\Support\ProjectFileTest" classname="Hyde.Framework.Testing.Feature.Support.ProjectFileTest" file="/home/runner/work/develop/develop/packages/framework/tests/Feature/Support/ProjectFileTest.php" line="71" assertions="1" time="0.021530"/>
        <testcase name="test_to_array_with_empty_file_with_no_extension" class="Hyde\Framework\Testing\Feature\Support\ProjectFileTest" classname="Hyde.Framework.Testing.Feature.Support.ProjectFileTest" file="/home/runner/work/develop/develop/packages/framework/tests/Feature/Support/ProjectFileTest.php" line="81" assertions="1" time="0.021397"/>
        <testcase name="test_to_array_with_file_in_subdirectory" class="Hyde\Framework\Testing\Feature\Support\ProjectFileTest" classname="Hyde.Framework.Testing.Feature.Support.ProjectFileTest" file="/home/runner/work/develop/develop/packages/framework/tests/Feature/Support/ProjectFileTest.php" line="90" assertions="1" time="0.021315"/>
      </testsuite>
      <testsuite name="Hyde\Framework\Testing\Feature\Support\SourceFileTest" file="/home/runner/work/develop/develop/packages/framework/tests/Feature/Support/SourceFileTest.php" tests="14" assertions="23" errors="0" warnings="0" failures="0" skipped="0" time="0.308861">
        <testcase name="test_can_construct" class="Hyde\Framework\Testing\Feature\Support\SourceFileTest" classname="Hyde.Framework.Testing.Feature.Support.SourceFileTest" file="/home/runner/work/develop/develop/packages/framework/tests/Feature/Support/SourceFileTest.php" line="18" assertions="3" time="0.020543"/>
        <testcase name="test_can_construct_with_model_class" class="Hyde\Framework\Testing\Feature\Support\SourceFileTest" classname="Hyde.Framework.Testing.Feature.Support.SourceFileTest" file="/home/runner/work/develop/develop/packages/framework/tests/Feature/Support/SourceFileTest.php" line="27" assertions="3" time="0.020802"/>
        <testcase name="test_can_make_with_model_class" class="Hyde\Framework\Testing\Feature\Support\SourceFileTest" classname="Hyde.Framework.Testing.Feature.Support.SourceFileTest" file="/home/runner/work/develop/develop/packages/framework/tests/Feature/Support/SourceFileTest.php" line="41" assertions="1" time="0.020780"/>
        <testcase name="test_can_construct_with_nested_paths" class="Hyde\Framework\Testing\Feature\Support\SourceFileTest" classname="Hyde.Framework.Testing.Feature.Support.SourceFileTest" file="/home/runner/work/develop/develop/packages/framework/tests/Feature/Support/SourceFileTest.php" line="47" assertions="1" time="0.020809"/>
        <testcase name="test_absolute_path_is_normalized_to_relative" class="Hyde\Framework\Testing\Feature\Support\SourceFileTest" classname="Hyde.Framework.Testing.Feature.Support.SourceFileTest" file="/home/runner/work/develop/develop/packages/framework/tests/Feature/Support/SourceFileTest.php" line="52" assertions="1" time="0.020997"/>
        <testcase name="test_get_name_returns_name_of_file" class="Hyde\Framework\Testing\Feature\Support\SourceFileTest" classname="Hyde.Framework.Testing.Feature.Support.SourceFileTest" file="/home/runner/work/develop/develop/packages/framework/tests/Feature/Support/SourceFileTest.php" line="57" assertions="2" time="0.020846"/>
        <testcase name="test_get_path_returns_path_of_file" class="Hyde\Framework\Testing\Feature\Support\SourceFileTest" classname="Hyde.Framework.Testing.Feature.Support.SourceFileTest" file="/home/runner/work/develop/develop/packages/framework/tests/Feature/Support/SourceFileTest.php" line="63" assertions="2" time="0.034383"/>
        <testcase name="test_get_absolute_path_returns_absolute_path_of_file" class="Hyde\Framework\Testing\Feature\Support\SourceFileTest" classname="Hyde.Framework.Testing.Feature.Support.SourceFileTest" file="/home/runner/work/develop/develop/packages/framework/tests/Feature/Support/SourceFileTest.php" line="69" assertions="2" time="0.021163"/>
        <testcase name="test_get_contents_returns_contents_of_file" class="Hyde\Framework\Testing\Feature\Support\SourceFileTest" classname="Hyde.Framework.Testing.Feature.Support.SourceFileTest" file="/home/runner/work/develop/develop/packages/framework/tests/Feature/Support/SourceFileTest.php" line="75" assertions="1" time="0.021609"/>
        <testcase name="test_get_extension_returns_extension_of_file" class="Hyde\Framework\Testing\Feature\Support\SourceFileTest" classname="Hyde.Framework.Testing.Feature.Support.SourceFileTest" file="/home/runner/work/develop/develop/packages/framework/tests/Feature/Support/SourceFileTest.php" line="81" assertions="2" time="0.022120"/>
        <testcase name="test_to_array_returns_array_of_file_properties" class="Hyde\Framework\Testing\Feature\Support\SourceFileTest" classname="Hyde.Framework.Testing.Feature.Support.SourceFileTest" file="/home/runner/work/develop/develop/packages/framework/tests/Feature/Support/SourceFileTest.php" line="90" assertions="1" time="0.021558"/>
        <testcase name="test_to_array_with_empty_file_with_no_extension" class="Hyde\Framework\Testing\Feature\Support\SourceFileTest" classname="Hyde.Framework.Testing.Feature.Support.SourceFileTest" file="/home/runner/work/develop/develop/packages/framework/tests/Feature/Support/SourceFileTest.php" line="101" assertions="1" time="0.021291"/>
        <testcase name="test_to_array_with_file_in_subdirectory" class="Hyde\Framework\Testing\Feature\Support\SourceFileTest" classname="Hyde.Framework.Testing.Feature.Support.SourceFileTest" file="/home/runner/work/develop/develop/packages/framework/tests/Feature/Support/SourceFileTest.php" line="111" assertions="1" time="0.021106"/>
        <testcase name="test_without_directory_prefix_retains_subdirectories" class="Hyde\Framework\Testing\Feature\Support\SourceFileTest" classname="Hyde.Framework.Testing.Feature.Support.SourceFileTest" file="/home/runner/work/develop/develop/packages/framework/tests/Feature/Support/SourceFileTest.php" line="124" assertions="2" time="0.020854"/>
      </testsuite>
      <testsuite name="Hyde\Framework\Testing\Feature\TracksExecutionTimeTest" file="/home/runner/work/develop/develop/packages/framework/tests/Feature/TracksExecutionTimeTest.php" tests="4" assertions="11" errors="0" warnings="0" failures="0" skipped="0" time="0.082153">
        <testcase name="test_startClock" class="Hyde\Framework\Testing\Feature\TracksExecutionTimeTest" classname="Hyde.Framework.Testing.Feature.TracksExecutionTimeTest" file="/home/runner/work/develop/develop/packages/framework/tests/Feature/TracksExecutionTimeTest.php" line="15" assertions="4" time="0.020104"/>
        <testcase name="test_stopClock" class="Hyde\Framework\Testing\Feature\TracksExecutionTimeTest" classname="Hyde.Framework.Testing.Feature.TracksExecutionTimeTest" file="/home/runner/work/develop/develop/packages/framework/tests/Feature/TracksExecutionTimeTest.php" line="27" assertions="2" time="0.020707"/>
        <testcase name="test_getExecutionTimeInMs" class="Hyde\Framework\Testing\Feature\TracksExecutionTimeTest" classname="Hyde.Framework.Testing.Feature.TracksExecutionTimeTest" file="/home/runner/work/develop/develop/packages/framework/tests/Feature/TracksExecutionTimeTest.php" line="36" assertions="2" time="0.020627"/>
        <testcase name="test_getExecutionTimeString" class="Hyde\Framework\Testing\Feature\TracksExecutionTimeTest" classname="Hyde.Framework.Testing.Feature.TracksExecutionTimeTest" file="/home/runner/work/develop/develop/packages/framework/tests/Feature/TracksExecutionTimeTest.php" line="45" assertions="3" time="0.020715"/>
      </testsuite>
      <testsuite name="Hyde\Framework\Testing\Feature\TypedConfigFacadeTest" file="/home/runner/work/develop/develop/packages/framework/tests/Feature/TypedConfigFacadeTest.php" tests="50" assertions="50" errors="0" warnings="0" failures="0" skipped="0" time="1.057008">
        <testcase name="testGetArray" class="Hyde\Framework\Testing\Feature\TypedConfigFacadeTest" classname="Hyde.Framework.Testing.Feature.TypedConfigFacadeTest" file="/home/runner/work/develop/develop/packages/framework/tests/Feature/TypedConfigFacadeTest.php" line="18" assertions="1" time="0.020021"/>
        <testcase name="testGetString" class="Hyde\Framework\Testing\Feature\TypedConfigFacadeTest" classname="Hyde.Framework.Testing.Feature.TypedConfigFacadeTest" file="/home/runner/work/develop/develop/packages/framework/tests/Feature/TypedConfigFacadeTest.php" line="23" assertions="1" time="0.020648"/>
        <testcase name="testGetBool" class="Hyde\Framework\Testing\Feature\TypedConfigFacadeTest" classname="Hyde.Framework.Testing.Feature.TypedConfigFacadeTest" file="/home/runner/work/develop/develop/packages/framework/tests/Feature/TypedConfigFacadeTest.php" line="28" assertions="1" time="0.020604"/>
        <testcase name="testGetInt" class="Hyde\Framework\Testing\Feature\TypedConfigFacadeTest" classname="Hyde.Framework.Testing.Feature.TypedConfigFacadeTest" file="/home/runner/work/develop/develop/packages/framework/tests/Feature/TypedConfigFacadeTest.php" line="33" assertions="1" time="0.020991"/>
        <testcase name="testGetFloat" class="Hyde\Framework\Testing\Feature\TypedConfigFacadeTest" classname="Hyde.Framework.Testing.Feature.TypedConfigFacadeTest" file="/home/runner/work/develop/develop/packages/framework/tests/Feature/TypedConfigFacadeTest.php" line="38" assertions="1" time="0.020832"/>
        <testcase name="testGetArrayWithDefaultValue" class="Hyde\Framework\Testing\Feature\TypedConfigFacadeTest" classname="Hyde.Framework.Testing.Feature.TypedConfigFacadeTest" file="/home/runner/work/develop/develop/packages/framework/tests/Feature/TypedConfigFacadeTest.php" line="43" assertions="1" time="0.020798"/>
        <testcase name="testGetStringWithDefaultValue" class="Hyde\Framework\Testing\Feature\TypedConfigFacadeTest" classname="Hyde.Framework.Testing.Feature.TypedConfigFacadeTest" file="/home/runner/work/develop/develop/packages/framework/tests/Feature/TypedConfigFacadeTest.php" line="48" assertions="1" time="0.021116"/>
        <testcase name="testGetBoolWithDefaultValue" class="Hyde\Framework\Testing\Feature\TypedConfigFacadeTest" classname="Hyde.Framework.Testing.Feature.TypedConfigFacadeTest" file="/home/runner/work/develop/develop/packages/framework/tests/Feature/TypedConfigFacadeTest.php" line="53" assertions="1" time="0.020752"/>
        <testcase name="testGetIntWithDefaultValue" class="Hyde\Framework\Testing\Feature\TypedConfigFacadeTest" classname="Hyde.Framework.Testing.Feature.TypedConfigFacadeTest" file="/home/runner/work/develop/develop/packages/framework/tests/Feature/TypedConfigFacadeTest.php" line="58" assertions="1" time="0.020761"/>
        <testcase name="testGetFloatWithDefaultValue" class="Hyde\Framework\Testing\Feature\TypedConfigFacadeTest" classname="Hyde.Framework.Testing.Feature.TypedConfigFacadeTest" file="/home/runner/work/develop/develop/packages/framework/tests/Feature/TypedConfigFacadeTest.php" line="63" assertions="1" time="0.020771"/>
        <testcase name="testGetArrayWithStrictMode" class="Hyde\Framework\Testing\Feature\TypedConfigFacadeTest" classname="Hyde.Framework.Testing.Feature.TypedConfigFacadeTest" file="/home/runner/work/develop/develop/packages/framework/tests/Feature/TypedConfigFacadeTest.php" line="68" assertions="1" time="0.021511"/>
        <testcase name="testGetStringWithStrictMode" class="Hyde\Framework\Testing\Feature\TypedConfigFacadeTest" classname="Hyde.Framework.Testing.Feature.TypedConfigFacadeTest" file="/home/runner/work/develop/develop/packages/framework/tests/Feature/TypedConfigFacadeTest.php" line="73" assertions="1" time="0.020722"/>
        <testcase name="testGetBoolWithStrictMode" class="Hyde\Framework\Testing\Feature\TypedConfigFacadeTest" classname="Hyde.Framework.Testing.Feature.TypedConfigFacadeTest" file="/home/runner/work/develop/develop/packages/framework/tests/Feature/TypedConfigFacadeTest.php" line="78" assertions="1" time="0.020865"/>
        <testcase name="testGetIntWithStrictMode" class="Hyde\Framework\Testing\Feature\TypedConfigFacadeTest" classname="Hyde.Framework.Testing.Feature.TypedConfigFacadeTest" file="/home/runner/work/develop/develop/packages/framework/tests/Feature/TypedConfigFacadeTest.php" line="83" assertions="1" time="0.020871"/>
        <testcase name="testGetFloatWithStrictMode" class="Hyde\Framework\Testing\Feature\TypedConfigFacadeTest" classname="Hyde.Framework.Testing.Feature.TypedConfigFacadeTest" file="/home/runner/work/develop/develop/packages/framework/tests/Feature/TypedConfigFacadeTest.php" line="88" assertions="1" time="0.020757"/>
        <testcase name="testGetArrayWithFailingStrictMode" class="Hyde\Framework\Testing\Feature\TypedConfigFacadeTest" classname="Hyde.Framework.Testing.Feature.TypedConfigFacadeTest" file="/home/runner/work/develop/develop/packages/framework/tests/Feature/TypedConfigFacadeTest.php" line="93" assertions="1" time="0.020730"/>
        <testcase name="testGetStringWithFailingStrictMode" class="Hyde\Framework\Testing\Feature\TypedConfigFacadeTest" classname="Hyde.Framework.Testing.Feature.TypedConfigFacadeTest" file="/home/runner/work/develop/develop/packages/framework/tests/Feature/TypedConfigFacadeTest.php" line="99" assertions="1" time="0.020779"/>
        <testcase name="testGetBoolWithFailingStrictMode" class="Hyde\Framework\Testing\Feature\TypedConfigFacadeTest" classname="Hyde.Framework.Testing.Feature.TypedConfigFacadeTest" file="/home/runner/work/develop/develop/packages/framework/tests/Feature/TypedConfigFacadeTest.php" line="105" assertions="1" time="0.020771"/>
        <testcase name="testGetIntWithFailingStrictMode" class="Hyde\Framework\Testing\Feature\TypedConfigFacadeTest" classname="Hyde.Framework.Testing.Feature.TypedConfigFacadeTest" file="/home/runner/work/develop/develop/packages/framework/tests/Feature/TypedConfigFacadeTest.php" line="111" assertions="1" time="0.020924"/>
        <testcase name="testGetFloatWithFailingStrictMode" class="Hyde\Framework\Testing\Feature\TypedConfigFacadeTest" classname="Hyde.Framework.Testing.Feature.TypedConfigFacadeTest" file="/home/runner/work/develop/develop/packages/framework/tests/Feature/TypedConfigFacadeTest.php" line="117" assertions="1" time="0.020962"/>
        <testcase name="testGetArrayWithArray" class="Hyde\Framework\Testing\Feature\TypedConfigFacadeTest" classname="Hyde.Framework.Testing.Feature.TypedConfigFacadeTest" file="/home/runner/work/develop/develop/packages/framework/tests/Feature/TypedConfigFacadeTest.php" line="123" assertions="1" time="0.020846"/>
        <testcase name="testGetArrayWithNull" class="Hyde\Framework\Testing\Feature\TypedConfigFacadeTest" classname="Hyde.Framework.Testing.Feature.TypedConfigFacadeTest" file="/home/runner/work/develop/develop/packages/framework/tests/Feature/TypedConfigFacadeTest.php" line="128" assertions="1" time="0.020835"/>
        <testcase name="testGetArrayWithString" class="Hyde\Framework\Testing\Feature\TypedConfigFacadeTest" classname="Hyde.Framework.Testing.Feature.TypedConfigFacadeTest" file="/home/runner/work/develop/develop/packages/framework/tests/Feature/TypedConfigFacadeTest.php" line="133" assertions="1" time="0.020931"/>
        <testcase name="testGetArrayWithBool" class="Hyde\Framework\Testing\Feature\TypedConfigFacadeTest" classname="Hyde.Framework.Testing.Feature.TypedConfigFacadeTest" file="/home/runner/work/develop/develop/packages/framework/tests/Feature/TypedConfigFacadeTest.php" line="138" assertions="1" time="0.020929"/>
        <testcase name="testGetArrayWithInt" class="Hyde\Framework\Testing\Feature\TypedConfigFacadeTest" classname="Hyde.Framework.Testing.Feature.TypedConfigFacadeTest" file="/home/runner/work/develop/develop/packages/framework/tests/Feature/TypedConfigFacadeTest.php" line="143" assertions="1" time="0.020967"/>
        <testcase name="testGetArrayWithFloat" class="Hyde\Framework\Testing\Feature\TypedConfigFacadeTest" classname="Hyde.Framework.Testing.Feature.TypedConfigFacadeTest" file="/home/runner/work/develop/develop/packages/framework/tests/Feature/TypedConfigFacadeTest.php" line="148" assertions="1" time="0.034944"/>
        <testcase name="testGetStringWithArray" class="Hyde\Framework\Testing\Feature\TypedConfigFacadeTest" classname="Hyde.Framework.Testing.Feature.TypedConfigFacadeTest" file="/home/runner/work/develop/develop/packages/framework/tests/Feature/TypedConfigFacadeTest.php" line="153" assertions="1" time="0.021594"/>
        <testcase name="testGetStringWithNull" class="Hyde\Framework\Testing\Feature\TypedConfigFacadeTest" classname="Hyde.Framework.Testing.Feature.TypedConfigFacadeTest" file="/home/runner/work/develop/develop/packages/framework/tests/Feature/TypedConfigFacadeTest.php" line="159" assertions="1" time="0.021395"/>
        <testcase name="testGetStringWithString" class="Hyde\Framework\Testing\Feature\TypedConfigFacadeTest" classname="Hyde.Framework.Testing.Feature.TypedConfigFacadeTest" file="/home/runner/work/develop/develop/packages/framework/tests/Feature/TypedConfigFacadeTest.php" line="164" assertions="1" time="0.021093"/>
        <testcase name="testGetStringWithBool" class="Hyde\Framework\Testing\Feature\TypedConfigFacadeTest" classname="Hyde.Framework.Testing.Feature.TypedConfigFacadeTest" file="/home/runner/work/develop/develop/packages/framework/tests/Feature/TypedConfigFacadeTest.php" line="169" assertions="1" time="0.021068"/>
        <testcase name="testGetStringWithInt" class="Hyde\Framework\Testing\Feature\TypedConfigFacadeTest" classname="Hyde.Framework.Testing.Feature.TypedConfigFacadeTest" file="/home/runner/work/develop/develop/packages/framework/tests/Feature/TypedConfigFacadeTest.php" line="174" assertions="1" time="0.020972"/>
        <testcase name="testGetStringWithFloat" class="Hyde\Framework\Testing\Feature\TypedConfigFacadeTest" classname="Hyde.Framework.Testing.Feature.TypedConfigFacadeTest" file="/home/runner/work/develop/develop/packages/framework/tests/Feature/TypedConfigFacadeTest.php" line="179" assertions="1" time="0.020853"/>
        <testcase name="testGetBoolWithArray" class="Hyde\Framework\Testing\Feature\TypedConfigFacadeTest" classname="Hyde.Framework.Testing.Feature.TypedConfigFacadeTest" file="/home/runner/work/develop/develop/packages/framework/tests/Feature/TypedConfigFacadeTest.php" line="184" assertions="1" time="0.020803"/>
        <testcase name="testGetBoolWithNull" class="Hyde\Framework\Testing\Feature\TypedConfigFacadeTest" classname="Hyde.Framework.Testing.Feature.TypedConfigFacadeTest" file="/home/runner/work/develop/develop/packages/framework/tests/Feature/TypedConfigFacadeTest.php" line="189" assertions="1" time="0.021167"/>
        <testcase name="testGetBoolWithString" class="Hyde\Framework\Testing\Feature\TypedConfigFacadeTest" classname="Hyde.Framework.Testing.Feature.TypedConfigFacadeTest" file="/home/runner/work/develop/develop/packages/framework/tests/Feature/TypedConfigFacadeTest.php" line="194" assertions="1" time="0.020726"/>
        <testcase name="testGetBoolWithBool" class="Hyde\Framework\Testing\Feature\TypedConfigFacadeTest" classname="Hyde.Framework.Testing.Feature.TypedConfigFacadeTest" file="/home/runner/work/develop/develop/packages/framework/tests/Feature/TypedConfigFacadeTest.php" line="199" assertions="1" time="0.020623"/>
        <testcase name="testGetBoolWithInt" class="Hyde\Framework\Testing\Feature\TypedConfigFacadeTest" classname="Hyde.Framework.Testing.Feature.TypedConfigFacadeTest" file="/home/runner/work/develop/develop/packages/framework/tests/Feature/TypedConfigFacadeTest.php" line="204" assertions="1" time="0.020653"/>
        <testcase name="testGetBoolWithFloat" class="Hyde\Framework\Testing\Feature\TypedConfigFacadeTest" classname="Hyde.Framework.Testing.Feature.TypedConfigFacadeTest" file="/home/runner/work/develop/develop/packages/framework/tests/Feature/TypedConfigFacadeTest.php" line="209" assertions="1" time="0.020662"/>
        <testcase name="testGetIntWithArray" class="Hyde\Framework\Testing\Feature\TypedConfigFacadeTest" classname="Hyde.Framework.Testing.Feature.TypedConfigFacadeTest" file="/home/runner/work/develop/develop/packages/framework/tests/Feature/TypedConfigFacadeTest.php" line="214" assertions="1" time="0.020685"/>
        <testcase name="testGetIntWithNull" class="Hyde\Framework\Testing\Feature\TypedConfigFacadeTest" classname="Hyde.Framework.Testing.Feature.TypedConfigFacadeTest" file="/home/runner/work/develop/develop/packages/framework/tests/Feature/TypedConfigFacadeTest.php" line="219" assertions="1" time="0.020709"/>
        <testcase name="testGetIntWithString" class="Hyde\Framework\Testing\Feature\TypedConfigFacadeTest" classname="Hyde.Framework.Testing.Feature.TypedConfigFacadeTest" file="/home/runner/work/develop/develop/packages/framework/tests/Feature/TypedConfigFacadeTest.php" line="224" assertions="1" time="0.020687"/>
        <testcase name="testGetIntWithBool" class="Hyde\Framework\Testing\Feature\TypedConfigFacadeTest" classname="Hyde.Framework.Testing.Feature.TypedConfigFacadeTest" file="/home/runner/work/develop/develop/packages/framework/tests/Feature/TypedConfigFacadeTest.php" line="229" assertions="1" time="0.020838"/>
        <testcase name="testGetIntWithInt" class="Hyde\Framework\Testing\Feature\TypedConfigFacadeTest" classname="Hyde.Framework.Testing.Feature.TypedConfigFacadeTest" file="/home/runner/work/develop/develop/packages/framework/tests/Feature/TypedConfigFacadeTest.php" line="234" assertions="1" time="0.020879"/>
        <testcase name="testGetIntWithFloat" class="Hyde\Framework\Testing\Feature\TypedConfigFacadeTest" classname="Hyde.Framework.Testing.Feature.TypedConfigFacadeTest" file="/home/runner/work/develop/develop/packages/framework/tests/Feature/TypedConfigFacadeTest.php" line="239" assertions="1" time="0.020988"/>
        <testcase name="testGetFloatWithArray" class="Hyde\Framework\Testing\Feature\TypedConfigFacadeTest" classname="Hyde.Framework.Testing.Feature.TypedConfigFacadeTest" file="/home/runner/work/develop/develop/packages/framework/tests/Feature/TypedConfigFacadeTest.php" line="244" assertions="1" time="0.020917"/>
        <testcase name="testGetFloatWithNull" class="Hyde\Framework\Testing\Feature\TypedConfigFacadeTest" classname="Hyde.Framework.Testing.Feature.TypedConfigFacadeTest" file="/home/runner/work/develop/develop/packages/framework/tests/Feature/TypedConfigFacadeTest.php" line="249" assertions="1" time="0.020798"/>
        <testcase name="testGetFloatWithString" class="Hyde\Framework\Testing\Feature\TypedConfigFacadeTest" classname="Hyde.Framework.Testing.Feature.TypedConfigFacadeTest" file="/home/runner/work/develop/develop/packages/framework/tests/Feature/TypedConfigFacadeTest.php" line="254" assertions="1" time="0.020807"/>
        <testcase name="testGetFloatWithBool" class="Hyde\Framework\Testing\Feature\TypedConfigFacadeTest" classname="Hyde.Framework.Testing.Feature.TypedConfigFacadeTest" file="/home/runner/work/develop/develop/packages/framework/tests/Feature/TypedConfigFacadeTest.php" line="259" assertions="1" time="0.020827"/>
        <testcase name="testGetFloatWithInt" class="Hyde\Framework\Testing\Feature\TypedConfigFacadeTest" classname="Hyde.Framework.Testing.Feature.TypedConfigFacadeTest" file="/home/runner/work/develop/develop/packages/framework/tests/Feature/TypedConfigFacadeTest.php" line="264" assertions="1" time="0.020762"/>
        <testcase name="testGetFloatWithFloat" class="Hyde\Framework\Testing\Feature\TypedConfigFacadeTest" classname="Hyde.Framework.Testing.Feature.TypedConfigFacadeTest" file="/home/runner/work/develop/develop/packages/framework/tests/Feature/TypedConfigFacadeTest.php" line="269" assertions="1" time="0.020866"/>
      </testsuite>
    </testsuite>
    <testsuite name="UnitFramework" tests="512" assertions="771" errors="0" warnings="0" failures="0" skipped="0" time="12.328624">
      <testsuite name="Hyde\Framework\Testing\Unit\BaseFoundationCollectionTest" file="/home/runner/work/develop/develop/packages/framework/tests/Unit/BaseFoundationCollectionTest.php" tests="2" assertions="5" errors="0" warnings="0" failures="0" skipped="0" time="0.042293">
        <testcase name="test_boot" class="Hyde\Framework\Testing\Unit\BaseFoundationCollectionTest" classname="Hyde.Framework.Testing.Unit.BaseFoundationCollectionTest" file="/home/runner/work/develop/develop/packages/framework/tests/Unit/BaseFoundationCollectionTest.php" line="16" assertions="4" time="0.020356"/>
        <testcase name="test_get_instance" class="Hyde\Framework\Testing\Unit\BaseFoundationCollectionTest" classname="Hyde.Framework.Testing.Unit.BaseFoundationCollectionTest" file="/home/runner/work/develop/develop/packages/framework/tests/Unit/BaseFoundationCollectionTest.php" line="27" assertions="1" time="0.021937"/>
      </testsuite>
      <testsuite name="Hyde\Framework\Testing\Unit\BlogPostFrontMatterIsOptionalTest" file="/home/runner/work/develop/develop/packages/framework/tests/Unit/BlogPostFrontMatterIsOptionalTest.php" tests="2" assertions="2" errors="0" warnings="0" failures="0" skipped="0" time="0.080180">
        <testcase name="test_blog_post_can_be_created_without_front_matter" class="Hyde\Framework\Testing\Unit\BlogPostFrontMatterIsOptionalTest" classname="Hyde.Framework.Testing.Unit.BlogPostFrontMatterIsOptionalTest" file="/home/runner/work/develop/develop/packages/framework/tests/Unit/BlogPostFrontMatterIsOptionalTest.php" line="13" assertions="1" time="0.041772"/>
        <testcase name="test_blog_post_feed_can_be_rendered_when_post_has_no_front_matter" class="Hyde\Framework\Testing\Unit\BlogPostFrontMatterIsOptionalTest" classname="Hyde.Framework.Testing.Unit.BlogPostFrontMatterIsOptionalTest" file="/home/runner/work/develop/develop/packages/framework/tests/Unit/BlogPostFrontMatterIsOptionalTest.php" line="25" assertions="1" time="0.038408"/>
      </testsuite>
      <testsuite name="Hyde\Framework\Testing\Unit\BuildOutputDirectoryCanBeChangedTest" file="/home/runner/work/develop/develop/packages/framework/tests/Unit/BuildOutputDirectoryCanBeChangedTest.php" tests="5" assertions="9" errors="0" warnings="0" failures="0" skipped="0" time="0.217319">
        <testcase name="test_site_output_directory_can_be_changed_for_site_builds" class="Hyde\Framework\Testing\Unit\BuildOutputDirectoryCanBeChangedTest" classname="Hyde.Framework.Testing.Unit.BuildOutputDirectoryCanBeChangedTest" file="/home/runner/work/develop/develop/packages/framework/tests/Unit/BuildOutputDirectoryCanBeChangedTest.php" line="19" assertions="3" time="0.072290"/>
        <testcase name="test_site_output_directory_can_be_changed_in_static_page_builder" class="Hyde\Framework\Testing\Unit\BuildOutputDirectoryCanBeChangedTest" classname="Hyde.Framework.Testing.Unit.BuildOutputDirectoryCanBeChangedTest" file="/home/runner/work/develop/develop/packages/framework/tests/Unit/BuildOutputDirectoryCanBeChangedTest.php" line="34" assertions="1" time="0.040162"/>
        <testcase name="test_output_directory_is_created_if_it_does_not_exist_in_static_page_builder" class="Hyde\Framework\Testing\Unit\BuildOutputDirectoryCanBeChangedTest" classname="Hyde.Framework.Testing.Unit.BuildOutputDirectoryCanBeChangedTest" file="/home/runner/work/develop/develop/packages/framework/tests/Unit/BuildOutputDirectoryCanBeChangedTest.php" line="47" assertions="1" time="0.039907"/>
        <testcase name="test_site_output_directory_can_be_changed_in_configuration" class="Hyde\Framework\Testing\Unit\BuildOutputDirectoryCanBeChangedTest" classname="Hyde.Framework.Testing.Unit.BuildOutputDirectoryCanBeChangedTest" file="/home/runner/work/develop/develop/packages/framework/tests/Unit/BuildOutputDirectoryCanBeChangedTest.php" line="58" assertions="3" time="0.040575"/>
        <testcase name="test_site_output_directory_path_is_normalized_to_trim_trailing_slashes" class="Hyde\Framework\Testing\Unit\BuildOutputDirectoryCanBeChangedTest" classname="Hyde.Framework.Testing.Unit.BuildOutputDirectoryCanBeChangedTest" file="/home/runner/work/develop/develop/packages/framework/tests/Unit/BuildOutputDirectoryCanBeChangedTest.php" line="74" assertions="1" time="0.024386"/>
      </testsuite>
      <testsuite name="Hyde\Framework\Testing\Unit\ConsoleKernelTest" file="/home/runner/work/develop/develop/packages/framework/tests/Unit/ConsoleKernelTest.php" tests="3" assertions="5" errors="0" warnings="0" failures="0" skipped="0" time="0.063409">
        <testcase name="testIsInstantiable" class="Hyde\Framework\Testing\Unit\ConsoleKernelTest" classname="Hyde.Framework.Testing.Unit.ConsoleKernelTest" file="/home/runner/work/develop/develop/packages/framework/tests/Unit/ConsoleKernelTest.php" line="18" assertions="1" time="0.020759"/>
        <testcase name="testClassImplementsKernelInterface" class="Hyde\Framework\Testing\Unit\ConsoleKernelTest" classname="Hyde.Framework.Testing.Unit.ConsoleKernelTest" file="/home/runner/work/develop/develop/packages/framework/tests/Unit/ConsoleKernelTest.php" line="23" assertions="1" time="0.021247"/>
        <testcase name="testBootstrappers" class="Hyde\Framework\Testing\Unit\ConsoleKernelTest" classname="Hyde.Framework.Testing.Unit.ConsoleKernelTest" file="/home/runner/work/develop/develop/packages/framework/tests/Unit/ConsoleKernelTest.php" line="28" assertions="3" time="0.021403"/>
      </testsuite>
      <testsuite name="Hyde\Framework\Testing\Unit\CoreDataObjectTest" file="/home/runner/work/develop/develop/packages/framework/tests/Unit/CoreDataObjectTest.php" tests="2" assertions="2" errors="0" warnings="0" failures="0" skipped="0" time="0.046605">
        <testcase name="testCoreDataObject" class="Hyde\Framework\Testing\Unit\CoreDataObjectTest" classname="Hyde.Framework.Testing.Unit.CoreDataObjectTest" file="/home/runner/work/develop/develop/packages/framework/tests/Unit/CoreDataObjectTest.php" line="16" assertions="1" time="0.021669"/>
        <testcase name="testToArray" class="Hyde\Framework\Testing\Unit\CoreDataObjectTest" classname="Hyde.Framework.Testing.Unit.CoreDataObjectTest" file="/home/runner/work/develop/develop/packages/framework/tests/Unit/CoreDataObjectTest.php" line="25" assertions="1" time="0.024937"/>
      </testsuite>
      <testsuite name="Hyde\Framework\Testing\Unit\DateStringTest" file="/home/runner/work/develop/develop/packages/framework/tests/Unit/DateStringTest.php" tests="6" assertions="6" errors="0" warnings="0" failures="0" skipped="0" time="0.003227">
        <testcase name="test_it_can_parse_date_string" class="Hyde\Framework\Testing\Unit\DateStringTest" classname="Hyde.Framework.Testing.Unit.DateStringTest" file="/home/runner/work/develop/develop/packages/framework/tests/Unit/DateStringTest.php" line="16" assertions="1" time="0.000439"/>
        <testcase name="test_it_can_parse_date_string_into_datetime_object" class="Hyde\Framework\Testing\Unit\DateStringTest" classname="Hyde.Framework.Testing.Unit.DateStringTest" file="/home/runner/work/develop/develop/packages/framework/tests/Unit/DateStringTest.php" line="22" assertions="1" time="0.000576"/>
        <testcase name="test_it_can_format_date_string_into_machine_readable_string" class="Hyde\Framework\Testing\Unit\DateStringTest" classname="Hyde.Framework.Testing.Unit.DateStringTest" file="/home/runner/work/develop/develop/packages/framework/tests/Unit/DateStringTest.php" line="28" assertions="1" time="0.000558"/>
        <testcase name="test_it_can_format_date_string_into_human_readable_string" class="Hyde\Framework\Testing\Unit\DateStringTest" classname="Hyde.Framework.Testing.Unit.DateStringTest" file="/home/runner/work/develop/develop/packages/framework/tests/Unit/DateStringTest.php" line="34" assertions="1" time="0.000554"/>
        <testcase name="test_it_can_format_date_string_into_short_human_readable_string" class="Hyde\Framework\Testing\Unit\DateStringTest" classname="Hyde.Framework.Testing.Unit.DateStringTest" file="/home/runner/work/develop/develop/packages/framework/tests/Unit/DateStringTest.php" line="40" assertions="1" time="0.000548"/>
        <testcase name="test_it_can_format_date_string_into_short_human_readable_string_using_magic_method" class="Hyde\Framework\Testing\Unit\DateStringTest" classname="Hyde.Framework.Testing.Unit.DateStringTest" file="/home/runner/work/develop/develop/packages/framework/tests/Unit/DateStringTest.php" line="46" assertions="1" time="0.000552"/>
      </testsuite>
      <testsuite name="Hyde\Framework\Testing\Unit\DocumentationPageTest" file="/home/runner/work/develop/develop/packages/framework/tests/Unit/DocumentationPageTest.php" tests="23" assertions="36" errors="0" warnings="0" failures="0" skipped="0" time="0.560332">
        <testcase name="test_can_generate_table_of_contents" class="Hyde\Framework\Testing\Unit\DocumentationPageTest" classname="Hyde.Framework.Testing.Unit.DocumentationPageTest" file="/home/runner/work/develop/develop/packages/framework/tests/Unit/DocumentationPageTest.php" line="24" assertions="1" time="0.023660"/>
        <testcase name="test_can_get_current_page_path" class="Hyde\Framework\Testing\Unit\DocumentationPageTest" classname="Hyde.Framework.Testing.Unit.DocumentationPageTest" file="/home/runner/work/develop/develop/packages/framework/tests/Unit/DocumentationPageTest.php" line="30" assertions="2" time="0.023563"/>
        <testcase name="test_can_get_online_source_path" class="Hyde\Framework\Testing\Unit\DocumentationPageTest" classname="Hyde.Framework.Testing.Unit.DocumentationPageTest" file="/home/runner/work/develop/develop/packages/framework/tests/Unit/DocumentationPageTest.php" line="40" assertions="1" time="0.022202"/>
        <testcase name="test_can_get_online_source_path_with_source_file_location_base" class="Hyde\Framework\Testing\Unit\DocumentationPageTest" classname="Hyde.Framework.Testing.Unit.DocumentationPageTest" file="/home/runner/work/develop/develop/packages/framework/tests/Unit/DocumentationPageTest.php" line="46" assertions="1" time="0.022109"/>
        <testcase name="test_can_get_online_source_path_with_trailing_slash" class="Hyde\Framework\Testing\Unit\DocumentationPageTest" classname="Hyde.Framework.Testing.Unit.DocumentationPageTest" file="/home/runner/work/develop/develop/packages/framework/tests/Unit/DocumentationPageTest.php" line="53" assertions="2" time="0.022230"/>
        <testcase name="test_can_get_documentation_output_path" class="Hyde\Framework\Testing\Unit\DocumentationPageTest" classname="Hyde.Framework.Testing.Unit.DocumentationPageTest" file="/home/runner/work/develop/develop/packages/framework/tests/Unit/DocumentationPageTest.php" line="64" assertions="1" time="0.020945"/>
        <testcase name="test_can_get_documentation_output_path_with_custom_output_directory" class="Hyde\Framework\Testing\Unit\DocumentationPageTest" classname="Hyde.Framework.Testing.Unit.DocumentationPageTest" file="/home/runner/work/develop/develop/packages/framework/tests/Unit/DocumentationPageTest.php" line="69" assertions="1" time="0.022254"/>
        <testcase name="test_can_get_documentation_output_path_with_trailing_slashes" class="Hyde\Framework\Testing\Unit\DocumentationPageTest" classname="Hyde.Framework.Testing.Unit.DocumentationPageTest" file="/home/runner/work/develop/develop/packages/framework/tests/Unit/DocumentationPageTest.php" line="76" assertions="5" time="0.027001"/>
        <testcase name="test_get_source_path_returns_qualified_basename" class="Hyde\Framework\Testing\Unit\DocumentationPageTest" classname="Hyde.Framework.Testing.Unit.DocumentationPageTest" file="/home/runner/work/develop/develop/packages/framework/tests/Unit/DocumentationPageTest.php" line="93" assertions="1" time="0.021947"/>
        <testcase name="test_get_source_path_returns_qualified_basename_for_nested_page" class="Hyde\Framework\Testing\Unit\DocumentationPageTest" classname="Hyde.Framework.Testing.Unit.DocumentationPageTest" file="/home/runner/work/develop/develop/packages/framework/tests/Unit/DocumentationPageTest.php" line="101" assertions="1" time="0.021916"/>
        <testcase name="test_home_method_returns_null_when_there_is_no_index_page" class="Hyde\Framework\Testing\Unit\DocumentationPageTest" classname="Hyde.Framework.Testing.Unit.DocumentationPageTest" file="/home/runner/work/develop/develop/packages/framework/tests/Unit/DocumentationPageTest.php" line="109" assertions="1" time="0.026081"/>
        <testcase name="test_home_method_returns_docs_index_route_when_it_exists" class="Hyde\Framework\Testing\Unit\DocumentationPageTest" classname="Hyde.Framework.Testing.Unit.DocumentationPageTest" file="/home/runner/work/develop/develop/packages/framework/tests/Unit/DocumentationPageTest.php" line="114" assertions="2" time="0.027518"/>
        <testcase name="test_home_method_finds_docs_index_for_custom_output_directory" class="Hyde\Framework\Testing\Unit\DocumentationPageTest" classname="Hyde.Framework.Testing.Unit.DocumentationPageTest" file="/home/runner/work/develop/develop/packages/framework/tests/Unit/DocumentationPageTest.php" line="122" assertions="2" time="0.032669"/>
        <testcase name="test_home_method_finds_docs_index_for_custom_nested_output_directory" class="Hyde\Framework\Testing\Unit\DocumentationPageTest" classname="Hyde.Framework.Testing.Unit.DocumentationPageTest" file="/home/runner/work/develop/develop/packages/framework/tests/Unit/DocumentationPageTest.php" line="134" assertions="2" time="0.029800"/>
        <testcase name="test_home_route_name_method_returns_output_directory_slash_index" class="Hyde\Framework\Testing\Unit\DocumentationPageTest" classname="Hyde.Framework.Testing.Unit.DocumentationPageTest" file="/home/runner/work/develop/develop/packages/framework/tests/Unit/DocumentationPageTest.php" line="147" assertions="1" time="0.022663"/>
        <testcase name="test_home_route_name_method_returns_customized_output_directory_slash_index" class="Hyde\Framework\Testing\Unit\DocumentationPageTest" classname="Hyde.Framework.Testing.Unit.DocumentationPageTest" file="/home/runner/work/develop/develop/packages/framework/tests/Unit/DocumentationPageTest.php" line="152" assertions="1" time="0.022012"/>
        <testcase name="test_has_table_of_contents" class="Hyde\Framework\Testing\Unit\DocumentationPageTest" classname="Hyde.Framework.Testing.Unit.DocumentationPageTest" file="/home/runner/work/develop/develop/packages/framework/tests/Unit/DocumentationPageTest.php" line="160" assertions="3" time="0.020870"/>
        <testcase name="test_compiled_pages_originating_in_subdirectories_get_output_to_root_docs_path" class="Hyde\Framework\Testing\Unit\DocumentationPageTest" classname="Hyde.Framework.Testing.Unit.DocumentationPageTest" file="/home/runner/work/develop/develop/packages/framework/tests/Unit/DocumentationPageTest.php" line="171" assertions="1" time="0.022129"/>
        <testcase name="test_page_has_front_matter" class="Hyde\Framework\Testing\Unit\DocumentationPageTest" classname="Hyde.Framework.Testing.Unit.DocumentationPageTest" file="/home/runner/work/develop/develop/packages/framework/tests/Unit/DocumentationPageTest.php" line="177" assertions="3" time="0.023177"/>
        <testcase name="test_page_can_be_hidden_from_sidebar_using_front_matter" class="Hyde\Framework\Testing\Unit\DocumentationPageTest" classname="Hyde.Framework.Testing.Unit.DocumentationPageTest" file="/home/runner/work/develop/develop/packages/framework/tests/Unit/DocumentationPageTest.php" line="191" assertions="1" time="0.036071"/>
        <testcase name="test_page_is_visible_in_sidebar_without_using_front_matter" class="Hyde\Framework\Testing\Unit\DocumentationPageTest" classname="Hyde.Framework.Testing.Unit.DocumentationPageTest" file="/home/runner/work/develop/develop/packages/framework/tests/Unit/DocumentationPageTest.php" line="202" assertions="1" time="0.022911"/>
        <testcase name="test_page_can_set_sidebar_priority_using_front_matter" class="Hyde\Framework\Testing\Unit\DocumentationPageTest" classname="Hyde.Framework.Testing.Unit.DocumentationPageTest" file="/home/runner/work/develop/develop/packages/framework/tests/Unit/DocumentationPageTest.php" line="209" assertions="1" time="0.023301"/>
        <testcase name="test_page_can_set_sidebar_label_using_front_matter" class="Hyde\Framework\Testing\Unit\DocumentationPageTest" classname="Hyde.Framework.Testing.Unit.DocumentationPageTest" file="/home/runner/work/develop/develop/packages/framework/tests/Unit/DocumentationPageTest.php" line="220" assertions="1" time="0.023302"/>
      </testsuite>
      <testsuite name="Hyde\Framework\Testing\Unit\DropdownNavItemTest" file="/home/runner/work/develop/develop/packages/framework/tests/Unit/DropdownNavItemTest.php" tests="3" assertions="6" errors="0" warnings="0" failures="0" skipped="0" time="0.063479">
        <testcase name="testConstruct" class="Hyde\Framework\Testing\Unit\DropdownNavItemTest" classname="Hyde.Framework.Testing.Unit.DropdownNavItemTest" file="/home/runner/work/develop/develop/packages/framework/tests/Unit/DropdownNavItemTest.php" line="18" assertions="2" time="0.020309"/>
        <testcase name="testFromArray" class="Hyde\Framework\Testing\Unit\DropdownNavItemTest" classname="Hyde.Framework.Testing.Unit.DropdownNavItemTest" file="/home/runner/work/develop/develop/packages/framework/tests/Unit/DropdownNavItemTest.php" line="26" assertions="2" time="0.021326"/>
        <testcase name="testWithChildren" class="Hyde\Framework\Testing\Unit\DropdownNavItemTest" classname="Hyde.Framework.Testing.Unit.DropdownNavItemTest" file="/home/runner/work/develop/develop/packages/framework/tests/Unit/DropdownNavItemTest.php" line="34" assertions="2" time="0.021844"/>
      </testsuite>
      <testsuite name="Hyde\Framework\Testing\Unit\EnsureCommandsFollowNamingConventionTest" file="/home/runner/work/develop/develop/packages/framework/tests/Unit/EnsureCommandsFollowNamingConventionTest.php" tests="1" assertions="35" errors="0" warnings="0" failures="0" skipped="0" time="0.020576">
        <testcase name="test_ensure_commands_follow_naming_convention" class="Hyde\Framework\Testing\Unit\EnsureCommandsFollowNamingConventionTest" classname="Hyde.Framework.Testing.Unit.EnsureCommandsFollowNamingConventionTest" file="/home/runner/work/develop/develop/packages/framework/tests/Unit/EnsureCommandsFollowNamingConventionTest.php" line="11" assertions="35" time="0.020576"/>
      </testsuite>
      <testsuite name="Hyde\Framework\Testing\Unit\Facades\AssetFacadeTest" file="/home/runner/work/develop/develop/packages/framework/tests/Unit/Facades/AssetFacadeTest.php" tests="3" assertions="3" errors="0" warnings="0" failures="0" skipped="0" time="0.062800">
        <testcase name="test_asset_facade_returns_the_asset_service" class="Hyde\Framework\Testing\Unit\Facades\AssetFacadeTest" classname="Hyde.Framework.Testing.Unit.Facades.AssetFacadeTest" file="/home/runner/work/develop/develop/packages/framework/tests/Unit/Facades/AssetFacadeTest.php" line="16" assertions="1" time="0.020753"/>
        <testcase name="test_facade_returns_same_instance_as_bound_by_the_container" class="Hyde\Framework\Testing\Unit\Facades\AssetFacadeTest" classname="Hyde.Framework.Testing.Unit.Facades.AssetFacadeTest" file="/home/runner/work/develop/develop/packages/framework/tests/Unit/Facades/AssetFacadeTest.php" line="21" assertions="1" time="0.020885"/>
        <testcase name="test_asset_facade_can_call_methods_on_the_asset_service" class="Hyde\Framework\Testing\Unit\Facades\AssetFacadeTest" classname="Hyde.Framework.Testing.Unit.Facades.AssetFacadeTest" file="/home/runner/work/develop/develop/packages/framework/tests/Unit/Facades/AssetFacadeTest.php" line="26" assertions="1" time="0.021162"/>
      </testsuite>
      <testsuite name="Hyde\Framework\Testing\Unit\Facades\AuthorTest" file="/home/runner/work/develop/develop/packages/framework/tests/Unit/Facades/AuthorTest.php" tests="3" assertions="10" errors="0" warnings="0" failures="0" skipped="0" time="0.063124">
        <testcase name="testCreate" class="Hyde\Framework\Testing\Unit\Facades\AuthorTest" classname="Hyde.Framework.Testing.Unit.Facades.AuthorTest" file="/home/runner/work/develop/develop/packages/framework/tests/Unit/Facades/AuthorTest.php" line="16" assertions="4" time="0.020374"/>
        <testcase name="testGet" class="Hyde\Framework\Testing\Unit\Facades\AuthorTest" classname="Hyde.Framework.Testing.Unit.Facades.AuthorTest" file="/home/runner/work/develop/develop/packages/framework/tests/Unit/Facades/AuthorTest.php" line="27" assertions="4" time="0.021318"/>
        <testcase name="testAll" class="Hyde\Framework\Testing\Unit\Facades\AuthorTest" classname="Hyde.Framework.Testing.Unit.Facades.AuthorTest" file="/home/runner/work/develop/develop/packages/framework/tests/Unit/Facades/AuthorTest.php" line="38" assertions="2" time="0.021432"/>
      </testsuite>
      <testsuite name="Hyde\Framework\Testing\Unit\Facades\HydeFacadesAreAliasedInAppConfigTest" file="/home/runner/work/develop/develop/packages/framework/tests/Unit/Facades/HydeFacadesAreAliasedInAppConfigTest.php" tests="1" assertions="10" errors="0" warnings="0" failures="0" skipped="0" time="0.020682">
        <testcase name="test_all_facades_are_aliased_in_app_config" class="Hyde\Framework\Testing\Unit\Facades\HydeFacadesAreAliasedInAppConfigTest" classname="Hyde.Framework.Testing.Unit.Facades.HydeFacadesAreAliasedInAppConfigTest" file="/home/runner/work/develop/develop/packages/framework/tests/Unit/Facades/HydeFacadesAreAliasedInAppConfigTest.php" line="12" assertions="10" time="0.020682"/>
      </testsuite>
      <testsuite name="Hyde\Framework\Testing\Unit\Facades\RouteFacadeTest" file="/home/runner/work/develop/develop/packages/framework/tests/Unit/Facades/RouteFacadeTest.php" tests="5" assertions="5" errors="0" warnings="0" failures="0" skipped="0" time="0.125874">
        <testcase name="testFacadeMethodGetCallsSameOnModel" class="Hyde\Framework\Testing\Unit\Facades\RouteFacadeTest" classname="Hyde.Framework.Testing.Unit.Facades.RouteFacadeTest" file="/home/runner/work/develop/develop/packages/framework/tests/Unit/Facades/RouteFacadeTest.php" line="16" assertions="1" time="0.025610"/>
        <testcase name="testFacadeMethodGetOrFailCallsSameOnModel" class="Hyde\Framework\Testing\Unit\Facades\RouteFacadeTest" classname="Hyde.Framework.Testing.Unit.Facades.RouteFacadeTest" file="/home/runner/work/develop/develop/packages/framework/tests/Unit/Facades/RouteFacadeTest.php" line="21" assertions="1" time="0.026619"/>
        <testcase name="testFacadeMethodAllCallsSameOnModel" class="Hyde\Framework\Testing\Unit\Facades\RouteFacadeTest" classname="Hyde.Framework.Testing.Unit.Facades.RouteFacadeTest" file="/home/runner/work/develop/develop/packages/framework/tests/Unit/Facades/RouteFacadeTest.php" line="26" assertions="1" time="0.026387"/>
        <testcase name="testFacadeMethodCurrentCallsSameOnModel" class="Hyde\Framework\Testing\Unit\Facades\RouteFacadeTest" classname="Hyde.Framework.Testing.Unit.Facades.RouteFacadeTest" file="/home/runner/work/develop/develop/packages/framework/tests/Unit/Facades/RouteFacadeTest.php" line="31" assertions="1" time="0.020950"/>
        <testcase name="testFacadeMethodExistsCallsSameOnModel" class="Hyde\Framework\Testing\Unit\Facades\RouteFacadeTest" classname="Hyde.Framework.Testing.Unit.Facades.RouteFacadeTest" file="/home/runner/work/develop/develop/packages/framework/tests/Unit/Facades/RouteFacadeTest.php" line="36" assertions="1" time="0.026307"/>
      </testsuite>
      <testsuite name="Hyde\Framework\Testing\Unit\Foundation\HyperlinkFileHelperRelativeLinkTest" file="/home/runner/work/develop/develop/packages/framework/tests/Unit/Foundation/HyperlinkFileHelperRelativeLinkTest.php" tests="16" assertions="29" errors="0" warnings="0" failures="0" skipped="0" time="0.353666">
        <testcase name="test_helper_returns_string_as_is_if_current_is_not_set" class="Hyde\Framework\Testing\Unit\Foundation\HyperlinkFileHelperRelativeLinkTest" classname="Hyde.Framework.Testing.Unit.Foundation.HyperlinkFileHelperRelativeLinkTest" file="/home/runner/work/develop/develop/packages/framework/tests/Unit/Foundation/HyperlinkFileHelperRelativeLinkTest.php" line="15" assertions="1" time="0.020253"/>
        <testcase name="test_helper_injects_proper_number_of_doubles_slash" class="Hyde\Framework\Testing\Unit\Foundation\HyperlinkFileHelperRelativeLinkTest" classname="Hyde.Framework.Testing.Unit.Foundation.HyperlinkFileHelperRelativeLinkTest" file="/home/runner/work/develop/develop/packages/framework/tests/Unit/Foundation/HyperlinkFileHelperRelativeLinkTest.php" line="20" assertions="1" time="0.021298"/>
        <testcase name="test_helper_injects_proper_number_of_doubles_slash_for_deeply_nested_paths" class="Hyde\Framework\Testing\Unit\Foundation\HyperlinkFileHelperRelativeLinkTest" classname="Hyde.Framework.Testing.Unit.Foundation.HyperlinkFileHelperRelativeLinkTest" file="/home/runner/work/develop/develop/packages/framework/tests/Unit/Foundation/HyperlinkFileHelperRelativeLinkTest.php" line="26" assertions="1" time="0.021304"/>
        <testcase name="test_helper_handles_destination_without_file_extension" class="Hyde\Framework\Testing\Unit\Foundation\HyperlinkFileHelperRelativeLinkTest" classname="Hyde.Framework.Testing.Unit.Foundation.HyperlinkFileHelperRelativeLinkTest" file="/home/runner/work/develop/develop/packages/framework/tests/Unit/Foundation/HyperlinkFileHelperRelativeLinkTest.php" line="32" assertions="1" time="0.021198"/>
        <testcase name="test_helper_handles_current_without_file_extension" class="Hyde\Framework\Testing\Unit\Foundation\HyperlinkFileHelperRelativeLinkTest" classname="Hyde.Framework.Testing.Unit.Foundation.HyperlinkFileHelperRelativeLinkTest" file="/home/runner/work/develop/develop/packages/framework/tests/Unit/Foundation/HyperlinkFileHelperRelativeLinkTest.php" line="38" assertions="1" time="0.021125"/>
        <testcase name="test_helper_handles_case_without_any_file_extensions" class="Hyde\Framework\Testing\Unit\Foundation\HyperlinkFileHelperRelativeLinkTest" classname="Hyde.Framework.Testing.Unit.Foundation.HyperlinkFileHelperRelativeLinkTest" file="/home/runner/work/develop/develop/packages/framework/tests/Unit/Foundation/HyperlinkFileHelperRelativeLinkTest.php" line="44" assertions="1" time="0.021074"/>
        <testcase name="test_helper_handles_case_with_mixed_file_extensions" class="Hyde\Framework\Testing\Unit\Foundation\HyperlinkFileHelperRelativeLinkTest" classname="Hyde.Framework.Testing.Unit.Foundation.HyperlinkFileHelperRelativeLinkTest" file="/home/runner/work/develop/develop/packages/framework/tests/Unit/Foundation/HyperlinkFileHelperRelativeLinkTest.php" line="50" assertions="2" time="0.021276"/>
        <testcase name="test_helper_handles_different_file_extensions" class="Hyde\Framework\Testing\Unit\Foundation\HyperlinkFileHelperRelativeLinkTest" classname="Hyde.Framework.Testing.Unit.Foundation.HyperlinkFileHelperRelativeLinkTest" file="/home/runner/work/develop/develop/packages/framework/tests/Unit/Foundation/HyperlinkFileHelperRelativeLinkTest.php" line="58" assertions="3" time="0.021262"/>
        <testcase name="test_helper_returns_pretty_url_if_enabled_and_destination_is_a_html_file" class="Hyde\Framework\Testing\Unit\Foundation\HyperlinkFileHelperRelativeLinkTest" classname="Hyde.Framework.Testing.Unit.Foundation.HyperlinkFileHelperRelativeLinkTest" file="/home/runner/work/develop/develop/packages/framework/tests/Unit/Foundation/HyperlinkFileHelperRelativeLinkTest.php" line="66" assertions="1" time="0.021198"/>
        <testcase name="test_helper_method_does_not_require_current_path_to_be_html_to_use_pretty_urls" class="Hyde\Framework\Testing\Unit\Foundation\HyperlinkFileHelperRelativeLinkTest" classname="Hyde.Framework.Testing.Unit.Foundation.HyperlinkFileHelperRelativeLinkTest" file="/home/runner/work/develop/develop/packages/framework/tests/Unit/Foundation/HyperlinkFileHelperRelativeLinkTest.php" line="73" assertions="1" time="0.021283"/>
        <testcase name="test_helper_returns_does_not_return_pretty_url_if_when_enabled_but_and_destination_is_not_a_html_file" class="Hyde\Framework\Testing\Unit\Foundation\HyperlinkFileHelperRelativeLinkTest" classname="Hyde.Framework.Testing.Unit.Foundation.HyperlinkFileHelperRelativeLinkTest" file="/home/runner/work/develop/develop/packages/framework/tests/Unit/Foundation/HyperlinkFileHelperRelativeLinkTest.php" line="80" assertions="1" time="0.035052"/>
        <testcase name="test_helper_rewrites_index_when_using_pretty_urls" class="Hyde\Framework\Testing\Unit\Foundation\HyperlinkFileHelperRelativeLinkTest" classname="Hyde.Framework.Testing.Unit.Foundation.HyperlinkFileHelperRelativeLinkTest" file="/home/runner/work/develop/develop/packages/framework/tests/Unit/Foundation/HyperlinkFileHelperRelativeLinkTest.php" line="87" assertions="3" time="0.021776"/>
        <testcase name="test_helper_does_not_rewrite_index_when_not_using_pretty_urls" class="Hyde\Framework\Testing\Unit\Foundation\HyperlinkFileHelperRelativeLinkTest" classname="Hyde.Framework.Testing.Unit.Foundation.HyperlinkFileHelperRelativeLinkTest" file="/home/runner/work/develop/develop/packages/framework/tests/Unit/Foundation/HyperlinkFileHelperRelativeLinkTest.php" line="98" assertions="3" time="0.021586"/>
        <testcase name="test_helper_rewrites_documentation_page_index_when_using_pretty_urls" class="Hyde\Framework\Testing\Unit\Foundation\HyperlinkFileHelperRelativeLinkTest" classname="Hyde.Framework.Testing.Unit.Foundation.HyperlinkFileHelperRelativeLinkTest" file="/home/runner/work/develop/develop/packages/framework/tests/Unit/Foundation/HyperlinkFileHelperRelativeLinkTest.php" line="109" assertions="4" time="0.021633"/>
        <testcase name="test_helper_does_not_rewrite_documentation_page_index_when_not_using_pretty_urls" class="Hyde\Framework\Testing\Unit\Foundation\HyperlinkFileHelperRelativeLinkTest" classname="Hyde.Framework.Testing.Unit.Foundation.HyperlinkFileHelperRelativeLinkTest" file="/home/runner/work/develop/develop/packages/framework/tests/Unit/Foundation/HyperlinkFileHelperRelativeLinkTest.php" line="122" assertions="4" time="0.021579"/>
        <testcase name="test_helper_does_not_rewrite_already_processed_links" class="Hyde\Framework\Testing\Unit\Foundation\HyperlinkFileHelperRelativeLinkTest" classname="Hyde.Framework.Testing.Unit.Foundation.HyperlinkFileHelperRelativeLinkTest" file="/home/runner/work/develop/develop/packages/framework/tests/Unit/Foundation/HyperlinkFileHelperRelativeLinkTest.php" line="135" assertions="1" time="0.020769"/>
      </testsuite>
      <testsuite name="Hyde\Framework\Testing\Unit\Foundation\HyperlinkFormatHtmlPathTest" file="/home/runner/work/develop/develop/packages/framework/tests/Unit/Foundation/HyperlinkFormatHtmlPathTest.php" tests="13" assertions="13" errors="0" warnings="0" failures="0" skipped="0" time="0.272215">
        <testcase name="test_helper_returns_string_as_is_if_pretty_urls_is_not_true" class="Hyde\Framework\Testing\Unit\Foundation\HyperlinkFormatHtmlPathTest" classname="Hyde.Framework.Testing.Unit.Foundation.HyperlinkFormatHtmlPathTest" file="/home/runner/work/develop/develop/packages/framework/tests/Unit/Foundation/HyperlinkFormatHtmlPathTest.php" line="15" assertions="1" time="0.020432"/>
        <testcase name="test_helper_returns_pretty_url_if_pretty_urls_is_true" class="Hyde\Framework\Testing\Unit\Foundation\HyperlinkFormatHtmlPathTest" classname="Hyde.Framework.Testing.Unit.Foundation.HyperlinkFormatHtmlPathTest" file="/home/runner/work/develop/develop/packages/framework/tests/Unit/Foundation/HyperlinkFormatHtmlPathTest.php" line="22" assertions="1" time="0.021095"/>
        <testcase name="test_non_pretty_urls_is_default_value_when_config_is_not_set" class="Hyde\Framework\Testing\Unit\Foundation\HyperlinkFormatHtmlPathTest" classname="Hyde.Framework.Testing.Unit.Foundation.HyperlinkFormatHtmlPathTest" file="/home/runner/work/develop/develop/packages/framework/tests/Unit/Foundation/HyperlinkFormatHtmlPathTest.php" line="29" assertions="1" time="0.020902"/>
        <testcase name="test_helper_respects_absolute_urls" class="Hyde\Framework\Testing\Unit\Foundation\HyperlinkFormatHtmlPathTest" classname="Hyde.Framework.Testing.Unit.Foundation.HyperlinkFormatHtmlPathTest" file="/home/runner/work/develop/develop/packages/framework/tests/Unit/Foundation/HyperlinkFormatHtmlPathTest.php" line="36" assertions="1" time="0.020987"/>
        <testcase name="test_helper_respects_pretty_absolute_urls" class="Hyde\Framework\Testing\Unit\Foundation\HyperlinkFormatHtmlPathTest" classname="Hyde.Framework.Testing.Unit.Foundation.HyperlinkFormatHtmlPathTest" file="/home/runner/work/develop/develop/packages/framework/tests/Unit/Foundation/HyperlinkFormatHtmlPathTest.php" line="42" assertions="1" time="0.020831"/>
        <testcase name="test_helper_respects_relative_urls" class="Hyde\Framework\Testing\Unit\Foundation\HyperlinkFormatHtmlPathTest" classname="Hyde.Framework.Testing.Unit.Foundation.HyperlinkFormatHtmlPathTest" file="/home/runner/work/develop/develop/packages/framework/tests/Unit/Foundation/HyperlinkFormatHtmlPathTest.php" line="48" assertions="1" time="0.020843"/>
        <testcase name="test_helper_respects_pretty_relative_urls" class="Hyde\Framework\Testing\Unit\Foundation\HyperlinkFormatHtmlPathTest" classname="Hyde.Framework.Testing.Unit.Foundation.HyperlinkFormatHtmlPathTest" file="/home/runner/work/develop/develop/packages/framework/tests/Unit/Foundation/HyperlinkFormatHtmlPathTest.php" line="54" assertions="1" time="0.022020"/>
        <testcase name="test_non_html_links_are_not_modified" class="Hyde\Framework\Testing\Unit\Foundation\HyperlinkFormatHtmlPathTest" classname="Hyde.Framework.Testing.Unit.Foundation.HyperlinkFormatHtmlPathTest" file="/home/runner/work/develop/develop/packages/framework/tests/Unit/Foundation/HyperlinkFormatHtmlPathTest.php" line="60" assertions="1" time="0.020841"/>
        <testcase name="test_helper_respects_absolute_urls_with_pretty_urls_enabled" class="Hyde\Framework\Testing\Unit\Foundation\HyperlinkFormatHtmlPathTest" classname="Hyde.Framework.Testing.Unit.Foundation.HyperlinkFormatHtmlPathTest" file="/home/runner/work/develop/develop/packages/framework/tests/Unit/Foundation/HyperlinkFormatHtmlPathTest.php" line="66" assertions="1" time="0.020772"/>
        <testcase name="test_helper_rewrites_index_when_using_pretty_urls" class="Hyde\Framework\Testing\Unit\Foundation\HyperlinkFormatHtmlPathTest" classname="Hyde.Framework.Testing.Unit.Foundation.HyperlinkFormatHtmlPathTest" file="/home/runner/work/develop/develop/packages/framework/tests/Unit/Foundation/HyperlinkFormatHtmlPathTest.php" line="72" assertions="1" time="0.020775"/>
        <testcase name="test_helper_does_not_rewrite_index_when_not_using_pretty_urls" class="Hyde\Framework\Testing\Unit\Foundation\HyperlinkFormatHtmlPathTest" classname="Hyde.Framework.Testing.Unit.Foundation.HyperlinkFormatHtmlPathTest" file="/home/runner/work/develop/develop/packages/framework/tests/Unit/Foundation/HyperlinkFormatHtmlPathTest.php" line="78" assertions="1" time="0.020735"/>
        <testcase name="test_helper_rewrites_documentation_page_index_when_using_pretty_urls" class="Hyde\Framework\Testing\Unit\Foundation\HyperlinkFormatHtmlPathTest" classname="Hyde.Framework.Testing.Unit.Foundation.HyperlinkFormatHtmlPathTest" file="/home/runner/work/develop/develop/packages/framework/tests/Unit/Foundation/HyperlinkFormatHtmlPathTest.php" line="84" assertions="1" time="0.020831"/>
        <testcase name="test_helper_does_not_rewrite_documentation_page_index_when_not_using_pretty_urls" class="Hyde\Framework\Testing\Unit\Foundation\HyperlinkFormatHtmlPathTest" classname="Hyde.Framework.Testing.Unit.Foundation.HyperlinkFormatHtmlPathTest" file="/home/runner/work/develop/develop/packages/framework/tests/Unit/Foundation/HyperlinkFormatHtmlPathTest.php" line="90" assertions="1" time="0.021152"/>
      </testsuite>
      <testsuite name="Hyde\Framework\Testing\Unit\Foundation\HyperlinksUrlPathHelpersTest" file="/home/runner/work/develop/develop/packages/framework/tests/Unit/Foundation/HyperlinksUrlPathHelpersTest.php" tests="11" assertions="16" errors="0" warnings="0" failures="0" skipped="0" time="0.229959">
        <testcase name="test_has_site_url_returns_false_when_no_site_url_is_set" class="Hyde\Framework\Testing\Unit\Foundation\HyperlinksUrlPathHelpersTest" classname="Hyde.Framework.Testing.Unit.Foundation.HyperlinksUrlPathHelpersTest" file="/home/runner/work/develop/develop/packages/framework/tests/Unit/Foundation/HyperlinksUrlPathHelpersTest.php" line="28" assertions="1" time="0.020370"/>
        <testcase name="test_has_site_url_returns_true_when_site_url_is_set" class="Hyde\Framework\Testing\Unit\Foundation\HyperlinksUrlPathHelpersTest" classname="Hyde.Framework.Testing.Unit.Foundation.HyperlinksUrlPathHelpersTest" file="/home/runner/work/develop/develop/packages/framework/tests/Unit/Foundation/HyperlinksUrlPathHelpersTest.php" line="34" assertions="1" time="0.020331"/>
        <testcase name="test_qualified_url_returns_site_url_when_no_path_is_given" class="Hyde\Framework\Testing\Unit\Foundation\HyperlinksUrlPathHelpersTest" classname="Hyde.Framework.Testing.Unit.Foundation.HyperlinksUrlPathHelpersTest" file="/home/runner/work/develop/develop/packages/framework/tests/Unit/Foundation/HyperlinksUrlPathHelpersTest.php" line="40" assertions="1" time="0.020892"/>
        <testcase name="test_qualified_url_returns_site_url_plus_given_path" class="Hyde\Framework\Testing\Unit\Foundation\HyperlinksUrlPathHelpersTest" classname="Hyde.Framework.Testing.Unit.Foundation.HyperlinksUrlPathHelpersTest" file="/home/runner/work/develop/develop/packages/framework/tests/Unit/Foundation/HyperlinksUrlPathHelpersTest.php" line="46" assertions="1" time="0.021911"/>
        <testcase name="test_qualified_url_returns_site_url_plus_given_path_with_extension" class="Hyde\Framework\Testing\Unit\Foundation\HyperlinksUrlPathHelpersTest" classname="Hyde.Framework.Testing.Unit.Foundation.HyperlinksUrlPathHelpersTest" file="/home/runner/work/develop/develop/packages/framework/tests/Unit/Foundation/HyperlinksUrlPathHelpersTest.php" line="52" assertions="1" time="0.020829"/>
        <testcase name="test_qualified_url_returns_site_url_plus_given_path_with_extension_and_query_string" class="Hyde\Framework\Testing\Unit\Foundation\HyperlinksUrlPathHelpersTest" classname="Hyde.Framework.Testing.Unit.Foundation.HyperlinksUrlPathHelpersTest" file="/home/runner/work/develop/develop/packages/framework/tests/Unit/Foundation/HyperlinksUrlPathHelpersTest.php" line="58" assertions="1" time="0.020843"/>
        <testcase name="test_qualified_url_trims_trailing_slashes" class="Hyde\Framework\Testing\Unit\Foundation\HyperlinksUrlPathHelpersTest" classname="Hyde.Framework.Testing.Unit.Foundation.HyperlinksUrlPathHelpersTest" file="/home/runner/work/develop/develop/packages/framework/tests/Unit/Foundation/HyperlinksUrlPathHelpersTest.php" line="64" assertions="3" time="0.021017"/>
        <testcase name="test_qualified_url_accepts_multiple_schemes" class="Hyde\Framework\Testing\Unit\Foundation\HyperlinksUrlPathHelpersTest" classname="Hyde.Framework.Testing.Unit.Foundation.HyperlinksUrlPathHelpersTest" file="/home/runner/work/develop/develop/packages/framework/tests/Unit/Foundation/HyperlinksUrlPathHelpersTest.php" line="72" assertions="1" time="0.020866"/>
        <testcase name="test_qualified_url_throws_exception_when_no_site_url_is_set" class="Hyde\Framework\Testing\Unit\Foundation\HyperlinksUrlPathHelpersTest" classname="Hyde.Framework.Testing.Unit.Foundation.HyperlinksUrlPathHelpersTest" file="/home/runner/work/develop/develop/packages/framework/tests/Unit/Foundation/HyperlinksUrlPathHelpersTest.php" line="78" assertions="2" time="0.020939"/>
        <testcase name="test_helper_returns_expected_string_when_site_url_is_set" class="Hyde\Framework\Testing\Unit\Foundation\HyperlinksUrlPathHelpersTest" classname="Hyde.Framework.Testing.Unit.Foundation.HyperlinksUrlPathHelpersTest" file="/home/runner/work/develop/develop/packages/framework/tests/Unit/Foundation/HyperlinksUrlPathHelpersTest.php" line="86" assertions="1" time="0.020939"/>
        <testcase name="test_helper_returns_expected_string_when_pretty_urls_are_enabled" class="Hyde\Framework\Testing\Unit\Foundation\HyperlinksUrlPathHelpersTest" classname="Hyde.Framework.Testing.Unit.Foundation.HyperlinksUrlPathHelpersTest" file="/home/runner/work/develop/develop/packages/framework/tests/Unit/Foundation/HyperlinksUrlPathHelpersTest.php" line="92" assertions="3" time="0.021023"/>
      </testsuite>
      <testsuite name="Hyde\Framework\Testing\Unit\FoundationFacadesTest" file="/home/runner/work/develop/develop/packages/framework/tests/Unit/FoundationFacadesTest.php" tests="4" assertions="9" errors="0" warnings="0" failures="0" skipped="0" time="0.104100">
        <testcase name="test_file_collection_facade" class="Hyde\Framework\Testing\Unit\FoundationFacadesTest" classname="Hyde.Framework.Testing.Unit.FoundationFacadesTest" file="/home/runner/work/develop/develop/packages/framework/tests/Unit/FoundationFacadesTest.php" line="21" assertions="2" time="0.025764"/>
        <testcase name="test_page_collection_facade" class="Hyde\Framework\Testing\Unit\FoundationFacadesTest" classname="Hyde.Framework.Testing.Unit.FoundationFacadesTest" file="/home/runner/work/develop/develop/packages/framework/tests/Unit/FoundationFacadesTest.php" line="34" assertions="2" time="0.026109"/>
        <testcase name="test_route_collection_facade" class="Hyde\Framework\Testing\Unit\FoundationFacadesTest" classname="Hyde.Framework.Testing.Unit.FoundationFacadesTest" file="/home/runner/work/develop/develop/packages/framework/tests/Unit/FoundationFacadesTest.php" line="47" assertions="2" time="0.026063"/>
        <testcase name="test_facade_roots" class="Hyde\Framework\Testing\Unit\FoundationFacadesTest" classname="Hyde.Framework.Testing.Unit.FoundationFacadesTest" file="/home/runner/work/develop/develop/packages/framework/tests/Unit/FoundationFacadesTest.php" line="60" assertions="3" time="0.026164"/>
      </testsuite>
      <testsuite name="Hyde\Framework\Testing\Unit\FrontMatterModelTest" file="/home/runner/work/develop/develop/packages/framework/tests/Unit/FrontMatterModelTest.php" tests="17" assertions="18" errors="0" warnings="0" failures="0" skipped="0" time="0.358958">
        <testcase name="test_constructor_creates_new_front_matter_model" class="Hyde\Framework\Testing\Unit\FrontMatterModelTest" classname="Hyde.Framework.Testing.Unit.FrontMatterModelTest" file="/home/runner/work/develop/develop/packages/framework/tests/Unit/FrontMatterModelTest.php" line="15" assertions="1" time="0.023267"/>
        <testcase name="test_constructor_arguments_are_optional" class="Hyde\Framework\Testing\Unit\FrontMatterModelTest" classname="Hyde.Framework.Testing.Unit.FrontMatterModelTest" file="/home/runner/work/develop/develop/packages/framework/tests/Unit/FrontMatterModelTest.php" line="21" assertions="1" time="0.022812"/>
        <testcase name="test_constructor_arguments_are_assigned" class="Hyde\Framework\Testing\Unit\FrontMatterModelTest" classname="Hyde.Framework.Testing.Unit.FrontMatterModelTest" file="/home/runner/work/develop/develop/packages/framework/tests/Unit/FrontMatterModelTest.php" line="27" assertions="1" time="0.020839"/>
        <testcase name="test_static_from_array_method_creates_new_front_matter_model" class="Hyde\Framework\Testing\Unit\FrontMatterModelTest" classname="Hyde.Framework.Testing.Unit.FrontMatterModelTest" file="/home/runner/work/develop/develop/packages/framework/tests/Unit/FrontMatterModelTest.php" line="33" assertions="2" time="0.020729"/>
        <testcase name="test_to_string_magic_method_converts_model_array_into_yaml_front_matter" class="Hyde\Framework\Testing\Unit\FrontMatterModelTest" classname="Hyde.Framework.Testing.Unit.FrontMatterModelTest" file="/home/runner/work/develop/develop/packages/framework/tests/Unit/FrontMatterModelTest.php" line="40" assertions="1" time="0.020743"/>
        <testcase name="test_magic_get_method_returns_front_matter_property" class="Hyde\Framework\Testing\Unit\FrontMatterModelTest" classname="Hyde.Framework.Testing.Unit.FrontMatterModelTest" file="/home/runner/work/develop/develop/packages/framework/tests/Unit/FrontMatterModelTest.php" line="46" assertions="1" time="0.020694"/>
        <testcase name="test_magic_get_method_returns_null_if_property_does_not_exist" class="Hyde\Framework\Testing\Unit\FrontMatterModelTest" classname="Hyde.Framework.Testing.Unit.FrontMatterModelTest" file="/home/runner/work/develop/develop/packages/framework/tests/Unit/FrontMatterModelTest.php" line="52" assertions="1" time="0.020989"/>
        <testcase name="test_get_method_returns_self_when_no_argument_is_specified" class="Hyde\Framework\Testing\Unit\FrontMatterModelTest" classname="Hyde.Framework.Testing.Unit.FrontMatterModelTest" file="/home/runner/work/develop/develop/packages/framework/tests/Unit/FrontMatterModelTest.php" line="58" assertions="1" time="0.020840"/>
        <testcase name="test_get_method_returns_self_when_no_argument_is_specified_with_data" class="Hyde\Framework\Testing\Unit\FrontMatterModelTest" classname="Hyde.Framework.Testing.Unit.FrontMatterModelTest" file="/home/runner/work/develop/develop/packages/framework/tests/Unit/FrontMatterModelTest.php" line="64" assertions="1" time="0.020765"/>
        <testcase name="test_get_method_returns_null_if_specified_front_matter_key_does_not_exist" class="Hyde\Framework\Testing\Unit\FrontMatterModelTest" classname="Hyde.Framework.Testing.Unit.FrontMatterModelTest" file="/home/runner/work/develop/develop/packages/framework/tests/Unit/FrontMatterModelTest.php" line="70" assertions="1" time="0.020835"/>
        <testcase name="test_get_method_returns_specified_default_value_if_property_does_not_exist" class="Hyde\Framework\Testing\Unit\FrontMatterModelTest" classname="Hyde.Framework.Testing.Unit.FrontMatterModelTest" file="/home/runner/work/develop/develop/packages/framework/tests/Unit/FrontMatterModelTest.php" line="76" assertions="1" time="0.020745"/>
        <testcase name="test_get_method_returns_specified_front_matter_value_if_key_is_specified" class="Hyde\Framework\Testing\Unit\FrontMatterModelTest" classname="Hyde.Framework.Testing.Unit.FrontMatterModelTest" file="/home/runner/work/develop/develop/packages/framework/tests/Unit/FrontMatterModelTest.php" line="82" assertions="1" time="0.020692"/>
        <testcase name="test_set_method_sets_front_matter_property" class="Hyde\Framework\Testing\Unit\FrontMatterModelTest" classname="Hyde.Framework.Testing.Unit.FrontMatterModelTest" file="/home/runner/work/develop/develop/packages/framework/tests/Unit/FrontMatterModelTest.php" line="88" assertions="1" time="0.020705"/>
        <testcase name="test_set_method_returns_self" class="Hyde\Framework\Testing\Unit\FrontMatterModelTest" classname="Hyde.Framework.Testing.Unit.FrontMatterModelTest" file="/home/runner/work/develop/develop/packages/framework/tests/Unit/FrontMatterModelTest.php" line="95" assertions="1" time="0.020809"/>
        <testcase name="test_has_method_returns_true_if_property_exists" class="Hyde\Framework\Testing\Unit\FrontMatterModelTest" classname="Hyde.Framework.Testing.Unit.FrontMatterModelTest" file="/home/runner/work/develop/develop/packages/framework/tests/Unit/FrontMatterModelTest.php" line="101" assertions="1" time="0.022055"/>
        <testcase name="test_has_method_returns_false_if_property_does_not_exist" class="Hyde\Framework\Testing\Unit\FrontMatterModelTest" classname="Hyde.Framework.Testing.Unit.FrontMatterModelTest" file="/home/runner/work/develop/develop/packages/framework/tests/Unit/FrontMatterModelTest.php" line="107" assertions="1" time="0.020752"/>
        <testcase name="test_to_array_returns_front_matter_array" class="Hyde\Framework\Testing\Unit\FrontMatterModelTest" classname="Hyde.Framework.Testing.Unit.FrontMatterModelTest" file="/home/runner/work/develop/develop/packages/framework/tests/Unit/FrontMatterModelTest.php" line="113" assertions="1" time="0.020687"/>
      </testsuite>
      <testsuite name="Hyde\Framework\Testing\Unit\GenerateBuildManifestTest" file="/home/runner/work/develop/develop/packages/framework/tests/Unit/GenerateBuildManifestTest.php" tests="1" assertions="14" errors="0" warnings="0" failures="0" skipped="0" time="0.027439">
        <testcase name="test_action_generates_build_manifest" class="Hyde\Framework\Testing\Unit\GenerateBuildManifestTest" classname="Hyde.Framework.Testing.Unit.GenerateBuildManifestTest" file="/home/runner/work/develop/develop/packages/framework/tests/Unit/GenerateBuildManifestTest.php" line="17" assertions="14" time="0.027439"/>
      </testsuite>
      <testsuite name="Hyde\Framework\Testing\Unit\GetLatestMarkdownPostsTest" file="/home/runner/work/develop/develop/packages/framework/tests/Unit/GetLatestMarkdownPostsTest.php" tests="1" assertions="5" errors="0" warnings="0" failures="0" skipped="0" time="0.029723">
        <testcase name="test_markdown_page_get_latest_helper_returns_sorted_markdown_page_collection" class="Hyde\Framework\Testing\Unit\GetLatestMarkdownPostsTest" classname="Hyde.Framework.Testing.Unit.GetLatestMarkdownPostsTest" file="/home/runner/work/develop/develop/packages/framework/tests/Unit/GetLatestMarkdownPostsTest.php" line="17" assertions="5" time="0.029723"/>
      </testsuite>
      <testsuite name="Hyde\Framework\Testing\Unit\HasTableOfContentsTest" file="/home/runner/work/develop/develop/packages/framework/tests/Unit/HasTableOfContentsTest.php" tests="1" assertions="1" errors="0" warnings="0" failures="0" skipped="0" time="0.024059">
        <testcase name="testConstructorCreatesTableOfContentsString" class="Hyde\Framework\Testing\Unit\HasTableOfContentsTest" classname="Hyde.Framework.Testing.Unit.HasTableOfContentsTest" file="/home/runner/work/develop/develop/packages/framework/tests/Unit/HasTableOfContentsTest.php" line="20" assertions="1" time="0.024059"/>
      </testsuite>
      <testsuite name="Hyde\Framework\Testing\Unit\HydeBasePathCanBeChangedTest" file="/home/runner/work/develop/develop/packages/framework/tests/Unit/HydeBasePathCanBeChangedTest.php" tests="1" assertions="2" errors="0" warnings="0" failures="0" skipped="0" time="0.020581">
        <testcase name="test_hyde_base_path_can_be_changed" class="Hyde\Framework\Testing\Unit\HydeBasePathCanBeChangedTest" classname="Hyde.Framework.Testing.Unit.HydeBasePathCanBeChangedTest" file="/home/runner/work/develop/develop/packages/framework/tests/Unit/HydeBasePathCanBeChangedTest.php" line="37" assertions="2" time="0.020581"/>
      </testsuite>
      <testsuite name="Hyde\Framework\Testing\Unit\HydeConfigFilesAreMatchingTest" file="/home/runner/work/develop/develop/packages/framework/tests/Unit/HydeConfigFilesAreMatchingTest.php" tests="3" assertions="9" errors="0" warnings="0" failures="0" skipped="0" time="0.064880">
        <testcase name="test_hyde_config_files_are_matching" class="Hyde\Framework\Testing\Unit\HydeConfigFilesAreMatchingTest" classname="Hyde.Framework.Testing.Unit.HydeConfigFilesAreMatchingTest" file="/home/runner/work/develop/develop/packages/framework/tests/Unit/HydeConfigFilesAreMatchingTest.php" line="17" assertions="3" time="0.021907"/>
        <testcase name="test_docs_config_files_are_matching" class="Hyde\Framework\Testing\Unit\HydeConfigFilesAreMatchingTest" classname="Hyde.Framework.Testing.Unit.HydeConfigFilesAreMatchingTest" file="/home/runner/work/develop/develop/packages/framework/tests/Unit/HydeConfigFilesAreMatchingTest.php" line="25" assertions="3" time="0.022018"/>
        <testcase name="test_markdown_config_files_are_matching" class="Hyde\Framework\Testing\Unit\HydeConfigFilesAreMatchingTest" classname="Hyde.Framework.Testing.Unit.HydeConfigFilesAreMatchingTest" file="/home/runner/work/develop/develop/packages/framework/tests/Unit/HydeConfigFilesAreMatchingTest.php" line="33" assertions="3" time="0.020955"/>
      </testsuite>
      <testsuite name="Hyde\Framework\Testing\Unit\HydeFileHelpersTest" file="/home/runner/work/develop/develop/packages/framework/tests/Unit/HydeFileHelpersTest.php" tests="4" assertions="4" errors="0" warnings="0" failures="0" skipped="0" time="0.090076">
        <testcase name="test_current_page_returns_current_page_view_property" class="Hyde\Framework\Testing\Unit\HydeFileHelpersTest" classname="Hyde.Framework.Testing.Unit.HydeFileHelpersTest" file="/home/runner/work/develop/develop/packages/framework/tests/Unit/HydeFileHelpersTest.php" line="17" assertions="1" time="0.020772"/>
        <testcase name="test_current_page_falls_back_to_empty_string_if_current_page_view_property_is_not_set" class="Hyde\Framework\Testing\Unit\HydeFileHelpersTest" classname="Hyde.Framework.Testing.Unit.HydeFileHelpersTest" file="/home/runner/work/develop/develop/packages/framework/tests/Unit/HydeFileHelpersTest.php" line="23" assertions="1" time="0.021003"/>
        <testcase name="test_current_route_returns_current_route_view_property" class="Hyde\Framework\Testing\Unit\HydeFileHelpersTest" classname="Hyde.Framework.Testing.Unit.HydeFileHelpersTest" file="/home/runner/work/develop/develop/packages/framework/tests/Unit/HydeFileHelpersTest.php" line="28" assertions="1" time="0.026629"/>
        <testcase name="test_current_route_falls_back_to_null_if_current_route_view_property_is_not_set" class="Hyde\Framework\Testing\Unit\HydeFileHelpersTest" classname="Hyde.Framework.Testing.Unit.HydeFileHelpersTest" file="/home/runner/work/develop/develop/packages/framework/tests/Unit/HydeFileHelpersTest.php" line="34" assertions="1" time="0.021671"/>
      </testsuite>
      <testsuite name="Hyde\Framework\Testing\Unit\HydeGetBasePathHasFallbackTest" file="/home/runner/work/develop/develop/packages/framework/tests/Unit/HydeGetBasePathHasFallbackTest.php" tests="1" assertions="1" errors="0" warnings="0" failures="0" skipped="0" time="0.020097">
        <testcase name="test_hyde_get_base_path_falls_back_to_getcwd" class="Hyde\Framework\Testing\Unit\HydeGetBasePathHasFallbackTest" classname="Hyde.Framework.Testing.Unit.HydeGetBasePathHasFallbackTest" file="/home/runner/work/develop/develop/packages/framework/tests/Unit/HydeGetBasePathHasFallbackTest.php" line="17" assertions="1" time="0.020097"/>
      </testsuite>
      <testsuite name="Hyde\Framework\Testing\Unit\HydeHelperFacadeMakeTitleTest" file="/home/runner/work/develop/develop/packages/framework/tests/Unit/HydeHelperFacadeMakeTitleTest.php" tests="7" assertions="7" errors="0" warnings="0" failures="0" skipped="0" time="0.146342">
        <testcase name="test_make_title_helper_parses_kebab_case_into_title" class="Hyde\Framework\Testing\Unit\HydeHelperFacadeMakeTitleTest" classname="Hyde.Framework.Testing.Unit.HydeHelperFacadeMakeTitleTest" file="/home/runner/work/develop/develop/packages/framework/tests/Unit/HydeHelperFacadeMakeTitleTest.php" line="12" assertions="1" time="0.020392"/>
        <testcase name="test_make_title_helper_parses_snake_case_into_title" class="Hyde\Framework\Testing\Unit\HydeHelperFacadeMakeTitleTest" classname="Hyde.Framework.Testing.Unit.HydeHelperFacadeMakeTitleTest" file="/home/runner/work/develop/develop/packages/framework/tests/Unit/HydeHelperFacadeMakeTitleTest.php" line="17" assertions="1" time="0.020788"/>
        <testcase name="test_make_title_helper_parses_camel_case_into_title" class="Hyde\Framework\Testing\Unit\HydeHelperFacadeMakeTitleTest" classname="Hyde.Framework.Testing.Unit.HydeHelperFacadeMakeTitleTest" file="/home/runner/work/develop/develop/packages/framework/tests/Unit/HydeHelperFacadeMakeTitleTest.php" line="22" assertions="1" time="0.020876"/>
        <testcase name="test_make_title_helper_parses_pascal_case_into_title" class="Hyde\Framework\Testing\Unit\HydeHelperFacadeMakeTitleTest" classname="Hyde.Framework.Testing.Unit.HydeHelperFacadeMakeTitleTest" file="/home/runner/work/develop/develop/packages/framework/tests/Unit/HydeHelperFacadeMakeTitleTest.php" line="27" assertions="1" time="0.021254"/>
        <testcase name="test_make_title_helper_parses_title_case_into_title" class="Hyde\Framework\Testing\Unit\HydeHelperFacadeMakeTitleTest" classname="Hyde.Framework.Testing.Unit.HydeHelperFacadeMakeTitleTest" file="/home/runner/work/develop/develop/packages/framework/tests/Unit/HydeHelperFacadeMakeTitleTest.php" line="32" assertions="1" time="0.021279"/>
        <testcase name="test_make_title_helper_parses_title_case_with_spaces_into_title" class="Hyde\Framework\Testing\Unit\HydeHelperFacadeMakeTitleTest" classname="Hyde.Framework.Testing.Unit.HydeHelperFacadeMakeTitleTest" file="/home/runner/work/develop/develop/packages/framework/tests/Unit/HydeHelperFacadeMakeTitleTest.php" line="37" assertions="1" time="0.020857"/>
        <testcase name="test_make_title_helper_does_not_capitalize_auxiliary_words" class="Hyde\Framework\Testing\Unit\HydeHelperFacadeMakeTitleTest" classname="Hyde.Framework.Testing.Unit.HydeHelperFacadeMakeTitleTest" file="/home/runner/work/develop/develop/packages/framework/tests/Unit/HydeHelperFacadeMakeTitleTest.php" line="42" assertions="1" time="0.020896"/>
      </testsuite>
      <testsuite name="Hyde\Framework\Testing\Unit\HydeHelperFacadeTest" file="/home/runner/work/develop/develop/packages/framework/tests/Unit/HydeHelperFacadeTest.php" tests="3" assertions="3" errors="0" warnings="0" failures="0" skipped="0" time="0.062248">
        <testcase name="test_features_facade_returns_instance_of_features_class" class="Hyde\Framework\Testing\Unit\HydeHelperFacadeTest" classname="Hyde.Framework.Testing.Unit.HydeHelperFacadeTest" file="/home/runner/work/develop/develop/packages/framework/tests/Unit/HydeHelperFacadeTest.php" line="16" assertions="1" time="0.020304"/>
        <testcase name="test_features_facade_can_be_used_to_call_static_methods_on_features_class" class="Hyde\Framework\Testing\Unit\HydeHelperFacadeTest" classname="Hyde.Framework.Testing.Unit.HydeHelperFacadeTest" file="/home/runner/work/develop/develop/packages/framework/tests/Unit/HydeHelperFacadeTest.php" line="24" assertions="1" time="0.020909"/>
        <testcase name="test_hyde_has_feature_shorthand_calls_static_method_on_features_class" class="Hyde\Framework\Testing\Unit\HydeHelperFacadeTest" classname="Hyde.Framework.Testing.Unit.HydeHelperFacadeTest" file="/home/runner/work/develop/develop/packages/framework/tests/Unit/HydeHelperFacadeTest.php" line="31" assertions="1" time="0.021036"/>
      </testsuite>
      <testsuite name="Hyde\Framework\Testing\Unit\HydePathHelperTest" file="/home/runner/work/develop/develop/packages/framework/tests/Unit/HydePathHelperTest.php" tests="3" assertions="3" errors="0" warnings="0" failures="0" skipped="0" time="0.062816">
        <testcase name="test_method_exists" class="Hyde\Framework\Testing\Unit\HydePathHelperTest" classname="Hyde.Framework.Testing.Unit.HydePathHelperTest" file="/home/runner/work/develop/develop/packages/framework/tests/Unit/HydePathHelperTest.php" line="18" assertions="1" time="0.020506"/>
        <testcase name="test_string_is_returned" class="Hyde\Framework\Testing\Unit\HydePathHelperTest" classname="Hyde.Framework.Testing.Unit.HydePathHelperTest" file="/home/runner/work/develop/develop/packages/framework/tests/Unit/HydePathHelperTest.php" line="23" assertions="1" time="0.021282"/>
        <testcase name="test_returned_directory_contains_content_expected_to_be_in_the_project_directory" class="Hyde\Framework\Testing\Unit\HydePathHelperTest" classname="Hyde.Framework.Testing.Unit.HydePathHelperTest" file="/home/runner/work/develop/develop/packages/framework/tests/Unit/HydePathHelperTest.php" line="28" assertions="1" time="0.021028"/>
      </testsuite>
      <testsuite name="Hyde\Framework\Testing\Unit\HydeVendorPathHelperTest" file="/home/runner/work/develop/develop/packages/framework/tests/Unit/HydeVendorPathHelperTest.php" tests="5" assertions="9" errors="0" warnings="0" failures="0" skipped="0" time="0.104002">
        <testcase name="test_method_exists" class="Hyde\Framework\Testing\Unit\HydeVendorPathHelperTest" classname="Hyde.Framework.Testing.Unit.HydeVendorPathHelperTest" file="/home/runner/work/develop/develop/packages/framework/tests/Unit/HydeVendorPathHelperTest.php" line="13" assertions="1" time="0.020370"/>
        <testcase name="test_method_returns_string" class="Hyde\Framework\Testing\Unit\HydeVendorPathHelperTest" classname="Hyde.Framework.Testing.Unit.HydeVendorPathHelperTest" file="/home/runner/work/develop/develop/packages/framework/tests/Unit/HydeVendorPathHelperTest.php" line="18" assertions="1" time="0.020942"/>
        <testcase name="test_method_returns_string_containing_vendor_path" class="Hyde\Framework\Testing\Unit\HydeVendorPathHelperTest" classname="Hyde.Framework.Testing.Unit.HydeVendorPathHelperTest" file="/home/runner/work/develop/develop/packages/framework/tests/Unit/HydeVendorPathHelperTest.php" line="23" assertions="1" time="0.020922"/>
        <testcase name="test_method_returns_path_to_the_vendor_directory" class="Hyde\Framework\Testing\Unit\HydeVendorPathHelperTest" classname="Hyde.Framework.Testing.Unit.HydeVendorPathHelperTest" file="/home/runner/work/develop/develop/packages/framework/tests/Unit/HydeVendorPathHelperTest.php" line="28" assertions="3" time="0.020955"/>
        <testcase name="test_can_specify_which_hyde_package_to_use" class="Hyde\Framework\Testing\Unit\HydeVendorPathHelperTest" classname="Hyde.Framework.Testing.Unit.HydeVendorPathHelperTest" file="/home/runner/work/develop/develop/packages/framework/tests/Unit/HydeVendorPathHelperTest.php" line="35" assertions="3" time="0.020813"/>
      </testsuite>
      <testsuite name="Hyde\Framework\Testing\Unit\InteractsWithDirectoriesConcernTest" file="/home/runner/work/develop/develop/packages/framework/tests/Unit/InteractsWithDirectoriesConcernTest.php" tests="7" assertions="9" errors="0" warnings="0" failures="0" skipped="0" time="0.150640">
        <testcase name="test_methods_can_be_called_statically" class="Hyde\Framework\Testing\Unit\InteractsWithDirectoriesConcernTest" classname="Hyde.Framework.Testing.Unit.InteractsWithDirectoriesConcernTest" file="/home/runner/work/develop/develop/packages/framework/tests/Unit/InteractsWithDirectoriesConcernTest.php" line="35" assertions="2" time="0.020918"/>
        <testcase name="test_needs_directory_creates_the_directory" class="Hyde\Framework\Testing\Unit\InteractsWithDirectoriesConcernTest" classname="Hyde.Framework.Testing.Unit.InteractsWithDirectoriesConcernTest" file="/home/runner/work/develop/develop/packages/framework/tests/Unit/InteractsWithDirectoriesConcernTest.php" line="44" assertions="1" time="0.021439"/>
        <testcase name="test_needs_directory_creates_the_directory_recursively" class="Hyde\Framework\Testing\Unit\InteractsWithDirectoriesConcernTest" classname="Hyde.Framework.Testing.Unit.InteractsWithDirectoriesConcernTest" file="/home/runner/work/develop/develop/packages/framework/tests/Unit/InteractsWithDirectoriesConcernTest.php" line="50" assertions="1" time="0.021522"/>
        <testcase name="test_needs_directory_handles_existing_directory" class="Hyde\Framework\Testing\Unit\InteractsWithDirectoriesConcernTest" classname="Hyde.Framework.Testing.Unit.InteractsWithDirectoriesConcernTest" file="/home/runner/work/develop/develop/packages/framework/tests/Unit/InteractsWithDirectoriesConcernTest.php" line="56" assertions="1" time="0.021639"/>
        <testcase name="test_needs_directories_creates_single_directory" class="Hyde\Framework\Testing\Unit\InteractsWithDirectoriesConcernTest" classname="Hyde.Framework.Testing.Unit.InteractsWithDirectoriesConcernTest" file="/home/runner/work/develop/develop/packages/framework/tests/Unit/InteractsWithDirectoriesConcernTest.php" line="63" assertions="1" time="0.021537"/>
        <testcase name="test_needs_directories_creates_multiple_directories" class="Hyde\Framework\Testing\Unit\InteractsWithDirectoriesConcernTest" classname="Hyde.Framework.Testing.Unit.InteractsWithDirectoriesConcernTest" file="/home/runner/work/develop/develop/packages/framework/tests/Unit/InteractsWithDirectoriesConcernTest.php" line="69" assertions="2" time="0.021962"/>
        <testcase name="test_needs_parent_directory_creates_directory_for_the_parent_file" class="Hyde\Framework\Testing\Unit\InteractsWithDirectoriesConcernTest" classname="Hyde.Framework.Testing.Unit.InteractsWithDirectoriesConcernTest" file="/home/runner/work/develop/develop/packages/framework/tests/Unit/InteractsWithDirectoriesConcernTest.php" line="78" assertions="1" time="0.021622"/>
      </testsuite>
      <testsuite name="Hyde\Framework\Testing\Unit\MarkdownDocumentTest" file="/home/runner/work/develop/develop/packages/framework/tests/Unit/MarkdownDocumentTest.php" tests="10" assertions="16" errors="0" warnings="0" failures="0" skipped="0" time="0.227728">
        <testcase name="test_constructor_creates_new_markdown_document" class="Hyde\Framework\Testing\Unit\MarkdownDocumentTest" classname="Hyde.Framework.Testing.Unit.MarkdownDocumentTest" file="/home/runner/work/develop/develop/packages/framework/tests/Unit/MarkdownDocumentTest.php" line="20" assertions="1" time="0.021485"/>
        <testcase name="test_constructor_arguments_are_optional" class="Hyde\Framework\Testing\Unit\MarkdownDocumentTest" classname="Hyde.Framework.Testing.Unit.MarkdownDocumentTest" file="/home/runner/work/develop/develop/packages/framework/tests/Unit/MarkdownDocumentTest.php" line="26" assertions="1" time="0.020700"/>
        <testcase name="test_constructor_arguments_are_assigned" class="Hyde\Framework\Testing\Unit\MarkdownDocumentTest" classname="Hyde.Framework.Testing.Unit.MarkdownDocumentTest" file="/home/runner/work/develop/develop/packages/framework/tests/Unit/MarkdownDocumentTest.php" line="32" assertions="1" time="0.020718"/>
        <testcase name="test_magic_to_string_method_returns_body" class="Hyde\Framework\Testing\Unit\MarkdownDocumentTest" classname="Hyde.Framework.Testing.Unit.MarkdownDocumentTest" file="/home/runner/work/develop/develop/packages/framework/tests/Unit/MarkdownDocumentTest.php" line="38" assertions="1" time="0.020584"/>
        <testcase name="test_compile_method_returns_rendered_html" class="Hyde\Framework\Testing\Unit\MarkdownDocumentTest" classname="Hyde.Framework.Testing.Unit.MarkdownDocumentTest" file="/home/runner/work/develop/develop/packages/framework/tests/Unit/MarkdownDocumentTest.php" line="44" assertions="1" time="0.021697"/>
        <testcase name="test_to_html_method_returns_rendered_as_html_string" class="Hyde\Framework\Testing\Unit\MarkdownDocumentTest" classname="Hyde.Framework.Testing.Unit.MarkdownDocumentTest" file="/home/runner/work/develop/develop/packages/framework/tests/Unit/MarkdownDocumentTest.php" line="50" assertions="2" time="0.022612"/>
        <testcase name="test_parse_method_parses_a_file_using_the_markdown_file_service" class="Hyde\Framework\Testing\Unit\MarkdownDocumentTest" classname="Hyde.Framework.Testing.Unit.MarkdownDocumentTest" file="/home/runner/work/develop/develop/packages/framework/tests/Unit/MarkdownDocumentTest.php" line="57" assertions="3" time="0.035909"/>
        <testcase name="test_to_array_method_returns_array_markdown_body_lines" class="Hyde\Framework\Testing\Unit\MarkdownDocumentTest" classname="Hyde.Framework.Testing.Unit.MarkdownDocumentTest" file="/home/runner/work/develop/develop/packages/framework/tests/Unit/MarkdownDocumentTest.php" line="67" assertions="1" time="0.022126"/>
        <testcase name="test_from_file_method_returns_new_markdown_document" class="Hyde\Framework\Testing\Unit\MarkdownDocumentTest" classname="Hyde.Framework.Testing.Unit.MarkdownDocumentTest" file="/home/runner/work/develop/develop/packages/framework/tests/Unit/MarkdownDocumentTest.php" line="73" assertions="2" time="0.021039"/>
        <testcase name="test_carriage_returns_are_normalized" class="Hyde\Framework\Testing\Unit\MarkdownDocumentTest" classname="Hyde.Framework.Testing.Unit.MarkdownDocumentTest" file="/home/runner/work/develop/develop/packages/framework/tests/Unit/MarkdownDocumentTest.php" line="88" assertions="3" time="0.020860"/>
      </testsuite>
      <testsuite name="Hyde\Framework\Testing\Unit\MarkdownFacadeTest" file="/home/runner/work/develop/develop/packages/framework/tests/Unit/MarkdownFacadeTest.php" tests="1" assertions="2" errors="0" warnings="0" failures="0" skipped="0" time="0.021110">
        <testcase name="test_render" class="Hyde\Framework\Testing\Unit\MarkdownFacadeTest" classname="Hyde.Framework.Testing.Unit.MarkdownFacadeTest" file="/home/runner/work/develop/develop/packages/framework/tests/Unit/MarkdownFacadeTest.php" line="17" assertions="2" time="0.021110"/>
      </testsuite>
      <testsuite name="Hyde\Framework\Testing\Unit\MediaDirectoryCanBeChangedTest" file="/home/runner/work/develop/develop/packages/framework/tests/Unit/MediaDirectoryCanBeChangedTest.php" tests="3" assertions="9" errors="0" warnings="0" failures="0" skipped="0" time="0.115770">
        <testcase name="test_media_output_directory_can_be_changed_for_site_builds" class="Hyde\Framework\Testing\Unit\MediaDirectoryCanBeChangedTest" classname="Hyde.Framework.Testing.Unit.MediaDirectoryCanBeChangedTest" file="/home/runner/work/develop/develop/packages/framework/tests/Unit/MediaDirectoryCanBeChangedTest.php" line="21" assertions="3" time="0.041953"/>
        <testcase name="test_media_output_directory_can_be_changed_for_site_rebuilds" class="Hyde\Framework\Testing\Unit\MediaDirectoryCanBeChangedTest" classname="Hyde.Framework.Testing.Unit.MediaDirectoryCanBeChangedTest" file="/home/runner/work/develop/develop/packages/framework/tests/Unit/MediaDirectoryCanBeChangedTest.php" line="39" assertions="3" time="0.033887"/>
        <testcase name="test_compiled_pages_have_links_to_the_right_media_file_location" class="Hyde\Framework\Testing\Unit\MediaDirectoryCanBeChangedTest" classname="Hyde.Framework.Testing.Unit.MediaDirectoryCanBeChangedTest" file="/home/runner/work/develop/develop/packages/framework/tests/Unit/MediaDirectoryCanBeChangedTest.php" line="57" assertions="3" time="0.039931"/>
      </testsuite>
      <testsuite name="Hyde\Framework\Testing\Unit\NavItemTest" file="/home/runner/work/develop/develop/packages/framework/tests/Unit/NavItemTest.php" tests="10" assertions="22" errors="0" warnings="0" failures="0" skipped="0" time="0.257765">
        <testcase name="test__construct" class="Hyde\Framework\Testing\Unit\NavItemTest" classname="Hyde.Framework.Testing.Unit.NavItemTest" file="/home/runner/work/develop/develop/packages/framework/tests/Unit/NavItemTest.php" line="20" assertions="4" time="0.026132"/>
        <testcase name="testFromRoute" class="Hyde\Framework\Testing\Unit\NavItemTest" classname="Hyde.Framework.Testing.Unit.NavItemTest" file="/home/runner/work/develop/develop/packages/framework/tests/Unit/NavItemTest.php" line="34" assertions="4" time="0.026395"/>
        <testcase name="testResolveLink" class="Hyde\Framework\Testing\Unit\NavItemTest" classname="Hyde.Framework.Testing.Unit.NavItemTest" file="/home/runner/work/develop/develop/packages/framework/tests/Unit/NavItemTest.php" line="45" assertions="1" time="0.026866"/>
        <testcase name="test__toString" class="Hyde\Framework\Testing\Unit\NavItemTest" classname="Hyde.Framework.Testing.Unit.NavItemTest" file="/home/runner/work/develop/develop/packages/framework/tests/Unit/NavItemTest.php" line="53" assertions="1" time="0.027959"/>
        <testcase name="testToLink" class="Hyde\Framework\Testing\Unit\NavItemTest" classname="Hyde.Framework.Testing.Unit.NavItemTest" file="/home/runner/work/develop/develop/packages/framework/tests/Unit/NavItemTest.php" line="61" assertions="4" time="0.021221"/>
        <testcase name="testToRoute" class="Hyde\Framework\Testing\Unit\NavItemTest" classname="Hyde.Framework.Testing.Unit.NavItemTest" file="/home/runner/work/develop/develop/packages/framework/tests/Unit/NavItemTest.php" line="71" assertions="4" time="0.026478"/>
        <testcase name="testIsCurrentRoute" class="Hyde\Framework\Testing\Unit\NavItemTest" classname="Hyde.Framework.Testing.Unit.NavItemTest" file="/home/runner/work/develop/develop/packages/framework/tests/Unit/NavItemTest.php" line="82" assertions="1" time="0.026342"/>
        <testcase name="testIsCurrentLink" class="Hyde\Framework\Testing\Unit\NavItemTest" classname="Hyde.Framework.Testing.Unit.NavItemTest" file="/home/runner/work/develop/develop/packages/framework/tests/Unit/NavItemTest.php" line="90" assertions="1" time="0.026316"/>
        <testcase name="testGetRoute" class="Hyde\Framework\Testing\Unit\NavItemTest" classname="Hyde.Framework.Testing.Unit.NavItemTest" file="/home/runner/work/develop/develop/packages/framework/tests/Unit/NavItemTest.php" line="97" assertions="1" time="0.026204"/>
        <testcase name="testGetRouteWithNoRoute" class="Hyde\Framework\Testing\Unit\NavItemTest" classname="Hyde.Framework.Testing.Unit.NavItemTest" file="/home/runner/work/develop/develop/packages/framework/tests/Unit/NavItemTest.php" line="105" assertions="1" time="0.023852"/>
      </testsuite>
      <testsuite name="Hyde\Framework\Testing\Unit\Pages\BladePageUnitTest" file="/home/runner/work/develop/develop/packages/framework/tests/Unit/Pages/BladePageUnitTest.php" tests="33" assertions="33" errors="0" warnings="0" failures="0" skipped="0" time="0.761607">
        <testcase name="testSourceDirectory" class="Hyde\Framework\Testing\Unit\Pages\BladePageUnitTest" classname="Hyde.Framework.Testing.Unit.Pages.BladePageUnitTest" file="/home/runner/work/develop/develop/packages/framework/tests/Unit/Pages/BladePageUnitTest.php" line="22" assertions="1" time="0.021605"/>
        <testcase name="testOutputDirectory" class="Hyde\Framework\Testing\Unit\Pages\BladePageUnitTest" classname="Hyde.Framework.Testing.Unit.Pages.BladePageUnitTest" file="/home/runner/work/develop/develop/packages/framework/tests/Unit/Pages/BladePageUnitTest.php" line="27" assertions="1" time="0.020906"/>
        <testcase name="testBaseRouteKey" class="Hyde\Framework\Testing\Unit\Pages\BladePageUnitTest" classname="Hyde.Framework.Testing.Unit.Pages.BladePageUnitTest" file="/home/runner/work/develop/develop/packages/framework/tests/Unit/Pages/BladePageUnitTest.php" line="32" assertions="1" time="0.020711"/>
        <testcase name="testFileExtension" class="Hyde\Framework\Testing\Unit\Pages\BladePageUnitTest" classname="Hyde.Framework.Testing.Unit.Pages.BladePageUnitTest" file="/home/runner/work/develop/develop/packages/framework/tests/Unit/Pages/BladePageUnitTest.php" line="37" assertions="1" time="0.020722"/>
        <testcase name="testSourcePath" class="Hyde\Framework\Testing\Unit\Pages\BladePageUnitTest" classname="Hyde.Framework.Testing.Unit.Pages.BladePageUnitTest" file="/home/runner/work/develop/develop/packages/framework/tests/Unit/Pages/BladePageUnitTest.php" line="42" assertions="1" time="0.020656"/>
        <testcase name="testOutputPath" class="Hyde\Framework\Testing\Unit\Pages\BladePageUnitTest" classname="Hyde.Framework.Testing.Unit.Pages.BladePageUnitTest" file="/home/runner/work/develop/develop/packages/framework/tests/Unit/Pages/BladePageUnitTest.php" line="47" assertions="1" time="0.020653"/>
        <testcase name="testPath" class="Hyde\Framework\Testing\Unit\Pages\BladePageUnitTest" classname="Hyde.Framework.Testing.Unit.Pages.BladePageUnitTest" file="/home/runner/work/develop/develop/packages/framework/tests/Unit/Pages/BladePageUnitTest.php" line="52" assertions="1" time="0.020613"/>
        <testcase name="testGetSourcePath" class="Hyde\Framework\Testing\Unit\Pages\BladePageUnitTest" classname="Hyde.Framework.Testing.Unit.Pages.BladePageUnitTest" file="/home/runner/work/develop/develop/packages/framework/tests/Unit/Pages/BladePageUnitTest.php" line="57" assertions="1" time="0.021661"/>
        <testcase name="testGetOutputPath" class="Hyde\Framework\Testing\Unit\Pages\BladePageUnitTest" classname="Hyde.Framework.Testing.Unit.Pages.BladePageUnitTest" file="/home/runner/work/develop/develop/packages/framework/tests/Unit/Pages/BladePageUnitTest.php" line="62" assertions="1" time="0.021779"/>
        <testcase name="testGetLink" class="Hyde\Framework\Testing\Unit\Pages\BladePageUnitTest" classname="Hyde.Framework.Testing.Unit.Pages.BladePageUnitTest" file="/home/runner/work/develop/develop/packages/framework/tests/Unit/Pages/BladePageUnitTest.php" line="67" assertions="1" time="0.021800"/>
        <testcase name="testMake" class="Hyde\Framework\Testing\Unit\Pages\BladePageUnitTest" classname="Hyde.Framework.Testing.Unit.Pages.BladePageUnitTest" file="/home/runner/work/develop/develop/packages/framework/tests/Unit/Pages/BladePageUnitTest.php" line="72" assertions="1" time="0.022465"/>
        <testcase name="testMakeWithData" class="Hyde\Framework\Testing\Unit\Pages\BladePageUnitTest" classname="Hyde.Framework.Testing.Unit.Pages.BladePageUnitTest" file="/home/runner/work/develop/develop/packages/framework/tests/Unit/Pages/BladePageUnitTest.php" line="77" assertions="1" time="0.023171"/>
        <testcase name="testShowInNavigation" class="Hyde\Framework\Testing\Unit\Pages\BladePageUnitTest" classname="Hyde.Framework.Testing.Unit.Pages.BladePageUnitTest" file="/home/runner/work/develop/develop/packages/framework/tests/Unit/Pages/BladePageUnitTest.php" line="82" assertions="1" time="0.036057"/>
        <testcase name="testNavigationMenuPriority" class="Hyde\Framework\Testing\Unit\Pages\BladePageUnitTest" classname="Hyde.Framework.Testing.Unit.Pages.BladePageUnitTest" file="/home/runner/work/develop/develop/packages/framework/tests/Unit/Pages/BladePageUnitTest.php" line="87" assertions="1" time="0.021716"/>
        <testcase name="testNavigationMenuLabel" class="Hyde\Framework\Testing\Unit\Pages\BladePageUnitTest" classname="Hyde.Framework.Testing.Unit.Pages.BladePageUnitTest" file="/home/runner/work/develop/develop/packages/framework/tests/Unit/Pages/BladePageUnitTest.php" line="92" assertions="1" time="0.021753"/>
        <testcase name="testNavigationMenuGroup" class="Hyde\Framework\Testing\Unit\Pages\BladePageUnitTest" classname="Hyde.Framework.Testing.Unit.Pages.BladePageUnitTest" file="/home/runner/work/develop/develop/packages/framework/tests/Unit/Pages/BladePageUnitTest.php" line="97" assertions="1" time="0.021787"/>
        <testcase name="testGetBladeView" class="Hyde\Framework\Testing\Unit\Pages\BladePageUnitTest" classname="Hyde.Framework.Testing.Unit.Pages.BladePageUnitTest" file="/home/runner/work/develop/develop/packages/framework/tests/Unit/Pages/BladePageUnitTest.php" line="102" assertions="1" time="0.023770"/>
        <testcase name="testFiles" class="Hyde\Framework\Testing\Unit\Pages\BladePageUnitTest" classname="Hyde.Framework.Testing.Unit.Pages.BladePageUnitTest" file="/home/runner/work/develop/develop/packages/framework/tests/Unit/Pages/BladePageUnitTest.php" line="107" assertions="1" time="0.026905"/>
        <testcase name="testData" class="Hyde\Framework\Testing\Unit\Pages\BladePageUnitTest" classname="Hyde.Framework.Testing.Unit.Pages.BladePageUnitTest" file="/home/runner/work/develop/develop/packages/framework/tests/Unit/Pages/BladePageUnitTest.php" line="112" assertions="1" time="0.022807"/>
        <testcase name="testGet" class="Hyde\Framework\Testing\Unit\Pages\BladePageUnitTest" classname="Hyde.Framework.Testing.Unit.Pages.BladePageUnitTest" file="/home/runner/work/develop/develop/packages/framework/tests/Unit/Pages/BladePageUnitTest.php" line="117" assertions="1" time="0.029993"/>
        <testcase name="testParse" class="Hyde\Framework\Testing\Unit\Pages\BladePageUnitTest" classname="Hyde.Framework.Testing.Unit.Pages.BladePageUnitTest" file="/home/runner/work/develop/develop/packages/framework/tests/Unit/Pages/BladePageUnitTest.php" line="123" assertions="1" time="0.022625"/>
        <testcase name="testGetRouteKey" class="Hyde\Framework\Testing\Unit\Pages\BladePageUnitTest" classname="Hyde.Framework.Testing.Unit.Pages.BladePageUnitTest" file="/home/runner/work/develop/develop/packages/framework/tests/Unit/Pages/BladePageUnitTest.php" line="128" assertions="1" time="0.022053"/>
        <testcase name="testHtmlTitle" class="Hyde\Framework\Testing\Unit\Pages\BladePageUnitTest" classname="Hyde.Framework.Testing.Unit.Pages.BladePageUnitTest" file="/home/runner/work/develop/develop/packages/framework/tests/Unit/Pages/BladePageUnitTest.php" line="133" assertions="1" time="0.022047"/>
        <testcase name="testAll" class="Hyde\Framework\Testing\Unit\Pages\BladePageUnitTest" classname="Hyde.Framework.Testing.Unit.Pages.BladePageUnitTest" file="/home/runner/work/develop/develop/packages/framework/tests/Unit/Pages/BladePageUnitTest.php" line="138" assertions="1" time="0.026504"/>
        <testcase name="testMetadata" class="Hyde\Framework\Testing\Unit\Pages\BladePageUnitTest" classname="Hyde.Framework.Testing.Unit.Pages.BladePageUnitTest" file="/home/runner/work/develop/develop/packages/framework/tests/Unit/Pages/BladePageUnitTest.php" line="143" assertions="1" time="0.021811"/>
        <testcase name="test__construct" class="Hyde\Framework\Testing\Unit\Pages\BladePageUnitTest" classname="Hyde.Framework.Testing.Unit.Pages.BladePageUnitTest" file="/home/runner/work/develop/develop/packages/framework/tests/Unit/Pages/BladePageUnitTest.php" line="148" assertions="1" time="0.021732"/>
        <testcase name="testGetRoute" class="Hyde\Framework\Testing\Unit\Pages\BladePageUnitTest" classname="Hyde.Framework.Testing.Unit.Pages.BladePageUnitTest" file="/home/runner/work/develop/develop/packages/framework/tests/Unit/Pages/BladePageUnitTest.php" line="153" assertions="1" time="0.026850"/>
        <testcase name="testGetIdentifier" class="Hyde\Framework\Testing\Unit\Pages\BladePageUnitTest" classname="Hyde.Framework.Testing.Unit.Pages.BladePageUnitTest" file="/home/runner/work/develop/develop/packages/framework/tests/Unit/Pages/BladePageUnitTest.php" line="158" assertions="1" time="0.022098"/>
        <testcase name="testHas" class="Hyde\Framework\Testing\Unit\Pages\BladePageUnitTest" classname="Hyde.Framework.Testing.Unit.Pages.BladePageUnitTest" file="/home/runner/work/develop/develop/packages/framework/tests/Unit/Pages/BladePageUnitTest.php" line="163" assertions="1" time="0.022217"/>
        <testcase name="testToCoreDataObject" class="Hyde\Framework\Testing\Unit\Pages\BladePageUnitTest" classname="Hyde.Framework.Testing.Unit.Pages.BladePageUnitTest" file="/home/runner/work/develop/develop/packages/framework/tests/Unit/Pages/BladePageUnitTest.php" line="168" assertions="1" time="0.022320"/>
        <testcase name="testConstructFactoryData" class="Hyde\Framework\Testing\Unit\Pages\BladePageUnitTest" classname="Hyde.Framework.Testing.Unit.Pages.BladePageUnitTest" file="/home/runner/work/develop/develop/packages/framework/tests/Unit/Pages/BladePageUnitTest.php" line="173" assertions="1" time="0.022685"/>
        <testcase name="testCompile" class="Hyde\Framework\Testing\Unit\Pages\BladePageUnitTest" classname="Hyde.Framework.Testing.Unit.Pages.BladePageUnitTest" file="/home/runner/work/develop/develop/packages/framework/tests/Unit/Pages/BladePageUnitTest.php" line="179" assertions="1" time="0.023153"/>
        <testcase name="testMatter" class="Hyde\Framework\Testing\Unit\Pages\BladePageUnitTest" classname="Hyde.Framework.Testing.Unit.Pages.BladePageUnitTest" file="/home/runner/work/develop/develop/packages/framework/tests/Unit/Pages/BladePageUnitTest.php" line="184" assertions="1" time="0.023980"/>
      </testsuite>
      <testsuite name="Hyde\Framework\Testing\Unit\Pages\DocumentationPageUnitTest" file="/home/runner/work/develop/develop/packages/framework/tests/Unit/Pages/DocumentationPageUnitTest.php" tests="36" assertions="37" errors="0" warnings="0" failures="0" skipped="0" time="0.841524">
        <testcase name="testSourceDirectory" class="Hyde\Framework\Testing\Unit\Pages\DocumentationPageUnitTest" classname="Hyde.Framework.Testing.Unit.Pages.DocumentationPageUnitTest" file="/home/runner/work/develop/develop/packages/framework/tests/Unit/Pages/DocumentationPageUnitTest.php" line="23" assertions="1" time="0.020275"/>
        <testcase name="testOutputDirectory" class="Hyde\Framework\Testing\Unit\Pages\DocumentationPageUnitTest" classname="Hyde.Framework.Testing.Unit.Pages.DocumentationPageUnitTest" file="/home/runner/work/develop/develop/packages/framework/tests/Unit/Pages/DocumentationPageUnitTest.php" line="28" assertions="1" time="0.020968"/>
        <testcase name="testBaseRouteKey" class="Hyde\Framework\Testing\Unit\Pages\DocumentationPageUnitTest" classname="Hyde.Framework.Testing.Unit.Pages.DocumentationPageUnitTest" file="/home/runner/work/develop/develop/packages/framework/tests/Unit/Pages/DocumentationPageUnitTest.php" line="33" assertions="1" time="0.020820"/>
        <testcase name="testFileExtension" class="Hyde\Framework\Testing\Unit\Pages\DocumentationPageUnitTest" classname="Hyde.Framework.Testing.Unit.Pages.DocumentationPageUnitTest" file="/home/runner/work/develop/develop/packages/framework/tests/Unit/Pages/DocumentationPageUnitTest.php" line="38" assertions="1" time="0.020858"/>
        <testcase name="testSourcePath" class="Hyde\Framework\Testing\Unit\Pages\DocumentationPageUnitTest" classname="Hyde.Framework.Testing.Unit.Pages.DocumentationPageUnitTest" file="/home/runner/work/develop/develop/packages/framework/tests/Unit/Pages/DocumentationPageUnitTest.php" line="43" assertions="1" time="0.020878"/>
        <testcase name="testOutputPath" class="Hyde\Framework\Testing\Unit\Pages\DocumentationPageUnitTest" classname="Hyde.Framework.Testing.Unit.Pages.DocumentationPageUnitTest" file="/home/runner/work/develop/develop/packages/framework/tests/Unit/Pages/DocumentationPageUnitTest.php" line="48" assertions="1" time="0.020888"/>
        <testcase name="testPath" class="Hyde\Framework\Testing\Unit\Pages\DocumentationPageUnitTest" classname="Hyde.Framework.Testing.Unit.Pages.DocumentationPageUnitTest" file="/home/runner/work/develop/develop/packages/framework/tests/Unit/Pages/DocumentationPageUnitTest.php" line="53" assertions="1" time="0.020807"/>
        <testcase name="testGetSourcePath" class="Hyde\Framework\Testing\Unit\Pages\DocumentationPageUnitTest" classname="Hyde.Framework.Testing.Unit.Pages.DocumentationPageUnitTest" file="/home/runner/work/develop/develop/packages/framework/tests/Unit/Pages/DocumentationPageUnitTest.php" line="58" assertions="1" time="0.021963"/>
        <testcase name="testGetOutputPath" class="Hyde\Framework\Testing\Unit\Pages\DocumentationPageUnitTest" classname="Hyde.Framework.Testing.Unit.Pages.DocumentationPageUnitTest" file="/home/runner/work/develop/develop/packages/framework/tests/Unit/Pages/DocumentationPageUnitTest.php" line="63" assertions="1" time="0.022009"/>
        <testcase name="testGetLink" class="Hyde\Framework\Testing\Unit\Pages\DocumentationPageUnitTest" classname="Hyde.Framework.Testing.Unit.Pages.DocumentationPageUnitTest" file="/home/runner/work/develop/develop/packages/framework/tests/Unit/Pages/DocumentationPageUnitTest.php" line="68" assertions="1" time="0.021844"/>
        <testcase name="testMake" class="Hyde\Framework\Testing\Unit\Pages\DocumentationPageUnitTest" classname="Hyde.Framework.Testing.Unit.Pages.DocumentationPageUnitTest" file="/home/runner/work/develop/develop/packages/framework/tests/Unit/Pages/DocumentationPageUnitTest.php" line="73" assertions="1" time="0.022894"/>
        <testcase name="testMakeWithData" class="Hyde\Framework\Testing\Unit\Pages\DocumentationPageUnitTest" classname="Hyde.Framework.Testing.Unit.Pages.DocumentationPageUnitTest" file="/home/runner/work/develop/develop/packages/framework/tests/Unit/Pages/DocumentationPageUnitTest.php" line="78" assertions="1" time="0.023629"/>
        <testcase name="testShowInNavigation" class="Hyde\Framework\Testing\Unit\Pages\DocumentationPageUnitTest" classname="Hyde.Framework.Testing.Unit.Pages.DocumentationPageUnitTest" file="/home/runner/work/develop/develop/packages/framework/tests/Unit/Pages/DocumentationPageUnitTest.php" line="83" assertions="1" time="0.021737"/>
        <testcase name="testNavigationMenuPriority" class="Hyde\Framework\Testing\Unit\Pages\DocumentationPageUnitTest" classname="Hyde.Framework.Testing.Unit.Pages.DocumentationPageUnitTest" file="/home/runner/work/develop/develop/packages/framework/tests/Unit/Pages/DocumentationPageUnitTest.php" line="88" assertions="1" time="0.021900"/>
        <testcase name="testNavigationMenuLabel" class="Hyde\Framework\Testing\Unit\Pages\DocumentationPageUnitTest" classname="Hyde.Framework.Testing.Unit.Pages.DocumentationPageUnitTest" file="/home/runner/work/develop/develop/packages/framework/tests/Unit/Pages/DocumentationPageUnitTest.php" line="93" assertions="1" time="0.022093"/>
        <testcase name="testNavigationMenuGroup" class="Hyde\Framework\Testing\Unit\Pages\DocumentationPageUnitTest" classname="Hyde.Framework.Testing.Unit.Pages.DocumentationPageUnitTest" file="/home/runner/work/develop/develop/packages/framework/tests/Unit/Pages/DocumentationPageUnitTest.php" line="98" assertions="1" time="0.037720"/>
        <testcase name="testNavigationMenuGroupWithData" class="Hyde\Framework\Testing\Unit\Pages\DocumentationPageUnitTest" classname="Hyde.Framework.Testing.Unit.Pages.DocumentationPageUnitTest" file="/home/runner/work/develop/develop/packages/framework/tests/Unit/Pages/DocumentationPageUnitTest.php" line="103" assertions="1" time="0.021887"/>
        <testcase name="testGetBladeView" class="Hyde\Framework\Testing\Unit\Pages\DocumentationPageUnitTest" classname="Hyde.Framework.Testing.Unit.Pages.DocumentationPageUnitTest" file="/home/runner/work/develop/develop/packages/framework/tests/Unit/Pages/DocumentationPageUnitTest.php" line="108" assertions="1" time="0.021922"/>
        <testcase name="testFiles" class="Hyde\Framework\Testing\Unit\Pages\DocumentationPageUnitTest" classname="Hyde.Framework.Testing.Unit.Pages.DocumentationPageUnitTest" file="/home/runner/work/develop/develop/packages/framework/tests/Unit/Pages/DocumentationPageUnitTest.php" line="113" assertions="1" time="0.026109"/>
        <testcase name="testData" class="Hyde\Framework\Testing\Unit\Pages\DocumentationPageUnitTest" classname="Hyde.Framework.Testing.Unit.Pages.DocumentationPageUnitTest" file="/home/runner/work/develop/develop/packages/framework/tests/Unit/Pages/DocumentationPageUnitTest.php" line="118" assertions="1" time="0.021680"/>
        <testcase name="testGet" class="Hyde\Framework\Testing\Unit\Pages\DocumentationPageUnitTest" classname="Hyde.Framework.Testing.Unit.Pages.DocumentationPageUnitTest" file="/home/runner/work/develop/develop/packages/framework/tests/Unit/Pages/DocumentationPageUnitTest.php" line="123" assertions="1" time="0.029214"/>
        <testcase name="testParse" class="Hyde\Framework\Testing\Unit\Pages\DocumentationPageUnitTest" classname="Hyde.Framework.Testing.Unit.Pages.DocumentationPageUnitTest" file="/home/runner/work/develop/develop/packages/framework/tests/Unit/Pages/DocumentationPageUnitTest.php" line="129" assertions="1" time="0.022534"/>
        <testcase name="testGetRouteKey" class="Hyde\Framework\Testing\Unit\Pages\DocumentationPageUnitTest" classname="Hyde.Framework.Testing.Unit.Pages.DocumentationPageUnitTest" file="/home/runner/work/develop/develop/packages/framework/tests/Unit/Pages/DocumentationPageUnitTest.php" line="135" assertions="1" time="0.021992"/>
        <testcase name="testHtmlTitle" class="Hyde\Framework\Testing\Unit\Pages\DocumentationPageUnitTest" classname="Hyde.Framework.Testing.Unit.Pages.DocumentationPageUnitTest" file="/home/runner/work/develop/develop/packages/framework/tests/Unit/Pages/DocumentationPageUnitTest.php" line="140" assertions="1" time="0.021792"/>
        <testcase name="testAll" class="Hyde\Framework\Testing\Unit\Pages\DocumentationPageUnitTest" classname="Hyde.Framework.Testing.Unit.Pages.DocumentationPageUnitTest" file="/home/runner/work/develop/develop/packages/framework/tests/Unit/Pages/DocumentationPageUnitTest.php" line="145" assertions="1" time="0.026123"/>
        <testcase name="testMetadata" class="Hyde\Framework\Testing\Unit\Pages\DocumentationPageUnitTest" classname="Hyde.Framework.Testing.Unit.Pages.DocumentationPageUnitTest" file="/home/runner/work/develop/develop/packages/framework/tests/Unit/Pages/DocumentationPageUnitTest.php" line="150" assertions="1" time="0.024063"/>
        <testcase name="test__construct" class="Hyde\Framework\Testing\Unit\Pages\DocumentationPageUnitTest" classname="Hyde.Framework.Testing.Unit.Pages.DocumentationPageUnitTest" file="/home/runner/work/develop/develop/packages/framework/tests/Unit/Pages/DocumentationPageUnitTest.php" line="155" assertions="1" time="0.021630"/>
        <testcase name="testGetRoute" class="Hyde\Framework\Testing\Unit\Pages\DocumentationPageUnitTest" classname="Hyde.Framework.Testing.Unit.Pages.DocumentationPageUnitTest" file="/home/runner/work/develop/develop/packages/framework/tests/Unit/Pages/DocumentationPageUnitTest.php" line="160" assertions="1" time="0.026811"/>
        <testcase name="testGetIdentifier" class="Hyde\Framework\Testing\Unit\Pages\DocumentationPageUnitTest" classname="Hyde.Framework.Testing.Unit.Pages.DocumentationPageUnitTest" file="/home/runner/work/develop/develop/packages/framework/tests/Unit/Pages/DocumentationPageUnitTest.php" line="165" assertions="1" time="0.021857"/>
        <testcase name="testHas" class="Hyde\Framework\Testing\Unit\Pages\DocumentationPageUnitTest" classname="Hyde.Framework.Testing.Unit.Pages.DocumentationPageUnitTest" file="/home/runner/work/develop/develop/packages/framework/tests/Unit/Pages/DocumentationPageUnitTest.php" line="170" assertions="1" time="0.021925"/>
        <testcase name="testToCoreDataObject" class="Hyde\Framework\Testing\Unit\Pages\DocumentationPageUnitTest" classname="Hyde.Framework.Testing.Unit.Pages.DocumentationPageUnitTest" file="/home/runner/work/develop/develop/packages/framework/tests/Unit/Pages/DocumentationPageUnitTest.php" line="175" assertions="1" time="0.021959"/>
        <testcase name="testConstructFactoryData" class="Hyde\Framework\Testing\Unit\Pages\DocumentationPageUnitTest" classname="Hyde.Framework.Testing.Unit.Pages.DocumentationPageUnitTest" file="/home/runner/work/develop/develop/packages/framework/tests/Unit/Pages/DocumentationPageUnitTest.php" line="180" assertions="1" time="0.022013"/>
        <testcase name="testCompile" class="Hyde\Framework\Testing\Unit\Pages\DocumentationPageUnitTest" classname="Hyde.Framework.Testing.Unit.Pages.DocumentationPageUnitTest" file="/home/runner/work/develop/develop/packages/framework/tests/Unit/Pages/DocumentationPageUnitTest.php" line="186" assertions="1" time="0.039585"/>
        <testcase name="testMatter" class="Hyde\Framework\Testing\Unit\Pages\DocumentationPageUnitTest" classname="Hyde.Framework.Testing.Unit.Pages.DocumentationPageUnitTest" file="/home/runner/work/develop/develop/packages/framework/tests/Unit/Pages/DocumentationPageUnitTest.php" line="193" assertions="1" time="0.022262"/>
        <testcase name="testMarkdown" class="Hyde\Framework\Testing\Unit\Pages\DocumentationPageUnitTest" classname="Hyde.Framework.Testing.Unit.Pages.DocumentationPageUnitTest" file="/home/runner/work/develop/develop/packages/framework/tests/Unit/Pages/DocumentationPageUnitTest.php" line="198" assertions="1" time="0.022119"/>
        <testcase name="testSave" class="Hyde\Framework\Testing\Unit\Pages\DocumentationPageUnitTest" classname="Hyde.Framework.Testing.Unit.Pages.DocumentationPageUnitTest" file="/home/runner/work/develop/develop/packages/framework/tests/Unit/Pages/DocumentationPageUnitTest.php" line="203" assertions="2" time="0.022765"/>
      </testsuite>
      <testsuite name="Hyde\Framework\Testing\Unit\Pages\HtmlPageTest" file="/home/runner/work/develop/develop/packages/framework/tests/Unit/Pages/HtmlPageTest.php" tests="2" assertions="2" errors="0" warnings="0" failures="0" skipped="0" time="0.048164">
        <testcase name="testHtmlPageCanBeCompiled" class="Hyde\Framework\Testing\Unit\Pages\HtmlPageTest" classname="Hyde.Framework.Testing.Unit.Pages.HtmlPageTest" file="/home/runner/work/develop/develop/packages/framework/tests/Unit/Pages/HtmlPageTest.php" line="15" assertions="1" time="0.025209"/>
        <testcase name="testCompileMethodUsesContents" class="Hyde\Framework\Testing\Unit\Pages\HtmlPageTest" classname="Hyde.Framework.Testing.Unit.Pages.HtmlPageTest" file="/home/runner/work/develop/develop/packages/framework/tests/Unit/Pages/HtmlPageTest.php" line="24" assertions="1" time="0.022955"/>
      </testsuite>
      <testsuite name="Hyde\Framework\Testing\Unit\Pages\HtmlPageUnitTest" file="/home/runner/work/develop/develop/packages/framework/tests/Unit/Pages/HtmlPageUnitTest.php" tests="33" assertions="33" errors="0" warnings="0" failures="0" skipped="0" time="0.767495">
        <testcase name="testSourceDirectory" class="Hyde\Framework\Testing\Unit\Pages\HtmlPageUnitTest" classname="Hyde.Framework.Testing.Unit.Pages.HtmlPageUnitTest" file="/home/runner/work/develop/develop/packages/framework/tests/Unit/Pages/HtmlPageUnitTest.php" line="22" assertions="1" time="0.020693"/>
        <testcase name="testOutputDirectory" class="Hyde\Framework\Testing\Unit\Pages\HtmlPageUnitTest" classname="Hyde.Framework.Testing.Unit.Pages.HtmlPageUnitTest" file="/home/runner/work/develop/develop/packages/framework/tests/Unit/Pages/HtmlPageUnitTest.php" line="30" assertions="1" time="0.020889"/>
        <testcase name="testBaseRouteKey" class="Hyde\Framework\Testing\Unit\Pages\HtmlPageUnitTest" classname="Hyde.Framework.Testing.Unit.Pages.HtmlPageUnitTest" file="/home/runner/work/develop/develop/packages/framework/tests/Unit/Pages/HtmlPageUnitTest.php" line="38" assertions="1" time="0.020855"/>
        <testcase name="testFileExtension" class="Hyde\Framework\Testing\Unit\Pages\HtmlPageUnitTest" classname="Hyde.Framework.Testing.Unit.Pages.HtmlPageUnitTest" file="/home/runner/work/develop/develop/packages/framework/tests/Unit/Pages/HtmlPageUnitTest.php" line="46" assertions="1" time="0.020813"/>
        <testcase name="testSourcePath" class="Hyde\Framework\Testing\Unit\Pages\HtmlPageUnitTest" classname="Hyde.Framework.Testing.Unit.Pages.HtmlPageUnitTest" file="/home/runner/work/develop/develop/packages/framework/tests/Unit/Pages/HtmlPageUnitTest.php" line="54" assertions="1" time="0.020857"/>
        <testcase name="testOutputPath" class="Hyde\Framework\Testing\Unit\Pages\HtmlPageUnitTest" classname="Hyde.Framework.Testing.Unit.Pages.HtmlPageUnitTest" file="/home/runner/work/develop/develop/packages/framework/tests/Unit/Pages/HtmlPageUnitTest.php" line="62" assertions="1" time="0.020787"/>
        <testcase name="testPath" class="Hyde\Framework\Testing\Unit\Pages\HtmlPageUnitTest" classname="Hyde.Framework.Testing.Unit.Pages.HtmlPageUnitTest" file="/home/runner/work/develop/develop/packages/framework/tests/Unit/Pages/HtmlPageUnitTest.php" line="70" assertions="1" time="0.020799"/>
        <testcase name="testGetSourcePath" class="Hyde\Framework\Testing\Unit\Pages\HtmlPageUnitTest" classname="Hyde.Framework.Testing.Unit.Pages.HtmlPageUnitTest" file="/home/runner/work/develop/develop/packages/framework/tests/Unit/Pages/HtmlPageUnitTest.php" line="78" assertions="1" time="0.021743"/>
        <testcase name="testGetOutputPath" class="Hyde\Framework\Testing\Unit\Pages\HtmlPageUnitTest" classname="Hyde.Framework.Testing.Unit.Pages.HtmlPageUnitTest" file="/home/runner/work/develop/develop/packages/framework/tests/Unit/Pages/HtmlPageUnitTest.php" line="86" assertions="1" time="0.023476"/>
        <testcase name="testGetLink" class="Hyde\Framework\Testing\Unit\Pages\HtmlPageUnitTest" classname="Hyde.Framework.Testing.Unit.Pages.HtmlPageUnitTest" file="/home/runner/work/develop/develop/packages/framework/tests/Unit/Pages/HtmlPageUnitTest.php" line="94" assertions="1" time="0.023159"/>
        <testcase name="testMake" class="Hyde\Framework\Testing\Unit\Pages\HtmlPageUnitTest" classname="Hyde.Framework.Testing.Unit.Pages.HtmlPageUnitTest" file="/home/runner/work/develop/develop/packages/framework/tests/Unit/Pages/HtmlPageUnitTest.php" line="102" assertions="1" time="0.022522"/>
        <testcase name="testMakeWithData" class="Hyde\Framework\Testing\Unit\Pages\HtmlPageUnitTest" classname="Hyde.Framework.Testing.Unit.Pages.HtmlPageUnitTest" file="/home/runner/work/develop/develop/packages/framework/tests/Unit/Pages/HtmlPageUnitTest.php" line="107" assertions="1" time="0.038368"/>
        <testcase name="testShowInNavigation" class="Hyde\Framework\Testing\Unit\Pages\HtmlPageUnitTest" classname="Hyde.Framework.Testing.Unit.Pages.HtmlPageUnitTest" file="/home/runner/work/develop/develop/packages/framework/tests/Unit/Pages/HtmlPageUnitTest.php" line="115" assertions="1" time="0.021765"/>
        <testcase name="testNavigationMenuPriority" class="Hyde\Framework\Testing\Unit\Pages\HtmlPageUnitTest" classname="Hyde.Framework.Testing.Unit.Pages.HtmlPageUnitTest" file="/home/runner/work/develop/develop/packages/framework/tests/Unit/Pages/HtmlPageUnitTest.php" line="120" assertions="1" time="0.021520"/>
        <testcase name="testNavigationMenuLabel" class="Hyde\Framework\Testing\Unit\Pages\HtmlPageUnitTest" classname="Hyde.Framework.Testing.Unit.Pages.HtmlPageUnitTest" file="/home/runner/work/develop/develop/packages/framework/tests/Unit/Pages/HtmlPageUnitTest.php" line="125" assertions="1" time="0.021767"/>
        <testcase name="testNavigationMenuGroup" class="Hyde\Framework\Testing\Unit\Pages\HtmlPageUnitTest" classname="Hyde.Framework.Testing.Unit.Pages.HtmlPageUnitTest" file="/home/runner/work/develop/develop/packages/framework/tests/Unit/Pages/HtmlPageUnitTest.php" line="130" assertions="1" time="0.021830"/>
        <testcase name="testGetBladeView" class="Hyde\Framework\Testing\Unit\Pages\HtmlPageUnitTest" classname="Hyde.Framework.Testing.Unit.Pages.HtmlPageUnitTest" file="/home/runner/work/develop/develop/packages/framework/tests/Unit/Pages/HtmlPageUnitTest.php" line="135" assertions="1" time="0.021830"/>
        <testcase name="testFiles" class="Hyde\Framework\Testing\Unit\Pages\HtmlPageUnitTest" classname="Hyde.Framework.Testing.Unit.Pages.HtmlPageUnitTest" file="/home/runner/work/develop/develop/packages/framework/tests/Unit/Pages/HtmlPageUnitTest.php" line="140" assertions="1" time="0.026231"/>
        <testcase name="testData" class="Hyde\Framework\Testing\Unit\Pages\HtmlPageUnitTest" classname="Hyde.Framework.Testing.Unit.Pages.HtmlPageUnitTest" file="/home/runner/work/develop/develop/packages/framework/tests/Unit/Pages/HtmlPageUnitTest.php" line="145" assertions="1" time="0.021781"/>
        <testcase name="testGet" class="Hyde\Framework\Testing\Unit\Pages\HtmlPageUnitTest" classname="Hyde.Framework.Testing.Unit.Pages.HtmlPageUnitTest" file="/home/runner/work/develop/develop/packages/framework/tests/Unit/Pages/HtmlPageUnitTest.php" line="150" assertions="1" time="0.028918"/>
        <testcase name="testParse" class="Hyde\Framework\Testing\Unit\Pages\HtmlPageUnitTest" classname="Hyde.Framework.Testing.Unit.Pages.HtmlPageUnitTest" file="/home/runner/work/develop/develop/packages/framework/tests/Unit/Pages/HtmlPageUnitTest.php" line="156" assertions="1" time="0.022392"/>
        <testcase name="testGetRouteKey" class="Hyde\Framework\Testing\Unit\Pages\HtmlPageUnitTest" classname="Hyde.Framework.Testing.Unit.Pages.HtmlPageUnitTest" file="/home/runner/work/develop/develop/packages/framework/tests/Unit/Pages/HtmlPageUnitTest.php" line="162" assertions="1" time="0.021922"/>
        <testcase name="testHtmlTitle" class="Hyde\Framework\Testing\Unit\Pages\HtmlPageUnitTest" classname="Hyde.Framework.Testing.Unit.Pages.HtmlPageUnitTest" file="/home/runner/work/develop/develop/packages/framework/tests/Unit/Pages/HtmlPageUnitTest.php" line="167" assertions="1" time="0.022485"/>
        <testcase name="testAll" class="Hyde\Framework\Testing\Unit\Pages\HtmlPageUnitTest" classname="Hyde.Framework.Testing.Unit.Pages.HtmlPageUnitTest" file="/home/runner/work/develop/develop/packages/framework/tests/Unit/Pages/HtmlPageUnitTest.php" line="172" assertions="1" time="0.028782"/>
        <testcase name="testMetadata" class="Hyde\Framework\Testing\Unit\Pages\HtmlPageUnitTest" classname="Hyde.Framework.Testing.Unit.Pages.HtmlPageUnitTest" file="/home/runner/work/develop/develop/packages/framework/tests/Unit/Pages/HtmlPageUnitTest.php" line="177" assertions="1" time="0.021691"/>
        <testcase name="test__construct" class="Hyde\Framework\Testing\Unit\Pages\HtmlPageUnitTest" classname="Hyde.Framework.Testing.Unit.Pages.HtmlPageUnitTest" file="/home/runner/work/develop/develop/packages/framework/tests/Unit/Pages/HtmlPageUnitTest.php" line="182" assertions="1" time="0.021567"/>
        <testcase name="testGetRoute" class="Hyde\Framework\Testing\Unit\Pages\HtmlPageUnitTest" classname="Hyde.Framework.Testing.Unit.Pages.HtmlPageUnitTest" file="/home/runner/work/develop/develop/packages/framework/tests/Unit/Pages/HtmlPageUnitTest.php" line="187" assertions="1" time="0.026630"/>
        <testcase name="testGetIdentifier" class="Hyde\Framework\Testing\Unit\Pages\HtmlPageUnitTest" classname="Hyde.Framework.Testing.Unit.Pages.HtmlPageUnitTest" file="/home/runner/work/develop/develop/packages/framework/tests/Unit/Pages/HtmlPageUnitTest.php" line="192" assertions="1" time="0.021786"/>
        <testcase name="testHas" class="Hyde\Framework\Testing\Unit\Pages\HtmlPageUnitTest" classname="Hyde.Framework.Testing.Unit.Pages.HtmlPageUnitTest" file="/home/runner/work/develop/develop/packages/framework/tests/Unit/Pages/HtmlPageUnitTest.php" line="197" assertions="1" time="0.024503"/>
        <testcase name="testToCoreDataObject" class="Hyde\Framework\Testing\Unit\Pages\HtmlPageUnitTest" classname="Hyde.Framework.Testing.Unit.Pages.HtmlPageUnitTest" file="/home/runner/work/develop/develop/packages/framework/tests/Unit/Pages/HtmlPageUnitTest.php" line="202" assertions="1" time="0.021981"/>
        <testcase name="testConstructFactoryData" class="Hyde\Framework\Testing\Unit\Pages\HtmlPageUnitTest" classname="Hyde.Framework.Testing.Unit.Pages.HtmlPageUnitTest" file="/home/runner/work/develop/develop/packages/framework/tests/Unit/Pages/HtmlPageUnitTest.php" line="207" assertions="1" time="0.021994"/>
        <testcase name="testCompile" class="Hyde\Framework\Testing\Unit\Pages\HtmlPageUnitTest" classname="Hyde.Framework.Testing.Unit.Pages.HtmlPageUnitTest" file="/home/runner/work/develop/develop/packages/framework/tests/Unit/Pages/HtmlPageUnitTest.php" line="213" assertions="1" time="0.028772"/>
        <testcase name="testMatter" class="Hyde\Framework\Testing\Unit\Pages\HtmlPageUnitTest" classname="Hyde.Framework.Testing.Unit.Pages.HtmlPageUnitTest" file="/home/runner/work/develop/develop/packages/framework/tests/Unit/Pages/HtmlPageUnitTest.php" line="222" assertions="1" time="0.022388"/>
      </testsuite>
      <testsuite name="Hyde\Framework\Testing\Unit\Pages\InMemoryPageTest" file="/home/runner/work/develop/develop/packages/framework/tests/Unit/Pages/InMemoryPageTest.php" tests="15" assertions="17" errors="0" warnings="0" failures="0" skipped="0" time="0.359501">
        <testcase name="testConstructWithContentsString" class="Hyde\Framework\Testing\Unit\Pages\InMemoryPageTest" classname="Hyde.Framework.Testing.Unit.Pages.InMemoryPageTest" file="/home/runner/work/develop/develop/packages/framework/tests/Unit/Pages/InMemoryPageTest.php" line="18" assertions="1" time="0.021203"/>
        <testcase name="testMakeWithContentsString" class="Hyde\Framework\Testing\Unit\Pages\InMemoryPageTest" classname="Hyde.Framework.Testing.Unit.Pages.InMemoryPageTest" file="/home/runner/work/develop/develop/packages/framework/tests/Unit/Pages/InMemoryPageTest.php" line="23" assertions="2" time="0.024067"/>
        <testcase name="testContentsMethod" class="Hyde\Framework\Testing\Unit\Pages\InMemoryPageTest" classname="Hyde.Framework.Testing.Unit.Pages.InMemoryPageTest" file="/home/runner/work/develop/develop/packages/framework/tests/Unit/Pages/InMemoryPageTest.php" line="29" assertions="1" time="0.022033"/>
        <testcase name="testViewMethod" class="Hyde\Framework\Testing\Unit\Pages\InMemoryPageTest" classname="Hyde.Framework.Testing.Unit.Pages.InMemoryPageTest" file="/home/runner/work/develop/develop/packages/framework/tests/Unit/Pages/InMemoryPageTest.php" line="34" assertions="1" time="0.022498"/>
        <testcase name="testCompileMethodUsesContentsProperty" class="Hyde\Framework\Testing\Unit\Pages\InMemoryPageTest" classname="Hyde.Framework.Testing.Unit.Pages.InMemoryPageTest" file="/home/runner/work/develop/develop/packages/framework/tests/Unit/Pages/InMemoryPageTest.php" line="39" assertions="1" time="0.022923"/>
        <testcase name="testCompileMethodUsesViewProperty" class="Hyde\Framework\Testing\Unit\Pages\InMemoryPageTest" classname="Hyde.Framework.Testing.Unit.Pages.InMemoryPageTest" file="/home/runner/work/develop/develop/packages/framework/tests/Unit/Pages/InMemoryPageTest.php" line="44" assertions="1" time="0.023742"/>
        <testcase name="testCompileMethodUsingViewCompileAndFrontMatter" class="Hyde\Framework\Testing\Unit\Pages\InMemoryPageTest" classname="Hyde.Framework.Testing.Unit.Pages.InMemoryPageTest" file="/home/runner/work/develop/develop/packages/framework/tests/Unit/Pages/InMemoryPageTest.php" line="50" assertions="1" time="0.023790"/>
        <testcase name="testCompileMethodPrefersContentsPropertyOverView" class="Hyde\Framework\Testing\Unit\Pages\InMemoryPageTest" classname="Hyde.Framework.Testing.Unit.Pages.InMemoryPageTest" file="/home/runner/work/develop/develop/packages/framework/tests/Unit/Pages/InMemoryPageTest.php" line="56" assertions="1" time="0.025399"/>
        <testcase name="testCompileMethodCanCompileAnonymousViewFiles" class="Hyde\Framework\Testing\Unit\Pages\InMemoryPageTest" classname="Hyde.Framework.Testing.Unit.Pages.InMemoryPageTest" file="/home/runner/work/develop/develop/packages/framework/tests/Unit/Pages/InMemoryPageTest.php" line="62" assertions="1" time="0.023994"/>
        <testcase name="testCompileMethodCanCompileAnonymousViewFilesWithFrontMatter" class="Hyde\Framework\Testing\Unit\Pages\InMemoryPageTest" classname="Hyde.Framework.Testing.Unit.Pages.InMemoryPageTest" file="/home/runner/work/develop/develop/packages/framework/tests/Unit/Pages/InMemoryPageTest.php" line="68" assertions="1" time="0.024246"/>
        <testcase name="testCanCreateInstanceMacros" class="Hyde\Framework\Testing\Unit\Pages\InMemoryPageTest" classname="Hyde.Framework.Testing.Unit.Pages.InMemoryPageTest" file="/home/runner/work/develop/develop/packages/framework/tests/Unit/Pages/InMemoryPageTest.php" line="74" assertions="1" time="0.022184"/>
        <testcase name="testCanCreateInstanceMacrosUsingCallableObject" class="Hyde\Framework\Testing\Unit\Pages\InMemoryPageTest" classname="Hyde.Framework.Testing.Unit.Pages.InMemoryPageTest" file="/home/runner/work/develop/develop/packages/framework/tests/Unit/Pages/InMemoryPageTest.php" line="86" assertions="1" time="0.022168"/>
        <testcase name="testCallingMacroWithArguments" class="Hyde\Framework\Testing\Unit\Pages\InMemoryPageTest" classname="Hyde.Framework.Testing.Unit.Pages.InMemoryPageTest" file="/home/runner/work/develop/develop/packages/framework/tests/Unit/Pages/InMemoryPageTest.php" line="102" assertions="1" time="0.022080"/>
        <testcase name="testCanUseMacrosToOverloadClassCompileMethod" class="Hyde\Framework\Testing\Unit\Pages\InMemoryPageTest" classname="Hyde.Framework.Testing.Unit.Pages.InMemoryPageTest" file="/home/runner/work/develop/develop/packages/framework/tests/Unit/Pages/InMemoryPageTest.php" line="114" assertions="1" time="0.021832"/>
        <testcase name="testCallingUndefinedMacro" class="Hyde\Framework\Testing\Unit\Pages\InMemoryPageTest" classname="Hyde.Framework.Testing.Unit.Pages.InMemoryPageTest" file="/home/runner/work/develop/develop/packages/framework/tests/Unit/Pages/InMemoryPageTest.php" line="125" assertions="2" time="0.037342"/>
      </testsuite>
      <testsuite name="Hyde\Framework\Testing\Unit\Pages\InMemoryPageUnitTest" file="/home/runner/work/develop/develop/packages/framework/tests/Unit/Pages/InMemoryPageUnitTest.php" tests="33" assertions="33" errors="0" warnings="0" failures="0" skipped="0" time="0.756605">
        <testcase name="testSourceDirectory" class="Hyde\Framework\Testing\Unit\Pages\InMemoryPageUnitTest" classname="Hyde.Framework.Testing.Unit.Pages.InMemoryPageUnitTest" file="/home/runner/work/develop/develop/packages/framework/tests/Unit/Pages/InMemoryPageUnitTest.php" line="25" assertions="1" time="0.020266"/>
        <testcase name="testOutputDirectory" class="Hyde\Framework\Testing\Unit\Pages\InMemoryPageUnitTest" classname="Hyde.Framework.Testing.Unit.Pages.InMemoryPageUnitTest" file="/home/runner/work/develop/develop/packages/framework/tests/Unit/Pages/InMemoryPageUnitTest.php" line="33" assertions="1" time="0.020791"/>
        <testcase name="testBaseRouteKey" class="Hyde\Framework\Testing\Unit\Pages\InMemoryPageUnitTest" classname="Hyde.Framework.Testing.Unit.Pages.InMemoryPageUnitTest" file="/home/runner/work/develop/develop/packages/framework/tests/Unit/Pages/InMemoryPageUnitTest.php" line="41" assertions="1" time="0.020758"/>
        <testcase name="testFileExtension" class="Hyde\Framework\Testing\Unit\Pages\InMemoryPageUnitTest" classname="Hyde.Framework.Testing.Unit.Pages.InMemoryPageUnitTest" file="/home/runner/work/develop/develop/packages/framework/tests/Unit/Pages/InMemoryPageUnitTest.php" line="49" assertions="1" time="0.020984"/>
        <testcase name="testSourcePath" class="Hyde\Framework\Testing\Unit\Pages\InMemoryPageUnitTest" classname="Hyde.Framework.Testing.Unit.Pages.InMemoryPageUnitTest" file="/home/runner/work/develop/develop/packages/framework/tests/Unit/Pages/InMemoryPageUnitTest.php" line="57" assertions="1" time="0.021319"/>
        <testcase name="testOutputPath" class="Hyde\Framework\Testing\Unit\Pages\InMemoryPageUnitTest" classname="Hyde.Framework.Testing.Unit.Pages.InMemoryPageUnitTest" file="/home/runner/work/develop/develop/packages/framework/tests/Unit/Pages/InMemoryPageUnitTest.php" line="65" assertions="1" time="0.021269"/>
        <testcase name="testPath" class="Hyde\Framework\Testing\Unit\Pages\InMemoryPageUnitTest" classname="Hyde.Framework.Testing.Unit.Pages.InMemoryPageUnitTest" file="/home/runner/work/develop/develop/packages/framework/tests/Unit/Pages/InMemoryPageUnitTest.php" line="73" assertions="1" time="0.020936"/>
        <testcase name="testGetSourcePath" class="Hyde\Framework\Testing\Unit\Pages\InMemoryPageUnitTest" classname="Hyde.Framework.Testing.Unit.Pages.InMemoryPageUnitTest" file="/home/runner/work/develop/develop/packages/framework/tests/Unit/Pages/InMemoryPageUnitTest.php" line="81" assertions="1" time="0.023102"/>
        <testcase name="testGetOutputPath" class="Hyde\Framework\Testing\Unit\Pages\InMemoryPageUnitTest" classname="Hyde.Framework.Testing.Unit.Pages.InMemoryPageUnitTest" file="/home/runner/work/develop/develop/packages/framework/tests/Unit/Pages/InMemoryPageUnitTest.php" line="89" assertions="1" time="0.021860"/>
        <testcase name="testGetLink" class="Hyde\Framework\Testing\Unit\Pages\InMemoryPageUnitTest" classname="Hyde.Framework.Testing.Unit.Pages.InMemoryPageUnitTest" file="/home/runner/work/develop/develop/packages/framework/tests/Unit/Pages/InMemoryPageUnitTest.php" line="97" assertions="1" time="0.021934"/>
        <testcase name="testMake" class="Hyde\Framework\Testing\Unit\Pages\InMemoryPageUnitTest" classname="Hyde.Framework.Testing.Unit.Pages.InMemoryPageUnitTest" file="/home/runner/work/develop/develop/packages/framework/tests/Unit/Pages/InMemoryPageUnitTest.php" line="105" assertions="1" time="0.025354"/>
        <testcase name="testMakeWithData" class="Hyde\Framework\Testing\Unit\Pages\InMemoryPageUnitTest" classname="Hyde.Framework.Testing.Unit.Pages.InMemoryPageUnitTest" file="/home/runner/work/develop/develop/packages/framework/tests/Unit/Pages/InMemoryPageUnitTest.php" line="110" assertions="1" time="0.023489"/>
        <testcase name="testShowInNavigation" class="Hyde\Framework\Testing\Unit\Pages\InMemoryPageUnitTest" classname="Hyde.Framework.Testing.Unit.Pages.InMemoryPageUnitTest" file="/home/runner/work/develop/develop/packages/framework/tests/Unit/Pages/InMemoryPageUnitTest.php" line="118" assertions="1" time="0.021925"/>
        <testcase name="testNavigationMenuPriority" class="Hyde\Framework\Testing\Unit\Pages\InMemoryPageUnitTest" classname="Hyde.Framework.Testing.Unit.Pages.InMemoryPageUnitTest" file="/home/runner/work/develop/develop/packages/framework/tests/Unit/Pages/InMemoryPageUnitTest.php" line="123" assertions="1" time="0.021883"/>
        <testcase name="testNavigationMenuLabel" class="Hyde\Framework\Testing\Unit\Pages\InMemoryPageUnitTest" classname="Hyde.Framework.Testing.Unit.Pages.InMemoryPageUnitTest" file="/home/runner/work/develop/develop/packages/framework/tests/Unit/Pages/InMemoryPageUnitTest.php" line="128" assertions="1" time="0.024452"/>
        <testcase name="testNavigationMenuGroup" class="Hyde\Framework\Testing\Unit\Pages\InMemoryPageUnitTest" classname="Hyde.Framework.Testing.Unit.Pages.InMemoryPageUnitTest" file="/home/runner/work/develop/develop/packages/framework/tests/Unit/Pages/InMemoryPageUnitTest.php" line="133" assertions="1" time="0.021867"/>
        <testcase name="testGetBladeView" class="Hyde\Framework\Testing\Unit\Pages\InMemoryPageUnitTest" classname="Hyde.Framework.Testing.Unit.Pages.InMemoryPageUnitTest" file="/home/runner/work/develop/develop/packages/framework/tests/Unit/Pages/InMemoryPageUnitTest.php" line="138" assertions="1" time="0.021985"/>
        <testcase name="testFiles" class="Hyde\Framework\Testing\Unit\Pages\InMemoryPageUnitTest" classname="Hyde.Framework.Testing.Unit.Pages.InMemoryPageUnitTest" file="/home/runner/work/develop/develop/packages/framework/tests/Unit/Pages/InMemoryPageUnitTest.php" line="143" assertions="1" time="0.026344"/>
        <testcase name="testData" class="Hyde\Framework\Testing\Unit\Pages\InMemoryPageUnitTest" classname="Hyde.Framework.Testing.Unit.Pages.InMemoryPageUnitTest" file="/home/runner/work/develop/develop/packages/framework/tests/Unit/Pages/InMemoryPageUnitTest.php" line="148" assertions="1" time="0.022122"/>
        <testcase name="testGet" class="Hyde\Framework\Testing\Unit\Pages\InMemoryPageUnitTest" classname="Hyde.Framework.Testing.Unit.Pages.InMemoryPageUnitTest" file="/home/runner/work/develop/develop/packages/framework/tests/Unit/Pages/InMemoryPageUnitTest.php" line="153" assertions="1" time="0.027456"/>
        <testcase name="testParse" class="Hyde\Framework\Testing\Unit\Pages\InMemoryPageUnitTest" classname="Hyde.Framework.Testing.Unit.Pages.InMemoryPageUnitTest" file="/home/runner/work/develop/develop/packages/framework/tests/Unit/Pages/InMemoryPageUnitTest.php" line="160" assertions="1" time="0.022865"/>
        <testcase name="testGetRouteKey" class="Hyde\Framework\Testing\Unit\Pages\InMemoryPageUnitTest" classname="Hyde.Framework.Testing.Unit.Pages.InMemoryPageUnitTest" file="/home/runner/work/develop/develop/packages/framework/tests/Unit/Pages/InMemoryPageUnitTest.php" line="166" assertions="1" time="0.022275"/>
        <testcase name="testHtmlTitle" class="Hyde\Framework\Testing\Unit\Pages\InMemoryPageUnitTest" classname="Hyde.Framework.Testing.Unit.Pages.InMemoryPageUnitTest" file="/home/runner/work/develop/develop/packages/framework/tests/Unit/Pages/InMemoryPageUnitTest.php" line="171" assertions="1" time="0.022018"/>
        <testcase name="testAll" class="Hyde\Framework\Testing\Unit\Pages\InMemoryPageUnitTest" classname="Hyde.Framework.Testing.Unit.Pages.InMemoryPageUnitTest" file="/home/runner/work/develop/develop/packages/framework/tests/Unit/Pages/InMemoryPageUnitTest.php" line="176" assertions="1" time="0.026222"/>
        <testcase name="testMetadata" class="Hyde\Framework\Testing\Unit\Pages\InMemoryPageUnitTest" classname="Hyde.Framework.Testing.Unit.Pages.InMemoryPageUnitTest" file="/home/runner/work/develop/develop/packages/framework/tests/Unit/Pages/InMemoryPageUnitTest.php" line="181" assertions="1" time="0.021842"/>
        <testcase name="test__construct" class="Hyde\Framework\Testing\Unit\Pages\InMemoryPageUnitTest" classname="Hyde.Framework.Testing.Unit.Pages.InMemoryPageUnitTest" file="/home/runner/work/develop/develop/packages/framework/tests/Unit/Pages/InMemoryPageUnitTest.php" line="186" assertions="1" time="0.021858"/>
        <testcase name="testGetRoute" class="Hyde\Framework\Testing\Unit\Pages\InMemoryPageUnitTest" classname="Hyde.Framework.Testing.Unit.Pages.InMemoryPageUnitTest" file="/home/runner/work/develop/develop/packages/framework/tests/Unit/Pages/InMemoryPageUnitTest.php" line="191" assertions="1" time="0.029888"/>
        <testcase name="testGetIdentifier" class="Hyde\Framework\Testing\Unit\Pages\InMemoryPageUnitTest" classname="Hyde.Framework.Testing.Unit.Pages.InMemoryPageUnitTest" file="/home/runner/work/develop/develop/packages/framework/tests/Unit/Pages/InMemoryPageUnitTest.php" line="196" assertions="1" time="0.022238"/>
        <testcase name="testHas" class="Hyde\Framework\Testing\Unit\Pages\InMemoryPageUnitTest" classname="Hyde.Framework.Testing.Unit.Pages.InMemoryPageUnitTest" file="/home/runner/work/develop/develop/packages/framework/tests/Unit/Pages/InMemoryPageUnitTest.php" line="201" assertions="1" time="0.021997"/>
        <testcase name="testToCoreDataObject" class="Hyde\Framework\Testing\Unit\Pages\InMemoryPageUnitTest" classname="Hyde.Framework.Testing.Unit.Pages.InMemoryPageUnitTest" file="/home/runner/work/develop/develop/packages/framework/tests/Unit/Pages/InMemoryPageUnitTest.php" line="206" assertions="1" time="0.022071"/>
        <testcase name="testConstructFactoryData" class="Hyde\Framework\Testing\Unit\Pages\InMemoryPageUnitTest" classname="Hyde.Framework.Testing.Unit.Pages.InMemoryPageUnitTest" file="/home/runner/work/develop/develop/packages/framework/tests/Unit/Pages/InMemoryPageUnitTest.php" line="211" assertions="1" time="0.022298"/>
        <testcase name="testCompile" class="Hyde\Framework\Testing\Unit\Pages\InMemoryPageUnitTest" classname="Hyde.Framework.Testing.Unit.Pages.InMemoryPageUnitTest" file="/home/runner/work/develop/develop/packages/framework/tests/Unit/Pages/InMemoryPageUnitTest.php" line="217" assertions="1" time="0.028814"/>
        <testcase name="testMatter" class="Hyde\Framework\Testing\Unit\Pages\InMemoryPageUnitTest" classname="Hyde.Framework.Testing.Unit.Pages.InMemoryPageUnitTest" file="/home/runner/work/develop/develop/packages/framework/tests/Unit/Pages/InMemoryPageUnitTest.php" line="226" assertions="1" time="0.022125"/>
      </testsuite>
      <testsuite name="Hyde\Framework\Testing\Unit\Pages\MarkdownPageModelConstructorArgumentsAreOptionalTest" file="/home/runner/work/develop/develop/packages/framework/tests/Unit/Pages/MarkdownPageModelConstructorArgumentsAreOptionalTest.php" tests="1" assertions="3" errors="0" warnings="0" failures="0" skipped="0" time="0.025133">
        <testcase name="test_markdown_page_model_constructor_arguments_are_optional" class="Hyde\Framework\Testing\Unit\Pages\MarkdownPageModelConstructorArgumentsAreOptionalTest" classname="Hyde.Framework.Testing.Unit.Pages.MarkdownPageModelConstructorArgumentsAreOptionalTest" file="/home/runner/work/develop/develop/packages/framework/tests/Unit/Pages/MarkdownPageModelConstructorArgumentsAreOptionalTest.php" line="14" assertions="3" time="0.025133"/>
      </testsuite>
      <testsuite name="Hyde\Framework\Testing\Unit\Pages\MarkdownPageTest" file="/home/runner/work/develop/develop/packages/framework/tests/Unit/Pages/MarkdownPageTest.php" tests="3" assertions="6" errors="0" warnings="0" failures="0" skipped="0" time="0.090792">
        <testcase name="test_can_get_collection_of_slugs" class="Hyde\Framework\Testing\Unit\Pages\MarkdownPageTest" classname="Hyde.Framework.Testing.Unit.Pages.MarkdownPageTest" file="/home/runner/work/develop/develop/packages/framework/tests/Unit/Pages/MarkdownPageTest.php" line="18" assertions="1" time="0.027883"/>
        <testcase name="test_created_model_contains_expected_data" class="Hyde\Framework\Testing\Unit\Pages\MarkdownPageTest" classname="Hyde.Framework.Testing.Unit.Pages.MarkdownPageTest" file="/home/runner/work/develop/develop/packages/framework/tests/Unit/Pages/MarkdownPageTest.php" line="24" assertions="3" time="0.023151"/>
        <testcase name="test_can_render_markdown_page" class="Hyde\Framework\Testing\Unit\Pages\MarkdownPageTest" classname="Hyde.Framework.Testing.Unit.Pages.MarkdownPageTest" file="/home/runner/work/develop/develop/packages/framework/tests/Unit/Pages/MarkdownPageTest.php" line="34" assertions="2" time="0.039759"/>
      </testsuite>
      <testsuite name="Hyde\Framework\Testing\Unit\Pages\MarkdownPageUnitTest" file="/home/runner/work/develop/develop/packages/framework/tests/Unit/Pages/MarkdownPageUnitTest.php" tests="35" assertions="36" errors="0" warnings="0" failures="0" skipped="0" time="0.826606">
        <testcase name="testSourceDirectory" class="Hyde\Framework\Testing\Unit\Pages\MarkdownPageUnitTest" classname="Hyde.Framework.Testing.Unit.Pages.MarkdownPageUnitTest" file="/home/runner/work/develop/develop/packages/framework/tests/Unit/Pages/MarkdownPageUnitTest.php" line="23" assertions="1" time="0.020539"/>
        <testcase name="testOutputDirectory" class="Hyde\Framework\Testing\Unit\Pages\MarkdownPageUnitTest" classname="Hyde.Framework.Testing.Unit.Pages.MarkdownPageUnitTest" file="/home/runner/work/develop/develop/packages/framework/tests/Unit/Pages/MarkdownPageUnitTest.php" line="31" assertions="1" time="0.021064"/>
        <testcase name="testBaseRouteKey" class="Hyde\Framework\Testing\Unit\Pages\MarkdownPageUnitTest" classname="Hyde.Framework.Testing.Unit.Pages.MarkdownPageUnitTest" file="/home/runner/work/develop/develop/packages/framework/tests/Unit/Pages/MarkdownPageUnitTest.php" line="39" assertions="1" time="0.020866"/>
        <testcase name="testFileExtension" class="Hyde\Framework\Testing\Unit\Pages\MarkdownPageUnitTest" classname="Hyde.Framework.Testing.Unit.Pages.MarkdownPageUnitTest" file="/home/runner/work/develop/develop/packages/framework/tests/Unit/Pages/MarkdownPageUnitTest.php" line="47" assertions="1" time="0.021221"/>
        <testcase name="testSourcePath" class="Hyde\Framework\Testing\Unit\Pages\MarkdownPageUnitTest" classname="Hyde.Framework.Testing.Unit.Pages.MarkdownPageUnitTest" file="/home/runner/work/develop/develop/packages/framework/tests/Unit/Pages/MarkdownPageUnitTest.php" line="55" assertions="1" time="0.022101"/>
        <testcase name="testOutputPath" class="Hyde\Framework\Testing\Unit\Pages\MarkdownPageUnitTest" classname="Hyde.Framework.Testing.Unit.Pages.MarkdownPageUnitTest" file="/home/runner/work/develop/develop/packages/framework/tests/Unit/Pages/MarkdownPageUnitTest.php" line="63" assertions="1" time="0.020764"/>
        <testcase name="testPath" class="Hyde\Framework\Testing\Unit\Pages\MarkdownPageUnitTest" classname="Hyde.Framework.Testing.Unit.Pages.MarkdownPageUnitTest" file="/home/runner/work/develop/develop/packages/framework/tests/Unit/Pages/MarkdownPageUnitTest.php" line="71" assertions="1" time="0.020890"/>
        <testcase name="testGetSourcePath" class="Hyde\Framework\Testing\Unit\Pages\MarkdownPageUnitTest" classname="Hyde.Framework.Testing.Unit.Pages.MarkdownPageUnitTest" file="/home/runner/work/develop/develop/packages/framework/tests/Unit/Pages/MarkdownPageUnitTest.php" line="79" assertions="1" time="0.023062"/>
        <testcase name="testGetOutputPath" class="Hyde\Framework\Testing\Unit\Pages\MarkdownPageUnitTest" classname="Hyde.Framework.Testing.Unit.Pages.MarkdownPageUnitTest" file="/home/runner/work/develop/develop/packages/framework/tests/Unit/Pages/MarkdownPageUnitTest.php" line="87" assertions="1" time="0.024628"/>
        <testcase name="testGetLink" class="Hyde\Framework\Testing\Unit\Pages\MarkdownPageUnitTest" classname="Hyde.Framework.Testing.Unit.Pages.MarkdownPageUnitTest" file="/home/runner/work/develop/develop/packages/framework/tests/Unit/Pages/MarkdownPageUnitTest.php" line="95" assertions="1" time="0.021890"/>
        <testcase name="testMake" class="Hyde\Framework\Testing\Unit\Pages\MarkdownPageUnitTest" classname="Hyde.Framework.Testing.Unit.Pages.MarkdownPageUnitTest" file="/home/runner/work/develop/develop/packages/framework/tests/Unit/Pages/MarkdownPageUnitTest.php" line="103" assertions="1" time="0.022541"/>
        <testcase name="testMakeWithData" class="Hyde\Framework\Testing\Unit\Pages\MarkdownPageUnitTest" classname="Hyde.Framework.Testing.Unit.Pages.MarkdownPageUnitTest" file="/home/runner/work/develop/develop/packages/framework/tests/Unit/Pages/MarkdownPageUnitTest.php" line="108" assertions="1" time="0.023202"/>
        <testcase name="testShowInNavigation" class="Hyde\Framework\Testing\Unit\Pages\MarkdownPageUnitTest" classname="Hyde.Framework.Testing.Unit.Pages.MarkdownPageUnitTest" file="/home/runner/work/develop/develop/packages/framework/tests/Unit/Pages/MarkdownPageUnitTest.php" line="116" assertions="1" time="0.021569"/>
        <testcase name="testNavigationMenuPriority" class="Hyde\Framework\Testing\Unit\Pages\MarkdownPageUnitTest" classname="Hyde.Framework.Testing.Unit.Pages.MarkdownPageUnitTest" file="/home/runner/work/develop/develop/packages/framework/tests/Unit/Pages/MarkdownPageUnitTest.php" line="121" assertions="1" time="0.021757"/>
        <testcase name="testNavigationMenuLabel" class="Hyde\Framework\Testing\Unit\Pages\MarkdownPageUnitTest" classname="Hyde.Framework.Testing.Unit.Pages.MarkdownPageUnitTest" file="/home/runner/work/develop/develop/packages/framework/tests/Unit/Pages/MarkdownPageUnitTest.php" line="126" assertions="1" time="0.022089"/>
        <testcase name="testNavigationMenuGroup" class="Hyde\Framework\Testing\Unit\Pages\MarkdownPageUnitTest" classname="Hyde.Framework.Testing.Unit.Pages.MarkdownPageUnitTest" file="/home/runner/work/develop/develop/packages/framework/tests/Unit/Pages/MarkdownPageUnitTest.php" line="131" assertions="1" time="0.022109"/>
        <testcase name="testGetBladeView" class="Hyde\Framework\Testing\Unit\Pages\MarkdownPageUnitTest" classname="Hyde.Framework.Testing.Unit.Pages.MarkdownPageUnitTest" file="/home/runner/work/develop/develop/packages/framework/tests/Unit/Pages/MarkdownPageUnitTest.php" line="136" assertions="1" time="0.021951"/>
        <testcase name="testFiles" class="Hyde\Framework\Testing\Unit\Pages\MarkdownPageUnitTest" classname="Hyde.Framework.Testing.Unit.Pages.MarkdownPageUnitTest" file="/home/runner/work/develop/develop/packages/framework/tests/Unit/Pages/MarkdownPageUnitTest.php" line="141" assertions="1" time="0.026325"/>
        <testcase name="testData" class="Hyde\Framework\Testing\Unit\Pages\MarkdownPageUnitTest" classname="Hyde.Framework.Testing.Unit.Pages.MarkdownPageUnitTest" file="/home/runner/work/develop/develop/packages/framework/tests/Unit/Pages/MarkdownPageUnitTest.php" line="146" assertions="1" time="0.021945"/>
        <testcase name="testGet" class="Hyde\Framework\Testing\Unit\Pages\MarkdownPageUnitTest" classname="Hyde.Framework.Testing.Unit.Pages.MarkdownPageUnitTest" file="/home/runner/work/develop/develop/packages/framework/tests/Unit/Pages/MarkdownPageUnitTest.php" line="151" assertions="1" time="0.029511"/>
        <testcase name="testParse" class="Hyde\Framework\Testing\Unit\Pages\MarkdownPageUnitTest" classname="Hyde.Framework.Testing.Unit.Pages.MarkdownPageUnitTest" file="/home/runner/work/develop/develop/packages/framework/tests/Unit/Pages/MarkdownPageUnitTest.php" line="157" assertions="1" time="0.022861"/>
        <testcase name="testGetRouteKey" class="Hyde\Framework\Testing\Unit\Pages\MarkdownPageUnitTest" classname="Hyde.Framework.Testing.Unit.Pages.MarkdownPageUnitTest" file="/home/runner/work/develop/develop/packages/framework/tests/Unit/Pages/MarkdownPageUnitTest.php" line="163" assertions="1" time="0.022032"/>
        <testcase name="testHtmlTitle" class="Hyde\Framework\Testing\Unit\Pages\MarkdownPageUnitTest" classname="Hyde.Framework.Testing.Unit.Pages.MarkdownPageUnitTest" file="/home/runner/work/develop/develop/packages/framework/tests/Unit/Pages/MarkdownPageUnitTest.php" line="168" assertions="1" time="0.021788"/>
        <testcase name="testAll" class="Hyde\Framework\Testing\Unit\Pages\MarkdownPageUnitTest" classname="Hyde.Framework.Testing.Unit.Pages.MarkdownPageUnitTest" file="/home/runner/work/develop/develop/packages/framework/tests/Unit/Pages/MarkdownPageUnitTest.php" line="173" assertions="1" time="0.026514"/>
        <testcase name="testMetadata" class="Hyde\Framework\Testing\Unit\Pages\MarkdownPageUnitTest" classname="Hyde.Framework.Testing.Unit.Pages.MarkdownPageUnitTest" file="/home/runner/work/develop/develop/packages/framework/tests/Unit/Pages/MarkdownPageUnitTest.php" line="178" assertions="1" time="0.021813"/>
        <testcase name="test__construct" class="Hyde\Framework\Testing\Unit\Pages\MarkdownPageUnitTest" classname="Hyde.Framework.Testing.Unit.Pages.MarkdownPageUnitTest" file="/home/runner/work/develop/develop/packages/framework/tests/Unit/Pages/MarkdownPageUnitTest.php" line="183" assertions="1" time="0.021660"/>
        <testcase name="testGetRoute" class="Hyde\Framework\Testing\Unit\Pages\MarkdownPageUnitTest" classname="Hyde.Framework.Testing.Unit.Pages.MarkdownPageUnitTest" file="/home/runner/work/develop/develop/packages/framework/tests/Unit/Pages/MarkdownPageUnitTest.php" line="188" assertions="1" time="0.029609"/>
        <testcase name="testGetIdentifier" class="Hyde\Framework\Testing\Unit\Pages\MarkdownPageUnitTest" classname="Hyde.Framework.Testing.Unit.Pages.MarkdownPageUnitTest" file="/home/runner/work/develop/develop/packages/framework/tests/Unit/Pages/MarkdownPageUnitTest.php" line="193" assertions="1" time="0.025230"/>
        <testcase name="testHas" class="Hyde\Framework\Testing\Unit\Pages\MarkdownPageUnitTest" classname="Hyde.Framework.Testing.Unit.Pages.MarkdownPageUnitTest" file="/home/runner/work/develop/develop/packages/framework/tests/Unit/Pages/MarkdownPageUnitTest.php" line="198" assertions="1" time="0.022165"/>
        <testcase name="testToCoreDataObject" class="Hyde\Framework\Testing\Unit\Pages\MarkdownPageUnitTest" classname="Hyde.Framework.Testing.Unit.Pages.MarkdownPageUnitTest" file="/home/runner/work/develop/develop/packages/framework/tests/Unit/Pages/MarkdownPageUnitTest.php" line="203" assertions="1" time="0.022283"/>
        <testcase name="testConstructFactoryData" class="Hyde\Framework\Testing\Unit\Pages\MarkdownPageUnitTest" classname="Hyde.Framework.Testing.Unit.Pages.MarkdownPageUnitTest" file="/home/runner/work/develop/develop/packages/framework/tests/Unit/Pages/MarkdownPageUnitTest.php" line="208" assertions="1" time="0.022156"/>
        <testcase name="testCompile" class="Hyde\Framework\Testing\Unit\Pages\MarkdownPageUnitTest" classname="Hyde.Framework.Testing.Unit.Pages.MarkdownPageUnitTest" file="/home/runner/work/develop/develop/packages/framework/tests/Unit/Pages/MarkdownPageUnitTest.php" line="214" assertions="1" time="0.051635"/>
        <testcase name="testMatter" class="Hyde\Framework\Testing\Unit\Pages\MarkdownPageUnitTest" classname="Hyde.Framework.Testing.Unit.Pages.MarkdownPageUnitTest" file="/home/runner/work/develop/develop/packages/framework/tests/Unit/Pages/MarkdownPageUnitTest.php" line="221" assertions="1" time="0.022398"/>
        <testcase name="testMarkdown" class="Hyde\Framework\Testing\Unit\Pages\MarkdownPageUnitTest" classname="Hyde.Framework.Testing.Unit.Pages.MarkdownPageUnitTest" file="/home/runner/work/develop/develop/packages/framework/tests/Unit/Pages/MarkdownPageUnitTest.php" line="226" assertions="1" time="0.022104"/>
        <testcase name="testSave" class="Hyde\Framework\Testing\Unit\Pages\MarkdownPageUnitTest" classname="Hyde.Framework.Testing.Unit.Pages.MarkdownPageUnitTest" file="/home/runner/work/develop/develop/packages/framework/tests/Unit/Pages/MarkdownPageUnitTest.php" line="231" assertions="2" time="0.022335"/>
      </testsuite>
      <testsuite name="Hyde\Framework\Testing\Unit\Pages\MarkdownPostHelpersTest" file="/home/runner/work/develop/develop/packages/framework/tests/Unit/Pages/MarkdownPostHelpersTest.php" tests="6" assertions="6" errors="0" warnings="0" failures="0" skipped="0" time="0.137520">
        <testcase name="test_get_current_page_path_returns_local_uri_path_for_post_slug" class="Hyde\Framework\Testing\Unit\Pages\MarkdownPostHelpersTest" classname="Hyde.Framework.Testing.Unit.Pages.MarkdownPostHelpersTest" file="/home/runner/work/develop/develop/packages/framework/tests/Unit/Pages/MarkdownPostHelpersTest.php" line="15" assertions="1" time="0.021948"/>
        <testcase name="test_get_canonical_link_returns_canonical_uri_path_for_post_slug" class="Hyde\Framework\Testing\Unit\Pages\MarkdownPostHelpersTest" classname="Hyde.Framework.Testing.Unit.Pages.MarkdownPostHelpersTest" file="/home/runner/work/develop/develop/packages/framework/tests/Unit/Pages/MarkdownPostHelpersTest.php" line="21" assertions="1" time="0.022489"/>
        <testcase name="test_get_canonical_link_returns_pretty_url_when_enabled" class="Hyde\Framework\Testing\Unit\Pages\MarkdownPostHelpersTest" classname="Hyde.Framework.Testing.Unit.Pages.MarkdownPostHelpersTest" file="/home/runner/work/develop/develop/packages/framework/tests/Unit/Pages/MarkdownPostHelpersTest.php" line="28" assertions="1" time="0.022477"/>
        <testcase name="test_get_post_description_returns_post_description_when_set_in_front_matter" class="Hyde\Framework\Testing\Unit\Pages\MarkdownPostHelpersTest" classname="Hyde.Framework.Testing.Unit.Pages.MarkdownPostHelpersTest" file="/home/runner/work/develop/develop/packages/framework/tests/Unit/Pages/MarkdownPostHelpersTest.php" line="35" assertions="1" time="0.022669"/>
        <testcase name="test_get_post_description_returns_post_body_when_no_description_set_in_front_matter" class="Hyde\Framework\Testing\Unit\Pages\MarkdownPostHelpersTest" classname="Hyde.Framework.Testing.Unit.Pages.MarkdownPostHelpersTest" file="/home/runner/work/develop/develop/packages/framework/tests/Unit/Pages/MarkdownPostHelpersTest.php" line="41" assertions="1" time="0.022577"/>
        <testcase name="test_dynamic_description_is_truncated_when_longer_than_128_characters" class="Hyde\Framework\Testing\Unit\Pages\MarkdownPostHelpersTest" classname="Hyde.Framework.Testing.Unit.Pages.MarkdownPostHelpersTest" file="/home/runner/work/develop/develop/packages/framework/tests/Unit/Pages/MarkdownPostHelpersTest.php" line="47" assertions="1" time="0.025361"/>
      </testsuite>
      <testsuite name="Hyde\Framework\Testing\Unit\Pages\MarkdownPostParserTest" file="/home/runner/work/develop/develop/packages/framework/tests/Unit/Pages/MarkdownPostParserTest.php" tests="2" assertions="11" errors="0" warnings="0" failures="0" skipped="0" time="0.046348">
        <testcase name="test_can_parse_markdown_file" class="Hyde\Framework\Testing\Unit\Pages\MarkdownPostParserTest" classname="Hyde.Framework.Testing.Unit.Pages.MarkdownPostParserTest" file="/home/runner/work/develop/develop/packages/framework/tests/Unit/Pages/MarkdownPostParserTest.php" line="41" assertions="8" time="0.022794"/>
        <testcase name="test_parsed_markdown_post_contains_valid_front_matter" class="Hyde\Framework\Testing\Unit\Pages\MarkdownPostParserTest" classname="Hyde.Framework.Testing.Unit.Pages.MarkdownPostParserTest" file="/home/runner/work/develop/develop/packages/framework/tests/Unit/Pages/MarkdownPostParserTest.php" line="54" assertions="3" time="0.023554"/>
      </testsuite>
      <testsuite name="Hyde\Framework\Testing\Unit\Pages\MarkdownPostUnitTest" file="/home/runner/work/develop/develop/packages/framework/tests/Unit/Pages/MarkdownPostUnitTest.php" tests="35" assertions="36" errors="0" warnings="0" failures="0" skipped="0" time="0.838787">
        <testcase name="testSourceDirectory" class="Hyde\Framework\Testing\Unit\Pages\MarkdownPostUnitTest" classname="Hyde.Framework.Testing.Unit.Pages.MarkdownPostUnitTest" file="/home/runner/work/develop/develop/packages/framework/tests/Unit/Pages/MarkdownPostUnitTest.php" line="23" assertions="1" time="0.020485"/>
        <testcase name="testOutputDirectory" class="Hyde\Framework\Testing\Unit\Pages\MarkdownPostUnitTest" classname="Hyde.Framework.Testing.Unit.Pages.MarkdownPostUnitTest" file="/home/runner/work/develop/develop/packages/framework/tests/Unit/Pages/MarkdownPostUnitTest.php" line="31" assertions="1" time="0.021458"/>
        <testcase name="testBaseRouteKey" class="Hyde\Framework\Testing\Unit\Pages\MarkdownPostUnitTest" classname="Hyde.Framework.Testing.Unit.Pages.MarkdownPostUnitTest" file="/home/runner/work/develop/develop/packages/framework/tests/Unit/Pages/MarkdownPostUnitTest.php" line="39" assertions="1" time="0.020875"/>
        <testcase name="testFileExtension" class="Hyde\Framework\Testing\Unit\Pages\MarkdownPostUnitTest" classname="Hyde.Framework.Testing.Unit.Pages.MarkdownPostUnitTest" file="/home/runner/work/develop/develop/packages/framework/tests/Unit/Pages/MarkdownPostUnitTest.php" line="47" assertions="1" time="0.020770"/>
        <testcase name="testSourcePath" class="Hyde\Framework\Testing\Unit\Pages\MarkdownPostUnitTest" classname="Hyde.Framework.Testing.Unit.Pages.MarkdownPostUnitTest" file="/home/runner/work/develop/develop/packages/framework/tests/Unit/Pages/MarkdownPostUnitTest.php" line="55" assertions="1" time="0.020741"/>
        <testcase name="testOutputPath" class="Hyde\Framework\Testing\Unit\Pages\MarkdownPostUnitTest" classname="Hyde.Framework.Testing.Unit.Pages.MarkdownPostUnitTest" file="/home/runner/work/develop/develop/packages/framework/tests/Unit/Pages/MarkdownPostUnitTest.php" line="63" assertions="1" time="0.020937"/>
        <testcase name="testPath" class="Hyde\Framework\Testing\Unit\Pages\MarkdownPostUnitTest" classname="Hyde.Framework.Testing.Unit.Pages.MarkdownPostUnitTest" file="/home/runner/work/develop/develop/packages/framework/tests/Unit/Pages/MarkdownPostUnitTest.php" line="71" assertions="1" time="0.020859"/>
        <testcase name="testGetSourcePath" class="Hyde\Framework\Testing\Unit\Pages\MarkdownPostUnitTest" classname="Hyde.Framework.Testing.Unit.Pages.MarkdownPostUnitTest" file="/home/runner/work/develop/develop/packages/framework/tests/Unit/Pages/MarkdownPostUnitTest.php" line="79" assertions="1" time="0.022298"/>
        <testcase name="testGetOutputPath" class="Hyde\Framework\Testing\Unit\Pages\MarkdownPostUnitTest" classname="Hyde.Framework.Testing.Unit.Pages.MarkdownPostUnitTest" file="/home/runner/work/develop/develop/packages/framework/tests/Unit/Pages/MarkdownPostUnitTest.php" line="87" assertions="1" time="0.022319"/>
        <testcase name="testGetLink" class="Hyde\Framework\Testing\Unit\Pages\MarkdownPostUnitTest" classname="Hyde.Framework.Testing.Unit.Pages.MarkdownPostUnitTest" file="/home/runner/work/develop/develop/packages/framework/tests/Unit/Pages/MarkdownPostUnitTest.php" line="95" assertions="1" time="0.022357"/>
        <testcase name="testMake" class="Hyde\Framework\Testing\Unit\Pages\MarkdownPostUnitTest" classname="Hyde.Framework.Testing.Unit.Pages.MarkdownPostUnitTest" file="/home/runner/work/develop/develop/packages/framework/tests/Unit/Pages/MarkdownPostUnitTest.php" line="103" assertions="1" time="0.023507"/>
        <testcase name="testMakeWithData" class="Hyde\Framework\Testing\Unit\Pages\MarkdownPostUnitTest" classname="Hyde.Framework.Testing.Unit.Pages.MarkdownPostUnitTest" file="/home/runner/work/develop/develop/packages/framework/tests/Unit/Pages/MarkdownPostUnitTest.php" line="108" assertions="1" time="0.027009"/>
        <testcase name="testShowInNavigation" class="Hyde\Framework\Testing\Unit\Pages\MarkdownPostUnitTest" classname="Hyde.Framework.Testing.Unit.Pages.MarkdownPostUnitTest" file="/home/runner/work/develop/develop/packages/framework/tests/Unit/Pages/MarkdownPostUnitTest.php" line="116" assertions="1" time="0.022070"/>
        <testcase name="testNavigationMenuPriority" class="Hyde\Framework\Testing\Unit\Pages\MarkdownPostUnitTest" classname="Hyde.Framework.Testing.Unit.Pages.MarkdownPostUnitTest" file="/home/runner/work/develop/develop/packages/framework/tests/Unit/Pages/MarkdownPostUnitTest.php" line="121" assertions="1" time="0.022207"/>
        <testcase name="testNavigationMenuLabel" class="Hyde\Framework\Testing\Unit\Pages\MarkdownPostUnitTest" classname="Hyde.Framework.Testing.Unit.Pages.MarkdownPostUnitTest" file="/home/runner/work/develop/develop/packages/framework/tests/Unit/Pages/MarkdownPostUnitTest.php" line="126" assertions="1" time="0.022681"/>
        <testcase name="testNavigationMenuGroup" class="Hyde\Framework\Testing\Unit\Pages\MarkdownPostUnitTest" classname="Hyde.Framework.Testing.Unit.Pages.MarkdownPostUnitTest" file="/home/runner/work/develop/develop/packages/framework/tests/Unit/Pages/MarkdownPostUnitTest.php" line="131" assertions="1" time="0.022476"/>
        <testcase name="testGetBladeView" class="Hyde\Framework\Testing\Unit\Pages\MarkdownPostUnitTest" classname="Hyde.Framework.Testing.Unit.Pages.MarkdownPostUnitTest" file="/home/runner/work/develop/develop/packages/framework/tests/Unit/Pages/MarkdownPostUnitTest.php" line="136" assertions="1" time="0.022337"/>
        <testcase name="testFiles" class="Hyde\Framework\Testing\Unit\Pages\MarkdownPostUnitTest" classname="Hyde.Framework.Testing.Unit.Pages.MarkdownPostUnitTest" file="/home/runner/work/develop/develop/packages/framework/tests/Unit/Pages/MarkdownPostUnitTest.php" line="141" assertions="1" time="0.026318"/>
        <testcase name="testData" class="Hyde\Framework\Testing\Unit\Pages\MarkdownPostUnitTest" classname="Hyde.Framework.Testing.Unit.Pages.MarkdownPostUnitTest" file="/home/runner/work/develop/develop/packages/framework/tests/Unit/Pages/MarkdownPostUnitTest.php" line="146" assertions="1" time="0.022278"/>
        <testcase name="testGet" class="Hyde\Framework\Testing\Unit\Pages\MarkdownPostUnitTest" classname="Hyde.Framework.Testing.Unit.Pages.MarkdownPostUnitTest" file="/home/runner/work/develop/develop/packages/framework/tests/Unit/Pages/MarkdownPostUnitTest.php" line="151" assertions="1" time="0.030363"/>
        <testcase name="testParse" class="Hyde\Framework\Testing\Unit\Pages\MarkdownPostUnitTest" classname="Hyde.Framework.Testing.Unit.Pages.MarkdownPostUnitTest" file="/home/runner/work/develop/develop/packages/framework/tests/Unit/Pages/MarkdownPostUnitTest.php" line="157" assertions="1" time="0.043071"/>
        <testcase name="testGetRouteKey" class="Hyde\Framework\Testing\Unit\Pages\MarkdownPostUnitTest" classname="Hyde.Framework.Testing.Unit.Pages.MarkdownPostUnitTest" file="/home/runner/work/develop/develop/packages/framework/tests/Unit/Pages/MarkdownPostUnitTest.php" line="163" assertions="1" time="0.024438"/>
        <testcase name="testHtmlTitle" class="Hyde\Framework\Testing\Unit\Pages\MarkdownPostUnitTest" classname="Hyde.Framework.Testing.Unit.Pages.MarkdownPostUnitTest" file="/home/runner/work/develop/develop/packages/framework/tests/Unit/Pages/MarkdownPostUnitTest.php" line="168" assertions="1" time="0.022700"/>
        <testcase name="testAll" class="Hyde\Framework\Testing\Unit\Pages\MarkdownPostUnitTest" classname="Hyde.Framework.Testing.Unit.Pages.MarkdownPostUnitTest" file="/home/runner/work/develop/develop/packages/framework/tests/Unit/Pages/MarkdownPostUnitTest.php" line="173" assertions="1" time="0.026613"/>
        <testcase name="testMetadata" class="Hyde\Framework\Testing\Unit\Pages\MarkdownPostUnitTest" classname="Hyde.Framework.Testing.Unit.Pages.MarkdownPostUnitTest" file="/home/runner/work/develop/develop/packages/framework/tests/Unit/Pages/MarkdownPostUnitTest.php" line="178" assertions="1" time="0.022432"/>
        <testcase name="test__construct" class="Hyde\Framework\Testing\Unit\Pages\MarkdownPostUnitTest" classname="Hyde.Framework.Testing.Unit.Pages.MarkdownPostUnitTest" file="/home/runner/work/develop/develop/packages/framework/tests/Unit/Pages/MarkdownPostUnitTest.php" line="183" assertions="1" time="0.022435"/>
        <testcase name="testGetRoute" class="Hyde\Framework\Testing\Unit\Pages\MarkdownPostUnitTest" classname="Hyde.Framework.Testing.Unit.Pages.MarkdownPostUnitTest" file="/home/runner/work/develop/develop/packages/framework/tests/Unit/Pages/MarkdownPostUnitTest.php" line="188" assertions="1" time="0.027507"/>
        <testcase name="testGetIdentifier" class="Hyde\Framework\Testing\Unit\Pages\MarkdownPostUnitTest" classname="Hyde.Framework.Testing.Unit.Pages.MarkdownPostUnitTest" file="/home/runner/work/develop/develop/packages/framework/tests/Unit/Pages/MarkdownPostUnitTest.php" line="193" assertions="1" time="0.022571"/>
        <testcase name="testHas" class="Hyde\Framework\Testing\Unit\Pages\MarkdownPostUnitTest" classname="Hyde.Framework.Testing.Unit.Pages.MarkdownPostUnitTest" file="/home/runner/work/develop/develop/packages/framework/tests/Unit/Pages/MarkdownPostUnitTest.php" line="198" assertions="1" time="0.022502"/>
        <testcase name="testToCoreDataObject" class="Hyde\Framework\Testing\Unit\Pages\MarkdownPostUnitTest" classname="Hyde.Framework.Testing.Unit.Pages.MarkdownPostUnitTest" file="/home/runner/work/develop/develop/packages/framework/tests/Unit/Pages/MarkdownPostUnitTest.php" line="203" assertions="1" time="0.022646"/>
        <testcase name="testConstructFactoryData" class="Hyde\Framework\Testing\Unit\Pages\MarkdownPostUnitTest" classname="Hyde.Framework.Testing.Unit.Pages.MarkdownPostUnitTest" file="/home/runner/work/develop/develop/packages/framework/tests/Unit/Pages/MarkdownPostUnitTest.php" line="208" assertions="1" time="0.023171"/>
        <testcase name="testCompile" class="Hyde\Framework\Testing\Unit\Pages\MarkdownPostUnitTest" classname="Hyde.Framework.Testing.Unit.Pages.MarkdownPostUnitTest" file="/home/runner/work/develop/develop/packages/framework/tests/Unit/Pages/MarkdownPostUnitTest.php" line="214" assertions="1" time="0.036909"/>
        <testcase name="testMatter" class="Hyde\Framework\Testing\Unit\Pages\MarkdownPostUnitTest" classname="Hyde.Framework.Testing.Unit.Pages.MarkdownPostUnitTest" file="/home/runner/work/develop/develop/packages/framework/tests/Unit/Pages/MarkdownPostUnitTest.php" line="221" assertions="1" time="0.022581"/>
        <testcase name="testMarkdown" class="Hyde\Framework\Testing\Unit\Pages\MarkdownPostUnitTest" classname="Hyde.Framework.Testing.Unit.Pages.MarkdownPostUnitTest" file="/home/runner/work/develop/develop/packages/framework/tests/Unit/Pages/MarkdownPostUnitTest.php" line="226" assertions="1" time="0.022308"/>
        <testcase name="testSave" class="Hyde\Framework\Testing\Unit\Pages\MarkdownPostUnitTest" classname="Hyde.Framework.Testing.Unit.Pages.MarkdownPostUnitTest" file="/home/runner/work/develop/develop/packages/framework/tests/Unit/Pages/MarkdownPostUnitTest.php" line="231" assertions="2" time="0.022557"/>
      </testsuite>
      <testsuite name="Hyde\Framework\Testing\Unit\Pages\PageModelGetAllFilesHelperTest" file="/home/runner/work/develop/develop/packages/framework/tests/Unit/Pages/PageModelGetAllFilesHelperTest.php" tests="4" assertions="12" errors="0" warnings="0" failures="0" skipped="0" time="0.111330">
        <testcase name="test_blade_page_get_helper_returns_blade_page_array" class="Hyde\Framework\Testing\Unit\Pages\PageModelGetAllFilesHelperTest" classname="Hyde.Framework.Testing.Unit.Pages.PageModelGetAllFilesHelperTest" file="/home/runner/work/develop/develop/packages/framework/tests/Unit/Pages/PageModelGetAllFilesHelperTest.php" line="19" assertions="3" time="0.026083"/>
        <testcase name="test_markdown_page_get_helper_returns_markdown_page_array" class="Hyde\Framework\Testing\Unit\Pages\PageModelGetAllFilesHelperTest" classname="Hyde.Framework.Testing.Unit.Pages.PageModelGetAllFilesHelperTest" file="/home/runner/work/develop/develop/packages/framework/tests/Unit/Pages/PageModelGetAllFilesHelperTest.php" line="27" assertions="3" time="0.028506"/>
        <testcase name="test_markdown_post_get_helper_returns_markdown_post_array" class="Hyde\Framework\Testing\Unit\Pages\PageModelGetAllFilesHelperTest" classname="Hyde.Framework.Testing.Unit.Pages.PageModelGetAllFilesHelperTest" file="/home/runner/work/develop/develop/packages/framework/tests/Unit/Pages/PageModelGetAllFilesHelperTest.php" line="39" assertions="3" time="0.028641"/>
        <testcase name="test_documentation_page_get_helper_returns_documentation_page_array" class="Hyde\Framework\Testing\Unit\Pages\PageModelGetAllFilesHelperTest" classname="Hyde.Framework.Testing.Unit.Pages.PageModelGetAllFilesHelperTest" file="/home/runner/work/develop/develop/packages/framework/tests/Unit/Pages/PageModelGetAllFilesHelperTest.php" line="51" assertions="3" time="0.028100"/>
      </testsuite>
      <testsuite name="Hyde\Framework\Testing\Unit\Pages\PageModelGetHelperTest" file="/home/runner/work/develop/develop/packages/framework/tests/Unit/Pages/PageModelGetHelperTest.php" tests="4" assertions="12" errors="0" warnings="0" failures="0" skipped="0" time="0.110037">
        <testcase name="test_blade_page_get_helper_returns_blade_page_collection" class="Hyde\Framework\Testing\Unit\Pages\PageModelGetHelperTest" classname="Hyde.Framework.Testing.Unit.Pages.PageModelGetHelperTest" file="/home/runner/work/develop/develop/packages/framework/tests/Unit/Pages/PageModelGetHelperTest.php" line="20" assertions="3" time="0.025704"/>
        <testcase name="test_markdown_page_get_helper_returns_markdown_page_collection" class="Hyde\Framework\Testing\Unit\Pages\PageModelGetHelperTest" classname="Hyde.Framework.Testing.Unit.Pages.PageModelGetHelperTest" file="/home/runner/work/develop/develop/packages/framework/tests/Unit/Pages/PageModelGetHelperTest.php" line="28" assertions="3" time="0.027853"/>
        <testcase name="test_markdown_post_get_helper_returns_markdown_post_collection" class="Hyde\Framework\Testing\Unit\Pages\PageModelGetHelperTest" classname="Hyde.Framework.Testing.Unit.Pages.PageModelGetHelperTest" file="/home/runner/work/develop/develop/packages/framework/tests/Unit/Pages/PageModelGetHelperTest.php" line="40" assertions="3" time="0.028373"/>
        <testcase name="test_documentation_page_get_helper_returns_documentation_page_collection" class="Hyde\Framework\Testing\Unit\Pages\PageModelGetHelperTest" classname="Hyde.Framework.Testing.Unit.Pages.PageModelGetHelperTest" file="/home/runner/work/develop/develop/packages/framework/tests/Unit/Pages/PageModelGetHelperTest.php" line="52" assertions="3" time="0.028107"/>
      </testsuite>
      <testsuite name="Hyde\Framework\Testing\Unit\Pages\PageModelParseHelperTest" file="/home/runner/work/develop/develop/packages/framework/tests/Unit/Pages/PageModelParseHelperTest.php" tests="4" assertions="4" errors="0" warnings="0" failures="0" skipped="0" time="0.090349">
        <testcase name="test_blade_page_get_helper_returns_blade_page_object" class="Hyde\Framework\Testing\Unit\Pages\PageModelParseHelperTest" classname="Hyde.Framework.Testing.Unit.Pages.PageModelParseHelperTest" file="/home/runner/work/develop/develop/packages/framework/tests/Unit/Pages/PageModelParseHelperTest.php" line="19" assertions="1" time="0.021922"/>
        <testcase name="test_markdown_page_get_helper_returns_markdown_page_object" class="Hyde\Framework\Testing\Unit\Pages\PageModelParseHelperTest" classname="Hyde.Framework.Testing.Unit.Pages.PageModelParseHelperTest" file="/home/runner/work/develop/develop/packages/framework/tests/Unit/Pages/PageModelParseHelperTest.php" line="29" assertions="1" time="0.022821"/>
        <testcase name="test_markdown_post_get_helper_returns_markdown_post_object" class="Hyde\Framework\Testing\Unit\Pages\PageModelParseHelperTest" classname="Hyde.Framework.Testing.Unit.Pages.PageModelParseHelperTest" file="/home/runner/work/develop/develop/packages/framework/tests/Unit/Pages/PageModelParseHelperTest.php" line="39" assertions="1" time="0.023037"/>
        <testcase name="test_documentation_page_get_helper_returns_documentation_page_object" class="Hyde\Framework\Testing\Unit\Pages\PageModelParseHelperTest" classname="Hyde.Framework.Testing.Unit.Pages.PageModelParseHelperTest" file="/home/runner/work/develop/develop/packages/framework/tests/Unit/Pages/PageModelParseHelperTest.php" line="49" assertions="1" time="0.022568"/>
      </testsuite>
      <testsuite name="Hyde\Framework\Testing\Unit\Pages\TestAllPageTypesHaveUnitTestsTest" file="/home/runner/work/develop/develop/packages/framework/tests/Unit/Pages/TestAllPageTypesHaveUnitTestsTest.php" tests="1" assertions="8" errors="0" warnings="0" failures="0" skipped="0" time="0.020590">
        <testcase name="testAllPageTypesHaveUnitTests" class="Hyde\Framework\Testing\Unit\Pages\TestAllPageTypesHaveUnitTestsTest" classname="Hyde.Framework.Testing.Unit.Pages.TestAllPageTypesHaveUnitTestsTest" file="/home/runner/work/develop/develop/packages/framework/tests/Unit/Pages/TestAllPageTypesHaveUnitTestsTest.php" line="12" assertions="8" time="0.020590"/>
      </testsuite>
      <testsuite name="Hyde\Framework\Testing\Unit\RelativeLinksAcrossPagesRetainsIntegrityTest" file="/home/runner/work/develop/develop/packages/framework/tests/Unit/RelativeLinksAcrossPagesRetainsIntegrityTest.php" tests="1" assertions="18" errors="0" warnings="0" failures="0" skipped="0" time="0.180872">
        <testcase name="test_relative_links_across_pages_retains_integrity" class="Hyde\Framework\Testing\Unit\RelativeLinksAcrossPagesRetainsIntegrityTest" classname="Hyde.Framework.Testing.Unit.RelativeLinksAcrossPagesRetainsIntegrityTest" file="/home/runner/work/develop/develop/packages/framework/tests/Unit/RelativeLinksAcrossPagesRetainsIntegrityTest.php" line="63" assertions="18" time="0.180872"/>
      </testsuite>
      <testsuite name="Hyde\Framework\Testing\Unit\RouteNotFoundExceptionTest" file="/home/runner/work/develop/develop/packages/framework/tests/Unit/RouteNotFoundExceptionTest.php" tests="2" assertions="4" errors="0" warnings="0" failures="0" skipped="0" time="0.043223">
        <testcase name="test_it_can_be_instantiated" class="Hyde\Framework\Testing\Unit\RouteNotFoundExceptionTest" classname="Hyde.Framework.Testing.Unit.RouteNotFoundExceptionTest" file="/home/runner/work/develop/develop/packages/framework/tests/Unit/RouteNotFoundExceptionTest.php" line="15" assertions="1" time="0.021810"/>
        <testcase name="test_it_throws_an_exception_when_page_type_is_not_supported" class="Hyde\Framework\Testing\Unit\RouteNotFoundExceptionTest" classname="Hyde.Framework.Testing.Unit.RouteNotFoundExceptionTest" file="/home/runner/work/develop/develop/packages/framework/tests/Unit/RouteNotFoundExceptionTest.php" line="22" assertions="3" time="0.021413"/>
      </testsuite>
      <testsuite name="Hyde\Framework\Testing\Unit\SchemaContractsTest" file="/home/runner/work/develop/develop/packages/framework/tests/Unit/SchemaContractsTest.php" tests="1" assertions="5" errors="0" warnings="0" failures="0" skipped="0" time="0.020597">
        <testcase name="testSchemasAreNotAccidentallyChanged" class="Hyde\Framework\Testing\Unit\SchemaContractsTest" classname="Hyde.Framework.Testing.Unit.SchemaContractsTest" file="/home/runner/work/develop/develop/packages/framework/tests/Unit/SchemaContractsTest.php" line="22" assertions="5" time="0.020597"/>
      </testsuite>
      <testsuite name="Hyde\Framework\Testing\Unit\SerializableContractTest" file="/home/runner/work/develop/develop/packages/framework/tests/Unit/SerializableContractTest.php" tests="4" assertions="4" errors="0" warnings="0" failures="0" skipped="0" time="0.084842">
        <testcase name="testInterface" class="Hyde\Framework\Testing\Unit\SerializableContractTest" classname="Hyde.Framework.Testing.Unit.SerializableContractTest" file="/home/runner/work/develop/develop/packages/framework/tests/Unit/SerializableContractTest.php" line="18" assertions="1" time="0.020207"/>
        <testcase name="testInterfaceExtendsJsonSerializable" class="Hyde\Framework\Testing\Unit\SerializableContractTest" classname="Hyde.Framework.Testing.Unit.SerializableContractTest" file="/home/runner/work/develop/develop/packages/framework/tests/Unit/SerializableContractTest.php" line="23" assertions="1" time="0.021595"/>
        <testcase name="testInterfaceExtendsArrayable" class="Hyde\Framework\Testing\Unit\SerializableContractTest" classname="Hyde.Framework.Testing.Unit.SerializableContractTest" file="/home/runner/work/develop/develop/packages/framework/tests/Unit/SerializableContractTest.php" line="28" assertions="1" time="0.021960"/>
        <testcase name="testInterfaceExtendsJsonable" class="Hyde\Framework\Testing\Unit\SerializableContractTest" classname="Hyde.Framework.Testing.Unit.SerializableContractTest" file="/home/runner/work/develop/develop/packages/framework/tests/Unit/SerializableContractTest.php" line="33" assertions="1" time="0.021080"/>
      </testsuite>
      <testsuite name="Hyde\Framework\Testing\Unit\SerializableTest" file="/home/runner/work/develop/develop/packages/framework/tests/Unit/SerializableTest.php" tests="2" assertions="4" errors="0" warnings="0" failures="0" skipped="0" time="0.042232">
        <testcase name="test_json_serialize" class="Hyde\Framework\Testing\Unit\SerializableTest" classname="Hyde.Framework.Testing.Unit.SerializableTest" file="/home/runner/work/develop/develop/packages/framework/tests/Unit/SerializableTest.php" line="16" assertions="3" time="0.020301"/>
        <testcase name="test_to_json" class="Hyde\Framework\Testing\Unit\SerializableTest" classname="Hyde.Framework.Testing.Unit.SerializableTest" file="/home/runner/work/develop/develop/packages/framework/tests/Unit/SerializableTest.php" line="34" assertions="1" time="0.021932"/>
      </testsuite>
      <testsuite name="Hyde\Framework\Testing\Unit\SourceFilesInCustomDirectoriesCanBeCompiledTest" file="/home/runner/work/develop/develop/packages/framework/tests/Unit/SourceFilesInCustomDirectoriesCanBeCompiledTest.php" tests="4" assertions="4" errors="0" warnings="0" failures="0" skipped="0" time="0.152015">
        <testcase name="test_markdown_posts_in_changed_directory_can_be_compiled" class="Hyde\Framework\Testing\Unit\SourceFilesInCustomDirectoriesCanBeCompiledTest" classname="Hyde.Framework.Testing.Unit.SourceFilesInCustomDirectoriesCanBeCompiledTest" file="/home/runner/work/develop/develop/packages/framework/tests/Unit/SourceFilesInCustomDirectoriesCanBeCompiledTest.php" line="36" assertions="1" time="0.039543"/>
        <testcase name="test_markdown_pages_in_changed_directory_can_be_compiled" class="Hyde\Framework\Testing\Unit\SourceFilesInCustomDirectoriesCanBeCompiledTest" classname="Hyde.Framework.Testing.Unit.SourceFilesInCustomDirectoriesCanBeCompiledTest" file="/home/runner/work/develop/develop/packages/framework/tests/Unit/SourceFilesInCustomDirectoriesCanBeCompiledTest.php" line="52" assertions="1" time="0.038837"/>
        <testcase name="test_documentation_pages_in_changed_directory_can_be_compiled" class="Hyde\Framework\Testing\Unit\SourceFilesInCustomDirectoriesCanBeCompiledTest" classname="Hyde.Framework.Testing.Unit.SourceFilesInCustomDirectoriesCanBeCompiledTest" file="/home/runner/work/develop/develop/packages/framework/tests/Unit/SourceFilesInCustomDirectoriesCanBeCompiledTest.php" line="68" assertions="1" time="0.045466"/>
        <testcase name="test_blade_pages_in_changed_directory_can_be_compiled" class="Hyde\Framework\Testing\Unit\SourceFilesInCustomDirectoriesCanBeCompiledTest" classname="Hyde.Framework.Testing.Unit.SourceFilesInCustomDirectoriesCanBeCompiledTest" file="/home/runner/work/develop/develop/packages/framework/tests/Unit/SourceFilesInCustomDirectoriesCanBeCompiledTest.php" line="84" assertions="1" time="0.028169"/>
      </testsuite>
      <testsuite name="Hyde\Framework\Testing\Unit\TestBuildStaticSiteCommandFlagToEnablePrettyUrlsTest" file="/home/runner/work/develop/develop/packages/framework/tests/Unit/TestBuildStaticSiteCommandFlagToEnablePrettyUrlsTest.php" tests="2" assertions="4" errors="0" warnings="0" failures="0" skipped="0" time="0.079985">
        <testcase name="test_pretty_urls_can_be_enabled_with_flag" class="Hyde\Framework\Testing\Unit\TestBuildStaticSiteCommandFlagToEnablePrettyUrlsTest" classname="Hyde.Framework.Testing.Unit.TestBuildStaticSiteCommandFlagToEnablePrettyUrlsTest" file="/home/runner/work/develop/develop/packages/framework/tests/Unit/TestBuildStaticSiteCommandFlagToEnablePrettyUrlsTest.php" line="16" assertions="3" time="0.058305"/>
        <testcase name="test_config_change_is_not_persisted" class="Hyde\Framework\Testing\Unit\TestBuildStaticSiteCommandFlagToEnablePrettyUrlsTest" classname="Hyde.Framework.Testing.Unit.TestBuildStaticSiteCommandFlagToEnablePrettyUrlsTest" file="/home/runner/work/develop/develop/packages/framework/tests/Unit/TestBuildStaticSiteCommandFlagToEnablePrettyUrlsTest.php" line="29" assertions="1" time="0.021680"/>
      </testsuite>
      <testsuite name="Hyde\Framework\Testing\Unit\UnsupportedPageTypeExceptionTest" file="/home/runner/work/develop/develop/packages/framework/tests/Unit/UnsupportedPageTypeExceptionTest.php" tests="2" assertions="3" errors="0" warnings="0" failures="0" skipped="0" time="0.040904">
        <testcase name="test_it_can_be_instantiated" class="Hyde\Framework\Testing\Unit\UnsupportedPageTypeExceptionTest" classname="Hyde.Framework.Testing.Unit.UnsupportedPageTypeExceptionTest" file="/home/runner/work/develop/develop/packages/framework/tests/Unit/UnsupportedPageTypeExceptionTest.php" line="15" assertions="1" time="0.020097"/>
        <testcase name="test_it_throws_an_exception_when_page_type_is_not_supported" class="Hyde\Framework\Testing\Unit\UnsupportedPageTypeExceptionTest" classname="Hyde.Framework.Testing.Unit.UnsupportedPageTypeExceptionTest" file="/home/runner/work/develop/develop/packages/framework/tests/Unit/UnsupportedPageTypeExceptionTest.php" line="22" assertions="2" time="0.020807"/>
      </testsuite>
      <testsuite name="Hyde\Framework\Testing\Unit\ValidatesExistenceTest" file="/home/runner/work/develop/develop/packages/framework/tests/Unit/ValidatesExistenceTest.php" tests="2" assertions="2" errors="0" warnings="0" failures="0" skipped="0" time="0.042407">
        <testcase name="test_validate_existence_does_nothing_if_file_exists" class="Hyde\Framework\Testing\Unit\ValidatesExistenceTest" classname="Hyde.Framework.Testing.Unit.ValidatesExistenceTest" file="/home/runner/work/develop/develop/packages/framework/tests/Unit/ValidatesExistenceTest.php" line="18" assertions="1" time="0.021422"/>
        <testcase name="test_validate_existence_throws_file_not_found_exception_if_file_does_not_exist" class="Hyde\Framework\Testing\Unit\ValidatesExistenceTest" classname="Hyde.Framework.Testing.Unit.ValidatesExistenceTest" file="/home/runner/work/develop/develop/packages/framework/tests/Unit/ValidatesExistenceTest.php" line="30" assertions="1" time="0.020986"/>
      </testsuite>
      <testsuite name="Hyde\Framework\Testing\Unit\Views\ArticleExcerptViewTest" file="/home/runner/work/develop/develop/packages/framework/tests/Unit/Views/ArticleExcerptViewTest.php" tests="5" assertions="10" errors="0" warnings="0" failures="0" skipped="0" time="0.130432">
        <testcase name="test_component_can_be_rendered" class="Hyde\Framework\Testing\Unit\Views\ArticleExcerptViewTest" classname="Hyde.Framework.Testing.Unit.Views.ArticleExcerptViewTest" file="/home/runner/work/develop/develop/packages/framework/tests/Unit/Views/ArticleExcerptViewTest.php" line="24" assertions="1" time="0.025496"/>
        <testcase name="test_component_renders_post_data" class="Hyde\Framework\Testing\Unit\Views\ArticleExcerptViewTest" classname="Hyde.Framework.Testing.Unit.Views.ArticleExcerptViewTest" file="/home/runner/work/develop/develop/packages/framework/tests/Unit/Views/ArticleExcerptViewTest.php" line="30" assertions="5" time="0.026067"/>
        <testcase name="test_component_renders_post_with_author_object" class="Hyde\Framework\Testing\Unit\Views\ArticleExcerptViewTest" classname="Hyde.Framework.Testing.Unit.Views.ArticleExcerptViewTest" file="/home/runner/work/develop/develop/packages/framework/tests/Unit/Views/ArticleExcerptViewTest.php" line="46" assertions="1" time="0.025670"/>
        <testcase name="test_there_is_no_comma_after_date_string_when_there_is_no_author" class="Hyde\Framework\Testing\Unit\Views\ArticleExcerptViewTest" classname="Hyde.Framework.Testing.Unit.Views.ArticleExcerptViewTest" file="/home/runner/work/develop/develop/packages/framework/tests/Unit/Views/ArticleExcerptViewTest.php" line="58" assertions="2" time="0.027140"/>
        <testcase name="test_there_is_a_comma_after_date_string_when_there_is_a_author" class="Hyde\Framework\Testing\Unit\Views\ArticleExcerptViewTest" classname="Hyde.Framework.Testing.Unit.Views.ArticleExcerptViewTest" file="/home/runner/work/develop/develop/packages/framework/tests/Unit/Views/ArticleExcerptViewTest.php" line="68" assertions="1" time="0.026060"/>
      </testsuite>
      <testsuite name="Hyde\Framework\Testing\Unit\Views\Components\LinkComponentTest" file="/home/runner/work/develop/develop/packages/framework/tests/Unit/Views/Components/LinkComponentTest.php" tests="3" assertions="3" errors="0" warnings="0" failures="0" skipped="0" time="0.087421">
        <testcase name="test_link_component_can_be_rendered" class="Hyde\Framework\Testing\Unit\Views\Components\LinkComponentTest" classname="Hyde.Framework.Testing.Unit.Views.Components.LinkComponentTest" file="/home/runner/work/develop/develop/packages/framework/tests/Unit/Views/Components/LinkComponentTest.php" line="17" assertions="1" time="0.025824"/>
        <testcase name="test_link_component_can_be_rendered_with_route" class="Hyde\Framework\Testing\Unit\Views\Components\LinkComponentTest" classname="Hyde.Framework.Testing.Unit.Views.Components.LinkComponentTest" file="/home/runner/work/develop/develop/packages/framework/tests/Unit/Views/Components/LinkComponentTest.php" line="22" assertions="1" time="0.030317"/>
        <testcase name="test_link_component_can_be_rendered_with_route_for_nested_pages" class="Hyde\Framework\Testing\Unit\Views\Components\LinkComponentTest" classname="Hyde.Framework.Testing.Unit.Views.Components.LinkComponentTest" file="/home/runner/work/develop/develop/packages/framework/tests/Unit/Views/Components/LinkComponentTest.php" line="29" assertions="1" time="0.031280"/>
      </testsuite>
      <testsuite name="Hyde\Framework\Testing\Unit\Views\FeaturedImageViewTest" file="/home/runner/work/develop/develop/packages/framework/tests/Unit/Views/FeaturedImageViewTest.php" tests="21" assertions="46" errors="0" warnings="0" failures="0" skipped="0" time="0.532062">
        <testcase name="test_the_view" class="Hyde\Framework\Testing\Unit\Views\FeaturedImageViewTest" classname="Hyde.Framework.Testing.Unit.Views.FeaturedImageViewTest" file="/home/runner/work/develop/develop/packages/framework/tests/Unit/Views/FeaturedImageViewTest.php" line="23" assertions="9" time="0.023447"/>
        <testcase name="test_image_author_attribution_string" class="Hyde\Framework\Testing\Unit\Views\FeaturedImageViewTest" classname="Hyde.Framework.Testing.Unit.Views.FeaturedImageViewTest" file="/home/runner/work/develop/develop/packages/framework/tests/Unit/Views/FeaturedImageViewTest.php" line="49" assertions="3" time="0.024169"/>
        <testcase name="test_image_author_attribution_string_with_url" class="Hyde\Framework\Testing\Unit\Views\FeaturedImageViewTest" classname="Hyde.Framework.Testing.Unit.Views.FeaturedImageViewTest" file="/home/runner/work/develop/develop/packages/framework/tests/Unit/Views/FeaturedImageViewTest.php" line="57" assertions="5" time="0.024299"/>
        <testcase name="test_copyright_string" class="Hyde\Framework\Testing\Unit\Views\FeaturedImageViewTest" classname="Hyde.Framework.Testing.Unit.Views.FeaturedImageViewTest" file="/home/runner/work/develop/develop/packages/framework/tests/Unit/Views/FeaturedImageViewTest.php" line="70" assertions="2" time="0.024267"/>
        <testcase name="test_copyright_string_inverse" class="Hyde\Framework\Testing\Unit\Views\FeaturedImageViewTest" classname="Hyde.Framework.Testing.Unit.Views.FeaturedImageViewTest" file="/home/runner/work/develop/develop/packages/framework/tests/Unit/Views/FeaturedImageViewTest.php" line="77" assertions="1" time="0.024189"/>
        <testcase name="test_license_string" class="Hyde\Framework\Testing\Unit\Views\FeaturedImageViewTest" classname="Hyde.Framework.Testing.Unit.Views.FeaturedImageViewTest" file="/home/runner/work/develop/develop/packages/framework/tests/Unit/Views/FeaturedImageViewTest.php" line="83" assertions="1" time="0.024066"/>
        <testcase name="test_license_string_with_url" class="Hyde\Framework\Testing\Unit\Views\FeaturedImageViewTest" classname="Hyde.Framework.Testing.Unit.Views.FeaturedImageViewTest" file="/home/runner/work/develop/develop/packages/framework/tests/Unit/Views/FeaturedImageViewTest.php" line="90" assertions="1" time="0.025372"/>
        <testcase name="test_license_string_inverse" class="Hyde\Framework\Testing\Unit\Views\FeaturedImageViewTest" classname="Hyde.Framework.Testing.Unit.Views.FeaturedImageViewTest" file="/home/runner/work/develop/develop/packages/framework/tests/Unit/Views/FeaturedImageViewTest.php" line="101" assertions="2" time="0.025269"/>
        <testcase name="test_license_string_inverse_with_url" class="Hyde\Framework\Testing\Unit\Views\FeaturedImageViewTest" classname="Hyde.Framework.Testing.Unit.Views.FeaturedImageViewTest" file="/home/runner/work/develop/develop/packages/framework/tests/Unit/Views/FeaturedImageViewTest.php" line="108" assertions="2" time="0.024090"/>
        <testcase name="test_fluent_attribution_logic_uses_rich_html_tags" class="Hyde\Framework\Testing\Unit\Views\FeaturedImageViewTest" classname="Hyde.Framework.Testing.Unit.Views.FeaturedImageViewTest" file="/home/runner/work/develop/develop/packages/framework/tests/Unit/Views/FeaturedImageViewTest.php" line="115" assertions="7" time="0.024264"/>
        <testcase name="test_fluent_attribution_logic_uses_rich_html_tags_1" class="Hyde\Framework\Testing\Unit\Views\FeaturedImageViewTest" classname="Hyde.Framework.Testing.Unit.Views.FeaturedImageViewTest" file="/home/runner/work/develop/develop/packages/framework/tests/Unit/Views/FeaturedImageViewTest.php" line="134" assertions="2" time="0.024090"/>
        <testcase name="test_fluent_attribution_logic_uses_rich_html_tags_2" class="Hyde\Framework\Testing\Unit\Views\FeaturedImageViewTest" classname="Hyde.Framework.Testing.Unit.Views.FeaturedImageViewTest" file="/home/runner/work/develop/develop/packages/framework/tests/Unit/Views/FeaturedImageViewTest.php" line="142" assertions="1" time="0.024005"/>
        <testcase name="test_fluent_attribution_logic_uses_rich_html_tags_3" class="Hyde\Framework\Testing\Unit\Views\FeaturedImageViewTest" classname="Hyde.Framework.Testing.Unit.Views.FeaturedImageViewTest" file="/home/runner/work/develop/develop/packages/framework/tests/Unit/Views/FeaturedImageViewTest.php" line="150" assertions="1" time="0.025869"/>
        <testcase name="test_fluent_attribution_logic_uses_rich_html_tags_4" class="Hyde\Framework\Testing\Unit\Views\FeaturedImageViewTest" classname="Hyde.Framework.Testing.Unit.Views.FeaturedImageViewTest" file="/home/runner/work/develop/develop/packages/framework/tests/Unit/Views/FeaturedImageViewTest.php" line="158" assertions="2" time="0.023865"/>
        <testcase name="test_fluent_attribution_logic_creates_fluent_messages1" class="Hyde\Framework\Testing\Unit\Views\FeaturedImageViewTest" classname="Hyde.Framework.Testing.Unit.Views.FeaturedImageViewTest" file="/home/runner/work/develop/develop/packages/framework/tests/Unit/Views/FeaturedImageViewTest.php" line="166" assertions="1" time="0.023926"/>
        <testcase name="test_fluent_attribution_logic_creates_fluent_messages2" class="Hyde\Framework\Testing\Unit\Views\FeaturedImageViewTest" classname="Hyde.Framework.Testing.Unit.Views.FeaturedImageViewTest" file="/home/runner/work/develop/develop/packages/framework/tests/Unit/Views/FeaturedImageViewTest.php" line="180" assertions="1" time="0.042148"/>
        <testcase name="test_fluent_attribution_logic_creates_fluent_messages3" class="Hyde\Framework\Testing\Unit\Views\FeaturedImageViewTest" classname="Hyde.Framework.Testing.Unit.Views.FeaturedImageViewTest" file="/home/runner/work/develop/develop/packages/framework/tests/Unit/Views/FeaturedImageViewTest.php" line="193" assertions="1" time="0.027395"/>
        <testcase name="test_fluent_attribution_logic_creates_fluent_messages4" class="Hyde\Framework\Testing\Unit\Views\FeaturedImageViewTest" classname="Hyde.Framework.Testing.Unit.Views.FeaturedImageViewTest" file="/home/runner/work/develop/develop/packages/framework/tests/Unit/Views/FeaturedImageViewTest.php" line="207" assertions="1" time="0.023944"/>
        <testcase name="test_fluent_attribution_logic_creates_fluent_messages5" class="Hyde\Framework\Testing\Unit\Views\FeaturedImageViewTest" classname="Hyde.Framework.Testing.Unit.Views.FeaturedImageViewTest" file="/home/runner/work/develop/develop/packages/framework/tests/Unit/Views/FeaturedImageViewTest.php" line="220" assertions="1" time="0.023913"/>
        <testcase name="test_fluent_attribution_logic_creates_fluent_messages6" class="Hyde\Framework\Testing\Unit\Views\FeaturedImageViewTest" classname="Hyde.Framework.Testing.Unit.Views.FeaturedImageViewTest" file="/home/runner/work/develop/develop/packages/framework/tests/Unit/Views/FeaturedImageViewTest.php" line="233" assertions="1" time="0.025597"/>
        <testcase name="test_fluent_attribution_logic_creates_fluent_messages7" class="Hyde\Framework\Testing\Unit\Views\FeaturedImageViewTest" classname="Hyde.Framework.Testing.Unit.Views.FeaturedImageViewTest" file="/home/runner/work/develop/develop/packages/framework/tests/Unit/Views/FeaturedImageViewTest.php" line="246" assertions="1" time="0.023878"/>
      </testsuite>
      <testsuite name="Hyde\Framework\Testing\Unit\Views\HeadComponentViewTest" file="/home/runner/work/develop/develop/packages/framework/tests/Unit/Views/HeadComponentViewTest.php" tests="7" assertions="7" errors="0" warnings="0" failures="0" skipped="0" time="0.176039">
        <testcase name="testComponentCanBeRendered" class="Hyde\Framework\Testing\Unit\Views\HeadComponentViewTest" classname="Hyde.Framework.Testing.Unit.Views.HeadComponentViewTest" file="/home/runner/work/develop/develop/packages/framework/tests/Unit/Views/HeadComponentViewTest.php" line="29" assertions="1" time="0.026720"/>
        <testcase name="testTitleElementUsesPageHtmlTitle" class="Hyde\Framework\Testing\Unit\Views\HeadComponentViewTest" classname="Hyde.Framework.Testing.Unit.Views.HeadComponentViewTest" file="/home/runner/work/develop/develop/packages/framework/tests/Unit/Views/HeadComponentViewTest.php" line="35" assertions="1" time="0.026748"/>
        <testcase name="testLinkToFaviconIsNotAddedWhenFileDoesNotExist" class="Hyde\Framework\Testing\Unit\Views\HeadComponentViewTest" classname="Hyde.Framework.Testing.Unit.Views.HeadComponentViewTest" file="/home/runner/work/develop/develop/packages/framework/tests/Unit/Views/HeadComponentViewTest.php" line="44" assertions="1" time="0.023718"/>
        <testcase name="testLinkToFaviconIsAddedWhenFileExists" class="Hyde\Framework\Testing\Unit\Views\HeadComponentViewTest" classname="Hyde.Framework.Testing.Unit.Views.HeadComponentViewTest" file="/home/runner/work/develop/develop/packages/framework/tests/Unit/Views/HeadComponentViewTest.php" line="49" assertions="1" time="0.024900"/>
        <testcase name="testLinkToFaviconUsesRelativeUrl" class="Hyde\Framework\Testing\Unit\Views\HeadComponentViewTest" classname="Hyde.Framework.Testing.Unit.Views.HeadComponentViewTest" file="/home/runner/work/develop/develop/packages/framework/tests/Unit/Views/HeadComponentViewTest.php" line="57" assertions="1" time="0.025907"/>
        <testcase name="testComponentIncludesMetaView" class="Hyde\Framework\Testing\Unit\Views\HeadComponentViewTest" classname="Hyde.Framework.Testing.Unit.Views.HeadComponentViewTest" file="/home/runner/work/develop/develop/packages/framework/tests/Unit/Views/HeadComponentViewTest.php" line="65" assertions="1" time="0.024014"/>
        <testcase name="testComponentIncludesStylesView" class="Hyde\Framework\Testing\Unit\Views\HeadComponentViewTest" classname="Hyde.Framework.Testing.Unit.Views.HeadComponentViewTest" file="/home/runner/work/develop/develop/packages/framework/tests/Unit/Views/HeadComponentViewTest.php" line="70" assertions="1" time="0.024033"/>
      </testsuite>
      <testsuite name="Hyde\Framework\Testing\Unit\Views\NavigationBrandViewTest" file="/home/runner/work/develop/develop/packages/framework/tests/Unit/Views/NavigationBrandViewTest.php" tests="2" assertions="3" errors="0" warnings="0" failures="0" skipped="0" time="0.058707">
        <testcase name="test_component_links_to_home_route" class="Hyde\Framework\Testing\Unit\Views\NavigationBrandViewTest" classname="Hyde.Framework.Testing.Unit.Views.NavigationBrandViewTest" file="/home/runner/work/develop/develop/packages/framework/tests/Unit/Views/NavigationBrandViewTest.php" line="29" assertions="1" time="0.028503"/>
        <testcase name="test_component_uses_site_name" class="Hyde\Framework\Testing\Unit\Views\NavigationBrandViewTest" classname="Hyde.Framework.Testing.Unit.Views.NavigationBrandViewTest" file="/home/runner/work/develop/develop/packages/framework/tests/Unit/Views/NavigationBrandViewTest.php" line="34" assertions="2" time="0.030204"/>
      </testsuite>
      <testsuite name="Hyde\Framework\Testing\Unit\Views\NavigationLinkViewTest" file="/home/runner/work/develop/develop/packages/framework/tests/Unit/Views/NavigationLinkViewTest.php" tests="4" assertions="4" errors="0" warnings="0" failures="0" skipped="0" time="0.113740">
        <testcase name="test_component_links_to_route_destination" class="Hyde\Framework\Testing\Unit\Views\NavigationLinkViewTest" classname="Hyde.Framework.Testing.Unit.Views.NavigationLinkViewTest" file="/home/runner/work/develop/develop/packages/framework/tests/Unit/Views/NavigationLinkViewTest.php" line="30" assertions="1" time="0.027659"/>
        <testcase name="test_component_uses_title" class="Hyde\Framework\Testing\Unit\Views\NavigationLinkViewTest" classname="Hyde.Framework.Testing.Unit.Views.NavigationLinkViewTest" file="/home/runner/work/develop/develop/packages/framework/tests/Unit/Views/NavigationLinkViewTest.php" line="35" assertions="1" time="0.028585"/>
        <testcase name="test_component_is_current_when_current_route_matches" class="Hyde\Framework\Testing\Unit\Views\NavigationLinkViewTest" classname="Hyde.Framework.Testing.Unit.Views.NavigationLinkViewTest" file="/home/runner/work/develop/develop/packages/framework/tests/Unit/Views/NavigationLinkViewTest.php" line="40" assertions="1" time="0.028683"/>
        <testcase name="test_component_has_aria_current_when_current_route_matches" class="Hyde\Framework\Testing\Unit\Views\NavigationLinkViewTest" classname="Hyde.Framework.Testing.Unit.Views.NavigationLinkViewTest" file="/home/runner/work/develop/develop/packages/framework/tests/Unit/Views/NavigationLinkViewTest.php" line="46" assertions="1" time="0.028813"/>
      </testsuite>
      <testsuite name="Hyde\Framework\Testing\Unit\Views\NavigationMenuViewTest" file="/home/runner/work/develop/develop/packages/framework/tests/Unit/Views/NavigationMenuViewTest.php" tests="8" assertions="8" errors="0" warnings="0" failures="0" skipped="0" time="0.270131">
        <testcase name="test_component_can_be_rendered" class="Hyde\Framework\Testing\Unit\Views\NavigationMenuViewTest" classname="Hyde.Framework.Testing.Unit.Views.NavigationMenuViewTest" file="/home/runner/work/develop/develop/packages/framework/tests/Unit/Views/NavigationMenuViewTest.php" line="27" assertions="1" time="0.031201"/>
        <testcase name="test_component_contains_dark_mode_button" class="Hyde\Framework\Testing\Unit\Views\NavigationMenuViewTest" classname="Hyde.Framework.Testing.Unit.Views.NavigationMenuViewTest" file="/home/runner/work/develop/develop/packages/framework/tests/Unit/Views/NavigationMenuViewTest.php" line="32" assertions="1" time="0.030408"/>
        <testcase name="test_component_contains_navigation_menu_toggle_button" class="Hyde\Framework\Testing\Unit\Views\NavigationMenuViewTest" classname="Hyde.Framework.Testing.Unit.Views.NavigationMenuViewTest" file="/home/runner/work/develop/develop/packages/framework/tests/Unit/Views/NavigationMenuViewTest.php" line="37" assertions="1" time="0.030338"/>
        <testcase name="test_component_contains_main_navigation_links" class="Hyde\Framework\Testing\Unit\Views\NavigationMenuViewTest" classname="Hyde.Framework.Testing.Unit.Views.NavigationMenuViewTest" file="/home/runner/work/develop/develop/packages/framework/tests/Unit/Views/NavigationMenuViewTest.php" line="42" assertions="1" time="0.030415"/>
        <testcase name="test_component_contains_index_html_link" class="Hyde\Framework\Testing\Unit\Views\NavigationMenuViewTest" classname="Hyde.Framework.Testing.Unit.Views.NavigationMenuViewTest" file="/home/runner/work/develop/develop/packages/framework/tests/Unit/Views/NavigationMenuViewTest.php" line="47" assertions="1" time="0.030552"/>
        <testcase name="test_component_not_contains_404_html_link" class="Hyde\Framework\Testing\Unit\Views\NavigationMenuViewTest" classname="Hyde.Framework.Testing.Unit.Views.NavigationMenuViewTest" file="/home/runner/work/develop/develop/packages/framework/tests/Unit/Views/NavigationMenuViewTest.php" line="52" assertions="1" time="0.030781"/>
        <testcase name="test_navigation_menu_label_can_be_changed_in_front_matter" class="Hyde\Framework\Testing\Unit\Views\NavigationMenuViewTest" classname="Hyde.Framework.Testing.Unit.Views.NavigationMenuViewTest" file="/home/runner/work/develop/develop/packages/framework/tests/Unit/Views/NavigationMenuViewTest.php" line="57" assertions="1" time="0.043734"/>
        <testcase name="test_navigation_menu_label_can_be_changed_in_blade_matter" class="Hyde\Framework\Testing\Unit\Views\NavigationMenuViewTest" classname="Hyde.Framework.Testing.Unit.Views.NavigationMenuViewTest" file="/home/runner/work/develop/develop/packages/framework/tests/Unit/Views/NavigationMenuViewTest.php" line="71" assertions="1" time="0.042701"/>
      </testsuite>
      <testsuite name="Hyde\Framework\Testing\Unit\Views\ScriptsComponentViewTest" file="/home/runner/work/develop/develop/packages/framework/tests/Unit/Views/ScriptsComponentViewTest.php" tests="5" assertions="7" errors="0" warnings="0" failures="0" skipped="0" time="0.115172">
        <testcase name="test_component_can_be_rendered" class="Hyde\Framework\Testing\Unit\Views\ScriptsComponentViewTest" classname="Hyde.Framework.Testing.Unit.Views.ScriptsComponentViewTest" file="/home/runner/work/develop/develop/packages/framework/tests/Unit/Views/ScriptsComponentViewTest.php" line="28" assertions="1" time="0.022533"/>
        <testcase name="test_component_has_link_to_app_js_file_when_it_exists" class="Hyde\Framework\Testing\Unit\Views\ScriptsComponentViewTest" classname="Hyde.Framework.Testing.Unit.Views.ScriptsComponentViewTest" file="/home/runner/work/develop/develop/packages/framework/tests/Unit/Views/ScriptsComponentViewTest.php" line="33" assertions="1" time="0.023062"/>
        <testcase name="test_component_does_not_render_link_to_app_js_when_it_does_not_exist" class="Hyde\Framework\Testing\Unit\Views\ScriptsComponentViewTest" classname="Hyde.Framework.Testing.Unit.Views.ScriptsComponentViewTest" file="/home/runner/work/develop/develop/packages/framework/tests/Unit/Views/ScriptsComponentViewTest.php" line="40" assertions="1" time="0.022938"/>
        <testcase name="test_component_uses_relative_path_to_app_js_file_for_nested_pages" class="Hyde\Framework\Testing\Unit\Views\ScriptsComponentViewTest" classname="Hyde.Framework.Testing.Unit.Views.ScriptsComponentViewTest" file="/home/runner/work/develop/develop/packages/framework/tests/Unit/Views/ScriptsComponentViewTest.php" line="45" assertions="3" time="0.023832"/>
        <testcase name="test_scripts_can_be_pushed_to_the_component_scripts_stack" class="Hyde\Framework\Testing\Unit\Views\ScriptsComponentViewTest" classname="Hyde.Framework.Testing.Unit.Views.ScriptsComponentViewTest" file="/home/runner/work/develop/develop/packages/framework/tests/Unit/Views/ScriptsComponentViewTest.php" line="58" assertions="1" time="0.022806"/>
      </testsuite>
      <testsuite name="Hyde\Framework\Testing\Unit\Views\StylesComponentViewTest" file="/home/runner/work/develop/develop/packages/framework/tests/Unit/Views/StylesComponentViewTest.php" tests="9" assertions="11" errors="0" warnings="0" failures="0" skipped="0" time="0.211380">
        <testcase name="test_component_can_be_rendered" class="Hyde\Framework\Testing\Unit\Views\StylesComponentViewTest" classname="Hyde.Framework.Testing.Unit.Views.StylesComponentViewTest" file="/home/runner/work/develop/develop/packages/framework/tests/Unit/Views/StylesComponentViewTest.php" line="31" assertions="1" time="0.022823"/>
        <testcase name="test_component_has_link_to_app_css_file" class="Hyde\Framework\Testing\Unit\Views\StylesComponentViewTest" classname="Hyde.Framework.Testing.Unit.Views.StylesComponentViewTest" file="/home/runner/work/develop/develop/packages/framework/tests/Unit/Views/StylesComponentViewTest.php" line="36" assertions="1" time="0.023446"/>
        <testcase name="test_component_uses_relative_path_to_app_css_file_for_nested_pages" class="Hyde\Framework\Testing\Unit\Views\StylesComponentViewTest" classname="Hyde.Framework.Testing.Unit.Views.StylesComponentViewTest" file="/home/runner/work/develop/develop/packages/framework/tests/Unit/Views/StylesComponentViewTest.php" line="41" assertions="3" time="0.024373"/>
        <testcase name="test_component_does_not_render_link_to_app_css_when_it_does_not_exist" class="Hyde\Framework\Testing\Unit\Views\StylesComponentViewTest" classname="Hyde.Framework.Testing.Unit.Views.StylesComponentViewTest" file="/home/runner/work/develop/develop/packages/framework/tests/Unit/Views/StylesComponentViewTest.php" line="52" assertions="1" time="0.023482"/>
        <testcase name="test_styles_can_be_pushed_to_the_component_styles_stack" class="Hyde\Framework\Testing\Unit\Views\StylesComponentViewTest" classname="Hyde.Framework.Testing.Unit.Views.StylesComponentViewTest" file="/home/runner/work/develop/develop/packages/framework/tests/Unit/Views/StylesComponentViewTest.php" line="59" assertions="1" time="0.023202"/>
        <testcase name="test_component_renders_tailwind_play_cdn_link_when_enabled_in_config" class="Hyde\Framework\Testing\Unit\Views\StylesComponentViewTest" classname="Hyde.Framework.Testing.Unit.Views.StylesComponentViewTest" file="/home/runner/work/develop/develop/packages/framework/tests/Unit/Views/StylesComponentViewTest.php" line="74" assertions="1" time="0.023485"/>
        <testcase name="test_component_renders_app_cdn_link_when_enabled_in_config" class="Hyde\Framework\Testing\Unit\Views\StylesComponentViewTest" classname="Hyde.Framework.Testing.Unit.Views.StylesComponentViewTest" file="/home/runner/work/develop/develop/packages/framework/tests/Unit/Views/StylesComponentViewTest.php" line="80" assertions="1" time="0.023133"/>
        <testcase name="test_component_does_not_render_link_to_local_app_css_when_cdn_link_is_enabled_in_config" class="Hyde\Framework\Testing\Unit\Views\StylesComponentViewTest" classname="Hyde.Framework.Testing.Unit.Views.StylesComponentViewTest" file="/home/runner/work/develop/develop/packages/framework/tests/Unit/Views/StylesComponentViewTest.php" line="86" assertions="1" time="0.023596"/>
        <testcase name="test_component_does_not_render_cdn_link_when_a_local_file_exists" class="Hyde\Framework\Testing\Unit\Views\StylesComponentViewTest" classname="Hyde.Framework.Testing.Unit.Views.StylesComponentViewTest" file="/home/runner/work/develop/develop/packages/framework/tests/Unit/Views/StylesComponentViewTest.php" line="92" assertions="1" time="0.023840"/>
      </testsuite>
    </testsuite>
    <testsuite name="P\Packages\framework\tests\Unit\ConfigFileTest" file="/home/runner/work/develop/develop/packages/framework/tests/Unit/ConfigFileTest.php" tests="8" assertions="8" errors="0" warnings="0" failures="0" skipped="0" time="0.172883">
      <testcase name="default output directory value matches declared value" class="ackages\framework\tests\Unit\ConfigFileTest" classname="ackages.framework.tests.Unit.ConfigFileTest" file="/home/runner/work/develop/develop/packages/framework/tests/Unit/ConfigFileTest.php" assertions="1" time="0.021597"/>
      <testcase name="default media directory value matches declared value" class="ackages\framework\tests\Unit\ConfigFileTest" classname="ackages.framework.tests.Unit.ConfigFileTest" file="/home/runner/work/develop/develop/packages/framework/tests/Unit/ConfigFileTest.php" assertions="1" time="0.021504"/>
      <testcase name="default source root value matches declared value" class="ackages\framework\tests\Unit\ConfigFileTest" classname="ackages.framework.tests.Unit.ConfigFileTest" file="/home/runner/work/develop/develop/packages/framework/tests/Unit/ConfigFileTest.php" assertions="1" time="0.021390"/>
      <testcase name="default source directories values match declared values" class="ackages\framework\tests\Unit\ConfigFileTest" classname="ackages.framework.tests.Unit.ConfigFileTest" file="/home/runner/work/develop/develop/packages/framework/tests/Unit/ConfigFileTest.php" assertions="1" time="0.021508"/>
      <testcase name="default source directories values cover all core extension classes" class="ackages\framework\tests\Unit\ConfigFileTest" classname="ackages.framework.tests.Unit.ConfigFileTest" file="/home/runner/work/develop/develop/packages/framework/tests/Unit/ConfigFileTest.php" assertions="1" time="0.021866"/>
      <testcase name="default output directories values match declared values" class="ackages\framework\tests\Unit\ConfigFileTest" classname="ackages.framework.tests.Unit.ConfigFileTest" file="/home/runner/work/develop/develop/packages/framework/tests/Unit/ConfigFileTest.php" assertions="1" time="0.021600"/>
      <testcase name="default output directories values cover all core extension classes" class="ackages\framework\tests\Unit\ConfigFileTest" classname="ackages.framework.tests.Unit.ConfigFileTest" file="/home/runner/work/develop/develop/packages/framework/tests/Unit/ConfigFileTest.php" assertions="1" time="0.021924"/>
      <testcase name="default features array matches default features" class="ackages\framework\tests\Unit\ConfigFileTest" classname="ackages.framework.tests.Unit.ConfigFileTest" file="/home/runner/work/develop/develop/packages/framework/tests/Unit/ConfigFileTest.php" assertions="1" time="0.021495"/>
    </testsuite>
    <testsuite name="P\Packages\realtimecompiler\tests\RealtimeCompilerTest" file="/home/runner/work/develop/develop/packages/realtime-compiler/tests/RealtimeCompilerTest.php" tests="12" assertions="41" errors="0" warnings="0" failures="0" skipped="1" time="0.469858">
      <testcase name="handle routes index page" class="ackages\realtimecompiler\tests\RealtimeCompilerTest" classname="ackages.realtimecompiler.tests.RealtimeCompilerTest" file="/home/runner/work/develop/develop/packages/realtime-compiler/tests/RealtimeCompilerTest.php" assertions="6" time="0.029358"/>
      <testcase name="handle routes custom pages" class="ackages\realtimecompiler\tests\RealtimeCompilerTest" classname="ackages.realtimecompiler.tests.RealtimeCompilerTest" file="/home/runner/work/develop/develop/packages/realtime-compiler/tests/RealtimeCompilerTest.php" assertions="4" time="0.046953"/>
      <testcase name="handle routes pages with .html extension" class="ackages\realtimecompiler\tests\RealtimeCompilerTest" classname="ackages.realtimecompiler.tests.RealtimeCompilerTest" file="/home/runner/work/develop/develop/packages/realtime-compiler/tests/RealtimeCompilerTest.php" assertions="4" time="0.056479"/>
      <testcase name="handle routes static assets" class="ackages\realtimecompiler\tests\RealtimeCompilerTest" classname="ackages.realtimecompiler.tests.RealtimeCompilerTest" file="/home/runner/work/develop/develop/packages/realtime-compiler/tests/RealtimeCompilerTest.php" assertions="4" time="0.002456"/>
      <testcase name="handle throws route not found exception for missing route" class="ackages\realtimecompiler\tests\RealtimeCompilerTest" classname="ackages.realtimecompiler.tests.RealtimeCompilerTest" file="/home/runner/work/develop/develop/packages/realtime-compiler/tests/RealtimeCompilerTest.php" assertions="2" time="0.053824"/>
      <testcase name="handle sends 404 error response for missing asset" class="ackages\realtimecompiler\tests\RealtimeCompilerTest" classname="ackages.realtimecompiler.tests.RealtimeCompilerTest" file="/home/runner/work/develop/develop/packages/realtime-compiler/tests/RealtimeCompilerTest.php" assertions="3" time="0.001950"/>
      <testcase name="html responses contain the correct headers" class="ackages\realtimecompiler\tests\RealtimeCompilerTest" classname="ackages.realtimecompiler.tests.RealtimeCompilerTest" file="/home/runner/work/develop/develop/packages/realtime-compiler/tests/RealtimeCompilerTest.php" assertions="0" time="0.001330">
        <skipped/>
      </testcase>
      <testcase name="trailing slashes are normalized from route" class="ackages\realtimecompiler\tests\RealtimeCompilerTest" classname="ackages.realtimecompiler.tests.RealtimeCompilerTest" file="/home/runner/work/develop/develop/packages/realtime-compiler/tests/RealtimeCompilerTest.php" assertions="4" time="0.090937"/>
      <testcase name="docs uri path is rerouted to docs/index" class="ackages\realtimecompiler\tests\RealtimeCompilerTest" classname="ackages.realtimecompiler.tests.RealtimeCompilerTest" file="/home/runner/work/develop/develop/packages/realtime-compiler/tests/RealtimeCompilerTest.php" assertions="4" time="0.088620"/>
      <testcase name="docs/search renders search page" class="ackages\realtimecompiler\tests\RealtimeCompilerTest" classname="ackages.realtimecompiler.tests.RealtimeCompilerTest" file="/home/runner/work/develop/develop/packages/realtime-compiler/tests/RealtimeCompilerTest.php" assertions="4" time="0.092106"/>
      <testcase name="ping route returns ping response" class="ackages\realtimecompiler\tests\RealtimeCompilerTest" classname="ackages.realtimecompiler.tests.RealtimeCompilerTest" file="/home/runner/work/develop/develop/packages/realtime-compiler/tests/RealtimeCompilerTest.php" assertions="3" time="0.002248"/>
      <testcase name="exception handling" class="ackages\realtimecompiler\tests\RealtimeCompilerTest" classname="ackages.realtimecompiler.tests.RealtimeCompilerTest" file="/home/runner/work/develop/develop/packages/realtime-compiler/tests/RealtimeCompilerTest.php" assertions="3" time="0.003597"/>
    </testsuite>
  </testsuite>
</testsuites>
