<?xml version="1.0" encoding="UTF-8"?>
<testsuites>
  <testsuite name="/home/runner/work/develop/develop/phpunit.xml.dist" tests="2659" assertions="5313" errors="0" failures="0" skipped="6" time="50.167871">
    <testsuite name="FeatureHyde" tests="6" assertions="17" errors="0" failures="0" skipped="0" time="1.518249">
      <testsuite name="Hyde\Testing\Hyde\DefaultContentTest" file="Default Content (Hyde\Testing\Hyde\DefaultContent)" tests="3" assertions="12" errors="0" failures="0" skipped="0" time="0.522980">
        <testcase name="Default pages are present" file="Default Content (Hyde\Testing\Hyde\DefaultContent)::Default pages are present" class="Hyde\Testing\Hyde\DefaultContentTest" classname="Hyde.Testing.Hyde.DefaultContentTest" assertions="4" time="0.518798"/>
        <testcase name="Default compiled stylesheet is present" file="Default Content (Hyde\Testing\Hyde\DefaultContent)::Default compiled stylesheet is present" class="Hyde\Testing\Hyde\DefaultContentTest" classname="Hyde.Testing.Hyde.DefaultContentTest" assertions="2" time="0.001997"/>
        <testcase name="Laravel mix resources are present" file="Default Content (Hyde\Testing\Hyde\DefaultContent)::Laravel mix resources are present" class="Hyde\Testing\Hyde\DefaultContentTest" classname="Hyde.Testing.Hyde.DefaultContentTest" assertions="6" time="0.002185"/>
      </testsuite>
      <testsuite name="Hyde\Testing\Hyde\ExampleTest" file="Example (Hyde\Testing\Hyde\Example)" tests="1" assertions="1" errors="0" failures="0" skipped="0" time="0.020582">
        <testcase name="Example" file="Example (Hyde\Testing\Hyde\Example)::Example" class="Hyde\Testing\Hyde\ExampleTest" classname="Hyde.Testing.Hyde.ExampleTest" assertions="1" time="0.020582"/>
      </testsuite>
      <testsuite name="Hyde\Testing\Hyde\HydeCLITest" file="Hyde CLI (Hyde\Testing\Hyde\HydeCLI)" tests="1" assertions="2" errors="0" failures="0" skipped="0" time="0.681997">
        <testcase name="Can show hyde console" file="Hyde CLI (Hyde\Testing\Hyde\HydeCLI)::Can show hyde console" class="Hyde\Testing\Hyde\HydeCLITest" classname="Hyde.Testing.Hyde.HydeCLITest" assertions="2" time="0.681997"/>
      </testsuite>
      <testsuite name="Hyde\Testing\Hyde\StaticSiteBuilderTest" file="Static Site Builder (Hyde\Testing\Hyde\StaticSiteBuilder)" tests="1" assertions="2" errors="0" failures="0" skipped="0" time="0.292690">
        <testcase name="Can build static site" file="Static Site Builder (Hyde\Testing\Hyde\StaticSiteBuilder)::Can build static site" class="Hyde\Testing\Hyde\StaticSiteBuilderTest" classname="Hyde.Testing.Hyde.StaticSiteBuilderTest" assertions="2" time="0.292690"/>
      </testsuite>
    </testsuite>
    <testsuite name="UnitFramework" tests="1010" assertions="1676" errors="0" failures="0" skipped="3" time="9.364268">
      <testsuite name="Hyde\Framework\Testing\Unit\AssetServiceUnitTest" file="Asset Service Unit (Hyde\Framework\Testing\Unit\AssetServiceUnit)" tests="15" assertions="21" errors="0" failures="0" skipped="0" time="0.035597">
        <testcase name="Version string constant" file="Asset Service Unit (Hyde\Framework\Testing\Unit\AssetServiceUnit)::Version string constant" class="Hyde\Framework\Testing\Unit\AssetServiceUnitTest" classname="Hyde.Framework.Testing.Unit.AssetServiceUnitTest" assertions="1" time="0.004799"/>
        <testcase name="Service has version string" file="Asset Service Unit (Hyde\Framework\Testing\Unit\AssetServiceUnit)::Service has version string" class="Hyde\Framework\Testing\Unit\AssetServiceUnitTest" classname="Hyde.Framework.Testing.Unit.AssetServiceUnitTest" assertions="1" time="0.002209"/>
        <testcase name="Version string defaults to constant" file="Asset Service Unit (Hyde\Framework\Testing\Unit\AssetServiceUnit)::Version string defaults to constant" class="Hyde\Framework\Testing\Unit\AssetServiceUnitTest" classname="Hyde.Framework.Testing.Unit.AssetServiceUnitTest" assertions="1" time="0.002008"/>
        <testcase name="Version can be set in config" file="Asset Service Unit (Hyde\Framework\Testing\Unit\AssetServiceUnit)::Version can be set in config" class="Hyde\Framework\Testing\Unit\AssetServiceUnitTest" classname="Hyde.Framework.Testing.Unit.AssetServiceUnitTest" assertions="1" time="0.002007"/>
        <testcase name="Cdn pattern constant" file="Asset Service Unit (Hyde\Framework\Testing\Unit\AssetServiceUnit)::Cdn pattern constant" class="Hyde\Framework\Testing\Unit\AssetServiceUnitTest" classname="Hyde.Framework.Testing.Unit.AssetServiceUnitTest" assertions="1" time="0.001880"/>
        <testcase name="Can set custom cdn url in config" file="Asset Service Unit (Hyde\Framework\Testing\Unit\AssetServiceUnit)::Can set custom cdn url in config" class="Hyde\Framework\Testing\Unit\AssetServiceUnitTest" classname="Hyde.Framework.Testing.Unit.AssetServiceUnitTest" assertions="1" time="0.002042"/>
        <testcase name="Can use custom cdn url with version" file="Asset Service Unit (Hyde\Framework\Testing\Unit\AssetServiceUnit)::Can use custom cdn url with version" class="Hyde\Framework\Testing\Unit\AssetServiceUnitTest" classname="Hyde.Framework.Testing.Unit.AssetServiceUnitTest" assertions="1" time="0.002023"/>
        <testcase name="Can use custom cdn url with file" file="Asset Service Unit (Hyde\Framework\Testing\Unit\AssetServiceUnit)::Can use custom cdn url with file" class="Hyde\Framework\Testing\Unit\AssetServiceUnitTest" classname="Hyde.Framework.Testing.Unit.AssetServiceUnitTest" assertions="1" time="0.002058"/>
        <testcase name="Can use custom cdn url with version and file" file="Asset Service Unit (Hyde\Framework\Testing\Unit\AssetServiceUnit)::Can use custom cdn url with version and file" class="Hyde\Framework\Testing\Unit\AssetServiceUnitTest" classname="Hyde.Framework.Testing.Unit.AssetServiceUnitTest" assertions="1" time="0.002039"/>
        <testcase name="Can use custom cdn url with custom version" file="Asset Service Unit (Hyde\Framework\Testing\Unit\AssetServiceUnit)::Can use custom cdn url with custom version" class="Hyde\Framework\Testing\Unit\AssetServiceUnitTest" classname="Hyde.Framework.Testing.Unit.AssetServiceUnitTest" assertions="1" time="0.002024"/>
        <testcase name="Cdn link helper" file="Asset Service Unit (Hyde\Framework\Testing\Unit\AssetServiceUnit)::Cdn link helper" class="Hyde\Framework\Testing\Unit\AssetServiceUnitTest" classname="Hyde.Framework.Testing.Unit.AssetServiceUnitTest" assertions="1" time="0.001951"/>
        <testcase name="Has media file helper" file="Asset Service Unit (Hyde\Framework\Testing\Unit\AssetServiceUnit)::Has media file helper" class="Hyde\Framework\Testing\Unit\AssetServiceUnitTest" classname="Hyde.Framework.Testing.Unit.AssetServiceUnitTest" assertions="1" time="0.002257"/>
        <testcase name="Has media file helper returns true for existing file" file="Asset Service Unit (Hyde\Framework\Testing\Unit\AssetServiceUnit)::Has media file helper returns true for existing file" class="Hyde\Framework\Testing\Unit\AssetServiceUnitTest" classname="Hyde.Framework.Testing.Unit.AssetServiceUnitTest" assertions="1" time="0.002223"/>
        <testcase name="Inject tailwind config returns extracted tailwind config" file="Asset Service Unit (Hyde\Framework\Testing\Unit\AssetServiceUnit)::Inject tailwind config returns extracted tailwind config" class="Hyde\Framework\Testing\Unit\AssetServiceUnitTest" classname="Hyde.Framework.Testing.Unit.AssetServiceUnitTest" assertions="6" time="0.003385"/>
        <testcase name="Inject tailwind config handles missing config file gracefully" file="Asset Service Unit (Hyde\Framework\Testing\Unit\AssetServiceUnit)::Inject tailwind config handles missing config file gracefully" class="Hyde\Framework\Testing\Unit\AssetServiceUnitTest" classname="Hyde.Framework.Testing.Unit.AssetServiceUnitTest" assertions="2" time="0.002692"/>
      </testsuite>
      <testsuite name="Hyde\Framework\Testing\Unit\BaseFoundationCollectionTest" file="Base Foundation Collection (Hyde\Framework\Testing\Unit\BaseFoundationCollection)" tests="4" assertions="8" errors="0" failures="0" skipped="0" time="0.026839">
        <testcase name="Init" file="Base Foundation Collection (Hyde\Framework\Testing\Unit\BaseFoundationCollection)::Init" class="Hyde\Framework\Testing\Unit\BaseFoundationCollectionTest" classname="Hyde.Framework.Testing.Unit.BaseFoundationCollectionTest" assertions="4" time="0.020964"/>
        <testcase name="Exceptions are caught and rethrown as runtime exceptions" file="Base Foundation Collection (Hyde\Framework\Testing\Unit\BaseFoundationCollection)::Exceptions are caught and rethrown as runtime exceptions" class="Hyde\Framework\Testing\Unit\BaseFoundationCollectionTest" classname="Hyde.Framework.Testing.Unit.BaseFoundationCollectionTest" assertions="1" time="0.002205"/>
        <testcase name="Exceptions are caught and rethrown with helpful information" file="Base Foundation Collection (Hyde\Framework\Testing\Unit\BaseFoundationCollection)::Exceptions are caught and rethrown with helpful information" class="Hyde\Framework\Testing\Unit\BaseFoundationCollectionTest" classname="Hyde.Framework.Testing.Unit.BaseFoundationCollectionTest" assertions="1" time="0.001835"/>
        <testcase name="Can get previous exception" file="Base Foundation Collection (Hyde\Framework\Testing\Unit\BaseFoundationCollection)::Can get previous exception" class="Hyde\Framework\Testing\Unit\BaseFoundationCollectionTest" classname="Hyde.Framework.Testing.Unit.BaseFoundationCollectionTest" assertions="2" time="0.001835"/>
      </testsuite>
      <testsuite name="Hyde\Framework\Testing\Unit\BlogPostFrontMatterIsOptionalTest" file="Blog Post Front Matter Is Optional (Hyde\Framework\Testing\Unit\BlogPostFrontMatterIsOptional)" tests="2" assertions="2" errors="0" failures="0" skipped="0" time="0.302057">
        <testcase name="Blog post can be created without front matter" file="Blog Post Front Matter Is Optional (Hyde\Framework\Testing\Unit\BlogPostFrontMatterIsOptional)::Blog post can be created without front matter" class="Hyde\Framework\Testing\Unit\BlogPostFrontMatterIsOptionalTest" classname="Hyde.Framework.Testing.Unit.BlogPostFrontMatterIsOptionalTest" assertions="1" time="0.270731"/>
        <testcase name="Blog post feed can be rendered when post has no front matter" file="Blog Post Front Matter Is Optional (Hyde\Framework\Testing\Unit\BlogPostFrontMatterIsOptional)::Blog post feed can be rendered when post has no front matter" class="Hyde\Framework\Testing\Unit\BlogPostFrontMatterIsOptionalTest" classname="Hyde.Framework.Testing.Unit.BlogPostFrontMatterIsOptionalTest" assertions="1" time="0.031326"/>
      </testsuite>
      <testsuite name="Hyde\Framework\Testing\Unit\BreadcrumbsComponentTest" file="Breadcrumbs Component (Hyde\Framework\Testing\Unit\BreadcrumbsComponent)" tests="13" assertions="13" errors="0" failures="0" skipped="0" time="0.076001">
        <testcase name="Can construct" file="Breadcrumbs Component (Hyde\Framework\Testing\Unit\BreadcrumbsComponent)::Can construct" class="Hyde\Framework\Testing\Unit\BreadcrumbsComponentTest" classname="Hyde.Framework.Testing.Unit.BreadcrumbsComponentTest" assertions="1" time="0.016224"/>
        <testcase name="Can render" file="Breadcrumbs Component (Hyde\Framework\Testing\Unit\BreadcrumbsComponent)::Can render" class="Hyde\Framework\Testing\Unit\BreadcrumbsComponentTest" classname="Hyde.Framework.Testing.Unit.BreadcrumbsComponentTest" assertions="1" time="0.013638"/>
        <testcase name="Can generate breadcrumbs" file="Breadcrumbs Component (Hyde\Framework\Testing\Unit\BreadcrumbsComponent)::Can generate breadcrumbs" class="Hyde\Framework\Testing\Unit\BreadcrumbsComponentTest" classname="Hyde.Framework.Testing.Unit.BreadcrumbsComponentTest" assertions="1" time="0.003925"/>
        <testcase name="Can generate breadcrumbs for index page" file="Breadcrumbs Component (Hyde\Framework\Testing\Unit\BreadcrumbsComponent)::Can generate breadcrumbs for index page" class="Hyde\Framework\Testing\Unit\BreadcrumbsComponentTest" classname="Hyde.Framework.Testing.Unit.BreadcrumbsComponentTest" assertions="1" time="0.004008"/>
        <testcase name="Can generate breadcrumbs for root page" file="Breadcrumbs Component (Hyde\Framework\Testing\Unit\BreadcrumbsComponent)::Can generate breadcrumbs for root page" class="Hyde\Framework\Testing\Unit\BreadcrumbsComponentTest" classname="Hyde.Framework.Testing.Unit.BreadcrumbsComponentTest" assertions="1" time="0.004087"/>
        <testcase name="Can generate breadcrumbs for nested page" file="Breadcrumbs Component (Hyde\Framework\Testing\Unit\BreadcrumbsComponent)::Can generate breadcrumbs for nested page" class="Hyde\Framework\Testing\Unit\BreadcrumbsComponentTest" classname="Hyde.Framework.Testing.Unit.BreadcrumbsComponentTest" assertions="1" time="0.004235"/>
        <testcase name="Can generate breadcrumbs for very nested page" file="Breadcrumbs Component (Hyde\Framework\Testing\Unit\BreadcrumbsComponent)::Can generate breadcrumbs for very nested page" class="Hyde\Framework\Testing\Unit\BreadcrumbsComponentTest" classname="Hyde.Framework.Testing.Unit.BreadcrumbsComponentTest" assertions="1" time="0.004546"/>
        <testcase name="Can generate breadcrumbs for nested page with index" file="Breadcrumbs Component (Hyde\Framework\Testing\Unit\BreadcrumbsComponent)::Can generate breadcrumbs for nested page with index" class="Hyde\Framework\Testing\Unit\BreadcrumbsComponentTest" classname="Hyde.Framework.Testing.Unit.BreadcrumbsComponentTest" assertions="1" time="0.004289"/>
        <testcase name="Can generate breadcrumbs for index page with pretty urls" file="Breadcrumbs Component (Hyde\Framework\Testing\Unit\BreadcrumbsComponent)::Can generate breadcrumbs for index page with pretty urls" class="Hyde\Framework\Testing\Unit\BreadcrumbsComponentTest" classname="Hyde.Framework.Testing.Unit.BreadcrumbsComponentTest" assertions="1" time="0.004077"/>
        <testcase name="Can generate breadcrumbs for nested page with pretty urls" file="Breadcrumbs Component (Hyde\Framework\Testing\Unit\BreadcrumbsComponent)::Can generate breadcrumbs for nested page with pretty urls" class="Hyde\Framework\Testing\Unit\BreadcrumbsComponentTest" classname="Hyde.Framework.Testing.Unit.BreadcrumbsComponentTest" assertions="1" time="0.004348"/>
        <testcase name="Can generate breadcrumbs for nested page with index with pretty urls" file="Breadcrumbs Component (Hyde\Framework\Testing\Unit\BreadcrumbsComponent)::Can generate breadcrumbs for nested page with index with pretty urls" class="Hyde\Framework\Testing\Unit\BreadcrumbsComponentTest" classname="Hyde.Framework.Testing.Unit.BreadcrumbsComponentTest" assertions="1" time="0.004329"/>
        <testcase name="Title generation with kebab case url" file="Breadcrumbs Component (Hyde\Framework\Testing\Unit\BreadcrumbsComponent)::Title generation with kebab case url" class="Hyde\Framework\Testing\Unit\BreadcrumbsComponentTest" classname="Hyde.Framework.Testing.Unit.BreadcrumbsComponentTest" assertions="1" time="0.004160"/>
        <testcase name="Title generation with snake case url" file="Breadcrumbs Component (Hyde\Framework\Testing\Unit\BreadcrumbsComponent)::Title generation with snake case url" class="Hyde\Framework\Testing\Unit\BreadcrumbsComponentTest" classname="Hyde.Framework.Testing.Unit.BreadcrumbsComponentTest" assertions="1" time="0.004136"/>
      </testsuite>
      <testsuite name="Hyde\Framework\Testing\Unit\BuildOutputDirectoryCanBeChangedTest" file="Build Output Directory Can Be Changed (Hyde\Framework\Testing\Unit\BuildOutputDirectoryCanBeChanged)" tests="5" assertions="20" errors="0" failures="0" skipped="0" time="0.198444">
        <testcase name="Site output directory can be changed for site builds" file="Build Output Directory Can Be Changed (Hyde\Framework\Testing\Unit\BuildOutputDirectoryCanBeChanged)::Site output directory can be changed for site builds" class="Hyde\Framework\Testing\Unit\BuildOutputDirectoryCanBeChangedTest" classname="Hyde.Framework.Testing.Unit.BuildOutputDirectoryCanBeChangedTest" assertions="14" time="0.073561"/>
        <testcase name="Site output directory can be changed in static page builder" file="Build Output Directory Can Be Changed (Hyde\Framework\Testing\Unit\BuildOutputDirectoryCanBeChanged)::Site output directory can be changed in static page builder" class="Hyde\Framework\Testing\Unit\BuildOutputDirectoryCanBeChangedTest" classname="Hyde.Framework.Testing.Unit.BuildOutputDirectoryCanBeChangedTest" assertions="1" time="0.035608"/>
        <testcase name="Output directory is created if it does not exist in static page builder" file="Build Output Directory Can Be Changed (Hyde\Framework\Testing\Unit\BuildOutputDirectoryCanBeChanged)::Output directory is created if it does not exist in static page builder" class="Hyde\Framework\Testing\Unit\BuildOutputDirectoryCanBeChangedTest" classname="Hyde.Framework.Testing.Unit.BuildOutputDirectoryCanBeChangedTest" assertions="1" time="0.034544"/>
        <testcase name="Site output directory can be changed in configuration" file="Build Output Directory Can Be Changed (Hyde\Framework\Testing\Unit\BuildOutputDirectoryCanBeChanged)::Site output directory can be changed in configuration" class="Hyde\Framework\Testing\Unit\BuildOutputDirectoryCanBeChangedTest" classname="Hyde.Framework.Testing.Unit.BuildOutputDirectoryCanBeChangedTest" assertions="3" time="0.035411"/>
        <testcase name="Site output directory path is normalized to trim trailing slashes" file="Build Output Directory Can Be Changed (Hyde\Framework\Testing\Unit\BuildOutputDirectoryCanBeChanged)::Site output directory path is normalized to trim trailing slashes" class="Hyde\Framework\Testing\Unit\BuildOutputDirectoryCanBeChangedTest" classname="Hyde.Framework.Testing.Unit.BuildOutputDirectoryCanBeChangedTest" assertions="1" time="0.019320"/>
      </testsuite>
      <testsuite name="Hyde\Framework\Testing\Unit\BuildTaskServiceUnitTest" file="Build Task Service Unit (Hyde\Framework\Testing\Unit\BuildTaskServiceUnit)" tests="36" assertions="40" errors="0" failures="0" skipped="0" time="0.156767">
        <testcase name="Construct" file="Build Task Service Unit (Hyde\Framework\Testing\Unit\BuildTaskServiceUnit)::Construct" class="Hyde\Framework\Testing\Unit\BuildTaskServiceUnitTest" classname="Hyde.Framework.Testing.Unit.BuildTaskServiceUnitTest" assertions="1" time="0.013841"/>
        <testcase name="Get tasks" file="Build Task Service Unit (Hyde\Framework\Testing\Unit\BuildTaskServiceUnit)::Get tasks" class="Hyde\Framework\Testing\Unit\BuildTaskServiceUnitTest" classname="Hyde.Framework.Testing.Unit.BuildTaskServiceUnitTest" assertions="1" time="0.003371"/>
        <testcase name="Get tasks with task registered in config" file="Build Task Service Unit (Hyde\Framework\Testing\Unit\BuildTaskServiceUnit)::Get tasks with task registered in config" class="Hyde\Framework\Testing\Unit\BuildTaskServiceUnitTest" classname="Hyde.Framework.Testing.Unit.BuildTaskServiceUnitTest" assertions="1" time="0.003946"/>
        <testcase name="Register task" file="Build Task Service Unit (Hyde\Framework\Testing\Unit\BuildTaskServiceUnit)::Register task" class="Hyde\Framework\Testing\Unit\BuildTaskServiceUnitTest" classname="Hyde.Framework.Testing.Unit.BuildTaskServiceUnitTest" assertions="1" time="0.003373"/>
        <testcase name="Register pre build task" file="Build Task Service Unit (Hyde\Framework\Testing\Unit\BuildTaskServiceUnit)::Register pre build task" class="Hyde\Framework\Testing\Unit\BuildTaskServiceUnitTest" classname="Hyde.Framework.Testing.Unit.BuildTaskServiceUnitTest" assertions="1" time="0.003369"/>
        <testcase name="Register post build task" file="Build Task Service Unit (Hyde\Framework\Testing\Unit\BuildTaskServiceUnit)::Register post build task" class="Hyde\Framework\Testing\Unit\BuildTaskServiceUnitTest" classname="Hyde.Framework.Testing.Unit.BuildTaskServiceUnitTest" assertions="1" time="0.003374"/>
        <testcase name="Register instantiated task" file="Build Task Service Unit (Hyde\Framework\Testing\Unit\BuildTaskServiceUnit)::Register instantiated task" class="Hyde\Framework\Testing\Unit\BuildTaskServiceUnitTest" classname="Hyde.Framework.Testing.Unit.BuildTaskServiceUnitTest" assertions="1" time="0.003374"/>
        <testcase name="Register instantiated pre build task" file="Build Task Service Unit (Hyde\Framework\Testing\Unit\BuildTaskServiceUnit)::Register instantiated pre build task" class="Hyde\Framework\Testing\Unit\BuildTaskServiceUnitTest" classname="Hyde.Framework.Testing.Unit.BuildTaskServiceUnitTest" assertions="1" time="0.003404"/>
        <testcase name="Register instantiated post build task" file="Build Task Service Unit (Hyde\Framework\Testing\Unit\BuildTaskServiceUnit)::Register instantiated post build task" class="Hyde\Framework\Testing\Unit\BuildTaskServiceUnitTest" classname="Hyde.Framework.Testing.Unit.BuildTaskServiceUnitTest" assertions="1" time="0.003459"/>
        <testcase name="Register task with invalid class type throws exception" file="Build Task Service Unit (Hyde\Framework\Testing\Unit\BuildTaskServiceUnit)::Register task with invalid class type throws exception" class="Hyde\Framework\Testing\Unit\BuildTaskServiceUnitTest" classname="Hyde.Framework.Testing.Unit.BuildTaskServiceUnitTest" assertions="1" time="0.003381"/>
        <testcase name="Register task without child extension throws exception" file="Build Task Service Unit (Hyde\Framework\Testing\Unit\BuildTaskServiceUnit)::Register task without child extension throws exception" class="Hyde\Framework\Testing\Unit\BuildTaskServiceUnitTest" classname="Hyde.Framework.Testing.Unit.BuildTaskServiceUnitTest" assertions="1" time="0.003380"/>
        <testcase name="Register task with base class throws exception" file="Build Task Service Unit (Hyde\Framework\Testing\Unit\BuildTaskServiceUnit)::Register task with base class throws exception" class="Hyde\Framework\Testing\Unit\BuildTaskServiceUnitTest" classname="Hyde.Framework.Testing.Unit.BuildTaskServiceUnitTest" assertions="1" time="0.003399"/>
        <testcase name="Register task with already registered task" file="Build Task Service Unit (Hyde\Framework\Testing\Unit\BuildTaskServiceUnit)::Register task with already registered task" class="Hyde\Framework\Testing\Unit\BuildTaskServiceUnitTest" classname="Hyde.Framework.Testing.Unit.BuildTaskServiceUnitTest" assertions="1" time="0.003457"/>
        <testcase name="Register task with task already registered in config" file="Build Task Service Unit (Hyde\Framework\Testing\Unit\BuildTaskServiceUnit)::Register task with task already registered in config" class="Hyde\Framework\Testing\Unit\BuildTaskServiceUnitTest" classname="Hyde.Framework.Testing.Unit.BuildTaskServiceUnitTest" assertions="1" time="0.003939"/>
        <testcase name="Can register framework tasks" file="Build Task Service Unit (Hyde\Framework\Testing\Unit\BuildTaskServiceUnit)::Can register framework tasks" class="Hyde\Framework\Testing\Unit\BuildTaskServiceUnitTest" classname="Hyde.Framework.Testing.Unit.BuildTaskServiceUnitTest" assertions="1" time="0.003407"/>
        <testcase name="Can overload framework tasks" file="Build Task Service Unit (Hyde\Framework\Testing\Unit\BuildTaskServiceUnit)::Can overload framework tasks" class="Hyde\Framework\Testing\Unit\BuildTaskServiceUnitTest" classname="Hyde.Framework.Testing.Unit.BuildTaskServiceUnitTest" assertions="1" time="0.003410"/>
        <testcase name="Can set output with null" file="Build Task Service Unit (Hyde\Framework\Testing\Unit\BuildTaskServiceUnit)::Can set output with null" class="Hyde\Framework\Testing\Unit\BuildTaskServiceUnitTest" classname="Hyde.Framework.Testing.Unit.BuildTaskServiceUnitTest" assertions="1" time="0.003316"/>
        <testcase name="Can set output with output style" file="Build Task Service Unit (Hyde\Framework\Testing\Unit\BuildTaskServiceUnit)::Can set output with output style" class="Hyde\Framework\Testing\Unit\BuildTaskServiceUnitTest" classname="Hyde.Framework.Testing.Unit.BuildTaskServiceUnitTest" assertions="1" time="0.007266"/>
        <testcase name="Generate build manifest extends post build task" file="Build Task Service Unit (Hyde\Framework\Testing\Unit\BuildTaskServiceUnit)::Generate build manifest extends post build task" class="Hyde\Framework\Testing\Unit\BuildTaskServiceUnitTest" classname="Hyde.Framework.Testing.Unit.BuildTaskServiceUnitTest" assertions="1" time="0.003373"/>
        <testcase name="Generate rss feed extends post build task" file="Build Task Service Unit (Hyde\Framework\Testing\Unit\BuildTaskServiceUnit)::Generate rss feed extends post build task" class="Hyde\Framework\Testing\Unit\BuildTaskServiceUnitTest" classname="Hyde.Framework.Testing.Unit.BuildTaskServiceUnitTest" assertions="1" time="0.003348"/>
        <testcase name="Generate search extends post build task" file="Build Task Service Unit (Hyde\Framework\Testing\Unit\BuildTaskServiceUnit)::Generate search extends post build task" class="Hyde\Framework\Testing\Unit\BuildTaskServiceUnitTest" classname="Hyde.Framework.Testing.Unit.BuildTaskServiceUnitTest" assertions="1" time="0.007528"/>
        <testcase name="Generate sitemap extends post build task" file="Build Task Service Unit (Hyde\Framework\Testing\Unit\BuildTaskServiceUnit)::Generate sitemap extends post build task" class="Hyde\Framework\Testing\Unit\BuildTaskServiceUnitTest" classname="Hyde.Framework.Testing.Unit.BuildTaskServiceUnitTest" assertions="1" time="0.003359"/>
        <testcase name="Can run pre build tasks" file="Build Task Service Unit (Hyde\Framework\Testing\Unit\BuildTaskServiceUnit)::Can run pre build tasks" class="Hyde\Framework\Testing\Unit\BuildTaskServiceUnitTest" classname="Hyde.Framework.Testing.Unit.BuildTaskServiceUnitTest" assertions="1" time="0.003348"/>
        <testcase name="Can run post build tasks" file="Build Task Service Unit (Hyde\Framework\Testing\Unit\BuildTaskServiceUnit)::Can run post build tasks" class="Hyde\Framework\Testing\Unit\BuildTaskServiceUnitTest" classname="Hyde.Framework.Testing.Unit.BuildTaskServiceUnitTest" assertions="1" time="0.003339"/>
        <testcase name="Can run pre build tasks with tasks" file="Build Task Service Unit (Hyde\Framework\Testing\Unit\BuildTaskServiceUnit)::Can run pre build tasks with tasks" class="Hyde\Framework\Testing\Unit\BuildTaskServiceUnitTest" classname="Hyde.Framework.Testing.Unit.BuildTaskServiceUnitTest" assertions="1" time="0.003661"/>
        <testcase name="Can run post build tasks with tasks" file="Build Task Service Unit (Hyde\Framework\Testing\Unit\BuildTaskServiceUnit)::Can run post build tasks with tasks" class="Hyde\Framework\Testing\Unit\BuildTaskServiceUnitTest" classname="Hyde.Framework.Testing.Unit.BuildTaskServiceUnitTest" assertions="1" time="0.003501"/>
        <testcase name="Run pre build tasks calls handle methods" file="Build Task Service Unit (Hyde\Framework\Testing\Unit\BuildTaskServiceUnit)::Run pre build tasks calls handle methods" class="Hyde\Framework\Testing\Unit\BuildTaskServiceUnitTest" classname="Hyde.Framework.Testing.Unit.BuildTaskServiceUnitTest" assertions="1" time="0.007424"/>
        <testcase name="Run post build tasks calls handle methods" file="Build Task Service Unit (Hyde\Framework\Testing\Unit\BuildTaskServiceUnit)::Run post build tasks calls handle methods" class="Hyde\Framework\Testing\Unit\BuildTaskServiceUnitTest" classname="Hyde.Framework.Testing.Unit.BuildTaskServiceUnitTest" assertions="1" time="0.007180"/>
        <testcase name="Run pre build tasks calls run methods" file="Build Task Service Unit (Hyde\Framework\Testing\Unit\BuildTaskServiceUnit)::Run pre build tasks calls run methods" class="Hyde\Framework\Testing\Unit\BuildTaskServiceUnitTest" classname="Hyde.Framework.Testing.Unit.BuildTaskServiceUnitTest" assertions="1" time="0.003487"/>
        <testcase name="Run post build tasks calls run methods" file="Build Task Service Unit (Hyde\Framework\Testing\Unit\BuildTaskServiceUnit)::Run post build tasks calls run methods" class="Hyde\Framework\Testing\Unit\BuildTaskServiceUnitTest" classname="Hyde.Framework.Testing.Unit.BuildTaskServiceUnitTest" assertions="1" time="0.003479"/>
        <testcase name="Run pre build tasks calls run methods with null when service has no output" file="Build Task Service Unit (Hyde\Framework\Testing\Unit\BuildTaskServiceUnit)::Run pre build tasks calls run methods with null when service has no output" class="Hyde\Framework\Testing\Unit\BuildTaskServiceUnitTest" classname="Hyde.Framework.Testing.Unit.BuildTaskServiceUnitTest" assertions="1" time="0.003533"/>
        <testcase name="Run post build tasks calls run methods with null when service has no output" file="Build Task Service Unit (Hyde\Framework\Testing\Unit\BuildTaskServiceUnit)::Run post build tasks calls run methods with null when service has no output" class="Hyde\Framework\Testing\Unit\BuildTaskServiceUnitTest" classname="Hyde.Framework.Testing.Unit.BuildTaskServiceUnitTest" assertions="1" time="0.003493"/>
        <testcase name="Run pre build tasks calls run methods with output when service has output" file="Build Task Service Unit (Hyde\Framework\Testing\Unit\BuildTaskServiceUnit)::Run pre build tasks calls run methods with output when service has output" class="Hyde\Framework\Testing\Unit\BuildTaskServiceUnitTest" classname="Hyde.Framework.Testing.Unit.BuildTaskServiceUnitTest" assertions="1" time="0.003629"/>
        <testcase name="Run post build tasks calls run methods with output when service has output" file="Build Task Service Unit (Hyde\Framework\Testing\Unit\BuildTaskServiceUnit)::Run post build tasks calls run methods with output when service has output" class="Hyde\Framework\Testing\Unit\BuildTaskServiceUnitTest" classname="Hyde.Framework.Testing.Unit.BuildTaskServiceUnitTest" assertions="1" time="0.003606"/>
        <testcase name="Service searches for tasks in app directory" file="Build Task Service Unit (Hyde\Framework\Testing\Unit\BuildTaskServiceUnit)::Service searches for tasks in app directory" class="Hyde\Framework\Testing\Unit\BuildTaskServiceUnitTest" classname="Hyde.Framework.Testing.Unit.BuildTaskServiceUnitTest" assertions="3" time="0.005814"/>
        <testcase name="Service finds tasks in app directory" file="Build Task Service Unit (Hyde\Framework\Testing\Unit\BuildTaskServiceUnit)::Service finds tasks in app directory" class="Hyde\Framework\Testing\Unit\BuildTaskServiceUnitTest" classname="Hyde.Framework.Testing.Unit.BuildTaskServiceUnitTest" assertions="3" time="0.007198"/>
      </testsuite>
      <testsuite name="Hyde\Framework\Testing\Unit\BuildTaskSkippedExceptionTest" file="Build Task Skipped Exception (Hyde\Framework\Testing\Unit\BuildTaskSkippedException)" tests="5" assertions="7" errors="0" failures="0" skipped="0" time="0.041433">
        <testcase name="It can be instantiated" file="Build Task Skipped Exception (Hyde\Framework\Testing\Unit\BuildTaskSkippedException)::It can be instantiated" class="Hyde\Framework\Testing\Unit\BuildTaskSkippedExceptionTest" classname="Hyde.Framework.Testing.Unit.BuildTaskSkippedExceptionTest" assertions="1" time="0.034151"/>
        <testcase name="It throws an exception with default message" file="Build Task Skipped Exception (Hyde\Framework\Testing\Unit\BuildTaskSkippedException)::It throws an exception with default message" class="Hyde\Framework\Testing\Unit\BuildTaskSkippedExceptionTest" classname="Hyde.Framework.Testing.Unit.BuildTaskSkippedExceptionTest" assertions="2" time="0.002033"/>
        <testcase name="It throws an exception with custom message" file="Build Task Skipped Exception (Hyde\Framework\Testing\Unit\BuildTaskSkippedException)::It throws an exception with custom message" class="Hyde\Framework\Testing\Unit\BuildTaskSkippedExceptionTest" classname="Hyde.Framework.Testing.Unit.BuildTaskSkippedExceptionTest" assertions="2" time="0.001809"/>
        <testcase name="Default exception code" file="Build Task Skipped Exception (Hyde\Framework\Testing\Unit\BuildTaskSkippedException)::Default exception code" class="Hyde\Framework\Testing\Unit\BuildTaskSkippedExceptionTest" classname="Hyde.Framework.Testing.Unit.BuildTaskSkippedExceptionTest" assertions="1" time="0.001731"/>
        <testcase name="Custom exception code" file="Build Task Skipped Exception (Hyde\Framework\Testing\Unit\BuildTaskSkippedException)::Custom exception code" class="Hyde\Framework\Testing\Unit\BuildTaskSkippedExceptionTest" classname="Hyde.Framework.Testing.Unit.BuildTaskSkippedExceptionTest" assertions="1" time="0.001708"/>
      </testsuite>
      <testsuite name="Hyde\Framework\Testing\Unit\BuildTaskUnitTest" file="Build Task Unit (Hyde\Framework\Testing\Unit\BuildTaskUnit)" tests="21" assertions="33" errors="0" failures="0" skipped="0" time="0.045657">
        <testcase name="Can create build task" file="Build Task Unit (Hyde\Framework\Testing\Unit\BuildTaskUnit)::Can create build task" class="Hyde\Framework\Testing\Unit\BuildTaskUnitTest" classname="Hyde.Framework.Testing.Unit.BuildTaskUnitTest" assertions="1" time="0.006899"/>
        <testcase name="It tracks execution time" file="Build Task Unit (Hyde\Framework\Testing\Unit\BuildTaskUnit)::It tracks execution time" class="Hyde\Framework\Testing\Unit\BuildTaskUnitTest" classname="Hyde.Framework.Testing.Unit.BuildTaskUnitTest" assertions="2" time="0.002108"/>
        <testcase name="It can run without output" file="Build Task Unit (Hyde\Framework\Testing\Unit\BuildTaskUnit)::It can run without output" class="Hyde\Framework\Testing\Unit\BuildTaskUnitTest" classname="Hyde.Framework.Testing.Unit.BuildTaskUnitTest" assertions="1" time="0.001872"/>
        <testcase name="It can run with output" file="Build Task Unit (Hyde\Framework\Testing\Unit\BuildTaskUnit)::It can run with output" class="Hyde\Framework\Testing\Unit\BuildTaskUnitTest" classname="Hyde.Framework.Testing.Unit.BuildTaskUnitTest" assertions="1" time="0.002232"/>
        <testcase name="It prints start message" file="Build Task Unit (Hyde\Framework\Testing\Unit\BuildTaskUnit)::It prints start message" class="Hyde\Framework\Testing\Unit\BuildTaskUnitTest" classname="Hyde.Framework.Testing.Unit.BuildTaskUnitTest" assertions="1" time="0.001896"/>
        <testcase name="It prints finish message" file="Build Task Unit (Hyde\Framework\Testing\Unit\BuildTaskUnit)::It prints finish message" class="Hyde\Framework\Testing\Unit\BuildTaskUnitTest" classname="Hyde.Framework.Testing.Unit.BuildTaskUnitTest" assertions="2" time="0.001982"/>
        <testcase name="Run method handles task" file="Build Task Unit (Hyde\Framework\Testing\Unit\BuildTaskUnit)::Run method handles task" class="Hyde\Framework\Testing\Unit\BuildTaskUnitTest" classname="Hyde.Framework.Testing.Unit.BuildTaskUnitTest" assertions="2" time="0.001921"/>
        <testcase name="Run method returns exit code" file="Build Task Unit (Hyde\Framework\Testing\Unit\BuildTaskUnit)::Run method returns exit code" class="Hyde\Framework\Testing\Unit\BuildTaskUnitTest" classname="Hyde.Framework.Testing.Unit.BuildTaskUnitTest" assertions="2" time="0.001979"/>
        <testcase name="Can get message" file="Build Task Unit (Hyde\Framework\Testing\Unit\BuildTaskUnit)::Can get message" class="Hyde\Framework\Testing\Unit\BuildTaskUnitTest" classname="Hyde.Framework.Testing.Unit.BuildTaskUnitTest" assertions="1" time="0.001766"/>
        <testcase name="Can get custom message" file="Build Task Unit (Hyde\Framework\Testing\Unit\BuildTaskUnit)::Can get custom message" class="Hyde\Framework\Testing\Unit\BuildTaskUnitTest" classname="Hyde.Framework.Testing.Unit.BuildTaskUnitTest" assertions="1" time="0.001753"/>
        <testcase name="Can print start message" file="Build Task Unit (Hyde\Framework\Testing\Unit\BuildTaskUnit)::Can print start message" class="Hyde\Framework\Testing\Unit\BuildTaskUnitTest" classname="Hyde.Framework.Testing.Unit.BuildTaskUnitTest" assertions="1" time="0.001827"/>
        <testcase name="Can print custom start message" file="Build Task Unit (Hyde\Framework\Testing\Unit\BuildTaskUnit)::Can print custom start message" class="Hyde\Framework\Testing\Unit\BuildTaskUnitTest" classname="Hyde.Framework.Testing.Unit.BuildTaskUnitTest" assertions="1" time="0.001808"/>
        <testcase name="Can print finish message" file="Build Task Unit (Hyde\Framework\Testing\Unit\BuildTaskUnit)::Can print finish message" class="Hyde\Framework\Testing\Unit\BuildTaskUnitTest" classname="Hyde.Framework.Testing.Unit.BuildTaskUnitTest" assertions="2" time="0.001941"/>
        <testcase name="Finish message printing formats execution time" file="Build Task Unit (Hyde\Framework\Testing\Unit\BuildTaskUnit)::Finish message printing formats execution time" class="Hyde\Framework\Testing\Unit\BuildTaskUnitTest" classname="Hyde.Framework.Testing.Unit.BuildTaskUnitTest" assertions="1" time="0.001871"/>
        <testcase name="Can write to output" file="Build Task Unit (Hyde\Framework\Testing\Unit\BuildTaskUnit)::Can write to output" class="Hyde\Framework\Testing\Unit\BuildTaskUnitTest" classname="Hyde.Framework.Testing.Unit.BuildTaskUnitTest" assertions="1" time="0.001766"/>
        <testcase name="Created site file" file="Build Task Unit (Hyde\Framework\Testing\Unit\BuildTaskUnit)::Created site file" class="Hyde\Framework\Testing\Unit\BuildTaskUnitTest" classname="Hyde.Framework.Testing.Unit.BuildTaskUnitTest" assertions="1" time="0.002016"/>
        <testcase name="Created site file with absolute path" file="Build Task Unit (Hyde\Framework\Testing\Unit\BuildTaskUnit)::Created site file with absolute path" class="Hyde\Framework\Testing\Unit\BuildTaskUnitTest" classname="Hyde.Framework.Testing.Unit.BuildTaskUnitTest" assertions="1" time="0.002021"/>
        <testcase name="With execution time" file="Build Task Unit (Hyde\Framework\Testing\Unit\BuildTaskUnit)::With execution time" class="Hyde\Framework\Testing\Unit\BuildTaskUnitTest" classname="Hyde.Framework.Testing.Unit.BuildTaskUnitTest" assertions="2" time="0.001895"/>
        <testcase name="Task skipping" file="Build Task Unit (Hyde\Framework\Testing\Unit\BuildTaskUnit)::Task skipping" class="Hyde\Framework\Testing\Unit\BuildTaskUnitTest" classname="Hyde.Framework.Testing.Unit.BuildTaskUnitTest" assertions="3" time="0.002048"/>
        <testcase name="Task skipping with custom message" file="Build Task Unit (Hyde\Framework\Testing\Unit\BuildTaskUnit)::Task skipping with custom message" class="Hyde\Framework\Testing\Unit\BuildTaskUnitTest" classname="Hyde.Framework.Testing.Unit.BuildTaskUnitTest" assertions="3" time="0.002077"/>
        <testcase name="Exception handling" file="Build Task Unit (Hyde\Framework\Testing\Unit\BuildTaskUnit)::Exception handling" class="Hyde\Framework\Testing\Unit\BuildTaskUnitTest" classname="Hyde.Framework.Testing.Unit.BuildTaskUnitTest" assertions="3" time="0.001980"/>
      </testsuite>
      <testsuite name="Hyde\Framework\Testing\Unit\BuildWarningsTest" file="Build Warnings (Hyde\Framework\Testing\Unit\BuildWarnings)" tests="18" assertions="21" errors="0" failures="0" skipped="0" time="0.062635">
        <testcase name="Get instance" file="Build Warnings (Hyde\Framework\Testing\Unit\BuildWarnings)::Get instance" class="Hyde\Framework\Testing\Unit\BuildWarningsTest" classname="Hyde.Framework.Testing.Unit.BuildWarningsTest" assertions="1" time="0.021544"/>
        <testcase name="Get instance returns singleton" file="Build Warnings (Hyde\Framework\Testing\Unit\BuildWarnings)::Get instance returns singleton" class="Hyde\Framework\Testing\Unit\BuildWarningsTest" classname="Hyde.Framework.Testing.Unit.BuildWarningsTest" assertions="1" time="0.002040"/>
        <testcase name="Has warnings" file="Build Warnings (Hyde\Framework\Testing\Unit\BuildWarnings)::Has warnings" class="Hyde\Framework\Testing\Unit\BuildWarningsTest" classname="Hyde.Framework.Testing.Unit.BuildWarningsTest" assertions="1" time="0.001956"/>
        <testcase name="Has warning with warnings" file="Build Warnings (Hyde\Framework\Testing\Unit\BuildWarnings)::Has warning with warnings" class="Hyde\Framework\Testing\Unit\BuildWarningsTest" classname="Hyde.Framework.Testing.Unit.BuildWarningsTest" assertions="1" time="0.002010"/>
        <testcase name="Get warnings" file="Build Warnings (Hyde\Framework\Testing\Unit\BuildWarnings)::Get warnings" class="Hyde\Framework\Testing\Unit\BuildWarningsTest" classname="Hyde.Framework.Testing.Unit.BuildWarningsTest" assertions="1" time="0.001993"/>
        <testcase name="Get warnings with warnings" file="Build Warnings (Hyde\Framework\Testing\Unit\BuildWarnings)::Get warnings with warnings" class="Hyde\Framework\Testing\Unit\BuildWarningsTest" classname="Hyde.Framework.Testing.Unit.BuildWarningsTest" assertions="1" time="0.002222"/>
        <testcase name="Report" file="Build Warnings (Hyde\Framework\Testing\Unit\BuildWarnings)::Report" class="Hyde\Framework\Testing\Unit\BuildWarningsTest" classname="Hyde.Framework.Testing.Unit.BuildWarningsTest" assertions="2" time="0.002249"/>
        <testcase name="Report with build warning object" file="Build Warnings (Hyde\Framework\Testing\Unit\BuildWarnings)::Report with build warning object" class="Hyde\Framework\Testing\Unit\BuildWarningsTest" classname="Hyde.Framework.Testing.Unit.BuildWarningsTest" assertions="2" time="0.002152"/>
        <testcase name="Reports warnings defaults to true" file="Build Warnings (Hyde\Framework\Testing\Unit\BuildWarnings)::Reports warnings defaults to true" class="Hyde\Framework\Testing\Unit\BuildWarningsTest" classname="Hyde.Framework.Testing.Unit.BuildWarningsTest" assertions="1" time="0.002126"/>
        <testcase name="Reports warnings returns true when true" file="Build Warnings (Hyde\Framework\Testing\Unit\BuildWarnings)::Reports warnings returns true when true" class="Hyde\Framework\Testing\Unit\BuildWarningsTest" classname="Hyde.Framework.Testing.Unit.BuildWarningsTest" assertions="1" time="0.002090"/>
        <testcase name="Reports warnings returns false when false" file="Build Warnings (Hyde\Framework\Testing\Unit\BuildWarnings)::Reports warnings returns false when false" class="Hyde\Framework\Testing\Unit\BuildWarningsTest" classname="Hyde.Framework.Testing.Unit.BuildWarningsTest" assertions="1" time="0.002083"/>
        <testcase name="Reports warnings as exceptions defaults to false" file="Build Warnings (Hyde\Framework\Testing\Unit\BuildWarnings)::Reports warnings as exceptions defaults to false" class="Hyde\Framework\Testing\Unit\BuildWarningsTest" classname="Hyde.Framework.Testing.Unit.BuildWarningsTest" assertions="1" time="0.002122"/>
        <testcase name="Reports warnings as exceptions returns true when true" file="Build Warnings (Hyde\Framework\Testing\Unit\BuildWarnings)::Reports warnings as exceptions returns true when true" class="Hyde\Framework\Testing\Unit\BuildWarningsTest" classname="Hyde.Framework.Testing.Unit.BuildWarningsTest" assertions="1" time="0.002104"/>
        <testcase name="Reports warnings as exceptions returns false when false" file="Build Warnings (Hyde\Framework\Testing\Unit\BuildWarnings)::Reports warnings as exceptions returns false when false" class="Hyde\Framework\Testing\Unit\BuildWarningsTest" classname="Hyde.Framework.Testing.Unit.BuildWarningsTest" assertions="1" time="0.002116"/>
        <testcase name="Write warnings to output" file="Build Warnings (Hyde\Framework\Testing\Unit\BuildWarnings)::Write warnings to output" class="Hyde\Framework\Testing\Unit\BuildWarningsTest" classname="Hyde.Framework.Testing.Unit.BuildWarningsTest" assertions="1" time="0.005267"/>
        <testcase name="Write warnings to output with verbose output" file="Build Warnings (Hyde\Framework\Testing\Unit\BuildWarnings)::Write warnings to output with verbose output" class="Hyde\Framework\Testing\Unit\BuildWarningsTest" classname="Hyde.Framework.Testing.Unit.BuildWarningsTest" assertions="2" time="0.002566"/>
        <testcase name="Write warnings to output with converting build warnings to exceptions" file="Build Warnings (Hyde\Framework\Testing\Unit\BuildWarnings)::Write warnings to output with converting build warnings to exceptions" class="Hyde\Framework\Testing\Unit\BuildWarningsTest" classname="Hyde.Framework.Testing.Unit.BuildWarningsTest" assertions="1" time="0.004060"/>
        <testcase name="Can construct build warning" file="Build Warnings (Hyde\Framework\Testing\Unit\BuildWarnings)::Can construct build warning" class="Hyde\Framework\Testing\Unit\BuildWarningsTest" classname="Hyde.Framework.Testing.Unit.BuildWarningsTest" assertions="1" time="0.001935"/>
      </testsuite>
      <testsuite name="Hyde\Framework\Testing\Unit\ConfigFileTest" file="Config File (Hyde\Framework\Testing\Unit\ConfigFile)" tests="8" assertions="8" errors="0" failures="0" skipped="0" time="0.037537">
        <testcase name="Default output directory value matches declared value" file="Config File (Hyde\Framework\Testing\Unit\ConfigFile)::Default output directory value matches declared value" class="Hyde\Framework\Testing\Unit\ConfigFileTest" classname="Hyde.Framework.Testing.Unit.ConfigFileTest" assertions="1" time="0.019704"/>
        <testcase name="Default media directory value matches declared value" file="Config File (Hyde\Framework\Testing\Unit\ConfigFile)::Default media directory value matches declared value" class="Hyde\Framework\Testing\Unit\ConfigFileTest" classname="Hyde.Framework.Testing.Unit.ConfigFileTest" assertions="1" time="0.002384"/>
        <testcase name="Default source root value matches declared value" file="Config File (Hyde\Framework\Testing\Unit\ConfigFile)::Default source root value matches declared value" class="Hyde\Framework\Testing\Unit\ConfigFileTest" classname="Hyde.Framework.Testing.Unit.ConfigFileTest" assertions="1" time="0.002335"/>
        <testcase name="Default source directories values match declared values" file="Config File (Hyde\Framework\Testing\Unit\ConfigFile)::Default source directories values match declared values" class="Hyde\Framework\Testing\Unit\ConfigFileTest" classname="Hyde.Framework.Testing.Unit.ConfigFileTest" assertions="1" time="0.002420"/>
        <testcase name="Default source directories values cover all core extension classes" file="Config File (Hyde\Framework\Testing\Unit\ConfigFile)::Default source directories values cover all core extension classes" class="Hyde\Framework\Testing\Unit\ConfigFileTest" classname="Hyde.Framework.Testing.Unit.ConfigFileTest" assertions="1" time="0.002933"/>
        <testcase name="Default output directories values match declared values" file="Config File (Hyde\Framework\Testing\Unit\ConfigFile)::Default output directories values match declared values" class="Hyde\Framework\Testing\Unit\ConfigFileTest" classname="Hyde.Framework.Testing.Unit.ConfigFileTest" assertions="1" time="0.002458"/>
        <testcase name="Default output directories values cover all core extension classes" file="Config File (Hyde\Framework\Testing\Unit\ConfigFile)::Default output directories values cover all core extension classes" class="Hyde\Framework\Testing\Unit\ConfigFileTest" classname="Hyde.Framework.Testing.Unit.ConfigFileTest" assertions="1" time="0.002898"/>
        <testcase name="Default features array matches default features" file="Config File (Hyde\Framework\Testing\Unit\ConfigFile)::Default features array matches default features" class="Hyde\Framework\Testing\Unit\ConfigFileTest" classname="Hyde.Framework.Testing.Unit.ConfigFileTest" assertions="1" time="0.002406"/>
      </testsuite>
      <testsuite name="Hyde\Framework\Testing\Unit\ConsoleServiceProviderUnitTest" file="Console Service Provider Unit (Hyde\Framework\Testing\Unit\ConsoleServiceProviderUnit)" tests="2" assertions="2" errors="0" failures="0" skipped="0" time="0.010827">
        <testcase name="Provider registers logo" file="Console Service Provider Unit (Hyde\Framework\Testing\Unit\ConsoleServiceProviderUnit)::Provider registers logo" class="Hyde\Framework\Testing\Unit\ConsoleServiceProviderUnitTest" classname="Hyde.Framework.Testing.Unit.ConsoleServiceProviderUnitTest" assertions="1" time="0.009073"/>
        <testcase name="Provider registers no ansi logo" file="Console Service Provider Unit (Hyde\Framework\Testing\Unit\ConsoleServiceProviderUnit)::Provider registers no ansi logo" class="Hyde\Framework\Testing\Unit\ConsoleServiceProviderUnitTest" classname="Hyde.Framework.Testing.Unit.ConsoleServiceProviderUnitTest" assertions="1" time="0.001753"/>
      </testsuite>
      <testsuite name="Hyde\Framework\Testing\Unit\CoreDataObjectTest" file="Core Data Object (Hyde\Framework\Testing\Unit\CoreDataObject)" tests="3" assertions="3" errors="0" failures="0" skipped="0" time="0.033611">
        <testcase name="Core data object with hyde page" file="Core Data Object (Hyde\Framework\Testing\Unit\CoreDataObject)::Core data object with hyde page" class="Hyde\Framework\Testing\Unit\CoreDataObjectTest" classname="Hyde.Framework.Testing.Unit.CoreDataObjectTest" assertions="1" time="0.005753"/>
        <testcase name="Core data object with dynamic page" file="Core Data Object (Hyde\Framework\Testing\Unit\CoreDataObject)::Core data object with dynamic page" class="Hyde\Framework\Testing\Unit\CoreDataObjectTest" classname="Hyde.Framework.Testing.Unit.CoreDataObjectTest" assertions="1" time="0.024749"/>
        <testcase name="To array" file="Core Data Object (Hyde\Framework\Testing\Unit\CoreDataObject)::To array" class="Hyde\Framework\Testing\Unit\CoreDataObjectTest" classname="Hyde.Framework.Testing.Unit.CoreDataObjectTest" assertions="1" time="0.003109"/>
      </testsuite>
      <testsuite name="Hyde\Framework\Testing\Unit\CreatesNewMarkdownPostFileTest" file="Creates New Markdown Post File (Hyde\Framework\Testing\Unit\CreatesNewMarkdownPostFile)" tests="5" assertions="9" errors="0" failures="0" skipped="0" time="0.131121">
        <testcase name="With default data" file="Creates New Markdown Post File (Hyde\Framework\Testing\Unit\CreatesNewMarkdownPostFile)::With default data" class="Hyde\Framework\Testing\Unit\CreatesNewMarkdownPostFileTest" classname="Hyde.Framework.Testing.Unit.CreatesNewMarkdownPostFileTest" assertions="5" time="0.036683"/>
        <testcase name="With custom data" file="Creates New Markdown Post File (Hyde\Framework\Testing\Unit\CreatesNewMarkdownPostFile)::With custom data" class="Hyde\Framework\Testing\Unit\CreatesNewMarkdownPostFileTest" classname="Hyde.Framework.Testing.Unit.CreatesNewMarkdownPostFileTest" assertions="1" time="0.019512"/>
        <testcase name="Save" file="Creates New Markdown Post File (Hyde\Framework\Testing\Unit\CreatesNewMarkdownPostFile)::Save" class="Hyde\Framework\Testing\Unit\CreatesNewMarkdownPostFileTest" classname="Hyde.Framework.Testing.Unit.CreatesNewMarkdownPostFileTest" assertions="1" time="0.033166"/>
        <testcase name="Save with custom content" file="Creates New Markdown Post File (Hyde\Framework\Testing\Unit\CreatesNewMarkdownPostFile)::Save with custom content" class="Hyde\Framework\Testing\Unit\CreatesNewMarkdownPostFileTest" classname="Hyde.Framework.Testing.Unit.CreatesNewMarkdownPostFileTest" assertions="1" time="0.022205"/>
        <testcase name="Custom date normalisation" file="Creates New Markdown Post File (Hyde\Framework\Testing\Unit\CreatesNewMarkdownPostFile)::Custom date normalisation" class="Hyde\Framework\Testing\Unit\CreatesNewMarkdownPostFileTest" classname="Hyde.Framework.Testing.Unit.CreatesNewMarkdownPostFileTest" assertions="1" time="0.019556"/>
      </testsuite>
      <testsuite name="Hyde\Framework\Testing\Unit\CustomExceptionsTest" file="Custom Exceptions (Hyde\Framework\Testing\Unit\CustomExceptions)" tests="17" assertions="17" errors="0" failures="0" skipped="0" time="0.050782">
        <testcase name="File conflict exception with default message" file="Custom Exceptions (Hyde\Framework\Testing\Unit\CustomExceptions)::File conflict exception with default message" class="Hyde\Framework\Testing\Unit\CustomExceptionsTest" classname="Hyde.Framework.Testing.Unit.CustomExceptionsTest" assertions="1" time="0.019621"/>
        <testcase name="File conflict exception with path" file="Custom Exceptions (Hyde\Framework\Testing\Unit\CustomExceptions)::File conflict exception with path" class="Hyde\Framework\Testing\Unit\CustomExceptionsTest" classname="Hyde.Framework.Testing.Unit.CustomExceptionsTest" assertions="1" time="0.002128"/>
        <testcase name="File conflict exception with absolute path" file="Custom Exceptions (Hyde\Framework\Testing\Unit\CustomExceptions)::File conflict exception with absolute path" class="Hyde\Framework\Testing\Unit\CustomExceptionsTest" classname="Hyde.Framework.Testing.Unit.CustomExceptionsTest" assertions="1" time="0.002133"/>
        <testcase name="File not found exception with default message" file="Custom Exceptions (Hyde\Framework\Testing\Unit\CustomExceptions)::File not found exception with default message" class="Hyde\Framework\Testing\Unit\CustomExceptionsTest" classname="Hyde.Framework.Testing.Unit.CustomExceptionsTest" assertions="1" time="0.001928"/>
        <testcase name="File not found exception with path" file="Custom Exceptions (Hyde\Framework\Testing\Unit\CustomExceptions)::File not found exception with path" class="Hyde\Framework\Testing\Unit\CustomExceptionsTest" classname="Hyde.Framework.Testing.Unit.CustomExceptionsTest" assertions="1" time="0.002143"/>
        <testcase name="File not found exception with absolute path" file="Custom Exceptions (Hyde\Framework\Testing\Unit\CustomExceptions)::File not found exception with absolute path" class="Hyde\Framework\Testing\Unit\CustomExceptionsTest" classname="Hyde.Framework.Testing.Unit.CustomExceptionsTest" assertions="1" time="0.002123"/>
        <testcase name="File not found exception with custom path" file="Custom Exceptions (Hyde\Framework\Testing\Unit\CustomExceptions)::File not found exception with custom path" class="Hyde\Framework\Testing\Unit\CustomExceptionsTest" classname="Hyde.Framework.Testing.Unit.CustomExceptionsTest" assertions="1" time="0.001898"/>
        <testcase name="Route not found exception with default message" file="Custom Exceptions (Hyde\Framework\Testing\Unit\CustomExceptions)::Route not found exception with default message" class="Hyde\Framework\Testing\Unit\CustomExceptionsTest" classname="Hyde.Framework.Testing.Unit.CustomExceptionsTest" assertions="1" time="0.001908"/>
        <testcase name="Route not found exception with route key" file="Custom Exceptions (Hyde\Framework\Testing\Unit\CustomExceptions)::Route not found exception with route key" class="Hyde\Framework\Testing\Unit\CustomExceptionsTest" classname="Hyde.Framework.Testing.Unit.CustomExceptionsTest" assertions="1" time="0.001905"/>
        <testcase name="Unsupported page type exception with default message" file="Custom Exceptions (Hyde\Framework\Testing\Unit\CustomExceptions)::Unsupported page type exception with default message" class="Hyde\Framework\Testing\Unit\CustomExceptionsTest" classname="Hyde.Framework.Testing.Unit.CustomExceptionsTest" assertions="1" time="0.001896"/>
        <testcase name="Unsupported page type exception with page" file="Custom Exceptions (Hyde\Framework\Testing\Unit\CustomExceptions)::Unsupported page type exception with page" class="Hyde\Framework\Testing\Unit\CustomExceptionsTest" classname="Hyde.Framework.Testing.Unit.CustomExceptionsTest" assertions="1" time="0.001900"/>
        <testcase name="Base url not set exception" file="Custom Exceptions (Hyde\Framework\Testing\Unit\CustomExceptions)::Base url not set exception" class="Hyde\Framework\Testing\Unit\CustomExceptionsTest" classname="Hyde.Framework.Testing.Unit.CustomExceptionsTest" assertions="1" time="0.001845"/>
        <testcase name="File conflict exception code" file="Custom Exceptions (Hyde\Framework\Testing\Unit\CustomExceptions)::File conflict exception code" class="Hyde\Framework\Testing\Unit\CustomExceptionsTest" classname="Hyde.Framework.Testing.Unit.CustomExceptionsTest" assertions="1" time="0.001859"/>
        <testcase name="File not found exception code" file="Custom Exceptions (Hyde\Framework\Testing\Unit\CustomExceptions)::File not found exception code" class="Hyde\Framework\Testing\Unit\CustomExceptionsTest" classname="Hyde.Framework.Testing.Unit.CustomExceptionsTest" assertions="1" time="0.001927"/>
        <testcase name="Route not found exception code" file="Custom Exceptions (Hyde\Framework\Testing\Unit\CustomExceptions)::Route not found exception code" class="Hyde\Framework\Testing\Unit\CustomExceptionsTest" classname="Hyde.Framework.Testing.Unit.CustomExceptionsTest" assertions="1" time="0.001855"/>
        <testcase name="Unsupported page type exception code" file="Custom Exceptions (Hyde\Framework\Testing\Unit\CustomExceptions)::Unsupported page type exception code" class="Hyde\Framework\Testing\Unit\CustomExceptionsTest" classname="Hyde.Framework.Testing.Unit.CustomExceptionsTest" assertions="1" time="0.001876"/>
        <testcase name="Base url not set exception code" file="Custom Exceptions (Hyde\Framework\Testing\Unit\CustomExceptions)::Base url not set exception code" class="Hyde\Framework\Testing\Unit\CustomExceptionsTest" classname="Hyde.Framework.Testing.Unit.CustomExceptionsTest" assertions="1" time="0.001838"/>
      </testsuite>
      <testsuite name="Hyde\Framework\Testing\Unit\DataCollectionUnitTest" file="Data Collection Unit (Hyde\Framework\Testing\Unit\DataCollectionUnit)" tests="9" assertions="9" errors="0" failures="0" skipped="0" time="0.052938">
        <testcase name="Class has static source directory property" file="Data Collection Unit (Hyde\Framework\Testing\Unit\DataCollectionUnit)::Class has static source directory property" class="Hyde\Framework\Testing\Unit\DataCollectionUnitTest" classname="Hyde.Framework.Testing.Unit.DataCollectionUnitTest" assertions="1" time="0.029229"/>
        <testcase name="Constructor creates new data collection instance" file="Data Collection Unit (Hyde\Framework\Testing\Unit\DataCollectionUnit)::Constructor creates new data collection instance" class="Hyde\Framework\Testing\Unit\DataCollectionUnitTest" classname="Hyde.Framework.Testing.Unit.DataCollectionUnitTest" assertions="1" time="0.001854"/>
        <testcase name="Class extends collection class" file="Data Collection Unit (Hyde\Framework\Testing\Unit\DataCollectionUnit)::Class extends collection class" class="Hyde\Framework\Testing\Unit\DataCollectionUnitTest" classname="Hyde.Framework.Testing.Unit.DataCollectionUnitTest" assertions="1" time="0.001762"/>
        <testcase name="Can convert collection to array" file="Data Collection Unit (Hyde\Framework\Testing\Unit\DataCollectionUnit)::Can convert collection to array" class="Hyde\Framework\Testing\Unit\DataCollectionUnitTest" classname="Hyde.Framework.Testing.Unit.DataCollectionUnitTest" assertions="1" time="0.001818"/>
        <testcase name="Can convert collection to json" file="Data Collection Unit (Hyde\Framework\Testing\Unit\DataCollectionUnit)::Can convert collection to json" class="Hyde\Framework\Testing\Unit\DataCollectionUnitTest" classname="Hyde.Framework.Testing.Unit.DataCollectionUnitTest" assertions="1" time="0.001796"/>
        <testcase name="Find markdown files calls proper glob pattern" file="Data Collection Unit (Hyde\Framework\Testing\Unit\DataCollectionUnit)::Find markdown files calls proper glob pattern" class="Hyde\Framework\Testing\Unit\DataCollectionUnitTest" classname="Hyde.Framework.Testing.Unit.DataCollectionUnitTest" assertions="1" time="0.007848"/>
        <testcase name="Find markdown files with no files" file="Data Collection Unit (Hyde\Framework\Testing\Unit\DataCollectionUnit)::Find markdown files with no files" class="Hyde\Framework\Testing\Unit\DataCollectionUnitTest" classname="Hyde.Framework.Testing.Unit.DataCollectionUnitTest" assertions="1" time="0.002767"/>
        <testcase name="Find markdown files with files" file="Data Collection Unit (Hyde\Framework\Testing\Unit\DataCollectionUnit)::Find markdown files with files" class="Hyde\Framework\Testing\Unit\DataCollectionUnitTest" classname="Hyde.Framework.Testing.Unit.DataCollectionUnitTest" assertions="1" time="0.003128"/>
        <testcase name="Static markdown helper returns new data collection instance" file="Data Collection Unit (Hyde\Framework\Testing\Unit\DataCollectionUnit)::Static markdown helper returns new data collection instance" class="Hyde\Framework\Testing\Unit\DataCollectionUnitTest" classname="Hyde.Framework.Testing.Unit.DataCollectionUnitTest" assertions="1" time="0.002738"/>
      </testsuite>
      <testsuite name="Hyde\Framework\Testing\Unit\DateStringTest" file="Date String (Hyde\Framework\Testing\Unit\DateString)" tests="6" assertions="6" errors="0" failures="0" skipped="0" time="0.019238">
        <testcase name="It can parse date string" file="Date String (Hyde\Framework\Testing\Unit\DateString)::It can parse date string" class="Hyde\Framework\Testing\Unit\DateStringTest" classname="Hyde.Framework.Testing.Unit.DateStringTest" assertions="1" time="0.010430"/>
        <testcase name="It can parse date string into datetime object" file="Date String (Hyde\Framework\Testing\Unit\DateString)::It can parse date string into datetime object" class="Hyde\Framework\Testing\Unit\DateStringTest" classname="Hyde.Framework.Testing.Unit.DateStringTest" assertions="1" time="0.001787"/>
        <testcase name="It can format date string into machine readable string" file="Date String (Hyde\Framework\Testing\Unit\DateString)::It can format date string into machine readable string" class="Hyde\Framework\Testing\Unit\DateStringTest" classname="Hyde.Framework.Testing.Unit.DateStringTest" assertions="1" time="0.001767"/>
        <testcase name="It can format date string into human readable string" file="Date String (Hyde\Framework\Testing\Unit\DateString)::It can format date string into human readable string" class="Hyde\Framework\Testing\Unit\DateStringTest" classname="Hyde.Framework.Testing.Unit.DateStringTest" assertions="1" time="0.001735"/>
        <testcase name="It can format date string into short human readable string" file="Date String (Hyde\Framework\Testing\Unit\DateString)::It can format date string into short human readable string" class="Hyde\Framework\Testing\Unit\DateStringTest" classname="Hyde.Framework.Testing.Unit.DateStringTest" assertions="1" time="0.001765"/>
        <testcase name="It can format date string into short human readable string using magic method" file="Date String (Hyde\Framework\Testing\Unit\DateString)::It can format date string into short human readable string using magic method" class="Hyde\Framework\Testing\Unit\DateStringTest" classname="Hyde.Framework.Testing.Unit.DateStringTest" assertions="1" time="0.001754"/>
      </testsuite>
      <testsuite name="Hyde\Framework\Testing\Unit\DocumentationPageTest" file="Documentation Page (Hyde\Framework\Testing\Unit\DocumentationPage)" tests="28" assertions="43" errors="0" failures="0" skipped="0" time="0.637746">
        <testcase name="Can generate table of contents" file="Documentation Page (Hyde\Framework\Testing\Unit\DocumentationPage)::Can generate table of contents" class="Hyde\Framework\Testing\Unit\DocumentationPageTest" classname="Hyde.Framework.Testing.Unit.DocumentationPageTest" assertions="1" time="0.049420"/>
        <testcase name="Can get current page path" file="Documentation Page (Hyde\Framework\Testing\Unit\DocumentationPage)::Can get current page path" class="Hyde\Framework\Testing\Unit\DocumentationPageTest" classname="Hyde.Framework.Testing.Unit.DocumentationPageTest" assertions="1" time="0.021249"/>
        <testcase name="Can get current custom page path" file="Documentation Page (Hyde\Framework\Testing\Unit\DocumentationPage)::Can get current custom page path" class="Hyde\Framework\Testing\Unit\DocumentationPageTest" classname="Hyde.Framework.Testing.Unit.DocumentationPageTest" assertions="1" time="0.021217"/>
        <testcase name="Can get current page path when using flattened output paths" file="Documentation Page (Hyde\Framework\Testing\Unit\DocumentationPage)::Can get current page path when using flattened output paths" class="Hyde\Framework\Testing\Unit\DocumentationPageTest" classname="Hyde.Framework.Testing.Unit.DocumentationPageTest" assertions="2" time="0.021980"/>
        <testcase name="Can get current page path when not using flattened output paths" file="Documentation Page (Hyde\Framework\Testing\Unit\DocumentationPage)::Can get current page path when not using flattened output paths" class="Hyde\Framework\Testing\Unit\DocumentationPageTest" classname="Hyde.Framework.Testing.Unit.DocumentationPageTest" assertions="2" time="0.022207"/>
        <testcase name="Can get online source path" file="Documentation Page (Hyde\Framework\Testing\Unit\DocumentationPage)::Can get online source path" class="Hyde\Framework\Testing\Unit\DocumentationPageTest" classname="Hyde.Framework.Testing.Unit.DocumentationPageTest" assertions="1" time="0.020671"/>
        <testcase name="Can get online source path with source file location base" file="Documentation Page (Hyde\Framework\Testing\Unit\DocumentationPage)::Can get online source path with source file location base" class="Hyde\Framework\Testing\Unit\DocumentationPageTest" classname="Hyde.Framework.Testing.Unit.DocumentationPageTest" assertions="1" time="0.020503"/>
        <testcase name="Can get online source path with trailing slash" file="Documentation Page (Hyde\Framework\Testing\Unit\DocumentationPage)::Can get online source path with trailing slash" class="Hyde\Framework\Testing\Unit\DocumentationPageTest" classname="Hyde.Framework.Testing.Unit.DocumentationPageTest" assertions="2" time="0.020734"/>
        <testcase name="Can get documentation output path" file="Documentation Page (Hyde\Framework\Testing\Unit\DocumentationPage)::Can get documentation output path" class="Hyde\Framework\Testing\Unit\DocumentationPageTest" classname="Hyde.Framework.Testing.Unit.DocumentationPageTest" assertions="1" time="0.019340"/>
        <testcase name="Can get documentation output path with custom output directory" file="Documentation Page (Hyde\Framework\Testing\Unit\DocumentationPage)::Can get documentation output path with custom output directory" class="Hyde\Framework\Testing\Unit\DocumentationPageTest" classname="Hyde.Framework.Testing.Unit.DocumentationPageTest" assertions="1" time="0.020234"/>
        <testcase name="Can get documentation output path with trailing slashes" file="Documentation Page (Hyde\Framework\Testing\Unit\DocumentationPage)::Can get documentation output path with trailing slashes" class="Hyde\Framework\Testing\Unit\DocumentationPageTest" classname="Hyde.Framework.Testing.Unit.DocumentationPageTest" assertions="5" time="0.023480"/>
        <testcase name="Get source path returns qualified basename" file="Documentation Page (Hyde\Framework\Testing\Unit\DocumentationPage)::Get source path returns qualified basename" class="Hyde\Framework\Testing\Unit\DocumentationPageTest" classname="Hyde.Framework.Testing.Unit.DocumentationPageTest" assertions="1" time="0.020724"/>
        <testcase name="Get source path returns qualified basename for nested page" file="Documentation Page (Hyde\Framework\Testing\Unit\DocumentationPage)::Get source path returns qualified basename for nested page" class="Hyde\Framework\Testing\Unit\DocumentationPageTest" classname="Hyde.Framework.Testing.Unit.DocumentationPageTest" assertions="1" time="0.020671"/>
        <testcase name="Home method returns null when there is no index page" file="Documentation Page (Hyde\Framework\Testing\Unit\DocumentationPage)::Home method returns null when there is no index page" class="Hyde\Framework\Testing\Unit\DocumentationPageTest" classname="Hyde.Framework.Testing.Unit.DocumentationPageTest" assertions="1" time="0.023587"/>
        <testcase name="Home method returns docs index route when it exists" file="Documentation Page (Hyde\Framework\Testing\Unit\DocumentationPage)::Home method returns docs index route when it exists" class="Hyde\Framework\Testing\Unit\DocumentationPageTest" classname="Hyde.Framework.Testing.Unit.DocumentationPageTest" assertions="2" time="0.024692"/>
        <testcase name="Home method finds docs index for custom output directory" file="Documentation Page (Hyde\Framework\Testing\Unit\DocumentationPage)::Home method finds docs index for custom output directory" class="Hyde\Framework\Testing\Unit\DocumentationPageTest" classname="Hyde.Framework.Testing.Unit.DocumentationPageTest" assertions="2" time="0.025784"/>
        <testcase name="Home method finds docs index for custom nested output directory" file="Documentation Page (Hyde\Framework\Testing\Unit\DocumentationPage)::Home method finds docs index for custom nested output directory" class="Hyde\Framework\Testing\Unit\DocumentationPageTest" classname="Hyde.Framework.Testing.Unit.DocumentationPageTest" assertions="2" time="0.025929"/>
        <testcase name="Home route name method returns output directory slash index" file="Documentation Page (Hyde\Framework\Testing\Unit\DocumentationPage)::Home route name method returns output directory slash index" class="Hyde\Framework\Testing\Unit\DocumentationPageTest" classname="Hyde.Framework.Testing.Unit.DocumentationPageTest" assertions="1" time="0.019436"/>
        <testcase name="Home route name method returns customized output directory slash index" file="Documentation Page (Hyde\Framework\Testing\Unit\DocumentationPage)::Home route name method returns customized output directory slash index" class="Hyde\Framework\Testing\Unit\DocumentationPageTest" classname="Hyde.Framework.Testing.Unit.DocumentationPageTest" assertions="1" time="0.020275"/>
        <testcase name="Has table of contents" file="Documentation Page (Hyde\Framework\Testing\Unit\DocumentationPage)::Has table of contents" class="Hyde\Framework\Testing\Unit\DocumentationPageTest" classname="Hyde.Framework.Testing.Unit.DocumentationPageTest" assertions="3" time="0.020214"/>
        <testcase name="Compiled pages originating in subdirectories get output to root docs path" file="Documentation Page (Hyde\Framework\Testing\Unit\DocumentationPage)::Compiled pages originating in subdirectories get output to root docs path" class="Hyde\Framework\Testing\Unit\DocumentationPageTest" classname="Hyde.Framework.Testing.Unit.DocumentationPageTest" assertions="1" time="0.021065"/>
        <testcase name="Compiled pages originating in subdirectories get output to root docs path when using flattened output paths" file="Documentation Page (Hyde\Framework\Testing\Unit\DocumentationPage)::Compiled pages originating in subdirectories get output to root docs path when using flattened output paths" class="Hyde\Framework\Testing\Unit\DocumentationPageTest" classname="Hyde.Framework.Testing.Unit.DocumentationPageTest" assertions="1" time="0.020968"/>
        <testcase name="Compiled pages originating in subdirectories retain subdirectory structure when not using flattened output paths" file="Documentation Page (Hyde\Framework\Testing\Unit\DocumentationPage)::Compiled pages originating in subdirectories retain subdirectory structure when not using flattened output paths" class="Hyde\Framework\Testing\Unit\DocumentationPageTest" classname="Hyde.Framework.Testing.Unit.DocumentationPageTest" assertions="1" time="0.020991"/>
        <testcase name="Page has front matter" file="Documentation Page (Hyde\Framework\Testing\Unit\DocumentationPage)::Page has front matter" class="Hyde\Framework\Testing\Unit\DocumentationPageTest" classname="Hyde.Framework.Testing.Unit.DocumentationPageTest" assertions="4" time="0.024345"/>
        <testcase name="Page can be hidden from sidebar using front matter" file="Documentation Page (Hyde\Framework\Testing\Unit\DocumentationPage)::Page can be hidden from sidebar using front matter" class="Hyde\Framework\Testing\Unit\DocumentationPageTest" classname="Hyde.Framework.Testing.Unit.DocumentationPageTest" assertions="1" time="0.022131"/>
        <testcase name="Page is visible in sidebar without using front matter" file="Documentation Page (Hyde\Framework\Testing\Unit\DocumentationPage)::Page is visible in sidebar without using front matter" class="Hyde\Framework\Testing\Unit\DocumentationPageTest" classname="Hyde.Framework.Testing.Unit.DocumentationPageTest" assertions="1" time="0.021756"/>
        <testcase name="Page can set sidebar priority using front matter" file="Documentation Page (Hyde\Framework\Testing\Unit\DocumentationPage)::Page can set sidebar priority using front matter" class="Hyde\Framework\Testing\Unit\DocumentationPageTest" classname="Hyde.Framework.Testing.Unit.DocumentationPageTest" assertions="1" time="0.022153"/>
        <testcase name="Page can set sidebar label using front matter" file="Documentation Page (Hyde\Framework\Testing\Unit\DocumentationPage)::Page can set sidebar label using front matter" class="Hyde\Framework\Testing\Unit\DocumentationPageTest" classname="Hyde.Framework.Testing.Unit.DocumentationPageTest" assertions="1" time="0.021990"/>
      </testsuite>
      <testsuite name="Hyde\Framework\Testing\Unit\DropdownNavItemTest" file="Dropdown Nav Item (Hyde\Framework\Testing\Unit\DropdownNavItem)" tests="7" assertions="12" errors="0" failures="0" skipped="0" time="0.070592">
        <testcase name="Construct" file="Dropdown Nav Item (Hyde\Framework\Testing\Unit\DropdownNavItem)::Construct" class="Hyde\Framework\Testing\Unit\DropdownNavItemTest" classname="Hyde.Framework.Testing.Unit.DropdownNavItemTest" assertions="3" time="0.056169"/>
        <testcase name="Construct with custom priority" file="Dropdown Nav Item (Hyde\Framework\Testing\Unit\DropdownNavItem)::Construct with custom priority" class="Hyde\Framework\Testing\Unit\DropdownNavItemTest" classname="Hyde.Framework.Testing.Unit.DropdownNavItemTest" assertions="1" time="0.001957"/>
        <testcase name="Construct with null priority" file="Dropdown Nav Item (Hyde\Framework\Testing\Unit\DropdownNavItem)::Construct with null priority" class="Hyde\Framework\Testing\Unit\DropdownNavItemTest" classname="Hyde.Framework.Testing.Unit.DropdownNavItemTest" assertions="1" time="0.001957"/>
        <testcase name="From array" file="Dropdown Nav Item (Hyde\Framework\Testing\Unit\DropdownNavItem)::From array" class="Hyde\Framework\Testing\Unit\DropdownNavItemTest" classname="Hyde.Framework.Testing.Unit.DropdownNavItemTest" assertions="2" time="0.002032"/>
        <testcase name="With children" file="Dropdown Nav Item (Hyde\Framework\Testing\Unit\DropdownNavItem)::With children" class="Hyde\Framework\Testing\Unit\DropdownNavItemTest" classname="Hyde.Framework.Testing.Unit.DropdownNavItemTest" assertions="2" time="0.003222"/>
        <testcase name="Get items" file="Dropdown Nav Item (Hyde\Framework\Testing\Unit\DropdownNavItem)::Get items" class="Hyde\Framework\Testing\Unit\DropdownNavItemTest" classname="Hyde.Framework.Testing.Unit.DropdownNavItemTest" assertions="2" time="0.003295"/>
        <testcase name="Can set priority in config" file="Dropdown Nav Item (Hyde\Framework\Testing\Unit\DropdownNavItem)::Can set priority in config" class="Hyde\Framework\Testing\Unit\DropdownNavItemTest" classname="Hyde.Framework.Testing.Unit.DropdownNavItemTest" assertions="1" time="0.001961"/>
      </testsuite>
      <testsuite name="Hyde\Framework\Testing\Unit\EnsureCodeFollowsNamingConventionTest" file="Ensure Code Follows Naming Convention (Hyde\Framework\Testing\Unit\EnsureCodeFollowsNamingConvention)" tests="3" assertions="179" errors="0" failures="0" skipped="0" time="0.047464">
        <testcase name="Commands classes follow naming conventions" file="Ensure Code Follows Naming Convention (Hyde\Framework\Testing\Unit\EnsureCodeFollowsNamingConvention)::Commands classes follow naming conventions" class="Hyde\Framework\Testing\Unit\EnsureCodeFollowsNamingConventionTest" classname="Hyde.Framework.Testing.Unit.EnsureCodeFollowsNamingConventionTest" assertions="35" time="0.011857"/>
        <testcase name="Commands descriptions follow naming conventions" file="Ensure Code Follows Naming Convention (Hyde\Framework\Testing\Unit\EnsureCodeFollowsNamingConvention)::Commands descriptions follow naming conventions" class="Hyde\Framework\Testing\Unit\EnsureCodeFollowsNamingConventionTest" classname="Hyde.Framework.Testing.Unit.EnsureCodeFollowsNamingConventionTest" assertions="137" time="0.016587"/>
        <testcase name="Action entry points follow naming conventions" file="Ensure Code Follows Naming Convention (Hyde\Framework\Testing\Unit\EnsureCodeFollowsNamingConvention)::Action entry points follow naming conventions" class="Hyde\Framework\Testing\Unit\EnsureCodeFollowsNamingConventionTest" classname="Hyde.Framework.Testing.Unit.EnsureCodeFollowsNamingConventionTest" assertions="7" time="0.019020"/>
      </testsuite>
      <testsuite name="Hyde\Framework\Testing\Unit\ExampleUnitTest" file="Example Unit (Hyde\Framework\Testing\Unit\ExampleUnit)" tests="1" assertions="1" errors="0" failures="0" skipped="0" time="0.006279">
        <testcase name="Example" file="Example Unit (Hyde\Framework\Testing\Unit\ExampleUnit)::Example" class="Hyde\Framework\Testing\Unit\ExampleUnitTest" classname="Hyde.Framework.Testing.Unit.ExampleUnitTest" assertions="1" time="0.006279"/>
      </testsuite>
      <testsuite name="Hyde\Framework\Testing\Unit\ExtensionsUnitTest" file="Extensions Unit (Hyde\Framework\Testing\Unit\ExtensionsUnit)" tests="21" assertions="35" errors="0" failures="0" skipped="0" time="0.073953">
        <testcase name="Base class get page classes" file="Extensions Unit (Hyde\Framework\Testing\Unit\ExtensionsUnit)::Base class get page classes" class="Hyde\Framework\Testing\Unit\ExtensionsUnitTest" classname="Hyde.Framework.Testing.Unit.ExtensionsUnitTest" assertions="1" time="0.004557"/>
        <testcase name="Base class discovery handlers" file="Extensions Unit (Hyde\Framework\Testing\Unit\ExtensionsUnit)::Base class discovery handlers" class="Hyde\Framework\Testing\Unit\ExtensionsUnitTest" classname="Hyde.Framework.Testing.Unit.ExtensionsUnitTest" assertions="1" time="0.006259"/>
        <testcase name="Can register new extension" file="Extensions Unit (Hyde\Framework\Testing\Unit\ExtensionsUnit)::Can register new extension" class="Hyde\Framework\Testing\Unit\ExtensionsUnitTest" classname="Hyde.Framework.Testing.Unit.ExtensionsUnitTest" assertions="1" time="0.002588"/>
        <testcase name="Register extension after kernel is booted" file="Extensions Unit (Hyde\Framework\Testing\Unit\ExtensionsUnit)::Register extension after kernel is booted" class="Hyde\Framework\Testing\Unit\ExtensionsUnitTest" classname="Hyde.Framework.Testing.Unit.ExtensionsUnitTest" assertions="2" time="0.006015"/>
        <testcase name="Register extension with invalid extension class" file="Extensions Unit (Hyde\Framework\Testing\Unit\ExtensionsUnit)::Register extension with invalid extension class" class="Hyde\Framework\Testing\Unit\ExtensionsUnitTest" classname="Hyde.Framework.Testing.Unit.ExtensionsUnitTest" assertions="2" time="0.002593"/>
        <testcase name="Register extension with non class string" file="Extensions Unit (Hyde\Framework\Testing\Unit\ExtensionsUnit)::Register extension with non class string" class="Hyde\Framework\Testing\Unit\ExtensionsUnitTest" classname="Hyde.Framework.Testing.Unit.ExtensionsUnitTest" assertions="2" time="0.002720"/>
        <testcase name="Register extension with already registered extension" file="Extensions Unit (Hyde\Framework\Testing\Unit\ExtensionsUnit)::Register extension with already registered extension" class="Hyde\Framework\Testing\Unit\ExtensionsUnitTest" classname="Hyde.Framework.Testing.Unit.ExtensionsUnitTest" assertions="2" time="0.002628"/>
        <testcase name="Register extension method does not register already registered classes" file="Extensions Unit (Hyde\Framework\Testing\Unit\ExtensionsUnit)::Register extension method does not register already registered classes" class="Hyde\Framework\Testing\Unit\ExtensionsUnitTest" classname="Hyde.Framework.Testing.Unit.ExtensionsUnitTest" assertions="1" time="0.002631"/>
        <testcase name="Get extension with valid extension" file="Extensions Unit (Hyde\Framework\Testing\Unit\ExtensionsUnit)::Get extension with valid extension" class="Hyde\Framework\Testing\Unit\ExtensionsUnitTest" classname="Hyde.Framework.Testing.Unit.ExtensionsUnitTest" assertions="1" time="0.002475"/>
        <testcase name="Get extension with custom extension" file="Extensions Unit (Hyde\Framework\Testing\Unit\ExtensionsUnit)::Get extension with custom extension" class="Hyde\Framework\Testing\Unit\ExtensionsUnitTest" classname="Hyde.Framework.Testing.Unit.ExtensionsUnitTest" assertions="1" time="0.002445"/>
        <testcase name="Get extension with invalid extension" file="Extensions Unit (Hyde\Framework\Testing\Unit\ExtensionsUnit)::Get extension with invalid extension" class="Hyde\Framework\Testing\Unit\ExtensionsUnitTest" classname="Hyde.Framework.Testing.Unit.ExtensionsUnitTest" assertions="2" time="0.002558"/>
        <testcase name="Get extension generics" file="Extensions Unit (Hyde\Framework\Testing\Unit\ExtensionsUnit)::Get extension generics" class="Hyde\Framework\Testing\Unit\ExtensionsUnitTest" classname="Hyde.Framework.Testing.Unit.ExtensionsUnitTest" assertions="3" time="0.002622"/>
        <testcase name="Has extension with valid extension" file="Extensions Unit (Hyde\Framework\Testing\Unit\ExtensionsUnit)::Has extension with valid extension" class="Hyde\Framework\Testing\Unit\ExtensionsUnitTest" classname="Hyde.Framework.Testing.Unit.ExtensionsUnitTest" assertions="1" time="0.002442"/>
        <testcase name="Has extension with custom extension" file="Extensions Unit (Hyde\Framework\Testing\Unit\ExtensionsUnit)::Has extension with custom extension" class="Hyde\Framework\Testing\Unit\ExtensionsUnitTest" classname="Hyde.Framework.Testing.Unit.ExtensionsUnitTest" assertions="1" time="0.002454"/>
        <testcase name="Has extension with invalid extension" file="Extensions Unit (Hyde\Framework\Testing\Unit\ExtensionsUnit)::Has extension with invalid extension" class="Hyde\Framework\Testing\Unit\ExtensionsUnitTest" classname="Hyde.Framework.Testing.Unit.ExtensionsUnitTest" assertions="1" time="0.002403"/>
        <testcase name="File handler dependency injection" file="Extensions Unit (Hyde\Framework\Testing\Unit\ExtensionsUnit)::File handler dependency injection" class="Hyde\Framework\Testing\Unit\ExtensionsUnitTest" classname="Hyde.Framework.Testing.Unit.ExtensionsUnitTest" assertions="1" time="0.003459"/>
        <testcase name="Page handler dependency injection" file="Extensions Unit (Hyde\Framework\Testing\Unit\ExtensionsUnit)::Page handler dependency injection" class="Hyde\Framework\Testing\Unit\ExtensionsUnitTest" classname="Hyde.Framework.Testing.Unit.ExtensionsUnitTest" assertions="4" time="0.007572"/>
        <testcase name="Route handler dependency injection" file="Extensions Unit (Hyde\Framework\Testing\Unit\ExtensionsUnit)::Route handler dependency injection" class="Hyde\Framework\Testing\Unit\ExtensionsUnitTest" classname="Hyde.Framework.Testing.Unit.ExtensionsUnitTest" assertions="4" time="0.006130"/>
        <testcase name="Get registered page classes returns core extension classes" file="Extensions Unit (Hyde\Framework\Testing\Unit\ExtensionsUnit)::Get registered page classes returns core extension classes" class="Hyde\Framework\Testing\Unit\ExtensionsUnitTest" classname="Hyde.Framework.Testing.Unit.ExtensionsUnitTest" assertions="1" time="0.002959"/>
        <testcase name="Get registered page classes merges all extension classes" file="Extensions Unit (Hyde\Framework\Testing\Unit\ExtensionsUnit)::Get registered page classes merges all extension classes" class="Hyde\Framework\Testing\Unit\ExtensionsUnitTest" classname="Hyde.Framework.Testing.Unit.ExtensionsUnitTest" assertions="1" time="0.003256"/>
        <testcase name="Merged registered page classes array contents" file="Extensions Unit (Hyde\Framework\Testing\Unit\ExtensionsUnit)::Merged registered page classes array contents" class="Hyde\Framework\Testing\Unit\ExtensionsUnitTest" classname="Hyde.Framework.Testing.Unit.ExtensionsUnitTest" assertions="2" time="0.003185"/>
      </testsuite>
      <testsuite name="Hyde\Framework\Testing\Unit\Facades\AssetFacadeTest" file="Asset Facade (Hyde\Framework\Testing\Unit\Facades\AssetFacade)" tests="3" assertions="3" errors="0" failures="0" skipped="0" time="0.078455">
        <testcase name="Asset facade returns the asset service" file="Asset Facade (Hyde\Framework\Testing\Unit\Facades\AssetFacade)::Asset facade returns the asset service" class="Hyde\Framework\Testing\Unit\Facades\AssetFacadeTest" classname="Hyde.Framework.Testing.Unit.Facades.AssetFacadeTest" assertions="1" time="0.039622"/>
        <testcase name="Facade returns same instance as bound by the container" file="Asset Facade (Hyde\Framework\Testing\Unit\Facades\AssetFacade)::Facade returns same instance as bound by the container" class="Hyde\Framework\Testing\Unit\Facades\AssetFacadeTest" classname="Hyde.Framework.Testing.Unit.Facades.AssetFacadeTest" assertions="1" time="0.019342"/>
        <testcase name="Asset facade can call methods on the asset service" file="Asset Facade (Hyde\Framework\Testing\Unit\Facades\AssetFacade)::Asset facade can call methods on the asset service" class="Hyde\Framework\Testing\Unit\Facades\AssetFacadeTest" classname="Hyde.Framework.Testing.Unit.Facades.AssetFacadeTest" assertions="1" time="0.019491"/>
      </testsuite>
      <testsuite name="Hyde\Framework\Testing\Unit\Facades\AuthorTest" file="Author (Hyde\Framework\Testing\Unit\Facades\Author)" tests="3" assertions="10" errors="0" failures="0" skipped="0" time="0.063275">
        <testcase name="Create" file="Author (Hyde\Framework\Testing\Unit\Facades\Author)::Create" class="Hyde\Framework\Testing\Unit\Facades\AuthorTest" classname="Hyde.Framework.Testing.Unit.Facades.AuthorTest" assertions="4" time="0.024030"/>
        <testcase name="Get" file="Author (Hyde\Framework\Testing\Unit\Facades\Author)::Get" class="Hyde\Framework\Testing\Unit\Facades\AuthorTest" classname="Hyde.Framework.Testing.Unit.Facades.AuthorTest" assertions="4" time="0.019691"/>
        <testcase name="All" file="Author (Hyde\Framework\Testing\Unit\Facades\Author)::All" class="Hyde\Framework\Testing\Unit\Facades\AuthorTest" classname="Hyde.Framework.Testing.Unit.Facades.AuthorTest" assertions="2" time="0.019553"/>
      </testsuite>
      <testsuite name="Hyde\Framework\Testing\Unit\Facades\HydeFacadesAreAliasedInAppConfigTest" file="Hyde Facades Are Aliased In App Config (Hyde\Framework\Testing\Unit\Facades\HydeFacadesAreAliasedInAppConfig)" tests="1" assertions="8" errors="0" failures="0" skipped="0" time="0.025322">
        <testcase name="All facades are aliased in app config" file="Hyde Facades Are Aliased In App Config (Hyde\Framework\Testing\Unit\Facades\HydeFacadesAreAliasedInAppConfig)::All facades are aliased in app config" class="Hyde\Framework\Testing\Unit\Facades\HydeFacadesAreAliasedInAppConfigTest" classname="Hyde.Framework.Testing.Unit.Facades.HydeFacadesAreAliasedInAppConfigTest" assertions="8" time="0.025322"/>
      </testsuite>
      <testsuite name="Hyde\Framework\Testing\Unit\Facades\RouteFacadeTest" file="Route Facade (Hyde\Framework\Testing\Unit\Facades\RouteFacade)" tests="10" assertions="10" errors="0" failures="0" skipped="0" time="0.030596">
        <testcase name="Route facade all method returns all routes" file="Route Facade (Hyde\Framework\Testing\Unit\Facades\RouteFacade)::Route facade all method returns all routes" class="Hyde\Framework\Testing\Unit\Facades\RouteFacadeTest" classname="Hyde.Framework.Testing.Unit.Facades.RouteFacadeTest" assertions="1" time="0.007549"/>
        <testcase name="Get or fail throws exception if route is not found" file="Route Facade (Hyde\Framework\Testing\Unit\Facades\RouteFacade)::Get or fail throws exception if route is not found" class="Hyde\Framework\Testing\Unit\Facades\RouteFacadeTest" classname="Hyde.Framework.Testing.Unit.Facades.RouteFacadeTest" assertions="1" time="0.002093"/>
        <testcase name="Get returns route from router index" file="Route Facade (Hyde\Framework\Testing\Unit\Facades\RouteFacade)::Get returns route from router index" class="Hyde\Framework\Testing\Unit\Facades\RouteFacadeTest" classname="Hyde.Framework.Testing.Unit.Facades.RouteFacadeTest" assertions="1" time="0.001915"/>
        <testcase name="Get returns route from router index for the right page" file="Route Facade (Hyde\Framework\Testing\Unit\Facades\RouteFacade)::Get returns route from router index for the right page" class="Hyde\Framework\Testing\Unit\Facades\RouteFacadeTest" classname="Hyde.Framework.Testing.Unit.Facades.RouteFacadeTest" assertions="1" time="0.004239"/>
        <testcase name="Get from returns null if route is not found" file="Route Facade (Hyde\Framework\Testing\Unit\Facades\RouteFacade)::Get from returns null if route is not found" class="Hyde\Framework\Testing\Unit\Facades\RouteFacadeTest" classname="Hyde.Framework.Testing.Unit.Facades.RouteFacadeTest" assertions="1" time="0.001945"/>
        <testcase name="Get supports dot notation" file="Route Facade (Hyde\Framework\Testing\Unit\Facades\RouteFacade)::Get supports dot notation" class="Hyde\Framework\Testing\Unit\Facades\RouteFacadeTest" classname="Hyde.Framework.Testing.Unit.Facades.RouteFacadeTest" assertions="1" time="0.003473"/>
        <testcase name="Current returns current route" file="Route Facade (Hyde\Framework\Testing\Unit\Facades\RouteFacade)::Current returns current route" class="Hyde\Framework\Testing\Unit\Facades\RouteFacadeTest" classname="Hyde.Framework.Testing.Unit.Facades.RouteFacadeTest" assertions="1" time="0.003400"/>
        <testcase name="Current returns null if route is not found" file="Route Facade (Hyde\Framework\Testing\Unit\Facades\RouteFacade)::Current returns null if route is not found" class="Hyde\Framework\Testing\Unit\Facades\RouteFacadeTest" classname="Hyde.Framework.Testing.Unit.Facades.RouteFacadeTest" assertions="1" time="0.002181"/>
        <testcase name="Exists for existing route" file="Route Facade (Hyde\Framework\Testing\Unit\Facades\RouteFacade)::Exists for existing route" class="Hyde\Framework\Testing\Unit\Facades\RouteFacadeTest" classname="Hyde.Framework.Testing.Unit.Facades.RouteFacadeTest" assertions="1" time="0.001904"/>
        <testcase name="Exists for non existing route" file="Route Facade (Hyde\Framework\Testing\Unit\Facades\RouteFacade)::Exists for non existing route" class="Hyde\Framework\Testing\Unit\Facades\RouteFacadeTest" classname="Hyde.Framework.Testing.Unit.Facades.RouteFacadeTest" assertions="1" time="0.001897"/>
      </testsuite>
      <testsuite name="Hyde\Framework\Testing\Unit\FeaturedImageUnitTest" file="Featured Image Unit (Hyde\Framework\Testing\Unit\FeaturedImageUnit)" tests="35" assertions="39" errors="0" failures="0" skipped="0" time="0.074057">
        <testcase name="Can construct" file="Featured Image Unit (Hyde\Framework\Testing\Unit\FeaturedImageUnit)::Can construct" class="Hyde\Framework\Testing\Unit\FeaturedImageUnitTest" classname="Hyde.Framework.Testing.Unit.FeaturedImageUnitTest" assertions="1" time="0.010905"/>
        <testcase name="Get alt text without data" file="Featured Image Unit (Hyde\Framework\Testing\Unit\FeaturedImageUnit)::Get alt text without data" class="Hyde\Framework\Testing\Unit\FeaturedImageUnitTest" classname="Hyde.Framework.Testing.Unit.FeaturedImageUnitTest" assertions="1" time="0.001902"/>
        <testcase name="Get alt text with data" file="Featured Image Unit (Hyde\Framework\Testing\Unit\FeaturedImageUnit)::Get alt text with data" class="Hyde\Framework\Testing\Unit\FeaturedImageUnitTest" classname="Hyde.Framework.Testing.Unit.FeaturedImageUnitTest" assertions="1" time="0.001965"/>
        <testcase name="Get title text without data" file="Featured Image Unit (Hyde\Framework\Testing\Unit\FeaturedImageUnit)::Get title text without data" class="Hyde\Framework\Testing\Unit\FeaturedImageUnitTest" classname="Hyde.Framework.Testing.Unit.FeaturedImageUnitTest" assertions="1" time="0.001890"/>
        <testcase name="Get title text with data" file="Featured Image Unit (Hyde\Framework\Testing\Unit\FeaturedImageUnit)::Get title text with data" class="Hyde\Framework\Testing\Unit\FeaturedImageUnitTest" classname="Hyde.Framework.Testing.Unit.FeaturedImageUnitTest" assertions="1" time="0.001858"/>
        <testcase name="Get author name without data" file="Featured Image Unit (Hyde\Framework\Testing\Unit\FeaturedImageUnit)::Get author name without data" class="Hyde\Framework\Testing\Unit\FeaturedImageUnitTest" classname="Hyde.Framework.Testing.Unit.FeaturedImageUnitTest" assertions="1" time="0.001896"/>
        <testcase name="Get author name with data" file="Featured Image Unit (Hyde\Framework\Testing\Unit\FeaturedImageUnit)::Get author name with data" class="Hyde\Framework\Testing\Unit\FeaturedImageUnitTest" classname="Hyde.Framework.Testing.Unit.FeaturedImageUnitTest" assertions="1" time="0.001878"/>
        <testcase name="Get author url without data" file="Featured Image Unit (Hyde\Framework\Testing\Unit\FeaturedImageUnit)::Get author url without data" class="Hyde\Framework\Testing\Unit\FeaturedImageUnitTest" classname="Hyde.Framework.Testing.Unit.FeaturedImageUnitTest" assertions="1" time="0.001876"/>
        <testcase name="Get author url with data" file="Featured Image Unit (Hyde\Framework\Testing\Unit\FeaturedImageUnit)::Get author url with data" class="Hyde\Framework\Testing\Unit\FeaturedImageUnitTest" classname="Hyde.Framework.Testing.Unit.FeaturedImageUnitTest" assertions="1" time="0.001872"/>
        <testcase name="Get copyright text without data" file="Featured Image Unit (Hyde\Framework\Testing\Unit\FeaturedImageUnit)::Get copyright text without data" class="Hyde\Framework\Testing\Unit\FeaturedImageUnitTest" classname="Hyde.Framework.Testing.Unit.FeaturedImageUnitTest" assertions="1" time="0.001838"/>
        <testcase name="Get copyright text with data" file="Featured Image Unit (Hyde\Framework\Testing\Unit\FeaturedImageUnit)::Get copyright text with data" class="Hyde\Framework\Testing\Unit\FeaturedImageUnitTest" classname="Hyde.Framework.Testing.Unit.FeaturedImageUnitTest" assertions="1" time="0.001846"/>
        <testcase name="Get license name without data" file="Featured Image Unit (Hyde\Framework\Testing\Unit\FeaturedImageUnit)::Get license name without data" class="Hyde\Framework\Testing\Unit\FeaturedImageUnitTest" classname="Hyde.Framework.Testing.Unit.FeaturedImageUnitTest" assertions="1" time="0.001857"/>
        <testcase name="Get license name with data" file="Featured Image Unit (Hyde\Framework\Testing\Unit\FeaturedImageUnit)::Get license name with data" class="Hyde\Framework\Testing\Unit\FeaturedImageUnitTest" classname="Hyde.Framework.Testing.Unit.FeaturedImageUnitTest" assertions="1" time="0.001831"/>
        <testcase name="Get license url without data" file="Featured Image Unit (Hyde\Framework\Testing\Unit\FeaturedImageUnit)::Get license url without data" class="Hyde\Framework\Testing\Unit\FeaturedImageUnitTest" classname="Hyde.Framework.Testing.Unit.FeaturedImageUnitTest" assertions="1" time="0.001824"/>
        <testcase name="Get license url with data" file="Featured Image Unit (Hyde\Framework\Testing\Unit\FeaturedImageUnit)::Get license url with data" class="Hyde\Framework\Testing\Unit\FeaturedImageUnitTest" classname="Hyde.Framework.Testing.Unit.FeaturedImageUnitTest" assertions="1" time="0.001841"/>
        <testcase name="Has alt text without data" file="Featured Image Unit (Hyde\Framework\Testing\Unit\FeaturedImageUnit)::Has alt text without data" class="Hyde\Framework\Testing\Unit\FeaturedImageUnitTest" classname="Hyde.Framework.Testing.Unit.FeaturedImageUnitTest" assertions="1" time="0.001817"/>
        <testcase name="Has alt text with data" file="Featured Image Unit (Hyde\Framework\Testing\Unit\FeaturedImageUnit)::Has alt text with data" class="Hyde\Framework\Testing\Unit\FeaturedImageUnitTest" classname="Hyde.Framework.Testing.Unit.FeaturedImageUnitTest" assertions="1" time="0.001846"/>
        <testcase name="Has title text without data" file="Featured Image Unit (Hyde\Framework\Testing\Unit\FeaturedImageUnit)::Has title text without data" class="Hyde\Framework\Testing\Unit\FeaturedImageUnitTest" classname="Hyde.Framework.Testing.Unit.FeaturedImageUnitTest" assertions="1" time="0.001819"/>
        <testcase name="Has title text with data" file="Featured Image Unit (Hyde\Framework\Testing\Unit\FeaturedImageUnit)::Has title text with data" class="Hyde\Framework\Testing\Unit\FeaturedImageUnitTest" classname="Hyde.Framework.Testing.Unit.FeaturedImageUnitTest" assertions="1" time="0.001806"/>
        <testcase name="Has author name without data" file="Featured Image Unit (Hyde\Framework\Testing\Unit\FeaturedImageUnit)::Has author name without data" class="Hyde\Framework\Testing\Unit\FeaturedImageUnitTest" classname="Hyde.Framework.Testing.Unit.FeaturedImageUnitTest" assertions="1" time="0.001820"/>
        <testcase name="Has author name with data" file="Featured Image Unit (Hyde\Framework\Testing\Unit\FeaturedImageUnit)::Has author name with data" class="Hyde\Framework\Testing\Unit\FeaturedImageUnitTest" classname="Hyde.Framework.Testing.Unit.FeaturedImageUnitTest" assertions="1" time="0.001804"/>
        <testcase name="Has author url without data" file="Featured Image Unit (Hyde\Framework\Testing\Unit\FeaturedImageUnit)::Has author url without data" class="Hyde\Framework\Testing\Unit\FeaturedImageUnitTest" classname="Hyde.Framework.Testing.Unit.FeaturedImageUnitTest" assertions="1" time="0.001824"/>
        <testcase name="Has author url with data" file="Featured Image Unit (Hyde\Framework\Testing\Unit\FeaturedImageUnit)::Has author url with data" class="Hyde\Framework\Testing\Unit\FeaturedImageUnitTest" classname="Hyde.Framework.Testing.Unit.FeaturedImageUnitTest" assertions="1" time="0.001823"/>
        <testcase name="Has copyright text without data" file="Featured Image Unit (Hyde\Framework\Testing\Unit\FeaturedImageUnit)::Has copyright text without data" class="Hyde\Framework\Testing\Unit\FeaturedImageUnitTest" classname="Hyde.Framework.Testing.Unit.FeaturedImageUnitTest" assertions="1" time="0.001815"/>
        <testcase name="Has copyright text with data" file="Featured Image Unit (Hyde\Framework\Testing\Unit\FeaturedImageUnit)::Has copyright text with data" class="Hyde\Framework\Testing\Unit\FeaturedImageUnitTest" classname="Hyde.Framework.Testing.Unit.FeaturedImageUnitTest" assertions="1" time="0.001833"/>
        <testcase name="Has license name without data" file="Featured Image Unit (Hyde\Framework\Testing\Unit\FeaturedImageUnit)::Has license name without data" class="Hyde\Framework\Testing\Unit\FeaturedImageUnitTest" classname="Hyde.Framework.Testing.Unit.FeaturedImageUnitTest" assertions="1" time="0.001807"/>
        <testcase name="Has license name with data" file="Featured Image Unit (Hyde\Framework\Testing\Unit\FeaturedImageUnit)::Has license name with data" class="Hyde\Framework\Testing\Unit\FeaturedImageUnitTest" classname="Hyde.Framework.Testing.Unit.FeaturedImageUnitTest" assertions="1" time="0.001824"/>
        <testcase name="Has license url without data" file="Featured Image Unit (Hyde\Framework\Testing\Unit\FeaturedImageUnit)::Has license url without data" class="Hyde\Framework\Testing\Unit\FeaturedImageUnitTest" classname="Hyde.Framework.Testing.Unit.FeaturedImageUnitTest" assertions="1" time="0.001833"/>
        <testcase name="Has license url with data" file="Featured Image Unit (Hyde\Framework\Testing\Unit\FeaturedImageUnit)::Has license url with data" class="Hyde\Framework\Testing\Unit\FeaturedImageUnitTest" classname="Hyde.Framework.Testing.Unit.FeaturedImageUnitTest" assertions="1" time="0.001810"/>
        <testcase name="Get type for local image" file="Featured Image Unit (Hyde\Framework\Testing\Unit\FeaturedImageUnit)::Get type for local image" class="Hyde\Framework\Testing\Unit\FeaturedImageUnitTest" classname="Hyde.Framework.Testing.Unit.FeaturedImageUnitTest" assertions="1" time="0.001854"/>
        <testcase name="Get type for remote image" file="Featured Image Unit (Hyde\Framework\Testing\Unit\FeaturedImageUnit)::Get type for remote image" class="Hyde\Framework\Testing\Unit\FeaturedImageUnitTest" classname="Hyde.Framework.Testing.Unit.FeaturedImageUnitTest" assertions="1" time="0.001738"/>
        <testcase name="Get content length" file="Featured Image Unit (Hyde\Framework\Testing\Unit\FeaturedImageUnit)::Get content length" class="Hyde\Framework\Testing\Unit\FeaturedImageUnitTest" classname="Hyde.Framework.Testing.Unit.FeaturedImageUnitTest" assertions="2" time="0.001922"/>
        <testcase name="Featured image get content length with no source" file="Featured Image Unit (Hyde\Framework\Testing\Unit\FeaturedImageUnit)::Featured image get content length with no source" class="Hyde\Framework\Testing\Unit\FeaturedImageUnitTest" classname="Hyde.Framework.Testing.Unit.FeaturedImageUnitTest" assertions="2" time="0.002226"/>
        <testcase name="Can construct featured image with remote source" file="Featured Image Unit (Hyde\Framework\Testing\Unit\FeaturedImageUnit)::Can construct featured image with remote source" class="Hyde\Framework\Testing\Unit\FeaturedImageUnitTest" classname="Hyde.Framework.Testing.Unit.FeaturedImageUnitTest" assertions="2" time="0.001897"/>
        <testcase name="Can construct featured image with https" file="Featured Image Unit (Hyde\Framework\Testing\Unit\FeaturedImageUnit)::Can construct featured image with https" class="Hyde\Framework\Testing\Unit\FeaturedImageUnitTest" classname="Hyde.Framework.Testing.Unit.FeaturedImageUnitTest" assertions="2" time="0.001862"/>
      </testsuite>
      <testsuite name="Hyde\Framework\Testing\Unit\FileConflictExceptionTest" file="File Conflict Exception (Hyde\Framework\Testing\Unit\FileConflictException)" tests="6" assertions="6" errors="0" failures="0" skipped="0" time="0.040075">
        <testcase name="It can be instantiated" file="File Conflict Exception (Hyde\Framework\Testing\Unit\FileConflictException)::It can be instantiated" class="Hyde\Framework\Testing\Unit\FileConflictExceptionTest" classname="Hyde.Framework.Testing.Unit.FileConflictExceptionTest" assertions="1" time="0.030929"/>
        <testcase name="It can be thrown" file="File Conflict Exception (Hyde\Framework\Testing\Unit\FileConflictException)::It can be thrown" class="Hyde\Framework\Testing\Unit\FileConflictExceptionTest" classname="Hyde.Framework.Testing.Unit.FileConflictExceptionTest" assertions="1" time="0.001730"/>
        <testcase name="Exception code" file="File Conflict Exception (Hyde\Framework\Testing\Unit\FileConflictException)::Exception code" class="Hyde\Framework\Testing\Unit\FileConflictExceptionTest" classname="Hyde.Framework.Testing.Unit.FileConflictExceptionTest" assertions="1" time="0.001683"/>
        <testcase name="Exception message" file="File Conflict Exception (Hyde\Framework\Testing\Unit\FileConflictException)::Exception message" class="Hyde\Framework\Testing\Unit\FileConflictExceptionTest" classname="Hyde.Framework.Testing.Unit.FileConflictExceptionTest" assertions="1" time="0.001710"/>
        <testcase name="Exception message with path" file="File Conflict Exception (Hyde\Framework\Testing\Unit\FileConflictException)::Exception message with path" class="Hyde\Framework\Testing\Unit\FileConflictExceptionTest" classname="Hyde.Framework.Testing.Unit.FileConflictExceptionTest" assertions="1" time="0.002019"/>
        <testcase name="Exception message with absolute path" file="File Conflict Exception (Hyde\Framework\Testing\Unit\FileConflictException)::Exception message with absolute path" class="Hyde\Framework\Testing\Unit\FileConflictExceptionTest" classname="Hyde.Framework.Testing.Unit.FileConflictExceptionTest" assertions="1" time="0.002003"/>
      </testsuite>
      <testsuite name="Hyde\Framework\Testing\Unit\Foundation\HyperlinkFileHelperRelativeLinkTest" file="Hyperlink File Helper Relative Link (Hyde\Framework\Testing\Unit\Foundation\HyperlinkFileHelperRelativeLink)" tests="16" assertions="29" errors="0" failures="0" skipped="0" time="0.067541">
        <testcase name="Helper returns string as is if current is not set" file="Hyperlink File Helper Relative Link (Hyde\Framework\Testing\Unit\Foundation\HyperlinkFileHelperRelativeLink)::Helper returns string as is if current is not set" class="Hyde\Framework\Testing\Unit\Foundation\HyperlinkFileHelperRelativeLinkTest" classname="Hyde.Framework.Testing.Unit.Foundation.HyperlinkFileHelperRelativeLinkTest" assertions="1" time="0.008321"/>
        <testcase name="Helper injects proper number of doubles slash" file="Hyperlink File Helper Relative Link (Hyde\Framework\Testing\Unit\Foundation\HyperlinkFileHelperRelativeLink)::Helper injects proper number of doubles slash" class="Hyde\Framework\Testing\Unit\Foundation\HyperlinkFileHelperRelativeLinkTest" classname="Hyde.Framework.Testing.Unit.Foundation.HyperlinkFileHelperRelativeLinkTest" assertions="1" time="0.003662"/>
        <testcase name="Helper injects proper number of doubles slash for deeply nested paths" file="Hyperlink File Helper Relative Link (Hyde\Framework\Testing\Unit\Foundation\HyperlinkFileHelperRelativeLink)::Helper injects proper number of doubles slash for deeply nested paths" class="Hyde\Framework\Testing\Unit\Foundation\HyperlinkFileHelperRelativeLinkTest" classname="Hyde.Framework.Testing.Unit.Foundation.HyperlinkFileHelperRelativeLinkTest" assertions="1" time="0.003524"/>
        <testcase name="Helper handles destination without file extension" file="Hyperlink File Helper Relative Link (Hyde\Framework\Testing\Unit\Foundation\HyperlinkFileHelperRelativeLink)::Helper handles destination without file extension" class="Hyde\Framework\Testing\Unit\Foundation\HyperlinkFileHelperRelativeLinkTest" classname="Hyde.Framework.Testing.Unit.Foundation.HyperlinkFileHelperRelativeLinkTest" assertions="1" time="0.003499"/>
        <testcase name="Helper handles current without file extension" file="Hyperlink File Helper Relative Link (Hyde\Framework\Testing\Unit\Foundation\HyperlinkFileHelperRelativeLink)::Helper handles current without file extension" class="Hyde\Framework\Testing\Unit\Foundation\HyperlinkFileHelperRelativeLinkTest" classname="Hyde.Framework.Testing.Unit.Foundation.HyperlinkFileHelperRelativeLinkTest" assertions="1" time="0.003489"/>
        <testcase name="Helper handles case without any file extensions" file="Hyperlink File Helper Relative Link (Hyde\Framework\Testing\Unit\Foundation\HyperlinkFileHelperRelativeLink)::Helper handles case without any file extensions" class="Hyde\Framework\Testing\Unit\Foundation\HyperlinkFileHelperRelativeLinkTest" classname="Hyde.Framework.Testing.Unit.Foundation.HyperlinkFileHelperRelativeLinkTest" assertions="1" time="0.003530"/>
        <testcase name="Helper handles case with mixed file extensions" file="Hyperlink File Helper Relative Link (Hyde\Framework\Testing\Unit\Foundation\HyperlinkFileHelperRelativeLink)::Helper handles case with mixed file extensions" class="Hyde\Framework\Testing\Unit\Foundation\HyperlinkFileHelperRelativeLinkTest" classname="Hyde.Framework.Testing.Unit.Foundation.HyperlinkFileHelperRelativeLinkTest" assertions="2" time="0.004159"/>
        <testcase name="Helper handles different file extensions" file="Hyperlink File Helper Relative Link (Hyde\Framework\Testing\Unit\Foundation\HyperlinkFileHelperRelativeLink)::Helper handles different file extensions" class="Hyde\Framework\Testing\Unit\Foundation\HyperlinkFileHelperRelativeLinkTest" classname="Hyde.Framework.Testing.Unit.Foundation.HyperlinkFileHelperRelativeLinkTest" assertions="3" time="0.003770"/>
        <testcase name="Helper returns pretty url if enabled and destination is a html file" file="Hyperlink File Helper Relative Link (Hyde\Framework\Testing\Unit\Foundation\HyperlinkFileHelperRelativeLink)::Helper returns pretty url if enabled and destination is a html file" class="Hyde\Framework\Testing\Unit\Foundation\HyperlinkFileHelperRelativeLinkTest" classname="Hyde.Framework.Testing.Unit.Foundation.HyperlinkFileHelperRelativeLinkTest" assertions="1" time="0.003707"/>
        <testcase name="Helper method does not require current path to be html to use pretty urls" file="Hyperlink File Helper Relative Link (Hyde\Framework\Testing\Unit\Foundation\HyperlinkFileHelperRelativeLink)::Helper method does not require current path to be html to use pretty urls" class="Hyde\Framework\Testing\Unit\Foundation\HyperlinkFileHelperRelativeLinkTest" classname="Hyde.Framework.Testing.Unit.Foundation.HyperlinkFileHelperRelativeLinkTest" assertions="1" time="0.003649"/>
        <testcase name="Helper returns does not return pretty url if when enabled but and destination is not a html file" file="Hyperlink File Helper Relative Link (Hyde\Framework\Testing\Unit\Foundation\HyperlinkFileHelperRelativeLink)::Helper returns does not return pretty url if when enabled but and destination is not a html file" class="Hyde\Framework\Testing\Unit\Foundation\HyperlinkFileHelperRelativeLinkTest" classname="Hyde.Framework.Testing.Unit.Foundation.HyperlinkFileHelperRelativeLinkTest" assertions="1" time="0.003685"/>
        <testcase name="Helper rewrites index when using pretty urls" file="Hyperlink File Helper Relative Link (Hyde\Framework\Testing\Unit\Foundation\HyperlinkFileHelperRelativeLink)::Helper rewrites index when using pretty urls" class="Hyde\Framework\Testing\Unit\Foundation\HyperlinkFileHelperRelativeLinkTest" classname="Hyde.Framework.Testing.Unit.Foundation.HyperlinkFileHelperRelativeLinkTest" assertions="3" time="0.004789"/>
        <testcase name="Helper does not rewrite index when not using pretty urls" file="Hyperlink File Helper Relative Link (Hyde\Framework\Testing\Unit\Foundation\HyperlinkFileHelperRelativeLink)::Helper does not rewrite index when not using pretty urls" class="Hyde\Framework\Testing\Unit\Foundation\HyperlinkFileHelperRelativeLinkTest" classname="Hyde.Framework.Testing.Unit.Foundation.HyperlinkFileHelperRelativeLinkTest" assertions="3" time="0.004808"/>
        <testcase name="Helper rewrites documentation page index when using pretty urls" file="Hyperlink File Helper Relative Link (Hyde\Framework\Testing\Unit\Foundation\HyperlinkFileHelperRelativeLink)::Helper rewrites documentation page index when using pretty urls" class="Hyde\Framework\Testing\Unit\Foundation\HyperlinkFileHelperRelativeLinkTest" classname="Hyde.Framework.Testing.Unit.Foundation.HyperlinkFileHelperRelativeLinkTest" assertions="4" time="0.005369"/>
        <testcase name="Helper does not rewrite documentation page index when not using pretty urls" file="Hyperlink File Helper Relative Link (Hyde\Framework\Testing\Unit\Foundation\HyperlinkFileHelperRelativeLink)::Helper does not rewrite documentation page index when not using pretty urls" class="Hyde\Framework\Testing\Unit\Foundation\HyperlinkFileHelperRelativeLinkTest" classname="Hyde.Framework.Testing.Unit.Foundation.HyperlinkFileHelperRelativeLinkTest" assertions="4" time="0.005393"/>
        <testcase name="Helper does not rewrite already processed links" file="Hyperlink File Helper Relative Link (Hyde\Framework\Testing\Unit\Foundation\HyperlinkFileHelperRelativeLink)::Helper does not rewrite already processed links" class="Hyde\Framework\Testing\Unit\Foundation\HyperlinkFileHelperRelativeLinkTest" classname="Hyde.Framework.Testing.Unit.Foundation.HyperlinkFileHelperRelativeLinkTest" assertions="1" time="0.002187"/>
      </testsuite>
      <testsuite name="Hyde\Framework\Testing\Unit\Foundation\HyperlinkFormatHtmlPathTest" file="Hyperlink Format Html Path (Hyde\Framework\Testing\Unit\Foundation\HyperlinkFormatHtmlPath)" tests="14" assertions="14" errors="0" failures="0" skipped="0" time="0.043189">
        <testcase name="Helper returns string as is if pretty urls is not true" file="Hyperlink Format Html Path (Hyde\Framework\Testing\Unit\Foundation\HyperlinkFormatHtmlPath)::Helper returns string as is if pretty urls is not true" class="Hyde\Framework\Testing\Unit\Foundation\HyperlinkFormatHtmlPathTest" classname="Hyde.Framework.Testing.Unit.Foundation.HyperlinkFormatHtmlPathTest" assertions="1" time="0.017039"/>
        <testcase name="Helper returns pretty url if pretty urls is true" file="Hyperlink Format Html Path (Hyde\Framework\Testing\Unit\Foundation\HyperlinkFormatHtmlPath)::Helper returns pretty url if pretty urls is true" class="Hyde\Framework\Testing\Unit\Foundation\HyperlinkFormatHtmlPathTest" classname="Hyde.Framework.Testing.Unit.Foundation.HyperlinkFormatHtmlPathTest" assertions="1" time="0.002018"/>
        <testcase name="Helper respects absolute urls" file="Hyperlink Format Html Path (Hyde\Framework\Testing\Unit\Foundation\HyperlinkFormatHtmlPath)::Helper respects absolute urls" class="Hyde\Framework\Testing\Unit\Foundation\HyperlinkFormatHtmlPathTest" classname="Hyde.Framework.Testing.Unit.Foundation.HyperlinkFormatHtmlPathTest" assertions="1" time="0.001984"/>
        <testcase name="Helper respects pretty absolute urls" file="Hyperlink Format Html Path (Hyde\Framework\Testing\Unit\Foundation\HyperlinkFormatHtmlPath)::Helper respects pretty absolute urls" class="Hyde\Framework\Testing\Unit\Foundation\HyperlinkFormatHtmlPathTest" classname="Hyde.Framework.Testing.Unit.Foundation.HyperlinkFormatHtmlPathTest" assertions="1" time="0.002011"/>
        <testcase name="Helper respects relative urls" file="Hyperlink Format Html Path (Hyde\Framework\Testing\Unit\Foundation\HyperlinkFormatHtmlPath)::Helper respects relative urls" class="Hyde\Framework\Testing\Unit\Foundation\HyperlinkFormatHtmlPathTest" classname="Hyde.Framework.Testing.Unit.Foundation.HyperlinkFormatHtmlPathTest" assertions="1" time="0.001975"/>
        <testcase name="Helper respects pretty relative urls" file="Hyperlink Format Html Path (Hyde\Framework\Testing\Unit\Foundation\HyperlinkFormatHtmlPath)::Helper respects pretty relative urls" class="Hyde\Framework\Testing\Unit\Foundation\HyperlinkFormatHtmlPathTest" classname="Hyde.Framework.Testing.Unit.Foundation.HyperlinkFormatHtmlPathTest" assertions="1" time="0.001972"/>
        <testcase name="Non html links are not modified" file="Hyperlink Format Html Path (Hyde\Framework\Testing\Unit\Foundation\HyperlinkFormatHtmlPath)::Non html links are not modified" class="Hyde\Framework\Testing\Unit\Foundation\HyperlinkFormatHtmlPathTest" classname="Hyde.Framework.Testing.Unit.Foundation.HyperlinkFormatHtmlPathTest" assertions="1" time="0.001986"/>
        <testcase name="Helper respects absolute urls with pretty urls enabled" file="Hyperlink Format Html Path (Hyde\Framework\Testing\Unit\Foundation\HyperlinkFormatHtmlPath)::Helper respects absolute urls with pretty urls enabled" class="Hyde\Framework\Testing\Unit\Foundation\HyperlinkFormatHtmlPathTest" classname="Hyde.Framework.Testing.Unit.Foundation.HyperlinkFormatHtmlPathTest" assertions="1" time="0.001997"/>
        <testcase name="Helper rewrites index when using pretty urls" file="Hyperlink Format Html Path (Hyde\Framework\Testing\Unit\Foundation\HyperlinkFormatHtmlPath)::Helper rewrites index when using pretty urls" class="Hyde\Framework\Testing\Unit\Foundation\HyperlinkFormatHtmlPathTest" classname="Hyde.Framework.Testing.Unit.Foundation.HyperlinkFormatHtmlPathTest" assertions="1" time="0.002003"/>
        <testcase name="Helper does not rewrite index when not using pretty urls" file="Hyperlink Format Html Path (Hyde\Framework\Testing\Unit\Foundation\HyperlinkFormatHtmlPath)::Helper does not rewrite index when not using pretty urls" class="Hyde\Framework\Testing\Unit\Foundation\HyperlinkFormatHtmlPathTest" classname="Hyde.Framework.Testing.Unit.Foundation.HyperlinkFormatHtmlPathTest" assertions="1" time="0.002053"/>
        <testcase name="Helper rewrites documentation page index when using pretty urls" file="Hyperlink Format Html Path (Hyde\Framework\Testing\Unit\Foundation\HyperlinkFormatHtmlPath)::Helper rewrites documentation page index when using pretty urls" class="Hyde\Framework\Testing\Unit\Foundation\HyperlinkFormatHtmlPathTest" classname="Hyde.Framework.Testing.Unit.Foundation.HyperlinkFormatHtmlPathTest" assertions="1" time="0.002014"/>
        <testcase name="Helper does not rewrite documentation page index when not using pretty urls" file="Hyperlink Format Html Path (Hyde\Framework\Testing\Unit\Foundation\HyperlinkFormatHtmlPath)::Helper does not rewrite documentation page index when not using pretty urls" class="Hyde\Framework\Testing\Unit\Foundation\HyperlinkFormatHtmlPathTest" classname="Hyde.Framework.Testing.Unit.Foundation.HyperlinkFormatHtmlPathTest" assertions="1" time="0.002083"/>
        <testcase name="Helpers rewrites arbitrary nested index pages when using pretty urls" file="Hyperlink Format Html Path (Hyde\Framework\Testing\Unit\Foundation\HyperlinkFormatHtmlPath)::Helpers rewrites arbitrary nested index pages when using pretty urls" class="Hyde\Framework\Testing\Unit\Foundation\HyperlinkFormatHtmlPathTest" classname="Hyde.Framework.Testing.Unit.Foundation.HyperlinkFormatHtmlPathTest" assertions="1" time="0.002030"/>
        <testcase name="Helpers does not rewrite arbitrary nested index pages when not using pretty urls" file="Hyperlink Format Html Path (Hyde\Framework\Testing\Unit\Foundation\HyperlinkFormatHtmlPath)::Helpers does not rewrite arbitrary nested index pages when not using pretty urls" class="Hyde\Framework\Testing\Unit\Foundation\HyperlinkFormatHtmlPathTest" classname="Hyde.Framework.Testing.Unit.Foundation.HyperlinkFormatHtmlPathTest" assertions="1" time="0.002023"/>
      </testsuite>
      <testsuite name="Hyde\Framework\Testing\Unit\Foundation\HyperlinksUrlPathHelpersTest" file="Hyperlinks Url Path Helpers (Hyde\Framework\Testing\Unit\Foundation\HyperlinksUrlPathHelpers)" tests="11" assertions="16" errors="0" failures="0" skipped="0" time="0.227829">
        <testcase name="Has site url returns false when no site url is set" file="Hyperlinks Url Path Helpers (Hyde\Framework\Testing\Unit\Foundation\HyperlinksUrlPathHelpers)::Has site url returns false when no site url is set" class="Hyde\Framework\Testing\Unit\Foundation\HyperlinksUrlPathHelpersTest" classname="Hyde.Framework.Testing.Unit.Foundation.HyperlinksUrlPathHelpersTest" assertions="1" time="0.033165"/>
        <testcase name="Has site url returns true when site url is set" file="Hyperlinks Url Path Helpers (Hyde\Framework\Testing\Unit\Foundation\HyperlinksUrlPathHelpers)::Has site url returns true when site url is set" class="Hyde\Framework\Testing\Unit\Foundation\HyperlinksUrlPathHelpersTest" classname="Hyde.Framework.Testing.Unit.Foundation.HyperlinksUrlPathHelpersTest" assertions="1" time="0.019229"/>
        <testcase name="Qualified url returns site url when no path is given" file="Hyperlinks Url Path Helpers (Hyde\Framework\Testing\Unit\Foundation\HyperlinksUrlPathHelpers)::Qualified url returns site url when no path is given" class="Hyde\Framework\Testing\Unit\Foundation\HyperlinksUrlPathHelpersTest" classname="Hyde.Framework.Testing.Unit.Foundation.HyperlinksUrlPathHelpersTest" assertions="1" time="0.019271"/>
        <testcase name="Qualified url returns site url plus given path" file="Hyperlinks Url Path Helpers (Hyde\Framework\Testing\Unit\Foundation\HyperlinksUrlPathHelpers)::Qualified url returns site url plus given path" class="Hyde\Framework\Testing\Unit\Foundation\HyperlinksUrlPathHelpersTest" classname="Hyde.Framework.Testing.Unit.Foundation.HyperlinksUrlPathHelpersTest" assertions="1" time="0.019323"/>
        <testcase name="Qualified url returns site url plus given path with extension" file="Hyperlinks Url Path Helpers (Hyde\Framework\Testing\Unit\Foundation\HyperlinksUrlPathHelpers)::Qualified url returns site url plus given path with extension" class="Hyde\Framework\Testing\Unit\Foundation\HyperlinksUrlPathHelpersTest" classname="Hyde.Framework.Testing.Unit.Foundation.HyperlinksUrlPathHelpersTest" assertions="1" time="0.019329"/>
        <testcase name="Qualified url returns site url plus given path with extension and query string" file="Hyperlinks Url Path Helpers (Hyde\Framework\Testing\Unit\Foundation\HyperlinksUrlPathHelpers)::Qualified url returns site url plus given path with extension and query string" class="Hyde\Framework\Testing\Unit\Foundation\HyperlinksUrlPathHelpersTest" classname="Hyde.Framework.Testing.Unit.Foundation.HyperlinksUrlPathHelpersTest" assertions="1" time="0.019428"/>
        <testcase name="Qualified url trims trailing slashes" file="Hyperlinks Url Path Helpers (Hyde\Framework\Testing\Unit\Foundation\HyperlinksUrlPathHelpers)::Qualified url trims trailing slashes" class="Hyde\Framework\Testing\Unit\Foundation\HyperlinksUrlPathHelpersTest" classname="Hyde.Framework.Testing.Unit.Foundation.HyperlinksUrlPathHelpersTest" assertions="3" time="0.019645"/>
        <testcase name="Qualified url accepts multiple schemes" file="Hyperlinks Url Path Helpers (Hyde\Framework\Testing\Unit\Foundation\HyperlinksUrlPathHelpers)::Qualified url accepts multiple schemes" class="Hyde\Framework\Testing\Unit\Foundation\HyperlinksUrlPathHelpersTest" classname="Hyde.Framework.Testing.Unit.Foundation.HyperlinksUrlPathHelpersTest" assertions="1" time="0.019451"/>
        <testcase name="Qualified url throws exception when no site url is set" file="Hyperlinks Url Path Helpers (Hyde\Framework\Testing\Unit\Foundation\HyperlinksUrlPathHelpers)::Qualified url throws exception when no site url is set" class="Hyde\Framework\Testing\Unit\Foundation\HyperlinksUrlPathHelpersTest" classname="Hyde.Framework.Testing.Unit.Foundation.HyperlinksUrlPathHelpersTest" assertions="2" time="0.019557"/>
        <testcase name="Helper returns expected string when site url is set" file="Hyperlinks Url Path Helpers (Hyde\Framework\Testing\Unit\Foundation\HyperlinksUrlPathHelpers)::Helper returns expected string when site url is set" class="Hyde\Framework\Testing\Unit\Foundation\HyperlinksUrlPathHelpersTest" classname="Hyde.Framework.Testing.Unit.Foundation.HyperlinksUrlPathHelpersTest" assertions="1" time="0.019500"/>
        <testcase name="Helper returns expected string when pretty urls are enabled" file="Hyperlinks Url Path Helpers (Hyde\Framework\Testing\Unit\Foundation\HyperlinksUrlPathHelpers)::Helper returns expected string when pretty urls are enabled" class="Hyde\Framework\Testing\Unit\Foundation\HyperlinksUrlPathHelpersTest" classname="Hyde.Framework.Testing.Unit.Foundation.HyperlinksUrlPathHelpersTest" assertions="3" time="0.019930"/>
      </testsuite>
      <testsuite name="Hyde\Framework\Testing\Unit\FoundationFacadesTest" file="Foundation Facades (Hyde\Framework\Testing\Unit\FoundationFacades)" tests="6" assertions="6" errors="0" failures="0" skipped="0" time="0.029783">
        <testcase name="Files facade" file="Foundation Facades (Hyde\Framework\Testing\Unit\FoundationFacades)::Files facade" class="Hyde\Framework\Testing\Unit\FoundationFacadesTest" classname="Hyde.Framework.Testing.Unit.FoundationFacadesTest" assertions="1" time="0.020138"/>
        <testcase name="Pages facade" file="Foundation Facades (Hyde\Framework\Testing\Unit\FoundationFacades)::Pages facade" class="Hyde\Framework\Testing\Unit\FoundationFacadesTest" classname="Hyde.Framework.Testing.Unit.FoundationFacadesTest" assertions="1" time="0.001943"/>
        <testcase name="Routes facade" file="Foundation Facades (Hyde\Framework\Testing\Unit\FoundationFacades)::Routes facade" class="Hyde\Framework\Testing\Unit\FoundationFacadesTest" classname="Hyde.Framework.Testing.Unit.FoundationFacadesTest" assertions="1" time="0.001924"/>
        <testcase name="Files facade uses kernel instance" file="Foundation Facades (Hyde\Framework\Testing\Unit\FoundationFacades)::Files facade uses kernel instance" class="Hyde\Framework\Testing\Unit\FoundationFacadesTest" classname="Hyde.Framework.Testing.Unit.FoundationFacadesTest" assertions="1" time="0.001946"/>
        <testcase name="Pages facade uses kernel instance" file="Foundation Facades (Hyde\Framework\Testing\Unit\FoundationFacades)::Pages facade uses kernel instance" class="Hyde\Framework\Testing\Unit\FoundationFacadesTest" classname="Hyde.Framework.Testing.Unit.FoundationFacadesTest" assertions="1" time="0.001925"/>
        <testcase name="Routes facade uses kernel instance" file="Foundation Facades (Hyde\Framework\Testing\Unit\FoundationFacades)::Routes facade uses kernel instance" class="Hyde\Framework\Testing\Unit\FoundationFacadesTest" classname="Hyde.Framework.Testing.Unit.FoundationFacadesTest" assertions="1" time="0.001908"/>
      </testsuite>
      <testsuite name="Hyde\Framework\Testing\Unit\FrontMatterModelTest" file="Front Matter Model (Hyde\Framework\Testing\Unit\FrontMatterModel)" tests="17" assertions="18" errors="0" failures="0" skipped="0" time="0.036839">
        <testcase name="Constructor creates new front matter model" file="Front Matter Model (Hyde\Framework\Testing\Unit\FrontMatterModel)::Constructor creates new front matter model" class="Hyde\Framework\Testing\Unit\FrontMatterModelTest" classname="Hyde.Framework.Testing.Unit.FrontMatterModelTest" assertions="1" time="0.007590"/>
        <testcase name="Constructor arguments are optional" file="Front Matter Model (Hyde\Framework\Testing\Unit\FrontMatterModel)::Constructor arguments are optional" class="Hyde\Framework\Testing\Unit\FrontMatterModelTest" classname="Hyde.Framework.Testing.Unit.FrontMatterModelTest" assertions="1" time="0.001803"/>
        <testcase name="Constructor arguments are assigned" file="Front Matter Model (Hyde\Framework\Testing\Unit\FrontMatterModel)::Constructor arguments are assigned" class="Hyde\Framework\Testing\Unit\FrontMatterModelTest" classname="Hyde.Framework.Testing.Unit.FrontMatterModelTest" assertions="1" time="0.001874"/>
        <testcase name="Static from array method creates new front matter model" file="Front Matter Model (Hyde\Framework\Testing\Unit\FrontMatterModel)::Static from array method creates new front matter model" class="Hyde\Framework\Testing\Unit\FrontMatterModelTest" classname="Hyde.Framework.Testing.Unit.FrontMatterModelTest" assertions="2" time="0.001924"/>
        <testcase name="To string magic method converts model array into yaml front matter" file="Front Matter Model (Hyde\Framework\Testing\Unit\FrontMatterModel)::To string magic method converts model array into yaml front matter" class="Hyde\Framework\Testing\Unit\FrontMatterModelTest" classname="Hyde.Framework.Testing.Unit.FrontMatterModelTest" assertions="1" time="0.001911"/>
        <testcase name="Magic get method returns front matter property" file="Front Matter Model (Hyde\Framework\Testing\Unit\FrontMatterModel)::Magic get method returns front matter property" class="Hyde\Framework\Testing\Unit\FrontMatterModelTest" classname="Hyde.Framework.Testing.Unit.FrontMatterModelTest" assertions="1" time="0.001824"/>
        <testcase name="Magic get method returns null if property does not exist" file="Front Matter Model (Hyde\Framework\Testing\Unit\FrontMatterModel)::Magic get method returns null if property does not exist" class="Hyde\Framework\Testing\Unit\FrontMatterModelTest" classname="Hyde.Framework.Testing.Unit.FrontMatterModelTest" assertions="1" time="0.001821"/>
        <testcase name="Get method returns data when no argument is specified" file="Front Matter Model (Hyde\Framework\Testing\Unit\FrontMatterModel)::Get method returns data when no argument is specified" class="Hyde\Framework\Testing\Unit\FrontMatterModelTest" classname="Hyde.Framework.Testing.Unit.FrontMatterModelTest" assertions="1" time="0.001856"/>
        <testcase name="Get method returns data when no argument is specified with data" file="Front Matter Model (Hyde\Framework\Testing\Unit\FrontMatterModel)::Get method returns data when no argument is specified with data" class="Hyde\Framework\Testing\Unit\FrontMatterModelTest" classname="Hyde.Framework.Testing.Unit.FrontMatterModelTest" assertions="1" time="0.001833"/>
        <testcase name="Get method returns null if specified front matter key does not exist" file="Front Matter Model (Hyde\Framework\Testing\Unit\FrontMatterModel)::Get method returns null if specified front matter key does not exist" class="Hyde\Framework\Testing\Unit\FrontMatterModelTest" classname="Hyde.Framework.Testing.Unit.FrontMatterModelTest" assertions="1" time="0.001824"/>
        <testcase name="Get method returns specified default value if property does not exist" file="Front Matter Model (Hyde\Framework\Testing\Unit\FrontMatterModel)::Get method returns specified default value if property does not exist" class="Hyde\Framework\Testing\Unit\FrontMatterModelTest" classname="Hyde.Framework.Testing.Unit.FrontMatterModelTest" assertions="1" time="0.001859"/>
        <testcase name="Get method returns specified front matter value if key is specified" file="Front Matter Model (Hyde\Framework\Testing\Unit\FrontMatterModel)::Get method returns specified front matter value if key is specified" class="Hyde\Framework\Testing\Unit\FrontMatterModelTest" classname="Hyde.Framework.Testing.Unit.FrontMatterModelTest" assertions="1" time="0.001808"/>
        <testcase name="Set method sets front matter property" file="Front Matter Model (Hyde\Framework\Testing\Unit\FrontMatterModel)::Set method sets front matter property" class="Hyde\Framework\Testing\Unit\FrontMatterModelTest" classname="Hyde.Framework.Testing.Unit.FrontMatterModelTest" assertions="1" time="0.001820"/>
        <testcase name="Set method returns self" file="Front Matter Model (Hyde\Framework\Testing\Unit\FrontMatterModel)::Set method returns self" class="Hyde\Framework\Testing\Unit\FrontMatterModelTest" classname="Hyde.Framework.Testing.Unit.FrontMatterModelTest" assertions="1" time="0.001739"/>
        <testcase name="Has method returns true if property exists" file="Front Matter Model (Hyde\Framework\Testing\Unit\FrontMatterModel)::Has method returns true if property exists" class="Hyde\Framework\Testing\Unit\FrontMatterModelTest" classname="Hyde.Framework.Testing.Unit.FrontMatterModelTest" assertions="1" time="0.001775"/>
        <testcase name="Has method returns false if property does not exist" file="Front Matter Model (Hyde\Framework\Testing\Unit\FrontMatterModel)::Has method returns false if property does not exist" class="Hyde\Framework\Testing\Unit\FrontMatterModelTest" classname="Hyde.Framework.Testing.Unit.FrontMatterModelTest" assertions="1" time="0.001792"/>
        <testcase name="To array returns front matter array" file="Front Matter Model (Hyde\Framework\Testing\Unit\FrontMatterModel)::To array returns front matter array" class="Hyde\Framework\Testing\Unit\FrontMatterModelTest" classname="Hyde.Framework.Testing.Unit.FrontMatterModelTest" assertions="1" time="0.001788"/>
      </testsuite>
      <testsuite name="Hyde\Framework\Testing\Unit\GenerateBuildManifestTest" file="Generate Build Manifest (Hyde\Framework\Testing\Unit\GenerateBuildManifest)" tests="1" assertions="15" errors="0" failures="0" skipped="0" time="0.019918">
        <testcase name="Action generates build manifest" file="Generate Build Manifest (Hyde\Framework\Testing\Unit\GenerateBuildManifest)::Action generates build manifest" class="Hyde\Framework\Testing\Unit\GenerateBuildManifestTest" classname="Hyde.Framework.Testing.Unit.GenerateBuildManifestTest" assertions="15" time="0.019918"/>
      </testsuite>
      <testsuite name="Hyde\Framework\Testing\Unit\GetLatestMarkdownPostsTest" file="Get Latest Markdown Posts (Hyde\Framework\Testing\Unit\GetLatestMarkdownPosts)" tests="1" assertions="5" errors="0" failures="0" skipped="0" time="0.030390">
        <testcase name="Markdown page get latest helper returns sorted markdown page collection" file="Get Latest Markdown Posts (Hyde\Framework\Testing\Unit\GetLatestMarkdownPosts)::Markdown page get latest helper returns sorted markdown page collection" class="Hyde\Framework\Testing\Unit\GetLatestMarkdownPostsTest" classname="Hyde.Framework.Testing.Unit.GetLatestMarkdownPostsTest" assertions="5" time="0.030390"/>
      </testsuite>
      <testsuite name="Hyde\Framework\Testing\Unit\HasTableOfContentsTest" file="Has Table Of Contents (Hyde\Framework\Testing\Unit\HasTableOfContents)" tests="1" assertions="1" errors="0" failures="0" skipped="0" time="0.006861">
        <testcase name="Constructor creates table of contents string" file="Has Table Of Contents (Hyde\Framework\Testing\Unit\HasTableOfContents)::Constructor creates table of contents string" class="Hyde\Framework\Testing\Unit\HasTableOfContentsTest" classname="Hyde.Framework.Testing.Unit.HasTableOfContentsTest" assertions="1" time="0.006861"/>
      </testsuite>
      <testsuite name="Hyde\Framework\Testing\Unit\HtmlTestingSupportMetaTest" file="Html Testing Support Meta (Hyde\Framework\Testing\Unit\HtmlTestingSupportMeta)" tests="48" assertions="110" errors="0" failures="0" skipped="0" time="0.037165">
        <testcase name="Html helper" file="Html Testing Support Meta (Hyde\Framework\Testing\Unit\HtmlTestingSupportMeta)::Html helper" class="Hyde\Framework\Testing\Unit\HtmlTestingSupportMetaTest" classname="Hyde.Framework.Testing.Unit.HtmlTestingSupportMetaTest" assertions="1" time="0.004151"/>
        <testcase name="Assert see" file="Html Testing Support Meta (Hyde\Framework\Testing\Unit\HtmlTestingSupportMeta)::Assert see" class="Hyde\Framework\Testing\Unit\HtmlTestingSupportMetaTest" classname="Hyde.Framework.Testing.Unit.HtmlTestingSupportMetaTest" assertions="2" time="0.001413"/>
        <testcase name="Assert see escaped" file="Html Testing Support Meta (Hyde\Framework\Testing\Unit\HtmlTestingSupportMeta)::Assert see escaped" class="Hyde\Framework\Testing\Unit\HtmlTestingSupportMetaTest" classname="Hyde.Framework.Testing.Unit.HtmlTestingSupportMetaTest" assertions="4" time="0.000613"/>
        <testcase name="Tap element" file="Html Testing Support Meta (Hyde\Framework\Testing\Unit\HtmlTestingSupportMeta)::Tap element" class="Hyde\Framework\Testing\Unit\HtmlTestingSupportMetaTest" classname="Hyde.Framework.Testing.Unit.HtmlTestingSupportMetaTest" assertions="2" time="0.001192"/>
        <testcase name="Tap element using id" file="Html Testing Support Meta (Hyde\Framework\Testing\Unit\HtmlTestingSupportMeta)::Tap element using id" class="Hyde\Framework\Testing\Unit\HtmlTestingSupportMetaTest" classname="Hyde.Framework.Testing.Unit.HtmlTestingSupportMetaTest" assertions="2" time="0.000463"/>
        <testcase name="Get element using query" file="Html Testing Support Meta (Hyde\Framework\Testing\Unit\HtmlTestingSupportMeta)::Get element using query" class="Hyde\Framework\Testing\Unit\HtmlTestingSupportMetaTest" classname="Hyde.Framework.Testing.Unit.HtmlTestingSupportMetaTest" assertions="2" time="0.001198"/>
        <testcase name="Get root element" file="Html Testing Support Meta (Hyde\Framework\Testing\Unit\HtmlTestingSupportMeta)::Get root element" class="Hyde\Framework\Testing\Unit\HtmlTestingSupportMetaTest" classname="Hyde.Framework.Testing.Unit.HtmlTestingSupportMetaTest" assertions="2" time="0.000444"/>
        <testcase name="Get element by id" file="Html Testing Support Meta (Hyde\Framework\Testing\Unit\HtmlTestingSupportMeta)::Get element by id" class="Hyde\Framework\Testing\Unit\HtmlTestingSupportMetaTest" classname="Hyde.Framework.Testing.Unit.HtmlTestingSupportMetaTest" assertions="3" time="0.000514"/>
        <testcase name="Element using id" file="Html Testing Support Meta (Hyde\Framework\Testing\Unit\HtmlTestingSupportMeta)::Element using id" class="Hyde\Framework\Testing\Unit\HtmlTestingSupportMetaTest" classname="Hyde.Framework.Testing.Unit.HtmlTestingSupportMetaTest" assertions="3" time="0.000552"/>
        <testcase name="Element using selector" file="Html Testing Support Meta (Hyde\Framework\Testing\Unit\HtmlTestingSupportMeta)::Element using selector" class="Hyde\Framework\Testing\Unit\HtmlTestingSupportMetaTest" classname="Hyde.Framework.Testing.Unit.HtmlTestingSupportMetaTest" assertions="3" time="0.000596"/>
        <testcase name="Element using unknown syntax" file="Html Testing Support Meta (Hyde\Framework\Testing\Unit\HtmlTestingSupportMeta)::Element using unknown syntax" class="Hyde\Framework\Testing\Unit\HtmlTestingSupportMetaTest" classname="Hyde.Framework.Testing.Unit.HtmlTestingSupportMetaTest" assertions="2" time="0.000479"/>
        <testcase name="Get elements by class" file="Html Testing Support Meta (Hyde\Framework\Testing\Unit\HtmlTestingSupportMeta)::Get elements by class" class="Hyde\Framework\Testing\Unit\HtmlTestingSupportMetaTest" classname="Hyde.Framework.Testing.Unit.HtmlTestingSupportMetaTest" assertions="2" time="0.000501"/>
        <testcase name="Get elements by class types" file="Html Testing Support Meta (Hyde\Framework\Testing\Unit\HtmlTestingSupportMeta)::Get elements by class types" class="Hyde\Framework\Testing\Unit\HtmlTestingSupportMetaTest" classname="Hyde.Framework.Testing.Unit.HtmlTestingSupportMetaTest" assertions="3" time="0.000590"/>
        <testcase name="Get elements by class with child nodes" file="Html Testing Support Meta (Hyde\Framework\Testing\Unit\HtmlTestingSupportMeta)::Get elements by class with child nodes" class="Hyde\Framework\Testing\Unit\HtmlTestingSupportMetaTest" classname="Hyde.Framework.Testing.Unit.HtmlTestingSupportMetaTest" assertions="3" time="0.000662"/>
        <testcase name="Fluent class assertions" file="Html Testing Support Meta (Hyde\Framework\Testing\Unit\HtmlTestingSupportMeta)::Fluent class assertions" class="Hyde\Framework\Testing\Unit\HtmlTestingSupportMetaTest" classname="Hyde.Framework.Testing.Unit.HtmlTestingSupportMetaTest" assertions="7" time="0.000707"/>
        <testcase name="Query" file="Html Testing Support Meta (Hyde\Framework\Testing\Unit\HtmlTestingSupportMeta)::Query" class="Hyde\Framework\Testing\Unit\HtmlTestingSupportMetaTest" classname="Hyde.Framework.Testing.Unit.HtmlTestingSupportMetaTest" assertions="3" time="0.001961"/>
        <testcase name="Query with edge cases" file="Html Testing Support Meta (Hyde\Framework\Testing\Unit\HtmlTestingSupportMeta)::Query with edge cases" class="Hyde\Framework\Testing\Unit\HtmlTestingSupportMetaTest" classname="Hyde.Framework.Testing.Unit.HtmlTestingSupportMetaTest" assertions="8" time="0.001063"/>
        <testcase name="Dump helper" file="Html Testing Support Meta (Hyde\Framework\Testing\Unit\HtmlTestingSupportMeta)::Dump helper" class="Hyde\Framework\Testing\Unit\HtmlTestingSupportMetaTest" classname="Hyde.Framework.Testing.Unit.HtmlTestingSupportMetaTest" assertions="5" time="0.002625"/>
        <testcase name="Get structure" file="Html Testing Support Meta (Hyde\Framework\Testing\Unit\HtmlTestingSupportMeta)::Get structure" class="Hyde\Framework\Testing\Unit\HtmlTestingSupportMetaTest" classname="Hyde.Framework.Testing.Unit.HtmlTestingSupportMetaTest" assertions="1" time="0.000530"/>
        <testcase name="Get text representation" file="Html Testing Support Meta (Hyde\Framework\Testing\Unit\HtmlTestingSupportMeta)::Get text representation" class="Hyde\Framework\Testing\Unit\HtmlTestingSupportMetaTest" classname="Hyde.Framework.Testing.Unit.HtmlTestingSupportMetaTest" assertions="1" time="0.000526"/>
        <testcase name="Get text representation with multiple lines" file="Html Testing Support Meta (Hyde\Framework\Testing\Unit\HtmlTestingSupportMeta)::Get text representation with multiple lines" class="Hyde\Framework\Testing\Unit\HtmlTestingSupportMetaTest" classname="Hyde.Framework.Testing.Unit.HtmlTestingSupportMetaTest" assertions="1" time="0.000682"/>
        <testcase name="Complex text representation parsing" file="Html Testing Support Meta (Hyde\Framework\Testing\Unit\HtmlTestingSupportMeta)::Complex text representation parsing" class="Hyde\Framework\Testing\Unit\HtmlTestingSupportMetaTest" classname="Hyde.Framework.Testing.Unit.HtmlTestingSupportMetaTest" assertions="1" time="0.001352"/>
        <testcase name="Assert structure looks like" file="Html Testing Support Meta (Hyde\Framework\Testing\Unit\HtmlTestingSupportMeta)::Assert structure looks like" class="Hyde\Framework\Testing\Unit\HtmlTestingSupportMetaTest" classname="Hyde.Framework.Testing.Unit.HtmlTestingSupportMetaTest" assertions="1" time="0.000566"/>
        <testcase name="Assert looks like" file="Html Testing Support Meta (Hyde\Framework\Testing\Unit\HtmlTestingSupportMeta)::Assert looks like" class="Hyde\Framework\Testing\Unit\HtmlTestingSupportMetaTest" classname="Hyde.Framework.Testing.Unit.HtmlTestingSupportMetaTest" assertions="1" time="0.000532"/>
        <testcase name="Element instance" file="Html Testing Support Meta (Hyde\Framework\Testing\Unit\HtmlTestingSupportMeta)::Element instance" class="Hyde\Framework\Testing\Unit\HtmlTestingSupportMetaTest" classname="Hyde.Framework.Testing.Unit.HtmlTestingSupportMetaTest" assertions="1" time="0.000413"/>
        <testcase name="Element tag" file="Html Testing Support Meta (Hyde\Framework\Testing\Unit\HtmlTestingSupportMeta)::Element tag" class="Hyde\Framework\Testing\Unit\HtmlTestingSupportMetaTest" classname="Hyde.Framework.Testing.Unit.HtmlTestingSupportMetaTest" assertions="1" time="0.000403"/>
        <testcase name="Element text" file="Html Testing Support Meta (Hyde\Framework\Testing\Unit\HtmlTestingSupportMeta)::Element text" class="Hyde\Framework\Testing\Unit\HtmlTestingSupportMetaTest" classname="Hyde.Framework.Testing.Unit.HtmlTestingSupportMetaTest" assertions="1" time="0.000396"/>
        <testcase name="Element html" file="Html Testing Support Meta (Hyde\Framework\Testing\Unit\HtmlTestingSupportMeta)::Element html" class="Hyde\Framework\Testing\Unit\HtmlTestingSupportMetaTest" classname="Hyde.Framework.Testing.Unit.HtmlTestingSupportMetaTest" assertions="1" time="0.000395"/>
        <testcase name="Element id" file="Html Testing Support Meta (Hyde\Framework\Testing\Unit\HtmlTestingSupportMeta)::Element id" class="Hyde\Framework\Testing\Unit\HtmlTestingSupportMetaTest" classname="Hyde.Framework.Testing.Unit.HtmlTestingSupportMetaTest" assertions="2" time="0.000454"/>
        <testcase name="Element classes" file="Html Testing Support Meta (Hyde\Framework\Testing\Unit\HtmlTestingSupportMeta)::Element classes" class="Hyde\Framework\Testing\Unit\HtmlTestingSupportMetaTest" classname="Hyde.Framework.Testing.Unit.HtmlTestingSupportMetaTest" assertions="2" time="0.000555"/>
        <testcase name="Element attributes" file="Html Testing Support Meta (Hyde\Framework\Testing\Unit\HtmlTestingSupportMeta)::Element attributes" class="Hyde\Framework\Testing\Unit\HtmlTestingSupportMetaTest" classname="Hyde.Framework.Testing.Unit.HtmlTestingSupportMetaTest" assertions="2" time="0.000549"/>
        <testcase name="Element nodes" file="Html Testing Support Meta (Hyde\Framework\Testing\Unit\HtmlTestingSupportMeta)::Element nodes" class="Hyde\Framework\Testing\Unit\HtmlTestingSupportMetaTest" classname="Hyde.Framework.Testing.Unit.HtmlTestingSupportMetaTest" assertions="1" time="0.000395"/>
        <testcase name="Element nodes with child" file="Html Testing Support Meta (Hyde\Framework\Testing\Unit\HtmlTestingSupportMeta)::Element nodes with child" class="Hyde\Framework\Testing\Unit\HtmlTestingSupportMetaTest" classname="Hyde.Framework.Testing.Unit.HtmlTestingSupportMetaTest" assertions="3" time="0.000488"/>
        <testcase name="Element nodes with children" file="Html Testing Support Meta (Hyde\Framework\Testing\Unit\HtmlTestingSupportMeta)::Element nodes with children" class="Hyde\Framework\Testing\Unit\HtmlTestingSupportMetaTest" classname="Hyde.Framework.Testing.Unit.HtmlTestingSupportMetaTest" assertions="7" time="0.000658"/>
        <testcase name="Element to array" file="Html Testing Support Meta (Hyde\Framework\Testing\Unit\HtmlTestingSupportMeta)::Element to array" class="Hyde\Framework\Testing\Unit\HtmlTestingSupportMetaTest" classname="Hyde.Framework.Testing.Unit.HtmlTestingSupportMetaTest" assertions="1" time="0.000496"/>
        <testcase name="To array with children" file="Html Testing Support Meta (Hyde\Framework\Testing\Unit\HtmlTestingSupportMeta)::To array with children" class="Hyde\Framework\Testing\Unit\HtmlTestingSupportMetaTest" classname="Hyde.Framework.Testing.Unit.HtmlTestingSupportMetaTest" assertions="2" time="0.001362"/>
        <testcase name="To array with attributes" file="Html Testing Support Meta (Hyde\Framework\Testing\Unit\HtmlTestingSupportMeta)::To array with attributes" class="Hyde\Framework\Testing\Unit\HtmlTestingSupportMetaTest" classname="Hyde.Framework.Testing.Unit.HtmlTestingSupportMetaTest" assertions="1" time="0.000557"/>
        <testcase name="Element assert has id" file="Html Testing Support Meta (Hyde\Framework\Testing\Unit\HtmlTestingSupportMeta)::Element assert has id" class="Hyde\Framework\Testing\Unit\HtmlTestingSupportMetaTest" classname="Hyde.Framework.Testing.Unit.HtmlTestingSupportMetaTest" assertions="1" time="0.000420"/>
        <testcase name="Element assert does not have id" file="Html Testing Support Meta (Hyde\Framework\Testing\Unit\HtmlTestingSupportMeta)::Element assert does not have id" class="Hyde\Framework\Testing\Unit\HtmlTestingSupportMetaTest" classname="Hyde.Framework.Testing.Unit.HtmlTestingSupportMetaTest" assertions="1" time="0.000442"/>
        <testcase name="Element assert has class" file="Html Testing Support Meta (Hyde\Framework\Testing\Unit\HtmlTestingSupportMeta)::Element assert has class" class="Hyde\Framework\Testing\Unit\HtmlTestingSupportMetaTest" classname="Hyde.Framework.Testing.Unit.HtmlTestingSupportMetaTest" assertions="1" time="0.000629"/>
        <testcase name="Element assert does not have class" file="Html Testing Support Meta (Hyde\Framework\Testing\Unit\HtmlTestingSupportMeta)::Element assert does not have class" class="Hyde\Framework\Testing\Unit\HtmlTestingSupportMetaTest" classname="Hyde.Framework.Testing.Unit.HtmlTestingSupportMetaTest" assertions="1" time="0.000488"/>
        <testcase name="Element assert has attribute" file="Html Testing Support Meta (Hyde\Framework\Testing\Unit\HtmlTestingSupportMeta)::Element assert has attribute" class="Hyde\Framework\Testing\Unit\HtmlTestingSupportMetaTest" classname="Hyde.Framework.Testing.Unit.HtmlTestingSupportMetaTest" assertions="1" time="0.000472"/>
        <testcase name="Element assert does not have attribute" file="Html Testing Support Meta (Hyde\Framework\Testing\Unit\HtmlTestingSupportMeta)::Element assert does not have attribute" class="Hyde\Framework\Testing\Unit\HtmlTestingSupportMetaTest" classname="Hyde.Framework.Testing.Unit.HtmlTestingSupportMetaTest" assertions="1" time="0.000477"/>
        <testcase name="Element assert has attribute with value" file="Html Testing Support Meta (Hyde\Framework\Testing\Unit\HtmlTestingSupportMeta)::Element assert has attribute with value" class="Hyde\Framework\Testing\Unit\HtmlTestingSupportMetaTest" classname="Hyde.Framework.Testing.Unit.HtmlTestingSupportMetaTest" assertions="2" time="0.000509"/>
        <testcase name="Element assert has attribute with wrong value" file="Html Testing Support Meta (Hyde\Framework\Testing\Unit\HtmlTestingSupportMeta)::Element assert has attribute with wrong value" class="Hyde\Framework\Testing\Unit\HtmlTestingSupportMetaTest" classname="Hyde.Framework.Testing.Unit.HtmlTestingSupportMetaTest" assertions="3" time="0.000831"/>
        <testcase name="Element assert has attribute forwards id assertions" file="Html Testing Support Meta (Hyde\Framework\Testing\Unit\HtmlTestingSupportMeta)::Element assert has attribute forwards id assertions" class="Hyde\Framework\Testing\Unit\HtmlTestingSupportMetaTest" classname="Hyde.Framework.Testing.Unit.HtmlTestingSupportMetaTest" assertions="1" time="0.000471"/>
        <testcase name="Element assert has attribute forwards class assertions" file="Html Testing Support Meta (Hyde\Framework\Testing\Unit\HtmlTestingSupportMeta)::Element assert has attribute forwards class assertions" class="Hyde\Framework\Testing\Unit\HtmlTestingSupportMetaTest" classname="Hyde.Framework.Testing.Unit.HtmlTestingSupportMetaTest" assertions="1" time="0.000483"/>
        <testcase name="Assertion calls on document are forwarded to root element" file="Html Testing Support Meta (Hyde\Framework\Testing\Unit\HtmlTestingSupportMeta)::Assertion calls on document are forwarded to root element" class="Hyde\Framework\Testing\Unit\HtmlTestingSupportMetaTest" classname="Hyde.Framework.Testing.Unit.HtmlTestingSupportMetaTest" assertions="9" time="0.000910"/>
      </testsuite>
      <testsuite name="Hyde\Framework\Testing\Unit\HydeBasePathCanBeChangedTest" file="Hyde Base Path Can Be Changed (Hyde\Framework\Testing\Unit\HydeBasePathCanBeChanged)" tests="1" assertions="2" errors="0" failures="0" skipped="0" time="0.040183">
        <testcase name="Hyde base path can be changed" file="Hyde Base Path Can Be Changed (Hyde\Framework\Testing\Unit\HydeBasePathCanBeChanged)::Hyde base path can be changed" class="Hyde\Framework\Testing\Unit\HydeBasePathCanBeChangedTest" classname="Hyde.Framework.Testing.Unit.HydeBasePathCanBeChangedTest" assertions="2" time="0.040183"/>
      </testsuite>
      <testsuite name="Hyde\Framework\Testing\Unit\HydeConfigFilesAreMatchingTest" file="Hyde Config Files Are Matching (Hyde\Framework\Testing\Unit\HydeConfigFilesAreMatching)" tests="3" assertions="0" errors="0" failures="0" skipped="3" time="0.000000">
        <testcase name="Hyde config files are matching" file="Hyde Config Files Are Matching (Hyde\Framework\Testing\Unit\HydeConfigFilesAreMatching)::Hyde config files are matching" class="Hyde\Framework\Testing\Unit\HydeConfigFilesAreMatchingTest" classname="Hyde.Framework.Testing.Unit.HydeConfigFilesAreMatchingTest" assertions="0" time="0.000000">
          <skipped/>
        </testcase>
        <testcase name="Docs config files are matching" file="Hyde Config Files Are Matching (Hyde\Framework\Testing\Unit\HydeConfigFilesAreMatching)::Docs config files are matching" class="Hyde\Framework\Testing\Unit\HydeConfigFilesAreMatchingTest" classname="Hyde.Framework.Testing.Unit.HydeConfigFilesAreMatchingTest" assertions="0" time="0.000000">
          <skipped/>
        </testcase>
        <testcase name="Markdown config files are matching" file="Hyde Config Files Are Matching (Hyde\Framework\Testing\Unit\HydeConfigFilesAreMatching)::Markdown config files are matching" class="Hyde\Framework\Testing\Unit\HydeConfigFilesAreMatchingTest" classname="Hyde.Framework.Testing.Unit.HydeConfigFilesAreMatchingTest" assertions="0" time="0.000000">
          <skipped/>
        </testcase>
      </testsuite>
      <testsuite name="Hyde\Framework\Testing\Unit\HydeFileHelpersTest" file="Hyde File Helpers (Hyde\Framework\Testing\Unit\HydeFileHelpers)" tests="4" assertions="4" errors="0" failures="0" skipped="0" time="0.086849">
        <testcase name="Current page returns current page view property" file="Hyde File Helpers (Hyde\Framework\Testing\Unit\HydeFileHelpers)::Current page returns current page view property" class="Hyde\Framework\Testing\Unit\HydeFileHelpersTest" classname="Hyde.Framework.Testing.Unit.HydeFileHelpersTest" assertions="1" time="0.023903"/>
        <testcase name="Current page falls back to null string if current page view property is not set" file="Hyde File Helpers (Hyde\Framework\Testing\Unit\HydeFileHelpers)::Current page falls back to null string if current page view property is not set" class="Hyde\Framework\Testing\Unit\HydeFileHelpersTest" classname="Hyde.Framework.Testing.Unit.HydeFileHelpersTest" assertions="1" time="0.019551"/>
        <testcase name="Current route returns current route view property" file="Hyde File Helpers (Hyde\Framework\Testing\Unit\HydeFileHelpers)::Current route returns current route view property" class="Hyde\Framework\Testing\Unit\HydeFileHelpersTest" classname="Hyde.Framework.Testing.Unit.HydeFileHelpersTest" assertions="1" time="0.024032"/>
        <testcase name="Current route falls back to null if current route view property is not set" file="Hyde File Helpers (Hyde\Framework\Testing\Unit\HydeFileHelpers)::Current route falls back to null if current route view property is not set" class="Hyde\Framework\Testing\Unit\HydeFileHelpersTest" classname="Hyde.Framework.Testing.Unit.HydeFileHelpersTest" assertions="1" time="0.019363"/>
      </testsuite>
      <testsuite name="Hyde\Framework\Testing\Unit\HydeGetBasePathHasFallbackTest" file="Hyde Get Base Path Has Fallback (Hyde\Framework\Testing\Unit\HydeGetBasePathHasFallback)" tests="1" assertions="1" errors="0" failures="0" skipped="0" time="0.008108">
        <testcase name="Hyde get base path falls back to current working directory" file="Hyde Get Base Path Has Fallback (Hyde\Framework\Testing\Unit\HydeGetBasePathHasFallback)::Hyde get base path falls back to current working directory" class="Hyde\Framework\Testing\Unit\HydeGetBasePathHasFallbackTest" classname="Hyde.Framework.Testing.Unit.HydeGetBasePathHasFallbackTest" assertions="1" time="0.008108"/>
      </testsuite>
      <testsuite name="Hyde\Framework\Testing\Unit\HydeHelperFacadeMakeTitleTest" file="Hyde Helper Facade Make Title (Hyde\Framework\Testing\Unit\HydeHelperFacadeMakeTitle)" tests="9" assertions="13" errors="0" failures="0" skipped="0" time="0.018217">
        <testcase name="Make title helper parses kebab case into title" file="Hyde Helper Facade Make Title (Hyde\Framework\Testing\Unit\HydeHelperFacadeMakeTitle)::Make title helper parses kebab case into title" class="Hyde\Framework\Testing\Unit\HydeHelperFacadeMakeTitleTest" classname="Hyde.Framework.Testing.Unit.HydeHelperFacadeMakeTitleTest" assertions="1" time="0.003572"/>
        <testcase name="Make title helper parses snake case into title" file="Hyde Helper Facade Make Title (Hyde\Framework\Testing\Unit\HydeHelperFacadeMakeTitle)::Make title helper parses snake case into title" class="Hyde\Framework\Testing\Unit\HydeHelperFacadeMakeTitleTest" classname="Hyde.Framework.Testing.Unit.HydeHelperFacadeMakeTitleTest" assertions="1" time="0.001791"/>
        <testcase name="Make title helper parses camel case into title" file="Hyde Helper Facade Make Title (Hyde\Framework\Testing\Unit\HydeHelperFacadeMakeTitle)::Make title helper parses camel case into title" class="Hyde\Framework\Testing\Unit\HydeHelperFacadeMakeTitleTest" classname="Hyde.Framework.Testing.Unit.HydeHelperFacadeMakeTitleTest" assertions="1" time="0.001804"/>
        <testcase name="Make title helper parses pascal case into title" file="Hyde Helper Facade Make Title (Hyde\Framework\Testing\Unit\HydeHelperFacadeMakeTitle)::Make title helper parses pascal case into title" class="Hyde\Framework\Testing\Unit\HydeHelperFacadeMakeTitleTest" classname="Hyde.Framework.Testing.Unit.HydeHelperFacadeMakeTitleTest" assertions="1" time="0.001777"/>
        <testcase name="Make title helper parses title case into title" file="Hyde Helper Facade Make Title (Hyde\Framework\Testing\Unit\HydeHelperFacadeMakeTitle)::Make title helper parses title case into title" class="Hyde\Framework\Testing\Unit\HydeHelperFacadeMakeTitleTest" classname="Hyde.Framework.Testing.Unit.HydeHelperFacadeMakeTitleTest" assertions="1" time="0.001772"/>
        <testcase name="Make title helper parses title case with spaces into title" file="Hyde Helper Facade Make Title (Hyde\Framework\Testing\Unit\HydeHelperFacadeMakeTitle)::Make title helper parses title case with spaces into title" class="Hyde\Framework\Testing\Unit\HydeHelperFacadeMakeTitleTest" classname="Hyde.Framework.Testing.Unit.HydeHelperFacadeMakeTitleTest" assertions="1" time="0.001812"/>
        <testcase name="Make title helper does not capitalize auxiliary words" file="Hyde Helper Facade Make Title (Hyde\Framework\Testing\Unit\HydeHelperFacadeMakeTitle)::Make title helper does not capitalize auxiliary words" class="Hyde\Framework\Testing\Unit\HydeHelperFacadeMakeTitleTest" classname="Hyde.Framework.Testing.Unit.HydeHelperFacadeMakeTitleTest" assertions="1" time="0.001774"/>
        <testcase name="Make title helper does not modify only uppercase input" file="Hyde Helper Facade Make Title (Hyde\Framework\Testing\Unit\HydeHelperFacadeMakeTitle)::Make title helper does not modify only uppercase input" class="Hyde\Framework\Testing\Unit\HydeHelperFacadeMakeTitleTest" classname="Hyde.Framework.Testing.Unit.HydeHelperFacadeMakeTitleTest" assertions="3" time="0.001945"/>
        <testcase name="Make title helper modifies partially uppercase input" file="Hyde Helper Facade Make Title (Hyde\Framework\Testing\Unit\HydeHelperFacadeMakeTitle)::Make title helper modifies partially uppercase input" class="Hyde\Framework\Testing\Unit\HydeHelperFacadeMakeTitleTest" classname="Hyde.Framework.Testing.Unit.HydeHelperFacadeMakeTitleTest" assertions="3" time="0.001971"/>
      </testsuite>
      <testsuite name="Hyde\Framework\Testing\Unit\HydeHelperFacadeTest" file="Hyde Helper Facade (Hyde\Framework\Testing\Unit\HydeHelperFacade)" tests="3" assertions="3" errors="0" failures="0" skipped="0" time="0.066528">
        <testcase name="Features facade returns instance of features class" file="Hyde Helper Facade (Hyde\Framework\Testing\Unit\HydeHelperFacade)::Features facade returns instance of features class" class="Hyde\Framework\Testing\Unit\HydeHelperFacadeTest" classname="Hyde.Framework.Testing.Unit.HydeHelperFacadeTest" assertions="1" time="0.027508"/>
        <testcase name="Features facade can be used to call static methods on features class" file="Hyde Helper Facade (Hyde\Framework\Testing\Unit\HydeHelperFacade)::Features facade can be used to call static methods on features class" class="Hyde\Framework\Testing\Unit\HydeHelperFacadeTest" classname="Hyde.Framework.Testing.Unit.HydeHelperFacadeTest" assertions="1" time="0.019453"/>
        <testcase name="Hyde has feature shorthand calls static method on features class" file="Hyde Helper Facade (Hyde\Framework\Testing\Unit\HydeHelperFacade)::Hyde has feature shorthand calls static method on features class" class="Hyde\Framework\Testing\Unit\HydeHelperFacadeTest" classname="Hyde.Framework.Testing.Unit.HydeHelperFacadeTest" assertions="1" time="0.019566"/>
      </testsuite>
      <testsuite name="Hyde\Framework\Testing\Unit\HydePageDataFactoryTest" file="Hyde Page Data Factory (Hyde\Framework\Testing\Unit\HydePageDataFactory)" tests="10" assertions="10" errors="0" failures="0" skipped="0" time="0.038727">
        <testcase name="Can construct" file="Hyde Page Data Factory (Hyde\Framework\Testing\Unit\HydePageDataFactory)::Can construct" class="Hyde\Framework\Testing\Unit\HydePageDataFactoryTest" classname="Hyde.Framework.Testing.Unit.HydePageDataFactoryTest" assertions="1" time="0.007670"/>
        <testcase name="To array contains expected keys" file="Hyde Page Data Factory (Hyde\Framework\Testing\Unit\HydePageDataFactory)::To array contains expected keys" class="Hyde\Framework\Testing\Unit\HydePageDataFactoryTest" classname="Hyde.Framework.Testing.Unit.HydePageDataFactoryTest" assertions="1" time="0.003401"/>
        <testcase name="Can create title from matter" file="Hyde Page Data Factory (Hyde\Framework\Testing\Unit\HydePageDataFactory)::Can create title from matter" class="Hyde\Framework\Testing\Unit\HydePageDataFactoryTest" classname="Hyde.Framework.Testing.Unit.HydePageDataFactoryTest" assertions="1" time="0.003386"/>
        <testcase name="Can create title from markdown" file="Hyde Page Data Factory (Hyde\Framework\Testing\Unit\HydePageDataFactory)::Can create title from markdown" class="Hyde\Framework\Testing\Unit\HydePageDataFactoryTest" classname="Hyde.Framework.Testing.Unit.HydePageDataFactoryTest" assertions="1" time="0.003387"/>
        <testcase name="Title prefers matter" file="Hyde Page Data Factory (Hyde\Framework\Testing\Unit\HydePageDataFactory)::Title prefers matter" class="Hyde\Framework\Testing\Unit\HydePageDataFactoryTest" classname="Hyde.Framework.Testing.Unit.HydePageDataFactoryTest" assertions="1" time="0.003353"/>
        <testcase name="Title falls back to identifier" file="Hyde Page Data Factory (Hyde\Framework\Testing\Unit\HydePageDataFactory)::Title falls back to identifier" class="Hyde\Framework\Testing\Unit\HydePageDataFactoryTest" classname="Hyde.Framework.Testing.Unit.HydePageDataFactoryTest" assertions="1" time="0.003475"/>
        <testcase name="Title falls back to identifier basename" file="Hyde Page Data Factory (Hyde\Framework\Testing\Unit\HydePageDataFactory)::Title falls back to identifier basename" class="Hyde\Framework\Testing\Unit\HydePageDataFactoryTest" classname="Hyde.Framework.Testing.Unit.HydePageDataFactoryTest" assertions="1" time="0.003518"/>
        <testcase name="Index page titles can be created from parent identifier basename" file="Hyde Page Data Factory (Hyde\Framework\Testing\Unit\HydePageDataFactory)::Index page titles can be created from parent identifier basename" class="Hyde\Framework\Testing\Unit\HydePageDataFactoryTest" classname="Hyde.Framework.Testing.Unit.HydePageDataFactoryTest" assertions="1" time="0.003582"/>
        <testcase name="Index page titles can be created from nested parent identifier basename" file="Hyde Page Data Factory (Hyde\Framework\Testing\Unit\HydePageDataFactory)::Index page titles can be created from nested parent identifier basename" class="Hyde\Framework\Testing\Unit\HydePageDataFactoryTest" classname="Hyde.Framework.Testing.Unit.HydePageDataFactoryTest" assertions="1" time="0.003642"/>
        <testcase name="Navigation data is generated by navigation data factory" file="Hyde Page Data Factory (Hyde\Framework\Testing\Unit\HydePageDataFactory)::Navigation data is generated by navigation data factory" class="Hyde\Framework\Testing\Unit\HydePageDataFactoryTest" classname="Hyde.Framework.Testing.Unit.HydePageDataFactoryTest" assertions="1" time="0.003313"/>
      </testsuite>
      <testsuite name="Hyde\Framework\Testing\Unit\HydePageSerializableUnitTest" file="Hyde Page Serializable Unit (Hyde\Framework\Testing\Unit\HydePageSerializableUnit)" tests="24" assertions="24" errors="0" failures="0" skipped="0" time="0.087634">
        <testcase name="To array" file="Hyde Page Serializable Unit (Hyde\Framework\Testing\Unit\HydePageSerializableUnit)::To array" class="Hyde\Framework\Testing\Unit\HydePageSerializableUnitTest" classname="Hyde.Framework.Testing.Unit.HydePageSerializableUnitTest" assertions="1" time="0.013139"/>
        <testcase name="Json serialize uses array serialize" file="Hyde Page Serializable Unit (Hyde\Framework\Testing\Unit\HydePageSerializableUnit)::Json serialize uses array serialize" class="Hyde\Framework\Testing\Unit\HydePageSerializableUnitTest" classname="Hyde.Framework.Testing.Unit.HydePageSerializableUnitTest" assertions="1" time="0.003252"/>
        <testcase name="To json uses json encoded object" file="Hyde Page Serializable Unit (Hyde\Framework\Testing\Unit\HydePageSerializableUnit)::To json uses json encoded object" class="Hyde\Framework\Testing\Unit\HydePageSerializableUnitTest" classname="Hyde.Framework.Testing.Unit.HydePageSerializableUnitTest" assertions="1" time="0.003226"/>
        <testcase name="To json uses json encoded array" file="Hyde Page Serializable Unit (Hyde\Framework\Testing\Unit\HydePageSerializableUnit)::To json uses json encoded array" class="Hyde\Framework\Testing\Unit\HydePageSerializableUnitTest" classname="Hyde.Framework.Testing.Unit.HydePageSerializableUnitTest" assertions="1" time="0.003253"/>
        <testcase name="Hyde page to array keys" file="Hyde Page Serializable Unit (Hyde\Framework\Testing\Unit\HydePageSerializableUnit)::Hyde page to array keys" class="Hyde\Framework\Testing\Unit\HydePageSerializableUnitTest" classname="Hyde.Framework.Testing.Unit.HydePageSerializableUnitTest" assertions="1" time="0.003143"/>
        <testcase name="Html page to array keys" file="Hyde Page Serializable Unit (Hyde\Framework\Testing\Unit\HydePageSerializableUnit)::Html page to array keys" class="Hyde\Framework\Testing\Unit\HydePageSerializableUnitTest" classname="Hyde.Framework.Testing.Unit.HydePageSerializableUnitTest" assertions="1" time="0.003133"/>
        <testcase name="Blade page to array keys" file="Hyde Page Serializable Unit (Hyde\Framework\Testing\Unit\HydePageSerializableUnit)::Blade page to array keys" class="Hyde\Framework\Testing\Unit\HydePageSerializableUnitTest" classname="Hyde.Framework.Testing.Unit.HydePageSerializableUnitTest" assertions="1" time="0.003181"/>
        <testcase name="Markdown page to array keys" file="Hyde Page Serializable Unit (Hyde\Framework\Testing\Unit\HydePageSerializableUnit)::Markdown page to array keys" class="Hyde\Framework\Testing\Unit\HydePageSerializableUnitTest" classname="Hyde.Framework.Testing.Unit.HydePageSerializableUnitTest" assertions="1" time="0.003206"/>
        <testcase name="Markdown post to array keys" file="Hyde Page Serializable Unit (Hyde\Framework\Testing\Unit\HydePageSerializableUnit)::Markdown post to array keys" class="Hyde\Framework\Testing\Unit\HydePageSerializableUnitTest" classname="Hyde.Framework.Testing.Unit.HydePageSerializableUnitTest" assertions="1" time="0.003774"/>
        <testcase name="Documentation page to array keys" file="Hyde Page Serializable Unit (Hyde\Framework\Testing\Unit\HydePageSerializableUnit)::Documentation page to array keys" class="Hyde\Framework\Testing\Unit\HydePageSerializableUnitTest" classname="Hyde.Framework.Testing.Unit.HydePageSerializableUnitTest" assertions="1" time="0.003205"/>
        <testcase name="Hyde page to array contents" file="Hyde Page Serializable Unit (Hyde\Framework\Testing\Unit\HydePageSerializableUnit)::Hyde page to array contents" class="Hyde\Framework\Testing\Unit\HydePageSerializableUnitTest" classname="Hyde.Framework.Testing.Unit.HydePageSerializableUnitTest" assertions="1" time="0.003037"/>
        <testcase name="Html page to array contents" file="Hyde Page Serializable Unit (Hyde\Framework\Testing\Unit\HydePageSerializableUnit)::Html page to array contents" class="Hyde\Framework\Testing\Unit\HydePageSerializableUnitTest" classname="Hyde.Framework.Testing.Unit.HydePageSerializableUnitTest" assertions="1" time="0.003011"/>
        <testcase name="Blade page to array contents" file="Hyde Page Serializable Unit (Hyde\Framework\Testing\Unit\HydePageSerializableUnit)::Blade page to array contents" class="Hyde\Framework\Testing\Unit\HydePageSerializableUnitTest" classname="Hyde.Framework.Testing.Unit.HydePageSerializableUnitTest" assertions="1" time="0.003066"/>
        <testcase name="Markdown page to array contents" file="Hyde Page Serializable Unit (Hyde\Framework\Testing\Unit\HydePageSerializableUnit)::Markdown page to array contents" class="Hyde\Framework\Testing\Unit\HydePageSerializableUnitTest" classname="Hyde.Framework.Testing.Unit.HydePageSerializableUnitTest" assertions="1" time="0.003093"/>
        <testcase name="Markdown post to array contents" file="Hyde Page Serializable Unit (Hyde\Framework\Testing\Unit\HydePageSerializableUnit)::Markdown post to array contents" class="Hyde\Framework\Testing\Unit\HydePageSerializableUnitTest" classname="Hyde.Framework.Testing.Unit.HydePageSerializableUnitTest" assertions="1" time="0.003604"/>
        <testcase name="Documentation page to array contents" file="Hyde Page Serializable Unit (Hyde\Framework\Testing\Unit\HydePageSerializableUnit)::Documentation page to array contents" class="Hyde\Framework\Testing\Unit\HydePageSerializableUnitTest" classname="Hyde.Framework.Testing.Unit.HydePageSerializableUnitTest" assertions="1" time="0.003104"/>
        <testcase name="Json encoded output" file="Hyde Page Serializable Unit (Hyde\Framework\Testing\Unit\HydePageSerializableUnit)::Json encoded output" class="Hyde\Framework\Testing\Unit\HydePageSerializableUnitTest" classname="Hyde.Framework.Testing.Unit.HydePageSerializableUnitTest" assertions="1" time="0.003162"/>
        <testcase name="Json serialized hyde page contents" file="Hyde Page Serializable Unit (Hyde\Framework\Testing\Unit\HydePageSerializableUnit)::Json serialized hyde page contents" class="Hyde\Framework\Testing\Unit\HydePageSerializableUnitTest" classname="Hyde.Framework.Testing.Unit.HydePageSerializableUnitTest" assertions="1" time="0.003188"/>
        <testcase name="Json serialized html page contents" file="Hyde Page Serializable Unit (Hyde\Framework\Testing\Unit\HydePageSerializableUnit)::Json serialized html page contents" class="Hyde\Framework\Testing\Unit\HydePageSerializableUnitTest" classname="Hyde.Framework.Testing.Unit.HydePageSerializableUnitTest" assertions="1" time="0.003196"/>
        <testcase name="Json serialized blade page contents" file="Hyde Page Serializable Unit (Hyde\Framework\Testing\Unit\HydePageSerializableUnit)::Json serialized blade page contents" class="Hyde\Framework\Testing\Unit\HydePageSerializableUnitTest" classname="Hyde.Framework.Testing.Unit.HydePageSerializableUnitTest" assertions="1" time="0.003222"/>
        <testcase name="Json serialized markdown page contents" file="Hyde Page Serializable Unit (Hyde\Framework\Testing\Unit\HydePageSerializableUnit)::Json serialized markdown page contents" class="Hyde\Framework\Testing\Unit\HydePageSerializableUnitTest" classname="Hyde.Framework.Testing.Unit.HydePageSerializableUnitTest" assertions="1" time="0.003255"/>
        <testcase name="Json serialized markdown post contents" file="Hyde Page Serializable Unit (Hyde\Framework\Testing\Unit\HydePageSerializableUnit)::Json serialized markdown post contents" class="Hyde\Framework\Testing\Unit\HydePageSerializableUnitTest" classname="Hyde.Framework.Testing.Unit.HydePageSerializableUnitTest" assertions="1" time="0.003740"/>
        <testcase name="Json serialized documentation page contents" file="Hyde Page Serializable Unit (Hyde\Framework\Testing\Unit\HydePageSerializableUnit)::Json serialized documentation page contents" class="Hyde\Framework\Testing\Unit\HydePageSerializableUnitTest" classname="Hyde.Framework.Testing.Unit.HydePageSerializableUnitTest" assertions="1" time="0.003263"/>
        <testcase name="Json serialized markdown page with front matter" file="Hyde Page Serializable Unit (Hyde\Framework\Testing\Unit\HydePageSerializableUnit)::Json serialized markdown page with front matter" class="Hyde\Framework\Testing\Unit\HydePageSerializableUnitTest" classname="Hyde.Framework.Testing.Unit.HydePageSerializableUnitTest" assertions="1" time="0.003180"/>
      </testsuite>
      <testsuite name="Hyde\Framework\Testing\Unit\HydeVendorPathHelperTest" file="Hyde Vendor Path Helper (Hyde\Framework\Testing\Unit\HydeVendorPathHelper)" tests="5" assertions="9" errors="0" failures="0" skipped="0" time="0.117924">
        <testcase name="Method exists" file="Hyde Vendor Path Helper (Hyde\Framework\Testing\Unit\HydeVendorPathHelper)::Method exists" class="Hyde\Framework\Testing\Unit\HydeVendorPathHelperTest" classname="Hyde.Framework.Testing.Unit.HydeVendorPathHelperTest" assertions="1" time="0.040482"/>
        <testcase name="Method returns string" file="Hyde Vendor Path Helper (Hyde\Framework\Testing\Unit\HydeVendorPathHelper)::Method returns string" class="Hyde\Framework\Testing\Unit\HydeVendorPathHelperTest" classname="Hyde.Framework.Testing.Unit.HydeVendorPathHelperTest" assertions="1" time="0.019213"/>
        <testcase name="Method returns string containing vendor path" file="Hyde Vendor Path Helper (Hyde\Framework\Testing\Unit\HydeVendorPathHelper)::Method returns string containing vendor path" class="Hyde\Framework\Testing\Unit\HydeVendorPathHelperTest" classname="Hyde.Framework.Testing.Unit.HydeVendorPathHelperTest" assertions="1" time="0.019184"/>
        <testcase name="Method returns path to the vendor directory" file="Hyde Vendor Path Helper (Hyde\Framework\Testing\Unit\HydeVendorPathHelper)::Method returns path to the vendor directory" class="Hyde\Framework\Testing\Unit\HydeVendorPathHelperTest" classname="Hyde.Framework.Testing.Unit.HydeVendorPathHelperTest" assertions="3" time="0.019582"/>
        <testcase name="Can specify which hyde package to use" file="Hyde Vendor Path Helper (Hyde\Framework\Testing\Unit\HydeVendorPathHelper)::Can specify which hyde package to use" class="Hyde\Framework\Testing\Unit\HydeVendorPathHelperTest" classname="Hyde.Framework.Testing.Unit.HydeVendorPathHelperTest" assertions="3" time="0.019462"/>
      </testsuite>
      <testsuite name="Hyde\Framework\Testing\Unit\InteractsWithDirectoriesConcernTest" file="Interacts With Directories Concern (Hyde\Framework\Testing\Unit\InteractsWithDirectoriesConcern)" tests="7" assertions="9" errors="0" failures="0" skipped="0" time="0.157391">
        <testcase name="Methods can be called statically" file="Interacts With Directories Concern (Hyde\Framework\Testing\Unit\InteractsWithDirectoriesConcern)::Methods can be called statically" class="Hyde\Framework\Testing\Unit\InteractsWithDirectoriesConcernTest" classname="Hyde.Framework.Testing.Unit.InteractsWithDirectoriesConcernTest" assertions="2" time="0.027096"/>
        <testcase name="Needs directory creates the directory" file="Interacts With Directories Concern (Hyde\Framework\Testing\Unit\InteractsWithDirectoriesConcern)::Needs directory creates the directory" class="Hyde\Framework\Testing\Unit\InteractsWithDirectoriesConcernTest" classname="Hyde.Framework.Testing.Unit.InteractsWithDirectoriesConcernTest" assertions="1" time="0.019848"/>
        <testcase name="Needs directory creates the directory recursively" file="Interacts With Directories Concern (Hyde\Framework\Testing\Unit\InteractsWithDirectoriesConcern)::Needs directory creates the directory recursively" class="Hyde\Framework\Testing\Unit\InteractsWithDirectoriesConcernTest" classname="Hyde.Framework.Testing.Unit.InteractsWithDirectoriesConcernTest" assertions="1" time="0.020117"/>
        <testcase name="Needs directory handles existing directory" file="Interacts With Directories Concern (Hyde\Framework\Testing\Unit\InteractsWithDirectoriesConcern)::Needs directory handles existing directory" class="Hyde\Framework\Testing\Unit\InteractsWithDirectoriesConcernTest" classname="Hyde.Framework.Testing.Unit.InteractsWithDirectoriesConcernTest" assertions="1" time="0.020171"/>
        <testcase name="Needs directories creates single directory" file="Interacts With Directories Concern (Hyde\Framework\Testing\Unit\InteractsWithDirectoriesConcern)::Needs directories creates single directory" class="Hyde\Framework\Testing\Unit\InteractsWithDirectoriesConcernTest" classname="Hyde.Framework.Testing.Unit.InteractsWithDirectoriesConcernTest" assertions="1" time="0.019961"/>
        <testcase name="Needs directories creates multiple directories" file="Interacts With Directories Concern (Hyde\Framework\Testing\Unit\InteractsWithDirectoriesConcern)::Needs directories creates multiple directories" class="Hyde\Framework\Testing\Unit\InteractsWithDirectoriesConcernTest" classname="Hyde.Framework.Testing.Unit.InteractsWithDirectoriesConcernTest" assertions="2" time="0.020440"/>
        <testcase name="Needs parent directory creates directory for the parent file" file="Interacts With Directories Concern (Hyde\Framework\Testing\Unit\InteractsWithDirectoriesConcern)::Needs parent directory creates directory for the parent file" class="Hyde\Framework\Testing\Unit\InteractsWithDirectoriesConcernTest" classname="Hyde.Framework.Testing.Unit.InteractsWithDirectoriesConcernTest" assertions="1" time="0.029757"/>
      </testsuite>
      <testsuite name="Hyde\Framework\Testing\Unit\LoadConfigurationTest" file="Load Configuration (Hyde\Framework\Testing\Unit\LoadConfiguration)" tests="2" assertions="6" errors="0" failures="0" skipped="0" time="0.019274">
        <testcase name="It loads runtime configuration" file="Load Configuration (Hyde\Framework\Testing\Unit\LoadConfiguration)::It loads runtime configuration" class="Hyde\Framework\Testing\Unit\LoadConfigurationTest" classname="Hyde.Framework.Testing.Unit.LoadConfigurationTest" assertions="4" time="0.014421"/>
        <testcase name="It loads realtime compiler environment configuration" file="Load Configuration (Hyde\Framework\Testing\Unit\LoadConfiguration)::It loads realtime compiler environment configuration" class="Hyde\Framework\Testing\Unit\LoadConfigurationTest" classname="Hyde.Framework.Testing.Unit.LoadConfigurationTest" assertions="2" time="0.004854"/>
      </testsuite>
      <testsuite name="Hyde\Framework\Testing\Unit\MarkdownDocumentTest" file="Markdown Document (Hyde\Framework\Testing\Unit\MarkdownDocument)" tests="11" assertions="17" errors="0" failures="0" skipped="0" time="0.221518">
        <testcase name="Constructor creates new markdown document" file="Markdown Document (Hyde\Framework\Testing\Unit\MarkdownDocument)::Constructor creates new markdown document" class="Hyde\Framework\Testing\Unit\MarkdownDocumentTest" classname="Hyde.Framework.Testing.Unit.MarkdownDocumentTest" assertions="1" time="0.022731"/>
        <testcase name="Constructor arguments are optional" file="Markdown Document (Hyde\Framework\Testing\Unit\MarkdownDocument)::Constructor arguments are optional" class="Hyde\Framework\Testing\Unit\MarkdownDocumentTest" classname="Hyde.Framework.Testing.Unit.MarkdownDocumentTest" assertions="1" time="0.019235"/>
        <testcase name="Constructor arguments are assigned" file="Markdown Document (Hyde\Framework\Testing\Unit\MarkdownDocument)::Constructor arguments are assigned" class="Hyde\Framework\Testing\Unit\MarkdownDocumentTest" classname="Hyde.Framework.Testing.Unit.MarkdownDocumentTest" assertions="1" time="0.019519"/>
        <testcase name="Magic to string method returns body" file="Markdown Document (Hyde\Framework\Testing\Unit\MarkdownDocument)::Magic to string method returns body" class="Hyde\Framework\Testing\Unit\MarkdownDocumentTest" classname="Hyde.Framework.Testing.Unit.MarkdownDocumentTest" assertions="1" time="0.019397"/>
        <testcase name="Compile method returns rendered html" file="Markdown Document (Hyde\Framework\Testing\Unit\MarkdownDocument)::Compile method returns rendered html" class="Hyde\Framework\Testing\Unit\MarkdownDocumentTest" classname="Hyde.Framework.Testing.Unit.MarkdownDocumentTest" assertions="1" time="0.020395"/>
        <testcase name="To html method returns rendered as html string" file="Markdown Document (Hyde\Framework\Testing\Unit\MarkdownDocument)::To html method returns rendered as html string" class="Hyde\Framework\Testing\Unit\MarkdownDocumentTest" classname="Hyde.Framework.Testing.Unit.MarkdownDocumentTest" assertions="2" time="0.021079"/>
        <testcase name="Parse method parses a file using the markdown file service" file="Markdown Document (Hyde\Framework\Testing\Unit\MarkdownDocument)::Parse method parses a file using the markdown file service" class="Hyde\Framework\Testing\Unit\MarkdownDocumentTest" classname="Hyde.Framework.Testing.Unit.MarkdownDocumentTest" assertions="3" time="0.020324"/>
        <testcase name="To array method returns array markdown body lines" file="Markdown Document (Hyde\Framework\Testing\Unit\MarkdownDocument)::To array method returns array markdown body lines" class="Hyde\Framework\Testing\Unit\MarkdownDocumentTest" classname="Hyde.Framework.Testing.Unit.MarkdownDocumentTest" assertions="1" time="0.019624"/>
        <testcase name="From file method returns new markdown document" file="Markdown Document (Hyde\Framework\Testing\Unit\MarkdownDocument)::From file method returns new markdown document" class="Hyde\Framework\Testing\Unit\MarkdownDocumentTest" classname="Hyde.Framework.Testing.Unit.MarkdownDocumentTest" assertions="2" time="0.020156"/>
        <testcase name="End of markdown body is trimmed" file="Markdown Document (Hyde\Framework\Testing\Unit\MarkdownDocument)::End of markdown body is trimmed" class="Hyde\Framework\Testing\Unit\MarkdownDocumentTest" classname="Hyde.Framework.Testing.Unit.MarkdownDocumentTest" assertions="1" time="0.019499"/>
        <testcase name="Carriage returns are normalized" file="Markdown Document (Hyde\Framework\Testing\Unit\MarkdownDocument)::Carriage returns are normalized" class="Hyde\Framework\Testing\Unit\MarkdownDocumentTest" classname="Hyde.Framework.Testing.Unit.MarkdownDocumentTest" assertions="3" time="0.019560"/>
      </testsuite>
      <testsuite name="Hyde\Framework\Testing\Unit\MarkdownFacadeTest" file="Markdown Facade (Hyde\Framework\Testing\Unit\MarkdownFacade)" tests="1" assertions="2" errors="0" failures="0" skipped="0" time="0.016988">
        <testcase name="Render" file="Markdown Facade (Hyde\Framework\Testing\Unit\MarkdownFacade)::Render" class="Hyde\Framework\Testing\Unit\MarkdownFacadeTest" classname="Hyde.Framework.Testing.Unit.MarkdownFacadeTest" assertions="2" time="0.016988"/>
      </testsuite>
      <testsuite name="Hyde\Framework\Testing\Unit\MediaDirectoryCanBeChangedTest" file="Media Directory Can Be Changed (Hyde\Framework\Testing\Unit\MediaDirectoryCanBeChanged)" tests="3" assertions="9" errors="0" failures="0" skipped="0" time="0.105338">
        <testcase name="Media output directory can be changed for site builds" file="Media Directory Can Be Changed (Hyde\Framework\Testing\Unit\MediaDirectoryCanBeChanged)::Media output directory can be changed for site builds" class="Hyde\Framework\Testing\Unit\MediaDirectoryCanBeChangedTest" classname="Hyde.Framework.Testing.Unit.MediaDirectoryCanBeChangedTest" assertions="3" time="0.039131"/>
        <testcase name="Media output directory can be changed for site rebuilds" file="Media Directory Can Be Changed (Hyde\Framework\Testing\Unit\MediaDirectoryCanBeChanged)::Media output directory can be changed for site rebuilds" class="Hyde\Framework\Testing\Unit\MediaDirectoryCanBeChangedTest" classname="Hyde.Framework.Testing.Unit.MediaDirectoryCanBeChangedTest" assertions="3" time="0.029667"/>
        <testcase name="Compiled pages have links to the right media file location" file="Media Directory Can Be Changed (Hyde\Framework\Testing\Unit\MediaDirectoryCanBeChanged)::Compiled pages have links to the right media file location" class="Hyde\Framework\Testing\Unit\MediaDirectoryCanBeChangedTest" classname="Hyde.Framework.Testing.Unit.MediaDirectoryCanBeChangedTest" assertions="3" time="0.036541"/>
      </testsuite>
      <testsuite name="Hyde\Framework\Testing\Unit\NavItemIsCurrentHelperTest" file="Nav Item Is Current Helper (Hyde\Framework\Testing\Unit\NavItemIsCurrentHelper)" tests="34" assertions="34" errors="0" failures="0" skipped="0" time="0.138844">
        <testcase name="Is current" file="Nav Item Is Current Helper (Hyde\Framework\Testing\Unit\NavItemIsCurrentHelper)::Is current" class="Hyde\Framework\Testing\Unit\NavItemIsCurrentHelperTest" classname="Hyde.Framework.Testing.Unit.NavItemIsCurrentHelperTest" assertions="1" time="0.008763"/>
        <testcase name="Is current when current" file="Nav Item Is Current Helper (Hyde\Framework\Testing\Unit\NavItemIsCurrentHelper)::Is current when current" class="Hyde\Framework\Testing\Unit\NavItemIsCurrentHelperTest" classname="Hyde.Framework.Testing.Unit.NavItemIsCurrentHelperTest" assertions="1" time="0.004535"/>
        <testcase name="Is current using current route" file="Nav Item Is Current Helper (Hyde\Framework\Testing\Unit\NavItemIsCurrentHelper)::Is current using current route" class="Hyde\Framework\Testing\Unit\NavItemIsCurrentHelperTest" classname="Hyde.Framework.Testing.Unit.NavItemIsCurrentHelperTest" assertions="1" time="0.003997"/>
        <testcase name="Is current using current link" file="Nav Item Is Current Helper (Hyde\Framework\Testing\Unit\NavItemIsCurrentHelper)::Is current using current link" class="Hyde\Framework\Testing\Unit\NavItemIsCurrentHelperTest" classname="Hyde.Framework.Testing.Unit.NavItemIsCurrentHelperTest" assertions="1" time="0.003776"/>
        <testcase name="Is current when not current" file="Nav Item Is Current Helper (Hyde\Framework\Testing\Unit\NavItemIsCurrentHelper)::Is current when not current" class="Hyde\Framework\Testing\Unit\NavItemIsCurrentHelperTest" classname="Hyde.Framework.Testing.Unit.NavItemIsCurrentHelperTest" assertions="1" time="0.004223"/>
        <testcase name="Is current using not current route" file="Nav Item Is Current Helper (Hyde\Framework\Testing\Unit\NavItemIsCurrentHelper)::Is current using not current route" class="Hyde\Framework\Testing\Unit\NavItemIsCurrentHelperTest" classname="Hyde.Framework.Testing.Unit.NavItemIsCurrentHelperTest" assertions="1" time="0.003983"/>
        <testcase name="Is current using not current link" file="Nav Item Is Current Helper (Hyde\Framework\Testing\Unit\NavItemIsCurrentHelper)::Is current using not current link" class="Hyde\Framework\Testing\Unit\NavItemIsCurrentHelperTest" classname="Hyde.Framework.Testing.Unit.NavItemIsCurrentHelperTest" assertions="1" time="0.003692"/>
        <testcase name="Is current with nested current page" file="Nav Item Is Current Helper (Hyde\Framework\Testing\Unit\NavItemIsCurrentHelper)::Is current with nested current page" class="Hyde\Framework\Testing\Unit\NavItemIsCurrentHelperTest" classname="Hyde.Framework.Testing.Unit.NavItemIsCurrentHelperTest" assertions="1" time="0.004242"/>
        <testcase name="Is current when current with nested current page" file="Nav Item Is Current Helper (Hyde\Framework\Testing\Unit\NavItemIsCurrentHelper)::Is current when current with nested current page" class="Hyde\Framework\Testing\Unit\NavItemIsCurrentHelperTest" classname="Hyde.Framework.Testing.Unit.NavItemIsCurrentHelperTest" assertions="1" time="0.004282"/>
        <testcase name="Is current with nested current page when nested" file="Nav Item Is Current Helper (Hyde\Framework\Testing\Unit\NavItemIsCurrentHelper)::Is current with nested current page when nested" class="Hyde\Framework\Testing\Unit\NavItemIsCurrentHelperTest" classname="Hyde.Framework.Testing.Unit.NavItemIsCurrentHelperTest" assertions="1" time="0.004270"/>
        <testcase name="Is current when current with nested current page when nested" file="Nav Item Is Current Helper (Hyde\Framework\Testing\Unit\NavItemIsCurrentHelper)::Is current when current with nested current page when nested" class="Hyde\Framework\Testing\Unit\NavItemIsCurrentHelperTest" classname="Hyde.Framework.Testing.Unit.NavItemIsCurrentHelperTest" assertions="1" time="0.004291"/>
        <testcase name="Is current with nested current page when very nested" file="Nav Item Is Current Helper (Hyde\Framework\Testing\Unit\NavItemIsCurrentHelper)::Is current with nested current page when very nested" class="Hyde\Framework\Testing\Unit\NavItemIsCurrentHelperTest" classname="Hyde.Framework.Testing.Unit.NavItemIsCurrentHelperTest" assertions="1" time="0.004277"/>
        <testcase name="Is current when current with nested current page when very nested" file="Nav Item Is Current Helper (Hyde\Framework\Testing\Unit\NavItemIsCurrentHelper)::Is current when current with nested current page when very nested" class="Hyde\Framework\Testing\Unit\NavItemIsCurrentHelperTest" classname="Hyde.Framework.Testing.Unit.NavItemIsCurrentHelperTest" assertions="1" time="0.004269"/>
        <testcase name="Is current with nested current page when very differing nested" file="Nav Item Is Current Helper (Hyde\Framework\Testing\Unit\NavItemIsCurrentHelper)::Is current with nested current page when very differing nested" class="Hyde\Framework\Testing\Unit\NavItemIsCurrentHelperTest" classname="Hyde.Framework.Testing.Unit.NavItemIsCurrentHelperTest" assertions="1" time="0.004268"/>
        <testcase name="Is current with nested current page when very differing nested inverse" file="Nav Item Is Current Helper (Hyde\Framework\Testing\Unit\NavItemIsCurrentHelper)::Is current with nested current page when very differing nested inverse" class="Hyde\Framework\Testing\Unit\NavItemIsCurrentHelperTest" classname="Hyde.Framework.Testing.Unit.NavItemIsCurrentHelperTest" assertions="1" time="0.004273"/>
        <testcase name="Is current using current link with nested current page" file="Nav Item Is Current Helper (Hyde\Framework\Testing\Unit\NavItemIsCurrentHelper)::Is current using current link with nested current page" class="Hyde\Framework\Testing\Unit\NavItemIsCurrentHelperTest" classname="Hyde.Framework.Testing.Unit.NavItemIsCurrentHelperTest" assertions="1" time="0.003757"/>
        <testcase name="Is current using not current link with nested current page" file="Nav Item Is Current Helper (Hyde\Framework\Testing\Unit\NavItemIsCurrentHelper)::Is current using not current link with nested current page" class="Hyde\Framework\Testing\Unit\NavItemIsCurrentHelperTest" classname="Hyde.Framework.Testing.Unit.NavItemIsCurrentHelperTest" assertions="1" time="0.003765"/>
        <testcase name="Is current when current with nested current page and subject page" file="Nav Item Is Current Helper (Hyde\Framework\Testing\Unit\NavItemIsCurrentHelper)::Is current when current with nested current page and subject page" class="Hyde\Framework\Testing\Unit\NavItemIsCurrentHelperTest" classname="Hyde.Framework.Testing.Unit.NavItemIsCurrentHelperTest" assertions="1" time="0.003776"/>
        <testcase name="Is current when not current with nested current page and subject page" file="Nav Item Is Current Helper (Hyde\Framework\Testing\Unit\NavItemIsCurrentHelper)::Is current when not current with nested current page and subject page" class="Hyde\Framework\Testing\Unit\NavItemIsCurrentHelperTest" classname="Hyde.Framework.Testing.Unit.NavItemIsCurrentHelperTest" assertions="1" time="0.003755"/>
        <testcase name="Is current with nested current page when nested using link item" file="Nav Item Is Current Helper (Hyde\Framework\Testing\Unit\NavItemIsCurrentHelper)::Is current with nested current page when nested using link item" class="Hyde\Framework\Testing\Unit\NavItemIsCurrentHelperTest" classname="Hyde.Framework.Testing.Unit.NavItemIsCurrentHelperTest" assertions="1" time="0.003744"/>
        <testcase name="Is current when current with nested current page when nested using link item" file="Nav Item Is Current Helper (Hyde\Framework\Testing\Unit\NavItemIsCurrentHelper)::Is current when current with nested current page when nested using link item" class="Hyde\Framework\Testing\Unit\NavItemIsCurrentHelperTest" classname="Hyde.Framework.Testing.Unit.NavItemIsCurrentHelperTest" assertions="1" time="0.003762"/>
        <testcase name="Is current with nested current page when very nested using link item" file="Nav Item Is Current Helper (Hyde\Framework\Testing\Unit\NavItemIsCurrentHelper)::Is current with nested current page when very nested using link item" class="Hyde\Framework\Testing\Unit\NavItemIsCurrentHelperTest" classname="Hyde.Framework.Testing.Unit.NavItemIsCurrentHelperTest" assertions="1" time="0.003765"/>
        <testcase name="Is current when current with nested current page when very nested using link item" file="Nav Item Is Current Helper (Hyde\Framework\Testing\Unit\NavItemIsCurrentHelper)::Is current when current with nested current page when very nested using link item" class="Hyde\Framework\Testing\Unit\NavItemIsCurrentHelperTest" classname="Hyde.Framework.Testing.Unit.NavItemIsCurrentHelperTest" assertions="1" time="0.003777"/>
        <testcase name="Is current with nested current page when very differing nested using link item" file="Nav Item Is Current Helper (Hyde\Framework\Testing\Unit\NavItemIsCurrentHelper)::Is current with nested current page when very differing nested using link item" class="Hyde\Framework\Testing\Unit\NavItemIsCurrentHelperTest" classname="Hyde.Framework.Testing.Unit.NavItemIsCurrentHelperTest" assertions="1" time="0.003740"/>
        <testcase name="Is current with nested current page when very differing nested inverse using link item" file="Nav Item Is Current Helper (Hyde\Framework\Testing\Unit\NavItemIsCurrentHelper)::Is current with nested current page when very differing nested inverse using link item" class="Hyde\Framework\Testing\Unit\NavItemIsCurrentHelperTest" classname="Hyde.Framework.Testing.Unit.NavItemIsCurrentHelperTest" assertions="1" time="0.003767"/>
        <testcase name="Is current with nested current page when nested using pretty link item" file="Nav Item Is Current Helper (Hyde\Framework\Testing\Unit\NavItemIsCurrentHelper)::Is current with nested current page when nested using pretty link item" class="Hyde\Framework\Testing\Unit\NavItemIsCurrentHelperTest" classname="Hyde.Framework.Testing.Unit.NavItemIsCurrentHelperTest" assertions="1" time="0.003735"/>
        <testcase name="Is current when current with nested current page when nested using pretty link item" file="Nav Item Is Current Helper (Hyde\Framework\Testing\Unit\NavItemIsCurrentHelper)::Is current when current with nested current page when nested using pretty link item" class="Hyde\Framework\Testing\Unit\NavItemIsCurrentHelperTest" classname="Hyde.Framework.Testing.Unit.NavItemIsCurrentHelperTest" assertions="1" time="0.003785"/>
        <testcase name="Is current with nested current page when very nested using pretty link item" file="Nav Item Is Current Helper (Hyde\Framework\Testing\Unit\NavItemIsCurrentHelper)::Is current with nested current page when very nested using pretty link item" class="Hyde\Framework\Testing\Unit\NavItemIsCurrentHelperTest" classname="Hyde.Framework.Testing.Unit.NavItemIsCurrentHelperTest" assertions="1" time="0.003832"/>
        <testcase name="Is current when current with nested current page when very nested using pretty link item" file="Nav Item Is Current Helper (Hyde\Framework\Testing\Unit\NavItemIsCurrentHelper)::Is current when current with nested current page when very nested using pretty link item" class="Hyde\Framework\Testing\Unit\NavItemIsCurrentHelperTest" classname="Hyde.Framework.Testing.Unit.NavItemIsCurrentHelperTest" assertions="1" time="0.003795"/>
        <testcase name="Is current with nested current page when very differing nested using pretty link item" file="Nav Item Is Current Helper (Hyde\Framework\Testing\Unit\NavItemIsCurrentHelper)::Is current with nested current page when very differing nested using pretty link item" class="Hyde\Framework\Testing\Unit\NavItemIsCurrentHelperTest" classname="Hyde.Framework.Testing.Unit.NavItemIsCurrentHelperTest" assertions="1" time="0.003771"/>
        <testcase name="Is current with nested current page when very differing nested inverse using pretty link item" file="Nav Item Is Current Helper (Hyde\Framework\Testing\Unit\NavItemIsCurrentHelper)::Is current with nested current page when very differing nested inverse using pretty link item" class="Hyde\Framework\Testing\Unit\NavItemIsCurrentHelperTest" classname="Hyde.Framework.Testing.Unit.NavItemIsCurrentHelperTest" assertions="1" time="0.003853"/>
        <testcase name="Is current with absolute link" file="Nav Item Is Current Helper (Hyde\Framework\Testing\Unit\NavItemIsCurrentHelper)::Is current with absolute link" class="Hyde\Framework\Testing\Unit\NavItemIsCurrentHelperTest" classname="Hyde.Framework.Testing.Unit.NavItemIsCurrentHelperTest" assertions="1" time="0.003704"/>
        <testcase name="Is current with nested current page when nested using absolute link item" file="Nav Item Is Current Helper (Hyde\Framework\Testing\Unit\NavItemIsCurrentHelper)::Is current with nested current page when nested using absolute link item" class="Hyde\Framework\Testing\Unit\NavItemIsCurrentHelperTest" classname="Hyde.Framework.Testing.Unit.NavItemIsCurrentHelperTest" assertions="1" time="0.003820"/>
        <testcase name="Is current when current with nested current page when nested using absolute link item" file="Nav Item Is Current Helper (Hyde\Framework\Testing\Unit\NavItemIsCurrentHelper)::Is current when current with nested current page when nested using absolute link item" class="Hyde\Framework\Testing\Unit\NavItemIsCurrentHelperTest" classname="Hyde.Framework.Testing.Unit.NavItemIsCurrentHelperTest" assertions="1" time="0.003801"/>
      </testsuite>
      <testsuite name="Hyde\Framework\Testing\Unit\NavItemTest" file="Nav Item (Hyde\Framework\Testing\Unit\NavItem)" tests="20" assertions="32" errors="0" failures="0" skipped="0" time="0.098152">
        <testcase name="Construct" file="Nav Item (Hyde\Framework\Testing\Unit\NavItem)::Construct" class="Hyde\Framework\Testing\Unit\NavItemTest" classname="Hyde.Framework.Testing.Unit.NavItemTest" assertions="1" time="0.032188"/>
        <testcase name="Get destination" file="Nav Item (Hyde\Framework\Testing\Unit\NavItem)::Get destination" class="Hyde\Framework\Testing\Unit\NavItemTest" classname="Hyde.Framework.Testing.Unit.NavItemTest" assertions="1" time="0.003355"/>
        <testcase name="Get label" file="Nav Item (Hyde\Framework\Testing\Unit\NavItem)::Get label" class="Hyde\Framework\Testing\Unit\NavItemTest" classname="Hyde.Framework.Testing.Unit.NavItemTest" assertions="1" time="0.003326"/>
        <testcase name="Get priority" file="Nav Item (Hyde\Framework\Testing\Unit\NavItem)::Get priority" class="Hyde\Framework\Testing\Unit\NavItemTest" classname="Hyde.Framework.Testing.Unit.NavItemTest" assertions="1" time="0.003340"/>
        <testcase name="Get group" file="Nav Item (Hyde\Framework\Testing\Unit\NavItem)::Get group" class="Hyde\Framework\Testing\Unit\NavItemTest" classname="Hyde.Framework.Testing.Unit.NavItemTest" assertions="1" time="0.003303"/>
        <testcase name="From route" file="Nav Item (Hyde\Framework\Testing\Unit\NavItem)::From route" class="Hyde\Framework\Testing\Unit\NavItemTest" classname="Hyde.Framework.Testing.Unit.NavItemTest" assertions="1" time="0.003270"/>
        <testcase name="To string" file="Nav Item (Hyde\Framework\Testing\Unit\NavItem)::To string" class="Hyde\Framework\Testing\Unit\NavItemTest" classname="Hyde.Framework.Testing.Unit.NavItemTest" assertions="1" time="0.006191"/>
        <testcase name="For link" file="Nav Item (Hyde\Framework\Testing\Unit\NavItem)::For link" class="Hyde\Framework\Testing\Unit\NavItemTest" classname="Hyde.Framework.Testing.Unit.NavItemTest" assertions="3" time="0.002185"/>
        <testcase name="For link with custom priority" file="Nav Item (Hyde\Framework\Testing\Unit\NavItem)::For link with custom priority" class="Hyde\Framework\Testing\Unit\NavItemTest" classname="Hyde.Framework.Testing.Unit.NavItemTest" assertions="1" time="0.002028"/>
        <testcase name="For route" file="Nav Item (Hyde\Framework\Testing\Unit\NavItem)::For route" class="Hyde\Framework\Testing\Unit\NavItemTest" classname="Hyde.Framework.Testing.Unit.NavItemTest" assertions="3" time="0.002819"/>
        <testcase name="For index route" file="Nav Item (Hyde\Framework\Testing\Unit\NavItem)::For index route" class="Hyde\Framework\Testing\Unit\NavItemTest" classname="Hyde.Framework.Testing.Unit.NavItemTest" assertions="3" time="0.002812"/>
        <testcase name="For route with route key" file="Nav Item (Hyde\Framework\Testing\Unit\NavItem)::For route with route key" class="Hyde\Framework\Testing\Unit\NavItemTest" classname="Hyde.Framework.Testing.Unit.NavItemTest" assertions="1" time="0.002845"/>
        <testcase name="For route with missing route key" file="Nav Item (Hyde\Framework\Testing\Unit\NavItem)::For route with missing route key" class="Hyde\Framework\Testing\Unit\NavItemTest" classname="Hyde.Framework.Testing.Unit.NavItemTest" assertions="1" time="0.002221"/>
        <testcase name="For route with custom priority" file="Nav Item (Hyde\Framework\Testing\Unit\NavItem)::For route with custom priority" class="Hyde\Framework\Testing\Unit\NavItemTest" classname="Hyde.Framework.Testing.Unit.NavItemTest" assertions="1" time="0.002604"/>
        <testcase name="Route based nav item destinations are resolved relatively" file="Nav Item (Hyde\Framework\Testing\Unit\NavItem)::Route based nav item destinations are resolved relatively" class="Hyde\Framework\Testing\Unit\NavItemTest" classname="Hyde.Framework.Testing.Unit.NavItemTest" assertions="6" time="0.007965"/>
        <testcase name="Is current" file="Nav Item (Hyde\Framework\Testing\Unit\NavItem)::Is current" class="Hyde\Framework\Testing\Unit\NavItemTest" classname="Hyde.Framework.Testing.Unit.NavItemTest" assertions="2" time="0.004856"/>
        <testcase name="Get group with no group" file="Nav Item (Hyde\Framework\Testing\Unit\NavItem)::Get group with no group" class="Hyde\Framework\Testing\Unit\NavItemTest" classname="Hyde.Framework.Testing.Unit.NavItemTest" assertions="1" time="0.003180"/>
        <testcase name="Get group with group" file="Nav Item (Hyde\Framework\Testing\Unit\NavItem)::Get group with group" class="Hyde\Framework\Testing\Unit\NavItemTest" classname="Hyde.Framework.Testing.Unit.NavItemTest" assertions="1" time="0.003178"/>
        <testcase name="Get group from route with group" file="Nav Item (Hyde\Framework\Testing\Unit\NavItem)::Get group from route with group" class="Hyde\Framework\Testing\Unit\NavItemTest" classname="Hyde.Framework.Testing.Unit.NavItemTest" assertions="1" time="0.003243"/>
        <testcase name="Get group for route with group" file="Nav Item (Hyde\Framework\Testing\Unit\NavItem)::Get group for route with group" class="Hyde\Framework\Testing\Unit\NavItemTest" classname="Hyde.Framework.Testing.Unit.NavItemTest" assertions="1" time="0.003242"/>
      </testsuite>
      <testsuite name="Hyde\Framework\Testing\Unit\NavigationDataFactoryUnitTest" file="Navigation Data Factory Unit (Hyde\Framework\Testing\Unit\NavigationDataFactoryUnit)" tests="10" assertions="24" errors="0" failures="0" skipped="0" time="0.060723">
        <testcase name="Search for priority in navigation config for markdown page with keyed config" file="Navigation Data Factory Unit (Hyde\Framework\Testing\Unit\NavigationDataFactoryUnit)::Search for priority in navigation config for markdown page with keyed config" class="Hyde\Framework\Testing\Unit\NavigationDataFactoryUnitTest" classname="Hyde.Framework.Testing.Unit.NavigationDataFactoryUnitTest" assertions="2" time="0.032964"/>
        <testcase name="Search for priority in navigation config for markdown page with list config" file="Navigation Data Factory Unit (Hyde\Framework\Testing\Unit\NavigationDataFactoryUnit)::Search for priority in navigation config for markdown page with list config" class="Hyde\Framework\Testing\Unit\NavigationDataFactoryUnitTest" classname="Hyde.Framework.Testing.Unit.NavigationDataFactoryUnitTest" assertions="2" time="0.003006"/>
        <testcase name="Search for priority in navigation config for markdown page supports mixing keyed and list config" file="Navigation Data Factory Unit (Hyde\Framework\Testing\Unit\NavigationDataFactoryUnit)::Search for priority in navigation config for markdown page supports mixing keyed and list config" class="Hyde\Framework\Testing\Unit\NavigationDataFactoryUnitTest" classname="Hyde.Framework.Testing.Unit.NavigationDataFactoryUnitTest" assertions="4" time="0.003507"/>
        <testcase name="Search for priority in navigation config for documentation page with list config" file="Navigation Data Factory Unit (Hyde\Framework\Testing\Unit\NavigationDataFactoryUnit)::Search for priority in navigation config for documentation page with list config" class="Hyde\Framework\Testing\Unit\NavigationDataFactoryUnitTest" classname="Hyde.Framework.Testing.Unit.NavigationDataFactoryUnitTest" assertions="2" time="0.003015"/>
        <testcase name="Search for priority in navigation config for documentation page with keyed config" file="Navigation Data Factory Unit (Hyde\Framework\Testing\Unit\NavigationDataFactoryUnit)::Search for priority in navigation config for documentation page with keyed config" class="Hyde\Framework\Testing\Unit\NavigationDataFactoryUnitTest" classname="Hyde.Framework.Testing.Unit.NavigationDataFactoryUnitTest" assertions="4" time="0.003548"/>
        <testcase name="Search for priority in navigation config for documentation page supports mixing keyed and list config" file="Navigation Data Factory Unit (Hyde\Framework\Testing\Unit\NavigationDataFactoryUnit)::Search for priority in navigation config for documentation page supports mixing keyed and list config" class="Hyde\Framework\Testing\Unit\NavigationDataFactoryUnitTest" classname="Hyde.Framework.Testing.Unit.NavigationDataFactoryUnitTest" assertions="4" time="0.003521"/>
        <testcase name="Route keys can be used for documentation sidebar priorities" file="Navigation Data Factory Unit (Hyde\Framework\Testing\Unit\NavigationDataFactoryUnit)::Route keys can be used for documentation sidebar priorities" class="Hyde\Framework\Testing\Unit\NavigationDataFactoryUnitTest" classname="Hyde.Framework.Testing.Unit.NavigationDataFactoryUnitTest" assertions="3" time="0.003207"/>
        <testcase name="Make group uses front matter group if set" file="Navigation Data Factory Unit (Hyde\Framework\Testing\Unit\NavigationDataFactoryUnit)::Make group uses front matter group if set" class="Hyde\Framework\Testing\Unit\NavigationDataFactoryUnitTest" classname="Hyde.Framework.Testing.Unit.NavigationDataFactoryUnitTest" assertions="1" time="0.002581"/>
        <testcase name="Make group uses front matter group if set regardless of subdirectory configuration" file="Navigation Data Factory Unit (Hyde\Framework\Testing\Unit\NavigationDataFactoryUnit)::Make group uses front matter group if set regardless of subdirectory configuration" class="Hyde\Framework\Testing\Unit\NavigationDataFactoryUnitTest" classname="Hyde.Framework.Testing.Unit.NavigationDataFactoryUnitTest" assertions="1" time="0.002687"/>
        <testcase name="Make group defaults to null if front matter group not set and subdirectories not used" file="Navigation Data Factory Unit (Hyde\Framework\Testing\Unit\NavigationDataFactoryUnit)::Make group defaults to null if front matter group not set and subdirectories not used" class="Hyde\Framework\Testing\Unit\NavigationDataFactoryUnitTest" classname="Hyde.Framework.Testing.Unit.NavigationDataFactoryUnitTest" assertions="1" time="0.002686"/>
      </testsuite>
      <testsuite name="Hyde\Framework\Testing\Unit\Pages\BladePageUnitTest" file="Blade Page Unit (Hyde\Framework\Testing\Unit\Pages\BladePageUnit)" tests="32" assertions="32" errors="0" failures="0" skipped="0" time="0.150525">
        <testcase name="Source directory" file="Blade Page Unit (Hyde\Framework\Testing\Unit\Pages\BladePageUnit)::Source directory" class="Hyde\Framework\Testing\Unit\Pages\BladePageUnitTest" classname="Hyde.Framework.Testing.Unit.Pages.BladePageUnitTest" assertions="1" time="0.013556"/>
        <testcase name="Output directory" file="Blade Page Unit (Hyde\Framework\Testing\Unit\Pages\BladePageUnit)::Output directory" class="Hyde\Framework\Testing\Unit\Pages\BladePageUnitTest" classname="Hyde.Framework.Testing.Unit.Pages.BladePageUnitTest" assertions="1" time="0.003105"/>
        <testcase name="Base route key" file="Blade Page Unit (Hyde\Framework\Testing\Unit\Pages\BladePageUnit)::Base route key" class="Hyde\Framework\Testing\Unit\Pages\BladePageUnitTest" classname="Hyde.Framework.Testing.Unit.Pages.BladePageUnitTest" assertions="1" time="0.003044"/>
        <testcase name="File extension" file="Blade Page Unit (Hyde\Framework\Testing\Unit\Pages\BladePageUnit)::File extension" class="Hyde\Framework\Testing\Unit\Pages\BladePageUnitTest" classname="Hyde.Framework.Testing.Unit.Pages.BladePageUnitTest" assertions="1" time="0.003075"/>
        <testcase name="Source path" file="Blade Page Unit (Hyde\Framework\Testing\Unit\Pages\BladePageUnit)::Source path" class="Hyde\Framework\Testing\Unit\Pages\BladePageUnitTest" classname="Hyde.Framework.Testing.Unit.Pages.BladePageUnitTest" assertions="1" time="0.003133"/>
        <testcase name="Output path" file="Blade Page Unit (Hyde\Framework\Testing\Unit\Pages\BladePageUnit)::Output path" class="Hyde\Framework\Testing\Unit\Pages\BladePageUnitTest" classname="Hyde.Framework.Testing.Unit.Pages.BladePageUnitTest" assertions="1" time="0.003171"/>
        <testcase name="Path" file="Blade Page Unit (Hyde\Framework\Testing\Unit\Pages\BladePageUnit)::Path" class="Hyde\Framework\Testing\Unit\Pages\BladePageUnitTest" classname="Hyde.Framework.Testing.Unit.Pages.BladePageUnitTest" assertions="1" time="0.003236"/>
        <testcase name="Get source path" file="Blade Page Unit (Hyde\Framework\Testing\Unit\Pages\BladePageUnit)::Get source path" class="Hyde\Framework\Testing\Unit\Pages\BladePageUnitTest" classname="Hyde.Framework.Testing.Unit.Pages.BladePageUnitTest" assertions="1" time="0.004601"/>
        <testcase name="Get output path" file="Blade Page Unit (Hyde\Framework\Testing\Unit\Pages\BladePageUnit)::Get output path" class="Hyde\Framework\Testing\Unit\Pages\BladePageUnitTest" classname="Hyde.Framework.Testing.Unit.Pages.BladePageUnitTest" assertions="1" time="0.004259"/>
        <testcase name="Get link" file="Blade Page Unit (Hyde\Framework\Testing\Unit\Pages\BladePageUnit)::Get link" class="Hyde\Framework\Testing\Unit\Pages\BladePageUnitTest" classname="Hyde.Framework.Testing.Unit.Pages.BladePageUnitTest" assertions="1" time="0.004215"/>
        <testcase name="Make" file="Blade Page Unit (Hyde\Framework\Testing\Unit\Pages\BladePageUnit)::Make" class="Hyde\Framework\Testing\Unit\Pages\BladePageUnitTest" classname="Hyde.Framework.Testing.Unit.Pages.BladePageUnitTest" assertions="1" time="0.004638"/>
        <testcase name="Make with data" file="Blade Page Unit (Hyde\Framework\Testing\Unit\Pages\BladePageUnit)::Make with data" class="Hyde\Framework\Testing\Unit\Pages\BladePageUnitTest" classname="Hyde.Framework.Testing.Unit.Pages.BladePageUnitTest" assertions="1" time="0.005065"/>
        <testcase name="Show in navigation" file="Blade Page Unit (Hyde\Framework\Testing\Unit\Pages\BladePageUnit)::Show in navigation" class="Hyde\Framework\Testing\Unit\Pages\BladePageUnitTest" classname="Hyde.Framework.Testing.Unit.Pages.BladePageUnitTest" assertions="1" time="0.003986"/>
        <testcase name="Navigation menu priority" file="Blade Page Unit (Hyde\Framework\Testing\Unit\Pages\BladePageUnit)::Navigation menu priority" class="Hyde\Framework\Testing\Unit\Pages\BladePageUnitTest" classname="Hyde.Framework.Testing.Unit.Pages.BladePageUnitTest" assertions="1" time="0.004018"/>
        <testcase name="Navigation menu label" file="Blade Page Unit (Hyde\Framework\Testing\Unit\Pages\BladePageUnit)::Navigation menu label" class="Hyde\Framework\Testing\Unit\Pages\BladePageUnitTest" classname="Hyde.Framework.Testing.Unit.Pages.BladePageUnitTest" assertions="1" time="0.004191"/>
        <testcase name="Navigation menu group" file="Blade Page Unit (Hyde\Framework\Testing\Unit\Pages\BladePageUnit)::Navigation menu group" class="Hyde\Framework\Testing\Unit\Pages\BladePageUnitTest" classname="Hyde.Framework.Testing.Unit.Pages.BladePageUnitTest" assertions="1" time="0.004173"/>
        <testcase name="Get blade view" file="Blade Page Unit (Hyde\Framework\Testing\Unit\Pages\BladePageUnit)::Get blade view" class="Hyde\Framework\Testing\Unit\Pages\BladePageUnitTest" classname="Hyde.Framework.Testing.Unit.Pages.BladePageUnitTest" assertions="1" time="0.004150"/>
        <testcase name="Files" file="Blade Page Unit (Hyde\Framework\Testing\Unit\Pages\BladePageUnit)::Files" class="Hyde\Framework\Testing\Unit\Pages\BladePageUnitTest" classname="Hyde.Framework.Testing.Unit.Pages.BladePageUnitTest" assertions="1" time="0.006928"/>
        <testcase name="Data" file="Blade Page Unit (Hyde\Framework\Testing\Unit\Pages\BladePageUnit)::Data" class="Hyde\Framework\Testing\Unit\Pages\BladePageUnitTest" classname="Hyde.Framework.Testing.Unit.Pages.BladePageUnitTest" assertions="1" time="0.004152"/>
        <testcase name="Get" file="Blade Page Unit (Hyde\Framework\Testing\Unit\Pages\BladePageUnit)::Get" class="Hyde\Framework\Testing\Unit\Pages\BladePageUnitTest" classname="Hyde.Framework.Testing.Unit.Pages.BladePageUnitTest" assertions="1" time="0.008383"/>
        <testcase name="Parse" file="Blade Page Unit (Hyde\Framework\Testing\Unit\Pages\BladePageUnit)::Parse" class="Hyde\Framework\Testing\Unit\Pages\BladePageUnitTest" classname="Hyde.Framework.Testing.Unit.Pages.BladePageUnitTest" assertions="1" time="0.004680"/>
        <testcase name="Get route key" file="Blade Page Unit (Hyde\Framework\Testing\Unit\Pages\BladePageUnit)::Get route key" class="Hyde\Framework\Testing\Unit\Pages\BladePageUnitTest" classname="Hyde.Framework.Testing.Unit.Pages.BladePageUnitTest" assertions="1" time="0.004188"/>
        <testcase name="Title" file="Blade Page Unit (Hyde\Framework\Testing\Unit\Pages\BladePageUnit)::Title" class="Hyde\Framework\Testing\Unit\Pages\BladePageUnitTest" classname="Hyde.Framework.Testing.Unit.Pages.BladePageUnitTest" assertions="1" time="0.004155"/>
        <testcase name="All" file="Blade Page Unit (Hyde\Framework\Testing\Unit\Pages\BladePageUnit)::All" class="Hyde\Framework\Testing\Unit\Pages\BladePageUnitTest" classname="Hyde.Framework.Testing.Unit.Pages.BladePageUnitTest" assertions="1" time="0.006575"/>
        <testcase name="Metadata" file="Blade Page Unit (Hyde\Framework\Testing\Unit\Pages\BladePageUnit)::Metadata" class="Hyde\Framework\Testing\Unit\Pages\BladePageUnitTest" classname="Hyde.Framework.Testing.Unit.Pages.BladePageUnitTest" assertions="1" time="0.004082"/>
        <testcase name="Construct" file="Blade Page Unit (Hyde\Framework\Testing\Unit\Pages\BladePageUnit)::Construct" class="Hyde\Framework\Testing\Unit\Pages\BladePageUnitTest" classname="Hyde.Framework.Testing.Unit.Pages.BladePageUnitTest" assertions="1" time="0.003986"/>
        <testcase name="Get route" file="Blade Page Unit (Hyde\Framework\Testing\Unit\Pages\BladePageUnit)::Get route" class="Hyde\Framework\Testing\Unit\Pages\BladePageUnitTest" classname="Hyde.Framework.Testing.Unit.Pages.BladePageUnitTest" assertions="1" time="0.006818"/>
        <testcase name="Get identifier" file="Blade Page Unit (Hyde\Framework\Testing\Unit\Pages\BladePageUnit)::Get identifier" class="Hyde\Framework\Testing\Unit\Pages\BladePageUnitTest" classname="Hyde.Framework.Testing.Unit.Pages.BladePageUnitTest" assertions="1" time="0.004172"/>
        <testcase name="Has" file="Blade Page Unit (Hyde\Framework\Testing\Unit\Pages\BladePageUnit)::Has" class="Hyde\Framework\Testing\Unit\Pages\BladePageUnitTest" classname="Hyde.Framework.Testing.Unit.Pages.BladePageUnitTest" assertions="1" time="0.004205"/>
        <testcase name="To core data object" file="Blade Page Unit (Hyde\Framework\Testing\Unit\Pages\BladePageUnit)::To core data object" class="Hyde\Framework\Testing\Unit\Pages\BladePageUnitTest" classname="Hyde.Framework.Testing.Unit.Pages.BladePageUnitTest" assertions="1" time="0.004197"/>
        <testcase name="Compile" file="Blade Page Unit (Hyde\Framework\Testing\Unit\Pages\BladePageUnit)::Compile" class="Hyde\Framework\Testing\Unit\Pages\BladePageUnitTest" classname="Hyde.Framework.Testing.Unit.Pages.BladePageUnitTest" assertions="1" time="0.004248"/>
        <testcase name="Matter" file="Blade Page Unit (Hyde\Framework\Testing\Unit\Pages\BladePageUnit)::Matter" class="Hyde\Framework\Testing\Unit\Pages\BladePageUnitTest" classname="Hyde.Framework.Testing.Unit.Pages.BladePageUnitTest" assertions="1" time="0.004140"/>
      </testsuite>
      <testsuite name="Hyde\Framework\Testing\Unit\Pages\DocumentationPageUnitTest" file="Documentation Page Unit (Hyde\Framework\Testing\Unit\Pages\DocumentationPageUnit)" tests="35" assertions="36" errors="0" failures="0" skipped="0" time="0.190199">
        <testcase name="Source directory" file="Documentation Page Unit (Hyde\Framework\Testing\Unit\Pages\DocumentationPageUnit)::Source directory" class="Hyde\Framework\Testing\Unit\Pages\DocumentationPageUnitTest" classname="Hyde.Framework.Testing.Unit.Pages.DocumentationPageUnitTest" assertions="1" time="0.033229"/>
        <testcase name="Output directory" file="Documentation Page Unit (Hyde\Framework\Testing\Unit\Pages\DocumentationPageUnit)::Output directory" class="Hyde\Framework\Testing\Unit\Pages\DocumentationPageUnitTest" classname="Hyde.Framework.Testing.Unit.Pages.DocumentationPageUnitTest" assertions="1" time="0.003102"/>
        <testcase name="Base route key" file="Documentation Page Unit (Hyde\Framework\Testing\Unit\Pages\DocumentationPageUnit)::Base route key" class="Hyde\Framework\Testing\Unit\Pages\DocumentationPageUnitTest" classname="Hyde.Framework.Testing.Unit.Pages.DocumentationPageUnitTest" assertions="1" time="0.003062"/>
        <testcase name="File extension" file="Documentation Page Unit (Hyde\Framework\Testing\Unit\Pages\DocumentationPageUnit)::File extension" class="Hyde\Framework\Testing\Unit\Pages\DocumentationPageUnitTest" classname="Hyde.Framework.Testing.Unit.Pages.DocumentationPageUnitTest" assertions="1" time="0.003090"/>
        <testcase name="Source path" file="Documentation Page Unit (Hyde\Framework\Testing\Unit\Pages\DocumentationPageUnit)::Source path" class="Hyde\Framework\Testing\Unit\Pages\DocumentationPageUnitTest" classname="Hyde.Framework.Testing.Unit.Pages.DocumentationPageUnitTest" assertions="1" time="0.003160"/>
        <testcase name="Output path" file="Documentation Page Unit (Hyde\Framework\Testing\Unit\Pages\DocumentationPageUnit)::Output path" class="Hyde\Framework\Testing\Unit\Pages\DocumentationPageUnitTest" classname="Hyde.Framework.Testing.Unit.Pages.DocumentationPageUnitTest" assertions="1" time="0.003143"/>
        <testcase name="Path" file="Documentation Page Unit (Hyde\Framework\Testing\Unit\Pages\DocumentationPageUnit)::Path" class="Hyde\Framework\Testing\Unit\Pages\DocumentationPageUnitTest" classname="Hyde.Framework.Testing.Unit.Pages.DocumentationPageUnitTest" assertions="1" time="0.003207"/>
        <testcase name="Get source path" file="Documentation Page Unit (Hyde\Framework\Testing\Unit\Pages\DocumentationPageUnit)::Get source path" class="Hyde\Framework\Testing\Unit\Pages\DocumentationPageUnitTest" classname="Hyde.Framework.Testing.Unit.Pages.DocumentationPageUnitTest" assertions="1" time="0.004437"/>
        <testcase name="Get output path" file="Documentation Page Unit (Hyde\Framework\Testing\Unit\Pages\DocumentationPageUnit)::Get output path" class="Hyde\Framework\Testing\Unit\Pages\DocumentationPageUnitTest" classname="Hyde.Framework.Testing.Unit.Pages.DocumentationPageUnitTest" assertions="1" time="0.004295"/>
        <testcase name="Get link" file="Documentation Page Unit (Hyde\Framework\Testing\Unit\Pages\DocumentationPageUnit)::Get link" class="Hyde\Framework\Testing\Unit\Pages\DocumentationPageUnitTest" classname="Hyde.Framework.Testing.Unit.Pages.DocumentationPageUnitTest" assertions="1" time="0.004269"/>
        <testcase name="Make" file="Documentation Page Unit (Hyde\Framework\Testing\Unit\Pages\DocumentationPageUnit)::Make" class="Hyde\Framework\Testing\Unit\Pages\DocumentationPageUnitTest" classname="Hyde.Framework.Testing.Unit.Pages.DocumentationPageUnitTest" assertions="1" time="0.004792"/>
        <testcase name="Make with data" file="Documentation Page Unit (Hyde\Framework\Testing\Unit\Pages\DocumentationPageUnit)::Make with data" class="Hyde\Framework\Testing\Unit\Pages\DocumentationPageUnitTest" classname="Hyde.Framework.Testing.Unit.Pages.DocumentationPageUnitTest" assertions="1" time="0.005197"/>
        <testcase name="Show in navigation" file="Documentation Page Unit (Hyde\Framework\Testing\Unit\Pages\DocumentationPageUnit)::Show in navigation" class="Hyde\Framework\Testing\Unit\Pages\DocumentationPageUnitTest" classname="Hyde.Framework.Testing.Unit.Pages.DocumentationPageUnitTest" assertions="1" time="0.004018"/>
        <testcase name="Navigation menu priority" file="Documentation Page Unit (Hyde\Framework\Testing\Unit\Pages\DocumentationPageUnit)::Navigation menu priority" class="Hyde\Framework\Testing\Unit\Pages\DocumentationPageUnitTest" classname="Hyde.Framework.Testing.Unit.Pages.DocumentationPageUnitTest" assertions="1" time="0.004074"/>
        <testcase name="Navigation menu label" file="Documentation Page Unit (Hyde\Framework\Testing\Unit\Pages\DocumentationPageUnit)::Navigation menu label" class="Hyde\Framework\Testing\Unit\Pages\DocumentationPageUnitTest" classname="Hyde.Framework.Testing.Unit.Pages.DocumentationPageUnitTest" assertions="1" time="0.004243"/>
        <testcase name="Navigation menu group" file="Documentation Page Unit (Hyde\Framework\Testing\Unit\Pages\DocumentationPageUnit)::Navigation menu group" class="Hyde\Framework\Testing\Unit\Pages\DocumentationPageUnitTest" classname="Hyde.Framework.Testing.Unit.Pages.DocumentationPageUnitTest" assertions="1" time="0.004239"/>
        <testcase name="Navigation menu group with data" file="Documentation Page Unit (Hyde\Framework\Testing\Unit\Pages\DocumentationPageUnit)::Navigation menu group with data" class="Hyde\Framework\Testing\Unit\Pages\DocumentationPageUnitTest" classname="Hyde.Framework.Testing.Unit.Pages.DocumentationPageUnitTest" assertions="1" time="0.004054"/>
        <testcase name="Get blade view" file="Documentation Page Unit (Hyde\Framework\Testing\Unit\Pages\DocumentationPageUnit)::Get blade view" class="Hyde\Framework\Testing\Unit\Pages\DocumentationPageUnitTest" classname="Hyde.Framework.Testing.Unit.Pages.DocumentationPageUnitTest" assertions="1" time="0.004261"/>
        <testcase name="Files" file="Documentation Page Unit (Hyde\Framework\Testing\Unit\Pages\DocumentationPageUnit)::Files" class="Hyde\Framework\Testing\Unit\Pages\DocumentationPageUnitTest" classname="Hyde.Framework.Testing.Unit.Pages.DocumentationPageUnitTest" assertions="1" time="0.007057"/>
        <testcase name="Data" file="Documentation Page Unit (Hyde\Framework\Testing\Unit\Pages\DocumentationPageUnit)::Data" class="Hyde\Framework\Testing\Unit\Pages\DocumentationPageUnitTest" classname="Hyde.Framework.Testing.Unit.Pages.DocumentationPageUnitTest" assertions="1" time="0.004223"/>
        <testcase name="Get" file="Documentation Page Unit (Hyde\Framework\Testing\Unit\Pages\DocumentationPageUnit)::Get" class="Hyde\Framework\Testing\Unit\Pages\DocumentationPageUnitTest" classname="Hyde.Framework.Testing.Unit.Pages.DocumentationPageUnitTest" assertions="1" time="0.008816"/>
        <testcase name="Parse" file="Documentation Page Unit (Hyde\Framework\Testing\Unit\Pages\DocumentationPageUnit)::Parse" class="Hyde\Framework\Testing\Unit\Pages\DocumentationPageUnitTest" classname="Hyde.Framework.Testing.Unit.Pages.DocumentationPageUnitTest" assertions="1" time="0.005162"/>
        <testcase name="Get route key" file="Documentation Page Unit (Hyde\Framework\Testing\Unit\Pages\DocumentationPageUnit)::Get route key" class="Hyde\Framework\Testing\Unit\Pages\DocumentationPageUnitTest" classname="Hyde.Framework.Testing.Unit.Pages.DocumentationPageUnitTest" assertions="1" time="0.004235"/>
        <testcase name="Title" file="Documentation Page Unit (Hyde\Framework\Testing\Unit\Pages\DocumentationPageUnit)::Title" class="Hyde\Framework\Testing\Unit\Pages\DocumentationPageUnitTest" classname="Hyde.Framework.Testing.Unit.Pages.DocumentationPageUnitTest" assertions="1" time="0.004196"/>
        <testcase name="All" file="Documentation Page Unit (Hyde\Framework\Testing\Unit\Pages\DocumentationPageUnit)::All" class="Hyde\Framework\Testing\Unit\Pages\DocumentationPageUnitTest" classname="Hyde.Framework.Testing.Unit.Pages.DocumentationPageUnitTest" assertions="1" time="0.006528"/>
        <testcase name="Metadata" file="Documentation Page Unit (Hyde\Framework\Testing\Unit\Pages\DocumentationPageUnit)::Metadata" class="Hyde\Framework\Testing\Unit\Pages\DocumentationPageUnitTest" classname="Hyde.Framework.Testing.Unit.Pages.DocumentationPageUnitTest" assertions="1" time="0.004067"/>
        <testcase name="Construct" file="Documentation Page Unit (Hyde\Framework\Testing\Unit\Pages\DocumentationPageUnit)::Construct" class="Hyde\Framework\Testing\Unit\Pages\DocumentationPageUnitTest" classname="Hyde.Framework.Testing.Unit.Pages.DocumentationPageUnitTest" assertions="1" time="0.004033"/>
        <testcase name="Get route" file="Documentation Page Unit (Hyde\Framework\Testing\Unit\Pages\DocumentationPageUnit)::Get route" class="Hyde\Framework\Testing\Unit\Pages\DocumentationPageUnitTest" classname="Hyde.Framework.Testing.Unit.Pages.DocumentationPageUnitTest" assertions="1" time="0.006923"/>
        <testcase name="Get identifier" file="Documentation Page Unit (Hyde\Framework\Testing\Unit\Pages\DocumentationPageUnit)::Get identifier" class="Hyde\Framework\Testing\Unit\Pages\DocumentationPageUnitTest" classname="Hyde.Framework.Testing.Unit.Pages.DocumentationPageUnitTest" assertions="1" time="0.004223"/>
        <testcase name="Has" file="Documentation Page Unit (Hyde\Framework\Testing\Unit\Pages\DocumentationPageUnit)::Has" class="Hyde\Framework\Testing\Unit\Pages\DocumentationPageUnitTest" classname="Hyde.Framework.Testing.Unit.Pages.DocumentationPageUnitTest" assertions="1" time="0.004204"/>
        <testcase name="To core data object" file="Documentation Page Unit (Hyde\Framework\Testing\Unit\Pages\DocumentationPageUnit)::To core data object" class="Hyde\Framework\Testing\Unit\Pages\DocumentationPageUnitTest" classname="Hyde.Framework.Testing.Unit.Pages.DocumentationPageUnitTest" assertions="1" time="0.004254"/>
        <testcase name="Compile" file="Documentation Page Unit (Hyde\Framework\Testing\Unit\Pages\DocumentationPageUnit)::Compile" class="Hyde\Framework\Testing\Unit\Pages\DocumentationPageUnitTest" classname="Hyde.Framework.Testing.Unit.Pages.DocumentationPageUnitTest" assertions="1" time="0.009017"/>
        <testcase name="Matter" file="Documentation Page Unit (Hyde\Framework\Testing\Unit\Pages\DocumentationPageUnit)::Matter" class="Hyde\Framework\Testing\Unit\Pages\DocumentationPageUnitTest" classname="Hyde.Framework.Testing.Unit.Pages.DocumentationPageUnitTest" assertions="1" time="0.004225"/>
        <testcase name="Markdown" file="Documentation Page Unit (Hyde\Framework\Testing\Unit\Pages\DocumentationPageUnit)::Markdown" class="Hyde\Framework\Testing\Unit\Pages\DocumentationPageUnitTest" classname="Hyde.Framework.Testing.Unit.Pages.DocumentationPageUnitTest" assertions="1" time="0.004218"/>
        <testcase name="Save" file="Documentation Page Unit (Hyde\Framework\Testing\Unit\Pages\DocumentationPageUnit)::Save" class="Hyde\Framework\Testing\Unit\Pages\DocumentationPageUnitTest" classname="Hyde.Framework.Testing.Unit.Pages.DocumentationPageUnitTest" assertions="2" time="0.004949"/>
      </testsuite>
      <testsuite name="Hyde\Framework\Testing\Unit\Pages\HtmlPageTest" file="Html Page (Hyde\Framework\Testing\Unit\Pages\HtmlPage)" tests="2" assertions="3" errors="0" failures="0" skipped="0" time="0.076626">
        <testcase name="Html page can be compiled" file="Html Page (Hyde\Framework\Testing\Unit\Pages\HtmlPage)::Html page can be compiled" class="Hyde\Framework\Testing\Unit\Pages\HtmlPageTest" classname="Hyde.Framework.Testing.Unit.Pages.HtmlPageTest" assertions="2" time="0.055535"/>
        <testcase name="Compile method uses contents" file="Html Page (Hyde\Framework\Testing\Unit\Pages\HtmlPage)::Compile method uses contents" class="Hyde\Framework\Testing\Unit\Pages\HtmlPageTest" classname="Hyde.Framework.Testing.Unit.Pages.HtmlPageTest" assertions="1" time="0.021091"/>
      </testsuite>
      <testsuite name="Hyde\Framework\Testing\Unit\Pages\HtmlPageUnitTest" file="Html Page Unit (Hyde\Framework\Testing\Unit\Pages\HtmlPageUnit)" tests="32" assertions="32" errors="0" failures="0" skipped="0" time="0.145540">
        <testcase name="Source directory" file="Html Page Unit (Hyde\Framework\Testing\Unit\Pages\HtmlPageUnit)::Source directory" class="Hyde\Framework\Testing\Unit\Pages\HtmlPageUnitTest" classname="Hyde.Framework.Testing.Unit.Pages.HtmlPageUnitTest" assertions="1" time="0.006101"/>
        <testcase name="Output directory" file="Html Page Unit (Hyde\Framework\Testing\Unit\Pages\HtmlPageUnit)::Output directory" class="Hyde\Framework\Testing\Unit\Pages\HtmlPageUnitTest" classname="Hyde.Framework.Testing.Unit.Pages.HtmlPageUnitTest" assertions="1" time="0.003105"/>
        <testcase name="Base route key" file="Html Page Unit (Hyde\Framework\Testing\Unit\Pages\HtmlPageUnit)::Base route key" class="Hyde\Framework\Testing\Unit\Pages\HtmlPageUnitTest" classname="Hyde.Framework.Testing.Unit.Pages.HtmlPageUnitTest" assertions="1" time="0.003059"/>
        <testcase name="File extension" file="Html Page Unit (Hyde\Framework\Testing\Unit\Pages\HtmlPageUnit)::File extension" class="Hyde\Framework\Testing\Unit\Pages\HtmlPageUnitTest" classname="Hyde.Framework.Testing.Unit.Pages.HtmlPageUnitTest" assertions="1" time="0.003048"/>
        <testcase name="Source path" file="Html Page Unit (Hyde\Framework\Testing\Unit\Pages\HtmlPageUnit)::Source path" class="Hyde\Framework\Testing\Unit\Pages\HtmlPageUnitTest" classname="Hyde.Framework.Testing.Unit.Pages.HtmlPageUnitTest" assertions="1" time="0.003119"/>
        <testcase name="Output path" file="Html Page Unit (Hyde\Framework\Testing\Unit\Pages\HtmlPageUnit)::Output path" class="Hyde\Framework\Testing\Unit\Pages\HtmlPageUnitTest" classname="Hyde.Framework.Testing.Unit.Pages.HtmlPageUnitTest" assertions="1" time="0.003140"/>
        <testcase name="Path" file="Html Page Unit (Hyde\Framework\Testing\Unit\Pages\HtmlPageUnit)::Path" class="Hyde\Framework\Testing\Unit\Pages\HtmlPageUnitTest" classname="Hyde.Framework.Testing.Unit.Pages.HtmlPageUnitTest" assertions="1" time="0.003200"/>
        <testcase name="Get source path" file="Html Page Unit (Hyde\Framework\Testing\Unit\Pages\HtmlPageUnit)::Get source path" class="Hyde\Framework\Testing\Unit\Pages\HtmlPageUnitTest" classname="Hyde.Framework.Testing.Unit.Pages.HtmlPageUnitTest" assertions="1" time="0.004087"/>
        <testcase name="Get output path" file="Html Page Unit (Hyde\Framework\Testing\Unit\Pages\HtmlPageUnit)::Get output path" class="Hyde\Framework\Testing\Unit\Pages\HtmlPageUnitTest" classname="Hyde.Framework.Testing.Unit.Pages.HtmlPageUnitTest" assertions="1" time="0.004086"/>
        <testcase name="Get link" file="Html Page Unit (Hyde\Framework\Testing\Unit\Pages\HtmlPageUnit)::Get link" class="Hyde\Framework\Testing\Unit\Pages\HtmlPageUnitTest" classname="Hyde.Framework.Testing.Unit.Pages.HtmlPageUnitTest" assertions="1" time="0.004131"/>
        <testcase name="Make" file="Html Page Unit (Hyde\Framework\Testing\Unit\Pages\HtmlPageUnit)::Make" class="Hyde\Framework\Testing\Unit\Pages\HtmlPageUnitTest" classname="Hyde.Framework.Testing.Unit.Pages.HtmlPageUnitTest" assertions="1" time="0.004577"/>
        <testcase name="Make with data" file="Html Page Unit (Hyde\Framework\Testing\Unit\Pages\HtmlPageUnit)::Make with data" class="Hyde\Framework\Testing\Unit\Pages\HtmlPageUnitTest" classname="Hyde.Framework.Testing.Unit.Pages.HtmlPageUnitTest" assertions="1" time="0.004943"/>
        <testcase name="Show in navigation" file="Html Page Unit (Hyde\Framework\Testing\Unit\Pages\HtmlPageUnit)::Show in navigation" class="Hyde\Framework\Testing\Unit\Pages\HtmlPageUnitTest" classname="Hyde.Framework.Testing.Unit.Pages.HtmlPageUnitTest" assertions="1" time="0.003952"/>
        <testcase name="Navigation menu priority" file="Html Page Unit (Hyde\Framework\Testing\Unit\Pages\HtmlPageUnit)::Navigation menu priority" class="Hyde\Framework\Testing\Unit\Pages\HtmlPageUnitTest" classname="Hyde.Framework.Testing.Unit.Pages.HtmlPageUnitTest" assertions="1" time="0.004027"/>
        <testcase name="Navigation menu label" file="Html Page Unit (Hyde\Framework\Testing\Unit\Pages\HtmlPageUnit)::Navigation menu label" class="Hyde\Framework\Testing\Unit\Pages\HtmlPageUnitTest" classname="Hyde.Framework.Testing.Unit.Pages.HtmlPageUnitTest" assertions="1" time="0.004179"/>
        <testcase name="Navigation menu group" file="Html Page Unit (Hyde\Framework\Testing\Unit\Pages\HtmlPageUnit)::Navigation menu group" class="Hyde\Framework\Testing\Unit\Pages\HtmlPageUnitTest" classname="Hyde.Framework.Testing.Unit.Pages.HtmlPageUnitTest" assertions="1" time="0.004133"/>
        <testcase name="Get blade view" file="Html Page Unit (Hyde\Framework\Testing\Unit\Pages\HtmlPageUnit)::Get blade view" class="Hyde\Framework\Testing\Unit\Pages\HtmlPageUnitTest" classname="Hyde.Framework.Testing.Unit.Pages.HtmlPageUnitTest" assertions="1" time="0.004199"/>
        <testcase name="Files" file="Html Page Unit (Hyde\Framework\Testing\Unit\Pages\HtmlPageUnit)::Files" class="Hyde\Framework\Testing\Unit\Pages\HtmlPageUnitTest" classname="Hyde.Framework.Testing.Unit.Pages.HtmlPageUnitTest" assertions="1" time="0.006759"/>
        <testcase name="Data" file="Html Page Unit (Hyde\Framework\Testing\Unit\Pages\HtmlPageUnit)::Data" class="Hyde\Framework\Testing\Unit\Pages\HtmlPageUnitTest" classname="Hyde.Framework.Testing.Unit.Pages.HtmlPageUnitTest" assertions="1" time="0.004138"/>
        <testcase name="Get" file="Html Page Unit (Hyde\Framework\Testing\Unit\Pages\HtmlPageUnit)::Get" class="Hyde\Framework\Testing\Unit\Pages\HtmlPageUnitTest" classname="Hyde.Framework.Testing.Unit.Pages.HtmlPageUnitTest" assertions="1" time="0.008274"/>
        <testcase name="Parse" file="Html Page Unit (Hyde\Framework\Testing\Unit\Pages\HtmlPageUnit)::Parse" class="Hyde\Framework\Testing\Unit\Pages\HtmlPageUnitTest" classname="Hyde.Framework.Testing.Unit.Pages.HtmlPageUnitTest" assertions="1" time="0.004851"/>
        <testcase name="Get route key" file="Html Page Unit (Hyde\Framework\Testing\Unit\Pages\HtmlPageUnit)::Get route key" class="Hyde\Framework\Testing\Unit\Pages\HtmlPageUnitTest" classname="Hyde.Framework.Testing.Unit.Pages.HtmlPageUnitTest" assertions="1" time="0.004141"/>
        <testcase name="Title" file="Html Page Unit (Hyde\Framework\Testing\Unit\Pages\HtmlPageUnit)::Title" class="Hyde\Framework\Testing\Unit\Pages\HtmlPageUnitTest" classname="Hyde.Framework.Testing.Unit.Pages.HtmlPageUnitTest" assertions="1" time="0.004180"/>
        <testcase name="All" file="Html Page Unit (Hyde\Framework\Testing\Unit\Pages\HtmlPageUnit)::All" class="Hyde\Framework\Testing\Unit\Pages\HtmlPageUnitTest" classname="Hyde.Framework.Testing.Unit.Pages.HtmlPageUnitTest" assertions="1" time="0.006584"/>
        <testcase name="Metadata" file="Html Page Unit (Hyde\Framework\Testing\Unit\Pages\HtmlPageUnit)::Metadata" class="Hyde\Framework\Testing\Unit\Pages\HtmlPageUnitTest" classname="Hyde.Framework.Testing.Unit.Pages.HtmlPageUnitTest" assertions="1" time="0.004019"/>
        <testcase name="Construct" file="Html Page Unit (Hyde\Framework\Testing\Unit\Pages\HtmlPageUnit)::Construct" class="Hyde\Framework\Testing\Unit\Pages\HtmlPageUnitTest" classname="Hyde.Framework.Testing.Unit.Pages.HtmlPageUnitTest" assertions="1" time="0.004007"/>
        <testcase name="Get route" file="Html Page Unit (Hyde\Framework\Testing\Unit\Pages\HtmlPageUnit)::Get route" class="Hyde\Framework\Testing\Unit\Pages\HtmlPageUnitTest" classname="Hyde.Framework.Testing.Unit.Pages.HtmlPageUnitTest" assertions="1" time="0.006879"/>
        <testcase name="Get identifier" file="Html Page Unit (Hyde\Framework\Testing\Unit\Pages\HtmlPageUnit)::Get identifier" class="Hyde\Framework\Testing\Unit\Pages\HtmlPageUnitTest" classname="Hyde.Framework.Testing.Unit.Pages.HtmlPageUnitTest" assertions="1" time="0.004160"/>
        <testcase name="Has" file="Html Page Unit (Hyde\Framework\Testing\Unit\Pages\HtmlPageUnit)::Has" class="Hyde\Framework\Testing\Unit\Pages\HtmlPageUnitTest" classname="Hyde.Framework.Testing.Unit.Pages.HtmlPageUnitTest" assertions="1" time="0.004157"/>
        <testcase name="To core data object" file="Html Page Unit (Hyde\Framework\Testing\Unit\Pages\HtmlPageUnit)::To core data object" class="Hyde\Framework\Testing\Unit\Pages\HtmlPageUnitTest" classname="Hyde.Framework.Testing.Unit.Pages.HtmlPageUnitTest" assertions="1" time="0.004158"/>
        <testcase name="Compile" file="Html Page Unit (Hyde\Framework\Testing\Unit\Pages\HtmlPageUnit)::Compile" class="Hyde\Framework\Testing\Unit\Pages\HtmlPageUnitTest" classname="Hyde.Framework.Testing.Unit.Pages.HtmlPageUnitTest" assertions="1" time="0.008012"/>
        <testcase name="Matter" file="Html Page Unit (Hyde\Framework\Testing\Unit\Pages\HtmlPageUnit)::Matter" class="Hyde\Framework\Testing\Unit\Pages\HtmlPageUnitTest" classname="Hyde.Framework.Testing.Unit.Pages.HtmlPageUnitTest" assertions="1" time="0.004131"/>
      </testsuite>
      <testsuite name="Hyde\Framework\Testing\Unit\Pages\InMemoryPageTest" file="In Memory Page (Hyde\Framework\Testing\Unit\Pages\InMemoryPage)" tests="16" assertions="19" errors="0" failures="0" skipped="0" time="0.368734">
        <testcase name="Construct with contents string" file="In Memory Page (Hyde\Framework\Testing\Unit\Pages\InMemoryPage)::Construct with contents string" class="Hyde\Framework\Testing\Unit\Pages\InMemoryPageTest" classname="Hyde.Framework.Testing.Unit.Pages.InMemoryPageTest" assertions="1" time="0.053674"/>
        <testcase name="Make with contents string" file="In Memory Page (Hyde\Framework\Testing\Unit\Pages\InMemoryPage)::Make with contents string" class="Hyde\Framework\Testing\Unit\Pages\InMemoryPageTest" classname="Hyde.Framework.Testing.Unit.Pages.InMemoryPageTest" assertions="2" time="0.022019"/>
        <testcase name="Contents method" file="In Memory Page (Hyde\Framework\Testing\Unit\Pages\InMemoryPage)::Contents method" class="Hyde\Framework\Testing\Unit\Pages\InMemoryPageTest" classname="Hyde.Framework.Testing.Unit.Pages.InMemoryPageTest" assertions="1" time="0.020169"/>
        <testcase name="View method" file="In Memory Page (Hyde\Framework\Testing\Unit\Pages\InMemoryPage)::View method" class="Hyde\Framework\Testing\Unit\Pages\InMemoryPageTest" classname="Hyde.Framework.Testing.Unit.Pages.InMemoryPageTest" assertions="1" time="0.020154"/>
        <testcase name="Compile method uses contents property" file="In Memory Page (Hyde\Framework\Testing\Unit\Pages\InMemoryPage)::Compile method uses contents property" class="Hyde\Framework\Testing\Unit\Pages\InMemoryPageTest" classname="Hyde.Framework.Testing.Unit.Pages.InMemoryPageTest" assertions="1" time="0.020647"/>
        <testcase name="Compile method uses view property" file="In Memory Page (Hyde\Framework\Testing\Unit\Pages\InMemoryPage)::Compile method uses view property" class="Hyde\Framework\Testing\Unit\Pages\InMemoryPageTest" classname="Hyde.Framework.Testing.Unit.Pages.InMemoryPageTest" assertions="1" time="0.021558"/>
        <testcase name="Compile method using view compile and front matter" file="In Memory Page (Hyde\Framework\Testing\Unit\Pages\InMemoryPage)::Compile method using view compile and front matter" class="Hyde\Framework\Testing\Unit\Pages\InMemoryPageTest" classname="Hyde.Framework.Testing.Unit.Pages.InMemoryPageTest" assertions="1" time="0.022000"/>
        <testcase name="Compile method prefers contents property over view" file="In Memory Page (Hyde\Framework\Testing\Unit\Pages\InMemoryPage)::Compile method prefers contents property over view" class="Hyde\Framework\Testing\Unit\Pages\InMemoryPageTest" classname="Hyde.Framework.Testing.Unit.Pages.InMemoryPageTest" assertions="1" time="0.021074"/>
        <testcase name="Compile method can compile anonymous view files" file="In Memory Page (Hyde\Framework\Testing\Unit\Pages\InMemoryPage)::Compile method can compile anonymous view files" class="Hyde\Framework\Testing\Unit\Pages\InMemoryPageTest" classname="Hyde.Framework.Testing.Unit.Pages.InMemoryPageTest" assertions="1" time="0.022128"/>
        <testcase name="Compile method can compile anonymous view files with front matter" file="In Memory Page (Hyde\Framework\Testing\Unit\Pages\InMemoryPage)::Compile method can compile anonymous view files with front matter" class="Hyde\Framework\Testing\Unit\Pages\InMemoryPageTest" classname="Hyde.Framework.Testing.Unit.Pages.InMemoryPageTest" assertions="1" time="0.022175"/>
        <testcase name="Can create instance macros" file="In Memory Page (Hyde\Framework\Testing\Unit\Pages\InMemoryPage)::Can create instance macros" class="Hyde\Framework\Testing\Unit\Pages\InMemoryPageTest" classname="Hyde.Framework.Testing.Unit.Pages.InMemoryPageTest" assertions="1" time="0.020515"/>
        <testcase name="Can create instance macros using callable object" file="In Memory Page (Hyde\Framework\Testing\Unit\Pages\InMemoryPage)::Can create instance macros using callable object" class="Hyde\Framework\Testing\Unit\Pages\InMemoryPageTest" classname="Hyde.Framework.Testing.Unit.Pages.InMemoryPageTest" assertions="1" time="0.020548"/>
        <testcase name="Calling macro with arguments" file="In Memory Page (Hyde\Framework\Testing\Unit\Pages\InMemoryPage)::Calling macro with arguments" class="Hyde\Framework\Testing\Unit\Pages\InMemoryPageTest" classname="Hyde.Framework.Testing.Unit.Pages.InMemoryPageTest" assertions="1" time="0.020601"/>
        <testcase name="Can use macros to overload class compile method" file="In Memory Page (Hyde\Framework\Testing\Unit\Pages\InMemoryPage)::Can use macros to overload class compile method" class="Hyde\Framework\Testing\Unit\Pages\InMemoryPageTest" classname="Hyde.Framework.Testing.Unit.Pages.InMemoryPageTest" assertions="1" time="0.020445"/>
        <testcase name="Calling undefined macro" file="In Memory Page (Hyde\Framework\Testing\Unit\Pages\InMemoryPage)::Calling undefined macro" class="Hyde\Framework\Testing\Unit\Pages\InMemoryPageTest" classname="Hyde.Framework.Testing.Unit.Pages.InMemoryPageTest" assertions="2" time="0.020469"/>
        <testcase name="Has macro" file="In Memory Page (Hyde\Framework\Testing\Unit\Pages\InMemoryPage)::Has macro" class="Hyde\Framework\Testing\Unit\Pages\InMemoryPageTest" classname="Hyde.Framework.Testing.Unit.Pages.InMemoryPageTest" assertions="2" time="0.020557"/>
      </testsuite>
      <testsuite name="Hyde\Framework\Testing\Unit\Pages\InMemoryPageUnitTest" file="In Memory Page Unit (Hyde\Framework\Testing\Unit\Pages\InMemoryPageUnit)" tests="32" assertions="32" errors="0" failures="0" skipped="0" time="0.166208">
        <testcase name="Source directory" file="In Memory Page Unit (Hyde\Framework\Testing\Unit\Pages\InMemoryPageUnit)::Source directory" class="Hyde\Framework\Testing\Unit\Pages\InMemoryPageUnitTest" classname="Hyde.Framework.Testing.Unit.Pages.InMemoryPageUnitTest" assertions="1" time="0.025010"/>
        <testcase name="Output directory" file="In Memory Page Unit (Hyde\Framework\Testing\Unit\Pages\InMemoryPageUnit)::Output directory" class="Hyde\Framework\Testing\Unit\Pages\InMemoryPageUnitTest" classname="Hyde.Framework.Testing.Unit.Pages.InMemoryPageUnitTest" assertions="1" time="0.003142"/>
        <testcase name="Base route key" file="In Memory Page Unit (Hyde\Framework\Testing\Unit\Pages\InMemoryPageUnit)::Base route key" class="Hyde\Framework\Testing\Unit\Pages\InMemoryPageUnitTest" classname="Hyde.Framework.Testing.Unit.Pages.InMemoryPageUnitTest" assertions="1" time="0.003116"/>
        <testcase name="File extension" file="In Memory Page Unit (Hyde\Framework\Testing\Unit\Pages\InMemoryPageUnit)::File extension" class="Hyde\Framework\Testing\Unit\Pages\InMemoryPageUnitTest" classname="Hyde.Framework.Testing.Unit.Pages.InMemoryPageUnitTest" assertions="1" time="0.003125"/>
        <testcase name="Source path" file="In Memory Page Unit (Hyde\Framework\Testing\Unit\Pages\InMemoryPageUnit)::Source path" class="Hyde\Framework\Testing\Unit\Pages\InMemoryPageUnitTest" classname="Hyde.Framework.Testing.Unit.Pages.InMemoryPageUnitTest" assertions="1" time="0.003178"/>
        <testcase name="Output path" file="In Memory Page Unit (Hyde\Framework\Testing\Unit\Pages\InMemoryPageUnit)::Output path" class="Hyde\Framework\Testing\Unit\Pages\InMemoryPageUnitTest" classname="Hyde.Framework.Testing.Unit.Pages.InMemoryPageUnitTest" assertions="1" time="0.003144"/>
        <testcase name="Path" file="In Memory Page Unit (Hyde\Framework\Testing\Unit\Pages\InMemoryPageUnit)::Path" class="Hyde\Framework\Testing\Unit\Pages\InMemoryPageUnitTest" classname="Hyde.Framework.Testing.Unit.Pages.InMemoryPageUnitTest" assertions="1" time="0.003223"/>
        <testcase name="Get source path" file="In Memory Page Unit (Hyde\Framework\Testing\Unit\Pages\InMemoryPageUnit)::Get source path" class="Hyde\Framework\Testing\Unit\Pages\InMemoryPageUnitTest" classname="Hyde.Framework.Testing.Unit.Pages.InMemoryPageUnitTest" assertions="1" time="0.004293"/>
        <testcase name="Get output path" file="In Memory Page Unit (Hyde\Framework\Testing\Unit\Pages\InMemoryPageUnit)::Get output path" class="Hyde\Framework\Testing\Unit\Pages\InMemoryPageUnitTest" classname="Hyde.Framework.Testing.Unit.Pages.InMemoryPageUnitTest" assertions="1" time="0.004248"/>
        <testcase name="Get link" file="In Memory Page Unit (Hyde\Framework\Testing\Unit\Pages\InMemoryPageUnit)::Get link" class="Hyde\Framework\Testing\Unit\Pages\InMemoryPageUnitTest" classname="Hyde.Framework.Testing.Unit.Pages.InMemoryPageUnitTest" assertions="1" time="0.004241"/>
        <testcase name="Make" file="In Memory Page Unit (Hyde\Framework\Testing\Unit\Pages\InMemoryPageUnit)::Make" class="Hyde\Framework\Testing\Unit\Pages\InMemoryPageUnitTest" classname="Hyde.Framework.Testing.Unit.Pages.InMemoryPageUnitTest" assertions="1" time="0.005131"/>
        <testcase name="Make with data" file="In Memory Page Unit (Hyde\Framework\Testing\Unit\Pages\InMemoryPageUnit)::Make with data" class="Hyde\Framework\Testing\Unit\Pages\InMemoryPageUnitTest" classname="Hyde.Framework.Testing.Unit.Pages.InMemoryPageUnitTest" assertions="1" time="0.005170"/>
        <testcase name="Show in navigation" file="In Memory Page Unit (Hyde\Framework\Testing\Unit\Pages\InMemoryPageUnit)::Show in navigation" class="Hyde\Framework\Testing\Unit\Pages\InMemoryPageUnitTest" classname="Hyde.Framework.Testing.Unit.Pages.InMemoryPageUnitTest" assertions="1" time="0.004194"/>
        <testcase name="Navigation menu priority" file="In Memory Page Unit (Hyde\Framework\Testing\Unit\Pages\InMemoryPageUnit)::Navigation menu priority" class="Hyde\Framework\Testing\Unit\Pages\InMemoryPageUnitTest" classname="Hyde.Framework.Testing.Unit.Pages.InMemoryPageUnitTest" assertions="1" time="0.004214"/>
        <testcase name="Navigation menu label" file="In Memory Page Unit (Hyde\Framework\Testing\Unit\Pages\InMemoryPageUnit)::Navigation menu label" class="Hyde\Framework\Testing\Unit\Pages\InMemoryPageUnitTest" classname="Hyde.Framework.Testing.Unit.Pages.InMemoryPageUnitTest" assertions="1" time="0.004316"/>
        <testcase name="Navigation menu group" file="In Memory Page Unit (Hyde\Framework\Testing\Unit\Pages\InMemoryPageUnit)::Navigation menu group" class="Hyde\Framework\Testing\Unit\Pages\InMemoryPageUnitTest" classname="Hyde.Framework.Testing.Unit.Pages.InMemoryPageUnitTest" assertions="1" time="0.004209"/>
        <testcase name="Get blade view" file="In Memory Page Unit (Hyde\Framework\Testing\Unit\Pages\InMemoryPageUnit)::Get blade view" class="Hyde\Framework\Testing\Unit\Pages\InMemoryPageUnitTest" classname="Hyde.Framework.Testing.Unit.Pages.InMemoryPageUnitTest" assertions="1" time="0.004240"/>
        <testcase name="Files" file="In Memory Page Unit (Hyde\Framework\Testing\Unit\Pages\InMemoryPageUnit)::Files" class="Hyde\Framework\Testing\Unit\Pages\InMemoryPageUnitTest" classname="Hyde.Framework.Testing.Unit.Pages.InMemoryPageUnitTest" assertions="1" time="0.006881"/>
        <testcase name="Data" file="In Memory Page Unit (Hyde\Framework\Testing\Unit\Pages\InMemoryPageUnit)::Data" class="Hyde\Framework\Testing\Unit\Pages\InMemoryPageUnitTest" classname="Hyde.Framework.Testing.Unit.Pages.InMemoryPageUnitTest" assertions="1" time="0.004190"/>
        <testcase name="Get" file="In Memory Page Unit (Hyde\Framework\Testing\Unit\Pages\InMemoryPageUnit)::Get" class="Hyde\Framework\Testing\Unit\Pages\InMemoryPageUnitTest" classname="Hyde.Framework.Testing.Unit.Pages.InMemoryPageUnitTest" assertions="1" time="0.006906"/>
        <testcase name="Parse" file="In Memory Page Unit (Hyde\Framework\Testing\Unit\Pages\InMemoryPageUnit)::Parse" class="Hyde\Framework\Testing\Unit\Pages\InMemoryPageUnitTest" classname="Hyde.Framework.Testing.Unit.Pages.InMemoryPageUnitTest" assertions="1" time="0.004983"/>
        <testcase name="Get route key" file="In Memory Page Unit (Hyde\Framework\Testing\Unit\Pages\InMemoryPageUnit)::Get route key" class="Hyde\Framework\Testing\Unit\Pages\InMemoryPageUnitTest" classname="Hyde.Framework.Testing.Unit.Pages.InMemoryPageUnitTest" assertions="1" time="0.004188"/>
        <testcase name="Title" file="In Memory Page Unit (Hyde\Framework\Testing\Unit\Pages\InMemoryPageUnit)::Title" class="Hyde\Framework\Testing\Unit\Pages\InMemoryPageUnitTest" classname="Hyde.Framework.Testing.Unit.Pages.InMemoryPageUnitTest" assertions="1" time="0.004191"/>
        <testcase name="All" file="In Memory Page Unit (Hyde\Framework\Testing\Unit\Pages\InMemoryPageUnit)::All" class="Hyde\Framework\Testing\Unit\Pages\InMemoryPageUnitTest" classname="Hyde.Framework.Testing.Unit.Pages.InMemoryPageUnitTest" assertions="1" time="0.006557"/>
        <testcase name="Metadata" file="In Memory Page Unit (Hyde\Framework\Testing\Unit\Pages\InMemoryPageUnit)::Metadata" class="Hyde\Framework\Testing\Unit\Pages\InMemoryPageUnitTest" classname="Hyde.Framework.Testing.Unit.Pages.InMemoryPageUnitTest" assertions="1" time="0.004166"/>
        <testcase name="Construct" file="In Memory Page Unit (Hyde\Framework\Testing\Unit\Pages\InMemoryPageUnit)::Construct" class="Hyde\Framework\Testing\Unit\Pages\InMemoryPageUnitTest" classname="Hyde.Framework.Testing.Unit.Pages.InMemoryPageUnitTest" assertions="1" time="0.004227"/>
        <testcase name="Get route" file="In Memory Page Unit (Hyde\Framework\Testing\Unit\Pages\InMemoryPageUnit)::Get route" class="Hyde\Framework\Testing\Unit\Pages\InMemoryPageUnitTest" classname="Hyde.Framework.Testing.Unit.Pages.InMemoryPageUnitTest" assertions="1" time="0.006896"/>
        <testcase name="Get identifier" file="In Memory Page Unit (Hyde\Framework\Testing\Unit\Pages\InMemoryPageUnit)::Get identifier" class="Hyde\Framework\Testing\Unit\Pages\InMemoryPageUnitTest" classname="Hyde.Framework.Testing.Unit.Pages.InMemoryPageUnitTest" assertions="1" time="0.004200"/>
        <testcase name="Has" file="In Memory Page Unit (Hyde\Framework\Testing\Unit\Pages\InMemoryPageUnit)::Has" class="Hyde\Framework\Testing\Unit\Pages\InMemoryPageUnitTest" classname="Hyde.Framework.Testing.Unit.Pages.InMemoryPageUnitTest" assertions="1" time="0.004180"/>
        <testcase name="To core data object" file="In Memory Page Unit (Hyde\Framework\Testing\Unit\Pages\InMemoryPageUnit)::To core data object" class="Hyde\Framework\Testing\Unit\Pages\InMemoryPageUnitTest" classname="Hyde.Framework.Testing.Unit.Pages.InMemoryPageUnitTest" assertions="1" time="0.004219"/>
        <testcase name="Compile" file="In Memory Page Unit (Hyde\Framework\Testing\Unit\Pages\InMemoryPageUnit)::Compile" class="Hyde\Framework\Testing\Unit\Pages\InMemoryPageUnitTest" classname="Hyde.Framework.Testing.Unit.Pages.InMemoryPageUnitTest" assertions="1" time="0.008053"/>
        <testcase name="Matter" file="In Memory Page Unit (Hyde\Framework\Testing\Unit\Pages\InMemoryPageUnit)::Matter" class="Hyde\Framework\Testing\Unit\Pages\InMemoryPageUnitTest" classname="Hyde.Framework.Testing.Unit.Pages.InMemoryPageUnitTest" assertions="1" time="0.004177"/>
      </testsuite>
      <testsuite name="Hyde\Framework\Testing\Unit\Pages\MarkdownPageModelConstructorArgumentsAreOptionalTest" file="Markdown Page Model Constructor Arguments Are Optional (Hyde\Framework\Testing\Unit\Pages\MarkdownPageModelConstructorArgumentsAreOptional)" tests="1" assertions="3" errors="0" failures="0" skipped="0" time="0.062418">
        <testcase name="Markdown page model constructor arguments are optional" file="Markdown Page Model Constructor Arguments Are Optional (Hyde\Framework\Testing\Unit\Pages\MarkdownPageModelConstructorArgumentsAreOptional)::Markdown page model constructor arguments are optional" class="Hyde\Framework\Testing\Unit\Pages\MarkdownPageModelConstructorArgumentsAreOptionalTest" classname="Hyde.Framework.Testing.Unit.Pages.MarkdownPageModelConstructorArgumentsAreOptionalTest" assertions="3" time="0.062418"/>
      </testsuite>
      <testsuite name="Hyde\Framework\Testing\Unit\Pages\MarkdownPageTest" file="Markdown Page (Hyde\Framework\Testing\Unit\Pages\MarkdownPage)" tests="3" assertions="6" errors="0" failures="0" skipped="0" time="0.083088">
        <testcase name="Can get collection of slugs" file="Markdown Page (Hyde\Framework\Testing\Unit\Pages\MarkdownPage)::Can get collection of slugs" class="Hyde\Framework\Testing\Unit\Pages\MarkdownPageTest" classname="Hyde.Framework.Testing.Unit.Pages.MarkdownPageTest" assertions="1" time="0.026636"/>
        <testcase name="Created model contains expected data" file="Markdown Page (Hyde\Framework\Testing\Unit\Pages\MarkdownPage)::Created model contains expected data" class="Hyde\Framework\Testing\Unit\Pages\MarkdownPageTest" classname="Hyde.Framework.Testing.Unit.Pages.MarkdownPageTest" assertions="3" time="0.021206"/>
        <testcase name="Can render markdown page" file="Markdown Page (Hyde\Framework\Testing\Unit\Pages\MarkdownPage)::Can render markdown page" class="Hyde\Framework\Testing\Unit\Pages\MarkdownPageTest" classname="Hyde.Framework.Testing.Unit.Pages.MarkdownPageTest" assertions="2" time="0.035246"/>
      </testsuite>
      <testsuite name="Hyde\Framework\Testing\Unit\Pages\MarkdownPageUnitTest" file="Markdown Page Unit (Hyde\Framework\Testing\Unit\Pages\MarkdownPageUnit)" tests="34" assertions="35" errors="0" failures="0" skipped="0" time="0.158951">
        <testcase name="Source directory" file="Markdown Page Unit (Hyde\Framework\Testing\Unit\Pages\MarkdownPageUnit)::Source directory" class="Hyde\Framework\Testing\Unit\Pages\MarkdownPageUnitTest" classname="Hyde.Framework.Testing.Unit.Pages.MarkdownPageUnitTest" assertions="1" time="0.007996"/>
        <testcase name="Output directory" file="Markdown Page Unit (Hyde\Framework\Testing\Unit\Pages\MarkdownPageUnit)::Output directory" class="Hyde\Framework\Testing\Unit\Pages\MarkdownPageUnitTest" classname="Hyde.Framework.Testing.Unit.Pages.MarkdownPageUnitTest" assertions="1" time="0.003165"/>
        <testcase name="Base route key" file="Markdown Page Unit (Hyde\Framework\Testing\Unit\Pages\MarkdownPageUnit)::Base route key" class="Hyde\Framework\Testing\Unit\Pages\MarkdownPageUnitTest" classname="Hyde.Framework.Testing.Unit.Pages.MarkdownPageUnitTest" assertions="1" time="0.003220"/>
        <testcase name="File extension" file="Markdown Page Unit (Hyde\Framework\Testing\Unit\Pages\MarkdownPageUnit)::File extension" class="Hyde\Framework\Testing\Unit\Pages\MarkdownPageUnitTest" classname="Hyde.Framework.Testing.Unit.Pages.MarkdownPageUnitTest" assertions="1" time="0.003102"/>
        <testcase name="Source path" file="Markdown Page Unit (Hyde\Framework\Testing\Unit\Pages\MarkdownPageUnit)::Source path" class="Hyde\Framework\Testing\Unit\Pages\MarkdownPageUnitTest" classname="Hyde.Framework.Testing.Unit.Pages.MarkdownPageUnitTest" assertions="1" time="0.003202"/>
        <testcase name="Output path" file="Markdown Page Unit (Hyde\Framework\Testing\Unit\Pages\MarkdownPageUnit)::Output path" class="Hyde\Framework\Testing\Unit\Pages\MarkdownPageUnitTest" classname="Hyde.Framework.Testing.Unit.Pages.MarkdownPageUnitTest" assertions="1" time="0.003158"/>
        <testcase name="Path" file="Markdown Page Unit (Hyde\Framework\Testing\Unit\Pages\MarkdownPageUnit)::Path" class="Hyde\Framework\Testing\Unit\Pages\MarkdownPageUnitTest" classname="Hyde.Framework.Testing.Unit.Pages.MarkdownPageUnitTest" assertions="1" time="0.003229"/>
        <testcase name="Get source path" file="Markdown Page Unit (Hyde\Framework\Testing\Unit\Pages\MarkdownPageUnit)::Get source path" class="Hyde\Framework\Testing\Unit\Pages\MarkdownPageUnitTest" classname="Hyde.Framework.Testing.Unit.Pages.MarkdownPageUnitTest" assertions="1" time="0.004163"/>
        <testcase name="Get output path" file="Markdown Page Unit (Hyde\Framework\Testing\Unit\Pages\MarkdownPageUnit)::Get output path" class="Hyde\Framework\Testing\Unit\Pages\MarkdownPageUnitTest" classname="Hyde.Framework.Testing.Unit.Pages.MarkdownPageUnitTest" assertions="1" time="0.004198"/>
        <testcase name="Get link" file="Markdown Page Unit (Hyde\Framework\Testing\Unit\Pages\MarkdownPageUnit)::Get link" class="Hyde\Framework\Testing\Unit\Pages\MarkdownPageUnitTest" classname="Hyde.Framework.Testing.Unit.Pages.MarkdownPageUnitTest" assertions="1" time="0.004211"/>
        <testcase name="Make" file="Markdown Page Unit (Hyde\Framework\Testing\Unit\Pages\MarkdownPageUnit)::Make" class="Hyde\Framework\Testing\Unit\Pages\MarkdownPageUnitTest" classname="Hyde.Framework.Testing.Unit.Pages.MarkdownPageUnitTest" assertions="1" time="0.004773"/>
        <testcase name="Make with data" file="Markdown Page Unit (Hyde\Framework\Testing\Unit\Pages\MarkdownPageUnit)::Make with data" class="Hyde\Framework\Testing\Unit\Pages\MarkdownPageUnitTest" classname="Hyde.Framework.Testing.Unit.Pages.MarkdownPageUnitTest" assertions="1" time="0.005105"/>
        <testcase name="Show in navigation" file="Markdown Page Unit (Hyde\Framework\Testing\Unit\Pages\MarkdownPageUnit)::Show in navigation" class="Hyde\Framework\Testing\Unit\Pages\MarkdownPageUnitTest" classname="Hyde.Framework.Testing.Unit.Pages.MarkdownPageUnitTest" assertions="1" time="0.004033"/>
        <testcase name="Navigation menu priority" file="Markdown Page Unit (Hyde\Framework\Testing\Unit\Pages\MarkdownPageUnit)::Navigation menu priority" class="Hyde\Framework\Testing\Unit\Pages\MarkdownPageUnitTest" classname="Hyde.Framework.Testing.Unit.Pages.MarkdownPageUnitTest" assertions="1" time="0.004035"/>
        <testcase name="Navigation menu label" file="Markdown Page Unit (Hyde\Framework\Testing\Unit\Pages\MarkdownPageUnit)::Navigation menu label" class="Hyde\Framework\Testing\Unit\Pages\MarkdownPageUnitTest" classname="Hyde.Framework.Testing.Unit.Pages.MarkdownPageUnitTest" assertions="1" time="0.004169"/>
        <testcase name="Navigation menu group" file="Markdown Page Unit (Hyde\Framework\Testing\Unit\Pages\MarkdownPageUnit)::Navigation menu group" class="Hyde\Framework\Testing\Unit\Pages\MarkdownPageUnitTest" classname="Hyde.Framework.Testing.Unit.Pages.MarkdownPageUnitTest" assertions="1" time="0.004167"/>
        <testcase name="Get blade view" file="Markdown Page Unit (Hyde\Framework\Testing\Unit\Pages\MarkdownPageUnit)::Get blade view" class="Hyde\Framework\Testing\Unit\Pages\MarkdownPageUnitTest" classname="Hyde.Framework.Testing.Unit.Pages.MarkdownPageUnitTest" assertions="1" time="0.004163"/>
        <testcase name="Files" file="Markdown Page Unit (Hyde\Framework\Testing\Unit\Pages\MarkdownPageUnit)::Files" class="Hyde\Framework\Testing\Unit\Pages\MarkdownPageUnitTest" classname="Hyde.Framework.Testing.Unit.Pages.MarkdownPageUnitTest" assertions="1" time="0.006591"/>
        <testcase name="Data" file="Markdown Page Unit (Hyde\Framework\Testing\Unit\Pages\MarkdownPageUnit)::Data" class="Hyde\Framework\Testing\Unit\Pages\MarkdownPageUnitTest" classname="Hyde.Framework.Testing.Unit.Pages.MarkdownPageUnitTest" assertions="1" time="0.004171"/>
        <testcase name="Get" file="Markdown Page Unit (Hyde\Framework\Testing\Unit\Pages\MarkdownPageUnit)::Get" class="Hyde\Framework\Testing\Unit\Pages\MarkdownPageUnitTest" classname="Hyde.Framework.Testing.Unit.Pages.MarkdownPageUnitTest" assertions="1" time="0.008598"/>
        <testcase name="Parse" file="Markdown Page Unit (Hyde\Framework\Testing\Unit\Pages\MarkdownPageUnit)::Parse" class="Hyde\Framework\Testing\Unit\Pages\MarkdownPageUnitTest" classname="Hyde.Framework.Testing.Unit.Pages.MarkdownPageUnitTest" assertions="1" time="0.005120"/>
        <testcase name="Get route key" file="Markdown Page Unit (Hyde\Framework\Testing\Unit\Pages\MarkdownPageUnit)::Get route key" class="Hyde\Framework\Testing\Unit\Pages\MarkdownPageUnitTest" classname="Hyde.Framework.Testing.Unit.Pages.MarkdownPageUnitTest" assertions="1" time="0.004191"/>
        <testcase name="Title" file="Markdown Page Unit (Hyde\Framework\Testing\Unit\Pages\MarkdownPageUnit)::Title" class="Hyde\Framework\Testing\Unit\Pages\MarkdownPageUnitTest" classname="Hyde.Framework.Testing.Unit.Pages.MarkdownPageUnitTest" assertions="1" time="0.004163"/>
        <testcase name="All" file="Markdown Page Unit (Hyde\Framework\Testing\Unit\Pages\MarkdownPageUnit)::All" class="Hyde\Framework\Testing\Unit\Pages\MarkdownPageUnitTest" classname="Hyde.Framework.Testing.Unit.Pages.MarkdownPageUnitTest" assertions="1" time="0.006506"/>
        <testcase name="Metadata" file="Markdown Page Unit (Hyde\Framework\Testing\Unit\Pages\MarkdownPageUnit)::Metadata" class="Hyde\Framework\Testing\Unit\Pages\MarkdownPageUnitTest" classname="Hyde.Framework.Testing.Unit.Pages.MarkdownPageUnitTest" assertions="1" time="0.004042"/>
        <testcase name="Construct" file="Markdown Page Unit (Hyde\Framework\Testing\Unit\Pages\MarkdownPageUnit)::Construct" class="Hyde\Framework\Testing\Unit\Pages\MarkdownPageUnitTest" classname="Hyde.Framework.Testing.Unit.Pages.MarkdownPageUnitTest" assertions="1" time="0.004015"/>
        <testcase name="Get route" file="Markdown Page Unit (Hyde\Framework\Testing\Unit\Pages\MarkdownPageUnit)::Get route" class="Hyde\Framework\Testing\Unit\Pages\MarkdownPageUnitTest" classname="Hyde.Framework.Testing.Unit.Pages.MarkdownPageUnitTest" assertions="1" time="0.007119"/>
        <testcase name="Get identifier" file="Markdown Page Unit (Hyde\Framework\Testing\Unit\Pages\MarkdownPageUnit)::Get identifier" class="Hyde\Framework\Testing\Unit\Pages\MarkdownPageUnitTest" classname="Hyde.Framework.Testing.Unit.Pages.MarkdownPageUnitTest" assertions="1" time="0.004227"/>
        <testcase name="Has" file="Markdown Page Unit (Hyde\Framework\Testing\Unit\Pages\MarkdownPageUnit)::Has" class="Hyde\Framework\Testing\Unit\Pages\MarkdownPageUnitTest" classname="Hyde.Framework.Testing.Unit.Pages.MarkdownPageUnitTest" assertions="1" time="0.004207"/>
        <testcase name="To core data object" file="Markdown Page Unit (Hyde\Framework\Testing\Unit\Pages\MarkdownPageUnit)::To core data object" class="Hyde\Framework\Testing\Unit\Pages\MarkdownPageUnitTest" classname="Hyde.Framework.Testing.Unit.Pages.MarkdownPageUnitTest" assertions="1" time="0.004210"/>
        <testcase name="Compile" file="Markdown Page Unit (Hyde\Framework\Testing\Unit\Pages\MarkdownPageUnit)::Compile" class="Hyde\Framework\Testing\Unit\Pages\MarkdownPageUnitTest" classname="Hyde.Framework.Testing.Unit.Pages.MarkdownPageUnitTest" assertions="1" time="0.008464"/>
        <testcase name="Matter" file="Markdown Page Unit (Hyde\Framework\Testing\Unit\Pages\MarkdownPageUnit)::Matter" class="Hyde\Framework\Testing\Unit\Pages\MarkdownPageUnitTest" classname="Hyde.Framework.Testing.Unit.Pages.MarkdownPageUnitTest" assertions="1" time="0.004171"/>
        <testcase name="Markdown" file="Markdown Page Unit (Hyde\Framework\Testing\Unit\Pages\MarkdownPageUnit)::Markdown" class="Hyde\Framework\Testing\Unit\Pages\MarkdownPageUnitTest" classname="Hyde.Framework.Testing.Unit.Pages.MarkdownPageUnitTest" assertions="1" time="0.004166"/>
        <testcase name="Save" file="Markdown Page Unit (Hyde\Framework\Testing\Unit\Pages\MarkdownPageUnit)::Save" class="Hyde\Framework\Testing\Unit\Pages\MarkdownPageUnitTest" classname="Hyde.Framework.Testing.Unit.Pages.MarkdownPageUnitTest" assertions="2" time="0.004901"/>
      </testsuite>
      <testsuite name="Hyde\Framework\Testing\Unit\Pages\MarkdownPostHelpersTest" file="Markdown Post Helpers (Hyde\Framework\Testing\Unit\Pages\MarkdownPostHelpers)" tests="7" assertions="7" errors="0" failures="0" skipped="0" time="0.181938">
        <testcase name="Get current page path returns local uri path for post slug" file="Markdown Post Helpers (Hyde\Framework\Testing\Unit\Pages\MarkdownPostHelpers)::Get current page path returns local uri path for post slug" class="Hyde\Framework\Testing\Unit\Pages\MarkdownPostHelpersTest" classname="Hyde.Framework.Testing.Unit.Pages.MarkdownPostHelpersTest" assertions="1" time="0.055953"/>
        <testcase name="Get canonical link returns canonical uri path for post slug" file="Markdown Post Helpers (Hyde\Framework\Testing\Unit\Pages\MarkdownPostHelpers)::Get canonical link returns canonical uri path for post slug" class="Hyde\Framework\Testing\Unit\Pages\MarkdownPostHelpersTest" classname="Hyde.Framework.Testing.Unit.Pages.MarkdownPostHelpersTest" assertions="1" time="0.021002"/>
        <testcase name="Get canonical link returns pretty url when enabled" file="Markdown Post Helpers (Hyde\Framework\Testing\Unit\Pages\MarkdownPostHelpers)::Get canonical link returns pretty url when enabled" class="Hyde\Framework\Testing\Unit\Pages\MarkdownPostHelpersTest" classname="Hyde.Framework.Testing.Unit.Pages.MarkdownPostHelpersTest" assertions="1" time="0.021126"/>
        <testcase name="Get post description returns post description when set in front matter" file="Markdown Post Helpers (Hyde\Framework\Testing\Unit\Pages\MarkdownPostHelpers)::Get post description returns post description when set in front matter" class="Hyde\Framework\Testing\Unit\Pages\MarkdownPostHelpersTest" classname="Hyde.Framework.Testing.Unit.Pages.MarkdownPostHelpersTest" assertions="1" time="0.020809"/>
        <testcase name="Get post description returns post body when no description set in front matter" file="Markdown Post Helpers (Hyde\Framework\Testing\Unit\Pages\MarkdownPostHelpers)::Get post description returns post body when no description set in front matter" class="Hyde\Framework\Testing\Unit\Pages\MarkdownPostHelpersTest" classname="Hyde.Framework.Testing.Unit.Pages.MarkdownPostHelpersTest" assertions="1" time="0.021031"/>
        <testcase name="Dynamic description is truncated when longer than 128 characters" file="Markdown Post Helpers (Hyde\Framework\Testing\Unit\Pages\MarkdownPostHelpers)::Dynamic description is truncated when longer than 128 characters" class="Hyde\Framework\Testing\Unit\Pages\MarkdownPostHelpersTest" classname="Hyde.Framework.Testing.Unit.Pages.MarkdownPostHelpersTest" assertions="1" time="0.021012"/>
        <testcase name="Dynamic description strips markdown" file="Markdown Post Helpers (Hyde\Framework\Testing\Unit\Pages\MarkdownPostHelpers)::Dynamic description strips markdown" class="Hyde\Framework\Testing\Unit\Pages\MarkdownPostHelpersTest" classname="Hyde.Framework.Testing.Unit.Pages.MarkdownPostHelpersTest" assertions="1" time="0.021005"/>
      </testsuite>
      <testsuite name="Hyde\Framework\Testing\Unit\Pages\MarkdownPostParserTest" file="Markdown Post Parser (Hyde\Framework\Testing\Unit\Pages\MarkdownPostParser)" tests="2" assertions="11" errors="0" failures="0" skipped="0" time="0.066292">
        <testcase name="Can parse markdown file" file="Markdown Post Parser (Hyde\Framework\Testing\Unit\Pages\MarkdownPostParser)::Can parse markdown file" class="Hyde\Framework\Testing\Unit\Pages\MarkdownPostParserTest" classname="Hyde.Framework.Testing.Unit.Pages.MarkdownPostParserTest" assertions="8" time="0.043445"/>
        <testcase name="Parsed markdown post contains valid front matter" file="Markdown Post Parser (Hyde\Framework\Testing\Unit\Pages\MarkdownPostParser)::Parsed markdown post contains valid front matter" class="Hyde\Framework\Testing\Unit\Pages\MarkdownPostParserTest" classname="Hyde.Framework.Testing.Unit.Pages.MarkdownPostParserTest" assertions="3" time="0.022847"/>
      </testsuite>
      <testsuite name="Hyde\Framework\Testing\Unit\Pages\MarkdownPostUnitTest" file="Markdown Post Unit (Hyde\Framework\Testing\Unit\Pages\MarkdownPostUnit)" tests="34" assertions="35" errors="0" failures="0" skipped="0" time="0.169210">
        <testcase name="Source directory" file="Markdown Post Unit (Hyde\Framework\Testing\Unit\Pages\MarkdownPostUnit)::Source directory" class="Hyde\Framework\Testing\Unit\Pages\MarkdownPostUnitTest" classname="Hyde.Framework.Testing.Unit.Pages.MarkdownPostUnitTest" assertions="1" time="0.006660"/>
        <testcase name="Output directory" file="Markdown Post Unit (Hyde\Framework\Testing\Unit\Pages\MarkdownPostUnit)::Output directory" class="Hyde\Framework\Testing\Unit\Pages\MarkdownPostUnitTest" classname="Hyde.Framework.Testing.Unit.Pages.MarkdownPostUnitTest" assertions="1" time="0.003171"/>
        <testcase name="Base route key" file="Markdown Post Unit (Hyde\Framework\Testing\Unit\Pages\MarkdownPostUnit)::Base route key" class="Hyde\Framework\Testing\Unit\Pages\MarkdownPostUnitTest" classname="Hyde.Framework.Testing.Unit.Pages.MarkdownPostUnitTest" assertions="1" time="0.003145"/>
        <testcase name="File extension" file="Markdown Post Unit (Hyde\Framework\Testing\Unit\Pages\MarkdownPostUnit)::File extension" class="Hyde\Framework\Testing\Unit\Pages\MarkdownPostUnitTest" classname="Hyde.Framework.Testing.Unit.Pages.MarkdownPostUnitTest" assertions="1" time="0.003134"/>
        <testcase name="Source path" file="Markdown Post Unit (Hyde\Framework\Testing\Unit\Pages\MarkdownPostUnit)::Source path" class="Hyde\Framework\Testing\Unit\Pages\MarkdownPostUnitTest" classname="Hyde.Framework.Testing.Unit.Pages.MarkdownPostUnitTest" assertions="1" time="0.003132"/>
        <testcase name="Output path" file="Markdown Post Unit (Hyde\Framework\Testing\Unit\Pages\MarkdownPostUnit)::Output path" class="Hyde\Framework\Testing\Unit\Pages\MarkdownPostUnitTest" classname="Hyde.Framework.Testing.Unit.Pages.MarkdownPostUnitTest" assertions="1" time="0.003154"/>
        <testcase name="Path" file="Markdown Post Unit (Hyde\Framework\Testing\Unit\Pages\MarkdownPostUnit)::Path" class="Hyde\Framework\Testing\Unit\Pages\MarkdownPostUnitTest" classname="Hyde.Framework.Testing.Unit.Pages.MarkdownPostUnitTest" assertions="1" time="0.003221"/>
        <testcase name="Get source path" file="Markdown Post Unit (Hyde\Framework\Testing\Unit\Pages\MarkdownPostUnit)::Get source path" class="Hyde\Framework\Testing\Unit\Pages\MarkdownPostUnitTest" classname="Hyde.Framework.Testing.Unit.Pages.MarkdownPostUnitTest" assertions="1" time="0.004543"/>
        <testcase name="Get output path" file="Markdown Post Unit (Hyde\Framework\Testing\Unit\Pages\MarkdownPostUnit)::Get output path" class="Hyde\Framework\Testing\Unit\Pages\MarkdownPostUnitTest" classname="Hyde.Framework.Testing.Unit.Pages.MarkdownPostUnitTest" assertions="1" time="0.004559"/>
        <testcase name="Get link" file="Markdown Post Unit (Hyde\Framework\Testing\Unit\Pages\MarkdownPostUnit)::Get link" class="Hyde\Framework\Testing\Unit\Pages\MarkdownPostUnitTest" classname="Hyde.Framework.Testing.Unit.Pages.MarkdownPostUnitTest" assertions="1" time="0.004598"/>
        <testcase name="Make" file="Markdown Post Unit (Hyde\Framework\Testing\Unit\Pages\MarkdownPostUnit)::Make" class="Hyde\Framework\Testing\Unit\Pages\MarkdownPostUnitTest" classname="Hyde.Framework.Testing.Unit.Pages.MarkdownPostUnitTest" assertions="1" time="0.005519"/>
        <testcase name="Make with data" file="Markdown Post Unit (Hyde\Framework\Testing\Unit\Pages\MarkdownPostUnit)::Make with data" class="Hyde\Framework\Testing\Unit\Pages\MarkdownPostUnitTest" classname="Hyde.Framework.Testing.Unit.Pages.MarkdownPostUnitTest" assertions="1" time="0.005886"/>
        <testcase name="Show in navigation" file="Markdown Post Unit (Hyde\Framework\Testing\Unit\Pages\MarkdownPostUnit)::Show in navigation" class="Hyde\Framework\Testing\Unit\Pages\MarkdownPostUnitTest" classname="Hyde.Framework.Testing.Unit.Pages.MarkdownPostUnitTest" assertions="1" time="0.004567"/>
        <testcase name="Navigation menu priority" file="Markdown Post Unit (Hyde\Framework\Testing\Unit\Pages\MarkdownPostUnit)::Navigation menu priority" class="Hyde\Framework\Testing\Unit\Pages\MarkdownPostUnitTest" classname="Hyde.Framework.Testing.Unit.Pages.MarkdownPostUnitTest" assertions="1" time="0.004556"/>
        <testcase name="Navigation menu label" file="Markdown Post Unit (Hyde\Framework\Testing\Unit\Pages\MarkdownPostUnit)::Navigation menu label" class="Hyde\Framework\Testing\Unit\Pages\MarkdownPostUnitTest" classname="Hyde.Framework.Testing.Unit.Pages.MarkdownPostUnitTest" assertions="1" time="0.004621"/>
        <testcase name="Navigation menu group" file="Markdown Post Unit (Hyde\Framework\Testing\Unit\Pages\MarkdownPostUnit)::Navigation menu group" class="Hyde\Framework\Testing\Unit\Pages\MarkdownPostUnitTest" classname="Hyde.Framework.Testing.Unit.Pages.MarkdownPostUnitTest" assertions="1" time="0.004599"/>
        <testcase name="Get blade view" file="Markdown Post Unit (Hyde\Framework\Testing\Unit\Pages\MarkdownPostUnit)::Get blade view" class="Hyde\Framework\Testing\Unit\Pages\MarkdownPostUnitTest" classname="Hyde.Framework.Testing.Unit.Pages.MarkdownPostUnitTest" assertions="1" time="0.004625"/>
        <testcase name="Files" file="Markdown Post Unit (Hyde\Framework\Testing\Unit\Pages\MarkdownPostUnit)::Files" class="Hyde\Framework\Testing\Unit\Pages\MarkdownPostUnitTest" classname="Hyde.Framework.Testing.Unit.Pages.MarkdownPostUnitTest" assertions="1" time="0.006775"/>
        <testcase name="Data" file="Markdown Post Unit (Hyde\Framework\Testing\Unit\Pages\MarkdownPostUnit)::Data" class="Hyde\Framework\Testing\Unit\Pages\MarkdownPostUnitTest" classname="Hyde.Framework.Testing.Unit.Pages.MarkdownPostUnitTest" assertions="1" time="0.004571"/>
        <testcase name="Get" file="Markdown Post Unit (Hyde\Framework\Testing\Unit\Pages\MarkdownPostUnit)::Get" class="Hyde\Framework\Testing\Unit\Pages\MarkdownPostUnitTest" classname="Hyde.Framework.Testing.Unit.Pages.MarkdownPostUnitTest" assertions="1" time="0.009413"/>
        <testcase name="Parse" file="Markdown Post Unit (Hyde\Framework\Testing\Unit\Pages\MarkdownPostUnit)::Parse" class="Hyde\Framework\Testing\Unit\Pages\MarkdownPostUnitTest" classname="Hyde.Framework.Testing.Unit.Pages.MarkdownPostUnitTest" assertions="1" time="0.005508"/>
        <testcase name="Get route key" file="Markdown Post Unit (Hyde\Framework\Testing\Unit\Pages\MarkdownPostUnit)::Get route key" class="Hyde\Framework\Testing\Unit\Pages\MarkdownPostUnitTest" classname="Hyde.Framework.Testing.Unit.Pages.MarkdownPostUnitTest" assertions="1" time="0.004571"/>
        <testcase name="Title" file="Markdown Post Unit (Hyde\Framework\Testing\Unit\Pages\MarkdownPostUnit)::Title" class="Hyde\Framework\Testing\Unit\Pages\MarkdownPostUnitTest" classname="Hyde.Framework.Testing.Unit.Pages.MarkdownPostUnitTest" assertions="1" time="0.004549"/>
        <testcase name="All" file="Markdown Post Unit (Hyde\Framework\Testing\Unit\Pages\MarkdownPostUnit)::All" class="Hyde\Framework\Testing\Unit\Pages\MarkdownPostUnitTest" classname="Hyde.Framework.Testing.Unit.Pages.MarkdownPostUnitTest" assertions="1" time="0.006571"/>
        <testcase name="Metadata" file="Markdown Post Unit (Hyde\Framework\Testing\Unit\Pages\MarkdownPostUnit)::Metadata" class="Hyde\Framework\Testing\Unit\Pages\MarkdownPostUnitTest" classname="Hyde.Framework.Testing.Unit.Pages.MarkdownPostUnitTest" assertions="1" time="0.004474"/>
        <testcase name="Construct" file="Markdown Post Unit (Hyde\Framework\Testing\Unit\Pages\MarkdownPostUnit)::Construct" class="Hyde\Framework\Testing\Unit\Pages\MarkdownPostUnitTest" classname="Hyde.Framework.Testing.Unit.Pages.MarkdownPostUnitTest" assertions="1" time="0.004486"/>
        <testcase name="Get route" file="Markdown Post Unit (Hyde\Framework\Testing\Unit\Pages\MarkdownPostUnit)::Get route" class="Hyde\Framework\Testing\Unit\Pages\MarkdownPostUnitTest" classname="Hyde.Framework.Testing.Unit.Pages.MarkdownPostUnitTest" assertions="1" time="0.007289"/>
        <testcase name="Get identifier" file="Markdown Post Unit (Hyde\Framework\Testing\Unit\Pages\MarkdownPostUnit)::Get identifier" class="Hyde\Framework\Testing\Unit\Pages\MarkdownPostUnitTest" classname="Hyde.Framework.Testing.Unit.Pages.MarkdownPostUnitTest" assertions="1" time="0.004610"/>
        <testcase name="Has" file="Markdown Post Unit (Hyde\Framework\Testing\Unit\Pages\MarkdownPostUnit)::Has" class="Hyde\Framework\Testing\Unit\Pages\MarkdownPostUnitTest" classname="Hyde.Framework.Testing.Unit.Pages.MarkdownPostUnitTest" assertions="1" time="0.004592"/>
        <testcase name="To core data object" file="Markdown Post Unit (Hyde\Framework\Testing\Unit\Pages\MarkdownPostUnit)::To core data object" class="Hyde\Framework\Testing\Unit\Pages\MarkdownPostUnitTest" classname="Hyde.Framework.Testing.Unit.Pages.MarkdownPostUnitTest" assertions="1" time="0.004632"/>
        <testcase name="Compile" file="Markdown Post Unit (Hyde\Framework\Testing\Unit\Pages\MarkdownPostUnit)::Compile" class="Hyde\Framework\Testing\Unit\Pages\MarkdownPostUnitTest" classname="Hyde.Framework.Testing.Unit.Pages.MarkdownPostUnitTest" assertions="1" time="0.008923"/>
        <testcase name="Matter" file="Markdown Post Unit (Hyde\Framework\Testing\Unit\Pages\MarkdownPostUnit)::Matter" class="Hyde\Framework\Testing\Unit\Pages\MarkdownPostUnitTest" classname="Hyde.Framework.Testing.Unit.Pages.MarkdownPostUnitTest" assertions="1" time="0.004613"/>
        <testcase name="Markdown" file="Markdown Post Unit (Hyde\Framework\Testing\Unit\Pages\MarkdownPostUnit)::Markdown" class="Hyde\Framework\Testing\Unit\Pages\MarkdownPostUnitTest" classname="Hyde.Framework.Testing.Unit.Pages.MarkdownPostUnitTest" assertions="1" time="0.004636"/>
        <testcase name="Save" file="Markdown Post Unit (Hyde\Framework\Testing\Unit\Pages\MarkdownPostUnit)::Save" class="Hyde\Framework\Testing\Unit\Pages\MarkdownPostUnitTest" classname="Hyde.Framework.Testing.Unit.Pages.MarkdownPostUnitTest" assertions="2" time="0.005309"/>
      </testsuite>
      <testsuite name="Hyde\Framework\Testing\Unit\Pages\PageModelGetAllFilesHelperTest" file="Page Model Get All Files Helper (Hyde\Framework\Testing\Unit\Pages\PageModelGetAllFilesHelper)" tests="4" assertions="12" errors="0" failures="0" skipped="0" time="0.132954">
        <testcase name="Blade page get helper returns blade page array" file="Page Model Get All Files Helper (Hyde\Framework\Testing\Unit\Pages\PageModelGetAllFilesHelper)::Blade page get helper returns blade page array" class="Hyde\Framework\Testing\Unit\Pages\PageModelGetAllFilesHelperTest" classname="Hyde.Framework.Testing.Unit.Pages.PageModelGetAllFilesHelperTest" assertions="3" time="0.057503"/>
        <testcase name="Markdown page get helper returns markdown page array" file="Page Model Get All Files Helper (Hyde\Framework\Testing\Unit\Pages\PageModelGetAllFilesHelper)::Markdown page get helper returns markdown page array" class="Hyde\Framework\Testing\Unit\Pages\PageModelGetAllFilesHelperTest" classname="Hyde.Framework.Testing.Unit.Pages.PageModelGetAllFilesHelperTest" assertions="3" time="0.024575"/>
        <testcase name="Markdown post get helper returns markdown post array" file="Page Model Get All Files Helper (Hyde\Framework\Testing\Unit\Pages\PageModelGetAllFilesHelper)::Markdown post get helper returns markdown post array" class="Hyde\Framework\Testing\Unit\Pages\PageModelGetAllFilesHelperTest" classname="Hyde.Framework.Testing.Unit.Pages.PageModelGetAllFilesHelperTest" assertions="3" time="0.025387"/>
        <testcase name="Documentation page get helper returns documentation page array" file="Page Model Get All Files Helper (Hyde\Framework\Testing\Unit\Pages\PageModelGetAllFilesHelper)::Documentation page get helper returns documentation page array" class="Hyde\Framework\Testing\Unit\Pages\PageModelGetAllFilesHelperTest" classname="Hyde.Framework.Testing.Unit.Pages.PageModelGetAllFilesHelperTest" assertions="3" time="0.025489"/>
      </testsuite>
      <testsuite name="Hyde\Framework\Testing\Unit\Pages\PageModelGetHelperTest" file="Page Model Get Helper (Hyde\Framework\Testing\Unit\Pages\PageModelGetHelper)" tests="4" assertions="12" errors="0" failures="0" skipped="0" time="0.103433">
        <testcase name="Blade page get helper returns blade page collection" file="Page Model Get Helper (Hyde\Framework\Testing\Unit\Pages\PageModelGetHelper)::Blade page get helper returns blade page collection" class="Hyde\Framework\Testing\Unit\Pages\PageModelGetHelperTest" classname="Hyde.Framework.Testing.Unit.Pages.PageModelGetHelperTest" assertions="3" time="0.028931"/>
        <testcase name="Markdown page get helper returns markdown page collection" file="Page Model Get Helper (Hyde\Framework\Testing\Unit\Pages\PageModelGetHelper)::Markdown page get helper returns markdown page collection" class="Hyde\Framework\Testing\Unit\Pages\PageModelGetHelperTest" classname="Hyde.Framework.Testing.Unit.Pages.PageModelGetHelperTest" assertions="3" time="0.024417"/>
        <testcase name="Markdown post get helper returns markdown post collection" file="Page Model Get Helper (Hyde\Framework\Testing\Unit\Pages\PageModelGetHelper)::Markdown post get helper returns markdown post collection" class="Hyde\Framework\Testing\Unit\Pages\PageModelGetHelperTest" classname="Hyde.Framework.Testing.Unit.Pages.PageModelGetHelperTest" assertions="3" time="0.025217"/>
        <testcase name="Documentation page get helper returns documentation page collection" file="Page Model Get Helper (Hyde\Framework\Testing\Unit\Pages\PageModelGetHelper)::Documentation page get helper returns documentation page collection" class="Hyde\Framework\Testing\Unit\Pages\PageModelGetHelperTest" classname="Hyde.Framework.Testing.Unit.Pages.PageModelGetHelperTest" assertions="3" time="0.024868"/>
      </testsuite>
      <testsuite name="Hyde\Framework\Testing\Unit\Pages\PageModelParseHelperTest" file="Page Model Parse Helper (Hyde\Framework\Testing\Unit\Pages\PageModelParseHelper)" tests="4" assertions="4" errors="0" failures="0" skipped="0" time="0.091220">
        <testcase name="Blade page get helper returns blade page object" file="Page Model Parse Helper (Hyde\Framework\Testing\Unit\Pages\PageModelParseHelper)::Blade page get helper returns blade page object" class="Hyde\Framework\Testing\Unit\Pages\PageModelParseHelperTest" classname="Hyde.Framework.Testing.Unit.Pages.PageModelParseHelperTest" assertions="1" time="0.026715"/>
        <testcase name="Markdown page get helper returns markdown page object" file="Page Model Parse Helper (Hyde\Framework\Testing\Unit\Pages\PageModelParseHelper)::Markdown page get helper returns markdown page object" class="Hyde\Framework\Testing\Unit\Pages\PageModelParseHelperTest" classname="Hyde.Framework.Testing.Unit.Pages.PageModelParseHelperTest" assertions="1" time="0.021289"/>
        <testcase name="Markdown post get helper returns markdown post object" file="Page Model Parse Helper (Hyde\Framework\Testing\Unit\Pages\PageModelParseHelper)::Markdown post get helper returns markdown post object" class="Hyde\Framework\Testing\Unit\Pages\PageModelParseHelperTest" classname="Hyde.Framework.Testing.Unit.Pages.PageModelParseHelperTest" assertions="1" time="0.021872"/>
        <testcase name="Documentation page get helper returns documentation page object" file="Page Model Parse Helper (Hyde\Framework\Testing\Unit\Pages\PageModelParseHelper)::Documentation page get helper returns documentation page object" class="Hyde\Framework\Testing\Unit\Pages\PageModelParseHelperTest" classname="Hyde.Framework.Testing.Unit.Pages.PageModelParseHelperTest" assertions="1" time="0.021345"/>
      </testsuite>
      <testsuite name="Hyde\Framework\Testing\Unit\Pages\TestAllPageTypesHaveUnitTestsTest" file="All Page Types Have Unit Tests (Hyde\Framework\Testing\Unit\Pages\AllPageTypesHaveUnitTests)" tests="1" assertions="8" errors="0" failures="0" skipped="0" time="0.026252">
        <testcase name="All page types have unit tests" file="All Page Types Have Unit Tests (Hyde\Framework\Testing\Unit\Pages\AllPageTypesHaveUnitTests)::All page types have unit tests" class="Hyde\Framework\Testing\Unit\Pages\TestAllPageTypesHaveUnitTestsTest" classname="Hyde.Framework.Testing.Unit.Pages.TestAllPageTypesHaveUnitTestsTest" assertions="8" time="0.026252"/>
      </testsuite>
      <testsuite name="Hyde\Framework\Testing\Unit\PostAuthorTest" file="Post Author (Hyde\Framework\Testing\Unit\PostAuthor)" tests="14" assertions="25" errors="0" failures="0" skipped="0" time="0.031289">
        <testcase name="Create method creates new author model" file="Post Author (Hyde\Framework\Testing\Unit\PostAuthor)::Create method creates new author model" class="Hyde\Framework\Testing\Unit\PostAuthorTest" classname="Hyde.Framework.Testing.Unit.PostAuthorTest" assertions="1" time="0.003883"/>
        <testcase name="Create method accepts all parameters" file="Post Author (Hyde\Framework\Testing\Unit\PostAuthor)::Create method accepts all parameters" class="Hyde\Framework\Testing\Unit\PostAuthorTest" classname="Hyde.Framework.Testing.Unit.PostAuthorTest" assertions="3" time="0.002047"/>
        <testcase name="Get or create method creates new author model from string" file="Post Author (Hyde\Framework\Testing\Unit\PostAuthor)::Get or create method creates new author model from string" class="Hyde\Framework\Testing\Unit\PostAuthorTest" classname="Hyde.Framework.Testing.Unit.PostAuthorTest" assertions="1" time="0.002228"/>
        <testcase name="Get or create method creates new author model from string can find existing author" file="Post Author (Hyde\Framework\Testing\Unit\PostAuthor)::Get or create method creates new author model from string can find existing author" class="Hyde\Framework\Testing\Unit\PostAuthorTest" classname="Hyde.Framework.Testing.Unit.PostAuthorTest" assertions="1" time="0.002268"/>
        <testcase name="Get or create method creates new author model from array" file="Post Author (Hyde\Framework\Testing\Unit\PostAuthor)::Get or create method creates new author model from array" class="Hyde\Framework\Testing\Unit\PostAuthorTest" classname="Hyde.Framework.Testing.Unit.PostAuthorTest" assertions="1" time="0.001985"/>
        <testcase name="Get or create method creates new author model from array only needs username" file="Post Author (Hyde\Framework\Testing\Unit\PostAuthor)::Get or create method creates new author model from array only needs username" class="Hyde\Framework\Testing\Unit\PostAuthorTest" classname="Hyde.Framework.Testing.Unit.PostAuthorTest" assertions="1" time="0.002097"/>
        <testcase name="All method returns empty collection if no authors are set in config" file="Post Author (Hyde\Framework\Testing\Unit\PostAuthor)::All method returns empty collection if no authors are set in config" class="Hyde\Framework\Testing\Unit\PostAuthorTest" classname="Hyde.Framework.Testing.Unit.PostAuthorTest" assertions="2" time="0.002113"/>
        <testcase name="All method returns collection with all authors defined in config" file="Post Author (Hyde\Framework\Testing\Unit\PostAuthor)::All method returns collection with all authors defined in config" class="Hyde\Framework\Testing\Unit\PostAuthorTest" classname="Hyde.Framework.Testing.Unit.PostAuthorTest" assertions="3" time="0.002302"/>
        <testcase name="Multiple authors can be defined in config" file="Post Author (Hyde\Framework\Testing\Unit\PostAuthor)::Multiple authors can be defined in config" class="Hyde\Framework\Testing\Unit\PostAuthorTest" classname="Hyde.Framework.Testing.Unit.PostAuthorTest" assertions="4" time="0.002433"/>
        <testcase name="Get method returns config defined author by username" file="Post Author (Hyde\Framework\Testing\Unit\PostAuthor)::Get method returns config defined author by username" class="Hyde\Framework\Testing\Unit\PostAuthorTest" classname="Hyde.Framework.Testing.Unit.PostAuthorTest" assertions="3" time="0.002303"/>
        <testcase name="Get method returns new author if username not found in config" file="Post Author (Hyde\Framework\Testing\Unit\PostAuthor)::Get method returns new author if username not found in config" class="Hyde\Framework\Testing\Unit\PostAuthorTest" classname="Hyde.Framework.Testing.Unit.PostAuthorTest" assertions="2" time="0.002189"/>
        <testcase name="Get name helper returns name if set" file="Post Author (Hyde\Framework\Testing\Unit\PostAuthor)::Get name helper returns name if set" class="Hyde\Framework\Testing\Unit\PostAuthorTest" classname="Hyde.Framework.Testing.Unit.PostAuthorTest" assertions="1" time="0.001808"/>
        <testcase name="Get name helper returns username if name is not set" file="Post Author (Hyde\Framework\Testing\Unit\PostAuthor)::Get name helper returns username if name is not set" class="Hyde\Framework\Testing\Unit\PostAuthorTest" classname="Hyde.Framework.Testing.Unit.PostAuthorTest" assertions="1" time="0.001820"/>
        <testcase name="To string helper returns the name" file="Post Author (Hyde\Framework\Testing\Unit\PostAuthor)::To string helper returns the name" class="Hyde\Framework\Testing\Unit\PostAuthorTest" classname="Hyde.Framework.Testing.Unit.PostAuthorTest" assertions="1" time="0.001813"/>
      </testsuite>
      <testsuite name="Hyde\Framework\Testing\Unit\RelativeLinksAcrossPagesRetainsIntegrityTest" file="Relative Links Across Pages Retains Integrity (Hyde\Framework\Testing\Unit\RelativeLinksAcrossPagesRetainsIntegrity)" tests="1" assertions="18" errors="0" failures="0" skipped="0" time="0.174796">
        <testcase name="Relative links across pages retains integrity" file="Relative Links Across Pages Retains Integrity (Hyde\Framework\Testing\Unit\RelativeLinksAcrossPagesRetainsIntegrity)::Relative links across pages retains integrity" class="Hyde\Framework\Testing\Unit\RelativeLinksAcrossPagesRetainsIntegrityTest" classname="Hyde.Framework.Testing.Unit.RelativeLinksAcrossPagesRetainsIntegrityTest" assertions="18" time="0.174796"/>
      </testsuite>
      <testsuite name="Hyde\Framework\Testing\Unit\RenderHelperTest" file="Render Helper (Hyde\Framework\Testing\Unit\RenderHelper)" tests="18" assertions="44" errors="0" failures="0" skipped="0" time="0.058549">
        <testcase name="Set and get page" file="Render Helper (Hyde\Framework\Testing\Unit\RenderHelper)::Set and get page" class="Hyde\Framework\Testing\Unit\RenderHelperTest" classname="Hyde.Framework.Testing.Unit.RenderHelperTest" assertions="2" time="0.005675"/>
        <testcase name="Set page shares data to view automatically" file="Render Helper (Hyde\Framework\Testing\Unit\RenderHelper)::Set page shares data to view automatically" class="Hyde\Framework\Testing\Unit\RenderHelperTest" classname="Hyde.Framework.Testing.Unit.RenderHelperTest" assertions="2" time="0.003640"/>
        <testcase name="Get route" file="Render Helper (Hyde\Framework\Testing\Unit\RenderHelper)::Get route" class="Hyde\Framework\Testing\Unit\RenderHelperTest" classname="Hyde.Framework.Testing.Unit.RenderHelperTest" assertions="2" time="0.003551"/>
        <testcase name="Get route key" file="Render Helper (Hyde\Framework\Testing\Unit\RenderHelper)::Get route key" class="Hyde\Framework\Testing\Unit\RenderHelperTest" classname="Hyde.Framework.Testing.Unit.RenderHelperTest" assertions="2" time="0.003504"/>
        <testcase name="Share to view" file="Render Helper (Hyde\Framework\Testing\Unit\RenderHelper)::Share to view" class="Hyde\Framework\Testing\Unit\RenderHelperTest" classname="Hyde.Framework.Testing.Unit.RenderHelperTest" assertions="6" time="0.004084"/>
        <testcase name="Share route key" file="Render Helper (Hyde\Framework\Testing\Unit\RenderHelper)::Share route key" class="Hyde\Framework\Testing\Unit\RenderHelperTest" classname="Hyde.Framework.Testing.Unit.RenderHelperTest" assertions="2" time="0.002349"/>
        <testcase name="Share route" file="Render Helper (Hyde\Framework\Testing\Unit\RenderHelper)::Share route" class="Hyde\Framework\Testing\Unit\RenderHelperTest" classname="Hyde.Framework.Testing.Unit.RenderHelperTest" assertions="2" time="0.003346"/>
        <testcase name="Share page" file="Render Helper (Hyde\Framework\Testing\Unit\RenderHelper)::Share page" class="Hyde\Framework\Testing\Unit\RenderHelperTest" classname="Hyde.Framework.Testing.Unit.RenderHelperTest" assertions="2" time="0.003329"/>
        <testcase name="Share invalid property" file="Render Helper (Hyde\Framework\Testing\Unit\RenderHelper)::Share invalid property" class="Hyde\Framework\Testing\Unit\RenderHelperTest" classname="Hyde.Framework.Testing.Unit.RenderHelperTest" assertions="2" time="0.002293"/>
        <testcase name="Share invalid type" file="Render Helper (Hyde\Framework\Testing\Unit\RenderHelper)::Share invalid type" class="Hyde\Framework\Testing\Unit\RenderHelperTest" classname="Hyde.Framework.Testing.Unit.RenderHelperTest" assertions="2" time="0.002277"/>
        <testcase name="Share invalid type for property" file="Render Helper (Hyde\Framework\Testing\Unit\RenderHelper)::Share invalid type for property" class="Hyde\Framework\Testing\Unit\RenderHelperTest" classname="Hyde.Framework.Testing.Unit.RenderHelperTest" assertions="2" time="0.002296"/>
        <testcase name="Share cascades data to view" file="Render Helper (Hyde\Framework\Testing\Unit\RenderHelper)::Share cascades data to view" class="Hyde\Framework\Testing\Unit\RenderHelperTest" classname="Hyde.Framework.Testing.Unit.RenderHelperTest" assertions="2" time="0.002420"/>
        <testcase name="Clear data" file="Render Helper (Hyde\Framework\Testing\Unit\RenderHelper)::Clear data" class="Hyde\Framework\Testing\Unit\RenderHelperTest" classname="Hyde.Framework.Testing.Unit.RenderHelperTest" assertions="2" time="0.003524"/>
        <testcase name="Clear data on facade" file="Render Helper (Hyde\Framework\Testing\Unit\RenderHelper)::Clear data on facade" class="Hyde\Framework\Testing\Unit\RenderHelperTest" classname="Hyde.Framework.Testing.Unit.RenderHelperTest" assertions="2" time="0.003513"/>
        <testcase name="Clear data cascades to clear its view data" file="Render Helper (Hyde\Framework\Testing\Unit\RenderHelper)::Clear data cascades to clear its view data" class="Hyde\Framework\Testing\Unit\RenderHelperTest" classname="Hyde.Framework.Testing.Unit.RenderHelperTest" assertions="6" time="0.004101"/>
        <testcase name="Clear data does not clear other view data" file="Render Helper (Hyde\Framework\Testing\Unit\RenderHelper)::Clear data does not clear other view data" class="Hyde\Framework\Testing\Unit\RenderHelperTest" classname="Hyde.Framework.Testing.Unit.RenderHelperTest" assertions="2" time="0.002493"/>
        <testcase name="Clear data does not clear render instance from view data" file="Render Helper (Hyde\Framework\Testing\Unit\RenderHelper)::Clear data does not clear render instance from view data" class="Hyde\Framework\Testing\Unit\RenderHelperTest" classname="Hyde.Framework.Testing.Unit.RenderHelperTest" assertions="2" time="0.002512"/>
        <testcase name="To array" file="Render Helper (Hyde\Framework\Testing\Unit\RenderHelper)::To array" class="Hyde\Framework\Testing\Unit\RenderHelperTest" classname="Hyde.Framework.Testing.Unit.RenderHelperTest" assertions="2" time="0.003642"/>
      </testsuite>
      <testsuite name="Hyde\Framework\Testing\Unit\RouteKeyTest" file="Route Key (Hyde\Framework\Testing\Unit\RouteKey)" tests="12" assertions="25" errors="0" failures="0" skipped="0" time="0.040449">
        <testcase name="Make" file="Route Key (Hyde\Framework\Testing\Unit\RouteKey)::Make" class="Hyde\Framework\Testing\Unit\RouteKeyTest" classname="Hyde.Framework.Testing.Unit.RouteKeyTest" assertions="1" time="0.018594"/>
        <testcase name="Construct" file="Route Key (Hyde\Framework\Testing\Unit\RouteKey)::Construct" class="Hyde\Framework\Testing\Unit\RouteKeyTest" classname="Hyde.Framework.Testing.Unit.RouteKeyTest" assertions="1" time="0.001765"/>
        <testcase name="To string" file="Route Key (Hyde\Framework\Testing\Unit\RouteKey)::To string" class="Hyde\Framework\Testing\Unit\RouteKeyTest" classname="Hyde.Framework.Testing.Unit.RouteKeyTest" assertions="1" time="0.001783"/>
        <testcase name="Get" file="Route Key (Hyde\Framework\Testing\Unit\RouteKey)::Get" class="Hyde\Framework\Testing\Unit\RouteKeyTest" classname="Hyde.Framework.Testing.Unit.RouteKeyTest" assertions="1" time="0.001756"/>
        <testcase name="Cast" file="Route Key (Hyde\Framework\Testing\Unit\RouteKey)::Cast" class="Hyde\Framework\Testing\Unit\RouteKeyTest" classname="Hyde.Framework.Testing.Unit.RouteKeyTest" assertions="1" time="0.001736"/>
        <testcase name="Constructor values are normalized" file="Route Key (Hyde\Framework\Testing\Unit\RouteKey)::Constructor values are normalized" class="Hyde\Framework\Testing\Unit\RouteKeyTest" classname="Hyde.Framework.Testing.Unit.RouteKeyTest" assertions="3" time="0.002077"/>
        <testcase name="Static constructor values are normalized" file="Route Key (Hyde\Framework\Testing\Unit\RouteKey)::Static constructor values are normalized" class="Hyde\Framework\Testing\Unit\RouteKeyTest" classname="Hyde.Framework.Testing.Unit.RouteKeyTest" assertions="3" time="0.002071"/>
        <testcase name="From page" file="Route Key (Hyde\Framework\Testing\Unit\RouteKey)::From page" class="Hyde\Framework\Testing\Unit\RouteKeyTest" classname="Hyde.Framework.Testing.Unit.RouteKeyTest" assertions="5" time="0.002343"/>
        <testcase name="From page with nested identifier" file="Route Key (Hyde\Framework\Testing\Unit\RouteKey)::From page with nested identifier" class="Hyde\Framework\Testing\Unit\RouteKeyTest" classname="Hyde.Framework.Testing.Unit.RouteKeyTest" assertions="5" time="0.002376"/>
        <testcase name="From page with in memory page" file="Route Key (Hyde\Framework\Testing\Unit\RouteKey)::From page with in memory page" class="Hyde\Framework\Testing\Unit\RouteKeyTest" classname="Hyde.Framework.Testing.Unit.RouteKeyTest" assertions="2" time="0.002025"/>
        <testcase name="From page with custom output directory" file="Route Key (Hyde\Framework\Testing\Unit\RouteKey)::From page with custom output directory" class="Hyde\Framework\Testing\Unit\RouteKeyTest" classname="Hyde.Framework.Testing.Unit.RouteKeyTest" assertions="1" time="0.001871"/>
        <testcase name="From page with custom nested output directory" file="Route Key (Hyde\Framework\Testing\Unit\RouteKey)::From page with custom nested output directory" class="Hyde\Framework\Testing\Unit\RouteKeyTest" classname="Hyde.Framework.Testing.Unit.RouteKeyTest" assertions="1" time="0.002053"/>
      </testsuite>
      <testsuite name="Hyde\Framework\Testing\Unit\RouteNotFoundExceptionTest" file="Route Not Found Exception (Hyde\Framework\Testing\Unit\RouteNotFoundException)" tests="2" assertions="4" errors="0" failures="0" skipped="0" time="0.015402">
        <testcase name="It can be instantiated" file="Route Not Found Exception (Hyde\Framework\Testing\Unit\RouteNotFoundException)::It can be instantiated" class="Hyde\Framework\Testing\Unit\RouteNotFoundExceptionTest" classname="Hyde.Framework.Testing.Unit.RouteNotFoundExceptionTest" assertions="1" time="0.013211"/>
        <testcase name="It throws an exception when page type is not supported" file="Route Not Found Exception (Hyde\Framework\Testing\Unit\RouteNotFoundException)::It throws an exception when page type is not supported" class="Hyde\Framework\Testing\Unit\RouteNotFoundExceptionTest" classname="Hyde.Framework.Testing.Unit.RouteNotFoundExceptionTest" assertions="3" time="0.002191"/>
      </testsuite>
      <testsuite name="Hyde\Framework\Testing\Unit\RouteTest" file="Route (Hyde\Framework\Testing\Unit\Route)" tests="18" assertions="23" errors="0" failures="0" skipped="0" time="0.069545">
        <testcase name="Constructor creates route from page model" file="Route (Hyde\Framework\Testing\Unit\Route)::Constructor creates route from page model" class="Hyde\Framework\Testing\Unit\RouteTest" classname="Hyde.Framework.Testing.Unit.RouteTest" assertions="1" time="0.006055"/>
        <testcase name="Get page type returns fully qualified class name" file="Route (Hyde\Framework\Testing\Unit\Route)::Get page type returns fully qualified class name" class="Hyde\Framework\Testing\Unit\RouteTest" classname="Hyde.Framework.Testing.Unit.RouteTest" assertions="1" time="0.003268"/>
        <testcase name="Get source model returns page model" file="Route (Hyde\Framework\Testing\Unit\Route)::Get source model returns page model" class="Hyde\Framework\Testing\Unit\RouteTest" classname="Hyde.Framework.Testing.Unit.RouteTest" assertions="2" time="0.003364"/>
        <testcase name="Get route key returns page path" file="Route (Hyde\Framework\Testing\Unit\Route)::Get route key returns page path" class="Hyde\Framework\Testing\Unit\RouteTest" classname="Hyde.Framework.Testing.Unit.RouteTest" assertions="1" time="0.003232"/>
        <testcase name="Get source file path returns page source path" file="Route (Hyde\Framework\Testing\Unit\Route)::Get source file path returns page source path" class="Hyde\Framework\Testing\Unit\RouteTest" classname="Hyde.Framework.Testing.Unit.RouteTest" assertions="1" time="0.003278"/>
        <testcase name="Get output file path returns page output path" file="Route (Hyde\Framework\Testing\Unit\Route)::Get output file path returns page output path" class="Hyde\Framework\Testing\Unit\RouteTest" classname="Hyde.Framework.Testing.Unit.RouteTest" assertions="1" time="0.003284"/>
        <testcase name="Get link returns correct path for root pages" file="Route (Hyde\Framework\Testing\Unit\Route)::Get link returns correct path for root pages" class="Hyde\Framework\Testing\Unit\RouteTest" classname="Hyde.Framework.Testing.Unit.RouteTest" assertions="2" time="0.003899"/>
        <testcase name="Get link returns correct path for nested pages" file="Route (Hyde\Framework\Testing\Unit\Route)::Get link returns correct path for nested pages" class="Hyde\Framework\Testing\Unit\RouteTest" classname="Hyde.Framework.Testing.Unit.RouteTest" assertions="2" time="0.003848"/>
        <testcase name="Get link returns correct path for nested current page" file="Route (Hyde\Framework\Testing\Unit\Route)::Get link returns correct path for nested current page" class="Hyde\Framework\Testing\Unit\RouteTest" classname="Hyde.Framework.Testing.Unit.RouteTest" assertions="2" time="0.004169"/>
        <testcase name="Get link returns pretty url if enabled" file="Route (Hyde\Framework\Testing\Unit\Route)::Get link returns pretty url if enabled" class="Hyde\Framework\Testing\Unit\RouteTest" classname="Hyde.Framework.Testing.Unit.RouteTest" assertions="2" time="0.003876"/>
        <testcase name="To string is alias for get link" file="Route (Hyde\Framework\Testing\Unit\Route)::To string is alias for get link" class="Hyde\Framework\Testing\Unit\RouteTest" classname="Hyde.Framework.Testing.Unit.RouteTest" assertions="1" time="0.003638"/>
        <testcase name="Is with route returns true when true" file="Route (Hyde\Framework\Testing\Unit\Route)::Is with route returns true when true" class="Hyde\Framework\Testing\Unit\RouteTest" classname="Hyde.Framework.Testing.Unit.RouteTest" assertions="1" time="0.003425"/>
        <testcase name="Is with route returns false when false" file="Route (Hyde\Framework\Testing\Unit\Route)::Is with route returns false when false" class="Hyde\Framework\Testing\Unit\RouteTest" classname="Hyde.Framework.Testing.Unit.RouteTest" assertions="1" time="0.003802"/>
        <testcase name="Is with route key returns true when true" file="Route (Hyde\Framework\Testing\Unit\Route)::Is with route key returns true when true" class="Hyde\Framework\Testing\Unit\RouteTest" classname="Hyde.Framework.Testing.Unit.RouteTest" assertions="1" time="0.003456"/>
        <testcase name="Is with route key returns false when false" file="Route (Hyde\Framework\Testing\Unit\Route)::Is with route key returns false when false" class="Hyde\Framework\Testing\Unit\RouteTest" classname="Hyde.Framework.Testing.Unit.RouteTest" assertions="1" time="0.003448"/>
        <testcase name="Is with route key object returns true when true" file="Route (Hyde\Framework\Testing\Unit\Route)::Is with route key object returns true when true" class="Hyde\Framework\Testing\Unit\RouteTest" classname="Hyde.Framework.Testing.Unit.RouteTest" assertions="1" time="0.003462"/>
        <testcase name="Is with route key object returns true when false" file="Route (Hyde\Framework\Testing\Unit\Route)::Is with route key object returns true when false" class="Hyde\Framework\Testing\Unit\RouteTest" classname="Hyde.Framework.Testing.Unit.RouteTest" assertions="1" time="0.003462"/>
        <testcase name="To array method" file="Route (Hyde\Framework\Testing\Unit\Route)::To array method" class="Hyde\Framework\Testing\Unit\RouteTest" classname="Hyde.Framework.Testing.Unit.RouteTest" assertions="1" time="0.006578"/>
      </testsuite>
      <testsuite name="Hyde\Framework\Testing\Unit\SchemaContractsTest" file="Schema Contracts (Hyde\Framework\Testing\Unit\SchemaContracts)" tests="5" assertions="30" errors="0" failures="0" skipped="0" time="0.027574">
        <testcase name="Schemas are not accidentally changed" file="Schema Contracts (Hyde\Framework\Testing\Unit\SchemaContracts)::Schemas are not accidentally changed" class="Hyde\Framework\Testing\Unit\SchemaContractsTest" classname="Hyde.Framework.Testing.Unit.SchemaContractsTest" assertions="5" time="0.018579"/>
        <testcase name="All schemas are tested" file="Schema Contracts (Hyde\Framework\Testing\Unit\SchemaContracts)::All schemas are tested" class="Hyde\Framework\Testing\Unit\SchemaContractsTest" classname="Hyde.Framework.Testing.Unit.SchemaContractsTest" assertions="3" time="0.002122"/>
        <testcase name="All schemas extend front matter schema interface" file="Schema Contracts (Hyde\Framework\Testing\Unit\SchemaContracts)::All schemas extend front matter schema interface" class="Hyde\Framework\Testing\Unit\SchemaContractsTest" classname="Hyde.Framework.Testing.Unit.SchemaContractsTest" assertions="5" time="0.001931"/>
        <testcase name="All schemas have constant matching their interface name" file="Schema Contracts (Hyde\Framework\Testing\Unit\SchemaContracts)::All schemas have constant matching their interface name" class="Hyde\Framework\Testing\Unit\SchemaContractsTest" classname="Hyde.Framework.Testing.Unit.SchemaContractsTest" assertions="5" time="0.002028"/>
        <testcase name="Each interface only has one schema" file="Schema Contracts (Hyde\Framework\Testing\Unit\SchemaContracts)::Each interface only has one schema" class="Hyde\Framework\Testing\Unit\SchemaContractsTest" classname="Hyde.Framework.Testing.Unit.SchemaContractsTest" assertions="12" time="0.002914"/>
      </testsuite>
      <testsuite name="Hyde\Framework\Testing\Unit\SerializableContractTest" file="Serializable Contract (Hyde\Framework\Testing\Unit\SerializableContract)" tests="4" assertions="4" errors="0" failures="0" skipped="0" time="0.011354">
        <testcase name="Interface" file="Serializable Contract (Hyde\Framework\Testing\Unit\SerializableContract)::Interface" class="Hyde\Framework\Testing\Unit\SerializableContractTest" classname="Hyde.Framework.Testing.Unit.SerializableContractTest" assertions="1" time="0.006559"/>
        <testcase name="Interface extends json serializable" file="Serializable Contract (Hyde\Framework\Testing\Unit\SerializableContract)::Interface extends json serializable" class="Hyde\Framework\Testing\Unit\SerializableContractTest" classname="Hyde.Framework.Testing.Unit.SerializableContractTest" assertions="1" time="0.001618"/>
        <testcase name="Interface extends arrayable" file="Serializable Contract (Hyde\Framework\Testing\Unit\SerializableContract)::Interface extends arrayable" class="Hyde\Framework\Testing\Unit\SerializableContractTest" classname="Hyde.Framework.Testing.Unit.SerializableContractTest" assertions="1" time="0.001595"/>
        <testcase name="Interface extends jsonable" file="Serializable Contract (Hyde\Framework\Testing\Unit\SerializableContract)::Interface extends jsonable" class="Hyde\Framework\Testing\Unit\SerializableContractTest" classname="Hyde.Framework.Testing.Unit.SerializableContractTest" assertions="1" time="0.001581"/>
      </testsuite>
      <testsuite name="Hyde\Framework\Testing\Unit\SerializableTest" file="Serializable (Hyde\Framework\Testing\Unit\Serializable)" tests="8" assertions="8" errors="0" failures="0" skipped="0" time="0.019343">
        <testcase name="To array" file="Serializable (Hyde\Framework\Testing\Unit\Serializable)::To array" class="Hyde\Framework\Testing\Unit\SerializableTest" classname="Hyde.Framework.Testing.Unit.SerializableTest" assertions="1" time="0.006058"/>
        <testcase name="Json serialize" file="Serializable (Hyde\Framework\Testing\Unit\Serializable)::Json serialize" class="Hyde\Framework\Testing\Unit\SerializableTest" classname="Hyde.Framework.Testing.Unit.SerializableTest" assertions="1" time="0.001942"/>
        <testcase name="To json" file="Serializable (Hyde\Framework\Testing\Unit\Serializable)::To json" class="Hyde\Framework\Testing\Unit\SerializableTest" classname="Hyde.Framework.Testing.Unit.SerializableTest" assertions="1" time="0.001840"/>
        <testcase name="Json encode" file="Serializable (Hyde\Framework\Testing\Unit\Serializable)::Json encode" class="Hyde\Framework\Testing\Unit\SerializableTest" classname="Hyde.Framework.Testing.Unit.SerializableTest" assertions="1" time="0.001831"/>
        <testcase name="Serialize" file="Serializable (Hyde\Framework\Testing\Unit\Serializable)::Serialize" class="Hyde\Framework\Testing\Unit\SerializableTest" classname="Hyde.Framework.Testing.Unit.SerializableTest" assertions="1" time="0.001886"/>
        <testcase name="Serialize with arrayable" file="Serializable (Hyde\Framework\Testing\Unit\Serializable)::Serialize with arrayable" class="Hyde\Framework\Testing\Unit\SerializableTest" classname="Hyde.Framework.Testing.Unit.SerializableTest" assertions="1" time="0.001937"/>
        <testcase name="Json serialize with arrayable" file="Serializable (Hyde\Framework\Testing\Unit\Serializable)::Json serialize with arrayable" class="Hyde\Framework\Testing\Unit\SerializableTest" classname="Hyde.Framework.Testing.Unit.SerializableTest" assertions="1" time="0.001971"/>
        <testcase name="To json with arrayable" file="Serializable (Hyde\Framework\Testing\Unit\Serializable)::To json with arrayable" class="Hyde\Framework\Testing\Unit\SerializableTest" classname="Hyde.Framework.Testing.Unit.SerializableTest" assertions="1" time="0.001878"/>
      </testsuite>
      <testsuite name="Hyde\Framework\Testing\Unit\ServeCommandOptionsUnitTest" file="Serve Command Options Unit (Hyde\Framework\Testing\Unit\ServeCommandOptionsUnit)" tests="26" assertions="58" errors="0" failures="0" skipped="0" time="0.101912">
        <testcase name="Get host selection" file="Serve Command Options Unit (Hyde\Framework\Testing\Unit\ServeCommandOptionsUnit)::Get host selection" class="Hyde\Framework\Testing\Unit\ServeCommandOptionsUnitTest" classname="Hyde.Framework.Testing.Unit.ServeCommandOptionsUnitTest" assertions="1" time="0.010892"/>
        <testcase name="Get host selection with host option" file="Serve Command Options Unit (Hyde\Framework\Testing\Unit\ServeCommandOptionsUnit)::Get host selection with host option" class="Hyde\Framework\Testing\Unit\ServeCommandOptionsUnitTest" classname="Hyde.Framework.Testing.Unit.ServeCommandOptionsUnitTest" assertions="1" time="0.002703"/>
        <testcase name="Get host selection with config option" file="Serve Command Options Unit (Hyde\Framework\Testing\Unit\ServeCommandOptionsUnit)::Get host selection with config option" class="Hyde\Framework\Testing\Unit\ServeCommandOptionsUnitTest" classname="Hyde.Framework.Testing.Unit.ServeCommandOptionsUnitTest" assertions="1" time="0.002774"/>
        <testcase name="Get host selection with host option and config option" file="Serve Command Options Unit (Hyde\Framework\Testing\Unit\ServeCommandOptionsUnit)::Get host selection with host option and config option" class="Hyde\Framework\Testing\Unit\ServeCommandOptionsUnitTest" classname="Hyde.Framework.Testing.Unit.ServeCommandOptionsUnitTest" assertions="1" time="0.002746"/>
        <testcase name="Get port selection" file="Serve Command Options Unit (Hyde\Framework\Testing\Unit\ServeCommandOptionsUnit)::Get port selection" class="Hyde\Framework\Testing\Unit\ServeCommandOptionsUnitTest" classname="Hyde.Framework.Testing.Unit.ServeCommandOptionsUnitTest" assertions="1" time="0.002674"/>
        <testcase name="Get port selection with port option" file="Serve Command Options Unit (Hyde\Framework\Testing\Unit\ServeCommandOptionsUnit)::Get port selection with port option" class="Hyde\Framework\Testing\Unit\ServeCommandOptionsUnitTest" classname="Hyde.Framework.Testing.Unit.ServeCommandOptionsUnitTest" assertions="1" time="0.002704"/>
        <testcase name="Get port selection with config option" file="Serve Command Options Unit (Hyde\Framework\Testing\Unit\ServeCommandOptionsUnit)::Get port selection with config option" class="Hyde\Framework\Testing\Unit\ServeCommandOptionsUnitTest" classname="Hyde.Framework.Testing.Unit.ServeCommandOptionsUnitTest" assertions="1" time="0.002815"/>
        <testcase name="Get port selection with port option and config option" file="Serve Command Options Unit (Hyde\Framework\Testing\Unit\ServeCommandOptionsUnit)::Get port selection with port option and config option" class="Hyde\Framework\Testing\Unit\ServeCommandOptionsUnitTest" classname="Hyde.Framework.Testing.Unit.ServeCommandOptionsUnitTest" assertions="1" time="0.002757"/>
        <testcase name="Get environment variables" file="Serve Command Options Unit (Hyde\Framework\Testing\Unit\ServeCommandOptionsUnit)::Get environment variables" class="Hyde\Framework\Testing\Unit\ServeCommandOptionsUnitTest" classname="Hyde.Framework.Testing.Unit.ServeCommandOptionsUnitTest" assertions="1" time="0.002775"/>
        <testcase name="Get environment variables with no ansi option" file="Serve Command Options Unit (Hyde\Framework\Testing\Unit\ServeCommandOptionsUnit)::Get environment variables with no ansi option" class="Hyde\Framework\Testing\Unit\ServeCommandOptionsUnitTest" classname="Hyde.Framework.Testing.Unit.ServeCommandOptionsUnitTest" assertions="1" time="0.002767"/>
        <testcase name="Save preview option propagates to environment variables" file="Serve Command Options Unit (Hyde\Framework\Testing\Unit\ServeCommandOptionsUnit)::Save preview option propagates to environment variables" class="Hyde\Framework\Testing\Unit\ServeCommandOptionsUnitTest" classname="Hyde.Framework.Testing.Unit.ServeCommandOptionsUnitTest" assertions="5" time="0.003988"/>
        <testcase name="Dashboard option propagates to environment variables" file="Serve Command Options Unit (Hyde\Framework\Testing\Unit\ServeCommandOptionsUnit)::Dashboard option propagates to environment variables" class="Hyde\Framework\Testing\Unit\ServeCommandOptionsUnitTest" classname="Hyde.Framework.Testing.Unit.ServeCommandOptionsUnitTest" assertions="5" time="0.003960"/>
        <testcase name="Pretty urls option propagates to environment variables" file="Serve Command Options Unit (Hyde\Framework\Testing\Unit\ServeCommandOptionsUnit)::Pretty urls option propagates to environment variables" class="Hyde\Framework\Testing\Unit\ServeCommandOptionsUnitTest" classname="Hyde.Framework.Testing.Unit.ServeCommandOptionsUnitTest" assertions="5" time="0.003960"/>
        <testcase name="Play cdn option propagates to environment variables" file="Serve Command Options Unit (Hyde\Framework\Testing\Unit\ServeCommandOptionsUnit)::Play cdn option propagates to environment variables" class="Hyde\Framework\Testing\Unit\ServeCommandOptionsUnitTest" classname="Hyde.Framework.Testing.Unit.ServeCommandOptionsUnitTest" assertions="5" time="0.003958"/>
        <testcase name="Parse environment option" file="Serve Command Options Unit (Hyde\Framework\Testing\Unit\ServeCommandOptionsUnit)::Parse environment option" class="Hyde\Framework\Testing\Unit\ServeCommandOptionsUnitTest" classname="Hyde.Framework.Testing.Unit.ServeCommandOptionsUnitTest" assertions="2" time="0.002978"/>
        <testcase name="Parse environment option with empty string" file="Serve Command Options Unit (Hyde\Framework\Testing\Unit\ServeCommandOptionsUnit)::Parse environment option with empty string" class="Hyde\Framework\Testing\Unit\ServeCommandOptionsUnitTest" classname="Hyde.Framework.Testing.Unit.ServeCommandOptionsUnitTest" assertions="1" time="0.002968"/>
        <testcase name="Parse environment option with null" file="Serve Command Options Unit (Hyde\Framework\Testing\Unit\ServeCommandOptionsUnit)::Parse environment option with null" class="Hyde\Framework\Testing\Unit\ServeCommandOptionsUnitTest" classname="Hyde.Framework.Testing.Unit.ServeCommandOptionsUnitTest" assertions="1" time="0.002727"/>
        <testcase name="Parse environment option with invalid value" file="Serve Command Options Unit (Hyde\Framework\Testing\Unit\ServeCommandOptionsUnit)::Parse environment option with invalid value" class="Hyde\Framework\Testing\Unit\ServeCommandOptionsUnitTest" classname="Hyde.Framework.Testing.Unit.ServeCommandOptionsUnitTest" assertions="2" time="0.002831"/>
        <testcase name="Check argv for option" file="Serve Command Options Unit (Hyde\Framework\Testing\Unit\ServeCommandOptionsUnit)::Check argv for option" class="Hyde\Framework\Testing\Unit\ServeCommandOptionsUnitTest" classname="Hyde.Framework.Testing.Unit.ServeCommandOptionsUnitTest" assertions="2" time="0.002753"/>
        <testcase name="With open argument" file="Serve Command Options Unit (Hyde\Framework\Testing\Unit\ServeCommandOptionsUnit)::With open argument" class="Hyde\Framework\Testing\Unit\ServeCommandOptionsUnitTest" classname="Hyde.Framework.Testing.Unit.ServeCommandOptionsUnitTest" assertions="1" time="0.003101"/>
        <testcase name="With open argument when string" file="Serve Command Options Unit (Hyde\Framework\Testing\Unit\ServeCommandOptionsUnit)::With open argument when string" class="Hyde\Framework\Testing\Unit\ServeCommandOptionsUnitTest" classname="Hyde.Framework.Testing.Unit.ServeCommandOptionsUnitTest" assertions="1" time="0.003020"/>
        <testcase name="With open argument when path" file="Serve Command Options Unit (Hyde\Framework\Testing\Unit\ServeCommandOptionsUnit)::With open argument when path" class="Hyde\Framework\Testing\Unit\ServeCommandOptionsUnitTest" classname="Hyde.Framework.Testing.Unit.ServeCommandOptionsUnitTest" assertions="1" time="0.003023"/>
        <testcase name="Open in browser" file="Serve Command Options Unit (Hyde\Framework\Testing\Unit\ServeCommandOptionsUnit)::Open in browser" class="Hyde\Framework\Testing\Unit\ServeCommandOptionsUnitTest" classname="Hyde.Framework.Testing.Unit.ServeCommandOptionsUnitTest" assertions="4" time="0.014301"/>
        <testcase name="Open in browser with path" file="Serve Command Options Unit (Hyde\Framework\Testing\Unit\ServeCommandOptionsUnit)::Open in browser with path" class="Hyde\Framework\Testing\Unit\ServeCommandOptionsUnitTest" classname="Hyde.Framework.Testing.Unit.ServeCommandOptionsUnitTest" assertions="3" time="0.003117"/>
        <testcase name="Open in browser with path normalizes paths" file="Serve Command Options Unit (Hyde\Framework\Testing\Unit\ServeCommandOptionsUnit)::Open in browser with path normalizes paths" class="Hyde\Framework\Testing\Unit\ServeCommandOptionsUnitTest" classname="Hyde.Framework.Testing.Unit.ServeCommandOptionsUnitTest" assertions="3" time="0.004493"/>
        <testcase name="Open in browser that fails" file="Serve Command Options Unit (Hyde\Framework\Testing\Unit\ServeCommandOptionsUnit)::Open in browser that fails" class="Hyde\Framework\Testing\Unit\ServeCommandOptionsUnitTest" classname="Hyde.Framework.Testing.Unit.ServeCommandOptionsUnitTest" assertions="7" time="0.005126"/>
      </testsuite>
      <testsuite name="Hyde\Framework\Testing\Unit\SourceFilesInCustomDirectoriesCanBeCompiledTest" file="Source Files In Custom Directories Can Be Compiled (Hyde\Framework\Testing\Unit\SourceFilesInCustomDirectoriesCanBeCompiled)" tests="4" assertions="4" errors="0" failures="0" skipped="0" time="0.160736">
        <testcase name="Markdown posts in changed directory can be compiled" file="Source Files In Custom Directories Can Be Compiled (Hyde\Framework\Testing\Unit\SourceFilesInCustomDirectoriesCanBeCompiled)::Markdown posts in changed directory can be compiled" class="Hyde\Framework\Testing\Unit\SourceFilesInCustomDirectoriesCanBeCompiledTest" classname="Hyde.Framework.Testing.Unit.SourceFilesInCustomDirectoriesCanBeCompiledTest" assertions="1" time="0.061488"/>
        <testcase name="Markdown pages in changed directory can be compiled" file="Source Files In Custom Directories Can Be Compiled (Hyde\Framework\Testing\Unit\SourceFilesInCustomDirectoriesCanBeCompiled)::Markdown pages in changed directory can be compiled" class="Hyde\Framework\Testing\Unit\SourceFilesInCustomDirectoriesCanBeCompiledTest" classname="Hyde.Framework.Testing.Unit.SourceFilesInCustomDirectoriesCanBeCompiledTest" assertions="1" time="0.035086"/>
        <testcase name="Documentation pages in changed directory can be compiled" file="Source Files In Custom Directories Can Be Compiled (Hyde\Framework\Testing\Unit\SourceFilesInCustomDirectoriesCanBeCompiled)::Documentation pages in changed directory can be compiled" class="Hyde\Framework\Testing\Unit\SourceFilesInCustomDirectoriesCanBeCompiledTest" classname="Hyde.Framework.Testing.Unit.SourceFilesInCustomDirectoriesCanBeCompiledTest" assertions="1" time="0.038913"/>
        <testcase name="Blade pages in changed directory can be compiled" file="Source Files In Custom Directories Can Be Compiled (Hyde\Framework\Testing\Unit\SourceFilesInCustomDirectoriesCanBeCompiled)::Blade pages in changed directory can be compiled" class="Hyde\Framework\Testing\Unit\SourceFilesInCustomDirectoriesCanBeCompiledTest" classname="Hyde.Framework.Testing.Unit.SourceFilesInCustomDirectoriesCanBeCompiledTest" assertions="1" time="0.025249"/>
      </testsuite>
      <testsuite name="Hyde\Framework\Testing\Unit\TestBuildStaticSiteCommandFlagToEnablePrettyUrlsTest" file="Build Static Site Command Flag To Enable Pretty Urls (Hyde\Framework\Testing\Unit\BuildStaticSiteCommandFlagToEnablePrettyUrls)" tests="2" assertions="4" errors="0" failures="0" skipped="0" time="0.063325">
        <testcase name="Pretty urls can be enabled with flag" file="Build Static Site Command Flag To Enable Pretty Urls (Hyde\Framework\Testing\Unit\BuildStaticSiteCommandFlagToEnablePrettyUrls)::Pretty urls can be enabled with flag" class="Hyde\Framework\Testing\Unit\TestBuildStaticSiteCommandFlagToEnablePrettyUrlsTest" classname="Hyde.Framework.Testing.Unit.TestBuildStaticSiteCommandFlagToEnablePrettyUrlsTest" assertions="3" time="0.043820"/>
        <testcase name="Config change is not persisted" file="Build Static Site Command Flag To Enable Pretty Urls (Hyde\Framework\Testing\Unit\BuildStaticSiteCommandFlagToEnablePrettyUrls)::Config change is not persisted" class="Hyde\Framework\Testing\Unit\TestBuildStaticSiteCommandFlagToEnablePrettyUrlsTest" classname="Hyde.Framework.Testing.Unit.TestBuildStaticSiteCommandFlagToEnablePrettyUrlsTest" assertions="1" time="0.019506"/>
      </testsuite>
      <testsuite name="Hyde\Framework\Testing\Unit\TestingSupportHelpersMetaTest" file="ing Support Helpers Meta (Hyde\Framework\Testing\Unit\ingSupportHelpersMeta)" tests="4" assertions="9" errors="0" failures="0" skipped="0" time="0.011740">
        <testcase name="With pages" file="ing Support Helpers Meta (Hyde\Framework\Testing\Unit\ingSupportHelpersMeta)::With pages" class="Hyde\Framework\Testing\Unit\TestingSupportHelpersMetaTest" classname="Hyde.Framework.Testing.Unit.TestingSupportHelpersMetaTest" assertions="2" time="0.004809"/>
        <testcase name="With pages replaces existing pages" file="ing Support Helpers Meta (Hyde\Framework\Testing\Unit\ingSupportHelpersMeta)::With pages replaces existing pages" class="Hyde\Framework\Testing\Unit\TestingSupportHelpersMetaTest" classname="Hyde.Framework.Testing.Unit.TestingSupportHelpersMetaTest" assertions="2" time="0.002517"/>
        <testcase name="With pages replaces existing routes" file="ing Support Helpers Meta (Hyde\Framework\Testing\Unit\ingSupportHelpersMeta)::With pages replaces existing routes" class="Hyde\Framework\Testing\Unit\TestingSupportHelpersMetaTest" classname="Hyde.Framework.Testing.Unit.TestingSupportHelpersMetaTest" assertions="2" time="0.002529"/>
        <testcase name="With pages when supplying strings" file="ing Support Helpers Meta (Hyde\Framework\Testing\Unit\ingSupportHelpersMeta)::With pages when supplying strings" class="Hyde\Framework\Testing\Unit\TestingSupportHelpersMetaTest" classname="Hyde.Framework.Testing.Unit.TestingSupportHelpersMetaTest" assertions="3" time="0.001885"/>
      </testsuite>
      <testsuite name="Hyde\Framework\Testing\Unit\TracksExecutionTimeTest" file="Tracks Execution Time (Hyde\Framework\Testing\Unit\TracksExecutionTime)" tests="4" assertions="10" errors="0" failures="0" skipped="0" time="0.012072">
        <testcase name="Start clock" file="Tracks Execution Time (Hyde\Framework\Testing\Unit\TracksExecutionTime)::Start clock" class="Hyde\Framework\Testing\Unit\TracksExecutionTimeTest" classname="Hyde.Framework.Testing.Unit.TracksExecutionTimeTest" assertions="4" time="0.006289"/>
        <testcase name="Stop clock" file="Tracks Execution Time (Hyde\Framework\Testing\Unit\TracksExecutionTime)::Stop clock" class="Hyde\Framework\Testing\Unit\TracksExecutionTimeTest" classname="Hyde.Framework.Testing.Unit.TracksExecutionTimeTest" assertions="2" time="0.001923"/>
        <testcase name="Get execution time in ms" file="Tracks Execution Time (Hyde\Framework\Testing\Unit\TracksExecutionTime)::Get execution time in ms" class="Hyde\Framework\Testing\Unit\TracksExecutionTimeTest" classname="Hyde.Framework.Testing.Unit.TracksExecutionTimeTest" assertions="2" time="0.001950"/>
        <testcase name="Get execution time string" file="Tracks Execution Time (Hyde\Framework\Testing\Unit\TracksExecutionTime)::Get execution time string" class="Hyde\Framework\Testing\Unit\TracksExecutionTimeTest" classname="Hyde.Framework.Testing.Unit.TracksExecutionTimeTest" assertions="2" time="0.001910"/>
      </testsuite>
      <testsuite name="Hyde\Framework\Testing\Unit\UnixsumTest" file="Unixsum (Hyde\Framework\Testing\Unit\Unixsum)" tests="10" assertions="13" errors="0" failures="0" skipped="0" time="0.022766">
        <testcase name="Method returns string" file="Unixsum (Hyde\Framework\Testing\Unit\Unixsum)::Method returns string" class="Hyde\Framework\Testing\Unit\UnixsumTest" classname="Hyde.Framework.Testing.Unit.UnixsumTest" assertions="1" time="0.005900"/>
        <testcase name="Method returns string with length of 32" file="Unixsum (Hyde\Framework\Testing\Unit\Unixsum)::Method returns string with length of 32" class="Hyde\Framework\Testing\Unit\UnixsumTest" classname="Hyde.Framework.Testing.Unit.UnixsumTest" assertions="1" time="0.001760"/>
        <testcase name="Method returns string matching expected format" file="Unixsum (Hyde\Framework\Testing\Unit\Unixsum)::Method returns string matching expected format" class="Hyde\Framework\Testing\Unit\UnixsumTest" classname="Hyde.Framework.Testing.Unit.UnixsumTest" assertions="1" time="0.001898"/>
        <testcase name="Method returns same value for same string using normal method" file="Unixsum (Hyde\Framework\Testing\Unit\Unixsum)::Method returns same value for same string using normal method" class="Hyde\Framework\Testing\Unit\UnixsumTest" classname="Hyde.Framework.Testing.Unit.UnixsumTest" assertions="1" time="0.001732"/>
        <testcase name="Method returns different value for different string" file="Unixsum (Hyde\Framework\Testing\Unit\Unixsum)::Method returns different value for different string" class="Hyde\Framework\Testing\Unit\UnixsumTest" classname="Hyde.Framework.Testing.Unit.UnixsumTest" assertions="1" time="0.001822"/>
        <testcase name="Function is case sensitive" file="Unixsum (Hyde\Framework\Testing\Unit\Unixsum)::Function is case sensitive" class="Hyde\Framework\Testing\Unit\UnixsumTest" classname="Hyde.Framework.Testing.Unit.UnixsumTest" assertions="1" time="0.001723"/>
        <testcase name="Function is space sensitive" file="Unixsum (Hyde\Framework\Testing\Unit\Unixsum)::Function is space sensitive" class="Hyde\Framework\Testing\Unit\UnixsumTest" classname="Hyde.Framework.Testing.Unit.UnixsumTest" assertions="1" time="0.001750"/>
        <testcase name="Method returns same value regardless of end of line sequence" file="Unixsum (Hyde\Framework\Testing\Unit\Unixsum)::Method returns same value regardless of end of line sequence" class="Hyde\Framework\Testing\Unit\UnixsumTest" classname="Hyde.Framework.Testing.Unit.UnixsumTest" assertions="4" time="0.001988"/>
        <testcase name="Method returns same value for string with mixed end of line sequences" file="Unixsum (Hyde\Framework\Testing\Unit\Unixsum)::Method returns same value for string with mixed end of line sequences" class="Hyde\Framework\Testing\Unit\UnixsumTest" classname="Hyde.Framework.Testing.Unit.UnixsumTest" assertions="1" time="0.001742"/>
        <testcase name="Method returns same value when loaded from file using shorthand" file="Unixsum (Hyde\Framework\Testing\Unit\Unixsum)::Method returns same value when loaded from file using shorthand" class="Hyde\Framework\Testing\Unit\UnixsumTest" classname="Hyde.Framework.Testing.Unit.UnixsumTest" assertions="1" time="0.002450"/>
      </testsuite>
      <testsuite name="Hyde\Framework\Testing\Unit\UnsupportedPageTypeExceptionTest" file="Unsupported Page Type Exception (Hyde\Framework\Testing\Unit\UnsupportedPageTypeException)" tests="2" assertions="3" errors="0" failures="0" skipped="0" time="0.012739">
        <testcase name="It can be instantiated" file="Unsupported Page Type Exception (Hyde\Framework\Testing\Unit\UnsupportedPageTypeException)::It can be instantiated" class="Hyde\Framework\Testing\Unit\UnsupportedPageTypeExceptionTest" classname="Hyde.Framework.Testing.Unit.UnsupportedPageTypeExceptionTest" assertions="1" time="0.010801"/>
        <testcase name="It throws an exception when page type is not supported" file="Unsupported Page Type Exception (Hyde\Framework\Testing\Unit\UnsupportedPageTypeException)::It throws an exception when page type is not supported" class="Hyde\Framework\Testing\Unit\UnsupportedPageTypeExceptionTest" classname="Hyde.Framework.Testing.Unit.UnsupportedPageTypeExceptionTest" assertions="2" time="0.001938"/>
      </testsuite>
      <testsuite name="Hyde\Framework\Testing\Unit\ValidatesExistenceTest" file="Validates Existence (Hyde\Framework\Testing\Unit\ValidatesExistence)" tests="2" assertions="2" errors="0" failures="0" skipped="0" time="0.042257">
        <testcase name="Validate existence does nothing if file exists" file="Validates Existence (Hyde\Framework\Testing\Unit\ValidatesExistence)::Validate existence does nothing if file exists" class="Hyde\Framework\Testing\Unit\ValidatesExistenceTest" classname="Hyde.Framework.Testing.Unit.ValidatesExistenceTest" assertions="1" time="0.022751"/>
        <testcase name="Validate existence throws file not found exception if file does not exist" file="Validates Existence (Hyde\Framework\Testing\Unit\ValidatesExistence)::Validate existence throws file not found exception if file does not exist" class="Hyde\Framework\Testing\Unit\ValidatesExistenceTest" classname="Hyde.Framework.Testing.Unit.ValidatesExistenceTest" assertions="1" time="0.019506"/>
      </testsuite>
      <testsuite name="Hyde\Framework\Testing\Unit\ViewDiffServiceTest" file="View Diff Service (Hyde\Framework\Testing\Unit\ViewDiffService)" tests="4" assertions="8" errors="0" failures="0" skipped="0" time="0.035789">
        <testcase name="Get filecache" file="View Diff Service (Hyde\Framework\Testing\Unit\ViewDiffService)::Get filecache" class="Hyde\Framework\Testing\Unit\ViewDiffServiceTest" classname="Hyde.Framework.Testing.Unit.ViewDiffServiceTest" assertions="4" time="0.016417"/>
        <testcase name="Get checksums" file="View Diff Service (Hyde\Framework\Testing\Unit\ViewDiffService)::Get checksums" class="Hyde\Framework\Testing\Unit\ViewDiffServiceTest" classname="Hyde.Framework.Testing.Unit.ViewDiffServiceTest" assertions="2" time="0.006581"/>
        <testcase name="Checksum matches any" file="View Diff Service (Hyde\Framework\Testing\Unit\ViewDiffService)::Checksum matches any" class="Hyde\Framework\Testing\Unit\ViewDiffServiceTest" classname="Hyde.Framework.Testing.Unit.ViewDiffServiceTest" assertions="1" time="0.006504"/>
        <testcase name="Checksum matches any false" file="View Diff Service (Hyde\Framework\Testing\Unit\ViewDiffService)::Checksum matches any false" class="Hyde\Framework\Testing\Unit\ViewDiffServiceTest" classname="Hyde.Framework.Testing.Unit.ViewDiffServiceTest" assertions="1" time="0.006287"/>
      </testsuite>
      <testsuite name="Hyde\Framework\Testing\Unit\Views\ArticleExcerptViewTest" file="Article Excerpt View (Hyde\Framework\Testing\Unit\Views\ArticleExcerptView)" tests="5" assertions="10" errors="0" failures="0" skipped="0" time="0.154430">
        <testcase name="Component can be rendered" file="Article Excerpt View (Hyde\Framework\Testing\Unit\Views\ArticleExcerptView)::Component can be rendered" class="Hyde\Framework\Testing\Unit\Views\ArticleExcerptViewTest" classname="Hyde.Framework.Testing.Unit.Views.ArticleExcerptViewTest" assertions="1" time="0.043880"/>
        <testcase name="Component renders post data" file="Article Excerpt View (Hyde\Framework\Testing\Unit\Views\ArticleExcerptView)::Component renders post data" class="Hyde\Framework\Testing\Unit\Views\ArticleExcerptViewTest" classname="Hyde.Framework.Testing.Unit.Views.ArticleExcerptViewTest" assertions="5" time="0.027994"/>
        <testcase name="Component renders post with author object" file="Article Excerpt View (Hyde\Framework\Testing\Unit\Views\ArticleExcerptView)::Component renders post with author object" class="Hyde\Framework\Testing\Unit\Views\ArticleExcerptViewTest" classname="Hyde.Framework.Testing.Unit.Views.ArticleExcerptViewTest" assertions="1" time="0.028488"/>
        <testcase name="There is no comma after date string when there is no author" file="Article Excerpt View (Hyde\Framework\Testing\Unit\Views\ArticleExcerptView)::There is no comma after date string when there is no author" class="Hyde\Framework\Testing\Unit\Views\ArticleExcerptViewTest" classname="Hyde.Framework.Testing.Unit.Views.ArticleExcerptViewTest" assertions="2" time="0.027059"/>
        <testcase name="There is a comma after date string when there is a author" file="Article Excerpt View (Hyde\Framework\Testing\Unit\Views\ArticleExcerptView)::There is a comma after date string when there is a author" class="Hyde\Framework\Testing\Unit\Views\ArticleExcerptViewTest" classname="Hyde.Framework.Testing.Unit.Views.ArticleExcerptViewTest" assertions="1" time="0.027009"/>
      </testsuite>
      <testsuite name="Hyde\Framework\Testing\Unit\Views\BreadcrumbsComponentViewTest" file="Breadcrumbs Component View (Hyde\Framework\Testing\Unit\Views\BreadcrumbsComponentView)" tests="6" assertions="6" errors="0" failures="0" skipped="0" time="0.157907">
        <testcase name="Rendered blade view" file="Breadcrumbs Component View (Hyde\Framework\Testing\Unit\Views\BreadcrumbsComponentView)::Rendered blade view" class="Hyde\Framework\Testing\Unit\Views\BreadcrumbsComponentViewTest" classname="Hyde.Framework.Testing.Unit.Views.BreadcrumbsComponentViewTest" assertions="1" time="0.033212"/>
        <testcase name="Rendered blade view on index page" file="Breadcrumbs Component View (Hyde\Framework\Testing\Unit\Views\BreadcrumbsComponentView)::Rendered blade view on index page" class="Hyde\Framework\Testing\Unit\Views\BreadcrumbsComponentViewTest" classname="Hyde.Framework.Testing.Unit.Views.BreadcrumbsComponentViewTest" assertions="1" time="0.024603"/>
        <testcase name="Rendered blade view on nested page" file="Breadcrumbs Component View (Hyde\Framework\Testing\Unit\Views\BreadcrumbsComponentView)::Rendered blade view on nested page" class="Hyde\Framework\Testing\Unit\Views\BreadcrumbsComponentViewTest" classname="Hyde.Framework.Testing.Unit.Views.BreadcrumbsComponentViewTest" assertions="1" time="0.024996"/>
        <testcase name="Rendered blade view on deeply nested page" file="Breadcrumbs Component View (Hyde\Framework\Testing\Unit\Views\BreadcrumbsComponentView)::Rendered blade view on deeply nested page" class="Hyde\Framework\Testing\Unit\Views\BreadcrumbsComponentViewTest" classname="Hyde.Framework.Testing.Unit.Views.BreadcrumbsComponentViewTest" assertions="1" time="0.025032"/>
        <testcase name="Rendered blade view on nested index page" file="Breadcrumbs Component View (Hyde\Framework\Testing\Unit\Views\BreadcrumbsComponentView)::Rendered blade view on nested index page" class="Hyde\Framework\Testing\Unit\Views\BreadcrumbsComponentViewTest" classname="Hyde.Framework.Testing.Unit.Views.BreadcrumbsComponentViewTest" assertions="1" time="0.025159"/>
        <testcase name="Rendered blade view with attributes" file="Breadcrumbs Component View (Hyde\Framework\Testing\Unit\Views\BreadcrumbsComponentView)::Rendered blade view with attributes" class="Hyde\Framework\Testing\Unit\Views\BreadcrumbsComponentViewTest" classname="Hyde.Framework.Testing.Unit.Views.BreadcrumbsComponentViewTest" assertions="1" time="0.024905"/>
      </testsuite>
      <testsuite name="Hyde\Framework\Testing\Unit\Views\FeaturedImageViewTest" file="Featured Image View (Hyde\Framework\Testing\Unit\Views\FeaturedImageView)" tests="21" assertions="46" errors="0" failures="0" skipped="0" time="0.512994">
        <testcase name="The view" file="Featured Image View (Hyde\Framework\Testing\Unit\Views\FeaturedImageView)::The view" class="Hyde\Framework\Testing\Unit\Views\FeaturedImageViewTest" classname="Hyde.Framework.Testing.Unit.Views.FeaturedImageViewTest" assertions="9" time="0.049993"/>
        <testcase name="Image author attribution string" file="Featured Image View (Hyde\Framework\Testing\Unit\Views\FeaturedImageView)::Image author attribution string" class="Hyde\Framework\Testing\Unit\Views\FeaturedImageViewTest" classname="Hyde.Framework.Testing.Unit.Views.FeaturedImageViewTest" assertions="3" time="0.022641"/>
        <testcase name="Image author attribution string with url" file="Featured Image View (Hyde\Framework\Testing\Unit\Views\FeaturedImageView)::Image author attribution string with url" class="Hyde\Framework\Testing\Unit\Views\FeaturedImageViewTest" classname="Hyde.Framework.Testing.Unit.Views.FeaturedImageViewTest" assertions="5" time="0.022691"/>
        <testcase name="Copyright string" file="Featured Image View (Hyde\Framework\Testing\Unit\Views\FeaturedImageView)::Copyright string" class="Hyde\Framework\Testing\Unit\Views\FeaturedImageViewTest" classname="Hyde.Framework.Testing.Unit.Views.FeaturedImageViewTest" assertions="2" time="0.022380"/>
        <testcase name="Copyright string inverse" file="Featured Image View (Hyde\Framework\Testing\Unit\Views\FeaturedImageView)::Copyright string inverse" class="Hyde\Framework\Testing\Unit\Views\FeaturedImageViewTest" classname="Hyde.Framework.Testing.Unit.Views.FeaturedImageViewTest" assertions="1" time="0.022256"/>
        <testcase name="License string" file="Featured Image View (Hyde\Framework\Testing\Unit\Views\FeaturedImageView)::License string" class="Hyde\Framework\Testing\Unit\Views\FeaturedImageViewTest" classname="Hyde.Framework.Testing.Unit.Views.FeaturedImageViewTest" assertions="1" time="0.022241"/>
        <testcase name="License string with url" file="Featured Image View (Hyde\Framework\Testing\Unit\Views\FeaturedImageView)::License string with url" class="Hyde\Framework\Testing\Unit\Views\FeaturedImageViewTest" classname="Hyde.Framework.Testing.Unit.Views.FeaturedImageViewTest" assertions="1" time="0.022357"/>
        <testcase name="License string inverse" file="Featured Image View (Hyde\Framework\Testing\Unit\Views\FeaturedImageView)::License string inverse" class="Hyde\Framework\Testing\Unit\Views\FeaturedImageViewTest" classname="Hyde.Framework.Testing.Unit.Views.FeaturedImageViewTest" assertions="2" time="0.022552"/>
        <testcase name="License string inverse with url" file="Featured Image View (Hyde\Framework\Testing\Unit\Views\FeaturedImageView)::License string inverse with url" class="Hyde\Framework\Testing\Unit\Views\FeaturedImageViewTest" classname="Hyde.Framework.Testing.Unit.Views.FeaturedImageViewTest" assertions="2" time="0.022642"/>
        <testcase name="Fluent attribution logic uses rich html tags" file="Featured Image View (Hyde\Framework\Testing\Unit\Views\FeaturedImageView)::Fluent attribution logic uses rich html tags" class="Hyde\Framework\Testing\Unit\Views\FeaturedImageViewTest" classname="Hyde.Framework.Testing.Unit.Views.FeaturedImageViewTest" assertions="7" time="0.022931"/>
        <testcase name="Fluent attribution logic uses rich html tags" file="Featured Image View (Hyde\Framework\Testing\Unit\Views\FeaturedImageView)::Fluent attribution logic uses rich html tags" class="Hyde\Framework\Testing\Unit\Views\FeaturedImageViewTest" classname="Hyde.Framework.Testing.Unit.Views.FeaturedImageViewTest" assertions="2" time="0.033978"/>
        <testcase name="Fluent attribution logic uses rich html tags" file="Featured Image View (Hyde\Framework\Testing\Unit\Views\FeaturedImageView)::Fluent attribution logic uses rich html tags" class="Hyde\Framework\Testing\Unit\Views\FeaturedImageViewTest" classname="Hyde.Framework.Testing.Unit.Views.FeaturedImageViewTest" assertions="1" time="0.023397"/>
        <testcase name="Fluent attribution logic uses rich html tags" file="Featured Image View (Hyde\Framework\Testing\Unit\Views\FeaturedImageView)::Fluent attribution logic uses rich html tags" class="Hyde\Framework\Testing\Unit\Views\FeaturedImageViewTest" classname="Hyde.Framework.Testing.Unit.Views.FeaturedImageViewTest" assertions="1" time="0.022620"/>
        <testcase name="Fluent attribution logic uses rich html tags" file="Featured Image View (Hyde\Framework\Testing\Unit\Views\FeaturedImageView)::Fluent attribution logic uses rich html tags" class="Hyde\Framework\Testing\Unit\Views\FeaturedImageViewTest" classname="Hyde.Framework.Testing.Unit.Views.FeaturedImageViewTest" assertions="2" time="0.022909"/>
        <testcase name="Fluent attribution logic creates fluent messages 1" file="Featured Image View (Hyde\Framework\Testing\Unit\Views\FeaturedImageView)::Fluent attribution logic creates fluent messages 1" class="Hyde\Framework\Testing\Unit\Views\FeaturedImageViewTest" classname="Hyde.Framework.Testing.Unit.Views.FeaturedImageViewTest" assertions="1" time="0.022632"/>
        <testcase name="Fluent attribution logic creates fluent messages 2" file="Featured Image View (Hyde\Framework\Testing\Unit\Views\FeaturedImageView)::Fluent attribution logic creates fluent messages 2" class="Hyde\Framework\Testing\Unit\Views\FeaturedImageViewTest" classname="Hyde.Framework.Testing.Unit.Views.FeaturedImageViewTest" assertions="1" time="0.022499"/>
        <testcase name="Fluent attribution logic creates fluent messages 3" file="Featured Image View (Hyde\Framework\Testing\Unit\Views\FeaturedImageView)::Fluent attribution logic creates fluent messages 3" class="Hyde\Framework\Testing\Unit\Views\FeaturedImageViewTest" classname="Hyde.Framework.Testing.Unit.Views.FeaturedImageViewTest" assertions="1" time="0.022407"/>
        <testcase name="Fluent attribution logic creates fluent messages 4" file="Featured Image View (Hyde\Framework\Testing\Unit\Views\FeaturedImageView)::Fluent attribution logic creates fluent messages 4" class="Hyde\Framework\Testing\Unit\Views\FeaturedImageViewTest" classname="Hyde.Framework.Testing.Unit.Views.FeaturedImageViewTest" assertions="1" time="0.022553"/>
        <testcase name="Fluent attribution logic creates fluent messages 5" file="Featured Image View (Hyde\Framework\Testing\Unit\Views\FeaturedImageView)::Fluent attribution logic creates fluent messages 5" class="Hyde\Framework\Testing\Unit\Views\FeaturedImageViewTest" classname="Hyde.Framework.Testing.Unit.Views.FeaturedImageViewTest" assertions="1" time="0.022506"/>
        <testcase name="Fluent attribution logic creates fluent messages 6" file="Featured Image View (Hyde\Framework\Testing\Unit\Views\FeaturedImageView)::Fluent attribution logic creates fluent messages 6" class="Hyde\Framework\Testing\Unit\Views\FeaturedImageViewTest" classname="Hyde.Framework.Testing.Unit.Views.FeaturedImageViewTest" assertions="1" time="0.022376"/>
        <testcase name="Fluent attribution logic creates fluent messages 7" file="Featured Image View (Hyde\Framework\Testing\Unit\Views\FeaturedImageView)::Fluent attribution logic creates fluent messages 7" class="Hyde\Framework\Testing\Unit\Views\FeaturedImageViewTest" classname="Hyde.Framework.Testing.Unit.Views.FeaturedImageViewTest" assertions="1" time="0.022432"/>
      </testsuite>
      <testsuite name="Hyde\Framework\Testing\Unit\Views\HeadComponentViewTest" file="Head Component View (Hyde\Framework\Testing\Unit\Views\HeadComponentView)" tests="9" assertions="9" errors="0" failures="0" skipped="0" time="0.239783">
        <testcase name="Component can be rendered" file="Head Component View (Hyde\Framework\Testing\Unit\Views\HeadComponentView)::Component can be rendered" class="Hyde\Framework\Testing\Unit\Views\HeadComponentViewTest" classname="Hyde.Framework.Testing.Unit.Views.HeadComponentViewTest" assertions="1" time="0.052576"/>
        <testcase name="Title element uses page title" file="Head Component View (Hyde\Framework\Testing\Unit\Views\HeadComponentView)::Title element uses page title" class="Hyde\Framework\Testing\Unit\Views\HeadComponentViewTest" classname="Hyde.Framework.Testing.Unit.Views.HeadComponentViewTest" assertions="1" time="0.026274"/>
        <testcase name="Link to favicon is not added when file does not exist" file="Head Component View (Hyde\Framework\Testing\Unit\Views\HeadComponentView)::Link to favicon is not added when file does not exist" class="Hyde\Framework\Testing\Unit\Views\HeadComponentViewTest" classname="Hyde.Framework.Testing.Unit.Views.HeadComponentViewTest" assertions="1" time="0.022587"/>
        <testcase name="Link to favicon is added when file exists" file="Head Component View (Hyde\Framework\Testing\Unit\Views\HeadComponentView)::Link to favicon is added when file exists" class="Hyde\Framework\Testing\Unit\Views\HeadComponentViewTest" classname="Hyde.Framework.Testing.Unit.Views.HeadComponentViewTest" assertions="1" time="0.023267"/>
        <testcase name="Link to favicon uses relative url" file="Head Component View (Hyde\Framework\Testing\Unit\Views\HeadComponentView)::Link to favicon uses relative url" class="Hyde\Framework\Testing\Unit\Views\HeadComponentViewTest" classname="Hyde.Framework.Testing.Unit.Views.HeadComponentViewTest" assertions="1" time="0.023419"/>
        <testcase name="Component includes meta view" file="Head Component View (Hyde\Framework\Testing\Unit\Views\HeadComponentView)::Component includes meta view" class="Hyde\Framework\Testing\Unit\Views\HeadComponentViewTest" classname="Hyde.Framework.Testing.Unit.Views.HeadComponentViewTest" assertions="1" time="0.022893"/>
        <testcase name="Component includes styles view" file="Head Component View (Hyde\Framework\Testing\Unit\Views\HeadComponentView)::Component includes styles view" class="Hyde\Framework\Testing\Unit\Views\HeadComponentViewTest" classname="Hyde.Framework.Testing.Unit.Views.HeadComponentViewTest" assertions="1" time="0.022601"/>
        <testcase name="Can add head html from config hook" file="Head Component View (Hyde\Framework\Testing\Unit\Views\HeadComponentView)::Can add head html from config hook" class="Hyde\Framework\Testing\Unit\Views\HeadComponentViewTest" classname="Hyde.Framework.Testing.Unit.Views.HeadComponentViewTest" assertions="1" time="0.022715"/>
        <testcase name="Can add head html from html include" file="Head Component View (Hyde\Framework\Testing\Unit\Views\HeadComponentView)::Can add head html from html include" class="Hyde\Framework\Testing\Unit\Views\HeadComponentViewTest" classname="Hyde.Framework.Testing.Unit.Views.HeadComponentViewTest" assertions="1" time="0.023452"/>
      </testsuite>
      <testsuite name="Hyde\Framework\Testing\Unit\Views\LinkComponentTest" file="Link Component (Hyde\Framework\Testing\Unit\Views\LinkComponent)" tests="3" assertions="3" errors="0" failures="0" skipped="0" time="0.094406">
        <testcase name="Link component can be rendered" file="Link Component (Hyde\Framework\Testing\Unit\Views\LinkComponent)::Link component can be rendered" class="Hyde\Framework\Testing\Unit\Views\LinkComponentTest" classname="Hyde.Framework.Testing.Unit.Views.LinkComponentTest" assertions="1" time="0.040480"/>
        <testcase name="Link component can be rendered with route" file="Link Component (Hyde\Framework\Testing\Unit\Views\LinkComponent)::Link component can be rendered with route" class="Hyde\Framework\Testing\Unit\Views\LinkComponentTest" classname="Hyde.Framework.Testing.Unit.Views.LinkComponentTest" assertions="1" time="0.027419"/>
        <testcase name="Link component can be rendered with route for nested pages" file="Link Component (Hyde\Framework\Testing\Unit\Views\LinkComponent)::Link component can be rendered with route for nested pages" class="Hyde\Framework\Testing\Unit\Views\LinkComponentTest" classname="Hyde.Framework.Testing.Unit.Views.LinkComponentTest" assertions="1" time="0.026507"/>
      </testsuite>
      <testsuite name="Hyde\Framework\Testing\Unit\Views\NavigationBrandViewTest" file="Navigation Brand View (Hyde\Framework\Testing\Unit\Views\NavigationBrandView)" tests="2" assertions="3" errors="0" failures="0" skipped="0" time="0.066877">
        <testcase name="Component links to home route" file="Navigation Brand View (Hyde\Framework\Testing\Unit\Views\NavigationBrandView)::Component links to home route" class="Hyde\Framework\Testing\Unit\Views\NavigationBrandViewTest" classname="Hyde.Framework.Testing.Unit.Views.NavigationBrandViewTest" assertions="1" time="0.040620"/>
        <testcase name="Component uses site name" file="Navigation Brand View (Hyde\Framework\Testing\Unit\Views\NavigationBrandView)::Component uses site name" class="Hyde\Framework\Testing\Unit\Views\NavigationBrandViewTest" classname="Hyde.Framework.Testing.Unit.Views.NavigationBrandViewTest" assertions="2" time="0.026258"/>
      </testsuite>
      <testsuite name="Hyde\Framework\Testing\Unit\Views\NavigationLinkViewTest" file="Navigation Link View (Hyde\Framework\Testing\Unit\Views\NavigationLinkView)" tests="4" assertions="4" errors="0" failures="0" skipped="0" time="0.098369">
        <testcase name="Component links to route destination" file="Navigation Link View (Hyde\Framework\Testing\Unit\Views\NavigationLinkView)::Component links to route destination" class="Hyde\Framework\Testing\Unit\Views\NavigationLinkViewTest" classname="Hyde.Framework.Testing.Unit.Views.NavigationLinkViewTest" assertions="1" time="0.025003"/>
        <testcase name="Component uses title" file="Navigation Link View (Hyde\Framework\Testing\Unit\Views\NavigationLinkView)::Component uses title" class="Hyde\Framework\Testing\Unit\Views\NavigationLinkViewTest" classname="Hyde.Framework.Testing.Unit.Views.NavigationLinkViewTest" assertions="1" time="0.021318"/>
        <testcase name="Component is current when current route matches" file="Navigation Link View (Hyde\Framework\Testing\Unit\Views\NavigationLinkView)::Component is current when current route matches" class="Hyde\Framework\Testing\Unit\Views\NavigationLinkViewTest" classname="Hyde.Framework.Testing.Unit.Views.NavigationLinkViewTest" assertions="1" time="0.027008"/>
        <testcase name="Component has aria current when current route matches" file="Navigation Link View (Hyde\Framework\Testing\Unit\Views\NavigationLinkView)::Component has aria current when current route matches" class="Hyde\Framework\Testing\Unit\Views\NavigationLinkViewTest" classname="Hyde.Framework.Testing.Unit.Views.NavigationLinkViewTest" assertions="1" time="0.025040"/>
      </testsuite>
      <testsuite name="Hyde\Framework\Testing\Unit\Views\NavigationMenuViewTest" file="Navigation Menu View (Hyde\Framework\Testing\Unit\Views\NavigationMenuView)" tests="11" assertions="18" errors="0" failures="0" skipped="0" time="0.342908">
        <testcase name="Component can be rendered" file="Navigation Menu View (Hyde\Framework\Testing\Unit\Views\NavigationMenuView)::Component can be rendered" class="Hyde\Framework\Testing\Unit\Views\NavigationMenuViewTest" classname="Hyde.Framework.Testing.Unit.Views.NavigationMenuViewTest" assertions="1" time="0.031812"/>
        <testcase name="Component contains dark mode button" file="Navigation Menu View (Hyde\Framework\Testing\Unit\Views\NavigationMenuView)::Component contains dark mode button" class="Hyde\Framework\Testing\Unit\Views\NavigationMenuViewTest" classname="Hyde.Framework.Testing.Unit.Views.NavigationMenuViewTest" assertions="1" time="0.025929"/>
        <testcase name="Component contains navigation menu toggle button" file="Navigation Menu View (Hyde\Framework\Testing\Unit\Views\NavigationMenuView)::Component contains navigation menu toggle button" class="Hyde\Framework\Testing\Unit\Views\NavigationMenuViewTest" classname="Hyde.Framework.Testing.Unit.Views.NavigationMenuViewTest" assertions="1" time="0.026022"/>
        <testcase name="Component contains main navigation links" file="Navigation Menu View (Hyde\Framework\Testing\Unit\Views\NavigationMenuView)::Component contains main navigation links" class="Hyde\Framework\Testing\Unit\Views\NavigationMenuViewTest" classname="Hyde.Framework.Testing.Unit.Views.NavigationMenuViewTest" assertions="1" time="0.026322"/>
        <testcase name="Component contains index html link" file="Navigation Menu View (Hyde\Framework\Testing\Unit\Views\NavigationMenuView)::Component contains index html link" class="Hyde\Framework\Testing\Unit\Views\NavigationMenuViewTest" classname="Hyde.Framework.Testing.Unit.Views.NavigationMenuViewTest" assertions="1" time="0.026245"/>
        <testcase name="Component not contains 404 html link" file="Navigation Menu View (Hyde\Framework\Testing\Unit\Views\NavigationMenuView)::Component not contains 404 html link" class="Hyde\Framework\Testing\Unit\Views\NavigationMenuViewTest" classname="Hyde.Framework.Testing.Unit.Views.NavigationMenuViewTest" assertions="1" time="0.026228"/>
        <testcase name="Navigation menu with root pages" file="Navigation Menu View (Hyde\Framework\Testing\Unit\Views\NavigationMenuView)::Navigation menu with root pages" class="Hyde\Framework\Testing\Unit\Views\NavigationMenuViewTest" classname="Hyde.Framework.Testing.Unit.Views.NavigationMenuViewTest" assertions="2" time="0.034240"/>
        <testcase name="Navigation menu with dropdown pages" file="Navigation Menu View (Hyde\Framework\Testing\Unit\Views\NavigationMenuView)::Navigation menu with dropdown pages" class="Hyde\Framework\Testing\Unit\Views\NavigationMenuViewTest" classname="Hyde.Framework.Testing.Unit.Views.NavigationMenuViewTest" assertions="4" time="0.037101"/>
        <testcase name="Navigation menu with dropdown pages with root group page" file="Navigation Menu View (Hyde\Framework\Testing\Unit\Views\NavigationMenuView)::Navigation menu with dropdown pages with root group page" class="Hyde\Framework\Testing\Unit\Views\NavigationMenuViewTest" classname="Hyde.Framework.Testing.Unit.Views.NavigationMenuViewTest" assertions="4" time="0.035626"/>
        <testcase name="Navigation menu label can be changed in front matter" file="Navigation Menu View (Hyde\Framework\Testing\Unit\Views\NavigationMenuView)::Navigation menu label can be changed in front matter" class="Hyde\Framework\Testing\Unit\Views\NavigationMenuViewTest" classname="Hyde.Framework.Testing.Unit.Views.NavigationMenuViewTest" assertions="1" time="0.037396"/>
        <testcase name="Navigation menu label can be changed in blade matter" file="Navigation Menu View (Hyde\Framework\Testing\Unit\Views\NavigationMenuView)::Navigation menu label can be changed in blade matter" class="Hyde\Framework\Testing\Unit\Views\NavigationMenuViewTest" classname="Hyde.Framework.Testing.Unit.Views.NavigationMenuViewTest" assertions="1" time="0.035987"/>
      </testsuite>
      <testsuite name="Hyde\Framework\Testing\Unit\Views\ScriptsComponentViewTest" file="Scripts Component View (Hyde\Framework\Testing\Unit\Views\ScriptsComponentView)" tests="7" assertions="9" errors="0" failures="0" skipped="0" time="0.185057">
        <testcase name="Component can be rendered" file="Scripts Component View (Hyde\Framework\Testing\Unit\Views\ScriptsComponentView)::Component can be rendered" class="Hyde\Framework\Testing\Unit\Views\ScriptsComponentViewTest" classname="Hyde.Framework.Testing.Unit.Views.ScriptsComponentViewTest" assertions="1" time="0.036826"/>
        <testcase name="Component has link to app js file when it exists" file="Scripts Component View (Hyde\Framework\Testing\Unit\Views\ScriptsComponentView)::Component has link to app js file when it exists" class="Hyde\Framework\Testing\Unit\Views\ScriptsComponentViewTest" classname="Hyde.Framework.Testing.Unit.Views.ScriptsComponentViewTest" assertions="1" time="0.022402"/>
        <testcase name="Component does not render link to app js when it does not exist" file="Scripts Component View (Hyde\Framework\Testing\Unit\Views\ScriptsComponentView)::Component does not render link to app js when it does not exist" class="Hyde\Framework\Testing\Unit\Views\ScriptsComponentViewTest" classname="Hyde.Framework.Testing.Unit.Views.ScriptsComponentViewTest" assertions="1" time="0.022455"/>
        <testcase name="Component uses relative path to app js file for nested pages" file="Scripts Component View (Hyde\Framework\Testing\Unit\Views\ScriptsComponentView)::Component uses relative path to app js file for nested pages" class="Hyde\Framework\Testing\Unit\Views\ScriptsComponentViewTest" classname="Hyde.Framework.Testing.Unit.Views.ScriptsComponentViewTest" assertions="3" time="0.036773"/>
        <testcase name="Can add scripts html from config hook" file="Scripts Component View (Hyde\Framework\Testing\Unit\Views\ScriptsComponentView)::Can add scripts html from config hook" class="Hyde\Framework\Testing\Unit\Views\ScriptsComponentViewTest" classname="Hyde.Framework.Testing.Unit.Views.ScriptsComponentViewTest" assertions="1" time="0.022836"/>
        <testcase name="Can add scripts html from html include" file="Scripts Component View (Hyde\Framework\Testing\Unit\Views\ScriptsComponentView)::Can add scripts html from html include" class="Hyde\Framework\Testing\Unit\Views\ScriptsComponentViewTest" classname="Hyde.Framework.Testing.Unit.Views.ScriptsComponentViewTest" assertions="1" time="0.022696"/>
        <testcase name="Scripts can be pushed to the component scripts stack" file="Scripts Component View (Hyde\Framework\Testing\Unit\Views\ScriptsComponentView)::Scripts can be pushed to the component scripts stack" class="Hyde\Framework\Testing\Unit\Views\ScriptsComponentViewTest" classname="Hyde.Framework.Testing.Unit.Views.ScriptsComponentViewTest" assertions="1" time="0.021068"/>
      </testsuite>
      <testsuite name="Hyde\Framework\Testing\Unit\Views\StylesComponentViewTest" file="Styles Component View (Hyde\Framework\Testing\Unit\Views\StylesComponentView)" tests="9" assertions="11" errors="0" failures="0" skipped="0" time="0.215099">
        <testcase name="Component can be rendered" file="Styles Component View (Hyde\Framework\Testing\Unit\Views\StylesComponentView)::Component can be rendered" class="Hyde\Framework\Testing\Unit\Views\StylesComponentViewTest" classname="Hyde.Framework.Testing.Unit.Views.StylesComponentViewTest" assertions="1" time="0.033266"/>
        <testcase name="Component has link to app css file" file="Styles Component View (Hyde\Framework\Testing\Unit\Views\StylesComponentView)::Component has link to app css file" class="Hyde\Framework\Testing\Unit\Views\StylesComponentViewTest" classname="Hyde.Framework.Testing.Unit.Views.StylesComponentViewTest" assertions="1" time="0.022666"/>
        <testcase name="Component uses relative path to app css file for nested pages" file="Styles Component View (Hyde\Framework\Testing\Unit\Views\StylesComponentView)::Component uses relative path to app css file for nested pages" class="Hyde\Framework\Testing\Unit\Views\StylesComponentViewTest" classname="Hyde.Framework.Testing.Unit.Views.StylesComponentViewTest" assertions="3" time="0.025290"/>
        <testcase name="Component does not render link to app css when it does not exist" file="Styles Component View (Hyde\Framework\Testing\Unit\Views\StylesComponentView)::Component does not render link to app css when it does not exist" class="Hyde\Framework\Testing\Unit\Views\StylesComponentViewTest" classname="Hyde.Framework.Testing.Unit.Views.StylesComponentViewTest" assertions="1" time="0.022441"/>
        <testcase name="Styles can be pushed to the component styles stack" file="Styles Component View (Hyde\Framework\Testing\Unit\Views\StylesComponentView)::Styles can be pushed to the component styles stack" class="Hyde\Framework\Testing\Unit\Views\StylesComponentViewTest" classname="Hyde.Framework.Testing.Unit.Views.StylesComponentViewTest" assertions="1" time="0.021435"/>
        <testcase name="Component renders tailwind play cdn link when enabled in config" file="Styles Component View (Hyde\Framework\Testing\Unit\Views\StylesComponentView)::Component renders tailwind play cdn link when enabled in config" class="Hyde\Framework\Testing\Unit\Views\StylesComponentViewTest" classname="Hyde.Framework.Testing.Unit.Views.StylesComponentViewTest" assertions="1" time="0.022854"/>
        <testcase name="Component renders app cdn link when enabled in config" file="Styles Component View (Hyde\Framework\Testing\Unit\Views\StylesComponentView)::Component renders app cdn link when enabled in config" class="Hyde\Framework\Testing\Unit\Views\StylesComponentViewTest" classname="Hyde.Framework.Testing.Unit.Views.StylesComponentViewTest" assertions="1" time="0.022275"/>
        <testcase name="Component does not render link to local app css when cdn link is enabled in config" file="Styles Component View (Hyde\Framework\Testing\Unit\Views\StylesComponentView)::Component does not render link to local app css when cdn link is enabled in config" class="Hyde\Framework\Testing\Unit\Views\StylesComponentViewTest" classname="Hyde.Framework.Testing.Unit.Views.StylesComponentViewTest" assertions="1" time="0.022202"/>
        <testcase name="Component does not render cdn link when a local file exists" file="Styles Component View (Hyde\Framework\Testing\Unit\Views\StylesComponentView)::Component does not render cdn link when a local file exists" class="Hyde\Framework\Testing\Unit\Views\StylesComponentViewTest" classname="Hyde.Framework.Testing.Unit.Views.StylesComponentViewTest" assertions="1" time="0.022670"/>
      </testsuite>
    </testsuite>
    <testsuite name="FeatureFramework" tests="1273" assertions="2645" errors="0" failures="0" skipped="3" time="28.826005">
      <testsuite name="Hyde\Framework\Testing\Feature\Actions\AnonymousViewCompilerTest" file="Anonymous View Compiler (Hyde\Framework\Testing\Feature\Actions\AnonymousViewCompiler)" tests="3" assertions="4" errors="0" failures="0" skipped="0" time="0.085447">
        <testcase name="Can compile blade file" file="Anonymous View Compiler (Hyde\Framework\Testing\Feature\Actions\AnonymousViewCompiler)::Can compile blade file" class="Hyde\Framework\Testing\Feature\Actions\AnonymousViewCompilerTest" classname="Hyde.Framework.Testing.Feature.Actions.AnonymousViewCompilerTest" assertions="1" time="0.034210"/>
        <testcase name="Can compile blade file with data" file="Anonymous View Compiler (Hyde\Framework\Testing\Feature\Actions\AnonymousViewCompiler)::Can compile blade file with data" class="Hyde\Framework\Testing\Feature\Actions\AnonymousViewCompilerTest" classname="Hyde.Framework.Testing.Feature.Actions.AnonymousViewCompilerTest" assertions="1" time="0.030825"/>
        <testcase name="With missing view" file="Anonymous View Compiler (Hyde\Framework\Testing\Feature\Actions\AnonymousViewCompiler)::With missing view" class="Hyde\Framework\Testing\Feature\Actions\AnonymousViewCompilerTest" classname="Hyde.Framework.Testing.Feature.Actions.AnonymousViewCompilerTest" assertions="2" time="0.020413"/>
      </testsuite>
      <testsuite name="Hyde\Framework\Testing\Feature\Actions\ConvertsMarkdownToPlainTextTest" file="Converts Markdown To Plain Text (Hyde\Framework\Testing\Feature\Actions\ConvertsMarkdownToPlainText)" tests="28" assertions="28" errors="0" failures="0" skipped="0" time="0.575528">
        <testcase name="It removes headings" file="Converts Markdown To Plain Text (Hyde\Framework\Testing\Feature\Actions\ConvertsMarkdownToPlainText)::It removes headings" class="Hyde\Framework\Testing\Feature\Actions\ConvertsMarkdownToPlainTextTest" classname="Hyde.Framework.Testing.Feature.Actions.ConvertsMarkdownToPlainTextTest" assertions="1" time="0.024427"/>
        <testcase name="It removes headings alternate syntax" file="Converts Markdown To Plain Text (Hyde\Framework\Testing\Feature\Actions\ConvertsMarkdownToPlainText)::It removes headings alternate syntax" class="Hyde\Framework\Testing\Feature\Actions\ConvertsMarkdownToPlainTextTest" classname="Hyde.Framework.Testing.Feature.Actions.ConvertsMarkdownToPlainTextTest" assertions="1" time="0.019430"/>
        <testcase name="It removes paragraphs" file="Converts Markdown To Plain Text (Hyde\Framework\Testing\Feature\Actions\ConvertsMarkdownToPlainText)::It removes paragraphs" class="Hyde\Framework\Testing\Feature\Actions\ConvertsMarkdownToPlainTextTest" classname="Hyde.Framework.Testing.Feature.Actions.ConvertsMarkdownToPlainTextTest" assertions="1" time="0.019429"/>
        <testcase name="It removes paragraphs multiline" file="Converts Markdown To Plain Text (Hyde\Framework\Testing\Feature\Actions\ConvertsMarkdownToPlainText)::It removes paragraphs multiline" class="Hyde\Framework\Testing\Feature\Actions\ConvertsMarkdownToPlainTextTest" classname="Hyde.Framework.Testing.Feature.Actions.ConvertsMarkdownToPlainTextTest" assertions="1" time="0.019441"/>
        <testcase name="It removes linebreaks" file="Converts Markdown To Plain Text (Hyde\Framework\Testing\Feature\Actions\ConvertsMarkdownToPlainText)::It removes linebreaks" class="Hyde\Framework\Testing\Feature\Actions\ConvertsMarkdownToPlainTextTest" classname="Hyde.Framework.Testing.Feature.Actions.ConvertsMarkdownToPlainTextTest" assertions="1" time="0.019559"/>
        <testcase name="It removes bold" file="Converts Markdown To Plain Text (Hyde\Framework\Testing\Feature\Actions\ConvertsMarkdownToPlainText)::It removes bold" class="Hyde\Framework\Testing\Feature\Actions\ConvertsMarkdownToPlainTextTest" classname="Hyde.Framework.Testing.Feature.Actions.ConvertsMarkdownToPlainTextTest" assertions="1" time="0.019448"/>
        <testcase name="It removes italic" file="Converts Markdown To Plain Text (Hyde\Framework\Testing\Feature\Actions\ConvertsMarkdownToPlainText)::It removes italic" class="Hyde\Framework\Testing\Feature\Actions\ConvertsMarkdownToPlainTextTest" classname="Hyde.Framework.Testing.Feature.Actions.ConvertsMarkdownToPlainTextTest" assertions="1" time="0.019520"/>
        <testcase name="It removes bold and italic" file="Converts Markdown To Plain Text (Hyde\Framework\Testing\Feature\Actions\ConvertsMarkdownToPlainText)::It removes bold and italic" class="Hyde\Framework\Testing\Feature\Actions\ConvertsMarkdownToPlainTextTest" classname="Hyde.Framework.Testing.Feature.Actions.ConvertsMarkdownToPlainTextTest" assertions="1" time="0.019533"/>
        <testcase name="It removes blockquotes" file="Converts Markdown To Plain Text (Hyde\Framework\Testing\Feature\Actions\ConvertsMarkdownToPlainText)::It removes blockquotes" class="Hyde\Framework\Testing\Feature\Actions\ConvertsMarkdownToPlainTextTest" classname="Hyde.Framework.Testing.Feature.Actions.ConvertsMarkdownToPlainTextTest" assertions="1" time="0.019524"/>
        <testcase name="It removes blockquotes with multiple paragraphs" file="Converts Markdown To Plain Text (Hyde\Framework\Testing\Feature\Actions\ConvertsMarkdownToPlainText)::It removes blockquotes with multiple paragraphs" class="Hyde\Framework\Testing\Feature\Actions\ConvertsMarkdownToPlainTextTest" classname="Hyde.Framework.Testing.Feature.Actions.ConvertsMarkdownToPlainTextTest" assertions="1" time="0.019514"/>
        <testcase name="It removes ordered lists" file="Converts Markdown To Plain Text (Hyde\Framework\Testing\Feature\Actions\ConvertsMarkdownToPlainText)::It removes ordered lists" class="Hyde\Framework\Testing\Feature\Actions\ConvertsMarkdownToPlainTextTest" classname="Hyde.Framework.Testing.Feature.Actions.ConvertsMarkdownToPlainTextTest" assertions="1" time="0.019671"/>
        <testcase name="It removes unordered lists" file="Converts Markdown To Plain Text (Hyde\Framework\Testing\Feature\Actions\ConvertsMarkdownToPlainText)::It removes unordered lists" class="Hyde\Framework\Testing\Feature\Actions\ConvertsMarkdownToPlainTextTest" classname="Hyde.Framework.Testing.Feature.Actions.ConvertsMarkdownToPlainTextTest" assertions="1" time="0.020342"/>
        <testcase name="It removes code" file="Converts Markdown To Plain Text (Hyde\Framework\Testing\Feature\Actions\ConvertsMarkdownToPlainText)::It removes code" class="Hyde\Framework\Testing\Feature\Actions\ConvertsMarkdownToPlainTextTest" classname="Hyde.Framework.Testing.Feature.Actions.ConvertsMarkdownToPlainTextTest" assertions="1" time="0.020821"/>
        <testcase name="It removes code blocks" file="Converts Markdown To Plain Text (Hyde\Framework\Testing\Feature\Actions\ConvertsMarkdownToPlainText)::It removes code blocks" class="Hyde\Framework\Testing\Feature\Actions\ConvertsMarkdownToPlainTextTest" classname="Hyde.Framework.Testing.Feature.Actions.ConvertsMarkdownToPlainTextTest" assertions="1" time="0.023272"/>
        <testcase name="It removes horizontal rules" file="Converts Markdown To Plain Text (Hyde\Framework\Testing\Feature\Actions\ConvertsMarkdownToPlainText)::It removes horizontal rules" class="Hyde\Framework\Testing\Feature\Actions\ConvertsMarkdownToPlainTextTest" classname="Hyde.Framework.Testing.Feature.Actions.ConvertsMarkdownToPlainTextTest" assertions="1" time="0.022589"/>
        <testcase name="It removes links" file="Converts Markdown To Plain Text (Hyde\Framework\Testing\Feature\Actions\ConvertsMarkdownToPlainText)::It removes links" class="Hyde\Framework\Testing\Feature\Actions\ConvertsMarkdownToPlainTextTest" classname="Hyde.Framework.Testing.Feature.Actions.ConvertsMarkdownToPlainTextTest" assertions="1" time="0.021498"/>
        <testcase name="It removes images" file="Converts Markdown To Plain Text (Hyde\Framework\Testing\Feature\Actions\ConvertsMarkdownToPlainText)::It removes images" class="Hyde\Framework\Testing\Feature\Actions\ConvertsMarkdownToPlainTextTest" classname="Hyde.Framework.Testing.Feature.Actions.ConvertsMarkdownToPlainTextTest" assertions="1" time="0.024452"/>
        <testcase name="It removes linking images" file="Converts Markdown To Plain Text (Hyde\Framework\Testing\Feature\Actions\ConvertsMarkdownToPlainText)::It removes linking images" class="Hyde\Framework\Testing\Feature\Actions\ConvertsMarkdownToPlainTextTest" classname="Hyde.Framework.Testing.Feature.Actions.ConvertsMarkdownToPlainTextTest" assertions="1" time="0.024591"/>
        <testcase name="It removes html" file="Converts Markdown To Plain Text (Hyde\Framework\Testing\Feature\Actions\ConvertsMarkdownToPlainText)::It removes html" class="Hyde\Framework\Testing\Feature\Actions\ConvertsMarkdownToPlainTextTest" classname="Hyde.Framework.Testing.Feature.Actions.ConvertsMarkdownToPlainTextTest" assertions="1" time="0.021625"/>
        <testcase name="It removes footnotes" file="Converts Markdown To Plain Text (Hyde\Framework\Testing\Feature\Actions\ConvertsMarkdownToPlainText)::It removes footnotes" class="Hyde\Framework\Testing\Feature\Actions\ConvertsMarkdownToPlainTextTest" classname="Hyde.Framework.Testing.Feature.Actions.ConvertsMarkdownToPlainTextTest" assertions="1" time="0.019748"/>
        <testcase name="It removes footnotes alternate" file="Converts Markdown To Plain Text (Hyde\Framework\Testing\Feature\Actions\ConvertsMarkdownToPlainText)::It removes footnotes alternate" class="Hyde\Framework\Testing\Feature\Actions\ConvertsMarkdownToPlainTextTest" classname="Hyde.Framework.Testing.Feature.Actions.ConvertsMarkdownToPlainTextTest" assertions="1" time="0.019584"/>
        <testcase name="It replaces consecutively occurring newlines" file="Converts Markdown To Plain Text (Hyde\Framework\Testing\Feature\Actions\ConvertsMarkdownToPlainText)::It replaces consecutively occurring newlines" class="Hyde\Framework\Testing\Feature\Actions\ConvertsMarkdownToPlainTextTest" classname="Hyde.Framework.Testing.Feature.Actions.ConvertsMarkdownToPlainTextTest" assertions="1" time="0.019702"/>
        <testcase name="It removes fenced code blocks" file="Converts Markdown To Plain Text (Hyde\Framework\Testing\Feature\Actions\ConvertsMarkdownToPlainText)::It removes fenced code blocks" class="Hyde\Framework\Testing\Feature\Actions\ConvertsMarkdownToPlainTextTest" classname="Hyde.Framework.Testing.Feature.Actions.ConvertsMarkdownToPlainTextTest" assertions="1" time="0.019742"/>
        <testcase name="It removes fenced code blocks alternate" file="Converts Markdown To Plain Text (Hyde\Framework\Testing\Feature\Actions\ConvertsMarkdownToPlainText)::It removes fenced code blocks alternate" class="Hyde\Framework\Testing\Feature\Actions\ConvertsMarkdownToPlainTextTest" classname="Hyde.Framework.Testing.Feature.Actions.ConvertsMarkdownToPlainTextTest" assertions="1" time="0.019633"/>
        <testcase name="It removes tables" file="Converts Markdown To Plain Text (Hyde\Framework\Testing\Feature\Actions\ConvertsMarkdownToPlainText)::It removes tables" class="Hyde\Framework\Testing\Feature\Actions\ConvertsMarkdownToPlainTextTest" classname="Hyde.Framework.Testing.Feature.Actions.ConvertsMarkdownToPlainTextTest" assertions="1" time="0.019568"/>
        <testcase name="It trims indentation" file="Converts Markdown To Plain Text (Hyde\Framework\Testing\Feature\Actions\ConvertsMarkdownToPlainText)::It trims indentation" class="Hyde\Framework\Testing\Feature\Actions\ConvertsMarkdownToPlainTextTest" classname="Hyde.Framework.Testing.Feature.Actions.ConvertsMarkdownToPlainTextTest" assertions="1" time="0.019649"/>
        <testcase name="With empty string" file="Converts Markdown To Plain Text (Hyde\Framework\Testing\Feature\Actions\ConvertsMarkdownToPlainText)::With empty string" class="Hyde\Framework\Testing\Feature\Actions\ConvertsMarkdownToPlainTextTest" classname="Hyde.Framework.Testing.Feature.Actions.ConvertsMarkdownToPlainTextTest" assertions="1" time="0.019628"/>
        <testcase name="With only empty lines" file="Converts Markdown To Plain Text (Hyde\Framework\Testing\Feature\Actions\ConvertsMarkdownToPlainText)::With only empty lines" class="Hyde\Framework\Testing\Feature\Actions\ConvertsMarkdownToPlainTextTest" classname="Hyde.Framework.Testing.Feature.Actions.ConvertsMarkdownToPlainTextTest" assertions="1" time="0.019587"/>
      </testsuite>
      <testsuite name="Hyde\Framework\Testing\Feature\Actions\CreatesNewPageSourceFileTest" file="Creates New Page Source File (Hyde\Framework\Testing\Feature\Actions\CreatesNewPageSourceFile)" tests="15" assertions="28" errors="0" failures="0" skipped="0" time="0.394252">
        <testcase name="Class can be instantiated" file="Creates New Page Source File (Hyde\Framework\Testing\Feature\Actions\CreatesNewPageSourceFile)::Class can be instantiated" class="Hyde\Framework\Testing\Feature\Actions\CreatesNewPageSourceFileTest" classname="Hyde.Framework.Testing.Feature.Actions.CreatesNewPageSourceFileTest" assertions="1" time="0.091069"/>
        <testcase name="That an exception is thrown for invalid page type" file="Creates New Page Source File (Hyde\Framework\Testing\Feature\Actions\CreatesNewPageSourceFile)::That an exception is thrown for invalid page type" class="Hyde\Framework\Testing\Feature\Actions\CreatesNewPageSourceFileTest" classname="Hyde.Framework.Testing.Feature.Actions.CreatesNewPageSourceFileTest" assertions="2" time="0.019671"/>
        <testcase name="That an exception is thrown if file already exists and overwrite is false" file="Creates New Page Source File (Hyde\Framework\Testing\Feature\Actions\CreatesNewPageSourceFile)::That an exception is thrown if file already exists and overwrite is false" class="Hyde\Framework\Testing\Feature\Actions\CreatesNewPageSourceFileTest" classname="Hyde.Framework.Testing.Feature.Actions.CreatesNewPageSourceFileTest" assertions="3" time="0.020329"/>
        <testcase name="That can save file returns true if file already exists and overwrite is true" file="Creates New Page Source File (Hyde\Framework\Testing\Feature\Actions\CreatesNewPageSourceFile)::That can save file returns true if file already exists and overwrite is true" class="Hyde\Framework\Testing\Feature\Actions\CreatesNewPageSourceFileTest" classname="Hyde.Framework.Testing.Feature.Actions.CreatesNewPageSourceFileTest" assertions="1" time="0.022164"/>
        <testcase name="Exception is thrown for conflicting blade pages" file="Creates New Page Source File (Hyde\Framework\Testing\Feature\Actions\CreatesNewPageSourceFile)::Exception is thrown for conflicting blade pages" class="Hyde\Framework\Testing\Feature\Actions\CreatesNewPageSourceFileTest" classname="Hyde.Framework.Testing.Feature.Actions.CreatesNewPageSourceFileTest" assertions="3" time="0.020312"/>
        <testcase name="Exception is thrown for conflicting documentation pages" file="Creates New Page Source File (Hyde\Framework\Testing\Feature\Actions\CreatesNewPageSourceFile)::Exception is thrown for conflicting documentation pages" class="Hyde\Framework\Testing\Feature\Actions\CreatesNewPageSourceFileTest" classname="Hyde.Framework.Testing.Feature.Actions.CreatesNewPageSourceFileTest" assertions="3" time="0.027034"/>
        <testcase name="That a markdown file can be created and contains expected content" file="Creates New Page Source File (Hyde\Framework\Testing\Feature\Actions\CreatesNewPageSourceFile)::That a markdown file can be created and contains expected content" class="Hyde\Framework\Testing\Feature\Actions\CreatesNewPageSourceFileTest" classname="Hyde.Framework.Testing.Feature.Actions.CreatesNewPageSourceFileTest" assertions="2" time="0.022995"/>
        <testcase name="That a blade file can be created and contains expected content" file="Creates New Page Source File (Hyde\Framework\Testing\Feature\Actions\CreatesNewPageSourceFile)::That a blade file can be created and contains expected content" class="Hyde\Framework\Testing\Feature\Actions\CreatesNewPageSourceFileTest" classname="Hyde.Framework.Testing.Feature.Actions.CreatesNewPageSourceFileTest" assertions="2" time="0.020340"/>
        <testcase name="That a documentation file can be created and contains expected content" file="Creates New Page Source File (Hyde\Framework\Testing\Feature\Actions\CreatesNewPageSourceFile)::That a documentation file can be created and contains expected content" class="Hyde\Framework\Testing\Feature\Actions\CreatesNewPageSourceFileTest" classname="Hyde.Framework.Testing.Feature.Actions.CreatesNewPageSourceFileTest" assertions="2" time="0.021652"/>
        <testcase name="That a markdown file can be created with custom content" file="Creates New Page Source File (Hyde\Framework\Testing\Feature\Actions\CreatesNewPageSourceFile)::That a markdown file can be created with custom content" class="Hyde\Framework\Testing\Feature\Actions\CreatesNewPageSourceFileTest" classname="Hyde.Framework.Testing.Feature.Actions.CreatesNewPageSourceFileTest" assertions="2" time="0.021505"/>
        <testcase name="That a blade file can be created with custom content" file="Creates New Page Source File (Hyde\Framework\Testing\Feature\Actions\CreatesNewPageSourceFile)::That a blade file can be created with custom content" class="Hyde\Framework\Testing\Feature\Actions\CreatesNewPageSourceFileTest" classname="Hyde.Framework.Testing.Feature.Actions.CreatesNewPageSourceFileTest" assertions="2" time="0.020302"/>
        <testcase name="That the file path can be returned" file="Creates New Page Source File (Hyde\Framework\Testing\Feature\Actions\CreatesNewPageSourceFile)::That the file path can be returned" class="Hyde\Framework\Testing\Feature\Actions\CreatesNewPageSourceFileTest" classname="Hyde.Framework.Testing.Feature.Actions.CreatesNewPageSourceFileTest" assertions="2" time="0.022053"/>
        <testcase name="File is created using slug generated from title" file="Creates New Page Source File (Hyde\Framework\Testing\Feature\Actions\CreatesNewPageSourceFile)::File is created using slug generated from title" class="Hyde\Framework\Testing\Feature\Actions\CreatesNewPageSourceFileTest" classname="Hyde.Framework.Testing.Feature.Actions.CreatesNewPageSourceFileTest" assertions="1" time="0.021375"/>
        <testcase name="Action can generate nested pages" file="Creates New Page Source File (Hyde\Framework\Testing\Feature\Actions\CreatesNewPageSourceFile)::Action can generate nested pages" class="Hyde\Framework\Testing\Feature\Actions\CreatesNewPageSourceFileTest" classname="Hyde.Framework.Testing.Feature.Actions.CreatesNewPageSourceFileTest" assertions="1" time="0.021676"/>
        <testcase name="Can create deeply nested pages" file="Creates New Page Source File (Hyde\Framework\Testing\Feature\Actions\CreatesNewPageSourceFile)::Can create deeply nested pages" class="Hyde\Framework\Testing\Feature\Actions\CreatesNewPageSourceFileTest" classname="Hyde.Framework.Testing.Feature.Actions.CreatesNewPageSourceFileTest" assertions="1" time="0.021775"/>
      </testsuite>
      <testsuite name="Hyde\Framework\Testing\Feature\Actions\GeneratesSidebarTableOfContentsTest" file="Generates Sidebar Table Of Contents (Hyde\Framework\Testing\Feature\Actions\GeneratesSidebarTableOfContents)" tests="9" assertions="13" errors="0" failures="0" skipped="0" time="0.078885">
        <testcase name="Can generate table of contents" file="Generates Sidebar Table Of Contents (Hyde\Framework\Testing\Feature\Actions\GeneratesSidebarTableOfContents)::Can generate table of contents" class="Hyde\Framework\Testing\Feature\Actions\GeneratesSidebarTableOfContentsTest" classname="Hyde.Framework.Testing.Feature.Actions.GeneratesSidebarTableOfContentsTest" assertions="4" time="0.025972"/>
        <testcase name="Return string contains expected content" file="Generates Sidebar Table Of Contents (Hyde\Framework\Testing\Feature\Actions\GeneratesSidebarTableOfContents)::Return string contains expected content" class="Hyde\Framework\Testing\Feature\Actions\GeneratesSidebarTableOfContentsTest" classname="Hyde.Framework.Testing.Feature.Actions.GeneratesSidebarTableOfContentsTest" assertions="1" time="0.004256"/>
        <testcase name="Can generate table of contents for document using setext headers" file="Generates Sidebar Table Of Contents (Hyde\Framework\Testing\Feature\Actions\GeneratesSidebarTableOfContents)::Can generate table of contents for document using setext headers" class="Hyde\Framework\Testing\Feature\Actions\GeneratesSidebarTableOfContentsTest" classname="Hyde.Framework.Testing.Feature.Actions.GeneratesSidebarTableOfContentsTest" assertions="2" time="0.009080"/>
        <testcase name="Non heading markdown is removed" file="Generates Sidebar Table Of Contents (Hyde\Framework\Testing\Feature\Actions\GeneratesSidebarTableOfContents)::Non heading markdown is removed" class="Hyde\Framework\Testing\Feature\Actions\GeneratesSidebarTableOfContentsTest" classname="Hyde.Framework.Testing.Feature.Actions.GeneratesSidebarTableOfContentsTest" assertions="1" time="0.006726"/>
        <testcase name="With no level one heading" file="Generates Sidebar Table Of Contents (Hyde\Framework\Testing\Feature\Actions\GeneratesSidebarTableOfContents)::With no level one heading" class="Hyde\Framework\Testing\Feature\Actions\GeneratesSidebarTableOfContentsTest" classname="Hyde.Framework.Testing.Feature.Actions.GeneratesSidebarTableOfContentsTest" assertions="1" time="0.004034"/>
        <testcase name="With multiple nested headings" file="Generates Sidebar Table Of Contents (Hyde\Framework\Testing\Feature\Actions\GeneratesSidebarTableOfContents)::With multiple nested headings" class="Hyde\Framework\Testing\Feature\Actions\GeneratesSidebarTableOfContentsTest" classname="Hyde.Framework.Testing.Feature.Actions.GeneratesSidebarTableOfContentsTest" assertions="1" time="0.006227"/>
        <testcase name="With multiple level one headings" file="Generates Sidebar Table Of Contents (Hyde\Framework\Testing\Feature\Actions\GeneratesSidebarTableOfContents)::With multiple level one headings" class="Hyde\Framework\Testing\Feature\Actions\GeneratesSidebarTableOfContentsTest" classname="Hyde.Framework.Testing.Feature.Actions.GeneratesSidebarTableOfContentsTest" assertions="1" time="0.005102"/>
        <testcase name="With no headings" file="Generates Sidebar Table Of Contents (Hyde\Framework\Testing\Feature\Actions\GeneratesSidebarTableOfContents)::With no headings" class="Hyde\Framework\Testing\Feature\Actions\GeneratesSidebarTableOfContentsTest" classname="Hyde.Framework.Testing.Feature.Actions.GeneratesSidebarTableOfContentsTest" assertions="1" time="0.014251"/>
        <testcase name="With no content" file="Generates Sidebar Table Of Contents (Hyde\Framework\Testing\Feature\Actions\GeneratesSidebarTableOfContents)::With no content" class="Hyde\Framework\Testing\Feature\Actions\GeneratesSidebarTableOfContentsTest" classname="Hyde.Framework.Testing.Feature.Actions.GeneratesSidebarTableOfContentsTest" assertions="1" time="0.003237"/>
      </testsuite>
      <testsuite name="Hyde\Framework\Testing\Feature\AssetServiceTest" file="Asset Service (Hyde\Framework\Testing\Feature\AssetService)" tests="3" assertions="6" errors="0" failures="0" skipped="0" time="0.071698">
        <testcase name="Media link returns media path with cache key" file="Asset Service (Hyde\Framework\Testing\Feature\AssetService)::Media link returns media path with cache key" class="Hyde\Framework\Testing\Feature\AssetServiceTest" classname="Hyde.Framework.Testing.Feature.AssetServiceTest" assertions="2" time="0.031368"/>
        <testcase name="Media link returns media path without cache key if cache busting is disabled" file="Asset Service (Hyde\Framework\Testing\Feature\AssetService)::Media link returns media path without cache key if cache busting is disabled" class="Hyde\Framework\Testing\Feature\AssetServiceTest" classname="Hyde.Framework.Testing.Feature.AssetServiceTest" assertions="2" time="0.019612"/>
        <testcase name="Media link supports custom media directories" file="Asset Service (Hyde\Framework\Testing\Feature\AssetService)::Media link supports custom media directories" class="Hyde\Framework\Testing\Feature\AssetServiceTest" classname="Hyde.Framework.Testing.Feature.AssetServiceTest" assertions="2" time="0.020718"/>
      </testsuite>
      <testsuite name="Hyde\Framework\Testing\Feature\BladeMatterParserTest" file="Blade Matter Parser (Hyde\Framework\Testing\Feature\BladeMatterParser)" tests="15" assertions="38" errors="0" failures="0" skipped="0" time="0.303067">
        <testcase name="Can parse front matter" file="Blade Matter Parser (Hyde\Framework\Testing\Feature\BladeMatterParser)::Can parse front matter" class="Hyde\Framework\Testing\Feature\BladeMatterParserTest" classname="Hyde.Framework.Testing.Feature.BladeMatterParserTest" assertions="1" time="0.023861"/>
        <testcase name="Parse string helper method" file="Blade Matter Parser (Hyde\Framework\Testing\Feature\BladeMatterParser)::Parse string helper method" class="Hyde\Framework\Testing\Feature\BladeMatterParserTest" classname="Hyde.Framework.Testing.Feature.BladeMatterParserTest" assertions="1" time="0.021411"/>
        <testcase name="Parse file helper method" file="Blade Matter Parser (Hyde\Framework\Testing\Feature\BladeMatterParser)::Parse file helper method" class="Hyde\Framework\Testing\Feature\BladeMatterParserTest" classname="Hyde.Framework.Testing.Feature.BladeMatterParserTest" assertions="1" time="0.020638"/>
        <testcase name="Can parse multiple front matter lines" file="Blade Matter Parser (Hyde\Framework\Testing\Feature\BladeMatterParser)::Can parse multiple front matter lines" class="Hyde\Framework\Testing\Feature\BladeMatterParserTest" classname="Hyde.Framework.Testing.Feature.BladeMatterParserTest" assertions="1" time="0.019701"/>
        <testcase name="Can parse front matter with various formats" file="Blade Matter Parser (Hyde\Framework\Testing\Feature\BladeMatterParser)::Can parse front matter with various formats" class="Hyde\Framework\Testing\Feature\BladeMatterParserTest" classname="Hyde.Framework.Testing.Feature.BladeMatterParserTest" assertions="4" time="0.019949"/>
        <testcase name="Can parse front matter with array" file="Blade Matter Parser (Hyde\Framework\Testing\Feature\BladeMatterParser)::Can parse front matter with array" class="Hyde\Framework\Testing\Feature\BladeMatterParserTest" classname="Hyde.Framework.Testing.Feature.BladeMatterParserTest" assertions="1" time="0.019723"/>
        <testcase name="Line matches front matter" file="Blade Matter Parser (Hyde\Framework\Testing\Feature\BladeMatterParser)::Line matches front matter" class="Hyde\Framework\Testing\Feature\BladeMatterParserTest" classname="Hyde.Framework.Testing.Feature.BladeMatterParserTest" assertions="2" time="0.019485"/>
        <testcase name="Directive cannot have leading whitespace" file="Blade Matter Parser (Hyde\Framework\Testing\Feature\BladeMatterParser)::Directive cannot have leading whitespace" class="Hyde\Framework\Testing\Feature\BladeMatterParserTest" classname="Hyde.Framework.Testing.Feature.BladeMatterParserTest" assertions="1" time="0.019408"/>
        <testcase name="Directive signature cannot contain whitespace" file="Blade Matter Parser (Hyde\Framework\Testing\Feature\BladeMatterParser)::Directive signature cannot contain whitespace" class="Hyde\Framework\Testing\Feature\BladeMatterParserTest" classname="Hyde.Framework.Testing.Feature.BladeMatterParserTest" assertions="3" time="0.019593"/>
        <testcase name="Extract key" file="Blade Matter Parser (Hyde\Framework\Testing\Feature\BladeMatterParser)::Extract key" class="Hyde\Framework\Testing\Feature\BladeMatterParserTest" classname="Hyde.Framework.Testing.Feature.BladeMatterParserTest" assertions="1" time="0.019445"/>
        <testcase name="Extract value" file="Blade Matter Parser (Hyde\Framework\Testing\Feature\BladeMatterParser)::Extract value" class="Hyde\Framework\Testing\Feature\BladeMatterParserTest" classname="Hyde.Framework.Testing.Feature.BladeMatterParserTest" assertions="1" time="0.019687"/>
        <testcase name="Get value with type" file="Blade Matter Parser (Hyde\Framework\Testing\Feature\BladeMatterParser)::Get value with type" class="Hyde\Framework\Testing\Feature\BladeMatterParserTest" classname="Hyde.Framework.Testing.Feature.BladeMatterParserTest" assertions="11" time="0.020470"/>
        <testcase name="Parse array string" file="Blade Matter Parser (Hyde\Framework\Testing\Feature\BladeMatterParser)::Parse array string" class="Hyde\Framework\Testing\Feature\BladeMatterParserTest" classname="Hyde.Framework.Testing.Feature.BladeMatterParserTest" assertions="8" time="0.020580"/>
        <testcase name="Parse invalid array string" file="Blade Matter Parser (Hyde\Framework\Testing\Feature\BladeMatterParser)::Parse invalid array string" class="Hyde\Framework\Testing\Feature\BladeMatterParserTest" classname="Hyde.Framework.Testing.Feature.BladeMatterParserTest" assertions="1" time="0.019501"/>
        <testcase name="Parse multidimensional array string" file="Blade Matter Parser (Hyde\Framework\Testing\Feature\BladeMatterParser)::Parse multidimensional array string" class="Hyde\Framework\Testing\Feature\BladeMatterParserTest" classname="Hyde.Framework.Testing.Feature.BladeMatterParserTest" assertions="1" time="0.019615"/>
      </testsuite>
      <testsuite name="Hyde\Framework\Testing\Feature\ColoredBlockquoteShortcodesTest" file="Colored Blockquote Shortcodes (Hyde\Framework\Testing\Feature\ColoredBlockquoteShortcodes)" tests="5" assertions="5" errors="0" failures="0" skipped="0" time="0.031566">
        <testcase name="Signature" file="Colored Blockquote Shortcodes (Hyde\Framework\Testing\Feature\ColoredBlockquoteShortcodes)::Signature" class="Hyde\Framework\Testing\Feature\ColoredBlockquoteShortcodesTest" classname="Hyde.Framework.Testing.Feature.ColoredBlockquoteShortcodesTest" assertions="1" time="0.021448"/>
        <testcase name="Signatures" file="Colored Blockquote Shortcodes (Hyde\Framework\Testing\Feature\ColoredBlockquoteShortcodes)::Signatures" class="Hyde\Framework\Testing\Feature\ColoredBlockquoteShortcodesTest" classname="Hyde.Framework.Testing.Feature.ColoredBlockquoteShortcodesTest" assertions="1" time="0.002036"/>
        <testcase name="Resolve method" file="Colored Blockquote Shortcodes (Hyde\Framework\Testing\Feature\ColoredBlockquoteShortcodes)::Resolve method" class="Hyde\Framework\Testing\Feature\ColoredBlockquoteShortcodesTest" classname="Hyde.Framework.Testing.Feature.ColoredBlockquoteShortcodesTest" assertions="1" time="0.002906"/>
        <testcase name="Can use markdown within blockquote" file="Colored Blockquote Shortcodes (Hyde\Framework\Testing\Feature\ColoredBlockquoteShortcodes)::Can use markdown within blockquote" class="Hyde\Framework\Testing\Feature\ColoredBlockquoteShortcodesTest" classname="Hyde.Framework.Testing.Feature.ColoredBlockquoteShortcodesTest" assertions="1" time="0.003288"/>
        <testcase name="With unrelated class" file="Colored Blockquote Shortcodes (Hyde\Framework\Testing\Feature\ColoredBlockquoteShortcodes)::With unrelated class" class="Hyde\Framework\Testing\Feature\ColoredBlockquoteShortcodesTest" classname="Hyde.Framework.Testing.Feature.ColoredBlockquoteShortcodesTest" assertions="1" time="0.001889"/>
      </testsuite>
      <testsuite name="Hyde\Framework\Testing\Feature\CommandTest" file="Command (Hyde\Framework\Testing\Feature\Command)" tests="23" assertions="31" errors="0" failures="0" skipped="0" time="0.056372">
        <testcase name="User exit constant" file="Command (Hyde\Framework\Testing\Feature\Command)::User exit constant" class="Hyde\Framework\Testing\Feature\CommandTest" classname="Hyde.Framework.Testing.Feature.CommandTest" assertions="1" time="0.006830"/>
        <testcase name="File link helper creates link for existing file" file="Command (Hyde\Framework\Testing\Feature\Command)::File link helper creates link for existing file" class="Hyde\Framework\Testing\Feature\CommandTest" classname="Hyde.Framework.Testing.Feature.CommandTest" assertions="1" time="0.002235"/>
        <testcase name="File link helper creates link for non existing file" file="Command (Hyde\Framework\Testing\Feature\Command)::File link helper creates link for non existing file" class="Hyde\Framework\Testing\Feature\CommandTest" classname="Hyde.Framework.Testing.Feature.CommandTest" assertions="1" time="0.002070"/>
        <testcase name="File link helper with custom label" file="Command (Hyde\Framework\Testing\Feature\Command)::File link helper with custom label" class="Hyde\Framework\Testing\Feature\CommandTest" classname="Hyde.Framework.Testing.Feature.CommandTest" assertions="1" time="0.002049"/>
        <testcase name="File link helper with absolute path input" file="Command (Hyde\Framework\Testing\Feature\Command)::File link helper with absolute path input" class="Hyde\Framework\Testing\Feature\CommandTest" classname="Hyde.Framework.Testing.Feature.CommandTest" assertions="1" time="0.002096"/>
        <testcase name="File link helper with absolute path input and custom label" file="Command (Hyde\Framework\Testing\Feature\Command)::File link helper with absolute path input and custom label" class="Hyde\Framework\Testing\Feature\CommandTest" classname="Hyde.Framework.Testing.Feature.CommandTest" assertions="1" time="0.002076"/>
        <testcase name="File link helper with absolute path and real file" file="Command (Hyde\Framework\Testing\Feature\Command)::File link helper with absolute path and real file" class="Hyde\Framework\Testing\Feature\CommandTest" classname="Hyde.Framework.Testing.Feature.CommandTest" assertions="1" time="0.002187"/>
        <testcase name="Info comment" file="Command (Hyde\Framework\Testing\Feature\Command)::Info comment" class="Hyde\Framework\Testing\Feature\CommandTest" classname="Hyde.Framework.Testing.Feature.CommandTest" assertions="1" time="0.002374"/>
        <testcase name="Info comment with extra info" file="Command (Hyde\Framework\Testing\Feature\Command)::Info comment with extra info" class="Hyde\Framework\Testing\Feature\CommandTest" classname="Hyde.Framework.Testing.Feature.CommandTest" assertions="1" time="0.002295"/>
        <testcase name="Info comment with extra info and comments" file="Command (Hyde\Framework\Testing\Feature\Command)::Info comment with extra info and comments" class="Hyde\Framework\Testing\Feature\CommandTest" classname="Hyde.Framework.Testing.Feature.CommandTest" assertions="1" time="0.002300"/>
        <testcase name="Href" file="Command (Hyde\Framework\Testing\Feature\Command)::Href" class="Hyde\Framework\Testing\Feature\CommandTest" classname="Hyde.Framework.Testing.Feature.CommandTest" assertions="1" time="0.002136"/>
        <testcase name="Inline gray" file="Command (Hyde\Framework\Testing\Feature\Command)::Inline gray" class="Hyde\Framework\Testing\Feature\CommandTest" classname="Hyde.Framework.Testing.Feature.CommandTest" assertions="1" time="0.002119"/>
        <testcase name="Gray" file="Command (Hyde\Framework\Testing\Feature\Command)::Gray" class="Hyde\Framework\Testing\Feature\CommandTest" classname="Hyde.Framework.Testing.Feature.CommandTest" assertions="1" time="0.002318"/>
        <testcase name="Indented line" file="Command (Hyde\Framework\Testing\Feature\Command)::Indented line" class="Hyde\Framework\Testing\Feature\CommandTest" classname="Hyde.Framework.Testing.Feature.CommandTest" assertions="1" time="0.002284"/>
        <testcase name="Indented line with multiple indentations" file="Command (Hyde\Framework\Testing\Feature\Command)::Indented line with multiple indentations" class="Hyde\Framework\Testing\Feature\CommandTest" classname="Hyde.Framework.Testing.Feature.CommandTest" assertions="1" time="0.002319"/>
        <testcase name="Indented line with no indentation" file="Command (Hyde\Framework\Testing\Feature\Command)::Indented line with no indentation" class="Hyde\Framework\Testing\Feature\CommandTest" classname="Hyde.Framework.Testing.Feature.CommandTest" assertions="1" time="0.002322"/>
        <testcase name="Handle calls base safe handle" file="Command (Hyde\Framework\Testing\Feature\Command)::Handle calls base safe handle" class="Hyde\Framework\Testing\Feature\CommandTest" classname="Hyde.Framework.Testing.Feature.CommandTest" assertions="1" time="0.001996"/>
        <testcase name="Handle calls child safe handle" file="Command (Hyde\Framework\Testing\Feature\Command)::Handle calls child safe handle" class="Hyde\Framework\Testing\Feature\CommandTest" classname="Hyde.Framework.Testing.Feature.CommandTest" assertions="1" time="0.001977"/>
        <testcase name="Safe handle exception" file="Command (Hyde\Framework\Testing\Feature\Command)::Safe handle exception" class="Hyde\Framework\Testing\Feature\CommandTest" classname="Hyde.Framework.Testing.Feature.CommandTest" assertions="2" time="0.002641"/>
        <testcase name="Can enable throw on exception" file="Command (Hyde\Framework\Testing\Feature\Command)::Can enable throw on exception" class="Hyde\Framework\Testing\Feature\CommandTest" classname="Hyde.Framework.Testing.Feature.CommandTest" assertions="2" time="0.002493"/>
        <testcase name="Ask for string" file="Command (Hyde\Framework\Testing\Feature\Command)::Ask for string" class="Hyde\Framework\Testing\Feature\CommandTest" classname="Hyde.Framework.Testing.Feature.CommandTest" assertions="3" time="0.002410"/>
        <testcase name="Ask for string with default value" file="Command (Hyde\Framework\Testing\Feature\Command)::Ask for string with default value" class="Hyde\Framework\Testing\Feature\CommandTest" classname="Hyde.Framework.Testing.Feature.CommandTest" assertions="3" time="0.002421"/>
        <testcase name="Ask for string with default value supplying null" file="Command (Hyde\Framework\Testing\Feature\Command)::Ask for string with default value supplying null" class="Hyde\Framework\Testing\Feature\CommandTest" classname="Hyde.Framework.Testing.Feature.CommandTest" assertions="3" time="0.002426"/>
      </testsuite>
      <testsuite name="Hyde\Framework\Testing\Feature\Commands\BuildRssFeedCommandTest" file="Build Rss Feed Command (Hyde\Framework\Testing\Feature\Commands\BuildRssFeedCommand)" tests="2" assertions="8" errors="0" failures="0" skipped="0" time="0.092347">
        <testcase name="Rss feed is generated when conditions are met" file="Build Rss Feed Command (Hyde\Framework\Testing\Feature\Commands\BuildRssFeedCommand)::Rss feed is generated when conditions are met" class="Hyde\Framework\Testing\Feature\Commands\BuildRssFeedCommandTest" classname="Hyde.Framework.Testing.Feature.Commands.BuildRssFeedCommandTest" assertions="3" time="0.051518"/>
        <testcase name="Rss filename can be changed" file="Build Rss Feed Command (Hyde\Framework\Testing\Feature\Commands\BuildRssFeedCommand)::Rss filename can be changed" class="Hyde\Framework\Testing\Feature\Commands\BuildRssFeedCommandTest" classname="Hyde.Framework.Testing.Feature.Commands.BuildRssFeedCommandTest" assertions="5" time="0.040829"/>
      </testsuite>
      <testsuite name="Hyde\Framework\Testing\Feature\Commands\BuildSearchCommandTest" file="Build Search Command (Hyde\Framework\Testing\Feature\Commands\BuildSearchCommand)" tests="8" assertions="22" errors="0" failures="0" skipped="0" time="0.291549">
        <testcase name="It creates the search json file" file="Build Search Command (Hyde\Framework\Testing\Feature\Commands\BuildSearchCommand)::It creates the search json file" class="Hyde\Framework\Testing\Feature\Commands\BuildSearchCommandTest" classname="Hyde.Framework.Testing.Feature.Commands.BuildSearchCommandTest" assertions="3" time="0.048072"/>
        <testcase name="It creates the search page" file="Build Search Command (Hyde\Framework\Testing\Feature\Commands\BuildSearchCommand)::It creates the search page" class="Hyde\Framework\Testing\Feature\Commands\BuildSearchCommandTest" classname="Hyde.Framework.Testing.Feature.Commands.BuildSearchCommandTest" assertions="3" time="0.038808"/>
        <testcase name="It does not create the search page if disabled" file="Build Search Command (Hyde\Framework\Testing\Feature\Commands\BuildSearchCommand)::It does not create the search page if disabled" class="Hyde\Framework\Testing\Feature\Commands\BuildSearchCommandTest" classname="Hyde.Framework.Testing.Feature.Commands.BuildSearchCommandTest" assertions="2" time="0.026481"/>
        <testcase name="It does not display the estimation message when it is less than 1 second" file="Build Search Command (Hyde\Framework\Testing\Feature\Commands\BuildSearchCommand)::It does not display the estimation message when it is less than 1 second" class="Hyde\Framework\Testing\Feature\Commands\BuildSearchCommandTest" classname="Hyde.Framework.Testing.Feature.Commands.BuildSearchCommandTest" assertions="2" time="0.035485"/>
        <testcase name="Search files can be generated for custom docs output directory" file="Build Search Command (Hyde\Framework\Testing\Feature\Commands\BuildSearchCommand)::Search files can be generated for custom docs output directory" class="Hyde\Framework\Testing\Feature\Commands\BuildSearchCommandTest" classname="Hyde.Framework.Testing.Feature.Commands.BuildSearchCommandTest" assertions="3" time="0.035291"/>
        <testcase name="Search files can be generated for custom site output directory" file="Build Search Command (Hyde\Framework\Testing\Feature\Commands\BuildSearchCommand)::Search files can be generated for custom site output directory" class="Hyde\Framework\Testing\Feature\Commands\BuildSearchCommandTest" classname="Hyde.Framework.Testing.Feature.Commands.BuildSearchCommandTest" assertions="3" time="0.035632"/>
        <testcase name="Search files can be generated for custom site and docs output directories" file="Build Search Command (Hyde\Framework\Testing\Feature\Commands\BuildSearchCommand)::Search files can be generated for custom site and docs output directories" class="Hyde\Framework\Testing\Feature\Commands\BuildSearchCommandTest" classname="Hyde.Framework.Testing.Feature.Commands.BuildSearchCommandTest" assertions="3" time="0.035667"/>
        <testcase name="Search files can be generated for custom site and nested docs output directories" file="Build Search Command (Hyde\Framework\Testing\Feature\Commands\BuildSearchCommand)::Search files can be generated for custom site and nested docs output directories" class="Hyde\Framework\Testing\Feature\Commands\BuildSearchCommandTest" classname="Hyde.Framework.Testing.Feature.Commands.BuildSearchCommandTest" assertions="3" time="0.036114"/>
      </testsuite>
      <testsuite name="Hyde\Framework\Testing\Feature\Commands\BuildSitemapCommandTest" file="Build Sitemap Command (Hyde\Framework\Testing\Feature\Commands\BuildSitemapCommand)" tests="1" assertions="3" errors="0" failures="0" skipped="0" time="0.053599">
        <testcase name="Sitemap is generated when conditions are met" file="Build Sitemap Command (Hyde\Framework\Testing\Feature\Commands\BuildSitemapCommand)::Sitemap is generated when conditions are met" class="Hyde\Framework\Testing\Feature\Commands\BuildSitemapCommandTest" classname="Hyde.Framework.Testing.Feature.Commands.BuildSitemapCommandTest" assertions="3" time="0.053599"/>
      </testsuite>
      <testsuite name="Hyde\Framework\Testing\Feature\Commands\ChangeSourceDirectoryCommandTest" file="Change Source Directory Command (Hyde\Framework\Testing\Feature\Commands\ChangeSourceDirectoryCommand)" tests="6" assertions="38" errors="0" failures="0" skipped="0" time="0.158835">
        <testcase name="Command moves source directories to new supplied directory and updates the configuration file" file="Change Source Directory Command (Hyde\Framework\Testing\Feature\Commands\ChangeSourceDirectoryCommand)::Command moves source directories to new supplied directory and updates the configuration file" class="Hyde\Framework\Testing\Feature\Commands\ChangeSourceDirectoryCommandTest" classname="Hyde.Framework.Testing.Feature.Commands.ChangeSourceDirectoryCommandTest" assertions="15" time="0.028728"/>
        <testcase name="With missing config search string" file="Change Source Directory Command (Hyde\Framework\Testing\Feature\Commands\ChangeSourceDirectoryCommand)::With missing config search string" class="Hyde\Framework\Testing\Feature\Commands\ChangeSourceDirectoryCommandTest" classname="Hyde.Framework.Testing.Feature.Commands.ChangeSourceDirectoryCommandTest" assertions="15" time="0.027731"/>
        <testcase name="With name matching current value" file="Change Source Directory Command (Hyde\Framework\Testing\Feature\Commands\ChangeSourceDirectoryCommand)::With name matching current value" class="Hyde\Framework\Testing\Feature\Commands\ChangeSourceDirectoryCommandTest" classname="Hyde.Framework.Testing.Feature.Commands.ChangeSourceDirectoryCommandTest" assertions="2" time="0.033147"/>
        <testcase name="With existing directory" file="Change Source Directory Command (Hyde\Framework\Testing\Feature\Commands\ChangeSourceDirectoryCommand)::With existing directory" class="Hyde\Framework\Testing\Feature\Commands\ChangeSourceDirectoryCommandTest" classname="Hyde.Framework.Testing.Feature.Commands.ChangeSourceDirectoryCommandTest" assertions="2" time="0.024049"/>
        <testcase name="With target containing subdirectory file" file="Change Source Directory Command (Hyde\Framework\Testing\Feature\Commands\ChangeSourceDirectoryCommand)::With target containing subdirectory file" class="Hyde\Framework\Testing\Feature\Commands\ChangeSourceDirectoryCommandTest" classname="Hyde.Framework.Testing.Feature.Commands.ChangeSourceDirectoryCommandTest" assertions="2" time="0.023053"/>
        <testcase name="With target being file" file="Change Source Directory Command (Hyde\Framework\Testing\Feature\Commands\ChangeSourceDirectoryCommand)::With target being file" class="Hyde\Framework\Testing\Feature\Commands\ChangeSourceDirectoryCommandTest" classname="Hyde.Framework.Testing.Feature.Commands.ChangeSourceDirectoryCommandTest" assertions="2" time="0.022129"/>
      </testsuite>
      <testsuite name="Hyde\Framework\Testing\Feature\Commands\DebugCommandTest" file="Debug Command (Hyde\Framework\Testing\Feature\Commands\DebugCommand)" tests="4" assertions="16" errors="0" failures="0" skipped="0" time="0.101801">
        <testcase name="Debug command can run" file="Debug Command (Hyde\Framework\Testing\Feature\Commands\DebugCommand)::Debug command can run" class="Hyde\Framework\Testing\Feature\Commands\DebugCommandTest" classname="Hyde.Framework.Testing.Feature.Commands.DebugCommandTest" assertions="1" time="0.032132"/>
        <testcase name="It prints debug information" file="Debug Command (Hyde\Framework\Testing\Feature\Commands\DebugCommand)::It prints debug information" class="Hyde\Framework\Testing\Feature\Commands\DebugCommandTest" classname="Hyde.Framework.Testing.Feature.Commands.DebugCommandTest" assertions="8" time="0.024164"/>
        <testcase name="It prints verbose debug information" file="Debug Command (Hyde\Framework\Testing\Feature\Commands\DebugCommand)::It prints verbose debug information" class="Hyde\Framework\Testing\Feature\Commands\DebugCommandTest" classname="Hyde.Framework.Testing.Feature.Commands.DebugCommandTest" assertions="6" time="0.024611"/>
        <testcase name="It prints phar debug information" file="Debug Command (Hyde\Framework\Testing\Feature\Commands\DebugCommand)::It prints phar debug information" class="Hyde\Framework\Testing\Feature\Commands\DebugCommandTest" classname="Hyde.Framework.Testing.Feature.Commands.DebugCommandTest" assertions="1" time="0.020893"/>
      </testsuite>
      <testsuite name="Hyde\Framework\Testing\Feature\Commands\MakePageCommandTest" file="Make Page Command (Hyde\Framework\Testing\Feature\Commands\MakePageCommand)" tests="14" assertions="34" errors="0" failures="0" skipped="0" time="0.346029">
        <testcase name="Command can run" file="Make Page Command (Hyde\Framework\Testing\Feature\Commands\MakePageCommand)::Command can run" class="Hyde\Framework\Testing\Feature\Commands\MakePageCommandTest" classname="Hyde.Framework.Testing.Feature.Commands.MakePageCommandTest" assertions="1" time="0.029747"/>
        <testcase name="Command output" file="Make Page Command (Hyde\Framework\Testing\Feature\Commands\MakePageCommand)::Command output" class="Hyde\Framework\Testing\Feature\Commands\MakePageCommandTest" classname="Hyde.Framework.Testing.Feature.Commands.MakePageCommandTest" assertions="3" time="0.024286"/>
        <testcase name="Command allows user to specify page type" file="Make Page Command (Hyde\Framework\Testing\Feature\Commands\MakePageCommand)::Command allows user to specify page type" class="Hyde\Framework\Testing\Feature\Commands\MakePageCommandTest" classname="Hyde.Framework.Testing.Feature.Commands.MakePageCommandTest" assertions="2" time="0.026625"/>
        <testcase name="Type option is case insensitive" file="Make Page Command (Hyde\Framework\Testing\Feature\Commands\MakePageCommand)::Type option is case insensitive" class="Hyde\Framework\Testing\Feature\Commands\MakePageCommandTest" classname="Hyde.Framework.Testing.Feature.Commands.MakePageCommandTest" assertions="2" time="0.026627"/>
        <testcase name="Command fails if user specifies invalid page type" file="Make Page Command (Hyde\Framework\Testing\Feature\Commands\MakePageCommand)::Command fails if user specifies invalid page type" class="Hyde\Framework\Testing\Feature\Commands\MakePageCommandTest" classname="Hyde.Framework.Testing.Feature.Commands.MakePageCommandTest" assertions="3" time="0.022315"/>
        <testcase name="Command creates markdown file" file="Make Page Command (Hyde\Framework\Testing\Feature\Commands\MakePageCommand)::Command creates markdown file" class="Hyde\Framework\Testing\Feature\Commands\MakePageCommandTest" classname="Hyde.Framework.Testing.Feature.Commands.MakePageCommandTest" assertions="2" time="0.024145"/>
        <testcase name="Command creates blade file" file="Make Page Command (Hyde\Framework\Testing\Feature\Commands\MakePageCommand)::Command creates blade file" class="Hyde\Framework\Testing\Feature\Commands\MakePageCommandTest" classname="Hyde.Framework.Testing.Feature.Commands.MakePageCommandTest" assertions="2" time="0.022831"/>
        <testcase name="Command creates documentation file" file="Make Page Command (Hyde\Framework\Testing\Feature\Commands\MakePageCommand)::Command creates documentation file" class="Hyde\Framework\Testing\Feature\Commands\MakePageCommandTest" classname="Hyde.Framework.Testing.Feature.Commands.MakePageCommandTest" assertions="2" time="0.024515"/>
        <testcase name="Command fails if file already exists" file="Make Page Command (Hyde\Framework\Testing\Feature\Commands\MakePageCommand)::Command fails if file already exists" class="Hyde\Framework\Testing\Feature\Commands\MakePageCommandTest" classname="Hyde.Framework.Testing.Feature.Commands.MakePageCommandTest" assertions="3" time="0.022413"/>
        <testcase name="Command overwrites existing files when force option is used" file="Make Page Command (Hyde\Framework\Testing\Feature\Commands\MakePageCommand)::Command overwrites existing files when force option is used" class="Hyde\Framework\Testing\Feature\Commands\MakePageCommandTest" classname="Hyde.Framework.Testing.Feature.Commands.MakePageCommandTest" assertions="2" time="0.024719"/>
        <testcase name="Command prompts for title if it was not specified" file="Make Page Command (Hyde\Framework\Testing\Feature\Commands\MakePageCommand)::Command prompts for title if it was not specified" class="Hyde\Framework\Testing\Feature\Commands\MakePageCommandTest" classname="Hyde.Framework.Testing.Feature.Commands.MakePageCommandTest" assertions="3" time="0.025061"/>
        <testcase name="Command falls back to default title if user enters nothing" file="Make Page Command (Hyde\Framework\Testing\Feature\Commands\MakePageCommand)::Command falls back to default title if user enters nothing" class="Hyde\Framework\Testing\Feature\Commands\MakePageCommandTest" classname="Hyde.Framework.Testing.Feature.Commands.MakePageCommandTest" assertions="3" time="0.024674"/>
        <testcase name="Page type shorthand can be used to create blade pages" file="Make Page Command (Hyde\Framework\Testing\Feature\Commands\MakePageCommand)::Page type shorthand can be used to create blade pages" class="Hyde\Framework\Testing\Feature\Commands\MakePageCommandTest" classname="Hyde.Framework.Testing.Feature.Commands.MakePageCommandTest" assertions="3" time="0.023196"/>
        <testcase name="Page type shorthand can be used to create documentation pages" file="Make Page Command (Hyde\Framework\Testing\Feature\Commands\MakePageCommand)::Page type shorthand can be used to create documentation pages" class="Hyde\Framework\Testing\Feature\Commands\MakePageCommandTest" classname="Hyde.Framework.Testing.Feature.Commands.MakePageCommandTest" assertions="3" time="0.024875"/>
      </testsuite>
      <testsuite name="Hyde\Framework\Testing\Feature\Commands\MakePostCommandTest" file="Make Post Command (Hyde\Framework\Testing\Feature\Commands\MakePostCommand)" tests="5" assertions="48" errors="0" failures="0" skipped="0" time="0.164044">
        <testcase name="Command has expected output and creates valid file" file="Make Post Command (Hyde\Framework\Testing\Feature\Commands\MakePostCommand)::Command has expected output and creates valid file" class="Hyde\Framework\Testing\Feature\Commands\MakePostCommandTest" classname="Hyde.Framework.Testing.Feature.Commands.MakePostCommandTest" assertions="16" time="0.058679"/>
        <testcase name="That files are not overwritten when force flag is not set" file="Make Post Command (Hyde\Framework\Testing\Feature\Commands\MakePostCommand)::That files are not overwritten when force flag is not set" class="Hyde\Framework\Testing\Feature\Commands\MakePostCommandTest" classname="Hyde.Framework.Testing.Feature.Commands.MakePostCommandTest" assertions="9" time="0.027689"/>
        <testcase name="That files are overwritten when force flag is set" file="Make Post Command (Hyde\Framework\Testing\Feature\Commands\MakePostCommand)::That files are overwritten when force flag is set" class="Hyde\Framework\Testing\Feature\Commands\MakePostCommandTest" classname="Hyde.Framework.Testing.Feature.Commands.MakePostCommandTest" assertions="9" time="0.027159"/>
        <testcase name="That title can be specified in command signature" file="Make Post Command (Hyde\Framework\Testing\Feature\Commands\MakePostCommand)::That title can be specified in command signature" class="Hyde\Framework\Testing\Feature\Commands\MakePostCommandTest" classname="Hyde.Framework.Testing.Feature.Commands.MakePostCommandTest" assertions="6" time="0.026474"/>
        <testcase name="That command can be canceled" file="Make Post Command (Hyde\Framework\Testing\Feature\Commands\MakePostCommand)::That command can be canceled" class="Hyde\Framework\Testing\Feature\Commands\MakePostCommandTest" classname="Hyde.Framework.Testing.Feature.Commands.MakePostCommandTest" assertions="8" time="0.024043"/>
      </testsuite>
      <testsuite name="Hyde\Framework\Testing\Feature\Commands\PackageDiscoverCommandTest" file="Package Discover Command (Hyde\Framework\Testing\Feature\Commands\PackageDiscoverCommand)" tests="1" assertions="3" errors="0" failures="0" skipped="0" time="0.074359">
        <testcase name="Package discover command registers manifest path" file="Package Discover Command (Hyde\Framework\Testing\Feature\Commands\PackageDiscoverCommand)::Package discover command registers manifest path" class="Hyde\Framework\Testing\Feature\Commands\PackageDiscoverCommandTest" classname="Hyde.Framework.Testing.Feature.Commands.PackageDiscoverCommandTest" assertions="3" time="0.074359"/>
      </testsuite>
      <testsuite name="Hyde\Framework\Testing\Feature\Commands\PublishConfigsCommandTest" file="Publish Configs Command (Hyde\Framework\Testing\Feature\Commands\PublishConfigsCommand)" tests="3" assertions="16" errors="0" failures="0" skipped="0" time="0.093449">
        <testcase name="Command has expected output" file="Publish Configs Command (Hyde\Framework\Testing\Feature\Commands\PublishConfigsCommand)::Command has expected output" class="Hyde\Framework\Testing\Feature\Commands\PublishConfigsCommandTest" classname="Hyde.Framework.Testing.Feature.Commands.PublishConfigsCommandTest" assertions="4" time="0.035986"/>
        <testcase name="Config files are published" file="Publish Configs Command (Hyde\Framework\Testing\Feature\Commands\PublishConfigsCommand)::Config files are published" class="Hyde\Framework\Testing\Feature\Commands\PublishConfigsCommandTest" classname="Hyde.Framework.Testing.Feature.Commands.PublishConfigsCommandTest" assertions="8" time="0.028785"/>
        <testcase name="Command overwrites existing files" file="Publish Configs Command (Hyde\Framework\Testing\Feature\Commands\PublishConfigsCommand)::Command overwrites existing files" class="Hyde\Framework\Testing\Feature\Commands\PublishConfigsCommandTest" classname="Hyde.Framework.Testing.Feature.Commands.PublishConfigsCommandTest" assertions="4" time="0.028679"/>
      </testsuite>
      <testsuite name="Hyde\Framework\Testing\Feature\Commands\PublishHomepageCommandTest" file="Publish Homepage Command (Hyde\Framework\Testing\Feature\Commands\PublishHomepageCommand)" tests="9" assertions="28" errors="0" failures="0" skipped="0" time="0.252992">
        <testcase name="There are no default pages" file="Publish Homepage Command (Hyde\Framework\Testing\Feature\Commands\PublishHomepageCommand)::There are no default pages" class="Hyde\Framework\Testing\Feature\Commands\PublishHomepageCommandTest" classname="Hyde.Framework.Testing.Feature.Commands.PublishHomepageCommandTest" assertions="1" time="0.024733"/>
        <testcase name="Command returns expected output" file="Publish Homepage Command (Hyde\Framework\Testing\Feature\Commands\PublishHomepageCommand)::Command returns expected output" class="Hyde\Framework\Testing\Feature\Commands\PublishHomepageCommandTest" classname="Hyde.Framework.Testing.Feature.Commands.PublishHomepageCommandTest" assertions="3" time="0.025650"/>
        <testcase name="Command returns expected output with rebuild" file="Publish Homepage Command (Hyde\Framework\Testing\Feature\Commands\PublishHomepageCommand)::Command returns expected output with rebuild" class="Hyde\Framework\Testing\Feature\Commands\PublishHomepageCommandTest" classname="Hyde.Framework.Testing.Feature.Commands.PublishHomepageCommandTest" assertions="5" time="0.041600"/>
        <testcase name="Command prompts for output" file="Publish Homepage Command (Hyde\Framework\Testing\Feature\Commands\PublishHomepageCommand)::Command prompts for output" class="Hyde\Framework\Testing\Feature\Commands\PublishHomepageCommandTest" classname="Hyde.Framework.Testing.Feature.Commands.PublishHomepageCommandTest" assertions="5" time="0.026327"/>
        <testcase name="Command shows feedback output when supplying a homepage name" file="Publish Homepage Command (Hyde\Framework\Testing\Feature\Commands\PublishHomepageCommand)::Command shows feedback output when supplying a homepage name" class="Hyde\Framework\Testing\Feature\Commands\PublishHomepageCommandTest" classname="Hyde.Framework.Testing.Feature.Commands.PublishHomepageCommandTest" assertions="4" time="0.026229"/>
        <testcase name="Command handles error code 404" file="Publish Homepage Command (Hyde\Framework\Testing\Feature\Commands\PublishHomepageCommand)::Command handles error code 404" class="Hyde\Framework\Testing\Feature\Commands\PublishHomepageCommandTest" classname="Hyde.Framework.Testing.Feature.Commands.PublishHomepageCommandTest" assertions="2" time="0.024587"/>
        <testcase name="Command does not overwrite modified files without force flag" file="Publish Homepage Command (Hyde\Framework\Testing\Feature\Commands\PublishHomepageCommand)::Command does not overwrite modified files without force flag" class="Hyde\Framework\Testing\Feature\Commands\PublishHomepageCommandTest" classname="Hyde.Framework.Testing.Feature.Commands.PublishHomepageCommandTest" assertions="3" time="0.027307"/>
        <testcase name="Command overwrites modified files if force flag is set" file="Publish Homepage Command (Hyde\Framework\Testing\Feature\Commands\PublishHomepageCommand)::Command overwrites modified files if force flag is set" class="Hyde\Framework\Testing\Feature\Commands\PublishHomepageCommandTest" classname="Hyde.Framework.Testing.Feature.Commands.PublishHomepageCommandTest" assertions="3" time="0.026237"/>
        <testcase name="Command does not return 409 if the current file is a default file" file="Publish Homepage Command (Hyde\Framework\Testing\Feature\Commands\PublishHomepageCommand)::Command does not return 409 if the current file is a default file" class="Hyde\Framework\Testing\Feature\Commands\PublishHomepageCommandTest" classname="Hyde.Framework.Testing.Feature.Commands.PublishHomepageCommandTest" assertions="2" time="0.030320"/>
      </testsuite>
      <testsuite name="Hyde\Framework\Testing\Feature\Commands\PublishViewsCommandTest" file="Publish Views Command (Hyde\Framework\Testing\Feature\Commands\PublishViewsCommand)" tests="3" assertions="9" errors="0" failures="0" skipped="0" time="0.114678">
        <testcase name="Command publishes views" file="Publish Views Command (Hyde\Framework\Testing\Feature\Commands\PublishViewsCommand)::Command publishes views" class="Hyde\Framework\Testing\Feature\Commands\PublishViewsCommandTest" classname="Hyde.Framework.Testing.Feature.Commands.PublishViewsCommandTest" assertions="4" time="0.066381"/>
        <testcase name="Can select view" file="Publish Views Command (Hyde\Framework\Testing\Feature\Commands\PublishViewsCommand)::Can select view" class="Hyde\Framework\Testing\Feature\Commands\PublishViewsCommandTest" classname="Hyde.Framework.Testing.Feature.Commands.PublishViewsCommandTest" assertions="3" time="0.025315"/>
        <testcase name="With invalid supplied tag" file="Publish Views Command (Hyde\Framework\Testing\Feature\Commands\PublishViewsCommand)::With invalid supplied tag" class="Hyde\Framework\Testing\Feature\Commands\PublishViewsCommandTest" classname="Hyde.Framework.Testing.Feature.Commands.PublishViewsCommandTest" assertions="2" time="0.022982"/>
      </testsuite>
      <testsuite name="Hyde\Framework\Testing\Feature\Commands\RebuildPageCommandTest" file="Rebuild Page Command (Hyde\Framework\Testing\Feature\Commands\RebuildPageCommand)" tests="6" assertions="12" errors="0" failures="0" skipped="0" time="0.199976">
        <testcase name="Handle is successful with valid path" file="Rebuild Page Command (Hyde\Framework\Testing\Feature\Commands\RebuildPageCommand)::Handle is successful with valid path" class="Hyde\Framework\Testing\Feature\Commands\RebuildPageCommandTest" classname="Hyde.Framework.Testing.Feature.Commands.RebuildPageCommandTest" assertions="2" time="0.042270"/>
        <testcase name="Media files can be transferred" file="Rebuild Page Command (Hyde\Framework\Testing\Feature\Commands\RebuildPageCommand)::Media files can be transferred" class="Hyde\Framework\Testing\Feature\Commands\RebuildPageCommandTest" classname="Hyde.Framework.Testing.Feature.Commands.RebuildPageCommandTest" assertions="2" time="0.028426"/>
        <testcase name="Validate catches bad source directory" file="Rebuild Page Command (Hyde\Framework\Testing\Feature\Commands\RebuildPageCommand)::Validate catches bad source directory" class="Hyde\Framework\Testing\Feature\Commands\RebuildPageCommandTest" classname="Hyde.Framework.Testing.Feature.Commands.RebuildPageCommandTest" assertions="2" time="0.027591"/>
        <testcase name="Validate catches missing file" file="Rebuild Page Command (Hyde\Framework\Testing\Feature\Commands\RebuildPageCommand)::Validate catches missing file" class="Hyde\Framework\Testing\Feature\Commands\RebuildPageCommandTest" classname="Hyde.Framework.Testing.Feature.Commands.RebuildPageCommandTest" assertions="2" time="0.023180"/>
        <testcase name="Rebuild documentation page" file="Rebuild Page Command (Hyde\Framework\Testing\Feature\Commands\RebuildPageCommand)::Rebuild documentation page" class="Hyde\Framework\Testing\Feature\Commands\RebuildPageCommandTest" classname="Hyde.Framework.Testing.Feature.Commands.RebuildPageCommandTest" assertions="2" time="0.041055"/>
        <testcase name="Rebuild blog post" file="Rebuild Page Command (Hyde\Framework\Testing\Feature\Commands\RebuildPageCommand)::Rebuild blog post" class="Hyde\Framework\Testing\Feature\Commands\RebuildPageCommandTest" classname="Hyde.Framework.Testing.Feature.Commands.RebuildPageCommandTest" assertions="2" time="0.037455"/>
      </testsuite>
      <testsuite name="Hyde\Framework\Testing\Feature\Commands\RouteListCommandTest" file="Route List Command (Hyde\Framework\Testing\Feature\Commands\RouteListCommand)" tests="5" assertions="31" errors="0" failures="0" skipped="0" time="0.173414">
        <testcase name="Route list command" file="Route List Command (Hyde\Framework\Testing\Feature\Commands\RouteListCommand)::Route list command" class="Hyde\Framework\Testing\Feature\Commands\RouteListCommandTest" classname="Hyde.Framework.Testing.Feature.Commands.RouteListCommandTest" assertions="7" time="0.054551"/>
        <testcase name="Console route list" file="Route List Command (Hyde\Framework\Testing\Feature\Commands\RouteListCommand)::Console route list" class="Hyde\Framework\Testing\Feature\Commands\RouteListCommandTest" classname="Hyde.Framework.Testing.Feature.Commands.RouteListCommandTest" assertions="6" time="0.028293"/>
        <testcase name="Console route list with clickable output paths" file="Route List Command (Hyde\Framework\Testing\Feature\Commands\RouteListCommand)::Console route list with clickable output paths" class="Hyde\Framework\Testing\Feature\Commands\RouteListCommandTest" classname="Hyde.Framework.Testing.Feature.Commands.RouteListCommandTest" assertions="6" time="0.033157"/>
        <testcase name="Console route list with dynamic pages" file="Route List Command (Hyde\Framework\Testing\Feature\Commands\RouteListCommand)::Console route list with dynamic pages" class="Hyde\Framework\Testing\Feature\Commands\RouteListCommandTest" classname="Hyde.Framework.Testing.Feature.Commands.RouteListCommandTest" assertions="6" time="0.028793"/>
        <testcase name="Console route list with type label" file="Route List Command (Hyde\Framework\Testing\Feature\Commands\RouteListCommand)::Console route list with type label" class="Hyde\Framework\Testing\Feature\Commands\RouteListCommandTest" classname="Hyde.Framework.Testing.Feature.Commands.RouteListCommandTest" assertions="6" time="0.028621"/>
      </testsuite>
      <testsuite name="Hyde\Framework\Testing\Feature\Commands\ServeCommandTest" file="Serve Command (Hyde\Framework\Testing\Feature\Commands\ServeCommand)" tests="13" assertions="41" errors="0" failures="0" skipped="0" time="0.301063">
        <testcase name="Hyde serve command" file="Serve Command (Hyde\Framework\Testing\Feature\Commands\ServeCommand)::Hyde serve command" class="Hyde\Framework\Testing\Feature\Commands\ServeCommandTest" classname="Hyde.Framework.Testing.Feature.Commands.ServeCommandTest" assertions="3" time="0.032508"/>
        <testcase name="Hyde serve command with port option" file="Serve Command (Hyde\Framework\Testing\Feature\Commands\ServeCommand)::Hyde serve command with port option" class="Hyde\Framework\Testing\Feature\Commands\ServeCommandTest" classname="Hyde.Framework.Testing.Feature.Commands.ServeCommandTest" assertions="3" time="0.022100"/>
        <testcase name="Hyde serve command with host option" file="Serve Command (Hyde\Framework\Testing\Feature\Commands\ServeCommand)::Hyde serve command with host option" class="Hyde\Framework\Testing\Feature\Commands\ServeCommandTest" classname="Hyde.Framework.Testing.Feature.Commands.ServeCommandTest" assertions="3" time="0.021880"/>
        <testcase name="Hyde serve command with port and host option" file="Serve Command (Hyde\Framework\Testing\Feature\Commands\ServeCommand)::Hyde serve command with port and host option" class="Hyde\Framework\Testing\Feature\Commands\ServeCommandTest" classname="Hyde.Framework.Testing.Feature.Commands.ServeCommandTest" assertions="3" time="0.022057"/>
        <testcase name="Hyde serve command with port defined in config" file="Serve Command (Hyde\Framework\Testing\Feature\Commands\ServeCommand)::Hyde serve command with port defined in config" class="Hyde\Framework\Testing\Feature\Commands\ServeCommandTest" classname="Hyde.Framework.Testing.Feature.Commands.ServeCommandTest" assertions="3" time="0.022314"/>
        <testcase name="Hyde serve command with port defined in config and port option" file="Serve Command (Hyde\Framework\Testing\Feature\Commands\ServeCommand)::Hyde serve command with port defined in config and port option" class="Hyde\Framework\Testing\Feature\Commands\ServeCommandTest" classname="Hyde.Framework.Testing.Feature.Commands.ServeCommandTest" assertions="3" time="0.022037"/>
        <testcase name="Hyde serve command with port missing in config and port option" file="Serve Command (Hyde\Framework\Testing\Feature\Commands\ServeCommand)::Hyde serve command with port missing in config and port option" class="Hyde\Framework\Testing\Feature\Commands\ServeCommandTest" classname="Hyde.Framework.Testing.Feature.Commands.ServeCommandTest" assertions="3" time="0.022045"/>
        <testcase name="Hyde serve command with host defined in config" file="Serve Command (Hyde\Framework\Testing\Feature\Commands\ServeCommand)::Hyde serve command with host defined in config" class="Hyde\Framework\Testing\Feature\Commands\ServeCommandTest" classname="Hyde.Framework.Testing.Feature.Commands.ServeCommandTest" assertions="3" time="0.021931"/>
        <testcase name="Hyde serve command with host defined in config and host option" file="Serve Command (Hyde\Framework\Testing\Feature\Commands\ServeCommand)::Hyde serve command with host defined in config and host option" class="Hyde\Framework\Testing\Feature\Commands\ServeCommandTest" classname="Hyde.Framework.Testing.Feature.Commands.ServeCommandTest" assertions="3" time="0.022044"/>
        <testcase name="Hyde serve command with host missing in config and host option" file="Serve Command (Hyde\Framework\Testing\Feature\Commands\ServeCommand)::Hyde serve command with host missing in config and host option" class="Hyde\Framework\Testing\Feature\Commands\ServeCommandTest" classname="Hyde.Framework.Testing.Feature.Commands.ServeCommandTest" assertions="3" time="0.022052"/>
        <testcase name="Hyde serve command with invalid config value" file="Serve Command (Hyde\Framework\Testing\Feature\Commands\ServeCommand)::Hyde serve command with invalid config value" class="Hyde\Framework\Testing\Feature\Commands\ServeCommandTest" classname="Hyde.Framework.Testing.Feature.Commands.ServeCommandTest" assertions="2" time="0.021561"/>
        <testcase name="Hyde serve command passes through process output" file="Serve Command (Hyde\Framework\Testing\Feature\Commands\ServeCommand)::Hyde serve command passes through process output" class="Hyde\Framework\Testing\Feature\Commands\ServeCommandTest" classname="Hyde.Framework.Testing.Feature.Commands.ServeCommandTest" assertions="6" time="0.022554"/>
        <testcase name="With fancy output" file="Serve Command (Hyde\Framework\Testing\Feature\Commands\ServeCommand)::With fancy output" class="Hyde\Framework\Testing\Feature\Commands\ServeCommandTest" classname="Hyde.Framework.Testing.Feature.Commands.ServeCommandTest" assertions="3" time="0.025980"/>
      </testsuite>
      <testsuite name="Hyde\Framework\Testing\Feature\Commands\ValidateCommandTest" file="Validate Command (Hyde\Framework\Testing\Feature\Commands\ValidateCommand)" tests="2" assertions="8" errors="0" failures="0" skipped="0" time="0.091622">
        <testcase name="Validate command can run" file="Validate Command (Hyde\Framework\Testing\Feature\Commands\ValidateCommand)::Validate command can run" class="Hyde\Framework\Testing\Feature\Commands\ValidateCommandTest" classname="Hyde.Framework.Testing.Feature.Commands.ValidateCommandTest" assertions="5" time="0.064344"/>
        <testcase name="Validate command can run with skips" file="Validate Command (Hyde\Framework\Testing\Feature\Commands\ValidateCommand)::Validate command can run with skips" class="Hyde\Framework\Testing\Feature\Commands\ValidateCommandTest" classname="Hyde.Framework.Testing.Feature.Commands.ValidateCommandTest" assertions="3" time="0.027277"/>
      </testsuite>
      <testsuite name="Hyde\Framework\Testing\Feature\Commands\VendorPublishCommandTest" file="Vendor Publish Command (Hyde\Framework\Testing\Feature\Commands\VendorPublishCommand)" tests="5" assertions="13" errors="0" failures="0" skipped="0" time="0.132984">
        <testcase name="Command prompts for provider or tag" file="Vendor Publish Command (Hyde\Framework\Testing\Feature\Commands\VendorPublishCommand)::Command prompts for provider or tag" class="Hyde\Framework\Testing\Feature\Commands\VendorPublishCommandTest" classname="Hyde.Framework.Testing.Feature.Commands.VendorPublishCommandTest" assertions="3" time="0.026963"/>
        <testcase name="Unhelpful publishers are removed" file="Vendor Publish Command (Hyde\Framework\Testing\Feature\Commands\VendorPublishCommand)::Unhelpful publishers are removed" class="Hyde\Framework\Testing\Feature\Commands\VendorPublishCommandTest" classname="Hyde.Framework.Testing.Feature.Commands.VendorPublishCommandTest" assertions="3" time="0.035227"/>
        <testcase name="Config group is renamed to be more helpful" file="Vendor Publish Command (Hyde\Framework\Testing\Feature\Commands\VendorPublishCommand)::Config group is renamed to be more helpful" class="Hyde\Framework\Testing\Feature\Commands\VendorPublishCommandTest" classname="Hyde.Framework.Testing.Feature.Commands.VendorPublishCommandTest" assertions="3" time="0.023335"/>
        <testcase name="Can select default" file="Vendor Publish Command (Hyde\Framework\Testing\Feature\Commands\VendorPublishCommand)::Can select default" class="Hyde\Framework\Testing\Feature\Commands\VendorPublishCommandTest" classname="Hyde.Framework.Testing.Feature.Commands.VendorPublishCommandTest" assertions="3" time="0.022482"/>
        <testcase name="Status method" file="Vendor Publish Command (Hyde\Framework\Testing\Feature\Commands\VendorPublishCommand)::Status method" class="Hyde\Framework\Testing\Feature\Commands\VendorPublishCommandTest" classname="Hyde.Framework.Testing.Feature.Commands.VendorPublishCommandTest" assertions="1" time="0.024977"/>
      </testsuite>
      <testsuite name="Hyde\Framework\Testing\Feature\ConfigurableFeaturesTest" file="Configurable Features (Hyde\Framework\Testing\Feature\ConfigurableFeatures)" tests="14" assertions="70" errors="0" failures="0" skipped="0" time="0.294207">
        <testcase name="Has feature returns false when feature is not enabled" file="Configurable Features (Hyde\Framework\Testing\Feature\ConfigurableFeatures)::Has feature returns false when feature is not enabled" class="Hyde\Framework\Testing\Feature\ConfigurableFeaturesTest" classname="Hyde.Framework.Testing.Feature.ConfigurableFeaturesTest" assertions="9" time="0.027299"/>
        <testcase name="Has feature returns true when feature is enabled" file="Configurable Features (Hyde\Framework\Testing\Feature\ConfigurableFeatures)::Has feature returns true when feature is enabled" class="Hyde\Framework\Testing\Feature\ConfigurableFeaturesTest" classname="Hyde.Framework.Testing.Feature.ConfigurableFeaturesTest" assertions="7" time="0.020164"/>
        <testcase name="Can generate sitemap helper returns true if hyde has base url" file="Configurable Features (Hyde\Framework\Testing\Feature\ConfigurableFeatures)::Can generate sitemap helper returns true if hyde has base url" class="Hyde\Framework\Testing\Feature\ConfigurableFeaturesTest" classname="Hyde.Framework.Testing.Feature.ConfigurableFeaturesTest" assertions="1" time="0.019463"/>
        <testcase name="Can generate sitemap helper returns false if hyde does not have base url" file="Configurable Features (Hyde\Framework\Testing\Feature\ConfigurableFeatures)::Can generate sitemap helper returns false if hyde does not have base url" class="Hyde\Framework\Testing\Feature\ConfigurableFeaturesTest" classname="Hyde.Framework.Testing.Feature.ConfigurableFeaturesTest" assertions="1" time="0.019441"/>
        <testcase name="Can generate sitemap helper returns false if sitemaps are disabled in config" file="Configurable Features (Hyde\Framework\Testing\Feature\ConfigurableFeatures)::Can generate sitemap helper returns false if sitemaps are disabled in config" class="Hyde\Framework\Testing\Feature\ConfigurableFeaturesTest" classname="Hyde.Framework.Testing.Feature.ConfigurableFeaturesTest" assertions="1" time="0.019471"/>
        <testcase name="Has theme toggle buttons returns true when darkmode enabled and config true" file="Configurable Features (Hyde\Framework\Testing\Feature\ConfigurableFeatures)::Has theme toggle buttons returns true when darkmode enabled and config true" class="Hyde\Framework\Testing\Feature\ConfigurableFeaturesTest" classname="Hyde.Framework.Testing.Feature.ConfigurableFeaturesTest" assertions="1" time="0.019385"/>
        <testcase name="Has theme toggle buttons returns false when darkmode disabled" file="Configurable Features (Hyde\Framework\Testing\Feature\ConfigurableFeatures)::Has theme toggle buttons returns false when darkmode disabled" class="Hyde\Framework\Testing\Feature\ConfigurableFeaturesTest" classname="Hyde.Framework.Testing.Feature.ConfigurableFeaturesTest" assertions="1" time="0.019401"/>
        <testcase name="Has theme toggle buttons returns false when config false" file="Configurable Features (Hyde\Framework\Testing\Feature\ConfigurableFeatures)::Has theme toggle buttons returns false when config false" class="Hyde\Framework\Testing\Feature\ConfigurableFeaturesTest" classname="Hyde.Framework.Testing.Feature.ConfigurableFeaturesTest" assertions="1" time="0.019443"/>
        <testcase name="Has theme toggle buttons returns true when darkmode enabled and config not set" file="Configurable Features (Hyde\Framework\Testing\Feature\ConfigurableFeatures)::Has theme toggle buttons returns true when darkmode enabled and config not set" class="Hyde\Framework\Testing\Feature\ConfigurableFeaturesTest" classname="Hyde.Framework.Testing.Feature.ConfigurableFeaturesTest" assertions="1" time="0.019488"/>
        <testcase name="To array method returns method array" file="Configurable Features (Hyde\Framework\Testing\Feature\ConfigurableFeatures)::To array method returns method array" class="Hyde\Framework\Testing\Feature\ConfigurableFeaturesTest" classname="Hyde.Framework.Testing.Feature.ConfigurableFeaturesTest" assertions="29" time="0.026492"/>
        <testcase name="To array method contains all settings" file="Configurable Features (Hyde\Framework\Testing\Feature\ConfigurableFeatures)::To array method contains all settings" class="Hyde\Framework\Testing\Feature\ConfigurableFeaturesTest" classname="Hyde.Framework.Testing.Feature.ConfigurableFeaturesTest" assertions="10" time="0.024740"/>
        <testcase name="Features can be mocked" file="Configurable Features (Hyde\Framework\Testing\Feature\ConfigurableFeatures)::Features can be mocked" class="Hyde\Framework\Testing\Feature\ConfigurableFeaturesTest" classname="Hyde.Framework.Testing.Feature.ConfigurableFeaturesTest" assertions="2" time="0.019336"/>
        <testcase name="Dynamic features can be mocked" file="Configurable Features (Hyde\Framework\Testing\Feature\ConfigurableFeatures)::Dynamic features can be mocked" class="Hyde\Framework\Testing\Feature\ConfigurableFeaturesTest" classname="Hyde.Framework.Testing.Feature.ConfigurableFeaturesTest" assertions="2" time="0.019652"/>
        <testcase name="Multiple features can be mocked" file="Configurable Features (Hyde\Framework\Testing\Feature\ConfigurableFeatures)::Multiple features can be mocked" class="Hyde\Framework\Testing\Feature\ConfigurableFeaturesTest" classname="Hyde.Framework.Testing.Feature.ConfigurableFeaturesTest" assertions="4" time="0.020434"/>
      </testsuite>
      <testsuite name="Hyde\Framework\Testing\Feature\ConfigurableSourceRootsFeatureTest" file="Configurable Source Roots Feature (Hyde\Framework\Testing\Feature\ConfigurableSourceRootsFeature)" tests="4" assertions="5" errors="0" failures="0" skipped="0" time="0.127455">
        <testcase name="Default config value is empty string" file="Configurable Source Roots Feature (Hyde\Framework\Testing\Feature\ConfigurableSourceRootsFeature)::Default config value is empty string" class="Hyde\Framework\Testing\Feature\ConfigurableSourceRootsFeatureTest" classname="Hyde.Framework.Testing.Feature.ConfigurableSourceRootsFeatureTest" assertions="1" time="0.040435"/>
        <testcase name="Files in custom source root can be discovered" file="Configurable Source Roots Feature (Hyde\Framework\Testing\Feature\ConfigurableSourceRootsFeature)::Files in custom source root can be discovered" class="Hyde\Framework\Testing\Feature\ConfigurableSourceRootsFeatureTest" classname="Hyde.Framework.Testing.Feature.ConfigurableSourceRootsFeatureTest" assertions="2" time="0.024264"/>
        <testcase name="Files in custom source root can be compiled" file="Configurable Source Roots Feature (Hyde\Framework\Testing\Feature\ConfigurableSourceRootsFeature)::Files in custom source root can be compiled" class="Hyde\Framework\Testing\Feature\ConfigurableSourceRootsFeatureTest" classname="Hyde.Framework.Testing.Feature.ConfigurableSourceRootsFeatureTest" assertions="1" time="0.042626"/>
        <testcase name="Hyde page path method supports custom source roots" file="Configurable Source Roots Feature (Hyde\Framework\Testing\Feature\ConfigurableSourceRootsFeature)::Hyde page path method supports custom source roots" class="Hyde\Framework\Testing\Feature\ConfigurableSourceRootsFeatureTest" classname="Hyde.Framework.Testing.Feature.ConfigurableSourceRootsFeatureTest" assertions="1" time="0.020131"/>
      </testsuite>
      <testsuite name="Hyde\Framework\Testing\Feature\ConsoleKernelTest" file="Console Kernel (Hyde\Framework\Testing\Feature\ConsoleKernel)" tests="3" assertions="5" errors="0" failures="0" skipped="0" time="0.076536">
        <testcase name="Is instantiable" file="Console Kernel (Hyde\Framework\Testing\Feature\ConsoleKernel)::Is instantiable" class="Hyde\Framework\Testing\Feature\ConsoleKernelTest" classname="Hyde.Framework.Testing.Feature.ConsoleKernelTest" assertions="1" time="0.025308"/>
        <testcase name="Class implements kernel interface" file="Console Kernel (Hyde\Framework\Testing\Feature\ConsoleKernel)::Class implements kernel interface" class="Hyde\Framework\Testing\Feature\ConsoleKernelTest" classname="Hyde.Framework.Testing.Feature.ConsoleKernelTest" assertions="1" time="0.019428"/>
        <testcase name="Bootstrappers" file="Console Kernel (Hyde\Framework\Testing\Feature\ConsoleKernel)::Bootstrappers" class="Hyde\Framework\Testing\Feature\ConsoleKernelTest" classname="Hyde.Framework.Testing.Feature.ConsoleKernelTest" assertions="3" time="0.031801"/>
      </testsuite>
      <testsuite name="Hyde\Framework\Testing\Feature\ConvertsArrayToFrontMatterTest" file="Converts Array To Front Matter (Hyde\Framework\Testing\Feature\ConvertsArrayToFrontMatter)" tests="2" assertions="2" errors="0" failures="0" skipped="0" time="0.044385">
        <testcase name="Action converts an array to front matter" file="Converts Array To Front Matter (Hyde\Framework\Testing\Feature\ConvertsArrayToFrontMatter)::Action converts an array to front matter" class="Hyde\Framework\Testing\Feature\ConvertsArrayToFrontMatterTest" classname="Hyde.Framework.Testing.Feature.ConvertsArrayToFrontMatterTest" assertions="1" time="0.025086"/>
        <testcase name="Action returns empty string if array is empty" file="Converts Array To Front Matter (Hyde\Framework\Testing\Feature\ConvertsArrayToFrontMatter)::Action returns empty string if array is empty" class="Hyde\Framework\Testing\Feature\ConvertsArrayToFrontMatterTest" classname="Hyde.Framework.Testing.Feature.ConvertsArrayToFrontMatterTest" assertions="1" time="0.019299"/>
      </testsuite>
      <testsuite name="Hyde\Framework\Testing\Feature\DarkmodeFeatureTest" file="Darkmode Feature (Hyde\Framework\Testing\Feature\DarkmodeFeature)" tests="7" assertions="14" errors="0" failures="0" skipped="0" time="0.208278">
        <testcase name="Has darkmode" file="Darkmode Feature (Hyde\Framework\Testing\Feature\DarkmodeFeature)::Has darkmode" class="Hyde\Framework\Testing\Feature\DarkmodeFeatureTest" classname="Hyde.Framework.Testing.Feature.DarkmodeFeatureTest" assertions="2" time="0.024862"/>
        <testcase name="Layout has toggle button and script when enabled" file="Darkmode Feature (Hyde\Framework\Testing\Feature\DarkmodeFeature)::Layout has toggle button and script when enabled" class="Hyde\Framework\Testing\Feature\DarkmodeFeatureTest" classname="Hyde.Framework.Testing.Feature.DarkmodeFeatureTest" assertions="2" time="0.031548"/>
        <testcase name="Documentation page has toggle button and script when enabled" file="Darkmode Feature (Hyde\Framework\Testing\Feature\DarkmodeFeature)::Documentation page has toggle button and script when enabled" class="Hyde\Framework\Testing\Feature\DarkmodeFeatureTest" classname="Hyde.Framework.Testing.Feature.DarkmodeFeatureTest" assertions="2" time="0.029595"/>
        <testcase name="Dark mode theme button is hidden in layouts when disabled" file="Darkmode Feature (Hyde\Framework\Testing\Feature\DarkmodeFeature)::Dark mode theme button is hidden in layouts when disabled" class="Hyde\Framework\Testing\Feature\DarkmodeFeatureTest" classname="Hyde.Framework.Testing.Feature.DarkmodeFeatureTest" assertions="2" time="0.030141"/>
        <testcase name="Dark mode theme button is hidden in documentation pages when disabled" file="Darkmode Feature (Hyde\Framework\Testing\Feature\DarkmodeFeature)::Dark mode theme button is hidden in documentation pages when disabled" class="Hyde\Framework\Testing\Feature\DarkmodeFeatureTest" classname="Hyde.Framework.Testing.Feature.DarkmodeFeatureTest" assertions="2" time="0.029580"/>
        <testcase name="Dark mode theme button is hidden when theme toggle is disabled" file="Darkmode Feature (Hyde\Framework\Testing\Feature\DarkmodeFeature)::Dark mode theme button is hidden when theme toggle is disabled" class="Hyde\Framework\Testing\Feature\DarkmodeFeatureTest" classname="Hyde.Framework.Testing.Feature.DarkmodeFeatureTest" assertions="2" time="0.030507"/>
        <testcase name="Dark mode theme button is hidden from documentation pages when theme toggle is disabled" file="Darkmode Feature (Hyde\Framework\Testing\Feature\DarkmodeFeature)::Dark mode theme button is hidden from documentation pages when theme toggle is disabled" class="Hyde\Framework\Testing\Feature\DarkmodeFeatureTest" classname="Hyde.Framework.Testing.Feature.DarkmodeFeatureTest" assertions="2" time="0.032045"/>
      </testsuite>
      <testsuite name="Hyde\Framework\Testing\Feature\DataCollectionTest" file="Data Collection (Hyde\Framework\Testing\Feature\DataCollection)" tests="15" assertions="19" errors="0" failures="0" skipped="0" time="0.341791">
        <testcase name="Markdown collections" file="Data Collection (Hyde\Framework\Testing\Feature\DataCollection)::Markdown collections" class="Hyde\Framework\Testing\Feature\DataCollectionTest" classname="Hyde.Framework.Testing.Feature.DataCollectionTest" assertions="1" time="0.031279"/>
        <testcase name="Yaml collections" file="Data Collection (Hyde\Framework\Testing\Feature\DataCollection)::Yaml collections" class="Hyde\Framework\Testing\Feature\DataCollectionTest" classname="Hyde.Framework.Testing.Feature.DataCollectionTest" assertions="1" time="0.021913"/>
        <testcase name="Json collections" file="Data Collection (Hyde\Framework\Testing\Feature\DataCollection)::Json collections" class="Hyde\Framework\Testing\Feature\DataCollectionTest" classname="Hyde.Framework.Testing.Feature.DataCollectionTest" assertions="1" time="0.021626"/>
        <testcase name="Json collections as arrays" file="Data Collection (Hyde\Framework\Testing\Feature\DataCollection)::Json collections as arrays" class="Hyde\Framework\Testing\Feature\DataCollectionTest" classname="Hyde.Framework.Testing.Feature.DataCollectionTest" assertions="1" time="0.021682"/>
        <testcase name="Find markdown files method returns empty array if the specified directory does not exist" file="Data Collection (Hyde\Framework\Testing\Feature\DataCollection)::Find markdown files method returns empty array if the specified directory does not exist" class="Hyde\Framework\Testing\Feature\DataCollectionTest" classname="Hyde.Framework.Testing.Feature.DataCollectionTest" assertions="2" time="0.020480"/>
        <testcase name="Find markdown files method returns empty array if no files are found in specified directory" file="Data Collection (Hyde\Framework\Testing\Feature\DataCollection)::Find markdown files method returns empty array if no files are found in specified directory" class="Hyde\Framework\Testing\Feature\DataCollectionTest" classname="Hyde.Framework.Testing.Feature.DataCollectionTest" assertions="2" time="0.020886"/>
        <testcase name="Find markdown files method returns an array of markdown files in the specified directory" file="Data Collection (Hyde\Framework\Testing\Feature\DataCollection)::Find markdown files method returns an array of markdown files in the specified directory" class="Hyde\Framework\Testing\Feature\DataCollectionTest" classname="Hyde.Framework.Testing.Feature.DataCollectionTest" assertions="1" time="0.021777"/>
        <testcase name="Find markdown files method does not include files in subdirectories" file="Data Collection (Hyde\Framework\Testing\Feature\DataCollection)::Find markdown files method does not include files in subdirectories" class="Hyde\Framework\Testing\Feature\DataCollectionTest" classname="Hyde.Framework.Testing.Feature.DataCollectionTest" assertions="1" time="0.021786"/>
        <testcase name="Find markdown files method does not include files with extensions other than md" file="Data Collection (Hyde\Framework\Testing\Feature\DataCollection)::Find markdown files method does not include files with extensions other than md" class="Hyde\Framework\Testing\Feature\DataCollectionTest" classname="Hyde.Framework.Testing.Feature.DataCollectionTest" assertions="1" time="0.021420"/>
        <testcase name="Find markdown files method does not remove files starting with an underscore" file="Data Collection (Hyde\Framework\Testing\Feature\DataCollection)::Find markdown files method does not remove files starting with an underscore" class="Hyde\Framework\Testing\Feature\DataCollectionTest" classname="Hyde.Framework.Testing.Feature.DataCollectionTest" assertions="1" time="0.021105"/>
        <testcase name="Static markdown helper discovers and parses markdown files in the specified directory" file="Data Collection (Hyde\Framework\Testing\Feature\DataCollection)::Static markdown helper discovers and parses markdown files in the specified directory" class="Hyde\Framework\Testing\Feature\DataCollectionTest" classname="Hyde.Framework.Testing.Feature.DataCollectionTest" assertions="1" time="0.021956"/>
        <testcase name="Static markdown helper doest not ignore files starting with an underscore" file="Data Collection (Hyde\Framework\Testing\Feature\DataCollection)::Static markdown helper doest not ignore files starting with an underscore" class="Hyde\Framework\Testing\Feature\DataCollectionTest" classname="Hyde.Framework.Testing.Feature.DataCollectionTest" assertions="1" time="0.021445"/>
        <testcase name="Source directory can be changed" file="Data Collection (Hyde\Framework\Testing\Feature\DataCollection)::Source directory can be changed" class="Hyde\Framework\Testing\Feature\DataCollectionTest" classname="Hyde.Framework.Testing.Feature.DataCollectionTest" assertions="1" time="0.021122"/>
        <testcase name="Source directory is automatically added if missing" file="Data Collection (Hyde\Framework\Testing\Feature\DataCollection)::Source directory is automatically added if missing" class="Hyde\Framework\Testing\Feature\DataCollectionTest" classname="Hyde.Framework.Testing.Feature.DataCollectionTest" assertions="2" time="0.020836"/>
        <testcase name="Custom source directory is automatically added if missing" file="Data Collection (Hyde\Framework\Testing\Feature\DataCollection)::Custom source directory is automatically added if missing" class="Hyde\Framework\Testing\Feature\DataCollectionTest" classname="Hyde.Framework.Testing.Feature.DataCollectionTest" assertions="2" time="0.032478"/>
      </testsuite>
      <testsuite name="Hyde\Framework\Testing\Feature\DiscoveryServiceTest" file="Discovery Service (Hyde\Framework\Testing\Feature\DiscoveryService)" tests="18" assertions="38" errors="0" failures="0" skipped="0" time="0.109851">
        <testcase name="Get source file list for model method finds default model properties" file="Discovery Service (Hyde\Framework\Testing\Feature\DiscoveryService)::Get source file list for model method finds default model properties" class="Hyde\Framework\Testing\Feature\DiscoveryServiceTest" classname="Hyde.Framework.Testing.Feature.DiscoveryServiceTest" assertions="1" time="0.028798"/>
        <testcase name="Get source file list for model method finds customized source directory" file="Discovery Service (Hyde\Framework\Testing\Feature\DiscoveryService)::Get source file list for model method finds customized source directory" class="Hyde\Framework\Testing\Feature\DiscoveryServiceTest" classname="Hyde.Framework.Testing.Feature.DiscoveryServiceTest" assertions="1" time="0.007271"/>
        <testcase name="Get source file list for model method finds customized file extension" file="Discovery Service (Hyde\Framework\Testing\Feature\DiscoveryService)::Get source file list for model method finds customized file extension" class="Hyde\Framework\Testing\Feature\DiscoveryServiceTest" classname="Hyde.Framework.Testing.Feature.DiscoveryServiceTest" assertions="1" time="0.007418"/>
        <testcase name="Get media asset files" file="Discovery Service (Hyde\Framework\Testing\Feature\DiscoveryService)::Get media asset files" class="Hyde\Framework\Testing\Feature\DiscoveryServiceTest" classname="Hyde.Framework.Testing.Feature.DiscoveryServiceTest" assertions="1" time="0.003049"/>
        <testcase name="Get media asset files discovers files" file="Discovery Service (Hyde\Framework\Testing\Feature\DiscoveryService)::Get media asset files discovers files" class="Hyde\Framework\Testing\Feature\DiscoveryServiceTest" classname="Hyde.Framework.Testing.Feature.DiscoveryServiceTest" assertions="8" time="0.008591"/>
        <testcase name="Get media asset files discovers custom file types" file="Discovery Service (Hyde\Framework\Testing\Feature\DiscoveryService)::Get media asset files discovers custom file types" class="Hyde\Framework\Testing\Feature\DiscoveryServiceTest" classname="Hyde.Framework.Testing.Feature.DiscoveryServiceTest" assertions="2" time="0.003577"/>
        <testcase name="Get media asset files discovers files recursively" file="Discovery Service (Hyde\Framework\Testing\Feature\DiscoveryService)::Get media asset files discovers files recursively" class="Hyde\Framework\Testing\Feature\DiscoveryServiceTest" classname="Hyde.Framework.Testing.Feature.DiscoveryServiceTest" assertions="1" time="0.003781"/>
        <testcase name="Get media asset files discovers files very recursively" file="Discovery Service (Hyde\Framework\Testing\Feature\DiscoveryService)::Get media asset files discovers files very recursively" class="Hyde\Framework\Testing\Feature\DiscoveryServiceTest" classname="Hyde.Framework.Testing.Feature.DiscoveryServiceTest" assertions="1" time="0.003910"/>
        <testcase name="Media asset extensions can be added by comma separated values" file="Discovery Service (Hyde\Framework\Testing\Feature\DiscoveryService)::Media asset extensions can be added by comma separated values" class="Hyde\Framework\Testing\Feature\DiscoveryServiceTest" classname="Hyde.Framework.Testing.Feature.DiscoveryServiceTest" assertions="2" time="0.003778"/>
        <testcase name="Media asset extensions can be added by array" file="Discovery Service (Hyde\Framework\Testing\Feature\DiscoveryService)::Media asset extensions can be added by array" class="Hyde\Framework\Testing\Feature\DiscoveryServiceTest" classname="Hyde.Framework.Testing.Feature.DiscoveryServiceTest" assertions="2" time="0.003682"/>
        <testcase name="Blade page files starting with underscore are ignored" file="Discovery Service (Hyde\Framework\Testing\Feature\DiscoveryService)::Blade page files starting with underscore are ignored" class="Hyde\Framework\Testing\Feature\DiscoveryServiceTest" classname="Hyde.Framework.Testing.Feature.DiscoveryServiceTest" assertions="1" time="0.006272"/>
        <testcase name="Markdown page files starting with underscore are ignored" file="Discovery Service (Hyde\Framework\Testing\Feature\DiscoveryService)::Markdown page files starting with underscore are ignored" class="Hyde\Framework\Testing\Feature\DiscoveryServiceTest" classname="Hyde.Framework.Testing.Feature.DiscoveryServiceTest" assertions="1" time="0.006064"/>
        <testcase name="Post files starting with underscore are ignored" file="Discovery Service (Hyde\Framework\Testing\Feature\DiscoveryService)::Post files starting with underscore are ignored" class="Hyde\Framework\Testing\Feature\DiscoveryServiceTest" classname="Hyde.Framework.Testing.Feature.DiscoveryServiceTest" assertions="1" time="0.006093"/>
        <testcase name="Documentation page files starting with underscore are ignored" file="Discovery Service (Hyde\Framework\Testing\Feature\DiscoveryService)::Documentation page files starting with underscore are ignored" class="Hyde\Framework\Testing\Feature\DiscoveryServiceTest" classname="Hyde.Framework.Testing.Feature.DiscoveryServiceTest" assertions="1" time="0.006107"/>
        <testcase name="Blade page path to identifier helper formats path to identifier" file="Discovery Service (Hyde\Framework\Testing\Feature\DiscoveryService)::Blade page path to identifier helper formats path to identifier" class="Hyde\Framework\Testing\Feature\DiscoveryServiceTest" classname="Hyde.Framework.Testing.Feature.DiscoveryServiceTest" assertions="5" time="0.003079"/>
        <testcase name="Markdown page path to identifier helper formats path to identifier" file="Discovery Service (Hyde\Framework\Testing\Feature\DiscoveryService)::Markdown page path to identifier helper formats path to identifier" class="Hyde\Framework\Testing\Feature\DiscoveryServiceTest" classname="Hyde.Framework.Testing.Feature.DiscoveryServiceTest" assertions="3" time="0.002780"/>
        <testcase name="Markdown post path to identifier helper formats path to identifier" file="Discovery Service (Hyde\Framework\Testing\Feature\DiscoveryService)::Markdown post path to identifier helper formats path to identifier" class="Hyde\Framework\Testing\Feature\DiscoveryServiceTest" classname="Hyde.Framework.Testing.Feature.DiscoveryServiceTest" assertions="3" time="0.002804"/>
        <testcase name="Documentation page path to identifier helper formats path to identifier" file="Discovery Service (Hyde\Framework\Testing\Feature\DiscoveryService)::Documentation page path to identifier helper formats path to identifier" class="Hyde\Framework\Testing\Feature\DiscoveryServiceTest" classname="Hyde.Framework.Testing.Feature.DiscoveryServiceTest" assertions="3" time="0.002799"/>
      </testsuite>
      <testsuite name="Hyde\Framework\Testing\Feature\DocumentationSearchPageTest" file="Documentation Search Page (Hyde\Framework\Testing\Feature\DocumentationSearchPage)" tests="9" assertions="9" errors="0" failures="0" skipped="0" time="0.215620">
        <testcase name="Can create documentation search page instance" file="Documentation Search Page (Hyde\Framework\Testing\Feature\DocumentationSearchPage)::Can create documentation search page instance" class="Hyde\Framework\Testing\Feature\DocumentationSearchPageTest" classname="Hyde.Framework.Testing.Feature.DocumentationSearchPageTest" assertions="1" time="0.042509"/>
        <testcase name="Route key is set to documentation output directory" file="Documentation Search Page (Hyde\Framework\Testing\Feature\DocumentationSearchPage)::Route key is set to documentation output directory" class="Hyde\Framework\Testing\Feature\DocumentationSearchPageTest" classname="Hyde.Framework.Testing.Feature.DocumentationSearchPageTest" assertions="1" time="0.024008"/>
        <testcase name="Route key is set to configured documentation output directory" file="Documentation Search Page (Hyde\Framework\Testing\Feature\DocumentationSearchPage)::Route key is set to configured documentation output directory" class="Hyde\Framework\Testing\Feature\DocumentationSearchPageTest" classname="Hyde.Framework.Testing.Feature.DocumentationSearchPageTest" assertions="1" time="0.020580"/>
        <testcase name="Enabled defaults to true" file="Documentation Search Page (Hyde\Framework\Testing\Feature\DocumentationSearchPage)::Enabled defaults to true" class="Hyde\Framework\Testing\Feature\DocumentationSearchPageTest" classname="Hyde.Framework.Testing.Feature.DocumentationSearchPageTest" assertions="1" time="0.023266"/>
        <testcase name="Enabled is false when disabled" file="Documentation Search Page (Hyde\Framework\Testing\Feature\DocumentationSearchPage)::Enabled is false when disabled" class="Hyde\Framework\Testing\Feature\DocumentationSearchPageTest" classname="Hyde.Framework.Testing.Feature.DocumentationSearchPageTest" assertions="1" time="0.019202"/>
        <testcase name="Enabled is false when route exists" file="Documentation Search Page (Hyde\Framework\Testing\Feature\DocumentationSearchPage)::Enabled is false when route exists" class="Hyde\Framework\Testing\Feature\DocumentationSearchPageTest" classname="Hyde.Framework.Testing.Feature.DocumentationSearchPageTest" assertions="1" time="0.023870"/>
        <testcase name="Enabled is false when disabled and route exists" file="Documentation Search Page (Hyde\Framework\Testing\Feature\DocumentationSearchPage)::Enabled is false when disabled and route exists" class="Hyde\Framework\Testing\Feature\DocumentationSearchPageTest" classname="Hyde.Framework.Testing.Feature.DocumentationSearchPageTest" assertions="1" time="0.023624"/>
        <testcase name="Static route key helper" file="Documentation Search Page (Hyde\Framework\Testing\Feature\DocumentationSearchPage)::Static route key helper" class="Hyde\Framework\Testing\Feature\DocumentationSearchPageTest" classname="Hyde.Framework.Testing.Feature.DocumentationSearchPageTest" assertions="1" time="0.019119"/>
        <testcase name="Static route key helper with custom output directory" file="Documentation Search Page (Hyde\Framework\Testing\Feature\DocumentationSearchPage)::Static route key helper with custom output directory" class="Hyde\Framework\Testing\Feature\DocumentationSearchPageTest" classname="Hyde.Framework.Testing.Feature.DocumentationSearchPageTest" assertions="1" time="0.019442"/>
      </testsuite>
      <testsuite name="Hyde\Framework\Testing\Feature\ExampleTest" file="Example (Hyde\Framework\Testing\Feature\Example)" tests="1" assertions="1" errors="0" failures="0" skipped="0" time="0.032599">
        <testcase name="Example" file="Example (Hyde\Framework\Testing\Feature\Example)::Example" class="Hyde\Framework\Testing\Feature\ExampleTest" classname="Hyde.Framework.Testing.Feature.ExampleTest" assertions="1" time="0.032599"/>
      </testsuite>
      <testsuite name="Hyde\Framework\Testing\Feature\FeaturedImageFactoryTest" file="Featured Image Factory (Hyde\Framework\Testing\Feature\FeaturedImageFactory)" tests="8" assertions="27" errors="0" failures="0" skipped="0" time="0.164053">
        <testcase name="With data from schema" file="Featured Image Factory (Hyde\Framework\Testing\Feature\FeaturedImageFactory)::With data from schema" class="Hyde\Framework\Testing\Feature\FeaturedImageFactoryTest" classname="Hyde.Framework.Testing.Feature.FeaturedImageFactoryTest" assertions="1" time="0.021485"/>
        <testcase name="Make method creates image when path is set" file="Featured Image Factory (Hyde\Framework\Testing\Feature\FeaturedImageFactory)::Make method creates image when path is set" class="Hyde\Framework\Testing\Feature\FeaturedImageFactoryTest" classname="Hyde.Framework.Testing.Feature.FeaturedImageFactoryTest" assertions="2" time="0.019888"/>
        <testcase name="Make method throws exception if no path information is set" file="Featured Image Factory (Hyde\Framework\Testing\Feature\FeaturedImageFactory)::Make method throws exception if no path information is set" class="Hyde\Framework\Testing\Feature\FeaturedImageFactoryTest" classname="Hyde.Framework.Testing.Feature.FeaturedImageFactoryTest" assertions="2" time="0.019514"/>
        <testcase name="Make method can create image from just string" file="Featured Image Factory (Hyde\Framework\Testing\Feature\FeaturedImageFactory)::Make method can create image from just string" class="Hyde\Framework\Testing\Feature\FeaturedImageFactoryTest" classname="Hyde.Framework.Testing.Feature.FeaturedImageFactoryTest" assertions="2" time="0.019970"/>
        <testcase name="Make method can create image from just string with url" file="Featured Image Factory (Hyde\Framework\Testing\Feature\FeaturedImageFactory)::Make method can create image from just string with url" class="Hyde\Framework\Testing\Feature\FeaturedImageFactoryTest" classname="Hyde.Framework.Testing.Feature.FeaturedImageFactoryTest" assertions="2" time="0.019581"/>
        <testcase name="Image paths are normalized" file="Featured Image Factory (Hyde\Framework\Testing\Feature\FeaturedImageFactory)::Image paths are normalized" class="Hyde\Framework\Testing\Feature\FeaturedImageFactoryTest" classname="Hyde.Framework.Testing.Feature.FeaturedImageFactoryTest" assertions="6" time="0.021149"/>
        <testcase name="Image paths are normalized for customized media directory" file="Featured Image Factory (Hyde\Framework\Testing\Feature\FeaturedImageFactory)::Image paths are normalized for customized media directory" class="Hyde\Framework\Testing\Feature\FeaturedImageFactoryTest" classname="Hyde.Framework.Testing.Feature.FeaturedImageFactoryTest" assertions="6" time="0.021184"/>
        <testcase name="Image paths are normalized for customized media directory without underscore" file="Featured Image Factory (Hyde\Framework\Testing\Feature\FeaturedImageFactory)::Image paths are normalized for customized media directory without underscore" class="Hyde\Framework\Testing\Feature\FeaturedImageFactoryTest" classname="Hyde.Framework.Testing.Feature.FeaturedImageFactoryTest" assertions="6" time="0.021281"/>
      </testsuite>
      <testsuite name="Hyde\Framework\Testing\Feature\FeaturedImageTest" file="Featured Image (Hyde\Framework\Testing\Feature\FeaturedImage)" tests="7" assertions="19" errors="0" failures="0" skipped="0" time="0.177357">
        <testcase name="Get metadata array" file="Featured Image (Hyde\Framework\Testing\Feature\FeaturedImage)::Get metadata array" class="Hyde\Framework\Testing\Feature\FeaturedImageTest" classname="Hyde.Framework.Testing.Feature.FeaturedImageTest" assertions="4" time="0.031585"/>
        <testcase name="Can construct featured image" file="Featured Image (Hyde\Framework\Testing\Feature\FeaturedImage)::Can construct featured image" class="Hyde\Framework\Testing\Feature\FeaturedImageTest" classname="Hyde.Framework.Testing.Feature.FeaturedImageTest" assertions="2" time="0.019673"/>
        <testcase name="Featured image get content length" file="Featured Image (Hyde\Framework\Testing\Feature\FeaturedImage)::Featured image get content length" class="Hyde\Framework\Testing\Feature\FeaturedImageTest" classname="Hyde.Framework.Testing.Feature.FeaturedImageTest" assertions="1" time="0.020114"/>
        <testcase name="Featured image get content length with remote source" file="Featured Image (Hyde\Framework\Testing\Feature\FeaturedImage)::Featured image get content length with remote source" class="Hyde\Framework\Testing\Feature\FeaturedImageTest" classname="Hyde.Framework.Testing.Feature.FeaturedImageTest" assertions="1" time="0.043251"/>
        <testcase name="Featured image get content length with remote source and not found response" file="Featured Image (Hyde\Framework\Testing\Feature\FeaturedImage)::Featured image get content length with remote source and not found response" class="Hyde\Framework\Testing\Feature\FeaturedImageTest" classname="Hyde.Framework.Testing.Feature.FeaturedImageTest" assertions="1" time="0.020846"/>
        <testcase name="Featured image get content length with remote source and invalid response" file="Featured Image (Hyde\Framework\Testing\Feature\FeaturedImage)::Featured image get content length with remote source and invalid response" class="Hyde\Framework\Testing\Feature\FeaturedImageTest" classname="Hyde.Framework.Testing.Feature.FeaturedImageTest" assertions="1" time="0.020166"/>
        <testcase name="Get source method" file="Featured Image (Hyde\Framework\Testing\Feature\FeaturedImage)::Get source method" class="Hyde\Framework\Testing\Feature\FeaturedImageTest" classname="Hyde.Framework.Testing.Feature.FeaturedImageTest" assertions="9" time="0.021722"/>
      </testsuite>
      <testsuite name="Hyde\Framework\Testing\Feature\FileCollectionTest" file="File Collection (Hyde\Framework\Testing\Feature\FileCollection)" tests="9" assertions="16" errors="0" failures="0" skipped="0" time="0.209953">
        <testcase name="Boot method creates new page collection and discovers pages automatically" file="File Collection (Hyde\Framework\Testing\Feature\FileCollection)::Boot method creates new page collection and discovers pages automatically" class="Hyde\Framework\Testing\Feature\FileCollectionTest" classname="Hyde.Framework.Testing.Feature.FileCollectionTest" assertions="3" time="0.030931"/>
        <testcase name="Get file returns parsed file object for given file path" file="File Collection (Hyde\Framework\Testing\Feature\FileCollection)::Get file returns parsed file object for given file path" class="Hyde\Framework\Testing\Feature\FileCollectionTest" classname="Hyde.Framework.Testing.Feature.FileCollectionTest" assertions="1" time="0.024855"/>
        <testcase name="Get file throws exception when file is not found" file="File Collection (Hyde\Framework\Testing\Feature\FileCollection)::Get file throws exception when file is not found" class="Hyde\Framework\Testing\Feature\FileCollectionTest" classname="Hyde.Framework.Testing.Feature.FileCollectionTest" assertions="2" time="0.023539"/>
        <testcase name="Get source files returns all discovered source files when no parameter is supplied" file="File Collection (Hyde\Framework\Testing\Feature\FileCollection)::Get source files returns all discovered source files when no parameter is supplied" class="Hyde\Framework\Testing\Feature\FileCollectionTest" classname="Hyde.Framework.Testing.Feature.FileCollectionTest" assertions="1" time="0.023438"/>
        <testcase name="Get source files does not include non page source files" file="File Collection (Hyde\Framework\Testing\Feature\FileCollection)::Get source files does not include non page source files" class="Hyde\Framework\Testing\Feature\FileCollectionTest" classname="Hyde.Framework.Testing.Feature.FileCollectionTest" assertions="1" time="0.021898"/>
        <testcase name="Blade pages are discovered" file="File Collection (Hyde\Framework\Testing\Feature\FileCollection)::Blade pages are discovered" class="Hyde\Framework\Testing\Feature\FileCollectionTest" classname="Hyde.Framework.Testing.Feature.FileCollectionTest" assertions="2" time="0.021268"/>
        <testcase name="Markdown pages are discovered" file="File Collection (Hyde\Framework\Testing\Feature\FileCollection)::Markdown pages are discovered" class="Hyde\Framework\Testing\Feature\FileCollectionTest" classname="Hyde.Framework.Testing.Feature.FileCollectionTest" assertions="2" time="0.021307"/>
        <testcase name="Markdown posts are discovered" file="File Collection (Hyde\Framework\Testing\Feature\FileCollection)::Markdown posts are discovered" class="Hyde\Framework\Testing\Feature\FileCollectionTest" classname="Hyde.Framework.Testing.Feature.FileCollectionTest" assertions="2" time="0.021283"/>
        <testcase name="Documentation pages are discovered" file="File Collection (Hyde\Framework\Testing\Feature\FileCollection)::Documentation pages are discovered" class="Hyde\Framework\Testing\Feature\FileCollectionTest" classname="Hyde.Framework.Testing.Feature.FileCollectionTest" assertions="2" time="0.021436"/>
      </testsuite>
      <testsuite name="Hyde\Framework\Testing\Feature\FilesystemFacadeTest" file="Filesystem Facade (Hyde\Framework\Testing\Feature\FilesystemFacade)" tests="59" assertions="67" errors="0" failures="0" skipped="0" time="1.220098">
        <testcase name="Base path" file="Filesystem Facade (Hyde\Framework\Testing\Feature\FilesystemFacade)::Base path" class="Hyde\Framework\Testing\Feature\FilesystemFacadeTest" classname="Hyde.Framework.Testing.Feature.FilesystemFacadeTest" assertions="1" time="0.031893"/>
        <testcase name="Absolute path" file="Filesystem Facade (Hyde\Framework\Testing\Feature\FilesystemFacade)::Absolute path" class="Hyde\Framework\Testing\Feature\FilesystemFacadeTest" classname="Hyde.Framework.Testing.Feature.FilesystemFacadeTest" assertions="2" time="0.020290"/>
        <testcase name="Relative path" file="Filesystem Facade (Hyde\Framework\Testing\Feature\FilesystemFacade)::Relative path" class="Hyde\Framework\Testing\Feature\FilesystemFacadeTest" classname="Hyde.Framework.Testing.Feature.FilesystemFacadeTest" assertions="3" time="0.019801"/>
        <testcase name="Smart glob" file="Filesystem Facade (Hyde\Framework\Testing\Feature\FilesystemFacade)::Smart glob" class="Hyde\Framework\Testing\Feature\FilesystemFacadeTest" classname="Hyde.Framework.Testing.Feature.FilesystemFacadeTest" assertions="3" time="0.020643"/>
        <testcase name="Touch" file="Filesystem Facade (Hyde\Framework\Testing\Feature\FilesystemFacade)::Touch" class="Hyde\Framework\Testing\Feature\FilesystemFacadeTest" classname="Hyde.Framework.Testing.Feature.FilesystemFacadeTest" assertions="1" time="0.019877"/>
        <testcase name="Unlink" file="Filesystem Facade (Hyde\Framework\Testing\Feature\FilesystemFacade)::Unlink" class="Hyde\Framework\Testing\Feature\FilesystemFacadeTest" classname="Hyde.Framework.Testing.Feature.FilesystemFacadeTest" assertions="1" time="0.019826"/>
        <testcase name="Unlink if exists" file="Filesystem Facade (Hyde\Framework\Testing\Feature\FilesystemFacade)::Unlink if exists" class="Hyde\Framework\Testing\Feature\FilesystemFacadeTest" classname="Hyde.Framework.Testing.Feature.FilesystemFacadeTest" assertions="1" time="0.020033"/>
        <testcase name="Get contents" file="Filesystem Facade (Hyde\Framework\Testing\Feature\FilesystemFacade)::Get contents" class="Hyde\Framework\Testing\Feature\FilesystemFacadeTest" classname="Hyde.Framework.Testing.Feature.FilesystemFacadeTest" assertions="1" time="0.020326"/>
        <testcase name="Put contents" file="Filesystem Facade (Hyde\Framework\Testing\Feature\FilesystemFacade)::Put contents" class="Hyde\Framework\Testing\Feature\FilesystemFacadeTest" classname="Hyde.Framework.Testing.Feature.FilesystemFacadeTest" assertions="1" time="0.022345"/>
        <testcase name="Exists" file="Filesystem Facade (Hyde\Framework\Testing\Feature\FilesystemFacade)::Exists" class="Hyde\Framework\Testing\Feature\FilesystemFacadeTest" classname="Hyde.Framework.Testing.Feature.FilesystemFacadeTest" assertions="1" time="0.019981"/>
        <testcase name="Missing" file="Filesystem Facade (Hyde\Framework\Testing\Feature\FilesystemFacade)::Missing" class="Hyde\Framework\Testing\Feature\FilesystemFacadeTest" classname="Hyde.Framework.Testing.Feature.FilesystemFacadeTest" assertions="1" time="0.019862"/>
        <testcase name="Get" file="Filesystem Facade (Hyde\Framework\Testing\Feature\FilesystemFacade)::Get" class="Hyde\Framework\Testing\Feature\FilesystemFacadeTest" classname="Hyde.Framework.Testing.Feature.FilesystemFacadeTest" assertions="1" time="0.019796"/>
        <testcase name="Shared get" file="Filesystem Facade (Hyde\Framework\Testing\Feature\FilesystemFacade)::Shared get" class="Hyde\Framework\Testing\Feature\FilesystemFacadeTest" classname="Hyde.Framework.Testing.Feature.FilesystemFacadeTest" assertions="1" time="0.019777"/>
        <testcase name="Get require" file="Filesystem Facade (Hyde\Framework\Testing\Feature\FilesystemFacade)::Get require" class="Hyde\Framework\Testing\Feature\FilesystemFacadeTest" classname="Hyde.Framework.Testing.Feature.FilesystemFacadeTest" assertions="1" time="0.019725"/>
        <testcase name="Require once" file="Filesystem Facade (Hyde\Framework\Testing\Feature\FilesystemFacade)::Require once" class="Hyde\Framework\Testing\Feature\FilesystemFacadeTest" classname="Hyde.Framework.Testing.Feature.FilesystemFacadeTest" assertions="1" time="0.019722"/>
        <testcase name="Lines" file="Filesystem Facade (Hyde\Framework\Testing\Feature\FilesystemFacade)::Lines" class="Hyde\Framework\Testing\Feature\FilesystemFacadeTest" classname="Hyde.Framework.Testing.Feature.FilesystemFacadeTest" assertions="1" time="0.033375"/>
        <testcase name="Hash" file="Filesystem Facade (Hyde\Framework\Testing\Feature\FilesystemFacade)::Hash" class="Hyde\Framework\Testing\Feature\FilesystemFacadeTest" classname="Hyde.Framework.Testing.Feature.FilesystemFacadeTest" assertions="1" time="0.020232"/>
        <testcase name="Put" file="Filesystem Facade (Hyde\Framework\Testing\Feature\FilesystemFacade)::Put" class="Hyde\Framework\Testing\Feature\FilesystemFacadeTest" classname="Hyde.Framework.Testing.Feature.FilesystemFacadeTest" assertions="1" time="0.019987"/>
        <testcase name="Replace" file="Filesystem Facade (Hyde\Framework\Testing\Feature\FilesystemFacade)::Replace" class="Hyde\Framework\Testing\Feature\FilesystemFacadeTest" classname="Hyde.Framework.Testing.Feature.FilesystemFacadeTest" assertions="1" time="0.019801"/>
        <testcase name="Replace in file" file="Filesystem Facade (Hyde\Framework\Testing\Feature\FilesystemFacade)::Replace in file" class="Hyde\Framework\Testing\Feature\FilesystemFacadeTest" classname="Hyde.Framework.Testing.Feature.FilesystemFacadeTest" assertions="1" time="0.019932"/>
        <testcase name="Prepend" file="Filesystem Facade (Hyde\Framework\Testing\Feature\FilesystemFacade)::Prepend" class="Hyde\Framework\Testing\Feature\FilesystemFacadeTest" classname="Hyde.Framework.Testing.Feature.FilesystemFacadeTest" assertions="1" time="0.019756"/>
        <testcase name="Append" file="Filesystem Facade (Hyde\Framework\Testing\Feature\FilesystemFacade)::Append" class="Hyde\Framework\Testing\Feature\FilesystemFacadeTest" classname="Hyde.Framework.Testing.Feature.FilesystemFacadeTest" assertions="1" time="0.019906"/>
        <testcase name="Chmod" file="Filesystem Facade (Hyde\Framework\Testing\Feature\FilesystemFacade)::Chmod" class="Hyde\Framework\Testing\Feature\FilesystemFacadeTest" classname="Hyde.Framework.Testing.Feature.FilesystemFacadeTest" assertions="1" time="0.019794"/>
        <testcase name="Delete" file="Filesystem Facade (Hyde\Framework\Testing\Feature\FilesystemFacade)::Delete" class="Hyde\Framework\Testing\Feature\FilesystemFacadeTest" classname="Hyde.Framework.Testing.Feature.FilesystemFacadeTest" assertions="1" time="0.019752"/>
        <testcase name="Delete with array" file="Filesystem Facade (Hyde\Framework\Testing\Feature\FilesystemFacade)::Delete with array" class="Hyde\Framework\Testing\Feature\FilesystemFacadeTest" classname="Hyde.Framework.Testing.Feature.FilesystemFacadeTest" assertions="1" time="0.019948"/>
        <testcase name="Move" file="Filesystem Facade (Hyde\Framework\Testing\Feature\FilesystemFacade)::Move" class="Hyde\Framework\Testing\Feature\FilesystemFacadeTest" classname="Hyde.Framework.Testing.Feature.FilesystemFacadeTest" assertions="1" time="0.019957"/>
        <testcase name="Copy" file="Filesystem Facade (Hyde\Framework\Testing\Feature\FilesystemFacade)::Copy" class="Hyde\Framework\Testing\Feature\FilesystemFacadeTest" classname="Hyde.Framework.Testing.Feature.FilesystemFacadeTest" assertions="1" time="0.020271"/>
        <testcase name="Link" file="Filesystem Facade (Hyde\Framework\Testing\Feature\FilesystemFacade)::Link" class="Hyde\Framework\Testing\Feature\FilesystemFacadeTest" classname="Hyde.Framework.Testing.Feature.FilesystemFacadeTest" assertions="1" time="0.020540"/>
        <testcase name="Relative link" file="Filesystem Facade (Hyde\Framework\Testing\Feature\FilesystemFacade)::Relative link" class="Hyde\Framework\Testing\Feature\FilesystemFacadeTest" classname="Hyde.Framework.Testing.Feature.FilesystemFacadeTest" assertions="1" time="0.019950"/>
        <testcase name="Name" file="Filesystem Facade (Hyde\Framework\Testing\Feature\FilesystemFacade)::Name" class="Hyde\Framework\Testing\Feature\FilesystemFacadeTest" classname="Hyde.Framework.Testing.Feature.FilesystemFacadeTest" assertions="1" time="0.019999"/>
        <testcase name="Basename" file="Filesystem Facade (Hyde\Framework\Testing\Feature\FilesystemFacade)::Basename" class="Hyde\Framework\Testing\Feature\FilesystemFacadeTest" classname="Hyde.Framework.Testing.Feature.FilesystemFacadeTest" assertions="1" time="0.019916"/>
        <testcase name="Dirname" file="Filesystem Facade (Hyde\Framework\Testing\Feature\FilesystemFacade)::Dirname" class="Hyde\Framework\Testing\Feature\FilesystemFacadeTest" classname="Hyde.Framework.Testing.Feature.FilesystemFacadeTest" assertions="1" time="0.019866"/>
        <testcase name="Extension" file="Filesystem Facade (Hyde\Framework\Testing\Feature\FilesystemFacade)::Extension" class="Hyde\Framework\Testing\Feature\FilesystemFacadeTest" classname="Hyde.Framework.Testing.Feature.FilesystemFacadeTest" assertions="1" time="0.019880"/>
        <testcase name="Guess extension" file="Filesystem Facade (Hyde\Framework\Testing\Feature\FilesystemFacade)::Guess extension" class="Hyde\Framework\Testing\Feature\FilesystemFacadeTest" classname="Hyde.Framework.Testing.Feature.FilesystemFacadeTest" assertions="1" time="0.019917"/>
        <testcase name="Type" file="Filesystem Facade (Hyde\Framework\Testing\Feature\FilesystemFacade)::Type" class="Hyde\Framework\Testing\Feature\FilesystemFacadeTest" classname="Hyde.Framework.Testing.Feature.FilesystemFacadeTest" assertions="1" time="0.019825"/>
        <testcase name="Mime type" file="Filesystem Facade (Hyde\Framework\Testing\Feature\FilesystemFacade)::Mime type" class="Hyde\Framework\Testing\Feature\FilesystemFacadeTest" classname="Hyde.Framework.Testing.Feature.FilesystemFacadeTest" assertions="1" time="0.019790"/>
        <testcase name="Size" file="Filesystem Facade (Hyde\Framework\Testing\Feature\FilesystemFacade)::Size" class="Hyde\Framework\Testing\Feature\FilesystemFacadeTest" classname="Hyde.Framework.Testing.Feature.FilesystemFacadeTest" assertions="1" time="0.019988"/>
        <testcase name="Last modified" file="Filesystem Facade (Hyde\Framework\Testing\Feature\FilesystemFacade)::Last modified" class="Hyde\Framework\Testing\Feature\FilesystemFacadeTest" classname="Hyde.Framework.Testing.Feature.FilesystemFacadeTest" assertions="1" time="0.020141"/>
        <testcase name="Is directory" file="Filesystem Facade (Hyde\Framework\Testing\Feature\FilesystemFacade)::Is directory" class="Hyde\Framework\Testing\Feature\FilesystemFacadeTest" classname="Hyde.Framework.Testing.Feature.FilesystemFacadeTest" assertions="1" time="0.019944"/>
        <testcase name="Is empty directory" file="Filesystem Facade (Hyde\Framework\Testing\Feature\FilesystemFacade)::Is empty directory" class="Hyde\Framework\Testing\Feature\FilesystemFacadeTest" classname="Hyde.Framework.Testing.Feature.FilesystemFacadeTest" assertions="1" time="0.019973"/>
        <testcase name="Is readable" file="Filesystem Facade (Hyde\Framework\Testing\Feature\FilesystemFacade)::Is readable" class="Hyde\Framework\Testing\Feature\FilesystemFacadeTest" classname="Hyde.Framework.Testing.Feature.FilesystemFacadeTest" assertions="1" time="0.020009"/>
        <testcase name="Is writable" file="Filesystem Facade (Hyde\Framework\Testing\Feature\FilesystemFacade)::Is writable" class="Hyde\Framework\Testing\Feature\FilesystemFacadeTest" classname="Hyde.Framework.Testing.Feature.FilesystemFacadeTest" assertions="1" time="0.020048"/>
        <testcase name="Has same hash" file="Filesystem Facade (Hyde\Framework\Testing\Feature\FilesystemFacade)::Has same hash" class="Hyde\Framework\Testing\Feature\FilesystemFacadeTest" classname="Hyde.Framework.Testing.Feature.FilesystemFacadeTest" assertions="1" time="0.019931"/>
        <testcase name="Is file" file="Filesystem Facade (Hyde\Framework\Testing\Feature\FilesystemFacade)::Is file" class="Hyde\Framework\Testing\Feature\FilesystemFacadeTest" classname="Hyde.Framework.Testing.Feature.FilesystemFacadeTest" assertions="1" time="0.019885"/>
        <testcase name="Glob" file="Filesystem Facade (Hyde\Framework\Testing\Feature\FilesystemFacade)::Glob" class="Hyde\Framework\Testing\Feature\FilesystemFacadeTest" classname="Hyde.Framework.Testing.Feature.FilesystemFacadeTest" assertions="1" time="0.019861"/>
        <testcase name="Files" file="Filesystem Facade (Hyde\Framework\Testing\Feature\FilesystemFacade)::Files" class="Hyde\Framework\Testing\Feature\FilesystemFacadeTest" classname="Hyde.Framework.Testing.Feature.FilesystemFacadeTest" assertions="1" time="0.019940"/>
        <testcase name="All files" file="Filesystem Facade (Hyde\Framework\Testing\Feature\FilesystemFacade)::All files" class="Hyde\Framework\Testing\Feature\FilesystemFacadeTest" classname="Hyde.Framework.Testing.Feature.FilesystemFacadeTest" assertions="1" time="0.019858"/>
        <testcase name="Directories" file="Filesystem Facade (Hyde\Framework\Testing\Feature\FilesystemFacade)::Directories" class="Hyde\Framework\Testing\Feature\FilesystemFacadeTest" classname="Hyde.Framework.Testing.Feature.FilesystemFacadeTest" assertions="1" time="0.019825"/>
        <testcase name="Ensure directory exists" file="Filesystem Facade (Hyde\Framework\Testing\Feature\FilesystemFacade)::Ensure directory exists" class="Hyde\Framework\Testing\Feature\FilesystemFacadeTest" classname="Hyde.Framework.Testing.Feature.FilesystemFacadeTest" assertions="1" time="0.019881"/>
        <testcase name="Make directory" file="Filesystem Facade (Hyde\Framework\Testing\Feature\FilesystemFacade)::Make directory" class="Hyde\Framework\Testing\Feature\FilesystemFacadeTest" classname="Hyde.Framework.Testing.Feature.FilesystemFacadeTest" assertions="1" time="0.032463"/>
        <testcase name="Move directory" file="Filesystem Facade (Hyde\Framework\Testing\Feature\FilesystemFacade)::Move directory" class="Hyde\Framework\Testing\Feature\FilesystemFacadeTest" classname="Hyde.Framework.Testing.Feature.FilesystemFacadeTest" assertions="1" time="0.020458"/>
        <testcase name="Copy directory" file="Filesystem Facade (Hyde\Framework\Testing\Feature\FilesystemFacade)::Copy directory" class="Hyde\Framework\Testing\Feature\FilesystemFacadeTest" classname="Hyde.Framework.Testing.Feature.FilesystemFacadeTest" assertions="1" time="0.019945"/>
        <testcase name="Delete directory" file="Filesystem Facade (Hyde\Framework\Testing\Feature\FilesystemFacade)::Delete directory" class="Hyde\Framework\Testing\Feature\FilesystemFacadeTest" classname="Hyde.Framework.Testing.Feature.FilesystemFacadeTest" assertions="1" time="0.019993"/>
        <testcase name="Delete directories" file="Filesystem Facade (Hyde\Framework\Testing\Feature\FilesystemFacade)::Delete directories" class="Hyde\Framework\Testing\Feature\FilesystemFacadeTest" classname="Hyde.Framework.Testing.Feature.FilesystemFacadeTest" assertions="1" time="0.019840"/>
        <testcase name="Clean directory" file="Filesystem Facade (Hyde\Framework\Testing\Feature\FilesystemFacade)::Clean directory" class="Hyde\Framework\Testing\Feature\FilesystemFacadeTest" classname="Hyde.Framework.Testing.Feature.FilesystemFacadeTest" assertions="1" time="0.019998"/>
        <testcase name="Method without mocking" file="Filesystem Facade (Hyde\Framework\Testing\Feature\FilesystemFacade)::Method without mocking" class="Hyde\Framework\Testing\Feature\FilesystemFacadeTest" classname="Hyde.Framework.Testing.Feature.FilesystemFacadeTest" assertions="2" time="0.021210"/>
        <testcase name="Method with named arguments" file="Filesystem Facade (Hyde\Framework\Testing\Feature\FilesystemFacade)::Method with named arguments" class="Hyde\Framework\Testing\Feature\FilesystemFacadeTest" classname="Hyde.Framework.Testing.Feature.FilesystemFacadeTest" assertions="2" time="0.020324"/>
        <testcase name="Method with mixed sequential and named arguments" file="Filesystem Facade (Hyde\Framework\Testing\Feature\FilesystemFacade)::Method with mixed sequential and named arguments" class="Hyde\Framework\Testing\Feature\FilesystemFacadeTest" classname="Hyde.Framework.Testing.Feature.FilesystemFacadeTest" assertions="2" time="0.020201"/>
        <testcase name="Method with mixed sequential and named arguments skipping middle one" file="Filesystem Facade (Hyde\Framework\Testing\Feature\FilesystemFacade)::Method with mixed sequential and named arguments skipping middle one" class="Hyde\Framework\Testing\Feature\FilesystemFacadeTest" classname="Hyde.Framework.Testing.Feature.FilesystemFacadeTest" assertions="1" time="0.020091"/>
      </testsuite>
      <testsuite name="Hyde\Framework\Testing\Feature\Foundation\FilesystemTest" file="Filesystem (Hyde\Framework\Testing\Feature\Foundation\Filesystem)" tests="51" assertions="84" errors="0" failures="0" skipped="0" time="0.209047">
        <testcase name="Get base path returns kernels base path" file="Filesystem (Hyde\Framework\Testing\Feature\Foundation\Filesystem)::Get base path returns kernels base path" class="Hyde\Framework\Testing\Feature\Foundation\FilesystemTest" classname="Hyde.Framework.Testing.Feature.Foundation.FilesystemTest" assertions="1" time="0.075816"/>
        <testcase name="Path method exists" file="Filesystem (Hyde\Framework\Testing\Feature\Foundation\Filesystem)::Path method exists" class="Hyde\Framework\Testing\Feature\Foundation\FilesystemTest" classname="Hyde.Framework.Testing.Feature.Foundation.FilesystemTest" assertions="1" time="0.002438"/>
        <testcase name="Path method returns string" file="Filesystem (Hyde\Framework\Testing\Feature\Foundation\Filesystem)::Path method returns string" class="Hyde\Framework\Testing\Feature\Foundation\FilesystemTest" classname="Hyde.Framework.Testing.Feature.Foundation.FilesystemTest" assertions="1" time="0.002463"/>
        <testcase name="Path method returns base path when not supplied with argument" file="Filesystem (Hyde\Framework\Testing\Feature\Foundation\Filesystem)::Path method returns base path when not supplied with argument" class="Hyde\Framework\Testing\Feature\Foundation\FilesystemTest" classname="Hyde.Framework.Testing.Feature.Foundation.FilesystemTest" assertions="1" time="0.002505"/>
        <testcase name="Path method returns path relative to base path when supplied with argument" file="Filesystem (Hyde\Framework\Testing\Feature\Foundation\Filesystem)::Path method returns path relative to base path when supplied with argument" class="Hyde\Framework\Testing\Feature\Foundation\FilesystemTest" classname="Hyde.Framework.Testing.Feature.Foundation.FilesystemTest" assertions="1" time="0.002584"/>
        <testcase name="Path method returns qualified file path when supplied with argument" file="Filesystem (Hyde\Framework\Testing\Feature\Foundation\Filesystem)::Path method returns qualified file path when supplied with argument" class="Hyde\Framework\Testing\Feature\Foundation\FilesystemTest" classname="Hyde.Framework.Testing.Feature.Foundation.FilesystemTest" assertions="1" time="0.002555"/>
        <testcase name="Path method returns expected value for nested path arguments" file="Filesystem (Hyde\Framework\Testing\Feature\Foundation\Filesystem)::Path method returns expected value for nested path arguments" class="Hyde\Framework\Testing\Feature\Foundation\FilesystemTest" classname="Hyde.Framework.Testing.Feature.Foundation.FilesystemTest" assertions="1" time="0.002552"/>
        <testcase name="Path method strips trailing directory separators from argument" file="Filesystem (Hyde\Framework\Testing\Feature\Foundation\Filesystem)::Path method strips trailing directory separators from argument" class="Hyde\Framework\Testing\Feature\Foundation\FilesystemTest" classname="Hyde.Framework.Testing.Feature.Foundation.FilesystemTest" assertions="1" time="0.002576"/>
        <testcase name="Path method returns expected value regardless of trailing directory separators in argument" file="Filesystem (Hyde\Framework\Testing\Feature\Foundation\Filesystem)::Path method returns expected value regardless of trailing directory separators in argument" class="Hyde\Framework\Testing\Feature\Foundation\FilesystemTest" classname="Hyde.Framework.Testing.Feature.Foundation.FilesystemTest" assertions="1" time="0.002647"/>
        <testcase name="Path method resolves already absolute paths" file="Filesystem (Hyde\Framework\Testing\Feature\Foundation\Filesystem)::Path method resolves already absolute paths" class="Hyde\Framework\Testing\Feature\Foundation\FilesystemTest" classname="Hyde.Framework.Testing.Feature.Foundation.FilesystemTest" assertions="1" time="0.002565"/>
        <testcase name="Path method resolves already absolute paths using helper" file="Filesystem (Hyde\Framework\Testing\Feature\Foundation\Filesystem)::Path method resolves already absolute paths using helper" class="Hyde\Framework\Testing\Feature\Foundation\FilesystemTest" classname="Hyde.Framework.Testing.Feature.Foundation.FilesystemTest" assertions="1" time="0.002592"/>
        <testcase name="Path method resolves already absolute paths using helper with trailing slash" file="Filesystem (Hyde\Framework\Testing\Feature\Foundation\Filesystem)::Path method resolves already absolute paths using helper with trailing slash" class="Hyde\Framework\Testing\Feature\Foundation\FilesystemTest" classname="Hyde.Framework.Testing.Feature.Foundation.FilesystemTest" assertions="1" time="0.002612"/>
        <testcase name="Path method does not modify phar paths" file="Filesystem (Hyde\Framework\Testing\Feature\Foundation\Filesystem)::Path method does not modify phar paths" class="Hyde\Framework\Testing\Feature\Foundation\FilesystemTest" classname="Hyde.Framework.Testing.Feature.Foundation.FilesystemTest" assertions="1" time="0.002492"/>
        <testcase name="Hyde path method exists" file="Filesystem (Hyde\Framework\Testing\Feature\Foundation\Filesystem)::Hyde path method exists" class="Hyde\Framework\Testing\Feature\Foundation\FilesystemTest" classname="Hyde.Framework.Testing.Feature.Foundation.FilesystemTest" assertions="1" time="0.002427"/>
        <testcase name="Hyde path string is returned" file="Filesystem (Hyde\Framework\Testing\Feature\Foundation\Filesystem)::Hyde path string is returned" class="Hyde\Framework\Testing\Feature\Foundation\FilesystemTest" classname="Hyde.Framework.Testing.Feature.Foundation.FilesystemTest" assertions="1" time="0.002490"/>
        <testcase name="Hyde path returned directory contains content expected to be in the project directory" file="Filesystem (Hyde\Framework\Testing\Feature\Foundation\Filesystem)::Hyde path returned directory contains content expected to be in the project directory" class="Hyde\Framework\Testing\Feature\Foundation\FilesystemTest" classname="Hyde.Framework.Testing.Feature.Foundation.FilesystemTest" assertions="1" time="0.002619"/>
        <testcase name="Vendor path method exists" file="Filesystem (Hyde\Framework\Testing\Feature\Foundation\Filesystem)::Vendor path method exists" class="Hyde\Framework\Testing\Feature\Foundation\FilesystemTest" classname="Hyde.Framework.Testing.Feature.Foundation.FilesystemTest" assertions="1" time="0.002408"/>
        <testcase name="Vendor path method returns string" file="Filesystem (Hyde\Framework\Testing\Feature\Foundation\Filesystem)::Vendor path method returns string" class="Hyde\Framework\Testing\Feature\Foundation\FilesystemTest" classname="Hyde.Framework.Testing.Feature.Foundation.FilesystemTest" assertions="1" time="0.002535"/>
        <testcase name="Vendor path method returns the vendor path" file="Filesystem (Hyde\Framework\Testing\Feature\Foundation\Filesystem)::Vendor path method returns the vendor path" class="Hyde\Framework\Testing\Feature\Foundation\FilesystemTest" classname="Hyde.Framework.Testing.Feature.Foundation.FilesystemTest" assertions="1" time="0.002579"/>
        <testcase name="Vendor path method returns qualified file path when supplied with argument" file="Filesystem (Hyde\Framework\Testing\Feature\Foundation\Filesystem)::Vendor path method returns qualified file path when supplied with argument" class="Hyde\Framework\Testing\Feature\Foundation\FilesystemTest" classname="Hyde.Framework.Testing.Feature.Foundation.FilesystemTest" assertions="1" time="0.002619"/>
        <testcase name="Vendor path method returns expected value regardless of trailing directory separators in argument" file="Filesystem (Hyde\Framework\Testing\Feature\Foundation\Filesystem)::Vendor path method returns expected value regardless of trailing directory separators in argument" class="Hyde\Framework\Testing\Feature\Foundation\FilesystemTest" classname="Hyde.Framework.Testing.Feature.Foundation.FilesystemTest" assertions="1" time="0.002627"/>
        <testcase name="Vendor path can specify which hyde package to use" file="Filesystem (Hyde\Framework\Testing\Feature\Foundation\Filesystem)::Vendor path can specify which hyde package to use" class="Hyde\Framework\Testing\Feature\Foundation\FilesystemTest" classname="Hyde.Framework.Testing.Feature.Foundation.FilesystemTest" assertions="2" time="0.002725"/>
        <testcase name="Vendor path can run in phar" file="Filesystem (Hyde\Framework\Testing\Feature\Foundation\Filesystem)::Vendor path can run in phar" class="Hyde\Framework\Testing\Feature\Foundation\FilesystemTest" classname="Hyde.Framework.Testing.Feature.Foundation.FilesystemTest" assertions="1" time="0.002665"/>
        <testcase name="Touch helper creates file at given path" file="Filesystem (Hyde\Framework\Testing\Feature\Foundation\Filesystem)::Touch helper creates file at given path" class="Hyde\Framework\Testing\Feature\Foundation\FilesystemTest" classname="Hyde.Framework.Testing.Feature.Foundation.FilesystemTest" assertions="2" time="0.002933"/>
        <testcase name="Touch helper creates multiple files at given paths" file="Filesystem (Hyde\Framework\Testing\Feature\Foundation\Filesystem)::Touch helper creates multiple files at given paths" class="Hyde\Framework\Testing\Feature\Foundation\FilesystemTest" classname="Hyde.Framework.Testing.Feature.Foundation.FilesystemTest" assertions="3" time="0.003129"/>
        <testcase name="Unlink helper deletes file at given path" file="Filesystem (Hyde\Framework\Testing\Feature\Foundation\Filesystem)::Unlink helper deletes file at given path" class="Hyde\Framework\Testing\Feature\Foundation\FilesystemTest" classname="Hyde.Framework.Testing.Feature.Foundation.FilesystemTest" assertions="2" time="0.002906"/>
        <testcase name="Unlink helper deletes multiple files at given paths" file="Filesystem (Hyde\Framework\Testing\Feature\Foundation\Filesystem)::Unlink helper deletes multiple files at given paths" class="Hyde\Framework\Testing\Feature\Foundation\FilesystemTest" classname="Hyde.Framework.Testing.Feature.Foundation.FilesystemTest" assertions="3" time="0.003106"/>
        <testcase name="Unlink if exists helper deletes file at given path" file="Filesystem (Hyde\Framework\Testing\Feature\Foundation\Filesystem)::Unlink if exists helper deletes file at given path" class="Hyde\Framework\Testing\Feature\Foundation\FilesystemTest" classname="Hyde.Framework.Testing.Feature.Foundation.FilesystemTest" assertions="2" time="0.002772"/>
        <testcase name="Unlink if exists handles non existent files gracefully" file="Filesystem (Hyde\Framework\Testing\Feature\Foundation\Filesystem)::Unlink if exists handles non existent files gracefully" class="Hyde\Framework\Testing\Feature\Foundation\FilesystemTest" classname="Hyde.Framework.Testing.Feature.Foundation.FilesystemTest" assertions="1" time="0.002530"/>
        <testcase name="Get model source path method returns path for model classes" file="Filesystem (Hyde\Framework\Testing\Feature\Foundation\Filesystem)::Get model source path method returns path for model classes" class="Hyde\Framework\Testing\Feature\Foundation\FilesystemTest" classname="Hyde.Framework.Testing.Feature.Foundation.FilesystemTest" assertions="5" time="0.003200"/>
        <testcase name="Get model source path method returns path to file for model classes" file="Filesystem (Hyde\Framework\Testing\Feature\Foundation\Filesystem)::Get model source path method returns path to file for model classes" class="Hyde\Framework\Testing\Feature\Foundation\FilesystemTest" classname="Hyde.Framework.Testing.Feature.Foundation.FilesystemTest" assertions="5" time="0.003200"/>
        <testcase name="Helper for blade pages" file="Filesystem (Hyde\Framework\Testing\Feature\Foundation\Filesystem)::Helper for blade pages" class="Hyde\Framework\Testing\Feature\Foundation\FilesystemTest" classname="Hyde.Framework.Testing.Feature.Foundation.FilesystemTest" assertions="1" time="0.002606"/>
        <testcase name="Helper for markdown pages" file="Filesystem (Hyde\Framework\Testing\Feature\Foundation\Filesystem)::Helper for markdown pages" class="Hyde\Framework\Testing\Feature\Foundation\FilesystemTest" classname="Hyde.Framework.Testing.Feature.Foundation.FilesystemTest" assertions="1" time="0.002605"/>
        <testcase name="Helper for markdown posts" file="Filesystem (Hyde\Framework\Testing\Feature\Foundation\Filesystem)::Helper for markdown posts" class="Hyde\Framework\Testing\Feature\Foundation\FilesystemTest" classname="Hyde.Framework.Testing.Feature.Foundation.FilesystemTest" assertions="1" time="0.002569"/>
        <testcase name="Helper for documentation pages" file="Filesystem (Hyde\Framework\Testing\Feature\Foundation\Filesystem)::Helper for documentation pages" class="Hyde\Framework\Testing\Feature\Foundation\FilesystemTest" classname="Hyde.Framework.Testing.Feature.Foundation.FilesystemTest" assertions="1" time="0.002557"/>
        <testcase name="Helper for media path" file="Filesystem (Hyde\Framework\Testing\Feature\Foundation\Filesystem)::Helper for media path" class="Hyde\Framework\Testing\Feature\Foundation\FilesystemTest" classname="Hyde.Framework.Testing.Feature.Foundation.FilesystemTest" assertions="1" time="0.002535"/>
        <testcase name="Helper for media path returns path to file within the directory" file="Filesystem (Hyde\Framework\Testing\Feature\Foundation\Filesystem)::Helper for media path returns path to file within the directory" class="Hyde\Framework\Testing\Feature\Foundation\FilesystemTest" classname="Hyde.Framework.Testing.Feature.Foundation.FilesystemTest" assertions="1" time="0.002589"/>
        <testcase name="Get media path returns absolute path" file="Filesystem (Hyde\Framework\Testing\Feature\Foundation\Filesystem)::Get media path returns absolute path" class="Hyde\Framework\Testing\Feature\Foundation\FilesystemTest" classname="Hyde.Framework.Testing.Feature.Foundation.FilesystemTest" assertions="1" time="0.002561"/>
        <testcase name="Helper for media output path" file="Filesystem (Hyde\Framework\Testing\Feature\Foundation\Filesystem)::Helper for media output path" class="Hyde\Framework\Testing\Feature\Foundation\FilesystemTest" classname="Hyde.Framework.Testing.Feature.Foundation.FilesystemTest" assertions="1" time="0.002594"/>
        <testcase name="Helper for media output path returns path to file within the directory" file="Filesystem (Hyde\Framework\Testing\Feature\Foundation\Filesystem)::Helper for media output path returns path to file within the directory" class="Hyde\Framework\Testing\Feature\Foundation\FilesystemTest" classname="Hyde.Framework.Testing.Feature.Foundation.FilesystemTest" assertions="1" time="0.002606"/>
        <testcase name="Get media output path returns absolute path" file="Filesystem (Hyde\Framework\Testing\Feature\Foundation\Filesystem)::Get media output path returns absolute path" class="Hyde\Framework\Testing\Feature\Foundation\FilesystemTest" classname="Hyde.Framework.Testing.Feature.Foundation.FilesystemTest" assertions="1" time="0.002568"/>
        <testcase name="Helper for site output path" file="Filesystem (Hyde\Framework\Testing\Feature\Foundation\Filesystem)::Helper for site output path" class="Hyde\Framework\Testing\Feature\Foundation\FilesystemTest" classname="Hyde.Framework.Testing.Feature.Foundation.FilesystemTest" assertions="1" time="0.002544"/>
        <testcase name="Helper for site output path returns path to file within the directory" file="Filesystem (Hyde\Framework\Testing\Feature\Foundation\Filesystem)::Helper for site output path returns path to file within the directory" class="Hyde\Framework\Testing\Feature\Foundation\FilesystemTest" classname="Hyde.Framework.Testing.Feature.Foundation.FilesystemTest" assertions="1" time="0.002588"/>
        <testcase name="Get site output path returns absolute path" file="Filesystem (Hyde\Framework\Testing\Feature\Foundation\Filesystem)::Get site output path returns absolute path" class="Hyde\Framework\Testing\Feature\Foundation\FilesystemTest" classname="Hyde.Framework.Testing.Feature.Foundation.FilesystemTest" assertions="1" time="0.002550"/>
        <testcase name="Site output path helper ignores trailing slashes" file="Filesystem (Hyde\Framework\Testing\Feature\Foundation\Filesystem)::Site output path helper ignores trailing slashes" class="Hyde\Framework\Testing\Feature\Foundation\FilesystemTest" classname="Hyde.Framework.Testing.Feature.Foundation.FilesystemTest" assertions="1" time="0.002582"/>
        <testcase name="Path to absolute" file="Filesystem (Hyde\Framework\Testing\Feature\Foundation\Filesystem)::Path to absolute" class="Hyde\Framework\Testing\Feature\Foundation\FilesystemTest" classname="Hyde.Framework.Testing.Feature.Foundation.FilesystemTest" assertions="1" time="0.002487"/>
        <testcase name="Path to absolute helper is alias for path helper" file="Filesystem (Hyde\Framework\Testing\Feature\Foundation\Filesystem)::Path to absolute helper is alias for path helper" class="Hyde\Framework\Testing\Feature\Foundation\FilesystemTest" classname="Hyde.Framework.Testing.Feature.Foundation.FilesystemTest" assertions="1" time="0.002527"/>
        <testcase name="Path to absolute can convert array of paths" file="Filesystem (Hyde\Framework\Testing\Feature\Foundation\Filesystem)::Path to absolute can convert array of paths" class="Hyde\Framework\Testing\Feature\Foundation\FilesystemTest" classname="Hyde.Framework.Testing.Feature.Foundation.FilesystemTest" assertions="1" time="0.002665"/>
        <testcase name="Path to relative helper decodes hyde path into relative" file="Filesystem (Hyde\Framework\Testing\Feature\Foundation\Filesystem)::Path to relative helper decodes hyde path into relative" class="Hyde\Framework\Testing\Feature\Foundation\FilesystemTest" classname="Hyde.Framework.Testing.Feature.Foundation.FilesystemTest" assertions="5" time="0.003092"/>
        <testcase name="Path to relative helper does not modify already relative paths" file="Filesystem (Hyde\Framework\Testing\Feature\Foundation\Filesystem)::Path to relative helper does not modify already relative paths" class="Hyde\Framework\Testing\Feature\Foundation\FilesystemTest" classname="Hyde.Framework.Testing.Feature.Foundation.FilesystemTest" assertions="7" time="0.003134"/>
        <testcase name="Path to relative helper does not modify non project paths" file="Filesystem (Hyde\Framework\Testing\Feature\Foundation\Filesystem)::Path to relative helper does not modify non project paths" class="Hyde\Framework\Testing\Feature\Foundation\FilesystemTest" classname="Hyde.Framework.Testing.Feature.Foundation.FilesystemTest" assertions="8" time="0.003225"/>
      </testsuite>
      <testsuite name="Hyde\Framework\Testing\Feature\Foundation\HyperlinksTest" file="Hyperlinks (Hyde\Framework\Testing\Feature\Foundation\Hyperlinks)" tests="13" assertions="20" errors="0" failures="0" skipped="0" time="0.321888">
        <testcase name="Asset helper gets relative web link to image stored in site media folder" file="Hyperlinks (Hyde\Framework\Testing\Feature\Foundation\Hyperlinks)::Asset helper gets relative web link to image stored in site media folder" class="Hyde\Framework\Testing\Feature\Foundation\HyperlinksTest" classname="Hyde.Framework.Testing.Feature.Foundation.HyperlinksTest" assertions="4" time="0.062901"/>
        <testcase name="Asset helper resolves paths for nested pages" file="Hyperlinks (Hyde\Framework\Testing\Feature\Foundation\Hyperlinks)::Asset helper resolves paths for nested pages" class="Hyde\Framework\Testing\Feature\Foundation\HyperlinksTest" classname="Hyde.Framework.Testing.Feature.Foundation.HyperlinksTest" assertions="4" time="0.023130"/>
        <testcase name="Asset helper returns qualified absolute uri when requested and site has base url" file="Hyperlinks (Hyde\Framework\Testing\Feature\Foundation\Hyperlinks)::Asset helper returns qualified absolute uri when requested and site has base url" class="Hyde\Framework\Testing\Feature\Foundation\HyperlinksTest" classname="Hyde.Framework.Testing.Feature.Foundation.HyperlinksTest" assertions="1" time="0.019107"/>
        <testcase name="Asset helper returns default relative path when qualified absolute uri is requested but site has no base url" file="Hyperlinks (Hyde\Framework\Testing\Feature\Foundation\Hyperlinks)::Asset helper returns default relative path when qualified absolute uri is requested but site has no base url" class="Hyde\Framework\Testing\Feature\Foundation\HyperlinksTest" classname="Hyde.Framework.Testing.Feature.Foundation.HyperlinksTest" assertions="1" time="0.019625"/>
        <testcase name="Asset helper returns input when qualified absolute uri is requested but image is already qualified" file="Hyperlinks (Hyde\Framework\Testing\Feature\Foundation\Hyperlinks)::Asset helper returns input when qualified absolute uri is requested but image is already qualified" class="Hyde\Framework\Testing\Feature\Foundation\HyperlinksTest" classname="Hyde.Framework.Testing.Feature.Foundation.HyperlinksTest" assertions="1" time="0.019215"/>
        <testcase name="Asset helper uses configured media directory" file="Hyperlinks (Hyde\Framework\Testing\Feature\Foundation\Hyperlinks)::Asset helper uses configured media directory" class="Hyde\Framework\Testing\Feature\Foundation\HyperlinksTest" classname="Hyde.Framework.Testing.Feature.Foundation.HyperlinksTest" assertions="1" time="0.019541"/>
        <testcase name="Media link helper" file="Hyperlinks (Hyde\Framework\Testing\Feature\Foundation\Hyperlinks)::Media link helper" class="Hyde\Framework\Testing\Feature\Foundation\HyperlinksTest" classname="Hyde.Framework.Testing.Feature.Foundation.HyperlinksTest" assertions="1" time="0.019421"/>
        <testcase name="Media link helper with relative path" file="Hyperlinks (Hyde\Framework\Testing\Feature\Foundation\Hyperlinks)::Media link helper with relative path" class="Hyde\Framework\Testing\Feature\Foundation\HyperlinksTest" classname="Hyde.Framework.Testing.Feature.Foundation.HyperlinksTest" assertions="1" time="0.033089"/>
        <testcase name="Media link helper uses configured media directory" file="Hyperlinks (Hyde\Framework\Testing\Feature\Foundation\Hyperlinks)::Media link helper uses configured media directory" class="Hyde\Framework\Testing\Feature\Foundation\HyperlinksTest" classname="Hyde.Framework.Testing.Feature.Foundation.HyperlinksTest" assertions="1" time="0.019716"/>
        <testcase name="Media link helper with validation and existing file" file="Hyperlinks (Hyde\Framework\Testing\Feature\Foundation\Hyperlinks)::Media link helper with validation and existing file" class="Hyde\Framework\Testing\Feature\Foundation\HyperlinksTest" classname="Hyde.Framework.Testing.Feature.Foundation.HyperlinksTest" assertions="1" time="0.020136"/>
        <testcase name="Media link helper with validation and non existing file" file="Hyperlinks (Hyde\Framework\Testing\Feature\Foundation\Hyperlinks)::Media link helper with validation and non existing file" class="Hyde\Framework\Testing\Feature\Foundation\HyperlinksTest" classname="Hyde.Framework.Testing.Feature.Foundation.HyperlinksTest" assertions="1" time="0.019597"/>
        <testcase name="Route helper" file="Hyperlinks (Hyde\Framework\Testing\Feature\Foundation\Hyperlinks)::Route helper" class="Hyde\Framework\Testing\Feature\Foundation\HyperlinksTest" classname="Hyde.Framework.Testing.Feature.Foundation.HyperlinksTest" assertions="2" time="0.023537"/>
        <testcase name="Route helper with invalid route" file="Hyperlinks (Hyde\Framework\Testing\Feature\Foundation\Hyperlinks)::Route helper with invalid route" class="Hyde\Framework\Testing\Feature\Foundation\HyperlinksTest" classname="Hyde.Framework.Testing.Feature.Foundation.HyperlinksTest" assertions="1" time="0.022874"/>
      </testsuite>
      <testsuite name="Hyde\Framework\Testing\Feature\GlobalMetadataBagTest" file="Global Metadata Bag (Hyde\Framework\Testing\Feature\GlobalMetadataBag)" tests="9" assertions="10" errors="0" failures="0" skipped="0" time="0.225539">
        <testcase name="Site metadata adds config defined metadata" file="Global Metadata Bag (Hyde\Framework\Testing\Feature\GlobalMetadataBag)::Site metadata adds config defined metadata" class="Hyde\Framework\Testing\Feature\GlobalMetadataBagTest" classname="Hyde.Framework.Testing.Feature.GlobalMetadataBagTest" assertions="2" time="0.038676"/>
        <testcase name="Site metadata automatically adds sitemap when enabled" file="Global Metadata Bag (Hyde\Framework\Testing\Feature\GlobalMetadataBag)::Site metadata automatically adds sitemap when enabled" class="Hyde\Framework\Testing\Feature\GlobalMetadataBagTest" classname="Hyde.Framework.Testing.Feature.GlobalMetadataBagTest" assertions="1" time="0.019910"/>
        <testcase name="Site metadata sitemap uses configured site url" file="Global Metadata Bag (Hyde\Framework\Testing\Feature\GlobalMetadataBag)::Site metadata sitemap uses configured site url" class="Hyde\Framework\Testing\Feature\GlobalMetadataBagTest" classname="Hyde.Framework.Testing.Feature.GlobalMetadataBagTest" assertions="1" time="0.019908"/>
        <testcase name="Site metadata automatically adds rss feed when enabled" file="Global Metadata Bag (Hyde\Framework\Testing\Feature\GlobalMetadataBag)::Site metadata automatically adds rss feed when enabled" class="Hyde\Framework\Testing\Feature\GlobalMetadataBagTest" classname="Hyde.Framework.Testing.Feature.GlobalMetadataBagTest" assertions="1" time="0.026006"/>
        <testcase name="Site metadata rss feed uses configured site url" file="Global Metadata Bag (Hyde\Framework\Testing\Feature\GlobalMetadataBag)::Site metadata rss feed uses configured site url" class="Hyde\Framework\Testing\Feature\GlobalMetadataBagTest" classname="Hyde.Framework.Testing.Feature.GlobalMetadataBagTest" assertions="1" time="0.025755"/>
        <testcase name="Site metadata rss feed uses configured site name" file="Global Metadata Bag (Hyde\Framework\Testing\Feature\GlobalMetadataBag)::Site metadata rss feed uses configured site name" class="Hyde\Framework\Testing\Feature\GlobalMetadataBagTest" classname="Hyde.Framework.Testing.Feature.GlobalMetadataBagTest" assertions="1" time="0.025788"/>
        <testcase name="Site metadata rss feed uses configured rss file name" file="Global Metadata Bag (Hyde\Framework\Testing\Feature\GlobalMetadataBag)::Site metadata rss feed uses configured rss file name" class="Hyde\Framework\Testing\Feature\GlobalMetadataBagTest" classname="Hyde.Framework.Testing.Feature.GlobalMetadataBagTest" assertions="1" time="0.026902"/>
        <testcase name="Metadata existing in the current page is not added" file="Global Metadata Bag (Hyde\Framework\Testing\Feature\GlobalMetadataBag)::Metadata existing in the current page is not added" class="Hyde\Framework\Testing\Feature\GlobalMetadataBagTest" classname="Hyde.Framework.Testing.Feature.GlobalMetadataBagTest" assertions="1" time="0.021326"/>
        <testcase name="Metadata existing in the current page is not added regardless of its value" file="Global Metadata Bag (Hyde\Framework\Testing\Feature\GlobalMetadataBag)::Metadata existing in the current page is not added regardless of its value" class="Hyde\Framework\Testing\Feature\GlobalMetadataBagTest" classname="Hyde.Framework.Testing.Feature.GlobalMetadataBagTest" assertions="1" time="0.021268"/>
      </testsuite>
      <testsuite name="Hyde\Framework\Testing\Feature\HelpersTest" file="Helpers (Hyde\Framework\Testing\Feature\Helpers)" tests="38" assertions="58" errors="0" failures="0" skipped="1" time="0.783536">
        <testcase name="Hyde function exists" file="Helpers (Hyde\Framework\Testing\Feature\Helpers)::Hyde function exists" class="Hyde\Framework\Testing\Feature\HelpersTest" classname="Hyde.Framework.Testing.Feature.HelpersTest" assertions="1" time="0.031352"/>
        <testcase name="Hyde function returns hyde kernel class" file="Helpers (Hyde\Framework\Testing\Feature\Helpers)::Hyde function returns hyde kernel class" class="Hyde\Framework\Testing\Feature\HelpersTest" classname="Hyde.Framework.Testing.Feature.HelpersTest" assertions="1" time="0.019950"/>
        <testcase name="Can call methods on returned hyde class" file="Helpers (Hyde\Framework\Testing\Feature\Helpers)::Can call methods on returned hyde class" class="Hyde\Framework\Testing\Feature\HelpersTest" classname="Hyde.Framework.Testing.Feature.HelpersTest" assertions="1" time="0.019462"/>
        <testcase name="Unslash function exists" file="Helpers (Hyde\Framework\Testing\Feature\Helpers)::Unslash function exists" class="Hyde\Framework\Testing\Feature\HelpersTest" classname="Hyde.Framework.Testing.Feature.HelpersTest" assertions="1" time="0.020690"/>
        <testcase name="Unslash function trims trailing slashes" file="Helpers (Hyde\Framework\Testing\Feature\Helpers)::Unslash function trims trailing slashes" class="Hyde\Framework\Testing\Feature\HelpersTest" classname="Hyde.Framework.Testing.Feature.HelpersTest" assertions="14" time="0.020586"/>
        <testcase name="Asset function" file="Helpers (Hyde\Framework\Testing\Feature\Helpers)::Asset function" class="Hyde\Framework\Testing\Feature\HelpersTest" classname="Hyde.Framework.Testing.Feature.HelpersTest" assertions="2" time="0.019726"/>
        <testcase name="Asset function with qualified url" file="Helpers (Hyde\Framework\Testing\Feature\Helpers)::Asset function with qualified url" class="Hyde\Framework\Testing\Feature\HelpersTest" classname="Hyde.Framework.Testing.Feature.HelpersTest" assertions="2" time="0.019769"/>
        <testcase name="Asset function with external url" file="Helpers (Hyde\Framework\Testing\Feature\Helpers)::Asset function with external url" class="Hyde\Framework\Testing\Feature\HelpersTest" classname="Hyde.Framework.Testing.Feature.HelpersTest" assertions="2" time="0.019485"/>
        <testcase name="Asset function with qualified url and no base url" file="Helpers (Hyde\Framework\Testing\Feature\Helpers)::Asset function with qualified url and no base url" class="Hyde\Framework\Testing\Feature\HelpersTest" classname="Hyde.Framework.Testing.Feature.HelpersTest" assertions="1" time="0.019706"/>
        <testcase name="Asset function from nested page" file="Helpers (Hyde\Framework\Testing\Feature\Helpers)::Asset function from nested page" class="Hyde\Framework\Testing\Feature\HelpersTest" classname="Hyde.Framework.Testing.Feature.HelpersTest" assertions="1" time="0.019694"/>
        <testcase name="Asset function from deeply nested page" file="Helpers (Hyde\Framework\Testing\Feature\Helpers)::Asset function from deeply nested page" class="Hyde\Framework\Testing\Feature\HelpersTest" classname="Hyde.Framework.Testing.Feature.HelpersTest" assertions="1" time="0.019785"/>
        <testcase name="Asset function with custom media directory" file="Helpers (Hyde\Framework\Testing\Feature\Helpers)::Asset function with custom media directory" class="Hyde\Framework\Testing\Feature\HelpersTest" classname="Hyde.Framework.Testing.Feature.HelpersTest" assertions="1" time="0.019616"/>
        <testcase name="Route function" file="Helpers (Hyde\Framework\Testing\Feature\Helpers)::Route function" class="Hyde\Framework\Testing\Feature\HelpersTest" classname="Hyde.Framework.Testing.Feature.HelpersTest" assertions="2" time="0.036059"/>
        <testcase name="Route function with invalid route" file="Helpers (Hyde\Framework\Testing\Feature\Helpers)::Route function with invalid route" class="Hyde\Framework\Testing\Feature\HelpersTest" classname="Hyde.Framework.Testing.Feature.HelpersTest" assertions="1" time="0.023554"/>
        <testcase name="Route function returns null for non existent route" file="Helpers (Hyde\Framework\Testing\Feature\Helpers)::Route function returns null for non existent route" class="Hyde\Framework\Testing\Feature\HelpersTest" classname="Hyde.Framework.Testing.Feature.HelpersTest" assertions="1" time="0.023049"/>
        <testcase name="Url function" file="Helpers (Hyde\Framework\Testing\Feature\Helpers)::Url function" class="Hyde\Framework\Testing\Feature\HelpersTest" classname="Hyde.Framework.Testing.Feature.HelpersTest" assertions="1" time="0.019329"/>
        <testcase name="Url function with base url" file="Helpers (Hyde\Framework\Testing\Feature\Helpers)::Url function with base url" class="Hyde\Framework\Testing\Feature\HelpersTest" classname="Hyde.Framework.Testing.Feature.HelpersTest" assertions="1" time="0.019685"/>
        <testcase name="Url function without base url" file="Helpers (Hyde\Framework\Testing\Feature\Helpers)::Url function without base url" class="Hyde\Framework\Testing\Feature\HelpersTest" classname="Hyde.Framework.Testing.Feature.HelpersTest" assertions="1" time="0.019610"/>
        <testcase name="Url function with already qualified url" file="Helpers (Hyde\Framework\Testing\Feature\Helpers)::Url function with already qualified url" class="Hyde\Framework\Testing\Feature\HelpersTest" classname="Hyde.Framework.Testing.Feature.HelpersTest" assertions="0" time="0.019505">
          <skipped/>
        </testcase>
        <testcase name="Hyde function exists in hyde namespace" file="Helpers (Hyde\Framework\Testing\Feature\Helpers)::Hyde function exists in hyde namespace" class="Hyde\Framework\Testing\Feature\HelpersTest" classname="Hyde.Framework.Testing.Feature.HelpersTest" assertions="1" time="0.019462"/>
        <testcase name="Namespaced hyde function" file="Helpers (Hyde\Framework\Testing\Feature\Helpers)::Namespaced hyde function" class="Hyde\Framework\Testing\Feature\HelpersTest" classname="Hyde.Framework.Testing.Feature.HelpersTest" assertions="1" time="0.019514"/>
        <testcase name="Unslash function exists in hyde namespace" file="Helpers (Hyde\Framework\Testing\Feature\Helpers)::Unslash function exists in hyde namespace" class="Hyde\Framework\Testing\Feature\HelpersTest" classname="Hyde.Framework.Testing.Feature.HelpersTest" assertions="1" time="0.019527"/>
        <testcase name="Namespaced unslash function" file="Helpers (Hyde\Framework\Testing\Feature\Helpers)::Namespaced unslash function" class="Hyde\Framework\Testing\Feature\HelpersTest" classname="Hyde.Framework.Testing.Feature.HelpersTest" assertions="1" time="0.019524"/>
        <testcase name="Unixsum function" file="Helpers (Hyde\Framework\Testing\Feature\Helpers)::Unixsum function" class="Hyde\Framework\Testing\Feature\HelpersTest" classname="Hyde.Framework.Testing.Feature.HelpersTest" assertions="2" time="0.019731"/>
        <testcase name="Unixsum file function" file="Helpers (Hyde\Framework\Testing\Feature\Helpers)::Unixsum file function" class="Hyde\Framework\Testing\Feature\HelpersTest" classname="Hyde.Framework.Testing.Feature.HelpersTest" assertions="2" time="0.020991"/>
        <testcase name="Hyde make title function" file="Helpers (Hyde\Framework\Testing\Feature\Helpers)::Hyde make title function" class="Hyde\Framework\Testing\Feature\HelpersTest" classname="Hyde.Framework.Testing.Feature.HelpersTest" assertions="1" time="0.019803"/>
        <testcase name="Hyde normalize newlines function" file="Helpers (Hyde\Framework\Testing\Feature\Helpers)::Hyde normalize newlines function" class="Hyde\Framework\Testing\Feature\HelpersTest" classname="Hyde.Framework.Testing.Feature.HelpersTest" assertions="1" time="0.019504"/>
        <testcase name="Hyde strip newlines function" file="Helpers (Hyde\Framework\Testing\Feature\Helpers)::Hyde strip newlines function" class="Hyde\Framework\Testing\Feature\HelpersTest" classname="Hyde.Framework.Testing.Feature.HelpersTest" assertions="1" time="0.019423"/>
        <testcase name="Hyde trim slashes function" file="Helpers (Hyde\Framework\Testing\Feature\Helpers)::Hyde trim slashes function" class="Hyde\Framework\Testing\Feature\HelpersTest" classname="Hyde.Framework.Testing.Feature.HelpersTest" assertions="1" time="0.019484"/>
        <testcase name="Hyde evaluate arrayable function" file="Helpers (Hyde\Framework\Testing\Feature\Helpers)::Hyde evaluate arrayable function" class="Hyde\Framework\Testing\Feature\HelpersTest" classname="Hyde.Framework.Testing.Feature.HelpersTest" assertions="2" time="0.019674"/>
        <testcase name="Hyde yaml encode function" file="Helpers (Hyde\Framework\Testing\Feature\Helpers)::Hyde yaml encode function" class="Hyde\Framework\Testing\Feature\HelpersTest" classname="Hyde.Framework.Testing.Feature.HelpersTest" assertions="1" time="0.019468"/>
        <testcase name="Hyde yaml encode function encodes arrayables" file="Helpers (Hyde\Framework\Testing\Feature\Helpers)::Hyde yaml encode function encodes arrayables" class="Hyde\Framework\Testing\Feature\HelpersTest" classname="Hyde.Framework.Testing.Feature.HelpersTest" assertions="1" time="0.019702"/>
        <testcase name="Hyde yaml encode function accepts parameters" file="Helpers (Hyde\Framework\Testing\Feature\Helpers)::Hyde yaml encode function accepts parameters" class="Hyde\Framework\Testing\Feature\HelpersTest" classname="Hyde.Framework.Testing.Feature.HelpersTest" assertions="1" time="0.019609"/>
        <testcase name="Hyde yaml decode function" file="Helpers (Hyde\Framework\Testing\Feature\Helpers)::Hyde yaml decode function" class="Hyde\Framework\Testing\Feature\HelpersTest" classname="Hyde.Framework.Testing.Feature.HelpersTest" assertions="1" time="0.019549"/>
        <testcase name="Hyde yaml decode function accepts parameters" file="Helpers (Hyde\Framework\Testing\Feature\Helpers)::Hyde yaml decode function accepts parameters" class="Hyde\Framework\Testing\Feature\HelpersTest" classname="Hyde.Framework.Testing.Feature.HelpersTest" assertions="1" time="0.019542"/>
        <testcase name="Hyde path join function" file="Helpers (Hyde\Framework\Testing\Feature\Helpers)::Hyde path join function" class="Hyde\Framework\Testing\Feature\HelpersTest" classname="Hyde.Framework.Testing.Feature.HelpersTest" assertions="1" time="0.019326"/>
        <testcase name="Hyde path join function with multiple paths" file="Helpers (Hyde\Framework\Testing\Feature\Helpers)::Hyde path join function with multiple paths" class="Hyde\Framework\Testing\Feature\HelpersTest" classname="Hyde.Framework.Testing.Feature.HelpersTest" assertions="1" time="0.019497"/>
        <testcase name="Hyde normalize slashes function" file="Helpers (Hyde\Framework\Testing\Feature\Helpers)::Hyde normalize slashes function" class="Hyde\Framework\Testing\Feature\HelpersTest" classname="Hyde.Framework.Testing.Feature.HelpersTest" assertions="2" time="0.019594"/>
      </testsuite>
      <testsuite name="Hyde\Framework\Testing\Feature\HydeCoreExtensionTest" file="Hyde Core Extension (Hyde\Framework\Testing\Feature\HydeCoreExtension)" tests="4" assertions="4" errors="0" failures="0" skipped="0" time="0.059372">
        <testcase name="Class extends extension class" file="Hyde Core Extension (Hyde\Framework\Testing\Feature\HydeCoreExtension)::Class extends extension class" class="Hyde\Framework\Testing\Feature\HydeCoreExtensionTest" classname="Hyde.Framework.Testing.Feature.HydeCoreExtensionTest" assertions="1" time="0.053041"/>
        <testcase name="Class is registered" file="Hyde Core Extension (Hyde\Framework\Testing\Feature\HydeCoreExtension)::Class is registered" class="Hyde\Framework\Testing\Feature\HydeCoreExtensionTest" classname="Hyde.Framework.Testing.Feature.HydeCoreExtensionTest" assertions="1" time="0.001911"/>
        <testcase name="Get page classes" file="Hyde Core Extension (Hyde\Framework\Testing\Feature\HydeCoreExtension)::Get page classes" class="Hyde\Framework\Testing\Feature\HydeCoreExtensionTest" classname="Hyde.Framework.Testing.Feature.HydeCoreExtensionTest" assertions="1" time="0.002180"/>
        <testcase name="Get page classes does not include classes for disabled features" file="Hyde Core Extension (Hyde\Framework\Testing\Feature\HydeCoreExtension)::Get page classes does not include classes for disabled features" class="Hyde\Framework\Testing\Feature\HydeCoreExtensionTest" classname="Hyde.Framework.Testing.Feature.HydeCoreExtensionTest" assertions="1" time="0.002240"/>
      </testsuite>
      <testsuite name="Hyde\Framework\Testing\Feature\HydeExtensionFeatureTest" file="Hyde Extension Feature (Hyde\Framework\Testing\Feature\HydeExtensionFeature)" tests="9" assertions="15" errors="0" failures="0" skipped="0" time="0.237548">
        <testcase name="Handler methods are called by discovery" file="Hyde Extension Feature (Hyde\Framework\Testing\Feature\HydeExtensionFeature)::Handler methods are called by discovery" class="Hyde\Framework\Testing\Feature\HydeExtensionFeatureTest" classname="Hyde.Framework.Testing.Feature.HydeExtensionFeatureTest" assertions="2" time="0.041144"/>
        <testcase name="File handler dependency injection" file="Hyde Extension Feature (Hyde\Framework\Testing\Feature\HydeExtensionFeature)::File handler dependency injection" class="Hyde\Framework\Testing\Feature\HydeExtensionFeatureTest" classname="Hyde.Framework.Testing.Feature.HydeExtensionFeatureTest" assertions="1" time="0.023885"/>
        <testcase name="Page handler dependency injection" file="Hyde Extension Feature (Hyde\Framework\Testing\Feature\HydeExtensionFeature)::Page handler dependency injection" class="Hyde\Framework\Testing\Feature\HydeExtensionFeatureTest" classname="Hyde.Framework.Testing.Feature.HydeExtensionFeatureTest" assertions="1" time="0.023432"/>
        <testcase name="Route handler dependency injection" file="Hyde Extension Feature (Hyde\Framework\Testing\Feature\HydeExtensionFeature)::Route handler dependency injection" class="Hyde\Framework\Testing\Feature\HydeExtensionFeatureTest" classname="Hyde.Framework.Testing.Feature.HydeExtensionFeatureTest" assertions="1" time="0.023364"/>
        <testcase name="Register extension method throws exception when kernel is already booted" file="Hyde Extension Feature (Hyde\Framework\Testing\Feature\HydeExtensionFeature)::Register extension method throws exception when kernel is already booted" class="Hyde\Framework\Testing\Feature\HydeExtensionFeatureTest" classname="Hyde.Framework.Testing.Feature.HydeExtensionFeatureTest" assertions="2" time="0.023511"/>
        <testcase name="Register extension method only accepts instances of hyde extension" file="Hyde Extension Feature (Hyde\Framework\Testing\Feature\HydeExtensionFeature)::Register extension method only accepts instances of hyde extension" class="Hyde\Framework\Testing\Feature\HydeExtensionFeatureTest" classname="Hyde.Framework.Testing.Feature.HydeExtensionFeatureTest" assertions="2" time="0.019823"/>
        <testcase name="Custom registered pages are discovered by the file collection class" file="Hyde Extension Feature (Hyde\Framework\Testing\Feature\HydeExtensionFeature)::Custom registered pages are discovered by the file collection class" class="Hyde\Framework\Testing\Feature\HydeExtensionFeatureTest" classname="Hyde.Framework.Testing.Feature.HydeExtensionFeatureTest" assertions="2" time="0.026254"/>
        <testcase name="Custom registered pages are discovered by the page collection class" file="Hyde Extension Feature (Hyde\Framework\Testing\Feature\HydeExtensionFeature)::Custom registered pages are discovered by the page collection class" class="Hyde\Framework\Testing\Feature\HydeExtensionFeatureTest" classname="Hyde.Framework.Testing.Feature.HydeExtensionFeatureTest" assertions="2" time="0.029322"/>
        <testcase name="Custom registered pages are discovered by the route collection class" file="Hyde Extension Feature (Hyde\Framework\Testing\Feature\HydeExtensionFeature)::Custom registered pages are discovered by the route collection class" class="Hyde\Framework\Testing\Feature\HydeExtensionFeatureTest" classname="Hyde.Framework.Testing.Feature.HydeExtensionFeatureTest" assertions="2" time="0.026813"/>
      </testsuite>
      <testsuite name="Hyde\Framework\Testing\Feature\HydeKernelTest" file="Hyde Kernel (Hyde\Framework\Testing\Feature\HydeKernel)" tests="68" assertions="113" errors="0" failures="0" skipped="2" time="1.453231">
        <testcase name="Kernel singleton can be accessed by service container" file="Hyde Kernel (Hyde\Framework\Testing\Feature\HydeKernel)::Kernel singleton can be accessed by service container" class="Hyde\Framework\Testing\Feature\HydeKernelTest" classname="Hyde.Framework.Testing.Feature.HydeKernelTest" assertions="1" time="0.031499"/>
        <testcase name="Kernel singleton can be accessed by kernel static method" file="Hyde Kernel (Hyde\Framework\Testing\Feature\HydeKernel)::Kernel singleton can be accessed by kernel static method" class="Hyde\Framework\Testing\Feature\HydeKernelTest" classname="Hyde.Framework.Testing.Feature.HydeKernelTest" assertions="1" time="0.019459"/>
        <testcase name="Kernel singleton can be accessed by hyde facade method" file="Hyde Kernel (Hyde\Framework\Testing\Feature\HydeKernel)::Kernel singleton can be accessed by hyde facade method" class="Hyde\Framework\Testing\Feature\HydeKernelTest" classname="Hyde.Framework.Testing.Feature.HydeKernelTest" assertions="1" time="0.019686"/>
        <testcase name="Kernel singleton can be accessed by helper function" file="Hyde Kernel (Hyde\Framework\Testing\Feature\HydeKernel)::Kernel singleton can be accessed by helper function" class="Hyde\Framework\Testing\Feature\HydeKernelTest" classname="Hyde.Framework.Testing.Feature.HydeKernelTest" assertions="1" time="0.019602"/>
        <testcase name="Hyde facade version method returns kernel version" file="Hyde Kernel (Hyde\Framework\Testing\Feature\HydeKernel)::Hyde facade version method returns kernel version" class="Hyde\Framework\Testing\Feature\HydeKernelTest" classname="Hyde.Framework.Testing.Feature.HydeKernelTest" assertions="1" time="0.019474"/>
        <testcase name="Hyde facade get facade root method returns kernel singleton" file="Hyde Kernel (Hyde\Framework\Testing\Feature\HydeKernel)::Hyde facade get facade root method returns kernel singleton" class="Hyde\Framework\Testing\Feature\HydeKernelTest" classname="Hyde.Framework.Testing.Feature.HydeKernelTest" assertions="3" time="0.019754"/>
        <testcase name="Features helper returns new features instance" file="Hyde Kernel (Hyde\Framework\Testing\Feature\HydeKernel)::Features helper returns new features instance" class="Hyde\Framework\Testing\Feature\HydeKernelTest" classname="Hyde.Framework.Testing.Feature.HydeKernelTest" assertions="1" time="0.019643"/>
        <testcase name="Has feature helper calls method on features class" file="Hyde Kernel (Hyde\Framework\Testing\Feature\HydeKernel)::Has feature helper calls method on features class" class="Hyde\Framework\Testing\Feature\HydeKernelTest" classname="Hyde.Framework.Testing.Feature.HydeKernelTest" assertions="2" time="0.020143"/>
        <testcase name="Current page helper returns current page name" file="Hyde Kernel (Hyde\Framework\Testing\Feature\HydeKernel)::Current page helper returns current page name" class="Hyde\Framework\Testing\Feature\HydeKernelTest" classname="Hyde.Framework.Testing.Feature.HydeKernelTest" assertions="1" time="0.020071"/>
        <testcase name="Current route helper returns current route object" file="Hyde Kernel (Hyde\Framework\Testing\Feature\HydeKernel)::Current route helper returns current route object" class="Hyde\Framework\Testing\Feature\HydeKernelTest" classname="Hyde.Framework.Testing.Feature.HydeKernelTest" assertions="2" time="0.021071"/>
        <testcase name="Current page helper returns current page object" file="Hyde Kernel (Hyde\Framework\Testing\Feature\HydeKernel)::Current page helper returns current page object" class="Hyde\Framework\Testing\Feature\HydeKernelTest" classname="Hyde.Framework.Testing.Feature.HydeKernelTest" assertions="2" time="0.020903"/>
        <testcase name="Make title helper returns title from page slug" file="Hyde Kernel (Hyde\Framework\Testing\Feature\HydeKernel)::Make title helper returns title from page slug" class="Hyde\Framework\Testing\Feature\HydeKernelTest" classname="Hyde.Framework.Testing.Feature.HydeKernelTest" assertions="1" time="0.019462"/>
        <testcase name="Normalize newlines replaces carriage returns with unix endings" file="Hyde Kernel (Hyde\Framework\Testing\Feature\HydeKernel)::Normalize newlines replaces carriage returns with unix endings" class="Hyde\Framework\Testing\Feature\HydeKernelTest" classname="Hyde.Framework.Testing.Feature.HydeKernelTest" assertions="1" time="0.019631"/>
        <testcase name="Strip newlines helper removes all newlines" file="Hyde Kernel (Hyde\Framework\Testing\Feature\HydeKernel)::Strip newlines helper removes all newlines" class="Hyde\Framework\Testing\Feature\HydeKernelTest" classname="Hyde.Framework.Testing.Feature.HydeKernelTest" assertions="1" time="0.019618"/>
        <testcase name="Trim slashes function trims trailing slashes" file="Hyde Kernel (Hyde\Framework\Testing\Feature\HydeKernel)::Trim slashes function trims trailing slashes" class="Hyde\Framework\Testing\Feature\HydeKernelTest" classname="Hyde.Framework.Testing.Feature.HydeKernelTest" assertions="14" time="0.020915"/>
        <testcase name="Markdown helper converts markdown to html" file="Hyde Kernel (Hyde\Framework\Testing\Feature\HydeKernel)::Markdown helper converts markdown to html" class="Hyde\Framework\Testing\Feature\HydeKernelTest" classname="Hyde.Framework.Testing.Feature.HydeKernelTest" assertions="1" time="0.020742"/>
        <testcase name="Markdown helper converts indented markdown to html" file="Hyde Kernel (Hyde\Framework\Testing\Feature\HydeKernel)::Markdown helper converts indented markdown to html" class="Hyde\Framework\Testing\Feature\HydeKernelTest" classname="Hyde.Framework.Testing.Feature.HydeKernelTest" assertions="1" time="0.020645"/>
        <testcase name="Format html path helper formats path according to config rules" file="Hyde Kernel (Hyde\Framework\Testing\Feature\HydeKernel)::Format html path helper formats path according to config rules" class="Hyde\Framework\Testing\Feature\HydeKernelTest" classname="Hyde.Framework.Testing.Feature.HydeKernelTest" assertions="4" time="0.020095"/>
        <testcase name="Relative link helper returns relative link to destination" file="Hyde Kernel (Hyde\Framework\Testing\Feature\HydeKernel)::Relative link helper returns relative link to destination" class="Hyde\Framework\Testing\Feature\HydeKernelTest" classname="Hyde.Framework.Testing.Feature.HydeKernelTest" assertions="2" time="0.020521"/>
        <testcase name="Media link helper returns relative link to destination" file="Hyde Kernel (Hyde\Framework\Testing\Feature\HydeKernel)::Media link helper returns relative link to destination" class="Hyde\Framework\Testing\Feature\HydeKernelTest" classname="Hyde.Framework.Testing.Feature.HydeKernelTest" assertions="2" time="0.032663"/>
        <testcase name="Image helper returns image path for given name" file="Hyde Kernel (Hyde\Framework\Testing\Feature\HydeKernel)::Image helper returns image path for given name" class="Hyde\Framework\Testing\Feature\HydeKernelTest" classname="Hyde.Framework.Testing.Feature.HydeKernelTest" assertions="4" time="0.021351"/>
        <testcase name="Image helper trims media prefix" file="Hyde Kernel (Hyde\Framework\Testing\Feature\HydeKernel)::Image helper trims media prefix" class="Hyde\Framework\Testing\Feature\HydeKernelTest" classname="Hyde.Framework.Testing.Feature.HydeKernelTest" assertions="1" time="0.020290"/>
        <testcase name="Image helper supports custom media directories" file="Hyde Kernel (Hyde\Framework\Testing\Feature\HydeKernel)::Image helper supports custom media directories" class="Hyde\Framework\Testing\Feature\HydeKernelTest" classname="Hyde.Framework.Testing.Feature.HydeKernelTest" assertions="1" time="0.020001"/>
        <testcase name="Route helper" file="Hyde Kernel (Hyde\Framework\Testing\Feature\HydeKernel)::Route helper" class="Hyde\Framework\Testing\Feature\HydeKernelTest" classname="Hyde.Framework.Testing.Feature.HydeKernelTest" assertions="2" time="0.024115"/>
        <testcase name="Route helper with invalid route" file="Hyde Kernel (Hyde\Framework\Testing\Feature\HydeKernel)::Route helper with invalid route" class="Hyde\Framework\Testing\Feature\HydeKernelTest" classname="Hyde.Framework.Testing.Feature.HydeKernelTest" assertions="1" time="0.023360"/>
        <testcase name="Has site url helper returns boolean value for when config setting is set" file="Hyde Kernel (Hyde\Framework\Testing\Feature\HydeKernel)::Has site url helper returns boolean value for when config setting is set" class="Hyde\Framework\Testing\Feature\HydeKernelTest" classname="Hyde.Framework.Testing.Feature.HydeKernelTest" assertions="2" time="0.019671"/>
        <testcase name="Url returns qualified url paths" file="Hyde Kernel (Hyde\Framework\Testing\Feature\HydeKernel)::Url returns qualified url paths" class="Hyde\Framework\Testing\Feature\HydeKernelTest" classname="Hyde.Framework.Testing.Feature.HydeKernelTest" assertions="6" time="0.020466"/>
        <testcase name="Filesystem helper returns the kernel filesystem instance" file="Hyde Kernel (Hyde\Framework\Testing\Feature\HydeKernel)::Filesystem helper returns the kernel filesystem instance" class="Hyde\Framework\Testing\Feature\HydeKernelTest" classname="Hyde.Framework.Testing.Feature.HydeKernelTest" assertions="1" time="0.019685"/>
        <testcase name="Path returns qualified path for given path" file="Hyde Kernel (Hyde\Framework\Testing\Feature\HydeKernel)::Path returns qualified path for given path" class="Hyde\Framework\Testing\Feature\HydeKernelTest" classname="Hyde.Framework.Testing.Feature.HydeKernelTest" assertions="2" time="0.019736"/>
        <testcase name="Vendor path returns qualified path for given path" file="Hyde Kernel (Hyde\Framework\Testing\Feature\HydeKernel)::Vendor path returns qualified path for given path" class="Hyde\Framework\Testing\Feature\HydeKernelTest" classname="Hyde.Framework.Testing.Feature.HydeKernelTest" assertions="2" time="0.019980"/>
        <testcase name="Fluent model source path helpers" file="Hyde Kernel (Hyde\Framework\Testing\Feature\HydeKernel)::Fluent model source path helpers" class="Hyde\Framework\Testing\Feature\HydeKernelTest" classname="Hyde.Framework.Testing.Feature.HydeKernelTest" assertions="7" time="0.020517"/>
        <testcase name="Path to relative helper returns relative path for given path" file="Hyde Kernel (Hyde\Framework\Testing\Feature\HydeKernel)::Path to relative helper returns relative path for given path" class="Hyde\Framework\Testing\Feature\HydeKernelTest" classname="Hyde.Framework.Testing.Feature.HydeKernelTest" assertions="1" time="0.019654"/>
        <testcase name="To array method" file="Hyde Kernel (Hyde\Framework\Testing\Feature\HydeKernel)::To array method" class="Hyde\Framework\Testing\Feature\HydeKernelTest" classname="Hyde.Framework.Testing.Feature.HydeKernelTest" assertions="1" time="0.024076"/>
        <testcase name="Json serialize method" file="Hyde Kernel (Hyde\Framework\Testing\Feature\HydeKernel)::Json serialize method" class="Hyde\Framework\Testing\Feature\HydeKernelTest" classname="Hyde.Framework.Testing.Feature.HydeKernelTest" assertions="1" time="0.024699"/>
        <testcase name="To json method" file="Hyde Kernel (Hyde\Framework\Testing\Feature\HydeKernel)::To json method" class="Hyde\Framework\Testing\Feature\HydeKernelTest" classname="Hyde.Framework.Testing.Feature.HydeKernelTest" assertions="1" time="0.024854"/>
        <testcase name="Version constant is a valid semver string" file="Hyde Kernel (Hyde\Framework\Testing\Feature\HydeKernel)::Version constant is a valid semver string" class="Hyde\Framework\Testing\Feature\HydeKernelTest" classname="Hyde.Framework.Testing.Feature.HydeKernelTest" assertions="1" time="0.019447"/>
        <testcase name="Version constant is up to date with composer" file="Hyde Kernel (Hyde\Framework\Testing\Feature\HydeKernel)::Version constant is up to date with composer" class="Hyde\Framework\Testing\Feature\HydeKernelTest" classname="Hyde.Framework.Testing.Feature.HydeKernelTest" assertions="0" time="0.019616">
          <skipped/>
        </testcase>
        <testcase name="Version constant is up to date with git" file="Hyde Kernel (Hyde\Framework\Testing\Feature\HydeKernel)::Version constant is up to date with git" class="Hyde\Framework\Testing\Feature\HydeKernelTest" classname="Hyde.Framework.Testing.Feature.HydeKernelTest" assertions="0" time="0.022492">
          <skipped/>
        </testcase>
        <testcase name="Version method returns version constant" file="Hyde Kernel (Hyde\Framework\Testing\Feature\HydeKernel)::Version method returns version constant" class="Hyde\Framework\Testing\Feature\HydeKernelTest" classname="Hyde.Framework.Testing.Feature.HydeKernelTest" assertions="1" time="0.019744"/>
        <testcase name="Can get source root" file="Hyde Kernel (Hyde\Framework\Testing\Feature\HydeKernel)::Can get source root" class="Hyde\Framework\Testing\Feature\HydeKernelTest" classname="Hyde.Framework.Testing.Feature.HydeKernelTest" assertions="1" time="0.019873"/>
        <testcase name="Can set source root" file="Hyde Kernel (Hyde\Framework\Testing\Feature\HydeKernel)::Can set source root" class="Hyde\Framework\Testing\Feature\HydeKernelTest" classname="Hyde.Framework.Testing.Feature.HydeKernelTest" assertions="1" time="0.019907"/>
        <testcase name="Can set source root to absolute project path" file="Hyde Kernel (Hyde\Framework\Testing\Feature\HydeKernel)::Can set source root to absolute project path" class="Hyde\Framework\Testing\Feature\HydeKernelTest" classname="Hyde.Framework.Testing.Feature.HydeKernelTest" assertions="1" time="0.019819"/>
        <testcase name="Set source root trims trailing slashes" file="Hyde Kernel (Hyde\Framework\Testing\Feature\HydeKernel)::Set source root trims trailing slashes" class="Hyde\Framework\Testing\Feature\HydeKernelTest" classname="Hyde.Framework.Testing.Feature.HydeKernelTest" assertions="1" time="0.025071"/>
        <testcase name="Can get output directory" file="Hyde Kernel (Hyde\Framework\Testing\Feature\HydeKernel)::Can get output directory" class="Hyde\Framework\Testing\Feature\HydeKernelTest" classname="Hyde.Framework.Testing.Feature.HydeKernelTest" assertions="1" time="0.019832"/>
        <testcase name="Can set output directory" file="Hyde Kernel (Hyde\Framework\Testing\Feature\HydeKernel)::Can set output directory" class="Hyde\Framework\Testing\Feature\HydeKernelTest" classname="Hyde.Framework.Testing.Feature.HydeKernelTest" assertions="2" time="0.019757"/>
        <testcase name="Can set output directory to absolute project path" file="Hyde Kernel (Hyde\Framework\Testing\Feature\HydeKernel)::Can set output directory to absolute project path" class="Hyde\Framework\Testing\Feature\HydeKernelTest" classname="Hyde.Framework.Testing.Feature.HydeKernelTest" assertions="2" time="0.019801"/>
        <testcase name="Set output directory trims trailing slashes" file="Hyde Kernel (Hyde\Framework\Testing\Feature\HydeKernel)::Set output directory trims trailing slashes" class="Hyde\Framework\Testing\Feature\HydeKernelTest" classname="Hyde.Framework.Testing.Feature.HydeKernelTest" assertions="1" time="0.019599"/>
        <testcase name="Can get media directory" file="Hyde Kernel (Hyde\Framework\Testing\Feature\HydeKernel)::Can get media directory" class="Hyde\Framework\Testing\Feature\HydeKernelTest" classname="Hyde.Framework.Testing.Feature.HydeKernelTest" assertions="1" time="0.019611"/>
        <testcase name="Can set media directory" file="Hyde Kernel (Hyde\Framework\Testing\Feature\HydeKernel)::Can set media directory" class="Hyde\Framework\Testing\Feature\HydeKernelTest" classname="Hyde.Framework.Testing.Feature.HydeKernelTest" assertions="1" time="0.019698"/>
        <testcase name="Set media directory trims trailing slashes" file="Hyde Kernel (Hyde\Framework\Testing\Feature\HydeKernel)::Set media directory trims trailing slashes" class="Hyde\Framework\Testing\Feature\HydeKernelTest" classname="Hyde.Framework.Testing.Feature.HydeKernelTest" assertions="1" time="0.019743"/>
        <testcase name="Can get media output directory name" file="Hyde Kernel (Hyde\Framework\Testing\Feature\HydeKernel)::Can get media output directory name" class="Hyde\Framework\Testing\Feature\HydeKernelTest" classname="Hyde.Framework.Testing.Feature.HydeKernelTest" assertions="1" time="0.019591"/>
        <testcase name="Get media output directory name uses trimmed version of media source directory" file="Hyde Kernel (Hyde\Framework\Testing\Feature\HydeKernel)::Get media output directory name uses trimmed version of media source directory" class="Hyde\Framework\Testing\Feature\HydeKernelTest" classname="Hyde.Framework.Testing.Feature.HydeKernelTest" assertions="1" time="0.019668"/>
        <testcase name="Can get site media output directory" file="Hyde Kernel (Hyde\Framework\Testing\Feature\HydeKernel)::Can get site media output directory" class="Hyde\Framework\Testing\Feature\HydeKernelTest" classname="Hyde.Framework.Testing.Feature.HydeKernelTest" assertions="1" time="0.019853"/>
        <testcase name="Get site media output directory uses trimmed version of media source directory" file="Hyde Kernel (Hyde\Framework\Testing\Feature\HydeKernel)::Get site media output directory uses trimmed version of media source directory" class="Hyde\Framework\Testing\Feature\HydeKernelTest" classname="Hyde.Framework.Testing.Feature.HydeKernelTest" assertions="1" time="0.019777"/>
        <testcase name="Get site media output directory uses configured site output directory" file="Hyde Kernel (Hyde\Framework\Testing\Feature\HydeKernel)::Get site media output directory uses configured site output directory" class="Hyde\Framework\Testing\Feature\HydeKernelTest" classname="Hyde.Framework.Testing.Feature.HydeKernelTest" assertions="1" time="0.032686"/>
        <testcase name="Media output directory can be changed in configuration" file="Hyde Kernel (Hyde\Framework\Testing\Feature\HydeKernel)::Media output directory can be changed in configuration" class="Hyde\Framework\Testing\Feature\HydeKernelTest" classname="Hyde.Framework.Testing.Feature.HydeKernelTest" assertions="2" time="0.021143"/>
        <testcase name="Can access kernel fluently using the facade" file="Hyde Kernel (Hyde\Framework\Testing\Feature\HydeKernel)::Can access kernel fluently using the facade" class="Hyde\Framework\Testing\Feature\HydeKernelTest" classname="Hyde.Framework.Testing.Feature.HydeKernelTest" assertions="2" time="0.019780"/>
        <testcase name="Can access kernel symbols fluently using the facade" file="Hyde Kernel (Hyde\Framework\Testing\Feature\HydeKernel)::Can access kernel symbols fluently using the facade" class="Hyde\Framework\Testing\Feature\HydeKernelTest" classname="Hyde.Framework.Testing.Feature.HydeKernelTest" assertions="1" time="0.019631"/>
        <testcase name="Can register booting callback closure" file="Hyde Kernel (Hyde\Framework\Testing\Feature\HydeKernel)::Can register booting callback closure" class="Hyde\Framework\Testing\Feature\HydeKernelTest" classname="Hyde.Framework.Testing.Feature.HydeKernelTest" assertions="1" time="0.023276"/>
        <testcase name="Can register booted callback closure" file="Hyde Kernel (Hyde\Framework\Testing\Feature\HydeKernel)::Can register booted callback closure" class="Hyde\Framework\Testing\Feature\HydeKernelTest" classname="Hyde.Framework.Testing.Feature.HydeKernelTest" assertions="1" time="0.023198"/>
        <testcase name="Can register booting callback callable" file="Hyde Kernel (Hyde\Framework\Testing\Feature\HydeKernel)::Can register booting callback callable" class="Hyde\Framework\Testing\Feature\HydeKernelTest" classname="Hyde.Framework.Testing.Feature.HydeKernelTest" assertions="1" time="0.022981"/>
        <testcase name="Can register booted callback callable" file="Hyde Kernel (Hyde\Framework\Testing\Feature\HydeKernel)::Can register booted callback callable" class="Hyde\Framework\Testing\Feature\HydeKernelTest" classname="Hyde.Framework.Testing.Feature.HydeKernelTest" assertions="1" time="0.023026"/>
        <testcase name="Booting callback receives kernel instance" file="Hyde Kernel (Hyde\Framework\Testing\Feature\HydeKernel)::Booting callback receives kernel instance" class="Hyde\Framework\Testing\Feature\HydeKernelTest" classname="Hyde.Framework.Testing.Feature.HydeKernelTest" assertions="1" time="0.023207"/>
        <testcase name="Booted callback receives kernel instance" file="Hyde Kernel (Hyde\Framework\Testing\Feature\HydeKernel)::Booted callback receives kernel instance" class="Hyde\Framework\Testing\Feature\HydeKernelTest" classname="Hyde.Framework.Testing.Feature.HydeKernelTest" assertions="1" time="0.022974"/>
        <testcase name="Can use booting callbacks to inject custom pages" file="Hyde Kernel (Hyde\Framework\Testing\Feature\HydeKernel)::Can use booting callbacks to inject custom pages" class="Hyde\Framework\Testing\Feature\HydeKernelTest" classname="Hyde.Framework.Testing.Feature.HydeKernelTest" assertions="2" time="0.024272"/>
        <testcase name="Is booted returns false when not booted" file="Hyde Kernel (Hyde\Framework\Testing\Feature\HydeKernel)::Is booted returns false when not booted" class="Hyde\Framework\Testing\Feature\HydeKernelTest" classname="Hyde.Framework.Testing.Feature.HydeKernelTest" assertions="1" time="0.019410"/>
        <testcase name="Is booted returns true when booted" file="Hyde Kernel (Hyde\Framework\Testing\Feature\HydeKernel)::Is booted returns true when booted" class="Hyde\Framework\Testing\Feature\HydeKernelTest" classname="Hyde.Framework.Testing.Feature.HydeKernelTest" assertions="1" time="0.023213"/>
        <testcase name="Is booted method on the facade" file="Hyde Kernel (Hyde\Framework\Testing\Feature\HydeKernel)::Is booted method on the facade" class="Hyde\Framework\Testing\Feature\HydeKernelTest" classname="Hyde.Framework.Testing.Feature.HydeKernelTest" assertions="2" time="0.023482"/>
      </testsuite>
      <testsuite name="Hyde\Framework\Testing\Feature\HydePageTest" file="Hyde Page (Hyde\Framework\Testing\Feature\HydePage)" tests="154" assertions="245" errors="0" failures="0" skipped="0" time="3.442841">
        <testcase name="Base source directory" file="Hyde Page (Hyde\Framework\Testing\Feature\HydePage)::Base source directory" class="Hyde\Framework\Testing\Feature\HydePageTest" classname="Hyde.Framework.Testing.Feature.HydePageTest" assertions="1" time="0.107357"/>
        <testcase name="Base output directory" file="Hyde Page (Hyde\Framework\Testing\Feature\HydePage)::Base output directory" class="Hyde\Framework\Testing\Feature\HydePageTest" classname="Hyde.Framework.Testing.Feature.HydePageTest" assertions="1" time="0.019694"/>
        <testcase name="Base file extension" file="Hyde Page (Hyde\Framework\Testing\Feature\HydePage)::Base file extension" class="Hyde\Framework\Testing\Feature\HydePageTest" classname="Hyde.Framework.Testing.Feature.HydePageTest" assertions="1" time="0.019686"/>
        <testcase name="Base source path" file="Hyde Page (Hyde\Framework\Testing\Feature\HydePage)::Base source path" class="Hyde\Framework\Testing\Feature\HydePageTest" classname="Hyde.Framework.Testing.Feature.HydePageTest" assertions="1" time="0.019850"/>
        <testcase name="Base output path" file="Hyde Page (Hyde\Framework\Testing\Feature\HydePage)::Base output path" class="Hyde\Framework\Testing\Feature\HydePageTest" classname="Hyde.Framework.Testing.Feature.HydePageTest" assertions="1" time="0.019914"/>
        <testcase name="Base path" file="Hyde Page (Hyde\Framework\Testing\Feature\HydePage)::Base path" class="Hyde\Framework\Testing\Feature\HydePageTest" classname="Hyde.Framework.Testing.Feature.HydePageTest" assertions="1" time="0.019860"/>
        <testcase name="Base path to identifier" file="Hyde Page (Hyde\Framework\Testing\Feature\HydePage)::Base path to identifier" class="Hyde\Framework\Testing\Feature\HydePageTest" classname="Hyde.Framework.Testing.Feature.HydePageTest" assertions="1" time="0.019775"/>
        <testcase name="Base base route key" file="Hyde Page (Hyde\Framework\Testing\Feature\HydePage)::Base base route key" class="Hyde\Framework\Testing\Feature\HydePageTest" classname="Hyde.Framework.Testing.Feature.HydePageTest" assertions="1" time="0.031786"/>
        <testcase name="Base is discoverable" file="Hyde Page (Hyde\Framework\Testing\Feature\HydePage)::Base is discoverable" class="Hyde\Framework\Testing\Feature\HydePageTest" classname="Hyde.Framework.Testing.Feature.HydePageTest" assertions="1" time="0.020295"/>
        <testcase name="Source directory" file="Hyde Page (Hyde\Framework\Testing\Feature\HydePage)::Source directory" class="Hyde\Framework\Testing\Feature\HydePageTest" classname="Hyde.Framework.Testing.Feature.HydePageTest" assertions="1" time="0.019920"/>
        <testcase name="Output directory" file="Hyde Page (Hyde\Framework\Testing\Feature\HydePage)::Output directory" class="Hyde\Framework\Testing\Feature\HydePageTest" classname="Hyde.Framework.Testing.Feature.HydePageTest" assertions="1" time="0.019762"/>
        <testcase name="File extension" file="Hyde Page (Hyde\Framework\Testing\Feature\HydePage)::File extension" class="Hyde\Framework\Testing\Feature\HydePageTest" classname="Hyde.Framework.Testing.Feature.HydePageTest" assertions="1" time="0.019715"/>
        <testcase name="Source path" file="Hyde Page (Hyde\Framework\Testing\Feature\HydePage)::Source path" class="Hyde\Framework\Testing\Feature\HydePageTest" classname="Hyde.Framework.Testing.Feature.HydePageTest" assertions="1" time="0.019808"/>
        <testcase name="Output path" file="Hyde Page (Hyde\Framework\Testing\Feature\HydePage)::Output path" class="Hyde\Framework\Testing\Feature\HydePageTest" classname="Hyde.Framework.Testing.Feature.HydePageTest" assertions="1" time="0.019775"/>
        <testcase name="Path" file="Hyde Page (Hyde\Framework\Testing\Feature\HydePage)::Path" class="Hyde\Framework\Testing\Feature\HydePageTest" classname="Hyde.Framework.Testing.Feature.HydePageTest" assertions="1" time="0.019842"/>
        <testcase name="Base route key" file="Hyde Page (Hyde\Framework\Testing\Feature\HydePage)::Base route key" class="Hyde\Framework\Testing\Feature\HydePageTest" classname="Hyde.Framework.Testing.Feature.HydePageTest" assertions="1" time="0.020151"/>
        <testcase name="Is discoverable" file="Hyde Page (Hyde\Framework\Testing\Feature\HydePage)::Is discoverable" class="Hyde\Framework\Testing\Feature\HydePageTest" classname="Hyde.Framework.Testing.Feature.HydePageTest" assertions="1" time="0.019911"/>
        <testcase name="Get source path" file="Hyde Page (Hyde\Framework\Testing\Feature\HydePage)::Get source path" class="Hyde\Framework\Testing\Feature\HydePageTest" classname="Hyde.Framework.Testing.Feature.HydePageTest" assertions="1" time="0.021093"/>
        <testcase name="Get output path" file="Hyde Page (Hyde\Framework\Testing\Feature\HydePage)::Get output path" class="Hyde\Framework\Testing\Feature\HydePageTest" classname="Hyde.Framework.Testing.Feature.HydePageTest" assertions="1" time="0.020960"/>
        <testcase name="Get link" file="Hyde Page (Hyde\Framework\Testing\Feature\HydePage)::Get link" class="Hyde\Framework\Testing\Feature\HydePageTest" classname="Hyde.Framework.Testing.Feature.HydePageTest" assertions="1" time="0.020980"/>
        <testcase name="Make" file="Hyde Page (Hyde\Framework\Testing\Feature\HydePage)::Make" class="Hyde\Framework\Testing\Feature\HydePageTest" classname="Hyde.Framework.Testing.Feature.HydePageTest" assertions="1" time="0.021377"/>
        <testcase name="Make with data" file="Hyde Page (Hyde\Framework\Testing\Feature\HydePage)::Make with data" class="Hyde\Framework\Testing\Feature\HydePageTest" classname="Hyde.Framework.Testing.Feature.HydePageTest" assertions="1" time="0.021999"/>
        <testcase name="Show in navigation" file="Hyde Page (Hyde\Framework\Testing\Feature\HydePage)::Show in navigation" class="Hyde\Framework\Testing\Feature\HydePageTest" classname="Hyde.Framework.Testing.Feature.HydePageTest" assertions="5" time="0.023220"/>
        <testcase name="Navigation menu priority" file="Hyde Page (Hyde\Framework\Testing\Feature\HydePage)::Navigation menu priority" class="Hyde\Framework\Testing\Feature\HydePageTest" classname="Hyde.Framework.Testing.Feature.HydePageTest" assertions="5" time="0.023139"/>
        <testcase name="Navigation menu label" file="Hyde Page (Hyde\Framework\Testing\Feature\HydePage)::Navigation menu label" class="Hyde\Framework\Testing\Feature\HydePageTest" classname="Hyde.Framework.Testing.Feature.HydePageTest" assertions="5" time="0.024229"/>
        <testcase name="Navigation menu group" file="Hyde Page (Hyde\Framework\Testing\Feature\HydePage)::Navigation menu group" class="Hyde\Framework\Testing\Feature\HydePageTest" classname="Hyde.Framework.Testing.Feature.HydePageTest" assertions="6" time="0.023891"/>
        <testcase name="To array" file="Hyde Page (Hyde\Framework\Testing\Feature\HydePage)::To array" class="Hyde\Framework\Testing\Feature\HydePageTest" classname="Hyde.Framework.Testing.Feature.HydePageTest" assertions="1" time="0.021036"/>
        <testcase name="Get source directory returns static property" file="Hyde Page (Hyde\Framework\Testing\Feature\HydePage)::Get source directory returns static property" class="Hyde\Framework\Testing\Feature\HydePageTest" classname="Hyde.Framework.Testing.Feature.HydePageTest" assertions="1" time="0.019854"/>
        <testcase name="Set source directory trims trailing slashes" file="Hyde Page (Hyde\Framework\Testing\Feature\HydePage)::Set source directory trims trailing slashes" class="Hyde\Framework\Testing\Feature\HydePageTest" classname="Hyde.Framework.Testing.Feature.HydePageTest" assertions="1" time="0.019926"/>
        <testcase name="Get output directory returns static property" file="Hyde Page (Hyde\Framework\Testing\Feature\HydePage)::Get output directory returns static property" class="Hyde\Framework\Testing\Feature\HydePageTest" classname="Hyde.Framework.Testing.Feature.HydePageTest" assertions="1" time="0.019892"/>
        <testcase name="Set output directory trims trailing slashes" file="Hyde Page (Hyde\Framework\Testing\Feature\HydePage)::Set output directory trims trailing slashes" class="Hyde\Framework\Testing\Feature\HydePageTest" classname="Hyde.Framework.Testing.Feature.HydePageTest" assertions="1" time="0.020053"/>
        <testcase name="Get file extension returns static property" file="Hyde Page (Hyde\Framework\Testing\Feature\HydePage)::Get file extension returns static property" class="Hyde\Framework\Testing\Feature\HydePageTest" classname="Hyde.Framework.Testing.Feature.HydePageTest" assertions="1" time="0.020595"/>
        <testcase name="Set file extension forces leading period" file="Hyde Page (Hyde\Framework\Testing\Feature\HydePage)::Set file extension forces leading period" class="Hyde\Framework\Testing\Feature\HydePageTest" classname="Hyde.Framework.Testing.Feature.HydePageTest" assertions="1" time="0.020531"/>
        <testcase name="Set file extension removes trailing period" file="Hyde Page (Hyde\Framework\Testing\Feature\HydePage)::Set file extension removes trailing period" class="Hyde\Framework\Testing\Feature\HydePageTest" classname="Hyde.Framework.Testing.Feature.HydePageTest" assertions="1" time="0.020241"/>
        <testcase name="Get identifier returns identifier property" file="Hyde Page (Hyde\Framework\Testing\Feature\HydePage)::Get identifier returns identifier property" class="Hyde\Framework\Testing\Feature\HydePageTest" classname="Hyde.Framework.Testing.Feature.HydePageTest" assertions="1" time="0.021493"/>
        <testcase name="Set source directory" file="Hyde Page (Hyde\Framework\Testing\Feature\HydePage)::Set source directory" class="Hyde\Framework\Testing\Feature\HydePageTest" classname="Hyde.Framework.Testing.Feature.HydePageTest" assertions="1" time="0.019891"/>
        <testcase name="Set output directory" file="Hyde Page (Hyde\Framework\Testing\Feature\HydePage)::Set output directory" class="Hyde\Framework\Testing\Feature\HydePageTest" classname="Hyde.Framework.Testing.Feature.HydePageTest" assertions="1" time="0.019928"/>
        <testcase name="Set file extension" file="Hyde Page (Hyde\Framework\Testing\Feature\HydePage)::Set file extension" class="Hyde\Framework\Testing\Feature\HydePageTest" classname="Hyde.Framework.Testing.Feature.HydePageTest" assertions="1" time="0.019955"/>
        <testcase name="Static get method returns discovered page" file="Hyde Page (Hyde\Framework\Testing\Feature\HydePage)::Static get method returns discovered page" class="Hyde\Framework\Testing\Feature\HydePageTest" classname="Hyde.Framework.Testing.Feature.HydePageTest" assertions="1" time="0.025593"/>
        <testcase name="Static get method throws exception if page not found" file="Hyde Page (Hyde\Framework\Testing\Feature\HydePage)::Static get method throws exception if page not found" class="Hyde\Framework\Testing\Feature\HydePageTest" classname="Hyde.Framework.Testing.Feature.HydePageTest" assertions="1" time="0.023814"/>
        <testcase name="Parse parses supplied slug into a page model" file="Hyde Page (Hyde\Framework\Testing\Feature\HydePage)::Parse parses supplied slug into a page model" class="Hyde\Framework\Testing\Feature\HydePageTest" classname="Hyde.Framework.Testing.Feature.HydePageTest" assertions="2" time="0.022247"/>
        <testcase name="Files returns array of source files" file="Hyde Page (Hyde\Framework\Testing\Feature\HydePage)::Files returns array of source files" class="Hyde\Framework\Testing\Feature\HydePageTest" classname="Hyde.Framework.Testing.Feature.HydePageTest" assertions="1" time="0.039293"/>
        <testcase name="All returns collection of all parsed source files from page index" file="Hyde Page (Hyde\Framework\Testing\Feature\HydePage)::All returns collection of all parsed source files from page index" class="Hyde\Framework\Testing\Feature\HydePageTest" classname="Hyde.Framework.Testing.Feature.HydePageTest" assertions="2" time="0.027418"/>
        <testcase name="Qualify basename properly expands basename for the model" file="Hyde Page (Hyde\Framework\Testing\Feature\HydePage)::Qualify basename properly expands basename for the model" class="Hyde\Framework\Testing\Feature\HydePageTest" classname="Hyde.Framework.Testing.Feature.HydePageTest" assertions="1" time="0.020092"/>
        <testcase name="Qualify basename trims slashes from input" file="Hyde Page (Hyde\Framework\Testing\Feature\HydePage)::Qualify basename trims slashes from input" class="Hyde\Framework\Testing\Feature\HydePageTest" classname="Hyde.Framework.Testing.Feature.HydePageTest" assertions="1" time="0.019809"/>
        <testcase name="Qualify basename uses the static properties" file="Hyde Page (Hyde\Framework\Testing\Feature\HydePage)::Qualify basename uses the static properties" class="Hyde\Framework\Testing\Feature\HydePageTest" classname="Hyde.Framework.Testing.Feature.HydePageTest" assertions="1" time="0.020130"/>
        <testcase name="Path returns absolute path to source directory when no parameter is supplied" file="Hyde Page (Hyde\Framework\Testing\Feature\HydePage)::Path returns absolute path to source directory when no parameter is supplied" class="Hyde\Framework\Testing\Feature\HydePageTest" classname="Hyde.Framework.Testing.Feature.HydePageTest" assertions="1" time="0.019935"/>
        <testcase name="Path returns absolute path to file in source directory when parameter is supplied" file="Hyde Page (Hyde\Framework\Testing\Feature\HydePage)::Path returns absolute path to file in source directory when parameter is supplied" class="Hyde\Framework\Testing\Feature\HydePageTest" classname="Hyde.Framework.Testing.Feature.HydePageTest" assertions="1" time="0.019939"/>
        <testcase name="Path method removes trailing slashes" file="Hyde Page (Hyde\Framework\Testing\Feature\HydePage)::Path method removes trailing slashes" class="Hyde\Framework\Testing\Feature\HydePageTest" classname="Hyde.Framework.Testing.Feature.HydePageTest" assertions="1" time="0.019973"/>
        <testcase name="Get output location returns the file output path for the supplied basename" file="Hyde Page (Hyde\Framework\Testing\Feature\HydePage)::Get output location returns the file output path for the supplied basename" class="Hyde\Framework\Testing\Feature\HydePageTest" classname="Hyde.Framework.Testing.Feature.HydePageTest" assertions="1" time="0.019892"/>
        <testcase name="Get output location returns the configured location" file="Hyde Page (Hyde\Framework\Testing\Feature\HydePage)::Get output location returns the configured location" class="Hyde\Framework\Testing\Feature\HydePageTest" classname="Hyde.Framework.Testing.Feature.HydePageTest" assertions="1" time="0.020017"/>
        <testcase name="Get output location trims trailing slashes from directory setting" file="Hyde Page (Hyde\Framework\Testing\Feature\HydePage)::Get output location trims trailing slashes from directory setting" class="Hyde\Framework\Testing\Feature\HydePageTest" classname="Hyde.Framework.Testing.Feature.HydePageTest" assertions="1" time="0.019781"/>
        <testcase name="Get output location trims trailing slashes from basename" file="Hyde Page (Hyde\Framework\Testing\Feature\HydePage)::Get output location trims trailing slashes from basename" class="Hyde\Framework\Testing\Feature\HydePageTest" classname="Hyde.Framework.Testing.Feature.HydePageTest" assertions="1" time="0.019845"/>
        <testcase name="Get route key returns output directory and basename" file="Hyde Page (Hyde\Framework\Testing\Feature\HydePage)::Get route key returns output directory and basename" class="Hyde\Framework\Testing\Feature\HydePageTest" classname="Hyde.Framework.Testing.Feature.HydePageTest" assertions="1" time="0.021008"/>
        <testcase name="Get route key returns output directory and basename for configured directory" file="Hyde Page (Hyde\Framework\Testing\Feature\HydePage)::Get route key returns output directory and basename for configured directory" class="Hyde\Framework\Testing\Feature\HydePageTest" classname="Hyde.Framework.Testing.Feature.HydePageTest" assertions="1" time="0.020912"/>
        <testcase name="Get route key trims trailing slashes from directory setting" file="Hyde Page (Hyde\Framework\Testing\Feature\HydePage)::Get route key trims trailing slashes from directory setting" class="Hyde\Framework\Testing\Feature\HydePageTest" classname="Hyde.Framework.Testing.Feature.HydePageTest" assertions="1" time="0.020914"/>
        <testcase name="Get output path returns current page path with html extension appended" file="Hyde Page (Hyde\Framework\Testing\Feature\HydePage)::Get output path returns current page path with html extension appended" class="Hyde\Framework\Testing\Feature\HydePageTest" classname="Hyde.Framework.Testing.Feature.HydePageTest" assertions="1" time="0.020896"/>
        <testcase name="Get source path returns qualified basename" file="Hyde Page (Hyde\Framework\Testing\Feature\HydePage)::Get source path returns qualified basename" class="Hyde\Framework\Testing\Feature\HydePageTest" classname="Hyde.Framework.Testing.Feature.HydePageTest" assertions="1" time="0.021079"/>
        <testcase name="Markdown page implements page contract" file="Hyde Page (Hyde\Framework\Testing\Feature\HydePage)::Markdown page implements page contract" class="Hyde\Framework\Testing\Feature\HydePageTest" classname="Hyde.Framework.Testing.Feature.HydePageTest" assertions="1" time="0.020586"/>
        <testcase name="All page models extend abstract page" file="Hyde Page (Hyde\Framework\Testing\Feature\HydePage)::All page models extend abstract page" class="Hyde\Framework\Testing\Feature\HydePageTest" classname="Hyde.Framework.Testing.Feature.HydePageTest" assertions="6" time="0.029700"/>
        <testcase name="All page models have configured source directory" file="Hyde Page (Hyde\Framework\Testing\Feature\HydePage)::All page models have configured source directory" class="Hyde\Framework\Testing\Feature\HydePageTest" classname="Hyde.Framework.Testing.Feature.HydePageTest" assertions="5" time="0.020065"/>
        <testcase name="All page models have configured output directory" file="Hyde Page (Hyde\Framework\Testing\Feature\HydePage)::All page models have configured output directory" class="Hyde\Framework\Testing\Feature\HydePageTest" classname="Hyde.Framework.Testing.Feature.HydePageTest" assertions="4" time="0.020053"/>
        <testcase name="All page models have configured file extension" file="Hyde Page (Hyde\Framework\Testing\Feature\HydePage)::All page models have configured file extension" class="Hyde\Framework\Testing\Feature\HydePageTest" classname="Hyde.Framework.Testing.Feature.HydePageTest" assertions="4" time="0.019991"/>
        <testcase name="Abstract markdown page extends abstract page" file="Hyde Page (Hyde\Framework\Testing\Feature\HydePage)::Abstract markdown page extends abstract page" class="Hyde\Framework\Testing\Feature\HydePageTest" classname="Hyde.Framework.Testing.Feature.HydePageTest" assertions="1" time="0.023655"/>
        <testcase name="Abstract markdown page implements page contract" file="Hyde Page (Hyde\Framework\Testing\Feature\HydePage)::Abstract markdown page implements page contract" class="Hyde\Framework\Testing\Feature\HydePageTest" classname="Hyde.Framework.Testing.Feature.HydePageTest" assertions="1" time="0.019758"/>
        <testcase name="Abstract markdown page has markdown document property" file="Hyde Page (Hyde\Framework\Testing\Feature\HydePage)::Abstract markdown page has markdown document property" class="Hyde\Framework\Testing\Feature\HydePageTest" classname="Hyde.Framework.Testing.Feature.HydePageTest" assertions="1" time="0.019652"/>
        <testcase name="Abstract markdown page has file extension property" file="Hyde Page (Hyde\Framework\Testing\Feature\HydePage)::Abstract markdown page has file extension property" class="Hyde\Framework\Testing\Feature\HydePageTest" classname="Hyde.Framework.Testing.Feature.HydePageTest" assertions="1" time="0.019784"/>
        <testcase name="Abstract markdown page file extension property is set to md" file="Hyde Page (Hyde\Framework\Testing\Feature\HydePage)::Abstract markdown page file extension property is set to md" class="Hyde\Framework\Testing\Feature\HydePageTest" classname="Hyde.Framework.Testing.Feature.HydePageTest" assertions="1" time="0.019813"/>
        <testcase name="Abstract markdown page constructor arguments are optional" file="Hyde Page (Hyde\Framework\Testing\Feature\HydePage)::Abstract markdown page constructor arguments are optional" class="Hyde\Framework\Testing\Feature\HydePageTest" classname="Hyde.Framework.Testing.Feature.HydePageTest" assertions="1" time="0.020011"/>
        <testcase name="Abstract markdown page constructor assigns markdown document property if set" file="Hyde Page (Hyde\Framework\Testing\Feature\HydePage)::Abstract markdown page constructor assigns markdown document property if set" class="Hyde\Framework\Testing\Feature\HydePageTest" classname="Hyde.Framework.Testing.Feature.HydePageTest" assertions="1" time="0.020803"/>
        <testcase name="Abstract markdown page constructor creates new markdown document if no markdown document is set" file="Hyde Page (Hyde\Framework\Testing\Feature\HydePage)::Abstract markdown page constructor creates new markdown document if no markdown document is set" class="Hyde\Framework\Testing\Feature\HydePageTest" classname="Hyde.Framework.Testing.Feature.HydePageTest" assertions="1" time="0.020598"/>
        <testcase name="Abstract markdown page markdown helper returns the markdown document instance" file="Hyde Page (Hyde\Framework\Testing\Feature\HydePage)::Abstract markdown page markdown helper returns the markdown document instance" class="Hyde\Framework\Testing\Feature\HydePageTest" classname="Hyde.Framework.Testing.Feature.HydePageTest" assertions="1" time="0.020651"/>
        <testcase name="Abstract markdown page markdown helper returns the configured markdown document instance" file="Hyde Page (Hyde\Framework\Testing\Feature\HydePage)::Abstract markdown page markdown helper returns the configured markdown document instance" class="Hyde\Framework\Testing\Feature\HydePageTest" classname="Hyde.Framework.Testing.Feature.HydePageTest" assertions="1" time="0.020686"/>
        <testcase name="Abstract markdown page make helper constructs dynamic title automatically" file="Hyde Page (Hyde\Framework\Testing\Feature\HydePage)::Abstract markdown page make helper constructs dynamic title automatically" class="Hyde\Framework\Testing\Feature\HydePageTest" classname="Hyde.Framework.Testing.Feature.HydePageTest" assertions="1" time="0.020717"/>
        <testcase name="Markdown based pages extend abstract markdown page" file="Hyde Page (Hyde\Framework\Testing\Feature\HydePage)::Markdown based pages extend abstract markdown page" class="Hyde\Framework\Testing\Feature\HydePageTest" classname="Hyde.Framework.Testing.Feature.HydePageTest" assertions="3" time="0.021897"/>
        <testcase name="Blade pages do not extend abstract markdown page" file="Hyde Page (Hyde\Framework\Testing\Feature\HydePage)::Blade pages do not extend abstract markdown page" class="Hyde\Framework\Testing\Feature\HydePageTest" classname="Hyde.Framework.Testing.Feature.HydePageTest" assertions="1" time="0.021010"/>
        <testcase name="Get route returns page route" file="Hyde Page (Hyde\Framework\Testing\Feature\HydePage)::Get route returns page route" class="Hyde\Framework\Testing\Feature\HydePageTest" classname="Hyde.Framework.Testing.Feature.HydePageTest" assertions="1" time="0.039185"/>
        <testcase name="Get route returns the route object from the router index" file="Hyde Page (Hyde\Framework\Testing\Feature\HydePage)::Get route returns the route object from the router index" class="Hyde\Framework\Testing\Feature\HydePageTest" classname="Hyde.Framework.Testing.Feature.HydePageTest" assertions="1" time="0.026507"/>
        <testcase name="Html title returns site name plus page title" file="Hyde Page (Hyde\Framework\Testing\Feature\HydePage)::Html title returns site name plus page title" class="Hyde\Framework\Testing\Feature\HydePageTest" classname="Hyde.Framework.Testing.Feature.HydePageTest" assertions="1" time="0.020818"/>
        <testcase name="Html title uses configured site name" file="Hyde Page (Hyde\Framework\Testing\Feature\HydePage)::Html title uses configured site name" class="Hyde\Framework\Testing\Feature\HydePageTest" classname="Hyde.Framework.Testing.Feature.HydePageTest" assertions="1" time="0.020981"/>
        <testcase name="Body helper returns markdown document body in markdown pages" file="Hyde Page (Hyde\Framework\Testing\Feature\HydePage)::Body helper returns markdown document body in markdown pages" class="Hyde\Framework\Testing\Feature\HydePageTest" classname="Hyde.Framework.Testing.Feature.HydePageTest" assertions="1" time="0.020703"/>
        <testcase name="Show in navigation returns false for markdown post" file="Hyde Page (Hyde\Framework\Testing\Feature\HydePage)::Show in navigation returns false for markdown post" class="Hyde\Framework\Testing\Feature\HydePageTest" classname="Hyde.Framework.Testing.Feature.HydePageTest" assertions="1" time="0.021094"/>
        <testcase name="Show in navigation returns true for documentation page if slug is index" file="Hyde Page (Hyde\Framework\Testing\Feature\HydePage)::Show in navigation returns true for documentation page if slug is index" class="Hyde\Framework\Testing\Feature\HydePageTest" classname="Hyde.Framework.Testing.Feature.HydePageTest" assertions="1" time="0.020997"/>
        <testcase name="Show in navigation returns true for documentation page if slug is not index" file="Hyde Page (Hyde\Framework\Testing\Feature\HydePage)::Show in navigation returns true for documentation page if slug is not index" class="Hyde\Framework\Testing\Feature\HydePageTest" classname="Hyde.Framework.Testing.Feature.HydePageTest" assertions="1" time="0.021074"/>
        <testcase name="Show in navigation returns false for abstract markdown page if matter navigation hidden is true" file="Hyde Page (Hyde\Framework\Testing\Feature\HydePage)::Show in navigation returns false for abstract markdown page if matter navigation hidden is true" class="Hyde\Framework\Testing\Feature\HydePageTest" classname="Hyde.Framework.Testing.Feature.HydePageTest" assertions="1" time="0.020980"/>
        <testcase name="Show in navigation returns true for abstract markdown page if matter navigation visible is true" file="Hyde Page (Hyde\Framework\Testing\Feature\HydePage)::Show in navigation returns true for abstract markdown page if matter navigation visible is true" class="Hyde\Framework\Testing\Feature\HydePageTest" classname="Hyde.Framework.Testing.Feature.HydePageTest" assertions="1" time="0.020874"/>
        <testcase name="Show in navigation returns true for abstract markdown page if matter navigation hidden is false" file="Hyde Page (Hyde\Framework\Testing\Feature\HydePage)::Show in navigation returns true for abstract markdown page if matter navigation hidden is false" class="Hyde\Framework\Testing\Feature\HydePageTest" classname="Hyde.Framework.Testing.Feature.HydePageTest" assertions="1" time="0.020983"/>
        <testcase name="Show in navigation returns true for abstract markdown page if matter navigation hidden is not set" file="Hyde Page (Hyde\Framework\Testing\Feature\HydePage)::Show in navigation returns true for abstract markdown page if matter navigation hidden is not set" class="Hyde\Framework\Testing\Feature\HydePageTest" classname="Hyde.Framework.Testing.Feature.HydePageTest" assertions="1" time="0.020908"/>
        <testcase name="Show in navigation returns false if slug is present in config hyde navigation exclude" file="Hyde Page (Hyde\Framework\Testing\Feature\HydePage)::Show in navigation returns false if slug is present in config hyde navigation exclude" class="Hyde\Framework\Testing\Feature\HydePageTest" classname="Hyde.Framework.Testing.Feature.HydePageTest" assertions="2" time="0.021595"/>
        <testcase name="Show in navigation returns false if slug is 404" file="Hyde Page (Hyde\Framework\Testing\Feature\HydePage)::Show in navigation returns false if slug is 404" class="Hyde\Framework\Testing\Feature\HydePageTest" classname="Hyde.Framework.Testing.Feature.HydePageTest" assertions="1" time="0.020902"/>
        <testcase name="Show in navigation defaults to true if all checks pass" file="Hyde Page (Hyde\Framework\Testing\Feature\HydePage)::Show in navigation defaults to true if all checks pass" class="Hyde\Framework\Testing\Feature\HydePageTest" classname="Hyde.Framework.Testing.Feature.HydePageTest" assertions="1" time="0.021069"/>
        <testcase name="Navigation menu priority returns front matter value of navigation priority if abstract markdown page and not null" file="Hyde Page (Hyde\Framework\Testing\Feature\HydePage)::Navigation menu priority returns front matter value of navigation priority if abstract markdown page and not null" class="Hyde\Framework\Testing\Feature\HydePageTest" classname="Hyde.Framework.Testing.Feature.HydePageTest" assertions="1" time="0.020910"/>
        <testcase name="Navigation menu priority can be set using order property" file="Hyde Page (Hyde\Framework\Testing\Feature\HydePage)::Navigation menu priority can be set using order property" class="Hyde\Framework\Testing\Feature\HydePageTest" classname="Hyde.Framework.Testing.Feature.HydePageTest" assertions="1" time="0.020991"/>
        <testcase name="Navigation menu priority returns specified config value if slug exists in config hyde navigation order" file="Hyde Page (Hyde\Framework\Testing\Feature\HydePage)::Navigation menu priority returns specified config value if slug exists in config hyde navigation order" class="Hyde\Framework\Testing\Feature\HydePageTest" classname="Hyde.Framework.Testing.Feature.HydePageTest" assertions="2" time="0.021545"/>
        <testcase name="Navigation menu priority gives precedence to front matter over config hyde navigation order" file="Hyde Page (Hyde\Framework\Testing\Feature\HydePage)::Navigation menu priority gives precedence to front matter over config hyde navigation order" class="Hyde\Framework\Testing\Feature\HydePageTest" classname="Hyde.Framework.Testing.Feature.HydePageTest" assertions="2" time="0.021426"/>
        <testcase name="Navigation menu priority returns 999 for documentation page" file="Hyde Page (Hyde\Framework\Testing\Feature\HydePage)::Navigation menu priority returns 999 for documentation page" class="Hyde\Framework\Testing\Feature\HydePageTest" classname="Hyde.Framework.Testing.Feature.HydePageTest" assertions="1" time="0.020935"/>
        <testcase name="Navigation menu priority returns 0 if slug is index" file="Hyde Page (Hyde\Framework\Testing\Feature\HydePage)::Navigation menu priority returns 0 if slug is index" class="Hyde\Framework\Testing\Feature\HydePageTest" classname="Hyde.Framework.Testing.Feature.HydePageTest" assertions="1" time="0.020849"/>
        <testcase name="Navigation menu priority returns 10 if slug is posts" file="Hyde Page (Hyde\Framework\Testing\Feature\HydePage)::Navigation menu priority returns 10 if slug is posts" class="Hyde\Framework\Testing\Feature\HydePageTest" classname="Hyde.Framework.Testing.Feature.HydePageTest" assertions="1" time="0.020877"/>
        <testcase name="Navigation menu priority defaults to 999 if no other conditions are met" file="Hyde Page (Hyde\Framework\Testing\Feature\HydePage)::Navigation menu priority defaults to 999 if no other conditions are met" class="Hyde\Framework\Testing\Feature\HydePageTest" classname="Hyde.Framework.Testing.Feature.HydePageTest" assertions="1" time="0.020916"/>
        <testcase name="Navigation menu title returns navigation title matter if set" file="Hyde Page (Hyde\Framework\Testing\Feature\HydePage)::Navigation menu title returns navigation title matter if set" class="Hyde\Framework\Testing\Feature\HydePageTest" classname="Hyde.Framework.Testing.Feature.HydePageTest" assertions="1" time="0.020834"/>
        <testcase name="Navigation menu title returns title matter if set" file="Hyde Page (Hyde\Framework\Testing\Feature\HydePage)::Navigation menu title returns title matter if set" class="Hyde\Framework\Testing\Feature\HydePageTest" classname="Hyde.Framework.Testing.Feature.HydePageTest" assertions="1" time="0.020825"/>
        <testcase name="Navigation menu title navigation title has precedence over title" file="Hyde Page (Hyde\Framework\Testing\Feature\HydePage)::Navigation menu title navigation title has precedence over title" class="Hyde\Framework\Testing\Feature\HydePageTest" classname="Hyde.Framework.Testing.Feature.HydePageTest" assertions="1" time="0.020838"/>
        <testcase name="Navigation menu title returns docs if slug is index and model is documentation page" file="Hyde Page (Hyde\Framework\Testing\Feature\HydePage)::Navigation menu title returns docs if slug is index and model is documentation page" class="Hyde\Framework\Testing\Feature\HydePageTest" classname="Hyde.Framework.Testing.Feature.HydePageTest" assertions="1" time="0.020958"/>
        <testcase name="Navigation menu title returns home if slug is index and model is not documentation page" file="Hyde Page (Hyde\Framework\Testing\Feature\HydePage)::Navigation menu title returns home if slug is index and model is not documentation page" class="Hyde\Framework\Testing\Feature\HydePageTest" classname="Hyde.Framework.Testing.Feature.HydePageTest" assertions="1" time="0.020874"/>
        <testcase name="Navigation menu title returns title if title is set and not empty" file="Hyde Page (Hyde\Framework\Testing\Feature\HydePage)::Navigation menu title returns title if title is set and not empty" class="Hyde\Framework\Testing\Feature\HydePageTest" classname="Hyde.Framework.Testing.Feature.HydePageTest" assertions="1" time="0.021281"/>
        <testcase name="Navigation menu title falls back to hyde make title from slug" file="Hyde Page (Hyde\Framework\Testing\Feature\HydePage)::Navigation menu title falls back to hyde make title from slug" class="Hyde\Framework\Testing\Feature\HydePageTest" classname="Hyde.Framework.Testing.Feature.HydePageTest" assertions="1" time="0.021042"/>
        <testcase name="Navigation menu title can be set in configuration" file="Hyde Page (Hyde\Framework\Testing\Feature\HydePage)::Navigation menu title can be set in configuration" class="Hyde\Framework\Testing\Feature\HydePageTest" classname="Hyde.Framework.Testing.Feature.HydePageTest" assertions="1" time="0.020951"/>
        <testcase name="Documentation page can be hidden from navigation using config" file="Hyde Page (Hyde\Framework\Testing\Feature\HydePage)::Documentation page can be hidden from navigation using config" class="Hyde\Framework\Testing\Feature\HydePageTest" classname="Hyde.Framework.Testing.Feature.HydePageTest" assertions="1" time="0.021015"/>
        <testcase name="Get canonical url returns url for top level page" file="Hyde Page (Hyde\Framework\Testing\Feature\HydePage)::Get canonical url returns url for top level page" class="Hyde\Framework\Testing\Feature\HydePageTest" classname="Hyde.Framework.Testing.Feature.HydePageTest" assertions="1" time="0.021075"/>
        <testcase name="Get canonical url returns pretty url for top level page" file="Hyde Page (Hyde\Framework\Testing\Feature\HydePage)::Get canonical url returns pretty url for top level page" class="Hyde\Framework\Testing\Feature\HydePageTest" classname="Hyde.Framework.Testing.Feature.HydePageTest" assertions="1" time="0.021045"/>
        <testcase name="Get canonical url returns url for nested page" file="Hyde Page (Hyde\Framework\Testing\Feature\HydePage)::Get canonical url returns url for nested page" class="Hyde\Framework\Testing\Feature\HydePageTest" classname="Hyde.Framework.Testing.Feature.HydePageTest" assertions="1" time="0.034137"/>
        <testcase name="Get canonical url returns url for deeply nested page" file="Hyde Page (Hyde\Framework\Testing\Feature\HydePage)::Get canonical url returns url for deeply nested page" class="Hyde\Framework\Testing\Feature\HydePageTest" classname="Hyde.Framework.Testing.Feature.HydePageTest" assertions="1" time="0.021649"/>
        <testcase name="Canonical url is not set when identifier is null" file="Hyde Page (Hyde\Framework\Testing\Feature\HydePage)::Canonical url is not set when identifier is null" class="Hyde\Framework\Testing\Feature\HydePageTest" classname="Hyde.Framework.Testing.Feature.HydePageTest" assertions="3" time="0.021059"/>
        <testcase name="Canonical url is not set when site url is null" file="Hyde Page (Hyde\Framework\Testing\Feature\HydePage)::Canonical url is not set when site url is null" class="Hyde\Framework\Testing\Feature\HydePageTest" classname="Hyde.Framework.Testing.Feature.HydePageTest" assertions="3" time="0.021055"/>
        <testcase name="Custom canonical link can be set in front matter" file="Hyde Page (Hyde\Framework\Testing\Feature\HydePage)::Custom canonical link can be set in front matter" class="Hyde\Framework\Testing\Feature\HydePageTest" classname="Hyde.Framework.Testing.Feature.HydePageTest" assertions="2" time="0.020741"/>
        <testcase name="Can create canonical url using base url from config" file="Hyde Page (Hyde\Framework\Testing\Feature\HydePage)::Can create canonical url using base url from config" class="Hyde\Framework\Testing\Feature\HydePageTest" classname="Hyde.Framework.Testing.Feature.HydePageTest" assertions="1" time="0.021010"/>
        <testcase name="Can create canonical url using base url from config using pretty urls" file="Hyde Page (Hyde\Framework\Testing\Feature\HydePage)::Can create canonical url using base url from config using pretty urls" class="Hyde\Framework\Testing\Feature\HydePageTest" classname="Hyde.Framework.Testing.Feature.HydePageTest" assertions="1" time="0.021244"/>
        <testcase name="Canonical url is null when no base url is set" file="Hyde Page (Hyde\Framework\Testing\Feature\HydePage)::Canonical url is null when no base url is set" class="Hyde\Framework\Testing\Feature\HydePageTest" classname="Hyde.Framework.Testing.Feature.HydePageTest" assertions="1" time="0.020957"/>
        <testcase name="Render page metadata returns string" file="Hyde Page (Hyde\Framework\Testing\Feature\HydePage)::Render page metadata returns string" class="Hyde\Framework\Testing\Feature\HydePageTest" classname="Hyde.Framework.Testing.Feature.HydePageTest" assertions="1" time="0.021021"/>
        <testcase name="Has method returns true if page has standard property" file="Hyde Page (Hyde\Framework\Testing\Feature\HydePage)::Has method returns true if page has standard property" class="Hyde\Framework\Testing\Feature\HydePageTest" classname="Hyde.Framework.Testing.Feature.HydePageTest" assertions="1" time="0.021103"/>
        <testcase name="Has method returns false if page does not have standard property" file="Hyde Page (Hyde\Framework\Testing\Feature\HydePage)::Has method returns false if page does not have standard property" class="Hyde\Framework\Testing\Feature\HydePageTest" classname="Hyde.Framework.Testing.Feature.HydePageTest" assertions="1" time="0.020706"/>
        <testcase name="Has method returns true if page has dynamic property" file="Hyde Page (Hyde\Framework\Testing\Feature\HydePage)::Has method returns true if page has dynamic property" class="Hyde\Framework\Testing\Feature\HydePageTest" classname="Hyde.Framework.Testing.Feature.HydePageTest" assertions="1" time="0.020626"/>
        <testcase name="Has method returns false if page does not have dynamic property" file="Hyde Page (Hyde\Framework\Testing\Feature\HydePage)::Has method returns false if page does not have dynamic property" class="Hyde\Framework\Testing\Feature\HydePageTest" classname="Hyde.Framework.Testing.Feature.HydePageTest" assertions="1" time="0.020679"/>
        <testcase name="Has method returns true if page has property set in front matter" file="Hyde Page (Hyde\Framework\Testing\Feature\HydePage)::Has method returns true if page has property set in front matter" class="Hyde\Framework\Testing\Feature\HydePageTest" classname="Hyde.Framework.Testing.Feature.HydePageTest" assertions="1" time="0.020766"/>
        <testcase name="Has method returns false if page does not have property set in front matter" file="Hyde Page (Hyde\Framework\Testing\Feature\HydePage)::Has method returns false if page does not have property set in front matter" class="Hyde\Framework\Testing\Feature\HydePageTest" classname="Hyde.Framework.Testing.Feature.HydePageTest" assertions="1" time="0.020658"/>
        <testcase name="Has method returns false if property exists but is blank" file="Hyde Page (Hyde\Framework\Testing\Feature\HydePage)::Has method returns false if property exists but is blank" class="Hyde\Framework\Testing\Feature\HydePageTest" classname="Hyde.Framework.Testing.Feature.HydePageTest" assertions="2" time="0.021061"/>
        <testcase name="Has method returns true if page has blank property set in front matter" file="Hyde Page (Hyde\Framework\Testing\Feature\HydePage)::Has method returns true if page has blank property set in front matter" class="Hyde\Framework\Testing\Feature\HydePageTest" classname="Hyde.Framework.Testing.Feature.HydePageTest" assertions="2" time="0.021751"/>
        <testcase name="Markdown pages can be saved to disk" file="Hyde Page (Hyde\Framework\Testing\Feature\HydePage)::Markdown pages can be saved to disk" class="Hyde\Framework\Testing\Feature\HydePageTest" classname="Hyde.Framework.Testing.Feature.HydePageTest" assertions="1" time="0.021538"/>
        <testcase name="Save method converts front matter array to yaml block" file="Hyde Page (Hyde\Framework\Testing\Feature\HydePage)::Save method converts front matter array to yaml block" class="Hyde\Framework\Testing\Feature\HydePageTest" classname="Hyde.Framework.Testing.Feature.HydePageTest" assertions="1" time="0.021947"/>
        <testcase name="Save method writes page body to file" file="Hyde Page (Hyde\Framework\Testing\Feature\HydePage)::Save method writes page body to file" class="Hyde\Framework\Testing\Feature\HydePageTest" classname="Hyde.Framework.Testing.Feature.HydePageTest" assertions="1" time="0.021643"/>
        <testcase name="Save method writes page body to file with front matter" file="Hyde Page (Hyde\Framework\Testing\Feature\HydePage)::Save method writes page body to file with front matter" class="Hyde\Framework\Testing\Feature\HydePageTest" classname="Hyde.Framework.Testing.Feature.HydePageTest" assertions="1" time="0.021673"/>
        <testcase name="New markdown pages can be saved" file="Hyde Page (Hyde\Framework\Testing\Feature\HydePage)::New markdown pages can be saved" class="Hyde\Framework\Testing\Feature\HydePageTest" classname="Hyde.Framework.Testing.Feature.HydePageTest" assertions="2" time="0.021678"/>
        <testcase name="Existing parsed markdown pages can be saved" file="Hyde Page (Hyde\Framework\Testing\Feature\HydePage)::Existing parsed markdown pages can be saved" class="Hyde\Framework\Testing\Feature\HydePageTest" classname="Hyde.Framework.Testing.Feature.HydePageTest" assertions="4" time="0.026779"/>
        <testcase name="Save method creates source directory if it does not exist" file="Hyde Page (Hyde\Framework\Testing\Feature\HydePage)::Save method creates source directory if it does not exist" class="Hyde\Framework\Testing\Feature\HydePageTest" classname="Hyde.Framework.Testing.Feature.HydePageTest" assertions="3" time="0.022051"/>
        <testcase name="Save method creates source directory recursively if it does not exist" file="Hyde Page (Hyde\Framework\Testing\Feature\HydePage)::Save method creates source directory recursively if it does not exist" class="Hyde\Framework\Testing\Feature\HydePageTest" classname="Hyde.Framework.Testing.Feature.HydePageTest" assertions="4" time="0.022397"/>
        <testcase name="Markdown posts can be saved" file="Hyde Page (Hyde\Framework\Testing\Feature\HydePage)::Markdown posts can be saved" class="Hyde\Framework\Testing\Feature\HydePageTest" classname="Hyde.Framework.Testing.Feature.HydePageTest" assertions="1" time="0.022318"/>
        <testcase name="Documentation pages can be saved" file="Hyde Page (Hyde\Framework\Testing\Feature\HydePage)::Documentation pages can be saved" class="Hyde\Framework\Testing\Feature\HydePageTest" classname="Hyde.Framework.Testing.Feature.HydePageTest" assertions="1" time="0.021677"/>
        <testcase name="Get method can access data from page" file="Hyde Page (Hyde\Framework\Testing\Feature\HydePage)::Get method can access data from page" class="Hyde\Framework\Testing\Feature\HydePageTest" classname="Hyde.Framework.Testing.Feature.HydePageTest" assertions="1" time="0.020971"/>
        <testcase name="Get method can access nested data from page" file="Hyde Page (Hyde\Framework\Testing\Feature\HydePage)::Get method can access nested data from page" class="Hyde\Framework\Testing\Feature\HydePageTest" classname="Hyde.Framework.Testing.Feature.HydePageTest" assertions="1" time="0.020962"/>
        <testcase name="Get method can access nested data from page with dot notation" file="Hyde Page (Hyde\Framework\Testing\Feature\HydePage)::Get method can access nested data from page with dot notation" class="Hyde\Framework\Testing\Feature\HydePageTest" classname="Hyde.Framework.Testing.Feature.HydePageTest" assertions="1" time="0.021131"/>
        <testcase name="Get link with pretty urls" file="Hyde Page (Hyde\Framework\Testing\Feature\HydePage)::Get link with pretty urls" class="Hyde\Framework\Testing\Feature\HydePageTest" classname="Hyde.Framework.Testing.Feature.HydePageTest" assertions="1" time="0.020933"/>
        <testcase name="Get link uses hyperlinks helper" file="Hyde Page (Hyde\Framework\Testing\Feature\HydePage)::Get link uses hyperlinks helper" class="Hyde\Framework\Testing\Feature\HydePageTest" classname="Hyde.Framework.Testing.Feature.HydePageTest" assertions="1" time="0.021377"/>
        <testcase name="Path helpers return same result as fluent filesystem helpers" file="Hyde Page (Hyde\Framework\Testing\Feature\HydePage)::Path helpers return same result as fluent filesystem helpers" class="Hyde\Framework\Testing\Feature\HydePageTest" classname="Hyde.Framework.Testing.Feature.HydePageTest" assertions="4" time="0.020110"/>
        <testcase name="All pages are routable" file="Hyde Page (Hyde\Framework\Testing\Feature\HydePage)::All pages are routable" class="Hyde\Framework\Testing\Feature\HydePageTest" classname="Hyde.Framework.Testing.Feature.HydePageTest" assertions="25" time="0.071629"/>
        <testcase name="Navigation data factory hides page from navigation when in a subdirectory" file="Hyde Page (Hyde\Framework\Testing\Feature\HydePage)::Navigation data factory hides page from navigation when in a subdirectory" class="Hyde\Framework\Testing\Feature\HydePageTest" classname="Hyde.Framework.Testing.Feature.HydePageTest" assertions="2" time="0.021661"/>
        <testcase name="Navigation data factory hides page from navigation when in a and config is set to hidden" file="Hyde Page (Hyde\Framework\Testing\Feature\HydePage)::Navigation data factory hides page from navigation when in a and config is set to hidden" class="Hyde\Framework\Testing\Feature\HydePageTest" classname="Hyde.Framework.Testing.Feature.HydePageTest" assertions="2" time="0.021108"/>
        <testcase name="Navigation data factory does not hide page from navigation when in a subdirectory and allowed in configuration" file="Hyde Page (Hyde\Framework\Testing\Feature\HydePage)::Navigation data factory does not hide page from navigation when in a subdirectory and allowed in configuration" class="Hyde\Framework\Testing\Feature\HydePageTest" classname="Hyde.Framework.Testing.Feature.HydePageTest" assertions="2" time="0.025703"/>
        <testcase name="Navigation data factory allows show in navigation and sets group when dropdown is selected in config" file="Hyde Page (Hyde\Framework\Testing\Feature\HydePage)::Navigation data factory allows show in navigation and sets group when dropdown is selected in config" class="Hyde\Framework\Testing\Feature\HydePageTest" classname="Hyde.Framework.Testing.Feature.HydePageTest" assertions="2" time="0.021346"/>
        <testcase name="Is discoverable method returns true for discoverable pages" file="Hyde Page (Hyde\Framework\Testing\Feature\HydePage)::Is discoverable method returns true for discoverable pages" class="Hyde\Framework\Testing\Feature\HydePageTest" classname="Hyde.Framework.Testing.Feature.HydePageTest" assertions="1" time="0.019621"/>
        <testcase name="Is discoverable method returns false for non discoverable pages" file="Hyde Page (Hyde\Framework\Testing\Feature\HydePage)::Is discoverable method returns false for non discoverable pages" class="Hyde\Framework\Testing\Feature\HydePageTest" classname="Hyde.Framework.Testing.Feature.HydePageTest" assertions="1" time="0.019888"/>
        <testcase name="Is discoverable method requires all required data to be present" file="Hyde Page (Hyde\Framework\Testing\Feature\HydePage)::Is discoverable method requires all required data to be present" class="Hyde\Framework\Testing\Feature\HydePageTest" classname="Hyde.Framework.Testing.Feature.HydePageTest" assertions="1" time="0.019789"/>
        <testcase name="Is discoverable method requires source directory to be filled" file="Hyde Page (Hyde\Framework\Testing\Feature\HydePage)::Is discoverable method requires source directory to be filled" class="Hyde\Framework\Testing\Feature\HydePageTest" classname="Hyde.Framework.Testing.Feature.HydePageTest" assertions="1" time="0.019836"/>
        <testcase name="All core extension pages are discoverable" file="Hyde Page (Hyde\Framework\Testing\Feature\HydePage)::All core extension pages are discoverable" class="Hyde\Framework\Testing\Feature\HydePageTest" classname="Hyde.Framework.Testing.Feature.HydePageTest" assertions="5" time="0.020397"/>
        <testcase name="Nested index pages show up in navigation" file="Hyde Page (Hyde\Framework\Testing\Feature\HydePage)::Nested index pages show up in navigation" class="Hyde\Framework\Testing\Feature\HydePageTest" classname="Hyde.Framework.Testing.Feature.HydePageTest" assertions="2" time="0.021202"/>
      </testsuite>
      <testsuite name="Hyde\Framework\Testing\Feature\HydeServiceProviderTest" file="Hyde Service Provider (Hyde\Framework\Testing\Feature\HydeServiceProvider)" tests="21" assertions="95" errors="0" failures="0" skipped="0" time="0.649043">
        <testcase name="Provider is constructed" file="Hyde Service Provider (Hyde\Framework\Testing\Feature\HydeServiceProvider)::Provider is constructed" class="Hyde\Framework\Testing\Feature\HydeServiceProviderTest" classname="Hyde.Framework.Testing.Feature.HydeServiceProviderTest" assertions="1" time="0.213991"/>
        <testcase name="Provider has register method" file="Hyde Service Provider (Hyde\Framework\Testing\Feature\HydeServiceProvider)::Provider has register method" class="Hyde\Framework\Testing\Feature\HydeServiceProviderTest" classname="Hyde.Framework.Testing.Feature.HydeServiceProviderTest" assertions="1" time="0.033166"/>
        <testcase name="Provider has boot method" file="Hyde Service Provider (Hyde\Framework\Testing\Feature\HydeServiceProvider)::Provider has boot method" class="Hyde\Framework\Testing\Feature\HydeServiceProviderTest" classname="Hyde.Framework.Testing.Feature.HydeServiceProviderTest" assertions="1" time="0.020498"/>
        <testcase name="Provider registers asset service as singleton" file="Hyde Service Provider (Hyde\Framework\Testing\Feature\HydeServiceProvider)::Provider registers asset service as singleton" class="Hyde\Framework\Testing\Feature\HydeServiceProviderTest" classname="Hyde.Framework.Testing.Feature.HydeServiceProviderTest" assertions="3" time="0.019879"/>
        <testcase name="Provider registers build task service as singleton" file="Hyde Service Provider (Hyde\Framework\Testing\Feature\HydeServiceProvider)::Provider registers build task service as singleton" class="Hyde\Framework\Testing\Feature\HydeServiceProviderTest" classname="Hyde.Framework.Testing.Feature.HydeServiceProviderTest" assertions="3" time="0.024428"/>
        <testcase name="Provider registers source directories" file="Hyde Service Provider (Hyde\Framework\Testing\Feature\HydeServiceProvider)::Provider registers source directories" class="Hyde\Framework\Testing\Feature\HydeServiceProviderTest" classname="Hyde.Framework.Testing.Feature.HydeServiceProviderTest" assertions="8" time="0.020688"/>
        <testcase name="Provider registers output directories" file="Hyde Service Provider (Hyde\Framework\Testing\Feature\HydeServiceProvider)::Provider registers output directories" class="Hyde\Framework\Testing\Feature\HydeServiceProviderTest" classname="Hyde.Framework.Testing.Feature.HydeServiceProviderTest" assertions="8" time="0.020973"/>
        <testcase name="Custom source roots are applied to the page models" file="Hyde Service Provider (Hyde\Framework\Testing\Feature\HydeServiceProvider)::Custom source roots are applied to the page models" class="Hyde\Framework\Testing\Feature\HydeServiceProviderTest" classname="Hyde.Framework.Testing.Feature.HydeServiceProviderTest" assertions="8" time="0.021131"/>
        <testcase name="Source root set in config is assigned" file="Hyde Service Provider (Hyde\Framework\Testing\Feature\HydeServiceProvider)::Source root set in config is assigned" class="Hyde\Framework\Testing\Feature\HydeServiceProviderTest" classname="Hyde.Framework.Testing.Feature.HydeServiceProviderTest" assertions="3" time="0.020602"/>
        <testcase name="Provider registers site output directory" file="Hyde Service Provider (Hyde\Framework\Testing\Feature\HydeServiceProvider)::Provider registers site output directory" class="Hyde\Framework\Testing\Feature\HydeServiceProviderTest" classname="Hyde.Framework.Testing.Feature.HydeServiceProviderTest" assertions="2" time="0.020598"/>
        <testcase name="Provider registers media directory" file="Hyde Service Provider (Hyde\Framework\Testing\Feature\HydeServiceProvider)::Provider registers media directory" class="Hyde\Framework\Testing\Feature\HydeServiceProviderTest" classname="Hyde.Framework.Testing.Feature.HydeServiceProviderTest" assertions="3" time="0.020503"/>
        <testcase name="Provider registers blade view discovery location for configured blade view path" file="Hyde Service Provider (Hyde\Framework\Testing\Feature\HydeServiceProvider)::Provider registers blade view discovery location for configured blade view path" class="Hyde\Framework\Testing\Feature\HydeServiceProviderTest" classname="Hyde.Framework.Testing.Feature.HydeServiceProviderTest" assertions="2" time="0.020648"/>
        <testcase name="Blade view locations are only registered once per key" file="Hyde Service Provider (Hyde\Framework\Testing\Feature\HydeServiceProvider)::Blade view locations are only registered once per key" class="Hyde\Framework\Testing\Feature\HydeServiceProviderTest" classname="Hyde.Framework.Testing.Feature.HydeServiceProviderTest" assertions="2" time="0.021287"/>
        <testcase name="Provider registers console commands" file="Hyde Service Provider (Hyde\Framework\Testing\Feature\HydeServiceProvider)::Provider registers console commands" class="Hyde\Framework\Testing\Feature\HydeServiceProviderTest" classname="Hyde.Framework.Testing.Feature.HydeServiceProviderTest" assertions="18" time="0.025101"/>
        <testcase name="Provider registers additional module service providers" file="Hyde Service Provider (Hyde\Framework\Testing\Feature\HydeServiceProvider)::Provider registers additional module service providers" class="Hyde\Framework\Testing\Feature\HydeServiceProviderTest" classname="Hyde.Framework.Testing.Feature.HydeServiceProviderTest" assertions="1" time="0.020446"/>
        <testcase name="Provider registers all page model source paths" file="Hyde Service Provider (Hyde\Framework\Testing\Feature\HydeServiceProvider)::Provider registers all page model source paths" class="Hyde\Framework\Testing\Feature\HydeServiceProviderTest" classname="Hyde.Framework.Testing.Feature.HydeServiceProviderTest" assertions="6" time="0.021311"/>
        <testcase name="Provider registers all page model output paths" file="Hyde Service Provider (Hyde\Framework\Testing\Feature\HydeServiceProvider)::Provider registers all page model output paths" class="Hyde\Framework\Testing\Feature\HydeServiceProviderTest" classname="Hyde.Framework.Testing.Feature.HydeServiceProviderTest" assertions="5" time="0.021104"/>
        <testcase name="Provider registers source directories using options in configuration" file="Hyde Service Provider (Hyde\Framework\Testing\Feature\HydeServiceProvider)::Provider registers source directories using options in configuration" class="Hyde\Framework\Testing\Feature\HydeServiceProviderTest" classname="Hyde.Framework.Testing.Feature.HydeServiceProviderTest" assertions="5" time="0.020718"/>
        <testcase name="Source directories can be set using kebab case class names" file="Hyde Service Provider (Hyde\Framework\Testing\Feature\HydeServiceProvider)::Source directories can be set using kebab case class names" class="Hyde\Framework\Testing\Feature\HydeServiceProviderTest" classname="Hyde.Framework.Testing.Feature.HydeServiceProviderTest" assertions="5" time="0.020677"/>
        <testcase name="Provider registers output directories using options in configuration" file="Hyde Service Provider (Hyde\Framework\Testing\Feature\HydeServiceProvider)::Provider registers output directories using options in configuration" class="Hyde\Framework\Testing\Feature\HydeServiceProviderTest" classname="Hyde.Framework.Testing.Feature.HydeServiceProviderTest" assertions="5" time="0.020673"/>
        <testcase name="Output directories can be set using kebab case class names" file="Hyde Service Provider (Hyde\Framework\Testing\Feature\HydeServiceProvider)::Output directories can be set using kebab case class names" class="Hyde\Framework\Testing\Feature\HydeServiceProviderTest" classname="Hyde.Framework.Testing.Feature.HydeServiceProviderTest" assertions="5" time="0.020621"/>
      </testsuite>
      <testsuite name="Hyde\Framework\Testing\Feature\IncludesFacadeTest" file="Includes Facade (Hyde\Framework\Testing\Feature\IncludesFacade)" tests="14" assertions="19" errors="0" failures="0" skipped="0" time="0.327465">
        <testcase name="Path returns the includes directory" file="Includes Facade (Hyde\Framework\Testing\Feature\IncludesFacade)::Path returns the includes directory" class="Hyde\Framework\Testing\Feature\IncludesFacadeTest" classname="Hyde.Framework.Testing.Feature.IncludesFacadeTest" assertions="1" time="0.047124"/>
        <testcase name="Path returns a partial within the includes directory" file="Includes Facade (Hyde\Framework\Testing\Feature\IncludesFacade)::Path returns a partial within the includes directory" class="Hyde\Framework\Testing\Feature\IncludesFacadeTest" classname="Hyde.Framework.Testing.Feature.IncludesFacadeTest" assertions="1" time="0.019417"/>
        <testcase name="Path creates directory if it does not exist" file="Includes Facade (Hyde\Framework\Testing\Feature\IncludesFacade)::Path creates directory if it does not exist" class="Hyde\Framework\Testing\Feature\IncludesFacadeTest" classname="Hyde.Framework.Testing.Feature.IncludesFacadeTest" assertions="2" time="0.020175"/>
        <testcase name="Get returns partial" file="Includes Facade (Hyde\Framework\Testing\Feature\IncludesFacade)::Get returns partial" class="Hyde\Framework\Testing\Feature\IncludesFacadeTest" classname="Hyde.Framework.Testing.Feature.IncludesFacadeTest" assertions="1" time="0.020077"/>
        <testcase name="Get returns default value when not found" file="Includes Facade (Hyde\Framework\Testing\Feature\IncludesFacade)::Get returns default value when not found" class="Hyde\Framework\Testing\Feature\IncludesFacadeTest" classname="Hyde.Framework.Testing.Feature.IncludesFacadeTest" assertions="2" time="0.019950"/>
        <testcase name="Html returns rendered partial" file="Includes Facade (Hyde\Framework\Testing\Feature\IncludesFacade)::Html returns rendered partial" class="Hyde\Framework\Testing\Feature\IncludesFacadeTest" classname="Hyde.Framework.Testing.Feature.IncludesFacadeTest" assertions="1" time="0.019818"/>
        <testcase name="Html returns efault value when not found" file="Includes Facade (Hyde\Framework\Testing\Feature\IncludesFacade)::Html returns efault value when not found" class="Hyde\Framework\Testing\Feature\IncludesFacadeTest" classname="Hyde.Framework.Testing.Feature.IncludesFacadeTest" assertions="2" time="0.020527"/>
        <testcase name="Html with and without extension" file="Includes Facade (Hyde\Framework\Testing\Feature\IncludesFacade)::Html with and without extension" class="Hyde\Framework\Testing\Feature\IncludesFacadeTest" classname="Hyde.Framework.Testing.Feature.IncludesFacadeTest" assertions="1" time="0.020120"/>
        <testcase name="Markdown returns rendered partial" file="Includes Facade (Hyde\Framework\Testing\Feature\IncludesFacade)::Markdown returns rendered partial" class="Hyde\Framework\Testing\Feature\IncludesFacadeTest" classname="Hyde.Framework.Testing.Feature.IncludesFacadeTest" assertions="1" time="0.021101"/>
        <testcase name="Markdown returns rendered default value when not found" file="Includes Facade (Hyde\Framework\Testing\Feature\IncludesFacade)::Markdown returns rendered default value when not found" class="Hyde\Framework\Testing\Feature\IncludesFacadeTest" classname="Hyde.Framework.Testing.Feature.IncludesFacadeTest" assertions="2" time="0.033746"/>
        <testcase name="Markdown with and without extension" file="Includes Facade (Hyde\Framework\Testing\Feature\IncludesFacade)::Markdown with and without extension" class="Hyde\Framework\Testing\Feature\IncludesFacadeTest" classname="Hyde.Framework.Testing.Feature.IncludesFacadeTest" assertions="1" time="0.022208"/>
        <testcase name="Blade returns rendered partial" file="Includes Facade (Hyde\Framework\Testing\Feature\IncludesFacade)::Blade returns rendered partial" class="Hyde\Framework\Testing\Feature\IncludesFacadeTest" classname="Hyde.Framework.Testing.Feature.IncludesFacadeTest" assertions="1" time="0.021173"/>
        <testcase name="Blade with and without extension" file="Includes Facade (Hyde\Framework\Testing\Feature\IncludesFacade)::Blade with and without extension" class="Hyde\Framework\Testing\Feature\IncludesFacadeTest" classname="Hyde.Framework.Testing.Feature.IncludesFacadeTest" assertions="1" time="0.021110"/>
        <testcase name="Blade returns rendered default value when not found" file="Includes Facade (Hyde\Framework\Testing\Feature\IncludesFacade)::Blade returns rendered default value when not found" class="Hyde\Framework\Testing\Feature\IncludesFacadeTest" classname="Hyde.Framework.Testing.Feature.IncludesFacadeTest" assertions="2" time="0.020920"/>
      </testsuite>
      <testsuite name="Hyde\Framework\Testing\Feature\LoadYamlConfigurationTest" file="Load Yaml Configuration (Hyde\Framework\Testing\Feature\LoadYamlConfiguration)" tests="18" assertions="33" errors="0" failures="0" skipped="0" time="0.387772">
        <testcase name="Can define hyde config settings in hyde yml file" file="Load Yaml Configuration (Hyde\Framework\Testing\Feature\LoadYamlConfiguration)::Can define hyde config settings in hyde yml file" class="Hyde\Framework\Testing\Feature\LoadYamlConfigurationTest" classname="Hyde.Framework.Testing.Feature.LoadYamlConfigurationTest" assertions="9" time="0.040231"/>
        <testcase name="Can define multiple config settings in hyde yml file" file="Load Yaml Configuration (Hyde\Framework\Testing\Feature\LoadYamlConfiguration)::Can define multiple config settings in hyde yml file" class="Hyde\Framework\Testing\Feature\LoadYamlConfigurationTest" classname="Hyde.Framework.Testing.Feature.LoadYamlConfigurationTest" assertions="3" time="0.020643"/>
        <testcase name="Bootstrapper applies yaml configuration when present" file="Load Yaml Configuration (Hyde\Framework\Testing\Feature\LoadYamlConfiguration)::Bootstrapper applies yaml configuration when present" class="Hyde\Framework\Testing\Feature\LoadYamlConfigurationTest" classname="Hyde.Framework.Testing.Feature.LoadYamlConfigurationTest" assertions="1" time="0.020259"/>
        <testcase name="Changes in yaml file override changes in hyde config" file="Load Yaml Configuration (Hyde\Framework\Testing\Feature\LoadYamlConfiguration)::Changes in yaml file override changes in hyde config" class="Hyde\Framework\Testing\Feature\LoadYamlConfigurationTest" classname="Hyde.Framework.Testing.Feature.LoadYamlConfigurationTest" assertions="1" time="0.020213"/>
        <testcase name="Changes in yaml file override changes in hyde config when using yaml extension" file="Load Yaml Configuration (Hyde\Framework\Testing\Feature\LoadYamlConfiguration)::Changes in yaml file override changes in hyde config when using yaml extension" class="Hyde\Framework\Testing\Feature\LoadYamlConfigurationTest" classname="Hyde.Framework.Testing.Feature.LoadYamlConfigurationTest" assertions="1" time="0.020361"/>
        <testcase name="Service gracefully handles missing file" file="Load Yaml Configuration (Hyde\Framework\Testing\Feature\LoadYamlConfiguration)::Service gracefully handles missing file" class="Hyde\Framework\Testing\Feature\LoadYamlConfigurationTest" classname="Hyde.Framework.Testing.Feature.LoadYamlConfigurationTest" assertions="1" time="0.019658"/>
        <testcase name="Service gracefully handles empty file" file="Load Yaml Configuration (Hyde\Framework\Testing\Feature\LoadYamlConfiguration)::Service gracefully handles empty file" class="Hyde\Framework\Testing\Feature\LoadYamlConfigurationTest" classname="Hyde.Framework.Testing.Feature.LoadYamlConfigurationTest" assertions="1" time="0.019951"/>
        <testcase name="Can add arbitrary config keys" file="Load Yaml Configuration (Hyde\Framework\Testing\Feature\LoadYamlConfiguration)::Can add arbitrary config keys" class="Hyde\Framework\Testing\Feature\LoadYamlConfigurationTest" classname="Hyde.Framework.Testing.Feature.LoadYamlConfigurationTest" assertions="1" time="0.020301"/>
        <testcase name="Configuration options are merged" file="Load Yaml Configuration (Hyde\Framework\Testing\Feature\LoadYamlConfiguration)::Configuration options are merged" class="Hyde\Framework\Testing\Feature\LoadYamlConfigurationTest" classname="Hyde.Framework.Testing.Feature.LoadYamlConfigurationTest" assertions="1" time="0.020305"/>
        <testcase name="Can add configuration options in namespaced array" file="Load Yaml Configuration (Hyde\Framework\Testing\Feature\LoadYamlConfiguration)::Can add configuration options in namespaced array" class="Hyde\Framework\Testing\Feature\LoadYamlConfigurationTest" classname="Hyde.Framework.Testing.Feature.LoadYamlConfigurationTest" assertions="3" time="0.020827"/>
        <testcase name="Can add arbitrary namespaced data" file="Load Yaml Configuration (Hyde\Framework\Testing\Feature\LoadYamlConfiguration)::Can add arbitrary namespaced data" class="Hyde\Framework\Testing\Feature\LoadYamlConfigurationTest" classname="Hyde.Framework.Testing.Feature.LoadYamlConfigurationTest" assertions="1" time="0.020523"/>
        <testcase name="Additional namespaces require the hyde namespace to be present" file="Load Yaml Configuration (Hyde\Framework\Testing\Feature\LoadYamlConfiguration)::Additional namespaces require the hyde namespace to be present" class="Hyde\Framework\Testing\Feature\LoadYamlConfigurationTest" classname="Hyde.Framework.Testing.Feature.LoadYamlConfigurationTest" assertions="1" time="0.020341"/>
        <testcase name="Additional namespaces requires hyde namespace to be the first entry" file="Load Yaml Configuration (Hyde\Framework\Testing\Feature\LoadYamlConfiguration)::Additional namespaces requires hyde namespace to be the first entry" class="Hyde\Framework\Testing\Feature\LoadYamlConfigurationTest" classname="Hyde.Framework.Testing.Feature.LoadYamlConfigurationTest" assertions="1" time="0.020800"/>
        <testcase name="Hyde namespace can be empty" file="Load Yaml Configuration (Hyde\Framework\Testing\Feature\LoadYamlConfiguration)::Hyde namespace can be empty" class="Hyde\Framework\Testing\Feature\LoadYamlConfigurationTest" classname="Hyde.Framework.Testing.Feature.LoadYamlConfigurationTest" assertions="1" time="0.020537"/>
        <testcase name="Hyde namespace can be null" file="Load Yaml Configuration (Hyde\Framework\Testing\Feature\LoadYamlConfiguration)::Hyde namespace can be null" class="Hyde\Framework\Testing\Feature\LoadYamlConfigurationTest" classname="Hyde.Framework.Testing.Feature.LoadYamlConfigurationTest" assertions="1" time="0.020672"/>
        <testcase name="Hyde namespace can blank" file="Load Yaml Configuration (Hyde\Framework\Testing\Feature\LoadYamlConfiguration)::Hyde namespace can blank" class="Hyde\Framework\Testing\Feature\LoadYamlConfigurationTest" classname="Hyde.Framework.Testing.Feature.LoadYamlConfigurationTest" assertions="1" time="0.020559"/>
        <testcase name="Dot notation can be used" file="Load Yaml Configuration (Hyde\Framework\Testing\Feature\LoadYamlConfiguration)::Dot notation can be used" class="Hyde\Framework\Testing\Feature\LoadYamlConfigurationTest" classname="Hyde.Framework.Testing.Feature.LoadYamlConfigurationTest" assertions="2" time="0.020456"/>
        <testcase name="Dot notation can be used with namespaces" file="Load Yaml Configuration (Hyde\Framework\Testing\Feature\LoadYamlConfiguration)::Dot notation can be used with namespaces" class="Hyde\Framework\Testing\Feature\LoadYamlConfigurationTest" classname="Hyde.Framework.Testing.Feature.LoadYamlConfigurationTest" assertions="3" time="0.021135"/>
      </testsuite>
      <testsuite name="Hyde\Framework\Testing\Feature\MarkdownFileParserTest" file="Markdown File Parser (Hyde\Framework\Testing\Feature\MarkdownFileParser)" tests="3" assertions="9" errors="0" failures="0" skipped="0" time="0.032578">
        <testcase name="Can parse markdown file" file="Markdown File Parser (Hyde\Framework\Testing\Feature\MarkdownFileParser)::Can parse markdown file" class="Hyde\Framework\Testing\Feature\MarkdownFileParserTest" classname="Hyde.Framework.Testing.Feature.MarkdownFileParserTest" assertions="3" time="0.026126"/>
        <testcase name="Can parse markdown file with front matter" file="Markdown File Parser (Hyde\Framework\Testing\Feature\MarkdownFileParser)::Can parse markdown file with front matter" class="Hyde\Framework\Testing\Feature\MarkdownFileParserTest" classname="Hyde.Framework.Testing.Feature.MarkdownFileParserTest" assertions="3" time="0.003266"/>
        <testcase name="Parsed markdown post contains valid front matter" file="Markdown File Parser (Hyde\Framework\Testing\Feature\MarkdownFileParser)::Parsed markdown post contains valid front matter" class="Hyde\Framework\Testing\Feature\MarkdownFileParserTest" classname="Hyde.Framework.Testing.Feature.MarkdownFileParserTest" assertions="3" time="0.003186"/>
      </testsuite>
      <testsuite name="Hyde\Framework\Testing\Feature\MarkdownPostTest" file="Markdown Post (Hyde\Framework\Testing\Feature\MarkdownPost)" tests="9" assertions="22" errors="0" failures="0" skipped="0" time="0.205779">
        <testcase name="Constructor can create a new author instance from username string" file="Markdown Post (Hyde\Framework\Testing\Feature\MarkdownPost)::Constructor can create a new author instance from username string" class="Hyde\Framework\Testing\Feature\MarkdownPostTest" classname="Hyde.Framework.Testing.Feature.MarkdownPostTest" assertions="4" time="0.025061"/>
        <testcase name="Constructor can create a new author instance from user array" file="Markdown Post (Hyde\Framework\Testing\Feature\MarkdownPost)::Constructor can create a new author instance from user array" class="Hyde\Framework\Testing\Feature\MarkdownPostTest" classname="Hyde.Framework.Testing.Feature.MarkdownPostTest" assertions="4" time="0.020654"/>
        <testcase name="Constructor can create a new image instance from a string" file="Markdown Post (Hyde\Framework\Testing\Feature\MarkdownPost)::Constructor can create a new image instance from a string" class="Hyde\Framework\Testing\Feature\MarkdownPostTest" classname="Hyde.Framework.Testing.Feature.MarkdownPostTest" assertions="2" time="0.033602"/>
        <testcase name="Constructor can create a new image instance from an array" file="Markdown Post (Hyde\Framework\Testing\Feature\MarkdownPost)::Constructor can create a new image instance from an array" class="Hyde\Framework\Testing\Feature\MarkdownPostTest" classname="Hyde.Framework.Testing.Feature.MarkdownPostTest" assertions="2" time="0.021452"/>
        <testcase name="Constructor can create a new date string instance from matter" file="Markdown Post (Hyde\Framework\Testing\Feature\MarkdownPost)::Constructor can create a new date string instance from matter" class="Hyde\Framework\Testing\Feature\MarkdownPostTest" classname="Hyde.Framework.Testing.Feature.MarkdownPostTest" assertions="2" time="0.020878"/>
        <testcase name="Featured image can be constructed returns null when no image is set in the page matter" file="Markdown Post (Hyde\Framework\Testing\Feature\MarkdownPost)::Featured image can be constructed returns null when no image is set in the page matter" class="Hyde\Framework\Testing\Feature\MarkdownPostTest" classname="Hyde.Framework.Testing.Feature.MarkdownPostTest" assertions="1" time="0.020586"/>
        <testcase name="Featured image can be constructed returns image object with local path when matter is string" file="Markdown Post (Hyde\Framework\Testing\Feature\MarkdownPost)::Featured image can be constructed returns image object with local path when matter is string" class="Hyde\Framework\Testing\Feature\MarkdownPostTest" classname="Hyde.Framework.Testing.Feature.MarkdownPostTest" assertions="2" time="0.021182"/>
        <testcase name="Featured image can be constructed returns image object with remote path when matter is string" file="Markdown Post (Hyde\Framework\Testing\Feature\MarkdownPost)::Featured image can be constructed returns image object with remote path when matter is string" class="Hyde\Framework\Testing\Feature\MarkdownPostTest" classname="Hyde.Framework.Testing.Feature.MarkdownPostTest" assertions="2" time="0.020978"/>
        <testcase name="Featured image can be constructed returns image object with supplied data when matter is array" file="Markdown Post (Hyde\Framework\Testing\Feature\MarkdownPost)::Featured image can be constructed returns image object with supplied data when matter is array" class="Hyde\Framework\Testing\Feature\MarkdownPostTest" classname="Hyde.Framework.Testing.Feature.MarkdownPostTest" assertions="3" time="0.021385"/>
      </testsuite>
      <testsuite name="Hyde\Framework\Testing\Feature\MarkdownServiceTest" file="Markdown Service (Hyde\Framework\Testing\Feature\MarkdownService)" tests="31" assertions="38" errors="0" failures="0" skipped="0" time="0.674815">
        <testcase name="Service can parse markdown to html" file="Markdown Service (Hyde\Framework\Testing\Feature\MarkdownService)::Service can parse markdown to html" class="Hyde\Framework\Testing\Feature\MarkdownServiceTest" classname="Hyde.Framework.Testing.Feature.MarkdownServiceTest" assertions="2" time="0.033280"/>
        <testcase name="Service can parse markdown to html with permalinks" file="Markdown Service (Hyde\Framework\Testing\Feature\MarkdownService)::Service can parse markdown to html with permalinks" class="Hyde\Framework\Testing\Feature\MarkdownServiceTest" classname="Hyde.Framework.Testing.Feature.MarkdownServiceTest" assertions="2" time="0.021687"/>
        <testcase name="Torchlight extension is not enabled by default" file="Markdown Service (Hyde\Framework\Testing\Feature\MarkdownService)::Torchlight extension is not enabled by default" class="Hyde\Framework\Testing\Feature\MarkdownServiceTest" classname="Hyde.Framework.Testing.Feature.MarkdownServiceTest" assertions="1" time="0.021297"/>
        <testcase name="Torchlight extension is enabled automatically when has torchlight feature" file="Markdown Service (Hyde\Framework\Testing\Feature\MarkdownService)::Torchlight extension is enabled automatically when has torchlight feature" class="Hyde\Framework\Testing\Feature\MarkdownServiceTest" classname="Hyde.Framework.Testing.Feature.MarkdownServiceTest" assertions="1" time="0.022459"/>
        <testcase name="Torchlight integration injects attribution" file="Markdown Service (Hyde\Framework\Testing\Feature\MarkdownService)::Torchlight integration injects attribution" class="Hyde\Framework\Testing\Feature\MarkdownServiceTest" classname="Hyde.Framework.Testing.Feature.MarkdownServiceTest" assertions="1" time="0.022279"/>
        <testcase name="Bladedown is not enabled by default" file="Markdown Service (Hyde\Framework\Testing\Feature\MarkdownService)::Bladedown is not enabled by default" class="Hyde\Framework\Testing\Feature\MarkdownServiceTest" classname="Hyde.Framework.Testing.Feature.MarkdownServiceTest" assertions="1" time="0.023240"/>
        <testcase name="Bladedown can be enabled" file="Markdown Service (Hyde\Framework\Testing\Feature\MarkdownService)::Bladedown can be enabled" class="Hyde\Framework\Testing\Feature\MarkdownServiceTest" classname="Hyde.Framework.Testing.Feature.MarkdownServiceTest" assertions="1" time="0.040049"/>
        <testcase name="Raw html tags are stripped by default" file="Markdown Service (Hyde\Framework\Testing\Feature\MarkdownService)::Raw html tags are stripped by default" class="Hyde\Framework\Testing\Feature\MarkdownServiceTest" classname="Hyde.Framework.Testing.Feature.MarkdownServiceTest" assertions="1" time="0.023157"/>
        <testcase name="Raw html tags are not stripped when explicitly enabled" file="Markdown Service (Hyde\Framework\Testing\Feature\MarkdownService)::Raw html tags are not stripped when explicitly enabled" class="Hyde\Framework\Testing\Feature\MarkdownServiceTest" classname="Hyde.Framework.Testing.Feature.MarkdownServiceTest" assertions="1" time="0.022496"/>
        <testcase name="Has features array" file="Markdown Service (Hyde\Framework\Testing\Feature\MarkdownService)::Has features array" class="Hyde\Framework\Testing\Feature\MarkdownServiceTest" classname="Hyde.Framework.Testing.Feature.MarkdownServiceTest" assertions="1" time="0.019479"/>
        <testcase name="The features array is empty by default" file="Markdown Service (Hyde\Framework\Testing\Feature\MarkdownService)::The features array is empty by default" class="Hyde\Framework\Testing\Feature\MarkdownServiceTest" classname="Hyde.Framework.Testing.Feature.MarkdownServiceTest" assertions="1" time="0.019521"/>
        <testcase name="Features can be added to the array" file="Markdown Service (Hyde\Framework\Testing\Feature\MarkdownService)::Features can be added to the array" class="Hyde\Framework\Testing\Feature\MarkdownServiceTest" classname="Hyde.Framework.Testing.Feature.MarkdownServiceTest" assertions="1" time="0.019528"/>
        <testcase name="Features can be removed from the array" file="Markdown Service (Hyde\Framework\Testing\Feature\MarkdownService)::Features can be removed from the array" class="Hyde\Framework\Testing\Feature\MarkdownServiceTest" classname="Hyde.Framework.Testing.Feature.MarkdownServiceTest" assertions="1" time="0.032909"/>
        <testcase name="Method chaining can be used to programmatically add features to the array" file="Markdown Service (Hyde\Framework\Testing\Feature\MarkdownService)::Method chaining can be used to programmatically add features to the array" class="Hyde\Framework\Testing\Feature\MarkdownServiceTest" classname="Hyde.Framework.Testing.Feature.MarkdownServiceTest" assertions="2" time="0.020299"/>
        <testcase name="Method chaining can be used to programmatically remove features from the array" file="Markdown Service (Hyde\Framework\Testing\Feature\MarkdownService)::Method chaining can be used to programmatically remove features from the array" class="Hyde\Framework\Testing\Feature\MarkdownServiceTest" classname="Hyde.Framework.Testing.Feature.MarkdownServiceTest" assertions="2" time="0.019934"/>
        <testcase name="Method with table of contents method chain adds the table of contents feature" file="Markdown Service (Hyde\Framework\Testing\Feature\MarkdownService)::Method with table of contents method chain adds the table of contents feature" class="Hyde\Framework\Testing\Feature\MarkdownServiceTest" classname="Hyde.Framework.Testing.Feature.MarkdownServiceTest" assertions="1" time="0.019593"/>
        <testcase name="Method with permalinks method chain adds the permalinks feature" file="Markdown Service (Hyde\Framework\Testing\Feature\MarkdownService)::Method with permalinks method chain adds the permalinks feature" class="Hyde\Framework\Testing\Feature\MarkdownServiceTest" classname="Hyde.Framework.Testing.Feature.MarkdownServiceTest" assertions="1" time="0.019591"/>
        <testcase name="Has feature returns true if the feature is in the array" file="Markdown Service (Hyde\Framework\Testing\Feature\MarkdownService)::Has feature returns true if the feature is in the array" class="Hyde\Framework\Testing\Feature\MarkdownServiceTest" classname="Hyde.Framework.Testing.Feature.MarkdownServiceTest" assertions="1" time="0.019498"/>
        <testcase name="Has feature returns false if the feature is not in the array" file="Markdown Service (Hyde\Framework\Testing\Feature\MarkdownService)::Has feature returns false if the feature is not in the array" class="Hyde\Framework\Testing\Feature\MarkdownServiceTest" classname="Hyde.Framework.Testing.Feature.MarkdownServiceTest" assertions="1" time="0.019401"/>
        <testcase name="Method can enable permalinks returns true if the permalinks feature is in the array" file="Markdown Service (Hyde\Framework\Testing\Feature\MarkdownService)::Method can enable permalinks returns true if the permalinks feature is in the array" class="Hyde\Framework\Testing\Feature\MarkdownServiceTest" classname="Hyde.Framework.Testing.Feature.MarkdownServiceTest" assertions="1" time="0.019573"/>
        <testcase name="Method can enable permalinks is automatically for documentation pages" file="Markdown Service (Hyde\Framework\Testing\Feature\MarkdownService)::Method can enable permalinks is automatically for documentation pages" class="Hyde\Framework\Testing\Feature\MarkdownServiceTest" classname="Hyde.Framework.Testing.Feature.MarkdownServiceTest" assertions="1" time="0.019559"/>
        <testcase name="Method can enable permalinks returns false if the permalinks feature is not in the array" file="Markdown Service (Hyde\Framework\Testing\Feature\MarkdownService)::Method can enable permalinks returns false if the permalinks feature is not in the array" class="Hyde\Framework\Testing\Feature\MarkdownServiceTest" classname="Hyde.Framework.Testing.Feature.MarkdownServiceTest" assertions="1" time="0.019578"/>
        <testcase name="Method can enable torchlight returns true if the torchlight feature is in the array" file="Markdown Service (Hyde\Framework\Testing\Feature\MarkdownService)::Method can enable torchlight returns true if the torchlight feature is in the array" class="Hyde\Framework\Testing\Feature\MarkdownServiceTest" classname="Hyde.Framework.Testing.Feature.MarkdownServiceTest" assertions="1" time="0.019552"/>
        <testcase name="Method can enable torchlight returns false if the torchlight feature is not in the array" file="Markdown Service (Hyde\Framework\Testing\Feature\MarkdownService)::Method can enable torchlight returns false if the torchlight feature is not in the array" class="Hyde\Framework\Testing\Feature\MarkdownServiceTest" classname="Hyde.Framework.Testing.Feature.MarkdownServiceTest" assertions="1" time="0.019648"/>
        <testcase name="Strip indentation method with unindented markdown" file="Markdown Service (Hyde\Framework\Testing\Feature\MarkdownService)::Strip indentation method with unindented markdown" class="Hyde\Framework\Testing\Feature\MarkdownServiceTest" classname="Hyde.Framework.Testing.Feature.MarkdownServiceTest" assertions="1" time="0.019540"/>
        <testcase name="Strip indentation method with indented markdown" file="Markdown Service (Hyde\Framework\Testing\Feature\MarkdownService)::Strip indentation method with indented markdown" class="Hyde\Framework\Testing\Feature\MarkdownServiceTest" classname="Hyde.Framework.Testing.Feature.MarkdownServiceTest" assertions="3" time="0.019794"/>
        <testcase name="Strip indentation method with tab indented markdown" file="Markdown Service (Hyde\Framework\Testing\Feature\MarkdownService)::Strip indentation method with tab indented markdown" class="Hyde\Framework\Testing\Feature\MarkdownServiceTest" classname="Hyde.Framework.Testing.Feature.MarkdownServiceTest" assertions="1" time="0.019482"/>
        <testcase name="Strip indentation method with carriage return line feed" file="Markdown Service (Hyde\Framework\Testing\Feature\MarkdownService)::Strip indentation method with carriage return line feed" class="Hyde\Framework\Testing\Feature\MarkdownServiceTest" classname="Hyde.Framework.Testing.Feature.MarkdownServiceTest" assertions="1" time="0.019511"/>
        <testcase name="Strip indentation method with code indentation" file="Markdown Service (Hyde\Framework\Testing\Feature\MarkdownService)::Strip indentation method with code indentation" class="Hyde\Framework\Testing\Feature\MarkdownServiceTest" classname="Hyde.Framework.Testing.Feature.MarkdownServiceTest" assertions="1" time="0.019559"/>
        <testcase name="Strip indentation method with empty newlines" file="Markdown Service (Hyde\Framework\Testing\Feature\MarkdownService)::Strip indentation method with empty newlines" class="Hyde\Framework\Testing\Feature\MarkdownServiceTest" classname="Hyde.Framework.Testing.Feature.MarkdownServiceTest" assertions="2" time="0.019834"/>
        <testcase name="Strip indentation method with trailing newline" file="Markdown Service (Hyde\Framework\Testing\Feature\MarkdownService)::Strip indentation method with trailing newline" class="Hyde\Framework\Testing\Feature\MarkdownServiceTest" classname="Hyde.Framework.Testing.Feature.MarkdownServiceTest" assertions="1" time="0.019484"/>
      </testsuite>
      <testsuite name="Hyde\Framework\Testing\Feature\MetadataHelperTest" file="Metadata Helper (Hyde\Framework\Testing\Feature\MetadataHelper)" tests="9" assertions="9" errors="0" failures="0" skipped="0" time="0.214995">
        <testcase name="Name method returns a valid html meta string" file="Metadata Helper (Hyde\Framework\Testing\Feature\MetadataHelper)::Name method returns a valid html meta string" class="Hyde\Framework\Testing\Feature\MetadataHelperTest" classname="Hyde.Framework.Testing.Feature.MetadataHelperTest" assertions="1" time="0.059479"/>
        <testcase name="Property method returns a valid html meta string" file="Metadata Helper (Hyde\Framework\Testing\Feature\MetadataHelper)::Property method returns a valid html meta string" class="Hyde\Framework\Testing\Feature\MetadataHelperTest" classname="Hyde.Framework.Testing.Feature.MetadataHelperTest" assertions="1" time="0.019117"/>
        <testcase name="Property method accepts property with og prefix" file="Metadata Helper (Hyde\Framework\Testing\Feature\MetadataHelper)::Property method accepts property with og prefix" class="Hyde\Framework\Testing\Feature\MetadataHelperTest" classname="Hyde.Framework.Testing.Feature.MetadataHelperTest" assertions="1" time="0.019291"/>
        <testcase name="Property method accepts property without og prefix" file="Metadata Helper (Hyde\Framework\Testing\Feature\MetadataHelper)::Property method accepts property without og prefix" class="Hyde\Framework\Testing\Feature\MetadataHelperTest" classname="Hyde.Framework.Testing.Feature.MetadataHelperTest" assertions="1" time="0.019265"/>
        <testcase name="Link method returns a valid html link string" file="Metadata Helper (Hyde\Framework\Testing\Feature\MetadataHelper)::Link method returns a valid html link string" class="Hyde\Framework\Testing\Feature\MetadataHelperTest" classname="Hyde.Framework.Testing.Feature.MetadataHelperTest" assertions="1" time="0.019418"/>
        <testcase name="Link method returns a valid html link string with attributes" file="Metadata Helper (Hyde\Framework\Testing\Feature\MetadataHelper)::Link method returns a valid html link string with attributes" class="Hyde\Framework\Testing\Feature\MetadataHelperTest" classname="Hyde.Framework.Testing.Feature.MetadataHelperTest" assertions="1" time="0.019545"/>
        <testcase name="Link method returns a valid html link string with multiple attributes" file="Metadata Helper (Hyde\Framework\Testing\Feature\MetadataHelper)::Link method returns a valid html link string with multiple attributes" class="Hyde\Framework\Testing\Feature\MetadataHelperTest" classname="Hyde.Framework.Testing.Feature.MetadataHelperTest" assertions="1" time="0.019385"/>
        <testcase name="Get method returns global metadata bag" file="Metadata Helper (Hyde\Framework\Testing\Feature\MetadataHelper)::Get method returns global metadata bag" class="Hyde\Framework\Testing\Feature\MetadataHelperTest" classname="Hyde.Framework.Testing.Feature.MetadataHelperTest" assertions="1" time="0.019851"/>
        <testcase name="Render method renders global metadata bag" file="Metadata Helper (Hyde\Framework\Testing\Feature\MetadataHelper)::Render method renders global metadata bag" class="Hyde\Framework\Testing\Feature\MetadataHelperTest" classname="Hyde.Framework.Testing.Feature.MetadataHelperTest" assertions="1" time="0.019645"/>
      </testsuite>
      <testsuite name="Hyde\Framework\Testing\Feature\MetadataTest" file="Metadata (Hyde\Framework\Testing\Feature\Metadata)" tests="48" assertions="55" errors="0" failures="0" skipped="0" time="1.032519">
        <testcase name="Metadata object is generated automatically" file="Metadata (Hyde\Framework\Testing\Feature\Metadata)::Metadata object is generated automatically" class="Hyde\Framework\Testing\Feature\MetadataTest" classname="Hyde.Framework.Testing.Feature.MetadataTest" assertions="3" time="0.033493"/>
        <testcase name="Link item model" file="Metadata (Hyde\Framework\Testing\Feature\Metadata)::Link item model" class="Hyde\Framework\Testing\Feature\MetadataTest" classname="Hyde.Framework.Testing.Feature.MetadataTest" assertions="3" time="0.019711"/>
        <testcase name="Metadata item model" file="Metadata (Hyde\Framework\Testing\Feature\Metadata)::Metadata item model" class="Hyde\Framework\Testing\Feature\MetadataTest" classname="Hyde.Framework.Testing.Feature.MetadataTest" assertions="2" time="0.019621"/>
        <testcase name="Open graph item model" file="Metadata (Hyde\Framework\Testing\Feature\Metadata)::Open graph item model" class="Hyde\Framework\Testing\Feature\MetadataTest" classname="Hyde.Framework.Testing.Feature.MetadataTest" assertions="3" time="0.019724"/>
        <testcase name="Link item can be added" file="Metadata (Hyde\Framework\Testing\Feature\Metadata)::Link item can be added" class="Hyde\Framework\Testing\Feature\MetadataTest" classname="Hyde.Framework.Testing.Feature.MetadataTest" assertions="1" time="0.020807"/>
        <testcase name="Metadata item can be added" file="Metadata (Hyde\Framework\Testing\Feature\Metadata)::Metadata item can be added" class="Hyde\Framework\Testing\Feature\MetadataTest" classname="Hyde.Framework.Testing.Feature.MetadataTest" assertions="1" time="0.020563"/>
        <testcase name="Open graph item can be added" file="Metadata (Hyde\Framework\Testing\Feature\Metadata)::Open graph item can be added" class="Hyde\Framework\Testing\Feature\MetadataTest" classname="Hyde.Framework.Testing.Feature.MetadataTest" assertions="1" time="0.020451"/>
        <testcase name="Generic item can be added" file="Metadata (Hyde\Framework\Testing\Feature\Metadata)::Generic item can be added" class="Hyde\Framework\Testing\Feature\MetadataTest" classname="Hyde.Framework.Testing.Feature.MetadataTest" assertions="1" time="0.020388"/>
        <testcase name="Multiple items can be accessed with get method" file="Metadata (Hyde\Framework\Testing\Feature\Metadata)::Multiple items can be accessed with get method" class="Hyde\Framework\Testing\Feature\MetadataTest" classname="Hyde.Framework.Testing.Feature.MetadataTest" assertions="1" time="0.021423"/>
        <testcase name="Multiple items of same key and type only keeps latest" file="Metadata (Hyde\Framework\Testing\Feature\Metadata)::Multiple items of same key and type only keeps latest" class="Hyde\Framework\Testing\Feature\MetadataTest" classname="Hyde.Framework.Testing.Feature.MetadataTest" assertions="1" time="0.021205"/>
        <testcase name="Render returns html string of imploded metadata arrays" file="Metadata (Hyde\Framework\Testing\Feature\Metadata)::Render returns html string of imploded metadata arrays" class="Hyde\Framework\Testing\Feature\MetadataTest" classname="Hyde.Framework.Testing.Feature.MetadataTest" assertions="1" time="0.020772"/>
        <testcase name="Custom metadata overrides config defined metadata" file="Metadata (Hyde\Framework\Testing\Feature\Metadata)::Custom metadata overrides config defined metadata" class="Hyde\Framework\Testing\Feature\MetadataTest" classname="Hyde.Framework.Testing.Feature.MetadataTest" assertions="1" time="0.020653"/>
        <testcase name="Dynamic metadata overrides config defined metadata" file="Metadata (Hyde\Framework\Testing\Feature\Metadata)::Dynamic metadata overrides config defined metadata" class="Hyde\Framework\Testing\Feature\MetadataTest" classname="Hyde.Framework.Testing.Feature.MetadataTest" assertions="1" time="0.020687"/>
        <testcase name="Does not add canonical link when base url is not set" file="Metadata (Hyde\Framework\Testing\Feature\Metadata)::Does not add canonical link when base url is not set" class="Hyde\Framework\Testing\Feature\MetadataTest" classname="Hyde.Framework.Testing.Feature.MetadataTest" assertions="1" time="0.020699"/>
        <testcase name="Does not add canonical link when identifier is not set" file="Metadata (Hyde\Framework\Testing\Feature\Metadata)::Does not add canonical link when identifier is not set" class="Hyde\Framework\Testing\Feature\MetadataTest" classname="Hyde.Framework.Testing.Feature.MetadataTest" assertions="1" time="0.020613"/>
        <testcase name="Adds canonical link when base url and identifier is set" file="Metadata (Hyde\Framework\Testing\Feature\Metadata)::Adds canonical link when base url and identifier is set" class="Hyde\Framework\Testing\Feature\MetadataTest" classname="Hyde.Framework.Testing.Feature.MetadataTest" assertions="1" time="0.020920"/>
        <testcase name="Canonical link uses clean url setting" file="Metadata (Hyde\Framework\Testing\Feature\Metadata)::Canonical link uses clean url setting" class="Hyde\Framework\Testing\Feature\MetadataTest" classname="Hyde.Framework.Testing.Feature.MetadataTest" assertions="1" time="0.020889"/>
        <testcase name="Can override canonical link with front matter" file="Metadata (Hyde\Framework\Testing\Feature\Metadata)::Can override canonical link with front matter" class="Hyde\Framework\Testing\Feature\MetadataTest" classname="Hyde.Framework.Testing.Feature.MetadataTest" assertions="1" time="0.020765"/>
        <testcase name="Adds twitter and open graph title when title is set" file="Metadata (Hyde\Framework\Testing\Feature\Metadata)::Adds twitter and open graph title when title is set" class="Hyde\Framework\Testing\Feature\MetadataTest" classname="Hyde.Framework.Testing.Feature.MetadataTest" assertions="1" time="0.020670"/>
        <testcase name="Does not add twitter and open graph title when no title is set" file="Metadata (Hyde\Framework\Testing\Feature\Metadata)::Does not add twitter and open graph title when no title is set" class="Hyde\Framework\Testing\Feature\MetadataTest" classname="Hyde.Framework.Testing.Feature.MetadataTest" assertions="1" time="0.020535"/>
        <testcase name="Adds description when description is set in post" file="Metadata (Hyde\Framework\Testing\Feature\Metadata)::Adds description when description is set in post" class="Hyde\Framework\Testing\Feature\MetadataTest" classname="Hyde.Framework.Testing.Feature.MetadataTest" assertions="1" time="0.020923"/>
        <testcase name="Does not add description when description is not set in post" file="Metadata (Hyde\Framework\Testing\Feature\Metadata)::Does not add description when description is not set in post" class="Hyde\Framework\Testing\Feature\MetadataTest" classname="Hyde.Framework.Testing.Feature.MetadataTest" assertions="1" time="0.020969"/>
        <testcase name="Adds author when author is set in post" file="Metadata (Hyde\Framework\Testing\Feature\Metadata)::Adds author when author is set in post" class="Hyde\Framework\Testing\Feature\MetadataTest" classname="Hyde.Framework.Testing.Feature.MetadataTest" assertions="1" time="0.021230"/>
        <testcase name="Does not add author when author is not set in post" file="Metadata (Hyde\Framework\Testing\Feature\Metadata)::Does not add author when author is not set in post" class="Hyde\Framework\Testing\Feature\MetadataTest" classname="Hyde.Framework.Testing.Feature.MetadataTest" assertions="1" time="0.021163"/>
        <testcase name="Adds keywords when category is set in post" file="Metadata (Hyde\Framework\Testing\Feature\Metadata)::Adds keywords when category is set in post" class="Hyde\Framework\Testing\Feature\MetadataTest" classname="Hyde.Framework.Testing.Feature.MetadataTest" assertions="1" time="0.021028"/>
        <testcase name="Does not add keywords when category is not set in post" file="Metadata (Hyde\Framework\Testing\Feature\Metadata)::Does not add keywords when category is not set in post" class="Hyde\Framework\Testing\Feature\MetadataTest" classname="Hyde.Framework.Testing.Feature.MetadataTest" assertions="1" time="0.021045"/>
        <testcase name="Adds url property when canonical url is set in post" file="Metadata (Hyde\Framework\Testing\Feature\Metadata)::Adds url property when canonical url is set in post" class="Hyde\Framework\Testing\Feature\MetadataTest" classname="Hyde.Framework.Testing.Feature.MetadataTest" assertions="1" time="0.021050"/>
        <testcase name="Does not add url property when canonical url is not set in post" file="Metadata (Hyde\Framework\Testing\Feature\Metadata)::Does not add url property when canonical url is not set in post" class="Hyde\Framework\Testing\Feature\MetadataTest" classname="Hyde.Framework.Testing.Feature.MetadataTest" assertions="1" time="0.021072"/>
        <testcase name="Does not add url property when canonical url is null" file="Metadata (Hyde\Framework\Testing\Feature\Metadata)::Does not add url property when canonical url is null" class="Hyde\Framework\Testing\Feature\MetadataTest" classname="Hyde.Framework.Testing.Feature.MetadataTest" assertions="1" time="0.021125"/>
        <testcase name="Adds title property when title is set in post" file="Metadata (Hyde\Framework\Testing\Feature\Metadata)::Adds title property when title is set in post" class="Hyde\Framework\Testing\Feature\MetadataTest" classname="Hyde.Framework.Testing.Feature.MetadataTest" assertions="1" time="0.020912"/>
        <testcase name="Does not add title property when title is not set in post" file="Metadata (Hyde\Framework\Testing\Feature\Metadata)::Does not add title property when title is not set in post" class="Hyde\Framework\Testing\Feature\MetadataTest" classname="Hyde.Framework.Testing.Feature.MetadataTest" assertions="1" time="0.021088"/>
        <testcase name="Adds published time property when date is set in post" file="Metadata (Hyde\Framework\Testing\Feature\Metadata)::Adds published time property when date is set in post" class="Hyde\Framework\Testing\Feature\MetadataTest" classname="Hyde.Framework.Testing.Feature.MetadataTest" assertions="1" time="0.021165"/>
        <testcase name="Does not add published time property when date is not set in post" file="Metadata (Hyde\Framework\Testing\Feature\Metadata)::Does not add published time property when date is not set in post" class="Hyde\Framework\Testing\Feature\MetadataTest" classname="Hyde.Framework.Testing.Feature.MetadataTest" assertions="1" time="0.021038"/>
        <testcase name="Adds image property when image is set in post" file="Metadata (Hyde\Framework\Testing\Feature\Metadata)::Adds image property when image is set in post" class="Hyde\Framework\Testing\Feature\MetadataTest" classname="Hyde.Framework.Testing.Feature.MetadataTest" assertions="1" time="0.034674"/>
        <testcase name="Does not add image property when image is not set in post" file="Metadata (Hyde\Framework\Testing\Feature\Metadata)::Does not add image property when image is not set in post" class="Hyde\Framework\Testing\Feature\MetadataTest" classname="Hyde.Framework.Testing.Feature.MetadataTest" assertions="1" time="0.021371"/>
        <testcase name="Adds type property automatically" file="Metadata (Hyde\Framework\Testing\Feature\Metadata)::Adds type property automatically" class="Hyde\Framework\Testing\Feature\MetadataTest" classname="Hyde.Framework.Testing.Feature.MetadataTest" assertions="1" time="0.020944"/>
        <testcase name="Dynamic post meta properties returns base array when initialized with empty front matter" file="Metadata (Hyde\Framework\Testing\Feature\Metadata)::Dynamic post meta properties returns base array when initialized with empty front matter" class="Hyde\Framework\Testing\Feature\MetadataTest" classname="Hyde.Framework.Testing.Feature.MetadataTest" assertions="1" time="0.020978"/>
        <testcase name="Dynamic post meta properties contains image metadata when featured image set to string" file="Metadata (Hyde\Framework\Testing\Feature\Metadata)::Dynamic post meta properties contains image metadata when featured image set to string" class="Hyde\Framework\Testing\Feature\MetadataTest" classname="Hyde.Framework.Testing.Feature.MetadataTest" assertions="1" time="0.021411"/>
        <testcase name="Dynamic post meta properties contains image link that is always relative" file="Metadata (Hyde\Framework\Testing\Feature\Metadata)::Dynamic post meta properties contains image link that is always relative" class="Hyde\Framework\Testing\Feature\MetadataTest" classname="Hyde.Framework.Testing.Feature.MetadataTest" assertions="1" time="0.021361"/>
        <testcase name="Dynamic post meta properties contains image link that is always relative for nested posts" file="Metadata (Hyde\Framework\Testing\Feature\Metadata)::Dynamic post meta properties contains image link that is always relative for nested posts" class="Hyde\Framework\Testing\Feature\MetadataTest" classname="Hyde.Framework.Testing.Feature.MetadataTest" assertions="1" time="0.021657"/>
        <testcase name="Dynamic post meta properties contains image link that is always relative for nested output directories" file="Metadata (Hyde\Framework\Testing\Feature\Metadata)::Dynamic post meta properties contains image link that is always relative for nested output directories" class="Hyde\Framework\Testing\Feature\MetadataTest" classname="Hyde.Framework.Testing.Feature.MetadataTest" assertions="1" time="0.022128"/>
        <testcase name="Dynamic post meta properties contains image link that is always relative for nested posts and nested output directories" file="Metadata (Hyde\Framework\Testing\Feature\Metadata)::Dynamic post meta properties contains image link that is always relative for nested posts and nested output directories" class="Hyde\Framework\Testing\Feature\MetadataTest" classname="Hyde.Framework.Testing.Feature.MetadataTest" assertions="1" time="0.021620"/>
        <testcase name="Dynamic post meta properties contains image link that uses the configured media directory" file="Metadata (Hyde\Framework\Testing\Feature\Metadata)::Dynamic post meta properties contains image link that uses the configured media directory" class="Hyde\Framework\Testing\Feature\MetadataTest" classname="Hyde.Framework.Testing.Feature.MetadataTest" assertions="1" time="0.021573"/>
        <testcase name="Dynamic post meta properties contains image metadata when featured image set to array with path" file="Metadata (Hyde\Framework\Testing\Feature\Metadata)::Dynamic post meta properties contains image metadata when featured image set to array with path" class="Hyde\Framework\Testing\Feature\MetadataTest" classname="Hyde.Framework.Testing.Feature.MetadataTest" assertions="1" time="0.021876"/>
        <testcase name="Dynamic post meta properties contains image metadata when featured image set to array with url" file="Metadata (Hyde\Framework\Testing\Feature\Metadata)::Dynamic post meta properties contains image metadata when featured image set to array with url" class="Hyde\Framework\Testing\Feature\MetadataTest" classname="Hyde.Framework.Testing.Feature.MetadataTest" assertions="1" time="0.021154"/>
        <testcase name="Dynamic post author returns author name when author set to array using username" file="Metadata (Hyde\Framework\Testing\Feature\Metadata)::Dynamic post author returns author name when author set to array using username" class="Hyde\Framework\Testing\Feature\MetadataTest" classname="Hyde.Framework.Testing.Feature.MetadataTest" assertions="1" time="0.020995"/>
        <testcase name="Dynamic post author returns author name when author set to array using name" file="Metadata (Hyde\Framework\Testing\Feature\Metadata)::Dynamic post author returns author name when author set to array using name" class="Hyde\Framework\Testing\Feature\MetadataTest" classname="Hyde.Framework.Testing.Feature.MetadataTest" assertions="1" time="0.021238"/>
        <testcase name="No author is set when author set to array without name or username" file="Metadata (Hyde\Framework\Testing\Feature\Metadata)::No author is set when author set to array without name or username" class="Hyde\Framework\Testing\Feature\MetadataTest" classname="Hyde.Framework.Testing.Feature.MetadataTest" assertions="1" time="0.021145"/>
      </testsuite>
      <testsuite name="Hyde\Framework\Testing\Feature\NavigationDataTest" file="Navigation Data (Hyde\Framework\Testing\Feature\NavigationData)" tests="5" assertions="8" errors="0" failures="0" skipped="0" time="0.069962">
        <testcase name="Class matches schema" file="Navigation Data (Hyde\Framework\Testing\Feature\NavigationData)::Class matches schema" class="Hyde\Framework\Testing\Feature\NavigationDataTest" classname="Hyde.Framework.Testing.Feature.NavigationDataTest" assertions="1" time="0.061960"/>
        <testcase name="Construct" file="Navigation Data (Hyde\Framework\Testing\Feature\NavigationData)::Construct" class="Hyde\Framework\Testing\Feature\NavigationDataTest" classname="Hyde.Framework.Testing.Feature.NavigationDataTest" assertions="4" time="0.002081"/>
        <testcase name="Make" file="Navigation Data (Hyde\Framework\Testing\Feature\NavigationData)::Make" class="Hyde\Framework\Testing\Feature\NavigationDataTest" classname="Hyde.Framework.Testing.Feature.NavigationDataTest" assertions="1" time="0.001945"/>
        <testcase name="To array" file="Navigation Data (Hyde\Framework\Testing\Feature\NavigationData)::To array" class="Hyde\Framework\Testing\Feature\NavigationDataTest" classname="Hyde.Framework.Testing.Feature.NavigationDataTest" assertions="1" time="0.001895"/>
        <testcase name="Json serialize" file="Navigation Data (Hyde\Framework\Testing\Feature\NavigationData)::Json serialize" class="Hyde\Framework\Testing\Feature\NavigationDataTest" classname="Hyde.Framework.Testing.Feature.NavigationDataTest" assertions="1" time="0.002082"/>
      </testsuite>
      <testsuite name="Hyde\Framework\Testing\Feature\NavigationMenuTest" file="Navigation Menu (Hyde\Framework\Testing\Feature\NavigationMenu)" tests="32" assertions="52" errors="0" failures="0" skipped="0" time="0.857066">
        <testcase name="Constructor" file="Navigation Menu (Hyde\Framework\Testing\Feature\NavigationMenu)::Constructor" class="Hyde\Framework\Testing\Feature\NavigationMenuTest" classname="Hyde.Framework.Testing.Feature.NavigationMenuTest" assertions="1" time="0.029918"/>
        <testcase name="Generate method creates collection of nav items" file="Navigation Menu (Hyde\Framework\Testing\Feature\NavigationMenu)::Generate method creates collection of nav items" class="Hyde\Framework\Testing\Feature\NavigationMenuTest" classname="Hyde.Framework.Testing.Feature.NavigationMenuTest" assertions="1" time="0.029350"/>
        <testcase name="Get items returns items" file="Navigation Menu (Hyde\Framework\Testing\Feature\NavigationMenu)::Get items returns items" class="Hyde\Framework\Testing\Feature\NavigationMenuTest" classname="Hyde.Framework.Testing.Feature.NavigationMenuTest" assertions="1" time="0.025152"/>
        <testcase name="Items are sorted by priority" file="Navigation Menu (Hyde\Framework\Testing\Feature\NavigationMenu)::Items are sorted by priority" class="Hyde\Framework\Testing\Feature\NavigationMenuTest" classname="Hyde.Framework.Testing.Feature.NavigationMenuTest" assertions="1" time="0.026624"/>
        <testcase name="Items with hidden property set to true are not added" file="Navigation Menu (Hyde\Framework\Testing\Feature\NavigationMenu)::Items with hidden property set to true are not added" class="Hyde\Framework\Testing\Feature\NavigationMenuTest" classname="Hyde.Framework.Testing.Feature.NavigationMenuTest" assertions="1" time="0.025859"/>
        <testcase name="Created collection is sorted by navigation menu priority" file="Navigation Menu (Hyde\Framework\Testing\Feature\NavigationMenu)::Created collection is sorted by navigation menu priority" class="Hyde\Framework\Testing\Feature\NavigationMenuTest" classname="Hyde.Framework.Testing.Feature.NavigationMenuTest" assertions="2" time="0.028921"/>
        <testcase name="Is sorted automatically when using navigation menu create" file="Navigation Menu (Hyde\Framework\Testing\Feature\NavigationMenu)::Is sorted automatically when using navigation menu create" class="Hyde\Framework\Testing\Feature\NavigationMenuTest" classname="Hyde.Framework.Testing.Feature.NavigationMenuTest" assertions="2" time="0.027953"/>
        <testcase name="Collection only contains nav items" file="Navigation Menu (Hyde\Framework\Testing\Feature\NavigationMenu)::Collection only contains nav items" class="Hyde\Framework\Testing\Feature\NavigationMenuTest" classname="Hyde.Framework.Testing.Feature.NavigationMenuTest" assertions="1" time="0.026221"/>
        <testcase name="External link can be added in config" file="Navigation Menu (Hyde\Framework\Testing\Feature\NavigationMenu)::External link can be added in config" class="Hyde\Framework\Testing\Feature\NavigationMenuTest" classname="Hyde.Framework.Testing.Feature.NavigationMenuTest" assertions="2" time="0.039541"/>
        <testcase name="Path link can be added in config" file="Navigation Menu (Hyde\Framework\Testing\Feature\NavigationMenu)::Path link can be added in config" class="Hyde\Framework\Testing\Feature\NavigationMenuTest" classname="Hyde.Framework.Testing.Feature.NavigationMenuTest" assertions="2" time="0.025212"/>
        <testcase name="Duplicates are removed when adding in config" file="Navigation Menu (Hyde\Framework\Testing\Feature\NavigationMenu)::Duplicates are removed when adding in config" class="Hyde\Framework\Testing\Feature\NavigationMenuTest" classname="Hyde.Framework.Testing.Feature.NavigationMenuTest" assertions="2" time="0.024623"/>
        <testcase name="Duplicates are removed when adding in config regardless of destination" file="Navigation Menu (Hyde\Framework\Testing\Feature\NavigationMenu)::Duplicates are removed when adding in config regardless of destination" class="Hyde\Framework\Testing\Feature\NavigationMenuTest" classname="Hyde.Framework.Testing.Feature.NavigationMenuTest" assertions="2" time="0.024590"/>
        <testcase name="Config items take precedence over generated items" file="Navigation Menu (Hyde\Framework\Testing\Feature\NavigationMenu)::Config items take precedence over generated items" class="Hyde\Framework\Testing\Feature\NavigationMenuTest" classname="Hyde.Framework.Testing.Feature.NavigationMenuTest" assertions="2" time="0.029183"/>
        <testcase name="Documentation pages that are not index are not added to the menu" file="Navigation Menu (Hyde\Framework\Testing\Feature\NavigationMenu)::Documentation pages that are not index are not added to the menu" class="Hyde\Framework\Testing\Feature\NavigationMenuTest" classname="Hyde.Framework.Testing.Feature.NavigationMenuTest" assertions="2" time="0.028083"/>
        <testcase name="Pages in subdirectories are not added to the navigation menu" file="Navigation Menu (Hyde\Framework\Testing\Feature\NavigationMenu)::Pages in subdirectories are not added to the navigation menu" class="Hyde\Framework\Testing\Feature\NavigationMenuTest" classname="Hyde.Framework.Testing.Feature.NavigationMenuTest" assertions="2" time="0.026357"/>
        <testcase name="Pages in subdirectories can be added to the navigation menu with config flat setting" file="Navigation Menu (Hyde\Framework\Testing\Feature\NavigationMenu)::Pages in subdirectories can be added to the navigation menu with config flat setting" class="Hyde\Framework\Testing\Feature\NavigationMenuTest" classname="Hyde.Framework.Testing.Feature.NavigationMenuTest" assertions="2" time="0.026613"/>
        <testcase name="Pages in subdirectories are not added to the navigation menu with config dropdown setting" file="Navigation Menu (Hyde\Framework\Testing\Feature\NavigationMenu)::Pages in subdirectories are not added to the navigation menu with config dropdown setting" class="Hyde\Framework\Testing\Feature\NavigationMenuTest" classname="Hyde.Framework.Testing.Feature.NavigationMenuTest" assertions="2" time="0.027136"/>
        <testcase name="Has dropdowns returns false when there are no dropdowns" file="Navigation Menu (Hyde\Framework\Testing\Feature\NavigationMenu)::Has dropdowns returns false when there are no dropdowns" class="Hyde\Framework\Testing\Feature\NavigationMenuTest" classname="Hyde.Framework.Testing.Feature.NavigationMenuTest" assertions="1" time="0.024193"/>
        <testcase name="Has dropdowns returns true when there are dropdowns" file="Navigation Menu (Hyde\Framework\Testing\Feature\NavigationMenu)::Has dropdowns returns true when there are dropdowns" class="Hyde\Framework\Testing\Feature\NavigationMenuTest" classname="Hyde.Framework.Testing.Feature.NavigationMenuTest" assertions="1" time="0.024913"/>
        <testcase name="Has dropdowns always returns false when dropdowns are disabled" file="Navigation Menu (Hyde\Framework\Testing\Feature\NavigationMenu)::Has dropdowns always returns false when dropdowns are disabled" class="Hyde\Framework\Testing\Feature\NavigationMenuTest" classname="Hyde.Framework.Testing.Feature.NavigationMenuTest" assertions="1" time="0.024488"/>
        <testcase name="Get dropdowns returns empty array there are no dropdowns" file="Navigation Menu (Hyde\Framework\Testing\Feature\NavigationMenu)::Get dropdowns returns empty array there are no dropdowns" class="Hyde\Framework\Testing\Feature\NavigationMenuTest" classname="Hyde.Framework.Testing.Feature.NavigationMenuTest" assertions="2" time="0.024012"/>
        <testcase name="Get dropdowns returns correct array when there are dropdowns" file="Navigation Menu (Hyde\Framework\Testing\Feature\NavigationMenu)::Get dropdowns returns correct array when there are dropdowns" class="Hyde\Framework\Testing\Feature\NavigationMenuTest" classname="Hyde.Framework.Testing.Feature.NavigationMenuTest" assertions="2" time="0.025966"/>
        <testcase name="Get dropdowns with multiple items" file="Navigation Menu (Hyde\Framework\Testing\Feature\NavigationMenu)::Get dropdowns with multiple items" class="Hyde\Framework\Testing\Feature\NavigationMenuTest" classname="Hyde.Framework.Testing.Feature.NavigationMenuTest" assertions="2" time="0.027395"/>
        <testcase name="Get dropdowns with multiple dropdowns" file="Navigation Menu (Hyde\Framework\Testing\Feature\NavigationMenu)::Get dropdowns with multiple dropdowns" class="Hyde\Framework\Testing\Feature\NavigationMenuTest" classname="Hyde.Framework.Testing.Feature.NavigationMenuTest" assertions="2" time="0.029070"/>
        <testcase name="Get dropdowns throws exception when disabled" file="Navigation Menu (Hyde\Framework\Testing\Feature\NavigationMenu)::Get dropdowns throws exception when disabled" class="Hyde\Framework\Testing\Feature\NavigationMenuTest" classname="Hyde.Framework.Testing.Feature.NavigationMenuTest" assertions="2" time="0.023904"/>
        <testcase name="Documentation pages do not get added to dropdowns" file="Navigation Menu (Hyde\Framework\Testing\Feature\NavigationMenu)::Documentation pages do not get added to dropdowns" class="Hyde\Framework\Testing\Feature\NavigationMenuTest" classname="Hyde.Framework.Testing.Feature.NavigationMenuTest" assertions="2" time="0.025661"/>
        <testcase name="Blog posts do not get added to dropdowns" file="Navigation Menu (Hyde\Framework\Testing\Feature\NavigationMenu)::Blog posts do not get added to dropdowns" class="Hyde\Framework\Testing\Feature\NavigationMenuTest" classname="Hyde.Framework.Testing.Feature.NavigationMenuTest" assertions="2" time="0.026589"/>
        <testcase name="Pages in dropdowns do not get added to the main navigation" file="Navigation Menu (Hyde\Framework\Testing\Feature\NavigationMenu)::Pages in dropdowns do not get added to the main navigation" class="Hyde\Framework\Testing\Feature\NavigationMenuTest" classname="Hyde.Framework.Testing.Feature.NavigationMenuTest" assertions="2" time="0.027550"/>
        <testcase name="Dropdown menu items are sorted by priority" file="Navigation Menu (Hyde\Framework\Testing\Feature\NavigationMenu)::Dropdown menu items are sorted by priority" class="Hyde\Framework\Testing\Feature\NavigationMenuTest" classname="Hyde.Framework.Testing.Feature.NavigationMenuTest" assertions="1" time="0.026287"/>
        <testcase name="Has dropdowns returns true when group is explicitly set in front matter" file="Navigation Menu (Hyde\Framework\Testing\Feature\NavigationMenu)::Has dropdowns returns true when group is explicitly set in front matter" class="Hyde\Framework\Testing\Feature\NavigationMenuTest" classname="Hyde.Framework.Testing.Feature.NavigationMenuTest" assertions="1" time="0.024870"/>
        <testcase name="Get dropdowns returns correct array when group is explicitly set in front matter" file="Navigation Menu (Hyde\Framework\Testing\Feature\NavigationMenu)::Get dropdowns returns correct array when group is explicitly set in front matter" class="Hyde\Framework\Testing\Feature\NavigationMenuTest" classname="Hyde.Framework.Testing.Feature.NavigationMenuTest" assertions="2" time="0.026245"/>
        <testcase name="Has dropdowns returns false when group is not explicitly set in front matter" file="Navigation Menu (Hyde\Framework\Testing\Feature\NavigationMenu)::Has dropdowns returns false when group is not explicitly set in front matter" class="Hyde\Framework\Testing\Feature\NavigationMenuTest" classname="Hyde.Framework.Testing.Feature.NavigationMenuTest" assertions="1" time="0.024586"/>
      </testsuite>
      <testsuite name="Hyde\Framework\Testing\Feature\PageCollectionTest" file="Page Collection (Hyde\Framework\Testing\Feature\PageCollection)" tests="12" assertions="38" errors="0" failures="0" skipped="0" time="0.404047">
        <testcase name="Boot method creates new page collection and discovers pages automatically" file="Page Collection (Hyde\Framework\Testing\Feature\PageCollection)::Boot method creates new page collection and discovers pages automatically" class="Hyde\Framework\Testing\Feature\PageCollectionTest" classname="Hyde.Framework.Testing.Feature.PageCollectionTest" assertions="3" time="0.084720"/>
        <testcase name="Blade pages are discovered" file="Page Collection (Hyde\Framework\Testing\Feature\PageCollection)::Blade pages are discovered" class="Hyde\Framework\Testing\Feature\PageCollectionTest" classname="Hyde.Framework.Testing.Feature.PageCollectionTest" assertions="2" time="0.028391"/>
        <testcase name="Markdown pages are discovered" file="Page Collection (Hyde\Framework\Testing\Feature\PageCollection)::Markdown pages are discovered" class="Hyde\Framework\Testing\Feature\PageCollectionTest" classname="Hyde.Framework.Testing.Feature.PageCollectionTest" assertions="2" time="0.028648"/>
        <testcase name="Markdown posts are discovered" file="Page Collection (Hyde\Framework\Testing\Feature\PageCollection)::Markdown posts are discovered" class="Hyde\Framework\Testing\Feature\PageCollectionTest" classname="Hyde.Framework.Testing.Feature.PageCollectionTest" assertions="2" time="0.031185"/>
        <testcase name="Documentation pages are discovered" file="Page Collection (Hyde\Framework\Testing\Feature\PageCollection)::Documentation pages are discovered" class="Hyde\Framework\Testing\Feature\PageCollectionTest" classname="Hyde.Framework.Testing.Feature.PageCollectionTest" assertions="2" time="0.028800"/>
        <testcase name="Get page returns parsed page object for given source path" file="Page Collection (Hyde\Framework\Testing\Feature\PageCollection)::Get page returns parsed page object for given source path" class="Hyde\Framework\Testing\Feature\PageCollectionTest" classname="Hyde.Framework.Testing.Feature.PageCollectionTest" assertions="1" time="0.025665"/>
        <testcase name="Get pages returns collection of pages of given class" file="Page Collection (Hyde\Framework\Testing\Feature\PageCollection)::Get pages returns collection of pages of given class" class="Hyde\Framework\Testing\Feature\PageCollectionTest" classname="Hyde.Framework.Testing.Feature.PageCollectionTest" assertions="11" time="0.041133"/>
        <testcase name="Get pages returns all pages when not supplied with class string" file="Page Collection (Hyde\Framework\Testing\Feature\PageCollection)::Get pages returns all pages when not supplied with class string" class="Hyde\Framework\Testing\Feature\PageCollectionTest" classname="Hyde.Framework.Testing.Feature.PageCollectionTest" assertions="6" time="0.035618"/>
        <testcase name="Get pages returns empty collection when no pages are discovered" file="Page Collection (Hyde\Framework\Testing\Feature\PageCollection)::Get pages returns empty collection when no pages are discovered" class="Hyde\Framework\Testing\Feature\PageCollectionTest" classname="Hyde.Framework.Testing.Feature.PageCollectionTest" assertions="1" time="0.021375"/>
        <testcase name="Pages are not discovered for disabled features" file="Page Collection (Hyde\Framework\Testing\Feature\PageCollection)::Pages are not discovered for disabled features" class="Hyde\Framework\Testing\Feature\PageCollectionTest" classname="Hyde.Framework.Testing.Feature.PageCollectionTest" assertions="1" time="0.020447"/>
        <testcase name="Pages with custom source directories are discovered properly" file="Page Collection (Hyde\Framework\Testing\Feature\PageCollection)::Pages with custom source directories are discovered properly" class="Hyde\Framework\Testing\Feature\PageCollectionTest" classname="Hyde.Framework.Testing.Feature.PageCollectionTest" assertions="5" time="0.034558"/>
        <testcase name="Get file throws exception when file is not found" file="Page Collection (Hyde\Framework\Testing\Feature\PageCollection)::Get file throws exception when file is not found" class="Hyde\Framework\Testing\Feature\PageCollectionTest" classname="Hyde.Framework.Testing.Feature.PageCollectionTest" assertions="2" time="0.023505"/>
      </testsuite>
      <testsuite name="Hyde\Framework\Testing\Feature\PageModelConstructorsTest" file="Page Model Constructors (Hyde\Framework\Testing\Feature\PageModelConstructors)" tests="5" assertions="5" errors="0" failures="0" skipped="0" time="0.124637">
        <testcase name="Dynamic data constructor can find title from front matter" file="Page Model Constructors (Hyde\Framework\Testing\Feature\PageModelConstructors)::Dynamic data constructor can find title from front matter" class="Hyde\Framework\Testing\Feature\PageModelConstructorsTest" classname="Hyde.Framework.Testing.Feature.PageModelConstructorsTest" assertions="1" time="0.037486"/>
        <testcase name="Dynamic data constructor can find title from h 1 tag" file="Page Model Constructors (Hyde\Framework\Testing\Feature\PageModelConstructors)::Dynamic data constructor can find title from h 1 tag" class="Hyde\Framework\Testing\Feature\PageModelConstructorsTest" classname="Hyde.Framework.Testing.Feature.PageModelConstructorsTest" assertions="1" time="0.021637"/>
        <testcase name="Dynamic data constructor can find title from slug" file="Page Model Constructors (Hyde\Framework\Testing\Feature\PageModelConstructors)::Dynamic data constructor can find title from slug" class="Hyde\Framework\Testing\Feature\PageModelConstructorsTest" classname="Hyde.Framework.Testing.Feature.PageModelConstructorsTest" assertions="1" time="0.021763"/>
        <testcase name="Documentation page parser can get group from front matter" file="Page Model Constructors (Hyde\Framework\Testing\Feature\PageModelConstructors)::Documentation page parser can get group from front matter" class="Hyde\Framework\Testing\Feature\PageModelConstructorsTest" classname="Hyde.Framework.Testing.Feature.PageModelConstructorsTest" assertions="1" time="0.021955"/>
        <testcase name="Documentation page parser can get group automatically from nested page" file="Page Model Constructors (Hyde\Framework\Testing\Feature\PageModelConstructors)::Documentation page parser can get group automatically from nested page" class="Hyde\Framework\Testing\Feature\PageModelConstructorsTest" classname="Hyde.Framework.Testing.Feature.PageModelConstructorsTest" assertions="1" time="0.021796"/>
      </testsuite>
      <testsuite name="Hyde\Framework\Testing\Feature\PaginatorTest" file="Paginator (Hyde\Framework\Testing\Feature\Paginator)" tests="32" assertions="60" errors="0" failures="0" skipped="0" time="0.691159">
        <testcase name="It can be instantiated" file="Paginator (Hyde\Framework\Testing\Feature\Paginator)::It can be instantiated" class="Hyde\Framework\Testing\Feature\PaginatorTest" classname="Hyde.Framework.Testing.Feature.PaginatorTest" assertions="1" time="0.060890"/>
        <testcase name="Get paginated page collection" file="Paginator (Hyde\Framework\Testing\Feature\Paginator)::Get paginated page collection" class="Hyde\Framework\Testing\Feature\PaginatorTest" classname="Hyde.Framework.Testing.Feature.PaginatorTest" assertions="1" time="0.020415"/>
        <testcase name="Get paginated page collection with pages" file="Paginator (Hyde\Framework\Testing\Feature\Paginator)::Get paginated page collection with pages" class="Hyde\Framework\Testing\Feature\PaginatorTest" classname="Hyde.Framework.Testing.Feature.PaginatorTest" assertions="4" time="0.020525"/>
        <testcase name="Collection is chunked by specified setting value" file="Paginator (Hyde\Framework\Testing\Feature\Paginator)::Collection is chunked by specified setting value" class="Hyde\Framework\Testing\Feature\PaginatorTest" classname="Hyde.Framework.Testing.Feature.PaginatorTest" assertions="3" time="0.019546"/>
        <testcase name="Get items for page returns the correct chunk" file="Paginator (Hyde\Framework\Testing\Feature\Paginator)::Get items for page returns the correct chunk" class="Hyde\Framework\Testing\Feature\PaginatorTest" classname="Hyde.Framework.Testing.Feature.PaginatorTest" assertions="10" time="0.021112"/>
        <testcase name="Can get current page number" file="Paginator (Hyde\Framework\Testing\Feature\Paginator)::Can get current page number" class="Hyde\Framework\Testing\Feature\PaginatorTest" classname="Hyde.Framework.Testing.Feature.PaginatorTest" assertions="1" time="0.019338"/>
        <testcase name="Can set current page number" file="Paginator (Hyde\Framework\Testing\Feature\Paginator)::Can set current page number" class="Hyde\Framework\Testing\Feature\PaginatorTest" classname="Hyde.Framework.Testing.Feature.PaginatorTest" assertions="1" time="0.019444"/>
        <testcase name="Set current page number requires integer to be greater than nought" file="Paginator (Hyde\Framework\Testing\Feature\Paginator)::Set current page number requires integer to be greater than nought" class="Hyde\Framework\Testing\Feature\PaginatorTest" classname="Hyde.Framework.Testing.Feature.PaginatorTest" assertions="1" time="0.019662"/>
        <testcase name="Set current page number requires integer to be greater than nought" file="Paginator (Hyde\Framework\Testing\Feature\Paginator)::Set current page number requires integer to be greater than nought" class="Hyde\Framework\Testing\Feature\PaginatorTest" classname="Hyde.Framework.Testing.Feature.PaginatorTest" assertions="1" time="0.019516"/>
        <testcase name="Set current page number requires integer to be less than total pages" file="Paginator (Hyde\Framework\Testing\Feature\Paginator)::Set current page number requires integer to be less than total pages" class="Hyde\Framework\Testing\Feature\PaginatorTest" classname="Hyde.Framework.Testing.Feature.PaginatorTest" assertions="2" time="0.019649"/>
        <testcase name="Cannot set invalid current page number in constructor" file="Paginator (Hyde\Framework\Testing\Feature\Paginator)::Cannot set invalid current page number in constructor" class="Hyde\Framework\Testing\Feature\PaginatorTest" classname="Hyde.Framework.Testing.Feature.PaginatorTest" assertions="1" time="0.019650"/>
        <testcase name="Last page returns the last page number" file="Paginator (Hyde\Framework\Testing\Feature\Paginator)::Last page returns the last page number" class="Hyde\Framework\Testing\Feature\PaginatorTest" classname="Hyde.Framework.Testing.Feature.PaginatorTest" assertions="1" time="0.019553"/>
        <testcase name="Total pages returns the total number of pages" file="Paginator (Hyde\Framework\Testing\Feature\Paginator)::Total pages returns the total number of pages" class="Hyde\Framework\Testing\Feature\PaginatorTest" classname="Hyde.Framework.Testing.Feature.PaginatorTest" assertions="1" time="0.019514"/>
        <testcase name="Per page returns the number of items to be shown per page" file="Paginator (Hyde\Framework\Testing\Feature\Paginator)::Per page returns the number of items to be shown per page" class="Hyde\Framework\Testing\Feature\PaginatorTest" classname="Hyde.Framework.Testing.Feature.PaginatorTest" assertions="1" time="0.019513"/>
        <testcase name="Has multiple pages returns true if there are enough items to split into multiple pages" file="Paginator (Hyde\Framework\Testing\Feature\Paginator)::Has multiple pages returns true if there are enough items to split into multiple pages" class="Hyde\Framework\Testing\Feature\PaginatorTest" classname="Hyde.Framework.Testing.Feature.PaginatorTest" assertions="1" time="0.019500"/>
        <testcase name="Has pages returns false if there are not enough items to split into multiple pages" file="Paginator (Hyde\Framework\Testing\Feature\Paginator)::Has pages returns false if there are not enough items to split into multiple pages" class="Hyde\Framework\Testing\Feature\PaginatorTest" classname="Hyde.Framework.Testing.Feature.PaginatorTest" assertions="1" time="0.019504"/>
        <testcase name="Has more pages returns true if cursor can navigate forward" file="Paginator (Hyde\Framework\Testing\Feature\Paginator)::Has more pages returns true if cursor can navigate forward" class="Hyde\Framework\Testing\Feature\PaginatorTest" classname="Hyde.Framework.Testing.Feature.PaginatorTest" assertions="1" time="0.019653"/>
        <testcase name="Has more pages returns false if cursor cannot navigate forward" file="Paginator (Hyde\Framework\Testing\Feature\Paginator)::Has more pages returns false if cursor cannot navigate forward" class="Hyde\Framework\Testing\Feature\PaginatorTest" classname="Hyde.Framework.Testing.Feature.PaginatorTest" assertions="1" time="0.019575"/>
        <testcase name="Has fewer pages returns true if cursor can navigate back" file="Paginator (Hyde\Framework\Testing\Feature\Paginator)::Has fewer pages returns true if cursor can navigate back" class="Hyde\Framework\Testing\Feature\PaginatorTest" classname="Hyde.Framework.Testing.Feature.PaginatorTest" assertions="1" time="0.019497"/>
        <testcase name="Has fewer pages returns false if cursor cannot navigate back" file="Paginator (Hyde\Framework\Testing\Feature\Paginator)::Has fewer pages returns false if cursor cannot navigate back" class="Hyde\Framework\Testing\Feature\PaginatorTest" classname="Hyde.Framework.Testing.Feature.PaginatorTest" assertions="1" time="0.019474"/>
        <testcase name="Previous method without fewer pages returns false" file="Paginator (Hyde\Framework\Testing\Feature\Paginator)::Previous method without fewer pages returns false" class="Hyde\Framework\Testing\Feature\PaginatorTest" classname="Hyde.Framework.Testing.Feature.PaginatorTest" assertions="1" time="0.019509"/>
        <testcase name="Next method without more pages returns false" file="Paginator (Hyde\Framework\Testing\Feature\Paginator)::Next method without more pages returns false" class="Hyde\Framework\Testing\Feature\PaginatorTest" classname="Hyde.Framework.Testing.Feature.PaginatorTest" assertions="1" time="0.019677"/>
        <testcase name="Previous method returns previous page link when no base route is set" file="Paginator (Hyde\Framework\Testing\Feature\Paginator)::Previous method returns previous page link when no base route is set" class="Hyde\Framework\Testing\Feature\PaginatorTest" classname="Hyde.Framework.Testing.Feature.PaginatorTest" assertions="1" time="0.019863"/>
        <testcase name="Next method returns next page link when no base route is set" file="Paginator (Hyde\Framework\Testing\Feature\Paginator)::Next method returns next page link when no base route is set" class="Hyde\Framework\Testing\Feature\PaginatorTest" classname="Hyde.Framework.Testing.Feature.PaginatorTest" assertions="1" time="0.019627"/>
        <testcase name="Previous and next methods with base route set" file="Paginator (Hyde\Framework\Testing\Feature\Paginator)::Previous and next methods with base route set" class="Hyde\Framework\Testing\Feature\PaginatorTest" classname="Hyde.Framework.Testing.Feature.PaginatorTest" assertions="6" time="0.027074"/>
        <testcase name="Previous number without fewer pages returns false" file="Paginator (Hyde\Framework\Testing\Feature\Paginator)::Previous number without fewer pages returns false" class="Hyde\Framework\Testing\Feature\PaginatorTest" classname="Hyde.Framework.Testing.Feature.PaginatorTest" assertions="1" time="0.019311"/>
        <testcase name="Next number without more pages returns false" file="Paginator (Hyde\Framework\Testing\Feature\Paginator)::Next number without more pages returns false" class="Hyde\Framework\Testing\Feature\PaginatorTest" classname="Hyde.Framework.Testing.Feature.PaginatorTest" assertions="1" time="0.025068"/>
        <testcase name="Previous number returns the previous page number when there is one" file="Paginator (Hyde\Framework\Testing\Feature\Paginator)::Previous number returns the previous page number when there is one" class="Hyde\Framework\Testing\Feature\PaginatorTest" classname="Hyde.Framework.Testing.Feature.PaginatorTest" assertions="1" time="0.019838"/>
        <testcase name="Next number returns the next page number when there is one" file="Paginator (Hyde\Framework\Testing\Feature\Paginator)::Next number returns the next page number when there is one" class="Hyde\Framework\Testing\Feature\PaginatorTest" classname="Hyde.Framework.Testing.Feature.PaginatorTest" assertions="1" time="0.019543"/>
        <testcase name="Get page links" file="Paginator (Hyde\Framework\Testing\Feature\Paginator)::Get page links" class="Hyde\Framework\Testing\Feature\PaginatorTest" classname="Hyde.Framework.Testing.Feature.PaginatorTest" assertions="1" time="0.019664"/>
        <testcase name="Get page links with base route" file="Paginator (Hyde\Framework\Testing\Feature\Paginator)::Get page links with base route" class="Hyde\Framework\Testing\Feature\PaginatorTest" classname="Hyde.Framework.Testing.Feature.PaginatorTest" assertions="1" time="0.026602"/>
        <testcase name="First item number on page" file="Paginator (Hyde\Framework\Testing\Feature\Paginator)::First item number on page" class="Hyde\Framework\Testing\Feature\PaginatorTest" classname="Hyde.Framework.Testing.Feature.PaginatorTest" assertions="9" time="0.019854"/>
      </testsuite>
      <testsuite name="Hyde\Framework\Testing\Feature\PharSupportTest" file="Phar Support (Hyde\Framework\Testing\Feature\PharSupport)" tests="6" assertions="8" errors="0" failures="0" skipped="0" time="0.172704">
        <testcase name="Active" file="Phar Support (Hyde\Framework\Testing\Feature\PharSupport)::Active" class="Hyde\Framework\Testing\Feature\PharSupportTest" classname="Hyde.Framework.Testing.Feature.PharSupportTest" assertions="1" time="0.075391"/>
        <testcase name="Mock active" file="Phar Support (Hyde\Framework\Testing\Feature\PharSupport)::Mock active" class="Hyde\Framework\Testing\Feature\PharSupportTest" classname="Hyde.Framework.Testing.Feature.PharSupportTest" assertions="2" time="0.019201"/>
        <testcase name="Has vendor directory" file="Phar Support (Hyde\Framework\Testing\Feature\PharSupport)::Has vendor directory" class="Hyde\Framework\Testing\Feature\PharSupportTest" classname="Hyde.Framework.Testing.Feature.PharSupportTest" assertions="1" time="0.019231"/>
        <testcase name="Mock has vendor directory" file="Phar Support (Hyde\Framework\Testing\Feature\PharSupport)::Mock has vendor directory" class="Hyde\Framework\Testing\Feature\PharSupportTest" classname="Hyde.Framework.Testing.Feature.PharSupportTest" assertions="2" time="0.019448"/>
        <testcase name="Vendor path can run in phar" file="Phar Support (Hyde\Framework\Testing\Feature\PharSupport)::Vendor path can run in phar" class="Hyde\Framework\Testing\Feature\PharSupportTest" classname="Hyde.Framework.Testing.Feature.PharSupportTest" assertions="1" time="0.019818"/>
        <testcase name="Vendor path can run in phar with path argument" file="Phar Support (Hyde\Framework\Testing\Feature\PharSupport)::Vendor path can run in phar with path argument" class="Hyde\Framework\Testing\Feature\PharSupportTest" classname="Hyde.Framework.Testing.Feature.PharSupportTest" assertions="1" time="0.019615"/>
      </testsuite>
      <testsuite name="Hyde\Framework\Testing\Feature\PostsAuthorIntegrationTest" file="Posts Author Integration (Hyde\Framework\Testing\Feature\PostsAuthorIntegration)" tests="3" assertions="15" errors="0" failures="0" skipped="0" time="0.131972">
        <testcase name="Create post with undefined author" file="Posts Author Integration (Hyde\Framework\Testing\Feature\PostsAuthorIntegration)::Create post with undefined author" class="Hyde\Framework\Testing\Feature\PostsAuthorIntegrationTest" classname="Hyde.Framework.Testing.Feature.PostsAuthorIntegrationTest" assertions="4" time="0.050203"/>
        <testcase name="Create post with defined author with name" file="Posts Author Integration (Hyde\Framework\Testing\Feature\PostsAuthorIntegration)::Create post with defined author with name" class="Hyde\Framework\Testing\Feature\PostsAuthorIntegrationTest" classname="Hyde.Framework.Testing.Feature.PostsAuthorIntegrationTest" assertions="5" time="0.040667"/>
        <testcase name="Create post with defined author with website" file="Posts Author Integration (Hyde\Framework\Testing\Feature\PostsAuthorIntegration)::Create post with defined author with website" class="Hyde\Framework\Testing\Feature\PostsAuthorIntegrationTest" classname="Hyde.Framework.Testing.Feature.PostsAuthorIntegrationTest" assertions="6" time="0.041102"/>
      </testsuite>
      <testsuite name="Hyde\Framework\Testing\Feature\ReadingTimeTest" file="Reading Time (Hyde\Framework\Testing\Feature\ReadingTime)" tests="12" assertions="38" errors="0" failures="0" skipped="0" time="0.042184">
        <testcase name="Construct" file="Reading Time (Hyde\Framework\Testing\Feature\ReadingTime)::Construct" class="Hyde\Framework\Testing\Feature\ReadingTimeTest" classname="Hyde.Framework.Testing.Feature.ReadingTimeTest" assertions="1" time="0.017714"/>
        <testcase name="To string" file="Reading Time (Hyde\Framework\Testing\Feature\ReadingTime)::To string" class="Hyde\Framework\Testing\Feature\ReadingTimeTest" classname="Hyde.Framework.Testing.Feature.ReadingTimeTest" assertions="1" time="0.002022"/>
        <testcase name="Get word count" file="Reading Time (Hyde\Framework\Testing\Feature\ReadingTime)::Get word count" class="Hyde\Framework\Testing\Feature\ReadingTimeTest" classname="Hyde.Framework.Testing.Feature.ReadingTimeTest" assertions="4" time="0.002178"/>
        <testcase name="Get minutes" file="Reading Time (Hyde\Framework\Testing\Feature\ReadingTime)::Get minutes" class="Hyde\Framework\Testing\Feature\ReadingTimeTest" classname="Hyde.Framework.Testing.Feature.ReadingTimeTest" assertions="4" time="0.002140"/>
        <testcase name="Get seconds" file="Reading Time (Hyde\Framework\Testing\Feature\ReadingTime)::Get seconds" class="Hyde\Framework\Testing\Feature\ReadingTimeTest" classname="Hyde.Framework.Testing.Feature.ReadingTimeTest" assertions="4" time="0.002178"/>
        <testcase name="Get seconds over" file="Reading Time (Hyde\Framework\Testing\Feature\ReadingTime)::Get seconds over" class="Hyde\Framework\Testing\Feature\ReadingTimeTest" classname="Hyde.Framework.Testing.Feature.ReadingTimeTest" assertions="4" time="0.002180"/>
        <testcase name="Get formatted" file="Reading Time (Hyde\Framework\Testing\Feature\ReadingTime)::Get formatted" class="Hyde\Framework\Testing\Feature\ReadingTimeTest" classname="Hyde.Framework.Testing.Feature.ReadingTimeTest" assertions="4" time="0.002177"/>
        <testcase name="Get formatted with custom formatting" file="Reading Time (Hyde\Framework\Testing\Feature\ReadingTime)::Get formatted with custom formatting" class="Hyde\Framework\Testing\Feature\ReadingTimeTest" classname="Hyde.Framework.Testing.Feature.ReadingTimeTest" assertions="4" time="0.002179"/>
        <testcase name="Get formatted formats up to one minute when round up is set" file="Reading Time (Hyde\Framework\Testing\Feature\ReadingTime)::Get formatted formats up to one minute when round up is set" class="Hyde\Framework\Testing\Feature\ReadingTimeTest" classname="Hyde.Framework.Testing.Feature.ReadingTimeTest" assertions="4" time="0.002201"/>
        <testcase name="Format using closure" file="Reading Time (Hyde\Framework\Testing\Feature\ReadingTime)::Format using closure" class="Hyde\Framework\Testing\Feature\ReadingTimeTest" classname="Hyde.Framework.Testing.Feature.ReadingTimeTest" assertions="4" time="0.002194"/>
        <testcase name="From string" file="Reading Time (Hyde\Framework\Testing\Feature\ReadingTime)::From string" class="Hyde\Framework\Testing\Feature\ReadingTimeTest" classname="Hyde.Framework.Testing.Feature.ReadingTimeTest" assertions="2" time="0.002047"/>
        <testcase name="From file" file="Reading Time (Hyde\Framework\Testing\Feature\ReadingTime)::From file" class="Hyde\Framework\Testing\Feature\ReadingTimeTest" classname="Hyde.Framework.Testing.Feature.ReadingTimeTest" assertions="2" time="0.002974"/>
      </testsuite>
      <testsuite name="Hyde\Framework\Testing\Feature\RedirectTest" file="Redirect (Hyde\Framework\Testing\Feature\Redirect)" tests="4" assertions="12" errors="0" failures="0" skipped="0" time="0.134757">
        <testcase name="Can create a redirect" file="Redirect (Hyde\Framework\Testing\Feature\Redirect)::Can create a redirect" class="Hyde\Framework\Testing\Feature\RedirectTest" classname="Hyde.Framework.Testing.Feature.RedirectTest" assertions="7" time="0.044861"/>
        <testcase name="Path parameter is normalized" file="Redirect (Hyde\Framework\Testing\Feature\Redirect)::Path parameter is normalized" class="Hyde\Framework\Testing\Feature\RedirectTest" classname="Hyde.Framework.Testing.Feature.RedirectTest" assertions="1" time="0.026846"/>
        <testcase name="Text can be disabled" file="Redirect (Hyde\Framework\Testing\Feature\Redirect)::Text can be disabled" class="Hyde\Framework\Testing\Feature\RedirectTest" classname="Hyde.Framework.Testing.Feature.RedirectTest" assertions="2" time="0.022924"/>
        <testcase name="Redirect pages can be compilable by static site though manual discovery" file="Redirect (Hyde\Framework\Testing\Feature\Redirect)::Redirect pages can be compilable by static site though manual discovery" class="Hyde\Framework\Testing\Feature\RedirectTest" classname="Hyde.Framework.Testing.Feature.RedirectTest" assertions="2" time="0.040126"/>
      </testsuite>
      <testsuite name="Hyde\Framework\Testing\Feature\RouteCollectionTest" file="Route Collection (Hyde\Framework\Testing\Feature\RouteCollection)" tests="7" assertions="19" errors="0" failures="0" skipped="0" time="0.206403">
        <testcase name="Boot method discovers all pages" file="Route Collection (Hyde\Framework\Testing\Feature\RouteCollection)::Boot method discovers all pages" class="Hyde\Framework\Testing\Feature\RouteCollectionTest" classname="Hyde.Framework.Testing.Feature.RouteCollectionTest" assertions="3" time="0.032374"/>
        <testcase name="Boot method discovers all page types" file="Route Collection (Hyde\Framework\Testing\Feature\RouteCollection)::Boot method discovers all page types" class="Hyde\Framework\Testing\Feature\RouteCollectionTest" classname="Hyde.Framework.Testing.Feature.RouteCollectionTest" assertions="3" time="0.035277"/>
        <testcase name="Get routes returns all routes" file="Route Collection (Hyde\Framework\Testing\Feature\RouteCollection)::Get routes returns all routes" class="Hyde\Framework\Testing\Feature\RouteCollectionTest" classname="Hyde.Framework.Testing.Feature.RouteCollectionTest" assertions="1" time="0.029632"/>
        <testcase name="Get routes for model returns collection of routes of given class" file="Route Collection (Hyde\Framework\Testing\Feature\RouteCollection)::Get routes for model returns collection of routes of given class" class="Hyde\Framework\Testing\Feature\RouteCollectionTest" classname="Hyde.Framework.Testing.Feature.RouteCollectionTest" assertions="6" time="0.036083"/>
        <testcase name="Add route adds new route" file="Route Collection (Hyde\Framework\Testing\Feature\RouteCollection)::Add route adds new route" class="Hyde\Framework\Testing\Feature\RouteCollectionTest" classname="Hyde.Framework.Testing.Feature.RouteCollectionTest" assertions="3" time="0.025292"/>
        <testcase name="Get route" file="Route Collection (Hyde\Framework\Testing\Feature\RouteCollection)::Get route" class="Hyde\Framework\Testing\Feature\RouteCollectionTest" classname="Hyde.Framework.Testing.Feature.RouteCollectionTest" assertions="1" time="0.024421"/>
        <testcase name="Get route with non existing route" file="Route Collection (Hyde\Framework\Testing\Feature\RouteCollection)::Get route with non existing route" class="Hyde\Framework\Testing\Feature\RouteCollectionTest" classname="Hyde.Framework.Testing.Feature.RouteCollectionTest" assertions="2" time="0.023324"/>
      </testsuite>
      <testsuite name="Hyde\Framework\Testing\Feature\Services\BladeDownProcessorTest" file="Blade Down Processor (Hyde\Framework\Testing\Feature\Services\BladeDownProcessor)" tests="9" assertions="9" errors="0" failures="0" skipped="0" time="0.193523">
        <testcase name="It renders blade echo syntax" file="Blade Down Processor (Hyde\Framework\Testing\Feature\Services\BladeDownProcessor)::It renders blade echo syntax" class="Hyde\Framework\Testing\Feature\Services\BladeDownProcessorTest" classname="Hyde.Framework.Testing.Feature.Services.BladeDownProcessorTest" assertions="1" time="0.030250"/>
        <testcase name="It renders blade within multiline markdown" file="Blade Down Processor (Hyde\Framework\Testing\Feature\Services\BladeDownProcessor)::It renders blade within multiline markdown" class="Hyde\Framework\Testing\Feature\Services\BladeDownProcessorTest" classname="Hyde.Framework.Testing.Feature.Services.BladeDownProcessorTest" assertions="1" time="0.020461"/>
        <testcase name="It renders blade views" file="Blade Down Processor (Hyde\Framework\Testing\Feature\Services\BladeDownProcessor)::It renders blade views" class="Hyde\Framework\Testing\Feature\Services\BladeDownProcessorTest" classname="Hyde.Framework.Testing.Feature.Services.BladeDownProcessorTest" assertions="1" time="0.020802"/>
        <testcase name="Directive is case insensitive" file="Blade Down Processor (Hyde\Framework\Testing\Feature\Services\BladeDownProcessor)::Directive is case insensitive" class="Hyde\Framework\Testing\Feature\Services\BladeDownProcessorTest" classname="Hyde.Framework.Testing.Feature.Services.BladeDownProcessorTest" assertions="1" time="0.020203"/>
        <testcase name="Directive is ignored if it is not at the start of a line" file="Blade Down Processor (Hyde\Framework\Testing\Feature\Services\BladeDownProcessor)::Directive is ignored if it is not at the start of a line" class="Hyde\Framework\Testing\Feature\Services\BladeDownProcessorTest" classname="Hyde.Framework.Testing.Feature.Services.BladeDownProcessorTest" assertions="1" time="0.019409"/>
        <testcase name="It renders blade echo syntax with variables" file="Blade Down Processor (Hyde\Framework\Testing\Feature\Services\BladeDownProcessor)::It renders blade echo syntax with variables" class="Hyde\Framework\Testing\Feature\Services\BladeDownProcessorTest" classname="Hyde.Framework.Testing.Feature.Services.BladeDownProcessorTest" assertions="1" time="0.020740"/>
        <testcase name="It renders blade views with variables" file="Blade Down Processor (Hyde\Framework\Testing\Feature\Services\BladeDownProcessor)::It renders blade views with variables" class="Hyde\Framework\Testing\Feature\Services\BladeDownProcessorTest" classname="Hyde.Framework.Testing.Feature.Services.BladeDownProcessorTest" assertions="1" time="0.021962"/>
        <testcase name="Preprocess method expands shortcode" file="Blade Down Processor (Hyde\Framework\Testing\Feature\Services\BladeDownProcessor)::Preprocess method expands shortcode" class="Hyde\Framework\Testing\Feature\Services\BladeDownProcessorTest" classname="Hyde.Framework.Testing.Feature.Services.BladeDownProcessorTest" assertions="1" time="0.019667"/>
        <testcase name="Process method renders shortcode" file="Blade Down Processor (Hyde\Framework\Testing\Feature\Services\BladeDownProcessor)::Process method renders shortcode" class="Hyde\Framework\Testing\Feature\Services\BladeDownProcessorTest" classname="Hyde.Framework.Testing.Feature.Services.BladeDownProcessorTest" assertions="1" time="0.020029"/>
      </testsuite>
      <testsuite name="Hyde\Framework\Testing\Feature\Services\BuildTaskServiceTest" file="Build Task Service (Hyde\Framework\Testing\Feature\Services\BuildTaskService)" tests="8" assertions="11" errors="0" failures="0" skipped="0" time="0.237055">
        <testcase name="Build command can run build tasks" file="Build Task Service (Hyde\Framework\Testing\Feature\Services\BuildTaskService)::Build command can run build tasks" class="Hyde\Framework\Testing\Feature\Services\BuildTaskServiceTest" classname="Hyde.Framework.Testing.Feature.Services.BuildTaskServiceTest" assertions="4" time="0.051531"/>
        <testcase name="Run post build tasks runs configured tasks does nothing if no tasks are configured" file="Build Task Service (Hyde\Framework\Testing\Feature\Services\BuildTaskService)::Run post build tasks runs configured tasks does nothing if no tasks are configured" class="Hyde\Framework\Testing\Feature\Services\BuildTaskServiceTest" classname="Hyde.Framework.Testing.Feature.Services.BuildTaskServiceTest" assertions="1" time="0.025446"/>
        <testcase name="Get post build tasks returns array merged with config" file="Build Task Service (Hyde\Framework\Testing\Feature\Services\BuildTaskService)::Get post build tasks returns array merged with config" class="Hyde\Framework\Testing\Feature\Services\BuildTaskServiceTest" classname="Hyde.Framework.Testing.Feature.Services.BuildTaskServiceTest" assertions="1" time="0.024333"/>
        <testcase name="Get post build tasks merges duplicate keys" file="Build Task Service (Hyde\Framework\Testing\Feature\Services\BuildTaskService)::Get post build tasks merges duplicate keys" class="Hyde\Framework\Testing\Feature\Services\BuildTaskServiceTest" classname="Hyde.Framework.Testing.Feature.Services.BuildTaskServiceTest" assertions="1" time="0.024147"/>
        <testcase name="Run post build tasks runs configured tasks" file="Build Task Service (Hyde\Framework\Testing\Feature\Services\BuildTaskService)::Run post build tasks runs configured tasks" class="Hyde\Framework\Testing\Feature\Services\BuildTaskServiceTest" classname="Hyde.Framework.Testing.Feature.Services.BuildTaskServiceTest" assertions="1" time="0.025401"/>
        <testcase name="Exception handler shows error message and exits with code 1 without throwing exception" file="Build Task Service (Hyde\Framework\Testing\Feature\Services\BuildTaskService)::Exception handler shows error message and exits with code 1 without throwing exception" class="Hyde\Framework\Testing\Feature\Services\BuildTaskServiceTest" classname="Hyde.Framework.Testing.Feature.Services.BuildTaskServiceTest" assertions="1" time="0.019706"/>
        <testcase name="Find tasks in app directory method discovers tasks in app directory" file="Build Task Service (Hyde\Framework\Testing\Feature\Services\BuildTaskService)::Find tasks in app directory method discovers tasks in app directory" class="Hyde\Framework\Testing\Feature\Services\BuildTaskServiceTest" classname="Hyde.Framework.Testing.Feature.Services.BuildTaskServiceTest" assertions="1" time="0.025660"/>
        <testcase name="Automatically discovered tasks can be executed" file="Build Task Service (Hyde\Framework\Testing\Feature\Services\BuildTaskService)::Automatically discovered tasks can be executed" class="Hyde\Framework\Testing\Feature\Services\BuildTaskServiceTest" classname="Hyde.Framework.Testing.Feature.Services.BuildTaskServiceTest" assertions="1" time="0.040832"/>
      </testsuite>
      <testsuite name="Hyde\Framework\Testing\Feature\Services\DocumentationSearchServiceTest" file="Documentation Search Service (Hyde\Framework\Testing\Feature\Services\DocumentationSearchService)" tests="10" assertions="10" errors="0" failures="0" skipped="0" time="0.093422">
        <testcase name="It generates a json file with a search index" file="Documentation Search Service (Hyde\Framework\Testing\Feature\Services\DocumentationSearchService)::It generates a json file with a search index" class="Hyde\Framework\Testing\Feature\Services\DocumentationSearchServiceTest" classname="Hyde.Framework.Testing.Feature.Services.DocumentationSearchServiceTest" assertions="1" time="0.019133"/>
        <testcase name="It adds all files to search index" file="Documentation Search Service (Hyde\Framework\Testing\Feature\Services\DocumentationSearchService)::It adds all files to search index" class="Hyde\Framework\Testing\Feature\Services\DocumentationSearchServiceTest" classname="Hyde.Framework.Testing.Feature.Services.DocumentationSearchServiceTest" assertions="1" time="0.010612"/>
        <testcase name="It handles generation even when there are no pages" file="Documentation Search Service (Hyde\Framework\Testing\Feature\Services\DocumentationSearchService)::It handles generation even when there are no pages" class="Hyde\Framework\Testing\Feature\Services\DocumentationSearchServiceTest" classname="Hyde.Framework.Testing.Feature.Services.DocumentationSearchServiceTest" assertions="1" time="0.006602"/>
        <testcase name="Save method saves the file to the correct location" file="Documentation Search Service (Hyde\Framework\Testing\Feature\Services\DocumentationSearchService)::Save method saves the file to the correct location" class="Hyde\Framework\Testing\Feature\Services\DocumentationSearchServiceTest" classname="Hyde.Framework.Testing.Feature.Services.DocumentationSearchServiceTest" assertions="1" time="0.006537"/>
        <testcase name="It generates a valid j s o n" file="Documentation Search Service (Hyde\Framework\Testing\Feature\Services\DocumentationSearchService)::It generates a valid j s o n" class="Hyde\Framework\Testing\Feature\Services\DocumentationSearchServiceTest" classname="Hyde.Framework.Testing.Feature.Services.DocumentationSearchServiceTest" assertions="1" time="0.009228"/>
        <testcase name="It strips markdown" file="Documentation Search Service (Hyde\Framework\Testing\Feature\Services\DocumentationSearchService)::It strips markdown" class="Hyde\Framework\Testing\Feature\Services\DocumentationSearchServiceTest" classname="Hyde.Framework.Testing.Feature.Services.DocumentationSearchServiceTest" assertions="1" time="0.008060"/>
        <testcase name="Get destination for slug returns empty string for index when pretty url is enabled" file="Documentation Search Service (Hyde\Framework\Testing\Feature\Services\DocumentationSearchService)::Get destination for slug returns empty string for index when pretty url is enabled" class="Hyde\Framework\Testing\Feature\Services\DocumentationSearchServiceTest" classname="Hyde.Framework.Testing.Feature.Services.DocumentationSearchServiceTest" assertions="1" time="0.008151"/>
        <testcase name="Get destination for slug returns pretty url when enabled" file="Documentation Search Service (Hyde\Framework\Testing\Feature\Services\DocumentationSearchService)::Get destination for slug returns pretty url when enabled" class="Hyde\Framework\Testing\Feature\Services\DocumentationSearchServiceTest" classname="Hyde.Framework.Testing.Feature.Services.DocumentationSearchServiceTest" assertions="1" time="0.008136"/>
        <testcase name="Excluded pages are not present in the search index" file="Documentation Search Service (Hyde\Framework\Testing\Feature\Services\DocumentationSearchService)::Excluded pages are not present in the search index" class="Hyde\Framework\Testing\Feature\Services\DocumentationSearchServiceTest" classname="Hyde.Framework.Testing.Feature.Services.DocumentationSearchServiceTest" assertions="1" time="0.007998"/>
        <testcase name="Nested source files do not retain directory name in search index" file="Documentation Search Service (Hyde\Framework\Testing\Feature\Services\DocumentationSearchService)::Nested source files do not retain directory name in search index" class="Hyde\Framework\Testing\Feature\Services\DocumentationSearchServiceTest" classname="Hyde.Framework.Testing.Feature.Services.DocumentationSearchServiceTest" assertions="1" time="0.008964"/>
      </testsuite>
      <testsuite name="Hyde\Framework\Testing\Feature\Services\DocumentationSidebarTest" file="Documentation Sidebar (Hyde\Framework\Testing\Feature\Services\DocumentationSidebar)" tests="36" assertions="51" errors="0" failures="0" skipped="0" time="1.021153">
        <testcase name="Sidebar can be created" file="Documentation Sidebar (Hyde\Framework\Testing\Feature\Services\DocumentationSidebar)::Sidebar can be created" class="Hyde\Framework\Testing\Feature\Services\DocumentationSidebarTest" classname="Hyde.Framework.Testing.Feature.Services.DocumentationSidebarTest" assertions="1" time="0.039425"/>
        <testcase name="Sidebar items are added automatically" file="Documentation Sidebar (Hyde\Framework\Testing\Feature\Services\DocumentationSidebar)::Sidebar items are added automatically" class="Hyde\Framework\Testing\Feature\Services\DocumentationSidebarTest" classname="Hyde.Framework.Testing.Feature.Services.DocumentationSidebarTest" assertions="1" time="0.030318"/>
        <testcase name="Index page is removed from sidebar" file="Documentation Sidebar (Hyde\Framework\Testing\Feature\Services\DocumentationSidebar)::Index page is removed from sidebar" class="Hyde\Framework\Testing\Feature\Services\DocumentationSidebarTest" classname="Hyde.Framework.Testing.Feature.Services.DocumentationSidebarTest" assertions="1" time="0.031287"/>
        <testcase name="Files with front matter hidden set to true are removed from sidebar" file="Documentation Sidebar (Hyde\Framework\Testing\Feature\Services\DocumentationSidebar)::Files with front matter hidden set to true are removed from sidebar" class="Hyde\Framework\Testing\Feature\Services\DocumentationSidebarTest" classname="Hyde.Framework.Testing.Feature.Services.DocumentationSidebarTest" assertions="1" time="0.031389"/>
        <testcase name="Sidebar is ordered alphabetically when no order is set in config" file="Documentation Sidebar (Hyde\Framework\Testing\Feature\Services\DocumentationSidebar)::Sidebar is ordered alphabetically when no order is set in config" class="Hyde\Framework\Testing\Feature\Services\DocumentationSidebarTest" classname="Hyde.Framework.Testing.Feature.Services.DocumentationSidebarTest" assertions="1" time="0.028742"/>
        <testcase name="Sidebar is ordered by priority when priority is set in config" file="Documentation Sidebar (Hyde\Framework\Testing\Feature\Services\DocumentationSidebar)::Sidebar is ordered by priority when priority is set in config" class="Hyde\Framework\Testing\Feature\Services\DocumentationSidebarTest" classname="Hyde.Framework.Testing.Feature.Services.DocumentationSidebarTest" assertions="1" time="0.028834"/>
        <testcase name="Sidebar item priority can be set in front matter" file="Documentation Sidebar (Hyde\Framework\Testing\Feature\Services\DocumentationSidebar)::Sidebar item priority can be set in front matter" class="Hyde\Framework\Testing\Feature\Services\DocumentationSidebarTest" classname="Hyde.Framework.Testing.Feature.Services.DocumentationSidebarTest" assertions="1" time="0.025519"/>
        <testcase name="Sidebar item priority set in config overrides front matter" file="Documentation Sidebar (Hyde\Framework\Testing\Feature\Services\DocumentationSidebar)::Sidebar item priority set in config overrides front matter" class="Hyde\Framework\Testing\Feature\Services\DocumentationSidebarTest" classname="Hyde.Framework.Testing.Feature.Services.DocumentationSidebarTest" assertions="1" time="0.025780"/>
        <testcase name="Sidebar priorities can be set in both front matter and config" file="Documentation Sidebar (Hyde\Framework\Testing\Feature\Services\DocumentationSidebar)::Sidebar priorities can be set in both front matter and config" class="Hyde\Framework\Testing\Feature\Services\DocumentationSidebarTest" classname="Hyde.Framework.Testing.Feature.Services.DocumentationSidebarTest" assertions="1" time="0.029050"/>
        <testcase name="Group can be set in front matter" file="Documentation Sidebar (Hyde\Framework\Testing\Feature\Services\DocumentationSidebar)::Group can be set in front matter" class="Hyde\Framework\Testing\Feature\Services\DocumentationSidebarTest" classname="Hyde.Framework.Testing.Feature.Services.DocumentationSidebarTest" assertions="1" time="0.025987"/>
        <testcase name="Has groups returns false when there are no groups" file="Documentation Sidebar (Hyde\Framework\Testing\Feature\Services\DocumentationSidebar)::Has groups returns false when there are no groups" class="Hyde\Framework\Testing\Feature\Services\DocumentationSidebarTest" classname="Hyde.Framework.Testing.Feature.Services.DocumentationSidebarTest" assertions="1" time="0.024026"/>
        <testcase name="Has groups returns true when there are groups" file="Documentation Sidebar (Hyde\Framework\Testing\Feature\Services\DocumentationSidebar)::Has groups returns true when there are groups" class="Hyde\Framework\Testing\Feature\Services\DocumentationSidebarTest" classname="Hyde.Framework.Testing.Feature.Services.DocumentationSidebarTest" assertions="1" time="0.025631"/>
        <testcase name="Has groups returns true when there are multiple groups" file="Documentation Sidebar (Hyde\Framework\Testing\Feature\Services\DocumentationSidebar)::Has groups returns true when there are multiple groups" class="Hyde\Framework\Testing\Feature\Services\DocumentationSidebarTest" classname="Hyde.Framework.Testing.Feature.Services.DocumentationSidebarTest" assertions="1" time="0.027116"/>
        <testcase name="Has groups returns true when there are multiple groups mixed with defaults" file="Documentation Sidebar (Hyde\Framework\Testing\Feature\Services\DocumentationSidebar)::Has groups returns true when there are multiple groups mixed with defaults" class="Hyde\Framework\Testing\Feature\Services\DocumentationSidebarTest" classname="Hyde.Framework.Testing.Feature.Services.DocumentationSidebarTest" assertions="1" time="0.028264"/>
        <testcase name="Get groups returns empty array when there are no groups" file="Documentation Sidebar (Hyde\Framework\Testing\Feature\Services\DocumentationSidebar)::Get groups returns empty array when there are no groups" class="Hyde\Framework\Testing\Feature\Services\DocumentationSidebarTest" classname="Hyde.Framework.Testing.Feature.Services.DocumentationSidebarTest" assertions="1" time="0.023840"/>
        <testcase name="Get groups returns array of groups when there are groups" file="Documentation Sidebar (Hyde\Framework\Testing\Feature\Services\DocumentationSidebar)::Get groups returns array of groups when there are groups" class="Hyde\Framework\Testing\Feature\Services\DocumentationSidebarTest" classname="Hyde.Framework.Testing.Feature.Services.DocumentationSidebarTest" assertions="1" time="0.025787"/>
        <testcase name="Get groups returns array with no duplicates" file="Documentation Sidebar (Hyde\Framework\Testing\Feature\Services\DocumentationSidebar)::Get groups returns array with no duplicates" class="Hyde\Framework\Testing\Feature\Services\DocumentationSidebarTest" classname="Hyde.Framework.Testing.Feature.Services.DocumentationSidebarTest" assertions="1" time="0.028534"/>
        <testcase name="Groups are sorted by lowest found priority in each group" file="Documentation Sidebar (Hyde\Framework\Testing\Feature\Services\DocumentationSidebar)::Groups are sorted by lowest found priority in each group" class="Hyde\Framework\Testing\Feature\Services\DocumentationSidebarTest" classname="Hyde.Framework.Testing.Feature.Services.DocumentationSidebarTest" assertions="1" time="0.028487"/>
        <testcase name="Get items in group returns empty collection when there are no items" file="Documentation Sidebar (Hyde\Framework\Testing\Feature\Services\DocumentationSidebar)::Get items in group returns empty collection when there are no items" class="Hyde\Framework\Testing\Feature\Services\DocumentationSidebarTest" classname="Hyde.Framework.Testing.Feature.Services.DocumentationSidebarTest" assertions="1" time="0.023958"/>
        <testcase name="Get items in group returns collection of items in group" file="Documentation Sidebar (Hyde\Framework\Testing\Feature\Services\DocumentationSidebar)::Get items in group returns collection of items in group" class="Hyde\Framework\Testing\Feature\Services\DocumentationSidebarTest" classname="Hyde.Framework.Testing.Feature.Services.DocumentationSidebarTest" assertions="2" time="0.037351"/>
        <testcase name="Get items in group normalizes group name to slug format" file="Documentation Sidebar (Hyde\Framework\Testing\Feature\Services\DocumentationSidebar)::Get items in group normalizes group name to slug format" class="Hyde\Framework\Testing\Feature\Services\DocumentationSidebarTest" classname="Hyde.Framework.Testing.Feature.Services.DocumentationSidebarTest" assertions="1" time="0.029666"/>
        <testcase name="Get items in group does not include items with hidden front matter" file="Documentation Sidebar (Hyde\Framework\Testing\Feature\Services\DocumentationSidebar)::Get items in group does not include items with hidden front matter" class="Hyde\Framework\Testing\Feature\Services\DocumentationSidebarTest" classname="Hyde.Framework.Testing.Feature.Services.DocumentationSidebarTest" assertions="1" time="0.027310"/>
        <testcase name="Get items in group does not include docs index" file="Documentation Sidebar (Hyde\Framework\Testing\Feature\Services\DocumentationSidebar)::Get items in group does not include docs index" class="Hyde\Framework\Testing\Feature\Services\DocumentationSidebarTest" classname="Hyde.Framework.Testing.Feature.Services.DocumentationSidebarTest" assertions="1" time="0.040961"/>
        <testcase name="Is group active returns false when supplied group is not active" file="Documentation Sidebar (Hyde\Framework\Testing\Feature\Services\DocumentationSidebar)::Is group active returns false when supplied group is not active" class="Hyde\Framework\Testing\Feature\Services\DocumentationSidebarTest" classname="Hyde.Framework.Testing.Feature.Services.DocumentationSidebarTest" assertions="1" time="0.025576"/>
        <testcase name="Is group active returns true when supplied group is active" file="Documentation Sidebar (Hyde\Framework\Testing\Feature\Services\DocumentationSidebar)::Is group active returns true when supplied group is active" class="Hyde\Framework\Testing\Feature\Services\DocumentationSidebarTest" classname="Hyde.Framework.Testing.Feature.Services.DocumentationSidebarTest" assertions="1" time="0.024855"/>
        <testcase name="Is group active returns true for differing casing" file="Documentation Sidebar (Hyde\Framework\Testing\Feature\Services\DocumentationSidebar)::Is group active returns true for differing casing" class="Hyde\Framework\Testing\Feature\Services\DocumentationSidebarTest" classname="Hyde.Framework.Testing.Feature.Services.DocumentationSidebarTest" assertions="1" time="0.024669"/>
        <testcase name="Is group active returns true first group of index page" file="Documentation Sidebar (Hyde\Framework\Testing\Feature\Services\DocumentationSidebar)::Is group active returns true first group of index page" class="Hyde\Framework\Testing\Feature\Services\DocumentationSidebarTest" classname="Hyde.Framework.Testing.Feature.Services.DocumentationSidebarTest" assertions="3" time="0.031812"/>
        <testcase name="Is group active returns true first sorted group of index page" file="Documentation Sidebar (Hyde\Framework\Testing\Feature\Services\DocumentationSidebar)::Is group active returns true first sorted group of index page" class="Hyde\Framework\Testing\Feature\Services\DocumentationSidebarTest" classname="Hyde.Framework.Testing.Feature.Services.DocumentationSidebarTest" assertions="3" time="0.031906"/>
        <testcase name="Automatic index page group expansion respects custom navigation menu settings" file="Documentation Sidebar (Hyde\Framework\Testing\Feature\Services\DocumentationSidebar)::Automatic index page group expansion respects custom navigation menu settings" class="Hyde\Framework\Testing\Feature\Services\DocumentationSidebarTest" classname="Hyde.Framework.Testing.Feature.Services.DocumentationSidebarTest" assertions="3" time="0.031774"/>
        <testcase name="Make group title turns group key into title" file="Documentation Sidebar (Hyde\Framework\Testing\Feature\Services\DocumentationSidebar)::Make group title turns group key into title" class="Hyde\Framework\Testing\Feature\Services\DocumentationSidebarTest" classname="Hyde.Framework.Testing.Feature.Services.DocumentationSidebarTest" assertions="4" time="0.024546"/>
        <testcase name="Make group title uses configured sidebar group labels when available" file="Documentation Sidebar (Hyde\Framework\Testing\Feature\Services\DocumentationSidebar)::Make group title uses configured sidebar group labels when available" class="Hyde\Framework\Testing\Feature\Services\DocumentationSidebarTest" classname="Hyde.Framework.Testing.Feature.Services.DocumentationSidebarTest" assertions="2" time="0.024139"/>
        <testcase name="Can have multiple grouped pages with the same name labels" file="Documentation Sidebar (Hyde\Framework\Testing\Feature\Services\DocumentationSidebar)::Can have multiple grouped pages with the same name labels" class="Hyde\Framework\Testing\Feature\Services\DocumentationSidebarTest" classname="Hyde.Framework.Testing.Feature.Services.DocumentationSidebarTest" assertions="2" time="0.027716"/>
        <testcase name="Duplicate labels within the same group is removed" file="Documentation Sidebar (Hyde\Framework\Testing\Feature\Services\DocumentationSidebar)::Duplicate labels within the same group is removed" class="Hyde\Framework\Testing\Feature\Services\DocumentationSidebarTest" classname="Hyde.Framework.Testing.Feature.Services.DocumentationSidebarTest" assertions="2" time="0.027590"/>
        <testcase name="Is group active for index page with no groups" file="Documentation Sidebar (Hyde\Framework\Testing\Feature\Services\DocumentationSidebar)::Is group active for index page with no groups" class="Hyde\Framework\Testing\Feature\Services\DocumentationSidebarTest" classname="Hyde.Framework.Testing.Feature.Services.DocumentationSidebarTest" assertions="1" time="0.026101"/>
        <testcase name="Index page added to sidebar when it is the only page" file="Documentation Sidebar (Hyde\Framework\Testing\Feature\Services\DocumentationSidebar)::Index page added to sidebar when it is the only page" class="Hyde\Framework\Testing\Feature\Services\DocumentationSidebarTest" classname="Hyde.Framework.Testing.Feature.Services.DocumentationSidebarTest" assertions="2" time="0.026089"/>
        <testcase name="Index page not added to sidebar when other pages exist" file="Documentation Sidebar (Hyde\Framework\Testing\Feature\Services\DocumentationSidebar)::Index page not added to sidebar when other pages exist" class="Hyde\Framework\Testing\Feature\Services\DocumentationSidebarTest" classname="Hyde.Framework.Testing.Feature.Services.DocumentationSidebarTest" assertions="2" time="0.027117"/>
      </testsuite>
      <testsuite name="Hyde\Framework\Testing\Feature\Services\HydeSmartDocsTest" file="Hyde Smart Docs (Hyde\Framework\Testing\Feature\Services\HydeSmartDocs)" tests="19" assertions="33" errors="0" failures="0" skipped="0" time="0.560162">
        <testcase name="Class tokenizes document" file="Hyde Smart Docs (Hyde\Framework\Testing\Feature\Services\HydeSmartDocs)::Class tokenizes document" class="Hyde\Framework\Testing\Feature\Services\HydeSmartDocsTest" classname="Hyde.Framework.Testing.Feature.Services.HydeSmartDocsTest" assertions="2" time="0.069980"/>
        <testcase name="Class can handle document with no header" file="Hyde Smart Docs (Hyde\Framework\Testing\Feature\Services\HydeSmartDocs)::Class can handle document with no header" class="Hyde\Framework\Testing\Feature\Services\HydeSmartDocsTest" classname="Hyde.Framework.Testing.Feature.Services.HydeSmartDocsTest" assertions="2" time="0.023830"/>
        <testcase name="Class can handle document with only header" file="Hyde Smart Docs (Hyde\Framework\Testing\Feature\Services\HydeSmartDocs)::Class can handle document with only header" class="Hyde\Framework\Testing\Feature\Services\HydeSmartDocsTest" classname="Hyde.Framework.Testing.Feature.Services.HydeSmartDocsTest" assertions="2" time="0.023735"/>
        <testcase name="Class can handle empty document" file="Hyde Smart Docs (Hyde\Framework\Testing\Feature\Services\HydeSmartDocs)::Class can handle empty document" class="Hyde\Framework\Testing\Feature\Services\HydeSmartDocsTest" classname="Hyde.Framework.Testing.Feature.Services.HydeSmartDocsTest" assertions="2" time="0.023644"/>
        <testcase name="Rendered content is htmlable" file="Hyde Smart Docs (Hyde\Framework\Testing\Feature\Services\HydeSmartDocs)::Rendered content is htmlable" class="Hyde\Framework\Testing\Feature\Services\HydeSmartDocsTest" classname="Hyde.Framework.Testing.Feature.Services.HydeSmartDocsTest" assertions="3" time="0.024511"/>
        <testcase name="Create helper creates new instance and processes it" file="Hyde Smart Docs (Hyde\Framework\Testing\Feature\Services\HydeSmartDocs)::Create helper creates new instance and processes it" class="Hyde\Framework\Testing\Feature\Services\HydeSmartDocsTest" classname="Hyde.Framework.Testing.Feature.Services.HydeSmartDocsTest" assertions="2" time="0.037447"/>
        <testcase name="Render header returns the extracted header" file="Hyde Smart Docs (Hyde\Framework\Testing\Feature\Services\HydeSmartDocs)::Render header returns the extracted header" class="Hyde\Framework\Testing\Feature\Services\HydeSmartDocsTest" classname="Hyde.Framework.Testing.Feature.Services.HydeSmartDocsTest" assertions="1" time="0.025108"/>
        <testcase name="Render header returns the extracted header with varying newlines" file="Hyde Smart Docs (Hyde\Framework\Testing\Feature\Services\HydeSmartDocs)::Render header returns the extracted header with varying newlines" class="Hyde\Framework\Testing\Feature\Services\HydeSmartDocsTest" classname="Hyde.Framework.Testing.Feature.Services.HydeSmartDocsTest" assertions="3" time="0.031420"/>
        <testcase name="Render body returns the extracted body" file="Hyde Smart Docs (Hyde\Framework\Testing\Feature\Services\HydeSmartDocs)::Render body returns the extracted body" class="Hyde\Framework\Testing\Feature\Services\HydeSmartDocsTest" classname="Hyde.Framework.Testing.Feature.Services.HydeSmartDocsTest" assertions="1" time="0.024105"/>
        <testcase name="Render body returns the extracted body with varying newlines" file="Hyde Smart Docs (Hyde\Framework\Testing\Feature\Services\HydeSmartDocs)::Render body returns the extracted body with varying newlines" class="Hyde\Framework\Testing\Feature\Services\HydeSmartDocsTest" classname="Hyde.Framework.Testing.Feature.Services.HydeSmartDocsTest" assertions="3" time="0.031166"/>
        <testcase name="Render footer is empty by default" file="Hyde Smart Docs (Hyde\Framework\Testing\Feature\Services\HydeSmartDocs)::Render footer is empty by default" class="Hyde\Framework\Testing\Feature\Services\HydeSmartDocsTest" classname="Hyde.Framework.Testing.Feature.Services.HydeSmartDocsTest" assertions="1" time="0.024065"/>
        <testcase name="Add dynamic header content adds source link when conditions are met" file="Hyde Smart Docs (Hyde\Framework\Testing\Feature\Services\HydeSmartDocs)::Add dynamic header content adds source link when conditions are met" class="Hyde\Framework\Testing\Feature\Services\HydeSmartDocsTest" classname="Hyde.Framework.Testing.Feature.Services.HydeSmartDocsTest" assertions="1" time="0.037122"/>
        <testcase name="Edit source link is added to footer when conditions are met" file="Hyde Smart Docs (Hyde\Framework\Testing\Feature\Services\HydeSmartDocs)::Edit source link is added to footer when conditions are met" class="Hyde\Framework\Testing\Feature\Services\HydeSmartDocsTest" classname="Hyde.Framework.Testing.Feature.Services.HydeSmartDocsTest" assertions="1" time="0.025069"/>
        <testcase name="Edit source link can be added to both header and footer" file="Hyde Smart Docs (Hyde\Framework\Testing\Feature\Services\HydeSmartDocs)::Edit source link can be added to both header and footer" class="Hyde\Framework\Testing\Feature\Services\HydeSmartDocsTest" classname="Hyde.Framework.Testing.Feature.Services.HydeSmartDocsTest" assertions="2" time="0.025138"/>
        <testcase name="Edit source link text can be customized in header" file="Hyde Smart Docs (Hyde\Framework\Testing\Feature\Services\HydeSmartDocs)::Edit source link text can be customized in header" class="Hyde\Framework\Testing\Feature\Services\HydeSmartDocsTest" classname="Hyde.Framework.Testing.Feature.Services.HydeSmartDocsTest" assertions="1" time="0.025051"/>
        <testcase name="Edit source link text can be customized in footer" file="Hyde Smart Docs (Hyde\Framework\Testing\Feature\Services\HydeSmartDocs)::Edit source link text can be customized in footer" class="Hyde\Framework\Testing\Feature\Services\HydeSmartDocsTest" classname="Hyde.Framework.Testing.Feature.Services.HydeSmartDocsTest" assertions="1" time="0.025010"/>
        <testcase name="Add dynamic footer content adds torchlight attribution when conditions are met" file="Hyde Smart Docs (Hyde\Framework\Testing\Feature\Services\HydeSmartDocs)::Add dynamic footer content adds torchlight attribution when conditions are met" class="Hyde\Framework\Testing\Feature\Services\HydeSmartDocsTest" classname="Hyde.Framework.Testing.Feature.Services.HydeSmartDocsTest" assertions="1" time="0.033856"/>
        <testcase name="The documentation article view" file="Hyde Smart Docs (Hyde\Framework\Testing\Feature\Services\HydeSmartDocs)::The documentation article view" class="Hyde\Framework\Testing\Feature\Services\HydeSmartDocsTest" classname="Hyde.Framework.Testing.Feature.Services.HydeSmartDocsTest" assertions="2" time="0.025024"/>
        <testcase name="The documentation article view with existing variable" file="Hyde Smart Docs (Hyde\Framework\Testing\Feature\Services\HydeSmartDocs)::The documentation article view with existing variable" class="Hyde\Framework\Testing\Feature\Services\HydeSmartDocsTest" classname="Hyde.Framework.Testing.Feature.Services.HydeSmartDocsTest" assertions="2" time="0.024880"/>
      </testsuite>
      <testsuite name="Hyde\Framework\Testing\Feature\Services\Markdown\CodeblockFilepathProcessorTest" file="Codeblock Filepath Processor (Hyde\Framework\Testing\Feature\Services\Markdown\CodeblockFilepathProcessor)" tests="13" assertions="30" errors="0" failures="0" skipped="0" time="0.296005">
        <testcase name="Preprocess expands filepath" file="Codeblock Filepath Processor (Hyde\Framework\Testing\Feature\Services\Markdown\CodeblockFilepathProcessor)::Preprocess expands filepath" class="Hyde\Framework\Testing\Feature\Services\Markdown\CodeblockFilepathProcessorTest" classname="Hyde.Framework.Testing.Feature.Services.Markdown.CodeblockFilepathProcessorTest" assertions="1" time="0.056363"/>
        <testcase name="Preprocess accepts multiple filepath formats" file="Codeblock Filepath Processor (Hyde\Framework\Testing\Feature\Services\Markdown\CodeblockFilepathProcessor)::Preprocess accepts multiple filepath formats" class="Hyde\Framework\Testing\Feature\Services\Markdown\CodeblockFilepathProcessorTest" classname="Hyde.Framework.Testing.Feature.Services.Markdown.CodeblockFilepathProcessorTest" assertions="8" time="0.020647"/>
        <testcase name="Filepath pattern is case insensitive" file="Codeblock Filepath Processor (Hyde\Framework\Testing\Feature\Services\Markdown\CodeblockFilepathProcessor)::Filepath pattern is case insensitive" class="Hyde\Framework\Testing\Feature\Services\Markdown\CodeblockFilepathProcessorTest" classname="Hyde.Framework.Testing.Feature.Services.Markdown.CodeblockFilepathProcessorTest" assertions="4" time="0.019929"/>
        <testcase name="Preprocess can use html comments" file="Codeblock Filepath Processor (Hyde\Framework\Testing\Feature\Services\Markdown\CodeblockFilepathProcessor)::Preprocess can use html comments" class="Hyde\Framework\Testing\Feature\Services\Markdown\CodeblockFilepathProcessorTest" classname="Hyde.Framework.Testing.Feature.Services.Markdown.CodeblockFilepathProcessorTest" assertions="1" time="0.019409"/>
        <testcase name="Preprocess can use html comments with different patterns" file="Codeblock Filepath Processor (Hyde\Framework\Testing\Feature\Services\Markdown\CodeblockFilepathProcessor)::Preprocess can use html comments with different patterns" class="Hyde\Framework\Testing\Feature\Services\Markdown\CodeblockFilepathProcessorTest" classname="Hyde.Framework.Testing.Feature.Services.Markdown.CodeblockFilepathProcessorTest" assertions="4" time="0.019812"/>
        <testcase name="Preprocess accepts multiple languages" file="Codeblock Filepath Processor (Hyde\Framework\Testing\Feature\Services\Markdown\CodeblockFilepathProcessor)::Preprocess accepts multiple languages" class="Hyde\Framework\Testing\Feature\Services\Markdown\CodeblockFilepathProcessorTest" classname="Hyde.Framework.Testing.Feature.Services.Markdown.CodeblockFilepathProcessorTest" assertions="5" time="0.019981"/>
        <testcase name="Preprocess accepts multiple input blocks" file="Codeblock Filepath Processor (Hyde\Framework\Testing\Feature\Services\Markdown\CodeblockFilepathProcessor)::Preprocess accepts multiple input blocks" class="Hyde\Framework\Testing\Feature\Services\Markdown\CodeblockFilepathProcessorTest" classname="Hyde.Framework.Testing.Feature.Services.Markdown.CodeblockFilepathProcessorTest" assertions="1" time="0.019661"/>
        <testcase name="Preprocess accepts multi line codeblocks" file="Codeblock Filepath Processor (Hyde\Framework\Testing\Feature\Services\Markdown\CodeblockFilepathProcessor)::Preprocess accepts multi line codeblocks" class="Hyde\Framework\Testing\Feature\Services\Markdown\CodeblockFilepathProcessorTest" classname="Hyde.Framework.Testing.Feature.Services.Markdown.CodeblockFilepathProcessorTest" assertions="1" time="0.019645"/>
        <testcase name="Space after filepath is optional" file="Codeblock Filepath Processor (Hyde\Framework\Testing\Feature\Services\Markdown\CodeblockFilepathProcessor)::Space after filepath is optional" class="Hyde\Framework\Testing\Feature\Services\Markdown\CodeblockFilepathProcessorTest" classname="Hyde.Framework.Testing.Feature.Services.Markdown.CodeblockFilepathProcessorTest" assertions="1" time="0.019696"/>
        <testcase name="Processor expands filepath directive in standard codeblock" file="Codeblock Filepath Processor (Hyde\Framework\Testing\Feature\Services\Markdown\CodeblockFilepathProcessor)::Processor expands filepath directive in standard codeblock" class="Hyde\Framework\Testing\Feature\Services\Markdown\CodeblockFilepathProcessorTest" classname="Hyde.Framework.Testing.Feature.Services.Markdown.CodeblockFilepathProcessorTest" assertions="1" time="0.020666"/>
        <testcase name="Processor expands filepath directive in torchlight codeblock" file="Codeblock Filepath Processor (Hyde\Framework\Testing\Feature\Services\Markdown\CodeblockFilepathProcessor)::Processor expands filepath directive in torchlight codeblock" class="Hyde\Framework\Testing\Feature\Services\Markdown\CodeblockFilepathProcessorTest" classname="Hyde.Framework.Testing.Feature.Services.Markdown.CodeblockFilepathProcessorTest" assertions="1" time="0.020066"/>
        <testcase name="Processor escapes html by default" file="Codeblock Filepath Processor (Hyde\Framework\Testing\Feature\Services\Markdown\CodeblockFilepathProcessor)::Processor escapes html by default" class="Hyde\Framework\Testing\Feature\Services\Markdown\CodeblockFilepathProcessorTest" classname="Hyde.Framework.Testing.Feature.Services.Markdown.CodeblockFilepathProcessorTest" assertions="1" time="0.020052"/>
        <testcase name="Processor does not escape html if configured" file="Codeblock Filepath Processor (Hyde\Framework\Testing\Feature\Services\Markdown\CodeblockFilepathProcessor)::Processor does not escape html if configured" class="Hyde\Framework\Testing\Feature\Services\Markdown\CodeblockFilepathProcessorTest" classname="Hyde.Framework.Testing.Feature.Services.Markdown.CodeblockFilepathProcessorTest" assertions="1" time="0.020079"/>
      </testsuite>
      <testsuite name="Hyde\Framework\Testing\Feature\Services\Markdown\ShortcodeProcessorTest" file="Shortcode Processor (Hyde\Framework\Testing\Feature\Services\Markdown\ShortcodeProcessor)" tests="6" assertions="9" errors="0" failures="0" skipped="0" time="0.030749">
        <testcase name="Constructor discovers default shortcodes" file="Shortcode Processor (Hyde\Framework\Testing\Feature\Services\Markdown\ShortcodeProcessor)::Constructor discovers default shortcodes" class="Hyde\Framework\Testing\Feature\Services\Markdown\ShortcodeProcessorTest" classname="Hyde.Framework.Testing.Feature.Services.Markdown.ShortcodeProcessorTest" assertions="2" time="0.018922"/>
        <testcase name="Discovered shortcodes are used to process input" file="Shortcode Processor (Hyde\Framework\Testing\Feature\Services\Markdown\ShortcodeProcessor)::Discovered shortcodes are used to process input" class="Hyde\Framework\Testing\Feature\Services\Markdown\ShortcodeProcessorTest" classname="Hyde.Framework.Testing.Feature.Services.Markdown.ShortcodeProcessorTest" assertions="1" time="0.002989"/>
        <testcase name="String without shortcode is not modified" file="Shortcode Processor (Hyde\Framework\Testing\Feature\Services\Markdown\ShortcodeProcessor)::String without shortcode is not modified" class="Hyde\Framework\Testing\Feature\Services\Markdown\ShortcodeProcessorTest" classname="Hyde.Framework.Testing.Feature.Services.Markdown.ShortcodeProcessorTest" assertions="1" time="0.001947"/>
        <testcase name="Process static shorthand" file="Shortcode Processor (Hyde\Framework\Testing\Feature\Services\Markdown\ShortcodeProcessor)::Process static shorthand" class="Hyde\Framework\Testing\Feature\Services\Markdown\ShortcodeProcessorTest" classname="Hyde.Framework.Testing.Feature.Services.Markdown.ShortcodeProcessorTest" assertions="1" time="0.002801"/>
        <testcase name="Shortcodes can be added to processor" file="Shortcode Processor (Hyde\Framework\Testing\Feature\Services\Markdown\ShortcodeProcessor)::Shortcodes can be added to processor" class="Hyde\Framework\Testing\Feature\Services\Markdown\ShortcodeProcessorTest" classname="Hyde.Framework.Testing.Feature.Services.Markdown.ShortcodeProcessorTest" assertions="2" time="0.002057"/>
        <testcase name="Shortcodes can be added to processor using array" file="Shortcode Processor (Hyde\Framework\Testing\Feature\Services\Markdown\ShortcodeProcessor)::Shortcodes can be added to processor using array" class="Hyde\Framework\Testing\Feature\Services\Markdown\ShortcodeProcessorTest" classname="Hyde.Framework.Testing.Feature.Services.Markdown.ShortcodeProcessorTest" assertions="2" time="0.002033"/>
      </testsuite>
      <testsuite name="Hyde\Framework\Testing\Feature\Services\RssFeedServiceTest" file="Rss Feed Service (Hyde\Framework\Testing\Feature\Services\RssFeedService)" tests="12" assertions="35" errors="0" failures="0" skipped="0" time="0.263506">
        <testcase name="Service instantiates xml element" file="Rss Feed Service (Hyde\Framework\Testing\Feature\Services\RssFeedService)::Service instantiates xml element" class="Hyde\Framework\Testing\Feature\Services\RssFeedServiceTest" classname="Hyde.Framework.Testing.Feature.Services.RssFeedServiceTest" assertions="1" time="0.026503"/>
        <testcase name="Xml root element is set to rss 20" file="Rss Feed Service (Hyde\Framework\Testing\Feature\Services\RssFeedService)::Xml root element is set to rss 20" class="Hyde\Framework\Testing\Feature\Services\RssFeedServiceTest" classname="Hyde.Framework.Testing.Feature.Services.RssFeedServiceTest" assertions="2" time="0.019684"/>
        <testcase name="Xml element has channel element" file="Rss Feed Service (Hyde\Framework\Testing\Feature\Services\RssFeedService)::Xml element has channel element" class="Hyde\Framework\Testing\Feature\Services\RssFeedServiceTest" classname="Hyde.Framework.Testing.Feature.Services.RssFeedServiceTest" assertions="1" time="0.019841"/>
        <testcase name="Xml channel element has required elements" file="Rss Feed Service (Hyde\Framework\Testing\Feature\Services\RssFeedService)::Xml channel element has required elements" class="Hyde\Framework\Testing\Feature\Services\RssFeedServiceTest" classname="Hyde.Framework.Testing.Feature.Services.RssFeedServiceTest" assertions="6" time="0.020180"/>
        <testcase name="Xml channel element has additional elements" file="Rss Feed Service (Hyde\Framework\Testing\Feature\Services\RssFeedService)::Xml channel element has additional elements" class="Hyde\Framework\Testing\Feature\Services\RssFeedServiceTest" classname="Hyde.Framework.Testing.Feature.Services.RssFeedServiceTest" assertions="6" time="0.020160"/>
        <testcase name="Xml channel data can be customized" file="Rss Feed Service (Hyde\Framework\Testing\Feature\Services\RssFeedService)::Xml channel data can be customized" class="Hyde\Framework\Testing\Feature\Services\RssFeedServiceTest" classname="Hyde.Framework.Testing.Feature.Services.RssFeedServiceTest" assertions="3" time="0.020000"/>
        <testcase name="Markdown blog posts are added to rss feed through autodiscovery" file="Rss Feed Service (Hyde\Framework\Testing\Feature\Services\RssFeedService)::Markdown blog posts are added to rss feed through autodiscovery" class="Hyde\Framework\Testing\Feature\Services\RssFeedServiceTest" classname="Hyde.Framework.Testing.Feature.Services.RssFeedServiceTest" assertions="11" time="0.028556"/>
        <testcase name="Get xml method returns xml string" file="Rss Feed Service (Hyde\Framework\Testing\Feature\Services\RssFeedService)::Get xml method returns xml string" class="Hyde\Framework\Testing\Feature\Services\RssFeedServiceTest" classname="Hyde.Framework.Testing.Feature.Services.RssFeedServiceTest" assertions="1" time="0.019759"/>
        <testcase name="Generate feed helper returns xml string" file="Rss Feed Service (Hyde\Framework\Testing\Feature\Services\RssFeedService)::Generate feed helper returns xml string" class="Hyde\Framework\Testing\Feature\Services\RssFeedServiceTest" classname="Hyde.Framework.Testing.Feature.Services.RssFeedServiceTest" assertions="1" time="0.023693"/>
        <testcase name="Can generate feed helper returns true if hyde has base url" file="Rss Feed Service (Hyde\Framework\Testing\Feature\Services\RssFeedService)::Can generate feed helper returns true if hyde has base url" class="Hyde\Framework\Testing\Feature\Services\RssFeedServiceTest" classname="Hyde.Framework.Testing.Feature.Services.RssFeedServiceTest" assertions="1" time="0.025306"/>
        <testcase name="Can generate feed helper returns false if hyde does not have base url" file="Rss Feed Service (Hyde\Framework\Testing\Feature\Services\RssFeedService)::Can generate feed helper returns false if hyde does not have base url" class="Hyde\Framework\Testing\Feature\Services\RssFeedServiceTest" classname="Hyde.Framework.Testing.Feature.Services.RssFeedServiceTest" assertions="1" time="0.020062"/>
        <testcase name="Can generate feed helper returns false if feeds are disabled in config" file="Rss Feed Service (Hyde\Framework\Testing\Feature\Services\RssFeedService)::Can generate feed helper returns false if feeds are disabled in config" class="Hyde\Framework\Testing\Feature\Services\RssFeedServiceTest" classname="Hyde.Framework.Testing.Feature.Services.RssFeedServiceTest" assertions="1" time="0.019761"/>
      </testsuite>
      <testsuite name="Hyde\Framework\Testing\Feature\Services\SitemapServiceTest" file="Sitemap Service (Hyde\Framework\Testing\Feature\Services\SitemapService)" tests="12" assertions="23" errors="0" failures="0" skipped="0" time="0.335000">
        <testcase name="Service instantiates xml element" file="Sitemap Service (Hyde\Framework\Testing\Feature\Services\SitemapService)::Service instantiates xml element" class="Hyde\Framework\Testing\Feature\Services\SitemapServiceTest" classname="Hyde.Framework.Testing.Feature.Services.SitemapServiceTest" assertions="1" time="0.037484"/>
        <testcase name="Generate adds default pages to xml" file="Sitemap Service (Hyde\Framework\Testing\Feature\Services\SitemapService)::Generate adds default pages to xml" class="Hyde\Framework\Testing\Feature\Services\SitemapServiceTest" classname="Hyde.Framework.Testing.Feature.Services.SitemapServiceTest" assertions="1" time="0.038703"/>
        <testcase name="Generate adds markdown pages to xml" file="Sitemap Service (Hyde\Framework\Testing\Feature\Services\SitemapService)::Generate adds markdown pages to xml" class="Hyde\Framework\Testing\Feature\Services\SitemapServiceTest" classname="Hyde.Framework.Testing.Feature.Services.SitemapServiceTest" assertions="1" time="0.026490"/>
        <testcase name="Generate adds markdown posts to xml" file="Sitemap Service (Hyde\Framework\Testing\Feature\Services\SitemapService)::Generate adds markdown posts to xml" class="Hyde\Framework\Testing\Feature\Services\SitemapServiceTest" classname="Hyde.Framework.Testing.Feature.Services.SitemapServiceTest" assertions="1" time="0.026424"/>
        <testcase name="Generate adds documentation pages to xml" file="Sitemap Service (Hyde\Framework\Testing\Feature\Services\SitemapService)::Generate adds documentation pages to xml" class="Hyde\Framework\Testing\Feature\Services\SitemapServiceTest" classname="Hyde.Framework.Testing.Feature.Services.SitemapServiceTest" assertions="1" time="0.025888"/>
        <testcase name="Get xml returns xml string" file="Sitemap Service (Hyde\Framework\Testing\Feature\Services\SitemapService)::Get xml returns xml string" class="Hyde\Framework\Testing\Feature\Services\SitemapServiceTest" classname="Hyde.Framework.Testing.Feature.Services.SitemapServiceTest" assertions="2" time="0.024445"/>
        <testcase name="Generate sitemap shorthand method returns xml string" file="Sitemap Service (Hyde\Framework\Testing\Feature\Services\SitemapService)::Generate sitemap shorthand method returns xml string" class="Hyde\Framework\Testing\Feature\Services\SitemapServiceTest" classname="Hyde.Framework.Testing.Feature.Services.SitemapServiceTest" assertions="2" time="0.024787"/>
        <testcase name="Url item is generated correctly" file="Sitemap Service (Hyde\Framework\Testing\Feature\Services\SitemapService)::Url item is generated correctly" class="Hyde\Framework\Testing\Feature\Services\SitemapServiceTest" classname="Hyde.Framework.Testing.Feature.Services.SitemapServiceTest" assertions="3" time="0.025701"/>
        <testcase name="Url item is generated with pretty urls if enabled" file="Sitemap Service (Hyde\Framework\Testing\Feature\Services\SitemapService)::Url item is generated with pretty urls if enabled" class="Hyde\Framework\Testing\Feature\Services\SitemapServiceTest" classname="Hyde.Framework.Testing.Feature.Services.SitemapServiceTest" assertions="1" time="0.025621"/>
        <testcase name="All route types are discovered" file="Sitemap Service (Hyde\Framework\Testing\Feature\Services\SitemapService)::All route types are discovered" class="Hyde\Framework\Testing\Feature\Services\SitemapServiceTest" classname="Hyde.Framework.Testing.Feature.Services.SitemapServiceTest" assertions="6" time="0.029425"/>
        <testcase name="Links fallback to relative links when a site url is not set" file="Sitemap Service (Hyde\Framework\Testing\Feature\Services\SitemapService)::Links fallback to relative links when a site url is not set" class="Hyde\Framework\Testing\Feature\Services\SitemapServiceTest" classname="Hyde.Framework.Testing.Feature.Services.SitemapServiceTest" assertions="2" time="0.025052"/>
        <testcase name="Links fallback to relative links when site url is localhost" file="Sitemap Service (Hyde\Framework\Testing\Feature\Services\SitemapService)::Links fallback to relative links when site url is localhost" class="Hyde\Framework\Testing\Feature\Services\SitemapServiceTest" classname="Hyde.Framework.Testing.Feature.Services.SitemapServiceTest" assertions="2" time="0.024979"/>
      </testsuite>
      <testsuite name="Hyde\Framework\Testing\Feature\Services\ValidationServiceTest" file="Validation Service (Hyde\Framework\Testing\Feature\Services\ValidationService)" tests="24" assertions="63" errors="0" failures="0" skipped="0" time="0.536201">
        <testcase name="Checks returns an array of validation check methods" file="Validation Service (Hyde\Framework\Testing\Feature\Services\ValidationService)::Checks returns an array of validation check methods" class="Hyde\Framework\Testing\Feature\Services\ValidationServiceTest" classname="Hyde.Framework.Testing.Feature.Services.ValidationServiceTest" assertions="17" time="0.037908"/>
        <testcase name="Check validators can run" file="Validation Service (Hyde\Framework\Testing\Feature\Services\ValidationService)::Check validators can run" class="Hyde\Framework\Testing\Feature\Services\ValidationServiceTest" classname="Hyde.Framework.Testing.Feature.Services.ValidationServiceTest" assertions="2" time="0.019475"/>
        <testcase name="Check site has a 404 page can pass" file="Validation Service (Hyde\Framework\Testing\Feature\Services\ValidationService)::Check site has a 404 page can pass" class="Hyde\Framework\Testing\Feature\Services\ValidationServiceTest" classname="Hyde.Framework.Testing.Feature.Services.ValidationServiceTest" assertions="2" time="0.019639"/>
        <testcase name="Check site has a 404 page can fail" file="Validation Service (Hyde\Framework\Testing\Feature\Services\ValidationService)::Check site has a 404 page can fail" class="Hyde\Framework\Testing\Feature\Services\ValidationServiceTest" classname="Hyde.Framework.Testing.Feature.Services.ValidationServiceTest" assertions="2" time="0.020068"/>
        <testcase name="Check documentation site has an index page can pass" file="Validation Service (Hyde\Framework\Testing\Feature\Services\ValidationService)::Check documentation site has an index page can pass" class="Hyde\Framework\Testing\Feature\Services\ValidationServiceTest" classname="Hyde.Framework.Testing.Feature.Services.ValidationServiceTest" assertions="2" time="0.025257"/>
        <testcase name="Check documentation site has an index page can pass with warning when only finding readme" file="Validation Service (Hyde\Framework\Testing\Feature\Services\ValidationService)::Check documentation site has an index page can pass with warning when only finding readme" class="Hyde\Framework\Testing\Feature\Services\ValidationServiceTest" classname="Hyde.Framework.Testing.Feature.Services.ValidationServiceTest" assertions="3" time="0.025296"/>
        <testcase name="Check documentation site has an index page can fail" file="Validation Service (Hyde\Framework\Testing\Feature\Services\ValidationService)::Check documentation site has an index page can fail" class="Hyde\Framework\Testing\Feature\Services\ValidationServiceTest" classname="Hyde.Framework.Testing.Feature.Services.ValidationServiceTest" assertions="2" time="0.025037"/>
        <testcase name="Check documentation site has an index page be skipped" file="Validation Service (Hyde\Framework\Testing\Feature\Services\ValidationService)::Check documentation site has an index page be skipped" class="Hyde\Framework\Testing\Feature\Services\ValidationServiceTest" classname="Hyde.Framework.Testing.Feature.Services.ValidationServiceTest" assertions="2" time="0.023823"/>
        <testcase name="Check site has an index page can pass" file="Validation Service (Hyde\Framework\Testing\Feature\Services\ValidationService)::Check site has an index page can pass" class="Hyde\Framework\Testing\Feature\Services\ValidationServiceTest" classname="Hyde.Framework.Testing.Feature.Services.ValidationServiceTest" assertions="2" time="0.020109"/>
        <testcase name="Check site has an index page can fail" file="Validation Service (Hyde\Framework\Testing\Feature\Services\ValidationService)::Check site has an index page can fail" class="Hyde\Framework\Testing\Feature\Services\ValidationServiceTest" classname="Hyde.Framework.Testing.Feature.Services.ValidationServiceTest" assertions="2" time="0.020016"/>
        <testcase name="Check site has an app css stylesheet can pass" file="Validation Service (Hyde\Framework\Testing\Feature\Services\ValidationService)::Check site has an app css stylesheet can pass" class="Hyde\Framework\Testing\Feature\Services\ValidationServiceTest" classname="Hyde.Framework.Testing.Feature.Services.ValidationServiceTest" assertions="2" time="0.019967"/>
        <testcase name="Check site has an app css stylesheet can fail" file="Validation Service (Hyde\Framework\Testing\Feature\Services\ValidationService)::Check site has an app css stylesheet can fail" class="Hyde\Framework\Testing\Feature\Services\ValidationServiceTest" classname="Hyde.Framework.Testing.Feature.Services.ValidationServiceTest" assertions="2" time="0.019937"/>
        <testcase name="Check site has a base url set can pass" file="Validation Service (Hyde\Framework\Testing\Feature\Services\ValidationService)::Check site has a base url set can pass" class="Hyde\Framework\Testing\Feature\Services\ValidationServiceTest" classname="Hyde.Framework.Testing.Feature.Services.ValidationServiceTest" assertions="2" time="0.019882"/>
        <testcase name="Check site has a base url set can fail" file="Validation Service (Hyde\Framework\Testing\Feature\Services\ValidationService)::Check site has a base url set can fail" class="Hyde\Framework\Testing\Feature\Services\ValidationServiceTest" classname="Hyde.Framework.Testing.Feature.Services.ValidationServiceTest" assertions="2" time="0.019755"/>
        <testcase name="Check a torchlight api token is set can skip" file="Validation Service (Hyde\Framework\Testing\Feature\Services\ValidationService)::Check a torchlight api token is set can skip" class="Hyde\Framework\Testing\Feature\Services\ValidationServiceTest" classname="Hyde.Framework.Testing.Feature.Services.ValidationServiceTest" assertions="2" time="0.019823"/>
        <testcase name="Check a torchlight api token is set can pass" file="Validation Service (Hyde\Framework\Testing\Feature\Services\ValidationService)::Check a torchlight api token is set can pass" class="Hyde\Framework\Testing\Feature\Services\ValidationServiceTest" classname="Hyde.Framework.Testing.Feature.Services.ValidationServiceTest" assertions="2" time="0.019814"/>
        <testcase name="Check a torchlight api token is set can fail" file="Validation Service (Hyde\Framework\Testing\Feature\Services\ValidationService)::Check a torchlight api token is set can fail" class="Hyde\Framework\Testing\Feature\Services\ValidationServiceTest" classname="Hyde.Framework.Testing.Feature.Services.ValidationServiceTest" assertions="2" time="0.019891"/>
        <testcase name="Check for conflicts between blade and markdown pages can pass" file="Validation Service (Hyde\Framework\Testing\Feature\Services\ValidationService)::Check for conflicts between blade and markdown pages can pass" class="Hyde\Framework\Testing\Feature\Services\ValidationServiceTest" classname="Hyde.Framework.Testing.Feature.Services.ValidationServiceTest" assertions="2" time="0.037043"/>
        <testcase name="Check for conflicts between blade and markdown pages can fail" file="Validation Service (Hyde\Framework\Testing\Feature\Services\ValidationService)::Check for conflicts between blade and markdown pages can fail" class="Hyde\Framework\Testing\Feature\Services\ValidationServiceTest" classname="Hyde.Framework.Testing.Feature.Services.ValidationServiceTest" assertions="2" time="0.025441"/>
        <testcase name="Validation result message returns message" file="Validation Service (Hyde\Framework\Testing\Feature\Services\ValidationService)::Validation result message returns message" class="Hyde\Framework\Testing\Feature\Services\ValidationServiceTest" classname="Hyde.Framework.Testing.Feature.Services.ValidationServiceTest" assertions="1" time="0.019454"/>
        <testcase name="Validation result passed returns true when passed is true" file="Validation Service (Hyde\Framework\Testing\Feature\Services\ValidationService)::Validation result passed returns true when passed is true" class="Hyde\Framework\Testing\Feature\Services\ValidationServiceTest" classname="Hyde.Framework.Testing.Feature.Services.ValidationServiceTest" assertions="2" time="0.019642"/>
        <testcase name="Validation result failed returns true when passed is false" file="Validation Service (Hyde\Framework\Testing\Feature\Services\ValidationService)::Validation result failed returns true when passed is false" class="Hyde\Framework\Testing\Feature\Services\ValidationServiceTest" classname="Hyde.Framework.Testing.Feature.Services.ValidationServiceTest" assertions="2" time="0.019616"/>
        <testcase name="Validation result skipped returns true when skipped is true" file="Validation Service (Hyde\Framework\Testing\Feature\Services\ValidationService)::Validation result skipped returns true when skipped is true" class="Hyde\Framework\Testing\Feature\Services\ValidationServiceTest" classname="Hyde.Framework.Testing.Feature.Services.ValidationServiceTest" assertions="2" time="0.019611"/>
        <testcase name="Validation result tip returns message when set" file="Validation Service (Hyde\Framework\Testing\Feature\Services\ValidationService)::Validation result tip returns message when set" class="Hyde\Framework\Testing\Feature\Services\ValidationServiceTest" classname="Hyde.Framework.Testing.Feature.Services.ValidationServiceTest" assertions="2" time="0.019697"/>
      </testsuite>
      <testsuite name="Hyde\Framework\Testing\Feature\SiteTest" file="Site (Hyde\Framework\Testing\Feature\Site)" tests="4" assertions="10" errors="0" failures="0" skipped="0" time="0.113489">
        <testcase name="Url" file="Site (Hyde\Framework\Testing\Feature\Site)::Url" class="Hyde\Framework\Testing\Feature\SiteTest" classname="Hyde.Framework.Testing.Feature.SiteTest" assertions="3" time="0.050312"/>
        <testcase name="Name" file="Site (Hyde\Framework\Testing\Feature\Site)::Name" class="Hyde\Framework\Testing\Feature\SiteTest" classname="Hyde.Framework.Testing.Feature.SiteTest" assertions="3" time="0.019406"/>
        <testcase name="Language" file="Site (Hyde\Framework\Testing\Feature\Site)::Language" class="Hyde\Framework\Testing\Feature\SiteTest" classname="Hyde.Framework.Testing.Feature.SiteTest" assertions="3" time="0.019508"/>
        <testcase name="Metadata" file="Site (Hyde\Framework\Testing\Feature\Site)::Metadata" class="Hyde\Framework\Testing\Feature\SiteTest" classname="Hyde.Framework.Testing.Feature.SiteTest" assertions="1" time="0.024263"/>
      </testsuite>
      <testsuite name="Hyde\Framework\Testing\Feature\SourceDirectoriesCanBeChangedTest" file="Source Directories Can Be Changed (Hyde\Framework\Testing\Feature\SourceDirectoriesCanBeChanged)" tests="6" assertions="18" errors="0" failures="0" skipped="0" time="0.136451">
        <testcase name="Baselines" file="Source Directories Can Be Changed (Hyde\Framework\Testing\Feature\SourceDirectoriesCanBeChanged)::Baselines" class="Hyde\Framework\Testing\Feature\SourceDirectoriesCanBeChangedTest" classname="Hyde.Framework.Testing.Feature.SourceDirectoriesCanBeChangedTest" assertions="5" time="0.025015"/>
        <testcase name="Source directories can be changed programmatically" file="Source Directories Can Be Changed (Hyde\Framework\Testing\Feature\SourceDirectoriesCanBeChanged)::Source directories can be changed programmatically" class="Hyde\Framework\Testing\Feature\SourceDirectoriesCanBeChangedTest" classname="Hyde.Framework.Testing.Feature.SourceDirectoriesCanBeChangedTest" assertions="5" time="0.019564"/>
        <testcase name="Source directories can be changed in config" file="Source Directories Can Be Changed (Hyde\Framework\Testing\Feature\SourceDirectoriesCanBeChanged)::Source directories can be changed in config" class="Hyde\Framework\Testing\Feature\SourceDirectoriesCanBeChangedTest" classname="Hyde.Framework.Testing.Feature.SourceDirectoriesCanBeChangedTest" assertions="5" time="0.020380"/>
        <testcase name="Build service recognizes changed directory" file="Source Directories Can Be Changed (Hyde\Framework\Testing\Feature\SourceDirectoriesCanBeChanged)::Build service recognizes changed directory" class="Hyde\Framework\Testing\Feature\SourceDirectoriesCanBeChangedTest" classname="Hyde.Framework.Testing.Feature.SourceDirectoriesCanBeChangedTest" assertions="1" time="0.019348"/>
        <testcase name="Autodiscovery discovers posts in custom directory" file="Source Directories Can Be Changed (Hyde\Framework\Testing\Feature\SourceDirectoriesCanBeChanged)::Autodiscovery discovers posts in custom directory" class="Hyde\Framework\Testing\Feature\SourceDirectoriesCanBeChangedTest" classname="Hyde.Framework.Testing.Feature.SourceDirectoriesCanBeChangedTest" assertions="1" time="0.026318"/>
        <testcase name="Autodiscovery discovers posts in custom subdirectory" file="Source Directories Can Be Changed (Hyde\Framework\Testing\Feature\SourceDirectoriesCanBeChanged)::Autodiscovery discovers posts in custom subdirectory" class="Hyde\Framework\Testing\Feature\SourceDirectoriesCanBeChangedTest" classname="Hyde.Framework.Testing.Feature.SourceDirectoriesCanBeChangedTest" assertions="1" time="0.025827"/>
      </testsuite>
      <testsuite name="Hyde\Framework\Testing\Feature\SourceFileParserTest" file="Source File Parser (Hyde\Framework\Testing\Feature\SourceFileParser)" tests="8" assertions="23" errors="0" failures="0" skipped="0" time="0.191082">
        <testcase name="Blade page parser" file="Source File Parser (Hyde\Framework\Testing\Feature\SourceFileParser)::Blade page parser" class="Hyde\Framework\Testing\Feature\SourceFileParserTest" classname="Hyde.Framework.Testing.Feature.SourceFileParserTest" assertions="2" time="0.029615"/>
        <testcase name="Markdown page parser" file="Source File Parser (Hyde\Framework\Testing\Feature\SourceFileParser)::Markdown page parser" class="Hyde\Framework\Testing\Feature\SourceFileParserTest" classname="Hyde.Framework.Testing.Feature.SourceFileParserTest" assertions="5" time="0.021952"/>
        <testcase name="Markdown post parser" file="Source File Parser (Hyde\Framework\Testing\Feature\SourceFileParser)::Markdown post parser" class="Hyde\Framework\Testing\Feature\SourceFileParserTest" classname="Hyde.Framework.Testing.Feature.SourceFileParserTest" assertions="5" time="0.022547"/>
        <testcase name="Documentation page parser" file="Source File Parser (Hyde\Framework\Testing\Feature\SourceFileParser)::Documentation page parser" class="Hyde\Framework\Testing\Feature\SourceFileParserTest" classname="Hyde.Framework.Testing.Feature.SourceFileParserTest" assertions="5" time="0.022006"/>
        <testcase name="Html page parser" file="Source File Parser (Hyde\Framework\Testing\Feature\SourceFileParser)::Html page parser" class="Hyde\Framework\Testing\Feature\SourceFileParserTest" classname="Hyde.Framework.Testing.Feature.SourceFileParserTest" assertions="3" time="0.030447"/>
        <testcase name="Parsed page is run through dynamic constructor" file="Source File Parser (Hyde\Framework\Testing\Feature\SourceFileParser)::Parsed page is run through dynamic constructor" class="Hyde\Framework\Testing\Feature\SourceFileParserTest" classname="Hyde.Framework.Testing.Feature.SourceFileParserTest" assertions="1" time="0.021865"/>
        <testcase name="Blade page data is parsed to front matter" file="Source File Parser (Hyde\Framework\Testing\Feature\SourceFileParser)::Blade page data is parsed to front matter" class="Hyde\Framework\Testing\Feature\SourceFileParserTest" classname="Hyde.Framework.Testing.Feature.SourceFileParserTest" assertions="1" time="0.021392"/>
        <testcase name="Blade page matter is used for the page title" file="Source File Parser (Hyde\Framework\Testing\Feature\SourceFileParser)::Blade page matter is used for the page title" class="Hyde\Framework\Testing\Feature\SourceFileParserTest" classname="Hyde.Framework.Testing.Feature.SourceFileParserTest" assertions="1" time="0.021258"/>
      </testsuite>
      <testsuite name="Hyde\Framework\Testing\Feature\StaticPageBuilderTest" file="Static Page Builder (Hyde\Framework\Testing\Feature\StaticPageBuilder)" tests="13" assertions="73" errors="0" failures="0" skipped="0" time="0.444557">
        <testcase name="Can build blade page" file="Static Page Builder (Hyde\Framework\Testing\Feature\StaticPageBuilder)::Can build blade page" class="Hyde\Framework\Testing\Feature\StaticPageBuilderTest" classname="Hyde.Framework.Testing.Feature.StaticPageBuilderTest" assertions="3" time="0.051557"/>
        <testcase name="Can build markdown post" file="Static Page Builder (Hyde\Framework\Testing\Feature\StaticPageBuilder)::Can build markdown post" class="Hyde\Framework\Testing\Feature\StaticPageBuilderTest" classname="Hyde.Framework.Testing.Feature.StaticPageBuilderTest" assertions="10" time="0.036011"/>
        <testcase name="Can build markdown page" file="Static Page Builder (Hyde\Framework\Testing\Feature\StaticPageBuilder)::Can build markdown page" class="Hyde\Framework\Testing\Feature\StaticPageBuilderTest" classname="Hyde.Framework.Testing.Feature.StaticPageBuilderTest" assertions="10" time="0.033577"/>
        <testcase name="Can build documentation page" file="Static Page Builder (Hyde\Framework\Testing\Feature\StaticPageBuilder)::Can build documentation page" class="Hyde\Framework\Testing\Feature\StaticPageBuilderTest" classname="Hyde.Framework.Testing.Feature.StaticPageBuilderTest" assertions="10" time="0.035400"/>
        <testcase name="Can build html page" file="Static Page Builder (Hyde\Framework\Testing\Feature\StaticPageBuilder)::Can build html page" class="Hyde\Framework\Testing\Feature\StaticPageBuilderTest" classname="Hyde.Framework.Testing.Feature.StaticPageBuilderTest" assertions="3" time="0.026496"/>
        <testcase name="Can build nested html page" file="Static Page Builder (Hyde\Framework\Testing\Feature\StaticPageBuilder)::Can build nested html page" class="Hyde\Framework\Testing\Feature\StaticPageBuilderTest" classname="Hyde.Framework.Testing.Feature.StaticPageBuilderTest" assertions="3" time="0.026811"/>
        <testcase name="Creates custom documentation directory" file="Static Page Builder (Hyde\Framework\Testing\Feature\StaticPageBuilder)::Creates custom documentation directory" class="Hyde\Framework\Testing\Feature\StaticPageBuilderTest" classname="Hyde.Framework.Testing.Feature.StaticPageBuilderTest" assertions="10" time="0.036305"/>
        <testcase name="Site directory can be customized" file="Static Page Builder (Hyde\Framework\Testing\Feature\StaticPageBuilder)::Site directory can be customized" class="Hyde\Framework\Testing\Feature\StaticPageBuilderTest" classname="Hyde.Framework.Testing.Feature.StaticPageBuilderTest" assertions="10" time="0.033847"/>
        <testcase name="Site directory can be customized with nested pages" file="Static Page Builder (Hyde\Framework\Testing\Feature\StaticPageBuilder)::Site directory can be customized with nested pages" class="Hyde\Framework\Testing\Feature\StaticPageBuilderTest" classname="Hyde.Framework.Testing.Feature.StaticPageBuilderTest" assertions="10" time="0.035201"/>
        <testcase name="Can rebuild blade page" file="Static Page Builder (Hyde\Framework\Testing\Feature\StaticPageBuilder)::Can rebuild blade page" class="Hyde\Framework\Testing\Feature\StaticPageBuilderTest" classname="Hyde.Framework.Testing.Feature.StaticPageBuilderTest" assertions="1" time="0.026062"/>
        <testcase name="Can rebuild markdown page" file="Static Page Builder (Hyde\Framework\Testing\Feature\StaticPageBuilder)::Can rebuild markdown page" class="Hyde\Framework\Testing\Feature\StaticPageBuilderTest" classname="Hyde.Framework.Testing.Feature.StaticPageBuilderTest" assertions="1" time="0.033849"/>
        <testcase name="Can rebuild markdown post" file="Static Page Builder (Hyde\Framework\Testing\Feature\StaticPageBuilder)::Can rebuild markdown post" class="Hyde\Framework\Testing\Feature\StaticPageBuilderTest" classname="Hyde.Framework.Testing.Feature.StaticPageBuilderTest" assertions="1" time="0.034773"/>
        <testcase name="Can rebuild documentation page" file="Static Page Builder (Hyde\Framework\Testing\Feature\StaticPageBuilder)::Can rebuild documentation page" class="Hyde\Framework\Testing\Feature\StaticPageBuilderTest" classname="Hyde.Framework.Testing.Feature.StaticPageBuilderTest" assertions="1" time="0.034669"/>
      </testsuite>
      <testsuite name="Hyde\Framework\Testing\Feature\StaticSiteBuilderDocumentationModuleTest" file="Static Site Builder Documentation Module (Hyde\Framework\Testing\Feature\StaticSiteBuilderDocumentationModule)" tests="3" assertions="7" errors="0" failures="0" skipped="0" time="0.136133">
        <testcase name="Can create page" file="Static Site Builder Documentation Module (Hyde\Framework\Testing\Feature\StaticSiteBuilderDocumentationModule)::Can create page" class="Hyde\Framework\Testing\Feature\StaticSiteBuilderDocumentationModuleTest" classname="Hyde.Framework.Testing.Feature.StaticSiteBuilderDocumentationModuleTest" assertions="1" time="0.064158"/>
        <testcase name="Page contains expected content" file="Static Site Builder Documentation Module (Hyde\Framework\Testing\Feature\StaticSiteBuilderDocumentationModule)::Page contains expected content" class="Hyde\Framework\Testing\Feature\StaticSiteBuilderDocumentationModuleTest" classname="Hyde.Framework.Testing.Feature.StaticSiteBuilderDocumentationModuleTest" assertions="3" time="0.035951"/>
        <testcase name="Can compile page to root output directory" file="Static Site Builder Documentation Module (Hyde\Framework\Testing\Feature\StaticSiteBuilderDocumentationModule)::Can compile page to root output directory" class="Hyde\Framework\Testing\Feature\StaticSiteBuilderDocumentationModuleTest" classname="Hyde.Framework.Testing.Feature.StaticSiteBuilderDocumentationModuleTest" assertions="3" time="0.036024"/>
      </testsuite>
      <testsuite name="Hyde\Framework\Testing\Feature\StaticSiteBuilderPostModuleTest" file="Static Site Builder Post Module (Hyde\Framework\Testing\Feature\StaticSiteBuilderPostModule)" tests="7" assertions="38" errors="0" failures="0" skipped="0" time="0.254023">
        <testcase name="Can create post" file="Static Site Builder Post Module (Hyde\Framework\Testing\Feature\StaticSiteBuilderPostModule)::Can create post" class="Hyde\Framework\Testing\Feature\StaticSiteBuilderPostModuleTest" classname="Hyde.Framework.Testing.Feature.StaticSiteBuilderPostModuleTest" assertions="1" time="0.039899"/>
        <testcase name="Post contains expected content" file="Static Site Builder Post Module (Hyde\Framework\Testing\Feature\StaticSiteBuilderPostModule)::Post contains expected content" class="Hyde\Framework\Testing\Feature\StaticSiteBuilderPostModuleTest" classname="Hyde.Framework.Testing.Feature.StaticSiteBuilderPostModuleTest" assertions="6" time="0.035640"/>
        <testcase name="Post contains expected elements" file="Static Site Builder Post Module (Hyde\Framework\Testing\Feature\StaticSiteBuilderPostModule)::Post contains expected elements" class="Hyde\Framework\Testing\Feature\StaticSiteBuilderPostModuleTest" classname="Hyde.Framework.Testing.Feature.StaticSiteBuilderPostModuleTest" assertions="11" time="0.036001"/>
        <testcase name="Post contains expected meta tags" file="Static Site Builder Post Module (Hyde\Framework\Testing\Feature\StaticSiteBuilderPostModule)::Post contains expected meta tags" class="Hyde\Framework\Testing\Feature\StaticSiteBuilderPostModuleTest" classname="Hyde.Framework.Testing.Feature.StaticSiteBuilderPostModuleTest" assertions="6" time="0.035808"/>
        <testcase name="Post contains expected itemprops" file="Static Site Builder Post Module (Hyde\Framework\Testing\Feature\StaticSiteBuilderPostModule)::Post contains expected itemprops" class="Hyde\Framework\Testing\Feature\StaticSiteBuilderPostModuleTest" classname="Hyde.Framework.Testing.Feature.StaticSiteBuilderPostModuleTest" assertions="8" time="0.035783"/>
        <testcase name="Post contains expected aria support" file="Static Site Builder Post Module (Hyde\Framework\Testing\Feature\StaticSiteBuilderPostModule)::Post contains expected aria support" class="Hyde\Framework\Testing\Feature\StaticSiteBuilderPostModuleTest" classname="Hyde.Framework.Testing.Feature.StaticSiteBuilderPostModuleTest" assertions="3" time="0.035336"/>
        <testcase name="Post image is resolved relatively" file="Static Site Builder Post Module (Hyde\Framework\Testing\Feature\StaticSiteBuilderPostModule)::Post image is resolved relatively" class="Hyde\Framework\Testing\Feature\StaticSiteBuilderPostModuleTest" classname="Hyde.Framework.Testing.Feature.StaticSiteBuilderPostModuleTest" assertions="3" time="0.035557"/>
      </testsuite>
      <testsuite name="Hyde\Framework\Testing\Feature\StaticSiteServiceTest" file="Static Site Service (Hyde\Framework\Testing\Feature\StaticSiteService)" tests="23" assertions="82" errors="0" failures="0" skipped="0" time="1.045043">
        <testcase name="Build command contains expected output" file="Static Site Service (Hyde\Framework\Testing\Feature\StaticSiteService)::Build command contains expected output" class="Hyde\Framework\Testing\Feature\StaticSiteServiceTest" classname="Hyde.Framework.Testing.Feature.StaticSiteServiceTest" assertions="4" time="0.055398"/>
        <testcase name="Build command creates html files" file="Static Site Service (Hyde\Framework\Testing\Feature\StaticSiteService)::Build command creates html files" class="Hyde\Framework\Testing\Feature\StaticSiteServiceTest" classname="Hyde.Framework.Testing.Feature.StaticSiteServiceTest" assertions="3" time="0.050996"/>
        <testcase name="Build command transfers media asset files" file="Static Site Service (Hyde\Framework\Testing\Feature\StaticSiteService)::Build command transfers media asset files" class="Hyde\Framework\Testing\Feature\StaticSiteServiceTest" classname="Hyde.Framework.Testing.Feature.StaticSiteServiceTest" assertions="3" time="0.050304"/>
        <testcase name="Build command transfers media asset files recursively" file="Static Site Service (Hyde\Framework\Testing\Feature\StaticSiteService)::Build command transfers media asset files recursively" class="Hyde\Framework\Testing\Feature\StaticSiteServiceTest" classname="Hyde.Framework.Testing.Feature.StaticSiteServiceTest" assertions="4" time="0.038237"/>
        <testcase name="All page types can be compiled" file="Static Site Service (Hyde\Framework\Testing\Feature\StaticSiteService)::All page types can be compiled" class="Hyde\Framework\Testing\Feature\StaticSiteServiceTest" classname="Hyde.Framework.Testing.Feature.StaticSiteServiceTest" assertions="12" time="0.096016"/>
        <testcase name="Only progress bars for types with pages are shown" file="Static Site Service (Hyde\Framework\Testing\Feature\StaticSiteService)::Only progress bars for types with pages are shown" class="Hyde\Framework\Testing\Feature\StaticSiteServiceTest" classname="Hyde.Framework.Testing.Feature.StaticSiteServiceTest" assertions="9" time="0.053317"/>
        <testcase name="Print initial information allows api to be disabled" file="Static Site Service (Hyde\Framework\Testing\Feature\StaticSiteService)::Print initial information allows api to be disabled" class="Hyde\Framework\Testing\Feature\StaticSiteServiceTest" classname="Hyde.Framework.Testing.Feature.StaticSiteServiceTest" assertions="2" time="0.038105"/>
        <testcase name="Node action outputs" file="Static Site Service (Hyde\Framework\Testing\Feature\StaticSiteService)::Node action outputs" class="Hyde\Framework\Testing\Feature\StaticSiteServiceTest" classname="Hyde.Framework.Testing.Feature.StaticSiteServiceTest" assertions="7" time="0.040102"/>
        <testcase name="Pretty urls option output" file="Static Site Service (Hyde\Framework\Testing\Feature\StaticSiteService)::Pretty urls option output" class="Hyde\Framework\Testing\Feature\StaticSiteServiceTest" classname="Hyde.Framework.Testing.Feature.StaticSiteServiceTest" assertions="2" time="0.037745"/>
        <testcase name="Sitemap is not generated when conditions are not met" file="Static Site Service (Hyde\Framework\Testing\Feature\StaticSiteService)::Sitemap is not generated when conditions are not met" class="Hyde\Framework\Testing\Feature\StaticSiteServiceTest" classname="Hyde.Framework.Testing.Feature.StaticSiteServiceTest" assertions="2" time="0.035921"/>
        <testcase name="Sitemap is generated when conditions are met" file="Static Site Service (Hyde\Framework\Testing\Feature\StaticSiteService)::Sitemap is generated when conditions are met" class="Hyde\Framework\Testing\Feature\StaticSiteServiceTest" classname="Hyde.Framework.Testing.Feature.StaticSiteServiceTest" assertions="1" time="0.036620"/>
        <testcase name="Rss feed is not generated when conditions are not met" file="Static Site Service (Hyde\Framework\Testing\Feature\StaticSiteService)::Rss feed is not generated when conditions are not met" class="Hyde\Framework\Testing\Feature\StaticSiteServiceTest" classname="Hyde.Framework.Testing.Feature.StaticSiteServiceTest" assertions="2" time="0.035489"/>
        <testcase name="Rss feed is generated when conditions are met" file="Static Site Service (Hyde\Framework\Testing\Feature\StaticSiteService)::Rss feed is generated when conditions are met" class="Hyde\Framework\Testing\Feature\StaticSiteServiceTest" classname="Hyde.Framework.Testing.Feature.StaticSiteServiceTest" assertions="1" time="0.050699"/>
        <testcase name="Does not generate search files when conditions are not met" file="Static Site Service (Hyde\Framework\Testing\Feature\StaticSiteService)::Does not generate search files when conditions are not met" class="Hyde\Framework\Testing\Feature\StaticSiteServiceTest" classname="Hyde.Framework.Testing.Feature.StaticSiteServiceTest" assertions="3" time="0.037008"/>
        <testcase name="Generates search files when conditions are met" file="Static Site Service (Hyde\Framework\Testing\Feature\StaticSiteService)::Generates search files when conditions are met" class="Hyde\Framework\Testing\Feature\StaticSiteServiceTest" classname="Hyde.Framework.Testing.Feature.StaticSiteServiceTest" assertions="1" time="0.060482"/>
        <testcase name="Site directory is emptied before build" file="Static Site Service (Hyde\Framework\Testing\Feature\StaticSiteService)::Site directory is emptied before build" class="Hyde\Framework\Testing\Feature\StaticSiteServiceTest" classname="Hyde.Framework.Testing.Feature.StaticSiteServiceTest" assertions="3" time="0.037058"/>
        <testcase name="Output directory is not emptied if disabled in config" file="Static Site Service (Hyde\Framework\Testing\Feature\StaticSiteService)::Output directory is not emptied if disabled in config" class="Hyde\Framework\Testing\Feature\StaticSiteServiceTest" classname="Hyde.Framework.Testing.Feature.StaticSiteServiceTest" assertions="3" time="0.036274"/>
        <testcase name="Aborts when non standard directory is emptied" file="Static Site Service (Hyde\Framework\Testing\Feature\StaticSiteService)::Aborts when non standard directory is emptied" class="Hyde\Framework\Testing\Feature\StaticSiteServiceTest" classname="Hyde.Framework.Testing.Feature.StaticSiteServiceTest" assertions="5" time="0.051898"/>
        <testcase name="Without warnings" file="Static Site Service (Hyde\Framework\Testing\Feature\StaticSiteService)::Without warnings" class="Hyde\Framework\Testing\Feature\StaticSiteServiceTest" classname="Hyde.Framework.Testing.Feature.StaticSiteServiceTest" assertions="2" time="0.037359"/>
        <testcase name="With warnings" file="Static Site Service (Hyde\Framework\Testing\Feature\StaticSiteService)::With warnings" class="Hyde\Framework\Testing\Feature\StaticSiteServiceTest" classname="Hyde.Framework.Testing.Feature.StaticSiteServiceTest" assertions="3" time="0.037955"/>
        <testcase name="With warnings and verbose" file="Static Site Service (Hyde\Framework\Testing\Feature\StaticSiteService)::With warnings and verbose" class="Hyde\Framework\Testing\Feature\StaticSiteServiceTest" classname="Hyde.Framework.Testing.Feature.StaticSiteServiceTest" assertions="4" time="0.038216"/>
        <testcase name="With warnings but warnings are disabled" file="Static Site Service (Hyde\Framework\Testing\Feature\StaticSiteService)::With warnings but warnings are disabled" class="Hyde\Framework\Testing\Feature\StaticSiteServiceTest" classname="Hyde.Framework.Testing.Feature.StaticSiteServiceTest" assertions="2" time="0.036721"/>
        <testcase name="With warnings converted to exceptions" file="Static Site Service (Hyde\Framework\Testing\Feature\StaticSiteService)::With warnings converted to exceptions" class="Hyde\Framework\Testing\Feature\StaticSiteServiceTest" classname="Hyde.Framework.Testing.Feature.StaticSiteServiceTest" assertions="4" time="0.053124"/>
      </testsuite>
      <testsuite name="Hyde\Framework\Testing\Feature\Support\MediaFileTest" file="Media File (Hyde\Framework\Testing\Feature\Support\MediaFile)" tests="26" assertions="33" errors="0" failures="0" skipped="0" time="0.563839">
        <testcase name="Can construct" file="Media File (Hyde\Framework\Testing\Feature\Support\MediaFile)::Can construct" class="Hyde\Framework\Testing\Feature\Support\MediaFileTest" classname="Hyde.Framework.Testing.Feature.Support.MediaFileTest" assertions="2" time="0.048976"/>
        <testcase name="Can make" file="Media File (Hyde\Framework\Testing\Feature\Support\MediaFile)::Can make" class="Hyde\Framework\Testing\Feature\Support\MediaFileTest" classname="Hyde.Framework.Testing.Feature.Support.MediaFileTest" assertions="1" time="0.019432"/>
        <testcase name="Can construct with nested paths" file="Media File (Hyde\Framework\Testing\Feature\Support\MediaFile)::Can construct with nested paths" class="Hyde\Framework\Testing\Feature\Support\MediaFileTest" classname="Hyde.Framework.Testing.Feature.Support.MediaFileTest" assertions="1" time="0.019328"/>
        <testcase name="Absolute path is normalized to relative" file="Media File (Hyde\Framework\Testing\Feature\Support\MediaFile)::Absolute path is normalized to relative" class="Hyde\Framework\Testing\Feature\Support\MediaFileTest" classname="Hyde.Framework.Testing.Feature.Support.MediaFileTest" assertions="1" time="0.019421"/>
        <testcase name="Get name returns name of file" file="Media File (Hyde\Framework\Testing\Feature\Support\MediaFile)::Get name returns name of file" class="Hyde\Framework\Testing\Feature\Support\MediaFileTest" classname="Hyde.Framework.Testing.Feature.Support.MediaFileTest" assertions="2" time="0.019467"/>
        <testcase name="Get path returns path of file" file="Media File (Hyde\Framework\Testing\Feature\Support\MediaFile)::Get path returns path of file" class="Hyde\Framework\Testing\Feature\Support\MediaFileTest" classname="Hyde.Framework.Testing.Feature.Support.MediaFileTest" assertions="2" time="0.019491"/>
        <testcase name="Get absolute path returns absolute path of file" file="Media File (Hyde\Framework\Testing\Feature\Support\MediaFile)::Get absolute path returns absolute path of file" class="Hyde\Framework\Testing\Feature\Support\MediaFileTest" classname="Hyde.Framework.Testing.Feature.Support.MediaFileTest" assertions="2" time="0.019616"/>
        <testcase name="Get contents returns contents of file" file="Media File (Hyde\Framework\Testing\Feature\Support\MediaFile)::Get contents returns contents of file" class="Hyde\Framework\Testing\Feature\Support\MediaFileTest" classname="Hyde.Framework.Testing.Feature.Support.MediaFileTest" assertions="1" time="0.020122"/>
        <testcase name="Get extension returns extension of file" file="Media File (Hyde\Framework\Testing\Feature\Support\MediaFile)::Get extension returns extension of file" class="Hyde\Framework\Testing\Feature\Support\MediaFileTest" classname="Hyde.Framework.Testing.Feature.Support.MediaFileTest" assertions="2" time="0.020590"/>
        <testcase name="To array returns array of file properties" file="Media File (Hyde\Framework\Testing\Feature\Support\MediaFile)::To array returns array of file properties" class="Hyde\Framework\Testing\Feature\Support\MediaFileTest" classname="Hyde.Framework.Testing.Feature.Support.MediaFileTest" assertions="1" time="0.020232"/>
        <testcase name="To array with empty file with no extension" file="Media File (Hyde\Framework\Testing\Feature\Support\MediaFile)::To array with empty file with no extension" class="Hyde\Framework\Testing\Feature\Support\MediaFileTest" classname="Hyde.Framework.Testing.Feature.Support.MediaFileTest" assertions="1" time="0.021594"/>
        <testcase name="To array with file in subdirectory" file="Media File (Hyde\Framework\Testing\Feature\Support\MediaFile)::To array with file in subdirectory" class="Hyde\Framework\Testing\Feature\Support\MediaFileTest" classname="Hyde.Framework.Testing.Feature.Support.MediaFileTest" assertions="1" time="0.020110"/>
        <testcase name="Get content length" file="Media File (Hyde\Framework\Testing\Feature\Support\MediaFile)::Get content length" class="Hyde\Framework\Testing\Feature\Support\MediaFileTest" classname="Hyde.Framework.Testing.Feature.Support.MediaFileTest" assertions="1" time="0.020081"/>
        <testcase name="Get content length with empty file" file="Media File (Hyde\Framework\Testing\Feature\Support\MediaFile)::Get content length with empty file" class="Hyde\Framework\Testing\Feature\Support\MediaFileTest" classname="Hyde.Framework.Testing.Feature.Support.MediaFileTest" assertions="1" time="0.020074"/>
        <testcase name="Get content length with directory" file="Media File (Hyde\Framework\Testing\Feature\Support\MediaFile)::Get content length with directory" class="Hyde\Framework\Testing\Feature\Support\MediaFileTest" classname="Hyde.Framework.Testing.Feature.Support.MediaFileTest" assertions="2" time="0.020592"/>
        <testcase name="Get content length with non existent file" file="Media File (Hyde\Framework\Testing\Feature\Support\MediaFile)::Get content length with non existent file" class="Hyde\Framework\Testing\Feature\Support\MediaFileTest" classname="Hyde.Framework.Testing.Feature.Support.MediaFileTest" assertions="2" time="0.019893"/>
        <testcase name="Get mime type" file="Media File (Hyde\Framework\Testing\Feature\Support\MediaFile)::Get mime type" class="Hyde\Framework\Testing\Feature\Support\MediaFileTest" classname="Hyde.Framework.Testing.Feature.Support.MediaFileTest" assertions="1" time="0.019961"/>
        <testcase name="Get mime type without extension" file="Media File (Hyde\Framework\Testing\Feature\Support\MediaFile)::Get mime type without extension" class="Hyde\Framework\Testing\Feature\Support\MediaFileTest" classname="Hyde.Framework.Testing.Feature.Support.MediaFileTest" assertions="1" time="0.020739"/>
        <testcase name="Get mime type with empty file" file="Media File (Hyde\Framework\Testing\Feature\Support\MediaFile)::Get mime type with empty file" class="Hyde\Framework\Testing\Feature\Support\MediaFileTest" classname="Hyde.Framework.Testing.Feature.Support.MediaFileTest" assertions="1" time="0.034378"/>
        <testcase name="Get mime type with directory" file="Media File (Hyde\Framework\Testing\Feature\Support\MediaFile)::Get mime type with directory" class="Hyde\Framework\Testing\Feature\Support\MediaFileTest" classname="Hyde.Framework.Testing.Feature.Support.MediaFileTest" assertions="1" time="0.020990"/>
        <testcase name="Get mime type with non existent file" file="Media File (Hyde\Framework\Testing\Feature\Support\MediaFile)::Get mime type with non existent file" class="Hyde\Framework\Testing\Feature\Support\MediaFileTest" classname="Hyde.Framework.Testing.Feature.Support.MediaFileTest" assertions="1" time="0.019666"/>
        <testcase name="All helper returns all media files" file="Media File (Hyde\Framework\Testing\Feature\Support\MediaFile)::All helper returns all media files" class="Hyde\Framework\Testing\Feature\Support\MediaFileTest" classname="Hyde.Framework.Testing.Feature.Support.MediaFileTest" assertions="1" time="0.019935"/>
        <testcase name="All helper does not include non media files" file="Media File (Hyde\Framework\Testing\Feature\Support\MediaFile)::All helper does not include non media files" class="Hyde\Framework\Testing\Feature\Support\MediaFileTest" classname="Hyde.Framework.Testing.Feature.Support.MediaFileTest" assertions="1" time="0.020329"/>
        <testcase name="Files helper returns all media files" file="Media File (Hyde\Framework\Testing\Feature\Support\MediaFile)::Files helper returns all media files" class="Hyde\Framework\Testing\Feature\Support\MediaFileTest" classname="Hyde.Framework.Testing.Feature.Support.MediaFileTest" assertions="1" time="0.019917"/>
        <testcase name="Get identifier returns identifier" file="Media File (Hyde\Framework\Testing\Feature\Support\MediaFile)::Get identifier returns identifier" class="Hyde\Framework\Testing\Feature\Support\MediaFileTest" classname="Hyde.Framework.Testing.Feature.Support.MediaFileTest" assertions="1" time="0.019417"/>
        <testcase name="Get identifier with subdirectory" file="Media File (Hyde\Framework\Testing\Feature\Support\MediaFile)::Get identifier with subdirectory" class="Hyde\Framework\Testing\Feature\Support\MediaFileTest" classname="Hyde.Framework.Testing.Feature.Support.MediaFileTest" assertions="1" time="0.019487"/>
      </testsuite>
      <testsuite name="Hyde\Framework\Testing\Feature\Support\ProjectFileTest" file="Project File (Hyde\Framework\Testing\Feature\Support\ProjectFile)" tests="11" assertions="16" errors="0" failures="0" skipped="0" time="0.253407">
        <testcase name="Can construct" file="Project File (Hyde\Framework\Testing\Feature\Support\ProjectFile)::Can construct" class="Hyde\Framework\Testing\Feature\Support\ProjectFileTest" classname="Hyde.Framework.Testing.Feature.Support.ProjectFileTest" assertions="2" time="0.053611"/>
        <testcase name="Can construct with nested paths" file="Project File (Hyde\Framework\Testing\Feature\Support\ProjectFile)::Can construct with nested paths" class="Hyde\Framework\Testing\Feature\Support\ProjectFileTest" classname="Hyde.Framework.Testing.Feature.Support.ProjectFileTest" assertions="1" time="0.019059"/>
        <testcase name="Absolute path is normalized to relative" file="Project File (Hyde\Framework\Testing\Feature\Support\ProjectFile)::Absolute path is normalized to relative" class="Hyde\Framework\Testing\Feature\Support\ProjectFileTest" classname="Hyde.Framework.Testing.Feature.Support.ProjectFileTest" assertions="1" time="0.019261"/>
        <testcase name="Get name returns name of file" file="Project File (Hyde\Framework\Testing\Feature\Support\ProjectFile)::Get name returns name of file" class="Hyde\Framework\Testing\Feature\Support\ProjectFileTest" classname="Hyde.Framework.Testing.Feature.Support.ProjectFileTest" assertions="2" time="0.021417"/>
        <testcase name="Get path returns path of file" file="Project File (Hyde\Framework\Testing\Feature\Support\ProjectFile)::Get path returns path of file" class="Hyde\Framework\Testing\Feature\Support\ProjectFileTest" classname="Hyde.Framework.Testing.Feature.Support.ProjectFileTest" assertions="2" time="0.019592"/>
        <testcase name="Get absolute path returns absolute path of file" file="Project File (Hyde\Framework\Testing\Feature\Support\ProjectFile)::Get absolute path returns absolute path of file" class="Hyde\Framework\Testing\Feature\Support\ProjectFileTest" classname="Hyde.Framework.Testing.Feature.Support.ProjectFileTest" assertions="2" time="0.019599"/>
        <testcase name="Get contents returns contents of file" file="Project File (Hyde\Framework\Testing\Feature\Support\ProjectFile)::Get contents returns contents of file" class="Hyde\Framework\Testing\Feature\Support\ProjectFileTest" classname="Hyde.Framework.Testing.Feature.Support.ProjectFileTest" assertions="1" time="0.020069"/>
        <testcase name="Get extension returns extension of file" file="Project File (Hyde\Framework\Testing\Feature\Support\ProjectFile)::Get extension returns extension of file" class="Hyde\Framework\Testing\Feature\Support\ProjectFileTest" classname="Hyde.Framework.Testing.Feature.Support.ProjectFileTest" assertions="2" time="0.020502"/>
        <testcase name="To array returns array of file properties" file="Project File (Hyde\Framework\Testing\Feature\Support\ProjectFile)::To array returns array of file properties" class="Hyde\Framework\Testing\Feature\Support\ProjectFileTest" classname="Hyde.Framework.Testing.Feature.Support.ProjectFileTest" assertions="1" time="0.020326"/>
        <testcase name="To array with empty file with no extension" file="Project File (Hyde\Framework\Testing\Feature\Support\ProjectFile)::To array with empty file with no extension" class="Hyde\Framework\Testing\Feature\Support\ProjectFileTest" classname="Hyde.Framework.Testing.Feature.Support.ProjectFileTest" assertions="1" time="0.020097"/>
        <testcase name="To array with file in subdirectory" file="Project File (Hyde\Framework\Testing\Feature\Support\ProjectFile)::To array with file in subdirectory" class="Hyde\Framework\Testing\Feature\Support\ProjectFileTest" classname="Hyde.Framework.Testing.Feature.Support.ProjectFileTest" assertions="1" time="0.019874"/>
      </testsuite>
      <testsuite name="Hyde\Framework\Testing\Feature\Support\SourceFileTest" file="Source File (Hyde\Framework\Testing\Feature\Support\SourceFile)" tests="14" assertions="22" errors="0" failures="0" skipped="0" time="0.315244">
        <testcase name="Can construct" file="Source File (Hyde\Framework\Testing\Feature\Support\SourceFile)::Can construct" class="Hyde\Framework\Testing\Feature\Support\SourceFileTest" classname="Hyde.Framework.Testing.Feature.Support.SourceFileTest" assertions="3" time="0.034142"/>
        <testcase name="Can construct with model class" file="Source File (Hyde\Framework\Testing\Feature\Support\SourceFile)::Can construct with model class" class="Hyde\Framework\Testing\Feature\Support\SourceFileTest" classname="Hyde.Framework.Testing.Feature.Support.SourceFileTest" assertions="3" time="0.019347"/>
        <testcase name="Can make" file="Source File (Hyde\Framework\Testing\Feature\Support\SourceFile)::Can make" class="Hyde\Framework\Testing\Feature\Support\SourceFileTest" classname="Hyde.Framework.Testing.Feature.Support.SourceFileTest" assertions="1" time="0.019311"/>
        <testcase name="Can make with model class" file="Source File (Hyde\Framework\Testing\Feature\Support\SourceFile)::Can make with model class" class="Hyde\Framework\Testing\Feature\Support\SourceFileTest" classname="Hyde.Framework.Testing.Feature.Support.SourceFileTest" assertions="1" time="0.019393"/>
        <testcase name="Can construct with nested paths" file="Source File (Hyde\Framework\Testing\Feature\Support\SourceFile)::Can construct with nested paths" class="Hyde\Framework\Testing\Feature\Support\SourceFileTest" classname="Hyde.Framework.Testing.Feature.Support.SourceFileTest" assertions="1" time="0.029338"/>
        <testcase name="Absolute path is normalized to relative" file="Source File (Hyde\Framework\Testing\Feature\Support\SourceFile)::Absolute path is normalized to relative" class="Hyde\Framework\Testing\Feature\Support\SourceFileTest" classname="Hyde.Framework.Testing.Feature.Support.SourceFileTest" assertions="1" time="0.019633"/>
        <testcase name="Get name returns name of file" file="Source File (Hyde\Framework\Testing\Feature\Support\SourceFile)::Get name returns name of file" class="Hyde\Framework\Testing\Feature\Support\SourceFileTest" classname="Hyde.Framework.Testing.Feature.Support.SourceFileTest" assertions="2" time="0.019462"/>
        <testcase name="Get path returns path of file" file="Source File (Hyde\Framework\Testing\Feature\Support\SourceFile)::Get path returns path of file" class="Hyde\Framework\Testing\Feature\Support\SourceFileTest" classname="Hyde.Framework.Testing.Feature.Support.SourceFileTest" assertions="2" time="0.019550"/>
        <testcase name="Get absolute path returns absolute path of file" file="Source File (Hyde\Framework\Testing\Feature\Support\SourceFile)::Get absolute path returns absolute path of file" class="Hyde\Framework\Testing\Feature\Support\SourceFileTest" classname="Hyde.Framework.Testing.Feature.Support.SourceFileTest" assertions="2" time="0.019673"/>
        <testcase name="Get contents returns contents of file" file="Source File (Hyde\Framework\Testing\Feature\Support\SourceFile)::Get contents returns contents of file" class="Hyde\Framework\Testing\Feature\Support\SourceFileTest" classname="Hyde.Framework.Testing.Feature.Support.SourceFileTest" assertions="1" time="0.033960"/>
        <testcase name="Get extension returns extension of file" file="Source File (Hyde\Framework\Testing\Feature\Support\SourceFile)::Get extension returns extension of file" class="Hyde\Framework\Testing\Feature\Support\SourceFileTest" classname="Hyde.Framework.Testing.Feature.Support.SourceFileTest" assertions="2" time="0.021023"/>
        <testcase name="To array returns array of file properties" file="Source File (Hyde\Framework\Testing\Feature\Support\SourceFile)::To array returns array of file properties" class="Hyde\Framework\Testing\Feature\Support\SourceFileTest" classname="Hyde.Framework.Testing.Feature.Support.SourceFileTest" assertions="1" time="0.020170"/>
        <testcase name="To array with empty file with no extension" file="Source File (Hyde\Framework\Testing\Feature\Support\SourceFile)::To array with empty file with no extension" class="Hyde\Framework\Testing\Feature\Support\SourceFileTest" classname="Hyde.Framework.Testing.Feature.Support.SourceFileTest" assertions="1" time="0.020093"/>
        <testcase name="To array with file in subdirectory" file="Source File (Hyde\Framework\Testing\Feature\Support\SourceFile)::To array with file in subdirectory" class="Hyde\Framework\Testing\Feature\Support\SourceFileTest" classname="Hyde.Framework.Testing.Feature.Support.SourceFileTest" assertions="1" time="0.020149"/>
      </testsuite>
      <testsuite name="Hyde\Framework\Testing\Feature\TypedConfigFacadeTest" file="Typed Config Facade (Hyde\Framework\Testing\Feature\TypedConfigFacade)" tests="27" assertions="29" errors="0" failures="0" skipped="0" time="0.558058">
        <testcase name="Get array" file="Typed Config Facade (Hyde\Framework\Testing\Feature\TypedConfigFacade)::Get array" class="Hyde\Framework\Testing\Feature\TypedConfigFacadeTest" classname="Hyde.Framework.Testing.Feature.TypedConfigFacadeTest" assertions="1" time="0.037697"/>
        <testcase name="Get string" file="Typed Config Facade (Hyde\Framework\Testing\Feature\TypedConfigFacade)::Get string" class="Hyde\Framework\Testing\Feature\TypedConfigFacadeTest" classname="Hyde.Framework.Testing.Feature.TypedConfigFacadeTest" assertions="1" time="0.019175"/>
        <testcase name="Get bool" file="Typed Config Facade (Hyde\Framework\Testing\Feature\TypedConfigFacade)::Get bool" class="Hyde\Framework\Testing\Feature\TypedConfigFacadeTest" classname="Hyde.Framework.Testing.Feature.TypedConfigFacadeTest" assertions="1" time="0.019242"/>
        <testcase name="Get int" file="Typed Config Facade (Hyde\Framework\Testing\Feature\TypedConfigFacade)::Get int" class="Hyde\Framework\Testing\Feature\TypedConfigFacadeTest" classname="Hyde.Framework.Testing.Feature.TypedConfigFacadeTest" assertions="1" time="0.019449"/>
        <testcase name="Get float" file="Typed Config Facade (Hyde\Framework\Testing\Feature\TypedConfigFacade)::Get float" class="Hyde\Framework\Testing\Feature\TypedConfigFacadeTest" classname="Hyde.Framework.Testing.Feature.TypedConfigFacadeTest" assertions="1" time="0.019525"/>
        <testcase name="Get array with default value" file="Typed Config Facade (Hyde\Framework\Testing\Feature\TypedConfigFacade)::Get array with default value" class="Hyde\Framework\Testing\Feature\TypedConfigFacadeTest" classname="Hyde.Framework.Testing.Feature.TypedConfigFacadeTest" assertions="1" time="0.019776"/>
        <testcase name="Get string with default value" file="Typed Config Facade (Hyde\Framework\Testing\Feature\TypedConfigFacade)::Get string with default value" class="Hyde\Framework\Testing\Feature\TypedConfigFacadeTest" classname="Hyde.Framework.Testing.Feature.TypedConfigFacadeTest" assertions="1" time="0.019533"/>
        <testcase name="Get bool with default value" file="Typed Config Facade (Hyde\Framework\Testing\Feature\TypedConfigFacade)::Get bool with default value" class="Hyde\Framework\Testing\Feature\TypedConfigFacadeTest" classname="Hyde.Framework.Testing.Feature.TypedConfigFacadeTest" assertions="1" time="0.019506"/>
        <testcase name="Get int with default value" file="Typed Config Facade (Hyde\Framework\Testing\Feature\TypedConfigFacade)::Get int with default value" class="Hyde\Framework\Testing\Feature\TypedConfigFacadeTest" classname="Hyde.Framework.Testing.Feature.TypedConfigFacadeTest" assertions="1" time="0.019415"/>
        <testcase name="Get float with default value" file="Typed Config Facade (Hyde\Framework\Testing\Feature\TypedConfigFacade)::Get float with default value" class="Hyde\Framework\Testing\Feature\TypedConfigFacadeTest" classname="Hyde.Framework.Testing.Feature.TypedConfigFacadeTest" assertions="1" time="0.019370"/>
        <testcase name="Get array with strict mode" file="Typed Config Facade (Hyde\Framework\Testing\Feature\TypedConfigFacade)::Get array with strict mode" class="Hyde\Framework\Testing\Feature\TypedConfigFacadeTest" classname="Hyde.Framework.Testing.Feature.TypedConfigFacadeTest" assertions="1" time="0.019479"/>
        <testcase name="Get string with strict mode" file="Typed Config Facade (Hyde\Framework\Testing\Feature\TypedConfigFacade)::Get string with strict mode" class="Hyde\Framework\Testing\Feature\TypedConfigFacadeTest" classname="Hyde.Framework.Testing.Feature.TypedConfigFacadeTest" assertions="1" time="0.019542"/>
        <testcase name="Get bool with strict mode" file="Typed Config Facade (Hyde\Framework\Testing\Feature\TypedConfigFacade)::Get bool with strict mode" class="Hyde\Framework\Testing\Feature\TypedConfigFacadeTest" classname="Hyde.Framework.Testing.Feature.TypedConfigFacadeTest" assertions="1" time="0.019542"/>
        <testcase name="Get int with strict mode" file="Typed Config Facade (Hyde\Framework\Testing\Feature\TypedConfigFacade)::Get int with strict mode" class="Hyde\Framework\Testing\Feature\TypedConfigFacadeTest" classname="Hyde.Framework.Testing.Feature.TypedConfigFacadeTest" assertions="1" time="0.019481"/>
        <testcase name="Get float with strict mode" file="Typed Config Facade (Hyde\Framework\Testing\Feature\TypedConfigFacade)::Get float with strict mode" class="Hyde\Framework\Testing\Feature\TypedConfigFacadeTest" classname="Hyde.Framework.Testing.Feature.TypedConfigFacadeTest" assertions="1" time="0.019505"/>
        <testcase name="Get array with failing strict mode" file="Typed Config Facade (Hyde\Framework\Testing\Feature\TypedConfigFacade)::Get array with failing strict mode" class="Hyde\Framework\Testing\Feature\TypedConfigFacadeTest" classname="Hyde.Framework.Testing.Feature.TypedConfigFacadeTest" assertions="1" time="0.019482"/>
        <testcase name="Get string with failing strict mode" file="Typed Config Facade (Hyde\Framework\Testing\Feature\TypedConfigFacade)::Get string with failing strict mode" class="Hyde\Framework\Testing\Feature\TypedConfigFacadeTest" classname="Hyde.Framework.Testing.Feature.TypedConfigFacadeTest" assertions="1" time="0.019614"/>
        <testcase name="Get bool with failing strict mode" file="Typed Config Facade (Hyde\Framework\Testing\Feature\TypedConfigFacade)::Get bool with failing strict mode" class="Hyde\Framework\Testing\Feature\TypedConfigFacadeTest" classname="Hyde.Framework.Testing.Feature.TypedConfigFacadeTest" assertions="1" time="0.019607"/>
        <testcase name="Get int with failing strict mode" file="Typed Config Facade (Hyde\Framework\Testing\Feature\TypedConfigFacade)::Get int with failing strict mode" class="Hyde\Framework\Testing\Feature\TypedConfigFacadeTest" classname="Hyde.Framework.Testing.Feature.TypedConfigFacadeTest" assertions="1" time="0.019534"/>
        <testcase name="Get float with failing strict mode" file="Typed Config Facade (Hyde\Framework\Testing\Feature\TypedConfigFacade)::Get float with failing strict mode" class="Hyde\Framework\Testing\Feature\TypedConfigFacadeTest" classname="Hyde.Framework.Testing.Feature.TypedConfigFacadeTest" assertions="1" time="0.019531"/>
        <testcase name="Get array with array" file="Typed Config Facade (Hyde\Framework\Testing\Feature\TypedConfigFacade)::Get array with array" class="Hyde\Framework\Testing\Feature\TypedConfigFacadeTest" classname="Hyde.Framework.Testing.Feature.TypedConfigFacadeTest" assertions="1" time="0.019507"/>
        <testcase name="Get string with string" file="Typed Config Facade (Hyde\Framework\Testing\Feature\TypedConfigFacade)::Get string with string" class="Hyde\Framework\Testing\Feature\TypedConfigFacadeTest" classname="Hyde.Framework.Testing.Feature.TypedConfigFacadeTest" assertions="1" time="0.019391"/>
        <testcase name="Get bool with bool" file="Typed Config Facade (Hyde\Framework\Testing\Feature\TypedConfigFacade)::Get bool with bool" class="Hyde\Framework\Testing\Feature\TypedConfigFacadeTest" classname="Hyde.Framework.Testing.Feature.TypedConfigFacadeTest" assertions="1" time="0.019447"/>
        <testcase name="Get int with int" file="Typed Config Facade (Hyde\Framework\Testing\Feature\TypedConfigFacade)::Get int with int" class="Hyde\Framework\Testing\Feature\TypedConfigFacadeTest" classname="Hyde.Framework.Testing.Feature.TypedConfigFacadeTest" assertions="1" time="0.019456"/>
        <testcase name="Get float with float" file="Typed Config Facade (Hyde\Framework\Testing\Feature\TypedConfigFacade)::Get float with float" class="Hyde\Framework\Testing\Feature\TypedConfigFacadeTest" classname="Hyde.Framework.Testing.Feature.TypedConfigFacadeTest" assertions="1" time="0.019495"/>
        <testcase name="Get nullable string" file="Typed Config Facade (Hyde\Framework\Testing\Feature\TypedConfigFacade)::Get nullable string" class="Hyde\Framework\Testing\Feature\TypedConfigFacadeTest" classname="Hyde.Framework.Testing.Feature.TypedConfigFacadeTest" assertions="2" time="0.019486"/>
        <testcase name="Invalid type message" file="Typed Config Facade (Hyde\Framework\Testing\Feature\TypedConfigFacade)::Invalid type message" class="Hyde\Framework\Testing\Feature\TypedConfigFacadeTest" classname="Hyde.Framework.Testing.Feature.TypedConfigFacadeTest" assertions="2" time="0.033270"/>
      </testsuite>
      <testsuite name="Hyde\Framework\Testing\Feature\Views\MetadataViewTest" file="Metadata View (Hyde\Framework\Testing\Feature\Views\MetadataView)" tests="5" assertions="84" errors="0" failures="0" skipped="0" time="0.248170">
        <testcase name="Metadata tags in empty blade page" file="Metadata View (Hyde\Framework\Testing\Feature\Views\MetadataView)::Metadata tags in empty blade page" class="Hyde\Framework\Testing\Feature\Views\MetadataViewTest" classname="Hyde.Framework.Testing.Feature.Views.MetadataViewTest" assertions="13" time="0.074925"/>
        <testcase name="Metadata tags in empty markdown page" file="Metadata View (Hyde\Framework\Testing\Feature\Views\MetadataView)::Metadata tags in empty markdown page" class="Hyde\Framework\Testing\Feature\Views\MetadataViewTest" classname="Hyde.Framework.Testing.Feature.Views.MetadataViewTest" assertions="13" time="0.038021"/>
        <testcase name="Metadata tags in empty documentation page" file="Metadata View (Hyde\Framework\Testing\Feature\Views\MetadataView)::Metadata tags in empty documentation page" class="Hyde\Framework\Testing\Feature\Views\MetadataViewTest" classname="Hyde.Framework.Testing.Feature.Views.MetadataViewTest" assertions="13" time="0.041882"/>
        <testcase name="Metadata tags in empty markdown post" file="Metadata View (Hyde\Framework\Testing\Feature\Views\MetadataView)::Metadata tags in empty markdown post" class="Hyde\Framework\Testing\Feature\Views\MetadataViewTest" classname="Hyde.Framework.Testing.Feature.Views.MetadataViewTest" assertions="19" time="0.049663"/>
        <testcase name="Metadata tags in markdown post with flat front matter" file="Metadata View (Hyde\Framework\Testing\Feature\Views\MetadataView)::Metadata tags in markdown post with flat front matter" class="Hyde\Framework\Testing\Feature\Views\MetadataViewTest" classname="Hyde.Framework.Testing.Feature.Views.MetadataViewTest" assertions="26" time="0.043678"/>
      </testsuite>
      <testsuite name="Hyde\Framework\Testing\Feature\Views\SidebarBrandViewTest" file="Sidebar Brand View (Hyde\Framework\Testing\Feature\Views\SidebarBrandView)" tests="5" assertions="13" errors="0" failures="0" skipped="0" time="0.133754">
        <testcase name="Sidebar brand view" file="Sidebar Brand View (Hyde\Framework\Testing\Feature\Views\SidebarBrandView)::Sidebar brand view" class="Hyde\Framework\Testing\Feature\Views\SidebarBrandViewTest" classname="Hyde.Framework.Testing.Feature.Views.SidebarBrandViewTest" assertions="3" time="0.032007"/>
        <testcase name="Sidebar brand view with home route" file="Sidebar Brand View (Hyde\Framework\Testing\Feature\Views\SidebarBrandView)::Sidebar brand view with home route" class="Hyde\Framework\Testing\Feature\Views\SidebarBrandViewTest" classname="Hyde.Framework.Testing.Feature.Views.SidebarBrandViewTest" assertions="3" time="0.025857"/>
        <testcase name="Sidebar brand view with default header text" file="Sidebar Brand View (Hyde\Framework\Testing\Feature\Views\SidebarBrandView)::Sidebar brand view with default header text" class="Hyde\Framework\Testing\Feature\Views\SidebarBrandViewTest" classname="Hyde.Framework.Testing.Feature.Views.SidebarBrandViewTest" assertions="2" time="0.024674"/>
        <testcase name="Sidebar brand view with default header text and home route" file="Sidebar Brand View (Hyde\Framework\Testing\Feature\Views\SidebarBrandView)::Sidebar brand view with default header text and home route" class="Hyde\Framework\Testing\Feature\Views\SidebarBrandViewTest" classname="Hyde.Framework.Testing.Feature.Views.SidebarBrandViewTest" assertions="3" time="0.026622"/>
        <testcase name="Sidebar brand view without darkmode feature" file="Sidebar Brand View (Hyde\Framework\Testing\Feature\Views\SidebarBrandView)::Sidebar brand view without darkmode feature" class="Hyde\Framework\Testing\Feature\Views\SidebarBrandViewTest" classname="Hyde.Framework.Testing.Feature.Views.SidebarBrandViewTest" assertions="2" time="0.024594"/>
      </testsuite>
      <testsuite name="Hyde\Framework\Testing\Feature\Views\SidebarFooterTextViewTest" file="Sidebar Footer Text View (Hyde\Framework\Testing\Feature\Views\SidebarFooterTextView)" tests="4" assertions="4" errors="0" failures="0" skipped="0" time="0.087803">
        <testcase name="Sidebar footer text view with default config" file="Sidebar Footer Text View (Hyde\Framework\Testing\Feature\Views\SidebarFooterTextView)::Sidebar footer text view with default config" class="Hyde\Framework\Testing\Feature\Views\SidebarFooterTextViewTest" classname="Hyde.Framework.Testing.Feature.Views.SidebarFooterTextViewTest" assertions="1" time="0.027358"/>
        <testcase name="Sidebar footer text view when config option is true" file="Sidebar Footer Text View (Hyde\Framework\Testing\Feature\Views\SidebarFooterTextView)::Sidebar footer text view when config option is true" class="Hyde\Framework\Testing\Feature\Views\SidebarFooterTextViewTest" classname="Hyde.Framework.Testing.Feature.Views.SidebarFooterTextViewTest" assertions="1" time="0.020228"/>
        <testcase name="Sidebar footer text view when config option is markdown string" file="Sidebar Footer Text View (Hyde\Framework\Testing\Feature\Views\SidebarFooterTextView)::Sidebar footer text view when config option is markdown string" class="Hyde\Framework\Testing\Feature\Views\SidebarFooterTextViewTest" classname="Hyde.Framework.Testing.Feature.Views.SidebarFooterTextViewTest" assertions="1" time="0.020986"/>
        <testcase name="Sidebar footer text view when config option is false" file="Sidebar Footer Text View (Hyde\Framework\Testing\Feature\Views\SidebarFooterTextView)::Sidebar footer text view when config option is false" class="Hyde\Framework\Testing\Feature\Views\SidebarFooterTextViewTest" classname="Hyde.Framework.Testing.Feature.Views.SidebarFooterTextViewTest" assertions="1" time="0.019231"/>
      </testsuite>
      <testsuite name="Hyde\Framework\Testing\Feature\Views\SidebarViewTest" file="Sidebar View (Hyde\Framework\Testing\Feature\Views\SidebarView)" tests="7" assertions="60" errors="0" failures="0" skipped="0" time="0.223580">
        <testcase name="Base sidebar" file="Sidebar View (Hyde\Framework\Testing\Feature\Views\SidebarView)::Base sidebar" class="Hyde\Framework\Testing\Feature\Views\SidebarViewTest" classname="Hyde.Framework.Testing.Feature.Views.SidebarViewTest" assertions="12" time="0.048433"/>
        <testcase name="Base sidebar without footer" file="Sidebar View (Hyde\Framework\Testing\Feature\Views\SidebarView)::Base sidebar without footer" class="Hyde\Framework\Testing\Feature\Views\SidebarViewTest" classname="Hyde.Framework.Testing.Feature.Views.SidebarViewTest" assertions="2" time="0.025627"/>
        <testcase name="Base sidebar with custom footer text" file="Sidebar View (Hyde\Framework\Testing\Feature\Views\SidebarView)::Base sidebar with custom footer text" class="Hyde\Framework\Testing\Feature\Views\SidebarViewTest" classname="Hyde.Framework.Testing.Feature.Views.SidebarViewTest" assertions="4" time="0.026477"/>
        <testcase name="Base sidebar custom header brand" file="Sidebar View (Hyde\Framework\Testing\Feature\Views\SidebarView)::Base sidebar custom header brand" class="Hyde\Framework\Testing\Feature\Views\SidebarViewTest" classname="Hyde.Framework.Testing.Feature.Views.SidebarViewTest" assertions="4" time="0.025936"/>
        <testcase name="Base sidebar with items" file="Sidebar View (Hyde\Framework\Testing\Feature\Views\SidebarView)::Base sidebar with items" class="Hyde\Framework\Testing\Feature\Views\SidebarViewTest" classname="Hyde.Framework.Testing.Feature.Views.SidebarViewTest" assertions="6" time="0.030843"/>
        <testcase name="Sidebar with grouped items" file="Sidebar View (Hyde\Framework\Testing\Feature\Views\SidebarView)::Sidebar with grouped items" class="Hyde\Framework\Testing\Feature\Views\SidebarViewTest" classname="Hyde.Framework.Testing.Feature.Views.SidebarViewTest" assertions="16" time="0.033330"/>
        <testcase name="Sidebar with non collapsible grouped items" file="Sidebar View (Hyde\Framework\Testing\Feature\Views\SidebarView)::Sidebar with non collapsible grouped items" class="Hyde\Framework\Testing\Feature\Views\SidebarViewTest" classname="Hyde.Framework.Testing.Feature.Views.SidebarViewTest" assertions="16" time="0.032933"/>
      </testsuite>
    </testsuite>
    <testsuite name="Publications" tests="358" assertions="933" errors="0" failures="0" skipped="0" time="10.042489">
      <testsuite name="Hyde\Publications\Testing\Feature\CreateActionTest" file="Create Action (Hyde\Publications\Testing\Feature\CreateAction)" tests="7" assertions="15" errors="0" failures="0" skipped="0" time="0.150311">
        <testcase name="Create" file="Create Action (Hyde\Publications\Testing\Feature\CreateAction)::Create" class="Hyde\Publications\Testing\Feature\CreateActionTest" classname="Hyde.Publications.Testing.Feature.CreateActionTest" assertions="2" time="0.030556"/>
        <testcase name="With conflict" file="Create Action (Hyde\Publications\Testing\Feature\CreateAction)::With conflict" class="Hyde\Publications\Testing\Feature\CreateActionTest" classname="Hyde.Publications.Testing.Feature.CreateActionTest" assertions="1" time="0.019616"/>
        <testcase name="With conflict force" file="Create Action (Hyde\Publications\Testing\Feature\CreateAction)::With conflict force" class="Hyde\Publications\Testing\Feature\CreateActionTest" classname="Hyde.Publications.Testing.Feature.CreateActionTest" assertions="1" time="0.020207"/>
        <testcase name="Output path helpers" file="Create Action (Hyde\Publications\Testing\Feature\CreateAction)::Output path helpers" class="Hyde\Publications\Testing\Feature\CreateActionTest" classname="Hyde.Publications.Testing.Feature.CreateActionTest" assertions="2" time="0.019634"/>
        <testcase name="Conflict prediction helpers" file="Create Action (Hyde\Publications\Testing\Feature\CreateAction)::Conflict prediction helpers" class="Hyde\Publications\Testing\Feature\CreateActionTest" classname="Hyde.Publications.Testing.Feature.CreateActionTest" assertions="6" time="0.020249"/>
        <testcase name="Can save to subdirectory" file="Create Action (Hyde\Publications\Testing\Feature\CreateAction)::Can save to subdirectory" class="Hyde\Publications\Testing\Feature\CreateActionTest" classname="Hyde.Publications.Testing.Feature.CreateActionTest" assertions="2" time="0.020377"/>
        <testcase name="Format string for storage" file="Create Action (Hyde\Publications\Testing\Feature\CreateAction)::Format string for storage" class="Hyde\Publications\Testing\Feature\CreateActionTest" classname="Hyde.Publications.Testing.Feature.CreateActionTest" assertions="1" time="0.019671"/>
      </testsuite>
      <testsuite name="Hyde\Publications\Testing\Feature\CreatesNewPublicationPageTest" file="Creates New Publication Page (Hyde\Publications\Testing\Feature\CreatesNewPublicationPage)" tests="6" assertions="13" errors="0" failures="0" skipped="0" time="0.230799">
        <testcase name="Create" file="Creates New Publication Page (Hyde\Publications\Testing\Feature\CreatesNewPublicationPage)::Create" class="Hyde\Publications\Testing\Feature\CreatesNewPublicationPageTest" classname="Hyde.Publications.Testing.Feature.CreatesNewPublicationPageTest" assertions="2" time="0.123679"/>
        <testcase name="With text type" file="Creates New Publication Page (Hyde\Publications\Testing\Feature\CreatesNewPublicationPage)::With text type" class="Hyde\Publications\Testing\Feature\CreatesNewPublicationPageTest" classname="Hyde.Publications.Testing.Feature.CreatesNewPublicationPageTest" assertions="2" time="0.022582"/>
        <testcase name="With array type" file="Creates New Publication Page (Hyde\Publications\Testing\Feature\CreatesNewPublicationPage)::With array type" class="Hyde\Publications\Testing\Feature\CreatesNewPublicationPageTest" classname="Hyde.Publications.Testing.Feature.CreatesNewPublicationPageTest" assertions="2" time="0.021267"/>
        <testcase name="Create without supplying canonical field" file="Creates New Publication Page (Hyde\Publications\Testing\Feature\CreatesNewPublicationPage)::Create without supplying canonical field" class="Hyde\Publications\Testing\Feature\CreatesNewPublicationPageTest" classname="Hyde.Publications.Testing.Feature.CreatesNewPublicationPageTest" assertions="2" time="0.020255"/>
        <testcase name="Create without supplying required field" file="Creates New Publication Page (Hyde\Publications\Testing\Feature\CreatesNewPublicationPage)::Create without supplying required field" class="Hyde\Publications\Testing\Feature\CreatesNewPublicationPageTest" classname="Hyde.Publications.Testing.Feature.CreatesNewPublicationPageTest" assertions="2" time="0.020981"/>
        <testcase name="It creates valid yaml" file="Creates New Publication Page (Hyde\Publications\Testing\Feature\CreatesNewPublicationPage)::It creates valid yaml" class="Hyde\Publications\Testing\Feature\CreatesNewPublicationPageTest" classname="Hyde.Publications.Testing.Feature.CreatesNewPublicationPageTest" assertions="3" time="0.022034"/>
      </testsuite>
      <testsuite name="Hyde\Publications\Testing\Feature\CreatesNewPublicationTypeTest" file="Creates New Publication Type (Hyde\Publications\Testing\Feature\CreatesNewPublicationType)" tests="4" assertions="20" errors="0" failures="0" skipped="0" time="0.104442">
        <testcase name="It creates a new publication type" file="Creates New Publication Type (Hyde\Publications\Testing\Feature\CreatesNewPublicationType)::It creates a new publication type" class="Hyde\Publications\Testing\Feature\CreatesNewPublicationTypeTest" classname="Hyde.Publications.Testing.Feature.CreatesNewPublicationTypeTest" assertions="2" time="0.039586"/>
        <testcase name="Create with default parameters" file="Creates New Publication Type (Hyde\Publications\Testing\Feature\CreatesNewPublicationType)::Create with default parameters" class="Hyde\Publications\Testing\Feature\CreatesNewPublicationTypeTest" classname="Hyde.Publications.Testing.Feature.CreatesNewPublicationTypeTest" assertions="2" time="0.021454"/>
        <testcase name="It creates list and detail pages" file="Creates New Publication Type (Hyde\Publications\Testing\Feature\CreatesNewPublicationType)::It creates list and detail pages" class="Hyde\Publications\Testing\Feature\CreatesNewPublicationTypeTest" classname="Hyde.Publications.Testing.Feature.CreatesNewPublicationTypeTest" assertions="8" time="0.021743"/>
        <testcase name="It uses the paginated list view when pagination is enabled" file="Creates New Publication Type (Hyde\Publications\Testing\Feature\CreatesNewPublicationType)::It uses the paginated list view when pagination is enabled" class="Hyde\Publications\Testing\Feature\CreatesNewPublicationTypeTest" classname="Hyde.Publications.Testing.Feature.CreatesNewPublicationTypeTest" assertions="8" time="0.021660"/>
      </testsuite>
      <testsuite name="Hyde\Publications\Testing\Feature\GeneratesPublicationTagPagesTest" file="Generates Publication Tag Pages (Hyde\Publications\Testing\Feature\GeneratesPublicationTagPages)" tests="7" assertions="18" errors="0" failures="0" skipped="0" time="0.280345">
        <testcase name="Tags index page is generated when tags are used" file="Generates Publication Tag Pages (Hyde\Publications\Testing\Feature\GeneratesPublicationTagPages)::Tags index page is generated when tags are used" class="Hyde\Publications\Testing\Feature\GeneratesPublicationTagPagesTest" classname="Hyde.Publications.Testing.Feature.GeneratesPublicationTagPagesTest" assertions="2" time="0.053646"/>
        <testcase name="Tags index page is not generated when tags are not used" file="Generates Publication Tag Pages (Hyde\Publications\Testing\Feature\GeneratesPublicationTagPages)::Tags index page is not generated when tags are not used" class="Hyde\Publications\Testing\Feature\GeneratesPublicationTagPagesTest" classname="Hyde.Publications.Testing.Feature.GeneratesPublicationTagPagesTest" assertions="1" time="0.025337"/>
        <testcase name="Tags pages for publications are generated for used tag" file="Generates Publication Tag Pages (Hyde\Publications\Testing\Feature\GeneratesPublicationTagPages)::Tags pages for publications are generated for used tag" class="Hyde\Publications\Testing\Feature\GeneratesPublicationTagPagesTest" classname="Hyde.Publications.Testing.Feature.GeneratesPublicationTagPagesTest" assertions="1" time="0.035250"/>
        <testcase name="Tags pages for publications are generated for used tags with publication tags array" file="Generates Publication Tag Pages (Hyde\Publications\Testing\Feature\GeneratesPublicationTagPages)::Tags pages for publications are generated for used tags with publication tags array" class="Hyde\Publications\Testing\Feature\GeneratesPublicationTagPagesTest" classname="Hyde.Publications.Testing.Feature.GeneratesPublicationTagPagesTest" assertions="1" time="0.037378"/>
        <testcase name="Tags pages for publications are not generated when no tags are used" file="Generates Publication Tag Pages (Hyde\Publications\Testing\Feature\GeneratesPublicationTagPages)::Tags pages for publications are not generated when no tags are used" class="Hyde\Publications\Testing\Feature\GeneratesPublicationTagPagesTest" classname="Hyde.Publications.Testing.Feature.GeneratesPublicationTagPagesTest" assertions="1" time="0.033367"/>
        <testcase name="Generated index page" file="Generates Publication Tag Pages (Hyde\Publications\Testing\Feature\GeneratesPublicationTagPages)::Generated index page" class="Hyde\Publications\Testing\Feature\GeneratesPublicationTagPagesTest" classname="Hyde.Publications.Testing.Feature.GeneratesPublicationTagPagesTest" assertions="6" time="0.047494"/>
        <testcase name="Generated detail page" file="Generates Publication Tag Pages (Hyde\Publications\Testing\Feature\GeneratesPublicationTagPages)::Generated detail page" class="Hyde\Publications\Testing\Feature\GeneratesPublicationTagPagesTest" classname="Hyde.Publications.Testing.Feature.GeneratesPublicationTagPagesTest" assertions="6" time="0.047872"/>
      </testsuite>
      <testsuite name="Hyde\Publications\Testing\Feature\InputStreamHandlerTest" file="Input Stream Handler (Hyde\Publications\Testing\Feature\InputStreamHandler)" tests="10" assertions="17" errors="0" failures="0" skipped="0" time="0.231033">
        <testcase name="Can collect input" file="Input Stream Handler (Hyde\Publications\Testing\Feature\InputStreamHandler)::Can collect input" class="Hyde\Publications\Testing\Feature\InputStreamHandlerTest" classname="Hyde.Publications.Testing.Feature.InputStreamHandlerTest" assertions="2" time="0.039650"/>
        <testcase name="Can terminate with here sequence" file="Input Stream Handler (Hyde\Publications\Testing\Feature\InputStreamHandler)::Can terminate with here sequence" class="Hyde\Publications\Testing\Feature\InputStreamHandlerTest" classname="Hyde.Publications.Testing.Feature.InputStreamHandlerTest" assertions="2" time="0.019732"/>
        <testcase name="Can terminate with here sequence after carriage returns" file="Input Stream Handler (Hyde\Publications\Testing\Feature\InputStreamHandler)::Can terminate with here sequence after carriage returns" class="Hyde\Publications\Testing\Feature\InputStreamHandlerTest" classname="Hyde.Publications.Testing.Feature.InputStreamHandlerTest" assertions="2" time="0.033811"/>
        <testcase name="Can terminate with end of transmission sequence" file="Input Stream Handler (Hyde\Publications\Testing\Feature\InputStreamHandler)::Can terminate with end of transmission sequence" class="Hyde\Publications\Testing\Feature\InputStreamHandlerTest" classname="Hyde.Publications.Testing.Feature.InputStreamHandlerTest" assertions="2" time="0.020392"/>
        <testcase name="Can collect multiple input lines" file="Input Stream Handler (Hyde\Publications\Testing\Feature\InputStreamHandler)::Can collect multiple input lines" class="Hyde\Publications\Testing\Feature\InputStreamHandlerTest" classname="Hyde.Publications.Testing.Feature.InputStreamHandlerTest" assertions="2" time="0.019883"/>
        <testcase name="Can enter multiple carriage returns" file="Input Stream Handler (Hyde\Publications\Testing\Feature\InputStreamHandler)::Can enter multiple carriage returns" class="Hyde\Publications\Testing\Feature\InputStreamHandlerTest" classname="Hyde.Publications.Testing.Feature.InputStreamHandlerTest" assertions="2" time="0.019794"/>
        <testcase name="Can enter multiple unix endings" file="Input Stream Handler (Hyde\Publications\Testing\Feature\InputStreamHandler)::Can enter multiple unix endings" class="Hyde\Publications\Testing\Feature\InputStreamHandlerTest" classname="Hyde.Publications.Testing.Feature.InputStreamHandlerTest" assertions="2" time="0.019696"/>
        <testcase name="Termination message" file="Input Stream Handler (Hyde\Publications\Testing\Feature\InputStreamHandler)::Termination message" class="Hyde\Publications\Testing\Feature\InputStreamHandlerTest" classname="Hyde.Publications.Testing.Feature.InputStreamHandlerTest" assertions="1" time="0.019361"/>
        <testcase name="Termination sequence constant" file="Input Stream Handler (Hyde\Publications\Testing\Feature\InputStreamHandler)::Termination sequence constant" class="Hyde\Publications\Testing\Feature\InputStreamHandlerTest" classname="Hyde.Publications.Testing.Feature.InputStreamHandlerTest" assertions="1" time="0.019402"/>
        <testcase name="End of transmission constant" file="Input Stream Handler (Hyde\Publications\Testing\Feature\InputStreamHandler)::End of transmission constant" class="Hyde\Publications\Testing\Feature\InputStreamHandlerTest" classname="Hyde.Publications.Testing.Feature.InputStreamHandlerTest" assertions="1" time="0.019312"/>
      </testsuite>
      <testsuite name="Hyde\Publications\Testing\Feature\MakePublicationCommandTest" file="Make Publication Command (Hyde\Publications\Testing\Feature\MakePublicationCommand)" tests="23" assertions="121" errors="0" failures="0" skipped="0" time="0.670135">
        <testcase name="Command creates publication" file="Make Publication Command (Hyde\Publications\Testing\Feature\MakePublicationCommand)::Command creates publication" class="Hyde\Publications\Testing\Feature\MakePublicationCommandTest" classname="Hyde.Publications.Testing.Feature.MakePublicationCommandTest" assertions="9" time="0.046482"/>
        <testcase name="Command with no publication types" file="Make Publication Command (Hyde\Publications\Testing\Feature\MakePublicationCommand)::Command with no publication types" class="Hyde\Publications\Testing\Feature\MakePublicationCommandTest" classname="Hyde.Publications.Testing.Feature.MakePublicationCommandTest" assertions="3" time="0.023056"/>
        <testcase name="Command selects the right publication using the names" file="Make Publication Command (Hyde\Publications\Testing\Feature\MakePublicationCommand)::Command selects the right publication using the names" class="Hyde\Publications\Testing\Feature\MakePublicationCommandTest" classname="Hyde.Publications.Testing.Feature.MakePublicationCommandTest" assertions="12" time="0.030078"/>
        <testcase name="Command with existing publication" file="Make Publication Command (Hyde\Publications\Testing\Feature\MakePublicationCommand)::Command with existing publication" class="Hyde\Publications\Testing\Feature\MakePublicationCommandTest" classname="Hyde.Publications.Testing.Feature.MakePublicationCommandTest" assertions="10" time="0.026268"/>
        <testcase name="Command with existing publication and overwrite" file="Make Publication Command (Hyde\Publications\Testing\Feature\MakePublicationCommand)::Command with existing publication and overwrite" class="Hyde\Publications\Testing\Feature\MakePublicationCommandTest" classname="Hyde.Publications.Testing.Feature.MakePublicationCommandTest" assertions="8" time="0.027025"/>
        <testcase name="Can overwrite existing publication by passing force flag" file="Make Publication Command (Hyde\Publications\Testing\Feature\MakePublicationCommand)::Can overwrite existing publication by passing force flag" class="Hyde\Publications\Testing\Feature\MakePublicationCommandTest" classname="Hyde.Publications.Testing.Feature.MakePublicationCommandTest" assertions="6" time="0.026468"/>
        <testcase name="Command with publication type passed as argument" file="Make Publication Command (Hyde\Publications\Testing\Feature\MakePublicationCommand)::Command with publication type passed as argument" class="Hyde\Publications\Testing\Feature\MakePublicationCommandTest" classname="Hyde.Publications.Testing.Feature.MakePublicationCommandTest" assertions="6" time="0.026210"/>
        <testcase name="Command with invalid publication type passed as argument" file="Make Publication Command (Hyde\Publications\Testing\Feature\MakePublicationCommand)::Command with invalid publication type passed as argument" class="Hyde\Publications\Testing\Feature\MakePublicationCommandTest" classname="Hyde.Publications.Testing.Feature.MakePublicationCommandTest" assertions="2" time="0.023589"/>
        <testcase name="Command with schema using canonical meta field" file="Make Publication Command (Hyde\Publications\Testing\Feature\MakePublicationCommand)::Command with schema using canonical meta field" class="Hyde\Publications\Testing\Feature\MakePublicationCommandTest" classname="Hyde.Publications.Testing.Feature.MakePublicationCommandTest" assertions="3" time="0.024951"/>
        <testcase name="Command does not ask user to fill in meta fields" file="Make Publication Command (Hyde\Publications\Testing\Feature\MakePublicationCommand)::Command does not ask user to fill in meta fields" class="Hyde\Publications\Testing\Feature\MakePublicationCommandTest" classname="Hyde.Publications.Testing.Feature.MakePublicationCommandTest" assertions="4" time="0.025492"/>
        <testcase name="Command with text input" file="Make Publication Command (Hyde\Publications\Testing\Feature\MakePublicationCommand)::Command with text input" class="Hyde\Publications\Testing\Feature\MakePublicationCommandTest" classname="Hyde.Publications.Testing.Feature.MakePublicationCommandTest" assertions="3" time="0.025529"/>
        <testcase name="Command with boolean input" file="Make Publication Command (Hyde\Publications\Testing\Feature\MakePublicationCommand)::Command with boolean input" class="Hyde\Publications\Testing\Feature\MakePublicationCommandTest" classname="Hyde.Publications.Testing.Feature.MakePublicationCommandTest" assertions="4" time="0.025608"/>
        <testcase name="Command with array input" file="Make Publication Command (Hyde\Publications\Testing\Feature\MakePublicationCommand)::Command with array input" class="Hyde\Publications\Testing\Feature\MakePublicationCommandTest" classname="Hyde.Publications.Testing.Feature.MakePublicationCommandTest" assertions="3" time="0.025892"/>
        <testcase name="Command with media input" file="Make Publication Command (Hyde\Publications\Testing\Feature\MakePublicationCommand)::Command with media input" class="Hyde\Publications\Testing\Feature\MakePublicationCommandTest" classname="Hyde.Publications.Testing.Feature.MakePublicationCommandTest" assertions="4" time="0.027582"/>
        <testcase name="Media input selects the right file" file="Make Publication Command (Hyde\Publications\Testing\Feature\MakePublicationCommand)::Media input selects the right file" class="Hyde\Publications\Testing\Feature\MakePublicationCommandTest" classname="Hyde.Publications.Testing.Feature.MakePublicationCommandTest" assertions="4" time="0.031550"/>
        <testcase name="Command with single tag input" file="Make Publication Command (Hyde\Publications\Testing\Feature\MakePublicationCommand)::Command with single tag input" class="Hyde\Publications\Testing\Feature\MakePublicationCommandTest" classname="Hyde.Publications.Testing.Feature.MakePublicationCommandTest" assertions="5" time="0.051667"/>
        <testcase name="Command with multiple tag inputs" file="Make Publication Command (Hyde\Publications\Testing\Feature\MakePublicationCommand)::Command with multiple tag inputs" class="Hyde\Publications\Testing\Feature\MakePublicationCommandTest" classname="Hyde.Publications.Testing.Feature.MakePublicationCommandTest" assertions="5" time="0.036626"/>
        <testcase name="Media input with no images" file="Make Publication Command (Hyde\Publications\Testing\Feature\MakePublicationCommand)::Media input with no images" class="Hyde\Publications\Testing\Feature\MakePublicationCommandTest" classname="Hyde.Publications.Testing.Feature.MakePublicationCommandTest" assertions="5" time="0.026057"/>
        <testcase name="Media input with no files but skips" file="Make Publication Command (Hyde\Publications\Testing\Feature\MakePublicationCommand)::Media input with no files but skips" class="Hyde\Publications\Testing\Feature\MakePublicationCommandTest" classname="Hyde.Publications.Testing.Feature.MakePublicationCommandTest" assertions="6" time="0.027558"/>
        <testcase name="Tag input with no tags" file="Make Publication Command (Hyde\Publications\Testing\Feature\MakePublicationCommand)::Tag input with no tags" class="Hyde\Publications\Testing\Feature\MakePublicationCommandTest" classname="Hyde.Publications.Testing.Feature.MakePublicationCommandTest" assertions="3" time="0.030396"/>
        <testcase name="Handle empty options collection for required field" file="Make Publication Command (Hyde\Publications\Testing\Feature\MakePublicationCommand)::Handle empty options collection for required field" class="Hyde\Publications\Testing\Feature\MakePublicationCommandTest" classname="Hyde.Publications.Testing.Feature.MakePublicationCommandTest" assertions="3" time="0.025119"/>
        <testcase name="With custom validation rules" file="Make Publication Command (Hyde\Publications\Testing\Feature\MakePublicationCommand)::With custom validation rules" class="Hyde\Publications\Testing\Feature\MakePublicationCommandTest" classname="Hyde.Publications.Testing.Feature.MakePublicationCommandTest" assertions="8" time="0.030711"/>
        <testcase name="With skipping inputs" file="Make Publication Command (Hyde\Publications\Testing\Feature\MakePublicationCommand)::With skipping inputs" class="Hyde\Publications\Testing\Feature\MakePublicationCommandTest" classname="Hyde.Publications.Testing.Feature.MakePublicationCommandTest" assertions="5" time="0.026220"/>
      </testsuite>
      <testsuite name="Hyde\Publications\Testing\Feature\MakePublicationTypeCommandTest" file="Make Publication Type Command (Hyde\Publications\Testing\Feature\MakePublicationTypeCommand)" tests="6" assertions="63" errors="0" failures="0" skipped="0" time="0.187008">
        <testcase name="Command creates publication type" file="Make Publication Type Command (Hyde\Publications\Testing\Feature\MakePublicationTypeCommand)::Command creates publication type" class="Hyde\Publications\Testing\Feature\MakePublicationTypeCommandTest" classname="Hyde.Publications.Testing.Feature.MakePublicationTypeCommandTest" assertions="21" time="0.059969"/>
        <testcase name="With default values" file="Make Publication Type Command (Hyde\Publications\Testing\Feature\MakePublicationTypeCommand)::With default values" class="Hyde\Publications\Testing\Feature\MakePublicationTypeCommandTest" classname="Hyde.Publications.Testing.Feature.MakePublicationTypeCommandTest" assertions="6" time="0.025319"/>
        <testcase name="With multiple fields of the same name" file="Make Publication Type Command (Hyde\Publications\Testing\Feature\MakePublicationTypeCommand)::With multiple fields of the same name" class="Hyde\Publications\Testing\Feature\MakePublicationTypeCommandTest" classname="Hyde.Publications.Testing.Feature.MakePublicationTypeCommandTest" assertions="18" time="0.028592"/>
        <testcase name="With existing file of the same name" file="Make Publication Type Command (Hyde\Publications\Testing\Feature\MakePublicationTypeCommand)::With existing file of the same name" class="Hyde\Publications\Testing\Feature\MakePublicationTypeCommandTest" classname="Hyde.Publications.Testing.Feature.MakePublicationTypeCommandTest" assertions="2" time="0.022774"/>
        <testcase name="With existing publication of the same name" file="Make Publication Type Command (Hyde\Publications\Testing\Feature\MakePublicationTypeCommand)::With existing publication of the same name" class="Hyde\Publications\Testing\Feature\MakePublicationTypeCommandTest" classname="Hyde.Publications.Testing.Feature.MakePublicationTypeCommandTest" assertions="2" time="0.023333"/>
        <testcase name="With tag field input" file="Make Publication Type Command (Hyde\Publications\Testing\Feature\MakePublicationTypeCommand)::With tag field input" class="Hyde\Publications\Testing\Feature\MakePublicationTypeCommandTest" classname="Hyde.Publications.Testing.Feature.MakePublicationTypeCommandTest" assertions="14" time="0.027022"/>
      </testsuite>
      <testsuite name="Hyde\Publications\Testing\Feature\PublicationFieldDefinitionTest" file="Publication Field Definition (Hyde\Publications\Testing\Feature\PublicationFieldDefinition)" tests="12" assertions="18" errors="0" failures="0" skipped="0" time="0.256677">
        <testcase name="Can instantiate class" file="Publication Field Definition (Hyde\Publications\Testing\Feature\PublicationFieldDefinition)::Can instantiate class" class="Hyde\Publications\Testing\Feature\PublicationFieldDefinitionTest" classname="Hyde.Publications.Testing.Feature.PublicationFieldDefinitionTest" assertions="3" time="0.028225"/>
        <testcase name="From array method" file="Publication Field Definition (Hyde\Publications\Testing\Feature\PublicationFieldDefinition)::From array method" class="Hyde\Publications\Testing\Feature\PublicationFieldDefinitionTest" classname="Hyde.Publications.Testing.Feature.PublicationFieldDefinitionTest" assertions="3" time="0.019270"/>
        <testcase name="Can get field as array" file="Publication Field Definition (Hyde\Publications\Testing\Feature\PublicationFieldDefinition)::Can get field as array" class="Hyde\Publications\Testing\Feature\PublicationFieldDefinitionTest" classname="Hyde.Publications.Testing.Feature.PublicationFieldDefinitionTest" assertions="1" time="0.019373"/>
        <testcase name="Can get field with optional properties as array" file="Publication Field Definition (Hyde\Publications\Testing\Feature\PublicationFieldDefinition)::Can get field with optional properties as array" class="Hyde\Publications\Testing\Feature\PublicationFieldDefinitionTest" classname="Hyde.Publications.Testing.Feature.PublicationFieldDefinitionTest" assertions="1" time="0.019461"/>
        <testcase name="Can encode field as json" file="Publication Field Definition (Hyde\Publications\Testing\Feature\PublicationFieldDefinition)::Can encode field as json" class="Hyde\Publications\Testing\Feature\PublicationFieldDefinitionTest" classname="Hyde.Publications.Testing.Feature.PublicationFieldDefinitionTest" assertions="1" time="0.019372"/>
        <testcase name="Can get field with optional properties as json" file="Publication Field Definition (Hyde\Publications\Testing\Feature\PublicationFieldDefinition)::Can get field with optional properties as json" class="Hyde\Publications\Testing\Feature\PublicationFieldDefinitionTest" classname="Hyde.Publications.Testing.Feature.PublicationFieldDefinitionTest" assertions="1" time="0.019379"/>
        <testcase name="Can construct type using enum case" file="Publication Field Definition (Hyde\Publications\Testing\Feature\PublicationFieldDefinition)::Can construct type using enum case" class="Hyde\Publications\Testing\Feature\PublicationFieldDefinitionTest" classname="Hyde.Publications.Testing.Feature.PublicationFieldDefinitionTest" assertions="3" time="0.033980"/>
        <testcase name="Type must be valid" file="Publication Field Definition (Hyde\Publications\Testing\Feature\PublicationFieldDefinition)::Type must be valid" class="Hyde\Publications\Testing\Feature\PublicationFieldDefinitionTest" classname="Hyde.Publications.Testing.Feature.PublicationFieldDefinitionTest" assertions="1" time="0.019956"/>
        <testcase name="Type input is case insensitive" file="Publication Field Definition (Hyde\Publications\Testing\Feature\PublicationFieldDefinition)::Type input is case insensitive" class="Hyde\Publications\Testing\Feature\PublicationFieldDefinitionTest" classname="Hyde.Publications.Testing.Feature.PublicationFieldDefinitionTest" assertions="1" time="0.019448"/>
        <testcase name="Name gets stored as kebab case" file="Publication Field Definition (Hyde\Publications\Testing\Feature\PublicationFieldDefinition)::Name gets stored as kebab case" class="Hyde\Publications\Testing\Feature\PublicationFieldDefinitionTest" classname="Hyde.Publications.Testing.Feature.PublicationFieldDefinitionTest" assertions="1" time="0.019287"/>
        <testcase name="Get rules" file="Publication Field Definition (Hyde\Publications\Testing\Feature\PublicationFieldDefinition)::Get rules" class="Hyde\Publications\Testing\Feature\PublicationFieldDefinitionTest" classname="Hyde.Publications.Testing.Feature.PublicationFieldDefinitionTest" assertions="1" time="0.019387"/>
        <testcase name="Get rules with custom type rules" file="Publication Field Definition (Hyde\Publications\Testing\Feature\PublicationFieldDefinition)::Get rules with custom type rules" class="Hyde\Publications\Testing\Feature\PublicationFieldDefinitionTest" classname="Hyde.Publications.Testing.Feature.PublicationFieldDefinitionTest" assertions="1" time="0.019540"/>
      </testsuite>
      <testsuite name="Hyde\Publications\Testing\Feature\PublicationFieldTypesEnumTest" file="Publication Field Types Enum (Hyde\Publications\Testing\Feature\PublicationFieldTypesEnum)" tests="9" assertions="32" errors="0" failures="0" skipped="0" time="0.193695">
        <testcase name="Cases" file="Publication Field Types Enum (Hyde\Publications\Testing\Feature\PublicationFieldTypesEnum)::Cases" class="Hyde\Publications\Testing\Feature\PublicationFieldTypesEnumTest" classname="Hyde.Publications.Testing.Feature.PublicationFieldTypesEnumTest" assertions="11" time="0.036953"/>
        <testcase name="Get rules" file="Publication Field Types Enum (Hyde\Publications\Testing\Feature\PublicationFieldTypesEnum)::Get rules" class="Hyde\Publications\Testing\Feature\PublicationFieldTypesEnumTest" classname="Hyde.Publications.Testing.Feature.PublicationFieldTypesEnumTest" assertions="10" time="0.020469"/>
        <testcase name="Collect creates collection of cases" file="Publication Field Types Enum (Hyde\Publications\Testing\Feature\PublicationFieldTypesEnum)::Collect creates collection of cases" class="Hyde\Publications\Testing\Feature\PublicationFieldTypesEnumTest" classname="Hyde.Publications.Testing.Feature.PublicationFieldTypesEnumTest" assertions="1" time="0.019562"/>
        <testcase name="Values returns array of case values" file="Publication Field Types Enum (Hyde\Publications\Testing\Feature\PublicationFieldTypesEnum)::Values returns array of case values" class="Hyde\Publications\Testing\Feature\PublicationFieldTypesEnumTest" classname="Hyde.Publications.Testing.Feature.PublicationFieldTypesEnumTest" assertions="1" time="0.019562"/>
        <testcase name="Names returns array of case names" file="Publication Field Types Enum (Hyde\Publications\Testing\Feature\PublicationFieldTypesEnum)::Names returns array of case names" class="Hyde\Publications\Testing\Feature\PublicationFieldTypesEnumTest" classname="Hyde.Publications.Testing.Feature.PublicationFieldTypesEnumTest" assertions="1" time="0.019561"/>
        <testcase name="Canonicable" file="Publication Field Types Enum (Hyde\Publications\Testing\Feature\PublicationFieldTypesEnum)::Canonicable" class="Hyde\Publications\Testing\Feature\PublicationFieldTypesEnumTest" classname="Hyde.Publications.Testing.Feature.PublicationFieldTypesEnumTest" assertions="1" time="0.019278"/>
        <testcase name="Arrayable" file="Publication Field Types Enum (Hyde\Publications\Testing\Feature\PublicationFieldTypesEnum)::Arrayable" class="Hyde\Publications\Testing\Feature\PublicationFieldTypesEnumTest" classname="Hyde.Publications.Testing.Feature.PublicationFieldTypesEnumTest" assertions="1" time="0.019273"/>
        <testcase name="Is canonicable" file="Publication Field Types Enum (Hyde\Publications\Testing\Feature\PublicationFieldTypesEnum)::Is canonicable" class="Hyde\Publications\Testing\Feature\PublicationFieldTypesEnumTest" classname="Hyde.Publications.Testing.Feature.PublicationFieldTypesEnumTest" assertions="4" time="0.019565"/>
        <testcase name="Is arrayable" file="Publication Field Types Enum (Hyde\Publications\Testing\Feature\PublicationFieldTypesEnum)::Is arrayable" class="Hyde\Publications\Testing\Feature\PublicationFieldTypesEnumTest" classname="Hyde.Publications.Testing.Feature.PublicationFieldTypesEnumTest" assertions="2" time="0.019472"/>
      </testsuite>
      <testsuite name="Hyde\Publications\Testing\Feature\PublicationFieldValidatorTest" file="Publication Field Validator (Hyde\Publications\Testing\Feature\PublicationFieldValidator)" tests="18" assertions="24" errors="0" failures="0" skipped="0" time="0.416184">
        <testcase name="Construct" file="Publication Field Validator (Hyde\Publications\Testing\Feature\PublicationFieldValidator)::Construct" class="Hyde\Publications\Testing\Feature\PublicationFieldValidatorTest" classname="Hyde.Publications.Testing.Feature.PublicationFieldValidatorTest" assertions="1" time="0.052439"/>
        <testcase name="Validate" file="Publication Field Validator (Hyde\Publications\Testing\Feature\PublicationFieldValidator)::Validate" class="Hyde\Publications\Testing\Feature\PublicationFieldValidatorTest" classname="Hyde.Publications.Testing.Feature.PublicationFieldValidatorTest" assertions="3" time="0.021723"/>
        <testcase name="Validate with custom type rules" file="Publication Field Validator (Hyde\Publications\Testing\Feature\PublicationFieldValidator)::Validate with custom type rules" class="Hyde\Publications\Testing\Feature\PublicationFieldValidatorTest" classname="Hyde.Publications.Testing.Feature.PublicationFieldValidatorTest" assertions="3" time="0.021369"/>
        <testcase name="Get rules" file="Publication Field Validator (Hyde\Publications\Testing\Feature\PublicationFieldValidator)::Get rules" class="Hyde\Publications\Testing\Feature\PublicationFieldValidatorTest" classname="Hyde.Publications.Testing.Feature.PublicationFieldValidatorTest" assertions="1" time="0.019711"/>
        <testcase name="Get rules with custom type rules" file="Publication Field Validator (Hyde\Publications\Testing\Feature\PublicationFieldValidator)::Get rules with custom type rules" class="Hyde\Publications\Testing\Feature\PublicationFieldValidatorTest" classname="Hyde.Publications.Testing.Feature.PublicationFieldValidatorTest" assertions="1" time="0.019781"/>
        <testcase name="Get rules for array" file="Publication Field Validator (Hyde\Publications\Testing\Feature\PublicationFieldValidator)::Get rules for array" class="Hyde\Publications\Testing\Feature\PublicationFieldValidatorTest" classname="Hyde.Publications.Testing.Feature.PublicationFieldValidatorTest" assertions="1" time="0.019696"/>
        <testcase name="Validate array passes" file="Publication Field Validator (Hyde\Publications\Testing\Feature\PublicationFieldValidator)::Validate array passes" class="Hyde\Publications\Testing\Feature\PublicationFieldValidatorTest" classname="Hyde.Publications.Testing.Feature.PublicationFieldValidatorTest" assertions="1" time="0.020406"/>
        <testcase name="Validate array fails" file="Publication Field Validator (Hyde\Publications\Testing\Feature\PublicationFieldValidator)::Validate array fails" class="Hyde\Publications\Testing\Feature\PublicationFieldValidatorTest" classname="Hyde.Publications.Testing.Feature.PublicationFieldValidatorTest" assertions="2" time="0.020817"/>
        <testcase name="Get rules for datetime" file="Publication Field Validator (Hyde\Publications\Testing\Feature\PublicationFieldValidator)::Get rules for datetime" class="Hyde\Publications\Testing\Feature\PublicationFieldValidatorTest" classname="Hyde.Publications.Testing.Feature.PublicationFieldValidatorTest" assertions="1" time="0.019735"/>
        <testcase name="Validate datetime passes" file="Publication Field Validator (Hyde\Publications\Testing\Feature\PublicationFieldValidator)::Validate datetime passes" class="Hyde\Publications\Testing\Feature\PublicationFieldValidatorTest" classname="Hyde.Publications.Testing.Feature.PublicationFieldValidatorTest" assertions="1" time="0.020160"/>
        <testcase name="Validate datetime fails for invalid type" file="Publication Field Validator (Hyde\Publications\Testing\Feature\PublicationFieldValidator)::Validate datetime fails for invalid type" class="Hyde\Publications\Testing\Feature\PublicationFieldValidatorTest" classname="Hyde.Publications.Testing.Feature.PublicationFieldValidatorTest" assertions="2" time="0.035669"/>
        <testcase name="Get rules for float" file="Publication Field Validator (Hyde\Publications\Testing\Feature\PublicationFieldValidator)::Get rules for float" class="Hyde\Publications\Testing\Feature\PublicationFieldValidatorTest" classname="Hyde.Publications.Testing.Feature.PublicationFieldValidatorTest" assertions="1" time="0.020468"/>
        <testcase name="Get rules for integer" file="Publication Field Validator (Hyde\Publications\Testing\Feature\PublicationFieldValidator)::Get rules for integer" class="Hyde\Publications\Testing\Feature\PublicationFieldValidatorTest" classname="Hyde.Publications.Testing.Feature.PublicationFieldValidatorTest" assertions="1" time="0.019780"/>
        <testcase name="Get rules for string" file="Publication Field Validator (Hyde\Publications\Testing\Feature\PublicationFieldValidator)::Get rules for string" class="Hyde\Publications\Testing\Feature\PublicationFieldValidatorTest" classname="Hyde.Publications.Testing.Feature.PublicationFieldValidatorTest" assertions="1" time="0.020053"/>
        <testcase name="Get rules for text" file="Publication Field Validator (Hyde\Publications\Testing\Feature\PublicationFieldValidator)::Get rules for text" class="Hyde\Publications\Testing\Feature\PublicationFieldValidatorTest" classname="Hyde.Publications.Testing.Feature.PublicationFieldValidatorTest" assertions="1" time="0.019860"/>
        <testcase name="Get rules for media" file="Publication Field Validator (Hyde\Publications\Testing\Feature\PublicationFieldValidator)::Get rules for media" class="Hyde\Publications\Testing\Feature\PublicationFieldValidatorTest" classname="Hyde.Publications.Testing.Feature.PublicationFieldValidatorTest" assertions="1" time="0.021390"/>
        <testcase name="Get rules for tag" file="Publication Field Validator (Hyde\Publications\Testing\Feature\PublicationFieldValidator)::Get rules for tag" class="Hyde\Publications\Testing\Feature\PublicationFieldValidatorTest" classname="Hyde.Publications.Testing.Feature.PublicationFieldValidatorTest" assertions="1" time="0.023795"/>
        <testcase name="Get rules for url" file="Publication Field Validator (Hyde\Publications\Testing\Feature\PublicationFieldValidator)::Get rules for url" class="Hyde\Publications\Testing\Feature\PublicationFieldValidatorTest" classname="Hyde.Publications.Testing.Feature.PublicationFieldValidatorTest" assertions="1" time="0.019333"/>
      </testsuite>
      <testsuite name="Hyde\Publications\Testing\Feature\PublicationFieldValueTest" file="Publication Field Value (Hyde\Publications\Testing\Feature\PublicationFieldValue)" tests="50" assertions="125" errors="0" failures="0" skipped="0" time="1.063862">
        <testcase name="Construct" file="Publication Field Value (Hyde\Publications\Testing\Feature\PublicationFieldValue)::Construct" class="Hyde\Publications\Testing\Feature\PublicationFieldValueTest" classname="Hyde.Publications.Testing.Feature.PublicationFieldValueTest" assertions="1" time="0.044338"/>
        <testcase name="Get type" file="Publication Field Value (Hyde\Publications\Testing\Feature\PublicationFieldValue)::Get type" class="Hyde\Publications\Testing\Feature\PublicationFieldValueTest" classname="Hyde.Publications.Testing.Feature.PublicationFieldValueTest" assertions="1" time="0.019171"/>
        <testcase name="Get value" file="Publication Field Value (Hyde\Publications\Testing\Feature\PublicationFieldValue)::Get value" class="Hyde\Publications\Testing\Feature\PublicationFieldValueTest" classname="Hyde.Publications.Testing.Feature.PublicationFieldValueTest" assertions="1" time="0.019270"/>
        <testcase name="Type" file="Publication Field Value (Hyde\Publications\Testing\Feature\PublicationFieldValue)::Type" class="Hyde\Publications\Testing\Feature\PublicationFieldValueTest" classname="Hyde.Publications.Testing.Feature.PublicationFieldValueTest" assertions="2" time="0.019400"/>
        <testcase name="String field construct" file="Publication Field Value (Hyde\Publications\Testing\Feature\PublicationFieldValue)::String field construct" class="Hyde\Publications\Testing\Feature\PublicationFieldValueTest" classname="Hyde.Publications.Testing.Feature.PublicationFieldValueTest" assertions="2" time="0.019475"/>
        <testcase name="String field get value" file="Publication Field Value (Hyde\Publications\Testing\Feature\PublicationFieldValue)::String field get value" class="Hyde\Publications\Testing\Feature\PublicationFieldValueTest" classname="Hyde.Publications.Testing.Feature.PublicationFieldValueTest" assertions="1" time="0.019414"/>
        <testcase name="String field to yaml" file="Publication Field Value (Hyde\Publications\Testing\Feature\PublicationFieldValue)::String field to yaml" class="Hyde\Publications\Testing\Feature\PublicationFieldValueTest" classname="Hyde.Publications.Testing.Feature.PublicationFieldValueTest" assertions="1" time="0.019424"/>
        <testcase name="String field parsing options" file="Publication Field Value (Hyde\Publications\Testing\Feature\PublicationFieldValue)::String field parsing options" class="Hyde\Publications\Testing\Feature\PublicationFieldValueTest" classname="Hyde.Publications.Testing.Feature.PublicationFieldValueTest" assertions="8" time="0.020019"/>
        <testcase name="Datetime field construct" file="Publication Field Value (Hyde\Publications\Testing\Feature\PublicationFieldValue)::Datetime field construct" class="Hyde\Publications\Testing\Feature\PublicationFieldValueTest" classname="Hyde.Publications.Testing.Feature.PublicationFieldValueTest" assertions="2" time="0.019453"/>
        <testcase name="Datetime field get value" file="Publication Field Value (Hyde\Publications\Testing\Feature\PublicationFieldValue)::Datetime field get value" class="Hyde\Publications\Testing\Feature\PublicationFieldValueTest" classname="Hyde.Publications.Testing.Feature.PublicationFieldValueTest" assertions="1" time="0.019399"/>
        <testcase name="Datetime field with invalid input" file="Publication Field Value (Hyde\Publications\Testing\Feature\PublicationFieldValue)::Datetime field with invalid input" class="Hyde\Publications\Testing\Feature\PublicationFieldValueTest" classname="Hyde.Publications.Testing.Feature.PublicationFieldValueTest" assertions="2" time="0.019594"/>
        <testcase name="Datetime field with dynamic input" file="Publication Field Value (Hyde\Publications\Testing\Feature\PublicationFieldValue)::Datetime field with dynamic input" class="Hyde\Publications\Testing\Feature\PublicationFieldValueTest" classname="Hyde.Publications.Testing.Feature.PublicationFieldValueTest" assertions="1" time="0.019580"/>
        <testcase name="Datetime field to yaml" file="Publication Field Value (Hyde\Publications\Testing\Feature\PublicationFieldValue)::Datetime field to yaml" class="Hyde\Publications\Testing\Feature\PublicationFieldValueTest" classname="Hyde.Publications.Testing.Feature.PublicationFieldValueTest" assertions="1" time="0.019340"/>
        <testcase name="Boolean field construct" file="Publication Field Value (Hyde\Publications\Testing\Feature\PublicationFieldValue)::Boolean field construct" class="Hyde\Publications\Testing\Feature\PublicationFieldValueTest" classname="Hyde.Publications.Testing.Feature.PublicationFieldValueTest" assertions="2" time="0.019460"/>
        <testcase name="Boolean field get value" file="Publication Field Value (Hyde\Publications\Testing\Feature\PublicationFieldValue)::Boolean field get value" class="Hyde\Publications\Testing\Feature\PublicationFieldValueTest" classname="Hyde.Publications.Testing.Feature.PublicationFieldValueTest" assertions="1" time="0.019349"/>
        <testcase name="Boolean field to yaml" file="Publication Field Value (Hyde\Publications\Testing\Feature\PublicationFieldValue)::Boolean field to yaml" class="Hyde\Publications\Testing\Feature\PublicationFieldValueTest" classname="Hyde.Publications.Testing.Feature.PublicationFieldValueTest" assertions="1" time="0.019532"/>
        <testcase name="Boolean field with invalid input" file="Publication Field Value (Hyde\Publications\Testing\Feature\PublicationFieldValue)::Boolean field with invalid input" class="Hyde\Publications\Testing\Feature\PublicationFieldValueTest" classname="Hyde.Publications.Testing.Feature.PublicationFieldValueTest" assertions="2" time="0.019617"/>
        <testcase name="Boolean field parsing options" file="Publication Field Value (Hyde\Publications\Testing\Feature\PublicationFieldValue)::Boolean field parsing options" class="Hyde\Publications\Testing\Feature\PublicationFieldValueTest" classname="Hyde.Publications.Testing.Feature.PublicationFieldValueTest" assertions="4" time="0.019946"/>
        <testcase name="Integer field construct" file="Publication Field Value (Hyde\Publications\Testing\Feature\PublicationFieldValue)::Integer field construct" class="Hyde\Publications\Testing\Feature\PublicationFieldValueTest" classname="Hyde.Publications.Testing.Feature.PublicationFieldValueTest" assertions="2" time="0.019667"/>
        <testcase name="Integer field get value" file="Publication Field Value (Hyde\Publications\Testing\Feature\PublicationFieldValue)::Integer field get value" class="Hyde\Publications\Testing\Feature\PublicationFieldValueTest" classname="Hyde.Publications.Testing.Feature.PublicationFieldValueTest" assertions="1" time="0.019413"/>
        <testcase name="Integer field to yaml" file="Publication Field Value (Hyde\Publications\Testing\Feature\PublicationFieldValue)::Integer field to yaml" class="Hyde\Publications\Testing\Feature\PublicationFieldValueTest" classname="Hyde.Publications.Testing.Feature.PublicationFieldValueTest" assertions="1" time="0.019455"/>
        <testcase name="Integer field with invalid input" file="Publication Field Value (Hyde\Publications\Testing\Feature\PublicationFieldValue)::Integer field with invalid input" class="Hyde\Publications\Testing\Feature\PublicationFieldValueTest" classname="Hyde.Publications.Testing.Feature.PublicationFieldValueTest" assertions="2" time="0.020675"/>
        <testcase name="Integer field parsing options" file="Publication Field Value (Hyde\Publications\Testing\Feature\PublicationFieldValue)::Integer field parsing options" class="Hyde\Publications\Testing\Feature\PublicationFieldValueTest" classname="Hyde.Publications.Testing.Feature.PublicationFieldValueTest" assertions="8" time="0.047537"/>
        <testcase name="Float field construct" file="Publication Field Value (Hyde\Publications\Testing\Feature\PublicationFieldValue)::Float field construct" class="Hyde\Publications\Testing\Feature\PublicationFieldValueTest" classname="Hyde.Publications.Testing.Feature.PublicationFieldValueTest" assertions="2" time="0.028901"/>
        <testcase name="Float field get value" file="Publication Field Value (Hyde\Publications\Testing\Feature\PublicationFieldValue)::Float field get value" class="Hyde\Publications\Testing\Feature\PublicationFieldValueTest" classname="Hyde.Publications.Testing.Feature.PublicationFieldValueTest" assertions="1" time="0.028628"/>
        <testcase name="Float field to yaml" file="Publication Field Value (Hyde\Publications\Testing\Feature\PublicationFieldValue)::Float field to yaml" class="Hyde\Publications\Testing\Feature\PublicationFieldValueTest" classname="Hyde.Publications.Testing.Feature.PublicationFieldValueTest" assertions="1" time="0.029891"/>
        <testcase name="Float field with invalid input" file="Publication Field Value (Hyde\Publications\Testing\Feature\PublicationFieldValue)::Float field with invalid input" class="Hyde\Publications\Testing\Feature\PublicationFieldValueTest" classname="Hyde.Publications.Testing.Feature.PublicationFieldValueTest" assertions="2" time="0.019844"/>
        <testcase name="Float field parsing options" file="Publication Field Value (Hyde\Publications\Testing\Feature\PublicationFieldValue)::Float field parsing options" class="Hyde\Publications\Testing\Feature\PublicationFieldValueTest" classname="Hyde.Publications.Testing.Feature.PublicationFieldValueTest" assertions="8" time="0.020165"/>
        <testcase name="Array field construct" file="Publication Field Value (Hyde\Publications\Testing\Feature\PublicationFieldValue)::Array field construct" class="Hyde\Publications\Testing\Feature\PublicationFieldValueTest" classname="Hyde.Publications.Testing.Feature.PublicationFieldValueTest" assertions="2" time="0.019532"/>
        <testcase name="Array field get value" file="Publication Field Value (Hyde\Publications\Testing\Feature\PublicationFieldValue)::Array field get value" class="Hyde\Publications\Testing\Feature\PublicationFieldValueTest" classname="Hyde.Publications.Testing.Feature.PublicationFieldValueTest" assertions="1" time="0.019439"/>
        <testcase name="Array field to yaml" file="Publication Field Value (Hyde\Publications\Testing\Feature\PublicationFieldValue)::Array field to yaml" class="Hyde\Publications\Testing\Feature\PublicationFieldValueTest" classname="Hyde.Publications.Testing.Feature.PublicationFieldValueTest" assertions="1" time="0.019462"/>
        <testcase name="Array field with array input" file="Publication Field Value (Hyde\Publications\Testing\Feature\PublicationFieldValue)::Array field with array input" class="Hyde\Publications\Testing\Feature\PublicationFieldValueTest" classname="Hyde.Publications.Testing.Feature.PublicationFieldValueTest" assertions="1" time="0.019744"/>
        <testcase name="Array field parsing options" file="Publication Field Value (Hyde\Publications\Testing\Feature\PublicationFieldValue)::Array field parsing options" class="Hyde\Publications\Testing\Feature\PublicationFieldValueTest" classname="Hyde.Publications.Testing.Feature.PublicationFieldValueTest" assertions="8" time="0.020570"/>
        <testcase name="Text field construct" file="Publication Field Value (Hyde\Publications\Testing\Feature\PublicationFieldValue)::Text field construct" class="Hyde\Publications\Testing\Feature\PublicationFieldValueTest" classname="Hyde.Publications.Testing.Feature.PublicationFieldValueTest" assertions="2" time="0.019514"/>
        <testcase name="Text field get value" file="Publication Field Value (Hyde\Publications\Testing\Feature\PublicationFieldValue)::Text field get value" class="Hyde\Publications\Testing\Feature\PublicationFieldValueTest" classname="Hyde.Publications.Testing.Feature.PublicationFieldValueTest" assertions="1" time="0.019401"/>
        <testcase name="Text field to yaml" file="Publication Field Value (Hyde\Publications\Testing\Feature\PublicationFieldValue)::Text field to yaml" class="Hyde\Publications\Testing\Feature\PublicationFieldValueTest" classname="Hyde.Publications.Testing.Feature.PublicationFieldValueTest" assertions="1" time="0.019438"/>
        <testcase name="Text field parsing options" file="Publication Field Value (Hyde\Publications\Testing\Feature\PublicationFieldValue)::Text field parsing options" class="Hyde\Publications\Testing\Feature\PublicationFieldValueTest" classname="Hyde.Publications.Testing.Feature.PublicationFieldValueTest" assertions="13" time="0.020649"/>
        <testcase name="Url field construct" file="Publication Field Value (Hyde\Publications\Testing\Feature\PublicationFieldValue)::Url field construct" class="Hyde\Publications\Testing\Feature\PublicationFieldValueTest" classname="Hyde.Publications.Testing.Feature.PublicationFieldValueTest" assertions="2" time="0.019559"/>
        <testcase name="Url field get value" file="Publication Field Value (Hyde\Publications\Testing\Feature\PublicationFieldValue)::Url field get value" class="Hyde\Publications\Testing\Feature\PublicationFieldValueTest" classname="Hyde.Publications.Testing.Feature.PublicationFieldValueTest" assertions="1" time="0.019527"/>
        <testcase name="Url field to yaml" file="Publication Field Value (Hyde\Publications\Testing\Feature\PublicationFieldValue)::Url field to yaml" class="Hyde\Publications\Testing\Feature\PublicationFieldValueTest" classname="Hyde.Publications.Testing.Feature.PublicationFieldValueTest" assertions="1" time="0.019689"/>
        <testcase name="Url field with invalid input" file="Publication Field Value (Hyde\Publications\Testing\Feature\PublicationFieldValue)::Url field with invalid input" class="Hyde\Publications\Testing\Feature\PublicationFieldValueTest" classname="Hyde.Publications.Testing.Feature.PublicationFieldValueTest" assertions="2" time="0.019565"/>
        <testcase name="Media field construct" file="Publication Field Value (Hyde\Publications\Testing\Feature\PublicationFieldValue)::Media field construct" class="Hyde\Publications\Testing\Feature\PublicationFieldValueTest" classname="Hyde.Publications.Testing.Feature.PublicationFieldValueTest" assertions="2" time="0.019553"/>
        <testcase name="Media field get value" file="Publication Field Value (Hyde\Publications\Testing\Feature\PublicationFieldValue)::Media field get value" class="Hyde\Publications\Testing\Feature\PublicationFieldValueTest" classname="Hyde.Publications.Testing.Feature.PublicationFieldValueTest" assertions="1" time="0.019372"/>
        <testcase name="Media field to yaml" file="Publication Field Value (Hyde\Publications\Testing\Feature\PublicationFieldValue)::Media field to yaml" class="Hyde\Publications\Testing\Feature\PublicationFieldValueTest" classname="Hyde.Publications.Testing.Feature.PublicationFieldValueTest" assertions="1" time="0.019475"/>
        <testcase name="Tag field construct" file="Publication Field Value (Hyde\Publications\Testing\Feature\PublicationFieldValue)::Tag field construct" class="Hyde\Publications\Testing\Feature\PublicationFieldValueTest" classname="Hyde.Publications.Testing.Feature.PublicationFieldValueTest" assertions="2" time="0.019612"/>
        <testcase name="Tag field get value" file="Publication Field Value (Hyde\Publications\Testing\Feature\PublicationFieldValue)::Tag field get value" class="Hyde\Publications\Testing\Feature\PublicationFieldValueTest" classname="Hyde.Publications.Testing.Feature.PublicationFieldValueTest" assertions="1" time="0.019491"/>
        <testcase name="Tag field to yaml" file="Publication Field Value (Hyde\Publications\Testing\Feature\PublicationFieldValue)::Tag field to yaml" class="Hyde\Publications\Testing\Feature\PublicationFieldValueTest" classname="Hyde.Publications.Testing.Feature.PublicationFieldValueTest" assertions="1" time="0.019676"/>
        <testcase name="Tag field with array input" file="Publication Field Value (Hyde\Publications\Testing\Feature\PublicationFieldValue)::Tag field with array input" class="Hyde\Publications\Testing\Feature\PublicationFieldValueTest" classname="Hyde.Publications.Testing.Feature.PublicationFieldValueTest" assertions="1" time="0.019632"/>
        <testcase name="Tag field parsing options" file="Publication Field Value (Hyde\Publications\Testing\Feature\PublicationFieldValue)::Tag field parsing options" class="Hyde\Publications\Testing\Feature\PublicationFieldValueTest" classname="Hyde.Publications.Testing.Feature.PublicationFieldValueTest" assertions="8" time="0.020408"/>
        <testcase name="Default validation rules" file="Publication Field Value (Hyde\Publications\Testing\Feature\PublicationFieldValue)::Default validation rules" class="Hyde\Publications\Testing\Feature\PublicationFieldValueTest" classname="Hyde.Publications.Testing.Feature.PublicationFieldValueTest" assertions="10" time="0.020596"/>
      </testsuite>
      <testsuite name="Hyde\Publications\Testing\Feature\PublicationListPageTest" file="Publication List Page (Hyde\Publications\Testing\Feature\PublicationListPage)" tests="4" assertions="7" errors="0" failures="0" skipped="0" time="0.179323">
        <testcase name="Source path mappings" file="Publication List Page (Hyde\Publications\Testing\Feature\PublicationListPage)::Source path mappings" class="Hyde\Publications\Testing\Feature\PublicationListPageTest" classname="Hyde.Publications.Testing.Feature.PublicationListPageTest" assertions="4" time="0.098431"/>
        <testcase name="Listing page can be compiled" file="Publication List Page (Hyde\Publications\Testing\Feature\PublicationListPage)::Listing page can be compiled" class="Hyde\Publications\Testing\Feature\PublicationListPageTest" classname="Hyde.Publications.Testing.Feature.PublicationListPageTest" assertions="1" time="0.038666"/>
        <testcase name="List page can show up in navigation" file="Publication List Page (Hyde\Publications\Testing\Feature\PublicationListPage)::List page can show up in navigation" class="Hyde\Publications\Testing\Feature\PublicationListPageTest" classname="Hyde.Publications.Testing.Feature.PublicationListPageTest" assertions="1" time="0.020918"/>
        <testcase name="List page is not added to navigation when publication identifier is set in config" file="Publication List Page (Hyde\Publications\Testing\Feature\PublicationListPage)::List page is not added to navigation when publication identifier is set in config" class="Hyde\Publications\Testing\Feature\PublicationListPageTest" classname="Hyde.Publications.Testing.Feature.PublicationListPageTest" assertions="1" time="0.021309"/>
      </testsuite>
      <testsuite name="Hyde\Publications\Testing\Feature\PublicationPageCompilerTest" file="Publication Page Compiler (Hyde\Publications\Testing\Feature\PublicationPageCompiler)" tests="8" assertions="10" errors="0" failures="0" skipped="0" time="0.213651">
        <testcase name="Can compile publication pages" file="Publication Page Compiler (Hyde\Publications\Testing\Feature\PublicationPageCompiler)::Can compile publication pages" class="Hyde\Publications\Testing\Feature\PublicationPageCompilerTest" classname="Hyde.Publications.Testing.Feature.PublicationPageCompilerTest" assertions="1" time="0.029094"/>
        <testcase name="Can compile list pages" file="Publication Page Compiler (Hyde\Publications\Testing\Feature\PublicationPageCompiler)::Can compile list pages" class="Hyde\Publications\Testing\Feature\PublicationPageCompilerTest" classname="Hyde.Publications.Testing.Feature.PublicationPageCompilerTest" assertions="1" time="0.029369"/>
        <testcase name="Can compile publication pages with registered view" file="Publication Page Compiler (Hyde\Publications\Testing\Feature\PublicationPageCompiler)::Can compile publication pages with registered view" class="Hyde\Publications\Testing\Feature\PublicationPageCompilerTest" classname="Hyde.Publications.Testing.Feature.PublicationPageCompilerTest" assertions="1" time="0.027990"/>
        <testcase name="Can compile list pages with registered view" file="Publication Page Compiler (Hyde\Publications\Testing\Feature\PublicationPageCompiler)::Can compile list pages with registered view" class="Hyde\Publications\Testing\Feature\PublicationPageCompilerTest" classname="Hyde.Publications.Testing.Feature.PublicationPageCompilerTest" assertions="1" time="0.024786"/>
        <testcase name="Can compile publication pages with registered namespaced view" file="Publication Page Compiler (Hyde\Publications\Testing\Feature\PublicationPageCompiler)::Can compile publication pages with registered namespaced view" class="Hyde\Publications\Testing\Feature\PublicationPageCompilerTest" classname="Hyde.Publications.Testing.Feature.PublicationPageCompilerTest" assertions="1" time="0.035366"/>
        <testcase name="Can compile list pages with registered namespaced view" file="Publication Page Compiler (Hyde\Publications\Testing\Feature\PublicationPageCompiler)::Can compile list pages with registered namespaced view" class="Hyde\Publications\Testing\Feature\PublicationPageCompilerTest" classname="Hyde.Publications.Testing.Feature.PublicationPageCompilerTest" assertions="1" time="0.022872"/>
        <testcase name="With missing detail blade view" file="Publication Page Compiler (Hyde\Publications\Testing\Feature\PublicationPageCompiler)::With missing detail blade view" class="Hyde\Publications\Testing\Feature\PublicationPageCompilerTest" classname="Hyde.Publications.Testing.Feature.PublicationPageCompilerTest" assertions="2" time="0.022115"/>
        <testcase name="With missing list blade view" file="Publication Page Compiler (Hyde\Publications\Testing\Feature\PublicationPageCompiler)::With missing list blade view" class="Hyde\Publications\Testing\Feature\PublicationPageCompilerTest" classname="Hyde.Publications.Testing.Feature.PublicationPageCompilerTest" assertions="2" time="0.022059"/>
      </testsuite>
      <testsuite name="Hyde\Publications\Testing\Feature\PublicationPageTest" file="Publication Page (Hyde\Publications\Testing\Feature\PublicationPage)" tests="8" assertions="27" errors="0" failures="0" skipped="0" time="0.216327">
        <testcase name="Source path mappings" file="Publication Page (Hyde\Publications\Testing\Feature\PublicationPage)::Source path mappings" class="Hyde\Publications\Testing\Feature\PublicationPageTest" classname="Hyde.Publications.Testing.Feature.PublicationPageTest" assertions="4" time="0.032896"/>
        <testcase name="Publication pages are routable" file="Publication Page (Hyde\Publications\Testing\Feature\PublicationPage)::Publication pages are routable" class="Hyde\Publications\Testing\Feature\PublicationPageTest" classname="Hyde.Publications.Testing.Feature.PublicationPageTest" assertions="5" time="0.028553"/>
        <testcase name="Publication pages are discoverable" file="Publication Page (Hyde\Publications\Testing\Feature\PublicationPage)::Publication pages are discoverable" class="Hyde\Publications\Testing\Feature\PublicationPageTest" classname="Hyde.Publications.Testing.Feature.PublicationPageTest" assertions="1" time="0.028455"/>
        <testcase name="Publication pages are properly parsed" file="Publication Page (Hyde\Publications\Testing\Feature\PublicationPage)::Publication pages are properly parsed" class="Hyde\Publications\Testing\Feature\PublicationPageTest" classname="Hyde.Publications.Testing.Feature.PublicationPageTest" assertions="6" time="0.028459"/>
        <testcase name="Publication pages are parsable" file="Publication Page (Hyde\Publications\Testing\Feature\PublicationPage)::Publication pages are parsable" class="Hyde\Publications\Testing\Feature\PublicationPageTest" classname="Hyde.Publications.Testing.Feature.PublicationPageTest" assertions="6" time="0.022998"/>
        <testcase name="Publication pages are compilable" file="Publication Page (Hyde\Publications\Testing\Feature\PublicationPage)::Publication pages are compilable" class="Hyde\Publications\Testing\Feature\PublicationPageTest" classname="Hyde.Publications.Testing.Feature.PublicationPageTest" assertions="1" time="0.029479"/>
        <testcase name="Identifier passed constructor is normalized" file="Publication Page (Hyde\Publications\Testing\Feature\PublicationPage)::Identifier passed constructor is normalized" class="Hyde\Publications\Testing\Feature\PublicationPageTest" classname="Hyde.Publications.Testing.Feature.PublicationPageTest" assertions="3" time="0.023443"/>
        <testcase name="Identifier normalizer does not affect directory with same name as identifier" file="Publication Page (Hyde\Publications\Testing\Feature\PublicationPage)::Identifier normalizer does not affect directory with same name as identifier" class="Hyde\Publications\Testing\Feature\PublicationPageTest" classname="Hyde.Publications.Testing.Feature.PublicationPageTest" assertions="1" time="0.022044"/>
      </testsuite>
      <testsuite name="Hyde\Publications\Testing\Feature\PublicationPageUnitTest" file="Publication Page Unit (Hyde\Publications\Testing\Feature\PublicationPageUnit)" tests="34" assertions="36" errors="0" failures="0" skipped="0" time="0.758193">
        <testcase name="Source directory" file="Publication Page Unit (Hyde\Publications\Testing\Feature\PublicationPageUnit)::Source directory" class="Hyde\Publications\Testing\Feature\PublicationPageUnitTest" classname="Hyde.Publications.Testing.Feature.PublicationPageUnitTest" assertions="1" time="0.044834"/>
        <testcase name="Output directory" file="Publication Page Unit (Hyde\Publications\Testing\Feature\PublicationPageUnit)::Output directory" class="Hyde\Publications\Testing\Feature\PublicationPageUnitTest" classname="Hyde.Publications.Testing.Feature.PublicationPageUnitTest" assertions="1" time="0.019586"/>
        <testcase name="File extension" file="Publication Page Unit (Hyde\Publications\Testing\Feature\PublicationPageUnit)::File extension" class="Hyde\Publications\Testing\Feature\PublicationPageUnitTest" classname="Hyde.Publications.Testing.Feature.PublicationPageUnitTest" assertions="1" time="0.019354"/>
        <testcase name="Source path" file="Publication Page Unit (Hyde\Publications\Testing\Feature\PublicationPageUnit)::Source path" class="Hyde\Publications\Testing\Feature\PublicationPageUnitTest" classname="Hyde.Publications.Testing.Feature.PublicationPageUnitTest" assertions="1" time="0.019298"/>
        <testcase name="Output path" file="Publication Page Unit (Hyde\Publications\Testing\Feature\PublicationPageUnit)::Output path" class="Hyde\Publications\Testing\Feature\PublicationPageUnitTest" classname="Hyde.Publications.Testing.Feature.PublicationPageUnitTest" assertions="1" time="0.019435"/>
        <testcase name="Path" file="Publication Page Unit (Hyde\Publications\Testing\Feature\PublicationPageUnit)::Path" class="Hyde\Publications\Testing\Feature\PublicationPageUnitTest" classname="Hyde.Publications.Testing.Feature.PublicationPageUnitTest" assertions="1" time="0.019360"/>
        <testcase name="Get source path" file="Publication Page Unit (Hyde\Publications\Testing\Feature\PublicationPageUnit)::Get source path" class="Hyde\Publications\Testing\Feature\PublicationPageUnitTest" classname="Hyde.Publications.Testing.Feature.PublicationPageUnitTest" assertions="1" time="0.020884"/>
        <testcase name="Get output path" file="Publication Page Unit (Hyde\Publications\Testing\Feature\PublicationPageUnit)::Get output path" class="Hyde\Publications\Testing\Feature\PublicationPageUnitTest" classname="Hyde.Publications.Testing.Feature.PublicationPageUnitTest" assertions="1" time="0.020628"/>
        <testcase name="Get link" file="Publication Page Unit (Hyde\Publications\Testing\Feature\PublicationPageUnit)::Get link" class="Hyde\Publications\Testing\Feature\PublicationPageUnitTest" classname="Hyde.Publications.Testing.Feature.PublicationPageUnitTest" assertions="1" time="0.020632"/>
        <testcase name="Make" file="Publication Page Unit (Hyde\Publications\Testing\Feature\PublicationPageUnit)::Make" class="Hyde\Publications\Testing\Feature\PublicationPageUnitTest" classname="Hyde.Publications.Testing.Feature.PublicationPageUnitTest" assertions="1" time="0.022094"/>
        <testcase name="Make with data" file="Publication Page Unit (Hyde\Publications\Testing\Feature\PublicationPageUnit)::Make with data" class="Hyde\Publications\Testing\Feature\PublicationPageUnitTest" classname="Hyde.Publications.Testing.Feature.PublicationPageUnitTest" assertions="1" time="0.022176"/>
        <testcase name="Show in navigation" file="Publication Page Unit (Hyde\Publications\Testing\Feature\PublicationPageUnit)::Show in navigation" class="Hyde\Publications\Testing\Feature\PublicationPageUnitTest" classname="Hyde.Publications.Testing.Feature.PublicationPageUnitTest" assertions="1" time="0.020552"/>
        <testcase name="Navigation menu priority" file="Publication Page Unit (Hyde\Publications\Testing\Feature\PublicationPageUnit)::Navigation menu priority" class="Hyde\Publications\Testing\Feature\PublicationPageUnitTest" classname="Hyde.Publications.Testing.Feature.PublicationPageUnitTest" assertions="1" time="0.020763"/>
        <testcase name="Navigation menu label" file="Publication Page Unit (Hyde\Publications\Testing\Feature\PublicationPageUnit)::Navigation menu label" class="Hyde\Publications\Testing\Feature\PublicationPageUnitTest" classname="Hyde.Publications.Testing.Feature.PublicationPageUnitTest" assertions="1" time="0.020544"/>
        <testcase name="Navigation menu group" file="Publication Page Unit (Hyde\Publications\Testing\Feature\PublicationPageUnit)::Navigation menu group" class="Hyde\Publications\Testing\Feature\PublicationPageUnitTest" classname="Hyde.Publications.Testing.Feature.PublicationPageUnitTest" assertions="1" time="0.020628"/>
        <testcase name="Get blade view" file="Publication Page Unit (Hyde\Publications\Testing\Feature\PublicationPageUnit)::Get blade view" class="Hyde\Publications\Testing\Feature\PublicationPageUnitTest" classname="Hyde.Publications.Testing.Feature.PublicationPageUnitTest" assertions="1" time="0.020706"/>
        <testcase name="Files" file="Publication Page Unit (Hyde\Publications\Testing\Feature\PublicationPageUnit)::Files" class="Hyde\Publications\Testing\Feature\PublicationPageUnitTest" classname="Hyde.Publications.Testing.Feature.PublicationPageUnitTest" assertions="1" time="0.023604"/>
        <testcase name="Data" file="Publication Page Unit (Hyde\Publications\Testing\Feature\PublicationPageUnit)::Data" class="Hyde\Publications\Testing\Feature\PublicationPageUnitTest" classname="Hyde.Publications.Testing.Feature.PublicationPageUnitTest" assertions="1" time="0.020529"/>
        <testcase name="Get" file="Publication Page Unit (Hyde\Publications\Testing\Feature\PublicationPageUnit)::Get" class="Hyde\Publications\Testing\Feature\PublicationPageUnitTest" classname="Hyde.Publications.Testing.Feature.PublicationPageUnitTest" assertions="1" time="0.024013"/>
        <testcase name="Parse" file="Publication Page Unit (Hyde\Publications\Testing\Feature\PublicationPageUnit)::Parse" class="Hyde\Publications\Testing\Feature\PublicationPageUnitTest" classname="Hyde.Publications.Testing.Feature.PublicationPageUnitTest" assertions="1" time="0.022229"/>
        <testcase name="Get route key" file="Publication Page Unit (Hyde\Publications\Testing\Feature\PublicationPageUnit)::Get route key" class="Hyde\Publications\Testing\Feature\PublicationPageUnitTest" classname="Hyde.Publications.Testing.Feature.PublicationPageUnitTest" assertions="1" time="0.020880"/>
        <testcase name="Title" file="Publication Page Unit (Hyde\Publications\Testing\Feature\PublicationPageUnit)::Title" class="Hyde\Publications\Testing\Feature\PublicationPageUnitTest" classname="Hyde.Publications.Testing.Feature.PublicationPageUnitTest" assertions="1" time="0.020590"/>
        <testcase name="All" file="Publication Page Unit (Hyde\Publications\Testing\Feature\PublicationPageUnit)::All" class="Hyde\Publications\Testing\Feature\PublicationPageUnitTest" classname="Hyde.Publications.Testing.Feature.PublicationPageUnitTest" assertions="1" time="0.023173"/>
        <testcase name="Metadata" file="Publication Page Unit (Hyde\Publications\Testing\Feature\PublicationPageUnit)::Metadata" class="Hyde\Publications\Testing\Feature\PublicationPageUnitTest" classname="Hyde.Publications.Testing.Feature.PublicationPageUnitTest" assertions="1" time="0.020504"/>
        <testcase name="Construct" file="Publication Page Unit (Hyde\Publications\Testing\Feature\PublicationPageUnit)::Construct" class="Hyde\Publications\Testing\Feature\PublicationPageUnitTest" classname="Hyde.Publications.Testing.Feature.PublicationPageUnitTest" assertions="1" time="0.020660"/>
        <testcase name="Get route" file="Publication Page Unit (Hyde\Publications\Testing\Feature\PublicationPageUnit)::Get route" class="Hyde\Publications\Testing\Feature\PublicationPageUnitTest" classname="Hyde.Publications.Testing.Feature.PublicationPageUnitTest" assertions="1" time="0.023936"/>
        <testcase name="Get identifier" file="Publication Page Unit (Hyde\Publications\Testing\Feature\PublicationPageUnit)::Get identifier" class="Hyde\Publications\Testing\Feature\PublicationPageUnitTest" classname="Hyde.Publications.Testing.Feature.PublicationPageUnitTest" assertions="1" time="0.020540"/>
        <testcase name="Has" file="Publication Page Unit (Hyde\Publications\Testing\Feature\PublicationPageUnit)::Has" class="Hyde\Publications\Testing\Feature\PublicationPageUnitTest" classname="Hyde.Publications.Testing.Feature.PublicationPageUnitTest" assertions="1" time="0.020601"/>
        <testcase name="To core data object" file="Publication Page Unit (Hyde\Publications\Testing\Feature\PublicationPageUnit)::To core data object" class="Hyde\Publications\Testing\Feature\PublicationPageUnitTest" classname="Hyde.Publications.Testing.Feature.PublicationPageUnitTest" assertions="1" time="0.020615"/>
        <testcase name="Compile" file="Publication Page Unit (Hyde\Publications\Testing\Feature\PublicationPageUnit)::Compile" class="Hyde\Publications\Testing\Feature\PublicationPageUnitTest" classname="Hyde.Publications.Testing.Feature.PublicationPageUnitTest" assertions="1" time="0.026041"/>
        <testcase name="Matter" file="Publication Page Unit (Hyde\Publications\Testing\Feature\PublicationPageUnit)::Matter" class="Hyde\Publications\Testing\Feature\PublicationPageUnitTest" classname="Hyde.Publications.Testing.Feature.PublicationPageUnitTest" assertions="1" time="0.020529"/>
        <testcase name="Markdown" file="Publication Page Unit (Hyde\Publications\Testing\Feature\PublicationPageUnit)::Markdown" class="Hyde\Publications\Testing\Feature\PublicationPageUnitTest" classname="Hyde.Publications.Testing.Feature.PublicationPageUnitTest" assertions="1" time="0.020549"/>
        <testcase name="Save" file="Publication Page Unit (Hyde\Publications\Testing\Feature\PublicationPageUnit)::Save" class="Hyde\Publications\Testing\Feature\PublicationPageUnitTest" classname="Hyde.Publications.Testing.Feature.PublicationPageUnitTest" assertions="2" time="0.021714"/>
        <testcase name="Get type" file="Publication Page Unit (Hyde\Publications\Testing\Feature\PublicationPageUnit)::Get type" class="Hyde\Publications\Testing\Feature\PublicationPageUnitTest" classname="Hyde.Publications.Testing.Feature.PublicationPageUnitTest" assertions="2" time="0.036013"/>
      </testsuite>
      <testsuite name="Hyde\Publications\Testing\Feature\PublicationPageValidatorTest" file="Publication Page Validator (Hyde\Publications\Testing\Feature\PublicationPageValidator)" tests="5" assertions="5" errors="0" failures="0" skipped="0" time="0.181897">
        <testcase name="Validate page file" file="Publication Page Validator (Hyde\Publications\Testing\Feature\PublicationPageValidator)::Validate page file" class="Hyde\Publications\Testing\Feature\PublicationPageValidatorTest" classname="Hyde.Publications.Testing.Feature.PublicationPageValidatorTest" assertions="1" time="0.092990"/>
        <testcase name="Validate page file with invalid fields" file="Publication Page Validator (Hyde\Publications\Testing\Feature\PublicationPageValidator)::Validate page file with invalid fields" class="Hyde\Publications\Testing\Feature\PublicationPageValidatorTest" classname="Hyde.Publications.Testing.Feature.PublicationPageValidatorTest" assertions="1" time="0.022871"/>
        <testcase name="Validate page file with invalid data buffered" file="Publication Page Validator (Hyde\Publications\Testing\Feature\PublicationPageValidator)::Validate page file with invalid data buffered" class="Hyde\Publications\Testing\Feature\PublicationPageValidatorTest" classname="Hyde.Publications.Testing.Feature.PublicationPageValidatorTest" assertions="1" time="0.022742"/>
        <testcase name="Warnings with warnings" file="Publication Page Validator (Hyde\Publications\Testing\Feature\PublicationPageValidator)::Warnings with warnings" class="Hyde\Publications\Testing\Feature\PublicationPageValidatorTest" classname="Hyde.Publications.Testing.Feature.PublicationPageValidatorTest" assertions="1" time="0.021640"/>
        <testcase name="Warnings without warnings" file="Publication Page Validator (Hyde\Publications\Testing\Feature\PublicationPageValidator)::Warnings without warnings" class="Hyde\Publications\Testing\Feature\PublicationPageValidatorTest" classname="Hyde.Publications.Testing.Feature.PublicationPageValidatorTest" assertions="1" time="0.021654"/>
      </testsuite>
      <testsuite name="Hyde\Publications\Testing\Feature\PublicationSchemaValidatorTest" file="Publication Schema Validator (Hyde\Publications\Testing\Feature\PublicationSchemaValidator)" tests="4" assertions="4" errors="0" failures="0" skipped="0" time="0.117381">
        <testcase name="Validate schema file" file="Publication Schema Validator (Hyde\Publications\Testing\Feature\PublicationSchemaValidator)::Validate schema file" class="Hyde\Publications\Testing\Feature\PublicationSchemaValidatorTest" classname="Hyde.Publications.Testing.Feature.PublicationSchemaValidatorTest" assertions="1" time="0.044374"/>
        <testcase name="Validate schema file with invalid schema" file="Publication Schema Validator (Hyde\Publications\Testing\Feature\PublicationSchemaValidator)::Validate schema file with invalid schema" class="Hyde\Publications\Testing\Feature\PublicationSchemaValidatorTest" classname="Hyde.Publications.Testing.Feature.PublicationSchemaValidatorTest" assertions="1" time="0.024115"/>
        <testcase name="Validate schema file with invalid fields" file="Publication Schema Validator (Hyde\Publications\Testing\Feature\PublicationSchemaValidator)::Validate schema file with invalid fields" class="Hyde\Publications\Testing\Feature\PublicationSchemaValidatorTest" classname="Hyde.Publications.Testing.Feature.PublicationSchemaValidatorTest" assertions="1" time="0.023797"/>
        <testcase name="Validate schema file with invalid data buffered" file="Publication Schema Validator (Hyde\Publications\Testing\Feature\PublicationSchemaValidator)::Validate schema file with invalid data buffered" class="Hyde\Publications\Testing\Feature\PublicationSchemaValidatorTest" classname="Hyde.Publications.Testing.Feature.PublicationSchemaValidatorTest" assertions="1" time="0.025095"/>
      </testsuite>
      <testsuite name="Hyde\Publications\Testing\Feature\PublicationServiceTest" file="Publication Service (Hyde\Publications\Testing\Feature\PublicationService)" tests="21" assertions="24" errors="0" failures="0" skipped="0" time="0.596163">
        <testcase name="Get publication types" file="Publication Service (Hyde\Publications\Testing\Feature\PublicationService)::Get publication types" class="Hyde\Publications\Testing\Feature\PublicationServiceTest" classname="Hyde.Publications.Testing.Feature.PublicationServiceTest" assertions="1" time="0.026339"/>
        <testcase name="Get publication types with types" file="Publication Service (Hyde\Publications\Testing\Feature\PublicationService)::Get publication types with types" class="Hyde\Publications\Testing\Feature\PublicationServiceTest" classname="Hyde.Publications.Testing.Feature.PublicationServiceTest" assertions="1" time="0.025871"/>
        <testcase name="Get publication types method returns the same instances" file="Publication Service (Hyde\Publications\Testing\Feature\PublicationService)::Get publication types method returns the same instances" class="Hyde\Publications\Testing\Feature\PublicationServiceTest" classname="Hyde.Publications.Testing.Feature.PublicationServiceTest" assertions="1" time="0.020572"/>
        <testcase name="Get publications for pub type" file="Publication Service (Hyde\Publications\Testing\Feature\PublicationService)::Get publications for pub type" class="Hyde\Publications\Testing\Feature\PublicationServiceTest" classname="Hyde.Publications.Testing.Feature.PublicationServiceTest" assertions="1" time="0.025302"/>
        <testcase name="Get publications for pub type with publications" file="Publication Service (Hyde\Publications\Testing\Feature\PublicationService)::Get publications for pub type with publications" class="Hyde\Publications\Testing\Feature\PublicationServiceTest" classname="Hyde.Publications.Testing.Feature.PublicationServiceTest" assertions="1" time="0.044507"/>
        <testcase name="Get publications for pub type only contains instances of publication page" file="Publication Service (Hyde\Publications\Testing\Feature\PublicationService)::Get publications for pub type only contains instances of publication page" class="Hyde\Publications\Testing\Feature\PublicationServiceTest" classname="Hyde.Publications.Testing.Feature.PublicationServiceTest" assertions="1" time="0.028457"/>
        <testcase name="Get publications for pub type sorts publications by sort field" file="Publication Service (Hyde\Publications\Testing\Feature\PublicationService)::Get publications for pub type sorts publications by sort field" class="Hyde\Publications\Testing\Feature\PublicationServiceTest" classname="Hyde.Publications.Testing.Feature.PublicationServiceTest" assertions="1" time="0.038913"/>
        <testcase name="Get publications for pub type sorts publications with specified direction" file="Publication Service (Hyde\Publications\Testing\Feature\PublicationService)::Get publications for pub type sorts publications with specified direction" class="Hyde\Publications\Testing\Feature\PublicationServiceTest" classname="Hyde.Publications.Testing.Feature.PublicationServiceTest" assertions="1" time="0.038774"/>
        <testcase name="Get publications for pub type sorts publications by new sort field" file="Publication Service (Hyde\Publications\Testing\Feature\PublicationService)::Get publications for pub type sorts publications by new sort field" class="Hyde\Publications\Testing\Feature\PublicationServiceTest" classname="Hyde.Publications.Testing.Feature.PublicationServiceTest" assertions="1" time="0.039802"/>
        <testcase name="Get publications for pub type sorts publications by new sort field descending" file="Publication Service (Hyde\Publications\Testing\Feature\PublicationService)::Get publications for pub type sorts publications by new sort field descending" class="Hyde\Publications\Testing\Feature\PublicationServiceTest" classname="Hyde.Publications.Testing.Feature.PublicationServiceTest" assertions="1" time="0.039060"/>
        <testcase name="Get publications for pub type with invalid sort field" file="Publication Service (Hyde\Publications\Testing\Feature\PublicationService)::Get publications for pub type with invalid sort field" class="Hyde\Publications\Testing\Feature\PublicationServiceTest" classname="Hyde.Publications.Testing.Feature.PublicationServiceTest" assertions="1" time="0.039050"/>
        <testcase name="Get media for pub type" file="Publication Service (Hyde\Publications\Testing\Feature\PublicationService)::Get media for pub type" class="Hyde\Publications\Testing\Feature\PublicationServiceTest" classname="Hyde.Publications.Testing.Feature.PublicationServiceTest" assertions="1" time="0.020983"/>
        <testcase name="Get media for pub type with media" file="Publication Service (Hyde\Publications\Testing\Feature\PublicationService)::Get media for pub type with media" class="Hyde\Publications\Testing\Feature\PublicationServiceTest" classname="Hyde.Publications.Testing.Feature.PublicationServiceTest" assertions="1" time="0.022009"/>
        <testcase name="Get media for pub type with custom media directory" file="Publication Service (Hyde\Publications\Testing\Feature\PublicationService)::Get media for pub type with custom media directory" class="Hyde\Publications\Testing\Feature\PublicationServiceTest" classname="Hyde.Publications.Testing.Feature.PublicationServiceTest" assertions="1" time="0.022007"/>
        <testcase name="Parse publication file" file="Publication Service (Hyde\Publications\Testing\Feature\PublicationService)::Parse publication file" class="Hyde\Publications\Testing\Feature\PublicationServiceTest" classname="Hyde.Publications.Testing.Feature.PublicationServiceTest" assertions="2" time="0.022677"/>
        <testcase name="Parse publication file with non existent file" file="Publication Service (Hyde\Publications\Testing\Feature\PublicationService)::Parse publication file with non existent file" class="Hyde\Publications\Testing\Feature\PublicationServiceTest" classname="Hyde.Publications.Testing.Feature.PublicationServiceTest" assertions="2" time="0.021023"/>
        <testcase name="Publication type exists" file="Publication Service (Hyde\Publications\Testing\Feature\PublicationService)::Publication type exists" class="Hyde\Publications\Testing\Feature\PublicationServiceTest" classname="Hyde.Publications.Testing.Feature.PublicationServiceTest" assertions="2" time="0.021063"/>
        <testcase name="Can get tags used in publications" file="Publication Service (Hyde\Publications\Testing\Feature\PublicationService)::Can get tags used in publications" class="Hyde\Publications\Testing\Feature\PublicationServiceTest" classname="Hyde.Publications.Testing.Feature.PublicationServiceTest" assertions="1" time="0.025090"/>
        <testcase name="Multiple occurring tags are aggregated uniquely" file="Publication Service (Hyde\Publications\Testing\Feature\PublicationService)::Multiple occurring tags are aggregated uniquely" class="Hyde\Publications\Testing\Feature\PublicationServiceTest" classname="Hyde.Publications.Testing.Feature.PublicationServiceTest" assertions="1" time="0.025502"/>
        <testcase name="All tags method finds both array and single tag values" file="Publication Service (Hyde\Publications\Testing\Feature\PublicationService)::All tags method finds both array and single tag values" class="Hyde\Publications\Testing\Feature\PublicationServiceTest" classname="Hyde.Publications.Testing.Feature.PublicationServiceTest" assertions="1" time="0.025298"/>
        <testcase name="All tags method returns empty array when there are no tags used" file="Publication Service (Hyde\Publications\Testing\Feature\PublicationService)::All tags method returns empty array when there are no tags used" class="Hyde\Publications\Testing\Feature\PublicationServiceTest" classname="Hyde.Publications.Testing.Feature.PublicationServiceTest" assertions="1" time="0.023866"/>
      </testsuite>
      <testsuite name="Hyde\Publications\Testing\Feature\PublicationTypeTest" file="Publication Type (Hyde\Publications\Testing\Feature\PublicationType)" tests="39" assertions="62" errors="0" failures="0" skipped="0" time="0.927680">
        <testcase name="Can construct new publication type" file="Publication Type (Hyde\Publications\Testing\Feature\PublicationType)::Can construct new publication type" class="Hyde\Publications\Testing\Feature\PublicationTypeTest" classname="Hyde.Publications.Testing.Feature.PublicationTypeTest" assertions="8" time="0.049555"/>
        <testcase name="Construct with default values" file="Publication Type (Hyde\Publications\Testing\Feature\PublicationType)::Construct with default values" class="Hyde\Publications\Testing\Feature\PublicationTypeTest" classname="Hyde.Publications.Testing.Feature.PublicationTypeTest" assertions="9" time="0.020032"/>
        <testcase name="Construct with pagination settings" file="Publication Type (Hyde\Publications\Testing\Feature\PublicationType)::Construct with pagination settings" class="Hyde\Publications\Testing\Feature\PublicationTypeTest" classname="Hyde.Publications.Testing.Feature.PublicationTypeTest" assertions="3" time="0.019634"/>
        <testcase name="Class is arrayable" file="Publication Type (Hyde\Publications\Testing\Feature\PublicationType)::Class is arrayable" class="Hyde\Publications\Testing\Feature\PublicationTypeTest" classname="Hyde.Publications.Testing.Feature.PublicationTypeTest" assertions="1" time="0.019850"/>
        <testcase name="Class is json serializable" file="Publication Type (Hyde\Publications\Testing\Feature\PublicationType)::Class is json serializable" class="Hyde\Publications\Testing\Feature\PublicationTypeTest" classname="Hyde.Publications.Testing.Feature.PublicationTypeTest" assertions="1" time="0.026574"/>
        <testcase name="Class is jsonable" file="Publication Type (Hyde\Publications\Testing\Feature\PublicationType)::Class is jsonable" class="Hyde\Publications\Testing\Feature\PublicationTypeTest" classname="Hyde.Publications.Testing.Feature.PublicationTypeTest" assertions="1" time="0.019749"/>
        <testcase name="Get directory" file="Publication Type (Hyde\Publications\Testing\Feature\PublicationType)::Get directory" class="Hyde\Publications\Testing\Feature\PublicationTypeTest" classname="Hyde.Publications.Testing.Feature.PublicationTypeTest" assertions="1" time="0.019457"/>
        <testcase name="Get identifier" file="Publication Type (Hyde\Publications\Testing\Feature\PublicationType)::Get identifier" class="Hyde\Publications\Testing\Feature\PublicationTypeTest" classname="Hyde.Publications.Testing.Feature.PublicationTypeTest" assertions="1" time="0.019585"/>
        <testcase name="Get identifier with no directory" file="Publication Type (Hyde\Publications\Testing\Feature\PublicationType)::Get identifier with no directory" class="Hyde\Publications\Testing\Feature\PublicationTypeTest" classname="Hyde.Publications.Testing.Feature.PublicationTypeTest" assertions="1" time="0.034908"/>
        <testcase name="Can save to json file" file="Publication Type (Hyde\Publications\Testing\Feature\PublicationType)::Can save to json file" class="Hyde\Publications\Testing\Feature\PublicationTypeTest" classname="Hyde.Publications.Testing.Feature.PublicationTypeTest" assertions="2" time="0.021792"/>
        <testcase name="Can save to json file using custom path" file="Publication Type (Hyde\Publications\Testing\Feature\PublicationType)::Can save to json file using custom path" class="Hyde\Publications\Testing\Feature\PublicationTypeTest" classname="Hyde.Publications.Testing.Feature.PublicationTypeTest" assertions="2" time="0.020954"/>
        <testcase name="Can load from json file" file="Publication Type (Hyde\Publications\Testing\Feature\PublicationType)::Can load from json file" class="Hyde\Publications\Testing\Feature\PublicationTypeTest" classname="Hyde.Publications.Testing.Feature.PublicationTypeTest" assertions="1" time="0.021149"/>
        <testcase name="Can load fields with validation rules" file="Publication Type (Hyde\Publications\Testing\Feature\PublicationType)::Can load fields with validation rules" class="Hyde\Publications\Testing\Feature\PublicationTypeTest" classname="Hyde.Publications.Testing.Feature.PublicationTypeTest" assertions="1" time="0.020836"/>
        <testcase name="Get fields method returns collection of field objects" file="Publication Type (Hyde\Publications\Testing\Feature\PublicationType)::Get fields method returns collection of field objects" class="Hyde\Publications\Testing\Feature\PublicationTypeTest" classname="Hyde.Publications.Testing.Feature.PublicationTypeTest" assertions="4" time="0.020074"/>
        <testcase name="Get field method parses publication fields from schema file" file="Publication Type (Hyde\Publications\Testing\Feature\PublicationType)::Get field method parses publication fields from schema file" class="Hyde\Publications\Testing\Feature\PublicationTypeTest" classname="Hyde.Publications.Testing.Feature.PublicationTypeTest" assertions="1" time="0.021269"/>
        <testcase name="Get field method parses publication fields with option properties from schema file" file="Publication Type (Hyde\Publications\Testing\Feature\PublicationType)::Get field method parses publication fields with option properties from schema file" class="Hyde\Publications\Testing\Feature\PublicationTypeTest" classname="Hyde.Publications.Testing.Feature.PublicationTypeTest" assertions="1" time="0.021267"/>
        <testcase name="Get method can find existing file on disk" file="Publication Type (Hyde\Publications\Testing\Feature\PublicationType)::Get method can find existing file on disk" class="Hyde\Publications\Testing\Feature\PublicationTypeTest" classname="Hyde.Publications.Testing.Feature.PublicationTypeTest" assertions="1" time="0.021088"/>
        <testcase name="Get method fails if publication type does not exist" file="Publication Type (Hyde\Publications\Testing\Feature\PublicationType)::Get method fails if publication type does not exist" class="Hyde\Publications\Testing\Feature\PublicationTypeTest" classname="Hyde.Publications.Testing.Feature.PublicationTypeTest" assertions="2" time="0.019792"/>
        <testcase name="Get list page" file="Publication Type (Hyde\Publications\Testing\Feature\PublicationType)::Get list page" class="Hyde\Publications\Testing\Feature\PublicationTypeTest" classname="Hyde.Publications.Testing.Feature.PublicationTypeTest" assertions="1" time="0.022003"/>
        <testcase name="Get field definition" file="Publication Type (Hyde\Publications\Testing\Feature\PublicationType)::Get field definition" class="Hyde\Publications\Testing\Feature\PublicationTypeTest" classname="Hyde.Publications.Testing.Feature.PublicationTypeTest" assertions="1" time="0.019471"/>
        <testcase name="Get field definition with missing field" file="Publication Type (Hyde\Publications\Testing\Feature\PublicationType)::Get field definition with missing field" class="Hyde\Publications\Testing\Feature\PublicationTypeTest" classname="Hyde.Publications.Testing.Feature.PublicationTypeTest" assertions="1" time="0.019791"/>
        <testcase name="Get canonical field definition" file="Publication Type (Hyde\Publications\Testing\Feature\PublicationType)::Get canonical field definition" class="Hyde\Publications\Testing\Feature\PublicationTypeTest" classname="Hyde.Publications.Testing.Feature.PublicationTypeTest" assertions="1" time="0.019688"/>
        <testcase name="Get canonical field definition with meta field as canonical" file="Publication Type (Hyde\Publications\Testing\Feature\PublicationType)::Get canonical field definition with meta field as canonical" class="Hyde\Publications\Testing\Feature\PublicationTypeTest" classname="Hyde.Publications.Testing.Feature.PublicationTypeTest" assertions="1" time="0.019776"/>
        <testcase name="Get publications" file="Publication Type (Hyde\Publications\Testing\Feature\PublicationType)::Get publications" class="Hyde\Publications\Testing\Feature\PublicationTypeTest" classname="Hyde.Publications.Testing.Feature.PublicationTypeTest" assertions="1" time="0.023770"/>
        <testcase name="Get paginator" file="Publication Type (Hyde\Publications\Testing\Feature\PublicationType)::Get paginator" class="Hyde\Publications\Testing\Feature\PublicationTypeTest" classname="Hyde.Publications.Testing.Feature.PublicationTypeTest" assertions="1" time="0.023498"/>
        <testcase name="Get paginator with custom publication type pagination settings" file="Publication Type (Hyde\Publications\Testing\Feature\PublicationType)::Get paginator with custom publication type pagination settings" class="Hyde\Publications\Testing\Feature\PublicationTypeTest" classname="Hyde.Publications.Testing.Feature.PublicationTypeTest" assertions="1" time="0.023743"/>
        <testcase name="Get paginator sorts collection by specified pagination settings" file="Publication Type (Hyde\Publications\Testing\Feature\PublicationType)::Get paginator sorts collection by specified pagination settings" class="Hyde\Publications\Testing\Feature\PublicationTypeTest" classname="Hyde.Publications.Testing.Feature.PublicationTypeTest" assertions="1" time="0.047124"/>
        <testcase name="Get paginator sorts collection by specified pagination settings with descending sort" file="Publication Type (Hyde\Publications\Testing\Feature\PublicationType)::Get paginator sorts collection by specified pagination settings with descending sort" class="Hyde\Publications\Testing\Feature\PublicationTypeTest" classname="Hyde.Publications.Testing.Feature.PublicationTypeTest" assertions="1" time="0.046933"/>
        <testcase name="Uses pagination returns true when pagination should be enabled" file="Publication Type (Hyde\Publications\Testing\Feature\PublicationType)::Uses pagination returns true when pagination should be enabled" class="Hyde\Publications\Testing\Feature\PublicationTypeTest" classname="Hyde.Publications.Testing.Feature.PublicationTypeTest" assertions="1" time="0.031490"/>
        <testcase name="Uses pagination returns false when page size is set to nought" file="Publication Type (Hyde\Publications\Testing\Feature\PublicationType)::Uses pagination returns false when page size is set to nought" class="Hyde\Publications\Testing\Feature\PublicationTypeTest" classname="Hyde.Publications.Testing.Feature.PublicationTypeTest" assertions="1" time="0.021092"/>
        <testcase name="Uses pagination returns false when number of pages is less than page size" file="Publication Type (Hyde\Publications\Testing\Feature\PublicationType)::Uses pagination returns false when number of pages is less than page size" class="Hyde\Publications\Testing\Feature\PublicationTypeTest" classname="Hyde.Publications.Testing.Feature.PublicationTypeTest" assertions="1" time="0.030282"/>
        <testcase name="Array representation with default values" file="Publication Type (Hyde\Publications\Testing\Feature\PublicationType)::Array representation with default values" class="Hyde\Publications\Testing\Feature\PublicationTypeTest" classname="Hyde.Publications.Testing.Feature.PublicationTypeTest" assertions="1" time="0.019744"/>
        <testcase name="Json representation with default values" file="Publication Type (Hyde\Publications\Testing\Feature\PublicationType)::Json representation with default values" class="Hyde\Publications\Testing\Feature\PublicationTypeTest" classname="Hyde.Publications.Testing.Feature.PublicationTypeTest" assertions="1" time="0.019397"/>
        <testcase name="Array representation with metadata" file="Publication Type (Hyde\Publications\Testing\Feature\PublicationType)::Array representation with metadata" class="Hyde\Publications\Testing\Feature\PublicationTypeTest" classname="Hyde.Publications.Testing.Feature.PublicationTypeTest" assertions="1" time="0.019953"/>
        <testcase name="Json representation with metadata" file="Publication Type (Hyde\Publications\Testing\Feature\PublicationType)::Json representation with metadata" class="Hyde\Publications\Testing\Feature\PublicationTypeTest" classname="Hyde.Publications.Testing.Feature.PublicationTypeTest" assertions="1" time="0.019544"/>
        <testcase name="Can parse schema file with metadata" file="Publication Type (Hyde\Publications\Testing\Feature\PublicationType)::Can parse schema file with metadata" class="Hyde\Publications\Testing\Feature\PublicationTypeTest" classname="Hyde.Publications.Testing.Feature.PublicationTypeTest" assertions="1" time="0.020874"/>
        <testcase name="Can get metadata" file="Publication Type (Hyde\Publications\Testing\Feature\PublicationType)::Can get metadata" class="Hyde\Publications\Testing\Feature\PublicationTypeTest" classname="Hyde.Publications.Testing.Feature.PublicationTypeTest" assertions="1" time="0.019841"/>
        <testcase name="Can set metadata" file="Publication Type (Hyde\Publications\Testing\Feature\PublicationType)::Can set metadata" class="Hyde\Publications\Testing\Feature\PublicationTypeTest" classname="Hyde.Publications.Testing.Feature.PublicationTypeTest" assertions="1" time="0.019603"/>
        <testcase name="Validate schema file" file="Publication Type (Hyde\Publications\Testing\Feature\PublicationType)::Validate schema file" class="Hyde\Publications\Testing\Feature\PublicationTypeTest" classname="Hyde.Publications.Testing.Feature.PublicationTypeTest" assertions="1" time="0.022501"/>
      </testsuite>
      <testsuite name="Hyde\Publications\Testing\Feature\PublicationsExtensionTest" file="Publications Extension (Hyde\Publications\Testing\Feature\PublicationsExtension)" tests="16" assertions="34" errors="0" failures="0" skipped="0" time="0.511002">
        <testcase name="Get page classes method" file="Publications Extension (Hyde\Publications\Testing\Feature\PublicationsExtension)::Get page classes method" class="Hyde\Publications\Testing\Feature\PublicationsExtensionTest" classname="Hyde.Publications.Testing.Feature.PublicationsExtensionTest" assertions="1" time="0.070226"/>
        <testcase name="Get types method" file="Publications Extension (Hyde\Publications\Testing\Feature\PublicationsExtension)::Get types method" class="Hyde\Publications\Testing\Feature\PublicationsExtensionTest" classname="Hyde.Publications.Testing.Feature.PublicationsExtensionTest" assertions="1" time="0.021425"/>
        <testcase name="Get types method with types" file="Publications Extension (Hyde\Publications\Testing\Feature\PublicationsExtension)::Get types method with types" class="Hyde\Publications\Testing\Feature\PublicationsExtensionTest" classname="Hyde.Publications.Testing.Feature.PublicationsExtensionTest" assertions="1" time="0.027777"/>
        <testcase name="Get types method with multiple types" file="Publications Extension (Hyde\Publications\Testing\Feature\PublicationsExtension)::Get types method with multiple types" class="Hyde\Publications\Testing\Feature\PublicationsExtensionTest" classname="Hyde.Publications.Testing.Feature.PublicationsExtensionTest" assertions="1" time="0.031093"/>
        <testcase name="Publication files are discovered" file="Publications Extension (Hyde\Publications\Testing\Feature\PublicationsExtension)::Publication files are discovered" class="Hyde\Publications\Testing\Feature\PublicationsExtensionTest" classname="Hyde.Publications.Testing.Feature.PublicationsExtensionTest" assertions="3" time="0.024230"/>
        <testcase name="Publication files are discovered for multiple types" file="Publications Extension (Hyde\Publications\Testing\Feature\PublicationsExtension)::Publication files are discovered for multiple types" class="Hyde\Publications\Testing\Feature\PublicationsExtensionTest" classname="Hyde.Publications.Testing.Feature.PublicationsExtensionTest" assertions="1" time="0.025136"/>
        <testcase name="Publication media files are discovered" file="Publications Extension (Hyde\Publications\Testing\Feature\PublicationsExtension)::Publication media files are discovered" class="Hyde\Publications\Testing\Feature\PublicationsExtensionTest" classname="Hyde.Publications.Testing.Feature.PublicationsExtensionTest" assertions="2" time="0.022309"/>
        <testcase name="Base publication pages are discovered" file="Publications Extension (Hyde\Publications\Testing\Feature\PublicationsExtension)::Base publication pages are discovered" class="Hyde\Publications\Testing\Feature\PublicationsExtensionTest" classname="Hyde.Publications.Testing.Feature.PublicationsExtensionTest" assertions="1" time="0.029801"/>
        <testcase name="Publication pages are discovered" file="Publications Extension (Hyde\Publications\Testing\Feature\PublicationsExtension)::Publication pages are discovered" class="Hyde\Publications\Testing\Feature\PublicationsExtensionTest" classname="Hyde.Publications.Testing.Feature.PublicationsExtensionTest" assertions="3" time="0.031227"/>
        <testcase name="Listing pages for publications are generated" file="Publications Extension (Hyde\Publications\Testing\Feature\PublicationsExtension)::Listing pages for publications are generated" class="Hyde\Publications\Testing\Feature\PublicationsExtensionTest" classname="Hyde.Publications.Testing.Feature.PublicationsExtensionTest" assertions="3" time="0.031172"/>
        <testcase name="Paginated listing pages for publications are generated" file="Publications Extension (Hyde\Publications\Testing\Feature\PublicationsExtension)::Paginated listing pages for publications are generated" class="Hyde\Publications\Testing\Feature\PublicationsExtensionTest" classname="Hyde.Publications.Testing.Feature.PublicationsExtensionTest" assertions="3" time="0.037616"/>
        <testcase name="Publication tag list pages are generated" file="Publications Extension (Hyde\Publications\Testing\Feature\PublicationsExtension)::Publication tag list pages are generated" class="Hyde\Publications\Testing\Feature\PublicationsExtensionTest" classname="Hyde.Publications.Testing.Feature.PublicationsExtensionTest" assertions="1" time="0.033713"/>
        <testcase name="Publication tag list routes with tags are generated" file="Publications Extension (Hyde\Publications\Testing\Feature\PublicationsExtension)::Publication tag list routes with tags are generated" class="Hyde\Publications\Testing\Feature\PublicationsExtensionTest" classname="Hyde.Publications.Testing.Feature.PublicationsExtensionTest" assertions="3" time="0.035168"/>
        <testcase name="Publication routes are discovered" file="Publications Extension (Hyde\Publications\Testing\Feature\PublicationsExtension)::Publication routes are discovered" class="Hyde\Publications\Testing\Feature\PublicationsExtensionTest" classname="Hyde.Publications.Testing.Feature.PublicationsExtensionTest" assertions="4" time="0.030629"/>
        <testcase name="Publication tag list routes are discovered" file="Publications Extension (Hyde\Publications\Testing\Feature\PublicationsExtension)::Publication tag list routes are discovered" class="Hyde\Publications\Testing\Feature\PublicationsExtensionTest" classname="Hyde.Publications.Testing.Feature.PublicationsExtensionTest" assertions="3" time="0.028615"/>
        <testcase name="Publication tag list routes with tags are discovered" file="Publications Extension (Hyde\Publications\Testing\Feature\PublicationsExtension)::Publication tag list routes with tags are discovered" class="Hyde\Publications\Testing\Feature\PublicationsExtensionTest" classname="Hyde.Publications.Testing.Feature.PublicationsExtensionTest" assertions="3" time="0.030864"/>
      </testsuite>
      <testsuite name="Hyde\Publications\Testing\Feature\RelatedPublicationsComponentTest" file="Related Publications Component (Hyde\Publications\Testing\Feature\RelatedPublicationsComponent)" tests="12" assertions="12" errors="0" failures="0" skipped="0" time="0.365043">
        <testcase name="With standard page" file="Related Publications Component (Hyde\Publications\Testing\Feature\RelatedPublicationsComponent)::With standard page" class="Hyde\Publications\Testing\Feature\RelatedPublicationsComponentTest" classname="Hyde.Publications.Testing.Feature.RelatedPublicationsComponentTest" assertions="1" time="0.073288"/>
        <testcase name="With blank publication type" file="Related Publications Component (Hyde\Publications\Testing\Feature\RelatedPublicationsComponent)::With blank publication type" class="Hyde\Publications\Testing\Feature\RelatedPublicationsComponentTest" classname="Hyde.Publications.Testing.Feature.RelatedPublicationsComponentTest" assertions="1" time="0.022261"/>
        <testcase name="With empty tags" file="Related Publications Component (Hyde\Publications\Testing\Feature\RelatedPublicationsComponent)::With empty tags" class="Hyde\Publications\Testing\Feature\RelatedPublicationsComponentTest" classname="Hyde.Publications.Testing.Feature.RelatedPublicationsComponentTest" assertions="1" time="0.024720"/>
        <testcase name="With publication with tag" file="Related Publications Component (Hyde\Publications\Testing\Feature\RelatedPublicationsComponent)::With publication with tag" class="Hyde\Publications\Testing\Feature\RelatedPublicationsComponentTest" classname="Hyde.Publications.Testing.Feature.RelatedPublicationsComponentTest" assertions="1" time="0.024462"/>
        <testcase name="With more tagged publications" file="Related Publications Component (Hyde\Publications\Testing\Feature\RelatedPublicationsComponent)::With more tagged publications" class="Hyde\Publications\Testing\Feature\RelatedPublicationsComponentTest" classname="Hyde.Publications.Testing.Feature.RelatedPublicationsComponentTest" assertions="1" time="0.025314"/>
        <testcase name="With publications with other tag value" file="Related Publications Component (Hyde\Publications\Testing\Feature\RelatedPublicationsComponent)::With publications with other tag value" class="Hyde\Publications\Testing\Feature\RelatedPublicationsComponentTest" classname="Hyde.Publications.Testing.Feature.RelatedPublicationsComponentTest" assertions="1" time="0.025502"/>
        <testcase name="With publications with current one being untagged" file="Related Publications Component (Hyde\Publications\Testing\Feature\RelatedPublicationsComponent)::With publications with current one being untagged" class="Hyde\Publications\Testing\Feature\RelatedPublicationsComponentTest" classname="Hyde.Publications.Testing.Feature.RelatedPublicationsComponentTest" assertions="1" time="0.025427"/>
        <testcase name="With multiple related pages" file="Related Publications Component (Hyde\Publications\Testing\Feature\RelatedPublicationsComponent)::With multiple related pages" class="Hyde\Publications\Testing\Feature\RelatedPublicationsComponentTest" classname="Hyde.Publications.Testing.Feature.RelatedPublicationsComponentTest" assertions="1" time="0.028267"/>
        <testcase name="With multiple related pages and limit" file="Related Publications Component (Hyde\Publications\Testing\Feature\RelatedPublicationsComponent)::With multiple related pages and limit" class="Hyde\Publications\Testing\Feature\RelatedPublicationsComponentTest" classname="Hyde.Publications.Testing.Feature.RelatedPublicationsComponentTest" assertions="1" time="0.028290"/>
        <testcase name="Only publications with the same tag are included" file="Related Publications Component (Hyde\Publications\Testing\Feature\RelatedPublicationsComponent)::Only publications with the same tag are included" class="Hyde\Publications\Testing\Feature\RelatedPublicationsComponentTest" classname="Hyde.Publications.Testing.Feature.RelatedPublicationsComponentTest" assertions="1" time="0.028111"/>
        <testcase name="Results are sorted by date with latest first" file="Related Publications Component (Hyde\Publications\Testing\Feature\RelatedPublicationsComponent)::Results are sorted by date with latest first" class="Hyde\Publications\Testing\Feature\RelatedPublicationsComponentTest" classname="Hyde.Publications.Testing.Feature.RelatedPublicationsComponentTest" assertions="1" time="0.028591"/>
        <testcase name="The render method" file="Related Publications Component (Hyde\Publications\Testing\Feature\RelatedPublicationsComponent)::The render method" class="Hyde\Publications\Testing\Feature\RelatedPublicationsComponentTest" classname="Hyde.Publications.Testing.Feature.RelatedPublicationsComponentTest" assertions="1" time="0.030810"/>
      </testsuite>
      <testsuite name="Hyde\Publications\Testing\Feature\SeedPublicationCommandTest" file="Seed Publication Command (Hyde\Publications\Testing\Feature\SeedPublicationCommand)" tests="7" assertions="29" errors="0" failures="0" skipped="0" time="0.256024">
        <testcase name="Can seed publications" file="Seed Publication Command (Hyde\Publications\Testing\Feature\SeedPublicationCommand)::Can seed publications" class="Hyde\Publications\Testing\Feature\SeedPublicationCommandTest" classname="Hyde.Publications.Testing.Feature.SeedPublicationCommandTest" assertions="6" time="0.093739"/>
        <testcase name="Can seed publications using arguments" file="Seed Publication Command (Hyde\Publications\Testing\Feature\SeedPublicationCommand)::Can seed publications using arguments" class="Hyde\Publications\Testing\Feature\SeedPublicationCommandTest" classname="Hyde.Publications.Testing.Feature.SeedPublicationCommandTest" assertions="3" time="0.027688"/>
        <testcase name="Can seed multiple publications" file="Seed Publication Command (Hyde\Publications\Testing\Feature\SeedPublicationCommand)::Can seed multiple publications" class="Hyde\Publications\Testing\Feature\SeedPublicationCommandTest" classname="Hyde.Publications.Testing.Feature.SeedPublicationCommandTest" assertions="4" time="0.027850"/>
        <testcase name="Command asks to confirm before creating many publications" file="Seed Publication Command (Hyde\Publications\Testing\Feature\SeedPublicationCommand)::Command asks to confirm before creating many publications" class="Hyde\Publications\Testing\Feature\SeedPublicationCommandTest" classname="Hyde.Publications.Testing.Feature.SeedPublicationCommandTest" assertions="7" time="0.025089"/>
        <testcase name="Command asks to confirm before creating many publications when using arguments" file="Seed Publication Command (Hyde\Publications\Testing\Feature\SeedPublicationCommand)::Command asks to confirm before creating many publications when using arguments" class="Hyde\Publications\Testing\Feature\SeedPublicationCommandTest" classname="Hyde.Publications.Testing.Feature.SeedPublicationCommandTest" assertions="5" time="0.028278"/>
        <testcase name="With invalid publication type" file="Seed Publication Command (Hyde\Publications\Testing\Feature\SeedPublicationCommand)::With invalid publication type" class="Hyde\Publications\Testing\Feature\SeedPublicationCommandTest" classname="Hyde.Publications.Testing.Feature.SeedPublicationCommandTest" assertions="2" time="0.029133"/>
        <testcase name="With no publication types" file="Seed Publication Command (Hyde\Publications\Testing\Feature\SeedPublicationCommand)::With no publication types" class="Hyde\Publications\Testing\Feature\SeedPublicationCommandTest" classname="Hyde.Publications.Testing.Feature.SeedPublicationCommandTest" assertions="2" time="0.024246"/>
      </testsuite>
      <testsuite name="Hyde\Publications\Testing\Feature\SeedsPublicationFilesTest" file="Seeds Publication Files (Hyde\Publications\Testing\Feature\SeedsPublicationFiles)" tests="13" assertions="38" errors="0" failures="0" skipped="0" time="0.343481">
        <testcase name="Create" file="Seeds Publication Files (Hyde\Publications\Testing\Feature\SeedsPublicationFiles)::Create" class="Hyde\Publications\Testing\Feature\SeedsPublicationFilesTest" classname="Hyde.Publications.Testing.Feature.SeedsPublicationFilesTest" assertions="3" time="0.033777"/>
        <testcase name="Create many" file="Seeds Publication Files (Hyde\Publications\Testing\Feature\SeedsPublicationFiles)::Create many" class="Hyde\Publications\Testing\Feature\SeedsPublicationFilesTest" classname="Hyde.Publications.Testing.Feature.SeedsPublicationFilesTest" assertions="2" time="0.025301"/>
        <testcase name="With array type" file="Seeds Publication Files (Hyde\Publications\Testing\Feature\SeedsPublicationFiles)::With array type" class="Hyde\Publications\Testing\Feature\SeedsPublicationFilesTest" classname="Hyde.Publications.Testing.Feature.SeedsPublicationFilesTest" assertions="5" time="0.024270"/>
        <testcase name="With boolean type" file="Seeds Publication Files (Hyde\Publications\Testing\Feature\SeedsPublicationFiles)::With boolean type" class="Hyde\Publications\Testing\Feature\SeedsPublicationFilesTest" classname="Hyde.Publications.Testing.Feature.SeedsPublicationFilesTest" assertions="2" time="0.023268"/>
        <testcase name="With date time type" file="Seeds Publication Files (Hyde\Publications\Testing\Feature\SeedsPublicationFiles)::With date time type" class="Hyde\Publications\Testing\Feature\SeedsPublicationFilesTest" classname="Hyde.Publications.Testing.Feature.SeedsPublicationFilesTest" assertions="3" time="0.023737"/>
        <testcase name="With float type" file="Seeds Publication Files (Hyde\Publications\Testing\Feature\SeedsPublicationFiles)::With float type" class="Hyde\Publications\Testing\Feature\SeedsPublicationFilesTest" classname="Hyde.Publications.Testing.Feature.SeedsPublicationFilesTest" assertions="2" time="0.023318"/>
        <testcase name="With media type" file="Seeds Publication Files (Hyde\Publications\Testing\Feature\SeedsPublicationFiles)::With media type" class="Hyde\Publications\Testing\Feature\SeedsPublicationFilesTest" classname="Hyde.Publications.Testing.Feature.SeedsPublicationFilesTest" assertions="3" time="0.023732"/>
        <testcase name="With integer type" file="Seeds Publication Files (Hyde\Publications\Testing\Feature\SeedsPublicationFiles)::With integer type" class="Hyde\Publications\Testing\Feature\SeedsPublicationFilesTest" classname="Hyde.Publications.Testing.Feature.SeedsPublicationFilesTest" assertions="2" time="0.023177"/>
        <testcase name="With string type" file="Seeds Publication Files (Hyde\Publications\Testing\Feature\SeedsPublicationFiles)::With string type" class="Hyde\Publications\Testing\Feature\SeedsPublicationFilesTest" classname="Hyde.Publications.Testing.Feature.SeedsPublicationFilesTest" assertions="2" time="0.023199"/>
        <testcase name="With tag type" file="Seeds Publication Files (Hyde\Publications\Testing\Feature\SeedsPublicationFiles)::With tag type" class="Hyde\Publications\Testing\Feature\SeedsPublicationFilesTest" classname="Hyde.Publications.Testing.Feature.SeedsPublicationFilesTest" assertions="4" time="0.033678"/>
        <testcase name="With text type" file="Seeds Publication Files (Hyde\Publications\Testing\Feature\SeedsPublicationFiles)::With text type" class="Hyde\Publications\Testing\Feature\SeedsPublicationFilesTest" classname="Hyde.Publications.Testing.Feature.SeedsPublicationFilesTest" assertions="4" time="0.023728"/>
        <testcase name="With url type" file="Seeds Publication Files (Hyde\Publications\Testing\Feature\SeedsPublicationFiles)::With url type" class="Hyde\Publications\Testing\Feature\SeedsPublicationFilesTest" classname="Hyde.Publications.Testing.Feature.SeedsPublicationFilesTest" assertions="3" time="0.023324"/>
        <testcase name="With canonical definition" file="Seeds Publication Files (Hyde\Publications\Testing\Feature\SeedsPublicationFiles)::With canonical definition" class="Hyde\Publications\Testing\Feature\SeedsPublicationFilesTest" classname="Hyde.Publications.Testing.Feature.SeedsPublicationFilesTest" assertions="3" time="0.038970"/>
      </testsuite>
      <testsuite name="Hyde\Publications\Testing\Feature\StaticSiteBuilderPublicationModuleTest" file="Static Site Builder Publication Module (Hyde\Publications\Testing\Feature\StaticSiteBuilderPublicationModule)" tests="5" assertions="25" errors="0" failures="0" skipped="0" time="0.750347">
        <testcase name="Compiling with publication type with seeded files containing all field types" file="Static Site Builder Publication Module (Hyde\Publications\Testing\Feature\StaticSiteBuilderPublicationModule)::Compiling with publication type with seeded files containing all field types" class="Hyde\Publications\Testing\Feature\StaticSiteBuilderPublicationModuleTest" classname="Hyde.Publications.Testing.Feature.StaticSiteBuilderPublicationModuleTest" assertions="10" time="0.234714"/>
        <testcase name="Compiling with publication type that uses the published views" file="Static Site Builder Publication Module (Hyde\Publications\Testing\Feature\StaticSiteBuilderPublicationModule)::Compiling with publication type that uses the published views" class="Hyde\Publications\Testing\Feature\StaticSiteBuilderPublicationModuleTest" classname="Hyde.Publications.Testing.Feature.StaticSiteBuilderPublicationModuleTest" assertions="3" time="0.103635"/>
        <testcase name="Compiling with publication type that uses the vendor views" file="Static Site Builder Publication Module (Hyde\Publications\Testing\Feature\StaticSiteBuilderPublicationModule)::Compiling with publication type that uses the vendor views" class="Hyde\Publications\Testing\Feature\StaticSiteBuilderPublicationModuleTest" classname="Hyde.Publications.Testing.Feature.StaticSiteBuilderPublicationModuleTest" assertions="2" time="0.113929"/>
        <testcase name="Compiling with publication type that uses the published paginated views" file="Static Site Builder Publication Module (Hyde\Publications\Testing\Feature\StaticSiteBuilderPublicationModule)::Compiling with publication type that uses the published paginated views" class="Hyde\Publications\Testing\Feature\StaticSiteBuilderPublicationModuleTest" classname="Hyde.Publications.Testing.Feature.StaticSiteBuilderPublicationModuleTest" assertions="5" time="0.157294"/>
        <testcase name="Compiling with publication type that uses the paginated vendor views" file="Static Site Builder Publication Module (Hyde\Publications\Testing\Feature\StaticSiteBuilderPublicationModule)::Compiling with publication type that uses the paginated vendor views" class="Hyde\Publications\Testing\Feature\StaticSiteBuilderPublicationModuleTest" classname="Hyde.Publications.Testing.Feature.StaticSiteBuilderPublicationModuleTest" assertions="5" time="0.140776"/>
      </testsuite>
      <testsuite name="Hyde\Publications\Testing\Feature\TranslationServiceProviderTest" file="Translation Service Provider (Hyde\Publications\Testing\Feature\TranslationServiceProvider)" tests="3" assertions="4" errors="0" failures="0" skipped="0" time="0.066810">
        <testcase name="Register" file="Translation Service Provider (Hyde\Publications\Testing\Feature\TranslationServiceProvider)::Register" class="Hyde\Publications\Testing\Feature\TranslationServiceProviderTest" classname="Hyde.Publications.Testing.Feature.TranslationServiceProviderTest" assertions="2" time="0.027501"/>
        <testcase name="Boot" file="Translation Service Provider (Hyde\Publications\Testing\Feature\TranslationServiceProvider)::Boot" class="Hyde\Publications\Testing\Feature\TranslationServiceProviderTest" classname="Hyde.Publications.Testing.Feature.TranslationServiceProviderTest" assertions="1" time="0.019366"/>
        <testcase name="Validation" file="Translation Service Provider (Hyde\Publications\Testing\Feature\TranslationServiceProvider)::Validation" class="Hyde\Publications\Testing\Feature\TranslationServiceProviderTest" classname="Hyde.Publications.Testing.Feature.TranslationServiceProviderTest" assertions="1" time="0.019942"/>
      </testsuite>
      <testsuite name="Hyde\Publications\Testing\Feature\ValidatePublicationTypesCommandTest" file="Validate Publication Types Command (Hyde\Publications\Testing\Feature\ValidatePublicationTypesCommand)" tests="7" assertions="60" errors="0" failures="0" skipped="0" time="0.217204">
        <testcase name="With no publication types" file="Validate Publication Types Command (Hyde\Publications\Testing\Feature\ValidatePublicationTypesCommand)::With no publication types" class="Hyde\Publications\Testing\Feature\ValidatePublicationTypesCommandTest" classname="Hyde.Publications.Testing.Feature.ValidatePublicationTypesCommandTest" assertions="3" time="0.027169"/>
        <testcase name="With valid schema file" file="Validate Publication Types Command (Hyde\Publications\Testing\Feature\ValidatePublicationTypesCommand)::With valid schema file" class="Hyde\Publications\Testing\Feature\ValidatePublicationTypesCommandTest" classname="Hyde.Publications.Testing.Feature.ValidatePublicationTypesCommandTest" assertions="6" time="0.026380"/>
        <testcase name="With invalid schema file" file="Validate Publication Types Command (Hyde\Publications\Testing\Feature\ValidatePublicationTypesCommand)::With invalid schema file" class="Hyde\Publications\Testing\Feature\ValidatePublicationTypesCommandTest" classname="Hyde.Publications.Testing.Feature.ValidatePublicationTypesCommandTest" assertions="19" time="0.033141"/>
        <testcase name="With multiple publication types" file="Validate Publication Types Command (Hyde\Publications\Testing\Feature\ValidatePublicationTypesCommand)::With multiple publication types" class="Hyde\Publications\Testing\Feature\ValidatePublicationTypesCommandTest" classname="Hyde.Publications.Testing.Feature.ValidatePublicationTypesCommandTest" assertions="22" time="0.051018"/>
        <testcase name="With no fields" file="Validate Publication Types Command (Hyde\Publications\Testing\Feature\ValidatePublicationTypesCommand)::With no fields" class="Hyde\Publications\Testing\Feature\ValidatePublicationTypesCommandTest" classname="Hyde.Publications.Testing.Feature.ValidatePublicationTypesCommandTest" assertions="6" time="0.026458"/>
        <testcase name="Json output option" file="Validate Publication Types Command (Hyde\Publications\Testing\Feature\ValidatePublicationTypesCommand)::Json output option" class="Hyde\Publications\Testing\Feature\ValidatePublicationTypesCommandTest" classname="Hyde.Publications.Testing.Feature.ValidatePublicationTypesCommandTest" assertions="2" time="0.023933"/>
        <testcase name="Multiple types with json output" file="Validate Publication Types Command (Hyde\Publications\Testing\Feature\ValidatePublicationTypesCommand)::Multiple types with json output" class="Hyde\Publications\Testing\Feature\ValidatePublicationTypesCommandTest" classname="Hyde.Publications.Testing.Feature.ValidatePublicationTypesCommandTest" assertions="2" time="0.029105"/>
      </testsuite>
      <testsuite name="Hyde\Publications\Testing\Feature\ValidatePublicationsCommandTest" file="Validate Publications Command (Hyde\Publications\Testing\Feature\ValidatePublicationsCommand)" tests="13" assertions="66" errors="0" failures="0" skipped="0" time="0.362953">
        <testcase name="With no publication types" file="Validate Publications Command (Hyde\Publications\Testing\Feature\ValidatePublicationsCommand)::With no publication types" class="Hyde\Publications\Testing\Feature\ValidatePublicationsCommandTest" classname="Hyde.Publications.Testing.Feature.ValidatePublicationsCommandTest" assertions="2" time="0.031892"/>
        <testcase name="With invalid publication type" file="Validate Publications Command (Hyde\Publications\Testing\Feature\ValidatePublicationsCommand)::With invalid publication type" class="Hyde\Publications\Testing\Feature\ValidatePublicationsCommandTest" classname="Hyde.Publications.Testing.Feature.ValidatePublicationsCommandTest" assertions="2" time="0.022398"/>
        <testcase name="With publication type" file="Validate Publications Command (Hyde\Publications\Testing\Feature\ValidatePublicationsCommand)::With publication type" class="Hyde\Publications\Testing\Feature\ValidatePublicationsCommandTest" classname="Hyde.Publications.Testing.Feature.ValidatePublicationsCommandTest" assertions="4" time="0.026880"/>
        <testcase name="With publication type and verbose output" file="Validate Publications Command (Hyde\Publications\Testing\Feature\ValidatePublicationsCommand)::With publication type and verbose output" class="Hyde\Publications\Testing\Feature\ValidatePublicationsCommandTest" classname="Hyde.Publications.Testing.Feature.ValidatePublicationsCommandTest" assertions="4" time="0.026790"/>
        <testcase name="With invalid publication" file="Validate Publications Command (Hyde\Publications\Testing\Feature\ValidatePublicationsCommand)::With invalid publication" class="Hyde\Publications\Testing\Feature\ValidatePublicationsCommandTest" classname="Hyde.Publications.Testing.Feature.ValidatePublicationsCommandTest" assertions="4" time="0.026874"/>
        <testcase name="With warned publication" file="Validate Publications Command (Hyde\Publications\Testing\Feature\ValidatePublicationsCommand)::With warned publication" class="Hyde\Publications\Testing\Feature\ValidatePublicationsCommandTest" classname="Hyde.Publications.Testing.Feature.ValidatePublicationsCommandTest" assertions="4" time="0.026662"/>
        <testcase name="With multiple publication types" file="Validate Publications Command (Hyde\Publications\Testing\Feature\ValidatePublicationsCommand)::With multiple publication types" class="Hyde\Publications\Testing\Feature\ValidatePublicationsCommandTest" classname="Hyde.Publications.Testing.Feature.ValidatePublicationsCommandTest" assertions="1" time="0.025676"/>
        <testcase name="With multiple invalid fields" file="Validate Publications Command (Hyde\Publications\Testing\Feature\ValidatePublicationsCommand)::With multiple invalid fields" class="Hyde\Publications\Testing\Feature\ValidatePublicationsCommandTest" classname="Hyde.Publications.Testing.Feature.ValidatePublicationsCommandTest" assertions="4" time="0.028133"/>
        <testcase name="Only specified type is validated when using argument" file="Validate Publications Command (Hyde\Publications\Testing\Feature\ValidatePublicationsCommand)::Only specified type is validated when using argument" class="Hyde\Publications\Testing\Feature\ValidatePublicationsCommandTest" classname="Hyde.Publications.Testing.Feature.ValidatePublicationsCommandTest" assertions="1" time="0.025505"/>
        <testcase name="Output" file="Validate Publications Command (Hyde\Publications\Testing\Feature\ValidatePublicationsCommand)::Output" class="Hyde\Publications\Testing\Feature\ValidatePublicationsCommandTest" classname="Hyde.Publications.Testing.Feature.ValidatePublicationsCommandTest" assertions="17" time="0.035600"/>
        <testcase name="With verbose output" file="Validate Publications Command (Hyde\Publications\Testing\Feature\ValidatePublicationsCommand)::With verbose output" class="Hyde\Publications\Testing\Feature\ValidatePublicationsCommandTest" classname="Hyde.Publications.Testing.Feature.ValidatePublicationsCommandTest" assertions="19" time="0.035095"/>
        <testcase name="With json output" file="Validate Publications Command (Hyde\Publications\Testing\Feature\ValidatePublicationsCommand)::With json output" class="Hyde\Publications\Testing\Feature\ValidatePublicationsCommandTest" classname="Hyde.Publications.Testing.Feature.ValidatePublicationsCommandTest" assertions="2" time="0.028654"/>
        <testcase name="With json output with no publications" file="Validate Publications Command (Hyde\Publications\Testing\Feature\ValidatePublicationsCommand)::With json output with no publications" class="Hyde\Publications\Testing\Feature\ValidatePublicationsCommandTest" classname="Hyde.Publications.Testing.Feature.ValidatePublicationsCommandTest" assertions="2" time="0.022795"/>
      </testsuite>
      <testsuite name="Hyde\Publications\Testing\Feature\ValidatingCommandTest" file="Validating Command (Hyde\Publications\Testing\Feature\ValidatingCommand)" tests="7" assertions="24" errors="0" failures="0" skipped="0" time="0.194519">
        <testcase name="Ask with validation captures input" file="Validating Command (Hyde\Publications\Testing\Feature\ValidatingCommand)::Ask with validation captures input" class="Hyde\Publications\Testing\Feature\ValidatingCommandTest" classname="Hyde.Publications.Testing.Feature.ValidatingCommandTest" assertions="2" time="0.038547"/>
        <testcase name="Ask with validation retries" file="Validating Command (Hyde\Publications\Testing\Feature\ValidatingCommand)::Ask with validation retries" class="Hyde\Publications\Testing\Feature\ValidatingCommandTest" classname="Hyde.Publications.Testing.Feature.ValidatingCommandTest" assertions="3" time="0.020804"/>
        <testcase name="Ask with validation retries too many times" file="Validating Command (Hyde\Publications\Testing\Feature\ValidatingCommand)::Ask with validation retries too many times" class="Hyde\Publications\Testing\Feature\ValidatingCommandTest" classname="Hyde.Publications.Testing.Feature.ValidatingCommandTest" assertions="4" time="0.033945"/>
        <testcase name="Ask with validation normalizes boolean input" file="Validating Command (Hyde\Publications\Testing\Feature\ValidatingCommand)::Ask with validation normalizes boolean input" class="Hyde\Publications\Testing\Feature\ValidatingCommandTest" classname="Hyde.Publications.Testing.Feature.ValidatingCommandTest" assertions="3" time="0.020332"/>
        <testcase name="Validation is called" file="Validating Command (Hyde\Publications\Testing\Feature\ValidatingCommand)::Validation is called" class="Hyde\Publications\Testing\Feature\ValidatingCommandTest" classname="Hyde.Publications.Testing.Feature.ValidatingCommandTest" assertions="4" time="0.038098"/>
        <testcase name="Reloadable choice helper" file="Validating Command (Hyde\Publications\Testing\Feature\ValidatingCommand)::Reloadable choice helper" class="Hyde\Publications\Testing\Feature\ValidatingCommandTest" classname="Hyde.Publications.Testing.Feature.ValidatingCommandTest" assertions="3" time="0.021680"/>
        <testcase name="Reloadable choice helper selecting reload" file="Validating Command (Hyde\Publications\Testing\Feature\ValidatingCommand)::Reloadable choice helper selecting reload" class="Hyde\Publications\Testing\Feature\ValidatingCommandTest" classname="Hyde.Publications.Testing.Feature.ValidatingCommandTest" assertions="5" time="0.021114"/>
      </testsuite>
    </testsuite>
    <testsuite name="Realtime Compiler" tests="12" assertions="42" errors="0" failures="0" skipped="0" time="0.416860">
      <testsuite name="Packages\realtimecompiler\tests\ConsoleOutputTest" file="packages/realtime-compiler/tests/ConsoleOutputTest.php" tests="1" assertions="1" errors="0" failures="0" skipped="0" time="0.017142">
        <testcase name="printStartMessage method" file="packages/realtime-compiler/tests/ConsoleOutputTest.php::printStartMessage method" class="Packages\realtimecompiler\tests\ConsoleOutputTest" classname="Packages.realtimecompiler.tests.ConsoleOutputTest" assertions="1" time="0.017142"/>
      </testsuite>
      <testsuite name="Packages\realtimecompiler\tests\RealtimeCompilerTest" file="packages/realtime-compiler/tests/RealtimeCompilerTest.php" tests="11" assertions="41" errors="0" failures="0" skipped="0" time="0.399718">
        <testcase name="it handles routes index page" file="packages/realtime-compiler/tests/RealtimeCompilerTest.php::it handles routes index page" class="Packages\realtimecompiler\tests\RealtimeCompilerTest" classname="Packages.realtimecompiler.tests.RealtimeCompilerTest" assertions="6" time="0.030547"/>
        <testcase name="it handles routes custom pages" file="packages/realtime-compiler/tests/RealtimeCompilerTest.php::it handles routes custom pages" class="Packages\realtimecompiler\tests\RealtimeCompilerTest" classname="Packages.realtimecompiler.tests.RealtimeCompilerTest" assertions="4" time="0.041954"/>
        <testcase name="it handles routes pages with .html extension" file="packages/realtime-compiler/tests/RealtimeCompilerTest.php::it handles routes pages with .html extension" class="Packages\realtimecompiler\tests\RealtimeCompilerTest" classname="Packages.realtimecompiler.tests.RealtimeCompilerTest" assertions="4" time="0.048639"/>
        <testcase name="it handles routes static assets" file="packages/realtime-compiler/tests/RealtimeCompilerTest.php::it handles routes static assets" class="Packages\realtimecompiler\tests\RealtimeCompilerTest" classname="Packages.realtimecompiler.tests.RealtimeCompilerTest" assertions="4" time="0.004301"/>
        <testcase name="it handles throws route not found exception for missing route" file="packages/realtime-compiler/tests/RealtimeCompilerTest.php::it handles throws route not found exception for missing route" class="Packages\realtimecompiler\tests\RealtimeCompilerTest" classname="Packages.realtimecompiler.tests.RealtimeCompilerTest" assertions="2" time="0.045161"/>
        <testcase name="it handles sends 404 error response for missing asset" file="packages/realtime-compiler/tests/RealtimeCompilerTest.php::it handles sends 404 error response for missing asset" class="Packages\realtimecompiler\tests\RealtimeCompilerTest" classname="Packages.realtimecompiler.tests.RealtimeCompilerTest" assertions="3" time="0.003520"/>
        <testcase name="trailing slashes are normalized from route" file="packages/realtime-compiler/tests/RealtimeCompilerTest.php::trailing slashes are normalized from route" class="Packages\realtimecompiler\tests\RealtimeCompilerTest" classname="Packages.realtimecompiler.tests.RealtimeCompilerTest" assertions="4" time="0.062820"/>
        <testcase name="docs uri path is rerouted to docs/index" file="packages/realtime-compiler/tests/RealtimeCompilerTest.php::docs uri path is rerouted to docs/index" class="Packages\realtimecompiler\tests\RealtimeCompilerTest" classname="Packages.realtimecompiler.tests.RealtimeCompilerTest" assertions="4" time="0.075998"/>
        <testcase name="docs/search renders search page" file="packages/realtime-compiler/tests/RealtimeCompilerTest.php::docs/search renders search page" class="Packages\realtimecompiler\tests\RealtimeCompilerTest" classname="Packages.realtimecompiler.tests.RealtimeCompilerTest" assertions="4" time="0.075369"/>
        <testcase name="ping route returns ping response" file="packages/realtime-compiler/tests/RealtimeCompilerTest.php::ping route returns ping response" class="Packages\realtimecompiler\tests\RealtimeCompilerTest" classname="Packages.realtimecompiler.tests.RealtimeCompilerTest" assertions="3" time="0.003755"/>
        <testcase name="exception handling" file="packages/realtime-compiler/tests/RealtimeCompilerTest.php::exception handling" class="Packages\realtimecompiler\tests\RealtimeCompilerTest" classname="Packages.realtimecompiler.tests.RealtimeCompilerTest" assertions="3" time="0.007653"/>
      </testsuite>
    </testsuite>
  </testsuite>
</testsuites>
