<?xml version="1.0" encoding="UTF-8"?>
<testsuites>
  <testsuite name="/home/runner/work/develop/develop/phpunit.xml.dist" tests="2537" assertions="4957" errors="0" failures="0" skipped="6" time="17.411993">
    <testsuite name="FeatureHyde" tests="6" assertions="17" errors="0" failures="0" skipped="0" time="1.441922">
      <testsuite name="Hyde\Testing\Hyde\DefaultContentTest" file="/home/runner/work/develop/develop/packages/hyde/tests/DefaultContentTest.php" tests="3" assertions="12" errors="0" failures="0" skipped="0" time="0.530142">
        <testcase name="testDefaultPagesArePresent" file="/home/runner/work/develop/develop/packages/hyde/tests/DefaultContentTest.php" line="17" class="Hyde\Testing\Hyde\DefaultContentTest" classname="Hyde.Testing.Hyde.DefaultContentTest" assertions="4" time="0.526330"/>
        <testcase name="testDefaultCompiledStylesheetIsPresent" file="/home/runner/work/develop/develop/packages/hyde/tests/DefaultContentTest.php" line="33" class="Hyde\Testing\Hyde\DefaultContentTest" classname="Hyde.Testing.Hyde.DefaultContentTest" assertions="2" time="0.001879"/>
        <testcase name="testLaravelMixResourcesArePresent" file="/home/runner/work/develop/develop/packages/hyde/tests/DefaultContentTest.php" line="43" class="Hyde\Testing\Hyde\DefaultContentTest" classname="Hyde.Testing.Hyde.DefaultContentTest" assertions="6" time="0.001933"/>
      </testsuite>
      <testsuite name="Hyde\Testing\Hyde\ExampleTest" file="/home/runner/work/develop/develop/packages/hyde/tests/ExampleTest.php" tests="1" assertions="1" errors="0" failures="0" skipped="0" time="0.001822">
        <testcase name="testExample" file="/home/runner/work/develop/develop/packages/hyde/tests/ExampleTest.php" line="11" class="Hyde\Testing\Hyde\ExampleTest" classname="Hyde.Testing.Hyde.ExampleTest" assertions="1" time="0.001822"/>
      </testsuite>
      <testsuite name="Hyde\Testing\Hyde\HydeCLITest" file="/home/runner/work/develop/develop/packages/hyde/tests/HydeCLITest.php" tests="1" assertions="2" errors="0" failures="0" skipped="0" time="0.612574">
        <testcase name="testCanShowHydeConsole" file="/home/runner/work/develop/develop/packages/hyde/tests/HydeCLITest.php" line="11" class="Hyde\Testing\Hyde\HydeCLITest" classname="Hyde.Testing.Hyde.HydeCLITest" assertions="2" time="0.612574"/>
      </testsuite>
      <testsuite name="Hyde\Testing\Hyde\StaticSiteBuilderTest" file="/home/runner/work/develop/develop/packages/hyde/tests/StaticSiteBuilderTest.php" tests="1" assertions="2" errors="0" failures="0" skipped="0" time="0.297383">
        <testcase name="testCanBuildStaticSite" file="/home/runner/work/develop/develop/packages/hyde/tests/StaticSiteBuilderTest.php" line="13" class="Hyde\Testing\Hyde\StaticSiteBuilderTest" classname="Hyde.Testing.Hyde.StaticSiteBuilderTest" assertions="2" time="0.297383"/>
      </testsuite>
    </testsuite>
    <testsuite name="FeatureFramework" tests="1277" assertions="2665" errors="0" failures="0" skipped="3" time="8.591757">
      <testsuite name="Hyde\Framework\Testing\Feature\Actions\AnonymousViewCompilerTest" file="/home/runner/work/develop/develop/packages/framework/tests/Feature/Actions/AnonymousViewCompilerTest.php" tests="3" assertions="4" errors="0" failures="0" skipped="0" time="0.022134">
        <testcase name="testCanCompileBladeFile" file="/home/runner/work/develop/develop/packages/framework/tests/Feature/Actions/AnonymousViewCompilerTest.php" line="16" class="Hyde\Framework\Testing\Feature\Actions\AnonymousViewCompilerTest" classname="Hyde.Framework.Testing.Feature.Actions.AnonymousViewCompilerTest" assertions="1" time="0.010653"/>
        <testcase name="testCanCompileBladeFileWithData" file="/home/runner/work/develop/develop/packages/framework/tests/Feature/Actions/AnonymousViewCompilerTest.php" line="23" class="Hyde\Framework\Testing\Feature\Actions\AnonymousViewCompilerTest" classname="Hyde.Framework.Testing.Feature.Actions.AnonymousViewCompilerTest" assertions="1" time="0.004521"/>
        <testcase name="testWithMissingView" file="/home/runner/work/develop/develop/packages/framework/tests/Feature/Actions/AnonymousViewCompilerTest.php" line="30" class="Hyde\Framework\Testing\Feature\Actions\AnonymousViewCompilerTest" classname="Hyde.Framework.Testing.Feature.Actions.AnonymousViewCompilerTest" assertions="2" time="0.006960"/>
      </testsuite>
      <testsuite name="Hyde\Framework\Testing\Feature\Actions\ConvertsMarkdownToPlainTextTest" file="/home/runner/work/develop/develop/packages/framework/tests/Feature/Actions/ConvertsMarkdownToPlainTextTest.php" tests="28" assertions="28" errors="0" failures="0" skipped="0" time="0.112976">
        <testcase name="testItRemovesHeadings" file="/home/runner/work/develop/develop/packages/framework/tests/Feature/Actions/ConvertsMarkdownToPlainTextTest.php" line="15" class="Hyde\Framework\Testing\Feature\Actions\ConvertsMarkdownToPlainTextTest" classname="Hyde.Framework.Testing.Feature.Actions.ConvertsMarkdownToPlainTextTest" assertions="1" time="0.030624"/>
        <testcase name="testItRemovesHeadingsAlternateSyntax" file="/home/runner/work/develop/develop/packages/framework/tests/Feature/Actions/ConvertsMarkdownToPlainTextTest.php" line="38" class="Hyde\Framework\Testing\Feature\Actions\ConvertsMarkdownToPlainTextTest" classname="Hyde.Framework.Testing.Feature.Actions.ConvertsMarkdownToPlainTextTest" assertions="1" time="0.003105"/>
        <testcase name="testItRemovesParagraphs" file="/home/runner/work/develop/develop/packages/framework/tests/Feature/Actions/ConvertsMarkdownToPlainTextTest.php" line="58" class="Hyde\Framework\Testing\Feature\Actions\ConvertsMarkdownToPlainTextTest" classname="Hyde.Framework.Testing.Feature.Actions.ConvertsMarkdownToPlainTextTest" assertions="1" time="0.002953"/>
        <testcase name="testItRemovesParagraphsMultiline" file="/home/runner/work/develop/develop/packages/framework/tests/Feature/Actions/ConvertsMarkdownToPlainTextTest.php" line="75" class="Hyde\Framework\Testing\Feature\Actions\ConvertsMarkdownToPlainTextTest" classname="Hyde.Framework.Testing.Feature.Actions.ConvertsMarkdownToPlainTextTest" assertions="1" time="0.002941"/>
        <testcase name="testItRemovesLinebreaks" file="/home/runner/work/develop/develop/packages/framework/tests/Feature/Actions/ConvertsMarkdownToPlainTextTest.php" line="90" class="Hyde\Framework\Testing\Feature\Actions\ConvertsMarkdownToPlainTextTest" classname="Hyde.Framework.Testing.Feature.Actions.ConvertsMarkdownToPlainTextTest" assertions="1" time="0.002962"/>
        <testcase name="testItRemovesBold" file="/home/runner/work/develop/develop/packages/framework/tests/Feature/Actions/ConvertsMarkdownToPlainTextTest.php" line="111" class="Hyde\Framework\Testing\Feature\Actions\ConvertsMarkdownToPlainTextTest" classname="Hyde.Framework.Testing.Feature.Actions.ConvertsMarkdownToPlainTextTest" assertions="1" time="0.002973"/>
        <testcase name="testItRemovesItalic" file="/home/runner/work/develop/develop/packages/framework/tests/Feature/Actions/ConvertsMarkdownToPlainTextTest.php" line="128" class="Hyde\Framework\Testing\Feature\Actions\ConvertsMarkdownToPlainTextTest" classname="Hyde.Framework.Testing.Feature.Actions.ConvertsMarkdownToPlainTextTest" assertions="1" time="0.002994"/>
        <testcase name="testItRemovesBoldAndItalic" file="/home/runner/work/develop/develop/packages/framework/tests/Feature/Actions/ConvertsMarkdownToPlainTextTest.php" line="145" class="Hyde\Framework\Testing\Feature\Actions\ConvertsMarkdownToPlainTextTest" classname="Hyde.Framework.Testing.Feature.Actions.ConvertsMarkdownToPlainTextTest" assertions="1" time="0.002978"/>
        <testcase name="testItRemovesBlockquotes" file="/home/runner/work/develop/develop/packages/framework/tests/Feature/Actions/ConvertsMarkdownToPlainTextTest.php" line="166" class="Hyde\Framework\Testing\Feature\Actions\ConvertsMarkdownToPlainTextTest" classname="Hyde.Framework.Testing.Feature.Actions.ConvertsMarkdownToPlainTextTest" assertions="1" time="0.002958"/>
        <testcase name="testItRemovesBlockquotesWithMultipleParagraphs" file="/home/runner/work/develop/develop/packages/framework/tests/Feature/Actions/ConvertsMarkdownToPlainTextTest.php" line="179" class="Hyde\Framework\Testing\Feature\Actions\ConvertsMarkdownToPlainTextTest" classname="Hyde.Framework.Testing.Feature.Actions.ConvertsMarkdownToPlainTextTest" assertions="1" time="0.003035"/>
        <testcase name="testItRemovesOrderedLists" file="/home/runner/work/develop/develop/packages/framework/tests/Feature/Actions/ConvertsMarkdownToPlainTextTest.php" line="196" class="Hyde\Framework\Testing\Feature\Actions\ConvertsMarkdownToPlainTextTest" classname="Hyde.Framework.Testing.Feature.Actions.ConvertsMarkdownToPlainTextTest" assertions="1" time="0.003035"/>
        <testcase name="testItRemovesUnorderedLists" file="/home/runner/work/develop/develop/packages/framework/tests/Feature/Actions/ConvertsMarkdownToPlainTextTest.php" line="215" class="Hyde\Framework\Testing\Feature\Actions\ConvertsMarkdownToPlainTextTest" classname="Hyde.Framework.Testing.Feature.Actions.ConvertsMarkdownToPlainTextTest" assertions="1" time="0.003149"/>
        <testcase name="testItRemovesCode" file="/home/runner/work/develop/develop/packages/framework/tests/Feature/Actions/ConvertsMarkdownToPlainTextTest.php" line="246" class="Hyde\Framework\Testing\Feature\Actions\ConvertsMarkdownToPlainTextTest" classname="Hyde.Framework.Testing.Feature.Actions.ConvertsMarkdownToPlainTextTest" assertions="1" time="0.002948"/>
        <testcase name="testItRemovesCodeBlocks" file="/home/runner/work/develop/develop/packages/framework/tests/Feature/Actions/ConvertsMarkdownToPlainTextTest.php" line="259" class="Hyde\Framework\Testing\Feature\Actions\ConvertsMarkdownToPlainTextTest" classname="Hyde.Framework.Testing.Feature.Actions.ConvertsMarkdownToPlainTextTest" assertions="1" time="0.003040"/>
        <testcase name="testItRemovesHorizontalRules" file="/home/runner/work/develop/develop/packages/framework/tests/Feature/Actions/ConvertsMarkdownToPlainTextTest.php" line="272" class="Hyde\Framework\Testing\Feature\Actions\ConvertsMarkdownToPlainTextTest" classname="Hyde.Framework.Testing.Feature.Actions.ConvertsMarkdownToPlainTextTest" assertions="1" time="0.002955"/>
        <testcase name="testItRemovesLinks" file="/home/runner/work/develop/develop/packages/framework/tests/Feature/Actions/ConvertsMarkdownToPlainTextTest.php" line="289" class="Hyde\Framework\Testing\Feature\Actions\ConvertsMarkdownToPlainTextTest" classname="Hyde.Framework.Testing.Feature.Actions.ConvertsMarkdownToPlainTextTest" assertions="1" time="0.003098"/>
        <testcase name="testItRemovesImages" file="/home/runner/work/develop/develop/packages/framework/tests/Feature/Actions/ConvertsMarkdownToPlainTextTest.php" line="325" class="Hyde\Framework\Testing\Feature\Actions\ConvertsMarkdownToPlainTextTest" classname="Hyde.Framework.Testing.Feature.Actions.ConvertsMarkdownToPlainTextTest" assertions="1" time="0.003072"/>
        <testcase name="testItRemovesLinkingImages" file="/home/runner/work/develop/develop/packages/framework/tests/Feature/Actions/ConvertsMarkdownToPlainTextTest.php" line="340" class="Hyde\Framework\Testing\Feature\Actions\ConvertsMarkdownToPlainTextTest" classname="Hyde.Framework.Testing.Feature.Actions.ConvertsMarkdownToPlainTextTest" assertions="1" time="0.003100"/>
        <testcase name="testItRemovesHtml" file="/home/runner/work/develop/develop/packages/framework/tests/Feature/Actions/ConvertsMarkdownToPlainTextTest.php" line="353" class="Hyde\Framework\Testing\Feature\Actions\ConvertsMarkdownToPlainTextTest" classname="Hyde.Framework.Testing.Feature.Actions.ConvertsMarkdownToPlainTextTest" assertions="1" time="0.003120"/>
        <testcase name="testItRemovesFootnotes" file="/home/runner/work/develop/develop/packages/framework/tests/Feature/Actions/ConvertsMarkdownToPlainTextTest.php" line="380" class="Hyde\Framework\Testing\Feature\Actions\ConvertsMarkdownToPlainTextTest" classname="Hyde.Framework.Testing.Feature.Actions.ConvertsMarkdownToPlainTextTest" assertions="1" time="0.003073"/>
        <testcase name="testItRemovesFootnotesAlternate" file="/home/runner/work/develop/develop/packages/framework/tests/Feature/Actions/ConvertsMarkdownToPlainTextTest.php" line="397" class="Hyde\Framework\Testing\Feature\Actions\ConvertsMarkdownToPlainTextTest" classname="Hyde.Framework.Testing.Feature.Actions.ConvertsMarkdownToPlainTextTest" assertions="1" time="0.003089"/>
        <testcase name="testItReplacesConsecutivelyOccurringNewlines" file="/home/runner/work/develop/develop/packages/framework/tests/Feature/Actions/ConvertsMarkdownToPlainTextTest.php" line="414" class="Hyde\Framework\Testing\Feature\Actions\ConvertsMarkdownToPlainTextTest" classname="Hyde.Framework.Testing.Feature.Actions.ConvertsMarkdownToPlainTextTest" assertions="1" time="0.003121"/>
        <testcase name="testItRemovesFencedCodeBlocks" file="/home/runner/work/develop/develop/packages/framework/tests/Feature/Actions/ConvertsMarkdownToPlainTextTest.php" line="439" class="Hyde\Framework\Testing\Feature\Actions\ConvertsMarkdownToPlainTextTest" classname="Hyde.Framework.Testing.Feature.Actions.ConvertsMarkdownToPlainTextTest" assertions="1" time="0.003116"/>
        <testcase name="testItRemovesFencedCodeBlocksAlternate" file="/home/runner/work/develop/develop/packages/framework/tests/Feature/Actions/ConvertsMarkdownToPlainTextTest.php" line="455" class="Hyde\Framework\Testing\Feature\Actions\ConvertsMarkdownToPlainTextTest" classname="Hyde.Framework.Testing.Feature.Actions.ConvertsMarkdownToPlainTextTest" assertions="1" time="0.003118"/>
        <testcase name="testItRemovesTables" file="/home/runner/work/develop/develop/packages/framework/tests/Feature/Actions/ConvertsMarkdownToPlainTextTest.php" line="471" class="Hyde\Framework\Testing\Feature\Actions\ConvertsMarkdownToPlainTextTest" classname="Hyde.Framework.Testing.Feature.Actions.ConvertsMarkdownToPlainTextTest" assertions="1" time="0.003116"/>
        <testcase name="testItTrimsIndentation" file="/home/runner/work/develop/develop/packages/framework/tests/Feature/Actions/ConvertsMarkdownToPlainTextTest.php" line="490" class="Hyde\Framework\Testing\Feature\Actions\ConvertsMarkdownToPlainTextTest" classname="Hyde.Framework.Testing.Feature.Actions.ConvertsMarkdownToPlainTextTest" assertions="1" time="0.003119"/>
        <testcase name="testWithEmptyString" file="/home/runner/work/develop/develop/packages/framework/tests/Feature/Actions/ConvertsMarkdownToPlainTextTest.php" line="507" class="Hyde\Framework\Testing\Feature\Actions\ConvertsMarkdownToPlainTextTest" classname="Hyde.Framework.Testing.Feature.Actions.ConvertsMarkdownToPlainTextTest" assertions="1" time="0.003071"/>
        <testcase name="testWithOnlyEmptyLines" file="/home/runner/work/develop/develop/packages/framework/tests/Feature/Actions/ConvertsMarkdownToPlainTextTest.php" line="512" class="Hyde\Framework\Testing\Feature\Actions\ConvertsMarkdownToPlainTextTest" classname="Hyde.Framework.Testing.Feature.Actions.ConvertsMarkdownToPlainTextTest" assertions="1" time="0.003111"/>
      </testsuite>
      <testsuite name="Hyde\Framework\Testing\Feature\Actions\CreatesNewPageSourceFileTest" file="/home/runner/work/develop/develop/packages/framework/tests/Feature/Actions/CreatesNewPageSourceFileTest.php" tests="15" assertions="28" errors="0" failures="0" skipped="0" time="0.119668">
        <testcase name="testClassCanBeInstantiated" file="/home/runner/work/develop/develop/packages/framework/tests/Feature/Actions/CreatesNewPageSourceFileTest.php" line="21" class="Hyde\Framework\Testing\Feature\Actions\CreatesNewPageSourceFileTest" classname="Hyde.Framework.Testing.Feature.Actions.CreatesNewPageSourceFileTest" assertions="1" time="0.035062"/>
        <testcase name="testThatAnExceptionIsThrownForInvalidPageType" file="/home/runner/work/develop/develop/packages/framework/tests/Feature/Actions/CreatesNewPageSourceFileTest.php" line="29" class="Hyde\Framework\Testing\Feature\Actions\CreatesNewPageSourceFileTest" classname="Hyde.Framework.Testing.Feature.Actions.CreatesNewPageSourceFileTest" assertions="2" time="0.006190"/>
        <testcase name="testThatAnExceptionIsThrownIfFileAlreadyExistsAndOverwriteIsFalse" file="/home/runner/work/develop/develop/packages/framework/tests/Feature/Actions/CreatesNewPageSourceFileTest.php" line="37" class="Hyde\Framework\Testing\Feature\Actions\CreatesNewPageSourceFileTest" classname="Hyde.Framework.Testing.Feature.Actions.CreatesNewPageSourceFileTest" assertions="3" time="0.007176"/>
        <testcase name="testThatCanSaveFileReturnsTrueIfFileAlreadyExistsAndOverwriteIsTrue" file="/home/runner/work/develop/develop/packages/framework/tests/Feature/Actions/CreatesNewPageSourceFileTest.php" line="50" class="Hyde\Framework\Testing\Feature\Actions\CreatesNewPageSourceFileTest" classname="Hyde.Framework.Testing.Feature.Actions.CreatesNewPageSourceFileTest" assertions="1" time="0.019333"/>
        <testcase name="testExceptionIsThrownForConflictingBladePages" file="/home/runner/work/develop/develop/packages/framework/tests/Feature/Actions/CreatesNewPageSourceFileTest.php" line="59" class="Hyde\Framework\Testing\Feature\Actions\CreatesNewPageSourceFileTest" classname="Hyde.Framework.Testing.Feature.Actions.CreatesNewPageSourceFileTest" assertions="3" time="0.003989"/>
        <testcase name="testExceptionIsThrownForConflictingDocumentationPages" file="/home/runner/work/develop/develop/packages/framework/tests/Feature/Actions/CreatesNewPageSourceFileTest.php" line="72" class="Hyde\Framework\Testing\Feature\Actions\CreatesNewPageSourceFileTest" classname="Hyde.Framework.Testing.Feature.Actions.CreatesNewPageSourceFileTest" assertions="3" time="0.003912"/>
        <testcase name="testThatAMarkdownFileCanBeCreatedAndContainsExpectedContent" file="/home/runner/work/develop/develop/packages/framework/tests/Feature/Actions/CreatesNewPageSourceFileTest.php" line="85" class="Hyde\Framework\Testing\Feature\Actions\CreatesNewPageSourceFileTest" classname="Hyde.Framework.Testing.Feature.Actions.CreatesNewPageSourceFileTest" assertions="2" time="0.005170"/>
        <testcase name="testThatABladeFileCanBeCreatedAndContainsExpectedContent" file="/home/runner/work/develop/develop/packages/framework/tests/Feature/Actions/CreatesNewPageSourceFileTest.php" line="98" class="Hyde\Framework\Testing\Feature\Actions\CreatesNewPageSourceFileTest" classname="Hyde.Framework.Testing.Feature.Actions.CreatesNewPageSourceFileTest" assertions="2" time="0.003749"/>
        <testcase name="testThatADocumentationFileCanBeCreatedAndContainsExpectedContent" file="/home/runner/work/develop/develop/packages/framework/tests/Feature/Actions/CreatesNewPageSourceFileTest.php" line="122" class="Hyde\Framework\Testing\Feature\Actions\CreatesNewPageSourceFileTest" classname="Hyde.Framework.Testing.Feature.Actions.CreatesNewPageSourceFileTest" assertions="2" time="0.005187"/>
        <testcase name="testThatAMarkdownFileCanBeCreatedWithCustomContent" file="/home/runner/work/develop/develop/packages/framework/tests/Feature/Actions/CreatesNewPageSourceFileTest.php" line="136" class="Hyde\Framework\Testing\Feature\Actions\CreatesNewPageSourceFileTest" classname="Hyde.Framework.Testing.Feature.Actions.CreatesNewPageSourceFileTest" assertions="2" time="0.005107"/>
        <testcase name="testThatABladeFileCanBeCreatedWithCustomContent" file="/home/runner/work/develop/develop/packages/framework/tests/Feature/Actions/CreatesNewPageSourceFileTest.php" line="159" class="Hyde\Framework\Testing\Feature\Actions\CreatesNewPageSourceFileTest" classname="Hyde.Framework.Testing.Feature.Actions.CreatesNewPageSourceFileTest" assertions="2" time="0.003790"/>
        <testcase name="testThatTheFilePathCanBeReturned" file="/home/runner/work/develop/develop/packages/framework/tests/Feature/Actions/CreatesNewPageSourceFileTest.php" line="187" class="Hyde\Framework\Testing\Feature\Actions\CreatesNewPageSourceFileTest" classname="Hyde.Framework.Testing.Feature.Actions.CreatesNewPageSourceFileTest" assertions="2" time="0.005507"/>
        <testcase name="testFileIsCreatedUsingSlugGeneratedFromTitle" file="/home/runner/work/develop/develop/packages/framework/tests/Feature/Actions/CreatesNewPageSourceFileTest.php" line="203" class="Hyde\Framework\Testing\Feature\Actions\CreatesNewPageSourceFileTest" classname="Hyde.Framework.Testing.Feature.Actions.CreatesNewPageSourceFileTest" assertions="1" time="0.005123"/>
        <testcase name="testActionCanGenerateNestedPages" file="/home/runner/work/develop/develop/packages/framework/tests/Feature/Actions/CreatesNewPageSourceFileTest.php" line="210" class="Hyde\Framework\Testing\Feature\Actions\CreatesNewPageSourceFileTest" classname="Hyde.Framework.Testing.Feature.Actions.CreatesNewPageSourceFileTest" assertions="1" time="0.005183"/>
        <testcase name="testCanCreateDeeplyNestedPages" file="/home/runner/work/develop/develop/packages/framework/tests/Feature/Actions/CreatesNewPageSourceFileTest.php" line="217" class="Hyde\Framework\Testing\Feature\Actions\CreatesNewPageSourceFileTest" classname="Hyde.Framework.Testing.Feature.Actions.CreatesNewPageSourceFileTest" assertions="1" time="0.005190"/>
      </testsuite>
      <testsuite name="Hyde\Framework\Testing\Feature\Actions\GeneratesSidebarTableOfContentsTest" file="/home/runner/work/develop/develop/packages/framework/tests/Feature/Actions/GeneratesSidebarTableOfContentsTest.php" tests="9" assertions="13" errors="0" failures="0" skipped="0" time="0.082087">
        <testcase name="testCanGenerateTableOfContents" file="/home/runner/work/develop/develop/packages/framework/tests/Feature/Actions/GeneratesSidebarTableOfContentsTest.php" line="22" class="Hyde\Framework\Testing\Feature\Actions\GeneratesSidebarTableOfContentsTest" classname="Hyde.Framework.Testing.Feature.Actions.GeneratesSidebarTableOfContentsTest" assertions="4" time="0.032409"/>
        <testcase name="testReturnStringContainsExpectedContent" file="/home/runner/work/develop/develop/packages/framework/tests/Feature/Actions/GeneratesSidebarTableOfContentsTest.php" line="33" class="Hyde\Framework\Testing\Feature\Actions\GeneratesSidebarTableOfContentsTest" classname="Hyde.Framework.Testing.Feature.Actions.GeneratesSidebarTableOfContentsTest" assertions="1" time="0.003890"/>
        <testcase name="testCanGenerateTableOfContentsForDocumentUsingSetextHeaders" file="/home/runner/work/develop/develop/packages/framework/tests/Feature/Actions/GeneratesSidebarTableOfContentsTest.php" line="56" class="Hyde\Framework\Testing\Feature\Actions\GeneratesSidebarTableOfContentsTest" classname="Hyde.Framework.Testing.Feature.Actions.GeneratesSidebarTableOfContentsTest" assertions="2" time="0.019063"/>
        <testcase name="testNonHeadingMarkdownIsRemoved" file="/home/runner/work/develop/develop/packages/framework/tests/Feature/Actions/GeneratesSidebarTableOfContentsTest.php" line="91" class="Hyde\Framework\Testing\Feature\Actions\GeneratesSidebarTableOfContentsTest" classname="Hyde.Framework.Testing.Feature.Actions.GeneratesSidebarTableOfContentsTest" assertions="1" time="0.006400"/>
        <testcase name="testWithNoLevelOneHeading" file="/home/runner/work/develop/develop/packages/framework/tests/Feature/Actions/GeneratesSidebarTableOfContentsTest.php" line="114" class="Hyde\Framework\Testing\Feature\Actions\GeneratesSidebarTableOfContentsTest" classname="Hyde.Framework.Testing.Feature.Actions.GeneratesSidebarTableOfContentsTest" assertions="1" time="0.003652"/>
        <testcase name="testWithMultipleNestedHeadings" file="/home/runner/work/develop/develop/packages/framework/tests/Feature/Actions/GeneratesSidebarTableOfContentsTest.php" line="136" class="Hyde\Framework\Testing\Feature\Actions\GeneratesSidebarTableOfContentsTest" classname="Hyde.Framework.Testing.Feature.Actions.GeneratesSidebarTableOfContentsTest" assertions="1" time="0.005928"/>
        <testcase name="testWithMultipleLevelOneHeadings" file="/home/runner/work/develop/develop/packages/framework/tests/Feature/Actions/GeneratesSidebarTableOfContentsTest.php" line="192" class="Hyde\Framework\Testing\Feature\Actions\GeneratesSidebarTableOfContentsTest" classname="Hyde.Framework.Testing.Feature.Actions.GeneratesSidebarTableOfContentsTest" assertions="1" time="0.004631"/>
        <testcase name="testWithNoHeadings" file="/home/runner/work/develop/develop/packages/framework/tests/Feature/Actions/GeneratesSidebarTableOfContentsTest.php" line="226" class="Hyde\Framework\Testing\Feature\Actions\GeneratesSidebarTableOfContentsTest" classname="Hyde.Framework.Testing.Feature.Actions.GeneratesSidebarTableOfContentsTest" assertions="1" time="0.003323"/>
        <testcase name="testWithNoContent" file="/home/runner/work/develop/develop/packages/framework/tests/Feature/Actions/GeneratesSidebarTableOfContentsTest.php" line="231" class="Hyde\Framework\Testing\Feature\Actions\GeneratesSidebarTableOfContentsTest" classname="Hyde.Framework.Testing.Feature.Actions.GeneratesSidebarTableOfContentsTest" assertions="1" time="0.002790"/>
      </testsuite>
      <testsuite name="Hyde\Framework\Testing\Feature\AssetServiceTest" file="/home/runner/work/develop/develop/packages/framework/tests/Feature/AssetServiceTest.php" tests="3" assertions="6" errors="0" failures="0" skipped="0" time="0.012225">
        <testcase name="testMediaLinkReturnsMediaPathWithCacheKey" file="/home/runner/work/develop/develop/packages/framework/tests/Feature/AssetServiceTest.php" line="18" class="Hyde\Framework\Testing\Feature\AssetServiceTest" classname="Hyde.Framework.Testing.Feature.AssetServiceTest" assertions="2" time="0.004080"/>
        <testcase name="testMediaLinkReturnsMediaPathWithoutCacheKeyIfCacheBustingIsDisabled" file="/home/runner/work/develop/develop/packages/framework/tests/Feature/AssetServiceTest.php" line="25" class="Hyde\Framework\Testing\Feature\AssetServiceTest" classname="Hyde.Framework.Testing.Feature.AssetServiceTest" assertions="2" time="0.003551"/>
        <testcase name="testMediaLinkSupportsCustomMediaDirectories" file="/home/runner/work/develop/develop/packages/framework/tests/Feature/AssetServiceTest.php" line="33" class="Hyde\Framework\Testing\Feature\AssetServiceTest" classname="Hyde.Framework.Testing.Feature.AssetServiceTest" assertions="2" time="0.004594"/>
      </testsuite>
      <testsuite name="Hyde\Framework\Testing\Feature\AuthorPostsIntegrationTest" file="/home/runner/work/develop/develop/packages/framework/tests/Feature/AuthorPostsIntegrationTest.php" tests="3" assertions="15" errors="0" failures="0" skipped="0" time="0.283266">
        <testcase name="testCreatePostWithUndefinedAuthor" file="/home/runner/work/develop/develop/packages/framework/tests/Feature/AuthorPostsIntegrationTest.php" line="36" class="Hyde\Framework\Testing\Feature\AuthorPostsIntegrationTest" classname="Hyde.Framework.Testing.Feature.AuthorPostsIntegrationTest" assertions="4" time="0.231895"/>
        <testcase name="testCreatePostWithDefinedAuthorWithName" file="/home/runner/work/develop/develop/packages/framework/tests/Feature/AuthorPostsIntegrationTest.php" line="69" class="Hyde\Framework\Testing\Feature\AuthorPostsIntegrationTest" classname="Hyde.Framework.Testing.Feature.AuthorPostsIntegrationTest" assertions="5" time="0.025368"/>
        <testcase name="testCreatePostWithDefinedAuthorWithWebsite" file="/home/runner/work/develop/develop/packages/framework/tests/Feature/AuthorPostsIntegrationTest.php" line="107" class="Hyde\Framework\Testing\Feature\AuthorPostsIntegrationTest" classname="Hyde.Framework.Testing.Feature.AuthorPostsIntegrationTest" assertions="6" time="0.026002"/>
      </testsuite>
      <testsuite name="Hyde\Framework\Testing\Feature\BladeMatterParserTest" file="/home/runner/work/develop/develop/packages/framework/tests/Feature/BladeMatterParserTest.php" tests="15" assertions="38" errors="0" failures="0" skipped="0" time="0.052661">
        <testcase name="testCanParseFrontMatter" file="/home/runner/work/develop/develop/packages/framework/tests/Feature/BladeMatterParserTest.php" line="16" class="Hyde\Framework\Testing\Feature\BladeMatterParserTest" classname="Hyde.Framework.Testing.Feature.BladeMatterParserTest" assertions="1" time="0.003939"/>
        <testcase name="testParseStringHelperMethod" file="/home/runner/work/develop/develop/packages/framework/tests/Feature/BladeMatterParserTest.php" line="23" class="Hyde\Framework\Testing\Feature\BladeMatterParserTest" classname="Hyde.Framework.Testing.Feature.BladeMatterParserTest" assertions="1" time="0.003285"/>
        <testcase name="testParseFileHelperMethod" file="/home/runner/work/develop/develop/packages/framework/tests/Feature/BladeMatterParserTest.php" line="31" class="Hyde\Framework\Testing\Feature\BladeMatterParserTest" classname="Hyde.Framework.Testing.Feature.BladeMatterParserTest" assertions="1" time="0.003720"/>
        <testcase name="testCanParseMultipleFrontMatterLines" file="/home/runner/work/develop/develop/packages/framework/tests/Feature/BladeMatterParserTest.php" line="40" class="Hyde\Framework\Testing\Feature\BladeMatterParserTest" classname="Hyde.Framework.Testing.Feature.BladeMatterParserTest" assertions="1" time="0.003304"/>
        <testcase name="testCanParseFrontMatterWithVariousFormats" file="/home/runner/work/develop/develop/packages/framework/tests/Feature/BladeMatterParserTest.php" line="50" class="Hyde\Framework\Testing\Feature\BladeMatterParserTest" classname="Hyde.Framework.Testing.Feature.BladeMatterParserTest" assertions="4" time="0.003598"/>
        <testcase name="testCanParseFrontMatterWithArray" file="/home/runner/work/develop/develop/packages/framework/tests/Feature/BladeMatterParserTest.php" line="64" class="Hyde\Framework\Testing\Feature\BladeMatterParserTest" classname="Hyde.Framework.Testing.Feature.BladeMatterParserTest" assertions="1" time="0.003232"/>
        <testcase name="testLineMatchesFrontMatter" file="/home/runner/work/develop/develop/packages/framework/tests/Feature/BladeMatterParserTest.php" line="70" class="Hyde\Framework\Testing\Feature\BladeMatterParserTest" classname="Hyde.Framework.Testing.Feature.BladeMatterParserTest" assertions="2" time="0.003493"/>
        <testcase name="testDirectiveCannotHaveLeadingWhitespace" file="/home/runner/work/develop/develop/packages/framework/tests/Feature/BladeMatterParserTest.php" line="76" class="Hyde\Framework\Testing\Feature\BladeMatterParserTest" classname="Hyde.Framework.Testing.Feature.BladeMatterParserTest" assertions="1" time="0.003100"/>
        <testcase name="testDirectiveSignatureCannotContainWhitespace" file="/home/runner/work/develop/develop/packages/framework/tests/Feature/BladeMatterParserTest.php" line="81" class="Hyde\Framework\Testing\Feature\BladeMatterParserTest" classname="Hyde.Framework.Testing.Feature.BladeMatterParserTest" assertions="3" time="0.003660"/>
        <testcase name="testExtractKey" file="/home/runner/work/develop/develop/packages/framework/tests/Feature/BladeMatterParserTest.php" line="88" class="Hyde\Framework\Testing\Feature\BladeMatterParserTest" classname="Hyde.Framework.Testing.Feature.BladeMatterParserTest" assertions="1" time="0.003459"/>
        <testcase name="testExtractValue" file="/home/runner/work/develop/develop/packages/framework/tests/Feature/BladeMatterParserTest.php" line="93" class="Hyde\Framework\Testing\Feature\BladeMatterParserTest" classname="Hyde.Framework.Testing.Feature.BladeMatterParserTest" assertions="1" time="0.003217"/>
        <testcase name="testGetValueWithType" file="/home/runner/work/develop/develop/packages/framework/tests/Feature/BladeMatterParserTest.php" line="98" class="Hyde\Framework\Testing\Feature\BladeMatterParserTest" classname="Hyde.Framework.Testing.Feature.BladeMatterParserTest" assertions="11" time="0.004160"/>
        <testcase name="testParseArrayString" file="/home/runner/work/develop/develop/packages/framework/tests/Feature/BladeMatterParserTest.php" line="113" class="Hyde\Framework\Testing\Feature\BladeMatterParserTest" classname="Hyde.Framework.Testing.Feature.BladeMatterParserTest" assertions="8" time="0.004135"/>
        <testcase name="testParseInvalidArrayString" file="/home/runner/work/develop/develop/packages/framework/tests/Feature/BladeMatterParserTest.php" line="126" class="Hyde\Framework\Testing\Feature\BladeMatterParserTest" classname="Hyde.Framework.Testing.Feature.BladeMatterParserTest" assertions="1" time="0.003192"/>
        <testcase name="testParseMultidimensionalArrayString" file="/home/runner/work/develop/develop/packages/framework/tests/Feature/BladeMatterParserTest.php" line="132" class="Hyde\Framework\Testing\Feature\BladeMatterParserTest" classname="Hyde.Framework.Testing.Feature.BladeMatterParserTest" assertions="1" time="0.003169"/>
      </testsuite>
      <testsuite name="Hyde\Framework\Testing\Feature\ColoredBlockquoteShortcodesTest" file="/home/runner/work/develop/develop/packages/framework/tests/Feature/ColoredBlockquoteShortcodesTest.php" tests="5" assertions="5" errors="0" failures="0" skipped="0" time="0.018245">
        <testcase name="testSignature" file="/home/runner/work/develop/develop/packages/framework/tests/Feature/ColoredBlockquoteShortcodesTest.php" line="17" class="Hyde\Framework\Testing\Feature\ColoredBlockquoteShortcodesTest" classname="Hyde.Framework.Testing.Feature.ColoredBlockquoteShortcodesTest" assertions="1" time="0.001513"/>
        <testcase name="testSignatures" file="/home/runner/work/develop/develop/packages/framework/tests/Feature/ColoredBlockquoteShortcodesTest.php" line="22" class="Hyde\Framework\Testing\Feature\ColoredBlockquoteShortcodesTest" classname="Hyde.Framework.Testing.Feature.ColoredBlockquoteShortcodesTest" assertions="1" time="0.001498"/>
        <testcase name="testResolveMethod" file="/home/runner/work/develop/develop/packages/framework/tests/Feature/ColoredBlockquoteShortcodesTest.php" line="30" class="Hyde\Framework\Testing\Feature\ColoredBlockquoteShortcodesTest" classname="Hyde.Framework.Testing.Feature.ColoredBlockquoteShortcodesTest" assertions="1" time="0.002425"/>
        <testcase name="testCanUseMarkdownWithinBlockquote" file="/home/runner/work/develop/develop/packages/framework/tests/Feature/ColoredBlockquoteShortcodesTest.php" line="38" class="Hyde\Framework\Testing\Feature\ColoredBlockquoteShortcodesTest" classname="Hyde.Framework.Testing.Feature.ColoredBlockquoteShortcodesTest" assertions="1" time="0.011349"/>
        <testcase name="testWithUnrelatedClass" file="/home/runner/work/develop/develop/packages/framework/tests/Feature/ColoredBlockquoteShortcodesTest.php" line="46" class="Hyde\Framework\Testing\Feature\ColoredBlockquoteShortcodesTest" classname="Hyde.Framework.Testing.Feature.ColoredBlockquoteShortcodesTest" assertions="1" time="0.001460"/>
      </testsuite>
      <testsuite name="Hyde\Framework\Testing\Feature\CommandTest" file="/home/runner/work/develop/develop/packages/framework/tests/Feature/CommandTest.php" tests="23" assertions="31" errors="0" failures="0" skipped="0" time="0.050061">
        <testcase name="testUserExitConstant" file="/home/runner/work/develop/develop/packages/framework/tests/Feature/CommandTest.php" line="32" class="Hyde\Framework\Testing\Feature\CommandTest" classname="Hyde.Framework.Testing.Feature.CommandTest" assertions="1" time="0.001495"/>
        <testcase name="testFileLinkHelperCreatesLinkForExistingFile" file="/home/runner/work/develop/develop/packages/framework/tests/Feature/CommandTest.php" line="37" class="Hyde\Framework\Testing\Feature\CommandTest" classname="Hyde.Framework.Testing.Feature.CommandTest" assertions="1" time="0.001805"/>
        <testcase name="testFileLinkHelperCreatesLinkForNonExistingFile" file="/home/runner/work/develop/develop/packages/framework/tests/Feature/CommandTest.php" line="49" class="Hyde\Framework\Testing\Feature\CommandTest" classname="Hyde.Framework.Testing.Feature.CommandTest" assertions="1" time="0.001646"/>
        <testcase name="testFileLinkHelperWithCustomLabel" file="/home/runner/work/develop/develop/packages/framework/tests/Feature/CommandTest.php" line="57" class="Hyde\Framework\Testing\Feature\CommandTest" classname="Hyde.Framework.Testing.Feature.CommandTest" assertions="1" time="0.001629"/>
        <testcase name="testFileLinkHelperWithAbsolutePathInput" file="/home/runner/work/develop/develop/packages/framework/tests/Feature/CommandTest.php" line="65" class="Hyde\Framework\Testing\Feature\CommandTest" classname="Hyde.Framework.Testing.Feature.CommandTest" assertions="1" time="0.001639"/>
        <testcase name="testFileLinkHelperWithAbsolutePathInputAndCustomLabel" file="/home/runner/work/develop/develop/packages/framework/tests/Feature/CommandTest.php" line="73" class="Hyde\Framework\Testing\Feature\CommandTest" classname="Hyde.Framework.Testing.Feature.CommandTest" assertions="1" time="0.001671"/>
        <testcase name="testFileLinkHelperWithAbsolutePathAndRealFile" file="/home/runner/work/develop/develop/packages/framework/tests/Feature/CommandTest.php" line="81" class="Hyde\Framework\Testing\Feature\CommandTest" classname="Hyde.Framework.Testing.Feature.CommandTest" assertions="1" time="0.001793"/>
        <testcase name="testInfoComment" file="/home/runner/work/develop/develop/packages/framework/tests/Feature/CommandTest.php" line="93" class="Hyde\Framework\Testing\Feature\CommandTest" classname="Hyde.Framework.Testing.Feature.CommandTest" assertions="1" time="0.005683"/>
        <testcase name="testInfoCommentWithExtraInfo" file="/home/runner/work/develop/develop/packages/framework/tests/Feature/CommandTest.php" line="109" class="Hyde\Framework\Testing\Feature\CommandTest" classname="Hyde.Framework.Testing.Feature.CommandTest" assertions="1" time="0.001881"/>
        <testcase name="testInfoCommentWithExtraInfoAndComments" file="/home/runner/work/develop/develop/packages/framework/tests/Feature/CommandTest.php" line="125" class="Hyde\Framework\Testing\Feature\CommandTest" classname="Hyde.Framework.Testing.Feature.CommandTest" assertions="1" time="0.001918"/>
        <testcase name="testHref" file="/home/runner/work/develop/develop/packages/framework/tests/Feature/CommandTest.php" line="141" class="Hyde\Framework\Testing\Feature\CommandTest" classname="Hyde.Framework.Testing.Feature.CommandTest" assertions="1" time="0.001649"/>
        <testcase name="testInlineGray" file="/home/runner/work/develop/develop/packages/framework/tests/Feature/CommandTest.php" line="148" class="Hyde\Framework\Testing\Feature\CommandTest" classname="Hyde.Framework.Testing.Feature.CommandTest" assertions="1" time="0.001669"/>
        <testcase name="testGray" file="/home/runner/work/develop/develop/packages/framework/tests/Feature/CommandTest.php" line="155" class="Hyde\Framework\Testing\Feature\CommandTest" classname="Hyde.Framework.Testing.Feature.CommandTest" assertions="1" time="0.001879"/>
        <testcase name="testIndentedLine" file="/home/runner/work/develop/develop/packages/framework/tests/Feature/CommandTest.php" line="160" class="Hyde\Framework\Testing\Feature\CommandTest" classname="Hyde.Framework.Testing.Feature.CommandTest" assertions="1" time="0.001896"/>
        <testcase name="testIndentedLineWithMultipleIndentations" file="/home/runner/work/develop/develop/packages/framework/tests/Feature/CommandTest.php" line="165" class="Hyde\Framework\Testing\Feature\CommandTest" classname="Hyde.Framework.Testing.Feature.CommandTest" assertions="1" time="0.001923"/>
        <testcase name="testIndentedLineWithNoIndentation" file="/home/runner/work/develop/develop/packages/framework/tests/Feature/CommandTest.php" line="170" class="Hyde\Framework\Testing\Feature\CommandTest" classname="Hyde.Framework.Testing.Feature.CommandTest" assertions="1" time="0.001899"/>
        <testcase name="testHandleCallsBaseSafeHandle" file="/home/runner/work/develop/develop/packages/framework/tests/Feature/CommandTest.php" line="175" class="Hyde\Framework\Testing\Feature\CommandTest" classname="Hyde.Framework.Testing.Feature.CommandTest" assertions="1" time="0.001582"/>
        <testcase name="testHandleCallsChildSafeHandle" file="/home/runner/work/develop/develop/packages/framework/tests/Feature/CommandTest.php" line="180" class="Hyde\Framework\Testing\Feature\CommandTest" classname="Hyde.Framework.Testing.Feature.CommandTest" assertions="1" time="0.001593"/>
        <testcase name="testSafeHandleException" file="/home/runner/work/develop/develop/packages/framework/tests/Feature/CommandTest.php" line="185" class="Hyde\Framework\Testing\Feature\CommandTest" classname="Hyde.Framework.Testing.Feature.CommandTest" assertions="2" time="0.006469"/>
        <testcase name="testCanEnableThrowOnException" file="/home/runner/work/develop/develop/packages/framework/tests/Feature/CommandTest.php" line="203" class="Hyde\Framework\Testing\Feature\CommandTest" classname="Hyde.Framework.Testing.Feature.CommandTest" assertions="2" time="0.002064"/>
        <testcase name="testAskForString" file="/home/runner/work/develop/develop/packages/framework/tests/Feature/CommandTest.php" line="218" class="Hyde\Framework\Testing\Feature\CommandTest" classname="Hyde.Framework.Testing.Feature.CommandTest" assertions="3" time="0.002157"/>
        <testcase name="testAskForStringWithDefaultValue" file="/home/runner/work/develop/develop/packages/framework/tests/Feature/CommandTest.php" line="229" class="Hyde\Framework\Testing\Feature\CommandTest" classname="Hyde.Framework.Testing.Feature.CommandTest" assertions="3" time="0.002063"/>
        <testcase name="testAskForStringWithDefaultValueSupplyingNull" file="/home/runner/work/develop/develop/packages/framework/tests/Feature/CommandTest.php" line="240" class="Hyde\Framework\Testing\Feature\CommandTest" classname="Hyde.Framework.Testing.Feature.CommandTest" assertions="3" time="0.002060"/>
      </testsuite>
      <testsuite name="Hyde\Framework\Testing\Feature\Commands\BuildRssFeedCommandTest" file="/home/runner/work/develop/develop/packages/framework/tests/Feature/Commands/BuildRssFeedCommandTest.php" tests="2" assertions="8" errors="0" failures="0" skipped="0" time="0.029869">
        <testcase name="testRssFeedIsGeneratedWhenConditionsAreMet" file="/home/runner/work/develop/develop/packages/framework/tests/Feature/Commands/BuildRssFeedCommandTest.php" line="17" class="Hyde\Framework\Testing\Feature\Commands\BuildRssFeedCommandTest" classname="Hyde.Framework.Testing.Feature.Commands.BuildRssFeedCommandTest" assertions="3" time="0.016887"/>
        <testcase name="testRssFilenameCanBeChanged" file="/home/runner/work/develop/develop/packages/framework/tests/Feature/Commands/BuildRssFeedCommandTest.php" line="30" class="Hyde\Framework\Testing\Feature\Commands\BuildRssFeedCommandTest" classname="Hyde.Framework.Testing.Feature.Commands.BuildRssFeedCommandTest" assertions="5" time="0.012982"/>
      </testsuite>
      <testsuite name="Hyde\Framework\Testing\Feature\Commands\BuildSearchCommandTest" file="/home/runner/work/develop/develop/packages/framework/tests/Feature/Commands/BuildSearchCommandTest.php" tests="8" assertions="22" errors="0" failures="0" skipped="0" time="0.230926">
        <testcase name="testItCreatesTheSearchJsonFile" file="/home/runner/work/develop/develop/packages/framework/tests/Feature/Commands/BuildSearchCommandTest.php" line="19" class="Hyde\Framework\Testing\Feature\Commands\BuildSearchCommandTest" classname="Hyde.Framework.Testing.Feature.Commands.BuildSearchCommandTest" assertions="3" time="0.094516"/>
        <testcase name="testItCreatesTheSearchPage" file="/home/runner/work/develop/develop/packages/framework/tests/Feature/Commands/BuildSearchCommandTest.php" line="30" class="Hyde\Framework\Testing\Feature\Commands\BuildSearchCommandTest" classname="Hyde.Framework.Testing.Feature.Commands.BuildSearchCommandTest" assertions="3" time="0.020737"/>
        <testcase name="testItDoesNotCreateTheSearchPageIfDisabled" file="/home/runner/work/develop/develop/packages/framework/tests/Feature/Commands/BuildSearchCommandTest.php" line="41" class="Hyde\Framework\Testing\Feature\Commands\BuildSearchCommandTest" classname="Hyde.Framework.Testing.Feature.Commands.BuildSearchCommandTest" assertions="2" time="0.011289"/>
        <testcase name="testItDoesNotDisplayTheEstimationMessageWhenItIsLessThan1Second" file="/home/runner/work/develop/develop/packages/framework/tests/Feature/Commands/BuildSearchCommandTest.php" line="51" class="Hyde\Framework\Testing\Feature\Commands\BuildSearchCommandTest" classname="Hyde.Framework.Testing.Feature.Commands.BuildSearchCommandTest" assertions="2" time="0.020831"/>
        <testcase name="testSearchFilesCanBeGeneratedForCustomDocsOutputDirectory" file="/home/runner/work/develop/develop/packages/framework/tests/Feature/Commands/BuildSearchCommandTest.php" line="61" class="Hyde\Framework\Testing\Feature\Commands\BuildSearchCommandTest" classname="Hyde.Framework.Testing.Feature.Commands.BuildSearchCommandTest" assertions="3" time="0.020926"/>
        <testcase name="testSearchFilesCanBeGeneratedForCustomSiteOutputDirectory" file="/home/runner/work/develop/develop/packages/framework/tests/Feature/Commands/BuildSearchCommandTest.php" line="72" class="Hyde\Framework\Testing\Feature\Commands\BuildSearchCommandTest" classname="Hyde.Framework.Testing.Feature.Commands.BuildSearchCommandTest" assertions="3" time="0.021150"/>
        <testcase name="testSearchFilesCanBeGeneratedForCustomSiteAndDocsOutputDirectories" file="/home/runner/work/develop/develop/packages/framework/tests/Feature/Commands/BuildSearchCommandTest.php" line="83" class="Hyde\Framework\Testing\Feature\Commands\BuildSearchCommandTest" classname="Hyde.Framework.Testing.Feature.Commands.BuildSearchCommandTest" assertions="3" time="0.021283"/>
        <testcase name="testSearchFilesCanBeGeneratedForCustomSiteAndNestedDocsOutputDirectories" file="/home/runner/work/develop/develop/packages/framework/tests/Feature/Commands/BuildSearchCommandTest.php" line="95" class="Hyde\Framework\Testing\Feature\Commands\BuildSearchCommandTest" classname="Hyde.Framework.Testing.Feature.Commands.BuildSearchCommandTest" assertions="3" time="0.020195"/>
      </testsuite>
      <testsuite name="Hyde\Framework\Testing\Feature\Commands\BuildSitemapCommandTest" file="/home/runner/work/develop/develop/packages/framework/tests/Feature/Commands/BuildSitemapCommandTest.php" tests="1" assertions="3" errors="0" failures="0" skipped="0" time="0.010869">
        <testcase name="testSitemapIsGeneratedWhenConditionsAreMet" file="/home/runner/work/develop/develop/packages/framework/tests/Feature/Commands/BuildSitemapCommandTest.php" line="17" class="Hyde\Framework\Testing\Feature\Commands\BuildSitemapCommandTest" classname="Hyde.Framework.Testing.Feature.Commands.BuildSitemapCommandTest" assertions="3" time="0.010869"/>
      </testsuite>
      <testsuite name="Hyde\Framework\Testing\Feature\Commands\ChangeSourceDirectoryCommandTest" file="/home/runner/work/develop/develop/packages/framework/tests/Feature/Commands/ChangeSourceDirectoryCommandTest.php" tests="6" assertions="38" errors="0" failures="0" skipped="0" time="0.047054">
        <testcase name="testCommandMovesSourceDirectoriesToNewSuppliedDirectoryAndUpdatesTheConfigurationFile" file="/home/runner/work/develop/develop/packages/framework/tests/Feature/Commands/ChangeSourceDirectoryCommandTest.php" line="16" class="Hyde\Framework\Testing\Feature\Commands\ChangeSourceDirectoryCommandTest" classname="Hyde.Framework.Testing.Feature.Commands.ChangeSourceDirectoryCommandTest" assertions="15" time="0.010695"/>
        <testcase name="testWithMissingConfigSearchString" file="/home/runner/work/develop/develop/packages/framework/tests/Feature/Commands/ChangeSourceDirectoryCommandTest.php" line="54" class="Hyde\Framework\Testing\Feature\Commands\ChangeSourceDirectoryCommandTest" classname="Hyde.Framework.Testing.Feature.Commands.ChangeSourceDirectoryCommandTest" assertions="15" time="0.011207"/>
        <testcase name="testWithNameMatchingCurrentValue" file="/home/runner/work/develop/develop/packages/framework/tests/Feature/Commands/ChangeSourceDirectoryCommandTest.php" line="93" class="Hyde\Framework\Testing\Feature\Commands\ChangeSourceDirectoryCommandTest" classname="Hyde.Framework.Testing.Feature.Commands.ChangeSourceDirectoryCommandTest" assertions="2" time="0.005230"/>
        <testcase name="testWithExistingDirectory" file="/home/runner/work/develop/develop/packages/framework/tests/Feature/Commands/ChangeSourceDirectoryCommandTest.php" line="100" class="Hyde\Framework\Testing\Feature\Commands\ChangeSourceDirectoryCommandTest" classname="Hyde.Framework.Testing.Feature.Commands.ChangeSourceDirectoryCommandTest" assertions="2" time="0.007323"/>
        <testcase name="testWithTargetContainingSubdirectoryFile" file="/home/runner/work/develop/develop/packages/framework/tests/Feature/Commands/ChangeSourceDirectoryCommandTest.php" line="111" class="Hyde\Framework\Testing\Feature\Commands\ChangeSourceDirectoryCommandTest" classname="Hyde.Framework.Testing.Feature.Commands.ChangeSourceDirectoryCommandTest" assertions="2" time="0.006612"/>
        <testcase name="testWithTargetBeingFile" file="/home/runner/work/develop/develop/packages/framework/tests/Feature/Commands/ChangeSourceDirectoryCommandTest.php" line="121" class="Hyde\Framework\Testing\Feature\Commands\ChangeSourceDirectoryCommandTest" classname="Hyde.Framework.Testing.Feature.Commands.ChangeSourceDirectoryCommandTest" assertions="2" time="0.005988"/>
      </testsuite>
      <testsuite name="Hyde\Framework\Testing\Feature\Commands\DebugCommandTest" file="/home/runner/work/develop/develop/packages/framework/tests/Feature/Commands/DebugCommandTest.php" tests="3" assertions="15" errors="0" failures="0" skipped="0" time="0.025441">
        <testcase name="testDebugCommandCanRun" file="/home/runner/work/develop/develop/packages/framework/tests/Feature/Commands/DebugCommandTest.php" line="21" class="Hyde\Framework\Testing\Feature\Commands\DebugCommandTest" classname="Hyde.Framework.Testing.Feature.Commands.DebugCommandTest" assertions="1" time="0.007745"/>
        <testcase name="testItPrintsDebugInformation" file="/home/runner/work/develop/develop/packages/framework/tests/Feature/Commands/DebugCommandTest.php" line="26" class="Hyde\Framework\Testing\Feature\Commands\DebugCommandTest" classname="Hyde.Framework.Testing.Feature.Commands.DebugCommandTest" assertions="8" time="0.008766"/>
        <testcase name="testItPrintsVerboseDebugInformation" file="/home/runner/work/develop/develop/packages/framework/tests/Feature/Commands/DebugCommandTest.php" line="39" class="Hyde\Framework\Testing\Feature\Commands\DebugCommandTest" classname="Hyde.Framework.Testing.Feature.Commands.DebugCommandTest" assertions="6" time="0.008930"/>
      </testsuite>
      <testsuite name="Hyde\Framework\Testing\Feature\Commands\MakePageCommandTest" file="/home/runner/work/develop/develop/packages/framework/tests/Feature/Commands/MakePageCommandTest.php" tests="14" assertions="34" errors="0" failures="0" skipped="0" time="0.117587">
        <testcase name="testCommandCanRun" file="/home/runner/work/develop/develop/packages/framework/tests/Feature/Commands/MakePageCommandTest.php" line="43" class="Hyde\Framework\Testing\Feature\Commands\MakePageCommandTest" classname="Hyde.Framework.Testing.Feature.Commands.MakePageCommandTest" assertions="1" time="0.008799"/>
        <testcase name="testCommandOutput" file="/home/runner/work/develop/develop/packages/framework/tests/Feature/Commands/MakePageCommandTest.php" line="48" class="Hyde\Framework\Testing\Feature\Commands\MakePageCommandTest" classname="Hyde.Framework.Testing.Feature.Commands.MakePageCommandTest" assertions="3" time="0.008324"/>
        <testcase name="testCommandAllowsUserToSpecifyPageType" file="/home/runner/work/develop/develop/packages/framework/tests/Feature/Commands/MakePageCommandTest.php" line="56" class="Hyde\Framework\Testing\Feature\Commands\MakePageCommandTest" classname="Hyde.Framework.Testing.Feature.Commands.MakePageCommandTest" assertions="2" time="0.010481"/>
        <testcase name="testTypeOptionIsCaseInsensitive" file="/home/runner/work/develop/develop/packages/framework/tests/Feature/Commands/MakePageCommandTest.php" line="62" class="Hyde\Framework\Testing\Feature\Commands\MakePageCommandTest" classname="Hyde.Framework.Testing.Feature.Commands.MakePageCommandTest" assertions="2" time="0.010546"/>
        <testcase name="testCommandFailsIfUserSpecifiesInvalidPageType" file="/home/runner/work/develop/develop/packages/framework/tests/Feature/Commands/MakePageCommandTest.php" line="68" class="Hyde\Framework\Testing\Feature\Commands\MakePageCommandTest" classname="Hyde.Framework.Testing.Feature.Commands.MakePageCommandTest" assertions="3" time="0.006145"/>
        <testcase name="testCommandCreatesMarkdownFile" file="/home/runner/work/develop/develop/packages/framework/tests/Feature/Commands/MakePageCommandTest.php" line="76" class="Hyde\Framework\Testing\Feature\Commands\MakePageCommandTest" classname="Hyde.Framework.Testing.Feature.Commands.MakePageCommandTest" assertions="2" time="0.008323"/>
        <testcase name="testCommandCreatesBladeFile" file="/home/runner/work/develop/develop/packages/framework/tests/Feature/Commands/MakePageCommandTest.php" line="83" class="Hyde\Framework\Testing\Feature\Commands\MakePageCommandTest" classname="Hyde.Framework.Testing.Feature.Commands.MakePageCommandTest" assertions="2" time="0.007611"/>
        <testcase name="testCommandCreatesDocumentationFile" file="/home/runner/work/develop/develop/packages/framework/tests/Feature/Commands/MakePageCommandTest.php" line="90" class="Hyde\Framework\Testing\Feature\Commands\MakePageCommandTest" classname="Hyde.Framework.Testing.Feature.Commands.MakePageCommandTest" assertions="2" time="0.009468"/>
        <testcase name="testCommandFailsIfFileAlreadyExists" file="/home/runner/work/develop/develop/packages/framework/tests/Feature/Commands/MakePageCommandTest.php" line="98" class="Hyde\Framework\Testing\Feature\Commands\MakePageCommandTest" classname="Hyde.Framework.Testing.Feature.Commands.MakePageCommandTest" assertions="3" time="0.006470"/>
        <testcase name="testCommandOverwritesExistingFilesWhenForceOptionIsUsed" file="/home/runner/work/develop/develop/packages/framework/tests/Feature/Commands/MakePageCommandTest.php" line="110" class="Hyde\Framework\Testing\Feature\Commands\MakePageCommandTest" classname="Hyde.Framework.Testing.Feature.Commands.MakePageCommandTest" assertions="2" time="0.008796"/>
        <testcase name="testCommandPromptsForTitleIfItWasNotSpecified" file="/home/runner/work/develop/develop/packages/framework/tests/Feature/Commands/MakePageCommandTest.php" line="119" class="Hyde\Framework\Testing\Feature\Commands\MakePageCommandTest" classname="Hyde.Framework.Testing.Feature.Commands.MakePageCommandTest" assertions="3" time="0.008928"/>
        <testcase name="testCommandFallsBackToDefaultTitleIfUserEntersNothing" file="/home/runner/work/develop/develop/packages/framework/tests/Feature/Commands/MakePageCommandTest.php" line="129" class="Hyde\Framework\Testing\Feature\Commands\MakePageCommandTest" classname="Hyde.Framework.Testing.Feature.Commands.MakePageCommandTest" assertions="3" time="0.008284"/>
        <testcase name="testPageTypeShorthandCanBeUsedToCreateBladePages" file="/home/runner/work/develop/develop/packages/framework/tests/Feature/Commands/MakePageCommandTest.php" line="139" class="Hyde\Framework\Testing\Feature\Commands\MakePageCommandTest" classname="Hyde.Framework.Testing.Feature.Commands.MakePageCommandTest" assertions="3" time="0.006955"/>
        <testcase name="testPageTypeShorthandCanBeUsedToCreateDocumentationPages" file="/home/runner/work/develop/develop/packages/framework/tests/Feature/Commands/MakePageCommandTest.php" line="148" class="Hyde\Framework\Testing\Feature\Commands\MakePageCommandTest" classname="Hyde.Framework.Testing.Feature.Commands.MakePageCommandTest" assertions="3" time="0.008458"/>
      </testsuite>
      <testsuite name="Hyde\Framework\Testing\Feature\Commands\MakePostCommandTest" file="/home/runner/work/develop/develop/packages/framework/tests/Feature/Commands/MakePostCommandTest.php" tests="5" assertions="48" errors="0" failures="0" skipped="0" time="0.054205">
        <testcase name="testCommandHasExpectedOutputAndCreatesValidFile" file="/home/runner/work/develop/develop/packages/framework/tests/Feature/Commands/MakePostCommandTest.php" line="17" class="Hyde\Framework\Testing\Feature\Commands\MakePostCommandTest" classname="Hyde.Framework.Testing.Feature.Commands.MakePostCommandTest" assertions="16" time="0.012090"/>
        <testcase name="testThatFilesAreNotOverwrittenWhenForceFlagIsNotSet" file="/home/runner/work/develop/develop/packages/framework/tests/Feature/Commands/MakePostCommandTest.php" line="49" class="Hyde\Framework\Testing\Feature\Commands\MakePostCommandTest" classname="Hyde.Framework.Testing.Feature.Commands.MakePostCommandTest" assertions="9" time="0.011461"/>
        <testcase name="testThatFilesAreOverwrittenWhenForceFlagIsSet" file="/home/runner/work/develop/develop/packages/framework/tests/Feature/Commands/MakePostCommandTest.php" line="72" class="Hyde\Framework\Testing\Feature\Commands\MakePostCommandTest" classname="Hyde.Framework.Testing.Feature.Commands.MakePostCommandTest" assertions="9" time="0.011462"/>
        <testcase name="testThatTitleCanBeSpecifiedInCommandSignature" file="/home/runner/work/develop/develop/packages/framework/tests/Feature/Commands/MakePostCommandTest.php" line="97" class="Hyde\Framework\Testing\Feature\Commands\MakePostCommandTest" classname="Hyde.Framework.Testing.Feature.Commands.MakePostCommandTest" assertions="6" time="0.011084"/>
        <testcase name="testThatCommandCanBeCanceled" file="/home/runner/work/develop/develop/packages/framework/tests/Feature/Commands/MakePostCommandTest.php" line="111" class="Hyde\Framework\Testing\Feature\Commands\MakePostCommandTest" classname="Hyde.Framework.Testing.Feature.Commands.MakePostCommandTest" assertions="8" time="0.008107"/>
      </testsuite>
      <testsuite name="Hyde\Framework\Testing\Feature\Commands\PackageDiscoverCommandTest" file="/home/runner/work/develop/develop/packages/framework/tests/Feature/Commands/PackageDiscoverCommandTest.php" tests="1" assertions="3" errors="0" failures="0" skipped="0" time="0.052528">
        <testcase name="testPackageDiscoverCommandRegistersManifestPath" file="/home/runner/work/develop/develop/packages/framework/tests/Feature/Commands/PackageDiscoverCommandTest.php" line="16" class="Hyde\Framework\Testing\Feature\Commands\PackageDiscoverCommandTest" classname="Hyde.Framework.Testing.Feature.Commands.PackageDiscoverCommandTest" assertions="3" time="0.052528"/>
      </testsuite>
      <testsuite name="Hyde\Framework\Testing\Feature\Commands\PublishConfigsCommandTest" file="/home/runner/work/develop/develop/packages/framework/tests/Feature/Commands/PublishConfigsCommandTest.php" tests="3" assertions="16" errors="0" failures="0" skipped="0" time="0.050903">
        <testcase name="testCommandHasExpectedOutput" file="/home/runner/work/develop/develop/packages/framework/tests/Feature/Commands/PublishConfigsCommandTest.php" line="33" class="Hyde\Framework\Testing\Feature\Commands\PublishConfigsCommandTest" classname="Hyde.Framework.Testing.Feature.Commands.PublishConfigsCommandTest" assertions="4" time="0.026890"/>
        <testcase name="testConfigFilesArePublished" file="/home/runner/work/develop/develop/packages/framework/tests/Feature/Commands/PublishConfigsCommandTest.php" line="41" class="Hyde\Framework\Testing\Feature\Commands\PublishConfigsCommandTest" classname="Hyde.Framework.Testing.Feature.Commands.PublishConfigsCommandTest" assertions="8" time="0.012290"/>
        <testcase name="testCommandOverwritesExistingFiles" file="/home/runner/work/develop/develop/packages/framework/tests/Feature/Commands/PublishConfigsCommandTest.php" line="54" class="Hyde\Framework\Testing\Feature\Commands\PublishConfigsCommandTest" classname="Hyde.Framework.Testing.Feature.Commands.PublishConfigsCommandTest" assertions="4" time="0.011723"/>
      </testsuite>
      <testsuite name="Hyde\Framework\Testing\Feature\Commands\PublishHomepageCommandTest" file="/home/runner/work/develop/develop/packages/framework/tests/Feature/Commands/PublishHomepageCommandTest.php" tests="9" assertions="28" errors="0" failures="0" skipped="0" time="0.104230">
        <testcase name="testThereAreNoDefaultPages" file="/home/runner/work/develop/develop/packages/framework/tests/Feature/Commands/PublishHomepageCommandTest.php" line="31" class="Hyde\Framework\Testing\Feature\Commands\PublishHomepageCommandTest" classname="Hyde.Framework.Testing.Feature.Commands.PublishHomepageCommandTest" assertions="1" time="0.003758"/>
        <testcase name="testCommandReturnsExpectedOutput" file="/home/runner/work/develop/develop/packages/framework/tests/Feature/Commands/PublishHomepageCommandTest.php" line="36" class="Hyde\Framework\Testing\Feature\Commands\PublishHomepageCommandTest" classname="Hyde.Framework.Testing.Feature.Commands.PublishHomepageCommandTest" assertions="3" time="0.009110"/>
        <testcase name="testCommandReturnsExpectedOutputWithRebuild" file="/home/runner/work/develop/develop/packages/framework/tests/Feature/Commands/PublishHomepageCommandTest.php" line="45" class="Hyde\Framework\Testing\Feature\Commands\PublishHomepageCommandTest" classname="Hyde.Framework.Testing.Feature.Commands.PublishHomepageCommandTest" assertions="5" time="0.025575"/>
        <testcase name="testCommandPromptsForOutput" file="/home/runner/work/develop/develop/packages/framework/tests/Feature/Commands/PublishHomepageCommandTest.php" line="57" class="Hyde\Framework\Testing\Feature\Commands\PublishHomepageCommandTest" classname="Hyde.Framework.Testing.Feature.Commands.PublishHomepageCommandTest" assertions="5" time="0.009762"/>
        <testcase name="testCommandShowsFeedbackOutputWhenSupplyingAHomepageName" file="/home/runner/work/develop/develop/packages/framework/tests/Feature/Commands/PublishHomepageCommandTest.php" line="71" class="Hyde\Framework\Testing\Feature\Commands\PublishHomepageCommandTest" classname="Hyde.Framework.Testing.Feature.Commands.PublishHomepageCommandTest" assertions="4" time="0.009411"/>
        <testcase name="testCommandHandlesErrorCode404" file="/home/runner/work/develop/develop/packages/framework/tests/Feature/Commands/PublishHomepageCommandTest.php" line="81" class="Hyde\Framework\Testing\Feature\Commands\PublishHomepageCommandTest" classname="Hyde.Framework.Testing.Feature.Commands.PublishHomepageCommandTest" assertions="2" time="0.007366"/>
        <testcase name="testCommandDoesNotOverwriteModifiedFilesWithoutForceFlag" file="/home/runner/work/develop/develop/packages/framework/tests/Feature/Commands/PublishHomepageCommandTest.php" line="89" class="Hyde\Framework\Testing\Feature\Commands\PublishHomepageCommandTest" classname="Hyde.Framework.Testing.Feature.Commands.PublishHomepageCommandTest" assertions="3" time="0.016436"/>
        <testcase name="testCommandOverwritesModifiedFilesIfForceFlagIsSet" file="/home/runner/work/develop/develop/packages/framework/tests/Feature/Commands/PublishHomepageCommandTest.php" line="101" class="Hyde\Framework\Testing\Feature\Commands\PublishHomepageCommandTest" classname="Hyde.Framework.Testing.Feature.Commands.PublishHomepageCommandTest" assertions="3" time="0.009410"/>
        <testcase name="testCommandDoesNotReturn409IfTheCurrentFileIsADefaultFile" file="/home/runner/work/develop/develop/packages/framework/tests/Feature/Commands/PublishHomepageCommandTest.php" line="113" class="Hyde\Framework\Testing\Feature\Commands\PublishHomepageCommandTest" classname="Hyde.Framework.Testing.Feature.Commands.PublishHomepageCommandTest" assertions="2" time="0.013403"/>
      </testsuite>
      <testsuite name="Hyde\Framework\Testing\Feature\Commands\PublishViewsCommandTest" file="/home/runner/work/develop/develop/packages/framework/tests/Feature/Commands/PublishViewsCommandTest.php" tests="3" assertions="9" errors="0" failures="0" skipped="0" time="0.039775">
        <testcase name="testCommandPublishesViews" file="/home/runner/work/develop/develop/packages/framework/tests/Feature/Commands/PublishViewsCommandTest.php" line="16" class="Hyde\Framework\Testing\Feature\Commands\PublishViewsCommandTest" classname="Hyde.Framework.Testing.Feature.Commands.PublishViewsCommandTest" assertions="4" time="0.024900"/>
        <testcase name="testCanSelectView" file="/home/runner/work/develop/develop/packages/framework/tests/Feature/Commands/PublishViewsCommandTest.php" line="31" class="Hyde\Framework\Testing\Feature\Commands\PublishViewsCommandTest" classname="Hyde.Framework.Testing.Feature.Commands.PublishViewsCommandTest" assertions="3" time="0.008242"/>
        <testcase name="testWithInvalidSuppliedTag" file="/home/runner/work/develop/develop/packages/framework/tests/Feature/Commands/PublishViewsCommandTest.php" line="45" class="Hyde\Framework\Testing\Feature\Commands\PublishViewsCommandTest" classname="Hyde.Framework.Testing.Feature.Commands.PublishViewsCommandTest" assertions="2" time="0.006633"/>
      </testsuite>
      <testsuite name="Hyde\Framework\Testing\Feature\Commands\RebuildPageCommandTest" file="/home/runner/work/develop/develop/packages/framework/tests/Feature/Commands/RebuildPageCommandTest.php" tests="6" assertions="12" errors="0" failures="0" skipped="0" time="0.099625">
        <testcase name="testHandleIsSuccessfulWithValidPath" file="/home/runner/work/develop/develop/packages/framework/tests/Feature/Commands/RebuildPageCommandTest.php" line="15" class="Hyde\Framework\Testing\Feature\Commands\RebuildPageCommandTest" classname="Hyde.Framework.Testing.Feature.Commands.RebuildPageCommandTest" assertions="2" time="0.022345"/>
        <testcase name="testMediaFilesCanBeTransferred" file="/home/runner/work/develop/develop/packages/framework/tests/Feature/Commands/RebuildPageCommandTest.php" line="26" class="Hyde\Framework\Testing\Feature\Commands\RebuildPageCommandTest" classname="Hyde.Framework.Testing.Feature.Commands.RebuildPageCommandTest" assertions="2" time="0.012124"/>
        <testcase name="testValidateCatchesBadSourceDirectory" file="/home/runner/work/develop/develop/packages/framework/tests/Feature/Commands/RebuildPageCommandTest.php" line="36" class="Hyde\Framework\Testing\Feature\Commands\RebuildPageCommandTest" classname="Hyde.Framework.Testing.Feature.Commands.RebuildPageCommandTest" assertions="2" time="0.005850"/>
        <testcase name="testValidateCatchesMissingFile" file="/home/runner/work/develop/develop/packages/framework/tests/Feature/Commands/RebuildPageCommandTest.php" line="43" class="Hyde\Framework\Testing\Feature\Commands\RebuildPageCommandTest" classname="Hyde.Framework.Testing.Feature.Commands.RebuildPageCommandTest" assertions="2" time="0.006887"/>
        <testcase name="testRebuildDocumentationPage" file="/home/runner/work/develop/develop/packages/framework/tests/Feature/Commands/RebuildPageCommandTest.php" line="50" class="Hyde\Framework\Testing\Feature\Commands\RebuildPageCommandTest" classname="Hyde.Framework.Testing.Feature.Commands.RebuildPageCommandTest" assertions="2" time="0.030498"/>
        <testcase name="testRebuildBlogPost" file="/home/runner/work/develop/develop/packages/framework/tests/Feature/Commands/RebuildPageCommandTest.php" line="61" class="Hyde\Framework\Testing\Feature\Commands\RebuildPageCommandTest" classname="Hyde.Framework.Testing.Feature.Commands.RebuildPageCommandTest" assertions="2" time="0.021922"/>
      </testsuite>
      <testsuite name="Hyde\Framework\Testing\Feature\Commands\RouteListCommandTest" file="/home/runner/work/develop/develop/packages/framework/tests/Feature/Commands/RouteListCommandTest.php" tests="5" assertions="31" errors="0" failures="0" skipped="0" time="0.093673">
        <testcase name="testRouteListCommand" file="/home/runner/work/develop/develop/packages/framework/tests/Feature/Commands/RouteListCommandTest.php" line="20" class="Hyde\Framework\Testing\Feature\Commands\RouteListCommandTest" classname="Hyde.Framework.Testing.Feature.Commands.RouteListCommandTest" assertions="7" time="0.029540"/>
        <testcase name="testConsoleRouteList" file="/home/runner/work/develop/develop/packages/framework/tests/Feature/Commands/RouteListCommandTest.php" line="39" class="Hyde\Framework\Testing\Feature\Commands\RouteListCommandTest" classname="Hyde.Framework.Testing.Feature.Commands.RouteListCommandTest" assertions="6" time="0.012018"/>
        <testcase name="testConsoleRouteListWithClickableOutputPaths" file="/home/runner/work/develop/develop/packages/framework/tests/Feature/Commands/RouteListCommandTest.php" line="52" class="Hyde\Framework\Testing\Feature\Commands\RouteListCommandTest" classname="Hyde.Framework.Testing.Feature.Commands.RouteListCommandTest" assertions="6" time="0.012481"/>
        <testcase name="testConsoleRouteListWithDynamicPages" file="/home/runner/work/develop/develop/packages/framework/tests/Feature/Commands/RouteListCommandTest.php" line="66" class="Hyde\Framework\Testing\Feature\Commands\RouteListCommandTest" classname="Hyde.Framework.Testing.Feature.Commands.RouteListCommandTest" assertions="6" time="0.027034"/>
        <testcase name="testConsoleRouteListWithTypeLabel" file="/home/runner/work/develop/develop/packages/framework/tests/Feature/Commands/RouteListCommandTest.php" line="81" class="Hyde\Framework\Testing\Feature\Commands\RouteListCommandTest" classname="Hyde.Framework.Testing.Feature.Commands.RouteListCommandTest" assertions="6" time="0.012599"/>
      </testsuite>
      <testsuite name="Hyde\Framework\Testing\Feature\Commands\ServeCommandTest" file="/home/runner/work/develop/develop/packages/framework/tests/Feature/Commands/ServeCommandTest.php" tests="13" assertions="41" errors="0" failures="0" skipped="0" time="0.095382">
        <testcase name="testHydeServeCommand" file="/home/runner/work/develop/develop/packages/framework/tests/Feature/Commands/ServeCommandTest.php" line="28" class="Hyde\Framework\Testing\Feature\Commands\ServeCommandTest" classname="Hyde.Framework.Testing.Feature.Commands.ServeCommandTest" assertions="3" time="0.007756"/>
        <testcase name="testHydeServeCommandWithPortOption" file="/home/runner/work/develop/develop/packages/framework/tests/Feature/Commands/ServeCommandTest.php" line="37" class="Hyde\Framework\Testing\Feature\Commands\ServeCommandTest" classname="Hyde.Framework.Testing.Feature.Commands.ServeCommandTest" assertions="3" time="0.005780"/>
        <testcase name="testHydeServeCommandWithHostOption" file="/home/runner/work/develop/develop/packages/framework/tests/Feature/Commands/ServeCommandTest.php" line="46" class="Hyde\Framework\Testing\Feature\Commands\ServeCommandTest" classname="Hyde.Framework.Testing.Feature.Commands.ServeCommandTest" assertions="3" time="0.005962"/>
        <testcase name="testHydeServeCommandWithPortAndHostOption" file="/home/runner/work/develop/develop/packages/framework/tests/Feature/Commands/ServeCommandTest.php" line="55" class="Hyde\Framework\Testing\Feature\Commands\ServeCommandTest" classname="Hyde.Framework.Testing.Feature.Commands.ServeCommandTest" assertions="3" time="0.015405"/>
        <testcase name="testHydeServeCommandWithPortDefinedInConfig" file="/home/runner/work/develop/develop/packages/framework/tests/Feature/Commands/ServeCommandTest.php" line="64" class="Hyde\Framework\Testing\Feature\Commands\ServeCommandTest" classname="Hyde.Framework.Testing.Feature.Commands.ServeCommandTest" assertions="3" time="0.005958"/>
        <testcase name="testHydeServeCommandWithPortDefinedInConfigAndPortOption" file="/home/runner/work/develop/develop/packages/framework/tests/Feature/Commands/ServeCommandTest.php" line="75" class="Hyde\Framework\Testing\Feature\Commands\ServeCommandTest" classname="Hyde.Framework.Testing.Feature.Commands.ServeCommandTest" assertions="3" time="0.005993"/>
        <testcase name="testHydeServeCommandWithPortMissingInConfigAndPortOption" file="/home/runner/work/develop/develop/packages/framework/tests/Feature/Commands/ServeCommandTest.php" line="86" class="Hyde\Framework\Testing\Feature\Commands\ServeCommandTest" classname="Hyde.Framework.Testing.Feature.Commands.ServeCommandTest" assertions="3" time="0.006005"/>
        <testcase name="testHydeServeCommandWithHostDefinedInConfig" file="/home/runner/work/develop/develop/packages/framework/tests/Feature/Commands/ServeCommandTest.php" line="97" class="Hyde\Framework\Testing\Feature\Commands\ServeCommandTest" classname="Hyde.Framework.Testing.Feature.Commands.ServeCommandTest" assertions="3" time="0.005930"/>
        <testcase name="testHydeServeCommandWithHostDefinedInConfigAndHostOption" file="/home/runner/work/develop/develop/packages/framework/tests/Feature/Commands/ServeCommandTest.php" line="108" class="Hyde\Framework\Testing\Feature\Commands\ServeCommandTest" classname="Hyde.Framework.Testing.Feature.Commands.ServeCommandTest" assertions="3" time="0.005897"/>
        <testcase name="testHydeServeCommandWithHostMissingInConfigAndHostOption" file="/home/runner/work/develop/develop/packages/framework/tests/Feature/Commands/ServeCommandTest.php" line="119" class="Hyde\Framework\Testing\Feature\Commands\ServeCommandTest" classname="Hyde.Framework.Testing.Feature.Commands.ServeCommandTest" assertions="3" time="0.005910"/>
        <testcase name="testHydeServeCommandWithInvalidConfigValue" file="/home/runner/work/develop/develop/packages/framework/tests/Feature/Commands/ServeCommandTest.php" line="130" class="Hyde\Framework\Testing\Feature\Commands\ServeCommandTest" classname="Hyde.Framework.Testing.Feature.Commands.ServeCommandTest" assertions="2" time="0.005516"/>
        <testcase name="testHydeServeCommandPassesThroughProcessOutput" file="/home/runner/work/develop/develop/packages/framework/tests/Feature/Commands/ServeCommandTest.php" line="140" class="Hyde\Framework\Testing\Feature\Commands\ServeCommandTest" classname="Hyde.Framework.Testing.Feature.Commands.ServeCommandTest" assertions="6" time="0.009241"/>
        <testcase name="testWithFancyOutput" file="/home/runner/work/develop/develop/packages/framework/tests/Feature/Commands/ServeCommandTest.php" line="167" class="Hyde\Framework\Testing\Feature\Commands\ServeCommandTest" classname="Hyde.Framework.Testing.Feature.Commands.ServeCommandTest" assertions="3" time="0.010029"/>
      </testsuite>
      <testsuite name="Hyde\Framework\Testing\Feature\Commands\ValidateCommandTest" file="/home/runner/work/develop/develop/packages/framework/tests/Feature/Commands/ValidateCommandTest.php" tests="2" assertions="8" errors="0" failures="0" skipped="0" time="0.043108">
        <testcase name="testValidateCommandCanRun" file="/home/runner/work/develop/develop/packages/framework/tests/Feature/Commands/ValidateCommandTest.php" line="18" class="Hyde\Framework\Testing\Feature\Commands\ValidateCommandTest" classname="Hyde.Framework.Testing.Feature.Commands.ValidateCommandTest" assertions="5" time="0.032102"/>
        <testcase name="testValidateCommandCanRunWithSkips" file="/home/runner/work/develop/develop/packages/framework/tests/Feature/Commands/ValidateCommandTest.php" line="31" class="Hyde\Framework\Testing\Feature\Commands\ValidateCommandTest" classname="Hyde.Framework.Testing.Feature.Commands.ValidateCommandTest" assertions="3" time="0.011006"/>
      </testsuite>
      <testsuite name="Hyde\Framework\Testing\Feature\Commands\VendorPublishCommandTest" file="/home/runner/work/develop/develop/packages/framework/tests/Feature/Commands/VendorPublishCommandTest.php" tests="5" assertions="13" errors="0" failures="0" skipped="0" time="0.037794">
        <testcase name="testCommandPromptsForProviderOrTag" file="/home/runner/work/develop/develop/packages/framework/tests/Feature/Commands/VendorPublishCommandTest.php" line="36" class="Hyde\Framework\Testing\Feature\Commands\VendorPublishCommandTest" classname="Hyde.Framework.Testing.Feature.Commands.VendorPublishCommandTest" assertions="3" time="0.007881"/>
        <testcase name="testUnhelpfulPublishersAreRemoved" file="/home/runner/work/develop/develop/packages/framework/tests/Feature/Commands/VendorPublishCommandTest.php" line="54" class="Hyde\Framework\Testing\Feature\Commands\VendorPublishCommandTest" classname="Hyde.Framework.Testing.Feature.Commands.VendorPublishCommandTest" assertions="3" time="0.006290"/>
        <testcase name="testConfigGroupIsRenamedToBeMoreHelpful" file="/home/runner/work/develop/develop/packages/framework/tests/Feature/Commands/VendorPublishCommandTest.php" line="67" class="Hyde\Framework\Testing\Feature\Commands\VendorPublishCommandTest" classname="Hyde.Framework.Testing.Feature.Commands.VendorPublishCommandTest" assertions="3" time="0.006324"/>
        <testcase name="testCanSelectDefault" file="/home/runner/work/develop/develop/packages/framework/tests/Feature/Commands/VendorPublishCommandTest.php" line="81" class="Hyde\Framework\Testing\Feature\Commands\VendorPublishCommandTest" classname="Hyde.Framework.Testing.Feature.Commands.VendorPublishCommandTest" assertions="3" time="0.006492"/>
        <testcase name="testStatusMethod" file="/home/runner/work/develop/develop/packages/framework/tests/Feature/Commands/VendorPublishCommandTest.php" line="92" class="Hyde\Framework\Testing\Feature\Commands\VendorPublishCommandTest" classname="Hyde.Framework.Testing.Feature.Commands.VendorPublishCommandTest" assertions="1" time="0.010806"/>
      </testsuite>
      <testsuite name="Hyde\Framework\Testing\Feature\ConfigurableFeaturesTest" file="/home/runner/work/develop/develop/packages/framework/tests/Feature/ConfigurableFeaturesTest.php" tests="10" assertions="71" errors="0" failures="0" skipped="0" time="0.048278">
        <testcase name="testHasFeatureReturnsFalseWhenFeatureIsNotEnabled" file="/home/runner/work/develop/develop/packages/framework/tests/Feature/ConfigurableFeaturesTest.php" line="16" class="Hyde\Framework\Testing\Feature\ConfigurableFeaturesTest" classname="Hyde.Framework.Testing.Feature.ConfigurableFeaturesTest" assertions="8" time="0.004329"/>
        <testcase name="testHasFeatureReturnsTrueWhenFeatureIsEnabled" file="/home/runner/work/develop/develop/packages/framework/tests/Feature/ConfigurableFeaturesTest.php" line="28" class="Hyde\Framework\Testing\Feature\ConfigurableFeaturesTest" classname="Hyde.Framework.Testing.Feature.ConfigurableFeaturesTest" assertions="17" time="0.004910"/>
        <testcase name="testCanGenerateSitemapHelperReturnsTrueIfHydeHasBaseUrl" file="/home/runner/work/develop/develop/packages/framework/tests/Feature/ConfigurableFeaturesTest.php" line="44" class="Hyde\Framework\Testing\Feature\ConfigurableFeaturesTest" classname="Hyde.Framework.Testing.Feature.ConfigurableFeaturesTest" assertions="1" time="0.003265"/>
        <testcase name="testCanGenerateSitemapHelperReturnsFalseIfHydeDoesNotHaveBaseUrl" file="/home/runner/work/develop/develop/packages/framework/tests/Feature/ConfigurableFeaturesTest.php" line="50" class="Hyde\Framework\Testing\Feature\ConfigurableFeaturesTest" classname="Hyde.Framework.Testing.Feature.ConfigurableFeaturesTest" assertions="1" time="0.003267"/>
        <testcase name="testCanGenerateSitemapHelperReturnsFalseIfSitemapsAreDisabledInConfig" file="/home/runner/work/develop/develop/packages/framework/tests/Feature/ConfigurableFeaturesTest.php" line="56" class="Hyde\Framework\Testing\Feature\ConfigurableFeaturesTest" classname="Hyde.Framework.Testing.Feature.ConfigurableFeaturesTest" assertions="1" time="0.003316"/>
        <testcase name="testToArrayMethodReturnsMethodArray" file="/home/runner/work/develop/develop/packages/framework/tests/Feature/ConfigurableFeaturesTest.php" line="63" class="Hyde\Framework\Testing\Feature\ConfigurableFeaturesTest" classname="Hyde.Framework.Testing.Feature.ConfigurableFeaturesTest" assertions="26" time="0.010306"/>
        <testcase name="testToArrayMethodContainsAllSettings" file="/home/runner/work/develop/develop/packages/framework/tests/Feature/ConfigurableFeaturesTest.php" line="75" class="Hyde\Framework\Testing\Feature\ConfigurableFeaturesTest" classname="Hyde.Framework.Testing.Feature.ConfigurableFeaturesTest" assertions="9" time="0.008918"/>
        <testcase name="testFeaturesCanBeMocked" file="/home/runner/work/develop/develop/packages/framework/tests/Feature/ConfigurableFeaturesTest.php" line="91" class="Hyde\Framework\Testing\Feature\ConfigurableFeaturesTest" classname="Hyde.Framework.Testing.Feature.ConfigurableFeaturesTest" assertions="2" time="0.003171"/>
        <testcase name="testDynamicFeaturesCanBeMocked" file="/home/runner/work/develop/develop/packages/framework/tests/Feature/ConfigurableFeaturesTest.php" line="100" class="Hyde\Framework\Testing\Feature\ConfigurableFeaturesTest" classname="Hyde.Framework.Testing.Feature.ConfigurableFeaturesTest" assertions="2" time="0.003310"/>
        <testcase name="testMultipleFeaturesCanBeMocked" file="/home/runner/work/develop/develop/packages/framework/tests/Feature/ConfigurableFeaturesTest.php" line="109" class="Hyde\Framework\Testing\Feature\ConfigurableFeaturesTest" classname="Hyde.Framework.Testing.Feature.ConfigurableFeaturesTest" assertions="4" time="0.003487"/>
      </testsuite>
      <testsuite name="Hyde\Framework\Testing\Feature\ConfigurableSourceRootsFeatureTest" file="/home/runner/work/develop/develop/packages/framework/tests/Feature/ConfigurableSourceRootsFeatureTest.php" tests="4" assertions="5" errors="0" failures="0" skipped="0" time="0.042371">
        <testcase name="testDefaultConfigValueIsEmptyString" file="/home/runner/work/develop/develop/packages/framework/tests/Feature/ConfigurableSourceRootsFeatureTest.php" line="23" class="Hyde\Framework\Testing\Feature\ConfigurableSourceRootsFeatureTest" classname="Hyde.Framework.Testing.Feature.ConfigurableSourceRootsFeatureTest" assertions="1" time="0.003204"/>
        <testcase name="testFilesInCustomSourceRootCanBeDiscovered" file="/home/runner/work/develop/develop/packages/framework/tests/Feature/ConfigurableSourceRootsFeatureTest.php" line="28" class="Hyde\Framework\Testing\Feature\ConfigurableSourceRootsFeatureTest" classname="Hyde.Framework.Testing.Feature.ConfigurableSourceRootsFeatureTest" assertions="2" time="0.007896"/>
        <testcase name="testFilesInCustomSourceRootCanBeCompiled" file="/home/runner/work/develop/develop/packages/framework/tests/Feature/ConfigurableSourceRootsFeatureTest.php" line="38" class="Hyde\Framework\Testing\Feature\ConfigurableSourceRootsFeatureTest" classname="Hyde.Framework.Testing.Feature.ConfigurableSourceRootsFeatureTest" assertions="1" time="0.027407"/>
        <testcase name="testHydePagePathMethodSupportsCustomSourceRoots" file="/home/runner/work/develop/develop/packages/framework/tests/Feature/ConfigurableSourceRootsFeatureTest.php" line="50" class="Hyde\Framework\Testing\Feature\ConfigurableSourceRootsFeatureTest" classname="Hyde.Framework.Testing.Feature.ConfigurableSourceRootsFeatureTest" assertions="1" time="0.003863"/>
      </testsuite>
      <testsuite name="Hyde\Framework\Testing\Feature\ConsoleKernelTest" file="/home/runner/work/develop/develop/packages/framework/tests/Feature/ConsoleKernelTest.php" tests="3" assertions="5" errors="0" failures="0" skipped="0" time="0.010665">
        <testcase name="testIsInstantiable" file="/home/runner/work/develop/develop/packages/framework/tests/Feature/ConsoleKernelTest.php" line="18" class="Hyde\Framework\Testing\Feature\ConsoleKernelTest" classname="Hyde.Framework.Testing.Feature.ConsoleKernelTest" assertions="1" time="0.003341"/>
        <testcase name="testClassImplementsKernelInterface" file="/home/runner/work/develop/develop/packages/framework/tests/Feature/ConsoleKernelTest.php" line="23" class="Hyde\Framework\Testing\Feature\ConsoleKernelTest" classname="Hyde.Framework.Testing.Feature.ConsoleKernelTest" assertions="1" time="0.003329"/>
        <testcase name="testBootstrappers" file="/home/runner/work/develop/develop/packages/framework/tests/Feature/ConsoleKernelTest.php" line="28" class="Hyde\Framework\Testing\Feature\ConsoleKernelTest" classname="Hyde.Framework.Testing.Feature.ConsoleKernelTest" assertions="3" time="0.003995"/>
      </testsuite>
      <testsuite name="Hyde\Framework\Testing\Feature\ConvertsArrayToFrontMatterTest" file="/home/runner/work/develop/develop/packages/framework/tests/Feature/ConvertsArrayToFrontMatterTest.php" tests="2" assertions="2" errors="0" failures="0" skipped="0" time="0.006429">
        <testcase name="testActionConvertsAnArrayToFrontMatter" file="/home/runner/work/develop/develop/packages/framework/tests/Feature/ConvertsArrayToFrontMatterTest.php" line="15" class="Hyde\Framework\Testing\Feature\ConvertsArrayToFrontMatterTest" classname="Hyde.Framework.Testing.Feature.ConvertsArrayToFrontMatterTest" assertions="1" time="0.003360"/>
        <testcase name="testActionReturnsEmptyStringIfArrayIsEmpty" file="/home/runner/work/develop/develop/packages/framework/tests/Feature/ConvertsArrayToFrontMatterTest.php" line="42" class="Hyde\Framework\Testing\Feature\ConvertsArrayToFrontMatterTest" classname="Hyde.Framework.Testing.Feature.ConvertsArrayToFrontMatterTest" assertions="1" time="0.003069"/>
      </testsuite>
      <testsuite name="Hyde\Framework\Testing\Feature\DarkmodeFeatureTest" file="/home/runner/work/develop/develop/packages/framework/tests/Feature/DarkmodeFeatureTest.php" tests="5" assertions="10" errors="0" failures="0" skipped="0" time="0.063998">
        <testcase name="testHasDarkmode" file="/home/runner/work/develop/develop/packages/framework/tests/Feature/DarkmodeFeatureTest.php" line="26" class="Hyde\Framework\Testing\Feature\DarkmodeFeatureTest" classname="Hyde.Framework.Testing.Feature.DarkmodeFeatureTest" assertions="2" time="0.004086"/>
        <testcase name="testLayoutHasToggleButtonAndScriptWhenEnabled" file="/home/runner/work/develop/develop/packages/framework/tests/Feature/DarkmodeFeatureTest.php" line="39" class="Hyde\Framework\Testing\Feature\DarkmodeFeatureTest" classname="Hyde.Framework.Testing.Feature.DarkmodeFeatureTest" assertions="2" time="0.013216"/>
        <testcase name="testDocumentationPageHasToggleButtonAndScriptWhenEnabled" file="/home/runner/work/develop/develop/packages/framework/tests/Feature/DarkmodeFeatureTest.php" line="57" class="Hyde\Framework\Testing\Feature\DarkmodeFeatureTest" classname="Hyde.Framework.Testing.Feature.DarkmodeFeatureTest" assertions="2" time="0.012232"/>
        <testcase name="testDarkModeThemeButtonIsHiddenInLayoutsWhenDisabled" file="/home/runner/work/develop/develop/packages/framework/tests/Feature/DarkmodeFeatureTest.php" line="76" class="Hyde\Framework\Testing\Feature\DarkmodeFeatureTest" classname="Hyde.Framework.Testing.Feature.DarkmodeFeatureTest" assertions="2" time="0.022240"/>
        <testcase name="testDarkModeThemeButtonIsHiddenInDocumentationPagesWhenDisabled" file="/home/runner/work/develop/develop/packages/framework/tests/Feature/DarkmodeFeatureTest.php" line="93" class="Hyde\Framework\Testing\Feature\DarkmodeFeatureTest" classname="Hyde.Framework.Testing.Feature.DarkmodeFeatureTest" assertions="2" time="0.012224"/>
      </testsuite>
      <testsuite name="Hyde\Framework\Testing\Feature\DataCollectionTest" file="/home/runner/work/develop/develop/packages/framework/tests/Feature/DataCollectionTest.php" tests="15" assertions="19" errors="0" failures="0" skipped="0" time="0.089258">
        <testcase name="testMarkdownCollections" file="/home/runner/work/develop/develop/packages/framework/tests/Feature/DataCollectionTest.php" line="21" class="Hyde\Framework\Testing\Feature\DataCollectionTest" classname="Hyde.Framework.Testing.Feature.DataCollectionTest" assertions="1" time="0.018017"/>
        <testcase name="testYamlCollections" file="/home/runner/work/develop/develop/packages/framework/tests/Feature/DataCollectionTest.php" line="33" class="Hyde\Framework\Testing\Feature\DataCollectionTest" classname="Hyde.Framework.Testing.Feature.DataCollectionTest" assertions="1" time="0.005534"/>
        <testcase name="testJsonCollections" file="/home/runner/work/develop/develop/packages/framework/tests/Feature/DataCollectionTest.php" line="45" class="Hyde\Framework\Testing\Feature\DataCollectionTest" classname="Hyde.Framework.Testing.Feature.DataCollectionTest" assertions="1" time="0.005166"/>
        <testcase name="testJsonCollectionsAsArrays" file="/home/runner/work/develop/develop/packages/framework/tests/Feature/DataCollectionTest.php" line="57" class="Hyde\Framework\Testing\Feature\DataCollectionTest" classname="Hyde.Framework.Testing.Feature.DataCollectionTest" assertions="1" time="0.005098"/>
        <testcase name="testFindMarkdownFilesMethodReturnsEmptyArrayIfTheSpecifiedDirectoryDoesNotExist" file="/home/runner/work/develop/develop/packages/framework/tests/Feature/DataCollectionTest.php" line="69" class="Hyde\Framework\Testing\Feature\DataCollectionTest" classname="Hyde.Framework.Testing.Feature.DataCollectionTest" assertions="2" time="0.004113"/>
        <testcase name="testFindMarkdownFilesMethodReturnsEmptyArrayIfNoFilesAreFoundInSpecifiedDirectory" file="/home/runner/work/develop/develop/packages/framework/tests/Feature/DataCollectionTest.php" line="76" class="Hyde\Framework\Testing\Feature\DataCollectionTest" classname="Hyde.Framework.Testing.Feature.DataCollectionTest" assertions="2" time="0.004606"/>
        <testcase name="testFindMarkdownFilesMethodReturnsAnArrayOfMarkdownFilesInTheSpecifiedDirectory" file="/home/runner/work/develop/develop/packages/framework/tests/Feature/DataCollectionTest.php" line="85" class="Hyde\Framework\Testing\Feature\DataCollectionTest" classname="Hyde.Framework.Testing.Feature.DataCollectionTest" assertions="1" time="0.005401"/>
        <testcase name="testFindMarkdownFilesMethodDoesNotIncludeFilesInSubdirectories" file="/home/runner/work/develop/develop/packages/framework/tests/Feature/DataCollectionTest.php" line="97" class="Hyde\Framework\Testing\Feature\DataCollectionTest" classname="Hyde.Framework.Testing.Feature.DataCollectionTest" assertions="1" time="0.005577"/>
        <testcase name="testFindMarkdownFilesMethodDoesNotIncludeFilesWithExtensionsOtherThanMd" file="/home/runner/work/develop/develop/packages/framework/tests/Feature/DataCollectionTest.php" line="109" class="Hyde\Framework\Testing\Feature\DataCollectionTest" classname="Hyde.Framework.Testing.Feature.DataCollectionTest" assertions="1" time="0.005168"/>
        <testcase name="testFindMarkdownFilesMethodDoesNotRemoveFilesStartingWithAnUnderscore" file="/home/runner/work/develop/develop/packages/framework/tests/Feature/DataCollectionTest.php" line="120" class="Hyde\Framework\Testing\Feature\DataCollectionTest" classname="Hyde.Framework.Testing.Feature.DataCollectionTest" assertions="1" time="0.004933"/>
        <testcase name="testStaticMarkdownHelperDiscoversAndParsesMarkdownFilesInTheSpecifiedDirectory" file="/home/runner/work/develop/develop/packages/framework/tests/Feature/DataCollectionTest.php" line="130" class="Hyde\Framework\Testing\Feature\DataCollectionTest" classname="Hyde.Framework.Testing.Feature.DataCollectionTest" assertions="1" time="0.005817"/>
        <testcase name="testStaticMarkdownHelperDoestNotIgnoreFilesStartingWithAnUnderscore" file="/home/runner/work/develop/develop/packages/framework/tests/Feature/DataCollectionTest.php" line="142" class="Hyde\Framework\Testing\Feature\DataCollectionTest" classname="Hyde.Framework.Testing.Feature.DataCollectionTest" assertions="1" time="0.005349"/>
        <testcase name="testSourceDirectoryCanBeChanged" file="/home/runner/work/develop/develop/packages/framework/tests/Feature/DataCollectionTest.php" line="151" class="Hyde\Framework\Testing\Feature\DataCollectionTest" classname="Hyde.Framework.Testing.Feature.DataCollectionTest" assertions="1" time="0.005003"/>
        <testcase name="testSourceDirectoryIsAutomaticallyAddedIfMissing" file="/home/runner/work/develop/develop/packages/framework/tests/Feature/DataCollectionTest.php" line="164" class="Hyde\Framework\Testing\Feature\DataCollectionTest" classname="Hyde.Framework.Testing.Feature.DataCollectionTest" assertions="2" time="0.004854"/>
        <testcase name="testCustomSourceDirectoryIsAutomaticallyAddedIfMissing" file="/home/runner/work/develop/develop/packages/framework/tests/Feature/DataCollectionTest.php" line="175" class="Hyde\Framework\Testing\Feature\DataCollectionTest" classname="Hyde.Framework.Testing.Feature.DataCollectionTest" assertions="2" time="0.004622"/>
      </testsuite>
      <testsuite name="Hyde\Framework\Testing\Feature\DiscoveryServiceTest" file="/home/runner/work/develop/develop/packages/framework/tests/Feature/DiscoveryServiceTest.php" tests="18" assertions="38" errors="0" failures="0" skipped="0" time="0.076995">
        <testcase name="testGetSourceFileListForModelMethodFindsDefaultModelProperties" file="/home/runner/work/develop/develop/packages/framework/tests/Feature/DiscoveryServiceTest.php" line="53" class="Hyde\Framework\Testing\Feature\DiscoveryServiceTest" classname="Hyde.Framework.Testing.Feature.DiscoveryServiceTest" assertions="1" time="0.007838"/>
        <testcase name="testGetSourceFileListForModelMethodFindsCustomizedSourceDirectory" file="/home/runner/work/develop/develop/packages/framework/tests/Feature/DiscoveryServiceTest.php" line="59" class="Hyde\Framework\Testing\Feature\DiscoveryServiceTest" classname="Hyde.Framework.Testing.Feature.DiscoveryServiceTest" assertions="1" time="0.006690"/>
        <testcase name="testGetSourceFileListForModelMethodFindsCustomizedFileExtension" file="/home/runner/work/develop/develop/packages/framework/tests/Feature/DiscoveryServiceTest.php" line="69" class="Hyde\Framework\Testing\Feature\DiscoveryServiceTest" classname="Hyde.Framework.Testing.Feature.DiscoveryServiceTest" assertions="1" time="0.006660"/>
        <testcase name="testGetMediaAssetFiles" file="/home/runner/work/develop/develop/packages/framework/tests/Feature/DiscoveryServiceTest.php" line="82" class="Hyde\Framework\Testing\Feature\DiscoveryServiceTest" classname="Hyde.Framework.Testing.Feature.DiscoveryServiceTest" assertions="1" time="0.002277"/>
        <testcase name="testGetMediaAssetFilesDiscoversFiles" file="/home/runner/work/develop/develop/packages/framework/tests/Feature/DiscoveryServiceTest.php" line="87" class="Hyde\Framework\Testing\Feature\DiscoveryServiceTest" classname="Hyde.Framework.Testing.Feature.DiscoveryServiceTest" assertions="8" time="0.007792"/>
        <testcase name="testGetMediaAssetFilesDiscoversCustomFileTypes" file="/home/runner/work/develop/develop/packages/framework/tests/Feature/DiscoveryServiceTest.php" line="98" class="Hyde\Framework\Testing\Feature\DiscoveryServiceTest" classname="Hyde.Framework.Testing.Feature.DiscoveryServiceTest" assertions="2" time="0.002797"/>
        <testcase name="testGetMediaAssetFilesDiscoversFilesRecursively" file="/home/runner/work/develop/develop/packages/framework/tests/Feature/DiscoveryServiceTest.php" line="107" class="Hyde\Framework\Testing\Feature\DiscoveryServiceTest" classname="Hyde.Framework.Testing.Feature.DiscoveryServiceTest" assertions="1" time="0.003034"/>
        <testcase name="testGetMediaAssetFilesDiscoversFilesVeryRecursively" file="/home/runner/work/develop/develop/packages/framework/tests/Feature/DiscoveryServiceTest.php" line="115" class="Hyde\Framework\Testing\Feature\DiscoveryServiceTest" classname="Hyde.Framework.Testing.Feature.DiscoveryServiceTest" assertions="1" time="0.003175"/>
        <testcase name="testMediaAssetExtensionsCanBeAddedByCommaSeparatedValues" file="/home/runner/work/develop/develop/packages/framework/tests/Feature/DiscoveryServiceTest.php" line="124" class="Hyde\Framework\Testing\Feature\DiscoveryServiceTest" classname="Hyde.Framework.Testing.Feature.DiscoveryServiceTest" assertions="2" time="0.002979"/>
        <testcase name="testMediaAssetExtensionsCanBeAddedByArray" file="/home/runner/work/develop/develop/packages/framework/tests/Feature/DiscoveryServiceTest.php" line="137" class="Hyde\Framework\Testing\Feature\DiscoveryServiceTest" classname="Hyde.Framework.Testing.Feature.DiscoveryServiceTest" assertions="2" time="0.003020"/>
        <testcase name="testBladePageFilesStartingWithUnderscoreAreIgnored" file="/home/runner/work/develop/develop/packages/framework/tests/Feature/DiscoveryServiceTest.php" line="149" class="Hyde\Framework\Testing\Feature\DiscoveryServiceTest" classname="Hyde.Framework.Testing.Feature.DiscoveryServiceTest" assertions="1" time="0.005834"/>
        <testcase name="testMarkdownPageFilesStartingWithUnderscoreAreIgnored" file="/home/runner/work/develop/develop/packages/framework/tests/Feature/DiscoveryServiceTest.php" line="155" class="Hyde\Framework\Testing\Feature\DiscoveryServiceTest" classname="Hyde.Framework.Testing.Feature.DiscoveryServiceTest" assertions="1" time="0.005431"/>
        <testcase name="testPostFilesStartingWithUnderscoreAreIgnored" file="/home/runner/work/develop/develop/packages/framework/tests/Feature/DiscoveryServiceTest.php" line="161" class="Hyde\Framework\Testing\Feature\DiscoveryServiceTest" classname="Hyde.Framework.Testing.Feature.DiscoveryServiceTest" assertions="1" time="0.005496"/>
        <testcase name="testDocumentationPageFilesStartingWithUnderscoreAreIgnored" file="/home/runner/work/develop/develop/packages/framework/tests/Feature/DiscoveryServiceTest.php" line="167" class="Hyde\Framework\Testing\Feature\DiscoveryServiceTest" classname="Hyde.Framework.Testing.Feature.DiscoveryServiceTest" assertions="1" time="0.005463"/>
        <testcase name="testBladePagePathToIdentifierHelperFormatsPathToIdentifier" file="/home/runner/work/develop/develop/packages/framework/tests/Feature/DiscoveryServiceTest.php" line="173" class="Hyde\Framework\Testing\Feature\DiscoveryServiceTest" classname="Hyde.Framework.Testing.Feature.DiscoveryServiceTest" assertions="5" time="0.002301"/>
        <testcase name="testMarkdownPagePathToIdentifierHelperFormatsPathToIdentifier" file="/home/runner/work/develop/develop/packages/framework/tests/Feature/DiscoveryServiceTest.php" line="183" class="Hyde\Framework\Testing\Feature\DiscoveryServiceTest" classname="Hyde.Framework.Testing.Feature.DiscoveryServiceTest" assertions="3" time="0.002054"/>
        <testcase name="testMarkdownPostPathToIdentifierHelperFormatsPathToIdentifier" file="/home/runner/work/develop/develop/packages/framework/tests/Feature/DiscoveryServiceTest.php" line="190" class="Hyde\Framework\Testing\Feature\DiscoveryServiceTest" classname="Hyde.Framework.Testing.Feature.DiscoveryServiceTest" assertions="3" time="0.002070"/>
        <testcase name="testDocumentationPagePathToIdentifierHelperFormatsPathToIdentifier" file="/home/runner/work/develop/develop/packages/framework/tests/Feature/DiscoveryServiceTest.php" line="197" class="Hyde\Framework\Testing\Feature\DiscoveryServiceTest" classname="Hyde.Framework.Testing.Feature.DiscoveryServiceTest" assertions="3" time="0.002083"/>
      </testsuite>
      <testsuite name="Hyde\Framework\Testing\Feature\DocumentationSearchPageTest" file="/home/runner/work/develop/develop/packages/framework/tests/Feature/DocumentationSearchPageTest.php" tests="9" assertions="9" errors="0" failures="0" skipped="0" time="0.045803">
        <testcase name="testCanCreateDocumentationSearchPageInstance" file="/home/runner/work/develop/develop/packages/framework/tests/Feature/DocumentationSearchPageTest.php" line="20" class="Hyde\Framework\Testing\Feature\DocumentationSearchPageTest" classname="Hyde.Framework.Testing.Feature.DocumentationSearchPageTest" assertions="1" time="0.004628"/>
        <testcase name="testRouteKeyIsSetToDocumentationOutputDirectory" file="/home/runner/work/develop/develop/packages/framework/tests/Feature/DocumentationSearchPageTest.php" line="25" class="Hyde\Framework\Testing\Feature\DocumentationSearchPageTest" classname="Hyde.Framework.Testing.Feature.DocumentationSearchPageTest" assertions="1" time="0.004398"/>
        <testcase name="testRouteKeyIsSetToConfiguredDocumentationOutputDirectory" file="/home/runner/work/develop/develop/packages/framework/tests/Feature/DocumentationSearchPageTest.php" line="31" class="Hyde\Framework\Testing\Feature\DocumentationSearchPageTest" classname="Hyde.Framework.Testing.Feature.DocumentationSearchPageTest" assertions="1" time="0.004403"/>
        <testcase name="testEnabledDefaultsToTrue" file="/home/runner/work/develop/develop/packages/framework/tests/Feature/DocumentationSearchPageTest.php" line="39" class="Hyde\Framework\Testing\Feature\DocumentationSearchPageTest" classname="Hyde.Framework.Testing.Feature.DocumentationSearchPageTest" assertions="1" time="0.007944"/>
        <testcase name="testEnabledIsFalseWhenDisabled" file="/home/runner/work/develop/develop/packages/framework/tests/Feature/DocumentationSearchPageTest.php" line="44" class="Hyde\Framework\Testing\Feature\DocumentationSearchPageTest" classname="Hyde.Framework.Testing.Feature.DocumentationSearchPageTest" assertions="1" time="0.003036"/>
        <testcase name="testEnabledIsFalseWhenRouteExists" file="/home/runner/work/develop/develop/packages/framework/tests/Feature/DocumentationSearchPageTest.php" line="50" class="Hyde\Framework\Testing\Feature\DocumentationSearchPageTest" classname="Hyde.Framework.Testing.Feature.DocumentationSearchPageTest" assertions="1" time="0.007740"/>
        <testcase name="testEnabledIsFalseWhenDisabledAndRouteExists" file="/home/runner/work/develop/develop/packages/framework/tests/Feature/DocumentationSearchPageTest.php" line="56" class="Hyde\Framework\Testing\Feature\DocumentationSearchPageTest" classname="Hyde.Framework.Testing.Feature.DocumentationSearchPageTest" assertions="1" time="0.007581"/>
        <testcase name="testStaticRouteKeyHelper" file="/home/runner/work/develop/develop/packages/framework/tests/Feature/DocumentationSearchPageTest.php" line="63" class="Hyde\Framework\Testing\Feature\DocumentationSearchPageTest" classname="Hyde.Framework.Testing.Feature.DocumentationSearchPageTest" assertions="1" time="0.002944"/>
        <testcase name="testStaticRouteKeyHelperWithCustomOutputDirectory" file="/home/runner/work/develop/develop/packages/framework/tests/Feature/DocumentationSearchPageTest.php" line="68" class="Hyde\Framework\Testing\Feature\DocumentationSearchPageTest" classname="Hyde.Framework.Testing.Feature.DocumentationSearchPageTest" assertions="1" time="0.003128"/>
      </testsuite>
      <testsuite name="Hyde\Framework\Testing\Feature\FeaturedImageFactoryTest" file="/home/runner/work/develop/develop/packages/framework/tests/Feature/FeaturedImageFactoryTest.php" tests="8" assertions="27" errors="0" failures="0" skipped="0" time="0.049016">
        <testcase name="testWithDataFromSchema" file="/home/runner/work/develop/develop/packages/framework/tests/Feature/FeaturedImageFactoryTest.php" line="19" class="Hyde\Framework\Testing\Feature\FeaturedImageFactoryTest" classname="Hyde.Framework.Testing.Feature.FeaturedImageFactoryTest" assertions="1" time="0.019416"/>
        <testcase name="testMakeMethodCreatesImageWhenPathIsSet" file="/home/runner/work/develop/develop/packages/framework/tests/Feature/FeaturedImageFactoryTest.php" line="48" class="Hyde\Framework\Testing\Feature\FeaturedImageFactoryTest" classname="Hyde.Framework.Testing.Feature.FeaturedImageFactoryTest" assertions="2" time="0.003709"/>
        <testcase name="testMakeMethodThrowsExceptionIfNoPathInformationIsSet" file="/home/runner/work/develop/develop/packages/framework/tests/Feature/FeaturedImageFactoryTest.php" line="58" class="Hyde\Framework\Testing\Feature\FeaturedImageFactoryTest" classname="Hyde.Framework.Testing.Feature.FeaturedImageFactoryTest" assertions="2" time="0.003309"/>
        <testcase name="testMakeMethodCanCreateImageFromJustString" file="/home/runner/work/develop/develop/packages/framework/tests/Feature/FeaturedImageFactoryTest.php" line="66" class="Hyde\Framework\Testing\Feature\FeaturedImageFactoryTest" classname="Hyde.Framework.Testing.Feature.FeaturedImageFactoryTest" assertions="2" time="0.003667"/>
        <testcase name="testMakeMethodCanCreateImageFromJustStringWithUrl" file="/home/runner/work/develop/develop/packages/framework/tests/Feature/FeaturedImageFactoryTest.php" line="76" class="Hyde\Framework\Testing\Feature\FeaturedImageFactoryTest" classname="Hyde.Framework.Testing.Feature.FeaturedImageFactoryTest" assertions="2" time="0.003700"/>
        <testcase name="testImagePathsAreNormalized" file="/home/runner/work/develop/develop/packages/framework/tests/Feature/FeaturedImageFactoryTest.php" line="86" class="Hyde\Framework\Testing\Feature\FeaturedImageFactoryTest" classname="Hyde.Framework.Testing.Feature.FeaturedImageFactoryTest" assertions="6" time="0.005063"/>
        <testcase name="testImagePathsAreNormalizedForCustomizedMediaDirectory" file="/home/runner/work/develop/develop/packages/framework/tests/Feature/FeaturedImageFactoryTest.php" line="97" class="Hyde\Framework\Testing\Feature\FeaturedImageFactoryTest" classname="Hyde.Framework.Testing.Feature.FeaturedImageFactoryTest" assertions="6" time="0.005057"/>
        <testcase name="testImagePathsAreNormalizedForCustomizedMediaDirectoryWithoutUnderscore" file="/home/runner/work/develop/develop/packages/framework/tests/Feature/FeaturedImageFactoryTest.php" line="110" class="Hyde\Framework\Testing\Feature\FeaturedImageFactoryTest" classname="Hyde.Framework.Testing.Feature.FeaturedImageFactoryTest" assertions="6" time="0.005095"/>
      </testsuite>
      <testsuite name="Hyde\Framework\Testing\Feature\FeaturedImageTest" file="/home/runner/work/develop/develop/packages/framework/tests/Feature/FeaturedImageTest.php" tests="7" assertions="19" errors="0" failures="0" skipped="0" time="0.041455">
        <testcase name="testGetMetadataArray" file="/home/runner/work/develop/develop/packages/framework/tests/Feature/FeaturedImageTest.php" line="20" class="Hyde\Framework\Testing\Feature\FeaturedImageTest" classname="Hyde.Framework.Testing.Feature.FeaturedImageTest" assertions="4" time="0.004484"/>
        <testcase name="testCanConstructFeaturedImage" file="/home/runner/work/develop/develop/packages/framework/tests/Feature/FeaturedImageTest.php" line="45" class="Hyde\Framework\Testing\Feature\FeaturedImageTest" classname="Hyde.Framework.Testing.Feature.FeaturedImageTest" assertions="2" time="0.003469"/>
        <testcase name="testFeaturedImageGetContentLength" file="/home/runner/work/develop/develop/packages/framework/tests/Feature/FeaturedImageTest.php" line="53" class="Hyde\Framework\Testing\Feature\FeaturedImageTest" classname="Hyde.Framework.Testing.Feature.FeaturedImageTest" assertions="1" time="0.003730"/>
        <testcase name="testFeaturedImageGetContentLengthWithRemoteSource" file="/home/runner/work/develop/develop/packages/framework/tests/Feature/FeaturedImageTest.php" line="61" class="Hyde\Framework\Testing\Feature\FeaturedImageTest" classname="Hyde.Framework.Testing.Feature.FeaturedImageTest" assertions="1" time="0.014748"/>
        <testcase name="testFeaturedImageGetContentLengthWithRemoteSourceAndNotFoundResponse" file="/home/runner/work/develop/develop/packages/framework/tests/Feature/FeaturedImageTest.php" line="73" class="Hyde\Framework\Testing\Feature\FeaturedImageTest" classname="Hyde.Framework.Testing.Feature.FeaturedImageTest" assertions="1" time="0.005880"/>
        <testcase name="testFeaturedImageGetContentLengthWithRemoteSourceAndInvalidResponse" file="/home/runner/work/develop/develop/packages/framework/tests/Feature/FeaturedImageTest.php" line="83" class="Hyde\Framework\Testing\Feature\FeaturedImageTest" classname="Hyde.Framework.Testing.Feature.FeaturedImageTest" assertions="1" time="0.003839"/>
        <testcase name="testGetSourceMethod" file="/home/runner/work/develop/develop/packages/framework/tests/Feature/FeaturedImageTest.php" line="95" class="Hyde\Framework\Testing\Feature\FeaturedImageTest" classname="Hyde.Framework.Testing.Feature.FeaturedImageTest" assertions="9" time="0.005305"/>
      </testsuite>
      <testsuite name="Hyde\Framework\Testing\Feature\FileCollectionTest" file="/home/runner/work/develop/develop/packages/framework/tests/Feature/FileCollectionTest.php" tests="9" assertions="16" errors="0" failures="0" skipped="0" time="0.053961">
        <testcase name="testBootMethodCreatesNewPageCollectionAndDiscoversPagesAutomatically" file="/home/runner/work/develop/develop/packages/framework/tests/Feature/FileCollectionTest.php" line="26" class="Hyde\Framework\Testing\Feature\FileCollectionTest" classname="Hyde.Framework.Testing.Feature.FileCollectionTest" assertions="3" time="0.004717"/>
        <testcase name="testGetFileReturnsParsedFileObjectForGivenFilePath" file="/home/runner/work/develop/develop/packages/framework/tests/Feature/FileCollectionTest.php" line="38" class="Hyde\Framework\Testing\Feature\FileCollectionTest" classname="Hyde.Framework.Testing.Feature.FileCollectionTest" assertions="1" time="0.009461"/>
        <testcase name="testGetFileThrowsExceptionWhenFileIsNotFound" file="/home/runner/work/develop/develop/packages/framework/tests/Feature/FileCollectionTest.php" line="45" class="Hyde\Framework\Testing\Feature\FileCollectionTest" classname="Hyde.Framework.Testing.Feature.FileCollectionTest" assertions="2" time="0.007353"/>
        <testcase name="testGetSourceFilesReturnsAllDiscoveredSourceFilesWhenNoParameterIsSupplied" file="/home/runner/work/develop/develop/packages/framework/tests/Feature/FileCollectionTest.php" line="53" class="Hyde\Framework\Testing\Feature\FileCollectionTest" classname="Hyde.Framework.Testing.Feature.FileCollectionTest" assertions="1" time="0.007269"/>
        <testcase name="testGetSourceFilesDoesNotIncludeNonPageSourceFiles" file="/home/runner/work/develop/develop/packages/framework/tests/Feature/FileCollectionTest.php" line="61" class="Hyde\Framework\Testing\Feature\FileCollectionTest" classname="Hyde.Framework.Testing.Feature.FileCollectionTest" assertions="1" time="0.005160"/>
        <testcase name="testBladePagesAreDiscovered" file="/home/runner/work/develop/develop/packages/framework/tests/Feature/FileCollectionTest.php" line="71" class="Hyde\Framework\Testing\Feature\FileCollectionTest" classname="Hyde.Framework.Testing.Feature.FileCollectionTest" assertions="2" time="0.004852"/>
        <testcase name="testMarkdownPagesAreDiscovered" file="/home/runner/work/develop/develop/packages/framework/tests/Feature/FileCollectionTest.php" line="80" class="Hyde\Framework\Testing\Feature\FileCollectionTest" classname="Hyde.Framework.Testing.Feature.FileCollectionTest" assertions="2" time="0.005231"/>
        <testcase name="testMarkdownPostsAreDiscovered" file="/home/runner/work/develop/develop/packages/framework/tests/Feature/FileCollectionTest.php" line="89" class="Hyde\Framework\Testing\Feature\FileCollectionTest" classname="Hyde.Framework.Testing.Feature.FileCollectionTest" assertions="2" time="0.004917"/>
        <testcase name="testDocumentationPagesAreDiscovered" file="/home/runner/work/develop/develop/packages/framework/tests/Feature/FileCollectionTest.php" line="98" class="Hyde\Framework\Testing\Feature\FileCollectionTest" classname="Hyde.Framework.Testing.Feature.FileCollectionTest" assertions="2" time="0.005000"/>
      </testsuite>
      <testsuite name="Hyde\Framework\Testing\Feature\FilesystemFacadeTest" file="/home/runner/work/develop/develop/packages/framework/tests/Feature/FilesystemFacadeTest.php" tests="59" assertions="66" errors="0" failures="0" skipped="0" time="0.218238">
        <testcase name="testBasePath" file="/home/runner/work/develop/develop/packages/framework/tests/Feature/FilesystemFacadeTest.php" line="21" class="Hyde\Framework\Testing\Feature\FilesystemFacadeTest" classname="Hyde.Framework.Testing.Feature.FilesystemFacadeTest" assertions="1" time="0.003392"/>
        <testcase name="testAbsolutePath" file="/home/runner/work/develop/develop/packages/framework/tests/Feature/FilesystemFacadeTest.php" line="26" class="Hyde\Framework\Testing\Feature\FilesystemFacadeTest" classname="Hyde.Framework.Testing.Feature.FilesystemFacadeTest" assertions="2" time="0.003503"/>
        <testcase name="testRelativePath" file="/home/runner/work/develop/develop/packages/framework/tests/Feature/FilesystemFacadeTest.php" line="32" class="Hyde\Framework\Testing\Feature\FilesystemFacadeTest" classname="Hyde.Framework.Testing.Feature.FilesystemFacadeTest" assertions="3" time="0.003484"/>
        <testcase name="testSmartGlob" file="/home/runner/work/develop/develop/packages/framework/tests/Feature/FilesystemFacadeTest.php" line="39" class="Hyde\Framework\Testing\Feature\FilesystemFacadeTest" classname="Hyde.Framework.Testing.Feature.FilesystemFacadeTest" assertions="2" time="0.009109"/>
        <testcase name="testTouch" file="/home/runner/work/develop/develop/packages/framework/tests/Feature/FilesystemFacadeTest.php" line="53" class="Hyde\Framework\Testing\Feature\FilesystemFacadeTest" classname="Hyde.Framework.Testing.Feature.FilesystemFacadeTest" assertions="1" time="0.003523"/>
        <testcase name="testUnlink" file="/home/runner/work/develop/develop/packages/framework/tests/Feature/FilesystemFacadeTest.php" line="61" class="Hyde\Framework\Testing\Feature\FilesystemFacadeTest" classname="Hyde.Framework.Testing.Feature.FilesystemFacadeTest" assertions="1" time="0.003399"/>
        <testcase name="testUnlinkIfExists" file="/home/runner/work/develop/develop/packages/framework/tests/Feature/FilesystemFacadeTest.php" line="69" class="Hyde\Framework\Testing\Feature\FilesystemFacadeTest" classname="Hyde.Framework.Testing.Feature.FilesystemFacadeTest" assertions="1" time="0.003397"/>
        <testcase name="testGetContents" file="/home/runner/work/develop/develop/packages/framework/tests/Feature/FilesystemFacadeTest.php" line="77" class="Hyde\Framework\Testing\Feature\FilesystemFacadeTest" classname="Hyde.Framework.Testing.Feature.FilesystemFacadeTest" assertions="1" time="0.003632"/>
        <testcase name="testPutContents" file="/home/runner/work/develop/develop/packages/framework/tests/Feature/FilesystemFacadeTest.php" line="84" class="Hyde\Framework\Testing\Feature\FilesystemFacadeTest" classname="Hyde.Framework.Testing.Feature.FilesystemFacadeTest" assertions="1" time="0.003605"/>
        <testcase name="testExists" file="/home/runner/work/develop/develop/packages/framework/tests/Feature/FilesystemFacadeTest.php" line="91" class="Hyde\Framework\Testing\Feature\FilesystemFacadeTest" classname="Hyde.Framework.Testing.Feature.FilesystemFacadeTest" assertions="1" time="0.003525"/>
        <testcase name="testMissing" file="/home/runner/work/develop/develop/packages/framework/tests/Feature/FilesystemFacadeTest.php" line="98" class="Hyde\Framework\Testing\Feature\FilesystemFacadeTest" classname="Hyde.Framework.Testing.Feature.FilesystemFacadeTest" assertions="1" time="0.003523"/>
        <testcase name="testGet" file="/home/runner/work/develop/develop/packages/framework/tests/Feature/FilesystemFacadeTest.php" line="105" class="Hyde\Framework\Testing\Feature\FilesystemFacadeTest" classname="Hyde.Framework.Testing.Feature.FilesystemFacadeTest" assertions="1" time="0.003580"/>
        <testcase name="testSharedGet" file="/home/runner/work/develop/develop/packages/framework/tests/Feature/FilesystemFacadeTest.php" line="112" class="Hyde\Framework\Testing\Feature\FilesystemFacadeTest" classname="Hyde.Framework.Testing.Feature.FilesystemFacadeTest" assertions="1" time="0.003520"/>
        <testcase name="testGetRequire" file="/home/runner/work/develop/develop/packages/framework/tests/Feature/FilesystemFacadeTest.php" line="119" class="Hyde\Framework\Testing\Feature\FilesystemFacadeTest" classname="Hyde.Framework.Testing.Feature.FilesystemFacadeTest" assertions="1" time="0.003553"/>
        <testcase name="testRequireOnce" file="/home/runner/work/develop/develop/packages/framework/tests/Feature/FilesystemFacadeTest.php" line="126" class="Hyde\Framework\Testing\Feature\FilesystemFacadeTest" classname="Hyde.Framework.Testing.Feature.FilesystemFacadeTest" assertions="1" time="0.003587"/>
        <testcase name="testLines" file="/home/runner/work/develop/develop/packages/framework/tests/Feature/FilesystemFacadeTest.php" line="133" class="Hyde\Framework\Testing\Feature\FilesystemFacadeTest" classname="Hyde.Framework.Testing.Feature.FilesystemFacadeTest" assertions="1" time="0.004837"/>
        <testcase name="testHash" file="/home/runner/work/develop/develop/packages/framework/tests/Feature/FilesystemFacadeTest.php" line="140" class="Hyde\Framework\Testing\Feature\FilesystemFacadeTest" classname="Hyde.Framework.Testing.Feature.FilesystemFacadeTest" assertions="1" time="0.003456"/>
        <testcase name="testPut" file="/home/runner/work/develop/develop/packages/framework/tests/Feature/FilesystemFacadeTest.php" line="147" class="Hyde\Framework\Testing\Feature\FilesystemFacadeTest" classname="Hyde.Framework.Testing.Feature.FilesystemFacadeTest" assertions="1" time="0.003466"/>
        <testcase name="testReplace" file="/home/runner/work/develop/develop/packages/framework/tests/Feature/FilesystemFacadeTest.php" line="154" class="Hyde\Framework\Testing\Feature\FilesystemFacadeTest" classname="Hyde.Framework.Testing.Feature.FilesystemFacadeTest" assertions="1" time="0.003476"/>
        <testcase name="testReplaceInFile" file="/home/runner/work/develop/develop/packages/framework/tests/Feature/FilesystemFacadeTest.php" line="161" class="Hyde\Framework\Testing\Feature\FilesystemFacadeTest" classname="Hyde.Framework.Testing.Feature.FilesystemFacadeTest" assertions="1" time="0.003522"/>
        <testcase name="testPrepend" file="/home/runner/work/develop/develop/packages/framework/tests/Feature/FilesystemFacadeTest.php" line="168" class="Hyde\Framework\Testing\Feature\FilesystemFacadeTest" classname="Hyde.Framework.Testing.Feature.FilesystemFacadeTest" assertions="1" time="0.003480"/>
        <testcase name="testAppend" file="/home/runner/work/develop/develop/packages/framework/tests/Feature/FilesystemFacadeTest.php" line="175" class="Hyde\Framework\Testing\Feature\FilesystemFacadeTest" classname="Hyde.Framework.Testing.Feature.FilesystemFacadeTest" assertions="1" time="0.004362"/>
        <testcase name="testChmod" file="/home/runner/work/develop/develop/packages/framework/tests/Feature/FilesystemFacadeTest.php" line="182" class="Hyde\Framework\Testing\Feature\FilesystemFacadeTest" classname="Hyde.Framework.Testing.Feature.FilesystemFacadeTest" assertions="1" time="0.003550"/>
        <testcase name="testDelete" file="/home/runner/work/develop/develop/packages/framework/tests/Feature/FilesystemFacadeTest.php" line="189" class="Hyde\Framework\Testing\Feature\FilesystemFacadeTest" classname="Hyde.Framework.Testing.Feature.FilesystemFacadeTest" assertions="1" time="0.003567"/>
        <testcase name="testDeleteWithArray" file="/home/runner/work/develop/develop/packages/framework/tests/Feature/FilesystemFacadeTest.php" line="196" class="Hyde\Framework\Testing\Feature\FilesystemFacadeTest" classname="Hyde.Framework.Testing.Feature.FilesystemFacadeTest" assertions="1" time="0.003589"/>
        <testcase name="testMove" file="/home/runner/work/develop/develop/packages/framework/tests/Feature/FilesystemFacadeTest.php" line="203" class="Hyde\Framework\Testing\Feature\FilesystemFacadeTest" classname="Hyde.Framework.Testing.Feature.FilesystemFacadeTest" assertions="1" time="0.003591"/>
        <testcase name="testCopy" file="/home/runner/work/develop/develop/packages/framework/tests/Feature/FilesystemFacadeTest.php" line="210" class="Hyde\Framework\Testing\Feature\FilesystemFacadeTest" classname="Hyde.Framework.Testing.Feature.FilesystemFacadeTest" assertions="1" time="0.003544"/>
        <testcase name="testLink" file="/home/runner/work/develop/develop/packages/framework/tests/Feature/FilesystemFacadeTest.php" line="217" class="Hyde\Framework\Testing\Feature\FilesystemFacadeTest" classname="Hyde.Framework.Testing.Feature.FilesystemFacadeTest" assertions="1" time="0.003557"/>
        <testcase name="testRelativeLink" file="/home/runner/work/develop/develop/packages/framework/tests/Feature/FilesystemFacadeTest.php" line="224" class="Hyde\Framework\Testing\Feature\FilesystemFacadeTest" classname="Hyde.Framework.Testing.Feature.FilesystemFacadeTest" assertions="1" time="0.003569"/>
        <testcase name="testName" file="/home/runner/work/develop/develop/packages/framework/tests/Feature/FilesystemFacadeTest.php" line="231" class="Hyde\Framework\Testing\Feature\FilesystemFacadeTest" classname="Hyde.Framework.Testing.Feature.FilesystemFacadeTest" assertions="1" time="0.003485"/>
        <testcase name="testBasename" file="/home/runner/work/develop/develop/packages/framework/tests/Feature/FilesystemFacadeTest.php" line="238" class="Hyde\Framework\Testing\Feature\FilesystemFacadeTest" classname="Hyde.Framework.Testing.Feature.FilesystemFacadeTest" assertions="1" time="0.003487"/>
        <testcase name="testDirname" file="/home/runner/work/develop/develop/packages/framework/tests/Feature/FilesystemFacadeTest.php" line="245" class="Hyde\Framework\Testing\Feature\FilesystemFacadeTest" classname="Hyde.Framework.Testing.Feature.FilesystemFacadeTest" assertions="1" time="0.003496"/>
        <testcase name="testExtension" file="/home/runner/work/develop/develop/packages/framework/tests/Feature/FilesystemFacadeTest.php" line="252" class="Hyde\Framework\Testing\Feature\FilesystemFacadeTest" classname="Hyde.Framework.Testing.Feature.FilesystemFacadeTest" assertions="1" time="0.003598"/>
        <testcase name="testGuessExtension" file="/home/runner/work/develop/develop/packages/framework/tests/Feature/FilesystemFacadeTest.php" line="259" class="Hyde\Framework\Testing\Feature\FilesystemFacadeTest" classname="Hyde.Framework.Testing.Feature.FilesystemFacadeTest" assertions="1" time="0.003485"/>
        <testcase name="testType" file="/home/runner/work/develop/develop/packages/framework/tests/Feature/FilesystemFacadeTest.php" line="266" class="Hyde\Framework\Testing\Feature\FilesystemFacadeTest" classname="Hyde.Framework.Testing.Feature.FilesystemFacadeTest" assertions="1" time="0.003485"/>
        <testcase name="testMimeType" file="/home/runner/work/develop/develop/packages/framework/tests/Feature/FilesystemFacadeTest.php" line="273" class="Hyde\Framework\Testing\Feature\FilesystemFacadeTest" classname="Hyde.Framework.Testing.Feature.FilesystemFacadeTest" assertions="1" time="0.003498"/>
        <testcase name="testSize" file="/home/runner/work/develop/develop/packages/framework/tests/Feature/FilesystemFacadeTest.php" line="280" class="Hyde\Framework\Testing\Feature\FilesystemFacadeTest" classname="Hyde.Framework.Testing.Feature.FilesystemFacadeTest" assertions="1" time="0.003532"/>
        <testcase name="testLastModified" file="/home/runner/work/develop/develop/packages/framework/tests/Feature/FilesystemFacadeTest.php" line="287" class="Hyde\Framework\Testing\Feature\FilesystemFacadeTest" classname="Hyde.Framework.Testing.Feature.FilesystemFacadeTest" assertions="1" time="0.003536"/>
        <testcase name="testIsDirectory" file="/home/runner/work/develop/develop/packages/framework/tests/Feature/FilesystemFacadeTest.php" line="294" class="Hyde\Framework\Testing\Feature\FilesystemFacadeTest" classname="Hyde.Framework.Testing.Feature.FilesystemFacadeTest" assertions="1" time="0.003750"/>
        <testcase name="testIsEmptyDirectory" file="/home/runner/work/develop/develop/packages/framework/tests/Feature/FilesystemFacadeTest.php" line="301" class="Hyde\Framework\Testing\Feature\FilesystemFacadeTest" classname="Hyde.Framework.Testing.Feature.FilesystemFacadeTest" assertions="1" time="0.003587"/>
        <testcase name="testIsReadable" file="/home/runner/work/develop/develop/packages/framework/tests/Feature/FilesystemFacadeTest.php" line="308" class="Hyde\Framework\Testing\Feature\FilesystemFacadeTest" classname="Hyde.Framework.Testing.Feature.FilesystemFacadeTest" assertions="1" time="0.003509"/>
        <testcase name="testIsWritable" file="/home/runner/work/develop/develop/packages/framework/tests/Feature/FilesystemFacadeTest.php" line="315" class="Hyde\Framework\Testing\Feature\FilesystemFacadeTest" classname="Hyde.Framework.Testing.Feature.FilesystemFacadeTest" assertions="1" time="0.003504"/>
        <testcase name="testHasSameHash" file="/home/runner/work/develop/develop/packages/framework/tests/Feature/FilesystemFacadeTest.php" line="322" class="Hyde\Framework\Testing\Feature\FilesystemFacadeTest" classname="Hyde.Framework.Testing.Feature.FilesystemFacadeTest" assertions="1" time="0.003584"/>
        <testcase name="testIsFile" file="/home/runner/work/develop/develop/packages/framework/tests/Feature/FilesystemFacadeTest.php" line="329" class="Hyde\Framework\Testing\Feature\FilesystemFacadeTest" classname="Hyde.Framework.Testing.Feature.FilesystemFacadeTest" assertions="1" time="0.003546"/>
        <testcase name="testGlob" file="/home/runner/work/develop/develop/packages/framework/tests/Feature/FilesystemFacadeTest.php" line="336" class="Hyde\Framework\Testing\Feature\FilesystemFacadeTest" classname="Hyde.Framework.Testing.Feature.FilesystemFacadeTest" assertions="1" time="0.003516"/>
        <testcase name="testFiles" file="/home/runner/work/develop/develop/packages/framework/tests/Feature/FilesystemFacadeTest.php" line="343" class="Hyde\Framework\Testing\Feature\FilesystemFacadeTest" classname="Hyde.Framework.Testing.Feature.FilesystemFacadeTest" assertions="1" time="0.003518"/>
        <testcase name="testAllFiles" file="/home/runner/work/develop/develop/packages/framework/tests/Feature/FilesystemFacadeTest.php" line="350" class="Hyde\Framework\Testing\Feature\FilesystemFacadeTest" classname="Hyde.Framework.Testing.Feature.FilesystemFacadeTest" assertions="1" time="0.003498"/>
        <testcase name="testDirectories" file="/home/runner/work/develop/develop/packages/framework/tests/Feature/FilesystemFacadeTest.php" line="357" class="Hyde\Framework\Testing\Feature\FilesystemFacadeTest" classname="Hyde.Framework.Testing.Feature.FilesystemFacadeTest" assertions="1" time="0.003570"/>
        <testcase name="testEnsureDirectoryExists" file="/home/runner/work/develop/develop/packages/framework/tests/Feature/FilesystemFacadeTest.php" line="364" class="Hyde\Framework\Testing\Feature\FilesystemFacadeTest" classname="Hyde.Framework.Testing.Feature.FilesystemFacadeTest" assertions="1" time="0.003542"/>
        <testcase name="testMakeDirectory" file="/home/runner/work/develop/develop/packages/framework/tests/Feature/FilesystemFacadeTest.php" line="371" class="Hyde\Framework\Testing\Feature\FilesystemFacadeTest" classname="Hyde.Framework.Testing.Feature.FilesystemFacadeTest" assertions="1" time="0.003604"/>
        <testcase name="testMoveDirectory" file="/home/runner/work/develop/develop/packages/framework/tests/Feature/FilesystemFacadeTest.php" line="378" class="Hyde\Framework\Testing\Feature\FilesystemFacadeTest" classname="Hyde.Framework.Testing.Feature.FilesystemFacadeTest" assertions="1" time="0.003606"/>
        <testcase name="testCopyDirectory" file="/home/runner/work/develop/develop/packages/framework/tests/Feature/FilesystemFacadeTest.php" line="385" class="Hyde\Framework\Testing\Feature\FilesystemFacadeTest" classname="Hyde.Framework.Testing.Feature.FilesystemFacadeTest" assertions="1" time="0.003891"/>
        <testcase name="testDeleteDirectory" file="/home/runner/work/develop/develop/packages/framework/tests/Feature/FilesystemFacadeTest.php" line="392" class="Hyde\Framework\Testing\Feature\FilesystemFacadeTest" classname="Hyde.Framework.Testing.Feature.FilesystemFacadeTest" assertions="1" time="0.003514"/>
        <testcase name="testDeleteDirectories" file="/home/runner/work/develop/develop/packages/framework/tests/Feature/FilesystemFacadeTest.php" line="399" class="Hyde\Framework\Testing\Feature\FilesystemFacadeTest" classname="Hyde.Framework.Testing.Feature.FilesystemFacadeTest" assertions="1" time="0.003566"/>
        <testcase name="testCleanDirectory" file="/home/runner/work/develop/develop/packages/framework/tests/Feature/FilesystemFacadeTest.php" line="406" class="Hyde\Framework\Testing\Feature\FilesystemFacadeTest" classname="Hyde.Framework.Testing.Feature.FilesystemFacadeTest" assertions="1" time="0.003577"/>
        <testcase name="testMethodWithoutMocking" file="/home/runner/work/develop/develop/packages/framework/tests/Feature/FilesystemFacadeTest.php" line="413" class="Hyde\Framework\Testing\Feature\FilesystemFacadeTest" classname="Hyde.Framework.Testing.Feature.FilesystemFacadeTest" assertions="2" time="0.004283"/>
        <testcase name="testMethodWithNamedArguments" file="/home/runner/work/develop/develop/packages/framework/tests/Feature/FilesystemFacadeTest.php" line="421" class="Hyde\Framework\Testing\Feature\FilesystemFacadeTest" classname="Hyde.Framework.Testing.Feature.FilesystemFacadeTest" assertions="2" time="0.003924"/>
        <testcase name="testMethodWithMixedSequentialAndNamedArguments" file="/home/runner/work/develop/develop/packages/framework/tests/Feature/FilesystemFacadeTest.php" line="429" class="Hyde\Framework\Testing\Feature\FilesystemFacadeTest" classname="Hyde.Framework.Testing.Feature.FilesystemFacadeTest" assertions="2" time="0.003799"/>
        <testcase name="testMethodWithMixedSequentialAndNamedArgumentsSkippingMiddleOne" file="/home/runner/work/develop/develop/packages/framework/tests/Feature/FilesystemFacadeTest.php" line="437" class="Hyde\Framework\Testing\Feature\FilesystemFacadeTest" classname="Hyde.Framework.Testing.Feature.FilesystemFacadeTest" assertions="1" time="0.003846"/>
      </testsuite>
      <testsuite name="Hyde\Framework\Testing\Feature\Foundation\FilesystemTest" file="/home/runner/work/develop/develop/packages/framework/tests/Feature/Foundation/FilesystemTest.php" tests="51" assertions="84" errors="0" failures="0" skipped="0" time="0.105773">
        <testcase name="testGetBasePathReturnsKernelsBasePath" file="/home/runner/work/develop/develop/packages/framework/tests/Feature/Foundation/FilesystemTest.php" line="50" class="Hyde\Framework\Testing\Feature\Foundation\FilesystemTest" classname="Hyde.Framework.Testing.Feature.Foundation.FilesystemTest" assertions="1" time="0.002645"/>
        <testcase name="testPathMethodExists" file="/home/runner/work/develop/develop/packages/framework/tests/Feature/Foundation/FilesystemTest.php" line="56" class="Hyde\Framework\Testing\Feature\Foundation\FilesystemTest" classname="Hyde.Framework.Testing.Feature.Foundation.FilesystemTest" assertions="1" time="0.001790"/>
        <testcase name="testPathMethodReturnsString" file="/home/runner/work/develop/develop/packages/framework/tests/Feature/Foundation/FilesystemTest.php" line="61" class="Hyde\Framework\Testing\Feature\Foundation\FilesystemTest" classname="Hyde.Framework.Testing.Feature.Foundation.FilesystemTest" assertions="1" time="0.001812"/>
        <testcase name="testPathMethodReturnsBasePathWhenNotSuppliedWithArgument" file="/home/runner/work/develop/develop/packages/framework/tests/Feature/Foundation/FilesystemTest.php" line="66" class="Hyde\Framework\Testing\Feature\Foundation\FilesystemTest" classname="Hyde.Framework.Testing.Feature.Foundation.FilesystemTest" assertions="1" time="0.001878"/>
        <testcase name="testPathMethodReturnsPathRelativeToBasePathWhenSuppliedWithArgument" file="/home/runner/work/develop/develop/packages/framework/tests/Feature/Foundation/FilesystemTest.php" line="72" class="Hyde\Framework\Testing\Feature\Foundation\FilesystemTest" classname="Hyde.Framework.Testing.Feature.Foundation.FilesystemTest" assertions="1" time="0.002010"/>
        <testcase name="testPathMethodReturnsQualifiedFilePathWhenSuppliedWithArgument" file="/home/runner/work/develop/develop/packages/framework/tests/Feature/Foundation/FilesystemTest.php" line="78" class="Hyde\Framework\Testing\Feature\Foundation\FilesystemTest" classname="Hyde.Framework.Testing.Feature.Foundation.FilesystemTest" assertions="1" time="0.001979"/>
        <testcase name="testPathMethodReturnsExpectedValueForNestedPathArguments" file="/home/runner/work/develop/develop/packages/framework/tests/Feature/Foundation/FilesystemTest.php" line="84" class="Hyde\Framework\Testing\Feature\Foundation\FilesystemTest" classname="Hyde.Framework.Testing.Feature.Foundation.FilesystemTest" assertions="1" time="0.002036"/>
        <testcase name="testPathMethodStripsTrailingDirectorySeparatorsFromArgument" file="/home/runner/work/develop/develop/packages/framework/tests/Feature/Foundation/FilesystemTest.php" line="90" class="Hyde\Framework\Testing\Feature\Foundation\FilesystemTest" classname="Hyde.Framework.Testing.Feature.Foundation.FilesystemTest" assertions="1" time="0.001946"/>
        <testcase name="testPathMethodReturnsExpectedValueRegardlessOfTrailingDirectorySeparatorsInArgument" file="/home/runner/work/develop/develop/packages/framework/tests/Feature/Foundation/FilesystemTest.php" line="96" class="Hyde\Framework\Testing\Feature\Foundation\FilesystemTest" classname="Hyde.Framework.Testing.Feature.Foundation.FilesystemTest" assertions="1" time="0.001985"/>
        <testcase name="testPathMethodResolvesAlreadyAbsolutePaths" file="/home/runner/work/develop/develop/packages/framework/tests/Feature/Foundation/FilesystemTest.php" line="102" class="Hyde\Framework\Testing\Feature\Foundation\FilesystemTest" classname="Hyde.Framework.Testing.Feature.Foundation.FilesystemTest" assertions="1" time="0.001919"/>
        <testcase name="testPathMethodResolvesAlreadyAbsolutePathsUsingHelper" file="/home/runner/work/develop/develop/packages/framework/tests/Feature/Foundation/FilesystemTest.php" line="108" class="Hyde\Framework\Testing\Feature\Foundation\FilesystemTest" classname="Hyde.Framework.Testing.Feature.Foundation.FilesystemTest" assertions="1" time="0.001986"/>
        <testcase name="testPathMethodResolvesAlreadyAbsolutePathsUsingHelperWithTrailingSlash" file="/home/runner/work/develop/develop/packages/framework/tests/Feature/Foundation/FilesystemTest.php" line="113" class="Hyde\Framework\Testing\Feature\Foundation\FilesystemTest" classname="Hyde.Framework.Testing.Feature.Foundation.FilesystemTest" assertions="1" time="0.002020"/>
        <testcase name="testPathMethodDoesNotModifyPharPaths" file="/home/runner/work/develop/develop/packages/framework/tests/Feature/Foundation/FilesystemTest.php" line="118" class="Hyde\Framework\Testing\Feature\Foundation\FilesystemTest" classname="Hyde.Framework.Testing.Feature.Foundation.FilesystemTest" assertions="1" time="0.001850"/>
        <testcase name="testHydePathMethodExists" file="/home/runner/work/develop/develop/packages/framework/tests/Feature/Foundation/FilesystemTest.php" line="123" class="Hyde\Framework\Testing\Feature\Foundation\FilesystemTest" classname="Hyde.Framework.Testing.Feature.Foundation.FilesystemTest" assertions="1" time="0.001805"/>
        <testcase name="testHydePathStringIsReturned" file="/home/runner/work/develop/develop/packages/framework/tests/Feature/Foundation/FilesystemTest.php" line="128" class="Hyde\Framework\Testing\Feature\Foundation\FilesystemTest" classname="Hyde.Framework.Testing.Feature.Foundation.FilesystemTest" assertions="1" time="0.001867"/>
        <testcase name="testHydePathReturnedDirectoryContainsContentExpectedToBeInTheProjectDirectory" file="/home/runner/work/develop/develop/packages/framework/tests/Feature/Foundation/FilesystemTest.php" line="133" class="Hyde\Framework\Testing\Feature\Foundation\FilesystemTest" classname="Hyde.Framework.Testing.Feature.Foundation.FilesystemTest" assertions="1" time="0.002005"/>
        <testcase name="testVendorPathMethodExists" file="/home/runner/work/develop/develop/packages/framework/tests/Feature/Foundation/FilesystemTest.php" line="138" class="Hyde\Framework\Testing\Feature\Foundation\FilesystemTest" classname="Hyde.Framework.Testing.Feature.Foundation.FilesystemTest" assertions="1" time="0.001805"/>
        <testcase name="testVendorPathMethodReturnsString" file="/home/runner/work/develop/develop/packages/framework/tests/Feature/Foundation/FilesystemTest.php" line="143" class="Hyde\Framework\Testing\Feature\Foundation\FilesystemTest" classname="Hyde.Framework.Testing.Feature.Foundation.FilesystemTest" assertions="1" time="0.001943"/>
        <testcase name="testVendorPathMethodReturnsTheVendorPath" file="/home/runner/work/develop/develop/packages/framework/tests/Feature/Foundation/FilesystemTest.php" line="148" class="Hyde\Framework\Testing\Feature\Foundation\FilesystemTest" classname="Hyde.Framework.Testing.Feature.Foundation.FilesystemTest" assertions="1" time="0.001998"/>
        <testcase name="testVendorPathMethodReturnsQualifiedFilePathWhenSuppliedWithArgument" file="/home/runner/work/develop/develop/packages/framework/tests/Feature/Foundation/FilesystemTest.php" line="153" class="Hyde\Framework\Testing\Feature\Foundation\FilesystemTest" classname="Hyde.Framework.Testing.Feature.Foundation.FilesystemTest" assertions="1" time="0.001977"/>
        <testcase name="testVendorPathMethodReturnsExpectedValueRegardlessOfTrailingDirectorySeparatorsInArgument" file="/home/runner/work/develop/develop/packages/framework/tests/Feature/Foundation/FilesystemTest.php" line="158" class="Hyde\Framework\Testing\Feature\Foundation\FilesystemTest" classname="Hyde.Framework.Testing.Feature.Foundation.FilesystemTest" assertions="1" time="0.002012"/>
        <testcase name="testVendorPathCanSpecifyWhichHydePackageToUse" file="/home/runner/work/develop/develop/packages/framework/tests/Feature/Foundation/FilesystemTest.php" line="164" class="Hyde\Framework\Testing\Feature\Foundation\FilesystemTest" classname="Hyde.Framework.Testing.Feature.Foundation.FilesystemTest" assertions="2" time="0.002091"/>
        <testcase name="testVendorPathCanRunInPhar" file="/home/runner/work/develop/develop/packages/framework/tests/Feature/Foundation/FilesystemTest.php" line="170" class="Hyde\Framework\Testing\Feature\Foundation\FilesystemTest" classname="Hyde.Framework.Testing.Feature.Foundation.FilesystemTest" assertions="1" time="0.002060"/>
        <testcase name="testTouchHelperCreatesFileAtGivenPath" file="/home/runner/work/develop/develop/packages/framework/tests/Feature/Foundation/FilesystemTest.php" line="184" class="Hyde\Framework\Testing\Feature\Foundation\FilesystemTest" classname="Hyde.Framework.Testing.Feature.Foundation.FilesystemTest" assertions="2" time="0.002211"/>
        <testcase name="testTouchHelperCreatesMultipleFilesAtGivenPaths" file="/home/runner/work/develop/develop/packages/framework/tests/Feature/Foundation/FilesystemTest.php" line="191" class="Hyde\Framework\Testing\Feature\Foundation\FilesystemTest" classname="Hyde.Framework.Testing.Feature.Foundation.FilesystemTest" assertions="3" time="0.002351"/>
        <testcase name="testUnlinkHelperDeletesFileAtGivenPath" file="/home/runner/work/develop/develop/packages/framework/tests/Feature/Foundation/FilesystemTest.php" line="200" class="Hyde\Framework\Testing\Feature\Foundation\FilesystemTest" classname="Hyde.Framework.Testing.Feature.Foundation.FilesystemTest" assertions="2" time="0.002194"/>
        <testcase name="testUnlinkHelperDeletesMultipleFilesAtGivenPaths" file="/home/runner/work/develop/develop/packages/framework/tests/Feature/Foundation/FilesystemTest.php" line="207" class="Hyde\Framework\Testing\Feature\Foundation\FilesystemTest" classname="Hyde.Framework.Testing.Feature.Foundation.FilesystemTest" assertions="3" time="0.002401"/>
        <testcase name="testUnlinkIfExistsHelperDeletesFileAtGivenPath" file="/home/runner/work/develop/develop/packages/framework/tests/Feature/Foundation/FilesystemTest.php" line="216" class="Hyde\Framework\Testing\Feature\Foundation\FilesystemTest" classname="Hyde.Framework.Testing.Feature.Foundation.FilesystemTest" assertions="2" time="0.002193"/>
        <testcase name="testUnlinkIfExistsHandlesNonExistentFilesGracefully" file="/home/runner/work/develop/develop/packages/framework/tests/Feature/Foundation/FilesystemTest.php" line="223" class="Hyde\Framework\Testing\Feature\Foundation\FilesystemTest" classname="Hyde.Framework.Testing.Feature.Foundation.FilesystemTest" assertions="1" time="0.001902"/>
        <testcase name="testGetModelSourcePathMethodReturnsPathForModelClasses" file="/home/runner/work/develop/develop/packages/framework/tests/Feature/Foundation/FilesystemTest.php" line="228" class="Hyde\Framework\Testing\Feature\Foundation\FilesystemTest" classname="Hyde.Framework.Testing.Feature.Foundation.FilesystemTest" assertions="5" time="0.002568"/>
        <testcase name="testGetModelSourcePathMethodReturnsPathToFileForModelClasses" file="/home/runner/work/develop/develop/packages/framework/tests/Feature/Foundation/FilesystemTest.php" line="237" class="Hyde\Framework\Testing\Feature\Foundation\FilesystemTest" classname="Hyde.Framework.Testing.Feature.Foundation.FilesystemTest" assertions="5" time="0.002540"/>
        <testcase name="testHelperForBladePages" file="/home/runner/work/develop/develop/packages/framework/tests/Feature/Foundation/FilesystemTest.php" line="246" class="Hyde\Framework\Testing\Feature\Foundation\FilesystemTest" classname="Hyde.Framework.Testing.Feature.Foundation.FilesystemTest" assertions="1" time="0.001951"/>
        <testcase name="testHelperForMarkdownPages" file="/home/runner/work/develop/develop/packages/framework/tests/Feature/Foundation/FilesystemTest.php" line="251" class="Hyde\Framework\Testing\Feature\Foundation\FilesystemTest" classname="Hyde.Framework.Testing.Feature.Foundation.FilesystemTest" assertions="1" time="0.001988"/>
        <testcase name="testHelperForMarkdownPosts" file="/home/runner/work/develop/develop/packages/framework/tests/Feature/Foundation/FilesystemTest.php" line="256" class="Hyde\Framework\Testing\Feature\Foundation\FilesystemTest" classname="Hyde.Framework.Testing.Feature.Foundation.FilesystemTest" assertions="1" time="0.001977"/>
        <testcase name="testHelperForDocumentationPages" file="/home/runner/work/develop/develop/packages/framework/tests/Feature/Foundation/FilesystemTest.php" line="261" class="Hyde\Framework\Testing\Feature\Foundation\FilesystemTest" classname="Hyde.Framework.Testing.Feature.Foundation.FilesystemTest" assertions="1" time="0.001983"/>
        <testcase name="testHelperForMediaPath" file="/home/runner/work/develop/develop/packages/framework/tests/Feature/Foundation/FilesystemTest.php" line="266" class="Hyde\Framework\Testing\Feature\Foundation\FilesystemTest" classname="Hyde.Framework.Testing.Feature.Foundation.FilesystemTest" assertions="1" time="0.001920"/>
        <testcase name="testHelperForMediaPathReturnsPathToFileWithinTheDirectory" file="/home/runner/work/develop/develop/packages/framework/tests/Feature/Foundation/FilesystemTest.php" line="271" class="Hyde\Framework\Testing\Feature\Foundation\FilesystemTest" classname="Hyde.Framework.Testing.Feature.Foundation.FilesystemTest" assertions="1" time="0.002383"/>
        <testcase name="testGetMediaPathReturnsAbsolutePath" file="/home/runner/work/develop/develop/packages/framework/tests/Feature/Foundation/FilesystemTest.php" line="276" class="Hyde\Framework\Testing\Feature\Foundation\FilesystemTest" classname="Hyde.Framework.Testing.Feature.Foundation.FilesystemTest" assertions="1" time="0.001991"/>
        <testcase name="testHelperForMediaOutputPath" file="/home/runner/work/develop/develop/packages/framework/tests/Feature/Foundation/FilesystemTest.php" line="281" class="Hyde\Framework\Testing\Feature\Foundation\FilesystemTest" classname="Hyde.Framework.Testing.Feature.Foundation.FilesystemTest" assertions="1" time="0.002007"/>
        <testcase name="testHelperForMediaOutputPathReturnsPathToFileWithinTheDirectory" file="/home/runner/work/develop/develop/packages/framework/tests/Feature/Foundation/FilesystemTest.php" line="286" class="Hyde\Framework\Testing\Feature\Foundation\FilesystemTest" classname="Hyde.Framework.Testing.Feature.Foundation.FilesystemTest" assertions="1" time="0.002091"/>
        <testcase name="testGetMediaOutputPathReturnsAbsolutePath" file="/home/runner/work/develop/develop/packages/framework/tests/Feature/Foundation/FilesystemTest.php" line="291" class="Hyde\Framework\Testing\Feature\Foundation\FilesystemTest" classname="Hyde.Framework.Testing.Feature.Foundation.FilesystemTest" assertions="1" time="0.002047"/>
        <testcase name="testHelperForSiteOutputPath" file="/home/runner/work/develop/develop/packages/framework/tests/Feature/Foundation/FilesystemTest.php" line="296" class="Hyde\Framework\Testing\Feature\Foundation\FilesystemTest" classname="Hyde.Framework.Testing.Feature.Foundation.FilesystemTest" assertions="1" time="0.001970"/>
        <testcase name="testHelperForSiteOutputPathReturnsPathToFileWithinTheDirectory" file="/home/runner/work/develop/develop/packages/framework/tests/Feature/Foundation/FilesystemTest.php" line="301" class="Hyde\Framework\Testing\Feature\Foundation\FilesystemTest" classname="Hyde.Framework.Testing.Feature.Foundation.FilesystemTest" assertions="1" time="0.002043"/>
        <testcase name="testGetSiteOutputPathReturnsAbsolutePath" file="/home/runner/work/develop/develop/packages/framework/tests/Feature/Foundation/FilesystemTest.php" line="306" class="Hyde\Framework\Testing\Feature\Foundation\FilesystemTest" classname="Hyde.Framework.Testing.Feature.Foundation.FilesystemTest" assertions="1" time="0.001977"/>
        <testcase name="testSiteOutputPathHelperIgnoresTrailingSlashes" file="/home/runner/work/develop/develop/packages/framework/tests/Feature/Foundation/FilesystemTest.php" line="311" class="Hyde\Framework\Testing\Feature\Foundation\FilesystemTest" classname="Hyde.Framework.Testing.Feature.Foundation.FilesystemTest" assertions="1" time="0.001996"/>
        <testcase name="testPathToAbsolute" file="/home/runner/work/develop/develop/packages/framework/tests/Feature/Foundation/FilesystemTest.php" line="316" class="Hyde\Framework\Testing\Feature\Foundation\FilesystemTest" classname="Hyde.Framework.Testing.Feature.Foundation.FilesystemTest" assertions="1" time="0.001935"/>
        <testcase name="testPathToAbsoluteHelperIsAliasForPathHelper" file="/home/runner/work/develop/develop/packages/framework/tests/Feature/Foundation/FilesystemTest.php" line="321" class="Hyde\Framework\Testing\Feature\Foundation\FilesystemTest" classname="Hyde.Framework.Testing.Feature.Foundation.FilesystemTest" assertions="1" time="0.001993"/>
        <testcase name="testPathToAbsoluteCanConvertArrayOfPaths" file="/home/runner/work/develop/develop/packages/framework/tests/Feature/Foundation/FilesystemTest.php" line="326" class="Hyde\Framework\Testing\Feature\Foundation\FilesystemTest" classname="Hyde.Framework.Testing.Feature.Foundation.FilesystemTest" assertions="1" time="0.002071"/>
        <testcase name="testPathToRelativeHelperDecodesHydePathIntoRelative" file="/home/runner/work/develop/develop/packages/framework/tests/Feature/Foundation/FilesystemTest.php" line="334" class="Hyde\Framework\Testing\Feature\Foundation\FilesystemTest" classname="Hyde.Framework.Testing.Feature.Foundation.FilesystemTest" assertions="5" time="0.002490"/>
        <testcase name="testPathToRelativeHelperDoesNotModifyAlreadyRelativePaths" file="/home/runner/work/develop/develop/packages/framework/tests/Feature/Foundation/FilesystemTest.php" line="343" class="Hyde\Framework\Testing\Feature\Foundation\FilesystemTest" classname="Hyde.Framework.Testing.Feature.Foundation.FilesystemTest" assertions="7" time="0.002543"/>
        <testcase name="testPathToRelativeHelperDoesNotModifyNonProjectPaths" file="/home/runner/work/develop/develop/packages/framework/tests/Feature/Foundation/FilesystemTest.php" line="354" class="Hyde\Framework\Testing\Feature\Foundation\FilesystemTest" classname="Hyde.Framework.Testing.Feature.Foundation.FilesystemTest" assertions="8" time="0.002636"/>
      </testsuite>
      <testsuite name="Hyde\Framework\Testing\Feature\Foundation\HyperlinksTest" file="/home/runner/work/develop/develop/packages/framework/tests/Feature/Foundation/HyperlinksTest.php" tests="13" assertions="20" errors="0" failures="0" skipped="0" time="0.056666">
        <testcase name="testAssetHelperGetsRelativeWebLinkToImageStoredInSiteMediaFolder" file="/home/runner/work/develop/develop/packages/framework/tests/Feature/Foundation/HyperlinksTest.php" line="28" class="Hyde\Framework\Testing\Feature\Foundation\HyperlinksTest" classname="Hyde.Framework.Testing.Feature.Foundation.HyperlinksTest" assertions="4" time="0.003980"/>
        <testcase name="testAssetHelperResolvesPathsForNestedPages" file="/home/runner/work/develop/develop/packages/framework/tests/Feature/Foundation/HyperlinksTest.php" line="42" class="Hyde\Framework\Testing\Feature\Foundation\HyperlinksTest" classname="Hyde.Framework.Testing.Feature.Foundation.HyperlinksTest" assertions="4" time="0.007114"/>
        <testcase name="testAssetHelperReturnsQualifiedAbsoluteUriWhenRequestedAndSiteHasBaseUrl" file="/home/runner/work/develop/develop/packages/framework/tests/Feature/Foundation/HyperlinksTest.php" line="57" class="Hyde\Framework\Testing\Feature\Foundation\HyperlinksTest" classname="Hyde.Framework.Testing.Feature.Foundation.HyperlinksTest" assertions="1" time="0.003129"/>
        <testcase name="testAssetHelperReturnsDefaultRelativePathWhenQualifiedAbsoluteUriIsRequestedButSiteHasNoBaseUrl" file="/home/runner/work/develop/develop/packages/framework/tests/Feature/Foundation/HyperlinksTest.php" line="62" class="Hyde\Framework\Testing\Feature\Foundation\HyperlinksTest" classname="Hyde.Framework.Testing.Feature.Foundation.HyperlinksTest" assertions="1" time="0.003355"/>
        <testcase name="testAssetHelperReturnsInputWhenQualifiedAbsoluteUriIsRequestedButImageIsAlreadyQualified" file="/home/runner/work/develop/develop/packages/framework/tests/Feature/Foundation/HyperlinksTest.php" line="68" class="Hyde\Framework\Testing\Feature\Foundation\HyperlinksTest" classname="Hyde.Framework.Testing.Feature.Foundation.HyperlinksTest" assertions="1" time="0.003101"/>
        <testcase name="testAssetHelperUsesConfiguredMediaDirectory" file="/home/runner/work/develop/develop/packages/framework/tests/Feature/Foundation/HyperlinksTest.php" line="73" class="Hyde\Framework\Testing\Feature\Foundation\HyperlinksTest" classname="Hyde.Framework.Testing.Feature.Foundation.HyperlinksTest" assertions="1" time="0.003313"/>
        <testcase name="testMediaLinkHelper" file="/home/runner/work/develop/develop/packages/framework/tests/Feature/Foundation/HyperlinksTest.php" line="79" class="Hyde\Framework\Testing\Feature\Foundation\HyperlinksTest" classname="Hyde.Framework.Testing.Feature.Foundation.HyperlinksTest" assertions="1" time="0.003487"/>
        <testcase name="testMediaLinkHelperWithRelativePath" file="/home/runner/work/develop/develop/packages/framework/tests/Feature/Foundation/HyperlinksTest.php" line="84" class="Hyde\Framework\Testing\Feature\Foundation\HyperlinksTest" classname="Hyde.Framework.Testing.Feature.Foundation.HyperlinksTest" assertions="1" time="0.004939"/>
        <testcase name="testMediaLinkHelperUsesConfiguredMediaDirectory" file="/home/runner/work/develop/develop/packages/framework/tests/Feature/Foundation/HyperlinksTest.php" line="90" class="Hyde\Framework\Testing\Feature\Foundation\HyperlinksTest" classname="Hyde.Framework.Testing.Feature.Foundation.HyperlinksTest" assertions="1" time="0.003225"/>
        <testcase name="testMediaLinkHelperWithValidationAndExistingFile" file="/home/runner/work/develop/develop/packages/framework/tests/Feature/Foundation/HyperlinksTest.php" line="96" class="Hyde\Framework\Testing\Feature\Foundation\HyperlinksTest" classname="Hyde.Framework.Testing.Feature.Foundation.HyperlinksTest" assertions="1" time="0.003691"/>
        <testcase name="testMediaLinkHelperWithValidationAndNonExistingFile" file="/home/runner/work/develop/develop/packages/framework/tests/Feature/Foundation/HyperlinksTest.php" line="102" class="Hyde\Framework\Testing\Feature\Foundation\HyperlinksTest" classname="Hyde.Framework.Testing.Feature.Foundation.HyperlinksTest" assertions="1" time="0.003159"/>
        <testcase name="testRouteHelper" file="/home/runner/work/develop/develop/packages/framework/tests/Feature/Foundation/HyperlinksTest.php" line="108" class="Hyde\Framework\Testing\Feature\Foundation\HyperlinksTest" classname="Hyde.Framework.Testing.Feature.Foundation.HyperlinksTest" assertions="2" time="0.007280"/>
        <testcase name="testRouteHelperWithInvalidRoute" file="/home/runner/work/develop/develop/packages/framework/tests/Feature/Foundation/HyperlinksTest.php" line="114" class="Hyde\Framework\Testing\Feature\Foundation\HyperlinksTest" classname="Hyde.Framework.Testing.Feature.Foundation.HyperlinksTest" assertions="1" time="0.006892"/>
      </testsuite>
      <testsuite name="Hyde\Framework\Testing\Feature\GlobalMetadataBagTest" file="/home/runner/work/develop/develop/packages/framework/tests/Feature/GlobalMetadataBagTest.php" tests="9" assertions="9" errors="0" failures="0" skipped="0" time="0.060663">
        <testcase name="testSiteMetadataAddsConfigDefinedMetadata" file="/home/runner/work/develop/develop/packages/framework/tests/Feature/GlobalMetadataBagTest.php" line="18" class="Hyde\Framework\Testing\Feature\GlobalMetadataBagTest" classname="Hyde.Framework.Testing.Feature.GlobalMetadataBagTest" assertions="1" time="0.004512"/>
        <testcase name="testSiteMetadataAutomaticallyAddsSitemapWhenEnabled" file="/home/runner/work/develop/develop/packages/framework/tests/Feature/GlobalMetadataBagTest.php" line="38" class="Hyde\Framework\Testing\Feature\GlobalMetadataBagTest" classname="Hyde.Framework.Testing.Feature.GlobalMetadataBagTest" assertions="1" time="0.003756"/>
        <testcase name="testSiteMetadataSitemapUsesConfiguredSiteUrl" file="/home/runner/work/develop/develop/packages/framework/tests/Feature/GlobalMetadataBagTest.php" line="48" class="Hyde\Framework\Testing\Feature\GlobalMetadataBagTest" classname="Hyde.Framework.Testing.Feature.GlobalMetadataBagTest" assertions="1" time="0.003897"/>
        <testcase name="testSiteMetadataAutomaticallyAddsRssFeedWhenEnabled" file="/home/runner/work/develop/develop/packages/framework/tests/Feature/GlobalMetadataBagTest.php" line="58" class="Hyde\Framework\Testing\Feature\GlobalMetadataBagTest" classname="Hyde.Framework.Testing.Feature.GlobalMetadataBagTest" assertions="1" time="0.010142"/>
        <testcase name="testSiteMetadataRssFeedUsesConfiguredSiteUrl" file="/home/runner/work/develop/develop/packages/framework/tests/Feature/GlobalMetadataBagTest.php" line="69" class="Hyde\Framework\Testing\Feature\GlobalMetadataBagTest" classname="Hyde.Framework.Testing.Feature.GlobalMetadataBagTest" assertions="1" time="0.009439"/>
        <testcase name="testSiteMetadataRssFeedUsesConfiguredSiteName" file="/home/runner/work/develop/develop/packages/framework/tests/Feature/GlobalMetadataBagTest.php" line="80" class="Hyde\Framework\Testing\Feature\GlobalMetadataBagTest" classname="Hyde.Framework.Testing.Feature.GlobalMetadataBagTest" assertions="1" time="0.009437"/>
        <testcase name="testSiteMetadataRssFeedUsesConfiguredRssFileName" file="/home/runner/work/develop/develop/packages/framework/tests/Feature/GlobalMetadataBagTest.php" line="95" class="Hyde\Framework\Testing\Feature\GlobalMetadataBagTest" classname="Hyde.Framework.Testing.Feature.GlobalMetadataBagTest" assertions="1" time="0.009785"/>
        <testcase name="testMetadataExistingInTheCurrentPageIsNotAdded" file="/home/runner/work/develop/develop/packages/framework/tests/Feature/GlobalMetadataBagTest.php" line="110" class="Hyde\Framework\Testing\Feature\GlobalMetadataBagTest" classname="Hyde.Framework.Testing.Feature.GlobalMetadataBagTest" assertions="1" time="0.004760"/>
        <testcase name="testMetadataExistingInTheCurrentPageIsNotAddedRegardlessOfItsValue" file="/home/runner/work/develop/develop/packages/framework/tests/Feature/GlobalMetadataBagTest.php" line="131" class="Hyde\Framework\Testing\Feature\GlobalMetadataBagTest" classname="Hyde.Framework.Testing.Feature.GlobalMetadataBagTest" assertions="1" time="0.004934"/>
      </testsuite>
      <testsuite name="Hyde\Framework\Testing\Feature\HelpersTest" file="/home/runner/work/develop/develop/packages/framework/tests/Feature/HelpersTest.php" tests="38" assertions="58" errors="0" failures="0" skipped="1" time="0.147428">
        <testcase name="testHydeFunctionExists" file="/home/runner/work/develop/develop/packages/framework/tests/Feature/HelpersTest.php" line="24" class="Hyde\Framework\Testing\Feature\HelpersTest" classname="Hyde.Framework.Testing.Feature.HelpersTest" assertions="1" time="0.003287"/>
        <testcase name="testHydeFunctionReturnsHydeKernelClass" file="/home/runner/work/develop/develop/packages/framework/tests/Feature/HelpersTest.php" line="30" class="Hyde\Framework\Testing\Feature\HelpersTest" classname="Hyde.Framework.Testing.Feature.HelpersTest" assertions="1" time="0.003018"/>
        <testcase name="testCanCallMethodsOnReturnedHydeClass" file="/home/runner/work/develop/develop/packages/framework/tests/Feature/HelpersTest.php" line="36" class="Hyde\Framework\Testing\Feature\HelpersTest" classname="Hyde.Framework.Testing.Feature.HelpersTest" assertions="1" time="0.003652"/>
        <testcase name="testUnslashFunctionExists" file="/home/runner/work/develop/develop/packages/framework/tests/Feature/HelpersTest.php" line="42" class="Hyde\Framework\Testing\Feature\HelpersTest" classname="Hyde.Framework.Testing.Feature.HelpersTest" assertions="1" time="0.003514"/>
        <testcase name="testUnslashFunctionTrimsTrailingSlashes" file="/home/runner/work/develop/develop/packages/framework/tests/Feature/HelpersTest.php" line="48" class="Hyde\Framework\Testing\Feature\HelpersTest" classname="Hyde.Framework.Testing.Feature.HelpersTest" assertions="14" time="0.004850"/>
        <testcase name="testAssetFunction" file="/home/runner/work/develop/develop/packages/framework/tests/Feature/HelpersTest.php" line="70" class="Hyde\Framework\Testing\Feature\HelpersTest" classname="Hyde.Framework.Testing.Feature.HelpersTest" assertions="2" time="0.003647"/>
        <testcase name="testAssetFunctionWithQualifiedUrl" file="/home/runner/work/develop/develop/packages/framework/tests/Feature/HelpersTest.php" line="77" class="Hyde\Framework\Testing\Feature\HelpersTest" classname="Hyde.Framework.Testing.Feature.HelpersTest" assertions="2" time="0.003504"/>
        <testcase name="testAssetFunctionWithExternalUrl" file="/home/runner/work/develop/develop/packages/framework/tests/Feature/HelpersTest.php" line="84" class="Hyde\Framework\Testing\Feature\HelpersTest" classname="Hyde.Framework.Testing.Feature.HelpersTest" assertions="2" time="0.003229"/>
        <testcase name="testAssetFunctionWithQualifiedUrlAndNoBaseUrl" file="/home/runner/work/develop/develop/packages/framework/tests/Feature/HelpersTest.php" line="91" class="Hyde\Framework\Testing\Feature\HelpersTest" classname="Hyde.Framework.Testing.Feature.HelpersTest" assertions="1" time="0.003401"/>
        <testcase name="testAssetFunctionFromNestedPage" file="/home/runner/work/develop/develop/packages/framework/tests/Feature/HelpersTest.php" line="98" class="Hyde\Framework\Testing\Feature\HelpersTest" classname="Hyde.Framework.Testing.Feature.HelpersTest" assertions="1" time="0.005504"/>
        <testcase name="testAssetFunctionFromDeeplyNestedPage" file="/home/runner/work/develop/develop/packages/framework/tests/Feature/HelpersTest.php" line="106" class="Hyde\Framework\Testing\Feature\HelpersTest" classname="Hyde.Framework.Testing.Feature.HelpersTest" assertions="1" time="0.003507"/>
        <testcase name="testAssetFunctionWithCustomMediaDirectory" file="/home/runner/work/develop/develop/packages/framework/tests/Feature/HelpersTest.php" line="114" class="Hyde\Framework\Testing\Feature\HelpersTest" classname="Hyde.Framework.Testing.Feature.HelpersTest" assertions="1" time="0.003383"/>
        <testcase name="testRouteFunction" file="/home/runner/work/develop/develop/packages/framework/tests/Feature/HelpersTest.php" line="122" class="Hyde\Framework\Testing\Feature\HelpersTest" classname="Hyde.Framework.Testing.Feature.HelpersTest" assertions="2" time="0.007314"/>
        <testcase name="testRouteFunctionWithInvalidRoute" file="/home/runner/work/develop/develop/packages/framework/tests/Feature/HelpersTest.php" line="129" class="Hyde\Framework\Testing\Feature\HelpersTest" classname="Hyde.Framework.Testing.Feature.HelpersTest" assertions="1" time="0.006868"/>
        <testcase name="testRouteFunctionReturnsNullForNonExistentRoute" file="/home/runner/work/develop/develop/packages/framework/tests/Feature/HelpersTest.php" line="135" class="Hyde\Framework\Testing\Feature\HelpersTest" classname="Hyde.Framework.Testing.Feature.HelpersTest" assertions="1" time="0.006842"/>
        <testcase name="testUrlFunction" file="/home/runner/work/develop/develop/packages/framework/tests/Feature/HelpersTest.php" line="141" class="Hyde\Framework\Testing\Feature\HelpersTest" classname="Hyde.Framework.Testing.Feature.HelpersTest" assertions="1" time="0.003063"/>
        <testcase name="testUrlFunctionWithBaseUrl" file="/home/runner/work/develop/develop/packages/framework/tests/Feature/HelpersTest.php" line="147" class="Hyde\Framework\Testing\Feature\HelpersTest" classname="Hyde.Framework.Testing.Feature.HelpersTest" assertions="1" time="0.003186"/>
        <testcase name="testUrlFunctionWithoutBaseUrl" file="/home/runner/work/develop/develop/packages/framework/tests/Feature/HelpersTest.php" line="154" class="Hyde\Framework\Testing\Feature\HelpersTest" classname="Hyde.Framework.Testing.Feature.HelpersTest" assertions="1" time="0.005297"/>
        <testcase name="testUrlFunctionWithAlreadyQualifiedUrl" file="/home/runner/work/develop/develop/packages/framework/tests/Feature/HelpersTest.php" line="162" class="Hyde\Framework\Testing\Feature\HelpersTest" classname="Hyde.Framework.Testing.Feature.HelpersTest" assertions="0" time="0.006149">
          <skipped/>
        </testcase>
        <testcase name="testHydeFunctionExistsInHydeNamespace" file="/home/runner/work/develop/develop/packages/framework/tests/Feature/HelpersTest.php" line="171" class="Hyde\Framework\Testing\Feature\HelpersTest" classname="Hyde.Framework.Testing.Feature.HelpersTest" assertions="1" time="0.003068"/>
        <testcase name="testNamespacedHydeFunction" file="/home/runner/work/develop/develop/packages/framework/tests/Feature/HelpersTest.php" line="177" class="Hyde\Framework\Testing\Feature\HelpersTest" classname="Hyde.Framework.Testing.Feature.HelpersTest" assertions="1" time="0.003077"/>
        <testcase name="testUnslashFunctionExistsInHydeNamespace" file="/home/runner/work/develop/develop/packages/framework/tests/Feature/HelpersTest.php" line="183" class="Hyde\Framework\Testing\Feature\HelpersTest" classname="Hyde.Framework.Testing.Feature.HelpersTest" assertions="1" time="0.003052"/>
        <testcase name="testNamespacedUnslashFunction" file="/home/runner/work/develop/develop/packages/framework/tests/Feature/HelpersTest.php" line="189" class="Hyde\Framework\Testing\Feature\HelpersTest" classname="Hyde.Framework.Testing.Feature.HelpersTest" assertions="1" time="0.003056"/>
        <testcase name="testUnixsumFunction" file="/home/runner/work/develop/develop/packages/framework/tests/Feature/HelpersTest.php" line="195" class="Hyde\Framework\Testing\Feature\HelpersTest" classname="Hyde.Framework.Testing.Feature.HelpersTest" assertions="2" time="0.003144"/>
        <testcase name="testUnixsumFileFunction" file="/home/runner/work/develop/develop/packages/framework/tests/Feature/HelpersTest.php" line="202" class="Hyde\Framework\Testing\Feature\HelpersTest" classname="Hyde.Framework.Testing.Feature.HelpersTest" assertions="2" time="0.004354"/>
        <testcase name="testHydeMakeTitleFunction" file="/home/runner/work/develop/develop/packages/framework/tests/Feature/HelpersTest.php" line="212" class="Hyde\Framework\Testing\Feature\HelpersTest" classname="Hyde.Framework.Testing.Feature.HelpersTest" assertions="1" time="0.003106"/>
        <testcase name="testHydeNormalizeNewlinesFunction" file="/home/runner/work/develop/develop/packages/framework/tests/Feature/HelpersTest.php" line="218" class="Hyde\Framework\Testing\Feature\HelpersTest" classname="Hyde.Framework.Testing.Feature.HelpersTest" assertions="1" time="0.003080"/>
        <testcase name="testHydeStripNewlinesFunction" file="/home/runner/work/develop/develop/packages/framework/tests/Feature/HelpersTest.php" line="224" class="Hyde\Framework\Testing\Feature\HelpersTest" classname="Hyde.Framework.Testing.Feature.HelpersTest" assertions="1" time="0.003113"/>
        <testcase name="testHydeTrimSlashesFunction" file="/home/runner/work/develop/develop/packages/framework/tests/Feature/HelpersTest.php" line="230" class="Hyde\Framework\Testing\Feature\HelpersTest" classname="Hyde.Framework.Testing.Feature.HelpersTest" assertions="1" time="0.003115"/>
        <testcase name="testHydeEvaluateArrayableFunction" file="/home/runner/work/develop/develop/packages/framework/tests/Feature/HelpersTest.php" line="236" class="Hyde\Framework\Testing\Feature\HelpersTest" classname="Hyde.Framework.Testing.Feature.HelpersTest" assertions="2" time="0.003261"/>
        <testcase name="testHydeYamlEncodeFunction" file="/home/runner/work/develop/develop/packages/framework/tests/Feature/HelpersTest.php" line="243" class="Hyde\Framework\Testing\Feature\HelpersTest" classname="Hyde.Framework.Testing.Feature.HelpersTest" assertions="1" time="0.003097"/>
        <testcase name="testHydeYamlEncodeFunctionEncodesArrayables" file="/home/runner/work/develop/develop/packages/framework/tests/Feature/HelpersTest.php" line="249" class="Hyde\Framework\Testing\Feature\HelpersTest" classname="Hyde.Framework.Testing.Feature.HelpersTest" assertions="1" time="0.003531"/>
        <testcase name="testHydeYamlEncodeFunctionAcceptsParameters" file="/home/runner/work/develop/develop/packages/framework/tests/Feature/HelpersTest.php" line="255" class="Hyde\Framework\Testing\Feature\HelpersTest" classname="Hyde.Framework.Testing.Feature.HelpersTest" assertions="1" time="0.003243"/>
        <testcase name="testHydeYamlDecodeFunction" file="/home/runner/work/develop/develop/packages/framework/tests/Feature/HelpersTest.php" line="264" class="Hyde\Framework\Testing\Feature\HelpersTest" classname="Hyde.Framework.Testing.Feature.HelpersTest" assertions="1" time="0.003332"/>
        <testcase name="testHydeYamlDecodeFunctionAcceptsParameters" file="/home/runner/work/develop/develop/packages/framework/tests/Feature/HelpersTest.php" line="270" class="Hyde\Framework\Testing\Feature\HelpersTest" classname="Hyde.Framework.Testing.Feature.HelpersTest" assertions="1" time="0.003288"/>
        <testcase name="testHydePathJoinFunction" file="/home/runner/work/develop/develop/packages/framework/tests/Feature/HelpersTest.php" line="279" class="Hyde\Framework\Testing\Feature\HelpersTest" classname="Hyde.Framework.Testing.Feature.HelpersTest" assertions="1" time="0.003095"/>
        <testcase name="testHydePathJoinFunctionWithMultiplePaths" file="/home/runner/work/develop/develop/packages/framework/tests/Feature/HelpersTest.php" line="285" class="Hyde\Framework\Testing\Feature\HelpersTest" classname="Hyde.Framework.Testing.Feature.HelpersTest" assertions="1" time="0.003584"/>
        <testcase name="testHydeNormalizeSlashesFunction" file="/home/runner/work/develop/develop/packages/framework/tests/Feature/HelpersTest.php" line="291" class="Hyde\Framework\Testing\Feature\HelpersTest" classname="Hyde.Framework.Testing.Feature.HelpersTest" assertions="2" time="0.005616"/>
      </testsuite>
      <testsuite name="Hyde\Framework\Testing\Feature\HydeCoreExtensionTest" file="/home/runner/work/develop/develop/packages/framework/tests/Feature/HydeCoreExtensionTest.php" tests="4" assertions="4" errors="0" failures="0" skipped="0" time="0.007258">
        <testcase name="testClassExtendsExtensionClass" file="/home/runner/work/develop/develop/packages/framework/tests/Feature/HydeCoreExtensionTest.php" line="28" class="Hyde\Framework\Testing\Feature\HydeCoreExtensionTest" classname="Hyde.Framework.Testing.Feature.HydeCoreExtensionTest" assertions="1" time="0.002128"/>
        <testcase name="testClassIsRegistered" file="/home/runner/work/develop/develop/packages/framework/tests/Feature/HydeCoreExtensionTest.php" line="33" class="Hyde\Framework\Testing\Feature\HydeCoreExtensionTest" classname="Hyde.Framework.Testing.Feature.HydeCoreExtensionTest" assertions="1" time="0.001538"/>
        <testcase name="testGetPageClasses" file="/home/runner/work/develop/develop/packages/framework/tests/Feature/HydeCoreExtensionTest.php" line="38" class="Hyde\Framework\Testing\Feature\HydeCoreExtensionTest" classname="Hyde.Framework.Testing.Feature.HydeCoreExtensionTest" assertions="1" time="0.001778"/>
        <testcase name="testGetPageClassesDoesNotIncludeClassesForDisabledFeatures" file="/home/runner/work/develop/develop/packages/framework/tests/Feature/HydeCoreExtensionTest.php" line="49" class="Hyde\Framework\Testing\Feature\HydeCoreExtensionTest" classname="Hyde.Framework.Testing.Feature.HydeCoreExtensionTest" assertions="1" time="0.001815"/>
      </testsuite>
      <testsuite name="Hyde\Framework\Testing\Feature\HydeExtensionFeatureTest" file="/home/runner/work/develop/develop/packages/framework/tests/Feature/HydeExtensionFeatureTest.php" tests="9" assertions="15" errors="0" failures="0" skipped="0" time="0.074746">
        <testcase name="testHandlerMethodsAreCalledByDiscovery" file="/home/runner/work/develop/develop/packages/framework/tests/Feature/HydeExtensionFeatureTest.php" line="46" class="Hyde\Framework\Testing\Feature\HydeExtensionFeatureTest" classname="Hyde.Framework.Testing.Feature.HydeExtensionFeatureTest" assertions="2" time="0.007867"/>
        <testcase name="testFileHandlerDependencyInjection" file="/home/runner/work/develop/develop/packages/framework/tests/Feature/HydeExtensionFeatureTest.php" line="59" class="Hyde\Framework\Testing\Feature\HydeExtensionFeatureTest" classname="Hyde.Framework.Testing.Feature.HydeExtensionFeatureTest" assertions="1" time="0.007191"/>
        <testcase name="testPageHandlerDependencyInjection" file="/home/runner/work/develop/develop/packages/framework/tests/Feature/HydeExtensionFeatureTest.php" line="67" class="Hyde\Framework\Testing\Feature\HydeExtensionFeatureTest" classname="Hyde.Framework.Testing.Feature.HydeExtensionFeatureTest" assertions="1" time="0.007234"/>
        <testcase name="testRouteHandlerDependencyInjection" file="/home/runner/work/develop/develop/packages/framework/tests/Feature/HydeExtensionFeatureTest.php" line="75" class="Hyde\Framework\Testing\Feature\HydeExtensionFeatureTest" classname="Hyde.Framework.Testing.Feature.HydeExtensionFeatureTest" assertions="1" time="0.007477"/>
        <testcase name="testRegisterExtensionMethodThrowsExceptionWhenKernelIsAlreadyBooted" file="/home/runner/work/develop/develop/packages/framework/tests/Feature/HydeExtensionFeatureTest.php" line="83" class="Hyde\Framework\Testing\Feature\HydeExtensionFeatureTest" classname="Hyde.Framework.Testing.Feature.HydeExtensionFeatureTest" assertions="2" time="0.007467"/>
        <testcase name="testRegisterExtensionMethodOnlyAcceptsInstancesOfHydeExtension" file="/home/runner/work/develop/develop/packages/framework/tests/Feature/HydeExtensionFeatureTest.php" line="92" class="Hyde\Framework\Testing\Feature\HydeExtensionFeatureTest" classname="Hyde.Framework.Testing.Feature.HydeExtensionFeatureTest" assertions="2" time="0.003461"/>
        <testcase name="testCustomRegisteredPagesAreDiscoveredByTheFileCollectionClass" file="/home/runner/work/develop/develop/packages/framework/tests/Feature/HydeExtensionFeatureTest.php" line="100" class="Hyde\Framework\Testing\Feature\HydeExtensionFeatureTest" classname="Hyde.Framework.Testing.Feature.HydeExtensionFeatureTest" assertions="2" time="0.009929"/>
        <testcase name="testCustomRegisteredPagesAreDiscoveredByThePageCollectionClass" file="/home/runner/work/develop/develop/packages/framework/tests/Feature/HydeExtensionFeatureTest.php" line="112" class="Hyde\Framework\Testing\Feature\HydeExtensionFeatureTest" classname="Hyde.Framework.Testing.Feature.HydeExtensionFeatureTest" assertions="2" time="0.013756"/>
        <testcase name="testCustomRegisteredPagesAreDiscoveredByTheRouteCollectionClass" file="/home/runner/work/develop/develop/packages/framework/tests/Feature/HydeExtensionFeatureTest.php" line="124" class="Hyde\Framework\Testing\Feature\HydeExtensionFeatureTest" classname="Hyde.Framework.Testing.Feature.HydeExtensionFeatureTest" assertions="2" time="0.010364"/>
      </testsuite>
      <testsuite name="Hyde\Framework\Testing\Feature\HydeKernelTest" file="/home/runner/work/develop/develop/packages/framework/tests/Feature/HydeKernelTest.php" tests="67" assertions="116" errors="0" failures="0" skipped="2" time="0.307346">
        <testcase name="testKernelSingletonCanBeAccessedByServiceContainer" file="/home/runner/work/develop/develop/packages/framework/tests/Feature/HydeKernelTest.php" line="40" class="Hyde\Framework\Testing\Feature\HydeKernelTest" classname="Hyde.Framework.Testing.Feature.HydeKernelTest" assertions="1" time="0.003431"/>
        <testcase name="testKernelSingletonCanBeAccessedByKernelStaticMethod" file="/home/runner/work/develop/develop/packages/framework/tests/Feature/HydeKernelTest.php" line="45" class="Hyde\Framework\Testing\Feature\HydeKernelTest" classname="Hyde.Framework.Testing.Feature.HydeKernelTest" assertions="1" time="0.003297"/>
        <testcase name="testKernelSingletonCanBeAccessedByHydeFacadeMethod" file="/home/runner/work/develop/develop/packages/framework/tests/Feature/HydeKernelTest.php" line="50" class="Hyde\Framework\Testing\Feature\HydeKernelTest" classname="Hyde.Framework.Testing.Feature.HydeKernelTest" assertions="1" time="0.003299"/>
        <testcase name="testKernelSingletonCanBeAccessedByHelperFunction" file="/home/runner/work/develop/develop/packages/framework/tests/Feature/HydeKernelTest.php" line="55" class="Hyde\Framework\Testing\Feature\HydeKernelTest" classname="Hyde.Framework.Testing.Feature.HydeKernelTest" assertions="1" time="0.003288"/>
        <testcase name="testHydeFacadeVersionMethodReturnsKernelVersion" file="/home/runner/work/develop/develop/packages/framework/tests/Feature/HydeKernelTest.php" line="60" class="Hyde\Framework\Testing\Feature\HydeKernelTest" classname="Hyde.Framework.Testing.Feature.HydeKernelTest" assertions="1" time="0.003287"/>
        <testcase name="testHydeFacadeGetFacadeRootMethodReturnsKernelSingleton" file="/home/runner/work/develop/develop/packages/framework/tests/Feature/HydeKernelTest.php" line="65" class="Hyde\Framework\Testing\Feature\HydeKernelTest" classname="Hyde.Framework.Testing.Feature.HydeKernelTest" assertions="3" time="0.003496"/>
        <testcase name="testFeaturesHelperReturnsNewFeaturesInstance" file="/home/runner/work/develop/develop/packages/framework/tests/Feature/HydeKernelTest.php" line="72" class="Hyde\Framework\Testing\Feature\HydeKernelTest" classname="Hyde.Framework.Testing.Feature.HydeKernelTest" assertions="1" time="0.003244"/>
        <testcase name="testHasFeatureHelperCallsMethodOnFeaturesClass" file="/home/runner/work/develop/develop/packages/framework/tests/Feature/HydeKernelTest.php" line="77" class="Hyde\Framework\Testing\Feature\HydeKernelTest" classname="Hyde.Framework.Testing.Feature.HydeKernelTest" assertions="1" time="0.003322"/>
        <testcase name="testCurrentPageHelperReturnsCurrentPageName" file="/home/runner/work/develop/develop/packages/framework/tests/Feature/HydeKernelTest.php" line="82" class="Hyde\Framework\Testing\Feature\HydeKernelTest" classname="Hyde.Framework.Testing.Feature.HydeKernelTest" assertions="1" time="0.003845"/>
        <testcase name="testCurrentRouteHelperReturnsCurrentRouteObject" file="/home/runner/work/develop/develop/packages/framework/tests/Feature/HydeKernelTest.php" line="88" class="Hyde\Framework\Testing\Feature\HydeKernelTest" classname="Hyde.Framework.Testing.Feature.HydeKernelTest" assertions="2" time="0.004937"/>
        <testcase name="testCurrentPageHelperReturnsCurrentPageObject" file="/home/runner/work/develop/develop/packages/framework/tests/Feature/HydeKernelTest.php" line="96" class="Hyde\Framework\Testing\Feature\HydeKernelTest" classname="Hyde.Framework.Testing.Feature.HydeKernelTest" assertions="2" time="0.004770"/>
        <testcase name="testMakeTitleHelperReturnsTitleFromPageSlug" file="/home/runner/work/develop/develop/packages/framework/tests/Feature/HydeKernelTest.php" line="104" class="Hyde\Framework\Testing\Feature\HydeKernelTest" classname="Hyde.Framework.Testing.Feature.HydeKernelTest" assertions="1" time="0.003470"/>
        <testcase name="testNormalizeNewlinesReplacesCarriageReturnsWithUnixEndings" file="/home/runner/work/develop/develop/packages/framework/tests/Feature/HydeKernelTest.php" line="109" class="Hyde\Framework\Testing\Feature\HydeKernelTest" classname="Hyde.Framework.Testing.Feature.HydeKernelTest" assertions="1" time="0.003351"/>
        <testcase name="testStripNewlinesHelperRemovesAllNewlines" file="/home/runner/work/develop/develop/packages/framework/tests/Feature/HydeKernelTest.php" line="114" class="Hyde\Framework\Testing\Feature\HydeKernelTest" classname="Hyde.Framework.Testing.Feature.HydeKernelTest" assertions="1" time="0.003344"/>
        <testcase name="testTrimSlashesFunctionTrimsTrailingSlashes" file="/home/runner/work/develop/develop/packages/framework/tests/Feature/HydeKernelTest.php" line="119" class="Hyde\Framework\Testing\Feature\HydeKernelTest" classname="Hyde.Framework.Testing.Feature.HydeKernelTest" assertions="14" time="0.004489"/>
        <testcase name="testMarkdownHelperConvertsMarkdownToHtml" file="/home/runner/work/develop/develop/packages/framework/tests/Feature/HydeKernelTest.php" line="140" class="Hyde\Framework\Testing\Feature\HydeKernelTest" classname="Hyde.Framework.Testing.Feature.HydeKernelTest" assertions="1" time="0.004363"/>
        <testcase name="testMarkdownHelperConvertsIndentedMarkdownToHtml" file="/home/runner/work/develop/develop/packages/framework/tests/Feature/HydeKernelTest.php" line="145" class="Hyde\Framework\Testing\Feature\HydeKernelTest" classname="Hyde.Framework.Testing.Feature.HydeKernelTest" assertions="1" time="0.004342"/>
        <testcase name="testFormatHtmlPathHelperFormatsPathAccordingToConfigRules" file="/home/runner/work/develop/develop/packages/framework/tests/Feature/HydeKernelTest.php" line="150" class="Hyde\Framework\Testing\Feature\HydeKernelTest" classname="Hyde.Framework.Testing.Feature.HydeKernelTest" assertions="4" time="0.003724"/>
        <testcase name="testRelativeLinkHelperReturnsRelativeLinkToDestination" file="/home/runner/work/develop/develop/packages/framework/tests/Feature/HydeKernelTest.php" line="161" class="Hyde\Framework\Testing\Feature\HydeKernelTest" classname="Hyde.Framework.Testing.Feature.HydeKernelTest" assertions="2" time="0.004043"/>
        <testcase name="testMediaLinkHelperReturnsRelativeLinkToDestination" file="/home/runner/work/develop/develop/packages/framework/tests/Feature/HydeKernelTest.php" line="170" class="Hyde\Framework\Testing\Feature\HydeKernelTest" classname="Hyde.Framework.Testing.Feature.HydeKernelTest" assertions="2" time="0.004047"/>
        <testcase name="testImageHelperReturnsImagePathForGivenName" file="/home/runner/work/develop/develop/packages/framework/tests/Feature/HydeKernelTest.php" line="179" class="Hyde\Framework\Testing\Feature\HydeKernelTest" classname="Hyde.Framework.Testing.Feature.HydeKernelTest" assertions="4" time="0.004239"/>
        <testcase name="testImageHelperTrimsMediaPrefix" file="/home/runner/work/develop/develop/packages/framework/tests/Feature/HydeKernelTest.php" line="190" class="Hyde\Framework\Testing\Feature\HydeKernelTest" classname="Hyde.Framework.Testing.Feature.HydeKernelTest" assertions="1" time="0.003542"/>
        <testcase name="testImageHelperSupportsCustomMediaDirectories" file="/home/runner/work/develop/develop/packages/framework/tests/Feature/HydeKernelTest.php" line="195" class="Hyde\Framework\Testing\Feature\HydeKernelTest" classname="Hyde.Framework.Testing.Feature.HydeKernelTest" assertions="1" time="0.003562"/>
        <testcase name="testRouteHelper" file="/home/runner/work/develop/develop/packages/framework/tests/Feature/HydeKernelTest.php" line="201" class="Hyde\Framework\Testing\Feature\HydeKernelTest" classname="Hyde.Framework.Testing.Feature.HydeKernelTest" assertions="2" time="0.007573"/>
        <testcase name="testRouteHelperWithInvalidRoute" file="/home/runner/work/develop/develop/packages/framework/tests/Feature/HydeKernelTest.php" line="207" class="Hyde\Framework\Testing\Feature\HydeKernelTest" classname="Hyde.Framework.Testing.Feature.HydeKernelTest" assertions="1" time="0.007995"/>
        <testcase name="testHasSiteUrlHelperReturnsBooleanValueForWhenConfigSettingIsSet" file="/home/runner/work/develop/develop/packages/framework/tests/Feature/HydeKernelTest.php" line="212" class="Hyde\Framework\Testing\Feature\HydeKernelTest" classname="Hyde.Framework.Testing.Feature.HydeKernelTest" assertions="2" time="0.004092"/>
        <testcase name="testUrlReturnsQualifiedUrlPaths" file="/home/runner/work/develop/develop/packages/framework/tests/Feature/HydeKernelTest.php" line="221" class="Hyde\Framework\Testing\Feature\HydeKernelTest" classname="Hyde.Framework.Testing.Feature.HydeKernelTest" assertions="6" time="0.004189"/>
        <testcase name="testFilesystemHelperReturnsTheKernelFilesystemInstance" file="/home/runner/work/develop/develop/packages/framework/tests/Feature/HydeKernelTest.php" line="236" class="Hyde\Framework\Testing\Feature\HydeKernelTest" classname="Hyde.Framework.Testing.Feature.HydeKernelTest" assertions="1" time="0.004065"/>
        <testcase name="testPathReturnsQualifiedPathForGivenPath" file="/home/runner/work/develop/develop/packages/framework/tests/Feature/HydeKernelTest.php" line="241" class="Hyde\Framework\Testing\Feature\HydeKernelTest" classname="Hyde.Framework.Testing.Feature.HydeKernelTest" assertions="2" time="0.003423"/>
        <testcase name="testVendorPathReturnsQualifiedPathForGivenPath" file="/home/runner/work/develop/develop/packages/framework/tests/Feature/HydeKernelTest.php" line="247" class="Hyde\Framework\Testing\Feature\HydeKernelTest" classname="Hyde.Framework.Testing.Feature.HydeKernelTest" assertions="2" time="0.003426"/>
        <testcase name="testFluentModelSourcePathHelpers" file="/home/runner/work/develop/develop/packages/framework/tests/Feature/HydeKernelTest.php" line="253" class="Hyde\Framework\Testing\Feature\HydeKernelTest" classname="Hyde.Framework.Testing.Feature.HydeKernelTest" assertions="11" time="0.004648"/>
        <testcase name="testPathToRelativeHelperReturnsRelativePathForGivenPath" file="/home/runner/work/develop/develop/packages/framework/tests/Feature/HydeKernelTest.php" line="269" class="Hyde\Framework\Testing\Feature\HydeKernelTest" classname="Hyde.Framework.Testing.Feature.HydeKernelTest" assertions="1" time="0.003311"/>
        <testcase name="testToArrayMethod" file="/home/runner/work/develop/develop/packages/framework/tests/Feature/HydeKernelTest.php" line="274" class="Hyde\Framework\Testing\Feature\HydeKernelTest" classname="Hyde.Framework.Testing.Feature.HydeKernelTest" assertions="1" time="0.007762"/>
        <testcase name="testJsonSerializeMethod" file="/home/runner/work/develop/develop/packages/framework/tests/Feature/HydeKernelTest.php" line="290" class="Hyde\Framework\Testing\Feature\HydeKernelTest" classname="Hyde.Framework.Testing.Feature.HydeKernelTest" assertions="1" time="0.008543"/>
        <testcase name="testToJsonMethod" file="/home/runner/work/develop/develop/packages/framework/tests/Feature/HydeKernelTest.php" line="295" class="Hyde\Framework\Testing\Feature\HydeKernelTest" classname="Hyde.Framework.Testing.Feature.HydeKernelTest" assertions="1" time="0.008955"/>
        <testcase name="testVersionConstantIsAValidSemverString" file="/home/runner/work/develop/develop/packages/framework/tests/Feature/HydeKernelTest.php" line="300" class="Hyde\Framework\Testing\Feature\HydeKernelTest" classname="Hyde.Framework.Testing.Feature.HydeKernelTest" assertions="1" time="0.003363"/>
        <testcase name="testVersionConstantIsUpToDateWithComposer" file="/home/runner/work/develop/develop/packages/framework/tests/Feature/HydeKernelTest.php" line="309" class="Hyde\Framework\Testing\Feature\HydeKernelTest" classname="Hyde.Framework.Testing.Feature.HydeKernelTest" assertions="0" time="0.003133">
          <skipped/>
        </testcase>
        <testcase name="testVersionConstantIsUpToDateWithGit" file="/home/runner/work/develop/develop/packages/framework/tests/Feature/HydeKernelTest.php" line="320" class="Hyde\Framework\Testing\Feature\HydeKernelTest" classname="Hyde.Framework.Testing.Feature.HydeKernelTest" assertions="0" time="0.005860">
          <skipped/>
        </testcase>
        <testcase name="testVersionMethodReturnsVersionConstant" file="/home/runner/work/develop/develop/packages/framework/tests/Feature/HydeKernelTest.php" line="335" class="Hyde\Framework\Testing\Feature\HydeKernelTest" classname="Hyde.Framework.Testing.Feature.HydeKernelTest" assertions="1" time="0.003297"/>
        <testcase name="testCanGetSourceRoot" file="/home/runner/work/develop/develop/packages/framework/tests/Feature/HydeKernelTest.php" line="340" class="Hyde\Framework\Testing\Feature\HydeKernelTest" classname="Hyde.Framework.Testing.Feature.HydeKernelTest" assertions="1" time="0.003212"/>
        <testcase name="testCanSetSourceRoot" file="/home/runner/work/develop/develop/packages/framework/tests/Feature/HydeKernelTest.php" line="345" class="Hyde\Framework\Testing\Feature\HydeKernelTest" classname="Hyde.Framework.Testing.Feature.HydeKernelTest" assertions="1" time="0.003258"/>
        <testcase name="testCanSetSourceRootToAbsoluteProjectPath" file="/home/runner/work/develop/develop/packages/framework/tests/Feature/HydeKernelTest.php" line="351" class="Hyde\Framework\Testing\Feature\HydeKernelTest" classname="Hyde.Framework.Testing.Feature.HydeKernelTest" assertions="1" time="0.003337"/>
        <testcase name="testSetSourceRootTrimsTrailingSlashes" file="/home/runner/work/develop/develop/packages/framework/tests/Feature/HydeKernelTest.php" line="357" class="Hyde\Framework\Testing\Feature\HydeKernelTest" classname="Hyde.Framework.Testing.Feature.HydeKernelTest" assertions="1" time="0.003302"/>
        <testcase name="testCanGetOutputDirectory" file="/home/runner/work/develop/develop/packages/framework/tests/Feature/HydeKernelTest.php" line="363" class="Hyde\Framework\Testing\Feature\HydeKernelTest" classname="Hyde.Framework.Testing.Feature.HydeKernelTest" assertions="1" time="0.003330"/>
        <testcase name="testCanSetOutputDirectory" file="/home/runner/work/develop/develop/packages/framework/tests/Feature/HydeKernelTest.php" line="368" class="Hyde\Framework\Testing\Feature\HydeKernelTest" classname="Hyde.Framework.Testing.Feature.HydeKernelTest" assertions="2" time="0.003430"/>
        <testcase name="testCanSetOutputDirectoryToAbsoluteProjectPath" file="/home/runner/work/develop/develop/packages/framework/tests/Feature/HydeKernelTest.php" line="375" class="Hyde\Framework\Testing\Feature\HydeKernelTest" classname="Hyde.Framework.Testing.Feature.HydeKernelTest" assertions="2" time="0.003502"/>
        <testcase name="testSetOutputDirectoryTrimsTrailingSlashes" file="/home/runner/work/develop/develop/packages/framework/tests/Feature/HydeKernelTest.php" line="382" class="Hyde\Framework\Testing\Feature\HydeKernelTest" classname="Hyde.Framework.Testing.Feature.HydeKernelTest" assertions="1" time="0.003364"/>
        <testcase name="testCanGetMediaDirectory" file="/home/runner/work/develop/develop/packages/framework/tests/Feature/HydeKernelTest.php" line="388" class="Hyde\Framework\Testing\Feature\HydeKernelTest" classname="Hyde.Framework.Testing.Feature.HydeKernelTest" assertions="1" time="0.003221"/>
        <testcase name="testCanSetMediaDirectory" file="/home/runner/work/develop/develop/packages/framework/tests/Feature/HydeKernelTest.php" line="393" class="Hyde\Framework\Testing\Feature\HydeKernelTest" classname="Hyde.Framework.Testing.Feature.HydeKernelTest" assertions="1" time="0.003285"/>
        <testcase name="testSetMediaDirectoryTrimsTrailingSlashes" file="/home/runner/work/develop/develop/packages/framework/tests/Feature/HydeKernelTest.php" line="399" class="Hyde\Framework\Testing\Feature\HydeKernelTest" classname="Hyde.Framework.Testing.Feature.HydeKernelTest" assertions="1" time="0.003291"/>
        <testcase name="testCanGetMediaOutputDirectoryName" file="/home/runner/work/develop/develop/packages/framework/tests/Feature/HydeKernelTest.php" line="405" class="Hyde\Framework\Testing\Feature\HydeKernelTest" classname="Hyde.Framework.Testing.Feature.HydeKernelTest" assertions="1" time="0.003272"/>
        <testcase name="testGetMediaOutputDirectoryNameUsesTrimmedVersionOfMediaSourceDirectory" file="/home/runner/work/develop/develop/packages/framework/tests/Feature/HydeKernelTest.php" line="410" class="Hyde\Framework\Testing\Feature\HydeKernelTest" classname="Hyde.Framework.Testing.Feature.HydeKernelTest" assertions="1" time="0.003409"/>
        <testcase name="testCanGetSiteMediaOutputDirectory" file="/home/runner/work/develop/develop/packages/framework/tests/Feature/HydeKernelTest.php" line="416" class="Hyde\Framework\Testing\Feature\HydeKernelTest" classname="Hyde.Framework.Testing.Feature.HydeKernelTest" assertions="1" time="0.003370"/>
        <testcase name="testGetSiteMediaOutputDirectoryUsesTrimmedVersionOfMediaSourceDirectory" file="/home/runner/work/develop/develop/packages/framework/tests/Feature/HydeKernelTest.php" line="421" class="Hyde\Framework\Testing\Feature\HydeKernelTest" classname="Hyde.Framework.Testing.Feature.HydeKernelTest" assertions="1" time="0.003451"/>
        <testcase name="testGetSiteMediaOutputDirectoryUsesConfiguredSiteOutputDirectory" file="/home/runner/work/develop/develop/packages/framework/tests/Feature/HydeKernelTest.php" line="427" class="Hyde\Framework\Testing\Feature\HydeKernelTest" classname="Hyde.Framework.Testing.Feature.HydeKernelTest" assertions="1" time="0.003478"/>
        <testcase name="testMediaOutputDirectoryCanBeChangedInConfiguration" file="/home/runner/work/develop/develop/packages/framework/tests/Feature/HydeKernelTest.php" line="434" class="Hyde\Framework\Testing\Feature\HydeKernelTest" classname="Hyde.Framework.Testing.Feature.HydeKernelTest" assertions="2" time="0.004275"/>
        <testcase name="testCanAccessKernelFluentlyUsingTheFacade" file="/home/runner/work/develop/develop/packages/framework/tests/Feature/HydeKernelTest.php" line="444" class="Hyde\Framework\Testing\Feature\HydeKernelTest" classname="Hyde.Framework.Testing.Feature.HydeKernelTest" assertions="3" time="0.003443"/>
        <testcase name="testCanRegisterBootingCallbackClosure" file="/home/runner/work/develop/develop/packages/framework/tests/Feature/HydeKernelTest.php" line="451" class="Hyde\Framework\Testing\Feature\HydeKernelTest" classname="Hyde.Framework.Testing.Feature.HydeKernelTest" assertions="1" time="0.010307"/>
        <testcase name="testCanRegisterBootedCallbackClosure" file="/home/runner/work/develop/develop/packages/framework/tests/Feature/HydeKernelTest.php" line="462" class="Hyde\Framework\Testing\Feature\HydeKernelTest" classname="Hyde.Framework.Testing.Feature.HydeKernelTest" assertions="1" time="0.006787"/>
        <testcase name="testCanRegisterBootingCallbackCallable" file="/home/runner/work/develop/develop/packages/framework/tests/Feature/HydeKernelTest.php" line="473" class="Hyde\Framework\Testing\Feature\HydeKernelTest" classname="Hyde.Framework.Testing.Feature.HydeKernelTest" assertions="1" time="0.010289"/>
        <testcase name="testCanRegisterBootedCallbackCallable" file="/home/runner/work/develop/develop/packages/framework/tests/Feature/HydeKernelTest.php" line="482" class="Hyde\Framework\Testing\Feature\HydeKernelTest" classname="Hyde.Framework.Testing.Feature.HydeKernelTest" assertions="1" time="0.007501"/>
        <testcase name="testBootingCallbackReceivesKernelInstance" file="/home/runner/work/develop/develop/packages/framework/tests/Feature/HydeKernelTest.php" line="491" class="Hyde\Framework\Testing\Feature\HydeKernelTest" classname="Hyde.Framework.Testing.Feature.HydeKernelTest" assertions="1" time="0.007151"/>
        <testcase name="testBootedCallbackReceivesKernelInstance" file="/home/runner/work/develop/develop/packages/framework/tests/Feature/HydeKernelTest.php" line="502" class="Hyde\Framework\Testing\Feature\HydeKernelTest" classname="Hyde.Framework.Testing.Feature.HydeKernelTest" assertions="1" time="0.007753"/>
        <testcase name="testCanUseBootingCallbacksToInjectCustomPages" file="/home/runner/work/develop/develop/packages/framework/tests/Feature/HydeKernelTest.php" line="513" class="Hyde\Framework\Testing\Feature\HydeKernelTest" classname="Hyde.Framework.Testing.Feature.HydeKernelTest" assertions="2" time="0.008382"/>
        <testcase name="testIsBootedReturnsFalseWhenNotBooted" file="/home/runner/work/develop/develop/packages/framework/tests/Feature/HydeKernelTest.php" line="526" class="Hyde\Framework\Testing\Feature\HydeKernelTest" classname="Hyde.Framework.Testing.Feature.HydeKernelTest" assertions="1" time="0.003246"/>
        <testcase name="testIsBootedReturnsTrueWhenBooted" file="/home/runner/work/develop/develop/packages/framework/tests/Feature/HydeKernelTest.php" line="532" class="Hyde\Framework\Testing\Feature\HydeKernelTest" classname="Hyde.Framework.Testing.Feature.HydeKernelTest" assertions="1" time="0.007053"/>
        <testcase name="testIsBootedMethodOnTheFacade" file="/home/runner/work/develop/develop/packages/framework/tests/Feature/HydeKernelTest.php" line="539" class="Hyde\Framework\Testing\Feature\HydeKernelTest" classname="Hyde.Framework.Testing.Feature.HydeKernelTest" assertions="2" time="0.007280"/>
      </testsuite>
      <testsuite name="Hyde\Framework\Testing\Feature\HydePageTest" file="/home/runner/work/develop/develop/packages/framework/tests/Feature/HydePageTest.php" tests="154" assertions="242" errors="0" failures="0" skipped="0" time="0.777831">
        <testcase name="testBaseSourceDirectory" file="/home/runner/work/develop/develop/packages/framework/tests/Feature/HydePageTest.php" line="40" class="Hyde\Framework\Testing\Feature\HydePageTest" classname="Hyde.Framework.Testing.Feature.HydePageTest" assertions="1" time="0.003989"/>
        <testcase name="testBaseOutputDirectory" file="/home/runner/work/develop/develop/packages/framework/tests/Feature/HydePageTest.php" line="48" class="Hyde\Framework\Testing\Feature\HydePageTest" classname="Hyde.Framework.Testing.Feature.HydePageTest" assertions="1" time="0.003440"/>
        <testcase name="testBaseFileExtension" file="/home/runner/work/develop/develop/packages/framework/tests/Feature/HydePageTest.php" line="56" class="Hyde\Framework\Testing\Feature\HydePageTest" classname="Hyde.Framework.Testing.Feature.HydePageTest" assertions="1" time="0.003418"/>
        <testcase name="testBaseSourcePath" file="/home/runner/work/develop/develop/packages/framework/tests/Feature/HydePageTest.php" line="64" class="Hyde\Framework\Testing\Feature\HydePageTest" classname="Hyde.Framework.Testing.Feature.HydePageTest" assertions="1" time="0.003449"/>
        <testcase name="testBaseOutputPath" file="/home/runner/work/develop/develop/packages/framework/tests/Feature/HydePageTest.php" line="72" class="Hyde\Framework\Testing\Feature\HydePageTest" classname="Hyde.Framework.Testing.Feature.HydePageTest" assertions="1" time="0.003476"/>
        <testcase name="testBasePath" file="/home/runner/work/develop/develop/packages/framework/tests/Feature/HydePageTest.php" line="80" class="Hyde\Framework\Testing\Feature\HydePageTest" classname="Hyde.Framework.Testing.Feature.HydePageTest" assertions="1" time="0.003530"/>
        <testcase name="testBasePathToIdentifier" file="/home/runner/work/develop/develop/packages/framework/tests/Feature/HydePageTest.php" line="88" class="Hyde\Framework\Testing\Feature\HydePageTest" classname="Hyde.Framework.Testing.Feature.HydePageTest" assertions="1" time="0.003559"/>
        <testcase name="testBaseBaseRouteKey" file="/home/runner/work/develop/develop/packages/framework/tests/Feature/HydePageTest.php" line="96" class="Hyde\Framework\Testing\Feature\HydePageTest" classname="Hyde.Framework.Testing.Feature.HydePageTest" assertions="1" time="0.003453"/>
        <testcase name="testBaseIsDiscoverable" file="/home/runner/work/develop/develop/packages/framework/tests/Feature/HydePageTest.php" line="104" class="Hyde\Framework\Testing\Feature\HydePageTest" classname="Hyde.Framework.Testing.Feature.HydePageTest" assertions="1" time="0.003445"/>
        <testcase name="testSourceDirectory" file="/home/runner/work/develop/develop/packages/framework/tests/Feature/HydePageTest.php" line="111" class="Hyde\Framework\Testing\Feature\HydePageTest" classname="Hyde.Framework.Testing.Feature.HydePageTest" assertions="1" time="0.003411"/>
        <testcase name="testOutputDirectory" file="/home/runner/work/develop/develop/packages/framework/tests/Feature/HydePageTest.php" line="119" class="Hyde\Framework\Testing\Feature\HydePageTest" classname="Hyde.Framework.Testing.Feature.HydePageTest" assertions="1" time="0.003406"/>
        <testcase name="testFileExtension" file="/home/runner/work/develop/develop/packages/framework/tests/Feature/HydePageTest.php" line="127" class="Hyde\Framework\Testing\Feature\HydePageTest" classname="Hyde.Framework.Testing.Feature.HydePageTest" assertions="1" time="0.003473"/>
        <testcase name="testSourcePath" file="/home/runner/work/develop/develop/packages/framework/tests/Feature/HydePageTest.php" line="135" class="Hyde\Framework\Testing\Feature\HydePageTest" classname="Hyde.Framework.Testing.Feature.HydePageTest" assertions="1" time="0.003506"/>
        <testcase name="testOutputPath" file="/home/runner/work/develop/develop/packages/framework/tests/Feature/HydePageTest.php" line="143" class="Hyde\Framework\Testing\Feature\HydePageTest" classname="Hyde.Framework.Testing.Feature.HydePageTest" assertions="1" time="0.003472"/>
        <testcase name="testPath" file="/home/runner/work/develop/develop/packages/framework/tests/Feature/HydePageTest.php" line="151" class="Hyde\Framework\Testing\Feature\HydePageTest" classname="Hyde.Framework.Testing.Feature.HydePageTest" assertions="1" time="0.003483"/>
        <testcase name="testBaseRouteKey" file="/home/runner/work/develop/develop/packages/framework/tests/Feature/HydePageTest.php" line="159" class="Hyde\Framework\Testing\Feature\HydePageTest" classname="Hyde.Framework.Testing.Feature.HydePageTest" assertions="1" time="0.003424"/>
        <testcase name="testIsDiscoverable" file="/home/runner/work/develop/develop/packages/framework/tests/Feature/HydePageTest.php" line="167" class="Hyde\Framework\Testing\Feature\HydePageTest" classname="Hyde.Framework.Testing.Feature.HydePageTest" assertions="1" time="0.003494"/>
        <testcase name="testGetSourcePath" file="/home/runner/work/develop/develop/packages/framework/tests/Feature/HydePageTest.php" line="172" class="Hyde\Framework\Testing\Feature\HydePageTest" classname="Hyde.Framework.Testing.Feature.HydePageTest" assertions="1" time="0.005475"/>
        <testcase name="testGetOutputPath" file="/home/runner/work/develop/develop/packages/framework/tests/Feature/HydePageTest.php" line="180" class="Hyde\Framework\Testing\Feature\HydePageTest" classname="Hyde.Framework.Testing.Feature.HydePageTest" assertions="1" time="0.004723"/>
        <testcase name="testGetLink" file="/home/runner/work/develop/develop/packages/framework/tests/Feature/HydePageTest.php" line="188" class="Hyde\Framework\Testing\Feature\HydePageTest" classname="Hyde.Framework.Testing.Feature.HydePageTest" assertions="1" time="0.004663"/>
        <testcase name="testMake" file="/home/runner/work/develop/develop/packages/framework/tests/Feature/HydePageTest.php" line="196" class="Hyde\Framework\Testing\Feature\HydePageTest" classname="Hyde.Framework.Testing.Feature.HydePageTest" assertions="1" time="0.005045"/>
        <testcase name="testMakeWithData" file="/home/runner/work/develop/develop/packages/framework/tests/Feature/HydePageTest.php" line="201" class="Hyde\Framework\Testing\Feature\HydePageTest" classname="Hyde.Framework.Testing.Feature.HydePageTest" assertions="1" time="0.006178"/>
        <testcase name="testShowInNavigation" file="/home/runner/work/develop/develop/packages/framework/tests/Feature/HydePageTest.php" line="209" class="Hyde\Framework\Testing\Feature\HydePageTest" classname="Hyde.Framework.Testing.Feature.HydePageTest" assertions="5" time="0.006662"/>
        <testcase name="testNavigationMenuPriority" file="/home/runner/work/develop/develop/packages/framework/tests/Feature/HydePageTest.php" line="218" class="Hyde\Framework\Testing\Feature\HydePageTest" classname="Hyde.Framework.Testing.Feature.HydePageTest" assertions="5" time="0.006645"/>
        <testcase name="testNavigationMenuLabel" file="/home/runner/work/develop/develop/packages/framework/tests/Feature/HydePageTest.php" line="227" class="Hyde\Framework\Testing\Feature\HydePageTest" classname="Hyde.Framework.Testing.Feature.HydePageTest" assertions="5" time="0.007802"/>
        <testcase name="testNavigationMenuGroup" file="/home/runner/work/develop/develop/packages/framework/tests/Feature/HydePageTest.php" line="236" class="Hyde\Framework\Testing\Feature\HydePageTest" classname="Hyde.Framework.Testing.Feature.HydePageTest" assertions="6" time="0.007081"/>
        <testcase name="testToArray" file="/home/runner/work/develop/develop/packages/framework/tests/Feature/HydePageTest.php" line="246" class="Hyde\Framework\Testing\Feature\HydePageTest" classname="Hyde.Framework.Testing.Feature.HydePageTest" assertions="1" time="0.004919"/>
        <testcase name="testGetSourceDirectoryReturnsStaticProperty" file="/home/runner/work/develop/develop/packages/framework/tests/Feature/HydePageTest.php" line="263" class="Hyde\Framework\Testing\Feature\HydePageTest" classname="Hyde.Framework.Testing.Feature.HydePageTest" assertions="1" time="0.003567"/>
        <testcase name="testSetSourceDirectoryTrimsTrailingSlashes" file="/home/runner/work/develop/develop/packages/framework/tests/Feature/HydePageTest.php" line="270" class="Hyde\Framework\Testing\Feature\HydePageTest" classname="Hyde.Framework.Testing.Feature.HydePageTest" assertions="1" time="0.003489"/>
        <testcase name="testGetOutputDirectoryReturnsStaticProperty" file="/home/runner/work/develop/develop/packages/framework/tests/Feature/HydePageTest.php" line="277" class="Hyde\Framework\Testing\Feature\HydePageTest" classname="Hyde.Framework.Testing.Feature.HydePageTest" assertions="1" time="0.003727"/>
        <testcase name="testSetOutputDirectoryTrimsTrailingSlashes" file="/home/runner/work/develop/develop/packages/framework/tests/Feature/HydePageTest.php" line="284" class="Hyde\Framework\Testing\Feature\HydePageTest" classname="Hyde.Framework.Testing.Feature.HydePageTest" assertions="1" time="0.003486"/>
        <testcase name="testGetFileExtensionReturnsStaticProperty" file="/home/runner/work/develop/develop/packages/framework/tests/Feature/HydePageTest.php" line="291" class="Hyde\Framework\Testing\Feature\HydePageTest" classname="Hyde.Framework.Testing.Feature.HydePageTest" assertions="1" time="0.003494"/>
        <testcase name="testSetFileExtensionForcesLeadingPeriod" file="/home/runner/work/develop/develop/packages/framework/tests/Feature/HydePageTest.php" line="298" class="Hyde\Framework\Testing\Feature\HydePageTest" classname="Hyde.Framework.Testing.Feature.HydePageTest" assertions="1" time="0.003483"/>
        <testcase name="testSetFileExtensionRemovesTrailingPeriod" file="/home/runner/work/develop/develop/packages/framework/tests/Feature/HydePageTest.php" line="305" class="Hyde\Framework\Testing\Feature\HydePageTest" classname="Hyde.Framework.Testing.Feature.HydePageTest" assertions="1" time="0.003501"/>
        <testcase name="testGetIdentifierReturnsIdentifierProperty" file="/home/runner/work/develop/develop/packages/framework/tests/Feature/HydePageTest.php" line="312" class="Hyde\Framework\Testing\Feature\HydePageTest" classname="Hyde.Framework.Testing.Feature.HydePageTest" assertions="1" time="0.004848"/>
        <testcase name="testSetSourceDirectory" file="/home/runner/work/develop/develop/packages/framework/tests/Feature/HydePageTest.php" line="318" class="Hyde\Framework\Testing\Feature\HydePageTest" classname="Hyde.Framework.Testing.Feature.HydePageTest" assertions="1" time="0.003409"/>
        <testcase name="testSetOutputDirectory" file="/home/runner/work/develop/develop/packages/framework/tests/Feature/HydePageTest.php" line="324" class="Hyde\Framework\Testing\Feature\HydePageTest" classname="Hyde.Framework.Testing.Feature.HydePageTest" assertions="1" time="0.003416"/>
        <testcase name="testSetFileExtension" file="/home/runner/work/develop/develop/packages/framework/tests/Feature/HydePageTest.php" line="330" class="Hyde\Framework\Testing\Feature\HydePageTest" classname="Hyde.Framework.Testing.Feature.HydePageTest" assertions="1" time="0.003417"/>
        <testcase name="testStaticGetMethodReturnsDiscoveredPage" file="/home/runner/work/develop/develop/packages/framework/tests/Feature/HydePageTest.php" line="336" class="Hyde\Framework\Testing\Feature\HydePageTest" classname="Hyde.Framework.Testing.Feature.HydePageTest" assertions="1" time="0.008981"/>
        <testcase name="testStaticGetMethodThrowsExceptionIfPageNotFound" file="/home/runner/work/develop/develop/packages/framework/tests/Feature/HydePageTest.php" line="341" class="Hyde\Framework\Testing\Feature\HydePageTest" classname="Hyde.Framework.Testing.Feature.HydePageTest" assertions="1" time="0.007435"/>
        <testcase name="testParseParsesSuppliedSlugIntoAPageModel" file="/home/runner/work/develop/develop/packages/framework/tests/Feature/HydePageTest.php" line="347" class="Hyde\Framework\Testing\Feature\HydePageTest" classname="Hyde.Framework.Testing.Feature.HydePageTest" assertions="2" time="0.005418"/>
        <testcase name="testFilesReturnsArrayOfSourceFiles" file="/home/runner/work/develop/develop/packages/framework/tests/Feature/HydePageTest.php" line="357" class="Hyde\Framework\Testing\Feature\HydePageTest" classname="Hyde.Framework.Testing.Feature.HydePageTest" assertions="1" time="0.008743"/>
        <testcase name="testAllReturnsCollectionOfAllParsedSourceFilesFromPageIndex" file="/home/runner/work/develop/develop/packages/framework/tests/Feature/HydePageTest.php" line="364" class="Hyde\Framework\Testing\Feature\HydePageTest" classname="Hyde.Framework.Testing.Feature.HydePageTest" assertions="2" time="0.010096"/>
        <testcase name="testQualifyBasenameProperlyExpandsBasenameForTheModel" file="/home/runner/work/develop/develop/packages/framework/tests/Feature/HydePageTest.php" line="378" class="Hyde\Framework\Testing\Feature\HydePageTest" classname="Hyde.Framework.Testing.Feature.HydePageTest" assertions="1" time="0.003358"/>
        <testcase name="testQualifyBasenameTrimsSlashesFromInput" file="/home/runner/work/develop/develop/packages/framework/tests/Feature/HydePageTest.php" line="383" class="Hyde\Framework\Testing\Feature\HydePageTest" classname="Hyde.Framework.Testing.Feature.HydePageTest" assertions="1" time="0.003938"/>
        <testcase name="testQualifyBasenameUsesTheStaticProperties" file="/home/runner/work/develop/develop/packages/framework/tests/Feature/HydePageTest.php" line="388" class="Hyde\Framework\Testing\Feature\HydePageTest" classname="Hyde.Framework.Testing.Feature.HydePageTest" assertions="1" time="0.003614"/>
        <testcase name="testPathReturnsAbsolutePathToSourceDirectoryWhenNoParameterIsSupplied" file="/home/runner/work/develop/develop/packages/framework/tests/Feature/HydePageTest.php" line="396" class="Hyde\Framework\Testing\Feature\HydePageTest" classname="Hyde.Framework.Testing.Feature.HydePageTest" assertions="1" time="0.003596"/>
        <testcase name="testPathReturnsAbsolutePathToFileInSourceDirectoryWhenParameterIsSupplied" file="/home/runner/work/develop/develop/packages/framework/tests/Feature/HydePageTest.php" line="403" class="Hyde\Framework\Testing\Feature\HydePageTest" classname="Hyde.Framework.Testing.Feature.HydePageTest" assertions="1" time="0.003589"/>
        <testcase name="testPathMethodRemovesTrailingSlashes" file="/home/runner/work/develop/develop/packages/framework/tests/Feature/HydePageTest.php" line="410" class="Hyde\Framework\Testing\Feature\HydePageTest" classname="Hyde.Framework.Testing.Feature.HydePageTest" assertions="1" time="0.003527"/>
        <testcase name="testGetOutputLocationReturnsTheFileOutputPathForTheSuppliedBasename" file="/home/runner/work/develop/develop/packages/framework/tests/Feature/HydePageTest.php" line="417" class="Hyde\Framework\Testing\Feature\HydePageTest" classname="Hyde.Framework.Testing.Feature.HydePageTest" assertions="1" time="0.003551"/>
        <testcase name="testGetOutputLocationReturnsTheConfiguredLocation" file="/home/runner/work/develop/develop/packages/framework/tests/Feature/HydePageTest.php" line="422" class="Hyde\Framework\Testing\Feature\HydePageTest" classname="Hyde.Framework.Testing.Feature.HydePageTest" assertions="1" time="0.003652"/>
        <testcase name="testGetOutputLocationTrimsTrailingSlashesFromDirectorySetting" file="/home/runner/work/develop/develop/packages/framework/tests/Feature/HydePageTest.php" line="429" class="Hyde\Framework\Testing\Feature\HydePageTest" classname="Hyde.Framework.Testing.Feature.HydePageTest" assertions="1" time="0.004232"/>
        <testcase name="testGetOutputLocationTrimsTrailingSlashesFromBasename" file="/home/runner/work/develop/develop/packages/framework/tests/Feature/HydePageTest.php" line="436" class="Hyde\Framework\Testing\Feature\HydePageTest" classname="Hyde.Framework.Testing.Feature.HydePageTest" assertions="1" time="0.003596"/>
        <testcase name="testGetCurrentPagePathReturnsOutputDirectoryAndBasename" file="/home/runner/work/develop/develop/packages/framework/tests/Feature/HydePageTest.php" line="441" class="Hyde\Framework\Testing\Feature\HydePageTest" classname="Hyde.Framework.Testing.Feature.HydePageTest" assertions="1" time="0.004871"/>
        <testcase name="testGetCurrentPagePathReturnsOutputDirectoryAndBasenameForConfiguredDirectory" file="/home/runner/work/develop/develop/packages/framework/tests/Feature/HydePageTest.php" line="447" class="Hyde\Framework\Testing\Feature\HydePageTest" classname="Hyde.Framework.Testing.Feature.HydePageTest" assertions="1" time="0.004815"/>
        <testcase name="testGetCurrentPagePathTrimsTrailingSlashesFromDirectorySetting" file="/home/runner/work/develop/develop/packages/framework/tests/Feature/HydePageTest.php" line="455" class="Hyde\Framework\Testing\Feature\HydePageTest" classname="Hyde.Framework.Testing.Feature.HydePageTest" assertions="1" time="0.005041"/>
        <testcase name="testGetOutputPathReturnsCurrentPagePathWithHtmlExtensionAppended" file="/home/runner/work/develop/develop/packages/framework/tests/Feature/HydePageTest.php" line="463" class="Hyde\Framework\Testing\Feature\HydePageTest" classname="Hyde.Framework.Testing.Feature.HydePageTest" assertions="1" time="0.004845"/>
        <testcase name="testGetSourcePathReturnsQualifiedBasename" file="/home/runner/work/develop/develop/packages/framework/tests/Feature/HydePageTest.php" line="469" class="Hyde\Framework\Testing\Feature\HydePageTest" classname="Hyde.Framework.Testing.Feature.HydePageTest" assertions="1" time="0.004783"/>
        <testcase name="testMarkdownPageImplementsPageContract" file="/home/runner/work/develop/develop/packages/framework/tests/Feature/HydePageTest.php" line="477" class="Hyde\Framework\Testing\Feature\HydePageTest" classname="Hyde.Framework.Testing.Feature.HydePageTest" assertions="1" time="0.004435"/>
        <testcase name="testAllPageModelsExtendAbstractPage" file="/home/runner/work/develop/develop/packages/framework/tests/Feature/HydePageTest.php" line="482" class="Hyde\Framework\Testing\Feature\HydePageTest" classname="Hyde.Framework.Testing.Feature.HydePageTest" assertions="6" time="0.007047"/>
        <testcase name="testAllPageModelsHaveConfiguredSourceDirectory" file="/home/runner/work/develop/develop/packages/framework/tests/Feature/HydePageTest.php" line="499" class="Hyde\Framework\Testing\Feature\HydePageTest" classname="Hyde.Framework.Testing.Feature.HydePageTest" assertions="5" time="0.003793"/>
        <testcase name="testAllPageModelsHaveConfiguredOutputDirectory" file="/home/runner/work/develop/develop/packages/framework/tests/Feature/HydePageTest.php" line="514" class="Hyde\Framework\Testing\Feature\HydePageTest" classname="Hyde.Framework.Testing.Feature.HydePageTest" assertions="4" time="0.003854"/>
        <testcase name="testAllPageModelsHaveConfiguredFileExtension" file="/home/runner/work/develop/develop/packages/framework/tests/Feature/HydePageTest.php" line="528" class="Hyde\Framework\Testing\Feature\HydePageTest" classname="Hyde.Framework.Testing.Feature.HydePageTest" assertions="4" time="0.003818"/>
        <testcase name="testAbstractMarkdownPageExtendsAbstractPage" file="/home/runner/work/develop/develop/packages/framework/tests/Feature/HydePageTest.php" line="542" class="Hyde\Framework\Testing\Feature\HydePageTest" classname="Hyde.Framework.Testing.Feature.HydePageTest" assertions="1" time="0.007674"/>
        <testcase name="testAbstractMarkdownPageImplementsPageContract" file="/home/runner/work/develop/develop/packages/framework/tests/Feature/HydePageTest.php" line="547" class="Hyde\Framework\Testing\Feature\HydePageTest" classname="Hyde.Framework.Testing.Feature.HydePageTest" assertions="1" time="0.003754"/>
        <testcase name="testAbstractMarkdownPageHasMarkdownDocumentProperty" file="/home/runner/work/develop/develop/packages/framework/tests/Feature/HydePageTest.php" line="552" class="Hyde\Framework\Testing\Feature\HydePageTest" classname="Hyde.Framework.Testing.Feature.HydePageTest" assertions="1" time="0.003595"/>
        <testcase name="testAbstractMarkdownPageHasFileExtensionProperty" file="/home/runner/work/develop/develop/packages/framework/tests/Feature/HydePageTest.php" line="557" class="Hyde\Framework\Testing\Feature\HydePageTest" classname="Hyde.Framework.Testing.Feature.HydePageTest" assertions="1" time="0.003668"/>
        <testcase name="testAbstractMarkdownPageFileExtensionPropertyIsSetToMd" file="/home/runner/work/develop/develop/packages/framework/tests/Feature/HydePageTest.php" line="562" class="Hyde\Framework\Testing\Feature\HydePageTest" classname="Hyde.Framework.Testing.Feature.HydePageTest" assertions="1" time="0.003718"/>
        <testcase name="testAbstractMarkdownPageConstructorArgumentsAreOptional" file="/home/runner/work/develop/develop/packages/framework/tests/Feature/HydePageTest.php" line="567" class="Hyde\Framework\Testing\Feature\HydePageTest" classname="Hyde.Framework.Testing.Feature.HydePageTest" assertions="1" time="0.003712"/>
        <testcase name="testAbstractMarkdownPageConstructorAssignsMarkdownDocumentPropertyIfSet" file="/home/runner/work/develop/develop/packages/framework/tests/Feature/HydePageTest.php" line="573" class="Hyde\Framework\Testing\Feature\HydePageTest" classname="Hyde.Framework.Testing.Feature.HydePageTest" assertions="1" time="0.004654"/>
        <testcase name="testAbstractMarkdownPageConstructorCreatesNewMarkdownDocumentIfNoMarkdownDocumentIsSet" file="/home/runner/work/develop/develop/packages/framework/tests/Feature/HydePageTest.php" line="580" class="Hyde\Framework\Testing\Feature\HydePageTest" classname="Hyde.Framework.Testing.Feature.HydePageTest" assertions="1" time="0.004601"/>
        <testcase name="testAbstractMarkdownPageMarkdownHelperReturnsTheMarkdownDocumentInstance" file="/home/runner/work/develop/develop/packages/framework/tests/Feature/HydePageTest.php" line="586" class="Hyde\Framework\Testing\Feature\HydePageTest" classname="Hyde.Framework.Testing.Feature.HydePageTest" assertions="1" time="0.004576"/>
        <testcase name="testAbstractMarkdownPageMarkdownHelperReturnsTheConfiguredMarkdownDocumentInstance" file="/home/runner/work/develop/develop/packages/framework/tests/Feature/HydePageTest.php" line="592" class="Hyde\Framework\Testing\Feature\HydePageTest" classname="Hyde.Framework.Testing.Feature.HydePageTest" assertions="1" time="0.004571"/>
        <testcase name="testAbstractMarkdownPageMakeHelperConstructsDynamicTitleAutomatically" file="/home/runner/work/develop/develop/packages/framework/tests/Feature/HydePageTest.php" line="599" class="Hyde\Framework\Testing\Feature\HydePageTest" classname="Hyde.Framework.Testing.Feature.HydePageTest" assertions="1" time="0.004557"/>
        <testcase name="testMarkdownBasedPagesExtendAbstractMarkdownPage" file="/home/runner/work/develop/develop/packages/framework/tests/Feature/HydePageTest.php" line="605" class="Hyde\Framework\Testing\Feature\HydePageTest" classname="Hyde.Framework.Testing.Feature.HydePageTest" assertions="3" time="0.005686"/>
        <testcase name="testBladePagesDoNotExtendAbstractMarkdownPage" file="/home/runner/work/develop/develop/packages/framework/tests/Feature/HydePageTest.php" line="618" class="Hyde\Framework\Testing\Feature\HydePageTest" classname="Hyde.Framework.Testing.Feature.HydePageTest" assertions="1" time="0.004821"/>
        <testcase name="testGetRouteReturnsPageRoute" file="/home/runner/work/develop/develop/packages/framework/tests/Feature/HydePageTest.php" line="623" class="Hyde\Framework\Testing\Feature\HydePageTest" classname="Hyde.Framework.Testing.Feature.HydePageTest" assertions="1" time="0.008062"/>
        <testcase name="testGetRouteReturnsTheRouteObjectFromTheRouterIndex" file="/home/runner/work/develop/develop/packages/framework/tests/Feature/HydePageTest.php" line="629" class="Hyde\Framework\Testing\Feature\HydePageTest" classname="Hyde.Framework.Testing.Feature.HydePageTest" assertions="1" time="0.009548"/>
        <testcase name="testHtmlTitleReturnsSiteNamePlusPageTitle" file="/home/runner/work/develop/develop/packages/framework/tests/Feature/HydePageTest.php" line="636" class="Hyde\Framework\Testing\Feature\HydePageTest" classname="Hyde.Framework.Testing.Feature.HydePageTest" assertions="1" time="0.004373"/>
        <testcase name="testHtmlTitleUsesConfiguredSiteName" file="/home/runner/work/develop/develop/packages/framework/tests/Feature/HydePageTest.php" line="642" class="Hyde\Framework\Testing\Feature\HydePageTest" classname="Hyde.Framework.Testing.Feature.HydePageTest" assertions="1" time="0.004837"/>
        <testcase name="testBodyHelperReturnsMarkdownDocumentBodyInMarkdownPages" file="/home/runner/work/develop/develop/packages/framework/tests/Feature/HydePageTest.php" line="649" class="Hyde\Framework\Testing\Feature\HydePageTest" classname="Hyde.Framework.Testing.Feature.HydePageTest" assertions="1" time="0.004545"/>
        <testcase name="testShowInNavigationReturnsFalseForMarkdownPost" file="/home/runner/work/develop/develop/packages/framework/tests/Feature/HydePageTest.php" line="655" class="Hyde\Framework\Testing\Feature\HydePageTest" classname="Hyde.Framework.Testing.Feature.HydePageTest" assertions="1" time="0.004859"/>
        <testcase name="testShowInNavigationReturnsTrueForDocumentationPageIfSlugIsIndex" file="/home/runner/work/develop/develop/packages/framework/tests/Feature/HydePageTest.php" line="662" class="Hyde\Framework\Testing\Feature\HydePageTest" classname="Hyde.Framework.Testing.Feature.HydePageTest" assertions="1" time="0.004870"/>
        <testcase name="testShowInNavigationReturnsTrueForDocumentationPageIfSlugIsNotIndex" file="/home/runner/work/develop/develop/packages/framework/tests/Feature/HydePageTest.php" line="669" class="Hyde\Framework\Testing\Feature\HydePageTest" classname="Hyde.Framework.Testing.Feature.HydePageTest" assertions="1" time="0.004878"/>
        <testcase name="testShowInNavigationReturnsFalseForAbstractMarkdownPageIfMatterNavigationHiddenIsTrue" file="/home/runner/work/develop/develop/packages/framework/tests/Feature/HydePageTest.php" line="676" class="Hyde\Framework\Testing\Feature\HydePageTest" classname="Hyde.Framework.Testing.Feature.HydePageTest" assertions="1" time="0.004801"/>
        <testcase name="testShowInNavigationReturnsTrueForAbstractMarkdownPageIfMatterNavigationVisibleIsTrue" file="/home/runner/work/develop/develop/packages/framework/tests/Feature/HydePageTest.php" line="683" class="Hyde\Framework\Testing\Feature\HydePageTest" classname="Hyde.Framework.Testing.Feature.HydePageTest" assertions="1" time="0.005420"/>
        <testcase name="testShowInNavigationReturnsTrueForAbstractMarkdownPageIfMatterNavigationHiddenIsFalse" file="/home/runner/work/develop/develop/packages/framework/tests/Feature/HydePageTest.php" line="690" class="Hyde\Framework\Testing\Feature\HydePageTest" classname="Hyde.Framework.Testing.Feature.HydePageTest" assertions="1" time="0.004859"/>
        <testcase name="testShowInNavigationReturnsTrueForAbstractMarkdownPageIfMatterNavigationHiddenIsNotSet" file="/home/runner/work/develop/develop/packages/framework/tests/Feature/HydePageTest.php" line="697" class="Hyde\Framework\Testing\Feature\HydePageTest" classname="Hyde.Framework.Testing.Feature.HydePageTest" assertions="1" time="0.004956"/>
        <testcase name="testShowInNavigationReturnsFalseIfSlugIsPresentInConfigHydeNavigationExclude" file="/home/runner/work/develop/develop/packages/framework/tests/Feature/HydePageTest.php" line="704" class="Hyde\Framework\Testing\Feature\HydePageTest" classname="Hyde.Framework.Testing.Feature.HydePageTest" assertions="2" time="0.005516"/>
        <testcase name="testShowInNavigationReturnsFalseIfSlugIs404" file="/home/runner/work/develop/develop/packages/framework/tests/Feature/HydePageTest.php" line="714" class="Hyde\Framework\Testing\Feature\HydePageTest" classname="Hyde.Framework.Testing.Feature.HydePageTest" assertions="1" time="0.004806"/>
        <testcase name="testShowInNavigationDefaultsToTrueIfAllChecksPass" file="/home/runner/work/develop/develop/packages/framework/tests/Feature/HydePageTest.php" line="720" class="Hyde\Framework\Testing\Feature\HydePageTest" classname="Hyde.Framework.Testing.Feature.HydePageTest" assertions="1" time="0.004798"/>
        <testcase name="testNavigationMenuPriorityReturnsFrontMatterValueOfNavigationPriorityIfAbstractMarkdownPageAndNotNull" file="/home/runner/work/develop/develop/packages/framework/tests/Feature/HydePageTest.php" line="726" class="Hyde\Framework\Testing\Feature\HydePageTest" classname="Hyde.Framework.Testing.Feature.HydePageTest" assertions="1" time="0.004890"/>
        <testcase name="testNavigationMenuPriorityCanBeSetUsingOrderProperty" file="/home/runner/work/develop/develop/packages/framework/tests/Feature/HydePageTest.php" line="732" class="Hyde\Framework\Testing\Feature\HydePageTest" classname="Hyde.Framework.Testing.Feature.HydePageTest" assertions="1" time="0.005104"/>
        <testcase name="testNavigationMenuPriorityReturnsSpecifiedConfigValueIfSlugExistsInConfigHydeNavigationOrder" file="/home/runner/work/develop/develop/packages/framework/tests/Feature/HydePageTest.php" line="738" class="Hyde\Framework\Testing\Feature\HydePageTest" classname="Hyde.Framework.Testing.Feature.HydePageTest" assertions="2" time="0.005525"/>
        <testcase name="testNavigationMenuPriorityGivesPrecedenceToFrontMatterOverConfigHydeNavigationOrder" file="/home/runner/work/develop/develop/packages/framework/tests/Feature/HydePageTest.php" line="748" class="Hyde\Framework\Testing\Feature\HydePageTest" classname="Hyde.Framework.Testing.Feature.HydePageTest" assertions="2" time="0.004926"/>
        <testcase name="testNavigationMenuPriorityReturns999ForDocumentationPage" file="/home/runner/work/develop/develop/packages/framework/tests/Feature/HydePageTest.php" line="758" class="Hyde\Framework\Testing\Feature\HydePageTest" classname="Hyde.Framework.Testing.Feature.HydePageTest" assertions="1" time="0.004868"/>
        <testcase name="testNavigationMenuPriorityReturns0IfSlugIsIndex" file="/home/runner/work/develop/develop/packages/framework/tests/Feature/HydePageTest.php" line="764" class="Hyde\Framework\Testing\Feature\HydePageTest" classname="Hyde.Framework.Testing.Feature.HydePageTest" assertions="1" time="0.004806"/>
        <testcase name="testNavigationMenuPriorityReturns10IfSlugIsPosts" file="/home/runner/work/develop/develop/packages/framework/tests/Feature/HydePageTest.php" line="770" class="Hyde\Framework\Testing\Feature\HydePageTest" classname="Hyde.Framework.Testing.Feature.HydePageTest" assertions="1" time="0.005136"/>
        <testcase name="testNavigationMenuPriorityDefaultsTo999IfNoOtherConditionsAreMet" file="/home/runner/work/develop/develop/packages/framework/tests/Feature/HydePageTest.php" line="776" class="Hyde\Framework\Testing\Feature\HydePageTest" classname="Hyde.Framework.Testing.Feature.HydePageTest" assertions="1" time="0.004876"/>
        <testcase name="testNavigationMenuTitleReturnsNavigationTitleMatterIfSet" file="/home/runner/work/develop/develop/packages/framework/tests/Feature/HydePageTest.php" line="782" class="Hyde\Framework\Testing\Feature\HydePageTest" classname="Hyde.Framework.Testing.Feature.HydePageTest" assertions="1" time="0.004721"/>
        <testcase name="testNavigationMenuTitleReturnsTitleMatterIfSet" file="/home/runner/work/develop/develop/packages/framework/tests/Feature/HydePageTest.php" line="788" class="Hyde\Framework\Testing\Feature\HydePageTest" classname="Hyde.Framework.Testing.Feature.HydePageTest" assertions="1" time="0.004729"/>
        <testcase name="testNavigationMenuTitleNavigationTitleHasPrecedenceOverTitle" file="/home/runner/work/develop/develop/packages/framework/tests/Feature/HydePageTest.php" line="794" class="Hyde\Framework\Testing\Feature\HydePageTest" classname="Hyde.Framework.Testing.Feature.HydePageTest" assertions="1" time="0.004832"/>
        <testcase name="testNavigationMenuTitleReturnsDocsIfSlugIsIndexAndModelIsDocumentationPage" file="/home/runner/work/develop/develop/packages/framework/tests/Feature/HydePageTest.php" line="800" class="Hyde\Framework\Testing\Feature\HydePageTest" classname="Hyde.Framework.Testing.Feature.HydePageTest" assertions="1" time="0.004934"/>
        <testcase name="testNavigationMenuTitleReturnsHomeIfSlugIsIndexAndModelIsNotDocumentationPage" file="/home/runner/work/develop/develop/packages/framework/tests/Feature/HydePageTest.php" line="806" class="Hyde\Framework\Testing\Feature\HydePageTest" classname="Hyde.Framework.Testing.Feature.HydePageTest" assertions="1" time="0.005225"/>
        <testcase name="testNavigationMenuTitleReturnsTitleIfTitleIsSetAndNotEmpty" file="/home/runner/work/develop/develop/packages/framework/tests/Feature/HydePageTest.php" line="812" class="Hyde\Framework\Testing\Feature\HydePageTest" classname="Hyde.Framework.Testing.Feature.HydePageTest" assertions="1" time="0.004708"/>
        <testcase name="testNavigationMenuTitleFallsBackToHydeMakeTitleFromSlug" file="/home/runner/work/develop/develop/packages/framework/tests/Feature/HydePageTest.php" line="818" class="Hyde\Framework\Testing\Feature\HydePageTest" classname="Hyde.Framework.Testing.Feature.HydePageTest" assertions="1" time="0.004827"/>
        <testcase name="testNavigationMenuTitleCanBeSetInConfiguration" file="/home/runner/work/develop/develop/packages/framework/tests/Feature/HydePageTest.php" line="824" class="Hyde\Framework\Testing\Feature\HydePageTest" classname="Hyde.Framework.Testing.Feature.HydePageTest" assertions="1" time="0.004832"/>
        <testcase name="testDocumentationPageCanBeHiddenFromNavigationUsingConfig" file="/home/runner/work/develop/develop/packages/framework/tests/Feature/HydePageTest.php" line="831" class="Hyde\Framework\Testing\Feature\HydePageTest" classname="Hyde.Framework.Testing.Feature.HydePageTest" assertions="1" time="0.004927"/>
        <testcase name="testGetCanonicalUrlReturnsUrlForTopLevelPage" file="/home/runner/work/develop/develop/packages/framework/tests/Feature/HydePageTest.php" line="838" class="Hyde\Framework\Testing\Feature\HydePageTest" classname="Hyde.Framework.Testing.Feature.HydePageTest" assertions="1" time="0.004915"/>
        <testcase name="testGetCanonicalUrlReturnsPrettyUrlForTopLevelPage" file="/home/runner/work/develop/develop/packages/framework/tests/Feature/HydePageTest.php" line="846" class="Hyde\Framework\Testing\Feature\HydePageTest" classname="Hyde.Framework.Testing.Feature.HydePageTest" assertions="1" time="0.004970"/>
        <testcase name="testGetCanonicalUrlReturnsUrlForNestedPage" file="/home/runner/work/develop/develop/packages/framework/tests/Feature/HydePageTest.php" line="855" class="Hyde\Framework\Testing\Feature\HydePageTest" classname="Hyde.Framework.Testing.Feature.HydePageTest" assertions="1" time="0.004925"/>
        <testcase name="testGetCanonicalUrlReturnsUrlForDeeplyNestedPage" file="/home/runner/work/develop/develop/packages/framework/tests/Feature/HydePageTest.php" line="863" class="Hyde\Framework\Testing\Feature\HydePageTest" classname="Hyde.Framework.Testing.Feature.HydePageTest" assertions="1" time="0.004946"/>
        <testcase name="testCanonicalUrlIsNotSetWhenIdentifierIsNull" file="/home/runner/work/develop/develop/packages/framework/tests/Feature/HydePageTest.php" line="871" class="Hyde\Framework\Testing\Feature\HydePageTest" classname="Hyde.Framework.Testing.Feature.HydePageTest" assertions="2" time="0.004759"/>
        <testcase name="testCanonicalUrlIsNotSetWhenSiteUrlIsNull" file="/home/runner/work/develop/develop/packages/framework/tests/Feature/HydePageTest.php" line="882" class="Hyde\Framework\Testing\Feature\HydePageTest" classname="Hyde.Framework.Testing.Feature.HydePageTest" assertions="2" time="0.004794"/>
        <testcase name="testCustomCanonicalLinkCanBeSetInFrontMatter" file="/home/runner/work/develop/develop/packages/framework/tests/Feature/HydePageTest.php" line="893" class="Hyde\Framework\Testing\Feature\HydePageTest" classname="Hyde.Framework.Testing.Feature.HydePageTest" assertions="2" time="0.004712"/>
        <testcase name="testCanCreateCanonicalUrlUsingBaseUrlFromConfig" file="/home/runner/work/develop/develop/packages/framework/tests/Feature/HydePageTest.php" line="904" class="Hyde\Framework\Testing\Feature\HydePageTest" classname="Hyde.Framework.Testing.Feature.HydePageTest" assertions="1" time="0.004905"/>
        <testcase name="testCanCreateCanonicalUrlUsingBaseUrlFromConfigUsingPrettyUrls" file="/home/runner/work/develop/develop/packages/framework/tests/Feature/HydePageTest.php" line="913" class="Hyde\Framework\Testing\Feature\HydePageTest" classname="Hyde.Framework.Testing.Feature.HydePageTest" assertions="1" time="0.004952"/>
        <testcase name="testCanonicalUrlIsNullWhenNoBaseUrlIsSet" file="/home/runner/work/develop/develop/packages/framework/tests/Feature/HydePageTest.php" line="923" class="Hyde\Framework\Testing\Feature\HydePageTest" classname="Hyde.Framework.Testing.Feature.HydePageTest" assertions="1" time="0.004686"/>
        <testcase name="testRenderPageMetadataReturnsString" file="/home/runner/work/develop/develop/packages/framework/tests/Feature/HydePageTest.php" line="929" class="Hyde\Framework\Testing\Feature\HydePageTest" classname="Hyde.Framework.Testing.Feature.HydePageTest" assertions="1" time="0.004870"/>
        <testcase name="testHasMethodReturnsTrueIfPageHasStandardProperty" file="/home/runner/work/develop/develop/packages/framework/tests/Feature/HydePageTest.php" line="935" class="Hyde\Framework\Testing\Feature\HydePageTest" classname="Hyde.Framework.Testing.Feature.HydePageTest" assertions="1" time="0.005019"/>
        <testcase name="testHasMethodReturnsFalseIfPageDoesNotHaveStandardProperty" file="/home/runner/work/develop/develop/packages/framework/tests/Feature/HydePageTest.php" line="941" class="Hyde\Framework\Testing\Feature\HydePageTest" classname="Hyde.Framework.Testing.Feature.HydePageTest" assertions="1" time="0.005134"/>
        <testcase name="testHasMethodReturnsTrueIfPageHasDynamicProperty" file="/home/runner/work/develop/develop/packages/framework/tests/Feature/HydePageTest.php" line="947" class="Hyde\Framework\Testing\Feature\HydePageTest" classname="Hyde.Framework.Testing.Feature.HydePageTest" assertions="1" time="0.004524"/>
        <testcase name="testHasMethodReturnsFalseIfPageDoesNotHaveDynamicProperty" file="/home/runner/work/develop/develop/packages/framework/tests/Feature/HydePageTest.php" line="954" class="Hyde\Framework\Testing\Feature\HydePageTest" classname="Hyde.Framework.Testing.Feature.HydePageTest" assertions="1" time="0.004526"/>
        <testcase name="testHasMethodReturnsTrueIfPageHasPropertySetInFrontMatter" file="/home/runner/work/develop/develop/packages/framework/tests/Feature/HydePageTest.php" line="960" class="Hyde\Framework\Testing\Feature\HydePageTest" classname="Hyde.Framework.Testing.Feature.HydePageTest" assertions="1" time="0.004547"/>
        <testcase name="testHasMethodReturnsFalseIfPageDoesNotHavePropertySetInFrontMatter" file="/home/runner/work/develop/develop/packages/framework/tests/Feature/HydePageTest.php" line="966" class="Hyde\Framework\Testing\Feature\HydePageTest" classname="Hyde.Framework.Testing.Feature.HydePageTest" assertions="1" time="0.004614"/>
        <testcase name="testHasMethodReturnsFalseIfPropertyExistsButIsBlank" file="/home/runner/work/develop/develop/packages/framework/tests/Feature/HydePageTest.php" line="972" class="Hyde\Framework\Testing\Feature\HydePageTest" classname="Hyde.Framework.Testing.Feature.HydePageTest" assertions="2" time="0.004915"/>
        <testcase name="testHasMethodReturnsTrueIfPageHasBlankPropertySetInFrontMatter" file="/home/runner/work/develop/develop/packages/framework/tests/Feature/HydePageTest.php" line="983" class="Hyde\Framework\Testing\Feature\HydePageTest" classname="Hyde.Framework.Testing.Feature.HydePageTest" assertions="2" time="0.004952"/>
        <testcase name="testMarkdownPagesCanBeSavedToDisk" file="/home/runner/work/develop/develop/packages/framework/tests/Feature/HydePageTest.php" line="989" class="Hyde\Framework\Testing\Feature\HydePageTest" classname="Hyde.Framework.Testing.Feature.HydePageTest" assertions="1" time="0.005771"/>
        <testcase name="testSaveMethodConvertsFrontMatterArrayToYamlBlock" file="/home/runner/work/develop/develop/packages/framework/tests/Feature/HydePageTest.php" line="997" class="Hyde\Framework\Testing\Feature\HydePageTest" classname="Hyde.Framework.Testing.Feature.HydePageTest" assertions="1" time="0.005566"/>
        <testcase name="testSaveMethodWritesPageBodyToFile" file="/home/runner/work/develop/develop/packages/framework/tests/Feature/HydePageTest.php" line="1006" class="Hyde\Framework\Testing\Feature\HydePageTest" classname="Hyde.Framework.Testing.Feature.HydePageTest" assertions="1" time="0.005363"/>
        <testcase name="testSaveMethodWritesPageBodyToFileWithFrontMatter" file="/home/runner/work/develop/develop/packages/framework/tests/Feature/HydePageTest.php" line="1015" class="Hyde\Framework\Testing\Feature\HydePageTest" classname="Hyde.Framework.Testing.Feature.HydePageTest" assertions="1" time="0.005392"/>
        <testcase name="testNewMarkdownPagesCanBeSaved" file="/home/runner/work/develop/develop/packages/framework/tests/Feature/HydePageTest.php" line="1024" class="Hyde\Framework\Testing\Feature\HydePageTest" classname="Hyde.Framework.Testing.Feature.HydePageTest" assertions="2" time="0.005474"/>
        <testcase name="testExistingParsedMarkdownPagesCanBeSaved" file="/home/runner/work/develop/develop/packages/framework/tests/Feature/HydePageTest.php" line="1035" class="Hyde\Framework\Testing\Feature\HydePageTest" classname="Hyde.Framework.Testing.Feature.HydePageTest" assertions="3" time="0.010498"/>
        <testcase name="testSaveMethodCreatesSourceDirectoryIfItDoesNotExist" file="/home/runner/work/develop/develop/packages/framework/tests/Feature/HydePageTest.php" line="1054" class="Hyde\Framework\Testing\Feature\HydePageTest" classname="Hyde.Framework.Testing.Feature.HydePageTest" assertions="3" time="0.005724"/>
        <testcase name="testSaveMethodCreatesSourceDirectoryRecursivelyIfItDoesNotExist" file="/home/runner/work/develop/develop/packages/framework/tests/Feature/HydePageTest.php" line="1067" class="Hyde\Framework\Testing\Feature\HydePageTest" classname="Hyde.Framework.Testing.Feature.HydePageTest" assertions="4" time="0.006070"/>
        <testcase name="testMarkdownPostsCanBeSaved" file="/home/runner/work/develop/develop/packages/framework/tests/Feature/HydePageTest.php" line="1081" class="Hyde\Framework\Testing\Feature\HydePageTest" classname="Hyde.Framework.Testing.Feature.HydePageTest" assertions="1" time="0.005966"/>
        <testcase name="testDocumentationPagesCanBeSaved" file="/home/runner/work/develop/develop/packages/framework/tests/Feature/HydePageTest.php" line="1089" class="Hyde\Framework\Testing\Feature\HydePageTest" classname="Hyde.Framework.Testing.Feature.HydePageTest" assertions="1" time="0.005344"/>
        <testcase name="testGetMethodCanAccessDataFromPage" file="/home/runner/work/develop/develop/packages/framework/tests/Feature/HydePageTest.php" line="1097" class="Hyde\Framework\Testing\Feature\HydePageTest" classname="Hyde.Framework.Testing.Feature.HydePageTest" assertions="1" time="0.004777"/>
        <testcase name="testGetMethodCanAccessNestedDataFromPage" file="/home/runner/work/develop/develop/packages/framework/tests/Feature/HydePageTest.php" line="1103" class="Hyde\Framework\Testing\Feature\HydePageTest" classname="Hyde.Framework.Testing.Feature.HydePageTest" assertions="1" time="0.004808"/>
        <testcase name="testGetMethodCanAccessNestedDataFromPageWithDotNotation" file="/home/runner/work/develop/develop/packages/framework/tests/Feature/HydePageTest.php" line="1109" class="Hyde\Framework\Testing\Feature\HydePageTest" classname="Hyde.Framework.Testing.Feature.HydePageTest" assertions="1" time="0.004911"/>
        <testcase name="testGetLinkWithPrettyUrls" file="/home/runner/work/develop/develop/packages/framework/tests/Feature/HydePageTest.php" line="1115" class="Hyde\Framework\Testing\Feature\HydePageTest" classname="Hyde.Framework.Testing.Feature.HydePageTest" assertions="1" time="0.004818"/>
        <testcase name="testGetLinkUsesHyperlinksHelper" file="/home/runner/work/develop/develop/packages/framework/tests/Feature/HydePageTest.php" line="1123" class="Hyde\Framework\Testing\Feature\HydePageTest" classname="Hyde.Framework.Testing.Feature.HydePageTest" assertions="1" time="0.005375"/>
        <testcase name="testPathHelpersReturnSameResultAsFluentFilesystemHelpers" file="/home/runner/work/develop/develop/packages/framework/tests/Feature/HydePageTest.php" line="1131" class="Hyde\Framework\Testing\Feature\HydePageTest" classname="Hyde.Framework.Testing.Feature.HydePageTest" assertions="4" time="0.004030"/>
        <testcase name="testAllPagesAreRoutable" file="/home/runner/work/develop/develop/packages/framework/tests/Feature/HydePageTest.php" line="1139" class="Hyde\Framework\Testing\Feature\HydePageTest" classname="Hyde.Framework.Testing.Feature.HydePageTest" assertions="25" time="0.044336"/>
        <testcase name="testNavigationDataFactoryHidesPageFromNavigationWhenInASubdirectory" file="/home/runner/work/develop/develop/packages/framework/tests/Feature/HydePageTest.php" line="1168" class="Hyde\Framework\Testing\Feature\HydePageTest" classname="Hyde.Framework.Testing.Feature.HydePageTest" assertions="2" time="0.004828"/>
        <testcase name="testNavigationDataFactoryHidesPageFromNavigationWhenInAAndConfigIsSetToHidden" file="/home/runner/work/develop/develop/packages/framework/tests/Feature/HydePageTest.php" line="1175" class="Hyde\Framework\Testing\Feature\HydePageTest" classname="Hyde.Framework.Testing.Feature.HydePageTest" assertions="2" time="0.005006"/>
        <testcase name="testNavigationDataFactoryDoesNotHidePageFromNavigationWhenInASubdirectoryAndAllowedInConfiguration" file="/home/runner/work/develop/develop/packages/framework/tests/Feature/HydePageTest.php" line="1183" class="Hyde\Framework\Testing\Feature\HydePageTest" classname="Hyde.Framework.Testing.Feature.HydePageTest" assertions="2" time="0.005040"/>
        <testcase name="testNavigationDataFactoryAllowsShowInNavigationAndSetsGroupWhenDropdownIsSelectedInConfig" file="/home/runner/work/develop/develop/packages/framework/tests/Feature/HydePageTest.php" line="1191" class="Hyde\Framework\Testing\Feature\HydePageTest" classname="Hyde.Framework.Testing.Feature.HydePageTest" assertions="2" time="0.005364"/>
        <testcase name="testIsDiscoverableMethodReturnsTrueForDiscoverablePages" file="/home/runner/work/develop/develop/packages/framework/tests/Feature/HydePageTest.php" line="1199" class="Hyde\Framework\Testing\Feature\HydePageTest" classname="Hyde.Framework.Testing.Feature.HydePageTest" assertions="1" time="0.003590"/>
        <testcase name="testIsDiscoverableMethodReturnsFalseForNonDiscoverablePages" file="/home/runner/work/develop/develop/packages/framework/tests/Feature/HydePageTest.php" line="1204" class="Hyde\Framework\Testing\Feature\HydePageTest" classname="Hyde.Framework.Testing.Feature.HydePageTest" assertions="1" time="0.003680"/>
        <testcase name="testIsDiscoverableMethodRequiresAllRequiredDataToBePresent" file="/home/runner/work/develop/develop/packages/framework/tests/Feature/HydePageTest.php" line="1209" class="Hyde\Framework\Testing\Feature\HydePageTest" classname="Hyde.Framework.Testing.Feature.HydePageTest" assertions="1" time="0.003710"/>
        <testcase name="testIsDiscoverableMethodRequiresSourceDirectoryToBeFilled" file="/home/runner/work/develop/develop/packages/framework/tests/Feature/HydePageTest.php" line="1214" class="Hyde\Framework\Testing\Feature\HydePageTest" classname="Hyde.Framework.Testing.Feature.HydePageTest" assertions="1" time="0.003828"/>
        <testcase name="testAllCoreExtensionPagesAreDiscoverable" file="/home/runner/work/develop/develop/packages/framework/tests/Feature/HydePageTest.php" line="1219" class="Hyde\Framework\Testing\Feature\HydePageTest" classname="Hyde.Framework.Testing.Feature.HydePageTest" assertions="5" time="0.004200"/>
        <testcase name="testNestedIndexPagesShowUpInNavigation" file="/home/runner/work/develop/develop/packages/framework/tests/Feature/HydePageTest.php" line="1227" class="Hyde\Framework\Testing\Feature\HydePageTest" classname="Hyde.Framework.Testing.Feature.HydePageTest" assertions="2" time="0.005033"/>
      </testsuite>
      <testsuite name="Hyde\Framework\Testing\Feature\HydeServiceProviderTest" file="/home/runner/work/develop/develop/packages/framework/tests/Feature/HydeServiceProviderTest.php" tests="21" assertions="95" errors="0" failures="0" skipped="0" time="0.100082">
        <testcase name="testProviderIsConstructed" file="/home/runner/work/develop/develop/packages/framework/tests/Feature/HydeServiceProviderTest.php" line="38" class="Hyde\Framework\Testing\Feature\HydeServiceProviderTest" classname="Hyde.Framework.Testing.Feature.HydeServiceProviderTest" assertions="1" time="0.004183"/>
        <testcase name="testProviderHasRegisterMethod" file="/home/runner/work/develop/develop/packages/framework/tests/Feature/HydeServiceProviderTest.php" line="43" class="Hyde\Framework\Testing\Feature\HydeServiceProviderTest" classname="Hyde.Framework.Testing.Feature.HydeServiceProviderTest" assertions="1" time="0.003237"/>
        <testcase name="testProviderHasBootMethod" file="/home/runner/work/develop/develop/packages/framework/tests/Feature/HydeServiceProviderTest.php" line="48" class="Hyde\Framework\Testing\Feature\HydeServiceProviderTest" classname="Hyde.Framework.Testing.Feature.HydeServiceProviderTest" assertions="1" time="0.003163"/>
        <testcase name="testProviderRegistersAssetServiceAsSingleton" file="/home/runner/work/develop/develop/packages/framework/tests/Feature/HydeServiceProviderTest.php" line="53" class="Hyde\Framework\Testing\Feature\HydeServiceProviderTest" classname="Hyde.Framework.Testing.Feature.HydeServiceProviderTest" assertions="3" time="0.003562"/>
        <testcase name="testProviderRegistersBuildTaskServiceAsSingleton" file="/home/runner/work/develop/develop/packages/framework/tests/Feature/HydeServiceProviderTest.php" line="60" class="Hyde\Framework\Testing\Feature\HydeServiceProviderTest" classname="Hyde.Framework.Testing.Feature.HydeServiceProviderTest" assertions="3" time="0.008154"/>
        <testcase name="testProviderRegistersSourceDirectories" file="/home/runner/work/develop/develop/packages/framework/tests/Feature/HydeServiceProviderTest.php" line="67" class="Hyde\Framework\Testing\Feature\HydeServiceProviderTest" classname="Hyde.Framework.Testing.Feature.HydeServiceProviderTest" assertions="8" time="0.004431"/>
        <testcase name="testProviderRegistersOutputDirectories" file="/home/runner/work/develop/develop/packages/framework/tests/Feature/HydeServiceProviderTest.php" line="87" class="Hyde\Framework\Testing\Feature\HydeServiceProviderTest" classname="Hyde.Framework.Testing.Feature.HydeServiceProviderTest" assertions="8" time="0.004601"/>
        <testcase name="testCustomSourceRootsAreAppliedToThePageModels" file="/home/runner/work/develop/develop/packages/framework/tests/Feature/HydeServiceProviderTest.php" line="107" class="Hyde\Framework\Testing\Feature\HydeServiceProviderTest" classname="Hyde.Framework.Testing.Feature.HydeServiceProviderTest" assertions="8" time="0.004643"/>
        <testcase name="testSourceRootSetInConfigIsAssigned" file="/home/runner/work/develop/develop/packages/framework/tests/Feature/HydeServiceProviderTest.php" line="124" class="Hyde\Framework\Testing\Feature\HydeServiceProviderTest" classname="Hyde.Framework.Testing.Feature.HydeServiceProviderTest" assertions="3" time="0.004297"/>
        <testcase name="testProviderRegistersSiteOutputDirectory" file="/home/runner/work/develop/develop/packages/framework/tests/Feature/HydeServiceProviderTest.php" line="135" class="Hyde\Framework\Testing\Feature\HydeServiceProviderTest" classname="Hyde.Framework.Testing.Feature.HydeServiceProviderTest" assertions="2" time="0.004130"/>
        <testcase name="testProviderRegistersMediaDirectory" file="/home/runner/work/develop/develop/packages/framework/tests/Feature/HydeServiceProviderTest.php" line="146" class="Hyde\Framework\Testing\Feature\HydeServiceProviderTest" classname="Hyde.Framework.Testing.Feature.HydeServiceProviderTest" assertions="3" time="0.004279"/>
        <testcase name="testProviderRegistersBladeViewDiscoveryLocationForConfiguredBladeViewPath" file="/home/runner/work/develop/develop/packages/framework/tests/Feature/HydeServiceProviderTest.php" line="158" class="Hyde\Framework\Testing\Feature\HydeServiceProviderTest" classname="Hyde.Framework.Testing.Feature.HydeServiceProviderTest" assertions="2" time="0.004548"/>
        <testcase name="testBladeViewLocationsAreOnlyRegisteredOncePerKey" file="/home/runner/work/develop/develop/packages/framework/tests/Feature/HydeServiceProviderTest.php" line="168" class="Hyde\Framework\Testing\Feature\HydeServiceProviderTest" classname="Hyde.Framework.Testing.Feature.HydeServiceProviderTest" assertions="2" time="0.005202"/>
        <testcase name="testProviderRegistersConsoleCommands" file="/home/runner/work/develop/develop/packages/framework/tests/Feature/HydeServiceProviderTest.php" line="179" class="Hyde\Framework\Testing\Feature\HydeServiceProviderTest" classname="Hyde.Framework.Testing.Feature.HydeServiceProviderTest" assertions="18" time="0.009635"/>
        <testcase name="testProviderRegistersAdditionalModuleServiceProviders" file="/home/runner/work/develop/develop/packages/framework/tests/Feature/HydeServiceProviderTest.php" line="196" class="Hyde\Framework\Testing\Feature\HydeServiceProviderTest" classname="Hyde.Framework.Testing.Feature.HydeServiceProviderTest" assertions="1" time="0.004301"/>
        <testcase name="testProviderRegistersAllPageModelSourcePaths" file="/home/runner/work/develop/develop/packages/framework/tests/Feature/HydeServiceProviderTest.php" line="203" class="Hyde\Framework\Testing\Feature\HydeServiceProviderTest" classname="Hyde.Framework.Testing.Feature.HydeServiceProviderTest" assertions="6" time="0.005074"/>
        <testcase name="testProviderRegistersAllPageModelOutputPaths" file="/home/runner/work/develop/develop/packages/framework/tests/Feature/HydeServiceProviderTest.php" line="229" class="Hyde\Framework\Testing\Feature\HydeServiceProviderTest" classname="Hyde.Framework.Testing.Feature.HydeServiceProviderTest" assertions="5" time="0.004947"/>
        <testcase name="testProviderRegistersSourceDirectoriesUsingOptionsInConfiguration" file="/home/runner/work/develop/develop/packages/framework/tests/Feature/HydeServiceProviderTest.php" line="245" class="Hyde\Framework\Testing\Feature\HydeServiceProviderTest" classname="Hyde.Framework.Testing.Feature.HydeServiceProviderTest" assertions="5" time="0.004487"/>
        <testcase name="testSourceDirectoriesCanBeSetUsingKebabCaseClassNames" file="/home/runner/work/develop/develop/packages/framework/tests/Feature/HydeServiceProviderTest.php" line="264" class="Hyde\Framework\Testing\Feature\HydeServiceProviderTest" classname="Hyde.Framework.Testing.Feature.HydeServiceProviderTest" assertions="5" time="0.004351"/>
        <testcase name="testProviderRegistersOutputDirectoriesUsingOptionsInConfiguration" file="/home/runner/work/develop/develop/packages/framework/tests/Feature/HydeServiceProviderTest.php" line="283" class="Hyde\Framework\Testing\Feature\HydeServiceProviderTest" classname="Hyde.Framework.Testing.Feature.HydeServiceProviderTest" assertions="5" time="0.004516"/>
        <testcase name="testOutputDirectoriesCanBeSetUsingKebabCaseClassNames" file="/home/runner/work/develop/develop/packages/framework/tests/Feature/HydeServiceProviderTest.php" line="302" class="Hyde\Framework\Testing\Feature\HydeServiceProviderTest" classname="Hyde.Framework.Testing.Feature.HydeServiceProviderTest" assertions="5" time="0.004340"/>
      </testsuite>
      <testsuite name="Hyde\Framework\Testing\Feature\IncludesFacadeTest" file="/home/runner/work/develop/develop/packages/framework/tests/Feature/IncludesFacadeTest.php" tests="14" assertions="19" errors="0" failures="0" skipped="0" time="0.058291">
        <testcase name="testPathReturnsTheIncludesDirectory" file="/home/runner/work/develop/develop/packages/framework/tests/Feature/IncludesFacadeTest.php" line="18" class="Hyde\Framework\Testing\Feature\IncludesFacadeTest" classname="Hyde.Framework.Testing.Feature.IncludesFacadeTest" assertions="1" time="0.003599"/>
        <testcase name="testPathReturnsAPartialWithinTheIncludesDirectory" file="/home/runner/work/develop/develop/packages/framework/tests/Feature/IncludesFacadeTest.php" line="26" class="Hyde\Framework\Testing\Feature\IncludesFacadeTest" classname="Hyde.Framework.Testing.Feature.IncludesFacadeTest" assertions="1" time="0.003428"/>
        <testcase name="testPathCreatesDirectoryIfItDoesNotExist" file="/home/runner/work/develop/develop/packages/framework/tests/Feature/IncludesFacadeTest.php" line="34" class="Hyde\Framework\Testing\Feature\IncludesFacadeTest" classname="Hyde.Framework.Testing.Feature.IncludesFacadeTest" assertions="2" time="0.004028"/>
        <testcase name="testGetReturnsPartial" file="/home/runner/work/develop/develop/packages/framework/tests/Feature/IncludesFacadeTest.php" line="42" class="Hyde\Framework\Testing\Feature\IncludesFacadeTest" classname="Hyde.Framework.Testing.Feature.IncludesFacadeTest" assertions="1" time="0.003609"/>
        <testcase name="testGetReturnsDefaultValueWhenNotFound" file="/home/runner/work/develop/develop/packages/framework/tests/Feature/IncludesFacadeTest.php" line="50" class="Hyde\Framework\Testing\Feature\IncludesFacadeTest" classname="Hyde.Framework.Testing.Feature.IncludesFacadeTest" assertions="2" time="0.003641"/>
        <testcase name="testHtmlReturnsRenderedPartial" file="/home/runner/work/develop/develop/packages/framework/tests/Feature/IncludesFacadeTest.php" line="56" class="Hyde\Framework\Testing\Feature\IncludesFacadeTest" classname="Hyde.Framework.Testing.Feature.IncludesFacadeTest" assertions="1" time="0.003580"/>
        <testcase name="testHtmlReturnsEfaultValueWhenNotFound" file="/home/runner/work/develop/develop/packages/framework/tests/Feature/IncludesFacadeTest.php" line="64" class="Hyde\Framework\Testing\Feature\IncludesFacadeTest" classname="Hyde.Framework.Testing.Feature.IncludesFacadeTest" assertions="2" time="0.004046"/>
        <testcase name="testHtmlWithAndWithoutExtension" file="/home/runner/work/develop/develop/packages/framework/tests/Feature/IncludesFacadeTest.php" line="70" class="Hyde\Framework\Testing\Feature\IncludesFacadeTest" classname="Hyde.Framework.Testing.Feature.IncludesFacadeTest" assertions="1" time="0.003774"/>
        <testcase name="testMarkdownReturnsRenderedPartial" file="/home/runner/work/develop/develop/packages/framework/tests/Feature/IncludesFacadeTest.php" line="77" class="Hyde\Framework\Testing\Feature\IncludesFacadeTest" classname="Hyde.Framework.Testing.Feature.IncludesFacadeTest" assertions="1" time="0.004606"/>
        <testcase name="testMarkdownReturnsRenderedDefaultValueWhenNotFound" file="/home/runner/work/develop/develop/packages/framework/tests/Feature/IncludesFacadeTest.php" line="85" class="Hyde\Framework\Testing\Feature\IncludesFacadeTest" classname="Hyde.Framework.Testing.Feature.IncludesFacadeTest" assertions="2" time="0.004605"/>
        <testcase name="testMarkdownWithAndWithoutExtension" file="/home/runner/work/develop/develop/packages/framework/tests/Feature/IncludesFacadeTest.php" line="91" class="Hyde\Framework\Testing\Feature\IncludesFacadeTest" classname="Hyde.Framework.Testing.Feature.IncludesFacadeTest" assertions="1" time="0.005436"/>
        <testcase name="testBladeReturnsRenderedPartial" file="/home/runner/work/develop/develop/packages/framework/tests/Feature/IncludesFacadeTest.php" line="98" class="Hyde\Framework\Testing\Feature\IncludesFacadeTest" classname="Hyde.Framework.Testing.Feature.IncludesFacadeTest" assertions="1" time="0.004606"/>
        <testcase name="testBladeWithAndWithoutExtension" file="/home/runner/work/develop/develop/packages/framework/tests/Feature/IncludesFacadeTest.php" line="106" class="Hyde\Framework\Testing\Feature\IncludesFacadeTest" classname="Hyde.Framework.Testing.Feature.IncludesFacadeTest" assertions="1" time="0.004681"/>
        <testcase name="testBladeReturnsRenderedDefaultValueWhenNotFound" file="/home/runner/work/develop/develop/packages/framework/tests/Feature/IncludesFacadeTest.php" line="113" class="Hyde\Framework\Testing\Feature\IncludesFacadeTest" classname="Hyde.Framework.Testing.Feature.IncludesFacadeTest" assertions="2" time="0.004650"/>
      </testsuite>
      <testsuite name="Hyde\Framework\Testing\Feature\LoadYamlConfigurationTest" file="/home/runner/work/develop/develop/packages/framework/tests/Feature/LoadYamlConfigurationTest.php" tests="18" assertions="33" errors="0" failures="0" skipped="0" time="0.075008">
        <testcase name="testCanDefineHydeConfigSettingsInHydeYmlFile" file="/home/runner/work/develop/develop/packages/framework/tests/Feature/LoadYamlConfigurationTest.php" line="16" class="Hyde\Framework\Testing\Feature\LoadYamlConfigurationTest" classname="Hyde.Framework.Testing.Feature.LoadYamlConfigurationTest" assertions="9" time="0.005322"/>
        <testcase name="testCanDefineMultipleConfigSettingsInHydeYmlFile" file="/home/runner/work/develop/develop/packages/framework/tests/Feature/LoadYamlConfigurationTest.php" line="45" class="Hyde\Framework\Testing\Feature\LoadYamlConfigurationTest" classname="Hyde.Framework.Testing.Feature.LoadYamlConfigurationTest" assertions="3" time="0.004394"/>
        <testcase name="testBootstrapperAppliesYamlConfigurationWhenPresent" file="/home/runner/work/develop/develop/packages/framework/tests/Feature/LoadYamlConfigurationTest.php" line="66" class="Hyde\Framework\Testing\Feature\LoadYamlConfigurationTest" classname="Hyde.Framework.Testing.Feature.LoadYamlConfigurationTest" assertions="1" time="0.003979"/>
        <testcase name="testChangesInYamlFileOverrideChangesInHydeConfig" file="/home/runner/work/develop/develop/packages/framework/tests/Feature/LoadYamlConfigurationTest.php" line="74" class="Hyde\Framework\Testing\Feature\LoadYamlConfigurationTest" classname="Hyde.Framework.Testing.Feature.LoadYamlConfigurationTest" assertions="1" time="0.004586"/>
        <testcase name="testChangesInYamlFileOverrideChangesInHydeConfigWhenUsingYamlExtension" file="/home/runner/work/develop/develop/packages/framework/tests/Feature/LoadYamlConfigurationTest.php" line="82" class="Hyde\Framework\Testing\Feature\LoadYamlConfigurationTest" classname="Hyde.Framework.Testing.Feature.LoadYamlConfigurationTest" assertions="1" time="0.004079"/>
        <testcase name="testServiceGracefullyHandlesMissingFile" file="/home/runner/work/develop/develop/packages/framework/tests/Feature/LoadYamlConfigurationTest.php" line="90" class="Hyde\Framework\Testing\Feature\LoadYamlConfigurationTest" classname="Hyde.Framework.Testing.Feature.LoadYamlConfigurationTest" assertions="1" time="0.003434"/>
        <testcase name="testServiceGracefullyHandlesEmptyFile" file="/home/runner/work/develop/develop/packages/framework/tests/Feature/LoadYamlConfigurationTest.php" line="97" class="Hyde\Framework\Testing\Feature\LoadYamlConfigurationTest" classname="Hyde.Framework.Testing.Feature.LoadYamlConfigurationTest" assertions="1" time="0.003835"/>
        <testcase name="testCanAddArbitraryConfigKeys" file="/home/runner/work/develop/develop/packages/framework/tests/Feature/LoadYamlConfigurationTest.php" line="105" class="Hyde\Framework\Testing\Feature\LoadYamlConfigurationTest" classname="Hyde.Framework.Testing.Feature.LoadYamlConfigurationTest" assertions="1" time="0.003934"/>
        <testcase name="testConfigurationOptionsAreMerged" file="/home/runner/work/develop/develop/packages/framework/tests/Feature/LoadYamlConfigurationTest.php" line="113" class="Hyde\Framework\Testing\Feature\LoadYamlConfigurationTest" classname="Hyde.Framework.Testing.Feature.LoadYamlConfigurationTest" assertions="1" time="0.003911"/>
        <testcase name="testCanAddConfigurationOptionsInNamespacedArray" file="/home/runner/work/develop/develop/packages/framework/tests/Feature/LoadYamlConfigurationTest.php" line="126" class="Hyde\Framework\Testing\Feature\LoadYamlConfigurationTest" classname="Hyde.Framework.Testing.Feature.LoadYamlConfigurationTest" assertions="3" time="0.004326"/>
        <testcase name="testCanAddArbitraryNamespacedData" file="/home/runner/work/develop/develop/packages/framework/tests/Feature/LoadYamlConfigurationTest.php" line="144" class="Hyde\Framework\Testing\Feature\LoadYamlConfigurationTest" classname="Hyde.Framework.Testing.Feature.LoadYamlConfigurationTest" assertions="1" time="0.004078"/>
        <testcase name="testAdditionalNamespacesRequireTheHydeNamespaceToBePresent" file="/home/runner/work/develop/develop/packages/framework/tests/Feature/LoadYamlConfigurationTest.php" line="159" class="Hyde\Framework\Testing\Feature\LoadYamlConfigurationTest" classname="Hyde.Framework.Testing.Feature.LoadYamlConfigurationTest" assertions="1" time="0.003999"/>
        <testcase name="testAdditionalNamespacesRequiresHydeNamespaceToBeTheFirstEntry" file="/home/runner/work/develop/develop/packages/framework/tests/Feature/LoadYamlConfigurationTest.php" line="172" class="Hyde\Framework\Testing\Feature\LoadYamlConfigurationTest" classname="Hyde.Framework.Testing.Feature.LoadYamlConfigurationTest" assertions="1" time="0.004065"/>
        <testcase name="testHydeNamespaceCanBeEmpty" file="/home/runner/work/develop/develop/packages/framework/tests/Feature/LoadYamlConfigurationTest.php" line="187" class="Hyde\Framework\Testing\Feature\LoadYamlConfigurationTest" classname="Hyde.Framework.Testing.Feature.LoadYamlConfigurationTest" assertions="1" time="0.004013"/>
        <testcase name="testHydeNamespaceCanBeNull" file="/home/runner/work/develop/develop/packages/framework/tests/Feature/LoadYamlConfigurationTest.php" line="201" class="Hyde\Framework\Testing\Feature\LoadYamlConfigurationTest" classname="Hyde.Framework.Testing.Feature.LoadYamlConfigurationTest" assertions="1" time="0.004012"/>
        <testcase name="testHydeNamespaceCanBlank" file="/home/runner/work/develop/develop/packages/framework/tests/Feature/LoadYamlConfigurationTest.php" line="216" class="Hyde\Framework\Testing\Feature\LoadYamlConfigurationTest" classname="Hyde.Framework.Testing.Feature.LoadYamlConfigurationTest" assertions="1" time="0.004018"/>
        <testcase name="testDotNotationCanBeUsed" file="/home/runner/work/develop/develop/packages/framework/tests/Feature/LoadYamlConfigurationTest.php" line="230" class="Hyde\Framework\Testing\Feature\LoadYamlConfigurationTest" classname="Hyde.Framework.Testing.Feature.LoadYamlConfigurationTest" assertions="2" time="0.004281"/>
        <testcase name="testDotNotationCanBeUsedWithNamespaces" file="/home/runner/work/develop/develop/packages/framework/tests/Feature/LoadYamlConfigurationTest.php" line="243" class="Hyde\Framework\Testing\Feature\LoadYamlConfigurationTest" classname="Hyde.Framework.Testing.Feature.LoadYamlConfigurationTest" assertions="3" time="0.004742"/>
      </testsuite>
      <testsuite name="Hyde\Framework\Testing\Feature\MarkdownFileParserTest" file="/home/runner/work/develop/develop/packages/framework/tests/Feature/MarkdownFileParserTest.php" tests="3" assertions="8" errors="0" failures="0" skipped="0" time="0.008328">
        <testcase name="testCanParseMarkdownFile" file="/home/runner/work/develop/develop/packages/framework/tests/Feature/MarkdownFileParserTest.php" line="42" class="Hyde\Framework\Testing\Feature\MarkdownFileParserTest" classname="Hyde.Framework.Testing.Feature.MarkdownFileParserTest" assertions="2" time="0.002651"/>
        <testcase name="testCanParseMarkdownFileWithFrontMatter" file="/home/runner/work/develop/develop/packages/framework/tests/Feature/MarkdownFileParserTest.php" line="52" class="Hyde\Framework\Testing\Feature\MarkdownFileParserTest" classname="Hyde.Framework.Testing.Feature.MarkdownFileParserTest" assertions="3" time="0.002885"/>
        <testcase name="testParsedMarkdownPostContainsValidFrontMatter" file="/home/runner/work/develop/develop/packages/framework/tests/Feature/MarkdownFileParserTest.php" line="75" class="Hyde\Framework\Testing\Feature\MarkdownFileParserTest" classname="Hyde.Framework.Testing.Feature.MarkdownFileParserTest" assertions="3" time="0.002792"/>
      </testsuite>
      <testsuite name="Hyde\Framework\Testing\Feature\MarkdownPostTest" file="/home/runner/work/develop/develop/packages/framework/tests/Feature/MarkdownPostTest.php" tests="9" assertions="22" errors="0" failures="0" skipped="0" time="0.043093">
        <testcase name="testConstructorCanCreateANewAuthorInstanceFromUsernameString" file="/home/runner/work/develop/develop/packages/framework/tests/Feature/MarkdownPostTest.php" line="20" class="Hyde\Framework\Testing\Feature\MarkdownPostTest" classname="Hyde.Framework.Testing.Feature.MarkdownPostTest" assertions="4" time="0.005051"/>
        <testcase name="testConstructorCanCreateANewAuthorInstanceFromUserArray" file="/home/runner/work/develop/develop/packages/framework/tests/Feature/MarkdownPostTest.php" line="32" class="Hyde\Framework\Testing\Feature\MarkdownPostTest" classname="Hyde.Framework.Testing.Feature.MarkdownPostTest" assertions="4" time="0.004578"/>
        <testcase name="testConstructorCanCreateANewImageInstanceFromAString" file="/home/runner/work/develop/develop/packages/framework/tests/Feature/MarkdownPostTest.php" line="48" class="Hyde\Framework\Testing\Feature\MarkdownPostTest" classname="Hyde.Framework.Testing.Feature.MarkdownPostTest" assertions="2" time="0.004695"/>
        <testcase name="testConstructorCanCreateANewImageInstanceFromAnArray" file="/home/runner/work/develop/develop/packages/framework/tests/Feature/MarkdownPostTest.php" line="58" class="Hyde\Framework\Testing\Feature\MarkdownPostTest" classname="Hyde.Framework.Testing.Feature.MarkdownPostTest" assertions="2" time="0.004625"/>
        <testcase name="testConstructorCanCreateANewDateStringInstanceFromMatter" file="/home/runner/work/develop/develop/packages/framework/tests/Feature/MarkdownPostTest.php" line="70" class="Hyde\Framework\Testing\Feature\MarkdownPostTest" classname="Hyde.Framework.Testing.Feature.MarkdownPostTest" assertions="2" time="0.004485"/>
        <testcase name="testFeaturedImageCanBeConstructedReturnsNullWhenNoImageIsSetInThePageMatter" file="/home/runner/work/develop/develop/packages/framework/tests/Feature/MarkdownPostTest.php" line="80" class="Hyde\Framework\Testing\Feature\MarkdownPostTest" classname="Hyde.Framework.Testing.Feature.MarkdownPostTest" assertions="1" time="0.004384"/>
        <testcase name="testFeaturedImageCanBeConstructedReturnsImageObjectWithLocalPathWhenMatterIsString" file="/home/runner/work/develop/develop/packages/framework/tests/Feature/MarkdownPostTest.php" line="86" class="Hyde\Framework\Testing\Feature\MarkdownPostTest" classname="Hyde.Framework.Testing.Feature.MarkdownPostTest" assertions="2" time="0.005048"/>
        <testcase name="testFeaturedImageCanBeConstructedReturnsImageObjectWithRemotePathWhenMatterIsString" file="/home/runner/work/develop/develop/packages/framework/tests/Feature/MarkdownPostTest.php" line="94" class="Hyde\Framework\Testing\Feature\MarkdownPostTest" classname="Hyde.Framework.Testing.Feature.MarkdownPostTest" assertions="2" time="0.004722"/>
        <testcase name="testFeaturedImageCanBeConstructedReturnsImageObjectWithSuppliedDataWhenMatterIsArray" file="/home/runner/work/develop/develop/packages/framework/tests/Feature/MarkdownPostTest.php" line="102" class="Hyde\Framework\Testing\Feature\MarkdownPostTest" classname="Hyde.Framework.Testing.Feature.MarkdownPostTest" assertions="3" time="0.005506"/>
      </testsuite>
      <testsuite name="Hyde\Framework\Testing\Feature\MarkdownServiceTest" file="/home/runner/work/develop/develop/packages/framework/tests/Feature/MarkdownServiceTest.php" tests="31" assertions="38" errors="0" failures="0" skipped="0" time="0.143339">
        <testcase name="testServiceCanParseMarkdownToHtml" file="/home/runner/work/develop/develop/packages/framework/tests/Feature/MarkdownServiceTest.php" line="18" class="Hyde\Framework\Testing\Feature\MarkdownServiceTest" classname="Hyde.Framework.Testing.Feature.MarkdownServiceTest" assertions="2" time="0.005582"/>
        <testcase name="testServiceCanParseMarkdownToHtmlWithPermalinks" file="/home/runner/work/develop/develop/packages/framework/tests/Feature/MarkdownServiceTest.php" line="28" class="Hyde\Framework\Testing\Feature\MarkdownServiceTest" classname="Hyde.Framework.Testing.Feature.MarkdownServiceTest" assertions="2" time="0.005693"/>
        <testcase name="testTorchlightExtensionIsNotEnabledByDefault" file="/home/runner/work/develop/develop/packages/framework/tests/Feature/MarkdownServiceTest.php" line="42" class="Hyde\Framework\Testing\Feature\MarkdownServiceTest" classname="Hyde.Framework.Testing.Feature.MarkdownServiceTest" assertions="1" time="0.006016"/>
        <testcase name="testTorchlightExtensionIsEnabledAutomaticallyWhenHasTorchlightFeature" file="/home/runner/work/develop/develop/packages/framework/tests/Feature/MarkdownServiceTest.php" line="50" class="Hyde\Framework\Testing\Feature\MarkdownServiceTest" classname="Hyde.Framework.Testing.Feature.MarkdownServiceTest" assertions="1" time="0.006316"/>
        <testcase name="testTorchlightIntegrationInjectsAttribution" file="/home/runner/work/develop/develop/packages/framework/tests/Feature/MarkdownServiceTest.php" line="58" class="Hyde\Framework\Testing\Feature\MarkdownServiceTest" classname="Hyde.Framework.Testing.Feature.MarkdownServiceTest" assertions="1" time="0.006305"/>
        <testcase name="testBladedownIsNotEnabledByDefault" file="/home/runner/work/develop/develop/packages/framework/tests/Feature/MarkdownServiceTest.php" line="72" class="Hyde\Framework\Testing\Feature\MarkdownServiceTest" classname="Hyde.Framework.Testing.Feature.MarkdownServiceTest" assertions="1" time="0.005910"/>
        <testcase name="testBladedownCanBeEnabled" file="/home/runner/work/develop/develop/packages/framework/tests/Feature/MarkdownServiceTest.php" line="78" class="Hyde\Framework\Testing\Feature\MarkdownServiceTest" classname="Hyde.Framework.Testing.Feature.MarkdownServiceTest" assertions="1" time="0.020865"/>
        <testcase name="testRawHtmlTagsAreStrippedByDefault" file="/home/runner/work/develop/develop/packages/framework/tests/Feature/MarkdownServiceTest.php" line="86" class="Hyde\Framework\Testing\Feature\MarkdownServiceTest" classname="Hyde.Framework.Testing.Feature.MarkdownServiceTest" assertions="1" time="0.005068"/>
        <testcase name="testRawHtmlTagsAreNotStrippedWhenExplicitlyEnabled" file="/home/runner/work/develop/develop/packages/framework/tests/Feature/MarkdownServiceTest.php" line="94" class="Hyde\Framework\Testing\Feature\MarkdownServiceTest" classname="Hyde.Framework.Testing.Feature.MarkdownServiceTest" assertions="1" time="0.005712"/>
        <testcase name="testHasFeaturesArray" file="/home/runner/work/develop/develop/packages/framework/tests/Feature/MarkdownServiceTest.php" line="103" class="Hyde\Framework\Testing\Feature\MarkdownServiceTest" classname="Hyde.Framework.Testing.Feature.MarkdownServiceTest" assertions="1" time="0.003239"/>
        <testcase name="testTheFeaturesArrayIsEmptyByDefault" file="/home/runner/work/develop/develop/packages/framework/tests/Feature/MarkdownServiceTest.php" line="110" class="Hyde\Framework\Testing\Feature\MarkdownServiceTest" classname="Hyde.Framework.Testing.Feature.MarkdownServiceTest" assertions="1" time="0.003265"/>
        <testcase name="testFeaturesCanBeAddedToTheArray" file="/home/runner/work/develop/develop/packages/framework/tests/Feature/MarkdownServiceTest.php" line="117" class="Hyde\Framework\Testing\Feature\MarkdownServiceTest" classname="Hyde.Framework.Testing.Feature.MarkdownServiceTest" assertions="1" time="0.003276"/>
        <testcase name="testFeaturesCanBeRemovedFromTheArray" file="/home/runner/work/develop/develop/packages/framework/tests/Feature/MarkdownServiceTest.php" line="125" class="Hyde\Framework\Testing\Feature\MarkdownServiceTest" classname="Hyde.Framework.Testing.Feature.MarkdownServiceTest" assertions="1" time="0.003318"/>
        <testcase name="testMethodChainingCanBeUsedToProgrammaticallyAddFeaturesToTheArray" file="/home/runner/work/develop/develop/packages/framework/tests/Feature/MarkdownServiceTest.php" line="134" class="Hyde\Framework\Testing\Feature\MarkdownServiceTest" classname="Hyde.Framework.Testing.Feature.MarkdownServiceTest" assertions="2" time="0.003450"/>
        <testcase name="testMethodChainingCanBeUsedToProgrammaticallyRemoveFeaturesFromTheArray" file="/home/runner/work/develop/develop/packages/framework/tests/Feature/MarkdownServiceTest.php" line="143" class="Hyde\Framework\Testing\Feature\MarkdownServiceTest" classname="Hyde.Framework.Testing.Feature.MarkdownServiceTest" assertions="2" time="0.003475"/>
        <testcase name="testMethodWithTableOfContentsMethodChainAddsTheTableOfContentsFeature" file="/home/runner/work/develop/develop/packages/framework/tests/Feature/MarkdownServiceTest.php" line="152" class="Hyde\Framework\Testing\Feature\MarkdownServiceTest" classname="Hyde.Framework.Testing.Feature.MarkdownServiceTest" assertions="1" time="0.003324"/>
        <testcase name="testMethodWithPermalinksMethodChainAddsThePermalinksFeature" file="/home/runner/work/develop/develop/packages/framework/tests/Feature/MarkdownServiceTest.php" line="160" class="Hyde\Framework\Testing\Feature\MarkdownServiceTest" classname="Hyde.Framework.Testing.Feature.MarkdownServiceTest" assertions="1" time="0.003297"/>
        <testcase name="testHasFeatureReturnsTrueIfTheFeatureIsInTheArray" file="/home/runner/work/develop/develop/packages/framework/tests/Feature/MarkdownServiceTest.php" line="168" class="Hyde\Framework\Testing\Feature\MarkdownServiceTest" classname="Hyde.Framework.Testing.Feature.MarkdownServiceTest" assertions="1" time="0.003306"/>
        <testcase name="testHasFeatureReturnsFalseIfTheFeatureIsNotInTheArray" file="/home/runner/work/develop/develop/packages/framework/tests/Feature/MarkdownServiceTest.php" line="176" class="Hyde\Framework\Testing\Feature\MarkdownServiceTest" classname="Hyde.Framework.Testing.Feature.MarkdownServiceTest" assertions="1" time="0.003247"/>
        <testcase name="testMethodCanEnablePermalinksReturnsTrueIfThePermalinksFeatureIsInTheArray" file="/home/runner/work/develop/develop/packages/framework/tests/Feature/MarkdownServiceTest.php" line="183" class="Hyde\Framework\Testing\Feature\MarkdownServiceTest" classname="Hyde.Framework.Testing.Feature.MarkdownServiceTest" assertions="1" time="0.003304"/>
        <testcase name="testMethodCanEnablePermalinksIsAutomaticallyForDocumentationPages" file="/home/runner/work/develop/develop/packages/framework/tests/Feature/MarkdownServiceTest.php" line="191" class="Hyde\Framework\Testing\Feature\MarkdownServiceTest" classname="Hyde.Framework.Testing.Feature.MarkdownServiceTest" assertions="1" time="0.005157"/>
        <testcase name="testMethodCanEnablePermalinksReturnsFalseIfThePermalinksFeatureIsNotInTheArray" file="/home/runner/work/develop/develop/packages/framework/tests/Feature/MarkdownServiceTest.php" line="200" class="Hyde\Framework\Testing\Feature\MarkdownServiceTest" classname="Hyde.Framework.Testing.Feature.MarkdownServiceTest" assertions="1" time="0.003316"/>
        <testcase name="testMethodCanEnableTorchlightReturnsTrueIfTheTorchlightFeatureIsInTheArray" file="/home/runner/work/develop/develop/packages/framework/tests/Feature/MarkdownServiceTest.php" line="207" class="Hyde\Framework\Testing\Feature\MarkdownServiceTest" classname="Hyde.Framework.Testing.Feature.MarkdownServiceTest" assertions="1" time="0.003327"/>
        <testcase name="testMethodCanEnableTorchlightReturnsFalseIfTheTorchlightFeatureIsNotInTheArray" file="/home/runner/work/develop/develop/packages/framework/tests/Feature/MarkdownServiceTest.php" line="215" class="Hyde\Framework\Testing\Feature\MarkdownServiceTest" classname="Hyde.Framework.Testing.Feature.MarkdownServiceTest" assertions="1" time="0.003396"/>
        <testcase name="testStripIndentationMethodWithUnindentedMarkdown" file="/home/runner/work/develop/develop/packages/framework/tests/Feature/MarkdownServiceTest.php" line="222" class="Hyde\Framework\Testing\Feature\MarkdownServiceTest" classname="Hyde.Framework.Testing.Feature.MarkdownServiceTest" assertions="1" time="0.003284"/>
        <testcase name="testStripIndentationMethodWithIndentedMarkdown" file="/home/runner/work/develop/develop/packages/framework/tests/Feature/MarkdownServiceTest.php" line="230" class="Hyde\Framework\Testing\Feature\MarkdownServiceTest" classname="Hyde.Framework.Testing.Feature.MarkdownServiceTest" assertions="3" time="0.003479"/>
        <testcase name="testStripIndentationMethodWithTabIndentedMarkdown" file="/home/runner/work/develop/develop/packages/framework/tests/Feature/MarkdownServiceTest.php" line="244" class="Hyde\Framework\Testing\Feature\MarkdownServiceTest" classname="Hyde.Framework.Testing.Feature.MarkdownServiceTest" assertions="1" time="0.003276"/>
        <testcase name="testStripIndentationMethodWithCarriageReturnLineFeed" file="/home/runner/work/develop/develop/packages/framework/tests/Feature/MarkdownServiceTest.php" line="252" class="Hyde\Framework\Testing\Feature\MarkdownServiceTest" classname="Hyde.Framework.Testing.Feature.MarkdownServiceTest" assertions="1" time="0.004112"/>
        <testcase name="testStripIndentationMethodWithCodeIndentation" file="/home/runner/work/develop/develop/packages/framework/tests/Feature/MarkdownServiceTest.php" line="260" class="Hyde\Framework\Testing\Feature\MarkdownServiceTest" classname="Hyde.Framework.Testing.Feature.MarkdownServiceTest" assertions="1" time="0.003323"/>
        <testcase name="testStripIndentationMethodWithEmptyNewlines" file="/home/runner/work/develop/develop/packages/framework/tests/Feature/MarkdownServiceTest.php" line="268" class="Hyde\Framework\Testing\Feature\MarkdownServiceTest" classname="Hyde.Framework.Testing.Feature.MarkdownServiceTest" assertions="2" time="0.003405"/>
        <testcase name="testStripIndentationMethodWithTrailingNewline" file="/home/runner/work/develop/develop/packages/framework/tests/Feature/MarkdownServiceTest.php" line="279" class="Hyde\Framework\Testing\Feature\MarkdownServiceTest" classname="Hyde.Framework.Testing.Feature.MarkdownServiceTest" assertions="1" time="0.003293"/>
      </testsuite>
      <testsuite name="Hyde\Framework\Testing\Feature\MetadataHelperTest" file="/home/runner/work/develop/develop/packages/framework/tests/Feature/MetadataHelperTest.php" tests="9" assertions="9" errors="0" failures="0" skipped="0" time="0.029337">
        <testcase name="testNameMethodReturnsAValidHtmlMetaString" file="/home/runner/work/develop/develop/packages/framework/tests/Feature/MetadataHelperTest.php" line="24" class="Hyde\Framework\Testing\Feature\MetadataHelperTest" classname="Hyde.Framework.Testing.Feature.MetadataHelperTest" assertions="1" time="0.003356"/>
        <testcase name="testPropertyMethodReturnsAValidHtmlMetaString" file="/home/runner/work/develop/develop/packages/framework/tests/Feature/MetadataHelperTest.php" line="32" class="Hyde\Framework\Testing\Feature\MetadataHelperTest" classname="Hyde.Framework.Testing.Feature.MetadataHelperTest" assertions="1" time="0.003069"/>
        <testcase name="testPropertyMethodAcceptsPropertyWithOgPrefix" file="/home/runner/work/develop/develop/packages/framework/tests/Feature/MetadataHelperTest.php" line="40" class="Hyde\Framework\Testing\Feature\MetadataHelperTest" classname="Hyde.Framework.Testing.Feature.MetadataHelperTest" assertions="1" time="0.003086"/>
        <testcase name="testPropertyMethodAcceptsPropertyWithoutOgPrefix" file="/home/runner/work/develop/develop/packages/framework/tests/Feature/MetadataHelperTest.php" line="48" class="Hyde\Framework\Testing\Feature\MetadataHelperTest" classname="Hyde.Framework.Testing.Feature.MetadataHelperTest" assertions="1" time="0.003095"/>
        <testcase name="testLinkMethodReturnsAValidHtmlLinkString" file="/home/runner/work/develop/develop/packages/framework/tests/Feature/MetadataHelperTest.php" line="56" class="Hyde\Framework\Testing\Feature\MetadataHelperTest" classname="Hyde.Framework.Testing.Feature.MetadataHelperTest" assertions="1" time="0.003125"/>
        <testcase name="testLinkMethodReturnsAValidHtmlLinkStringWithAttributes" file="/home/runner/work/develop/develop/packages/framework/tests/Feature/MetadataHelperTest.php" line="64" class="Hyde\Framework\Testing\Feature\MetadataHelperTest" classname="Hyde.Framework.Testing.Feature.MetadataHelperTest" assertions="1" time="0.003306"/>
        <testcase name="testLinkMethodReturnsAValidHtmlLinkStringWithMultipleAttributes" file="/home/runner/work/develop/develop/packages/framework/tests/Feature/MetadataHelperTest.php" line="72" class="Hyde\Framework\Testing\Feature\MetadataHelperTest" classname="Hyde.Framework.Testing.Feature.MetadataHelperTest" assertions="1" time="0.003259"/>
        <testcase name="testGetMethodReturnsGlobalMetadataBag" file="/home/runner/work/develop/develop/packages/framework/tests/Feature/MetadataHelperTest.php" line="80" class="Hyde\Framework\Testing\Feature\MetadataHelperTest" classname="Hyde.Framework.Testing.Feature.MetadataHelperTest" assertions="1" time="0.003517"/>
        <testcase name="testRenderMethodRendersGlobalMetadataBag" file="/home/runner/work/develop/develop/packages/framework/tests/Feature/MetadataHelperTest.php" line="85" class="Hyde\Framework\Testing\Feature\MetadataHelperTest" classname="Hyde.Framework.Testing.Feature.MetadataHelperTest" assertions="1" time="0.003523"/>
      </testsuite>
      <testsuite name="Hyde\Framework\Testing\Feature\MetadataTest" file="/home/runner/work/develop/develop/packages/framework/tests/Feature/MetadataTest.php" tests="48" assertions="55" errors="0" failures="0" skipped="0" time="0.234696">
        <testcase name="testMetadataObjectIsGeneratedAutomatically" file="/home/runner/work/develop/develop/packages/framework/tests/Feature/MetadataTest.php" line="54" class="Hyde\Framework\Testing\Feature\MetadataTest" classname="Hyde.Framework.Testing.Feature.MetadataTest" assertions="3" time="0.004729"/>
        <testcase name="testLinkItemModel" file="/home/runner/work/develop/develop/packages/framework/tests/Feature/MetadataTest.php" line="63" class="Hyde\Framework\Testing\Feature\MetadataTest" classname="Hyde.Framework.Testing.Feature.MetadataTest" assertions="3" time="0.003523"/>
        <testcase name="testMetadataItemModel" file="/home/runner/work/develop/develop/packages/framework/tests/Feature/MetadataTest.php" line="73" class="Hyde\Framework\Testing\Feature\MetadataTest" classname="Hyde.Framework.Testing.Feature.MetadataTest" assertions="2" time="0.003412"/>
        <testcase name="testOpenGraphItemModel" file="/home/runner/work/develop/develop/packages/framework/tests/Feature/MetadataTest.php" line="80" class="Hyde\Framework\Testing\Feature\MetadataTest" classname="Hyde.Framework.Testing.Feature.MetadataTest" assertions="3" time="0.003473"/>
        <testcase name="testLinkItemCanBeAdded" file="/home/runner/work/develop/develop/packages/framework/tests/Feature/MetadataTest.php" line="90" class="Hyde\Framework\Testing\Feature\MetadataTest" classname="Hyde.Framework.Testing.Feature.MetadataTest" assertions="1" time="0.004830"/>
        <testcase name="testMetadataItemCanBeAdded" file="/home/runner/work/develop/develop/packages/framework/tests/Feature/MetadataTest.php" line="100" class="Hyde\Framework\Testing\Feature\MetadataTest" classname="Hyde.Framework.Testing.Feature.MetadataTest" assertions="1" time="0.004358"/>
        <testcase name="testOpenGraphItemCanBeAdded" file="/home/runner/work/develop/develop/packages/framework/tests/Feature/MetadataTest.php" line="110" class="Hyde\Framework\Testing\Feature\MetadataTest" classname="Hyde.Framework.Testing.Feature.MetadataTest" assertions="1" time="0.004426"/>
        <testcase name="testGenericItemCanBeAdded" file="/home/runner/work/develop/develop/packages/framework/tests/Feature/MetadataTest.php" line="120" class="Hyde\Framework\Testing\Feature\MetadataTest" classname="Hyde.Framework.Testing.Feature.MetadataTest" assertions="1" time="0.004337"/>
        <testcase name="testMultipleItemsCanBeAccessedWithGetMethod" file="/home/runner/work/develop/develop/packages/framework/tests/Feature/MetadataTest.php" line="130" class="Hyde\Framework\Testing\Feature\MetadataTest" classname="Hyde.Framework.Testing.Feature.MetadataTest" assertions="1" time="0.004693"/>
        <testcase name="testMultipleItemsOfSameKeyAndTypeOnlyKeepsLatest" file="/home/runner/work/develop/develop/packages/framework/tests/Feature/MetadataTest.php" line="146" class="Hyde\Framework\Testing\Feature\MetadataTest" classname="Hyde.Framework.Testing.Feature.MetadataTest" assertions="1" time="0.004506"/>
        <testcase name="testRenderReturnsHtmlStringOfImplodedMetadataArrays" file="/home/runner/work/develop/develop/packages/framework/tests/Feature/MetadataTest.php" line="157" class="Hyde\Framework\Testing\Feature\MetadataTest" classname="Hyde.Framework.Testing.Feature.MetadataTest" assertions="1" time="0.004467"/>
        <testcase name="testCustomMetadataOverridesConfigDefinedMetadata" file="/home/runner/work/develop/develop/packages/framework/tests/Feature/MetadataTest.php" line="174" class="Hyde\Framework\Testing\Feature\MetadataTest" classname="Hyde.Framework.Testing.Feature.MetadataTest" assertions="1" time="0.004539"/>
        <testcase name="testDynamicMetadataOverridesConfigDefinedMetadata" file="/home/runner/work/develop/develop/packages/framework/tests/Feature/MetadataTest.php" line="186" class="Hyde\Framework\Testing\Feature\MetadataTest" classname="Hyde.Framework.Testing.Feature.MetadataTest" assertions="1" time="0.004531"/>
        <testcase name="testDoesNotAddCanonicalLinkWhenBaseUrlIsNotSet" file="/home/runner/work/develop/develop/packages/framework/tests/Feature/MetadataTest.php" line="199" class="Hyde\Framework\Testing\Feature\MetadataTest" classname="Hyde.Framework.Testing.Feature.MetadataTest" assertions="1" time="0.015103"/>
        <testcase name="testDoesNotAddCanonicalLinkWhenIdentifierIsNotSet" file="/home/runner/work/develop/develop/packages/framework/tests/Feature/MetadataTest.php" line="207" class="Hyde\Framework\Testing\Feature\MetadataTest" classname="Hyde.Framework.Testing.Feature.MetadataTest" assertions="1" time="0.004484"/>
        <testcase name="testAddsCanonicalLinkWhenBaseUrlAndIdentifierIsSet" file="/home/runner/work/develop/develop/packages/framework/tests/Feature/MetadataTest.php" line="215" class="Hyde\Framework\Testing\Feature\MetadataTest" classname="Hyde.Framework.Testing.Feature.MetadataTest" assertions="1" time="0.004760"/>
        <testcase name="testCanonicalLinkUsesCleanUrlSetting" file="/home/runner/work/develop/develop/packages/framework/tests/Feature/MetadataTest.php" line="223" class="Hyde\Framework\Testing\Feature\MetadataTest" classname="Hyde.Framework.Testing.Feature.MetadataTest" assertions="1" time="0.004679"/>
        <testcase name="testCanOverrideCanonicalLinkWithFrontMatter" file="/home/runner/work/develop/develop/packages/framework/tests/Feature/MetadataTest.php" line="232" class="Hyde\Framework\Testing\Feature\MetadataTest" classname="Hyde.Framework.Testing.Feature.MetadataTest" assertions="1" time="0.004441"/>
        <testcase name="testAddsTwitterAndOpenGraphTitleWhenTitleIsSet" file="/home/runner/work/develop/develop/packages/framework/tests/Feature/MetadataTest.php" line="241" class="Hyde\Framework\Testing\Feature\MetadataTest" classname="Hyde.Framework.Testing.Feature.MetadataTest" assertions="1" time="0.004334"/>
        <testcase name="testDoesNotAddTwitterAndOpenGraphTitleWhenNoTitleIsSet" file="/home/runner/work/develop/develop/packages/framework/tests/Feature/MetadataTest.php" line="252" class="Hyde\Framework\Testing\Feature\MetadataTest" classname="Hyde.Framework.Testing.Feature.MetadataTest" assertions="1" time="0.004344"/>
        <testcase name="testAddsDescriptionWhenDescriptionIsSetInPost" file="/home/runner/work/develop/develop/packages/framework/tests/Feature/MetadataTest.php" line="261" class="Hyde\Framework\Testing\Feature\MetadataTest" classname="Hyde.Framework.Testing.Feature.MetadataTest" assertions="1" time="0.004721"/>
        <testcase name="testDoesNotAddDescriptionWhenDescriptionIsNotSetInPost" file="/home/runner/work/develop/develop/packages/framework/tests/Feature/MetadataTest.php" line="267" class="Hyde\Framework\Testing\Feature\MetadataTest" classname="Hyde.Framework.Testing.Feature.MetadataTest" assertions="1" time="0.004652"/>
        <testcase name="testAddsAuthorWhenAuthorIsSetInPost" file="/home/runner/work/develop/develop/packages/framework/tests/Feature/MetadataTest.php" line="273" class="Hyde\Framework\Testing\Feature\MetadataTest" classname="Hyde.Framework.Testing.Feature.MetadataTest" assertions="1" time="0.004813"/>
        <testcase name="testDoesNotAddAuthorWhenAuthorIsNotSetInPost" file="/home/runner/work/develop/develop/packages/framework/tests/Feature/MetadataTest.php" line="279" class="Hyde\Framework\Testing\Feature\MetadataTest" classname="Hyde.Framework.Testing.Feature.MetadataTest" assertions="1" time="0.004637"/>
        <testcase name="testAddsKeywordsWhenCategoryIsSetInPost" file="/home/runner/work/develop/develop/packages/framework/tests/Feature/MetadataTest.php" line="285" class="Hyde\Framework\Testing\Feature\MetadataTest" classname="Hyde.Framework.Testing.Feature.MetadataTest" assertions="1" time="0.004850"/>
        <testcase name="testDoesNotAddKeywordsWhenCategoryIsNotSetInPost" file="/home/runner/work/develop/develop/packages/framework/tests/Feature/MetadataTest.php" line="291" class="Hyde\Framework\Testing\Feature\MetadataTest" classname="Hyde.Framework.Testing.Feature.MetadataTest" assertions="1" time="0.004665"/>
        <testcase name="testAddsUrlPropertyWhenCanonicalUrlIsSetInPost" file="/home/runner/work/develop/develop/packages/framework/tests/Feature/MetadataTest.php" line="297" class="Hyde\Framework\Testing\Feature\MetadataTest" classname="Hyde.Framework.Testing.Feature.MetadataTest" assertions="1" time="0.004699"/>
        <testcase name="testDoesNotAddUrlPropertyWhenCanonicalUrlIsNotSetInPost" file="/home/runner/work/develop/develop/packages/framework/tests/Feature/MetadataTest.php" line="303" class="Hyde\Framework\Testing\Feature\MetadataTest" classname="Hyde.Framework.Testing.Feature.MetadataTest" assertions="1" time="0.004654"/>
        <testcase name="testDoesNotAddUrlPropertyWhenCanonicalUrlIsNull" file="/home/runner/work/develop/develop/packages/framework/tests/Feature/MetadataTest.php" line="309" class="Hyde\Framework\Testing\Feature\MetadataTest" classname="Hyde.Framework.Testing.Feature.MetadataTest" assertions="1" time="0.004680"/>
        <testcase name="testAddsTitlePropertyWhenTitleIsSetInPost" file="/home/runner/work/develop/develop/packages/framework/tests/Feature/MetadataTest.php" line="315" class="Hyde\Framework\Testing\Feature\MetadataTest" classname="Hyde.Framework.Testing.Feature.MetadataTest" assertions="1" time="0.004661"/>
        <testcase name="testDoesNotAddTitlePropertyWhenTitleIsNotSetInPost" file="/home/runner/work/develop/develop/packages/framework/tests/Feature/MetadataTest.php" line="321" class="Hyde\Framework\Testing\Feature\MetadataTest" classname="Hyde.Framework.Testing.Feature.MetadataTest" assertions="1" time="0.004652"/>
        <testcase name="testAddsPublishedTimePropertyWhenDateIsSetInPost" file="/home/runner/work/develop/develop/packages/framework/tests/Feature/MetadataTest.php" line="327" class="Hyde\Framework\Testing\Feature\MetadataTest" classname="Hyde.Framework.Testing.Feature.MetadataTest" assertions="1" time="0.004686"/>
        <testcase name="testDoesNotAddPublishedTimePropertyWhenDateIsNotSetInPost" file="/home/runner/work/develop/develop/packages/framework/tests/Feature/MetadataTest.php" line="333" class="Hyde\Framework\Testing\Feature\MetadataTest" classname="Hyde.Framework.Testing.Feature.MetadataTest" assertions="1" time="0.004629"/>
        <testcase name="testAddsImagePropertyWhenImageIsSetInPost" file="/home/runner/work/develop/develop/packages/framework/tests/Feature/MetadataTest.php" line="339" class="Hyde\Framework\Testing\Feature\MetadataTest" classname="Hyde.Framework.Testing.Feature.MetadataTest" assertions="1" time="0.005099"/>
        <testcase name="testDoesNotAddImagePropertyWhenImageIsNotSetInPost" file="/home/runner/work/develop/develop/packages/framework/tests/Feature/MetadataTest.php" line="345" class="Hyde\Framework\Testing\Feature\MetadataTest" classname="Hyde.Framework.Testing.Feature.MetadataTest" assertions="1" time="0.004838"/>
        <testcase name="testAddsTypePropertyAutomatically" file="/home/runner/work/develop/develop/packages/framework/tests/Feature/MetadataTest.php" line="351" class="Hyde\Framework\Testing\Feature\MetadataTest" classname="Hyde.Framework.Testing.Feature.MetadataTest" assertions="1" time="0.004740"/>
        <testcase name="testDynamicPostMetaPropertiesReturnsBaseArrayWhenInitializedWithEmptyFrontMatter" file="/home/runner/work/develop/develop/packages/framework/tests/Feature/MetadataTest.php" line="357" class="Hyde\Framework\Testing\Feature\MetadataTest" classname="Hyde.Framework.Testing.Feature.MetadataTest" assertions="1" time="0.004929"/>
        <testcase name="testDynamicPostMetaPropertiesContainsImageMetadataWhenFeaturedImageSetToString" file="/home/runner/work/develop/develop/packages/framework/tests/Feature/MetadataTest.php" line="363" class="Hyde\Framework\Testing\Feature\MetadataTest" classname="Hyde.Framework.Testing.Feature.MetadataTest" assertions="1" time="0.005290"/>
        <testcase name="testDynamicPostMetaPropertiesContainsImageLinkThatIsAlwaysRelative" file="/home/runner/work/develop/develop/packages/framework/tests/Feature/MetadataTest.php" line="372" class="Hyde\Framework\Testing\Feature\MetadataTest" classname="Hyde.Framework.Testing.Feature.MetadataTest" assertions="1" time="0.005431"/>
        <testcase name="testDynamicPostMetaPropertiesContainsImageLinkThatIsAlwaysRelativeForNestedPosts" file="/home/runner/work/develop/develop/packages/framework/tests/Feature/MetadataTest.php" line="381" class="Hyde\Framework\Testing\Feature\MetadataTest" classname="Hyde.Framework.Testing.Feature.MetadataTest" assertions="1" time="0.005285"/>
        <testcase name="testDynamicPostMetaPropertiesContainsImageLinkThatIsAlwaysRelativeForNestedOutputDirectories" file="/home/runner/work/develop/develop/packages/framework/tests/Feature/MetadataTest.php" line="390" class="Hyde\Framework\Testing\Feature\MetadataTest" classname="Hyde.Framework.Testing.Feature.MetadataTest" assertions="1" time="0.005120"/>
        <testcase name="testDynamicPostMetaPropertiesContainsImageLinkThatIsAlwaysRelativeForNestedPostsAndNestedOutputDirectories" file="/home/runner/work/develop/develop/packages/framework/tests/Feature/MetadataTest.php" line="400" class="Hyde\Framework\Testing\Feature\MetadataTest" classname="Hyde.Framework.Testing.Feature.MetadataTest" assertions="1" time="0.005646"/>
        <testcase name="testDynamicPostMetaPropertiesContainsImageLinkThatUsesTheConfiguredMediaDirectory" file="/home/runner/work/develop/develop/packages/framework/tests/Feature/MetadataTest.php" line="410" class="Hyde\Framework\Testing\Feature\MetadataTest" classname="Hyde.Framework.Testing.Feature.MetadataTest" assertions="1" time="0.005152"/>
        <testcase name="testDynamicPostMetaPropertiesContainsImageMetadataWhenFeaturedImageSetToArrayWithPath" file="/home/runner/work/develop/develop/packages/framework/tests/Feature/MetadataTest.php" line="420" class="Hyde\Framework\Testing\Feature\MetadataTest" classname="Hyde.Framework.Testing.Feature.MetadataTest" assertions="1" time="0.005098"/>
        <testcase name="testDynamicPostMetaPropertiesContainsImageMetadataWhenFeaturedImageSetToArrayWithUrl" file="/home/runner/work/develop/develop/packages/framework/tests/Feature/MetadataTest.php" line="431" class="Hyde\Framework\Testing\Feature\MetadataTest" classname="Hyde.Framework.Testing.Feature.MetadataTest" assertions="1" time="0.004855"/>
        <testcase name="testDynamicPostAuthorReturnsAuthorNameWhenAuthorSetToArrayUsingUsername" file="/home/runner/work/develop/develop/packages/framework/tests/Feature/MetadataTest.php" line="442" class="Hyde\Framework\Testing\Feature\MetadataTest" classname="Hyde.Framework.Testing.Feature.MetadataTest" assertions="1" time="0.004655"/>
        <testcase name="testDynamicPostAuthorReturnsAuthorNameWhenAuthorSetToArrayUsingName" file="/home/runner/work/develop/develop/packages/framework/tests/Feature/MetadataTest.php" line="452" class="Hyde\Framework\Testing\Feature\MetadataTest" classname="Hyde.Framework.Testing.Feature.MetadataTest" assertions="1" time="0.004887"/>
        <testcase name="testNoAuthorIsSetWhenAuthorSetToArrayWithoutNameOrUsername" file="/home/runner/work/develop/develop/packages/framework/tests/Feature/MetadataTest.php" line="463" class="Hyde\Framework\Testing\Feature\MetadataTest" classname="Hyde.Framework.Testing.Feature.MetadataTest" assertions="1" time="0.004706"/>
      </testsuite>
      <testsuite name="Hyde\Framework\Testing\Feature\MetadataViewTest" file="/home/runner/work/develop/develop/packages/framework/tests/Feature/MetadataViewTest.php" tests="5" assertions="84" errors="0" failures="0" skipped="0" time="0.124182">
        <testcase name="testMetadataTagsInEmptyBladePage" file="/home/runner/work/develop/develop/packages/framework/tests/Feature/MetadataViewTest.php" line="88" class="Hyde\Framework\Testing\Feature\MetadataViewTest" classname="Hyde.Framework.Testing.Feature.MetadataViewTest" assertions="13" time="0.023139"/>
        <testcase name="testMetadataTagsInEmptyMarkdownPage" file="/home/runner/work/develop/develop/packages/framework/tests/Feature/MetadataViewTest.php" line="104" class="Hyde\Framework\Testing\Feature\MetadataViewTest" classname="Hyde.Framework.Testing.Feature.MetadataViewTest" assertions="13" time="0.022116"/>
        <testcase name="testMetadataTagsInEmptyDocumentationPage" file="/home/runner/work/develop/develop/packages/framework/tests/Feature/MetadataViewTest.php" line="120" class="Hyde\Framework\Testing\Feature\MetadataViewTest" classname="Hyde.Framework.Testing.Feature.MetadataViewTest" assertions="13" time="0.026163"/>
        <testcase name="testMetadataTagsInEmptyMarkdownPost" file="/home/runner/work/develop/develop/packages/framework/tests/Feature/MetadataViewTest.php" line="136" class="Hyde\Framework\Testing\Feature\MetadataViewTest" classname="Hyde.Framework.Testing.Feature.MetadataViewTest" assertions="19" time="0.023371"/>
        <testcase name="testMetadataTagsInMarkdownPostWithFlatFrontMatter" file="/home/runner/work/develop/develop/packages/framework/tests/Feature/MetadataViewTest.php" line="158" class="Hyde\Framework\Testing\Feature\MetadataViewTest" classname="Hyde.Framework.Testing.Feature.MetadataViewTest" assertions="26" time="0.029394"/>
      </testsuite>
      <testsuite name="Hyde\Framework\Testing\Feature\NavigationDataTest" file="/home/runner/work/develop/develop/packages/framework/tests/Feature/NavigationDataTest.php" tests="5" assertions="8" errors="0" failures="0" skipped="0" time="0.008302">
        <testcase name="testClassMatchesSchema" file="/home/runner/work/develop/develop/packages/framework/tests/Feature/NavigationDataTest.php" line="24" class="Hyde\Framework\Testing\Feature\NavigationDataTest" classname="Hyde.Framework.Testing.Feature.NavigationDataTest" assertions="1" time="0.001738"/>
        <testcase name="testConstruct" file="/home/runner/work/develop/develop/packages/framework/tests/Feature/NavigationDataTest.php" line="32" class="Hyde\Framework\Testing\Feature\NavigationDataTest" classname="Hyde.Framework.Testing.Feature.NavigationDataTest" assertions="4" time="0.001728"/>
        <testcase name="testMake" file="/home/runner/work/develop/develop/packages/framework/tests/Feature/NavigationDataTest.php" line="42" class="Hyde\Framework\Testing\Feature\NavigationDataTest" classname="Hyde.Framework.Testing.Feature.NavigationDataTest" assertions="1" time="0.001608"/>
        <testcase name="testToArray" file="/home/runner/work/develop/develop/packages/framework/tests/Feature/NavigationDataTest.php" line="49" class="Hyde\Framework\Testing\Feature\NavigationDataTest" classname="Hyde.Framework.Testing.Feature.NavigationDataTest" assertions="1" time="0.001540"/>
        <testcase name="testJsonSerialize" file="/home/runner/work/develop/develop/packages/framework/tests/Feature/NavigationDataTest.php" line="54" class="Hyde\Framework\Testing\Feature\NavigationDataTest" classname="Hyde.Framework.Testing.Feature.NavigationDataTest" assertions="1" time="0.001687"/>
      </testsuite>
      <testsuite name="Hyde\Framework\Testing\Feature\NavigationMenuTest" file="/home/runner/work/develop/develop/packages/framework/tests/Feature/NavigationMenuTest.php" tests="29" assertions="48" errors="0" failures="0" skipped="0" time="0.290490">
        <testcase name="testConstructor" file="/home/runner/work/develop/develop/packages/framework/tests/Feature/NavigationMenuTest.php" line="25" class="Hyde\Framework\Testing\Feature\NavigationMenuTest" classname="Hyde.Framework.Testing.Feature.NavigationMenuTest" assertions="1" time="0.007543"/>
        <testcase name="testGenerateMethodCreatesCollectionOfNavItems" file="/home/runner/work/develop/develop/packages/framework/tests/Feature/NavigationMenuTest.php" line="30" class="Hyde\Framework\Testing\Feature\NavigationMenuTest" classname="Hyde.Framework.Testing.Feature.NavigationMenuTest" assertions="1" time="0.007439"/>
        <testcase name="testGetItemsReturnsItems" file="/home/runner/work/develop/develop/packages/framework/tests/Feature/NavigationMenuTest.php" line="35" class="Hyde\Framework\Testing\Feature\NavigationMenuTest" classname="Hyde.Framework.Testing.Feature.NavigationMenuTest" assertions="1" time="0.008173"/>
        <testcase name="testItemsAreSortedByPriority" file="/home/runner/work/develop/develop/packages/framework/tests/Feature/NavigationMenuTest.php" line="40" class="Hyde\Framework\Testing\Feature\NavigationMenuTest" classname="Hyde.Framework.Testing.Feature.NavigationMenuTest" assertions="1" time="0.009729"/>
        <testcase name="testItemsWithHiddenPropertySetToTrueAreNotAdded" file="/home/runner/work/develop/develop/packages/framework/tests/Feature/NavigationMenuTest.php" line="49" class="Hyde\Framework\Testing\Feature\NavigationMenuTest" classname="Hyde.Framework.Testing.Feature.NavigationMenuTest" assertions="1" time="0.008960"/>
        <testcase name="testCreatedCollectionIsSortedByNavigationMenuPriority" file="/home/runner/work/develop/develop/packages/framework/tests/Feature/NavigationMenuTest.php" line="57" class="Hyde\Framework\Testing\Feature\NavigationMenuTest" classname="Hyde.Framework.Testing.Feature.NavigationMenuTest" assertions="2" time="0.014798"/>
        <testcase name="testIsSortedAutomaticallyWhenUsingNavigationMenuCreate" file="/home/runner/work/develop/develop/packages/framework/tests/Feature/NavigationMenuTest.php" line="74" class="Hyde\Framework\Testing\Feature\NavigationMenuTest" classname="Hyde.Framework.Testing.Feature.NavigationMenuTest" assertions="2" time="0.009668"/>
        <testcase name="testCollectionOnlyContainsNavItems" file="/home/runner/work/develop/develop/packages/framework/tests/Feature/NavigationMenuTest.php" line="89" class="Hyde\Framework\Testing\Feature\NavigationMenuTest" classname="Hyde.Framework.Testing.Feature.NavigationMenuTest" assertions="1" time="0.007645"/>
        <testcase name="testExternalLinkCanBeAddedInConfig" file="/home/runner/work/develop/develop/packages/framework/tests/Feature/NavigationMenuTest.php" line="94" class="Hyde\Framework\Testing\Feature\NavigationMenuTest" classname="Hyde.Framework.Testing.Feature.NavigationMenuTest" assertions="2" time="0.018733"/>
        <testcase name="testPathLinkCanBeAddedInConfig" file="/home/runner/work/develop/develop/packages/framework/tests/Feature/NavigationMenuTest.php" line="109" class="Hyde\Framework\Testing\Feature\NavigationMenuTest" classname="Hyde.Framework.Testing.Feature.NavigationMenuTest" assertions="2" time="0.008234"/>
        <testcase name="testDuplicatesAreRemovedWhenAddingInConfig" file="/home/runner/work/develop/develop/packages/framework/tests/Feature/NavigationMenuTest.php" line="124" class="Hyde\Framework\Testing\Feature\NavigationMenuTest" classname="Hyde.Framework.Testing.Feature.NavigationMenuTest" assertions="2" time="0.008165"/>
        <testcase name="testDuplicatesAreRemovedWhenAddingInConfigRegardlessOfDestination" file="/home/runner/work/develop/develop/packages/framework/tests/Feature/NavigationMenuTest.php" line="142" class="Hyde\Framework\Testing\Feature\NavigationMenuTest" classname="Hyde.Framework.Testing.Feature.NavigationMenuTest" assertions="2" time="0.008175"/>
        <testcase name="testConfigItemsTakePrecedenceOverGeneratedItems" file="/home/runner/work/develop/develop/packages/framework/tests/Feature/NavigationMenuTest.php" line="160" class="Hyde\Framework\Testing\Feature\NavigationMenuTest" classname="Hyde.Framework.Testing.Feature.NavigationMenuTest" assertions="2" time="0.009627"/>
        <testcase name="testDocumentationPagesThatAreNotIndexAreNotAddedToTheMenu" file="/home/runner/work/develop/develop/packages/framework/tests/Feature/NavigationMenuTest.php" line="177" class="Hyde\Framework\Testing\Feature\NavigationMenuTest" classname="Hyde.Framework.Testing.Feature.NavigationMenuTest" assertions="2" time="0.011169"/>
        <testcase name="testPagesInSubdirectoriesAreNotAddedToTheNavigationMenu" file="/home/runner/work/develop/develop/packages/framework/tests/Feature/NavigationMenuTest.php" line="193" class="Hyde\Framework\Testing\Feature\NavigationMenuTest" classname="Hyde.Framework.Testing.Feature.NavigationMenuTest" assertions="2" time="0.009867"/>
        <testcase name="testPagesInSubdirectoriesCanBeAddedToTheNavigationMenuWithConfigFlatSetting" file="/home/runner/work/develop/develop/packages/framework/tests/Feature/NavigationMenuTest.php" line="205" class="Hyde\Framework\Testing\Feature\NavigationMenuTest" classname="Hyde.Framework.Testing.Feature.NavigationMenuTest" assertions="2" time="0.010261"/>
        <testcase name="testPagesInSubdirectoriesAreNotAddedToTheNavigationMenuWithConfigDropdownSetting" file="/home/runner/work/develop/develop/packages/framework/tests/Feature/NavigationMenuTest.php" line="221" class="Hyde\Framework\Testing\Feature\NavigationMenuTest" classname="Hyde.Framework.Testing.Feature.NavigationMenuTest" assertions="2" time="0.017552"/>
        <testcase name="testHasDropdownsReturnsFalseWhenThereAreNoDropdowns" file="/home/runner/work/develop/develop/packages/framework/tests/Feature/NavigationMenuTest.php" line="239" class="Hyde\Framework\Testing\Feature\NavigationMenuTest" classname="Hyde.Framework.Testing.Feature.NavigationMenuTest" assertions="1" time="0.008451"/>
        <testcase name="testHasDropdownsReturnsTrueWhenThereAreDropdowns" file="/home/runner/work/develop/develop/packages/framework/tests/Feature/NavigationMenuTest.php" line="246" class="Hyde\Framework\Testing\Feature\NavigationMenuTest" classname="Hyde.Framework.Testing.Feature.NavigationMenuTest" assertions="1" time="0.008777"/>
        <testcase name="testHasDropdownsAlwaysReturnsFalseWhenDropdownsAreDisabled" file="/home/runner/work/develop/develop/packages/framework/tests/Feature/NavigationMenuTest.php" line="254" class="Hyde\Framework\Testing\Feature\NavigationMenuTest" classname="Hyde.Framework.Testing.Feature.NavigationMenuTest" assertions="1" time="0.008291"/>
        <testcase name="testGetDropdownsReturnsEmptyArrayThereAreNoDropdowns" file="/home/runner/work/develop/develop/packages/framework/tests/Feature/NavigationMenuTest.php" line="260" class="Hyde\Framework\Testing\Feature\NavigationMenuTest" classname="Hyde.Framework.Testing.Feature.NavigationMenuTest" assertions="2" time="0.007816"/>
        <testcase name="testGetDropdownsReturnsCorrectArrayWhenThereAreDropdowns" file="/home/runner/work/develop/develop/packages/framework/tests/Feature/NavigationMenuTest.php" line="268" class="Hyde\Framework\Testing\Feature\NavigationMenuTest" classname="Hyde.Framework.Testing.Feature.NavigationMenuTest" assertions="2" time="0.009805"/>
        <testcase name="testGetDropdownsWithMultipleItems" file="/home/runner/work/develop/develop/packages/framework/tests/Feature/NavigationMenuTest.php" line="281" class="Hyde\Framework\Testing\Feature\NavigationMenuTest" classname="Hyde.Framework.Testing.Feature.NavigationMenuTest" assertions="2" time="0.011126"/>
        <testcase name="testGetDropdownsWithMultipleDropdowns" file="/home/runner/work/develop/develop/packages/framework/tests/Feature/NavigationMenuTest.php" line="299" class="Hyde\Framework\Testing\Feature\NavigationMenuTest" classname="Hyde.Framework.Testing.Feature.NavigationMenuTest" assertions="2" time="0.012726"/>
        <testcase name="testGetDropdownsThrowsExceptionWhenDisabled" file="/home/runner/work/develop/develop/packages/framework/tests/Feature/NavigationMenuTest.php" line="322" class="Hyde\Framework\Testing\Feature\NavigationMenuTest" classname="Hyde.Framework.Testing.Feature.NavigationMenuTest" assertions="2" time="0.007681"/>
        <testcase name="testDocumentationPagesDoNotGetAddedToDropdowns" file="/home/runner/work/develop/develop/packages/framework/tests/Feature/NavigationMenuTest.php" line="331" class="Hyde\Framework\Testing\Feature\NavigationMenuTest" classname="Hyde.Framework.Testing.Feature.NavigationMenuTest" assertions="2" time="0.009203"/>
        <testcase name="testBlogPostsDoNotGetAddedToDropdowns" file="/home/runner/work/develop/develop/packages/framework/tests/Feature/NavigationMenuTest.php" line="343" class="Hyde\Framework\Testing\Feature\NavigationMenuTest" classname="Hyde.Framework.Testing.Feature.NavigationMenuTest" assertions="2" time="0.009849"/>
        <testcase name="testPagesInDropdownsDoNotGetAddedToTheMainNavigation" file="/home/runner/work/develop/develop/packages/framework/tests/Feature/NavigationMenuTest.php" line="355" class="Hyde\Framework\Testing\Feature\NavigationMenuTest" classname="Hyde.Framework.Testing.Feature.NavigationMenuTest" assertions="2" time="0.011191"/>
        <testcase name="testDropdownMenuItemsAreSortedByPriority" file="/home/runner/work/develop/develop/packages/framework/tests/Feature/NavigationMenuTest.php" line="373" class="Hyde\Framework\Testing\Feature\NavigationMenuTest" classname="Hyde.Framework.Testing.Feature.NavigationMenuTest" assertions="1" time="0.009839"/>
      </testsuite>
      <testsuite name="Hyde\Framework\Testing\Feature\PageCollectionTest" file="/home/runner/work/develop/develop/packages/framework/tests/Feature/PageCollectionTest.php" tests="12" assertions="38" errors="0" failures="0" skipped="0" time="0.151310">
        <testcase name="testBootMethodCreatesNewPageCollectionAndDiscoversPagesAutomatically" file="/home/runner/work/develop/develop/packages/framework/tests/Feature/PageCollectionTest.php" line="27" class="Hyde\Framework\Testing\Feature\PageCollectionTest" classname="Hyde.Framework.Testing.Feature.PageCollectionTest" assertions="3" time="0.011740"/>
        <testcase name="testBladePagesAreDiscovered" file="/home/runner/work/develop/develop/packages/framework/tests/Feature/PageCollectionTest.php" line="39" class="Hyde\Framework\Testing\Feature\PageCollectionTest" classname="Hyde.Framework.Testing.Feature.PageCollectionTest" assertions="2" time="0.011706"/>
        <testcase name="testMarkdownPagesAreDiscovered" file="/home/runner/work/develop/develop/packages/framework/tests/Feature/PageCollectionTest.php" line="48" class="Hyde\Framework\Testing\Feature\PageCollectionTest" classname="Hyde.Framework.Testing.Feature.PageCollectionTest" assertions="2" time="0.012834"/>
        <testcase name="testMarkdownPostsAreDiscovered" file="/home/runner/work/develop/develop/packages/framework/tests/Feature/PageCollectionTest.php" line="57" class="Hyde\Framework\Testing\Feature\PageCollectionTest" classname="Hyde.Framework.Testing.Feature.PageCollectionTest" assertions="2" time="0.013862"/>
        <testcase name="testDocumentationPagesAreDiscovered" file="/home/runner/work/develop/develop/packages/framework/tests/Feature/PageCollectionTest.php" line="66" class="Hyde\Framework\Testing\Feature\PageCollectionTest" classname="Hyde.Framework.Testing.Feature.PageCollectionTest" assertions="2" time="0.012251"/>
        <testcase name="testGetPageReturnsParsedPageObjectForGivenSourcePath" file="/home/runner/work/develop/develop/packages/framework/tests/Feature/PageCollectionTest.php" line="74" class="Hyde\Framework\Testing\Feature\PageCollectionTest" classname="Hyde.Framework.Testing.Feature.PageCollectionTest" assertions="1" time="0.009246"/>
        <testcase name="testGetPagesReturnsCollectionOfPagesOfGivenClass" file="/home/runner/work/develop/develop/packages/framework/tests/Feature/PageCollectionTest.php" line="80" class="Hyde\Framework\Testing\Feature\PageCollectionTest" classname="Hyde.Framework.Testing.Feature.PageCollectionTest" assertions="11" time="0.025154"/>
        <testcase name="testGetPagesReturnsAllPagesWhenNotSuppliedWithClassString" file="/home/runner/work/develop/develop/packages/framework/tests/Feature/PageCollectionTest.php" line="108" class="Hyde\Framework\Testing\Feature\PageCollectionTest" classname="Hyde.Framework.Testing.Feature.PageCollectionTest" assertions="6" time="0.019645"/>
        <testcase name="testGetPagesReturnsEmptyCollectionWhenNoPagesAreDiscovered" file="/home/runner/work/develop/develop/packages/framework/tests/Feature/PageCollectionTest.php" line="130" class="Hyde\Framework\Testing\Feature\PageCollectionTest" classname="Hyde.Framework.Testing.Feature.PageCollectionTest" assertions="1" time="0.004850"/>
        <testcase name="testPagesAreNotDiscoveredForDisabledFeatures" file="/home/runner/work/develop/develop/packages/framework/tests/Feature/PageCollectionTest.php" line="137" class="Hyde\Framework\Testing\Feature\PageCollectionTest" classname="Hyde.Framework.Testing.Feature.PageCollectionTest" assertions="1" time="0.004118"/>
        <testcase name="testPagesWithCustomSourceDirectoriesAreDiscoveredProperly" file="/home/runner/work/develop/develop/packages/framework/tests/Feature/PageCollectionTest.php" line="156" class="Hyde\Framework\Testing\Feature\PageCollectionTest" classname="Hyde.Framework.Testing.Feature.PageCollectionTest" assertions="5" time="0.018697"/>
        <testcase name="testGetFileThrowsExceptionWhenFileIsNotFound" file="/home/runner/work/develop/develop/packages/framework/tests/Feature/PageCollectionTest.php" line="182" class="Hyde\Framework\Testing\Feature\PageCollectionTest" classname="Hyde.Framework.Testing.Feature.PageCollectionTest" assertions="2" time="0.007206"/>
      </testsuite>
      <testsuite name="Hyde\Framework\Testing\Feature\PageModelConstructorsTest" file="/home/runner/work/develop/develop/packages/framework/tests/Feature/PageModelConstructorsTest.php" tests="5" assertions="5" errors="0" failures="0" skipped="0" time="0.028007">
        <testcase name="testDynamicDataConstructorCanFindTitleFromFrontMatter" file="/home/runner/work/develop/develop/packages/framework/tests/Feature/PageModelConstructorsTest.php" line="24" class="Hyde\Framework\Testing\Feature\PageModelConstructorsTest" classname="Hyde.Framework.Testing.Feature.PageModelConstructorsTest" assertions="1" time="0.006134"/>
        <testcase name="testDynamicDataConstructorCanFindTitleFromH1Tag" file="/home/runner/work/develop/develop/packages/framework/tests/Feature/PageModelConstructorsTest.php" line="31" class="Hyde\Framework\Testing\Feature\PageModelConstructorsTest" classname="Hyde.Framework.Testing.Feature.PageModelConstructorsTest" assertions="1" time="0.005371"/>
        <testcase name="testDynamicDataConstructorCanFindTitleFromSlug" file="/home/runner/work/develop/develop/packages/framework/tests/Feature/PageModelConstructorsTest.php" line="39" class="Hyde\Framework\Testing\Feature\PageModelConstructorsTest" classname="Hyde.Framework.Testing.Feature.PageModelConstructorsTest" assertions="1" time="0.005421"/>
        <testcase name="testDocumentationPageParserCanGetGroupFromFrontMatter" file="/home/runner/work/develop/develop/packages/framework/tests/Feature/PageModelConstructorsTest.php" line="47" class="Hyde\Framework\Testing\Feature\PageModelConstructorsTest" classname="Hyde.Framework.Testing.Feature.PageModelConstructorsTest" assertions="1" time="0.005620"/>
        <testcase name="testDocumentationPageParserCanGetGroupAutomaticallyFromNestedPage" file="/home/runner/work/develop/develop/packages/framework/tests/Feature/PageModelConstructorsTest.php" line="55" class="Hyde\Framework\Testing\Feature\PageModelConstructorsTest" classname="Hyde.Framework.Testing.Feature.PageModelConstructorsTest" assertions="1" time="0.005462"/>
      </testsuite>
      <testsuite name="Hyde\Framework\Testing\Feature\PaginatorTest" file="/home/runner/work/develop/develop/packages/framework/tests/Feature/PaginatorTest.php" tests="32" assertions="60" errors="0" failures="0" skipped="0" time="0.158209">
        <testcase name="testItCanBeInstantiated" file="/home/runner/work/develop/develop/packages/framework/tests/Feature/PaginatorTest.php" line="18" class="Hyde\Framework\Testing\Feature\PaginatorTest" classname="Hyde.Framework.Testing.Feature.PaginatorTest" assertions="1" time="0.034006"/>
        <testcase name="testGetPaginatedPageCollection" file="/home/runner/work/develop/develop/packages/framework/tests/Feature/PaginatorTest.php" line="23" class="Hyde\Framework\Testing\Feature\PaginatorTest" classname="Hyde.Framework.Testing.Feature.PaginatorTest" assertions="1" time="0.004562"/>
        <testcase name="testGetPaginatedPageCollectionWithPages" file="/home/runner/work/develop/develop/packages/framework/tests/Feature/PaginatorTest.php" line="28" class="Hyde\Framework\Testing\Feature\PaginatorTest" classname="Hyde.Framework.Testing.Feature.PaginatorTest" assertions="4" time="0.005735"/>
        <testcase name="testCollectionIsChunkedBySpecifiedSettingValue" file="/home/runner/work/develop/develop/packages/framework/tests/Feature/PaginatorTest.php" line="44" class="Hyde\Framework\Testing\Feature\PaginatorTest" classname="Hyde.Framework.Testing.Feature.PaginatorTest" assertions="3" time="0.004220"/>
        <testcase name="testGetItemsForPageReturnsTheCorrectChunk" file="/home/runner/work/develop/develop/packages/framework/tests/Feature/PaginatorTest.php" line="56" class="Hyde\Framework\Testing\Feature\PaginatorTest" classname="Hyde.Framework.Testing.Feature.PaginatorTest" assertions="10" time="0.004882"/>
        <testcase name="testCanGetCurrentPageNumber" file="/home/runner/work/develop/develop/packages/framework/tests/Feature/PaginatorTest.php" line="76" class="Hyde\Framework\Testing\Feature\PaginatorTest" classname="Hyde.Framework.Testing.Feature.PaginatorTest" assertions="1" time="0.003516"/>
        <testcase name="testCanSetCurrentPageNumber" file="/home/runner/work/develop/develop/packages/framework/tests/Feature/PaginatorTest.php" line="82" class="Hyde\Framework\Testing\Feature\PaginatorTest" classname="Hyde.Framework.Testing.Feature.PaginatorTest" assertions="1" time="0.003715"/>
        <testcase name="testSetCurrentPageNumberRequiresIntegerToBeGreaterThanNought" file="/home/runner/work/develop/develop/packages/framework/tests/Feature/PaginatorTest.php" line="89" class="Hyde\Framework\Testing\Feature\PaginatorTest" classname="Hyde.Framework.Testing.Feature.PaginatorTest" assertions="1" time="0.003235"/>
        <testcase name="testSetCurrentPageNumberRequiresIntegerToBeGreaterThanNought2" file="/home/runner/work/develop/develop/packages/framework/tests/Feature/PaginatorTest.php" line="96" class="Hyde\Framework\Testing\Feature\PaginatorTest" classname="Hyde.Framework.Testing.Feature.PaginatorTest" assertions="1" time="0.003394"/>
        <testcase name="testSetCurrentPageNumberRequiresIntegerToBeLessThanTotalPages" file="/home/runner/work/develop/develop/packages/framework/tests/Feature/PaginatorTest.php" line="103" class="Hyde\Framework\Testing\Feature\PaginatorTest" classname="Hyde.Framework.Testing.Feature.PaginatorTest" assertions="2" time="0.003505"/>
        <testcase name="testCannotSetInvalidCurrentPageNumberInConstructor" file="/home/runner/work/develop/develop/packages/framework/tests/Feature/PaginatorTest.php" line="117" class="Hyde\Framework\Testing\Feature\PaginatorTest" classname="Hyde.Framework.Testing.Feature.PaginatorTest" assertions="1" time="0.003256"/>
        <testcase name="testLastPageReturnsTheLastPageNumber" file="/home/runner/work/develop/develop/packages/framework/tests/Feature/PaginatorTest.php" line="127" class="Hyde\Framework\Testing\Feature\PaginatorTest" classname="Hyde.Framework.Testing.Feature.PaginatorTest" assertions="1" time="0.003870"/>
        <testcase name="testTotalPagesReturnsTheTotalNumberOfPages" file="/home/runner/work/develop/develop/packages/framework/tests/Feature/PaginatorTest.php" line="132" class="Hyde\Framework\Testing\Feature\PaginatorTest" classname="Hyde.Framework.Testing.Feature.PaginatorTest" assertions="1" time="0.003455"/>
        <testcase name="testPerPageReturnsTheNumberOfItemsToBeShownPerPage" file="/home/runner/work/develop/develop/packages/framework/tests/Feature/PaginatorTest.php" line="137" class="Hyde\Framework\Testing\Feature\PaginatorTest" classname="Hyde.Framework.Testing.Feature.PaginatorTest" assertions="1" time="0.003245"/>
        <testcase name="testHasMultiplePagesReturnsTrueIfThereAreEnoughItemsToSplitIntoMultiplePages" file="/home/runner/work/develop/develop/packages/framework/tests/Feature/PaginatorTest.php" line="142" class="Hyde\Framework\Testing\Feature\PaginatorTest" classname="Hyde.Framework.Testing.Feature.PaginatorTest" assertions="1" time="0.003255"/>
        <testcase name="testHasPagesReturnsFalseIfThereAreNotEnoughItemsToSplitIntoMultiplePages" file="/home/runner/work/develop/develop/packages/framework/tests/Feature/PaginatorTest.php" line="147" class="Hyde\Framework\Testing\Feature\PaginatorTest" classname="Hyde.Framework.Testing.Feature.PaginatorTest" assertions="1" time="0.003210"/>
        <testcase name="testHasMorePagesReturnsTrueIfCursorCanNavigateForward" file="/home/runner/work/develop/develop/packages/framework/tests/Feature/PaginatorTest.php" line="152" class="Hyde\Framework\Testing\Feature\PaginatorTest" classname="Hyde.Framework.Testing.Feature.PaginatorTest" assertions="1" time="0.003175"/>
        <testcase name="testHasMorePagesReturnsFalseIfCursorCannotNavigateForward" file="/home/runner/work/develop/develop/packages/framework/tests/Feature/PaginatorTest.php" line="157" class="Hyde\Framework\Testing\Feature\PaginatorTest" classname="Hyde.Framework.Testing.Feature.PaginatorTest" assertions="1" time="0.003337"/>
        <testcase name="testHasFewerPagesReturnsTrueIfCursorCanNavigateBack" file="/home/runner/work/develop/develop/packages/framework/tests/Feature/PaginatorTest.php" line="162" class="Hyde\Framework\Testing\Feature\PaginatorTest" classname="Hyde.Framework.Testing.Feature.PaginatorTest" assertions="1" time="0.003218"/>
        <testcase name="testHasFewerPagesReturnsFalseIfCursorCannotNavigateBack" file="/home/runner/work/develop/develop/packages/framework/tests/Feature/PaginatorTest.php" line="167" class="Hyde\Framework\Testing\Feature\PaginatorTest" classname="Hyde.Framework.Testing.Feature.PaginatorTest" assertions="1" time="0.003209"/>
        <testcase name="testPreviousMethodWithoutFewerPagesReturnsFalse" file="/home/runner/work/develop/develop/packages/framework/tests/Feature/PaginatorTest.php" line="172" class="Hyde\Framework\Testing\Feature\PaginatorTest" classname="Hyde.Framework.Testing.Feature.PaginatorTest" assertions="1" time="0.003196"/>
        <testcase name="testNextMethodWithoutMorePagesReturnsFalse" file="/home/runner/work/develop/develop/packages/framework/tests/Feature/PaginatorTest.php" line="177" class="Hyde\Framework\Testing\Feature\PaginatorTest" classname="Hyde.Framework.Testing.Feature.PaginatorTest" assertions="1" time="0.003247"/>
        <testcase name="testPreviousMethodReturnsPreviousPageLinkWhenNoBaseRouteIsSet" file="/home/runner/work/develop/develop/packages/framework/tests/Feature/PaginatorTest.php" line="182" class="Hyde\Framework\Testing\Feature\PaginatorTest" classname="Hyde.Framework.Testing.Feature.PaginatorTest" assertions="1" time="0.003481"/>
        <testcase name="testNextMethodReturnsNextPageLinkWhenNoBaseRouteIsSet" file="/home/runner/work/develop/develop/packages/framework/tests/Feature/PaginatorTest.php" line="187" class="Hyde\Framework\Testing\Feature\PaginatorTest" classname="Hyde.Framework.Testing.Feature.PaginatorTest" assertions="1" time="0.003328"/>
        <testcase name="testPreviousAndNextMethodsWithBaseRouteSet" file="/home/runner/work/develop/develop/packages/framework/tests/Feature/PaginatorTest.php" line="192" class="Hyde\Framework\Testing\Feature\PaginatorTest" classname="Hyde.Framework.Testing.Feature.PaginatorTest" assertions="6" time="0.010809"/>
        <testcase name="testPreviousNumberWithoutFewerPagesReturnsFalse" file="/home/runner/work/develop/develop/packages/framework/tests/Feature/PaginatorTest.php" line="216" class="Hyde\Framework\Testing\Feature\PaginatorTest" classname="Hyde.Framework.Testing.Feature.PaginatorTest" assertions="1" time="0.003064"/>
        <testcase name="testNextNumberWithoutMorePagesReturnsFalse" file="/home/runner/work/develop/develop/packages/framework/tests/Feature/PaginatorTest.php" line="221" class="Hyde\Framework\Testing\Feature\PaginatorTest" classname="Hyde.Framework.Testing.Feature.PaginatorTest" assertions="1" time="0.003245"/>
        <testcase name="testPreviousNumberReturnsThePreviousPageNumberWhenThereIsOne" file="/home/runner/work/develop/develop/packages/framework/tests/Feature/PaginatorTest.php" line="226" class="Hyde\Framework\Testing\Feature\PaginatorTest" classname="Hyde.Framework.Testing.Feature.PaginatorTest" assertions="1" time="0.003238"/>
        <testcase name="testNextNumberReturnsTheNextPageNumberWhenThereIsOne" file="/home/runner/work/develop/develop/packages/framework/tests/Feature/PaginatorTest.php" line="231" class="Hyde\Framework\Testing\Feature\PaginatorTest" classname="Hyde.Framework.Testing.Feature.PaginatorTest" assertions="1" time="0.003232"/>
        <testcase name="testGetPageLinks" file="/home/runner/work/develop/develop/packages/framework/tests/Feature/PaginatorTest.php" line="236" class="Hyde\Framework\Testing\Feature\PaginatorTest" classname="Hyde.Framework.Testing.Feature.PaginatorTest" assertions="1" time="0.003376"/>
        <testcase name="testGetPageLinksWithBaseRoute" file="/home/runner/work/develop/develop/packages/framework/tests/Feature/PaginatorTest.php" line="250" class="Hyde\Framework\Testing\Feature\PaginatorTest" classname="Hyde.Framework.Testing.Feature.PaginatorTest" assertions="1" time="0.010216"/>
        <testcase name="testFirstItemNumberOnPage" file="/home/runner/work/develop/develop/packages/framework/tests/Feature/PaginatorTest.php" line="273" class="Hyde\Framework\Testing\Feature\PaginatorTest" classname="Hyde.Framework.Testing.Feature.PaginatorTest" assertions="9" time="0.003777"/>
      </testsuite>
      <testsuite name="Hyde\Framework\Testing\Feature\PharSupportTest" file="/home/runner/work/develop/develop/packages/framework/tests/Feature/PharSupportTest.php" tests="6" assertions="8" errors="0" failures="0" skipped="0" time="0.019372">
        <testcase name="testActive" file="/home/runner/work/develop/develop/packages/framework/tests/Feature/PharSupportTest.php" line="23" class="Hyde\Framework\Testing\Feature\PharSupportTest" classname="Hyde.Framework.Testing.Feature.PharSupportTest" assertions="1" time="0.003738"/>
        <testcase name="testMockActive" file="/home/runner/work/develop/develop/packages/framework/tests/Feature/PharSupportTest.php" line="28" class="Hyde\Framework\Testing\Feature\PharSupportTest" classname="Hyde.Framework.Testing.Feature.PharSupportTest" assertions="2" time="0.003112"/>
        <testcase name="testHasVendorDirectory" file="/home/runner/work/develop/develop/packages/framework/tests/Feature/PharSupportTest.php" line="37" class="Hyde\Framework\Testing\Feature\PharSupportTest" classname="Hyde.Framework.Testing.Feature.PharSupportTest" assertions="1" time="0.003104"/>
        <testcase name="testMockHasVendorDirectory" file="/home/runner/work/develop/develop/packages/framework/tests/Feature/PharSupportTest.php" line="42" class="Hyde\Framework\Testing\Feature\PharSupportTest" classname="Hyde.Framework.Testing.Feature.PharSupportTest" assertions="2" time="0.003166"/>
        <testcase name="testVendorPathCanRunInPhar" file="/home/runner/work/develop/develop/packages/framework/tests/Feature/PharSupportTest.php" line="51" class="Hyde\Framework\Testing\Feature\PharSupportTest" classname="Hyde.Framework.Testing.Feature.PharSupportTest" assertions="1" time="0.003118"/>
        <testcase name="testVendorPathCanRunInPharWithPathArgument" file="/home/runner/work/develop/develop/packages/framework/tests/Feature/PharSupportTest.php" line="59" class="Hyde\Framework\Testing\Feature\PharSupportTest" classname="Hyde.Framework.Testing.Feature.PharSupportTest" assertions="1" time="0.003134"/>
      </testsuite>
      <testsuite name="Hyde\Framework\Testing\Feature\ReadingTimeTest" file="/home/runner/work/develop/develop/packages/framework/tests/Feature/ReadingTimeTest.php" tests="12" assertions="38" errors="0" failures="0" skipped="0" time="0.032893">
        <testcase name="testConstruct" file="/home/runner/work/develop/develop/packages/framework/tests/Feature/ReadingTimeTest.php" line="23" class="Hyde\Framework\Testing\Feature\ReadingTimeTest" classname="Hyde.Framework.Testing.Feature.ReadingTimeTest" assertions="1" time="0.013168"/>
        <testcase name="testToString" file="/home/runner/work/develop/develop/packages/framework/tests/Feature/ReadingTimeTest.php" line="28" class="Hyde\Framework\Testing\Feature\ReadingTimeTest" classname="Hyde.Framework.Testing.Feature.ReadingTimeTest" assertions="1" time="0.001477"/>
        <testcase name="testGetWordCount" file="/home/runner/work/develop/develop/packages/framework/tests/Feature/ReadingTimeTest.php" line="33" class="Hyde\Framework\Testing\Feature\ReadingTimeTest" classname="Hyde.Framework.Testing.Feature.ReadingTimeTest" assertions="4" time="0.001737"/>
        <testcase name="testGetMinutes" file="/home/runner/work/develop/develop/packages/framework/tests/Feature/ReadingTimeTest.php" line="41" class="Hyde\Framework\Testing\Feature\ReadingTimeTest" classname="Hyde.Framework.Testing.Feature.ReadingTimeTest" assertions="4" time="0.001705"/>
        <testcase name="testGetSeconds" file="/home/runner/work/develop/develop/packages/framework/tests/Feature/ReadingTimeTest.php" line="49" class="Hyde\Framework\Testing\Feature\ReadingTimeTest" classname="Hyde.Framework.Testing.Feature.ReadingTimeTest" assertions="4" time="0.001687"/>
        <testcase name="testGetSecondsOver" file="/home/runner/work/develop/develop/packages/framework/tests/Feature/ReadingTimeTest.php" line="57" class="Hyde\Framework\Testing\Feature\ReadingTimeTest" classname="Hyde.Framework.Testing.Feature.ReadingTimeTest" assertions="4" time="0.001755"/>
        <testcase name="testGetFormatted" file="/home/runner/work/develop/develop/packages/framework/tests/Feature/ReadingTimeTest.php" line="65" class="Hyde\Framework\Testing\Feature\ReadingTimeTest" classname="Hyde.Framework.Testing.Feature.ReadingTimeTest" assertions="4" time="0.001710"/>
        <testcase name="testGetFormattedWithCustomFormatting" file="/home/runner/work/develop/develop/packages/framework/tests/Feature/ReadingTimeTest.php" line="73" class="Hyde\Framework\Testing\Feature\ReadingTimeTest" classname="Hyde.Framework.Testing.Feature.ReadingTimeTest" assertions="4" time="0.001751"/>
        <testcase name="testGetFormattedFormatsUpToOneMinuteWhenRoundUpIsSet" file="/home/runner/work/develop/develop/packages/framework/tests/Feature/ReadingTimeTest.php" line="81" class="Hyde\Framework\Testing\Feature\ReadingTimeTest" classname="Hyde.Framework.Testing.Feature.ReadingTimeTest" assertions="4" time="0.001953"/>
        <testcase name="testFormatUsingClosure" file="/home/runner/work/develop/develop/packages/framework/tests/Feature/ReadingTimeTest.php" line="89" class="Hyde\Framework\Testing\Feature\ReadingTimeTest" classname="Hyde.Framework.Testing.Feature.ReadingTimeTest" assertions="4" time="0.001770"/>
        <testcase name="testFromString" file="/home/runner/work/develop/develop/packages/framework/tests/Feature/ReadingTimeTest.php" line="106" class="Hyde\Framework\Testing\Feature\ReadingTimeTest" classname="Hyde.Framework.Testing.Feature.ReadingTimeTest" assertions="2" time="0.001608"/>
        <testcase name="testFromFile" file="/home/runner/work/develop/develop/packages/framework/tests/Feature/ReadingTimeTest.php" line="112" class="Hyde\Framework\Testing\Feature\ReadingTimeTest" classname="Hyde.Framework.Testing.Feature.ReadingTimeTest" assertions="2" time="0.002571"/>
      </testsuite>
      <testsuite name="Hyde\Framework\Testing\Feature\RedirectTest" file="/home/runner/work/develop/develop/packages/framework/tests/Feature/RedirectTest.php" tests="4" assertions="12" errors="0" failures="0" skipped="0" time="0.038527">
        <testcase name="testCanCreateARedirect" file="/home/runner/work/develop/develop/packages/framework/tests/Feature/RedirectTest.php" line="18" class="Hyde\Framework\Testing\Feature\RedirectTest" classname="Hyde.Framework.Testing.Feature.RedirectTest" assertions="7" time="0.017537"/>
        <testcase name="testPathParameterIsNormalized" file="/home/runner/work/develop/develop/packages/framework/tests/Feature/RedirectTest.php" line="51" class="Hyde\Framework\Testing\Feature\RedirectTest" classname="Hyde.Framework.Testing.Feature.RedirectTest" assertions="1" time="0.005193"/>
        <testcase name="testTextCanBeDisabled" file="/home/runner/work/develop/develop/packages/framework/tests/Feature/RedirectTest.php" line="60" class="Hyde\Framework\Testing\Feature\RedirectTest" classname="Hyde.Framework.Testing.Feature.RedirectTest" assertions="2" time="0.006433"/>
        <testcase name="testRedirectPagesCanBeCompilableByStaticSiteThoughManualDiscovery" file="/home/runner/work/develop/develop/packages/framework/tests/Feature/RedirectTest.php" line="69" class="Hyde\Framework\Testing\Feature\RedirectTest" classname="Hyde.Framework.Testing.Feature.RedirectTest" assertions="2" time="0.009365"/>
      </testsuite>
      <testsuite name="Hyde\Framework\Testing\Feature\RenderHelperTest" file="/home/runner/work/develop/develop/packages/framework/tests/Feature/RenderHelperTest.php" tests="14" assertions="36" errors="0" failures="0" skipped="0" time="0.092043">
        <testcase name="testSetAndGetPage" file="/home/runner/work/develop/develop/packages/framework/tests/Feature/RenderHelperTest.php" line="20" class="Hyde\Framework\Testing\Feature\RenderHelperTest" classname="Hyde.Framework.Testing.Feature.RenderHelperTest" assertions="2" time="0.008131"/>
        <testcase name="testSetPageSharesDataToViewAutomatically" file="/home/runner/work/develop/develop/packages/framework/tests/Feature/RenderHelperTest.php" line="28" class="Hyde\Framework\Testing\Feature\RenderHelperTest" classname="Hyde.Framework.Testing.Feature.RenderHelperTest" assertions="2" time="0.007808"/>
        <testcase name="testGetRoute" file="/home/runner/work/develop/develop/packages/framework/tests/Feature/RenderHelperTest.php" line="36" class="Hyde\Framework\Testing\Feature\RenderHelperTest" classname="Hyde.Framework.Testing.Feature.RenderHelperTest" assertions="2" time="0.007886"/>
        <testcase name="testGetRouteKey" file="/home/runner/work/develop/develop/packages/framework/tests/Feature/RenderHelperTest.php" line="44" class="Hyde\Framework\Testing\Feature\RenderHelperTest" classname="Hyde.Framework.Testing.Feature.RenderHelperTest" assertions="2" time="0.007854"/>
        <testcase name="testShareToView" file="/home/runner/work/develop/develop/packages/framework/tests/Feature/RenderHelperTest.php" line="52" class="Hyde\Framework\Testing\Feature\RenderHelperTest" classname="Hyde.Framework.Testing.Feature.RenderHelperTest" assertions="6" time="0.008198"/>
        <testcase name="testShare" file="/home/runner/work/develop/develop/packages/framework/tests/Feature/RenderHelperTest.php" line="65" class="Hyde\Framework\Testing\Feature\RenderHelperTest" classname="Hyde.Framework.Testing.Feature.RenderHelperTest" assertions="2" time="0.003512"/>
        <testcase name="testShareInvalidProperty" file="/home/runner/work/develop/develop/packages/framework/tests/Feature/RenderHelperTest.php" line="73" class="Hyde\Framework\Testing\Feature\RenderHelperTest" classname="Hyde.Framework.Testing.Feature.RenderHelperTest" assertions="2" time="0.003343"/>
        <testcase name="testShareCascadesDataToView" file="/home/runner/work/develop/develop/packages/framework/tests/Feature/RenderHelperTest.php" line="81" class="Hyde\Framework\Testing\Feature\RenderHelperTest" classname="Hyde.Framework.Testing.Feature.RenderHelperTest" assertions="2" time="0.003661"/>
        <testcase name="testClearData" file="/home/runner/work/develop/develop/packages/framework/tests/Feature/RenderHelperTest.php" line="89" class="Hyde\Framework\Testing\Feature\RenderHelperTest" classname="Hyde.Framework.Testing.Feature.RenderHelperTest" assertions="2" time="0.008855"/>
        <testcase name="testClearDataOnFacade" file="/home/runner/work/develop/develop/packages/framework/tests/Feature/RenderHelperTest.php" line="99" class="Hyde\Framework\Testing\Feature\RenderHelperTest" classname="Hyde.Framework.Testing.Feature.RenderHelperTest" assertions="2" time="0.008846"/>
        <testcase name="testClearDataCascadesToClearItsViewData" file="/home/runner/work/develop/develop/packages/framework/tests/Feature/RenderHelperTest.php" line="108" class="Hyde\Framework\Testing\Feature\RenderHelperTest" classname="Hyde.Framework.Testing.Feature.RenderHelperTest" assertions="6" time="0.008374"/>
        <testcase name="testClearDataDoesNotClearOtherViewData" file="/home/runner/work/develop/develop/packages/framework/tests/Feature/RenderHelperTest.php" line="122" class="Hyde\Framework\Testing\Feature\RenderHelperTest" classname="Hyde.Framework.Testing.Feature.RenderHelperTest" assertions="2" time="0.003535"/>
        <testcase name="testClearDataDoesNotClearRenderInstanceFromViewData" file="/home/runner/work/develop/develop/packages/framework/tests/Feature/RenderHelperTest.php" line="131" class="Hyde\Framework\Testing\Feature\RenderHelperTest" classname="Hyde.Framework.Testing.Feature.RenderHelperTest" assertions="2" time="0.003759"/>
        <testcase name="testToArray" file="/home/runner/work/develop/develop/packages/framework/tests/Feature/RenderHelperTest.php" line="140" class="Hyde\Framework\Testing\Feature\RenderHelperTest" classname="Hyde.Framework.Testing.Feature.RenderHelperTest" assertions="2" time="0.008283"/>
      </testsuite>
      <testsuite name="Hyde\Framework\Testing\Feature\RouteCollectionTest" file="/home/runner/work/develop/develop/packages/framework/tests/Feature/RouteCollectionTest.php" tests="7" assertions="19" errors="0" failures="0" skipped="0" time="0.087026">
        <testcase name="testBootMethodDiscoversAllPages" file="/home/runner/work/develop/develop/packages/framework/tests/Feature/RouteCollectionTest.php" line="27" class="Hyde\Framework\Testing\Feature\RouteCollectionTest" classname="Hyde.Framework.Testing.Feature.RouteCollectionTest" assertions="3" time="0.010119"/>
        <testcase name="testBootMethodDiscoversAllPageTypes" file="/home/runner/work/develop/develop/packages/framework/tests/Feature/RouteCollectionTest.php" line="40" class="Hyde\Framework\Testing\Feature\RouteCollectionTest" classname="Hyde.Framework.Testing.Feature.RouteCollectionTest" assertions="3" time="0.019387"/>
        <testcase name="testGetRoutesReturnsAllRoutes" file="/home/runner/work/develop/develop/packages/framework/tests/Feature/RouteCollectionTest.php" line="66" class="Hyde\Framework\Testing\Feature\RouteCollectionTest" classname="Hyde.Framework.Testing.Feature.RouteCollectionTest" assertions="1" time="0.013443"/>
        <testcase name="testGetRoutesForModelReturnsCollectionOfRoutesOfGivenClass" file="/home/runner/work/develop/develop/packages/framework/tests/Feature/RouteCollectionTest.php" line="77" class="Hyde\Framework\Testing\Feature\RouteCollectionTest" classname="Hyde.Framework.Testing.Feature.RouteCollectionTest" assertions="6" time="0.019499"/>
        <testcase name="testAddRouteAddsNewRoute" file="/home/runner/work/develop/develop/packages/framework/tests/Feature/RouteCollectionTest.php" line="99" class="Hyde\Framework\Testing\Feature\RouteCollectionTest" classname="Hyde.Framework.Testing.Feature.RouteCollectionTest" assertions="3" time="0.008924"/>
        <testcase name="testGetRoute" file="/home/runner/work/develop/develop/packages/framework/tests/Feature/RouteCollectionTest.php" line="108" class="Hyde\Framework\Testing\Feature\RouteCollectionTest" classname="Hyde.Framework.Testing.Feature.RouteCollectionTest" assertions="1" time="0.008341"/>
        <testcase name="testGetRouteWithNonExistingRoute" file="/home/runner/work/develop/develop/packages/framework/tests/Feature/RouteCollectionTest.php" line="113" class="Hyde\Framework\Testing\Feature\RouteCollectionTest" classname="Hyde.Framework.Testing.Feature.RouteCollectionTest" assertions="2" time="0.007313"/>
      </testsuite>
      <testsuite name="Hyde\Framework\Testing\Feature\RouteListTest" file="/home/runner/work/develop/develop/packages/framework/tests/Feature/RouteListTest.php" tests="3" assertions="3" errors="0" failures="0" skipped="0" time="0.022734">
        <testcase name="testRouteList" file="/home/runner/work/develop/develop/packages/framework/tests/Feature/RouteListTest.php" line="19" class="Hyde\Framework\Testing\Feature\RouteListTest" classname="Hyde.Framework.Testing.Feature.RouteListTest" assertions="1" time="0.007796"/>
        <testcase name="testHeaders" file="/home/runner/work/develop/develop/packages/framework/tests/Feature/RouteListTest.php" line="37" class="Hyde\Framework\Testing\Feature\RouteListTest" classname="Hyde.Framework.Testing.Feature.RouteListTest" assertions="1" time="0.007112"/>
        <testcase name="testWithDynamicPages" file="/home/runner/work/develop/develop/packages/framework/tests/Feature/RouteListTest.php" line="47" class="Hyde\Framework\Testing\Feature\RouteListTest" classname="Hyde.Framework.Testing.Feature.RouteListTest" assertions="1" time="0.007827"/>
      </testsuite>
      <testsuite name="Hyde\Framework\Testing\Feature\Services\BladeDownProcessorTest" file="/home/runner/work/develop/develop/packages/framework/tests/Feature/Services/BladeDownProcessorTest.php" tests="9" assertions="9" errors="0" failures="0" skipped="0" time="0.035953">
        <testcase name="testItRendersBladeEchoSyntax" file="/home/runner/work/develop/develop/packages/framework/tests/Feature/Services/BladeDownProcessorTest.php" line="17" class="Hyde\Framework\Testing\Feature\Services\BladeDownProcessorTest" classname="Hyde.Framework.Testing.Feature.Services.BladeDownProcessorTest" assertions="1" time="0.004269"/>
        <testcase name="testItRendersBladeWithinMultilineMarkdown" file="/home/runner/work/develop/develop/packages/framework/tests/Feature/Services/BladeDownProcessorTest.php" line="22" class="Hyde\Framework\Testing\Feature\Services\BladeDownProcessorTest" classname="Hyde.Framework.Testing.Feature.Services.BladeDownProcessorTest" assertions="1" time="0.004171"/>
        <testcase name="testItRendersBladeViews" file="/home/runner/work/develop/develop/packages/framework/tests/Feature/Services/BladeDownProcessorTest.php" line="31" class="Hyde\Framework\Testing\Feature\Services\BladeDownProcessorTest" classname="Hyde.Framework.Testing.Feature.Services.BladeDownProcessorTest" assertions="1" time="0.004597"/>
        <testcase name="testDirectiveIsCaseInsensitive" file="/home/runner/work/develop/develop/packages/framework/tests/Feature/Services/BladeDownProcessorTest.php" line="46" class="Hyde\Framework\Testing\Feature\Services\BladeDownProcessorTest" classname="Hyde.Framework.Testing.Feature.Services.BladeDownProcessorTest" assertions="1" time="0.003831"/>
        <testcase name="testDirectiveIsIgnoredIfItIsNotAtTheStartOfALine" file="/home/runner/work/develop/develop/packages/framework/tests/Feature/Services/BladeDownProcessorTest.php" line="51" class="Hyde\Framework\Testing\Feature\Services\BladeDownProcessorTest" classname="Hyde.Framework.Testing.Feature.Services.BladeDownProcessorTest" assertions="1" time="0.003135"/>
        <testcase name="testItRendersBladeEchoSyntaxWithVariables" file="/home/runner/work/develop/develop/packages/framework/tests/Feature/Services/BladeDownProcessorTest.php" line="57" class="Hyde\Framework\Testing\Feature\Services\BladeDownProcessorTest" classname="Hyde.Framework.Testing.Feature.Services.BladeDownProcessorTest" assertions="1" time="0.004205"/>
        <testcase name="testItRendersBladeViewsWithVariables" file="/home/runner/work/develop/develop/packages/framework/tests/Feature/Services/BladeDownProcessorTest.php" line="62" class="Hyde\Framework\Testing\Feature\Services\BladeDownProcessorTest" classname="Hyde.Framework.Testing.Feature.Services.BladeDownProcessorTest" assertions="1" time="0.004874"/>
        <testcase name="testPreprocessMethodExpandsShortcode" file="/home/runner/work/develop/develop/packages/framework/tests/Feature/Services/BladeDownProcessorTest.php" line="73" class="Hyde\Framework\Testing\Feature\Services\BladeDownProcessorTest" classname="Hyde.Framework.Testing.Feature.Services.BladeDownProcessorTest" assertions="1" time="0.003127"/>
        <testcase name="testProcessMethodRendersShortcode" file="/home/runner/work/develop/develop/packages/framework/tests/Feature/Services/BladeDownProcessorTest.php" line="78" class="Hyde\Framework\Testing\Feature\Services\BladeDownProcessorTest" classname="Hyde.Framework.Testing.Feature.Services.BladeDownProcessorTest" assertions="1" time="0.003744"/>
      </testsuite>
      <testsuite name="Hyde\Framework\Testing\Feature\Services\BuildTaskServiceTest" file="/home/runner/work/develop/develop/packages/framework/tests/Feature/Services/BuildTaskServiceTest.php" tests="8" assertions="11" errors="0" failures="0" skipped="0" time="0.083743">
        <testcase name="testBuildCommandCanRunBuildTasks" file="/home/runner/work/develop/develop/packages/framework/tests/Feature/Services/BuildTaskServiceTest.php" line="31" class="Hyde\Framework\Testing\Feature\Services\BuildTaskServiceTest" classname="Hyde.Framework.Testing.Feature.Services.BuildTaskServiceTest" assertions="4" time="0.024514"/>
        <testcase name="testRunPostBuildTasksRunsConfiguredTasksDoesNothingIfNoTasksAreConfigured" file="/home/runner/work/develop/develop/packages/framework/tests/Feature/Services/BuildTaskServiceTest.php" line="42" class="Hyde\Framework\Testing\Feature\Services\BuildTaskServiceTest" classname="Hyde.Framework.Testing.Feature.Services.BuildTaskServiceTest" assertions="1" time="0.009697"/>
        <testcase name="testGetPostBuildTasksReturnsArrayMergedWithConfig" file="/home/runner/work/develop/develop/packages/framework/tests/Feature/Services/BuildTaskServiceTest.php" line="50" class="Hyde\Framework\Testing\Feature\Services\BuildTaskServiceTest" classname="Hyde.Framework.Testing.Feature.Services.BuildTaskServiceTest" assertions="1" time="0.007880"/>
        <testcase name="testGetPostBuildTasksMergesDuplicateKeys" file="/home/runner/work/develop/develop/packages/framework/tests/Feature/Services/BuildTaskServiceTest.php" line="60" class="Hyde\Framework\Testing\Feature\Services\BuildTaskServiceTest" classname="Hyde.Framework.Testing.Feature.Services.BuildTaskServiceTest" assertions="1" time="0.007915"/>
        <testcase name="testRunPostBuildTasksRunsConfiguredTasks" file="/home/runner/work/develop/develop/packages/framework/tests/Feature/Services/BuildTaskServiceTest.php" line="71" class="Hyde\Framework\Testing\Feature\Services\BuildTaskServiceTest" classname="Hyde.Framework.Testing.Feature.Services.BuildTaskServiceTest" assertions="1" time="0.009963"/>
        <testcase name="testExceptionHandlerShowsErrorMessageAndExitsWithCode1WithoutThrowingException" file="/home/runner/work/develop/develop/packages/framework/tests/Feature/Services/BuildTaskServiceTest.php" line="83" class="Hyde\Framework\Testing\Feature\Services\BuildTaskServiceTest" classname="Hyde.Framework.Testing.Feature.Services.BuildTaskServiceTest" assertions="1" time="0.003546"/>
        <testcase name="testFindTasksInAppDirectoryMethodDiscoversTasksInAppDirectory" file="/home/runner/work/develop/develop/packages/framework/tests/Feature/Services/BuildTaskServiceTest.php" line="96" class="Hyde\Framework\Testing\Feature\Services\BuildTaskServiceTest" classname="Hyde.Framework.Testing.Feature.Services.BuildTaskServiceTest" assertions="1" time="0.009340"/>
        <testcase name="testAutomaticallyDiscoveredTasksCanBeExecuted" file="/home/runner/work/develop/develop/packages/framework/tests/Feature/Services/BuildTaskServiceTest.php" line="104" class="Hyde\Framework\Testing\Feature\Services\BuildTaskServiceTest" classname="Hyde.Framework.Testing.Feature.Services.BuildTaskServiceTest" assertions="1" time="0.010886"/>
      </testsuite>
      <testsuite name="Hyde\Framework\Testing\Feature\Services\DocumentationSearchServiceTest" file="/home/runner/work/develop/develop/packages/framework/tests/Feature/Services/DocumentationSearchServiceTest.php" tests="10" assertions="10" errors="0" failures="0" skipped="0" time="0.074418">
        <testcase name="testItGeneratesAJsonFileWithASearchIndex" file="/home/runner/work/develop/develop/packages/framework/tests/Feature/Services/DocumentationSearchServiceTest.php" line="31" class="Hyde\Framework\Testing\Feature\Services\DocumentationSearchServiceTest" classname="Hyde.Framework.Testing.Feature.Services.DocumentationSearchServiceTest" assertions="1" time="0.007445"/>
        <testcase name="testItAddsAllFilesToSearchIndex" file="/home/runner/work/develop/develop/packages/framework/tests/Feature/Services/DocumentationSearchServiceTest.php" line="45" class="Hyde\Framework\Testing\Feature\Services\DocumentationSearchServiceTest" classname="Hyde.Framework.Testing.Feature.Services.DocumentationSearchServiceTest" assertions="1" time="0.009585"/>
        <testcase name="testItHandlesGenerationEvenWhenThereAreNoPages" file="/home/runner/work/develop/develop/packages/framework/tests/Feature/Services/DocumentationSearchServiceTest.php" line="54" class="Hyde\Framework\Testing\Feature\Services\DocumentationSearchServiceTest" classname="Hyde.Framework.Testing.Feature.Services.DocumentationSearchServiceTest" assertions="1" time="0.005808"/>
        <testcase name="testSaveMethodSavesTheFileToTheCorrectLocation" file="/home/runner/work/develop/develop/packages/framework/tests/Feature/Services/DocumentationSearchServiceTest.php" line="63" class="Hyde\Framework\Testing\Feature\Services\DocumentationSearchServiceTest" classname="Hyde.Framework.Testing.Feature.Services.DocumentationSearchServiceTest" assertions="1" time="0.005793"/>
        <testcase name="testItGeneratesAValidJSON" file="/home/runner/work/develop/develop/packages/framework/tests/Feature/Services/DocumentationSearchServiceTest.php" line="72" class="Hyde\Framework\Testing\Feature\Services\DocumentationSearchServiceTest" classname="Hyde.Framework.Testing.Feature.Services.DocumentationSearchServiceTest" assertions="1" time="0.008450"/>
        <testcase name="testItStripsMarkdown" file="/home/runner/work/develop/develop/packages/framework/tests/Feature/Services/DocumentationSearchServiceTest.php" line="85" class="Hyde\Framework\Testing\Feature\Services\DocumentationSearchServiceTest" classname="Hyde.Framework.Testing.Feature.Services.DocumentationSearchServiceTest" assertions="1" time="0.007312"/>
        <testcase name="testGetDestinationForSlugReturnsEmptyStringForIndexWhenPrettyUrlIsEnabled" file="/home/runner/work/develop/develop/packages/framework/tests/Feature/Services/DocumentationSearchServiceTest.php" line="95" class="Hyde\Framework\Testing\Feature\Services\DocumentationSearchServiceTest" classname="Hyde.Framework.Testing.Feature.Services.DocumentationSearchServiceTest" assertions="1" time="0.007369"/>
        <testcase name="testGetDestinationForSlugReturnsPrettyUrlWhenEnabled" file="/home/runner/work/develop/develop/packages/framework/tests/Feature/Services/DocumentationSearchServiceTest.php" line="105" class="Hyde\Framework\Testing\Feature\Services\DocumentationSearchServiceTest" classname="Hyde.Framework.Testing.Feature.Services.DocumentationSearchServiceTest" assertions="1" time="0.007395"/>
        <testcase name="testExcludedPagesAreNotPresentInTheSearchIndex" file="/home/runner/work/develop/develop/packages/framework/tests/Feature/Services/DocumentationSearchServiceTest.php" line="115" class="Hyde\Framework\Testing\Feature\Services\DocumentationSearchServiceTest" classname="Hyde.Framework.Testing.Feature.Services.DocumentationSearchServiceTest" assertions="1" time="0.007325"/>
        <testcase name="testNestedSourceFilesDoNotRetainDirectoryNameInSearchIndex" file="/home/runner/work/develop/develop/packages/framework/tests/Feature/Services/DocumentationSearchServiceTest.php" line="125" class="Hyde\Framework\Testing\Feature\Services\DocumentationSearchServiceTest" classname="Hyde.Framework.Testing.Feature.Services.DocumentationSearchServiceTest" assertions="1" time="0.007936"/>
      </testsuite>
      <testsuite name="Hyde\Framework\Testing\Feature\Services\DocumentationSidebarTest" file="/home/runner/work/develop/develop/packages/framework/tests/Feature/Services/DocumentationSidebarTest.php" tests="36" assertions="51" errors="0" failures="0" skipped="0" time="0.392217">
        <testcase name="testSidebarCanBeCreated" file="/home/runner/work/develop/develop/packages/framework/tests/Feature/Services/DocumentationSidebarTest.php" line="41" class="Hyde\Framework\Testing\Feature\Services\DocumentationSidebarTest" classname="Hyde.Framework.Testing.Feature.Services.DocumentationSidebarTest" assertions="1" time="0.007714"/>
        <testcase name="testSidebarItemsAreAddedAutomatically" file="/home/runner/work/develop/develop/packages/framework/tests/Feature/Services/DocumentationSidebarTest.php" line="48" class="Hyde\Framework\Testing\Feature\Services\DocumentationSidebarTest" classname="Hyde.Framework.Testing.Feature.Services.DocumentationSidebarTest" assertions="1" time="0.013776"/>
        <testcase name="testIndexPageIsRemovedFromSidebar" file="/home/runner/work/develop/develop/packages/framework/tests/Feature/Services/DocumentationSidebarTest.php" line="57" class="Hyde\Framework\Testing\Feature\Services\DocumentationSidebarTest" classname="Hyde.Framework.Testing.Feature.Services.DocumentationSidebarTest" assertions="1" time="0.014814"/>
        <testcase name="testFilesWithFrontMatterHiddenSetToTrueAreRemovedFromSidebar" file="/home/runner/work/develop/develop/packages/framework/tests/Feature/Services/DocumentationSidebarTest.php" line="66" class="Hyde\Framework\Testing\Feature\Services\DocumentationSidebarTest" classname="Hyde.Framework.Testing.Feature.Services.DocumentationSidebarTest" assertions="1" time="0.015106"/>
        <testcase name="testSidebarIsOrderedAlphabeticallyWhenNoOrderIsSetInConfig" file="/home/runner/work/develop/develop/packages/framework/tests/Feature/Services/DocumentationSidebarTest.php" line="75" class="Hyde\Framework\Testing\Feature\Services\DocumentationSidebarTest" classname="Hyde.Framework.Testing.Feature.Services.DocumentationSidebarTest" assertions="1" time="0.012331"/>
        <testcase name="testSidebarIsOrderedByPriorityWhenPriorityIsSetInConfig" file="/home/runner/work/develop/develop/packages/framework/tests/Feature/Services/DocumentationSidebarTest.php" line="92" class="Hyde\Framework\Testing\Feature\Services\DocumentationSidebarTest" classname="Hyde.Framework.Testing.Feature.Services.DocumentationSidebarTest" assertions="1" time="0.012312"/>
        <testcase name="testSidebarItemPriorityCanBeSetInFrontMatter" file="/home/runner/work/develop/develop/packages/framework/tests/Feature/Services/DocumentationSidebarTest.php" line="113" class="Hyde\Framework\Testing\Feature\Services\DocumentationSidebarTest" classname="Hyde.Framework.Testing.Feature.Services.DocumentationSidebarTest" assertions="1" time="0.009461"/>
        <testcase name="testSidebarItemPrioritySetInConfigOverridesFrontMatter" file="/home/runner/work/develop/develop/packages/framework/tests/Feature/Services/DocumentationSidebarTest.php" line="120" class="Hyde\Framework\Testing\Feature\Services\DocumentationSidebarTest" classname="Hyde.Framework.Testing.Feature.Services.DocumentationSidebarTest" assertions="1" time="0.009158"/>
        <testcase name="testSidebarPrioritiesCanBeSetInBothFrontMatterAndConfig" file="/home/runner/work/develop/develop/packages/framework/tests/Feature/Services/DocumentationSidebarTest.php" line="129" class="Hyde\Framework\Testing\Feature\Services\DocumentationSidebarTest" classname="Hyde.Framework.Testing.Feature.Services.DocumentationSidebarTest" assertions="1" time="0.012521"/>
        <testcase name="testGroupCanBeSetInFrontMatter" file="/home/runner/work/develop/develop/packages/framework/tests/Feature/Services/DocumentationSidebarTest.php" line="152" class="Hyde\Framework\Testing\Feature\Services\DocumentationSidebarTest" classname="Hyde.Framework.Testing.Feature.Services.DocumentationSidebarTest" assertions="1" time="0.009082"/>
        <testcase name="testHasGroupsReturnsFalseWhenThereAreNoGroups" file="/home/runner/work/develop/develop/packages/framework/tests/Feature/Services/DocumentationSidebarTest.php" line="159" class="Hyde\Framework\Testing\Feature\Services\DocumentationSidebarTest" classname="Hyde.Framework.Testing.Feature.Services.DocumentationSidebarTest" assertions="1" time="0.007386"/>
        <testcase name="testHasGroupsReturnsTrueWhenThereAreGroups" file="/home/runner/work/develop/develop/packages/framework/tests/Feature/Services/DocumentationSidebarTest.php" line="164" class="Hyde\Framework\Testing\Feature\Services\DocumentationSidebarTest" classname="Hyde.Framework.Testing.Feature.Services.DocumentationSidebarTest" assertions="1" time="0.009256"/>
        <testcase name="testHasGroupsReturnsTrueWhenThereAreMultipleGroups" file="/home/runner/work/develop/develop/packages/framework/tests/Feature/Services/DocumentationSidebarTest.php" line="171" class="Hyde\Framework\Testing\Feature\Services\DocumentationSidebarTest" classname="Hyde.Framework.Testing.Feature.Services.DocumentationSidebarTest" assertions="1" time="0.010529"/>
        <testcase name="testHasGroupsReturnsTrueWhenThereAreMultipleGroupsMixedWithDefaults" file="/home/runner/work/develop/develop/packages/framework/tests/Feature/Services/DocumentationSidebarTest.php" line="179" class="Hyde\Framework\Testing\Feature\Services\DocumentationSidebarTest" classname="Hyde.Framework.Testing.Feature.Services.DocumentationSidebarTest" assertions="1" time="0.011941"/>
        <testcase name="testGetGroupsReturnsEmptyArrayWhenThereAreNoGroups" file="/home/runner/work/develop/develop/packages/framework/tests/Feature/Services/DocumentationSidebarTest.php" line="188" class="Hyde\Framework\Testing\Feature\Services\DocumentationSidebarTest" classname="Hyde.Framework.Testing.Feature.Services.DocumentationSidebarTest" assertions="1" time="0.007376"/>
        <testcase name="testGetGroupsReturnsArrayOfGroupsWhenThereAreGroups" file="/home/runner/work/develop/develop/packages/framework/tests/Feature/Services/DocumentationSidebarTest.php" line="193" class="Hyde\Framework\Testing\Feature\Services\DocumentationSidebarTest" classname="Hyde.Framework.Testing.Feature.Services.DocumentationSidebarTest" assertions="1" time="0.010373"/>
        <testcase name="testGetGroupsReturnsArrayWithNoDuplicates" file="/home/runner/work/develop/develop/packages/framework/tests/Feature/Services/DocumentationSidebarTest.php" line="200" class="Hyde\Framework\Testing\Feature\Services\DocumentationSidebarTest" classname="Hyde.Framework.Testing.Feature.Services.DocumentationSidebarTest" assertions="1" time="0.012001"/>
        <testcase name="testGroupsAreSortedByLowestFoundPriorityInEachGroup" file="/home/runner/work/develop/develop/packages/framework/tests/Feature/Services/DocumentationSidebarTest.php" line="209" class="Hyde\Framework\Testing\Feature\Services\DocumentationSidebarTest" classname="Hyde.Framework.Testing.Feature.Services.DocumentationSidebarTest" assertions="1" time="0.011929"/>
        <testcase name="testGetItemsInGroupReturnsEmptyCollectionWhenThereAreNoItems" file="/home/runner/work/develop/develop/packages/framework/tests/Feature/Services/DocumentationSidebarTest.php" line="218" class="Hyde\Framework\Testing\Feature\Services\DocumentationSidebarTest" classname="Hyde.Framework.Testing.Feature.Services.DocumentationSidebarTest" assertions="1" time="0.007480"/>
        <testcase name="testGetItemsInGroupReturnsCollectionOfItemsInGroup" file="/home/runner/work/develop/develop/packages/framework/tests/Feature/Services/DocumentationSidebarTest.php" line="223" class="Hyde\Framework\Testing\Feature\Services\DocumentationSidebarTest" classname="Hyde.Framework.Testing.Feature.Services.DocumentationSidebarTest" assertions="2" time="0.013838"/>
        <testcase name="testGetItemsInGroupNormalizesGroupNameToSlugFormat" file="/home/runner/work/develop/develop/packages/framework/tests/Feature/Services/DocumentationSidebarTest.php" line="245" class="Hyde\Framework\Testing\Feature\Services\DocumentationSidebarTest" classname="Hyde.Framework.Testing.Feature.Services.DocumentationSidebarTest" assertions="1" time="0.012806"/>
        <testcase name="testGetItemsInGroupDoesNotIncludeItemsWithHiddenFrontMatter" file="/home/runner/work/develop/develop/packages/framework/tests/Feature/Services/DocumentationSidebarTest.php" line="261" class="Hyde\Framework\Testing\Feature\Services\DocumentationSidebarTest" classname="Hyde.Framework.Testing.Feature.Services.DocumentationSidebarTest" assertions="1" time="0.010666"/>
        <testcase name="testGetItemsInGroupDoesNotIncludeDocsIndex" file="/home/runner/work/develop/develop/packages/framework/tests/Feature/Services/DocumentationSidebarTest.php" line="272" class="Hyde\Framework\Testing\Feature\Services\DocumentationSidebarTest" classname="Hyde.Framework.Testing.Feature.Services.DocumentationSidebarTest" assertions="1" time="0.010579"/>
        <testcase name="testIsGroupActiveReturnsFalseWhenSuppliedGroupIsNotActive" file="/home/runner/work/develop/develop/packages/framework/tests/Feature/Services/DocumentationSidebarTest.php" line="283" class="Hyde\Framework\Testing\Feature\Services\DocumentationSidebarTest" classname="Hyde.Framework.Testing.Feature.Services.DocumentationSidebarTest" assertions="1" time="0.008409"/>
        <testcase name="testIsGroupActiveReturnsTrueWhenSuppliedGroupIsActive" file="/home/runner/work/develop/develop/packages/framework/tests/Feature/Services/DocumentationSidebarTest.php" line="289" class="Hyde\Framework\Testing\Feature\Services\DocumentationSidebarTest" classname="Hyde.Framework.Testing.Feature.Services.DocumentationSidebarTest" assertions="1" time="0.008330"/>
        <testcase name="testIsGroupActiveReturnsTrueForDifferingCasing" file="/home/runner/work/develop/develop/packages/framework/tests/Feature/Services/DocumentationSidebarTest.php" line="295" class="Hyde\Framework\Testing\Feature\Services\DocumentationSidebarTest" classname="Hyde.Framework.Testing.Feature.Services.DocumentationSidebarTest" assertions="1" time="0.008320"/>
        <testcase name="testIsGroupActiveReturnsTrueFirstGroupOfIndexPage" file="/home/runner/work/develop/develop/packages/framework/tests/Feature/Services/DocumentationSidebarTest.php" line="301" class="Hyde\Framework\Testing\Feature\Services\DocumentationSidebarTest" classname="Hyde.Framework.Testing.Feature.Services.DocumentationSidebarTest" assertions="3" time="0.015453"/>
        <testcase name="testIsGroupActiveReturnsTrueFirstSortedGroupOfIndexPage" file="/home/runner/work/develop/develop/packages/framework/tests/Feature/Services/DocumentationSidebarTest.php" line="314" class="Hyde\Framework\Testing\Feature\Services\DocumentationSidebarTest" classname="Hyde.Framework.Testing.Feature.Services.DocumentationSidebarTest" assertions="3" time="0.016146"/>
        <testcase name="testAutomaticIndexPageGroupExpansionRespectsCustomNavigationMenuSettings" file="/home/runner/work/develop/develop/packages/framework/tests/Feature/Services/DocumentationSidebarTest.php" line="327" class="Hyde\Framework\Testing\Feature\Services\DocumentationSidebarTest" classname="Hyde.Framework.Testing.Feature.Services.DocumentationSidebarTest" assertions="3" time="0.015316"/>
        <testcase name="testMakeGroupTitleTurnsGroupKeyIntoTitle" file="/home/runner/work/develop/develop/packages/framework/tests/Feature/Services/DocumentationSidebarTest.php" line="340" class="Hyde\Framework\Testing\Feature\Services\DocumentationSidebarTest" classname="Hyde.Framework.Testing.Feature.Services.DocumentationSidebarTest" assertions="4" time="0.008231"/>
        <testcase name="testMakeGroupTitleUsesConfiguredSidebarGroupLabelsWhenAvailable" file="/home/runner/work/develop/develop/packages/framework/tests/Feature/Services/DocumentationSidebarTest.php" line="348" class="Hyde\Framework\Testing\Feature\Services\DocumentationSidebarTest" classname="Hyde.Framework.Testing.Feature.Services.DocumentationSidebarTest" assertions="2" time="0.007751"/>
        <testcase name="testCanHaveMultipleGroupedPagesWithTheSameNameLabels" file="/home/runner/work/develop/develop/packages/framework/tests/Feature/Services/DocumentationSidebarTest.php" line="358" class="Hyde\Framework\Testing\Feature\Services\DocumentationSidebarTest" classname="Hyde.Framework.Testing.Feature.Services.DocumentationSidebarTest" assertions="2" time="0.011381"/>
        <testcase name="testDuplicateLabelsWithinTheSameGroupIsRemoved" file="/home/runner/work/develop/develop/packages/framework/tests/Feature/Services/DocumentationSidebarTest.php" line="375" class="Hyde\Framework\Testing\Feature\Services\DocumentationSidebarTest" classname="Hyde.Framework.Testing.Feature.Services.DocumentationSidebarTest" assertions="2" time="0.010959"/>
        <testcase name="testIsGroupActiveForIndexPageWithNoGroups" file="/home/runner/work/develop/develop/packages/framework/tests/Feature/Services/DocumentationSidebarTest.php" line="389" class="Hyde\Framework\Testing\Feature\Services\DocumentationSidebarTest" classname="Hyde.Framework.Testing.Feature.Services.DocumentationSidebarTest" assertions="1" time="0.009576"/>
        <testcase name="testIndexPageAddedToSidebarWhenItIsTheOnlyPage" file="/home/runner/work/develop/develop/packages/framework/tests/Feature/Services/DocumentationSidebarTest.php" line="397" class="Hyde\Framework\Testing\Feature\Services\DocumentationSidebarTest" classname="Hyde.Framework.Testing.Feature.Services.DocumentationSidebarTest" assertions="2" time="0.009375"/>
        <testcase name="testIndexPageNotAddedToSidebarWhenOtherPagesExist" file="/home/runner/work/develop/develop/packages/framework/tests/Feature/Services/DocumentationSidebarTest.php" line="409" class="Hyde\Framework\Testing\Feature\Services\DocumentationSidebarTest" classname="Hyde.Framework.Testing.Feature.Services.DocumentationSidebarTest" assertions="2" time="0.010533"/>
      </testsuite>
      <testsuite name="Hyde\Framework\Testing\Feature\Services\HydeSmartDocsTest" file="/home/runner/work/develop/develop/packages/framework/tests/Feature/Services/HydeSmartDocsTest.php" tests="18" assertions="30" errors="0" failures="0" skipped="0" time="0.182725">
        <testcase name="testClassTokenizesDocument" file="/home/runner/work/develop/develop/packages/framework/tests/Feature/Services/HydeSmartDocsTest.php" line="17" class="Hyde\Framework\Testing\Feature\Services\HydeSmartDocsTest" classname="Hyde.Framework.Testing.Feature.Services.HydeSmartDocsTest" assertions="2" time="0.008519"/>
        <testcase name="testClassCanHandleDocumentWithNoHeader" file="/home/runner/work/develop/develop/packages/framework/tests/Feature/Services/HydeSmartDocsTest.php" line="25" class="Hyde\Framework\Testing\Feature\Services\HydeSmartDocsTest" classname="Hyde.Framework.Testing.Feature.Services.HydeSmartDocsTest" assertions="2" time="0.018854"/>
        <testcase name="testClassCanHandleDocumentWithOnlyHeader" file="/home/runner/work/develop/develop/packages/framework/tests/Feature/Services/HydeSmartDocsTest.php" line="33" class="Hyde\Framework\Testing\Feature\Services\HydeSmartDocsTest" classname="Hyde.Framework.Testing.Feature.Services.HydeSmartDocsTest" assertions="2" time="0.008930"/>
        <testcase name="testClassCanHandleEmptyDocument" file="/home/runner/work/develop/develop/packages/framework/tests/Feature/Services/HydeSmartDocsTest.php" line="41" class="Hyde\Framework\Testing\Feature\Services\HydeSmartDocsTest" classname="Hyde.Framework.Testing.Feature.Services.HydeSmartDocsTest" assertions="2" time="0.007640"/>
        <testcase name="testCreateHelperCreatesNewInstanceAndProcessesIt" file="/home/runner/work/develop/develop/packages/framework/tests/Feature/Services/HydeSmartDocsTest.php" line="49" class="Hyde\Framework\Testing\Feature\Services\HydeSmartDocsTest" classname="Hyde.Framework.Testing.Feature.Services.HydeSmartDocsTest" assertions="2" time="0.007955"/>
        <testcase name="testRenderHeaderReturnsTheExtractedHeader" file="/home/runner/work/develop/develop/packages/framework/tests/Feature/Services/HydeSmartDocsTest.php" line="61" class="Hyde\Framework\Testing\Feature\Services\HydeSmartDocsTest" classname="Hyde.Framework.Testing.Feature.Services.HydeSmartDocsTest" assertions="1" time="0.007732"/>
        <testcase name="testRenderHeaderReturnsTheExtractedHeaderWithVaryingNewlines" file="/home/runner/work/develop/develop/packages/framework/tests/Feature/Services/HydeSmartDocsTest.php" line="69" class="Hyde\Framework\Testing\Feature\Services\HydeSmartDocsTest" classname="Hyde.Framework.Testing.Feature.Services.HydeSmartDocsTest" assertions="3" time="0.015739"/>
        <testcase name="testRenderBodyReturnsTheExtractedBody" file="/home/runner/work/develop/develop/packages/framework/tests/Feature/Services/HydeSmartDocsTest.php" line="85" class="Hyde\Framework\Testing\Feature\Services\HydeSmartDocsTest" classname="Hyde.Framework.Testing.Feature.Services.HydeSmartDocsTest" assertions="1" time="0.007745"/>
        <testcase name="testRenderBodyReturnsTheExtractedBodyWithVaryingNewlines" file="/home/runner/work/develop/develop/packages/framework/tests/Feature/Services/HydeSmartDocsTest.php" line="93" class="Hyde\Framework\Testing\Feature\Services\HydeSmartDocsTest" classname="Hyde.Framework.Testing.Feature.Services.HydeSmartDocsTest" assertions="3" time="0.014697"/>
        <testcase name="testRenderFooterIsEmptyByDefault" file="/home/runner/work/develop/develop/packages/framework/tests/Feature/Services/HydeSmartDocsTest.php" line="109" class="Hyde\Framework\Testing\Feature\Services\HydeSmartDocsTest" classname="Hyde.Framework.Testing.Feature.Services.HydeSmartDocsTest" assertions="1" time="0.007684"/>
        <testcase name="testAddDynamicHeaderContentAddsSourceLinkWhenConditionsAreMet" file="/home/runner/work/develop/develop/packages/framework/tests/Feature/Services/HydeSmartDocsTest.php" line="117" class="Hyde\Framework\Testing\Feature\Services\HydeSmartDocsTest" classname="Hyde.Framework.Testing.Feature.Services.HydeSmartDocsTest" assertions="1" time="0.008932"/>
        <testcase name="testEditSourceLinkIsAddedToFooterWhenConditionsAreMet" file="/home/runner/work/develop/develop/packages/framework/tests/Feature/Services/HydeSmartDocsTest.php" line="127" class="Hyde\Framework\Testing\Feature\Services\HydeSmartDocsTest" classname="Hyde.Framework.Testing.Feature.Services.HydeSmartDocsTest" assertions="1" time="0.008516"/>
        <testcase name="testEditSourceLinkCanBeAddedToBothHeaderAndFooter" file="/home/runner/work/develop/develop/packages/framework/tests/Feature/Services/HydeSmartDocsTest.php" line="137" class="Hyde\Framework\Testing\Feature\Services\HydeSmartDocsTest" classname="Hyde.Framework.Testing.Feature.Services.HydeSmartDocsTest" assertions="2" time="0.015467"/>
        <testcase name="testEditSourceLinkTextCanBeCustomizedInHeader" file="/home/runner/work/develop/develop/packages/framework/tests/Feature/Services/HydeSmartDocsTest.php" line="153" class="Hyde\Framework\Testing\Feature\Services\HydeSmartDocsTest" classname="Hyde.Framework.Testing.Feature.Services.HydeSmartDocsTest" assertions="1" time="0.008644"/>
        <testcase name="testEditSourceLinkTextCanBeCustomizedInFooter" file="/home/runner/work/develop/develop/packages/framework/tests/Feature/Services/HydeSmartDocsTest.php" line="164" class="Hyde\Framework\Testing\Feature\Services\HydeSmartDocsTest" classname="Hyde.Framework.Testing.Feature.Services.HydeSmartDocsTest" assertions="1" time="0.009211"/>
        <testcase name="testAddDynamicFooterContentAddsTorchlightAttributionWhenConditionsAreMet" file="/home/runner/work/develop/develop/packages/framework/tests/Feature/Services/HydeSmartDocsTest.php" line="175" class="Hyde\Framework\Testing\Feature\Services\HydeSmartDocsTest" classname="Hyde.Framework.Testing.Feature.Services.HydeSmartDocsTest" assertions="1" time="0.009411"/>
        <testcase name="testTheDocumentationArticleView" file="/home/runner/work/develop/develop/packages/framework/tests/Feature/Services/HydeSmartDocsTest.php" line="185" class="Hyde\Framework\Testing\Feature\Services\HydeSmartDocsTest" classname="Hyde.Framework.Testing.Feature.Services.HydeSmartDocsTest" assertions="2" time="0.008491"/>
        <testcase name="testTheDocumentationArticleViewWithExistingVariable" file="/home/runner/work/develop/develop/packages/framework/tests/Feature/Services/HydeSmartDocsTest.php" line="195" class="Hyde\Framework\Testing\Feature\Services\HydeSmartDocsTest" classname="Hyde.Framework.Testing.Feature.Services.HydeSmartDocsTest" assertions="2" time="0.008557"/>
      </testsuite>
      <testsuite name="Hyde\Framework\Testing\Feature\Services\Markdown\CodeblockFilepathProcessorTest" file="/home/runner/work/develop/develop/packages/framework/tests/Feature/Services/Markdown/CodeblockFilepathProcessorTest.php" tests="11" assertions="26" errors="0" failures="0" skipped="0" time="0.039478">
        <testcase name="testPreprocessExpandsFilepath" file="/home/runner/work/develop/develop/packages/framework/tests/Feature/Services/Markdown/CodeblockFilepathProcessorTest.php" line="15" class="Hyde\Framework\Testing\Feature\Services\Markdown\CodeblockFilepathProcessorTest" classname="Hyde.Framework.Testing.Feature.Services.Markdown.CodeblockFilepathProcessorTest" assertions="1" time="0.003414"/>
        <testcase name="testPreprocessAcceptsMultipleFilepathFormats" file="/home/runner/work/develop/develop/packages/framework/tests/Feature/Services/Markdown/CodeblockFilepathProcessorTest.php" line="23" class="Hyde\Framework\Testing\Feature\Services\Markdown\CodeblockFilepathProcessorTest" classname="Hyde.Framework.Testing.Feature.Services.Markdown.CodeblockFilepathProcessorTest" assertions="8" time="0.003941"/>
        <testcase name="testFilepathPatternIsCaseInsensitive" file="/home/runner/work/develop/develop/packages/framework/tests/Feature/Services/Markdown/CodeblockFilepathProcessorTest.php" line="44" class="Hyde\Framework\Testing\Feature\Services\Markdown\CodeblockFilepathProcessorTest" classname="Hyde.Framework.Testing.Feature.Services.Markdown.CodeblockFilepathProcessorTest" assertions="4" time="0.003460"/>
        <testcase name="testPreprocessAcceptsMultipleLanguages" file="/home/runner/work/develop/develop/packages/framework/tests/Feature/Services/Markdown/CodeblockFilepathProcessorTest.php" line="61" class="Hyde\Framework\Testing\Feature\Services\Markdown\CodeblockFilepathProcessorTest" classname="Hyde.Framework.Testing.Feature.Services.Markdown.CodeblockFilepathProcessorTest" assertions="6" time="0.003715"/>
        <testcase name="testPreprocessAcceptsMultipleInputBlocks" file="/home/runner/work/develop/develop/packages/framework/tests/Feature/Services/Markdown/CodeblockFilepathProcessorTest.php" line="81" class="Hyde\Framework\Testing\Feature\Services\Markdown\CodeblockFilepathProcessorTest" classname="Hyde.Framework.Testing.Feature.Services.Markdown.CodeblockFilepathProcessorTest" assertions="1" time="0.003243"/>
        <testcase name="testPreprocessAcceptsMultiLineCodeblocks" file="/home/runner/work/develop/develop/packages/framework/tests/Feature/Services/Markdown/CodeblockFilepathProcessorTest.php" line="112" class="Hyde\Framework\Testing\Feature\Services\Markdown\CodeblockFilepathProcessorTest" classname="Hyde.Framework.Testing.Feature.Services.Markdown.CodeblockFilepathProcessorTest" assertions="1" time="0.003173"/>
        <testcase name="testSpaceAfterFilepathIsOptional" file="/home/runner/work/develop/develop/packages/framework/tests/Feature/Services/Markdown/CodeblockFilepathProcessorTest.php" line="137" class="Hyde\Framework\Testing\Feature\Services\Markdown\CodeblockFilepathProcessorTest" classname="Hyde.Framework.Testing.Feature.Services.Markdown.CodeblockFilepathProcessorTest" assertions="1" time="0.003173"/>
        <testcase name="testProcessorExpandsFilepathDirectiveInStandardCodeblock" file="/home/runner/work/develop/develop/packages/framework/tests/Feature/Services/Markdown/CodeblockFilepathProcessorTest.php" line="160" class="Hyde\Framework\Testing\Feature\Services\Markdown\CodeblockFilepathProcessorTest" classname="Hyde.Framework.Testing.Feature.Services.Markdown.CodeblockFilepathProcessorTest" assertions="1" time="0.004154"/>
        <testcase name="testProcessorExpandsFilepathDirectiveInTorchlightCodeblock" file="/home/runner/work/develop/develop/packages/framework/tests/Feature/Services/Markdown/CodeblockFilepathProcessorTest.php" line="174" class="Hyde\Framework\Testing\Feature\Services\Markdown\CodeblockFilepathProcessorTest" classname="Hyde.Framework.Testing.Feature.Services.Markdown.CodeblockFilepathProcessorTest" assertions="1" time="0.003741"/>
        <testcase name="testProcessorEscapesHtmlByDefault" file="/home/runner/work/develop/develop/packages/framework/tests/Feature/Services/Markdown/CodeblockFilepathProcessorTest.php" line="188" class="Hyde\Framework\Testing\Feature\Services\Markdown\CodeblockFilepathProcessorTest" classname="Hyde.Framework.Testing.Feature.Services.Markdown.CodeblockFilepathProcessorTest" assertions="1" time="0.003735"/>
        <testcase name="testProcessorDoesNotEscapeHtmlIfConfigured" file="/home/runner/work/develop/develop/packages/framework/tests/Feature/Services/Markdown/CodeblockFilepathProcessorTest.php" line="203" class="Hyde\Framework\Testing\Feature\Services\Markdown\CodeblockFilepathProcessorTest" classname="Hyde.Framework.Testing.Feature.Services.Markdown.CodeblockFilepathProcessorTest" assertions="1" time="0.003728"/>
      </testsuite>
      <testsuite name="Hyde\Framework\Testing\Feature\Services\Markdown\ShortcodeProcessorTest" file="/home/runner/work/develop/develop/packages/framework/tests/Feature/Services/Markdown/ShortcodeProcessorTest.php" tests="6" assertions="9" errors="0" failures="0" skipped="0" time="0.011599">
        <testcase name="testConstructorDiscoversDefaultShortcodes" file="/home/runner/work/develop/develop/packages/framework/tests/Feature/Services/Markdown/ShortcodeProcessorTest.php" line="16" class="Hyde\Framework\Testing\Feature\Services\Markdown\ShortcodeProcessorTest" classname="Hyde.Framework.Testing.Feature.Services.Markdown.ShortcodeProcessorTest" assertions="2" time="0.001768"/>
        <testcase name="testDiscoveredShortcodesAreUsedToProcessInput" file="/home/runner/work/develop/develop/packages/framework/tests/Feature/Services/Markdown/ShortcodeProcessorTest.php" line="24" class="Hyde\Framework\Testing\Feature\Services\Markdown\ShortcodeProcessorTest" classname="Hyde.Framework.Testing.Feature.Services.Markdown.ShortcodeProcessorTest" assertions="1" time="0.002610"/>
        <testcase name="testStringWithoutShortcodeIsNotModified" file="/home/runner/work/develop/develop/packages/framework/tests/Feature/Services/Markdown/ShortcodeProcessorTest.php" line="32" class="Hyde\Framework\Testing\Feature\Services\Markdown\ShortcodeProcessorTest" classname="Hyde.Framework.Testing.Feature.Services.Markdown.ShortcodeProcessorTest" assertions="1" time="0.001534"/>
        <testcase name="testProcessStaticShorthand" file="/home/runner/work/develop/develop/packages/framework/tests/Feature/Services/Markdown/ShortcodeProcessorTest.php" line="39" class="Hyde\Framework\Testing\Feature\Services\Markdown\ShortcodeProcessorTest" classname="Hyde.Framework.Testing.Feature.Services.Markdown.ShortcodeProcessorTest" assertions="1" time="0.002403"/>
        <testcase name="testShortcodesCanBeAddedToProcessor" file="/home/runner/work/develop/develop/packages/framework/tests/Feature/Services/Markdown/ShortcodeProcessorTest.php" line="45" class="Hyde\Framework\Testing\Feature\Services\Markdown\ShortcodeProcessorTest" classname="Hyde.Framework.Testing.Feature.Services.Markdown.ShortcodeProcessorTest" assertions="2" time="0.001642"/>
        <testcase name="testShortcodesCanBeAddedToProcessorUsingArray" file="/home/runner/work/develop/develop/packages/framework/tests/Feature/Services/Markdown/ShortcodeProcessorTest.php" line="66" class="Hyde\Framework\Testing\Feature\Services\Markdown\ShortcodeProcessorTest" classname="Hyde.Framework.Testing.Feature.Services.Markdown.ShortcodeProcessorTest" assertions="2" time="0.001641"/>
      </testsuite>
      <testsuite name="Hyde\Framework\Testing\Feature\Services\RssFeedServiceTest" file="/home/runner/work/develop/develop/packages/framework/tests/Feature/Services/RssFeedServiceTest.php" tests="12" assertions="35" errors="0" failures="0" skipped="0" time="0.061978">
        <testcase name="testServiceInstantiatesXmlElement" file="/home/runner/work/develop/develop/packages/framework/tests/Feature/Services/RssFeedServiceTest.php" line="19" class="Hyde\Framework\Testing\Feature\Services\RssFeedServiceTest" classname="Hyde.Framework.Testing.Feature.Services.RssFeedServiceTest" assertions="1" time="0.003762"/>
        <testcase name="testXmlRootElementIsSetToRss20" file="/home/runner/work/develop/develop/packages/framework/tests/Feature/Services/RssFeedServiceTest.php" line="25" class="Hyde\Framework\Testing\Feature\Services\RssFeedServiceTest" classname="Hyde.Framework.Testing.Feature.Services.RssFeedServiceTest" assertions="2" time="0.003646"/>
        <testcase name="testXmlElementHasChannelElement" file="/home/runner/work/develop/develop/packages/framework/tests/Feature/Services/RssFeedServiceTest.php" line="32" class="Hyde\Framework\Testing\Feature\Services\RssFeedServiceTest" classname="Hyde.Framework.Testing.Feature.Services.RssFeedServiceTest" assertions="1" time="0.003527"/>
        <testcase name="testXmlChannelElementHasRequiredElements" file="/home/runner/work/develop/develop/packages/framework/tests/Feature/Services/RssFeedServiceTest.php" line="38" class="Hyde\Framework\Testing\Feature\Services\RssFeedServiceTest" classname="Hyde.Framework.Testing.Feature.Services.RssFeedServiceTest" assertions="6" time="0.004089"/>
        <testcase name="testXmlChannelElementHasAdditionalElements" file="/home/runner/work/develop/develop/packages/framework/tests/Feature/Services/RssFeedServiceTest.php" line="54" class="Hyde\Framework\Testing\Feature\Services\RssFeedServiceTest" classname="Hyde.Framework.Testing.Feature.Services.RssFeedServiceTest" assertions="6" time="0.004022"/>
        <testcase name="testXmlChannelDataCanBeCustomized" file="/home/runner/work/develop/develop/packages/framework/tests/Feature/Services/RssFeedServiceTest.php" line="69" class="Hyde\Framework\Testing\Feature\Services\RssFeedServiceTest" classname="Hyde.Framework.Testing.Feature.Services.RssFeedServiceTest" assertions="3" time="0.003791"/>
        <testcase name="testMarkdownBlogPostsAreAddedToRssFeedThroughAutodiscovery" file="/home/runner/work/develop/develop/packages/framework/tests/Feature/Services/RssFeedServiceTest.php" line="81" class="Hyde\Framework\Testing\Feature\Services\RssFeedServiceTest" classname="Hyde.Framework.Testing.Feature.Services.RssFeedServiceTest" assertions="11" time="0.012259"/>
        <testcase name="testGetXmlMethodReturnsXmlString" file="/home/runner/work/develop/develop/packages/framework/tests/Feature/Services/RssFeedServiceTest.php" line="124" class="Hyde\Framework\Testing\Feature\Services\RssFeedServiceTest" classname="Hyde.Framework.Testing.Feature.Services.RssFeedServiceTest" assertions="1" time="0.003398"/>
        <testcase name="testGenerateFeedHelperReturnsXmlString" file="/home/runner/work/develop/develop/packages/framework/tests/Feature/Services/RssFeedServiceTest.php" line="130" class="Hyde\Framework\Testing\Feature\Services\RssFeedServiceTest" classname="Hyde.Framework.Testing.Feature.Services.RssFeedServiceTest" assertions="1" time="0.007517"/>
        <testcase name="testCanGenerateFeedHelperReturnsTrueIfHydeHasBaseUrl" file="/home/runner/work/develop/develop/packages/framework/tests/Feature/Services/RssFeedServiceTest.php" line="135" class="Hyde\Framework\Testing\Feature\Services\RssFeedServiceTest" classname="Hyde.Framework.Testing.Feature.Services.RssFeedServiceTest" assertions="1" time="0.009024"/>
        <testcase name="testCanGenerateFeedHelperReturnsFalseIfHydeDoesNotHaveBaseUrl" file="/home/runner/work/develop/develop/packages/framework/tests/Feature/Services/RssFeedServiceTest.php" line="142" class="Hyde\Framework\Testing\Feature\Services\RssFeedServiceTest" classname="Hyde.Framework.Testing.Feature.Services.RssFeedServiceTest" assertions="1" time="0.003546"/>
        <testcase name="testCanGenerateFeedHelperReturnsFalseIfFeedsAreDisabledInConfig" file="/home/runner/work/develop/develop/packages/framework/tests/Feature/Services/RssFeedServiceTest.php" line="149" class="Hyde\Framework\Testing\Feature\Services\RssFeedServiceTest" classname="Hyde.Framework.Testing.Feature.Services.RssFeedServiceTest" assertions="1" time="0.003397"/>
      </testsuite>
      <testsuite name="Hyde\Framework\Testing\Feature\Services\SitemapServiceTest" file="/home/runner/work/develop/develop/packages/framework/tests/Feature/Services/SitemapServiceTest.php" tests="12" assertions="23" errors="0" failures="0" skipped="0" time="0.100608">
        <testcase name="testServiceInstantiatesXmlElement" file="/home/runner/work/develop/develop/packages/framework/tests/Feature/Services/SitemapServiceTest.php" line="29" class="Hyde\Framework\Testing\Feature\Services\SitemapServiceTest" classname="Hyde.Framework.Testing.Feature.Services.SitemapServiceTest" assertions="1" time="0.004122"/>
        <testcase name="testGenerateAddsDefaultPagesToXml" file="/home/runner/work/develop/develop/packages/framework/tests/Feature/Services/SitemapServiceTest.php" line="35" class="Hyde\Framework\Testing\Feature\Services\SitemapServiceTest" classname="Hyde.Framework.Testing.Feature.Services.SitemapServiceTest" assertions="1" time="0.007936"/>
        <testcase name="testGenerateAddsMarkdownPagesToXml" file="/home/runner/work/develop/develop/packages/framework/tests/Feature/Services/SitemapServiceTest.php" line="44" class="Hyde\Framework\Testing\Feature\Services\SitemapServiceTest" classname="Hyde.Framework.Testing.Feature.Services.SitemapServiceTest" assertions="1" time="0.008892"/>
        <testcase name="testGenerateAddsMarkdownPostsToXml" file="/home/runner/work/develop/develop/packages/framework/tests/Feature/Services/SitemapServiceTest.php" line="56" class="Hyde\Framework\Testing\Feature\Services\SitemapServiceTest" classname="Hyde.Framework.Testing.Feature.Services.SitemapServiceTest" assertions="1" time="0.009321"/>
        <testcase name="testGenerateAddsDocumentationPagesToXml" file="/home/runner/work/develop/develop/packages/framework/tests/Feature/Services/SitemapServiceTest.php" line="68" class="Hyde\Framework\Testing\Feature\Services\SitemapServiceTest" classname="Hyde.Framework.Testing.Feature.Services.SitemapServiceTest" assertions="1" time="0.009084"/>
        <testcase name="testGetXmlReturnsXmlString" file="/home/runner/work/develop/develop/packages/framework/tests/Feature/Services/SitemapServiceTest.php" line="80" class="Hyde\Framework\Testing\Feature\Services\SitemapServiceTest" classname="Hyde.Framework.Testing.Feature.Services.SitemapServiceTest" assertions="2" time="0.007904"/>
        <testcase name="testGenerateSitemapShorthandMethodReturnsXmlString" file="/home/runner/work/develop/develop/packages/framework/tests/Feature/Services/SitemapServiceTest.php" line="90" class="Hyde\Framework\Testing\Feature\Services\SitemapServiceTest" classname="Hyde.Framework.Testing.Feature.Services.SitemapServiceTest" assertions="2" time="0.007740"/>
        <testcase name="testUrlItemIsGeneratedCorrectly" file="/home/runner/work/develop/develop/packages/framework/tests/Feature/Services/SitemapServiceTest.php" line="98" class="Hyde\Framework\Testing\Feature\Services\SitemapServiceTest" classname="Hyde.Framework.Testing.Feature.Services.SitemapServiceTest" assertions="3" time="0.008855"/>
        <testcase name="testUrlItemIsGeneratedWithPrettyUrlsIfEnabled" file="/home/runner/work/develop/develop/packages/framework/tests/Feature/Services/SitemapServiceTest.php" line="115" class="Hyde\Framework\Testing\Feature\Services\SitemapServiceTest" classname="Hyde.Framework.Testing.Feature.Services.SitemapServiceTest" assertions="1" time="0.008594"/>
        <testcase name="testAllRouteTypesAreDiscovered" file="/home/runner/work/develop/develop/packages/framework/tests/Feature/Services/SitemapServiceTest.php" line="130" class="Hyde\Framework\Testing\Feature\Services\SitemapServiceTest" classname="Hyde.Framework.Testing.Feature.Services.SitemapServiceTest" assertions="6" time="0.012980"/>
        <testcase name="testLinksFallbackToRelativeLinksWhenASiteUrlIsNotSet" file="/home/runner/work/develop/develop/packages/framework/tests/Feature/Services/SitemapServiceTest.php" line="162" class="Hyde\Framework\Testing\Feature\Services\SitemapServiceTest" classname="Hyde.Framework.Testing.Feature.Services.SitemapServiceTest" assertions="2" time="0.007407"/>
        <testcase name="testLinksFallbackToRelativeLinksWhenSiteUrlIsLocalhost" file="/home/runner/work/develop/develop/packages/framework/tests/Feature/Services/SitemapServiceTest.php" line="173" class="Hyde\Framework\Testing\Feature\Services\SitemapServiceTest" classname="Hyde.Framework.Testing.Feature.Services.SitemapServiceTest" assertions="2" time="0.007773"/>
      </testsuite>
      <testsuite name="Hyde\Framework\Testing\Feature\Services\ValidationServiceTest" file="/home/runner/work/develop/develop/packages/framework/tests/Feature/Services/ValidationServiceTest.php" tests="24" assertions="63" errors="0" failures="0" skipped="0" time="0.115619">
        <testcase name="testChecksReturnsAnArrayOfValidationCheckMethods" file="/home/runner/work/develop/develop/packages/framework/tests/Feature/Services/ValidationServiceTest.php" line="40" class="Hyde\Framework\Testing\Feature\Services\ValidationServiceTest" classname="Hyde.Framework.Testing.Feature.Services.ValidationServiceTest" assertions="17" time="0.004628"/>
        <testcase name="testCheckValidatorsCanRun" file="/home/runner/work/develop/develop/packages/framework/tests/Feature/Services/ValidationServiceTest.php" line="52" class="Hyde\Framework\Testing\Feature\Services\ValidationServiceTest" classname="Hyde.Framework.Testing.Feature.Services.ValidationServiceTest" assertions="2" time="0.003289"/>
        <testcase name="testCheckSiteHasA404PageCanPass" file="/home/runner/work/develop/develop/packages/framework/tests/Feature/Services/ValidationServiceTest.php" line="57" class="Hyde\Framework\Testing\Feature\Services\ValidationServiceTest" classname="Hyde.Framework.Testing.Feature.Services.ValidationServiceTest" assertions="2" time="0.003358"/>
        <testcase name="testCheckSiteHasA404PageCanFail" file="/home/runner/work/develop/develop/packages/framework/tests/Feature/Services/ValidationServiceTest.php" line="62" class="Hyde\Framework\Testing\Feature\Services\ValidationServiceTest" classname="Hyde.Framework.Testing.Feature.Services.ValidationServiceTest" assertions="2" time="0.003543"/>
        <testcase name="testCheckDocumentationSiteHasAnIndexPageCanPass" file="/home/runner/work/develop/develop/packages/framework/tests/Feature/Services/ValidationServiceTest.php" line="69" class="Hyde\Framework\Testing\Feature\Services\ValidationServiceTest" classname="Hyde.Framework.Testing.Feature.Services.ValidationServiceTest" assertions="2" time="0.008695"/>
        <testcase name="testCheckDocumentationSiteHasAnIndexPageCanPassWithWarningWhenOnlyFindingReadme" file="/home/runner/work/develop/develop/packages/framework/tests/Feature/Services/ValidationServiceTest.php" line="76" class="Hyde\Framework\Testing\Feature\Services\ValidationServiceTest" classname="Hyde.Framework.Testing.Feature.Services.ValidationServiceTest" assertions="3" time="0.009368"/>
        <testcase name="testCheckDocumentationSiteHasAnIndexPageCanFail" file="/home/runner/work/develop/develop/packages/framework/tests/Feature/Services/ValidationServiceTest.php" line="85" class="Hyde\Framework\Testing\Feature\Services\ValidationServiceTest" classname="Hyde.Framework.Testing.Feature.Services.ValidationServiceTest" assertions="2" time="0.008927"/>
        <testcase name="testCheckDocumentationSiteHasAnIndexPageBeSkipped" file="/home/runner/work/develop/develop/packages/framework/tests/Feature/Services/ValidationServiceTest.php" line="92" class="Hyde\Framework\Testing\Feature\Services\ValidationServiceTest" classname="Hyde.Framework.Testing.Feature.Services.ValidationServiceTest" assertions="2" time="0.007371"/>
        <testcase name="testCheckSiteHasAnIndexPageCanPass" file="/home/runner/work/develop/develop/packages/framework/tests/Feature/Services/ValidationServiceTest.php" line="97" class="Hyde\Framework\Testing\Feature\Services\ValidationServiceTest" classname="Hyde.Framework.Testing.Feature.Services.ValidationServiceTest" assertions="2" time="0.003589"/>
        <testcase name="testCheckSiteHasAnIndexPageCanFail" file="/home/runner/work/develop/develop/packages/framework/tests/Feature/Services/ValidationServiceTest.php" line="102" class="Hyde\Framework\Testing\Feature\Services\ValidationServiceTest" classname="Hyde.Framework.Testing.Feature.Services.ValidationServiceTest" assertions="2" time="0.003838"/>
        <testcase name="testCheckSiteHasAnAppCssStylesheetCanPass" file="/home/runner/work/develop/develop/packages/framework/tests/Feature/Services/ValidationServiceTest.php" line="109" class="Hyde\Framework\Testing\Feature\Services\ValidationServiceTest" classname="Hyde.Framework.Testing.Feature.Services.ValidationServiceTest" assertions="2" time="0.003711"/>
        <testcase name="testCheckSiteHasAnAppCssStylesheetCanFail" file="/home/runner/work/develop/develop/packages/framework/tests/Feature/Services/ValidationServiceTest.php" line="114" class="Hyde\Framework\Testing\Feature\Services\ValidationServiceTest" classname="Hyde.Framework.Testing.Feature.Services.ValidationServiceTest" assertions="2" time="0.003865"/>
        <testcase name="testCheckSiteHasABaseUrlSetCanPass" file="/home/runner/work/develop/develop/packages/framework/tests/Feature/Services/ValidationServiceTest.php" line="121" class="Hyde\Framework\Testing\Feature\Services\ValidationServiceTest" classname="Hyde.Framework.Testing.Feature.Services.ValidationServiceTest" assertions="2" time="0.003549"/>
        <testcase name="testCheckSiteHasABaseUrlSetCanFail" file="/home/runner/work/develop/develop/packages/framework/tests/Feature/Services/ValidationServiceTest.php" line="127" class="Hyde\Framework\Testing\Feature\Services\ValidationServiceTest" classname="Hyde.Framework.Testing.Feature.Services.ValidationServiceTest" assertions="2" time="0.003902"/>
        <testcase name="testCheckATorchlightApiTokenIsSetCanSkip" file="/home/runner/work/develop/develop/packages/framework/tests/Feature/Services/ValidationServiceTest.php" line="133" class="Hyde\Framework\Testing\Feature\Services\ValidationServiceTest" classname="Hyde.Framework.Testing.Feature.Services.ValidationServiceTest" assertions="2" time="0.003572"/>
        <testcase name="testCheckATorchlightApiTokenIsSetCanPass" file="/home/runner/work/develop/develop/packages/framework/tests/Feature/Services/ValidationServiceTest.php" line="139" class="Hyde\Framework\Testing\Feature\Services\ValidationServiceTest" classname="Hyde.Framework.Testing.Feature.Services.ValidationServiceTest" assertions="2" time="0.003534"/>
        <testcase name="testCheckATorchlightApiTokenIsSetCanFail" file="/home/runner/work/develop/develop/packages/framework/tests/Feature/Services/ValidationServiceTest.php" line="145" class="Hyde\Framework\Testing\Feature\Services\ValidationServiceTest" classname="Hyde.Framework.Testing.Feature.Services.ValidationServiceTest" assertions="2" time="0.003509"/>
        <testcase name="testCheckForConflictsBetweenBladeAndMarkdownPagesCanPass" file="/home/runner/work/develop/develop/packages/framework/tests/Feature/Services/ValidationServiceTest.php" line="151" class="Hyde\Framework\Testing\Feature\Services\ValidationServiceTest" classname="Hyde.Framework.Testing.Feature.Services.ValidationServiceTest" assertions="2" time="0.008385"/>
        <testcase name="testCheckForConflictsBetweenBladeAndMarkdownPagesCanFail" file="/home/runner/work/develop/develop/packages/framework/tests/Feature/Services/ValidationServiceTest.php" line="156" class="Hyde\Framework\Testing\Feature\Services\ValidationServiceTest" classname="Hyde.Framework.Testing.Feature.Services.ValidationServiceTest" assertions="2" time="0.008672"/>
        <testcase name="testValidationResultMessageReturnsMessage" file="/home/runner/work/develop/develop/packages/framework/tests/Feature/Services/ValidationServiceTest.php" line="165" class="Hyde\Framework\Testing\Feature\Services\ValidationServiceTest" classname="Hyde.Framework.Testing.Feature.Services.ValidationServiceTest" assertions="1" time="0.003090"/>
        <testcase name="testValidationResultPassedReturnsTrueWhenPassedIsTrue" file="/home/runner/work/develop/develop/packages/framework/tests/Feature/Services/ValidationServiceTest.php" line="171" class="Hyde\Framework\Testing\Feature\Services\ValidationServiceTest" classname="Hyde.Framework.Testing.Feature.Services.ValidationServiceTest" assertions="2" time="0.003297"/>
        <testcase name="testValidationResultFailedReturnsTrueWhenPassedIsFalse" file="/home/runner/work/develop/develop/packages/framework/tests/Feature/Services/ValidationServiceTest.php" line="180" class="Hyde\Framework\Testing\Feature\Services\ValidationServiceTest" classname="Hyde.Framework.Testing.Feature.Services.ValidationServiceTest" assertions="2" time="0.003299"/>
        <testcase name="testValidationResultSkippedReturnsTrueWhenSkippedIsTrue" file="/home/runner/work/develop/develop/packages/framework/tests/Feature/Services/ValidationServiceTest.php" line="189" class="Hyde\Framework\Testing\Feature\Services\ValidationServiceTest" classname="Hyde.Framework.Testing.Feature.Services.ValidationServiceTest" assertions="2" time="0.003321"/>
        <testcase name="testValidationResultTipReturnsMessageWhenSet" file="/home/runner/work/develop/develop/packages/framework/tests/Feature/Services/ValidationServiceTest.php" line="197" class="Hyde\Framework\Testing\Feature\Services\ValidationServiceTest" classname="Hyde.Framework.Testing.Feature.Services.ValidationServiceTest" assertions="2" time="0.003308"/>
      </testsuite>
      <testsuite name="Hyde\Framework\Testing\Feature\Services\ViewDiffServiceTest" file="/home/runner/work/develop/develop/packages/framework/tests/Feature/Services/ViewDiffServiceTest.php" tests="4" assertions="8" errors="0" failures="0" skipped="0" time="0.030449">
        <testcase name="testGetFilecache" file="/home/runner/work/develop/develop/packages/framework/tests/Feature/Services/ViewDiffServiceTest.php" line="19" class="Hyde\Framework\Testing\Feature\Services\ViewDiffServiceTest" classname="Hyde.Framework.Testing.Feature.Services.ViewDiffServiceTest" assertions="4" time="0.008660"/>
        <testcase name="testGetChecksums" file="/home/runner/work/develop/develop/packages/framework/tests/Feature/Services/ViewDiffServiceTest.php" line="30" class="Hyde\Framework\Testing\Feature\Services\ViewDiffServiceTest" classname="Hyde.Framework.Testing.Feature.Services.ViewDiffServiceTest" assertions="2" time="0.007348"/>
        <testcase name="testChecksumMatchesAny" file="/home/runner/work/develop/develop/packages/framework/tests/Feature/Services/ViewDiffServiceTest.php" line="39" class="Hyde\Framework\Testing\Feature\Services\ViewDiffServiceTest" classname="Hyde.Framework.Testing.Feature.Services.ViewDiffServiceTest" assertions="1" time="0.007327"/>
        <testcase name="testChecksumMatchesAnyFalse" file="/home/runner/work/develop/develop/packages/framework/tests/Feature/Services/ViewDiffServiceTest.php" line="48" class="Hyde\Framework\Testing\Feature\Services\ViewDiffServiceTest" classname="Hyde.Framework.Testing.Feature.Services.ViewDiffServiceTest" assertions="1" time="0.007114"/>
      </testsuite>
      <testsuite name="Hyde\Framework\Testing\Feature\SidebarViewTest" file="/home/runner/work/develop/develop/packages/framework/tests/Feature/SidebarViewTest.php" tests="7" assertions="60" errors="0" failures="0" skipped="0" time="0.089255">
        <testcase name="testBaseSidebar" file="/home/runner/work/develop/develop/packages/framework/tests/Feature/SidebarViewTest.php" line="32" class="Hyde\Framework\Testing\Feature\SidebarViewTest" classname="Hyde.Framework.Testing.Feature.SidebarViewTest" assertions="12" time="0.011739"/>
        <testcase name="testBaseSidebarWithoutFooter" file="/home/runner/work/develop/develop/packages/framework/tests/Feature/SidebarViewTest.php" line="53" class="Hyde\Framework\Testing\Feature\SidebarViewTest" classname="Hyde.Framework.Testing.Feature.SidebarViewTest" assertions="2" time="0.008947"/>
        <testcase name="testBaseSidebarWithCustomFooterText" file="/home/runner/work/develop/develop/packages/framework/tests/Feature/SidebarViewTest.php" line="62" class="Hyde\Framework\Testing\Feature\SidebarViewTest" classname="Hyde.Framework.Testing.Feature.SidebarViewTest" assertions="4" time="0.010249"/>
        <testcase name="testBaseSidebarCustomHeaderBrand" file="/home/runner/work/develop/develop/packages/framework/tests/Feature/SidebarViewTest.php" line="73" class="Hyde\Framework\Testing\Feature\SidebarViewTest" classname="Hyde.Framework.Testing.Feature.SidebarViewTest" assertions="4" time="0.009763"/>
        <testcase name="testBaseSidebarWithItems" file="/home/runner/work/develop/develop/packages/framework/tests/Feature/SidebarViewTest.php" line="85" class="Hyde\Framework\Testing\Feature\SidebarViewTest" classname="Hyde.Framework.Testing.Feature.SidebarViewTest" assertions="6" time="0.014543"/>
        <testcase name="testSidebarWithGroupedItems" file="/home/runner/work/develop/develop/packages/framework/tests/Feature/SidebarViewTest.php" line="103" class="Hyde\Framework\Testing\Feature\SidebarViewTest" classname="Hyde.Framework.Testing.Feature.SidebarViewTest" assertions="16" time="0.017263"/>
        <testcase name="testSidebarWithNonCollapsibleGroupedItems" file="/home/runner/work/develop/develop/packages/framework/tests/Feature/SidebarViewTest.php" line="134" class="Hyde\Framework\Testing\Feature\SidebarViewTest" classname="Hyde.Framework.Testing.Feature.SidebarViewTest" assertions="16" time="0.016751"/>
      </testsuite>
      <testsuite name="Hyde\Framework\Testing\Feature\SiteTest" file="/home/runner/work/develop/develop/packages/framework/tests/Feature/SiteTest.php" tests="4" assertions="10" errors="0" failures="0" skipped="0" time="0.018345">
        <testcase name="testUrl" file="/home/runner/work/develop/develop/packages/framework/tests/Feature/SiteTest.php" line="16" class="Hyde\Framework\Testing\Feature\SiteTest" classname="Hyde.Framework.Testing.Feature.SiteTest" assertions="3" time="0.003646"/>
        <testcase name="testName" file="/home/runner/work/develop/develop/packages/framework/tests/Feature/SiteTest.php" line="27" class="Hyde\Framework\Testing\Feature\SiteTest" classname="Hyde.Framework.Testing.Feature.SiteTest" assertions="3" time="0.003286"/>
        <testcase name="testLanguage" file="/home/runner/work/develop/develop/packages/framework/tests/Feature/SiteTest.php" line="38" class="Hyde\Framework\Testing\Feature\SiteTest" classname="Hyde.Framework.Testing.Feature.SiteTest" assertions="3" time="0.003329"/>
        <testcase name="testMetadata" file="/home/runner/work/develop/develop/packages/framework/tests/Feature/SiteTest.php" line="49" class="Hyde\Framework\Testing\Feature\SiteTest" classname="Hyde.Framework.Testing.Feature.SiteTest" assertions="1" time="0.008084"/>
      </testsuite>
      <testsuite name="Hyde\Framework\Testing\Feature\SourceDirectoriesCanBeChangedTest" file="/home/runner/work/develop/develop/packages/framework/tests/Feature/SourceDirectoriesCanBeChangedTest.php" tests="6" assertions="18" errors="0" failures="0" skipped="0" time="0.034240">
        <testcase name="testBaselines" file="/home/runner/work/develop/develop/packages/framework/tests/Feature/SourceDirectoriesCanBeChangedTest.php" line="20" class="Hyde\Framework\Testing\Feature\SourceDirectoriesCanBeChangedTest" classname="Hyde.Framework.Testing.Feature.SourceDirectoriesCanBeChangedTest" assertions="5" time="0.003384"/>
        <testcase name="testSourceDirectoriesCanBeChangedProgrammatically" file="/home/runner/work/develop/develop/packages/framework/tests/Feature/SourceDirectoriesCanBeChangedTest.php" line="29" class="Hyde\Framework\Testing\Feature\SourceDirectoriesCanBeChangedTest" classname="Hyde.Framework.Testing.Feature.SourceDirectoriesCanBeChangedTest" assertions="5" time="0.003433"/>
        <testcase name="testSourceDirectoriesCanBeChangedInConfig" file="/home/runner/work/develop/develop/packages/framework/tests/Feature/SourceDirectoriesCanBeChangedTest.php" line="44" class="Hyde\Framework\Testing\Feature\SourceDirectoriesCanBeChangedTest" classname="Hyde.Framework.Testing.Feature.SourceDirectoriesCanBeChangedTest" assertions="5" time="0.004968"/>
        <testcase name="testBuildServiceRecognizesChangedDirectory" file="/home/runner/work/develop/develop/packages/framework/tests/Feature/SourceDirectoriesCanBeChangedTest.php" line="63" class="Hyde\Framework\Testing\Feature\SourceDirectoriesCanBeChangedTest" classname="Hyde.Framework.Testing.Feature.SourceDirectoriesCanBeChangedTest" assertions="1" time="0.003032"/>
        <testcase name="testAutodiscoveryDiscoversPostsInCustomDirectory" file="/home/runner/work/develop/develop/packages/framework/tests/Feature/SourceDirectoriesCanBeChangedTest.php" line="73" class="Hyde\Framework\Testing\Feature\SourceDirectoriesCanBeChangedTest" classname="Hyde.Framework.Testing.Feature.SourceDirectoriesCanBeChangedTest" assertions="1" time="0.009934"/>
        <testcase name="testAutodiscoveryDiscoversPostsInCustomSubdirectory" file="/home/runner/work/develop/develop/packages/framework/tests/Feature/SourceDirectoriesCanBeChangedTest.php" line="86" class="Hyde\Framework\Testing\Feature\SourceDirectoriesCanBeChangedTest" classname="Hyde.Framework.Testing.Feature.SourceDirectoriesCanBeChangedTest" assertions="1" time="0.009489"/>
      </testsuite>
      <testsuite name="Hyde\Framework\Testing\Feature\SourceFileParserTest" file="/home/runner/work/develop/develop/packages/framework/tests/Feature/SourceFileParserTest.php" tests="8" assertions="20" errors="0" failures="0" skipped="0" time="0.043244">
        <testcase name="testBladePageParser" file="/home/runner/work/develop/develop/packages/framework/tests/Feature/SourceFileParserTest.php" line="20" class="Hyde\Framework\Testing\Feature\SourceFileParserTest" classname="Hyde.Framework.Testing.Feature.SourceFileParserTest" assertions="2" time="0.005223"/>
        <testcase name="testMarkdownPageParser" file="/home/runner/work/develop/develop/packages/framework/tests/Feature/SourceFileParserTest.php" line="30" class="Hyde\Framework\Testing\Feature\SourceFileParserTest" classname="Hyde.Framework.Testing.Feature.SourceFileParserTest" assertions="4" time="0.005605"/>
        <testcase name="testMarkdownPostParser" file="/home/runner/work/develop/develop/packages/framework/tests/Feature/SourceFileParserTest.php" line="42" class="Hyde\Framework\Testing\Feature\SourceFileParserTest" classname="Hyde.Framework.Testing.Feature.SourceFileParserTest" assertions="4" time="0.006144"/>
        <testcase name="testDocumentationPageParser" file="/home/runner/work/develop/develop/packages/framework/tests/Feature/SourceFileParserTest.php" line="54" class="Hyde\Framework\Testing\Feature\SourceFileParserTest" classname="Hyde.Framework.Testing.Feature.SourceFileParserTest" assertions="4" time="0.005566"/>
        <testcase name="testHtmlPageParser" file="/home/runner/work/develop/develop/packages/framework/tests/Feature/SourceFileParserTest.php" line="66" class="Hyde\Framework\Testing\Feature\SourceFileParserTest" classname="Hyde.Framework.Testing.Feature.SourceFileParserTest" assertions="3" time="0.005114"/>
        <testcase name="testParsedPageIsRunThroughDynamicConstructor" file="/home/runner/work/develop/develop/packages/framework/tests/Feature/SourceFileParserTest.php" line="77" class="Hyde\Framework\Testing\Feature\SourceFileParserTest" classname="Hyde.Framework.Testing.Feature.SourceFileParserTest" assertions="1" time="0.005395"/>
        <testcase name="testBladePageDataIsParsedToFrontMatter" file="/home/runner/work/develop/develop/packages/framework/tests/Feature/SourceFileParserTest.php" line="84" class="Hyde\Framework\Testing\Feature\SourceFileParserTest" classname="Hyde.Framework.Testing.Feature.SourceFileParserTest" assertions="1" time="0.005116"/>
        <testcase name="testBladePageMatterIsUsedForThePageTitle" file="/home/runner/work/develop/develop/packages/framework/tests/Feature/SourceFileParserTest.php" line="91" class="Hyde\Framework\Testing\Feature\SourceFileParserTest" classname="Hyde.Framework.Testing.Feature.SourceFileParserTest" assertions="1" time="0.005080"/>
      </testsuite>
      <testsuite name="Hyde\Framework\Testing\Feature\StaticPageBuilderTest" file="/home/runner/work/develop/develop/packages/framework/tests/Feature/StaticPageBuilderTest.php" tests="13" assertions="73" errors="0" failures="0" skipped="0" time="0.215592">
        <testcase name="testCanBuildBladePage" file="/home/runner/work/develop/develop/packages/framework/tests/Feature/StaticPageBuilderTest.php" line="55" class="Hyde\Framework\Testing\Feature\StaticPageBuilderTest" classname="Hyde.Framework.Testing.Feature.StaticPageBuilderTest" assertions="3" time="0.010576"/>
        <testcase name="testCanBuildMarkdownPost" file="/home/runner/work/develop/develop/packages/framework/tests/Feature/StaticPageBuilderTest.php" line="70" class="Hyde\Framework\Testing\Feature\StaticPageBuilderTest" classname="Hyde.Framework.Testing.Feature.StaticPageBuilderTest" assertions="10" time="0.019044"/>
        <testcase name="testCanBuildMarkdownPage" file="/home/runner/work/develop/develop/packages/framework/tests/Feature/StaticPageBuilderTest.php" line="83" class="Hyde\Framework\Testing\Feature\StaticPageBuilderTest" classname="Hyde.Framework.Testing.Feature.StaticPageBuilderTest" assertions="10" time="0.017385"/>
        <testcase name="testCanBuildDocumentationPage" file="/home/runner/work/develop/develop/packages/framework/tests/Feature/StaticPageBuilderTest.php" line="94" class="Hyde\Framework\Testing\Feature\StaticPageBuilderTest" classname="Hyde.Framework.Testing.Feature.StaticPageBuilderTest" assertions="10" time="0.019040"/>
        <testcase name="testCanBuildHtmlPage" file="/home/runner/work/develop/develop/packages/framework/tests/Feature/StaticPageBuilderTest.php" line="104" class="Hyde\Framework\Testing\Feature\StaticPageBuilderTest" classname="Hyde.Framework.Testing.Feature.StaticPageBuilderTest" assertions="3" time="0.009858"/>
        <testcase name="testCanBuildNestedHtmlPage" file="/home/runner/work/develop/develop/packages/framework/tests/Feature/StaticPageBuilderTest.php" line="116" class="Hyde\Framework\Testing\Feature\StaticPageBuilderTest" classname="Hyde.Framework.Testing.Feature.StaticPageBuilderTest" assertions="3" time="0.010247"/>
        <testcase name="testCreatesCustomDocumentationDirectory" file="/home/runner/work/develop/develop/packages/framework/tests/Feature/StaticPageBuilderTest.php" line="132" class="Hyde\Framework\Testing\Feature\StaticPageBuilderTest" classname="Hyde.Framework.Testing.Feature.StaticPageBuilderTest" assertions="10" time="0.019681"/>
        <testcase name="testSiteDirectoryCanBeCustomized" file="/home/runner/work/develop/develop/packages/framework/tests/Feature/StaticPageBuilderTest.php" line="146" class="Hyde\Framework\Testing\Feature\StaticPageBuilderTest" classname="Hyde.Framework.Testing.Feature.StaticPageBuilderTest" assertions="10" time="0.017304"/>
        <testcase name="testSiteDirectoryCanBeCustomizedWithNestedPages" file="/home/runner/work/develop/develop/packages/framework/tests/Feature/StaticPageBuilderTest.php" line="158" class="Hyde\Framework\Testing\Feature\StaticPageBuilderTest" classname="Hyde.Framework.Testing.Feature.StaticPageBuilderTest" assertions="10" time="0.029996"/>
        <testcase name="testCanRebuildBladePage" file="/home/runner/work/develop/develop/packages/framework/tests/Feature/StaticPageBuilderTest.php" line="170" class="Hyde\Framework\Testing\Feature\StaticPageBuilderTest" classname="Hyde.Framework.Testing.Feature.StaticPageBuilderTest" assertions="1" time="0.009441"/>
        <testcase name="testCanRebuildMarkdownPage" file="/home/runner/work/develop/develop/packages/framework/tests/Feature/StaticPageBuilderTest.php" line="179" class="Hyde\Framework\Testing\Feature\StaticPageBuilderTest" classname="Hyde.Framework.Testing.Feature.StaticPageBuilderTest" assertions="1" time="0.017458"/>
        <testcase name="testCanRebuildMarkdownPost" file="/home/runner/work/develop/develop/packages/framework/tests/Feature/StaticPageBuilderTest.php" line="188" class="Hyde\Framework\Testing\Feature\StaticPageBuilderTest" classname="Hyde.Framework.Testing.Feature.StaticPageBuilderTest" assertions="1" time="0.018279"/>
        <testcase name="testCanRebuildDocumentationPage" file="/home/runner/work/develop/develop/packages/framework/tests/Feature/StaticPageBuilderTest.php" line="197" class="Hyde\Framework\Testing\Feature\StaticPageBuilderTest" classname="Hyde.Framework.Testing.Feature.StaticPageBuilderTest" assertions="1" time="0.017285"/>
      </testsuite>
      <testsuite name="Hyde\Framework\Testing\Feature\StaticSiteBuilderDocumentationModuleTest" file="/home/runner/work/develop/develop/packages/framework/tests/Feature/StaticSiteBuilderDocumentationModuleTest.php" tests="3" assertions="7" errors="0" failures="0" skipped="0" time="0.056466">
        <testcase name="testCanCreatePage" file="/home/runner/work/develop/develop/packages/framework/tests/Feature/StaticSiteBuilderDocumentationModuleTest.php" line="45" class="Hyde\Framework\Testing\Feature\StaticSiteBuilderDocumentationModuleTest" classname="Hyde.Framework.Testing.Feature.StaticSiteBuilderDocumentationModuleTest" assertions="1" time="0.018567"/>
        <testcase name="testPageContainsExpectedContent" file="/home/runner/work/develop/develop/packages/framework/tests/Feature/StaticSiteBuilderDocumentationModuleTest.php" line="54" class="Hyde\Framework\Testing\Feature\StaticSiteBuilderDocumentationModuleTest" classname="Hyde.Framework.Testing.Feature.StaticSiteBuilderDocumentationModuleTest" assertions="3" time="0.018135"/>
        <testcase name="testCanCompilePageToRootOutputDirectory" file="/home/runner/work/develop/develop/packages/framework/tests/Feature/StaticSiteBuilderDocumentationModuleTest.php" line="63" class="Hyde\Framework\Testing\Feature\StaticSiteBuilderDocumentationModuleTest" classname="Hyde.Framework.Testing.Feature.StaticSiteBuilderDocumentationModuleTest" assertions="3" time="0.019764"/>
      </testsuite>
      <testsuite name="Hyde\Framework\Testing\Feature\StaticSiteBuilderPostModuleTest" file="/home/runner/work/develop/develop/packages/framework/tests/Feature/StaticSiteBuilderPostModuleTest.php" tests="7" assertions="38" errors="0" failures="0" skipped="0" time="0.125562">
        <testcase name="testCanCreatePost" file="/home/runner/work/develop/develop/packages/framework/tests/Feature/StaticSiteBuilderPostModuleTest.php" line="58" class="Hyde\Framework\Testing\Feature\StaticSiteBuilderPostModuleTest" classname="Hyde.Framework.Testing.Feature.StaticSiteBuilderPostModuleTest" assertions="1" time="0.017596"/>
        <testcase name="testPostContainsExpectedContent" file="/home/runner/work/develop/develop/packages/framework/tests/Feature/StaticSiteBuilderPostModuleTest.php" line="65" class="Hyde\Framework\Testing\Feature\StaticSiteBuilderPostModuleTest" classname="Hyde.Framework.Testing.Feature.StaticSiteBuilderPostModuleTest" assertions="6" time="0.017606"/>
        <testcase name="testPostContainsExpectedElements" file="/home/runner/work/develop/develop/packages/framework/tests/Feature/StaticSiteBuilderPostModuleTest.php" line="77" class="Hyde\Framework\Testing\Feature\StaticSiteBuilderPostModuleTest" classname="Hyde.Framework.Testing.Feature.StaticSiteBuilderPostModuleTest" assertions="11" time="0.018224"/>
        <testcase name="testPostContainsExpectedMetaTags" file="/home/runner/work/develop/develop/packages/framework/tests/Feature/StaticSiteBuilderPostModuleTest.php" line="94" class="Hyde\Framework\Testing\Feature\StaticSiteBuilderPostModuleTest" classname="Hyde.Framework.Testing.Feature.StaticSiteBuilderPostModuleTest" assertions="6" time="0.017808"/>
        <testcase name="testPostContainsExpectedItemprops" file="/home/runner/work/develop/develop/packages/framework/tests/Feature/StaticSiteBuilderPostModuleTest.php" line="106" class="Hyde\Framework\Testing\Feature\StaticSiteBuilderPostModuleTest" classname="Hyde.Framework.Testing.Feature.StaticSiteBuilderPostModuleTest" assertions="8" time="0.019336"/>
        <testcase name="testPostContainsExpectedAriaSupport" file="/home/runner/work/develop/develop/packages/framework/tests/Feature/StaticSiteBuilderPostModuleTest.php" line="120" class="Hyde\Framework\Testing\Feature\StaticSiteBuilderPostModuleTest" classname="Hyde.Framework.Testing.Feature.StaticSiteBuilderPostModuleTest" assertions="3" time="0.017394"/>
        <testcase name="testPostImageIsResolvedRelatively" file="/home/runner/work/develop/develop/packages/framework/tests/Feature/StaticSiteBuilderPostModuleTest.php" line="129" class="Hyde\Framework\Testing\Feature\StaticSiteBuilderPostModuleTest" classname="Hyde.Framework.Testing.Feature.StaticSiteBuilderPostModuleTest" assertions="3" time="0.017598"/>
      </testsuite>
      <testsuite name="Hyde\Framework\Testing\Feature\StaticSiteServiceTest" file="/home/runner/work/develop/develop/packages/framework/tests/Feature/StaticSiteServiceTest.php" tests="23" assertions="79" errors="0" failures="0" skipped="0" time="0.622637">
        <testcase name="testBuildCommandContainsExpectedOutput" file="/home/runner/work/develop/develop/packages/framework/tests/Feature/StaticSiteServiceTest.php" line="34" class="Hyde\Framework\Testing\Feature\StaticSiteServiceTest" classname="Hyde.Framework.Testing.Feature.StaticSiteServiceTest" assertions="4" time="0.023128"/>
        <testcase name="testBuildCommandCreatesHtmlFiles" file="/home/runner/work/develop/develop/packages/framework/tests/Feature/StaticSiteServiceTest.php" line="43" class="Hyde\Framework\Testing\Feature\StaticSiteServiceTest" classname="Hyde.Framework.Testing.Feature.StaticSiteServiceTest" assertions="3" time="0.034190"/>
        <testcase name="testBuildCommandTransfersMediaAssetFiles" file="/home/runner/work/develop/develop/packages/framework/tests/Feature/StaticSiteServiceTest.php" line="54" class="Hyde\Framework\Testing\Feature\StaticSiteServiceTest" classname="Hyde.Framework.Testing.Feature.StaticSiteServiceTest" assertions="3" time="0.020200"/>
        <testcase name="testBuildCommandTransfersMediaAssetFilesRecursively" file="/home/runner/work/develop/develop/packages/framework/tests/Feature/StaticSiteServiceTest.php" line="63" class="Hyde\Framework\Testing\Feature\StaticSiteServiceTest" classname="Hyde.Framework.Testing.Feature.StaticSiteServiceTest" assertions="4" time="0.021437"/>
        <testcase name="testAllPageTypesCanBeCompiled" file="/home/runner/work/develop/develop/packages/framework/tests/Feature/StaticSiteServiceTest.php" line="72" class="Hyde\Framework\Testing\Feature\StaticSiteServiceTest" classname="Hyde.Framework.Testing.Feature.StaticSiteServiceTest" assertions="12" time="0.081352"/>
        <testcase name="testOnlyProgressBarsForTypesWithPagesAreShown" file="/home/runner/work/develop/develop/packages/framework/tests/Feature/StaticSiteServiceTest.php" line="102" class="Hyde\Framework\Testing\Feature\StaticSiteServiceTest" classname="Hyde.Framework.Testing.Feature.StaticSiteServiceTest" assertions="9" time="0.036800"/>
        <testcase name="testPrintInitialInformationAllowsApiToBeDisabled" file="/home/runner/work/develop/develop/packages/framework/tests/Feature/StaticSiteServiceTest.php" line="122" class="Hyde\Framework\Testing\Feature\StaticSiteServiceTest" classname="Hyde.Framework.Testing.Feature.StaticSiteServiceTest" assertions="2" time="0.020934"/>
        <testcase name="testNodeActionOutputs" file="/home/runner/work/develop/develop/packages/framework/tests/Feature/StaticSiteServiceTest.php" line="129" class="Hyde\Framework\Testing\Feature\StaticSiteServiceTest" classname="Hyde.Framework.Testing.Feature.StaticSiteServiceTest" assertions="4" time="0.024974"/>
        <testcase name="testPrettyUrlsOptionOutput" file="/home/runner/work/develop/develop/packages/framework/tests/Feature/StaticSiteServiceTest.php" line="138" class="Hyde\Framework\Testing\Feature\StaticSiteServiceTest" classname="Hyde.Framework.Testing.Feature.StaticSiteServiceTest" assertions="2" time="0.021164"/>
        <testcase name="testSitemapIsNotGeneratedWhenConditionsAreNotMet" file="/home/runner/work/develop/develop/packages/framework/tests/Feature/StaticSiteServiceTest.php" line="145" class="Hyde\Framework\Testing\Feature\StaticSiteServiceTest" classname="Hyde.Framework.Testing.Feature.StaticSiteServiceTest" assertions="2" time="0.020151"/>
        <testcase name="testSitemapIsGeneratedWhenConditionsAreMet" file="/home/runner/work/develop/develop/packages/framework/tests/Feature/StaticSiteServiceTest.php" line="155" class="Hyde\Framework\Testing\Feature\StaticSiteServiceTest" classname="Hyde.Framework.Testing.Feature.StaticSiteServiceTest" assertions="1" time="0.019771"/>
        <testcase name="testRssFeedIsNotGeneratedWhenConditionsAreNotMet" file="/home/runner/work/develop/develop/packages/framework/tests/Feature/StaticSiteServiceTest.php" line="166" class="Hyde\Framework\Testing\Feature\StaticSiteServiceTest" classname="Hyde.Framework.Testing.Feature.StaticSiteServiceTest" assertions="2" time="0.018998"/>
        <testcase name="testRssFeedIsGeneratedWhenConditionsAreMet" file="/home/runner/work/develop/develop/packages/framework/tests/Feature/StaticSiteServiceTest.php" line="176" class="Hyde\Framework\Testing\Feature\StaticSiteServiceTest" classname="Hyde.Framework.Testing.Feature.StaticSiteServiceTest" assertions="1" time="0.033782"/>
        <testcase name="testDoesNotGenerateSearchFilesWhenConditionsAreNotMet" file="/home/runner/work/develop/develop/packages/framework/tests/Feature/StaticSiteServiceTest.php" line="191" class="Hyde\Framework\Testing\Feature\StaticSiteServiceTest" classname="Hyde.Framework.Testing.Feature.StaticSiteServiceTest" assertions="3" time="0.020859"/>
        <testcase name="testGeneratesSearchFilesWhenConditionsAreMet" file="/home/runner/work/develop/develop/packages/framework/tests/Feature/StaticSiteServiceTest.php" line="199" class="Hyde\Framework\Testing\Feature\StaticSiteServiceTest" classname="Hyde.Framework.Testing.Feature.StaticSiteServiceTest" assertions="1" time="0.047861"/>
        <testcase name="testSiteDirectoryIsEmptiedBeforeBuild" file="/home/runner/work/develop/develop/packages/framework/tests/Feature/StaticSiteServiceTest.php" line="211" class="Hyde\Framework\Testing\Feature\StaticSiteServiceTest" classname="Hyde.Framework.Testing.Feature.StaticSiteServiceTest" assertions="3" time="0.020855"/>
        <testcase name="testOutputDirectoryIsNotEmptiedIfDisabledInConfig" file="/home/runner/work/develop/develop/packages/framework/tests/Feature/StaticSiteServiceTest.php" line="220" class="Hyde\Framework\Testing\Feature\StaticSiteServiceTest" classname="Hyde.Framework.Testing.Feature.StaticSiteServiceTest" assertions="3" time="0.020268"/>
        <testcase name="testAbortsWhenNonStandardDirectoryIsEmptied" file="/home/runner/work/develop/develop/packages/framework/tests/Feature/StaticSiteServiceTest.php" line="233" class="Hyde\Framework\Testing\Feature\StaticSiteServiceTest" classname="Hyde.Framework.Testing.Feature.StaticSiteServiceTest" assertions="5" time="0.021605"/>
        <testcase name="testWithoutWarnings" file="/home/runner/work/develop/develop/packages/framework/tests/Feature/StaticSiteServiceTest.php" line="250" class="Hyde\Framework\Testing\Feature\StaticSiteServiceTest" classname="Hyde.Framework.Testing.Feature.StaticSiteServiceTest" assertions="2" time="0.020554"/>
        <testcase name="testWithWarnings" file="/home/runner/work/develop/develop/packages/framework/tests/Feature/StaticSiteServiceTest.php" line="257" class="Hyde\Framework\Testing\Feature\StaticSiteServiceTest" classname="Hyde.Framework.Testing.Feature.StaticSiteServiceTest" assertions="3" time="0.021696"/>
        <testcase name="testWithWarningsAndVerbose" file="/home/runner/work/develop/develop/packages/framework/tests/Feature/StaticSiteServiceTest.php" line="267" class="Hyde\Framework\Testing\Feature\StaticSiteServiceTest" classname="Hyde.Framework.Testing.Feature.StaticSiteServiceTest" assertions="4" time="0.022302"/>
        <testcase name="testWithWarningsButWarningsAreDisabled" file="/home/runner/work/develop/develop/packages/framework/tests/Feature/StaticSiteServiceTest.php" line="278" class="Hyde\Framework\Testing\Feature\StaticSiteServiceTest" classname="Hyde.Framework.Testing.Feature.StaticSiteServiceTest" assertions="2" time="0.020784"/>
        <testcase name="testWithWarningsConvertedToExceptions" file="/home/runner/work/develop/develop/packages/framework/tests/Feature/StaticSiteServiceTest.php" line="288" class="Hyde\Framework\Testing\Feature\StaticSiteServiceTest" classname="Hyde.Framework.Testing.Feature.StaticSiteServiceTest" assertions="4" time="0.028971"/>
      </testsuite>
      <testsuite name="Hyde\Framework\Testing\Feature\Support\MediaFileTest" file="/home/runner/work/develop/develop/packages/framework/tests/Feature/Support/MediaFileTest.php" tests="25" assertions="32" errors="0" failures="0" skipped="0" time="0.093079">
        <testcase name="testCanConstruct" file="/home/runner/work/develop/develop/packages/framework/tests/Feature/Support/MediaFileTest.php" line="18" class="Hyde\Framework\Testing\Feature\Support\MediaFileTest" classname="Hyde.Framework.Testing.Feature.Support.MediaFileTest" assertions="2" time="0.003312"/>
        <testcase name="testCanConstructWithNestedPaths" file="/home/runner/work/develop/develop/packages/framework/tests/Feature/Support/MediaFileTest.php" line="30" class="Hyde\Framework\Testing\Feature\Support\MediaFileTest" classname="Hyde.Framework.Testing.Feature.Support.MediaFileTest" assertions="1" time="0.003136"/>
        <testcase name="testAbsolutePathIsNormalizedToRelative" file="/home/runner/work/develop/develop/packages/framework/tests/Feature/Support/MediaFileTest.php" line="35" class="Hyde\Framework\Testing\Feature\Support\MediaFileTest" classname="Hyde.Framework.Testing.Feature.Support.MediaFileTest" assertions="1" time="0.003793"/>
        <testcase name="testGetNameReturnsNameOfFile" file="/home/runner/work/develop/develop/packages/framework/tests/Feature/Support/MediaFileTest.php" line="40" class="Hyde\Framework\Testing\Feature\Support\MediaFileTest" classname="Hyde.Framework.Testing.Feature.Support.MediaFileTest" assertions="2" time="0.003264"/>
        <testcase name="testGetPathReturnsPathOfFile" file="/home/runner/work/develop/develop/packages/framework/tests/Feature/Support/MediaFileTest.php" line="46" class="Hyde\Framework\Testing\Feature\Support\MediaFileTest" classname="Hyde.Framework.Testing.Feature.Support.MediaFileTest" assertions="2" time="0.003209"/>
        <testcase name="testGetAbsolutePathReturnsAbsolutePathOfFile" file="/home/runner/work/develop/develop/packages/framework/tests/Feature/Support/MediaFileTest.php" line="52" class="Hyde\Framework\Testing\Feature\Support\MediaFileTest" classname="Hyde.Framework.Testing.Feature.Support.MediaFileTest" assertions="2" time="0.003350"/>
        <testcase name="testGetContentsReturnsContentsOfFile" file="/home/runner/work/develop/develop/packages/framework/tests/Feature/Support/MediaFileTest.php" line="58" class="Hyde\Framework\Testing\Feature\Support\MediaFileTest" classname="Hyde.Framework.Testing.Feature.Support.MediaFileTest" assertions="1" time="0.003816"/>
        <testcase name="testGetExtensionReturnsExtensionOfFile" file="/home/runner/work/develop/develop/packages/framework/tests/Feature/Support/MediaFileTest.php" line="64" class="Hyde\Framework\Testing\Feature\Support\MediaFileTest" classname="Hyde.Framework.Testing.Feature.Support.MediaFileTest" assertions="2" time="0.004232"/>
        <testcase name="testToArrayReturnsArrayOfFileProperties" file="/home/runner/work/develop/develop/packages/framework/tests/Feature/Support/MediaFileTest.php" line="73" class="Hyde\Framework\Testing\Feature\Support\MediaFileTest" classname="Hyde.Framework.Testing.Feature.Support.MediaFileTest" assertions="1" time="0.004578"/>
        <testcase name="testToArrayWithEmptyFileWithNoExtension" file="/home/runner/work/develop/develop/packages/framework/tests/Feature/Support/MediaFileTest.php" line="85" class="Hyde\Framework\Testing\Feature\Support\MediaFileTest" classname="Hyde.Framework.Testing.Feature.Support.MediaFileTest" assertions="1" time="0.005325"/>
        <testcase name="testToArrayWithFileInSubdirectory" file="/home/runner/work/develop/develop/packages/framework/tests/Feature/Support/MediaFileTest.php" line="96" class="Hyde\Framework\Testing\Feature\Support\MediaFileTest" classname="Hyde.Framework.Testing.Feature.Support.MediaFileTest" assertions="1" time="0.003646"/>
        <testcase name="testGetContentLength" file="/home/runner/work/develop/develop/packages/framework/tests/Feature/Support/MediaFileTest.php" line="110" class="Hyde\Framework\Testing\Feature\Support\MediaFileTest" classname="Hyde.Framework.Testing.Feature.Support.MediaFileTest" assertions="1" time="0.003695"/>
        <testcase name="testGetContentLengthWithEmptyFile" file="/home/runner/work/develop/develop/packages/framework/tests/Feature/Support/MediaFileTest.php" line="116" class="Hyde\Framework\Testing\Feature\Support\MediaFileTest" classname="Hyde.Framework.Testing.Feature.Support.MediaFileTest" assertions="1" time="0.003617"/>
        <testcase name="testGetContentLengthWithDirectory" file="/home/runner/work/develop/develop/packages/framework/tests/Feature/Support/MediaFileTest.php" line="122" class="Hyde\Framework\Testing\Feature\Support\MediaFileTest" classname="Hyde.Framework.Testing.Feature.Support.MediaFileTest" assertions="2" time="0.003980"/>
        <testcase name="testGetContentLengthWithNonExistentFile" file="/home/runner/work/develop/develop/packages/framework/tests/Feature/Support/MediaFileTest.php" line="131" class="Hyde\Framework\Testing\Feature\Support\MediaFileTest" classname="Hyde.Framework.Testing.Feature.Support.MediaFileTest" assertions="2" time="0.003345"/>
        <testcase name="testGetMimeType" file="/home/runner/work/develop/develop/packages/framework/tests/Feature/Support/MediaFileTest.php" line="138" class="Hyde\Framework\Testing\Feature\Support\MediaFileTest" classname="Hyde.Framework.Testing.Feature.Support.MediaFileTest" assertions="1" time="0.003694"/>
        <testcase name="testGetMimeTypeWithoutExtension" file="/home/runner/work/develop/develop/packages/framework/tests/Feature/Support/MediaFileTest.php" line="144" class="Hyde\Framework\Testing\Feature\Support\MediaFileTest" classname="Hyde.Framework.Testing.Feature.Support.MediaFileTest" assertions="1" time="0.004408"/>
        <testcase name="testGetMimeTypeWithEmptyFile" file="/home/runner/work/develop/develop/packages/framework/tests/Feature/Support/MediaFileTest.php" line="150" class="Hyde\Framework\Testing\Feature\Support\MediaFileTest" classname="Hyde.Framework.Testing.Feature.Support.MediaFileTest" assertions="1" time="0.003830"/>
        <testcase name="testGetMimeTypeWithDirectory" file="/home/runner/work/develop/develop/packages/framework/tests/Feature/Support/MediaFileTest.php" line="156" class="Hyde\Framework\Testing\Feature\Support\MediaFileTest" classname="Hyde.Framework.Testing.Feature.Support.MediaFileTest" assertions="1" time="0.003933"/>
        <testcase name="testGetMimeTypeWithNonExistentFile" file="/home/runner/work/develop/develop/packages/framework/tests/Feature/Support/MediaFileTest.php" line="162" class="Hyde\Framework\Testing\Feature\Support\MediaFileTest" classname="Hyde.Framework.Testing.Feature.Support.MediaFileTest" assertions="1" time="0.003264"/>
        <testcase name="testAllHelperReturnsAllMediaFiles" file="/home/runner/work/develop/develop/packages/framework/tests/Feature/Support/MediaFileTest.php" line="167" class="Hyde\Framework\Testing\Feature\Support\MediaFileTest" classname="Hyde.Framework.Testing.Feature.Support.MediaFileTest" assertions="1" time="0.003656"/>
        <testcase name="testAllHelperDoesNotIncludeNonMediaFiles" file="/home/runner/work/develop/develop/packages/framework/tests/Feature/Support/MediaFileTest.php" line="174" class="Hyde\Framework\Testing\Feature\Support\MediaFileTest" classname="Hyde.Framework.Testing.Feature.Support.MediaFileTest" assertions="1" time="0.004055"/>
        <testcase name="testFilesHelper" file="/home/runner/work/develop/develop/packages/framework/tests/Feature/Support/MediaFileTest.php" line="182" class="Hyde\Framework\Testing\Feature\Support\MediaFileTest" classname="Hyde.Framework.Testing.Feature.Support.MediaFileTest" assertions="1" time="0.003528"/>
        <testcase name="testGetIdentifier" file="/home/runner/work/develop/develop/packages/framework/tests/Feature/Support/MediaFileTest.php" line="187" class="Hyde\Framework\Testing\Feature\Support\MediaFileTest" classname="Hyde.Framework.Testing.Feature.Support.MediaFileTest" assertions="1" time="0.003202"/>
        <testcase name="testGetIdentifierWithSubdirectory" file="/home/runner/work/develop/develop/packages/framework/tests/Feature/Support/MediaFileTest.php" line="192" class="Hyde\Framework\Testing\Feature\Support\MediaFileTest" classname="Hyde.Framework.Testing.Feature.Support.MediaFileTest" assertions="1" time="0.003209"/>
      </testsuite>
      <testsuite name="Hyde\Framework\Testing\Feature\Support\ProjectFileTest" file="/home/runner/work/develop/develop/packages/framework/tests/Feature/Support/ProjectFileTest.php" tests="11" assertions="16" errors="0" failures="0" skipped="0" time="0.044259">
        <testcase name="testCanConstruct" file="/home/runner/work/develop/develop/packages/framework/tests/Feature/Support/ProjectFileTest.php" line="17" class="Hyde\Framework\Testing\Feature\Support\ProjectFileTest" classname="Hyde.Framework.Testing.Feature.Support.ProjectFileTest" assertions="2" time="0.003433"/>
        <testcase name="testCanConstructWithNestedPaths" file="/home/runner/work/develop/develop/packages/framework/tests/Feature/Support/ProjectFileTest.php" line="29" class="Hyde\Framework\Testing\Feature\Support\ProjectFileTest" classname="Hyde.Framework.Testing.Feature.Support.ProjectFileTest" assertions="1" time="0.003452"/>
        <testcase name="testAbsolutePathIsNormalizedToRelative" file="/home/runner/work/develop/develop/packages/framework/tests/Feature/Support/ProjectFileTest.php" line="34" class="Hyde\Framework\Testing\Feature\Support\ProjectFileTest" classname="Hyde.Framework.Testing.Feature.Support.ProjectFileTest" assertions="1" time="0.003184"/>
        <testcase name="testGetNameReturnsNameOfFile" file="/home/runner/work/develop/develop/packages/framework/tests/Feature/Support/ProjectFileTest.php" line="39" class="Hyde\Framework\Testing\Feature\Support\ProjectFileTest" classname="Hyde.Framework.Testing.Feature.Support.ProjectFileTest" assertions="2" time="0.003319"/>
        <testcase name="testGetPathReturnsPathOfFile" file="/home/runner/work/develop/develop/packages/framework/tests/Feature/Support/ProjectFileTest.php" line="45" class="Hyde\Framework\Testing\Feature\Support\ProjectFileTest" classname="Hyde.Framework.Testing.Feature.Support.ProjectFileTest" assertions="2" time="0.003234"/>
        <testcase name="testGetAbsolutePathReturnsAbsolutePathOfFile" file="/home/runner/work/develop/develop/packages/framework/tests/Feature/Support/ProjectFileTest.php" line="51" class="Hyde\Framework\Testing\Feature\Support\ProjectFileTest" classname="Hyde.Framework.Testing.Feature.Support.ProjectFileTest" assertions="2" time="0.003357"/>
        <testcase name="testGetContentsReturnsContentsOfFile" file="/home/runner/work/develop/develop/packages/framework/tests/Feature/Support/ProjectFileTest.php" line="57" class="Hyde\Framework\Testing\Feature\Support\ProjectFileTest" classname="Hyde.Framework.Testing.Feature.Support.ProjectFileTest" assertions="1" time="0.003869"/>
        <testcase name="testGetExtensionReturnsExtensionOfFile" file="/home/runner/work/develop/develop/packages/framework/tests/Feature/Support/ProjectFileTest.php" line="63" class="Hyde\Framework\Testing\Feature\Support\ProjectFileTest" classname="Hyde.Framework.Testing.Feature.Support.ProjectFileTest" assertions="2" time="0.007146"/>
        <testcase name="testToArrayReturnsArrayOfFileProperties" file="/home/runner/work/develop/develop/packages/framework/tests/Feature/Support/ProjectFileTest.php" line="72" class="Hyde\Framework\Testing\Feature\Support\ProjectFileTest" classname="Hyde.Framework.Testing.Feature.Support.ProjectFileTest" assertions="1" time="0.004849"/>
        <testcase name="testToArrayWithEmptyFileWithNoExtension" file="/home/runner/work/develop/develop/packages/framework/tests/Feature/Support/ProjectFileTest.php" line="82" class="Hyde\Framework\Testing\Feature\Support\ProjectFileTest" classname="Hyde.Framework.Testing.Feature.Support.ProjectFileTest" assertions="1" time="0.004283"/>
        <testcase name="testToArrayWithFileInSubdirectory" file="/home/runner/work/develop/develop/packages/framework/tests/Feature/Support/ProjectFileTest.php" line="91" class="Hyde\Framework\Testing\Feature\Support\ProjectFileTest" classname="Hyde.Framework.Testing.Feature.Support.ProjectFileTest" assertions="1" time="0.004134"/>
      </testsuite>
      <testsuite name="Hyde\Framework\Testing\Feature\Support\SourceFileTest" file="/home/runner/work/develop/develop/packages/framework/tests/Feature/Support/SourceFileTest.php" tests="13" assertions="21" errors="0" failures="0" skipped="0" time="0.054296">
        <testcase name="testCanConstruct" file="/home/runner/work/develop/develop/packages/framework/tests/Feature/Support/SourceFileTest.php" line="19" class="Hyde\Framework\Testing\Feature\Support\SourceFileTest" classname="Hyde.Framework.Testing.Feature.Support.SourceFileTest" assertions="3" time="0.003741"/>
        <testcase name="testCanConstructWithModelClass" file="/home/runner/work/develop/develop/packages/framework/tests/Feature/Support/SourceFileTest.php" line="28" class="Hyde\Framework\Testing\Feature\Support\SourceFileTest" classname="Hyde.Framework.Testing.Feature.Support.SourceFileTest" assertions="3" time="0.004038"/>
        <testcase name="testCanMakeWithModelClass" file="/home/runner/work/develop/develop/packages/framework/tests/Feature/Support/SourceFileTest.php" line="42" class="Hyde\Framework\Testing\Feature\Support\SourceFileTest" classname="Hyde.Framework.Testing.Feature.Support.SourceFileTest" assertions="1" time="0.005245"/>
        <testcase name="testCanConstructWithNestedPaths" file="/home/runner/work/develop/develop/packages/framework/tests/Feature/Support/SourceFileTest.php" line="48" class="Hyde\Framework\Testing\Feature\Support\SourceFileTest" classname="Hyde.Framework.Testing.Feature.Support.SourceFileTest" assertions="1" time="0.005138"/>
        <testcase name="testAbsolutePathIsNormalizedToRelative" file="/home/runner/work/develop/develop/packages/framework/tests/Feature/Support/SourceFileTest.php" line="53" class="Hyde\Framework\Testing\Feature\Support\SourceFileTest" classname="Hyde.Framework.Testing.Feature.Support.SourceFileTest" assertions="1" time="0.004349"/>
        <testcase name="testGetNameReturnsNameOfFile" file="/home/runner/work/develop/develop/packages/framework/tests/Feature/Support/SourceFileTest.php" line="58" class="Hyde\Framework\Testing\Feature\Support\SourceFileTest" classname="Hyde.Framework.Testing.Feature.Support.SourceFileTest" assertions="2" time="0.004728"/>
        <testcase name="testGetPathReturnsPathOfFile" file="/home/runner/work/develop/develop/packages/framework/tests/Feature/Support/SourceFileTest.php" line="64" class="Hyde\Framework\Testing\Feature\Support\SourceFileTest" classname="Hyde.Framework.Testing.Feature.Support.SourceFileTest" assertions="2" time="0.004139"/>
        <testcase name="testGetAbsolutePathReturnsAbsolutePathOfFile" file="/home/runner/work/develop/develop/packages/framework/tests/Feature/Support/SourceFileTest.php" line="70" class="Hyde\Framework\Testing\Feature\Support\SourceFileTest" classname="Hyde.Framework.Testing.Feature.Support.SourceFileTest" assertions="2" time="0.003373"/>
        <testcase name="testGetContentsReturnsContentsOfFile" file="/home/runner/work/develop/develop/packages/framework/tests/Feature/Support/SourceFileTest.php" line="76" class="Hyde\Framework\Testing\Feature\Support\SourceFileTest" classname="Hyde.Framework.Testing.Feature.Support.SourceFileTest" assertions="1" time="0.004074"/>
        <testcase name="testGetExtensionReturnsExtensionOfFile" file="/home/runner/work/develop/develop/packages/framework/tests/Feature/Support/SourceFileTest.php" line="82" class="Hyde\Framework\Testing\Feature\Support\SourceFileTest" classname="Hyde.Framework.Testing.Feature.Support.SourceFileTest" assertions="2" time="0.004180"/>
        <testcase name="testToArrayReturnsArrayOfFileProperties" file="/home/runner/work/develop/develop/packages/framework/tests/Feature/Support/SourceFileTest.php" line="91" class="Hyde\Framework\Testing\Feature\Support\SourceFileTest" classname="Hyde.Framework.Testing.Feature.Support.SourceFileTest" assertions="1" time="0.003744"/>
        <testcase name="testToArrayWithEmptyFileWithNoExtension" file="/home/runner/work/develop/develop/packages/framework/tests/Feature/Support/SourceFileTest.php" line="102" class="Hyde\Framework\Testing\Feature\Support\SourceFileTest" classname="Hyde.Framework.Testing.Feature.Support.SourceFileTest" assertions="1" time="0.003929"/>
        <testcase name="testToArrayWithFileInSubdirectory" file="/home/runner/work/develop/develop/packages/framework/tests/Feature/Support/SourceFileTest.php" line="112" class="Hyde\Framework\Testing\Feature\Support\SourceFileTest" classname="Hyde.Framework.Testing.Feature.Support.SourceFileTest" assertions="1" time="0.003618"/>
      </testsuite>
      <testsuite name="Hyde\Framework\Testing\Feature\TypedConfigFacadeTest" file="/home/runner/work/develop/develop/packages/framework/tests/Feature/TypedConfigFacadeTest.php" tests="27" assertions="29" errors="0" failures="0" skipped="0" time="0.087238">
        <testcase name="testGetArray" file="/home/runner/work/develop/develop/packages/framework/tests/Feature/TypedConfigFacadeTest.php" line="17" class="Hyde\Framework\Testing\Feature\TypedConfigFacadeTest" classname="Hyde.Framework.Testing.Feature.TypedConfigFacadeTest" assertions="1" time="0.003232"/>
        <testcase name="testGetString" file="/home/runner/work/develop/develop/packages/framework/tests/Feature/TypedConfigFacadeTest.php" line="23" class="Hyde\Framework\Testing\Feature\TypedConfigFacadeTest" classname="Hyde.Framework.Testing.Feature.TypedConfigFacadeTest" assertions="1" time="0.003025"/>
        <testcase name="testGetBool" file="/home/runner/work/develop/develop/packages/framework/tests/Feature/TypedConfigFacadeTest.php" line="29" class="Hyde\Framework\Testing\Feature\TypedConfigFacadeTest" classname="Hyde.Framework.Testing.Feature.TypedConfigFacadeTest" assertions="1" time="0.003011"/>
        <testcase name="testGetInt" file="/home/runner/work/develop/develop/packages/framework/tests/Feature/TypedConfigFacadeTest.php" line="35" class="Hyde\Framework\Testing\Feature\TypedConfigFacadeTest" classname="Hyde.Framework.Testing.Feature.TypedConfigFacadeTest" assertions="1" time="0.003044"/>
        <testcase name="testGetFloat" file="/home/runner/work/develop/develop/packages/framework/tests/Feature/TypedConfigFacadeTest.php" line="41" class="Hyde\Framework\Testing\Feature\TypedConfigFacadeTest" classname="Hyde.Framework.Testing.Feature.TypedConfigFacadeTest" assertions="1" time="0.003031"/>
        <testcase name="testGetArrayWithDefaultValue" file="/home/runner/work/develop/develop/packages/framework/tests/Feature/TypedConfigFacadeTest.php" line="47" class="Hyde\Framework\Testing\Feature\TypedConfigFacadeTest" classname="Hyde.Framework.Testing.Feature.TypedConfigFacadeTest" assertions="1" time="0.003072"/>
        <testcase name="testGetStringWithDefaultValue" file="/home/runner/work/develop/develop/packages/framework/tests/Feature/TypedConfigFacadeTest.php" line="52" class="Hyde\Framework\Testing\Feature\TypedConfigFacadeTest" classname="Hyde.Framework.Testing.Feature.TypedConfigFacadeTest" assertions="1" time="0.003048"/>
        <testcase name="testGetBoolWithDefaultValue" file="/home/runner/work/develop/develop/packages/framework/tests/Feature/TypedConfigFacadeTest.php" line="57" class="Hyde\Framework\Testing\Feature\TypedConfigFacadeTest" classname="Hyde.Framework.Testing.Feature.TypedConfigFacadeTest" assertions="1" time="0.003036"/>
        <testcase name="testGetIntWithDefaultValue" file="/home/runner/work/develop/develop/packages/framework/tests/Feature/TypedConfigFacadeTest.php" line="62" class="Hyde\Framework\Testing\Feature\TypedConfigFacadeTest" classname="Hyde.Framework.Testing.Feature.TypedConfigFacadeTest" assertions="1" time="0.003084"/>
        <testcase name="testGetFloatWithDefaultValue" file="/home/runner/work/develop/develop/packages/framework/tests/Feature/TypedConfigFacadeTest.php" line="67" class="Hyde\Framework\Testing\Feature\TypedConfigFacadeTest" classname="Hyde.Framework.Testing.Feature.TypedConfigFacadeTest" assertions="1" time="0.003096"/>
        <testcase name="testGetArrayWithStrictMode" file="/home/runner/work/develop/develop/packages/framework/tests/Feature/TypedConfigFacadeTest.php" line="72" class="Hyde\Framework\Testing\Feature\TypedConfigFacadeTest" classname="Hyde.Framework.Testing.Feature.TypedConfigFacadeTest" assertions="1" time="0.003491"/>
        <testcase name="testGetStringWithStrictMode" file="/home/runner/work/develop/develop/packages/framework/tests/Feature/TypedConfigFacadeTest.php" line="77" class="Hyde\Framework\Testing\Feature\TypedConfigFacadeTest" classname="Hyde.Framework.Testing.Feature.TypedConfigFacadeTest" assertions="1" time="0.003512"/>
        <testcase name="testGetBoolWithStrictMode" file="/home/runner/work/develop/develop/packages/framework/tests/Feature/TypedConfigFacadeTest.php" line="82" class="Hyde\Framework\Testing\Feature\TypedConfigFacadeTest" classname="Hyde.Framework.Testing.Feature.TypedConfigFacadeTest" assertions="1" time="0.003816"/>
        <testcase name="testGetIntWithStrictMode" file="/home/runner/work/develop/develop/packages/framework/tests/Feature/TypedConfigFacadeTest.php" line="87" class="Hyde\Framework\Testing\Feature\TypedConfigFacadeTest" classname="Hyde.Framework.Testing.Feature.TypedConfigFacadeTest" assertions="1" time="0.003097"/>
        <testcase name="testGetFloatWithStrictMode" file="/home/runner/work/develop/develop/packages/framework/tests/Feature/TypedConfigFacadeTest.php" line="92" class="Hyde\Framework\Testing\Feature\TypedConfigFacadeTest" classname="Hyde.Framework.Testing.Feature.TypedConfigFacadeTest" assertions="1" time="0.003115"/>
        <testcase name="testGetArrayWithFailingStrictMode" file="/home/runner/work/develop/develop/packages/framework/tests/Feature/TypedConfigFacadeTest.php" line="97" class="Hyde\Framework\Testing\Feature\TypedConfigFacadeTest" classname="Hyde.Framework.Testing.Feature.TypedConfigFacadeTest" assertions="1" time="0.003110"/>
        <testcase name="testGetStringWithFailingStrictMode" file="/home/runner/work/develop/develop/packages/framework/tests/Feature/TypedConfigFacadeTest.php" line="103" class="Hyde\Framework\Testing\Feature\TypedConfigFacadeTest" classname="Hyde.Framework.Testing.Feature.TypedConfigFacadeTest" assertions="1" time="0.003190"/>
        <testcase name="testGetBoolWithFailingStrictMode" file="/home/runner/work/develop/develop/packages/framework/tests/Feature/TypedConfigFacadeTest.php" line="109" class="Hyde\Framework\Testing\Feature\TypedConfigFacadeTest" classname="Hyde.Framework.Testing.Feature.TypedConfigFacadeTest" assertions="1" time="0.003152"/>
        <testcase name="testGetIntWithFailingStrictMode" file="/home/runner/work/develop/develop/packages/framework/tests/Feature/TypedConfigFacadeTest.php" line="115" class="Hyde\Framework\Testing\Feature\TypedConfigFacadeTest" classname="Hyde.Framework.Testing.Feature.TypedConfigFacadeTest" assertions="1" time="0.003123"/>
        <testcase name="testGetFloatWithFailingStrictMode" file="/home/runner/work/develop/develop/packages/framework/tests/Feature/TypedConfigFacadeTest.php" line="121" class="Hyde\Framework\Testing\Feature\TypedConfigFacadeTest" classname="Hyde.Framework.Testing.Feature.TypedConfigFacadeTest" assertions="1" time="0.003446"/>
        <testcase name="testGetArrayWithArray" file="/home/runner/work/develop/develop/packages/framework/tests/Feature/TypedConfigFacadeTest.php" line="127" class="Hyde\Framework\Testing\Feature\TypedConfigFacadeTest" classname="Hyde.Framework.Testing.Feature.TypedConfigFacadeTest" assertions="1" time="0.003129"/>
        <testcase name="testGetStringWithString" file="/home/runner/work/develop/develop/packages/framework/tests/Feature/TypedConfigFacadeTest.php" line="132" class="Hyde\Framework\Testing\Feature\TypedConfigFacadeTest" classname="Hyde.Framework.Testing.Feature.TypedConfigFacadeTest" assertions="1" time="0.003363"/>
        <testcase name="testGetBoolWithBool" file="/home/runner/work/develop/develop/packages/framework/tests/Feature/TypedConfigFacadeTest.php" line="137" class="Hyde\Framework\Testing\Feature\TypedConfigFacadeTest" classname="Hyde.Framework.Testing.Feature.TypedConfigFacadeTest" assertions="1" time="0.003084"/>
        <testcase name="testGetIntWithInt" file="/home/runner/work/develop/develop/packages/framework/tests/Feature/TypedConfigFacadeTest.php" line="142" class="Hyde\Framework\Testing\Feature\TypedConfigFacadeTest" classname="Hyde.Framework.Testing.Feature.TypedConfigFacadeTest" assertions="1" time="0.003079"/>
        <testcase name="testGetFloatWithFloat" file="/home/runner/work/develop/develop/packages/framework/tests/Feature/TypedConfigFacadeTest.php" line="147" class="Hyde\Framework\Testing\Feature\TypedConfigFacadeTest" classname="Hyde.Framework.Testing.Feature.TypedConfigFacadeTest" assertions="1" time="0.003270"/>
        <testcase name="testGetNullableString" file="/home/runner/work/develop/develop/packages/framework/tests/Feature/TypedConfigFacadeTest.php" line="152" class="Hyde\Framework\Testing\Feature\TypedConfigFacadeTest" classname="Hyde.Framework.Testing.Feature.TypedConfigFacadeTest" assertions="2" time="0.003287"/>
        <testcase name="testInvalidTypeMessage" file="/home/runner/work/develop/develop/packages/framework/tests/Feature/TypedConfigFacadeTest.php" line="161" class="Hyde\Framework\Testing\Feature\TypedConfigFacadeTest" classname="Hyde.Framework.Testing.Feature.TypedConfigFacadeTest" assertions="2" time="0.004296"/>
      </testsuite>
      <testsuite name="Hyde\Framework\Testing\Feature\Views\SidebarBrandViewTest" file="/home/runner/work/develop/develop/packages/framework/tests/Feature/Views/SidebarBrandViewTest.php" tests="5" assertions="13" errors="0" failures="0" skipped="0" time="0.047341">
        <testcase name="testSidebarBrandView" file="/home/runner/work/develop/develop/packages/framework/tests/Feature/Views/SidebarBrandViewTest.php" line="17" class="Hyde\Framework\Testing\Feature\Views\SidebarBrandViewTest" classname="Hyde.Framework.Testing.Feature.Views.SidebarBrandViewTest" assertions="3" time="0.010411"/>
        <testcase name="testSidebarBrandViewWithHomeRoute" file="/home/runner/work/develop/develop/packages/framework/tests/Feature/Views/SidebarBrandViewTest.php" line="26" class="Hyde\Framework\Testing\Feature\Views\SidebarBrandViewTest" classname="Hyde.Framework.Testing.Feature.Views.SidebarBrandViewTest" assertions="3" time="0.009222"/>
        <testcase name="testSidebarBrandViewWithDefaultHeaderText" file="/home/runner/work/develop/develop/packages/framework/tests/Feature/Views/SidebarBrandViewTest.php" line="37" class="Hyde\Framework\Testing\Feature\Views\SidebarBrandViewTest" classname="Hyde.Framework.Testing.Feature.Views.SidebarBrandViewTest" assertions="2" time="0.008186"/>
        <testcase name="testSidebarBrandViewWithDefaultHeaderTextAndHomeRoute" file="/home/runner/work/develop/develop/packages/framework/tests/Feature/Views/SidebarBrandViewTest.php" line="47" class="Hyde\Framework\Testing\Feature\Views\SidebarBrandViewTest" classname="Hyde.Framework.Testing.Feature.Views.SidebarBrandViewTest" assertions="3" time="0.009223"/>
        <testcase name="testSidebarBrandViewWithoutDarkmodeFeature" file="/home/runner/work/develop/develop/packages/framework/tests/Feature/Views/SidebarBrandViewTest.php" line="60" class="Hyde\Framework\Testing\Feature\Views\SidebarBrandViewTest" classname="Hyde.Framework.Testing.Feature.Views.SidebarBrandViewTest" assertions="2" time="0.010299"/>
      </testsuite>
      <testsuite name="Hyde\Framework\Testing\Feature\Views\SidebarFooterTextViewTest" file="/home/runner/work/develop/develop/packages/framework/tests/Feature/Views/SidebarFooterTextViewTest.php" tests="4" assertions="4" errors="0" failures="0" skipped="0" time="0.015679">
        <testcase name="testSidebarFooterTextViewWithDefaultConfig" file="/home/runner/work/develop/develop/packages/framework/tests/Feature/Views/SidebarFooterTextViewTest.php" line="15" class="Hyde\Framework\Testing\Feature\Views\SidebarFooterTextViewTest" classname="Hyde.Framework.Testing.Feature.Views.SidebarFooterTextViewTest" assertions="1" time="0.003917"/>
        <testcase name="testSidebarFooterTextViewWhenConfigOptionIsTrue" file="/home/runner/work/develop/develop/packages/framework/tests/Feature/Views/SidebarFooterTextViewTest.php" line="22" class="Hyde\Framework\Testing\Feature\Views\SidebarFooterTextViewTest" classname="Hyde.Framework.Testing.Feature.Views.SidebarFooterTextViewTest" assertions="1" time="0.003811"/>
        <testcase name="testSidebarFooterTextViewWhenConfigOptionIsMarkdownString" file="/home/runner/work/develop/develop/packages/framework/tests/Feature/Views/SidebarFooterTextViewTest.php" line="31" class="Hyde\Framework\Testing\Feature\Views\SidebarFooterTextViewTest" classname="Hyde.Framework.Testing.Feature.Views.SidebarFooterTextViewTest" assertions="1" time="0.004947"/>
        <testcase name="testSidebarFooterTextViewWhenConfigOptionIsFalse" file="/home/runner/work/develop/develop/packages/framework/tests/Feature/Views/SidebarFooterTextViewTest.php" line="40" class="Hyde\Framework\Testing\Feature\Views\SidebarFooterTextViewTest" classname="Hyde.Framework.Testing.Feature.Views.SidebarFooterTextViewTest" assertions="1" time="0.003004"/>
      </testsuite>
    </testsuite>
    <testsuite name="UnitFramework" tests="884" assertions="1300" errors="0" failures="0" skipped="3" time="3.476620">
      <testsuite name="Hyde\Framework\Testing\Unit\AssetServiceUnitTest" file="/home/runner/work/develop/develop/packages/framework/tests/Unit/AssetServiceUnitTest.php" tests="15" assertions="21" errors="0" failures="0" skipped="0" time="0.025557">
        <testcase name="testVersionStringConstant" file="/home/runner/work/develop/develop/packages/framework/tests/Unit/AssetServiceUnitTest.php" line="24" class="Hyde\Framework\Testing\Unit\AssetServiceUnitTest" classname="Hyde.Framework.Testing.Unit.AssetServiceUnitTest" assertions="1" time="0.001673"/>
        <testcase name="testServiceHasVersionString" file="/home/runner/work/develop/develop/packages/framework/tests/Unit/AssetServiceUnitTest.php" line="29" class="Hyde\Framework\Testing\Unit\AssetServiceUnitTest" classname="Hyde.Framework.Testing.Unit.AssetServiceUnitTest" assertions="1" time="0.001563"/>
        <testcase name="testVersionStringDefaultsToConstant" file="/home/runner/work/develop/develop/packages/framework/tests/Unit/AssetServiceUnitTest.php" line="34" class="Hyde\Framework\Testing\Unit\AssetServiceUnitTest" classname="Hyde.Framework.Testing.Unit.AssetServiceUnitTest" assertions="1" time="0.001541"/>
        <testcase name="testVersionCanBeSetInConfig" file="/home/runner/work/develop/develop/packages/framework/tests/Unit/AssetServiceUnitTest.php" line="39" class="Hyde\Framework\Testing\Unit\AssetServiceUnitTest" classname="Hyde.Framework.Testing.Unit.AssetServiceUnitTest" assertions="1" time="0.001627"/>
        <testcase name="testCdnPatternConstant" file="/home/runner/work/develop/develop/packages/framework/tests/Unit/AssetServiceUnitTest.php" line="45" class="Hyde\Framework\Testing\Unit\AssetServiceUnitTest" classname="Hyde.Framework.Testing.Unit.AssetServiceUnitTest" assertions="1" time="0.001407"/>
        <testcase name="testCanSetCustomCdnUrlInConfig" file="/home/runner/work/develop/develop/packages/framework/tests/Unit/AssetServiceUnitTest.php" line="50" class="Hyde\Framework\Testing\Unit\AssetServiceUnitTest" classname="Hyde.Framework.Testing.Unit.AssetServiceUnitTest" assertions="1" time="0.001623"/>
        <testcase name="testCanUseCustomCdnUrlWithVersion" file="/home/runner/work/develop/develop/packages/framework/tests/Unit/AssetServiceUnitTest.php" line="56" class="Hyde\Framework\Testing\Unit\AssetServiceUnitTest" classname="Hyde.Framework.Testing.Unit.AssetServiceUnitTest" assertions="1" time="0.001862"/>
        <testcase name="testCanUseCustomCdnUrlWithFile" file="/home/runner/work/develop/develop/packages/framework/tests/Unit/AssetServiceUnitTest.php" line="62" class="Hyde\Framework\Testing\Unit\AssetServiceUnitTest" classname="Hyde.Framework.Testing.Unit.AssetServiceUnitTest" assertions="1" time="0.001625"/>
        <testcase name="testCanUseCustomCdnUrlWithVersionAndFile" file="/home/runner/work/develop/develop/packages/framework/tests/Unit/AssetServiceUnitTest.php" line="68" class="Hyde\Framework\Testing\Unit\AssetServiceUnitTest" classname="Hyde.Framework.Testing.Unit.AssetServiceUnitTest" assertions="1" time="0.001634"/>
        <testcase name="testCanUseCustomCdnUrlWithCustomVersion" file="/home/runner/work/develop/develop/packages/framework/tests/Unit/AssetServiceUnitTest.php" line="74" class="Hyde\Framework\Testing\Unit\AssetServiceUnitTest" classname="Hyde.Framework.Testing.Unit.AssetServiceUnitTest" assertions="1" time="0.001584"/>
        <testcase name="testCdnLinkHelper" file="/home/runner/work/develop/develop/packages/framework/tests/Unit/AssetServiceUnitTest.php" line="83" class="Hyde\Framework\Testing\Unit\AssetServiceUnitTest" classname="Hyde.Framework.Testing.Unit.AssetServiceUnitTest" assertions="1" time="0.001494"/>
        <testcase name="testHasMediaFileHelper" file="/home/runner/work/develop/develop/packages/framework/tests/Unit/AssetServiceUnitTest.php" line="91" class="Hyde\Framework\Testing\Unit\AssetServiceUnitTest" classname="Hyde.Framework.Testing.Unit.AssetServiceUnitTest" assertions="1" time="0.001744"/>
        <testcase name="testHasMediaFileHelperReturnsTrueForExistingFile" file="/home/runner/work/develop/develop/packages/framework/tests/Unit/AssetServiceUnitTest.php" line="96" class="Hyde\Framework\Testing\Unit\AssetServiceUnitTest" classname="Hyde.Framework.Testing.Unit.AssetServiceUnitTest" assertions="1" time="0.001746"/>
        <testcase name="testInjectTailwindConfigReturnsExtractedTailwindConfig" file="/home/runner/work/develop/develop/packages/framework/tests/Unit/AssetServiceUnitTest.php" line="101" class="Hyde\Framework\Testing\Unit\AssetServiceUnitTest" classname="Hyde.Framework.Testing.Unit.AssetServiceUnitTest" assertions="6" time="0.002371"/>
        <testcase name="testInjectTailwindConfigHandlesMissingConfigFileGracefully" file="/home/runner/work/develop/develop/packages/framework/tests/Unit/AssetServiceUnitTest.php" line="112" class="Hyde\Framework\Testing\Unit\AssetServiceUnitTest" classname="Hyde.Framework.Testing.Unit.AssetServiceUnitTest" assertions="2" time="0.002064"/>
      </testsuite>
      <testsuite name="Hyde\Framework\Testing\Unit\BaseFoundationCollectionTest" file="/home/runner/work/develop/develop/packages/framework/tests/Unit/BaseFoundationCollectionTest.php" tests="4" assertions="8" errors="0" failures="0" skipped="0" time="0.006889">
        <testcase name="testInit" file="/home/runner/work/develop/develop/packages/framework/tests/Unit/BaseFoundationCollectionTest.php" line="18" class="Hyde\Framework\Testing\Unit\BaseFoundationCollectionTest" classname="Hyde.Framework.Testing.Unit.BaseFoundationCollectionTest" assertions="4" time="0.002042"/>
        <testcase name="testExceptionsAreCaughtAndRethrownAsRuntimeExceptions" file="/home/runner/work/develop/develop/packages/framework/tests/Unit/BaseFoundationCollectionTest.php" line="31" class="Hyde\Framework\Testing\Unit\BaseFoundationCollectionTest" classname="Hyde.Framework.Testing.Unit.BaseFoundationCollectionTest" assertions="1" time="0.001641"/>
        <testcase name="testExceptionsAreCaughtAndRethrownWithHelpfulInformation" file="/home/runner/work/develop/develop/packages/framework/tests/Unit/BaseFoundationCollectionTest.php" line="37" class="Hyde\Framework\Testing\Unit\BaseFoundationCollectionTest" classname="Hyde.Framework.Testing.Unit.BaseFoundationCollectionTest" assertions="1" time="0.001589"/>
        <testcase name="testCanGetPreviousException" file="/home/runner/work/develop/develop/packages/framework/tests/Unit/BaseFoundationCollectionTest.php" line="43" class="Hyde\Framework\Testing\Unit\BaseFoundationCollectionTest" classname="Hyde.Framework.Testing.Unit.BaseFoundationCollectionTest" assertions="2" time="0.001618"/>
      </testsuite>
      <testsuite name="Hyde\Framework\Testing\Unit\BlogPostFrontMatterIsOptionalTest" file="/home/runner/work/develop/develop/packages/framework/tests/Unit/BlogPostFrontMatterIsOptionalTest.php" tests="2" assertions="2" errors="0" failures="0" skipped="0" time="0.033173">
        <testcase name="testBlogPostCanBeCreatedWithoutFrontMatter" file="/home/runner/work/develop/develop/packages/framework/tests/Unit/BlogPostFrontMatterIsOptionalTest.php" line="16" class="Hyde\Framework\Testing\Unit\BlogPostFrontMatterIsOptionalTest" classname="Hyde.Framework.Testing.Unit.BlogPostFrontMatterIsOptionalTest" assertions="1" time="0.019266"/>
        <testcase name="testBlogPostFeedCanBeRenderedWhenPostHasNoFrontMatter" file="/home/runner/work/develop/develop/packages/framework/tests/Unit/BlogPostFrontMatterIsOptionalTest.php" line="28" class="Hyde\Framework\Testing\Unit\BlogPostFrontMatterIsOptionalTest" classname="Hyde.Framework.Testing.Unit.BlogPostFrontMatterIsOptionalTest" assertions="1" time="0.013907"/>
      </testsuite>
      <testsuite name="Hyde\Framework\Testing\Unit\BreadcrumbsComponentTest" file="/home/runner/work/develop/develop/packages/framework/tests/Unit/BreadcrumbsComponentTest.php" tests="13" assertions="13" errors="0" failures="0" skipped="0" time="0.066443">
        <testcase name="testCanConstruct" file="/home/runner/work/develop/develop/packages/framework/tests/Unit/BreadcrumbsComponentTest.php" line="36" class="Hyde\Framework\Testing\Unit\BreadcrumbsComponentTest" classname="Hyde.Framework.Testing.Unit.BreadcrumbsComponentTest" assertions="1" time="0.011311"/>
        <testcase name="testCanRender" file="/home/runner/work/develop/develop/packages/framework/tests/Unit/BreadcrumbsComponentTest.php" line="43" class="Hyde\Framework\Testing\Unit\BreadcrumbsComponentTest" classname="Hyde.Framework.Testing.Unit.BreadcrumbsComponentTest" assertions="1" time="0.014180"/>
        <testcase name="testCanGenerateBreadcrumbs" file="/home/runner/work/develop/develop/packages/framework/tests/Unit/BreadcrumbsComponentTest.php" line="58" class="Hyde\Framework\Testing\Unit\BreadcrumbsComponentTest" classname="Hyde.Framework.Testing.Unit.BreadcrumbsComponentTest" assertions="1" time="0.003453"/>
        <testcase name="testCanGenerateBreadcrumbsForIndexPage" file="/home/runner/work/develop/develop/packages/framework/tests/Unit/BreadcrumbsComponentTest.php" line="65" class="Hyde\Framework\Testing\Unit\BreadcrumbsComponentTest" classname="Hyde.Framework.Testing.Unit.BreadcrumbsComponentTest" assertions="1" time="0.003521"/>
        <testcase name="testCanGenerateBreadcrumbsForRootPage" file="/home/runner/work/develop/develop/packages/framework/tests/Unit/BreadcrumbsComponentTest.php" line="72" class="Hyde\Framework\Testing\Unit\BreadcrumbsComponentTest" classname="Hyde.Framework.Testing.Unit.BreadcrumbsComponentTest" assertions="1" time="0.003636"/>
        <testcase name="testCanGenerateBreadcrumbsForNestedPage" file="/home/runner/work/develop/develop/packages/framework/tests/Unit/BreadcrumbsComponentTest.php" line="79" class="Hyde\Framework\Testing\Unit\BreadcrumbsComponentTest" classname="Hyde.Framework.Testing.Unit.BreadcrumbsComponentTest" assertions="1" time="0.003766"/>
        <testcase name="testCanGenerateBreadcrumbsForVeryNestedPage" file="/home/runner/work/develop/develop/packages/framework/tests/Unit/BreadcrumbsComponentTest.php" line="86" class="Hyde\Framework\Testing\Unit\BreadcrumbsComponentTest" classname="Hyde.Framework.Testing.Unit.BreadcrumbsComponentTest" assertions="1" time="0.004087"/>
        <testcase name="testCanGenerateBreadcrumbsForNestedPageWithIndex" file="/home/runner/work/develop/develop/packages/framework/tests/Unit/BreadcrumbsComponentTest.php" line="100" class="Hyde\Framework\Testing\Unit\BreadcrumbsComponentTest" classname="Hyde.Framework.Testing.Unit.BreadcrumbsComponentTest" assertions="1" time="0.003800"/>
        <testcase name="testCanGenerateBreadcrumbsForIndexPageWithPrettyUrls" file="/home/runner/work/develop/develop/packages/framework/tests/Unit/BreadcrumbsComponentTest.php" line="107" class="Hyde\Framework\Testing\Unit\BreadcrumbsComponentTest" classname="Hyde.Framework.Testing.Unit.BreadcrumbsComponentTest" assertions="1" time="0.003621"/>
        <testcase name="testCanGenerateBreadcrumbsForNestedPageWithPrettyUrls" file="/home/runner/work/develop/develop/packages/framework/tests/Unit/BreadcrumbsComponentTest.php" line="115" class="Hyde\Framework\Testing\Unit\BreadcrumbsComponentTest" classname="Hyde.Framework.Testing.Unit.BreadcrumbsComponentTest" assertions="1" time="0.003841"/>
        <testcase name="testCanGenerateBreadcrumbsForNestedPageWithIndexWithPrettyUrls" file="/home/runner/work/develop/develop/packages/framework/tests/Unit/BreadcrumbsComponentTest.php" line="123" class="Hyde\Framework\Testing\Unit\BreadcrumbsComponentTest" classname="Hyde.Framework.Testing.Unit.BreadcrumbsComponentTest" assertions="1" time="0.003862"/>
        <testcase name="testTitleGenerationWithKebabCaseUrl" file="/home/runner/work/develop/develop/packages/framework/tests/Unit/BreadcrumbsComponentTest.php" line="131" class="Hyde\Framework\Testing\Unit\BreadcrumbsComponentTest" classname="Hyde.Framework.Testing.Unit.BreadcrumbsComponentTest" assertions="1" time="0.003636"/>
        <testcase name="testTitleGenerationWithSnakeCaseUrl" file="/home/runner/work/develop/develop/packages/framework/tests/Unit/BreadcrumbsComponentTest.php" line="138" class="Hyde\Framework\Testing\Unit\BreadcrumbsComponentTest" classname="Hyde.Framework.Testing.Unit.BreadcrumbsComponentTest" assertions="1" time="0.003730"/>
      </testsuite>
      <testsuite name="Hyde\Framework\Testing\Unit\BreadcrumbsComponentViewTest" file="/home/runner/work/develop/develop/packages/framework/tests/Unit/BreadcrumbsComponentViewTest.php" tests="6" assertions="17" errors="0" failures="0" skipped="0" time="0.055244">
        <testcase name="testRenderedBladeView" file="/home/runner/work/develop/develop/packages/framework/tests/Unit/BreadcrumbsComponentViewTest.php" line="22" class="Hyde\Framework\Testing\Unit\BreadcrumbsComponentViewTest" classname="Hyde.Framework.Testing.Unit.BreadcrumbsComponentViewTest" assertions="12" time="0.010941"/>
        <testcase name="testRenderedBladeViewOnIndexPage" file="/home/runner/work/develop/develop/packages/framework/tests/Unit/BreadcrumbsComponentViewTest.php" line="41" class="Hyde\Framework\Testing\Unit\BreadcrumbsComponentViewTest" classname="Hyde.Framework.Testing.Unit.BreadcrumbsComponentViewTest" assertions="1" time="0.008524"/>
        <testcase name="testRenderedBladeViewOnNestedPage" file="/home/runner/work/develop/develop/packages/framework/tests/Unit/BreadcrumbsComponentViewTest.php" line="48" class="Hyde\Framework\Testing\Unit\BreadcrumbsComponentViewTest" classname="Hyde.Framework.Testing.Unit.BreadcrumbsComponentViewTest" assertions="1" time="0.008876"/>
        <testcase name="testRenderedBladeViewOnDeeplyNestedPage" file="/home/runner/work/develop/develop/packages/framework/tests/Unit/BreadcrumbsComponentViewTest.php" line="71" class="Hyde\Framework\Testing\Unit\BreadcrumbsComponentViewTest" classname="Hyde.Framework.Testing.Unit.BreadcrumbsComponentViewTest" assertions="1" time="0.008995"/>
        <testcase name="testRenderedBladeViewOnNestedIndexPage" file="/home/runner/work/develop/develop/packages/framework/tests/Unit/BreadcrumbsComponentViewTest.php" line="98" class="Hyde\Framework\Testing\Unit\BreadcrumbsComponentViewTest" classname="Hyde.Framework.Testing.Unit.BreadcrumbsComponentViewTest" assertions="1" time="0.009268"/>
        <testcase name="testRenderedBladeViewWithAttributes" file="/home/runner/work/develop/develop/packages/framework/tests/Unit/BreadcrumbsComponentViewTest.php" line="117" class="Hyde\Framework\Testing\Unit\BreadcrumbsComponentViewTest" classname="Hyde.Framework.Testing.Unit.BreadcrumbsComponentViewTest" assertions="1" time="0.008641"/>
      </testsuite>
      <testsuite name="Hyde\Framework\Testing\Unit\BuildOutputDirectoryCanBeChangedTest" file="/home/runner/work/develop/develop/packages/framework/tests/Unit/BuildOutputDirectoryCanBeChangedTest.php" tests="5" assertions="9" errors="0" failures="0" skipped="0" time="0.111825">
        <testcase name="testSiteOutputDirectoryCanBeChangedForSiteBuilds" file="/home/runner/work/develop/develop/packages/framework/tests/Unit/BuildOutputDirectoryCanBeChangedTest.php" line="19" class="Hyde\Framework\Testing\Unit\BuildOutputDirectoryCanBeChangedTest" classname="Hyde.Framework.Testing.Unit.BuildOutputDirectoryCanBeChangedTest" assertions="3" time="0.045148"/>
        <testcase name="testSiteOutputDirectoryCanBeChangedInStaticPageBuilder" file="/home/runner/work/develop/develop/packages/framework/tests/Unit/BuildOutputDirectoryCanBeChangedTest.php" line="35" class="Hyde\Framework\Testing\Unit\BuildOutputDirectoryCanBeChangedTest" classname="Hyde.Framework.Testing.Unit.BuildOutputDirectoryCanBeChangedTest" assertions="1" time="0.018540"/>
        <testcase name="testOutputDirectoryIsCreatedIfItDoesNotExistInStaticPageBuilder" file="/home/runner/work/develop/develop/packages/framework/tests/Unit/BuildOutputDirectoryCanBeChangedTest.php" line="48" class="Hyde\Framework\Testing\Unit\BuildOutputDirectoryCanBeChangedTest" classname="Hyde.Framework.Testing.Unit.BuildOutputDirectoryCanBeChangedTest" assertions="1" time="0.025486"/>
        <testcase name="testSiteOutputDirectoryCanBeChangedInConfiguration" file="/home/runner/work/develop/develop/packages/framework/tests/Unit/BuildOutputDirectoryCanBeChangedTest.php" line="59" class="Hyde\Framework\Testing\Unit\BuildOutputDirectoryCanBeChangedTest" classname="Hyde.Framework.Testing.Unit.BuildOutputDirectoryCanBeChangedTest" assertions="3" time="0.019680"/>
        <testcase name="testSiteOutputDirectoryPathIsNormalizedToTrimTrailingSlashes" file="/home/runner/work/develop/develop/packages/framework/tests/Unit/BuildOutputDirectoryCanBeChangedTest.php" line="75" class="Hyde\Framework\Testing\Unit\BuildOutputDirectoryCanBeChangedTest" classname="Hyde.Framework.Testing.Unit.BuildOutputDirectoryCanBeChangedTest" assertions="1" time="0.002972"/>
      </testsuite>
      <testsuite name="Hyde\Framework\Testing\Unit\BuildTaskServiceUnitTest" file="/home/runner/work/develop/develop/packages/framework/tests/Unit/BuildTaskServiceUnitTest.php" tests="36" assertions="36" errors="0" failures="0" skipped="0" time="0.089913">
        <testcase name="testConstruct" file="/home/runner/work/develop/develop/packages/framework/tests/Unit/BuildTaskServiceUnitTest.php" line="47" class="Hyde\Framework\Testing\Unit\BuildTaskServiceUnitTest" classname="Hyde.Framework.Testing.Unit.BuildTaskServiceUnitTest" assertions="1" time="0.003266"/>
        <testcase name="testGetTasks" file="/home/runner/work/develop/develop/packages/framework/tests/Unit/BuildTaskServiceUnitTest.php" line="52" class="Hyde\Framework\Testing\Unit\BuildTaskServiceUnitTest" classname="Hyde.Framework.Testing.Unit.BuildTaskServiceUnitTest" assertions="1" time="0.002023"/>
        <testcase name="testGetTasksWithTaskRegisteredInConfig" file="/home/runner/work/develop/develop/packages/framework/tests/Unit/BuildTaskServiceUnitTest.php" line="57" class="Hyde\Framework\Testing\Unit\BuildTaskServiceUnitTest" classname="Hyde.Framework.Testing.Unit.BuildTaskServiceUnitTest" assertions="1" time="0.002584"/>
        <testcase name="testRegisterTask" file="/home/runner/work/develop/develop/packages/framework/tests/Unit/BuildTaskServiceUnitTest.php" line="63" class="Hyde\Framework\Testing\Unit\BuildTaskServiceUnitTest" classname="Hyde.Framework.Testing.Unit.BuildTaskServiceUnitTest" assertions="1" time="0.002047"/>
        <testcase name="testRegisterPreBuildTask" file="/home/runner/work/develop/develop/packages/framework/tests/Unit/BuildTaskServiceUnitTest.php" line="69" class="Hyde\Framework\Testing\Unit\BuildTaskServiceUnitTest" classname="Hyde.Framework.Testing.Unit.BuildTaskServiceUnitTest" assertions="1" time="0.002054"/>
        <testcase name="testRegisterPostBuildTask" file="/home/runner/work/develop/develop/packages/framework/tests/Unit/BuildTaskServiceUnitTest.php" line="75" class="Hyde\Framework\Testing\Unit\BuildTaskServiceUnitTest" classname="Hyde.Framework.Testing.Unit.BuildTaskServiceUnitTest" assertions="1" time="0.002053"/>
        <testcase name="testRegisterInstantiatedTask" file="/home/runner/work/develop/develop/packages/framework/tests/Unit/BuildTaskServiceUnitTest.php" line="81" class="Hyde\Framework\Testing\Unit\BuildTaskServiceUnitTest" classname="Hyde.Framework.Testing.Unit.BuildTaskServiceUnitTest" assertions="1" time="0.002044"/>
        <testcase name="testRegisterInstantiatedPreBuildTask" file="/home/runner/work/develop/develop/packages/framework/tests/Unit/BuildTaskServiceUnitTest.php" line="87" class="Hyde\Framework\Testing\Unit\BuildTaskServiceUnitTest" classname="Hyde.Framework.Testing.Unit.BuildTaskServiceUnitTest" assertions="1" time="0.002076"/>
        <testcase name="testRegisterInstantiatedPostBuildTask" file="/home/runner/work/develop/develop/packages/framework/tests/Unit/BuildTaskServiceUnitTest.php" line="93" class="Hyde\Framework\Testing\Unit\BuildTaskServiceUnitTest" classname="Hyde.Framework.Testing.Unit.BuildTaskServiceUnitTest" assertions="1" time="0.002070"/>
        <testcase name="testRegisterTaskWithInvalidClassTypeThrowsException" file="/home/runner/work/develop/develop/packages/framework/tests/Unit/BuildTaskServiceUnitTest.php" line="99" class="Hyde\Framework\Testing\Unit\BuildTaskServiceUnitTest" classname="Hyde.Framework.Testing.Unit.BuildTaskServiceUnitTest" assertions="1" time="0.002035"/>
        <testcase name="testRegisterTaskWithoutChildExtensionThrowsException" file="/home/runner/work/develop/develop/packages/framework/tests/Unit/BuildTaskServiceUnitTest.php" line="105" class="Hyde\Framework\Testing\Unit\BuildTaskServiceUnitTest" classname="Hyde.Framework.Testing.Unit.BuildTaskServiceUnitTest" assertions="1" time="0.002022"/>
        <testcase name="testRegisterTaskWithBaseClassThrowsException" file="/home/runner/work/develop/develop/packages/framework/tests/Unit/BuildTaskServiceUnitTest.php" line="111" class="Hyde\Framework\Testing\Unit\BuildTaskServiceUnitTest" classname="Hyde.Framework.Testing.Unit.BuildTaskServiceUnitTest" assertions="1" time="0.001998"/>
        <testcase name="testRegisterTaskWithAlreadyRegisteredTask" file="/home/runner/work/develop/develop/packages/framework/tests/Unit/BuildTaskServiceUnitTest.php" line="117" class="Hyde\Framework\Testing\Unit\BuildTaskServiceUnitTest" classname="Hyde.Framework.Testing.Unit.BuildTaskServiceUnitTest" assertions="1" time="0.002049"/>
        <testcase name="testRegisterTaskWithTaskAlreadyRegisteredInConfig" file="/home/runner/work/develop/develop/packages/framework/tests/Unit/BuildTaskServiceUnitTest.php" line="125" class="Hyde\Framework\Testing\Unit\BuildTaskServiceUnitTest" classname="Hyde.Framework.Testing.Unit.BuildTaskServiceUnitTest" assertions="1" time="0.002552"/>
        <testcase name="testCanRegisterFrameworkTasks" file="/home/runner/work/develop/develop/packages/framework/tests/Unit/BuildTaskServiceUnitTest.php" line="134" class="Hyde\Framework\Testing\Unit\BuildTaskServiceUnitTest" classname="Hyde.Framework.Testing.Unit.BuildTaskServiceUnitTest" assertions="1" time="0.002010"/>
        <testcase name="testCanOverloadFrameworkTasks" file="/home/runner/work/develop/develop/packages/framework/tests/Unit/BuildTaskServiceUnitTest.php" line="140" class="Hyde\Framework\Testing\Unit\BuildTaskServiceUnitTest" classname="Hyde.Framework.Testing.Unit.BuildTaskServiceUnitTest" assertions="1" time="0.002027"/>
        <testcase name="testSetOutputWithNull" file="/home/runner/work/develop/develop/packages/framework/tests/Unit/BuildTaskServiceUnitTest.php" line="148" class="Hyde\Framework\Testing\Unit\BuildTaskServiceUnitTest" classname="Hyde.Framework.Testing.Unit.BuildTaskServiceUnitTest" assertions="1" time="0.001933"/>
        <testcase name="testSetOutputWithOutputStyle" file="/home/runner/work/develop/develop/packages/framework/tests/Unit/BuildTaskServiceUnitTest.php" line="154" class="Hyde\Framework\Testing\Unit\BuildTaskServiceUnitTest" classname="Hyde.Framework.Testing.Unit.BuildTaskServiceUnitTest" assertions="1" time="0.002068"/>
        <testcase name="testGenerateBuildManifestExtendsPostBuildTask" file="/home/runner/work/develop/develop/packages/framework/tests/Unit/BuildTaskServiceUnitTest.php" line="160" class="Hyde\Framework\Testing\Unit\BuildTaskServiceUnitTest" classname="Hyde.Framework.Testing.Unit.BuildTaskServiceUnitTest" assertions="1" time="0.001986"/>
        <testcase name="testGenerateRssFeedExtendsPostBuildTask" file="/home/runner/work/develop/develop/packages/framework/tests/Unit/BuildTaskServiceUnitTest.php" line="165" class="Hyde\Framework\Testing\Unit\BuildTaskServiceUnitTest" classname="Hyde.Framework.Testing.Unit.BuildTaskServiceUnitTest" assertions="1" time="0.001980"/>
        <testcase name="testGenerateSearchExtendsPostBuildTask" file="/home/runner/work/develop/develop/packages/framework/tests/Unit/BuildTaskServiceUnitTest.php" line="170" class="Hyde\Framework\Testing\Unit\BuildTaskServiceUnitTest" classname="Hyde.Framework.Testing.Unit.BuildTaskServiceUnitTest" assertions="1" time="0.001975"/>
        <testcase name="testGenerateSitemapExtendsPostBuildTask" file="/home/runner/work/develop/develop/packages/framework/tests/Unit/BuildTaskServiceUnitTest.php" line="175" class="Hyde\Framework\Testing\Unit\BuildTaskServiceUnitTest" classname="Hyde.Framework.Testing.Unit.BuildTaskServiceUnitTest" assertions="1" time="0.001986"/>
        <testcase name="testRunPreBuildTasks" file="/home/runner/work/develop/develop/packages/framework/tests/Unit/BuildTaskServiceUnitTest.php" line="180" class="Hyde\Framework\Testing\Unit\BuildTaskServiceUnitTest" classname="Hyde.Framework.Testing.Unit.BuildTaskServiceUnitTest" assertions="1" time="0.001987"/>
        <testcase name="testRunPostBuildTasks" file="/home/runner/work/develop/develop/packages/framework/tests/Unit/BuildTaskServiceUnitTest.php" line="186" class="Hyde\Framework\Testing\Unit\BuildTaskServiceUnitTest" classname="Hyde.Framework.Testing.Unit.BuildTaskServiceUnitTest" assertions="1" time="0.001990"/>
        <testcase name="testRunPreBuildTasksWithTasks" file="/home/runner/work/develop/develop/packages/framework/tests/Unit/BuildTaskServiceUnitTest.php" line="192" class="Hyde\Framework\Testing\Unit\BuildTaskServiceUnitTest" classname="Hyde.Framework.Testing.Unit.BuildTaskServiceUnitTest" assertions="1" time="0.002154"/>
        <testcase name="testRunPostBuildTasksWithTasks" file="/home/runner/work/develop/develop/packages/framework/tests/Unit/BuildTaskServiceUnitTest.php" line="199" class="Hyde\Framework\Testing\Unit\BuildTaskServiceUnitTest" classname="Hyde.Framework.Testing.Unit.BuildTaskServiceUnitTest" assertions="1" time="0.002117"/>
        <testcase name="testRunPreBuildTasksCallsHandleMethods" file="/home/runner/work/develop/develop/packages/framework/tests/Unit/BuildTaskServiceUnitTest.php" line="206" class="Hyde\Framework\Testing\Unit\BuildTaskServiceUnitTest" classname="Hyde.Framework.Testing.Unit.BuildTaskServiceUnitTest" assertions="1" time="0.006500"/>
        <testcase name="testRunPostBuildTasksCallsHandleMethods" file="/home/runner/work/develop/develop/packages/framework/tests/Unit/BuildTaskServiceUnitTest.php" line="214" class="Hyde\Framework\Testing\Unit\BuildTaskServiceUnitTest" classname="Hyde.Framework.Testing.Unit.BuildTaskServiceUnitTest" assertions="1" time="0.006214"/>
        <testcase name="testRunPreBuildTasksCallsRunMethods" file="/home/runner/work/develop/develop/packages/framework/tests/Unit/BuildTaskServiceUnitTest.php" line="222" class="Hyde\Framework\Testing\Unit\BuildTaskServiceUnitTest" classname="Hyde.Framework.Testing.Unit.BuildTaskServiceUnitTest" assertions="1" time="0.002850"/>
        <testcase name="testRunPostBuildTasksCallsRunMethods" file="/home/runner/work/develop/develop/packages/framework/tests/Unit/BuildTaskServiceUnitTest.php" line="230" class="Hyde\Framework\Testing\Unit\BuildTaskServiceUnitTest" classname="Hyde.Framework.Testing.Unit.BuildTaskServiceUnitTest" assertions="1" time="0.002311"/>
        <testcase name="testRunPreBuildTasksCallsRunMethodsWithNullWhenServiceHasNoOutput" file="/home/runner/work/develop/develop/packages/framework/tests/Unit/BuildTaskServiceUnitTest.php" line="238" class="Hyde\Framework\Testing\Unit\BuildTaskServiceUnitTest" classname="Hyde.Framework.Testing.Unit.BuildTaskServiceUnitTest" assertions="1" time="0.002402"/>
        <testcase name="testRunPostBuildTasksCallsRunMethodsWithNullWhenServiceHasNoOutput" file="/home/runner/work/develop/develop/packages/framework/tests/Unit/BuildTaskServiceUnitTest.php" line="246" class="Hyde\Framework\Testing\Unit\BuildTaskServiceUnitTest" classname="Hyde.Framework.Testing.Unit.BuildTaskServiceUnitTest" assertions="1" time="0.002232"/>
        <testcase name="testRunPreBuildTasksCallsRunMethodsWithOutputWhenServiceHasOutput" file="/home/runner/work/develop/develop/packages/framework/tests/Unit/BuildTaskServiceUnitTest.php" line="254" class="Hyde\Framework\Testing\Unit\BuildTaskServiceUnitTest" classname="Hyde.Framework.Testing.Unit.BuildTaskServiceUnitTest" assertions="1" time="0.002306"/>
        <testcase name="testRunPostBuildTasksCallsRunMethodsWithOutputWhenServiceHasOutput" file="/home/runner/work/develop/develop/packages/framework/tests/Unit/BuildTaskServiceUnitTest.php" line="264" class="Hyde\Framework\Testing\Unit\BuildTaskServiceUnitTest" classname="Hyde.Framework.Testing.Unit.BuildTaskServiceUnitTest" assertions="1" time="0.002304"/>
        <testcase name="testServiceSearchesForTasksInAppDirectory" file="/home/runner/work/develop/develop/packages/framework/tests/Unit/BuildTaskServiceUnitTest.php" line="274" class="Hyde\Framework\Testing\Unit\BuildTaskServiceUnitTest" classname="Hyde.Framework.Testing.Unit.BuildTaskServiceUnitTest" assertions="1" time="0.004408"/>
        <testcase name="testServiceFindsTasksInAppDirectory" file="/home/runner/work/develop/develop/packages/framework/tests/Unit/BuildTaskServiceUnitTest.php" line="290" class="Hyde\Framework\Testing\Unit\BuildTaskServiceUnitTest" classname="Hyde.Framework.Testing.Unit.BuildTaskServiceUnitTest" assertions="1" time="0.003303"/>
      </testsuite>
      <testsuite name="Hyde\Framework\Testing\Unit\BuildWarningsTest" file="/home/runner/work/develop/develop/packages/framework/tests/Unit/BuildWarningsTest.php" tests="18" assertions="21" errors="0" failures="0" skipped="0" time="0.036580">
        <testcase name="testGetInstance" file="/home/runner/work/develop/develop/packages/framework/tests/Unit/BuildWarningsTest.php" line="28" class="Hyde\Framework\Testing\Unit\BuildWarningsTest" classname="Hyde.Framework.Testing.Unit.BuildWarningsTest" assertions="1" time="0.001923"/>
        <testcase name="testGetInstanceReturnsSingleton" file="/home/runner/work/develop/develop/packages/framework/tests/Unit/BuildWarningsTest.php" line="33" class="Hyde\Framework\Testing\Unit\BuildWarningsTest" classname="Hyde.Framework.Testing.Unit.BuildWarningsTest" assertions="1" time="0.001729"/>
        <testcase name="testHasWarnings" file="/home/runner/work/develop/develop/packages/framework/tests/Unit/BuildWarningsTest.php" line="38" class="Hyde\Framework\Testing\Unit\BuildWarningsTest" classname="Hyde.Framework.Testing.Unit.BuildWarningsTest" assertions="1" time="0.001675"/>
        <testcase name="testHasWarningWithWarnings" file="/home/runner/work/develop/develop/packages/framework/tests/Unit/BuildWarningsTest.php" line="43" class="Hyde\Framework\Testing\Unit\BuildWarningsTest" classname="Hyde.Framework.Testing.Unit.BuildWarningsTest" assertions="1" time="0.001737"/>
        <testcase name="testGetWarnings" file="/home/runner/work/develop/develop/packages/framework/tests/Unit/BuildWarningsTest.php" line="50" class="Hyde\Framework\Testing\Unit\BuildWarningsTest" classname="Hyde.Framework.Testing.Unit.BuildWarningsTest" assertions="1" time="0.001727"/>
        <testcase name="testGetWarningsWithWarnings" file="/home/runner/work/develop/develop/packages/framework/tests/Unit/BuildWarningsTest.php" line="55" class="Hyde\Framework\Testing\Unit\BuildWarningsTest" classname="Hyde.Framework.Testing.Unit.BuildWarningsTest" assertions="1" time="0.001918"/>
        <testcase name="testReport" file="/home/runner/work/develop/develop/packages/framework/tests/Unit/BuildWarningsTest.php" line="62" class="Hyde\Framework\Testing\Unit\BuildWarningsTest" classname="Hyde.Framework.Testing.Unit.BuildWarningsTest" assertions="2" time="0.001959"/>
        <testcase name="testReportWithBuildWarningObject" file="/home/runner/work/develop/develop/packages/framework/tests/Unit/BuildWarningsTest.php" line="70" class="Hyde\Framework\Testing\Unit\BuildWarningsTest" classname="Hyde.Framework.Testing.Unit.BuildWarningsTest" assertions="2" time="0.001864"/>
        <testcase name="testReportsWarningsDefaultsToTrue" file="/home/runner/work/develop/develop/packages/framework/tests/Unit/BuildWarningsTest.php" line="78" class="Hyde\Framework\Testing\Unit\BuildWarningsTest" classname="Hyde.Framework.Testing.Unit.BuildWarningsTest" assertions="1" time="0.001904"/>
        <testcase name="testReportsWarningsReturnsTrueWhenTrue" file="/home/runner/work/develop/develop/packages/framework/tests/Unit/BuildWarningsTest.php" line="84" class="Hyde\Framework\Testing\Unit\BuildWarningsTest" classname="Hyde.Framework.Testing.Unit.BuildWarningsTest" assertions="1" time="0.001820"/>
        <testcase name="testReportsWarningsReturnsFalseWhenFalse" file="/home/runner/work/develop/develop/packages/framework/tests/Unit/BuildWarningsTest.php" line="90" class="Hyde\Framework\Testing\Unit\BuildWarningsTest" classname="Hyde.Framework.Testing.Unit.BuildWarningsTest" assertions="1" time="0.001820"/>
        <testcase name="testReportsWarningsAsExceptionsDefaultsToFalse" file="/home/runner/work/develop/develop/packages/framework/tests/Unit/BuildWarningsTest.php" line="96" class="Hyde\Framework\Testing\Unit\BuildWarningsTest" classname="Hyde.Framework.Testing.Unit.BuildWarningsTest" assertions="1" time="0.001882"/>
        <testcase name="testReportsWarningsAsExceptionsReturnsTrueWhenTrue" file="/home/runner/work/develop/develop/packages/framework/tests/Unit/BuildWarningsTest.php" line="102" class="Hyde\Framework\Testing\Unit\BuildWarningsTest" classname="Hyde.Framework.Testing.Unit.BuildWarningsTest" assertions="1" time="0.001838"/>
        <testcase name="testReportsWarningsAsExceptionsReturnsFalseWhenFalse" file="/home/runner/work/develop/develop/packages/framework/tests/Unit/BuildWarningsTest.php" line="108" class="Hyde\Framework\Testing\Unit\BuildWarningsTest" classname="Hyde.Framework.Testing.Unit.BuildWarningsTest" assertions="1" time="0.001854"/>
        <testcase name="testWriteWarningsToOutput" file="/home/runner/work/develop/develop/packages/framework/tests/Unit/BuildWarningsTest.php" line="114" class="Hyde\Framework\Testing\Unit\BuildWarningsTest" classname="Hyde.Framework.Testing.Unit.BuildWarningsTest" assertions="1" time="0.002156"/>
        <testcase name="testWriteWarningsToOutputWithVerboseOutput" file="/home/runner/work/develop/develop/packages/framework/tests/Unit/BuildWarningsTest.php" line="126" class="Hyde\Framework\Testing\Unit\BuildWarningsTest" classname="Hyde.Framework.Testing.Unit.BuildWarningsTest" assertions="2" time="0.002302"/>
        <testcase name="testWriteWarningsToOutputWithConvertingBuildWarningsToExceptions" file="/home/runner/work/develop/develop/packages/framework/tests/Unit/BuildWarningsTest.php" line="143" class="Hyde\Framework\Testing\Unit\BuildWarningsTest" classname="Hyde.Framework.Testing.Unit.BuildWarningsTest" assertions="1" time="0.004614"/>
        <testcase name="testCanConstructBuildWarning" file="/home/runner/work/develop/develop/packages/framework/tests/Unit/BuildWarningsTest.php" line="165" class="Hyde\Framework\Testing\Unit\BuildWarningsTest" classname="Hyde.Framework.Testing.Unit.BuildWarningsTest" assertions="1" time="0.001859"/>
      </testsuite>
      <testsuite name="Hyde\Framework\Testing\Unit\ConfigFileTest" file="/home/runner/work/develop/develop/packages/framework/tests/Unit/ConfigFileTest.php" tests="8" assertions="8" errors="0" failures="0" skipped="0" time="0.020001">
        <testcase name="testDefaultOutputDirectoryValueMatchesDeclaredValue" file="/home/runner/work/develop/develop/packages/framework/tests/Unit/ConfigFileTest.php" line="26" class="Hyde\Framework\Testing\Unit\ConfigFileTest" classname="Hyde.Framework.Testing.Unit.ConfigFileTest" assertions="1" time="0.003758"/>
        <testcase name="testDefaultMediaDirectoryValueMatchesDeclaredValue" file="/home/runner/work/develop/develop/packages/framework/tests/Unit/ConfigFileTest.php" line="31" class="Hyde\Framework\Testing\Unit\ConfigFileTest" classname="Hyde.Framework.Testing.Unit.ConfigFileTest" assertions="1" time="0.002131"/>
        <testcase name="testDefaultSourceRootValueMatchesDeclaredValue" file="/home/runner/work/develop/develop/packages/framework/tests/Unit/ConfigFileTest.php" line="36" class="Hyde\Framework\Testing\Unit\ConfigFileTest" classname="Hyde.Framework.Testing.Unit.ConfigFileTest" assertions="1" time="0.002109"/>
        <testcase name="testDefaultSourceDirectoriesValuesMatchDeclaredValues" file="/home/runner/work/develop/develop/packages/framework/tests/Unit/ConfigFileTest.php" line="41" class="Hyde\Framework\Testing\Unit\ConfigFileTest" classname="Hyde.Framework.Testing.Unit.ConfigFileTest" assertions="1" time="0.002181"/>
        <testcase name="testDefaultSourceDirectoriesValuesCoverAllCoreExtensionClasses" file="/home/runner/work/develop/develop/packages/framework/tests/Unit/ConfigFileTest.php" line="52" class="Hyde\Framework\Testing\Unit\ConfigFileTest" classname="Hyde.Framework.Testing.Unit.ConfigFileTest" assertions="1" time="0.002666"/>
        <testcase name="testDefaultOutputDirectoriesValuesMatchDeclaredValues" file="/home/runner/work/develop/develop/packages/framework/tests/Unit/ConfigFileTest.php" line="60" class="Hyde\Framework\Testing\Unit\ConfigFileTest" classname="Hyde.Framework.Testing.Unit.ConfigFileTest" assertions="1" time="0.002230"/>
        <testcase name="testDefaultOutputDirectoriesValuesCoverAllCoreExtensionClasses" file="/home/runner/work/develop/develop/packages/framework/tests/Unit/ConfigFileTest.php" line="71" class="Hyde\Framework\Testing\Unit\ConfigFileTest" classname="Hyde.Framework.Testing.Unit.ConfigFileTest" assertions="1" time="0.002647"/>
        <testcase name="testDefaultFeaturesArrayMatchesDefaultFeatures" file="/home/runner/work/develop/develop/packages/framework/tests/Unit/ConfigFileTest.php" line="79" class="Hyde\Framework\Testing\Unit\ConfigFileTest" classname="Hyde.Framework.Testing.Unit.ConfigFileTest" assertions="1" time="0.002279"/>
      </testsuite>
      <testsuite name="Hyde\Framework\Testing\Unit\ConsoleServiceProviderUnitTest" file="/home/runner/work/develop/develop/packages/framework/tests/Unit/ConsoleServiceProviderUnitTest.php" tests="2" assertions="2" errors="0" failures="0" skipped="0" time="0.002989">
        <testcase name="testProviderRegistersLogo" file="/home/runner/work/develop/develop/packages/framework/tests/Unit/ConsoleServiceProviderUnitTest.php" line="15" class="Hyde\Framework\Testing\Unit\ConsoleServiceProviderUnitTest" classname="Hyde.Framework.Testing.Unit.ConsoleServiceProviderUnitTest" assertions="1" time="0.001531"/>
        <testcase name="testProviderRegistersNoAnsiLogo" file="/home/runner/work/develop/develop/packages/framework/tests/Unit/ConsoleServiceProviderUnitTest.php" line="29" class="Hyde\Framework\Testing\Unit\ConsoleServiceProviderUnitTest" classname="Hyde.Framework.Testing.Unit.ConsoleServiceProviderUnitTest" assertions="1" time="0.001458"/>
      </testsuite>
      <testsuite name="Hyde\Framework\Testing\Unit\CoreDataObjectTest" file="/home/runner/work/develop/develop/packages/framework/tests/Unit/CoreDataObjectTest.php" tests="3" assertions="3" errors="0" failures="0" skipped="0" time="0.008234">
        <testcase name="testCoreDataObjectWithHydePage" file="/home/runner/work/develop/develop/packages/framework/tests/Unit/CoreDataObjectTest.php" line="20" class="Hyde\Framework\Testing\Unit\CoreDataObjectTest" classname="Hyde.Framework.Testing.Unit.CoreDataObjectTest" assertions="1" time="0.002975"/>
        <testcase name="testCoreDataObjectWithDynamicPage" file="/home/runner/work/develop/develop/packages/framework/tests/Unit/CoreDataObjectTest.php" line="27" class="Hyde\Framework\Testing\Unit\CoreDataObjectTest" classname="Hyde.Framework.Testing.Unit.CoreDataObjectTest" assertions="1" time="0.002603"/>
        <testcase name="testToArray" file="/home/runner/work/develop/develop/packages/framework/tests/Unit/CoreDataObjectTest.php" line="34" class="Hyde\Framework\Testing\Unit\CoreDataObjectTest" classname="Hyde.Framework.Testing.Unit.CoreDataObjectTest" assertions="1" time="0.002656"/>
      </testsuite>
      <testsuite name="Hyde\Framework\Testing\Unit\CreatesNewMarkdownPostFileTest" file="/home/runner/work/develop/develop/packages/framework/tests/Unit/CreatesNewMarkdownPostFileTest.php" tests="5" assertions="9" errors="0" failures="0" skipped="0" time="0.021731">
        <testcase name="testWithDefaultData" file="/home/runner/work/develop/develop/packages/framework/tests/Unit/CreatesNewMarkdownPostFileTest.php" line="26" class="Hyde\Framework\Testing\Unit\CreatesNewMarkdownPostFileTest" classname="Hyde.Framework.Testing.Unit.CreatesNewMarkdownPostFileTest" assertions="5" time="0.003456"/>
        <testcase name="testWithCustomData" file="/home/runner/work/develop/develop/packages/framework/tests/Unit/CreatesNewMarkdownPostFileTest.php" line="39" class="Hyde\Framework\Testing\Unit\CreatesNewMarkdownPostFileTest" classname="Hyde.Framework.Testing.Unit.CreatesNewMarkdownPostFileTest" assertions="1" time="0.003477"/>
        <testcase name="testSave" file="/home/runner/work/develop/develop/packages/framework/tests/Unit/CreatesNewMarkdownPostFileTest.php" line="52" class="Hyde\Framework\Testing\Unit\CreatesNewMarkdownPostFileTest" classname="Hyde.Framework.Testing.Unit.CreatesNewMarkdownPostFileTest" assertions="1" time="0.005910"/>
        <testcase name="testSaveWithCustomContent" file="/home/runner/work/develop/develop/packages/framework/tests/Unit/CreatesNewMarkdownPostFileTest.php" line="75" class="Hyde\Framework\Testing\Unit\CreatesNewMarkdownPostFileTest" classname="Hyde.Framework.Testing.Unit.CreatesNewMarkdownPostFileTest" assertions="1" time="0.005794"/>
        <testcase name="testCustomDateNormalisation" file="/home/runner/work/develop/develop/packages/framework/tests/Unit/CreatesNewMarkdownPostFileTest.php" line="98" class="Hyde\Framework\Testing\Unit\CreatesNewMarkdownPostFileTest" classname="Hyde.Framework.Testing.Unit.CreatesNewMarkdownPostFileTest" assertions="1" time="0.003094"/>
      </testsuite>
      <testsuite name="Hyde\Framework\Testing\Unit\CustomExceptionsTest" file="/home/runner/work/develop/develop/packages/framework/tests/Unit/CustomExceptionsTest.php" tests="17" assertions="17" errors="0" failures="0" skipped="0" time="0.027977">
        <testcase name="testFileConflictExceptionWithDefaultMessage" file="/home/runner/work/develop/develop/packages/framework/tests/Unit/CustomExceptionsTest.php" line="29" class="Hyde\Framework\Testing\Unit\CustomExceptionsTest" classname="Hyde.Framework.Testing.Unit.CustomExceptionsTest" assertions="1" time="0.001768"/>
        <testcase name="testFileConflictExceptionWithPath" file="/home/runner/work/develop/develop/packages/framework/tests/Unit/CustomExceptionsTest.php" line="34" class="Hyde\Framework\Testing\Unit\CustomExceptionsTest" classname="Hyde.Framework.Testing.Unit.CustomExceptionsTest" assertions="1" time="0.001794"/>
        <testcase name="testFileConflictExceptionWithAbsolutePath" file="/home/runner/work/develop/develop/packages/framework/tests/Unit/CustomExceptionsTest.php" line="39" class="Hyde\Framework\Testing\Unit\CustomExceptionsTest" classname="Hyde.Framework.Testing.Unit.CustomExceptionsTest" assertions="1" time="0.001813"/>
        <testcase name="testFileNotFoundExceptionWithDefaultMessage" file="/home/runner/work/develop/develop/packages/framework/tests/Unit/CustomExceptionsTest.php" line="44" class="Hyde\Framework\Testing\Unit\CustomExceptionsTest" classname="Hyde.Framework.Testing.Unit.CustomExceptionsTest" assertions="1" time="0.001611"/>
        <testcase name="testFileNotFoundExceptionWithPath" file="/home/runner/work/develop/develop/packages/framework/tests/Unit/CustomExceptionsTest.php" line="49" class="Hyde\Framework\Testing\Unit\CustomExceptionsTest" classname="Hyde.Framework.Testing.Unit.CustomExceptionsTest" assertions="1" time="0.001757"/>
        <testcase name="testFileNotFoundExceptionWithAbsolutePath" file="/home/runner/work/develop/develop/packages/framework/tests/Unit/CustomExceptionsTest.php" line="54" class="Hyde\Framework\Testing\Unit\CustomExceptionsTest" classname="Hyde.Framework.Testing.Unit.CustomExceptionsTest" assertions="1" time="0.001793"/>
        <testcase name="testFileNotFoundExceptionWithCustomPath" file="/home/runner/work/develop/develop/packages/framework/tests/Unit/CustomExceptionsTest.php" line="59" class="Hyde\Framework\Testing\Unit\CustomExceptionsTest" classname="Hyde.Framework.Testing.Unit.CustomExceptionsTest" assertions="1" time="0.001596"/>
        <testcase name="testRouteNotFoundExceptionWithDefaultMessage" file="/home/runner/work/develop/develop/packages/framework/tests/Unit/CustomExceptionsTest.php" line="64" class="Hyde\Framework\Testing\Unit\CustomExceptionsTest" classname="Hyde.Framework.Testing.Unit.CustomExceptionsTest" assertions="1" time="0.001626"/>
        <testcase name="testRouteNotFoundExceptionWithRouteKey" file="/home/runner/work/develop/develop/packages/framework/tests/Unit/CustomExceptionsTest.php" line="69" class="Hyde\Framework\Testing\Unit\CustomExceptionsTest" classname="Hyde.Framework.Testing.Unit.CustomExceptionsTest" assertions="1" time="0.001570"/>
        <testcase name="testUnsupportedPageTypeExceptionWithDefaultMessage" file="/home/runner/work/develop/develop/packages/framework/tests/Unit/CustomExceptionsTest.php" line="74" class="Hyde\Framework\Testing\Unit\CustomExceptionsTest" classname="Hyde.Framework.Testing.Unit.CustomExceptionsTest" assertions="1" time="0.001608"/>
        <testcase name="testUnsupportedPageTypeExceptionWithPage" file="/home/runner/work/develop/develop/packages/framework/tests/Unit/CustomExceptionsTest.php" line="79" class="Hyde\Framework\Testing\Unit\CustomExceptionsTest" classname="Hyde.Framework.Testing.Unit.CustomExceptionsTest" assertions="1" time="0.001605"/>
        <testcase name="testBaseUrlNotSetException" file="/home/runner/work/develop/develop/packages/framework/tests/Unit/CustomExceptionsTest.php" line="84" class="Hyde\Framework\Testing\Unit\CustomExceptionsTest" classname="Hyde.Framework.Testing.Unit.CustomExceptionsTest" assertions="1" time="0.001599"/>
        <testcase name="testFileConflictExceptionCode" file="/home/runner/work/develop/develop/packages/framework/tests/Unit/CustomExceptionsTest.php" line="89" class="Hyde\Framework\Testing\Unit\CustomExceptionsTest" classname="Hyde.Framework.Testing.Unit.CustomExceptionsTest" assertions="1" time="0.001566"/>
        <testcase name="testFileNotFoundExceptionCode" file="/home/runner/work/develop/develop/packages/framework/tests/Unit/CustomExceptionsTest.php" line="94" class="Hyde\Framework\Testing\Unit\CustomExceptionsTest" classname="Hyde.Framework.Testing.Unit.CustomExceptionsTest" assertions="1" time="0.001561"/>
        <testcase name="testRouteNotFoundExceptionCode" file="/home/runner/work/develop/develop/packages/framework/tests/Unit/CustomExceptionsTest.php" line="99" class="Hyde\Framework\Testing\Unit\CustomExceptionsTest" classname="Hyde.Framework.Testing.Unit.CustomExceptionsTest" assertions="1" time="0.001598"/>
        <testcase name="testUnsupportedPageTypeExceptionCode" file="/home/runner/work/develop/develop/packages/framework/tests/Unit/CustomExceptionsTest.php" line="104" class="Hyde\Framework\Testing\Unit\CustomExceptionsTest" classname="Hyde.Framework.Testing.Unit.CustomExceptionsTest" assertions="1" time="0.001568"/>
        <testcase name="testBaseUrlNotSetExceptionCode" file="/home/runner/work/develop/develop/packages/framework/tests/Unit/CustomExceptionsTest.php" line="109" class="Hyde\Framework\Testing\Unit\CustomExceptionsTest" classname="Hyde.Framework.Testing.Unit.CustomExceptionsTest" assertions="1" time="0.001543"/>
      </testsuite>
      <testsuite name="Hyde\Framework\Testing\Unit\DataCollectionUnitTest" file="/home/runner/work/develop/develop/packages/framework/tests/Unit/DataCollectionUnitTest.php" tests="9" assertions="9" errors="0" failures="0" skipped="0" time="0.017991">
        <testcase name="testClassHasStaticSourceDirectoryProperty" file="/home/runner/work/develop/develop/packages/framework/tests/Unit/DataCollectionUnitTest.php" line="26" class="Hyde\Framework\Testing\Unit\DataCollectionUnitTest" classname="Hyde.Framework.Testing.Unit.DataCollectionUnitTest" assertions="1" time="0.001570"/>
        <testcase name="testConstructorCreatesNewDataCollectionInstance" file="/home/runner/work/develop/develop/packages/framework/tests/Unit/DataCollectionUnitTest.php" line="31" class="Hyde\Framework\Testing\Unit\DataCollectionUnitTest" classname="Hyde.Framework.Testing.Unit.DataCollectionUnitTest" assertions="1" time="0.001506"/>
        <testcase name="testClassExtendsCollectionClass" file="/home/runner/work/develop/develop/packages/framework/tests/Unit/DataCollectionUnitTest.php" line="36" class="Hyde\Framework\Testing\Unit\DataCollectionUnitTest" classname="Hyde.Framework.Testing.Unit.DataCollectionUnitTest" assertions="1" time="0.001471"/>
        <testcase name="testCanConvertCollectionToArray" file="/home/runner/work/develop/develop/packages/framework/tests/Unit/DataCollectionUnitTest.php" line="41" class="Hyde\Framework\Testing\Unit\DataCollectionUnitTest" classname="Hyde.Framework.Testing.Unit.DataCollectionUnitTest" assertions="1" time="0.001546"/>
        <testcase name="testCanConvertCollectionToJson" file="/home/runner/work/develop/develop/packages/framework/tests/Unit/DataCollectionUnitTest.php" line="46" class="Hyde\Framework\Testing\Unit\DataCollectionUnitTest" classname="Hyde.Framework.Testing.Unit.DataCollectionUnitTest" assertions="1" time="0.001472"/>
        <testcase name="testFindMarkdownFilesCallsProperGlobPattern" file="/home/runner/work/develop/develop/packages/framework/tests/Unit/DataCollectionUnitTest.php" line="51" class="Hyde\Framework\Testing\Unit\DataCollectionUnitTest" classname="Hyde.Framework.Testing.Unit.DataCollectionUnitTest" assertions="1" time="0.002619"/>
        <testcase name="testFindMarkdownFilesWithNoFiles" file="/home/runner/work/develop/develop/packages/framework/tests/Unit/DataCollectionUnitTest.php" line="66" class="Hyde\Framework\Testing\Unit\DataCollectionUnitTest" classname="Hyde.Framework.Testing.Unit.DataCollectionUnitTest" assertions="1" time="0.002452"/>
        <testcase name="testFindMarkdownFilesWithFiles" file="/home/runner/work/develop/develop/packages/framework/tests/Unit/DataCollectionUnitTest.php" line="80" class="Hyde\Framework\Testing\Unit\DataCollectionUnitTest" classname="Hyde.Framework.Testing.Unit.DataCollectionUnitTest" assertions="1" time="0.002828"/>
        <testcase name="testStaticMarkdownHelperReturnsNewDataCollectionInstance" file="/home/runner/work/develop/develop/packages/framework/tests/Unit/DataCollectionUnitTest.php" line="95" class="Hyde\Framework\Testing\Unit\DataCollectionUnitTest" classname="Hyde.Framework.Testing.Unit.DataCollectionUnitTest" assertions="1" time="0.002526"/>
      </testsuite>
      <testsuite name="Hyde\Framework\Testing\Unit\DateStringTest" file="/home/runner/work/develop/develop/packages/framework/tests/Unit/DateStringTest.php" tests="6" assertions="6" errors="0" failures="0" skipped="0" time="0.008850">
        <testcase name="testItCanParseDateString" file="/home/runner/work/develop/develop/packages/framework/tests/Unit/DateStringTest.php" line="16" class="Hyde\Framework\Testing\Unit\DateStringTest" classname="Hyde.Framework.Testing.Unit.DateStringTest" assertions="1" time="0.001594"/>
        <testcase name="testItCanParseDateStringIntoDatetimeObject" file="/home/runner/work/develop/develop/packages/framework/tests/Unit/DateStringTest.php" line="22" class="Hyde\Framework\Testing\Unit\DateStringTest" classname="Hyde.Framework.Testing.Unit.DateStringTest" assertions="1" time="0.001454"/>
        <testcase name="testItCanFormatDateStringIntoMachineReadableString" file="/home/runner/work/develop/develop/packages/framework/tests/Unit/DateStringTest.php" line="28" class="Hyde\Framework\Testing\Unit\DateStringTest" classname="Hyde.Framework.Testing.Unit.DateStringTest" assertions="1" time="0.001463"/>
        <testcase name="testItCanFormatDateStringIntoHumanReadableString" file="/home/runner/work/develop/develop/packages/framework/tests/Unit/DateStringTest.php" line="34" class="Hyde\Framework\Testing\Unit\DateStringTest" classname="Hyde.Framework.Testing.Unit.DateStringTest" assertions="1" time="0.001421"/>
        <testcase name="testItCanFormatDateStringIntoShortHumanReadableString" file="/home/runner/work/develop/develop/packages/framework/tests/Unit/DateStringTest.php" line="40" class="Hyde\Framework\Testing\Unit\DateStringTest" classname="Hyde.Framework.Testing.Unit.DateStringTest" assertions="1" time="0.001436"/>
        <testcase name="testItCanFormatDateStringIntoShortHumanReadableStringUsingMagicMethod" file="/home/runner/work/develop/develop/packages/framework/tests/Unit/DateStringTest.php" line="46" class="Hyde\Framework\Testing\Unit\DateStringTest" classname="Hyde.Framework.Testing.Unit.DateStringTest" assertions="1" time="0.001483"/>
      </testsuite>
      <testsuite name="Hyde\Framework\Testing\Unit\DocumentationPageTest" file="/home/runner/work/develop/develop/packages/framework/tests/Unit/DocumentationPageTest.php" tests="28" assertions="42" errors="0" failures="0" skipped="0" time="0.159088">
        <testcase name="testCanGenerateTableOfContents" file="/home/runner/work/develop/develop/packages/framework/tests/Unit/DocumentationPageTest.php" line="25" class="Hyde\Framework\Testing\Unit\DocumentationPageTest" classname="Hyde.Framework.Testing.Unit.DocumentationPageTest" assertions="1" time="0.006983"/>
        <testcase name="testCanGetCurrentPagePath" file="/home/runner/work/develop/develop/packages/framework/tests/Unit/DocumentationPageTest.php" line="31" class="Hyde\Framework\Testing\Unit\DocumentationPageTest" classname="Hyde.Framework.Testing.Unit.DocumentationPageTest" assertions="1" time="0.004629"/>
        <testcase name="testCanGetCurrentCustomPagePath" file="/home/runner/work/develop/develop/packages/framework/tests/Unit/DocumentationPageTest.php" line="37" class="Hyde\Framework\Testing\Unit\DocumentationPageTest" classname="Hyde.Framework.Testing.Unit.DocumentationPageTest" assertions="1" time="0.006143"/>
        <testcase name="testCanGetCurrentPagePathWhenUsingFlattenedOutputPaths" file="/home/runner/work/develop/develop/packages/framework/tests/Unit/DocumentationPageTest.php" line="46" class="Hyde\Framework\Testing\Unit\DocumentationPageTest" classname="Hyde.Framework.Testing.Unit.DocumentationPageTest" assertions="2" time="0.006765"/>
        <testcase name="testCanGetCurrentPagePathWhenNotUsingFlattenedOutputPaths" file="/home/runner/work/develop/develop/packages/framework/tests/Unit/DocumentationPageTest.php" line="60" class="Hyde\Framework\Testing\Unit\DocumentationPageTest" classname="Hyde.Framework.Testing.Unit.DocumentationPageTest" assertions="2" time="0.006640"/>
        <testcase name="testCanGetOnlineSourcePath" file="/home/runner/work/develop/develop/packages/framework/tests/Unit/DocumentationPageTest.php" line="74" class="Hyde\Framework\Testing\Unit\DocumentationPageTest" classname="Hyde.Framework.Testing.Unit.DocumentationPageTest" assertions="1" time="0.005257"/>
        <testcase name="testCanGetOnlineSourcePathWithSourceFileLocationBase" file="/home/runner/work/develop/develop/packages/framework/tests/Unit/DocumentationPageTest.php" line="80" class="Hyde\Framework\Testing\Unit\DocumentationPageTest" classname="Hyde.Framework.Testing.Unit.DocumentationPageTest" assertions="1" time="0.005272"/>
        <testcase name="testCanGetOnlineSourcePathWithTrailingSlash" file="/home/runner/work/develop/develop/packages/framework/tests/Unit/DocumentationPageTest.php" line="87" class="Hyde\Framework\Testing\Unit\DocumentationPageTest" classname="Hyde.Framework.Testing.Unit.DocumentationPageTest" assertions="2" time="0.004953"/>
        <testcase name="testCanGetDocumentationOutputPath" file="/home/runner/work/develop/develop/packages/framework/tests/Unit/DocumentationPageTest.php" line="98" class="Hyde\Framework\Testing\Unit\DocumentationPageTest" classname="Hyde.Framework.Testing.Unit.DocumentationPageTest" assertions="1" time="0.003360"/>
        <testcase name="testCanGetDocumentationOutputPathWithCustomOutputDirectory" file="/home/runner/work/develop/develop/packages/framework/tests/Unit/DocumentationPageTest.php" line="103" class="Hyde\Framework\Testing\Unit\DocumentationPageTest" classname="Hyde.Framework.Testing.Unit.DocumentationPageTest" assertions="1" time="0.004029"/>
        <testcase name="testCanGetDocumentationOutputPathWithTrailingSlashes" file="/home/runner/work/develop/develop/packages/framework/tests/Unit/DocumentationPageTest.php" line="110" class="Hyde\Framework\Testing\Unit\DocumentationPageTest" classname="Hyde.Framework.Testing.Unit.DocumentationPageTest" assertions="5" time="0.007245"/>
        <testcase name="testGetSourcePathReturnsQualifiedBasename" file="/home/runner/work/develop/develop/packages/framework/tests/Unit/DocumentationPageTest.php" line="127" class="Hyde\Framework\Testing\Unit\DocumentationPageTest" classname="Hyde.Framework.Testing.Unit.DocumentationPageTest" assertions="1" time="0.004560"/>
        <testcase name="testGetSourcePathReturnsQualifiedBasenameForNestedPage" file="/home/runner/work/develop/develop/packages/framework/tests/Unit/DocumentationPageTest.php" line="135" class="Hyde\Framework\Testing\Unit\DocumentationPageTest" classname="Hyde.Framework.Testing.Unit.DocumentationPageTest" assertions="1" time="0.004572"/>
        <testcase name="testHomeMethodReturnsNullWhenThereIsNoIndexPage" file="/home/runner/work/develop/develop/packages/framework/tests/Unit/DocumentationPageTest.php" line="143" class="Hyde\Framework\Testing\Unit\DocumentationPageTest" classname="Hyde.Framework.Testing.Unit.DocumentationPageTest" assertions="1" time="0.007302"/>
        <testcase name="testHomeMethodReturnsDocsIndexRouteWhenItExists" file="/home/runner/work/develop/develop/packages/framework/tests/Unit/DocumentationPageTest.php" line="148" class="Hyde\Framework\Testing\Unit\DocumentationPageTest" classname="Hyde.Framework.Testing.Unit.DocumentationPageTest" assertions="2" time="0.009020"/>
        <testcase name="testHomeMethodFindsDocsIndexForCustomOutputDirectory" file="/home/runner/work/develop/develop/packages/framework/tests/Unit/DocumentationPageTest.php" line="156" class="Hyde\Framework\Testing\Unit\DocumentationPageTest" classname="Hyde.Framework.Testing.Unit.DocumentationPageTest" assertions="2" time="0.009435"/>
        <testcase name="testHomeMethodFindsDocsIndexForCustomNestedOutputDirectory" file="/home/runner/work/develop/develop/packages/framework/tests/Unit/DocumentationPageTest.php" line="168" class="Hyde\Framework\Testing\Unit\DocumentationPageTest" classname="Hyde.Framework.Testing.Unit.DocumentationPageTest" assertions="2" time="0.009556"/>
        <testcase name="testHomeRouteNameMethodReturnsOutputDirectorySlashIndex" file="/home/runner/work/develop/develop/packages/framework/tests/Unit/DocumentationPageTest.php" line="181" class="Hyde\Framework\Testing\Unit\DocumentationPageTest" classname="Hyde.Framework.Testing.Unit.DocumentationPageTest" assertions="1" time="0.003174"/>
        <testcase name="testHomeRouteNameMethodReturnsCustomizedOutputDirectorySlashIndex" file="/home/runner/work/develop/develop/packages/framework/tests/Unit/DocumentationPageTest.php" line="186" class="Hyde\Framework\Testing\Unit\DocumentationPageTest" classname="Hyde.Framework.Testing.Unit.DocumentationPageTest" assertions="1" time="0.004196"/>
        <testcase name="testHasTableOfContents" file="/home/runner/work/develop/develop/packages/framework/tests/Unit/DocumentationPageTest.php" line="194" class="Hyde\Framework\Testing\Unit\DocumentationPageTest" classname="Hyde.Framework.Testing.Unit.DocumentationPageTest" assertions="3" time="0.003476"/>
        <testcase name="testCompiledPagesOriginatingInSubdirectoriesGetOutputToRootDocsPath" file="/home/runner/work/develop/develop/packages/framework/tests/Unit/DocumentationPageTest.php" line="205" class="Hyde\Framework\Testing\Unit\DocumentationPageTest" classname="Hyde.Framework.Testing.Unit.DocumentationPageTest" assertions="1" time="0.004723"/>
        <testcase name="testCompiledPagesOriginatingInSubdirectoriesGetOutputToRootDocsPathWhenUsingFlattenedOutputPaths" file="/home/runner/work/develop/develop/packages/framework/tests/Unit/DocumentationPageTest.php" line="211" class="Hyde\Framework\Testing\Unit\DocumentationPageTest" classname="Hyde.Framework.Testing.Unit.DocumentationPageTest" assertions="1" time="0.004680"/>
        <testcase name="testCompiledPagesOriginatingInSubdirectoriesRetainSubdirectoryStructureWhenNotUsingFlattenedOutputPaths" file="/home/runner/work/develop/develop/packages/framework/tests/Unit/DocumentationPageTest.php" line="218" class="Hyde\Framework\Testing\Unit\DocumentationPageTest" classname="Hyde.Framework.Testing.Unit.DocumentationPageTest" assertions="1" time="0.004668"/>
        <testcase name="testPageHasFrontMatter" file="/home/runner/work/develop/develop/packages/framework/tests/Unit/DocumentationPageTest.php" line="225" class="Hyde\Framework\Testing\Unit\DocumentationPageTest" classname="Hyde.Framework.Testing.Unit.DocumentationPageTest" assertions="3" time="0.006170"/>
        <testcase name="testPageCanBeHiddenFromSidebarUsingFrontMatter" file="/home/runner/work/develop/develop/packages/framework/tests/Unit/DocumentationPageTest.php" line="239" class="Hyde\Framework\Testing\Unit\DocumentationPageTest" classname="Hyde.Framework.Testing.Unit.DocumentationPageTest" assertions="1" time="0.005613"/>
        <testcase name="testPageIsVisibleInSidebarWithoutUsingFrontMatter" file="/home/runner/work/develop/develop/packages/framework/tests/Unit/DocumentationPageTest.php" line="250" class="Hyde\Framework\Testing\Unit\DocumentationPageTest" classname="Hyde.Framework.Testing.Unit.DocumentationPageTest" assertions="1" time="0.005492"/>
        <testcase name="testPageCanSetSidebarPriorityUsingFrontMatter" file="/home/runner/work/develop/develop/packages/framework/tests/Unit/DocumentationPageTest.php" line="257" class="Hyde\Framework\Testing\Unit\DocumentationPageTest" classname="Hyde.Framework.Testing.Unit.DocumentationPageTest" assertions="1" time="0.005552"/>
        <testcase name="testPageCanSetSidebarLabelUsingFrontMatter" file="/home/runner/work/develop/develop/packages/framework/tests/Unit/DocumentationPageTest.php" line="268" class="Hyde\Framework\Testing\Unit\DocumentationPageTest" classname="Hyde.Framework.Testing.Unit.DocumentationPageTest" assertions="1" time="0.005622"/>
      </testsuite>
      <testsuite name="Hyde\Framework\Testing\Unit\DropdownNavItemTest" file="/home/runner/work/develop/develop/packages/framework/tests/Unit/DropdownNavItemTest.php" tests="7" assertions="12" errors="0" failures="0" skipped="0" time="0.013736">
        <testcase name="testConstruct" file="/home/runner/work/develop/develop/packages/framework/tests/Unit/DropdownNavItemTest.php" line="35" class="Hyde\Framework\Testing\Unit\DropdownNavItemTest" classname="Hyde.Framework.Testing.Unit.DropdownNavItemTest" assertions="3" time="0.001875"/>
        <testcase name="testConstructWithCustomPriority" file="/home/runner/work/develop/develop/packages/framework/tests/Unit/DropdownNavItemTest.php" line="44" class="Hyde\Framework\Testing\Unit\DropdownNavItemTest" classname="Hyde.Framework.Testing.Unit.DropdownNavItemTest" assertions="1" time="0.001486"/>
        <testcase name="testConstructWithNullPriority" file="/home/runner/work/develop/develop/packages/framework/tests/Unit/DropdownNavItemTest.php" line="51" class="Hyde\Framework\Testing\Unit\DropdownNavItemTest" classname="Hyde.Framework.Testing.Unit.DropdownNavItemTest" assertions="1" time="0.001534"/>
        <testcase name="testFromArray" file="/home/runner/work/develop/develop/packages/framework/tests/Unit/DropdownNavItemTest.php" line="58" class="Hyde\Framework\Testing\Unit\DropdownNavItemTest" classname="Hyde.Framework.Testing.Unit.DropdownNavItemTest" assertions="2" time="0.001591"/>
        <testcase name="testWithChildren" file="/home/runner/work/develop/develop/packages/framework/tests/Unit/DropdownNavItemTest.php" line="66" class="Hyde\Framework\Testing\Unit\DropdownNavItemTest" classname="Hyde.Framework.Testing.Unit.DropdownNavItemTest" assertions="2" time="0.002802"/>
        <testcase name="testGetItems" file="/home/runner/work/develop/develop/packages/framework/tests/Unit/DropdownNavItemTest.php" line="79" class="Hyde\Framework\Testing\Unit\DropdownNavItemTest" classname="Hyde.Framework.Testing.Unit.DropdownNavItemTest" assertions="2" time="0.002866"/>
        <testcase name="testCanSetPriorityInConfig" file="/home/runner/work/develop/develop/packages/framework/tests/Unit/DropdownNavItemTest.php" line="92" class="Hyde\Framework\Testing\Unit\DropdownNavItemTest" classname="Hyde.Framework.Testing.Unit.DropdownNavItemTest" assertions="1" time="0.001582"/>
      </testsuite>
      <testsuite name="Hyde\Framework\Testing\Unit\EnsureCodeFollowsNamingConventionTest" file="/home/runner/work/develop/develop/packages/framework/tests/Unit/EnsureCodeFollowsNamingConventionTest.php" tests="2" assertions="42" errors="0" failures="0" skipped="0" time="0.006908">
        <testcase name="testCommandsClassesFollowNamingConventions" file="/home/runner/work/develop/develop/packages/framework/tests/Unit/EnsureCodeFollowsNamingConventionTest.php" line="17" class="Hyde\Framework\Testing\Unit\EnsureCodeFollowsNamingConventionTest" classname="Hyde.Framework.Testing.Unit.EnsureCodeFollowsNamingConventionTest" assertions="35" time="0.004845"/>
        <testcase name="testActionEntryPointsFollowNamingConventions" file="/home/runner/work/develop/develop/packages/framework/tests/Unit/EnsureCodeFollowsNamingConventionTest.php" line="31" class="Hyde\Framework\Testing\Unit\EnsureCodeFollowsNamingConventionTest" classname="Hyde.Framework.Testing.Unit.EnsureCodeFollowsNamingConventionTest" assertions="7" time="0.002063"/>
      </testsuite>
      <testsuite name="Hyde\Framework\Testing\Unit\ExtensionsUnitTest" file="/home/runner/work/develop/develop/packages/framework/tests/Unit/ExtensionsUnitTest.php" tests="21" assertions="35" errors="0" failures="0" skipped="0" time="0.058244">
        <testcase name="testBaseClassGetPageClasses" file="/home/runner/work/develop/develop/packages/framework/tests/Unit/ExtensionsUnitTest.php" line="45" class="Hyde\Framework\Testing\Unit\ExtensionsUnitTest" classname="Hyde.Framework.Testing.Unit.ExtensionsUnitTest" assertions="1" time="0.002159"/>
        <testcase name="testBaseClassDiscoveryHandlers" file="/home/runner/work/develop/develop/packages/framework/tests/Unit/ExtensionsUnitTest.php" line="50" class="Hyde\Framework\Testing\Unit\ExtensionsUnitTest" classname="Hyde.Framework.Testing.Unit.ExtensionsUnitTest" assertions="1" time="0.005670"/>
        <testcase name="testCanRegisterNewExtension" file="/home/runner/work/develop/develop/packages/framework/tests/Unit/ExtensionsUnitTest.php" line="61" class="Hyde\Framework\Testing\Unit\ExtensionsUnitTest" classname="Hyde.Framework.Testing.Unit.ExtensionsUnitTest" assertions="1" time="0.001817"/>
        <testcase name="testRegisterExtensionAfterKernelIsBooted" file="/home/runner/work/develop/develop/packages/framework/tests/Unit/ExtensionsUnitTest.php" line="68" class="Hyde\Framework\Testing\Unit\ExtensionsUnitTest" classname="Hyde.Framework.Testing.Unit.ExtensionsUnitTest" assertions="2" time="0.005348"/>
        <testcase name="testRegisterExtensionWithInvalidExtensionClass" file="/home/runner/work/develop/develop/packages/framework/tests/Unit/ExtensionsUnitTest.php" line="78" class="Hyde\Framework\Testing\Unit\ExtensionsUnitTest" classname="Hyde.Framework.Testing.Unit.ExtensionsUnitTest" assertions="2" time="0.001927"/>
        <testcase name="testRegisterExtensionWithNonClassString" file="/home/runner/work/develop/develop/packages/framework/tests/Unit/ExtensionsUnitTest.php" line="86" class="Hyde\Framework\Testing\Unit\ExtensionsUnitTest" classname="Hyde.Framework.Testing.Unit.ExtensionsUnitTest" assertions="2" time="0.002014"/>
        <testcase name="testRegisterExtensionWithAlreadyRegisteredExtension" file="/home/runner/work/develop/develop/packages/framework/tests/Unit/ExtensionsUnitTest.php" line="94" class="Hyde\Framework\Testing\Unit\ExtensionsUnitTest" classname="Hyde.Framework.Testing.Unit.ExtensionsUnitTest" assertions="2" time="0.001919"/>
        <testcase name="testRegisterExtensionMethodDoesNotRegisterAlreadyRegisteredClasses" file="/home/runner/work/develop/develop/packages/framework/tests/Unit/ExtensionsUnitTest.php" line="103" class="Hyde\Framework\Testing\Unit\ExtensionsUnitTest" classname="Hyde.Framework.Testing.Unit.ExtensionsUnitTest" assertions="1" time="0.001916"/>
        <testcase name="testGetExtensionWithValidExtension" file="/home/runner/work/develop/develop/packages/framework/tests/Unit/ExtensionsUnitTest.php" line="116" class="Hyde\Framework\Testing\Unit\ExtensionsUnitTest" classname="Hyde.Framework.Testing.Unit.ExtensionsUnitTest" assertions="1" time="0.001756"/>
        <testcase name="testGetExtensionWithCustomExtension" file="/home/runner/work/develop/develop/packages/framework/tests/Unit/ExtensionsUnitTest.php" line="121" class="Hyde\Framework\Testing\Unit\ExtensionsUnitTest" classname="Hyde.Framework.Testing.Unit.ExtensionsUnitTest" assertions="1" time="0.001770"/>
        <testcase name="testGetExtensionWithInvalidExtension" file="/home/runner/work/develop/develop/packages/framework/tests/Unit/ExtensionsUnitTest.php" line="128" class="Hyde\Framework\Testing\Unit\ExtensionsUnitTest" classname="Hyde.Framework.Testing.Unit.ExtensionsUnitTest" assertions="2" time="0.001878"/>
        <testcase name="testGetExtensionGenerics" file="/home/runner/work/develop/develop/packages/framework/tests/Unit/ExtensionsUnitTest.php" line="136" class="Hyde\Framework\Testing\Unit\ExtensionsUnitTest" classname="Hyde.Framework.Testing.Unit.ExtensionsUnitTest" assertions="3" time="0.001924"/>
        <testcase name="testHasExtensionWithValidExtension" file="/home/runner/work/develop/develop/packages/framework/tests/Unit/ExtensionsUnitTest.php" line="148" class="Hyde\Framework\Testing\Unit\ExtensionsUnitTest" classname="Hyde.Framework.Testing.Unit.ExtensionsUnitTest" assertions="1" time="0.001745"/>
        <testcase name="testHasExtensionWithCustomExtension" file="/home/runner/work/develop/develop/packages/framework/tests/Unit/ExtensionsUnitTest.php" line="153" class="Hyde\Framework\Testing\Unit\ExtensionsUnitTest" classname="Hyde.Framework.Testing.Unit.ExtensionsUnitTest" assertions="1" time="0.002115"/>
        <testcase name="testHasExtensionWithInvalidExtension" file="/home/runner/work/develop/develop/packages/framework/tests/Unit/ExtensionsUnitTest.php" line="160" class="Hyde\Framework\Testing\Unit\ExtensionsUnitTest" classname="Hyde.Framework.Testing.Unit.ExtensionsUnitTest" assertions="1" time="0.001770"/>
        <testcase name="testFileHandlerDependencyInjection" file="/home/runner/work/develop/develop/packages/framework/tests/Unit/ExtensionsUnitTest.php" line="165" class="Hyde\Framework\Testing\Unit\ExtensionsUnitTest" classname="Hyde.Framework.Testing.Unit.ExtensionsUnitTest" assertions="1" time="0.002853"/>
        <testcase name="testPageHandlerDependencyInjection" file="/home/runner/work/develop/develop/packages/framework/tests/Unit/ExtensionsUnitTest.php" line="174" class="Hyde\Framework\Testing\Unit\ExtensionsUnitTest" classname="Hyde.Framework.Testing.Unit.ExtensionsUnitTest" assertions="4" time="0.007070"/>
        <testcase name="testRouteHandlerDependencyInjection" file="/home/runner/work/develop/develop/packages/framework/tests/Unit/ExtensionsUnitTest.php" line="183" class="Hyde\Framework\Testing\Unit\ExtensionsUnitTest" classname="Hyde.Framework.Testing.Unit.ExtensionsUnitTest" assertions="4" time="0.005479"/>
        <testcase name="testGetRegisteredPageClassesReturnsCoreExtensionClasses" file="/home/runner/work/develop/develop/packages/framework/tests/Unit/ExtensionsUnitTest.php" line="192" class="Hyde\Framework\Testing\Unit\ExtensionsUnitTest" classname="Hyde.Framework.Testing.Unit.ExtensionsUnitTest" assertions="1" time="0.002310"/>
        <testcase name="testGetRegisteredPageClassesMergesAllExtensionClasses" file="/home/runner/work/develop/develop/packages/framework/tests/Unit/ExtensionsUnitTest.php" line="197" class="Hyde\Framework\Testing\Unit\ExtensionsUnitTest" classname="Hyde.Framework.Testing.Unit.ExtensionsUnitTest" assertions="1" time="0.002320"/>
        <testcase name="testMergedRegisteredPageClassesArrayContents" file="/home/runner/work/develop/develop/packages/framework/tests/Unit/ExtensionsUnitTest.php" line="207" class="Hyde\Framework\Testing\Unit\ExtensionsUnitTest" classname="Hyde.Framework.Testing.Unit.ExtensionsUnitTest" assertions="2" time="0.002482"/>
      </testsuite>
      <testsuite name="Hyde\Framework\Testing\Unit\Facades\AssetFacadeTest" file="/home/runner/work/develop/develop/packages/framework/tests/Unit/Facades/AssetFacadeTest.php" tests="3" assertions="3" errors="0" failures="0" skipped="0" time="0.009885">
        <testcase name="testAssetFacadeReturnsTheAssetService" file="/home/runner/work/develop/develop/packages/framework/tests/Unit/Facades/AssetFacadeTest.php" line="16" class="Hyde\Framework\Testing\Unit\Facades\AssetFacadeTest" classname="Hyde.Framework.Testing.Unit.Facades.AssetFacadeTest" assertions="1" time="0.003437"/>
        <testcase name="testFacadeReturnsSameInstanceAsBoundByTheContainer" file="/home/runner/work/develop/develop/packages/framework/tests/Unit/Facades/AssetFacadeTest.php" line="21" class="Hyde\Framework\Testing\Unit\Facades\AssetFacadeTest" classname="Hyde.Framework.Testing.Unit.Facades.AssetFacadeTest" assertions="1" time="0.003234"/>
        <testcase name="testAssetFacadeCanCallMethodsOnTheAssetService" file="/home/runner/work/develop/develop/packages/framework/tests/Unit/Facades/AssetFacadeTest.php" line="26" class="Hyde\Framework\Testing\Unit\Facades\AssetFacadeTest" classname="Hyde.Framework.Testing.Unit.Facades.AssetFacadeTest" assertions="1" time="0.003213"/>
      </testsuite>
      <testsuite name="Hyde\Framework\Testing\Unit\Facades\AuthorTest" file="/home/runner/work/develop/develop/packages/framework/tests/Unit/Facades/AuthorTest.php" tests="3" assertions="10" errors="0" failures="0" skipped="0" time="0.010942">
        <testcase name="testCreate" file="/home/runner/work/develop/develop/packages/framework/tests/Unit/Facades/AuthorTest.php" line="16" class="Hyde\Framework\Testing\Unit\Facades\AuthorTest" classname="Hyde.Framework.Testing.Unit.Facades.AuthorTest" assertions="4" time="0.003447"/>
        <testcase name="testGet" file="/home/runner/work/develop/develop/packages/framework/tests/Unit/Facades/AuthorTest.php" line="27" class="Hyde\Framework\Testing\Unit\Facades\AuthorTest" classname="Hyde.Framework.Testing.Unit.Facades.AuthorTest" assertions="4" time="0.004168"/>
        <testcase name="testAll" file="/home/runner/work/develop/develop/packages/framework/tests/Unit/Facades/AuthorTest.php" line="38" class="Hyde\Framework\Testing\Unit\Facades\AuthorTest" classname="Hyde.Framework.Testing.Unit.Facades.AuthorTest" assertions="2" time="0.003327"/>
      </testsuite>
      <testsuite name="Hyde\Framework\Testing\Unit\Facades\HydeFacadesAreAliasedInAppConfigTest" file="/home/runner/work/develop/develop/packages/framework/tests/Unit/Facades/HydeFacadesAreAliasedInAppConfigTest.php" tests="1" assertions="8" errors="0" failures="0" skipped="0" time="0.005061">
        <testcase name="testAllFacadesAreAliasedInAppConfig" file="/home/runner/work/develop/develop/packages/framework/tests/Unit/Facades/HydeFacadesAreAliasedInAppConfigTest.php" line="12" class="Hyde\Framework\Testing\Unit\Facades\HydeFacadesAreAliasedInAppConfigTest" classname="Hyde.Framework.Testing.Unit.Facades.HydeFacadesAreAliasedInAppConfigTest" assertions="8" time="0.005061"/>
      </testsuite>
      <testsuite name="Hyde\Framework\Testing\Unit\Facades\RouteFacadeTest" file="/home/runner/work/develop/develop/packages/framework/tests/Unit/Facades/RouteFacadeTest.php" tests="10" assertions="10" errors="0" failures="0" skipped="0" time="0.025499">
        <testcase name="testRouteFacadeAllMethodReturnsAllRoutes" file="/home/runner/work/develop/develop/packages/framework/tests/Unit/Facades/RouteFacadeTest.php" line="29" class="Hyde\Framework\Testing\Unit\Facades\RouteFacadeTest" classname="Hyde.Framework.Testing.Unit.Facades.RouteFacadeTest" assertions="1" time="0.005700"/>
        <testcase name="testGetOrFailThrowsExceptionIfRouteIsNotFound" file="/home/runner/work/develop/develop/packages/framework/tests/Unit/Facades/RouteFacadeTest.php" line="34" class="Hyde\Framework\Testing\Unit\Facades\RouteFacadeTest" classname="Hyde.Framework.Testing.Unit.Facades.RouteFacadeTest" assertions="1" time="0.001676"/>
        <testcase name="testGetReturnsRouteFromRouterIndex" file="/home/runner/work/develop/develop/packages/framework/tests/Unit/Facades/RouteFacadeTest.php" line="40" class="Hyde\Framework\Testing\Unit\Facades\RouteFacadeTest" classname="Hyde.Framework.Testing.Unit.Facades.RouteFacadeTest" assertions="1" time="0.001548"/>
        <testcase name="testGetReturnsRouteFromRouterIndexForTheRightPage" file="/home/runner/work/develop/develop/packages/framework/tests/Unit/Facades/RouteFacadeTest.php" line="45" class="Hyde\Framework\Testing\Unit\Facades\RouteFacadeTest" classname="Hyde.Framework.Testing.Unit.Facades.RouteFacadeTest" assertions="1" time="0.003935"/>
        <testcase name="testGetFromReturnsNullIfRouteIsNotFound" file="/home/runner/work/develop/develop/packages/framework/tests/Unit/Facades/RouteFacadeTest.php" line="50" class="Hyde\Framework\Testing\Unit\Facades\RouteFacadeTest" classname="Hyde.Framework.Testing.Unit.Facades.RouteFacadeTest" assertions="1" time="0.001684"/>
        <testcase name="testGetSupportsDotNotation" file="/home/runner/work/develop/develop/packages/framework/tests/Unit/Facades/RouteFacadeTest.php" line="55" class="Hyde\Framework\Testing\Unit\Facades\RouteFacadeTest" classname="Hyde.Framework.Testing.Unit.Facades.RouteFacadeTest" assertions="1" time="0.003036"/>
        <testcase name="testCurrentReturnsCurrentRoute" file="/home/runner/work/develop/develop/packages/framework/tests/Unit/Facades/RouteFacadeTest.php" line="61" class="Hyde\Framework\Testing\Unit\Facades\RouteFacadeTest" classname="Hyde.Framework.Testing.Unit.Facades.RouteFacadeTest" assertions="1" time="0.003056"/>
        <testcase name="testCurrentReturnsNullIfRouteIsNotFound" file="/home/runner/work/develop/develop/packages/framework/tests/Unit/Facades/RouteFacadeTest.php" line="69" class="Hyde\Framework\Testing\Unit\Facades\RouteFacadeTest" classname="Hyde.Framework.Testing.Unit.Facades.RouteFacadeTest" assertions="1" time="0.001820"/>
        <testcase name="testExistsForExistingRoute" file="/home/runner/work/develop/develop/packages/framework/tests/Unit/Facades/RouteFacadeTest.php" line="76" class="Hyde\Framework\Testing\Unit\Facades\RouteFacadeTest" classname="Hyde.Framework.Testing.Unit.Facades.RouteFacadeTest" assertions="1" time="0.001532"/>
        <testcase name="testExistsForNonExistingRoute" file="/home/runner/work/develop/develop/packages/framework/tests/Unit/Facades/RouteFacadeTest.php" line="81" class="Hyde\Framework\Testing\Unit\Facades\RouteFacadeTest" classname="Hyde.Framework.Testing.Unit.Facades.RouteFacadeTest" assertions="1" time="0.001514"/>
      </testsuite>
      <testsuite name="Hyde\Framework\Testing\Unit\FeaturedImageUnitTest" file="/home/runner/work/develop/develop/packages/framework/tests/Unit/FeaturedImageUnitTest.php" tests="20" assertions="39" errors="0" failures="0" skipped="0" time="0.031956">
        <testcase name="testCanConstruct" file="/home/runner/work/develop/develop/packages/framework/tests/Unit/FeaturedImageUnitTest.php" line="23" class="Hyde\Framework\Testing\Unit\FeaturedImageUnitTest" classname="Hyde.Framework.Testing.Unit.FeaturedImageUnitTest" assertions="1" time="0.001619"/>
        <testcase name="testGetAltText" file="/home/runner/work/develop/develop/packages/framework/tests/Unit/FeaturedImageUnitTest.php" line="28" class="Hyde\Framework\Testing\Unit\FeaturedImageUnitTest" classname="Hyde.Framework.Testing.Unit.FeaturedImageUnitTest" assertions="2" time="0.001604"/>
        <testcase name="testGetTitleText" file="/home/runner/work/develop/develop/packages/framework/tests/Unit/FeaturedImageUnitTest.php" line="34" class="Hyde\Framework\Testing\Unit\FeaturedImageUnitTest" classname="Hyde.Framework.Testing.Unit.FeaturedImageUnitTest" assertions="2" time="0.001596"/>
        <testcase name="testGetAuthorName" file="/home/runner/work/develop/develop/packages/framework/tests/Unit/FeaturedImageUnitTest.php" line="40" class="Hyde\Framework\Testing\Unit\FeaturedImageUnitTest" classname="Hyde.Framework.Testing.Unit.FeaturedImageUnitTest" assertions="2" time="0.001577"/>
        <testcase name="testGetAuthorUrl" file="/home/runner/work/develop/develop/packages/framework/tests/Unit/FeaturedImageUnitTest.php" line="46" class="Hyde\Framework\Testing\Unit\FeaturedImageUnitTest" classname="Hyde.Framework.Testing.Unit.FeaturedImageUnitTest" assertions="2" time="0.001579"/>
        <testcase name="testGetCopyrightText" file="/home/runner/work/develop/develop/packages/framework/tests/Unit/FeaturedImageUnitTest.php" line="52" class="Hyde\Framework\Testing\Unit\FeaturedImageUnitTest" classname="Hyde.Framework.Testing.Unit.FeaturedImageUnitTest" assertions="2" time="0.001598"/>
        <testcase name="testGetLicenseName" file="/home/runner/work/develop/develop/packages/framework/tests/Unit/FeaturedImageUnitTest.php" line="58" class="Hyde\Framework\Testing\Unit\FeaturedImageUnitTest" classname="Hyde.Framework.Testing.Unit.FeaturedImageUnitTest" assertions="2" time="0.001579"/>
        <testcase name="testGetLicenseUrl" file="/home/runner/work/develop/develop/packages/framework/tests/Unit/FeaturedImageUnitTest.php" line="64" class="Hyde\Framework\Testing\Unit\FeaturedImageUnitTest" classname="Hyde.Framework.Testing.Unit.FeaturedImageUnitTest" assertions="2" time="0.001574"/>
        <testcase name="testHasAltText" file="/home/runner/work/develop/develop/packages/framework/tests/Unit/FeaturedImageUnitTest.php" line="70" class="Hyde\Framework\Testing\Unit\FeaturedImageUnitTest" classname="Hyde.Framework.Testing.Unit.FeaturedImageUnitTest" assertions="2" time="0.001581"/>
        <testcase name="testHasTitleText" file="/home/runner/work/develop/develop/packages/framework/tests/Unit/FeaturedImageUnitTest.php" line="76" class="Hyde\Framework\Testing\Unit\FeaturedImageUnitTest" classname="Hyde.Framework.Testing.Unit.FeaturedImageUnitTest" assertions="2" time="0.001563"/>
        <testcase name="testHasAuthorName" file="/home/runner/work/develop/develop/packages/framework/tests/Unit/FeaturedImageUnitTest.php" line="82" class="Hyde\Framework\Testing\Unit\FeaturedImageUnitTest" classname="Hyde.Framework.Testing.Unit.FeaturedImageUnitTest" assertions="2" time="0.001657"/>
        <testcase name="testHasAuthorUrl" file="/home/runner/work/develop/develop/packages/framework/tests/Unit/FeaturedImageUnitTest.php" line="88" class="Hyde\Framework\Testing\Unit\FeaturedImageUnitTest" classname="Hyde.Framework.Testing.Unit.FeaturedImageUnitTest" assertions="2" time="0.001593"/>
        <testcase name="testHasCopyrightText" file="/home/runner/work/develop/develop/packages/framework/tests/Unit/FeaturedImageUnitTest.php" line="94" class="Hyde\Framework\Testing\Unit\FeaturedImageUnitTest" classname="Hyde.Framework.Testing.Unit.FeaturedImageUnitTest" assertions="2" time="0.001564"/>
        <testcase name="testHasLicenseName" file="/home/runner/work/develop/develop/packages/framework/tests/Unit/FeaturedImageUnitTest.php" line="100" class="Hyde\Framework\Testing\Unit\FeaturedImageUnitTest" classname="Hyde.Framework.Testing.Unit.FeaturedImageUnitTest" assertions="2" time="0.001584"/>
        <testcase name="testHasLicenseUrl" file="/home/runner/work/develop/develop/packages/framework/tests/Unit/FeaturedImageUnitTest.php" line="106" class="Hyde\Framework\Testing\Unit\FeaturedImageUnitTest" classname="Hyde.Framework.Testing.Unit.FeaturedImageUnitTest" assertions="2" time="0.001557"/>
        <testcase name="testGetType" file="/home/runner/work/develop/develop/packages/framework/tests/Unit/FeaturedImageUnitTest.php" line="112" class="Hyde\Framework\Testing\Unit\FeaturedImageUnitTest" classname="Hyde.Framework.Testing.Unit.FeaturedImageUnitTest" assertions="2" time="0.001551"/>
        <testcase name="testGetContentLength" file="/home/runner/work/develop/develop/packages/framework/tests/Unit/FeaturedImageUnitTest.php" line="118" class="Hyde\Framework\Testing\Unit\FeaturedImageUnitTest" classname="Hyde.Framework.Testing.Unit.FeaturedImageUnitTest" assertions="2" time="0.001601"/>
        <testcase name="testFeaturedImageGetContentLengthWithNoSource" file="/home/runner/work/develop/develop/packages/framework/tests/Unit/FeaturedImageUnitTest.php" line="124" class="Hyde\Framework\Testing\Unit\FeaturedImageUnitTest" classname="Hyde.Framework.Testing.Unit.FeaturedImageUnitTest" assertions="2" time="0.001862"/>
        <testcase name="testCanConstructFeaturedImageWithRemoteSource" file="/home/runner/work/develop/develop/packages/framework/tests/Unit/FeaturedImageUnitTest.php" line="133" class="Hyde\Framework\Testing\Unit\FeaturedImageUnitTest" classname="Hyde.Framework.Testing.Unit.FeaturedImageUnitTest" assertions="2" time="0.001557"/>
        <testcase name="testCanConstructFeaturedImageWithHttps" file="/home/runner/work/develop/develop/packages/framework/tests/Unit/FeaturedImageUnitTest.php" line="141" class="Hyde\Framework\Testing\Unit\FeaturedImageUnitTest" classname="Hyde.Framework.Testing.Unit.FeaturedImageUnitTest" assertions="2" time="0.001560"/>
      </testsuite>
      <testsuite name="Hyde\Framework\Testing\Unit\FileConflictExceptionTest" file="/home/runner/work/develop/develop/packages/framework/tests/Unit/FileConflictExceptionTest.php" tests="6" assertions="6" errors="0" failures="0" skipped="0" time="0.009125">
        <testcase name="testItCanBeInstantiated" file="/home/runner/work/develop/develop/packages/framework/tests/Unit/FileConflictExceptionTest.php" line="16" class="Hyde\Framework\Testing\Unit\FileConflictExceptionTest" classname="Hyde.Framework.Testing.Unit.FileConflictExceptionTest" assertions="1" time="0.001579"/>
        <testcase name="testItCanBeThrown" file="/home/runner/work/develop/develop/packages/framework/tests/Unit/FileConflictExceptionTest.php" line="21" class="Hyde\Framework\Testing\Unit\FileConflictExceptionTest" classname="Hyde.Framework.Testing.Unit.FileConflictExceptionTest" assertions="1" time="0.001401"/>
        <testcase name="testExceptionCode" file="/home/runner/work/develop/develop/packages/framework/tests/Unit/FileConflictExceptionTest.php" line="28" class="Hyde\Framework\Testing\Unit\FileConflictExceptionTest" classname="Hyde.Framework.Testing.Unit.FileConflictExceptionTest" assertions="1" time="0.001369"/>
        <testcase name="testExceptionMessage" file="/home/runner/work/develop/develop/packages/framework/tests/Unit/FileConflictExceptionTest.php" line="33" class="Hyde\Framework\Testing\Unit\FileConflictExceptionTest" classname="Hyde.Framework.Testing.Unit.FileConflictExceptionTest" assertions="1" time="0.001373"/>
        <testcase name="testExceptionMessageWithPath" file="/home/runner/work/develop/develop/packages/framework/tests/Unit/FileConflictExceptionTest.php" line="38" class="Hyde\Framework\Testing\Unit\FileConflictExceptionTest" classname="Hyde.Framework.Testing.Unit.FileConflictExceptionTest" assertions="1" time="0.001709"/>
        <testcase name="testExceptionMessageWithAbsolutePath" file="/home/runner/work/develop/develop/packages/framework/tests/Unit/FileConflictExceptionTest.php" line="44" class="Hyde\Framework\Testing\Unit\FileConflictExceptionTest" classname="Hyde.Framework.Testing.Unit.FileConflictExceptionTest" assertions="1" time="0.001695"/>
      </testsuite>
      <testsuite name="Hyde\Framework\Testing\Unit\Foundation\HyperlinkFileHelperRelativeLinkTest" file="/home/runner/work/develop/develop/packages/framework/tests/Unit/Foundation/HyperlinkFileHelperRelativeLinkTest.php" tests="16" assertions="29" errors="0" failures="0" skipped="0" time="0.052118">
        <testcase name="testHelperReturnsStringAsIsIfCurrentIsNotSet" file="/home/runner/work/develop/develop/packages/framework/tests/Unit/Foundation/HyperlinkFileHelperRelativeLinkTest.php" line="32" class="Hyde\Framework\Testing\Unit\Foundation\HyperlinkFileHelperRelativeLinkTest" classname="Hyde.Framework.Testing.Unit.Foundation.HyperlinkFileHelperRelativeLinkTest" assertions="1" time="0.001965"/>
        <testcase name="testHelperInjectsProperNumberOfDoublesSlash" file="/home/runner/work/develop/develop/packages/framework/tests/Unit/Foundation/HyperlinkFileHelperRelativeLinkTest.php" line="37" class="Hyde\Framework\Testing\Unit\Foundation\HyperlinkFileHelperRelativeLinkTest" classname="Hyde.Framework.Testing.Unit.Foundation.HyperlinkFileHelperRelativeLinkTest" assertions="1" time="0.003106"/>
        <testcase name="testHelperInjectsProperNumberOfDoublesSlashForDeeplyNestedPaths" file="/home/runner/work/develop/develop/packages/framework/tests/Unit/Foundation/HyperlinkFileHelperRelativeLinkTest.php" line="43" class="Hyde\Framework\Testing\Unit\Foundation\HyperlinkFileHelperRelativeLinkTest" classname="Hyde.Framework.Testing.Unit.Foundation.HyperlinkFileHelperRelativeLinkTest" assertions="1" time="0.002919"/>
        <testcase name="testHelperHandlesDestinationWithoutFileExtension" file="/home/runner/work/develop/develop/packages/framework/tests/Unit/Foundation/HyperlinkFileHelperRelativeLinkTest.php" line="49" class="Hyde\Framework\Testing\Unit\Foundation\HyperlinkFileHelperRelativeLinkTest" classname="Hyde.Framework.Testing.Unit.Foundation.HyperlinkFileHelperRelativeLinkTest" assertions="1" time="0.002937"/>
        <testcase name="testHelperHandlesCurrentWithoutFileExtension" file="/home/runner/work/develop/develop/packages/framework/tests/Unit/Foundation/HyperlinkFileHelperRelativeLinkTest.php" line="55" class="Hyde\Framework\Testing\Unit\Foundation\HyperlinkFileHelperRelativeLinkTest" classname="Hyde.Framework.Testing.Unit.Foundation.HyperlinkFileHelperRelativeLinkTest" assertions="1" time="0.002901"/>
        <testcase name="testHelperHandlesCaseWithoutAnyFileExtensions" file="/home/runner/work/develop/develop/packages/framework/tests/Unit/Foundation/HyperlinkFileHelperRelativeLinkTest.php" line="61" class="Hyde\Framework\Testing\Unit\Foundation\HyperlinkFileHelperRelativeLinkTest" classname="Hyde.Framework.Testing.Unit.Foundation.HyperlinkFileHelperRelativeLinkTest" assertions="1" time="0.002907"/>
        <testcase name="testHelperHandlesCaseWithMixedFileExtensions" file="/home/runner/work/develop/develop/packages/framework/tests/Unit/Foundation/HyperlinkFileHelperRelativeLinkTest.php" line="67" class="Hyde\Framework\Testing\Unit\Foundation\HyperlinkFileHelperRelativeLinkTest" classname="Hyde.Framework.Testing.Unit.Foundation.HyperlinkFileHelperRelativeLinkTest" assertions="2" time="0.003493"/>
        <testcase name="testHelperHandlesDifferentFileExtensions" file="/home/runner/work/develop/develop/packages/framework/tests/Unit/Foundation/HyperlinkFileHelperRelativeLinkTest.php" line="75" class="Hyde\Framework\Testing\Unit\Foundation\HyperlinkFileHelperRelativeLinkTest" classname="Hyde.Framework.Testing.Unit.Foundation.HyperlinkFileHelperRelativeLinkTest" assertions="3" time="0.003147"/>
        <testcase name="testHelperReturnsPrettyUrlIfEnabledAndDestinationIsAHtmlFile" file="/home/runner/work/develop/develop/packages/framework/tests/Unit/Foundation/HyperlinkFileHelperRelativeLinkTest.php" line="83" class="Hyde\Framework\Testing\Unit\Foundation\HyperlinkFileHelperRelativeLinkTest" classname="Hyde.Framework.Testing.Unit.Foundation.HyperlinkFileHelperRelativeLinkTest" assertions="1" time="0.003071"/>
        <testcase name="testHelperMethodDoesNotRequireCurrentPathToBeHtmlToUsePrettyUrls" file="/home/runner/work/develop/develop/packages/framework/tests/Unit/Foundation/HyperlinkFileHelperRelativeLinkTest.php" line="90" class="Hyde\Framework\Testing\Unit\Foundation\HyperlinkFileHelperRelativeLinkTest" classname="Hyde.Framework.Testing.Unit.Foundation.HyperlinkFileHelperRelativeLinkTest" assertions="1" time="0.003071"/>
        <testcase name="testHelperReturnsDoesNotReturnPrettyUrlIfWhenEnabledButAndDestinationIsNotAHtmlFile" file="/home/runner/work/develop/develop/packages/framework/tests/Unit/Foundation/HyperlinkFileHelperRelativeLinkTest.php" line="97" class="Hyde\Framework\Testing\Unit\Foundation\HyperlinkFileHelperRelativeLinkTest" classname="Hyde.Framework.Testing.Unit.Foundation.HyperlinkFileHelperRelativeLinkTest" assertions="1" time="0.003102"/>
        <testcase name="testHelperRewritesIndexWhenUsingPrettyUrls" file="/home/runner/work/develop/develop/packages/framework/tests/Unit/Foundation/HyperlinkFileHelperRelativeLinkTest.php" line="104" class="Hyde\Framework\Testing\Unit\Foundation\HyperlinkFileHelperRelativeLinkTest" classname="Hyde.Framework.Testing.Unit.Foundation.HyperlinkFileHelperRelativeLinkTest" assertions="3" time="0.004199"/>
        <testcase name="testHelperDoesNotRewriteIndexWhenNotUsingPrettyUrls" file="/home/runner/work/develop/develop/packages/framework/tests/Unit/Foundation/HyperlinkFileHelperRelativeLinkTest.php" line="115" class="Hyde\Framework\Testing\Unit\Foundation\HyperlinkFileHelperRelativeLinkTest" classname="Hyde.Framework.Testing.Unit.Foundation.HyperlinkFileHelperRelativeLinkTest" assertions="3" time="0.004185"/>
        <testcase name="testHelperRewritesDocumentationPageIndexWhenUsingPrettyUrls" file="/home/runner/work/develop/develop/packages/framework/tests/Unit/Foundation/HyperlinkFileHelperRelativeLinkTest.php" line="126" class="Hyde\Framework\Testing\Unit\Foundation\HyperlinkFileHelperRelativeLinkTest" classname="Hyde.Framework.Testing.Unit.Foundation.HyperlinkFileHelperRelativeLinkTest" assertions="4" time="0.004768"/>
        <testcase name="testHelperDoesNotRewriteDocumentationPageIndexWhenNotUsingPrettyUrls" file="/home/runner/work/develop/develop/packages/framework/tests/Unit/Foundation/HyperlinkFileHelperRelativeLinkTest.php" line="139" class="Hyde\Framework\Testing\Unit\Foundation\HyperlinkFileHelperRelativeLinkTest" classname="Hyde.Framework.Testing.Unit.Foundation.HyperlinkFileHelperRelativeLinkTest" assertions="4" time="0.004771"/>
        <testcase name="testHelperDoesNotRewriteAlreadyProcessedLinks" file="/home/runner/work/develop/develop/packages/framework/tests/Unit/Foundation/HyperlinkFileHelperRelativeLinkTest.php" line="152" class="Hyde\Framework\Testing\Unit\Foundation\HyperlinkFileHelperRelativeLinkTest" classname="Hyde.Framework.Testing.Unit.Foundation.HyperlinkFileHelperRelativeLinkTest" assertions="1" time="0.001574"/>
      </testsuite>
      <testsuite name="Hyde\Framework\Testing\Unit\Foundation\HyperlinkFormatHtmlPathTest" file="/home/runner/work/develop/develop/packages/framework/tests/Unit/Foundation/HyperlinkFormatHtmlPathTest.php" tests="14" assertions="14" errors="0" failures="0" skipped="0" time="0.023460">
        <testcase name="testHelperReturnsStringAsIsIfPrettyUrlsIsNotTrue" file="/home/runner/work/develop/develop/packages/framework/tests/Unit/Foundation/HyperlinkFormatHtmlPathTest.php" line="21" class="Hyde\Framework\Testing\Unit\Foundation\HyperlinkFormatHtmlPathTest" classname="Hyde.Framework.Testing.Unit.Foundation.HyperlinkFormatHtmlPathTest" assertions="1" time="0.001818"/>
        <testcase name="testHelperReturnsPrettyUrlIfPrettyUrlsIsTrue" file="/home/runner/work/develop/develop/packages/framework/tests/Unit/Foundation/HyperlinkFormatHtmlPathTest.php" line="28" class="Hyde\Framework\Testing\Unit\Foundation\HyperlinkFormatHtmlPathTest" classname="Hyde.Framework.Testing.Unit.Foundation.HyperlinkFormatHtmlPathTest" assertions="1" time="0.001680"/>
        <testcase name="testHelperRespectsAbsoluteUrls" file="/home/runner/work/develop/develop/packages/framework/tests/Unit/Foundation/HyperlinkFormatHtmlPathTest.php" line="35" class="Hyde\Framework\Testing\Unit\Foundation\HyperlinkFormatHtmlPathTest" classname="Hyde.Framework.Testing.Unit.Foundation.HyperlinkFormatHtmlPathTest" assertions="1" time="0.001652"/>
        <testcase name="testHelperRespectsPrettyAbsoluteUrls" file="/home/runner/work/develop/develop/packages/framework/tests/Unit/Foundation/HyperlinkFormatHtmlPathTest.php" line="41" class="Hyde\Framework\Testing\Unit\Foundation\HyperlinkFormatHtmlPathTest" classname="Hyde.Framework.Testing.Unit.Foundation.HyperlinkFormatHtmlPathTest" assertions="1" time="0.001633"/>
        <testcase name="testHelperRespectsRelativeUrls" file="/home/runner/work/develop/develop/packages/framework/tests/Unit/Foundation/HyperlinkFormatHtmlPathTest.php" line="47" class="Hyde\Framework\Testing\Unit\Foundation\HyperlinkFormatHtmlPathTest" classname="Hyde.Framework.Testing.Unit.Foundation.HyperlinkFormatHtmlPathTest" assertions="1" time="0.001616"/>
        <testcase name="testHelperRespectsPrettyRelativeUrls" file="/home/runner/work/develop/develop/packages/framework/tests/Unit/Foundation/HyperlinkFormatHtmlPathTest.php" line="53" class="Hyde\Framework\Testing\Unit\Foundation\HyperlinkFormatHtmlPathTest" classname="Hyde.Framework.Testing.Unit.Foundation.HyperlinkFormatHtmlPathTest" assertions="1" time="0.001637"/>
        <testcase name="testNonHtmlLinksAreNotModified" file="/home/runner/work/develop/develop/packages/framework/tests/Unit/Foundation/HyperlinkFormatHtmlPathTest.php" line="59" class="Hyde\Framework\Testing\Unit\Foundation\HyperlinkFormatHtmlPathTest" classname="Hyde.Framework.Testing.Unit.Foundation.HyperlinkFormatHtmlPathTest" assertions="1" time="0.001629"/>
        <testcase name="testHelperRespectsAbsoluteUrlsWithPrettyUrlsEnabled" file="/home/runner/work/develop/develop/packages/framework/tests/Unit/Foundation/HyperlinkFormatHtmlPathTest.php" line="65" class="Hyde\Framework\Testing\Unit\Foundation\HyperlinkFormatHtmlPathTest" classname="Hyde.Framework.Testing.Unit.Foundation.HyperlinkFormatHtmlPathTest" assertions="1" time="0.001673"/>
        <testcase name="testHelperRewritesIndexWhenUsingPrettyUrls" file="/home/runner/work/develop/develop/packages/framework/tests/Unit/Foundation/HyperlinkFormatHtmlPathTest.php" line="71" class="Hyde\Framework\Testing\Unit\Foundation\HyperlinkFormatHtmlPathTest" classname="Hyde.Framework.Testing.Unit.Foundation.HyperlinkFormatHtmlPathTest" assertions="1" time="0.001698"/>
        <testcase name="testHelperDoesNotRewriteIndexWhenNotUsingPrettyUrls" file="/home/runner/work/develop/develop/packages/framework/tests/Unit/Foundation/HyperlinkFormatHtmlPathTest.php" line="77" class="Hyde\Framework\Testing\Unit\Foundation\HyperlinkFormatHtmlPathTest" classname="Hyde.Framework.Testing.Unit.Foundation.HyperlinkFormatHtmlPathTest" assertions="1" time="0.001672"/>
        <testcase name="testHelperRewritesDocumentationPageIndexWhenUsingPrettyUrls" file="/home/runner/work/develop/develop/packages/framework/tests/Unit/Foundation/HyperlinkFormatHtmlPathTest.php" line="83" class="Hyde\Framework\Testing\Unit\Foundation\HyperlinkFormatHtmlPathTest" classname="Hyde.Framework.Testing.Unit.Foundation.HyperlinkFormatHtmlPathTest" assertions="1" time="0.001676"/>
        <testcase name="testHelperDoesNotRewriteDocumentationPageIndexWhenNotUsingPrettyUrls" file="/home/runner/work/develop/develop/packages/framework/tests/Unit/Foundation/HyperlinkFormatHtmlPathTest.php" line="89" class="Hyde\Framework\Testing\Unit\Foundation\HyperlinkFormatHtmlPathTest" classname="Hyde.Framework.Testing.Unit.Foundation.HyperlinkFormatHtmlPathTest" assertions="1" time="0.001703"/>
        <testcase name="testHelpersRewritesArbitraryNestedIndexPagesWhenUsingPrettyUrls" file="/home/runner/work/develop/develop/packages/framework/tests/Unit/Foundation/HyperlinkFormatHtmlPathTest.php" line="95" class="Hyde\Framework\Testing\Unit\Foundation\HyperlinkFormatHtmlPathTest" classname="Hyde.Framework.Testing.Unit.Foundation.HyperlinkFormatHtmlPathTest" assertions="1" time="0.001684"/>
        <testcase name="testHelpersDoesNotRewriteArbitraryNestedIndexPagesWhenNotUsingPrettyUrls" file="/home/runner/work/develop/develop/packages/framework/tests/Unit/Foundation/HyperlinkFormatHtmlPathTest.php" line="101" class="Hyde\Framework\Testing\Unit\Foundation\HyperlinkFormatHtmlPathTest" classname="Hyde.Framework.Testing.Unit.Foundation.HyperlinkFormatHtmlPathTest" assertions="1" time="0.001689"/>
      </testsuite>
      <testsuite name="Hyde\Framework\Testing\Unit\Foundation\HyperlinksUrlPathHelpersTest" file="/home/runner/work/develop/develop/packages/framework/tests/Unit/Foundation/HyperlinksUrlPathHelpersTest.php" tests="11" assertions="16" errors="0" failures="0" skipped="0" time="0.037258">
        <testcase name="testHasSiteUrlReturnsFalseWhenNoSiteUrlIsSet" file="/home/runner/work/develop/develop/packages/framework/tests/Unit/Foundation/HyperlinksUrlPathHelpersTest.php" line="27" class="Hyde\Framework\Testing\Unit\Foundation\HyperlinksUrlPathHelpersTest" classname="Hyde.Framework.Testing.Unit.Foundation.HyperlinksUrlPathHelpersTest" assertions="1" time="0.003393"/>
        <testcase name="testHasSiteUrlReturnsTrueWhenSiteUrlIsSet" file="/home/runner/work/develop/develop/packages/framework/tests/Unit/Foundation/HyperlinksUrlPathHelpersTest.php" line="33" class="Hyde\Framework\Testing\Unit\Foundation\HyperlinksUrlPathHelpersTest" classname="Hyde.Framework.Testing.Unit.Foundation.HyperlinksUrlPathHelpersTest" assertions="1" time="0.003375"/>
        <testcase name="testQualifiedUrlReturnsSiteUrlWhenNoPathIsGiven" file="/home/runner/work/develop/develop/packages/framework/tests/Unit/Foundation/HyperlinksUrlPathHelpersTest.php" line="39" class="Hyde\Framework\Testing\Unit\Foundation\HyperlinksUrlPathHelpersTest" classname="Hyde.Framework.Testing.Unit.Foundation.HyperlinksUrlPathHelpersTest" assertions="1" time="0.003178"/>
        <testcase name="testQualifiedUrlReturnsSiteUrlPlusGivenPath" file="/home/runner/work/develop/develop/packages/framework/tests/Unit/Foundation/HyperlinksUrlPathHelpersTest.php" line="45" class="Hyde\Framework\Testing\Unit\Foundation\HyperlinksUrlPathHelpersTest" classname="Hyde.Framework.Testing.Unit.Foundation.HyperlinksUrlPathHelpersTest" assertions="1" time="0.003227"/>
        <testcase name="testQualifiedUrlReturnsSiteUrlPlusGivenPathWithExtension" file="/home/runner/work/develop/develop/packages/framework/tests/Unit/Foundation/HyperlinksUrlPathHelpersTest.php" line="51" class="Hyde\Framework\Testing\Unit\Foundation\HyperlinksUrlPathHelpersTest" classname="Hyde.Framework.Testing.Unit.Foundation.HyperlinksUrlPathHelpersTest" assertions="1" time="0.003255"/>
        <testcase name="testQualifiedUrlReturnsSiteUrlPlusGivenPathWithExtensionAndQueryString" file="/home/runner/work/develop/develop/packages/framework/tests/Unit/Foundation/HyperlinksUrlPathHelpersTest.php" line="57" class="Hyde\Framework\Testing\Unit\Foundation\HyperlinksUrlPathHelpersTest" classname="Hyde.Framework.Testing.Unit.Foundation.HyperlinksUrlPathHelpersTest" assertions="1" time="0.003273"/>
        <testcase name="testQualifiedUrlTrimsTrailingSlashes" file="/home/runner/work/develop/develop/packages/framework/tests/Unit/Foundation/HyperlinksUrlPathHelpersTest.php" line="63" class="Hyde\Framework\Testing\Unit\Foundation\HyperlinksUrlPathHelpersTest" classname="Hyde.Framework.Testing.Unit.Foundation.HyperlinksUrlPathHelpersTest" assertions="3" time="0.003629"/>
        <testcase name="testQualifiedUrlAcceptsMultipleSchemes" file="/home/runner/work/develop/develop/packages/framework/tests/Unit/Foundation/HyperlinksUrlPathHelpersTest.php" line="71" class="Hyde\Framework\Testing\Unit\Foundation\HyperlinksUrlPathHelpersTest" classname="Hyde.Framework.Testing.Unit.Foundation.HyperlinksUrlPathHelpersTest" assertions="1" time="0.003143"/>
        <testcase name="testQualifiedUrlThrowsExceptionWhenNoSiteUrlIsSet" file="/home/runner/work/develop/develop/packages/framework/tests/Unit/Foundation/HyperlinksUrlPathHelpersTest.php" line="77" class="Hyde\Framework\Testing\Unit\Foundation\HyperlinksUrlPathHelpersTest" classname="Hyde.Framework.Testing.Unit.Foundation.HyperlinksUrlPathHelpersTest" assertions="2" time="0.004072"/>
        <testcase name="testHelperReturnsExpectedStringWhenSiteUrlIsSet" file="/home/runner/work/develop/develop/packages/framework/tests/Unit/Foundation/HyperlinksUrlPathHelpersTest.php" line="85" class="Hyde\Framework\Testing\Unit\Foundation\HyperlinksUrlPathHelpersTest" classname="Hyde.Framework.Testing.Unit.Foundation.HyperlinksUrlPathHelpersTest" assertions="1" time="0.003261"/>
        <testcase name="testHelperReturnsExpectedStringWhenPrettyUrlsAreEnabled" file="/home/runner/work/develop/develop/packages/framework/tests/Unit/Foundation/HyperlinksUrlPathHelpersTest.php" line="91" class="Hyde\Framework\Testing\Unit\Foundation\HyperlinksUrlPathHelpersTest" classname="Hyde.Framework.Testing.Unit.Foundation.HyperlinksUrlPathHelpersTest" assertions="3" time="0.003451"/>
      </testsuite>
      <testsuite name="Hyde\Framework\Testing\Unit\FoundationFacadesTest" file="/home/runner/work/develop/develop/packages/framework/tests/Unit/FoundationFacadesTest.php" tests="6" assertions="6" errors="0" failures="0" skipped="0" time="0.013331">
        <testcase name="testFilesFacade" file="/home/runner/work/develop/develop/packages/framework/tests/Unit/FoundationFacadesTest.php" line="29" class="Hyde\Framework\Testing\Unit\FoundationFacadesTest" classname="Hyde.Framework.Testing.Unit.FoundationFacadesTest" assertions="1" time="0.005645"/>
        <testcase name="testPagesFacade" file="/home/runner/work/develop/develop/packages/framework/tests/Unit/FoundationFacadesTest.php" line="34" class="Hyde\Framework\Testing\Unit\FoundationFacadesTest" classname="Hyde.Framework.Testing.Unit.FoundationFacadesTest" assertions="1" time="0.001519"/>
        <testcase name="testRoutesFacade" file="/home/runner/work/develop/develop/packages/framework/tests/Unit/FoundationFacadesTest.php" line="39" class="Hyde\Framework\Testing\Unit\FoundationFacadesTest" classname="Hyde.Framework.Testing.Unit.FoundationFacadesTest" assertions="1" time="0.001544"/>
        <testcase name="testFilesFacadeUsesKernelInstance" file="/home/runner/work/develop/develop/packages/framework/tests/Unit/FoundationFacadesTest.php" line="44" class="Hyde\Framework\Testing\Unit\FoundationFacadesTest" classname="Hyde.Framework.Testing.Unit.FoundationFacadesTest" assertions="1" time="0.001549"/>
        <testcase name="testPagesFacadeUsesKernelInstance" file="/home/runner/work/develop/develop/packages/framework/tests/Unit/FoundationFacadesTest.php" line="49" class="Hyde\Framework\Testing\Unit\FoundationFacadesTest" classname="Hyde.Framework.Testing.Unit.FoundationFacadesTest" assertions="1" time="0.001529"/>
        <testcase name="testRoutesFacadeUsesKernelInstance" file="/home/runner/work/develop/develop/packages/framework/tests/Unit/FoundationFacadesTest.php" line="54" class="Hyde\Framework\Testing\Unit\FoundationFacadesTest" classname="Hyde.Framework.Testing.Unit.FoundationFacadesTest" assertions="1" time="0.001546"/>
      </testsuite>
      <testsuite name="Hyde\Framework\Testing\Unit\FrontMatterModelTest" file="/home/runner/work/develop/develop/packages/framework/tests/Unit/FrontMatterModelTest.php" tests="17" assertions="18" errors="0" failures="0" skipped="0" time="0.024773">
        <testcase name="testConstructorCreatesNewFrontMatterModel" file="/home/runner/work/develop/develop/packages/framework/tests/Unit/FrontMatterModelTest.php" line="15" class="Hyde\Framework\Testing\Unit\FrontMatterModelTest" classname="Hyde.Framework.Testing.Unit.FrontMatterModelTest" assertions="1" time="0.001541"/>
        <testcase name="testConstructorArgumentsAreOptional" file="/home/runner/work/develop/develop/packages/framework/tests/Unit/FrontMatterModelTest.php" line="20" class="Hyde\Framework\Testing\Unit\FrontMatterModelTest" classname="Hyde.Framework.Testing.Unit.FrontMatterModelTest" assertions="1" time="0.001404"/>
        <testcase name="testConstructorArgumentsAreAssigned" file="/home/runner/work/develop/develop/packages/framework/tests/Unit/FrontMatterModelTest.php" line="25" class="Hyde\Framework\Testing\Unit\FrontMatterModelTest" classname="Hyde.Framework.Testing.Unit.FrontMatterModelTest" assertions="1" time="0.001447"/>
        <testcase name="testStaticFromArrayMethodCreatesNewFrontMatterModel" file="/home/runner/work/develop/develop/packages/framework/tests/Unit/FrontMatterModelTest.php" line="30" class="Hyde\Framework\Testing\Unit\FrontMatterModelTest" classname="Hyde.Framework.Testing.Unit.FrontMatterModelTest" assertions="2" time="0.001566"/>
        <testcase name="testToStringMagicMethodConvertsModelArrayIntoYamlFrontMatter" file="/home/runner/work/develop/develop/packages/framework/tests/Unit/FrontMatterModelTest.php" line="37" class="Hyde\Framework\Testing\Unit\FrontMatterModelTest" classname="Hyde.Framework.Testing.Unit.FrontMatterModelTest" assertions="1" time="0.001503"/>
        <testcase name="testMagicGetMethodReturnsFrontMatterProperty" file="/home/runner/work/develop/develop/packages/framework/tests/Unit/FrontMatterModelTest.php" line="43" class="Hyde\Framework\Testing\Unit\FrontMatterModelTest" classname="Hyde.Framework.Testing.Unit.FrontMatterModelTest" assertions="1" time="0.001422"/>
        <testcase name="testMagicGetMethodReturnsNullIfPropertyDoesNotExist" file="/home/runner/work/develop/develop/packages/framework/tests/Unit/FrontMatterModelTest.php" line="48" class="Hyde\Framework\Testing\Unit\FrontMatterModelTest" classname="Hyde.Framework.Testing.Unit.FrontMatterModelTest" assertions="1" time="0.001459"/>
        <testcase name="testGetMethodReturnsDataWhenNoArgumentIsSpecified" file="/home/runner/work/develop/develop/packages/framework/tests/Unit/FrontMatterModelTest.php" line="53" class="Hyde\Framework\Testing\Unit\FrontMatterModelTest" classname="Hyde.Framework.Testing.Unit.FrontMatterModelTest" assertions="1" time="0.001439"/>
        <testcase name="testGetMethodReturnsDataWhenNoArgumentIsSpecifiedWithData" file="/home/runner/work/develop/develop/packages/framework/tests/Unit/FrontMatterModelTest.php" line="58" class="Hyde\Framework\Testing\Unit\FrontMatterModelTest" classname="Hyde.Framework.Testing.Unit.FrontMatterModelTest" assertions="1" time="0.001511"/>
        <testcase name="testGetMethodReturnsNullIfSpecifiedFrontMatterKeyDoesNotExist" file="/home/runner/work/develop/develop/packages/framework/tests/Unit/FrontMatterModelTest.php" line="63" class="Hyde\Framework\Testing\Unit\FrontMatterModelTest" classname="Hyde.Framework.Testing.Unit.FrontMatterModelTest" assertions="1" time="0.001453"/>
        <testcase name="testGetMethodReturnsSpecifiedDefaultValueIfPropertyDoesNotExist" file="/home/runner/work/develop/develop/packages/framework/tests/Unit/FrontMatterModelTest.php" line="68" class="Hyde\Framework\Testing\Unit\FrontMatterModelTest" classname="Hyde.Framework.Testing.Unit.FrontMatterModelTest" assertions="1" time="0.001467"/>
        <testcase name="testGetMethodReturnsSpecifiedFrontMatterValueIfKeyIsSpecified" file="/home/runner/work/develop/develop/packages/framework/tests/Unit/FrontMatterModelTest.php" line="74" class="Hyde\Framework\Testing\Unit\FrontMatterModelTest" classname="Hyde.Framework.Testing.Unit.FrontMatterModelTest" assertions="1" time="0.001478"/>
        <testcase name="testSetMethodSetsFrontMatterProperty" file="/home/runner/work/develop/develop/packages/framework/tests/Unit/FrontMatterModelTest.php" line="79" class="Hyde\Framework\Testing\Unit\FrontMatterModelTest" classname="Hyde.Framework.Testing.Unit.FrontMatterModelTest" assertions="1" time="0.001406"/>
        <testcase name="testSetMethodReturnsSelf" file="/home/runner/work/develop/develop/packages/framework/tests/Unit/FrontMatterModelTest.php" line="84" class="Hyde\Framework\Testing\Unit\FrontMatterModelTest" classname="Hyde.Framework.Testing.Unit.FrontMatterModelTest" assertions="1" time="0.001398"/>
        <testcase name="testHasMethodReturnsTrueIfPropertyExists" file="/home/runner/work/develop/develop/packages/framework/tests/Unit/FrontMatterModelTest.php" line="90" class="Hyde\Framework\Testing\Unit\FrontMatterModelTest" classname="Hyde.Framework.Testing.Unit.FrontMatterModelTest" assertions="1" time="0.001386"/>
        <testcase name="testHasMethodReturnsFalseIfPropertyDoesNotExist" file="/home/runner/work/develop/develop/packages/framework/tests/Unit/FrontMatterModelTest.php" line="95" class="Hyde\Framework\Testing\Unit\FrontMatterModelTest" classname="Hyde.Framework.Testing.Unit.FrontMatterModelTest" assertions="1" time="0.001418"/>
        <testcase name="testToArrayReturnsFrontMatterArray" file="/home/runner/work/develop/develop/packages/framework/tests/Unit/FrontMatterModelTest.php" line="100" class="Hyde\Framework\Testing\Unit\FrontMatterModelTest" classname="Hyde.Framework.Testing.Unit.FrontMatterModelTest" assertions="1" time="0.001476"/>
      </testsuite>
      <testsuite name="Hyde\Framework\Testing\Unit\GenerateBuildManifestTest" file="/home/runner/work/develop/develop/packages/framework/tests/Unit/GenerateBuildManifestTest.php" tests="1" assertions="15" errors="0" failures="0" skipped="0" time="0.004946">
        <testcase name="testActionGeneratesBuildManifest" file="/home/runner/work/develop/develop/packages/framework/tests/Unit/GenerateBuildManifestTest.php" line="24" class="Hyde\Framework\Testing\Unit\GenerateBuildManifestTest" classname="Hyde.Framework.Testing.Unit.GenerateBuildManifestTest" assertions="15" time="0.004946"/>
      </testsuite>
      <testsuite name="Hyde\Framework\Testing\Unit\GetLatestMarkdownPostsTest" file="/home/runner/work/develop/develop/packages/framework/tests/Unit/GetLatestMarkdownPostsTest.php" tests="1" assertions="5" errors="0" failures="0" skipped="0" time="0.011443">
        <testcase name="testMarkdownPageGetLatestHelperReturnsSortedMarkdownPageCollection" file="/home/runner/work/develop/develop/packages/framework/tests/Unit/GetLatestMarkdownPostsTest.php" line="18" class="Hyde\Framework\Testing\Unit\GetLatestMarkdownPostsTest" classname="Hyde.Framework.Testing.Unit.GetLatestMarkdownPostsTest" assertions="5" time="0.011443"/>
      </testsuite>
      <testsuite name="Hyde\Framework\Testing\Unit\HasTableOfContentsTest" file="/home/runner/work/develop/develop/packages/framework/tests/Unit/HasTableOfContentsTest.php" tests="1" assertions="1" errors="0" failures="0" skipped="0" time="0.006151">
        <testcase name="testConstructorCreatesTableOfContentsString" file="/home/runner/work/develop/develop/packages/framework/tests/Unit/HasTableOfContentsTest.php" line="20" class="Hyde\Framework\Testing\Unit\HasTableOfContentsTest" classname="Hyde.Framework.Testing.Unit.HasTableOfContentsTest" assertions="1" time="0.006151"/>
      </testsuite>
      <testsuite name="Hyde\Framework\Testing\Unit\HydeBasePathCanBeChangedTest" file="/home/runner/work/develop/develop/packages/framework/tests/Unit/HydeBasePathCanBeChangedTest.php" tests="1" assertions="2" errors="0" failures="0" skipped="0" time="0.003331">
        <testcase name="testHydeBasePathCanBeChanged" file="/home/runner/work/develop/develop/packages/framework/tests/Unit/HydeBasePathCanBeChangedTest.php" line="37" class="Hyde\Framework\Testing\Unit\HydeBasePathCanBeChangedTest" classname="Hyde.Framework.Testing.Unit.HydeBasePathCanBeChangedTest" assertions="2" time="0.003331"/>
      </testsuite>
      <testsuite name="Hyde\Framework\Testing\Unit\HydeConfigFilesAreMatchingTest" file="/home/runner/work/develop/develop/packages/framework/tests/Unit/HydeConfigFilesAreMatchingTest.php" tests="3" assertions="0" errors="0" failures="0" skipped="3" time="0.000000">
        <testcase name="testHydeConfigFilesAreMatching" file="/home/runner/work/develop/develop/packages/framework/tests/Unit/HydeConfigFilesAreMatchingTest.php" line="26" class="Hyde\Framework\Testing\Unit\HydeConfigFilesAreMatchingTest" classname="Hyde.Framework.Testing.Unit.HydeConfigFilesAreMatchingTest" assertions="0" time="0.000000">
          <skipped/>
        </testcase>
        <testcase name="testDocsConfigFilesAreMatching" file="/home/runner/work/develop/develop/packages/framework/tests/Unit/HydeConfigFilesAreMatchingTest.php" line="34" class="Hyde\Framework\Testing\Unit\HydeConfigFilesAreMatchingTest" classname="Hyde.Framework.Testing.Unit.HydeConfigFilesAreMatchingTest" assertions="0" time="0.000000">
          <skipped/>
        </testcase>
        <testcase name="testMarkdownConfigFilesAreMatching" file="/home/runner/work/develop/develop/packages/framework/tests/Unit/HydeConfigFilesAreMatchingTest.php" line="42" class="Hyde\Framework\Testing\Unit\HydeConfigFilesAreMatchingTest" classname="Hyde.Framework.Testing.Unit.HydeConfigFilesAreMatchingTest" assertions="0" time="0.000000">
          <skipped/>
        </testcase>
      </testsuite>
      <testsuite name="Hyde\Framework\Testing\Unit\HydeFileHelpersTest" file="/home/runner/work/develop/develop/packages/framework/tests/Unit/HydeFileHelpersTest.php" tests="4" assertions="4" errors="0" failures="0" skipped="0" time="0.018522">
        <testcase name="testCurrentPageReturnsCurrentPageViewProperty" file="/home/runner/work/develop/develop/packages/framework/tests/Unit/HydeFileHelpersTest.php" line="17" class="Hyde\Framework\Testing\Unit\HydeFileHelpersTest" classname="Hyde.Framework.Testing.Unit.HydeFileHelpersTest" assertions="1" time="0.003879"/>
        <testcase name="testCurrentPageFallsBackToEmptyStringIfCurrentPageViewPropertyIsNotSet" file="/home/runner/work/develop/develop/packages/framework/tests/Unit/HydeFileHelpersTest.php" line="23" class="Hyde\Framework\Testing\Unit\HydeFileHelpersTest" classname="Hyde.Framework.Testing.Unit.HydeFileHelpersTest" assertions="1" time="0.003346"/>
        <testcase name="testCurrentRouteReturnsCurrentRouteViewProperty" file="/home/runner/work/develop/develop/packages/framework/tests/Unit/HydeFileHelpersTest.php" line="28" class="Hyde\Framework\Testing\Unit\HydeFileHelpersTest" classname="Hyde.Framework.Testing.Unit.HydeFileHelpersTest" assertions="1" time="0.008129"/>
        <testcase name="testCurrentRouteFallsBackToNullIfCurrentRouteViewPropertyIsNotSet" file="/home/runner/work/develop/develop/packages/framework/tests/Unit/HydeFileHelpersTest.php" line="34" class="Hyde\Framework\Testing\Unit\HydeFileHelpersTest" classname="Hyde.Framework.Testing.Unit.HydeFileHelpersTest" assertions="1" time="0.003168"/>
      </testsuite>
      <testsuite name="Hyde\Framework\Testing\Unit\HydeGetBasePathHasFallbackTest" file="/home/runner/work/develop/develop/packages/framework/tests/Unit/HydeGetBasePathHasFallbackTest.php" tests="1" assertions="1" errors="0" failures="0" skipped="0" time="0.003148">
        <testcase name="testHydeGetBasePathFallsBackToGetcwd" file="/home/runner/work/develop/develop/packages/framework/tests/Unit/HydeGetBasePathHasFallbackTest.php" line="17" class="Hyde\Framework\Testing\Unit\HydeGetBasePathHasFallbackTest" classname="Hyde.Framework.Testing.Unit.HydeGetBasePathHasFallbackTest" assertions="1" time="0.003148"/>
      </testsuite>
      <testsuite name="Hyde\Framework\Testing\Unit\HydeHelperFacadeMakeTitleTest" file="/home/runner/work/develop/develop/packages/framework/tests/Unit/HydeHelperFacadeMakeTitleTest.php" tests="9" assertions="13" errors="0" failures="0" skipped="0" time="0.013277">
        <testcase name="testMakeTitleHelperParsesKebabCaseIntoTitle" file="/home/runner/work/develop/develop/packages/framework/tests/Unit/HydeHelperFacadeMakeTitleTest.php" line="14" class="Hyde\Framework\Testing\Unit\HydeHelperFacadeMakeTitleTest" classname="Hyde.Framework.Testing.Unit.HydeHelperFacadeMakeTitleTest" assertions="1" time="0.001541"/>
        <testcase name="testMakeTitleHelperParsesSnakeCaseIntoTitle" file="/home/runner/work/develop/develop/packages/framework/tests/Unit/HydeHelperFacadeMakeTitleTest.php" line="19" class="Hyde\Framework\Testing\Unit\HydeHelperFacadeMakeTitleTest" classname="Hyde.Framework.Testing.Unit.HydeHelperFacadeMakeTitleTest" assertions="1" time="0.001437"/>
        <testcase name="testMakeTitleHelperParsesCamelCaseIntoTitle" file="/home/runner/work/develop/develop/packages/framework/tests/Unit/HydeHelperFacadeMakeTitleTest.php" line="24" class="Hyde\Framework\Testing\Unit\HydeHelperFacadeMakeTitleTest" classname="Hyde.Framework.Testing.Unit.HydeHelperFacadeMakeTitleTest" assertions="1" time="0.001415"/>
        <testcase name="testMakeTitleHelperParsesPascalCaseIntoTitle" file="/home/runner/work/develop/develop/packages/framework/tests/Unit/HydeHelperFacadeMakeTitleTest.php" line="29" class="Hyde\Framework\Testing\Unit\HydeHelperFacadeMakeTitleTest" classname="Hyde.Framework.Testing.Unit.HydeHelperFacadeMakeTitleTest" assertions="1" time="0.001462"/>
        <testcase name="testMakeTitleHelperParsesTitleCaseIntoTitle" file="/home/runner/work/develop/develop/packages/framework/tests/Unit/HydeHelperFacadeMakeTitleTest.php" line="34" class="Hyde\Framework\Testing\Unit\HydeHelperFacadeMakeTitleTest" classname="Hyde.Framework.Testing.Unit.HydeHelperFacadeMakeTitleTest" assertions="1" time="0.001400"/>
        <testcase name="testMakeTitleHelperParsesTitleCaseWithSpacesIntoTitle" file="/home/runner/work/develop/develop/packages/framework/tests/Unit/HydeHelperFacadeMakeTitleTest.php" line="39" class="Hyde\Framework\Testing\Unit\HydeHelperFacadeMakeTitleTest" classname="Hyde.Framework.Testing.Unit.HydeHelperFacadeMakeTitleTest" assertions="1" time="0.001408"/>
        <testcase name="testMakeTitleHelperDoesNotCapitalizeAuxiliaryWords" file="/home/runner/work/develop/develop/packages/framework/tests/Unit/HydeHelperFacadeMakeTitleTest.php" line="44" class="Hyde\Framework\Testing\Unit\HydeHelperFacadeMakeTitleTest" classname="Hyde.Framework.Testing.Unit.HydeHelperFacadeMakeTitleTest" assertions="1" time="0.001429"/>
        <testcase name="testMakeTitleHelperDoesNotModifyOnlyUppercaseInput" file="/home/runner/work/develop/develop/packages/framework/tests/Unit/HydeHelperFacadeMakeTitleTest.php" line="50" class="Hyde\Framework\Testing\Unit\HydeHelperFacadeMakeTitleTest" classname="Hyde.Framework.Testing.Unit.HydeHelperFacadeMakeTitleTest" assertions="3" time="0.001566"/>
        <testcase name="testMakeTitleHelperModifiesPartiallyUppercaseInput" file="/home/runner/work/develop/develop/packages/framework/tests/Unit/HydeHelperFacadeMakeTitleTest.php" line="57" class="Hyde\Framework\Testing\Unit\HydeHelperFacadeMakeTitleTest" classname="Hyde.Framework.Testing.Unit.HydeHelperFacadeMakeTitleTest" assertions="3" time="0.001617"/>
      </testsuite>
      <testsuite name="Hyde\Framework\Testing\Unit\HydeHelperFacadeTest" file="/home/runner/work/develop/develop/packages/framework/tests/Unit/HydeHelperFacadeTest.php" tests="3" assertions="3" errors="0" failures="0" skipped="0" time="0.009841">
        <testcase name="testFeaturesFacadeReturnsInstanceOfFeaturesClass" file="/home/runner/work/develop/develop/packages/framework/tests/Unit/HydeHelperFacadeTest.php" line="16" class="Hyde\Framework\Testing\Unit\HydeHelperFacadeTest" classname="Hyde.Framework.Testing.Unit.HydeHelperFacadeTest" assertions="1" time="0.003348"/>
        <testcase name="testFeaturesFacadeCanBeUsedToCallStaticMethodsOnFeaturesClass" file="/home/runner/work/develop/develop/packages/framework/tests/Unit/HydeHelperFacadeTest.php" line="24" class="Hyde\Framework\Testing\Unit\HydeHelperFacadeTest" classname="Hyde.Framework.Testing.Unit.HydeHelperFacadeTest" assertions="1" time="0.003249"/>
        <testcase name="testHydeHasFeatureShorthandCallsStaticMethodOnFeaturesClass" file="/home/runner/work/develop/develop/packages/framework/tests/Unit/HydeHelperFacadeTest.php" line="31" class="Hyde\Framework\Testing\Unit\HydeHelperFacadeTest" classname="Hyde.Framework.Testing.Unit.HydeHelperFacadeTest" assertions="1" time="0.003244"/>
      </testsuite>
      <testsuite name="Hyde\Framework\Testing\Unit\HydePageDataFactoryTest" file="/home/runner/work/develop/develop/packages/framework/tests/Unit/HydePageDataFactoryTest.php" tests="10" assertions="10" errors="0" failures="0" skipped="0" time="0.030827">
        <testcase name="testCanConstruct" file="/home/runner/work/develop/develop/packages/framework/tests/Unit/HydePageDataFactoryTest.php" line="32" class="Hyde\Framework\Testing\Unit\HydePageDataFactoryTest" classname="Hyde.Framework.Testing.Unit.HydePageDataFactoryTest" assertions="1" time="0.003059"/>
        <testcase name="testToArrayContainsExpectedKeys" file="/home/runner/work/develop/develop/packages/framework/tests/Unit/HydePageDataFactoryTest.php" line="37" class="Hyde\Framework\Testing\Unit\HydePageDataFactoryTest" classname="Hyde.Framework.Testing.Unit.HydePageDataFactoryTest" assertions="1" time="0.003015"/>
        <testcase name="testCanCreateTitleFromMatter" file="/home/runner/work/develop/develop/packages/framework/tests/Unit/HydePageDataFactoryTest.php" line="42" class="Hyde\Framework\Testing\Unit\HydePageDataFactoryTest" classname="Hyde.Framework.Testing.Unit.HydePageDataFactoryTest" assertions="1" time="0.003013"/>
        <testcase name="testCanCreateTitleFromMarkdown" file="/home/runner/work/develop/develop/packages/framework/tests/Unit/HydePageDataFactoryTest.php" line="47" class="Hyde\Framework\Testing\Unit\HydePageDataFactoryTest" classname="Hyde.Framework.Testing.Unit.HydePageDataFactoryTest" assertions="1" time="0.003049"/>
        <testcase name="testTitlePrefersMatter" file="/home/runner/work/develop/develop/packages/framework/tests/Unit/HydePageDataFactoryTest.php" line="52" class="Hyde\Framework\Testing\Unit\HydePageDataFactoryTest" classname="Hyde.Framework.Testing.Unit.HydePageDataFactoryTest" assertions="1" time="0.002993"/>
        <testcase name="testTitleFallsBackToIdentifier" file="/home/runner/work/develop/develop/packages/framework/tests/Unit/HydePageDataFactoryTest.php" line="57" class="Hyde\Framework\Testing\Unit\HydePageDataFactoryTest" classname="Hyde.Framework.Testing.Unit.HydePageDataFactoryTest" assertions="1" time="0.003123"/>
        <testcase name="testTitleFallsBackToIdentifierBasename" file="/home/runner/work/develop/develop/packages/framework/tests/Unit/HydePageDataFactoryTest.php" line="62" class="Hyde\Framework\Testing\Unit\HydePageDataFactoryTest" classname="Hyde.Framework.Testing.Unit.HydePageDataFactoryTest" assertions="1" time="0.003181"/>
        <testcase name="testIndexPageTitlesCanBeCreatedFromParentIdentifierBasename" file="/home/runner/work/develop/develop/packages/framework/tests/Unit/HydePageDataFactoryTest.php" line="67" class="Hyde\Framework\Testing\Unit\HydePageDataFactoryTest" classname="Hyde.Framework.Testing.Unit.HydePageDataFactoryTest" assertions="1" time="0.003227"/>
        <testcase name="testIndexPageTitlesCanBeCreatedFromNestedParentIdentifierBasename" file="/home/runner/work/develop/develop/packages/framework/tests/Unit/HydePageDataFactoryTest.php" line="72" class="Hyde\Framework\Testing\Unit\HydePageDataFactoryTest" classname="Hyde.Framework.Testing.Unit.HydePageDataFactoryTest" assertions="1" time="0.003224"/>
        <testcase name="testNavigationDataIsGeneratedByNavigationDataFactory" file="/home/runner/work/develop/develop/packages/framework/tests/Unit/HydePageDataFactoryTest.php" line="77" class="Hyde\Framework\Testing\Unit\HydePageDataFactoryTest" classname="Hyde.Framework.Testing.Unit.HydePageDataFactoryTest" assertions="1" time="0.002942"/>
      </testsuite>
      <testsuite name="Hyde\Framework\Testing\Unit\HydePageSerializableUnitTest" file="/home/runner/work/develop/develop/packages/framework/tests/Unit/HydePageSerializableUnitTest.php" tests="24" assertions="24" errors="0" failures="0" skipped="0" time="0.069200">
        <testcase name="testToArray" file="/home/runner/work/develop/develop/packages/framework/tests/Unit/HydePageSerializableUnitTest.php" line="28" class="Hyde\Framework\Testing\Unit\HydePageSerializableUnitTest" classname="Hyde.Framework.Testing.Unit.HydePageSerializableUnitTest" assertions="1" time="0.002852"/>
        <testcase name="testJsonSerializeUsesArraySerialize" file="/home/runner/work/develop/develop/packages/framework/tests/Unit/HydePageSerializableUnitTest.php" line="33" class="Hyde\Framework\Testing\Unit\HydePageSerializableUnitTest" classname="Hyde.Framework.Testing.Unit.HydePageSerializableUnitTest" assertions="1" time="0.002867"/>
        <testcase name="testToJsonUsesJsonEncodedObject" file="/home/runner/work/develop/develop/packages/framework/tests/Unit/HydePageSerializableUnitTest.php" line="39" class="Hyde\Framework\Testing\Unit\HydePageSerializableUnitTest" classname="Hyde.Framework.Testing.Unit.HydePageSerializableUnitTest" assertions="1" time="0.002858"/>
        <testcase name="testToJsonUsesJsonEncodedArray" file="/home/runner/work/develop/develop/packages/framework/tests/Unit/HydePageSerializableUnitTest.php" line="45" class="Hyde\Framework\Testing\Unit\HydePageSerializableUnitTest" classname="Hyde.Framework.Testing.Unit.HydePageSerializableUnitTest" assertions="1" time="0.002927"/>
        <testcase name="testHydePageToArrayKeys" file="/home/runner/work/develop/develop/packages/framework/tests/Unit/HydePageSerializableUnitTest.php" line="51" class="Hyde\Framework\Testing\Unit\HydePageSerializableUnitTest" classname="Hyde.Framework.Testing.Unit.HydePageSerializableUnitTest" assertions="1" time="0.002764"/>
        <testcase name="testHtmlPageToArrayKeys" file="/home/runner/work/develop/develop/packages/framework/tests/Unit/HydePageSerializableUnitTest.php" line="59" class="Hyde\Framework\Testing\Unit\HydePageSerializableUnitTest" classname="Hyde.Framework.Testing.Unit.HydePageSerializableUnitTest" assertions="1" time="0.002788"/>
        <testcase name="testBladePageToArrayKeys" file="/home/runner/work/develop/develop/packages/framework/tests/Unit/HydePageSerializableUnitTest.php" line="67" class="Hyde\Framework\Testing\Unit\HydePageSerializableUnitTest" classname="Hyde.Framework.Testing.Unit.HydePageSerializableUnitTest" assertions="1" time="0.002811"/>
        <testcase name="testMarkdownPageToArrayKeys" file="/home/runner/work/develop/develop/packages/framework/tests/Unit/HydePageSerializableUnitTest.php" line="75" class="Hyde\Framework\Testing\Unit\HydePageSerializableUnitTest" classname="Hyde.Framework.Testing.Unit.HydePageSerializableUnitTest" assertions="1" time="0.002857"/>
        <testcase name="testMarkdownPostToArrayKeys" file="/home/runner/work/develop/develop/packages/framework/tests/Unit/HydePageSerializableUnitTest.php" line="83" class="Hyde\Framework\Testing\Unit\HydePageSerializableUnitTest" classname="Hyde.Framework.Testing.Unit.HydePageSerializableUnitTest" assertions="1" time="0.003321"/>
        <testcase name="testDocumentationPageToArrayKeys" file="/home/runner/work/develop/develop/packages/framework/tests/Unit/HydePageSerializableUnitTest.php" line="91" class="Hyde\Framework\Testing\Unit\HydePageSerializableUnitTest" classname="Hyde.Framework.Testing.Unit.HydePageSerializableUnitTest" assertions="1" time="0.002865"/>
        <testcase name="testHydePageToArrayContents" file="/home/runner/work/develop/develop/packages/framework/tests/Unit/HydePageSerializableUnitTest.php" line="99" class="Hyde\Framework\Testing\Unit\HydePageSerializableUnitTest" classname="Hyde.Framework.Testing.Unit.HydePageSerializableUnitTest" assertions="1" time="0.002704"/>
        <testcase name="testHtmlPageToArrayContents" file="/home/runner/work/develop/develop/packages/framework/tests/Unit/HydePageSerializableUnitTest.php" line="115" class="Hyde\Framework\Testing\Unit\HydePageSerializableUnitTest" classname="Hyde.Framework.Testing.Unit.HydePageSerializableUnitTest" assertions="1" time="0.002677"/>
        <testcase name="testBladePageToArrayContents" file="/home/runner/work/develop/develop/packages/framework/tests/Unit/HydePageSerializableUnitTest.php" line="131" class="Hyde\Framework\Testing\Unit\HydePageSerializableUnitTest" classname="Hyde.Framework.Testing.Unit.HydePageSerializableUnitTest" assertions="1" time="0.002710"/>
        <testcase name="testMarkdownPageToArrayContents" file="/home/runner/work/develop/develop/packages/framework/tests/Unit/HydePageSerializableUnitTest.php" line="147" class="Hyde\Framework\Testing\Unit\HydePageSerializableUnitTest" classname="Hyde.Framework.Testing.Unit.HydePageSerializableUnitTest" assertions="1" time="0.002753"/>
        <testcase name="testMarkdownPostToArrayContents" file="/home/runner/work/develop/develop/packages/framework/tests/Unit/HydePageSerializableUnitTest.php" line="163" class="Hyde\Framework\Testing\Unit\HydePageSerializableUnitTest" classname="Hyde.Framework.Testing.Unit.HydePageSerializableUnitTest" assertions="1" time="0.003125"/>
        <testcase name="testDocumentationPageToArrayContents" file="/home/runner/work/develop/develop/packages/framework/tests/Unit/HydePageSerializableUnitTest.php" line="184" class="Hyde\Framework\Testing\Unit\HydePageSerializableUnitTest" classname="Hyde.Framework.Testing.Unit.HydePageSerializableUnitTest" assertions="1" time="0.002840"/>
        <testcase name="testJsonEncodedOutput" file="/home/runner/work/develop/develop/packages/framework/tests/Unit/HydePageSerializableUnitTest.php" line="200" class="Hyde\Framework\Testing\Unit\HydePageSerializableUnitTest" classname="Hyde.Framework.Testing.Unit.HydePageSerializableUnitTest" assertions="1" time="0.002842"/>
        <testcase name="testJsonSerializedHydePageContents" file="/home/runner/work/develop/develop/packages/framework/tests/Unit/HydePageSerializableUnitTest.php" line="221" class="Hyde\Framework\Testing\Unit\HydePageSerializableUnitTest" classname="Hyde.Framework.Testing.Unit.HydePageSerializableUnitTest" assertions="1" time="0.002913"/>
        <testcase name="testJsonSerializedHtmlPageContents" file="/home/runner/work/develop/develop/packages/framework/tests/Unit/HydePageSerializableUnitTest.php" line="243" class="Hyde\Framework\Testing\Unit\HydePageSerializableUnitTest" classname="Hyde.Framework.Testing.Unit.HydePageSerializableUnitTest" assertions="1" time="0.002850"/>
        <testcase name="testJsonSerializedBladePageContents" file="/home/runner/work/develop/develop/packages/framework/tests/Unit/HydePageSerializableUnitTest.php" line="265" class="Hyde\Framework\Testing\Unit\HydePageSerializableUnitTest" classname="Hyde.Framework.Testing.Unit.HydePageSerializableUnitTest" assertions="1" time="0.002878"/>
        <testcase name="testJsonSerializedMarkdownPageContents" file="/home/runner/work/develop/develop/packages/framework/tests/Unit/HydePageSerializableUnitTest.php" line="287" class="Hyde\Framework\Testing\Unit\HydePageSerializableUnitTest" classname="Hyde.Framework.Testing.Unit.HydePageSerializableUnitTest" assertions="1" time="0.002927"/>
        <testcase name="testJsonSerializedMarkdownPostContents" file="/home/runner/work/develop/develop/packages/framework/tests/Unit/HydePageSerializableUnitTest.php" line="309" class="Hyde\Framework\Testing\Unit\HydePageSerializableUnitTest" classname="Hyde.Framework.Testing.Unit.HydePageSerializableUnitTest" assertions="1" time="0.003306"/>
        <testcase name="testJsonSerializedDocumentationPageContents" file="/home/runner/work/develop/develop/packages/framework/tests/Unit/HydePageSerializableUnitTest.php" line="336" class="Hyde\Framework\Testing\Unit\HydePageSerializableUnitTest" classname="Hyde.Framework.Testing.Unit.HydePageSerializableUnitTest" assertions="1" time="0.002917"/>
        <testcase name="testJsonSerializedMarkdownPageWithFrontMatter" file="/home/runner/work/develop/develop/packages/framework/tests/Unit/HydePageSerializableUnitTest.php" line="358" class="Hyde\Framework\Testing\Unit\HydePageSerializableUnitTest" classname="Hyde.Framework.Testing.Unit.HydePageSerializableUnitTest" assertions="1" time="0.002850"/>
      </testsuite>
      <testsuite name="Hyde\Framework\Testing\Unit\HydeVendorPathHelperTest" file="/home/runner/work/develop/develop/packages/framework/tests/Unit/HydeVendorPathHelperTest.php" tests="5" assertions="9" errors="0" failures="0" skipped="0" time="0.015982">
        <testcase name="testMethodExists" file="/home/runner/work/develop/develop/packages/framework/tests/Unit/HydeVendorPathHelperTest.php" line="13" class="Hyde\Framework\Testing\Unit\HydeVendorPathHelperTest" classname="Hyde.Framework.Testing.Unit.HydeVendorPathHelperTest" assertions="1" time="0.003337"/>
        <testcase name="testMethodReturnsString" file="/home/runner/work/develop/develop/packages/framework/tests/Unit/HydeVendorPathHelperTest.php" line="18" class="Hyde\Framework\Testing\Unit\HydeVendorPathHelperTest" classname="Hyde.Framework.Testing.Unit.HydeVendorPathHelperTest" assertions="1" time="0.002981"/>
        <testcase name="testMethodReturnsStringContainingVendorPath" file="/home/runner/work/develop/develop/packages/framework/tests/Unit/HydeVendorPathHelperTest.php" line="23" class="Hyde\Framework\Testing\Unit\HydeVendorPathHelperTest" classname="Hyde.Framework.Testing.Unit.HydeVendorPathHelperTest" assertions="1" time="0.003021"/>
        <testcase name="testMethodReturnsPathToTheVendorDirectory" file="/home/runner/work/develop/develop/packages/framework/tests/Unit/HydeVendorPathHelperTest.php" line="28" class="Hyde\Framework\Testing\Unit\HydeVendorPathHelperTest" classname="Hyde.Framework.Testing.Unit.HydeVendorPathHelperTest" assertions="3" time="0.003345"/>
        <testcase name="testCanSpecifyWhichHydePackageToUse" file="/home/runner/work/develop/develop/packages/framework/tests/Unit/HydeVendorPathHelperTest.php" line="35" class="Hyde\Framework\Testing\Unit\HydeVendorPathHelperTest" classname="Hyde.Framework.Testing.Unit.HydeVendorPathHelperTest" assertions="3" time="0.003297"/>
      </testsuite>
      <testsuite name="Hyde\Framework\Testing\Unit\InteractsWithDirectoriesConcernTest" file="/home/runner/work/develop/develop/packages/framework/tests/Unit/InteractsWithDirectoriesConcernTest.php" tests="7" assertions="9" errors="0" failures="0" skipped="0" time="0.026697">
        <testcase name="testMethodsCanBeCalledStatically" file="/home/runner/work/develop/develop/packages/framework/tests/Unit/InteractsWithDirectoriesConcernTest.php" line="35" class="Hyde\Framework\Testing\Unit\InteractsWithDirectoriesConcernTest" classname="Hyde.Framework.Testing.Unit.InteractsWithDirectoriesConcernTest" assertions="2" time="0.004216"/>
        <testcase name="testNeedsDirectoryCreatesTheDirectory" file="/home/runner/work/develop/develop/packages/framework/tests/Unit/InteractsWithDirectoriesConcernTest.php" line="44" class="Hyde\Framework\Testing\Unit\InteractsWithDirectoriesConcernTest" classname="Hyde.Framework.Testing.Unit.InteractsWithDirectoriesConcernTest" assertions="1" time="0.003638"/>
        <testcase name="testNeedsDirectoryCreatesTheDirectoryRecursively" file="/home/runner/work/develop/develop/packages/framework/tests/Unit/InteractsWithDirectoriesConcernTest.php" line="50" class="Hyde\Framework\Testing\Unit\InteractsWithDirectoriesConcernTest" classname="Hyde.Framework.Testing.Unit.InteractsWithDirectoriesConcernTest" assertions="1" time="0.003725"/>
        <testcase name="testNeedsDirectoryHandlesExistingDirectory" file="/home/runner/work/develop/develop/packages/framework/tests/Unit/InteractsWithDirectoriesConcernTest.php" line="56" class="Hyde\Framework\Testing\Unit\InteractsWithDirectoriesConcernTest" classname="Hyde.Framework.Testing.Unit.InteractsWithDirectoriesConcernTest" assertions="1" time="0.003697"/>
        <testcase name="testNeedsDirectoriesCreatesSingleDirectory" file="/home/runner/work/develop/develop/packages/framework/tests/Unit/InteractsWithDirectoriesConcernTest.php" line="63" class="Hyde\Framework\Testing\Unit\InteractsWithDirectoriesConcernTest" classname="Hyde.Framework.Testing.Unit.InteractsWithDirectoriesConcernTest" assertions="1" time="0.003595"/>
        <testcase name="testNeedsDirectoriesCreatesMultipleDirectories" file="/home/runner/work/develop/develop/packages/framework/tests/Unit/InteractsWithDirectoriesConcernTest.php" line="69" class="Hyde\Framework\Testing\Unit\InteractsWithDirectoriesConcernTest" classname="Hyde.Framework.Testing.Unit.InteractsWithDirectoriesConcernTest" assertions="2" time="0.004084"/>
        <testcase name="testNeedsParentDirectoryCreatesDirectoryForTheParentFile" file="/home/runner/work/develop/develop/packages/framework/tests/Unit/InteractsWithDirectoriesConcernTest.php" line="78" class="Hyde\Framework\Testing\Unit\InteractsWithDirectoriesConcernTest" classname="Hyde.Framework.Testing.Unit.InteractsWithDirectoriesConcernTest" assertions="1" time="0.003743"/>
      </testsuite>
      <testsuite name="Hyde\Framework\Testing\Unit\LoadConfigurationTest" file="/home/runner/work/develop/develop/packages/framework/tests/Unit/LoadConfigurationTest.php" tests="2" assertions="6" errors="0" failures="0" skipped="0" time="0.010447">
        <testcase name="testItLoadsRuntimeConfiguration" file="/home/runner/work/develop/develop/packages/framework/tests/Unit/LoadConfigurationTest.php" line="16" class="Hyde\Framework\Testing\Unit\LoadConfigurationTest" classname="Hyde.Framework.Testing.Unit.LoadConfigurationTest" assertions="4" time="0.004632"/>
        <testcase name="testItLoadsRealtimeCompilerEnvironmentConfiguration" file="/home/runner/work/develop/develop/packages/framework/tests/Unit/LoadConfigurationTest.php" line="33" class="Hyde\Framework\Testing\Unit\LoadConfigurationTest" classname="Hyde.Framework.Testing.Unit.LoadConfigurationTest" assertions="2" time="0.005815"/>
      </testsuite>
      <testsuite name="Hyde\Framework\Testing\Unit\MarkdownDocumentTest" file="/home/runner/work/develop/develop/packages/framework/tests/Unit/MarkdownDocumentTest.php" tests="10" assertions="16" errors="0" failures="0" skipped="0" time="0.036763">
        <testcase name="testConstructorCreatesNewMarkdownDocument" file="/home/runner/work/develop/develop/packages/framework/tests/Unit/MarkdownDocumentTest.php" line="20" class="Hyde\Framework\Testing\Unit\MarkdownDocumentTest" classname="Hyde.Framework.Testing.Unit.MarkdownDocumentTest" assertions="1" time="0.003287"/>
        <testcase name="testConstructorArgumentsAreOptional" file="/home/runner/work/develop/develop/packages/framework/tests/Unit/MarkdownDocumentTest.php" line="26" class="Hyde\Framework\Testing\Unit\MarkdownDocumentTest" classname="Hyde.Framework.Testing.Unit.MarkdownDocumentTest" assertions="1" time="0.003174"/>
        <testcase name="testConstructorArgumentsAreAssigned" file="/home/runner/work/develop/develop/packages/framework/tests/Unit/MarkdownDocumentTest.php" line="32" class="Hyde\Framework\Testing\Unit\MarkdownDocumentTest" classname="Hyde.Framework.Testing.Unit.MarkdownDocumentTest" assertions="1" time="0.003264"/>
        <testcase name="testMagicToStringMethodReturnsBody" file="/home/runner/work/develop/develop/packages/framework/tests/Unit/MarkdownDocumentTest.php" line="38" class="Hyde\Framework\Testing\Unit\MarkdownDocumentTest" classname="Hyde.Framework.Testing.Unit.MarkdownDocumentTest" assertions="1" time="0.003198"/>
        <testcase name="testCompileMethodReturnsRenderedHtml" file="/home/runner/work/develop/develop/packages/framework/tests/Unit/MarkdownDocumentTest.php" line="44" class="Hyde\Framework\Testing\Unit\MarkdownDocumentTest" classname="Hyde.Framework.Testing.Unit.MarkdownDocumentTest" assertions="1" time="0.004191"/>
        <testcase name="testToHtmlMethodReturnsRenderedAsHtmlString" file="/home/runner/work/develop/develop/packages/framework/tests/Unit/MarkdownDocumentTest.php" line="50" class="Hyde\Framework\Testing\Unit\MarkdownDocumentTest" classname="Hyde.Framework.Testing.Unit.MarkdownDocumentTest" assertions="2" time="0.005048"/>
        <testcase name="testParseMethodParsesAFileUsingTheMarkdownFileService" file="/home/runner/work/develop/develop/packages/framework/tests/Unit/MarkdownDocumentTest.php" line="57" class="Hyde\Framework\Testing\Unit\MarkdownDocumentTest" classname="Hyde.Framework.Testing.Unit.MarkdownDocumentTest" assertions="3" time="0.004124"/>
        <testcase name="testToArrayMethodReturnsArrayMarkdownBodyLines" file="/home/runner/work/develop/develop/packages/framework/tests/Unit/MarkdownDocumentTest.php" line="67" class="Hyde\Framework\Testing\Unit\MarkdownDocumentTest" classname="Hyde.Framework.Testing.Unit.MarkdownDocumentTest" assertions="1" time="0.003296"/>
        <testcase name="testFromFileMethodReturnsNewMarkdownDocument" file="/home/runner/work/develop/develop/packages/framework/tests/Unit/MarkdownDocumentTest.php" line="73" class="Hyde\Framework\Testing\Unit\MarkdownDocumentTest" classname="Hyde.Framework.Testing.Unit.MarkdownDocumentTest" assertions="2" time="0.003859"/>
        <testcase name="testCarriageReturnsAreNormalized" file="/home/runner/work/develop/develop/packages/framework/tests/Unit/MarkdownDocumentTest.php" line="88" class="Hyde\Framework\Testing\Unit\MarkdownDocumentTest" classname="Hyde.Framework.Testing.Unit.MarkdownDocumentTest" assertions="3" time="0.003321"/>
      </testsuite>
      <testsuite name="Hyde\Framework\Testing\Unit\MarkdownFacadeTest" file="/home/runner/work/develop/develop/packages/framework/tests/Unit/MarkdownFacadeTest.php" tests="1" assertions="2" errors="0" failures="0" skipped="0" time="0.002581">
        <testcase name="testRender" file="/home/runner/work/develop/develop/packages/framework/tests/Unit/MarkdownFacadeTest.php" line="17" class="Hyde\Framework\Testing\Unit\MarkdownFacadeTest" classname="Hyde.Framework.Testing.Unit.MarkdownFacadeTest" assertions="2" time="0.002581"/>
      </testsuite>
      <testsuite name="Hyde\Framework\Testing\Unit\MediaDirectoryCanBeChangedTest" file="/home/runner/work/develop/develop/packages/framework/tests/Unit/MediaDirectoryCanBeChangedTest.php" tests="3" assertions="9" errors="0" failures="0" skipped="0" time="0.066202">
        <testcase name="testMediaOutputDirectoryCanBeChangedForSiteBuilds" file="/home/runner/work/develop/develop/packages/framework/tests/Unit/MediaDirectoryCanBeChangedTest.php" line="22" class="Hyde\Framework\Testing\Unit\MediaDirectoryCanBeChangedTest" classname="Hyde.Framework.Testing.Unit.MediaDirectoryCanBeChangedTest" assertions="3" time="0.034502"/>
        <testcase name="testMediaOutputDirectoryCanBeChangedForSiteRebuilds" file="/home/runner/work/develop/develop/packages/framework/tests/Unit/MediaDirectoryCanBeChangedTest.php" line="40" class="Hyde\Framework\Testing\Unit\MediaDirectoryCanBeChangedTest" classname="Hyde.Framework.Testing.Unit.MediaDirectoryCanBeChangedTest" assertions="3" time="0.012714"/>
        <testcase name="testCompiledPagesHaveLinksToTheRightMediaFileLocation" file="/home/runner/work/develop/develop/packages/framework/tests/Unit/MediaDirectoryCanBeChangedTest.php" line="58" class="Hyde\Framework\Testing\Unit\MediaDirectoryCanBeChangedTest" classname="Hyde.Framework.Testing.Unit.MediaDirectoryCanBeChangedTest" assertions="3" time="0.018986"/>
      </testsuite>
      <testsuite name="Hyde\Framework\Testing\Unit\NavItemIsCurrentHelperTest" file="/home/runner/work/develop/develop/packages/framework/tests/Unit/NavItemIsCurrentHelperTest.php" tests="34" assertions="34" errors="0" failures="0" skipped="0" time="0.122922">
        <testcase name="testIsCurrent" file="/home/runner/work/develop/develop/packages/framework/tests/Unit/NavItemIsCurrentHelperTest.php" line="34" class="Hyde\Framework\Testing\Unit\NavItemIsCurrentHelperTest" classname="Hyde.Framework.Testing.Unit.NavItemIsCurrentHelperTest" assertions="1" time="0.004035"/>
        <testcase name="testIsCurrentWhenCurrent" file="/home/runner/work/develop/develop/packages/framework/tests/Unit/NavItemIsCurrentHelperTest.php" line="40" class="Hyde\Framework\Testing\Unit\NavItemIsCurrentHelperTest" classname="Hyde.Framework.Testing.Unit.NavItemIsCurrentHelperTest" assertions="1" time="0.003911"/>
        <testcase name="testIsCurrentUsingCurrentRoute" file="/home/runner/work/develop/develop/packages/framework/tests/Unit/NavItemIsCurrentHelperTest.php" line="46" class="Hyde\Framework\Testing\Unit\NavItemIsCurrentHelperTest" classname="Hyde.Framework.Testing.Unit.NavItemIsCurrentHelperTest" assertions="1" time="0.003624"/>
        <testcase name="testIsCurrentUsingCurrentLink" file="/home/runner/work/develop/develop/packages/framework/tests/Unit/NavItemIsCurrentHelperTest.php" line="52" class="Hyde\Framework\Testing\Unit\NavItemIsCurrentHelperTest" classname="Hyde.Framework.Testing.Unit.NavItemIsCurrentHelperTest" assertions="1" time="0.003358"/>
        <testcase name="testIsCurrentWhenNotCurrent" file="/home/runner/work/develop/develop/packages/framework/tests/Unit/NavItemIsCurrentHelperTest.php" line="58" class="Hyde\Framework\Testing\Unit\NavItemIsCurrentHelperTest" classname="Hyde.Framework.Testing.Unit.NavItemIsCurrentHelperTest" assertions="1" time="0.003854"/>
        <testcase name="testIsCurrentUsingNotCurrentRoute" file="/home/runner/work/develop/develop/packages/framework/tests/Unit/NavItemIsCurrentHelperTest.php" line="64" class="Hyde\Framework\Testing\Unit\NavItemIsCurrentHelperTest" classname="Hyde.Framework.Testing.Unit.NavItemIsCurrentHelperTest" assertions="1" time="0.003628"/>
        <testcase name="testIsCurrentUsingNotCurrentLink" file="/home/runner/work/develop/develop/packages/framework/tests/Unit/NavItemIsCurrentHelperTest.php" line="70" class="Hyde\Framework\Testing\Unit\NavItemIsCurrentHelperTest" classname="Hyde.Framework.Testing.Unit.NavItemIsCurrentHelperTest" assertions="1" time="0.003371"/>
        <testcase name="testIsCurrentWithNestedCurrentPage" file="/home/runner/work/develop/develop/packages/framework/tests/Unit/NavItemIsCurrentHelperTest.php" line="76" class="Hyde\Framework\Testing\Unit\NavItemIsCurrentHelperTest" classname="Hyde.Framework.Testing.Unit.NavItemIsCurrentHelperTest" assertions="1" time="0.003905"/>
        <testcase name="testIsCurrentWhenCurrentWithNestedCurrentPage" file="/home/runner/work/develop/develop/packages/framework/tests/Unit/NavItemIsCurrentHelperTest.php" line="82" class="Hyde\Framework\Testing\Unit\NavItemIsCurrentHelperTest" classname="Hyde.Framework.Testing.Unit.NavItemIsCurrentHelperTest" assertions="1" time="0.003949"/>
        <testcase name="testIsCurrentWithNestedCurrentPageWhenNested" file="/home/runner/work/develop/develop/packages/framework/tests/Unit/NavItemIsCurrentHelperTest.php" line="88" class="Hyde\Framework\Testing\Unit\NavItemIsCurrentHelperTest" classname="Hyde.Framework.Testing.Unit.NavItemIsCurrentHelperTest" assertions="1" time="0.003966"/>
        <testcase name="testIsCurrentWhenCurrentWithNestedCurrentPageWhenNested" file="/home/runner/work/develop/develop/packages/framework/tests/Unit/NavItemIsCurrentHelperTest.php" line="94" class="Hyde\Framework\Testing\Unit\NavItemIsCurrentHelperTest" classname="Hyde.Framework.Testing.Unit.NavItemIsCurrentHelperTest" assertions="1" time="0.003952"/>
        <testcase name="testIsCurrentWithNestedCurrentPageWhenVeryNested" file="/home/runner/work/develop/develop/packages/framework/tests/Unit/NavItemIsCurrentHelperTest.php" line="100" class="Hyde\Framework\Testing\Unit\NavItemIsCurrentHelperTest" classname="Hyde.Framework.Testing.Unit.NavItemIsCurrentHelperTest" assertions="1" time="0.003932"/>
        <testcase name="testIsCurrentWhenCurrentWithNestedCurrentPageWhenVeryNested" file="/home/runner/work/develop/develop/packages/framework/tests/Unit/NavItemIsCurrentHelperTest.php" line="106" class="Hyde\Framework\Testing\Unit\NavItemIsCurrentHelperTest" classname="Hyde.Framework.Testing.Unit.NavItemIsCurrentHelperTest" assertions="1" time="0.003956"/>
        <testcase name="testIsCurrentWithNestedCurrentPageWhenVeryDifferingNested" file="/home/runner/work/develop/develop/packages/framework/tests/Unit/NavItemIsCurrentHelperTest.php" line="112" class="Hyde\Framework\Testing\Unit\NavItemIsCurrentHelperTest" classname="Hyde.Framework.Testing.Unit.NavItemIsCurrentHelperTest" assertions="1" time="0.003920"/>
        <testcase name="testIsCurrentWithNestedCurrentPageWhenVeryDifferingNestedInverse" file="/home/runner/work/develop/develop/packages/framework/tests/Unit/NavItemIsCurrentHelperTest.php" line="118" class="Hyde\Framework\Testing\Unit\NavItemIsCurrentHelperTest" classname="Hyde.Framework.Testing.Unit.NavItemIsCurrentHelperTest" assertions="1" time="0.003938"/>
        <testcase name="testIsCurrentUsingCurrentLinkWithNestedCurrentPage" file="/home/runner/work/develop/develop/packages/framework/tests/Unit/NavItemIsCurrentHelperTest.php" line="124" class="Hyde\Framework\Testing\Unit\NavItemIsCurrentHelperTest" classname="Hyde.Framework.Testing.Unit.NavItemIsCurrentHelperTest" assertions="1" time="0.003432"/>
        <testcase name="testIsCurrentUsingNotCurrentLinkWithNestedCurrentPage" file="/home/runner/work/develop/develop/packages/framework/tests/Unit/NavItemIsCurrentHelperTest.php" line="130" class="Hyde\Framework\Testing\Unit\NavItemIsCurrentHelperTest" classname="Hyde.Framework.Testing.Unit.NavItemIsCurrentHelperTest" assertions="1" time="0.003503"/>
        <testcase name="testIsCurrentWhenCurrentWithNestedCurrentPageAndSubjectPage" file="/home/runner/work/develop/develop/packages/framework/tests/Unit/NavItemIsCurrentHelperTest.php" line="136" class="Hyde\Framework\Testing\Unit\NavItemIsCurrentHelperTest" classname="Hyde.Framework.Testing.Unit.NavItemIsCurrentHelperTest" assertions="1" time="0.003442"/>
        <testcase name="testIsCurrentWhenNotCurrentWithNestedCurrentPageAndSubjectPage" file="/home/runner/work/develop/develop/packages/framework/tests/Unit/NavItemIsCurrentHelperTest.php" line="142" class="Hyde\Framework\Testing\Unit\NavItemIsCurrentHelperTest" classname="Hyde.Framework.Testing.Unit.NavItemIsCurrentHelperTest" assertions="1" time="0.003471"/>
        <testcase name="testIsCurrentWithNestedCurrentPageWhenNestedUsingLinkItem" file="/home/runner/work/develop/develop/packages/framework/tests/Unit/NavItemIsCurrentHelperTest.php" line="148" class="Hyde\Framework\Testing\Unit\NavItemIsCurrentHelperTest" classname="Hyde.Framework.Testing.Unit.NavItemIsCurrentHelperTest" assertions="1" time="0.003420"/>
        <testcase name="testIsCurrentWhenCurrentWithNestedCurrentPageWhenNestedUsingLinkItem" file="/home/runner/work/develop/develop/packages/framework/tests/Unit/NavItemIsCurrentHelperTest.php" line="154" class="Hyde\Framework\Testing\Unit\NavItemIsCurrentHelperTest" classname="Hyde.Framework.Testing.Unit.NavItemIsCurrentHelperTest" assertions="1" time="0.003439"/>
        <testcase name="testIsCurrentWithNestedCurrentPageWhenVeryNestedUsingLinkItem" file="/home/runner/work/develop/develop/packages/framework/tests/Unit/NavItemIsCurrentHelperTest.php" line="160" class="Hyde\Framework\Testing\Unit\NavItemIsCurrentHelperTest" classname="Hyde.Framework.Testing.Unit.NavItemIsCurrentHelperTest" assertions="1" time="0.003443"/>
        <testcase name="testIsCurrentWhenCurrentWithNestedCurrentPageWhenVeryNestedUsingLinkItem" file="/home/runner/work/develop/develop/packages/framework/tests/Unit/NavItemIsCurrentHelperTest.php" line="166" class="Hyde\Framework\Testing\Unit\NavItemIsCurrentHelperTest" classname="Hyde.Framework.Testing.Unit.NavItemIsCurrentHelperTest" assertions="1" time="0.003476"/>
        <testcase name="testIsCurrentWithNestedCurrentPageWhenVeryDifferingNestedUsingLinkItem" file="/home/runner/work/develop/develop/packages/framework/tests/Unit/NavItemIsCurrentHelperTest.php" line="172" class="Hyde\Framework\Testing\Unit\NavItemIsCurrentHelperTest" classname="Hyde.Framework.Testing.Unit.NavItemIsCurrentHelperTest" assertions="1" time="0.003420"/>
        <testcase name="testIsCurrentWithNestedCurrentPageWhenVeryDifferingNestedInverseUsingLinkItem" file="/home/runner/work/develop/develop/packages/framework/tests/Unit/NavItemIsCurrentHelperTest.php" line="178" class="Hyde\Framework\Testing\Unit\NavItemIsCurrentHelperTest" classname="Hyde.Framework.Testing.Unit.NavItemIsCurrentHelperTest" assertions="1" time="0.003418"/>
        <testcase name="testIsCurrentWithNestedCurrentPageWhenNestedUsingPrettyLinkItem" file="/home/runner/work/develop/develop/packages/framework/tests/Unit/NavItemIsCurrentHelperTest.php" line="184" class="Hyde\Framework\Testing\Unit\NavItemIsCurrentHelperTest" classname="Hyde.Framework.Testing.Unit.NavItemIsCurrentHelperTest" assertions="1" time="0.003420"/>
        <testcase name="testIsCurrentWhenCurrentWithNestedCurrentPageWhenNestedUsingPrettyLinkItem" file="/home/runner/work/develop/develop/packages/framework/tests/Unit/NavItemIsCurrentHelperTest.php" line="190" class="Hyde\Framework\Testing\Unit\NavItemIsCurrentHelperTest" classname="Hyde.Framework.Testing.Unit.NavItemIsCurrentHelperTest" assertions="1" time="0.003468"/>
        <testcase name="testIsCurrentWithNestedCurrentPageWhenVeryNestedUsingPrettyLinkItem" file="/home/runner/work/develop/develop/packages/framework/tests/Unit/NavItemIsCurrentHelperTest.php" line="196" class="Hyde\Framework\Testing\Unit\NavItemIsCurrentHelperTest" classname="Hyde.Framework.Testing.Unit.NavItemIsCurrentHelperTest" assertions="1" time="0.003454"/>
        <testcase name="testIsCurrentWhenCurrentWithNestedCurrentPageWhenVeryNestedUsingPrettyLinkItem" file="/home/runner/work/develop/develop/packages/framework/tests/Unit/NavItemIsCurrentHelperTest.php" line="202" class="Hyde\Framework\Testing\Unit\NavItemIsCurrentHelperTest" classname="Hyde.Framework.Testing.Unit.NavItemIsCurrentHelperTest" assertions="1" time="0.003481"/>
        <testcase name="testIsCurrentWithNestedCurrentPageWhenVeryDifferingNestedUsingPrettyLinkItem" file="/home/runner/work/develop/develop/packages/framework/tests/Unit/NavItemIsCurrentHelperTest.php" line="208" class="Hyde\Framework\Testing\Unit\NavItemIsCurrentHelperTest" classname="Hyde.Framework.Testing.Unit.NavItemIsCurrentHelperTest" assertions="1" time="0.003452"/>
        <testcase name="testIsCurrentWithNestedCurrentPageWhenVeryDifferingNestedInverseUsingPrettyLinkItem" file="/home/runner/work/develop/develop/packages/framework/tests/Unit/NavItemIsCurrentHelperTest.php" line="214" class="Hyde\Framework\Testing\Unit\NavItemIsCurrentHelperTest" classname="Hyde.Framework.Testing.Unit.NavItemIsCurrentHelperTest" assertions="1" time="0.003468"/>
        <testcase name="testIsCurrentWithAbsoluteLink" file="/home/runner/work/develop/develop/packages/framework/tests/Unit/NavItemIsCurrentHelperTest.php" line="220" class="Hyde\Framework\Testing\Unit\NavItemIsCurrentHelperTest" classname="Hyde.Framework.Testing.Unit.NavItemIsCurrentHelperTest" assertions="1" time="0.003387"/>
        <testcase name="testIsCurrentWithNestedCurrentPageWhenNestedUsingAbsoluteLinkItem" file="/home/runner/work/develop/develop/packages/framework/tests/Unit/NavItemIsCurrentHelperTest.php" line="226" class="Hyde\Framework\Testing\Unit\NavItemIsCurrentHelperTest" classname="Hyde.Framework.Testing.Unit.NavItemIsCurrentHelperTest" assertions="1" time="0.003501"/>
        <testcase name="testIsCurrentWhenCurrentWithNestedCurrentPageWhenNestedUsingAbsoluteLinkItem" file="/home/runner/work/develop/develop/packages/framework/tests/Unit/NavItemIsCurrentHelperTest.php" line="232" class="Hyde\Framework\Testing\Unit\NavItemIsCurrentHelperTest" classname="Hyde.Framework.Testing.Unit.NavItemIsCurrentHelperTest" assertions="1" time="0.003526"/>
      </testsuite>
      <testsuite name="Hyde\Framework\Testing\Unit\NavItemTest" file="/home/runner/work/develop/develop/packages/framework/tests/Unit/NavItemTest.php" tests="20" assertions="32" errors="0" failures="0" skipped="0" time="0.058606">
        <testcase name="testConstruct" file="/home/runner/work/develop/develop/packages/framework/tests/Unit/NavItemTest.php" line="41" class="Hyde\Framework\Testing\Unit\NavItemTest" classname="Hyde.Framework.Testing.Unit.NavItemTest" assertions="1" time="0.003074"/>
        <testcase name="testGetDestination" file="/home/runner/work/develop/develop/packages/framework/tests/Unit/NavItemTest.php" line="49" class="Hyde\Framework\Testing\Unit\NavItemTest" classname="Hyde.Framework.Testing.Unit.NavItemTest" assertions="1" time="0.002748"/>
        <testcase name="testGetLabel" file="/home/runner/work/develop/develop/packages/framework/tests/Unit/NavItemTest.php" line="55" class="Hyde\Framework\Testing\Unit\NavItemTest" classname="Hyde.Framework.Testing.Unit.NavItemTest" assertions="1" time="0.002720"/>
        <testcase name="testGetPriority" file="/home/runner/work/develop/develop/packages/framework/tests/Unit/NavItemTest.php" line="61" class="Hyde\Framework\Testing\Unit\NavItemTest" classname="Hyde.Framework.Testing.Unit.NavItemTest" assertions="1" time="0.002747"/>
        <testcase name="testGetGroup" file="/home/runner/work/develop/develop/packages/framework/tests/Unit/NavItemTest.php" line="67" class="Hyde\Framework\Testing\Unit\NavItemTest" classname="Hyde.Framework.Testing.Unit.NavItemTest" assertions="1" time="0.002745"/>
        <testcase name="testFromRoute" file="/home/runner/work/develop/develop/packages/framework/tests/Unit/NavItemTest.php" line="73" class="Hyde\Framework\Testing\Unit\NavItemTest" classname="Hyde.Framework.Testing.Unit.NavItemTest" assertions="1" time="0.002705"/>
        <testcase name="testToString" file="/home/runner/work/develop/develop/packages/framework/tests/Unit/NavItemTest.php" line="81" class="Hyde\Framework\Testing\Unit\NavItemTest" classname="Hyde.Framework.Testing.Unit.NavItemTest" assertions="1" time="0.005688"/>
        <testcase name="testForLink" file="/home/runner/work/develop/develop/packages/framework/tests/Unit/NavItemTest.php" line="88" class="Hyde\Framework\Testing\Unit\NavItemTest" classname="Hyde.Framework.Testing.Unit.NavItemTest" assertions="3" time="0.001620"/>
        <testcase name="testForLinkWithCustomPriority" file="/home/runner/work/develop/develop/packages/framework/tests/Unit/NavItemTest.php" line="97" class="Hyde\Framework\Testing\Unit\NavItemTest" classname="Hyde.Framework.Testing.Unit.NavItemTest" assertions="1" time="0.001491"/>
        <testcase name="testForRoute" file="/home/runner/work/develop/develop/packages/framework/tests/Unit/NavItemTest.php" line="102" class="Hyde\Framework\Testing\Unit\NavItemTest" classname="Hyde.Framework.Testing.Unit.NavItemTest" assertions="3" time="0.002248"/>
        <testcase name="testForIndexRoute" file="/home/runner/work/develop/develop/packages/framework/tests/Unit/NavItemTest.php" line="112" class="Hyde\Framework\Testing\Unit\NavItemTest" classname="Hyde.Framework.Testing.Unit.NavItemTest" assertions="3" time="0.002262"/>
        <testcase name="testForRouteWithRouteKey" file="/home/runner/work/develop/develop/packages/framework/tests/Unit/NavItemTest.php" line="122" class="Hyde\Framework\Testing\Unit\NavItemTest" classname="Hyde.Framework.Testing.Unit.NavItemTest" assertions="1" time="0.002305"/>
        <testcase name="testForRouteWithMissingRouteKey" file="/home/runner/work/develop/develop/packages/framework/tests/Unit/NavItemTest.php" line="130" class="Hyde\Framework\Testing\Unit\NavItemTest" classname="Hyde.Framework.Testing.Unit.NavItemTest" assertions="1" time="0.001646"/>
        <testcase name="testForRouteWithCustomPriority" file="/home/runner/work/develop/develop/packages/framework/tests/Unit/NavItemTest.php" line="136" class="Hyde\Framework\Testing\Unit\NavItemTest" classname="Hyde.Framework.Testing.Unit.NavItemTest" assertions="1" time="0.002059"/>
        <testcase name="testRouteBasedNavItemDestinationsAreResolvedRelatively" file="/home/runner/work/develop/develop/packages/framework/tests/Unit/NavItemTest.php" line="141" class="Hyde\Framework\Testing\Unit\NavItemTest" classname="Hyde.Framework.Testing.Unit.NavItemTest" assertions="6" time="0.007455"/>
        <testcase name="testIsCurrent" file="/home/runner/work/develop/develop/packages/framework/tests/Unit/NavItemTest.php" line="168" class="Hyde\Framework\Testing\Unit\NavItemTest" classname="Hyde.Framework.Testing.Unit.NavItemTest" assertions="2" time="0.004315"/>
        <testcase name="testGetGroupWithNoGroup" file="/home/runner/work/develop/develop/packages/framework/tests/Unit/NavItemTest.php" line="178" class="Hyde\Framework\Testing\Unit\NavItemTest" classname="Hyde.Framework.Testing.Unit.NavItemTest" assertions="1" time="0.002618"/>
        <testcase name="testGetGroupWithGroup" file="/home/runner/work/develop/develop/packages/framework/tests/Unit/NavItemTest.php" line="183" class="Hyde\Framework\Testing\Unit\NavItemTest" classname="Hyde.Framework.Testing.Unit.NavItemTest" assertions="1" time="0.002619"/>
        <testcase name="testGetGroupFromRouteWithGroup" file="/home/runner/work/develop/develop/packages/framework/tests/Unit/NavItemTest.php" line="188" class="Hyde\Framework\Testing\Unit\NavItemTest" classname="Hyde.Framework.Testing.Unit.NavItemTest" assertions="1" time="0.002830"/>
        <testcase name="testGetGroupForRouteWithGroup" file="/home/runner/work/develop/develop/packages/framework/tests/Unit/NavItemTest.php" line="193" class="Hyde\Framework\Testing\Unit\NavItemTest" classname="Hyde.Framework.Testing.Unit.NavItemTest" assertions="1" time="0.002710"/>
      </testsuite>
      <testsuite name="Hyde\Framework\Testing\Unit\NavigationDataFactoryUnitTest" file="/home/runner/work/develop/develop/packages/framework/tests/Unit/NavigationDataFactoryUnitTest.php" tests="7" assertions="21" errors="0" failures="0" skipped="0" time="0.018456">
        <testcase name="testSearchForPriorityInNavigationConfigForMarkdownPageWithKeyedConfig" file="/home/runner/work/develop/develop/packages/framework/tests/Unit/NavigationDataFactoryUnitTest.php" line="26" class="Hyde\Framework\Testing\Unit\NavigationDataFactoryUnitTest" classname="Hyde.Framework.Testing.Unit.NavigationDataFactoryUnitTest" assertions="2" time="0.002599"/>
        <testcase name="testSearchForPriorityInNavigationConfigForMarkdownPageWithListConfig" file="/home/runner/work/develop/develop/packages/framework/tests/Unit/NavigationDataFactoryUnitTest.php" line="40" class="Hyde\Framework\Testing\Unit\NavigationDataFactoryUnitTest" classname="Hyde.Framework.Testing.Unit.NavigationDataFactoryUnitTest" assertions="2" time="0.002314"/>
        <testcase name="testSearchForPriorityInNavigationConfigForMarkdownPageSupportsMixingKeyedAndListConfig" file="/home/runner/work/develop/develop/packages/framework/tests/Unit/NavigationDataFactoryUnitTest.php" line="54" class="Hyde\Framework\Testing\Unit\NavigationDataFactoryUnitTest" classname="Hyde.Framework.Testing.Unit.NavigationDataFactoryUnitTest" assertions="4" time="0.002817"/>
        <testcase name="testSearchForPriorityInNavigationConfigForDocumentationPageWithListConfig" file="/home/runner/work/develop/develop/packages/framework/tests/Unit/NavigationDataFactoryUnitTest.php" line="75" class="Hyde\Framework\Testing\Unit\NavigationDataFactoryUnitTest" classname="Hyde.Framework.Testing.Unit.NavigationDataFactoryUnitTest" assertions="2" time="0.002362"/>
        <testcase name="testSearchForPriorityInNavigationConfigForDocumentationPageWithKeyedConfig" file="/home/runner/work/develop/develop/packages/framework/tests/Unit/NavigationDataFactoryUnitTest.php" line="89" class="Hyde\Framework\Testing\Unit\NavigationDataFactoryUnitTest" classname="Hyde.Framework.Testing.Unit.NavigationDataFactoryUnitTest" assertions="4" time="0.002887"/>
        <testcase name="testSearchForPriorityInNavigationConfigForDocumentationPageSupportsMixingKeyedAndListConfig" file="/home/runner/work/develop/develop/packages/framework/tests/Unit/NavigationDataFactoryUnitTest.php" line="110" class="Hyde\Framework\Testing\Unit\NavigationDataFactoryUnitTest" classname="Hyde.Framework.Testing.Unit.NavigationDataFactoryUnitTest" assertions="4" time="0.002887"/>
        <testcase name="testRouteKeysCanBeUsedForDocumentationSidebarPriorities" file="/home/runner/work/develop/develop/packages/framework/tests/Unit/NavigationDataFactoryUnitTest.php" line="131" class="Hyde\Framework\Testing\Unit\NavigationDataFactoryUnitTest" classname="Hyde.Framework.Testing.Unit.NavigationDataFactoryUnitTest" assertions="3" time="0.002589"/>
      </testsuite>
      <testsuite name="Hyde\Framework\Testing\Unit\Pages\BladePageUnitTest" file="/home/runner/work/develop/develop/packages/framework/tests/Unit/Pages/BladePageUnitTest.php" tests="32" assertions="32" errors="0" failures="0" skipped="0" time="0.103938">
        <testcase name="testSourceDirectory" file="/home/runner/work/develop/develop/packages/framework/tests/Unit/Pages/BladePageUnitTest.php" line="23" class="Hyde\Framework\Testing\Unit\Pages\BladePageUnitTest" classname="Hyde.Framework.Testing.Unit.Pages.BladePageUnitTest" assertions="1" time="0.002088"/>
        <testcase name="testOutputDirectory" file="/home/runner/work/develop/develop/packages/framework/tests/Unit/Pages/BladePageUnitTest.php" line="28" class="Hyde\Framework\Testing\Unit\Pages\BladePageUnitTest" classname="Hyde.Framework.Testing.Unit.Pages.BladePageUnitTest" assertions="1" time="0.001838"/>
        <testcase name="testBaseRouteKey" file="/home/runner/work/develop/develop/packages/framework/tests/Unit/Pages/BladePageUnitTest.php" line="33" class="Hyde\Framework\Testing\Unit\Pages\BladePageUnitTest" classname="Hyde.Framework.Testing.Unit.Pages.BladePageUnitTest" assertions="1" time="0.001822"/>
        <testcase name="testFileExtension" file="/home/runner/work/develop/develop/packages/framework/tests/Unit/Pages/BladePageUnitTest.php" line="38" class="Hyde\Framework\Testing\Unit\Pages\BladePageUnitTest" classname="Hyde.Framework.Testing.Unit.Pages.BladePageUnitTest" assertions="1" time="0.001845"/>
        <testcase name="testSourcePath" file="/home/runner/work/develop/develop/packages/framework/tests/Unit/Pages/BladePageUnitTest.php" line="43" class="Hyde\Framework\Testing\Unit\Pages\BladePageUnitTest" classname="Hyde.Framework.Testing.Unit.Pages.BladePageUnitTest" assertions="1" time="0.001886"/>
        <testcase name="testOutputPath" file="/home/runner/work/develop/develop/packages/framework/tests/Unit/Pages/BladePageUnitTest.php" line="48" class="Hyde\Framework\Testing\Unit\Pages\BladePageUnitTest" classname="Hyde.Framework.Testing.Unit.Pages.BladePageUnitTest" assertions="1" time="0.001932"/>
        <testcase name="testPath" file="/home/runner/work/develop/develop/packages/framework/tests/Unit/Pages/BladePageUnitTest.php" line="53" class="Hyde\Framework\Testing\Unit\Pages\BladePageUnitTest" classname="Hyde.Framework.Testing.Unit.Pages.BladePageUnitTest" assertions="1" time="0.001999"/>
        <testcase name="testGetSourcePath" file="/home/runner/work/develop/develop/packages/framework/tests/Unit/Pages/BladePageUnitTest.php" line="58" class="Hyde\Framework\Testing\Unit\Pages\BladePageUnitTest" classname="Hyde.Framework.Testing.Unit.Pages.BladePageUnitTest" assertions="1" time="0.003088"/>
        <testcase name="testGetOutputPath" file="/home/runner/work/develop/develop/packages/framework/tests/Unit/Pages/BladePageUnitTest.php" line="63" class="Hyde\Framework\Testing\Unit\Pages\BladePageUnitTest" classname="Hyde.Framework.Testing.Unit.Pages.BladePageUnitTest" assertions="1" time="0.002965"/>
        <testcase name="testGetLink" file="/home/runner/work/develop/develop/packages/framework/tests/Unit/Pages/BladePageUnitTest.php" line="68" class="Hyde\Framework\Testing\Unit\Pages\BladePageUnitTest" classname="Hyde.Framework.Testing.Unit.Pages.BladePageUnitTest" assertions="1" time="0.002976"/>
        <testcase name="testMake" file="/home/runner/work/develop/develop/packages/framework/tests/Unit/Pages/BladePageUnitTest.php" line="73" class="Hyde\Framework\Testing\Unit\Pages\BladePageUnitTest" classname="Hyde.Framework.Testing.Unit.Pages.BladePageUnitTest" assertions="1" time="0.003393"/>
        <testcase name="testMakeWithData" file="/home/runner/work/develop/develop/packages/framework/tests/Unit/Pages/BladePageUnitTest.php" line="78" class="Hyde\Framework\Testing\Unit\Pages\BladePageUnitTest" classname="Hyde.Framework.Testing.Unit.Pages.BladePageUnitTest" assertions="1" time="0.003850"/>
        <testcase name="testShowInNavigation" file="/home/runner/work/develop/develop/packages/framework/tests/Unit/Pages/BladePageUnitTest.php" line="83" class="Hyde\Framework\Testing\Unit\Pages\BladePageUnitTest" classname="Hyde.Framework.Testing.Unit.Pages.BladePageUnitTest" assertions="1" time="0.002776"/>
        <testcase name="testNavigationMenuPriority" file="/home/runner/work/develop/develop/packages/framework/tests/Unit/Pages/BladePageUnitTest.php" line="88" class="Hyde\Framework\Testing\Unit\Pages\BladePageUnitTest" classname="Hyde.Framework.Testing.Unit.Pages.BladePageUnitTest" assertions="1" time="0.002792"/>
        <testcase name="testNavigationMenuLabel" file="/home/runner/work/develop/develop/packages/framework/tests/Unit/Pages/BladePageUnitTest.php" line="93" class="Hyde\Framework\Testing\Unit\Pages\BladePageUnitTest" classname="Hyde.Framework.Testing.Unit.Pages.BladePageUnitTest" assertions="1" time="0.002992"/>
        <testcase name="testNavigationMenuGroup" file="/home/runner/work/develop/develop/packages/framework/tests/Unit/Pages/BladePageUnitTest.php" line="98" class="Hyde\Framework\Testing\Unit\Pages\BladePageUnitTest" classname="Hyde.Framework.Testing.Unit.Pages.BladePageUnitTest" assertions="1" time="0.002965"/>
        <testcase name="testGetBladeView" file="/home/runner/work/develop/develop/packages/framework/tests/Unit/Pages/BladePageUnitTest.php" line="103" class="Hyde\Framework\Testing\Unit\Pages\BladePageUnitTest" classname="Hyde.Framework.Testing.Unit.Pages.BladePageUnitTest" assertions="1" time="0.002976"/>
        <testcase name="testFiles" file="/home/runner/work/develop/develop/packages/framework/tests/Unit/Pages/BladePageUnitTest.php" line="108" class="Hyde\Framework\Testing\Unit\Pages\BladePageUnitTest" classname="Hyde.Framework.Testing.Unit.Pages.BladePageUnitTest" assertions="1" time="0.005675"/>
        <testcase name="testData" file="/home/runner/work/develop/develop/packages/framework/tests/Unit/Pages/BladePageUnitTest.php" line="113" class="Hyde\Framework\Testing\Unit\Pages\BladePageUnitTest" classname="Hyde.Framework.Testing.Unit.Pages.BladePageUnitTest" assertions="1" time="0.003217"/>
        <testcase name="testGet" file="/home/runner/work/develop/develop/packages/framework/tests/Unit/Pages/BladePageUnitTest.php" line="118" class="Hyde\Framework\Testing\Unit\Pages\BladePageUnitTest" classname="Hyde.Framework.Testing.Unit.Pages.BladePageUnitTest" assertions="1" time="0.007168"/>
        <testcase name="testParse" file="/home/runner/work/develop/develop/packages/framework/tests/Unit/Pages/BladePageUnitTest.php" line="124" class="Hyde\Framework\Testing\Unit\Pages\BladePageUnitTest" classname="Hyde.Framework.Testing.Unit.Pages.BladePageUnitTest" assertions="1" time="0.003484"/>
        <testcase name="testGetRouteKey" file="/home/runner/work/develop/develop/packages/framework/tests/Unit/Pages/BladePageUnitTest.php" line="129" class="Hyde\Framework\Testing\Unit\Pages\BladePageUnitTest" classname="Hyde.Framework.Testing.Unit.Pages.BladePageUnitTest" assertions="1" time="0.002924"/>
        <testcase name="testTitle" file="/home/runner/work/develop/develop/packages/framework/tests/Unit/Pages/BladePageUnitTest.php" line="134" class="Hyde\Framework\Testing\Unit\Pages\BladePageUnitTest" classname="Hyde.Framework.Testing.Unit.Pages.BladePageUnitTest" assertions="1" time="0.002954"/>
        <testcase name="testAll" file="/home/runner/work/develop/develop/packages/framework/tests/Unit/Pages/BladePageUnitTest.php" line="140" class="Hyde\Framework\Testing\Unit\Pages\BladePageUnitTest" classname="Hyde.Framework.Testing.Unit.Pages.BladePageUnitTest" assertions="1" time="0.005420"/>
        <testcase name="testMetadata" file="/home/runner/work/develop/develop/packages/framework/tests/Unit/Pages/BladePageUnitTest.php" line="145" class="Hyde\Framework\Testing\Unit\Pages\BladePageUnitTest" classname="Hyde.Framework.Testing.Unit.Pages.BladePageUnitTest" assertions="1" time="0.003412"/>
        <testcase name="testConstruct" file="/home/runner/work/develop/develop/packages/framework/tests/Unit/Pages/BladePageUnitTest.php" line="150" class="Hyde\Framework\Testing\Unit\Pages\BladePageUnitTest" classname="Hyde.Framework.Testing.Unit.Pages.BladePageUnitTest" assertions="1" time="0.004391"/>
        <testcase name="testGetRoute" file="/home/runner/work/develop/develop/packages/framework/tests/Unit/Pages/BladePageUnitTest.php" line="155" class="Hyde\Framework\Testing\Unit\Pages\BladePageUnitTest" classname="Hyde.Framework.Testing.Unit.Pages.BladePageUnitTest" assertions="1" time="0.006116"/>
        <testcase name="testGetIdentifier" file="/home/runner/work/develop/develop/packages/framework/tests/Unit/Pages/BladePageUnitTest.php" line="160" class="Hyde\Framework\Testing\Unit\Pages\BladePageUnitTest" classname="Hyde.Framework.Testing.Unit.Pages.BladePageUnitTest" assertions="1" time="0.002974"/>
        <testcase name="testHas" file="/home/runner/work/develop/develop/packages/framework/tests/Unit/Pages/BladePageUnitTest.php" line="165" class="Hyde\Framework\Testing\Unit\Pages\BladePageUnitTest" classname="Hyde.Framework.Testing.Unit.Pages.BladePageUnitTest" assertions="1" time="0.002985"/>
        <testcase name="testToCoreDataObject" file="/home/runner/work/develop/develop/packages/framework/tests/Unit/Pages/BladePageUnitTest.php" line="170" class="Hyde\Framework\Testing\Unit\Pages\BladePageUnitTest" classname="Hyde.Framework.Testing.Unit.Pages.BladePageUnitTest" assertions="1" time="0.003025"/>
        <testcase name="testCompile" file="/home/runner/work/develop/develop/packages/framework/tests/Unit/Pages/BladePageUnitTest.php" line="175" class="Hyde\Framework\Testing\Unit\Pages\BladePageUnitTest" classname="Hyde.Framework.Testing.Unit.Pages.BladePageUnitTest" assertions="1" time="0.003060"/>
        <testcase name="testMatter" file="/home/runner/work/develop/develop/packages/framework/tests/Unit/Pages/BladePageUnitTest.php" line="180" class="Hyde\Framework\Testing\Unit\Pages\BladePageUnitTest" classname="Hyde.Framework.Testing.Unit.Pages.BladePageUnitTest" assertions="1" time="0.002950"/>
      </testsuite>
      <testsuite name="Hyde\Framework\Testing\Unit\Pages\DocumentationPageUnitTest" file="/home/runner/work/develop/develop/packages/framework/tests/Unit/Pages/DocumentationPageUnitTest.php" tests="35" assertions="36" errors="0" failures="0" skipped="0" time="0.118373">
        <testcase name="testSourceDirectory" file="/home/runner/work/develop/develop/packages/framework/tests/Unit/Pages/DocumentationPageUnitTest.php" line="25" class="Hyde\Framework\Testing\Unit\Pages\DocumentationPageUnitTest" classname="Hyde.Framework.Testing.Unit.Pages.DocumentationPageUnitTest" assertions="1" time="0.002084"/>
        <testcase name="testOutputDirectory" file="/home/runner/work/develop/develop/packages/framework/tests/Unit/Pages/DocumentationPageUnitTest.php" line="30" class="Hyde\Framework\Testing\Unit\Pages\DocumentationPageUnitTest" classname="Hyde.Framework.Testing.Unit.Pages.DocumentationPageUnitTest" assertions="1" time="0.001830"/>
        <testcase name="testBaseRouteKey" file="/home/runner/work/develop/develop/packages/framework/tests/Unit/Pages/DocumentationPageUnitTest.php" line="35" class="Hyde\Framework\Testing\Unit\Pages\DocumentationPageUnitTest" classname="Hyde.Framework.Testing.Unit.Pages.DocumentationPageUnitTest" assertions="1" time="0.001842"/>
        <testcase name="testFileExtension" file="/home/runner/work/develop/develop/packages/framework/tests/Unit/Pages/DocumentationPageUnitTest.php" line="40" class="Hyde\Framework\Testing\Unit\Pages\DocumentationPageUnitTest" classname="Hyde.Framework.Testing.Unit.Pages.DocumentationPageUnitTest" assertions="1" time="0.001856"/>
        <testcase name="testSourcePath" file="/home/runner/work/develop/develop/packages/framework/tests/Unit/Pages/DocumentationPageUnitTest.php" line="45" class="Hyde\Framework\Testing\Unit\Pages\DocumentationPageUnitTest" classname="Hyde.Framework.Testing.Unit.Pages.DocumentationPageUnitTest" assertions="1" time="0.001908"/>
        <testcase name="testOutputPath" file="/home/runner/work/develop/develop/packages/framework/tests/Unit/Pages/DocumentationPageUnitTest.php" line="50" class="Hyde\Framework\Testing\Unit\Pages\DocumentationPageUnitTest" classname="Hyde.Framework.Testing.Unit.Pages.DocumentationPageUnitTest" assertions="1" time="0.001972"/>
        <testcase name="testPath" file="/home/runner/work/develop/develop/packages/framework/tests/Unit/Pages/DocumentationPageUnitTest.php" line="55" class="Hyde\Framework\Testing\Unit\Pages\DocumentationPageUnitTest" classname="Hyde.Framework.Testing.Unit.Pages.DocumentationPageUnitTest" assertions="1" time="0.002026"/>
        <testcase name="testGetSourcePath" file="/home/runner/work/develop/develop/packages/framework/tests/Unit/Pages/DocumentationPageUnitTest.php" line="60" class="Hyde\Framework\Testing\Unit\Pages\DocumentationPageUnitTest" classname="Hyde.Framework.Testing.Unit.Pages.DocumentationPageUnitTest" assertions="1" time="0.003170"/>
        <testcase name="testGetOutputPath" file="/home/runner/work/develop/develop/packages/framework/tests/Unit/Pages/DocumentationPageUnitTest.php" line="65" class="Hyde\Framework\Testing\Unit\Pages\DocumentationPageUnitTest" classname="Hyde.Framework.Testing.Unit.Pages.DocumentationPageUnitTest" assertions="1" time="0.003033"/>
        <testcase name="testGetLink" file="/home/runner/work/develop/develop/packages/framework/tests/Unit/Pages/DocumentationPageUnitTest.php" line="70" class="Hyde\Framework\Testing\Unit\Pages\DocumentationPageUnitTest" classname="Hyde.Framework.Testing.Unit.Pages.DocumentationPageUnitTest" assertions="1" time="0.003089"/>
        <testcase name="testMake" file="/home/runner/work/develop/develop/packages/framework/tests/Unit/Pages/DocumentationPageUnitTest.php" line="75" class="Hyde\Framework\Testing\Unit\Pages\DocumentationPageUnitTest" classname="Hyde.Framework.Testing.Unit.Pages.DocumentationPageUnitTest" assertions="1" time="0.003565"/>
        <testcase name="testMakeWithData" file="/home/runner/work/develop/develop/packages/framework/tests/Unit/Pages/DocumentationPageUnitTest.php" line="80" class="Hyde\Framework\Testing\Unit\Pages\DocumentationPageUnitTest" classname="Hyde.Framework.Testing.Unit.Pages.DocumentationPageUnitTest" assertions="1" time="0.004014"/>
        <testcase name="testShowInNavigation" file="/home/runner/work/develop/develop/packages/framework/tests/Unit/Pages/DocumentationPageUnitTest.php" line="85" class="Hyde\Framework\Testing\Unit\Pages\DocumentationPageUnitTest" classname="Hyde.Framework.Testing.Unit.Pages.DocumentationPageUnitTest" assertions="1" time="0.002849"/>
        <testcase name="testNavigationMenuPriority" file="/home/runner/work/develop/develop/packages/framework/tests/Unit/Pages/DocumentationPageUnitTest.php" line="90" class="Hyde\Framework\Testing\Unit\Pages\DocumentationPageUnitTest" classname="Hyde.Framework.Testing.Unit.Pages.DocumentationPageUnitTest" assertions="1" time="0.002896"/>
        <testcase name="testNavigationMenuLabel" file="/home/runner/work/develop/develop/packages/framework/tests/Unit/Pages/DocumentationPageUnitTest.php" line="95" class="Hyde\Framework\Testing\Unit\Pages\DocumentationPageUnitTest" classname="Hyde.Framework.Testing.Unit.Pages.DocumentationPageUnitTest" assertions="1" time="0.003074"/>
        <testcase name="testNavigationMenuGroup" file="/home/runner/work/develop/develop/packages/framework/tests/Unit/Pages/DocumentationPageUnitTest.php" line="100" class="Hyde\Framework\Testing\Unit\Pages\DocumentationPageUnitTest" classname="Hyde.Framework.Testing.Unit.Pages.DocumentationPageUnitTest" assertions="1" time="0.003075"/>
        <testcase name="testNavigationMenuGroupWithData" file="/home/runner/work/develop/develop/packages/framework/tests/Unit/Pages/DocumentationPageUnitTest.php" line="105" class="Hyde\Framework\Testing\Unit\Pages\DocumentationPageUnitTest" classname="Hyde.Framework.Testing.Unit.Pages.DocumentationPageUnitTest" assertions="1" time="0.002901"/>
        <testcase name="testGetBladeView" file="/home/runner/work/develop/develop/packages/framework/tests/Unit/Pages/DocumentationPageUnitTest.php" line="110" class="Hyde\Framework\Testing\Unit\Pages\DocumentationPageUnitTest" classname="Hyde.Framework.Testing.Unit.Pages.DocumentationPageUnitTest" assertions="1" time="0.003063"/>
        <testcase name="testFiles" file="/home/runner/work/develop/develop/packages/framework/tests/Unit/Pages/DocumentationPageUnitTest.php" line="115" class="Hyde\Framework\Testing\Unit\Pages\DocumentationPageUnitTest" classname="Hyde.Framework.Testing.Unit.Pages.DocumentationPageUnitTest" assertions="1" time="0.005572"/>
        <testcase name="testData" file="/home/runner/work/develop/develop/packages/framework/tests/Unit/Pages/DocumentationPageUnitTest.php" line="120" class="Hyde\Framework\Testing\Unit\Pages\DocumentationPageUnitTest" classname="Hyde.Framework.Testing.Unit.Pages.DocumentationPageUnitTest" assertions="1" time="0.003033"/>
        <testcase name="testGet" file="/home/runner/work/develop/develop/packages/framework/tests/Unit/Pages/DocumentationPageUnitTest.php" line="125" class="Hyde\Framework\Testing\Unit\Pages\DocumentationPageUnitTest" classname="Hyde.Framework.Testing.Unit.Pages.DocumentationPageUnitTest" assertions="1" time="0.007570"/>
        <testcase name="testParse" file="/home/runner/work/develop/develop/packages/framework/tests/Unit/Pages/DocumentationPageUnitTest.php" line="131" class="Hyde\Framework\Testing\Unit\Pages\DocumentationPageUnitTest" classname="Hyde.Framework.Testing.Unit.Pages.DocumentationPageUnitTest" assertions="1" time="0.003948"/>
        <testcase name="testGetRouteKey" file="/home/runner/work/develop/develop/packages/framework/tests/Unit/Pages/DocumentationPageUnitTest.php" line="137" class="Hyde\Framework\Testing\Unit\Pages\DocumentationPageUnitTest" classname="Hyde.Framework.Testing.Unit.Pages.DocumentationPageUnitTest" assertions="1" time="0.003056"/>
        <testcase name="testTitle" file="/home/runner/work/develop/develop/packages/framework/tests/Unit/Pages/DocumentationPageUnitTest.php" line="142" class="Hyde\Framework\Testing\Unit\Pages\DocumentationPageUnitTest" classname="Hyde.Framework.Testing.Unit.Pages.DocumentationPageUnitTest" assertions="1" time="0.003035"/>
        <testcase name="testAll" file="/home/runner/work/develop/develop/packages/framework/tests/Unit/Pages/DocumentationPageUnitTest.php" line="148" class="Hyde\Framework\Testing\Unit\Pages\DocumentationPageUnitTest" classname="Hyde.Framework.Testing.Unit.Pages.DocumentationPageUnitTest" assertions="1" time="0.005426"/>
        <testcase name="testMetadata" file="/home/runner/work/develop/develop/packages/framework/tests/Unit/Pages/DocumentationPageUnitTest.php" line="153" class="Hyde\Framework\Testing\Unit\Pages\DocumentationPageUnitTest" classname="Hyde.Framework.Testing.Unit.Pages.DocumentationPageUnitTest" assertions="1" time="0.002851"/>
        <testcase name="testConstruct" file="/home/runner/work/develop/develop/packages/framework/tests/Unit/Pages/DocumentationPageUnitTest.php" line="158" class="Hyde\Framework\Testing\Unit\Pages\DocumentationPageUnitTest" classname="Hyde.Framework.Testing.Unit.Pages.DocumentationPageUnitTest" assertions="1" time="0.002941"/>
        <testcase name="testGetRoute" file="/home/runner/work/develop/develop/packages/framework/tests/Unit/Pages/DocumentationPageUnitTest.php" line="163" class="Hyde\Framework\Testing\Unit\Pages\DocumentationPageUnitTest" classname="Hyde.Framework.Testing.Unit.Pages.DocumentationPageUnitTest" assertions="1" time="0.005803"/>
        <testcase name="testGetIdentifier" file="/home/runner/work/develop/develop/packages/framework/tests/Unit/Pages/DocumentationPageUnitTest.php" line="168" class="Hyde\Framework\Testing\Unit\Pages\DocumentationPageUnitTest" classname="Hyde.Framework.Testing.Unit.Pages.DocumentationPageUnitTest" assertions="1" time="0.003067"/>
        <testcase name="testHas" file="/home/runner/work/develop/develop/packages/framework/tests/Unit/Pages/DocumentationPageUnitTest.php" line="173" class="Hyde\Framework\Testing\Unit\Pages\DocumentationPageUnitTest" classname="Hyde.Framework.Testing.Unit.Pages.DocumentationPageUnitTest" assertions="1" time="0.003051"/>
        <testcase name="testToCoreDataObject" file="/home/runner/work/develop/develop/packages/framework/tests/Unit/Pages/DocumentationPageUnitTest.php" line="178" class="Hyde\Framework\Testing\Unit\Pages\DocumentationPageUnitTest" classname="Hyde.Framework.Testing.Unit.Pages.DocumentationPageUnitTest" assertions="1" time="0.003076"/>
        <testcase name="testCompile" file="/home/runner/work/develop/develop/packages/framework/tests/Unit/Pages/DocumentationPageUnitTest.php" line="183" class="Hyde\Framework\Testing\Unit\Pages\DocumentationPageUnitTest" classname="Hyde.Framework.Testing.Unit.Pages.DocumentationPageUnitTest" assertions="1" time="0.007896"/>
        <testcase name="testMatter" file="/home/runner/work/develop/develop/packages/framework/tests/Unit/Pages/DocumentationPageUnitTest.php" line="190" class="Hyde\Framework\Testing\Unit\Pages\DocumentationPageUnitTest" classname="Hyde.Framework.Testing.Unit.Pages.DocumentationPageUnitTest" assertions="1" time="0.003017"/>
        <testcase name="testMarkdown" file="/home/runner/work/develop/develop/packages/framework/tests/Unit/Pages/DocumentationPageUnitTest.php" line="195" class="Hyde\Framework\Testing\Unit\Pages\DocumentationPageUnitTest" classname="Hyde.Framework.Testing.Unit.Pages.DocumentationPageUnitTest" assertions="1" time="0.003026"/>
        <testcase name="testSave" file="/home/runner/work/develop/develop/packages/framework/tests/Unit/Pages/DocumentationPageUnitTest.php" line="200" class="Hyde\Framework\Testing\Unit\Pages\DocumentationPageUnitTest" classname="Hyde.Framework.Testing.Unit.Pages.DocumentationPageUnitTest" assertions="2" time="0.003760"/>
      </testsuite>
      <testsuite name="Hyde\Framework\Testing\Unit\Pages\HtmlPageTest" file="/home/runner/work/develop/develop/packages/framework/tests/Unit/Pages/HtmlPageTest.php" tests="2" assertions="3" errors="0" failures="0" skipped="0" time="0.012385">
        <testcase name="testHtmlPageCanBeCompiled" file="/home/runner/work/develop/develop/packages/framework/tests/Unit/Pages/HtmlPageTest.php" line="15" class="Hyde\Framework\Testing\Unit\Pages\HtmlPageTest" classname="Hyde.Framework.Testing.Unit.Pages.HtmlPageTest" assertions="2" time="0.007653"/>
        <testcase name="testCompileMethodUsesContents" file="/home/runner/work/develop/develop/packages/framework/tests/Unit/Pages/HtmlPageTest.php" line="24" class="Hyde\Framework\Testing\Unit\Pages\HtmlPageTest" classname="Hyde.Framework.Testing.Unit.Pages.HtmlPageTest" assertions="1" time="0.004732"/>
      </testsuite>
      <testsuite name="Hyde\Framework\Testing\Unit\Pages\HtmlPageUnitTest" file="/home/runner/work/develop/develop/packages/framework/tests/Unit/Pages/HtmlPageUnitTest.php" tests="32" assertions="32" errors="0" failures="0" skipped="0" time="0.104556">
        <testcase name="testSourceDirectory" file="/home/runner/work/develop/develop/packages/framework/tests/Unit/Pages/HtmlPageUnitTest.php" line="23" class="Hyde\Framework\Testing\Unit\Pages\HtmlPageUnitTest" classname="Hyde.Framework.Testing.Unit.Pages.HtmlPageUnitTest" assertions="1" time="0.001967"/>
        <testcase name="testOutputDirectory" file="/home/runner/work/develop/develop/packages/framework/tests/Unit/Pages/HtmlPageUnitTest.php" line="31" class="Hyde\Framework\Testing\Unit\Pages\HtmlPageUnitTest" classname="Hyde.Framework.Testing.Unit.Pages.HtmlPageUnitTest" assertions="1" time="0.001863"/>
        <testcase name="testBaseRouteKey" file="/home/runner/work/develop/develop/packages/framework/tests/Unit/Pages/HtmlPageUnitTest.php" line="39" class="Hyde\Framework\Testing\Unit\Pages\HtmlPageUnitTest" classname="Hyde.Framework.Testing.Unit.Pages.HtmlPageUnitTest" assertions="1" time="0.001852"/>
        <testcase name="testFileExtension" file="/home/runner/work/develop/develop/packages/framework/tests/Unit/Pages/HtmlPageUnitTest.php" line="47" class="Hyde\Framework\Testing\Unit\Pages\HtmlPageUnitTest" classname="Hyde.Framework.Testing.Unit.Pages.HtmlPageUnitTest" assertions="1" time="0.001856"/>
        <testcase name="testSourcePath" file="/home/runner/work/develop/develop/packages/framework/tests/Unit/Pages/HtmlPageUnitTest.php" line="55" class="Hyde\Framework\Testing\Unit\Pages\HtmlPageUnitTest" classname="Hyde.Framework.Testing.Unit.Pages.HtmlPageUnitTest" assertions="1" time="0.001874"/>
        <testcase name="testOutputPath" file="/home/runner/work/develop/develop/packages/framework/tests/Unit/Pages/HtmlPageUnitTest.php" line="63" class="Hyde\Framework\Testing\Unit\Pages\HtmlPageUnitTest" classname="Hyde.Framework.Testing.Unit.Pages.HtmlPageUnitTest" assertions="1" time="0.001896"/>
        <testcase name="testPath" file="/home/runner/work/develop/develop/packages/framework/tests/Unit/Pages/HtmlPageUnitTest.php" line="71" class="Hyde\Framework\Testing\Unit\Pages\HtmlPageUnitTest" classname="Hyde.Framework.Testing.Unit.Pages.HtmlPageUnitTest" assertions="1" time="0.001978"/>
        <testcase name="testGetSourcePath" file="/home/runner/work/develop/develop/packages/framework/tests/Unit/Pages/HtmlPageUnitTest.php" line="79" class="Hyde\Framework\Testing\Unit\Pages\HtmlPageUnitTest" classname="Hyde.Framework.Testing.Unit.Pages.HtmlPageUnitTest" assertions="1" time="0.002891"/>
        <testcase name="testGetOutputPath" file="/home/runner/work/develop/develop/packages/framework/tests/Unit/Pages/HtmlPageUnitTest.php" line="87" class="Hyde\Framework\Testing\Unit\Pages\HtmlPageUnitTest" classname="Hyde.Framework.Testing.Unit.Pages.HtmlPageUnitTest" assertions="1" time="0.002905"/>
        <testcase name="testGetLink" file="/home/runner/work/develop/develop/packages/framework/tests/Unit/Pages/HtmlPageUnitTest.php" line="95" class="Hyde\Framework\Testing\Unit\Pages\HtmlPageUnitTest" classname="Hyde.Framework.Testing.Unit.Pages.HtmlPageUnitTest" assertions="1" time="0.002934"/>
        <testcase name="testMake" file="/home/runner/work/develop/develop/packages/framework/tests/Unit/Pages/HtmlPageUnitTest.php" line="103" class="Hyde\Framework\Testing\Unit\Pages\HtmlPageUnitTest" classname="Hyde.Framework.Testing.Unit.Pages.HtmlPageUnitTest" assertions="1" time="0.003398"/>
        <testcase name="testMakeWithData" file="/home/runner/work/develop/develop/packages/framework/tests/Unit/Pages/HtmlPageUnitTest.php" line="108" class="Hyde\Framework\Testing\Unit\Pages\HtmlPageUnitTest" classname="Hyde.Framework.Testing.Unit.Pages.HtmlPageUnitTest" assertions="1" time="0.003769"/>
        <testcase name="testShowInNavigation" file="/home/runner/work/develop/develop/packages/framework/tests/Unit/Pages/HtmlPageUnitTest.php" line="116" class="Hyde\Framework\Testing\Unit\Pages\HtmlPageUnitTest" classname="Hyde.Framework.Testing.Unit.Pages.HtmlPageUnitTest" assertions="1" time="0.002747"/>
        <testcase name="testNavigationMenuPriority" file="/home/runner/work/develop/develop/packages/framework/tests/Unit/Pages/HtmlPageUnitTest.php" line="121" class="Hyde\Framework\Testing\Unit\Pages\HtmlPageUnitTest" classname="Hyde.Framework.Testing.Unit.Pages.HtmlPageUnitTest" assertions="1" time="0.002824"/>
        <testcase name="testNavigationMenuLabel" file="/home/runner/work/develop/develop/packages/framework/tests/Unit/Pages/HtmlPageUnitTest.php" line="126" class="Hyde\Framework\Testing\Unit\Pages\HtmlPageUnitTest" classname="Hyde.Framework.Testing.Unit.Pages.HtmlPageUnitTest" assertions="1" time="0.002987"/>
        <testcase name="testNavigationMenuGroup" file="/home/runner/work/develop/develop/packages/framework/tests/Unit/Pages/HtmlPageUnitTest.php" line="131" class="Hyde\Framework\Testing\Unit\Pages\HtmlPageUnitTest" classname="Hyde.Framework.Testing.Unit.Pages.HtmlPageUnitTest" assertions="1" time="0.002958"/>
        <testcase name="testGetBladeView" file="/home/runner/work/develop/develop/packages/framework/tests/Unit/Pages/HtmlPageUnitTest.php" line="136" class="Hyde\Framework\Testing\Unit\Pages\HtmlPageUnitTest" classname="Hyde.Framework.Testing.Unit.Pages.HtmlPageUnitTest" assertions="1" time="0.003028"/>
        <testcase name="testFiles" file="/home/runner/work/develop/develop/packages/framework/tests/Unit/Pages/HtmlPageUnitTest.php" line="141" class="Hyde\Framework\Testing\Unit\Pages\HtmlPageUnitTest" classname="Hyde.Framework.Testing.Unit.Pages.HtmlPageUnitTest" assertions="1" time="0.005660"/>
        <testcase name="testData" file="/home/runner/work/develop/develop/packages/framework/tests/Unit/Pages/HtmlPageUnitTest.php" line="146" class="Hyde\Framework\Testing\Unit\Pages\HtmlPageUnitTest" classname="Hyde.Framework.Testing.Unit.Pages.HtmlPageUnitTest" assertions="1" time="0.003003"/>
        <testcase name="testGet" file="/home/runner/work/develop/develop/packages/framework/tests/Unit/Pages/HtmlPageUnitTest.php" line="151" class="Hyde\Framework\Testing\Unit\Pages\HtmlPageUnitTest" classname="Hyde.Framework.Testing.Unit.Pages.HtmlPageUnitTest" assertions="1" time="0.007445"/>
        <testcase name="testParse" file="/home/runner/work/develop/develop/packages/framework/tests/Unit/Pages/HtmlPageUnitTest.php" line="157" class="Hyde\Framework\Testing\Unit\Pages\HtmlPageUnitTest" classname="Hyde.Framework.Testing.Unit.Pages.HtmlPageUnitTest" assertions="1" time="0.003619"/>
        <testcase name="testGetRouteKey" file="/home/runner/work/develop/develop/packages/framework/tests/Unit/Pages/HtmlPageUnitTest.php" line="163" class="Hyde\Framework\Testing\Unit\Pages\HtmlPageUnitTest" classname="Hyde.Framework.Testing.Unit.Pages.HtmlPageUnitTest" assertions="1" time="0.002927"/>
        <testcase name="testTitle" file="/home/runner/work/develop/develop/packages/framework/tests/Unit/Pages/HtmlPageUnitTest.php" line="168" class="Hyde\Framework\Testing\Unit\Pages\HtmlPageUnitTest" classname="Hyde.Framework.Testing.Unit.Pages.HtmlPageUnitTest" assertions="1" time="0.002934"/>
        <testcase name="testAll" file="/home/runner/work/develop/develop/packages/framework/tests/Unit/Pages/HtmlPageUnitTest.php" line="174" class="Hyde\Framework\Testing\Unit\Pages\HtmlPageUnitTest" classname="Hyde.Framework.Testing.Unit.Pages.HtmlPageUnitTest" assertions="1" time="0.005381"/>
        <testcase name="testMetadata" file="/home/runner/work/develop/develop/packages/framework/tests/Unit/Pages/HtmlPageUnitTest.php" line="179" class="Hyde\Framework\Testing\Unit\Pages\HtmlPageUnitTest" classname="Hyde.Framework.Testing.Unit.Pages.HtmlPageUnitTest" assertions="1" time="0.002788"/>
        <testcase name="testConstruct" file="/home/runner/work/develop/develop/packages/framework/tests/Unit/Pages/HtmlPageUnitTest.php" line="184" class="Hyde\Framework\Testing\Unit\Pages\HtmlPageUnitTest" classname="Hyde.Framework.Testing.Unit.Pages.HtmlPageUnitTest" assertions="1" time="0.002761"/>
        <testcase name="testGetRoute" file="/home/runner/work/develop/develop/packages/framework/tests/Unit/Pages/HtmlPageUnitTest.php" line="189" class="Hyde\Framework\Testing\Unit\Pages\HtmlPageUnitTest" classname="Hyde.Framework.Testing.Unit.Pages.HtmlPageUnitTest" assertions="1" time="0.005635"/>
        <testcase name="testGetIdentifier" file="/home/runner/work/develop/develop/packages/framework/tests/Unit/Pages/HtmlPageUnitTest.php" line="194" class="Hyde\Framework\Testing\Unit\Pages\HtmlPageUnitTest" classname="Hyde.Framework.Testing.Unit.Pages.HtmlPageUnitTest" assertions="1" time="0.002963"/>
        <testcase name="testHas" file="/home/runner/work/develop/develop/packages/framework/tests/Unit/Pages/HtmlPageUnitTest.php" line="199" class="Hyde\Framework\Testing\Unit\Pages\HtmlPageUnitTest" classname="Hyde.Framework.Testing.Unit.Pages.HtmlPageUnitTest" assertions="1" time="0.002967"/>
        <testcase name="testToCoreDataObject" file="/home/runner/work/develop/develop/packages/framework/tests/Unit/Pages/HtmlPageUnitTest.php" line="204" class="Hyde\Framework\Testing\Unit\Pages\HtmlPageUnitTest" classname="Hyde.Framework.Testing.Unit.Pages.HtmlPageUnitTest" assertions="1" time="0.002981"/>
        <testcase name="testCompile" file="/home/runner/work/develop/develop/packages/framework/tests/Unit/Pages/HtmlPageUnitTest.php" line="209" class="Hyde\Framework\Testing\Unit\Pages\HtmlPageUnitTest" classname="Hyde.Framework.Testing.Unit.Pages.HtmlPageUnitTest" assertions="1" time="0.006848"/>
        <testcase name="testMatter" file="/home/runner/work/develop/develop/packages/framework/tests/Unit/Pages/HtmlPageUnitTest.php" line="218" class="Hyde\Framework\Testing\Unit\Pages\HtmlPageUnitTest" classname="Hyde.Framework.Testing.Unit.Pages.HtmlPageUnitTest" assertions="1" time="0.002918"/>
      </testsuite>
      <testsuite name="Hyde\Framework\Testing\Unit\Pages\InMemoryPageTest" file="/home/runner/work/develop/develop/packages/framework/tests/Unit/Pages/InMemoryPageTest.php" tests="16" assertions="19" errors="0" failures="0" skipped="0" time="0.081853">
        <testcase name="testConstructWithContentsString" file="/home/runner/work/develop/develop/packages/framework/tests/Unit/Pages/InMemoryPageTest.php" line="18" class="Hyde\Framework\Testing\Unit\Pages\InMemoryPageTest" classname="Hyde.Framework.Testing.Unit.Pages.InMemoryPageTest" assertions="1" time="0.005780"/>
        <testcase name="testMakeWithContentsString" file="/home/runner/work/develop/develop/packages/framework/tests/Unit/Pages/InMemoryPageTest.php" line="23" class="Hyde\Framework\Testing\Unit\Pages\InMemoryPageTest" classname="Hyde.Framework.Testing.Unit.Pages.InMemoryPageTest" assertions="2" time="0.006037"/>
        <testcase name="testContentsMethod" file="/home/runner/work/develop/develop/packages/framework/tests/Unit/Pages/InMemoryPageTest.php" line="29" class="Hyde\Framework\Testing\Unit\Pages\InMemoryPageTest" classname="Hyde.Framework.Testing.Unit.Pages.InMemoryPageTest" assertions="1" time="0.004262"/>
        <testcase name="testViewMethod" file="/home/runner/work/develop/develop/packages/framework/tests/Unit/Pages/InMemoryPageTest.php" line="34" class="Hyde\Framework\Testing\Unit\Pages\InMemoryPageTest" classname="Hyde.Framework.Testing.Unit.Pages.InMemoryPageTest" assertions="1" time="0.004225"/>
        <testcase name="testCompileMethodUsesContentsProperty" file="/home/runner/work/develop/develop/packages/framework/tests/Unit/Pages/InMemoryPageTest.php" line="39" class="Hyde\Framework\Testing\Unit\Pages\InMemoryPageTest" classname="Hyde.Framework.Testing.Unit.Pages.InMemoryPageTest" assertions="1" time="0.004284"/>
        <testcase name="testCompileMethodUsesViewProperty" file="/home/runner/work/develop/develop/packages/framework/tests/Unit/Pages/InMemoryPageTest.php" line="44" class="Hyde\Framework\Testing\Unit\Pages\InMemoryPageTest" classname="Hyde.Framework.Testing.Unit.Pages.InMemoryPageTest" assertions="1" time="0.006082"/>
        <testcase name="testCompileMethodUsingViewCompileAndFrontMatter" file="/home/runner/work/develop/develop/packages/framework/tests/Unit/Pages/InMemoryPageTest.php" line="50" class="Hyde\Framework\Testing\Unit\Pages\InMemoryPageTest" classname="Hyde.Framework.Testing.Unit.Pages.InMemoryPageTest" assertions="1" time="0.005664"/>
        <testcase name="testCompileMethodPrefersContentsPropertyOverView" file="/home/runner/work/develop/develop/packages/framework/tests/Unit/Pages/InMemoryPageTest.php" line="56" class="Hyde\Framework\Testing\Unit\Pages\InMemoryPageTest" classname="Hyde.Framework.Testing.Unit.Pages.InMemoryPageTest" assertions="1" time="0.004767"/>
        <testcase name="testCompileMethodCanCompileAnonymousViewFiles" file="/home/runner/work/develop/develop/packages/framework/tests/Unit/Pages/InMemoryPageTest.php" line="62" class="Hyde\Framework\Testing\Unit\Pages\InMemoryPageTest" classname="Hyde.Framework.Testing.Unit.Pages.InMemoryPageTest" assertions="1" time="0.005976"/>
        <testcase name="testCompileMethodCanCompileAnonymousViewFilesWithFrontMatter" file="/home/runner/work/develop/develop/packages/framework/tests/Unit/Pages/InMemoryPageTest.php" line="68" class="Hyde\Framework\Testing\Unit\Pages\InMemoryPageTest" classname="Hyde.Framework.Testing.Unit.Pages.InMemoryPageTest" assertions="1" time="0.007581"/>
        <testcase name="testCanCreateInstanceMacros" file="/home/runner/work/develop/develop/packages/framework/tests/Unit/Pages/InMemoryPageTest.php" line="74" class="Hyde\Framework\Testing\Unit\Pages\InMemoryPageTest" classname="Hyde.Framework.Testing.Unit.Pages.InMemoryPageTest" assertions="1" time="0.005203"/>
        <testcase name="testCanCreateInstanceMacrosUsingCallableObject" file="/home/runner/work/develop/develop/packages/framework/tests/Unit/Pages/InMemoryPageTest.php" line="86" class="Hyde\Framework\Testing\Unit\Pages\InMemoryPageTest" classname="Hyde.Framework.Testing.Unit.Pages.InMemoryPageTest" assertions="1" time="0.004411"/>
        <testcase name="testCallingMacroWithArguments" file="/home/runner/work/develop/develop/packages/framework/tests/Unit/Pages/InMemoryPageTest.php" line="102" class="Hyde\Framework\Testing\Unit\Pages\InMemoryPageTest" classname="Hyde.Framework.Testing.Unit.Pages.InMemoryPageTest" assertions="1" time="0.004414"/>
        <testcase name="testCanUseMacrosToOverloadClassCompileMethod" file="/home/runner/work/develop/develop/packages/framework/tests/Unit/Pages/InMemoryPageTest.php" line="114" class="Hyde\Framework\Testing\Unit\Pages\InMemoryPageTest" classname="Hyde.Framework.Testing.Unit.Pages.InMemoryPageTest" assertions="1" time="0.004375"/>
        <testcase name="testCallingUndefinedMacro" file="/home/runner/work/develop/develop/packages/framework/tests/Unit/Pages/InMemoryPageTest.php" line="125" class="Hyde\Framework\Testing\Unit\Pages\InMemoryPageTest" classname="Hyde.Framework.Testing.Unit.Pages.InMemoryPageTest" assertions="2" time="0.004445"/>
        <testcase name="testHasMacro" file="/home/runner/work/develop/develop/packages/framework/tests/Unit/Pages/InMemoryPageTest.php" line="136" class="Hyde\Framework\Testing\Unit\Pages\InMemoryPageTest" classname="Hyde.Framework.Testing.Unit.Pages.InMemoryPageTest" assertions="2" time="0.004347"/>
      </testsuite>
      <testsuite name="Hyde\Framework\Testing\Unit\Pages\InMemoryPageUnitTest" file="/home/runner/work/develop/develop/packages/framework/tests/Unit/Pages/InMemoryPageUnitTest.php" tests="32" assertions="32" errors="0" failures="0" skipped="0" time="0.106240">
        <testcase name="testSourceDirectory" file="/home/runner/work/develop/develop/packages/framework/tests/Unit/Pages/InMemoryPageUnitTest.php" line="26" class="Hyde\Framework\Testing\Unit\Pages\InMemoryPageUnitTest" classname="Hyde.Framework.Testing.Unit.Pages.InMemoryPageUnitTest" assertions="1" time="0.002052"/>
        <testcase name="testOutputDirectory" file="/home/runner/work/develop/develop/packages/framework/tests/Unit/Pages/InMemoryPageUnitTest.php" line="34" class="Hyde\Framework\Testing\Unit\Pages\InMemoryPageUnitTest" classname="Hyde.Framework.Testing.Unit.Pages.InMemoryPageUnitTest" assertions="1" time="0.001882"/>
        <testcase name="testBaseRouteKey" file="/home/runner/work/develop/develop/packages/framework/tests/Unit/Pages/InMemoryPageUnitTest.php" line="42" class="Hyde\Framework\Testing\Unit\Pages\InMemoryPageUnitTest" classname="Hyde.Framework.Testing.Unit.Pages.InMemoryPageUnitTest" assertions="1" time="0.001870"/>
        <testcase name="testFileExtension" file="/home/runner/work/develop/develop/packages/framework/tests/Unit/Pages/InMemoryPageUnitTest.php" line="50" class="Hyde\Framework\Testing\Unit\Pages\InMemoryPageUnitTest" classname="Hyde.Framework.Testing.Unit.Pages.InMemoryPageUnitTest" assertions="1" time="0.001870"/>
        <testcase name="testSourcePath" file="/home/runner/work/develop/develop/packages/framework/tests/Unit/Pages/InMemoryPageUnitTest.php" line="58" class="Hyde\Framework\Testing\Unit\Pages\InMemoryPageUnitTest" classname="Hyde.Framework.Testing.Unit.Pages.InMemoryPageUnitTest" assertions="1" time="0.001925"/>
        <testcase name="testOutputPath" file="/home/runner/work/develop/develop/packages/framework/tests/Unit/Pages/InMemoryPageUnitTest.php" line="66" class="Hyde\Framework\Testing\Unit\Pages\InMemoryPageUnitTest" classname="Hyde.Framework.Testing.Unit.Pages.InMemoryPageUnitTest" assertions="1" time="0.001928"/>
        <testcase name="testPath" file="/home/runner/work/develop/develop/packages/framework/tests/Unit/Pages/InMemoryPageUnitTest.php" line="74" class="Hyde\Framework\Testing\Unit\Pages\InMemoryPageUnitTest" classname="Hyde.Framework.Testing.Unit.Pages.InMemoryPageUnitTest" assertions="1" time="0.002012"/>
        <testcase name="testGetSourcePath" file="/home/runner/work/develop/develop/packages/framework/tests/Unit/Pages/InMemoryPageUnitTest.php" line="82" class="Hyde\Framework\Testing\Unit\Pages\InMemoryPageUnitTest" classname="Hyde.Framework.Testing.Unit.Pages.InMemoryPageUnitTest" assertions="1" time="0.003071"/>
        <testcase name="testGetOutputPath" file="/home/runner/work/develop/develop/packages/framework/tests/Unit/Pages/InMemoryPageUnitTest.php" line="90" class="Hyde\Framework\Testing\Unit\Pages\InMemoryPageUnitTest" classname="Hyde.Framework.Testing.Unit.Pages.InMemoryPageUnitTest" assertions="1" time="0.002973"/>
        <testcase name="testGetLink" file="/home/runner/work/develop/develop/packages/framework/tests/Unit/Pages/InMemoryPageUnitTest.php" line="98" class="Hyde\Framework\Testing\Unit\Pages\InMemoryPageUnitTest" classname="Hyde.Framework.Testing.Unit.Pages.InMemoryPageUnitTest" assertions="1" time="0.003010"/>
        <testcase name="testMake" file="/home/runner/work/develop/develop/packages/framework/tests/Unit/Pages/InMemoryPageUnitTest.php" line="106" class="Hyde\Framework\Testing\Unit\Pages\InMemoryPageUnitTest" classname="Hyde.Framework.Testing.Unit.Pages.InMemoryPageUnitTest" assertions="1" time="0.004899"/>
        <testcase name="testMakeWithData" file="/home/runner/work/develop/develop/packages/framework/tests/Unit/Pages/InMemoryPageUnitTest.php" line="111" class="Hyde\Framework\Testing\Unit\Pages\InMemoryPageUnitTest" classname="Hyde.Framework.Testing.Unit.Pages.InMemoryPageUnitTest" assertions="1" time="0.003981"/>
        <testcase name="testShowInNavigation" file="/home/runner/work/develop/develop/packages/framework/tests/Unit/Pages/InMemoryPageUnitTest.php" line="119" class="Hyde\Framework\Testing\Unit\Pages\InMemoryPageUnitTest" classname="Hyde.Framework.Testing.Unit.Pages.InMemoryPageUnitTest" assertions="1" time="0.003005"/>
        <testcase name="testNavigationMenuPriority" file="/home/runner/work/develop/develop/packages/framework/tests/Unit/Pages/InMemoryPageUnitTest.php" line="124" class="Hyde\Framework\Testing\Unit\Pages\InMemoryPageUnitTest" classname="Hyde.Framework.Testing.Unit.Pages.InMemoryPageUnitTest" assertions="1" time="0.002986"/>
        <testcase name="testNavigationMenuLabel" file="/home/runner/work/develop/develop/packages/framework/tests/Unit/Pages/InMemoryPageUnitTest.php" line="129" class="Hyde\Framework\Testing\Unit\Pages\InMemoryPageUnitTest" classname="Hyde.Framework.Testing.Unit.Pages.InMemoryPageUnitTest" assertions="1" time="0.003018"/>
        <testcase name="testNavigationMenuGroup" file="/home/runner/work/develop/develop/packages/framework/tests/Unit/Pages/InMemoryPageUnitTest.php" line="134" class="Hyde\Framework\Testing\Unit\Pages\InMemoryPageUnitTest" classname="Hyde.Framework.Testing.Unit.Pages.InMemoryPageUnitTest" assertions="1" time="0.003008"/>
        <testcase name="testGetBladeView" file="/home/runner/work/develop/develop/packages/framework/tests/Unit/Pages/InMemoryPageUnitTest.php" line="139" class="Hyde\Framework\Testing\Unit\Pages\InMemoryPageUnitTest" classname="Hyde.Framework.Testing.Unit.Pages.InMemoryPageUnitTest" assertions="1" time="0.003088"/>
        <testcase name="testFiles" file="/home/runner/work/develop/develop/packages/framework/tests/Unit/Pages/InMemoryPageUnitTest.php" line="144" class="Hyde\Framework\Testing\Unit\Pages\InMemoryPageUnitTest" classname="Hyde.Framework.Testing.Unit.Pages.InMemoryPageUnitTest" assertions="1" time="0.005617"/>
        <testcase name="testData" file="/home/runner/work/develop/develop/packages/framework/tests/Unit/Pages/InMemoryPageUnitTest.php" line="149" class="Hyde\Framework\Testing\Unit\Pages\InMemoryPageUnitTest" classname="Hyde.Framework.Testing.Unit.Pages.InMemoryPageUnitTest" assertions="1" time="0.002945"/>
        <testcase name="testGet" file="/home/runner/work/develop/develop/packages/framework/tests/Unit/Pages/InMemoryPageUnitTest.php" line="154" class="Hyde\Framework\Testing\Unit\Pages\InMemoryPageUnitTest" classname="Hyde.Framework.Testing.Unit.Pages.InMemoryPageUnitTest" assertions="1" time="0.005660"/>
        <testcase name="testParse" file="/home/runner/work/develop/develop/packages/framework/tests/Unit/Pages/InMemoryPageUnitTest.php" line="161" class="Hyde\Framework\Testing\Unit\Pages\InMemoryPageUnitTest" classname="Hyde.Framework.Testing.Unit.Pages.InMemoryPageUnitTest" assertions="1" time="0.003699"/>
        <testcase name="testGetRouteKey" file="/home/runner/work/develop/develop/packages/framework/tests/Unit/Pages/InMemoryPageUnitTest.php" line="167" class="Hyde\Framework\Testing\Unit\Pages\InMemoryPageUnitTest" classname="Hyde.Framework.Testing.Unit.Pages.InMemoryPageUnitTest" assertions="1" time="0.002972"/>
        <testcase name="testTitle" file="/home/runner/work/develop/develop/packages/framework/tests/Unit/Pages/InMemoryPageUnitTest.php" line="172" class="Hyde\Framework\Testing\Unit\Pages\InMemoryPageUnitTest" classname="Hyde.Framework.Testing.Unit.Pages.InMemoryPageUnitTest" assertions="1" time="0.002962"/>
        <testcase name="testAll" file="/home/runner/work/develop/develop/packages/framework/tests/Unit/Pages/InMemoryPageUnitTest.php" line="178" class="Hyde\Framework\Testing\Unit\Pages\InMemoryPageUnitTest" classname="Hyde.Framework.Testing.Unit.Pages.InMemoryPageUnitTest" assertions="1" time="0.005355"/>
        <testcase name="testMetadata" file="/home/runner/work/develop/develop/packages/framework/tests/Unit/Pages/InMemoryPageUnitTest.php" line="183" class="Hyde\Framework\Testing\Unit\Pages\InMemoryPageUnitTest" classname="Hyde.Framework.Testing.Unit.Pages.InMemoryPageUnitTest" assertions="1" time="0.002966"/>
        <testcase name="testConstruct" file="/home/runner/work/develop/develop/packages/framework/tests/Unit/Pages/InMemoryPageUnitTest.php" line="188" class="Hyde\Framework\Testing\Unit\Pages\InMemoryPageUnitTest" classname="Hyde.Framework.Testing.Unit.Pages.InMemoryPageUnitTest" assertions="1" time="0.002956"/>
        <testcase name="testGetRoute" file="/home/runner/work/develop/develop/packages/framework/tests/Unit/Pages/InMemoryPageUnitTest.php" line="193" class="Hyde\Framework\Testing\Unit\Pages\InMemoryPageUnitTest" classname="Hyde.Framework.Testing.Unit.Pages.InMemoryPageUnitTest" assertions="1" time="0.005735"/>
        <testcase name="testGetIdentifier" file="/home/runner/work/develop/develop/packages/framework/tests/Unit/Pages/InMemoryPageUnitTest.php" line="198" class="Hyde\Framework\Testing\Unit\Pages\InMemoryPageUnitTest" classname="Hyde.Framework.Testing.Unit.Pages.InMemoryPageUnitTest" assertions="1" time="0.002994"/>
        <testcase name="testHas" file="/home/runner/work/develop/develop/packages/framework/tests/Unit/Pages/InMemoryPageUnitTest.php" line="203" class="Hyde\Framework\Testing\Unit\Pages\InMemoryPageUnitTest" classname="Hyde.Framework.Testing.Unit.Pages.InMemoryPageUnitTest" assertions="1" time="0.002949"/>
        <testcase name="testToCoreDataObject" file="/home/runner/work/develop/develop/packages/framework/tests/Unit/Pages/InMemoryPageUnitTest.php" line="208" class="Hyde\Framework\Testing\Unit\Pages\InMemoryPageUnitTest" classname="Hyde.Framework.Testing.Unit.Pages.InMemoryPageUnitTest" assertions="1" time="0.003035"/>
        <testcase name="testCompile" file="/home/runner/work/develop/develop/packages/framework/tests/Unit/Pages/InMemoryPageUnitTest.php" line="213" class="Hyde\Framework\Testing\Unit\Pages\InMemoryPageUnitTest" classname="Hyde.Framework.Testing.Unit.Pages.InMemoryPageUnitTest" assertions="1" time="0.006833"/>
        <testcase name="testMatter" file="/home/runner/work/develop/develop/packages/framework/tests/Unit/Pages/InMemoryPageUnitTest.php" line="222" class="Hyde\Framework\Testing\Unit\Pages\InMemoryPageUnitTest" classname="Hyde.Framework.Testing.Unit.Pages.InMemoryPageUnitTest" assertions="1" time="0.002985"/>
      </testsuite>
      <testsuite name="Hyde\Framework\Testing\Unit\Pages\MarkdownPageModelConstructorArgumentsAreOptionalTest" file="/home/runner/work/develop/develop/packages/framework/tests/Unit/Pages/MarkdownPageModelConstructorArgumentsAreOptionalTest.php" tests="1" assertions="3" errors="0" failures="0" skipped="0" time="0.006369">
        <testcase name="testMarkdownPageModelConstructorArgumentsAreOptional" file="/home/runner/work/develop/develop/packages/framework/tests/Unit/Pages/MarkdownPageModelConstructorArgumentsAreOptionalTest.php" line="14" class="Hyde\Framework\Testing\Unit\Pages\MarkdownPageModelConstructorArgumentsAreOptionalTest" classname="Hyde.Framework.Testing.Unit.Pages.MarkdownPageModelConstructorArgumentsAreOptionalTest" assertions="3" time="0.006369"/>
      </testsuite>
      <testsuite name="Hyde\Framework\Testing\Unit\Pages\MarkdownPageTest" file="/home/runner/work/develop/develop/packages/framework/tests/Unit/Pages/MarkdownPageTest.php" tests="3" assertions="6" errors="0" failures="0" skipped="0" time="0.034378">
        <testcase name="testCanGetCollectionOfSlugs" file="/home/runner/work/develop/develop/packages/framework/tests/Unit/Pages/MarkdownPageTest.php" line="19" class="Hyde\Framework\Testing\Unit\Pages\MarkdownPageTest" classname="Hyde.Framework.Testing.Unit.Pages.MarkdownPageTest" assertions="1" time="0.008862"/>
        <testcase name="testCreatedModelContainsExpectedData" file="/home/runner/work/develop/develop/packages/framework/tests/Unit/Pages/MarkdownPageTest.php" line="25" class="Hyde\Framework\Testing\Unit\Pages\MarkdownPageTest" classname="Hyde.Framework.Testing.Unit.Pages.MarkdownPageTest" assertions="3" time="0.006238"/>
        <testcase name="testCanRenderMarkdownPage" file="/home/runner/work/develop/develop/packages/framework/tests/Unit/Pages/MarkdownPageTest.php" line="35" class="Hyde\Framework\Testing\Unit\Pages\MarkdownPageTest" classname="Hyde.Framework.Testing.Unit.Pages.MarkdownPageTest" assertions="2" time="0.019278"/>
      </testsuite>
      <testsuite name="Hyde\Framework\Testing\Unit\Pages\MarkdownPageUnitTest" file="/home/runner/work/develop/develop/packages/framework/tests/Unit/Pages/MarkdownPageUnitTest.php" tests="34" assertions="35" errors="0" failures="0" skipped="0" time="0.112830">
        <testcase name="testSourceDirectory" file="/home/runner/work/develop/develop/packages/framework/tests/Unit/Pages/MarkdownPageUnitTest.php" line="25" class="Hyde\Framework\Testing\Unit\Pages\MarkdownPageUnitTest" classname="Hyde.Framework.Testing.Unit.Pages.MarkdownPageUnitTest" assertions="1" time="0.002039"/>
        <testcase name="testOutputDirectory" file="/home/runner/work/develop/develop/packages/framework/tests/Unit/Pages/MarkdownPageUnitTest.php" line="33" class="Hyde\Framework\Testing\Unit\Pages\MarkdownPageUnitTest" classname="Hyde.Framework.Testing.Unit.Pages.MarkdownPageUnitTest" assertions="1" time="0.001894"/>
        <testcase name="testBaseRouteKey" file="/home/runner/work/develop/develop/packages/framework/tests/Unit/Pages/MarkdownPageUnitTest.php" line="41" class="Hyde\Framework\Testing\Unit\Pages\MarkdownPageUnitTest" classname="Hyde.Framework.Testing.Unit.Pages.MarkdownPageUnitTest" assertions="1" time="0.001882"/>
        <testcase name="testFileExtension" file="/home/runner/work/develop/develop/packages/framework/tests/Unit/Pages/MarkdownPageUnitTest.php" line="49" class="Hyde\Framework\Testing\Unit\Pages\MarkdownPageUnitTest" classname="Hyde.Framework.Testing.Unit.Pages.MarkdownPageUnitTest" assertions="1" time="0.001868"/>
        <testcase name="testSourcePath" file="/home/runner/work/develop/develop/packages/framework/tests/Unit/Pages/MarkdownPageUnitTest.php" line="57" class="Hyde\Framework\Testing\Unit\Pages\MarkdownPageUnitTest" classname="Hyde.Framework.Testing.Unit.Pages.MarkdownPageUnitTest" assertions="1" time="0.001904"/>
        <testcase name="testOutputPath" file="/home/runner/work/develop/develop/packages/framework/tests/Unit/Pages/MarkdownPageUnitTest.php" line="65" class="Hyde\Framework\Testing\Unit\Pages\MarkdownPageUnitTest" classname="Hyde.Framework.Testing.Unit.Pages.MarkdownPageUnitTest" assertions="1" time="0.001933"/>
        <testcase name="testPath" file="/home/runner/work/develop/develop/packages/framework/tests/Unit/Pages/MarkdownPageUnitTest.php" line="73" class="Hyde\Framework\Testing\Unit\Pages\MarkdownPageUnitTest" classname="Hyde.Framework.Testing.Unit.Pages.MarkdownPageUnitTest" assertions="1" time="0.001983"/>
        <testcase name="testGetSourcePath" file="/home/runner/work/develop/develop/packages/framework/tests/Unit/Pages/MarkdownPageUnitTest.php" line="81" class="Hyde\Framework\Testing\Unit\Pages\MarkdownPageUnitTest" classname="Hyde.Framework.Testing.Unit.Pages.MarkdownPageUnitTest" assertions="1" time="0.002963"/>
        <testcase name="testGetOutputPath" file="/home/runner/work/develop/develop/packages/framework/tests/Unit/Pages/MarkdownPageUnitTest.php" line="89" class="Hyde\Framework\Testing\Unit\Pages\MarkdownPageUnitTest" classname="Hyde.Framework.Testing.Unit.Pages.MarkdownPageUnitTest" assertions="1" time="0.002978"/>
        <testcase name="testGetLink" file="/home/runner/work/develop/develop/packages/framework/tests/Unit/Pages/MarkdownPageUnitTest.php" line="97" class="Hyde\Framework\Testing\Unit\Pages\MarkdownPageUnitTest" classname="Hyde.Framework.Testing.Unit.Pages.MarkdownPageUnitTest" assertions="1" time="0.002959"/>
        <testcase name="testMake" file="/home/runner/work/develop/develop/packages/framework/tests/Unit/Pages/MarkdownPageUnitTest.php" line="105" class="Hyde\Framework\Testing\Unit\Pages\MarkdownPageUnitTest" classname="Hyde.Framework.Testing.Unit.Pages.MarkdownPageUnitTest" assertions="1" time="0.003488"/>
        <testcase name="testMakeWithData" file="/home/runner/work/develop/develop/packages/framework/tests/Unit/Pages/MarkdownPageUnitTest.php" line="110" class="Hyde\Framework\Testing\Unit\Pages\MarkdownPageUnitTest" classname="Hyde.Framework.Testing.Unit.Pages.MarkdownPageUnitTest" assertions="1" time="0.003863"/>
        <testcase name="testShowInNavigation" file="/home/runner/work/develop/develop/packages/framework/tests/Unit/Pages/MarkdownPageUnitTest.php" line="118" class="Hyde\Framework\Testing\Unit\Pages\MarkdownPageUnitTest" classname="Hyde.Framework.Testing.Unit.Pages.MarkdownPageUnitTest" assertions="1" time="0.002771"/>
        <testcase name="testNavigationMenuPriority" file="/home/runner/work/develop/develop/packages/framework/tests/Unit/Pages/MarkdownPageUnitTest.php" line="123" class="Hyde\Framework\Testing\Unit\Pages\MarkdownPageUnitTest" classname="Hyde.Framework.Testing.Unit.Pages.MarkdownPageUnitTest" assertions="1" time="0.002804"/>
        <testcase name="testNavigationMenuLabel" file="/home/runner/work/develop/develop/packages/framework/tests/Unit/Pages/MarkdownPageUnitTest.php" line="128" class="Hyde\Framework\Testing\Unit\Pages\MarkdownPageUnitTest" classname="Hyde.Framework.Testing.Unit.Pages.MarkdownPageUnitTest" assertions="1" time="0.002970"/>
        <testcase name="testNavigationMenuGroup" file="/home/runner/work/develop/develop/packages/framework/tests/Unit/Pages/MarkdownPageUnitTest.php" line="133" class="Hyde\Framework\Testing\Unit\Pages\MarkdownPageUnitTest" classname="Hyde.Framework.Testing.Unit.Pages.MarkdownPageUnitTest" assertions="1" time="0.002986"/>
        <testcase name="testGetBladeView" file="/home/runner/work/develop/develop/packages/framework/tests/Unit/Pages/MarkdownPageUnitTest.php" line="138" class="Hyde\Framework\Testing\Unit\Pages\MarkdownPageUnitTest" classname="Hyde.Framework.Testing.Unit.Pages.MarkdownPageUnitTest" assertions="1" time="0.002958"/>
        <testcase name="testFiles" file="/home/runner/work/develop/develop/packages/framework/tests/Unit/Pages/MarkdownPageUnitTest.php" line="143" class="Hyde\Framework\Testing\Unit\Pages\MarkdownPageUnitTest" classname="Hyde.Framework.Testing.Unit.Pages.MarkdownPageUnitTest" assertions="1" time="0.005386"/>
        <testcase name="testData" file="/home/runner/work/develop/develop/packages/framework/tests/Unit/Pages/MarkdownPageUnitTest.php" line="148" class="Hyde\Framework\Testing\Unit\Pages\MarkdownPageUnitTest" classname="Hyde.Framework.Testing.Unit.Pages.MarkdownPageUnitTest" assertions="1" time="0.002986"/>
        <testcase name="testGet" file="/home/runner/work/develop/develop/packages/framework/tests/Unit/Pages/MarkdownPageUnitTest.php" line="153" class="Hyde\Framework\Testing\Unit\Pages\MarkdownPageUnitTest" classname="Hyde.Framework.Testing.Unit.Pages.MarkdownPageUnitTest" assertions="1" time="0.007432"/>
        <testcase name="testParse" file="/home/runner/work/develop/develop/packages/framework/tests/Unit/Pages/MarkdownPageUnitTest.php" line="159" class="Hyde\Framework\Testing\Unit\Pages\MarkdownPageUnitTest" classname="Hyde.Framework.Testing.Unit.Pages.MarkdownPageUnitTest" assertions="1" time="0.003875"/>
        <testcase name="testGetRouteKey" file="/home/runner/work/develop/develop/packages/framework/tests/Unit/Pages/MarkdownPageUnitTest.php" line="165" class="Hyde\Framework\Testing\Unit\Pages\MarkdownPageUnitTest" classname="Hyde.Framework.Testing.Unit.Pages.MarkdownPageUnitTest" assertions="1" time="0.002992"/>
        <testcase name="testTitle" file="/home/runner/work/develop/develop/packages/framework/tests/Unit/Pages/MarkdownPageUnitTest.php" line="170" class="Hyde\Framework\Testing\Unit\Pages\MarkdownPageUnitTest" classname="Hyde.Framework.Testing.Unit.Pages.MarkdownPageUnitTest" assertions="1" time="0.002977"/>
        <testcase name="testAll" file="/home/runner/work/develop/develop/packages/framework/tests/Unit/Pages/MarkdownPageUnitTest.php" line="176" class="Hyde\Framework\Testing\Unit\Pages\MarkdownPageUnitTest" classname="Hyde.Framework.Testing.Unit.Pages.MarkdownPageUnitTest" assertions="1" time="0.005375"/>
        <testcase name="testMetadata" file="/home/runner/work/develop/develop/packages/framework/tests/Unit/Pages/MarkdownPageUnitTest.php" line="181" class="Hyde\Framework\Testing\Unit\Pages\MarkdownPageUnitTest" classname="Hyde.Framework.Testing.Unit.Pages.MarkdownPageUnitTest" assertions="1" time="0.002812"/>
        <testcase name="testConstruct" file="/home/runner/work/develop/develop/packages/framework/tests/Unit/Pages/MarkdownPageUnitTest.php" line="186" class="Hyde\Framework\Testing\Unit\Pages\MarkdownPageUnitTest" classname="Hyde.Framework.Testing.Unit.Pages.MarkdownPageUnitTest" assertions="1" time="0.002785"/>
        <testcase name="testGetRoute" file="/home/runner/work/develop/develop/packages/framework/tests/Unit/Pages/MarkdownPageUnitTest.php" line="191" class="Hyde\Framework\Testing\Unit\Pages\MarkdownPageUnitTest" classname="Hyde.Framework.Testing.Unit.Pages.MarkdownPageUnitTest" assertions="1" time="0.005681"/>
        <testcase name="testGetIdentifier" file="/home/runner/work/develop/develop/packages/framework/tests/Unit/Pages/MarkdownPageUnitTest.php" line="196" class="Hyde\Framework\Testing\Unit\Pages\MarkdownPageUnitTest" classname="Hyde.Framework.Testing.Unit.Pages.MarkdownPageUnitTest" assertions="1" time="0.003006"/>
        <testcase name="testHas" file="/home/runner/work/develop/develop/packages/framework/tests/Unit/Pages/MarkdownPageUnitTest.php" line="201" class="Hyde\Framework\Testing\Unit\Pages\MarkdownPageUnitTest" classname="Hyde.Framework.Testing.Unit.Pages.MarkdownPageUnitTest" assertions="1" time="0.002994"/>
        <testcase name="testToCoreDataObject" file="/home/runner/work/develop/develop/packages/framework/tests/Unit/Pages/MarkdownPageUnitTest.php" line="206" class="Hyde\Framework\Testing\Unit\Pages\MarkdownPageUnitTest" classname="Hyde.Framework.Testing.Unit.Pages.MarkdownPageUnitTest" assertions="1" time="0.003017"/>
        <testcase name="testCompile" file="/home/runner/work/develop/develop/packages/framework/tests/Unit/Pages/MarkdownPageUnitTest.php" line="211" class="Hyde\Framework\Testing\Unit\Pages\MarkdownPageUnitTest" classname="Hyde.Framework.Testing.Unit.Pages.MarkdownPageUnitTest" assertions="1" time="0.007574"/>
        <testcase name="testMatter" file="/home/runner/work/develop/develop/packages/framework/tests/Unit/Pages/MarkdownPageUnitTest.php" line="218" class="Hyde\Framework\Testing\Unit\Pages\MarkdownPageUnitTest" classname="Hyde.Framework.Testing.Unit.Pages.MarkdownPageUnitTest" assertions="1" time="0.002986"/>
        <testcase name="testMarkdown" file="/home/runner/work/develop/develop/packages/framework/tests/Unit/Pages/MarkdownPageUnitTest.php" line="223" class="Hyde\Framework\Testing\Unit\Pages\MarkdownPageUnitTest" classname="Hyde.Framework.Testing.Unit.Pages.MarkdownPageUnitTest" assertions="1" time="0.003046"/>
        <testcase name="testSave" file="/home/runner/work/develop/develop/packages/framework/tests/Unit/Pages/MarkdownPageUnitTest.php" line="228" class="Hyde\Framework\Testing\Unit\Pages\MarkdownPageUnitTest" classname="Hyde.Framework.Testing.Unit.Pages.MarkdownPageUnitTest" assertions="2" time="0.003663"/>
      </testsuite>
      <testsuite name="Hyde\Framework\Testing\Unit\Pages\MarkdownPostHelpersTest" file="/home/runner/work/develop/develop/packages/framework/tests/Unit/Pages/MarkdownPostHelpersTest.php" tests="6" assertions="6" errors="0" failures="0" skipped="0" time="0.030675">
        <testcase name="testGetCurrentPagePathReturnsLocalUriPathForPostSlug" file="/home/runner/work/develop/develop/packages/framework/tests/Unit/Pages/MarkdownPostHelpersTest.php" line="15" class="Hyde\Framework\Testing\Unit\Pages\MarkdownPostHelpersTest" classname="Hyde.Framework.Testing.Unit.Pages.MarkdownPostHelpersTest" assertions="1" time="0.006382"/>
        <testcase name="testGetCanonicalLinkReturnsCanonicalUriPathForPostSlug" file="/home/runner/work/develop/develop/packages/framework/tests/Unit/Pages/MarkdownPostHelpersTest.php" line="21" class="Hyde\Framework\Testing\Unit\Pages\MarkdownPostHelpersTest" classname="Hyde.Framework.Testing.Unit.Pages.MarkdownPostHelpersTest" assertions="1" time="0.004894"/>
        <testcase name="testGetCanonicalLinkReturnsPrettyUrlWhenEnabled" file="/home/runner/work/develop/develop/packages/framework/tests/Unit/Pages/MarkdownPostHelpersTest.php" line="28" class="Hyde\Framework\Testing\Unit\Pages\MarkdownPostHelpersTest" classname="Hyde.Framework.Testing.Unit.Pages.MarkdownPostHelpersTest" assertions="1" time="0.004909"/>
        <testcase name="testGetPostDescriptionReturnsPostDescriptionWhenSetInFrontMatter" file="/home/runner/work/develop/develop/packages/framework/tests/Unit/Pages/MarkdownPostHelpersTest.php" line="35" class="Hyde\Framework\Testing\Unit\Pages\MarkdownPostHelpersTest" classname="Hyde.Framework.Testing.Unit.Pages.MarkdownPostHelpersTest" assertions="1" time="0.004807"/>
        <testcase name="testGetPostDescriptionReturnsPostBodyWhenNoDescriptionSetInFrontMatter" file="/home/runner/work/develop/develop/packages/framework/tests/Unit/Pages/MarkdownPostHelpersTest.php" line="41" class="Hyde\Framework\Testing\Unit\Pages\MarkdownPostHelpersTest" classname="Hyde.Framework.Testing.Unit.Pages.MarkdownPostHelpersTest" assertions="1" time="0.004865"/>
        <testcase name="testDynamicDescriptionIsTruncatedWhenLongerThan128Characters" file="/home/runner/work/develop/develop/packages/framework/tests/Unit/Pages/MarkdownPostHelpersTest.php" line="47" class="Hyde\Framework\Testing\Unit\Pages\MarkdownPostHelpersTest" classname="Hyde.Framework.Testing.Unit.Pages.MarkdownPostHelpersTest" assertions="1" time="0.004819"/>
      </testsuite>
      <testsuite name="Hyde\Framework\Testing\Unit\Pages\MarkdownPostParserTest" file="/home/runner/work/develop/develop/packages/framework/tests/Unit/Pages/MarkdownPostParserTest.php" tests="2" assertions="11" errors="0" failures="0" skipped="0" time="0.012235">
        <testcase name="testCanParseMarkdownFile" file="/home/runner/work/develop/develop/packages/framework/tests/Unit/Pages/MarkdownPostParserTest.php" line="42" class="Hyde\Framework\Testing\Unit\Pages\MarkdownPostParserTest" classname="Hyde.Framework.Testing.Unit.Pages.MarkdownPostParserTest" assertions="8" time="0.006429"/>
        <testcase name="testParsedMarkdownPostContainsValidFrontMatter" file="/home/runner/work/develop/develop/packages/framework/tests/Unit/Pages/MarkdownPostParserTest.php" line="55" class="Hyde\Framework\Testing\Unit\Pages\MarkdownPostParserTest" classname="Hyde.Framework.Testing.Unit.Pages.MarkdownPostParserTest" assertions="3" time="0.005806"/>
      </testsuite>
      <testsuite name="Hyde\Framework\Testing\Unit\Pages\MarkdownPostUnitTest" file="/home/runner/work/develop/develop/packages/framework/tests/Unit/Pages/MarkdownPostUnitTest.php" tests="34" assertions="35" errors="0" failures="0" skipped="0" time="0.120492">
        <testcase name="testSourceDirectory" file="/home/runner/work/develop/develop/packages/framework/tests/Unit/Pages/MarkdownPostUnitTest.php" line="25" class="Hyde\Framework\Testing\Unit\Pages\MarkdownPostUnitTest" classname="Hyde.Framework.Testing.Unit.Pages.MarkdownPostUnitTest" assertions="1" time="0.001987"/>
        <testcase name="testOutputDirectory" file="/home/runner/work/develop/develop/packages/framework/tests/Unit/Pages/MarkdownPostUnitTest.php" line="33" class="Hyde\Framework\Testing\Unit\Pages\MarkdownPostUnitTest" classname="Hyde.Framework.Testing.Unit.Pages.MarkdownPostUnitTest" assertions="1" time="0.001873"/>
        <testcase name="testBaseRouteKey" file="/home/runner/work/develop/develop/packages/framework/tests/Unit/Pages/MarkdownPostUnitTest.php" line="41" class="Hyde\Framework\Testing\Unit\Pages\MarkdownPostUnitTest" classname="Hyde.Framework.Testing.Unit.Pages.MarkdownPostUnitTest" assertions="1" time="0.001869"/>
        <testcase name="testFileExtension" file="/home/runner/work/develop/develop/packages/framework/tests/Unit/Pages/MarkdownPostUnitTest.php" line="49" class="Hyde\Framework\Testing\Unit\Pages\MarkdownPostUnitTest" classname="Hyde.Framework.Testing.Unit.Pages.MarkdownPostUnitTest" assertions="1" time="0.001863"/>
        <testcase name="testSourcePath" file="/home/runner/work/develop/develop/packages/framework/tests/Unit/Pages/MarkdownPostUnitTest.php" line="57" class="Hyde\Framework\Testing\Unit\Pages\MarkdownPostUnitTest" classname="Hyde.Framework.Testing.Unit.Pages.MarkdownPostUnitTest" assertions="1" time="0.001911"/>
        <testcase name="testOutputPath" file="/home/runner/work/develop/develop/packages/framework/tests/Unit/Pages/MarkdownPostUnitTest.php" line="65" class="Hyde\Framework\Testing\Unit\Pages\MarkdownPostUnitTest" classname="Hyde.Framework.Testing.Unit.Pages.MarkdownPostUnitTest" assertions="1" time="0.001928"/>
        <testcase name="testPath" file="/home/runner/work/develop/develop/packages/framework/tests/Unit/Pages/MarkdownPostUnitTest.php" line="73" class="Hyde\Framework\Testing\Unit\Pages\MarkdownPostUnitTest" classname="Hyde.Framework.Testing.Unit.Pages.MarkdownPostUnitTest" assertions="1" time="0.002002"/>
        <testcase name="testGetSourcePath" file="/home/runner/work/develop/develop/packages/framework/tests/Unit/Pages/MarkdownPostUnitTest.php" line="81" class="Hyde\Framework\Testing\Unit\Pages\MarkdownPostUnitTest" classname="Hyde.Framework.Testing.Unit.Pages.MarkdownPostUnitTest" assertions="1" time="0.003205"/>
        <testcase name="testGetOutputPath" file="/home/runner/work/develop/develop/packages/framework/tests/Unit/Pages/MarkdownPostUnitTest.php" line="89" class="Hyde\Framework\Testing\Unit\Pages\MarkdownPostUnitTest" classname="Hyde.Framework.Testing.Unit.Pages.MarkdownPostUnitTest" assertions="1" time="0.003187"/>
        <testcase name="testGetLink" file="/home/runner/work/develop/develop/packages/framework/tests/Unit/Pages/MarkdownPostUnitTest.php" line="97" class="Hyde\Framework\Testing\Unit\Pages\MarkdownPostUnitTest" classname="Hyde.Framework.Testing.Unit.Pages.MarkdownPostUnitTest" assertions="1" time="0.003213"/>
        <testcase name="testMake" file="/home/runner/work/develop/develop/packages/framework/tests/Unit/Pages/MarkdownPostUnitTest.php" line="105" class="Hyde\Framework\Testing\Unit\Pages\MarkdownPostUnitTest" classname="Hyde.Framework.Testing.Unit.Pages.MarkdownPostUnitTest" assertions="1" time="0.004155"/>
        <testcase name="testMakeWithData" file="/home/runner/work/develop/develop/packages/framework/tests/Unit/Pages/MarkdownPostUnitTest.php" line="110" class="Hyde\Framework\Testing\Unit\Pages\MarkdownPostUnitTest" classname="Hyde.Framework.Testing.Unit.Pages.MarkdownPostUnitTest" assertions="1" time="0.004489"/>
        <testcase name="testShowInNavigation" file="/home/runner/work/develop/develop/packages/framework/tests/Unit/Pages/MarkdownPostUnitTest.php" line="118" class="Hyde\Framework\Testing\Unit\Pages\MarkdownPostUnitTest" classname="Hyde.Framework.Testing.Unit.Pages.MarkdownPostUnitTest" assertions="1" time="0.003110"/>
        <testcase name="testNavigationMenuPriority" file="/home/runner/work/develop/develop/packages/framework/tests/Unit/Pages/MarkdownPostUnitTest.php" line="123" class="Hyde\Framework\Testing\Unit\Pages\MarkdownPostUnitTest" classname="Hyde.Framework.Testing.Unit.Pages.MarkdownPostUnitTest" assertions="1" time="0.003159"/>
        <testcase name="testNavigationMenuLabel" file="/home/runner/work/develop/develop/packages/framework/tests/Unit/Pages/MarkdownPostUnitTest.php" line="128" class="Hyde\Framework\Testing\Unit\Pages\MarkdownPostUnitTest" classname="Hyde.Framework.Testing.Unit.Pages.MarkdownPostUnitTest" assertions="1" time="0.003287"/>
        <testcase name="testNavigationMenuGroup" file="/home/runner/work/develop/develop/packages/framework/tests/Unit/Pages/MarkdownPostUnitTest.php" line="133" class="Hyde\Framework\Testing\Unit\Pages\MarkdownPostUnitTest" classname="Hyde.Framework.Testing.Unit.Pages.MarkdownPostUnitTest" assertions="1" time="0.003257"/>
        <testcase name="testGetBladeView" file="/home/runner/work/develop/develop/packages/framework/tests/Unit/Pages/MarkdownPostUnitTest.php" line="138" class="Hyde\Framework\Testing\Unit\Pages\MarkdownPostUnitTest" classname="Hyde.Framework.Testing.Unit.Pages.MarkdownPostUnitTest" assertions="1" time="0.003277"/>
        <testcase name="testFiles" file="/home/runner/work/develop/develop/packages/framework/tests/Unit/Pages/MarkdownPostUnitTest.php" line="143" class="Hyde\Framework\Testing\Unit\Pages\MarkdownPostUnitTest" classname="Hyde.Framework.Testing.Unit.Pages.MarkdownPostUnitTest" assertions="1" time="0.005634"/>
        <testcase name="testData" file="/home/runner/work/develop/develop/packages/framework/tests/Unit/Pages/MarkdownPostUnitTest.php" line="148" class="Hyde\Framework\Testing\Unit\Pages\MarkdownPostUnitTest" classname="Hyde.Framework.Testing.Unit.Pages.MarkdownPostUnitTest" assertions="1" time="0.003216"/>
        <testcase name="testGet" file="/home/runner/work/develop/develop/packages/framework/tests/Unit/Pages/MarkdownPostUnitTest.php" line="153" class="Hyde\Framework\Testing\Unit\Pages\MarkdownPostUnitTest" classname="Hyde.Framework.Testing.Unit.Pages.MarkdownPostUnitTest" assertions="1" time="0.008034"/>
        <testcase name="testParse" file="/home/runner/work/develop/develop/packages/framework/tests/Unit/Pages/MarkdownPostUnitTest.php" line="159" class="Hyde\Framework\Testing\Unit\Pages\MarkdownPostUnitTest" classname="Hyde.Framework.Testing.Unit.Pages.MarkdownPostUnitTest" assertions="1" time="0.004117"/>
        <testcase name="testGetRouteKey" file="/home/runner/work/develop/develop/packages/framework/tests/Unit/Pages/MarkdownPostUnitTest.php" line="165" class="Hyde\Framework\Testing\Unit\Pages\MarkdownPostUnitTest" classname="Hyde.Framework.Testing.Unit.Pages.MarkdownPostUnitTest" assertions="1" time="0.003233"/>
        <testcase name="testTitle" file="/home/runner/work/develop/develop/packages/framework/tests/Unit/Pages/MarkdownPostUnitTest.php" line="170" class="Hyde\Framework\Testing\Unit\Pages\MarkdownPostUnitTest" classname="Hyde.Framework.Testing.Unit.Pages.MarkdownPostUnitTest" assertions="1" time="0.003229"/>
        <testcase name="testAll" file="/home/runner/work/develop/develop/packages/framework/tests/Unit/Pages/MarkdownPostUnitTest.php" line="176" class="Hyde\Framework\Testing\Unit\Pages\MarkdownPostUnitTest" classname="Hyde.Framework.Testing.Unit.Pages.MarkdownPostUnitTest" assertions="1" time="0.005355"/>
        <testcase name="testMetadata" file="/home/runner/work/develop/develop/packages/framework/tests/Unit/Pages/MarkdownPostUnitTest.php" line="181" class="Hyde\Framework\Testing\Unit\Pages\MarkdownPostUnitTest" classname="Hyde.Framework.Testing.Unit.Pages.MarkdownPostUnitTest" assertions="1" time="0.003135"/>
        <testcase name="testConstruct" file="/home/runner/work/develop/develop/packages/framework/tests/Unit/Pages/MarkdownPostUnitTest.php" line="186" class="Hyde\Framework\Testing\Unit\Pages\MarkdownPostUnitTest" classname="Hyde.Framework.Testing.Unit.Pages.MarkdownPostUnitTest" assertions="1" time="0.003121"/>
        <testcase name="testGetRoute" file="/home/runner/work/develop/develop/packages/framework/tests/Unit/Pages/MarkdownPostUnitTest.php" line="191" class="Hyde\Framework\Testing\Unit\Pages\MarkdownPostUnitTest" classname="Hyde.Framework.Testing.Unit.Pages.MarkdownPostUnitTest" assertions="1" time="0.005938"/>
        <testcase name="testGetIdentifier" file="/home/runner/work/develop/develop/packages/framework/tests/Unit/Pages/MarkdownPostUnitTest.php" line="196" class="Hyde\Framework\Testing\Unit\Pages\MarkdownPostUnitTest" classname="Hyde.Framework.Testing.Unit.Pages.MarkdownPostUnitTest" assertions="1" time="0.003235"/>
        <testcase name="testHas" file="/home/runner/work/develop/develop/packages/framework/tests/Unit/Pages/MarkdownPostUnitTest.php" line="201" class="Hyde\Framework\Testing\Unit\Pages\MarkdownPostUnitTest" classname="Hyde.Framework.Testing.Unit.Pages.MarkdownPostUnitTest" assertions="1" time="0.003228"/>
        <testcase name="testToCoreDataObject" file="/home/runner/work/develop/develop/packages/framework/tests/Unit/Pages/MarkdownPostUnitTest.php" line="206" class="Hyde\Framework\Testing\Unit\Pages\MarkdownPostUnitTest" classname="Hyde.Framework.Testing.Unit.Pages.MarkdownPostUnitTest" assertions="1" time="0.003250"/>
        <testcase name="testCompile" file="/home/runner/work/develop/develop/packages/framework/tests/Unit/Pages/MarkdownPostUnitTest.php" line="211" class="Hyde\Framework\Testing\Unit\Pages\MarkdownPostUnitTest" classname="Hyde.Framework.Testing.Unit.Pages.MarkdownPostUnitTest" assertions="1" time="0.007657"/>
        <testcase name="testMatter" file="/home/runner/work/develop/develop/packages/framework/tests/Unit/Pages/MarkdownPostUnitTest.php" line="218" class="Hyde\Framework\Testing\Unit\Pages\MarkdownPostUnitTest" classname="Hyde.Framework.Testing.Unit.Pages.MarkdownPostUnitTest" assertions="1" time="0.003241"/>
        <testcase name="testMarkdown" file="/home/runner/work/develop/develop/packages/framework/tests/Unit/Pages/MarkdownPostUnitTest.php" line="223" class="Hyde\Framework\Testing\Unit\Pages\MarkdownPostUnitTest" classname="Hyde.Framework.Testing.Unit.Pages.MarkdownPostUnitTest" assertions="1" time="0.003194"/>
        <testcase name="testSave" file="/home/runner/work/develop/develop/packages/framework/tests/Unit/Pages/MarkdownPostUnitTest.php" line="228" class="Hyde\Framework\Testing\Unit\Pages\MarkdownPostUnitTest" classname="Hyde.Framework.Testing.Unit.Pages.MarkdownPostUnitTest" assertions="2" time="0.003901"/>
      </testsuite>
      <testsuite name="Hyde\Framework\Testing\Unit\Pages\PageModelGetAllFilesHelperTest" file="/home/runner/work/develop/develop/packages/framework/tests/Unit/Pages/PageModelGetAllFilesHelperTest.php" tests="4" assertions="12" errors="0" failures="0" skipped="0" time="0.035084">
        <testcase name="testBladePageGetHelperReturnsBladePageArray" file="/home/runner/work/develop/develop/packages/framework/tests/Unit/Pages/PageModelGetAllFilesHelperTest.php" line="19" class="Hyde\Framework\Testing\Unit\Pages\PageModelGetAllFilesHelperTest" classname="Hyde.Framework.Testing.Unit.Pages.PageModelGetAllFilesHelperTest" assertions="3" time="0.008639"/>
        <testcase name="testMarkdownPageGetHelperReturnsMarkdownPageArray" file="/home/runner/work/develop/develop/packages/framework/tests/Unit/Pages/PageModelGetAllFilesHelperTest.php" line="27" class="Hyde\Framework\Testing\Unit\Pages\PageModelGetAllFilesHelperTest" classname="Hyde.Framework.Testing.Unit.Pages.PageModelGetAllFilesHelperTest" assertions="3" time="0.008463"/>
        <testcase name="testMarkdownPostGetHelperReturnsMarkdownPostArray" file="/home/runner/work/develop/develop/packages/framework/tests/Unit/Pages/PageModelGetAllFilesHelperTest.php" line="39" class="Hyde\Framework\Testing\Unit\Pages\PageModelGetAllFilesHelperTest" classname="Hyde.Framework.Testing.Unit.Pages.PageModelGetAllFilesHelperTest" assertions="3" time="0.009388"/>
        <testcase name="testDocumentationPageGetHelperReturnsDocumentationPageArray" file="/home/runner/work/develop/develop/packages/framework/tests/Unit/Pages/PageModelGetAllFilesHelperTest.php" line="51" class="Hyde\Framework\Testing\Unit\Pages\PageModelGetAllFilesHelperTest" classname="Hyde.Framework.Testing.Unit.Pages.PageModelGetAllFilesHelperTest" assertions="3" time="0.008594"/>
      </testsuite>
      <testsuite name="Hyde\Framework\Testing\Unit\Pages\PageModelGetHelperTest" file="/home/runner/work/develop/develop/packages/framework/tests/Unit/Pages/PageModelGetHelperTest.php" tests="4" assertions="12" errors="0" failures="0" skipped="0" time="0.033795">
        <testcase name="testBladePageGetHelperReturnsBladePageCollection" file="/home/runner/work/develop/develop/packages/framework/tests/Unit/Pages/PageModelGetHelperTest.php" line="20" class="Hyde\Framework\Testing\Unit\Pages\PageModelGetHelperTest" classname="Hyde.Framework.Testing.Unit.Pages.PageModelGetHelperTest" assertions="3" time="0.007475"/>
        <testcase name="testMarkdownPageGetHelperReturnsMarkdownPageCollection" file="/home/runner/work/develop/develop/packages/framework/tests/Unit/Pages/PageModelGetHelperTest.php" line="28" class="Hyde\Framework\Testing\Unit\Pages\PageModelGetHelperTest" classname="Hyde.Framework.Testing.Unit.Pages.PageModelGetHelperTest" assertions="3" time="0.009096"/>
        <testcase name="testMarkdownPostGetHelperReturnsMarkdownPostCollection" file="/home/runner/work/develop/develop/packages/framework/tests/Unit/Pages/PageModelGetHelperTest.php" line="40" class="Hyde\Framework\Testing\Unit\Pages\PageModelGetHelperTest" classname="Hyde.Framework.Testing.Unit.Pages.PageModelGetHelperTest" assertions="3" time="0.008907"/>
        <testcase name="testDocumentationPageGetHelperReturnsDocumentationPageCollection" file="/home/runner/work/develop/develop/packages/framework/tests/Unit/Pages/PageModelGetHelperTest.php" line="52" class="Hyde\Framework\Testing\Unit\Pages\PageModelGetHelperTest" classname="Hyde.Framework.Testing.Unit.Pages.PageModelGetHelperTest" assertions="3" time="0.008319"/>
      </testsuite>
      <testsuite name="Hyde\Framework\Testing\Unit\Pages\PageModelParseHelperTest" file="/home/runner/work/develop/develop/packages/framework/tests/Unit/Pages/PageModelParseHelperTest.php" tests="4" assertions="4" errors="0" failures="0" skipped="0" time="0.020451">
        <testcase name="testBladePageGetHelperReturnsBladePageObject" file="/home/runner/work/develop/develop/packages/framework/tests/Unit/Pages/PageModelParseHelperTest.php" line="19" class="Hyde\Framework\Testing\Unit\Pages\PageModelParseHelperTest" classname="Hyde.Framework.Testing.Unit.Pages.PageModelParseHelperTest" assertions="1" time="0.005183"/>
        <testcase name="testMarkdownPageGetHelperReturnsMarkdownPageObject" file="/home/runner/work/develop/develop/packages/framework/tests/Unit/Pages/PageModelParseHelperTest.php" line="29" class="Hyde\Framework\Testing\Unit\Pages\PageModelParseHelperTest" classname="Hyde.Framework.Testing.Unit.Pages.PageModelParseHelperTest" assertions="1" time="0.004838"/>
        <testcase name="testMarkdownPostGetHelperReturnsMarkdownPostObject" file="/home/runner/work/develop/develop/packages/framework/tests/Unit/Pages/PageModelParseHelperTest.php" line="39" class="Hyde\Framework\Testing\Unit\Pages\PageModelParseHelperTest" classname="Hyde.Framework.Testing.Unit.Pages.PageModelParseHelperTest" assertions="1" time="0.005465"/>
        <testcase name="testDocumentationPageGetHelperReturnsDocumentationPageObject" file="/home/runner/work/develop/develop/packages/framework/tests/Unit/Pages/PageModelParseHelperTest.php" line="49" class="Hyde\Framework\Testing\Unit\Pages\PageModelParseHelperTest" classname="Hyde.Framework.Testing.Unit.Pages.PageModelParseHelperTest" assertions="1" time="0.004965"/>
      </testsuite>
      <testsuite name="Hyde\Framework\Testing\Unit\Pages\TestAllPageTypesHaveUnitTestsTest" file="/home/runner/work/develop/develop/packages/framework/tests/Unit/Pages/TestAllPageTypesHaveUnitTestsTest.php" tests="1" assertions="8" errors="0" failures="0" skipped="0" time="0.004422">
        <testcase name="testAllPageTypesHaveUnitTests" file="/home/runner/work/develop/develop/packages/framework/tests/Unit/Pages/TestAllPageTypesHaveUnitTestsTest.php" line="12" class="Hyde\Framework\Testing\Unit\Pages\TestAllPageTypesHaveUnitTestsTest" classname="Hyde.Framework.Testing.Unit.Pages.TestAllPageTypesHaveUnitTestsTest" assertions="8" time="0.004422"/>
      </testsuite>
      <testsuite name="Hyde\Framework\Testing\Unit\PostAuthorTest" file="/home/runner/work/develop/develop/packages/framework/tests/Unit/PostAuthorTest.php" tests="14" assertions="25" errors="0" failures="0" skipped="0" time="0.023808">
        <testcase name="testCreateMethodCreatesNewAuthorModel" file="/home/runner/work/develop/develop/packages/framework/tests/Unit/PostAuthorTest.php" line="21" class="Hyde\Framework\Testing\Unit\PostAuthorTest" classname="Hyde.Framework.Testing.Unit.PostAuthorTest" assertions="1" time="0.001723"/>
        <testcase name="testCreateMethodAcceptsAllParameters" file="/home/runner/work/develop/develop/packages/framework/tests/Unit/PostAuthorTest.php" line="28" class="Hyde\Framework\Testing\Unit\PostAuthorTest" classname="Hyde.Framework.Testing.Unit.PostAuthorTest" assertions="3" time="0.001674"/>
        <testcase name="testGetOrCreateMethodCreatesNewAuthorModelFromString" file="/home/runner/work/develop/develop/packages/framework/tests/Unit/PostAuthorTest.php" line="37" class="Hyde\Framework\Testing\Unit\PostAuthorTest" classname="Hyde.Framework.Testing.Unit.PostAuthorTest" assertions="1" time="0.001822"/>
        <testcase name="testGetOrCreateMethodCreatesNewAuthorModelFromStringCanFindExistingAuthor" file="/home/runner/work/develop/develop/packages/framework/tests/Unit/PostAuthorTest.php" line="43" class="Hyde\Framework\Testing\Unit\PostAuthorTest" classname="Hyde.Framework.Testing.Unit.PostAuthorTest" assertions="1" time="0.001850"/>
        <testcase name="testGetOrCreateMethodCreatesNewAuthorModelFromArray" file="/home/runner/work/develop/develop/packages/framework/tests/Unit/PostAuthorTest.php" line="52" class="Hyde\Framework\Testing\Unit\PostAuthorTest" classname="Hyde.Framework.Testing.Unit.PostAuthorTest" assertions="1" time="0.001594"/>
        <testcase name="testGetOrCreateMethodCreatesNewAuthorModelFromArrayOnlyNeedsUsername" file="/home/runner/work/develop/develop/packages/framework/tests/Unit/PostAuthorTest.php" line="62" class="Hyde\Framework\Testing\Unit\PostAuthorTest" classname="Hyde.Framework.Testing.Unit.PostAuthorTest" assertions="1" time="0.001613"/>
        <testcase name="testAllMethodReturnsEmptyCollectionIfNoAuthorsAreSetInConfig" file="/home/runner/work/develop/develop/packages/framework/tests/Unit/PostAuthorTest.php" line="67" class="Hyde\Framework\Testing\Unit\PostAuthorTest" classname="Hyde.Framework.Testing.Unit.PostAuthorTest" assertions="2" time="0.001695"/>
        <testcase name="testAllMethodReturnsCollectionWithAllAuthorsDefinedInConfig" file="/home/runner/work/develop/develop/packages/framework/tests/Unit/PostAuthorTest.php" line="76" class="Hyde\Framework\Testing\Unit\PostAuthorTest" classname="Hyde.Framework.Testing.Unit.PostAuthorTest" assertions="3" time="0.001891"/>
        <testcase name="testMultipleAuthorsCanBeDefinedInConfig" file="/home/runner/work/develop/develop/packages/framework/tests/Unit/PostAuthorTest.php" line="88" class="Hyde\Framework\Testing\Unit\PostAuthorTest" classname="Hyde.Framework.Testing.Unit.PostAuthorTest" assertions="4" time="0.002058"/>
        <testcase name="testGetMethodReturnsConfigDefinedAuthorByUsername" file="/home/runner/work/develop/develop/packages/framework/tests/Unit/PostAuthorTest.php" line="102" class="Hyde\Framework\Testing\Unit\PostAuthorTest" classname="Hyde.Framework.Testing.Unit.PostAuthorTest" assertions="3" time="0.001881"/>
        <testcase name="testGetMethodReturnsNewAuthorIfUsernameNotFoundInConfig" file="/home/runner/work/develop/develop/packages/framework/tests/Unit/PostAuthorTest.php" line="114" class="Hyde\Framework\Testing\Unit\PostAuthorTest" classname="Hyde.Framework.Testing.Unit.PostAuthorTest" assertions="2" time="0.001767"/>
        <testcase name="testGetNameHelperReturnsNameIfSet" file="/home/runner/work/develop/develop/packages/framework/tests/Unit/PostAuthorTest.php" line="123" class="Hyde\Framework\Testing\Unit\PostAuthorTest" classname="Hyde.Framework.Testing.Unit.PostAuthorTest" assertions="1" time="0.001403"/>
        <testcase name="testGetNameHelperReturnsUsernameIfNameIsNotSet" file="/home/runner/work/develop/develop/packages/framework/tests/Unit/PostAuthorTest.php" line="130" class="Hyde\Framework\Testing\Unit\PostAuthorTest" classname="Hyde.Framework.Testing.Unit.PostAuthorTest" assertions="1" time="0.001437"/>
        <testcase name="testToStringHelperReturnsTheName" file="/home/runner/work/develop/develop/packages/framework/tests/Unit/PostAuthorTest.php" line="137" class="Hyde\Framework\Testing\Unit\PostAuthorTest" classname="Hyde.Framework.Testing.Unit.PostAuthorTest" assertions="1" time="0.001400"/>
      </testsuite>
      <testsuite name="Hyde\Framework\Testing\Unit\RelativeLinksAcrossPagesRetainsIntegrityTest" file="/home/runner/work/develop/develop/packages/framework/tests/Unit/RelativeLinksAcrossPagesRetainsIntegrityTest.php" tests="1" assertions="18" errors="0" failures="0" skipped="0" time="0.089994">
        <testcase name="testRelativeLinksAcrossPagesRetainsIntegrity" file="/home/runner/work/develop/develop/packages/framework/tests/Unit/RelativeLinksAcrossPagesRetainsIntegrityTest.php" line="66" class="Hyde\Framework\Testing\Unit\RelativeLinksAcrossPagesRetainsIntegrityTest" classname="Hyde.Framework.Testing.Unit.RelativeLinksAcrossPagesRetainsIntegrityTest" assertions="18" time="0.089994"/>
      </testsuite>
      <testsuite name="Hyde\Framework\Testing\Unit\RouteKeyTest" file="/home/runner/work/develop/develop/packages/framework/tests/Unit/RouteKeyTest.php" tests="12" assertions="25" errors="0" failures="0" skipped="0" time="0.019358">
        <testcase name="testMake" file="/home/runner/work/develop/develop/packages/framework/tests/Unit/RouteKeyTest.php" line="21" class="Hyde\Framework\Testing\Unit\RouteKeyTest" classname="Hyde.Framework.Testing.Unit.RouteKeyTest" assertions="1" time="0.001660"/>
        <testcase name="testConstruct" file="/home/runner/work/develop/develop/packages/framework/tests/Unit/RouteKeyTest.php" line="26" class="Hyde\Framework\Testing\Unit\RouteKeyTest" classname="Hyde.Framework.Testing.Unit.RouteKeyTest" assertions="1" time="0.001421"/>
        <testcase name="testToString" file="/home/runner/work/develop/develop/packages/framework/tests/Unit/RouteKeyTest.php" line="31" class="Hyde\Framework\Testing\Unit\RouteKeyTest" classname="Hyde.Framework.Testing.Unit.RouteKeyTest" assertions="1" time="0.001377"/>
        <testcase name="testGet" file="/home/runner/work/develop/develop/packages/framework/tests/Unit/RouteKeyTest.php" line="36" class="Hyde\Framework\Testing\Unit\RouteKeyTest" classname="Hyde.Framework.Testing.Unit.RouteKeyTest" assertions="1" time="0.001421"/>
        <testcase name="testCast" file="/home/runner/work/develop/develop/packages/framework/tests/Unit/RouteKeyTest.php" line="41" class="Hyde\Framework\Testing\Unit\RouteKeyTest" classname="Hyde.Framework.Testing.Unit.RouteKeyTest" assertions="1" time="0.001362"/>
        <testcase name="testConstructorValuesAreNormalized" file="/home/runner/work/develop/develop/packages/framework/tests/Unit/RouteKeyTest.php" line="46" class="Hyde\Framework\Testing\Unit\RouteKeyTest" classname="Hyde.Framework.Testing.Unit.RouteKeyTest" assertions="3" time="0.001691"/>
        <testcase name="testStaticConstructorValuesAreNormalized" file="/home/runner/work/develop/develop/packages/framework/tests/Unit/RouteKeyTest.php" line="53" class="Hyde\Framework\Testing\Unit\RouteKeyTest" classname="Hyde.Framework.Testing.Unit.RouteKeyTest" assertions="3" time="0.001722"/>
        <testcase name="testFromPage" file="/home/runner/work/develop/develop/packages/framework/tests/Unit/RouteKeyTest.php" line="60" class="Hyde\Framework\Testing\Unit\RouteKeyTest" classname="Hyde.Framework.Testing.Unit.RouteKeyTest" assertions="5" time="0.001971"/>
        <testcase name="testFromPageWithNestedIdentifier" file="/home/runner/work/develop/develop/packages/framework/tests/Unit/RouteKeyTest.php" line="69" class="Hyde\Framework\Testing\Unit\RouteKeyTest" classname="Hyde.Framework.Testing.Unit.RouteKeyTest" assertions="5" time="0.002022"/>
        <testcase name="testFromPageWithInMemoryPage" file="/home/runner/work/develop/develop/packages/framework/tests/Unit/RouteKeyTest.php" line="78" class="Hyde\Framework\Testing\Unit\RouteKeyTest" classname="Hyde.Framework.Testing.Unit.RouteKeyTest" assertions="2" time="0.001630"/>
        <testcase name="testFromPageWithCustomOutputDirectory" file="/home/runner/work/develop/develop/packages/framework/tests/Unit/RouteKeyTest.php" line="84" class="Hyde\Framework\Testing\Unit\RouteKeyTest" classname="Hyde.Framework.Testing.Unit.RouteKeyTest" assertions="1" time="0.001543"/>
        <testcase name="testFromPageWithCustomNestedOutputDirectory" file="/home/runner/work/develop/develop/packages/framework/tests/Unit/RouteKeyTest.php" line="90" class="Hyde\Framework\Testing\Unit\RouteKeyTest" classname="Hyde.Framework.Testing.Unit.RouteKeyTest" assertions="1" time="0.001538"/>
      </testsuite>
      <testsuite name="Hyde\Framework\Testing\Unit\RouteNotFoundExceptionTest" file="/home/runner/work/develop/develop/packages/framework/tests/Unit/RouteNotFoundExceptionTest.php" tests="2" assertions="4" errors="0" failures="0" skipped="0" time="0.003138">
        <testcase name="testItCanBeInstantiated" file="/home/runner/work/develop/develop/packages/framework/tests/Unit/RouteNotFoundExceptionTest.php" line="15" class="Hyde\Framework\Testing\Unit\RouteNotFoundExceptionTest" classname="Hyde.Framework.Testing.Unit.RouteNotFoundExceptionTest" assertions="1" time="0.001516"/>
        <testcase name="testItThrowsAnExceptionWhenPageTypeIsNotSupported" file="/home/runner/work/develop/develop/packages/framework/tests/Unit/RouteNotFoundExceptionTest.php" line="22" class="Hyde\Framework\Testing\Unit\RouteNotFoundExceptionTest" classname="Hyde.Framework.Testing.Unit.RouteNotFoundExceptionTest" assertions="3" time="0.001622"/>
      </testsuite>
      <testsuite name="Hyde\Framework\Testing\Unit\RouteTest" file="/home/runner/work/develop/develop/packages/framework/tests/Unit/RouteTest.php" tests="18" assertions="23" errors="0" failures="0" skipped="0" time="0.053375">
        <testcase name="testConstructorCreatesRouteFromPageModel" file="/home/runner/work/develop/develop/packages/framework/tests/Unit/RouteTest.php" line="27" class="Hyde\Framework\Testing\Unit\RouteTest" classname="Hyde.Framework.Testing.Unit.RouteTest" assertions="1" time="0.002651"/>
        <testcase name="testGetPageTypeReturnsFullyQualifiedClassName" file="/home/runner/work/develop/develop/packages/framework/tests/Unit/RouteTest.php" line="32" class="Hyde\Framework\Testing\Unit\RouteTest" classname="Hyde.Framework.Testing.Unit.RouteTest" assertions="1" time="0.002608"/>
        <testcase name="testGetSourceModelReturnsPageModel" file="/home/runner/work/develop/develop/packages/framework/tests/Unit/RouteTest.php" line="37" class="Hyde\Framework\Testing\Unit\RouteTest" classname="Hyde.Framework.Testing.Unit.RouteTest" assertions="2" time="0.002579"/>
        <testcase name="testGetRouteKeyReturnsPagePath" file="/home/runner/work/develop/develop/packages/framework/tests/Unit/RouteTest.php" line="46" class="Hyde\Framework\Testing\Unit\RouteTest" classname="Hyde.Framework.Testing.Unit.RouteTest" assertions="1" time="0.002486"/>
        <testcase name="testGetSourceFilePathReturnsPageSourcePath" file="/home/runner/work/develop/develop/packages/framework/tests/Unit/RouteTest.php" line="52" class="Hyde\Framework\Testing\Unit\RouteTest" classname="Hyde.Framework.Testing.Unit.RouteTest" assertions="1" time="0.002536"/>
        <testcase name="testGetOutputFilePathReturnsPageOutputPath" file="/home/runner/work/develop/develop/packages/framework/tests/Unit/RouteTest.php" line="58" class="Hyde\Framework\Testing\Unit\RouteTest" classname="Hyde.Framework.Testing.Unit.RouteTest" assertions="1" time="0.002579"/>
        <testcase name="testGetLinkReturnsCorrectPathForRootPages" file="/home/runner/work/develop/develop/packages/framework/tests/Unit/RouteTest.php" line="64" class="Hyde\Framework\Testing\Unit\RouteTest" classname="Hyde.Framework.Testing.Unit.RouteTest" assertions="2" time="0.003073"/>
        <testcase name="testGetLinkReturnsCorrectPathForNestedPages" file="/home/runner/work/develop/develop/packages/framework/tests/Unit/RouteTest.php" line="72" class="Hyde\Framework\Testing\Unit\RouteTest" classname="Hyde.Framework.Testing.Unit.RouteTest" assertions="2" time="0.003099"/>
        <testcase name="testGetLinkReturnsCorrectPathForNestedCurrentPage" file="/home/runner/work/develop/develop/packages/framework/tests/Unit/RouteTest.php" line="80" class="Hyde\Framework\Testing\Unit\RouteTest" classname="Hyde.Framework.Testing.Unit.RouteTest" assertions="2" time="0.003448"/>
        <testcase name="testGetLinkReturnsPrettyUrlIfEnabled" file="/home/runner/work/develop/develop/packages/framework/tests/Unit/RouteTest.php" line="89" class="Hyde\Framework\Testing\Unit\RouteTest" classname="Hyde.Framework.Testing.Unit.RouteTest" assertions="2" time="0.003142"/>
        <testcase name="testToStringIsAliasForGetLink" file="/home/runner/work/develop/develop/packages/framework/tests/Unit/RouteTest.php" line="98" class="Hyde\Framework\Testing\Unit\RouteTest" classname="Hyde.Framework.Testing.Unit.RouteTest" assertions="1" time="0.002920"/>
        <testcase name="testIsWithRouteReturnsTrueWhenTrue" file="/home/runner/work/develop/develop/packages/framework/tests/Unit/RouteTest.php" line="104" class="Hyde\Framework\Testing\Unit\RouteTest" classname="Hyde.Framework.Testing.Unit.RouteTest" assertions="1" time="0.002720"/>
        <testcase name="testIsWithRouteReturnsFalseWhenFalse" file="/home/runner/work/develop/develop/packages/framework/tests/Unit/RouteTest.php" line="110" class="Hyde\Framework\Testing\Unit\RouteTest" classname="Hyde.Framework.Testing.Unit.RouteTest" assertions="1" time="0.003040"/>
        <testcase name="testIsWithRouteKeyReturnsTrueWhenTrue" file="/home/runner/work/develop/develop/packages/framework/tests/Unit/RouteTest.php" line="117" class="Hyde\Framework\Testing\Unit\RouteTest" classname="Hyde.Framework.Testing.Unit.RouteTest" assertions="1" time="0.002697"/>
        <testcase name="testIsWithRouteKeyReturnsFalseWhenFalse" file="/home/runner/work/develop/develop/packages/framework/tests/Unit/RouteTest.php" line="123" class="Hyde\Framework\Testing\Unit\RouteTest" classname="Hyde.Framework.Testing.Unit.RouteTest" assertions="1" time="0.002695"/>
        <testcase name="testIsWithRouteKeyObjectReturnsTrueWhenTrue" file="/home/runner/work/develop/develop/packages/framework/tests/Unit/RouteTest.php" line="129" class="Hyde\Framework\Testing\Unit\RouteTest" classname="Hyde.Framework.Testing.Unit.RouteTest" assertions="1" time="0.002729"/>
        <testcase name="testIsWithRouteKeyObjectReturnsTrueWhenFalse" file="/home/runner/work/develop/develop/packages/framework/tests/Unit/RouteTest.php" line="135" class="Hyde\Framework\Testing\Unit\RouteTest" classname="Hyde.Framework.Testing.Unit.RouteTest" assertions="1" time="0.002761"/>
        <testcase name="testToArrayMethod" file="/home/runner/work/develop/develop/packages/framework/tests/Unit/RouteTest.php" line="141" class="Hyde\Framework\Testing\Unit\RouteTest" classname="Hyde.Framework.Testing.Unit.RouteTest" assertions="1" time="0.005612"/>
      </testsuite>
      <testsuite name="Hyde\Framework\Testing\Unit\SchemaContractsTest" file="/home/runner/work/develop/develop/packages/framework/tests/Unit/SchemaContractsTest.php" tests="5" assertions="30" errors="0" failures="0" skipped="0" time="0.009805">
        <testcase name="testSchemasAreNotAccidentallyChanged" file="/home/runner/work/develop/develop/packages/framework/tests/Unit/SchemaContractsTest.php" line="34" class="Hyde\Framework\Testing\Unit\SchemaContractsTest" classname="Hyde.Framework.Testing.Unit.SchemaContractsTest" assertions="5" time="0.002260"/>
        <testcase name="testAllSchemasAreTested" file="/home/runner/work/develop/develop/packages/framework/tests/Unit/SchemaContractsTest.php" line="76" class="Hyde\Framework\Testing\Unit\SchemaContractsTest" classname="Hyde.Framework.Testing.Unit.SchemaContractsTest" assertions="3" time="0.001734"/>
        <testcase name="testAllSchemasExtendFrontMatterSchemaInterface" file="/home/runner/work/develop/develop/packages/framework/tests/Unit/SchemaContractsTest.php" line="102" class="Hyde\Framework\Testing\Unit\SchemaContractsTest" classname="Hyde.Framework.Testing.Unit.SchemaContractsTest" assertions="5" time="0.001608"/>
        <testcase name="testAllSchemasHaveConstantMatchingTheirInterfaceName" file="/home/runner/work/develop/develop/packages/framework/tests/Unit/SchemaContractsTest.php" line="109" class="Hyde\Framework\Testing\Unit\SchemaContractsTest" classname="Hyde.Framework.Testing.Unit.SchemaContractsTest" assertions="5" time="0.001651"/>
        <testcase name="testEachInterfaceOnlyHasOneSchema" file="/home/runner/work/develop/develop/packages/framework/tests/Unit/SchemaContractsTest.php" line="116" class="Hyde\Framework\Testing\Unit\SchemaContractsTest" classname="Hyde.Framework.Testing.Unit.SchemaContractsTest" assertions="12" time="0.002552"/>
      </testsuite>
      <testsuite name="Hyde\Framework\Testing\Unit\SerializableContractTest" file="/home/runner/work/develop/develop/packages/framework/tests/Unit/SerializableContractTest.php" tests="4" assertions="4" errors="0" failures="0" skipped="0" time="0.005064">
        <testcase name="testInterface" file="/home/runner/work/develop/develop/packages/framework/tests/Unit/SerializableContractTest.php" line="18" class="Hyde\Framework\Testing\Unit\SerializableContractTest" classname="Hyde.Framework.Testing.Unit.SerializableContractTest" assertions="1" time="0.001325"/>
        <testcase name="testInterfaceExtendsJsonSerializable" file="/home/runner/work/develop/develop/packages/framework/tests/Unit/SerializableContractTest.php" line="23" class="Hyde\Framework\Testing\Unit\SerializableContractTest" classname="Hyde.Framework.Testing.Unit.SerializableContractTest" assertions="1" time="0.001286"/>
        <testcase name="testInterfaceExtendsArrayable" file="/home/runner/work/develop/develop/packages/framework/tests/Unit/SerializableContractTest.php" line="28" class="Hyde\Framework\Testing\Unit\SerializableContractTest" classname="Hyde.Framework.Testing.Unit.SerializableContractTest" assertions="1" time="0.001220"/>
        <testcase name="testInterfaceExtendsJsonable" file="/home/runner/work/develop/develop/packages/framework/tests/Unit/SerializableContractTest.php" line="33" class="Hyde\Framework\Testing\Unit\SerializableContractTest" classname="Hyde.Framework.Testing.Unit.SerializableContractTest" assertions="1" time="0.001233"/>
      </testsuite>
      <testsuite name="Hyde\Framework\Testing\Unit\SerializableTest" file="/home/runner/work/develop/develop/packages/framework/tests/Unit/SerializableTest.php" tests="8" assertions="8" errors="0" failures="0" skipped="0" time="0.012064">
        <testcase name="testToArray" file="/home/runner/work/develop/develop/packages/framework/tests/Unit/SerializableTest.php" line="17" class="Hyde\Framework\Testing\Unit\SerializableTest" classname="Hyde.Framework.Testing.Unit.SerializableTest" assertions="1" time="0.001468"/>
        <testcase name="testJsonSerialize" file="/home/runner/work/develop/develop/packages/framework/tests/Unit/SerializableTest.php" line="22" class="Hyde\Framework\Testing\Unit\SerializableTest" classname="Hyde.Framework.Testing.Unit.SerializableTest" assertions="1" time="0.001508"/>
        <testcase name="testToJson" file="/home/runner/work/develop/develop/packages/framework/tests/Unit/SerializableTest.php" line="27" class="Hyde\Framework\Testing\Unit\SerializableTest" classname="Hyde.Framework.Testing.Unit.SerializableTest" assertions="1" time="0.001484"/>
        <testcase name="testJsonEncode" file="/home/runner/work/develop/develop/packages/framework/tests/Unit/SerializableTest.php" line="32" class="Hyde\Framework\Testing\Unit\SerializableTest" classname="Hyde.Framework.Testing.Unit.SerializableTest" assertions="1" time="0.001459"/>
        <testcase name="testSerialize" file="/home/runner/work/develop/develop/packages/framework/tests/Unit/SerializableTest.php" line="37" class="Hyde\Framework\Testing\Unit\SerializableTest" classname="Hyde.Framework.Testing.Unit.SerializableTest" assertions="1" time="0.001493"/>
        <testcase name="testSerializeWithArrayable" file="/home/runner/work/develop/develop/packages/framework/tests/Unit/SerializableTest.php" line="42" class="Hyde\Framework\Testing\Unit\SerializableTest" classname="Hyde.Framework.Testing.Unit.SerializableTest" assertions="1" time="0.001571"/>
        <testcase name="testJsonSerializeWithArrayable" file="/home/runner/work/develop/develop/packages/framework/tests/Unit/SerializableTest.php" line="47" class="Hyde\Framework\Testing\Unit\SerializableTest" classname="Hyde.Framework.Testing.Unit.SerializableTest" assertions="1" time="0.001588"/>
        <testcase name="testToJsonWithArrayable" file="/home/runner/work/develop/develop/packages/framework/tests/Unit/SerializableTest.php" line="52" class="Hyde\Framework\Testing\Unit\SerializableTest" classname="Hyde.Framework.Testing.Unit.SerializableTest" assertions="1" time="0.001492"/>
      </testsuite>
      <testsuite name="Hyde\Framework\Testing\Unit\ServeCommandOptionsUnitTest" file="/home/runner/work/develop/develop/packages/framework/tests/Unit/ServeCommandOptionsUnitTest.php" tests="22" assertions="41" errors="0" failures="0" skipped="0" time="0.054590">
        <testcase name="testGetHostSelection" file="/home/runner/work/develop/develop/packages/framework/tests/Unit/ServeCommandOptionsUnitTest.php" line="31" class="Hyde\Framework\Testing\Unit\ServeCommandOptionsUnitTest" classname="Hyde.Framework.Testing.Unit.ServeCommandOptionsUnitTest" assertions="1" time="0.002073"/>
        <testcase name="testGetHostSelectionWithHostOption" file="/home/runner/work/develop/develop/packages/framework/tests/Unit/ServeCommandOptionsUnitTest.php" line="36" class="Hyde\Framework\Testing\Unit\ServeCommandOptionsUnitTest" classname="Hyde.Framework.Testing.Unit.ServeCommandOptionsUnitTest" assertions="1" time="0.001790"/>
        <testcase name="testGetHostSelectionWithConfigOption" file="/home/runner/work/develop/develop/packages/framework/tests/Unit/ServeCommandOptionsUnitTest.php" line="41" class="Hyde\Framework\Testing\Unit\ServeCommandOptionsUnitTest" classname="Hyde.Framework.Testing.Unit.ServeCommandOptionsUnitTest" assertions="1" time="0.001894"/>
        <testcase name="testGetHostSelectionWithHostOptionAndConfigOption" file="/home/runner/work/develop/develop/packages/framework/tests/Unit/ServeCommandOptionsUnitTest.php" line="47" class="Hyde\Framework\Testing\Unit\ServeCommandOptionsUnitTest" classname="Hyde.Framework.Testing.Unit.ServeCommandOptionsUnitTest" assertions="1" time="0.001861"/>
        <testcase name="testGetPortSelection" file="/home/runner/work/develop/develop/packages/framework/tests/Unit/ServeCommandOptionsUnitTest.php" line="53" class="Hyde\Framework\Testing\Unit\ServeCommandOptionsUnitTest" classname="Hyde.Framework.Testing.Unit.ServeCommandOptionsUnitTest" assertions="1" time="0.002086"/>
        <testcase name="testGetPortSelectionWithPortOption" file="/home/runner/work/develop/develop/packages/framework/tests/Unit/ServeCommandOptionsUnitTest.php" line="58" class="Hyde\Framework\Testing\Unit\ServeCommandOptionsUnitTest" classname="Hyde.Framework.Testing.Unit.ServeCommandOptionsUnitTest" assertions="1" time="0.001782"/>
        <testcase name="testGetPortSelectionWithConfigOption" file="/home/runner/work/develop/develop/packages/framework/tests/Unit/ServeCommandOptionsUnitTest.php" line="63" class="Hyde\Framework\Testing\Unit\ServeCommandOptionsUnitTest" classname="Hyde.Framework.Testing.Unit.ServeCommandOptionsUnitTest" assertions="1" time="0.001949"/>
        <testcase name="testGetPortSelectionWithPortOptionAndConfigOption" file="/home/runner/work/develop/develop/packages/framework/tests/Unit/ServeCommandOptionsUnitTest.php" line="69" class="Hyde\Framework\Testing\Unit\ServeCommandOptionsUnitTest" classname="Hyde.Framework.Testing.Unit.ServeCommandOptionsUnitTest" assertions="1" time="0.001905"/>
        <testcase name="testGetEnvironmentVariables" file="/home/runner/work/develop/develop/packages/framework/tests/Unit/ServeCommandOptionsUnitTest.php" line="75" class="Hyde\Framework\Testing\Unit\ServeCommandOptionsUnitTest" classname="Hyde.Framework.Testing.Unit.ServeCommandOptionsUnitTest" assertions="1" time="0.001866"/>
        <testcase name="testGetEnvironmentVariablesWithNoAnsiOption" file="/home/runner/work/develop/develop/packages/framework/tests/Unit/ServeCommandOptionsUnitTest.php" line="82" class="Hyde\Framework\Testing\Unit\ServeCommandOptionsUnitTest" classname="Hyde.Framework.Testing.Unit.ServeCommandOptionsUnitTest" assertions="1" time="0.001892"/>
        <testcase name="testSavePreviewOptionPropagatesToEnvironmentVariables" file="/home/runner/work/develop/develop/packages/framework/tests/Unit/ServeCommandOptionsUnitTest.php" line="89" class="Hyde\Framework\Testing\Unit\ServeCommandOptionsUnitTest" classname="Hyde.Framework.Testing.Unit.ServeCommandOptionsUnitTest" assertions="5" time="0.003078"/>
        <testcase name="testDashboardOptionPropagatesToEnvironmentVariables" file="/home/runner/work/develop/develop/packages/framework/tests/Unit/ServeCommandOptionsUnitTest.php" line="107" class="Hyde\Framework\Testing\Unit\ServeCommandOptionsUnitTest" classname="Hyde.Framework.Testing.Unit.ServeCommandOptionsUnitTest" assertions="5" time="0.003059"/>
        <testcase name="testPrettyUrlsOptionPropagatesToEnvironmentVariables" file="/home/runner/work/develop/develop/packages/framework/tests/Unit/ServeCommandOptionsUnitTest.php" line="125" class="Hyde\Framework\Testing\Unit\ServeCommandOptionsUnitTest" classname="Hyde.Framework.Testing.Unit.ServeCommandOptionsUnitTest" assertions="5" time="0.003071"/>
        <testcase name="testPlayCdnOptionPropagatesToEnvironmentVariables" file="/home/runner/work/develop/develop/packages/framework/tests/Unit/ServeCommandOptionsUnitTest.php" line="143" class="Hyde\Framework\Testing\Unit\ServeCommandOptionsUnitTest" classname="Hyde.Framework.Testing.Unit.ServeCommandOptionsUnitTest" assertions="5" time="0.003112"/>
        <testcase name="testParseEnvironmentOption" file="/home/runner/work/develop/develop/packages/framework/tests/Unit/ServeCommandOptionsUnitTest.php" line="161" class="Hyde\Framework\Testing\Unit\ServeCommandOptionsUnitTest" classname="Hyde.Framework.Testing.Unit.ServeCommandOptionsUnitTest" assertions="2" time="0.002089"/>
        <testcase name="testParseEnvironmentOptionWithEmptyString" file="/home/runner/work/develop/develop/packages/framework/tests/Unit/ServeCommandOptionsUnitTest.php" line="170" class="Hyde\Framework\Testing\Unit\ServeCommandOptionsUnitTest" classname="Hyde.Framework.Testing.Unit.ServeCommandOptionsUnitTest" assertions="1" time="0.001819"/>
        <testcase name="testParseEnvironmentOptionWithNull" file="/home/runner/work/develop/develop/packages/framework/tests/Unit/ServeCommandOptionsUnitTest.php" line="176" class="Hyde\Framework\Testing\Unit\ServeCommandOptionsUnitTest" classname="Hyde.Framework.Testing.Unit.ServeCommandOptionsUnitTest" assertions="1" time="0.001801"/>
        <testcase name="testParseEnvironmentOptionWithInvalidValue" file="/home/runner/work/develop/develop/packages/framework/tests/Unit/ServeCommandOptionsUnitTest.php" line="182" class="Hyde\Framework\Testing\Unit\ServeCommandOptionsUnitTest" classname="Hyde.Framework.Testing.Unit.ServeCommandOptionsUnitTest" assertions="2" time="0.001977"/>
        <testcase name="testCheckArgvForOption" file="/home/runner/work/develop/develop/packages/framework/tests/Unit/ServeCommandOptionsUnitTest.php" line="191" class="Hyde\Framework\Testing\Unit\ServeCommandOptionsUnitTest" classname="Hyde.Framework.Testing.Unit.ServeCommandOptionsUnitTest" assertions="2" time="0.001902"/>
        <testcase name="testWithOpenArgument" file="/home/runner/work/develop/develop/packages/framework/tests/Unit/ServeCommandOptionsUnitTest.php" line="205" class="Hyde\Framework\Testing\Unit\ServeCommandOptionsUnitTest" classname="Hyde.Framework.Testing.Unit.ServeCommandOptionsUnitTest" assertions="1" time="0.002255"/>
        <testcase name="testOpenInBrowser" file="/home/runner/work/develop/develop/packages/framework/tests/Unit/ServeCommandOptionsUnitTest.php" line="236" class="Hyde\Framework\Testing\Unit\ServeCommandOptionsUnitTest" classname="Hyde.Framework.Testing.Unit.ServeCommandOptionsUnitTest" assertions="1" time="0.007140"/>
        <testcase name="testOpenInBrowserThatFails" file="/home/runner/work/develop/develop/packages/framework/tests/Unit/ServeCommandOptionsUnitTest.php" line="257" class="Hyde\Framework\Testing\Unit\ServeCommandOptionsUnitTest" classname="Hyde.Framework.Testing.Unit.ServeCommandOptionsUnitTest" assertions="1" time="0.004189"/>
      </testsuite>
      <testsuite name="Hyde\Framework\Testing\Unit\SourceFilesInCustomDirectoriesCanBeCompiledTest" file="/home/runner/work/develop/develop/packages/framework/tests/Unit/SourceFilesInCustomDirectoriesCanBeCompiledTest.php" tests="4" assertions="4" errors="0" failures="0" skipped="0" time="0.068887">
        <testcase name="testMarkdownPostsInChangedDirectoryCanBeCompiled" file="/home/runner/work/develop/develop/packages/framework/tests/Unit/SourceFilesInCustomDirectoriesCanBeCompiledTest.php" line="37" class="Hyde\Framework\Testing\Unit\SourceFilesInCustomDirectoriesCanBeCompiledTest" classname="Hyde.Framework.Testing.Unit.SourceFilesInCustomDirectoriesCanBeCompiledTest" assertions="1" time="0.020432"/>
        <testcase name="testMarkdownPagesInChangedDirectoryCanBeCompiled" file="/home/runner/work/develop/develop/packages/framework/tests/Unit/SourceFilesInCustomDirectoriesCanBeCompiledTest.php" line="50" class="Hyde\Framework\Testing\Unit\SourceFilesInCustomDirectoriesCanBeCompiledTest" classname="Hyde.Framework.Testing.Unit.SourceFilesInCustomDirectoriesCanBeCompiledTest" assertions="1" time="0.018008"/>
        <testcase name="testDocumentationPagesInChangedDirectoryCanBeCompiled" file="/home/runner/work/develop/develop/packages/framework/tests/Unit/SourceFilesInCustomDirectoriesCanBeCompiledTest.php" line="63" class="Hyde\Framework\Testing\Unit\SourceFilesInCustomDirectoriesCanBeCompiledTest" classname="Hyde.Framework.Testing.Unit.SourceFilesInCustomDirectoriesCanBeCompiledTest" assertions="1" time="0.022149"/>
        <testcase name="testBladePagesInChangedDirectoryCanBeCompiled" file="/home/runner/work/develop/develop/packages/framework/tests/Unit/SourceFilesInCustomDirectoriesCanBeCompiledTest.php" line="76" class="Hyde\Framework\Testing\Unit\SourceFilesInCustomDirectoriesCanBeCompiledTest" classname="Hyde.Framework.Testing.Unit.SourceFilesInCustomDirectoriesCanBeCompiledTest" assertions="1" time="0.008299"/>
      </testsuite>
      <testsuite name="Hyde\Framework\Testing\Unit\TestBuildStaticSiteCommandFlagToEnablePrettyUrlsTest" file="/home/runner/work/develop/develop/packages/framework/tests/Unit/TestBuildStaticSiteCommandFlagToEnablePrettyUrlsTest.php" tests="2" assertions="4" errors="0" failures="0" skipped="0" time="0.025080">
        <testcase name="testPrettyUrlsCanBeEnabledWithFlag" file="/home/runner/work/develop/develop/packages/framework/tests/Unit/TestBuildStaticSiteCommandFlagToEnablePrettyUrlsTest.php" line="16" class="Hyde\Framework\Testing\Unit\TestBuildStaticSiteCommandFlagToEnablePrettyUrlsTest" classname="Hyde.Framework.Testing.Unit.TestBuildStaticSiteCommandFlagToEnablePrettyUrlsTest" assertions="3" time="0.021812"/>
        <testcase name="testConfigChangeIsNotPersisted" file="/home/runner/work/develop/develop/packages/framework/tests/Unit/TestBuildStaticSiteCommandFlagToEnablePrettyUrlsTest.php" line="29" class="Hyde\Framework\Testing\Unit\TestBuildStaticSiteCommandFlagToEnablePrettyUrlsTest" classname="Hyde.Framework.Testing.Unit.TestBuildStaticSiteCommandFlagToEnablePrettyUrlsTest" assertions="1" time="0.003268"/>
      </testsuite>
      <testsuite name="Hyde\Framework\Testing\Unit\TracksExecutionTimeTest" file="/home/runner/work/develop/develop/packages/framework/tests/Unit/TracksExecutionTimeTest.php" tests="4" assertions="10" errors="0" failures="0" skipped="0" time="0.006524">
        <testcase name="testStartClock" file="/home/runner/work/develop/develop/packages/framework/tests/Unit/TracksExecutionTimeTest.php" line="15" class="Hyde\Framework\Testing\Unit\TracksExecutionTimeTest" classname="Hyde.Framework.Testing.Unit.TracksExecutionTimeTest" assertions="4" time="0.001877"/>
        <testcase name="testStopClock" file="/home/runner/work/develop/develop/packages/framework/tests/Unit/TracksExecutionTimeTest.php" line="28" class="Hyde\Framework\Testing\Unit\TracksExecutionTimeTest" classname="Hyde.Framework.Testing.Unit.TracksExecutionTimeTest" assertions="2" time="0.001539"/>
        <testcase name="testGetExecutionTimeInMs" file="/home/runner/work/develop/develop/packages/framework/tests/Unit/TracksExecutionTimeTest.php" line="37" class="Hyde\Framework\Testing\Unit\TracksExecutionTimeTest" classname="Hyde.Framework.Testing.Unit.TracksExecutionTimeTest" assertions="2" time="0.001529"/>
        <testcase name="testGetExecutionTimeString" file="/home/runner/work/develop/develop/packages/framework/tests/Unit/TracksExecutionTimeTest.php" line="45" class="Hyde\Framework\Testing\Unit\TracksExecutionTimeTest" classname="Hyde.Framework.Testing.Unit.TracksExecutionTimeTest" assertions="2" time="0.001578"/>
      </testsuite>
      <testsuite name="Hyde\Framework\Testing\Unit\UnixsumTest" file="/home/runner/work/develop/develop/packages/framework/tests/Unit/UnixsumTest.php" tests="10" assertions="13" errors="0" failures="0" skipped="0" time="0.014829">
        <testcase name="testMethodReturnsString" file="/home/runner/work/develop/develop/packages/framework/tests/Unit/UnixsumTest.php" line="17" class="Hyde\Framework\Testing\Unit\UnixsumTest" classname="Hyde.Framework.Testing.Unit.UnixsumTest" assertions="1" time="0.001452"/>
        <testcase name="testMethodReturnsStringWithLengthOf32" file="/home/runner/work/develop/develop/packages/framework/tests/Unit/UnixsumTest.php" line="22" class="Hyde\Framework\Testing\Unit\UnixsumTest" classname="Hyde.Framework.Testing.Unit.UnixsumTest" assertions="1" time="0.001360"/>
        <testcase name="testMethodReturnsStringMatchingExpectedFormat" file="/home/runner/work/develop/develop/packages/framework/tests/Unit/UnixsumTest.php" line="27" class="Hyde\Framework\Testing\Unit\UnixsumTest" classname="Hyde.Framework.Testing.Unit.UnixsumTest" assertions="1" time="0.001398"/>
        <testcase name="testMethodReturnsSameValueForSameStringUsingNormalMethod" file="/home/runner/work/develop/develop/packages/framework/tests/Unit/UnixsumTest.php" line="32" class="Hyde\Framework\Testing\Unit\UnixsumTest" classname="Hyde.Framework.Testing.Unit.UnixsumTest" assertions="1" time="0.001346"/>
        <testcase name="testMethodReturnsDifferentValueForDifferentString" file="/home/runner/work/develop/develop/packages/framework/tests/Unit/UnixsumTest.php" line="37" class="Hyde\Framework\Testing\Unit\UnixsumTest" classname="Hyde.Framework.Testing.Unit.UnixsumTest" assertions="1" time="0.001437"/>
        <testcase name="testFunctionIsCaseSensitive" file="/home/runner/work/develop/develop/packages/framework/tests/Unit/UnixsumTest.php" line="42" class="Hyde\Framework\Testing\Unit\UnixsumTest" classname="Hyde.Framework.Testing.Unit.UnixsumTest" assertions="1" time="0.001370"/>
        <testcase name="testFunctionIsSpaceSensitive" file="/home/runner/work/develop/develop/packages/framework/tests/Unit/UnixsumTest.php" line="47" class="Hyde\Framework\Testing\Unit\UnixsumTest" classname="Hyde.Framework.Testing.Unit.UnixsumTest" assertions="1" time="0.001340"/>
        <testcase name="testMethodReturnsSameValueRegardlessOfEndOfLineSequence" file="/home/runner/work/develop/develop/packages/framework/tests/Unit/UnixsumTest.php" line="52" class="Hyde\Framework\Testing\Unit\UnixsumTest" classname="Hyde.Framework.Testing.Unit.UnixsumTest" assertions="4" time="0.001601"/>
        <testcase name="testMethodReturnsSameValueForStringWithMixedEndOfLineSequences" file="/home/runner/work/develop/develop/packages/framework/tests/Unit/UnixsumTest.php" line="60" class="Hyde\Framework\Testing\Unit\UnixsumTest" classname="Hyde.Framework.Testing.Unit.UnixsumTest" assertions="1" time="0.001345"/>
        <testcase name="testMethodReturnsSameValueWhenLoadedFromFileUsingShorthand" file="/home/runner/work/develop/develop/packages/framework/tests/Unit/UnixsumTest.php" line="66" class="Hyde\Framework\Testing\Unit\UnixsumTest" classname="Hyde.Framework.Testing.Unit.UnixsumTest" assertions="1" time="0.002180"/>
      </testsuite>
      <testsuite name="Hyde\Framework\Testing\Unit\UnsupportedPageTypeExceptionTest" file="/home/runner/work/develop/develop/packages/framework/tests/Unit/UnsupportedPageTypeExceptionTest.php" tests="2" assertions="3" errors="0" failures="0" skipped="0" time="0.003061">
        <testcase name="testItCanBeInstantiated" file="/home/runner/work/develop/develop/packages/framework/tests/Unit/UnsupportedPageTypeExceptionTest.php" line="15" class="Hyde\Framework\Testing\Unit\UnsupportedPageTypeExceptionTest" classname="Hyde.Framework.Testing.Unit.UnsupportedPageTypeExceptionTest" assertions="1" time="0.001484"/>
        <testcase name="testItThrowsAnExceptionWhenPageTypeIsNotSupported" file="/home/runner/work/develop/develop/packages/framework/tests/Unit/UnsupportedPageTypeExceptionTest.php" line="22" class="Hyde\Framework\Testing\Unit\UnsupportedPageTypeExceptionTest" classname="Hyde.Framework.Testing.Unit.UnsupportedPageTypeExceptionTest" assertions="2" time="0.001577"/>
      </testsuite>
      <testsuite name="Hyde\Framework\Testing\Unit\ValidatesExistenceTest" file="/home/runner/work/develop/develop/packages/framework/tests/Unit/ValidatesExistenceTest.php" tests="2" assertions="2" errors="0" failures="0" skipped="0" time="0.006937">
        <testcase name="testValidateExistenceDoesNothingIfFileExists" file="/home/runner/work/develop/develop/packages/framework/tests/Unit/ValidatesExistenceTest.php" line="18" class="Hyde\Framework\Testing\Unit\ValidatesExistenceTest" classname="Hyde.Framework.Testing.Unit.ValidatesExistenceTest" assertions="1" time="0.003465"/>
        <testcase name="testValidateExistenceThrowsFileNotFoundExceptionIfFileDoesNotExist" file="/home/runner/work/develop/develop/packages/framework/tests/Unit/ValidatesExistenceTest.php" line="27" class="Hyde\Framework\Testing\Unit\ValidatesExistenceTest" classname="Hyde.Framework.Testing.Unit.ValidatesExistenceTest" assertions="1" time="0.003472"/>
      </testsuite>
      <testsuite name="Hyde\Framework\Testing\Unit\Views\ArticleExcerptViewTest" file="/home/runner/work/develop/develop/packages/framework/tests/Unit/Views/ArticleExcerptViewTest.php" tests="5" assertions="10" errors="0" failures="0" skipped="0" time="0.054606">
        <testcase name="testComponentCanBeRendered" file="/home/runner/work/develop/develop/packages/framework/tests/Unit/Views/ArticleExcerptViewTest.php" line="24" class="Hyde\Framework\Testing\Unit\Views\ArticleExcerptViewTest" classname="Hyde.Framework.Testing.Unit.Views.ArticleExcerptViewTest" assertions="1" time="0.011249"/>
        <testcase name="testComponentRendersPostData" file="/home/runner/work/develop/develop/packages/framework/tests/Unit/Views/ArticleExcerptViewTest.php" line="30" class="Hyde\Framework\Testing\Unit\Views\ArticleExcerptViewTest" classname="Hyde.Framework.Testing.Unit.Views.ArticleExcerptViewTest" assertions="5" time="0.010994"/>
        <testcase name="testComponentRendersPostWithAuthorObject" file="/home/runner/work/develop/develop/packages/framework/tests/Unit/Views/ArticleExcerptViewTest.php" line="46" class="Hyde\Framework\Testing\Unit\Views\ArticleExcerptViewTest" classname="Hyde.Framework.Testing.Unit.Views.ArticleExcerptViewTest" assertions="1" time="0.010551"/>
        <testcase name="testThereIsNoCommaAfterDateStringWhenThereIsNoAuthor" file="/home/runner/work/develop/develop/packages/framework/tests/Unit/Views/ArticleExcerptViewTest.php" line="58" class="Hyde\Framework\Testing\Unit\Views\ArticleExcerptViewTest" classname="Hyde.Framework.Testing.Unit.Views.ArticleExcerptViewTest" assertions="2" time="0.010656"/>
        <testcase name="testThereIsACommaAfterDateStringWhenThereIsAAuthor" file="/home/runner/work/develop/develop/packages/framework/tests/Unit/Views/ArticleExcerptViewTest.php" line="68" class="Hyde\Framework\Testing\Unit\Views\ArticleExcerptViewTest" classname="Hyde.Framework.Testing.Unit.Views.ArticleExcerptViewTest" assertions="1" time="0.011156"/>
      </testsuite>
      <testsuite name="Hyde\Framework\Testing\Unit\Views\Components\LinkComponentTest" file="/home/runner/work/develop/develop/packages/framework/tests/Unit/Views/Components/LinkComponentTest.php" tests="3" assertions="3" errors="0" failures="0" skipped="0" time="0.044634">
        <testcase name="testLinkComponentCanBeRendered" file="/home/runner/work/develop/develop/packages/framework/tests/Unit/Views/Components/LinkComponentTest.php" line="17" class="Hyde\Framework\Testing\Unit\Views\Components\LinkComponentTest" classname="Hyde.Framework.Testing.Unit.Views.Components.LinkComponentTest" assertions="1" time="0.010278"/>
        <testcase name="testLinkComponentCanBeRenderedWithRoute" file="/home/runner/work/develop/develop/packages/framework/tests/Unit/Views/Components/LinkComponentTest.php" line="22" class="Hyde\Framework\Testing\Unit\Views\Components\LinkComponentTest" classname="Hyde.Framework.Testing.Unit.Views.Components.LinkComponentTest" assertions="1" time="0.023817"/>
        <testcase name="testLinkComponentCanBeRenderedWithRouteForNestedPages" file="/home/runner/work/develop/develop/packages/framework/tests/Unit/Views/Components/LinkComponentTest.php" line="29" class="Hyde\Framework\Testing\Unit\Views\Components\LinkComponentTest" classname="Hyde.Framework.Testing.Unit.Views.Components.LinkComponentTest" assertions="1" time="0.010539"/>
      </testsuite>
      <testsuite name="Hyde\Framework\Testing\Unit\Views\FeaturedImageViewTest" file="/home/runner/work/develop/develop/packages/framework/tests/Unit/Views/FeaturedImageViewTest.php" tests="21" assertions="46" errors="0" failures="0" skipped="0" time="0.130159">
        <testcase name="testTheView" file="/home/runner/work/develop/develop/packages/framework/tests/Unit/Views/FeaturedImageViewTest.php" line="18" class="Hyde\Framework\Testing\Unit\Views\FeaturedImageViewTest" classname="Hyde.Framework.Testing.Unit.Views.FeaturedImageViewTest" assertions="9" time="0.006883"/>
        <testcase name="testImageAuthorAttributionString" file="/home/runner/work/develop/develop/packages/framework/tests/Unit/Views/FeaturedImageViewTest.php" line="44" class="Hyde\Framework\Testing\Unit\Views\FeaturedImageViewTest" classname="Hyde.Framework.Testing.Unit.Views.FeaturedImageViewTest" assertions="3" time="0.006093"/>
        <testcase name="testImageAuthorAttributionStringWithUrl" file="/home/runner/work/develop/develop/packages/framework/tests/Unit/Views/FeaturedImageViewTest.php" line="52" class="Hyde\Framework\Testing\Unit\Views\FeaturedImageViewTest" classname="Hyde.Framework.Testing.Unit.Views.FeaturedImageViewTest" assertions="5" time="0.006314"/>
        <testcase name="testCopyrightString" file="/home/runner/work/develop/develop/packages/framework/tests/Unit/Views/FeaturedImageViewTest.php" line="65" class="Hyde\Framework\Testing\Unit\Views\FeaturedImageViewTest" classname="Hyde.Framework.Testing.Unit.Views.FeaturedImageViewTest" assertions="2" time="0.005955"/>
        <testcase name="testCopyrightStringInverse" file="/home/runner/work/develop/develop/packages/framework/tests/Unit/Views/FeaturedImageViewTest.php" line="72" class="Hyde\Framework\Testing\Unit\Views\FeaturedImageViewTest" classname="Hyde.Framework.Testing.Unit.Views.FeaturedImageViewTest" assertions="1" time="0.005998"/>
        <testcase name="testLicenseString" file="/home/runner/work/develop/develop/packages/framework/tests/Unit/Views/FeaturedImageViewTest.php" line="78" class="Hyde\Framework\Testing\Unit\Views\FeaturedImageViewTest" classname="Hyde.Framework.Testing.Unit.Views.FeaturedImageViewTest" assertions="1" time="0.007035"/>
        <testcase name="testLicenseStringWithUrl" file="/home/runner/work/develop/develop/packages/framework/tests/Unit/Views/FeaturedImageViewTest.php" line="85" class="Hyde\Framework\Testing\Unit\Views\FeaturedImageViewTest" classname="Hyde.Framework.Testing.Unit.Views.FeaturedImageViewTest" assertions="1" time="0.006759"/>
        <testcase name="testLicenseStringInverse" file="/home/runner/work/develop/develop/packages/framework/tests/Unit/Views/FeaturedImageViewTest.php" line="96" class="Hyde\Framework\Testing\Unit\Views\FeaturedImageViewTest" classname="Hyde.Framework.Testing.Unit.Views.FeaturedImageViewTest" assertions="2" time="0.006226"/>
        <testcase name="testLicenseStringInverseWithUrl" file="/home/runner/work/develop/develop/packages/framework/tests/Unit/Views/FeaturedImageViewTest.php" line="103" class="Hyde\Framework\Testing\Unit\Views\FeaturedImageViewTest" classname="Hyde.Framework.Testing.Unit.Views.FeaturedImageViewTest" assertions="2" time="0.006062"/>
        <testcase name="testFluentAttributionLogicUsesRichHtmlTags" file="/home/runner/work/develop/develop/packages/framework/tests/Unit/Views/FeaturedImageViewTest.php" line="110" class="Hyde\Framework\Testing\Unit\Views\FeaturedImageViewTest" classname="Hyde.Framework.Testing.Unit.Views.FeaturedImageViewTest" assertions="7" time="0.006496"/>
        <testcase name="testFluentAttributionLogicUsesRichHtmlTags1" file="/home/runner/work/develop/develop/packages/framework/tests/Unit/Views/FeaturedImageViewTest.php" line="129" class="Hyde\Framework\Testing\Unit\Views\FeaturedImageViewTest" classname="Hyde.Framework.Testing.Unit.Views.FeaturedImageViewTest" assertions="2" time="0.006091"/>
        <testcase name="testFluentAttributionLogicUsesRichHtmlTags2" file="/home/runner/work/develop/develop/packages/framework/tests/Unit/Views/FeaturedImageViewTest.php" line="137" class="Hyde\Framework\Testing\Unit\Views\FeaturedImageViewTest" classname="Hyde.Framework.Testing.Unit.Views.FeaturedImageViewTest" assertions="1" time="0.005936"/>
        <testcase name="testFluentAttributionLogicUsesRichHtmlTags3" file="/home/runner/work/develop/develop/packages/framework/tests/Unit/Views/FeaturedImageViewTest.php" line="145" class="Hyde\Framework\Testing\Unit\Views\FeaturedImageViewTest" classname="Hyde.Framework.Testing.Unit.Views.FeaturedImageViewTest" assertions="1" time="0.006111"/>
        <testcase name="testFluentAttributionLogicUsesRichHtmlTags4" file="/home/runner/work/develop/develop/packages/framework/tests/Unit/Views/FeaturedImageViewTest.php" line="153" class="Hyde\Framework\Testing\Unit\Views\FeaturedImageViewTest" classname="Hyde.Framework.Testing.Unit.Views.FeaturedImageViewTest" assertions="2" time="0.006084"/>
        <testcase name="testFluentAttributionLogicCreatesFluentMessages1" file="/home/runner/work/develop/develop/packages/framework/tests/Unit/Views/FeaturedImageViewTest.php" line="161" class="Hyde\Framework\Testing\Unit\Views\FeaturedImageViewTest" classname="Hyde.Framework.Testing.Unit.Views.FeaturedImageViewTest" assertions="1" time="0.006074"/>
        <testcase name="testFluentAttributionLogicCreatesFluentMessages2" file="/home/runner/work/develop/develop/packages/framework/tests/Unit/Views/FeaturedImageViewTest.php" line="175" class="Hyde\Framework\Testing\Unit\Views\FeaturedImageViewTest" classname="Hyde.Framework.Testing.Unit.Views.FeaturedImageViewTest" assertions="1" time="0.006035"/>
        <testcase name="testFluentAttributionLogicCreatesFluentMessages3" file="/home/runner/work/develop/develop/packages/framework/tests/Unit/Views/FeaturedImageViewTest.php" line="188" class="Hyde\Framework\Testing\Unit\Views\FeaturedImageViewTest" classname="Hyde.Framework.Testing.Unit.Views.FeaturedImageViewTest" assertions="1" time="0.006113"/>
        <testcase name="testFluentAttributionLogicCreatesFluentMessages4" file="/home/runner/work/develop/develop/packages/framework/tests/Unit/Views/FeaturedImageViewTest.php" line="202" class="Hyde\Framework\Testing\Unit\Views\FeaturedImageViewTest" classname="Hyde.Framework.Testing.Unit.Views.FeaturedImageViewTest" assertions="1" time="0.005969"/>
        <testcase name="testFluentAttributionLogicCreatesFluentMessages5" file="/home/runner/work/develop/develop/packages/framework/tests/Unit/Views/FeaturedImageViewTest.php" line="215" class="Hyde\Framework\Testing\Unit\Views\FeaturedImageViewTest" classname="Hyde.Framework.Testing.Unit.Views.FeaturedImageViewTest" assertions="1" time="0.006016"/>
        <testcase name="testFluentAttributionLogicCreatesFluentMessages6" file="/home/runner/work/develop/develop/packages/framework/tests/Unit/Views/FeaturedImageViewTest.php" line="228" class="Hyde\Framework\Testing\Unit\Views\FeaturedImageViewTest" classname="Hyde.Framework.Testing.Unit.Views.FeaturedImageViewTest" assertions="1" time="0.005955"/>
        <testcase name="testFluentAttributionLogicCreatesFluentMessages7" file="/home/runner/work/develop/develop/packages/framework/tests/Unit/Views/FeaturedImageViewTest.php" line="241" class="Hyde\Framework\Testing\Unit\Views\FeaturedImageViewTest" classname="Hyde.Framework.Testing.Unit.Views.FeaturedImageViewTest" assertions="1" time="0.005954"/>
      </testsuite>
      <testsuite name="Hyde\Framework\Testing\Unit\Views\HeadComponentViewTest" file="/home/runner/work/develop/develop/packages/framework/tests/Unit/Views/HeadComponentViewTest.php" tests="9" assertions="9" errors="0" failures="0" skipped="0" time="0.065151">
        <testcase name="testComponentCanBeRendered" file="/home/runner/work/develop/develop/packages/framework/tests/Unit/Views/HeadComponentViewTest.php" line="29" class="Hyde\Framework\Testing\Unit\Views\HeadComponentViewTest" classname="Hyde.Framework.Testing.Unit.Views.HeadComponentViewTest" assertions="1" time="0.006063"/>
        <testcase name="testTitleElementUsesPageTitle" file="/home/runner/work/develop/develop/packages/framework/tests/Unit/Views/HeadComponentViewTest.php" line="35" class="Hyde\Framework\Testing\Unit\Views\HeadComponentViewTest" classname="Hyde.Framework.Testing.Unit.Views.HeadComponentViewTest" assertions="1" time="0.008644"/>
        <testcase name="testLinkToFaviconIsNotAddedWhenFileDoesNotExist" file="/home/runner/work/develop/develop/packages/framework/tests/Unit/Views/HeadComponentViewTest.php" line="44" class="Hyde\Framework\Testing\Unit\Views\HeadComponentViewTest" classname="Hyde.Framework.Testing.Unit.Views.HeadComponentViewTest" assertions="1" time="0.005727"/>
        <testcase name="testLinkToFaviconIsAddedWhenFileExists" file="/home/runner/work/develop/develop/packages/framework/tests/Unit/Views/HeadComponentViewTest.php" line="49" class="Hyde\Framework\Testing\Unit\Views\HeadComponentViewTest" classname="Hyde.Framework.Testing.Unit.Views.HeadComponentViewTest" assertions="1" time="0.014852"/>
        <testcase name="testLinkToFaviconUsesRelativeUrl" file="/home/runner/work/develop/develop/packages/framework/tests/Unit/Views/HeadComponentViewTest.php" line="57" class="Hyde\Framework\Testing\Unit\Views\HeadComponentViewTest" classname="Hyde.Framework.Testing.Unit.Views.HeadComponentViewTest" assertions="1" time="0.007141"/>
        <testcase name="testComponentIncludesMetaView" file="/home/runner/work/develop/develop/packages/framework/tests/Unit/Views/HeadComponentViewTest.php" line="65" class="Hyde\Framework\Testing\Unit\Views\HeadComponentViewTest" classname="Hyde.Framework.Testing.Unit.Views.HeadComponentViewTest" assertions="1" time="0.005619"/>
        <testcase name="testComponentIncludesStylesView" file="/home/runner/work/develop/develop/packages/framework/tests/Unit/Views/HeadComponentViewTest.php" line="70" class="Hyde\Framework\Testing\Unit\Views\HeadComponentViewTest" classname="Hyde.Framework.Testing.Unit.Views.HeadComponentViewTest" assertions="1" time="0.005451"/>
        <testcase name="testCanAddHeadHtmlFromConfigHook" file="/home/runner/work/develop/develop/packages/framework/tests/Unit/Views/HeadComponentViewTest.php" line="75" class="Hyde\Framework\Testing\Unit\Views\HeadComponentViewTest" classname="Hyde.Framework.Testing.Unit.Views.HeadComponentViewTest" assertions="1" time="0.005495"/>
        <testcase name="testCanAddHeadHtmlFromHtmlInclude" file="/home/runner/work/develop/develop/packages/framework/tests/Unit/Views/HeadComponentViewTest.php" line="82" class="Hyde\Framework\Testing\Unit\Views\HeadComponentViewTest" classname="Hyde.Framework.Testing.Unit.Views.HeadComponentViewTest" assertions="1" time="0.006160"/>
      </testsuite>
      <testsuite name="Hyde\Framework\Testing\Unit\Views\NavigationBrandViewTest" file="/home/runner/work/develop/develop/packages/framework/tests/Unit/Views/NavigationBrandViewTest.php" tests="2" assertions="3" errors="0" failures="0" skipped="0" time="0.016363">
        <testcase name="testComponentLinksToHomeRoute" file="/home/runner/work/develop/develop/packages/framework/tests/Unit/Views/NavigationBrandViewTest.php" line="29" class="Hyde\Framework\Testing\Unit\Views\NavigationBrandViewTest" classname="Hyde.Framework.Testing.Unit.Views.NavigationBrandViewTest" assertions="1" time="0.008064"/>
        <testcase name="testComponentUsesSiteName" file="/home/runner/work/develop/develop/packages/framework/tests/Unit/Views/NavigationBrandViewTest.php" line="34" class="Hyde\Framework\Testing\Unit\Views\NavigationBrandViewTest" classname="Hyde.Framework.Testing.Unit.Views.NavigationBrandViewTest" assertions="2" time="0.008300"/>
      </testsuite>
      <testsuite name="Hyde\Framework\Testing\Unit\Views\NavigationLinkViewTest" file="/home/runner/work/develop/develop/packages/framework/tests/Unit/Views/NavigationLinkViewTest.php" tests="4" assertions="4" errors="0" failures="0" skipped="0" time="0.023392">
        <testcase name="testComponentLinksToRouteDestination" file="/home/runner/work/develop/develop/packages/framework/tests/Unit/Views/NavigationLinkViewTest.php" line="30" class="Hyde\Framework\Testing\Unit\Views\NavigationLinkViewTest" classname="Hyde.Framework.Testing.Unit.Views.NavigationLinkViewTest" assertions="1" time="0.004135"/>
        <testcase name="testComponentUsesTitle" file="/home/runner/work/develop/develop/packages/framework/tests/Unit/Views/NavigationLinkViewTest.php" line="35" class="Hyde\Framework\Testing\Unit\Views\NavigationLinkViewTest" classname="Hyde.Framework.Testing.Unit.Views.NavigationLinkViewTest" assertions="1" time="0.003981"/>
        <testcase name="testComponentIsCurrentWhenCurrentRouteMatches" file="/home/runner/work/develop/develop/packages/framework/tests/Unit/Views/NavigationLinkViewTest.php" line="40" class="Hyde\Framework\Testing\Unit\Views\NavigationLinkViewTest" classname="Hyde.Framework.Testing.Unit.Views.NavigationLinkViewTest" assertions="1" time="0.007671"/>
        <testcase name="testComponentHasAriaCurrentWhenCurrentRouteMatches" file="/home/runner/work/develop/develop/packages/framework/tests/Unit/Views/NavigationLinkViewTest.php" line="46" class="Hyde\Framework\Testing\Unit\Views\NavigationLinkViewTest" classname="Hyde.Framework.Testing.Unit.Views.NavigationLinkViewTest" assertions="1" time="0.007606"/>
      </testsuite>
      <testsuite name="Hyde\Framework\Testing\Unit\Views\NavigationMenuViewTest" file="/home/runner/work/develop/develop/packages/framework/tests/Unit/Views/NavigationMenuViewTest.php" tests="11" assertions="18" errors="0" failures="0" skipped="0" time="0.160533">
        <testcase name="testComponentCanBeRendered" file="/home/runner/work/develop/develop/packages/framework/tests/Unit/Views/NavigationMenuViewTest.php" line="30" class="Hyde\Framework\Testing\Unit\Views\NavigationMenuViewTest" classname="Hyde.Framework.Testing.Unit.Views.NavigationMenuViewTest" assertions="1" time="0.009019"/>
        <testcase name="testComponentContainsDarkModeButton" file="/home/runner/work/develop/develop/packages/framework/tests/Unit/Views/NavigationMenuViewTest.php" line="35" class="Hyde\Framework\Testing\Unit\Views\NavigationMenuViewTest" classname="Hyde.Framework.Testing.Unit.Views.NavigationMenuViewTest" assertions="1" time="0.008936"/>
        <testcase name="testComponentContainsNavigationMenuToggleButton" file="/home/runner/work/develop/develop/packages/framework/tests/Unit/Views/NavigationMenuViewTest.php" line="40" class="Hyde\Framework\Testing\Unit\Views\NavigationMenuViewTest" classname="Hyde.Framework.Testing.Unit.Views.NavigationMenuViewTest" assertions="1" time="0.008631"/>
        <testcase name="testComponentContainsMainNavigationLinks" file="/home/runner/work/develop/develop/packages/framework/tests/Unit/Views/NavigationMenuViewTest.php" line="45" class="Hyde\Framework\Testing\Unit\Views\NavigationMenuViewTest" classname="Hyde.Framework.Testing.Unit.Views.NavigationMenuViewTest" assertions="1" time="0.008727"/>
        <testcase name="testComponentContainsIndexHtmlLink" file="/home/runner/work/develop/develop/packages/framework/tests/Unit/Views/NavigationMenuViewTest.php" line="50" class="Hyde\Framework\Testing\Unit\Views\NavigationMenuViewTest" classname="Hyde.Framework.Testing.Unit.Views.NavigationMenuViewTest" assertions="1" time="0.008717"/>
        <testcase name="testComponentNotContains404HtmlLink" file="/home/runner/work/develop/develop/packages/framework/tests/Unit/Views/NavigationMenuViewTest.php" line="55" class="Hyde\Framework\Testing\Unit\Views\NavigationMenuViewTest" classname="Hyde.Framework.Testing.Unit.Views.NavigationMenuViewTest" assertions="1" time="0.008731"/>
        <testcase name="testNavigationMenuWithRootPages" file="/home/runner/work/develop/develop/packages/framework/tests/Unit/Views/NavigationMenuViewTest.php" line="60" class="Hyde\Framework\Testing\Unit\Views\NavigationMenuViewTest" classname="Hyde.Framework.Testing.Unit.Views.NavigationMenuViewTest" assertions="2" time="0.017143"/>
        <testcase name="testNavigationMenuWithDropdownPages" file="/home/runner/work/develop/develop/packages/framework/tests/Unit/Views/NavigationMenuViewTest.php" line="77" class="Hyde\Framework\Testing\Unit\Views\NavigationMenuViewTest" classname="Hyde.Framework.Testing.Unit.Views.NavigationMenuViewTest" assertions="4" time="0.020471"/>
        <testcase name="testNavigationMenuWithDropdownPagesWithRootGroupPage" file="/home/runner/work/develop/develop/packages/framework/tests/Unit/Views/NavigationMenuViewTest.php" line="103" class="Hyde\Framework\Testing\Unit\Views\NavigationMenuViewTest" classname="Hyde.Framework.Testing.Unit.Views.NavigationMenuViewTest" assertions="4" time="0.018508"/>
        <testcase name="testNavigationMenuLabelCanBeChangedInFrontMatter" file="/home/runner/work/develop/develop/packages/framework/tests/Unit/Views/NavigationMenuViewTest.php" line="129" class="Hyde\Framework\Testing\Unit\Views\NavigationMenuViewTest" classname="Hyde.Framework.Testing.Unit.Views.NavigationMenuViewTest" assertions="1" time="0.032499"/>
        <testcase name="testNavigationMenuLabelCanBeChangedInBladeMatter" file="/home/runner/work/develop/develop/packages/framework/tests/Unit/Views/NavigationMenuViewTest.php" line="143" class="Hyde\Framework\Testing\Unit\Views\NavigationMenuViewTest" classname="Hyde.Framework.Testing.Unit.Views.NavigationMenuViewTest" assertions="1" time="0.019150"/>
      </testsuite>
      <testsuite name="Hyde\Framework\Testing\Unit\Views\ScriptsComponentViewTest" file="/home/runner/work/develop/develop/packages/framework/tests/Unit/Views/ScriptsComponentViewTest.php" tests="7" assertions="9" errors="0" failures="0" skipped="0" time="0.044632">
        <testcase name="testComponentCanBeRendered" file="/home/runner/work/develop/develop/packages/framework/tests/Unit/Views/ScriptsComponentViewTest.php" line="29" class="Hyde\Framework\Testing\Unit\Views\ScriptsComponentViewTest" classname="Hyde.Framework.Testing.Unit.Views.ScriptsComponentViewTest" assertions="1" time="0.006446"/>
        <testcase name="testComponentHasLinkToAppJsFileWhenItExists" file="/home/runner/work/develop/develop/packages/framework/tests/Unit/Views/ScriptsComponentViewTest.php" line="34" class="Hyde\Framework\Testing\Unit\Views\ScriptsComponentViewTest" classname="Hyde.Framework.Testing.Unit.Views.ScriptsComponentViewTest" assertions="1" time="0.006607"/>
        <testcase name="testComponentDoesNotRenderLinkToAppJsWhenItDoesNotExist" file="/home/runner/work/develop/develop/packages/framework/tests/Unit/Views/ScriptsComponentViewTest.php" line="41" class="Hyde\Framework\Testing\Unit\Views\ScriptsComponentViewTest" classname="Hyde.Framework.Testing.Unit.Views.ScriptsComponentViewTest" assertions="1" time="0.006343"/>
        <testcase name="testComponentUsesRelativePathToAppJsFileForNestedPages" file="/home/runner/work/develop/develop/packages/framework/tests/Unit/Views/ScriptsComponentViewTest.php" line="46" class="Hyde\Framework\Testing\Unit\Views\ScriptsComponentViewTest" classname="Hyde.Framework.Testing.Unit.Views.ScriptsComponentViewTest" assertions="3" time="0.009303"/>
        <testcase name="testCanAddScriptsHtmlFromConfigHook" file="/home/runner/work/develop/develop/packages/framework/tests/Unit/Views/ScriptsComponentViewTest.php" line="59" class="Hyde\Framework\Testing\Unit\Views\ScriptsComponentViewTest" classname="Hyde.Framework.Testing.Unit.Views.ScriptsComponentViewTest" assertions="1" time="0.005308"/>
        <testcase name="testCanAddScriptsHtmlFromHtmlInclude" file="/home/runner/work/develop/develop/packages/framework/tests/Unit/Views/ScriptsComponentViewTest.php" line="66" class="Hyde\Framework\Testing\Unit\Views\ScriptsComponentViewTest" classname="Hyde.Framework.Testing.Unit.Views.ScriptsComponentViewTest" assertions="1" time="0.005783"/>
        <testcase name="testScriptsCanBePushedToTheComponentScriptsStack" file="/home/runner/work/develop/develop/packages/framework/tests/Unit/Views/ScriptsComponentViewTest.php" line="73" class="Hyde\Framework\Testing\Unit\Views\ScriptsComponentViewTest" classname="Hyde.Framework.Testing.Unit.Views.ScriptsComponentViewTest" assertions="1" time="0.004841"/>
      </testsuite>
      <testsuite name="Hyde\Framework\Testing\Unit\Views\StylesComponentViewTest" file="/home/runner/work/develop/develop/packages/framework/tests/Unit/Views/StylesComponentViewTest.php" tests="9" assertions="11" errors="0" failures="0" skipped="0" time="0.058432">
        <testcase name="testComponentCanBeRendered" file="/home/runner/work/develop/develop/packages/framework/tests/Unit/Views/StylesComponentViewTest.php" line="31" class="Hyde\Framework\Testing\Unit\Views\StylesComponentViewTest" classname="Hyde.Framework.Testing.Unit.Views.StylesComponentViewTest" assertions="1" time="0.006475"/>
        <testcase name="testComponentHasLinkToAppCssFile" file="/home/runner/work/develop/develop/packages/framework/tests/Unit/Views/StylesComponentViewTest.php" line="36" class="Hyde\Framework\Testing\Unit\Views\StylesComponentViewTest" classname="Hyde.Framework.Testing.Unit.Views.StylesComponentViewTest" assertions="1" time="0.006119"/>
        <testcase name="testComponentUsesRelativePathToAppCssFileForNestedPages" file="/home/runner/work/develop/develop/packages/framework/tests/Unit/Views/StylesComponentViewTest.php" line="41" class="Hyde\Framework\Testing\Unit\Views\StylesComponentViewTest" classname="Hyde.Framework.Testing.Unit.Views.StylesComponentViewTest" assertions="3" time="0.008832"/>
        <testcase name="testComponentDoesNotRenderLinkToAppCssWhenItDoesNotExist" file="/home/runner/work/develop/develop/packages/framework/tests/Unit/Views/StylesComponentViewTest.php" line="52" class="Hyde\Framework\Testing\Unit\Views\StylesComponentViewTest" classname="Hyde.Framework.Testing.Unit.Views.StylesComponentViewTest" assertions="1" time="0.006335"/>
        <testcase name="testStylesCanBePushedToTheComponentStylesStack" file="/home/runner/work/develop/develop/packages/framework/tests/Unit/Views/StylesComponentViewTest.php" line="59" class="Hyde\Framework\Testing\Unit\Views\StylesComponentViewTest" classname="Hyde.Framework.Testing.Unit.Views.StylesComponentViewTest" assertions="1" time="0.005431"/>
        <testcase name="testComponentRendersTailwindPlayCdnLinkWhenEnabledInConfig" file="/home/runner/work/develop/develop/packages/framework/tests/Unit/Views/StylesComponentViewTest.php" line="74" class="Hyde\Framework\Testing\Unit\Views\StylesComponentViewTest" classname="Hyde.Framework.Testing.Unit.Views.StylesComponentViewTest" assertions="1" time="0.006573"/>
        <testcase name="testComponentRendersAppCdnLinkWhenEnabledInConfig" file="/home/runner/work/develop/develop/packages/framework/tests/Unit/Views/StylesComponentViewTest.php" line="80" class="Hyde\Framework\Testing\Unit\Views\StylesComponentViewTest" classname="Hyde.Framework.Testing.Unit.Views.StylesComponentViewTest" assertions="1" time="0.006061"/>
        <testcase name="testComponentDoesNotRenderLinkToLocalAppCssWhenCdnLinkIsEnabledInConfig" file="/home/runner/work/develop/develop/packages/framework/tests/Unit/Views/StylesComponentViewTest.php" line="86" class="Hyde\Framework\Testing\Unit\Views\StylesComponentViewTest" classname="Hyde.Framework.Testing.Unit.Views.StylesComponentViewTest" assertions="1" time="0.006168"/>
        <testcase name="testComponentDoesNotRenderCdnLinkWhenALocalFileExists" file="/home/runner/work/develop/develop/packages/framework/tests/Unit/Views/StylesComponentViewTest.php" line="92" class="Hyde\Framework\Testing\Unit\Views\StylesComponentViewTest" classname="Hyde.Framework.Testing.Unit.Views.StylesComponentViewTest" assertions="1" time="0.006439"/>
      </testsuite>
    </testsuite>
    <testsuite name="Publications" tests="358" assertions="933" errors="0" failures="0" skipped="0" time="3.505788">
      <testsuite name="Hyde\Publications\Testing\Feature\CreateActionTest" file="/home/runner/work/develop/develop/packages/publications/tests/Feature/CreateActionTest.php" tests="7" assertions="15" errors="0" failures="0" skipped="0" time="0.026242">
        <testcase name="testCreate" file="/home/runner/work/develop/develop/packages/publications/tests/Feature/CreateActionTest.php" line="18" class="Hyde\Publications\Testing\Feature\CreateActionTest" classname="Hyde.Publications.Testing.Feature.CreateActionTest" assertions="2" time="0.003871"/>
        <testcase name="testWithConflict" file="/home/runner/work/develop/develop/packages/publications/tests/Feature/CreateActionTest.php" line="29" class="Hyde\Publications\Testing\Feature\CreateActionTest" classname="Hyde.Publications.Testing.Feature.CreateActionTest" assertions="1" time="0.003244"/>
        <testcase name="testWithConflictForce" file="/home/runner/work/develop/develop/packages/publications/tests/Feature/CreateActionTest.php" line="42" class="Hyde\Publications\Testing\Feature\CreateActionTest" classname="Hyde.Publications.Testing.Feature.CreateActionTest" assertions="1" time="0.004767"/>
        <testcase name="testOutputPathHelpers" file="/home/runner/work/develop/develop/packages/publications/tests/Feature/CreateActionTest.php" line="53" class="Hyde\Publications\Testing\Feature\CreateActionTest" classname="Hyde.Publications.Testing.Feature.CreateActionTest" assertions="2" time="0.003285"/>
        <testcase name="testConflictPredictionHelpers" file="/home/runner/work/develop/develop/packages/publications/tests/Feature/CreateActionTest.php" line="62" class="Hyde\Publications\Testing\Feature\CreateActionTest" classname="Hyde.Publications.Testing.Feature.CreateActionTest" assertions="6" time="0.003923"/>
        <testcase name="testCanSaveToSubdirectory" file="/home/runner/work/develop/develop/packages/publications/tests/Feature/CreateActionTest.php" line="82" class="Hyde\Publications\Testing\Feature\CreateActionTest" classname="Hyde.Publications.Testing.Feature.CreateActionTest" assertions="2" time="0.003995"/>
        <testcase name="testFormatStringForStorage" file="/home/runner/work/develop/develop/packages/publications/tests/Feature/CreateActionTest.php" line="94" class="Hyde\Publications\Testing\Feature\CreateActionTest" classname="Hyde.Publications.Testing.Feature.CreateActionTest" assertions="1" time="0.003157"/>
      </testsuite>
      <testsuite name="Hyde\Publications\Testing\Feature\CreatesNewPublicationPageTest" file="/home/runner/work/develop/develop/packages/publications/tests/Feature/CreatesNewPublicationPageTest.php" tests="6" assertions="13" errors="0" failures="0" skipped="0" time="0.123009">
        <testcase name="testCreate" file="/home/runner/work/develop/develop/packages/publications/tests/Feature/CreatesNewPublicationPageTest.php" line="39" class="Hyde\Publications\Testing\Feature\CreatesNewPublicationPageTest" classname="Hyde.Publications.Testing.Feature.CreatesNewPublicationPageTest" assertions="2" time="0.099401"/>
        <testcase name="testWithTextType" file="/home/runner/work/develop/develop/packages/publications/tests/Feature/CreatesNewPublicationPageTest.php" line="66" class="Hyde\Publications\Testing\Feature\CreatesNewPublicationPageTest" classname="Hyde.Publications.Testing.Feature.CreatesNewPublicationPageTest" assertions="2" time="0.005011"/>
        <testcase name="testWithArrayType" file="/home/runner/work/develop/develop/packages/publications/tests/Feature/CreatesNewPublicationPageTest.php" line="96" class="Hyde\Publications\Testing\Feature\CreatesNewPublicationPageTest" classname="Hyde.Publications.Testing.Feature.CreatesNewPublicationPageTest" assertions="2" time="0.004600"/>
        <testcase name="testCreateWithoutSupplyingCanonicalField" file="/home/runner/work/develop/develop/packages/publications/tests/Feature/CreatesNewPublicationPageTest.php" line="125" class="Hyde\Publications\Testing\Feature\CreatesNewPublicationPageTest" classname="Hyde.Publications.Testing.Feature.CreatesNewPublicationPageTest" assertions="2" time="0.003870"/>
        <testcase name="testCreateWithoutSupplyingRequiredField" file="/home/runner/work/develop/develop/packages/publications/tests/Feature/CreatesNewPublicationPageTest.php" line="140" class="Hyde\Publications\Testing\Feature\CreatesNewPublicationPageTest" classname="Hyde.Publications.Testing.Feature.CreatesNewPublicationPageTest" assertions="2" time="0.004577"/>
        <testcase name="testItCreatesValidYaml" file="/home/runner/work/develop/develop/packages/publications/tests/Feature/CreatesNewPublicationPageTest.php" line="163" class="Hyde\Publications\Testing\Feature\CreatesNewPublicationPageTest" classname="Hyde.Publications.Testing.Feature.CreatesNewPublicationPageTest" assertions="3" time="0.005551"/>
      </testsuite>
      <testsuite name="Hyde\Publications\Testing\Feature\CreatesNewPublicationTypeTest" file="/home/runner/work/develop/develop/packages/publications/tests/Feature/CreatesNewPublicationTypeTest.php" tests="4" assertions="20" errors="0" failures="0" skipped="0" time="0.030054">
        <testcase name="testItCreatesANewPublicationType" file="/home/runner/work/develop/develop/packages/publications/tests/Feature/CreatesNewPublicationTypeTest.php" line="27" class="Hyde\Publications\Testing\Feature\CreatesNewPublicationTypeTest" classname="Hyde.Publications.Testing.Feature.CreatesNewPublicationTypeTest" assertions="2" time="0.014776"/>
        <testcase name="testCreateWithDefaultParameters" file="/home/runner/work/develop/develop/packages/publications/tests/Feature/CreatesNewPublicationTypeTest.php" line="55" class="Hyde\Publications\Testing\Feature\CreatesNewPublicationTypeTest" classname="Hyde.Publications.Testing.Feature.CreatesNewPublicationTypeTest" assertions="2" time="0.004703"/>
        <testcase name="testItCreatesListAndDetailPages" file="/home/runner/work/develop/develop/packages/publications/tests/Feature/CreatesNewPublicationTypeTest.php" line="79" class="Hyde\Publications\Testing\Feature\CreatesNewPublicationTypeTest" classname="Hyde.Publications.Testing.Feature.CreatesNewPublicationTypeTest" assertions="8" time="0.005270"/>
        <testcase name="testItUsesThePaginatedListViewWhenPaginationIsEnabled" file="/home/runner/work/develop/develop/packages/publications/tests/Feature/CreatesNewPublicationTypeTest.php" line="99" class="Hyde\Publications\Testing\Feature\CreatesNewPublicationTypeTest" classname="Hyde.Publications.Testing.Feature.CreatesNewPublicationTypeTest" assertions="8" time="0.005306"/>
      </testsuite>
      <testsuite name="Hyde\Publications\Testing\Feature\GeneratesPublicationTagPagesTest" file="/home/runner/work/develop/develop/packages/publications/tests/Feature/GeneratesPublicationTagPagesTest.php" tests="7" assertions="18" errors="0" failures="0" skipped="0" time="0.160370">
        <testcase name="testTagsIndexPageIsGeneratedWhenTagsAreUsed" file="/home/runner/work/develop/develop/packages/publications/tests/Feature/GeneratesPublicationTagPagesTest.php" line="19" class="Hyde\Publications\Testing\Feature\GeneratesPublicationTagPagesTest" classname="Hyde.Publications.Testing.Feature.GeneratesPublicationTagPagesTest" assertions="2" time="0.032182"/>
        <testcase name="testTagsIndexPageIsNotGeneratedWhenTagsAreNotUsed" file="/home/runner/work/develop/develop/packages/publications/tests/Feature/GeneratesPublicationTagPagesTest.php" line="51" class="Hyde\Publications\Testing\Feature\GeneratesPublicationTagPagesTest" classname="Hyde.Publications.Testing.Feature.GeneratesPublicationTagPagesTest" assertions="1" time="0.008562"/>
        <testcase name="testTagsPagesForPublicationsAreGeneratedForUsedTag" file="/home/runner/work/develop/develop/packages/publications/tests/Feature/GeneratesPublicationTagPagesTest.php" line="61" class="Hyde\Publications\Testing\Feature\GeneratesPublicationTagPagesTest" classname="Hyde.Publications.Testing.Feature.GeneratesPublicationTagPagesTest" assertions="1" time="0.018862"/>
        <testcase name="testTagsPagesForPublicationsAreGeneratedForUsedTagsWithPublicationTagsArray" file="/home/runner/work/develop/develop/packages/publications/tests/Feature/GeneratesPublicationTagPagesTest.php" line="81" class="Hyde\Publications\Testing\Feature\GeneratesPublicationTagPagesTest" classname="Hyde.Publications.Testing.Feature.GeneratesPublicationTagPagesTest" assertions="1" time="0.020419"/>
        <testcase name="testTagsPagesForPublicationsAreNotGeneratedWhenNoTagsAreUsed" file="/home/runner/work/develop/develop/packages/publications/tests/Feature/GeneratesPublicationTagPagesTest.php" line="102" class="Hyde\Publications\Testing\Feature\GeneratesPublicationTagPagesTest" classname="Hyde.Publications.Testing.Feature.GeneratesPublicationTagPagesTest" assertions="1" time="0.017045"/>
        <testcase name="testGeneratedIndexPage" file="/home/runner/work/develop/develop/packages/publications/tests/Feature/GeneratesPublicationTagPagesTest.php" line="119" class="Hyde\Publications\Testing\Feature\GeneratesPublicationTagPagesTest" classname="Hyde.Publications.Testing.Feature.GeneratesPublicationTagPagesTest" assertions="6" time="0.031050"/>
        <testcase name="testGeneratedDetailPage" file="/home/runner/work/develop/develop/packages/publications/tests/Feature/GeneratesPublicationTagPagesTest.php" line="143" class="Hyde\Publications\Testing\Feature\GeneratesPublicationTagPagesTest" classname="Hyde.Publications.Testing.Feature.GeneratesPublicationTagPagesTest" assertions="6" time="0.032251"/>
      </testsuite>
      <testsuite name="Hyde\Publications\Testing\Feature\InputStreamHandlerTest" file="/home/runner/work/develop/develop/packages/publications/tests/Feature/InputStreamHandlerTest.php" tests="10" assertions="17" errors="0" failures="0" skipped="0" time="0.046157">
        <testcase name="testCanCollectInput" file="/home/runner/work/develop/develop/packages/publications/tests/Feature/InputStreamHandlerTest.php" line="18" class="Hyde\Publications\Testing\Feature\InputStreamHandlerTest" classname="Hyde.Publications.Testing.Feature.InputStreamHandlerTest" assertions="2" time="0.014115"/>
        <testcase name="testCanTerminateWithHereSequence" file="/home/runner/work/develop/develop/packages/publications/tests/Feature/InputStreamHandlerTest.php" line="25" class="Hyde\Publications\Testing\Feature\InputStreamHandlerTest" classname="Hyde.Publications.Testing.Feature.InputStreamHandlerTest" assertions="2" time="0.005181"/>
        <testcase name="testCanTerminateWithHereSequenceAfterCarriageReturns" file="/home/runner/work/develop/develop/packages/publications/tests/Feature/InputStreamHandlerTest.php" line="32" class="Hyde\Publications\Testing\Feature\InputStreamHandlerTest" classname="Hyde.Publications.Testing.Feature.InputStreamHandlerTest" assertions="2" time="0.003561"/>
        <testcase name="testCanTerminateWithEndOfTransmissionSequence" file="/home/runner/work/develop/develop/packages/publications/tests/Feature/InputStreamHandlerTest.php" line="39" class="Hyde\Publications\Testing\Feature\InputStreamHandlerTest" classname="Hyde.Publications.Testing.Feature.InputStreamHandlerTest" assertions="2" time="0.003535"/>
        <testcase name="testCanCollectMultipleInputLines" file="/home/runner/work/develop/develop/packages/publications/tests/Feature/InputStreamHandlerTest.php" line="46" class="Hyde\Publications\Testing\Feature\InputStreamHandlerTest" classname="Hyde.Publications.Testing.Feature.InputStreamHandlerTest" assertions="2" time="0.003506"/>
        <testcase name="testCanEnterMultipleCarriageReturns" file="/home/runner/work/develop/develop/packages/publications/tests/Feature/InputStreamHandlerTest.php" line="53" class="Hyde\Publications\Testing\Feature\InputStreamHandlerTest" classname="Hyde.Publications.Testing.Feature.InputStreamHandlerTest" assertions="2" time="0.003540"/>
        <testcase name="testCanEnterMultipleUnixEndings" file="/home/runner/work/develop/develop/packages/publications/tests/Feature/InputStreamHandlerTest.php" line="60" class="Hyde\Publications\Testing\Feature\InputStreamHandlerTest" classname="Hyde.Publications.Testing.Feature.InputStreamHandlerTest" assertions="2" time="0.003517"/>
        <testcase name="testTerminationMessage" file="/home/runner/work/develop/develop/packages/publications/tests/Feature/InputStreamHandlerTest.php" line="67" class="Hyde\Publications\Testing\Feature\InputStreamHandlerTest" classname="Hyde.Publications.Testing.Feature.InputStreamHandlerTest" assertions="1" time="0.003081"/>
        <testcase name="testTerminationSequenceConstant" file="/home/runner/work/develop/develop/packages/publications/tests/Feature/InputStreamHandlerTest.php" line="78" class="Hyde\Publications\Testing\Feature\InputStreamHandlerTest" classname="Hyde.Publications.Testing.Feature.InputStreamHandlerTest" assertions="1" time="0.003063"/>
        <testcase name="testEndOfTransmissionConstant" file="/home/runner/work/develop/develop/packages/publications/tests/Feature/InputStreamHandlerTest.php" line="83" class="Hyde\Publications\Testing\Feature\InputStreamHandlerTest" classname="Hyde.Publications.Testing.Feature.InputStreamHandlerTest" assertions="1" time="0.003059"/>
      </testsuite>
      <testsuite name="Hyde\Publications\Testing\Feature\MakePublicationCommandTest" file="/home/runner/work/develop/develop/packages/publications/tests/Feature/MakePublicationCommandTest.php" tests="23" assertions="121" errors="0" failures="0" skipped="0" time="0.258145">
        <testcase name="testCommandCreatesPublication" file="/home/runner/work/develop/develop/packages/publications/tests/Feature/MakePublicationCommandTest.php" line="34" class="Hyde\Publications\Testing\Feature\MakePublicationCommandTest" classname="Hyde.Publications.Testing.Feature.MakePublicationCommandTest" assertions="9" time="0.016448"/>
        <testcase name="testCommandWithNoPublicationTypes" file="/home/runner/work/develop/develop/packages/publications/tests/Feature/MakePublicationCommandTest.php" line="50" class="Hyde\Publications\Testing\Feature\MakePublicationCommandTest" classname="Hyde.Publications.Testing.Feature.MakePublicationCommandTest" assertions="3" time="0.006600"/>
        <testcase name="testCommandSelectsTheRightPublicationUsingTheNames" file="/home/runner/work/develop/develop/packages/publications/tests/Feature/MakePublicationCommandTest.php" line="59" class="Hyde\Publications\Testing\Feature\MakePublicationCommandTest" classname="Hyde.Publications.Testing.Feature.MakePublicationCommandTest" assertions="12" time="0.013884"/>
        <testcase name="testCommandWithExistingPublication" file="/home/runner/work/develop/develop/packages/publications/tests/Feature/MakePublicationCommandTest.php" line="101" class="Hyde\Publications\Testing\Feature\MakePublicationCommandTest" classname="Hyde.Publications.Testing.Feature.MakePublicationCommandTest" assertions="10" time="0.009899"/>
        <testcase name="testCommandWithExistingPublicationAndOverwrite" file="/home/runner/work/develop/develop/packages/publications/tests/Feature/MakePublicationCommandTest.php" line="119" class="Hyde\Publications\Testing\Feature\MakePublicationCommandTest" classname="Hyde.Publications.Testing.Feature.MakePublicationCommandTest" assertions="8" time="0.010453"/>
        <testcase name="testCanOverwriteExistingPublicationByPassingForceFlag" file="/home/runner/work/develop/develop/packages/publications/tests/Feature/MakePublicationCommandTest.php" line="135" class="Hyde\Publications\Testing\Feature\MakePublicationCommandTest" classname="Hyde.Publications.Testing.Feature.MakePublicationCommandTest" assertions="6" time="0.009938"/>
        <testcase name="testCommandWithPublicationTypePassedAsArgument" file="/home/runner/work/develop/develop/packages/publications/tests/Feature/MakePublicationCommandTest.php" line="149" class="Hyde\Publications\Testing\Feature\MakePublicationCommandTest" classname="Hyde.Publications.Testing.Feature.MakePublicationCommandTest" assertions="6" time="0.009665"/>
        <testcase name="testCommandWithInvalidPublicationTypePassedAsArgument" file="/home/runner/work/develop/develop/packages/publications/tests/Feature/MakePublicationCommandTest.php" line="163" class="Hyde\Publications\Testing\Feature\MakePublicationCommandTest" classname="Hyde.Publications.Testing.Feature.MakePublicationCommandTest" assertions="2" time="0.006984"/>
        <testcase name="testCommandWithSchemaUsingCanonicalMetaField" file="/home/runner/work/develop/develop/packages/publications/tests/Feature/MakePublicationCommandTest.php" line="173" class="Hyde\Publications\Testing\Feature\MakePublicationCommandTest" classname="Hyde.Publications.Testing.Feature.MakePublicationCommandTest" assertions="3" time="0.009652"/>
        <testcase name="testCommandDoesNotAskUserToFillInMetaFields" file="/home/runner/work/develop/develop/packages/publications/tests/Feature/MakePublicationCommandTest.php" line="196" class="Hyde\Publications\Testing\Feature\MakePublicationCommandTest" classname="Hyde.Publications.Testing.Feature.MakePublicationCommandTest" assertions="4" time="0.009101"/>
        <testcase name="testCommandWithTextInput" file="/home/runner/work/develop/develop/packages/publications/tests/Feature/MakePublicationCommandTest.php" line="214" class="Hyde\Publications\Testing\Feature\MakePublicationCommandTest" classname="Hyde.Publications.Testing.Feature.MakePublicationCommandTest" assertions="3" time="0.009060"/>
        <testcase name="testCommandWithBooleanInput" file="/home/runner/work/develop/develop/packages/publications/tests/Feature/MakePublicationCommandTest.php" line="236" class="Hyde\Publications\Testing\Feature\MakePublicationCommandTest" classname="Hyde.Publications.Testing.Feature.MakePublicationCommandTest" assertions="4" time="0.009141"/>
        <testcase name="testCommandWithArrayInput" file="/home/runner/work/develop/develop/packages/publications/tests/Feature/MakePublicationCommandTest.php" line="254" class="Hyde\Publications\Testing\Feature\MakePublicationCommandTest" classname="Hyde.Publications.Testing.Feature.MakePublicationCommandTest" assertions="3" time="0.009040"/>
        <testcase name="testCommandWithMediaInput" file="/home/runner/work/develop/develop/packages/publications/tests/Feature/MakePublicationCommandTest.php" line="278" class="Hyde\Publications\Testing\Feature\MakePublicationCommandTest" classname="Hyde.Publications.Testing.Feature.MakePublicationCommandTest" assertions="4" time="0.010555"/>
        <testcase name="testMediaInputSelectsTheRightFile" file="/home/runner/work/develop/develop/packages/publications/tests/Feature/MakePublicationCommandTest.php" line="299" class="Hyde\Publications\Testing\Feature\MakePublicationCommandTest" classname="Hyde.Publications.Testing.Feature.MakePublicationCommandTest" assertions="4" time="0.011593"/>
        <testcase name="testCommandWithSingleTagInput" file="/home/runner/work/develop/develop/packages/publications/tests/Feature/MakePublicationCommandTest.php" line="323" class="Hyde\Publications\Testing\Feature\MakePublicationCommandTest" classname="Hyde.Publications.Testing.Feature.MakePublicationCommandTest" assertions="5" time="0.020151"/>
        <testcase name="testCommandWithMultipleTagInputs" file="/home/runner/work/develop/develop/packages/publications/tests/Feature/MakePublicationCommandTest.php" line="347" class="Hyde\Publications\Testing\Feature\MakePublicationCommandTest" classname="Hyde.Publications.Testing.Feature.MakePublicationCommandTest" assertions="5" time="0.019591"/>
        <testcase name="testMediaInputWithNoImages" file="/home/runner/work/develop/develop/packages/publications/tests/Feature/MakePublicationCommandTest.php" line="372" class="Hyde\Publications\Testing\Feature\MakePublicationCommandTest" classname="Hyde.Publications.Testing.Feature.MakePublicationCommandTest" assertions="5" time="0.009220"/>
        <testcase name="testMediaInputWithNoFilesButSkips" file="/home/runner/work/develop/develop/packages/publications/tests/Feature/MakePublicationCommandTest.php" line="393" class="Hyde\Publications\Testing\Feature\MakePublicationCommandTest" classname="Hyde.Publications.Testing.Feature.MakePublicationCommandTest" assertions="6" time="0.010663"/>
        <testcase name="testTagInputWithNoTags" file="/home/runner/work/develop/develop/packages/publications/tests/Feature/MakePublicationCommandTest.php" line="423" class="Hyde\Publications\Testing\Feature\MakePublicationCommandTest" classname="Hyde.Publications.Testing.Feature.MakePublicationCommandTest" assertions="3" time="0.014147"/>
        <testcase name="testHandleEmptyOptionsCollectionForRequiredField" file="/home/runner/work/develop/develop/packages/publications/tests/Feature/MakePublicationCommandTest.php" line="442" class="Hyde\Publications\Testing\Feature\MakePublicationCommandTest" classname="Hyde.Publications.Testing.Feature.MakePublicationCommandTest" assertions="3" time="0.008572"/>
        <testcase name="testWithCustomValidationRules" file="/home/runner/work/develop/develop/packages/publications/tests/Feature/MakePublicationCommandTest.php" line="461" class="Hyde\Publications\Testing\Feature\MakePublicationCommandTest" classname="Hyde.Publications.Testing.Feature.MakePublicationCommandTest" assertions="8" time="0.014200"/>
        <testcase name="testWithSkippingInputs" file="/home/runner/work/develop/develop/packages/publications/tests/Feature/MakePublicationCommandTest.php" line="485" class="Hyde\Publications\Testing\Feature\MakePublicationCommandTest" classname="Hyde.Publications.Testing.Feature.MakePublicationCommandTest" assertions="5" time="0.009588"/>
      </testsuite>
      <testsuite name="Hyde\Publications\Testing\Feature\MakePublicationTypeCommandTest" file="/home/runner/work/develop/develop/packages/publications/tests/Feature/MakePublicationTypeCommandTest.php" tests="6" assertions="63" errors="0" failures="0" skipped="0" time="0.059971">
        <testcase name="testCommandCreatesPublicationType" file="/home/runner/work/develop/develop/packages/publications/tests/Feature/MakePublicationTypeCommandTest.php" line="36" class="Hyde\Publications\Testing\Feature\MakePublicationTypeCommandTest" classname="Hyde.Publications.Testing.Feature.MakePublicationTypeCommandTest" assertions="21" time="0.012056"/>
        <testcase name="testWithDefaultValues" file="/home/runner/work/develop/develop/packages/publications/tests/Feature/MakePublicationTypeCommandTest.php" line="103" class="Hyde\Publications\Testing\Feature\MakePublicationTypeCommandTest" classname="Hyde.Publications.Testing.Feature.MakePublicationTypeCommandTest" assertions="6" time="0.009053"/>
        <testcase name="testWithMultipleFieldsOfTheSameName" file="/home/runner/work/develop/develop/packages/publications/tests/Feature/MakePublicationTypeCommandTest.php" line="140" class="Hyde\Publications\Testing\Feature\MakePublicationTypeCommandTest" classname="Hyde.Publications.Testing.Feature.MakePublicationTypeCommandTest" assertions="18" time="0.012482"/>
        <testcase name="testWithExistingFileOfTheSameName" file="/home/runner/work/develop/develop/packages/publications/tests/Feature/MakePublicationTypeCommandTest.php" line="169" class="Hyde\Publications\Testing\Feature\MakePublicationTypeCommandTest" classname="Hyde.Publications.Testing.Feature.MakePublicationTypeCommandTest" assertions="2" time="0.007113"/>
        <testcase name="testWithExistingPublicationOfTheSameName" file="/home/runner/work/develop/develop/packages/publications/tests/Feature/MakePublicationTypeCommandTest.php" line="180" class="Hyde\Publications\Testing\Feature\MakePublicationTypeCommandTest" classname="Hyde.Publications.Testing.Feature.MakePublicationTypeCommandTest" assertions="2" time="0.007061"/>
        <testcase name="testWithTagFieldInput" file="/home/runner/work/develop/develop/packages/publications/tests/Feature/MakePublicationTypeCommandTest.php" line="192" class="Hyde\Publications\Testing\Feature\MakePublicationTypeCommandTest" classname="Hyde.Publications.Testing.Feature.MakePublicationTypeCommandTest" assertions="14" time="0.012206"/>
      </testsuite>
      <testsuite name="Hyde\Publications\Testing\Feature\PublicationFieldDefinitionTest" file="/home/runner/work/develop/develop/packages/publications/tests/Feature/PublicationFieldDefinitionTest.php" tests="12" assertions="18" errors="0" failures="0" skipped="0" time="0.038919">
        <testcase name="testCanInstantiateClass" file="/home/runner/work/develop/develop/packages/publications/tests/Feature/PublicationFieldDefinitionTest.php" line="17" class="Hyde\Publications\Testing\Feature\PublicationFieldDefinitionTest" classname="Hyde.Publications.Testing.Feature.PublicationFieldDefinitionTest" assertions="3" time="0.003448"/>
        <testcase name="testFromArrayMethod" file="/home/runner/work/develop/develop/packages/publications/tests/Feature/PublicationFieldDefinitionTest.php" line="26" class="Hyde\Publications\Testing\Feature\PublicationFieldDefinitionTest" classname="Hyde.Publications.Testing.Feature.PublicationFieldDefinitionTest" assertions="3" time="0.003307"/>
        <testcase name="testCanGetFieldAsArray" file="/home/runner/work/develop/develop/packages/publications/tests/Feature/PublicationFieldDefinitionTest.php" line="39" class="Hyde\Publications\Testing\Feature\PublicationFieldDefinitionTest" classname="Hyde.Publications.Testing.Feature.PublicationFieldDefinitionTest" assertions="1" time="0.003196"/>
        <testcase name="testCanGetFieldWithOptionalPropertiesAsArray" file="/home/runner/work/develop/develop/packages/publications/tests/Feature/PublicationFieldDefinitionTest.php" line="47" class="Hyde\Publications\Testing\Feature\PublicationFieldDefinitionTest" classname="Hyde.Publications.Testing.Feature.PublicationFieldDefinitionTest" assertions="1" time="0.003222"/>
        <testcase name="testCanEncodeFieldAsJson" file="/home/runner/work/develop/develop/packages/publications/tests/Feature/PublicationFieldDefinitionTest.php" line="56" class="Hyde\Publications\Testing\Feature\PublicationFieldDefinitionTest" classname="Hyde.Publications.Testing.Feature.PublicationFieldDefinitionTest" assertions="1" time="0.003170"/>
        <testcase name="testCanGetFieldWithOptionalPropertiesAsJson" file="/home/runner/work/develop/develop/packages/publications/tests/Feature/PublicationFieldDefinitionTest.php" line="61" class="Hyde\Publications\Testing\Feature\PublicationFieldDefinitionTest" classname="Hyde.Publications.Testing.Feature.PublicationFieldDefinitionTest" assertions="1" time="0.003219"/>
        <testcase name="testCanConstructTypeUsingEnumCase" file="/home/runner/work/develop/develop/packages/publications/tests/Feature/PublicationFieldDefinitionTest.php" line="69" class="Hyde\Publications\Testing\Feature\PublicationFieldDefinitionTest" classname="Hyde.Publications.Testing.Feature.PublicationFieldDefinitionTest" assertions="3" time="0.003398"/>
        <testcase name="testTypeMustBeValid" file="/home/runner/work/develop/develop/packages/publications/tests/Feature/PublicationFieldDefinitionTest.php" line="80" class="Hyde\Publications\Testing\Feature\PublicationFieldDefinitionTest" classname="Hyde.Publications.Testing.Feature.PublicationFieldDefinitionTest" assertions="1" time="0.003113"/>
        <testcase name="testTypeInputIsCaseInsensitive" file="/home/runner/work/develop/develop/packages/publications/tests/Feature/PublicationFieldDefinitionTest.php" line="87" class="Hyde\Publications\Testing\Feature\PublicationFieldDefinitionTest" classname="Hyde.Publications.Testing.Feature.PublicationFieldDefinitionTest" assertions="1" time="0.003191"/>
        <testcase name="testNameGetsStoredAsKebabCase" file="/home/runner/work/develop/develop/packages/publications/tests/Feature/PublicationFieldDefinitionTest.php" line="93" class="Hyde\Publications\Testing\Feature\PublicationFieldDefinitionTest" classname="Hyde.Publications.Testing.Feature.PublicationFieldDefinitionTest" assertions="1" time="0.003182"/>
        <testcase name="testGetRules" file="/home/runner/work/develop/develop/packages/publications/tests/Feature/PublicationFieldDefinitionTest.php" line="99" class="Hyde\Publications\Testing\Feature\PublicationFieldDefinitionTest" classname="Hyde.Publications.Testing.Feature.PublicationFieldDefinitionTest" assertions="1" time="0.003201"/>
        <testcase name="testGetRulesWithCustomTypeRules" file="/home/runner/work/develop/develop/packages/publications/tests/Feature/PublicationFieldDefinitionTest.php" line="105" class="Hyde\Publications\Testing\Feature\PublicationFieldDefinitionTest" classname="Hyde.Publications.Testing.Feature.PublicationFieldDefinitionTest" assertions="1" time="0.003272"/>
      </testsuite>
      <testsuite name="Hyde\Publications\Testing\Feature\PublicationFieldTypesEnumTest" file="/home/runner/work/develop/develop/packages/publications/tests/Feature/PublicationFieldTypesEnumTest.php" tests="9" assertions="32" errors="0" failures="0" skipped="0" time="0.032118">
        <testcase name="testCases" file="/home/runner/work/develop/develop/packages/publications/tests/Feature/PublicationFieldTypesEnumTest.php" line="15" class="Hyde\Publications\Testing\Feature\PublicationFieldTypesEnumTest" classname="Hyde.Publications.Testing.Feature.PublicationFieldTypesEnumTest" assertions="11" time="0.004021"/>
        <testcase name="testGetRules" file="/home/runner/work/develop/develop/packages/publications/tests/Feature/PublicationFieldTypesEnumTest.php" line="31" class="Hyde\Publications\Testing\Feature\PublicationFieldTypesEnumTest" classname="Hyde.Publications.Testing.Feature.PublicationFieldTypesEnumTest" assertions="10" time="0.004486"/>
        <testcase name="testCollectCreatesCollectionOfCases" file="/home/runner/work/develop/develop/packages/publications/tests/Feature/PublicationFieldTypesEnumTest.php" line="45" class="Hyde\Publications\Testing\Feature\PublicationFieldTypesEnumTest" classname="Hyde.Publications.Testing.Feature.PublicationFieldTypesEnumTest" assertions="1" time="0.003400"/>
        <testcase name="testValuesReturnsArrayOfCaseValues" file="/home/runner/work/develop/develop/packages/publications/tests/Feature/PublicationFieldTypesEnumTest.php" line="50" class="Hyde\Publications\Testing\Feature\PublicationFieldTypesEnumTest" classname="Hyde.Publications.Testing.Feature.PublicationFieldTypesEnumTest" assertions="1" time="0.003565"/>
        <testcase name="testNamesReturnsArrayOfCaseNames" file="/home/runner/work/develop/develop/packages/publications/tests/Feature/PublicationFieldTypesEnumTest.php" line="66" class="Hyde\Publications\Testing\Feature\PublicationFieldTypesEnumTest" classname="Hyde.Publications.Testing.Feature.PublicationFieldTypesEnumTest" assertions="1" time="0.003382"/>
        <testcase name="testCanonicable" file="/home/runner/work/develop/develop/packages/publications/tests/Feature/PublicationFieldTypesEnumTest.php" line="82" class="Hyde\Publications\Testing\Feature\PublicationFieldTypesEnumTest" classname="Hyde.Publications.Testing.Feature.PublicationFieldTypesEnumTest" assertions="1" time="0.003115"/>
        <testcase name="testArrayable" file="/home/runner/work/develop/develop/packages/publications/tests/Feature/PublicationFieldTypesEnumTest.php" line="92" class="Hyde\Publications\Testing\Feature\PublicationFieldTypesEnumTest" classname="Hyde.Publications.Testing.Feature.PublicationFieldTypesEnumTest" assertions="1" time="0.003179"/>
        <testcase name="testIsCanonicable" file="/home/runner/work/develop/develop/packages/publications/tests/Feature/PublicationFieldTypesEnumTest.php" line="100" class="Hyde\Publications\Testing\Feature\PublicationFieldTypesEnumTest" classname="Hyde.Publications.Testing.Feature.PublicationFieldTypesEnumTest" assertions="4" time="0.003371"/>
        <testcase name="testIsArrayable" file="/home/runner/work/develop/develop/packages/publications/tests/Feature/PublicationFieldTypesEnumTest.php" line="107" class="Hyde\Publications\Testing\Feature\PublicationFieldTypesEnumTest" classname="Hyde.Publications.Testing.Feature.PublicationFieldTypesEnumTest" assertions="2" time="0.003600"/>
      </testsuite>
      <testsuite name="Hyde\Publications\Testing\Feature\PublicationFieldValidatorTest" file="/home/runner/work/develop/develop/packages/publications/tests/Feature/PublicationFieldValidatorTest.php" tests="18" assertions="24" errors="0" failures="0" skipped="0" time="0.098641">
        <testcase name="testConstruct" file="/home/runner/work/develop/develop/packages/publications/tests/Feature/PublicationFieldValidatorTest.php" line="19" class="Hyde\Publications\Testing\Feature\PublicationFieldValidatorTest" classname="Hyde.Publications.Testing.Feature.PublicationFieldValidatorTest" assertions="1" time="0.027217"/>
        <testcase name="testValidate" file="/home/runner/work/develop/develop/packages/publications/tests/Feature/PublicationFieldValidatorTest.php" line="27" class="Hyde\Publications\Testing\Feature\PublicationFieldValidatorTest" classname="Hyde.Publications.Testing.Feature.PublicationFieldValidatorTest" assertions="3" time="0.005462"/>
        <testcase name="testValidateWithCustomTypeRules" file="/home/runner/work/develop/develop/packages/publications/tests/Feature/PublicationFieldValidatorTest.php" line="38" class="Hyde\Publications\Testing\Feature\PublicationFieldValidatorTest" classname="Hyde.Publications.Testing.Feature.PublicationFieldValidatorTest" assertions="3" time="0.005418"/>
        <testcase name="testGetRules" file="/home/runner/work/develop/develop/packages/publications/tests/Feature/PublicationFieldValidatorTest.php" line="49" class="Hyde\Publications\Testing\Feature\PublicationFieldValidatorTest" classname="Hyde.Publications.Testing.Feature.PublicationFieldValidatorTest" assertions="1" time="0.003364"/>
        <testcase name="testGetRulesWithCustomTypeRules" file="/home/runner/work/develop/develop/packages/publications/tests/Feature/PublicationFieldValidatorTest.php" line="56" class="Hyde\Publications\Testing\Feature\PublicationFieldValidatorTest" classname="Hyde.Publications.Testing.Feature.PublicationFieldValidatorTest" assertions="1" time="0.003470"/>
        <testcase name="testGetRulesForArray" file="/home/runner/work/develop/develop/packages/publications/tests/Feature/PublicationFieldValidatorTest.php" line="63" class="Hyde\Publications\Testing\Feature\PublicationFieldValidatorTest" classname="Hyde.Publications.Testing.Feature.PublicationFieldValidatorTest" assertions="1" time="0.003406"/>
        <testcase name="testValidateArrayPasses" file="/home/runner/work/develop/develop/packages/publications/tests/Feature/PublicationFieldValidatorTest.php" line="70" class="Hyde\Publications\Testing\Feature\PublicationFieldValidatorTest" classname="Hyde.Publications.Testing.Feature.PublicationFieldValidatorTest" assertions="1" time="0.004245"/>
        <testcase name="testValidateArrayFails" file="/home/runner/work/develop/develop/packages/publications/tests/Feature/PublicationFieldValidatorTest.php" line="79" class="Hyde\Publications\Testing\Feature\PublicationFieldValidatorTest" classname="Hyde.Publications.Testing.Feature.PublicationFieldValidatorTest" assertions="2" time="0.004413"/>
        <testcase name="testGetRulesForDatetime" file="/home/runner/work/develop/develop/packages/publications/tests/Feature/PublicationFieldValidatorTest.php" line="86" class="Hyde\Publications\Testing\Feature\PublicationFieldValidatorTest" classname="Hyde.Publications.Testing.Feature.PublicationFieldValidatorTest" assertions="1" time="0.003406"/>
        <testcase name="testValidateDatetimePasses" file="/home/runner/work/develop/develop/packages/publications/tests/Feature/PublicationFieldValidatorTest.php" line="93" class="Hyde\Publications\Testing\Feature\PublicationFieldValidatorTest" classname="Hyde.Publications.Testing.Feature.PublicationFieldValidatorTest" assertions="1" time="0.003893"/>
        <testcase name="testValidateDatetimeFailsForInvalidType" file="/home/runner/work/develop/develop/packages/publications/tests/Feature/PublicationFieldValidatorTest.php" line="100" class="Hyde\Publications\Testing\Feature\PublicationFieldValidatorTest" classname="Hyde.Publications.Testing.Feature.PublicationFieldValidatorTest" assertions="2" time="0.004386"/>
        <testcase name="testGetRulesForFloat" file="/home/runner/work/develop/develop/packages/publications/tests/Feature/PublicationFieldValidatorTest.php" line="107" class="Hyde\Publications\Testing\Feature\PublicationFieldValidatorTest" classname="Hyde.Publications.Testing.Feature.PublicationFieldValidatorTest" assertions="1" time="0.003397"/>
        <testcase name="testGetRulesForInteger" file="/home/runner/work/develop/develop/packages/publications/tests/Feature/PublicationFieldValidatorTest.php" line="114" class="Hyde\Publications\Testing\Feature\PublicationFieldValidatorTest" classname="Hyde.Publications.Testing.Feature.PublicationFieldValidatorTest" assertions="1" time="0.003412"/>
        <testcase name="testGetRulesForString" file="/home/runner/work/develop/develop/packages/publications/tests/Feature/PublicationFieldValidatorTest.php" line="121" class="Hyde\Publications\Testing\Feature\PublicationFieldValidatorTest" classname="Hyde.Publications.Testing.Feature.PublicationFieldValidatorTest" assertions="1" time="0.003413"/>
        <testcase name="testGetRulesForText" file="/home/runner/work/develop/develop/packages/publications/tests/Feature/PublicationFieldValidatorTest.php" line="128" class="Hyde\Publications\Testing\Feature\PublicationFieldValidatorTest" classname="Hyde.Publications.Testing.Feature.PublicationFieldValidatorTest" assertions="1" time="0.003403"/>
        <testcase name="testGetRulesForMedia" file="/home/runner/work/develop/develop/packages/publications/tests/Feature/PublicationFieldValidatorTest.php" line="135" class="Hyde\Publications\Testing\Feature\PublicationFieldValidatorTest" classname="Hyde.Publications.Testing.Feature.PublicationFieldValidatorTest" assertions="1" time="0.005061"/>
        <testcase name="testGetRulesForTag" file="/home/runner/work/develop/develop/packages/publications/tests/Feature/PublicationFieldValidatorTest.php" line="144" class="Hyde\Publications\Testing\Feature\PublicationFieldValidatorTest" classname="Hyde.Publications.Testing.Feature.PublicationFieldValidatorTest" assertions="1" time="0.007649"/>
        <testcase name="testGetRulesForUrl" file="/home/runner/work/develop/develop/packages/publications/tests/Feature/PublicationFieldValidatorTest.php" line="151" class="Hyde\Publications\Testing\Feature\PublicationFieldValidatorTest" classname="Hyde.Publications.Testing.Feature.PublicationFieldValidatorTest" assertions="1" time="0.003625"/>
      </testsuite>
      <testsuite name="Hyde\Publications\Testing\Feature\PublicationFieldValueTest" file="/home/runner/work/develop/develop/packages/publications/tests/Feature/PublicationFieldValueTest.php" tests="50" assertions="125" errors="0" failures="0" skipped="0" time="0.172053">
        <testcase name="testConstruct" file="/home/runner/work/develop/develop/packages/publications/tests/Feature/PublicationFieldValueTest.php" line="22" class="Hyde\Publications\Testing\Feature\PublicationFieldValueTest" classname="Hyde.Publications.Testing.Feature.PublicationFieldValueTest" assertions="1" time="0.003682"/>
        <testcase name="testGetType" file="/home/runner/work/develop/develop/packages/publications/tests/Feature/PublicationFieldValueTest.php" line="29" class="Hyde\Publications\Testing\Feature\PublicationFieldValueTest" classname="Hyde.Publications.Testing.Feature.PublicationFieldValueTest" assertions="1" time="0.003127"/>
        <testcase name="testGetValue" file="/home/runner/work/develop/develop/packages/publications/tests/Feature/PublicationFieldValueTest.php" line="36" class="Hyde\Publications\Testing\Feature\PublicationFieldValueTest" classname="Hyde.Publications.Testing.Feature.PublicationFieldValueTest" assertions="1" time="0.003279"/>
        <testcase name="testType" file="/home/runner/work/develop/develop/packages/publications/tests/Feature/PublicationFieldValueTest.php" line="41" class="Hyde\Publications\Testing\Feature\PublicationFieldValueTest" classname="Hyde.Publications.Testing.Feature.PublicationFieldValueTest" assertions="2" time="0.003204"/>
        <testcase name="testStringFieldConstruct" file="/home/runner/work/develop/develop/packages/publications/tests/Feature/PublicationFieldValueTest.php" line="50" class="Hyde\Publications\Testing\Feature\PublicationFieldValueTest" classname="Hyde.Publications.Testing.Feature.PublicationFieldValueTest" assertions="2" time="0.003318"/>
        <testcase name="testStringFieldGetValue" file="/home/runner/work/develop/develop/packages/publications/tests/Feature/PublicationFieldValueTest.php" line="58" class="Hyde\Publications\Testing\Feature\PublicationFieldValueTest" classname="Hyde.Publications.Testing.Feature.PublicationFieldValueTest" assertions="1" time="0.003191"/>
        <testcase name="testStringFieldToYaml" file="/home/runner/work/develop/develop/packages/publications/tests/Feature/PublicationFieldValueTest.php" line="63" class="Hyde\Publications\Testing\Feature\PublicationFieldValueTest" classname="Hyde.Publications.Testing.Feature.PublicationFieldValueTest" assertions="1" time="0.003188"/>
        <testcase name="testStringFieldParsingOptions" file="/home/runner/work/develop/develop/packages/publications/tests/Feature/PublicationFieldValueTest.php" line="68" class="Hyde\Publications\Testing\Feature\PublicationFieldValueTest" classname="Hyde.Publications.Testing.Feature.PublicationFieldValueTest" assertions="8" time="0.003786"/>
        <testcase name="testDatetimeFieldConstruct" file="/home/runner/work/develop/develop/packages/publications/tests/Feature/PublicationFieldValueTest.php" line="82" class="Hyde\Publications\Testing\Feature\PublicationFieldValueTest" classname="Hyde.Publications.Testing.Feature.PublicationFieldValueTest" assertions="2" time="0.003288"/>
        <testcase name="testDatetimeFieldGetValue" file="/home/runner/work/develop/develop/packages/publications/tests/Feature/PublicationFieldValueTest.php" line="90" class="Hyde\Publications\Testing\Feature\PublicationFieldValueTest" classname="Hyde.Publications.Testing.Feature.PublicationFieldValueTest" assertions="1" time="0.003220"/>
        <testcase name="testDatetimeFieldWithInvalidInput" file="/home/runner/work/develop/develop/packages/publications/tests/Feature/PublicationFieldValueTest.php" line="95" class="Hyde\Publications\Testing\Feature\PublicationFieldValueTest" classname="Hyde.Publications.Testing.Feature.PublicationFieldValueTest" assertions="2" time="0.003697"/>
        <testcase name="testDatetimeFieldWithDynamicInput" file="/home/runner/work/develop/develop/packages/publications/tests/Feature/PublicationFieldValueTest.php" line="102" class="Hyde\Publications\Testing\Feature\PublicationFieldValueTest" classname="Hyde.Publications.Testing.Feature.PublicationFieldValueTest" assertions="1" time="0.003216"/>
        <testcase name="testDatetimeFieldToYaml" file="/home/runner/work/develop/develop/packages/publications/tests/Feature/PublicationFieldValueTest.php" line="109" class="Hyde\Publications\Testing\Feature\PublicationFieldValueTest" classname="Hyde.Publications.Testing.Feature.PublicationFieldValueTest" assertions="1" time="0.004148"/>
        <testcase name="testBooleanFieldConstruct" file="/home/runner/work/develop/develop/packages/publications/tests/Feature/PublicationFieldValueTest.php" line="116" class="Hyde\Publications\Testing\Feature\PublicationFieldValueTest" classname="Hyde.Publications.Testing.Feature.PublicationFieldValueTest" assertions="2" time="0.003898"/>
        <testcase name="testBooleanFieldGetValue" file="/home/runner/work/develop/develop/packages/publications/tests/Feature/PublicationFieldValueTest.php" line="124" class="Hyde\Publications\Testing\Feature\PublicationFieldValueTest" classname="Hyde.Publications.Testing.Feature.PublicationFieldValueTest" assertions="1" time="0.003215"/>
        <testcase name="testBooleanFieldToYaml" file="/home/runner/work/develop/develop/packages/publications/tests/Feature/PublicationFieldValueTest.php" line="129" class="Hyde\Publications\Testing\Feature\PublicationFieldValueTest" classname="Hyde.Publications.Testing.Feature.PublicationFieldValueTest" assertions="1" time="0.003236"/>
        <testcase name="testBooleanFieldWithInvalidInput" file="/home/runner/work/develop/develop/packages/publications/tests/Feature/PublicationFieldValueTest.php" line="134" class="Hyde\Publications\Testing\Feature\PublicationFieldValueTest" classname="Hyde.Publications.Testing.Feature.PublicationFieldValueTest" assertions="2" time="0.003349"/>
        <testcase name="testBooleanFieldParsingOptions" file="/home/runner/work/develop/develop/packages/publications/tests/Feature/PublicationFieldValueTest.php" line="141" class="Hyde\Publications\Testing\Feature\PublicationFieldValueTest" classname="Hyde.Publications.Testing.Feature.PublicationFieldValueTest" assertions="4" time="0.003484"/>
        <testcase name="testIntegerFieldConstruct" file="/home/runner/work/develop/develop/packages/publications/tests/Feature/PublicationFieldValueTest.php" line="151" class="Hyde\Publications\Testing\Feature\PublicationFieldValueTest" classname="Hyde.Publications.Testing.Feature.PublicationFieldValueTest" assertions="2" time="0.003307"/>
        <testcase name="testIntegerFieldGetValue" file="/home/runner/work/develop/develop/packages/publications/tests/Feature/PublicationFieldValueTest.php" line="159" class="Hyde\Publications\Testing\Feature\PublicationFieldValueTest" classname="Hyde.Publications.Testing.Feature.PublicationFieldValueTest" assertions="1" time="0.003203"/>
        <testcase name="testIntegerFieldToYaml" file="/home/runner/work/develop/develop/packages/publications/tests/Feature/PublicationFieldValueTest.php" line="164" class="Hyde\Publications\Testing\Feature\PublicationFieldValueTest" classname="Hyde.Publications.Testing.Feature.PublicationFieldValueTest" assertions="1" time="0.003176"/>
        <testcase name="testIntegerFieldWithInvalidInput" file="/home/runner/work/develop/develop/packages/publications/tests/Feature/PublicationFieldValueTest.php" line="169" class="Hyde\Publications\Testing\Feature\PublicationFieldValueTest" classname="Hyde.Publications.Testing.Feature.PublicationFieldValueTest" assertions="2" time="0.003329"/>
        <testcase name="testIntegerFieldParsingOptions" file="/home/runner/work/develop/develop/packages/publications/tests/Feature/PublicationFieldValueTest.php" line="176" class="Hyde\Publications\Testing\Feature\PublicationFieldValueTest" classname="Hyde.Publications.Testing.Feature.PublicationFieldValueTest" assertions="8" time="0.003980"/>
        <testcase name="testFloatFieldConstruct" file="/home/runner/work/develop/develop/packages/publications/tests/Feature/PublicationFieldValueTest.php" line="190" class="Hyde\Publications\Testing\Feature\PublicationFieldValueTest" classname="Hyde.Publications.Testing.Feature.PublicationFieldValueTest" assertions="2" time="0.003286"/>
        <testcase name="testFloatFieldGetValue" file="/home/runner/work/develop/develop/packages/publications/tests/Feature/PublicationFieldValueTest.php" line="198" class="Hyde\Publications\Testing\Feature\PublicationFieldValueTest" classname="Hyde.Publications.Testing.Feature.PublicationFieldValueTest" assertions="1" time="0.003278"/>
        <testcase name="testFloatFieldToYaml" file="/home/runner/work/develop/develop/packages/publications/tests/Feature/PublicationFieldValueTest.php" line="203" class="Hyde\Publications\Testing\Feature\PublicationFieldValueTest" classname="Hyde.Publications.Testing.Feature.PublicationFieldValueTest" assertions="1" time="0.003247"/>
        <testcase name="testFloatFieldWithInvalidInput" file="/home/runner/work/develop/develop/packages/publications/tests/Feature/PublicationFieldValueTest.php" line="208" class="Hyde\Publications\Testing\Feature\PublicationFieldValueTest" classname="Hyde.Publications.Testing.Feature.PublicationFieldValueTest" assertions="2" time="0.003328"/>
        <testcase name="testFloatFieldParsingOptions" file="/home/runner/work/develop/develop/packages/publications/tests/Feature/PublicationFieldValueTest.php" line="215" class="Hyde\Publications\Testing\Feature\PublicationFieldValueTest" classname="Hyde.Publications.Testing.Feature.PublicationFieldValueTest" assertions="8" time="0.003886"/>
        <testcase name="testArrayFieldConstruct" file="/home/runner/work/develop/develop/packages/publications/tests/Feature/PublicationFieldValueTest.php" line="229" class="Hyde\Publications\Testing\Feature\PublicationFieldValueTest" classname="Hyde.Publications.Testing.Feature.PublicationFieldValueTest" assertions="2" time="0.003294"/>
        <testcase name="testArrayFieldGetValue" file="/home/runner/work/develop/develop/packages/publications/tests/Feature/PublicationFieldValueTest.php" line="237" class="Hyde\Publications\Testing\Feature\PublicationFieldValueTest" classname="Hyde.Publications.Testing.Feature.PublicationFieldValueTest" assertions="1" time="0.003246"/>
        <testcase name="testArrayFieldToYaml" file="/home/runner/work/develop/develop/packages/publications/tests/Feature/PublicationFieldValueTest.php" line="242" class="Hyde\Publications\Testing\Feature\PublicationFieldValueTest" classname="Hyde.Publications.Testing.Feature.PublicationFieldValueTest" assertions="1" time="0.003256"/>
        <testcase name="testArrayFieldWithArrayInput" file="/home/runner/work/develop/develop/packages/publications/tests/Feature/PublicationFieldValueTest.php" line="247" class="Hyde\Publications\Testing\Feature\PublicationFieldValueTest" classname="Hyde.Publications.Testing.Feature.PublicationFieldValueTest" assertions="1" time="0.003260"/>
        <testcase name="testArrayFieldParsingOptions" file="/home/runner/work/develop/develop/packages/publications/tests/Feature/PublicationFieldValueTest.php" line="252" class="Hyde\Publications\Testing\Feature\PublicationFieldValueTest" classname="Hyde.Publications.Testing.Feature.PublicationFieldValueTest" assertions="8" time="0.004148"/>
        <testcase name="testTextFieldConstruct" file="/home/runner/work/develop/develop/packages/publications/tests/Feature/PublicationFieldValueTest.php" line="266" class="Hyde\Publications\Testing\Feature\PublicationFieldValueTest" classname="Hyde.Publications.Testing.Feature.PublicationFieldValueTest" assertions="2" time="0.003355"/>
        <testcase name="testTextFieldGetValue" file="/home/runner/work/develop/develop/packages/publications/tests/Feature/PublicationFieldValueTest.php" line="274" class="Hyde\Publications\Testing\Feature\PublicationFieldValueTest" classname="Hyde.Publications.Testing.Feature.PublicationFieldValueTest" assertions="1" time="0.003200"/>
        <testcase name="testTextFieldToYaml" file="/home/runner/work/develop/develop/packages/publications/tests/Feature/PublicationFieldValueTest.php" line="279" class="Hyde\Publications\Testing\Feature\PublicationFieldValueTest" classname="Hyde.Publications.Testing.Feature.PublicationFieldValueTest" assertions="1" time="0.003251"/>
        <testcase name="testTextFieldParsingOptions" file="/home/runner/work/develop/develop/packages/publications/tests/Feature/PublicationFieldValueTest.php" line="285" class="Hyde\Publications\Testing\Feature\PublicationFieldValueTest" classname="Hyde.Publications.Testing.Feature.PublicationFieldValueTest" assertions="13" time="0.004540"/>
        <testcase name="testUrlFieldConstruct" file="/home/runner/work/develop/develop/packages/publications/tests/Feature/PublicationFieldValueTest.php" line="304" class="Hyde\Publications\Testing\Feature\PublicationFieldValueTest" classname="Hyde.Publications.Testing.Feature.PublicationFieldValueTest" assertions="2" time="0.003284"/>
        <testcase name="testUrlFieldGetValue" file="/home/runner/work/develop/develop/packages/publications/tests/Feature/PublicationFieldValueTest.php" line="312" class="Hyde\Publications\Testing\Feature\PublicationFieldValueTest" classname="Hyde.Publications.Testing.Feature.PublicationFieldValueTest" assertions="1" time="0.003217"/>
        <testcase name="testUrlFieldToYaml" file="/home/runner/work/develop/develop/packages/publications/tests/Feature/PublicationFieldValueTest.php" line="317" class="Hyde\Publications\Testing\Feature\PublicationFieldValueTest" classname="Hyde.Publications.Testing.Feature.PublicationFieldValueTest" assertions="1" time="0.003215"/>
        <testcase name="testUrlFieldWithInvalidInput" file="/home/runner/work/develop/develop/packages/publications/tests/Feature/PublicationFieldValueTest.php" line="322" class="Hyde\Publications\Testing\Feature\PublicationFieldValueTest" classname="Hyde.Publications.Testing.Feature.PublicationFieldValueTest" assertions="2" time="0.003328"/>
        <testcase name="testMediaFieldConstruct" file="/home/runner/work/develop/develop/packages/publications/tests/Feature/PublicationFieldValueTest.php" line="331" class="Hyde\Publications\Testing\Feature\PublicationFieldValueTest" classname="Hyde.Publications.Testing.Feature.PublicationFieldValueTest" assertions="2" time="0.003266"/>
        <testcase name="testMediaFieldGetValue" file="/home/runner/work/develop/develop/packages/publications/tests/Feature/PublicationFieldValueTest.php" line="339" class="Hyde\Publications\Testing\Feature\PublicationFieldValueTest" classname="Hyde.Publications.Testing.Feature.PublicationFieldValueTest" assertions="1" time="0.003185"/>
        <testcase name="testMediaFieldToYaml" file="/home/runner/work/develop/develop/packages/publications/tests/Feature/PublicationFieldValueTest.php" line="344" class="Hyde\Publications\Testing\Feature\PublicationFieldValueTest" classname="Hyde.Publications.Testing.Feature.PublicationFieldValueTest" assertions="1" time="0.003214"/>
        <testcase name="testTagFieldConstruct" file="/home/runner/work/develop/develop/packages/publications/tests/Feature/PublicationFieldValueTest.php" line="351" class="Hyde\Publications\Testing\Feature\PublicationFieldValueTest" classname="Hyde.Publications.Testing.Feature.PublicationFieldValueTest" assertions="2" time="0.003258"/>
        <testcase name="testTagFieldGetValue" file="/home/runner/work/develop/develop/packages/publications/tests/Feature/PublicationFieldValueTest.php" line="359" class="Hyde\Publications\Testing\Feature\PublicationFieldValueTest" classname="Hyde.Publications.Testing.Feature.PublicationFieldValueTest" assertions="1" time="0.003254"/>
        <testcase name="testTagFieldToYaml" file="/home/runner/work/develop/develop/packages/publications/tests/Feature/PublicationFieldValueTest.php" line="364" class="Hyde\Publications\Testing\Feature\PublicationFieldValueTest" classname="Hyde.Publications.Testing.Feature.PublicationFieldValueTest" assertions="1" time="0.003194"/>
        <testcase name="testTagFieldWithArrayInput" file="/home/runner/work/develop/develop/packages/publications/tests/Feature/PublicationFieldValueTest.php" line="369" class="Hyde\Publications\Testing\Feature\PublicationFieldValueTest" classname="Hyde.Publications.Testing.Feature.PublicationFieldValueTest" assertions="1" time="0.003186"/>
        <testcase name="testTagFieldParsingOptions" file="/home/runner/work/develop/develop/packages/publications/tests/Feature/PublicationFieldValueTest.php" line="374" class="Hyde\Publications\Testing\Feature\PublicationFieldValueTest" classname="Hyde.Publications.Testing.Feature.PublicationFieldValueTest" assertions="8" time="0.005107"/>
        <testcase name="testDefaultValidationRules" file="/home/runner/work/develop/develop/packages/publications/tests/Feature/PublicationFieldValueTest.php" line="388" class="Hyde\Publications\Testing\Feature\PublicationFieldValueTest" classname="Hyde.Publications.Testing.Feature.PublicationFieldValueTest" assertions="10" time="0.004250"/>
      </testsuite>
      <testsuite name="Hyde\Publications\Testing\Feature\PublicationListPageTest" file="/home/runner/work/develop/develop/packages/publications/tests/Feature/PublicationListPageTest.php" tests="4" assertions="7" errors="0" failures="0" skipped="0" time="0.038085">
        <testcase name="testSourcePathMappings" file="/home/runner/work/develop/develop/packages/publications/tests/Feature/PublicationListPageTest.php" line="18" class="Hyde\Publications\Testing\Feature\PublicationListPageTest" classname="Hyde.Publications.Testing.Feature.PublicationListPageTest" assertions="4" time="0.005638"/>
        <testcase name="testListingPageCanBeCompiled" file="/home/runner/work/develop/develop/packages/publications/tests/Feature/PublicationListPageTest.php" line="31" class="Hyde\Publications\Testing\Feature\PublicationListPageTest" classname="Hyde.Publications.Testing.Feature.PublicationListPageTest" assertions="1" time="0.022739"/>
        <testcase name="testListPageCanShowUpInNavigation" file="/home/runner/work/develop/develop/packages/publications/tests/Feature/PublicationListPageTest.php" line="44" class="Hyde\Publications\Testing\Feature\PublicationListPageTest" classname="Hyde.Publications.Testing.Feature.PublicationListPageTest" assertions="1" time="0.004738"/>
        <testcase name="testListPageIsNotAddedToNavigationWhenPublicationIdentifierIsSetInConfig" file="/home/runner/work/develop/develop/packages/publications/tests/Feature/PublicationListPageTest.php" line="55" class="Hyde\Publications\Testing\Feature\PublicationListPageTest" classname="Hyde.Publications.Testing.Feature.PublicationListPageTest" assertions="1" time="0.004970"/>
      </testsuite>
      <testsuite name="Hyde\Publications\Testing\Feature\PublicationPageCompilerTest" file="/home/runner/work/develop/develop/packages/publications/tests/Feature/PublicationPageCompilerTest.php" tests="8" assertions="10" errors="0" failures="0" skipped="0" time="0.076343">
        <testcase name="testCanCompilePublicationPages" file="/home/runner/work/develop/develop/packages/publications/tests/Feature/PublicationPageCompilerTest.php" line="20" class="Hyde\Publications\Testing\Feature\PublicationPageCompilerTest" classname="Hyde.Publications.Testing.Feature.PublicationPageCompilerTest" assertions="1" time="0.007329"/>
        <testcase name="testCanCompileListPages" file="/home/runner/work/develop/develop/packages/publications/tests/Feature/PublicationPageCompilerTest.php" line="31" class="Hyde\Publications\Testing\Feature\PublicationPageCompilerTest" classname="Hyde.Publications.Testing.Feature.PublicationPageCompilerTest" assertions="1" time="0.013269"/>
        <testcase name="testCanCompilePublicationPagesWithRegisteredView" file="/home/runner/work/develop/develop/packages/publications/tests/Feature/PublicationPageCompilerTest.php" line="43" class="Hyde\Publications\Testing\Feature\PublicationPageCompilerTest" classname="Hyde.Publications.Testing.Feature.PublicationPageCompilerTest" assertions="1" time="0.011484"/>
        <testcase name="testCanCompileListPagesWithRegisteredView" file="/home/runner/work/develop/develop/packages/publications/tests/Feature/PublicationPageCompilerTest.php" line="58" class="Hyde\Publications\Testing\Feature\PublicationPageCompilerTest" classname="Hyde.Publications.Testing.Feature.PublicationPageCompilerTest" assertions="1" time="0.007020"/>
        <testcase name="testCanCompilePublicationPagesWithRegisteredNamespacedView" file="/home/runner/work/develop/develop/packages/publications/tests/Feature/PublicationPageCompilerTest.php" line="73" class="Hyde\Publications\Testing\Feature\PublicationPageCompilerTest" classname="Hyde.Publications.Testing.Feature.PublicationPageCompilerTest" assertions="1" time="0.019107"/>
        <testcase name="testCanCompileListPagesWithRegisteredNamespacedView" file="/home/runner/work/develop/develop/packages/publications/tests/Feature/PublicationPageCompilerTest.php" line="86" class="Hyde\Publications\Testing\Feature\PublicationPageCompilerTest" classname="Hyde.Publications.Testing.Feature.PublicationPageCompilerTest" assertions="1" time="0.006520"/>
        <testcase name="testWithMissingDetailBladeView" file="/home/runner/work/develop/develop/packages/publications/tests/Feature/PublicationPageCompilerTest.php" line="101" class="Hyde\Publications\Testing\Feature\PublicationPageCompilerTest" classname="Hyde.Publications.Testing.Feature.PublicationPageCompilerTest" assertions="2" time="0.005862"/>
        <testcase name="testWithMissingListBladeView" file="/home/runner/work/develop/develop/packages/publications/tests/Feature/PublicationPageCompilerTest.php" line="111" class="Hyde\Publications\Testing\Feature\PublicationPageCompilerTest" classname="Hyde.Publications.Testing.Feature.PublicationPageCompilerTest" assertions="2" time="0.005751"/>
      </testsuite>
      <testsuite name="Hyde\Publications\Testing\Feature\PublicationPageTest" file="/home/runner/work/develop/develop/packages/publications/tests/Feature/PublicationPageTest.php" tests="8" assertions="27" errors="0" failures="0" skipped="0" time="0.075069">
        <testcase name="testSourcePathMappings" file="/home/runner/work/develop/develop/packages/publications/tests/Feature/PublicationPageTest.php" line="18" class="Hyde\Publications\Testing\Feature\PublicationPageTest" classname="Hyde.Publications.Testing.Feature.PublicationPageTest" assertions="4" time="0.006072"/>
        <testcase name="testPublicationPagesAreRoutable" file="/home/runner/work/develop/develop/packages/publications/tests/Feature/PublicationPageTest.php" line="30" class="Hyde\Publications\Testing\Feature\PublicationPageTest" classname="Hyde.Publications.Testing.Feature.PublicationPageTest" assertions="5" time="0.012355"/>
        <testcase name="testPublicationPagesAreDiscoverable" file="/home/runner/work/develop/develop/packages/publications/tests/Feature/PublicationPageTest.php" line="42" class="Hyde\Publications\Testing\Feature\PublicationPageTest" classname="Hyde.Publications.Testing.Feature.PublicationPageTest" assertions="1" time="0.011236"/>
        <testcase name="testPublicationPagesAreProperlyParsed" file="/home/runner/work/develop/develop/packages/publications/tests/Feature/PublicationPageTest.php" line="50" class="Hyde\Publications\Testing\Feature\PublicationPageTest" classname="Hyde.Publications.Testing.Feature.PublicationPageTest" assertions="6" time="0.012849"/>
        <testcase name="testPublicationPagesAreParsable" file="/home/runner/work/develop/develop/packages/publications/tests/Feature/PublicationPageTest.php" line="64" class="Hyde\Publications\Testing\Feature\PublicationPageTest" classname="Hyde.Publications.Testing.Feature.PublicationPageTest" assertions="6" time="0.006582"/>
        <testcase name="testPublicationPagesAreCompilable" file="/home/runner/work/develop/develop/packages/publications/tests/Feature/PublicationPageTest.php" line="91" class="Hyde\Publications\Testing\Feature\PublicationPageTest" classname="Hyde.Publications.Testing.Feature.PublicationPageTest" assertions="1" time="0.013098"/>
        <testcase name="testIdentifierPassedConstructorIsNormalized" file="/home/runner/work/develop/develop/packages/publications/tests/Feature/PublicationPageTest.php" line="101" class="Hyde\Publications\Testing\Feature\PublicationPageTest" classname="Hyde.Publications.Testing.Feature.PublicationPageTest" assertions="3" time="0.006827"/>
        <testcase name="testIdentifierNormalizerDoesNotAffectDirectoryWithSameNameAsIdentifier" file="/home/runner/work/develop/develop/packages/publications/tests/Feature/PublicationPageTest.php" line="115" class="Hyde\Publications\Testing\Feature\PublicationPageTest" classname="Hyde.Publications.Testing.Feature.PublicationPageTest" assertions="1" time="0.006050"/>
      </testsuite>
      <testsuite name="Hyde\Publications\Testing\Feature\PublicationPageUnitTest" file="/home/runner/work/develop/develop/packages/publications/tests/Feature/PublicationPageUnitTest.php" tests="34" assertions="36" errors="0" failures="0" skipped="0" time="0.171530">
        <testcase name="testSourceDirectory" file="/home/runner/work/develop/develop/packages/publications/tests/Feature/PublicationPageUnitTest.php" line="26" class="Hyde\Publications\Testing\Feature\PublicationPageUnitTest" classname="Hyde.Publications.Testing.Feature.PublicationPageUnitTest" assertions="1" time="0.003264"/>
        <testcase name="testOutputDirectory" file="/home/runner/work/develop/develop/packages/publications/tests/Feature/PublicationPageUnitTest.php" line="34" class="Hyde\Publications\Testing\Feature\PublicationPageUnitTest" classname="Hyde.Publications.Testing.Feature.PublicationPageUnitTest" assertions="1" time="0.003048"/>
        <testcase name="testFileExtension" file="/home/runner/work/develop/develop/packages/publications/tests/Feature/PublicationPageUnitTest.php" line="42" class="Hyde\Publications\Testing\Feature\PublicationPageUnitTest" classname="Hyde.Publications.Testing.Feature.PublicationPageUnitTest" assertions="1" time="0.003045"/>
        <testcase name="testSourcePath" file="/home/runner/work/develop/develop/packages/publications/tests/Feature/PublicationPageUnitTest.php" line="50" class="Hyde\Publications\Testing\Feature\PublicationPageUnitTest" classname="Hyde.Publications.Testing.Feature.PublicationPageUnitTest" assertions="1" time="0.003045"/>
        <testcase name="testOutputPath" file="/home/runner/work/develop/develop/packages/publications/tests/Feature/PublicationPageUnitTest.php" line="58" class="Hyde\Publications\Testing\Feature\PublicationPageUnitTest" classname="Hyde.Publications.Testing.Feature.PublicationPageUnitTest" assertions="1" time="0.003137"/>
        <testcase name="testPath" file="/home/runner/work/develop/develop/packages/publications/tests/Feature/PublicationPageUnitTest.php" line="66" class="Hyde\Publications\Testing\Feature\PublicationPageUnitTest" classname="Hyde.Publications.Testing.Feature.PublicationPageUnitTest" assertions="1" time="0.003099"/>
        <testcase name="testGetSourcePath" file="/home/runner/work/develop/develop/packages/publications/tests/Feature/PublicationPageUnitTest.php" line="74" class="Hyde\Publications\Testing\Feature\PublicationPageUnitTest" classname="Hyde.Publications.Testing.Feature.PublicationPageUnitTest" assertions="1" time="0.004516"/>
        <testcase name="testGetOutputPath" file="/home/runner/work/develop/develop/packages/publications/tests/Feature/PublicationPageUnitTest.php" line="82" class="Hyde\Publications\Testing\Feature\PublicationPageUnitTest" classname="Hyde.Publications.Testing.Feature.PublicationPageUnitTest" assertions="1" time="0.004432"/>
        <testcase name="testGetLink" file="/home/runner/work/develop/develop/packages/publications/tests/Feature/PublicationPageUnitTest.php" line="90" class="Hyde\Publications\Testing\Feature\PublicationPageUnitTest" classname="Hyde.Publications.Testing.Feature.PublicationPageUnitTest" assertions="1" time="0.004462"/>
        <testcase name="testMake" file="/home/runner/work/develop/develop/packages/publications/tests/Feature/PublicationPageUnitTest.php" line="98" class="Hyde\Publications\Testing\Feature\PublicationPageUnitTest" classname="Hyde.Publications.Testing.Feature.PublicationPageUnitTest" assertions="1" time="0.005931"/>
        <testcase name="testMakeWithData" file="/home/runner/work/develop/develop/packages/publications/tests/Feature/PublicationPageUnitTest.php" line="104" class="Hyde\Publications\Testing\Feature\PublicationPageUnitTest" classname="Hyde.Publications.Testing.Feature.PublicationPageUnitTest" assertions="1" time="0.006017"/>
        <testcase name="testShowInNavigation" file="/home/runner/work/develop/develop/packages/publications/tests/Feature/PublicationPageUnitTest.php" line="112" class="Hyde\Publications\Testing\Feature\PublicationPageUnitTest" classname="Hyde.Publications.Testing.Feature.PublicationPageUnitTest" assertions="1" time="0.004447"/>
        <testcase name="testNavigationMenuPriority" file="/home/runner/work/develop/develop/packages/publications/tests/Feature/PublicationPageUnitTest.php" line="117" class="Hyde\Publications\Testing\Feature\PublicationPageUnitTest" classname="Hyde.Publications.Testing.Feature.PublicationPageUnitTest" assertions="1" time="0.004467"/>
        <testcase name="testNavigationMenuLabel" file="/home/runner/work/develop/develop/packages/publications/tests/Feature/PublicationPageUnitTest.php" line="122" class="Hyde\Publications\Testing\Feature\PublicationPageUnitTest" classname="Hyde.Publications.Testing.Feature.PublicationPageUnitTest" assertions="1" time="0.004534"/>
        <testcase name="testNavigationMenuGroup" file="/home/runner/work/develop/develop/packages/publications/tests/Feature/PublicationPageUnitTest.php" line="127" class="Hyde\Publications\Testing\Feature\PublicationPageUnitTest" classname="Hyde.Publications.Testing.Feature.PublicationPageUnitTest" assertions="1" time="0.004693"/>
        <testcase name="testGetBladeView" file="/home/runner/work/develop/develop/packages/publications/tests/Feature/PublicationPageUnitTest.php" line="132" class="Hyde\Publications\Testing\Feature\PublicationPageUnitTest" classname="Hyde.Publications.Testing.Feature.PublicationPageUnitTest" assertions="1" time="0.004790"/>
        <testcase name="testFiles" file="/home/runner/work/develop/develop/packages/publications/tests/Feature/PublicationPageUnitTest.php" line="138" class="Hyde\Publications\Testing\Feature\PublicationPageUnitTest" classname="Hyde.Publications.Testing.Feature.PublicationPageUnitTest" assertions="1" time="0.007476"/>
        <testcase name="testData" file="/home/runner/work/develop/develop/packages/publications/tests/Feature/PublicationPageUnitTest.php" line="143" class="Hyde\Publications\Testing\Feature\PublicationPageUnitTest" classname="Hyde.Publications.Testing.Feature.PublicationPageUnitTest" assertions="1" time="0.004492"/>
        <testcase name="testGet" file="/home/runner/work/develop/develop/packages/publications/tests/Feature/PublicationPageUnitTest.php" line="148" class="Hyde\Publications\Testing\Feature\PublicationPageUnitTest" classname="Hyde.Publications.Testing.Feature.PublicationPageUnitTest" assertions="1" time="0.007965"/>
        <testcase name="testParse" file="/home/runner/work/develop/develop/packages/publications/tests/Feature/PublicationPageUnitTest.php" line="155" class="Hyde\Publications\Testing\Feature\PublicationPageUnitTest" classname="Hyde.Publications.Testing.Feature.PublicationPageUnitTest" assertions="1" time="0.005982"/>
        <testcase name="testGetRouteKey" file="/home/runner/work/develop/develop/packages/publications/tests/Feature/PublicationPageUnitTest.php" line="164" class="Hyde\Publications\Testing\Feature\PublicationPageUnitTest" classname="Hyde.Publications.Testing.Feature.PublicationPageUnitTest" assertions="1" time="0.004467"/>
        <testcase name="testTitle" file="/home/runner/work/develop/develop/packages/publications/tests/Feature/PublicationPageUnitTest.php" line="169" class="Hyde\Publications\Testing\Feature\PublicationPageUnitTest" classname="Hyde.Publications.Testing.Feature.PublicationPageUnitTest" assertions="1" time="0.004671"/>
        <testcase name="testAll" file="/home/runner/work/develop/develop/packages/publications/tests/Feature/PublicationPageUnitTest.php" line="174" class="Hyde\Publications\Testing\Feature\PublicationPageUnitTest" classname="Hyde.Publications.Testing.Feature.PublicationPageUnitTest" assertions="1" time="0.007105"/>
        <testcase name="testMetadata" file="/home/runner/work/develop/develop/packages/publications/tests/Feature/PublicationPageUnitTest.php" line="179" class="Hyde\Publications\Testing\Feature\PublicationPageUnitTest" classname="Hyde.Publications.Testing.Feature.PublicationPageUnitTest" assertions="1" time="0.004889"/>
        <testcase name="testConstruct" file="/home/runner/work/develop/develop/packages/publications/tests/Feature/PublicationPageUnitTest.php" line="185" class="Hyde\Publications\Testing\Feature\PublicationPageUnitTest" classname="Hyde.Publications.Testing.Feature.PublicationPageUnitTest" assertions="1" time="0.005620"/>
        <testcase name="testGetRoute" file="/home/runner/work/develop/develop/packages/publications/tests/Feature/PublicationPageUnitTest.php" line="190" class="Hyde\Publications\Testing\Feature\PublicationPageUnitTest" classname="Hyde.Publications.Testing.Feature.PublicationPageUnitTest" assertions="1" time="0.008092"/>
        <testcase name="testGetIdentifier" file="/home/runner/work/develop/develop/packages/publications/tests/Feature/PublicationPageUnitTest.php" line="195" class="Hyde\Publications\Testing\Feature\PublicationPageUnitTest" classname="Hyde.Publications.Testing.Feature.PublicationPageUnitTest" assertions="1" time="0.004585"/>
        <testcase name="testHas" file="/home/runner/work/develop/develop/packages/publications/tests/Feature/PublicationPageUnitTest.php" line="200" class="Hyde\Publications\Testing\Feature\PublicationPageUnitTest" classname="Hyde.Publications.Testing.Feature.PublicationPageUnitTest" assertions="1" time="0.004574"/>
        <testcase name="testToCoreDataObject" file="/home/runner/work/develop/develop/packages/publications/tests/Feature/PublicationPageUnitTest.php" line="205" class="Hyde\Publications\Testing\Feature\PublicationPageUnitTest" classname="Hyde.Publications.Testing.Feature.PublicationPageUnitTest" assertions="1" time="0.004562"/>
        <testcase name="testCompile" file="/home/runner/work/develop/develop/packages/publications/tests/Feature/PublicationPageUnitTest.php" line="211" class="Hyde\Publications\Testing\Feature\PublicationPageUnitTest" classname="Hyde.Publications.Testing.Feature.PublicationPageUnitTest" assertions="1" time="0.010214"/>
        <testcase name="testMatter" file="/home/runner/work/develop/develop/packages/publications/tests/Feature/PublicationPageUnitTest.php" line="221" class="Hyde\Publications\Testing\Feature\PublicationPageUnitTest" classname="Hyde.Publications.Testing.Feature.PublicationPageUnitTest" assertions="1" time="0.004462"/>
        <testcase name="testMarkdown" file="/home/runner/work/develop/develop/packages/publications/tests/Feature/PublicationPageUnitTest.php" line="226" class="Hyde\Publications\Testing\Feature\PublicationPageUnitTest" classname="Hyde.Publications.Testing.Feature.PublicationPageUnitTest" assertions="1" time="0.004718"/>
        <testcase name="testSave" file="/home/runner/work/develop/develop/packages/publications/tests/Feature/PublicationPageUnitTest.php" line="231" class="Hyde\Publications\Testing\Feature\PublicationPageUnitTest" classname="Hyde.Publications.Testing.Feature.PublicationPageUnitTest" assertions="2" time="0.005628"/>
        <testcase name="testGetType" file="/home/runner/work/develop/develop/packages/publications/tests/Feature/PublicationPageUnitTest.php" line="240" class="Hyde\Publications\Testing\Feature\PublicationPageUnitTest" classname="Hyde.Publications.Testing.Feature.PublicationPageUnitTest" assertions="2" time="0.005102"/>
      </testsuite>
      <testsuite name="Hyde\Publications\Testing\Feature\PublicationPageValidatorTest" file="/home/runner/work/develop/develop/packages/publications/tests/Feature/PublicationPageValidatorTest.php" tests="5" assertions="5" errors="0" failures="0" skipped="0" time="0.045799">
        <testcase name="testValidatePageFile" file="/home/runner/work/develop/develop/packages/publications/tests/Feature/PublicationPageValidatorTest.php" line="17" class="Hyde\Publications\Testing\Feature\PublicationPageValidatorTest" classname="Hyde.Publications.Testing.Feature.PublicationPageValidatorTest" assertions="1" time="0.023107"/>
        <testcase name="testValidatePageFileWithInvalidFields" file="/home/runner/work/develop/develop/packages/publications/tests/Feature/PublicationPageValidatorTest.php" line="42" class="Hyde\Publications\Testing\Feature\PublicationPageValidatorTest" classname="Hyde.Publications.Testing.Feature.PublicationPageValidatorTest" assertions="1" time="0.006269"/>
        <testcase name="testValidatePageFileWithInvalidDataBuffered" file="/home/runner/work/develop/develop/packages/publications/tests/Feature/PublicationPageValidatorTest.php" line="66" class="Hyde\Publications\Testing\Feature\PublicationPageValidatorTest" classname="Hyde.Publications.Testing.Feature.PublicationPageValidatorTest" assertions="1" time="0.006252"/>
        <testcase name="testWarningsWithWarnings" file="/home/runner/work/develop/develop/packages/publications/tests/Feature/PublicationPageValidatorTest.php" line="92" class="Hyde\Publications\Testing\Feature\PublicationPageValidatorTest" classname="Hyde.Publications.Testing.Feature.PublicationPageValidatorTest" assertions="1" time="0.005151"/>
        <testcase name="testWarningsWithoutWarnings" file="/home/runner/work/develop/develop/packages/publications/tests/Feature/PublicationPageValidatorTest.php" line="114" class="Hyde\Publications\Testing\Feature\PublicationPageValidatorTest" classname="Hyde.Publications.Testing.Feature.PublicationPageValidatorTest" assertions="1" time="0.005020"/>
      </testsuite>
      <testsuite name="Hyde\Publications\Testing\Feature\PublicationSchemaValidatorTest" file="/home/runner/work/develop/develop/packages/publications/tests/Feature/PublicationSchemaValidatorTest.php" tests="4" assertions="4" errors="0" failures="0" skipped="0" time="0.058198">
        <testcase name="testValidateSchemaFile" file="/home/runner/work/develop/develop/packages/publications/tests/Feature/PublicationSchemaValidatorTest.php" line="16" class="Hyde\Publications\Testing\Feature\PublicationSchemaValidatorTest" classname="Hyde.Publications.Testing.Feature.PublicationSchemaValidatorTest" assertions="1" time="0.034055"/>
        <testcase name="testValidateSchemaFileWithInvalidSchema" file="/home/runner/work/develop/develop/packages/publications/tests/Feature/PublicationSchemaValidatorTest.php" line="29" class="Hyde\Publications\Testing\Feature\PublicationSchemaValidatorTest" classname="Hyde.Publications.Testing.Feature.PublicationSchemaValidatorTest" assertions="1" time="0.007932"/>
        <testcase name="testValidateSchemaFileWithInvalidFields" file="/home/runner/work/develop/develop/packages/publications/tests/Feature/PublicationSchemaValidatorTest.php" line="54" class="Hyde\Publications\Testing\Feature\PublicationSchemaValidatorTest" classname="Hyde.Publications.Testing.Feature.PublicationSchemaValidatorTest" assertions="1" time="0.007511"/>
        <testcase name="testValidateSchemaFileWithInvalidDataBuffered" file="/home/runner/work/develop/develop/packages/publications/tests/Feature/PublicationSchemaValidatorTest.php" line="87" class="Hyde\Publications\Testing\Feature\PublicationSchemaValidatorTest" classname="Hyde.Publications.Testing.Feature.PublicationSchemaValidatorTest" assertions="1" time="0.008700"/>
      </testsuite>
      <testsuite name="Hyde\Publications\Testing\Feature\PublicationServiceTest" file="/home/runner/work/develop/develop/packages/publications/tests/Feature/PublicationServiceTest.php" tests="21" assertions="24" errors="0" failures="0" skipped="0" time="0.232134">
        <testcase name="testGetPublicationTypes" file="/home/runner/work/develop/develop/packages/publications/tests/Feature/PublicationServiceTest.php" line="28" class="Hyde\Publications\Testing\Feature\PublicationServiceTest" classname="Hyde.Publications.Testing.Feature.PublicationServiceTest" assertions="1" time="0.003968"/>
        <testcase name="testGetPublicationTypesWithTypes" file="/home/runner/work/develop/develop/packages/publications/tests/Feature/PublicationServiceTest.php" line="33" class="Hyde\Publications\Testing\Feature\PublicationServiceTest" classname="Hyde.Publications.Testing.Feature.PublicationServiceTest" assertions="1" time="0.009246"/>
        <testcase name="testGetPublicationTypesMethodReturnsTheSameInstances" file="/home/runner/work/develop/develop/packages/publications/tests/Feature/PublicationServiceTest.php" line="43" class="Hyde\Publications\Testing\Feature\PublicationServiceTest" classname="Hyde.Publications.Testing.Feature.PublicationServiceTest" assertions="1" time="0.004124"/>
        <testcase name="testGetPublicationsForPubType" file="/home/runner/work/develop/develop/packages/publications/tests/Feature/PublicationServiceTest.php" line="50" class="Hyde\Publications\Testing\Feature\PublicationServiceTest" classname="Hyde.Publications.Testing.Feature.PublicationServiceTest" assertions="1" time="0.008898"/>
        <testcase name="testGetPublicationsForPubTypeWithPublications" file="/home/runner/work/develop/develop/packages/publications/tests/Feature/PublicationServiceTest.php" line="60" class="Hyde\Publications\Testing\Feature\PublicationServiceTest" classname="Hyde.Publications.Testing.Feature.PublicationServiceTest" assertions="1" time="0.013577"/>
        <testcase name="testGetPublicationsForPubTypeOnlyContainsInstancesOfPublicationPage" file="/home/runner/work/develop/develop/packages/publications/tests/Feature/PublicationServiceTest.php" line="73" class="Hyde\Publications\Testing\Feature\PublicationServiceTest" classname="Hyde.Publications.Testing.Feature.PublicationServiceTest" assertions="1" time="0.011320"/>
        <testcase name="testGetPublicationsForPubTypeSortsPublicationsBySortField" file="/home/runner/work/develop/develop/packages/publications/tests/Feature/PublicationServiceTest.php" line="84" class="Hyde\Publications\Testing\Feature\PublicationServiceTest" classname="Hyde.Publications.Testing.Feature.PublicationServiceTest" assertions="1" time="0.025138"/>
        <testcase name="testGetPublicationsForPubTypeSortsPublicationsWithSpecifiedDirection" file="/home/runner/work/develop/develop/packages/publications/tests/Feature/PublicationServiceTest.php" line="102" class="Hyde\Publications\Testing\Feature\PublicationServiceTest" classname="Hyde.Publications.Testing.Feature.PublicationServiceTest" assertions="1" time="0.022978"/>
        <testcase name="testGetPublicationsForPubTypeSortsPublicationsByNewSortField" file="/home/runner/work/develop/develop/packages/publications/tests/Feature/PublicationServiceTest.php" line="120" class="Hyde\Publications\Testing\Feature\PublicationServiceTest" classname="Hyde.Publications.Testing.Feature.PublicationServiceTest" assertions="1" time="0.022558"/>
        <testcase name="testGetPublicationsForPubTypeSortsPublicationsByNewSortFieldDescending" file="/home/runner/work/develop/develop/packages/publications/tests/Feature/PublicationServiceTest.php" line="138" class="Hyde\Publications\Testing\Feature\PublicationServiceTest" classname="Hyde.Publications.Testing.Feature.PublicationServiceTest" assertions="1" time="0.022500"/>
        <testcase name="testGetPublicationsForPubTypeWithInvalidSortField" file="/home/runner/work/develop/develop/packages/publications/tests/Feature/PublicationServiceTest.php" line="156" class="Hyde\Publications\Testing\Feature\PublicationServiceTest" classname="Hyde.Publications.Testing.Feature.PublicationServiceTest" assertions="1" time="0.023297"/>
        <testcase name="testGetMediaForPubType" file="/home/runner/work/develop/develop/packages/publications/tests/Feature/PublicationServiceTest.php" line="174" class="Hyde\Publications\Testing\Feature\PublicationServiceTest" classname="Hyde.Publications.Testing.Feature.PublicationServiceTest" assertions="1" time="0.004442"/>
        <testcase name="testGetMediaForPubTypeWithMedia" file="/home/runner/work/develop/develop/packages/publications/tests/Feature/PublicationServiceTest.php" line="184" class="Hyde\Publications\Testing\Feature\PublicationServiceTest" classname="Hyde.Publications.Testing.Feature.PublicationServiceTest" assertions="1" time="0.005436"/>
        <testcase name="testGetMediaForPubTypeWithCustomMediaDirectory" file="/home/runner/work/develop/develop/packages/publications/tests/Feature/PublicationServiceTest.php" line="198" class="Hyde\Publications\Testing\Feature\PublicationServiceTest" classname="Hyde.Publications.Testing.Feature.PublicationServiceTest" assertions="1" time="0.005497"/>
        <testcase name="testParsePublicationFile" file="/home/runner/work/develop/develop/packages/publications/tests/Feature/PublicationServiceTest.php" line="213" class="Hyde\Publications\Testing\Feature\PublicationServiceTest" classname="Hyde.Publications.Testing.Feature.PublicationServiceTest" assertions="2" time="0.006775"/>
        <testcase name="testParsePublicationFileWithNonExistentFile" file="/home/runner/work/develop/develop/packages/publications/tests/Feature/PublicationServiceTest.php" line="223" class="Hyde\Publications\Testing\Feature\PublicationServiceTest" classname="Hyde.Publications.Testing.Feature.PublicationServiceTest" assertions="2" time="0.004303"/>
        <testcase name="testPublicationTypeExists" file="/home/runner/work/develop/develop/packages/publications/tests/Feature/PublicationServiceTest.php" line="233" class="Hyde\Publications\Testing\Feature\PublicationServiceTest" classname="Hyde.Publications.Testing.Feature.PublicationServiceTest" assertions="2" time="0.004479"/>
        <testcase name="testCanGetTagsUsedInPublications" file="/home/runner/work/develop/develop/packages/publications/tests/Feature/PublicationServiceTest.php" line="241" class="Hyde\Publications\Testing\Feature\PublicationServiceTest" classname="Hyde.Publications.Testing.Feature.PublicationServiceTest" assertions="1" time="0.008602"/>
        <testcase name="testMultipleOccurringTagsAreAggregatedUniquely" file="/home/runner/work/develop/develop/packages/publications/tests/Feature/PublicationServiceTest.php" line="257" class="Hyde\Publications\Testing\Feature\PublicationServiceTest" classname="Hyde.Publications.Testing.Feature.PublicationServiceTest" assertions="1" time="0.008883"/>
        <testcase name="testAllTagsMethodFindsBothArrayAndSingleTagValues" file="/home/runner/work/develop/develop/packages/publications/tests/Feature/PublicationServiceTest.php" line="275" class="Hyde\Publications\Testing\Feature\PublicationServiceTest" classname="Hyde.Publications.Testing.Feature.PublicationServiceTest" assertions="1" time="0.008835"/>
        <testcase name="testAllTagsMethodReturnsEmptyArrayWhenThereAreNoTagsUsed" file="/home/runner/work/develop/develop/packages/publications/tests/Feature/PublicationServiceTest.php" line="293" class="Hyde\Publications\Testing\Feature\PublicationServiceTest" classname="Hyde.Publications.Testing.Feature.PublicationServiceTest" assertions="1" time="0.007277"/>
      </testsuite>
      <testsuite name="Hyde\Publications\Testing\Feature\PublicationTypeTest" file="/home/runner/work/develop/develop/packages/publications/tests/Feature/PublicationTypeTest.php" tests="39" assertions="62" errors="0" failures="0" skipped="0" time="0.240753">
        <testcase name="testCanConstructNewPublicationType" file="/home/runner/work/develop/develop/packages/publications/tests/Feature/PublicationTypeTest.php" line="25" class="Hyde\Publications\Testing\Feature\PublicationTypeTest" classname="Hyde.Publications.Testing.Feature.PublicationTypeTest" assertions="8" time="0.004804"/>
        <testcase name="testConstructWithDefaultValues" file="/home/runner/work/develop/develop/packages/publications/tests/Feature/PublicationTypeTest.php" line="42" class="Hyde\Publications\Testing\Feature\PublicationTypeTest" classname="Hyde.Publications.Testing.Feature.PublicationTypeTest" assertions="9" time="0.003994"/>
        <testcase name="testConstructWithPaginationSettings" file="/home/runner/work/develop/develop/packages/publications/tests/Feature/PublicationTypeTest.php" line="58" class="Hyde\Publications\Testing\Feature\PublicationTypeTest" classname="Hyde.Publications.Testing.Feature.PublicationTypeTest" assertions="3" time="0.003440"/>
        <testcase name="testClassIsArrayable" file="/home/runner/work/develop/develop/packages/publications/tests/Feature/PublicationTypeTest.php" line="72" class="Hyde\Publications\Testing\Feature\PublicationTypeTest" classname="Hyde.Publications.Testing.Feature.PublicationTypeTest" assertions="1" time="0.003485"/>
        <testcase name="testClassIsJsonSerializable" file="/home/runner/work/develop/develop/packages/publications/tests/Feature/PublicationTypeTest.php" line="78" class="Hyde\Publications\Testing\Feature\PublicationTypeTest" classname="Hyde.Publications.Testing.Feature.PublicationTypeTest" assertions="1" time="0.003394"/>
        <testcase name="testClassIsJsonable" file="/home/runner/work/develop/develop/packages/publications/tests/Feature/PublicationTypeTest.php" line="84" class="Hyde\Publications\Testing\Feature\PublicationTypeTest" classname="Hyde.Publications.Testing.Feature.PublicationTypeTest" assertions="1" time="0.003285"/>
        <testcase name="testGetDirectory" file="/home/runner/work/develop/develop/packages/publications/tests/Feature/PublicationTypeTest.php" line="90" class="Hyde\Publications\Testing\Feature\PublicationTypeTest" classname="Hyde.Publications.Testing.Feature.PublicationTypeTest" assertions="1" time="0.003214"/>
        <testcase name="testGetIdentifier" file="/home/runner/work/develop/develop/packages/publications/tests/Feature/PublicationTypeTest.php" line="96" class="Hyde\Publications\Testing\Feature\PublicationTypeTest" classname="Hyde.Publications.Testing.Feature.PublicationTypeTest" assertions="1" time="0.003223"/>
        <testcase name="testGetIdentifierWithNoDirectory" file="/home/runner/work/develop/develop/packages/publications/tests/Feature/PublicationTypeTest.php" line="102" class="Hyde\Publications\Testing\Feature\PublicationTypeTest" classname="Hyde.Publications.Testing.Feature.PublicationTypeTest" assertions="1" time="0.003289"/>
        <testcase name="testCanSaveToJsonFile" file="/home/runner/work/develop/develop/packages/publications/tests/Feature/PublicationTypeTest.php" line="108" class="Hyde\Publications\Testing\Feature\PublicationTypeTest" classname="Hyde.Publications.Testing.Feature.PublicationTypeTest" assertions="2" time="0.004197"/>
        <testcase name="testCanSaveToJsonFileUsingCustomPath" file="/home/runner/work/develop/develop/packages/publications/tests/Feature/PublicationTypeTest.php" line="119" class="Hyde\Publications\Testing\Feature\PublicationTypeTest" classname="Hyde.Publications.Testing.Feature.PublicationTypeTest" assertions="2" time="0.004223"/>
        <testcase name="testCanLoadFromJsonFile" file="/home/runner/work/develop/develop/packages/publications/tests/Feature/PublicationTypeTest.php" line="130" class="Hyde\Publications\Testing\Feature\PublicationTypeTest" classname="Hyde.Publications.Testing.Feature.PublicationTypeTest" assertions="1" time="0.004768"/>
        <testcase name="testCanLoadFieldsWithValidationRules" file="/home/runner/work/develop/develop/packages/publications/tests/Feature/PublicationTypeTest.php" line="158" class="Hyde\Publications\Testing\Feature\PublicationTypeTest" classname="Hyde.Publications.Testing.Feature.PublicationTypeTest" assertions="1" time="0.004533"/>
        <testcase name="testGetFieldsMethodReturnsCollectionOfFieldObjects" file="/home/runner/work/develop/develop/packages/publications/tests/Feature/PublicationTypeTest.php" line="177" class="Hyde\Publications\Testing\Feature\PublicationTypeTest" classname="Hyde.Publications.Testing.Feature.PublicationTypeTest" assertions="4" time="0.003773"/>
        <testcase name="testGetFieldMethodParsesPublicationFieldsFromSchemaFile" file="/home/runner/work/develop/develop/packages/publications/tests/Feature/PublicationTypeTest.php" line="189" class="Hyde\Publications\Testing\Feature\PublicationTypeTest" classname="Hyde.Publications.Testing.Feature.PublicationTypeTest" assertions="1" time="0.004632"/>
        <testcase name="testGetFieldMethodParsesPublicationFieldsWithOptionPropertiesFromSchemaFile" file="/home/runner/work/develop/develop/packages/publications/tests/Feature/PublicationTypeTest.php" line="207" class="Hyde\Publications\Testing\Feature\PublicationTypeTest" classname="Hyde.Publications.Testing.Feature.PublicationTypeTest" assertions="1" time="0.004850"/>
        <testcase name="testGetMethodCanFindExistingFileOnDisk" file="/home/runner/work/develop/develop/packages/publications/tests/Feature/PublicationTypeTest.php" line="225" class="Hyde\Publications\Testing\Feature\PublicationTypeTest" classname="Hyde.Publications.Testing.Feature.PublicationTypeTest" assertions="1" time="0.004596"/>
        <testcase name="testGetMethodFailsIfPublicationTypeDoesNotExist" file="/home/runner/work/develop/develop/packages/publications/tests/Feature/PublicationTypeTest.php" line="234" class="Hyde\Publications\Testing\Feature\PublicationTypeTest" classname="Hyde.Publications.Testing.Feature.PublicationTypeTest" assertions="2" time="0.003479"/>
        <testcase name="testGetListPage" file="/home/runner/work/develop/develop/packages/publications/tests/Feature/PublicationTypeTest.php" line="241" class="Hyde\Publications\Testing\Feature\PublicationTypeTest" classname="Hyde.Publications.Testing.Feature.PublicationTypeTest" assertions="1" time="0.005950"/>
        <testcase name="testGetFieldDefinition" file="/home/runner/work/develop/develop/packages/publications/tests/Feature/PublicationTypeTest.php" line="247" class="Hyde\Publications\Testing\Feature\PublicationTypeTest" classname="Hyde.Publications.Testing.Feature.PublicationTypeTest" assertions="1" time="0.003457"/>
        <testcase name="testGetFieldDefinitionWithMissingField" file="/home/runner/work/develop/develop/packages/publications/tests/Feature/PublicationTypeTest.php" line="256" class="Hyde\Publications\Testing\Feature\PublicationTypeTest" classname="Hyde.Publications.Testing.Feature.PublicationTypeTest" assertions="1" time="0.003506"/>
        <testcase name="testGetCanonicalFieldDefinition" file="/home/runner/work/develop/develop/packages/publications/tests/Feature/PublicationTypeTest.php" line="264" class="Hyde\Publications\Testing\Feature\PublicationTypeTest" classname="Hyde.Publications.Testing.Feature.PublicationTypeTest" assertions="1" time="0.003437"/>
        <testcase name="testGetCanonicalFieldDefinitionWithMetaFieldAsCanonical" file="/home/runner/work/develop/develop/packages/publications/tests/Feature/PublicationTypeTest.php" line="273" class="Hyde\Publications\Testing\Feature\PublicationTypeTest" classname="Hyde.Publications.Testing.Feature.PublicationTypeTest" assertions="1" time="0.003444"/>
        <testcase name="testGetPublications" file="/home/runner/work/develop/develop/packages/publications/tests/Feature/PublicationTypeTest.php" line="282" class="Hyde\Publications\Testing\Feature\PublicationTypeTest" classname="Hyde.Publications.Testing.Feature.PublicationTypeTest" assertions="1" time="0.007584"/>
        <testcase name="testGetPaginator" file="/home/runner/work/develop/develop/packages/publications/tests/Feature/PublicationTypeTest.php" line="291" class="Hyde\Publications\Testing\Feature\PublicationTypeTest" classname="Hyde.Publications.Testing.Feature.PublicationTypeTest" assertions="1" time="0.007381"/>
        <testcase name="testGetPaginatorWithCustomPublicationTypePaginationSettings" file="/home/runner/work/develop/develop/packages/publications/tests/Feature/PublicationTypeTest.php" line="300" class="Hyde\Publications\Testing\Feature\PublicationTypeTest" classname="Hyde.Publications.Testing.Feature.PublicationTypeTest" assertions="1" time="0.007629"/>
        <testcase name="testGetPaginatorSortsCollectionBySpecifiedPaginationSettings" file="/home/runner/work/develop/develop/packages/publications/tests/Feature/PublicationTypeTest.php" line="311" class="Hyde\Publications\Testing\Feature\PublicationTypeTest" classname="Hyde.Publications.Testing.Feature.PublicationTypeTest" assertions="1" time="0.031021"/>
        <testcase name="testGetPaginatorSortsCollectionBySpecifiedPaginationSettingsWithDescendingSort" file="/home/runner/work/develop/develop/packages/publications/tests/Feature/PublicationTypeTest.php" line="332" class="Hyde\Publications\Testing\Feature\PublicationTypeTest" classname="Hyde.Publications.Testing.Feature.PublicationTypeTest" assertions="1" time="0.030469"/>
        <testcase name="testUsesPaginationReturnsTrueWhenPaginationShouldBeEnabled" file="/home/runner/work/develop/develop/packages/publications/tests/Feature/PublicationTypeTest.php" line="353" class="Hyde\Publications\Testing\Feature\PublicationTypeTest" classname="Hyde.Publications.Testing.Feature.PublicationTypeTest" assertions="1" time="0.015009"/>
        <testcase name="testUsesPaginationReturnsFalseWhenPageSizeIsSetToNought" file="/home/runner/work/develop/develop/packages/publications/tests/Feature/PublicationTypeTest.php" line="367" class="Hyde\Publications\Testing\Feature\PublicationTypeTest" classname="Hyde.Publications.Testing.Feature.PublicationTypeTest" assertions="1" time="0.004550"/>
        <testcase name="testUsesPaginationReturnsFalseWhenNumberOfPagesIsLessThanPageSize" file="/home/runner/work/develop/develop/packages/publications/tests/Feature/PublicationTypeTest.php" line="381" class="Hyde\Publications\Testing\Feature\PublicationTypeTest" classname="Hyde.Publications.Testing.Feature.PublicationTypeTest" assertions="1" time="0.013929"/>
        <testcase name="testArrayRepresentationWithDefaultValues" file="/home/runner/work/develop/develop/packages/publications/tests/Feature/PublicationTypeTest.php" line="395" class="Hyde\Publications\Testing\Feature\PublicationTypeTest" classname="Hyde.Publications.Testing.Feature.PublicationTypeTest" assertions="1" time="0.003327"/>
        <testcase name="testJsonRepresentationWithDefaultValues" file="/home/runner/work/develop/develop/packages/publications/tests/Feature/PublicationTypeTest.php" line="411" class="Hyde\Publications\Testing\Feature\PublicationTypeTest" classname="Hyde.Publications.Testing.Feature.PublicationTypeTest" assertions="1" time="0.004270"/>
        <testcase name="testArrayRepresentationWithMetadata" file="/home/runner/work/develop/develop/packages/publications/tests/Feature/PublicationTypeTest.php" line="429" class="Hyde\Publications\Testing\Feature\PublicationTypeTest" classname="Hyde.Publications.Testing.Feature.PublicationTypeTest" assertions="1" time="0.003598"/>
        <testcase name="testJsonRepresentationWithMetadata" file="/home/runner/work/develop/develop/packages/publications/tests/Feature/PublicationTypeTest.php" line="450" class="Hyde\Publications\Testing\Feature\PublicationTypeTest" classname="Hyde.Publications.Testing.Feature.PublicationTypeTest" assertions="1" time="0.003393"/>
        <testcase name="testCanParseSchemaFileWithMetadata" file="/home/runner/work/develop/develop/packages/publications/tests/Feature/PublicationTypeTest.php" line="480" class="Hyde\Publications\Testing\Feature\PublicationTypeTest" classname="Hyde.Publications.Testing.Feature.PublicationTypeTest" assertions="1" time="0.004616"/>
        <testcase name="testCanGetMetadata" file="/home/runner/work/develop/develop/packages/publications/tests/Feature/PublicationTypeTest.php" line="522" class="Hyde\Publications\Testing\Feature\PublicationTypeTest" classname="Hyde.Publications.Testing.Feature.PublicationTypeTest" assertions="1" time="0.003310"/>
        <testcase name="testCanSetMetadata" file="/home/runner/work/develop/develop/packages/publications/tests/Feature/PublicationTypeTest.php" line="537" class="Hyde\Publications\Testing\Feature\PublicationTypeTest" classname="Hyde.Publications.Testing.Feature.PublicationTypeTest" assertions="1" time="0.003349"/>
        <testcase name="testValidateSchemaFile" file="/home/runner/work/develop/develop/packages/publications/tests/Feature/PublicationTypeTest.php" line="553" class="Hyde\Publications\Testing\Feature\PublicationTypeTest" classname="Hyde.Publications.Testing.Feature.PublicationTypeTest" assertions="1" time="0.006345"/>
      </testsuite>
      <testsuite name="Hyde\Publications\Testing\Feature\PublicationsExtensionTest" file="/home/runner/work/develop/develop/packages/publications/tests/Feature/PublicationsExtensionTest.php" tests="16" assertions="34" errors="0" failures="0" skipped="0" time="0.194933">
        <testcase name="testGetPageClassesMethod" file="/home/runner/work/develop/develop/packages/publications/tests/Feature/PublicationsExtensionTest.php" line="40" class="Hyde\Publications\Testing\Feature\PublicationsExtensionTest" classname="Hyde.Publications.Testing.Feature.PublicationsExtensionTest" assertions="1" time="0.003792"/>
        <testcase name="testGetTypesMethod" file="/home/runner/work/develop/develop/packages/publications/tests/Feature/PublicationsExtensionTest.php" line="45" class="Hyde\Publications\Testing\Feature\PublicationsExtensionTest" classname="Hyde.Publications.Testing.Feature.PublicationsExtensionTest" assertions="1" time="0.004882"/>
        <testcase name="testGetTypesMethodWithTypes" file="/home/runner/work/develop/develop/packages/publications/tests/Feature/PublicationsExtensionTest.php" line="52" class="Hyde\Publications\Testing\Feature\PublicationsExtensionTest" classname="Hyde.Publications.Testing.Feature.PublicationsExtensionTest" assertions="1" time="0.011324"/>
        <testcase name="testGetTypesMethodWithMultipleTypes" file="/home/runner/work/develop/develop/packages/publications/tests/Feature/PublicationsExtensionTest.php" line="61" class="Hyde\Publications\Testing\Feature\PublicationsExtensionTest" classname="Hyde.Publications.Testing.Feature.PublicationsExtensionTest" assertions="1" time="0.013145"/>
        <testcase name="testPublicationFilesAreDiscovered" file="/home/runner/work/develop/develop/packages/publications/tests/Feature/PublicationsExtensionTest.php" line="76" class="Hyde\Publications\Testing\Feature\PublicationsExtensionTest" classname="Hyde.Publications.Testing.Feature.PublicationsExtensionTest" assertions="3" time="0.007493"/>
        <testcase name="testPublicationFilesAreDiscoveredForMultipleTypes" file="/home/runner/work/develop/develop/packages/publications/tests/Feature/PublicationsExtensionTest.php" line="91" class="Hyde\Publications\Testing\Feature\PublicationsExtensionTest" classname="Hyde.Publications.Testing.Feature.PublicationsExtensionTest" assertions="1" time="0.008524"/>
        <testcase name="testPublicationMediaFilesAreDiscovered" file="/home/runner/work/develop/develop/packages/publications/tests/Feature/PublicationsExtensionTest.php" line="105" class="Hyde\Publications\Testing\Feature\PublicationsExtensionTest" classname="Hyde.Publications.Testing.Feature.PublicationsExtensionTest" assertions="2" time="0.005493"/>
        <testcase name="testBasePublicationPagesAreDiscovered" file="/home/runner/work/develop/develop/packages/publications/tests/Feature/PublicationsExtensionTest.php" line="115" class="Hyde\Publications\Testing\Feature\PublicationsExtensionTest" classname="Hyde.Publications.Testing.Feature.PublicationsExtensionTest" assertions="1" time="0.013185"/>
        <testcase name="testPublicationPagesAreDiscovered" file="/home/runner/work/develop/develop/packages/publications/tests/Feature/PublicationsExtensionTest.php" line="125" class="Hyde\Publications\Testing\Feature\PublicationsExtensionTest" classname="Hyde.Publications.Testing.Feature.PublicationsExtensionTest" assertions="3" time="0.015376"/>
        <testcase name="testListingPagesForPublicationsAreGenerated" file="/home/runner/work/develop/develop/packages/publications/tests/Feature/PublicationsExtensionTest.php" line="141" class="Hyde\Publications\Testing\Feature\PublicationsExtensionTest" classname="Hyde.Publications.Testing.Feature.PublicationsExtensionTest" assertions="3" time="0.014861"/>
        <testcase name="testPaginatedListingPagesForPublicationsAreGenerated" file="/home/runner/work/develop/develop/packages/publications/tests/Feature/PublicationsExtensionTest.php" line="156" class="Hyde\Publications\Testing\Feature\PublicationsExtensionTest" classname="Hyde.Publications.Testing.Feature.PublicationsExtensionTest" assertions="3" time="0.021040"/>
        <testcase name="testPublicationTagListPagesAreGenerated" file="/home/runner/work/develop/develop/packages/publications/tests/Feature/PublicationsExtensionTest.php" line="169" class="Hyde\Publications\Testing\Feature\PublicationsExtensionTest" classname="Hyde.Publications.Testing.Feature.PublicationsExtensionTest" assertions="1" time="0.017084"/>
        <testcase name="testPublicationTagListRoutesWithTagsAreGenerated" file="/home/runner/work/develop/develop/packages/publications/tests/Feature/PublicationsExtensionTest.php" line="184" class="Hyde\Publications\Testing\Feature\PublicationsExtensionTest" classname="Hyde.Publications.Testing.Feature.PublicationsExtensionTest" assertions="3" time="0.018580"/>
        <testcase name="testPublicationRoutesAreDiscovered" file="/home/runner/work/develop/develop/packages/publications/tests/Feature/PublicationsExtensionTest.php" line="210" class="Hyde\Publications\Testing\Feature\PublicationsExtensionTest" classname="Hyde.Publications.Testing.Feature.PublicationsExtensionTest" assertions="4" time="0.014108"/>
        <testcase name="testPublicationTagListRoutesAreDiscovered" file="/home/runner/work/develop/develop/packages/publications/tests/Feature/PublicationsExtensionTest.php" line="233" class="Hyde\Publications\Testing\Feature\PublicationsExtensionTest" classname="Hyde.Publications.Testing.Feature.PublicationsExtensionTest" assertions="3" time="0.012040"/>
        <testcase name="testPublicationTagListRoutesWithTagsAreDiscovered" file="/home/runner/work/develop/develop/packages/publications/tests/Feature/PublicationsExtensionTest.php" line="259" class="Hyde\Publications\Testing\Feature\PublicationsExtensionTest" classname="Hyde.Publications.Testing.Feature.PublicationsExtensionTest" assertions="3" time="0.014005"/>
      </testsuite>
      <testsuite name="Hyde\Publications\Testing\Feature\RelatedPublicationsComponentTest" file="/home/runner/work/develop/develop/packages/publications/tests/Feature/RelatedPublicationsComponentTest.php" tests="12" assertions="12" errors="0" failures="0" skipped="0" time="0.137012">
        <testcase name="testWithStandardPage" file="/home/runner/work/develop/develop/packages/publications/tests/Feature/RelatedPublicationsComponentTest.php" line="23" class="Hyde\Publications\Testing\Feature\RelatedPublicationsComponentTest" classname="Hyde.Publications.Testing.Feature.RelatedPublicationsComponentTest" assertions="1" time="0.022791"/>
        <testcase name="testWithBlankPublicationType" file="/home/runner/work/develop/develop/packages/publications/tests/Feature/RelatedPublicationsComponentTest.php" line="31" class="Hyde\Publications\Testing\Feature\RelatedPublicationsComponentTest" classname="Hyde.Publications.Testing.Feature.RelatedPublicationsComponentTest" assertions="1" time="0.005099"/>
        <testcase name="testWithEmptyTags" file="/home/runner/work/develop/develop/packages/publications/tests/Feature/RelatedPublicationsComponentTest.php" line="41" class="Hyde\Publications\Testing\Feature\RelatedPublicationsComponentTest" classname="Hyde.Publications.Testing.Feature.RelatedPublicationsComponentTest" assertions="1" time="0.009101"/>
        <testcase name="testWithPublicationWithTag" file="/home/runner/work/develop/develop/packages/publications/tests/Feature/RelatedPublicationsComponentTest.php" line="51" class="Hyde\Publications\Testing\Feature\RelatedPublicationsComponentTest" classname="Hyde.Publications.Testing.Feature.RelatedPublicationsComponentTest" assertions="1" time="0.008382"/>
        <testcase name="testWithMoreTaggedPublications" file="/home/runner/work/develop/develop/packages/publications/tests/Feature/RelatedPublicationsComponentTest.php" line="61" class="Hyde\Publications\Testing\Feature\RelatedPublicationsComponentTest" classname="Hyde.Publications.Testing.Feature.RelatedPublicationsComponentTest" assertions="1" time="0.009365"/>
        <testcase name="testWithPublicationsWithOtherTagValue" file="/home/runner/work/develop/develop/packages/publications/tests/Feature/RelatedPublicationsComponentTest.php" line="75" class="Hyde\Publications\Testing\Feature\RelatedPublicationsComponentTest" classname="Hyde.Publications.Testing.Feature.RelatedPublicationsComponentTest" assertions="1" time="0.009332"/>
        <testcase name="testWithPublicationsWithCurrentOneBeingUntagged" file="/home/runner/work/develop/develop/packages/publications/tests/Feature/RelatedPublicationsComponentTest.php" line="89" class="Hyde\Publications\Testing\Feature\RelatedPublicationsComponentTest" classname="Hyde.Publications.Testing.Feature.RelatedPublicationsComponentTest" assertions="1" time="0.009103"/>
        <testcase name="testWithMultipleRelatedPages" file="/home/runner/work/develop/develop/packages/publications/tests/Feature/RelatedPublicationsComponentTest.php" line="103" class="Hyde\Publications\Testing\Feature\RelatedPublicationsComponentTest" classname="Hyde.Publications.Testing.Feature.RelatedPublicationsComponentTest" assertions="1" time="0.012165"/>
        <testcase name="testWithMultipleRelatedPagesAndLimit" file="/home/runner/work/develop/develop/packages/publications/tests/Feature/RelatedPublicationsComponentTest.php" line="131" class="Hyde\Publications\Testing\Feature\RelatedPublicationsComponentTest" classname="Hyde.Publications.Testing.Feature.RelatedPublicationsComponentTest" assertions="1" time="0.012514"/>
        <testcase name="testOnlyPublicationsWithTheSameTagAreIncluded" file="/home/runner/work/develop/develop/packages/publications/tests/Feature/RelatedPublicationsComponentTest.php" line="157" class="Hyde\Publications\Testing\Feature\RelatedPublicationsComponentTest" classname="Hyde.Publications.Testing.Feature.RelatedPublicationsComponentTest" assertions="1" time="0.011872"/>
        <testcase name="testResultsAreSortedByDateWithLatestFirst" file="/home/runner/work/develop/develop/packages/publications/tests/Feature/RelatedPublicationsComponentTest.php" line="182" class="Hyde\Publications\Testing\Feature\RelatedPublicationsComponentTest" classname="Hyde.Publications.Testing.Feature.RelatedPublicationsComponentTest" assertions="1" time="0.012440"/>
        <testcase name="testTheRenderMethod" file="/home/runner/work/develop/develop/packages/publications/tests/Feature/RelatedPublicationsComponentTest.php" line="210" class="Hyde\Publications\Testing\Feature\RelatedPublicationsComponentTest" classname="Hyde.Publications.Testing.Feature.RelatedPublicationsComponentTest" assertions="1" time="0.014846"/>
      </testsuite>
      <testsuite name="Hyde\Publications\Testing\Feature\SeedPublicationCommandTest" file="/home/runner/work/develop/develop/packages/publications/tests/Feature/SeedPublicationCommandTest.php" tests="7" assertions="29" errors="0" failures="0" skipped="0" time="0.115430">
        <testcase name="testCanSeedPublications" file="/home/runner/work/develop/develop/packages/publications/tests/Feature/SeedPublicationCommandTest.php" line="26" class="Hyde\Publications\Testing\Feature\SeedPublicationCommandTest" classname="Hyde.Publications.Testing.Feature.SeedPublicationCommandTest" assertions="6" time="0.062311"/>
        <testcase name="testCanSeedPublicationsUsingArguments" file="/home/runner/work/develop/develop/packages/publications/tests/Feature/SeedPublicationCommandTest.php" line="38" class="Hyde\Publications\Testing\Feature\SeedPublicationCommandTest" classname="Hyde.Publications.Testing.Feature.SeedPublicationCommandTest" assertions="3" time="0.010332"/>
        <testcase name="testCanSeedMultiplePublications" file="/home/runner/work/develop/develop/packages/publications/tests/Feature/SeedPublicationCommandTest.php" line="47" class="Hyde\Publications\Testing\Feature\SeedPublicationCommandTest" classname="Hyde.Publications.Testing.Feature.SeedPublicationCommandTest" assertions="4" time="0.011495"/>
        <testcase name="testCommandAsksToConfirmBeforeCreatingManyPublications" file="/home/runner/work/develop/develop/packages/publications/tests/Feature/SeedPublicationCommandTest.php" line="57" class="Hyde\Publications\Testing\Feature\SeedPublicationCommandTest" classname="Hyde.Publications.Testing.Feature.SeedPublicationCommandTest" assertions="7" time="0.009489"/>
        <testcase name="testCommandAsksToConfirmBeforeCreatingManyPublicationsWhenUsingArguments" file="/home/runner/work/develop/develop/packages/publications/tests/Feature/SeedPublicationCommandTest.php" line="70" class="Hyde\Publications\Testing\Feature\SeedPublicationCommandTest" classname="Hyde.Publications.Testing.Feature.SeedPublicationCommandTest" assertions="5" time="0.008106"/>
        <testcase name="testWithInvalidPublicationType" file="/home/runner/work/develop/develop/packages/publications/tests/Feature/SeedPublicationCommandTest.php" line="81" class="Hyde\Publications\Testing\Feature\SeedPublicationCommandTest" classname="Hyde.Publications.Testing.Feature.SeedPublicationCommandTest" assertions="2" time="0.006989"/>
        <testcase name="testWithNoPublicationTypes" file="/home/runner/work/develop/develop/packages/publications/tests/Feature/SeedPublicationCommandTest.php" line="88" class="Hyde\Publications\Testing\Feature\SeedPublicationCommandTest" classname="Hyde.Publications.Testing.Feature.SeedPublicationCommandTest" assertions="2" time="0.006708"/>
      </testsuite>
      <testsuite name="Hyde\Publications\Testing\Feature\SeedsPublicationFilesTest" file="/home/runner/work/develop/develop/packages/publications/tests/Feature/SeedsPublicationFilesTest.php" tests="13" assertions="38" errors="0" failures="0" skipped="0" time="0.102141">
        <testcase name="testCreate" file="/home/runner/work/develop/develop/packages/publications/tests/Feature/SeedsPublicationFilesTest.php" line="30" class="Hyde\Publications\Testing\Feature\SeedsPublicationFilesTest" classname="Hyde.Publications.Testing.Feature.SeedsPublicationFilesTest" assertions="3" time="0.005995"/>
        <testcase name="testCreateMany" file="/home/runner/work/develop/develop/packages/publications/tests/Feature/SeedsPublicationFilesTest.php" line="40" class="Hyde\Publications\Testing\Feature\SeedsPublicationFilesTest" classname="Hyde.Publications.Testing.Feature.SeedsPublicationFilesTest" assertions="2" time="0.007866"/>
        <testcase name="testWithArrayType" file="/home/runner/work/develop/develop/packages/publications/tests/Feature/SeedsPublicationFilesTest.php" line="49" class="Hyde\Publications\Testing\Feature\SeedsPublicationFilesTest" classname="Hyde.Publications.Testing.Feature.SeedsPublicationFilesTest" assertions="5" time="0.008035"/>
        <testcase name="testWithBooleanType" file="/home/runner/work/develop/develop/packages/publications/tests/Feature/SeedsPublicationFilesTest.php" line="62" class="Hyde\Publications\Testing\Feature\SeedsPublicationFilesTest" classname="Hyde.Publications.Testing.Feature.SeedsPublicationFilesTest" assertions="2" time="0.006764"/>
        <testcase name="testWithDateTimeType" file="/home/runner/work/develop/develop/packages/publications/tests/Feature/SeedsPublicationFilesTest.php" line="72" class="Hyde\Publications\Testing\Feature\SeedsPublicationFilesTest" classname="Hyde.Publications.Testing.Feature.SeedsPublicationFilesTest" assertions="3" time="0.006910"/>
        <testcase name="testWithFloatType" file="/home/runner/work/develop/develop/packages/publications/tests/Feature/SeedsPublicationFilesTest.php" line="83" class="Hyde\Publications\Testing\Feature\SeedsPublicationFilesTest" classname="Hyde.Publications.Testing.Feature.SeedsPublicationFilesTest" assertions="2" time="0.006669"/>
        <testcase name="testWithMediaType" file="/home/runner/work/develop/develop/packages/publications/tests/Feature/SeedsPublicationFilesTest.php" line="93" class="Hyde\Publications\Testing\Feature\SeedsPublicationFilesTest" classname="Hyde.Publications.Testing.Feature.SeedsPublicationFilesTest" assertions="3" time="0.006582"/>
        <testcase name="testWithIntegerType" file="/home/runner/work/develop/develop/packages/publications/tests/Feature/SeedsPublicationFilesTest.php" line="104" class="Hyde\Publications\Testing\Feature\SeedsPublicationFilesTest" classname="Hyde.Publications.Testing.Feature.SeedsPublicationFilesTest" assertions="2" time="0.006402"/>
        <testcase name="testWithStringType" file="/home/runner/work/develop/develop/packages/publications/tests/Feature/SeedsPublicationFilesTest.php" line="114" class="Hyde\Publications\Testing\Feature\SeedsPublicationFilesTest" classname="Hyde.Publications.Testing.Feature.SeedsPublicationFilesTest" assertions="2" time="0.006670"/>
        <testcase name="testWithTagType" file="/home/runner/work/develop/develop/packages/publications/tests/Feature/SeedsPublicationFilesTest.php" line="124" class="Hyde\Publications\Testing\Feature\SeedsPublicationFilesTest" classname="Hyde.Publications.Testing.Feature.SeedsPublicationFilesTest" assertions="4" time="0.018392"/>
        <testcase name="testWithTextType" file="/home/runner/work/develop/develop/packages/publications/tests/Feature/SeedsPublicationFilesTest.php" line="143" class="Hyde\Publications\Testing\Feature\SeedsPublicationFilesTest" classname="Hyde.Publications.Testing.Feature.SeedsPublicationFilesTest" assertions="4" time="0.007731"/>
        <testcase name="testWithUrlType" file="/home/runner/work/develop/develop/packages/publications/tests/Feature/SeedsPublicationFilesTest.php" line="155" class="Hyde\Publications\Testing\Feature\SeedsPublicationFilesTest" classname="Hyde.Publications.Testing.Feature.SeedsPublicationFilesTest" assertions="3" time="0.006924"/>
        <testcase name="testWithCanonicalDefinition" file="/home/runner/work/develop/develop/packages/publications/tests/Feature/SeedsPublicationFilesTest.php" line="166" class="Hyde\Publications\Testing\Feature\SeedsPublicationFilesTest" classname="Hyde.Publications.Testing.Feature.SeedsPublicationFilesTest" assertions="3" time="0.007200"/>
      </testsuite>
      <testsuite name="Hyde\Publications\Testing\Feature\StaticSiteBuilderPublicationModuleTest" file="/home/runner/work/develop/develop/packages/publications/tests/Feature/StaticSiteBuilderPublicationModuleTest.php" tests="5" assertions="25" errors="0" failures="0" skipped="0" time="0.661241">
        <testcase name="testCompilingWithPublicationTypeWithSeededFilesContainingAllFieldTypes" file="/home/runner/work/develop/develop/packages/publications/tests/Feature/StaticSiteBuilderPublicationModuleTest.php" line="30" class="Hyde\Publications\Testing\Feature\StaticSiteBuilderPublicationModuleTest" classname="Hyde.Publications.Testing.Feature.StaticSiteBuilderPublicationModuleTest" assertions="10" time="0.211793"/>
        <testcase name="testCompilingWithPublicationTypeThatUsesThePublishedViews" file="/home/runner/work/develop/develop/packages/publications/tests/Feature/StaticSiteBuilderPublicationModuleTest.php" line="70" class="Hyde\Publications\Testing\Feature\StaticSiteBuilderPublicationModuleTest" classname="Hyde.Publications.Testing.Feature.StaticSiteBuilderPublicationModuleTest" assertions="3" time="0.089567"/>
        <testcase name="testCompilingWithPublicationTypeThatUsesTheVendorViews" file="/home/runner/work/develop/develop/packages/publications/tests/Feature/StaticSiteBuilderPublicationModuleTest.php" line="95" class="Hyde\Publications\Testing\Feature\StaticSiteBuilderPublicationModuleTest" classname="Hyde.Publications.Testing.Feature.StaticSiteBuilderPublicationModuleTest" assertions="2" time="0.099842"/>
        <testcase name="testCompilingWithPublicationTypeThatUsesThePublishedPaginatedViews" file="/home/runner/work/develop/develop/packages/publications/tests/Feature/StaticSiteBuilderPublicationModuleTest.php" line="123" class="Hyde\Publications\Testing\Feature\StaticSiteBuilderPublicationModuleTest" classname="Hyde.Publications.Testing.Feature.StaticSiteBuilderPublicationModuleTest" assertions="5" time="0.133620"/>
        <testcase name="testCompilingWithPublicationTypeThatUsesThePaginatedVendorViews" file="/home/runner/work/develop/develop/packages/publications/tests/Feature/StaticSiteBuilderPublicationModuleTest.php" line="156" class="Hyde\Publications\Testing\Feature\StaticSiteBuilderPublicationModuleTest" classname="Hyde.Publications.Testing.Feature.StaticSiteBuilderPublicationModuleTest" assertions="5" time="0.126420"/>
      </testsuite>
      <testsuite name="Hyde\Publications\Testing\Feature\TranslationServiceProviderTest" file="/home/runner/work/develop/develop/packages/publications/tests/Feature/TranslationServiceProviderTest.php" tests="3" assertions="4" errors="0" failures="0" skipped="0" time="0.009763">
        <testcase name="testRegister" file="/home/runner/work/develop/develop/packages/publications/tests/Feature/TranslationServiceProviderTest.php" line="15" class="Hyde\Publications\Testing\Feature\TranslationServiceProviderTest" classname="Hyde.Publications.Testing.Feature.TranslationServiceProviderTest" assertions="2" time="0.003348"/>
        <testcase name="testBoot" file="/home/runner/work/develop/develop/packages/publications/tests/Feature/TranslationServiceProviderTest.php" line="23" class="Hyde\Publications\Testing\Feature\TranslationServiceProviderTest" classname="Hyde.Publications.Testing.Feature.TranslationServiceProviderTest" assertions="1" time="0.002901"/>
        <testcase name="testValidation" file="/home/runner/work/develop/develop/packages/publications/tests/Feature/TranslationServiceProviderTest.php" line="30" class="Hyde\Publications\Testing\Feature\TranslationServiceProviderTest" classname="Hyde.Publications.Testing.Feature.TranslationServiceProviderTest" assertions="1" time="0.003513"/>
      </testsuite>
      <testsuite name="Hyde\Publications\Testing\Feature\ValidatePublicationTypesCommandTest" file="/home/runner/work/develop/develop/packages/publications/tests/Feature/ValidatePublicationTypesCommandTest.php" tests="7" assertions="60" errors="0" failures="0" skipped="0" time="0.098496">
        <testcase name="testWithNoPublicationTypes" file="/home/runner/work/develop/develop/packages/publications/tests/Feature/ValidatePublicationTypesCommandTest.php" line="22" class="Hyde\Publications\Testing\Feature\ValidatePublicationTypesCommandTest" classname="Hyde.Publications.Testing.Feature.ValidatePublicationTypesCommandTest" assertions="3" time="0.019520"/>
        <testcase name="testWithValidSchemaFile" file="/home/runner/work/develop/develop/packages/publications/tests/Feature/ValidatePublicationTypesCommandTest.php" line="32" class="Hyde\Publications\Testing\Feature\ValidatePublicationTypesCommandTest" classname="Hyde.Publications.Testing.Feature.ValidatePublicationTypesCommandTest" assertions="6" time="0.010573"/>
        <testcase name="testWithInvalidSchemaFile" file="/home/runner/work/develop/develop/packages/publications/tests/Feature/ValidatePublicationTypesCommandTest.php" line="51" class="Hyde\Publications\Testing\Feature\ValidatePublicationTypesCommandTest" classname="Hyde.Publications.Testing.Feature.ValidatePublicationTypesCommandTest" assertions="19" time="0.017181"/>
        <testcase name="testWithMultiplePublicationTypes" file="/home/runner/work/develop/develop/packages/publications/tests/Feature/ValidatePublicationTypesCommandTest.php" line="103" class="Hyde\Publications\Testing\Feature\ValidatePublicationTypesCommandTest" classname="Hyde.Publications.Testing.Feature.ValidatePublicationTypesCommandTest" assertions="22" time="0.020458"/>
        <testcase name="testWithNoFields" file="/home/runner/work/develop/develop/packages/publications/tests/Feature/ValidatePublicationTypesCommandTest.php" line="161" class="Hyde\Publications\Testing\Feature\ValidatePublicationTypesCommandTest" classname="Hyde.Publications.Testing.Feature.ValidatePublicationTypesCommandTest" assertions="6" time="0.009711"/>
        <testcase name="testJsonOutputOption" file="/home/runner/work/develop/develop/packages/publications/tests/Feature/ValidatePublicationTypesCommandTest.php" line="176" class="Hyde\Publications\Testing\Feature\ValidatePublicationTypesCommandTest" classname="Hyde.Publications.Testing.Feature.ValidatePublicationTypesCommandTest" assertions="2" time="0.007781"/>
        <testcase name="testMultipleTypesWithJsonOutput" file="/home/runner/work/develop/develop/packages/publications/tests/Feature/ValidatePublicationTypesCommandTest.php" line="194" class="Hyde\Publications\Testing\Feature\ValidatePublicationTypesCommandTest" classname="Hyde.Publications.Testing.Feature.ValidatePublicationTypesCommandTest" assertions="2" time="0.013273"/>
      </testsuite>
      <testsuite name="Hyde\Publications\Testing\Feature\ValidatePublicationsCommandTest" file="/home/runner/work/develop/develop/packages/publications/tests/Feature/ValidatePublicationsCommandTest.php" tests="13" assertions="66" errors="0" failures="0" skipped="0" time="0.155993">
        <testcase name="testWithNoPublicationTypes" file="/home/runner/work/develop/develop/packages/publications/tests/Feature/ValidatePublicationsCommandTest.php" line="24" class="Hyde\Publications\Testing\Feature\ValidatePublicationsCommandTest" classname="Hyde.Publications.Testing.Feature.ValidatePublicationsCommandTest" assertions="2" time="0.017940"/>
        <testcase name="testWithInvalidPublicationType" file="/home/runner/work/develop/develop/packages/publications/tests/Feature/ValidatePublicationsCommandTest.php" line="33" class="Hyde\Publications\Testing\Feature\ValidatePublicationsCommandTest" classname="Hyde.Publications.Testing.Feature.ValidatePublicationsCommandTest" assertions="2" time="0.006408"/>
        <testcase name="testWithPublicationType" file="/home/runner/work/develop/develop/packages/publications/tests/Feature/ValidatePublicationsCommandTest.php" line="42" class="Hyde\Publications\Testing\Feature\ValidatePublicationsCommandTest" classname="Hyde.Publications.Testing.Feature.ValidatePublicationsCommandTest" assertions="4" time="0.011061"/>
        <testcase name="testWithPublicationTypeAndVerboseOutput" file="/home/runner/work/develop/develop/packages/publications/tests/Feature/ValidatePublicationsCommandTest.php" line="62" class="Hyde\Publications\Testing\Feature\ValidatePublicationsCommandTest" classname="Hyde.Publications.Testing.Feature.ValidatePublicationsCommandTest" assertions="4" time="0.010601"/>
        <testcase name="testWithInvalidPublication" file="/home/runner/work/develop/develop/packages/publications/tests/Feature/ValidatePublicationsCommandTest.php" line="82" class="Hyde\Publications\Testing\Feature\ValidatePublicationsCommandTest" classname="Hyde.Publications.Testing.Feature.ValidatePublicationsCommandTest" assertions="4" time="0.010857"/>
        <testcase name="testWithWarnedPublication" file="/home/runner/work/develop/develop/packages/publications/tests/Feature/ValidatePublicationsCommandTest.php" line="99" class="Hyde\Publications\Testing\Feature\ValidatePublicationsCommandTest" classname="Hyde.Publications.Testing.Feature.ValidatePublicationsCommandTest" assertions="4" time="0.010688"/>
        <testcase name="testWithMultiplePublicationTypes" file="/home/runner/work/develop/develop/packages/publications/tests/Feature/ValidatePublicationsCommandTest.php" line="118" class="Hyde\Publications\Testing\Feature\ValidatePublicationsCommandTest" classname="Hyde.Publications.Testing.Feature.ValidatePublicationsCommandTest" assertions="1" time="0.009251"/>
        <testcase name="testWithMultipleInvalidFields" file="/home/runner/work/develop/develop/packages/publications/tests/Feature/ValidatePublicationsCommandTest.php" line="129" class="Hyde\Publications\Testing\Feature\ValidatePublicationsCommandTest" classname="Hyde.Publications.Testing.Feature.ValidatePublicationsCommandTest" assertions="4" time="0.012215"/>
        <testcase name="testOnlySpecifiedTypeIsValidatedWhenUsingArgument" file="/home/runner/work/develop/develop/packages/publications/tests/Feature/ValidatePublicationsCommandTest.php" line="154" class="Hyde\Publications\Testing\Feature\ValidatePublicationsCommandTest" classname="Hyde.Publications.Testing.Feature.ValidatePublicationsCommandTest" assertions="1" time="0.009062"/>
        <testcase name="testOutput" file="/home/runner/work/develop/develop/packages/publications/tests/Feature/ValidatePublicationsCommandTest.php" line="165" class="Hyde\Publications\Testing\Feature\ValidatePublicationsCommandTest" classname="Hyde.Publications.Testing.Feature.ValidatePublicationsCommandTest" assertions="17" time="0.019176"/>
        <testcase name="testWithVerboseOutput" file="/home/runner/work/develop/develop/packages/publications/tests/Feature/ValidatePublicationsCommandTest.php" line="189" class="Hyde\Publications\Testing\Feature\ValidatePublicationsCommandTest" classname="Hyde.Publications.Testing.Feature.ValidatePublicationsCommandTest" assertions="19" time="0.019953"/>
        <testcase name="testWithJsonOutput" file="/home/runner/work/develop/develop/packages/publications/tests/Feature/ValidatePublicationsCommandTest.php" line="215" class="Hyde\Publications\Testing\Feature\ValidatePublicationsCommandTest" classname="Hyde.Publications.Testing.Feature.ValidatePublicationsCommandTest" assertions="2" time="0.012396"/>
        <testcase name="testWithJsonOutputWithNoPublications" file="/home/runner/work/develop/develop/packages/publications/tests/Feature/ValidatePublicationsCommandTest.php" line="246" class="Hyde\Publications\Testing\Feature\ValidatePublicationsCommandTest" classname="Hyde.Publications.Testing.Feature.ValidatePublicationsCommandTest" assertions="2" time="0.006385"/>
      </testsuite>
      <testsuite name="Hyde\Publications\Testing\Feature\ValidatingCommandTest" file="/home/runner/work/develop/develop/packages/publications/tests/Feature/ValidatingCommandTest.php" tests="7" assertions="24" errors="0" failures="0" skipped="0" time="0.047189">
        <testcase name="testAskWithValidationCapturesInput" file="/home/runner/work/develop/develop/packages/publications/tests/Feature/ValidatingCommandTest.php" line="22" class="Hyde\Publications\Testing\Feature\ValidatingCommandTest" classname="Hyde.Publications.Testing.Feature.ValidatingCommandTest" assertions="2" time="0.003970"/>
        <testcase name="testAskWithValidationRetries" file="/home/runner/work/develop/develop/packages/publications/tests/Feature/ValidatingCommandTest.php" line="39" class="Hyde\Publications\Testing\Feature\ValidatingCommandTest" classname="Hyde.Publications.Testing.Feature.ValidatingCommandTest" assertions="3" time="0.005745"/>
        <testcase name="testAskWithValidationRetriesTooManyTimes" file="/home/runner/work/develop/develop/packages/publications/tests/Feature/ValidatingCommandTest.php" line="60" class="Hyde\Publications\Testing\Feature\ValidatingCommandTest" classname="Hyde.Publications.Testing.Feature.ValidatingCommandTest" assertions="4" time="0.018305"/>
        <testcase name="testAskWithValidationNormalizesBooleanInput" file="/home/runner/work/develop/develop/packages/publications/tests/Feature/ValidatingCommandTest.php" line="84" class="Hyde\Publications\Testing\Feature\ValidatingCommandTest" classname="Hyde.Publications.Testing.Feature.ValidatingCommandTest" assertions="3" time="0.004135"/>
        <testcase name="testValidationIsCalled" file="/home/runner/work/develop/develop/packages/publications/tests/Feature/ValidatingCommandTest.php" line="108" class="Hyde\Publications\Testing\Feature\ValidatingCommandTest" classname="Hyde.Publications.Testing.Feature.ValidatingCommandTest" assertions="4" time="0.006313"/>
        <testcase name="testReloadableChoiceHelper" file="/home/runner/work/develop/develop/packages/publications/tests/Feature/ValidatingCommandTest.php" line="127" class="Hyde\Publications\Testing\Feature\ValidatingCommandTest" classname="Hyde.Publications.Testing.Feature.ValidatingCommandTest" assertions="3" time="0.004038"/>
        <testcase name="testReloadableChoiceHelperSelectingReload" file="/home/runner/work/develop/develop/packages/publications/tests/Feature/ValidatingCommandTest.php" line="149" class="Hyde\Publications\Testing\Feature\ValidatingCommandTest" classname="Hyde.Publications.Testing.Feature.ValidatingCommandTest" assertions="5" time="0.004683"/>
      </testsuite>
    </testsuite>
    <testsuite name="Realtime Compiler" tests="12" assertions="42" errors="0" failures="0" skipped="0" time="0.395907">
      <testsuite name="P\Packages\realtimecompiler\tests\ConsoleOutputTest" file="/home/runner/work/develop/develop/vendor/pestphp/pest/src/Factories/TestCaseFactory.php(196) : eval()'d code" tests="1" assertions="1" errors="0" failures="0" skipped="0" time="0.005871">
        <testcase name="__pest_evaluable_printStartMessage_method" file="/home/runner/work/develop/develop/vendor/pestphp/pest/src/Factories/TestCaseFactory.php(196) : eval()'d code" line="22" class="P\Packages\realtimecompiler\tests\ConsoleOutputTest" classname="P.Packages.realtimecompiler.tests.ConsoleOutputTest" assertions="1" time="0.005871"/>
      </testsuite>
      <testsuite name="P\Packages\realtimecompiler\tests\RealtimeCompilerTest" file="/home/runner/work/develop/develop/vendor/pestphp/pest/src/Factories/TestCaseFactory.php(196) : eval()'d code" tests="11" assertions="41" errors="0" failures="0" skipped="0" time="0.390036">
        <testcase name="__pest_evaluable_handle_routes_index_page" file="/home/runner/work/develop/develop/vendor/pestphp/pest/src/Factories/TestCaseFactory.php(196) : eval()'d code" line="22" class="P\Packages\realtimecompiler\tests\RealtimeCompilerTest" classname="P.Packages.realtimecompiler.tests.RealtimeCompilerTest" assertions="6" time="0.028932"/>
        <testcase name="__pest_evaluable_handle_routes_custom_pages" file="/home/runner/work/develop/develop/vendor/pestphp/pest/src/Factories/TestCaseFactory.php(196) : eval()'d code" line="37" class="P\Packages\realtimecompiler\tests\RealtimeCompilerTest" classname="P.Packages.realtimecompiler.tests.RealtimeCompilerTest" assertions="4" time="0.041568"/>
        <testcase name="__pest_evaluable_handle_routes_pages_with__html_extension" file="/home/runner/work/develop/develop/vendor/pestphp/pest/src/Factories/TestCaseFactory.php(196) : eval()'d code" line="52" class="P\Packages\realtimecompiler\tests\RealtimeCompilerTest" classname="P.Packages.realtimecompiler.tests.RealtimeCompilerTest" assertions="4" time="0.047759"/>
        <testcase name="__pest_evaluable_handle_routes_static_assets" file="/home/runner/work/develop/develop/vendor/pestphp/pest/src/Factories/TestCaseFactory.php(196) : eval()'d code" line="67" class="P\Packages\realtimecompiler\tests\RealtimeCompilerTest" classname="P.Packages.realtimecompiler.tests.RealtimeCompilerTest" assertions="4" time="0.003549"/>
        <testcase name="__pest_evaluable_handle_throws_route_not_found_exception_for_missing_route" file="/home/runner/work/develop/develop/vendor/pestphp/pest/src/Factories/TestCaseFactory.php(196) : eval()'d code" line="82" class="P\Packages\realtimecompiler\tests\RealtimeCompilerTest" classname="P.Packages.realtimecompiler.tests.RealtimeCompilerTest" assertions="2" time="0.044215"/>
        <testcase name="__pest_evaluable_handle_sends_404_error_response_for_missing_asset" file="/home/runner/work/develop/develop/vendor/pestphp/pest/src/Factories/TestCaseFactory.php(196) : eval()'d code" line="97" class="P\Packages\realtimecompiler\tests\RealtimeCompilerTest" classname="P.Packages.realtimecompiler.tests.RealtimeCompilerTest" assertions="3" time="0.002721"/>
        <testcase name="__pest_evaluable_trailing_slashes_are_normalized_from_route" file="/home/runner/work/develop/develop/vendor/pestphp/pest/src/Factories/TestCaseFactory.php(196) : eval()'d code" line="112" class="P\Packages\realtimecompiler\tests\RealtimeCompilerTest" classname="P.Packages.realtimecompiler.tests.RealtimeCompilerTest" assertions="4" time="0.062320"/>
        <testcase name="__pest_evaluable_docs_uri_path_is_rerouted_to_docs_index" file="/home/runner/work/develop/develop/vendor/pestphp/pest/src/Factories/TestCaseFactory.php(196) : eval()'d code" line="127" class="P\Packages\realtimecompiler\tests\RealtimeCompilerTest" classname="P.Packages.realtimecompiler.tests.RealtimeCompilerTest" assertions="4" time="0.073856"/>
        <testcase name="__pest_evaluable_docs_search_renders_search_page" file="/home/runner/work/develop/develop/vendor/pestphp/pest/src/Factories/TestCaseFactory.php(196) : eval()'d code" line="142" class="P\Packages\realtimecompiler\tests\RealtimeCompilerTest" classname="P.Packages.realtimecompiler.tests.RealtimeCompilerTest" assertions="4" time="0.076179"/>
        <testcase name="__pest_evaluable_ping_route_returns_ping_response" file="/home/runner/work/develop/develop/vendor/pestphp/pest/src/Factories/TestCaseFactory.php(196) : eval()'d code" line="157" class="P\Packages\realtimecompiler\tests\RealtimeCompilerTest" classname="P.Packages.realtimecompiler.tests.RealtimeCompilerTest" assertions="3" time="0.002987"/>
        <testcase name="__pest_evaluable_exception_handling" file="/home/runner/work/develop/develop/vendor/pestphp/pest/src/Factories/TestCaseFactory.php(196) : eval()'d code" line="172" class="P\Packages\realtimecompiler\tests\RealtimeCompilerTest" classname="P.Packages.realtimecompiler.tests.RealtimeCompilerTest" assertions="3" time="0.005950"/>
      </testsuite>
    </testsuite>
  </testsuite>
</testsuites>
