<?xml version="1.0" encoding="UTF-8"?>
<testsuites>
  <testsuite name="/home/runner/work/develop/develop/phpunit.xml.dist" tests="2520" assertions="4930" errors="0" failures="0" skipped="5" time="18.644882">
    <testsuite name="FeatureHyde" tests="6" assertions="17" errors="0" failures="0" skipped="0" time="1.507917">
      <testsuite name="Hyde\Testing\Hyde\DefaultContentTest" file="/home/runner/work/develop/develop/packages/hyde/tests/DefaultContentTest.php" tests="3" assertions="12" errors="0" failures="0" skipped="0" time="0.548745">
        <testcase name="testDefaultPagesArePresent" file="/home/runner/work/develop/develop/packages/hyde/tests/DefaultContentTest.php" line="17" class="Hyde\Testing\Hyde\DefaultContentTest" classname="Hyde.Testing.Hyde.DefaultContentTest" assertions="4" time="0.544866"/>
        <testcase name="testDefaultCompiledStylesheetIsPresent" file="/home/runner/work/develop/develop/packages/hyde/tests/DefaultContentTest.php" line="33" class="Hyde\Testing\Hyde\DefaultContentTest" classname="Hyde.Testing.Hyde.DefaultContentTest" assertions="2" time="0.001831"/>
        <testcase name="testLaravelMixResourcesArePresent" file="/home/runner/work/develop/develop/packages/hyde/tests/DefaultContentTest.php" line="43" class="Hyde\Testing\Hyde\DefaultContentTest" classname="Hyde.Testing.Hyde.DefaultContentTest" assertions="6" time="0.002048"/>
      </testsuite>
      <testsuite name="Hyde\Testing\Hyde\ExampleTest" file="/home/runner/work/develop/develop/packages/hyde/tests/ExampleTest.php" tests="1" assertions="1" errors="0" failures="0" skipped="0" time="0.002091">
        <testcase name="testExample" file="/home/runner/work/develop/develop/packages/hyde/tests/ExampleTest.php" line="11" class="Hyde\Testing\Hyde\ExampleTest" classname="Hyde.Testing.Hyde.ExampleTest" assertions="1" time="0.002091"/>
      </testsuite>
      <testsuite name="Hyde\Testing\Hyde\HydeCLITest" file="/home/runner/work/develop/develop/packages/hyde/tests/HydeCLITest.php" tests="1" assertions="2" errors="0" failures="0" skipped="0" time="0.640150">
        <testcase name="testCanShowHydeConsole" file="/home/runner/work/develop/develop/packages/hyde/tests/HydeCLITest.php" line="11" class="Hyde\Testing\Hyde\HydeCLITest" classname="Hyde.Testing.Hyde.HydeCLITest" assertions="2" time="0.640150"/>
      </testsuite>
      <testsuite name="Hyde\Testing\Hyde\StaticSiteBuilderTest" file="/home/runner/work/develop/develop/packages/hyde/tests/StaticSiteBuilderTest.php" tests="1" assertions="2" errors="0" failures="0" skipped="0" time="0.316930">
        <testcase name="testCanBuildStaticSite" file="/home/runner/work/develop/develop/packages/hyde/tests/StaticSiteBuilderTest.php" line="13" class="Hyde\Testing\Hyde\StaticSiteBuilderTest" classname="Hyde.Testing.Hyde.StaticSiteBuilderTest" assertions="2" time="0.316930"/>
      </testsuite>
    </testsuite>
    <testsuite name="FeatureFramework" tests="1263" assertions="2648" errors="0" failures="0" skipped="2" time="9.373753">
      <testsuite name="Hyde\Framework\Testing\Feature\Actions\AnonymousViewCompilerTest" file="/home/runner/work/develop/develop/packages/framework/tests/Feature/Actions/AnonymousViewCompilerTest.php" tests="3" assertions="4" errors="0" failures="0" skipped="0" time="0.026023">
        <testcase name="testCanCompileBladeFile" file="/home/runner/work/develop/develop/packages/framework/tests/Feature/Actions/AnonymousViewCompilerTest.php" line="16" class="Hyde\Framework\Testing\Feature\Actions\AnonymousViewCompilerTest" classname="Hyde.Framework.Testing.Feature.Actions.AnonymousViewCompilerTest" assertions="1" time="0.012325"/>
        <testcase name="testCanCompileBladeFileWithData" file="/home/runner/work/develop/develop/packages/framework/tests/Feature/Actions/AnonymousViewCompilerTest.php" line="23" class="Hyde\Framework\Testing\Feature\Actions\AnonymousViewCompilerTest" classname="Hyde.Framework.Testing.Feature.Actions.AnonymousViewCompilerTest" assertions="1" time="0.005440"/>
        <testcase name="testWithMissingView" file="/home/runner/work/develop/develop/packages/framework/tests/Feature/Actions/AnonymousViewCompilerTest.php" line="30" class="Hyde\Framework\Testing\Feature\Actions\AnonymousViewCompilerTest" classname="Hyde.Framework.Testing.Feature.Actions.AnonymousViewCompilerTest" assertions="2" time="0.008259"/>
      </testsuite>
      <testsuite name="Hyde\Framework\Testing\Feature\Actions\ConvertsMarkdownToPlainTextTest" file="/home/runner/work/develop/develop/packages/framework/tests/Feature/Actions/ConvertsMarkdownToPlainTextTest.php" tests="28" assertions="28" errors="0" failures="0" skipped="0" time="0.137414">
        <testcase name="testItRemovesHeadings" file="/home/runner/work/develop/develop/packages/framework/tests/Feature/Actions/ConvertsMarkdownToPlainTextTest.php" line="15" class="Hyde\Framework\Testing\Feature\Actions\ConvertsMarkdownToPlainTextTest" classname="Hyde.Framework.Testing.Feature.Actions.ConvertsMarkdownToPlainTextTest" assertions="1" time="0.035792"/>
        <testcase name="testItRemovesHeadingsAlternateSyntax" file="/home/runner/work/develop/develop/packages/framework/tests/Feature/Actions/ConvertsMarkdownToPlainTextTest.php" line="38" class="Hyde\Framework\Testing\Feature\Actions\ConvertsMarkdownToPlainTextTest" classname="Hyde.Framework.Testing.Feature.Actions.ConvertsMarkdownToPlainTextTest" assertions="1" time="0.003527"/>
        <testcase name="testItRemovesParagraphs" file="/home/runner/work/develop/develop/packages/framework/tests/Feature/Actions/ConvertsMarkdownToPlainTextTest.php" line="58" class="Hyde\Framework\Testing\Feature\Actions\ConvertsMarkdownToPlainTextTest" classname="Hyde.Framework.Testing.Feature.Actions.ConvertsMarkdownToPlainTextTest" assertions="1" time="0.003314"/>
        <testcase name="testItRemovesParagraphsMultiline" file="/home/runner/work/develop/develop/packages/framework/tests/Feature/Actions/ConvertsMarkdownToPlainTextTest.php" line="75" class="Hyde\Framework\Testing\Feature\Actions\ConvertsMarkdownToPlainTextTest" classname="Hyde.Framework.Testing.Feature.Actions.ConvertsMarkdownToPlainTextTest" assertions="1" time="0.003550"/>
        <testcase name="testItRemovesLinebreaks" file="/home/runner/work/develop/develop/packages/framework/tests/Feature/Actions/ConvertsMarkdownToPlainTextTest.php" line="90" class="Hyde\Framework\Testing\Feature\Actions\ConvertsMarkdownToPlainTextTest" classname="Hyde.Framework.Testing.Feature.Actions.ConvertsMarkdownToPlainTextTest" assertions="1" time="0.003558"/>
        <testcase name="testItRemovesBold" file="/home/runner/work/develop/develop/packages/framework/tests/Feature/Actions/ConvertsMarkdownToPlainTextTest.php" line="111" class="Hyde\Framework\Testing\Feature\Actions\ConvertsMarkdownToPlainTextTest" classname="Hyde.Framework.Testing.Feature.Actions.ConvertsMarkdownToPlainTextTest" assertions="1" time="0.003526"/>
        <testcase name="testItRemovesItalic" file="/home/runner/work/develop/develop/packages/framework/tests/Feature/Actions/ConvertsMarkdownToPlainTextTest.php" line="128" class="Hyde\Framework\Testing\Feature\Actions\ConvertsMarkdownToPlainTextTest" classname="Hyde.Framework.Testing.Feature.Actions.ConvertsMarkdownToPlainTextTest" assertions="1" time="0.003524"/>
        <testcase name="testItRemovesBoldAndItalic" file="/home/runner/work/develop/develop/packages/framework/tests/Feature/Actions/ConvertsMarkdownToPlainTextTest.php" line="145" class="Hyde\Framework\Testing\Feature\Actions\ConvertsMarkdownToPlainTextTest" classname="Hyde.Framework.Testing.Feature.Actions.ConvertsMarkdownToPlainTextTest" assertions="1" time="0.003752"/>
        <testcase name="testItRemovesBlockquotes" file="/home/runner/work/develop/develop/packages/framework/tests/Feature/Actions/ConvertsMarkdownToPlainTextTest.php" line="166" class="Hyde\Framework\Testing\Feature\Actions\ConvertsMarkdownToPlainTextTest" classname="Hyde.Framework.Testing.Feature.Actions.ConvertsMarkdownToPlainTextTest" assertions="1" time="0.003749"/>
        <testcase name="testItRemovesBlockquotesWithMultipleParagraphs" file="/home/runner/work/develop/develop/packages/framework/tests/Feature/Actions/ConvertsMarkdownToPlainTextTest.php" line="179" class="Hyde\Framework\Testing\Feature\Actions\ConvertsMarkdownToPlainTextTest" classname="Hyde.Framework.Testing.Feature.Actions.ConvertsMarkdownToPlainTextTest" assertions="1" time="0.003510"/>
        <testcase name="testItRemovesOrderedLists" file="/home/runner/work/develop/develop/packages/framework/tests/Feature/Actions/ConvertsMarkdownToPlainTextTest.php" line="196" class="Hyde\Framework\Testing\Feature\Actions\ConvertsMarkdownToPlainTextTest" classname="Hyde.Framework.Testing.Feature.Actions.ConvertsMarkdownToPlainTextTest" assertions="1" time="0.003589"/>
        <testcase name="testItRemovesUnorderedLists" file="/home/runner/work/develop/develop/packages/framework/tests/Feature/Actions/ConvertsMarkdownToPlainTextTest.php" line="215" class="Hyde\Framework\Testing\Feature\Actions\ConvertsMarkdownToPlainTextTest" classname="Hyde.Framework.Testing.Feature.Actions.ConvertsMarkdownToPlainTextTest" assertions="1" time="0.003621"/>
        <testcase name="testItRemovesCode" file="/home/runner/work/develop/develop/packages/framework/tests/Feature/Actions/ConvertsMarkdownToPlainTextTest.php" line="246" class="Hyde\Framework\Testing\Feature\Actions\ConvertsMarkdownToPlainTextTest" classname="Hyde.Framework.Testing.Feature.Actions.ConvertsMarkdownToPlainTextTest" assertions="1" time="0.003550"/>
        <testcase name="testItRemovesCodeBlocks" file="/home/runner/work/develop/develop/packages/framework/tests/Feature/Actions/ConvertsMarkdownToPlainTextTest.php" line="259" class="Hyde\Framework\Testing\Feature\Actions\ConvertsMarkdownToPlainTextTest" classname="Hyde.Framework.Testing.Feature.Actions.ConvertsMarkdownToPlainTextTest" assertions="1" time="0.004153"/>
        <testcase name="testItRemovesHorizontalRules" file="/home/runner/work/develop/develop/packages/framework/tests/Feature/Actions/ConvertsMarkdownToPlainTextTest.php" line="272" class="Hyde\Framework\Testing\Feature\Actions\ConvertsMarkdownToPlainTextTest" classname="Hyde.Framework.Testing.Feature.Actions.ConvertsMarkdownToPlainTextTest" assertions="1" time="0.004380"/>
        <testcase name="testItRemovesLinks" file="/home/runner/work/develop/develop/packages/framework/tests/Feature/Actions/ConvertsMarkdownToPlainTextTest.php" line="289" class="Hyde\Framework\Testing\Feature\Actions\ConvertsMarkdownToPlainTextTest" classname="Hyde.Framework.Testing.Feature.Actions.ConvertsMarkdownToPlainTextTest" assertions="1" time="0.004509"/>
        <testcase name="testItRemovesImages" file="/home/runner/work/develop/develop/packages/framework/tests/Feature/Actions/ConvertsMarkdownToPlainTextTest.php" line="325" class="Hyde\Framework\Testing\Feature\Actions\ConvertsMarkdownToPlainTextTest" classname="Hyde.Framework.Testing.Feature.Actions.ConvertsMarkdownToPlainTextTest" assertions="1" time="0.004279"/>
        <testcase name="testItRemovesLinkingImages" file="/home/runner/work/develop/develop/packages/framework/tests/Feature/Actions/ConvertsMarkdownToPlainTextTest.php" line="340" class="Hyde\Framework\Testing\Feature\Actions\ConvertsMarkdownToPlainTextTest" classname="Hyde.Framework.Testing.Feature.Actions.ConvertsMarkdownToPlainTextTest" assertions="1" time="0.004256"/>
        <testcase name="testItRemovesHtml" file="/home/runner/work/develop/develop/packages/framework/tests/Feature/Actions/ConvertsMarkdownToPlainTextTest.php" line="353" class="Hyde\Framework\Testing\Feature\Actions\ConvertsMarkdownToPlainTextTest" classname="Hyde.Framework.Testing.Feature.Actions.ConvertsMarkdownToPlainTextTest" assertions="1" time="0.004354"/>
        <testcase name="testItRemovesFootnotes" file="/home/runner/work/develop/develop/packages/framework/tests/Feature/Actions/ConvertsMarkdownToPlainTextTest.php" line="380" class="Hyde\Framework\Testing\Feature\Actions\ConvertsMarkdownToPlainTextTest" classname="Hyde.Framework.Testing.Feature.Actions.ConvertsMarkdownToPlainTextTest" assertions="1" time="0.004017"/>
        <testcase name="testItRemovesFootnotesAlternate" file="/home/runner/work/develop/develop/packages/framework/tests/Feature/Actions/ConvertsMarkdownToPlainTextTest.php" line="397" class="Hyde\Framework\Testing\Feature\Actions\ConvertsMarkdownToPlainTextTest" classname="Hyde.Framework.Testing.Feature.Actions.ConvertsMarkdownToPlainTextTest" assertions="1" time="0.003715"/>
        <testcase name="testItReplacesConsecutivelyOccurringNewlines" file="/home/runner/work/develop/develop/packages/framework/tests/Feature/Actions/ConvertsMarkdownToPlainTextTest.php" line="414" class="Hyde\Framework\Testing\Feature\Actions\ConvertsMarkdownToPlainTextTest" classname="Hyde.Framework.Testing.Feature.Actions.ConvertsMarkdownToPlainTextTest" assertions="1" time="0.003661"/>
        <testcase name="testItRemovesFencedCodeBlocks" file="/home/runner/work/develop/develop/packages/framework/tests/Feature/Actions/ConvertsMarkdownToPlainTextTest.php" line="439" class="Hyde\Framework\Testing\Feature\Actions\ConvertsMarkdownToPlainTextTest" classname="Hyde.Framework.Testing.Feature.Actions.ConvertsMarkdownToPlainTextTest" assertions="1" time="0.003599"/>
        <testcase name="testItRemovesFencedCodeBlocksAlternate" file="/home/runner/work/develop/develop/packages/framework/tests/Feature/Actions/ConvertsMarkdownToPlainTextTest.php" line="455" class="Hyde\Framework\Testing\Feature\Actions\ConvertsMarkdownToPlainTextTest" classname="Hyde.Framework.Testing.Feature.Actions.ConvertsMarkdownToPlainTextTest" assertions="1" time="0.003836"/>
        <testcase name="testItRemovesTables" file="/home/runner/work/develop/develop/packages/framework/tests/Feature/Actions/ConvertsMarkdownToPlainTextTest.php" line="471" class="Hyde\Framework\Testing\Feature\Actions\ConvertsMarkdownToPlainTextTest" classname="Hyde.Framework.Testing.Feature.Actions.ConvertsMarkdownToPlainTextTest" assertions="1" time="0.003622"/>
        <testcase name="testItTrimsIndentation" file="/home/runner/work/develop/develop/packages/framework/tests/Feature/Actions/ConvertsMarkdownToPlainTextTest.php" line="490" class="Hyde\Framework\Testing\Feature\Actions\ConvertsMarkdownToPlainTextTest" classname="Hyde.Framework.Testing.Feature.Actions.ConvertsMarkdownToPlainTextTest" assertions="1" time="0.003503"/>
        <testcase name="testWithEmptyString" file="/home/runner/work/develop/develop/packages/framework/tests/Feature/Actions/ConvertsMarkdownToPlainTextTest.php" line="507" class="Hyde\Framework\Testing\Feature\Actions\ConvertsMarkdownToPlainTextTest" classname="Hyde.Framework.Testing.Feature.Actions.ConvertsMarkdownToPlainTextTest" assertions="1" time="0.003497"/>
        <testcase name="testWithOnlyEmptyLines" file="/home/runner/work/develop/develop/packages/framework/tests/Feature/Actions/ConvertsMarkdownToPlainTextTest.php" line="512" class="Hyde\Framework\Testing\Feature\Actions\ConvertsMarkdownToPlainTextTest" classname="Hyde.Framework.Testing.Feature.Actions.ConvertsMarkdownToPlainTextTest" assertions="1" time="0.003470"/>
      </testsuite>
      <testsuite name="Hyde\Framework\Testing\Feature\Actions\CreatesNewPageSourceFileTest" file="/home/runner/work/develop/develop/packages/framework/tests/Feature/Actions/CreatesNewPageSourceFileTest.php" tests="15" assertions="28" errors="0" failures="0" skipped="0" time="0.137760">
        <testcase name="testClassCanBeInstantiated" file="/home/runner/work/develop/develop/packages/framework/tests/Feature/Actions/CreatesNewPageSourceFileTest.php" line="21" class="Hyde\Framework\Testing\Feature\Actions\CreatesNewPageSourceFileTest" classname="Hyde.Framework.Testing.Feature.Actions.CreatesNewPageSourceFileTest" assertions="1" time="0.042420"/>
        <testcase name="testThatAnExceptionIsThrownForInvalidPageType" file="/home/runner/work/develop/develop/packages/framework/tests/Feature/Actions/CreatesNewPageSourceFileTest.php" line="29" class="Hyde\Framework\Testing\Feature\Actions\CreatesNewPageSourceFileTest" classname="Hyde.Framework.Testing.Feature.Actions.CreatesNewPageSourceFileTest" assertions="2" time="0.006944"/>
        <testcase name="testThatAnExceptionIsThrownIfFileAlreadyExistsAndOverwriteIsFalse" file="/home/runner/work/develop/develop/packages/framework/tests/Feature/Actions/CreatesNewPageSourceFileTest.php" line="37" class="Hyde\Framework\Testing\Feature\Actions\CreatesNewPageSourceFileTest" classname="Hyde.Framework.Testing.Feature.Actions.CreatesNewPageSourceFileTest" assertions="3" time="0.008385"/>
        <testcase name="testThatCanSaveFileReturnsTrueIfFileAlreadyExistsAndOverwriteIsTrue" file="/home/runner/work/develop/develop/packages/framework/tests/Feature/Actions/CreatesNewPageSourceFileTest.php" line="50" class="Hyde\Framework\Testing\Feature\Actions\CreatesNewPageSourceFileTest" classname="Hyde.Framework.Testing.Feature.Actions.CreatesNewPageSourceFileTest" assertions="1" time="0.021148"/>
        <testcase name="testExceptionIsThrownForConflictingBladePages" file="/home/runner/work/develop/develop/packages/framework/tests/Feature/Actions/CreatesNewPageSourceFileTest.php" line="59" class="Hyde\Framework\Testing\Feature\Actions\CreatesNewPageSourceFileTest" classname="Hyde.Framework.Testing.Feature.Actions.CreatesNewPageSourceFileTest" assertions="3" time="0.004505"/>
        <testcase name="testExceptionIsThrownForConflictingDocumentationPages" file="/home/runner/work/develop/develop/packages/framework/tests/Feature/Actions/CreatesNewPageSourceFileTest.php" line="72" class="Hyde\Framework\Testing\Feature\Actions\CreatesNewPageSourceFileTest" classname="Hyde.Framework.Testing.Feature.Actions.CreatesNewPageSourceFileTest" assertions="3" time="0.004669"/>
        <testcase name="testThatAMarkdownFileCanBeCreatedAndContainsExpectedContent" file="/home/runner/work/develop/develop/packages/framework/tests/Feature/Actions/CreatesNewPageSourceFileTest.php" line="85" class="Hyde\Framework\Testing\Feature\Actions\CreatesNewPageSourceFileTest" classname="Hyde.Framework.Testing.Feature.Actions.CreatesNewPageSourceFileTest" assertions="2" time="0.005851"/>
        <testcase name="testThatABladeFileCanBeCreatedAndContainsExpectedContent" file="/home/runner/work/develop/develop/packages/framework/tests/Feature/Actions/CreatesNewPageSourceFileTest.php" line="98" class="Hyde\Framework\Testing\Feature\Actions\CreatesNewPageSourceFileTest" classname="Hyde.Framework.Testing.Feature.Actions.CreatesNewPageSourceFileTest" assertions="2" time="0.004162"/>
        <testcase name="testThatADocumentationFileCanBeCreatedAndContainsExpectedContent" file="/home/runner/work/develop/develop/packages/framework/tests/Feature/Actions/CreatesNewPageSourceFileTest.php" line="122" class="Hyde\Framework\Testing\Feature\Actions\CreatesNewPageSourceFileTest" classname="Hyde.Framework.Testing.Feature.Actions.CreatesNewPageSourceFileTest" assertions="2" time="0.006407"/>
        <testcase name="testThatAMarkdownFileCanBeCreatedWithCustomContent" file="/home/runner/work/develop/develop/packages/framework/tests/Feature/Actions/CreatesNewPageSourceFileTest.php" line="136" class="Hyde\Framework\Testing\Feature\Actions\CreatesNewPageSourceFileTest" classname="Hyde.Framework.Testing.Feature.Actions.CreatesNewPageSourceFileTest" assertions="2" time="0.005894"/>
        <testcase name="testThatABladeFileCanBeCreatedWithCustomContent" file="/home/runner/work/develop/develop/packages/framework/tests/Feature/Actions/CreatesNewPageSourceFileTest.php" line="159" class="Hyde\Framework\Testing\Feature\Actions\CreatesNewPageSourceFileTest" classname="Hyde.Framework.Testing.Feature.Actions.CreatesNewPageSourceFileTest" assertions="2" time="0.004163"/>
        <testcase name="testThatTheFilePathCanBeReturned" file="/home/runner/work/develop/develop/packages/framework/tests/Feature/Actions/CreatesNewPageSourceFileTest.php" line="187" class="Hyde\Framework\Testing\Feature\Actions\CreatesNewPageSourceFileTest" classname="Hyde.Framework.Testing.Feature.Actions.CreatesNewPageSourceFileTest" assertions="2" time="0.005987"/>
        <testcase name="testFileIsCreatedUsingSlugGeneratedFromTitle" file="/home/runner/work/develop/develop/packages/framework/tests/Feature/Actions/CreatesNewPageSourceFileTest.php" line="203" class="Hyde\Framework\Testing\Feature\Actions\CreatesNewPageSourceFileTest" classname="Hyde.Framework.Testing.Feature.Actions.CreatesNewPageSourceFileTest" assertions="1" time="0.005671"/>
        <testcase name="testActionCanGenerateNestedPages" file="/home/runner/work/develop/develop/packages/framework/tests/Feature/Actions/CreatesNewPageSourceFileTest.php" line="210" class="Hyde\Framework\Testing\Feature\Actions\CreatesNewPageSourceFileTest" classname="Hyde.Framework.Testing.Feature.Actions.CreatesNewPageSourceFileTest" assertions="1" time="0.005673"/>
        <testcase name="testCanCreateDeeplyNestedPages" file="/home/runner/work/develop/develop/packages/framework/tests/Feature/Actions/CreatesNewPageSourceFileTest.php" line="217" class="Hyde\Framework\Testing\Feature\Actions\CreatesNewPageSourceFileTest" classname="Hyde.Framework.Testing.Feature.Actions.CreatesNewPageSourceFileTest" assertions="1" time="0.005882"/>
      </testsuite>
      <testsuite name="Hyde\Framework\Testing\Feature\Actions\GeneratesSidebarTableOfContentsTest" file="/home/runner/work/develop/develop/packages/framework/tests/Feature/Actions/GeneratesSidebarTableOfContentsTest.php" tests="9" assertions="13" errors="0" failures="0" skipped="0" time="0.093684">
        <testcase name="testCanGenerateTableOfContents" file="/home/runner/work/develop/develop/packages/framework/tests/Feature/Actions/GeneratesSidebarTableOfContentsTest.php" line="22" class="Hyde\Framework\Testing\Feature\Actions\GeneratesSidebarTableOfContentsTest" classname="Hyde.Framework.Testing.Feature.Actions.GeneratesSidebarTableOfContentsTest" assertions="4" time="0.035604"/>
        <testcase name="testReturnStringContainsExpectedContent" file="/home/runner/work/develop/develop/packages/framework/tests/Feature/Actions/GeneratesSidebarTableOfContentsTest.php" line="33" class="Hyde\Framework\Testing\Feature\Actions\GeneratesSidebarTableOfContentsTest" classname="Hyde.Framework.Testing.Feature.Actions.GeneratesSidebarTableOfContentsTest" assertions="1" time="0.004407"/>
        <testcase name="testCanGenerateTableOfContentsForDocumentUsingSetextHeaders" file="/home/runner/work/develop/develop/packages/framework/tests/Feature/Actions/GeneratesSidebarTableOfContentsTest.php" line="56" class="Hyde\Framework\Testing\Feature\Actions\GeneratesSidebarTableOfContentsTest" classname="Hyde.Framework.Testing.Feature.Actions.GeneratesSidebarTableOfContentsTest" assertions="2" time="0.022713"/>
        <testcase name="testNonHeadingMarkdownIsRemoved" file="/home/runner/work/develop/develop/packages/framework/tests/Feature/Actions/GeneratesSidebarTableOfContentsTest.php" line="91" class="Hyde\Framework\Testing\Feature\Actions\GeneratesSidebarTableOfContentsTest" classname="Hyde.Framework.Testing.Feature.Actions.GeneratesSidebarTableOfContentsTest" assertions="1" time="0.008064"/>
        <testcase name="testWithNoLevelOneHeading" file="/home/runner/work/develop/develop/packages/framework/tests/Feature/Actions/GeneratesSidebarTableOfContentsTest.php" line="114" class="Hyde\Framework\Testing\Feature\Actions\GeneratesSidebarTableOfContentsTest" classname="Hyde.Framework.Testing.Feature.Actions.GeneratesSidebarTableOfContentsTest" assertions="1" time="0.005364"/>
        <testcase name="testWithMultipleNestedHeadings" file="/home/runner/work/develop/develop/packages/framework/tests/Feature/Actions/GeneratesSidebarTableOfContentsTest.php" line="136" class="Hyde\Framework\Testing\Feature\Actions\GeneratesSidebarTableOfContentsTest" classname="Hyde.Framework.Testing.Feature.Actions.GeneratesSidebarTableOfContentsTest" assertions="1" time="0.006221"/>
        <testcase name="testWithMultipleLevelOneHeadings" file="/home/runner/work/develop/develop/packages/framework/tests/Feature/Actions/GeneratesSidebarTableOfContentsTest.php" line="192" class="Hyde\Framework\Testing\Feature\Actions\GeneratesSidebarTableOfContentsTest" classname="Hyde.Framework.Testing.Feature.Actions.GeneratesSidebarTableOfContentsTest" assertions="1" time="0.004870"/>
        <testcase name="testWithNoHeadings" file="/home/runner/work/develop/develop/packages/framework/tests/Feature/Actions/GeneratesSidebarTableOfContentsTest.php" line="226" class="Hyde\Framework\Testing\Feature\Actions\GeneratesSidebarTableOfContentsTest" classname="Hyde.Framework.Testing.Feature.Actions.GeneratesSidebarTableOfContentsTest" assertions="1" time="0.003522"/>
        <testcase name="testWithNoContent" file="/home/runner/work/develop/develop/packages/framework/tests/Feature/Actions/GeneratesSidebarTableOfContentsTest.php" line="231" class="Hyde\Framework\Testing\Feature\Actions\GeneratesSidebarTableOfContentsTest" classname="Hyde.Framework.Testing.Feature.Actions.GeneratesSidebarTableOfContentsTest" assertions="1" time="0.002921"/>
      </testsuite>
      <testsuite name="Hyde\Framework\Testing\Feature\AssetServiceTest" file="/home/runner/work/develop/develop/packages/framework/tests/Feature/AssetServiceTest.php" tests="3" assertions="6" errors="0" failures="0" skipped="0" time="0.013975">
        <testcase name="testMediaLinkReturnsMediaPathWithCacheKey" file="/home/runner/work/develop/develop/packages/framework/tests/Feature/AssetServiceTest.php" line="18" class="Hyde\Framework\Testing\Feature\AssetServiceTest" classname="Hyde.Framework.Testing.Feature.AssetServiceTest" assertions="2" time="0.004548"/>
        <testcase name="testMediaLinkReturnsMediaPathWithoutCacheKeyIfCacheBustingIsDisabled" file="/home/runner/work/develop/develop/packages/framework/tests/Feature/AssetServiceTest.php" line="25" class="Hyde\Framework\Testing\Feature\AssetServiceTest" classname="Hyde.Framework.Testing.Feature.AssetServiceTest" assertions="2" time="0.004222"/>
        <testcase name="testMediaLinkSupportsCustomMediaDirectories" file="/home/runner/work/develop/develop/packages/framework/tests/Feature/AssetServiceTest.php" line="33" class="Hyde\Framework\Testing\Feature\AssetServiceTest" classname="Hyde.Framework.Testing.Feature.AssetServiceTest" assertions="2" time="0.005204"/>
      </testsuite>
      <testsuite name="Hyde\Framework\Testing\Feature\AuthorPostsIntegrationTest" file="/home/runner/work/develop/develop/packages/framework/tests/Feature/AuthorPostsIntegrationTest.php" tests="3" assertions="15" errors="0" failures="0" skipped="0" time="0.295627">
        <testcase name="testCreatePostWithUndefinedAuthor" file="/home/runner/work/develop/develop/packages/framework/tests/Feature/AuthorPostsIntegrationTest.php" line="36" class="Hyde\Framework\Testing\Feature\AuthorPostsIntegrationTest" classname="Hyde.Framework.Testing.Feature.AuthorPostsIntegrationTest" assertions="4" time="0.244713"/>
        <testcase name="testCreatePostWithDefinedAuthorWithName" file="/home/runner/work/develop/develop/packages/framework/tests/Feature/AuthorPostsIntegrationTest.php" line="69" class="Hyde\Framework\Testing\Feature\AuthorPostsIntegrationTest" classname="Hyde.Framework.Testing.Feature.AuthorPostsIntegrationTest" assertions="5" time="0.025976"/>
        <testcase name="testCreatePostWithDefinedAuthorWithWebsite" file="/home/runner/work/develop/develop/packages/framework/tests/Feature/AuthorPostsIntegrationTest.php" line="107" class="Hyde\Framework\Testing\Feature\AuthorPostsIntegrationTest" classname="Hyde.Framework.Testing.Feature.AuthorPostsIntegrationTest" assertions="6" time="0.024938"/>
      </testsuite>
      <testsuite name="Hyde\Framework\Testing\Feature\BladeMatterParserTest" file="/home/runner/work/develop/develop/packages/framework/tests/Feature/BladeMatterParserTest.php" tests="15" assertions="38" errors="0" failures="0" skipped="0" time="0.055343">
        <testcase name="testCanParseFrontMatter" file="/home/runner/work/develop/develop/packages/framework/tests/Feature/BladeMatterParserTest.php" line="16" class="Hyde\Framework\Testing\Feature\BladeMatterParserTest" classname="Hyde.Framework.Testing.Feature.BladeMatterParserTest" assertions="1" time="0.003407"/>
        <testcase name="testParseStringHelperMethod" file="/home/runner/work/develop/develop/packages/framework/tests/Feature/BladeMatterParserTest.php" line="23" class="Hyde\Framework\Testing\Feature\BladeMatterParserTest" classname="Hyde.Framework.Testing.Feature.BladeMatterParserTest" assertions="1" time="0.003127"/>
        <testcase name="testParseFileHelperMethod" file="/home/runner/work/develop/develop/packages/framework/tests/Feature/BladeMatterParserTest.php" line="31" class="Hyde\Framework\Testing\Feature\BladeMatterParserTest" classname="Hyde.Framework.Testing.Feature.BladeMatterParserTest" assertions="1" time="0.003842"/>
        <testcase name="testCanParseMultipleFrontMatterLines" file="/home/runner/work/develop/develop/packages/framework/tests/Feature/BladeMatterParserTest.php" line="40" class="Hyde\Framework\Testing\Feature\BladeMatterParserTest" classname="Hyde.Framework.Testing.Feature.BladeMatterParserTest" assertions="1" time="0.003426"/>
        <testcase name="testCanParseFrontMatterWithVariousFormats" file="/home/runner/work/develop/develop/packages/framework/tests/Feature/BladeMatterParserTest.php" line="50" class="Hyde\Framework\Testing\Feature\BladeMatterParserTest" classname="Hyde.Framework.Testing.Feature.BladeMatterParserTest" assertions="4" time="0.003740"/>
        <testcase name="testCanParseFrontMatterWithArray" file="/home/runner/work/develop/develop/packages/framework/tests/Feature/BladeMatterParserTest.php" line="64" class="Hyde\Framework\Testing\Feature\BladeMatterParserTest" classname="Hyde.Framework.Testing.Feature.BladeMatterParserTest" assertions="1" time="0.003507"/>
        <testcase name="testLineMatchesFrontMatter" file="/home/runner/work/develop/develop/packages/framework/tests/Feature/BladeMatterParserTest.php" line="70" class="Hyde\Framework\Testing\Feature\BladeMatterParserTest" classname="Hyde.Framework.Testing.Feature.BladeMatterParserTest" assertions="2" time="0.003457"/>
        <testcase name="testDirectiveCannotHaveLeadingWhitespace" file="/home/runner/work/develop/develop/packages/framework/tests/Feature/BladeMatterParserTest.php" line="76" class="Hyde\Framework\Testing\Feature\BladeMatterParserTest" classname="Hyde.Framework.Testing.Feature.BladeMatterParserTest" assertions="1" time="0.003432"/>
        <testcase name="testDirectiveSignatureCannotContainWhitespace" file="/home/runner/work/develop/develop/packages/framework/tests/Feature/BladeMatterParserTest.php" line="81" class="Hyde\Framework\Testing\Feature\BladeMatterParserTest" classname="Hyde.Framework.Testing.Feature.BladeMatterParserTest" assertions="3" time="0.003688"/>
        <testcase name="testExtractKey" file="/home/runner/work/develop/develop/packages/framework/tests/Feature/BladeMatterParserTest.php" line="88" class="Hyde\Framework\Testing\Feature\BladeMatterParserTest" classname="Hyde.Framework.Testing.Feature.BladeMatterParserTest" assertions="1" time="0.003400"/>
        <testcase name="testExtractValue" file="/home/runner/work/develop/develop/packages/framework/tests/Feature/BladeMatterParserTest.php" line="93" class="Hyde\Framework\Testing\Feature\BladeMatterParserTest" classname="Hyde.Framework.Testing.Feature.BladeMatterParserTest" assertions="1" time="0.003455"/>
        <testcase name="testGetValueWithType" file="/home/runner/work/develop/develop/packages/framework/tests/Feature/BladeMatterParserTest.php" line="98" class="Hyde\Framework\Testing\Feature\BladeMatterParserTest" classname="Hyde.Framework.Testing.Feature.BladeMatterParserTest" assertions="11" time="0.004523"/>
        <testcase name="testParseArrayString" file="/home/runner/work/develop/develop/packages/framework/tests/Feature/BladeMatterParserTest.php" line="113" class="Hyde\Framework\Testing\Feature\BladeMatterParserTest" classname="Hyde.Framework.Testing.Feature.BladeMatterParserTest" assertions="8" time="0.004645"/>
        <testcase name="testParseInvalidArrayString" file="/home/runner/work/develop/develop/packages/framework/tests/Feature/BladeMatterParserTest.php" line="126" class="Hyde\Framework\Testing\Feature\BladeMatterParserTest" classname="Hyde.Framework.Testing.Feature.BladeMatterParserTest" assertions="1" time="0.003416"/>
        <testcase name="testParseMultidimensionalArrayString" file="/home/runner/work/develop/develop/packages/framework/tests/Feature/BladeMatterParserTest.php" line="132" class="Hyde\Framework\Testing\Feature\BladeMatterParserTest" classname="Hyde.Framework.Testing.Feature.BladeMatterParserTest" assertions="1" time="0.004276"/>
      </testsuite>
      <testsuite name="Hyde\Framework\Testing\Feature\ColoredBlockquoteShortcodesTest" file="/home/runner/work/develop/develop/packages/framework/tests/Feature/ColoredBlockquoteShortcodesTest.php" tests="5" assertions="5" errors="0" failures="0" skipped="0" time="0.011104">
        <testcase name="testSignature" file="/home/runner/work/develop/develop/packages/framework/tests/Feature/ColoredBlockquoteShortcodesTest.php" line="17" class="Hyde\Framework\Testing\Feature\ColoredBlockquoteShortcodesTest" classname="Hyde.Framework.Testing.Feature.ColoredBlockquoteShortcodesTest" assertions="1" time="0.002145"/>
        <testcase name="testSignatures" file="/home/runner/work/develop/develop/packages/framework/tests/Feature/ColoredBlockquoteShortcodesTest.php" line="22" class="Hyde\Framework\Testing\Feature\ColoredBlockquoteShortcodesTest" classname="Hyde.Framework.Testing.Feature.ColoredBlockquoteShortcodesTest" assertions="1" time="0.001689"/>
        <testcase name="testResolveMethod" file="/home/runner/work/develop/develop/packages/framework/tests/Feature/ColoredBlockquoteShortcodesTest.php" line="30" class="Hyde\Framework\Testing\Feature\ColoredBlockquoteShortcodesTest" classname="Hyde.Framework.Testing.Feature.ColoredBlockquoteShortcodesTest" assertions="1" time="0.002637"/>
        <testcase name="testCanUseMarkdownWithinBlockquote" file="/home/runner/work/develop/develop/packages/framework/tests/Feature/ColoredBlockquoteShortcodesTest.php" line="38" class="Hyde\Framework\Testing\Feature\ColoredBlockquoteShortcodesTest" classname="Hyde.Framework.Testing.Feature.ColoredBlockquoteShortcodesTest" assertions="1" time="0.003133"/>
        <testcase name="testWithUnrelatedClass" file="/home/runner/work/develop/develop/packages/framework/tests/Feature/ColoredBlockquoteShortcodesTest.php" line="46" class="Hyde\Framework\Testing\Feature\ColoredBlockquoteShortcodesTest" classname="Hyde.Framework.Testing.Feature.ColoredBlockquoteShortcodesTest" assertions="1" time="0.001500"/>
      </testsuite>
      <testsuite name="Hyde\Framework\Testing\Feature\CommandTest" file="/home/runner/work/develop/develop/packages/framework/tests/Feature/CommandTest.php" tests="23" assertions="31" errors="0" failures="0" skipped="0" time="0.052081">
        <testcase name="testUserExitConstant" file="/home/runner/work/develop/develop/packages/framework/tests/Feature/CommandTest.php" line="32" class="Hyde\Framework\Testing\Feature\CommandTest" classname="Hyde.Framework.Testing.Feature.CommandTest" assertions="1" time="0.001586"/>
        <testcase name="testFileLinkHelperCreatesLinkForExistingFile" file="/home/runner/work/develop/develop/packages/framework/tests/Feature/CommandTest.php" line="37" class="Hyde\Framework\Testing\Feature\CommandTest" classname="Hyde.Framework.Testing.Feature.CommandTest" assertions="1" time="0.001919"/>
        <testcase name="testFileLinkHelperCreatesLinkForNonExistingFile" file="/home/runner/work/develop/develop/packages/framework/tests/Feature/CommandTest.php" line="49" class="Hyde\Framework\Testing\Feature\CommandTest" classname="Hyde.Framework.Testing.Feature.CommandTest" assertions="1" time="0.001708"/>
        <testcase name="testFileLinkHelperWithCustomLabel" file="/home/runner/work/develop/develop/packages/framework/tests/Feature/CommandTest.php" line="57" class="Hyde\Framework\Testing\Feature\CommandTest" classname="Hyde.Framework.Testing.Feature.CommandTest" assertions="1" time="0.001652"/>
        <testcase name="testFileLinkHelperWithAbsolutePathInput" file="/home/runner/work/develop/develop/packages/framework/tests/Feature/CommandTest.php" line="65" class="Hyde\Framework\Testing\Feature\CommandTest" classname="Hyde.Framework.Testing.Feature.CommandTest" assertions="1" time="0.001690"/>
        <testcase name="testFileLinkHelperWithAbsolutePathInputAndCustomLabel" file="/home/runner/work/develop/develop/packages/framework/tests/Feature/CommandTest.php" line="73" class="Hyde\Framework\Testing\Feature\CommandTest" classname="Hyde.Framework.Testing.Feature.CommandTest" assertions="1" time="0.001751"/>
        <testcase name="testFileLinkHelperWithAbsolutePathAndRealFile" file="/home/runner/work/develop/develop/packages/framework/tests/Feature/CommandTest.php" line="81" class="Hyde\Framework\Testing\Feature\CommandTest" classname="Hyde.Framework.Testing.Feature.CommandTest" assertions="1" time="0.001830"/>
        <testcase name="testInfoComment" file="/home/runner/work/develop/develop/packages/framework/tests/Feature/CommandTest.php" line="93" class="Hyde\Framework\Testing\Feature\CommandTest" classname="Hyde.Framework.Testing.Feature.CommandTest" assertions="1" time="0.006017"/>
        <testcase name="testInfoCommentWithExtraInfo" file="/home/runner/work/develop/develop/packages/framework/tests/Feature/CommandTest.php" line="109" class="Hyde\Framework\Testing\Feature\CommandTest" classname="Hyde.Framework.Testing.Feature.CommandTest" assertions="1" time="0.002019"/>
        <testcase name="testInfoCommentWithExtraInfoAndComments" file="/home/runner/work/develop/develop/packages/framework/tests/Feature/CommandTest.php" line="125" class="Hyde\Framework\Testing\Feature\CommandTest" classname="Hyde.Framework.Testing.Feature.CommandTest" assertions="1" time="0.002006"/>
        <testcase name="testHref" file="/home/runner/work/develop/develop/packages/framework/tests/Feature/CommandTest.php" line="141" class="Hyde\Framework\Testing\Feature\CommandTest" classname="Hyde.Framework.Testing.Feature.CommandTest" assertions="1" time="0.001703"/>
        <testcase name="testInlineGray" file="/home/runner/work/develop/develop/packages/framework/tests/Feature/CommandTest.php" line="148" class="Hyde\Framework\Testing\Feature\CommandTest" classname="Hyde.Framework.Testing.Feature.CommandTest" assertions="1" time="0.001705"/>
        <testcase name="testGray" file="/home/runner/work/develop/develop/packages/framework/tests/Feature/CommandTest.php" line="155" class="Hyde\Framework\Testing\Feature\CommandTest" classname="Hyde.Framework.Testing.Feature.CommandTest" assertions="1" time="0.001940"/>
        <testcase name="testIndentedLine" file="/home/runner/work/develop/develop/packages/framework/tests/Feature/CommandTest.php" line="160" class="Hyde\Framework\Testing\Feature\CommandTest" classname="Hyde.Framework.Testing.Feature.CommandTest" assertions="1" time="0.001949"/>
        <testcase name="testIndentedLineWithMultipleIndentations" file="/home/runner/work/develop/develop/packages/framework/tests/Feature/CommandTest.php" line="165" class="Hyde\Framework\Testing\Feature\CommandTest" classname="Hyde.Framework.Testing.Feature.CommandTest" assertions="1" time="0.001975"/>
        <testcase name="testIndentedLineWithNoIndentation" file="/home/runner/work/develop/develop/packages/framework/tests/Feature/CommandTest.php" line="170" class="Hyde\Framework\Testing\Feature\CommandTest" classname="Hyde.Framework.Testing.Feature.CommandTest" assertions="1" time="0.001936"/>
        <testcase name="testHandleCallsBaseSafeHandle" file="/home/runner/work/develop/develop/packages/framework/tests/Feature/CommandTest.php" line="175" class="Hyde\Framework\Testing\Feature\CommandTest" classname="Hyde.Framework.Testing.Feature.CommandTest" assertions="1" time="0.001631"/>
        <testcase name="testHandleCallsChildSafeHandle" file="/home/runner/work/develop/develop/packages/framework/tests/Feature/CommandTest.php" line="180" class="Hyde\Framework\Testing\Feature\CommandTest" classname="Hyde.Framework.Testing.Feature.CommandTest" assertions="1" time="0.001654"/>
        <testcase name="testSafeHandleException" file="/home/runner/work/develop/develop/packages/framework/tests/Feature/CommandTest.php" line="185" class="Hyde\Framework\Testing\Feature\CommandTest" classname="Hyde.Framework.Testing.Feature.CommandTest" assertions="2" time="0.006841"/>
        <testcase name="testCanEnableThrowOnException" file="/home/runner/work/develop/develop/packages/framework/tests/Feature/CommandTest.php" line="203" class="Hyde\Framework\Testing\Feature\CommandTest" classname="Hyde.Framework.Testing.Feature.CommandTest" assertions="2" time="0.002191"/>
        <testcase name="testAskForString" file="/home/runner/work/develop/develop/packages/framework/tests/Feature/CommandTest.php" line="218" class="Hyde\Framework\Testing\Feature\CommandTest" classname="Hyde.Framework.Testing.Feature.CommandTest" assertions="3" time="0.002233"/>
        <testcase name="testAskForStringWithDefaultValue" file="/home/runner/work/develop/develop/packages/framework/tests/Feature/CommandTest.php" line="229" class="Hyde\Framework\Testing\Feature\CommandTest" classname="Hyde.Framework.Testing.Feature.CommandTest" assertions="3" time="0.002066"/>
        <testcase name="testAskForStringWithDefaultValueSupplyingNull" file="/home/runner/work/develop/develop/packages/framework/tests/Feature/CommandTest.php" line="240" class="Hyde\Framework\Testing\Feature\CommandTest" classname="Hyde.Framework.Testing.Feature.CommandTest" assertions="3" time="0.002078"/>
      </testsuite>
      <testsuite name="Hyde\Framework\Testing\Feature\Commands\BuildRssFeedCommandTest" file="/home/runner/work/develop/develop/packages/framework/tests/Feature/Commands/BuildRssFeedCommandTest.php" tests="2" assertions="8" errors="0" failures="0" skipped="0" time="0.033307">
        <testcase name="testRssFeedIsGeneratedWhenConditionsAreMet" file="/home/runner/work/develop/develop/packages/framework/tests/Feature/Commands/BuildRssFeedCommandTest.php" line="17" class="Hyde\Framework\Testing\Feature\Commands\BuildRssFeedCommandTest" classname="Hyde.Framework.Testing.Feature.Commands.BuildRssFeedCommandTest" assertions="3" time="0.018819"/>
        <testcase name="testRssFilenameCanBeChanged" file="/home/runner/work/develop/develop/packages/framework/tests/Feature/Commands/BuildRssFeedCommandTest.php" line="30" class="Hyde\Framework\Testing\Feature\Commands\BuildRssFeedCommandTest" classname="Hyde.Framework.Testing.Feature.Commands.BuildRssFeedCommandTest" assertions="5" time="0.014488"/>
      </testsuite>
      <testsuite name="Hyde\Framework\Testing\Feature\Commands\BuildSearchCommandTest" file="/home/runner/work/develop/develop/packages/framework/tests/Feature/Commands/BuildSearchCommandTest.php" tests="8" assertions="22" errors="0" failures="0" skipped="0" time="0.241231">
        <testcase name="testItCreatesTheSearchJsonFile" file="/home/runner/work/develop/develop/packages/framework/tests/Feature/Commands/BuildSearchCommandTest.php" line="19" class="Hyde\Framework\Testing\Feature\Commands\BuildSearchCommandTest" classname="Hyde.Framework.Testing.Feature.Commands.BuildSearchCommandTest" assertions="3" time="0.102658"/>
        <testcase name="testItCreatesTheSearchPage" file="/home/runner/work/develop/develop/packages/framework/tests/Feature/Commands/BuildSearchCommandTest.php" line="30" class="Hyde\Framework\Testing\Feature\Commands\BuildSearchCommandTest" classname="Hyde.Framework.Testing.Feature.Commands.BuildSearchCommandTest" assertions="3" time="0.020671"/>
        <testcase name="testItDoesNotCreateTheSearchPageIfDisabled" file="/home/runner/work/develop/develop/packages/framework/tests/Feature/Commands/BuildSearchCommandTest.php" line="41" class="Hyde\Framework\Testing\Feature\Commands\BuildSearchCommandTest" classname="Hyde.Framework.Testing.Feature.Commands.BuildSearchCommandTest" assertions="2" time="0.010173"/>
        <testcase name="testItDoesNotDisplayTheEstimationMessageWhenItIsLessThan1Second" file="/home/runner/work/develop/develop/packages/framework/tests/Feature/Commands/BuildSearchCommandTest.php" line="51" class="Hyde\Framework\Testing\Feature\Commands\BuildSearchCommandTest" classname="Hyde.Framework.Testing.Feature.Commands.BuildSearchCommandTest" assertions="2" time="0.020414"/>
        <testcase name="testSearchFilesCanBeGeneratedForCustomDocsOutputDirectory" file="/home/runner/work/develop/develop/packages/framework/tests/Feature/Commands/BuildSearchCommandTest.php" line="61" class="Hyde\Framework\Testing\Feature\Commands\BuildSearchCommandTest" classname="Hyde.Framework.Testing.Feature.Commands.BuildSearchCommandTest" assertions="3" time="0.020698"/>
        <testcase name="testSearchFilesCanBeGeneratedForCustomSiteOutputDirectory" file="/home/runner/work/develop/develop/packages/framework/tests/Feature/Commands/BuildSearchCommandTest.php" line="72" class="Hyde\Framework\Testing\Feature\Commands\BuildSearchCommandTest" classname="Hyde.Framework.Testing.Feature.Commands.BuildSearchCommandTest" assertions="3" time="0.022020"/>
        <testcase name="testSearchFilesCanBeGeneratedForCustomSiteAndDocsOutputDirectories" file="/home/runner/work/develop/develop/packages/framework/tests/Feature/Commands/BuildSearchCommandTest.php" line="83" class="Hyde\Framework\Testing\Feature\Commands\BuildSearchCommandTest" classname="Hyde.Framework.Testing.Feature.Commands.BuildSearchCommandTest" assertions="3" time="0.021597"/>
        <testcase name="testSearchFilesCanBeGeneratedForCustomSiteAndNestedDocsOutputDirectories" file="/home/runner/work/develop/develop/packages/framework/tests/Feature/Commands/BuildSearchCommandTest.php" line="95" class="Hyde\Framework\Testing\Feature\Commands\BuildSearchCommandTest" classname="Hyde.Framework.Testing.Feature.Commands.BuildSearchCommandTest" assertions="3" time="0.023000"/>
      </testsuite>
      <testsuite name="Hyde\Framework\Testing\Feature\Commands\BuildSitemapCommandTest" file="/home/runner/work/develop/develop/packages/framework/tests/Feature/Commands/BuildSitemapCommandTest.php" tests="1" assertions="3" errors="0" failures="0" skipped="0" time="0.012233">
        <testcase name="testSitemapIsGeneratedWhenConditionsAreMet" file="/home/runner/work/develop/develop/packages/framework/tests/Feature/Commands/BuildSitemapCommandTest.php" line="17" class="Hyde\Framework\Testing\Feature\Commands\BuildSitemapCommandTest" classname="Hyde.Framework.Testing.Feature.Commands.BuildSitemapCommandTest" assertions="3" time="0.012233"/>
      </testsuite>
      <testsuite name="Hyde\Framework\Testing\Feature\Commands\ChangeSourceDirectoryCommandTest" file="/home/runner/work/develop/develop/packages/framework/tests/Feature/Commands/ChangeSourceDirectoryCommandTest.php" tests="6" assertions="38" errors="0" failures="0" skipped="0" time="0.052199">
        <testcase name="testCommandMovesSourceDirectoriesToNewSuppliedDirectoryAndUpdatesTheConfigurationFile" file="/home/runner/work/develop/develop/packages/framework/tests/Feature/Commands/ChangeSourceDirectoryCommandTest.php" line="16" class="Hyde\Framework\Testing\Feature\Commands\ChangeSourceDirectoryCommandTest" classname="Hyde.Framework.Testing.Feature.Commands.ChangeSourceDirectoryCommandTest" assertions="15" time="0.012365"/>
        <testcase name="testWithMissingConfigSearchString" file="/home/runner/work/develop/develop/packages/framework/tests/Feature/Commands/ChangeSourceDirectoryCommandTest.php" line="54" class="Hyde\Framework\Testing\Feature\Commands\ChangeSourceDirectoryCommandTest" classname="Hyde.Framework.Testing.Feature.Commands.ChangeSourceDirectoryCommandTest" assertions="15" time="0.012866"/>
        <testcase name="testWithNameMatchingCurrentValue" file="/home/runner/work/develop/develop/packages/framework/tests/Feature/Commands/ChangeSourceDirectoryCommandTest.php" line="93" class="Hyde\Framework\Testing\Feature\Commands\ChangeSourceDirectoryCommandTest" classname="Hyde.Framework.Testing.Feature.Commands.ChangeSourceDirectoryCommandTest" assertions="2" time="0.005946"/>
        <testcase name="testWithExistingDirectory" file="/home/runner/work/develop/develop/packages/framework/tests/Feature/Commands/ChangeSourceDirectoryCommandTest.php" line="100" class="Hyde\Framework\Testing\Feature\Commands\ChangeSourceDirectoryCommandTest" classname="Hyde.Framework.Testing.Feature.Commands.ChangeSourceDirectoryCommandTest" assertions="2" time="0.007809"/>
        <testcase name="testWithTargetContainingSubdirectoryFile" file="/home/runner/work/develop/develop/packages/framework/tests/Feature/Commands/ChangeSourceDirectoryCommandTest.php" line="111" class="Hyde\Framework\Testing\Feature\Commands\ChangeSourceDirectoryCommandTest" classname="Hyde.Framework.Testing.Feature.Commands.ChangeSourceDirectoryCommandTest" assertions="2" time="0.007066"/>
        <testcase name="testWithTargetBeingFile" file="/home/runner/work/develop/develop/packages/framework/tests/Feature/Commands/ChangeSourceDirectoryCommandTest.php" line="121" class="Hyde\Framework\Testing\Feature\Commands\ChangeSourceDirectoryCommandTest" classname="Hyde.Framework.Testing.Feature.Commands.ChangeSourceDirectoryCommandTest" assertions="2" time="0.006148"/>
      </testsuite>
      <testsuite name="Hyde\Framework\Testing\Feature\Commands\DebugCommandTest" file="/home/runner/work/develop/develop/packages/framework/tests/Feature/Commands/DebugCommandTest.php" tests="3" assertions="15" errors="0" failures="0" skipped="0" time="0.028008">
        <testcase name="testDebugCommandCanRun" file="/home/runner/work/develop/develop/packages/framework/tests/Feature/Commands/DebugCommandTest.php" line="21" class="Hyde\Framework\Testing\Feature\Commands\DebugCommandTest" classname="Hyde.Framework.Testing.Feature.Commands.DebugCommandTest" assertions="1" time="0.008379"/>
        <testcase name="testItPrintsDebugInformation" file="/home/runner/work/develop/develop/packages/framework/tests/Feature/Commands/DebugCommandTest.php" line="26" class="Hyde\Framework\Testing\Feature\Commands\DebugCommandTest" classname="Hyde.Framework.Testing.Feature.Commands.DebugCommandTest" assertions="8" time="0.010021"/>
        <testcase name="testItPrintsVerboseDebugInformation" file="/home/runner/work/develop/develop/packages/framework/tests/Feature/Commands/DebugCommandTest.php" line="39" class="Hyde\Framework\Testing\Feature\Commands\DebugCommandTest" classname="Hyde.Framework.Testing.Feature.Commands.DebugCommandTest" assertions="6" time="0.009608"/>
      </testsuite>
      <testsuite name="Hyde\Framework\Testing\Feature\Commands\MakePageCommandTest" file="/home/runner/work/develop/develop/packages/framework/tests/Feature/Commands/MakePageCommandTest.php" tests="14" assertions="34" errors="0" failures="0" skipped="0" time="0.120517">
        <testcase name="testCommandCanRun" file="/home/runner/work/develop/develop/packages/framework/tests/Feature/Commands/MakePageCommandTest.php" line="43" class="Hyde\Framework\Testing\Feature\Commands\MakePageCommandTest" classname="Hyde.Framework.Testing.Feature.Commands.MakePageCommandTest" assertions="1" time="0.008395"/>
        <testcase name="testCommandOutput" file="/home/runner/work/develop/develop/packages/framework/tests/Feature/Commands/MakePageCommandTest.php" line="48" class="Hyde\Framework\Testing\Feature\Commands\MakePageCommandTest" classname="Hyde.Framework.Testing.Feature.Commands.MakePageCommandTest" assertions="3" time="0.008645"/>
        <testcase name="testCommandAllowsUserToSpecifyPageType" file="/home/runner/work/develop/develop/packages/framework/tests/Feature/Commands/MakePageCommandTest.php" line="56" class="Hyde\Framework\Testing\Feature\Commands\MakePageCommandTest" classname="Hyde.Framework.Testing.Feature.Commands.MakePageCommandTest" assertions="2" time="0.011164"/>
        <testcase name="testTypeOptionIsCaseInsensitive" file="/home/runner/work/develop/develop/packages/framework/tests/Feature/Commands/MakePageCommandTest.php" line="62" class="Hyde\Framework\Testing\Feature\Commands\MakePageCommandTest" classname="Hyde.Framework.Testing.Feature.Commands.MakePageCommandTest" assertions="2" time="0.010988"/>
        <testcase name="testCommandFailsIfUserSpecifiesInvalidPageType" file="/home/runner/work/develop/develop/packages/framework/tests/Feature/Commands/MakePageCommandTest.php" line="68" class="Hyde\Framework\Testing\Feature\Commands\MakePageCommandTest" classname="Hyde.Framework.Testing.Feature.Commands.MakePageCommandTest" assertions="3" time="0.006067"/>
        <testcase name="testCommandCreatesMarkdownFile" file="/home/runner/work/develop/develop/packages/framework/tests/Feature/Commands/MakePageCommandTest.php" line="76" class="Hyde\Framework\Testing\Feature\Commands\MakePageCommandTest" classname="Hyde.Framework.Testing.Feature.Commands.MakePageCommandTest" assertions="2" time="0.008410"/>
        <testcase name="testCommandCreatesBladeFile" file="/home/runner/work/develop/develop/packages/framework/tests/Feature/Commands/MakePageCommandTest.php" line="83" class="Hyde\Framework\Testing\Feature\Commands\MakePageCommandTest" classname="Hyde.Framework.Testing.Feature.Commands.MakePageCommandTest" assertions="2" time="0.007024"/>
        <testcase name="testCommandCreatesDocumentationFile" file="/home/runner/work/develop/develop/packages/framework/tests/Feature/Commands/MakePageCommandTest.php" line="90" class="Hyde\Framework\Testing\Feature\Commands\MakePageCommandTest" classname="Hyde.Framework.Testing.Feature.Commands.MakePageCommandTest" assertions="2" time="0.008597"/>
        <testcase name="testCommandFailsIfFileAlreadyExists" file="/home/runner/work/develop/develop/packages/framework/tests/Feature/Commands/MakePageCommandTest.php" line="98" class="Hyde\Framework\Testing\Feature\Commands\MakePageCommandTest" classname="Hyde.Framework.Testing.Feature.Commands.MakePageCommandTest" assertions="3" time="0.006516"/>
        <testcase name="testCommandOverwritesExistingFilesWhenForceOptionIsUsed" file="/home/runner/work/develop/develop/packages/framework/tests/Feature/Commands/MakePageCommandTest.php" line="110" class="Hyde\Framework\Testing\Feature\Commands\MakePageCommandTest" classname="Hyde.Framework.Testing.Feature.Commands.MakePageCommandTest" assertions="2" time="0.009003"/>
        <testcase name="testCommandPromptsForTitleIfItWasNotSpecified" file="/home/runner/work/develop/develop/packages/framework/tests/Feature/Commands/MakePageCommandTest.php" line="119" class="Hyde\Framework\Testing\Feature\Commands\MakePageCommandTest" classname="Hyde.Framework.Testing.Feature.Commands.MakePageCommandTest" assertions="3" time="0.009351"/>
        <testcase name="testCommandFallsBackToDefaultTitleIfUserEntersNothing" file="/home/runner/work/develop/develop/packages/framework/tests/Feature/Commands/MakePageCommandTest.php" line="129" class="Hyde\Framework\Testing\Feature\Commands\MakePageCommandTest" classname="Hyde.Framework.Testing.Feature.Commands.MakePageCommandTest" assertions="3" time="0.009261"/>
        <testcase name="testPageTypeShorthandCanBeUsedToCreateBladePages" file="/home/runner/work/develop/develop/packages/framework/tests/Feature/Commands/MakePageCommandTest.php" line="139" class="Hyde\Framework\Testing\Feature\Commands\MakePageCommandTest" classname="Hyde.Framework.Testing.Feature.Commands.MakePageCommandTest" assertions="3" time="0.007764"/>
        <testcase name="testPageTypeShorthandCanBeUsedToCreateDocumentationPages" file="/home/runner/work/develop/develop/packages/framework/tests/Feature/Commands/MakePageCommandTest.php" line="148" class="Hyde\Framework\Testing\Feature\Commands\MakePageCommandTest" classname="Hyde.Framework.Testing.Feature.Commands.MakePageCommandTest" assertions="3" time="0.009329"/>
      </testsuite>
      <testsuite name="Hyde\Framework\Testing\Feature\Commands\MakePostCommandTest" file="/home/runner/work/develop/develop/packages/framework/tests/Feature/Commands/MakePostCommandTest.php" tests="5" assertions="48" errors="0" failures="0" skipped="0" time="0.057649">
        <testcase name="testCommandHasExpectedOutputAndCreatesValidFile" file="/home/runner/work/develop/develop/packages/framework/tests/Feature/Commands/MakePostCommandTest.php" line="17" class="Hyde\Framework\Testing\Feature\Commands\MakePostCommandTest" classname="Hyde.Framework.Testing.Feature.Commands.MakePostCommandTest" assertions="16" time="0.012992"/>
        <testcase name="testThatFilesAreNotOverwrittenWhenForceFlagIsNotSet" file="/home/runner/work/develop/develop/packages/framework/tests/Feature/Commands/MakePostCommandTest.php" line="49" class="Hyde\Framework\Testing\Feature\Commands\MakePostCommandTest" classname="Hyde.Framework.Testing.Feature.Commands.MakePostCommandTest" assertions="9" time="0.011949"/>
        <testcase name="testThatFilesAreOverwrittenWhenForceFlagIsSet" file="/home/runner/work/develop/develop/packages/framework/tests/Feature/Commands/MakePostCommandTest.php" line="72" class="Hyde\Framework\Testing\Feature\Commands\MakePostCommandTest" classname="Hyde.Framework.Testing.Feature.Commands.MakePostCommandTest" assertions="9" time="0.011758"/>
        <testcase name="testThatTitleCanBeSpecifiedInCommandSignature" file="/home/runner/work/develop/develop/packages/framework/tests/Feature/Commands/MakePostCommandTest.php" line="97" class="Hyde\Framework\Testing\Feature\Commands\MakePostCommandTest" classname="Hyde.Framework.Testing.Feature.Commands.MakePostCommandTest" assertions="6" time="0.011737"/>
        <testcase name="testThatCommandCanBeCanceled" file="/home/runner/work/develop/develop/packages/framework/tests/Feature/Commands/MakePostCommandTest.php" line="111" class="Hyde\Framework\Testing\Feature\Commands\MakePostCommandTest" classname="Hyde.Framework.Testing.Feature.Commands.MakePostCommandTest" assertions="8" time="0.009213"/>
      </testsuite>
      <testsuite name="Hyde\Framework\Testing\Feature\Commands\PackageDiscoverCommandTest" file="/home/runner/work/develop/develop/packages/framework/tests/Feature/Commands/PackageDiscoverCommandTest.php" tests="1" assertions="3" errors="0" failures="0" skipped="0" time="0.052888">
        <testcase name="testPackageDiscoverCommandRegistersManifestPath" file="/home/runner/work/develop/develop/packages/framework/tests/Feature/Commands/PackageDiscoverCommandTest.php" line="16" class="Hyde\Framework\Testing\Feature\Commands\PackageDiscoverCommandTest" classname="Hyde.Framework.Testing.Feature.Commands.PackageDiscoverCommandTest" assertions="3" time="0.052888"/>
      </testsuite>
      <testsuite name="Hyde\Framework\Testing\Feature\Commands\PublishConfigsCommandTest" file="/home/runner/work/develop/develop/packages/framework/tests/Feature/Commands/PublishConfigsCommandTest.php" tests="3" assertions="16" errors="0" failures="0" skipped="0" time="0.044764">
        <testcase name="testCommandHasExpectedOutput" file="/home/runner/work/develop/develop/packages/framework/tests/Feature/Commands/PublishConfigsCommandTest.php" line="33" class="Hyde\Framework\Testing\Feature\Commands\PublishConfigsCommandTest" classname="Hyde.Framework.Testing.Feature.Commands.PublishConfigsCommandTest" assertions="4" time="0.019426"/>
        <testcase name="testConfigFilesArePublished" file="/home/runner/work/develop/develop/packages/framework/tests/Feature/Commands/PublishConfigsCommandTest.php" line="41" class="Hyde\Framework\Testing\Feature\Commands\PublishConfigsCommandTest" classname="Hyde.Framework.Testing.Feature.Commands.PublishConfigsCommandTest" assertions="8" time="0.012632"/>
        <testcase name="testCommandOverwritesExistingFiles" file="/home/runner/work/develop/develop/packages/framework/tests/Feature/Commands/PublishConfigsCommandTest.php" line="54" class="Hyde\Framework\Testing\Feature\Commands\PublishConfigsCommandTest" classname="Hyde.Framework.Testing.Feature.Commands.PublishConfigsCommandTest" assertions="4" time="0.012706"/>
      </testsuite>
      <testsuite name="Hyde\Framework\Testing\Feature\Commands\PublishHomepageCommandTest" file="/home/runner/work/develop/develop/packages/framework/tests/Feature/Commands/PublishHomepageCommandTest.php" tests="9" assertions="28" errors="0" failures="0" skipped="0" time="0.113466">
        <testcase name="testThereAreNoDefaultPages" file="/home/runner/work/develop/develop/packages/framework/tests/Feature/Commands/PublishHomepageCommandTest.php" line="31" class="Hyde\Framework\Testing\Feature\Commands\PublishHomepageCommandTest" classname="Hyde.Framework.Testing.Feature.Commands.PublishHomepageCommandTest" assertions="1" time="0.004261"/>
        <testcase name="testCommandReturnsExpectedOutput" file="/home/runner/work/develop/develop/packages/framework/tests/Feature/Commands/PublishHomepageCommandTest.php" line="36" class="Hyde\Framework\Testing\Feature\Commands\PublishHomepageCommandTest" classname="Hyde.Framework.Testing.Feature.Commands.PublishHomepageCommandTest" assertions="3" time="0.009935"/>
        <testcase name="testCommandReturnsExpectedOutputWithRebuild" file="/home/runner/work/develop/develop/packages/framework/tests/Feature/Commands/PublishHomepageCommandTest.php" line="45" class="Hyde\Framework\Testing\Feature\Commands\PublishHomepageCommandTest" classname="Hyde.Framework.Testing.Feature.Commands.PublishHomepageCommandTest" assertions="5" time="0.027289"/>
        <testcase name="testCommandPromptsForOutput" file="/home/runner/work/develop/develop/packages/framework/tests/Feature/Commands/PublishHomepageCommandTest.php" line="57" class="Hyde\Framework\Testing\Feature\Commands\PublishHomepageCommandTest" classname="Hyde.Framework.Testing.Feature.Commands.PublishHomepageCommandTest" assertions="5" time="0.010534"/>
        <testcase name="testCommandShowsFeedbackOutputWhenSupplyingAHomepageName" file="/home/runner/work/develop/develop/packages/framework/tests/Feature/Commands/PublishHomepageCommandTest.php" line="71" class="Hyde\Framework\Testing\Feature\Commands\PublishHomepageCommandTest" classname="Hyde.Framework.Testing.Feature.Commands.PublishHomepageCommandTest" assertions="4" time="0.010120"/>
        <testcase name="testCommandHandlesErrorCode404" file="/home/runner/work/develop/develop/packages/framework/tests/Feature/Commands/PublishHomepageCommandTest.php" line="81" class="Hyde\Framework\Testing\Feature\Commands\PublishHomepageCommandTest" classname="Hyde.Framework.Testing.Feature.Commands.PublishHomepageCommandTest" assertions="2" time="0.008445"/>
        <testcase name="testCommandDoesNotOverwriteModifiedFilesWithoutForceFlag" file="/home/runner/work/develop/develop/packages/framework/tests/Feature/Commands/PublishHomepageCommandTest.php" line="89" class="Hyde\Framework\Testing\Feature\Commands\PublishHomepageCommandTest" classname="Hyde.Framework.Testing.Feature.Commands.PublishHomepageCommandTest" assertions="3" time="0.017955"/>
        <testcase name="testCommandOverwritesModifiedFilesIfForceFlagIsSet" file="/home/runner/work/develop/develop/packages/framework/tests/Feature/Commands/PublishHomepageCommandTest.php" line="101" class="Hyde\Framework\Testing\Feature\Commands\PublishHomepageCommandTest" classname="Hyde.Framework.Testing.Feature.Commands.PublishHomepageCommandTest" assertions="3" time="0.010617"/>
        <testcase name="testCommandDoesNotReturn409IfTheCurrentFileIsADefaultFile" file="/home/runner/work/develop/develop/packages/framework/tests/Feature/Commands/PublishHomepageCommandTest.php" line="113" class="Hyde\Framework\Testing\Feature\Commands\PublishHomepageCommandTest" classname="Hyde.Framework.Testing.Feature.Commands.PublishHomepageCommandTest" assertions="2" time="0.014310"/>
      </testsuite>
      <testsuite name="Hyde\Framework\Testing\Feature\Commands\PublishViewsCommandTest" file="/home/runner/work/develop/develop/packages/framework/tests/Feature/Commands/PublishViewsCommandTest.php" tests="3" assertions="9" errors="0" failures="0" skipped="0" time="0.044740">
        <testcase name="testCommandPublishesViews" file="/home/runner/work/develop/develop/packages/framework/tests/Feature/Commands/PublishViewsCommandTest.php" line="16" class="Hyde\Framework\Testing\Feature\Commands\PublishViewsCommandTest" classname="Hyde.Framework.Testing.Feature.Commands.PublishViewsCommandTest" assertions="4" time="0.027682"/>
        <testcase name="testCanSelectView" file="/home/runner/work/develop/develop/packages/framework/tests/Feature/Commands/PublishViewsCommandTest.php" line="31" class="Hyde\Framework\Testing\Feature\Commands\PublishViewsCommandTest" classname="Hyde.Framework.Testing.Feature.Commands.PublishViewsCommandTest" assertions="3" time="0.009591"/>
        <testcase name="testWithInvalidSuppliedTag" file="/home/runner/work/develop/develop/packages/framework/tests/Feature/Commands/PublishViewsCommandTest.php" line="45" class="Hyde\Framework\Testing\Feature\Commands\PublishViewsCommandTest" classname="Hyde.Framework.Testing.Feature.Commands.PublishViewsCommandTest" assertions="2" time="0.007468"/>
      </testsuite>
      <testsuite name="Hyde\Framework\Testing\Feature\Commands\RebuildPageCommandTest" file="/home/runner/work/develop/develop/packages/framework/tests/Feature/Commands/RebuildPageCommandTest.php" tests="6" assertions="12" errors="0" failures="0" skipped="0" time="0.119271">
        <testcase name="testHandleIsSuccessfulWithValidPath" file="/home/runner/work/develop/develop/packages/framework/tests/Feature/Commands/RebuildPageCommandTest.php" line="15" class="Hyde\Framework\Testing\Feature\Commands\RebuildPageCommandTest" classname="Hyde.Framework.Testing.Feature.Commands.RebuildPageCommandTest" assertions="2" time="0.037250"/>
        <testcase name="testMediaFilesCanBeTransferred" file="/home/runner/work/develop/develop/packages/framework/tests/Feature/Commands/RebuildPageCommandTest.php" line="26" class="Hyde\Framework\Testing\Feature\Commands\RebuildPageCommandTest" classname="Hyde.Framework.Testing.Feature.Commands.RebuildPageCommandTest" assertions="2" time="0.013558"/>
        <testcase name="testValidateCatchesBadSourceDirectory" file="/home/runner/work/develop/develop/packages/framework/tests/Feature/Commands/RebuildPageCommandTest.php" line="36" class="Hyde\Framework\Testing\Feature\Commands\RebuildPageCommandTest" classname="Hyde.Framework.Testing.Feature.Commands.RebuildPageCommandTest" assertions="2" time="0.006595"/>
        <testcase name="testValidateCatchesMissingFile" file="/home/runner/work/develop/develop/packages/framework/tests/Feature/Commands/RebuildPageCommandTest.php" line="43" class="Hyde\Framework\Testing\Feature\Commands\RebuildPageCommandTest" classname="Hyde.Framework.Testing.Feature.Commands.RebuildPageCommandTest" assertions="2" time="0.006764"/>
        <testcase name="testRebuildDocumentationPage" file="/home/runner/work/develop/develop/packages/framework/tests/Feature/Commands/RebuildPageCommandTest.php" line="50" class="Hyde\Framework\Testing\Feature\Commands\RebuildPageCommandTest" classname="Hyde.Framework.Testing.Feature.Commands.RebuildPageCommandTest" assertions="2" time="0.032149"/>
        <testcase name="testRebuildBlogPost" file="/home/runner/work/develop/develop/packages/framework/tests/Feature/Commands/RebuildPageCommandTest.php" line="61" class="Hyde\Framework\Testing\Feature\Commands\RebuildPageCommandTest" classname="Hyde.Framework.Testing.Feature.Commands.RebuildPageCommandTest" assertions="2" time="0.022955"/>
      </testsuite>
      <testsuite name="Hyde\Framework\Testing\Feature\Commands\RouteListCommandTest" file="/home/runner/work/develop/develop/packages/framework/tests/Feature/Commands/RouteListCommandTest.php" tests="5" assertions="31" errors="0" failures="0" skipped="0" time="0.105721">
        <testcase name="testRouteListCommand" file="/home/runner/work/develop/develop/packages/framework/tests/Feature/Commands/RouteListCommandTest.php" line="20" class="Hyde\Framework\Testing\Feature\Commands\RouteListCommandTest" classname="Hyde.Framework.Testing.Feature.Commands.RouteListCommandTest" assertions="7" time="0.033260"/>
        <testcase name="testConsoleRouteList" file="/home/runner/work/develop/develop/packages/framework/tests/Feature/Commands/RouteListCommandTest.php" line="39" class="Hyde\Framework\Testing\Feature\Commands\RouteListCommandTest" classname="Hyde.Framework.Testing.Feature.Commands.RouteListCommandTest" assertions="6" time="0.014123"/>
        <testcase name="testConsoleRouteListWithClickableOutputPaths" file="/home/runner/work/develop/develop/packages/framework/tests/Feature/Commands/RouteListCommandTest.php" line="52" class="Hyde\Framework\Testing\Feature\Commands\RouteListCommandTest" classname="Hyde.Framework.Testing.Feature.Commands.RouteListCommandTest" assertions="6" time="0.013982"/>
        <testcase name="testConsoleRouteListWithDynamicPages" file="/home/runner/work/develop/develop/packages/framework/tests/Feature/Commands/RouteListCommandTest.php" line="66" class="Hyde\Framework\Testing\Feature\Commands\RouteListCommandTest" classname="Hyde.Framework.Testing.Feature.Commands.RouteListCommandTest" assertions="6" time="0.029539"/>
        <testcase name="testConsoleRouteListWithTypeLabel" file="/home/runner/work/develop/develop/packages/framework/tests/Feature/Commands/RouteListCommandTest.php" line="81" class="Hyde\Framework\Testing\Feature\Commands\RouteListCommandTest" classname="Hyde.Framework.Testing.Feature.Commands.RouteListCommandTest" assertions="6" time="0.014817"/>
      </testsuite>
      <testsuite name="Hyde\Framework\Testing\Feature\Commands\ServeCommandTest" file="/home/runner/work/develop/develop/packages/framework/tests/Feature/Commands/ServeCommandTest.php" tests="13" assertions="41" errors="0" failures="0" skipped="0" time="0.103437">
        <testcase name="testHydeServeCommand" file="/home/runner/work/develop/develop/packages/framework/tests/Feature/Commands/ServeCommandTest.php" line="28" class="Hyde\Framework\Testing\Feature\Commands\ServeCommandTest" classname="Hyde.Framework.Testing.Feature.Commands.ServeCommandTest" assertions="3" time="0.009734"/>
        <testcase name="testHydeServeCommandWithPortOption" file="/home/runner/work/develop/develop/packages/framework/tests/Feature/Commands/ServeCommandTest.php" line="37" class="Hyde\Framework\Testing\Feature\Commands\ServeCommandTest" classname="Hyde.Framework.Testing.Feature.Commands.ServeCommandTest" assertions="3" time="0.007693"/>
        <testcase name="testHydeServeCommandWithHostOption" file="/home/runner/work/develop/develop/packages/framework/tests/Feature/Commands/ServeCommandTest.php" line="46" class="Hyde\Framework\Testing\Feature\Commands\ServeCommandTest" classname="Hyde.Framework.Testing.Feature.Commands.ServeCommandTest" assertions="3" time="0.006873"/>
        <testcase name="testHydeServeCommandWithPortAndHostOption" file="/home/runner/work/develop/develop/packages/framework/tests/Feature/Commands/ServeCommandTest.php" line="55" class="Hyde\Framework\Testing\Feature\Commands\ServeCommandTest" classname="Hyde.Framework.Testing.Feature.Commands.ServeCommandTest" assertions="3" time="0.006701"/>
        <testcase name="testHydeServeCommandWithPortDefinedInConfig" file="/home/runner/work/develop/develop/packages/framework/tests/Feature/Commands/ServeCommandTest.php" line="64" class="Hyde\Framework\Testing\Feature\Commands\ServeCommandTest" classname="Hyde.Framework.Testing.Feature.Commands.ServeCommandTest" assertions="3" time="0.006616"/>
        <testcase name="testHydeServeCommandWithPortDefinedInConfigAndPortOption" file="/home/runner/work/develop/develop/packages/framework/tests/Feature/Commands/ServeCommandTest.php" line="75" class="Hyde\Framework\Testing\Feature\Commands\ServeCommandTest" classname="Hyde.Framework.Testing.Feature.Commands.ServeCommandTest" assertions="3" time="0.007085"/>
        <testcase name="testHydeServeCommandWithPortMissingInConfigAndPortOption" file="/home/runner/work/develop/develop/packages/framework/tests/Feature/Commands/ServeCommandTest.php" line="86" class="Hyde\Framework\Testing\Feature\Commands\ServeCommandTest" classname="Hyde.Framework.Testing.Feature.Commands.ServeCommandTest" assertions="3" time="0.007217"/>
        <testcase name="testHydeServeCommandWithHostDefinedInConfig" file="/home/runner/work/develop/develop/packages/framework/tests/Feature/Commands/ServeCommandTest.php" line="97" class="Hyde\Framework\Testing\Feature\Commands\ServeCommandTest" classname="Hyde.Framework.Testing.Feature.Commands.ServeCommandTest" assertions="3" time="0.007390"/>
        <testcase name="testHydeServeCommandWithHostDefinedInConfigAndHostOption" file="/home/runner/work/develop/develop/packages/framework/tests/Feature/Commands/ServeCommandTest.php" line="108" class="Hyde\Framework\Testing\Feature\Commands\ServeCommandTest" classname="Hyde.Framework.Testing.Feature.Commands.ServeCommandTest" assertions="3" time="0.007425"/>
        <testcase name="testHydeServeCommandWithHostMissingInConfigAndHostOption" file="/home/runner/work/develop/develop/packages/framework/tests/Feature/Commands/ServeCommandTest.php" line="119" class="Hyde\Framework\Testing\Feature\Commands\ServeCommandTest" classname="Hyde.Framework.Testing.Feature.Commands.ServeCommandTest" assertions="3" time="0.007501"/>
        <testcase name="testHydeServeCommandWithInvalidConfigValue" file="/home/runner/work/develop/develop/packages/framework/tests/Feature/Commands/ServeCommandTest.php" line="130" class="Hyde\Framework\Testing\Feature\Commands\ServeCommandTest" classname="Hyde.Framework.Testing.Feature.Commands.ServeCommandTest" assertions="2" time="0.006846"/>
        <testcase name="testHydeServeCommandPassesThroughProcessOutput" file="/home/runner/work/develop/develop/packages/framework/tests/Feature/Commands/ServeCommandTest.php" line="140" class="Hyde\Framework\Testing\Feature\Commands\ServeCommandTest" classname="Hyde.Framework.Testing.Feature.Commands.ServeCommandTest" assertions="6" time="0.011201"/>
        <testcase name="testWithFancyOutput" file="/home/runner/work/develop/develop/packages/framework/tests/Feature/Commands/ServeCommandTest.php" line="167" class="Hyde\Framework\Testing\Feature\Commands\ServeCommandTest" classname="Hyde.Framework.Testing.Feature.Commands.ServeCommandTest" assertions="3" time="0.011155"/>
      </testsuite>
      <testsuite name="Hyde\Framework\Testing\Feature\Commands\ValidateCommandTest" file="/home/runner/work/develop/develop/packages/framework/tests/Feature/Commands/ValidateCommandTest.php" tests="2" assertions="8" errors="0" failures="0" skipped="0" time="0.046482">
        <testcase name="testValidateCommandCanRun" file="/home/runner/work/develop/develop/packages/framework/tests/Feature/Commands/ValidateCommandTest.php" line="18" class="Hyde\Framework\Testing\Feature\Commands\ValidateCommandTest" classname="Hyde.Framework.Testing.Feature.Commands.ValidateCommandTest" assertions="5" time="0.034326"/>
        <testcase name="testValidateCommandCanRunWithSkips" file="/home/runner/work/develop/develop/packages/framework/tests/Feature/Commands/ValidateCommandTest.php" line="31" class="Hyde\Framework\Testing\Feature\Commands\ValidateCommandTest" classname="Hyde.Framework.Testing.Feature.Commands.ValidateCommandTest" assertions="3" time="0.012156"/>
      </testsuite>
      <testsuite name="Hyde\Framework\Testing\Feature\Commands\VendorPublishCommandTest" file="/home/runner/work/develop/develop/packages/framework/tests/Feature/Commands/VendorPublishCommandTest.php" tests="5" assertions="13" errors="0" failures="0" skipped="0" time="0.043351">
        <testcase name="testCommandPromptsForProviderOrTag" file="/home/runner/work/develop/develop/packages/framework/tests/Feature/Commands/VendorPublishCommandTest.php" line="36" class="Hyde\Framework\Testing\Feature\Commands\VendorPublishCommandTest" classname="Hyde.Framework.Testing.Feature.Commands.VendorPublishCommandTest" assertions="3" time="0.008793"/>
        <testcase name="testUnhelpfulPublishersAreRemoved" file="/home/runner/work/develop/develop/packages/framework/tests/Feature/Commands/VendorPublishCommandTest.php" line="54" class="Hyde\Framework\Testing\Feature\Commands\VendorPublishCommandTest" classname="Hyde.Framework.Testing.Feature.Commands.VendorPublishCommandTest" assertions="3" time="0.007590"/>
        <testcase name="testConfigGroupIsRenamedToBeMoreHelpful" file="/home/runner/work/develop/develop/packages/framework/tests/Feature/Commands/VendorPublishCommandTest.php" line="67" class="Hyde\Framework\Testing\Feature\Commands\VendorPublishCommandTest" classname="Hyde.Framework.Testing.Feature.Commands.VendorPublishCommandTest" assertions="3" time="0.007211"/>
        <testcase name="testCanSelectDefault" file="/home/runner/work/develop/develop/packages/framework/tests/Feature/Commands/VendorPublishCommandTest.php" line="81" class="Hyde\Framework\Testing\Feature\Commands\VendorPublishCommandTest" classname="Hyde.Framework.Testing.Feature.Commands.VendorPublishCommandTest" assertions="3" time="0.007793"/>
        <testcase name="testStatusMethod" file="/home/runner/work/develop/develop/packages/framework/tests/Feature/Commands/VendorPublishCommandTest.php" line="92" class="Hyde\Framework\Testing\Feature\Commands\VendorPublishCommandTest" classname="Hyde.Framework.Testing.Feature.Commands.VendorPublishCommandTest" assertions="1" time="0.011964"/>
      </testsuite>
      <testsuite name="Hyde\Framework\Testing\Feature\ConfigurableFeaturesTest" file="/home/runner/work/develop/develop/packages/framework/tests/Feature/ConfigurableFeaturesTest.php" tests="10" assertions="71" errors="0" failures="0" skipped="0" time="0.057460">
        <testcase name="testHasFeatureReturnsFalseWhenFeatureIsNotEnabled" file="/home/runner/work/develop/develop/packages/framework/tests/Feature/ConfigurableFeaturesTest.php" line="16" class="Hyde\Framework\Testing\Feature\ConfigurableFeaturesTest" classname="Hyde.Framework.Testing.Feature.ConfigurableFeaturesTest" assertions="8" time="0.004916"/>
        <testcase name="testHasFeatureReturnsTrueWhenFeatureIsEnabled" file="/home/runner/work/develop/develop/packages/framework/tests/Feature/ConfigurableFeaturesTest.php" line="28" class="Hyde\Framework\Testing\Feature\ConfigurableFeaturesTest" classname="Hyde.Framework.Testing.Feature.ConfigurableFeaturesTest" assertions="17" time="0.005616"/>
        <testcase name="testCanGenerateSitemapHelperReturnsTrueIfHydeHasBaseUrl" file="/home/runner/work/develop/develop/packages/framework/tests/Feature/ConfigurableFeaturesTest.php" line="44" class="Hyde\Framework\Testing\Feature\ConfigurableFeaturesTest" classname="Hyde.Framework.Testing.Feature.ConfigurableFeaturesTest" assertions="1" time="0.003781"/>
        <testcase name="testCanGenerateSitemapHelperReturnsFalseIfHydeDoesNotHaveBaseUrl" file="/home/runner/work/develop/develop/packages/framework/tests/Feature/ConfigurableFeaturesTest.php" line="50" class="Hyde\Framework\Testing\Feature\ConfigurableFeaturesTest" classname="Hyde.Framework.Testing.Feature.ConfigurableFeaturesTest" assertions="1" time="0.003811"/>
        <testcase name="testCanGenerateSitemapHelperReturnsFalseIfSitemapsAreDisabledInConfig" file="/home/runner/work/develop/develop/packages/framework/tests/Feature/ConfigurableFeaturesTest.php" line="56" class="Hyde\Framework\Testing\Feature\ConfigurableFeaturesTest" classname="Hyde.Framework.Testing.Feature.ConfigurableFeaturesTest" assertions="1" time="0.003736"/>
        <testcase name="testToArrayMethodReturnsMethodArray" file="/home/runner/work/develop/develop/packages/framework/tests/Feature/ConfigurableFeaturesTest.php" line="63" class="Hyde\Framework\Testing\Feature\ConfigurableFeaturesTest" classname="Hyde.Framework.Testing.Feature.ConfigurableFeaturesTest" assertions="26" time="0.011169"/>
        <testcase name="testToArrayMethodContainsAllSettings" file="/home/runner/work/develop/develop/packages/framework/tests/Feature/ConfigurableFeaturesTest.php" line="75" class="Hyde\Framework\Testing\Feature\ConfigurableFeaturesTest" classname="Hyde.Framework.Testing.Feature.ConfigurableFeaturesTest" assertions="9" time="0.011003"/>
        <testcase name="testFeaturesCanBeMocked" file="/home/runner/work/develop/develop/packages/framework/tests/Feature/ConfigurableFeaturesTest.php" line="91" class="Hyde\Framework\Testing\Feature\ConfigurableFeaturesTest" classname="Hyde.Framework.Testing.Feature.ConfigurableFeaturesTest" assertions="2" time="0.004721"/>
        <testcase name="testDynamicFeaturesCanBeMocked" file="/home/runner/work/develop/develop/packages/framework/tests/Feature/ConfigurableFeaturesTest.php" line="100" class="Hyde\Framework\Testing\Feature\ConfigurableFeaturesTest" classname="Hyde.Framework.Testing.Feature.ConfigurableFeaturesTest" assertions="2" time="0.004268"/>
        <testcase name="testMultipleFeaturesCanBeMocked" file="/home/runner/work/develop/develop/packages/framework/tests/Feature/ConfigurableFeaturesTest.php" line="109" class="Hyde\Framework\Testing\Feature\ConfigurableFeaturesTest" classname="Hyde.Framework.Testing.Feature.ConfigurableFeaturesTest" assertions="4" time="0.004439"/>
      </testsuite>
      <testsuite name="Hyde\Framework\Testing\Feature\ConfigurableSourceRootsFeatureTest" file="/home/runner/work/develop/develop/packages/framework/tests/Feature/ConfigurableSourceRootsFeatureTest.php" tests="4" assertions="5" errors="0" failures="0" skipped="0" time="0.045531">
        <testcase name="testDefaultConfigValueIsEmptyString" file="/home/runner/work/develop/develop/packages/framework/tests/Feature/ConfigurableSourceRootsFeatureTest.php" line="23" class="Hyde\Framework\Testing\Feature\ConfigurableSourceRootsFeatureTest" classname="Hyde.Framework.Testing.Feature.ConfigurableSourceRootsFeatureTest" assertions="1" time="0.004053"/>
        <testcase name="testFilesInCustomSourceRootCanBeDiscovered" file="/home/runner/work/develop/develop/packages/framework/tests/Feature/ConfigurableSourceRootsFeatureTest.php" line="28" class="Hyde\Framework\Testing\Feature\ConfigurableSourceRootsFeatureTest" classname="Hyde.Framework.Testing.Feature.ConfigurableSourceRootsFeatureTest" assertions="2" time="0.008737"/>
        <testcase name="testFilesInCustomSourceRootCanBeCompiled" file="/home/runner/work/develop/develop/packages/framework/tests/Feature/ConfigurableSourceRootsFeatureTest.php" line="38" class="Hyde\Framework\Testing\Feature\ConfigurableSourceRootsFeatureTest" classname="Hyde.Framework.Testing.Feature.ConfigurableSourceRootsFeatureTest" assertions="1" time="0.028652"/>
        <testcase name="testHydePagePathMethodSupportsCustomSourceRoots" file="/home/runner/work/develop/develop/packages/framework/tests/Feature/ConfigurableSourceRootsFeatureTest.php" line="50" class="Hyde\Framework\Testing\Feature\ConfigurableSourceRootsFeatureTest" classname="Hyde.Framework.Testing.Feature.ConfigurableSourceRootsFeatureTest" assertions="1" time="0.004090"/>
      </testsuite>
      <testsuite name="Hyde\Framework\Testing\Feature\ConsoleKernelTest" file="/home/runner/work/develop/develop/packages/framework/tests/Feature/ConsoleKernelTest.php" tests="3" assertions="5" errors="0" failures="0" skipped="0" time="0.011395">
        <testcase name="testIsInstantiable" file="/home/runner/work/develop/develop/packages/framework/tests/Feature/ConsoleKernelTest.php" line="18" class="Hyde\Framework\Testing\Feature\ConsoleKernelTest" classname="Hyde.Framework.Testing.Feature.ConsoleKernelTest" assertions="1" time="0.003646"/>
        <testcase name="testClassImplementsKernelInterface" file="/home/runner/work/develop/develop/packages/framework/tests/Feature/ConsoleKernelTest.php" line="23" class="Hyde\Framework\Testing\Feature\ConsoleKernelTest" classname="Hyde.Framework.Testing.Feature.ConsoleKernelTest" assertions="1" time="0.003566"/>
        <testcase name="testBootstrappers" file="/home/runner/work/develop/develop/packages/framework/tests/Feature/ConsoleKernelTest.php" line="28" class="Hyde\Framework\Testing\Feature\ConsoleKernelTest" classname="Hyde.Framework.Testing.Feature.ConsoleKernelTest" assertions="3" time="0.004183"/>
      </testsuite>
      <testsuite name="Hyde\Framework\Testing\Feature\ConvertsArrayToFrontMatterTest" file="/home/runner/work/develop/develop/packages/framework/tests/Feature/ConvertsArrayToFrontMatterTest.php" tests="2" assertions="2" errors="0" failures="0" skipped="0" time="0.007183">
        <testcase name="testActionConvertsAnArrayToFrontMatter" file="/home/runner/work/develop/develop/packages/framework/tests/Feature/ConvertsArrayToFrontMatterTest.php" line="15" class="Hyde\Framework\Testing\Feature\ConvertsArrayToFrontMatterTest" classname="Hyde.Framework.Testing.Feature.ConvertsArrayToFrontMatterTest" assertions="1" time="0.003736"/>
        <testcase name="testActionReturnsEmptyStringIfArrayIsEmpty" file="/home/runner/work/develop/develop/packages/framework/tests/Feature/ConvertsArrayToFrontMatterTest.php" line="42" class="Hyde\Framework\Testing\Feature\ConvertsArrayToFrontMatterTest" classname="Hyde.Framework.Testing.Feature.ConvertsArrayToFrontMatterTest" assertions="1" time="0.003447"/>
      </testsuite>
      <testsuite name="Hyde\Framework\Testing\Feature\DarkmodeFeatureTest" file="/home/runner/work/develop/develop/packages/framework/tests/Feature/DarkmodeFeatureTest.php" tests="5" assertions="10" errors="0" failures="0" skipped="0" time="0.073036">
        <testcase name="testHasDarkmode" file="/home/runner/work/develop/develop/packages/framework/tests/Feature/DarkmodeFeatureTest.php" line="26" class="Hyde\Framework\Testing\Feature\DarkmodeFeatureTest" classname="Hyde.Framework.Testing.Feature.DarkmodeFeatureTest" assertions="2" time="0.004371"/>
        <testcase name="testLayoutHasToggleButtonAndScriptWhenEnabled" file="/home/runner/work/develop/develop/packages/framework/tests/Feature/DarkmodeFeatureTest.php" line="39" class="Hyde\Framework\Testing\Feature\DarkmodeFeatureTest" classname="Hyde.Framework.Testing.Feature.DarkmodeFeatureTest" assertions="2" time="0.026916"/>
        <testcase name="testDocumentationPageHasToggleButtonAndScriptWhenEnabled" file="/home/runner/work/develop/develop/packages/framework/tests/Feature/DarkmodeFeatureTest.php" line="57" class="Hyde\Framework\Testing\Feature\DarkmodeFeatureTest" classname="Hyde.Framework.Testing.Feature.DarkmodeFeatureTest" assertions="2" time="0.013883"/>
        <testcase name="testDarkModeThemeButtonIsHiddenInLayoutsWhenDisabled" file="/home/runner/work/develop/develop/packages/framework/tests/Feature/DarkmodeFeatureTest.php" line="76" class="Hyde\Framework\Testing\Feature\DarkmodeFeatureTest" classname="Hyde.Framework.Testing.Feature.DarkmodeFeatureTest" assertions="2" time="0.014517"/>
        <testcase name="testDarkModeThemeButtonIsHiddenInDocumentationPagesWhenDisabled" file="/home/runner/work/develop/develop/packages/framework/tests/Feature/DarkmodeFeatureTest.php" line="93" class="Hyde\Framework\Testing\Feature\DarkmodeFeatureTest" classname="Hyde.Framework.Testing.Feature.DarkmodeFeatureTest" assertions="2" time="0.013349"/>
      </testsuite>
      <testsuite name="Hyde\Framework\Testing\Feature\DataCollectionTest" file="/home/runner/work/develop/develop/packages/framework/tests/Feature/DataCollectionTest.php" tests="15" assertions="19" errors="0" failures="0" skipped="0" time="0.100577">
        <testcase name="testMarkdownCollections" file="/home/runner/work/develop/develop/packages/framework/tests/Feature/DataCollectionTest.php" line="21" class="Hyde\Framework\Testing\Feature\DataCollectionTest" classname="Hyde.Framework.Testing.Feature.DataCollectionTest" assertions="1" time="0.018955"/>
        <testcase name="testYamlCollections" file="/home/runner/work/develop/develop/packages/framework/tests/Feature/DataCollectionTest.php" line="33" class="Hyde\Framework\Testing\Feature\DataCollectionTest" classname="Hyde.Framework.Testing.Feature.DataCollectionTest" assertions="1" time="0.006145"/>
        <testcase name="testJsonCollections" file="/home/runner/work/develop/develop/packages/framework/tests/Feature/DataCollectionTest.php" line="45" class="Hyde\Framework\Testing\Feature\DataCollectionTest" classname="Hyde.Framework.Testing.Feature.DataCollectionTest" assertions="1" time="0.006486"/>
        <testcase name="testJsonCollectionsAsArrays" file="/home/runner/work/develop/develop/packages/framework/tests/Feature/DataCollectionTest.php" line="57" class="Hyde\Framework\Testing\Feature\DataCollectionTest" classname="Hyde.Framework.Testing.Feature.DataCollectionTest" assertions="1" time="0.006350"/>
        <testcase name="testFindMarkdownFilesMethodReturnsEmptyArrayIfTheSpecifiedDirectoryDoesNotExist" file="/home/runner/work/develop/develop/packages/framework/tests/Feature/DataCollectionTest.php" line="69" class="Hyde\Framework\Testing\Feature\DataCollectionTest" classname="Hyde.Framework.Testing.Feature.DataCollectionTest" assertions="2" time="0.005568"/>
        <testcase name="testFindMarkdownFilesMethodReturnsEmptyArrayIfNoFilesAreFoundInSpecifiedDirectory" file="/home/runner/work/develop/develop/packages/framework/tests/Feature/DataCollectionTest.php" line="76" class="Hyde\Framework\Testing\Feature\DataCollectionTest" classname="Hyde.Framework.Testing.Feature.DataCollectionTest" assertions="2" time="0.005794"/>
        <testcase name="testFindMarkdownFilesMethodReturnsAnArrayOfMarkdownFilesInTheSpecifiedDirectory" file="/home/runner/work/develop/develop/packages/framework/tests/Feature/DataCollectionTest.php" line="85" class="Hyde\Framework\Testing\Feature\DataCollectionTest" classname="Hyde.Framework.Testing.Feature.DataCollectionTest" assertions="1" time="0.006064"/>
        <testcase name="testFindMarkdownFilesMethodDoesNotIncludeFilesInSubdirectories" file="/home/runner/work/develop/develop/packages/framework/tests/Feature/DataCollectionTest.php" line="97" class="Hyde\Framework\Testing\Feature\DataCollectionTest" classname="Hyde.Framework.Testing.Feature.DataCollectionTest" assertions="1" time="0.005876"/>
        <testcase name="testFindMarkdownFilesMethodDoesNotIncludeFilesWithExtensionsOtherThanMd" file="/home/runner/work/develop/develop/packages/framework/tests/Feature/DataCollectionTest.php" line="109" class="Hyde\Framework\Testing\Feature\DataCollectionTest" classname="Hyde.Framework.Testing.Feature.DataCollectionTest" assertions="1" time="0.005986"/>
        <testcase name="testFindMarkdownFilesMethodDoesNotRemoveFilesStartingWithAnUnderscore" file="/home/runner/work/develop/develop/packages/framework/tests/Feature/DataCollectionTest.php" line="120" class="Hyde\Framework\Testing\Feature\DataCollectionTest" classname="Hyde.Framework.Testing.Feature.DataCollectionTest" assertions="1" time="0.005492"/>
        <testcase name="testStaticMarkdownHelperDiscoversAndParsesMarkdownFilesInTheSpecifiedDirectory" file="/home/runner/work/develop/develop/packages/framework/tests/Feature/DataCollectionTest.php" line="130" class="Hyde\Framework\Testing\Feature\DataCollectionTest" classname="Hyde.Framework.Testing.Feature.DataCollectionTest" assertions="1" time="0.006318"/>
        <testcase name="testStaticMarkdownHelperDoestNotIgnoreFilesStartingWithAnUnderscore" file="/home/runner/work/develop/develop/packages/framework/tests/Feature/DataCollectionTest.php" line="142" class="Hyde\Framework\Testing\Feature\DataCollectionTest" classname="Hyde.Framework.Testing.Feature.DataCollectionTest" assertions="1" time="0.005906"/>
        <testcase name="testSourceDirectoryCanBeChanged" file="/home/runner/work/develop/develop/packages/framework/tests/Feature/DataCollectionTest.php" line="151" class="Hyde\Framework\Testing\Feature\DataCollectionTest" classname="Hyde.Framework.Testing.Feature.DataCollectionTest" assertions="1" time="0.005449"/>
        <testcase name="testSourceDirectoryIsAutomaticallyAddedIfMissing" file="/home/runner/work/develop/develop/packages/framework/tests/Feature/DataCollectionTest.php" line="164" class="Hyde\Framework\Testing\Feature\DataCollectionTest" classname="Hyde.Framework.Testing.Feature.DataCollectionTest" assertions="2" time="0.005084"/>
        <testcase name="testCustomSourceDirectoryIsAutomaticallyAddedIfMissing" file="/home/runner/work/develop/develop/packages/framework/tests/Feature/DataCollectionTest.php" line="175" class="Hyde\Framework\Testing\Feature\DataCollectionTest" classname="Hyde.Framework.Testing.Feature.DataCollectionTest" assertions="2" time="0.005105"/>
      </testsuite>
      <testsuite name="Hyde\Framework\Testing\Feature\DiscoveryServiceTest" file="/home/runner/work/develop/develop/packages/framework/tests/Feature/DiscoveryServiceTest.php" tests="18" assertions="38" errors="0" failures="0" skipped="0" time="0.078177">
        <testcase name="testGetSourceFileListForModelMethodFindsDefaultModelProperties" file="/home/runner/work/develop/develop/packages/framework/tests/Feature/DiscoveryServiceTest.php" line="53" class="Hyde\Framework\Testing\Feature\DiscoveryServiceTest" classname="Hyde.Framework.Testing.Feature.DiscoveryServiceTest" assertions="1" time="0.007682"/>
        <testcase name="testGetSourceFileListForModelMethodFindsCustomizedSourceDirectory" file="/home/runner/work/develop/develop/packages/framework/tests/Feature/DiscoveryServiceTest.php" line="59" class="Hyde\Framework\Testing\Feature\DiscoveryServiceTest" classname="Hyde.Framework.Testing.Feature.DiscoveryServiceTest" assertions="1" time="0.006988"/>
        <testcase name="testGetSourceFileListForModelMethodFindsCustomizedFileExtension" file="/home/runner/work/develop/develop/packages/framework/tests/Feature/DiscoveryServiceTest.php" line="69" class="Hyde\Framework\Testing\Feature\DiscoveryServiceTest" classname="Hyde.Framework.Testing.Feature.DiscoveryServiceTest" assertions="1" time="0.006996"/>
        <testcase name="testGetMediaAssetFiles" file="/home/runner/work/develop/develop/packages/framework/tests/Feature/DiscoveryServiceTest.php" line="82" class="Hyde\Framework\Testing\Feature\DiscoveryServiceTest" classname="Hyde.Framework.Testing.Feature.DiscoveryServiceTest" assertions="1" time="0.002368"/>
        <testcase name="testGetMediaAssetFilesDiscoversFiles" file="/home/runner/work/develop/develop/packages/framework/tests/Feature/DiscoveryServiceTest.php" line="87" class="Hyde\Framework\Testing\Feature\DiscoveryServiceTest" classname="Hyde.Framework.Testing.Feature.DiscoveryServiceTest" assertions="8" time="0.007893"/>
        <testcase name="testGetMediaAssetFilesDiscoversCustomFileTypes" file="/home/runner/work/develop/develop/packages/framework/tests/Feature/DiscoveryServiceTest.php" line="98" class="Hyde\Framework\Testing\Feature\DiscoveryServiceTest" classname="Hyde.Framework.Testing.Feature.DiscoveryServiceTest" assertions="2" time="0.002878"/>
        <testcase name="testGetMediaAssetFilesDiscoversFilesRecursively" file="/home/runner/work/develop/develop/packages/framework/tests/Feature/DiscoveryServiceTest.php" line="107" class="Hyde\Framework\Testing\Feature\DiscoveryServiceTest" classname="Hyde.Framework.Testing.Feature.DiscoveryServiceTest" assertions="1" time="0.003135"/>
        <testcase name="testGetMediaAssetFilesDiscoversFilesVeryRecursively" file="/home/runner/work/develop/develop/packages/framework/tests/Feature/DiscoveryServiceTest.php" line="115" class="Hyde\Framework\Testing\Feature\DiscoveryServiceTest" classname="Hyde.Framework.Testing.Feature.DiscoveryServiceTest" assertions="1" time="0.003246"/>
        <testcase name="testMediaAssetExtensionsCanBeAddedByCommaSeparatedValues" file="/home/runner/work/develop/develop/packages/framework/tests/Feature/DiscoveryServiceTest.php" line="124" class="Hyde\Framework\Testing\Feature\DiscoveryServiceTest" classname="Hyde.Framework.Testing.Feature.DiscoveryServiceTest" assertions="2" time="0.003019"/>
        <testcase name="testMediaAssetExtensionsCanBeAddedByArray" file="/home/runner/work/develop/develop/packages/framework/tests/Feature/DiscoveryServiceTest.php" line="137" class="Hyde\Framework\Testing\Feature\DiscoveryServiceTest" classname="Hyde.Framework.Testing.Feature.DiscoveryServiceTest" assertions="2" time="0.002971"/>
        <testcase name="testBladePageFilesStartingWithUnderscoreAreIgnored" file="/home/runner/work/develop/develop/packages/framework/tests/Feature/DiscoveryServiceTest.php" line="149" class="Hyde\Framework\Testing\Feature\DiscoveryServiceTest" classname="Hyde.Framework.Testing.Feature.DiscoveryServiceTest" assertions="1" time="0.005791"/>
        <testcase name="testMarkdownPageFilesStartingWithUnderscoreAreIgnored" file="/home/runner/work/develop/develop/packages/framework/tests/Feature/DiscoveryServiceTest.php" line="155" class="Hyde\Framework\Testing\Feature\DiscoveryServiceTest" classname="Hyde.Framework.Testing.Feature.DiscoveryServiceTest" assertions="1" time="0.005537"/>
        <testcase name="testPostFilesStartingWithUnderscoreAreIgnored" file="/home/runner/work/develop/develop/packages/framework/tests/Feature/DiscoveryServiceTest.php" line="161" class="Hyde\Framework\Testing\Feature\DiscoveryServiceTest" classname="Hyde.Framework.Testing.Feature.DiscoveryServiceTest" assertions="1" time="0.005538"/>
        <testcase name="testDocumentationPageFilesStartingWithUnderscoreAreIgnored" file="/home/runner/work/develop/develop/packages/framework/tests/Feature/DiscoveryServiceTest.php" line="167" class="Hyde\Framework\Testing\Feature\DiscoveryServiceTest" classname="Hyde.Framework.Testing.Feature.DiscoveryServiceTest" assertions="1" time="0.005504"/>
        <testcase name="testBladePagePathToIdentifierHelperFormatsPathToIdentifier" file="/home/runner/work/develop/develop/packages/framework/tests/Feature/DiscoveryServiceTest.php" line="173" class="Hyde\Framework\Testing\Feature\DiscoveryServiceTest" classname="Hyde.Framework.Testing.Feature.DiscoveryServiceTest" assertions="5" time="0.002395"/>
        <testcase name="testMarkdownPagePathToIdentifierHelperFormatsPathToIdentifier" file="/home/runner/work/develop/develop/packages/framework/tests/Feature/DiscoveryServiceTest.php" line="183" class="Hyde\Framework\Testing\Feature\DiscoveryServiceTest" classname="Hyde.Framework.Testing.Feature.DiscoveryServiceTest" assertions="3" time="0.002093"/>
        <testcase name="testMarkdownPostPathToIdentifierHelperFormatsPathToIdentifier" file="/home/runner/work/develop/develop/packages/framework/tests/Feature/DiscoveryServiceTest.php" line="190" class="Hyde\Framework\Testing\Feature\DiscoveryServiceTest" classname="Hyde.Framework.Testing.Feature.DiscoveryServiceTest" assertions="3" time="0.002065"/>
        <testcase name="testDocumentationPagePathToIdentifierHelperFormatsPathToIdentifier" file="/home/runner/work/develop/develop/packages/framework/tests/Feature/DiscoveryServiceTest.php" line="197" class="Hyde\Framework\Testing\Feature\DiscoveryServiceTest" classname="Hyde.Framework.Testing.Feature.DiscoveryServiceTest" assertions="3" time="0.002077"/>
      </testsuite>
      <testsuite name="Hyde\Framework\Testing\Feature\DocumentationSearchPageTest" file="/home/runner/work/develop/develop/packages/framework/tests/Feature/DocumentationSearchPageTest.php" tests="9" assertions="9" errors="0" failures="0" skipped="0" time="0.049849">
        <testcase name="testCanCreateDocumentationSearchPageInstance" file="/home/runner/work/develop/develop/packages/framework/tests/Feature/DocumentationSearchPageTest.php" line="20" class="Hyde\Framework\Testing\Feature\DocumentationSearchPageTest" classname="Hyde.Framework.Testing.Feature.DocumentationSearchPageTest" assertions="1" time="0.005435"/>
        <testcase name="testRouteKeyIsSetToDocumentationOutputDirectory" file="/home/runner/work/develop/develop/packages/framework/tests/Feature/DocumentationSearchPageTest.php" line="25" class="Hyde\Framework\Testing\Feature\DocumentationSearchPageTest" classname="Hyde.Framework.Testing.Feature.DocumentationSearchPageTest" assertions="1" time="0.004738"/>
        <testcase name="testRouteKeyIsSetToConfiguredDocumentationOutputDirectory" file="/home/runner/work/develop/develop/packages/framework/tests/Feature/DocumentationSearchPageTest.php" line="31" class="Hyde\Framework\Testing\Feature\DocumentationSearchPageTest" classname="Hyde.Framework.Testing.Feature.DocumentationSearchPageTest" assertions="1" time="0.004800"/>
        <testcase name="testEnabledDefaultsToTrue" file="/home/runner/work/develop/develop/packages/framework/tests/Feature/DocumentationSearchPageTest.php" line="39" class="Hyde\Framework\Testing\Feature\DocumentationSearchPageTest" classname="Hyde.Framework.Testing.Feature.DocumentationSearchPageTest" assertions="1" time="0.007829"/>
        <testcase name="testEnabledIsFalseWhenDisabled" file="/home/runner/work/develop/develop/packages/framework/tests/Feature/DocumentationSearchPageTest.php" line="44" class="Hyde\Framework\Testing\Feature\DocumentationSearchPageTest" classname="Hyde.Framework.Testing.Feature.DocumentationSearchPageTest" assertions="1" time="0.003410"/>
        <testcase name="testEnabledIsFalseWhenRouteExists" file="/home/runner/work/develop/develop/packages/framework/tests/Feature/DocumentationSearchPageTest.php" line="50" class="Hyde\Framework\Testing\Feature\DocumentationSearchPageTest" classname="Hyde.Framework.Testing.Feature.DocumentationSearchPageTest" assertions="1" time="0.008667"/>
        <testcase name="testEnabledIsFalseWhenDisabledAndRouteExists" file="/home/runner/work/develop/develop/packages/framework/tests/Feature/DocumentationSearchPageTest.php" line="56" class="Hyde\Framework\Testing\Feature\DocumentationSearchPageTest" classname="Hyde.Framework.Testing.Feature.DocumentationSearchPageTest" assertions="1" time="0.008219"/>
        <testcase name="testStaticRouteKeyHelper" file="/home/runner/work/develop/develop/packages/framework/tests/Feature/DocumentationSearchPageTest.php" line="63" class="Hyde\Framework\Testing\Feature\DocumentationSearchPageTest" classname="Hyde.Framework.Testing.Feature.DocumentationSearchPageTest" assertions="1" time="0.003260"/>
        <testcase name="testStaticRouteKeyHelperWithCustomOutputDirectory" file="/home/runner/work/develop/develop/packages/framework/tests/Feature/DocumentationSearchPageTest.php" line="68" class="Hyde\Framework\Testing\Feature\DocumentationSearchPageTest" classname="Hyde.Framework.Testing.Feature.DocumentationSearchPageTest" assertions="1" time="0.003491"/>
      </testsuite>
      <testsuite name="Hyde\Framework\Testing\Feature\FeaturedImageFactoryTest" file="/home/runner/work/develop/develop/packages/framework/tests/Feature/FeaturedImageFactoryTest.php" tests="8" assertions="27" errors="0" failures="0" skipped="0" time="0.053434">
        <testcase name="testWithDataFromSchema" file="/home/runner/work/develop/develop/packages/framework/tests/Feature/FeaturedImageFactoryTest.php" line="19" class="Hyde\Framework\Testing\Feature\FeaturedImageFactoryTest" classname="Hyde.Framework.Testing.Feature.FeaturedImageFactoryTest" assertions="1" time="0.021242"/>
        <testcase name="testMakeMethodCreatesImageWhenPathIsSet" file="/home/runner/work/develop/develop/packages/framework/tests/Feature/FeaturedImageFactoryTest.php" line="48" class="Hyde\Framework\Testing\Feature\FeaturedImageFactoryTest" classname="Hyde.Framework.Testing.Feature.FeaturedImageFactoryTest" assertions="2" time="0.004424"/>
        <testcase name="testMakeMethodThrowsExceptionIfNoPathInformationIsSet" file="/home/runner/work/develop/develop/packages/framework/tests/Feature/FeaturedImageFactoryTest.php" line="58" class="Hyde\Framework\Testing\Feature\FeaturedImageFactoryTest" classname="Hyde.Framework.Testing.Feature.FeaturedImageFactoryTest" assertions="2" time="0.003810"/>
        <testcase name="testMakeMethodCanCreateImageFromJustString" file="/home/runner/work/develop/develop/packages/framework/tests/Feature/FeaturedImageFactoryTest.php" line="66" class="Hyde\Framework\Testing\Feature\FeaturedImageFactoryTest" classname="Hyde.Framework.Testing.Feature.FeaturedImageFactoryTest" assertions="2" time="0.004105"/>
        <testcase name="testMakeMethodCanCreateImageFromJustStringWithUrl" file="/home/runner/work/develop/develop/packages/framework/tests/Feature/FeaturedImageFactoryTest.php" line="76" class="Hyde\Framework\Testing\Feature\FeaturedImageFactoryTest" classname="Hyde.Framework.Testing.Feature.FeaturedImageFactoryTest" assertions="2" time="0.003741"/>
        <testcase name="testImagePathsAreNormalized" file="/home/runner/work/develop/develop/packages/framework/tests/Feature/FeaturedImageFactoryTest.php" line="86" class="Hyde\Framework\Testing\Feature\FeaturedImageFactoryTest" classname="Hyde.Framework.Testing.Feature.FeaturedImageFactoryTest" assertions="6" time="0.005392"/>
        <testcase name="testImagePathsAreNormalizedForCustomizedMediaDirectory" file="/home/runner/work/develop/develop/packages/framework/tests/Feature/FeaturedImageFactoryTest.php" line="97" class="Hyde\Framework\Testing\Feature\FeaturedImageFactoryTest" classname="Hyde.Framework.Testing.Feature.FeaturedImageFactoryTest" assertions="6" time="0.005356"/>
        <testcase name="testImagePathsAreNormalizedForCustomizedMediaDirectoryWithoutUnderscore" file="/home/runner/work/develop/develop/packages/framework/tests/Feature/FeaturedImageFactoryTest.php" line="110" class="Hyde\Framework\Testing\Feature\FeaturedImageFactoryTest" classname="Hyde.Framework.Testing.Feature.FeaturedImageFactoryTest" assertions="6" time="0.005364"/>
      </testsuite>
      <testsuite name="Hyde\Framework\Testing\Feature\FeaturedImageTest" file="/home/runner/work/develop/develop/packages/framework/tests/Feature/FeaturedImageTest.php" tests="7" assertions="19" errors="0" failures="0" skipped="0" time="0.057449">
        <testcase name="testGetMetadataArray" file="/home/runner/work/develop/develop/packages/framework/tests/Feature/FeaturedImageTest.php" line="20" class="Hyde\Framework\Testing\Feature\FeaturedImageTest" classname="Hyde.Framework.Testing.Feature.FeaturedImageTest" assertions="4" time="0.004503"/>
        <testcase name="testCanConstructFeaturedImage" file="/home/runner/work/develop/develop/packages/framework/tests/Feature/FeaturedImageTest.php" line="45" class="Hyde\Framework\Testing\Feature\FeaturedImageTest" classname="Hyde.Framework.Testing.Feature.FeaturedImageTest" assertions="2" time="0.003628"/>
        <testcase name="testFeaturedImageGetContentLength" file="/home/runner/work/develop/develop/packages/framework/tests/Feature/FeaturedImageTest.php" line="53" class="Hyde\Framework\Testing\Feature\FeaturedImageTest" classname="Hyde.Framework.Testing.Feature.FeaturedImageTest" assertions="1" time="0.004209"/>
        <testcase name="testFeaturedImageGetContentLengthWithRemoteSource" file="/home/runner/work/develop/develop/packages/framework/tests/Feature/FeaturedImageTest.php" line="61" class="Hyde\Framework\Testing\Feature\FeaturedImageTest" classname="Hyde.Framework.Testing.Feature.FeaturedImageTest" assertions="1" time="0.015759"/>
        <testcase name="testFeaturedImageGetContentLengthWithRemoteSourceAndNotFoundResponse" file="/home/runner/work/develop/develop/packages/framework/tests/Feature/FeaturedImageTest.php" line="73" class="Hyde\Framework\Testing\Feature\FeaturedImageTest" classname="Hyde.Framework.Testing.Feature.FeaturedImageTest" assertions="1" time="0.006110"/>
        <testcase name="testFeaturedImageGetContentLengthWithRemoteSourceAndInvalidResponse" file="/home/runner/work/develop/develop/packages/framework/tests/Feature/FeaturedImageTest.php" line="83" class="Hyde\Framework\Testing\Feature\FeaturedImageTest" classname="Hyde.Framework.Testing.Feature.FeaturedImageTest" assertions="1" time="0.017528"/>
        <testcase name="testGetSourceMethod" file="/home/runner/work/develop/develop/packages/framework/tests/Feature/FeaturedImageTest.php" line="95" class="Hyde\Framework\Testing\Feature\FeaturedImageTest" classname="Hyde.Framework.Testing.Feature.FeaturedImageTest" assertions="9" time="0.005713"/>
      </testsuite>
      <testsuite name="Hyde\Framework\Testing\Feature\FileCollectionTest" file="/home/runner/work/develop/develop/packages/framework/tests/Feature/FileCollectionTest.php" tests="9" assertions="16" errors="0" failures="0" skipped="0" time="0.059772">
        <testcase name="testBootMethodCreatesNewPageCollectionAndDiscoversPagesAutomatically" file="/home/runner/work/develop/develop/packages/framework/tests/Feature/FileCollectionTest.php" line="26" class="Hyde\Framework\Testing\Feature\FileCollectionTest" classname="Hyde.Framework.Testing.Feature.FileCollectionTest" assertions="3" time="0.005566"/>
        <testcase name="testGetFileReturnsParsedFileObjectForGivenFilePath" file="/home/runner/work/develop/develop/packages/framework/tests/Feature/FileCollectionTest.php" line="38" class="Hyde\Framework\Testing\Feature\FileCollectionTest" classname="Hyde.Framework.Testing.Feature.FileCollectionTest" assertions="1" time="0.009419"/>
        <testcase name="testGetFileThrowsExceptionWhenFileIsNotFound" file="/home/runner/work/develop/develop/packages/framework/tests/Feature/FileCollectionTest.php" line="45" class="Hyde\Framework\Testing\Feature\FileCollectionTest" classname="Hyde.Framework.Testing.Feature.FileCollectionTest" assertions="2" time="0.007672"/>
        <testcase name="testGetSourceFilesReturnsAllDiscoveredSourceFilesWhenNoParameterIsSupplied" file="/home/runner/work/develop/develop/packages/framework/tests/Feature/FileCollectionTest.php" line="53" class="Hyde\Framework\Testing\Feature\FileCollectionTest" classname="Hyde.Framework.Testing.Feature.FileCollectionTest" assertions="1" time="0.008032"/>
        <testcase name="testGetSourceFilesDoesNotIncludeNonPageSourceFiles" file="/home/runner/work/develop/develop/packages/framework/tests/Feature/FileCollectionTest.php" line="61" class="Hyde\Framework\Testing\Feature\FileCollectionTest" classname="Hyde.Framework.Testing.Feature.FileCollectionTest" assertions="1" time="0.005763"/>
        <testcase name="testBladePagesAreDiscovered" file="/home/runner/work/develop/develop/packages/framework/tests/Feature/FileCollectionTest.php" line="71" class="Hyde\Framework\Testing\Feature\FileCollectionTest" classname="Hyde.Framework.Testing.Feature.FileCollectionTest" assertions="2" time="0.005457"/>
        <testcase name="testMarkdownPagesAreDiscovered" file="/home/runner/work/develop/develop/packages/framework/tests/Feature/FileCollectionTest.php" line="80" class="Hyde\Framework\Testing\Feature\FileCollectionTest" classname="Hyde.Framework.Testing.Feature.FileCollectionTest" assertions="2" time="0.005921"/>
        <testcase name="testMarkdownPostsAreDiscovered" file="/home/runner/work/develop/develop/packages/framework/tests/Feature/FileCollectionTest.php" line="89" class="Hyde\Framework\Testing\Feature\FileCollectionTest" classname="Hyde.Framework.Testing.Feature.FileCollectionTest" assertions="2" time="0.006101"/>
        <testcase name="testDocumentationPagesAreDiscovered" file="/home/runner/work/develop/develop/packages/framework/tests/Feature/FileCollectionTest.php" line="98" class="Hyde\Framework\Testing\Feature\FileCollectionTest" classname="Hyde.Framework.Testing.Feature.FileCollectionTest" assertions="2" time="0.005841"/>
      </testsuite>
      <testsuite name="Hyde\Framework\Testing\Feature\FilesystemFacadeTest" file="/home/runner/work/develop/develop/packages/framework/tests/Feature/FilesystemFacadeTest.php" tests="59" assertions="66" errors="0" failures="0" skipped="0" time="0.257154">
        <testcase name="testBasePath" file="/home/runner/work/develop/develop/packages/framework/tests/Feature/FilesystemFacadeTest.php" line="21" class="Hyde\Framework\Testing\Feature\FilesystemFacadeTest" classname="Hyde.Framework.Testing.Feature.FilesystemFacadeTest" assertions="1" time="0.004585"/>
        <testcase name="testAbsolutePath" file="/home/runner/work/develop/develop/packages/framework/tests/Feature/FilesystemFacadeTest.php" line="26" class="Hyde\Framework\Testing\Feature\FilesystemFacadeTest" classname="Hyde.Framework.Testing.Feature.FilesystemFacadeTest" assertions="2" time="0.003979"/>
        <testcase name="testRelativePath" file="/home/runner/work/develop/develop/packages/framework/tests/Feature/FilesystemFacadeTest.php" line="32" class="Hyde\Framework\Testing\Feature\FilesystemFacadeTest" classname="Hyde.Framework.Testing.Feature.FilesystemFacadeTest" assertions="3" time="0.003993"/>
        <testcase name="testSmartGlob" file="/home/runner/work/develop/develop/packages/framework/tests/Feature/FilesystemFacadeTest.php" line="39" class="Hyde\Framework\Testing\Feature\FilesystemFacadeTest" classname="Hyde.Framework.Testing.Feature.FilesystemFacadeTest" assertions="2" time="0.010170"/>
        <testcase name="testTouch" file="/home/runner/work/develop/develop/packages/framework/tests/Feature/FilesystemFacadeTest.php" line="53" class="Hyde\Framework\Testing\Feature\FilesystemFacadeTest" classname="Hyde.Framework.Testing.Feature.FilesystemFacadeTest" assertions="1" time="0.003877"/>
        <testcase name="testUnlink" file="/home/runner/work/develop/develop/packages/framework/tests/Feature/FilesystemFacadeTest.php" line="61" class="Hyde\Framework\Testing\Feature\FilesystemFacadeTest" classname="Hyde.Framework.Testing.Feature.FilesystemFacadeTest" assertions="1" time="0.004027"/>
        <testcase name="testUnlinkIfExists" file="/home/runner/work/develop/develop/packages/framework/tests/Feature/FilesystemFacadeTest.php" line="69" class="Hyde\Framework\Testing\Feature\FilesystemFacadeTest" classname="Hyde.Framework.Testing.Feature.FilesystemFacadeTest" assertions="1" time="0.003911"/>
        <testcase name="testGetContents" file="/home/runner/work/develop/develop/packages/framework/tests/Feature/FilesystemFacadeTest.php" line="77" class="Hyde\Framework\Testing\Feature\FilesystemFacadeTest" classname="Hyde.Framework.Testing.Feature.FilesystemFacadeTest" assertions="1" time="0.004029"/>
        <testcase name="testPutContents" file="/home/runner/work/develop/develop/packages/framework/tests/Feature/FilesystemFacadeTest.php" line="84" class="Hyde\Framework\Testing\Feature\FilesystemFacadeTest" classname="Hyde.Framework.Testing.Feature.FilesystemFacadeTest" assertions="1" time="0.004046"/>
        <testcase name="testExists" file="/home/runner/work/develop/develop/packages/framework/tests/Feature/FilesystemFacadeTest.php" line="91" class="Hyde\Framework\Testing\Feature\FilesystemFacadeTest" classname="Hyde.Framework.Testing.Feature.FilesystemFacadeTest" assertions="1" time="0.004049"/>
        <testcase name="testMissing" file="/home/runner/work/develop/develop/packages/framework/tests/Feature/FilesystemFacadeTest.php" line="98" class="Hyde\Framework\Testing\Feature\FilesystemFacadeTest" classname="Hyde.Framework.Testing.Feature.FilesystemFacadeTest" assertions="1" time="0.004059"/>
        <testcase name="testGet" file="/home/runner/work/develop/develop/packages/framework/tests/Feature/FilesystemFacadeTest.php" line="105" class="Hyde\Framework\Testing\Feature\FilesystemFacadeTest" classname="Hyde.Framework.Testing.Feature.FilesystemFacadeTest" assertions="1" time="0.004379"/>
        <testcase name="testSharedGet" file="/home/runner/work/develop/develop/packages/framework/tests/Feature/FilesystemFacadeTest.php" line="112" class="Hyde\Framework\Testing\Feature\FilesystemFacadeTest" classname="Hyde.Framework.Testing.Feature.FilesystemFacadeTest" assertions="1" time="0.004129"/>
        <testcase name="testGetRequire" file="/home/runner/work/develop/develop/packages/framework/tests/Feature/FilesystemFacadeTest.php" line="119" class="Hyde\Framework\Testing\Feature\FilesystemFacadeTest" classname="Hyde.Framework.Testing.Feature.FilesystemFacadeTest" assertions="1" time="0.004137"/>
        <testcase name="testRequireOnce" file="/home/runner/work/develop/develop/packages/framework/tests/Feature/FilesystemFacadeTest.php" line="126" class="Hyde\Framework\Testing\Feature\FilesystemFacadeTest" classname="Hyde.Framework.Testing.Feature.FilesystemFacadeTest" assertions="1" time="0.004000"/>
        <testcase name="testLines" file="/home/runner/work/develop/develop/packages/framework/tests/Feature/FilesystemFacadeTest.php" line="133" class="Hyde\Framework\Testing\Feature\FilesystemFacadeTest" classname="Hyde.Framework.Testing.Feature.FilesystemFacadeTest" assertions="1" time="0.005718"/>
        <testcase name="testHash" file="/home/runner/work/develop/develop/packages/framework/tests/Feature/FilesystemFacadeTest.php" line="140" class="Hyde\Framework\Testing\Feature\FilesystemFacadeTest" classname="Hyde.Framework.Testing.Feature.FilesystemFacadeTest" assertions="1" time="0.004055"/>
        <testcase name="testPut" file="/home/runner/work/develop/develop/packages/framework/tests/Feature/FilesystemFacadeTest.php" line="147" class="Hyde\Framework\Testing\Feature\FilesystemFacadeTest" classname="Hyde.Framework.Testing.Feature.FilesystemFacadeTest" assertions="1" time="0.004593"/>
        <testcase name="testReplace" file="/home/runner/work/develop/develop/packages/framework/tests/Feature/FilesystemFacadeTest.php" line="154" class="Hyde\Framework\Testing\Feature\FilesystemFacadeTest" classname="Hyde.Framework.Testing.Feature.FilesystemFacadeTest" assertions="1" time="0.004129"/>
        <testcase name="testReplaceInFile" file="/home/runner/work/develop/develop/packages/framework/tests/Feature/FilesystemFacadeTest.php" line="161" class="Hyde\Framework\Testing\Feature\FilesystemFacadeTest" classname="Hyde.Framework.Testing.Feature.FilesystemFacadeTest" assertions="1" time="0.004547"/>
        <testcase name="testPrepend" file="/home/runner/work/develop/develop/packages/framework/tests/Feature/FilesystemFacadeTest.php" line="168" class="Hyde\Framework\Testing\Feature\FilesystemFacadeTest" classname="Hyde.Framework.Testing.Feature.FilesystemFacadeTest" assertions="1" time="0.004586"/>
        <testcase name="testAppend" file="/home/runner/work/develop/develop/packages/framework/tests/Feature/FilesystemFacadeTest.php" line="175" class="Hyde\Framework\Testing\Feature\FilesystemFacadeTest" classname="Hyde.Framework.Testing.Feature.FilesystemFacadeTest" assertions="1" time="0.004598"/>
        <testcase name="testChmod" file="/home/runner/work/develop/develop/packages/framework/tests/Feature/FilesystemFacadeTest.php" line="182" class="Hyde\Framework\Testing\Feature\FilesystemFacadeTest" classname="Hyde.Framework.Testing.Feature.FilesystemFacadeTest" assertions="1" time="0.004297"/>
        <testcase name="testDelete" file="/home/runner/work/develop/develop/packages/framework/tests/Feature/FilesystemFacadeTest.php" line="189" class="Hyde\Framework\Testing\Feature\FilesystemFacadeTest" classname="Hyde.Framework.Testing.Feature.FilesystemFacadeTest" assertions="1" time="0.003972"/>
        <testcase name="testDeleteWithArray" file="/home/runner/work/develop/develop/packages/framework/tests/Feature/FilesystemFacadeTest.php" line="196" class="Hyde\Framework\Testing\Feature\FilesystemFacadeTest" classname="Hyde.Framework.Testing.Feature.FilesystemFacadeTest" assertions="1" time="0.004104"/>
        <testcase name="testMove" file="/home/runner/work/develop/develop/packages/framework/tests/Feature/FilesystemFacadeTest.php" line="203" class="Hyde\Framework\Testing\Feature\FilesystemFacadeTest" classname="Hyde.Framework.Testing.Feature.FilesystemFacadeTest" assertions="1" time="0.003930"/>
        <testcase name="testCopy" file="/home/runner/work/develop/develop/packages/framework/tests/Feature/FilesystemFacadeTest.php" line="210" class="Hyde\Framework\Testing\Feature\FilesystemFacadeTest" classname="Hyde.Framework.Testing.Feature.FilesystemFacadeTest" assertions="1" time="0.003864"/>
        <testcase name="testLink" file="/home/runner/work/develop/develop/packages/framework/tests/Feature/FilesystemFacadeTest.php" line="217" class="Hyde\Framework\Testing\Feature\FilesystemFacadeTest" classname="Hyde.Framework.Testing.Feature.FilesystemFacadeTest" assertions="1" time="0.004110"/>
        <testcase name="testRelativeLink" file="/home/runner/work/develop/develop/packages/framework/tests/Feature/FilesystemFacadeTest.php" line="224" class="Hyde\Framework\Testing\Feature\FilesystemFacadeTest" classname="Hyde.Framework.Testing.Feature.FilesystemFacadeTest" assertions="1" time="0.003973"/>
        <testcase name="testName" file="/home/runner/work/develop/develop/packages/framework/tests/Feature/FilesystemFacadeTest.php" line="231" class="Hyde\Framework\Testing\Feature\FilesystemFacadeTest" classname="Hyde.Framework.Testing.Feature.FilesystemFacadeTest" assertions="1" time="0.004025"/>
        <testcase name="testBasename" file="/home/runner/work/develop/develop/packages/framework/tests/Feature/FilesystemFacadeTest.php" line="238" class="Hyde\Framework\Testing\Feature\FilesystemFacadeTest" classname="Hyde.Framework.Testing.Feature.FilesystemFacadeTest" assertions="1" time="0.003944"/>
        <testcase name="testDirname" file="/home/runner/work/develop/develop/packages/framework/tests/Feature/FilesystemFacadeTest.php" line="245" class="Hyde\Framework\Testing\Feature\FilesystemFacadeTest" classname="Hyde.Framework.Testing.Feature.FilesystemFacadeTest" assertions="1" time="0.003827"/>
        <testcase name="testExtension" file="/home/runner/work/develop/develop/packages/framework/tests/Feature/FilesystemFacadeTest.php" line="252" class="Hyde\Framework\Testing\Feature\FilesystemFacadeTest" classname="Hyde.Framework.Testing.Feature.FilesystemFacadeTest" assertions="1" time="0.003918"/>
        <testcase name="testGuessExtension" file="/home/runner/work/develop/develop/packages/framework/tests/Feature/FilesystemFacadeTest.php" line="259" class="Hyde\Framework\Testing\Feature\FilesystemFacadeTest" classname="Hyde.Framework.Testing.Feature.FilesystemFacadeTest" assertions="1" time="0.004799"/>
        <testcase name="testType" file="/home/runner/work/develop/develop/packages/framework/tests/Feature/FilesystemFacadeTest.php" line="266" class="Hyde\Framework\Testing\Feature\FilesystemFacadeTest" classname="Hyde.Framework.Testing.Feature.FilesystemFacadeTest" assertions="1" time="0.004426"/>
        <testcase name="testMimeType" file="/home/runner/work/develop/develop/packages/framework/tests/Feature/FilesystemFacadeTest.php" line="273" class="Hyde\Framework\Testing\Feature\FilesystemFacadeTest" classname="Hyde.Framework.Testing.Feature.FilesystemFacadeTest" assertions="1" time="0.004731"/>
        <testcase name="testSize" file="/home/runner/work/develop/develop/packages/framework/tests/Feature/FilesystemFacadeTest.php" line="280" class="Hyde\Framework\Testing\Feature\FilesystemFacadeTest" classname="Hyde.Framework.Testing.Feature.FilesystemFacadeTest" assertions="1" time="0.004390"/>
        <testcase name="testLastModified" file="/home/runner/work/develop/develop/packages/framework/tests/Feature/FilesystemFacadeTest.php" line="287" class="Hyde\Framework\Testing\Feature\FilesystemFacadeTest" classname="Hyde.Framework.Testing.Feature.FilesystemFacadeTest" assertions="1" time="0.004069"/>
        <testcase name="testIsDirectory" file="/home/runner/work/develop/develop/packages/framework/tests/Feature/FilesystemFacadeTest.php" line="294" class="Hyde\Framework\Testing\Feature\FilesystemFacadeTest" classname="Hyde.Framework.Testing.Feature.FilesystemFacadeTest" assertions="1" time="0.004176"/>
        <testcase name="testIsEmptyDirectory" file="/home/runner/work/develop/develop/packages/framework/tests/Feature/FilesystemFacadeTest.php" line="301" class="Hyde\Framework\Testing\Feature\FilesystemFacadeTest" classname="Hyde.Framework.Testing.Feature.FilesystemFacadeTest" assertions="1" time="0.004408"/>
        <testcase name="testIsReadable" file="/home/runner/work/develop/develop/packages/framework/tests/Feature/FilesystemFacadeTest.php" line="308" class="Hyde\Framework\Testing\Feature\FilesystemFacadeTest" classname="Hyde.Framework.Testing.Feature.FilesystemFacadeTest" assertions="1" time="0.004261"/>
        <testcase name="testIsWritable" file="/home/runner/work/develop/develop/packages/framework/tests/Feature/FilesystemFacadeTest.php" line="315" class="Hyde\Framework\Testing\Feature\FilesystemFacadeTest" classname="Hyde.Framework.Testing.Feature.FilesystemFacadeTest" assertions="1" time="0.004331"/>
        <testcase name="testHasSameHash" file="/home/runner/work/develop/develop/packages/framework/tests/Feature/FilesystemFacadeTest.php" line="322" class="Hyde\Framework\Testing\Feature\FilesystemFacadeTest" classname="Hyde.Framework.Testing.Feature.FilesystemFacadeTest" assertions="1" time="0.004307"/>
        <testcase name="testIsFile" file="/home/runner/work/develop/develop/packages/framework/tests/Feature/FilesystemFacadeTest.php" line="329" class="Hyde\Framework\Testing\Feature\FilesystemFacadeTest" classname="Hyde.Framework.Testing.Feature.FilesystemFacadeTest" assertions="1" time="0.004171"/>
        <testcase name="testGlob" file="/home/runner/work/develop/develop/packages/framework/tests/Feature/FilesystemFacadeTest.php" line="336" class="Hyde\Framework\Testing\Feature\FilesystemFacadeTest" classname="Hyde.Framework.Testing.Feature.FilesystemFacadeTest" assertions="1" time="0.004541"/>
        <testcase name="testFiles" file="/home/runner/work/develop/develop/packages/framework/tests/Feature/FilesystemFacadeTest.php" line="343" class="Hyde\Framework\Testing\Feature\FilesystemFacadeTest" classname="Hyde.Framework.Testing.Feature.FilesystemFacadeTest" assertions="1" time="0.004789"/>
        <testcase name="testAllFiles" file="/home/runner/work/develop/develop/packages/framework/tests/Feature/FilesystemFacadeTest.php" line="350" class="Hyde\Framework\Testing\Feature\FilesystemFacadeTest" classname="Hyde.Framework.Testing.Feature.FilesystemFacadeTest" assertions="1" time="0.004610"/>
        <testcase name="testDirectories" file="/home/runner/work/develop/develop/packages/framework/tests/Feature/FilesystemFacadeTest.php" line="357" class="Hyde\Framework\Testing\Feature\FilesystemFacadeTest" classname="Hyde.Framework.Testing.Feature.FilesystemFacadeTest" assertions="1" time="0.004516"/>
        <testcase name="testEnsureDirectoryExists" file="/home/runner/work/develop/develop/packages/framework/tests/Feature/FilesystemFacadeTest.php" line="364" class="Hyde\Framework\Testing\Feature\FilesystemFacadeTest" classname="Hyde.Framework.Testing.Feature.FilesystemFacadeTest" assertions="1" time="0.004261"/>
        <testcase name="testMakeDirectory" file="/home/runner/work/develop/develop/packages/framework/tests/Feature/FilesystemFacadeTest.php" line="371" class="Hyde\Framework\Testing\Feature\FilesystemFacadeTest" classname="Hyde.Framework.Testing.Feature.FilesystemFacadeTest" assertions="1" time="0.004317"/>
        <testcase name="testMoveDirectory" file="/home/runner/work/develop/develop/packages/framework/tests/Feature/FilesystemFacadeTest.php" line="378" class="Hyde\Framework\Testing\Feature\FilesystemFacadeTest" classname="Hyde.Framework.Testing.Feature.FilesystemFacadeTest" assertions="1" time="0.004231"/>
        <testcase name="testCopyDirectory" file="/home/runner/work/develop/develop/packages/framework/tests/Feature/FilesystemFacadeTest.php" line="385" class="Hyde\Framework\Testing\Feature\FilesystemFacadeTest" classname="Hyde.Framework.Testing.Feature.FilesystemFacadeTest" assertions="1" time="0.004478"/>
        <testcase name="testDeleteDirectory" file="/home/runner/work/develop/develop/packages/framework/tests/Feature/FilesystemFacadeTest.php" line="392" class="Hyde\Framework\Testing\Feature\FilesystemFacadeTest" classname="Hyde.Framework.Testing.Feature.FilesystemFacadeTest" assertions="1" time="0.004660"/>
        <testcase name="testDeleteDirectories" file="/home/runner/work/develop/develop/packages/framework/tests/Feature/FilesystemFacadeTest.php" line="399" class="Hyde\Framework\Testing\Feature\FilesystemFacadeTest" classname="Hyde.Framework.Testing.Feature.FilesystemFacadeTest" assertions="1" time="0.004206"/>
        <testcase name="testCleanDirectory" file="/home/runner/work/develop/develop/packages/framework/tests/Feature/FilesystemFacadeTest.php" line="406" class="Hyde\Framework\Testing\Feature\FilesystemFacadeTest" classname="Hyde.Framework.Testing.Feature.FilesystemFacadeTest" assertions="1" time="0.003977"/>
        <testcase name="testMethodWithoutMocking" file="/home/runner/work/develop/develop/packages/framework/tests/Feature/FilesystemFacadeTest.php" line="413" class="Hyde\Framework\Testing\Feature\FilesystemFacadeTest" classname="Hyde.Framework.Testing.Feature.FilesystemFacadeTest" assertions="2" time="0.004215"/>
        <testcase name="testMethodWithNamedArguments" file="/home/runner/work/develop/develop/packages/framework/tests/Feature/FilesystemFacadeTest.php" line="421" class="Hyde\Framework\Testing\Feature\FilesystemFacadeTest" classname="Hyde.Framework.Testing.Feature.FilesystemFacadeTest" assertions="2" time="0.004176"/>
        <testcase name="testMethodWithMixedSequentialAndNamedArguments" file="/home/runner/work/develop/develop/packages/framework/tests/Feature/FilesystemFacadeTest.php" line="429" class="Hyde\Framework\Testing\Feature\FilesystemFacadeTest" classname="Hyde.Framework.Testing.Feature.FilesystemFacadeTest" assertions="2" time="0.004391"/>
        <testcase name="testMethodWithMixedSequentialAndNamedArgumentsSkippingMiddleOne" file="/home/runner/work/develop/develop/packages/framework/tests/Feature/FilesystemFacadeTest.php" line="437" class="Hyde\Framework\Testing\Feature\FilesystemFacadeTest" classname="Hyde.Framework.Testing.Feature.FilesystemFacadeTest" assertions="1" time="0.004156"/>
      </testsuite>
      <testsuite name="Hyde\Framework\Testing\Feature\Foundation\FilesystemTest" file="/home/runner/work/develop/develop/packages/framework/tests/Feature/Foundation/FilesystemTest.php" tests="51" assertions="84" errors="0" failures="0" skipped="0" time="0.110467">
        <testcase name="testGetBasePathReturnsKernelsBasePath" file="/home/runner/work/develop/develop/packages/framework/tests/Feature/Foundation/FilesystemTest.php" line="50" class="Hyde\Framework\Testing\Feature\Foundation\FilesystemTest" classname="Hyde.Framework.Testing.Feature.Foundation.FilesystemTest" assertions="1" time="0.002959"/>
        <testcase name="testPathMethodExists" file="/home/runner/work/develop/develop/packages/framework/tests/Feature/Foundation/FilesystemTest.php" line="56" class="Hyde\Framework\Testing\Feature\Foundation\FilesystemTest" classname="Hyde.Framework.Testing.Feature.Foundation.FilesystemTest" assertions="1" time="0.002090"/>
        <testcase name="testPathMethodReturnsString" file="/home/runner/work/develop/develop/packages/framework/tests/Feature/Foundation/FilesystemTest.php" line="61" class="Hyde\Framework\Testing\Feature\Foundation\FilesystemTest" classname="Hyde.Framework.Testing.Feature.Foundation.FilesystemTest" assertions="1" time="0.001993"/>
        <testcase name="testPathMethodReturnsBasePathWhenNotSuppliedWithArgument" file="/home/runner/work/develop/develop/packages/framework/tests/Feature/Foundation/FilesystemTest.php" line="66" class="Hyde\Framework\Testing\Feature\Foundation\FilesystemTest" classname="Hyde.Framework.Testing.Feature.Foundation.FilesystemTest" assertions="1" time="0.002007"/>
        <testcase name="testPathMethodReturnsPathRelativeToBasePathWhenSuppliedWithArgument" file="/home/runner/work/develop/develop/packages/framework/tests/Feature/Foundation/FilesystemTest.php" line="72" class="Hyde\Framework\Testing\Feature\Foundation\FilesystemTest" classname="Hyde.Framework.Testing.Feature.Foundation.FilesystemTest" assertions="1" time="0.002126"/>
        <testcase name="testPathMethodReturnsQualifiedFilePathWhenSuppliedWithArgument" file="/home/runner/work/develop/develop/packages/framework/tests/Feature/Foundation/FilesystemTest.php" line="78" class="Hyde\Framework\Testing\Feature\Foundation\FilesystemTest" classname="Hyde.Framework.Testing.Feature.Foundation.FilesystemTest" assertions="1" time="0.002137"/>
        <testcase name="testPathMethodReturnsExpectedValueForNestedPathArguments" file="/home/runner/work/develop/develop/packages/framework/tests/Feature/Foundation/FilesystemTest.php" line="84" class="Hyde\Framework\Testing\Feature\Foundation\FilesystemTest" classname="Hyde.Framework.Testing.Feature.Foundation.FilesystemTest" assertions="1" time="0.002127"/>
        <testcase name="testPathMethodStripsTrailingDirectorySeparatorsFromArgument" file="/home/runner/work/develop/develop/packages/framework/tests/Feature/Foundation/FilesystemTest.php" line="90" class="Hyde\Framework\Testing\Feature\Foundation\FilesystemTest" classname="Hyde.Framework.Testing.Feature.Foundation.FilesystemTest" assertions="1" time="0.002083"/>
        <testcase name="testPathMethodReturnsExpectedValueRegardlessOfTrailingDirectorySeparatorsInArgument" file="/home/runner/work/develop/develop/packages/framework/tests/Feature/Foundation/FilesystemTest.php" line="96" class="Hyde\Framework\Testing\Feature\Foundation\FilesystemTest" classname="Hyde.Framework.Testing.Feature.Foundation.FilesystemTest" assertions="1" time="0.002216"/>
        <testcase name="testPathMethodResolvesAlreadyAbsolutePaths" file="/home/runner/work/develop/develop/packages/framework/tests/Feature/Foundation/FilesystemTest.php" line="102" class="Hyde\Framework\Testing\Feature\Foundation\FilesystemTest" classname="Hyde.Framework.Testing.Feature.Foundation.FilesystemTest" assertions="1" time="0.002034"/>
        <testcase name="testPathMethodResolvesAlreadyAbsolutePathsUsingHelper" file="/home/runner/work/develop/develop/packages/framework/tests/Feature/Foundation/FilesystemTest.php" line="108" class="Hyde\Framework\Testing\Feature\Foundation\FilesystemTest" classname="Hyde.Framework.Testing.Feature.Foundation.FilesystemTest" assertions="1" time="0.002047"/>
        <testcase name="testPathMethodResolvesAlreadyAbsolutePathsUsingHelperWithTrailingSlash" file="/home/runner/work/develop/develop/packages/framework/tests/Feature/Foundation/FilesystemTest.php" line="113" class="Hyde\Framework\Testing\Feature\Foundation\FilesystemTest" classname="Hyde.Framework.Testing.Feature.Foundation.FilesystemTest" assertions="1" time="0.002070"/>
        <testcase name="testPathMethodDoesNotModifyPharPaths" file="/home/runner/work/develop/develop/packages/framework/tests/Feature/Foundation/FilesystemTest.php" line="118" class="Hyde\Framework\Testing\Feature\Foundation\FilesystemTest" classname="Hyde.Framework.Testing.Feature.Foundation.FilesystemTest" assertions="1" time="0.001891"/>
        <testcase name="testHydePathMethodExists" file="/home/runner/work/develop/develop/packages/framework/tests/Feature/Foundation/FilesystemTest.php" line="123" class="Hyde\Framework\Testing\Feature\Foundation\FilesystemTest" classname="Hyde.Framework.Testing.Feature.Foundation.FilesystemTest" assertions="1" time="0.001888"/>
        <testcase name="testHydePathStringIsReturned" file="/home/runner/work/develop/develop/packages/framework/tests/Feature/Foundation/FilesystemTest.php" line="128" class="Hyde\Framework\Testing\Feature\Foundation\FilesystemTest" classname="Hyde.Framework.Testing.Feature.Foundation.FilesystemTest" assertions="1" time="0.002008"/>
        <testcase name="testHydePathReturnedDirectoryContainsContentExpectedToBeInTheProjectDirectory" file="/home/runner/work/develop/develop/packages/framework/tests/Feature/Foundation/FilesystemTest.php" line="133" class="Hyde\Framework\Testing\Feature\Foundation\FilesystemTest" classname="Hyde.Framework.Testing.Feature.Foundation.FilesystemTest" assertions="1" time="0.002103"/>
        <testcase name="testVendorPathMethodExists" file="/home/runner/work/develop/develop/packages/framework/tests/Feature/Foundation/FilesystemTest.php" line="138" class="Hyde\Framework\Testing\Feature\Foundation\FilesystemTest" classname="Hyde.Framework.Testing.Feature.Foundation.FilesystemTest" assertions="1" time="0.001880"/>
        <testcase name="testVendorPathMethodReturnsString" file="/home/runner/work/develop/develop/packages/framework/tests/Feature/Foundation/FilesystemTest.php" line="143" class="Hyde\Framework\Testing\Feature\Foundation\FilesystemTest" classname="Hyde.Framework.Testing.Feature.Foundation.FilesystemTest" assertions="1" time="0.001977"/>
        <testcase name="testVendorPathMethodReturnsTheVendorPath" file="/home/runner/work/develop/develop/packages/framework/tests/Feature/Foundation/FilesystemTest.php" line="148" class="Hyde\Framework\Testing\Feature\Foundation\FilesystemTest" classname="Hyde.Framework.Testing.Feature.Foundation.FilesystemTest" assertions="1" time="0.002061"/>
        <testcase name="testVendorPathMethodReturnsQualifiedFilePathWhenSuppliedWithArgument" file="/home/runner/work/develop/develop/packages/framework/tests/Feature/Foundation/FilesystemTest.php" line="153" class="Hyde\Framework\Testing\Feature\Foundation\FilesystemTest" classname="Hyde.Framework.Testing.Feature.Foundation.FilesystemTest" assertions="1" time="0.002047"/>
        <testcase name="testVendorPathMethodReturnsExpectedValueRegardlessOfTrailingDirectorySeparatorsInArgument" file="/home/runner/work/develop/develop/packages/framework/tests/Feature/Foundation/FilesystemTest.php" line="158" class="Hyde\Framework\Testing\Feature\Foundation\FilesystemTest" classname="Hyde.Framework.Testing.Feature.Foundation.FilesystemTest" assertions="1" time="0.002107"/>
        <testcase name="testVendorPathCanSpecifyWhichHydePackageToUse" file="/home/runner/work/develop/develop/packages/framework/tests/Feature/Foundation/FilesystemTest.php" line="164" class="Hyde\Framework\Testing\Feature\Foundation\FilesystemTest" classname="Hyde.Framework.Testing.Feature.Foundation.FilesystemTest" assertions="2" time="0.002192"/>
        <testcase name="testVendorPathCanRunInPhar" file="/home/runner/work/develop/develop/packages/framework/tests/Feature/Foundation/FilesystemTest.php" line="170" class="Hyde\Framework\Testing\Feature\Foundation\FilesystemTest" classname="Hyde.Framework.Testing.Feature.Foundation.FilesystemTest" assertions="1" time="0.002091"/>
        <testcase name="testTouchHelperCreatesFileAtGivenPath" file="/home/runner/work/develop/develop/packages/framework/tests/Feature/Foundation/FilesystemTest.php" line="184" class="Hyde\Framework\Testing\Feature\Foundation\FilesystemTest" classname="Hyde.Framework.Testing.Feature.Foundation.FilesystemTest" assertions="2" time="0.002287"/>
        <testcase name="testTouchHelperCreatesMultipleFilesAtGivenPaths" file="/home/runner/work/develop/develop/packages/framework/tests/Feature/Foundation/FilesystemTest.php" line="191" class="Hyde\Framework\Testing\Feature\Foundation\FilesystemTest" classname="Hyde.Framework.Testing.Feature.Foundation.FilesystemTest" assertions="3" time="0.002441"/>
        <testcase name="testUnlinkHelperDeletesFileAtGivenPath" file="/home/runner/work/develop/develop/packages/framework/tests/Feature/Foundation/FilesystemTest.php" line="200" class="Hyde\Framework\Testing\Feature\Foundation\FilesystemTest" classname="Hyde.Framework.Testing.Feature.Foundation.FilesystemTest" assertions="2" time="0.002255"/>
        <testcase name="testUnlinkHelperDeletesMultipleFilesAtGivenPaths" file="/home/runner/work/develop/develop/packages/framework/tests/Feature/Foundation/FilesystemTest.php" line="207" class="Hyde\Framework\Testing\Feature\Foundation\FilesystemTest" classname="Hyde.Framework.Testing.Feature.Foundation.FilesystemTest" assertions="3" time="0.002551"/>
        <testcase name="testUnlinkIfExistsHelperDeletesFileAtGivenPath" file="/home/runner/work/develop/develop/packages/framework/tests/Feature/Foundation/FilesystemTest.php" line="216" class="Hyde\Framework\Testing\Feature\Foundation\FilesystemTest" classname="Hyde.Framework.Testing.Feature.Foundation.FilesystemTest" assertions="2" time="0.002315"/>
        <testcase name="testUnlinkIfExistsHandlesNonExistentFilesGracefully" file="/home/runner/work/develop/develop/packages/framework/tests/Feature/Foundation/FilesystemTest.php" line="223" class="Hyde\Framework\Testing\Feature\Foundation\FilesystemTest" classname="Hyde.Framework.Testing.Feature.Foundation.FilesystemTest" assertions="1" time="0.002004"/>
        <testcase name="testGetModelSourcePathMethodReturnsPathForModelClasses" file="/home/runner/work/develop/develop/packages/framework/tests/Feature/Foundation/FilesystemTest.php" line="228" class="Hyde\Framework\Testing\Feature\Foundation\FilesystemTest" classname="Hyde.Framework.Testing.Feature.Foundation.FilesystemTest" assertions="5" time="0.002626"/>
        <testcase name="testGetModelSourcePathMethodReturnsPathToFileForModelClasses" file="/home/runner/work/develop/develop/packages/framework/tests/Feature/Foundation/FilesystemTest.php" line="237" class="Hyde\Framework\Testing\Feature\Foundation\FilesystemTest" classname="Hyde.Framework.Testing.Feature.Foundation.FilesystemTest" assertions="5" time="0.002613"/>
        <testcase name="testHelperForBladePages" file="/home/runner/work/develop/develop/packages/framework/tests/Feature/Foundation/FilesystemTest.php" line="246" class="Hyde\Framework\Testing\Feature\Foundation\FilesystemTest" classname="Hyde.Framework.Testing.Feature.Foundation.FilesystemTest" assertions="1" time="0.002028"/>
        <testcase name="testHelperForMarkdownPages" file="/home/runner/work/develop/develop/packages/framework/tests/Feature/Foundation/FilesystemTest.php" line="251" class="Hyde\Framework\Testing\Feature\Foundation\FilesystemTest" classname="Hyde.Framework.Testing.Feature.Foundation.FilesystemTest" assertions="1" time="0.002043"/>
        <testcase name="testHelperForMarkdownPosts" file="/home/runner/work/develop/develop/packages/framework/tests/Feature/Foundation/FilesystemTest.php" line="256" class="Hyde\Framework\Testing\Feature\Foundation\FilesystemTest" classname="Hyde.Framework.Testing.Feature.Foundation.FilesystemTest" assertions="1" time="0.002009"/>
        <testcase name="testHelperForDocumentationPages" file="/home/runner/work/develop/develop/packages/framework/tests/Feature/Foundation/FilesystemTest.php" line="261" class="Hyde\Framework\Testing\Feature\Foundation\FilesystemTest" classname="Hyde.Framework.Testing.Feature.Foundation.FilesystemTest" assertions="1" time="0.002045"/>
        <testcase name="testHelperForMediaPath" file="/home/runner/work/develop/develop/packages/framework/tests/Feature/Foundation/FilesystemTest.php" line="266" class="Hyde\Framework\Testing\Feature\Foundation\FilesystemTest" classname="Hyde.Framework.Testing.Feature.Foundation.FilesystemTest" assertions="1" time="0.002024"/>
        <testcase name="testHelperForMediaPathReturnsPathToFileWithinTheDirectory" file="/home/runner/work/develop/develop/packages/framework/tests/Feature/Foundation/FilesystemTest.php" line="271" class="Hyde\Framework\Testing\Feature\Foundation\FilesystemTest" classname="Hyde.Framework.Testing.Feature.Foundation.FilesystemTest" assertions="1" time="0.002102"/>
        <testcase name="testGetMediaPathReturnsAbsolutePath" file="/home/runner/work/develop/develop/packages/framework/tests/Feature/Foundation/FilesystemTest.php" line="276" class="Hyde\Framework\Testing\Feature\Foundation\FilesystemTest" classname="Hyde.Framework.Testing.Feature.Foundation.FilesystemTest" assertions="1" time="0.002011"/>
        <testcase name="testHelperForMediaOutputPath" file="/home/runner/work/develop/develop/packages/framework/tests/Feature/Foundation/FilesystemTest.php" line="281" class="Hyde\Framework\Testing\Feature\Foundation\FilesystemTest" classname="Hyde.Framework.Testing.Feature.Foundation.FilesystemTest" assertions="1" time="0.002046"/>
        <testcase name="testHelperForMediaOutputPathReturnsPathToFileWithinTheDirectory" file="/home/runner/work/develop/develop/packages/framework/tests/Feature/Foundation/FilesystemTest.php" line="286" class="Hyde\Framework\Testing\Feature\Foundation\FilesystemTest" classname="Hyde.Framework.Testing.Feature.Foundation.FilesystemTest" assertions="1" time="0.002067"/>
        <testcase name="testGetMediaOutputPathReturnsAbsolutePath" file="/home/runner/work/develop/develop/packages/framework/tests/Feature/Foundation/FilesystemTest.php" line="291" class="Hyde\Framework\Testing\Feature\Foundation\FilesystemTest" classname="Hyde.Framework.Testing.Feature.Foundation.FilesystemTest" assertions="1" time="0.002015"/>
        <testcase name="testHelperForSiteOutputPath" file="/home/runner/work/develop/develop/packages/framework/tests/Feature/Foundation/FilesystemTest.php" line="296" class="Hyde\Framework\Testing\Feature\Foundation\FilesystemTest" classname="Hyde.Framework.Testing.Feature.Foundation.FilesystemTest" assertions="1" time="0.002007"/>
        <testcase name="testHelperForSiteOutputPathReturnsPathToFileWithinTheDirectory" file="/home/runner/work/develop/develop/packages/framework/tests/Feature/Foundation/FilesystemTest.php" line="301" class="Hyde\Framework\Testing\Feature\Foundation\FilesystemTest" classname="Hyde.Framework.Testing.Feature.Foundation.FilesystemTest" assertions="1" time="0.002793"/>
        <testcase name="testGetSiteOutputPathReturnsAbsolutePath" file="/home/runner/work/develop/develop/packages/framework/tests/Feature/Foundation/FilesystemTest.php" line="306" class="Hyde\Framework\Testing\Feature\Foundation\FilesystemTest" classname="Hyde.Framework.Testing.Feature.Foundation.FilesystemTest" assertions="1" time="0.002100"/>
        <testcase name="testSiteOutputPathHelperIgnoresTrailingSlashes" file="/home/runner/work/develop/develop/packages/framework/tests/Feature/Foundation/FilesystemTest.php" line="311" class="Hyde\Framework\Testing\Feature\Foundation\FilesystemTest" classname="Hyde.Framework.Testing.Feature.Foundation.FilesystemTest" assertions="1" time="0.002054"/>
        <testcase name="testPathToAbsolute" file="/home/runner/work/develop/develop/packages/framework/tests/Feature/Foundation/FilesystemTest.php" line="316" class="Hyde\Framework\Testing\Feature\Foundation\FilesystemTest" classname="Hyde.Framework.Testing.Feature.Foundation.FilesystemTest" assertions="1" time="0.002020"/>
        <testcase name="testPathToAbsoluteHelperIsAliasForPathHelper" file="/home/runner/work/develop/develop/packages/framework/tests/Feature/Foundation/FilesystemTest.php" line="321" class="Hyde\Framework\Testing\Feature\Foundation\FilesystemTest" classname="Hyde.Framework.Testing.Feature.Foundation.FilesystemTest" assertions="1" time="0.002008"/>
        <testcase name="testPathToAbsoluteCanConvertArrayOfPaths" file="/home/runner/work/develop/develop/packages/framework/tests/Feature/Foundation/FilesystemTest.php" line="326" class="Hyde\Framework\Testing\Feature\Foundation\FilesystemTest" classname="Hyde.Framework.Testing.Feature.Foundation.FilesystemTest" assertions="1" time="0.002093"/>
        <testcase name="testPathToRelativeHelperDecodesHydePathIntoRelative" file="/home/runner/work/develop/develop/packages/framework/tests/Feature/Foundation/FilesystemTest.php" line="334" class="Hyde\Framework\Testing\Feature\Foundation\FilesystemTest" classname="Hyde.Framework.Testing.Feature.Foundation.FilesystemTest" assertions="5" time="0.002494"/>
        <testcase name="testPathToRelativeHelperDoesNotModifyAlreadyRelativePaths" file="/home/runner/work/develop/develop/packages/framework/tests/Feature/Foundation/FilesystemTest.php" line="343" class="Hyde\Framework\Testing\Feature\Foundation\FilesystemTest" classname="Hyde.Framework.Testing.Feature.Foundation.FilesystemTest" assertions="7" time="0.002572"/>
        <testcase name="testPathToRelativeHelperDoesNotModifyNonProjectPaths" file="/home/runner/work/develop/develop/packages/framework/tests/Feature/Foundation/FilesystemTest.php" line="354" class="Hyde\Framework\Testing\Feature\Foundation\FilesystemTest" classname="Hyde.Framework.Testing.Feature.Foundation.FilesystemTest" assertions="8" time="0.002713"/>
      </testsuite>
      <testsuite name="Hyde\Framework\Testing\Feature\Foundation\HyperlinksTest" file="/home/runner/work/develop/develop/packages/framework/tests/Feature/Foundation/HyperlinksTest.php" tests="13" assertions="20" errors="0" failures="0" skipped="0" time="0.057519">
        <testcase name="testAssetHelperGetsRelativeWebLinkToImageStoredInSiteMediaFolder" file="/home/runner/work/develop/develop/packages/framework/tests/Feature/Foundation/HyperlinksTest.php" line="28" class="Hyde\Framework\Testing\Feature\Foundation\HyperlinksTest" classname="Hyde.Framework.Testing.Feature.Foundation.HyperlinksTest" assertions="4" time="0.004553"/>
        <testcase name="testAssetHelperResolvesPathsForNestedPages" file="/home/runner/work/develop/develop/packages/framework/tests/Feature/Foundation/HyperlinksTest.php" line="42" class="Hyde\Framework\Testing\Feature\Foundation\HyperlinksTest" classname="Hyde.Framework.Testing.Feature.Foundation.HyperlinksTest" assertions="4" time="0.004453"/>
        <testcase name="testAssetHelperReturnsQualifiedAbsoluteUriWhenRequestedAndSiteHasBaseUrl" file="/home/runner/work/develop/develop/packages/framework/tests/Feature/Foundation/HyperlinksTest.php" line="57" class="Hyde\Framework\Testing\Feature\Foundation\HyperlinksTest" classname="Hyde.Framework.Testing.Feature.Foundation.HyperlinksTest" assertions="1" time="0.003472"/>
        <testcase name="testAssetHelperReturnsDefaultRelativePathWhenQualifiedAbsoluteUriIsRequestedButSiteHasNoBaseUrl" file="/home/runner/work/develop/develop/packages/framework/tests/Feature/Foundation/HyperlinksTest.php" line="62" class="Hyde\Framework\Testing\Feature\Foundation\HyperlinksTest" classname="Hyde.Framework.Testing.Feature.Foundation.HyperlinksTest" assertions="1" time="0.003640"/>
        <testcase name="testAssetHelperReturnsInputWhenQualifiedAbsoluteUriIsRequestedButImageIsAlreadyQualified" file="/home/runner/work/develop/develop/packages/framework/tests/Feature/Foundation/HyperlinksTest.php" line="68" class="Hyde\Framework\Testing\Feature\Foundation\HyperlinksTest" classname="Hyde.Framework.Testing.Feature.Foundation.HyperlinksTest" assertions="1" time="0.003341"/>
        <testcase name="testAssetHelperUsesConfiguredMediaDirectory" file="/home/runner/work/develop/develop/packages/framework/tests/Feature/Foundation/HyperlinksTest.php" line="73" class="Hyde\Framework\Testing\Feature\Foundation\HyperlinksTest" classname="Hyde.Framework.Testing.Feature.Foundation.HyperlinksTest" assertions="1" time="0.003714"/>
        <testcase name="testMediaLinkHelper" file="/home/runner/work/develop/develop/packages/framework/tests/Feature/Foundation/HyperlinksTest.php" line="79" class="Hyde\Framework\Testing\Feature\Foundation\HyperlinksTest" classname="Hyde.Framework.Testing.Feature.Foundation.HyperlinksTest" assertions="1" time="0.003396"/>
        <testcase name="testMediaLinkHelperWithRelativePath" file="/home/runner/work/develop/develop/packages/framework/tests/Feature/Foundation/HyperlinksTest.php" line="84" class="Hyde\Framework\Testing\Feature\Foundation\HyperlinksTest" classname="Hyde.Framework.Testing.Feature.Foundation.HyperlinksTest" assertions="1" time="0.003920"/>
        <testcase name="testMediaLinkHelperUsesConfiguredMediaDirectory" file="/home/runner/work/develop/develop/packages/framework/tests/Feature/Foundation/HyperlinksTest.php" line="90" class="Hyde\Framework\Testing\Feature\Foundation\HyperlinksTest" classname="Hyde.Framework.Testing.Feature.Foundation.HyperlinksTest" assertions="1" time="0.003492"/>
        <testcase name="testMediaLinkHelperWithValidationAndExistingFile" file="/home/runner/work/develop/develop/packages/framework/tests/Feature/Foundation/HyperlinksTest.php" line="96" class="Hyde\Framework\Testing\Feature\Foundation\HyperlinksTest" classname="Hyde.Framework.Testing.Feature.Foundation.HyperlinksTest" assertions="1" time="0.003967"/>
        <testcase name="testMediaLinkHelperWithValidationAndNonExistingFile" file="/home/runner/work/develop/develop/packages/framework/tests/Feature/Foundation/HyperlinksTest.php" line="102" class="Hyde\Framework\Testing\Feature\Foundation\HyperlinksTest" classname="Hyde.Framework.Testing.Feature.Foundation.HyperlinksTest" assertions="1" time="0.004045"/>
        <testcase name="testRouteHelper" file="/home/runner/work/develop/develop/packages/framework/tests/Feature/Foundation/HyperlinksTest.php" line="108" class="Hyde\Framework\Testing\Feature\Foundation\HyperlinksTest" classname="Hyde.Framework.Testing.Feature.Foundation.HyperlinksTest" assertions="2" time="0.008028"/>
        <testcase name="testRouteHelperWithInvalidRoute" file="/home/runner/work/develop/develop/packages/framework/tests/Feature/Foundation/HyperlinksTest.php" line="114" class="Hyde\Framework\Testing\Feature\Foundation\HyperlinksTest" classname="Hyde.Framework.Testing.Feature.Foundation.HyperlinksTest" assertions="1" time="0.007498"/>
      </testsuite>
      <testsuite name="Hyde\Framework\Testing\Feature\GlobalMetadataBagTest" file="/home/runner/work/develop/develop/packages/framework/tests/Feature/GlobalMetadataBagTest.php" tests="9" assertions="9" errors="0" failures="0" skipped="0" time="0.069842">
        <testcase name="testSiteMetadataAddsConfigDefinedMetadata" file="/home/runner/work/develop/develop/packages/framework/tests/Feature/GlobalMetadataBagTest.php" line="18" class="Hyde\Framework\Testing\Feature\GlobalMetadataBagTest" classname="Hyde.Framework.Testing.Feature.GlobalMetadataBagTest" assertions="1" time="0.005080"/>
        <testcase name="testSiteMetadataAutomaticallyAddsSitemapWhenEnabled" file="/home/runner/work/develop/develop/packages/framework/tests/Feature/GlobalMetadataBagTest.php" line="38" class="Hyde\Framework\Testing\Feature\GlobalMetadataBagTest" classname="Hyde.Framework.Testing.Feature.GlobalMetadataBagTest" assertions="1" time="0.004448"/>
        <testcase name="testSiteMetadataSitemapUsesConfiguredSiteUrl" file="/home/runner/work/develop/develop/packages/framework/tests/Feature/GlobalMetadataBagTest.php" line="48" class="Hyde\Framework\Testing\Feature\GlobalMetadataBagTest" classname="Hyde.Framework.Testing.Feature.GlobalMetadataBagTest" assertions="1" time="0.004218"/>
        <testcase name="testSiteMetadataAutomaticallyAddsRssFeedWhenEnabled" file="/home/runner/work/develop/develop/packages/framework/tests/Feature/GlobalMetadataBagTest.php" line="58" class="Hyde\Framework\Testing\Feature\GlobalMetadataBagTest" classname="Hyde.Framework.Testing.Feature.GlobalMetadataBagTest" assertions="1" time="0.010514"/>
        <testcase name="testSiteMetadataRssFeedUsesConfiguredSiteUrl" file="/home/runner/work/develop/develop/packages/framework/tests/Feature/GlobalMetadataBagTest.php" line="69" class="Hyde\Framework\Testing\Feature\GlobalMetadataBagTest" classname="Hyde.Framework.Testing.Feature.GlobalMetadataBagTest" assertions="1" time="0.011257"/>
        <testcase name="testSiteMetadataRssFeedUsesConfiguredSiteName" file="/home/runner/work/develop/develop/packages/framework/tests/Feature/GlobalMetadataBagTest.php" line="80" class="Hyde\Framework\Testing\Feature\GlobalMetadataBagTest" classname="Hyde.Framework.Testing.Feature.GlobalMetadataBagTest" assertions="1" time="0.011949"/>
        <testcase name="testSiteMetadataRssFeedUsesConfiguredRssFileName" file="/home/runner/work/develop/develop/packages/framework/tests/Feature/GlobalMetadataBagTest.php" line="95" class="Hyde\Framework\Testing\Feature\GlobalMetadataBagTest" classname="Hyde.Framework.Testing.Feature.GlobalMetadataBagTest" assertions="1" time="0.010961"/>
        <testcase name="testMetadataExistingInTheCurrentPageIsNotAdded" file="/home/runner/work/develop/develop/packages/framework/tests/Feature/GlobalMetadataBagTest.php" line="110" class="Hyde\Framework\Testing\Feature\GlobalMetadataBagTest" classname="Hyde.Framework.Testing.Feature.GlobalMetadataBagTest" assertions="1" time="0.005629"/>
        <testcase name="testMetadataExistingInTheCurrentPageIsNotAddedRegardlessOfItsValue" file="/home/runner/work/develop/develop/packages/framework/tests/Feature/GlobalMetadataBagTest.php" line="131" class="Hyde\Framework\Testing\Feature\GlobalMetadataBagTest" classname="Hyde.Framework.Testing.Feature.GlobalMetadataBagTest" assertions="1" time="0.005786"/>
      </testsuite>
      <testsuite name="Hyde\Framework\Testing\Feature\HelpersTest" file="/home/runner/work/develop/develop/packages/framework/tests/Feature/HelpersTest.php" tests="24" assertions="41" errors="0" failures="0" skipped="0" time="0.090921">
        <testcase name="testHydeFunctionExists" file="/home/runner/work/develop/develop/packages/framework/tests/Feature/HelpersTest.php" line="22" class="Hyde\Framework\Testing\Feature\HelpersTest" classname="Hyde.Framework.Testing.Feature.HelpersTest" assertions="1" time="0.003749"/>
        <testcase name="testHydeFunctionReturnsHydeKernelClass" file="/home/runner/work/develop/develop/packages/framework/tests/Feature/HelpersTest.php" line="28" class="Hyde\Framework\Testing\Feature\HelpersTest" classname="Hyde.Framework.Testing.Feature.HelpersTest" assertions="1" time="0.003318"/>
        <testcase name="testCanCallMethodsOnReturnedHydeClass" file="/home/runner/work/develop/develop/packages/framework/tests/Feature/HelpersTest.php" line="34" class="Hyde\Framework\Testing\Feature\HelpersTest" classname="Hyde.Framework.Testing.Feature.HelpersTest" assertions="1" time="0.003439"/>
        <testcase name="testUnslashFunctionExists" file="/home/runner/work/develop/develop/packages/framework/tests/Feature/HelpersTest.php" line="40" class="Hyde\Framework\Testing\Feature\HelpersTest" classname="Hyde.Framework.Testing.Feature.HelpersTest" assertions="1" time="0.003571"/>
        <testcase name="testUnslashFunctionTrimsTrailingSlashes" file="/home/runner/work/develop/develop/packages/framework/tests/Feature/HelpersTest.php" line="46" class="Hyde\Framework\Testing\Feature\HelpersTest" classname="Hyde.Framework.Testing.Feature.HelpersTest" assertions="14" time="0.004444"/>
        <testcase name="testHydeFunctionExistsInHydeNamespace" file="/home/runner/work/develop/develop/packages/framework/tests/Feature/HelpersTest.php" line="68" class="Hyde\Framework\Testing\Feature\HelpersTest" classname="Hyde.Framework.Testing.Feature.HelpersTest" assertions="1" time="0.003207"/>
        <testcase name="testNamespacedHydeFunction" file="/home/runner/work/develop/develop/packages/framework/tests/Feature/HelpersTest.php" line="74" class="Hyde\Framework\Testing\Feature\HelpersTest" classname="Hyde.Framework.Testing.Feature.HelpersTest" assertions="1" time="0.003303"/>
        <testcase name="testUnslashFunctionExistsInHydeNamespace" file="/home/runner/work/develop/develop/packages/framework/tests/Feature/HelpersTest.php" line="80" class="Hyde\Framework\Testing\Feature\HelpersTest" classname="Hyde.Framework.Testing.Feature.HelpersTest" assertions="1" time="0.003310"/>
        <testcase name="testNamespacedUnslashFunction" file="/home/runner/work/develop/develop/packages/framework/tests/Feature/HelpersTest.php" line="86" class="Hyde\Framework\Testing\Feature\HelpersTest" classname="Hyde.Framework.Testing.Feature.HelpersTest" assertions="1" time="0.003286"/>
        <testcase name="testUnixsumFunction" file="/home/runner/work/develop/develop/packages/framework/tests/Feature/HelpersTest.php" line="92" class="Hyde\Framework\Testing\Feature\HelpersTest" classname="Hyde.Framework.Testing.Feature.HelpersTest" assertions="2" time="0.003431"/>
        <testcase name="testUnixsumFileFunction" file="/home/runner/work/develop/develop/packages/framework/tests/Feature/HelpersTest.php" line="99" class="Hyde\Framework\Testing\Feature\HelpersTest" classname="Hyde.Framework.Testing.Feature.HelpersTest" assertions="2" time="0.004785"/>
        <testcase name="testHydeMakeTitleFunction" file="/home/runner/work/develop/develop/packages/framework/tests/Feature/HelpersTest.php" line="109" class="Hyde\Framework\Testing\Feature\HelpersTest" classname="Hyde.Framework.Testing.Feature.HelpersTest" assertions="1" time="0.004191"/>
        <testcase name="testHydeNormalizeNewlinesFunction" file="/home/runner/work/develop/develop/packages/framework/tests/Feature/HelpersTest.php" line="115" class="Hyde\Framework\Testing\Feature\HelpersTest" classname="Hyde.Framework.Testing.Feature.HelpersTest" assertions="1" time="0.004246"/>
        <testcase name="testHydeStripNewlinesFunction" file="/home/runner/work/develop/develop/packages/framework/tests/Feature/HelpersTest.php" line="121" class="Hyde\Framework\Testing\Feature\HelpersTest" classname="Hyde.Framework.Testing.Feature.HelpersTest" assertions="1" time="0.004448"/>
        <testcase name="testHydeTrimSlashesFunction" file="/home/runner/work/develop/develop/packages/framework/tests/Feature/HelpersTest.php" line="127" class="Hyde\Framework\Testing\Feature\HelpersTest" classname="Hyde.Framework.Testing.Feature.HelpersTest" assertions="1" time="0.004522"/>
        <testcase name="testHydeEvaluateArrayableFunction" file="/home/runner/work/develop/develop/packages/framework/tests/Feature/HelpersTest.php" line="133" class="Hyde\Framework\Testing\Feature\HelpersTest" classname="Hyde.Framework.Testing.Feature.HelpersTest" assertions="2" time="0.004423"/>
        <testcase name="testHydeYamlEncodeFunction" file="/home/runner/work/develop/develop/packages/framework/tests/Feature/HelpersTest.php" line="140" class="Hyde\Framework\Testing\Feature\HelpersTest" classname="Hyde.Framework.Testing.Feature.HelpersTest" assertions="1" time="0.004280"/>
        <testcase name="testHydeYamlEncodeFunctionEncodesArrayables" file="/home/runner/work/develop/develop/packages/framework/tests/Feature/HelpersTest.php" line="146" class="Hyde\Framework\Testing\Feature\HelpersTest" classname="Hyde.Framework.Testing.Feature.HelpersTest" assertions="1" time="0.003438"/>
        <testcase name="testHydeYamlEncodeFunctionAcceptsParameters" file="/home/runner/work/develop/develop/packages/framework/tests/Feature/HelpersTest.php" line="152" class="Hyde\Framework\Testing\Feature\HelpersTest" classname="Hyde.Framework.Testing.Feature.HelpersTest" assertions="1" time="0.003347"/>
        <testcase name="testHydeYamlDecodeFunction" file="/home/runner/work/develop/develop/packages/framework/tests/Feature/HelpersTest.php" line="161" class="Hyde\Framework\Testing\Feature\HelpersTest" classname="Hyde.Framework.Testing.Feature.HelpersTest" assertions="1" time="0.003444"/>
        <testcase name="testHydeYamlDecodeFunctionAcceptsParameters" file="/home/runner/work/develop/develop/packages/framework/tests/Feature/HelpersTest.php" line="167" class="Hyde\Framework\Testing\Feature\HelpersTest" classname="Hyde.Framework.Testing.Feature.HelpersTest" assertions="1" time="0.003780"/>
        <testcase name="testHydePathJoinFunction" file="/home/runner/work/develop/develop/packages/framework/tests/Feature/HelpersTest.php" line="176" class="Hyde\Framework\Testing\Feature\HelpersTest" classname="Hyde.Framework.Testing.Feature.HelpersTest" assertions="1" time="0.003866"/>
        <testcase name="testHydePathJoinFunctionWithMultiplePaths" file="/home/runner/work/develop/develop/packages/framework/tests/Feature/HelpersTest.php" line="182" class="Hyde\Framework\Testing\Feature\HelpersTest" classname="Hyde.Framework.Testing.Feature.HelpersTest" assertions="1" time="0.003661"/>
        <testcase name="testHydeNormalizeSlashesFunction" file="/home/runner/work/develop/develop/packages/framework/tests/Feature/HelpersTest.php" line="188" class="Hyde\Framework\Testing\Feature\HelpersTest" classname="Hyde.Framework.Testing.Feature.HelpersTest" assertions="2" time="0.003431"/>
      </testsuite>
      <testsuite name="Hyde\Framework\Testing\Feature\HydeCoreExtensionTest" file="/home/runner/work/develop/develop/packages/framework/tests/Feature/HydeCoreExtensionTest.php" tests="4" assertions="4" errors="0" failures="0" skipped="0" time="0.007020">
        <testcase name="testClassExtendsExtensionClass" file="/home/runner/work/develop/develop/packages/framework/tests/Feature/HydeCoreExtensionTest.php" line="28" class="Hyde\Framework\Testing\Feature\HydeCoreExtensionTest" classname="Hyde.Framework.Testing.Feature.HydeCoreExtensionTest" assertions="1" time="0.001746"/>
        <testcase name="testClassIsRegistered" file="/home/runner/work/develop/develop/packages/framework/tests/Feature/HydeCoreExtensionTest.php" line="33" class="Hyde\Framework\Testing\Feature\HydeCoreExtensionTest" classname="Hyde.Framework.Testing.Feature.HydeCoreExtensionTest" assertions="1" time="0.001583"/>
        <testcase name="testGetPageClasses" file="/home/runner/work/develop/develop/packages/framework/tests/Feature/HydeCoreExtensionTest.php" line="38" class="Hyde\Framework\Testing\Feature\HydeCoreExtensionTest" classname="Hyde.Framework.Testing.Feature.HydeCoreExtensionTest" assertions="1" time="0.001805"/>
        <testcase name="testGetPageClassesDoesNotIncludeClassesForDisabledFeatures" file="/home/runner/work/develop/develop/packages/framework/tests/Feature/HydeCoreExtensionTest.php" line="49" class="Hyde\Framework\Testing\Feature\HydeCoreExtensionTest" classname="Hyde.Framework.Testing.Feature.HydeCoreExtensionTest" assertions="1" time="0.001886"/>
      </testsuite>
      <testsuite name="Hyde\Framework\Testing\Feature\HydeExtensionFeatureTest" file="/home/runner/work/develop/develop/packages/framework/tests/Feature/HydeExtensionFeatureTest.php" tests="9" assertions="15" errors="0" failures="0" skipped="0" time="0.083131">
        <testcase name="testHandlerMethodsAreCalledByDiscovery" file="/home/runner/work/develop/develop/packages/framework/tests/Feature/HydeExtensionFeatureTest.php" line="46" class="Hyde\Framework\Testing\Feature\HydeExtensionFeatureTest" classname="Hyde.Framework.Testing.Feature.HydeExtensionFeatureTest" assertions="2" time="0.008354"/>
        <testcase name="testFileHandlerDependencyInjection" file="/home/runner/work/develop/develop/packages/framework/tests/Feature/HydeExtensionFeatureTest.php" line="59" class="Hyde\Framework\Testing\Feature\HydeExtensionFeatureTest" classname="Hyde.Framework.Testing.Feature.HydeExtensionFeatureTest" assertions="1" time="0.008220"/>
        <testcase name="testPageHandlerDependencyInjection" file="/home/runner/work/develop/develop/packages/framework/tests/Feature/HydeExtensionFeatureTest.php" line="67" class="Hyde\Framework\Testing\Feature\HydeExtensionFeatureTest" classname="Hyde.Framework.Testing.Feature.HydeExtensionFeatureTest" assertions="1" time="0.008481"/>
        <testcase name="testRouteHandlerDependencyInjection" file="/home/runner/work/develop/develop/packages/framework/tests/Feature/HydeExtensionFeatureTest.php" line="75" class="Hyde\Framework\Testing\Feature\HydeExtensionFeatureTest" classname="Hyde.Framework.Testing.Feature.HydeExtensionFeatureTest" assertions="1" time="0.008129"/>
        <testcase name="testRegisterExtensionMethodThrowsExceptionWhenKernelIsAlreadyBooted" file="/home/runner/work/develop/develop/packages/framework/tests/Feature/HydeExtensionFeatureTest.php" line="83" class="Hyde\Framework\Testing\Feature\HydeExtensionFeatureTest" classname="Hyde.Framework.Testing.Feature.HydeExtensionFeatureTest" assertions="2" time="0.008201"/>
        <testcase name="testRegisterExtensionMethodOnlyAcceptsInstancesOfHydeExtension" file="/home/runner/work/develop/develop/packages/framework/tests/Feature/HydeExtensionFeatureTest.php" line="92" class="Hyde\Framework\Testing\Feature\HydeExtensionFeatureTest" classname="Hyde.Framework.Testing.Feature.HydeExtensionFeatureTest" assertions="2" time="0.003900"/>
        <testcase name="testCustomRegisteredPagesAreDiscoveredByTheFileCollectionClass" file="/home/runner/work/develop/develop/packages/framework/tests/Feature/HydeExtensionFeatureTest.php" line="100" class="Hyde\Framework\Testing\Feature\HydeExtensionFeatureTest" classname="Hyde.Framework.Testing.Feature.HydeExtensionFeatureTest" assertions="2" time="0.011710"/>
        <testcase name="testCustomRegisteredPagesAreDiscoveredByThePageCollectionClass" file="/home/runner/work/develop/develop/packages/framework/tests/Feature/HydeExtensionFeatureTest.php" line="112" class="Hyde\Framework\Testing\Feature\HydeExtensionFeatureTest" classname="Hyde.Framework.Testing.Feature.HydeExtensionFeatureTest" assertions="2" time="0.014378"/>
        <testcase name="testCustomRegisteredPagesAreDiscoveredByTheRouteCollectionClass" file="/home/runner/work/develop/develop/packages/framework/tests/Feature/HydeExtensionFeatureTest.php" line="124" class="Hyde\Framework\Testing\Feature\HydeExtensionFeatureTest" classname="Hyde.Framework.Testing.Feature.HydeExtensionFeatureTest" assertions="2" time="0.011757"/>
      </testsuite>
      <testsuite name="Hyde\Framework\Testing\Feature\HydeKernelTest" file="/home/runner/work/develop/develop/packages/framework/tests/Feature/HydeKernelTest.php" tests="67" assertions="116" errors="0" failures="0" skipped="2" time="0.338505">
        <testcase name="testKernelSingletonCanBeAccessedByServiceContainer" file="/home/runner/work/develop/develop/packages/framework/tests/Feature/HydeKernelTest.php" line="40" class="Hyde\Framework\Testing\Feature\HydeKernelTest" classname="Hyde.Framework.Testing.Feature.HydeKernelTest" assertions="1" time="0.005102"/>
        <testcase name="testKernelSingletonCanBeAccessedByKernelStaticMethod" file="/home/runner/work/develop/develop/packages/framework/tests/Feature/HydeKernelTest.php" line="45" class="Hyde\Framework\Testing\Feature\HydeKernelTest" classname="Hyde.Framework.Testing.Feature.HydeKernelTest" assertions="1" time="0.004535"/>
        <testcase name="testKernelSingletonCanBeAccessedByHydeFacadeMethod" file="/home/runner/work/develop/develop/packages/framework/tests/Feature/HydeKernelTest.php" line="50" class="Hyde\Framework\Testing\Feature\HydeKernelTest" classname="Hyde.Framework.Testing.Feature.HydeKernelTest" assertions="1" time="0.004344"/>
        <testcase name="testKernelSingletonCanBeAccessedByHelperFunction" file="/home/runner/work/develop/develop/packages/framework/tests/Feature/HydeKernelTest.php" line="55" class="Hyde\Framework\Testing\Feature\HydeKernelTest" classname="Hyde.Framework.Testing.Feature.HydeKernelTest" assertions="1" time="0.004150"/>
        <testcase name="testHydeFacadeVersionMethodReturnsKernelVersion" file="/home/runner/work/develop/develop/packages/framework/tests/Feature/HydeKernelTest.php" line="60" class="Hyde\Framework\Testing\Feature\HydeKernelTest" classname="Hyde.Framework.Testing.Feature.HydeKernelTest" assertions="1" time="0.004129"/>
        <testcase name="testHydeFacadeGetFacadeRootMethodReturnsKernelSingleton" file="/home/runner/work/develop/develop/packages/framework/tests/Feature/HydeKernelTest.php" line="65" class="Hyde\Framework\Testing\Feature\HydeKernelTest" classname="Hyde.Framework.Testing.Feature.HydeKernelTest" assertions="3" time="0.003920"/>
        <testcase name="testFeaturesHelperReturnsNewFeaturesInstance" file="/home/runner/work/develop/develop/packages/framework/tests/Feature/HydeKernelTest.php" line="72" class="Hyde\Framework\Testing\Feature\HydeKernelTest" classname="Hyde.Framework.Testing.Feature.HydeKernelTest" assertions="1" time="0.003662"/>
        <testcase name="testHasFeatureHelperCallsMethodOnFeaturesClass" file="/home/runner/work/develop/develop/packages/framework/tests/Feature/HydeKernelTest.php" line="77" class="Hyde\Framework\Testing\Feature\HydeKernelTest" classname="Hyde.Framework.Testing.Feature.HydeKernelTest" assertions="1" time="0.003800"/>
        <testcase name="testCurrentPageHelperReturnsCurrentPageName" file="/home/runner/work/develop/develop/packages/framework/tests/Feature/HydeKernelTest.php" line="82" class="Hyde\Framework\Testing\Feature\HydeKernelTest" classname="Hyde.Framework.Testing.Feature.HydeKernelTest" assertions="1" time="0.004785"/>
        <testcase name="testCurrentRouteHelperReturnsCurrentRouteObject" file="/home/runner/work/develop/develop/packages/framework/tests/Feature/HydeKernelTest.php" line="88" class="Hyde\Framework\Testing\Feature\HydeKernelTest" classname="Hyde.Framework.Testing.Feature.HydeKernelTest" assertions="2" time="0.005429"/>
        <testcase name="testCurrentPageHelperReturnsCurrentPageObject" file="/home/runner/work/develop/develop/packages/framework/tests/Feature/HydeKernelTest.php" line="96" class="Hyde\Framework\Testing\Feature\HydeKernelTest" classname="Hyde.Framework.Testing.Feature.HydeKernelTest" assertions="2" time="0.005140"/>
        <testcase name="testMakeTitleHelperReturnsTitleFromPageSlug" file="/home/runner/work/develop/develop/packages/framework/tests/Feature/HydeKernelTest.php" line="104" class="Hyde\Framework\Testing\Feature\HydeKernelTest" classname="Hyde.Framework.Testing.Feature.HydeKernelTest" assertions="1" time="0.003600"/>
        <testcase name="testNormalizeNewlinesReplacesCarriageReturnsWithUnixEndings" file="/home/runner/work/develop/develop/packages/framework/tests/Feature/HydeKernelTest.php" line="109" class="Hyde\Framework\Testing\Feature\HydeKernelTest" classname="Hyde.Framework.Testing.Feature.HydeKernelTest" assertions="1" time="0.003521"/>
        <testcase name="testStripNewlinesHelperRemovesAllNewlines" file="/home/runner/work/develop/develop/packages/framework/tests/Feature/HydeKernelTest.php" line="114" class="Hyde\Framework\Testing\Feature\HydeKernelTest" classname="Hyde.Framework.Testing.Feature.HydeKernelTest" assertions="1" time="0.003411"/>
        <testcase name="testTrimSlashesFunctionTrimsTrailingSlashes" file="/home/runner/work/develop/develop/packages/framework/tests/Feature/HydeKernelTest.php" line="119" class="Hyde\Framework\Testing\Feature\HydeKernelTest" classname="Hyde.Framework.Testing.Feature.HydeKernelTest" assertions="14" time="0.004668"/>
        <testcase name="testMarkdownHelperConvertsMarkdownToHtml" file="/home/runner/work/develop/develop/packages/framework/tests/Feature/HydeKernelTest.php" line="140" class="Hyde\Framework\Testing\Feature\HydeKernelTest" classname="Hyde.Framework.Testing.Feature.HydeKernelTest" assertions="1" time="0.005247"/>
        <testcase name="testMarkdownHelperConvertsIndentedMarkdownToHtml" file="/home/runner/work/develop/develop/packages/framework/tests/Feature/HydeKernelTest.php" line="145" class="Hyde\Framework\Testing\Feature\HydeKernelTest" classname="Hyde.Framework.Testing.Feature.HydeKernelTest" assertions="1" time="0.005671"/>
        <testcase name="testFormatHtmlPathHelperFormatsPathAccordingToConfigRules" file="/home/runner/work/develop/develop/packages/framework/tests/Feature/HydeKernelTest.php" line="150" class="Hyde\Framework\Testing\Feature\HydeKernelTest" classname="Hyde.Framework.Testing.Feature.HydeKernelTest" assertions="4" time="0.004513"/>
        <testcase name="testRelativeLinkHelperReturnsRelativeLinkToDestination" file="/home/runner/work/develop/develop/packages/framework/tests/Feature/HydeKernelTest.php" line="161" class="Hyde\Framework\Testing\Feature\HydeKernelTest" classname="Hyde.Framework.Testing.Feature.HydeKernelTest" assertions="2" time="0.004709"/>
        <testcase name="testMediaLinkHelperReturnsRelativeLinkToDestination" file="/home/runner/work/develop/develop/packages/framework/tests/Feature/HydeKernelTest.php" line="170" class="Hyde\Framework\Testing\Feature\HydeKernelTest" classname="Hyde.Framework.Testing.Feature.HydeKernelTest" assertions="2" time="0.004509"/>
        <testcase name="testImageHelperReturnsImagePathForGivenName" file="/home/runner/work/develop/develop/packages/framework/tests/Feature/HydeKernelTest.php" line="179" class="Hyde\Framework\Testing\Feature\HydeKernelTest" classname="Hyde.Framework.Testing.Feature.HydeKernelTest" assertions="4" time="0.005001"/>
        <testcase name="testImageHelperTrimsMediaPrefix" file="/home/runner/work/develop/develop/packages/framework/tests/Feature/HydeKernelTest.php" line="190" class="Hyde\Framework\Testing\Feature\HydeKernelTest" classname="Hyde.Framework.Testing.Feature.HydeKernelTest" assertions="1" time="0.004361"/>
        <testcase name="testImageHelperSupportsCustomMediaDirectories" file="/home/runner/work/develop/develop/packages/framework/tests/Feature/HydeKernelTest.php" line="195" class="Hyde\Framework\Testing\Feature\HydeKernelTest" classname="Hyde.Framework.Testing.Feature.HydeKernelTest" assertions="1" time="0.004447"/>
        <testcase name="testRouteHelper" file="/home/runner/work/develop/develop/packages/framework/tests/Feature/HydeKernelTest.php" line="201" class="Hyde\Framework\Testing\Feature\HydeKernelTest" classname="Hyde.Framework.Testing.Feature.HydeKernelTest" assertions="2" time="0.008433"/>
        <testcase name="testRouteHelperWithInvalidRoute" file="/home/runner/work/develop/develop/packages/framework/tests/Feature/HydeKernelTest.php" line="207" class="Hyde\Framework\Testing\Feature\HydeKernelTest" classname="Hyde.Framework.Testing.Feature.HydeKernelTest" assertions="1" time="0.007583"/>
        <testcase name="testHasSiteUrlHelperReturnsBooleanValueForWhenConfigSettingIsSet" file="/home/runner/work/develop/develop/packages/framework/tests/Feature/HydeKernelTest.php" line="212" class="Hyde\Framework\Testing\Feature\HydeKernelTest" classname="Hyde.Framework.Testing.Feature.HydeKernelTest" assertions="2" time="0.003729"/>
        <testcase name="testUrlReturnsQualifiedUrlPaths" file="/home/runner/work/develop/develop/packages/framework/tests/Feature/HydeKernelTest.php" line="221" class="Hyde\Framework\Testing\Feature\HydeKernelTest" classname="Hyde.Framework.Testing.Feature.HydeKernelTest" assertions="6" time="0.004821"/>
        <testcase name="testFilesystemHelperReturnsTheKernelFilesystemInstance" file="/home/runner/work/develop/develop/packages/framework/tests/Feature/HydeKernelTest.php" line="236" class="Hyde\Framework\Testing\Feature\HydeKernelTest" classname="Hyde.Framework.Testing.Feature.HydeKernelTest" assertions="1" time="0.003864"/>
        <testcase name="testPathReturnsQualifiedPathForGivenPath" file="/home/runner/work/develop/develop/packages/framework/tests/Feature/HydeKernelTest.php" line="241" class="Hyde\Framework\Testing\Feature\HydeKernelTest" classname="Hyde.Framework.Testing.Feature.HydeKernelTest" assertions="2" time="0.003834"/>
        <testcase name="testVendorPathReturnsQualifiedPathForGivenPath" file="/home/runner/work/develop/develop/packages/framework/tests/Feature/HydeKernelTest.php" line="247" class="Hyde\Framework\Testing\Feature\HydeKernelTest" classname="Hyde.Framework.Testing.Feature.HydeKernelTest" assertions="2" time="0.003976"/>
        <testcase name="testFluentModelSourcePathHelpers" file="/home/runner/work/develop/develop/packages/framework/tests/Feature/HydeKernelTest.php" line="253" class="Hyde\Framework\Testing\Feature\HydeKernelTest" classname="Hyde.Framework.Testing.Feature.HydeKernelTest" assertions="11" time="0.005242"/>
        <testcase name="testPathToRelativeHelperReturnsRelativePathForGivenPath" file="/home/runner/work/develop/develop/packages/framework/tests/Feature/HydeKernelTest.php" line="269" class="Hyde\Framework\Testing\Feature\HydeKernelTest" classname="Hyde.Framework.Testing.Feature.HydeKernelTest" assertions="1" time="0.003750"/>
        <testcase name="testToArrayMethod" file="/home/runner/work/develop/develop/packages/framework/tests/Feature/HydeKernelTest.php" line="274" class="Hyde\Framework\Testing\Feature\HydeKernelTest" classname="Hyde.Framework.Testing.Feature.HydeKernelTest" assertions="1" time="0.008098"/>
        <testcase name="testJsonSerializeMethod" file="/home/runner/work/develop/develop/packages/framework/tests/Feature/HydeKernelTest.php" line="290" class="Hyde\Framework\Testing\Feature\HydeKernelTest" classname="Hyde.Framework.Testing.Feature.HydeKernelTest" assertions="1" time="0.009160"/>
        <testcase name="testToJsonMethod" file="/home/runner/work/develop/develop/packages/framework/tests/Feature/HydeKernelTest.php" line="295" class="Hyde\Framework\Testing\Feature\HydeKernelTest" classname="Hyde.Framework.Testing.Feature.HydeKernelTest" assertions="1" time="0.009151"/>
        <testcase name="testVersionConstantIsAValidSemverString" file="/home/runner/work/develop/develop/packages/framework/tests/Feature/HydeKernelTest.php" line="300" class="Hyde\Framework\Testing\Feature\HydeKernelTest" classname="Hyde.Framework.Testing.Feature.HydeKernelTest" assertions="1" time="0.003692"/>
        <testcase name="testVersionConstantIsUpToDateWithComposer" file="/home/runner/work/develop/develop/packages/framework/tests/Feature/HydeKernelTest.php" line="309" class="Hyde\Framework\Testing\Feature\HydeKernelTest" classname="Hyde.Framework.Testing.Feature.HydeKernelTest" assertions="0" time="0.006250">
          <skipped/>
        </testcase>
        <testcase name="testVersionConstantIsUpToDateWithGit" file="/home/runner/work/develop/develop/packages/framework/tests/Feature/HydeKernelTest.php" line="320" class="Hyde\Framework\Testing\Feature\HydeKernelTest" classname="Hyde.Framework.Testing.Feature.HydeKernelTest" assertions="0" time="0.006133">
          <skipped/>
        </testcase>
        <testcase name="testVersionMethodReturnsVersionConstant" file="/home/runner/work/develop/develop/packages/framework/tests/Feature/HydeKernelTest.php" line="335" class="Hyde\Framework\Testing\Feature\HydeKernelTest" classname="Hyde.Framework.Testing.Feature.HydeKernelTest" assertions="1" time="0.003901"/>
        <testcase name="testCanGetSourceRoot" file="/home/runner/work/develop/develop/packages/framework/tests/Feature/HydeKernelTest.php" line="340" class="Hyde\Framework\Testing\Feature\HydeKernelTest" classname="Hyde.Framework.Testing.Feature.HydeKernelTest" assertions="1" time="0.003591"/>
        <testcase name="testCanSetSourceRoot" file="/home/runner/work/develop/develop/packages/framework/tests/Feature/HydeKernelTest.php" line="345" class="Hyde\Framework\Testing\Feature\HydeKernelTest" classname="Hyde.Framework.Testing.Feature.HydeKernelTest" assertions="1" time="0.003596"/>
        <testcase name="testCanSetSourceRootToAbsoluteProjectPath" file="/home/runner/work/develop/develop/packages/framework/tests/Feature/HydeKernelTest.php" line="351" class="Hyde\Framework\Testing\Feature\HydeKernelTest" classname="Hyde.Framework.Testing.Feature.HydeKernelTest" assertions="1" time="0.003611"/>
        <testcase name="testSetSourceRootTrimsTrailingSlashes" file="/home/runner/work/develop/develop/packages/framework/tests/Feature/HydeKernelTest.php" line="357" class="Hyde\Framework\Testing\Feature\HydeKernelTest" classname="Hyde.Framework.Testing.Feature.HydeKernelTest" assertions="1" time="0.003963"/>
        <testcase name="testCanGetOutputDirectory" file="/home/runner/work/develop/develop/packages/framework/tests/Feature/HydeKernelTest.php" line="363" class="Hyde\Framework\Testing\Feature\HydeKernelTest" classname="Hyde.Framework.Testing.Feature.HydeKernelTest" assertions="1" time="0.003614"/>
        <testcase name="testCanSetOutputDirectory" file="/home/runner/work/develop/develop/packages/framework/tests/Feature/HydeKernelTest.php" line="368" class="Hyde\Framework\Testing\Feature\HydeKernelTest" classname="Hyde.Framework.Testing.Feature.HydeKernelTest" assertions="2" time="0.003778"/>
        <testcase name="testCanSetOutputDirectoryToAbsoluteProjectPath" file="/home/runner/work/develop/develop/packages/framework/tests/Feature/HydeKernelTest.php" line="375" class="Hyde\Framework\Testing\Feature\HydeKernelTest" classname="Hyde.Framework.Testing.Feature.HydeKernelTest" assertions="2" time="0.004067"/>
        <testcase name="testSetOutputDirectoryTrimsTrailingSlashes" file="/home/runner/work/develop/develop/packages/framework/tests/Feature/HydeKernelTest.php" line="382" class="Hyde\Framework\Testing\Feature\HydeKernelTest" classname="Hyde.Framework.Testing.Feature.HydeKernelTest" assertions="1" time="0.003919"/>
        <testcase name="testCanGetMediaDirectory" file="/home/runner/work/develop/develop/packages/framework/tests/Feature/HydeKernelTest.php" line="388" class="Hyde\Framework\Testing\Feature\HydeKernelTest" classname="Hyde.Framework.Testing.Feature.HydeKernelTest" assertions="1" time="0.003876"/>
        <testcase name="testCanSetMediaDirectory" file="/home/runner/work/develop/develop/packages/framework/tests/Feature/HydeKernelTest.php" line="393" class="Hyde\Framework\Testing\Feature\HydeKernelTest" classname="Hyde.Framework.Testing.Feature.HydeKernelTest" assertions="1" time="0.003813"/>
        <testcase name="testSetMediaDirectoryTrimsTrailingSlashes" file="/home/runner/work/develop/develop/packages/framework/tests/Feature/HydeKernelTest.php" line="399" class="Hyde\Framework\Testing\Feature\HydeKernelTest" classname="Hyde.Framework.Testing.Feature.HydeKernelTest" assertions="1" time="0.003957"/>
        <testcase name="testCanGetMediaOutputDirectoryName" file="/home/runner/work/develop/develop/packages/framework/tests/Feature/HydeKernelTest.php" line="405" class="Hyde\Framework\Testing\Feature\HydeKernelTest" classname="Hyde.Framework.Testing.Feature.HydeKernelTest" assertions="1" time="0.003610"/>
        <testcase name="testGetMediaOutputDirectoryNameUsesTrimmedVersionOfMediaSourceDirectory" file="/home/runner/work/develop/develop/packages/framework/tests/Feature/HydeKernelTest.php" line="410" class="Hyde\Framework\Testing\Feature\HydeKernelTest" classname="Hyde.Framework.Testing.Feature.HydeKernelTest" assertions="1" time="0.003599"/>
        <testcase name="testCanGetSiteMediaOutputDirectory" file="/home/runner/work/develop/develop/packages/framework/tests/Feature/HydeKernelTest.php" line="416" class="Hyde\Framework\Testing\Feature\HydeKernelTest" classname="Hyde.Framework.Testing.Feature.HydeKernelTest" assertions="1" time="0.003594"/>
        <testcase name="testGetSiteMediaOutputDirectoryUsesTrimmedVersionOfMediaSourceDirectory" file="/home/runner/work/develop/develop/packages/framework/tests/Feature/HydeKernelTest.php" line="421" class="Hyde\Framework\Testing\Feature\HydeKernelTest" classname="Hyde.Framework.Testing.Feature.HydeKernelTest" assertions="1" time="0.003729"/>
        <testcase name="testGetSiteMediaOutputDirectoryUsesConfiguredSiteOutputDirectory" file="/home/runner/work/develop/develop/packages/framework/tests/Feature/HydeKernelTest.php" line="427" class="Hyde\Framework\Testing\Feature\HydeKernelTest" classname="Hyde.Framework.Testing.Feature.HydeKernelTest" assertions="1" time="0.004123"/>
        <testcase name="testMediaOutputDirectoryCanBeChangedInConfiguration" file="/home/runner/work/develop/develop/packages/framework/tests/Feature/HydeKernelTest.php" line="434" class="Hyde\Framework\Testing\Feature\HydeKernelTest" classname="Hyde.Framework.Testing.Feature.HydeKernelTest" assertions="2" time="0.004561"/>
        <testcase name="testCanAccessKernelFluentlyUsingTheFacade" file="/home/runner/work/develop/develop/packages/framework/tests/Feature/HydeKernelTest.php" line="444" class="Hyde\Framework\Testing\Feature\HydeKernelTest" classname="Hyde.Framework.Testing.Feature.HydeKernelTest" assertions="3" time="0.003748"/>
        <testcase name="testCanRegisterBootingCallbackClosure" file="/home/runner/work/develop/develop/packages/framework/tests/Feature/HydeKernelTest.php" line="451" class="Hyde\Framework\Testing\Feature\HydeKernelTest" classname="Hyde.Framework.Testing.Feature.HydeKernelTest" assertions="1" time="0.007702"/>
        <testcase name="testCanRegisterBootedCallbackClosure" file="/home/runner/work/develop/develop/packages/framework/tests/Feature/HydeKernelTest.php" line="462" class="Hyde\Framework\Testing\Feature\HydeKernelTest" classname="Hyde.Framework.Testing.Feature.HydeKernelTest" assertions="1" time="0.007788"/>
        <testcase name="testCanRegisterBootingCallbackCallable" file="/home/runner/work/develop/develop/packages/framework/tests/Feature/HydeKernelTest.php" line="473" class="Hyde\Framework\Testing\Feature\HydeKernelTest" classname="Hyde.Framework.Testing.Feature.HydeKernelTest" assertions="1" time="0.008008"/>
        <testcase name="testCanRegisterBootedCallbackCallable" file="/home/runner/work/develop/develop/packages/framework/tests/Feature/HydeKernelTest.php" line="482" class="Hyde\Framework\Testing\Feature\HydeKernelTest" classname="Hyde.Framework.Testing.Feature.HydeKernelTest" assertions="1" time="0.007795"/>
        <testcase name="testBootingCallbackReceivesKernelInstance" file="/home/runner/work/develop/develop/packages/framework/tests/Feature/HydeKernelTest.php" line="491" class="Hyde\Framework\Testing\Feature\HydeKernelTest" classname="Hyde.Framework.Testing.Feature.HydeKernelTest" assertions="1" time="0.007928"/>
        <testcase name="testBootedCallbackReceivesKernelInstance" file="/home/runner/work/develop/develop/packages/framework/tests/Feature/HydeKernelTest.php" line="502" class="Hyde\Framework\Testing\Feature\HydeKernelTest" classname="Hyde.Framework.Testing.Feature.HydeKernelTest" assertions="1" time="0.007889"/>
        <testcase name="testCanUseBootingCallbacksToInjectCustomPages" file="/home/runner/work/develop/develop/packages/framework/tests/Feature/HydeKernelTest.php" line="513" class="Hyde\Framework\Testing\Feature\HydeKernelTest" classname="Hyde.Framework.Testing.Feature.HydeKernelTest" assertions="2" time="0.008773"/>
        <testcase name="testIsBootedReturnsFalseWhenNotBooted" file="/home/runner/work/develop/develop/packages/framework/tests/Feature/HydeKernelTest.php" line="526" class="Hyde\Framework\Testing\Feature\HydeKernelTest" classname="Hyde.Framework.Testing.Feature.HydeKernelTest" assertions="1" time="0.003657"/>
        <testcase name="testIsBootedReturnsTrueWhenBooted" file="/home/runner/work/develop/develop/packages/framework/tests/Feature/HydeKernelTest.php" line="532" class="Hyde\Framework\Testing\Feature\HydeKernelTest" classname="Hyde.Framework.Testing.Feature.HydeKernelTest" assertions="1" time="0.007724"/>
        <testcase name="testIsBootedMethodOnTheFacade" file="/home/runner/work/develop/develop/packages/framework/tests/Feature/HydeKernelTest.php" line="539" class="Hyde\Framework\Testing\Feature\HydeKernelTest" classname="Hyde.Framework.Testing.Feature.HydeKernelTest" assertions="2" time="0.008220"/>
      </testsuite>
      <testsuite name="Hyde\Framework\Testing\Feature\HydePageTest" file="/home/runner/work/develop/develop/packages/framework/tests/Feature/HydePageTest.php" tests="154" assertions="242" errors="0" failures="0" skipped="0" time="0.885887">
        <testcase name="testBaseSourceDirectory" file="/home/runner/work/develop/develop/packages/framework/tests/Feature/HydePageTest.php" line="40" class="Hyde\Framework\Testing\Feature\HydePageTest" classname="Hyde.Framework.Testing.Feature.HydePageTest" assertions="1" time="0.004371"/>
        <testcase name="testBaseOutputDirectory" file="/home/runner/work/develop/develop/packages/framework/tests/Feature/HydePageTest.php" line="48" class="Hyde\Framework\Testing\Feature\HydePageTest" classname="Hyde.Framework.Testing.Feature.HydePageTest" assertions="1" time="0.003799"/>
        <testcase name="testBaseFileExtension" file="/home/runner/work/develop/develop/packages/framework/tests/Feature/HydePageTest.php" line="56" class="Hyde\Framework\Testing\Feature\HydePageTest" classname="Hyde.Framework.Testing.Feature.HydePageTest" assertions="1" time="0.003814"/>
        <testcase name="testBaseSourcePath" file="/home/runner/work/develop/develop/packages/framework/tests/Feature/HydePageTest.php" line="64" class="Hyde\Framework\Testing\Feature\HydePageTest" classname="Hyde.Framework.Testing.Feature.HydePageTest" assertions="1" time="0.003814"/>
        <testcase name="testBaseOutputPath" file="/home/runner/work/develop/develop/packages/framework/tests/Feature/HydePageTest.php" line="72" class="Hyde\Framework\Testing\Feature\HydePageTest" classname="Hyde.Framework.Testing.Feature.HydePageTest" assertions="1" time="0.003896"/>
        <testcase name="testBasePath" file="/home/runner/work/develop/develop/packages/framework/tests/Feature/HydePageTest.php" line="80" class="Hyde\Framework\Testing\Feature\HydePageTest" classname="Hyde.Framework.Testing.Feature.HydePageTest" assertions="1" time="0.003859"/>
        <testcase name="testBasePathToIdentifier" file="/home/runner/work/develop/develop/packages/framework/tests/Feature/HydePageTest.php" line="88" class="Hyde\Framework\Testing\Feature\HydePageTest" classname="Hyde.Framework.Testing.Feature.HydePageTest" assertions="1" time="0.003609"/>
        <testcase name="testBaseBaseRouteKey" file="/home/runner/work/develop/develop/packages/framework/tests/Feature/HydePageTest.php" line="96" class="Hyde\Framework\Testing\Feature\HydePageTest" classname="Hyde.Framework.Testing.Feature.HydePageTest" assertions="1" time="0.003551"/>
        <testcase name="testBaseIsDiscoverable" file="/home/runner/work/develop/develop/packages/framework/tests/Feature/HydePageTest.php" line="104" class="Hyde\Framework\Testing\Feature\HydePageTest" classname="Hyde.Framework.Testing.Feature.HydePageTest" assertions="1" time="0.003587"/>
        <testcase name="testSourceDirectory" file="/home/runner/work/develop/develop/packages/framework/tests/Feature/HydePageTest.php" line="111" class="Hyde\Framework\Testing\Feature\HydePageTest" classname="Hyde.Framework.Testing.Feature.HydePageTest" assertions="1" time="0.004487"/>
        <testcase name="testOutputDirectory" file="/home/runner/work/develop/develop/packages/framework/tests/Feature/HydePageTest.php" line="119" class="Hyde\Framework\Testing\Feature\HydePageTest" classname="Hyde.Framework.Testing.Feature.HydePageTest" assertions="1" time="0.003781"/>
        <testcase name="testFileExtension" file="/home/runner/work/develop/develop/packages/framework/tests/Feature/HydePageTest.php" line="127" class="Hyde\Framework\Testing\Feature\HydePageTest" classname="Hyde.Framework.Testing.Feature.HydePageTest" assertions="1" time="0.003607"/>
        <testcase name="testSourcePath" file="/home/runner/work/develop/develop/packages/framework/tests/Feature/HydePageTest.php" line="135" class="Hyde\Framework\Testing\Feature\HydePageTest" classname="Hyde.Framework.Testing.Feature.HydePageTest" assertions="1" time="0.003750"/>
        <testcase name="testOutputPath" file="/home/runner/work/develop/develop/packages/framework/tests/Feature/HydePageTest.php" line="143" class="Hyde\Framework\Testing\Feature\HydePageTest" classname="Hyde.Framework.Testing.Feature.HydePageTest" assertions="1" time="0.003795"/>
        <testcase name="testPath" file="/home/runner/work/develop/develop/packages/framework/tests/Feature/HydePageTest.php" line="151" class="Hyde\Framework\Testing\Feature\HydePageTest" classname="Hyde.Framework.Testing.Feature.HydePageTest" assertions="1" time="0.004020"/>
        <testcase name="testBaseRouteKey" file="/home/runner/work/develop/develop/packages/framework/tests/Feature/HydePageTest.php" line="159" class="Hyde\Framework\Testing\Feature\HydePageTest" classname="Hyde.Framework.Testing.Feature.HydePageTest" assertions="1" time="0.004026"/>
        <testcase name="testIsDiscoverable" file="/home/runner/work/develop/develop/packages/framework/tests/Feature/HydePageTest.php" line="167" class="Hyde\Framework\Testing\Feature\HydePageTest" classname="Hyde.Framework.Testing.Feature.HydePageTest" assertions="1" time="0.004052"/>
        <testcase name="testGetSourcePath" file="/home/runner/work/develop/develop/packages/framework/tests/Feature/HydePageTest.php" line="172" class="Hyde\Framework\Testing\Feature\HydePageTest" classname="Hyde.Framework.Testing.Feature.HydePageTest" assertions="1" time="0.005486"/>
        <testcase name="testGetOutputPath" file="/home/runner/work/develop/develop/packages/framework/tests/Feature/HydePageTest.php" line="180" class="Hyde\Framework\Testing\Feature\HydePageTest" classname="Hyde.Framework.Testing.Feature.HydePageTest" assertions="1" time="0.005491"/>
        <testcase name="testGetLink" file="/home/runner/work/develop/develop/packages/framework/tests/Feature/HydePageTest.php" line="188" class="Hyde\Framework\Testing\Feature\HydePageTest" classname="Hyde.Framework.Testing.Feature.HydePageTest" assertions="1" time="0.005578"/>
        <testcase name="testMake" file="/home/runner/work/develop/develop/packages/framework/tests/Feature/HydePageTest.php" line="196" class="Hyde\Framework\Testing\Feature\HydePageTest" classname="Hyde.Framework.Testing.Feature.HydePageTest" assertions="1" time="0.006488"/>
        <testcase name="testMakeWithData" file="/home/runner/work/develop/develop/packages/framework/tests/Feature/HydePageTest.php" line="201" class="Hyde\Framework\Testing\Feature\HydePageTest" classname="Hyde.Framework.Testing.Feature.HydePageTest" assertions="1" time="0.006777"/>
        <testcase name="testShowInNavigation" file="/home/runner/work/develop/develop/packages/framework/tests/Feature/HydePageTest.php" line="209" class="Hyde\Framework\Testing\Feature\HydePageTest" classname="Hyde.Framework.Testing.Feature.HydePageTest" assertions="5" time="0.007950"/>
        <testcase name="testNavigationMenuPriority" file="/home/runner/work/develop/develop/packages/framework/tests/Feature/HydePageTest.php" line="218" class="Hyde\Framework\Testing\Feature\HydePageTest" classname="Hyde.Framework.Testing.Feature.HydePageTest" assertions="5" time="0.007758"/>
        <testcase name="testNavigationMenuLabel" file="/home/runner/work/develop/develop/packages/framework/tests/Feature/HydePageTest.php" line="227" class="Hyde\Framework\Testing\Feature\HydePageTest" classname="Hyde.Framework.Testing.Feature.HydePageTest" assertions="5" time="0.008862"/>
        <testcase name="testNavigationMenuGroup" file="/home/runner/work/develop/develop/packages/framework/tests/Feature/HydePageTest.php" line="236" class="Hyde\Framework\Testing\Feature\HydePageTest" classname="Hyde.Framework.Testing.Feature.HydePageTest" assertions="6" time="0.008626"/>
        <testcase name="testToArray" file="/home/runner/work/develop/develop/packages/framework/tests/Feature/HydePageTest.php" line="246" class="Hyde\Framework\Testing\Feature\HydePageTest" classname="Hyde.Framework.Testing.Feature.HydePageTest" assertions="1" time="0.005889"/>
        <testcase name="testGetSourceDirectoryReturnsStaticProperty" file="/home/runner/work/develop/develop/packages/framework/tests/Feature/HydePageTest.php" line="263" class="Hyde\Framework\Testing\Feature\HydePageTest" classname="Hyde.Framework.Testing.Feature.HydePageTest" assertions="1" time="0.004505"/>
        <testcase name="testSetSourceDirectoryTrimsTrailingSlashes" file="/home/runner/work/develop/develop/packages/framework/tests/Feature/HydePageTest.php" line="270" class="Hyde\Framework\Testing\Feature\HydePageTest" classname="Hyde.Framework.Testing.Feature.HydePageTest" assertions="1" time="0.004201"/>
        <testcase name="testGetOutputDirectoryReturnsStaticProperty" file="/home/runner/work/develop/develop/packages/framework/tests/Feature/HydePageTest.php" line="277" class="Hyde\Framework\Testing\Feature\HydePageTest" classname="Hyde.Framework.Testing.Feature.HydePageTest" assertions="1" time="0.003966"/>
        <testcase name="testSetOutputDirectoryTrimsTrailingSlashes" file="/home/runner/work/develop/develop/packages/framework/tests/Feature/HydePageTest.php" line="284" class="Hyde\Framework\Testing\Feature\HydePageTest" classname="Hyde.Framework.Testing.Feature.HydePageTest" assertions="1" time="0.003882"/>
        <testcase name="testGetFileExtensionReturnsStaticProperty" file="/home/runner/work/develop/develop/packages/framework/tests/Feature/HydePageTest.php" line="291" class="Hyde\Framework\Testing\Feature\HydePageTest" classname="Hyde.Framework.Testing.Feature.HydePageTest" assertions="1" time="0.003687"/>
        <testcase name="testSetFileExtensionForcesLeadingPeriod" file="/home/runner/work/develop/develop/packages/framework/tests/Feature/HydePageTest.php" line="298" class="Hyde\Framework\Testing\Feature\HydePageTest" classname="Hyde.Framework.Testing.Feature.HydePageTest" assertions="1" time="0.004309"/>
        <testcase name="testSetFileExtensionRemovesTrailingPeriod" file="/home/runner/work/develop/develop/packages/framework/tests/Feature/HydePageTest.php" line="305" class="Hyde\Framework\Testing\Feature\HydePageTest" classname="Hyde.Framework.Testing.Feature.HydePageTest" assertions="1" time="0.003970"/>
        <testcase name="testGetIdentifierReturnsIdentifierProperty" file="/home/runner/work/develop/develop/packages/framework/tests/Feature/HydePageTest.php" line="312" class="Hyde\Framework\Testing\Feature\HydePageTest" classname="Hyde.Framework.Testing.Feature.HydePageTest" assertions="1" time="0.005243"/>
        <testcase name="testSetSourceDirectory" file="/home/runner/work/develop/develop/packages/framework/tests/Feature/HydePageTest.php" line="318" class="Hyde\Framework\Testing\Feature\HydePageTest" classname="Hyde.Framework.Testing.Feature.HydePageTest" assertions="1" time="0.003788"/>
        <testcase name="testSetOutputDirectory" file="/home/runner/work/develop/develop/packages/framework/tests/Feature/HydePageTest.php" line="324" class="Hyde\Framework\Testing\Feature\HydePageTest" classname="Hyde.Framework.Testing.Feature.HydePageTest" assertions="1" time="0.003801"/>
        <testcase name="testSetFileExtension" file="/home/runner/work/develop/develop/packages/framework/tests/Feature/HydePageTest.php" line="330" class="Hyde\Framework\Testing\Feature\HydePageTest" classname="Hyde.Framework.Testing.Feature.HydePageTest" assertions="1" time="0.003814"/>
        <testcase name="testStaticGetMethodReturnsDiscoveredPage" file="/home/runner/work/develop/develop/packages/framework/tests/Feature/HydePageTest.php" line="336" class="Hyde\Framework\Testing\Feature\HydePageTest" classname="Hyde.Framework.Testing.Feature.HydePageTest" assertions="1" time="0.009742"/>
        <testcase name="testStaticGetMethodThrowsExceptionIfPageNotFound" file="/home/runner/work/develop/develop/packages/framework/tests/Feature/HydePageTest.php" line="341" class="Hyde\Framework\Testing\Feature\HydePageTest" classname="Hyde.Framework.Testing.Feature.HydePageTest" assertions="1" time="0.009110"/>
        <testcase name="testParseParsesSuppliedSlugIntoAPageModel" file="/home/runner/work/develop/develop/packages/framework/tests/Feature/HydePageTest.php" line="347" class="Hyde\Framework\Testing\Feature\HydePageTest" classname="Hyde.Framework.Testing.Feature.HydePageTest" assertions="2" time="0.006251"/>
        <testcase name="testFilesReturnsArrayOfSourceFiles" file="/home/runner/work/develop/develop/packages/framework/tests/Feature/HydePageTest.php" line="357" class="Hyde\Framework\Testing\Feature\HydePageTest" classname="Hyde.Framework.Testing.Feature.HydePageTest" assertions="1" time="0.009708"/>
        <testcase name="testAllReturnsCollectionOfAllParsedSourceFilesFromPageIndex" file="/home/runner/work/develop/develop/packages/framework/tests/Feature/HydePageTest.php" line="364" class="Hyde\Framework\Testing\Feature\HydePageTest" classname="Hyde.Framework.Testing.Feature.HydePageTest" assertions="2" time="0.010762"/>
        <testcase name="testQualifyBasenameProperlyExpandsBasenameForTheModel" file="/home/runner/work/develop/develop/packages/framework/tests/Feature/HydePageTest.php" line="378" class="Hyde\Framework\Testing\Feature\HydePageTest" classname="Hyde.Framework.Testing.Feature.HydePageTest" assertions="1" time="0.004274"/>
        <testcase name="testQualifyBasenameTrimsSlashesFromInput" file="/home/runner/work/develop/develop/packages/framework/tests/Feature/HydePageTest.php" line="383" class="Hyde\Framework\Testing\Feature\HydePageTest" classname="Hyde.Framework.Testing.Feature.HydePageTest" assertions="1" time="0.004020"/>
        <testcase name="testQualifyBasenameUsesTheStaticProperties" file="/home/runner/work/develop/develop/packages/framework/tests/Feature/HydePageTest.php" line="388" class="Hyde\Framework\Testing\Feature\HydePageTest" classname="Hyde.Framework.Testing.Feature.HydePageTest" assertions="1" time="0.004019"/>
        <testcase name="testPathReturnsAbsolutePathToSourceDirectoryWhenNoParameterIsSupplied" file="/home/runner/work/develop/develop/packages/framework/tests/Feature/HydePageTest.php" line="396" class="Hyde\Framework\Testing\Feature\HydePageTest" classname="Hyde.Framework.Testing.Feature.HydePageTest" assertions="1" time="0.004022"/>
        <testcase name="testPathReturnsAbsolutePathToFileInSourceDirectoryWhenParameterIsSupplied" file="/home/runner/work/develop/develop/packages/framework/tests/Feature/HydePageTest.php" line="403" class="Hyde\Framework\Testing\Feature\HydePageTest" classname="Hyde.Framework.Testing.Feature.HydePageTest" assertions="1" time="0.004019"/>
        <testcase name="testPathMethodRemovesTrailingSlashes" file="/home/runner/work/develop/develop/packages/framework/tests/Feature/HydePageTest.php" line="410" class="Hyde\Framework\Testing\Feature\HydePageTest" classname="Hyde.Framework.Testing.Feature.HydePageTest" assertions="1" time="0.004013"/>
        <testcase name="testGetOutputLocationReturnsTheFileOutputPathForTheSuppliedBasename" file="/home/runner/work/develop/develop/packages/framework/tests/Feature/HydePageTest.php" line="417" class="Hyde\Framework\Testing\Feature\HydePageTest" classname="Hyde.Framework.Testing.Feature.HydePageTest" assertions="1" time="0.004079"/>
        <testcase name="testGetOutputLocationReturnsTheConfiguredLocation" file="/home/runner/work/develop/develop/packages/framework/tests/Feature/HydePageTest.php" line="422" class="Hyde\Framework\Testing\Feature\HydePageTest" classname="Hyde.Framework.Testing.Feature.HydePageTest" assertions="1" time="0.003944"/>
        <testcase name="testGetOutputLocationTrimsTrailingSlashesFromDirectorySetting" file="/home/runner/work/develop/develop/packages/framework/tests/Feature/HydePageTest.php" line="429" class="Hyde\Framework\Testing\Feature\HydePageTest" classname="Hyde.Framework.Testing.Feature.HydePageTest" assertions="1" time="0.004500"/>
        <testcase name="testGetOutputLocationTrimsTrailingSlashesFromBasename" file="/home/runner/work/develop/develop/packages/framework/tests/Feature/HydePageTest.php" line="436" class="Hyde\Framework\Testing\Feature\HydePageTest" classname="Hyde.Framework.Testing.Feature.HydePageTest" assertions="1" time="0.004248"/>
        <testcase name="testGetCurrentPagePathReturnsOutputDirectoryAndBasename" file="/home/runner/work/develop/develop/packages/framework/tests/Feature/HydePageTest.php" line="441" class="Hyde\Framework\Testing\Feature\HydePageTest" classname="Hyde.Framework.Testing.Feature.HydePageTest" assertions="1" time="0.005481"/>
        <testcase name="testGetCurrentPagePathReturnsOutputDirectoryAndBasenameForConfiguredDirectory" file="/home/runner/work/develop/develop/packages/framework/tests/Feature/HydePageTest.php" line="447" class="Hyde\Framework\Testing\Feature\HydePageTest" classname="Hyde.Framework.Testing.Feature.HydePageTest" assertions="1" time="0.005571"/>
        <testcase name="testGetCurrentPagePathTrimsTrailingSlashesFromDirectorySetting" file="/home/runner/work/develop/develop/packages/framework/tests/Feature/HydePageTest.php" line="455" class="Hyde\Framework\Testing\Feature\HydePageTest" classname="Hyde.Framework.Testing.Feature.HydePageTest" assertions="1" time="0.005580"/>
        <testcase name="testGetOutputPathReturnsCurrentPagePathWithHtmlExtensionAppended" file="/home/runner/work/develop/develop/packages/framework/tests/Feature/HydePageTest.php" line="463" class="Hyde\Framework\Testing\Feature\HydePageTest" classname="Hyde.Framework.Testing.Feature.HydePageTest" assertions="1" time="0.005823"/>
        <testcase name="testGetSourcePathReturnsQualifiedBasename" file="/home/runner/work/develop/develop/packages/framework/tests/Feature/HydePageTest.php" line="469" class="Hyde\Framework\Testing\Feature\HydePageTest" classname="Hyde.Framework.Testing.Feature.HydePageTest" assertions="1" time="0.006119"/>
        <testcase name="testMarkdownPageImplementsPageContract" file="/home/runner/work/develop/develop/packages/framework/tests/Feature/HydePageTest.php" line="477" class="Hyde\Framework\Testing\Feature\HydePageTest" classname="Hyde.Framework.Testing.Feature.HydePageTest" assertions="1" time="0.005515"/>
        <testcase name="testAllPageModelsExtendAbstractPage" file="/home/runner/work/develop/develop/packages/framework/tests/Feature/HydePageTest.php" line="482" class="Hyde\Framework\Testing\Feature\HydePageTest" classname="Hyde.Framework.Testing.Feature.HydePageTest" assertions="6" time="0.008178"/>
        <testcase name="testAllPageModelsHaveConfiguredSourceDirectory" file="/home/runner/work/develop/develop/packages/framework/tests/Feature/HydePageTest.php" line="499" class="Hyde\Framework\Testing\Feature\HydePageTest" classname="Hyde.Framework.Testing.Feature.HydePageTest" assertions="5" time="0.004556"/>
        <testcase name="testAllPageModelsHaveConfiguredOutputDirectory" file="/home/runner/work/develop/develop/packages/framework/tests/Feature/HydePageTest.php" line="514" class="Hyde\Framework\Testing\Feature\HydePageTest" classname="Hyde.Framework.Testing.Feature.HydePageTest" assertions="4" time="0.004197"/>
        <testcase name="testAllPageModelsHaveConfiguredFileExtension" file="/home/runner/work/develop/develop/packages/framework/tests/Feature/HydePageTest.php" line="528" class="Hyde\Framework\Testing\Feature\HydePageTest" classname="Hyde.Framework.Testing.Feature.HydePageTest" assertions="4" time="0.004133"/>
        <testcase name="testAbstractMarkdownPageExtendsAbstractPage" file="/home/runner/work/develop/develop/packages/framework/tests/Feature/HydePageTest.php" line="542" class="Hyde\Framework\Testing\Feature\HydePageTest" classname="Hyde.Framework.Testing.Feature.HydePageTest" assertions="1" time="0.008100"/>
        <testcase name="testAbstractMarkdownPageImplementsPageContract" file="/home/runner/work/develop/develop/packages/framework/tests/Feature/HydePageTest.php" line="547" class="Hyde\Framework\Testing\Feature\HydePageTest" classname="Hyde.Framework.Testing.Feature.HydePageTest" assertions="1" time="0.003984"/>
        <testcase name="testAbstractMarkdownPageHasMarkdownDocumentProperty" file="/home/runner/work/develop/develop/packages/framework/tests/Feature/HydePageTest.php" line="552" class="Hyde\Framework\Testing\Feature\HydePageTest" classname="Hyde.Framework.Testing.Feature.HydePageTest" assertions="1" time="0.003784"/>
        <testcase name="testAbstractMarkdownPageHasFileExtensionProperty" file="/home/runner/work/develop/develop/packages/framework/tests/Feature/HydePageTest.php" line="557" class="Hyde\Framework\Testing\Feature\HydePageTest" classname="Hyde.Framework.Testing.Feature.HydePageTest" assertions="1" time="0.004196"/>
        <testcase name="testAbstractMarkdownPageFileExtensionPropertyIsSetToMd" file="/home/runner/work/develop/develop/packages/framework/tests/Feature/HydePageTest.php" line="562" class="Hyde\Framework\Testing\Feature\HydePageTest" classname="Hyde.Framework.Testing.Feature.HydePageTest" assertions="1" time="0.003860"/>
        <testcase name="testAbstractMarkdownPageConstructorArgumentsAreOptional" file="/home/runner/work/develop/develop/packages/framework/tests/Feature/HydePageTest.php" line="567" class="Hyde\Framework\Testing\Feature\HydePageTest" classname="Hyde.Framework.Testing.Feature.HydePageTest" assertions="1" time="0.003979"/>
        <testcase name="testAbstractMarkdownPageConstructorAssignsMarkdownDocumentPropertyIfSet" file="/home/runner/work/develop/develop/packages/framework/tests/Feature/HydePageTest.php" line="573" class="Hyde\Framework\Testing\Feature\HydePageTest" classname="Hyde.Framework.Testing.Feature.HydePageTest" assertions="1" time="0.005035"/>
        <testcase name="testAbstractMarkdownPageConstructorCreatesNewMarkdownDocumentIfNoMarkdownDocumentIsSet" file="/home/runner/work/develop/develop/packages/framework/tests/Feature/HydePageTest.php" line="580" class="Hyde\Framework\Testing\Feature\HydePageTest" classname="Hyde.Framework.Testing.Feature.HydePageTest" assertions="1" time="0.005025"/>
        <testcase name="testAbstractMarkdownPageMarkdownHelperReturnsTheMarkdownDocumentInstance" file="/home/runner/work/develop/develop/packages/framework/tests/Feature/HydePageTest.php" line="586" class="Hyde\Framework\Testing\Feature\HydePageTest" classname="Hyde.Framework.Testing.Feature.HydePageTest" assertions="1" time="0.004842"/>
        <testcase name="testAbstractMarkdownPageMarkdownHelperReturnsTheConfiguredMarkdownDocumentInstance" file="/home/runner/work/develop/develop/packages/framework/tests/Feature/HydePageTest.php" line="592" class="Hyde\Framework\Testing\Feature\HydePageTest" classname="Hyde.Framework.Testing.Feature.HydePageTest" assertions="1" time="0.004939"/>
        <testcase name="testAbstractMarkdownPageMakeHelperConstructsDynamicTitleAutomatically" file="/home/runner/work/develop/develop/packages/framework/tests/Feature/HydePageTest.php" line="599" class="Hyde\Framework\Testing\Feature\HydePageTest" classname="Hyde.Framework.Testing.Feature.HydePageTest" assertions="1" time="0.004857"/>
        <testcase name="testMarkdownBasedPagesExtendAbstractMarkdownPage" file="/home/runner/work/develop/develop/packages/framework/tests/Feature/HydePageTest.php" line="605" class="Hyde\Framework\Testing\Feature\HydePageTest" classname="Hyde.Framework.Testing.Feature.HydePageTest" assertions="3" time="0.006023"/>
        <testcase name="testBladePagesDoNotExtendAbstractMarkdownPage" file="/home/runner/work/develop/develop/packages/framework/tests/Feature/HydePageTest.php" line="618" class="Hyde\Framework\Testing\Feature\HydePageTest" classname="Hyde.Framework.Testing.Feature.HydePageTest" assertions="1" time="0.005140"/>
        <testcase name="testGetRouteReturnsPageRoute" file="/home/runner/work/develop/develop/packages/framework/tests/Feature/HydePageTest.php" line="623" class="Hyde\Framework\Testing\Feature\HydePageTest" classname="Hyde.Framework.Testing.Feature.HydePageTest" assertions="1" time="0.008720"/>
        <testcase name="testGetRouteReturnsTheRouteObjectFromTheRouterIndex" file="/home/runner/work/develop/develop/packages/framework/tests/Feature/HydePageTest.php" line="629" class="Hyde\Framework\Testing\Feature\HydePageTest" classname="Hyde.Framework.Testing.Feature.HydePageTest" assertions="1" time="0.010470"/>
        <testcase name="testHtmlTitleReturnsSiteNamePlusPageTitle" file="/home/runner/work/develop/develop/packages/framework/tests/Feature/HydePageTest.php" line="636" class="Hyde\Framework\Testing\Feature\HydePageTest" classname="Hyde.Framework.Testing.Feature.HydePageTest" assertions="1" time="0.004768"/>
        <testcase name="testHtmlTitleUsesConfiguredSiteName" file="/home/runner/work/develop/develop/packages/framework/tests/Feature/HydePageTest.php" line="642" class="Hyde\Framework\Testing\Feature\HydePageTest" classname="Hyde.Framework.Testing.Feature.HydePageTest" assertions="1" time="0.005259"/>
        <testcase name="testBodyHelperReturnsMarkdownDocumentBodyInMarkdownPages" file="/home/runner/work/develop/develop/packages/framework/tests/Feature/HydePageTest.php" line="649" class="Hyde\Framework\Testing\Feature\HydePageTest" classname="Hyde.Framework.Testing.Feature.HydePageTest" assertions="1" time="0.004957"/>
        <testcase name="testShowInNavigationReturnsFalseForMarkdownPost" file="/home/runner/work/develop/develop/packages/framework/tests/Feature/HydePageTest.php" line="655" class="Hyde\Framework\Testing\Feature\HydePageTest" classname="Hyde.Framework.Testing.Feature.HydePageTest" assertions="1" time="0.005395"/>
        <testcase name="testShowInNavigationReturnsTrueForDocumentationPageIfSlugIsIndex" file="/home/runner/work/develop/develop/packages/framework/tests/Feature/HydePageTest.php" line="662" class="Hyde\Framework\Testing\Feature\HydePageTest" classname="Hyde.Framework.Testing.Feature.HydePageTest" assertions="1" time="0.005528"/>
        <testcase name="testShowInNavigationReturnsTrueForDocumentationPageIfSlugIsNotIndex" file="/home/runner/work/develop/develop/packages/framework/tests/Feature/HydePageTest.php" line="669" class="Hyde\Framework\Testing\Feature\HydePageTest" classname="Hyde.Framework.Testing.Feature.HydePageTest" assertions="1" time="0.005362"/>
        <testcase name="testShowInNavigationReturnsFalseForAbstractMarkdownPageIfMatterNavigationHiddenIsTrue" file="/home/runner/work/develop/develop/packages/framework/tests/Feature/HydePageTest.php" line="676" class="Hyde\Framework\Testing\Feature\HydePageTest" classname="Hyde.Framework.Testing.Feature.HydePageTest" assertions="1" time="0.005190"/>
        <testcase name="testShowInNavigationReturnsTrueForAbstractMarkdownPageIfMatterNavigationVisibleIsTrue" file="/home/runner/work/develop/develop/packages/framework/tests/Feature/HydePageTest.php" line="683" class="Hyde\Framework\Testing\Feature\HydePageTest" classname="Hyde.Framework.Testing.Feature.HydePageTest" assertions="1" time="0.005279"/>
        <testcase name="testShowInNavigationReturnsTrueForAbstractMarkdownPageIfMatterNavigationHiddenIsFalse" file="/home/runner/work/develop/develop/packages/framework/tests/Feature/HydePageTest.php" line="690" class="Hyde\Framework\Testing\Feature\HydePageTest" classname="Hyde.Framework.Testing.Feature.HydePageTest" assertions="1" time="0.005174"/>
        <testcase name="testShowInNavigationReturnsTrueForAbstractMarkdownPageIfMatterNavigationHiddenIsNotSet" file="/home/runner/work/develop/develop/packages/framework/tests/Feature/HydePageTest.php" line="697" class="Hyde\Framework\Testing\Feature\HydePageTest" classname="Hyde.Framework.Testing.Feature.HydePageTest" assertions="1" time="0.005207"/>
        <testcase name="testShowInNavigationReturnsFalseIfSlugIsPresentInConfigHydeNavigationExclude" file="/home/runner/work/develop/develop/packages/framework/tests/Feature/HydePageTest.php" line="704" class="Hyde\Framework\Testing\Feature\HydePageTest" classname="Hyde.Framework.Testing.Feature.HydePageTest" assertions="2" time="0.006548"/>
        <testcase name="testShowInNavigationReturnsFalseIfSlugIs404" file="/home/runner/work/develop/develop/packages/framework/tests/Feature/HydePageTest.php" line="714" class="Hyde\Framework\Testing\Feature\HydePageTest" classname="Hyde.Framework.Testing.Feature.HydePageTest" assertions="1" time="0.005431"/>
        <testcase name="testShowInNavigationDefaultsToTrueIfAllChecksPass" file="/home/runner/work/develop/develop/packages/framework/tests/Feature/HydePageTest.php" line="720" class="Hyde\Framework\Testing\Feature\HydePageTest" classname="Hyde.Framework.Testing.Feature.HydePageTest" assertions="1" time="0.005238"/>
        <testcase name="testNavigationMenuPriorityReturnsFrontMatterValueOfNavigationPriorityIfAbstractMarkdownPageAndNotNull" file="/home/runner/work/develop/develop/packages/framework/tests/Feature/HydePageTest.php" line="726" class="Hyde\Framework\Testing\Feature\HydePageTest" classname="Hyde.Framework.Testing.Feature.HydePageTest" assertions="1" time="0.005344"/>
        <testcase name="testNavigationMenuPriorityCanBeSetUsingOrderProperty" file="/home/runner/work/develop/develop/packages/framework/tests/Feature/HydePageTest.php" line="732" class="Hyde\Framework\Testing\Feature\HydePageTest" classname="Hyde.Framework.Testing.Feature.HydePageTest" assertions="1" time="0.005344"/>
        <testcase name="testNavigationMenuPriorityReturnsSpecifiedConfigValueIfSlugExistsInConfigHydeNavigationOrder" file="/home/runner/work/develop/develop/packages/framework/tests/Feature/HydePageTest.php" line="738" class="Hyde\Framework\Testing\Feature\HydePageTest" classname="Hyde.Framework.Testing.Feature.HydePageTest" assertions="2" time="0.006432"/>
        <testcase name="testNavigationMenuPriorityGivesPrecedenceToFrontMatterOverConfigHydeNavigationOrder" file="/home/runner/work/develop/develop/packages/framework/tests/Feature/HydePageTest.php" line="748" class="Hyde\Framework\Testing\Feature\HydePageTest" classname="Hyde.Framework.Testing.Feature.HydePageTest" assertions="2" time="0.005476"/>
        <testcase name="testNavigationMenuPriorityReturns999ForDocumentationPage" file="/home/runner/work/develop/develop/packages/framework/tests/Feature/HydePageTest.php" line="758" class="Hyde\Framework\Testing\Feature\HydePageTest" classname="Hyde.Framework.Testing.Feature.HydePageTest" assertions="1" time="0.005481"/>
        <testcase name="testNavigationMenuPriorityReturns0IfSlugIsIndex" file="/home/runner/work/develop/develop/packages/framework/tests/Feature/HydePageTest.php" line="764" class="Hyde\Framework\Testing\Feature\HydePageTest" classname="Hyde.Framework.Testing.Feature.HydePageTest" assertions="1" time="0.005235"/>
        <testcase name="testNavigationMenuPriorityReturns10IfSlugIsPosts" file="/home/runner/work/develop/develop/packages/framework/tests/Feature/HydePageTest.php" line="770" class="Hyde\Framework\Testing\Feature\HydePageTest" classname="Hyde.Framework.Testing.Feature.HydePageTest" assertions="1" time="0.005419"/>
        <testcase name="testNavigationMenuPriorityDefaultsTo999IfNoOtherConditionsAreMet" file="/home/runner/work/develop/develop/packages/framework/tests/Feature/HydePageTest.php" line="776" class="Hyde\Framework\Testing\Feature\HydePageTest" classname="Hyde.Framework.Testing.Feature.HydePageTest" assertions="1" time="0.005219"/>
        <testcase name="testNavigationMenuTitleReturnsNavigationTitleMatterIfSet" file="/home/runner/work/develop/develop/packages/framework/tests/Feature/HydePageTest.php" line="782" class="Hyde\Framework\Testing\Feature\HydePageTest" classname="Hyde.Framework.Testing.Feature.HydePageTest" assertions="1" time="0.005624"/>
        <testcase name="testNavigationMenuTitleReturnsTitleMatterIfSet" file="/home/runner/work/develop/develop/packages/framework/tests/Feature/HydePageTest.php" line="788" class="Hyde\Framework\Testing\Feature\HydePageTest" classname="Hyde.Framework.Testing.Feature.HydePageTest" assertions="1" time="0.018181"/>
        <testcase name="testNavigationMenuTitleNavigationTitleHasPrecedenceOverTitle" file="/home/runner/work/develop/develop/packages/framework/tests/Feature/HydePageTest.php" line="794" class="Hyde\Framework\Testing\Feature\HydePageTest" classname="Hyde.Framework.Testing.Feature.HydePageTest" assertions="1" time="0.005840"/>
        <testcase name="testNavigationMenuTitleReturnsDocsIfSlugIsIndexAndModelIsDocumentationPage" file="/home/runner/work/develop/develop/packages/framework/tests/Feature/HydePageTest.php" line="800" class="Hyde\Framework\Testing\Feature\HydePageTest" classname="Hyde.Framework.Testing.Feature.HydePageTest" assertions="1" time="0.007046"/>
        <testcase name="testNavigationMenuTitleReturnsHomeIfSlugIsIndexAndModelIsNotDocumentationPage" file="/home/runner/work/develop/develop/packages/framework/tests/Feature/HydePageTest.php" line="806" class="Hyde\Framework\Testing\Feature\HydePageTest" classname="Hyde.Framework.Testing.Feature.HydePageTest" assertions="1" time="0.006252"/>
        <testcase name="testNavigationMenuTitleReturnsTitleIfTitleIsSetAndNotEmpty" file="/home/runner/work/develop/develop/packages/framework/tests/Feature/HydePageTest.php" line="812" class="Hyde\Framework\Testing\Feature\HydePageTest" classname="Hyde.Framework.Testing.Feature.HydePageTest" assertions="1" time="0.005618"/>
        <testcase name="testNavigationMenuTitleFallsBackToHydeMakeTitleFromSlug" file="/home/runner/work/develop/develop/packages/framework/tests/Feature/HydePageTest.php" line="818" class="Hyde\Framework\Testing\Feature\HydePageTest" classname="Hyde.Framework.Testing.Feature.HydePageTest" assertions="1" time="0.006154"/>
        <testcase name="testNavigationMenuTitleCanBeSetInConfiguration" file="/home/runner/work/develop/develop/packages/framework/tests/Feature/HydePageTest.php" line="824" class="Hyde\Framework\Testing\Feature\HydePageTest" classname="Hyde.Framework.Testing.Feature.HydePageTest" assertions="1" time="0.005584"/>
        <testcase name="testDocumentationPageCanBeHiddenFromNavigationUsingConfig" file="/home/runner/work/develop/develop/packages/framework/tests/Feature/HydePageTest.php" line="831" class="Hyde\Framework\Testing\Feature\HydePageTest" classname="Hyde.Framework.Testing.Feature.HydePageTest" assertions="1" time="0.005567"/>
        <testcase name="testGetCanonicalUrlReturnsUrlForTopLevelPage" file="/home/runner/work/develop/develop/packages/framework/tests/Feature/HydePageTest.php" line="838" class="Hyde\Framework\Testing\Feature\HydePageTest" classname="Hyde.Framework.Testing.Feature.HydePageTest" assertions="1" time="0.005583"/>
        <testcase name="testGetCanonicalUrlReturnsPrettyUrlForTopLevelPage" file="/home/runner/work/develop/develop/packages/framework/tests/Feature/HydePageTest.php" line="846" class="Hyde\Framework\Testing\Feature\HydePageTest" classname="Hyde.Framework.Testing.Feature.HydePageTest" assertions="1" time="0.005559"/>
        <testcase name="testGetCanonicalUrlReturnsUrlForNestedPage" file="/home/runner/work/develop/develop/packages/framework/tests/Feature/HydePageTest.php" line="855" class="Hyde\Framework\Testing\Feature\HydePageTest" classname="Hyde.Framework.Testing.Feature.HydePageTest" assertions="1" time="0.005582"/>
        <testcase name="testGetCanonicalUrlReturnsUrlForDeeplyNestedPage" file="/home/runner/work/develop/develop/packages/framework/tests/Feature/HydePageTest.php" line="863" class="Hyde\Framework\Testing\Feature\HydePageTest" classname="Hyde.Framework.Testing.Feature.HydePageTest" assertions="1" time="0.005277"/>
        <testcase name="testCanonicalUrlIsNotSetWhenIdentifierIsNull" file="/home/runner/work/develop/develop/packages/framework/tests/Feature/HydePageTest.php" line="871" class="Hyde\Framework\Testing\Feature\HydePageTest" classname="Hyde.Framework.Testing.Feature.HydePageTest" assertions="2" time="0.005100"/>
        <testcase name="testCanonicalUrlIsNotSetWhenSiteUrlIsNull" file="/home/runner/work/develop/develop/packages/framework/tests/Feature/HydePageTest.php" line="882" class="Hyde\Framework\Testing\Feature\HydePageTest" classname="Hyde.Framework.Testing.Feature.HydePageTest" assertions="2" time="0.005409"/>
        <testcase name="testCustomCanonicalLinkCanBeSetInFrontMatter" file="/home/runner/work/develop/develop/packages/framework/tests/Feature/HydePageTest.php" line="893" class="Hyde\Framework\Testing\Feature\HydePageTest" classname="Hyde.Framework.Testing.Feature.HydePageTest" assertions="2" time="0.005308"/>
        <testcase name="testCanCreateCanonicalUrlUsingBaseUrlFromConfig" file="/home/runner/work/develop/develop/packages/framework/tests/Feature/HydePageTest.php" line="904" class="Hyde\Framework\Testing\Feature\HydePageTest" classname="Hyde.Framework.Testing.Feature.HydePageTest" assertions="1" time="0.005297"/>
        <testcase name="testCanCreateCanonicalUrlUsingBaseUrlFromConfigUsingPrettyUrls" file="/home/runner/work/develop/develop/packages/framework/tests/Feature/HydePageTest.php" line="913" class="Hyde\Framework\Testing\Feature\HydePageTest" classname="Hyde.Framework.Testing.Feature.HydePageTest" assertions="1" time="0.005649"/>
        <testcase name="testCanonicalUrlIsNullWhenNoBaseUrlIsSet" file="/home/runner/work/develop/develop/packages/framework/tests/Feature/HydePageTest.php" line="923" class="Hyde\Framework\Testing\Feature\HydePageTest" classname="Hyde.Framework.Testing.Feature.HydePageTest" assertions="1" time="0.006028"/>
        <testcase name="testRenderPageMetadataReturnsString" file="/home/runner/work/develop/develop/packages/framework/tests/Feature/HydePageTest.php" line="929" class="Hyde\Framework\Testing\Feature\HydePageTest" classname="Hyde.Framework.Testing.Feature.HydePageTest" assertions="1" time="0.006395"/>
        <testcase name="testHasMethodReturnsTrueIfPageHasStandardProperty" file="/home/runner/work/develop/develop/packages/framework/tests/Feature/HydePageTest.php" line="935" class="Hyde\Framework\Testing\Feature\HydePageTest" classname="Hyde.Framework.Testing.Feature.HydePageTest" assertions="1" time="0.006302"/>
        <testcase name="testHasMethodReturnsFalseIfPageDoesNotHaveStandardProperty" file="/home/runner/work/develop/develop/packages/framework/tests/Feature/HydePageTest.php" line="941" class="Hyde\Framework\Testing\Feature\HydePageTest" classname="Hyde.Framework.Testing.Feature.HydePageTest" assertions="1" time="0.005514"/>
        <testcase name="testHasMethodReturnsTrueIfPageHasDynamicProperty" file="/home/runner/work/develop/develop/packages/framework/tests/Feature/HydePageTest.php" line="947" class="Hyde\Framework\Testing\Feature\HydePageTest" classname="Hyde.Framework.Testing.Feature.HydePageTest" assertions="1" time="0.005209"/>
        <testcase name="testHasMethodReturnsFalseIfPageDoesNotHaveDynamicProperty" file="/home/runner/work/develop/develop/packages/framework/tests/Feature/HydePageTest.php" line="954" class="Hyde\Framework\Testing\Feature\HydePageTest" classname="Hyde.Framework.Testing.Feature.HydePageTest" assertions="1" time="0.005001"/>
        <testcase name="testHasMethodReturnsTrueIfPageHasPropertySetInFrontMatter" file="/home/runner/work/develop/develop/packages/framework/tests/Feature/HydePageTest.php" line="960" class="Hyde\Framework\Testing\Feature\HydePageTest" classname="Hyde.Framework.Testing.Feature.HydePageTest" assertions="1" time="0.004877"/>
        <testcase name="testHasMethodReturnsFalseIfPageDoesNotHavePropertySetInFrontMatter" file="/home/runner/work/develop/develop/packages/framework/tests/Feature/HydePageTest.php" line="966" class="Hyde\Framework\Testing\Feature\HydePageTest" classname="Hyde.Framework.Testing.Feature.HydePageTest" assertions="1" time="0.005108"/>
        <testcase name="testHasMethodReturnsFalseIfPropertyExistsButIsBlank" file="/home/runner/work/develop/develop/packages/framework/tests/Feature/HydePageTest.php" line="972" class="Hyde\Framework\Testing\Feature\HydePageTest" classname="Hyde.Framework.Testing.Feature.HydePageTest" assertions="2" time="0.005431"/>
        <testcase name="testHasMethodReturnsTrueIfPageHasBlankPropertySetInFrontMatter" file="/home/runner/work/develop/develop/packages/framework/tests/Feature/HydePageTest.php" line="983" class="Hyde\Framework\Testing\Feature\HydePageTest" classname="Hyde.Framework.Testing.Feature.HydePageTest" assertions="2" time="0.005289"/>
        <testcase name="testMarkdownPagesCanBeSavedToDisk" file="/home/runner/work/develop/develop/packages/framework/tests/Feature/HydePageTest.php" line="989" class="Hyde\Framework\Testing\Feature\HydePageTest" classname="Hyde.Framework.Testing.Feature.HydePageTest" assertions="1" time="0.006193"/>
        <testcase name="testSaveMethodConvertsFrontMatterArrayToYamlBlock" file="/home/runner/work/develop/develop/packages/framework/tests/Feature/HydePageTest.php" line="997" class="Hyde\Framework\Testing\Feature\HydePageTest" classname="Hyde.Framework.Testing.Feature.HydePageTest" assertions="1" time="0.006715"/>
        <testcase name="testSaveMethodWritesPageBodyToFile" file="/home/runner/work/develop/develop/packages/framework/tests/Feature/HydePageTest.php" line="1006" class="Hyde\Framework\Testing\Feature\HydePageTest" classname="Hyde.Framework.Testing.Feature.HydePageTest" assertions="1" time="0.006001"/>
        <testcase name="testSaveMethodWritesPageBodyToFileWithFrontMatter" file="/home/runner/work/develop/develop/packages/framework/tests/Feature/HydePageTest.php" line="1015" class="Hyde\Framework\Testing\Feature\HydePageTest" classname="Hyde.Framework.Testing.Feature.HydePageTest" assertions="1" time="0.006043"/>
        <testcase name="testNewMarkdownPagesCanBeSaved" file="/home/runner/work/develop/develop/packages/framework/tests/Feature/HydePageTest.php" line="1024" class="Hyde\Framework\Testing\Feature\HydePageTest" classname="Hyde.Framework.Testing.Feature.HydePageTest" assertions="2" time="0.006050"/>
        <testcase name="testExistingParsedMarkdownPagesCanBeSaved" file="/home/runner/work/develop/develop/packages/framework/tests/Feature/HydePageTest.php" line="1035" class="Hyde\Framework\Testing\Feature\HydePageTest" classname="Hyde.Framework.Testing.Feature.HydePageTest" assertions="3" time="0.011146"/>
        <testcase name="testSaveMethodCreatesSourceDirectoryIfItDoesNotExist" file="/home/runner/work/develop/develop/packages/framework/tests/Feature/HydePageTest.php" line="1054" class="Hyde\Framework\Testing\Feature\HydePageTest" classname="Hyde.Framework.Testing.Feature.HydePageTest" assertions="3" time="0.006653"/>
        <testcase name="testSaveMethodCreatesSourceDirectoryRecursivelyIfItDoesNotExist" file="/home/runner/work/develop/develop/packages/framework/tests/Feature/HydePageTest.php" line="1067" class="Hyde\Framework\Testing\Feature\HydePageTest" classname="Hyde.Framework.Testing.Feature.HydePageTest" assertions="4" time="0.007053"/>
        <testcase name="testMarkdownPostsCanBeSaved" file="/home/runner/work/develop/develop/packages/framework/tests/Feature/HydePageTest.php" line="1081" class="Hyde\Framework\Testing\Feature\HydePageTest" classname="Hyde.Framework.Testing.Feature.HydePageTest" assertions="1" time="0.007293"/>
        <testcase name="testDocumentationPagesCanBeSaved" file="/home/runner/work/develop/develop/packages/framework/tests/Feature/HydePageTest.php" line="1089" class="Hyde\Framework\Testing\Feature\HydePageTest" classname="Hyde.Framework.Testing.Feature.HydePageTest" assertions="1" time="0.006291"/>
        <testcase name="testGetMethodCanAccessDataFromPage" file="/home/runner/work/develop/develop/packages/framework/tests/Feature/HydePageTest.php" line="1097" class="Hyde\Framework\Testing\Feature\HydePageTest" classname="Hyde.Framework.Testing.Feature.HydePageTest" assertions="1" time="0.005472"/>
        <testcase name="testGetMethodCanAccessNestedDataFromPage" file="/home/runner/work/develop/develop/packages/framework/tests/Feature/HydePageTest.php" line="1103" class="Hyde\Framework\Testing\Feature\HydePageTest" classname="Hyde.Framework.Testing.Feature.HydePageTest" assertions="1" time="0.005412"/>
        <testcase name="testGetMethodCanAccessNestedDataFromPageWithDotNotation" file="/home/runner/work/develop/develop/packages/framework/tests/Feature/HydePageTest.php" line="1109" class="Hyde\Framework\Testing\Feature\HydePageTest" classname="Hyde.Framework.Testing.Feature.HydePageTest" assertions="1" time="0.005340"/>
        <testcase name="testGetLinkWithPrettyUrls" file="/home/runner/work/develop/develop/packages/framework/tests/Feature/HydePageTest.php" line="1115" class="Hyde\Framework\Testing\Feature\HydePageTest" classname="Hyde.Framework.Testing.Feature.HydePageTest" assertions="1" time="0.005218"/>
        <testcase name="testGetLinkUsesHyperlinksHelper" file="/home/runner/work/develop/develop/packages/framework/tests/Feature/HydePageTest.php" line="1123" class="Hyde\Framework\Testing\Feature\HydePageTest" classname="Hyde.Framework.Testing.Feature.HydePageTest" assertions="1" time="0.006422"/>
        <testcase name="testPathHelpersReturnSameResultAsFluentFilesystemHelpers" file="/home/runner/work/develop/develop/packages/framework/tests/Feature/HydePageTest.php" line="1131" class="Hyde\Framework\Testing\Feature\HydePageTest" classname="Hyde.Framework.Testing.Feature.HydePageTest" assertions="4" time="0.005273"/>
        <testcase name="testAllPagesAreRoutable" file="/home/runner/work/develop/develop/packages/framework/tests/Feature/HydePageTest.php" line="1139" class="Hyde\Framework\Testing\Feature\HydePageTest" classname="Hyde.Framework.Testing.Feature.HydePageTest" assertions="25" time="0.046555"/>
        <testcase name="testNavigationDataFactoryHidesPageFromNavigationWhenInASubdirectory" file="/home/runner/work/develop/develop/packages/framework/tests/Feature/HydePageTest.php" line="1168" class="Hyde\Framework\Testing\Feature\HydePageTest" classname="Hyde.Framework.Testing.Feature.HydePageTest" assertions="2" time="0.006005"/>
        <testcase name="testNavigationDataFactoryHidesPageFromNavigationWhenInAAndConfigIsSetToHidden" file="/home/runner/work/develop/develop/packages/framework/tests/Feature/HydePageTest.php" line="1175" class="Hyde\Framework\Testing\Feature\HydePageTest" classname="Hyde.Framework.Testing.Feature.HydePageTest" assertions="2" time="0.006006"/>
        <testcase name="testNavigationDataFactoryDoesNotHidePageFromNavigationWhenInASubdirectoryAndAllowedInConfiguration" file="/home/runner/work/develop/develop/packages/framework/tests/Feature/HydePageTest.php" line="1183" class="Hyde\Framework\Testing\Feature\HydePageTest" classname="Hyde.Framework.Testing.Feature.HydePageTest" assertions="2" time="0.005536"/>
        <testcase name="testNavigationDataFactoryAllowsShowInNavigationAndSetsGroupWhenDropdownIsSelectedInConfig" file="/home/runner/work/develop/develop/packages/framework/tests/Feature/HydePageTest.php" line="1191" class="Hyde\Framework\Testing\Feature\HydePageTest" classname="Hyde.Framework.Testing.Feature.HydePageTest" assertions="2" time="0.005501"/>
        <testcase name="testIsDiscoverableMethodReturnsTrueForDiscoverablePages" file="/home/runner/work/develop/develop/packages/framework/tests/Feature/HydePageTest.php" line="1199" class="Hyde\Framework\Testing\Feature\HydePageTest" classname="Hyde.Framework.Testing.Feature.HydePageTest" assertions="1" time="0.003726"/>
        <testcase name="testIsDiscoverableMethodReturnsFalseForNonDiscoverablePages" file="/home/runner/work/develop/develop/packages/framework/tests/Feature/HydePageTest.php" line="1204" class="Hyde\Framework\Testing\Feature\HydePageTest" classname="Hyde.Framework.Testing.Feature.HydePageTest" assertions="1" time="0.004093"/>
        <testcase name="testIsDiscoverableMethodRequiresAllRequiredDataToBePresent" file="/home/runner/work/develop/develop/packages/framework/tests/Feature/HydePageTest.php" line="1209" class="Hyde\Framework\Testing\Feature\HydePageTest" classname="Hyde.Framework.Testing.Feature.HydePageTest" assertions="1" time="0.004080"/>
        <testcase name="testIsDiscoverableMethodRequiresSourceDirectoryToBeFilled" file="/home/runner/work/develop/develop/packages/framework/tests/Feature/HydePageTest.php" line="1214" class="Hyde\Framework\Testing\Feature\HydePageTest" classname="Hyde.Framework.Testing.Feature.HydePageTest" assertions="1" time="0.003943"/>
        <testcase name="testAllCoreExtensionPagesAreDiscoverable" file="/home/runner/work/develop/develop/packages/framework/tests/Feature/HydePageTest.php" line="1219" class="Hyde\Framework\Testing\Feature\HydePageTest" classname="Hyde.Framework.Testing.Feature.HydePageTest" assertions="5" time="0.004653"/>
        <testcase name="testNestedIndexPagesShowUpInNavigation" file="/home/runner/work/develop/develop/packages/framework/tests/Feature/HydePageTest.php" line="1227" class="Hyde\Framework\Testing\Feature\HydePageTest" classname="Hyde.Framework.Testing.Feature.HydePageTest" assertions="2" time="0.005439"/>
      </testsuite>
      <testsuite name="Hyde\Framework\Testing\Feature\HydeServiceProviderTest" file="/home/runner/work/develop/develop/packages/framework/tests/Feature/HydeServiceProviderTest.php" tests="21" assertions="95" errors="0" failures="0" skipped="0" time="0.107873">
        <testcase name="testProviderIsConstructed" file="/home/runner/work/develop/develop/packages/framework/tests/Feature/HydeServiceProviderTest.php" line="38" class="Hyde\Framework\Testing\Feature\HydeServiceProviderTest" classname="Hyde.Framework.Testing.Feature.HydeServiceProviderTest" assertions="1" time="0.004216"/>
        <testcase name="testProviderHasRegisterMethod" file="/home/runner/work/develop/develop/packages/framework/tests/Feature/HydeServiceProviderTest.php" line="43" class="Hyde\Framework\Testing\Feature\HydeServiceProviderTest" classname="Hyde.Framework.Testing.Feature.HydeServiceProviderTest" assertions="1" time="0.003669"/>
        <testcase name="testProviderHasBootMethod" file="/home/runner/work/develop/develop/packages/framework/tests/Feature/HydeServiceProviderTest.php" line="48" class="Hyde\Framework\Testing\Feature\HydeServiceProviderTest" classname="Hyde.Framework.Testing.Feature.HydeServiceProviderTest" assertions="1" time="0.003568"/>
        <testcase name="testProviderRegistersAssetServiceAsSingleton" file="/home/runner/work/develop/develop/packages/framework/tests/Feature/HydeServiceProviderTest.php" line="53" class="Hyde\Framework\Testing\Feature\HydeServiceProviderTest" classname="Hyde.Framework.Testing.Feature.HydeServiceProviderTest" assertions="3" time="0.003936"/>
        <testcase name="testProviderRegistersBuildTaskServiceAsSingleton" file="/home/runner/work/develop/develop/packages/framework/tests/Feature/HydeServiceProviderTest.php" line="60" class="Hyde\Framework\Testing\Feature\HydeServiceProviderTest" classname="Hyde.Framework.Testing.Feature.HydeServiceProviderTest" assertions="3" time="0.008575"/>
        <testcase name="testProviderRegistersSourceDirectories" file="/home/runner/work/develop/develop/packages/framework/tests/Feature/HydeServiceProviderTest.php" line="67" class="Hyde\Framework\Testing\Feature\HydeServiceProviderTest" classname="Hyde.Framework.Testing.Feature.HydeServiceProviderTest" assertions="8" time="0.004732"/>
        <testcase name="testProviderRegistersOutputDirectories" file="/home/runner/work/develop/develop/packages/framework/tests/Feature/HydeServiceProviderTest.php" line="87" class="Hyde\Framework\Testing\Feature\HydeServiceProviderTest" classname="Hyde.Framework.Testing.Feature.HydeServiceProviderTest" assertions="8" time="0.004931"/>
        <testcase name="testCustomSourceRootsAreAppliedToThePageModels" file="/home/runner/work/develop/develop/packages/framework/tests/Feature/HydeServiceProviderTest.php" line="107" class="Hyde\Framework\Testing\Feature\HydeServiceProviderTest" classname="Hyde.Framework.Testing.Feature.HydeServiceProviderTest" assertions="8" time="0.004936"/>
        <testcase name="testSourceRootSetInConfigIsAssigned" file="/home/runner/work/develop/develop/packages/framework/tests/Feature/HydeServiceProviderTest.php" line="124" class="Hyde\Framework\Testing\Feature\HydeServiceProviderTest" classname="Hyde.Framework.Testing.Feature.HydeServiceProviderTest" assertions="3" time="0.004841"/>
        <testcase name="testProviderRegistersSiteOutputDirectory" file="/home/runner/work/develop/develop/packages/framework/tests/Feature/HydeServiceProviderTest.php" line="135" class="Hyde\Framework\Testing\Feature\HydeServiceProviderTest" classname="Hyde.Framework.Testing.Feature.HydeServiceProviderTest" assertions="2" time="0.004568"/>
        <testcase name="testProviderRegistersMediaDirectory" file="/home/runner/work/develop/develop/packages/framework/tests/Feature/HydeServiceProviderTest.php" line="146" class="Hyde\Framework\Testing\Feature\HydeServiceProviderTest" classname="Hyde.Framework.Testing.Feature.HydeServiceProviderTest" assertions="3" time="0.004803"/>
        <testcase name="testProviderRegistersBladeViewDiscoveryLocationForConfiguredBladeViewPath" file="/home/runner/work/develop/develop/packages/framework/tests/Feature/HydeServiceProviderTest.php" line="158" class="Hyde\Framework\Testing\Feature\HydeServiceProviderTest" classname="Hyde.Framework.Testing.Feature.HydeServiceProviderTest" assertions="2" time="0.004763"/>
        <testcase name="testBladeViewLocationsAreOnlyRegisteredOncePerKey" file="/home/runner/work/develop/develop/packages/framework/tests/Feature/HydeServiceProviderTest.php" line="168" class="Hyde\Framework\Testing\Feature\HydeServiceProviderTest" classname="Hyde.Framework.Testing.Feature.HydeServiceProviderTest" assertions="2" time="0.005422"/>
        <testcase name="testProviderRegistersConsoleCommands" file="/home/runner/work/develop/develop/packages/framework/tests/Feature/HydeServiceProviderTest.php" line="179" class="Hyde\Framework\Testing\Feature\HydeServiceProviderTest" classname="Hyde.Framework.Testing.Feature.HydeServiceProviderTest" assertions="18" time="0.008974"/>
        <testcase name="testProviderRegistersAdditionalModuleServiceProviders" file="/home/runner/work/develop/develop/packages/framework/tests/Feature/HydeServiceProviderTest.php" line="196" class="Hyde\Framework\Testing\Feature\HydeServiceProviderTest" classname="Hyde.Framework.Testing.Feature.HydeServiceProviderTest" assertions="1" time="0.004464"/>
        <testcase name="testProviderRegistersAllPageModelSourcePaths" file="/home/runner/work/develop/develop/packages/framework/tests/Feature/HydeServiceProviderTest.php" line="203" class="Hyde\Framework\Testing\Feature\HydeServiceProviderTest" classname="Hyde.Framework.Testing.Feature.HydeServiceProviderTest" assertions="6" time="0.005421"/>
        <testcase name="testProviderRegistersAllPageModelOutputPaths" file="/home/runner/work/develop/develop/packages/framework/tests/Feature/HydeServiceProviderTest.php" line="229" class="Hyde\Framework\Testing\Feature\HydeServiceProviderTest" classname="Hyde.Framework.Testing.Feature.HydeServiceProviderTest" assertions="5" time="0.005469"/>
        <testcase name="testProviderRegistersSourceDirectoriesUsingOptionsInConfiguration" file="/home/runner/work/develop/develop/packages/framework/tests/Feature/HydeServiceProviderTest.php" line="245" class="Hyde\Framework\Testing\Feature\HydeServiceProviderTest" classname="Hyde.Framework.Testing.Feature.HydeServiceProviderTest" assertions="5" time="0.005039"/>
        <testcase name="testSourceDirectoriesCanBeSetUsingKebabCaseClassNames" file="/home/runner/work/develop/develop/packages/framework/tests/Feature/HydeServiceProviderTest.php" line="264" class="Hyde\Framework\Testing\Feature\HydeServiceProviderTest" classname="Hyde.Framework.Testing.Feature.HydeServiceProviderTest" assertions="5" time="0.005348"/>
        <testcase name="testProviderRegistersOutputDirectoriesUsingOptionsInConfiguration" file="/home/runner/work/develop/develop/packages/framework/tests/Feature/HydeServiceProviderTest.php" line="283" class="Hyde\Framework\Testing\Feature\HydeServiceProviderTest" classname="Hyde.Framework.Testing.Feature.HydeServiceProviderTest" assertions="5" time="0.005181"/>
        <testcase name="testOutputDirectoriesCanBeSetUsingKebabCaseClassNames" file="/home/runner/work/develop/develop/packages/framework/tests/Feature/HydeServiceProviderTest.php" line="302" class="Hyde\Framework\Testing\Feature\HydeServiceProviderTest" classname="Hyde.Framework.Testing.Feature.HydeServiceProviderTest" assertions="5" time="0.005018"/>
      </testsuite>
      <testsuite name="Hyde\Framework\Testing\Feature\IncludesFacadeTest" file="/home/runner/work/develop/develop/packages/framework/tests/Feature/IncludesFacadeTest.php" tests="14" assertions="19" errors="0" failures="0" skipped="0" time="0.065740">
        <testcase name="testPathReturnsTheIncludesDirectory" file="/home/runner/work/develop/develop/packages/framework/tests/Feature/IncludesFacadeTest.php" line="18" class="Hyde\Framework\Testing\Feature\IncludesFacadeTest" classname="Hyde.Framework.Testing.Feature.IncludesFacadeTest" assertions="1" time="0.004646"/>
        <testcase name="testPathReturnsAPartialWithinTheIncludesDirectory" file="/home/runner/work/develop/develop/packages/framework/tests/Feature/IncludesFacadeTest.php" line="26" class="Hyde\Framework\Testing\Feature\IncludesFacadeTest" classname="Hyde.Framework.Testing.Feature.IncludesFacadeTest" assertions="1" time="0.004479"/>
        <testcase name="testPathCreatesDirectoryIfItDoesNotExist" file="/home/runner/work/develop/develop/packages/framework/tests/Feature/IncludesFacadeTest.php" line="34" class="Hyde\Framework\Testing\Feature\IncludesFacadeTest" classname="Hyde.Framework.Testing.Feature.IncludesFacadeTest" assertions="2" time="0.004673"/>
        <testcase name="testGetReturnsPartial" file="/home/runner/work/develop/develop/packages/framework/tests/Feature/IncludesFacadeTest.php" line="42" class="Hyde\Framework\Testing\Feature\IncludesFacadeTest" classname="Hyde.Framework.Testing.Feature.IncludesFacadeTest" assertions="1" time="0.004401"/>
        <testcase name="testGetReturnsDefaultValueWhenNotFound" file="/home/runner/work/develop/develop/packages/framework/tests/Feature/IncludesFacadeTest.php" line="50" class="Hyde\Framework\Testing\Feature\IncludesFacadeTest" classname="Hyde.Framework.Testing.Feature.IncludesFacadeTest" assertions="2" time="0.004385"/>
        <testcase name="testHtmlReturnsRenderedPartial" file="/home/runner/work/develop/develop/packages/framework/tests/Feature/IncludesFacadeTest.php" line="56" class="Hyde\Framework\Testing\Feature\IncludesFacadeTest" classname="Hyde.Framework.Testing.Feature.IncludesFacadeTest" assertions="1" time="0.004301"/>
        <testcase name="testHtmlReturnsEfaultValueWhenNotFound" file="/home/runner/work/develop/develop/packages/framework/tests/Feature/IncludesFacadeTest.php" line="64" class="Hyde\Framework\Testing\Feature\IncludesFacadeTest" classname="Hyde.Framework.Testing.Feature.IncludesFacadeTest" assertions="2" time="0.004107"/>
        <testcase name="testHtmlWithAndWithoutExtension" file="/home/runner/work/develop/develop/packages/framework/tests/Feature/IncludesFacadeTest.php" line="70" class="Hyde\Framework\Testing\Feature\IncludesFacadeTest" classname="Hyde.Framework.Testing.Feature.IncludesFacadeTest" assertions="1" time="0.004231"/>
        <testcase name="testMarkdownReturnsRenderedPartial" file="/home/runner/work/develop/develop/packages/framework/tests/Feature/IncludesFacadeTest.php" line="77" class="Hyde\Framework\Testing\Feature\IncludesFacadeTest" classname="Hyde.Framework.Testing.Feature.IncludesFacadeTest" assertions="1" time="0.004958"/>
        <testcase name="testMarkdownReturnsRenderedDefaultValueWhenNotFound" file="/home/runner/work/develop/develop/packages/framework/tests/Feature/IncludesFacadeTest.php" line="85" class="Hyde\Framework\Testing\Feature\IncludesFacadeTest" classname="Hyde.Framework.Testing.Feature.IncludesFacadeTest" assertions="2" time="0.005020"/>
        <testcase name="testMarkdownWithAndWithoutExtension" file="/home/runner/work/develop/develop/packages/framework/tests/Feature/IncludesFacadeTest.php" line="91" class="Hyde\Framework\Testing\Feature\IncludesFacadeTest" classname="Hyde.Framework.Testing.Feature.IncludesFacadeTest" assertions="1" time="0.005875"/>
        <testcase name="testBladeReturnsRenderedPartial" file="/home/runner/work/develop/develop/packages/framework/tests/Feature/IncludesFacadeTest.php" line="98" class="Hyde\Framework\Testing\Feature\IncludesFacadeTest" classname="Hyde.Framework.Testing.Feature.IncludesFacadeTest" assertions="1" time="0.004793"/>
        <testcase name="testBladeWithAndWithoutExtension" file="/home/runner/work/develop/develop/packages/framework/tests/Feature/IncludesFacadeTest.php" line="106" class="Hyde\Framework\Testing\Feature\IncludesFacadeTest" classname="Hyde.Framework.Testing.Feature.IncludesFacadeTest" assertions="1" time="0.004994"/>
        <testcase name="testBladeReturnsRenderedDefaultValueWhenNotFound" file="/home/runner/work/develop/develop/packages/framework/tests/Feature/IncludesFacadeTest.php" line="113" class="Hyde\Framework\Testing\Feature\IncludesFacadeTest" classname="Hyde.Framework.Testing.Feature.IncludesFacadeTest" assertions="2" time="0.004878"/>
      </testsuite>
      <testsuite name="Hyde\Framework\Testing\Feature\LoadYamlConfigurationTest" file="/home/runner/work/develop/develop/packages/framework/tests/Feature/LoadYamlConfigurationTest.php" tests="18" assertions="33" errors="0" failures="0" skipped="0" time="0.078835">
        <testcase name="testCanDefineHydeConfigSettingsInHydeYmlFile" file="/home/runner/work/develop/develop/packages/framework/tests/Feature/LoadYamlConfigurationTest.php" line="16" class="Hyde\Framework\Testing\Feature\LoadYamlConfigurationTest" classname="Hyde.Framework.Testing.Feature.LoadYamlConfigurationTest" assertions="9" time="0.005600"/>
        <testcase name="testCanDefineMultipleConfigSettingsInHydeYmlFile" file="/home/runner/work/develop/develop/packages/framework/tests/Feature/LoadYamlConfigurationTest.php" line="45" class="Hyde\Framework\Testing\Feature\LoadYamlConfigurationTest" classname="Hyde.Framework.Testing.Feature.LoadYamlConfigurationTest" assertions="3" time="0.004548"/>
        <testcase name="testBootstrapperAppliesYamlConfigurationWhenPresent" file="/home/runner/work/develop/develop/packages/framework/tests/Feature/LoadYamlConfigurationTest.php" line="66" class="Hyde\Framework\Testing\Feature\LoadYamlConfigurationTest" classname="Hyde.Framework.Testing.Feature.LoadYamlConfigurationTest" assertions="1" time="0.004143"/>
        <testcase name="testChangesInYamlFileOverrideChangesInHydeConfig" file="/home/runner/work/develop/develop/packages/framework/tests/Feature/LoadYamlConfigurationTest.php" line="74" class="Hyde\Framework\Testing\Feature\LoadYamlConfigurationTest" classname="Hyde.Framework.Testing.Feature.LoadYamlConfigurationTest" assertions="1" time="0.004188"/>
        <testcase name="testChangesInYamlFileOverrideChangesInHydeConfigWhenUsingYamlExtension" file="/home/runner/work/develop/develop/packages/framework/tests/Feature/LoadYamlConfigurationTest.php" line="82" class="Hyde\Framework\Testing\Feature\LoadYamlConfigurationTest" classname="Hyde.Framework.Testing.Feature.LoadYamlConfigurationTest" assertions="1" time="0.004149"/>
        <testcase name="testServiceGracefullyHandlesMissingFile" file="/home/runner/work/develop/develop/packages/framework/tests/Feature/LoadYamlConfigurationTest.php" line="90" class="Hyde\Framework\Testing\Feature\LoadYamlConfigurationTest" classname="Hyde.Framework.Testing.Feature.LoadYamlConfigurationTest" assertions="1" time="0.003409"/>
        <testcase name="testServiceGracefullyHandlesEmptyFile" file="/home/runner/work/develop/develop/packages/framework/tests/Feature/LoadYamlConfigurationTest.php" line="97" class="Hyde\Framework\Testing\Feature\LoadYamlConfigurationTest" classname="Hyde.Framework.Testing.Feature.LoadYamlConfigurationTest" assertions="1" time="0.003850"/>
        <testcase name="testCanAddArbitraryConfigKeys" file="/home/runner/work/develop/develop/packages/framework/tests/Feature/LoadYamlConfigurationTest.php" line="105" class="Hyde\Framework\Testing\Feature\LoadYamlConfigurationTest" classname="Hyde.Framework.Testing.Feature.LoadYamlConfigurationTest" assertions="1" time="0.004019"/>
        <testcase name="testConfigurationOptionsAreMerged" file="/home/runner/work/develop/develop/packages/framework/tests/Feature/LoadYamlConfigurationTest.php" line="113" class="Hyde\Framework\Testing\Feature\LoadYamlConfigurationTest" classname="Hyde.Framework.Testing.Feature.LoadYamlConfigurationTest" assertions="1" time="0.004002"/>
        <testcase name="testCanAddConfigurationOptionsInNamespacedArray" file="/home/runner/work/develop/develop/packages/framework/tests/Feature/LoadYamlConfigurationTest.php" line="126" class="Hyde\Framework\Testing\Feature\LoadYamlConfigurationTest" classname="Hyde.Framework.Testing.Feature.LoadYamlConfigurationTest" assertions="3" time="0.004423"/>
        <testcase name="testCanAddArbitraryNamespacedData" file="/home/runner/work/develop/develop/packages/framework/tests/Feature/LoadYamlConfigurationTest.php" line="144" class="Hyde\Framework\Testing\Feature\LoadYamlConfigurationTest" classname="Hyde.Framework.Testing.Feature.LoadYamlConfigurationTest" assertions="1" time="0.004229"/>
        <testcase name="testAdditionalNamespacesRequireTheHydeNamespaceToBePresent" file="/home/runner/work/develop/develop/packages/framework/tests/Feature/LoadYamlConfigurationTest.php" line="159" class="Hyde\Framework\Testing\Feature\LoadYamlConfigurationTest" classname="Hyde.Framework.Testing.Feature.LoadYamlConfigurationTest" assertions="1" time="0.004284"/>
        <testcase name="testAdditionalNamespacesRequiresHydeNamespaceToBeTheFirstEntry" file="/home/runner/work/develop/develop/packages/framework/tests/Feature/LoadYamlConfigurationTest.php" line="172" class="Hyde\Framework\Testing\Feature\LoadYamlConfigurationTest" classname="Hyde.Framework.Testing.Feature.LoadYamlConfigurationTest" assertions="1" time="0.004317"/>
        <testcase name="testHydeNamespaceCanBeEmpty" file="/home/runner/work/develop/develop/packages/framework/tests/Feature/LoadYamlConfigurationTest.php" line="187" class="Hyde\Framework\Testing\Feature\LoadYamlConfigurationTest" classname="Hyde.Framework.Testing.Feature.LoadYamlConfigurationTest" assertions="1" time="0.004264"/>
        <testcase name="testHydeNamespaceCanBeNull" file="/home/runner/work/develop/develop/packages/framework/tests/Feature/LoadYamlConfigurationTest.php" line="201" class="Hyde\Framework\Testing\Feature\LoadYamlConfigurationTest" classname="Hyde.Framework.Testing.Feature.LoadYamlConfigurationTest" assertions="1" time="0.004327"/>
        <testcase name="testHydeNamespaceCanBlank" file="/home/runner/work/develop/develop/packages/framework/tests/Feature/LoadYamlConfigurationTest.php" line="216" class="Hyde\Framework\Testing\Feature\LoadYamlConfigurationTest" classname="Hyde.Framework.Testing.Feature.LoadYamlConfigurationTest" assertions="1" time="0.004637"/>
        <testcase name="testDotNotationCanBeUsed" file="/home/runner/work/develop/develop/packages/framework/tests/Feature/LoadYamlConfigurationTest.php" line="230" class="Hyde\Framework\Testing\Feature\LoadYamlConfigurationTest" classname="Hyde.Framework.Testing.Feature.LoadYamlConfigurationTest" assertions="2" time="0.005283"/>
        <testcase name="testDotNotationCanBeUsedWithNamespaces" file="/home/runner/work/develop/develop/packages/framework/tests/Feature/LoadYamlConfigurationTest.php" line="243" class="Hyde\Framework\Testing\Feature\LoadYamlConfigurationTest" classname="Hyde.Framework.Testing.Feature.LoadYamlConfigurationTest" assertions="3" time="0.005162"/>
      </testsuite>
      <testsuite name="Hyde\Framework\Testing\Feature\MarkdownFileParserTest" file="/home/runner/work/develop/develop/packages/framework/tests/Feature/MarkdownFileParserTest.php" tests="3" assertions="8" errors="0" failures="0" skipped="0" time="0.008566">
        <testcase name="testCanParseMarkdownFile" file="/home/runner/work/develop/develop/packages/framework/tests/Feature/MarkdownFileParserTest.php" line="42" class="Hyde\Framework\Testing\Feature\MarkdownFileParserTest" classname="Hyde.Framework.Testing.Feature.MarkdownFileParserTest" assertions="2" time="0.002795"/>
        <testcase name="testCanParseMarkdownFileWithFrontMatter" file="/home/runner/work/develop/develop/packages/framework/tests/Feature/MarkdownFileParserTest.php" line="52" class="Hyde\Framework\Testing\Feature\MarkdownFileParserTest" classname="Hyde.Framework.Testing.Feature.MarkdownFileParserTest" assertions="3" time="0.002933"/>
        <testcase name="testParsedMarkdownPostContainsValidFrontMatter" file="/home/runner/work/develop/develop/packages/framework/tests/Feature/MarkdownFileParserTest.php" line="75" class="Hyde\Framework\Testing\Feature\MarkdownFileParserTest" classname="Hyde.Framework.Testing.Feature.MarkdownFileParserTest" assertions="3" time="0.002837"/>
      </testsuite>
      <testsuite name="Hyde\Framework\Testing\Feature\MarkdownPostTest" file="/home/runner/work/develop/develop/packages/framework/tests/Feature/MarkdownPostTest.php" tests="9" assertions="22" errors="0" failures="0" skipped="0" time="0.048423">
        <testcase name="testConstructorCanCreateANewAuthorInstanceFromUsernameString" file="/home/runner/work/develop/develop/packages/framework/tests/Feature/MarkdownPostTest.php" line="20" class="Hyde\Framework\Testing\Feature\MarkdownPostTest" classname="Hyde.Framework.Testing.Feature.MarkdownPostTest" assertions="4" time="0.005560"/>
        <testcase name="testConstructorCanCreateANewAuthorInstanceFromUserArray" file="/home/runner/work/develop/develop/packages/framework/tests/Feature/MarkdownPostTest.php" line="32" class="Hyde\Framework\Testing\Feature\MarkdownPostTest" classname="Hyde.Framework.Testing.Feature.MarkdownPostTest" assertions="4" time="0.005125"/>
        <testcase name="testConstructorCanCreateANewImageInstanceFromAString" file="/home/runner/work/develop/develop/packages/framework/tests/Feature/MarkdownPostTest.php" line="48" class="Hyde\Framework\Testing\Feature\MarkdownPostTest" classname="Hyde.Framework.Testing.Feature.MarkdownPostTest" assertions="2" time="0.005340"/>
        <testcase name="testConstructorCanCreateANewImageInstanceFromAnArray" file="/home/runner/work/develop/develop/packages/framework/tests/Feature/MarkdownPostTest.php" line="58" class="Hyde\Framework\Testing\Feature\MarkdownPostTest" classname="Hyde.Framework.Testing.Feature.MarkdownPostTest" assertions="2" time="0.005297"/>
        <testcase name="testConstructorCanCreateANewDateStringInstanceFromMatter" file="/home/runner/work/develop/develop/packages/framework/tests/Feature/MarkdownPostTest.php" line="70" class="Hyde\Framework\Testing\Feature\MarkdownPostTest" classname="Hyde.Framework.Testing.Feature.MarkdownPostTest" assertions="2" time="0.005191"/>
        <testcase name="testFeaturedImageCanBeConstructedReturnsNullWhenNoImageIsSetInThePageMatter" file="/home/runner/work/develop/develop/packages/framework/tests/Feature/MarkdownPostTest.php" line="80" class="Hyde\Framework\Testing\Feature\MarkdownPostTest" classname="Hyde.Framework.Testing.Feature.MarkdownPostTest" assertions="1" time="0.004939"/>
        <testcase name="testFeaturedImageCanBeConstructedReturnsImageObjectWithLocalPathWhenMatterIsString" file="/home/runner/work/develop/develop/packages/framework/tests/Feature/MarkdownPostTest.php" line="86" class="Hyde\Framework\Testing\Feature\MarkdownPostTest" classname="Hyde.Framework.Testing.Feature.MarkdownPostTest" assertions="2" time="0.005686"/>
        <testcase name="testFeaturedImageCanBeConstructedReturnsImageObjectWithRemotePathWhenMatterIsString" file="/home/runner/work/develop/develop/packages/framework/tests/Feature/MarkdownPostTest.php" line="94" class="Hyde\Framework\Testing\Feature\MarkdownPostTest" classname="Hyde.Framework.Testing.Feature.MarkdownPostTest" assertions="2" time="0.005368"/>
        <testcase name="testFeaturedImageCanBeConstructedReturnsImageObjectWithSuppliedDataWhenMatterIsArray" file="/home/runner/work/develop/develop/packages/framework/tests/Feature/MarkdownPostTest.php" line="102" class="Hyde\Framework\Testing\Feature\MarkdownPostTest" classname="Hyde.Framework.Testing.Feature.MarkdownPostTest" assertions="3" time="0.005917"/>
      </testsuite>
      <testsuite name="Hyde\Framework\Testing\Feature\MarkdownServiceTest" file="/home/runner/work/develop/develop/packages/framework/tests/Feature/MarkdownServiceTest.php" tests="31" assertions="38" errors="0" failures="0" skipped="0" time="0.167412">
        <testcase name="testServiceCanParseMarkdownToHtml" file="/home/runner/work/develop/develop/packages/framework/tests/Feature/MarkdownServiceTest.php" line="18" class="Hyde\Framework\Testing\Feature\MarkdownServiceTest" classname="Hyde.Framework.Testing.Feature.MarkdownServiceTest" assertions="2" time="0.006324"/>
        <testcase name="testServiceCanParseMarkdownToHtmlWithPermalinks" file="/home/runner/work/develop/develop/packages/framework/tests/Feature/MarkdownServiceTest.php" line="28" class="Hyde\Framework\Testing\Feature\MarkdownServiceTest" classname="Hyde.Framework.Testing.Feature.MarkdownServiceTest" assertions="2" time="0.006820"/>
        <testcase name="testTorchlightExtensionIsNotEnabledByDefault" file="/home/runner/work/develop/develop/packages/framework/tests/Feature/MarkdownServiceTest.php" line="42" class="Hyde\Framework\Testing\Feature\MarkdownServiceTest" classname="Hyde.Framework.Testing.Feature.MarkdownServiceTest" assertions="1" time="0.005855"/>
        <testcase name="testTorchlightExtensionIsEnabledAutomaticallyWhenHasTorchlightFeature" file="/home/runner/work/develop/develop/packages/framework/tests/Feature/MarkdownServiceTest.php" line="50" class="Hyde\Framework\Testing\Feature\MarkdownServiceTest" classname="Hyde.Framework.Testing.Feature.MarkdownServiceTest" assertions="1" time="0.006961"/>
        <testcase name="testTorchlightIntegrationInjectsAttribution" file="/home/runner/work/develop/develop/packages/framework/tests/Feature/MarkdownServiceTest.php" line="58" class="Hyde\Framework\Testing\Feature\MarkdownServiceTest" classname="Hyde.Framework.Testing.Feature.MarkdownServiceTest" assertions="1" time="0.007080"/>
        <testcase name="testBladedownIsNotEnabledByDefault" file="/home/runner/work/develop/develop/packages/framework/tests/Feature/MarkdownServiceTest.php" line="72" class="Hyde\Framework\Testing\Feature\MarkdownServiceTest" classname="Hyde.Framework.Testing.Feature.MarkdownServiceTest" assertions="1" time="0.006586"/>
        <testcase name="testBladedownCanBeEnabled" file="/home/runner/work/develop/develop/packages/framework/tests/Feature/MarkdownServiceTest.php" line="78" class="Hyde\Framework\Testing\Feature\MarkdownServiceTest" classname="Hyde.Framework.Testing.Feature.MarkdownServiceTest" assertions="1" time="0.033201"/>
        <testcase name="testRawHtmlTagsAreStrippedByDefault" file="/home/runner/work/develop/develop/packages/framework/tests/Feature/MarkdownServiceTest.php" line="86" class="Hyde\Framework\Testing\Feature\MarkdownServiceTest" classname="Hyde.Framework.Testing.Feature.MarkdownServiceTest" assertions="1" time="0.005357"/>
        <testcase name="testRawHtmlTagsAreNotStrippedWhenExplicitlyEnabled" file="/home/runner/work/develop/develop/packages/framework/tests/Feature/MarkdownServiceTest.php" line="94" class="Hyde\Framework\Testing\Feature\MarkdownServiceTest" classname="Hyde.Framework.Testing.Feature.MarkdownServiceTest" assertions="1" time="0.005992"/>
        <testcase name="testHasFeaturesArray" file="/home/runner/work/develop/develop/packages/framework/tests/Feature/MarkdownServiceTest.php" line="103" class="Hyde\Framework\Testing\Feature\MarkdownServiceTest" classname="Hyde.Framework.Testing.Feature.MarkdownServiceTest" assertions="1" time="0.003408"/>
        <testcase name="testTheFeaturesArrayIsEmptyByDefault" file="/home/runner/work/develop/develop/packages/framework/tests/Feature/MarkdownServiceTest.php" line="110" class="Hyde\Framework\Testing\Feature\MarkdownServiceTest" classname="Hyde.Framework.Testing.Feature.MarkdownServiceTest" assertions="1" time="0.003386"/>
        <testcase name="testFeaturesCanBeAddedToTheArray" file="/home/runner/work/develop/develop/packages/framework/tests/Feature/MarkdownServiceTest.php" line="117" class="Hyde\Framework\Testing\Feature\MarkdownServiceTest" classname="Hyde.Framework.Testing.Feature.MarkdownServiceTest" assertions="1" time="0.003403"/>
        <testcase name="testFeaturesCanBeRemovedFromTheArray" file="/home/runner/work/develop/develop/packages/framework/tests/Feature/MarkdownServiceTest.php" line="125" class="Hyde\Framework\Testing\Feature\MarkdownServiceTest" classname="Hyde.Framework.Testing.Feature.MarkdownServiceTest" assertions="1" time="0.003484"/>
        <testcase name="testMethodChainingCanBeUsedToProgrammaticallyAddFeaturesToTheArray" file="/home/runner/work/develop/develop/packages/framework/tests/Feature/MarkdownServiceTest.php" line="134" class="Hyde\Framework\Testing\Feature\MarkdownServiceTest" classname="Hyde.Framework.Testing.Feature.MarkdownServiceTest" assertions="2" time="0.003471"/>
        <testcase name="testMethodChainingCanBeUsedToProgrammaticallyRemoveFeaturesFromTheArray" file="/home/runner/work/develop/develop/packages/framework/tests/Feature/MarkdownServiceTest.php" line="143" class="Hyde\Framework\Testing\Feature\MarkdownServiceTest" classname="Hyde.Framework.Testing.Feature.MarkdownServiceTest" assertions="2" time="0.003568"/>
        <testcase name="testMethodWithTableOfContentsMethodChainAddsTheTableOfContentsFeature" file="/home/runner/work/develop/develop/packages/framework/tests/Feature/MarkdownServiceTest.php" line="152" class="Hyde\Framework\Testing\Feature\MarkdownServiceTest" classname="Hyde.Framework.Testing.Feature.MarkdownServiceTest" assertions="1" time="0.003406"/>
        <testcase name="testMethodWithPermalinksMethodChainAddsThePermalinksFeature" file="/home/runner/work/develop/develop/packages/framework/tests/Feature/MarkdownServiceTest.php" line="160" class="Hyde\Framework\Testing\Feature\MarkdownServiceTest" classname="Hyde.Framework.Testing.Feature.MarkdownServiceTest" assertions="1" time="0.003373"/>
        <testcase name="testHasFeatureReturnsTrueIfTheFeatureIsInTheArray" file="/home/runner/work/develop/develop/packages/framework/tests/Feature/MarkdownServiceTest.php" line="168" class="Hyde\Framework\Testing\Feature\MarkdownServiceTest" classname="Hyde.Framework.Testing.Feature.MarkdownServiceTest" assertions="1" time="0.003857"/>
        <testcase name="testHasFeatureReturnsFalseIfTheFeatureIsNotInTheArray" file="/home/runner/work/develop/develop/packages/framework/tests/Feature/MarkdownServiceTest.php" line="176" class="Hyde\Framework\Testing\Feature\MarkdownServiceTest" classname="Hyde.Framework.Testing.Feature.MarkdownServiceTest" assertions="1" time="0.003424"/>
        <testcase name="testMethodCanEnablePermalinksReturnsTrueIfThePermalinksFeatureIsInTheArray" file="/home/runner/work/develop/develop/packages/framework/tests/Feature/MarkdownServiceTest.php" line="183" class="Hyde\Framework\Testing\Feature\MarkdownServiceTest" classname="Hyde.Framework.Testing.Feature.MarkdownServiceTest" assertions="1" time="0.003382"/>
        <testcase name="testMethodCanEnablePermalinksIsAutomaticallyForDocumentationPages" file="/home/runner/work/develop/develop/packages/framework/tests/Feature/MarkdownServiceTest.php" line="191" class="Hyde\Framework\Testing\Feature\MarkdownServiceTest" classname="Hyde.Framework.Testing.Feature.MarkdownServiceTest" assertions="1" time="0.003505"/>
        <testcase name="testMethodCanEnablePermalinksReturnsFalseIfThePermalinksFeatureIsNotInTheArray" file="/home/runner/work/develop/develop/packages/framework/tests/Feature/MarkdownServiceTest.php" line="200" class="Hyde\Framework\Testing\Feature\MarkdownServiceTest" classname="Hyde.Framework.Testing.Feature.MarkdownServiceTest" assertions="1" time="0.003393"/>
        <testcase name="testMethodCanEnableTorchlightReturnsTrueIfTheTorchlightFeatureIsInTheArray" file="/home/runner/work/develop/develop/packages/framework/tests/Feature/MarkdownServiceTest.php" line="207" class="Hyde\Framework\Testing\Feature\MarkdownServiceTest" classname="Hyde.Framework.Testing.Feature.MarkdownServiceTest" assertions="1" time="0.003395"/>
        <testcase name="testMethodCanEnableTorchlightReturnsFalseIfTheTorchlightFeatureIsNotInTheArray" file="/home/runner/work/develop/develop/packages/framework/tests/Feature/MarkdownServiceTest.php" line="215" class="Hyde\Framework\Testing\Feature\MarkdownServiceTest" classname="Hyde.Framework.Testing.Feature.MarkdownServiceTest" assertions="1" time="0.003502"/>
        <testcase name="testStripIndentationMethodWithUnindentedMarkdown" file="/home/runner/work/develop/develop/packages/framework/tests/Feature/MarkdownServiceTest.php" line="222" class="Hyde\Framework\Testing\Feature\MarkdownServiceTest" classname="Hyde.Framework.Testing.Feature.MarkdownServiceTest" assertions="1" time="0.003430"/>
        <testcase name="testStripIndentationMethodWithIndentedMarkdown" file="/home/runner/work/develop/develop/packages/framework/tests/Feature/MarkdownServiceTest.php" line="230" class="Hyde\Framework\Testing\Feature\MarkdownServiceTest" classname="Hyde.Framework.Testing.Feature.MarkdownServiceTest" assertions="3" time="0.003626"/>
        <testcase name="testStripIndentationMethodWithTabIndentedMarkdown" file="/home/runner/work/develop/develop/packages/framework/tests/Feature/MarkdownServiceTest.php" line="244" class="Hyde\Framework\Testing\Feature\MarkdownServiceTest" classname="Hyde.Framework.Testing.Feature.MarkdownServiceTest" assertions="1" time="0.003398"/>
        <testcase name="testStripIndentationMethodWithCarriageReturnLineFeed" file="/home/runner/work/develop/develop/packages/framework/tests/Feature/MarkdownServiceTest.php" line="252" class="Hyde\Framework\Testing\Feature\MarkdownServiceTest" classname="Hyde.Framework.Testing.Feature.MarkdownServiceTest" assertions="1" time="0.004302"/>
        <testcase name="testStripIndentationMethodWithCodeIndentation" file="/home/runner/work/develop/develop/packages/framework/tests/Feature/MarkdownServiceTest.php" line="260" class="Hyde\Framework\Testing\Feature\MarkdownServiceTest" classname="Hyde.Framework.Testing.Feature.MarkdownServiceTest" assertions="1" time="0.006072"/>
        <testcase name="testStripIndentationMethodWithEmptyNewlines" file="/home/runner/work/develop/develop/packages/framework/tests/Feature/MarkdownServiceTest.php" line="268" class="Hyde\Framework\Testing\Feature\MarkdownServiceTest" classname="Hyde.Framework.Testing.Feature.MarkdownServiceTest" assertions="2" time="0.005654"/>
        <testcase name="testStripIndentationMethodWithTrailingNewline" file="/home/runner/work/develop/develop/packages/framework/tests/Feature/MarkdownServiceTest.php" line="279" class="Hyde\Framework\Testing\Feature\MarkdownServiceTest" classname="Hyde.Framework.Testing.Feature.MarkdownServiceTest" assertions="1" time="0.004795"/>
      </testsuite>
      <testsuite name="Hyde\Framework\Testing\Feature\MetadataHelperTest" file="/home/runner/work/develop/develop/packages/framework/tests/Feature/MetadataHelperTest.php" tests="9" assertions="9" errors="0" failures="0" skipped="0" time="0.033834">
        <testcase name="testNameMethodReturnsAValidHtmlMetaString" file="/home/runner/work/develop/develop/packages/framework/tests/Feature/MetadataHelperTest.php" line="24" class="Hyde\Framework\Testing\Feature\MetadataHelperTest" classname="Hyde.Framework.Testing.Feature.MetadataHelperTest" assertions="1" time="0.004574"/>
        <testcase name="testPropertyMethodReturnsAValidHtmlMetaString" file="/home/runner/work/develop/develop/packages/framework/tests/Feature/MetadataHelperTest.php" line="32" class="Hyde\Framework\Testing\Feature\MetadataHelperTest" classname="Hyde.Framework.Testing.Feature.MetadataHelperTest" assertions="1" time="0.003747"/>
        <testcase name="testPropertyMethodAcceptsPropertyWithOgPrefix" file="/home/runner/work/develop/develop/packages/framework/tests/Feature/MetadataHelperTest.php" line="40" class="Hyde\Framework\Testing\Feature\MetadataHelperTest" classname="Hyde.Framework.Testing.Feature.MetadataHelperTest" assertions="1" time="0.003833"/>
        <testcase name="testPropertyMethodAcceptsPropertyWithoutOgPrefix" file="/home/runner/work/develop/develop/packages/framework/tests/Feature/MetadataHelperTest.php" line="48" class="Hyde\Framework\Testing\Feature\MetadataHelperTest" classname="Hyde.Framework.Testing.Feature.MetadataHelperTest" assertions="1" time="0.003550"/>
        <testcase name="testLinkMethodReturnsAValidHtmlLinkString" file="/home/runner/work/develop/develop/packages/framework/tests/Feature/MetadataHelperTest.php" line="56" class="Hyde\Framework\Testing\Feature\MetadataHelperTest" classname="Hyde.Framework.Testing.Feature.MetadataHelperTest" assertions="1" time="0.003466"/>
        <testcase name="testLinkMethodReturnsAValidHtmlLinkStringWithAttributes" file="/home/runner/work/develop/develop/packages/framework/tests/Feature/MetadataHelperTest.php" line="64" class="Hyde\Framework\Testing\Feature\MetadataHelperTest" classname="Hyde.Framework.Testing.Feature.MetadataHelperTest" assertions="1" time="0.003610"/>
        <testcase name="testLinkMethodReturnsAValidHtmlLinkStringWithMultipleAttributes" file="/home/runner/work/develop/develop/packages/framework/tests/Feature/MetadataHelperTest.php" line="72" class="Hyde\Framework\Testing\Feature\MetadataHelperTest" classname="Hyde.Framework.Testing.Feature.MetadataHelperTest" assertions="1" time="0.003566"/>
        <testcase name="testGetMethodReturnsGlobalMetadataBag" file="/home/runner/work/develop/develop/packages/framework/tests/Feature/MetadataHelperTest.php" line="80" class="Hyde\Framework\Testing\Feature\MetadataHelperTest" classname="Hyde.Framework.Testing.Feature.MetadataHelperTest" assertions="1" time="0.003740"/>
        <testcase name="testRenderMethodRendersGlobalMetadataBag" file="/home/runner/work/develop/develop/packages/framework/tests/Feature/MetadataHelperTest.php" line="85" class="Hyde\Framework\Testing\Feature\MetadataHelperTest" classname="Hyde.Framework.Testing.Feature.MetadataHelperTest" assertions="1" time="0.003746"/>
      </testsuite>
      <testsuite name="Hyde\Framework\Testing\Feature\MetadataTest" file="/home/runner/work/develop/develop/packages/framework/tests/Feature/MetadataTest.php" tests="48" assertions="55" errors="0" failures="0" skipped="0" time="0.260992">
        <testcase name="testMetadataObjectIsGeneratedAutomatically" file="/home/runner/work/develop/develop/packages/framework/tests/Feature/MetadataTest.php" line="54" class="Hyde\Framework\Testing\Feature\MetadataTest" classname="Hyde.Framework.Testing.Feature.MetadataTest" assertions="3" time="0.004989"/>
        <testcase name="testLinkItemModel" file="/home/runner/work/develop/develop/packages/framework/tests/Feature/MetadataTest.php" line="63" class="Hyde\Framework\Testing\Feature\MetadataTest" classname="Hyde.Framework.Testing.Feature.MetadataTest" assertions="3" time="0.003658"/>
        <testcase name="testMetadataItemModel" file="/home/runner/work/develop/develop/packages/framework/tests/Feature/MetadataTest.php" line="73" class="Hyde\Framework\Testing\Feature\MetadataTest" classname="Hyde.Framework.Testing.Feature.MetadataTest" assertions="2" time="0.003916"/>
        <testcase name="testOpenGraphItemModel" file="/home/runner/work/develop/develop/packages/framework/tests/Feature/MetadataTest.php" line="80" class="Hyde\Framework\Testing\Feature\MetadataTest" classname="Hyde.Framework.Testing.Feature.MetadataTest" assertions="3" time="0.004214"/>
        <testcase name="testLinkItemCanBeAdded" file="/home/runner/work/develop/develop/packages/framework/tests/Feature/MetadataTest.php" line="90" class="Hyde\Framework\Testing\Feature\MetadataTest" classname="Hyde.Framework.Testing.Feature.MetadataTest" assertions="1" time="0.005336"/>
        <testcase name="testMetadataItemCanBeAdded" file="/home/runner/work/develop/develop/packages/framework/tests/Feature/MetadataTest.php" line="100" class="Hyde\Framework\Testing\Feature\MetadataTest" classname="Hyde.Framework.Testing.Feature.MetadataTest" assertions="1" time="0.005364"/>
        <testcase name="testOpenGraphItemCanBeAdded" file="/home/runner/work/develop/develop/packages/framework/tests/Feature/MetadataTest.php" line="110" class="Hyde\Framework\Testing\Feature\MetadataTest" classname="Hyde.Framework.Testing.Feature.MetadataTest" assertions="1" time="0.005418"/>
        <testcase name="testGenericItemCanBeAdded" file="/home/runner/work/develop/develop/packages/framework/tests/Feature/MetadataTest.php" line="120" class="Hyde\Framework\Testing\Feature\MetadataTest" classname="Hyde.Framework.Testing.Feature.MetadataTest" assertions="1" time="0.005479"/>
        <testcase name="testMultipleItemsCanBeAccessedWithGetMethod" file="/home/runner/work/develop/develop/packages/framework/tests/Feature/MetadataTest.php" line="130" class="Hyde\Framework\Testing\Feature\MetadataTest" classname="Hyde.Framework.Testing.Feature.MetadataTest" assertions="1" time="0.005991"/>
        <testcase name="testMultipleItemsOfSameKeyAndTypeOnlyKeepsLatest" file="/home/runner/work/develop/develop/packages/framework/tests/Feature/MetadataTest.php" line="146" class="Hyde\Framework\Testing\Feature\MetadataTest" classname="Hyde.Framework.Testing.Feature.MetadataTest" assertions="1" time="0.005837"/>
        <testcase name="testRenderReturnsHtmlStringOfImplodedMetadataArrays" file="/home/runner/work/develop/develop/packages/framework/tests/Feature/MetadataTest.php" line="157" class="Hyde\Framework\Testing\Feature\MetadataTest" classname="Hyde.Framework.Testing.Feature.MetadataTest" assertions="1" time="0.005781"/>
        <testcase name="testCustomMetadataOverridesConfigDefinedMetadata" file="/home/runner/work/develop/develop/packages/framework/tests/Feature/MetadataTest.php" line="174" class="Hyde\Framework\Testing\Feature\MetadataTest" classname="Hyde.Framework.Testing.Feature.MetadataTest" assertions="1" time="0.005852"/>
        <testcase name="testDynamicMetadataOverridesConfigDefinedMetadata" file="/home/runner/work/develop/develop/packages/framework/tests/Feature/MetadataTest.php" line="186" class="Hyde\Framework\Testing\Feature\MetadataTest" classname="Hyde.Framework.Testing.Feature.MetadataTest" assertions="1" time="0.005446"/>
        <testcase name="testDoesNotAddCanonicalLinkWhenBaseUrlIsNotSet" file="/home/runner/work/develop/develop/packages/framework/tests/Feature/MetadataTest.php" line="199" class="Hyde\Framework\Testing\Feature\MetadataTest" classname="Hyde.Framework.Testing.Feature.MetadataTest" assertions="1" time="0.005093"/>
        <testcase name="testDoesNotAddCanonicalLinkWhenIdentifierIsNotSet" file="/home/runner/work/develop/develop/packages/framework/tests/Feature/MetadataTest.php" line="207" class="Hyde\Framework\Testing\Feature\MetadataTest" classname="Hyde.Framework.Testing.Feature.MetadataTest" assertions="1" time="0.005291"/>
        <testcase name="testAddsCanonicalLinkWhenBaseUrlAndIdentifierIsSet" file="/home/runner/work/develop/develop/packages/framework/tests/Feature/MetadataTest.php" line="215" class="Hyde\Framework\Testing\Feature\MetadataTest" classname="Hyde.Framework.Testing.Feature.MetadataTest" assertions="1" time="0.005559"/>
        <testcase name="testCanonicalLinkUsesCleanUrlSetting" file="/home/runner/work/develop/develop/packages/framework/tests/Feature/MetadataTest.php" line="223" class="Hyde\Framework\Testing\Feature\MetadataTest" classname="Hyde.Framework.Testing.Feature.MetadataTest" assertions="1" time="0.006426"/>
        <testcase name="testCanOverrideCanonicalLinkWithFrontMatter" file="/home/runner/work/develop/develop/packages/framework/tests/Feature/MetadataTest.php" line="232" class="Hyde\Framework\Testing\Feature\MetadataTest" classname="Hyde.Framework.Testing.Feature.MetadataTest" assertions="1" time="0.005544"/>
        <testcase name="testAddsTwitterAndOpenGraphTitleWhenTitleIsSet" file="/home/runner/work/develop/develop/packages/framework/tests/Feature/MetadataTest.php" line="241" class="Hyde\Framework\Testing\Feature\MetadataTest" classname="Hyde.Framework.Testing.Feature.MetadataTest" assertions="1" time="0.005199"/>
        <testcase name="testDoesNotAddTwitterAndOpenGraphTitleWhenNoTitleIsSet" file="/home/runner/work/develop/develop/packages/framework/tests/Feature/MetadataTest.php" line="252" class="Hyde\Framework\Testing\Feature\MetadataTest" classname="Hyde.Framework.Testing.Feature.MetadataTest" assertions="1" time="0.005182"/>
        <testcase name="testAddsDescriptionWhenDescriptionIsSetInPost" file="/home/runner/work/develop/develop/packages/framework/tests/Feature/MetadataTest.php" line="261" class="Hyde\Framework\Testing\Feature\MetadataTest" classname="Hyde.Framework.Testing.Feature.MetadataTest" assertions="1" time="0.005266"/>
        <testcase name="testDoesNotAddDescriptionWhenDescriptionIsNotSetInPost" file="/home/runner/work/develop/develop/packages/framework/tests/Feature/MetadataTest.php" line="267" class="Hyde\Framework\Testing\Feature\MetadataTest" classname="Hyde.Framework.Testing.Feature.MetadataTest" assertions="1" time="0.005475"/>
        <testcase name="testAddsAuthorWhenAuthorIsSetInPost" file="/home/runner/work/develop/develop/packages/framework/tests/Feature/MetadataTest.php" line="273" class="Hyde\Framework\Testing\Feature\MetadataTest" classname="Hyde.Framework.Testing.Feature.MetadataTest" assertions="1" time="0.006131"/>
        <testcase name="testDoesNotAddAuthorWhenAuthorIsNotSetInPost" file="/home/runner/work/develop/develop/packages/framework/tests/Feature/MetadataTest.php" line="279" class="Hyde\Framework\Testing\Feature\MetadataTest" classname="Hyde.Framework.Testing.Feature.MetadataTest" assertions="1" time="0.005361"/>
        <testcase name="testAddsKeywordsWhenCategoryIsSetInPost" file="/home/runner/work/develop/develop/packages/framework/tests/Feature/MetadataTest.php" line="285" class="Hyde\Framework\Testing\Feature\MetadataTest" classname="Hyde.Framework.Testing.Feature.MetadataTest" assertions="1" time="0.004969"/>
        <testcase name="testDoesNotAddKeywordsWhenCategoryIsNotSetInPost" file="/home/runner/work/develop/develop/packages/framework/tests/Feature/MetadataTest.php" line="291" class="Hyde\Framework\Testing\Feature\MetadataTest" classname="Hyde.Framework.Testing.Feature.MetadataTest" assertions="1" time="0.004845"/>
        <testcase name="testAddsUrlPropertyWhenCanonicalUrlIsSetInPost" file="/home/runner/work/develop/develop/packages/framework/tests/Feature/MetadataTest.php" line="297" class="Hyde\Framework\Testing\Feature\MetadataTest" classname="Hyde.Framework.Testing.Feature.MetadataTest" assertions="1" time="0.005349"/>
        <testcase name="testDoesNotAddUrlPropertyWhenCanonicalUrlIsNotSetInPost" file="/home/runner/work/develop/develop/packages/framework/tests/Feature/MetadataTest.php" line="303" class="Hyde\Framework\Testing\Feature\MetadataTest" classname="Hyde.Framework.Testing.Feature.MetadataTest" assertions="1" time="0.004904"/>
        <testcase name="testDoesNotAddUrlPropertyWhenCanonicalUrlIsNull" file="/home/runner/work/develop/develop/packages/framework/tests/Feature/MetadataTest.php" line="309" class="Hyde\Framework\Testing\Feature\MetadataTest" classname="Hyde.Framework.Testing.Feature.MetadataTest" assertions="1" time="0.004810"/>
        <testcase name="testAddsTitlePropertyWhenTitleIsSetInPost" file="/home/runner/work/develop/develop/packages/framework/tests/Feature/MetadataTest.php" line="315" class="Hyde\Framework\Testing\Feature\MetadataTest" classname="Hyde.Framework.Testing.Feature.MetadataTest" assertions="1" time="0.004737"/>
        <testcase name="testDoesNotAddTitlePropertyWhenTitleIsNotSetInPost" file="/home/runner/work/develop/develop/packages/framework/tests/Feature/MetadataTest.php" line="321" class="Hyde\Framework\Testing\Feature\MetadataTest" classname="Hyde.Framework.Testing.Feature.MetadataTest" assertions="1" time="0.004858"/>
        <testcase name="testAddsPublishedTimePropertyWhenDateIsSetInPost" file="/home/runner/work/develop/develop/packages/framework/tests/Feature/MetadataTest.php" line="327" class="Hyde\Framework\Testing\Feature\MetadataTest" classname="Hyde.Framework.Testing.Feature.MetadataTest" assertions="1" time="0.004829"/>
        <testcase name="testDoesNotAddPublishedTimePropertyWhenDateIsNotSetInPost" file="/home/runner/work/develop/develop/packages/framework/tests/Feature/MetadataTest.php" line="333" class="Hyde\Framework\Testing\Feature\MetadataTest" classname="Hyde.Framework.Testing.Feature.MetadataTest" assertions="1" time="0.005520"/>
        <testcase name="testAddsImagePropertyWhenImageIsSetInPost" file="/home/runner/work/develop/develop/packages/framework/tests/Feature/MetadataTest.php" line="339" class="Hyde\Framework\Testing\Feature\MetadataTest" classname="Hyde.Framework.Testing.Feature.MetadataTest" assertions="1" time="0.005704"/>
        <testcase name="testDoesNotAddImagePropertyWhenImageIsNotSetInPost" file="/home/runner/work/develop/develop/packages/framework/tests/Feature/MetadataTest.php" line="345" class="Hyde\Framework\Testing\Feature\MetadataTest" classname="Hyde.Framework.Testing.Feature.MetadataTest" assertions="1" time="0.004847"/>
        <testcase name="testAddsTypePropertyAutomatically" file="/home/runner/work/develop/develop/packages/framework/tests/Feature/MetadataTest.php" line="351" class="Hyde\Framework\Testing\Feature\MetadataTest" classname="Hyde.Framework.Testing.Feature.MetadataTest" assertions="1" time="0.004788"/>
        <testcase name="testDynamicPostMetaPropertiesReturnsBaseArrayWhenInitializedWithEmptyFrontMatter" file="/home/runner/work/develop/develop/packages/framework/tests/Feature/MetadataTest.php" line="357" class="Hyde\Framework\Testing\Feature\MetadataTest" classname="Hyde.Framework.Testing.Feature.MetadataTest" assertions="1" time="0.004943"/>
        <testcase name="testDynamicPostMetaPropertiesContainsImageMetadataWhenFeaturedImageSetToString" file="/home/runner/work/develop/develop/packages/framework/tests/Feature/MetadataTest.php" line="363" class="Hyde\Framework\Testing\Feature\MetadataTest" classname="Hyde.Framework.Testing.Feature.MetadataTest" assertions="1" time="0.005972"/>
        <testcase name="testDynamicPostMetaPropertiesContainsImageLinkThatIsAlwaysRelative" file="/home/runner/work/develop/develop/packages/framework/tests/Feature/MetadataTest.php" line="372" class="Hyde\Framework\Testing\Feature\MetadataTest" classname="Hyde.Framework.Testing.Feature.MetadataTest" assertions="1" time="0.006212"/>
        <testcase name="testDynamicPostMetaPropertiesContainsImageLinkThatIsAlwaysRelativeForNestedPosts" file="/home/runner/work/develop/develop/packages/framework/tests/Feature/MetadataTest.php" line="381" class="Hyde\Framework\Testing\Feature\MetadataTest" classname="Hyde.Framework.Testing.Feature.MetadataTest" assertions="1" time="0.006969"/>
        <testcase name="testDynamicPostMetaPropertiesContainsImageLinkThatIsAlwaysRelativeForNestedOutputDirectories" file="/home/runner/work/develop/develop/packages/framework/tests/Feature/MetadataTest.php" line="390" class="Hyde\Framework\Testing\Feature\MetadataTest" classname="Hyde.Framework.Testing.Feature.MetadataTest" assertions="1" time="0.006601"/>
        <testcase name="testDynamicPostMetaPropertiesContainsImageLinkThatIsAlwaysRelativeForNestedPostsAndNestedOutputDirectories" file="/home/runner/work/develop/develop/packages/framework/tests/Feature/MetadataTest.php" line="400" class="Hyde\Framework\Testing\Feature\MetadataTest" classname="Hyde.Framework.Testing.Feature.MetadataTest" assertions="1" time="0.006697"/>
        <testcase name="testDynamicPostMetaPropertiesContainsImageLinkThatUsesTheConfiguredMediaDirectory" file="/home/runner/work/develop/develop/packages/framework/tests/Feature/MetadataTest.php" line="410" class="Hyde\Framework\Testing\Feature\MetadataTest" classname="Hyde.Framework.Testing.Feature.MetadataTest" assertions="1" time="0.006523"/>
        <testcase name="testDynamicPostMetaPropertiesContainsImageMetadataWhenFeaturedImageSetToArrayWithPath" file="/home/runner/work/develop/develop/packages/framework/tests/Feature/MetadataTest.php" line="420" class="Hyde\Framework\Testing\Feature\MetadataTest" classname="Hyde.Framework.Testing.Feature.MetadataTest" assertions="1" time="0.006362"/>
        <testcase name="testDynamicPostMetaPropertiesContainsImageMetadataWhenFeaturedImageSetToArrayWithUrl" file="/home/runner/work/develop/develop/packages/framework/tests/Feature/MetadataTest.php" line="431" class="Hyde\Framework\Testing\Feature\MetadataTest" classname="Hyde.Framework.Testing.Feature.MetadataTest" assertions="1" time="0.006074"/>
        <testcase name="testDynamicPostAuthorReturnsAuthorNameWhenAuthorSetToArrayUsingUsername" file="/home/runner/work/develop/develop/packages/framework/tests/Feature/MetadataTest.php" line="442" class="Hyde\Framework\Testing\Feature\MetadataTest" classname="Hyde.Framework.Testing.Feature.MetadataTest" assertions="1" time="0.005560"/>
        <testcase name="testDynamicPostAuthorReturnsAuthorNameWhenAuthorSetToArrayUsingName" file="/home/runner/work/develop/develop/packages/framework/tests/Feature/MetadataTest.php" line="452" class="Hyde\Framework\Testing\Feature\MetadataTest" classname="Hyde.Framework.Testing.Feature.MetadataTest" assertions="1" time="0.005503"/>
        <testcase name="testNoAuthorIsSetWhenAuthorSetToArrayWithoutNameOrUsername" file="/home/runner/work/develop/develop/packages/framework/tests/Feature/MetadataTest.php" line="463" class="Hyde\Framework\Testing\Feature\MetadataTest" classname="Hyde.Framework.Testing.Feature.MetadataTest" assertions="1" time="0.005608"/>
      </testsuite>
      <testsuite name="Hyde\Framework\Testing\Feature\MetadataViewTest" file="/home/runner/work/develop/develop/packages/framework/tests/Feature/MetadataViewTest.php" tests="5" assertions="84" errors="0" failures="0" skipped="0" time="0.133525">
        <testcase name="testMetadataTagsInEmptyBladePage" file="/home/runner/work/develop/develop/packages/framework/tests/Feature/MetadataViewTest.php" line="88" class="Hyde\Framework\Testing\Feature\MetadataViewTest" classname="Hyde.Framework.Testing.Feature.MetadataViewTest" assertions="13" time="0.022895"/>
        <testcase name="testMetadataTagsInEmptyMarkdownPage" file="/home/runner/work/develop/develop/packages/framework/tests/Feature/MetadataViewTest.php" line="104" class="Hyde\Framework\Testing\Feature\MetadataViewTest" classname="Hyde.Framework.Testing.Feature.MetadataViewTest" assertions="13" time="0.023642"/>
        <testcase name="testMetadataTagsInEmptyDocumentationPage" file="/home/runner/work/develop/develop/packages/framework/tests/Feature/MetadataViewTest.php" line="120" class="Hyde\Framework\Testing\Feature\MetadataViewTest" classname="Hyde.Framework.Testing.Feature.MetadataViewTest" assertions="13" time="0.029060"/>
        <testcase name="testMetadataTagsInEmptyMarkdownPost" file="/home/runner/work/develop/develop/packages/framework/tests/Feature/MetadataViewTest.php" line="136" class="Hyde\Framework\Testing\Feature\MetadataViewTest" classname="Hyde.Framework.Testing.Feature.MetadataViewTest" assertions="19" time="0.026104"/>
        <testcase name="testMetadataTagsInMarkdownPostWithFlatFrontMatter" file="/home/runner/work/develop/develop/packages/framework/tests/Feature/MetadataViewTest.php" line="158" class="Hyde\Framework\Testing\Feature\MetadataViewTest" classname="Hyde.Framework.Testing.Feature.MetadataViewTest" assertions="26" time="0.031824"/>
      </testsuite>
      <testsuite name="Hyde\Framework\Testing\Feature\NavigationDataTest" file="/home/runner/work/develop/develop/packages/framework/tests/Feature/NavigationDataTest.php" tests="5" assertions="8" errors="0" failures="0" skipped="0" time="0.008479">
        <testcase name="testClassMatchesSchema" file="/home/runner/work/develop/develop/packages/framework/tests/Feature/NavigationDataTest.php" line="24" class="Hyde\Framework\Testing\Feature\NavigationDataTest" classname="Hyde.Framework.Testing.Feature.NavigationDataTest" assertions="1" time="0.001751"/>
        <testcase name="testConstruct" file="/home/runner/work/develop/develop/packages/framework/tests/Feature/NavigationDataTest.php" line="32" class="Hyde\Framework\Testing\Feature\NavigationDataTest" classname="Hyde.Framework.Testing.Feature.NavigationDataTest" assertions="4" time="0.001807"/>
        <testcase name="testMake" file="/home/runner/work/develop/develop/packages/framework/tests/Feature/NavigationDataTest.php" line="42" class="Hyde\Framework\Testing\Feature\NavigationDataTest" classname="Hyde.Framework.Testing.Feature.NavigationDataTest" assertions="1" time="0.001631"/>
        <testcase name="testToArray" file="/home/runner/work/develop/develop/packages/framework/tests/Feature/NavigationDataTest.php" line="49" class="Hyde\Framework\Testing\Feature\NavigationDataTest" classname="Hyde.Framework.Testing.Feature.NavigationDataTest" assertions="1" time="0.001537"/>
        <testcase name="testJsonSerialize" file="/home/runner/work/develop/develop/packages/framework/tests/Feature/NavigationDataTest.php" line="54" class="Hyde\Framework\Testing\Feature\NavigationDataTest" classname="Hyde.Framework.Testing.Feature.NavigationDataTest" assertions="1" time="0.001753"/>
      </testsuite>
      <testsuite name="Hyde\Framework\Testing\Feature\NavigationMenuTest" file="/home/runner/work/develop/develop/packages/framework/tests/Feature/NavigationMenuTest.php" tests="29" assertions="48" errors="0" failures="0" skipped="0" time="0.302658">
        <testcase name="testConstructor" file="/home/runner/work/develop/develop/packages/framework/tests/Feature/NavigationMenuTest.php" line="25" class="Hyde\Framework\Testing\Feature\NavigationMenuTest" classname="Hyde.Framework.Testing.Feature.NavigationMenuTest" assertions="1" time="0.008325"/>
        <testcase name="testGenerateMethodCreatesCollectionOfNavItems" file="/home/runner/work/develop/develop/packages/framework/tests/Feature/NavigationMenuTest.php" line="30" class="Hyde\Framework\Testing\Feature\NavigationMenuTest" classname="Hyde.Framework.Testing.Feature.NavigationMenuTest" assertions="1" time="0.008271"/>
        <testcase name="testGetItemsReturnsItems" file="/home/runner/work/develop/develop/packages/framework/tests/Feature/NavigationMenuTest.php" line="35" class="Hyde\Framework\Testing\Feature\NavigationMenuTest" classname="Hyde.Framework.Testing.Feature.NavigationMenuTest" assertions="1" time="0.009158"/>
        <testcase name="testItemsAreSortedByPriority" file="/home/runner/work/develop/develop/packages/framework/tests/Feature/NavigationMenuTest.php" line="40" class="Hyde\Framework\Testing\Feature\NavigationMenuTest" classname="Hyde.Framework.Testing.Feature.NavigationMenuTest" assertions="1" time="0.011024"/>
        <testcase name="testItemsWithHiddenPropertySetToTrueAreNotAdded" file="/home/runner/work/develop/develop/packages/framework/tests/Feature/NavigationMenuTest.php" line="49" class="Hyde\Framework\Testing\Feature\NavigationMenuTest" classname="Hyde.Framework.Testing.Feature.NavigationMenuTest" assertions="1" time="0.010025"/>
        <testcase name="testCreatedCollectionIsSortedByNavigationMenuPriority" file="/home/runner/work/develop/develop/packages/framework/tests/Feature/NavigationMenuTest.php" line="57" class="Hyde\Framework\Testing\Feature\NavigationMenuTest" classname="Hyde.Framework.Testing.Feature.NavigationMenuTest" assertions="2" time="0.012559"/>
        <testcase name="testIsSortedAutomaticallyWhenUsingNavigationMenuCreate" file="/home/runner/work/develop/develop/packages/framework/tests/Feature/NavigationMenuTest.php" line="74" class="Hyde\Framework\Testing\Feature\NavigationMenuTest" classname="Hyde.Framework.Testing.Feature.NavigationMenuTest" assertions="2" time="0.010562"/>
        <testcase name="testCollectionOnlyContainsNavItems" file="/home/runner/work/develop/develop/packages/framework/tests/Feature/NavigationMenuTest.php" line="89" class="Hyde\Framework\Testing\Feature\NavigationMenuTest" classname="Hyde.Framework.Testing.Feature.NavigationMenuTest" assertions="1" time="0.007925"/>
        <testcase name="testExternalLinkCanBeAddedInConfig" file="/home/runner/work/develop/develop/packages/framework/tests/Feature/NavigationMenuTest.php" line="94" class="Hyde\Framework\Testing\Feature\NavigationMenuTest" classname="Hyde.Framework.Testing.Feature.NavigationMenuTest" assertions="2" time="0.009101"/>
        <testcase name="testPathLinkCanBeAddedInConfig" file="/home/runner/work/develop/develop/packages/framework/tests/Feature/NavigationMenuTest.php" line="109" class="Hyde\Framework\Testing\Feature\NavigationMenuTest" classname="Hyde.Framework.Testing.Feature.NavigationMenuTest" assertions="2" time="0.008924"/>
        <testcase name="testDuplicatesAreRemovedWhenAddingInConfig" file="/home/runner/work/develop/develop/packages/framework/tests/Feature/NavigationMenuTest.php" line="124" class="Hyde\Framework\Testing\Feature\NavigationMenuTest" classname="Hyde.Framework.Testing.Feature.NavigationMenuTest" assertions="2" time="0.008966"/>
        <testcase name="testDuplicatesAreRemovedWhenAddingInConfigRegardlessOfDestination" file="/home/runner/work/develop/develop/packages/framework/tests/Feature/NavigationMenuTest.php" line="142" class="Hyde\Framework\Testing\Feature\NavigationMenuTest" classname="Hyde.Framework.Testing.Feature.NavigationMenuTest" assertions="2" time="0.009140"/>
        <testcase name="testConfigItemsTakePrecedenceOverGeneratedItems" file="/home/runner/work/develop/develop/packages/framework/tests/Feature/NavigationMenuTest.php" line="160" class="Hyde\Framework\Testing\Feature\NavigationMenuTest" classname="Hyde.Framework.Testing.Feature.NavigationMenuTest" assertions="2" time="0.010416"/>
        <testcase name="testDocumentationPagesThatAreNotIndexAreNotAddedToTheMenu" file="/home/runner/work/develop/develop/packages/framework/tests/Feature/NavigationMenuTest.php" line="177" class="Hyde\Framework\Testing\Feature\NavigationMenuTest" classname="Hyde.Framework.Testing.Feature.NavigationMenuTest" assertions="2" time="0.011585"/>
        <testcase name="testPagesInSubdirectoriesAreNotAddedToTheNavigationMenu" file="/home/runner/work/develop/develop/packages/framework/tests/Feature/NavigationMenuTest.php" line="193" class="Hyde\Framework\Testing\Feature\NavigationMenuTest" classname="Hyde.Framework.Testing.Feature.NavigationMenuTest" assertions="2" time="0.011769"/>
        <testcase name="testPagesInSubdirectoriesCanBeAddedToTheNavigationMenuWithConfigFlatSetting" file="/home/runner/work/develop/develop/packages/framework/tests/Feature/NavigationMenuTest.php" line="205" class="Hyde\Framework\Testing\Feature\NavigationMenuTest" classname="Hyde.Framework.Testing.Feature.NavigationMenuTest" assertions="2" time="0.011860"/>
        <testcase name="testPagesInSubdirectoriesAreNotAddedToTheNavigationMenuWithConfigDropdownSetting" file="/home/runner/work/develop/develop/packages/framework/tests/Feature/NavigationMenuTest.php" line="221" class="Hyde\Framework\Testing\Feature\NavigationMenuTest" classname="Hyde.Framework.Testing.Feature.NavigationMenuTest" assertions="2" time="0.018900"/>
        <testcase name="testHasDropdownsReturnsFalseWhenThereAreNoDropdowns" file="/home/runner/work/develop/develop/packages/framework/tests/Feature/NavigationMenuTest.php" line="239" class="Hyde\Framework\Testing\Feature\NavigationMenuTest" classname="Hyde.Framework.Testing.Feature.NavigationMenuTest" assertions="1" time="0.008906"/>
        <testcase name="testHasDropdownsReturnsTrueWhenThereAreDropdowns" file="/home/runner/work/develop/develop/packages/framework/tests/Feature/NavigationMenuTest.php" line="246" class="Hyde\Framework\Testing\Feature\NavigationMenuTest" classname="Hyde.Framework.Testing.Feature.NavigationMenuTest" assertions="1" time="0.009463"/>
        <testcase name="testHasDropdownsAlwaysReturnsFalseWhenDropdownsAreDisabled" file="/home/runner/work/develop/develop/packages/framework/tests/Feature/NavigationMenuTest.php" line="254" class="Hyde\Framework\Testing\Feature\NavigationMenuTest" classname="Hyde.Framework.Testing.Feature.NavigationMenuTest" assertions="1" time="0.009611"/>
        <testcase name="testGetDropdownsReturnsEmptyArrayThereAreNoDropdowns" file="/home/runner/work/develop/develop/packages/framework/tests/Feature/NavigationMenuTest.php" line="260" class="Hyde\Framework\Testing\Feature\NavigationMenuTest" classname="Hyde.Framework.Testing.Feature.NavigationMenuTest" assertions="2" time="0.008948"/>
        <testcase name="testGetDropdownsReturnsCorrectArrayWhenThereAreDropdowns" file="/home/runner/work/develop/develop/packages/framework/tests/Feature/NavigationMenuTest.php" line="268" class="Hyde\Framework\Testing\Feature\NavigationMenuTest" classname="Hyde.Framework.Testing.Feature.NavigationMenuTest" assertions="2" time="0.010622"/>
        <testcase name="testGetDropdownsWithMultipleItems" file="/home/runner/work/develop/develop/packages/framework/tests/Feature/NavigationMenuTest.php" line="281" class="Hyde\Framework\Testing\Feature\NavigationMenuTest" classname="Hyde.Framework.Testing.Feature.NavigationMenuTest" assertions="2" time="0.011934"/>
        <testcase name="testGetDropdownsWithMultipleDropdowns" file="/home/runner/work/develop/develop/packages/framework/tests/Feature/NavigationMenuTest.php" line="299" class="Hyde\Framework\Testing\Feature\NavigationMenuTest" classname="Hyde.Framework.Testing.Feature.NavigationMenuTest" assertions="2" time="0.013619"/>
        <testcase name="testGetDropdownsThrowsExceptionWhenDisabled" file="/home/runner/work/develop/develop/packages/framework/tests/Feature/NavigationMenuTest.php" line="322" class="Hyde\Framework\Testing\Feature\NavigationMenuTest" classname="Hyde.Framework.Testing.Feature.NavigationMenuTest" assertions="2" time="0.007927"/>
        <testcase name="testDocumentationPagesDoNotGetAddedToDropdowns" file="/home/runner/work/develop/develop/packages/framework/tests/Feature/NavigationMenuTest.php" line="331" class="Hyde\Framework\Testing\Feature\NavigationMenuTest" classname="Hyde.Framework.Testing.Feature.NavigationMenuTest" assertions="2" time="0.009944"/>
        <testcase name="testBlogPostsDoNotGetAddedToDropdowns" file="/home/runner/work/develop/develop/packages/framework/tests/Feature/NavigationMenuTest.php" line="343" class="Hyde\Framework\Testing\Feature\NavigationMenuTest" classname="Hyde.Framework.Testing.Feature.NavigationMenuTest" assertions="2" time="0.010427"/>
        <testcase name="testPagesInDropdownsDoNotGetAddedToTheMainNavigation" file="/home/runner/work/develop/develop/packages/framework/tests/Feature/NavigationMenuTest.php" line="355" class="Hyde\Framework\Testing\Feature\NavigationMenuTest" classname="Hyde.Framework.Testing.Feature.NavigationMenuTest" assertions="2" time="0.012007"/>
        <testcase name="testDropdownMenuItemsAreSortedByPriority" file="/home/runner/work/develop/develop/packages/framework/tests/Feature/NavigationMenuTest.php" line="373" class="Hyde\Framework\Testing\Feature\NavigationMenuTest" classname="Hyde.Framework.Testing.Feature.NavigationMenuTest" assertions="1" time="0.010738"/>
      </testsuite>
      <testsuite name="Hyde\Framework\Testing\Feature\PageCollectionTest" file="/home/runner/work/develop/develop/packages/framework/tests/Feature/PageCollectionTest.php" tests="12" assertions="38" errors="0" failures="0" skipped="0" time="0.160643">
        <testcase name="testBootMethodCreatesNewPageCollectionAndDiscoversPagesAutomatically" file="/home/runner/work/develop/develop/packages/framework/tests/Feature/PageCollectionTest.php" line="27" class="Hyde\Framework\Testing\Feature\PageCollectionTest" classname="Hyde.Framework.Testing.Feature.PageCollectionTest" assertions="3" time="0.012400"/>
        <testcase name="testBladePagesAreDiscovered" file="/home/runner/work/develop/develop/packages/framework/tests/Feature/PageCollectionTest.php" line="39" class="Hyde\Framework\Testing\Feature\PageCollectionTest" classname="Hyde.Framework.Testing.Feature.PageCollectionTest" assertions="2" time="0.012422"/>
        <testcase name="testMarkdownPagesAreDiscovered" file="/home/runner/work/develop/develop/packages/framework/tests/Feature/PageCollectionTest.php" line="48" class="Hyde\Framework\Testing\Feature\PageCollectionTest" classname="Hyde.Framework.Testing.Feature.PageCollectionTest" assertions="2" time="0.012936"/>
        <testcase name="testMarkdownPostsAreDiscovered" file="/home/runner/work/develop/develop/packages/framework/tests/Feature/PageCollectionTest.php" line="57" class="Hyde\Framework\Testing\Feature\PageCollectionTest" classname="Hyde.Framework.Testing.Feature.PageCollectionTest" assertions="2" time="0.014865"/>
        <testcase name="testDocumentationPagesAreDiscovered" file="/home/runner/work/develop/develop/packages/framework/tests/Feature/PageCollectionTest.php" line="66" class="Hyde\Framework\Testing\Feature\PageCollectionTest" classname="Hyde.Framework.Testing.Feature.PageCollectionTest" assertions="2" time="0.013882"/>
        <testcase name="testGetPageReturnsParsedPageObjectForGivenSourcePath" file="/home/runner/work/develop/develop/packages/framework/tests/Feature/PageCollectionTest.php" line="74" class="Hyde\Framework\Testing\Feature\PageCollectionTest" classname="Hyde.Framework.Testing.Feature.PageCollectionTest" assertions="1" time="0.010355"/>
        <testcase name="testGetPagesReturnsCollectionOfPagesOfGivenClass" file="/home/runner/work/develop/develop/packages/framework/tests/Feature/PageCollectionTest.php" line="80" class="Hyde\Framework\Testing\Feature\PageCollectionTest" classname="Hyde.Framework.Testing.Feature.PageCollectionTest" assertions="11" time="0.026142"/>
        <testcase name="testGetPagesReturnsAllPagesWhenNotSuppliedWithClassString" file="/home/runner/work/develop/develop/packages/framework/tests/Feature/PageCollectionTest.php" line="108" class="Hyde\Framework\Testing\Feature\PageCollectionTest" classname="Hyde.Framework.Testing.Feature.PageCollectionTest" assertions="6" time="0.020569"/>
        <testcase name="testGetPagesReturnsEmptyCollectionWhenNoPagesAreDiscovered" file="/home/runner/work/develop/develop/packages/framework/tests/Feature/PageCollectionTest.php" line="130" class="Hyde\Framework\Testing\Feature\PageCollectionTest" classname="Hyde.Framework.Testing.Feature.PageCollectionTest" assertions="1" time="0.005380"/>
        <testcase name="testPagesAreNotDiscoveredForDisabledFeatures" file="/home/runner/work/develop/develop/packages/framework/tests/Feature/PageCollectionTest.php" line="137" class="Hyde\Framework\Testing\Feature\PageCollectionTest" classname="Hyde.Framework.Testing.Feature.PageCollectionTest" assertions="1" time="0.004666"/>
        <testcase name="testPagesWithCustomSourceDirectoriesAreDiscoveredProperly" file="/home/runner/work/develop/develop/packages/framework/tests/Feature/PageCollectionTest.php" line="156" class="Hyde\Framework\Testing\Feature\PageCollectionTest" classname="Hyde.Framework.Testing.Feature.PageCollectionTest" assertions="5" time="0.019343"/>
        <testcase name="testGetFileThrowsExceptionWhenFileIsNotFound" file="/home/runner/work/develop/develop/packages/framework/tests/Feature/PageCollectionTest.php" line="182" class="Hyde\Framework\Testing\Feature\PageCollectionTest" classname="Hyde.Framework.Testing.Feature.PageCollectionTest" assertions="2" time="0.007684"/>
      </testsuite>
      <testsuite name="Hyde\Framework\Testing\Feature\PageModelConstructorsTest" file="/home/runner/work/develop/develop/packages/framework/tests/Feature/PageModelConstructorsTest.php" tests="5" assertions="5" errors="0" failures="0" skipped="0" time="0.032778">
        <testcase name="testDynamicDataConstructorCanFindTitleFromFrontMatter" file="/home/runner/work/develop/develop/packages/framework/tests/Feature/PageModelConstructorsTest.php" line="24" class="Hyde\Framework\Testing\Feature\PageModelConstructorsTest" classname="Hyde.Framework.Testing.Feature.PageModelConstructorsTest" assertions="1" time="0.007077"/>
        <testcase name="testDynamicDataConstructorCanFindTitleFromH1Tag" file="/home/runner/work/develop/develop/packages/framework/tests/Feature/PageModelConstructorsTest.php" line="31" class="Hyde\Framework\Testing\Feature\PageModelConstructorsTest" classname="Hyde.Framework.Testing.Feature.PageModelConstructorsTest" assertions="1" time="0.006535"/>
        <testcase name="testDynamicDataConstructorCanFindTitleFromSlug" file="/home/runner/work/develop/develop/packages/framework/tests/Feature/PageModelConstructorsTest.php" line="39" class="Hyde\Framework\Testing\Feature\PageModelConstructorsTest" classname="Hyde.Framework.Testing.Feature.PageModelConstructorsTest" assertions="1" time="0.006115"/>
        <testcase name="testDocumentationPageParserCanGetGroupFromFrontMatter" file="/home/runner/work/develop/develop/packages/framework/tests/Feature/PageModelConstructorsTest.php" line="47" class="Hyde\Framework\Testing\Feature\PageModelConstructorsTest" classname="Hyde.Framework.Testing.Feature.PageModelConstructorsTest" assertions="1" time="0.007096"/>
        <testcase name="testDocumentationPageParserCanGetGroupAutomaticallyFromNestedPage" file="/home/runner/work/develop/develop/packages/framework/tests/Feature/PageModelConstructorsTest.php" line="55" class="Hyde\Framework\Testing\Feature\PageModelConstructorsTest" classname="Hyde.Framework.Testing.Feature.PageModelConstructorsTest" assertions="1" time="0.005955"/>
      </testsuite>
      <testsuite name="Hyde\Framework\Testing\Feature\PaginatorTest" file="/home/runner/work/develop/develop/packages/framework/tests/Feature/PaginatorTest.php" tests="32" assertions="60" errors="0" failures="0" skipped="0" time="0.159413">
        <testcase name="testItCanBeInstantiated" file="/home/runner/work/develop/develop/packages/framework/tests/Feature/PaginatorTest.php" line="18" class="Hyde\Framework\Testing\Feature\PaginatorTest" classname="Hyde.Framework.Testing.Feature.PaginatorTest" assertions="1" time="0.029239"/>
        <testcase name="testGetPaginatedPageCollection" file="/home/runner/work/develop/develop/packages/framework/tests/Feature/PaginatorTest.php" line="23" class="Hyde\Framework\Testing\Feature\PaginatorTest" classname="Hyde.Framework.Testing.Feature.PaginatorTest" assertions="1" time="0.003546"/>
        <testcase name="testGetPaginatedPageCollectionWithPages" file="/home/runner/work/develop/develop/packages/framework/tests/Feature/PaginatorTest.php" line="28" class="Hyde\Framework\Testing\Feature\PaginatorTest" classname="Hyde.Framework.Testing.Feature.PaginatorTest" assertions="4" time="0.004419"/>
        <testcase name="testCollectionIsChunkedBySpecifiedSettingValue" file="/home/runner/work/develop/develop/packages/framework/tests/Feature/PaginatorTest.php" line="44" class="Hyde\Framework\Testing\Feature\PaginatorTest" classname="Hyde.Framework.Testing.Feature.PaginatorTest" assertions="3" time="0.003718"/>
        <testcase name="testGetItemsForPageReturnsTheCorrectChunk" file="/home/runner/work/develop/develop/packages/framework/tests/Feature/PaginatorTest.php" line="56" class="Hyde\Framework\Testing\Feature\PaginatorTest" classname="Hyde.Framework.Testing.Feature.PaginatorTest" assertions="10" time="0.005124"/>
        <testcase name="testCanGetCurrentPageNumber" file="/home/runner/work/develop/develop/packages/framework/tests/Feature/PaginatorTest.php" line="76" class="Hyde\Framework\Testing\Feature\PaginatorTest" classname="Hyde.Framework.Testing.Feature.PaginatorTest" assertions="1" time="0.003439"/>
        <testcase name="testCanSetCurrentPageNumber" file="/home/runner/work/develop/develop/packages/framework/tests/Feature/PaginatorTest.php" line="82" class="Hyde\Framework\Testing\Feature\PaginatorTest" classname="Hyde.Framework.Testing.Feature.PaginatorTest" assertions="1" time="0.003459"/>
        <testcase name="testSetCurrentPageNumberRequiresIntegerToBeGreaterThanNought" file="/home/runner/work/develop/develop/packages/framework/tests/Feature/PaginatorTest.php" line="89" class="Hyde\Framework\Testing\Feature\PaginatorTest" classname="Hyde.Framework.Testing.Feature.PaginatorTest" assertions="1" time="0.003671"/>
        <testcase name="testSetCurrentPageNumberRequiresIntegerToBeGreaterThanNought2" file="/home/runner/work/develop/develop/packages/framework/tests/Feature/PaginatorTest.php" line="96" class="Hyde\Framework\Testing\Feature\PaginatorTest" classname="Hyde.Framework.Testing.Feature.PaginatorTest" assertions="1" time="0.003662"/>
        <testcase name="testSetCurrentPageNumberRequiresIntegerToBeLessThanTotalPages" file="/home/runner/work/develop/develop/packages/framework/tests/Feature/PaginatorTest.php" line="103" class="Hyde\Framework\Testing\Feature\PaginatorTest" classname="Hyde.Framework.Testing.Feature.PaginatorTest" assertions="2" time="0.003660"/>
        <testcase name="testCannotSetInvalidCurrentPageNumberInConstructor" file="/home/runner/work/develop/develop/packages/framework/tests/Feature/PaginatorTest.php" line="117" class="Hyde\Framework\Testing\Feature\PaginatorTest" classname="Hyde.Framework.Testing.Feature.PaginatorTest" assertions="1" time="0.003921"/>
        <testcase name="testLastPageReturnsTheLastPageNumber" file="/home/runner/work/develop/develop/packages/framework/tests/Feature/PaginatorTest.php" line="127" class="Hyde\Framework\Testing\Feature\PaginatorTest" classname="Hyde.Framework.Testing.Feature.PaginatorTest" assertions="1" time="0.003495"/>
        <testcase name="testTotalPagesReturnsTheTotalNumberOfPages" file="/home/runner/work/develop/develop/packages/framework/tests/Feature/PaginatorTest.php" line="132" class="Hyde\Framework\Testing\Feature\PaginatorTest" classname="Hyde.Framework.Testing.Feature.PaginatorTest" assertions="1" time="0.003468"/>
        <testcase name="testPerPageReturnsTheNumberOfItemsToBeShownPerPage" file="/home/runner/work/develop/develop/packages/framework/tests/Feature/PaginatorTest.php" line="137" class="Hyde\Framework\Testing\Feature\PaginatorTest" classname="Hyde.Framework.Testing.Feature.PaginatorTest" assertions="1" time="0.003608"/>
        <testcase name="testHasMultiplePagesReturnsTrueIfThereAreEnoughItemsToSplitIntoMultiplePages" file="/home/runner/work/develop/develop/packages/framework/tests/Feature/PaginatorTest.php" line="142" class="Hyde\Framework\Testing\Feature\PaginatorTest" classname="Hyde.Framework.Testing.Feature.PaginatorTest" assertions="1" time="0.003580"/>
        <testcase name="testHasPagesReturnsFalseIfThereAreNotEnoughItemsToSplitIntoMultiplePages" file="/home/runner/work/develop/develop/packages/framework/tests/Feature/PaginatorTest.php" line="147" class="Hyde\Framework\Testing\Feature\PaginatorTest" classname="Hyde.Framework.Testing.Feature.PaginatorTest" assertions="1" time="0.003787"/>
        <testcase name="testHasMorePagesReturnsTrueIfCursorCanNavigateForward" file="/home/runner/work/develop/develop/packages/framework/tests/Feature/PaginatorTest.php" line="152" class="Hyde\Framework\Testing\Feature\PaginatorTest" classname="Hyde.Framework.Testing.Feature.PaginatorTest" assertions="1" time="0.003565"/>
        <testcase name="testHasMorePagesReturnsFalseIfCursorCannotNavigateForward" file="/home/runner/work/develop/develop/packages/framework/tests/Feature/PaginatorTest.php" line="157" class="Hyde\Framework\Testing\Feature\PaginatorTest" classname="Hyde.Framework.Testing.Feature.PaginatorTest" assertions="1" time="0.003589"/>
        <testcase name="testHasFewerPagesReturnsTrueIfCursorCanNavigateBack" file="/home/runner/work/develop/develop/packages/framework/tests/Feature/PaginatorTest.php" line="162" class="Hyde\Framework\Testing\Feature\PaginatorTest" classname="Hyde.Framework.Testing.Feature.PaginatorTest" assertions="1" time="0.003525"/>
        <testcase name="testHasFewerPagesReturnsFalseIfCursorCannotNavigateBack" file="/home/runner/work/develop/develop/packages/framework/tests/Feature/PaginatorTest.php" line="167" class="Hyde\Framework\Testing\Feature\PaginatorTest" classname="Hyde.Framework.Testing.Feature.PaginatorTest" assertions="1" time="0.003472"/>
        <testcase name="testPreviousMethodWithoutFewerPagesReturnsFalse" file="/home/runner/work/develop/develop/packages/framework/tests/Feature/PaginatorTest.php" line="172" class="Hyde\Framework\Testing\Feature\PaginatorTest" classname="Hyde.Framework.Testing.Feature.PaginatorTest" assertions="1" time="0.003492"/>
        <testcase name="testNextMethodWithoutMorePagesReturnsFalse" file="/home/runner/work/develop/develop/packages/framework/tests/Feature/PaginatorTest.php" line="177" class="Hyde\Framework\Testing\Feature\PaginatorTest" classname="Hyde.Framework.Testing.Feature.PaginatorTest" assertions="1" time="0.003525"/>
        <testcase name="testPreviousMethodReturnsPreviousPageLinkWhenNoBaseRouteIsSet" file="/home/runner/work/develop/develop/packages/framework/tests/Feature/PaginatorTest.php" line="182" class="Hyde\Framework\Testing\Feature\PaginatorTest" classname="Hyde.Framework.Testing.Feature.PaginatorTest" assertions="1" time="0.003602"/>
        <testcase name="testNextMethodReturnsNextPageLinkWhenNoBaseRouteIsSet" file="/home/runner/work/develop/develop/packages/framework/tests/Feature/PaginatorTest.php" line="187" class="Hyde\Framework\Testing\Feature\PaginatorTest" classname="Hyde.Framework.Testing.Feature.PaginatorTest" assertions="1" time="0.003557"/>
        <testcase name="testPreviousAndNextMethodsWithBaseRouteSet" file="/home/runner/work/develop/develop/packages/framework/tests/Feature/PaginatorTest.php" line="192" class="Hyde\Framework\Testing\Feature\PaginatorTest" classname="Hyde.Framework.Testing.Feature.PaginatorTest" assertions="6" time="0.011421"/>
        <testcase name="testPreviousNumberWithoutFewerPagesReturnsFalse" file="/home/runner/work/develop/develop/packages/framework/tests/Feature/PaginatorTest.php" line="216" class="Hyde\Framework\Testing\Feature\PaginatorTest" classname="Hyde.Framework.Testing.Feature.PaginatorTest" assertions="1" time="0.003470"/>
        <testcase name="testNextNumberWithoutMorePagesReturnsFalse" file="/home/runner/work/develop/develop/packages/framework/tests/Feature/PaginatorTest.php" line="221" class="Hyde\Framework\Testing\Feature\PaginatorTest" classname="Hyde.Framework.Testing.Feature.PaginatorTest" assertions="1" time="0.003513"/>
        <testcase name="testPreviousNumberReturnsThePreviousPageNumberWhenThereIsOne" file="/home/runner/work/develop/develop/packages/framework/tests/Feature/PaginatorTest.php" line="226" class="Hyde\Framework\Testing\Feature\PaginatorTest" classname="Hyde.Framework.Testing.Feature.PaginatorTest" assertions="1" time="0.003635"/>
        <testcase name="testNextNumberReturnsTheNextPageNumberWhenThereIsOne" file="/home/runner/work/develop/develop/packages/framework/tests/Feature/PaginatorTest.php" line="231" class="Hyde\Framework\Testing\Feature\PaginatorTest" classname="Hyde.Framework.Testing.Feature.PaginatorTest" assertions="1" time="0.003644"/>
        <testcase name="testGetPageLinks" file="/home/runner/work/develop/develop/packages/framework/tests/Feature/PaginatorTest.php" line="236" class="Hyde\Framework\Testing\Feature\PaginatorTest" classname="Hyde.Framework.Testing.Feature.PaginatorTest" assertions="1" time="0.003850"/>
        <testcase name="testGetPageLinksWithBaseRoute" file="/home/runner/work/develop/develop/packages/framework/tests/Feature/PaginatorTest.php" line="250" class="Hyde\Framework\Testing\Feature\PaginatorTest" classname="Hyde.Framework.Testing.Feature.PaginatorTest" assertions="1" time="0.011437"/>
        <testcase name="testFirstItemNumberOnPage" file="/home/runner/work/develop/develop/packages/framework/tests/Feature/PaginatorTest.php" line="273" class="Hyde\Framework\Testing\Feature\PaginatorTest" classname="Hyde.Framework.Testing.Feature.PaginatorTest" assertions="9" time="0.004321"/>
      </testsuite>
      <testsuite name="Hyde\Framework\Testing\Feature\PharSupportTest" file="/home/runner/work/develop/develop/packages/framework/tests/Feature/PharSupportTest.php" tests="6" assertions="8" errors="0" failures="0" skipped="0" time="0.022284">
        <testcase name="testActive" file="/home/runner/work/develop/develop/packages/framework/tests/Feature/PharSupportTest.php" line="23" class="Hyde\Framework\Testing\Feature\PharSupportTest" classname="Hyde.Framework.Testing.Feature.PharSupportTest" assertions="1" time="0.004048"/>
        <testcase name="testMockActive" file="/home/runner/work/develop/develop/packages/framework/tests/Feature/PharSupportTest.php" line="28" class="Hyde\Framework\Testing\Feature\PharSupportTest" classname="Hyde.Framework.Testing.Feature.PharSupportTest" assertions="2" time="0.003699"/>
        <testcase name="testHasVendorDirectory" file="/home/runner/work/develop/develop/packages/framework/tests/Feature/PharSupportTest.php" line="37" class="Hyde\Framework\Testing\Feature\PharSupportTest" classname="Hyde.Framework.Testing.Feature.PharSupportTest" assertions="1" time="0.003659"/>
        <testcase name="testMockHasVendorDirectory" file="/home/runner/work/develop/develop/packages/framework/tests/Feature/PharSupportTest.php" line="42" class="Hyde\Framework\Testing\Feature\PharSupportTest" classname="Hyde.Framework.Testing.Feature.PharSupportTest" assertions="2" time="0.003703"/>
        <testcase name="testVendorPathCanRunInPhar" file="/home/runner/work/develop/develop/packages/framework/tests/Feature/PharSupportTest.php" line="51" class="Hyde\Framework\Testing\Feature\PharSupportTest" classname="Hyde.Framework.Testing.Feature.PharSupportTest" assertions="1" time="0.003669"/>
        <testcase name="testVendorPathCanRunInPharWithPathArgument" file="/home/runner/work/develop/develop/packages/framework/tests/Feature/PharSupportTest.php" line="59" class="Hyde\Framework\Testing\Feature\PharSupportTest" classname="Hyde.Framework.Testing.Feature.PharSupportTest" assertions="1" time="0.003505"/>
      </testsuite>
      <testsuite name="Hyde\Framework\Testing\Feature\ReadingTimeTest" file="/home/runner/work/develop/develop/packages/framework/tests/Feature/ReadingTimeTest.php" tests="12" assertions="38" errors="0" failures="0" skipped="0" time="0.048250">
        <testcase name="testConstruct" file="/home/runner/work/develop/develop/packages/framework/tests/Feature/ReadingTimeTest.php" line="23" class="Hyde\Framework\Testing\Feature\ReadingTimeTest" classname="Hyde.Framework.Testing.Feature.ReadingTimeTest" assertions="1" time="0.027896"/>
        <testcase name="testToString" file="/home/runner/work/develop/develop/packages/framework/tests/Feature/ReadingTimeTest.php" line="28" class="Hyde\Framework\Testing\Feature\ReadingTimeTest" classname="Hyde.Framework.Testing.Feature.ReadingTimeTest" assertions="1" time="0.001648"/>
        <testcase name="testGetWordCount" file="/home/runner/work/develop/develop/packages/framework/tests/Feature/ReadingTimeTest.php" line="33" class="Hyde\Framework\Testing\Feature\ReadingTimeTest" classname="Hyde.Framework.Testing.Feature.ReadingTimeTest" assertions="4" time="0.001763"/>
        <testcase name="testGetMinutes" file="/home/runner/work/develop/develop/packages/framework/tests/Feature/ReadingTimeTest.php" line="41" class="Hyde\Framework\Testing\Feature\ReadingTimeTest" classname="Hyde.Framework.Testing.Feature.ReadingTimeTest" assertions="4" time="0.001793"/>
        <testcase name="testGetSeconds" file="/home/runner/work/develop/develop/packages/framework/tests/Feature/ReadingTimeTest.php" line="49" class="Hyde\Framework\Testing\Feature\ReadingTimeTest" classname="Hyde.Framework.Testing.Feature.ReadingTimeTest" assertions="4" time="0.001748"/>
        <testcase name="testGetSecondsOver" file="/home/runner/work/develop/develop/packages/framework/tests/Feature/ReadingTimeTest.php" line="57" class="Hyde\Framework\Testing\Feature\ReadingTimeTest" classname="Hyde.Framework.Testing.Feature.ReadingTimeTest" assertions="4" time="0.001776"/>
        <testcase name="testGetFormatted" file="/home/runner/work/develop/develop/packages/framework/tests/Feature/ReadingTimeTest.php" line="65" class="Hyde\Framework\Testing\Feature\ReadingTimeTest" classname="Hyde.Framework.Testing.Feature.ReadingTimeTest" assertions="4" time="0.001846"/>
        <testcase name="testGetFormattedWithCustomFormatting" file="/home/runner/work/develop/develop/packages/framework/tests/Feature/ReadingTimeTest.php" line="73" class="Hyde\Framework\Testing\Feature\ReadingTimeTest" classname="Hyde.Framework.Testing.Feature.ReadingTimeTest" assertions="4" time="0.001801"/>
        <testcase name="testGetFormattedFormatsUpToOneMinuteWhenRoundUpIsSet" file="/home/runner/work/develop/develop/packages/framework/tests/Feature/ReadingTimeTest.php" line="81" class="Hyde\Framework\Testing\Feature\ReadingTimeTest" classname="Hyde.Framework.Testing.Feature.ReadingTimeTest" assertions="4" time="0.001800"/>
        <testcase name="testFormatUsingClosure" file="/home/runner/work/develop/develop/packages/framework/tests/Feature/ReadingTimeTest.php" line="89" class="Hyde\Framework\Testing\Feature\ReadingTimeTest" classname="Hyde.Framework.Testing.Feature.ReadingTimeTest" assertions="4" time="0.001766"/>
        <testcase name="testFromString" file="/home/runner/work/develop/develop/packages/framework/tests/Feature/ReadingTimeTest.php" line="106" class="Hyde\Framework\Testing\Feature\ReadingTimeTest" classname="Hyde.Framework.Testing.Feature.ReadingTimeTest" assertions="2" time="0.001710"/>
        <testcase name="testFromFile" file="/home/runner/work/develop/develop/packages/framework/tests/Feature/ReadingTimeTest.php" line="112" class="Hyde\Framework\Testing\Feature\ReadingTimeTest" classname="Hyde.Framework.Testing.Feature.ReadingTimeTest" assertions="2" time="0.002702"/>
      </testsuite>
      <testsuite name="Hyde\Framework\Testing\Feature\RedirectTest" file="/home/runner/work/develop/develop/packages/framework/tests/Feature/RedirectTest.php" tests="4" assertions="12" errors="0" failures="0" skipped="0" time="0.042346">
        <testcase name="testCanCreateARedirect" file="/home/runner/work/develop/develop/packages/framework/tests/Feature/RedirectTest.php" line="18" class="Hyde\Framework\Testing\Feature\RedirectTest" classname="Hyde.Framework.Testing.Feature.RedirectTest" assertions="7" time="0.018223"/>
        <testcase name="testPathParameterIsNormalized" file="/home/runner/work/develop/develop/packages/framework/tests/Feature/RedirectTest.php" line="51" class="Hyde\Framework\Testing\Feature\RedirectTest" classname="Hyde.Framework.Testing.Feature.RedirectTest" assertions="1" time="0.006022"/>
        <testcase name="testTextCanBeDisabled" file="/home/runner/work/develop/develop/packages/framework/tests/Feature/RedirectTest.php" line="60" class="Hyde\Framework\Testing\Feature\RedirectTest" classname="Hyde.Framework.Testing.Feature.RedirectTest" assertions="2" time="0.007392"/>
        <testcase name="testRedirectPagesCanBeCompilableByStaticSiteThoughManualDiscovery" file="/home/runner/work/develop/develop/packages/framework/tests/Feature/RedirectTest.php" line="69" class="Hyde\Framework\Testing\Feature\RedirectTest" classname="Hyde.Framework.Testing.Feature.RedirectTest" assertions="2" time="0.010708"/>
      </testsuite>
      <testsuite name="Hyde\Framework\Testing\Feature\RenderHelperTest" file="/home/runner/work/develop/develop/packages/framework/tests/Feature/RenderHelperTest.php" tests="14" assertions="36" errors="0" failures="0" skipped="0" time="0.094536">
        <testcase name="testSetAndGetPage" file="/home/runner/work/develop/develop/packages/framework/tests/Feature/RenderHelperTest.php" line="20" class="Hyde\Framework\Testing\Feature\RenderHelperTest" classname="Hyde.Framework.Testing.Feature.RenderHelperTest" assertions="2" time="0.008983"/>
        <testcase name="testSetPageSharesDataToViewAutomatically" file="/home/runner/work/develop/develop/packages/framework/tests/Feature/RenderHelperTest.php" line="28" class="Hyde\Framework\Testing\Feature\RenderHelperTest" classname="Hyde.Framework.Testing.Feature.RenderHelperTest" assertions="2" time="0.008531"/>
        <testcase name="testGetRoute" file="/home/runner/work/develop/develop/packages/framework/tests/Feature/RenderHelperTest.php" line="36" class="Hyde\Framework\Testing\Feature\RenderHelperTest" classname="Hyde.Framework.Testing.Feature.RenderHelperTest" assertions="2" time="0.008294"/>
        <testcase name="testGetRouteKey" file="/home/runner/work/develop/develop/packages/framework/tests/Feature/RenderHelperTest.php" line="44" class="Hyde\Framework\Testing\Feature\RenderHelperTest" classname="Hyde.Framework.Testing.Feature.RenderHelperTest" assertions="2" time="0.008142"/>
        <testcase name="testShareToView" file="/home/runner/work/develop/develop/packages/framework/tests/Feature/RenderHelperTest.php" line="52" class="Hyde\Framework\Testing\Feature\RenderHelperTest" classname="Hyde.Framework.Testing.Feature.RenderHelperTest" assertions="6" time="0.008477"/>
        <testcase name="testShare" file="/home/runner/work/develop/develop/packages/framework/tests/Feature/RenderHelperTest.php" line="65" class="Hyde\Framework\Testing\Feature\RenderHelperTest" classname="Hyde.Framework.Testing.Feature.RenderHelperTest" assertions="2" time="0.003622"/>
        <testcase name="testShareInvalidProperty" file="/home/runner/work/develop/develop/packages/framework/tests/Feature/RenderHelperTest.php" line="73" class="Hyde\Framework\Testing\Feature\RenderHelperTest" classname="Hyde.Framework.Testing.Feature.RenderHelperTest" assertions="2" time="0.003403"/>
        <testcase name="testShareCascadesDataToView" file="/home/runner/work/develop/develop/packages/framework/tests/Feature/RenderHelperTest.php" line="81" class="Hyde\Framework\Testing\Feature\RenderHelperTest" classname="Hyde.Framework.Testing.Feature.RenderHelperTest" assertions="2" time="0.003799"/>
        <testcase name="testClearData" file="/home/runner/work/develop/develop/packages/framework/tests/Feature/RenderHelperTest.php" line="89" class="Hyde\Framework\Testing\Feature\RenderHelperTest" classname="Hyde.Framework.Testing.Feature.RenderHelperTest" assertions="2" time="0.008563"/>
        <testcase name="testClearDataOnFacade" file="/home/runner/work/develop/develop/packages/framework/tests/Feature/RenderHelperTest.php" line="99" class="Hyde\Framework\Testing\Feature\RenderHelperTest" classname="Hyde.Framework.Testing.Feature.RenderHelperTest" assertions="2" time="0.008095"/>
        <testcase name="testClearDataCascadesToClearItsViewData" file="/home/runner/work/develop/develop/packages/framework/tests/Feature/RenderHelperTest.php" line="108" class="Hyde\Framework\Testing\Feature\RenderHelperTest" classname="Hyde.Framework.Testing.Feature.RenderHelperTest" assertions="6" time="0.008512"/>
        <testcase name="testClearDataDoesNotClearOtherViewData" file="/home/runner/work/develop/develop/packages/framework/tests/Feature/RenderHelperTest.php" line="122" class="Hyde\Framework\Testing\Feature\RenderHelperTest" classname="Hyde.Framework.Testing.Feature.RenderHelperTest" assertions="2" time="0.003651"/>
        <testcase name="testClearDataDoesNotClearRenderInstanceFromViewData" file="/home/runner/work/develop/develop/packages/framework/tests/Feature/RenderHelperTest.php" line="131" class="Hyde\Framework\Testing\Feature\RenderHelperTest" classname="Hyde.Framework.Testing.Feature.RenderHelperTest" assertions="2" time="0.003899"/>
        <testcase name="testToArray" file="/home/runner/work/develop/develop/packages/framework/tests/Feature/RenderHelperTest.php" line="140" class="Hyde\Framework\Testing\Feature\RenderHelperTest" classname="Hyde.Framework.Testing.Feature.RenderHelperTest" assertions="2" time="0.008564"/>
      </testsuite>
      <testsuite name="Hyde\Framework\Testing\Feature\RouteCollectionTest" file="/home/runner/work/develop/develop/packages/framework/tests/Feature/RouteCollectionTest.php" tests="7" assertions="19" errors="0" failures="0" skipped="0" time="0.098078">
        <testcase name="testBootMethodDiscoversAllPages" file="/home/runner/work/develop/develop/packages/framework/tests/Feature/RouteCollectionTest.php" line="27" class="Hyde\Framework\Testing\Feature\RouteCollectionTest" classname="Hyde.Framework.Testing.Feature.RouteCollectionTest" assertions="3" time="0.011154"/>
        <testcase name="testBootMethodDiscoversAllPageTypes" file="/home/runner/work/develop/develop/packages/framework/tests/Feature/RouteCollectionTest.php" line="40" class="Hyde\Framework\Testing\Feature\RouteCollectionTest" classname="Hyde.Framework.Testing.Feature.RouteCollectionTest" assertions="3" time="0.019686"/>
        <testcase name="testGetRoutesReturnsAllRoutes" file="/home/runner/work/develop/develop/packages/framework/tests/Feature/RouteCollectionTest.php" line="66" class="Hyde\Framework\Testing\Feature\RouteCollectionTest" classname="Hyde.Framework.Testing.Feature.RouteCollectionTest" assertions="1" time="0.014022"/>
        <testcase name="testGetRoutesForModelReturnsCollectionOfRoutesOfGivenClass" file="/home/runner/work/develop/develop/packages/framework/tests/Feature/RouteCollectionTest.php" line="77" class="Hyde\Framework\Testing\Feature\RouteCollectionTest" classname="Hyde.Framework.Testing.Feature.RouteCollectionTest" assertions="6" time="0.020803"/>
        <testcase name="testAddRouteAddsNewRoute" file="/home/runner/work/develop/develop/packages/framework/tests/Feature/RouteCollectionTest.php" line="99" class="Hyde\Framework\Testing\Feature\RouteCollectionTest" classname="Hyde.Framework.Testing.Feature.RouteCollectionTest" assertions="3" time="0.010285"/>
        <testcase name="testGetRoute" file="/home/runner/work/develop/develop/packages/framework/tests/Feature/RouteCollectionTest.php" line="108" class="Hyde\Framework\Testing\Feature\RouteCollectionTest" classname="Hyde.Framework.Testing.Feature.RouteCollectionTest" assertions="1" time="0.014122"/>
        <testcase name="testGetRouteWithNonExistingRoute" file="/home/runner/work/develop/develop/packages/framework/tests/Feature/RouteCollectionTest.php" line="113" class="Hyde\Framework\Testing\Feature\RouteCollectionTest" classname="Hyde.Framework.Testing.Feature.RouteCollectionTest" assertions="2" time="0.008007"/>
      </testsuite>
      <testsuite name="Hyde\Framework\Testing\Feature\RouteListTest" file="/home/runner/work/develop/develop/packages/framework/tests/Feature/RouteListTest.php" tests="3" assertions="3" errors="0" failures="0" skipped="0" time="0.024816">
        <testcase name="testRouteList" file="/home/runner/work/develop/develop/packages/framework/tests/Feature/RouteListTest.php" line="19" class="Hyde\Framework\Testing\Feature\RouteListTest" classname="Hyde.Framework.Testing.Feature.RouteListTest" assertions="1" time="0.008457"/>
        <testcase name="testHeaders" file="/home/runner/work/develop/develop/packages/framework/tests/Feature/RouteListTest.php" line="37" class="Hyde\Framework\Testing\Feature\RouteListTest" classname="Hyde.Framework.Testing.Feature.RouteListTest" assertions="1" time="0.007765"/>
        <testcase name="testWithDynamicPages" file="/home/runner/work/develop/develop/packages/framework/tests/Feature/RouteListTest.php" line="47" class="Hyde\Framework\Testing\Feature\RouteListTest" classname="Hyde.Framework.Testing.Feature.RouteListTest" assertions="1" time="0.008594"/>
      </testsuite>
      <testsuite name="Hyde\Framework\Testing\Feature\Services\BladeDownProcessorTest" file="/home/runner/work/develop/develop/packages/framework/tests/Feature/Services/BladeDownProcessorTest.php" tests="9" assertions="9" errors="0" failures="0" skipped="0" time="0.039163">
        <testcase name="testItRendersBladeEchoSyntax" file="/home/runner/work/develop/develop/packages/framework/tests/Feature/Services/BladeDownProcessorTest.php" line="17" class="Hyde\Framework\Testing\Feature\Services\BladeDownProcessorTest" classname="Hyde.Framework.Testing.Feature.Services.BladeDownProcessorTest" assertions="1" time="0.004810"/>
        <testcase name="testItRendersBladeWithinMultilineMarkdown" file="/home/runner/work/develop/develop/packages/framework/tests/Feature/Services/BladeDownProcessorTest.php" line="22" class="Hyde\Framework\Testing\Feature\Services\BladeDownProcessorTest" classname="Hyde.Framework.Testing.Feature.Services.BladeDownProcessorTest" assertions="1" time="0.004374"/>
        <testcase name="testItRendersBladeViews" file="/home/runner/work/develop/develop/packages/framework/tests/Feature/Services/BladeDownProcessorTest.php" line="31" class="Hyde\Framework\Testing\Feature\Services\BladeDownProcessorTest" classname="Hyde.Framework.Testing.Feature.Services.BladeDownProcessorTest" assertions="1" time="0.004685"/>
        <testcase name="testDirectiveIsCaseInsensitive" file="/home/runner/work/develop/develop/packages/framework/tests/Feature/Services/BladeDownProcessorTest.php" line="46" class="Hyde\Framework\Testing\Feature\Services\BladeDownProcessorTest" classname="Hyde.Framework.Testing.Feature.Services.BladeDownProcessorTest" assertions="1" time="0.004164"/>
        <testcase name="testDirectiveIsIgnoredIfItIsNotAtTheStartOfALine" file="/home/runner/work/develop/develop/packages/framework/tests/Feature/Services/BladeDownProcessorTest.php" line="51" class="Hyde\Framework\Testing\Feature\Services\BladeDownProcessorTest" classname="Hyde.Framework.Testing.Feature.Services.BladeDownProcessorTest" assertions="1" time="0.003368"/>
        <testcase name="testItRendersBladeEchoSyntaxWithVariables" file="/home/runner/work/develop/develop/packages/framework/tests/Feature/Services/BladeDownProcessorTest.php" line="57" class="Hyde\Framework\Testing\Feature\Services\BladeDownProcessorTest" classname="Hyde.Framework.Testing.Feature.Services.BladeDownProcessorTest" assertions="1" time="0.004365"/>
        <testcase name="testItRendersBladeViewsWithVariables" file="/home/runner/work/develop/develop/packages/framework/tests/Feature/Services/BladeDownProcessorTest.php" line="62" class="Hyde\Framework\Testing\Feature\Services\BladeDownProcessorTest" classname="Hyde.Framework.Testing.Feature.Services.BladeDownProcessorTest" assertions="1" time="0.005292"/>
        <testcase name="testPreprocessMethodExpandsShortcode" file="/home/runner/work/develop/develop/packages/framework/tests/Feature/Services/BladeDownProcessorTest.php" line="73" class="Hyde\Framework\Testing\Feature\Services\BladeDownProcessorTest" classname="Hyde.Framework.Testing.Feature.Services.BladeDownProcessorTest" assertions="1" time="0.003532"/>
        <testcase name="testProcessMethodRendersShortcode" file="/home/runner/work/develop/develop/packages/framework/tests/Feature/Services/BladeDownProcessorTest.php" line="78" class="Hyde\Framework\Testing\Feature\Services\BladeDownProcessorTest" classname="Hyde.Framework.Testing.Feature.Services.BladeDownProcessorTest" assertions="1" time="0.004571"/>
      </testsuite>
      <testsuite name="Hyde\Framework\Testing\Feature\Services\BuildTaskServiceTest" file="/home/runner/work/develop/develop/packages/framework/tests/Feature/Services/BuildTaskServiceTest.php" tests="8" assertions="11" errors="0" failures="0" skipped="0" time="0.087720">
        <testcase name="testBuildCommandCanRunBuildTasks" file="/home/runner/work/develop/develop/packages/framework/tests/Feature/Services/BuildTaskServiceTest.php" line="31" class="Hyde\Framework\Testing\Feature\Services\BuildTaskServiceTest" classname="Hyde.Framework.Testing.Feature.Services.BuildTaskServiceTest" assertions="4" time="0.024858"/>
        <testcase name="testRunPostBuildTasksRunsConfiguredTasksDoesNothingIfNoTasksAreConfigured" file="/home/runner/work/develop/develop/packages/framework/tests/Feature/Services/BuildTaskServiceTest.php" line="42" class="Hyde\Framework\Testing\Feature\Services\BuildTaskServiceTest" classname="Hyde.Framework.Testing.Feature.Services.BuildTaskServiceTest" assertions="1" time="0.010175"/>
        <testcase name="testGetPostBuildTasksReturnsArrayMergedWithConfig" file="/home/runner/work/develop/develop/packages/framework/tests/Feature/Services/BuildTaskServiceTest.php" line="50" class="Hyde\Framework\Testing\Feature\Services\BuildTaskServiceTest" classname="Hyde.Framework.Testing.Feature.Services.BuildTaskServiceTest" assertions="1" time="0.008236"/>
        <testcase name="testGetPostBuildTasksMergesDuplicateKeys" file="/home/runner/work/develop/develop/packages/framework/tests/Feature/Services/BuildTaskServiceTest.php" line="60" class="Hyde\Framework\Testing\Feature\Services\BuildTaskServiceTest" classname="Hyde.Framework.Testing.Feature.Services.BuildTaskServiceTest" assertions="1" time="0.008491"/>
        <testcase name="testRunPostBuildTasksRunsConfiguredTasks" file="/home/runner/work/develop/develop/packages/framework/tests/Feature/Services/BuildTaskServiceTest.php" line="71" class="Hyde\Framework\Testing\Feature\Services\BuildTaskServiceTest" classname="Hyde.Framework.Testing.Feature.Services.BuildTaskServiceTest" assertions="1" time="0.010373"/>
        <testcase name="testExceptionHandlerShowsErrorMessageAndExitsWithCode1WithoutThrowingException" file="/home/runner/work/develop/develop/packages/framework/tests/Feature/Services/BuildTaskServiceTest.php" line="83" class="Hyde\Framework\Testing\Feature\Services\BuildTaskServiceTest" classname="Hyde.Framework.Testing.Feature.Services.BuildTaskServiceTest" assertions="1" time="0.003612"/>
        <testcase name="testFindTasksInAppDirectoryMethodDiscoversTasksInAppDirectory" file="/home/runner/work/develop/develop/packages/framework/tests/Feature/Services/BuildTaskServiceTest.php" line="96" class="Hyde\Framework\Testing\Feature\Services\BuildTaskServiceTest" classname="Hyde.Framework.Testing.Feature.Services.BuildTaskServiceTest" assertions="1" time="0.010731"/>
        <testcase name="testAutomaticallyDiscoveredTasksCanBeExecuted" file="/home/runner/work/develop/develop/packages/framework/tests/Feature/Services/BuildTaskServiceTest.php" line="104" class="Hyde\Framework\Testing\Feature\Services\BuildTaskServiceTest" classname="Hyde.Framework.Testing.Feature.Services.BuildTaskServiceTest" assertions="1" time="0.011244"/>
      </testsuite>
      <testsuite name="Hyde\Framework\Testing\Feature\Services\DocumentationSearchServiceTest" file="/home/runner/work/develop/develop/packages/framework/tests/Feature/Services/DocumentationSearchServiceTest.php" tests="10" assertions="10" errors="0" failures="0" skipped="0" time="0.076064">
        <testcase name="testItGeneratesAJsonFileWithASearchIndex" file="/home/runner/work/develop/develop/packages/framework/tests/Feature/Services/DocumentationSearchServiceTest.php" line="31" class="Hyde\Framework\Testing\Feature\Services\DocumentationSearchServiceTest" classname="Hyde.Framework.Testing.Feature.Services.DocumentationSearchServiceTest" assertions="1" time="0.007605"/>
        <testcase name="testItAddsAllFilesToSearchIndex" file="/home/runner/work/develop/develop/packages/framework/tests/Feature/Services/DocumentationSearchServiceTest.php" line="45" class="Hyde\Framework\Testing\Feature\Services\DocumentationSearchServiceTest" classname="Hyde.Framework.Testing.Feature.Services.DocumentationSearchServiceTest" assertions="1" time="0.010155"/>
        <testcase name="testItHandlesGenerationEvenWhenThereAreNoPages" file="/home/runner/work/develop/develop/packages/framework/tests/Feature/Services/DocumentationSearchServiceTest.php" line="54" class="Hyde\Framework\Testing\Feature\Services\DocumentationSearchServiceTest" classname="Hyde.Framework.Testing.Feature.Services.DocumentationSearchServiceTest" assertions="1" time="0.005902"/>
        <testcase name="testSaveMethodSavesTheFileToTheCorrectLocation" file="/home/runner/work/develop/develop/packages/framework/tests/Feature/Services/DocumentationSearchServiceTest.php" line="63" class="Hyde\Framework\Testing\Feature\Services\DocumentationSearchServiceTest" classname="Hyde.Framework.Testing.Feature.Services.DocumentationSearchServiceTest" assertions="1" time="0.005858"/>
        <testcase name="testItGeneratesAValidJSON" file="/home/runner/work/develop/develop/packages/framework/tests/Feature/Services/DocumentationSearchServiceTest.php" line="72" class="Hyde\Framework\Testing\Feature\Services\DocumentationSearchServiceTest" classname="Hyde.Framework.Testing.Feature.Services.DocumentationSearchServiceTest" assertions="1" time="0.008686"/>
        <testcase name="testItStripsMarkdown" file="/home/runner/work/develop/develop/packages/framework/tests/Feature/Services/DocumentationSearchServiceTest.php" line="85" class="Hyde\Framework\Testing\Feature\Services\DocumentationSearchServiceTest" classname="Hyde.Framework.Testing.Feature.Services.DocumentationSearchServiceTest" assertions="1" time="0.007407"/>
        <testcase name="testGetDestinationForSlugReturnsEmptyStringForIndexWhenPrettyUrlIsEnabled" file="/home/runner/work/develop/develop/packages/framework/tests/Feature/Services/DocumentationSearchServiceTest.php" line="95" class="Hyde\Framework\Testing\Feature\Services\DocumentationSearchServiceTest" classname="Hyde.Framework.Testing.Feature.Services.DocumentationSearchServiceTest" assertions="1" time="0.007501"/>
        <testcase name="testGetDestinationForSlugReturnsPrettyUrlWhenEnabled" file="/home/runner/work/develop/develop/packages/framework/tests/Feature/Services/DocumentationSearchServiceTest.php" line="105" class="Hyde\Framework\Testing\Feature\Services\DocumentationSearchServiceTest" classname="Hyde.Framework.Testing.Feature.Services.DocumentationSearchServiceTest" assertions="1" time="0.007457"/>
        <testcase name="testExcludedPagesAreNotPresentInTheSearchIndex" file="/home/runner/work/develop/develop/packages/framework/tests/Feature/Services/DocumentationSearchServiceTest.php" line="115" class="Hyde\Framework\Testing\Feature\Services\DocumentationSearchServiceTest" classname="Hyde.Framework.Testing.Feature.Services.DocumentationSearchServiceTest" assertions="1" time="0.007274"/>
        <testcase name="testNestedSourceFilesDoNotRetainDirectoryNameInSearchIndex" file="/home/runner/work/develop/develop/packages/framework/tests/Feature/Services/DocumentationSearchServiceTest.php" line="125" class="Hyde\Framework\Testing\Feature\Services\DocumentationSearchServiceTest" classname="Hyde.Framework.Testing.Feature.Services.DocumentationSearchServiceTest" assertions="1" time="0.008218"/>
      </testsuite>
      <testsuite name="Hyde\Framework\Testing\Feature\Services\DocumentationSidebarTest" file="/home/runner/work/develop/develop/packages/framework/tests/Feature/Services/DocumentationSidebarTest.php" tests="36" assertions="51" errors="0" failures="0" skipped="0" time="0.443136">
        <testcase name="testSidebarCanBeCreated" file="/home/runner/work/develop/develop/packages/framework/tests/Feature/Services/DocumentationSidebarTest.php" line="41" class="Hyde\Framework\Testing\Feature\Services\DocumentationSidebarTest" classname="Hyde.Framework.Testing.Feature.Services.DocumentationSidebarTest" assertions="1" time="0.008463"/>
        <testcase name="testSidebarItemsAreAddedAutomatically" file="/home/runner/work/develop/develop/packages/framework/tests/Feature/Services/DocumentationSidebarTest.php" line="48" class="Hyde\Framework\Testing\Feature\Services\DocumentationSidebarTest" classname="Hyde.Framework.Testing.Feature.Services.DocumentationSidebarTest" assertions="1" time="0.014805"/>
        <testcase name="testIndexPageIsRemovedFromSidebar" file="/home/runner/work/develop/develop/packages/framework/tests/Feature/Services/DocumentationSidebarTest.php" line="57" class="Hyde\Framework\Testing\Feature\Services\DocumentationSidebarTest" classname="Hyde.Framework.Testing.Feature.Services.DocumentationSidebarTest" assertions="1" time="0.016138"/>
        <testcase name="testFilesWithFrontMatterHiddenSetToTrueAreRemovedFromSidebar" file="/home/runner/work/develop/develop/packages/framework/tests/Feature/Services/DocumentationSidebarTest.php" line="66" class="Hyde\Framework\Testing\Feature\Services\DocumentationSidebarTest" classname="Hyde.Framework.Testing.Feature.Services.DocumentationSidebarTest" assertions="1" time="0.016328"/>
        <testcase name="testSidebarIsOrderedAlphabeticallyWhenNoOrderIsSetInConfig" file="/home/runner/work/develop/develop/packages/framework/tests/Feature/Services/DocumentationSidebarTest.php" line="75" class="Hyde\Framework\Testing\Feature\Services\DocumentationSidebarTest" classname="Hyde.Framework.Testing.Feature.Services.DocumentationSidebarTest" assertions="1" time="0.013372"/>
        <testcase name="testSidebarIsOrderedByPriorityWhenPriorityIsSetInConfig" file="/home/runner/work/develop/develop/packages/framework/tests/Feature/Services/DocumentationSidebarTest.php" line="92" class="Hyde\Framework\Testing\Feature\Services\DocumentationSidebarTest" classname="Hyde.Framework.Testing.Feature.Services.DocumentationSidebarTest" assertions="1" time="0.013038"/>
        <testcase name="testSidebarItemPriorityCanBeSetInFrontMatter" file="/home/runner/work/develop/develop/packages/framework/tests/Feature/Services/DocumentationSidebarTest.php" line="113" class="Hyde\Framework\Testing\Feature\Services\DocumentationSidebarTest" classname="Hyde.Framework.Testing.Feature.Services.DocumentationSidebarTest" assertions="1" time="0.009770"/>
        <testcase name="testSidebarItemPrioritySetInConfigOverridesFrontMatter" file="/home/runner/work/develop/develop/packages/framework/tests/Feature/Services/DocumentationSidebarTest.php" line="120" class="Hyde\Framework\Testing\Feature\Services\DocumentationSidebarTest" classname="Hyde.Framework.Testing.Feature.Services.DocumentationSidebarTest" assertions="1" time="0.010016"/>
        <testcase name="testSidebarPrioritiesCanBeSetInBothFrontMatterAndConfig" file="/home/runner/work/develop/develop/packages/framework/tests/Feature/Services/DocumentationSidebarTest.php" line="129" class="Hyde\Framework\Testing\Feature\Services\DocumentationSidebarTest" classname="Hyde.Framework.Testing.Feature.Services.DocumentationSidebarTest" assertions="1" time="0.013455"/>
        <testcase name="testGroupCanBeSetInFrontMatter" file="/home/runner/work/develop/develop/packages/framework/tests/Feature/Services/DocumentationSidebarTest.php" line="152" class="Hyde\Framework\Testing\Feature\Services\DocumentationSidebarTest" classname="Hyde.Framework.Testing.Feature.Services.DocumentationSidebarTest" assertions="1" time="0.010240"/>
        <testcase name="testHasGroupsReturnsFalseWhenThereAreNoGroups" file="/home/runner/work/develop/develop/packages/framework/tests/Feature/Services/DocumentationSidebarTest.php" line="159" class="Hyde\Framework\Testing\Feature\Services\DocumentationSidebarTest" classname="Hyde.Framework.Testing.Feature.Services.DocumentationSidebarTest" assertions="1" time="0.008203"/>
        <testcase name="testHasGroupsReturnsTrueWhenThereAreGroups" file="/home/runner/work/develop/develop/packages/framework/tests/Feature/Services/DocumentationSidebarTest.php" line="164" class="Hyde\Framework\Testing\Feature\Services\DocumentationSidebarTest" classname="Hyde.Framework.Testing.Feature.Services.DocumentationSidebarTest" assertions="1" time="0.010482"/>
        <testcase name="testHasGroupsReturnsTrueWhenThereAreMultipleGroups" file="/home/runner/work/develop/develop/packages/framework/tests/Feature/Services/DocumentationSidebarTest.php" line="171" class="Hyde\Framework\Testing\Feature\Services\DocumentationSidebarTest" classname="Hyde.Framework.Testing.Feature.Services.DocumentationSidebarTest" assertions="1" time="0.011843"/>
        <testcase name="testHasGroupsReturnsTrueWhenThereAreMultipleGroupsMixedWithDefaults" file="/home/runner/work/develop/develop/packages/framework/tests/Feature/Services/DocumentationSidebarTest.php" line="179" class="Hyde\Framework\Testing\Feature\Services\DocumentationSidebarTest" classname="Hyde.Framework.Testing.Feature.Services.DocumentationSidebarTest" assertions="1" time="0.012956"/>
        <testcase name="testGetGroupsReturnsEmptyArrayWhenThereAreNoGroups" file="/home/runner/work/develop/develop/packages/framework/tests/Feature/Services/DocumentationSidebarTest.php" line="188" class="Hyde\Framework\Testing\Feature\Services\DocumentationSidebarTest" classname="Hyde.Framework.Testing.Feature.Services.DocumentationSidebarTest" assertions="1" time="0.008485"/>
        <testcase name="testGetGroupsReturnsArrayOfGroupsWhenThereAreGroups" file="/home/runner/work/develop/develop/packages/framework/tests/Feature/Services/DocumentationSidebarTest.php" line="193" class="Hyde\Framework\Testing\Feature\Services\DocumentationSidebarTest" classname="Hyde.Framework.Testing.Feature.Services.DocumentationSidebarTest" assertions="1" time="0.010244"/>
        <testcase name="testGetGroupsReturnsArrayWithNoDuplicates" file="/home/runner/work/develop/develop/packages/framework/tests/Feature/Services/DocumentationSidebarTest.php" line="200" class="Hyde\Framework\Testing\Feature\Services\DocumentationSidebarTest" classname="Hyde.Framework.Testing.Feature.Services.DocumentationSidebarTest" assertions="1" time="0.012810"/>
        <testcase name="testGroupsAreSortedByLowestFoundPriorityInEachGroup" file="/home/runner/work/develop/develop/packages/framework/tests/Feature/Services/DocumentationSidebarTest.php" line="209" class="Hyde\Framework\Testing\Feature\Services\DocumentationSidebarTest" classname="Hyde.Framework.Testing.Feature.Services.DocumentationSidebarTest" assertions="1" time="0.012871"/>
        <testcase name="testGetItemsInGroupReturnsEmptyCollectionWhenThereAreNoItems" file="/home/runner/work/develop/develop/packages/framework/tests/Feature/Services/DocumentationSidebarTest.php" line="218" class="Hyde\Framework\Testing\Feature\Services\DocumentationSidebarTest" classname="Hyde.Framework.Testing.Feature.Services.DocumentationSidebarTest" assertions="1" time="0.008199"/>
        <testcase name="testGetItemsInGroupReturnsCollectionOfItemsInGroup" file="/home/runner/work/develop/develop/packages/framework/tests/Feature/Services/DocumentationSidebarTest.php" line="223" class="Hyde\Framework\Testing\Feature\Services\DocumentationSidebarTest" classname="Hyde.Framework.Testing.Feature.Services.DocumentationSidebarTest" assertions="2" time="0.014402"/>
        <testcase name="testGetItemsInGroupNormalizesGroupNameToSlugFormat" file="/home/runner/work/develop/develop/packages/framework/tests/Feature/Services/DocumentationSidebarTest.php" line="245" class="Hyde\Framework\Testing\Feature\Services\DocumentationSidebarTest" classname="Hyde.Framework.Testing.Feature.Services.DocumentationSidebarTest" assertions="1" time="0.013518"/>
        <testcase name="testGetItemsInGroupDoesNotIncludeItemsWithHiddenFrontMatter" file="/home/runner/work/develop/develop/packages/framework/tests/Feature/Services/DocumentationSidebarTest.php" line="261" class="Hyde\Framework\Testing\Feature\Services\DocumentationSidebarTest" classname="Hyde.Framework.Testing.Feature.Services.DocumentationSidebarTest" assertions="1" time="0.025533"/>
        <testcase name="testGetItemsInGroupDoesNotIncludeDocsIndex" file="/home/runner/work/develop/develop/packages/framework/tests/Feature/Services/DocumentationSidebarTest.php" line="272" class="Hyde\Framework\Testing\Feature\Services\DocumentationSidebarTest" classname="Hyde.Framework.Testing.Feature.Services.DocumentationSidebarTest" assertions="1" time="0.012016"/>
        <testcase name="testIsGroupActiveReturnsFalseWhenSuppliedGroupIsNotActive" file="/home/runner/work/develop/develop/packages/framework/tests/Feature/Services/DocumentationSidebarTest.php" line="283" class="Hyde\Framework\Testing\Feature\Services\DocumentationSidebarTest" classname="Hyde.Framework.Testing.Feature.Services.DocumentationSidebarTest" assertions="1" time="0.009970"/>
        <testcase name="testIsGroupActiveReturnsTrueWhenSuppliedGroupIsActive" file="/home/runner/work/develop/develop/packages/framework/tests/Feature/Services/DocumentationSidebarTest.php" line="289" class="Hyde\Framework\Testing\Feature\Services\DocumentationSidebarTest" classname="Hyde.Framework.Testing.Feature.Services.DocumentationSidebarTest" assertions="1" time="0.009648"/>
        <testcase name="testIsGroupActiveReturnsTrueForDifferingCasing" file="/home/runner/work/develop/develop/packages/framework/tests/Feature/Services/DocumentationSidebarTest.php" line="295" class="Hyde\Framework\Testing\Feature\Services\DocumentationSidebarTest" classname="Hyde.Framework.Testing.Feature.Services.DocumentationSidebarTest" assertions="1" time="0.009117"/>
        <testcase name="testIsGroupActiveReturnsTrueFirstGroupOfIndexPage" file="/home/runner/work/develop/develop/packages/framework/tests/Feature/Services/DocumentationSidebarTest.php" line="301" class="Hyde\Framework\Testing\Feature\Services\DocumentationSidebarTest" classname="Hyde.Framework.Testing.Feature.Services.DocumentationSidebarTest" assertions="3" time="0.016588"/>
        <testcase name="testIsGroupActiveReturnsTrueFirstSortedGroupOfIndexPage" file="/home/runner/work/develop/develop/packages/framework/tests/Feature/Services/DocumentationSidebarTest.php" line="314" class="Hyde\Framework\Testing\Feature\Services\DocumentationSidebarTest" classname="Hyde.Framework.Testing.Feature.Services.DocumentationSidebarTest" assertions="3" time="0.016167"/>
        <testcase name="testAutomaticIndexPageGroupExpansionRespectsCustomNavigationMenuSettings" file="/home/runner/work/develop/develop/packages/framework/tests/Feature/Services/DocumentationSidebarTest.php" line="327" class="Hyde\Framework\Testing\Feature\Services\DocumentationSidebarTest" classname="Hyde.Framework.Testing.Feature.Services.DocumentationSidebarTest" assertions="3" time="0.016527"/>
        <testcase name="testMakeGroupTitleTurnsGroupKeyIntoTitle" file="/home/runner/work/develop/develop/packages/framework/tests/Feature/Services/DocumentationSidebarTest.php" line="340" class="Hyde\Framework\Testing\Feature\Services\DocumentationSidebarTest" classname="Hyde.Framework.Testing.Feature.Services.DocumentationSidebarTest" assertions="4" time="0.009576"/>
        <testcase name="testMakeGroupTitleUsesConfiguredSidebarGroupLabelsWhenAvailable" file="/home/runner/work/develop/develop/packages/framework/tests/Feature/Services/DocumentationSidebarTest.php" line="348" class="Hyde\Framework\Testing\Feature\Services\DocumentationSidebarTest" classname="Hyde.Framework.Testing.Feature.Services.DocumentationSidebarTest" assertions="2" time="0.008801"/>
        <testcase name="testCanHaveMultipleGroupedPagesWithTheSameNameLabels" file="/home/runner/work/develop/develop/packages/framework/tests/Feature/Services/DocumentationSidebarTest.php" line="358" class="Hyde\Framework\Testing\Feature\Services\DocumentationSidebarTest" classname="Hyde.Framework.Testing.Feature.Services.DocumentationSidebarTest" assertions="2" time="0.012721"/>
        <testcase name="testDuplicateLabelsWithinTheSameGroupIsRemoved" file="/home/runner/work/develop/develop/packages/framework/tests/Feature/Services/DocumentationSidebarTest.php" line="375" class="Hyde\Framework\Testing\Feature\Services\DocumentationSidebarTest" classname="Hyde.Framework.Testing.Feature.Services.DocumentationSidebarTest" assertions="2" time="0.012255"/>
        <testcase name="testIsGroupActiveForIndexPageWithNoGroups" file="/home/runner/work/develop/develop/packages/framework/tests/Feature/Services/DocumentationSidebarTest.php" line="389" class="Hyde\Framework\Testing\Feature\Services\DocumentationSidebarTest" classname="Hyde.Framework.Testing.Feature.Services.DocumentationSidebarTest" assertions="1" time="0.010804"/>
        <testcase name="testIndexPageAddedToSidebarWhenItIsTheOnlyPage" file="/home/runner/work/develop/develop/packages/framework/tests/Feature/Services/DocumentationSidebarTest.php" line="397" class="Hyde\Framework\Testing\Feature\Services\DocumentationSidebarTest" classname="Hyde.Framework.Testing.Feature.Services.DocumentationSidebarTest" assertions="2" time="0.011352"/>
        <testcase name="testIndexPageNotAddedToSidebarWhenOtherPagesExist" file="/home/runner/work/develop/develop/packages/framework/tests/Feature/Services/DocumentationSidebarTest.php" line="409" class="Hyde\Framework\Testing\Feature\Services\DocumentationSidebarTest" classname="Hyde.Framework.Testing.Feature.Services.DocumentationSidebarTest" assertions="2" time="0.012423"/>
      </testsuite>
      <testsuite name="Hyde\Framework\Testing\Feature\Services\HydeSmartDocsTest" file="/home/runner/work/develop/develop/packages/framework/tests/Feature/Services/HydeSmartDocsTest.php" tests="18" assertions="30" errors="0" failures="0" skipped="0" time="0.181214">
        <testcase name="testClassTokenizesDocument" file="/home/runner/work/develop/develop/packages/framework/tests/Feature/Services/HydeSmartDocsTest.php" line="17" class="Hyde\Framework\Testing\Feature\Services\HydeSmartDocsTest" classname="Hyde.Framework.Testing.Feature.Services.HydeSmartDocsTest" assertions="2" time="0.009585"/>
        <testcase name="testClassCanHandleDocumentWithNoHeader" file="/home/runner/work/develop/develop/packages/framework/tests/Feature/Services/HydeSmartDocsTest.php" line="25" class="Hyde\Framework\Testing\Feature\Services\HydeSmartDocsTest" classname="Hyde.Framework.Testing.Feature.Services.HydeSmartDocsTest" assertions="2" time="0.008356"/>
        <testcase name="testClassCanHandleDocumentWithOnlyHeader" file="/home/runner/work/develop/develop/packages/framework/tests/Feature/Services/HydeSmartDocsTest.php" line="33" class="Hyde\Framework\Testing\Feature\Services\HydeSmartDocsTest" classname="Hyde.Framework.Testing.Feature.Services.HydeSmartDocsTest" assertions="2" time="0.007842"/>
        <testcase name="testClassCanHandleEmptyDocument" file="/home/runner/work/develop/develop/packages/framework/tests/Feature/Services/HydeSmartDocsTest.php" line="41" class="Hyde\Framework\Testing\Feature\Services\HydeSmartDocsTest" classname="Hyde.Framework.Testing.Feature.Services.HydeSmartDocsTest" assertions="2" time="0.007584"/>
        <testcase name="testCreateHelperCreatesNewInstanceAndProcessesIt" file="/home/runner/work/develop/develop/packages/framework/tests/Feature/Services/HydeSmartDocsTest.php" line="49" class="Hyde\Framework\Testing\Feature\Services\HydeSmartDocsTest" classname="Hyde.Framework.Testing.Feature.Services.HydeSmartDocsTest" assertions="2" time="0.008586"/>
        <testcase name="testRenderHeaderReturnsTheExtractedHeader" file="/home/runner/work/develop/develop/packages/framework/tests/Feature/Services/HydeSmartDocsTest.php" line="61" class="Hyde\Framework\Testing\Feature\Services\HydeSmartDocsTest" classname="Hyde.Framework.Testing.Feature.Services.HydeSmartDocsTest" assertions="1" time="0.020142"/>
        <testcase name="testRenderHeaderReturnsTheExtractedHeaderWithVaryingNewlines" file="/home/runner/work/develop/develop/packages/framework/tests/Feature/Services/HydeSmartDocsTest.php" line="69" class="Hyde\Framework\Testing\Feature\Services\HydeSmartDocsTest" classname="Hyde.Framework.Testing.Feature.Services.HydeSmartDocsTest" assertions="3" time="0.015225"/>
        <testcase name="testRenderBodyReturnsTheExtractedBody" file="/home/runner/work/develop/develop/packages/framework/tests/Feature/Services/HydeSmartDocsTest.php" line="85" class="Hyde\Framework\Testing\Feature\Services\HydeSmartDocsTest" classname="Hyde.Framework.Testing.Feature.Services.HydeSmartDocsTest" assertions="1" time="0.008105"/>
        <testcase name="testRenderBodyReturnsTheExtractedBodyWithVaryingNewlines" file="/home/runner/work/develop/develop/packages/framework/tests/Feature/Services/HydeSmartDocsTest.php" line="93" class="Hyde\Framework\Testing\Feature\Services\HydeSmartDocsTest" classname="Hyde.Framework.Testing.Feature.Services.HydeSmartDocsTest" assertions="3" time="0.015043"/>
        <testcase name="testRenderFooterIsEmptyByDefault" file="/home/runner/work/develop/develop/packages/framework/tests/Feature/Services/HydeSmartDocsTest.php" line="109" class="Hyde\Framework\Testing\Feature\Services\HydeSmartDocsTest" classname="Hyde.Framework.Testing.Feature.Services.HydeSmartDocsTest" assertions="1" time="0.008071"/>
        <testcase name="testAddDynamicHeaderContentAddsSourceLinkWhenConditionsAreMet" file="/home/runner/work/develop/develop/packages/framework/tests/Feature/Services/HydeSmartDocsTest.php" line="117" class="Hyde\Framework\Testing\Feature\Services\HydeSmartDocsTest" classname="Hyde.Framework.Testing.Feature.Services.HydeSmartDocsTest" assertions="1" time="0.009102"/>
        <testcase name="testEditSourceLinkIsAddedToFooterWhenConditionsAreMet" file="/home/runner/work/develop/develop/packages/framework/tests/Feature/Services/HydeSmartDocsTest.php" line="127" class="Hyde\Framework\Testing\Feature\Services\HydeSmartDocsTest" classname="Hyde.Framework.Testing.Feature.Services.HydeSmartDocsTest" assertions="1" time="0.008892"/>
        <testcase name="testEditSourceLinkCanBeAddedToBothHeaderAndFooter" file="/home/runner/work/develop/develop/packages/framework/tests/Feature/Services/HydeSmartDocsTest.php" line="137" class="Hyde\Framework\Testing\Feature\Services\HydeSmartDocsTest" classname="Hyde.Framework.Testing.Feature.Services.HydeSmartDocsTest" assertions="2" time="0.009077"/>
        <testcase name="testEditSourceLinkTextCanBeCustomizedInHeader" file="/home/runner/work/develop/develop/packages/framework/tests/Feature/Services/HydeSmartDocsTest.php" line="153" class="Hyde\Framework\Testing\Feature\Services\HydeSmartDocsTest" classname="Hyde.Framework.Testing.Feature.Services.HydeSmartDocsTest" assertions="1" time="0.008948"/>
        <testcase name="testEditSourceLinkTextCanBeCustomizedInFooter" file="/home/runner/work/develop/develop/packages/framework/tests/Feature/Services/HydeSmartDocsTest.php" line="164" class="Hyde\Framework\Testing\Feature\Services\HydeSmartDocsTest" classname="Hyde.Framework.Testing.Feature.Services.HydeSmartDocsTest" assertions="1" time="0.008812"/>
        <testcase name="testAddDynamicFooterContentAddsTorchlightAttributionWhenConditionsAreMet" file="/home/runner/work/develop/develop/packages/framework/tests/Feature/Services/HydeSmartDocsTest.php" line="175" class="Hyde\Framework\Testing\Feature\Services\HydeSmartDocsTest" classname="Hyde.Framework.Testing.Feature.Services.HydeSmartDocsTest" assertions="1" time="0.009685"/>
        <testcase name="testTheDocumentationArticleView" file="/home/runner/work/develop/develop/packages/framework/tests/Feature/Services/HydeSmartDocsTest.php" line="185" class="Hyde\Framework\Testing\Feature\Services\HydeSmartDocsTest" classname="Hyde.Framework.Testing.Feature.Services.HydeSmartDocsTest" assertions="2" time="0.008787"/>
        <testcase name="testTheDocumentationArticleViewWithExistingVariable" file="/home/runner/work/develop/develop/packages/framework/tests/Feature/Services/HydeSmartDocsTest.php" line="195" class="Hyde\Framework\Testing\Feature\Services\HydeSmartDocsTest" classname="Hyde.Framework.Testing.Feature.Services.HydeSmartDocsTest" assertions="2" time="0.009374"/>
      </testsuite>
      <testsuite name="Hyde\Framework\Testing\Feature\Services\Markdown\CodeblockFilepathProcessorTest" file="/home/runner/work/develop/develop/packages/framework/tests/Feature/Services/Markdown/CodeblockFilepathProcessorTest.php" tests="11" assertions="26" errors="0" failures="0" skipped="0" time="0.045792">
        <testcase name="testPreprocessExpandsFilepath" file="/home/runner/work/develop/develop/packages/framework/tests/Feature/Services/Markdown/CodeblockFilepathProcessorTest.php" line="15" class="Hyde\Framework\Testing\Feature\Services\Markdown\CodeblockFilepathProcessorTest" classname="Hyde.Framework.Testing.Feature.Services.Markdown.CodeblockFilepathProcessorTest" assertions="1" time="0.004141"/>
        <testcase name="testPreprocessAcceptsMultipleFilepathFormats" file="/home/runner/work/develop/develop/packages/framework/tests/Feature/Services/Markdown/CodeblockFilepathProcessorTest.php" line="23" class="Hyde\Framework\Testing\Feature\Services\Markdown\CodeblockFilepathProcessorTest" classname="Hyde.Framework.Testing.Feature.Services.Markdown.CodeblockFilepathProcessorTest" assertions="8" time="0.004615"/>
        <testcase name="testFilepathPatternIsCaseInsensitive" file="/home/runner/work/develop/develop/packages/framework/tests/Feature/Services/Markdown/CodeblockFilepathProcessorTest.php" line="44" class="Hyde\Framework\Testing\Feature\Services\Markdown\CodeblockFilepathProcessorTest" classname="Hyde.Framework.Testing.Feature.Services.Markdown.CodeblockFilepathProcessorTest" assertions="4" time="0.004564"/>
        <testcase name="testPreprocessAcceptsMultipleLanguages" file="/home/runner/work/develop/develop/packages/framework/tests/Feature/Services/Markdown/CodeblockFilepathProcessorTest.php" line="61" class="Hyde\Framework\Testing\Feature\Services\Markdown\CodeblockFilepathProcessorTest" classname="Hyde.Framework.Testing.Feature.Services.Markdown.CodeblockFilepathProcessorTest" assertions="6" time="0.004310"/>
        <testcase name="testPreprocessAcceptsMultipleInputBlocks" file="/home/runner/work/develop/develop/packages/framework/tests/Feature/Services/Markdown/CodeblockFilepathProcessorTest.php" line="81" class="Hyde\Framework\Testing\Feature\Services\Markdown\CodeblockFilepathProcessorTest" classname="Hyde.Framework.Testing.Feature.Services.Markdown.CodeblockFilepathProcessorTest" assertions="1" time="0.003570"/>
        <testcase name="testPreprocessAcceptsMultiLineCodeblocks" file="/home/runner/work/develop/develop/packages/framework/tests/Feature/Services/Markdown/CodeblockFilepathProcessorTest.php" line="112" class="Hyde\Framework\Testing\Feature\Services\Markdown\CodeblockFilepathProcessorTest" classname="Hyde.Framework.Testing.Feature.Services.Markdown.CodeblockFilepathProcessorTest" assertions="1" time="0.003504"/>
        <testcase name="testSpaceAfterFilepathIsOptional" file="/home/runner/work/develop/develop/packages/framework/tests/Feature/Services/Markdown/CodeblockFilepathProcessorTest.php" line="137" class="Hyde\Framework\Testing\Feature\Services\Markdown\CodeblockFilepathProcessorTest" classname="Hyde.Framework.Testing.Feature.Services.Markdown.CodeblockFilepathProcessorTest" assertions="1" time="0.003484"/>
        <testcase name="testProcessorExpandsFilepathDirectiveInStandardCodeblock" file="/home/runner/work/develop/develop/packages/framework/tests/Feature/Services/Markdown/CodeblockFilepathProcessorTest.php" line="160" class="Hyde\Framework\Testing\Feature\Services\Markdown\CodeblockFilepathProcessorTest" classname="Hyde.Framework.Testing.Feature.Services.Markdown.CodeblockFilepathProcessorTest" assertions="1" time="0.004512"/>
        <testcase name="testProcessorExpandsFilepathDirectiveInTorchlightCodeblock" file="/home/runner/work/develop/develop/packages/framework/tests/Feature/Services/Markdown/CodeblockFilepathProcessorTest.php" line="174" class="Hyde\Framework\Testing\Feature\Services\Markdown\CodeblockFilepathProcessorTest" classname="Hyde.Framework.Testing.Feature.Services.Markdown.CodeblockFilepathProcessorTest" assertions="1" time="0.004273"/>
        <testcase name="testProcessorEscapesHtmlByDefault" file="/home/runner/work/develop/develop/packages/framework/tests/Feature/Services/Markdown/CodeblockFilepathProcessorTest.php" line="188" class="Hyde\Framework\Testing\Feature\Services\Markdown\CodeblockFilepathProcessorTest" classname="Hyde.Framework.Testing.Feature.Services.Markdown.CodeblockFilepathProcessorTest" assertions="1" time="0.004337"/>
        <testcase name="testProcessorDoesNotEscapeHtmlIfConfigured" file="/home/runner/work/develop/develop/packages/framework/tests/Feature/Services/Markdown/CodeblockFilepathProcessorTest.php" line="203" class="Hyde\Framework\Testing\Feature\Services\Markdown\CodeblockFilepathProcessorTest" classname="Hyde.Framework.Testing.Feature.Services.Markdown.CodeblockFilepathProcessorTest" assertions="1" time="0.004481"/>
      </testsuite>
      <testsuite name="Hyde\Framework\Testing\Feature\Services\Markdown\ShortcodeProcessorTest" file="/home/runner/work/develop/develop/packages/framework/tests/Feature/Services/Markdown/ShortcodeProcessorTest.php" tests="6" assertions="9" errors="0" failures="0" skipped="0" time="0.012374">
        <testcase name="testConstructorDiscoversDefaultShortcodes" file="/home/runner/work/develop/develop/packages/framework/tests/Feature/Services/Markdown/ShortcodeProcessorTest.php" line="16" class="Hyde\Framework\Testing\Feature\Services\Markdown\ShortcodeProcessorTest" classname="Hyde.Framework.Testing.Feature.Services.Markdown.ShortcodeProcessorTest" assertions="2" time="0.002196"/>
        <testcase name="testDiscoveredShortcodesAreUsedToProcessInput" file="/home/runner/work/develop/develop/packages/framework/tests/Feature/Services/Markdown/ShortcodeProcessorTest.php" line="24" class="Hyde\Framework\Testing\Feature\Services\Markdown\ShortcodeProcessorTest" classname="Hyde.Framework.Testing.Feature.Services.Markdown.ShortcodeProcessorTest" assertions="1" time="0.002750"/>
        <testcase name="testStringWithoutShortcodeIsNotModified" file="/home/runner/work/develop/develop/packages/framework/tests/Feature/Services/Markdown/ShortcodeProcessorTest.php" line="32" class="Hyde\Framework\Testing\Feature\Services\Markdown\ShortcodeProcessorTest" classname="Hyde.Framework.Testing.Feature.Services.Markdown.ShortcodeProcessorTest" assertions="1" time="0.001567"/>
        <testcase name="testProcessStaticShorthand" file="/home/runner/work/develop/develop/packages/framework/tests/Feature/Services/Markdown/ShortcodeProcessorTest.php" line="39" class="Hyde\Framework\Testing\Feature\Services\Markdown\ShortcodeProcessorTest" classname="Hyde.Framework.Testing.Feature.Services.Markdown.ShortcodeProcessorTest" assertions="1" time="0.002558"/>
        <testcase name="testShortcodesCanBeAddedToProcessor" file="/home/runner/work/develop/develop/packages/framework/tests/Feature/Services/Markdown/ShortcodeProcessorTest.php" line="45" class="Hyde\Framework\Testing\Feature\Services\Markdown\ShortcodeProcessorTest" classname="Hyde.Framework.Testing.Feature.Services.Markdown.ShortcodeProcessorTest" assertions="2" time="0.001652"/>
        <testcase name="testShortcodesCanBeAddedToProcessorUsingArray" file="/home/runner/work/develop/develop/packages/framework/tests/Feature/Services/Markdown/ShortcodeProcessorTest.php" line="66" class="Hyde\Framework\Testing\Feature\Services\Markdown\ShortcodeProcessorTest" classname="Hyde.Framework.Testing.Feature.Services.Markdown.ShortcodeProcessorTest" assertions="2" time="0.001652"/>
      </testsuite>
      <testsuite name="Hyde\Framework\Testing\Feature\Services\RssFeedServiceTest" file="/home/runner/work/develop/develop/packages/framework/tests/Feature/Services/RssFeedServiceTest.php" tests="12" assertions="35" errors="0" failures="0" skipped="0" time="0.068214">
        <testcase name="testServiceInstantiatesXmlElement" file="/home/runner/work/develop/develop/packages/framework/tests/Feature/Services/RssFeedServiceTest.php" line="19" class="Hyde\Framework\Testing\Feature\Services\RssFeedServiceTest" classname="Hyde.Framework.Testing.Feature.Services.RssFeedServiceTest" assertions="1" time="0.004007"/>
        <testcase name="testXmlRootElementIsSetToRss20" file="/home/runner/work/develop/develop/packages/framework/tests/Feature/Services/RssFeedServiceTest.php" line="25" class="Hyde\Framework\Testing\Feature\Services\RssFeedServiceTest" classname="Hyde.Framework.Testing.Feature.Services.RssFeedServiceTest" assertions="2" time="0.003956"/>
        <testcase name="testXmlElementHasChannelElement" file="/home/runner/work/develop/develop/packages/framework/tests/Feature/Services/RssFeedServiceTest.php" line="32" class="Hyde\Framework\Testing\Feature\Services\RssFeedServiceTest" classname="Hyde.Framework.Testing.Feature.Services.RssFeedServiceTest" assertions="1" time="0.004208"/>
        <testcase name="testXmlChannelElementHasRequiredElements" file="/home/runner/work/develop/develop/packages/framework/tests/Feature/Services/RssFeedServiceTest.php" line="38" class="Hyde\Framework\Testing\Feature\Services\RssFeedServiceTest" classname="Hyde.Framework.Testing.Feature.Services.RssFeedServiceTest" assertions="6" time="0.004753"/>
        <testcase name="testXmlChannelElementHasAdditionalElements" file="/home/runner/work/develop/develop/packages/framework/tests/Feature/Services/RssFeedServiceTest.php" line="54" class="Hyde\Framework\Testing\Feature\Services\RssFeedServiceTest" classname="Hyde.Framework.Testing.Feature.Services.RssFeedServiceTest" assertions="6" time="0.004585"/>
        <testcase name="testXmlChannelDataCanBeCustomized" file="/home/runner/work/develop/develop/packages/framework/tests/Feature/Services/RssFeedServiceTest.php" line="69" class="Hyde\Framework\Testing\Feature\Services\RssFeedServiceTest" classname="Hyde.Framework.Testing.Feature.Services.RssFeedServiceTest" assertions="3" time="0.004245"/>
        <testcase name="testMarkdownBlogPostsAreAddedToRssFeedThroughAutodiscovery" file="/home/runner/work/develop/develop/packages/framework/tests/Feature/Services/RssFeedServiceTest.php" line="81" class="Hyde\Framework\Testing\Feature\Services\RssFeedServiceTest" classname="Hyde.Framework.Testing.Feature.Services.RssFeedServiceTest" assertions="11" time="0.013325"/>
        <testcase name="testGetXmlMethodReturnsXmlString" file="/home/runner/work/develop/develop/packages/framework/tests/Feature/Services/RssFeedServiceTest.php" line="124" class="Hyde\Framework\Testing\Feature\Services\RssFeedServiceTest" classname="Hyde.Framework.Testing.Feature.Services.RssFeedServiceTest" assertions="1" time="0.003957"/>
        <testcase name="testGenerateFeedHelperReturnsXmlString" file="/home/runner/work/develop/develop/packages/framework/tests/Feature/Services/RssFeedServiceTest.php" line="130" class="Hyde\Framework\Testing\Feature\Services\RssFeedServiceTest" classname="Hyde.Framework.Testing.Feature.Services.RssFeedServiceTest" assertions="1" time="0.008274"/>
        <testcase name="testCanGenerateFeedHelperReturnsTrueIfHydeHasBaseUrl" file="/home/runner/work/develop/develop/packages/framework/tests/Feature/Services/RssFeedServiceTest.php" line="135" class="Hyde\Framework\Testing\Feature\Services\RssFeedServiceTest" classname="Hyde.Framework.Testing.Feature.Services.RssFeedServiceTest" assertions="1" time="0.009546"/>
        <testcase name="testCanGenerateFeedHelperReturnsFalseIfHydeDoesNotHaveBaseUrl" file="/home/runner/work/develop/develop/packages/framework/tests/Feature/Services/RssFeedServiceTest.php" line="142" class="Hyde\Framework\Testing\Feature\Services\RssFeedServiceTest" classname="Hyde.Framework.Testing.Feature.Services.RssFeedServiceTest" assertions="1" time="0.003854"/>
        <testcase name="testCanGenerateFeedHelperReturnsFalseIfFeedsAreDisabledInConfig" file="/home/runner/work/develop/develop/packages/framework/tests/Feature/Services/RssFeedServiceTest.php" line="149" class="Hyde\Framework\Testing\Feature\Services\RssFeedServiceTest" classname="Hyde.Framework.Testing.Feature.Services.RssFeedServiceTest" assertions="1" time="0.003505"/>
      </testsuite>
      <testsuite name="Hyde\Framework\Testing\Feature\Services\SitemapServiceTest" file="/home/runner/work/develop/develop/packages/framework/tests/Feature/Services/SitemapServiceTest.php" tests="12" assertions="23" errors="0" failures="0" skipped="0" time="0.112276">
        <testcase name="testServiceInstantiatesXmlElement" file="/home/runner/work/develop/develop/packages/framework/tests/Feature/Services/SitemapServiceTest.php" line="29" class="Hyde\Framework\Testing\Feature\Services\SitemapServiceTest" classname="Hyde.Framework.Testing.Feature.Services.SitemapServiceTest" assertions="1" time="0.004207"/>
        <testcase name="testGenerateAddsDefaultPagesToXml" file="/home/runner/work/develop/develop/packages/framework/tests/Feature/Services/SitemapServiceTest.php" line="35" class="Hyde\Framework\Testing\Feature\Services\SitemapServiceTest" classname="Hyde.Framework.Testing.Feature.Services.SitemapServiceTest" assertions="1" time="0.008648"/>
        <testcase name="testGenerateAddsMarkdownPagesToXml" file="/home/runner/work/develop/develop/packages/framework/tests/Feature/Services/SitemapServiceTest.php" line="44" class="Hyde\Framework\Testing\Feature\Services\SitemapServiceTest" classname="Hyde.Framework.Testing.Feature.Services.SitemapServiceTest" assertions="1" time="0.009891"/>
        <testcase name="testGenerateAddsMarkdownPostsToXml" file="/home/runner/work/develop/develop/packages/framework/tests/Feature/Services/SitemapServiceTest.php" line="56" class="Hyde\Framework\Testing\Feature\Services\SitemapServiceTest" classname="Hyde.Framework.Testing.Feature.Services.SitemapServiceTest" assertions="1" time="0.010563"/>
        <testcase name="testGenerateAddsDocumentationPagesToXml" file="/home/runner/work/develop/develop/packages/framework/tests/Feature/Services/SitemapServiceTest.php" line="68" class="Hyde\Framework\Testing\Feature\Services\SitemapServiceTest" classname="Hyde.Framework.Testing.Feature.Services.SitemapServiceTest" assertions="1" time="0.010257"/>
        <testcase name="testGetXmlReturnsXmlString" file="/home/runner/work/develop/develop/packages/framework/tests/Feature/Services/SitemapServiceTest.php" line="80" class="Hyde\Framework\Testing\Feature\Services\SitemapServiceTest" classname="Hyde.Framework.Testing.Feature.Services.SitemapServiceTest" assertions="2" time="0.009260"/>
        <testcase name="testGenerateSitemapShorthandMethodReturnsXmlString" file="/home/runner/work/develop/develop/packages/framework/tests/Feature/Services/SitemapServiceTest.php" line="90" class="Hyde\Framework\Testing\Feature\Services\SitemapServiceTest" classname="Hyde.Framework.Testing.Feature.Services.SitemapServiceTest" assertions="2" time="0.009080"/>
        <testcase name="testUrlItemIsGeneratedCorrectly" file="/home/runner/work/develop/develop/packages/framework/tests/Feature/Services/SitemapServiceTest.php" line="98" class="Hyde\Framework\Testing\Feature\Services\SitemapServiceTest" classname="Hyde.Framework.Testing.Feature.Services.SitemapServiceTest" assertions="3" time="0.009888"/>
        <testcase name="testUrlItemIsGeneratedWithPrettyUrlsIfEnabled" file="/home/runner/work/develop/develop/packages/framework/tests/Feature/Services/SitemapServiceTest.php" line="115" class="Hyde\Framework\Testing\Feature\Services\SitemapServiceTest" classname="Hyde.Framework.Testing.Feature.Services.SitemapServiceTest" assertions="1" time="0.009629"/>
        <testcase name="testAllRouteTypesAreDiscovered" file="/home/runner/work/develop/develop/packages/framework/tests/Feature/Services/SitemapServiceTest.php" line="130" class="Hyde\Framework\Testing\Feature\Services\SitemapServiceTest" classname="Hyde.Framework.Testing.Feature.Services.SitemapServiceTest" assertions="6" time="0.013693"/>
        <testcase name="testLinksFallbackToRelativeLinksWhenASiteUrlIsNotSet" file="/home/runner/work/develop/develop/packages/framework/tests/Feature/Services/SitemapServiceTest.php" line="162" class="Hyde\Framework\Testing\Feature\Services\SitemapServiceTest" classname="Hyde.Framework.Testing.Feature.Services.SitemapServiceTest" assertions="2" time="0.008595"/>
        <testcase name="testLinksFallbackToRelativeLinksWhenSiteUrlIsLocalhost" file="/home/runner/work/develop/develop/packages/framework/tests/Feature/Services/SitemapServiceTest.php" line="173" class="Hyde\Framework\Testing\Feature\Services\SitemapServiceTest" classname="Hyde.Framework.Testing.Feature.Services.SitemapServiceTest" assertions="2" time="0.008565"/>
      </testsuite>
      <testsuite name="Hyde\Framework\Testing\Feature\Services\ValidationServiceTest" file="/home/runner/work/develop/develop/packages/framework/tests/Feature/Services/ValidationServiceTest.php" tests="24" assertions="63" errors="0" failures="0" skipped="0" time="0.123591">
        <testcase name="testChecksReturnsAnArrayOfValidationCheckMethods" file="/home/runner/work/develop/develop/packages/framework/tests/Feature/Services/ValidationServiceTest.php" line="40" class="Hyde\Framework\Testing\Feature\Services\ValidationServiceTest" classname="Hyde.Framework.Testing.Feature.Services.ValidationServiceTest" assertions="17" time="0.005295"/>
        <testcase name="testCheckValidatorsCanRun" file="/home/runner/work/develop/develop/packages/framework/tests/Feature/Services/ValidationServiceTest.php" line="52" class="Hyde\Framework\Testing\Feature\Services\ValidationServiceTest" classname="Hyde.Framework.Testing.Feature.Services.ValidationServiceTest" assertions="2" time="0.003677"/>
        <testcase name="testCheckSiteHasA404PageCanPass" file="/home/runner/work/develop/develop/packages/framework/tests/Feature/Services/ValidationServiceTest.php" line="57" class="Hyde\Framework\Testing\Feature\Services\ValidationServiceTest" classname="Hyde.Framework.Testing.Feature.Services.ValidationServiceTest" assertions="2" time="0.003706"/>
        <testcase name="testCheckSiteHasA404PageCanFail" file="/home/runner/work/develop/develop/packages/framework/tests/Feature/Services/ValidationServiceTest.php" line="62" class="Hyde\Framework\Testing\Feature\Services\ValidationServiceTest" classname="Hyde.Framework.Testing.Feature.Services.ValidationServiceTest" assertions="2" time="0.003989"/>
        <testcase name="testCheckDocumentationSiteHasAnIndexPageCanPass" file="/home/runner/work/develop/develop/packages/framework/tests/Feature/Services/ValidationServiceTest.php" line="69" class="Hyde\Framework\Testing\Feature\Services\ValidationServiceTest" classname="Hyde.Framework.Testing.Feature.Services.ValidationServiceTest" assertions="2" time="0.009201"/>
        <testcase name="testCheckDocumentationSiteHasAnIndexPageCanPassWithWarningWhenOnlyFindingReadme" file="/home/runner/work/develop/develop/packages/framework/tests/Feature/Services/ValidationServiceTest.php" line="76" class="Hyde\Framework\Testing\Feature\Services\ValidationServiceTest" classname="Hyde.Framework.Testing.Feature.Services.ValidationServiceTest" assertions="3" time="0.009445"/>
        <testcase name="testCheckDocumentationSiteHasAnIndexPageCanFail" file="/home/runner/work/develop/develop/packages/framework/tests/Feature/Services/ValidationServiceTest.php" line="85" class="Hyde\Framework\Testing\Feature\Services\ValidationServiceTest" classname="Hyde.Framework.Testing.Feature.Services.ValidationServiceTest" assertions="2" time="0.008914"/>
        <testcase name="testCheckDocumentationSiteHasAnIndexPageBeSkipped" file="/home/runner/work/develop/develop/packages/framework/tests/Feature/Services/ValidationServiceTest.php" line="92" class="Hyde\Framework\Testing\Feature\Services\ValidationServiceTest" classname="Hyde.Framework.Testing.Feature.Services.ValidationServiceTest" assertions="2" time="0.007755"/>
        <testcase name="testCheckSiteHasAnIndexPageCanPass" file="/home/runner/work/develop/develop/packages/framework/tests/Feature/Services/ValidationServiceTest.php" line="97" class="Hyde\Framework\Testing\Feature\Services\ValidationServiceTest" classname="Hyde.Framework.Testing.Feature.Services.ValidationServiceTest" assertions="2" time="0.003828"/>
        <testcase name="testCheckSiteHasAnIndexPageCanFail" file="/home/runner/work/develop/develop/packages/framework/tests/Feature/Services/ValidationServiceTest.php" line="102" class="Hyde\Framework\Testing\Feature\Services\ValidationServiceTest" classname="Hyde.Framework.Testing.Feature.Services.ValidationServiceTest" assertions="2" time="0.003734"/>
        <testcase name="testCheckSiteHasAnAppCssStylesheetCanPass" file="/home/runner/work/develop/develop/packages/framework/tests/Feature/Services/ValidationServiceTest.php" line="109" class="Hyde\Framework\Testing\Feature\Services\ValidationServiceTest" classname="Hyde.Framework.Testing.Feature.Services.ValidationServiceTest" assertions="2" time="0.003669"/>
        <testcase name="testCheckSiteHasAnAppCssStylesheetCanFail" file="/home/runner/work/develop/develop/packages/framework/tests/Feature/Services/ValidationServiceTest.php" line="114" class="Hyde\Framework\Testing\Feature\Services\ValidationServiceTest" classname="Hyde.Framework.Testing.Feature.Services.ValidationServiceTest" assertions="2" time="0.004380"/>
        <testcase name="testCheckSiteHasABaseUrlSetCanPass" file="/home/runner/work/develop/develop/packages/framework/tests/Feature/Services/ValidationServiceTest.php" line="121" class="Hyde\Framework\Testing\Feature\Services\ValidationServiceTest" classname="Hyde.Framework.Testing.Feature.Services.ValidationServiceTest" assertions="2" time="0.003779"/>
        <testcase name="testCheckSiteHasABaseUrlSetCanFail" file="/home/runner/work/develop/develop/packages/framework/tests/Feature/Services/ValidationServiceTest.php" line="127" class="Hyde\Framework\Testing\Feature\Services\ValidationServiceTest" classname="Hyde.Framework.Testing.Feature.Services.ValidationServiceTest" assertions="2" time="0.003704"/>
        <testcase name="testCheckATorchlightApiTokenIsSetCanSkip" file="/home/runner/work/develop/develop/packages/framework/tests/Feature/Services/ValidationServiceTest.php" line="133" class="Hyde\Framework\Testing\Feature\Services\ValidationServiceTest" classname="Hyde.Framework.Testing.Feature.Services.ValidationServiceTest" assertions="2" time="0.003629"/>
        <testcase name="testCheckATorchlightApiTokenIsSetCanPass" file="/home/runner/work/develop/develop/packages/framework/tests/Feature/Services/ValidationServiceTest.php" line="139" class="Hyde\Framework\Testing\Feature\Services\ValidationServiceTest" classname="Hyde.Framework.Testing.Feature.Services.ValidationServiceTest" assertions="2" time="0.003960"/>
        <testcase name="testCheckATorchlightApiTokenIsSetCanFail" file="/home/runner/work/develop/develop/packages/framework/tests/Feature/Services/ValidationServiceTest.php" line="145" class="Hyde\Framework\Testing\Feature\Services\ValidationServiceTest" classname="Hyde.Framework.Testing.Feature.Services.ValidationServiceTest" assertions="2" time="0.003861"/>
        <testcase name="testCheckForConflictsBetweenBladeAndMarkdownPagesCanPass" file="/home/runner/work/develop/develop/packages/framework/tests/Feature/Services/ValidationServiceTest.php" line="151" class="Hyde\Framework\Testing\Feature\Services\ValidationServiceTest" classname="Hyde.Framework.Testing.Feature.Services.ValidationServiceTest" assertions="2" time="0.008479"/>
        <testcase name="testCheckForConflictsBetweenBladeAndMarkdownPagesCanFail" file="/home/runner/work/develop/develop/packages/framework/tests/Feature/Services/ValidationServiceTest.php" line="156" class="Hyde\Framework\Testing\Feature\Services\ValidationServiceTest" classname="Hyde.Framework.Testing.Feature.Services.ValidationServiceTest" assertions="2" time="0.009491"/>
        <testcase name="testValidationResultMessageReturnsMessage" file="/home/runner/work/develop/develop/packages/framework/tests/Feature/Services/ValidationServiceTest.php" line="165" class="Hyde\Framework\Testing\Feature\Services\ValidationServiceTest" classname="Hyde.Framework.Testing.Feature.Services.ValidationServiceTest" assertions="1" time="0.003695"/>
        <testcase name="testValidationResultPassedReturnsTrueWhenPassedIsTrue" file="/home/runner/work/develop/develop/packages/framework/tests/Feature/Services/ValidationServiceTest.php" line="171" class="Hyde\Framework\Testing\Feature\Services\ValidationServiceTest" classname="Hyde.Framework.Testing.Feature.Services.ValidationServiceTest" assertions="2" time="0.003677"/>
        <testcase name="testValidationResultFailedReturnsTrueWhenPassedIsFalse" file="/home/runner/work/develop/develop/packages/framework/tests/Feature/Services/ValidationServiceTest.php" line="180" class="Hyde\Framework\Testing\Feature\Services\ValidationServiceTest" classname="Hyde.Framework.Testing.Feature.Services.ValidationServiceTest" assertions="2" time="0.003609"/>
        <testcase name="testValidationResultSkippedReturnsTrueWhenSkippedIsTrue" file="/home/runner/work/develop/develop/packages/framework/tests/Feature/Services/ValidationServiceTest.php" line="189" class="Hyde\Framework\Testing\Feature\Services\ValidationServiceTest" classname="Hyde.Framework.Testing.Feature.Services.ValidationServiceTest" assertions="2" time="0.004342"/>
        <testcase name="testValidationResultTipReturnsMessageWhenSet" file="/home/runner/work/develop/develop/packages/framework/tests/Feature/Services/ValidationServiceTest.php" line="197" class="Hyde\Framework\Testing\Feature\Services\ValidationServiceTest" classname="Hyde.Framework.Testing.Feature.Services.ValidationServiceTest" assertions="2" time="0.003775"/>
      </testsuite>
      <testsuite name="Hyde\Framework\Testing\Feature\Services\ViewDiffServiceTest" file="/home/runner/work/develop/develop/packages/framework/tests/Feature/Services/ViewDiffServiceTest.php" tests="4" assertions="8" errors="0" failures="0" skipped="0" time="0.033684">
        <testcase name="testGetFilecache" file="/home/runner/work/develop/develop/packages/framework/tests/Feature/Services/ViewDiffServiceTest.php" line="19" class="Hyde\Framework\Testing\Feature\Services\ViewDiffServiceTest" classname="Hyde.Framework.Testing.Feature.Services.ViewDiffServiceTest" assertions="4" time="0.009739"/>
        <testcase name="testGetChecksums" file="/home/runner/work/develop/develop/packages/framework/tests/Feature/Services/ViewDiffServiceTest.php" line="30" class="Hyde\Framework\Testing\Feature\Services\ViewDiffServiceTest" classname="Hyde.Framework.Testing.Feature.Services.ViewDiffServiceTest" assertions="2" time="0.008147"/>
        <testcase name="testChecksumMatchesAny" file="/home/runner/work/develop/develop/packages/framework/tests/Feature/Services/ViewDiffServiceTest.php" line="39" class="Hyde\Framework\Testing\Feature\Services\ViewDiffServiceTest" classname="Hyde.Framework.Testing.Feature.Services.ViewDiffServiceTest" assertions="1" time="0.007889"/>
        <testcase name="testChecksumMatchesAnyFalse" file="/home/runner/work/develop/develop/packages/framework/tests/Feature/Services/ViewDiffServiceTest.php" line="48" class="Hyde\Framework\Testing\Feature\Services\ViewDiffServiceTest" classname="Hyde.Framework.Testing.Feature.Services.ViewDiffServiceTest" assertions="1" time="0.007909"/>
      </testsuite>
      <testsuite name="Hyde\Framework\Testing\Feature\SidebarViewTest" file="/home/runner/work/develop/develop/packages/framework/tests/Feature/SidebarViewTest.php" tests="7" assertions="60" errors="0" failures="0" skipped="0" time="0.099687">
        <testcase name="testBaseSidebar" file="/home/runner/work/develop/develop/packages/framework/tests/Feature/SidebarViewTest.php" line="32" class="Hyde\Framework\Testing\Feature\SidebarViewTest" classname="Hyde.Framework.Testing.Feature.SidebarViewTest" assertions="12" time="0.013163"/>
        <testcase name="testBaseSidebarWithoutFooter" file="/home/runner/work/develop/develop/packages/framework/tests/Feature/SidebarViewTest.php" line="53" class="Hyde\Framework\Testing\Feature\SidebarViewTest" classname="Hyde.Framework.Testing.Feature.SidebarViewTest" assertions="2" time="0.010108"/>
        <testcase name="testBaseSidebarWithCustomFooterText" file="/home/runner/work/develop/develop/packages/framework/tests/Feature/SidebarViewTest.php" line="62" class="Hyde\Framework\Testing\Feature\SidebarViewTest" classname="Hyde.Framework.Testing.Feature.SidebarViewTest" assertions="4" time="0.011540"/>
        <testcase name="testBaseSidebarCustomHeaderBrand" file="/home/runner/work/develop/develop/packages/framework/tests/Feature/SidebarViewTest.php" line="73" class="Hyde\Framework\Testing\Feature\SidebarViewTest" classname="Hyde.Framework.Testing.Feature.SidebarViewTest" assertions="4" time="0.010837"/>
        <testcase name="testBaseSidebarWithItems" file="/home/runner/work/develop/develop/packages/framework/tests/Feature/SidebarViewTest.php" line="85" class="Hyde\Framework\Testing\Feature\SidebarViewTest" classname="Hyde.Framework.Testing.Feature.SidebarViewTest" assertions="6" time="0.016395"/>
        <testcase name="testSidebarWithGroupedItems" file="/home/runner/work/develop/develop/packages/framework/tests/Feature/SidebarViewTest.php" line="103" class="Hyde\Framework\Testing\Feature\SidebarViewTest" classname="Hyde.Framework.Testing.Feature.SidebarViewTest" assertions="16" time="0.018860"/>
        <testcase name="testSidebarWithNonCollapsibleGroupedItems" file="/home/runner/work/develop/develop/packages/framework/tests/Feature/SidebarViewTest.php" line="134" class="Hyde\Framework\Testing\Feature\SidebarViewTest" classname="Hyde.Framework.Testing.Feature.SidebarViewTest" assertions="16" time="0.018783"/>
      </testsuite>
      <testsuite name="Hyde\Framework\Testing\Feature\SiteTest" file="/home/runner/work/develop/develop/packages/framework/tests/Feature/SiteTest.php" tests="4" assertions="10" errors="0" failures="0" skipped="0" time="0.021879">
        <testcase name="testUrl" file="/home/runner/work/develop/develop/packages/framework/tests/Feature/SiteTest.php" line="16" class="Hyde\Framework\Testing\Feature\SiteTest" classname="Hyde.Framework.Testing.Feature.SiteTest" assertions="3" time="0.004166"/>
        <testcase name="testName" file="/home/runner/work/develop/develop/packages/framework/tests/Feature/SiteTest.php" line="27" class="Hyde\Framework\Testing\Feature\SiteTest" classname="Hyde.Framework.Testing.Feature.SiteTest" assertions="3" time="0.004181"/>
        <testcase name="testLanguage" file="/home/runner/work/develop/develop/packages/framework/tests/Feature/SiteTest.php" line="38" class="Hyde\Framework\Testing\Feature\SiteTest" classname="Hyde.Framework.Testing.Feature.SiteTest" assertions="3" time="0.004147"/>
        <testcase name="testMetadata" file="/home/runner/work/develop/develop/packages/framework/tests/Feature/SiteTest.php" line="49" class="Hyde\Framework\Testing\Feature\SiteTest" classname="Hyde.Framework.Testing.Feature.SiteTest" assertions="1" time="0.009385"/>
      </testsuite>
      <testsuite name="Hyde\Framework\Testing\Feature\SourceDirectoriesCanBeChangedTest" file="/home/runner/work/develop/develop/packages/framework/tests/Feature/SourceDirectoriesCanBeChangedTest.php" tests="6" assertions="18" errors="0" failures="0" skipped="0" time="0.038787">
        <testcase name="testBaselines" file="/home/runner/work/develop/develop/packages/framework/tests/Feature/SourceDirectoriesCanBeChangedTest.php" line="20" class="Hyde\Framework\Testing\Feature\SourceDirectoriesCanBeChangedTest" classname="Hyde.Framework.Testing.Feature.SourceDirectoriesCanBeChangedTest" assertions="5" time="0.004357"/>
        <testcase name="testSourceDirectoriesCanBeChangedProgrammatically" file="/home/runner/work/develop/develop/packages/framework/tests/Feature/SourceDirectoriesCanBeChangedTest.php" line="29" class="Hyde\Framework\Testing\Feature\SourceDirectoriesCanBeChangedTest" classname="Hyde.Framework.Testing.Feature.SourceDirectoriesCanBeChangedTest" assertions="5" time="0.004163"/>
        <testcase name="testSourceDirectoriesCanBeChangedInConfig" file="/home/runner/work/develop/develop/packages/framework/tests/Feature/SourceDirectoriesCanBeChangedTest.php" line="44" class="Hyde\Framework\Testing\Feature\SourceDirectoriesCanBeChangedTest" classname="Hyde.Framework.Testing.Feature.SourceDirectoriesCanBeChangedTest" assertions="5" time="0.004869"/>
        <testcase name="testBuildServiceRecognizesChangedDirectory" file="/home/runner/work/develop/develop/packages/framework/tests/Feature/SourceDirectoriesCanBeChangedTest.php" line="63" class="Hyde\Framework\Testing\Feature\SourceDirectoriesCanBeChangedTest" classname="Hyde.Framework.Testing.Feature.SourceDirectoriesCanBeChangedTest" assertions="1" time="0.003749"/>
        <testcase name="testAutodiscoveryDiscoversPostsInCustomDirectory" file="/home/runner/work/develop/develop/packages/framework/tests/Feature/SourceDirectoriesCanBeChangedTest.php" line="73" class="Hyde\Framework\Testing\Feature\SourceDirectoriesCanBeChangedTest" classname="Hyde.Framework.Testing.Feature.SourceDirectoriesCanBeChangedTest" assertions="1" time="0.011038"/>
        <testcase name="testAutodiscoveryDiscoversPostsInCustomSubdirectory" file="/home/runner/work/develop/develop/packages/framework/tests/Feature/SourceDirectoriesCanBeChangedTest.php" line="86" class="Hyde\Framework\Testing\Feature\SourceDirectoriesCanBeChangedTest" classname="Hyde.Framework.Testing.Feature.SourceDirectoriesCanBeChangedTest" assertions="1" time="0.010610"/>
      </testsuite>
      <testsuite name="Hyde\Framework\Testing\Feature\SourceFileParserTest" file="/home/runner/work/develop/develop/packages/framework/tests/Feature/SourceFileParserTest.php" tests="8" assertions="20" errors="0" failures="0" skipped="0" time="0.047603">
        <testcase name="testBladePageParser" file="/home/runner/work/develop/develop/packages/framework/tests/Feature/SourceFileParserTest.php" line="20" class="Hyde\Framework\Testing\Feature\SourceFileParserTest" classname="Hyde.Framework.Testing.Feature.SourceFileParserTest" assertions="2" time="0.006271"/>
        <testcase name="testMarkdownPageParser" file="/home/runner/work/develop/develop/packages/framework/tests/Feature/SourceFileParserTest.php" line="30" class="Hyde\Framework\Testing\Feature\SourceFileParserTest" classname="Hyde.Framework.Testing.Feature.SourceFileParserTest" assertions="4" time="0.006040"/>
        <testcase name="testMarkdownPostParser" file="/home/runner/work/develop/develop/packages/framework/tests/Feature/SourceFileParserTest.php" line="42" class="Hyde\Framework\Testing\Feature\SourceFileParserTest" classname="Hyde.Framework.Testing.Feature.SourceFileParserTest" assertions="4" time="0.006758"/>
        <testcase name="testDocumentationPageParser" file="/home/runner/work/develop/develop/packages/framework/tests/Feature/SourceFileParserTest.php" line="54" class="Hyde\Framework\Testing\Feature\SourceFileParserTest" classname="Hyde.Framework.Testing.Feature.SourceFileParserTest" assertions="4" time="0.005976"/>
        <testcase name="testHtmlPageParser" file="/home/runner/work/develop/develop/packages/framework/tests/Feature/SourceFileParserTest.php" line="66" class="Hyde\Framework\Testing\Feature\SourceFileParserTest" classname="Hyde.Framework.Testing.Feature.SourceFileParserTest" assertions="3" time="0.005504"/>
        <testcase name="testParsedPageIsRunThroughDynamicConstructor" file="/home/runner/work/develop/develop/packages/framework/tests/Feature/SourceFileParserTest.php" line="77" class="Hyde\Framework\Testing\Feature\SourceFileParserTest" classname="Hyde.Framework.Testing.Feature.SourceFileParserTest" assertions="1" time="0.005764"/>
        <testcase name="testBladePageDataIsParsedToFrontMatter" file="/home/runner/work/develop/develop/packages/framework/tests/Feature/SourceFileParserTest.php" line="84" class="Hyde\Framework\Testing\Feature\SourceFileParserTest" classname="Hyde.Framework.Testing.Feature.SourceFileParserTest" assertions="1" time="0.005489"/>
        <testcase name="testBladePageMatterIsUsedForThePageTitle" file="/home/runner/work/develop/develop/packages/framework/tests/Feature/SourceFileParserTest.php" line="91" class="Hyde\Framework\Testing\Feature\SourceFileParserTest" classname="Hyde.Framework.Testing.Feature.SourceFileParserTest" assertions="1" time="0.005801"/>
      </testsuite>
      <testsuite name="Hyde\Framework\Testing\Feature\StaticPageBuilderTest" file="/home/runner/work/develop/develop/packages/framework/tests/Feature/StaticPageBuilderTest.php" tests="13" assertions="73" errors="0" failures="0" skipped="0" time="0.229176">
        <testcase name="testCanBuildBladePage" file="/home/runner/work/develop/develop/packages/framework/tests/Feature/StaticPageBuilderTest.php" line="55" class="Hyde\Framework\Testing\Feature\StaticPageBuilderTest" classname="Hyde.Framework.Testing.Feature.StaticPageBuilderTest" assertions="3" time="0.011949"/>
        <testcase name="testCanBuildMarkdownPost" file="/home/runner/work/develop/develop/packages/framework/tests/Feature/StaticPageBuilderTest.php" line="70" class="Hyde\Framework\Testing\Feature\StaticPageBuilderTest" classname="Hyde.Framework.Testing.Feature.StaticPageBuilderTest" assertions="10" time="0.020253"/>
        <testcase name="testCanBuildMarkdownPage" file="/home/runner/work/develop/develop/packages/framework/tests/Feature/StaticPageBuilderTest.php" line="83" class="Hyde\Framework\Testing\Feature\StaticPageBuilderTest" classname="Hyde.Framework.Testing.Feature.StaticPageBuilderTest" assertions="10" time="0.018156"/>
        <testcase name="testCanBuildDocumentationPage" file="/home/runner/work/develop/develop/packages/framework/tests/Feature/StaticPageBuilderTest.php" line="94" class="Hyde\Framework\Testing\Feature\StaticPageBuilderTest" classname="Hyde.Framework.Testing.Feature.StaticPageBuilderTest" assertions="10" time="0.027543"/>
        <testcase name="testCanBuildHtmlPage" file="/home/runner/work/develop/develop/packages/framework/tests/Feature/StaticPageBuilderTest.php" line="104" class="Hyde\Framework\Testing\Feature\StaticPageBuilderTest" classname="Hyde.Framework.Testing.Feature.StaticPageBuilderTest" assertions="3" time="0.010975"/>
        <testcase name="testCanBuildNestedHtmlPage" file="/home/runner/work/develop/develop/packages/framework/tests/Feature/StaticPageBuilderTest.php" line="116" class="Hyde\Framework\Testing\Feature\StaticPageBuilderTest" classname="Hyde.Framework.Testing.Feature.StaticPageBuilderTest" assertions="3" time="0.011156"/>
        <testcase name="testCreatesCustomDocumentationDirectory" file="/home/runner/work/develop/develop/packages/framework/tests/Feature/StaticPageBuilderTest.php" line="132" class="Hyde\Framework\Testing\Feature\StaticPageBuilderTest" classname="Hyde.Framework.Testing.Feature.StaticPageBuilderTest" assertions="10" time="0.021374"/>
        <testcase name="testSiteDirectoryCanBeCustomized" file="/home/runner/work/develop/develop/packages/framework/tests/Feature/StaticPageBuilderTest.php" line="146" class="Hyde\Framework\Testing\Feature\StaticPageBuilderTest" classname="Hyde.Framework.Testing.Feature.StaticPageBuilderTest" assertions="10" time="0.018679"/>
        <testcase name="testSiteDirectoryCanBeCustomizedWithNestedPages" file="/home/runner/work/develop/develop/packages/framework/tests/Feature/StaticPageBuilderTest.php" line="158" class="Hyde\Framework\Testing\Feature\StaticPageBuilderTest" classname="Hyde.Framework.Testing.Feature.StaticPageBuilderTest" assertions="10" time="0.021208"/>
        <testcase name="testCanRebuildBladePage" file="/home/runner/work/develop/develop/packages/framework/tests/Feature/StaticPageBuilderTest.php" line="170" class="Hyde\Framework\Testing\Feature\StaticPageBuilderTest" classname="Hyde.Framework.Testing.Feature.StaticPageBuilderTest" assertions="1" time="0.010305"/>
        <testcase name="testCanRebuildMarkdownPage" file="/home/runner/work/develop/develop/packages/framework/tests/Feature/StaticPageBuilderTest.php" line="179" class="Hyde\Framework\Testing\Feature\StaticPageBuilderTest" classname="Hyde.Framework.Testing.Feature.StaticPageBuilderTest" assertions="1" time="0.018641"/>
        <testcase name="testCanRebuildMarkdownPost" file="/home/runner/work/develop/develop/packages/framework/tests/Feature/StaticPageBuilderTest.php" line="188" class="Hyde\Framework\Testing\Feature\StaticPageBuilderTest" classname="Hyde.Framework.Testing.Feature.StaticPageBuilderTest" assertions="1" time="0.020308"/>
        <testcase name="testCanRebuildDocumentationPage" file="/home/runner/work/develop/develop/packages/framework/tests/Feature/StaticPageBuilderTest.php" line="197" class="Hyde\Framework\Testing\Feature\StaticPageBuilderTest" classname="Hyde.Framework.Testing.Feature.StaticPageBuilderTest" assertions="1" time="0.018630"/>
      </testsuite>
      <testsuite name="Hyde\Framework\Testing\Feature\StaticSiteBuilderDocumentationModuleTest" file="/home/runner/work/develop/develop/packages/framework/tests/Feature/StaticSiteBuilderDocumentationModuleTest.php" tests="3" assertions="7" errors="0" failures="0" skipped="0" time="0.065727">
        <testcase name="testCanCreatePage" file="/home/runner/work/develop/develop/packages/framework/tests/Feature/StaticSiteBuilderDocumentationModuleTest.php" line="45" class="Hyde\Framework\Testing\Feature\StaticSiteBuilderDocumentationModuleTest" classname="Hyde.Framework.Testing.Feature.StaticSiteBuilderDocumentationModuleTest" assertions="1" time="0.023559"/>
        <testcase name="testPageContainsExpectedContent" file="/home/runner/work/develop/develop/packages/framework/tests/Feature/StaticSiteBuilderDocumentationModuleTest.php" line="54" class="Hyde\Framework\Testing\Feature\StaticSiteBuilderDocumentationModuleTest" classname="Hyde.Framework.Testing.Feature.StaticSiteBuilderDocumentationModuleTest" assertions="3" time="0.020994"/>
        <testcase name="testCanCompilePageToRootOutputDirectory" file="/home/runner/work/develop/develop/packages/framework/tests/Feature/StaticSiteBuilderDocumentationModuleTest.php" line="63" class="Hyde\Framework\Testing\Feature\StaticSiteBuilderDocumentationModuleTest" classname="Hyde.Framework.Testing.Feature.StaticSiteBuilderDocumentationModuleTest" assertions="3" time="0.021174"/>
      </testsuite>
      <testsuite name="Hyde\Framework\Testing\Feature\StaticSiteBuilderPostModuleTest" file="/home/runner/work/develop/develop/packages/framework/tests/Feature/StaticSiteBuilderPostModuleTest.php" tests="7" assertions="38" errors="0" failures="0" skipped="0" time="0.155141">
        <testcase name="testCanCreatePost" file="/home/runner/work/develop/develop/packages/framework/tests/Feature/StaticSiteBuilderPostModuleTest.php" line="58" class="Hyde\Framework\Testing\Feature\StaticSiteBuilderPostModuleTest" classname="Hyde.Framework.Testing.Feature.StaticSiteBuilderPostModuleTest" assertions="1" time="0.021615"/>
        <testcase name="testPostContainsExpectedContent" file="/home/runner/work/develop/develop/packages/framework/tests/Feature/StaticSiteBuilderPostModuleTest.php" line="65" class="Hyde\Framework\Testing\Feature\StaticSiteBuilderPostModuleTest" classname="Hyde.Framework.Testing.Feature.StaticSiteBuilderPostModuleTest" assertions="6" time="0.022496"/>
        <testcase name="testPostContainsExpectedElements" file="/home/runner/work/develop/develop/packages/framework/tests/Feature/StaticSiteBuilderPostModuleTest.php" line="77" class="Hyde\Framework\Testing\Feature\StaticSiteBuilderPostModuleTest" classname="Hyde.Framework.Testing.Feature.StaticSiteBuilderPostModuleTest" assertions="11" time="0.021636"/>
        <testcase name="testPostContainsExpectedMetaTags" file="/home/runner/work/develop/develop/packages/framework/tests/Feature/StaticSiteBuilderPostModuleTest.php" line="94" class="Hyde\Framework\Testing\Feature\StaticSiteBuilderPostModuleTest" classname="Hyde.Framework.Testing.Feature.StaticSiteBuilderPostModuleTest" assertions="6" time="0.018934"/>
        <testcase name="testPostContainsExpectedItemprops" file="/home/runner/work/develop/develop/packages/framework/tests/Feature/StaticSiteBuilderPostModuleTest.php" line="106" class="Hyde\Framework\Testing\Feature\StaticSiteBuilderPostModuleTest" classname="Hyde.Framework.Testing.Feature.StaticSiteBuilderPostModuleTest" assertions="8" time="0.018938"/>
        <testcase name="testPostContainsExpectedAriaSupport" file="/home/runner/work/develop/develop/packages/framework/tests/Feature/StaticSiteBuilderPostModuleTest.php" line="120" class="Hyde\Framework\Testing\Feature\StaticSiteBuilderPostModuleTest" classname="Hyde.Framework.Testing.Feature.StaticSiteBuilderPostModuleTest" assertions="3" time="0.019121"/>
        <testcase name="testPostImageIsResolvedRelatively" file="/home/runner/work/develop/develop/packages/framework/tests/Feature/StaticSiteBuilderPostModuleTest.php" line="129" class="Hyde\Framework\Testing\Feature\StaticSiteBuilderPostModuleTest" classname="Hyde.Framework.Testing.Feature.StaticSiteBuilderPostModuleTest" assertions="3" time="0.032400"/>
      </testsuite>
      <testsuite name="Hyde\Framework\Testing\Feature\StaticSiteServiceTest" file="/home/runner/work/develop/develop/packages/framework/tests/Feature/StaticSiteServiceTest.php" tests="23" assertions="79" errors="0" failures="0" skipped="0" time="0.683346">
        <testcase name="testBuildCommandContainsExpectedOutput" file="/home/runner/work/develop/develop/packages/framework/tests/Feature/StaticSiteServiceTest.php" line="34" class="Hyde\Framework\Testing\Feature\StaticSiteServiceTest" classname="Hyde.Framework.Testing.Feature.StaticSiteServiceTest" assertions="4" time="0.024093"/>
        <testcase name="testBuildCommandCreatesHtmlFiles" file="/home/runner/work/develop/develop/packages/framework/tests/Feature/StaticSiteServiceTest.php" line="43" class="Hyde\Framework\Testing\Feature\StaticSiteServiceTest" classname="Hyde.Framework.Testing.Feature.StaticSiteServiceTest" assertions="3" time="0.036097"/>
        <testcase name="testBuildCommandTransfersMediaAssetFiles" file="/home/runner/work/develop/develop/packages/framework/tests/Feature/StaticSiteServiceTest.php" line="54" class="Hyde\Framework\Testing\Feature\StaticSiteServiceTest" classname="Hyde.Framework.Testing.Feature.StaticSiteServiceTest" assertions="3" time="0.022010"/>
        <testcase name="testBuildCommandTransfersMediaAssetFilesRecursively" file="/home/runner/work/develop/develop/packages/framework/tests/Feature/StaticSiteServiceTest.php" line="63" class="Hyde\Framework\Testing\Feature\StaticSiteServiceTest" classname="Hyde.Framework.Testing.Feature.StaticSiteServiceTest" assertions="4" time="0.025137"/>
        <testcase name="testAllPageTypesCanBeCompiled" file="/home/runner/work/develop/develop/packages/framework/tests/Feature/StaticSiteServiceTest.php" line="72" class="Hyde\Framework\Testing\Feature\StaticSiteServiceTest" classname="Hyde.Framework.Testing.Feature.StaticSiteServiceTest" assertions="12" time="0.083904"/>
        <testcase name="testOnlyProgressBarsForTypesWithPagesAreShown" file="/home/runner/work/develop/develop/packages/framework/tests/Feature/StaticSiteServiceTest.php" line="102" class="Hyde\Framework\Testing\Feature\StaticSiteServiceTest" classname="Hyde.Framework.Testing.Feature.StaticSiteServiceTest" assertions="9" time="0.038635"/>
        <testcase name="testPrintInitialInformationAllowsApiToBeDisabled" file="/home/runner/work/develop/develop/packages/framework/tests/Feature/StaticSiteServiceTest.php" line="122" class="Hyde\Framework\Testing\Feature\StaticSiteServiceTest" classname="Hyde.Framework.Testing.Feature.StaticSiteServiceTest" assertions="2" time="0.021888"/>
        <testcase name="testNodeActionOutputs" file="/home/runner/work/develop/develop/packages/framework/tests/Feature/StaticSiteServiceTest.php" line="129" class="Hyde\Framework\Testing\Feature\StaticSiteServiceTest" classname="Hyde.Framework.Testing.Feature.StaticSiteServiceTest" assertions="4" time="0.026198"/>
        <testcase name="testPrettyUrlsOptionOutput" file="/home/runner/work/develop/develop/packages/framework/tests/Feature/StaticSiteServiceTest.php" line="138" class="Hyde\Framework\Testing\Feature\StaticSiteServiceTest" classname="Hyde.Framework.Testing.Feature.StaticSiteServiceTest" assertions="2" time="0.022561"/>
        <testcase name="testSitemapIsNotGeneratedWhenConditionsAreNotMet" file="/home/runner/work/develop/develop/packages/framework/tests/Feature/StaticSiteServiceTest.php" line="145" class="Hyde\Framework\Testing\Feature\StaticSiteServiceTest" classname="Hyde.Framework.Testing.Feature.StaticSiteServiceTest" assertions="2" time="0.021719"/>
        <testcase name="testSitemapIsGeneratedWhenConditionsAreMet" file="/home/runner/work/develop/develop/packages/framework/tests/Feature/StaticSiteServiceTest.php" line="155" class="Hyde\Framework\Testing\Feature\StaticSiteServiceTest" classname="Hyde.Framework.Testing.Feature.StaticSiteServiceTest" assertions="1" time="0.022343"/>
        <testcase name="testRssFeedIsNotGeneratedWhenConditionsAreNotMet" file="/home/runner/work/develop/develop/packages/framework/tests/Feature/StaticSiteServiceTest.php" line="166" class="Hyde\Framework\Testing\Feature\StaticSiteServiceTest" classname="Hyde.Framework.Testing.Feature.StaticSiteServiceTest" assertions="2" time="0.021450"/>
        <testcase name="testRssFeedIsGeneratedWhenConditionsAreMet" file="/home/runner/work/develop/develop/packages/framework/tests/Feature/StaticSiteServiceTest.php" line="176" class="Hyde\Framework\Testing\Feature\StaticSiteServiceTest" classname="Hyde.Framework.Testing.Feature.StaticSiteServiceTest" assertions="1" time="0.050045"/>
        <testcase name="testDoesNotGenerateSearchFilesWhenConditionsAreNotMet" file="/home/runner/work/develop/develop/packages/framework/tests/Feature/StaticSiteServiceTest.php" line="191" class="Hyde\Framework\Testing\Feature\StaticSiteServiceTest" classname="Hyde.Framework.Testing.Feature.StaticSiteServiceTest" assertions="3" time="0.023106"/>
        <testcase name="testGeneratesSearchFilesWhenConditionsAreMet" file="/home/runner/work/develop/develop/packages/framework/tests/Feature/StaticSiteServiceTest.php" line="199" class="Hyde\Framework\Testing\Feature\StaticSiteServiceTest" classname="Hyde.Framework.Testing.Feature.StaticSiteServiceTest" assertions="1" time="0.048433"/>
        <testcase name="testSiteDirectoryIsEmptiedBeforeBuild" file="/home/runner/work/develop/develop/packages/framework/tests/Feature/StaticSiteServiceTest.php" line="211" class="Hyde\Framework\Testing\Feature\StaticSiteServiceTest" classname="Hyde.Framework.Testing.Feature.StaticSiteServiceTest" assertions="3" time="0.022939"/>
        <testcase name="testOutputDirectoryIsNotEmptiedIfDisabledInConfig" file="/home/runner/work/develop/develop/packages/framework/tests/Feature/StaticSiteServiceTest.php" line="220" class="Hyde\Framework\Testing\Feature\StaticSiteServiceTest" classname="Hyde.Framework.Testing.Feature.StaticSiteServiceTest" assertions="3" time="0.021716"/>
        <testcase name="testAbortsWhenNonStandardDirectoryIsEmptied" file="/home/runner/work/develop/develop/packages/framework/tests/Feature/StaticSiteServiceTest.php" line="233" class="Hyde\Framework\Testing\Feature\StaticSiteServiceTest" classname="Hyde.Framework.Testing.Feature.StaticSiteServiceTest" assertions="5" time="0.024600"/>
        <testcase name="testWithoutWarnings" file="/home/runner/work/develop/develop/packages/framework/tests/Feature/StaticSiteServiceTest.php" line="250" class="Hyde\Framework\Testing\Feature\StaticSiteServiceTest" classname="Hyde.Framework.Testing.Feature.StaticSiteServiceTest" assertions="2" time="0.023111"/>
        <testcase name="testWithWarnings" file="/home/runner/work/develop/develop/packages/framework/tests/Feature/StaticSiteServiceTest.php" line="257" class="Hyde\Framework\Testing\Feature\StaticSiteServiceTest" classname="Hyde.Framework.Testing.Feature.StaticSiteServiceTest" assertions="3" time="0.023558"/>
        <testcase name="testWithWarningsAndVerbose" file="/home/runner/work/develop/develop/packages/framework/tests/Feature/StaticSiteServiceTest.php" line="267" class="Hyde\Framework\Testing\Feature\StaticSiteServiceTest" classname="Hyde.Framework.Testing.Feature.StaticSiteServiceTest" assertions="4" time="0.024485"/>
        <testcase name="testWithWarningsButWarningsAreDisabled" file="/home/runner/work/develop/develop/packages/framework/tests/Feature/StaticSiteServiceTest.php" line="278" class="Hyde\Framework\Testing\Feature\StaticSiteServiceTest" classname="Hyde.Framework.Testing.Feature.StaticSiteServiceTest" assertions="2" time="0.023655"/>
        <testcase name="testWithWarningsConvertedToExceptions" file="/home/runner/work/develop/develop/packages/framework/tests/Feature/StaticSiteServiceTest.php" line="288" class="Hyde\Framework\Testing\Feature\StaticSiteServiceTest" classname="Hyde.Framework.Testing.Feature.StaticSiteServiceTest" assertions="4" time="0.031662"/>
      </testsuite>
      <testsuite name="Hyde\Framework\Testing\Feature\Support\MediaFileTest" file="/home/runner/work/develop/develop/packages/framework/tests/Feature/Support/MediaFileTest.php" tests="25" assertions="32" errors="0" failures="0" skipped="0" time="0.109827">
        <testcase name="testCanConstruct" file="/home/runner/work/develop/develop/packages/framework/tests/Feature/Support/MediaFileTest.php" line="18" class="Hyde\Framework\Testing\Feature\Support\MediaFileTest" classname="Hyde.Framework.Testing.Feature.Support.MediaFileTest" assertions="2" time="0.003930"/>
        <testcase name="testCanConstructWithNestedPaths" file="/home/runner/work/develop/develop/packages/framework/tests/Feature/Support/MediaFileTest.php" line="30" class="Hyde\Framework\Testing\Feature\Support\MediaFileTest" classname="Hyde.Framework.Testing.Feature.Support.MediaFileTest" assertions="1" time="0.003296"/>
        <testcase name="testAbsolutePathIsNormalizedToRelative" file="/home/runner/work/develop/develop/packages/framework/tests/Feature/Support/MediaFileTest.php" line="35" class="Hyde\Framework\Testing\Feature\Support\MediaFileTest" classname="Hyde.Framework.Testing.Feature.Support.MediaFileTest" assertions="1" time="0.003370"/>
        <testcase name="testGetNameReturnsNameOfFile" file="/home/runner/work/develop/develop/packages/framework/tests/Feature/Support/MediaFileTest.php" line="40" class="Hyde\Framework\Testing\Feature\Support\MediaFileTest" classname="Hyde.Framework.Testing.Feature.Support.MediaFileTest" assertions="2" time="0.003357"/>
        <testcase name="testGetPathReturnsPathOfFile" file="/home/runner/work/develop/develop/packages/framework/tests/Feature/Support/MediaFileTest.php" line="46" class="Hyde\Framework\Testing\Feature\Support\MediaFileTest" classname="Hyde.Framework.Testing.Feature.Support.MediaFileTest" assertions="2" time="0.003329"/>
        <testcase name="testGetAbsolutePathReturnsAbsolutePathOfFile" file="/home/runner/work/develop/develop/packages/framework/tests/Feature/Support/MediaFileTest.php" line="52" class="Hyde\Framework\Testing\Feature\Support\MediaFileTest" classname="Hyde.Framework.Testing.Feature.Support.MediaFileTest" assertions="2" time="0.003411"/>
        <testcase name="testGetContentsReturnsContentsOfFile" file="/home/runner/work/develop/develop/packages/framework/tests/Feature/Support/MediaFileTest.php" line="58" class="Hyde\Framework\Testing\Feature\Support\MediaFileTest" classname="Hyde.Framework.Testing.Feature.Support.MediaFileTest" assertions="1" time="0.003970"/>
        <testcase name="testGetExtensionReturnsExtensionOfFile" file="/home/runner/work/develop/develop/packages/framework/tests/Feature/Support/MediaFileTest.php" line="64" class="Hyde\Framework\Testing\Feature\Support\MediaFileTest" classname="Hyde.Framework.Testing.Feature.Support.MediaFileTest" assertions="2" time="0.005398"/>
        <testcase name="testToArrayReturnsArrayOfFileProperties" file="/home/runner/work/develop/develop/packages/framework/tests/Feature/Support/MediaFileTest.php" line="73" class="Hyde\Framework\Testing\Feature\Support\MediaFileTest" classname="Hyde.Framework.Testing.Feature.Support.MediaFileTest" assertions="1" time="0.004109"/>
        <testcase name="testToArrayWithEmptyFileWithNoExtension" file="/home/runner/work/develop/develop/packages/framework/tests/Feature/Support/MediaFileTest.php" line="85" class="Hyde\Framework\Testing\Feature\Support\MediaFileTest" classname="Hyde.Framework.Testing.Feature.Support.MediaFileTest" assertions="1" time="0.005617"/>
        <testcase name="testToArrayWithFileInSubdirectory" file="/home/runner/work/develop/develop/packages/framework/tests/Feature/Support/MediaFileTest.php" line="96" class="Hyde\Framework\Testing\Feature\Support\MediaFileTest" classname="Hyde.Framework.Testing.Feature.Support.MediaFileTest" assertions="1" time="0.004131"/>
        <testcase name="testGetContentLength" file="/home/runner/work/develop/develop/packages/framework/tests/Feature/Support/MediaFileTest.php" line="110" class="Hyde\Framework\Testing\Feature\Support\MediaFileTest" classname="Hyde.Framework.Testing.Feature.Support.MediaFileTest" assertions="1" time="0.004145"/>
        <testcase name="testGetContentLengthWithEmptyFile" file="/home/runner/work/develop/develop/packages/framework/tests/Feature/Support/MediaFileTest.php" line="116" class="Hyde\Framework\Testing\Feature\Support\MediaFileTest" classname="Hyde.Framework.Testing.Feature.Support.MediaFileTest" assertions="1" time="0.004162"/>
        <testcase name="testGetContentLengthWithDirectory" file="/home/runner/work/develop/develop/packages/framework/tests/Feature/Support/MediaFileTest.php" line="122" class="Hyde\Framework\Testing\Feature\Support\MediaFileTest" classname="Hyde.Framework.Testing.Feature.Support.MediaFileTest" assertions="2" time="0.004829"/>
        <testcase name="testGetContentLengthWithNonExistentFile" file="/home/runner/work/develop/develop/packages/framework/tests/Feature/Support/MediaFileTest.php" line="131" class="Hyde\Framework\Testing\Feature\Support\MediaFileTest" classname="Hyde.Framework.Testing.Feature.Support.MediaFileTest" assertions="2" time="0.004082"/>
        <testcase name="testGetMimeType" file="/home/runner/work/develop/develop/packages/framework/tests/Feature/Support/MediaFileTest.php" line="138" class="Hyde\Framework\Testing\Feature\Support\MediaFileTest" classname="Hyde.Framework.Testing.Feature.Support.MediaFileTest" assertions="1" time="0.004770"/>
        <testcase name="testGetMimeTypeWithoutExtension" file="/home/runner/work/develop/develop/packages/framework/tests/Feature/Support/MediaFileTest.php" line="144" class="Hyde\Framework\Testing\Feature\Support\MediaFileTest" classname="Hyde.Framework.Testing.Feature.Support.MediaFileTest" assertions="1" time="0.005530"/>
        <testcase name="testGetMimeTypeWithEmptyFile" file="/home/runner/work/develop/develop/packages/framework/tests/Feature/Support/MediaFileTest.php" line="150" class="Hyde\Framework\Testing\Feature\Support\MediaFileTest" classname="Hyde.Framework.Testing.Feature.Support.MediaFileTest" assertions="1" time="0.004631"/>
        <testcase name="testGetMimeTypeWithDirectory" file="/home/runner/work/develop/develop/packages/framework/tests/Feature/Support/MediaFileTest.php" line="156" class="Hyde\Framework\Testing\Feature\Support\MediaFileTest" classname="Hyde.Framework.Testing.Feature.Support.MediaFileTest" assertions="1" time="0.004786"/>
        <testcase name="testGetMimeTypeWithNonExistentFile" file="/home/runner/work/develop/develop/packages/framework/tests/Feature/Support/MediaFileTest.php" line="162" class="Hyde\Framework\Testing\Feature\Support\MediaFileTest" classname="Hyde.Framework.Testing.Feature.Support.MediaFileTest" assertions="1" time="0.004233"/>
        <testcase name="testAllHelperReturnsAllMediaFiles" file="/home/runner/work/develop/develop/packages/framework/tests/Feature/Support/MediaFileTest.php" line="167" class="Hyde\Framework\Testing\Feature\Support\MediaFileTest" classname="Hyde.Framework.Testing.Feature.Support.MediaFileTest" assertions="1" time="0.005207"/>
        <testcase name="testAllHelperDoesNotIncludeNonMediaFiles" file="/home/runner/work/develop/develop/packages/framework/tests/Feature/Support/MediaFileTest.php" line="174" class="Hyde\Framework\Testing\Feature\Support\MediaFileTest" classname="Hyde.Framework.Testing.Feature.Support.MediaFileTest" assertions="1" time="0.005841"/>
        <testcase name="testFilesHelper" file="/home/runner/work/develop/develop/packages/framework/tests/Feature/Support/MediaFileTest.php" line="182" class="Hyde\Framework\Testing\Feature\Support\MediaFileTest" classname="Hyde.Framework.Testing.Feature.Support.MediaFileTest" assertions="1" time="0.004921"/>
        <testcase name="testGetIdentifier" file="/home/runner/work/develop/develop/packages/framework/tests/Feature/Support/MediaFileTest.php" line="187" class="Hyde\Framework\Testing\Feature\Support\MediaFileTest" classname="Hyde.Framework.Testing.Feature.Support.MediaFileTest" assertions="1" time="0.004571"/>
        <testcase name="testGetIdentifierWithSubdirectory" file="/home/runner/work/develop/develop/packages/framework/tests/Feature/Support/MediaFileTest.php" line="192" class="Hyde\Framework\Testing\Feature\Support\MediaFileTest" classname="Hyde.Framework.Testing.Feature.Support.MediaFileTest" assertions="1" time="0.004200"/>
      </testsuite>
      <testsuite name="Hyde\Framework\Testing\Feature\Support\ProjectFileTest" file="/home/runner/work/develop/develop/packages/framework/tests/Feature/Support/ProjectFileTest.php" tests="11" assertions="16" errors="0" failures="0" skipped="0" time="0.045020">
        <testcase name="testCanConstruct" file="/home/runner/work/develop/develop/packages/framework/tests/Feature/Support/ProjectFileTest.php" line="17" class="Hyde\Framework\Testing\Feature\Support\ProjectFileTest" classname="Hyde.Framework.Testing.Feature.Support.ProjectFileTest" assertions="2" time="0.004508"/>
        <testcase name="testCanConstructWithNestedPaths" file="/home/runner/work/develop/develop/packages/framework/tests/Feature/Support/ProjectFileTest.php" line="29" class="Hyde\Framework\Testing\Feature\Support\ProjectFileTest" classname="Hyde.Framework.Testing.Feature.Support.ProjectFileTest" assertions="1" time="0.003799"/>
        <testcase name="testAbsolutePathIsNormalizedToRelative" file="/home/runner/work/develop/develop/packages/framework/tests/Feature/Support/ProjectFileTest.php" line="34" class="Hyde\Framework\Testing\Feature\Support\ProjectFileTest" classname="Hyde.Framework.Testing.Feature.Support.ProjectFileTest" assertions="1" time="0.003701"/>
        <testcase name="testGetNameReturnsNameOfFile" file="/home/runner/work/develop/develop/packages/framework/tests/Feature/Support/ProjectFileTest.php" line="39" class="Hyde\Framework\Testing\Feature\Support\ProjectFileTest" classname="Hyde.Framework.Testing.Feature.Support.ProjectFileTest" assertions="2" time="0.003710"/>
        <testcase name="testGetPathReturnsPathOfFile" file="/home/runner/work/develop/develop/packages/framework/tests/Feature/Support/ProjectFileTest.php" line="45" class="Hyde\Framework\Testing\Feature\Support\ProjectFileTest" classname="Hyde.Framework.Testing.Feature.Support.ProjectFileTest" assertions="2" time="0.003733"/>
        <testcase name="testGetAbsolutePathReturnsAbsolutePathOfFile" file="/home/runner/work/develop/develop/packages/framework/tests/Feature/Support/ProjectFileTest.php" line="51" class="Hyde\Framework\Testing\Feature\Support\ProjectFileTest" classname="Hyde.Framework.Testing.Feature.Support.ProjectFileTest" assertions="2" time="0.003754"/>
        <testcase name="testGetContentsReturnsContentsOfFile" file="/home/runner/work/develop/develop/packages/framework/tests/Feature/Support/ProjectFileTest.php" line="57" class="Hyde\Framework\Testing\Feature\Support\ProjectFileTest" classname="Hyde.Framework.Testing.Feature.Support.ProjectFileTest" assertions="1" time="0.004325"/>
        <testcase name="testGetExtensionReturnsExtensionOfFile" file="/home/runner/work/develop/develop/packages/framework/tests/Feature/Support/ProjectFileTest.php" line="63" class="Hyde\Framework\Testing\Feature\Support\ProjectFileTest" classname="Hyde.Framework.Testing.Feature.Support.ProjectFileTest" assertions="2" time="0.004797"/>
        <testcase name="testToArrayReturnsArrayOfFileProperties" file="/home/runner/work/develop/develop/packages/framework/tests/Feature/Support/ProjectFileTest.php" line="72" class="Hyde\Framework\Testing\Feature\Support\ProjectFileTest" classname="Hyde.Framework.Testing.Feature.Support.ProjectFileTest" assertions="1" time="0.004356"/>
        <testcase name="testToArrayWithEmptyFileWithNoExtension" file="/home/runner/work/develop/develop/packages/framework/tests/Feature/Support/ProjectFileTest.php" line="82" class="Hyde\Framework\Testing\Feature\Support\ProjectFileTest" classname="Hyde.Framework.Testing.Feature.Support.ProjectFileTest" assertions="1" time="0.004095"/>
        <testcase name="testToArrayWithFileInSubdirectory" file="/home/runner/work/develop/develop/packages/framework/tests/Feature/Support/ProjectFileTest.php" line="91" class="Hyde\Framework\Testing\Feature\Support\ProjectFileTest" classname="Hyde.Framework.Testing.Feature.Support.ProjectFileTest" assertions="1" time="0.004242"/>
      </testsuite>
      <testsuite name="Hyde\Framework\Testing\Feature\Support\SourceFileTest" file="/home/runner/work/develop/develop/packages/framework/tests/Feature/Support/SourceFileTest.php" tests="13" assertions="21" errors="0" failures="0" skipped="0" time="0.053317">
        <testcase name="testCanConstruct" file="/home/runner/work/develop/develop/packages/framework/tests/Feature/Support/SourceFileTest.php" line="19" class="Hyde\Framework\Testing\Feature\Support\SourceFileTest" classname="Hyde.Framework.Testing.Feature.Support.SourceFileTest" assertions="3" time="0.004270"/>
        <testcase name="testCanConstructWithModelClass" file="/home/runner/work/develop/develop/packages/framework/tests/Feature/Support/SourceFileTest.php" line="28" class="Hyde\Framework\Testing\Feature\Support\SourceFileTest" classname="Hyde.Framework.Testing.Feature.Support.SourceFileTest" assertions="3" time="0.003683"/>
        <testcase name="testCanMakeWithModelClass" file="/home/runner/work/develop/develop/packages/framework/tests/Feature/Support/SourceFileTest.php" line="42" class="Hyde\Framework\Testing\Feature\Support\SourceFileTest" classname="Hyde.Framework.Testing.Feature.Support.SourceFileTest" assertions="1" time="0.003638"/>
        <testcase name="testCanConstructWithNestedPaths" file="/home/runner/work/develop/develop/packages/framework/tests/Feature/Support/SourceFileTest.php" line="48" class="Hyde\Framework\Testing\Feature\Support\SourceFileTest" classname="Hyde.Framework.Testing.Feature.Support.SourceFileTest" assertions="1" time="0.003536"/>
        <testcase name="testAbsolutePathIsNormalizedToRelative" file="/home/runner/work/develop/develop/packages/framework/tests/Feature/Support/SourceFileTest.php" line="53" class="Hyde\Framework\Testing\Feature\Support\SourceFileTest" classname="Hyde.Framework.Testing.Feature.Support.SourceFileTest" assertions="1" time="0.003980"/>
        <testcase name="testGetNameReturnsNameOfFile" file="/home/runner/work/develop/develop/packages/framework/tests/Feature/Support/SourceFileTest.php" line="58" class="Hyde\Framework\Testing\Feature\Support\SourceFileTest" classname="Hyde.Framework.Testing.Feature.Support.SourceFileTest" assertions="2" time="0.003701"/>
        <testcase name="testGetPathReturnsPathOfFile" file="/home/runner/work/develop/develop/packages/framework/tests/Feature/Support/SourceFileTest.php" line="64" class="Hyde\Framework\Testing\Feature\Support\SourceFileTest" classname="Hyde.Framework.Testing.Feature.Support.SourceFileTest" assertions="2" time="0.003688"/>
        <testcase name="testGetAbsolutePathReturnsAbsolutePathOfFile" file="/home/runner/work/develop/develop/packages/framework/tests/Feature/Support/SourceFileTest.php" line="70" class="Hyde\Framework\Testing\Feature\Support\SourceFileTest" classname="Hyde.Framework.Testing.Feature.Support.SourceFileTest" assertions="2" time="0.003755"/>
        <testcase name="testGetContentsReturnsContentsOfFile" file="/home/runner/work/develop/develop/packages/framework/tests/Feature/Support/SourceFileTest.php" line="76" class="Hyde\Framework\Testing\Feature\Support\SourceFileTest" classname="Hyde.Framework.Testing.Feature.Support.SourceFileTest" assertions="1" time="0.004194"/>
        <testcase name="testGetExtensionReturnsExtensionOfFile" file="/home/runner/work/develop/develop/packages/framework/tests/Feature/Support/SourceFileTest.php" line="82" class="Hyde\Framework\Testing\Feature\Support\SourceFileTest" classname="Hyde.Framework.Testing.Feature.Support.SourceFileTest" assertions="2" time="0.004454"/>
        <testcase name="testToArrayReturnsArrayOfFileProperties" file="/home/runner/work/develop/develop/packages/framework/tests/Feature/Support/SourceFileTest.php" line="91" class="Hyde\Framework\Testing\Feature\Support\SourceFileTest" classname="Hyde.Framework.Testing.Feature.Support.SourceFileTest" assertions="1" time="0.004122"/>
        <testcase name="testToArrayWithEmptyFileWithNoExtension" file="/home/runner/work/develop/develop/packages/framework/tests/Feature/Support/SourceFileTest.php" line="102" class="Hyde\Framework\Testing\Feature\Support\SourceFileTest" classname="Hyde.Framework.Testing.Feature.Support.SourceFileTest" assertions="1" time="0.003908"/>
        <testcase name="testToArrayWithFileInSubdirectory" file="/home/runner/work/develop/develop/packages/framework/tests/Feature/Support/SourceFileTest.php" line="112" class="Hyde\Framework\Testing\Feature\Support\SourceFileTest" classname="Hyde.Framework.Testing.Feature.Support.SourceFileTest" assertions="1" time="0.006389"/>
      </testsuite>
      <testsuite name="Hyde\Framework\Testing\Feature\TypedConfigFacadeTest" file="/home/runner/work/develop/develop/packages/framework/tests/Feature/TypedConfigFacadeTest.php" tests="27" assertions="29" errors="0" failures="0" skipped="0" time="0.093130">
        <testcase name="testGetArray" file="/home/runner/work/develop/develop/packages/framework/tests/Feature/TypedConfigFacadeTest.php" line="17" class="Hyde\Framework\Testing\Feature\TypedConfigFacadeTest" classname="Hyde.Framework.Testing.Feature.TypedConfigFacadeTest" assertions="1" time="0.003450"/>
        <testcase name="testGetString" file="/home/runner/work/develop/develop/packages/framework/tests/Feature/TypedConfigFacadeTest.php" line="23" class="Hyde\Framework\Testing\Feature\TypedConfigFacadeTest" classname="Hyde.Framework.Testing.Feature.TypedConfigFacadeTest" assertions="1" time="0.003288"/>
        <testcase name="testGetBool" file="/home/runner/work/develop/develop/packages/framework/tests/Feature/TypedConfigFacadeTest.php" line="29" class="Hyde\Framework\Testing\Feature\TypedConfigFacadeTest" classname="Hyde.Framework.Testing.Feature.TypedConfigFacadeTest" assertions="1" time="0.003353"/>
        <testcase name="testGetInt" file="/home/runner/work/develop/develop/packages/framework/tests/Feature/TypedConfigFacadeTest.php" line="35" class="Hyde\Framework\Testing\Feature\TypedConfigFacadeTest" classname="Hyde.Framework.Testing.Feature.TypedConfigFacadeTest" assertions="1" time="0.003251"/>
        <testcase name="testGetFloat" file="/home/runner/work/develop/develop/packages/framework/tests/Feature/TypedConfigFacadeTest.php" line="41" class="Hyde\Framework\Testing\Feature\TypedConfigFacadeTest" classname="Hyde.Framework.Testing.Feature.TypedConfigFacadeTest" assertions="1" time="0.003315"/>
        <testcase name="testGetArrayWithDefaultValue" file="/home/runner/work/develop/develop/packages/framework/tests/Feature/TypedConfigFacadeTest.php" line="47" class="Hyde\Framework\Testing\Feature\TypedConfigFacadeTest" classname="Hyde.Framework.Testing.Feature.TypedConfigFacadeTest" assertions="1" time="0.003245"/>
        <testcase name="testGetStringWithDefaultValue" file="/home/runner/work/develop/develop/packages/framework/tests/Feature/TypedConfigFacadeTest.php" line="52" class="Hyde\Framework\Testing\Feature\TypedConfigFacadeTest" classname="Hyde.Framework.Testing.Feature.TypedConfigFacadeTest" assertions="1" time="0.003430"/>
        <testcase name="testGetBoolWithDefaultValue" file="/home/runner/work/develop/develop/packages/framework/tests/Feature/TypedConfigFacadeTest.php" line="57" class="Hyde\Framework\Testing\Feature\TypedConfigFacadeTest" classname="Hyde.Framework.Testing.Feature.TypedConfigFacadeTest" assertions="1" time="0.003367"/>
        <testcase name="testGetIntWithDefaultValue" file="/home/runner/work/develop/develop/packages/framework/tests/Feature/TypedConfigFacadeTest.php" line="62" class="Hyde\Framework\Testing\Feature\TypedConfigFacadeTest" classname="Hyde.Framework.Testing.Feature.TypedConfigFacadeTest" assertions="1" time="0.003338"/>
        <testcase name="testGetFloatWithDefaultValue" file="/home/runner/work/develop/develop/packages/framework/tests/Feature/TypedConfigFacadeTest.php" line="67" class="Hyde\Framework\Testing\Feature\TypedConfigFacadeTest" classname="Hyde.Framework.Testing.Feature.TypedConfigFacadeTest" assertions="1" time="0.003276"/>
        <testcase name="testGetArrayWithStrictMode" file="/home/runner/work/develop/develop/packages/framework/tests/Feature/TypedConfigFacadeTest.php" line="72" class="Hyde\Framework\Testing\Feature\TypedConfigFacadeTest" classname="Hyde.Framework.Testing.Feature.TypedConfigFacadeTest" assertions="1" time="0.003344"/>
        <testcase name="testGetStringWithStrictMode" file="/home/runner/work/develop/develop/packages/framework/tests/Feature/TypedConfigFacadeTest.php" line="77" class="Hyde\Framework\Testing\Feature\TypedConfigFacadeTest" classname="Hyde.Framework.Testing.Feature.TypedConfigFacadeTest" assertions="1" time="0.003322"/>
        <testcase name="testGetBoolWithStrictMode" file="/home/runner/work/develop/develop/packages/framework/tests/Feature/TypedConfigFacadeTest.php" line="82" class="Hyde\Framework\Testing\Feature\TypedConfigFacadeTest" classname="Hyde.Framework.Testing.Feature.TypedConfigFacadeTest" assertions="1" time="0.003369"/>
        <testcase name="testGetIntWithStrictMode" file="/home/runner/work/develop/develop/packages/framework/tests/Feature/TypedConfigFacadeTest.php" line="87" class="Hyde\Framework\Testing\Feature\TypedConfigFacadeTest" classname="Hyde.Framework.Testing.Feature.TypedConfigFacadeTest" assertions="1" time="0.003272"/>
        <testcase name="testGetFloatWithStrictMode" file="/home/runner/work/develop/develop/packages/framework/tests/Feature/TypedConfigFacadeTest.php" line="92" class="Hyde\Framework\Testing\Feature\TypedConfigFacadeTest" classname="Hyde.Framework.Testing.Feature.TypedConfigFacadeTest" assertions="1" time="0.003270"/>
        <testcase name="testGetArrayWithFailingStrictMode" file="/home/runner/work/develop/develop/packages/framework/tests/Feature/TypedConfigFacadeTest.php" line="97" class="Hyde\Framework\Testing\Feature\TypedConfigFacadeTest" classname="Hyde.Framework.Testing.Feature.TypedConfigFacadeTest" assertions="1" time="0.003267"/>
        <testcase name="testGetStringWithFailingStrictMode" file="/home/runner/work/develop/develop/packages/framework/tests/Feature/TypedConfigFacadeTest.php" line="103" class="Hyde\Framework\Testing\Feature\TypedConfigFacadeTest" classname="Hyde.Framework.Testing.Feature.TypedConfigFacadeTest" assertions="1" time="0.003371"/>
        <testcase name="testGetBoolWithFailingStrictMode" file="/home/runner/work/develop/develop/packages/framework/tests/Feature/TypedConfigFacadeTest.php" line="109" class="Hyde\Framework\Testing\Feature\TypedConfigFacadeTest" classname="Hyde.Framework.Testing.Feature.TypedConfigFacadeTest" assertions="1" time="0.003616"/>
        <testcase name="testGetIntWithFailingStrictMode" file="/home/runner/work/develop/develop/packages/framework/tests/Feature/TypedConfigFacadeTest.php" line="115" class="Hyde\Framework\Testing\Feature\TypedConfigFacadeTest" classname="Hyde.Framework.Testing.Feature.TypedConfigFacadeTest" assertions="1" time="0.004013"/>
        <testcase name="testGetFloatWithFailingStrictMode" file="/home/runner/work/develop/develop/packages/framework/tests/Feature/TypedConfigFacadeTest.php" line="121" class="Hyde\Framework\Testing\Feature\TypedConfigFacadeTest" classname="Hyde.Framework.Testing.Feature.TypedConfigFacadeTest" assertions="1" time="0.003386"/>
        <testcase name="testGetArrayWithArray" file="/home/runner/work/develop/develop/packages/framework/tests/Feature/TypedConfigFacadeTest.php" line="127" class="Hyde\Framework\Testing\Feature\TypedConfigFacadeTest" classname="Hyde.Framework.Testing.Feature.TypedConfigFacadeTest" assertions="1" time="0.003622"/>
        <testcase name="testGetStringWithString" file="/home/runner/work/develop/develop/packages/framework/tests/Feature/TypedConfigFacadeTest.php" line="132" class="Hyde\Framework\Testing\Feature\TypedConfigFacadeTest" classname="Hyde.Framework.Testing.Feature.TypedConfigFacadeTest" assertions="1" time="0.003441"/>
        <testcase name="testGetBoolWithBool" file="/home/runner/work/develop/develop/packages/framework/tests/Feature/TypedConfigFacadeTest.php" line="137" class="Hyde\Framework\Testing\Feature\TypedConfigFacadeTest" classname="Hyde.Framework.Testing.Feature.TypedConfigFacadeTest" assertions="1" time="0.003389"/>
        <testcase name="testGetIntWithInt" file="/home/runner/work/develop/develop/packages/framework/tests/Feature/TypedConfigFacadeTest.php" line="142" class="Hyde\Framework\Testing\Feature\TypedConfigFacadeTest" classname="Hyde.Framework.Testing.Feature.TypedConfigFacadeTest" assertions="1" time="0.003396"/>
        <testcase name="testGetFloatWithFloat" file="/home/runner/work/develop/develop/packages/framework/tests/Feature/TypedConfigFacadeTest.php" line="147" class="Hyde\Framework\Testing\Feature\TypedConfigFacadeTest" classname="Hyde.Framework.Testing.Feature.TypedConfigFacadeTest" assertions="1" time="0.003824"/>
        <testcase name="testGetNullableString" file="/home/runner/work/develop/develop/packages/framework/tests/Feature/TypedConfigFacadeTest.php" line="152" class="Hyde\Framework\Testing\Feature\TypedConfigFacadeTest" classname="Hyde.Framework.Testing.Feature.TypedConfigFacadeTest" assertions="2" time="0.004030"/>
        <testcase name="testInvalidTypeMessage" file="/home/runner/work/develop/develop/packages/framework/tests/Feature/TypedConfigFacadeTest.php" line="161" class="Hyde\Framework\Testing\Feature\TypedConfigFacadeTest" classname="Hyde.Framework.Testing.Feature.TypedConfigFacadeTest" assertions="2" time="0.003886"/>
      </testsuite>
      <testsuite name="Hyde\Framework\Testing\Feature\Views\SidebarBrandViewTest" file="/home/runner/work/develop/develop/packages/framework/tests/Feature/Views/SidebarBrandViewTest.php" tests="5" assertions="13" errors="0" failures="0" skipped="0" time="0.054269">
        <testcase name="testSidebarBrandView" file="/home/runner/work/develop/develop/packages/framework/tests/Feature/Views/SidebarBrandViewTest.php" line="17" class="Hyde\Framework\Testing\Feature\Views\SidebarBrandViewTest" classname="Hyde.Framework.Testing.Feature.Views.SidebarBrandViewTest" assertions="3" time="0.011168"/>
        <testcase name="testSidebarBrandViewWithHomeRoute" file="/home/runner/work/develop/develop/packages/framework/tests/Feature/Views/SidebarBrandViewTest.php" line="26" class="Hyde\Framework\Testing\Feature\Views\SidebarBrandViewTest" classname="Hyde.Framework.Testing.Feature.Views.SidebarBrandViewTest" assertions="3" time="0.010619"/>
        <testcase name="testSidebarBrandViewWithDefaultHeaderText" file="/home/runner/work/develop/develop/packages/framework/tests/Feature/Views/SidebarBrandViewTest.php" line="37" class="Hyde\Framework\Testing\Feature\Views\SidebarBrandViewTest" classname="Hyde.Framework.Testing.Feature.Views.SidebarBrandViewTest" assertions="2" time="0.009721"/>
        <testcase name="testSidebarBrandViewWithDefaultHeaderTextAndHomeRoute" file="/home/runner/work/develop/develop/packages/framework/tests/Feature/Views/SidebarBrandViewTest.php" line="47" class="Hyde\Framework\Testing\Feature\Views\SidebarBrandViewTest" classname="Hyde.Framework.Testing.Feature.Views.SidebarBrandViewTest" assertions="3" time="0.010759"/>
        <testcase name="testSidebarBrandViewWithoutDarkmodeFeature" file="/home/runner/work/develop/develop/packages/framework/tests/Feature/Views/SidebarBrandViewTest.php" line="60" class="Hyde\Framework\Testing\Feature\Views\SidebarBrandViewTest" classname="Hyde.Framework.Testing.Feature.Views.SidebarBrandViewTest" assertions="2" time="0.012002"/>
      </testsuite>
      <testsuite name="Hyde\Framework\Testing\Feature\Views\SidebarFooterTextViewTest" file="/home/runner/work/develop/develop/packages/framework/tests/Feature/Views/SidebarFooterTextViewTest.php" tests="4" assertions="4" errors="0" failures="0" skipped="0" time="0.017554">
        <testcase name="testSidebarFooterTextViewWithDefaultConfig" file="/home/runner/work/develop/develop/packages/framework/tests/Feature/Views/SidebarFooterTextViewTest.php" line="15" class="Hyde\Framework\Testing\Feature\Views\SidebarFooterTextViewTest" classname="Hyde.Framework.Testing.Feature.Views.SidebarFooterTextViewTest" assertions="1" time="0.005023"/>
        <testcase name="testSidebarFooterTextViewWhenConfigOptionIsTrue" file="/home/runner/work/develop/develop/packages/framework/tests/Feature/Views/SidebarFooterTextViewTest.php" line="22" class="Hyde\Framework\Testing\Feature\Views\SidebarFooterTextViewTest" classname="Hyde.Framework.Testing.Feature.Views.SidebarFooterTextViewTest" assertions="1" time="0.004487"/>
        <testcase name="testSidebarFooterTextViewWhenConfigOptionIsMarkdownString" file="/home/runner/work/develop/develop/packages/framework/tests/Feature/Views/SidebarFooterTextViewTest.php" line="31" class="Hyde\Framework\Testing\Feature\Views\SidebarFooterTextViewTest" classname="Hyde.Framework.Testing.Feature.Views.SidebarFooterTextViewTest" assertions="1" time="0.004914"/>
        <testcase name="testSidebarFooterTextViewWhenConfigOptionIsFalse" file="/home/runner/work/develop/develop/packages/framework/tests/Feature/Views/SidebarFooterTextViewTest.php" line="40" class="Hyde\Framework\Testing\Feature\Views\SidebarFooterTextViewTest" classname="Hyde.Framework.Testing.Feature.Views.SidebarFooterTextViewTest" assertions="1" time="0.003130"/>
      </testsuite>
    </testsuite>
    <testsuite name="UnitFramework" tests="881" assertions="1290" errors="0" failures="0" skipped="3" time="3.538428">
      <testsuite name="Hyde\Framework\Testing\Unit\AssetServiceUnitTest" file="/home/runner/work/develop/develop/packages/framework/tests/Unit/AssetServiceUnitTest.php" tests="15" assertions="21" errors="0" failures="0" skipped="0" time="0.026077">
        <testcase name="testVersionStringConstant" file="/home/runner/work/develop/develop/packages/framework/tests/Unit/AssetServiceUnitTest.php" line="24" class="Hyde\Framework\Testing\Unit\AssetServiceUnitTest" classname="Hyde.Framework.Testing.Unit.AssetServiceUnitTest" assertions="1" time="0.001806"/>
        <testcase name="testServiceHasVersionString" file="/home/runner/work/develop/develop/packages/framework/tests/Unit/AssetServiceUnitTest.php" line="29" class="Hyde\Framework\Testing\Unit\AssetServiceUnitTest" classname="Hyde.Framework.Testing.Unit.AssetServiceUnitTest" assertions="1" time="0.001593"/>
        <testcase name="testVersionStringDefaultsToConstant" file="/home/runner/work/develop/develop/packages/framework/tests/Unit/AssetServiceUnitTest.php" line="34" class="Hyde\Framework\Testing\Unit\AssetServiceUnitTest" classname="Hyde.Framework.Testing.Unit.AssetServiceUnitTest" assertions="1" time="0.001585"/>
        <testcase name="testVersionCanBeSetInConfig" file="/home/runner/work/develop/develop/packages/framework/tests/Unit/AssetServiceUnitTest.php" line="39" class="Hyde\Framework\Testing\Unit\AssetServiceUnitTest" classname="Hyde.Framework.Testing.Unit.AssetServiceUnitTest" assertions="1" time="0.001647"/>
        <testcase name="testCdnPatternConstant" file="/home/runner/work/develop/develop/packages/framework/tests/Unit/AssetServiceUnitTest.php" line="45" class="Hyde\Framework\Testing\Unit\AssetServiceUnitTest" classname="Hyde.Framework.Testing.Unit.AssetServiceUnitTest" assertions="1" time="0.001451"/>
        <testcase name="testCanSetCustomCdnUrlInConfig" file="/home/runner/work/develop/develop/packages/framework/tests/Unit/AssetServiceUnitTest.php" line="50" class="Hyde\Framework\Testing\Unit\AssetServiceUnitTest" classname="Hyde.Framework.Testing.Unit.AssetServiceUnitTest" assertions="1" time="0.001753"/>
        <testcase name="testCanUseCustomCdnUrlWithVersion" file="/home/runner/work/develop/develop/packages/framework/tests/Unit/AssetServiceUnitTest.php" line="56" class="Hyde\Framework\Testing\Unit\AssetServiceUnitTest" classname="Hyde.Framework.Testing.Unit.AssetServiceUnitTest" assertions="1" time="0.001643"/>
        <testcase name="testCanUseCustomCdnUrlWithFile" file="/home/runner/work/develop/develop/packages/framework/tests/Unit/AssetServiceUnitTest.php" line="62" class="Hyde\Framework\Testing\Unit\AssetServiceUnitTest" classname="Hyde.Framework.Testing.Unit.AssetServiceUnitTest" assertions="1" time="0.001700"/>
        <testcase name="testCanUseCustomCdnUrlWithVersionAndFile" file="/home/runner/work/develop/develop/packages/framework/tests/Unit/AssetServiceUnitTest.php" line="68" class="Hyde\Framework\Testing\Unit\AssetServiceUnitTest" classname="Hyde.Framework.Testing.Unit.AssetServiceUnitTest" assertions="1" time="0.001662"/>
        <testcase name="testCanUseCustomCdnUrlWithCustomVersion" file="/home/runner/work/develop/develop/packages/framework/tests/Unit/AssetServiceUnitTest.php" line="74" class="Hyde\Framework\Testing\Unit\AssetServiceUnitTest" classname="Hyde.Framework.Testing.Unit.AssetServiceUnitTest" assertions="1" time="0.001643"/>
        <testcase name="testCdnLinkHelper" file="/home/runner/work/develop/develop/packages/framework/tests/Unit/AssetServiceUnitTest.php" line="83" class="Hyde\Framework\Testing\Unit\AssetServiceUnitTest" classname="Hyde.Framework.Testing.Unit.AssetServiceUnitTest" assertions="1" time="0.001537"/>
        <testcase name="testHasMediaFileHelper" file="/home/runner/work/develop/develop/packages/framework/tests/Unit/AssetServiceUnitTest.php" line="91" class="Hyde\Framework\Testing\Unit\AssetServiceUnitTest" classname="Hyde.Framework.Testing.Unit.AssetServiceUnitTest" assertions="1" time="0.001792"/>
        <testcase name="testHasMediaFileHelperReturnsTrueForExistingFile" file="/home/runner/work/develop/develop/packages/framework/tests/Unit/AssetServiceUnitTest.php" line="96" class="Hyde\Framework\Testing\Unit\AssetServiceUnitTest" classname="Hyde.Framework.Testing.Unit.AssetServiceUnitTest" assertions="1" time="0.001752"/>
        <testcase name="testInjectTailwindConfigReturnsExtractedTailwindConfig" file="/home/runner/work/develop/develop/packages/framework/tests/Unit/AssetServiceUnitTest.php" line="101" class="Hyde\Framework\Testing\Unit\AssetServiceUnitTest" classname="Hyde.Framework.Testing.Unit.AssetServiceUnitTest" assertions="6" time="0.002372"/>
        <testcase name="testInjectTailwindConfigHandlesMissingConfigFileGracefully" file="/home/runner/work/develop/develop/packages/framework/tests/Unit/AssetServiceUnitTest.php" line="112" class="Hyde\Framework\Testing\Unit\AssetServiceUnitTest" classname="Hyde.Framework.Testing.Unit.AssetServiceUnitTest" assertions="2" time="0.002141"/>
      </testsuite>
      <testsuite name="Hyde\Framework\Testing\Unit\BaseFoundationCollectionTest" file="/home/runner/work/develop/develop/packages/framework/tests/Unit/BaseFoundationCollectionTest.php" tests="4" assertions="8" errors="0" failures="0" skipped="0" time="0.006950">
        <testcase name="testInit" file="/home/runner/work/develop/develop/packages/framework/tests/Unit/BaseFoundationCollectionTest.php" line="18" class="Hyde\Framework\Testing\Unit\BaseFoundationCollectionTest" classname="Hyde.Framework.Testing.Unit.BaseFoundationCollectionTest" assertions="4" time="0.002011"/>
        <testcase name="testExceptionsAreCaughtAndRethrownAsRuntimeExceptions" file="/home/runner/work/develop/develop/packages/framework/tests/Unit/BaseFoundationCollectionTest.php" line="31" class="Hyde\Framework\Testing\Unit\BaseFoundationCollectionTest" classname="Hyde.Framework.Testing.Unit.BaseFoundationCollectionTest" assertions="1" time="0.001676"/>
        <testcase name="testExceptionsAreCaughtAndRethrownWithHelpfulInformation" file="/home/runner/work/develop/develop/packages/framework/tests/Unit/BaseFoundationCollectionTest.php" line="37" class="Hyde\Framework\Testing\Unit\BaseFoundationCollectionTest" classname="Hyde.Framework.Testing.Unit.BaseFoundationCollectionTest" assertions="1" time="0.001617"/>
        <testcase name="testCanGetPreviousException" file="/home/runner/work/develop/develop/packages/framework/tests/Unit/BaseFoundationCollectionTest.php" line="43" class="Hyde\Framework\Testing\Unit\BaseFoundationCollectionTest" classname="Hyde.Framework.Testing.Unit.BaseFoundationCollectionTest" assertions="2" time="0.001645"/>
      </testsuite>
      <testsuite name="Hyde\Framework\Testing\Unit\BlogPostFrontMatterIsOptionalTest" file="/home/runner/work/develop/develop/packages/framework/tests/Unit/BlogPostFrontMatterIsOptionalTest.php" tests="2" assertions="2" errors="0" failures="0" skipped="0" time="0.034793">
        <testcase name="testBlogPostCanBeCreatedWithoutFrontMatter" file="/home/runner/work/develop/develop/packages/framework/tests/Unit/BlogPostFrontMatterIsOptionalTest.php" line="16" class="Hyde\Framework\Testing\Unit\BlogPostFrontMatterIsOptionalTest" classname="Hyde.Framework.Testing.Unit.BlogPostFrontMatterIsOptionalTest" assertions="1" time="0.019925"/>
        <testcase name="testBlogPostFeedCanBeRenderedWhenPostHasNoFrontMatter" file="/home/runner/work/develop/develop/packages/framework/tests/Unit/BlogPostFrontMatterIsOptionalTest.php" line="28" class="Hyde\Framework\Testing\Unit\BlogPostFrontMatterIsOptionalTest" classname="Hyde.Framework.Testing.Unit.BlogPostFrontMatterIsOptionalTest" assertions="1" time="0.014868"/>
      </testsuite>
      <testsuite name="Hyde\Framework\Testing\Unit\BreadcrumbsComponentTest" file="/home/runner/work/develop/develop/packages/framework/tests/Unit/BreadcrumbsComponentTest.php" tests="13" assertions="13" errors="0" failures="0" skipped="0" time="0.070525">
        <testcase name="testCanConstruct" file="/home/runner/work/develop/develop/packages/framework/tests/Unit/BreadcrumbsComponentTest.php" line="36" class="Hyde\Framework\Testing\Unit\BreadcrumbsComponentTest" classname="Hyde.Framework.Testing.Unit.BreadcrumbsComponentTest" assertions="1" time="0.013665"/>
        <testcase name="testCanRender" file="/home/runner/work/develop/develop/packages/framework/tests/Unit/BreadcrumbsComponentTest.php" line="43" class="Hyde\Framework\Testing\Unit\BreadcrumbsComponentTest" classname="Hyde.Framework.Testing.Unit.BreadcrumbsComponentTest" assertions="1" time="0.014703"/>
        <testcase name="testCanGenerateBreadcrumbs" file="/home/runner/work/develop/develop/packages/framework/tests/Unit/BreadcrumbsComponentTest.php" line="58" class="Hyde\Framework\Testing\Unit\BreadcrumbsComponentTest" classname="Hyde.Framework.Testing.Unit.BreadcrumbsComponentTest" assertions="1" time="0.003656"/>
        <testcase name="testCanGenerateBreadcrumbsForIndexPage" file="/home/runner/work/develop/develop/packages/framework/tests/Unit/BreadcrumbsComponentTest.php" line="65" class="Hyde\Framework\Testing\Unit\BreadcrumbsComponentTest" classname="Hyde.Framework.Testing.Unit.BreadcrumbsComponentTest" assertions="1" time="0.003681"/>
        <testcase name="testCanGenerateBreadcrumbsForRootPage" file="/home/runner/work/develop/develop/packages/framework/tests/Unit/BreadcrumbsComponentTest.php" line="72" class="Hyde\Framework\Testing\Unit\BreadcrumbsComponentTest" classname="Hyde.Framework.Testing.Unit.BreadcrumbsComponentTest" assertions="1" time="0.003757"/>
        <testcase name="testCanGenerateBreadcrumbsForNestedPage" file="/home/runner/work/develop/develop/packages/framework/tests/Unit/BreadcrumbsComponentTest.php" line="79" class="Hyde\Framework\Testing\Unit\BreadcrumbsComponentTest" classname="Hyde.Framework.Testing.Unit.BreadcrumbsComponentTest" assertions="1" time="0.003878"/>
        <testcase name="testCanGenerateBreadcrumbsForVeryNestedPage" file="/home/runner/work/develop/develop/packages/framework/tests/Unit/BreadcrumbsComponentTest.php" line="86" class="Hyde\Framework\Testing\Unit\BreadcrumbsComponentTest" classname="Hyde.Framework.Testing.Unit.BreadcrumbsComponentTest" assertions="1" time="0.004208"/>
        <testcase name="testCanGenerateBreadcrumbsForNestedPageWithIndex" file="/home/runner/work/develop/develop/packages/framework/tests/Unit/BreadcrumbsComponentTest.php" line="100" class="Hyde\Framework\Testing\Unit\BreadcrumbsComponentTest" classname="Hyde.Framework.Testing.Unit.BreadcrumbsComponentTest" assertions="1" time="0.003894"/>
        <testcase name="testCanGenerateBreadcrumbsForIndexPageWithPrettyUrls" file="/home/runner/work/develop/develop/packages/framework/tests/Unit/BreadcrumbsComponentTest.php" line="107" class="Hyde\Framework\Testing\Unit\BreadcrumbsComponentTest" classname="Hyde.Framework.Testing.Unit.BreadcrumbsComponentTest" assertions="1" time="0.003683"/>
        <testcase name="testCanGenerateBreadcrumbsForNestedPageWithPrettyUrls" file="/home/runner/work/develop/develop/packages/framework/tests/Unit/BreadcrumbsComponentTest.php" line="115" class="Hyde\Framework\Testing\Unit\BreadcrumbsComponentTest" classname="Hyde.Framework.Testing.Unit.BreadcrumbsComponentTest" assertions="1" time="0.003920"/>
        <testcase name="testCanGenerateBreadcrumbsForNestedPageWithIndexWithPrettyUrls" file="/home/runner/work/develop/develop/packages/framework/tests/Unit/BreadcrumbsComponentTest.php" line="123" class="Hyde\Framework\Testing\Unit\BreadcrumbsComponentTest" classname="Hyde.Framework.Testing.Unit.BreadcrumbsComponentTest" assertions="1" time="0.004001"/>
        <testcase name="testTitleGenerationWithKebabCaseUrl" file="/home/runner/work/develop/develop/packages/framework/tests/Unit/BreadcrumbsComponentTest.php" line="131" class="Hyde\Framework\Testing\Unit\BreadcrumbsComponentTest" classname="Hyde.Framework.Testing.Unit.BreadcrumbsComponentTest" assertions="1" time="0.003717"/>
        <testcase name="testTitleGenerationWithSnakeCaseUrl" file="/home/runner/work/develop/develop/packages/framework/tests/Unit/BreadcrumbsComponentTest.php" line="138" class="Hyde\Framework\Testing\Unit\BreadcrumbsComponentTest" classname="Hyde.Framework.Testing.Unit.BreadcrumbsComponentTest" assertions="1" time="0.003762"/>
      </testsuite>
      <testsuite name="Hyde\Framework\Testing\Unit\BreadcrumbsComponentViewTest" file="/home/runner/work/develop/develop/packages/framework/tests/Unit/BreadcrumbsComponentViewTest.php" tests="6" assertions="17" errors="0" failures="0" skipped="0" time="0.059732">
        <testcase name="testRenderedBladeView" file="/home/runner/work/develop/develop/packages/framework/tests/Unit/BreadcrumbsComponentViewTest.php" line="22" class="Hyde\Framework\Testing\Unit\BreadcrumbsComponentViewTest" classname="Hyde.Framework.Testing.Unit.BreadcrumbsComponentViewTest" assertions="12" time="0.011066"/>
        <testcase name="testRenderedBladeViewOnIndexPage" file="/home/runner/work/develop/develop/packages/framework/tests/Unit/BreadcrumbsComponentViewTest.php" line="41" class="Hyde\Framework\Testing\Unit\BreadcrumbsComponentViewTest" classname="Hyde.Framework.Testing.Unit.BreadcrumbsComponentViewTest" assertions="1" time="0.009205"/>
        <testcase name="testRenderedBladeViewOnNestedPage" file="/home/runner/work/develop/develop/packages/framework/tests/Unit/BreadcrumbsComponentViewTest.php" line="48" class="Hyde\Framework\Testing\Unit\BreadcrumbsComponentViewTest" classname="Hyde.Framework.Testing.Unit.BreadcrumbsComponentViewTest" assertions="1" time="0.009366"/>
        <testcase name="testRenderedBladeViewOnDeeplyNestedPage" file="/home/runner/work/develop/develop/packages/framework/tests/Unit/BreadcrumbsComponentViewTest.php" line="71" class="Hyde\Framework\Testing\Unit\BreadcrumbsComponentViewTest" classname="Hyde.Framework.Testing.Unit.BreadcrumbsComponentViewTest" assertions="1" time="0.010033"/>
        <testcase name="testRenderedBladeViewOnNestedIndexPage" file="/home/runner/work/develop/develop/packages/framework/tests/Unit/BreadcrumbsComponentViewTest.php" line="98" class="Hyde\Framework\Testing\Unit\BreadcrumbsComponentViewTest" classname="Hyde.Framework.Testing.Unit.BreadcrumbsComponentViewTest" assertions="1" time="0.010040"/>
        <testcase name="testRenderedBladeViewWithAttributes" file="/home/runner/work/develop/develop/packages/framework/tests/Unit/BreadcrumbsComponentViewTest.php" line="117" class="Hyde\Framework\Testing\Unit\BreadcrumbsComponentViewTest" classname="Hyde.Framework.Testing.Unit.BreadcrumbsComponentViewTest" assertions="1" time="0.010021"/>
      </testsuite>
      <testsuite name="Hyde\Framework\Testing\Unit\BuildOutputDirectoryCanBeChangedTest" file="/home/runner/work/develop/develop/packages/framework/tests/Unit/BuildOutputDirectoryCanBeChangedTest.php" tests="5" assertions="9" errors="0" failures="0" skipped="0" time="0.101209">
        <testcase name="testSiteOutputDirectoryCanBeChangedForSiteBuilds" file="/home/runner/work/develop/develop/packages/framework/tests/Unit/BuildOutputDirectoryCanBeChangedTest.php" line="19" class="Hyde\Framework\Testing\Unit\BuildOutputDirectoryCanBeChangedTest" classname="Hyde.Framework.Testing.Unit.BuildOutputDirectoryCanBeChangedTest" assertions="3" time="0.035682"/>
        <testcase name="testSiteOutputDirectoryCanBeChangedInStaticPageBuilder" file="/home/runner/work/develop/develop/packages/framework/tests/Unit/BuildOutputDirectoryCanBeChangedTest.php" line="35" class="Hyde\Framework\Testing\Unit\BuildOutputDirectoryCanBeChangedTest" classname="Hyde.Framework.Testing.Unit.BuildOutputDirectoryCanBeChangedTest" assertions="1" time="0.020263"/>
        <testcase name="testOutputDirectoryIsCreatedIfItDoesNotExistInStaticPageBuilder" file="/home/runner/work/develop/develop/packages/framework/tests/Unit/BuildOutputDirectoryCanBeChangedTest.php" line="48" class="Hyde\Framework\Testing\Unit\BuildOutputDirectoryCanBeChangedTest" classname="Hyde.Framework.Testing.Unit.BuildOutputDirectoryCanBeChangedTest" assertions="1" time="0.020692"/>
        <testcase name="testSiteOutputDirectoryCanBeChangedInConfiguration" file="/home/runner/work/develop/develop/packages/framework/tests/Unit/BuildOutputDirectoryCanBeChangedTest.php" line="59" class="Hyde\Framework\Testing\Unit\BuildOutputDirectoryCanBeChangedTest" classname="Hyde.Framework.Testing.Unit.BuildOutputDirectoryCanBeChangedTest" assertions="3" time="0.021024"/>
        <testcase name="testSiteOutputDirectoryPathIsNormalizedToTrimTrailingSlashes" file="/home/runner/work/develop/develop/packages/framework/tests/Unit/BuildOutputDirectoryCanBeChangedTest.php" line="75" class="Hyde\Framework\Testing\Unit\BuildOutputDirectoryCanBeChangedTest" classname="Hyde.Framework.Testing.Unit.BuildOutputDirectoryCanBeChangedTest" assertions="1" time="0.003548"/>
      </testsuite>
      <testsuite name="Hyde\Framework\Testing\Unit\BuildTaskServiceUnitTest" file="/home/runner/work/develop/develop/packages/framework/tests/Unit/BuildTaskServiceUnitTest.php" tests="36" assertions="36" errors="0" failures="0" skipped="0" time="0.090847">
        <testcase name="testConstruct" file="/home/runner/work/develop/develop/packages/framework/tests/Unit/BuildTaskServiceUnitTest.php" line="47" class="Hyde\Framework\Testing\Unit\BuildTaskServiceUnitTest" classname="Hyde.Framework.Testing.Unit.BuildTaskServiceUnitTest" assertions="1" time="0.003491"/>
        <testcase name="testGetTasks" file="/home/runner/work/develop/develop/packages/framework/tests/Unit/BuildTaskServiceUnitTest.php" line="52" class="Hyde\Framework\Testing\Unit\BuildTaskServiceUnitTest" classname="Hyde.Framework.Testing.Unit.BuildTaskServiceUnitTest" assertions="1" time="0.002036"/>
        <testcase name="testGetTasksWithTaskRegisteredInConfig" file="/home/runner/work/develop/develop/packages/framework/tests/Unit/BuildTaskServiceUnitTest.php" line="57" class="Hyde\Framework\Testing\Unit\BuildTaskServiceUnitTest" classname="Hyde.Framework.Testing.Unit.BuildTaskServiceUnitTest" assertions="1" time="0.002598"/>
        <testcase name="testRegisterTask" file="/home/runner/work/develop/develop/packages/framework/tests/Unit/BuildTaskServiceUnitTest.php" line="63" class="Hyde\Framework\Testing\Unit\BuildTaskServiceUnitTest" classname="Hyde.Framework.Testing.Unit.BuildTaskServiceUnitTest" assertions="1" time="0.002064"/>
        <testcase name="testRegisterPreBuildTask" file="/home/runner/work/develop/develop/packages/framework/tests/Unit/BuildTaskServiceUnitTest.php" line="69" class="Hyde\Framework\Testing\Unit\BuildTaskServiceUnitTest" classname="Hyde.Framework.Testing.Unit.BuildTaskServiceUnitTest" assertions="1" time="0.002066"/>
        <testcase name="testRegisterPostBuildTask" file="/home/runner/work/develop/develop/packages/framework/tests/Unit/BuildTaskServiceUnitTest.php" line="75" class="Hyde\Framework\Testing\Unit\BuildTaskServiceUnitTest" classname="Hyde.Framework.Testing.Unit.BuildTaskServiceUnitTest" assertions="1" time="0.002109"/>
        <testcase name="testRegisterInstantiatedTask" file="/home/runner/work/develop/develop/packages/framework/tests/Unit/BuildTaskServiceUnitTest.php" line="81" class="Hyde\Framework\Testing\Unit\BuildTaskServiceUnitTest" classname="Hyde.Framework.Testing.Unit.BuildTaskServiceUnitTest" assertions="1" time="0.002053"/>
        <testcase name="testRegisterInstantiatedPreBuildTask" file="/home/runner/work/develop/develop/packages/framework/tests/Unit/BuildTaskServiceUnitTest.php" line="87" class="Hyde\Framework\Testing\Unit\BuildTaskServiceUnitTest" classname="Hyde.Framework.Testing.Unit.BuildTaskServiceUnitTest" assertions="1" time="0.002083"/>
        <testcase name="testRegisterInstantiatedPostBuildTask" file="/home/runner/work/develop/develop/packages/framework/tests/Unit/BuildTaskServiceUnitTest.php" line="93" class="Hyde\Framework\Testing\Unit\BuildTaskServiceUnitTest" classname="Hyde.Framework.Testing.Unit.BuildTaskServiceUnitTest" assertions="1" time="0.002076"/>
        <testcase name="testRegisterTaskWithInvalidClassTypeThrowsException" file="/home/runner/work/develop/develop/packages/framework/tests/Unit/BuildTaskServiceUnitTest.php" line="99" class="Hyde\Framework\Testing\Unit\BuildTaskServiceUnitTest" classname="Hyde.Framework.Testing.Unit.BuildTaskServiceUnitTest" assertions="1" time="0.002089"/>
        <testcase name="testRegisterTaskWithoutChildExtensionThrowsException" file="/home/runner/work/develop/develop/packages/framework/tests/Unit/BuildTaskServiceUnitTest.php" line="105" class="Hyde\Framework\Testing\Unit\BuildTaskServiceUnitTest" classname="Hyde.Framework.Testing.Unit.BuildTaskServiceUnitTest" assertions="1" time="0.002042"/>
        <testcase name="testRegisterTaskWithBaseClassThrowsException" file="/home/runner/work/develop/develop/packages/framework/tests/Unit/BuildTaskServiceUnitTest.php" line="111" class="Hyde\Framework\Testing\Unit\BuildTaskServiceUnitTest" classname="Hyde.Framework.Testing.Unit.BuildTaskServiceUnitTest" assertions="1" time="0.002111"/>
        <testcase name="testRegisterTaskWithAlreadyRegisteredTask" file="/home/runner/work/develop/develop/packages/framework/tests/Unit/BuildTaskServiceUnitTest.php" line="117" class="Hyde\Framework\Testing\Unit\BuildTaskServiceUnitTest" classname="Hyde.Framework.Testing.Unit.BuildTaskServiceUnitTest" assertions="1" time="0.002051"/>
        <testcase name="testRegisterTaskWithTaskAlreadyRegisteredInConfig" file="/home/runner/work/develop/develop/packages/framework/tests/Unit/BuildTaskServiceUnitTest.php" line="125" class="Hyde\Framework\Testing\Unit\BuildTaskServiceUnitTest" classname="Hyde.Framework.Testing.Unit.BuildTaskServiceUnitTest" assertions="1" time="0.002609"/>
        <testcase name="testCanRegisterFrameworkTasks" file="/home/runner/work/develop/develop/packages/framework/tests/Unit/BuildTaskServiceUnitTest.php" line="134" class="Hyde\Framework\Testing\Unit\BuildTaskServiceUnitTest" classname="Hyde.Framework.Testing.Unit.BuildTaskServiceUnitTest" assertions="1" time="0.002003"/>
        <testcase name="testCanOverloadFrameworkTasks" file="/home/runner/work/develop/develop/packages/framework/tests/Unit/BuildTaskServiceUnitTest.php" line="140" class="Hyde\Framework\Testing\Unit\BuildTaskServiceUnitTest" classname="Hyde.Framework.Testing.Unit.BuildTaskServiceUnitTest" assertions="1" time="0.002033"/>
        <testcase name="testSetOutputWithNull" file="/home/runner/work/develop/develop/packages/framework/tests/Unit/BuildTaskServiceUnitTest.php" line="148" class="Hyde\Framework\Testing\Unit\BuildTaskServiceUnitTest" classname="Hyde.Framework.Testing.Unit.BuildTaskServiceUnitTest" assertions="1" time="0.001923"/>
        <testcase name="testSetOutputWithOutputStyle" file="/home/runner/work/develop/develop/packages/framework/tests/Unit/BuildTaskServiceUnitTest.php" line="154" class="Hyde\Framework\Testing\Unit\BuildTaskServiceUnitTest" classname="Hyde.Framework.Testing.Unit.BuildTaskServiceUnitTest" assertions="1" time="0.002105"/>
        <testcase name="testGenerateBuildManifestExtendsPostBuildTask" file="/home/runner/work/develop/develop/packages/framework/tests/Unit/BuildTaskServiceUnitTest.php" line="160" class="Hyde\Framework\Testing\Unit\BuildTaskServiceUnitTest" classname="Hyde.Framework.Testing.Unit.BuildTaskServiceUnitTest" assertions="1" time="0.002082"/>
        <testcase name="testGenerateRssFeedExtendsPostBuildTask" file="/home/runner/work/develop/develop/packages/framework/tests/Unit/BuildTaskServiceUnitTest.php" line="165" class="Hyde\Framework\Testing\Unit\BuildTaskServiceUnitTest" classname="Hyde.Framework.Testing.Unit.BuildTaskServiceUnitTest" assertions="1" time="0.001999"/>
        <testcase name="testGenerateSearchExtendsPostBuildTask" file="/home/runner/work/develop/develop/packages/framework/tests/Unit/BuildTaskServiceUnitTest.php" line="170" class="Hyde\Framework\Testing\Unit\BuildTaskServiceUnitTest" classname="Hyde.Framework.Testing.Unit.BuildTaskServiceUnitTest" assertions="1" time="0.001988"/>
        <testcase name="testGenerateSitemapExtendsPostBuildTask" file="/home/runner/work/develop/develop/packages/framework/tests/Unit/BuildTaskServiceUnitTest.php" line="175" class="Hyde\Framework\Testing\Unit\BuildTaskServiceUnitTest" classname="Hyde.Framework.Testing.Unit.BuildTaskServiceUnitTest" assertions="1" time="0.001983"/>
        <testcase name="testRunPreBuildTasks" file="/home/runner/work/develop/develop/packages/framework/tests/Unit/BuildTaskServiceUnitTest.php" line="180" class="Hyde\Framework\Testing\Unit\BuildTaskServiceUnitTest" classname="Hyde.Framework.Testing.Unit.BuildTaskServiceUnitTest" assertions="1" time="0.002003"/>
        <testcase name="testRunPostBuildTasks" file="/home/runner/work/develop/develop/packages/framework/tests/Unit/BuildTaskServiceUnitTest.php" line="186" class="Hyde\Framework\Testing\Unit\BuildTaskServiceUnitTest" classname="Hyde.Framework.Testing.Unit.BuildTaskServiceUnitTest" assertions="1" time="0.002021"/>
        <testcase name="testRunPreBuildTasksWithTasks" file="/home/runner/work/develop/develop/packages/framework/tests/Unit/BuildTaskServiceUnitTest.php" line="192" class="Hyde\Framework\Testing\Unit\BuildTaskServiceUnitTest" classname="Hyde.Framework.Testing.Unit.BuildTaskServiceUnitTest" assertions="1" time="0.002294"/>
        <testcase name="testRunPostBuildTasksWithTasks" file="/home/runner/work/develop/develop/packages/framework/tests/Unit/BuildTaskServiceUnitTest.php" line="199" class="Hyde\Framework\Testing\Unit\BuildTaskServiceUnitTest" classname="Hyde.Framework.Testing.Unit.BuildTaskServiceUnitTest" assertions="1" time="0.002154"/>
        <testcase name="testRunPreBuildTasksCallsHandleMethods" file="/home/runner/work/develop/develop/packages/framework/tests/Unit/BuildTaskServiceUnitTest.php" line="206" class="Hyde\Framework\Testing\Unit\BuildTaskServiceUnitTest" classname="Hyde.Framework.Testing.Unit.BuildTaskServiceUnitTest" assertions="1" time="0.006605"/>
        <testcase name="testRunPostBuildTasksCallsHandleMethods" file="/home/runner/work/develop/develop/packages/framework/tests/Unit/BuildTaskServiceUnitTest.php" line="214" class="Hyde\Framework\Testing\Unit\BuildTaskServiceUnitTest" classname="Hyde.Framework.Testing.Unit.BuildTaskServiceUnitTest" assertions="1" time="0.006373"/>
        <testcase name="testRunPreBuildTasksCallsRunMethods" file="/home/runner/work/develop/develop/packages/framework/tests/Unit/BuildTaskServiceUnitTest.php" line="222" class="Hyde\Framework\Testing\Unit\BuildTaskServiceUnitTest" classname="Hyde.Framework.Testing.Unit.BuildTaskServiceUnitTest" assertions="1" time="0.002159"/>
        <testcase name="testRunPostBuildTasksCallsRunMethods" file="/home/runner/work/develop/develop/packages/framework/tests/Unit/BuildTaskServiceUnitTest.php" line="230" class="Hyde\Framework\Testing\Unit\BuildTaskServiceUnitTest" classname="Hyde.Framework.Testing.Unit.BuildTaskServiceUnitTest" assertions="1" time="0.002175"/>
        <testcase name="testRunPreBuildTasksCallsRunMethodsWithNullWhenServiceHasNoOutput" file="/home/runner/work/develop/develop/packages/framework/tests/Unit/BuildTaskServiceUnitTest.php" line="238" class="Hyde\Framework\Testing\Unit\BuildTaskServiceUnitTest" classname="Hyde.Framework.Testing.Unit.BuildTaskServiceUnitTest" assertions="1" time="0.002270"/>
        <testcase name="testRunPostBuildTasksCallsRunMethodsWithNullWhenServiceHasNoOutput" file="/home/runner/work/develop/develop/packages/framework/tests/Unit/BuildTaskServiceUnitTest.php" line="246" class="Hyde\Framework\Testing\Unit\BuildTaskServiceUnitTest" classname="Hyde.Framework.Testing.Unit.BuildTaskServiceUnitTest" assertions="1" time="0.002261"/>
        <testcase name="testRunPreBuildTasksCallsRunMethodsWithOutputWhenServiceHasOutput" file="/home/runner/work/develop/develop/packages/framework/tests/Unit/BuildTaskServiceUnitTest.php" line="254" class="Hyde\Framework\Testing\Unit\BuildTaskServiceUnitTest" classname="Hyde.Framework.Testing.Unit.BuildTaskServiceUnitTest" assertions="1" time="0.002332"/>
        <testcase name="testRunPostBuildTasksCallsRunMethodsWithOutputWhenServiceHasOutput" file="/home/runner/work/develop/develop/packages/framework/tests/Unit/BuildTaskServiceUnitTest.php" line="264" class="Hyde\Framework\Testing\Unit\BuildTaskServiceUnitTest" classname="Hyde.Framework.Testing.Unit.BuildTaskServiceUnitTest" assertions="1" time="0.002346"/>
        <testcase name="testServiceSearchesForTasksInAppDirectory" file="/home/runner/work/develop/develop/packages/framework/tests/Unit/BuildTaskServiceUnitTest.php" line="274" class="Hyde\Framework\Testing\Unit\BuildTaskServiceUnitTest" classname="Hyde.Framework.Testing.Unit.BuildTaskServiceUnitTest" assertions="1" time="0.004887"/>
        <testcase name="testServiceFindsTasksInAppDirectory" file="/home/runner/work/develop/develop/packages/framework/tests/Unit/BuildTaskServiceUnitTest.php" line="290" class="Hyde\Framework\Testing\Unit\BuildTaskServiceUnitTest" classname="Hyde.Framework.Testing.Unit.BuildTaskServiceUnitTest" assertions="1" time="0.003374"/>
      </testsuite>
      <testsuite name="Hyde\Framework\Testing\Unit\BuildWarningsTest" file="/home/runner/work/develop/develop/packages/framework/tests/Unit/BuildWarningsTest.php" tests="18" assertions="21" errors="0" failures="0" skipped="0" time="0.037465">
        <testcase name="testGetInstance" file="/home/runner/work/develop/develop/packages/framework/tests/Unit/BuildWarningsTest.php" line="28" class="Hyde\Framework\Testing\Unit\BuildWarningsTest" classname="Hyde.Framework.Testing.Unit.BuildWarningsTest" assertions="1" time="0.002529"/>
        <testcase name="testGetInstanceReturnsSingleton" file="/home/runner/work/develop/develop/packages/framework/tests/Unit/BuildWarningsTest.php" line="33" class="Hyde\Framework\Testing\Unit\BuildWarningsTest" classname="Hyde.Framework.Testing.Unit.BuildWarningsTest" assertions="1" time="0.001979"/>
        <testcase name="testHasWarnings" file="/home/runner/work/develop/develop/packages/framework/tests/Unit/BuildWarningsTest.php" line="38" class="Hyde\Framework\Testing\Unit\BuildWarningsTest" classname="Hyde.Framework.Testing.Unit.BuildWarningsTest" assertions="1" time="0.001831"/>
        <testcase name="testHasWarningWithWarnings" file="/home/runner/work/develop/develop/packages/framework/tests/Unit/BuildWarningsTest.php" line="43" class="Hyde\Framework\Testing\Unit\BuildWarningsTest" classname="Hyde.Framework.Testing.Unit.BuildWarningsTest" assertions="1" time="0.001804"/>
        <testcase name="testGetWarnings" file="/home/runner/work/develop/develop/packages/framework/tests/Unit/BuildWarningsTest.php" line="50" class="Hyde\Framework\Testing\Unit\BuildWarningsTest" classname="Hyde.Framework.Testing.Unit.BuildWarningsTest" assertions="1" time="0.001787"/>
        <testcase name="testGetWarningsWithWarnings" file="/home/runner/work/develop/develop/packages/framework/tests/Unit/BuildWarningsTest.php" line="55" class="Hyde\Framework\Testing\Unit\BuildWarningsTest" classname="Hyde.Framework.Testing.Unit.BuildWarningsTest" assertions="1" time="0.002007"/>
        <testcase name="testReport" file="/home/runner/work/develop/develop/packages/framework/tests/Unit/BuildWarningsTest.php" line="62" class="Hyde\Framework\Testing\Unit\BuildWarningsTest" classname="Hyde.Framework.Testing.Unit.BuildWarningsTest" assertions="2" time="0.002022"/>
        <testcase name="testReportWithBuildWarningObject" file="/home/runner/work/develop/develop/packages/framework/tests/Unit/BuildWarningsTest.php" line="70" class="Hyde\Framework\Testing\Unit\BuildWarningsTest" classname="Hyde.Framework.Testing.Unit.BuildWarningsTest" assertions="2" time="0.001892"/>
        <testcase name="testReportsWarningsDefaultsToTrue" file="/home/runner/work/develop/develop/packages/framework/tests/Unit/BuildWarningsTest.php" line="78" class="Hyde\Framework\Testing\Unit\BuildWarningsTest" classname="Hyde.Framework.Testing.Unit.BuildWarningsTest" assertions="1" time="0.001918"/>
        <testcase name="testReportsWarningsReturnsTrueWhenTrue" file="/home/runner/work/develop/develop/packages/framework/tests/Unit/BuildWarningsTest.php" line="84" class="Hyde\Framework\Testing\Unit\BuildWarningsTest" classname="Hyde.Framework.Testing.Unit.BuildWarningsTest" assertions="1" time="0.001898"/>
        <testcase name="testReportsWarningsReturnsFalseWhenFalse" file="/home/runner/work/develop/develop/packages/framework/tests/Unit/BuildWarningsTest.php" line="90" class="Hyde\Framework\Testing\Unit\BuildWarningsTest" classname="Hyde.Framework.Testing.Unit.BuildWarningsTest" assertions="1" time="0.001826"/>
        <testcase name="testReportsWarningsAsExceptionsDefaultsToFalse" file="/home/runner/work/develop/develop/packages/framework/tests/Unit/BuildWarningsTest.php" line="96" class="Hyde\Framework\Testing\Unit\BuildWarningsTest" classname="Hyde.Framework.Testing.Unit.BuildWarningsTest" assertions="1" time="0.001863"/>
        <testcase name="testReportsWarningsAsExceptionsReturnsTrueWhenTrue" file="/home/runner/work/develop/develop/packages/framework/tests/Unit/BuildWarningsTest.php" line="102" class="Hyde\Framework\Testing\Unit\BuildWarningsTest" classname="Hyde.Framework.Testing.Unit.BuildWarningsTest" assertions="1" time="0.001852"/>
        <testcase name="testReportsWarningsAsExceptionsReturnsFalseWhenFalse" file="/home/runner/work/develop/develop/packages/framework/tests/Unit/BuildWarningsTest.php" line="108" class="Hyde\Framework\Testing\Unit\BuildWarningsTest" classname="Hyde.Framework.Testing.Unit.BuildWarningsTest" assertions="1" time="0.001893"/>
        <testcase name="testWriteWarningsToOutput" file="/home/runner/work/develop/develop/packages/framework/tests/Unit/BuildWarningsTest.php" line="114" class="Hyde\Framework\Testing\Unit\BuildWarningsTest" classname="Hyde.Framework.Testing.Unit.BuildWarningsTest" assertions="1" time="0.002170"/>
        <testcase name="testWriteWarningsToOutputWithVerboseOutput" file="/home/runner/work/develop/develop/packages/framework/tests/Unit/BuildWarningsTest.php" line="126" class="Hyde\Framework\Testing\Unit\BuildWarningsTest" classname="Hyde.Framework.Testing.Unit.BuildWarningsTest" assertions="2" time="0.002442"/>
        <testcase name="testWriteWarningsToOutputWithConvertingBuildWarningsToExceptions" file="/home/runner/work/develop/develop/packages/framework/tests/Unit/BuildWarningsTest.php" line="143" class="Hyde\Framework\Testing\Unit\BuildWarningsTest" classname="Hyde.Framework.Testing.Unit.BuildWarningsTest" assertions="1" time="0.004096"/>
        <testcase name="testCanConstructBuildWarning" file="/home/runner/work/develop/develop/packages/framework/tests/Unit/BuildWarningsTest.php" line="165" class="Hyde\Framework\Testing\Unit\BuildWarningsTest" classname="Hyde.Framework.Testing.Unit.BuildWarningsTest" assertions="1" time="0.001656"/>
      </testsuite>
      <testsuite name="Hyde\Framework\Testing\Unit\ConfigFileTest" file="/home/runner/work/develop/develop/packages/framework/tests/Unit/ConfigFileTest.php" tests="8" assertions="8" errors="0" failures="0" skipped="0" time="0.020938">
        <testcase name="testDefaultOutputDirectoryValueMatchesDeclaredValue" file="/home/runner/work/develop/develop/packages/framework/tests/Unit/ConfigFileTest.php" line="26" class="Hyde\Framework\Testing\Unit\ConfigFileTest" classname="Hyde.Framework.Testing.Unit.ConfigFileTest" assertions="1" time="0.004296"/>
        <testcase name="testDefaultMediaDirectoryValueMatchesDeclaredValue" file="/home/runner/work/develop/develop/packages/framework/tests/Unit/ConfigFileTest.php" line="31" class="Hyde\Framework\Testing\Unit\ConfigFileTest" classname="Hyde.Framework.Testing.Unit.ConfigFileTest" assertions="1" time="0.002300"/>
        <testcase name="testDefaultSourceRootValueMatchesDeclaredValue" file="/home/runner/work/develop/develop/packages/framework/tests/Unit/ConfigFileTest.php" line="36" class="Hyde\Framework\Testing\Unit\ConfigFileTest" classname="Hyde.Framework.Testing.Unit.ConfigFileTest" assertions="1" time="0.002230"/>
        <testcase name="testDefaultSourceDirectoriesValuesMatchDeclaredValues" file="/home/runner/work/develop/develop/packages/framework/tests/Unit/ConfigFileTest.php" line="41" class="Hyde\Framework\Testing\Unit\ConfigFileTest" classname="Hyde.Framework.Testing.Unit.ConfigFileTest" assertions="1" time="0.002248"/>
        <testcase name="testDefaultSourceDirectoriesValuesCoverAllCoreExtensionClasses" file="/home/runner/work/develop/develop/packages/framework/tests/Unit/ConfigFileTest.php" line="52" class="Hyde\Framework\Testing\Unit\ConfigFileTest" classname="Hyde.Framework.Testing.Unit.ConfigFileTest" assertions="1" time="0.002722"/>
        <testcase name="testDefaultOutputDirectoriesValuesMatchDeclaredValues" file="/home/runner/work/develop/develop/packages/framework/tests/Unit/ConfigFileTest.php" line="60" class="Hyde\Framework\Testing\Unit\ConfigFileTest" classname="Hyde.Framework.Testing.Unit.ConfigFileTest" assertions="1" time="0.002200"/>
        <testcase name="testDefaultOutputDirectoriesValuesCoverAllCoreExtensionClasses" file="/home/runner/work/develop/develop/packages/framework/tests/Unit/ConfigFileTest.php" line="71" class="Hyde\Framework\Testing\Unit\ConfigFileTest" classname="Hyde.Framework.Testing.Unit.ConfigFileTest" assertions="1" time="0.002675"/>
        <testcase name="testDefaultFeaturesArrayMatchesDefaultFeatures" file="/home/runner/work/develop/develop/packages/framework/tests/Unit/ConfigFileTest.php" line="79" class="Hyde\Framework\Testing\Unit\ConfigFileTest" classname="Hyde.Framework.Testing.Unit.ConfigFileTest" assertions="1" time="0.002266"/>
      </testsuite>
      <testsuite name="Hyde\Framework\Testing\Unit\ConsoleServiceProviderUnitTest" file="/home/runner/work/develop/develop/packages/framework/tests/Unit/ConsoleServiceProviderUnitTest.php" tests="2" assertions="2" errors="0" failures="0" skipped="0" time="0.003137">
        <testcase name="testProviderRegistersLogo" file="/home/runner/work/develop/develop/packages/framework/tests/Unit/ConsoleServiceProviderUnitTest.php" line="15" class="Hyde\Framework\Testing\Unit\ConsoleServiceProviderUnitTest" classname="Hyde.Framework.Testing.Unit.ConsoleServiceProviderUnitTest" assertions="1" time="0.001655"/>
        <testcase name="testProviderRegistersNoAnsiLogo" file="/home/runner/work/develop/develop/packages/framework/tests/Unit/ConsoleServiceProviderUnitTest.php" line="29" class="Hyde\Framework\Testing\Unit\ConsoleServiceProviderUnitTest" classname="Hyde.Framework.Testing.Unit.ConsoleServiceProviderUnitTest" assertions="1" time="0.001482"/>
      </testsuite>
      <testsuite name="Hyde\Framework\Testing\Unit\CoreDataObjectTest" file="/home/runner/work/develop/develop/packages/framework/tests/Unit/CoreDataObjectTest.php" tests="3" assertions="3" errors="0" failures="0" skipped="0" time="0.008562">
        <testcase name="testCoreDataObjectWithHydePage" file="/home/runner/work/develop/develop/packages/framework/tests/Unit/CoreDataObjectTest.php" line="20" class="Hyde\Framework\Testing\Unit\CoreDataObjectTest" classname="Hyde.Framework.Testing.Unit.CoreDataObjectTest" assertions="1" time="0.003139"/>
        <testcase name="testCoreDataObjectWithDynamicPage" file="/home/runner/work/develop/develop/packages/framework/tests/Unit/CoreDataObjectTest.php" line="27" class="Hyde\Framework\Testing\Unit\CoreDataObjectTest" classname="Hyde.Framework.Testing.Unit.CoreDataObjectTest" assertions="1" time="0.002690"/>
        <testcase name="testToArray" file="/home/runner/work/develop/develop/packages/framework/tests/Unit/CoreDataObjectTest.php" line="34" class="Hyde\Framework\Testing\Unit\CoreDataObjectTest" classname="Hyde.Framework.Testing.Unit.CoreDataObjectTest" assertions="1" time="0.002733"/>
      </testsuite>
      <testsuite name="Hyde\Framework\Testing\Unit\CreatesNewMarkdownPostFileTest" file="/home/runner/work/develop/develop/packages/framework/tests/Unit/CreatesNewMarkdownPostFileTest.php" tests="5" assertions="9" errors="0" failures="0" skipped="0" time="0.024380">
        <testcase name="testWithDefaultData" file="/home/runner/work/develop/develop/packages/framework/tests/Unit/CreatesNewMarkdownPostFileTest.php" line="26" class="Hyde\Framework\Testing\Unit\CreatesNewMarkdownPostFileTest" classname="Hyde.Framework.Testing.Unit.CreatesNewMarkdownPostFileTest" assertions="5" time="0.004249"/>
        <testcase name="testWithCustomData" file="/home/runner/work/develop/develop/packages/framework/tests/Unit/CreatesNewMarkdownPostFileTest.php" line="39" class="Hyde\Framework\Testing\Unit\CreatesNewMarkdownPostFileTest" classname="Hyde.Framework.Testing.Unit.CreatesNewMarkdownPostFileTest" assertions="1" time="0.003706"/>
        <testcase name="testSave" file="/home/runner/work/develop/develop/packages/framework/tests/Unit/CreatesNewMarkdownPostFileTest.php" line="52" class="Hyde\Framework\Testing\Unit\CreatesNewMarkdownPostFileTest" classname="Hyde.Framework.Testing.Unit.CreatesNewMarkdownPostFileTest" assertions="1" time="0.006660"/>
        <testcase name="testSaveWithCustomContent" file="/home/runner/work/develop/develop/packages/framework/tests/Unit/CreatesNewMarkdownPostFileTest.php" line="75" class="Hyde\Framework\Testing\Unit\CreatesNewMarkdownPostFileTest" classname="Hyde.Framework.Testing.Unit.CreatesNewMarkdownPostFileTest" assertions="1" time="0.006326"/>
        <testcase name="testCustomDateNormalisation" file="/home/runner/work/develop/develop/packages/framework/tests/Unit/CreatesNewMarkdownPostFileTest.php" line="98" class="Hyde\Framework\Testing\Unit\CreatesNewMarkdownPostFileTest" classname="Hyde.Framework.Testing.Unit.CreatesNewMarkdownPostFileTest" assertions="1" time="0.003439"/>
      </testsuite>
      <testsuite name="Hyde\Framework\Testing\Unit\CustomExceptionsTest" file="/home/runner/work/develop/develop/packages/framework/tests/Unit/CustomExceptionsTest.php" tests="17" assertions="17" errors="0" failures="0" skipped="0" time="0.030822">
        <testcase name="testFileConflictExceptionWithDefaultMessage" file="/home/runner/work/develop/develop/packages/framework/tests/Unit/CustomExceptionsTest.php" line="29" class="Hyde\Framework\Testing\Unit\CustomExceptionsTest" classname="Hyde.Framework.Testing.Unit.CustomExceptionsTest" assertions="1" time="0.004177"/>
        <testcase name="testFileConflictExceptionWithPath" file="/home/runner/work/develop/develop/packages/framework/tests/Unit/CustomExceptionsTest.php" line="34" class="Hyde\Framework\Testing\Unit\CustomExceptionsTest" classname="Hyde.Framework.Testing.Unit.CustomExceptionsTest" assertions="1" time="0.001923"/>
        <testcase name="testFileConflictExceptionWithAbsolutePath" file="/home/runner/work/develop/develop/packages/framework/tests/Unit/CustomExceptionsTest.php" line="39" class="Hyde\Framework\Testing\Unit\CustomExceptionsTest" classname="Hyde.Framework.Testing.Unit.CustomExceptionsTest" assertions="1" time="0.001901"/>
        <testcase name="testFileNotFoundExceptionWithDefaultMessage" file="/home/runner/work/develop/develop/packages/framework/tests/Unit/CustomExceptionsTest.php" line="44" class="Hyde\Framework\Testing\Unit\CustomExceptionsTest" classname="Hyde.Framework.Testing.Unit.CustomExceptionsTest" assertions="1" time="0.001694"/>
        <testcase name="testFileNotFoundExceptionWithPath" file="/home/runner/work/develop/develop/packages/framework/tests/Unit/CustomExceptionsTest.php" line="49" class="Hyde\Framework\Testing\Unit\CustomExceptionsTest" classname="Hyde.Framework.Testing.Unit.CustomExceptionsTest" assertions="1" time="0.001785"/>
        <testcase name="testFileNotFoundExceptionWithAbsolutePath" file="/home/runner/work/develop/develop/packages/framework/tests/Unit/CustomExceptionsTest.php" line="54" class="Hyde\Framework\Testing\Unit\CustomExceptionsTest" classname="Hyde.Framework.Testing.Unit.CustomExceptionsTest" assertions="1" time="0.001834"/>
        <testcase name="testFileNotFoundExceptionWithCustomPath" file="/home/runner/work/develop/develop/packages/framework/tests/Unit/CustomExceptionsTest.php" line="59" class="Hyde\Framework\Testing\Unit\CustomExceptionsTest" classname="Hyde.Framework.Testing.Unit.CustomExceptionsTest" assertions="1" time="0.001593"/>
        <testcase name="testRouteNotFoundExceptionWithDefaultMessage" file="/home/runner/work/develop/develop/packages/framework/tests/Unit/CustomExceptionsTest.php" line="64" class="Hyde\Framework\Testing\Unit\CustomExceptionsTest" classname="Hyde.Framework.Testing.Unit.CustomExceptionsTest" assertions="1" time="0.001619"/>
        <testcase name="testRouteNotFoundExceptionWithRouteKey" file="/home/runner/work/develop/develop/packages/framework/tests/Unit/CustomExceptionsTest.php" line="69" class="Hyde\Framework\Testing\Unit\CustomExceptionsTest" classname="Hyde.Framework.Testing.Unit.CustomExceptionsTest" assertions="1" time="0.001636"/>
        <testcase name="testUnsupportedPageTypeExceptionWithDefaultMessage" file="/home/runner/work/develop/develop/packages/framework/tests/Unit/CustomExceptionsTest.php" line="74" class="Hyde\Framework\Testing\Unit\CustomExceptionsTest" classname="Hyde.Framework.Testing.Unit.CustomExceptionsTest" assertions="1" time="0.001669"/>
        <testcase name="testUnsupportedPageTypeExceptionWithPage" file="/home/runner/work/develop/develop/packages/framework/tests/Unit/CustomExceptionsTest.php" line="79" class="Hyde\Framework\Testing\Unit\CustomExceptionsTest" classname="Hyde.Framework.Testing.Unit.CustomExceptionsTest" assertions="1" time="0.001590"/>
        <testcase name="testBaseUrlNotSetException" file="/home/runner/work/develop/develop/packages/framework/tests/Unit/CustomExceptionsTest.php" line="84" class="Hyde\Framework\Testing\Unit\CustomExceptionsTest" classname="Hyde.Framework.Testing.Unit.CustomExceptionsTest" assertions="1" time="0.001540"/>
        <testcase name="testFileConflictExceptionCode" file="/home/runner/work/develop/develop/packages/framework/tests/Unit/CustomExceptionsTest.php" line="89" class="Hyde\Framework\Testing\Unit\CustomExceptionsTest" classname="Hyde.Framework.Testing.Unit.CustomExceptionsTest" assertions="1" time="0.001577"/>
        <testcase name="testFileNotFoundExceptionCode" file="/home/runner/work/develop/develop/packages/framework/tests/Unit/CustomExceptionsTest.php" line="94" class="Hyde\Framework\Testing\Unit\CustomExceptionsTest" classname="Hyde.Framework.Testing.Unit.CustomExceptionsTest" assertions="1" time="0.001575"/>
        <testcase name="testRouteNotFoundExceptionCode" file="/home/runner/work/develop/develop/packages/framework/tests/Unit/CustomExceptionsTest.php" line="99" class="Hyde\Framework\Testing\Unit\CustomExceptionsTest" classname="Hyde.Framework.Testing.Unit.CustomExceptionsTest" assertions="1" time="0.001607"/>
        <testcase name="testUnsupportedPageTypeExceptionCode" file="/home/runner/work/develop/develop/packages/framework/tests/Unit/CustomExceptionsTest.php" line="104" class="Hyde\Framework\Testing\Unit\CustomExceptionsTest" classname="Hyde.Framework.Testing.Unit.CustomExceptionsTest" assertions="1" time="0.001578"/>
        <testcase name="testBaseUrlNotSetExceptionCode" file="/home/runner/work/develop/develop/packages/framework/tests/Unit/CustomExceptionsTest.php" line="109" class="Hyde\Framework\Testing\Unit\CustomExceptionsTest" classname="Hyde.Framework.Testing.Unit.CustomExceptionsTest" assertions="1" time="0.001524"/>
      </testsuite>
      <testsuite name="Hyde\Framework\Testing\Unit\DataCollectionUnitTest" file="/home/runner/work/develop/develop/packages/framework/tests/Unit/DataCollectionUnitTest.php" tests="9" assertions="9" errors="0" failures="0" skipped="0" time="0.018477">
        <testcase name="testClassHasStaticSourceDirectoryProperty" file="/home/runner/work/develop/develop/packages/framework/tests/Unit/DataCollectionUnitTest.php" line="26" class="Hyde\Framework\Testing\Unit\DataCollectionUnitTest" classname="Hyde.Framework.Testing.Unit.DataCollectionUnitTest" assertions="1" time="0.001722"/>
        <testcase name="testConstructorCreatesNewDataCollectionInstance" file="/home/runner/work/develop/develop/packages/framework/tests/Unit/DataCollectionUnitTest.php" line="31" class="Hyde\Framework\Testing\Unit\DataCollectionUnitTest" classname="Hyde.Framework.Testing.Unit.DataCollectionUnitTest" assertions="1" time="0.001536"/>
        <testcase name="testClassExtendsCollectionClass" file="/home/runner/work/develop/develop/packages/framework/tests/Unit/DataCollectionUnitTest.php" line="36" class="Hyde\Framework\Testing\Unit\DataCollectionUnitTest" classname="Hyde.Framework.Testing.Unit.DataCollectionUnitTest" assertions="1" time="0.001503"/>
        <testcase name="testCanConvertCollectionToArray" file="/home/runner/work/develop/develop/packages/framework/tests/Unit/DataCollectionUnitTest.php" line="41" class="Hyde\Framework\Testing\Unit\DataCollectionUnitTest" classname="Hyde.Framework.Testing.Unit.DataCollectionUnitTest" assertions="1" time="0.001575"/>
        <testcase name="testCanConvertCollectionToJson" file="/home/runner/work/develop/develop/packages/framework/tests/Unit/DataCollectionUnitTest.php" line="46" class="Hyde\Framework\Testing\Unit\DataCollectionUnitTest" classname="Hyde.Framework.Testing.Unit.DataCollectionUnitTest" assertions="1" time="0.001479"/>
        <testcase name="testFindMarkdownFilesCallsProperGlobPattern" file="/home/runner/work/develop/develop/packages/framework/tests/Unit/DataCollectionUnitTest.php" line="51" class="Hyde\Framework\Testing\Unit\DataCollectionUnitTest" classname="Hyde.Framework.Testing.Unit.DataCollectionUnitTest" assertions="1" time="0.002722"/>
        <testcase name="testFindMarkdownFilesWithNoFiles" file="/home/runner/work/develop/develop/packages/framework/tests/Unit/DataCollectionUnitTest.php" line="66" class="Hyde\Framework\Testing\Unit\DataCollectionUnitTest" classname="Hyde.Framework.Testing.Unit.DataCollectionUnitTest" assertions="1" time="0.002511"/>
        <testcase name="testFindMarkdownFilesWithFiles" file="/home/runner/work/develop/develop/packages/framework/tests/Unit/DataCollectionUnitTest.php" line="80" class="Hyde\Framework\Testing\Unit\DataCollectionUnitTest" classname="Hyde.Framework.Testing.Unit.DataCollectionUnitTest" assertions="1" time="0.002890"/>
        <testcase name="testStaticMarkdownHelperReturnsNewDataCollectionInstance" file="/home/runner/work/develop/develop/packages/framework/tests/Unit/DataCollectionUnitTest.php" line="95" class="Hyde\Framework\Testing\Unit\DataCollectionUnitTest" classname="Hyde.Framework.Testing.Unit.DataCollectionUnitTest" assertions="1" time="0.002540"/>
      </testsuite>
      <testsuite name="Hyde\Framework\Testing\Unit\DateStringTest" file="/home/runner/work/develop/develop/packages/framework/tests/Unit/DateStringTest.php" tests="6" assertions="6" errors="0" failures="0" skipped="0" time="0.008935">
        <testcase name="testItCanParseDateString" file="/home/runner/work/develop/develop/packages/framework/tests/Unit/DateStringTest.php" line="16" class="Hyde\Framework\Testing\Unit\DateStringTest" classname="Hyde.Framework.Testing.Unit.DateStringTest" assertions="1" time="0.001645"/>
        <testcase name="testItCanParseDateStringIntoDatetimeObject" file="/home/runner/work/develop/develop/packages/framework/tests/Unit/DateStringTest.php" line="22" class="Hyde\Framework\Testing\Unit\DateStringTest" classname="Hyde.Framework.Testing.Unit.DateStringTest" assertions="1" time="0.001483"/>
        <testcase name="testItCanFormatDateStringIntoMachineReadableString" file="/home/runner/work/develop/develop/packages/framework/tests/Unit/DateStringTest.php" line="28" class="Hyde\Framework\Testing\Unit\DateStringTest" classname="Hyde.Framework.Testing.Unit.DateStringTest" assertions="1" time="0.001448"/>
        <testcase name="testItCanFormatDateStringIntoHumanReadableString" file="/home/runner/work/develop/develop/packages/framework/tests/Unit/DateStringTest.php" line="34" class="Hyde\Framework\Testing\Unit\DateStringTest" classname="Hyde.Framework.Testing.Unit.DateStringTest" assertions="1" time="0.001438"/>
        <testcase name="testItCanFormatDateStringIntoShortHumanReadableString" file="/home/runner/work/develop/develop/packages/framework/tests/Unit/DateStringTest.php" line="40" class="Hyde\Framework\Testing\Unit\DateStringTest" classname="Hyde.Framework.Testing.Unit.DateStringTest" assertions="1" time="0.001452"/>
        <testcase name="testItCanFormatDateStringIntoShortHumanReadableStringUsingMagicMethod" file="/home/runner/work/develop/develop/packages/framework/tests/Unit/DateStringTest.php" line="46" class="Hyde\Framework\Testing\Unit\DateStringTest" classname="Hyde.Framework.Testing.Unit.DateStringTest" assertions="1" time="0.001470"/>
      </testsuite>
      <testsuite name="Hyde\Framework\Testing\Unit\DocumentationPageTest" file="/home/runner/work/develop/develop/packages/framework/tests/Unit/DocumentationPageTest.php" tests="28" assertions="42" errors="0" failures="0" skipped="0" time="0.166328">
        <testcase name="testCanGenerateTableOfContents" file="/home/runner/work/develop/develop/packages/framework/tests/Unit/DocumentationPageTest.php" line="25" class="Hyde\Framework\Testing\Unit\DocumentationPageTest" classname="Hyde.Framework.Testing.Unit.DocumentationPageTest" assertions="1" time="0.006959"/>
        <testcase name="testCanGetCurrentPagePath" file="/home/runner/work/develop/develop/packages/framework/tests/Unit/DocumentationPageTest.php" line="31" class="Hyde\Framework\Testing\Unit\DocumentationPageTest" classname="Hyde.Framework.Testing.Unit.DocumentationPageTest" assertions="1" time="0.004620"/>
        <testcase name="testCanGetCurrentCustomPagePath" file="/home/runner/work/develop/develop/packages/framework/tests/Unit/DocumentationPageTest.php" line="37" class="Hyde\Framework\Testing\Unit\DocumentationPageTest" classname="Hyde.Framework.Testing.Unit.DocumentationPageTest" assertions="1" time="0.005414"/>
        <testcase name="testCanGetCurrentPagePathWhenUsingFlattenedOutputPaths" file="/home/runner/work/develop/develop/packages/framework/tests/Unit/DocumentationPageTest.php" line="46" class="Hyde\Framework\Testing\Unit\DocumentationPageTest" classname="Hyde.Framework.Testing.Unit.DocumentationPageTest" assertions="2" time="0.006384"/>
        <testcase name="testCanGetCurrentPagePathWhenNotUsingFlattenedOutputPaths" file="/home/runner/work/develop/develop/packages/framework/tests/Unit/DocumentationPageTest.php" line="60" class="Hyde\Framework\Testing\Unit\DocumentationPageTest" classname="Hyde.Framework.Testing.Unit.DocumentationPageTest" assertions="2" time="0.006409"/>
        <testcase name="testCanGetOnlineSourcePath" file="/home/runner/work/develop/develop/packages/framework/tests/Unit/DocumentationPageTest.php" line="74" class="Hyde\Framework\Testing\Unit\DocumentationPageTest" classname="Hyde.Framework.Testing.Unit.DocumentationPageTest" assertions="1" time="0.004898"/>
        <testcase name="testCanGetOnlineSourcePathWithSourceFileLocationBase" file="/home/runner/work/develop/develop/packages/framework/tests/Unit/DocumentationPageTest.php" line="80" class="Hyde\Framework\Testing\Unit\DocumentationPageTest" classname="Hyde.Framework.Testing.Unit.DocumentationPageTest" assertions="1" time="0.004741"/>
        <testcase name="testCanGetOnlineSourcePathWithTrailingSlash" file="/home/runner/work/develop/develop/packages/framework/tests/Unit/DocumentationPageTest.php" line="87" class="Hyde\Framework\Testing\Unit\DocumentationPageTest" classname="Hyde.Framework.Testing.Unit.DocumentationPageTest" assertions="2" time="0.004849"/>
        <testcase name="testCanGetDocumentationOutputPath" file="/home/runner/work/develop/develop/packages/framework/tests/Unit/DocumentationPageTest.php" line="98" class="Hyde\Framework\Testing\Unit\DocumentationPageTest" classname="Hyde.Framework.Testing.Unit.DocumentationPageTest" assertions="1" time="0.003284"/>
        <testcase name="testCanGetDocumentationOutputPathWithCustomOutputDirectory" file="/home/runner/work/develop/develop/packages/framework/tests/Unit/DocumentationPageTest.php" line="103" class="Hyde\Framework\Testing\Unit\DocumentationPageTest" classname="Hyde.Framework.Testing.Unit.DocumentationPageTest" assertions="1" time="0.004285"/>
        <testcase name="testCanGetDocumentationOutputPathWithTrailingSlashes" file="/home/runner/work/develop/develop/packages/framework/tests/Unit/DocumentationPageTest.php" line="110" class="Hyde\Framework\Testing\Unit\DocumentationPageTest" classname="Hyde.Framework.Testing.Unit.DocumentationPageTest" assertions="5" time="0.007570"/>
        <testcase name="testGetSourcePathReturnsQualifiedBasename" file="/home/runner/work/develop/develop/packages/framework/tests/Unit/DocumentationPageTest.php" line="127" class="Hyde\Framework\Testing\Unit\DocumentationPageTest" classname="Hyde.Framework.Testing.Unit.DocumentationPageTest" assertions="1" time="0.004828"/>
        <testcase name="testGetSourcePathReturnsQualifiedBasenameForNestedPage" file="/home/runner/work/develop/develop/packages/framework/tests/Unit/DocumentationPageTest.php" line="135" class="Hyde\Framework\Testing\Unit\DocumentationPageTest" classname="Hyde.Framework.Testing.Unit.DocumentationPageTest" assertions="1" time="0.004788"/>
        <testcase name="testHomeMethodReturnsNullWhenThereIsNoIndexPage" file="/home/runner/work/develop/develop/packages/framework/tests/Unit/DocumentationPageTest.php" line="143" class="Hyde\Framework\Testing\Unit\DocumentationPageTest" classname="Hyde.Framework.Testing.Unit.DocumentationPageTest" assertions="1" time="0.007688"/>
        <testcase name="testHomeMethodReturnsDocsIndexRouteWhenItExists" file="/home/runner/work/develop/develop/packages/framework/tests/Unit/DocumentationPageTest.php" line="148" class="Hyde\Framework\Testing\Unit\DocumentationPageTest" classname="Hyde.Framework.Testing.Unit.DocumentationPageTest" assertions="2" time="0.009679"/>
        <testcase name="testHomeMethodFindsDocsIndexForCustomOutputDirectory" file="/home/runner/work/develop/develop/packages/framework/tests/Unit/DocumentationPageTest.php" line="156" class="Hyde\Framework\Testing\Unit\DocumentationPageTest" classname="Hyde.Framework.Testing.Unit.DocumentationPageTest" assertions="2" time="0.010313"/>
        <testcase name="testHomeMethodFindsDocsIndexForCustomNestedOutputDirectory" file="/home/runner/work/develop/develop/packages/framework/tests/Unit/DocumentationPageTest.php" line="168" class="Hyde\Framework\Testing\Unit\DocumentationPageTest" classname="Hyde.Framework.Testing.Unit.DocumentationPageTest" assertions="2" time="0.010724"/>
        <testcase name="testHomeRouteNameMethodReturnsOutputDirectorySlashIndex" file="/home/runner/work/develop/develop/packages/framework/tests/Unit/DocumentationPageTest.php" line="181" class="Hyde\Framework\Testing\Unit\DocumentationPageTest" classname="Hyde.Framework.Testing.Unit.DocumentationPageTest" assertions="1" time="0.003787"/>
        <testcase name="testHomeRouteNameMethodReturnsCustomizedOutputDirectorySlashIndex" file="/home/runner/work/develop/develop/packages/framework/tests/Unit/DocumentationPageTest.php" line="186" class="Hyde\Framework\Testing\Unit\DocumentationPageTest" classname="Hyde.Framework.Testing.Unit.DocumentationPageTest" assertions="1" time="0.004619"/>
        <testcase name="testHasTableOfContents" file="/home/runner/work/develop/develop/packages/framework/tests/Unit/DocumentationPageTest.php" line="194" class="Hyde\Framework\Testing\Unit\DocumentationPageTest" classname="Hyde.Framework.Testing.Unit.DocumentationPageTest" assertions="3" time="0.003881"/>
        <testcase name="testCompiledPagesOriginatingInSubdirectoriesGetOutputToRootDocsPath" file="/home/runner/work/develop/develop/packages/framework/tests/Unit/DocumentationPageTest.php" line="205" class="Hyde\Framework\Testing\Unit\DocumentationPageTest" classname="Hyde.Framework.Testing.Unit.DocumentationPageTest" assertions="1" time="0.005117"/>
        <testcase name="testCompiledPagesOriginatingInSubdirectoriesGetOutputToRootDocsPathWhenUsingFlattenedOutputPaths" file="/home/runner/work/develop/develop/packages/framework/tests/Unit/DocumentationPageTest.php" line="211" class="Hyde\Framework\Testing\Unit\DocumentationPageTest" classname="Hyde.Framework.Testing.Unit.DocumentationPageTest" assertions="1" time="0.005029"/>
        <testcase name="testCompiledPagesOriginatingInSubdirectoriesRetainSubdirectoryStructureWhenNotUsingFlattenedOutputPaths" file="/home/runner/work/develop/develop/packages/framework/tests/Unit/DocumentationPageTest.php" line="218" class="Hyde\Framework\Testing\Unit\DocumentationPageTest" classname="Hyde.Framework.Testing.Unit.DocumentationPageTest" assertions="1" time="0.005064"/>
        <testcase name="testPageHasFrontMatter" file="/home/runner/work/develop/develop/packages/framework/tests/Unit/DocumentationPageTest.php" line="225" class="Hyde\Framework\Testing\Unit\DocumentationPageTest" classname="Hyde.Framework.Testing.Unit.DocumentationPageTest" assertions="3" time="0.006656"/>
        <testcase name="testPageCanBeHiddenFromSidebarUsingFrontMatter" file="/home/runner/work/develop/develop/packages/framework/tests/Unit/DocumentationPageTest.php" line="239" class="Hyde\Framework\Testing\Unit\DocumentationPageTest" classname="Hyde.Framework.Testing.Unit.DocumentationPageTest" assertions="1" time="0.006061"/>
        <testcase name="testPageIsVisibleInSidebarWithoutUsingFrontMatter" file="/home/runner/work/develop/develop/packages/framework/tests/Unit/DocumentationPageTest.php" line="250" class="Hyde\Framework\Testing\Unit\DocumentationPageTest" classname="Hyde.Framework.Testing.Unit.DocumentationPageTest" assertions="1" time="0.006643"/>
        <testcase name="testPageCanSetSidebarPriorityUsingFrontMatter" file="/home/runner/work/develop/develop/packages/framework/tests/Unit/DocumentationPageTest.php" line="257" class="Hyde\Framework\Testing\Unit\DocumentationPageTest" classname="Hyde.Framework.Testing.Unit.DocumentationPageTest" assertions="1" time="0.006114"/>
        <testcase name="testPageCanSetSidebarLabelUsingFrontMatter" file="/home/runner/work/develop/develop/packages/framework/tests/Unit/DocumentationPageTest.php" line="268" class="Hyde\Framework\Testing\Unit\DocumentationPageTest" classname="Hyde.Framework.Testing.Unit.DocumentationPageTest" assertions="1" time="0.005922"/>
      </testsuite>
      <testsuite name="Hyde\Framework\Testing\Unit\DropdownNavItemTest" file="/home/runner/work/develop/develop/packages/framework/tests/Unit/DropdownNavItemTest.php" tests="7" assertions="12" errors="0" failures="0" skipped="0" time="0.014726">
        <testcase name="testConstruct" file="/home/runner/work/develop/develop/packages/framework/tests/Unit/DropdownNavItemTest.php" line="35" class="Hyde\Framework\Testing\Unit\DropdownNavItemTest" classname="Hyde.Framework.Testing.Unit.DropdownNavItemTest" assertions="3" time="0.002228"/>
        <testcase name="testConstructWithCustomPriority" file="/home/runner/work/develop/develop/packages/framework/tests/Unit/DropdownNavItemTest.php" line="44" class="Hyde\Framework\Testing\Unit\DropdownNavItemTest" classname="Hyde.Framework.Testing.Unit.DropdownNavItemTest" assertions="1" time="0.001620"/>
        <testcase name="testConstructWithNullPriority" file="/home/runner/work/develop/develop/packages/framework/tests/Unit/DropdownNavItemTest.php" line="51" class="Hyde\Framework\Testing\Unit\DropdownNavItemTest" classname="Hyde.Framework.Testing.Unit.DropdownNavItemTest" assertions="1" time="0.001603"/>
        <testcase name="testFromArray" file="/home/runner/work/develop/develop/packages/framework/tests/Unit/DropdownNavItemTest.php" line="58" class="Hyde\Framework\Testing\Unit\DropdownNavItemTest" classname="Hyde.Framework.Testing.Unit.DropdownNavItemTest" assertions="2" time="0.001677"/>
        <testcase name="testWithChildren" file="/home/runner/work/develop/develop/packages/framework/tests/Unit/DropdownNavItemTest.php" line="66" class="Hyde\Framework\Testing\Unit\DropdownNavItemTest" classname="Hyde.Framework.Testing.Unit.DropdownNavItemTest" assertions="2" time="0.002938"/>
        <testcase name="testGetItems" file="/home/runner/work/develop/develop/packages/framework/tests/Unit/DropdownNavItemTest.php" line="79" class="Hyde\Framework\Testing\Unit\DropdownNavItemTest" classname="Hyde.Framework.Testing.Unit.DropdownNavItemTest" assertions="2" time="0.003005"/>
        <testcase name="testCanSetPriorityInConfig" file="/home/runner/work/develop/develop/packages/framework/tests/Unit/DropdownNavItemTest.php" line="92" class="Hyde\Framework\Testing\Unit\DropdownNavItemTest" classname="Hyde.Framework.Testing.Unit.DropdownNavItemTest" assertions="1" time="0.001656"/>
      </testsuite>
      <testsuite name="Hyde\Framework\Testing\Unit\EnsureCodeFollowsNamingConventionTest" file="/home/runner/work/develop/develop/packages/framework/tests/Unit/EnsureCodeFollowsNamingConventionTest.php" tests="2" assertions="42" errors="0" failures="0" skipped="0" time="0.007101">
        <testcase name="testCommandsClassesFollowNamingConventions" file="/home/runner/work/develop/develop/packages/framework/tests/Unit/EnsureCodeFollowsNamingConventionTest.php" line="17" class="Hyde\Framework\Testing\Unit\EnsureCodeFollowsNamingConventionTest" classname="Hyde.Framework.Testing.Unit.EnsureCodeFollowsNamingConventionTest" assertions="35" time="0.004956"/>
        <testcase name="testActionEntryPointsFollowNamingConventions" file="/home/runner/work/develop/develop/packages/framework/tests/Unit/EnsureCodeFollowsNamingConventionTest.php" line="31" class="Hyde\Framework\Testing\Unit\EnsureCodeFollowsNamingConventionTest" classname="Hyde.Framework.Testing.Unit.EnsureCodeFollowsNamingConventionTest" assertions="7" time="0.002146"/>
      </testsuite>
      <testsuite name="Hyde\Framework\Testing\Unit\ExtensionsUnitTest" file="/home/runner/work/develop/develop/packages/framework/tests/Unit/ExtensionsUnitTest.php" tests="21" assertions="35" errors="0" failures="0" skipped="0" time="0.070768">
        <testcase name="testBaseClassGetPageClasses" file="/home/runner/work/develop/develop/packages/framework/tests/Unit/ExtensionsUnitTest.php" line="45" class="Hyde\Framework\Testing\Unit\ExtensionsUnitTest" classname="Hyde.Framework.Testing.Unit.ExtensionsUnitTest" assertions="1" time="0.002104"/>
        <testcase name="testBaseClassDiscoveryHandlers" file="/home/runner/work/develop/develop/packages/framework/tests/Unit/ExtensionsUnitTest.php" line="50" class="Hyde\Framework\Testing\Unit\ExtensionsUnitTest" classname="Hyde.Framework.Testing.Unit.ExtensionsUnitTest" assertions="1" time="0.005830"/>
        <testcase name="testCanRegisterNewExtension" file="/home/runner/work/develop/develop/packages/framework/tests/Unit/ExtensionsUnitTest.php" line="61" class="Hyde\Framework\Testing\Unit\ExtensionsUnitTest" classname="Hyde.Framework.Testing.Unit.ExtensionsUnitTest" assertions="1" time="0.001845"/>
        <testcase name="testRegisterExtensionAfterKernelIsBooted" file="/home/runner/work/develop/develop/packages/framework/tests/Unit/ExtensionsUnitTest.php" line="68" class="Hyde\Framework\Testing\Unit\ExtensionsUnitTest" classname="Hyde.Framework.Testing.Unit.ExtensionsUnitTest" assertions="2" time="0.005366"/>
        <testcase name="testRegisterExtensionWithInvalidExtensionClass" file="/home/runner/work/develop/develop/packages/framework/tests/Unit/ExtensionsUnitTest.php" line="78" class="Hyde\Framework\Testing\Unit\ExtensionsUnitTest" classname="Hyde.Framework.Testing.Unit.ExtensionsUnitTest" assertions="2" time="0.001891"/>
        <testcase name="testRegisterExtensionWithNonClassString" file="/home/runner/work/develop/develop/packages/framework/tests/Unit/ExtensionsUnitTest.php" line="86" class="Hyde\Framework\Testing\Unit\ExtensionsUnitTest" classname="Hyde.Framework.Testing.Unit.ExtensionsUnitTest" assertions="2" time="0.002040"/>
        <testcase name="testRegisterExtensionWithAlreadyRegisteredExtension" file="/home/runner/work/develop/develop/packages/framework/tests/Unit/ExtensionsUnitTest.php" line="94" class="Hyde\Framework\Testing\Unit\ExtensionsUnitTest" classname="Hyde.Framework.Testing.Unit.ExtensionsUnitTest" assertions="2" time="0.001941"/>
        <testcase name="testRegisterExtensionMethodDoesNotRegisterAlreadyRegisteredClasses" file="/home/runner/work/develop/develop/packages/framework/tests/Unit/ExtensionsUnitTest.php" line="103" class="Hyde\Framework\Testing\Unit\ExtensionsUnitTest" classname="Hyde.Framework.Testing.Unit.ExtensionsUnitTest" assertions="1" time="0.001930"/>
        <testcase name="testGetExtensionWithValidExtension" file="/home/runner/work/develop/develop/packages/framework/tests/Unit/ExtensionsUnitTest.php" line="116" class="Hyde\Framework\Testing\Unit\ExtensionsUnitTest" classname="Hyde.Framework.Testing.Unit.ExtensionsUnitTest" assertions="1" time="0.001785"/>
        <testcase name="testGetExtensionWithCustomExtension" file="/home/runner/work/develop/develop/packages/framework/tests/Unit/ExtensionsUnitTest.php" line="121" class="Hyde\Framework\Testing\Unit\ExtensionsUnitTest" classname="Hyde.Framework.Testing.Unit.ExtensionsUnitTest" assertions="1" time="0.001759"/>
        <testcase name="testGetExtensionWithInvalidExtension" file="/home/runner/work/develop/develop/packages/framework/tests/Unit/ExtensionsUnitTest.php" line="128" class="Hyde\Framework\Testing\Unit\ExtensionsUnitTest" classname="Hyde.Framework.Testing.Unit.ExtensionsUnitTest" assertions="2" time="0.001866"/>
        <testcase name="testGetExtensionGenerics" file="/home/runner/work/develop/develop/packages/framework/tests/Unit/ExtensionsUnitTest.php" line="136" class="Hyde\Framework\Testing\Unit\ExtensionsUnitTest" classname="Hyde.Framework.Testing.Unit.ExtensionsUnitTest" assertions="3" time="0.001930"/>
        <testcase name="testHasExtensionWithValidExtension" file="/home/runner/work/develop/develop/packages/framework/tests/Unit/ExtensionsUnitTest.php" line="148" class="Hyde\Framework\Testing\Unit\ExtensionsUnitTest" classname="Hyde.Framework.Testing.Unit.ExtensionsUnitTest" assertions="1" time="0.001755"/>
        <testcase name="testHasExtensionWithCustomExtension" file="/home/runner/work/develop/develop/packages/framework/tests/Unit/ExtensionsUnitTest.php" line="153" class="Hyde\Framework\Testing\Unit\ExtensionsUnitTest" classname="Hyde.Framework.Testing.Unit.ExtensionsUnitTest" assertions="1" time="0.001757"/>
        <testcase name="testHasExtensionWithInvalidExtension" file="/home/runner/work/develop/develop/packages/framework/tests/Unit/ExtensionsUnitTest.php" line="160" class="Hyde\Framework\Testing\Unit\ExtensionsUnitTest" classname="Hyde.Framework.Testing.Unit.ExtensionsUnitTest" assertions="1" time="0.001720"/>
        <testcase name="testFileHandlerDependencyInjection" file="/home/runner/work/develop/develop/packages/framework/tests/Unit/ExtensionsUnitTest.php" line="165" class="Hyde\Framework\Testing\Unit\ExtensionsUnitTest" classname="Hyde.Framework.Testing.Unit.ExtensionsUnitTest" assertions="1" time="0.002826"/>
        <testcase name="testPageHandlerDependencyInjection" file="/home/runner/work/develop/develop/packages/framework/tests/Unit/ExtensionsUnitTest.php" line="174" class="Hyde\Framework\Testing\Unit\ExtensionsUnitTest" classname="Hyde.Framework.Testing.Unit.ExtensionsUnitTest" assertions="4" time="0.007127"/>
        <testcase name="testRouteHandlerDependencyInjection" file="/home/runner/work/develop/develop/packages/framework/tests/Unit/ExtensionsUnitTest.php" line="183" class="Hyde\Framework\Testing\Unit\ExtensionsUnitTest" classname="Hyde.Framework.Testing.Unit.ExtensionsUnitTest" assertions="4" time="0.017919"/>
        <testcase name="testGetRegisteredPageClassesReturnsCoreExtensionClasses" file="/home/runner/work/develop/develop/packages/framework/tests/Unit/ExtensionsUnitTest.php" line="192" class="Hyde\Framework\Testing\Unit\ExtensionsUnitTest" classname="Hyde.Framework.Testing.Unit.ExtensionsUnitTest" assertions="1" time="0.002516"/>
        <testcase name="testGetRegisteredPageClassesMergesAllExtensionClasses" file="/home/runner/work/develop/develop/packages/framework/tests/Unit/ExtensionsUnitTest.php" line="197" class="Hyde\Framework\Testing\Unit\ExtensionsUnitTest" classname="Hyde.Framework.Testing.Unit.ExtensionsUnitTest" assertions="1" time="0.002377"/>
        <testcase name="testMergedRegisteredPageClassesArrayContents" file="/home/runner/work/develop/develop/packages/framework/tests/Unit/ExtensionsUnitTest.php" line="207" class="Hyde\Framework\Testing\Unit\ExtensionsUnitTest" classname="Hyde.Framework.Testing.Unit.ExtensionsUnitTest" assertions="2" time="0.002483"/>
      </testsuite>
      <testsuite name="Hyde\Framework\Testing\Unit\Facades\AssetFacadeTest" file="/home/runner/work/develop/develop/packages/framework/tests/Unit/Facades/AssetFacadeTest.php" tests="3" assertions="3" errors="0" failures="0" skipped="0" time="0.011130">
        <testcase name="testAssetFacadeReturnsTheAssetService" file="/home/runner/work/develop/develop/packages/framework/tests/Unit/Facades/AssetFacadeTest.php" line="16" class="Hyde\Framework\Testing\Unit\Facades\AssetFacadeTest" classname="Hyde.Framework.Testing.Unit.Facades.AssetFacadeTest" assertions="1" time="0.004015"/>
        <testcase name="testFacadeReturnsSameInstanceAsBoundByTheContainer" file="/home/runner/work/develop/develop/packages/framework/tests/Unit/Facades/AssetFacadeTest.php" line="21" class="Hyde\Framework\Testing\Unit\Facades\AssetFacadeTest" classname="Hyde.Framework.Testing.Unit.Facades.AssetFacadeTest" assertions="1" time="0.003572"/>
        <testcase name="testAssetFacadeCanCallMethodsOnTheAssetService" file="/home/runner/work/develop/develop/packages/framework/tests/Unit/Facades/AssetFacadeTest.php" line="26" class="Hyde\Framework\Testing\Unit\Facades\AssetFacadeTest" classname="Hyde.Framework.Testing.Unit.Facades.AssetFacadeTest" assertions="1" time="0.003544"/>
      </testsuite>
      <testsuite name="Hyde\Framework\Testing\Unit\Facades\AuthorTest" file="/home/runner/work/develop/develop/packages/framework/tests/Unit/Facades/AuthorTest.php" tests="3" assertions="10" errors="0" failures="0" skipped="0" time="0.011241">
        <testcase name="testCreate" file="/home/runner/work/develop/develop/packages/framework/tests/Unit/Facades/AuthorTest.php" line="16" class="Hyde\Framework\Testing\Unit\Facades\AuthorTest" classname="Hyde.Framework.Testing.Unit.Facades.AuthorTest" assertions="4" time="0.003794"/>
        <testcase name="testGet" file="/home/runner/work/develop/develop/packages/framework/tests/Unit/Facades/AuthorTest.php" line="27" class="Hyde\Framework\Testing\Unit\Facades\AuthorTest" classname="Hyde.Framework.Testing.Unit.Facades.AuthorTest" assertions="4" time="0.003974"/>
        <testcase name="testAll" file="/home/runner/work/develop/develop/packages/framework/tests/Unit/Facades/AuthorTest.php" line="38" class="Hyde\Framework\Testing\Unit\Facades\AuthorTest" classname="Hyde.Framework.Testing.Unit.Facades.AuthorTest" assertions="2" time="0.003473"/>
      </testsuite>
      <testsuite name="Hyde\Framework\Testing\Unit\Facades\HydeFacadesAreAliasedInAppConfigTest" file="/home/runner/work/develop/develop/packages/framework/tests/Unit/Facades/HydeFacadesAreAliasedInAppConfigTest.php" tests="1" assertions="8" errors="0" failures="0" skipped="0" time="0.005141">
        <testcase name="testAllFacadesAreAliasedInAppConfig" file="/home/runner/work/develop/develop/packages/framework/tests/Unit/Facades/HydeFacadesAreAliasedInAppConfigTest.php" line="12" class="Hyde\Framework\Testing\Unit\Facades\HydeFacadesAreAliasedInAppConfigTest" classname="Hyde.Framework.Testing.Unit.Facades.HydeFacadesAreAliasedInAppConfigTest" assertions="8" time="0.005141"/>
      </testsuite>
      <testsuite name="Hyde\Framework\Testing\Unit\Facades\RouteFacadeTest" file="/home/runner/work/develop/develop/packages/framework/tests/Unit/Facades/RouteFacadeTest.php" tests="10" assertions="10" errors="0" failures="0" skipped="0" time="0.025623">
        <testcase name="testRouteFacadeAllMethodReturnsAllRoutes" file="/home/runner/work/develop/develop/packages/framework/tests/Unit/Facades/RouteFacadeTest.php" line="29" class="Hyde\Framework\Testing\Unit\Facades\RouteFacadeTest" classname="Hyde.Framework.Testing.Unit.Facades.RouteFacadeTest" assertions="1" time="0.005720"/>
        <testcase name="testGetOrFailThrowsExceptionIfRouteIsNotFound" file="/home/runner/work/develop/develop/packages/framework/tests/Unit/Facades/RouteFacadeTest.php" line="34" class="Hyde\Framework\Testing\Unit\Facades\RouteFacadeTest" classname="Hyde.Framework.Testing.Unit.Facades.RouteFacadeTest" assertions="1" time="0.001687"/>
        <testcase name="testGetReturnsRouteFromRouterIndex" file="/home/runner/work/develop/develop/packages/framework/tests/Unit/Facades/RouteFacadeTest.php" line="40" class="Hyde\Framework\Testing\Unit\Facades\RouteFacadeTest" classname="Hyde.Framework.Testing.Unit.Facades.RouteFacadeTest" assertions="1" time="0.001597"/>
        <testcase name="testGetReturnsRouteFromRouterIndexForTheRightPage" file="/home/runner/work/develop/develop/packages/framework/tests/Unit/Facades/RouteFacadeTest.php" line="45" class="Hyde\Framework\Testing\Unit\Facades\RouteFacadeTest" classname="Hyde.Framework.Testing.Unit.Facades.RouteFacadeTest" assertions="1" time="0.003946"/>
        <testcase name="testGetFromReturnsNullIfRouteIsNotFound" file="/home/runner/work/develop/develop/packages/framework/tests/Unit/Facades/RouteFacadeTest.php" line="50" class="Hyde\Framework\Testing\Unit\Facades\RouteFacadeTest" classname="Hyde.Framework.Testing.Unit.Facades.RouteFacadeTest" assertions="1" time="0.001614"/>
        <testcase name="testGetSupportsDotNotation" file="/home/runner/work/develop/develop/packages/framework/tests/Unit/Facades/RouteFacadeTest.php" line="55" class="Hyde\Framework\Testing\Unit\Facades\RouteFacadeTest" classname="Hyde.Framework.Testing.Unit.Facades.RouteFacadeTest" assertions="1" time="0.003018"/>
        <testcase name="testCurrentReturnsCurrentRoute" file="/home/runner/work/develop/develop/packages/framework/tests/Unit/Facades/RouteFacadeTest.php" line="61" class="Hyde\Framework\Testing\Unit\Facades\RouteFacadeTest" classname="Hyde.Framework.Testing.Unit.Facades.RouteFacadeTest" assertions="1" time="0.003098"/>
        <testcase name="testCurrentReturnsNullIfRouteIsNotFound" file="/home/runner/work/develop/develop/packages/framework/tests/Unit/Facades/RouteFacadeTest.php" line="69" class="Hyde\Framework\Testing\Unit\Facades\RouteFacadeTest" classname="Hyde.Framework.Testing.Unit.Facades.RouteFacadeTest" assertions="1" time="0.001870"/>
        <testcase name="testExistsForExistingRoute" file="/home/runner/work/develop/develop/packages/framework/tests/Unit/Facades/RouteFacadeTest.php" line="76" class="Hyde\Framework\Testing\Unit\Facades\RouteFacadeTest" classname="Hyde.Framework.Testing.Unit.Facades.RouteFacadeTest" assertions="1" time="0.001556"/>
        <testcase name="testExistsForNonExistingRoute" file="/home/runner/work/develop/develop/packages/framework/tests/Unit/Facades/RouteFacadeTest.php" line="81" class="Hyde\Framework\Testing\Unit\Facades\RouteFacadeTest" classname="Hyde.Framework.Testing.Unit.Facades.RouteFacadeTest" assertions="1" time="0.001517"/>
      </testsuite>
      <testsuite name="Hyde\Framework\Testing\Unit\FeaturedImageUnitTest" file="/home/runner/work/develop/develop/packages/framework/tests/Unit/FeaturedImageUnitTest.php" tests="20" assertions="39" errors="0" failures="0" skipped="0" time="0.032448">
        <testcase name="testCanConstruct" file="/home/runner/work/develop/develop/packages/framework/tests/Unit/FeaturedImageUnitTest.php" line="23" class="Hyde\Framework\Testing\Unit\FeaturedImageUnitTest" classname="Hyde.Framework.Testing.Unit.FeaturedImageUnitTest" assertions="1" time="0.001732"/>
        <testcase name="testGetAltText" file="/home/runner/work/develop/develop/packages/framework/tests/Unit/FeaturedImageUnitTest.php" line="28" class="Hyde\Framework\Testing\Unit\FeaturedImageUnitTest" classname="Hyde.Framework.Testing.Unit.FeaturedImageUnitTest" assertions="2" time="0.001636"/>
        <testcase name="testGetTitleText" file="/home/runner/work/develop/develop/packages/framework/tests/Unit/FeaturedImageUnitTest.php" line="34" class="Hyde\Framework\Testing\Unit\FeaturedImageUnitTest" classname="Hyde.Framework.Testing.Unit.FeaturedImageUnitTest" assertions="2" time="0.001607"/>
        <testcase name="testGetAuthorName" file="/home/runner/work/develop/develop/packages/framework/tests/Unit/FeaturedImageUnitTest.php" line="40" class="Hyde\Framework\Testing\Unit\FeaturedImageUnitTest" classname="Hyde.Framework.Testing.Unit.FeaturedImageUnitTest" assertions="2" time="0.001582"/>
        <testcase name="testGetAuthorUrl" file="/home/runner/work/develop/develop/packages/framework/tests/Unit/FeaturedImageUnitTest.php" line="46" class="Hyde\Framework\Testing\Unit\FeaturedImageUnitTest" classname="Hyde.Framework.Testing.Unit.FeaturedImageUnitTest" assertions="2" time="0.001631"/>
        <testcase name="testGetCopyrightText" file="/home/runner/work/develop/develop/packages/framework/tests/Unit/FeaturedImageUnitTest.php" line="52" class="Hyde\Framework\Testing\Unit\FeaturedImageUnitTest" classname="Hyde.Framework.Testing.Unit.FeaturedImageUnitTest" assertions="2" time="0.001611"/>
        <testcase name="testGetLicenseName" file="/home/runner/work/develop/develop/packages/framework/tests/Unit/FeaturedImageUnitTest.php" line="58" class="Hyde\Framework\Testing\Unit\FeaturedImageUnitTest" classname="Hyde.Framework.Testing.Unit.FeaturedImageUnitTest" assertions="2" time="0.001612"/>
        <testcase name="testGetLicenseUrl" file="/home/runner/work/develop/develop/packages/framework/tests/Unit/FeaturedImageUnitTest.php" line="64" class="Hyde\Framework\Testing\Unit\FeaturedImageUnitTest" classname="Hyde.Framework.Testing.Unit.FeaturedImageUnitTest" assertions="2" time="0.001573"/>
        <testcase name="testHasAltText" file="/home/runner/work/develop/develop/packages/framework/tests/Unit/FeaturedImageUnitTest.php" line="70" class="Hyde\Framework\Testing\Unit\FeaturedImageUnitTest" classname="Hyde.Framework.Testing.Unit.FeaturedImageUnitTest" assertions="2" time="0.001604"/>
        <testcase name="testHasTitleText" file="/home/runner/work/develop/develop/packages/framework/tests/Unit/FeaturedImageUnitTest.php" line="76" class="Hyde\Framework\Testing\Unit\FeaturedImageUnitTest" classname="Hyde.Framework.Testing.Unit.FeaturedImageUnitTest" assertions="2" time="0.001577"/>
        <testcase name="testHasAuthorName" file="/home/runner/work/develop/develop/packages/framework/tests/Unit/FeaturedImageUnitTest.php" line="82" class="Hyde\Framework\Testing\Unit\FeaturedImageUnitTest" classname="Hyde.Framework.Testing.Unit.FeaturedImageUnitTest" assertions="2" time="0.001590"/>
        <testcase name="testHasAuthorUrl" file="/home/runner/work/develop/develop/packages/framework/tests/Unit/FeaturedImageUnitTest.php" line="88" class="Hyde\Framework\Testing\Unit\FeaturedImageUnitTest" classname="Hyde.Framework.Testing.Unit.FeaturedImageUnitTest" assertions="2" time="0.001604"/>
        <testcase name="testHasCopyrightText" file="/home/runner/work/develop/develop/packages/framework/tests/Unit/FeaturedImageUnitTest.php" line="94" class="Hyde\Framework\Testing\Unit\FeaturedImageUnitTest" classname="Hyde.Framework.Testing.Unit.FeaturedImageUnitTest" assertions="2" time="0.001678"/>
        <testcase name="testHasLicenseName" file="/home/runner/work/develop/develop/packages/framework/tests/Unit/FeaturedImageUnitTest.php" line="100" class="Hyde\Framework\Testing\Unit\FeaturedImageUnitTest" classname="Hyde.Framework.Testing.Unit.FeaturedImageUnitTest" assertions="2" time="0.001582"/>
        <testcase name="testHasLicenseUrl" file="/home/runner/work/develop/develop/packages/framework/tests/Unit/FeaturedImageUnitTest.php" line="106" class="Hyde\Framework\Testing\Unit\FeaturedImageUnitTest" classname="Hyde.Framework.Testing.Unit.FeaturedImageUnitTest" assertions="2" time="0.001581"/>
        <testcase name="testGetType" file="/home/runner/work/develop/develop/packages/framework/tests/Unit/FeaturedImageUnitTest.php" line="112" class="Hyde\Framework\Testing\Unit\FeaturedImageUnitTest" classname="Hyde.Framework.Testing.Unit.FeaturedImageUnitTest" assertions="2" time="0.001593"/>
        <testcase name="testGetContentLength" file="/home/runner/work/develop/develop/packages/framework/tests/Unit/FeaturedImageUnitTest.php" line="118" class="Hyde\Framework\Testing\Unit\FeaturedImageUnitTest" classname="Hyde.Framework.Testing.Unit.FeaturedImageUnitTest" assertions="2" time="0.001615"/>
        <testcase name="testFeaturedImageGetContentLengthWithNoSource" file="/home/runner/work/develop/develop/packages/framework/tests/Unit/FeaturedImageUnitTest.php" line="124" class="Hyde\Framework\Testing\Unit\FeaturedImageUnitTest" classname="Hyde.Framework.Testing.Unit.FeaturedImageUnitTest" assertions="2" time="0.001931"/>
        <testcase name="testCanConstructFeaturedImageWithRemoteSource" file="/home/runner/work/develop/develop/packages/framework/tests/Unit/FeaturedImageUnitTest.php" line="133" class="Hyde\Framework\Testing\Unit\FeaturedImageUnitTest" classname="Hyde.Framework.Testing.Unit.FeaturedImageUnitTest" assertions="2" time="0.001562"/>
        <testcase name="testCanConstructFeaturedImageWithHttps" file="/home/runner/work/develop/develop/packages/framework/tests/Unit/FeaturedImageUnitTest.php" line="141" class="Hyde\Framework\Testing\Unit\FeaturedImageUnitTest" classname="Hyde.Framework.Testing.Unit.FeaturedImageUnitTest" assertions="2" time="0.001548"/>
      </testsuite>
      <testsuite name="Hyde\Framework\Testing\Unit\FileConflictExceptionTest" file="/home/runner/work/develop/develop/packages/framework/tests/Unit/FileConflictExceptionTest.php" tests="6" assertions="6" errors="0" failures="0" skipped="0" time="0.009534">
        <testcase name="testItCanBeInstantiated" file="/home/runner/work/develop/develop/packages/framework/tests/Unit/FileConflictExceptionTest.php" line="16" class="Hyde\Framework\Testing\Unit\FileConflictExceptionTest" classname="Hyde.Framework.Testing.Unit.FileConflictExceptionTest" assertions="1" time="0.001828"/>
        <testcase name="testItCanBeThrown" file="/home/runner/work/develop/develop/packages/framework/tests/Unit/FileConflictExceptionTest.php" line="21" class="Hyde\Framework\Testing\Unit\FileConflictExceptionTest" classname="Hyde.Framework.Testing.Unit.FileConflictExceptionTest" assertions="1" time="0.001429"/>
        <testcase name="testExceptionCode" file="/home/runner/work/develop/develop/packages/framework/tests/Unit/FileConflictExceptionTest.php" line="28" class="Hyde\Framework\Testing\Unit\FileConflictExceptionTest" classname="Hyde.Framework.Testing.Unit.FileConflictExceptionTest" assertions="1" time="0.001387"/>
        <testcase name="testExceptionMessage" file="/home/runner/work/develop/develop/packages/framework/tests/Unit/FileConflictExceptionTest.php" line="33" class="Hyde\Framework\Testing\Unit\FileConflictExceptionTest" classname="Hyde.Framework.Testing.Unit.FileConflictExceptionTest" assertions="1" time="0.001392"/>
        <testcase name="testExceptionMessageWithPath" file="/home/runner/work/develop/develop/packages/framework/tests/Unit/FileConflictExceptionTest.php" line="38" class="Hyde\Framework\Testing\Unit\FileConflictExceptionTest" classname="Hyde.Framework.Testing.Unit.FileConflictExceptionTest" assertions="1" time="0.001757"/>
        <testcase name="testExceptionMessageWithAbsolutePath" file="/home/runner/work/develop/develop/packages/framework/tests/Unit/FileConflictExceptionTest.php" line="44" class="Hyde\Framework\Testing\Unit\FileConflictExceptionTest" classname="Hyde.Framework.Testing.Unit.FileConflictExceptionTest" assertions="1" time="0.001741"/>
      </testsuite>
      <testsuite name="Hyde\Framework\Testing\Unit\Foundation\HyperlinkFileHelperRelativeLinkTest" file="/home/runner/work/develop/develop/packages/framework/tests/Unit/Foundation/HyperlinkFileHelperRelativeLinkTest.php" tests="16" assertions="29" errors="0" failures="0" skipped="0" time="0.032584">
        <testcase name="testHelperReturnsStringAsIsIfCurrentIsNotSet" file="/home/runner/work/develop/develop/packages/framework/tests/Unit/Foundation/HyperlinkFileHelperRelativeLinkTest.php" line="32" class="Hyde\Framework\Testing\Unit\Foundation\HyperlinkFileHelperRelativeLinkTest" classname="Hyde.Framework.Testing.Unit.Foundation.HyperlinkFileHelperRelativeLinkTest" assertions="1" time="0.002273"/>
        <testcase name="testHelperInjectsProperNumberOfDoublesSlash" file="/home/runner/work/develop/develop/packages/framework/tests/Unit/Foundation/HyperlinkFileHelperRelativeLinkTest.php" line="37" class="Hyde\Framework\Testing\Unit\Foundation\HyperlinkFileHelperRelativeLinkTest" classname="Hyde.Framework.Testing.Unit.Foundation.HyperlinkFileHelperRelativeLinkTest" assertions="1" time="0.001908"/>
        <testcase name="testHelperInjectsProperNumberOfDoublesSlashForDeeplyNestedPaths" file="/home/runner/work/develop/develop/packages/framework/tests/Unit/Foundation/HyperlinkFileHelperRelativeLinkTest.php" line="43" class="Hyde\Framework\Testing\Unit\Foundation\HyperlinkFileHelperRelativeLinkTest" classname="Hyde.Framework.Testing.Unit.Foundation.HyperlinkFileHelperRelativeLinkTest" assertions="1" time="0.001839"/>
        <testcase name="testHelperHandlesDestinationWithoutFileExtension" file="/home/runner/work/develop/develop/packages/framework/tests/Unit/Foundation/HyperlinkFileHelperRelativeLinkTest.php" line="49" class="Hyde\Framework\Testing\Unit\Foundation\HyperlinkFileHelperRelativeLinkTest" classname="Hyde.Framework.Testing.Unit.Foundation.HyperlinkFileHelperRelativeLinkTest" assertions="1" time="0.001794"/>
        <testcase name="testHelperHandlesCurrentWithoutFileExtension" file="/home/runner/work/develop/develop/packages/framework/tests/Unit/Foundation/HyperlinkFileHelperRelativeLinkTest.php" line="55" class="Hyde\Framework\Testing\Unit\Foundation\HyperlinkFileHelperRelativeLinkTest" classname="Hyde.Framework.Testing.Unit.Foundation.HyperlinkFileHelperRelativeLinkTest" assertions="1" time="0.001838"/>
        <testcase name="testHelperHandlesCaseWithoutAnyFileExtensions" file="/home/runner/work/develop/develop/packages/framework/tests/Unit/Foundation/HyperlinkFileHelperRelativeLinkTest.php" line="61" class="Hyde\Framework\Testing\Unit\Foundation\HyperlinkFileHelperRelativeLinkTest" classname="Hyde.Framework.Testing.Unit.Foundation.HyperlinkFileHelperRelativeLinkTest" assertions="1" time="0.001825"/>
        <testcase name="testHelperHandlesCaseWithMixedFileExtensions" file="/home/runner/work/develop/develop/packages/framework/tests/Unit/Foundation/HyperlinkFileHelperRelativeLinkTest.php" line="67" class="Hyde\Framework\Testing\Unit\Foundation\HyperlinkFileHelperRelativeLinkTest" classname="Hyde.Framework.Testing.Unit.Foundation.HyperlinkFileHelperRelativeLinkTest" assertions="2" time="0.002013"/>
        <testcase name="testHelperHandlesDifferentFileExtensions" file="/home/runner/work/develop/develop/packages/framework/tests/Unit/Foundation/HyperlinkFileHelperRelativeLinkTest.php" line="75" class="Hyde\Framework\Testing\Unit\Foundation\HyperlinkFileHelperRelativeLinkTest" classname="Hyde.Framework.Testing.Unit.Foundation.HyperlinkFileHelperRelativeLinkTest" assertions="3" time="0.002048"/>
        <testcase name="testHelperReturnsPrettyUrlIfEnabledAndDestinationIsAHtmlFile" file="/home/runner/work/develop/develop/packages/framework/tests/Unit/Foundation/HyperlinkFileHelperRelativeLinkTest.php" line="83" class="Hyde\Framework\Testing\Unit\Foundation\HyperlinkFileHelperRelativeLinkTest" classname="Hyde.Framework.Testing.Unit.Foundation.HyperlinkFileHelperRelativeLinkTest" assertions="1" time="0.001928"/>
        <testcase name="testHelperMethodDoesNotRequireCurrentPathToBeHtmlToUsePrettyUrls" file="/home/runner/work/develop/develop/packages/framework/tests/Unit/Foundation/HyperlinkFileHelperRelativeLinkTest.php" line="90" class="Hyde\Framework\Testing\Unit\Foundation\HyperlinkFileHelperRelativeLinkTest" classname="Hyde.Framework.Testing.Unit.Foundation.HyperlinkFileHelperRelativeLinkTest" assertions="1" time="0.001917"/>
        <testcase name="testHelperReturnsDoesNotReturnPrettyUrlIfWhenEnabledButAndDestinationIsNotAHtmlFile" file="/home/runner/work/develop/develop/packages/framework/tests/Unit/Foundation/HyperlinkFileHelperRelativeLinkTest.php" line="97" class="Hyde\Framework\Testing\Unit\Foundation\HyperlinkFileHelperRelativeLinkTest" classname="Hyde.Framework.Testing.Unit.Foundation.HyperlinkFileHelperRelativeLinkTest" assertions="1" time="0.001996"/>
        <testcase name="testHelperRewritesIndexWhenUsingPrettyUrls" file="/home/runner/work/develop/develop/packages/framework/tests/Unit/Foundation/HyperlinkFileHelperRelativeLinkTest.php" line="104" class="Hyde\Framework\Testing\Unit\Foundation\HyperlinkFileHelperRelativeLinkTest" classname="Hyde.Framework.Testing.Unit.Foundation.HyperlinkFileHelperRelativeLinkTest" assertions="3" time="0.002254"/>
        <testcase name="testHelperDoesNotRewriteIndexWhenNotUsingPrettyUrls" file="/home/runner/work/develop/develop/packages/framework/tests/Unit/Foundation/HyperlinkFileHelperRelativeLinkTest.php" line="115" class="Hyde\Framework\Testing\Unit\Foundation\HyperlinkFileHelperRelativeLinkTest" classname="Hyde.Framework.Testing.Unit.Foundation.HyperlinkFileHelperRelativeLinkTest" assertions="3" time="0.002274"/>
        <testcase name="testHelperRewritesDocumentationPageIndexWhenUsingPrettyUrls" file="/home/runner/work/develop/develop/packages/framework/tests/Unit/Foundation/HyperlinkFileHelperRelativeLinkTest.php" line="126" class="Hyde\Framework\Testing\Unit\Foundation\HyperlinkFileHelperRelativeLinkTest" classname="Hyde.Framework.Testing.Unit.Foundation.HyperlinkFileHelperRelativeLinkTest" assertions="4" time="0.002525"/>
        <testcase name="testHelperDoesNotRewriteDocumentationPageIndexWhenNotUsingPrettyUrls" file="/home/runner/work/develop/develop/packages/framework/tests/Unit/Foundation/HyperlinkFileHelperRelativeLinkTest.php" line="139" class="Hyde\Framework\Testing\Unit\Foundation\HyperlinkFileHelperRelativeLinkTest" classname="Hyde.Framework.Testing.Unit.Foundation.HyperlinkFileHelperRelativeLinkTest" assertions="4" time="0.002546"/>
        <testcase name="testHelperDoesNotRewriteAlreadyProcessedLinks" file="/home/runner/work/develop/develop/packages/framework/tests/Unit/Foundation/HyperlinkFileHelperRelativeLinkTest.php" line="152" class="Hyde\Framework\Testing\Unit\Foundation\HyperlinkFileHelperRelativeLinkTest" classname="Hyde.Framework.Testing.Unit.Foundation.HyperlinkFileHelperRelativeLinkTest" assertions="1" time="0.001605"/>
      </testsuite>
      <testsuite name="Hyde\Framework\Testing\Unit\Foundation\HyperlinkFormatHtmlPathTest" file="/home/runner/work/develop/develop/packages/framework/tests/Unit/Foundation/HyperlinkFormatHtmlPathTest.php" tests="14" assertions="14" errors="0" failures="0" skipped="0" time="0.025862">
        <testcase name="testHelperReturnsStringAsIsIfPrettyUrlsIsNotTrue" file="/home/runner/work/develop/develop/packages/framework/tests/Unit/Foundation/HyperlinkFormatHtmlPathTest.php" line="21" class="Hyde\Framework\Testing\Unit\Foundation\HyperlinkFormatHtmlPathTest" classname="Hyde.Framework.Testing.Unit.Foundation.HyperlinkFormatHtmlPathTest" assertions="1" time="0.002608"/>
        <testcase name="testHelperReturnsPrettyUrlIfPrettyUrlsIsTrue" file="/home/runner/work/develop/develop/packages/framework/tests/Unit/Foundation/HyperlinkFormatHtmlPathTest.php" line="28" class="Hyde\Framework\Testing\Unit\Foundation\HyperlinkFormatHtmlPathTest" classname="Hyde.Framework.Testing.Unit.Foundation.HyperlinkFormatHtmlPathTest" assertions="1" time="0.001916"/>
        <testcase name="testHelperRespectsAbsoluteUrls" file="/home/runner/work/develop/develop/packages/framework/tests/Unit/Foundation/HyperlinkFormatHtmlPathTest.php" line="35" class="Hyde\Framework\Testing\Unit\Foundation\HyperlinkFormatHtmlPathTest" classname="Hyde.Framework.Testing.Unit.Foundation.HyperlinkFormatHtmlPathTest" assertions="1" time="0.001795"/>
        <testcase name="testHelperRespectsPrettyAbsoluteUrls" file="/home/runner/work/develop/develop/packages/framework/tests/Unit/Foundation/HyperlinkFormatHtmlPathTest.php" line="41" class="Hyde\Framework\Testing\Unit\Foundation\HyperlinkFormatHtmlPathTest" classname="Hyde.Framework.Testing.Unit.Foundation.HyperlinkFormatHtmlPathTest" assertions="1" time="0.001770"/>
        <testcase name="testHelperRespectsRelativeUrls" file="/home/runner/work/develop/develop/packages/framework/tests/Unit/Foundation/HyperlinkFormatHtmlPathTest.php" line="47" class="Hyde\Framework\Testing\Unit\Foundation\HyperlinkFormatHtmlPathTest" classname="Hyde.Framework.Testing.Unit.Foundation.HyperlinkFormatHtmlPathTest" assertions="1" time="0.001740"/>
        <testcase name="testHelperRespectsPrettyRelativeUrls" file="/home/runner/work/develop/develop/packages/framework/tests/Unit/Foundation/HyperlinkFormatHtmlPathTest.php" line="53" class="Hyde\Framework\Testing\Unit\Foundation\HyperlinkFormatHtmlPathTest" classname="Hyde.Framework.Testing.Unit.Foundation.HyperlinkFormatHtmlPathTest" assertions="1" time="0.001724"/>
        <testcase name="testNonHtmlLinksAreNotModified" file="/home/runner/work/develop/develop/packages/framework/tests/Unit/Foundation/HyperlinkFormatHtmlPathTest.php" line="59" class="Hyde\Framework\Testing\Unit\Foundation\HyperlinkFormatHtmlPathTest" classname="Hyde.Framework.Testing.Unit.Foundation.HyperlinkFormatHtmlPathTest" assertions="1" time="0.001923"/>
        <testcase name="testHelperRespectsAbsoluteUrlsWithPrettyUrlsEnabled" file="/home/runner/work/develop/develop/packages/framework/tests/Unit/Foundation/HyperlinkFormatHtmlPathTest.php" line="65" class="Hyde\Framework\Testing\Unit\Foundation\HyperlinkFormatHtmlPathTest" classname="Hyde.Framework.Testing.Unit.Foundation.HyperlinkFormatHtmlPathTest" assertions="1" time="0.001858"/>
        <testcase name="testHelperRewritesIndexWhenUsingPrettyUrls" file="/home/runner/work/develop/develop/packages/framework/tests/Unit/Foundation/HyperlinkFormatHtmlPathTest.php" line="71" class="Hyde\Framework\Testing\Unit\Foundation\HyperlinkFormatHtmlPathTest" classname="Hyde.Framework.Testing.Unit.Foundation.HyperlinkFormatHtmlPathTest" assertions="1" time="0.001777"/>
        <testcase name="testHelperDoesNotRewriteIndexWhenNotUsingPrettyUrls" file="/home/runner/work/develop/develop/packages/framework/tests/Unit/Foundation/HyperlinkFormatHtmlPathTest.php" line="77" class="Hyde\Framework\Testing\Unit\Foundation\HyperlinkFormatHtmlPathTest" classname="Hyde.Framework.Testing.Unit.Foundation.HyperlinkFormatHtmlPathTest" assertions="1" time="0.001740"/>
        <testcase name="testHelperRewritesDocumentationPageIndexWhenUsingPrettyUrls" file="/home/runner/work/develop/develop/packages/framework/tests/Unit/Foundation/HyperlinkFormatHtmlPathTest.php" line="83" class="Hyde\Framework\Testing\Unit\Foundation\HyperlinkFormatHtmlPathTest" classname="Hyde.Framework.Testing.Unit.Foundation.HyperlinkFormatHtmlPathTest" assertions="1" time="0.001761"/>
        <testcase name="testHelperDoesNotRewriteDocumentationPageIndexWhenNotUsingPrettyUrls" file="/home/runner/work/develop/develop/packages/framework/tests/Unit/Foundation/HyperlinkFormatHtmlPathTest.php" line="89" class="Hyde\Framework\Testing\Unit\Foundation\HyperlinkFormatHtmlPathTest" classname="Hyde.Framework.Testing.Unit.Foundation.HyperlinkFormatHtmlPathTest" assertions="1" time="0.001780"/>
        <testcase name="testHelpersRewritesArbitraryNestedIndexPagesWhenUsingPrettyUrls" file="/home/runner/work/develop/develop/packages/framework/tests/Unit/Foundation/HyperlinkFormatHtmlPathTest.php" line="95" class="Hyde\Framework\Testing\Unit\Foundation\HyperlinkFormatHtmlPathTest" classname="Hyde.Framework.Testing.Unit.Foundation.HyperlinkFormatHtmlPathTest" assertions="1" time="0.001739"/>
        <testcase name="testHelpersDoesNotRewriteArbitraryNestedIndexPagesWhenNotUsingPrettyUrls" file="/home/runner/work/develop/develop/packages/framework/tests/Unit/Foundation/HyperlinkFormatHtmlPathTest.php" line="101" class="Hyde\Framework\Testing\Unit\Foundation\HyperlinkFormatHtmlPathTest" classname="Hyde.Framework.Testing.Unit.Foundation.HyperlinkFormatHtmlPathTest" assertions="1" time="0.001730"/>
      </testsuite>
      <testsuite name="Hyde\Framework\Testing\Unit\Foundation\HyperlinksUrlPathHelpersTest" file="/home/runner/work/develop/develop/packages/framework/tests/Unit/Foundation/HyperlinksUrlPathHelpersTest.php" tests="11" assertions="16" errors="0" failures="0" skipped="0" time="0.042090">
        <testcase name="testHasSiteUrlReturnsFalseWhenNoSiteUrlIsSet" file="/home/runner/work/develop/develop/packages/framework/tests/Unit/Foundation/HyperlinksUrlPathHelpersTest.php" line="27" class="Hyde\Framework\Testing\Unit\Foundation\HyperlinksUrlPathHelpersTest" classname="Hyde.Framework.Testing.Unit.Foundation.HyperlinksUrlPathHelpersTest" assertions="1" time="0.004029"/>
        <testcase name="testHasSiteUrlReturnsTrueWhenSiteUrlIsSet" file="/home/runner/work/develop/develop/packages/framework/tests/Unit/Foundation/HyperlinksUrlPathHelpersTest.php" line="33" class="Hyde\Framework\Testing\Unit\Foundation\HyperlinksUrlPathHelpersTest" classname="Hyde.Framework.Testing.Unit.Foundation.HyperlinksUrlPathHelpersTest" assertions="1" time="0.003458"/>
        <testcase name="testQualifiedUrlReturnsSiteUrlWhenNoPathIsGiven" file="/home/runner/work/develop/develop/packages/framework/tests/Unit/Foundation/HyperlinksUrlPathHelpersTest.php" line="39" class="Hyde\Framework\Testing\Unit\Foundation\HyperlinksUrlPathHelpersTest" classname="Hyde.Framework.Testing.Unit.Foundation.HyperlinksUrlPathHelpersTest" assertions="1" time="0.003447"/>
        <testcase name="testQualifiedUrlReturnsSiteUrlPlusGivenPath" file="/home/runner/work/develop/develop/packages/framework/tests/Unit/Foundation/HyperlinksUrlPathHelpersTest.php" line="45" class="Hyde\Framework\Testing\Unit\Foundation\HyperlinksUrlPathHelpersTest" classname="Hyde.Framework.Testing.Unit.Foundation.HyperlinksUrlPathHelpersTest" assertions="1" time="0.003491"/>
        <testcase name="testQualifiedUrlReturnsSiteUrlPlusGivenPathWithExtension" file="/home/runner/work/develop/develop/packages/framework/tests/Unit/Foundation/HyperlinksUrlPathHelpersTest.php" line="51" class="Hyde\Framework\Testing\Unit\Foundation\HyperlinksUrlPathHelpersTest" classname="Hyde.Framework.Testing.Unit.Foundation.HyperlinksUrlPathHelpersTest" assertions="1" time="0.003500"/>
        <testcase name="testQualifiedUrlReturnsSiteUrlPlusGivenPathWithExtensionAndQueryString" file="/home/runner/work/develop/develop/packages/framework/tests/Unit/Foundation/HyperlinksUrlPathHelpersTest.php" line="57" class="Hyde\Framework\Testing\Unit\Foundation\HyperlinksUrlPathHelpersTest" classname="Hyde.Framework.Testing.Unit.Foundation.HyperlinksUrlPathHelpersTest" assertions="1" time="0.003446"/>
        <testcase name="testQualifiedUrlTrimsTrailingSlashes" file="/home/runner/work/develop/develop/packages/framework/tests/Unit/Foundation/HyperlinksUrlPathHelpersTest.php" line="63" class="Hyde\Framework\Testing\Unit\Foundation\HyperlinksUrlPathHelpersTest" classname="Hyde.Framework.Testing.Unit.Foundation.HyperlinksUrlPathHelpersTest" assertions="3" time="0.004029"/>
        <testcase name="testQualifiedUrlAcceptsMultipleSchemes" file="/home/runner/work/develop/develop/packages/framework/tests/Unit/Foundation/HyperlinksUrlPathHelpersTest.php" line="71" class="Hyde\Framework\Testing\Unit\Foundation\HyperlinksUrlPathHelpersTest" classname="Hyde.Framework.Testing.Unit.Foundation.HyperlinksUrlPathHelpersTest" assertions="1" time="0.004054"/>
        <testcase name="testQualifiedUrlThrowsExceptionWhenNoSiteUrlIsSet" file="/home/runner/work/develop/develop/packages/framework/tests/Unit/Foundation/HyperlinksUrlPathHelpersTest.php" line="77" class="Hyde\Framework\Testing\Unit\Foundation\HyperlinksUrlPathHelpersTest" classname="Hyde.Framework.Testing.Unit.Foundation.HyperlinksUrlPathHelpersTest" assertions="2" time="0.004093"/>
        <testcase name="testHelperReturnsExpectedStringWhenSiteUrlIsSet" file="/home/runner/work/develop/develop/packages/framework/tests/Unit/Foundation/HyperlinksUrlPathHelpersTest.php" line="85" class="Hyde\Framework\Testing\Unit\Foundation\HyperlinksUrlPathHelpersTest" classname="Hyde.Framework.Testing.Unit.Foundation.HyperlinksUrlPathHelpersTest" assertions="1" time="0.003878"/>
        <testcase name="testHelperReturnsExpectedStringWhenPrettyUrlsAreEnabled" file="/home/runner/work/develop/develop/packages/framework/tests/Unit/Foundation/HyperlinksUrlPathHelpersTest.php" line="91" class="Hyde\Framework\Testing\Unit\Foundation\HyperlinksUrlPathHelpersTest" classname="Hyde.Framework.Testing.Unit.Foundation.HyperlinksUrlPathHelpersTest" assertions="3" time="0.004665"/>
      </testsuite>
      <testsuite name="Hyde\Framework\Testing\Unit\FoundationFacadesTest" file="/home/runner/work/develop/develop/packages/framework/tests/Unit/FoundationFacadesTest.php" tests="6" assertions="6" errors="0" failures="0" skipped="0" time="0.015195">
        <testcase name="testFilesFacade" file="/home/runner/work/develop/develop/packages/framework/tests/Unit/FoundationFacadesTest.php" line="29" class="Hyde\Framework\Testing\Unit\FoundationFacadesTest" classname="Hyde.Framework.Testing.Unit.FoundationFacadesTest" assertions="1" time="0.006747"/>
        <testcase name="testPagesFacade" file="/home/runner/work/develop/develop/packages/framework/tests/Unit/FoundationFacadesTest.php" line="34" class="Hyde\Framework\Testing\Unit\FoundationFacadesTest" classname="Hyde.Framework.Testing.Unit.FoundationFacadesTest" assertions="1" time="0.001788"/>
        <testcase name="testRoutesFacade" file="/home/runner/work/develop/develop/packages/framework/tests/Unit/FoundationFacadesTest.php" line="39" class="Hyde\Framework\Testing\Unit\FoundationFacadesTest" classname="Hyde.Framework.Testing.Unit.FoundationFacadesTest" assertions="1" time="0.001666"/>
        <testcase name="testFilesFacadeUsesKernelInstance" file="/home/runner/work/develop/develop/packages/framework/tests/Unit/FoundationFacadesTest.php" line="44" class="Hyde\Framework\Testing\Unit\FoundationFacadesTest" classname="Hyde.Framework.Testing.Unit.FoundationFacadesTest" assertions="1" time="0.001687"/>
        <testcase name="testPagesFacadeUsesKernelInstance" file="/home/runner/work/develop/develop/packages/framework/tests/Unit/FoundationFacadesTest.php" line="49" class="Hyde\Framework\Testing\Unit\FoundationFacadesTest" classname="Hyde.Framework.Testing.Unit.FoundationFacadesTest" assertions="1" time="0.001660"/>
        <testcase name="testRoutesFacadeUsesKernelInstance" file="/home/runner/work/develop/develop/packages/framework/tests/Unit/FoundationFacadesTest.php" line="54" class="Hyde\Framework\Testing\Unit\FoundationFacadesTest" classname="Hyde.Framework.Testing.Unit.FoundationFacadesTest" assertions="1" time="0.001647"/>
      </testsuite>
      <testsuite name="Hyde\Framework\Testing\Unit\FrontMatterModelTest" file="/home/runner/work/develop/develop/packages/framework/tests/Unit/FrontMatterModelTest.php" tests="17" assertions="18" errors="0" failures="0" skipped="0" time="0.026058">
        <testcase name="testConstructorCreatesNewFrontMatterModel" file="/home/runner/work/develop/develop/packages/framework/tests/Unit/FrontMatterModelTest.php" line="15" class="Hyde\Framework\Testing\Unit\FrontMatterModelTest" classname="Hyde.Framework.Testing.Unit.FrontMatterModelTest" assertions="1" time="0.001916"/>
        <testcase name="testConstructorArgumentsAreOptional" file="/home/runner/work/develop/develop/packages/framework/tests/Unit/FrontMatterModelTest.php" line="20" class="Hyde\Framework\Testing\Unit\FrontMatterModelTest" classname="Hyde.Framework.Testing.Unit.FrontMatterModelTest" assertions="1" time="0.001514"/>
        <testcase name="testConstructorArgumentsAreAssigned" file="/home/runner/work/develop/develop/packages/framework/tests/Unit/FrontMatterModelTest.php" line="25" class="Hyde\Framework\Testing\Unit\FrontMatterModelTest" classname="Hyde.Framework.Testing.Unit.FrontMatterModelTest" assertions="1" time="0.001515"/>
        <testcase name="testStaticFromArrayMethodCreatesNewFrontMatterModel" file="/home/runner/work/develop/develop/packages/framework/tests/Unit/FrontMatterModelTest.php" line="30" class="Hyde\Framework\Testing\Unit\FrontMatterModelTest" classname="Hyde.Framework.Testing.Unit.FrontMatterModelTest" assertions="2" time="0.001628"/>
        <testcase name="testToStringMagicMethodConvertsModelArrayIntoYamlFrontMatter" file="/home/runner/work/develop/develop/packages/framework/tests/Unit/FrontMatterModelTest.php" line="37" class="Hyde\Framework\Testing\Unit\FrontMatterModelTest" classname="Hyde.Framework.Testing.Unit.FrontMatterModelTest" assertions="1" time="0.001598"/>
        <testcase name="testMagicGetMethodReturnsFrontMatterProperty" file="/home/runner/work/develop/develop/packages/framework/tests/Unit/FrontMatterModelTest.php" line="43" class="Hyde\Framework\Testing\Unit\FrontMatterModelTest" classname="Hyde.Framework.Testing.Unit.FrontMatterModelTest" assertions="1" time="0.001491"/>
        <testcase name="testMagicGetMethodReturnsNullIfPropertyDoesNotExist" file="/home/runner/work/develop/develop/packages/framework/tests/Unit/FrontMatterModelTest.php" line="48" class="Hyde\Framework\Testing\Unit\FrontMatterModelTest" classname="Hyde.Framework.Testing.Unit.FrontMatterModelTest" assertions="1" time="0.001500"/>
        <testcase name="testGetMethodReturnsDataWhenNoArgumentIsSpecified" file="/home/runner/work/develop/develop/packages/framework/tests/Unit/FrontMatterModelTest.php" line="53" class="Hyde\Framework\Testing\Unit\FrontMatterModelTest" classname="Hyde.Framework.Testing.Unit.FrontMatterModelTest" assertions="1" time="0.001492"/>
        <testcase name="testGetMethodReturnsDataWhenNoArgumentIsSpecifiedWithData" file="/home/runner/work/develop/develop/packages/framework/tests/Unit/FrontMatterModelTest.php" line="58" class="Hyde\Framework\Testing\Unit\FrontMatterModelTest" classname="Hyde.Framework.Testing.Unit.FrontMatterModelTest" assertions="1" time="0.001520"/>
        <testcase name="testGetMethodReturnsNullIfSpecifiedFrontMatterKeyDoesNotExist" file="/home/runner/work/develop/develop/packages/framework/tests/Unit/FrontMatterModelTest.php" line="63" class="Hyde\Framework\Testing\Unit\FrontMatterModelTest" classname="Hyde.Framework.Testing.Unit.FrontMatterModelTest" assertions="1" time="0.001513"/>
        <testcase name="testGetMethodReturnsSpecifiedDefaultValueIfPropertyDoesNotExist" file="/home/runner/work/develop/develop/packages/framework/tests/Unit/FrontMatterModelTest.php" line="68" class="Hyde\Framework\Testing\Unit\FrontMatterModelTest" classname="Hyde.Framework.Testing.Unit.FrontMatterModelTest" assertions="1" time="0.001542"/>
        <testcase name="testGetMethodReturnsSpecifiedFrontMatterValueIfKeyIsSpecified" file="/home/runner/work/develop/develop/packages/framework/tests/Unit/FrontMatterModelTest.php" line="74" class="Hyde\Framework\Testing\Unit\FrontMatterModelTest" classname="Hyde.Framework.Testing.Unit.FrontMatterModelTest" assertions="1" time="0.001499"/>
        <testcase name="testSetMethodSetsFrontMatterProperty" file="/home/runner/work/develop/develop/packages/framework/tests/Unit/FrontMatterModelTest.php" line="79" class="Hyde\Framework\Testing\Unit\FrontMatterModelTest" classname="Hyde.Framework.Testing.Unit.FrontMatterModelTest" assertions="1" time="0.001477"/>
        <testcase name="testSetMethodReturnsSelf" file="/home/runner/work/develop/develop/packages/framework/tests/Unit/FrontMatterModelTest.php" line="84" class="Hyde\Framework\Testing\Unit\FrontMatterModelTest" classname="Hyde.Framework.Testing.Unit.FrontMatterModelTest" assertions="1" time="0.001422"/>
        <testcase name="testHasMethodReturnsTrueIfPropertyExists" file="/home/runner/work/develop/develop/packages/framework/tests/Unit/FrontMatterModelTest.php" line="90" class="Hyde\Framework\Testing\Unit\FrontMatterModelTest" classname="Hyde.Framework.Testing.Unit.FrontMatterModelTest" assertions="1" time="0.001439"/>
        <testcase name="testHasMethodReturnsFalseIfPropertyDoesNotExist" file="/home/runner/work/develop/develop/packages/framework/tests/Unit/FrontMatterModelTest.php" line="95" class="Hyde\Framework\Testing\Unit\FrontMatterModelTest" classname="Hyde.Framework.Testing.Unit.FrontMatterModelTest" assertions="1" time="0.001476"/>
        <testcase name="testToArrayReturnsFrontMatterArray" file="/home/runner/work/develop/develop/packages/framework/tests/Unit/FrontMatterModelTest.php" line="100" class="Hyde\Framework\Testing\Unit\FrontMatterModelTest" classname="Hyde.Framework.Testing.Unit.FrontMatterModelTest" assertions="1" time="0.001515"/>
      </testsuite>
      <testsuite name="Hyde\Framework\Testing\Unit\GenerateBuildManifestTest" file="/home/runner/work/develop/develop/packages/framework/tests/Unit/GenerateBuildManifestTest.php" tests="1" assertions="15" errors="0" failures="0" skipped="0" time="0.005557">
        <testcase name="testActionGeneratesBuildManifest" file="/home/runner/work/develop/develop/packages/framework/tests/Unit/GenerateBuildManifestTest.php" line="24" class="Hyde\Framework\Testing\Unit\GenerateBuildManifestTest" classname="Hyde.Framework.Testing.Unit.GenerateBuildManifestTest" assertions="15" time="0.005557"/>
      </testsuite>
      <testsuite name="Hyde\Framework\Testing\Unit\GetLatestMarkdownPostsTest" file="/home/runner/work/develop/develop/packages/framework/tests/Unit/GetLatestMarkdownPostsTest.php" tests="1" assertions="5" errors="0" failures="0" skipped="0" time="0.012185">
        <testcase name="testMarkdownPageGetLatestHelperReturnsSortedMarkdownPageCollection" file="/home/runner/work/develop/develop/packages/framework/tests/Unit/GetLatestMarkdownPostsTest.php" line="18" class="Hyde\Framework\Testing\Unit\GetLatestMarkdownPostsTest" classname="Hyde.Framework.Testing.Unit.GetLatestMarkdownPostsTest" assertions="5" time="0.012185"/>
      </testsuite>
      <testsuite name="Hyde\Framework\Testing\Unit\HasTableOfContentsTest" file="/home/runner/work/develop/develop/packages/framework/tests/Unit/HasTableOfContentsTest.php" tests="1" assertions="1" errors="0" failures="0" skipped="0" time="0.006824">
        <testcase name="testConstructorCreatesTableOfContentsString" file="/home/runner/work/develop/develop/packages/framework/tests/Unit/HasTableOfContentsTest.php" line="20" class="Hyde\Framework\Testing\Unit\HasTableOfContentsTest" classname="Hyde.Framework.Testing.Unit.HasTableOfContentsTest" assertions="1" time="0.006824"/>
      </testsuite>
      <testsuite name="Hyde\Framework\Testing\Unit\HydeBasePathCanBeChangedTest" file="/home/runner/work/develop/develop/packages/framework/tests/Unit/HydeBasePathCanBeChangedTest.php" tests="1" assertions="2" errors="0" failures="0" skipped="0" time="0.003959">
        <testcase name="testHydeBasePathCanBeChanged" file="/home/runner/work/develop/develop/packages/framework/tests/Unit/HydeBasePathCanBeChangedTest.php" line="37" class="Hyde\Framework\Testing\Unit\HydeBasePathCanBeChangedTest" classname="Hyde.Framework.Testing.Unit.HydeBasePathCanBeChangedTest" assertions="2" time="0.003959"/>
      </testsuite>
      <testsuite name="Hyde\Framework\Testing\Unit\HydeConfigFilesAreMatchingTest" file="/home/runner/work/develop/develop/packages/framework/tests/Unit/HydeConfigFilesAreMatchingTest.php" tests="3" assertions="0" errors="0" failures="0" skipped="3" time="0.000000">
        <testcase name="testHydeConfigFilesAreMatching" file="/home/runner/work/develop/develop/packages/framework/tests/Unit/HydeConfigFilesAreMatchingTest.php" line="26" class="Hyde\Framework\Testing\Unit\HydeConfigFilesAreMatchingTest" classname="Hyde.Framework.Testing.Unit.HydeConfigFilesAreMatchingTest" assertions="0" time="0.000000">
          <skipped/>
        </testcase>
        <testcase name="testDocsConfigFilesAreMatching" file="/home/runner/work/develop/develop/packages/framework/tests/Unit/HydeConfigFilesAreMatchingTest.php" line="34" class="Hyde\Framework\Testing\Unit\HydeConfigFilesAreMatchingTest" classname="Hyde.Framework.Testing.Unit.HydeConfigFilesAreMatchingTest" assertions="0" time="0.000000">
          <skipped/>
        </testcase>
        <testcase name="testMarkdownConfigFilesAreMatching" file="/home/runner/work/develop/develop/packages/framework/tests/Unit/HydeConfigFilesAreMatchingTest.php" line="42" class="Hyde\Framework\Testing\Unit\HydeConfigFilesAreMatchingTest" classname="Hyde.Framework.Testing.Unit.HydeConfigFilesAreMatchingTest" assertions="0" time="0.000000">
          <skipped/>
        </testcase>
      </testsuite>
      <testsuite name="Hyde\Framework\Testing\Unit\HydeFileHelpersTest" file="/home/runner/work/develop/develop/packages/framework/tests/Unit/HydeFileHelpersTest.php" tests="4" assertions="4" errors="0" failures="0" skipped="0" time="0.020889">
        <testcase name="testCurrentPageReturnsCurrentPageViewProperty" file="/home/runner/work/develop/develop/packages/framework/tests/Unit/HydeFileHelpersTest.php" line="17" class="Hyde\Framework\Testing\Unit\HydeFileHelpersTest" classname="Hyde.Framework.Testing.Unit.HydeFileHelpersTest" assertions="1" time="0.004405"/>
        <testcase name="testCurrentPageFallsBackToEmptyStringIfCurrentPageViewPropertyIsNotSet" file="/home/runner/work/develop/develop/packages/framework/tests/Unit/HydeFileHelpersTest.php" line="23" class="Hyde\Framework\Testing\Unit\HydeFileHelpersTest" classname="Hyde.Framework.Testing.Unit.HydeFileHelpersTest" assertions="1" time="0.003743"/>
        <testcase name="testCurrentRouteReturnsCurrentRouteViewProperty" file="/home/runner/work/develop/develop/packages/framework/tests/Unit/HydeFileHelpersTest.php" line="28" class="Hyde\Framework\Testing\Unit\HydeFileHelpersTest" classname="Hyde.Framework.Testing.Unit.HydeFileHelpersTest" assertions="1" time="0.008829"/>
        <testcase name="testCurrentRouteFallsBackToNullIfCurrentRouteViewPropertyIsNotSet" file="/home/runner/work/develop/develop/packages/framework/tests/Unit/HydeFileHelpersTest.php" line="34" class="Hyde\Framework\Testing\Unit\HydeFileHelpersTest" classname="Hyde.Framework.Testing.Unit.HydeFileHelpersTest" assertions="1" time="0.003913"/>
      </testsuite>
      <testsuite name="Hyde\Framework\Testing\Unit\HydeGetBasePathHasFallbackTest" file="/home/runner/work/develop/develop/packages/framework/tests/Unit/HydeGetBasePathHasFallbackTest.php" tests="1" assertions="1" errors="0" failures="0" skipped="0" time="0.003900">
        <testcase name="testHydeGetBasePathFallsBackToGetcwd" file="/home/runner/work/develop/develop/packages/framework/tests/Unit/HydeGetBasePathHasFallbackTest.php" line="17" class="Hyde\Framework\Testing\Unit\HydeGetBasePathHasFallbackTest" classname="Hyde.Framework.Testing.Unit.HydeGetBasePathHasFallbackTest" assertions="1" time="0.003900"/>
      </testsuite>
      <testsuite name="Hyde\Framework\Testing\Unit\HydeHelperFacadeMakeTitleTest" file="/home/runner/work/develop/develop/packages/framework/tests/Unit/HydeHelperFacadeMakeTitleTest.php" tests="9" assertions="13" errors="0" failures="0" skipped="0" time="0.014207">
        <testcase name="testMakeTitleHelperParsesKebabCaseIntoTitle" file="/home/runner/work/develop/develop/packages/framework/tests/Unit/HydeHelperFacadeMakeTitleTest.php" line="14" class="Hyde\Framework\Testing\Unit\HydeHelperFacadeMakeTitleTest" classname="Hyde.Framework.Testing.Unit.HydeHelperFacadeMakeTitleTest" assertions="1" time="0.001783"/>
        <testcase name="testMakeTitleHelperParsesSnakeCaseIntoTitle" file="/home/runner/work/develop/develop/packages/framework/tests/Unit/HydeHelperFacadeMakeTitleTest.php" line="19" class="Hyde\Framework\Testing\Unit\HydeHelperFacadeMakeTitleTest" classname="Hyde.Framework.Testing.Unit.HydeHelperFacadeMakeTitleTest" assertions="1" time="0.001567"/>
        <testcase name="testMakeTitleHelperParsesCamelCaseIntoTitle" file="/home/runner/work/develop/develop/packages/framework/tests/Unit/HydeHelperFacadeMakeTitleTest.php" line="24" class="Hyde\Framework\Testing\Unit\HydeHelperFacadeMakeTitleTest" classname="Hyde.Framework.Testing.Unit.HydeHelperFacadeMakeTitleTest" assertions="1" time="0.001522"/>
        <testcase name="testMakeTitleHelperParsesPascalCaseIntoTitle" file="/home/runner/work/develop/develop/packages/framework/tests/Unit/HydeHelperFacadeMakeTitleTest.php" line="29" class="Hyde\Framework\Testing\Unit\HydeHelperFacadeMakeTitleTest" classname="Hyde.Framework.Testing.Unit.HydeHelperFacadeMakeTitleTest" assertions="1" time="0.001539"/>
        <testcase name="testMakeTitleHelperParsesTitleCaseIntoTitle" file="/home/runner/work/develop/develop/packages/framework/tests/Unit/HydeHelperFacadeMakeTitleTest.php" line="34" class="Hyde\Framework\Testing\Unit\HydeHelperFacadeMakeTitleTest" classname="Hyde.Framework.Testing.Unit.HydeHelperFacadeMakeTitleTest" assertions="1" time="0.001490"/>
        <testcase name="testMakeTitleHelperParsesTitleCaseWithSpacesIntoTitle" file="/home/runner/work/develop/develop/packages/framework/tests/Unit/HydeHelperFacadeMakeTitleTest.php" line="39" class="Hyde\Framework\Testing\Unit\HydeHelperFacadeMakeTitleTest" classname="Hyde.Framework.Testing.Unit.HydeHelperFacadeMakeTitleTest" assertions="1" time="0.001492"/>
        <testcase name="testMakeTitleHelperDoesNotCapitalizeAuxiliaryWords" file="/home/runner/work/develop/develop/packages/framework/tests/Unit/HydeHelperFacadeMakeTitleTest.php" line="44" class="Hyde\Framework\Testing\Unit\HydeHelperFacadeMakeTitleTest" classname="Hyde.Framework.Testing.Unit.HydeHelperFacadeMakeTitleTest" assertions="1" time="0.001521"/>
        <testcase name="testMakeTitleHelperDoesNotModifyOnlyUppercaseInput" file="/home/runner/work/develop/develop/packages/framework/tests/Unit/HydeHelperFacadeMakeTitleTest.php" line="50" class="Hyde\Framework\Testing\Unit\HydeHelperFacadeMakeTitleTest" classname="Hyde.Framework.Testing.Unit.HydeHelperFacadeMakeTitleTest" assertions="3" time="0.001622"/>
        <testcase name="testMakeTitleHelperModifiesPartiallyUppercaseInput" file="/home/runner/work/develop/develop/packages/framework/tests/Unit/HydeHelperFacadeMakeTitleTest.php" line="57" class="Hyde\Framework\Testing\Unit\HydeHelperFacadeMakeTitleTest" classname="Hyde.Framework.Testing.Unit.HydeHelperFacadeMakeTitleTest" assertions="3" time="0.001671"/>
      </testsuite>
      <testsuite name="Hyde\Framework\Testing\Unit\HydeHelperFacadeTest" file="/home/runner/work/develop/develop/packages/framework/tests/Unit/HydeHelperFacadeTest.php" tests="3" assertions="3" errors="0" failures="0" skipped="0" time="0.011972">
        <testcase name="testFeaturesFacadeReturnsInstanceOfFeaturesClass" file="/home/runner/work/develop/develop/packages/framework/tests/Unit/HydeHelperFacadeTest.php" line="16" class="Hyde\Framework\Testing\Unit\HydeHelperFacadeTest" classname="Hyde.Framework.Testing.Unit.HydeHelperFacadeTest" assertions="1" time="0.004246"/>
        <testcase name="testFeaturesFacadeCanBeUsedToCallStaticMethodsOnFeaturesClass" file="/home/runner/work/develop/develop/packages/framework/tests/Unit/HydeHelperFacadeTest.php" line="24" class="Hyde\Framework\Testing\Unit\HydeHelperFacadeTest" classname="Hyde.Framework.Testing.Unit.HydeHelperFacadeTest" assertions="1" time="0.003927"/>
        <testcase name="testHydeHasFeatureShorthandCallsStaticMethodOnFeaturesClass" file="/home/runner/work/develop/develop/packages/framework/tests/Unit/HydeHelperFacadeTest.php" line="31" class="Hyde\Framework\Testing\Unit\HydeHelperFacadeTest" classname="Hyde.Framework.Testing.Unit.HydeHelperFacadeTest" assertions="1" time="0.003799"/>
      </testsuite>
      <testsuite name="Hyde\Framework\Testing\Unit\HydePageDataFactoryTest" file="/home/runner/work/develop/develop/packages/framework/tests/Unit/HydePageDataFactoryTest.php" tests="10" assertions="10" errors="0" failures="0" skipped="0" time="0.032528">
        <testcase name="testCanConstruct" file="/home/runner/work/develop/develop/packages/framework/tests/Unit/HydePageDataFactoryTest.php" line="32" class="Hyde\Framework\Testing\Unit\HydePageDataFactoryTest" classname="Hyde.Framework.Testing.Unit.HydePageDataFactoryTest" assertions="1" time="0.003449"/>
        <testcase name="testToArrayContainsExpectedKeys" file="/home/runner/work/develop/develop/packages/framework/tests/Unit/HydePageDataFactoryTest.php" line="37" class="Hyde\Framework\Testing\Unit\HydePageDataFactoryTest" classname="Hyde.Framework.Testing.Unit.HydePageDataFactoryTest" assertions="1" time="0.003252"/>
        <testcase name="testCanCreateTitleFromMatter" file="/home/runner/work/develop/develop/packages/framework/tests/Unit/HydePageDataFactoryTest.php" line="42" class="Hyde\Framework\Testing\Unit\HydePageDataFactoryTest" classname="Hyde.Framework.Testing.Unit.HydePageDataFactoryTest" assertions="1" time="0.003291"/>
        <testcase name="testCanCreateTitleFromMarkdown" file="/home/runner/work/develop/develop/packages/framework/tests/Unit/HydePageDataFactoryTest.php" line="47" class="Hyde\Framework\Testing\Unit\HydePageDataFactoryTest" classname="Hyde.Framework.Testing.Unit.HydePageDataFactoryTest" assertions="1" time="0.003179"/>
        <testcase name="testTitlePrefersMatter" file="/home/runner/work/develop/develop/packages/framework/tests/Unit/HydePageDataFactoryTest.php" line="52" class="Hyde\Framework\Testing\Unit\HydePageDataFactoryTest" classname="Hyde.Framework.Testing.Unit.HydePageDataFactoryTest" assertions="1" time="0.003115"/>
        <testcase name="testTitleFallsBackToIdentifier" file="/home/runner/work/develop/develop/packages/framework/tests/Unit/HydePageDataFactoryTest.php" line="57" class="Hyde\Framework\Testing\Unit\HydePageDataFactoryTest" classname="Hyde.Framework.Testing.Unit.HydePageDataFactoryTest" assertions="1" time="0.003244"/>
        <testcase name="testTitleFallsBackToIdentifierBasename" file="/home/runner/work/develop/develop/packages/framework/tests/Unit/HydePageDataFactoryTest.php" line="62" class="Hyde\Framework\Testing\Unit\HydePageDataFactoryTest" classname="Hyde.Framework.Testing.Unit.HydePageDataFactoryTest" assertions="1" time="0.003264"/>
        <testcase name="testIndexPageTitlesCanBeCreatedFromParentIdentifierBasename" file="/home/runner/work/develop/develop/packages/framework/tests/Unit/HydePageDataFactoryTest.php" line="67" class="Hyde\Framework\Testing\Unit\HydePageDataFactoryTest" classname="Hyde.Framework.Testing.Unit.HydePageDataFactoryTest" assertions="1" time="0.003308"/>
        <testcase name="testIndexPageTitlesCanBeCreatedFromNestedParentIdentifierBasename" file="/home/runner/work/develop/develop/packages/framework/tests/Unit/HydePageDataFactoryTest.php" line="72" class="Hyde\Framework\Testing\Unit\HydePageDataFactoryTest" classname="Hyde.Framework.Testing.Unit.HydePageDataFactoryTest" assertions="1" time="0.003316"/>
        <testcase name="testNavigationDataIsGeneratedByNavigationDataFactory" file="/home/runner/work/develop/develop/packages/framework/tests/Unit/HydePageDataFactoryTest.php" line="77" class="Hyde\Framework\Testing\Unit\HydePageDataFactoryTest" classname="Hyde.Framework.Testing.Unit.HydePageDataFactoryTest" assertions="1" time="0.003111"/>
      </testsuite>
      <testsuite name="Hyde\Framework\Testing\Unit\HydePageSerializableUnitTest" file="/home/runner/work/develop/develop/packages/framework/tests/Unit/HydePageSerializableUnitTest.php" tests="24" assertions="24" errors="0" failures="0" skipped="0" time="0.074496">
        <testcase name="testToArray" file="/home/runner/work/develop/develop/packages/framework/tests/Unit/HydePageSerializableUnitTest.php" line="28" class="Hyde\Framework\Testing\Unit\HydePageSerializableUnitTest" classname="Hyde.Framework.Testing.Unit.HydePageSerializableUnitTest" assertions="1" time="0.003603"/>
        <testcase name="testJsonSerializeUsesArraySerialize" file="/home/runner/work/develop/develop/packages/framework/tests/Unit/HydePageSerializableUnitTest.php" line="33" class="Hyde\Framework\Testing\Unit\HydePageSerializableUnitTest" classname="Hyde.Framework.Testing.Unit.HydePageSerializableUnitTest" assertions="1" time="0.003276"/>
        <testcase name="testToJsonUsesJsonEncodedObject" file="/home/runner/work/develop/develop/packages/framework/tests/Unit/HydePageSerializableUnitTest.php" line="39" class="Hyde\Framework\Testing\Unit\HydePageSerializableUnitTest" classname="Hyde.Framework.Testing.Unit.HydePageSerializableUnitTest" assertions="1" time="0.003118"/>
        <testcase name="testToJsonUsesJsonEncodedArray" file="/home/runner/work/develop/develop/packages/framework/tests/Unit/HydePageSerializableUnitTest.php" line="45" class="Hyde\Framework\Testing\Unit\HydePageSerializableUnitTest" classname="Hyde.Framework.Testing.Unit.HydePageSerializableUnitTest" assertions="1" time="0.003150"/>
        <testcase name="testHydePageToArrayKeys" file="/home/runner/work/develop/develop/packages/framework/tests/Unit/HydePageSerializableUnitTest.php" line="51" class="Hyde\Framework\Testing\Unit\HydePageSerializableUnitTest" classname="Hyde.Framework.Testing.Unit.HydePageSerializableUnitTest" assertions="1" time="0.002968"/>
        <testcase name="testHtmlPageToArrayKeys" file="/home/runner/work/develop/develop/packages/framework/tests/Unit/HydePageSerializableUnitTest.php" line="59" class="Hyde\Framework\Testing\Unit\HydePageSerializableUnitTest" classname="Hyde.Framework.Testing.Unit.HydePageSerializableUnitTest" assertions="1" time="0.003069"/>
        <testcase name="testBladePageToArrayKeys" file="/home/runner/work/develop/develop/packages/framework/tests/Unit/HydePageSerializableUnitTest.php" line="67" class="Hyde\Framework\Testing\Unit\HydePageSerializableUnitTest" classname="Hyde.Framework.Testing.Unit.HydePageSerializableUnitTest" assertions="1" time="0.003101"/>
        <testcase name="testMarkdownPageToArrayKeys" file="/home/runner/work/develop/develop/packages/framework/tests/Unit/HydePageSerializableUnitTest.php" line="75" class="Hyde\Framework\Testing\Unit\HydePageSerializableUnitTest" classname="Hyde.Framework.Testing.Unit.HydePageSerializableUnitTest" assertions="1" time="0.003039"/>
        <testcase name="testMarkdownPostToArrayKeys" file="/home/runner/work/develop/develop/packages/framework/tests/Unit/HydePageSerializableUnitTest.php" line="83" class="Hyde\Framework\Testing\Unit\HydePageSerializableUnitTest" classname="Hyde.Framework.Testing.Unit.HydePageSerializableUnitTest" assertions="1" time="0.003562"/>
        <testcase name="testDocumentationPageToArrayKeys" file="/home/runner/work/develop/develop/packages/framework/tests/Unit/HydePageSerializableUnitTest.php" line="91" class="Hyde\Framework\Testing\Unit\HydePageSerializableUnitTest" classname="Hyde.Framework.Testing.Unit.HydePageSerializableUnitTest" assertions="1" time="0.003013"/>
        <testcase name="testHydePageToArrayContents" file="/home/runner/work/develop/develop/packages/framework/tests/Unit/HydePageSerializableUnitTest.php" line="99" class="Hyde\Framework\Testing\Unit\HydePageSerializableUnitTest" classname="Hyde.Framework.Testing.Unit.HydePageSerializableUnitTest" assertions="1" time="0.002988"/>
        <testcase name="testHtmlPageToArrayContents" file="/home/runner/work/develop/develop/packages/framework/tests/Unit/HydePageSerializableUnitTest.php" line="115" class="Hyde\Framework\Testing\Unit\HydePageSerializableUnitTest" classname="Hyde.Framework.Testing.Unit.HydePageSerializableUnitTest" assertions="1" time="0.002896"/>
        <testcase name="testBladePageToArrayContents" file="/home/runner/work/develop/develop/packages/framework/tests/Unit/HydePageSerializableUnitTest.php" line="131" class="Hyde\Framework\Testing\Unit\HydePageSerializableUnitTest" classname="Hyde.Framework.Testing.Unit.HydePageSerializableUnitTest" assertions="1" time="0.002856"/>
        <testcase name="testMarkdownPageToArrayContents" file="/home/runner/work/develop/develop/packages/framework/tests/Unit/HydePageSerializableUnitTest.php" line="147" class="Hyde\Framework\Testing\Unit\HydePageSerializableUnitTest" classname="Hyde.Framework.Testing.Unit.HydePageSerializableUnitTest" assertions="1" time="0.002878"/>
        <testcase name="testMarkdownPostToArrayContents" file="/home/runner/work/develop/develop/packages/framework/tests/Unit/HydePageSerializableUnitTest.php" line="163" class="Hyde\Framework\Testing\Unit\HydePageSerializableUnitTest" classname="Hyde.Framework.Testing.Unit.HydePageSerializableUnitTest" assertions="1" time="0.003374"/>
        <testcase name="testDocumentationPageToArrayContents" file="/home/runner/work/develop/develop/packages/framework/tests/Unit/HydePageSerializableUnitTest.php" line="184" class="Hyde\Framework\Testing\Unit\HydePageSerializableUnitTest" classname="Hyde.Framework.Testing.Unit.HydePageSerializableUnitTest" assertions="1" time="0.002956"/>
        <testcase name="testJsonEncodedOutput" file="/home/runner/work/develop/develop/packages/framework/tests/Unit/HydePageSerializableUnitTest.php" line="200" class="Hyde\Framework\Testing\Unit\HydePageSerializableUnitTest" classname="Hyde.Framework.Testing.Unit.HydePageSerializableUnitTest" assertions="1" time="0.003001"/>
        <testcase name="testJsonSerializedHydePageContents" file="/home/runner/work/develop/develop/packages/framework/tests/Unit/HydePageSerializableUnitTest.php" line="221" class="Hyde\Framework\Testing\Unit\HydePageSerializableUnitTest" classname="Hyde.Framework.Testing.Unit.HydePageSerializableUnitTest" assertions="1" time="0.003016"/>
        <testcase name="testJsonSerializedHtmlPageContents" file="/home/runner/work/develop/develop/packages/framework/tests/Unit/HydePageSerializableUnitTest.php" line="243" class="Hyde\Framework\Testing\Unit\HydePageSerializableUnitTest" classname="Hyde.Framework.Testing.Unit.HydePageSerializableUnitTest" assertions="1" time="0.002998"/>
        <testcase name="testJsonSerializedBladePageContents" file="/home/runner/work/develop/develop/packages/framework/tests/Unit/HydePageSerializableUnitTest.php" line="265" class="Hyde\Framework\Testing\Unit\HydePageSerializableUnitTest" classname="Hyde.Framework.Testing.Unit.HydePageSerializableUnitTest" assertions="1" time="0.003026"/>
        <testcase name="testJsonSerializedMarkdownPageContents" file="/home/runner/work/develop/develop/packages/framework/tests/Unit/HydePageSerializableUnitTest.php" line="287" class="Hyde\Framework\Testing\Unit\HydePageSerializableUnitTest" classname="Hyde.Framework.Testing.Unit.HydePageSerializableUnitTest" assertions="1" time="0.003075"/>
        <testcase name="testJsonSerializedMarkdownPostContents" file="/home/runner/work/develop/develop/packages/framework/tests/Unit/HydePageSerializableUnitTest.php" line="309" class="Hyde\Framework\Testing\Unit\HydePageSerializableUnitTest" classname="Hyde.Framework.Testing.Unit.HydePageSerializableUnitTest" assertions="1" time="0.003502"/>
        <testcase name="testJsonSerializedDocumentationPageContents" file="/home/runner/work/develop/develop/packages/framework/tests/Unit/HydePageSerializableUnitTest.php" line="336" class="Hyde\Framework\Testing\Unit\HydePageSerializableUnitTest" classname="Hyde.Framework.Testing.Unit.HydePageSerializableUnitTest" assertions="1" time="0.003034"/>
        <testcase name="testJsonSerializedMarkdownPageWithFrontMatter" file="/home/runner/work/develop/develop/packages/framework/tests/Unit/HydePageSerializableUnitTest.php" line="358" class="Hyde\Framework\Testing\Unit\HydePageSerializableUnitTest" classname="Hyde.Framework.Testing.Unit.HydePageSerializableUnitTest" assertions="1" time="0.002996"/>
      </testsuite>
      <testsuite name="Hyde\Framework\Testing\Unit\HydeVendorPathHelperTest" file="/home/runner/work/develop/develop/packages/framework/tests/Unit/HydeVendorPathHelperTest.php" tests="5" assertions="9" errors="0" failures="0" skipped="0" time="0.018664">
        <testcase name="testMethodExists" file="/home/runner/work/develop/develop/packages/framework/tests/Unit/HydeVendorPathHelperTest.php" line="13" class="Hyde\Framework\Testing\Unit\HydeVendorPathHelperTest" classname="Hyde.Framework.Testing.Unit.HydeVendorPathHelperTest" assertions="1" time="0.003809"/>
        <testcase name="testMethodReturnsString" file="/home/runner/work/develop/develop/packages/framework/tests/Unit/HydeVendorPathHelperTest.php" line="18" class="Hyde\Framework\Testing\Unit\HydeVendorPathHelperTest" classname="Hyde.Framework.Testing.Unit.HydeVendorPathHelperTest" assertions="1" time="0.003563"/>
        <testcase name="testMethodReturnsStringContainingVendorPath" file="/home/runner/work/develop/develop/packages/framework/tests/Unit/HydeVendorPathHelperTest.php" line="23" class="Hyde\Framework\Testing\Unit\HydeVendorPathHelperTest" classname="Hyde.Framework.Testing.Unit.HydeVendorPathHelperTest" assertions="1" time="0.003600"/>
        <testcase name="testMethodReturnsPathToTheVendorDirectory" file="/home/runner/work/develop/develop/packages/framework/tests/Unit/HydeVendorPathHelperTest.php" line="28" class="Hyde\Framework\Testing\Unit\HydeVendorPathHelperTest" classname="Hyde.Framework.Testing.Unit.HydeVendorPathHelperTest" assertions="3" time="0.003944"/>
        <testcase name="testCanSpecifyWhichHydePackageToUse" file="/home/runner/work/develop/develop/packages/framework/tests/Unit/HydeVendorPathHelperTest.php" line="35" class="Hyde\Framework\Testing\Unit\HydeVendorPathHelperTest" classname="Hyde.Framework.Testing.Unit.HydeVendorPathHelperTest" assertions="3" time="0.003748"/>
      </testsuite>
      <testsuite name="Hyde\Framework\Testing\Unit\InteractsWithDirectoriesConcernTest" file="/home/runner/work/develop/develop/packages/framework/tests/Unit/InteractsWithDirectoriesConcernTest.php" tests="7" assertions="9" errors="0" failures="0" skipped="0" time="0.031145">
        <testcase name="testMethodsCanBeCalledStatically" file="/home/runner/work/develop/develop/packages/framework/tests/Unit/InteractsWithDirectoriesConcernTest.php" line="35" class="Hyde\Framework\Testing\Unit\InteractsWithDirectoriesConcernTest" classname="Hyde.Framework.Testing.Unit.InteractsWithDirectoriesConcernTest" assertions="2" time="0.004739"/>
        <testcase name="testNeedsDirectoryCreatesTheDirectory" file="/home/runner/work/develop/develop/packages/framework/tests/Unit/InteractsWithDirectoriesConcernTest.php" line="44" class="Hyde\Framework\Testing\Unit\InteractsWithDirectoriesConcernTest" classname="Hyde.Framework.Testing.Unit.InteractsWithDirectoriesConcernTest" assertions="1" time="0.004021"/>
        <testcase name="testNeedsDirectoryCreatesTheDirectoryRecursively" file="/home/runner/work/develop/develop/packages/framework/tests/Unit/InteractsWithDirectoriesConcernTest.php" line="50" class="Hyde\Framework\Testing\Unit\InteractsWithDirectoriesConcernTest" classname="Hyde.Framework.Testing.Unit.InteractsWithDirectoriesConcernTest" assertions="1" time="0.004169"/>
        <testcase name="testNeedsDirectoryHandlesExistingDirectory" file="/home/runner/work/develop/develop/packages/framework/tests/Unit/InteractsWithDirectoriesConcernTest.php" line="56" class="Hyde\Framework\Testing\Unit\InteractsWithDirectoriesConcernTest" classname="Hyde.Framework.Testing.Unit.InteractsWithDirectoriesConcernTest" assertions="1" time="0.004252"/>
        <testcase name="testNeedsDirectoriesCreatesSingleDirectory" file="/home/runner/work/develop/develop/packages/framework/tests/Unit/InteractsWithDirectoriesConcernTest.php" line="63" class="Hyde\Framework\Testing\Unit\InteractsWithDirectoriesConcernTest" classname="Hyde.Framework.Testing.Unit.InteractsWithDirectoriesConcernTest" assertions="1" time="0.004350"/>
        <testcase name="testNeedsDirectoriesCreatesMultipleDirectories" file="/home/runner/work/develop/develop/packages/framework/tests/Unit/InteractsWithDirectoriesConcernTest.php" line="69" class="Hyde\Framework\Testing\Unit\InteractsWithDirectoriesConcernTest" classname="Hyde.Framework.Testing.Unit.InteractsWithDirectoriesConcernTest" assertions="2" time="0.005150"/>
        <testcase name="testNeedsParentDirectoryCreatesDirectoryForTheParentFile" file="/home/runner/work/develop/develop/packages/framework/tests/Unit/InteractsWithDirectoriesConcernTest.php" line="78" class="Hyde\Framework\Testing\Unit\InteractsWithDirectoriesConcernTest" classname="Hyde.Framework.Testing.Unit.InteractsWithDirectoriesConcernTest" assertions="1" time="0.004463"/>
      </testsuite>
      <testsuite name="Hyde\Framework\Testing\Unit\LoadConfigurationTest" file="/home/runner/work/develop/develop/packages/framework/tests/Unit/LoadConfigurationTest.php" tests="2" assertions="6" errors="0" failures="0" skipped="0" time="0.011704">
        <testcase name="testItLoadsRuntimeConfiguration" file="/home/runner/work/develop/develop/packages/framework/tests/Unit/LoadConfigurationTest.php" line="16" class="Hyde\Framework\Testing\Unit\LoadConfigurationTest" classname="Hyde.Framework.Testing.Unit.LoadConfigurationTest" assertions="4" time="0.005495"/>
        <testcase name="testItLoadsRealtimeCompilerEnvironmentConfiguration" file="/home/runner/work/develop/develop/packages/framework/tests/Unit/LoadConfigurationTest.php" line="33" class="Hyde\Framework\Testing\Unit\LoadConfigurationTest" classname="Hyde.Framework.Testing.Unit.LoadConfigurationTest" assertions="2" time="0.006210"/>
      </testsuite>
      <testsuite name="Hyde\Framework\Testing\Unit\MarkdownDocumentTest" file="/home/runner/work/develop/develop/packages/framework/tests/Unit/MarkdownDocumentTest.php" tests="10" assertions="16" errors="0" failures="0" skipped="0" time="0.041162">
        <testcase name="testConstructorCreatesNewMarkdownDocument" file="/home/runner/work/develop/develop/packages/framework/tests/Unit/MarkdownDocumentTest.php" line="20" class="Hyde\Framework\Testing\Unit\MarkdownDocumentTest" classname="Hyde.Framework.Testing.Unit.MarkdownDocumentTest" assertions="1" time="0.004184"/>
        <testcase name="testConstructorArgumentsAreOptional" file="/home/runner/work/develop/develop/packages/framework/tests/Unit/MarkdownDocumentTest.php" line="26" class="Hyde\Framework\Testing\Unit\MarkdownDocumentTest" classname="Hyde.Framework.Testing.Unit.MarkdownDocumentTest" assertions="1" time="0.003696"/>
        <testcase name="testConstructorArgumentsAreAssigned" file="/home/runner/work/develop/develop/packages/framework/tests/Unit/MarkdownDocumentTest.php" line="32" class="Hyde\Framework\Testing\Unit\MarkdownDocumentTest" classname="Hyde.Framework.Testing.Unit.MarkdownDocumentTest" assertions="1" time="0.003749"/>
        <testcase name="testMagicToStringMethodReturnsBody" file="/home/runner/work/develop/develop/packages/framework/tests/Unit/MarkdownDocumentTest.php" line="38" class="Hyde\Framework\Testing\Unit\MarkdownDocumentTest" classname="Hyde.Framework.Testing.Unit.MarkdownDocumentTest" assertions="1" time="0.003686"/>
        <testcase name="testCompileMethodReturnsRenderedHtml" file="/home/runner/work/develop/develop/packages/framework/tests/Unit/MarkdownDocumentTest.php" line="44" class="Hyde\Framework\Testing\Unit\MarkdownDocumentTest" classname="Hyde.Framework.Testing.Unit.MarkdownDocumentTest" assertions="1" time="0.004668"/>
        <testcase name="testToHtmlMethodReturnsRenderedAsHtmlString" file="/home/runner/work/develop/develop/packages/framework/tests/Unit/MarkdownDocumentTest.php" line="50" class="Hyde\Framework\Testing\Unit\MarkdownDocumentTest" classname="Hyde.Framework.Testing.Unit.MarkdownDocumentTest" assertions="2" time="0.005626"/>
        <testcase name="testParseMethodParsesAFileUsingTheMarkdownFileService" file="/home/runner/work/develop/develop/packages/framework/tests/Unit/MarkdownDocumentTest.php" line="57" class="Hyde\Framework\Testing\Unit\MarkdownDocumentTest" classname="Hyde.Framework.Testing.Unit.MarkdownDocumentTest" assertions="3" time="0.004643"/>
        <testcase name="testToArrayMethodReturnsArrayMarkdownBodyLines" file="/home/runner/work/develop/develop/packages/framework/tests/Unit/MarkdownDocumentTest.php" line="67" class="Hyde\Framework\Testing\Unit\MarkdownDocumentTest" classname="Hyde.Framework.Testing.Unit.MarkdownDocumentTest" assertions="1" time="0.003522"/>
        <testcase name="testFromFileMethodReturnsNewMarkdownDocument" file="/home/runner/work/develop/develop/packages/framework/tests/Unit/MarkdownDocumentTest.php" line="73" class="Hyde\Framework\Testing\Unit\MarkdownDocumentTest" classname="Hyde.Framework.Testing.Unit.MarkdownDocumentTest" assertions="2" time="0.004030"/>
        <testcase name="testCarriageReturnsAreNormalized" file="/home/runner/work/develop/develop/packages/framework/tests/Unit/MarkdownDocumentTest.php" line="88" class="Hyde\Framework\Testing\Unit\MarkdownDocumentTest" classname="Hyde.Framework.Testing.Unit.MarkdownDocumentTest" assertions="3" time="0.003358"/>
      </testsuite>
      <testsuite name="Hyde\Framework\Testing\Unit\MarkdownFacadeTest" file="/home/runner/work/develop/develop/packages/framework/tests/Unit/MarkdownFacadeTest.php" tests="1" assertions="2" errors="0" failures="0" skipped="0" time="0.002634">
        <testcase name="testRender" file="/home/runner/work/develop/develop/packages/framework/tests/Unit/MarkdownFacadeTest.php" line="17" class="Hyde\Framework\Testing\Unit\MarkdownFacadeTest" classname="Hyde.Framework.Testing.Unit.MarkdownFacadeTest" assertions="2" time="0.002634"/>
      </testsuite>
      <testsuite name="Hyde\Framework\Testing\Unit\MediaDirectoryCanBeChangedTest" file="/home/runner/work/develop/develop/packages/framework/tests/Unit/MediaDirectoryCanBeChangedTest.php" tests="3" assertions="9" errors="0" failures="0" skipped="0" time="0.056690">
        <testcase name="testMediaOutputDirectoryCanBeChangedForSiteBuilds" file="/home/runner/work/develop/develop/packages/framework/tests/Unit/MediaDirectoryCanBeChangedTest.php" line="22" class="Hyde\Framework\Testing\Unit\MediaDirectoryCanBeChangedTest" classname="Hyde.Framework.Testing.Unit.MediaDirectoryCanBeChangedTest" assertions="3" time="0.022777"/>
        <testcase name="testMediaOutputDirectoryCanBeChangedForSiteRebuilds" file="/home/runner/work/develop/develop/packages/framework/tests/Unit/MediaDirectoryCanBeChangedTest.php" line="40" class="Hyde\Framework\Testing\Unit\MediaDirectoryCanBeChangedTest" classname="Hyde.Framework.Testing.Unit.MediaDirectoryCanBeChangedTest" assertions="3" time="0.013478"/>
        <testcase name="testCompiledPagesHaveLinksToTheRightMediaFileLocation" file="/home/runner/work/develop/develop/packages/framework/tests/Unit/MediaDirectoryCanBeChangedTest.php" line="58" class="Hyde\Framework\Testing\Unit\MediaDirectoryCanBeChangedTest" classname="Hyde.Framework.Testing.Unit.MediaDirectoryCanBeChangedTest" assertions="3" time="0.020435"/>
      </testsuite>
      <testsuite name="Hyde\Framework\Testing\Unit\NavItemIsCurrentHelperTest" file="/home/runner/work/develop/develop/packages/framework/tests/Unit/NavItemIsCurrentHelperTest.php" tests="34" assertions="34" errors="0" failures="0" skipped="0" time="0.123852">
        <testcase name="testIsCurrent" file="/home/runner/work/develop/develop/packages/framework/tests/Unit/NavItemIsCurrentHelperTest.php" line="34" class="Hyde\Framework\Testing\Unit\NavItemIsCurrentHelperTest" classname="Hyde.Framework.Testing.Unit.NavItemIsCurrentHelperTest" assertions="1" time="0.004235"/>
        <testcase name="testIsCurrentWhenCurrent" file="/home/runner/work/develop/develop/packages/framework/tests/Unit/NavItemIsCurrentHelperTest.php" line="40" class="Hyde\Framework\Testing\Unit\NavItemIsCurrentHelperTest" classname="Hyde.Framework.Testing.Unit.NavItemIsCurrentHelperTest" assertions="1" time="0.004011"/>
        <testcase name="testIsCurrentUsingCurrentRoute" file="/home/runner/work/develop/develop/packages/framework/tests/Unit/NavItemIsCurrentHelperTest.php" line="46" class="Hyde\Framework\Testing\Unit\NavItemIsCurrentHelperTest" classname="Hyde.Framework.Testing.Unit.NavItemIsCurrentHelperTest" assertions="1" time="0.003692"/>
        <testcase name="testIsCurrentUsingCurrentLink" file="/home/runner/work/develop/develop/packages/framework/tests/Unit/NavItemIsCurrentHelperTest.php" line="52" class="Hyde\Framework\Testing\Unit\NavItemIsCurrentHelperTest" classname="Hyde.Framework.Testing.Unit.NavItemIsCurrentHelperTest" assertions="1" time="0.003472"/>
        <testcase name="testIsCurrentWhenNotCurrent" file="/home/runner/work/develop/develop/packages/framework/tests/Unit/NavItemIsCurrentHelperTest.php" line="58" class="Hyde\Framework\Testing\Unit\NavItemIsCurrentHelperTest" classname="Hyde.Framework.Testing.Unit.NavItemIsCurrentHelperTest" assertions="1" time="0.003885"/>
        <testcase name="testIsCurrentUsingNotCurrentRoute" file="/home/runner/work/develop/develop/packages/framework/tests/Unit/NavItemIsCurrentHelperTest.php" line="64" class="Hyde\Framework\Testing\Unit\NavItemIsCurrentHelperTest" classname="Hyde.Framework.Testing.Unit.NavItemIsCurrentHelperTest" assertions="1" time="0.003618"/>
        <testcase name="testIsCurrentUsingNotCurrentLink" file="/home/runner/work/develop/develop/packages/framework/tests/Unit/NavItemIsCurrentHelperTest.php" line="70" class="Hyde\Framework\Testing\Unit\NavItemIsCurrentHelperTest" classname="Hyde.Framework.Testing.Unit.NavItemIsCurrentHelperTest" assertions="1" time="0.003360"/>
        <testcase name="testIsCurrentWithNestedCurrentPage" file="/home/runner/work/develop/develop/packages/framework/tests/Unit/NavItemIsCurrentHelperTest.php" line="76" class="Hyde\Framework\Testing\Unit\NavItemIsCurrentHelperTest" classname="Hyde.Framework.Testing.Unit.NavItemIsCurrentHelperTest" assertions="1" time="0.003902"/>
        <testcase name="testIsCurrentWhenCurrentWithNestedCurrentPage" file="/home/runner/work/develop/develop/packages/framework/tests/Unit/NavItemIsCurrentHelperTest.php" line="82" class="Hyde\Framework\Testing\Unit\NavItemIsCurrentHelperTest" classname="Hyde.Framework.Testing.Unit.NavItemIsCurrentHelperTest" assertions="1" time="0.003942"/>
        <testcase name="testIsCurrentWithNestedCurrentPageWhenNested" file="/home/runner/work/develop/develop/packages/framework/tests/Unit/NavItemIsCurrentHelperTest.php" line="88" class="Hyde\Framework\Testing\Unit\NavItemIsCurrentHelperTest" classname="Hyde.Framework.Testing.Unit.NavItemIsCurrentHelperTest" assertions="1" time="0.003932"/>
        <testcase name="testIsCurrentWhenCurrentWithNestedCurrentPageWhenNested" file="/home/runner/work/develop/develop/packages/framework/tests/Unit/NavItemIsCurrentHelperTest.php" line="94" class="Hyde\Framework\Testing\Unit\NavItemIsCurrentHelperTest" classname="Hyde.Framework.Testing.Unit.NavItemIsCurrentHelperTest" assertions="1" time="0.003957"/>
        <testcase name="testIsCurrentWithNestedCurrentPageWhenVeryNested" file="/home/runner/work/develop/develop/packages/framework/tests/Unit/NavItemIsCurrentHelperTest.php" line="100" class="Hyde\Framework\Testing\Unit\NavItemIsCurrentHelperTest" classname="Hyde.Framework.Testing.Unit.NavItemIsCurrentHelperTest" assertions="1" time="0.003974"/>
        <testcase name="testIsCurrentWhenCurrentWithNestedCurrentPageWhenVeryNested" file="/home/runner/work/develop/develop/packages/framework/tests/Unit/NavItemIsCurrentHelperTest.php" line="106" class="Hyde\Framework\Testing\Unit\NavItemIsCurrentHelperTest" classname="Hyde.Framework.Testing.Unit.NavItemIsCurrentHelperTest" assertions="1" time="0.003978"/>
        <testcase name="testIsCurrentWithNestedCurrentPageWhenVeryDifferingNested" file="/home/runner/work/develop/develop/packages/framework/tests/Unit/NavItemIsCurrentHelperTest.php" line="112" class="Hyde\Framework\Testing\Unit\NavItemIsCurrentHelperTest" classname="Hyde.Framework.Testing.Unit.NavItemIsCurrentHelperTest" assertions="1" time="0.003904"/>
        <testcase name="testIsCurrentWithNestedCurrentPageWhenVeryDifferingNestedInverse" file="/home/runner/work/develop/develop/packages/framework/tests/Unit/NavItemIsCurrentHelperTest.php" line="118" class="Hyde\Framework\Testing\Unit\NavItemIsCurrentHelperTest" classname="Hyde.Framework.Testing.Unit.NavItemIsCurrentHelperTest" assertions="1" time="0.003918"/>
        <testcase name="testIsCurrentUsingCurrentLinkWithNestedCurrentPage" file="/home/runner/work/develop/develop/packages/framework/tests/Unit/NavItemIsCurrentHelperTest.php" line="124" class="Hyde\Framework\Testing\Unit\NavItemIsCurrentHelperTest" classname="Hyde.Framework.Testing.Unit.NavItemIsCurrentHelperTest" assertions="1" time="0.003394"/>
        <testcase name="testIsCurrentUsingNotCurrentLinkWithNestedCurrentPage" file="/home/runner/work/develop/develop/packages/framework/tests/Unit/NavItemIsCurrentHelperTest.php" line="130" class="Hyde\Framework\Testing\Unit\NavItemIsCurrentHelperTest" classname="Hyde.Framework.Testing.Unit.NavItemIsCurrentHelperTest" assertions="1" time="0.003395"/>
        <testcase name="testIsCurrentWhenCurrentWithNestedCurrentPageAndSubjectPage" file="/home/runner/work/develop/develop/packages/framework/tests/Unit/NavItemIsCurrentHelperTest.php" line="136" class="Hyde\Framework\Testing\Unit\NavItemIsCurrentHelperTest" classname="Hyde.Framework.Testing.Unit.NavItemIsCurrentHelperTest" assertions="1" time="0.003419"/>
        <testcase name="testIsCurrentWhenNotCurrentWithNestedCurrentPageAndSubjectPage" file="/home/runner/work/develop/develop/packages/framework/tests/Unit/NavItemIsCurrentHelperTest.php" line="142" class="Hyde\Framework\Testing\Unit\NavItemIsCurrentHelperTest" classname="Hyde.Framework.Testing.Unit.NavItemIsCurrentHelperTest" assertions="1" time="0.003439"/>
        <testcase name="testIsCurrentWithNestedCurrentPageWhenNestedUsingLinkItem" file="/home/runner/work/develop/develop/packages/framework/tests/Unit/NavItemIsCurrentHelperTest.php" line="148" class="Hyde\Framework\Testing\Unit\NavItemIsCurrentHelperTest" classname="Hyde.Framework.Testing.Unit.NavItemIsCurrentHelperTest" assertions="1" time="0.003500"/>
        <testcase name="testIsCurrentWhenCurrentWithNestedCurrentPageWhenNestedUsingLinkItem" file="/home/runner/work/develop/develop/packages/framework/tests/Unit/NavItemIsCurrentHelperTest.php" line="154" class="Hyde\Framework\Testing\Unit\NavItemIsCurrentHelperTest" classname="Hyde.Framework.Testing.Unit.NavItemIsCurrentHelperTest" assertions="1" time="0.003453"/>
        <testcase name="testIsCurrentWithNestedCurrentPageWhenVeryNestedUsingLinkItem" file="/home/runner/work/develop/develop/packages/framework/tests/Unit/NavItemIsCurrentHelperTest.php" line="160" class="Hyde\Framework\Testing\Unit\NavItemIsCurrentHelperTest" classname="Hyde.Framework.Testing.Unit.NavItemIsCurrentHelperTest" assertions="1" time="0.003446"/>
        <testcase name="testIsCurrentWhenCurrentWithNestedCurrentPageWhenVeryNestedUsingLinkItem" file="/home/runner/work/develop/develop/packages/framework/tests/Unit/NavItemIsCurrentHelperTest.php" line="166" class="Hyde\Framework\Testing\Unit\NavItemIsCurrentHelperTest" classname="Hyde.Framework.Testing.Unit.NavItemIsCurrentHelperTest" assertions="1" time="0.003449"/>
        <testcase name="testIsCurrentWithNestedCurrentPageWhenVeryDifferingNestedUsingLinkItem" file="/home/runner/work/develop/develop/packages/framework/tests/Unit/NavItemIsCurrentHelperTest.php" line="172" class="Hyde\Framework\Testing\Unit\NavItemIsCurrentHelperTest" classname="Hyde.Framework.Testing.Unit.NavItemIsCurrentHelperTest" assertions="1" time="0.003503"/>
        <testcase name="testIsCurrentWithNestedCurrentPageWhenVeryDifferingNestedInverseUsingLinkItem" file="/home/runner/work/develop/develop/packages/framework/tests/Unit/NavItemIsCurrentHelperTest.php" line="178" class="Hyde\Framework\Testing\Unit\NavItemIsCurrentHelperTest" classname="Hyde.Framework.Testing.Unit.NavItemIsCurrentHelperTest" assertions="1" time="0.003422"/>
        <testcase name="testIsCurrentWithNestedCurrentPageWhenNestedUsingPrettyLinkItem" file="/home/runner/work/develop/develop/packages/framework/tests/Unit/NavItemIsCurrentHelperTest.php" line="184" class="Hyde\Framework\Testing\Unit\NavItemIsCurrentHelperTest" classname="Hyde.Framework.Testing.Unit.NavItemIsCurrentHelperTest" assertions="1" time="0.003411"/>
        <testcase name="testIsCurrentWhenCurrentWithNestedCurrentPageWhenNestedUsingPrettyLinkItem" file="/home/runner/work/develop/develop/packages/framework/tests/Unit/NavItemIsCurrentHelperTest.php" line="190" class="Hyde\Framework\Testing\Unit\NavItemIsCurrentHelperTest" classname="Hyde.Framework.Testing.Unit.NavItemIsCurrentHelperTest" assertions="1" time="0.003499"/>
        <testcase name="testIsCurrentWithNestedCurrentPageWhenVeryNestedUsingPrettyLinkItem" file="/home/runner/work/develop/develop/packages/framework/tests/Unit/NavItemIsCurrentHelperTest.php" line="196" class="Hyde\Framework\Testing\Unit\NavItemIsCurrentHelperTest" classname="Hyde.Framework.Testing.Unit.NavItemIsCurrentHelperTest" assertions="1" time="0.003436"/>
        <testcase name="testIsCurrentWhenCurrentWithNestedCurrentPageWhenVeryNestedUsingPrettyLinkItem" file="/home/runner/work/develop/develop/packages/framework/tests/Unit/NavItemIsCurrentHelperTest.php" line="202" class="Hyde\Framework\Testing\Unit\NavItemIsCurrentHelperTest" classname="Hyde.Framework.Testing.Unit.NavItemIsCurrentHelperTest" assertions="1" time="0.003577"/>
        <testcase name="testIsCurrentWithNestedCurrentPageWhenVeryDifferingNestedUsingPrettyLinkItem" file="/home/runner/work/develop/develop/packages/framework/tests/Unit/NavItemIsCurrentHelperTest.php" line="208" class="Hyde\Framework\Testing\Unit\NavItemIsCurrentHelperTest" classname="Hyde.Framework.Testing.Unit.NavItemIsCurrentHelperTest" assertions="1" time="0.003556"/>
        <testcase name="testIsCurrentWithNestedCurrentPageWhenVeryDifferingNestedInverseUsingPrettyLinkItem" file="/home/runner/work/develop/develop/packages/framework/tests/Unit/NavItemIsCurrentHelperTest.php" line="214" class="Hyde\Framework\Testing\Unit\NavItemIsCurrentHelperTest" classname="Hyde.Framework.Testing.Unit.NavItemIsCurrentHelperTest" assertions="1" time="0.003545"/>
        <testcase name="testIsCurrentWithAbsoluteLink" file="/home/runner/work/develop/develop/packages/framework/tests/Unit/NavItemIsCurrentHelperTest.php" line="220" class="Hyde\Framework\Testing\Unit\NavItemIsCurrentHelperTest" classname="Hyde.Framework.Testing.Unit.NavItemIsCurrentHelperTest" assertions="1" time="0.003472"/>
        <testcase name="testIsCurrentWithNestedCurrentPageWhenNestedUsingAbsoluteLinkItem" file="/home/runner/work/develop/develop/packages/framework/tests/Unit/NavItemIsCurrentHelperTest.php" line="226" class="Hyde\Framework\Testing\Unit\NavItemIsCurrentHelperTest" classname="Hyde.Framework.Testing.Unit.NavItemIsCurrentHelperTest" assertions="1" time="0.003592"/>
        <testcase name="testIsCurrentWhenCurrentWithNestedCurrentPageWhenNestedUsingAbsoluteLinkItem" file="/home/runner/work/develop/develop/packages/framework/tests/Unit/NavItemIsCurrentHelperTest.php" line="232" class="Hyde\Framework\Testing\Unit\NavItemIsCurrentHelperTest" classname="Hyde.Framework.Testing.Unit.NavItemIsCurrentHelperTest" assertions="1" time="0.003567"/>
      </testsuite>
      <testsuite name="Hyde\Framework\Testing\Unit\NavItemTest" file="/home/runner/work/develop/develop/packages/framework/tests/Unit/NavItemTest.php" tests="20" assertions="32" errors="0" failures="0" skipped="0" time="0.060047">
        <testcase name="testConstruct" file="/home/runner/work/develop/develop/packages/framework/tests/Unit/NavItemTest.php" line="41" class="Hyde\Framework\Testing\Unit\NavItemTest" classname="Hyde.Framework.Testing.Unit.NavItemTest" assertions="1" time="0.003763"/>
        <testcase name="testGetDestination" file="/home/runner/work/develop/develop/packages/framework/tests/Unit/NavItemTest.php" line="49" class="Hyde\Framework\Testing\Unit\NavItemTest" classname="Hyde.Framework.Testing.Unit.NavItemTest" assertions="1" time="0.002873"/>
        <testcase name="testGetLabel" file="/home/runner/work/develop/develop/packages/framework/tests/Unit/NavItemTest.php" line="55" class="Hyde\Framework\Testing\Unit\NavItemTest" classname="Hyde.Framework.Testing.Unit.NavItemTest" assertions="1" time="0.002759"/>
        <testcase name="testGetPriority" file="/home/runner/work/develop/develop/packages/framework/tests/Unit/NavItemTest.php" line="61" class="Hyde\Framework\Testing\Unit\NavItemTest" classname="Hyde.Framework.Testing.Unit.NavItemTest" assertions="1" time="0.002791"/>
        <testcase name="testGetGroup" file="/home/runner/work/develop/develop/packages/framework/tests/Unit/NavItemTest.php" line="67" class="Hyde\Framework\Testing\Unit\NavItemTest" classname="Hyde.Framework.Testing.Unit.NavItemTest" assertions="1" time="0.002758"/>
        <testcase name="testFromRoute" file="/home/runner/work/develop/develop/packages/framework/tests/Unit/NavItemTest.php" line="73" class="Hyde\Framework\Testing\Unit\NavItemTest" classname="Hyde.Framework.Testing.Unit.NavItemTest" assertions="1" time="0.002697"/>
        <testcase name="testToString" file="/home/runner/work/develop/develop/packages/framework/tests/Unit/NavItemTest.php" line="81" class="Hyde\Framework\Testing\Unit\NavItemTest" classname="Hyde.Framework.Testing.Unit.NavItemTest" assertions="1" time="0.005912"/>
        <testcase name="testForLink" file="/home/runner/work/develop/develop/packages/framework/tests/Unit/NavItemTest.php" line="88" class="Hyde\Framework\Testing\Unit\NavItemTest" classname="Hyde.Framework.Testing.Unit.NavItemTest" assertions="3" time="0.001627"/>
        <testcase name="testForLinkWithCustomPriority" file="/home/runner/work/develop/develop/packages/framework/tests/Unit/NavItemTest.php" line="97" class="Hyde\Framework\Testing\Unit\NavItemTest" classname="Hyde.Framework.Testing.Unit.NavItemTest" assertions="1" time="0.001455"/>
        <testcase name="testForRoute" file="/home/runner/work/develop/develop/packages/framework/tests/Unit/NavItemTest.php" line="102" class="Hyde\Framework\Testing\Unit\NavItemTest" classname="Hyde.Framework.Testing.Unit.NavItemTest" assertions="3" time="0.002346"/>
        <testcase name="testForIndexRoute" file="/home/runner/work/develop/develop/packages/framework/tests/Unit/NavItemTest.php" line="112" class="Hyde\Framework\Testing\Unit\NavItemTest" classname="Hyde.Framework.Testing.Unit.NavItemTest" assertions="3" time="0.002255"/>
        <testcase name="testForRouteWithRouteKey" file="/home/runner/work/develop/develop/packages/framework/tests/Unit/NavItemTest.php" line="122" class="Hyde\Framework\Testing\Unit\NavItemTest" classname="Hyde.Framework.Testing.Unit.NavItemTest" assertions="1" time="0.002338"/>
        <testcase name="testForRouteWithMissingRouteKey" file="/home/runner/work/develop/develop/packages/framework/tests/Unit/NavItemTest.php" line="130" class="Hyde\Framework\Testing\Unit\NavItemTest" classname="Hyde.Framework.Testing.Unit.NavItemTest" assertions="1" time="0.001668"/>
        <testcase name="testForRouteWithCustomPriority" file="/home/runner/work/develop/develop/packages/framework/tests/Unit/NavItemTest.php" line="136" class="Hyde\Framework\Testing\Unit\NavItemTest" classname="Hyde.Framework.Testing.Unit.NavItemTest" assertions="1" time="0.002107"/>
        <testcase name="testRouteBasedNavItemDestinationsAreResolvedRelatively" file="/home/runner/work/develop/develop/packages/framework/tests/Unit/NavItemTest.php" line="141" class="Hyde\Framework\Testing\Unit\NavItemTest" classname="Hyde.Framework.Testing.Unit.NavItemTest" assertions="6" time="0.007705"/>
        <testcase name="testIsCurrent" file="/home/runner/work/develop/develop/packages/framework/tests/Unit/NavItemTest.php" line="168" class="Hyde\Framework\Testing\Unit\NavItemTest" classname="Hyde.Framework.Testing.Unit.NavItemTest" assertions="2" time="0.004331"/>
        <testcase name="testGetGroupWithNoGroup" file="/home/runner/work/develop/develop/packages/framework/tests/Unit/NavItemTest.php" line="178" class="Hyde\Framework\Testing\Unit\NavItemTest" classname="Hyde.Framework.Testing.Unit.NavItemTest" assertions="1" time="0.002615"/>
        <testcase name="testGetGroupWithGroup" file="/home/runner/work/develop/develop/packages/framework/tests/Unit/NavItemTest.php" line="183" class="Hyde\Framework\Testing\Unit\NavItemTest" classname="Hyde.Framework.Testing.Unit.NavItemTest" assertions="1" time="0.002647"/>
        <testcase name="testGetGroupFromRouteWithGroup" file="/home/runner/work/develop/develop/packages/framework/tests/Unit/NavItemTest.php" line="188" class="Hyde\Framework\Testing\Unit\NavItemTest" classname="Hyde.Framework.Testing.Unit.NavItemTest" assertions="1" time="0.002738"/>
        <testcase name="testGetGroupForRouteWithGroup" file="/home/runner/work/develop/develop/packages/framework/tests/Unit/NavItemTest.php" line="193" class="Hyde\Framework\Testing\Unit\NavItemTest" classname="Hyde.Framework.Testing.Unit.NavItemTest" assertions="1" time="0.002661"/>
      </testsuite>
      <testsuite name="Hyde\Framework\Testing\Unit\NavigationDataFactoryUnitTest" file="/home/runner/work/develop/develop/packages/framework/tests/Unit/NavigationDataFactoryUnitTest.php" tests="7" assertions="21" errors="0" failures="0" skipped="0" time="0.018505">
        <testcase name="testSearchForPriorityInNavigationConfigForMarkdownPageWithKeyedConfig" file="/home/runner/work/develop/develop/packages/framework/tests/Unit/NavigationDataFactoryUnitTest.php" line="26" class="Hyde\Framework\Testing\Unit\NavigationDataFactoryUnitTest" classname="Hyde.Framework.Testing.Unit.NavigationDataFactoryUnitTest" assertions="2" time="0.002702"/>
        <testcase name="testSearchForPriorityInNavigationConfigForMarkdownPageWithListConfig" file="/home/runner/work/develop/develop/packages/framework/tests/Unit/NavigationDataFactoryUnitTest.php" line="40" class="Hyde\Framework\Testing\Unit\NavigationDataFactoryUnitTest" classname="Hyde.Framework.Testing.Unit.NavigationDataFactoryUnitTest" assertions="2" time="0.002312"/>
        <testcase name="testSearchForPriorityInNavigationConfigForMarkdownPageSupportsMixingKeyedAndListConfig" file="/home/runner/work/develop/develop/packages/framework/tests/Unit/NavigationDataFactoryUnitTest.php" line="54" class="Hyde\Framework\Testing\Unit\NavigationDataFactoryUnitTest" classname="Hyde.Framework.Testing.Unit.NavigationDataFactoryUnitTest" assertions="4" time="0.002811"/>
        <testcase name="testSearchForPriorityInNavigationConfigForDocumentationPageWithListConfig" file="/home/runner/work/develop/develop/packages/framework/tests/Unit/NavigationDataFactoryUnitTest.php" line="75" class="Hyde\Framework\Testing\Unit\NavigationDataFactoryUnitTest" classname="Hyde.Framework.Testing.Unit.NavigationDataFactoryUnitTest" assertions="2" time="0.002392"/>
        <testcase name="testSearchForPriorityInNavigationConfigForDocumentationPageWithKeyedConfig" file="/home/runner/work/develop/develop/packages/framework/tests/Unit/NavigationDataFactoryUnitTest.php" line="89" class="Hyde\Framework\Testing\Unit\NavigationDataFactoryUnitTest" classname="Hyde.Framework.Testing.Unit.NavigationDataFactoryUnitTest" assertions="4" time="0.002869"/>
        <testcase name="testSearchForPriorityInNavigationConfigForDocumentationPageSupportsMixingKeyedAndListConfig" file="/home/runner/work/develop/develop/packages/framework/tests/Unit/NavigationDataFactoryUnitTest.php" line="110" class="Hyde\Framework\Testing\Unit\NavigationDataFactoryUnitTest" classname="Hyde.Framework.Testing.Unit.NavigationDataFactoryUnitTest" assertions="4" time="0.002872"/>
        <testcase name="testRouteKeysCanBeUsedForDocumentationSidebarPriorities" file="/home/runner/work/develop/develop/packages/framework/tests/Unit/NavigationDataFactoryUnitTest.php" line="131" class="Hyde\Framework\Testing\Unit\NavigationDataFactoryUnitTest" classname="Hyde.Framework.Testing.Unit.NavigationDataFactoryUnitTest" assertions="3" time="0.002547"/>
      </testsuite>
      <testsuite name="Hyde\Framework\Testing\Unit\Pages\BladePageUnitTest" file="/home/runner/work/develop/develop/packages/framework/tests/Unit/Pages/BladePageUnitTest.php" tests="32" assertions="32" errors="0" failures="0" skipped="0" time="0.101986">
        <testcase name="testSourceDirectory" file="/home/runner/work/develop/develop/packages/framework/tests/Unit/Pages/BladePageUnitTest.php" line="22" class="Hyde\Framework\Testing\Unit\Pages\BladePageUnitTest" classname="Hyde.Framework.Testing.Unit.Pages.BladePageUnitTest" assertions="1" time="0.002109"/>
        <testcase name="testOutputDirectory" file="/home/runner/work/develop/develop/packages/framework/tests/Unit/Pages/BladePageUnitTest.php" line="27" class="Hyde\Framework\Testing\Unit\Pages\BladePageUnitTest" classname="Hyde.Framework.Testing.Unit.Pages.BladePageUnitTest" assertions="1" time="0.001829"/>
        <testcase name="testBaseRouteKey" file="/home/runner/work/develop/develop/packages/framework/tests/Unit/Pages/BladePageUnitTest.php" line="32" class="Hyde\Framework\Testing\Unit\Pages\BladePageUnitTest" classname="Hyde.Framework.Testing.Unit.Pages.BladePageUnitTest" assertions="1" time="0.001807"/>
        <testcase name="testFileExtension" file="/home/runner/work/develop/develop/packages/framework/tests/Unit/Pages/BladePageUnitTest.php" line="37" class="Hyde\Framework\Testing\Unit\Pages\BladePageUnitTest" classname="Hyde.Framework.Testing.Unit.Pages.BladePageUnitTest" assertions="1" time="0.001833"/>
        <testcase name="testSourcePath" file="/home/runner/work/develop/develop/packages/framework/tests/Unit/Pages/BladePageUnitTest.php" line="42" class="Hyde\Framework\Testing\Unit\Pages\BladePageUnitTest" classname="Hyde.Framework.Testing.Unit.Pages.BladePageUnitTest" assertions="1" time="0.001881"/>
        <testcase name="testOutputPath" file="/home/runner/work/develop/develop/packages/framework/tests/Unit/Pages/BladePageUnitTest.php" line="47" class="Hyde\Framework\Testing\Unit\Pages\BladePageUnitTest" classname="Hyde.Framework.Testing.Unit.Pages.BladePageUnitTest" assertions="1" time="0.001881"/>
        <testcase name="testPath" file="/home/runner/work/develop/develop/packages/framework/tests/Unit/Pages/BladePageUnitTest.php" line="52" class="Hyde\Framework\Testing\Unit\Pages\BladePageUnitTest" classname="Hyde.Framework.Testing.Unit.Pages.BladePageUnitTest" assertions="1" time="0.001992"/>
        <testcase name="testGetSourcePath" file="/home/runner/work/develop/develop/packages/framework/tests/Unit/Pages/BladePageUnitTest.php" line="57" class="Hyde\Framework\Testing\Unit\Pages\BladePageUnitTest" classname="Hyde.Framework.Testing.Unit.Pages.BladePageUnitTest" assertions="1" time="0.003166"/>
        <testcase name="testGetOutputPath" file="/home/runner/work/develop/develop/packages/framework/tests/Unit/Pages/BladePageUnitTest.php" line="62" class="Hyde\Framework\Testing\Unit\Pages\BladePageUnitTest" classname="Hyde.Framework.Testing.Unit.Pages.BladePageUnitTest" assertions="1" time="0.002965"/>
        <testcase name="testGetLink" file="/home/runner/work/develop/develop/packages/framework/tests/Unit/Pages/BladePageUnitTest.php" line="67" class="Hyde\Framework\Testing\Unit\Pages\BladePageUnitTest" classname="Hyde.Framework.Testing.Unit.Pages.BladePageUnitTest" assertions="1" time="0.002985"/>
        <testcase name="testMake" file="/home/runner/work/develop/develop/packages/framework/tests/Unit/Pages/BladePageUnitTest.php" line="72" class="Hyde\Framework\Testing\Unit\Pages\BladePageUnitTest" classname="Hyde.Framework.Testing.Unit.Pages.BladePageUnitTest" assertions="1" time="0.003360"/>
        <testcase name="testMakeWithData" file="/home/runner/work/develop/develop/packages/framework/tests/Unit/Pages/BladePageUnitTest.php" line="77" class="Hyde\Framework\Testing\Unit\Pages\BladePageUnitTest" classname="Hyde.Framework.Testing.Unit.Pages.BladePageUnitTest" assertions="1" time="0.003884"/>
        <testcase name="testShowInNavigation" file="/home/runner/work/develop/develop/packages/framework/tests/Unit/Pages/BladePageUnitTest.php" line="82" class="Hyde\Framework\Testing\Unit\Pages\BladePageUnitTest" classname="Hyde.Framework.Testing.Unit.Pages.BladePageUnitTest" assertions="1" time="0.002778"/>
        <testcase name="testNavigationMenuPriority" file="/home/runner/work/develop/develop/packages/framework/tests/Unit/Pages/BladePageUnitTest.php" line="87" class="Hyde\Framework\Testing\Unit\Pages\BladePageUnitTest" classname="Hyde.Framework.Testing.Unit.Pages.BladePageUnitTest" assertions="1" time="0.002784"/>
        <testcase name="testNavigationMenuLabel" file="/home/runner/work/develop/develop/packages/framework/tests/Unit/Pages/BladePageUnitTest.php" line="92" class="Hyde\Framework\Testing\Unit\Pages\BladePageUnitTest" classname="Hyde.Framework.Testing.Unit.Pages.BladePageUnitTest" assertions="1" time="0.002973"/>
        <testcase name="testNavigationMenuGroup" file="/home/runner/work/develop/develop/packages/framework/tests/Unit/Pages/BladePageUnitTest.php" line="97" class="Hyde\Framework\Testing\Unit\Pages\BladePageUnitTest" classname="Hyde.Framework.Testing.Unit.Pages.BladePageUnitTest" assertions="1" time="0.002922"/>
        <testcase name="testGetBladeView" file="/home/runner/work/develop/develop/packages/framework/tests/Unit/Pages/BladePageUnitTest.php" line="102" class="Hyde\Framework\Testing\Unit\Pages\BladePageUnitTest" classname="Hyde.Framework.Testing.Unit.Pages.BladePageUnitTest" assertions="1" time="0.003058"/>
        <testcase name="testFiles" file="/home/runner/work/develop/develop/packages/framework/tests/Unit/Pages/BladePageUnitTest.php" line="107" class="Hyde\Framework\Testing\Unit\Pages\BladePageUnitTest" classname="Hyde.Framework.Testing.Unit.Pages.BladePageUnitTest" assertions="1" time="0.005740"/>
        <testcase name="testData" file="/home/runner/work/develop/develop/packages/framework/tests/Unit/Pages/BladePageUnitTest.php" line="112" class="Hyde\Framework\Testing\Unit\Pages\BladePageUnitTest" classname="Hyde.Framework.Testing.Unit.Pages.BladePageUnitTest" assertions="1" time="0.002972"/>
        <testcase name="testGet" file="/home/runner/work/develop/develop/packages/framework/tests/Unit/Pages/BladePageUnitTest.php" line="117" class="Hyde\Framework\Testing\Unit\Pages\BladePageUnitTest" classname="Hyde.Framework.Testing.Unit.Pages.BladePageUnitTest" assertions="1" time="0.007355"/>
        <testcase name="testParse" file="/home/runner/work/develop/develop/packages/framework/tests/Unit/Pages/BladePageUnitTest.php" line="123" class="Hyde\Framework\Testing\Unit\Pages\BladePageUnitTest" classname="Hyde.Framework.Testing.Unit.Pages.BladePageUnitTest" assertions="1" time="0.003582"/>
        <testcase name="testGetRouteKey" file="/home/runner/work/develop/develop/packages/framework/tests/Unit/Pages/BladePageUnitTest.php" line="128" class="Hyde\Framework\Testing\Unit\Pages\BladePageUnitTest" classname="Hyde.Framework.Testing.Unit.Pages.BladePageUnitTest" assertions="1" time="0.002969"/>
        <testcase name="testTitle" file="/home/runner/work/develop/develop/packages/framework/tests/Unit/Pages/BladePageUnitTest.php" line="133" class="Hyde\Framework\Testing\Unit\Pages\BladePageUnitTest" classname="Hyde.Framework.Testing.Unit.Pages.BladePageUnitTest" assertions="1" time="0.002964"/>
        <testcase name="testAll" file="/home/runner/work/develop/develop/packages/framework/tests/Unit/Pages/BladePageUnitTest.php" line="139" class="Hyde\Framework\Testing\Unit\Pages\BladePageUnitTest" classname="Hyde.Framework.Testing.Unit.Pages.BladePageUnitTest" assertions="1" time="0.005705"/>
        <testcase name="testMetadata" file="/home/runner/work/develop/develop/packages/framework/tests/Unit/Pages/BladePageUnitTest.php" line="144" class="Hyde\Framework\Testing\Unit\Pages\BladePageUnitTest" classname="Hyde.Framework.Testing.Unit.Pages.BladePageUnitTest" assertions="1" time="0.002897"/>
        <testcase name="testConstruct" file="/home/runner/work/develop/develop/packages/framework/tests/Unit/Pages/BladePageUnitTest.php" line="149" class="Hyde\Framework\Testing\Unit\Pages\BladePageUnitTest" classname="Hyde.Framework.Testing.Unit.Pages.BladePageUnitTest" assertions="1" time="0.002839"/>
        <testcase name="testGetRoute" file="/home/runner/work/develop/develop/packages/framework/tests/Unit/Pages/BladePageUnitTest.php" line="154" class="Hyde\Framework\Testing\Unit\Pages\BladePageUnitTest" classname="Hyde.Framework.Testing.Unit.Pages.BladePageUnitTest" assertions="1" time="0.005839"/>
        <testcase name="testGetIdentifier" file="/home/runner/work/develop/develop/packages/framework/tests/Unit/Pages/BladePageUnitTest.php" line="159" class="Hyde\Framework\Testing\Unit\Pages\BladePageUnitTest" classname="Hyde.Framework.Testing.Unit.Pages.BladePageUnitTest" assertions="1" time="0.002963"/>
        <testcase name="testHas" file="/home/runner/work/develop/develop/packages/framework/tests/Unit/Pages/BladePageUnitTest.php" line="164" class="Hyde\Framework\Testing\Unit\Pages\BladePageUnitTest" classname="Hyde.Framework.Testing.Unit.Pages.BladePageUnitTest" assertions="1" time="0.002979"/>
        <testcase name="testToCoreDataObject" file="/home/runner/work/develop/develop/packages/framework/tests/Unit/Pages/BladePageUnitTest.php" line="169" class="Hyde\Framework\Testing\Unit\Pages\BladePageUnitTest" classname="Hyde.Framework.Testing.Unit.Pages.BladePageUnitTest" assertions="1" time="0.002941"/>
        <testcase name="testCompile" file="/home/runner/work/develop/develop/packages/framework/tests/Unit/Pages/BladePageUnitTest.php" line="174" class="Hyde\Framework\Testing\Unit\Pages\BladePageUnitTest" classname="Hyde.Framework.Testing.Unit.Pages.BladePageUnitTest" assertions="1" time="0.003121"/>
        <testcase name="testMatter" file="/home/runner/work/develop/develop/packages/framework/tests/Unit/Pages/BladePageUnitTest.php" line="179" class="Hyde\Framework\Testing\Unit\Pages\BladePageUnitTest" classname="Hyde.Framework.Testing.Unit.Pages.BladePageUnitTest" assertions="1" time="0.002916"/>
      </testsuite>
      <testsuite name="Hyde\Framework\Testing\Unit\Pages\DocumentationPageUnitTest" file="/home/runner/work/develop/develop/packages/framework/tests/Unit/Pages/DocumentationPageUnitTest.php" tests="35" assertions="36" errors="0" failures="0" skipped="0" time="0.119277">
        <testcase name="testSourceDirectory" file="/home/runner/work/develop/develop/packages/framework/tests/Unit/Pages/DocumentationPageUnitTest.php" line="24" class="Hyde\Framework\Testing\Unit\Pages\DocumentationPageUnitTest" classname="Hyde.Framework.Testing.Unit.Pages.DocumentationPageUnitTest" assertions="1" time="0.002415"/>
        <testcase name="testOutputDirectory" file="/home/runner/work/develop/develop/packages/framework/tests/Unit/Pages/DocumentationPageUnitTest.php" line="29" class="Hyde\Framework\Testing\Unit\Pages\DocumentationPageUnitTest" classname="Hyde.Framework.Testing.Unit.Pages.DocumentationPageUnitTest" assertions="1" time="0.001832"/>
        <testcase name="testBaseRouteKey" file="/home/runner/work/develop/develop/packages/framework/tests/Unit/Pages/DocumentationPageUnitTest.php" line="34" class="Hyde\Framework\Testing\Unit\Pages\DocumentationPageUnitTest" classname="Hyde.Framework.Testing.Unit.Pages.DocumentationPageUnitTest" assertions="1" time="0.001796"/>
        <testcase name="testFileExtension" file="/home/runner/work/develop/develop/packages/framework/tests/Unit/Pages/DocumentationPageUnitTest.php" line="39" class="Hyde\Framework\Testing\Unit\Pages\DocumentationPageUnitTest" classname="Hyde.Framework.Testing.Unit.Pages.DocumentationPageUnitTest" assertions="1" time="0.001793"/>
        <testcase name="testSourcePath" file="/home/runner/work/develop/develop/packages/framework/tests/Unit/Pages/DocumentationPageUnitTest.php" line="44" class="Hyde\Framework\Testing\Unit\Pages\DocumentationPageUnitTest" classname="Hyde.Framework.Testing.Unit.Pages.DocumentationPageUnitTest" assertions="1" time="0.001893"/>
        <testcase name="testOutputPath" file="/home/runner/work/develop/develop/packages/framework/tests/Unit/Pages/DocumentationPageUnitTest.php" line="49" class="Hyde\Framework\Testing\Unit\Pages\DocumentationPageUnitTest" classname="Hyde.Framework.Testing.Unit.Pages.DocumentationPageUnitTest" assertions="1" time="0.001898"/>
        <testcase name="testPath" file="/home/runner/work/develop/develop/packages/framework/tests/Unit/Pages/DocumentationPageUnitTest.php" line="54" class="Hyde\Framework\Testing\Unit\Pages\DocumentationPageUnitTest" classname="Hyde.Framework.Testing.Unit.Pages.DocumentationPageUnitTest" assertions="1" time="0.002054"/>
        <testcase name="testGetSourcePath" file="/home/runner/work/develop/develop/packages/framework/tests/Unit/Pages/DocumentationPageUnitTest.php" line="59" class="Hyde\Framework\Testing\Unit\Pages\DocumentationPageUnitTest" classname="Hyde.Framework.Testing.Unit.Pages.DocumentationPageUnitTest" assertions="1" time="0.003315"/>
        <testcase name="testGetOutputPath" file="/home/runner/work/develop/develop/packages/framework/tests/Unit/Pages/DocumentationPageUnitTest.php" line="64" class="Hyde\Framework\Testing\Unit\Pages\DocumentationPageUnitTest" classname="Hyde.Framework.Testing.Unit.Pages.DocumentationPageUnitTest" assertions="1" time="0.003118"/>
        <testcase name="testGetLink" file="/home/runner/work/develop/develop/packages/framework/tests/Unit/Pages/DocumentationPageUnitTest.php" line="69" class="Hyde\Framework\Testing\Unit\Pages\DocumentationPageUnitTest" classname="Hyde.Framework.Testing.Unit.Pages.DocumentationPageUnitTest" assertions="1" time="0.003085"/>
        <testcase name="testMake" file="/home/runner/work/develop/develop/packages/framework/tests/Unit/Pages/DocumentationPageUnitTest.php" line="74" class="Hyde\Framework\Testing\Unit\Pages\DocumentationPageUnitTest" classname="Hyde.Framework.Testing.Unit.Pages.DocumentationPageUnitTest" assertions="1" time="0.003604"/>
        <testcase name="testMakeWithData" file="/home/runner/work/develop/develop/packages/framework/tests/Unit/Pages/DocumentationPageUnitTest.php" line="79" class="Hyde\Framework\Testing\Unit\Pages\DocumentationPageUnitTest" classname="Hyde.Framework.Testing.Unit.Pages.DocumentationPageUnitTest" assertions="1" time="0.004104"/>
        <testcase name="testShowInNavigation" file="/home/runner/work/develop/develop/packages/framework/tests/Unit/Pages/DocumentationPageUnitTest.php" line="84" class="Hyde\Framework\Testing\Unit\Pages\DocumentationPageUnitTest" classname="Hyde.Framework.Testing.Unit.Pages.DocumentationPageUnitTest" assertions="1" time="0.002841"/>
        <testcase name="testNavigationMenuPriority" file="/home/runner/work/develop/develop/packages/framework/tests/Unit/Pages/DocumentationPageUnitTest.php" line="89" class="Hyde\Framework\Testing\Unit\Pages\DocumentationPageUnitTest" classname="Hyde.Framework.Testing.Unit.Pages.DocumentationPageUnitTest" assertions="1" time="0.002886"/>
        <testcase name="testNavigationMenuLabel" file="/home/runner/work/develop/develop/packages/framework/tests/Unit/Pages/DocumentationPageUnitTest.php" line="94" class="Hyde\Framework\Testing\Unit\Pages\DocumentationPageUnitTest" classname="Hyde.Framework.Testing.Unit.Pages.DocumentationPageUnitTest" assertions="1" time="0.003093"/>
        <testcase name="testNavigationMenuGroup" file="/home/runner/work/develop/develop/packages/framework/tests/Unit/Pages/DocumentationPageUnitTest.php" line="99" class="Hyde\Framework\Testing\Unit\Pages\DocumentationPageUnitTest" classname="Hyde.Framework.Testing.Unit.Pages.DocumentationPageUnitTest" assertions="1" time="0.003097"/>
        <testcase name="testNavigationMenuGroupWithData" file="/home/runner/work/develop/develop/packages/framework/tests/Unit/Pages/DocumentationPageUnitTest.php" line="104" class="Hyde\Framework\Testing\Unit\Pages\DocumentationPageUnitTest" classname="Hyde.Framework.Testing.Unit.Pages.DocumentationPageUnitTest" assertions="1" time="0.002961"/>
        <testcase name="testGetBladeView" file="/home/runner/work/develop/develop/packages/framework/tests/Unit/Pages/DocumentationPageUnitTest.php" line="109" class="Hyde\Framework\Testing\Unit\Pages\DocumentationPageUnitTest" classname="Hyde.Framework.Testing.Unit.Pages.DocumentationPageUnitTest" assertions="1" time="0.003161"/>
        <testcase name="testFiles" file="/home/runner/work/develop/develop/packages/framework/tests/Unit/Pages/DocumentationPageUnitTest.php" line="114" class="Hyde\Framework\Testing\Unit\Pages\DocumentationPageUnitTest" classname="Hyde.Framework.Testing.Unit.Pages.DocumentationPageUnitTest" assertions="1" time="0.005706"/>
        <testcase name="testData" file="/home/runner/work/develop/develop/packages/framework/tests/Unit/Pages/DocumentationPageUnitTest.php" line="119" class="Hyde\Framework\Testing\Unit\Pages\DocumentationPageUnitTest" classname="Hyde.Framework.Testing.Unit.Pages.DocumentationPageUnitTest" assertions="1" time="0.003036"/>
        <testcase name="testGet" file="/home/runner/work/develop/develop/packages/framework/tests/Unit/Pages/DocumentationPageUnitTest.php" line="124" class="Hyde\Framework\Testing\Unit\Pages\DocumentationPageUnitTest" classname="Hyde.Framework.Testing.Unit.Pages.DocumentationPageUnitTest" assertions="1" time="0.007742"/>
        <testcase name="testParse" file="/home/runner/work/develop/develop/packages/framework/tests/Unit/Pages/DocumentationPageUnitTest.php" line="130" class="Hyde\Framework\Testing\Unit\Pages\DocumentationPageUnitTest" classname="Hyde.Framework.Testing.Unit.Pages.DocumentationPageUnitTest" assertions="1" time="0.003955"/>
        <testcase name="testGetRouteKey" file="/home/runner/work/develop/develop/packages/framework/tests/Unit/Pages/DocumentationPageUnitTest.php" line="136" class="Hyde\Framework\Testing\Unit\Pages\DocumentationPageUnitTest" classname="Hyde.Framework.Testing.Unit.Pages.DocumentationPageUnitTest" assertions="1" time="0.003027"/>
        <testcase name="testTitle" file="/home/runner/work/develop/develop/packages/framework/tests/Unit/Pages/DocumentationPageUnitTest.php" line="141" class="Hyde\Framework\Testing\Unit\Pages\DocumentationPageUnitTest" classname="Hyde.Framework.Testing.Unit.Pages.DocumentationPageUnitTest" assertions="1" time="0.002986"/>
        <testcase name="testAll" file="/home/runner/work/develop/develop/packages/framework/tests/Unit/Pages/DocumentationPageUnitTest.php" line="147" class="Hyde\Framework\Testing\Unit\Pages\DocumentationPageUnitTest" classname="Hyde.Framework.Testing.Unit.Pages.DocumentationPageUnitTest" assertions="1" time="0.005415"/>
        <testcase name="testMetadata" file="/home/runner/work/develop/develop/packages/framework/tests/Unit/Pages/DocumentationPageUnitTest.php" line="152" class="Hyde\Framework\Testing\Unit\Pages\DocumentationPageUnitTest" classname="Hyde.Framework.Testing.Unit.Pages.DocumentationPageUnitTest" assertions="1" time="0.002807"/>
        <testcase name="testConstruct" file="/home/runner/work/develop/develop/packages/framework/tests/Unit/Pages/DocumentationPageUnitTest.php" line="157" class="Hyde\Framework\Testing\Unit\Pages\DocumentationPageUnitTest" classname="Hyde.Framework.Testing.Unit.Pages.DocumentationPageUnitTest" assertions="1" time="0.002854"/>
        <testcase name="testGetRoute" file="/home/runner/work/develop/develop/packages/framework/tests/Unit/Pages/DocumentationPageUnitTest.php" line="162" class="Hyde\Framework\Testing\Unit\Pages\DocumentationPageUnitTest" classname="Hyde.Framework.Testing.Unit.Pages.DocumentationPageUnitTest" assertions="1" time="0.005814"/>
        <testcase name="testGetIdentifier" file="/home/runner/work/develop/develop/packages/framework/tests/Unit/Pages/DocumentationPageUnitTest.php" line="167" class="Hyde\Framework\Testing\Unit\Pages\DocumentationPageUnitTest" classname="Hyde.Framework.Testing.Unit.Pages.DocumentationPageUnitTest" assertions="1" time="0.003071"/>
        <testcase name="testHas" file="/home/runner/work/develop/develop/packages/framework/tests/Unit/Pages/DocumentationPageUnitTest.php" line="172" class="Hyde\Framework\Testing\Unit\Pages\DocumentationPageUnitTest" classname="Hyde.Framework.Testing.Unit.Pages.DocumentationPageUnitTest" assertions="1" time="0.003031"/>
        <testcase name="testToCoreDataObject" file="/home/runner/work/develop/develop/packages/framework/tests/Unit/Pages/DocumentationPageUnitTest.php" line="177" class="Hyde\Framework\Testing\Unit\Pages\DocumentationPageUnitTest" classname="Hyde.Framework.Testing.Unit.Pages.DocumentationPageUnitTest" assertions="1" time="0.003071"/>
        <testcase name="testCompile" file="/home/runner/work/develop/develop/packages/framework/tests/Unit/Pages/DocumentationPageUnitTest.php" line="182" class="Hyde\Framework\Testing\Unit\Pages\DocumentationPageUnitTest" classname="Hyde.Framework.Testing.Unit.Pages.DocumentationPageUnitTest" assertions="1" time="0.008005"/>
        <testcase name="testMatter" file="/home/runner/work/develop/develop/packages/framework/tests/Unit/Pages/DocumentationPageUnitTest.php" line="189" class="Hyde\Framework\Testing\Unit\Pages\DocumentationPageUnitTest" classname="Hyde.Framework.Testing.Unit.Pages.DocumentationPageUnitTest" assertions="1" time="0.003029"/>
        <testcase name="testMarkdown" file="/home/runner/work/develop/develop/packages/framework/tests/Unit/Pages/DocumentationPageUnitTest.php" line="194" class="Hyde\Framework\Testing\Unit\Pages\DocumentationPageUnitTest" classname="Hyde.Framework.Testing.Unit.Pages.DocumentationPageUnitTest" assertions="1" time="0.003018"/>
        <testcase name="testSave" file="/home/runner/work/develop/develop/packages/framework/tests/Unit/Pages/DocumentationPageUnitTest.php" line="199" class="Hyde\Framework\Testing\Unit\Pages\DocumentationPageUnitTest" classname="Hyde.Framework.Testing.Unit.Pages.DocumentationPageUnitTest" assertions="2" time="0.003764"/>
      </testsuite>
      <testsuite name="Hyde\Framework\Testing\Unit\Pages\HtmlPageTest" file="/home/runner/work/develop/develop/packages/framework/tests/Unit/Pages/HtmlPageTest.php" tests="2" assertions="3" errors="0" failures="0" skipped="0" time="0.012586">
        <testcase name="testHtmlPageCanBeCompiled" file="/home/runner/work/develop/develop/packages/framework/tests/Unit/Pages/HtmlPageTest.php" line="15" class="Hyde\Framework\Testing\Unit\Pages\HtmlPageTest" classname="Hyde.Framework.Testing.Unit.Pages.HtmlPageTest" assertions="2" time="0.007682"/>
        <testcase name="testCompileMethodUsesContents" file="/home/runner/work/develop/develop/packages/framework/tests/Unit/Pages/HtmlPageTest.php" line="24" class="Hyde\Framework\Testing\Unit\Pages\HtmlPageTest" classname="Hyde.Framework.Testing.Unit.Pages.HtmlPageTest" assertions="1" time="0.004904"/>
      </testsuite>
      <testsuite name="Hyde\Framework\Testing\Unit\Pages\HtmlPageUnitTest" file="/home/runner/work/develop/develop/packages/framework/tests/Unit/Pages/HtmlPageUnitTest.php" tests="32" assertions="32" errors="0" failures="0" skipped="0" time="0.105612">
        <testcase name="testSourceDirectory" file="/home/runner/work/develop/develop/packages/framework/tests/Unit/Pages/HtmlPageUnitTest.php" line="22" class="Hyde\Framework\Testing\Unit\Pages\HtmlPageUnitTest" classname="Hyde.Framework.Testing.Unit.Pages.HtmlPageUnitTest" assertions="1" time="0.001999"/>
        <testcase name="testOutputDirectory" file="/home/runner/work/develop/develop/packages/framework/tests/Unit/Pages/HtmlPageUnitTest.php" line="30" class="Hyde\Framework\Testing\Unit\Pages\HtmlPageUnitTest" classname="Hyde.Framework.Testing.Unit.Pages.HtmlPageUnitTest" assertions="1" time="0.001824"/>
        <testcase name="testBaseRouteKey" file="/home/runner/work/develop/develop/packages/framework/tests/Unit/Pages/HtmlPageUnitTest.php" line="38" class="Hyde\Framework\Testing\Unit\Pages\HtmlPageUnitTest" classname="Hyde.Framework.Testing.Unit.Pages.HtmlPageUnitTest" assertions="1" time="0.001828"/>
        <testcase name="testFileExtension" file="/home/runner/work/develop/develop/packages/framework/tests/Unit/Pages/HtmlPageUnitTest.php" line="46" class="Hyde\Framework\Testing\Unit\Pages\HtmlPageUnitTest" classname="Hyde.Framework.Testing.Unit.Pages.HtmlPageUnitTest" assertions="1" time="0.001800"/>
        <testcase name="testSourcePath" file="/home/runner/work/develop/develop/packages/framework/tests/Unit/Pages/HtmlPageUnitTest.php" line="54" class="Hyde\Framework\Testing\Unit\Pages\HtmlPageUnitTest" classname="Hyde.Framework.Testing.Unit.Pages.HtmlPageUnitTest" assertions="1" time="0.001849"/>
        <testcase name="testOutputPath" file="/home/runner/work/develop/develop/packages/framework/tests/Unit/Pages/HtmlPageUnitTest.php" line="62" class="Hyde\Framework\Testing\Unit\Pages\HtmlPageUnitTest" classname="Hyde.Framework.Testing.Unit.Pages.HtmlPageUnitTest" assertions="1" time="0.001907"/>
        <testcase name="testPath" file="/home/runner/work/develop/develop/packages/framework/tests/Unit/Pages/HtmlPageUnitTest.php" line="70" class="Hyde\Framework\Testing\Unit\Pages\HtmlPageUnitTest" classname="Hyde.Framework.Testing.Unit.Pages.HtmlPageUnitTest" assertions="1" time="0.001979"/>
        <testcase name="testGetSourcePath" file="/home/runner/work/develop/develop/packages/framework/tests/Unit/Pages/HtmlPageUnitTest.php" line="78" class="Hyde\Framework\Testing\Unit\Pages\HtmlPageUnitTest" classname="Hyde.Framework.Testing.Unit.Pages.HtmlPageUnitTest" assertions="1" time="0.003170"/>
        <testcase name="testGetOutputPath" file="/home/runner/work/develop/develop/packages/framework/tests/Unit/Pages/HtmlPageUnitTest.php" line="86" class="Hyde\Framework\Testing\Unit\Pages\HtmlPageUnitTest" classname="Hyde.Framework.Testing.Unit.Pages.HtmlPageUnitTest" assertions="1" time="0.003077"/>
        <testcase name="testGetLink" file="/home/runner/work/develop/develop/packages/framework/tests/Unit/Pages/HtmlPageUnitTest.php" line="94" class="Hyde\Framework\Testing\Unit\Pages\HtmlPageUnitTest" classname="Hyde.Framework.Testing.Unit.Pages.HtmlPageUnitTest" assertions="1" time="0.003117"/>
        <testcase name="testMake" file="/home/runner/work/develop/develop/packages/framework/tests/Unit/Pages/HtmlPageUnitTest.php" line="102" class="Hyde\Framework\Testing\Unit\Pages\HtmlPageUnitTest" classname="Hyde.Framework.Testing.Unit.Pages.HtmlPageUnitTest" assertions="1" time="0.003570"/>
        <testcase name="testMakeWithData" file="/home/runner/work/develop/develop/packages/framework/tests/Unit/Pages/HtmlPageUnitTest.php" line="107" class="Hyde\Framework\Testing\Unit\Pages\HtmlPageUnitTest" classname="Hyde.Framework.Testing.Unit.Pages.HtmlPageUnitTest" assertions="1" time="0.003942"/>
        <testcase name="testShowInNavigation" file="/home/runner/work/develop/develop/packages/framework/tests/Unit/Pages/HtmlPageUnitTest.php" line="115" class="Hyde\Framework\Testing\Unit\Pages\HtmlPageUnitTest" classname="Hyde.Framework.Testing.Unit.Pages.HtmlPageUnitTest" assertions="1" time="0.002934"/>
        <testcase name="testNavigationMenuPriority" file="/home/runner/work/develop/develop/packages/framework/tests/Unit/Pages/HtmlPageUnitTest.php" line="120" class="Hyde\Framework\Testing\Unit\Pages\HtmlPageUnitTest" classname="Hyde.Framework.Testing.Unit.Pages.HtmlPageUnitTest" assertions="1" time="0.002774"/>
        <testcase name="testNavigationMenuLabel" file="/home/runner/work/develop/develop/packages/framework/tests/Unit/Pages/HtmlPageUnitTest.php" line="125" class="Hyde\Framework\Testing\Unit\Pages\HtmlPageUnitTest" classname="Hyde.Framework.Testing.Unit.Pages.HtmlPageUnitTest" assertions="1" time="0.002964"/>
        <testcase name="testNavigationMenuGroup" file="/home/runner/work/develop/develop/packages/framework/tests/Unit/Pages/HtmlPageUnitTest.php" line="130" class="Hyde\Framework\Testing\Unit\Pages\HtmlPageUnitTest" classname="Hyde.Framework.Testing.Unit.Pages.HtmlPageUnitTest" assertions="1" time="0.002914"/>
        <testcase name="testGetBladeView" file="/home/runner/work/develop/develop/packages/framework/tests/Unit/Pages/HtmlPageUnitTest.php" line="135" class="Hyde\Framework\Testing\Unit\Pages\HtmlPageUnitTest" classname="Hyde.Framework.Testing.Unit.Pages.HtmlPageUnitTest" assertions="1" time="0.002988"/>
        <testcase name="testFiles" file="/home/runner/work/develop/develop/packages/framework/tests/Unit/Pages/HtmlPageUnitTest.php" line="140" class="Hyde\Framework\Testing\Unit\Pages\HtmlPageUnitTest" classname="Hyde.Framework.Testing.Unit.Pages.HtmlPageUnitTest" assertions="1" time="0.005654"/>
        <testcase name="testData" file="/home/runner/work/develop/develop/packages/framework/tests/Unit/Pages/HtmlPageUnitTest.php" line="145" class="Hyde\Framework\Testing\Unit\Pages\HtmlPageUnitTest" classname="Hyde.Framework.Testing.Unit.Pages.HtmlPageUnitTest" assertions="1" time="0.002935"/>
        <testcase name="testGet" file="/home/runner/work/develop/develop/packages/framework/tests/Unit/Pages/HtmlPageUnitTest.php" line="150" class="Hyde\Framework\Testing\Unit\Pages\HtmlPageUnitTest" classname="Hyde.Framework.Testing.Unit.Pages.HtmlPageUnitTest" assertions="1" time="0.007230"/>
        <testcase name="testParse" file="/home/runner/work/develop/develop/packages/framework/tests/Unit/Pages/HtmlPageUnitTest.php" line="156" class="Hyde\Framework\Testing\Unit\Pages\HtmlPageUnitTest" classname="Hyde.Framework.Testing.Unit.Pages.HtmlPageUnitTest" assertions="1" time="0.003673"/>
        <testcase name="testGetRouteKey" file="/home/runner/work/develop/develop/packages/framework/tests/Unit/Pages/HtmlPageUnitTest.php" line="162" class="Hyde\Framework\Testing\Unit\Pages\HtmlPageUnitTest" classname="Hyde.Framework.Testing.Unit.Pages.HtmlPageUnitTest" assertions="1" time="0.002921"/>
        <testcase name="testTitle" file="/home/runner/work/develop/develop/packages/framework/tests/Unit/Pages/HtmlPageUnitTest.php" line="167" class="Hyde\Framework\Testing\Unit\Pages\HtmlPageUnitTest" classname="Hyde.Framework.Testing.Unit.Pages.HtmlPageUnitTest" assertions="1" time="0.002907"/>
        <testcase name="testAll" file="/home/runner/work/develop/develop/packages/framework/tests/Unit/Pages/HtmlPageUnitTest.php" line="173" class="Hyde\Framework\Testing\Unit\Pages\HtmlPageUnitTest" classname="Hyde.Framework.Testing.Unit.Pages.HtmlPageUnitTest" assertions="1" time="0.005497"/>
        <testcase name="testMetadata" file="/home/runner/work/develop/develop/packages/framework/tests/Unit/Pages/HtmlPageUnitTest.php" line="178" class="Hyde\Framework\Testing\Unit\Pages\HtmlPageUnitTest" classname="Hyde.Framework.Testing.Unit.Pages.HtmlPageUnitTest" assertions="1" time="0.002782"/>
        <testcase name="testConstruct" file="/home/runner/work/develop/develop/packages/framework/tests/Unit/Pages/HtmlPageUnitTest.php" line="183" class="Hyde\Framework\Testing\Unit\Pages\HtmlPageUnitTest" classname="Hyde.Framework.Testing.Unit.Pages.HtmlPageUnitTest" assertions="1" time="0.002760"/>
        <testcase name="testGetRoute" file="/home/runner/work/develop/develop/packages/framework/tests/Unit/Pages/HtmlPageUnitTest.php" line="188" class="Hyde\Framework\Testing\Unit\Pages\HtmlPageUnitTest" classname="Hyde.Framework.Testing.Unit.Pages.HtmlPageUnitTest" assertions="1" time="0.005768"/>
        <testcase name="testGetIdentifier" file="/home/runner/work/develop/develop/packages/framework/tests/Unit/Pages/HtmlPageUnitTest.php" line="193" class="Hyde\Framework\Testing\Unit\Pages\HtmlPageUnitTest" classname="Hyde.Framework.Testing.Unit.Pages.HtmlPageUnitTest" assertions="1" time="0.002965"/>
        <testcase name="testHas" file="/home/runner/work/develop/develop/packages/framework/tests/Unit/Pages/HtmlPageUnitTest.php" line="198" class="Hyde\Framework\Testing\Unit\Pages\HtmlPageUnitTest" classname="Hyde.Framework.Testing.Unit.Pages.HtmlPageUnitTest" assertions="1" time="0.002900"/>
        <testcase name="testToCoreDataObject" file="/home/runner/work/develop/develop/packages/framework/tests/Unit/Pages/HtmlPageUnitTest.php" line="203" class="Hyde\Framework\Testing\Unit\Pages\HtmlPageUnitTest" classname="Hyde.Framework.Testing.Unit.Pages.HtmlPageUnitTest" assertions="1" time="0.002966"/>
        <testcase name="testCompile" file="/home/runner/work/develop/develop/packages/framework/tests/Unit/Pages/HtmlPageUnitTest.php" line="208" class="Hyde\Framework\Testing\Unit\Pages\HtmlPageUnitTest" classname="Hyde.Framework.Testing.Unit.Pages.HtmlPageUnitTest" assertions="1" time="0.007028"/>
        <testcase name="testMatter" file="/home/runner/work/develop/develop/packages/framework/tests/Unit/Pages/HtmlPageUnitTest.php" line="217" class="Hyde\Framework\Testing\Unit\Pages\HtmlPageUnitTest" classname="Hyde.Framework.Testing.Unit.Pages.HtmlPageUnitTest" assertions="1" time="0.002990"/>
      </testsuite>
      <testsuite name="Hyde\Framework\Testing\Unit\Pages\InMemoryPageTest" file="/home/runner/work/develop/develop/packages/framework/tests/Unit/Pages/InMemoryPageTest.php" tests="16" assertions="19" errors="0" failures="0" skipped="0" time="0.090868">
        <testcase name="testConstructWithContentsString" file="/home/runner/work/develop/develop/packages/framework/tests/Unit/Pages/InMemoryPageTest.php" line="18" class="Hyde\Framework\Testing\Unit\Pages\InMemoryPageTest" classname="Hyde.Framework.Testing.Unit.Pages.InMemoryPageTest" assertions="1" time="0.005947"/>
        <testcase name="testMakeWithContentsString" file="/home/runner/work/develop/develop/packages/framework/tests/Unit/Pages/InMemoryPageTest.php" line="23" class="Hyde\Framework\Testing\Unit\Pages\InMemoryPageTest" classname="Hyde.Framework.Testing.Unit.Pages.InMemoryPageTest" assertions="2" time="0.006458"/>
        <testcase name="testContentsMethod" file="/home/runner/work/develop/develop/packages/framework/tests/Unit/Pages/InMemoryPageTest.php" line="29" class="Hyde\Framework\Testing\Unit\Pages\InMemoryPageTest" classname="Hyde.Framework.Testing.Unit.Pages.InMemoryPageTest" assertions="1" time="0.004692"/>
        <testcase name="testViewMethod" file="/home/runner/work/develop/develop/packages/framework/tests/Unit/Pages/InMemoryPageTest.php" line="34" class="Hyde\Framework\Testing\Unit\Pages\InMemoryPageTest" classname="Hyde.Framework.Testing.Unit.Pages.InMemoryPageTest" assertions="1" time="0.004889"/>
        <testcase name="testCompileMethodUsesContentsProperty" file="/home/runner/work/develop/develop/packages/framework/tests/Unit/Pages/InMemoryPageTest.php" line="39" class="Hyde\Framework\Testing\Unit\Pages\InMemoryPageTest" classname="Hyde.Framework.Testing.Unit.Pages.InMemoryPageTest" assertions="1" time="0.005189"/>
        <testcase name="testCompileMethodUsesViewProperty" file="/home/runner/work/develop/develop/packages/framework/tests/Unit/Pages/InMemoryPageTest.php" line="44" class="Hyde\Framework\Testing\Unit\Pages\InMemoryPageTest" classname="Hyde.Framework.Testing.Unit.Pages.InMemoryPageTest" assertions="1" time="0.006852"/>
        <testcase name="testCompileMethodUsingViewCompileAndFrontMatter" file="/home/runner/work/develop/develop/packages/framework/tests/Unit/Pages/InMemoryPageTest.php" line="50" class="Hyde\Framework\Testing\Unit\Pages\InMemoryPageTest" classname="Hyde.Framework.Testing.Unit.Pages.InMemoryPageTest" assertions="1" time="0.006900"/>
        <testcase name="testCompileMethodPrefersContentsPropertyOverView" file="/home/runner/work/develop/develop/packages/framework/tests/Unit/Pages/InMemoryPageTest.php" line="56" class="Hyde\Framework\Testing\Unit\Pages\InMemoryPageTest" classname="Hyde.Framework.Testing.Unit.Pages.InMemoryPageTest" assertions="1" time="0.006013"/>
        <testcase name="testCompileMethodCanCompileAnonymousViewFiles" file="/home/runner/work/develop/develop/packages/framework/tests/Unit/Pages/InMemoryPageTest.php" line="62" class="Hyde\Framework\Testing\Unit\Pages\InMemoryPageTest" classname="Hyde.Framework.Testing.Unit.Pages.InMemoryPageTest" assertions="1" time="0.007442"/>
        <testcase name="testCompileMethodCanCompileAnonymousViewFilesWithFrontMatter" file="/home/runner/work/develop/develop/packages/framework/tests/Unit/Pages/InMemoryPageTest.php" line="68" class="Hyde\Framework\Testing\Unit\Pages\InMemoryPageTest" classname="Hyde.Framework.Testing.Unit.Pages.InMemoryPageTest" assertions="1" time="0.007521"/>
        <testcase name="testCanCreateInstanceMacros" file="/home/runner/work/develop/develop/packages/framework/tests/Unit/Pages/InMemoryPageTest.php" line="74" class="Hyde\Framework\Testing\Unit\Pages\InMemoryPageTest" classname="Hyde.Framework.Testing.Unit.Pages.InMemoryPageTest" assertions="1" time="0.005204"/>
        <testcase name="testCanCreateInstanceMacrosUsingCallableObject" file="/home/runner/work/develop/develop/packages/framework/tests/Unit/Pages/InMemoryPageTest.php" line="86" class="Hyde\Framework\Testing\Unit\Pages\InMemoryPageTest" classname="Hyde.Framework.Testing.Unit.Pages.InMemoryPageTest" assertions="1" time="0.005269"/>
        <testcase name="testCallingMacroWithArguments" file="/home/runner/work/develop/develop/packages/framework/tests/Unit/Pages/InMemoryPageTest.php" line="102" class="Hyde\Framework\Testing\Unit\Pages\InMemoryPageTest" classname="Hyde.Framework.Testing.Unit.Pages.InMemoryPageTest" assertions="1" time="0.004581"/>
        <testcase name="testCanUseMacrosToOverloadClassCompileMethod" file="/home/runner/work/develop/develop/packages/framework/tests/Unit/Pages/InMemoryPageTest.php" line="114" class="Hyde\Framework\Testing\Unit\Pages\InMemoryPageTest" classname="Hyde.Framework.Testing.Unit.Pages.InMemoryPageTest" assertions="1" time="0.004422"/>
        <testcase name="testCallingUndefinedMacro" file="/home/runner/work/develop/develop/packages/framework/tests/Unit/Pages/InMemoryPageTest.php" line="125" class="Hyde\Framework\Testing\Unit\Pages\InMemoryPageTest" classname="Hyde.Framework.Testing.Unit.Pages.InMemoryPageTest" assertions="2" time="0.004740"/>
        <testcase name="testHasMacro" file="/home/runner/work/develop/develop/packages/framework/tests/Unit/Pages/InMemoryPageTest.php" line="136" class="Hyde\Framework\Testing\Unit\Pages\InMemoryPageTest" classname="Hyde.Framework.Testing.Unit.Pages.InMemoryPageTest" assertions="2" time="0.004750"/>
      </testsuite>
      <testsuite name="Hyde\Framework\Testing\Unit\Pages\InMemoryPageUnitTest" file="/home/runner/work/develop/develop/packages/framework/tests/Unit/Pages/InMemoryPageUnitTest.php" tests="32" assertions="32" errors="0" failures="0" skipped="0" time="0.112358">
        <testcase name="testSourceDirectory" file="/home/runner/work/develop/develop/packages/framework/tests/Unit/Pages/InMemoryPageUnitTest.php" line="25" class="Hyde\Framework\Testing\Unit\Pages\InMemoryPageUnitTest" classname="Hyde.Framework.Testing.Unit.Pages.InMemoryPageUnitTest" assertions="1" time="0.002093"/>
        <testcase name="testOutputDirectory" file="/home/runner/work/develop/develop/packages/framework/tests/Unit/Pages/InMemoryPageUnitTest.php" line="33" class="Hyde\Framework\Testing\Unit\Pages\InMemoryPageUnitTest" classname="Hyde.Framework.Testing.Unit.Pages.InMemoryPageUnitTest" assertions="1" time="0.001879"/>
        <testcase name="testBaseRouteKey" file="/home/runner/work/develop/develop/packages/framework/tests/Unit/Pages/InMemoryPageUnitTest.php" line="41" class="Hyde\Framework\Testing\Unit\Pages\InMemoryPageUnitTest" classname="Hyde.Framework.Testing.Unit.Pages.InMemoryPageUnitTest" assertions="1" time="0.001859"/>
        <testcase name="testFileExtension" file="/home/runner/work/develop/develop/packages/framework/tests/Unit/Pages/InMemoryPageUnitTest.php" line="49" class="Hyde\Framework\Testing\Unit\Pages\InMemoryPageUnitTest" classname="Hyde.Framework.Testing.Unit.Pages.InMemoryPageUnitTest" assertions="1" time="0.001895"/>
        <testcase name="testSourcePath" file="/home/runner/work/develop/develop/packages/framework/tests/Unit/Pages/InMemoryPageUnitTest.php" line="57" class="Hyde\Framework\Testing\Unit\Pages\InMemoryPageUnitTest" classname="Hyde.Framework.Testing.Unit.Pages.InMemoryPageUnitTest" assertions="1" time="0.001915"/>
        <testcase name="testOutputPath" file="/home/runner/work/develop/develop/packages/framework/tests/Unit/Pages/InMemoryPageUnitTest.php" line="65" class="Hyde\Framework\Testing\Unit\Pages\InMemoryPageUnitTest" classname="Hyde.Framework.Testing.Unit.Pages.InMemoryPageUnitTest" assertions="1" time="0.001889"/>
        <testcase name="testPath" file="/home/runner/work/develop/develop/packages/framework/tests/Unit/Pages/InMemoryPageUnitTest.php" line="73" class="Hyde\Framework\Testing\Unit\Pages\InMemoryPageUnitTest" classname="Hyde.Framework.Testing.Unit.Pages.InMemoryPageUnitTest" assertions="1" time="0.002009"/>
        <testcase name="testGetSourcePath" file="/home/runner/work/develop/develop/packages/framework/tests/Unit/Pages/InMemoryPageUnitTest.php" line="81" class="Hyde\Framework\Testing\Unit\Pages\InMemoryPageUnitTest" classname="Hyde.Framework.Testing.Unit.Pages.InMemoryPageUnitTest" assertions="1" time="0.003096"/>
        <testcase name="testGetOutputPath" file="/home/runner/work/develop/develop/packages/framework/tests/Unit/Pages/InMemoryPageUnitTest.php" line="89" class="Hyde\Framework\Testing\Unit\Pages\InMemoryPageUnitTest" classname="Hyde.Framework.Testing.Unit.Pages.InMemoryPageUnitTest" assertions="1" time="0.002987"/>
        <testcase name="testGetLink" file="/home/runner/work/develop/develop/packages/framework/tests/Unit/Pages/InMemoryPageUnitTest.php" line="97" class="Hyde\Framework\Testing\Unit\Pages\InMemoryPageUnitTest" classname="Hyde.Framework.Testing.Unit.Pages.InMemoryPageUnitTest" assertions="1" time="0.002976"/>
        <testcase name="testMake" file="/home/runner/work/develop/develop/packages/framework/tests/Unit/Pages/InMemoryPageUnitTest.php" line="105" class="Hyde\Framework\Testing\Unit\Pages\InMemoryPageUnitTest" classname="Hyde.Framework.Testing.Unit.Pages.InMemoryPageUnitTest" assertions="1" time="0.004016"/>
        <testcase name="testMakeWithData" file="/home/runner/work/develop/develop/packages/framework/tests/Unit/Pages/InMemoryPageUnitTest.php" line="110" class="Hyde\Framework\Testing\Unit\Pages\InMemoryPageUnitTest" classname="Hyde.Framework.Testing.Unit.Pages.InMemoryPageUnitTest" assertions="1" time="0.003952"/>
        <testcase name="testShowInNavigation" file="/home/runner/work/develop/develop/packages/framework/tests/Unit/Pages/InMemoryPageUnitTest.php" line="118" class="Hyde\Framework\Testing\Unit\Pages\InMemoryPageUnitTest" classname="Hyde.Framework.Testing.Unit.Pages.InMemoryPageUnitTest" assertions="1" time="0.002985"/>
        <testcase name="testNavigationMenuPriority" file="/home/runner/work/develop/develop/packages/framework/tests/Unit/Pages/InMemoryPageUnitTest.php" line="123" class="Hyde\Framework\Testing\Unit\Pages\InMemoryPageUnitTest" classname="Hyde.Framework.Testing.Unit.Pages.InMemoryPageUnitTest" assertions="1" time="0.003045"/>
        <testcase name="testNavigationMenuLabel" file="/home/runner/work/develop/develop/packages/framework/tests/Unit/Pages/InMemoryPageUnitTest.php" line="128" class="Hyde\Framework\Testing\Unit\Pages\InMemoryPageUnitTest" classname="Hyde.Framework.Testing.Unit.Pages.InMemoryPageUnitTest" assertions="1" time="0.002980"/>
        <testcase name="testNavigationMenuGroup" file="/home/runner/work/develop/develop/packages/framework/tests/Unit/Pages/InMemoryPageUnitTest.php" line="133" class="Hyde\Framework\Testing\Unit\Pages\InMemoryPageUnitTest" classname="Hyde.Framework.Testing.Unit.Pages.InMemoryPageUnitTest" assertions="1" time="0.002983"/>
        <testcase name="testGetBladeView" file="/home/runner/work/develop/develop/packages/framework/tests/Unit/Pages/InMemoryPageUnitTest.php" line="138" class="Hyde\Framework\Testing\Unit\Pages\InMemoryPageUnitTest" classname="Hyde.Framework.Testing.Unit.Pages.InMemoryPageUnitTest" assertions="1" time="0.003012"/>
        <testcase name="testFiles" file="/home/runner/work/develop/develop/packages/framework/tests/Unit/Pages/InMemoryPageUnitTest.php" line="143" class="Hyde\Framework\Testing\Unit\Pages\InMemoryPageUnitTest" classname="Hyde.Framework.Testing.Unit.Pages.InMemoryPageUnitTest" assertions="1" time="0.005735"/>
        <testcase name="testData" file="/home/runner/work/develop/develop/packages/framework/tests/Unit/Pages/InMemoryPageUnitTest.php" line="148" class="Hyde\Framework\Testing\Unit\Pages\InMemoryPageUnitTest" classname="Hyde.Framework.Testing.Unit.Pages.InMemoryPageUnitTest" assertions="1" time="0.003037"/>
        <testcase name="testGet" file="/home/runner/work/develop/develop/packages/framework/tests/Unit/Pages/InMemoryPageUnitTest.php" line="153" class="Hyde\Framework\Testing\Unit\Pages\InMemoryPageUnitTest" classname="Hyde.Framework.Testing.Unit.Pages.InMemoryPageUnitTest" assertions="1" time="0.005933"/>
        <testcase name="testParse" file="/home/runner/work/develop/develop/packages/framework/tests/Unit/Pages/InMemoryPageUnitTest.php" line="160" class="Hyde\Framework\Testing\Unit\Pages\InMemoryPageUnitTest" classname="Hyde.Framework.Testing.Unit.Pages.InMemoryPageUnitTest" assertions="1" time="0.003832"/>
        <testcase name="testGetRouteKey" file="/home/runner/work/develop/develop/packages/framework/tests/Unit/Pages/InMemoryPageUnitTest.php" line="166" class="Hyde\Framework\Testing\Unit\Pages\InMemoryPageUnitTest" classname="Hyde.Framework.Testing.Unit.Pages.InMemoryPageUnitTest" assertions="1" time="0.003056"/>
        <testcase name="testTitle" file="/home/runner/work/develop/develop/packages/framework/tests/Unit/Pages/InMemoryPageUnitTest.php" line="171" class="Hyde\Framework\Testing\Unit\Pages\InMemoryPageUnitTest" classname="Hyde.Framework.Testing.Unit.Pages.InMemoryPageUnitTest" assertions="1" time="0.003025"/>
        <testcase name="testAll" file="/home/runner/work/develop/develop/packages/framework/tests/Unit/Pages/InMemoryPageUnitTest.php" line="177" class="Hyde\Framework\Testing\Unit\Pages\InMemoryPageUnitTest" classname="Hyde.Framework.Testing.Unit.Pages.InMemoryPageUnitTest" assertions="1" time="0.005562"/>
        <testcase name="testMetadata" file="/home/runner/work/develop/develop/packages/framework/tests/Unit/Pages/InMemoryPageUnitTest.php" line="182" class="Hyde\Framework\Testing\Unit\Pages\InMemoryPageUnitTest" classname="Hyde.Framework.Testing.Unit.Pages.InMemoryPageUnitTest" assertions="1" time="0.002977"/>
        <testcase name="testConstruct" file="/home/runner/work/develop/develop/packages/framework/tests/Unit/Pages/InMemoryPageUnitTest.php" line="187" class="Hyde\Framework\Testing\Unit\Pages\InMemoryPageUnitTest" classname="Hyde.Framework.Testing.Unit.Pages.InMemoryPageUnitTest" assertions="1" time="0.002944"/>
        <testcase name="testGetRoute" file="/home/runner/work/develop/develop/packages/framework/tests/Unit/Pages/InMemoryPageUnitTest.php" line="192" class="Hyde\Framework\Testing\Unit\Pages\InMemoryPageUnitTest" classname="Hyde.Framework.Testing.Unit.Pages.InMemoryPageUnitTest" assertions="1" time="0.005870"/>
        <testcase name="testGetIdentifier" file="/home/runner/work/develop/develop/packages/framework/tests/Unit/Pages/InMemoryPageUnitTest.php" line="197" class="Hyde\Framework\Testing\Unit\Pages\InMemoryPageUnitTest" classname="Hyde.Framework.Testing.Unit.Pages.InMemoryPageUnitTest" assertions="1" time="0.003075"/>
        <testcase name="testHas" file="/home/runner/work/develop/develop/packages/framework/tests/Unit/Pages/InMemoryPageUnitTest.php" line="202" class="Hyde\Framework\Testing\Unit\Pages\InMemoryPageUnitTest" classname="Hyde.Framework.Testing.Unit.Pages.InMemoryPageUnitTest" assertions="1" time="0.002965"/>
        <testcase name="testToCoreDataObject" file="/home/runner/work/develop/develop/packages/framework/tests/Unit/Pages/InMemoryPageUnitTest.php" line="207" class="Hyde\Framework\Testing\Unit\Pages\InMemoryPageUnitTest" classname="Hyde.Framework.Testing.Unit.Pages.InMemoryPageUnitTest" assertions="1" time="0.003047"/>
        <testcase name="testCompile" file="/home/runner/work/develop/develop/packages/framework/tests/Unit/Pages/InMemoryPageUnitTest.php" line="212" class="Hyde\Framework\Testing\Unit\Pages\InMemoryPageUnitTest" classname="Hyde.Framework.Testing.Unit.Pages.InMemoryPageUnitTest" assertions="1" time="0.012753"/>
        <testcase name="testMatter" file="/home/runner/work/develop/develop/packages/framework/tests/Unit/Pages/InMemoryPageUnitTest.php" line="221" class="Hyde\Framework\Testing\Unit\Pages\InMemoryPageUnitTest" classname="Hyde.Framework.Testing.Unit.Pages.InMemoryPageUnitTest" assertions="1" time="0.002976"/>
      </testsuite>
      <testsuite name="Hyde\Framework\Testing\Unit\Pages\MarkdownPageModelConstructorArgumentsAreOptionalTest" file="/home/runner/work/develop/develop/packages/framework/tests/Unit/Pages/MarkdownPageModelConstructorArgumentsAreOptionalTest.php" tests="1" assertions="3" errors="0" failures="0" skipped="0" time="0.006512">
        <testcase name="testMarkdownPageModelConstructorArgumentsAreOptional" file="/home/runner/work/develop/develop/packages/framework/tests/Unit/Pages/MarkdownPageModelConstructorArgumentsAreOptionalTest.php" line="14" class="Hyde\Framework\Testing\Unit\Pages\MarkdownPageModelConstructorArgumentsAreOptionalTest" classname="Hyde.Framework.Testing.Unit.Pages.MarkdownPageModelConstructorArgumentsAreOptionalTest" assertions="3" time="0.006512"/>
      </testsuite>
      <testsuite name="Hyde\Framework\Testing\Unit\Pages\MarkdownPageTest" file="/home/runner/work/develop/develop/packages/framework/tests/Unit/Pages/MarkdownPageTest.php" tests="3" assertions="6" errors="0" failures="0" skipped="0" time="0.035589">
        <testcase name="testCanGetCollectionOfSlugs" file="/home/runner/work/develop/develop/packages/framework/tests/Unit/Pages/MarkdownPageTest.php" line="19" class="Hyde\Framework\Testing\Unit\Pages\MarkdownPageTest" classname="Hyde.Framework.Testing.Unit.Pages.MarkdownPageTest" assertions="1" time="0.009564"/>
        <testcase name="testCreatedModelContainsExpectedData" file="/home/runner/work/develop/develop/packages/framework/tests/Unit/Pages/MarkdownPageTest.php" line="25" class="Hyde\Framework\Testing\Unit\Pages\MarkdownPageTest" classname="Hyde.Framework.Testing.Unit.Pages.MarkdownPageTest" assertions="3" time="0.005384"/>
        <testcase name="testCanRenderMarkdownPage" file="/home/runner/work/develop/develop/packages/framework/tests/Unit/Pages/MarkdownPageTest.php" line="35" class="Hyde\Framework\Testing\Unit\Pages\MarkdownPageTest" classname="Hyde.Framework.Testing.Unit.Pages.MarkdownPageTest" assertions="2" time="0.020640"/>
      </testsuite>
      <testsuite name="Hyde\Framework\Testing\Unit\Pages\MarkdownPageUnitTest" file="/home/runner/work/develop/develop/packages/framework/tests/Unit/Pages/MarkdownPageUnitTest.php" tests="34" assertions="35" errors="0" failures="0" skipped="0" time="0.114927">
        <testcase name="testSourceDirectory" file="/home/runner/work/develop/develop/packages/framework/tests/Unit/Pages/MarkdownPageUnitTest.php" line="24" class="Hyde\Framework\Testing\Unit\Pages\MarkdownPageUnitTest" classname="Hyde.Framework.Testing.Unit.Pages.MarkdownPageUnitTest" assertions="1" time="0.002276"/>
        <testcase name="testOutputDirectory" file="/home/runner/work/develop/develop/packages/framework/tests/Unit/Pages/MarkdownPageUnitTest.php" line="32" class="Hyde\Framework\Testing\Unit\Pages\MarkdownPageUnitTest" classname="Hyde.Framework.Testing.Unit.Pages.MarkdownPageUnitTest" assertions="1" time="0.002059"/>
        <testcase name="testBaseRouteKey" file="/home/runner/work/develop/develop/packages/framework/tests/Unit/Pages/MarkdownPageUnitTest.php" line="40" class="Hyde\Framework\Testing\Unit\Pages\MarkdownPageUnitTest" classname="Hyde.Framework.Testing.Unit.Pages.MarkdownPageUnitTest" assertions="1" time="0.001941"/>
        <testcase name="testFileExtension" file="/home/runner/work/develop/develop/packages/framework/tests/Unit/Pages/MarkdownPageUnitTest.php" line="48" class="Hyde\Framework\Testing\Unit\Pages\MarkdownPageUnitTest" classname="Hyde.Framework.Testing.Unit.Pages.MarkdownPageUnitTest" assertions="1" time="0.001869"/>
        <testcase name="testSourcePath" file="/home/runner/work/develop/develop/packages/framework/tests/Unit/Pages/MarkdownPageUnitTest.php" line="56" class="Hyde\Framework\Testing\Unit\Pages\MarkdownPageUnitTest" classname="Hyde.Framework.Testing.Unit.Pages.MarkdownPageUnitTest" assertions="1" time="0.001909"/>
        <testcase name="testOutputPath" file="/home/runner/work/develop/develop/packages/framework/tests/Unit/Pages/MarkdownPageUnitTest.php" line="64" class="Hyde\Framework\Testing\Unit\Pages\MarkdownPageUnitTest" classname="Hyde.Framework.Testing.Unit.Pages.MarkdownPageUnitTest" assertions="1" time="0.001916"/>
        <testcase name="testPath" file="/home/runner/work/develop/develop/packages/framework/tests/Unit/Pages/MarkdownPageUnitTest.php" line="72" class="Hyde\Framework\Testing\Unit\Pages\MarkdownPageUnitTest" classname="Hyde.Framework.Testing.Unit.Pages.MarkdownPageUnitTest" assertions="1" time="0.001996"/>
        <testcase name="testGetSourcePath" file="/home/runner/work/develop/develop/packages/framework/tests/Unit/Pages/MarkdownPageUnitTest.php" line="80" class="Hyde\Framework\Testing\Unit\Pages\MarkdownPageUnitTest" classname="Hyde.Framework.Testing.Unit.Pages.MarkdownPageUnitTest" assertions="1" time="0.003070"/>
        <testcase name="testGetOutputPath" file="/home/runner/work/develop/develop/packages/framework/tests/Unit/Pages/MarkdownPageUnitTest.php" line="88" class="Hyde\Framework\Testing\Unit\Pages\MarkdownPageUnitTest" classname="Hyde.Framework.Testing.Unit.Pages.MarkdownPageUnitTest" assertions="1" time="0.002989"/>
        <testcase name="testGetLink" file="/home/runner/work/develop/develop/packages/framework/tests/Unit/Pages/MarkdownPageUnitTest.php" line="96" class="Hyde\Framework\Testing\Unit\Pages\MarkdownPageUnitTest" classname="Hyde.Framework.Testing.Unit.Pages.MarkdownPageUnitTest" assertions="1" time="0.003037"/>
        <testcase name="testMake" file="/home/runner/work/develop/develop/packages/framework/tests/Unit/Pages/MarkdownPageUnitTest.php" line="104" class="Hyde\Framework\Testing\Unit\Pages\MarkdownPageUnitTest" classname="Hyde.Framework.Testing.Unit.Pages.MarkdownPageUnitTest" assertions="1" time="0.003506"/>
        <testcase name="testMakeWithData" file="/home/runner/work/develop/develop/packages/framework/tests/Unit/Pages/MarkdownPageUnitTest.php" line="109" class="Hyde\Framework\Testing\Unit\Pages\MarkdownPageUnitTest" classname="Hyde.Framework.Testing.Unit.Pages.MarkdownPageUnitTest" assertions="1" time="0.003915"/>
        <testcase name="testShowInNavigation" file="/home/runner/work/develop/develop/packages/framework/tests/Unit/Pages/MarkdownPageUnitTest.php" line="117" class="Hyde\Framework\Testing\Unit\Pages\MarkdownPageUnitTest" classname="Hyde.Framework.Testing.Unit.Pages.MarkdownPageUnitTest" assertions="1" time="0.002784"/>
        <testcase name="testNavigationMenuPriority" file="/home/runner/work/develop/develop/packages/framework/tests/Unit/Pages/MarkdownPageUnitTest.php" line="122" class="Hyde\Framework\Testing\Unit\Pages\MarkdownPageUnitTest" classname="Hyde.Framework.Testing.Unit.Pages.MarkdownPageUnitTest" assertions="1" time="0.002779"/>
        <testcase name="testNavigationMenuLabel" file="/home/runner/work/develop/develop/packages/framework/tests/Unit/Pages/MarkdownPageUnitTest.php" line="127" class="Hyde\Framework\Testing\Unit\Pages\MarkdownPageUnitTest" classname="Hyde.Framework.Testing.Unit.Pages.MarkdownPageUnitTest" assertions="1" time="0.003009"/>
        <testcase name="testNavigationMenuGroup" file="/home/runner/work/develop/develop/packages/framework/tests/Unit/Pages/MarkdownPageUnitTest.php" line="132" class="Hyde\Framework\Testing\Unit\Pages\MarkdownPageUnitTest" classname="Hyde.Framework.Testing.Unit.Pages.MarkdownPageUnitTest" assertions="1" time="0.002970"/>
        <testcase name="testGetBladeView" file="/home/runner/work/develop/develop/packages/framework/tests/Unit/Pages/MarkdownPageUnitTest.php" line="137" class="Hyde\Framework\Testing\Unit\Pages\MarkdownPageUnitTest" classname="Hyde.Framework.Testing.Unit.Pages.MarkdownPageUnitTest" assertions="1" time="0.003003"/>
        <testcase name="testFiles" file="/home/runner/work/develop/develop/packages/framework/tests/Unit/Pages/MarkdownPageUnitTest.php" line="142" class="Hyde\Framework\Testing\Unit\Pages\MarkdownPageUnitTest" classname="Hyde.Framework.Testing.Unit.Pages.MarkdownPageUnitTest" assertions="1" time="0.005559"/>
        <testcase name="testData" file="/home/runner/work/develop/develop/packages/framework/tests/Unit/Pages/MarkdownPageUnitTest.php" line="147" class="Hyde\Framework\Testing\Unit\Pages\MarkdownPageUnitTest" classname="Hyde.Framework.Testing.Unit.Pages.MarkdownPageUnitTest" assertions="1" time="0.003006"/>
        <testcase name="testGet" file="/home/runner/work/develop/develop/packages/framework/tests/Unit/Pages/MarkdownPageUnitTest.php" line="152" class="Hyde\Framework\Testing\Unit\Pages\MarkdownPageUnitTest" classname="Hyde.Framework.Testing.Unit.Pages.MarkdownPageUnitTest" assertions="1" time="0.007653"/>
        <testcase name="testParse" file="/home/runner/work/develop/develop/packages/framework/tests/Unit/Pages/MarkdownPageUnitTest.php" line="158" class="Hyde\Framework\Testing\Unit\Pages\MarkdownPageUnitTest" classname="Hyde.Framework.Testing.Unit.Pages.MarkdownPageUnitTest" assertions="1" time="0.004001"/>
        <testcase name="testGetRouteKey" file="/home/runner/work/develop/develop/packages/framework/tests/Unit/Pages/MarkdownPageUnitTest.php" line="164" class="Hyde\Framework\Testing\Unit\Pages\MarkdownPageUnitTest" classname="Hyde.Framework.Testing.Unit.Pages.MarkdownPageUnitTest" assertions="1" time="0.003030"/>
        <testcase name="testTitle" file="/home/runner/work/develop/develop/packages/framework/tests/Unit/Pages/MarkdownPageUnitTest.php" line="169" class="Hyde\Framework\Testing\Unit\Pages\MarkdownPageUnitTest" classname="Hyde.Framework.Testing.Unit.Pages.MarkdownPageUnitTest" assertions="1" time="0.003065"/>
        <testcase name="testAll" file="/home/runner/work/develop/develop/packages/framework/tests/Unit/Pages/MarkdownPageUnitTest.php" line="175" class="Hyde\Framework\Testing\Unit\Pages\MarkdownPageUnitTest" classname="Hyde.Framework.Testing.Unit.Pages.MarkdownPageUnitTest" assertions="1" time="0.005657"/>
        <testcase name="testMetadata" file="/home/runner/work/develop/develop/packages/framework/tests/Unit/Pages/MarkdownPageUnitTest.php" line="180" class="Hyde\Framework\Testing\Unit\Pages\MarkdownPageUnitTest" classname="Hyde.Framework.Testing.Unit.Pages.MarkdownPageUnitTest" assertions="1" time="0.002863"/>
        <testcase name="testConstruct" file="/home/runner/work/develop/develop/packages/framework/tests/Unit/Pages/MarkdownPageUnitTest.php" line="185" class="Hyde\Framework\Testing\Unit\Pages\MarkdownPageUnitTest" classname="Hyde.Framework.Testing.Unit.Pages.MarkdownPageUnitTest" assertions="1" time="0.002813"/>
        <testcase name="testGetRoute" file="/home/runner/work/develop/develop/packages/framework/tests/Unit/Pages/MarkdownPageUnitTest.php" line="190" class="Hyde\Framework\Testing\Unit\Pages\MarkdownPageUnitTest" classname="Hyde.Framework.Testing.Unit.Pages.MarkdownPageUnitTest" assertions="1" time="0.005886"/>
        <testcase name="testGetIdentifier" file="/home/runner/work/develop/develop/packages/framework/tests/Unit/Pages/MarkdownPageUnitTest.php" line="195" class="Hyde\Framework\Testing\Unit\Pages\MarkdownPageUnitTest" classname="Hyde.Framework.Testing.Unit.Pages.MarkdownPageUnitTest" assertions="1" time="0.003038"/>
        <testcase name="testHas" file="/home/runner/work/develop/develop/packages/framework/tests/Unit/Pages/MarkdownPageUnitTest.php" line="200" class="Hyde\Framework\Testing\Unit\Pages\MarkdownPageUnitTest" classname="Hyde.Framework.Testing.Unit.Pages.MarkdownPageUnitTest" assertions="1" time="0.002992"/>
        <testcase name="testToCoreDataObject" file="/home/runner/work/develop/develop/packages/framework/tests/Unit/Pages/MarkdownPageUnitTest.php" line="205" class="Hyde\Framework\Testing\Unit\Pages\MarkdownPageUnitTest" classname="Hyde.Framework.Testing.Unit.Pages.MarkdownPageUnitTest" assertions="1" time="0.003055"/>
        <testcase name="testCompile" file="/home/runner/work/develop/develop/packages/framework/tests/Unit/Pages/MarkdownPageUnitTest.php" line="210" class="Hyde\Framework\Testing\Unit\Pages\MarkdownPageUnitTest" classname="Hyde.Framework.Testing.Unit.Pages.MarkdownPageUnitTest" assertions="1" time="0.007564"/>
        <testcase name="testMatter" file="/home/runner/work/develop/develop/packages/framework/tests/Unit/Pages/MarkdownPageUnitTest.php" line="217" class="Hyde\Framework\Testing\Unit\Pages\MarkdownPageUnitTest" classname="Hyde.Framework.Testing.Unit.Pages.MarkdownPageUnitTest" assertions="1" time="0.003022"/>
        <testcase name="testMarkdown" file="/home/runner/work/develop/develop/packages/framework/tests/Unit/Pages/MarkdownPageUnitTest.php" line="222" class="Hyde\Framework\Testing\Unit\Pages\MarkdownPageUnitTest" classname="Hyde.Framework.Testing.Unit.Pages.MarkdownPageUnitTest" assertions="1" time="0.003000"/>
        <testcase name="testSave" file="/home/runner/work/develop/develop/packages/framework/tests/Unit/Pages/MarkdownPageUnitTest.php" line="227" class="Hyde\Framework\Testing\Unit\Pages\MarkdownPageUnitTest" classname="Hyde.Framework.Testing.Unit.Pages.MarkdownPageUnitTest" assertions="2" time="0.003694"/>
      </testsuite>
      <testsuite name="Hyde\Framework\Testing\Unit\Pages\MarkdownPostHelpersTest" file="/home/runner/work/develop/develop/packages/framework/tests/Unit/Pages/MarkdownPostHelpersTest.php" tests="6" assertions="6" errors="0" failures="0" skipped="0" time="0.032492">
        <testcase name="testGetCurrentPagePathReturnsLocalUriPathForPostSlug" file="/home/runner/work/develop/develop/packages/framework/tests/Unit/Pages/MarkdownPostHelpersTest.php" line="15" class="Hyde\Framework\Testing\Unit\Pages\MarkdownPostHelpersTest" classname="Hyde.Framework.Testing.Unit.Pages.MarkdownPostHelpersTest" assertions="1" time="0.006635"/>
        <testcase name="testGetCanonicalLinkReturnsCanonicalUriPathForPostSlug" file="/home/runner/work/develop/develop/packages/framework/tests/Unit/Pages/MarkdownPostHelpersTest.php" line="21" class="Hyde\Framework\Testing\Unit\Pages\MarkdownPostHelpersTest" classname="Hyde.Framework.Testing.Unit.Pages.MarkdownPostHelpersTest" assertions="1" time="0.005197"/>
        <testcase name="testGetCanonicalLinkReturnsPrettyUrlWhenEnabled" file="/home/runner/work/develop/develop/packages/framework/tests/Unit/Pages/MarkdownPostHelpersTest.php" line="28" class="Hyde\Framework\Testing\Unit\Pages\MarkdownPostHelpersTest" classname="Hyde.Framework.Testing.Unit.Pages.MarkdownPostHelpersTest" assertions="1" time="0.005245"/>
        <testcase name="testGetPostDescriptionReturnsPostDescriptionWhenSetInFrontMatter" file="/home/runner/work/develop/develop/packages/framework/tests/Unit/Pages/MarkdownPostHelpersTest.php" line="35" class="Hyde\Framework\Testing\Unit\Pages\MarkdownPostHelpersTest" classname="Hyde.Framework.Testing.Unit.Pages.MarkdownPostHelpersTest" assertions="1" time="0.005080"/>
        <testcase name="testGetPostDescriptionReturnsPostBodyWhenNoDescriptionSetInFrontMatter" file="/home/runner/work/develop/develop/packages/framework/tests/Unit/Pages/MarkdownPostHelpersTest.php" line="41" class="Hyde\Framework\Testing\Unit\Pages\MarkdownPostHelpersTest" classname="Hyde.Framework.Testing.Unit.Pages.MarkdownPostHelpersTest" assertions="1" time="0.005149"/>
        <testcase name="testDynamicDescriptionIsTruncatedWhenLongerThan128Characters" file="/home/runner/work/develop/develop/packages/framework/tests/Unit/Pages/MarkdownPostHelpersTest.php" line="47" class="Hyde\Framework\Testing\Unit\Pages\MarkdownPostHelpersTest" classname="Hyde.Framework.Testing.Unit.Pages.MarkdownPostHelpersTest" assertions="1" time="0.005186"/>
      </testsuite>
      <testsuite name="Hyde\Framework\Testing\Unit\Pages\MarkdownPostParserTest" file="/home/runner/work/develop/develop/packages/framework/tests/Unit/Pages/MarkdownPostParserTest.php" tests="2" assertions="11" errors="0" failures="0" skipped="0" time="0.013107">
        <testcase name="testCanParseMarkdownFile" file="/home/runner/work/develop/develop/packages/framework/tests/Unit/Pages/MarkdownPostParserTest.php" line="42" class="Hyde\Framework\Testing\Unit\Pages\MarkdownPostParserTest" classname="Hyde.Framework.Testing.Unit.Pages.MarkdownPostParserTest" assertions="8" time="0.006916"/>
        <testcase name="testParsedMarkdownPostContainsValidFrontMatter" file="/home/runner/work/develop/develop/packages/framework/tests/Unit/Pages/MarkdownPostParserTest.php" line="55" class="Hyde\Framework\Testing\Unit\Pages\MarkdownPostParserTest" classname="Hyde.Framework.Testing.Unit.Pages.MarkdownPostParserTest" assertions="3" time="0.006192"/>
      </testsuite>
      <testsuite name="Hyde\Framework\Testing\Unit\Pages\MarkdownPostUnitTest" file="/home/runner/work/develop/develop/packages/framework/tests/Unit/Pages/MarkdownPostUnitTest.php" tests="34" assertions="35" errors="0" failures="0" skipped="0" time="0.122858">
        <testcase name="testSourceDirectory" file="/home/runner/work/develop/develop/packages/framework/tests/Unit/Pages/MarkdownPostUnitTest.php" line="24" class="Hyde\Framework\Testing\Unit\Pages\MarkdownPostUnitTest" classname="Hyde.Framework.Testing.Unit.Pages.MarkdownPostUnitTest" assertions="1" time="0.002094"/>
        <testcase name="testOutputDirectory" file="/home/runner/work/develop/develop/packages/framework/tests/Unit/Pages/MarkdownPostUnitTest.php" line="32" class="Hyde\Framework\Testing\Unit\Pages\MarkdownPostUnitTest" classname="Hyde.Framework.Testing.Unit.Pages.MarkdownPostUnitTest" assertions="1" time="0.001974"/>
        <testcase name="testBaseRouteKey" file="/home/runner/work/develop/develop/packages/framework/tests/Unit/Pages/MarkdownPostUnitTest.php" line="40" class="Hyde\Framework\Testing\Unit\Pages\MarkdownPostUnitTest" classname="Hyde.Framework.Testing.Unit.Pages.MarkdownPostUnitTest" assertions="1" time="0.001919"/>
        <testcase name="testFileExtension" file="/home/runner/work/develop/develop/packages/framework/tests/Unit/Pages/MarkdownPostUnitTest.php" line="48" class="Hyde\Framework\Testing\Unit\Pages\MarkdownPostUnitTest" classname="Hyde.Framework.Testing.Unit.Pages.MarkdownPostUnitTest" assertions="1" time="0.001886"/>
        <testcase name="testSourcePath" file="/home/runner/work/develop/develop/packages/framework/tests/Unit/Pages/MarkdownPostUnitTest.php" line="56" class="Hyde\Framework\Testing\Unit\Pages\MarkdownPostUnitTest" classname="Hyde.Framework.Testing.Unit.Pages.MarkdownPostUnitTest" assertions="1" time="0.002048"/>
        <testcase name="testOutputPath" file="/home/runner/work/develop/develop/packages/framework/tests/Unit/Pages/MarkdownPostUnitTest.php" line="64" class="Hyde\Framework\Testing\Unit\Pages\MarkdownPostUnitTest" classname="Hyde.Framework.Testing.Unit.Pages.MarkdownPostUnitTest" assertions="1" time="0.001979"/>
        <testcase name="testPath" file="/home/runner/work/develop/develop/packages/framework/tests/Unit/Pages/MarkdownPostUnitTest.php" line="72" class="Hyde\Framework\Testing\Unit\Pages\MarkdownPostUnitTest" classname="Hyde.Framework.Testing.Unit.Pages.MarkdownPostUnitTest" assertions="1" time="0.001991"/>
        <testcase name="testGetSourcePath" file="/home/runner/work/develop/develop/packages/framework/tests/Unit/Pages/MarkdownPostUnitTest.php" line="80" class="Hyde\Framework\Testing\Unit\Pages\MarkdownPostUnitTest" classname="Hyde.Framework.Testing.Unit.Pages.MarkdownPostUnitTest" assertions="1" time="0.003254"/>
        <testcase name="testGetOutputPath" file="/home/runner/work/develop/develop/packages/framework/tests/Unit/Pages/MarkdownPostUnitTest.php" line="88" class="Hyde\Framework\Testing\Unit\Pages\MarkdownPostUnitTest" classname="Hyde.Framework.Testing.Unit.Pages.MarkdownPostUnitTest" assertions="1" time="0.003262"/>
        <testcase name="testGetLink" file="/home/runner/work/develop/develop/packages/framework/tests/Unit/Pages/MarkdownPostUnitTest.php" line="96" class="Hyde\Framework\Testing\Unit\Pages\MarkdownPostUnitTest" classname="Hyde.Framework.Testing.Unit.Pages.MarkdownPostUnitTest" assertions="1" time="0.003330"/>
        <testcase name="testMake" file="/home/runner/work/develop/develop/packages/framework/tests/Unit/Pages/MarkdownPostUnitTest.php" line="104" class="Hyde\Framework\Testing\Unit\Pages\MarkdownPostUnitTest" classname="Hyde.Framework.Testing.Unit.Pages.MarkdownPostUnitTest" assertions="1" time="0.004208"/>
        <testcase name="testMakeWithData" file="/home/runner/work/develop/develop/packages/framework/tests/Unit/Pages/MarkdownPostUnitTest.php" line="109" class="Hyde\Framework\Testing\Unit\Pages\MarkdownPostUnitTest" classname="Hyde.Framework.Testing.Unit.Pages.MarkdownPostUnitTest" assertions="1" time="0.004543"/>
        <testcase name="testShowInNavigation" file="/home/runner/work/develop/develop/packages/framework/tests/Unit/Pages/MarkdownPostUnitTest.php" line="117" class="Hyde\Framework\Testing\Unit\Pages\MarkdownPostUnitTest" classname="Hyde.Framework.Testing.Unit.Pages.MarkdownPostUnitTest" assertions="1" time="0.003167"/>
        <testcase name="testNavigationMenuPriority" file="/home/runner/work/develop/develop/packages/framework/tests/Unit/Pages/MarkdownPostUnitTest.php" line="122" class="Hyde\Framework\Testing\Unit\Pages\MarkdownPostUnitTest" classname="Hyde.Framework.Testing.Unit.Pages.MarkdownPostUnitTest" assertions="1" time="0.003239"/>
        <testcase name="testNavigationMenuLabel" file="/home/runner/work/develop/develop/packages/framework/tests/Unit/Pages/MarkdownPostUnitTest.php" line="127" class="Hyde\Framework\Testing\Unit\Pages\MarkdownPostUnitTest" classname="Hyde.Framework.Testing.Unit.Pages.MarkdownPostUnitTest" assertions="1" time="0.003276"/>
        <testcase name="testNavigationMenuGroup" file="/home/runner/work/develop/develop/packages/framework/tests/Unit/Pages/MarkdownPostUnitTest.php" line="132" class="Hyde\Framework\Testing\Unit\Pages\MarkdownPostUnitTest" classname="Hyde.Framework.Testing.Unit.Pages.MarkdownPostUnitTest" assertions="1" time="0.003268"/>
        <testcase name="testGetBladeView" file="/home/runner/work/develop/develop/packages/framework/tests/Unit/Pages/MarkdownPostUnitTest.php" line="137" class="Hyde\Framework\Testing\Unit\Pages\MarkdownPostUnitTest" classname="Hyde.Framework.Testing.Unit.Pages.MarkdownPostUnitTest" assertions="1" time="0.003397"/>
        <testcase name="testFiles" file="/home/runner/work/develop/develop/packages/framework/tests/Unit/Pages/MarkdownPostUnitTest.php" line="142" class="Hyde\Framework\Testing\Unit\Pages\MarkdownPostUnitTest" classname="Hyde.Framework.Testing.Unit.Pages.MarkdownPostUnitTest" assertions="1" time="0.005696"/>
        <testcase name="testData" file="/home/runner/work/develop/develop/packages/framework/tests/Unit/Pages/MarkdownPostUnitTest.php" line="147" class="Hyde\Framework\Testing\Unit\Pages\MarkdownPostUnitTest" classname="Hyde.Framework.Testing.Unit.Pages.MarkdownPostUnitTest" assertions="1" time="0.003245"/>
        <testcase name="testGet" file="/home/runner/work/develop/develop/packages/framework/tests/Unit/Pages/MarkdownPostUnitTest.php" line="152" class="Hyde\Framework\Testing\Unit\Pages\MarkdownPostUnitTest" classname="Hyde.Framework.Testing.Unit.Pages.MarkdownPostUnitTest" assertions="1" time="0.008201"/>
        <testcase name="testParse" file="/home/runner/work/develop/develop/packages/framework/tests/Unit/Pages/MarkdownPostUnitTest.php" line="158" class="Hyde\Framework\Testing\Unit\Pages\MarkdownPostUnitTest" classname="Hyde.Framework.Testing.Unit.Pages.MarkdownPostUnitTest" assertions="1" time="0.004177"/>
        <testcase name="testGetRouteKey" file="/home/runner/work/develop/develop/packages/framework/tests/Unit/Pages/MarkdownPostUnitTest.php" line="164" class="Hyde\Framework\Testing\Unit\Pages\MarkdownPostUnitTest" classname="Hyde.Framework.Testing.Unit.Pages.MarkdownPostUnitTest" assertions="1" time="0.003234"/>
        <testcase name="testTitle" file="/home/runner/work/develop/develop/packages/framework/tests/Unit/Pages/MarkdownPostUnitTest.php" line="169" class="Hyde\Framework\Testing\Unit\Pages\MarkdownPostUnitTest" classname="Hyde.Framework.Testing.Unit.Pages.MarkdownPostUnitTest" assertions="1" time="0.003292"/>
        <testcase name="testAll" file="/home/runner/work/develop/develop/packages/framework/tests/Unit/Pages/MarkdownPostUnitTest.php" line="175" class="Hyde\Framework\Testing\Unit\Pages\MarkdownPostUnitTest" classname="Hyde.Framework.Testing.Unit.Pages.MarkdownPostUnitTest" assertions="1" time="0.005432"/>
        <testcase name="testMetadata" file="/home/runner/work/develop/develop/packages/framework/tests/Unit/Pages/MarkdownPostUnitTest.php" line="180" class="Hyde\Framework\Testing\Unit\Pages\MarkdownPostUnitTest" classname="Hyde.Framework.Testing.Unit.Pages.MarkdownPostUnitTest" assertions="1" time="0.003153"/>
        <testcase name="testConstruct" file="/home/runner/work/develop/develop/packages/framework/tests/Unit/Pages/MarkdownPostUnitTest.php" line="185" class="Hyde\Framework\Testing\Unit\Pages\MarkdownPostUnitTest" classname="Hyde.Framework.Testing.Unit.Pages.MarkdownPostUnitTest" assertions="1" time="0.003159"/>
        <testcase name="testGetRoute" file="/home/runner/work/develop/develop/packages/framework/tests/Unit/Pages/MarkdownPostUnitTest.php" line="190" class="Hyde\Framework\Testing\Unit\Pages\MarkdownPostUnitTest" classname="Hyde.Framework.Testing.Unit.Pages.MarkdownPostUnitTest" assertions="1" time="0.006059"/>
        <testcase name="testGetIdentifier" file="/home/runner/work/develop/develop/packages/framework/tests/Unit/Pages/MarkdownPostUnitTest.php" line="195" class="Hyde\Framework\Testing\Unit\Pages\MarkdownPostUnitTest" classname="Hyde.Framework.Testing.Unit.Pages.MarkdownPostUnitTest" assertions="1" time="0.003296"/>
        <testcase name="testHas" file="/home/runner/work/develop/develop/packages/framework/tests/Unit/Pages/MarkdownPostUnitTest.php" line="200" class="Hyde\Framework\Testing\Unit\Pages\MarkdownPostUnitTest" classname="Hyde.Framework.Testing.Unit.Pages.MarkdownPostUnitTest" assertions="1" time="0.003250"/>
        <testcase name="testToCoreDataObject" file="/home/runner/work/develop/develop/packages/framework/tests/Unit/Pages/MarkdownPostUnitTest.php" line="205" class="Hyde\Framework\Testing\Unit\Pages\MarkdownPostUnitTest" classname="Hyde.Framework.Testing.Unit.Pages.MarkdownPostUnitTest" assertions="1" time="0.003275"/>
        <testcase name="testCompile" file="/home/runner/work/develop/develop/packages/framework/tests/Unit/Pages/MarkdownPostUnitTest.php" line="210" class="Hyde\Framework\Testing\Unit\Pages\MarkdownPostUnitTest" classname="Hyde.Framework.Testing.Unit.Pages.MarkdownPostUnitTest" assertions="1" time="0.008033"/>
        <testcase name="testMatter" file="/home/runner/work/develop/develop/packages/framework/tests/Unit/Pages/MarkdownPostUnitTest.php" line="217" class="Hyde\Framework\Testing\Unit\Pages\MarkdownPostUnitTest" classname="Hyde.Framework.Testing.Unit.Pages.MarkdownPostUnitTest" assertions="1" time="0.003285"/>
        <testcase name="testMarkdown" file="/home/runner/work/develop/develop/packages/framework/tests/Unit/Pages/MarkdownPostUnitTest.php" line="222" class="Hyde\Framework\Testing\Unit\Pages\MarkdownPostUnitTest" classname="Hyde.Framework.Testing.Unit.Pages.MarkdownPostUnitTest" assertions="1" time="0.003253"/>
        <testcase name="testSave" file="/home/runner/work/develop/develop/packages/framework/tests/Unit/Pages/MarkdownPostUnitTest.php" line="227" class="Hyde\Framework\Testing\Unit\Pages\MarkdownPostUnitTest" classname="Hyde.Framework.Testing.Unit.Pages.MarkdownPostUnitTest" assertions="2" time="0.003980"/>
      </testsuite>
      <testsuite name="Hyde\Framework\Testing\Unit\Pages\PageModelGetAllFilesHelperTest" file="/home/runner/work/develop/develop/packages/framework/tests/Unit/Pages/PageModelGetAllFilesHelperTest.php" tests="4" assertions="12" errors="0" failures="0" skipped="0" time="0.036923">
        <testcase name="testBladePageGetHelperReturnsBladePageArray" file="/home/runner/work/develop/develop/packages/framework/tests/Unit/Pages/PageModelGetAllFilesHelperTest.php" line="19" class="Hyde\Framework\Testing\Unit\Pages\PageModelGetAllFilesHelperTest" classname="Hyde.Framework.Testing.Unit.Pages.PageModelGetAllFilesHelperTest" assertions="3" time="0.009638"/>
        <testcase name="testMarkdownPageGetHelperReturnsMarkdownPageArray" file="/home/runner/work/develop/develop/packages/framework/tests/Unit/Pages/PageModelGetAllFilesHelperTest.php" line="27" class="Hyde\Framework\Testing\Unit\Pages\PageModelGetAllFilesHelperTest" classname="Hyde.Framework.Testing.Unit.Pages.PageModelGetAllFilesHelperTest" assertions="3" time="0.008907"/>
        <testcase name="testMarkdownPostGetHelperReturnsMarkdownPostArray" file="/home/runner/work/develop/develop/packages/framework/tests/Unit/Pages/PageModelGetAllFilesHelperTest.php" line="39" class="Hyde\Framework\Testing\Unit\Pages\PageModelGetAllFilesHelperTest" classname="Hyde.Framework.Testing.Unit.Pages.PageModelGetAllFilesHelperTest" assertions="3" time="0.009479"/>
        <testcase name="testDocumentationPageGetHelperReturnsDocumentationPageArray" file="/home/runner/work/develop/develop/packages/framework/tests/Unit/Pages/PageModelGetAllFilesHelperTest.php" line="51" class="Hyde\Framework\Testing\Unit\Pages\PageModelGetAllFilesHelperTest" classname="Hyde.Framework.Testing.Unit.Pages.PageModelGetAllFilesHelperTest" assertions="3" time="0.008899"/>
      </testsuite>
      <testsuite name="Hyde\Framework\Testing\Unit\Pages\PageModelGetHelperTest" file="/home/runner/work/develop/develop/packages/framework/tests/Unit/Pages/PageModelGetHelperTest.php" tests="4" assertions="12" errors="0" failures="0" skipped="0" time="0.036269">
        <testcase name="testBladePageGetHelperReturnsBladePageCollection" file="/home/runner/work/develop/develop/packages/framework/tests/Unit/Pages/PageModelGetHelperTest.php" line="20" class="Hyde\Framework\Testing\Unit\Pages\PageModelGetHelperTest" classname="Hyde.Framework.Testing.Unit.Pages.PageModelGetHelperTest" assertions="3" time="0.007830"/>
        <testcase name="testMarkdownPageGetHelperReturnsMarkdownPageCollection" file="/home/runner/work/develop/develop/packages/framework/tests/Unit/Pages/PageModelGetHelperTest.php" line="28" class="Hyde\Framework\Testing\Unit\Pages\PageModelGetHelperTest" classname="Hyde.Framework.Testing.Unit.Pages.PageModelGetHelperTest" assertions="3" time="0.009675"/>
        <testcase name="testMarkdownPostGetHelperReturnsMarkdownPostCollection" file="/home/runner/work/develop/develop/packages/framework/tests/Unit/Pages/PageModelGetHelperTest.php" line="40" class="Hyde\Framework\Testing\Unit\Pages\PageModelGetHelperTest" classname="Hyde.Framework.Testing.Unit.Pages.PageModelGetHelperTest" assertions="3" time="0.010126"/>
        <testcase name="testDocumentationPageGetHelperReturnsDocumentationPageCollection" file="/home/runner/work/develop/develop/packages/framework/tests/Unit/Pages/PageModelGetHelperTest.php" line="52" class="Hyde\Framework\Testing\Unit\Pages\PageModelGetHelperTest" classname="Hyde.Framework.Testing.Unit.Pages.PageModelGetHelperTest" assertions="3" time="0.008638"/>
      </testsuite>
      <testsuite name="Hyde\Framework\Testing\Unit\Pages\PageModelParseHelperTest" file="/home/runner/work/develop/develop/packages/framework/tests/Unit/Pages/PageModelParseHelperTest.php" tests="4" assertions="4" errors="0" failures="0" skipped="0" time="0.021858">
        <testcase name="testBladePageGetHelperReturnsBladePageObject" file="/home/runner/work/develop/develop/packages/framework/tests/Unit/Pages/PageModelParseHelperTest.php" line="19" class="Hyde\Framework\Testing\Unit\Pages\PageModelParseHelperTest" classname="Hyde.Framework.Testing.Unit.Pages.PageModelParseHelperTest" assertions="1" time="0.005221"/>
        <testcase name="testMarkdownPageGetHelperReturnsMarkdownPageObject" file="/home/runner/work/develop/develop/packages/framework/tests/Unit/Pages/PageModelParseHelperTest.php" line="29" class="Hyde\Framework\Testing\Unit\Pages\PageModelParseHelperTest" classname="Hyde.Framework.Testing.Unit.Pages.PageModelParseHelperTest" assertions="1" time="0.005271"/>
        <testcase name="testMarkdownPostGetHelperReturnsMarkdownPostObject" file="/home/runner/work/develop/develop/packages/framework/tests/Unit/Pages/PageModelParseHelperTest.php" line="39" class="Hyde\Framework\Testing\Unit\Pages\PageModelParseHelperTest" classname="Hyde.Framework.Testing.Unit.Pages.PageModelParseHelperTest" assertions="1" time="0.005679"/>
        <testcase name="testDocumentationPageGetHelperReturnsDocumentationPageObject" file="/home/runner/work/develop/develop/packages/framework/tests/Unit/Pages/PageModelParseHelperTest.php" line="49" class="Hyde\Framework\Testing\Unit\Pages\PageModelParseHelperTest" classname="Hyde.Framework.Testing.Unit.Pages.PageModelParseHelperTest" assertions="1" time="0.005688"/>
      </testsuite>
      <testsuite name="Hyde\Framework\Testing\Unit\Pages\TestAllPageTypesHaveUnitTestsTest" file="/home/runner/work/develop/develop/packages/framework/tests/Unit/Pages/TestAllPageTypesHaveUnitTestsTest.php" tests="1" assertions="8" errors="0" failures="0" skipped="0" time="0.004540">
        <testcase name="testAllPageTypesHaveUnitTests" file="/home/runner/work/develop/develop/packages/framework/tests/Unit/Pages/TestAllPageTypesHaveUnitTestsTest.php" line="12" class="Hyde\Framework\Testing\Unit\Pages\TestAllPageTypesHaveUnitTestsTest" classname="Hyde.Framework.Testing.Unit.Pages.TestAllPageTypesHaveUnitTestsTest" assertions="8" time="0.004540"/>
      </testsuite>
      <testsuite name="Hyde\Framework\Testing\Unit\PostAuthorTest" file="/home/runner/work/develop/develop/packages/framework/tests/Unit/PostAuthorTest.php" tests="14" assertions="25" errors="0" failures="0" skipped="0" time="0.024816">
        <testcase name="testCreateMethodCreatesNewAuthorModel" file="/home/runner/work/develop/develop/packages/framework/tests/Unit/PostAuthorTest.php" line="21" class="Hyde\Framework\Testing\Unit\PostAuthorTest" classname="Hyde.Framework.Testing.Unit.PostAuthorTest" assertions="1" time="0.001803"/>
        <testcase name="testCreateMethodAcceptsAllParameters" file="/home/runner/work/develop/develop/packages/framework/tests/Unit/PostAuthorTest.php" line="28" class="Hyde\Framework\Testing\Unit\PostAuthorTest" classname="Hyde.Framework.Testing.Unit.PostAuthorTest" assertions="3" time="0.001808"/>
        <testcase name="testGetOrCreateMethodCreatesNewAuthorModelFromString" file="/home/runner/work/develop/develop/packages/framework/tests/Unit/PostAuthorTest.php" line="37" class="Hyde\Framework\Testing\Unit\PostAuthorTest" classname="Hyde.Framework.Testing.Unit.PostAuthorTest" assertions="1" time="0.001878"/>
        <testcase name="testGetOrCreateMethodCreatesNewAuthorModelFromStringCanFindExistingAuthor" file="/home/runner/work/develop/develop/packages/framework/tests/Unit/PostAuthorTest.php" line="43" class="Hyde\Framework\Testing\Unit\PostAuthorTest" classname="Hyde.Framework.Testing.Unit.PostAuthorTest" assertions="1" time="0.001913"/>
        <testcase name="testGetOrCreateMethodCreatesNewAuthorModelFromArray" file="/home/runner/work/develop/develop/packages/framework/tests/Unit/PostAuthorTest.php" line="52" class="Hyde\Framework\Testing\Unit\PostAuthorTest" classname="Hyde.Framework.Testing.Unit.PostAuthorTest" assertions="1" time="0.001680"/>
        <testcase name="testGetOrCreateMethodCreatesNewAuthorModelFromArrayOnlyNeedsUsername" file="/home/runner/work/develop/develop/packages/framework/tests/Unit/PostAuthorTest.php" line="62" class="Hyde\Framework\Testing\Unit\PostAuthorTest" classname="Hyde.Framework.Testing.Unit.PostAuthorTest" assertions="1" time="0.001642"/>
        <testcase name="testAllMethodReturnsEmptyCollectionIfNoAuthorsAreSetInConfig" file="/home/runner/work/develop/develop/packages/framework/tests/Unit/PostAuthorTest.php" line="67" class="Hyde\Framework\Testing\Unit\PostAuthorTest" classname="Hyde.Framework.Testing.Unit.PostAuthorTest" assertions="2" time="0.001766"/>
        <testcase name="testAllMethodReturnsCollectionWithAllAuthorsDefinedInConfig" file="/home/runner/work/develop/develop/packages/framework/tests/Unit/PostAuthorTest.php" line="76" class="Hyde\Framework\Testing\Unit\PostAuthorTest" classname="Hyde.Framework.Testing.Unit.PostAuthorTest" assertions="3" time="0.002006"/>
        <testcase name="testMultipleAuthorsCanBeDefinedInConfig" file="/home/runner/work/develop/develop/packages/framework/tests/Unit/PostAuthorTest.php" line="88" class="Hyde\Framework\Testing\Unit\PostAuthorTest" classname="Hyde.Framework.Testing.Unit.PostAuthorTest" assertions="4" time="0.002102"/>
        <testcase name="testGetMethodReturnsConfigDefinedAuthorByUsername" file="/home/runner/work/develop/develop/packages/framework/tests/Unit/PostAuthorTest.php" line="102" class="Hyde\Framework\Testing\Unit\PostAuthorTest" classname="Hyde.Framework.Testing.Unit.PostAuthorTest" assertions="3" time="0.001971"/>
        <testcase name="testGetMethodReturnsNewAuthorIfUsernameNotFoundInConfig" file="/home/runner/work/develop/develop/packages/framework/tests/Unit/PostAuthorTest.php" line="114" class="Hyde\Framework\Testing\Unit\PostAuthorTest" classname="Hyde.Framework.Testing.Unit.PostAuthorTest" assertions="2" time="0.001843"/>
        <testcase name="testGetNameHelperReturnsNameIfSet" file="/home/runner/work/develop/develop/packages/framework/tests/Unit/PostAuthorTest.php" line="123" class="Hyde\Framework\Testing\Unit\PostAuthorTest" classname="Hyde.Framework.Testing.Unit.PostAuthorTest" assertions="1" time="0.001464"/>
        <testcase name="testGetNameHelperReturnsUsernameIfNameIsNotSet" file="/home/runner/work/develop/develop/packages/framework/tests/Unit/PostAuthorTest.php" line="130" class="Hyde\Framework\Testing\Unit\PostAuthorTest" classname="Hyde.Framework.Testing.Unit.PostAuthorTest" assertions="1" time="0.001503"/>
        <testcase name="testToStringHelperReturnsTheName" file="/home/runner/work/develop/develop/packages/framework/tests/Unit/PostAuthorTest.php" line="137" class="Hyde\Framework\Testing\Unit\PostAuthorTest" classname="Hyde.Framework.Testing.Unit.PostAuthorTest" assertions="1" time="0.001436"/>
      </testsuite>
      <testsuite name="Hyde\Framework\Testing\Unit\RelativeLinksAcrossPagesRetainsIntegrityTest" file="/home/runner/work/develop/develop/packages/framework/tests/Unit/RelativeLinksAcrossPagesRetainsIntegrityTest.php" tests="1" assertions="18" errors="0" failures="0" skipped="0" time="0.090903">
        <testcase name="testRelativeLinksAcrossPagesRetainsIntegrity" file="/home/runner/work/develop/develop/packages/framework/tests/Unit/RelativeLinksAcrossPagesRetainsIntegrityTest.php" line="66" class="Hyde\Framework\Testing\Unit\RelativeLinksAcrossPagesRetainsIntegrityTest" classname="Hyde.Framework.Testing.Unit.RelativeLinksAcrossPagesRetainsIntegrityTest" assertions="18" time="0.090903"/>
      </testsuite>
      <testsuite name="Hyde\Framework\Testing\Unit\RouteKeyTest" file="/home/runner/work/develop/develop/packages/framework/tests/Unit/RouteKeyTest.php" tests="12" assertions="25" errors="0" failures="0" skipped="0" time="0.019924">
        <testcase name="testMake" file="/home/runner/work/develop/develop/packages/framework/tests/Unit/RouteKeyTest.php" line="21" class="Hyde\Framework\Testing\Unit\RouteKeyTest" classname="Hyde.Framework.Testing.Unit.RouteKeyTest" assertions="1" time="0.001751"/>
        <testcase name="testConstruct" file="/home/runner/work/develop/develop/packages/framework/tests/Unit/RouteKeyTest.php" line="26" class="Hyde\Framework\Testing\Unit\RouteKeyTest" classname="Hyde.Framework.Testing.Unit.RouteKeyTest" assertions="1" time="0.001444"/>
        <testcase name="testToString" file="/home/runner/work/develop/develop/packages/framework/tests/Unit/RouteKeyTest.php" line="31" class="Hyde\Framework\Testing\Unit\RouteKeyTest" classname="Hyde.Framework.Testing.Unit.RouteKeyTest" assertions="1" time="0.001422"/>
        <testcase name="testGet" file="/home/runner/work/develop/develop/packages/framework/tests/Unit/RouteKeyTest.php" line="36" class="Hyde\Framework\Testing\Unit\RouteKeyTest" classname="Hyde.Framework.Testing.Unit.RouteKeyTest" assertions="1" time="0.001386"/>
        <testcase name="testCast" file="/home/runner/work/develop/develop/packages/framework/tests/Unit/RouteKeyTest.php" line="41" class="Hyde\Framework\Testing\Unit\RouteKeyTest" classname="Hyde.Framework.Testing.Unit.RouteKeyTest" assertions="1" time="0.001443"/>
        <testcase name="testConstructorValuesAreNormalized" file="/home/runner/work/develop/develop/packages/framework/tests/Unit/RouteKeyTest.php" line="46" class="Hyde\Framework\Testing\Unit\RouteKeyTest" classname="Hyde.Framework.Testing.Unit.RouteKeyTest" assertions="3" time="0.001734"/>
        <testcase name="testStaticConstructorValuesAreNormalized" file="/home/runner/work/develop/develop/packages/framework/tests/Unit/RouteKeyTest.php" line="53" class="Hyde\Framework\Testing\Unit\RouteKeyTest" classname="Hyde.Framework.Testing.Unit.RouteKeyTest" assertions="3" time="0.001746"/>
        <testcase name="testFromPage" file="/home/runner/work/develop/develop/packages/framework/tests/Unit/RouteKeyTest.php" line="60" class="Hyde\Framework\Testing\Unit\RouteKeyTest" classname="Hyde.Framework.Testing.Unit.RouteKeyTest" assertions="5" time="0.002037"/>
        <testcase name="testFromPageWithNestedIdentifier" file="/home/runner/work/develop/develop/packages/framework/tests/Unit/RouteKeyTest.php" line="69" class="Hyde\Framework\Testing\Unit\RouteKeyTest" classname="Hyde.Framework.Testing.Unit.RouteKeyTest" assertions="5" time="0.002087"/>
        <testcase name="testFromPageWithInMemoryPage" file="/home/runner/work/develop/develop/packages/framework/tests/Unit/RouteKeyTest.php" line="78" class="Hyde\Framework\Testing\Unit\RouteKeyTest" classname="Hyde.Framework.Testing.Unit.RouteKeyTest" assertions="2" time="0.001685"/>
        <testcase name="testFromPageWithCustomOutputDirectory" file="/home/runner/work/develop/develop/packages/framework/tests/Unit/RouteKeyTest.php" line="84" class="Hyde\Framework\Testing\Unit\RouteKeyTest" classname="Hyde.Framework.Testing.Unit.RouteKeyTest" assertions="1" time="0.001572"/>
        <testcase name="testFromPageWithCustomNestedOutputDirectory" file="/home/runner/work/develop/develop/packages/framework/tests/Unit/RouteKeyTest.php" line="90" class="Hyde\Framework\Testing\Unit\RouteKeyTest" classname="Hyde.Framework.Testing.Unit.RouteKeyTest" assertions="1" time="0.001618"/>
      </testsuite>
      <testsuite name="Hyde\Framework\Testing\Unit\RouteNotFoundExceptionTest" file="/home/runner/work/develop/develop/packages/framework/tests/Unit/RouteNotFoundExceptionTest.php" tests="2" assertions="4" errors="0" failures="0" skipped="0" time="0.003204">
        <testcase name="testItCanBeInstantiated" file="/home/runner/work/develop/develop/packages/framework/tests/Unit/RouteNotFoundExceptionTest.php" line="15" class="Hyde\Framework\Testing\Unit\RouteNotFoundExceptionTest" classname="Hyde.Framework.Testing.Unit.RouteNotFoundExceptionTest" assertions="1" time="0.001524"/>
        <testcase name="testItThrowsAnExceptionWhenPageTypeIsNotSupported" file="/home/runner/work/develop/develop/packages/framework/tests/Unit/RouteNotFoundExceptionTest.php" line="22" class="Hyde\Framework\Testing\Unit\RouteNotFoundExceptionTest" classname="Hyde.Framework.Testing.Unit.RouteNotFoundExceptionTest" assertions="3" time="0.001681"/>
      </testsuite>
      <testsuite name="Hyde\Framework\Testing\Unit\RouteTest" file="/home/runner/work/develop/develop/packages/framework/tests/Unit/RouteTest.php" tests="18" assertions="23" errors="0" failures="0" skipped="0" time="0.054673">
        <testcase name="testConstructorCreatesRouteFromPageModel" file="/home/runner/work/develop/develop/packages/framework/tests/Unit/RouteTest.php" line="27" class="Hyde\Framework\Testing\Unit\RouteTest" classname="Hyde.Framework.Testing.Unit.RouteTest" assertions="1" time="0.002763"/>
        <testcase name="testGetPageTypeReturnsFullyQualifiedClassName" file="/home/runner/work/develop/develop/packages/framework/tests/Unit/RouteTest.php" line="32" class="Hyde\Framework\Testing\Unit\RouteTest" classname="Hyde.Framework.Testing.Unit.RouteTest" assertions="1" time="0.002597"/>
        <testcase name="testGetSourceModelReturnsPageModel" file="/home/runner/work/develop/develop/packages/framework/tests/Unit/RouteTest.php" line="37" class="Hyde\Framework\Testing\Unit\RouteTest" classname="Hyde.Framework.Testing.Unit.RouteTest" assertions="2" time="0.002683"/>
        <testcase name="testGetRouteKeyReturnsPagePath" file="/home/runner/work/develop/develop/packages/framework/tests/Unit/RouteTest.php" line="46" class="Hyde\Framework\Testing\Unit\RouteTest" classname="Hyde.Framework.Testing.Unit.RouteTest" assertions="1" time="0.002573"/>
        <testcase name="testGetSourceFilePathReturnsPageSourcePath" file="/home/runner/work/develop/develop/packages/framework/tests/Unit/RouteTest.php" line="52" class="Hyde\Framework\Testing\Unit\RouteTest" classname="Hyde.Framework.Testing.Unit.RouteTest" assertions="1" time="0.002595"/>
        <testcase name="testGetOutputFilePathReturnsPageOutputPath" file="/home/runner/work/develop/develop/packages/framework/tests/Unit/RouteTest.php" line="58" class="Hyde\Framework\Testing\Unit\RouteTest" classname="Hyde.Framework.Testing.Unit.RouteTest" assertions="1" time="0.002677"/>
        <testcase name="testGetLinkReturnsCorrectPathForRootPages" file="/home/runner/work/develop/develop/packages/framework/tests/Unit/RouteTest.php" line="64" class="Hyde\Framework\Testing\Unit\RouteTest" classname="Hyde.Framework.Testing.Unit.RouteTest" assertions="2" time="0.003223"/>
        <testcase name="testGetLinkReturnsCorrectPathForNestedPages" file="/home/runner/work/develop/develop/packages/framework/tests/Unit/RouteTest.php" line="72" class="Hyde\Framework\Testing\Unit\RouteTest" classname="Hyde.Framework.Testing.Unit.RouteTest" assertions="2" time="0.003128"/>
        <testcase name="testGetLinkReturnsCorrectPathForNestedCurrentPage" file="/home/runner/work/develop/develop/packages/framework/tests/Unit/RouteTest.php" line="80" class="Hyde\Framework\Testing\Unit\RouteTest" classname="Hyde.Framework.Testing.Unit.RouteTest" assertions="2" time="0.003561"/>
        <testcase name="testGetLinkReturnsPrettyUrlIfEnabled" file="/home/runner/work/develop/develop/packages/framework/tests/Unit/RouteTest.php" line="89" class="Hyde\Framework\Testing\Unit\RouteTest" classname="Hyde.Framework.Testing.Unit.RouteTest" assertions="2" time="0.003220"/>
        <testcase name="testToStringIsAliasForGetLink" file="/home/runner/work/develop/develop/packages/framework/tests/Unit/RouteTest.php" line="98" class="Hyde\Framework\Testing\Unit\RouteTest" classname="Hyde.Framework.Testing.Unit.RouteTest" assertions="1" time="0.002973"/>
        <testcase name="testIsWithRouteReturnsTrueWhenTrue" file="/home/runner/work/develop/develop/packages/framework/tests/Unit/RouteTest.php" line="104" class="Hyde\Framework\Testing\Unit\RouteTest" classname="Hyde.Framework.Testing.Unit.RouteTest" assertions="1" time="0.002770"/>
        <testcase name="testIsWithRouteReturnsFalseWhenFalse" file="/home/runner/work/develop/develop/packages/framework/tests/Unit/RouteTest.php" line="110" class="Hyde\Framework\Testing\Unit\RouteTest" classname="Hyde.Framework.Testing.Unit.RouteTest" assertions="1" time="0.003134"/>
        <testcase name="testIsWithRouteKeyReturnsTrueWhenTrue" file="/home/runner/work/develop/develop/packages/framework/tests/Unit/RouteTest.php" line="117" class="Hyde\Framework\Testing\Unit\RouteTest" classname="Hyde.Framework.Testing.Unit.RouteTest" assertions="1" time="0.002749"/>
        <testcase name="testIsWithRouteKeyReturnsFalseWhenFalse" file="/home/runner/work/develop/develop/packages/framework/tests/Unit/RouteTest.php" line="123" class="Hyde\Framework\Testing\Unit\RouteTest" classname="Hyde.Framework.Testing.Unit.RouteTest" assertions="1" time="0.002737"/>
        <testcase name="testIsWithRouteKeyObjectReturnsTrueWhenTrue" file="/home/runner/work/develop/develop/packages/framework/tests/Unit/RouteTest.php" line="129" class="Hyde\Framework\Testing\Unit\RouteTest" classname="Hyde.Framework.Testing.Unit.RouteTest" assertions="1" time="0.002770"/>
        <testcase name="testIsWithRouteKeyObjectReturnsTrueWhenFalse" file="/home/runner/work/develop/develop/packages/framework/tests/Unit/RouteTest.php" line="135" class="Hyde\Framework\Testing\Unit\RouteTest" classname="Hyde.Framework.Testing.Unit.RouteTest" assertions="1" time="0.002771"/>
        <testcase name="testToArrayMethod" file="/home/runner/work/develop/develop/packages/framework/tests/Unit/RouteTest.php" line="141" class="Hyde\Framework\Testing\Unit\RouteTest" classname="Hyde.Framework.Testing.Unit.RouteTest" assertions="1" time="0.005750"/>
      </testsuite>
      <testsuite name="Hyde\Framework\Testing\Unit\SchemaContractsTest" file="/home/runner/work/develop/develop/packages/framework/tests/Unit/SchemaContractsTest.php" tests="5" assertions="30" errors="0" failures="0" skipped="0" time="0.010478">
        <testcase name="testSchemasAreNotAccidentallyChanged" file="/home/runner/work/develop/develop/packages/framework/tests/Unit/SchemaContractsTest.php" line="34" class="Hyde\Framework\Testing\Unit\SchemaContractsTest" classname="Hyde.Framework.Testing.Unit.SchemaContractsTest" assertions="5" time="0.002636"/>
        <testcase name="testAllSchemasAreTested" file="/home/runner/work/develop/develop/packages/framework/tests/Unit/SchemaContractsTest.php" line="76" class="Hyde\Framework\Testing\Unit\SchemaContractsTest" classname="Hyde.Framework.Testing.Unit.SchemaContractsTest" assertions="3" time="0.001817"/>
        <testcase name="testAllSchemasExtendFrontMatterSchemaInterface" file="/home/runner/work/develop/develop/packages/framework/tests/Unit/SchemaContractsTest.php" line="102" class="Hyde\Framework\Testing\Unit\SchemaContractsTest" classname="Hyde.Framework.Testing.Unit.SchemaContractsTest" assertions="5" time="0.001644"/>
        <testcase name="testAllSchemasHaveConstantMatchingTheirInterfaceName" file="/home/runner/work/develop/develop/packages/framework/tests/Unit/SchemaContractsTest.php" line="109" class="Hyde\Framework\Testing\Unit\SchemaContractsTest" classname="Hyde.Framework.Testing.Unit.SchemaContractsTest" assertions="5" time="0.001723"/>
        <testcase name="testEachInterfaceOnlyHasOneSchema" file="/home/runner/work/develop/develop/packages/framework/tests/Unit/SchemaContractsTest.php" line="116" class="Hyde\Framework\Testing\Unit\SchemaContractsTest" classname="Hyde.Framework.Testing.Unit.SchemaContractsTest" assertions="12" time="0.002658"/>
      </testsuite>
      <testsuite name="Hyde\Framework\Testing\Unit\SerializableContractTest" file="/home/runner/work/develop/develop/packages/framework/tests/Unit/SerializableContractTest.php" tests="4" assertions="4" errors="0" failures="0" skipped="0" time="0.005215">
        <testcase name="testInterface" file="/home/runner/work/develop/develop/packages/framework/tests/Unit/SerializableContractTest.php" line="18" class="Hyde\Framework\Testing\Unit\SerializableContractTest" classname="Hyde.Framework.Testing.Unit.SerializableContractTest" assertions="1" time="0.001428"/>
        <testcase name="testInterfaceExtendsJsonSerializable" file="/home/runner/work/develop/develop/packages/framework/tests/Unit/SerializableContractTest.php" line="23" class="Hyde\Framework\Testing\Unit\SerializableContractTest" classname="Hyde.Framework.Testing.Unit.SerializableContractTest" assertions="1" time="0.001299"/>
        <testcase name="testInterfaceExtendsArrayable" file="/home/runner/work/develop/develop/packages/framework/tests/Unit/SerializableContractTest.php" line="28" class="Hyde\Framework\Testing\Unit\SerializableContractTest" classname="Hyde.Framework.Testing.Unit.SerializableContractTest" assertions="1" time="0.001252"/>
        <testcase name="testInterfaceExtendsJsonable" file="/home/runner/work/develop/develop/packages/framework/tests/Unit/SerializableContractTest.php" line="33" class="Hyde\Framework\Testing\Unit\SerializableContractTest" classname="Hyde.Framework.Testing.Unit.SerializableContractTest" assertions="1" time="0.001236"/>
      </testsuite>
      <testsuite name="Hyde\Framework\Testing\Unit\SerializableTest" file="/home/runner/work/develop/develop/packages/framework/tests/Unit/SerializableTest.php" tests="8" assertions="8" errors="0" failures="0" skipped="0" time="0.012713">
        <testcase name="testToArray" file="/home/runner/work/develop/develop/packages/framework/tests/Unit/SerializableTest.php" line="17" class="Hyde\Framework\Testing\Unit\SerializableTest" classname="Hyde.Framework.Testing.Unit.SerializableTest" assertions="1" time="0.001555"/>
        <testcase name="testJsonSerialize" file="/home/runner/work/develop/develop/packages/framework/tests/Unit/SerializableTest.php" line="22" class="Hyde\Framework\Testing\Unit\SerializableTest" classname="Hyde.Framework.Testing.Unit.SerializableTest" assertions="1" time="0.001556"/>
        <testcase name="testToJson" file="/home/runner/work/develop/develop/packages/framework/tests/Unit/SerializableTest.php" line="27" class="Hyde\Framework\Testing\Unit\SerializableTest" classname="Hyde.Framework.Testing.Unit.SerializableTest" assertions="1" time="0.001508"/>
        <testcase name="testJsonEncode" file="/home/runner/work/develop/develop/packages/framework/tests/Unit/SerializableTest.php" line="32" class="Hyde\Framework\Testing\Unit\SerializableTest" classname="Hyde.Framework.Testing.Unit.SerializableTest" assertions="1" time="0.001475"/>
        <testcase name="testSerialize" file="/home/runner/work/develop/develop/packages/framework/tests/Unit/SerializableTest.php" line="37" class="Hyde\Framework\Testing\Unit\SerializableTest" classname="Hyde.Framework.Testing.Unit.SerializableTest" assertions="1" time="0.001583"/>
        <testcase name="testSerializeWithArrayable" file="/home/runner/work/develop/develop/packages/framework/tests/Unit/SerializableTest.php" line="42" class="Hyde\Framework\Testing\Unit\SerializableTest" classname="Hyde.Framework.Testing.Unit.SerializableTest" assertions="1" time="0.001839"/>
        <testcase name="testJsonSerializeWithArrayable" file="/home/runner/work/develop/develop/packages/framework/tests/Unit/SerializableTest.php" line="47" class="Hyde\Framework\Testing\Unit\SerializableTest" classname="Hyde.Framework.Testing.Unit.SerializableTest" assertions="1" time="0.001672"/>
        <testcase name="testToJsonWithArrayable" file="/home/runner/work/develop/develop/packages/framework/tests/Unit/SerializableTest.php" line="52" class="Hyde\Framework\Testing\Unit\SerializableTest" classname="Hyde.Framework.Testing.Unit.SerializableTest" assertions="1" time="0.001525"/>
      </testsuite>
      <testsuite name="Hyde\Framework\Testing\Unit\ServeCommandOptionsUnitTest" file="/home/runner/work/develop/develop/packages/framework/tests/Unit/ServeCommandOptionsUnitTest.php" tests="22" assertions="41" errors="0" failures="0" skipped="0" time="0.068996">
        <testcase name="testGetHostSelection" file="/home/runner/work/develop/develop/packages/framework/tests/Unit/ServeCommandOptionsUnitTest.php" line="31" class="Hyde\Framework\Testing\Unit\ServeCommandOptionsUnitTest" classname="Hyde.Framework.Testing.Unit.ServeCommandOptionsUnitTest" assertions="1" time="0.002217"/>
        <testcase name="testGetHostSelectionWithHostOption" file="/home/runner/work/develop/develop/packages/framework/tests/Unit/ServeCommandOptionsUnitTest.php" line="36" class="Hyde\Framework\Testing\Unit\ServeCommandOptionsUnitTest" classname="Hyde.Framework.Testing.Unit.ServeCommandOptionsUnitTest" assertions="1" time="0.001871"/>
        <testcase name="testGetHostSelectionWithConfigOption" file="/home/runner/work/develop/develop/packages/framework/tests/Unit/ServeCommandOptionsUnitTest.php" line="41" class="Hyde\Framework\Testing\Unit\ServeCommandOptionsUnitTest" classname="Hyde.Framework.Testing.Unit.ServeCommandOptionsUnitTest" assertions="1" time="0.001934"/>
        <testcase name="testGetHostSelectionWithHostOptionAndConfigOption" file="/home/runner/work/develop/develop/packages/framework/tests/Unit/ServeCommandOptionsUnitTest.php" line="47" class="Hyde\Framework\Testing\Unit\ServeCommandOptionsUnitTest" classname="Hyde.Framework.Testing.Unit.ServeCommandOptionsUnitTest" assertions="1" time="0.001907"/>
        <testcase name="testGetPortSelection" file="/home/runner/work/develop/develop/packages/framework/tests/Unit/ServeCommandOptionsUnitTest.php" line="53" class="Hyde\Framework\Testing\Unit\ServeCommandOptionsUnitTest" classname="Hyde.Framework.Testing.Unit.ServeCommandOptionsUnitTest" assertions="1" time="0.001932"/>
        <testcase name="testGetPortSelectionWithPortOption" file="/home/runner/work/develop/develop/packages/framework/tests/Unit/ServeCommandOptionsUnitTest.php" line="58" class="Hyde\Framework\Testing\Unit\ServeCommandOptionsUnitTest" classname="Hyde.Framework.Testing.Unit.ServeCommandOptionsUnitTest" assertions="1" time="0.001852"/>
        <testcase name="testGetPortSelectionWithConfigOption" file="/home/runner/work/develop/develop/packages/framework/tests/Unit/ServeCommandOptionsUnitTest.php" line="63" class="Hyde\Framework\Testing\Unit\ServeCommandOptionsUnitTest" classname="Hyde.Framework.Testing.Unit.ServeCommandOptionsUnitTest" assertions="1" time="0.001969"/>
        <testcase name="testGetPortSelectionWithPortOptionAndConfigOption" file="/home/runner/work/develop/develop/packages/framework/tests/Unit/ServeCommandOptionsUnitTest.php" line="69" class="Hyde\Framework\Testing\Unit\ServeCommandOptionsUnitTest" classname="Hyde.Framework.Testing.Unit.ServeCommandOptionsUnitTest" assertions="1" time="0.001996"/>
        <testcase name="testGetEnvironmentVariables" file="/home/runner/work/develop/develop/packages/framework/tests/Unit/ServeCommandOptionsUnitTest.php" line="75" class="Hyde\Framework\Testing\Unit\ServeCommandOptionsUnitTest" classname="Hyde.Framework.Testing.Unit.ServeCommandOptionsUnitTest" assertions="1" time="0.001960"/>
        <testcase name="testGetEnvironmentVariablesWithNoAnsiOption" file="/home/runner/work/develop/develop/packages/framework/tests/Unit/ServeCommandOptionsUnitTest.php" line="82" class="Hyde\Framework\Testing\Unit\ServeCommandOptionsUnitTest" classname="Hyde.Framework.Testing.Unit.ServeCommandOptionsUnitTest" assertions="1" time="0.001944"/>
        <testcase name="testSavePreviewOptionPropagatesToEnvironmentVariables" file="/home/runner/work/develop/develop/packages/framework/tests/Unit/ServeCommandOptionsUnitTest.php" line="89" class="Hyde\Framework\Testing\Unit\ServeCommandOptionsUnitTest" classname="Hyde.Framework.Testing.Unit.ServeCommandOptionsUnitTest" assertions="5" time="0.003134"/>
        <testcase name="testDashboardOptionPropagatesToEnvironmentVariables" file="/home/runner/work/develop/develop/packages/framework/tests/Unit/ServeCommandOptionsUnitTest.php" line="107" class="Hyde\Framework\Testing\Unit\ServeCommandOptionsUnitTest" classname="Hyde.Framework.Testing.Unit.ServeCommandOptionsUnitTest" assertions="5" time="0.003122"/>
        <testcase name="testPrettyUrlsOptionPropagatesToEnvironmentVariables" file="/home/runner/work/develop/develop/packages/framework/tests/Unit/ServeCommandOptionsUnitTest.php" line="125" class="Hyde\Framework\Testing\Unit\ServeCommandOptionsUnitTest" classname="Hyde.Framework.Testing.Unit.ServeCommandOptionsUnitTest" assertions="5" time="0.003193"/>
        <testcase name="testPlayCdnOptionPropagatesToEnvironmentVariables" file="/home/runner/work/develop/develop/packages/framework/tests/Unit/ServeCommandOptionsUnitTest.php" line="143" class="Hyde\Framework\Testing\Unit\ServeCommandOptionsUnitTest" classname="Hyde.Framework.Testing.Unit.ServeCommandOptionsUnitTest" assertions="5" time="0.003180"/>
        <testcase name="testParseEnvironmentOption" file="/home/runner/work/develop/develop/packages/framework/tests/Unit/ServeCommandOptionsUnitTest.php" line="161" class="Hyde\Framework\Testing\Unit\ServeCommandOptionsUnitTest" classname="Hyde.Framework.Testing.Unit.ServeCommandOptionsUnitTest" assertions="2" time="0.002154"/>
        <testcase name="testParseEnvironmentOptionWithEmptyString" file="/home/runner/work/develop/develop/packages/framework/tests/Unit/ServeCommandOptionsUnitTest.php" line="170" class="Hyde\Framework\Testing\Unit\ServeCommandOptionsUnitTest" classname="Hyde.Framework.Testing.Unit.ServeCommandOptionsUnitTest" assertions="1" time="0.003736"/>
        <testcase name="testParseEnvironmentOptionWithNull" file="/home/runner/work/develop/develop/packages/framework/tests/Unit/ServeCommandOptionsUnitTest.php" line="176" class="Hyde\Framework\Testing\Unit\ServeCommandOptionsUnitTest" classname="Hyde.Framework.Testing.Unit.ServeCommandOptionsUnitTest" assertions="1" time="0.003243"/>
        <testcase name="testParseEnvironmentOptionWithInvalidValue" file="/home/runner/work/develop/develop/packages/framework/tests/Unit/ServeCommandOptionsUnitTest.php" line="182" class="Hyde\Framework\Testing\Unit\ServeCommandOptionsUnitTest" classname="Hyde.Framework.Testing.Unit.ServeCommandOptionsUnitTest" assertions="2" time="0.003076"/>
        <testcase name="testCheckArgvForOption" file="/home/runner/work/develop/develop/packages/framework/tests/Unit/ServeCommandOptionsUnitTest.php" line="191" class="Hyde\Framework\Testing\Unit\ServeCommandOptionsUnitTest" classname="Hyde.Framework.Testing.Unit.ServeCommandOptionsUnitTest" assertions="2" time="0.003012"/>
        <testcase name="testWithOpenArgument" file="/home/runner/work/develop/develop/packages/framework/tests/Unit/ServeCommandOptionsUnitTest.php" line="205" class="Hyde\Framework\Testing\Unit\ServeCommandOptionsUnitTest" classname="Hyde.Framework.Testing.Unit.ServeCommandOptionsUnitTest" assertions="1" time="0.003390"/>
        <testcase name="testOpenInBrowser" file="/home/runner/work/develop/develop/packages/framework/tests/Unit/ServeCommandOptionsUnitTest.php" line="236" class="Hyde\Framework\Testing\Unit\ServeCommandOptionsUnitTest" classname="Hyde.Framework.Testing.Unit.ServeCommandOptionsUnitTest" assertions="1" time="0.011410"/>
        <testcase name="testOpenInBrowserThatFails" file="/home/runner/work/develop/develop/packages/framework/tests/Unit/ServeCommandOptionsUnitTest.php" line="257" class="Hyde\Framework\Testing\Unit\ServeCommandOptionsUnitTest" classname="Hyde.Framework.Testing.Unit.ServeCommandOptionsUnitTest" assertions="1" time="0.006764"/>
      </testsuite>
      <testsuite name="Hyde\Framework\Testing\Unit\SourceFilesInCustomDirectoriesCanBeCompiledTest" file="/home/runner/work/develop/develop/packages/framework/tests/Unit/SourceFilesInCustomDirectoriesCanBeCompiledTest.php" tests="4" assertions="4" errors="0" failures="0" skipped="0" time="0.075081">
        <testcase name="testMarkdownPostsInChangedDirectoryCanBeCompiled" file="/home/runner/work/develop/develop/packages/framework/tests/Unit/SourceFilesInCustomDirectoriesCanBeCompiledTest.php" line="37" class="Hyde\Framework\Testing\Unit\SourceFilesInCustomDirectoriesCanBeCompiledTest" classname="Hyde.Framework.Testing.Unit.SourceFilesInCustomDirectoriesCanBeCompiledTest" assertions="1" time="0.022223"/>
        <testcase name="testMarkdownPagesInChangedDirectoryCanBeCompiled" file="/home/runner/work/develop/develop/packages/framework/tests/Unit/SourceFilesInCustomDirectoriesCanBeCompiledTest.php" line="50" class="Hyde\Framework\Testing\Unit\SourceFilesInCustomDirectoriesCanBeCompiledTest" classname="Hyde.Framework.Testing.Unit.SourceFilesInCustomDirectoriesCanBeCompiledTest" assertions="1" time="0.019970"/>
        <testcase name="testDocumentationPagesInChangedDirectoryCanBeCompiled" file="/home/runner/work/develop/develop/packages/framework/tests/Unit/SourceFilesInCustomDirectoriesCanBeCompiledTest.php" line="63" class="Hyde\Framework\Testing\Unit\SourceFilesInCustomDirectoriesCanBeCompiledTest" classname="Hyde.Framework.Testing.Unit.SourceFilesInCustomDirectoriesCanBeCompiledTest" assertions="1" time="0.023988"/>
        <testcase name="testBladePagesInChangedDirectoryCanBeCompiled" file="/home/runner/work/develop/develop/packages/framework/tests/Unit/SourceFilesInCustomDirectoriesCanBeCompiledTest.php" line="76" class="Hyde\Framework\Testing\Unit\SourceFilesInCustomDirectoriesCanBeCompiledTest" classname="Hyde.Framework.Testing.Unit.SourceFilesInCustomDirectoriesCanBeCompiledTest" assertions="1" time="0.008901"/>
      </testsuite>
      <testsuite name="Hyde\Framework\Testing\Unit\TestBuildStaticSiteCommandFlagToEnablePrettyUrlsTest" file="/home/runner/work/develop/develop/packages/framework/tests/Unit/TestBuildStaticSiteCommandFlagToEnablePrettyUrlsTest.php" tests="2" assertions="4" errors="0" failures="0" skipped="0" time="0.026620">
        <testcase name="testPrettyUrlsCanBeEnabledWithFlag" file="/home/runner/work/develop/develop/packages/framework/tests/Unit/TestBuildStaticSiteCommandFlagToEnablePrettyUrlsTest.php" line="16" class="Hyde\Framework\Testing\Unit\TestBuildStaticSiteCommandFlagToEnablePrettyUrlsTest" classname="Hyde.Framework.Testing.Unit.TestBuildStaticSiteCommandFlagToEnablePrettyUrlsTest" assertions="3" time="0.023305"/>
        <testcase name="testConfigChangeIsNotPersisted" file="/home/runner/work/develop/develop/packages/framework/tests/Unit/TestBuildStaticSiteCommandFlagToEnablePrettyUrlsTest.php" line="29" class="Hyde\Framework\Testing\Unit\TestBuildStaticSiteCommandFlagToEnablePrettyUrlsTest" classname="Hyde.Framework.Testing.Unit.TestBuildStaticSiteCommandFlagToEnablePrettyUrlsTest" assertions="1" time="0.003315"/>
      </testsuite>
      <testsuite name="Hyde\Framework\Testing\Unit\TracksExecutionTimeTest" file="/home/runner/work/develop/develop/packages/framework/tests/Unit/TracksExecutionTimeTest.php" tests="4" assertions="10" errors="0" failures="0" skipped="0" time="0.006999">
        <testcase name="testStartClock" file="/home/runner/work/develop/develop/packages/framework/tests/Unit/TracksExecutionTimeTest.php" line="15" class="Hyde\Framework\Testing\Unit\TracksExecutionTimeTest" classname="Hyde.Framework.Testing.Unit.TracksExecutionTimeTest" assertions="4" time="0.001999"/>
        <testcase name="testStopClock" file="/home/runner/work/develop/develop/packages/framework/tests/Unit/TracksExecutionTimeTest.php" line="28" class="Hyde\Framework\Testing\Unit\TracksExecutionTimeTest" classname="Hyde.Framework.Testing.Unit.TracksExecutionTimeTest" assertions="2" time="0.001654"/>
        <testcase name="testGetExecutionTimeInMs" file="/home/runner/work/develop/develop/packages/framework/tests/Unit/TracksExecutionTimeTest.php" line="37" class="Hyde\Framework\Testing\Unit\TracksExecutionTimeTest" classname="Hyde.Framework.Testing.Unit.TracksExecutionTimeTest" assertions="2" time="0.001764"/>
        <testcase name="testGetExecutionTimeString" file="/home/runner/work/develop/develop/packages/framework/tests/Unit/TracksExecutionTimeTest.php" line="45" class="Hyde\Framework\Testing\Unit\TracksExecutionTimeTest" classname="Hyde.Framework.Testing.Unit.TracksExecutionTimeTest" assertions="2" time="0.001581"/>
      </testsuite>
      <testsuite name="Hyde\Framework\Testing\Unit\UnixsumTest" file="/home/runner/work/develop/develop/packages/framework/tests/Unit/UnixsumTest.php" tests="10" assertions="13" errors="0" failures="0" skipped="0" time="0.015178">
        <testcase name="testMethodReturnsString" file="/home/runner/work/develop/develop/packages/framework/tests/Unit/UnixsumTest.php" line="17" class="Hyde\Framework\Testing\Unit\UnixsumTest" classname="Hyde.Framework.Testing.Unit.UnixsumTest" assertions="1" time="0.001536"/>
        <testcase name="testMethodReturnsStringWithLengthOf32" file="/home/runner/work/develop/develop/packages/framework/tests/Unit/UnixsumTest.php" line="22" class="Hyde\Framework\Testing\Unit\UnixsumTest" classname="Hyde.Framework.Testing.Unit.UnixsumTest" assertions="1" time="0.001406"/>
        <testcase name="testMethodReturnsStringMatchingExpectedFormat" file="/home/runner/work/develop/develop/packages/framework/tests/Unit/UnixsumTest.php" line="27" class="Hyde\Framework\Testing\Unit\UnixsumTest" classname="Hyde.Framework.Testing.Unit.UnixsumTest" assertions="1" time="0.001436"/>
        <testcase name="testMethodReturnsSameValueForSameStringUsingNormalMethod" file="/home/runner/work/develop/develop/packages/framework/tests/Unit/UnixsumTest.php" line="32" class="Hyde\Framework\Testing\Unit\UnixsumTest" classname="Hyde.Framework.Testing.Unit.UnixsumTest" assertions="1" time="0.001369"/>
        <testcase name="testMethodReturnsDifferentValueForDifferentString" file="/home/runner/work/develop/develop/packages/framework/tests/Unit/UnixsumTest.php" line="37" class="Hyde\Framework\Testing\Unit\UnixsumTest" classname="Hyde.Framework.Testing.Unit.UnixsumTest" assertions="1" time="0.001446"/>
        <testcase name="testFunctionIsCaseSensitive" file="/home/runner/work/develop/develop/packages/framework/tests/Unit/UnixsumTest.php" line="42" class="Hyde\Framework\Testing\Unit\UnixsumTest" classname="Hyde.Framework.Testing.Unit.UnixsumTest" assertions="1" time="0.001363"/>
        <testcase name="testFunctionIsSpaceSensitive" file="/home/runner/work/develop/develop/packages/framework/tests/Unit/UnixsumTest.php" line="47" class="Hyde\Framework\Testing\Unit\UnixsumTest" classname="Hyde.Framework.Testing.Unit.UnixsumTest" assertions="1" time="0.001363"/>
        <testcase name="testMethodReturnsSameValueRegardlessOfEndOfLineSequence" file="/home/runner/work/develop/develop/packages/framework/tests/Unit/UnixsumTest.php" line="52" class="Hyde\Framework\Testing\Unit\UnixsumTest" classname="Hyde.Framework.Testing.Unit.UnixsumTest" assertions="4" time="0.001604"/>
        <testcase name="testMethodReturnsSameValueForStringWithMixedEndOfLineSequences" file="/home/runner/work/develop/develop/packages/framework/tests/Unit/UnixsumTest.php" line="60" class="Hyde\Framework\Testing\Unit\UnixsumTest" classname="Hyde.Framework.Testing.Unit.UnixsumTest" assertions="1" time="0.001350"/>
        <testcase name="testMethodReturnsSameValueWhenLoadedFromFileUsingShorthand" file="/home/runner/work/develop/develop/packages/framework/tests/Unit/UnixsumTest.php" line="66" class="Hyde\Framework\Testing\Unit\UnixsumTest" classname="Hyde.Framework.Testing.Unit.UnixsumTest" assertions="1" time="0.002303"/>
      </testsuite>
      <testsuite name="Hyde\Framework\Testing\Unit\UnsupportedPageTypeExceptionTest" file="/home/runner/work/develop/develop/packages/framework/tests/Unit/UnsupportedPageTypeExceptionTest.php" tests="2" assertions="3" errors="0" failures="0" skipped="0" time="0.003219">
        <testcase name="testItCanBeInstantiated" file="/home/runner/work/develop/develop/packages/framework/tests/Unit/UnsupportedPageTypeExceptionTest.php" line="15" class="Hyde\Framework\Testing\Unit\UnsupportedPageTypeExceptionTest" classname="Hyde.Framework.Testing.Unit.UnsupportedPageTypeExceptionTest" assertions="1" time="0.001576"/>
        <testcase name="testItThrowsAnExceptionWhenPageTypeIsNotSupported" file="/home/runner/work/develop/develop/packages/framework/tests/Unit/UnsupportedPageTypeExceptionTest.php" line="22" class="Hyde\Framework\Testing\Unit\UnsupportedPageTypeExceptionTest" classname="Hyde.Framework.Testing.Unit.UnsupportedPageTypeExceptionTest" assertions="2" time="0.001643"/>
      </testsuite>
      <testsuite name="Hyde\Framework\Testing\Unit\ValidatesExistenceTest" file="/home/runner/work/develop/develop/packages/framework/tests/Unit/ValidatesExistenceTest.php" tests="2" assertions="2" errors="0" failures="0" skipped="0" time="0.008663">
        <testcase name="testValidateExistenceDoesNothingIfFileExists" file="/home/runner/work/develop/develop/packages/framework/tests/Unit/ValidatesExistenceTest.php" line="18" class="Hyde\Framework\Testing\Unit\ValidatesExistenceTest" classname="Hyde.Framework.Testing.Unit.ValidatesExistenceTest" assertions="1" time="0.004284"/>
        <testcase name="testValidateExistenceThrowsFileNotFoundExceptionIfFileDoesNotExist" file="/home/runner/work/develop/develop/packages/framework/tests/Unit/ValidatesExistenceTest.php" line="27" class="Hyde\Framework\Testing\Unit\ValidatesExistenceTest" classname="Hyde.Framework.Testing.Unit.ValidatesExistenceTest" assertions="1" time="0.004379"/>
      </testsuite>
      <testsuite name="Hyde\Framework\Testing\Unit\Views\ArticleExcerptViewTest" file="/home/runner/work/develop/develop/packages/framework/tests/Unit/Views/ArticleExcerptViewTest.php" tests="5" assertions="10" errors="0" failures="0" skipped="0" time="0.060185">
        <testcase name="testComponentCanBeRendered" file="/home/runner/work/develop/develop/packages/framework/tests/Unit/Views/ArticleExcerptViewTest.php" line="24" class="Hyde\Framework\Testing\Unit\Views\ArticleExcerptViewTest" classname="Hyde.Framework.Testing.Unit.Views.ArticleExcerptViewTest" assertions="1" time="0.012801"/>
        <testcase name="testComponentRendersPostData" file="/home/runner/work/develop/develop/packages/framework/tests/Unit/Views/ArticleExcerptViewTest.php" line="30" class="Hyde\Framework\Testing\Unit\Views\ArticleExcerptViewTest" classname="Hyde.Framework.Testing.Unit.Views.ArticleExcerptViewTest" assertions="5" time="0.012433"/>
        <testcase name="testComponentRendersPostWithAuthorObject" file="/home/runner/work/develop/develop/packages/framework/tests/Unit/Views/ArticleExcerptViewTest.php" line="46" class="Hyde\Framework\Testing\Unit\Views\ArticleExcerptViewTest" classname="Hyde.Framework.Testing.Unit.Views.ArticleExcerptViewTest" assertions="1" time="0.011845"/>
        <testcase name="testThereIsNoCommaAfterDateStringWhenThereIsNoAuthor" file="/home/runner/work/develop/develop/packages/framework/tests/Unit/Views/ArticleExcerptViewTest.php" line="58" class="Hyde\Framework\Testing\Unit\Views\ArticleExcerptViewTest" classname="Hyde.Framework.Testing.Unit.Views.ArticleExcerptViewTest" assertions="2" time="0.011771"/>
        <testcase name="testThereIsACommaAfterDateStringWhenThereIsAAuthor" file="/home/runner/work/develop/develop/packages/framework/tests/Unit/Views/ArticleExcerptViewTest.php" line="68" class="Hyde\Framework\Testing\Unit\Views\ArticleExcerptViewTest" classname="Hyde.Framework.Testing.Unit.Views.ArticleExcerptViewTest" assertions="1" time="0.011334"/>
      </testsuite>
      <testsuite name="Hyde\Framework\Testing\Unit\Views\Components\LinkComponentTest" file="/home/runner/work/develop/develop/packages/framework/tests/Unit/Views/Components/LinkComponentTest.php" tests="3" assertions="3" errors="0" failures="0" skipped="0" time="0.047533">
        <testcase name="testLinkComponentCanBeRendered" file="/home/runner/work/develop/develop/packages/framework/tests/Unit/Views/Components/LinkComponentTest.php" line="17" class="Hyde\Framework\Testing\Unit\Views\Components\LinkComponentTest" classname="Hyde.Framework.Testing.Unit.Views.Components.LinkComponentTest" assertions="1" time="0.010763"/>
        <testcase name="testLinkComponentCanBeRenderedWithRoute" file="/home/runner/work/develop/develop/packages/framework/tests/Unit/Views/Components/LinkComponentTest.php" line="22" class="Hyde\Framework\Testing\Unit\Views\Components\LinkComponentTest" classname="Hyde.Framework.Testing.Unit.Views.Components.LinkComponentTest" assertions="1" time="0.025841"/>
        <testcase name="testLinkComponentCanBeRenderedWithRouteForNestedPages" file="/home/runner/work/develop/develop/packages/framework/tests/Unit/Views/Components/LinkComponentTest.php" line="29" class="Hyde\Framework\Testing\Unit\Views\Components\LinkComponentTest" classname="Hyde.Framework.Testing.Unit.Views.Components.LinkComponentTest" assertions="1" time="0.010929"/>
      </testsuite>
      <testsuite name="Hyde\Framework\Testing\Unit\Views\FeaturedImageViewTest" file="/home/runner/work/develop/develop/packages/framework/tests/Unit/Views/FeaturedImageViewTest.php" tests="21" assertions="46" errors="0" failures="0" skipped="0" time="0.143791">
        <testcase name="testTheView" file="/home/runner/work/develop/develop/packages/framework/tests/Unit/Views/FeaturedImageViewTest.php" line="18" class="Hyde\Framework\Testing\Unit\Views\FeaturedImageViewTest" classname="Hyde.Framework.Testing.Unit.Views.FeaturedImageViewTest" assertions="9" time="0.007232"/>
        <testcase name="testImageAuthorAttributionString" file="/home/runner/work/develop/develop/packages/framework/tests/Unit/Views/FeaturedImageViewTest.php" line="44" class="Hyde\Framework\Testing\Unit\Views\FeaturedImageViewTest" classname="Hyde.Framework.Testing.Unit.Views.FeaturedImageViewTest" assertions="3" time="0.006439"/>
        <testcase name="testImageAuthorAttributionStringWithUrl" file="/home/runner/work/develop/develop/packages/framework/tests/Unit/Views/FeaturedImageViewTest.php" line="52" class="Hyde\Framework\Testing\Unit\Views\FeaturedImageViewTest" classname="Hyde.Framework.Testing.Unit.Views.FeaturedImageViewTest" assertions="5" time="0.006661"/>
        <testcase name="testCopyrightString" file="/home/runner/work/develop/develop/packages/framework/tests/Unit/Views/FeaturedImageViewTest.php" line="65" class="Hyde\Framework\Testing\Unit\Views\FeaturedImageViewTest" classname="Hyde.Framework.Testing.Unit.Views.FeaturedImageViewTest" assertions="2" time="0.006408"/>
        <testcase name="testCopyrightStringInverse" file="/home/runner/work/develop/develop/packages/framework/tests/Unit/Views/FeaturedImageViewTest.php" line="72" class="Hyde\Framework\Testing\Unit\Views\FeaturedImageViewTest" classname="Hyde.Framework.Testing.Unit.Views.FeaturedImageViewTest" assertions="1" time="0.006279"/>
        <testcase name="testLicenseString" file="/home/runner/work/develop/develop/packages/framework/tests/Unit/Views/FeaturedImageViewTest.php" line="78" class="Hyde\Framework\Testing\Unit\Views\FeaturedImageViewTest" classname="Hyde.Framework.Testing.Unit.Views.FeaturedImageViewTest" assertions="1" time="0.006123"/>
        <testcase name="testLicenseStringWithUrl" file="/home/runner/work/develop/develop/packages/framework/tests/Unit/Views/FeaturedImageViewTest.php" line="85" class="Hyde\Framework\Testing\Unit\Views\FeaturedImageViewTest" classname="Hyde.Framework.Testing.Unit.Views.FeaturedImageViewTest" assertions="1" time="0.006169"/>
        <testcase name="testLicenseStringInverse" file="/home/runner/work/develop/develop/packages/framework/tests/Unit/Views/FeaturedImageViewTest.php" line="96" class="Hyde\Framework\Testing\Unit\Views\FeaturedImageViewTest" classname="Hyde.Framework.Testing.Unit.Views.FeaturedImageViewTest" assertions="2" time="0.006360"/>
        <testcase name="testLicenseStringInverseWithUrl" file="/home/runner/work/develop/develop/packages/framework/tests/Unit/Views/FeaturedImageViewTest.php" line="103" class="Hyde\Framework\Testing\Unit\Views\FeaturedImageViewTest" classname="Hyde.Framework.Testing.Unit.Views.FeaturedImageViewTest" assertions="2" time="0.006296"/>
        <testcase name="testFluentAttributionLogicUsesRichHtmlTags" file="/home/runner/work/develop/develop/packages/framework/tests/Unit/Views/FeaturedImageViewTest.php" line="110" class="Hyde\Framework\Testing\Unit\Views\FeaturedImageViewTest" classname="Hyde.Framework.Testing.Unit.Views.FeaturedImageViewTest" assertions="7" time="0.006713"/>
        <testcase name="testFluentAttributionLogicUsesRichHtmlTags1" file="/home/runner/work/develop/develop/packages/framework/tests/Unit/Views/FeaturedImageViewTest.php" line="129" class="Hyde\Framework\Testing\Unit\Views\FeaturedImageViewTest" classname="Hyde.Framework.Testing.Unit.Views.FeaturedImageViewTest" assertions="2" time="0.006886"/>
        <testcase name="testFluentAttributionLogicUsesRichHtmlTags2" file="/home/runner/work/develop/develop/packages/framework/tests/Unit/Views/FeaturedImageViewTest.php" line="137" class="Hyde\Framework\Testing\Unit\Views\FeaturedImageViewTest" classname="Hyde.Framework.Testing.Unit.Views.FeaturedImageViewTest" assertions="1" time="0.007481"/>
        <testcase name="testFluentAttributionLogicUsesRichHtmlTags3" file="/home/runner/work/develop/develop/packages/framework/tests/Unit/Views/FeaturedImageViewTest.php" line="145" class="Hyde\Framework\Testing\Unit\Views\FeaturedImageViewTest" classname="Hyde.Framework.Testing.Unit.Views.FeaturedImageViewTest" assertions="1" time="0.007503"/>
        <testcase name="testFluentAttributionLogicUsesRichHtmlTags4" file="/home/runner/work/develop/develop/packages/framework/tests/Unit/Views/FeaturedImageViewTest.php" line="153" class="Hyde\Framework\Testing\Unit\Views\FeaturedImageViewTest" classname="Hyde.Framework.Testing.Unit.Views.FeaturedImageViewTest" assertions="2" time="0.007670"/>
        <testcase name="testFluentAttributionLogicCreatesFluentMessages1" file="/home/runner/work/develop/develop/packages/framework/tests/Unit/Views/FeaturedImageViewTest.php" line="161" class="Hyde\Framework\Testing\Unit\Views\FeaturedImageViewTest" classname="Hyde.Framework.Testing.Unit.Views.FeaturedImageViewTest" assertions="1" time="0.007599"/>
        <testcase name="testFluentAttributionLogicCreatesFluentMessages2" file="/home/runner/work/develop/develop/packages/framework/tests/Unit/Views/FeaturedImageViewTest.php" line="175" class="Hyde\Framework\Testing\Unit\Views\FeaturedImageViewTest" classname="Hyde.Framework.Testing.Unit.Views.FeaturedImageViewTest" assertions="1" time="0.007542"/>
        <testcase name="testFluentAttributionLogicCreatesFluentMessages3" file="/home/runner/work/develop/develop/packages/framework/tests/Unit/Views/FeaturedImageViewTest.php" line="188" class="Hyde\Framework\Testing\Unit\Views\FeaturedImageViewTest" classname="Hyde.Framework.Testing.Unit.Views.FeaturedImageViewTest" assertions="1" time="0.007170"/>
        <testcase name="testFluentAttributionLogicCreatesFluentMessages4" file="/home/runner/work/develop/develop/packages/framework/tests/Unit/Views/FeaturedImageViewTest.php" line="202" class="Hyde\Framework\Testing\Unit\Views\FeaturedImageViewTest" classname="Hyde.Framework.Testing.Unit.Views.FeaturedImageViewTest" assertions="1" time="0.006649"/>
        <testcase name="testFluentAttributionLogicCreatesFluentMessages5" file="/home/runner/work/develop/develop/packages/framework/tests/Unit/Views/FeaturedImageViewTest.php" line="215" class="Hyde\Framework\Testing\Unit\Views\FeaturedImageViewTest" classname="Hyde.Framework.Testing.Unit.Views.FeaturedImageViewTest" assertions="1" time="0.006368"/>
        <testcase name="testFluentAttributionLogicCreatesFluentMessages6" file="/home/runner/work/develop/develop/packages/framework/tests/Unit/Views/FeaturedImageViewTest.php" line="228" class="Hyde\Framework\Testing\Unit\Views\FeaturedImageViewTest" classname="Hyde.Framework.Testing.Unit.Views.FeaturedImageViewTest" assertions="1" time="0.007755"/>
        <testcase name="testFluentAttributionLogicCreatesFluentMessages7" file="/home/runner/work/develop/develop/packages/framework/tests/Unit/Views/FeaturedImageViewTest.php" line="241" class="Hyde\Framework\Testing\Unit\Views\FeaturedImageViewTest" classname="Hyde.Framework.Testing.Unit.Views.FeaturedImageViewTest" assertions="1" time="0.006487"/>
      </testsuite>
      <testsuite name="Hyde\Framework\Testing\Unit\Views\HeadComponentViewTest" file="/home/runner/work/develop/develop/packages/framework/tests/Unit/Views/HeadComponentViewTest.php" tests="9" assertions="9" errors="0" failures="0" skipped="0" time="0.061477">
        <testcase name="testComponentCanBeRendered" file="/home/runner/work/develop/develop/packages/framework/tests/Unit/Views/HeadComponentViewTest.php" line="29" class="Hyde\Framework\Testing\Unit\Views\HeadComponentViewTest" classname="Hyde.Framework.Testing.Unit.Views.HeadComponentViewTest" assertions="1" time="0.006338"/>
        <testcase name="testTitleElementUsesPageTitle" file="/home/runner/work/develop/develop/packages/framework/tests/Unit/Views/HeadComponentViewTest.php" line="35" class="Hyde\Framework\Testing\Unit\Views\HeadComponentViewTest" classname="Hyde.Framework.Testing.Unit.Views.HeadComponentViewTest" assertions="1" time="0.009026"/>
        <testcase name="testLinkToFaviconIsNotAddedWhenFileDoesNotExist" file="/home/runner/work/develop/develop/packages/framework/tests/Unit/Views/HeadComponentViewTest.php" line="44" class="Hyde\Framework\Testing\Unit\Views\HeadComponentViewTest" classname="Hyde.Framework.Testing.Unit.Views.HeadComponentViewTest" assertions="1" time="0.006244"/>
        <testcase name="testLinkToFaviconIsAddedWhenFileExists" file="/home/runner/work/develop/develop/packages/framework/tests/Unit/Views/HeadComponentViewTest.php" line="49" class="Hyde\Framework\Testing\Unit\Views\HeadComponentViewTest" classname="Hyde.Framework.Testing.Unit.Views.HeadComponentViewTest" assertions="1" time="0.006492"/>
        <testcase name="testLinkToFaviconUsesRelativeUrl" file="/home/runner/work/develop/develop/packages/framework/tests/Unit/Views/HeadComponentViewTest.php" line="57" class="Hyde\Framework\Testing\Unit\Views\HeadComponentViewTest" classname="Hyde.Framework.Testing.Unit.Views.HeadComponentViewTest" assertions="1" time="0.007660"/>
        <testcase name="testComponentIncludesMetaView" file="/home/runner/work/develop/develop/packages/framework/tests/Unit/Views/HeadComponentViewTest.php" line="65" class="Hyde\Framework\Testing\Unit\Views\HeadComponentViewTest" classname="Hyde.Framework.Testing.Unit.Views.HeadComponentViewTest" assertions="1" time="0.006111"/>
        <testcase name="testComponentIncludesStylesView" file="/home/runner/work/develop/develop/packages/framework/tests/Unit/Views/HeadComponentViewTest.php" line="70" class="Hyde\Framework\Testing\Unit\Views\HeadComponentViewTest" classname="Hyde.Framework.Testing.Unit.Views.HeadComponentViewTest" assertions="1" time="0.006581"/>
        <testcase name="testCanAddHeadHtmlFromConfigHook" file="/home/runner/work/develop/develop/packages/framework/tests/Unit/Views/HeadComponentViewTest.php" line="75" class="Hyde\Framework\Testing\Unit\Views\HeadComponentViewTest" classname="Hyde.Framework.Testing.Unit.Views.HeadComponentViewTest" assertions="1" time="0.006195"/>
        <testcase name="testCanAddHeadHtmlFromHtmlInclude" file="/home/runner/work/develop/develop/packages/framework/tests/Unit/Views/HeadComponentViewTest.php" line="82" class="Hyde\Framework\Testing\Unit\Views\HeadComponentViewTest" classname="Hyde.Framework.Testing.Unit.Views.HeadComponentViewTest" assertions="1" time="0.006830"/>
      </testsuite>
      <testsuite name="Hyde\Framework\Testing\Unit\Views\NavigationBrandViewTest" file="/home/runner/work/develop/develop/packages/framework/tests/Unit/Views/NavigationBrandViewTest.php" tests="2" assertions="3" errors="0" failures="0" skipped="0" time="0.018421">
        <testcase name="testComponentLinksToHomeRoute" file="/home/runner/work/develop/develop/packages/framework/tests/Unit/Views/NavigationBrandViewTest.php" line="29" class="Hyde\Framework\Testing\Unit\Views\NavigationBrandViewTest" classname="Hyde.Framework.Testing.Unit.Views.NavigationBrandViewTest" assertions="1" time="0.009167"/>
        <testcase name="testComponentUsesSiteName" file="/home/runner/work/develop/develop/packages/framework/tests/Unit/Views/NavigationBrandViewTest.php" line="34" class="Hyde\Framework\Testing\Unit\Views\NavigationBrandViewTest" classname="Hyde.Framework.Testing.Unit.Views.NavigationBrandViewTest" assertions="2" time="0.009254"/>
      </testsuite>
      <testsuite name="Hyde\Framework\Testing\Unit\Views\NavigationLinkViewTest" file="/home/runner/work/develop/develop/packages/framework/tests/Unit/Views/NavigationLinkViewTest.php" tests="4" assertions="4" errors="0" failures="0" skipped="0" time="0.025998">
        <testcase name="testComponentLinksToRouteDestination" file="/home/runner/work/develop/develop/packages/framework/tests/Unit/Views/NavigationLinkViewTest.php" line="30" class="Hyde\Framework\Testing\Unit\Views\NavigationLinkViewTest" classname="Hyde.Framework.Testing.Unit.Views.NavigationLinkViewTest" assertions="1" time="0.004934"/>
        <testcase name="testComponentUsesTitle" file="/home/runner/work/develop/develop/packages/framework/tests/Unit/Views/NavigationLinkViewTest.php" line="35" class="Hyde\Framework\Testing\Unit\Views\NavigationLinkViewTest" classname="Hyde.Framework.Testing.Unit.Views.NavigationLinkViewTest" assertions="1" time="0.004385"/>
        <testcase name="testComponentIsCurrentWhenCurrentRouteMatches" file="/home/runner/work/develop/develop/packages/framework/tests/Unit/Views/NavigationLinkViewTest.php" line="40" class="Hyde\Framework\Testing\Unit\Views\NavigationLinkViewTest" classname="Hyde.Framework.Testing.Unit.Views.NavigationLinkViewTest" assertions="1" time="0.008303"/>
        <testcase name="testComponentHasAriaCurrentWhenCurrentRouteMatches" file="/home/runner/work/develop/develop/packages/framework/tests/Unit/Views/NavigationLinkViewTest.php" line="46" class="Hyde\Framework\Testing\Unit\Views\NavigationLinkViewTest" classname="Hyde.Framework.Testing.Unit.Views.NavigationLinkViewTest" assertions="1" time="0.008375"/>
      </testsuite>
      <testsuite name="Hyde\Framework\Testing\Unit\Views\NavigationMenuViewTest" file="/home/runner/work/develop/develop/packages/framework/tests/Unit/Views/NavigationMenuViewTest.php" tests="8" assertions="8" errors="0" failures="0" skipped="0" time="0.100099">
        <testcase name="testComponentCanBeRendered" file="/home/runner/work/develop/develop/packages/framework/tests/Unit/Views/NavigationMenuViewTest.php" line="28" class="Hyde\Framework\Testing\Unit\Views\NavigationMenuViewTest" classname="Hyde.Framework.Testing.Unit.Views.NavigationMenuViewTest" assertions="1" time="0.009844"/>
        <testcase name="testComponentContainsDarkModeButton" file="/home/runner/work/develop/develop/packages/framework/tests/Unit/Views/NavigationMenuViewTest.php" line="33" class="Hyde\Framework\Testing\Unit\Views\NavigationMenuViewTest" classname="Hyde.Framework.Testing.Unit.Views.NavigationMenuViewTest" assertions="1" time="0.009394"/>
        <testcase name="testComponentContainsNavigationMenuToggleButton" file="/home/runner/work/develop/develop/packages/framework/tests/Unit/Views/NavigationMenuViewTest.php" line="38" class="Hyde\Framework\Testing\Unit\Views\NavigationMenuViewTest" classname="Hyde.Framework.Testing.Unit.Views.NavigationMenuViewTest" assertions="1" time="0.009486"/>
        <testcase name="testComponentContainsMainNavigationLinks" file="/home/runner/work/develop/develop/packages/framework/tests/Unit/Views/NavigationMenuViewTest.php" line="43" class="Hyde\Framework\Testing\Unit\Views\NavigationMenuViewTest" classname="Hyde.Framework.Testing.Unit.Views.NavigationMenuViewTest" assertions="1" time="0.009315"/>
        <testcase name="testComponentContainsIndexHtmlLink" file="/home/runner/work/develop/develop/packages/framework/tests/Unit/Views/NavigationMenuViewTest.php" line="48" class="Hyde\Framework\Testing\Unit\Views\NavigationMenuViewTest" classname="Hyde.Framework.Testing.Unit.Views.NavigationMenuViewTest" assertions="1" time="0.009672"/>
        <testcase name="testComponentNotContains404HtmlLink" file="/home/runner/work/develop/develop/packages/framework/tests/Unit/Views/NavigationMenuViewTest.php" line="53" class="Hyde\Framework\Testing\Unit\Views\NavigationMenuViewTest" classname="Hyde.Framework.Testing.Unit.Views.NavigationMenuViewTest" assertions="1" time="0.009972"/>
        <testcase name="testNavigationMenuLabelCanBeChangedInFrontMatter" file="/home/runner/work/develop/develop/packages/framework/tests/Unit/Views/NavigationMenuViewTest.php" line="58" class="Hyde\Framework\Testing\Unit\Views\NavigationMenuViewTest" classname="Hyde.Framework.Testing.Unit.Views.NavigationMenuViewTest" assertions="1" time="0.022293"/>
        <testcase name="testNavigationMenuLabelCanBeChangedInBladeMatter" file="/home/runner/work/develop/develop/packages/framework/tests/Unit/Views/NavigationMenuViewTest.php" line="72" class="Hyde\Framework\Testing\Unit\Views\NavigationMenuViewTest" classname="Hyde.Framework.Testing.Unit.Views.NavigationMenuViewTest" assertions="1" time="0.020123"/>
      </testsuite>
      <testsuite name="Hyde\Framework\Testing\Unit\Views\ScriptsComponentViewTest" file="/home/runner/work/develop/develop/packages/framework/tests/Unit/Views/ScriptsComponentViewTest.php" tests="7" assertions="9" errors="0" failures="0" skipped="0" time="0.043152">
        <testcase name="testComponentCanBeRendered" file="/home/runner/work/develop/develop/packages/framework/tests/Unit/Views/ScriptsComponentViewTest.php" line="29" class="Hyde\Framework\Testing\Unit\Views\ScriptsComponentViewTest" classname="Hyde.Framework.Testing.Unit.Views.ScriptsComponentViewTest" assertions="1" time="0.006056"/>
        <testcase name="testComponentHasLinkToAppJsFileWhenItExists" file="/home/runner/work/develop/develop/packages/framework/tests/Unit/Views/ScriptsComponentViewTest.php" line="34" class="Hyde\Framework\Testing\Unit\Views\ScriptsComponentViewTest" classname="Hyde.Framework.Testing.Unit.Views.ScriptsComponentViewTest" assertions="1" time="0.006162"/>
        <testcase name="testComponentDoesNotRenderLinkToAppJsWhenItDoesNotExist" file="/home/runner/work/develop/develop/packages/framework/tests/Unit/Views/ScriptsComponentViewTest.php" line="41" class="Hyde\Framework\Testing\Unit\Views\ScriptsComponentViewTest" classname="Hyde.Framework.Testing.Unit.Views.ScriptsComponentViewTest" assertions="1" time="0.005993"/>
        <testcase name="testComponentUsesRelativePathToAppJsFileForNestedPages" file="/home/runner/work/develop/develop/packages/framework/tests/Unit/Views/ScriptsComponentViewTest.php" line="46" class="Hyde\Framework\Testing\Unit\Views\ScriptsComponentViewTest" classname="Hyde.Framework.Testing.Unit.Views.ScriptsComponentViewTest" assertions="3" time="0.008191"/>
        <testcase name="testCanAddScriptsHtmlFromConfigHook" file="/home/runner/work/develop/develop/packages/framework/tests/Unit/Views/ScriptsComponentViewTest.php" line="59" class="Hyde\Framework\Testing\Unit\Views\ScriptsComponentViewTest" classname="Hyde.Framework.Testing.Unit.Views.ScriptsComponentViewTest" assertions="1" time="0.005595"/>
        <testcase name="testCanAddScriptsHtmlFromHtmlInclude" file="/home/runner/work/develop/develop/packages/framework/tests/Unit/Views/ScriptsComponentViewTest.php" line="66" class="Hyde\Framework\Testing\Unit\Views\ScriptsComponentViewTest" classname="Hyde.Framework.Testing.Unit.Views.ScriptsComponentViewTest" assertions="1" time="0.005926"/>
        <testcase name="testScriptsCanBePushedToTheComponentScriptsStack" file="/home/runner/work/develop/develop/packages/framework/tests/Unit/Views/ScriptsComponentViewTest.php" line="73" class="Hyde\Framework\Testing\Unit\Views\ScriptsComponentViewTest" classname="Hyde.Framework.Testing.Unit.Views.ScriptsComponentViewTest" assertions="1" time="0.005230"/>
      </testsuite>
      <testsuite name="Hyde\Framework\Testing\Unit\Views\StylesComponentViewTest" file="/home/runner/work/develop/develop/packages/framework/tests/Unit/Views/StylesComponentViewTest.php" tests="9" assertions="11" errors="0" failures="0" skipped="0" time="0.053724">
        <testcase name="testComponentCanBeRendered" file="/home/runner/work/develop/develop/packages/framework/tests/Unit/Views/StylesComponentViewTest.php" line="31" class="Hyde\Framework\Testing\Unit\Views\StylesComponentViewTest" classname="Hyde.Framework.Testing.Unit.Views.StylesComponentViewTest" assertions="1" time="0.006058"/>
        <testcase name="testComponentHasLinkToAppCssFile" file="/home/runner/work/develop/develop/packages/framework/tests/Unit/Views/StylesComponentViewTest.php" line="36" class="Hyde\Framework\Testing\Unit\Views\StylesComponentViewTest" classname="Hyde.Framework.Testing.Unit.Views.StylesComponentViewTest" assertions="1" time="0.005667"/>
        <testcase name="testComponentUsesRelativePathToAppCssFileForNestedPages" file="/home/runner/work/develop/develop/packages/framework/tests/Unit/Views/StylesComponentViewTest.php" line="41" class="Hyde\Framework\Testing\Unit\Views\StylesComponentViewTest" classname="Hyde.Framework.Testing.Unit.Views.StylesComponentViewTest" assertions="3" time="0.006816"/>
        <testcase name="testComponentDoesNotRenderLinkToAppCssWhenItDoesNotExist" file="/home/runner/work/develop/develop/packages/framework/tests/Unit/Views/StylesComponentViewTest.php" line="52" class="Hyde\Framework\Testing\Unit\Views\StylesComponentViewTest" classname="Hyde.Framework.Testing.Unit.Views.StylesComponentViewTest" assertions="1" time="0.005813"/>
        <testcase name="testStylesCanBePushedToTheComponentStylesStack" file="/home/runner/work/develop/develop/packages/framework/tests/Unit/Views/StylesComponentViewTest.php" line="59" class="Hyde\Framework\Testing\Unit\Views\StylesComponentViewTest" classname="Hyde.Framework.Testing.Unit.Views.StylesComponentViewTest" assertions="1" time="0.005542"/>
        <testcase name="testComponentRendersTailwindPlayCdnLinkWhenEnabledInConfig" file="/home/runner/work/develop/develop/packages/framework/tests/Unit/Views/StylesComponentViewTest.php" line="74" class="Hyde\Framework\Testing\Unit\Views\StylesComponentViewTest" classname="Hyde.Framework.Testing.Unit.Views.StylesComponentViewTest" assertions="1" time="0.005993"/>
        <testcase name="testComponentRendersAppCdnLinkWhenEnabledInConfig" file="/home/runner/work/develop/develop/packages/framework/tests/Unit/Views/StylesComponentViewTest.php" line="80" class="Hyde\Framework\Testing\Unit\Views\StylesComponentViewTest" classname="Hyde.Framework.Testing.Unit.Views.StylesComponentViewTest" assertions="1" time="0.006194"/>
        <testcase name="testComponentDoesNotRenderLinkToLocalAppCssWhenCdnLinkIsEnabledInConfig" file="/home/runner/work/develop/develop/packages/framework/tests/Unit/Views/StylesComponentViewTest.php" line="86" class="Hyde\Framework\Testing\Unit\Views\StylesComponentViewTest" classname="Hyde.Framework.Testing.Unit.Views.StylesComponentViewTest" assertions="1" time="0.005627"/>
        <testcase name="testComponentDoesNotRenderCdnLinkWhenALocalFileExists" file="/home/runner/work/develop/develop/packages/framework/tests/Unit/Views/StylesComponentViewTest.php" line="92" class="Hyde\Framework\Testing\Unit\Views\StylesComponentViewTest" classname="Hyde.Framework.Testing.Unit.Views.StylesComponentViewTest" assertions="1" time="0.006013"/>
      </testsuite>
    </testsuite>
    <testsuite name="Publications" tests="358" assertions="933" errors="0" failures="0" skipped="0" time="3.811656">
      <testsuite name="Hyde\Publications\Testing\Feature\CreateActionTest" file="/home/runner/work/develop/develop/packages/publications/tests/Feature/CreateActionTest.php" tests="7" assertions="15" errors="0" failures="0" skipped="0" time="0.028766">
        <testcase name="testCreate" file="/home/runner/work/develop/develop/packages/publications/tests/Feature/CreateActionTest.php" line="18" class="Hyde\Publications\Testing\Feature\CreateActionTest" classname="Hyde.Publications.Testing.Feature.CreateActionTest" assertions="2" time="0.004213"/>
        <testcase name="testWithConflict" file="/home/runner/work/develop/develop/packages/publications/tests/Feature/CreateActionTest.php" line="29" class="Hyde\Publications\Testing\Feature\CreateActionTest" classname="Hyde.Publications.Testing.Feature.CreateActionTest" assertions="1" time="0.003468"/>
        <testcase name="testWithConflictForce" file="/home/runner/work/develop/develop/packages/publications/tests/Feature/CreateActionTest.php" line="42" class="Hyde\Publications\Testing\Feature\CreateActionTest" classname="Hyde.Publications.Testing.Feature.CreateActionTest" assertions="1" time="0.004436"/>
        <testcase name="testOutputPathHelpers" file="/home/runner/work/develop/develop/packages/publications/tests/Feature/CreateActionTest.php" line="53" class="Hyde\Publications\Testing\Feature\CreateActionTest" classname="Hyde.Publications.Testing.Feature.CreateActionTest" assertions="2" time="0.003466"/>
        <testcase name="testConflictPredictionHelpers" file="/home/runner/work/develop/develop/packages/publications/tests/Feature/CreateActionTest.php" line="62" class="Hyde\Publications\Testing\Feature\CreateActionTest" classname="Hyde.Publications.Testing.Feature.CreateActionTest" assertions="6" time="0.004689"/>
        <testcase name="testCanSaveToSubdirectory" file="/home/runner/work/develop/develop/packages/publications/tests/Feature/CreateActionTest.php" line="82" class="Hyde\Publications\Testing\Feature\CreateActionTest" classname="Hyde.Publications.Testing.Feature.CreateActionTest" assertions="2" time="0.004754"/>
        <testcase name="testFormatStringForStorage" file="/home/runner/work/develop/develop/packages/publications/tests/Feature/CreateActionTest.php" line="94" class="Hyde\Publications\Testing\Feature\CreateActionTest" classname="Hyde.Publications.Testing.Feature.CreateActionTest" assertions="1" time="0.003739"/>
      </testsuite>
      <testsuite name="Hyde\Publications\Testing\Feature\CreatesNewPublicationPageTest" file="/home/runner/work/develop/develop/packages/publications/tests/Feature/CreatesNewPublicationPageTest.php" tests="6" assertions="13" errors="0" failures="0" skipped="0" time="0.133861">
        <testcase name="testCreate" file="/home/runner/work/develop/develop/packages/publications/tests/Feature/CreatesNewPublicationPageTest.php" line="39" class="Hyde\Publications\Testing\Feature\CreatesNewPublicationPageTest" classname="Hyde.Publications.Testing.Feature.CreatesNewPublicationPageTest" assertions="2" time="0.107282"/>
        <testcase name="testWithTextType" file="/home/runner/work/develop/develop/packages/publications/tests/Feature/CreatesNewPublicationPageTest.php" line="66" class="Hyde\Publications\Testing\Feature\CreatesNewPublicationPageTest" classname="Hyde.Publications.Testing.Feature.CreatesNewPublicationPageTest" assertions="2" time="0.005542"/>
        <testcase name="testWithArrayType" file="/home/runner/work/develop/develop/packages/publications/tests/Feature/CreatesNewPublicationPageTest.php" line="96" class="Hyde\Publications\Testing\Feature\CreatesNewPublicationPageTest" classname="Hyde.Publications.Testing.Feature.CreatesNewPublicationPageTest" assertions="2" time="0.005233"/>
        <testcase name="testCreateWithoutSupplyingCanonicalField" file="/home/runner/work/develop/develop/packages/publications/tests/Feature/CreatesNewPublicationPageTest.php" line="125" class="Hyde\Publications\Testing\Feature\CreatesNewPublicationPageTest" classname="Hyde.Publications.Testing.Feature.CreatesNewPublicationPageTest" assertions="2" time="0.004149"/>
        <testcase name="testCreateWithoutSupplyingRequiredField" file="/home/runner/work/develop/develop/packages/publications/tests/Feature/CreatesNewPublicationPageTest.php" line="140" class="Hyde\Publications\Testing\Feature\CreatesNewPublicationPageTest" classname="Hyde.Publications.Testing.Feature.CreatesNewPublicationPageTest" assertions="2" time="0.005371"/>
        <testcase name="testItCreatesValidYaml" file="/home/runner/work/develop/develop/packages/publications/tests/Feature/CreatesNewPublicationPageTest.php" line="163" class="Hyde\Publications\Testing\Feature\CreatesNewPublicationPageTest" classname="Hyde.Publications.Testing.Feature.CreatesNewPublicationPageTest" assertions="3" time="0.006284"/>
      </testsuite>
      <testsuite name="Hyde\Publications\Testing\Feature\CreatesNewPublicationTypeTest" file="/home/runner/work/develop/develop/packages/publications/tests/Feature/CreatesNewPublicationTypeTest.php" tests="4" assertions="20" errors="0" failures="0" skipped="0" time="0.032358">
        <testcase name="testItCreatesANewPublicationType" file="/home/runner/work/develop/develop/packages/publications/tests/Feature/CreatesNewPublicationTypeTest.php" line="27" class="Hyde\Publications\Testing\Feature\CreatesNewPublicationTypeTest" classname="Hyde.Publications.Testing.Feature.CreatesNewPublicationTypeTest" assertions="2" time="0.015474"/>
        <testcase name="testCreateWithDefaultParameters" file="/home/runner/work/develop/develop/packages/publications/tests/Feature/CreatesNewPublicationTypeTest.php" line="55" class="Hyde\Publications\Testing\Feature\CreatesNewPublicationTypeTest" classname="Hyde.Publications.Testing.Feature.CreatesNewPublicationTypeTest" assertions="2" time="0.005330"/>
        <testcase name="testItCreatesListAndDetailPages" file="/home/runner/work/develop/develop/packages/publications/tests/Feature/CreatesNewPublicationTypeTest.php" line="79" class="Hyde\Publications\Testing\Feature\CreatesNewPublicationTypeTest" classname="Hyde.Publications.Testing.Feature.CreatesNewPublicationTypeTest" assertions="8" time="0.005810"/>
        <testcase name="testItUsesThePaginatedListViewWhenPaginationIsEnabled" file="/home/runner/work/develop/develop/packages/publications/tests/Feature/CreatesNewPublicationTypeTest.php" line="99" class="Hyde\Publications\Testing\Feature\CreatesNewPublicationTypeTest" classname="Hyde.Publications.Testing.Feature.CreatesNewPublicationTypeTest" assertions="8" time="0.005743"/>
      </testsuite>
      <testsuite name="Hyde\Publications\Testing\Feature\GeneratesPublicationTagPagesTest" file="/home/runner/work/develop/develop/packages/publications/tests/Feature/GeneratesPublicationTagPagesTest.php" tests="7" assertions="18" errors="0" failures="0" skipped="0" time="0.166687">
        <testcase name="testTagsIndexPageIsGeneratedWhenTagsAreUsed" file="/home/runner/work/develop/develop/packages/publications/tests/Feature/GeneratesPublicationTagPagesTest.php" line="19" class="Hyde\Publications\Testing\Feature\GeneratesPublicationTagPagesTest" classname="Hyde.Publications.Testing.Feature.GeneratesPublicationTagPagesTest" assertions="2" time="0.033124"/>
        <testcase name="testTagsIndexPageIsNotGeneratedWhenTagsAreNotUsed" file="/home/runner/work/develop/develop/packages/publications/tests/Feature/GeneratesPublicationTagPagesTest.php" line="51" class="Hyde\Publications\Testing\Feature\GeneratesPublicationTagPagesTest" classname="Hyde.Publications.Testing.Feature.GeneratesPublicationTagPagesTest" assertions="1" time="0.009366"/>
        <testcase name="testTagsPagesForPublicationsAreGeneratedForUsedTag" file="/home/runner/work/develop/develop/packages/publications/tests/Feature/GeneratesPublicationTagPagesTest.php" line="61" class="Hyde\Publications\Testing\Feature\GeneratesPublicationTagPagesTest" classname="Hyde.Publications.Testing.Feature.GeneratesPublicationTagPagesTest" assertions="1" time="0.019958"/>
        <testcase name="testTagsPagesForPublicationsAreGeneratedForUsedTagsWithPublicationTagsArray" file="/home/runner/work/develop/develop/packages/publications/tests/Feature/GeneratesPublicationTagPagesTest.php" line="81" class="Hyde\Publications\Testing\Feature\GeneratesPublicationTagPagesTest" classname="Hyde.Publications.Testing.Feature.GeneratesPublicationTagPagesTest" assertions="1" time="0.021543"/>
        <testcase name="testTagsPagesForPublicationsAreNotGeneratedWhenNoTagsAreUsed" file="/home/runner/work/develop/develop/packages/publications/tests/Feature/GeneratesPublicationTagPagesTest.php" line="102" class="Hyde\Publications\Testing\Feature\GeneratesPublicationTagPagesTest" classname="Hyde.Publications.Testing.Feature.GeneratesPublicationTagPagesTest" assertions="1" time="0.017840"/>
        <testcase name="testGeneratedIndexPage" file="/home/runner/work/develop/develop/packages/publications/tests/Feature/GeneratesPublicationTagPagesTest.php" line="119" class="Hyde\Publications\Testing\Feature\GeneratesPublicationTagPagesTest" classname="Hyde.Publications.Testing.Feature.GeneratesPublicationTagPagesTest" assertions="6" time="0.032633"/>
        <testcase name="testGeneratedDetailPage" file="/home/runner/work/develop/develop/packages/publications/tests/Feature/GeneratesPublicationTagPagesTest.php" line="143" class="Hyde\Publications\Testing\Feature\GeneratesPublicationTagPagesTest" classname="Hyde.Publications.Testing.Feature.GeneratesPublicationTagPagesTest" assertions="6" time="0.032221"/>
      </testsuite>
      <testsuite name="Hyde\Publications\Testing\Feature\InputStreamHandlerTest" file="/home/runner/work/develop/develop/packages/publications/tests/Feature/InputStreamHandlerTest.php" tests="10" assertions="17" errors="0" failures="0" skipped="0" time="0.049170">
        <testcase name="testCanCollectInput" file="/home/runner/work/develop/develop/packages/publications/tests/Feature/InputStreamHandlerTest.php" line="18" class="Hyde\Publications\Testing\Feature\InputStreamHandlerTest" classname="Hyde.Publications.Testing.Feature.InputStreamHandlerTest" assertions="2" time="0.014184"/>
        <testcase name="testCanTerminateWithHereSequence" file="/home/runner/work/develop/develop/packages/publications/tests/Feature/InputStreamHandlerTest.php" line="25" class="Hyde\Publications\Testing\Feature\InputStreamHandlerTest" classname="Hyde.Publications.Testing.Feature.InputStreamHandlerTest" assertions="2" time="0.005075"/>
        <testcase name="testCanTerminateWithHereSequenceAfterCarriageReturns" file="/home/runner/work/develop/develop/packages/publications/tests/Feature/InputStreamHandlerTest.php" line="32" class="Hyde\Publications\Testing\Feature\InputStreamHandlerTest" classname="Hyde.Publications.Testing.Feature.InputStreamHandlerTest" assertions="2" time="0.004661"/>
        <testcase name="testCanTerminateWithEndOfTransmissionSequence" file="/home/runner/work/develop/develop/packages/publications/tests/Feature/InputStreamHandlerTest.php" line="39" class="Hyde\Publications\Testing\Feature\InputStreamHandlerTest" classname="Hyde.Publications.Testing.Feature.InputStreamHandlerTest" assertions="2" time="0.003821"/>
        <testcase name="testCanCollectMultipleInputLines" file="/home/runner/work/develop/develop/packages/publications/tests/Feature/InputStreamHandlerTest.php" line="46" class="Hyde\Publications\Testing\Feature\InputStreamHandlerTest" classname="Hyde.Publications.Testing.Feature.InputStreamHandlerTest" assertions="2" time="0.003880"/>
        <testcase name="testCanEnterMultipleCarriageReturns" file="/home/runner/work/develop/develop/packages/publications/tests/Feature/InputStreamHandlerTest.php" line="53" class="Hyde\Publications\Testing\Feature\InputStreamHandlerTest" classname="Hyde.Publications.Testing.Feature.InputStreamHandlerTest" assertions="2" time="0.003929"/>
        <testcase name="testCanEnterMultipleUnixEndings" file="/home/runner/work/develop/develop/packages/publications/tests/Feature/InputStreamHandlerTest.php" line="60" class="Hyde\Publications\Testing\Feature\InputStreamHandlerTest" classname="Hyde.Publications.Testing.Feature.InputStreamHandlerTest" assertions="2" time="0.003587"/>
        <testcase name="testTerminationMessage" file="/home/runner/work/develop/develop/packages/publications/tests/Feature/InputStreamHandlerTest.php" line="67" class="Hyde\Publications\Testing\Feature\InputStreamHandlerTest" classname="Hyde.Publications.Testing.Feature.InputStreamHandlerTest" assertions="1" time="0.003287"/>
        <testcase name="testTerminationSequenceConstant" file="/home/runner/work/develop/develop/packages/publications/tests/Feature/InputStreamHandlerTest.php" line="78" class="Hyde\Publications\Testing\Feature\InputStreamHandlerTest" classname="Hyde.Publications.Testing.Feature.InputStreamHandlerTest" assertions="1" time="0.003390"/>
        <testcase name="testEndOfTransmissionConstant" file="/home/runner/work/develop/develop/packages/publications/tests/Feature/InputStreamHandlerTest.php" line="83" class="Hyde\Publications\Testing\Feature\InputStreamHandlerTest" classname="Hyde.Publications.Testing.Feature.InputStreamHandlerTest" assertions="1" time="0.003355"/>
      </testsuite>
      <testsuite name="Hyde\Publications\Testing\Feature\MakePublicationCommandTest" file="/home/runner/work/develop/develop/packages/publications/tests/Feature/MakePublicationCommandTest.php" tests="23" assertions="121" errors="0" failures="0" skipped="0" time="0.299914">
        <testcase name="testCommandCreatesPublication" file="/home/runner/work/develop/develop/packages/publications/tests/Feature/MakePublicationCommandTest.php" line="34" class="Hyde\Publications\Testing\Feature\MakePublicationCommandTest" classname="Hyde.Publications.Testing.Feature.MakePublicationCommandTest" assertions="9" time="0.017620"/>
        <testcase name="testCommandWithNoPublicationTypes" file="/home/runner/work/develop/develop/packages/publications/tests/Feature/MakePublicationCommandTest.php" line="50" class="Hyde\Publications\Testing\Feature\MakePublicationCommandTest" classname="Hyde.Publications.Testing.Feature.MakePublicationCommandTest" assertions="3" time="0.007114"/>
        <testcase name="testCommandSelectsTheRightPublicationUsingTheNames" file="/home/runner/work/develop/develop/packages/publications/tests/Feature/MakePublicationCommandTest.php" line="59" class="Hyde\Publications\Testing\Feature\MakePublicationCommandTest" classname="Hyde.Publications.Testing.Feature.MakePublicationCommandTest" assertions="12" time="0.014711"/>
        <testcase name="testCommandWithExistingPublication" file="/home/runner/work/develop/develop/packages/publications/tests/Feature/MakePublicationCommandTest.php" line="101" class="Hyde\Publications\Testing\Feature\MakePublicationCommandTest" classname="Hyde.Publications.Testing.Feature.MakePublicationCommandTest" assertions="10" time="0.010811"/>
        <testcase name="testCommandWithExistingPublicationAndOverwrite" file="/home/runner/work/develop/develop/packages/publications/tests/Feature/MakePublicationCommandTest.php" line="119" class="Hyde\Publications\Testing\Feature\MakePublicationCommandTest" classname="Hyde.Publications.Testing.Feature.MakePublicationCommandTest" assertions="8" time="0.011454"/>
        <testcase name="testCanOverwriteExistingPublicationByPassingForceFlag" file="/home/runner/work/develop/develop/packages/publications/tests/Feature/MakePublicationCommandTest.php" line="135" class="Hyde\Publications\Testing\Feature\MakePublicationCommandTest" classname="Hyde.Publications.Testing.Feature.MakePublicationCommandTest" assertions="6" time="0.011124"/>
        <testcase name="testCommandWithPublicationTypePassedAsArgument" file="/home/runner/work/develop/develop/packages/publications/tests/Feature/MakePublicationCommandTest.php" line="149" class="Hyde\Publications\Testing\Feature\MakePublicationCommandTest" classname="Hyde.Publications.Testing.Feature.MakePublicationCommandTest" assertions="6" time="0.010774"/>
        <testcase name="testCommandWithInvalidPublicationTypePassedAsArgument" file="/home/runner/work/develop/develop/packages/publications/tests/Feature/MakePublicationCommandTest.php" line="163" class="Hyde\Publications\Testing\Feature\MakePublicationCommandTest" classname="Hyde.Publications.Testing.Feature.MakePublicationCommandTest" assertions="2" time="0.007971"/>
        <testcase name="testCommandWithSchemaUsingCanonicalMetaField" file="/home/runner/work/develop/develop/packages/publications/tests/Feature/MakePublicationCommandTest.php" line="173" class="Hyde\Publications\Testing\Feature\MakePublicationCommandTest" classname="Hyde.Publications.Testing.Feature.MakePublicationCommandTest" assertions="3" time="0.009540"/>
        <testcase name="testCommandDoesNotAskUserToFillInMetaFields" file="/home/runner/work/develop/develop/packages/publications/tests/Feature/MakePublicationCommandTest.php" line="196" class="Hyde\Publications\Testing\Feature\MakePublicationCommandTest" classname="Hyde.Publications.Testing.Feature.MakePublicationCommandTest" assertions="4" time="0.010167"/>
        <testcase name="testCommandWithTextInput" file="/home/runner/work/develop/develop/packages/publications/tests/Feature/MakePublicationCommandTest.php" line="214" class="Hyde\Publications\Testing\Feature\MakePublicationCommandTest" classname="Hyde.Publications.Testing.Feature.MakePublicationCommandTest" assertions="3" time="0.009940"/>
        <testcase name="testCommandWithBooleanInput" file="/home/runner/work/develop/develop/packages/publications/tests/Feature/MakePublicationCommandTest.php" line="236" class="Hyde\Publications\Testing\Feature\MakePublicationCommandTest" classname="Hyde.Publications.Testing.Feature.MakePublicationCommandTest" assertions="4" time="0.010461"/>
        <testcase name="testCommandWithArrayInput" file="/home/runner/work/develop/develop/packages/publications/tests/Feature/MakePublicationCommandTest.php" line="254" class="Hyde\Publications\Testing\Feature\MakePublicationCommandTest" classname="Hyde.Publications.Testing.Feature.MakePublicationCommandTest" assertions="3" time="0.010544"/>
        <testcase name="testCommandWithMediaInput" file="/home/runner/work/develop/develop/packages/publications/tests/Feature/MakePublicationCommandTest.php" line="278" class="Hyde\Publications\Testing\Feature\MakePublicationCommandTest" classname="Hyde.Publications.Testing.Feature.MakePublicationCommandTest" assertions="4" time="0.011822"/>
        <testcase name="testMediaInputSelectsTheRightFile" file="/home/runner/work/develop/develop/packages/publications/tests/Feature/MakePublicationCommandTest.php" line="299" class="Hyde\Publications\Testing\Feature\MakePublicationCommandTest" classname="Hyde.Publications.Testing.Feature.MakePublicationCommandTest" assertions="4" time="0.012576"/>
        <testcase name="testCommandWithSingleTagInput" file="/home/runner/work/develop/develop/packages/publications/tests/Feature/MakePublicationCommandTest.php" line="323" class="Hyde\Publications\Testing\Feature\MakePublicationCommandTest" classname="Hyde.Publications.Testing.Feature.MakePublicationCommandTest" assertions="5" time="0.038307"/>
        <testcase name="testCommandWithMultipleTagInputs" file="/home/runner/work/develop/develop/packages/publications/tests/Feature/MakePublicationCommandTest.php" line="347" class="Hyde\Publications\Testing\Feature\MakePublicationCommandTest" classname="Hyde.Publications.Testing.Feature.MakePublicationCommandTest" assertions="5" time="0.020631"/>
        <testcase name="testMediaInputWithNoImages" file="/home/runner/work/develop/develop/packages/publications/tests/Feature/MakePublicationCommandTest.php" line="372" class="Hyde\Publications\Testing\Feature\MakePublicationCommandTest" classname="Hyde.Publications.Testing.Feature.MakePublicationCommandTest" assertions="5" time="0.009688"/>
        <testcase name="testMediaInputWithNoFilesButSkips" file="/home/runner/work/develop/develop/packages/publications/tests/Feature/MakePublicationCommandTest.php" line="393" class="Hyde\Publications\Testing\Feature\MakePublicationCommandTest" classname="Hyde.Publications.Testing.Feature.MakePublicationCommandTest" assertions="6" time="0.011807"/>
        <testcase name="testTagInputWithNoTags" file="/home/runner/work/develop/develop/packages/publications/tests/Feature/MakePublicationCommandTest.php" line="423" class="Hyde\Publications\Testing\Feature\MakePublicationCommandTest" classname="Hyde.Publications.Testing.Feature.MakePublicationCommandTest" assertions="3" time="0.015366"/>
        <testcase name="testHandleEmptyOptionsCollectionForRequiredField" file="/home/runner/work/develop/develop/packages/publications/tests/Feature/MakePublicationCommandTest.php" line="442" class="Hyde\Publications\Testing\Feature\MakePublicationCommandTest" classname="Hyde.Publications.Testing.Feature.MakePublicationCommandTest" assertions="3" time="0.009808"/>
        <testcase name="testWithCustomValidationRules" file="/home/runner/work/develop/develop/packages/publications/tests/Feature/MakePublicationCommandTest.php" line="461" class="Hyde\Publications\Testing\Feature\MakePublicationCommandTest" classname="Hyde.Publications.Testing.Feature.MakePublicationCommandTest" assertions="8" time="0.016485"/>
        <testcase name="testWithSkippingInputs" file="/home/runner/work/develop/develop/packages/publications/tests/Feature/MakePublicationCommandTest.php" line="485" class="Hyde\Publications\Testing\Feature\MakePublicationCommandTest" classname="Hyde.Publications.Testing.Feature.MakePublicationCommandTest" assertions="5" time="0.011192"/>
      </testsuite>
      <testsuite name="Hyde\Publications\Testing\Feature\MakePublicationTypeCommandTest" file="/home/runner/work/develop/develop/packages/publications/tests/Feature/MakePublicationTypeCommandTest.php" tests="6" assertions="63" errors="0" failures="0" skipped="0" time="0.070065">
        <testcase name="testCommandCreatesPublicationType" file="/home/runner/work/develop/develop/packages/publications/tests/Feature/MakePublicationTypeCommandTest.php" line="36" class="Hyde\Publications\Testing\Feature\MakePublicationTypeCommandTest" classname="Hyde.Publications.Testing.Feature.MakePublicationTypeCommandTest" assertions="21" time="0.020402"/>
        <testcase name="testWithDefaultValues" file="/home/runner/work/develop/develop/packages/publications/tests/Feature/MakePublicationTypeCommandTest.php" line="103" class="Hyde\Publications\Testing\Feature\MakePublicationTypeCommandTest" classname="Hyde.Publications.Testing.Feature.MakePublicationTypeCommandTest" assertions="6" time="0.009785"/>
        <testcase name="testWithMultipleFieldsOfTheSameName" file="/home/runner/work/develop/develop/packages/publications/tests/Feature/MakePublicationTypeCommandTest.php" line="140" class="Hyde\Publications\Testing\Feature\MakePublicationTypeCommandTest" classname="Hyde.Publications.Testing.Feature.MakePublicationTypeCommandTest" assertions="18" time="0.013781"/>
        <testcase name="testWithExistingFileOfTheSameName" file="/home/runner/work/develop/develop/packages/publications/tests/Feature/MakePublicationTypeCommandTest.php" line="169" class="Hyde\Publications\Testing\Feature\MakePublicationTypeCommandTest" classname="Hyde.Publications.Testing.Feature.MakePublicationTypeCommandTest" assertions="2" time="0.007404"/>
        <testcase name="testWithExistingPublicationOfTheSameName" file="/home/runner/work/develop/develop/packages/publications/tests/Feature/MakePublicationTypeCommandTest.php" line="180" class="Hyde\Publications\Testing\Feature\MakePublicationTypeCommandTest" classname="Hyde.Publications.Testing.Feature.MakePublicationTypeCommandTest" assertions="2" time="0.007367"/>
        <testcase name="testWithTagFieldInput" file="/home/runner/work/develop/develop/packages/publications/tests/Feature/MakePublicationTypeCommandTest.php" line="192" class="Hyde\Publications\Testing\Feature\MakePublicationTypeCommandTest" classname="Hyde.Publications.Testing.Feature.MakePublicationTypeCommandTest" assertions="14" time="0.011327"/>
      </testsuite>
      <testsuite name="Hyde\Publications\Testing\Feature\PublicationFieldDefinitionTest" file="/home/runner/work/develop/develop/packages/publications/tests/Feature/PublicationFieldDefinitionTest.php" tests="12" assertions="18" errors="0" failures="0" skipped="0" time="0.042613">
        <testcase name="testCanInstantiateClass" file="/home/runner/work/develop/develop/packages/publications/tests/Feature/PublicationFieldDefinitionTest.php" line="17" class="Hyde\Publications\Testing\Feature\PublicationFieldDefinitionTest" classname="Hyde.Publications.Testing.Feature.PublicationFieldDefinitionTest" assertions="3" time="0.003616"/>
        <testcase name="testFromArrayMethod" file="/home/runner/work/develop/develop/packages/publications/tests/Feature/PublicationFieldDefinitionTest.php" line="26" class="Hyde\Publications\Testing\Feature\PublicationFieldDefinitionTest" classname="Hyde.Publications.Testing.Feature.PublicationFieldDefinitionTest" assertions="3" time="0.003342"/>
        <testcase name="testCanGetFieldAsArray" file="/home/runner/work/develop/develop/packages/publications/tests/Feature/PublicationFieldDefinitionTest.php" line="39" class="Hyde\Publications\Testing\Feature\PublicationFieldDefinitionTest" classname="Hyde.Publications.Testing.Feature.PublicationFieldDefinitionTest" assertions="1" time="0.003178"/>
        <testcase name="testCanGetFieldWithOptionalPropertiesAsArray" file="/home/runner/work/develop/develop/packages/publications/tests/Feature/PublicationFieldDefinitionTest.php" line="47" class="Hyde\Publications\Testing\Feature\PublicationFieldDefinitionTest" classname="Hyde.Publications.Testing.Feature.PublicationFieldDefinitionTest" assertions="1" time="0.003450"/>
        <testcase name="testCanEncodeFieldAsJson" file="/home/runner/work/develop/develop/packages/publications/tests/Feature/PublicationFieldDefinitionTest.php" line="56" class="Hyde\Publications\Testing\Feature\PublicationFieldDefinitionTest" classname="Hyde.Publications.Testing.Feature.PublicationFieldDefinitionTest" assertions="1" time="0.003377"/>
        <testcase name="testCanGetFieldWithOptionalPropertiesAsJson" file="/home/runner/work/develop/develop/packages/publications/tests/Feature/PublicationFieldDefinitionTest.php" line="61" class="Hyde\Publications\Testing\Feature\PublicationFieldDefinitionTest" classname="Hyde.Publications.Testing.Feature.PublicationFieldDefinitionTest" assertions="1" time="0.003334"/>
        <testcase name="testCanConstructTypeUsingEnumCase" file="/home/runner/work/develop/develop/packages/publications/tests/Feature/PublicationFieldDefinitionTest.php" line="69" class="Hyde\Publications\Testing\Feature\PublicationFieldDefinitionTest" classname="Hyde.Publications.Testing.Feature.PublicationFieldDefinitionTest" assertions="3" time="0.004450"/>
        <testcase name="testTypeMustBeValid" file="/home/runner/work/develop/develop/packages/publications/tests/Feature/PublicationFieldDefinitionTest.php" line="80" class="Hyde\Publications\Testing\Feature\PublicationFieldDefinitionTest" classname="Hyde.Publications.Testing.Feature.PublicationFieldDefinitionTest" assertions="1" time="0.003434"/>
        <testcase name="testTypeInputIsCaseInsensitive" file="/home/runner/work/develop/develop/packages/publications/tests/Feature/PublicationFieldDefinitionTest.php" line="87" class="Hyde\Publications\Testing\Feature\PublicationFieldDefinitionTest" classname="Hyde.Publications.Testing.Feature.PublicationFieldDefinitionTest" assertions="1" time="0.003576"/>
        <testcase name="testNameGetsStoredAsKebabCase" file="/home/runner/work/develop/develop/packages/publications/tests/Feature/PublicationFieldDefinitionTest.php" line="93" class="Hyde\Publications\Testing\Feature\PublicationFieldDefinitionTest" classname="Hyde.Publications.Testing.Feature.PublicationFieldDefinitionTest" assertions="1" time="0.003502"/>
        <testcase name="testGetRules" file="/home/runner/work/develop/develop/packages/publications/tests/Feature/PublicationFieldDefinitionTest.php" line="99" class="Hyde\Publications\Testing\Feature\PublicationFieldDefinitionTest" classname="Hyde.Publications.Testing.Feature.PublicationFieldDefinitionTest" assertions="1" time="0.003686"/>
        <testcase name="testGetRulesWithCustomTypeRules" file="/home/runner/work/develop/develop/packages/publications/tests/Feature/PublicationFieldDefinitionTest.php" line="105" class="Hyde\Publications\Testing\Feature\PublicationFieldDefinitionTest" classname="Hyde.Publications.Testing.Feature.PublicationFieldDefinitionTest" assertions="1" time="0.003669"/>
      </testsuite>
      <testsuite name="Hyde\Publications\Testing\Feature\PublicationFieldTypesEnumTest" file="/home/runner/work/develop/develop/packages/publications/tests/Feature/PublicationFieldTypesEnumTest.php" tests="9" assertions="32" errors="0" failures="0" skipped="0" time="0.037677">
        <testcase name="testCases" file="/home/runner/work/develop/develop/packages/publications/tests/Feature/PublicationFieldTypesEnumTest.php" line="15" class="Hyde\Publications\Testing\Feature\PublicationFieldTypesEnumTest" classname="Hyde.Publications.Testing.Feature.PublicationFieldTypesEnumTest" assertions="11" time="0.004708"/>
        <testcase name="testGetRules" file="/home/runner/work/develop/develop/packages/publications/tests/Feature/PublicationFieldTypesEnumTest.php" line="31" class="Hyde\Publications\Testing\Feature\PublicationFieldTypesEnumTest" classname="Hyde.Publications.Testing.Feature.PublicationFieldTypesEnumTest" assertions="10" time="0.004767"/>
        <testcase name="testCollectCreatesCollectionOfCases" file="/home/runner/work/develop/develop/packages/publications/tests/Feature/PublicationFieldTypesEnumTest.php" line="45" class="Hyde\Publications\Testing\Feature\PublicationFieldTypesEnumTest" classname="Hyde.Publications.Testing.Feature.PublicationFieldTypesEnumTest" assertions="1" time="0.004070"/>
        <testcase name="testValuesReturnsArrayOfCaseValues" file="/home/runner/work/develop/develop/packages/publications/tests/Feature/PublicationFieldTypesEnumTest.php" line="50" class="Hyde\Publications\Testing\Feature\PublicationFieldTypesEnumTest" classname="Hyde.Publications.Testing.Feature.PublicationFieldTypesEnumTest" assertions="1" time="0.004153"/>
        <testcase name="testNamesReturnsArrayOfCaseNames" file="/home/runner/work/develop/develop/packages/publications/tests/Feature/PublicationFieldTypesEnumTest.php" line="66" class="Hyde\Publications\Testing\Feature\PublicationFieldTypesEnumTest" classname="Hyde.Publications.Testing.Feature.PublicationFieldTypesEnumTest" assertions="1" time="0.004114"/>
        <testcase name="testCanonicable" file="/home/runner/work/develop/develop/packages/publications/tests/Feature/PublicationFieldTypesEnumTest.php" line="82" class="Hyde\Publications\Testing\Feature\PublicationFieldTypesEnumTest" classname="Hyde.Publications.Testing.Feature.PublicationFieldTypesEnumTest" assertions="1" time="0.003870"/>
        <testcase name="testArrayable" file="/home/runner/work/develop/develop/packages/publications/tests/Feature/PublicationFieldTypesEnumTest.php" line="92" class="Hyde\Publications\Testing\Feature\PublicationFieldTypesEnumTest" classname="Hyde.Publications.Testing.Feature.PublicationFieldTypesEnumTest" assertions="1" time="0.003821"/>
        <testcase name="testIsCanonicable" file="/home/runner/work/develop/develop/packages/publications/tests/Feature/PublicationFieldTypesEnumTest.php" line="100" class="Hyde\Publications\Testing\Feature\PublicationFieldTypesEnumTest" classname="Hyde.Publications.Testing.Feature.PublicationFieldTypesEnumTest" assertions="4" time="0.004185"/>
        <testcase name="testIsArrayable" file="/home/runner/work/develop/develop/packages/publications/tests/Feature/PublicationFieldTypesEnumTest.php" line="107" class="Hyde\Publications\Testing\Feature\PublicationFieldTypesEnumTest" classname="Hyde.Publications.Testing.Feature.PublicationFieldTypesEnumTest" assertions="2" time="0.003988"/>
      </testsuite>
      <testsuite name="Hyde\Publications\Testing\Feature\PublicationFieldValidatorTest" file="/home/runner/work/develop/develop/packages/publications/tests/Feature/PublicationFieldValidatorTest.php" tests="18" assertions="24" errors="0" failures="0" skipped="0" time="0.107581">
        <testcase name="testConstruct" file="/home/runner/work/develop/develop/packages/publications/tests/Feature/PublicationFieldValidatorTest.php" line="19" class="Hyde\Publications\Testing\Feature\PublicationFieldValidatorTest" classname="Hyde.Publications.Testing.Feature.PublicationFieldValidatorTest" assertions="1" time="0.015452"/>
        <testcase name="testValidate" file="/home/runner/work/develop/develop/packages/publications/tests/Feature/PublicationFieldValidatorTest.php" line="27" class="Hyde\Publications\Testing\Feature\PublicationFieldValidatorTest" classname="Hyde.Publications.Testing.Feature.PublicationFieldValidatorTest" assertions="3" time="0.005701"/>
        <testcase name="testValidateWithCustomTypeRules" file="/home/runner/work/develop/develop/packages/publications/tests/Feature/PublicationFieldValidatorTest.php" line="38" class="Hyde\Publications\Testing\Feature\PublicationFieldValidatorTest" classname="Hyde.Publications.Testing.Feature.PublicationFieldValidatorTest" assertions="3" time="0.005914"/>
        <testcase name="testGetRules" file="/home/runner/work/develop/develop/packages/publications/tests/Feature/PublicationFieldValidatorTest.php" line="49" class="Hyde\Publications\Testing\Feature\PublicationFieldValidatorTest" classname="Hyde.Publications.Testing.Feature.PublicationFieldValidatorTest" assertions="1" time="0.004337"/>
        <testcase name="testGetRulesWithCustomTypeRules" file="/home/runner/work/develop/develop/packages/publications/tests/Feature/PublicationFieldValidatorTest.php" line="56" class="Hyde\Publications\Testing\Feature\PublicationFieldValidatorTest" classname="Hyde.Publications.Testing.Feature.PublicationFieldValidatorTest" assertions="1" time="0.004442"/>
        <testcase name="testGetRulesForArray" file="/home/runner/work/develop/develop/packages/publications/tests/Feature/PublicationFieldValidatorTest.php" line="63" class="Hyde\Publications\Testing\Feature\PublicationFieldValidatorTest" classname="Hyde.Publications.Testing.Feature.PublicationFieldValidatorTest" assertions="1" time="0.004647"/>
        <testcase name="testValidateArrayPasses" file="/home/runner/work/develop/develop/packages/publications/tests/Feature/PublicationFieldValidatorTest.php" line="70" class="Hyde\Publications\Testing\Feature\PublicationFieldValidatorTest" classname="Hyde.Publications.Testing.Feature.PublicationFieldValidatorTest" assertions="1" time="0.005474"/>
        <testcase name="testValidateArrayFails" file="/home/runner/work/develop/develop/packages/publications/tests/Feature/PublicationFieldValidatorTest.php" line="79" class="Hyde\Publications\Testing\Feature\PublicationFieldValidatorTest" classname="Hyde.Publications.Testing.Feature.PublicationFieldValidatorTest" assertions="2" time="0.005459"/>
        <testcase name="testGetRulesForDatetime" file="/home/runner/work/develop/develop/packages/publications/tests/Feature/PublicationFieldValidatorTest.php" line="86" class="Hyde\Publications\Testing\Feature\PublicationFieldValidatorTest" classname="Hyde.Publications.Testing.Feature.PublicationFieldValidatorTest" assertions="1" time="0.004269"/>
        <testcase name="testValidateDatetimePasses" file="/home/runner/work/develop/develop/packages/publications/tests/Feature/PublicationFieldValidatorTest.php" line="93" class="Hyde\Publications\Testing\Feature\PublicationFieldValidatorTest" classname="Hyde.Publications.Testing.Feature.PublicationFieldValidatorTest" assertions="1" time="0.004399"/>
        <testcase name="testValidateDatetimeFailsForInvalidType" file="/home/runner/work/develop/develop/packages/publications/tests/Feature/PublicationFieldValidatorTest.php" line="100" class="Hyde\Publications\Testing\Feature\PublicationFieldValidatorTest" classname="Hyde.Publications.Testing.Feature.PublicationFieldValidatorTest" assertions="2" time="0.004575"/>
        <testcase name="testGetRulesForFloat" file="/home/runner/work/develop/develop/packages/publications/tests/Feature/PublicationFieldValidatorTest.php" line="107" class="Hyde\Publications\Testing\Feature\PublicationFieldValidatorTest" classname="Hyde.Publications.Testing.Feature.PublicationFieldValidatorTest" assertions="1" time="0.004551"/>
        <testcase name="testGetRulesForInteger" file="/home/runner/work/develop/develop/packages/publications/tests/Feature/PublicationFieldValidatorTest.php" line="114" class="Hyde\Publications\Testing\Feature\PublicationFieldValidatorTest" classname="Hyde.Publications.Testing.Feature.PublicationFieldValidatorTest" assertions="1" time="0.013248"/>
        <testcase name="testGetRulesForString" file="/home/runner/work/develop/develop/packages/publications/tests/Feature/PublicationFieldValidatorTest.php" line="121" class="Hyde\Publications\Testing\Feature\PublicationFieldValidatorTest" classname="Hyde.Publications.Testing.Feature.PublicationFieldValidatorTest" assertions="1" time="0.003691"/>
        <testcase name="testGetRulesForText" file="/home/runner/work/develop/develop/packages/publications/tests/Feature/PublicationFieldValidatorTest.php" line="128" class="Hyde\Publications\Testing\Feature\PublicationFieldValidatorTest" classname="Hyde.Publications.Testing.Feature.PublicationFieldValidatorTest" assertions="1" time="0.003678"/>
        <testcase name="testGetRulesForMedia" file="/home/runner/work/develop/develop/packages/publications/tests/Feature/PublicationFieldValidatorTest.php" line="135" class="Hyde\Publications\Testing\Feature\PublicationFieldValidatorTest" classname="Hyde.Publications.Testing.Feature.PublicationFieldValidatorTest" assertions="1" time="0.005300"/>
        <testcase name="testGetRulesForTag" file="/home/runner/work/develop/develop/packages/publications/tests/Feature/PublicationFieldValidatorTest.php" line="144" class="Hyde\Publications\Testing\Feature\PublicationFieldValidatorTest" classname="Hyde.Publications.Testing.Feature.PublicationFieldValidatorTest" assertions="1" time="0.008238"/>
        <testcase name="testGetRulesForUrl" file="/home/runner/work/develop/develop/packages/publications/tests/Feature/PublicationFieldValidatorTest.php" line="151" class="Hyde\Publications\Testing\Feature\PublicationFieldValidatorTest" classname="Hyde.Publications.Testing.Feature.PublicationFieldValidatorTest" assertions="1" time="0.004205"/>
      </testsuite>
      <testsuite name="Hyde\Publications\Testing\Feature\PublicationFieldValueTest" file="/home/runner/work/develop/develop/packages/publications/tests/Feature/PublicationFieldValueTest.php" tests="50" assertions="125" errors="0" failures="0" skipped="0" time="0.194012">
        <testcase name="testConstruct" file="/home/runner/work/develop/develop/packages/publications/tests/Feature/PublicationFieldValueTest.php" line="22" class="Hyde\Publications\Testing\Feature\PublicationFieldValueTest" classname="Hyde.Publications.Testing.Feature.PublicationFieldValueTest" assertions="1" time="0.004195"/>
        <testcase name="testGetType" file="/home/runner/work/develop/develop/packages/publications/tests/Feature/PublicationFieldValueTest.php" line="29" class="Hyde\Publications\Testing\Feature\PublicationFieldValueTest" classname="Hyde.Publications.Testing.Feature.PublicationFieldValueTest" assertions="1" time="0.004006"/>
        <testcase name="testGetValue" file="/home/runner/work/develop/develop/packages/publications/tests/Feature/PublicationFieldValueTest.php" line="36" class="Hyde\Publications\Testing\Feature\PublicationFieldValueTest" classname="Hyde.Publications.Testing.Feature.PublicationFieldValueTest" assertions="1" time="0.004021"/>
        <testcase name="testType" file="/home/runner/work/develop/develop/packages/publications/tests/Feature/PublicationFieldValueTest.php" line="41" class="Hyde\Publications\Testing\Feature\PublicationFieldValueTest" classname="Hyde.Publications.Testing.Feature.PublicationFieldValueTest" assertions="2" time="0.004139"/>
        <testcase name="testStringFieldConstruct" file="/home/runner/work/develop/develop/packages/publications/tests/Feature/PublicationFieldValueTest.php" line="50" class="Hyde\Publications\Testing\Feature\PublicationFieldValueTest" classname="Hyde.Publications.Testing.Feature.PublicationFieldValueTest" assertions="2" time="0.004089"/>
        <testcase name="testStringFieldGetValue" file="/home/runner/work/develop/develop/packages/publications/tests/Feature/PublicationFieldValueTest.php" line="58" class="Hyde\Publications\Testing\Feature\PublicationFieldValueTest" classname="Hyde.Publications.Testing.Feature.PublicationFieldValueTest" assertions="1" time="0.004215"/>
        <testcase name="testStringFieldToYaml" file="/home/runner/work/develop/develop/packages/publications/tests/Feature/PublicationFieldValueTest.php" line="63" class="Hyde\Publications\Testing\Feature\PublicationFieldValueTest" classname="Hyde.Publications.Testing.Feature.PublicationFieldValueTest" assertions="1" time="0.004137"/>
        <testcase name="testStringFieldParsingOptions" file="/home/runner/work/develop/develop/packages/publications/tests/Feature/PublicationFieldValueTest.php" line="68" class="Hyde\Publications\Testing\Feature\PublicationFieldValueTest" classname="Hyde.Publications.Testing.Feature.PublicationFieldValueTest" assertions="8" time="0.004255"/>
        <testcase name="testDatetimeFieldConstruct" file="/home/runner/work/develop/develop/packages/publications/tests/Feature/PublicationFieldValueTest.php" line="82" class="Hyde\Publications\Testing\Feature\PublicationFieldValueTest" classname="Hyde.Publications.Testing.Feature.PublicationFieldValueTest" assertions="2" time="0.003478"/>
        <testcase name="testDatetimeFieldGetValue" file="/home/runner/work/develop/develop/packages/publications/tests/Feature/PublicationFieldValueTest.php" line="90" class="Hyde\Publications\Testing\Feature\PublicationFieldValueTest" classname="Hyde.Publications.Testing.Feature.PublicationFieldValueTest" assertions="1" time="0.003335"/>
        <testcase name="testDatetimeFieldWithInvalidInput" file="/home/runner/work/develop/develop/packages/publications/tests/Feature/PublicationFieldValueTest.php" line="95" class="Hyde\Publications\Testing\Feature\PublicationFieldValueTest" classname="Hyde.Publications.Testing.Feature.PublicationFieldValueTest" assertions="2" time="0.003510"/>
        <testcase name="testDatetimeFieldWithDynamicInput" file="/home/runner/work/develop/develop/packages/publications/tests/Feature/PublicationFieldValueTest.php" line="102" class="Hyde\Publications\Testing\Feature\PublicationFieldValueTest" classname="Hyde.Publications.Testing.Feature.PublicationFieldValueTest" assertions="1" time="0.003512"/>
        <testcase name="testDatetimeFieldToYaml" file="/home/runner/work/develop/develop/packages/publications/tests/Feature/PublicationFieldValueTest.php" line="109" class="Hyde\Publications\Testing\Feature\PublicationFieldValueTest" classname="Hyde.Publications.Testing.Feature.PublicationFieldValueTest" assertions="1" time="0.003474"/>
        <testcase name="testBooleanFieldConstruct" file="/home/runner/work/develop/develop/packages/publications/tests/Feature/PublicationFieldValueTest.php" line="116" class="Hyde\Publications\Testing\Feature\PublicationFieldValueTest" classname="Hyde.Publications.Testing.Feature.PublicationFieldValueTest" assertions="2" time="0.003495"/>
        <testcase name="testBooleanFieldGetValue" file="/home/runner/work/develop/develop/packages/publications/tests/Feature/PublicationFieldValueTest.php" line="124" class="Hyde\Publications\Testing\Feature\PublicationFieldValueTest" classname="Hyde.Publications.Testing.Feature.PublicationFieldValueTest" assertions="1" time="0.003346"/>
        <testcase name="testBooleanFieldToYaml" file="/home/runner/work/develop/develop/packages/publications/tests/Feature/PublicationFieldValueTest.php" line="129" class="Hyde\Publications\Testing\Feature\PublicationFieldValueTest" classname="Hyde.Publications.Testing.Feature.PublicationFieldValueTest" assertions="1" time="0.003373"/>
        <testcase name="testBooleanFieldWithInvalidInput" file="/home/runner/work/develop/develop/packages/publications/tests/Feature/PublicationFieldValueTest.php" line="134" class="Hyde\Publications\Testing\Feature\PublicationFieldValueTest" classname="Hyde.Publications.Testing.Feature.PublicationFieldValueTest" assertions="2" time="0.003526"/>
        <testcase name="testBooleanFieldParsingOptions" file="/home/runner/work/develop/develop/packages/publications/tests/Feature/PublicationFieldValueTest.php" line="141" class="Hyde\Publications\Testing\Feature\PublicationFieldValueTest" classname="Hyde.Publications.Testing.Feature.PublicationFieldValueTest" assertions="4" time="0.003700"/>
        <testcase name="testIntegerFieldConstruct" file="/home/runner/work/develop/develop/packages/publications/tests/Feature/PublicationFieldValueTest.php" line="151" class="Hyde\Publications\Testing\Feature\PublicationFieldValueTest" classname="Hyde.Publications.Testing.Feature.PublicationFieldValueTest" assertions="2" time="0.003424"/>
        <testcase name="testIntegerFieldGetValue" file="/home/runner/work/develop/develop/packages/publications/tests/Feature/PublicationFieldValueTest.php" line="159" class="Hyde\Publications\Testing\Feature\PublicationFieldValueTest" classname="Hyde.Publications.Testing.Feature.PublicationFieldValueTest" assertions="1" time="0.003308"/>
        <testcase name="testIntegerFieldToYaml" file="/home/runner/work/develop/develop/packages/publications/tests/Feature/PublicationFieldValueTest.php" line="164" class="Hyde\Publications\Testing\Feature\PublicationFieldValueTest" classname="Hyde.Publications.Testing.Feature.PublicationFieldValueTest" assertions="1" time="0.003376"/>
        <testcase name="testIntegerFieldWithInvalidInput" file="/home/runner/work/develop/develop/packages/publications/tests/Feature/PublicationFieldValueTest.php" line="169" class="Hyde\Publications\Testing\Feature\PublicationFieldValueTest" classname="Hyde.Publications.Testing.Feature.PublicationFieldValueTest" assertions="2" time="0.003627"/>
        <testcase name="testIntegerFieldParsingOptions" file="/home/runner/work/develop/develop/packages/publications/tests/Feature/PublicationFieldValueTest.php" line="176" class="Hyde\Publications\Testing\Feature\PublicationFieldValueTest" classname="Hyde.Publications.Testing.Feature.PublicationFieldValueTest" assertions="8" time="0.004092"/>
        <testcase name="testFloatFieldConstruct" file="/home/runner/work/develop/develop/packages/publications/tests/Feature/PublicationFieldValueTest.php" line="190" class="Hyde\Publications\Testing\Feature\PublicationFieldValueTest" classname="Hyde.Publications.Testing.Feature.PublicationFieldValueTest" assertions="2" time="0.004426"/>
        <testcase name="testFloatFieldGetValue" file="/home/runner/work/develop/develop/packages/publications/tests/Feature/PublicationFieldValueTest.php" line="198" class="Hyde\Publications\Testing\Feature\PublicationFieldValueTest" classname="Hyde.Publications.Testing.Feature.PublicationFieldValueTest" assertions="1" time="0.004010"/>
        <testcase name="testFloatFieldToYaml" file="/home/runner/work/develop/develop/packages/publications/tests/Feature/PublicationFieldValueTest.php" line="203" class="Hyde\Publications\Testing\Feature\PublicationFieldValueTest" classname="Hyde.Publications.Testing.Feature.PublicationFieldValueTest" assertions="1" time="0.004332"/>
        <testcase name="testFloatFieldWithInvalidInput" file="/home/runner/work/develop/develop/packages/publications/tests/Feature/PublicationFieldValueTest.php" line="208" class="Hyde\Publications\Testing\Feature\PublicationFieldValueTest" classname="Hyde.Publications.Testing.Feature.PublicationFieldValueTest" assertions="2" time="0.004486"/>
        <testcase name="testFloatFieldParsingOptions" file="/home/runner/work/develop/develop/packages/publications/tests/Feature/PublicationFieldValueTest.php" line="215" class="Hyde\Publications\Testing\Feature\PublicationFieldValueTest" classname="Hyde.Publications.Testing.Feature.PublicationFieldValueTest" assertions="8" time="0.004574"/>
        <testcase name="testArrayFieldConstruct" file="/home/runner/work/develop/develop/packages/publications/tests/Feature/PublicationFieldValueTest.php" line="229" class="Hyde\Publications\Testing\Feature\PublicationFieldValueTest" classname="Hyde.Publications.Testing.Feature.PublicationFieldValueTest" assertions="2" time="0.004033"/>
        <testcase name="testArrayFieldGetValue" file="/home/runner/work/develop/develop/packages/publications/tests/Feature/PublicationFieldValueTest.php" line="237" class="Hyde\Publications\Testing\Feature\PublicationFieldValueTest" classname="Hyde.Publications.Testing.Feature.PublicationFieldValueTest" assertions="1" time="0.004131"/>
        <testcase name="testArrayFieldToYaml" file="/home/runner/work/develop/develop/packages/publications/tests/Feature/PublicationFieldValueTest.php" line="242" class="Hyde\Publications\Testing\Feature\PublicationFieldValueTest" classname="Hyde.Publications.Testing.Feature.PublicationFieldValueTest" assertions="1" time="0.004090"/>
        <testcase name="testArrayFieldWithArrayInput" file="/home/runner/work/develop/develop/packages/publications/tests/Feature/PublicationFieldValueTest.php" line="247" class="Hyde\Publications\Testing\Feature\PublicationFieldValueTest" classname="Hyde.Publications.Testing.Feature.PublicationFieldValueTest" assertions="1" time="0.004053"/>
        <testcase name="testArrayFieldParsingOptions" file="/home/runner/work/develop/develop/packages/publications/tests/Feature/PublicationFieldValueTest.php" line="252" class="Hyde\Publications\Testing\Feature\PublicationFieldValueTest" classname="Hyde.Publications.Testing.Feature.PublicationFieldValueTest" assertions="8" time="0.004210"/>
        <testcase name="testTextFieldConstruct" file="/home/runner/work/develop/develop/packages/publications/tests/Feature/PublicationFieldValueTest.php" line="266" class="Hyde\Publications\Testing\Feature\PublicationFieldValueTest" classname="Hyde.Publications.Testing.Feature.PublicationFieldValueTest" assertions="2" time="0.003401"/>
        <testcase name="testTextFieldGetValue" file="/home/runner/work/develop/develop/packages/publications/tests/Feature/PublicationFieldValueTest.php" line="274" class="Hyde\Publications\Testing\Feature\PublicationFieldValueTest" classname="Hyde.Publications.Testing.Feature.PublicationFieldValueTest" assertions="1" time="0.003233"/>
        <testcase name="testTextFieldToYaml" file="/home/runner/work/develop/develop/packages/publications/tests/Feature/PublicationFieldValueTest.php" line="279" class="Hyde\Publications\Testing\Feature\PublicationFieldValueTest" classname="Hyde.Publications.Testing.Feature.PublicationFieldValueTest" assertions="1" time="0.003331"/>
        <testcase name="testTextFieldParsingOptions" file="/home/runner/work/develop/develop/packages/publications/tests/Feature/PublicationFieldValueTest.php" line="285" class="Hyde\Publications\Testing\Feature\PublicationFieldValueTest" classname="Hyde.Publications.Testing.Feature.PublicationFieldValueTest" assertions="13" time="0.004400"/>
        <testcase name="testUrlFieldConstruct" file="/home/runner/work/develop/develop/packages/publications/tests/Feature/PublicationFieldValueTest.php" line="304" class="Hyde\Publications\Testing\Feature\PublicationFieldValueTest" classname="Hyde.Publications.Testing.Feature.PublicationFieldValueTest" assertions="2" time="0.003645"/>
        <testcase name="testUrlFieldGetValue" file="/home/runner/work/develop/develop/packages/publications/tests/Feature/PublicationFieldValueTest.php" line="312" class="Hyde\Publications\Testing\Feature\PublicationFieldValueTest" classname="Hyde.Publications.Testing.Feature.PublicationFieldValueTest" assertions="1" time="0.003689"/>
        <testcase name="testUrlFieldToYaml" file="/home/runner/work/develop/develop/packages/publications/tests/Feature/PublicationFieldValueTest.php" line="317" class="Hyde\Publications\Testing\Feature\PublicationFieldValueTest" classname="Hyde.Publications.Testing.Feature.PublicationFieldValueTest" assertions="1" time="0.003328"/>
        <testcase name="testUrlFieldWithInvalidInput" file="/home/runner/work/develop/develop/packages/publications/tests/Feature/PublicationFieldValueTest.php" line="322" class="Hyde\Publications\Testing\Feature\PublicationFieldValueTest" classname="Hyde.Publications.Testing.Feature.PublicationFieldValueTest" assertions="2" time="0.003444"/>
        <testcase name="testMediaFieldConstruct" file="/home/runner/work/develop/develop/packages/publications/tests/Feature/PublicationFieldValueTest.php" line="331" class="Hyde\Publications\Testing\Feature\PublicationFieldValueTest" classname="Hyde.Publications.Testing.Feature.PublicationFieldValueTest" assertions="2" time="0.003783"/>
        <testcase name="testMediaFieldGetValue" file="/home/runner/work/develop/develop/packages/publications/tests/Feature/PublicationFieldValueTest.php" line="339" class="Hyde\Publications\Testing\Feature\PublicationFieldValueTest" classname="Hyde.Publications.Testing.Feature.PublicationFieldValueTest" assertions="1" time="0.003571"/>
        <testcase name="testMediaFieldToYaml" file="/home/runner/work/develop/develop/packages/publications/tests/Feature/PublicationFieldValueTest.php" line="344" class="Hyde\Publications\Testing\Feature\PublicationFieldValueTest" classname="Hyde.Publications.Testing.Feature.PublicationFieldValueTest" assertions="1" time="0.003676"/>
        <testcase name="testTagFieldConstruct" file="/home/runner/work/develop/develop/packages/publications/tests/Feature/PublicationFieldValueTest.php" line="351" class="Hyde\Publications\Testing\Feature\PublicationFieldValueTest" classname="Hyde.Publications.Testing.Feature.PublicationFieldValueTest" assertions="2" time="0.004168"/>
        <testcase name="testTagFieldGetValue" file="/home/runner/work/develop/develop/packages/publications/tests/Feature/PublicationFieldValueTest.php" line="359" class="Hyde\Publications\Testing\Feature\PublicationFieldValueTest" classname="Hyde.Publications.Testing.Feature.PublicationFieldValueTest" assertions="1" time="0.003847"/>
        <testcase name="testTagFieldToYaml" file="/home/runner/work/develop/develop/packages/publications/tests/Feature/PublicationFieldValueTest.php" line="364" class="Hyde\Publications\Testing\Feature\PublicationFieldValueTest" classname="Hyde.Publications.Testing.Feature.PublicationFieldValueTest" assertions="1" time="0.003913"/>
        <testcase name="testTagFieldWithArrayInput" file="/home/runner/work/develop/develop/packages/publications/tests/Feature/PublicationFieldValueTest.php" line="369" class="Hyde\Publications\Testing\Feature\PublicationFieldValueTest" classname="Hyde.Publications.Testing.Feature.PublicationFieldValueTest" assertions="1" time="0.004055"/>
        <testcase name="testTagFieldParsingOptions" file="/home/runner/work/develop/develop/packages/publications/tests/Feature/PublicationFieldValueTest.php" line="374" class="Hyde\Publications\Testing\Feature\PublicationFieldValueTest" classname="Hyde.Publications.Testing.Feature.PublicationFieldValueTest" assertions="8" time="0.005183"/>
        <testcase name="testDefaultValidationRules" file="/home/runner/work/develop/develop/packages/publications/tests/Feature/PublicationFieldValueTest.php" line="388" class="Hyde\Publications\Testing\Feature\PublicationFieldValueTest" classname="Hyde.Publications.Testing.Feature.PublicationFieldValueTest" assertions="10" time="0.005363"/>
      </testsuite>
      <testsuite name="Hyde\Publications\Testing\Feature\PublicationListPageTest" file="/home/runner/work/develop/develop/packages/publications/tests/Feature/PublicationListPageTest.php" tests="4" assertions="7" errors="0" failures="0" skipped="0" time="0.041303">
        <testcase name="testSourcePathMappings" file="/home/runner/work/develop/develop/packages/publications/tests/Feature/PublicationListPageTest.php" line="18" class="Hyde\Publications\Testing\Feature\PublicationListPageTest" classname="Hyde.Publications.Testing.Feature.PublicationListPageTest" assertions="4" time="0.006347"/>
        <testcase name="testListingPageCanBeCompiled" file="/home/runner/work/develop/develop/packages/publications/tests/Feature/PublicationListPageTest.php" line="31" class="Hyde\Publications\Testing\Feature\PublicationListPageTest" classname="Hyde.Publications.Testing.Feature.PublicationListPageTest" assertions="1" time="0.024005"/>
        <testcase name="testListPageCanShowUpInNavigation" file="/home/runner/work/develop/develop/packages/publications/tests/Feature/PublicationListPageTest.php" line="44" class="Hyde\Publications\Testing\Feature\PublicationListPageTest" classname="Hyde.Publications.Testing.Feature.PublicationListPageTest" assertions="1" time="0.005295"/>
        <testcase name="testListPageIsNotAddedToNavigationWhenPublicationIdentifierIsSetInConfig" file="/home/runner/work/develop/develop/packages/publications/tests/Feature/PublicationListPageTest.php" line="55" class="Hyde\Publications\Testing\Feature\PublicationListPageTest" classname="Hyde.Publications.Testing.Feature.PublicationListPageTest" assertions="1" time="0.005656"/>
      </testsuite>
      <testsuite name="Hyde\Publications\Testing\Feature\PublicationPageCompilerTest" file="/home/runner/work/develop/develop/packages/publications/tests/Feature/PublicationPageCompilerTest.php" tests="8" assertions="10" errors="0" failures="0" skipped="0" time="0.085652">
        <testcase name="testCanCompilePublicationPages" file="/home/runner/work/develop/develop/packages/publications/tests/Feature/PublicationPageCompilerTest.php" line="20" class="Hyde\Publications\Testing\Feature\PublicationPageCompilerTest" classname="Hyde.Publications.Testing.Feature.PublicationPageCompilerTest" assertions="1" time="0.008187"/>
        <testcase name="testCanCompileListPages" file="/home/runner/work/develop/develop/packages/publications/tests/Feature/PublicationPageCompilerTest.php" line="31" class="Hyde\Publications\Testing\Feature\PublicationPageCompilerTest" classname="Hyde.Publications.Testing.Feature.PublicationPageCompilerTest" assertions="1" time="0.014240"/>
        <testcase name="testCanCompilePublicationPagesWithRegisteredView" file="/home/runner/work/develop/develop/packages/publications/tests/Feature/PublicationPageCompilerTest.php" line="43" class="Hyde\Publications\Testing\Feature\PublicationPageCompilerTest" classname="Hyde.Publications.Testing.Feature.PublicationPageCompilerTest" assertions="1" time="0.012342"/>
        <testcase name="testCanCompileListPagesWithRegisteredView" file="/home/runner/work/develop/develop/packages/publications/tests/Feature/PublicationPageCompilerTest.php" line="58" class="Hyde\Publications\Testing\Feature\PublicationPageCompilerTest" classname="Hyde.Publications.Testing.Feature.PublicationPageCompilerTest" assertions="1" time="0.007873"/>
        <testcase name="testCanCompilePublicationPagesWithRegisteredNamespacedView" file="/home/runner/work/develop/develop/packages/publications/tests/Feature/PublicationPageCompilerTest.php" line="73" class="Hyde\Publications\Testing\Feature\PublicationPageCompilerTest" classname="Hyde.Publications.Testing.Feature.PublicationPageCompilerTest" assertions="1" time="0.022117"/>
        <testcase name="testCanCompileListPagesWithRegisteredNamespacedView" file="/home/runner/work/develop/develop/packages/publications/tests/Feature/PublicationPageCompilerTest.php" line="86" class="Hyde\Publications\Testing\Feature\PublicationPageCompilerTest" classname="Hyde.Publications.Testing.Feature.PublicationPageCompilerTest" assertions="1" time="0.007742"/>
        <testcase name="testWithMissingDetailBladeView" file="/home/runner/work/develop/develop/packages/publications/tests/Feature/PublicationPageCompilerTest.php" line="101" class="Hyde\Publications\Testing\Feature\PublicationPageCompilerTest" classname="Hyde.Publications.Testing.Feature.PublicationPageCompilerTest" assertions="2" time="0.006779"/>
        <testcase name="testWithMissingListBladeView" file="/home/runner/work/develop/develop/packages/publications/tests/Feature/PublicationPageCompilerTest.php" line="111" class="Hyde\Publications\Testing\Feature\PublicationPageCompilerTest" classname="Hyde.Publications.Testing.Feature.PublicationPageCompilerTest" assertions="2" time="0.006371"/>
      </testsuite>
      <testsuite name="Hyde\Publications\Testing\Feature\PublicationPageTest" file="/home/runner/work/develop/develop/packages/publications/tests/Feature/PublicationPageTest.php" tests="8" assertions="27" errors="0" failures="0" skipped="0" time="0.080387">
        <testcase name="testSourcePathMappings" file="/home/runner/work/develop/develop/packages/publications/tests/Feature/PublicationPageTest.php" line="18" class="Hyde\Publications\Testing\Feature\PublicationPageTest" classname="Hyde.Publications.Testing.Feature.PublicationPageTest" assertions="4" time="0.006940"/>
        <testcase name="testPublicationPagesAreRoutable" file="/home/runner/work/develop/develop/packages/publications/tests/Feature/PublicationPageTest.php" line="30" class="Hyde\Publications\Testing\Feature\PublicationPageTest" classname="Hyde.Publications.Testing.Feature.PublicationPageTest" assertions="5" time="0.013138"/>
        <testcase name="testPublicationPagesAreDiscoverable" file="/home/runner/work/develop/develop/packages/publications/tests/Feature/PublicationPageTest.php" line="42" class="Hyde\Publications\Testing\Feature\PublicationPageTest" classname="Hyde.Publications.Testing.Feature.PublicationPageTest" assertions="1" time="0.011606"/>
        <testcase name="testPublicationPagesAreProperlyParsed" file="/home/runner/work/develop/develop/packages/publications/tests/Feature/PublicationPageTest.php" line="50" class="Hyde\Publications\Testing\Feature\PublicationPageTest" classname="Hyde.Publications.Testing.Feature.PublicationPageTest" assertions="6" time="0.012568"/>
        <testcase name="testPublicationPagesAreParsable" file="/home/runner/work/develop/develop/packages/publications/tests/Feature/PublicationPageTest.php" line="64" class="Hyde\Publications\Testing\Feature\PublicationPageTest" classname="Hyde.Publications.Testing.Feature.PublicationPageTest" assertions="6" time="0.007437"/>
        <testcase name="testPublicationPagesAreCompilable" file="/home/runner/work/develop/develop/packages/publications/tests/Feature/PublicationPageTest.php" line="91" class="Hyde\Publications\Testing\Feature\PublicationPageTest" classname="Hyde.Publications.Testing.Feature.PublicationPageTest" assertions="1" time="0.014432"/>
        <testcase name="testIdentifierPassedConstructorIsNormalized" file="/home/runner/work/develop/develop/packages/publications/tests/Feature/PublicationPageTest.php" line="101" class="Hyde\Publications\Testing\Feature\PublicationPageTest" classname="Hyde.Publications.Testing.Feature.PublicationPageTest" assertions="3" time="0.007653"/>
        <testcase name="testIdentifierNormalizerDoesNotAffectDirectoryWithSameNameAsIdentifier" file="/home/runner/work/develop/develop/packages/publications/tests/Feature/PublicationPageTest.php" line="115" class="Hyde\Publications\Testing\Feature\PublicationPageTest" classname="Hyde.Publications.Testing.Feature.PublicationPageTest" assertions="1" time="0.006612"/>
      </testsuite>
      <testsuite name="Hyde\Publications\Testing\Feature\PublicationPageUnitTest" file="/home/runner/work/develop/develop/packages/publications/tests/Feature/PublicationPageUnitTest.php" tests="34" assertions="36" errors="0" failures="0" skipped="0" time="0.190957">
        <testcase name="testSourceDirectory" file="/home/runner/work/develop/develop/packages/publications/tests/Feature/PublicationPageUnitTest.php" line="26" class="Hyde\Publications\Testing\Feature\PublicationPageUnitTest" classname="Hyde.Publications.Testing.Feature.PublicationPageUnitTest" assertions="1" time="0.004009"/>
        <testcase name="testOutputDirectory" file="/home/runner/work/develop/develop/packages/publications/tests/Feature/PublicationPageUnitTest.php" line="34" class="Hyde\Publications\Testing\Feature\PublicationPageUnitTest" classname="Hyde.Publications.Testing.Feature.PublicationPageUnitTest" assertions="1" time="0.004081"/>
        <testcase name="testFileExtension" file="/home/runner/work/develop/develop/packages/publications/tests/Feature/PublicationPageUnitTest.php" line="42" class="Hyde\Publications\Testing\Feature\PublicationPageUnitTest" classname="Hyde.Publications.Testing.Feature.PublicationPageUnitTest" assertions="1" time="0.003712"/>
        <testcase name="testSourcePath" file="/home/runner/work/develop/develop/packages/publications/tests/Feature/PublicationPageUnitTest.php" line="50" class="Hyde\Publications\Testing\Feature\PublicationPageUnitTest" classname="Hyde.Publications.Testing.Feature.PublicationPageUnitTest" assertions="1" time="0.003717"/>
        <testcase name="testOutputPath" file="/home/runner/work/develop/develop/packages/publications/tests/Feature/PublicationPageUnitTest.php" line="58" class="Hyde\Publications\Testing\Feature\PublicationPageUnitTest" classname="Hyde.Publications.Testing.Feature.PublicationPageUnitTest" assertions="1" time="0.003672"/>
        <testcase name="testPath" file="/home/runner/work/develop/develop/packages/publications/tests/Feature/PublicationPageUnitTest.php" line="66" class="Hyde\Publications\Testing\Feature\PublicationPageUnitTest" classname="Hyde.Publications.Testing.Feature.PublicationPageUnitTest" assertions="1" time="0.003247"/>
        <testcase name="testGetSourcePath" file="/home/runner/work/develop/develop/packages/publications/tests/Feature/PublicationPageUnitTest.php" line="74" class="Hyde\Publications\Testing\Feature\PublicationPageUnitTest" classname="Hyde.Publications.Testing.Feature.PublicationPageUnitTest" assertions="1" time="0.004758"/>
        <testcase name="testGetOutputPath" file="/home/runner/work/develop/develop/packages/publications/tests/Feature/PublicationPageUnitTest.php" line="82" class="Hyde\Publications\Testing\Feature\PublicationPageUnitTest" classname="Hyde.Publications.Testing.Feature.PublicationPageUnitTest" assertions="1" time="0.005236"/>
        <testcase name="testGetLink" file="/home/runner/work/develop/develop/packages/publications/tests/Feature/PublicationPageUnitTest.php" line="90" class="Hyde\Publications\Testing\Feature\PublicationPageUnitTest" classname="Hyde.Publications.Testing.Feature.PublicationPageUnitTest" assertions="1" time="0.005007"/>
        <testcase name="testMake" file="/home/runner/work/develop/develop/packages/publications/tests/Feature/PublicationPageUnitTest.php" line="98" class="Hyde\Publications\Testing\Feature\PublicationPageUnitTest" classname="Hyde.Publications.Testing.Feature.PublicationPageUnitTest" assertions="1" time="0.006111"/>
        <testcase name="testMakeWithData" file="/home/runner/work/develop/develop/packages/publications/tests/Feature/PublicationPageUnitTest.php" line="104" class="Hyde\Publications\Testing\Feature\PublicationPageUnitTest" classname="Hyde.Publications.Testing.Feature.PublicationPageUnitTest" assertions="1" time="0.006124"/>
        <testcase name="testShowInNavigation" file="/home/runner/work/develop/develop/packages/publications/tests/Feature/PublicationPageUnitTest.php" line="112" class="Hyde\Publications\Testing\Feature\PublicationPageUnitTest" classname="Hyde.Publications.Testing.Feature.PublicationPageUnitTest" assertions="1" time="0.004543"/>
        <testcase name="testNavigationMenuPriority" file="/home/runner/work/develop/develop/packages/publications/tests/Feature/PublicationPageUnitTest.php" line="117" class="Hyde\Publications\Testing\Feature\PublicationPageUnitTest" classname="Hyde.Publications.Testing.Feature.PublicationPageUnitTest" assertions="1" time="0.004686"/>
        <testcase name="testNavigationMenuLabel" file="/home/runner/work/develop/develop/packages/publications/tests/Feature/PublicationPageUnitTest.php" line="122" class="Hyde\Publications\Testing\Feature\PublicationPageUnitTest" classname="Hyde.Publications.Testing.Feature.PublicationPageUnitTest" assertions="1" time="0.004636"/>
        <testcase name="testNavigationMenuGroup" file="/home/runner/work/develop/develop/packages/publications/tests/Feature/PublicationPageUnitTest.php" line="127" class="Hyde\Publications\Testing\Feature\PublicationPageUnitTest" classname="Hyde.Publications.Testing.Feature.PublicationPageUnitTest" assertions="1" time="0.004758"/>
        <testcase name="testGetBladeView" file="/home/runner/work/develop/develop/packages/publications/tests/Feature/PublicationPageUnitTest.php" line="132" class="Hyde\Publications\Testing\Feature\PublicationPageUnitTest" classname="Hyde.Publications.Testing.Feature.PublicationPageUnitTest" assertions="1" time="0.004642"/>
        <testcase name="testFiles" file="/home/runner/work/develop/develop/packages/publications/tests/Feature/PublicationPageUnitTest.php" line="138" class="Hyde\Publications\Testing\Feature\PublicationPageUnitTest" classname="Hyde.Publications.Testing.Feature.PublicationPageUnitTest" assertions="1" time="0.007346"/>
        <testcase name="testData" file="/home/runner/work/develop/develop/packages/publications/tests/Feature/PublicationPageUnitTest.php" line="143" class="Hyde\Publications\Testing\Feature\PublicationPageUnitTest" classname="Hyde.Publications.Testing.Feature.PublicationPageUnitTest" assertions="1" time="0.005285"/>
        <testcase name="testGet" file="/home/runner/work/develop/develop/packages/publications/tests/Feature/PublicationPageUnitTest.php" line="148" class="Hyde\Publications\Testing\Feature\PublicationPageUnitTest" classname="Hyde.Publications.Testing.Feature.PublicationPageUnitTest" assertions="1" time="0.008687"/>
        <testcase name="testParse" file="/home/runner/work/develop/develop/packages/publications/tests/Feature/PublicationPageUnitTest.php" line="155" class="Hyde\Publications\Testing\Feature\PublicationPageUnitTest" classname="Hyde.Publications.Testing.Feature.PublicationPageUnitTest" assertions="1" time="0.006531"/>
        <testcase name="testGetRouteKey" file="/home/runner/work/develop/develop/packages/publications/tests/Feature/PublicationPageUnitTest.php" line="164" class="Hyde\Publications\Testing\Feature\PublicationPageUnitTest" classname="Hyde.Publications.Testing.Feature.PublicationPageUnitTest" assertions="1" time="0.004880"/>
        <testcase name="testTitle" file="/home/runner/work/develop/develop/packages/publications/tests/Feature/PublicationPageUnitTest.php" line="169" class="Hyde\Publications\Testing\Feature\PublicationPageUnitTest" classname="Hyde.Publications.Testing.Feature.PublicationPageUnitTest" assertions="1" time="0.004767"/>
        <testcase name="testAll" file="/home/runner/work/develop/develop/packages/publications/tests/Feature/PublicationPageUnitTest.php" line="174" class="Hyde\Publications\Testing\Feature\PublicationPageUnitTest" classname="Hyde.Publications.Testing.Feature.PublicationPageUnitTest" assertions="1" time="0.007760"/>
        <testcase name="testMetadata" file="/home/runner/work/develop/develop/packages/publications/tests/Feature/PublicationPageUnitTest.php" line="179" class="Hyde\Publications\Testing\Feature\PublicationPageUnitTest" classname="Hyde.Publications.Testing.Feature.PublicationPageUnitTest" assertions="1" time="0.005099"/>
        <testcase name="testConstruct" file="/home/runner/work/develop/develop/packages/publications/tests/Feature/PublicationPageUnitTest.php" line="185" class="Hyde\Publications\Testing\Feature\PublicationPageUnitTest" classname="Hyde.Publications.Testing.Feature.PublicationPageUnitTest" assertions="1" time="0.005175"/>
        <testcase name="testGetRoute" file="/home/runner/work/develop/develop/packages/publications/tests/Feature/PublicationPageUnitTest.php" line="190" class="Hyde\Publications\Testing\Feature\PublicationPageUnitTest" classname="Hyde.Publications.Testing.Feature.PublicationPageUnitTest" assertions="1" time="0.009077"/>
        <testcase name="testGetIdentifier" file="/home/runner/work/develop/develop/packages/publications/tests/Feature/PublicationPageUnitTest.php" line="195" class="Hyde\Publications\Testing\Feature\PublicationPageUnitTest" classname="Hyde.Publications.Testing.Feature.PublicationPageUnitTest" assertions="1" time="0.005168"/>
        <testcase name="testHas" file="/home/runner/work/develop/develop/packages/publications/tests/Feature/PublicationPageUnitTest.php" line="200" class="Hyde\Publications\Testing\Feature\PublicationPageUnitTest" classname="Hyde.Publications.Testing.Feature.PublicationPageUnitTest" assertions="1" time="0.005479"/>
        <testcase name="testToCoreDataObject" file="/home/runner/work/develop/develop/packages/publications/tests/Feature/PublicationPageUnitTest.php" line="205" class="Hyde\Publications\Testing\Feature\PublicationPageUnitTest" classname="Hyde.Publications.Testing.Feature.PublicationPageUnitTest" assertions="1" time="0.005640"/>
        <testcase name="testCompile" file="/home/runner/work/develop/develop/packages/publications/tests/Feature/PublicationPageUnitTest.php" line="211" class="Hyde\Publications\Testing\Feature\PublicationPageUnitTest" classname="Hyde.Publications.Testing.Feature.PublicationPageUnitTest" assertions="1" time="0.011442"/>
        <testcase name="testMatter" file="/home/runner/work/develop/develop/packages/publications/tests/Feature/PublicationPageUnitTest.php" line="221" class="Hyde\Publications\Testing\Feature\PublicationPageUnitTest" classname="Hyde.Publications.Testing.Feature.PublicationPageUnitTest" assertions="1" time="0.007917"/>
        <testcase name="testMarkdown" file="/home/runner/work/develop/develop/packages/publications/tests/Feature/PublicationPageUnitTest.php" line="226" class="Hyde\Publications\Testing\Feature\PublicationPageUnitTest" classname="Hyde.Publications.Testing.Feature.PublicationPageUnitTest" assertions="1" time="0.005517"/>
        <testcase name="testSave" file="/home/runner/work/develop/develop/packages/publications/tests/Feature/PublicationPageUnitTest.php" line="231" class="Hyde\Publications\Testing\Feature\PublicationPageUnitTest" classname="Hyde.Publications.Testing.Feature.PublicationPageUnitTest" assertions="2" time="0.006406"/>
        <testcase name="testGetType" file="/home/runner/work/develop/develop/packages/publications/tests/Feature/PublicationPageUnitTest.php" line="240" class="Hyde\Publications\Testing\Feature\PublicationPageUnitTest" classname="Hyde.Publications.Testing.Feature.PublicationPageUnitTest" assertions="2" time="0.005840"/>
      </testsuite>
      <testsuite name="Hyde\Publications\Testing\Feature\PublicationPageValidatorTest" file="/home/runner/work/develop/develop/packages/publications/tests/Feature/PublicationPageValidatorTest.php" tests="5" assertions="5" errors="0" failures="0" skipped="0" time="0.050182">
        <testcase name="testValidatePageFile" file="/home/runner/work/develop/develop/packages/publications/tests/Feature/PublicationPageValidatorTest.php" line="17" class="Hyde\Publications\Testing\Feature\PublicationPageValidatorTest" classname="Hyde.Publications.Testing.Feature.PublicationPageValidatorTest" assertions="1" time="0.024395"/>
        <testcase name="testValidatePageFileWithInvalidFields" file="/home/runner/work/develop/develop/packages/publications/tests/Feature/PublicationPageValidatorTest.php" line="42" class="Hyde\Publications\Testing\Feature\PublicationPageValidatorTest" classname="Hyde.Publications.Testing.Feature.PublicationPageValidatorTest" assertions="1" time="0.007290"/>
        <testcase name="testValidatePageFileWithInvalidDataBuffered" file="/home/runner/work/develop/develop/packages/publications/tests/Feature/PublicationPageValidatorTest.php" line="66" class="Hyde\Publications\Testing\Feature\PublicationPageValidatorTest" classname="Hyde.Publications.Testing.Feature.PublicationPageValidatorTest" assertions="1" time="0.007277"/>
        <testcase name="testWarningsWithWarnings" file="/home/runner/work/develop/develop/packages/publications/tests/Feature/PublicationPageValidatorTest.php" line="92" class="Hyde\Publications\Testing\Feature\PublicationPageValidatorTest" classname="Hyde.Publications.Testing.Feature.PublicationPageValidatorTest" assertions="1" time="0.005525"/>
        <testcase name="testWarningsWithoutWarnings" file="/home/runner/work/develop/develop/packages/publications/tests/Feature/PublicationPageValidatorTest.php" line="114" class="Hyde\Publications\Testing\Feature\PublicationPageValidatorTest" classname="Hyde.Publications.Testing.Feature.PublicationPageValidatorTest" assertions="1" time="0.005694"/>
      </testsuite>
      <testsuite name="Hyde\Publications\Testing\Feature\PublicationSchemaValidatorTest" file="/home/runner/work/develop/develop/packages/publications/tests/Feature/PublicationSchemaValidatorTest.php" tests="4" assertions="4" errors="0" failures="0" skipped="0" time="0.048411">
        <testcase name="testValidateSchemaFile" file="/home/runner/work/develop/develop/packages/publications/tests/Feature/PublicationSchemaValidatorTest.php" line="16" class="Hyde\Publications\Testing\Feature\PublicationSchemaValidatorTest" classname="Hyde.Publications.Testing.Feature.PublicationSchemaValidatorTest" assertions="1" time="0.022435"/>
        <testcase name="testValidateSchemaFileWithInvalidSchema" file="/home/runner/work/develop/develop/packages/publications/tests/Feature/PublicationSchemaValidatorTest.php" line="29" class="Hyde\Publications\Testing\Feature\PublicationSchemaValidatorTest" classname="Hyde.Publications.Testing.Feature.PublicationSchemaValidatorTest" assertions="1" time="0.008406"/>
        <testcase name="testValidateSchemaFileWithInvalidFields" file="/home/runner/work/develop/develop/packages/publications/tests/Feature/PublicationSchemaValidatorTest.php" line="54" class="Hyde\Publications\Testing\Feature\PublicationSchemaValidatorTest" classname="Hyde.Publications.Testing.Feature.PublicationSchemaValidatorTest" assertions="1" time="0.008245"/>
        <testcase name="testValidateSchemaFileWithInvalidDataBuffered" file="/home/runner/work/develop/develop/packages/publications/tests/Feature/PublicationSchemaValidatorTest.php" line="87" class="Hyde\Publications\Testing\Feature\PublicationSchemaValidatorTest" classname="Hyde.Publications.Testing.Feature.PublicationSchemaValidatorTest" assertions="1" time="0.009326"/>
      </testsuite>
      <testsuite name="Hyde\Publications\Testing\Feature\PublicationServiceTest" file="/home/runner/work/develop/develop/packages/publications/tests/Feature/PublicationServiceTest.php" tests="21" assertions="24" errors="0" failures="0" skipped="0" time="0.255368">
        <testcase name="testGetPublicationTypes" file="/home/runner/work/develop/develop/packages/publications/tests/Feature/PublicationServiceTest.php" line="28" class="Hyde\Publications\Testing\Feature\PublicationServiceTest" classname="Hyde.Publications.Testing.Feature.PublicationServiceTest" assertions="1" time="0.004559"/>
        <testcase name="testGetPublicationTypesWithTypes" file="/home/runner/work/develop/develop/packages/publications/tests/Feature/PublicationServiceTest.php" line="33" class="Hyde\Publications\Testing\Feature\PublicationServiceTest" classname="Hyde.Publications.Testing.Feature.PublicationServiceTest" assertions="1" time="0.009945"/>
        <testcase name="testGetPublicationTypesMethodReturnsTheSameInstances" file="/home/runner/work/develop/develop/packages/publications/tests/Feature/PublicationServiceTest.php" line="43" class="Hyde\Publications\Testing\Feature\PublicationServiceTest" classname="Hyde.Publications.Testing.Feature.PublicationServiceTest" assertions="1" time="0.004557"/>
        <testcase name="testGetPublicationsForPubType" file="/home/runner/work/develop/develop/packages/publications/tests/Feature/PublicationServiceTest.php" line="50" class="Hyde\Publications\Testing\Feature\PublicationServiceTest" classname="Hyde.Publications.Testing.Feature.PublicationServiceTest" assertions="1" time="0.010506"/>
        <testcase name="testGetPublicationsForPubTypeWithPublications" file="/home/runner/work/develop/develop/packages/publications/tests/Feature/PublicationServiceTest.php" line="60" class="Hyde\Publications\Testing\Feature\PublicationServiceTest" classname="Hyde.Publications.Testing.Feature.PublicationServiceTest" assertions="1" time="0.014873"/>
        <testcase name="testGetPublicationsForPubTypeOnlyContainsInstancesOfPublicationPage" file="/home/runner/work/develop/develop/packages/publications/tests/Feature/PublicationServiceTest.php" line="73" class="Hyde\Publications\Testing\Feature\PublicationServiceTest" classname="Hyde.Publications.Testing.Feature.PublicationServiceTest" assertions="1" time="0.012899"/>
        <testcase name="testGetPublicationsForPubTypeSortsPublicationsBySortField" file="/home/runner/work/develop/develop/packages/publications/tests/Feature/PublicationServiceTest.php" line="84" class="Hyde\Publications\Testing\Feature\PublicationServiceTest" classname="Hyde.Publications.Testing.Feature.PublicationServiceTest" assertions="1" time="0.023727"/>
        <testcase name="testGetPublicationsForPubTypeSortsPublicationsWithSpecifiedDirection" file="/home/runner/work/develop/develop/packages/publications/tests/Feature/PublicationServiceTest.php" line="102" class="Hyde\Publications\Testing\Feature\PublicationServiceTest" classname="Hyde.Publications.Testing.Feature.PublicationServiceTest" assertions="1" time="0.023796"/>
        <testcase name="testGetPublicationsForPubTypeSortsPublicationsByNewSortField" file="/home/runner/work/develop/develop/packages/publications/tests/Feature/PublicationServiceTest.php" line="120" class="Hyde\Publications\Testing\Feature\PublicationServiceTest" classname="Hyde.Publications.Testing.Feature.PublicationServiceTest" assertions="1" time="0.024342"/>
        <testcase name="testGetPublicationsForPubTypeSortsPublicationsByNewSortFieldDescending" file="/home/runner/work/develop/develop/packages/publications/tests/Feature/PublicationServiceTest.php" line="138" class="Hyde\Publications\Testing\Feature\PublicationServiceTest" classname="Hyde.Publications.Testing.Feature.PublicationServiceTest" assertions="1" time="0.024329"/>
        <testcase name="testGetPublicationsForPubTypeWithInvalidSortField" file="/home/runner/work/develop/develop/packages/publications/tests/Feature/PublicationServiceTest.php" line="156" class="Hyde\Publications\Testing\Feature\PublicationServiceTest" classname="Hyde.Publications.Testing.Feature.PublicationServiceTest" assertions="1" time="0.024660"/>
        <testcase name="testGetMediaForPubType" file="/home/runner/work/develop/develop/packages/publications/tests/Feature/PublicationServiceTest.php" line="174" class="Hyde\Publications\Testing\Feature\PublicationServiceTest" classname="Hyde.Publications.Testing.Feature.PublicationServiceTest" assertions="1" time="0.005418"/>
        <testcase name="testGetMediaForPubTypeWithMedia" file="/home/runner/work/develop/develop/packages/publications/tests/Feature/PublicationServiceTest.php" line="184" class="Hyde\Publications\Testing\Feature\PublicationServiceTest" classname="Hyde.Publications.Testing.Feature.PublicationServiceTest" assertions="1" time="0.006481"/>
        <testcase name="testGetMediaForPubTypeWithCustomMediaDirectory" file="/home/runner/work/develop/develop/packages/publications/tests/Feature/PublicationServiceTest.php" line="198" class="Hyde\Publications\Testing\Feature\PublicationServiceTest" classname="Hyde.Publications.Testing.Feature.PublicationServiceTest" assertions="1" time="0.006544"/>
        <testcase name="testParsePublicationFile" file="/home/runner/work/develop/develop/packages/publications/tests/Feature/PublicationServiceTest.php" line="213" class="Hyde\Publications\Testing\Feature\PublicationServiceTest" classname="Hyde.Publications.Testing.Feature.PublicationServiceTest" assertions="2" time="0.007666"/>
        <testcase name="testParsePublicationFileWithNonExistentFile" file="/home/runner/work/develop/develop/packages/publications/tests/Feature/PublicationServiceTest.php" line="223" class="Hyde\Publications\Testing\Feature\PublicationServiceTest" classname="Hyde.Publications.Testing.Feature.PublicationServiceTest" assertions="2" time="0.005873"/>
        <testcase name="testPublicationTypeExists" file="/home/runner/work/develop/develop/packages/publications/tests/Feature/PublicationServiceTest.php" line="233" class="Hyde\Publications\Testing\Feature\PublicationServiceTest" classname="Hyde.Publications.Testing.Feature.PublicationServiceTest" assertions="2" time="0.005700"/>
        <testcase name="testCanGetTagsUsedInPublications" file="/home/runner/work/develop/develop/packages/publications/tests/Feature/PublicationServiceTest.php" line="241" class="Hyde\Publications\Testing\Feature\PublicationServiceTest" classname="Hyde.Publications.Testing.Feature.PublicationServiceTest" assertions="1" time="0.010053"/>
        <testcase name="testMultipleOccurringTagsAreAggregatedUniquely" file="/home/runner/work/develop/develop/packages/publications/tests/Feature/PublicationServiceTest.php" line="257" class="Hyde\Publications\Testing\Feature\PublicationServiceTest" classname="Hyde.Publications.Testing.Feature.PublicationServiceTest" assertions="1" time="0.010536"/>
        <testcase name="testAllTagsMethodFindsBothArrayAndSingleTagValues" file="/home/runner/work/develop/develop/packages/publications/tests/Feature/PublicationServiceTest.php" line="275" class="Hyde\Publications\Testing\Feature\PublicationServiceTest" classname="Hyde.Publications.Testing.Feature.PublicationServiceTest" assertions="1" time="0.010235"/>
        <testcase name="testAllTagsMethodReturnsEmptyArrayWhenThereAreNoTagsUsed" file="/home/runner/work/develop/develop/packages/publications/tests/Feature/PublicationServiceTest.php" line="293" class="Hyde\Publications\Testing\Feature\PublicationServiceTest" classname="Hyde.Publications.Testing.Feature.PublicationServiceTest" assertions="1" time="0.008667"/>
      </testsuite>
      <testsuite name="Hyde\Publications\Testing\Feature\PublicationTypeTest" file="/home/runner/work/develop/develop/packages/publications/tests/Feature/PublicationTypeTest.php" tests="39" assertions="62" errors="0" failures="0" skipped="0" time="0.267646">
        <testcase name="testCanConstructNewPublicationType" file="/home/runner/work/develop/develop/packages/publications/tests/Feature/PublicationTypeTest.php" line="25" class="Hyde\Publications\Testing\Feature\PublicationTypeTest" classname="Hyde.Publications.Testing.Feature.PublicationTypeTest" assertions="8" time="0.004999"/>
        <testcase name="testConstructWithDefaultValues" file="/home/runner/work/develop/develop/packages/publications/tests/Feature/PublicationTypeTest.php" line="42" class="Hyde\Publications\Testing\Feature\PublicationTypeTest" classname="Hyde.Publications.Testing.Feature.PublicationTypeTest" assertions="9" time="0.004380"/>
        <testcase name="testConstructWithPaginationSettings" file="/home/runner/work/develop/develop/packages/publications/tests/Feature/PublicationTypeTest.php" line="58" class="Hyde\Publications\Testing\Feature\PublicationTypeTest" classname="Hyde.Publications.Testing.Feature.PublicationTypeTest" assertions="3" time="0.003862"/>
        <testcase name="testClassIsArrayable" file="/home/runner/work/develop/develop/packages/publications/tests/Feature/PublicationTypeTest.php" line="72" class="Hyde\Publications\Testing\Feature\PublicationTypeTest" classname="Hyde.Publications.Testing.Feature.PublicationTypeTest" assertions="1" time="0.003877"/>
        <testcase name="testClassIsJsonSerializable" file="/home/runner/work/develop/develop/packages/publications/tests/Feature/PublicationTypeTest.php" line="78" class="Hyde\Publications\Testing\Feature\PublicationTypeTest" classname="Hyde.Publications.Testing.Feature.PublicationTypeTest" assertions="1" time="0.003634"/>
        <testcase name="testClassIsJsonable" file="/home/runner/work/develop/develop/packages/publications/tests/Feature/PublicationTypeTest.php" line="84" class="Hyde\Publications\Testing\Feature\PublicationTypeTest" classname="Hyde.Publications.Testing.Feature.PublicationTypeTest" assertions="1" time="0.003491"/>
        <testcase name="testGetDirectory" file="/home/runner/work/develop/develop/packages/publications/tests/Feature/PublicationTypeTest.php" line="90" class="Hyde\Publications\Testing\Feature\PublicationTypeTest" classname="Hyde.Publications.Testing.Feature.PublicationTypeTest" assertions="1" time="0.013649"/>
        <testcase name="testGetIdentifier" file="/home/runner/work/develop/develop/packages/publications/tests/Feature/PublicationTypeTest.php" line="96" class="Hyde\Publications\Testing\Feature\PublicationTypeTest" classname="Hyde.Publications.Testing.Feature.PublicationTypeTest" assertions="1" time="0.003713"/>
        <testcase name="testGetIdentifierWithNoDirectory" file="/home/runner/work/develop/develop/packages/publications/tests/Feature/PublicationTypeTest.php" line="102" class="Hyde\Publications\Testing\Feature\PublicationTypeTest" classname="Hyde.Publications.Testing.Feature.PublicationTypeTest" assertions="1" time="0.003753"/>
        <testcase name="testCanSaveToJsonFile" file="/home/runner/work/develop/develop/packages/publications/tests/Feature/PublicationTypeTest.php" line="108" class="Hyde\Publications\Testing\Feature\PublicationTypeTest" classname="Hyde.Publications.Testing.Feature.PublicationTypeTest" assertions="2" time="0.005521"/>
        <testcase name="testCanSaveToJsonFileUsingCustomPath" file="/home/runner/work/develop/develop/packages/publications/tests/Feature/PublicationTypeTest.php" line="119" class="Hyde\Publications\Testing\Feature\PublicationTypeTest" classname="Hyde.Publications.Testing.Feature.PublicationTypeTest" assertions="2" time="0.004937"/>
        <testcase name="testCanLoadFromJsonFile" file="/home/runner/work/develop/develop/packages/publications/tests/Feature/PublicationTypeTest.php" line="130" class="Hyde\Publications\Testing\Feature\PublicationTypeTest" classname="Hyde.Publications.Testing.Feature.PublicationTypeTest" assertions="1" time="0.005458"/>
        <testcase name="testCanLoadFieldsWithValidationRules" file="/home/runner/work/develop/develop/packages/publications/tests/Feature/PublicationTypeTest.php" line="158" class="Hyde\Publications\Testing\Feature\PublicationTypeTest" classname="Hyde.Publications.Testing.Feature.PublicationTypeTest" assertions="1" time="0.004881"/>
        <testcase name="testGetFieldsMethodReturnsCollectionOfFieldObjects" file="/home/runner/work/develop/develop/packages/publications/tests/Feature/PublicationTypeTest.php" line="177" class="Hyde\Publications\Testing\Feature\PublicationTypeTest" classname="Hyde.Publications.Testing.Feature.PublicationTypeTest" assertions="4" time="0.004011"/>
        <testcase name="testGetFieldMethodParsesPublicationFieldsFromSchemaFile" file="/home/runner/work/develop/develop/packages/publications/tests/Feature/PublicationTypeTest.php" line="189" class="Hyde\Publications\Testing\Feature\PublicationTypeTest" classname="Hyde.Publications.Testing.Feature.PublicationTypeTest" assertions="1" time="0.005261"/>
        <testcase name="testGetFieldMethodParsesPublicationFieldsWithOptionPropertiesFromSchemaFile" file="/home/runner/work/develop/develop/packages/publications/tests/Feature/PublicationTypeTest.php" line="207" class="Hyde\Publications\Testing\Feature\PublicationTypeTest" classname="Hyde.Publications.Testing.Feature.PublicationTypeTest" assertions="1" time="0.005046"/>
        <testcase name="testGetMethodCanFindExistingFileOnDisk" file="/home/runner/work/develop/develop/packages/publications/tests/Feature/PublicationTypeTest.php" line="225" class="Hyde\Publications\Testing\Feature\PublicationTypeTest" classname="Hyde.Publications.Testing.Feature.PublicationTypeTest" assertions="1" time="0.004985"/>
        <testcase name="testGetMethodFailsIfPublicationTypeDoesNotExist" file="/home/runner/work/develop/develop/packages/publications/tests/Feature/PublicationTypeTest.php" line="234" class="Hyde\Publications\Testing\Feature\PublicationTypeTest" classname="Hyde.Publications.Testing.Feature.PublicationTypeTest" assertions="2" time="0.003740"/>
        <testcase name="testGetListPage" file="/home/runner/work/develop/develop/packages/publications/tests/Feature/PublicationTypeTest.php" line="241" class="Hyde\Publications\Testing\Feature\PublicationTypeTest" classname="Hyde.Publications.Testing.Feature.PublicationTypeTest" assertions="1" time="0.006650"/>
        <testcase name="testGetFieldDefinition" file="/home/runner/work/develop/develop/packages/publications/tests/Feature/PublicationTypeTest.php" line="247" class="Hyde\Publications\Testing\Feature\PublicationTypeTest" classname="Hyde.Publications.Testing.Feature.PublicationTypeTest" assertions="1" time="0.003891"/>
        <testcase name="testGetFieldDefinitionWithMissingField" file="/home/runner/work/develop/develop/packages/publications/tests/Feature/PublicationTypeTest.php" line="256" class="Hyde\Publications\Testing\Feature\PublicationTypeTest" classname="Hyde.Publications.Testing.Feature.PublicationTypeTest" assertions="1" time="0.003778"/>
        <testcase name="testGetCanonicalFieldDefinition" file="/home/runner/work/develop/develop/packages/publications/tests/Feature/PublicationTypeTest.php" line="264" class="Hyde\Publications\Testing\Feature\PublicationTypeTest" classname="Hyde.Publications.Testing.Feature.PublicationTypeTest" assertions="1" time="0.003750"/>
        <testcase name="testGetCanonicalFieldDefinitionWithMetaFieldAsCanonical" file="/home/runner/work/develop/develop/packages/publications/tests/Feature/PublicationTypeTest.php" line="273" class="Hyde\Publications\Testing\Feature\PublicationTypeTest" classname="Hyde.Publications.Testing.Feature.PublicationTypeTest" assertions="1" time="0.003731"/>
        <testcase name="testGetPublications" file="/home/runner/work/develop/develop/packages/publications/tests/Feature/PublicationTypeTest.php" line="282" class="Hyde\Publications\Testing\Feature\PublicationTypeTest" classname="Hyde.Publications.Testing.Feature.PublicationTypeTest" assertions="1" time="0.008139"/>
        <testcase name="testGetPaginator" file="/home/runner/work/develop/develop/packages/publications/tests/Feature/PublicationTypeTest.php" line="291" class="Hyde\Publications\Testing\Feature\PublicationTypeTest" classname="Hyde.Publications.Testing.Feature.PublicationTypeTest" assertions="1" time="0.008025"/>
        <testcase name="testGetPaginatorWithCustomPublicationTypePaginationSettings" file="/home/runner/work/develop/develop/packages/publications/tests/Feature/PublicationTypeTest.php" line="300" class="Hyde\Publications\Testing\Feature\PublicationTypeTest" classname="Hyde.Publications.Testing.Feature.PublicationTypeTest" assertions="1" time="0.008135"/>
        <testcase name="testGetPaginatorSortsCollectionBySpecifiedPaginationSettings" file="/home/runner/work/develop/develop/packages/publications/tests/Feature/PublicationTypeTest.php" line="311" class="Hyde\Publications\Testing\Feature\PublicationTypeTest" classname="Hyde.Publications.Testing.Feature.PublicationTypeTest" assertions="1" time="0.032043"/>
        <testcase name="testGetPaginatorSortsCollectionBySpecifiedPaginationSettingsWithDescendingSort" file="/home/runner/work/develop/develop/packages/publications/tests/Feature/PublicationTypeTest.php" line="332" class="Hyde\Publications\Testing\Feature\PublicationTypeTest" classname="Hyde.Publications.Testing.Feature.PublicationTypeTest" assertions="1" time="0.032850"/>
        <testcase name="testUsesPaginationReturnsTrueWhenPaginationShouldBeEnabled" file="/home/runner/work/develop/develop/packages/publications/tests/Feature/PublicationTypeTest.php" line="353" class="Hyde\Publications\Testing\Feature\PublicationTypeTest" classname="Hyde.Publications.Testing.Feature.PublicationTypeTest" assertions="1" time="0.015767"/>
        <testcase name="testUsesPaginationReturnsFalseWhenPageSizeIsSetToNought" file="/home/runner/work/develop/develop/packages/publications/tests/Feature/PublicationTypeTest.php" line="367" class="Hyde\Publications\Testing\Feature\PublicationTypeTest" classname="Hyde.Publications.Testing.Feature.PublicationTypeTest" assertions="1" time="0.004852"/>
        <testcase name="testUsesPaginationReturnsFalseWhenNumberOfPagesIsLessThanPageSize" file="/home/runner/work/develop/develop/packages/publications/tests/Feature/PublicationTypeTest.php" line="381" class="Hyde\Publications\Testing\Feature\PublicationTypeTest" classname="Hyde.Publications.Testing.Feature.PublicationTypeTest" assertions="1" time="0.014363"/>
        <testcase name="testArrayRepresentationWithDefaultValues" file="/home/runner/work/develop/develop/packages/publications/tests/Feature/PublicationTypeTest.php" line="395" class="Hyde\Publications\Testing\Feature\PublicationTypeTest" classname="Hyde.Publications.Testing.Feature.PublicationTypeTest" assertions="1" time="0.003527"/>
        <testcase name="testJsonRepresentationWithDefaultValues" file="/home/runner/work/develop/develop/packages/publications/tests/Feature/PublicationTypeTest.php" line="411" class="Hyde\Publications\Testing\Feature\PublicationTypeTest" classname="Hyde.Publications.Testing.Feature.PublicationTypeTest" assertions="1" time="0.003510"/>
        <testcase name="testArrayRepresentationWithMetadata" file="/home/runner/work/develop/develop/packages/publications/tests/Feature/PublicationTypeTest.php" line="429" class="Hyde\Publications\Testing\Feature\PublicationTypeTest" classname="Hyde.Publications.Testing.Feature.PublicationTypeTest" assertions="1" time="0.003607"/>
        <testcase name="testJsonRepresentationWithMetadata" file="/home/runner/work/develop/develop/packages/publications/tests/Feature/PublicationTypeTest.php" line="450" class="Hyde\Publications\Testing\Feature\PublicationTypeTest" classname="Hyde.Publications.Testing.Feature.PublicationTypeTest" assertions="1" time="0.003369"/>
        <testcase name="testCanParseSchemaFileWithMetadata" file="/home/runner/work/develop/develop/packages/publications/tests/Feature/PublicationTypeTest.php" line="480" class="Hyde\Publications\Testing\Feature\PublicationTypeTest" classname="Hyde.Publications.Testing.Feature.PublicationTypeTest" assertions="1" time="0.004710"/>
        <testcase name="testCanGetMetadata" file="/home/runner/work/develop/develop/packages/publications/tests/Feature/PublicationTypeTest.php" line="522" class="Hyde\Publications\Testing\Feature\PublicationTypeTest" classname="Hyde.Publications.Testing.Feature.PublicationTypeTest" assertions="1" time="0.003575"/>
        <testcase name="testCanSetMetadata" file="/home/runner/work/develop/develop/packages/publications/tests/Feature/PublicationTypeTest.php" line="537" class="Hyde\Publications\Testing\Feature\PublicationTypeTest" classname="Hyde.Publications.Testing.Feature.PublicationTypeTest" assertions="1" time="0.003525"/>
        <testcase name="testValidateSchemaFile" file="/home/runner/work/develop/develop/packages/publications/tests/Feature/PublicationTypeTest.php" line="553" class="Hyde\Publications\Testing\Feature\PublicationTypeTest" classname="Hyde.Publications.Testing.Feature.PublicationTypeTest" assertions="1" time="0.006648"/>
      </testsuite>
      <testsuite name="Hyde\Publications\Testing\Feature\PublicationsExtensionTest" file="/home/runner/work/develop/develop/packages/publications/tests/Feature/PublicationsExtensionTest.php" tests="16" assertions="34" errors="0" failures="0" skipped="0" time="0.219116">
        <testcase name="testGetPageClassesMethod" file="/home/runner/work/develop/develop/packages/publications/tests/Feature/PublicationsExtensionTest.php" line="40" class="Hyde\Publications\Testing\Feature\PublicationsExtensionTest" classname="Hyde.Publications.Testing.Feature.PublicationsExtensionTest" assertions="1" time="0.004585"/>
        <testcase name="testGetTypesMethod" file="/home/runner/work/develop/develop/packages/publications/tests/Feature/PublicationsExtensionTest.php" line="45" class="Hyde\Publications\Testing\Feature\PublicationsExtensionTest" classname="Hyde.Publications.Testing.Feature.PublicationsExtensionTest" assertions="1" time="0.005782"/>
        <testcase name="testGetTypesMethodWithTypes" file="/home/runner/work/develop/develop/packages/publications/tests/Feature/PublicationsExtensionTest.php" line="52" class="Hyde\Publications\Testing\Feature\PublicationsExtensionTest" classname="Hyde.Publications.Testing.Feature.PublicationsExtensionTest" assertions="1" time="0.012770"/>
        <testcase name="testGetTypesMethodWithMultipleTypes" file="/home/runner/work/develop/develop/packages/publications/tests/Feature/PublicationsExtensionTest.php" line="61" class="Hyde\Publications\Testing\Feature\PublicationsExtensionTest" classname="Hyde.Publications.Testing.Feature.PublicationsExtensionTest" assertions="1" time="0.020188"/>
        <testcase name="testPublicationFilesAreDiscovered" file="/home/runner/work/develop/develop/packages/publications/tests/Feature/PublicationsExtensionTest.php" line="76" class="Hyde\Publications\Testing\Feature\PublicationsExtensionTest" classname="Hyde.Publications.Testing.Feature.PublicationsExtensionTest" assertions="3" time="0.008540"/>
        <testcase name="testPublicationFilesAreDiscoveredForMultipleTypes" file="/home/runner/work/develop/develop/packages/publications/tests/Feature/PublicationsExtensionTest.php" line="91" class="Hyde\Publications\Testing\Feature\PublicationsExtensionTest" classname="Hyde.Publications.Testing.Feature.PublicationsExtensionTest" assertions="1" time="0.009766"/>
        <testcase name="testPublicationMediaFilesAreDiscovered" file="/home/runner/work/develop/develop/packages/publications/tests/Feature/PublicationsExtensionTest.php" line="105" class="Hyde\Publications\Testing\Feature\PublicationsExtensionTest" classname="Hyde.Publications.Testing.Feature.PublicationsExtensionTest" assertions="2" time="0.006330"/>
        <testcase name="testBasePublicationPagesAreDiscovered" file="/home/runner/work/develop/develop/packages/publications/tests/Feature/PublicationsExtensionTest.php" line="115" class="Hyde\Publications\Testing\Feature\PublicationsExtensionTest" classname="Hyde.Publications.Testing.Feature.PublicationsExtensionTest" assertions="1" time="0.014282"/>
        <testcase name="testPublicationPagesAreDiscovered" file="/home/runner/work/develop/develop/packages/publications/tests/Feature/PublicationsExtensionTest.php" line="125" class="Hyde\Publications\Testing\Feature\PublicationsExtensionTest" classname="Hyde.Publications.Testing.Feature.PublicationsExtensionTest" assertions="3" time="0.015905"/>
        <testcase name="testListingPagesForPublicationsAreGenerated" file="/home/runner/work/develop/develop/packages/publications/tests/Feature/PublicationsExtensionTest.php" line="141" class="Hyde\Publications\Testing\Feature\PublicationsExtensionTest" classname="Hyde.Publications.Testing.Feature.PublicationsExtensionTest" assertions="3" time="0.015651"/>
        <testcase name="testPaginatedListingPagesForPublicationsAreGenerated" file="/home/runner/work/develop/develop/packages/publications/tests/Feature/PublicationsExtensionTest.php" line="156" class="Hyde\Publications\Testing\Feature\PublicationsExtensionTest" classname="Hyde.Publications.Testing.Feature.PublicationsExtensionTest" assertions="3" time="0.022703"/>
        <testcase name="testPublicationTagListPagesAreGenerated" file="/home/runner/work/develop/develop/packages/publications/tests/Feature/PublicationsExtensionTest.php" line="169" class="Hyde\Publications\Testing\Feature\PublicationsExtensionTest" classname="Hyde.Publications.Testing.Feature.PublicationsExtensionTest" assertions="1" time="0.018958"/>
        <testcase name="testPublicationTagListRoutesWithTagsAreGenerated" file="/home/runner/work/develop/develop/packages/publications/tests/Feature/PublicationsExtensionTest.php" line="184" class="Hyde\Publications\Testing\Feature\PublicationsExtensionTest" classname="Hyde.Publications.Testing.Feature.PublicationsExtensionTest" assertions="3" time="0.020242"/>
        <testcase name="testPublicationRoutesAreDiscovered" file="/home/runner/work/develop/develop/packages/publications/tests/Feature/PublicationsExtensionTest.php" line="210" class="Hyde\Publications\Testing\Feature\PublicationsExtensionTest" classname="Hyde.Publications.Testing.Feature.PublicationsExtensionTest" assertions="4" time="0.015783"/>
        <testcase name="testPublicationTagListRoutesAreDiscovered" file="/home/runner/work/develop/develop/packages/publications/tests/Feature/PublicationsExtensionTest.php" line="233" class="Hyde\Publications\Testing\Feature\PublicationsExtensionTest" classname="Hyde.Publications.Testing.Feature.PublicationsExtensionTest" assertions="3" time="0.013051"/>
        <testcase name="testPublicationTagListRoutesWithTagsAreDiscovered" file="/home/runner/work/develop/develop/packages/publications/tests/Feature/PublicationsExtensionTest.php" line="259" class="Hyde\Publications\Testing\Feature\PublicationsExtensionTest" classname="Hyde.Publications.Testing.Feature.PublicationsExtensionTest" assertions="3" time="0.014582"/>
      </testsuite>
      <testsuite name="Hyde\Publications\Testing\Feature\RelatedPublicationsComponentTest" file="/home/runner/work/develop/develop/packages/publications/tests/Feature/RelatedPublicationsComponentTest.php" tests="12" assertions="12" errors="0" failures="0" skipped="0" time="0.164222">
        <testcase name="testWithStandardPage" file="/home/runner/work/develop/develop/packages/publications/tests/Feature/RelatedPublicationsComponentTest.php" line="23" class="Hyde\Publications\Testing\Feature\RelatedPublicationsComponentTest" classname="Hyde.Publications.Testing.Feature.RelatedPublicationsComponentTest" assertions="1" time="0.037876"/>
        <testcase name="testWithBlankPublicationType" file="/home/runner/work/develop/develop/packages/publications/tests/Feature/RelatedPublicationsComponentTest.php" line="31" class="Hyde\Publications\Testing\Feature\RelatedPublicationsComponentTest" classname="Hyde.Publications.Testing.Feature.RelatedPublicationsComponentTest" assertions="1" time="0.005607"/>
        <testcase name="testWithEmptyTags" file="/home/runner/work/develop/develop/packages/publications/tests/Feature/RelatedPublicationsComponentTest.php" line="41" class="Hyde\Publications\Testing\Feature\RelatedPublicationsComponentTest" classname="Hyde.Publications.Testing.Feature.RelatedPublicationsComponentTest" assertions="1" time="0.009094"/>
        <testcase name="testWithPublicationWithTag" file="/home/runner/work/develop/develop/packages/publications/tests/Feature/RelatedPublicationsComponentTest.php" line="51" class="Hyde\Publications\Testing\Feature\RelatedPublicationsComponentTest" classname="Hyde.Publications.Testing.Feature.RelatedPublicationsComponentTest" assertions="1" time="0.009452"/>
        <testcase name="testWithMoreTaggedPublications" file="/home/runner/work/develop/develop/packages/publications/tests/Feature/RelatedPublicationsComponentTest.php" line="61" class="Hyde\Publications\Testing\Feature\RelatedPublicationsComponentTest" classname="Hyde.Publications.Testing.Feature.RelatedPublicationsComponentTest" assertions="1" time="0.010290"/>
        <testcase name="testWithPublicationsWithOtherTagValue" file="/home/runner/work/develop/develop/packages/publications/tests/Feature/RelatedPublicationsComponentTest.php" line="75" class="Hyde\Publications\Testing\Feature\RelatedPublicationsComponentTest" classname="Hyde.Publications.Testing.Feature.RelatedPublicationsComponentTest" assertions="1" time="0.010281"/>
        <testcase name="testWithPublicationsWithCurrentOneBeingUntagged" file="/home/runner/work/develop/develop/packages/publications/tests/Feature/RelatedPublicationsComponentTest.php" line="89" class="Hyde\Publications\Testing\Feature\RelatedPublicationsComponentTest" classname="Hyde.Publications.Testing.Feature.RelatedPublicationsComponentTest" assertions="1" time="0.010078"/>
        <testcase name="testWithMultipleRelatedPages" file="/home/runner/work/develop/develop/packages/publications/tests/Feature/RelatedPublicationsComponentTest.php" line="103" class="Hyde\Publications\Testing\Feature\RelatedPublicationsComponentTest" classname="Hyde.Publications.Testing.Feature.RelatedPublicationsComponentTest" assertions="1" time="0.013365"/>
        <testcase name="testWithMultipleRelatedPagesAndLimit" file="/home/runner/work/develop/develop/packages/publications/tests/Feature/RelatedPublicationsComponentTest.php" line="131" class="Hyde\Publications\Testing\Feature\RelatedPublicationsComponentTest" classname="Hyde.Publications.Testing.Feature.RelatedPublicationsComponentTest" assertions="1" time="0.013745"/>
        <testcase name="testOnlyPublicationsWithTheSameTagAreIncluded" file="/home/runner/work/develop/develop/packages/publications/tests/Feature/RelatedPublicationsComponentTest.php" line="157" class="Hyde\Publications\Testing\Feature\RelatedPublicationsComponentTest" classname="Hyde.Publications.Testing.Feature.RelatedPublicationsComponentTest" assertions="1" time="0.012987"/>
        <testcase name="testResultsAreSortedByDateWithLatestFirst" file="/home/runner/work/develop/develop/packages/publications/tests/Feature/RelatedPublicationsComponentTest.php" line="182" class="Hyde\Publications\Testing\Feature\RelatedPublicationsComponentTest" classname="Hyde.Publications.Testing.Feature.RelatedPublicationsComponentTest" assertions="1" time="0.013887"/>
        <testcase name="testTheRenderMethod" file="/home/runner/work/develop/develop/packages/publications/tests/Feature/RelatedPublicationsComponentTest.php" line="210" class="Hyde\Publications\Testing\Feature\RelatedPublicationsComponentTest" classname="Hyde.Publications.Testing.Feature.RelatedPublicationsComponentTest" assertions="1" time="0.017559"/>
      </testsuite>
      <testsuite name="Hyde\Publications\Testing\Feature\SeedPublicationCommandTest" file="/home/runner/work/develop/develop/packages/publications/tests/Feature/SeedPublicationCommandTest.php" tests="7" assertions="29" errors="0" failures="0" skipped="0" time="0.138781">
        <testcase name="testCanSeedPublications" file="/home/runner/work/develop/develop/packages/publications/tests/Feature/SeedPublicationCommandTest.php" line="26" class="Hyde\Publications\Testing\Feature\SeedPublicationCommandTest" classname="Hyde.Publications.Testing.Feature.SeedPublicationCommandTest" assertions="6" time="0.069258"/>
        <testcase name="testCanSeedPublicationsUsingArguments" file="/home/runner/work/develop/develop/packages/publications/tests/Feature/SeedPublicationCommandTest.php" line="38" class="Hyde\Publications\Testing\Feature\SeedPublicationCommandTest" classname="Hyde.Publications.Testing.Feature.SeedPublicationCommandTest" assertions="3" time="0.010936"/>
        <testcase name="testCanSeedMultiplePublications" file="/home/runner/work/develop/develop/packages/publications/tests/Feature/SeedPublicationCommandTest.php" line="47" class="Hyde\Publications\Testing\Feature\SeedPublicationCommandTest" classname="Hyde.Publications.Testing.Feature.SeedPublicationCommandTest" assertions="4" time="0.023700"/>
        <testcase name="testCommandAsksToConfirmBeforeCreatingManyPublications" file="/home/runner/work/develop/develop/packages/publications/tests/Feature/SeedPublicationCommandTest.php" line="57" class="Hyde\Publications\Testing\Feature\SeedPublicationCommandTest" classname="Hyde.Publications.Testing.Feature.SeedPublicationCommandTest" assertions="7" time="0.009779"/>
        <testcase name="testCommandAsksToConfirmBeforeCreatingManyPublicationsWhenUsingArguments" file="/home/runner/work/develop/develop/packages/publications/tests/Feature/SeedPublicationCommandTest.php" line="70" class="Hyde\Publications\Testing\Feature\SeedPublicationCommandTest" classname="Hyde.Publications.Testing.Feature.SeedPublicationCommandTest" assertions="5" time="0.009205"/>
        <testcase name="testWithInvalidPublicationType" file="/home/runner/work/develop/develop/packages/publications/tests/Feature/SeedPublicationCommandTest.php" line="81" class="Hyde\Publications\Testing\Feature\SeedPublicationCommandTest" classname="Hyde.Publications.Testing.Feature.SeedPublicationCommandTest" assertions="2" time="0.008120"/>
        <testcase name="testWithNoPublicationTypes" file="/home/runner/work/develop/develop/packages/publications/tests/Feature/SeedPublicationCommandTest.php" line="88" class="Hyde\Publications\Testing\Feature\SeedPublicationCommandTest" classname="Hyde.Publications.Testing.Feature.SeedPublicationCommandTest" assertions="2" time="0.007784"/>
      </testsuite>
      <testsuite name="Hyde\Publications\Testing\Feature\SeedsPublicationFilesTest" file="/home/runner/work/develop/develop/packages/publications/tests/Feature/SeedsPublicationFilesTest.php" tests="13" assertions="38" errors="0" failures="0" skipped="0" time="0.109787">
        <testcase name="testCreate" file="/home/runner/work/develop/develop/packages/publications/tests/Feature/SeedsPublicationFilesTest.php" line="30" class="Hyde\Publications\Testing\Feature\SeedsPublicationFilesTest" classname="Hyde.Publications.Testing.Feature.SeedsPublicationFilesTest" assertions="3" time="0.007069"/>
        <testcase name="testCreateMany" file="/home/runner/work/develop/develop/packages/publications/tests/Feature/SeedsPublicationFilesTest.php" line="40" class="Hyde\Publications\Testing\Feature\SeedsPublicationFilesTest" classname="Hyde.Publications.Testing.Feature.SeedsPublicationFilesTest" assertions="2" time="0.008535"/>
        <testcase name="testWithArrayType" file="/home/runner/work/develop/develop/packages/publications/tests/Feature/SeedsPublicationFilesTest.php" line="49" class="Hyde\Publications\Testing\Feature\SeedsPublicationFilesTest" classname="Hyde.Publications.Testing.Feature.SeedsPublicationFilesTest" assertions="5" time="0.008668"/>
        <testcase name="testWithBooleanType" file="/home/runner/work/develop/develop/packages/publications/tests/Feature/SeedsPublicationFilesTest.php" line="62" class="Hyde\Publications\Testing\Feature\SeedsPublicationFilesTest" classname="Hyde.Publications.Testing.Feature.SeedsPublicationFilesTest" assertions="2" time="0.007079"/>
        <testcase name="testWithDateTimeType" file="/home/runner/work/develop/develop/packages/publications/tests/Feature/SeedsPublicationFilesTest.php" line="72" class="Hyde\Publications\Testing\Feature\SeedsPublicationFilesTest" classname="Hyde.Publications.Testing.Feature.SeedsPublicationFilesTest" assertions="3" time="0.007429"/>
        <testcase name="testWithFloatType" file="/home/runner/work/develop/develop/packages/publications/tests/Feature/SeedsPublicationFilesTest.php" line="83" class="Hyde\Publications\Testing\Feature\SeedsPublicationFilesTest" classname="Hyde.Publications.Testing.Feature.SeedsPublicationFilesTest" assertions="2" time="0.007303"/>
        <testcase name="testWithMediaType" file="/home/runner/work/develop/develop/packages/publications/tests/Feature/SeedsPublicationFilesTest.php" line="93" class="Hyde\Publications\Testing\Feature\SeedsPublicationFilesTest" classname="Hyde.Publications.Testing.Feature.SeedsPublicationFilesTest" assertions="3" time="0.007255"/>
        <testcase name="testWithIntegerType" file="/home/runner/work/develop/develop/packages/publications/tests/Feature/SeedsPublicationFilesTest.php" line="104" class="Hyde\Publications\Testing\Feature\SeedsPublicationFilesTest" classname="Hyde.Publications.Testing.Feature.SeedsPublicationFilesTest" assertions="2" time="0.007196"/>
        <testcase name="testWithStringType" file="/home/runner/work/develop/develop/packages/publications/tests/Feature/SeedsPublicationFilesTest.php" line="114" class="Hyde\Publications\Testing\Feature\SeedsPublicationFilesTest" classname="Hyde.Publications.Testing.Feature.SeedsPublicationFilesTest" assertions="2" time="0.007049"/>
        <testcase name="testWithTagType" file="/home/runner/work/develop/develop/packages/publications/tests/Feature/SeedsPublicationFilesTest.php" line="124" class="Hyde\Publications\Testing\Feature\SeedsPublicationFilesTest" classname="Hyde.Publications.Testing.Feature.SeedsPublicationFilesTest" assertions="4" time="0.018513"/>
        <testcase name="testWithTextType" file="/home/runner/work/develop/develop/packages/publications/tests/Feature/SeedsPublicationFilesTest.php" line="143" class="Hyde\Publications\Testing\Feature\SeedsPublicationFilesTest" classname="Hyde.Publications.Testing.Feature.SeedsPublicationFilesTest" assertions="4" time="0.008257"/>
        <testcase name="testWithUrlType" file="/home/runner/work/develop/develop/packages/publications/tests/Feature/SeedsPublicationFilesTest.php" line="155" class="Hyde\Publications\Testing\Feature\SeedsPublicationFilesTest" classname="Hyde.Publications.Testing.Feature.SeedsPublicationFilesTest" assertions="3" time="0.007457"/>
        <testcase name="testWithCanonicalDefinition" file="/home/runner/work/develop/develop/packages/publications/tests/Feature/SeedsPublicationFilesTest.php" line="166" class="Hyde\Publications\Testing\Feature\SeedsPublicationFilesTest" classname="Hyde.Publications.Testing.Feature.SeedsPublicationFilesTest" assertions="3" time="0.007978"/>
      </testsuite>
      <testsuite name="Hyde\Publications\Testing\Feature\StaticSiteBuilderPublicationModuleTest" file="/home/runner/work/develop/develop/packages/publications/tests/Feature/StaticSiteBuilderPublicationModuleTest.php" tests="5" assertions="25" errors="0" failures="0" skipped="0" time="0.670580">
        <testcase name="testCompilingWithPublicationTypeWithSeededFilesContainingAllFieldTypes" file="/home/runner/work/develop/develop/packages/publications/tests/Feature/StaticSiteBuilderPublicationModuleTest.php" line="30" class="Hyde\Publications\Testing\Feature\StaticSiteBuilderPublicationModuleTest" classname="Hyde.Publications.Testing.Feature.StaticSiteBuilderPublicationModuleTest" assertions="10" time="0.201152"/>
        <testcase name="testCompilingWithPublicationTypeThatUsesThePublishedViews" file="/home/runner/work/develop/develop/packages/publications/tests/Feature/StaticSiteBuilderPublicationModuleTest.php" line="70" class="Hyde\Publications\Testing\Feature\StaticSiteBuilderPublicationModuleTest" classname="Hyde.Publications.Testing.Feature.StaticSiteBuilderPublicationModuleTest" assertions="3" time="0.091102"/>
        <testcase name="testCompilingWithPublicationTypeThatUsesTheVendorViews" file="/home/runner/work/develop/develop/packages/publications/tests/Feature/StaticSiteBuilderPublicationModuleTest.php" line="95" class="Hyde\Publications\Testing\Feature\StaticSiteBuilderPublicationModuleTest" classname="Hyde.Publications.Testing.Feature.StaticSiteBuilderPublicationModuleTest" assertions="2" time="0.088906"/>
        <testcase name="testCompilingWithPublicationTypeThatUsesThePublishedPaginatedViews" file="/home/runner/work/develop/develop/packages/publications/tests/Feature/StaticSiteBuilderPublicationModuleTest.php" line="123" class="Hyde\Publications\Testing\Feature\StaticSiteBuilderPublicationModuleTest" classname="Hyde.Publications.Testing.Feature.StaticSiteBuilderPublicationModuleTest" assertions="5" time="0.158753"/>
        <testcase name="testCompilingWithPublicationTypeThatUsesThePaginatedVendorViews" file="/home/runner/work/develop/develop/packages/publications/tests/Feature/StaticSiteBuilderPublicationModuleTest.php" line="156" class="Hyde\Publications\Testing\Feature\StaticSiteBuilderPublicationModuleTest" classname="Hyde.Publications.Testing.Feature.StaticSiteBuilderPublicationModuleTest" assertions="5" time="0.130667"/>
      </testsuite>
      <testsuite name="Hyde\Publications\Testing\Feature\TranslationServiceProviderTest" file="/home/runner/work/develop/develop/packages/publications/tests/Feature/TranslationServiceProviderTest.php" tests="3" assertions="4" errors="0" failures="0" skipped="0" time="0.011708">
        <testcase name="testRegister" file="/home/runner/work/develop/develop/packages/publications/tests/Feature/TranslationServiceProviderTest.php" line="15" class="Hyde\Publications\Testing\Feature\TranslationServiceProviderTest" classname="Hyde.Publications.Testing.Feature.TranslationServiceProviderTest" assertions="2" time="0.004037"/>
        <testcase name="testBoot" file="/home/runner/work/develop/develop/packages/publications/tests/Feature/TranslationServiceProviderTest.php" line="23" class="Hyde\Publications\Testing\Feature\TranslationServiceProviderTest" classname="Hyde.Publications.Testing.Feature.TranslationServiceProviderTest" assertions="1" time="0.003493"/>
        <testcase name="testValidation" file="/home/runner/work/develop/develop/packages/publications/tests/Feature/TranslationServiceProviderTest.php" line="30" class="Hyde\Publications\Testing\Feature\TranslationServiceProviderTest" classname="Hyde.Publications.Testing.Feature.TranslationServiceProviderTest" assertions="1" time="0.004177"/>
      </testsuite>
      <testsuite name="Hyde\Publications\Testing\Feature\ValidatePublicationTypesCommandTest" file="/home/runner/work/develop/develop/packages/publications/tests/Feature/ValidatePublicationTypesCommandTest.php" tests="7" assertions="60" errors="0" failures="0" skipped="0" time="0.094761">
        <testcase name="testWithNoPublicationTypes" file="/home/runner/work/develop/develop/packages/publications/tests/Feature/ValidatePublicationTypesCommandTest.php" line="22" class="Hyde\Publications\Testing\Feature\ValidatePublicationTypesCommandTest" classname="Hyde.Publications.Testing.Feature.ValidatePublicationTypesCommandTest" assertions="3" time="0.007230"/>
        <testcase name="testWithValidSchemaFile" file="/home/runner/work/develop/develop/packages/publications/tests/Feature/ValidatePublicationTypesCommandTest.php" line="32" class="Hyde\Publications\Testing\Feature\ValidatePublicationTypesCommandTest" classname="Hyde.Publications.Testing.Feature.ValidatePublicationTypesCommandTest" assertions="6" time="0.010950"/>
        <testcase name="testWithInvalidSchemaFile" file="/home/runner/work/develop/develop/packages/publications/tests/Feature/ValidatePublicationTypesCommandTest.php" line="51" class="Hyde\Publications\Testing\Feature\ValidatePublicationTypesCommandTest" classname="Hyde.Publications.Testing.Feature.ValidatePublicationTypesCommandTest" assertions="19" time="0.018270"/>
        <testcase name="testWithMultiplePublicationTypes" file="/home/runner/work/develop/develop/packages/publications/tests/Feature/ValidatePublicationTypesCommandTest.php" line="103" class="Hyde\Publications\Testing\Feature\ValidatePublicationTypesCommandTest" classname="Hyde.Publications.Testing.Feature.ValidatePublicationTypesCommandTest" assertions="22" time="0.022716"/>
        <testcase name="testWithNoFields" file="/home/runner/work/develop/develop/packages/publications/tests/Feature/ValidatePublicationTypesCommandTest.php" line="161" class="Hyde\Publications\Testing\Feature\ValidatePublicationTypesCommandTest" classname="Hyde.Publications.Testing.Feature.ValidatePublicationTypesCommandTest" assertions="6" time="0.011763"/>
        <testcase name="testJsonOutputOption" file="/home/runner/work/develop/develop/packages/publications/tests/Feature/ValidatePublicationTypesCommandTest.php" line="176" class="Hyde\Publications\Testing\Feature\ValidatePublicationTypesCommandTest" classname="Hyde.Publications.Testing.Feature.ValidatePublicationTypesCommandTest" assertions="2" time="0.009330"/>
        <testcase name="testMultipleTypesWithJsonOutput" file="/home/runner/work/develop/develop/packages/publications/tests/Feature/ValidatePublicationTypesCommandTest.php" line="194" class="Hyde\Publications\Testing\Feature\ValidatePublicationTypesCommandTest" classname="Hyde.Publications.Testing.Feature.ValidatePublicationTypesCommandTest" assertions="2" time="0.014502"/>
      </testsuite>
      <testsuite name="Hyde\Publications\Testing\Feature\ValidatePublicationsCommandTest" file="/home/runner/work/develop/develop/packages/publications/tests/Feature/ValidatePublicationsCommandTest.php" tests="13" assertions="66" errors="0" failures="0" skipped="0" time="0.169834">
        <testcase name="testWithNoPublicationTypes" file="/home/runner/work/develop/develop/packages/publications/tests/Feature/ValidatePublicationsCommandTest.php" line="24" class="Hyde\Publications\Testing\Feature\ValidatePublicationsCommandTest" classname="Hyde.Publications.Testing.Feature.ValidatePublicationsCommandTest" assertions="2" time="0.007315"/>
        <testcase name="testWithInvalidPublicationType" file="/home/runner/work/develop/develop/packages/publications/tests/Feature/ValidatePublicationsCommandTest.php" line="33" class="Hyde\Publications\Testing\Feature\ValidatePublicationsCommandTest" classname="Hyde.Publications.Testing.Feature.ValidatePublicationsCommandTest" assertions="2" time="0.007121"/>
        <testcase name="testWithPublicationType" file="/home/runner/work/develop/develop/packages/publications/tests/Feature/ValidatePublicationsCommandTest.php" line="42" class="Hyde\Publications\Testing\Feature\ValidatePublicationsCommandTest" classname="Hyde.Publications.Testing.Feature.ValidatePublicationsCommandTest" assertions="4" time="0.012147"/>
        <testcase name="testWithPublicationTypeAndVerboseOutput" file="/home/runner/work/develop/develop/packages/publications/tests/Feature/ValidatePublicationsCommandTest.php" line="62" class="Hyde\Publications\Testing\Feature\ValidatePublicationsCommandTest" classname="Hyde.Publications.Testing.Feature.ValidatePublicationsCommandTest" assertions="4" time="0.011822"/>
        <testcase name="testWithInvalidPublication" file="/home/runner/work/develop/develop/packages/publications/tests/Feature/ValidatePublicationsCommandTest.php" line="82" class="Hyde\Publications\Testing\Feature\ValidatePublicationsCommandTest" classname="Hyde.Publications.Testing.Feature.ValidatePublicationsCommandTest" assertions="4" time="0.012500"/>
        <testcase name="testWithWarnedPublication" file="/home/runner/work/develop/develop/packages/publications/tests/Feature/ValidatePublicationsCommandTest.php" line="99" class="Hyde\Publications\Testing\Feature\ValidatePublicationsCommandTest" classname="Hyde.Publications.Testing.Feature.ValidatePublicationsCommandTest" assertions="4" time="0.012066"/>
        <testcase name="testWithMultiplePublicationTypes" file="/home/runner/work/develop/develop/packages/publications/tests/Feature/ValidatePublicationsCommandTest.php" line="118" class="Hyde\Publications\Testing\Feature\ValidatePublicationsCommandTest" classname="Hyde.Publications.Testing.Feature.ValidatePublicationsCommandTest" assertions="1" time="0.010074"/>
        <testcase name="testWithMultipleInvalidFields" file="/home/runner/work/develop/develop/packages/publications/tests/Feature/ValidatePublicationsCommandTest.php" line="129" class="Hyde\Publications\Testing\Feature\ValidatePublicationsCommandTest" classname="Hyde.Publications.Testing.Feature.ValidatePublicationsCommandTest" assertions="4" time="0.013438"/>
        <testcase name="testOnlySpecifiedTypeIsValidatedWhenUsingArgument" file="/home/runner/work/develop/develop/packages/publications/tests/Feature/ValidatePublicationsCommandTest.php" line="154" class="Hyde\Publications\Testing\Feature\ValidatePublicationsCommandTest" classname="Hyde.Publications.Testing.Feature.ValidatePublicationsCommandTest" assertions="1" time="0.010015"/>
        <testcase name="testOutput" file="/home/runner/work/develop/develop/packages/publications/tests/Feature/ValidatePublicationsCommandTest.php" line="165" class="Hyde\Publications\Testing\Feature\ValidatePublicationsCommandTest" classname="Hyde.Publications.Testing.Feature.ValidatePublicationsCommandTest" assertions="17" time="0.020766"/>
        <testcase name="testWithVerboseOutput" file="/home/runner/work/develop/develop/packages/publications/tests/Feature/ValidatePublicationsCommandTest.php" line="189" class="Hyde\Publications\Testing\Feature\ValidatePublicationsCommandTest" classname="Hyde.Publications.Testing.Feature.ValidatePublicationsCommandTest" assertions="19" time="0.021595"/>
        <testcase name="testWithJsonOutput" file="/home/runner/work/develop/develop/packages/publications/tests/Feature/ValidatePublicationsCommandTest.php" line="215" class="Hyde\Publications\Testing\Feature\ValidatePublicationsCommandTest" classname="Hyde.Publications.Testing.Feature.ValidatePublicationsCommandTest" assertions="2" time="0.023630"/>
        <testcase name="testWithJsonOutputWithNoPublications" file="/home/runner/work/develop/develop/packages/publications/tests/Feature/ValidatePublicationsCommandTest.php" line="246" class="Hyde\Publications\Testing\Feature\ValidatePublicationsCommandTest" classname="Hyde.Publications.Testing.Feature.ValidatePublicationsCommandTest" assertions="2" time="0.007344"/>
      </testsuite>
      <testsuite name="Hyde\Publications\Testing\Feature\ValidatingCommandTest" file="/home/runner/work/develop/develop/packages/publications/tests/Feature/ValidatingCommandTest.php" tests="7" assertions="24" errors="0" failures="0" skipped="0" time="0.050259">
        <testcase name="testAskWithValidationCapturesInput" file="/home/runner/work/develop/develop/packages/publications/tests/Feature/ValidatingCommandTest.php" line="22" class="Hyde\Publications\Testing\Feature\ValidatingCommandTest" classname="Hyde.Publications.Testing.Feature.ValidatingCommandTest" assertions="2" time="0.004786"/>
        <testcase name="testAskWithValidationRetries" file="/home/runner/work/develop/develop/packages/publications/tests/Feature/ValidatingCommandTest.php" line="39" class="Hyde\Publications\Testing\Feature\ValidatingCommandTest" classname="Hyde.Publications.Testing.Feature.ValidatingCommandTest" assertions="3" time="0.005378"/>
        <testcase name="testAskWithValidationRetriesTooManyTimes" file="/home/runner/work/develop/develop/packages/publications/tests/Feature/ValidatingCommandTest.php" line="60" class="Hyde\Publications\Testing\Feature\ValidatingCommandTest" classname="Hyde.Publications.Testing.Feature.ValidatingCommandTest" assertions="4" time="0.019285"/>
        <testcase name="testAskWithValidationNormalizesBooleanInput" file="/home/runner/work/develop/develop/packages/publications/tests/Feature/ValidatingCommandTest.php" line="84" class="Hyde\Publications\Testing\Feature\ValidatingCommandTest" classname="Hyde.Publications.Testing.Feature.ValidatingCommandTest" assertions="3" time="0.004641"/>
        <testcase name="testValidationIsCalled" file="/home/runner/work/develop/develop/packages/publications/tests/Feature/ValidatingCommandTest.php" line="108" class="Hyde\Publications\Testing\Feature\ValidatingCommandTest" classname="Hyde.Publications.Testing.Feature.ValidatingCommandTest" assertions="4" time="0.006840"/>
        <testcase name="testReloadableChoiceHelper" file="/home/runner/work/develop/develop/packages/publications/tests/Feature/ValidatingCommandTest.php" line="127" class="Hyde\Publications\Testing\Feature\ValidatingCommandTest" classname="Hyde.Publications.Testing.Feature.ValidatingCommandTest" assertions="3" time="0.004286"/>
        <testcase name="testReloadableChoiceHelperSelectingReload" file="/home/runner/work/develop/develop/packages/publications/tests/Feature/ValidatingCommandTest.php" line="149" class="Hyde\Publications\Testing\Feature\ValidatingCommandTest" classname="Hyde.Publications.Testing.Feature.ValidatingCommandTest" assertions="5" time="0.005044"/>
      </testsuite>
    </testsuite>
    <testsuite name="Realtime Compiler" tests="12" assertions="42" errors="0" failures="0" skipped="0" time="0.413128">
      <testsuite name="P\Packages\realtimecompiler\tests\ConsoleOutputTest" file="/home/runner/work/develop/develop/vendor/pestphp/pest/src/Factories/TestCaseFactory.php(196) : eval()'d code" tests="1" assertions="1" errors="0" failures="0" skipped="0" time="0.006019">
        <testcase name="__pest_evaluable_printStartMessage_method" file="/home/runner/work/develop/develop/vendor/pestphp/pest/src/Factories/TestCaseFactory.php(196) : eval()'d code" line="22" class="P\Packages\realtimecompiler\tests\ConsoleOutputTest" classname="P.Packages.realtimecompiler.tests.ConsoleOutputTest" assertions="1" time="0.006019"/>
      </testsuite>
      <testsuite name="P\Packages\realtimecompiler\tests\RealtimeCompilerTest" file="/home/runner/work/develop/develop/vendor/pestphp/pest/src/Factories/TestCaseFactory.php(196) : eval()'d code" tests="11" assertions="41" errors="0" failures="0" skipped="0" time="0.407109">
        <testcase name="__pest_evaluable_handle_routes_index_page" file="/home/runner/work/develop/develop/vendor/pestphp/pest/src/Factories/TestCaseFactory.php(196) : eval()'d code" line="22" class="P\Packages\realtimecompiler\tests\RealtimeCompilerTest" classname="P.Packages.realtimecompiler.tests.RealtimeCompilerTest" assertions="6" time="0.029719"/>
        <testcase name="__pest_evaluable_handle_routes_custom_pages" file="/home/runner/work/develop/develop/vendor/pestphp/pest/src/Factories/TestCaseFactory.php(196) : eval()'d code" line="37" class="P\Packages\realtimecompiler\tests\RealtimeCompilerTest" classname="P.Packages.realtimecompiler.tests.RealtimeCompilerTest" assertions="4" time="0.043012"/>
        <testcase name="__pest_evaluable_handle_routes_pages_with__html_extension" file="/home/runner/work/develop/develop/vendor/pestphp/pest/src/Factories/TestCaseFactory.php(196) : eval()'d code" line="52" class="P\Packages\realtimecompiler\tests\RealtimeCompilerTest" classname="P.Packages.realtimecompiler.tests.RealtimeCompilerTest" assertions="4" time="0.050970"/>
        <testcase name="__pest_evaluable_handle_routes_static_assets" file="/home/runner/work/develop/develop/vendor/pestphp/pest/src/Factories/TestCaseFactory.php(196) : eval()'d code" line="67" class="P\Packages\realtimecompiler\tests\RealtimeCompilerTest" classname="P.Packages.realtimecompiler.tests.RealtimeCompilerTest" assertions="4" time="0.003994"/>
        <testcase name="__pest_evaluable_handle_throws_route_not_found_exception_for_missing_route" file="/home/runner/work/develop/develop/vendor/pestphp/pest/src/Factories/TestCaseFactory.php(196) : eval()'d code" line="82" class="P\Packages\realtimecompiler\tests\RealtimeCompilerTest" classname="P.Packages.realtimecompiler.tests.RealtimeCompilerTest" assertions="2" time="0.046669"/>
        <testcase name="__pest_evaluable_handle_sends_404_error_response_for_missing_asset" file="/home/runner/work/develop/develop/vendor/pestphp/pest/src/Factories/TestCaseFactory.php(196) : eval()'d code" line="97" class="P\Packages\realtimecompiler\tests\RealtimeCompilerTest" classname="P.Packages.realtimecompiler.tests.RealtimeCompilerTest" assertions="3" time="0.002812"/>
        <testcase name="__pest_evaluable_trailing_slashes_are_normalized_from_route" file="/home/runner/work/develop/develop/vendor/pestphp/pest/src/Factories/TestCaseFactory.php(196) : eval()'d code" line="112" class="P\Packages\realtimecompiler\tests\RealtimeCompilerTest" classname="P.Packages.realtimecompiler.tests.RealtimeCompilerTest" assertions="4" time="0.066915"/>
        <testcase name="__pest_evaluable_docs_uri_path_is_rerouted_to_docs_index" file="/home/runner/work/develop/develop/vendor/pestphp/pest/src/Factories/TestCaseFactory.php(196) : eval()'d code" line="127" class="P\Packages\realtimecompiler\tests\RealtimeCompilerTest" classname="P.Packages.realtimecompiler.tests.RealtimeCompilerTest" assertions="4" time="0.076697"/>
        <testcase name="__pest_evaluable_docs_search_renders_search_page" file="/home/runner/work/develop/develop/vendor/pestphp/pest/src/Factories/TestCaseFactory.php(196) : eval()'d code" line="142" class="P\Packages\realtimecompiler\tests\RealtimeCompilerTest" classname="P.Packages.realtimecompiler.tests.RealtimeCompilerTest" assertions="4" time="0.077132"/>
        <testcase name="__pest_evaluable_ping_route_returns_ping_response" file="/home/runner/work/develop/develop/vendor/pestphp/pest/src/Factories/TestCaseFactory.php(196) : eval()'d code" line="157" class="P\Packages\realtimecompiler\tests\RealtimeCompilerTest" classname="P.Packages.realtimecompiler.tests.RealtimeCompilerTest" assertions="3" time="0.003020"/>
        <testcase name="__pest_evaluable_exception_handling" file="/home/runner/work/develop/develop/vendor/pestphp/pest/src/Factories/TestCaseFactory.php(196) : eval()'d code" line="172" class="P\Packages\realtimecompiler\tests\RealtimeCompilerTest" classname="P.Packages.realtimecompiler.tests.RealtimeCompilerTest" assertions="3" time="0.006169"/>
      </testsuite>
    </testsuite>
  </testsuite>
</testsuites>
