<?xml version="1.0" encoding="UTF-8"?>
<testsuites>
  <testsuite name="" tests="2067" assertions="3821" errors="0" warnings="0" failures="0" skipped="1" time="36.185524">
    <testsuite name="FeatureHyde" tests="6" assertions="17" errors="0" warnings="0" failures="0" skipped="0" time="0.194171">
      <testsuite name="Hyde\Testing\Hyde\DefaultContentTest" file="/home/runner/work/develop/develop/packages/hyde/tests/DefaultContentTest.php" tests="3" assertions="12" errors="0" warnings="0" failures="0" skipped="0" time="0.004491">
        <testcase name="test_default_pages_are_present" class="Hyde\Testing\Hyde\DefaultContentTest" classname="Hyde.Testing.Hyde.DefaultContentTest" file="/home/runner/work/develop/develop/packages/hyde/tests/DefaultContentTest.php" line="17" assertions="4" time="0.003277"/>
        <testcase name="test_default_compiled_stylesheet_is_present" class="Hyde\Testing\Hyde\DefaultContentTest" classname="Hyde.Testing.Hyde.DefaultContentTest" file="/home/runner/work/develop/develop/packages/hyde/tests/DefaultContentTest.php" line="33" assertions="2" time="0.000542"/>
        <testcase name="test_laravel_mix_resources_are_present" class="Hyde\Testing\Hyde\DefaultContentTest" classname="Hyde.Testing.Hyde.DefaultContentTest" file="/home/runner/work/develop/develop/packages/hyde/tests/DefaultContentTest.php" line="43" assertions="6" time="0.000672"/>
      </testsuite>
      <testsuite name="Hyde\Testing\Hyde\ExampleTest" file="/home/runner/work/develop/develop/packages/hyde/tests/ExampleTest.php" tests="1" assertions="1" errors="0" warnings="0" failures="0" skipped="0" time="0.000438">
        <testcase name="test_example" class="Hyde\Testing\Hyde\ExampleTest" classname="Hyde.Testing.Hyde.ExampleTest" file="/home/runner/work/develop/develop/packages/hyde/tests/ExampleTest.php" line="11" assertions="1" time="0.000438"/>
      </testsuite>
      <testsuite name="Hyde\Testing\Hyde\HydeCLITest" file="/home/runner/work/develop/develop/packages/hyde/tests/HydeCLITest.php" tests="1" assertions="2" errors="0" warnings="0" failures="0" skipped="0" time="0.126695">
        <testcase name="test_can_show_hyde_console" class="Hyde\Testing\Hyde\HydeCLITest" classname="Hyde.Testing.Hyde.HydeCLITest" file="/home/runner/work/develop/develop/packages/hyde/tests/HydeCLITest.php" line="11" assertions="2" time="0.126695"/>
      </testsuite>
      <testsuite name="Hyde\Testing\Hyde\StaticSiteBuilderTest" file="/home/runner/work/develop/develop/packages/hyde/tests/StaticSiteBuilderTest.php" tests="1" assertions="2" errors="0" warnings="0" failures="0" skipped="0" time="0.062547">
        <testcase name="test_can_build_static_site" class="Hyde\Testing\Hyde\StaticSiteBuilderTest" classname="Hyde.Testing.Hyde.StaticSiteBuilderTest" file="/home/runner/work/develop/develop/packages/hyde/tests/StaticSiteBuilderTest.php" line="13" assertions="2" time="0.062547"/>
      </testsuite>
    </testsuite>
    <testsuite name="FeatureFramework" tests="1212" assertions="2544" errors="0" warnings="0" failures="0" skipped="1" time="28.580359">
      <testsuite name="Hyde\Framework\Testing\Feature\Actions\AnonymousViewCompilerTest" file="/home/runner/work/develop/develop/packages/framework/tests/Feature/Actions/AnonymousViewCompilerTest.php" tests="3" assertions="4" errors="0" warnings="0" failures="0" skipped="0" time="0.070722">
        <testcase name="testCanCompileBladeFile" class="Hyde\Framework\Testing\Feature\Actions\AnonymousViewCompilerTest" classname="Hyde.Framework.Testing.Feature.Actions.AnonymousViewCompilerTest" file="/home/runner/work/develop/develop/packages/framework/tests/Feature/Actions/AnonymousViewCompilerTest.php" line="16" assertions="1" time="0.024493"/>
        <testcase name="testCanCompileBladeFileWithData" class="Hyde\Framework\Testing\Feature\Actions\AnonymousViewCompilerTest" classname="Hyde.Framework.Testing.Feature.Actions.AnonymousViewCompilerTest" file="/home/runner/work/develop/develop/packages/framework/tests/Feature/Actions/AnonymousViewCompilerTest.php" line="23" assertions="1" time="0.023605"/>
        <testcase name="testWithMissingView" class="Hyde\Framework\Testing\Feature\Actions\AnonymousViewCompilerTest" classname="Hyde.Framework.Testing.Feature.Actions.AnonymousViewCompilerTest" file="/home/runner/work/develop/develop/packages/framework/tests/Feature/Actions/AnonymousViewCompilerTest.php" line="30" assertions="2" time="0.022624"/>
      </testsuite>
      <testsuite name="Hyde\Framework\Testing\Feature\Actions\ConvertsMarkdownToPlainTextTest" file="/home/runner/work/develop/develop/packages/framework/tests/Feature/Actions/ConvertsMarkdownToPlainTextTest.php" tests="27" assertions="27" errors="0" warnings="0" failures="0" skipped="0" time="0.601129">
        <testcase name="testItRemovesHeadings" class="Hyde\Framework\Testing\Feature\Actions\ConvertsMarkdownToPlainTextTest" classname="Hyde.Framework.Testing.Feature.Actions.ConvertsMarkdownToPlainTextTest" file="/home/runner/work/develop/develop/packages/framework/tests/Feature/Actions/ConvertsMarkdownToPlainTextTest.php" line="15" assertions="1" time="0.022106"/>
        <testcase name="testItRemovesHeadingsAlternateSyntax" class="Hyde\Framework\Testing\Feature\Actions\ConvertsMarkdownToPlainTextTest" classname="Hyde.Framework.Testing.Feature.Actions.ConvertsMarkdownToPlainTextTest" file="/home/runner/work/develop/develop/packages/framework/tests/Feature/Actions/ConvertsMarkdownToPlainTextTest.php" line="38" assertions="1" time="0.021933"/>
        <testcase name="testItRemovesParagraphs" class="Hyde\Framework\Testing\Feature\Actions\ConvertsMarkdownToPlainTextTest" classname="Hyde.Framework.Testing.Feature.Actions.ConvertsMarkdownToPlainTextTest" file="/home/runner/work/develop/develop/packages/framework/tests/Feature/Actions/ConvertsMarkdownToPlainTextTest.php" line="58" assertions="1" time="0.021869"/>
        <testcase name="testItRemovesParagraphsMultiline" class="Hyde\Framework\Testing\Feature\Actions\ConvertsMarkdownToPlainTextTest" classname="Hyde.Framework.Testing.Feature.Actions.ConvertsMarkdownToPlainTextTest" file="/home/runner/work/develop/develop/packages/framework/tests/Feature/Actions/ConvertsMarkdownToPlainTextTest.php" line="75" assertions="1" time="0.021798"/>
        <testcase name="testItRemovesLinebreaks" class="Hyde\Framework\Testing\Feature\Actions\ConvertsMarkdownToPlainTextTest" classname="Hyde.Framework.Testing.Feature.Actions.ConvertsMarkdownToPlainTextTest" file="/home/runner/work/develop/develop/packages/framework/tests/Feature/Actions/ConvertsMarkdownToPlainTextTest.php" line="90" assertions="1" time="0.021807"/>
        <testcase name="testItRemovesBold" class="Hyde\Framework\Testing\Feature\Actions\ConvertsMarkdownToPlainTextTest" classname="Hyde.Framework.Testing.Feature.Actions.ConvertsMarkdownToPlainTextTest" file="/home/runner/work/develop/develop/packages/framework/tests/Feature/Actions/ConvertsMarkdownToPlainTextTest.php" line="111" assertions="1" time="0.021831"/>
        <testcase name="testItRemovesItalic" class="Hyde\Framework\Testing\Feature\Actions\ConvertsMarkdownToPlainTextTest" classname="Hyde.Framework.Testing.Feature.Actions.ConvertsMarkdownToPlainTextTest" file="/home/runner/work/develop/develop/packages/framework/tests/Feature/Actions/ConvertsMarkdownToPlainTextTest.php" line="128" assertions="1" time="0.022089"/>
        <testcase name="testItRemovesBoldAndItalic" class="Hyde\Framework\Testing\Feature\Actions\ConvertsMarkdownToPlainTextTest" classname="Hyde.Framework.Testing.Feature.Actions.ConvertsMarkdownToPlainTextTest" file="/home/runner/work/develop/develop/packages/framework/tests/Feature/Actions/ConvertsMarkdownToPlainTextTest.php" line="145" assertions="1" time="0.021875"/>
        <testcase name="testItRemovesBlockquotes" class="Hyde\Framework\Testing\Feature\Actions\ConvertsMarkdownToPlainTextTest" classname="Hyde.Framework.Testing.Feature.Actions.ConvertsMarkdownToPlainTextTest" file="/home/runner/work/develop/develop/packages/framework/tests/Feature/Actions/ConvertsMarkdownToPlainTextTest.php" line="166" assertions="1" time="0.021778"/>
        <testcase name="testItRemovesBlockquotesWithMultipleParagraphs" class="Hyde\Framework\Testing\Feature\Actions\ConvertsMarkdownToPlainTextTest" classname="Hyde.Framework.Testing.Feature.Actions.ConvertsMarkdownToPlainTextTest" file="/home/runner/work/develop/develop/packages/framework/tests/Feature/Actions/ConvertsMarkdownToPlainTextTest.php" line="179" assertions="1" time="0.021956"/>
        <testcase name="testItRemovesOrderedLists" class="Hyde\Framework\Testing\Feature\Actions\ConvertsMarkdownToPlainTextTest" classname="Hyde.Framework.Testing.Feature.Actions.ConvertsMarkdownToPlainTextTest" file="/home/runner/work/develop/develop/packages/framework/tests/Feature/Actions/ConvertsMarkdownToPlainTextTest.php" line="196" assertions="1" time="0.022038"/>
        <testcase name="testItRemovesUnorderedLists" class="Hyde\Framework\Testing\Feature\Actions\ConvertsMarkdownToPlainTextTest" classname="Hyde.Framework.Testing.Feature.Actions.ConvertsMarkdownToPlainTextTest" file="/home/runner/work/develop/develop/packages/framework/tests/Feature/Actions/ConvertsMarkdownToPlainTextTest.php" line="215" assertions="1" time="0.021920"/>
        <testcase name="testItRemovesCode" class="Hyde\Framework\Testing\Feature\Actions\ConvertsMarkdownToPlainTextTest" classname="Hyde.Framework.Testing.Feature.Actions.ConvertsMarkdownToPlainTextTest" file="/home/runner/work/develop/develop/packages/framework/tests/Feature/Actions/ConvertsMarkdownToPlainTextTest.php" line="246" assertions="1" time="0.021790"/>
        <testcase name="testItRemovesCodeBlocks" class="Hyde\Framework\Testing\Feature\Actions\ConvertsMarkdownToPlainTextTest" classname="Hyde.Framework.Testing.Feature.Actions.ConvertsMarkdownToPlainTextTest" file="/home/runner/work/develop/develop/packages/framework/tests/Feature/Actions/ConvertsMarkdownToPlainTextTest.php" line="259" assertions="1" time="0.021968"/>
        <testcase name="testItRemovesHorizontalRules" class="Hyde\Framework\Testing\Feature\Actions\ConvertsMarkdownToPlainTextTest" classname="Hyde.Framework.Testing.Feature.Actions.ConvertsMarkdownToPlainTextTest" file="/home/runner/work/develop/develop/packages/framework/tests/Feature/Actions/ConvertsMarkdownToPlainTextTest.php" line="272" assertions="1" time="0.021947"/>
        <testcase name="testItRemovesLinks" class="Hyde\Framework\Testing\Feature\Actions\ConvertsMarkdownToPlainTextTest" classname="Hyde.Framework.Testing.Feature.Actions.ConvertsMarkdownToPlainTextTest" file="/home/runner/work/develop/develop/packages/framework/tests/Feature/Actions/ConvertsMarkdownToPlainTextTest.php" line="289" assertions="1" time="0.022176"/>
        <testcase name="testItRemovesImages" class="Hyde\Framework\Testing\Feature\Actions\ConvertsMarkdownToPlainTextTest" classname="Hyde.Framework.Testing.Feature.Actions.ConvertsMarkdownToPlainTextTest" file="/home/runner/work/develop/develop/packages/framework/tests/Feature/Actions/ConvertsMarkdownToPlainTextTest.php" line="325" assertions="1" time="0.021946"/>
        <testcase name="testItRemovesLinkingImages" class="Hyde\Framework\Testing\Feature\Actions\ConvertsMarkdownToPlainTextTest" classname="Hyde.Framework.Testing.Feature.Actions.ConvertsMarkdownToPlainTextTest" file="/home/runner/work/develop/develop/packages/framework/tests/Feature/Actions/ConvertsMarkdownToPlainTextTest.php" line="340" assertions="1" time="0.021971"/>
        <testcase name="testItRemovesHtml" class="Hyde\Framework\Testing\Feature\Actions\ConvertsMarkdownToPlainTextTest" classname="Hyde.Framework.Testing.Feature.Actions.ConvertsMarkdownToPlainTextTest" file="/home/runner/work/develop/develop/packages/framework/tests/Feature/Actions/ConvertsMarkdownToPlainTextTest.php" line="353" assertions="1" time="0.022059"/>
        <testcase name="testItRemovesFootnotes" class="Hyde\Framework\Testing\Feature\Actions\ConvertsMarkdownToPlainTextTest" classname="Hyde.Framework.Testing.Feature.Actions.ConvertsMarkdownToPlainTextTest" file="/home/runner/work/develop/develop/packages/framework/tests/Feature/Actions/ConvertsMarkdownToPlainTextTest.php" line="380" assertions="1" time="0.022122"/>
        <testcase name="testItRemovesFootnotesAlternate" class="Hyde\Framework\Testing\Feature\Actions\ConvertsMarkdownToPlainTextTest" classname="Hyde.Framework.Testing.Feature.Actions.ConvertsMarkdownToPlainTextTest" file="/home/runner/work/develop/develop/packages/framework/tests/Feature/Actions/ConvertsMarkdownToPlainTextTest.php" line="397" assertions="1" time="0.022121"/>
        <testcase name="testItReplacesConsecutivelyOccurringNewlines" class="Hyde\Framework\Testing\Feature\Actions\ConvertsMarkdownToPlainTextTest" classname="Hyde.Framework.Testing.Feature.Actions.ConvertsMarkdownToPlainTextTest" file="/home/runner/work/develop/develop/packages/framework/tests/Feature/Actions/ConvertsMarkdownToPlainTextTest.php" line="414" assertions="1" time="0.022212"/>
        <testcase name="testItRemovesFencedCodeBlocks" class="Hyde\Framework\Testing\Feature\Actions\ConvertsMarkdownToPlainTextTest" classname="Hyde.Framework.Testing.Feature.Actions.ConvertsMarkdownToPlainTextTest" file="/home/runner/work/develop/develop/packages/framework/tests/Feature/Actions/ConvertsMarkdownToPlainTextTest.php" line="439" assertions="1" time="0.028511"/>
        <testcase name="testItRemovesFencedCodeBlocksAlternate" class="Hyde\Framework\Testing\Feature\Actions\ConvertsMarkdownToPlainTextTest" classname="Hyde.Framework.Testing.Feature.Actions.ConvertsMarkdownToPlainTextTest" file="/home/runner/work/develop/develop/packages/framework/tests/Feature/Actions/ConvertsMarkdownToPlainTextTest.php" line="455" assertions="1" time="0.022458"/>
        <testcase name="testItRemovesTables" class="Hyde\Framework\Testing\Feature\Actions\ConvertsMarkdownToPlainTextTest" classname="Hyde.Framework.Testing.Feature.Actions.ConvertsMarkdownToPlainTextTest" file="/home/runner/work/develop/develop/packages/framework/tests/Feature/Actions/ConvertsMarkdownToPlainTextTest.php" line="471" assertions="1" time="0.022361"/>
        <testcase name="testWithEmptyString" class="Hyde\Framework\Testing\Feature\Actions\ConvertsMarkdownToPlainTextTest" classname="Hyde.Framework.Testing.Feature.Actions.ConvertsMarkdownToPlainTextTest" file="/home/runner/work/develop/develop/packages/framework/tests/Feature/Actions/ConvertsMarkdownToPlainTextTest.php" line="490" assertions="1" time="0.022261"/>
        <testcase name="testWithOnlyEmptyLines" class="Hyde\Framework\Testing\Feature\Actions\ConvertsMarkdownToPlainTextTest" classname="Hyde.Framework.Testing.Feature.Actions.ConvertsMarkdownToPlainTextTest" file="/home/runner/work/develop/develop/packages/framework/tests/Feature/Actions/ConvertsMarkdownToPlainTextTest.php" line="495" assertions="1" time="0.022226"/>
      </testsuite>
      <testsuite name="Hyde\Framework\Testing\Feature\Actions\CreatesNewPageSourceFileTest" file="/home/runner/work/develop/develop/packages/framework/tests/Feature/Actions/CreatesNewPageSourceFileTest.php" tests="13" assertions="24" errors="0" warnings="0" failures="0" skipped="0" time="0.315993">
        <testcase name="test_class_can_be_instantiated" class="Hyde\Framework\Testing\Feature\Actions\CreatesNewPageSourceFileTest" classname="Hyde.Framework.Testing.Feature.Actions.CreatesNewPageSourceFileTest" file="/home/runner/work/develop/develop/packages/framework/tests/Feature/Actions/CreatesNewPageSourceFileTest.php" line="21" assertions="1" time="0.025869"/>
        <testcase name="test_that_an_exception_is_thrown_for_invalid_page_type" class="Hyde\Framework\Testing\Feature\Actions\CreatesNewPageSourceFileTest" classname="Hyde.Framework.Testing.Feature.Actions.CreatesNewPageSourceFileTest" file="/home/runner/work/develop/develop/packages/framework/tests/Feature/Actions/CreatesNewPageSourceFileTest.php" line="29" assertions="2" time="0.022416"/>
        <testcase name="test_that_an_exception_is_thrown_if_file_already_exists_and_overwrite_is_false" class="Hyde\Framework\Testing\Feature\Actions\CreatesNewPageSourceFileTest" classname="Hyde.Framework.Testing.Feature.Actions.CreatesNewPageSourceFileTest" file="/home/runner/work/develop/develop/packages/framework/tests/Feature/Actions/CreatesNewPageSourceFileTest.php" line="37" assertions="3" time="0.023037"/>
        <testcase name="test_that_can_save_file_returns_true_if_file_already_exists_and_overwrite_is_true" class="Hyde\Framework\Testing\Feature\Actions\CreatesNewPageSourceFileTest" classname="Hyde.Framework.Testing.Feature.Actions.CreatesNewPageSourceFileTest" file="/home/runner/work/develop/develop/packages/framework/tests/Feature/Actions/CreatesNewPageSourceFileTest.php" line="50" assertions="1" time="0.028826"/>
        <testcase name="test_exception_is_thrown_for_conflicting_blade_pages" class="Hyde\Framework\Testing\Feature\Actions\CreatesNewPageSourceFileTest" classname="Hyde.Framework.Testing.Feature.Actions.CreatesNewPageSourceFileTest" file="/home/runner/work/develop/develop/packages/framework/tests/Feature/Actions/CreatesNewPageSourceFileTest.php" line="59" assertions="3" time="0.022793"/>
        <testcase name="test_exception_is_thrown_for_conflicting_documentation_pages" class="Hyde\Framework\Testing\Feature\Actions\CreatesNewPageSourceFileTest" classname="Hyde.Framework.Testing.Feature.Actions.CreatesNewPageSourceFileTest" file="/home/runner/work/develop/develop/packages/framework/tests/Feature/Actions/CreatesNewPageSourceFileTest.php" line="72" assertions="3" time="0.023299"/>
        <testcase name="test_that_a_markdown_file_can_be_created_and_contains_expected_content" class="Hyde\Framework\Testing\Feature\Actions\CreatesNewPageSourceFileTest" classname="Hyde.Framework.Testing.Feature.Actions.CreatesNewPageSourceFileTest" file="/home/runner/work/develop/develop/packages/framework/tests/Feature/Actions/CreatesNewPageSourceFileTest.php" line="85" assertions="2" time="0.024471"/>
        <testcase name="test_that_a_blade_file_can_be_created_and_contains_expected_content" class="Hyde\Framework\Testing\Feature\Actions\CreatesNewPageSourceFileTest" classname="Hyde.Framework.Testing.Feature.Actions.CreatesNewPageSourceFileTest" file="/home/runner/work/develop/develop/packages/framework/tests/Feature/Actions/CreatesNewPageSourceFileTest.php" line="98" assertions="2" time="0.022890"/>
        <testcase name="test_that_a_documentation_file_can_be_created_and_contains_expected_content" class="Hyde\Framework\Testing\Feature\Actions\CreatesNewPageSourceFileTest" classname="Hyde.Framework.Testing.Feature.Actions.CreatesNewPageSourceFileTest" file="/home/runner/work/develop/develop/packages/framework/tests/Feature/Actions/CreatesNewPageSourceFileTest.php" line="122" assertions="2" time="0.024266"/>
        <testcase name="test_that_the_file_path_can_be_returned" class="Hyde\Framework\Testing\Feature\Actions\CreatesNewPageSourceFileTest" classname="Hyde.Framework.Testing.Feature.Actions.CreatesNewPageSourceFileTest" file="/home/runner/work/develop/develop/packages/framework/tests/Feature/Actions/CreatesNewPageSourceFileTest.php" line="136" assertions="2" time="0.024581"/>
        <testcase name="test_file_is_created_using_slug_generated_from_title" class="Hyde\Framework\Testing\Feature\Actions\CreatesNewPageSourceFileTest" classname="Hyde.Framework.Testing.Feature.Actions.CreatesNewPageSourceFileTest" file="/home/runner/work/develop/develop/packages/framework/tests/Feature/Actions/CreatesNewPageSourceFileTest.php" line="152" assertions="1" time="0.024216"/>
        <testcase name="test_action_can_generate_nested_pages" class="Hyde\Framework\Testing\Feature\Actions\CreatesNewPageSourceFileTest" classname="Hyde.Framework.Testing.Feature.Actions.CreatesNewPageSourceFileTest" file="/home/runner/work/develop/develop/packages/framework/tests/Feature/Actions/CreatesNewPageSourceFileTest.php" line="159" assertions="1" time="0.024599"/>
        <testcase name="test_can_create_deeply_nested_pages" class="Hyde\Framework\Testing\Feature\Actions\CreatesNewPageSourceFileTest" classname="Hyde.Framework.Testing.Feature.Actions.CreatesNewPageSourceFileTest" file="/home/runner/work/develop/develop/packages/framework/tests/Feature/Actions/CreatesNewPageSourceFileTest.php" line="166" assertions="1" time="0.024732"/>
      </testsuite>
      <testsuite name="Hyde\Framework\Testing\Feature\Actions\GeneratesSidebarTableOfContentsTest" file="/home/runner/work/develop/develop/packages/framework/tests/Feature/Actions/GeneratesSidebarTableOfContentsTest.php" tests="9" assertions="13" errors="0" warnings="0" failures="0" skipped="0" time="0.066900">
        <testcase name="testCanGenerateTableOfContents" class="Hyde\Framework\Testing\Feature\Actions\GeneratesSidebarTableOfContentsTest" classname="Hyde.Framework.Testing.Feature.Actions.GeneratesSidebarTableOfContentsTest" file="/home/runner/work/develop/develop/packages/framework/tests/Feature/Actions/GeneratesSidebarTableOfContentsTest.php" line="22" assertions="4" time="0.027083"/>
        <testcase name="testReturnStringContainsExpectedContent" class="Hyde\Framework\Testing\Feature\Actions\GeneratesSidebarTableOfContentsTest" classname="Hyde.Framework.Testing.Feature.Actions.GeneratesSidebarTableOfContentsTest" file="/home/runner/work/develop/develop/packages/framework/tests/Feature/Actions/GeneratesSidebarTableOfContentsTest.php" line="33" assertions="1" time="0.003319"/>
        <testcase name="testCanGenerateTableOfContentsForDocumentUsingSetextHeaders" class="Hyde\Framework\Testing\Feature\Actions\GeneratesSidebarTableOfContentsTest" classname="Hyde.Framework.Testing.Feature.Actions.GeneratesSidebarTableOfContentsTest" file="/home/runner/work/develop/develop/packages/framework/tests/Feature/Actions/GeneratesSidebarTableOfContentsTest.php" line="56" assertions="2" time="0.014520"/>
        <testcase name="testNonHeadingMarkdownIsRemoved" class="Hyde\Framework\Testing\Feature\Actions\GeneratesSidebarTableOfContentsTest" classname="Hyde.Framework.Testing.Feature.Actions.GeneratesSidebarTableOfContentsTest" file="/home/runner/work/develop/develop/packages/framework/tests/Feature/Actions/GeneratesSidebarTableOfContentsTest.php" line="91" assertions="1" time="0.005915"/>
        <testcase name="testWithNoLevelOneHeading" class="Hyde\Framework\Testing\Feature\Actions\GeneratesSidebarTableOfContentsTest" classname="Hyde.Framework.Testing.Feature.Actions.GeneratesSidebarTableOfContentsTest" file="/home/runner/work/develop/develop/packages/framework/tests/Feature/Actions/GeneratesSidebarTableOfContentsTest.php" line="114" assertions="1" time="0.002825"/>
        <testcase name="testWithMultipleNestedHeadings" class="Hyde\Framework\Testing\Feature\Actions\GeneratesSidebarTableOfContentsTest" classname="Hyde.Framework.Testing.Feature.Actions.GeneratesSidebarTableOfContentsTest" file="/home/runner/work/develop/develop/packages/framework/tests/Feature/Actions/GeneratesSidebarTableOfContentsTest.php" line="136" assertions="1" time="0.005216"/>
        <testcase name="testWithMultipleLevelOneHeadings" class="Hyde\Framework\Testing\Feature\Actions\GeneratesSidebarTableOfContentsTest" classname="Hyde.Framework.Testing.Feature.Actions.GeneratesSidebarTableOfContentsTest" file="/home/runner/work/develop/develop/packages/framework/tests/Feature/Actions/GeneratesSidebarTableOfContentsTest.php" line="192" assertions="1" time="0.003787"/>
        <testcase name="testWithNoHeadings" class="Hyde\Framework\Testing\Feature\Actions\GeneratesSidebarTableOfContentsTest" classname="Hyde.Framework.Testing.Feature.Actions.GeneratesSidebarTableOfContentsTest" file="/home/runner/work/develop/develop/packages/framework/tests/Feature/Actions/GeneratesSidebarTableOfContentsTest.php" line="226" assertions="1" time="0.002417"/>
        <testcase name="testWithNoContent" class="Hyde\Framework\Testing\Feature\Actions\GeneratesSidebarTableOfContentsTest" classname="Hyde.Framework.Testing.Feature.Actions.GeneratesSidebarTableOfContentsTest" file="/home/runner/work/develop/develop/packages/framework/tests/Feature/Actions/GeneratesSidebarTableOfContentsTest.php" line="231" assertions="1" time="0.001818"/>
      </testsuite>
      <testsuite name="Hyde\Framework\Testing\Feature\AssetServiceTest" file="/home/runner/work/develop/develop/packages/framework/tests/Feature/AssetServiceTest.php" tests="3" assertions="6" errors="0" warnings="0" failures="0" skipped="0" time="0.067804">
        <testcase name="test_media_link_returns_media_path_with_cache_key" class="Hyde\Framework\Testing\Feature\AssetServiceTest" classname="Hyde.Framework.Testing.Feature.AssetServiceTest" file="/home/runner/work/develop/develop/packages/framework/tests/Feature/AssetServiceTest.php" line="18" assertions="2" time="0.022379"/>
        <testcase name="test_media_link_returns_media_path_without_cache_key_if_cache_busting_is_disabled" class="Hyde\Framework\Testing\Feature\AssetServiceTest" classname="Hyde.Framework.Testing.Feature.AssetServiceTest" file="/home/runner/work/develop/develop/packages/framework/tests/Feature/AssetServiceTest.php" line="25" assertions="2" time="0.022058"/>
        <testcase name="test_media_link_supports_custom_media_directories" class="Hyde\Framework\Testing\Feature\AssetServiceTest" classname="Hyde.Framework.Testing.Feature.AssetServiceTest" file="/home/runner/work/develop/develop/packages/framework/tests/Feature/AssetServiceTest.php" line="33" assertions="2" time="0.023366"/>
      </testsuite>
      <testsuite name="Hyde\Framework\Testing\Feature\AuthorPostsIntegrationTest" file="/home/runner/work/develop/develop/packages/framework/tests/Feature/AuthorPostsIntegrationTest.php" tests="3" assertions="15" errors="0" warnings="0" failures="0" skipped="0" time="0.171537">
        <testcase name="test_create_post_with_undefined_author" class="Hyde\Framework\Testing\Feature\AuthorPostsIntegrationTest" classname="Hyde.Framework.Testing.Feature.AuthorPostsIntegrationTest" file="/home/runner/work/develop/develop/packages/framework/tests/Feature/AuthorPostsIntegrationTest.php" line="36" assertions="4" time="0.078144"/>
        <testcase name="test_create_post_with_defined_author_with_name" class="Hyde\Framework\Testing\Feature\AuthorPostsIntegrationTest" classname="Hyde.Framework.Testing.Feature.AuthorPostsIntegrationTest" file="/home/runner/work/develop/develop/packages/framework/tests/Feature/AuthorPostsIntegrationTest.php" line="69" assertions="5" time="0.046176"/>
        <testcase name="test_create_post_with_defined_author_with_website" class="Hyde\Framework\Testing\Feature\AuthorPostsIntegrationTest" classname="Hyde.Framework.Testing.Feature.AuthorPostsIntegrationTest" file="/home/runner/work/develop/develop/packages/framework/tests/Feature/AuthorPostsIntegrationTest.php" line="107" assertions="6" time="0.047218"/>
      </testsuite>
      <testsuite name="Hyde\Framework\Testing\Feature\BladeMatterParserTest" file="/home/runner/work/develop/develop/packages/framework/tests/Feature/BladeMatterParserTest.php" tests="15" assertions="38" errors="0" warnings="0" failures="0" skipped="0" time="0.332114">
        <testcase name="test_can_parse_front_matter" class="Hyde\Framework\Testing\Feature\BladeMatterParserTest" classname="Hyde.Framework.Testing.Feature.BladeMatterParserTest" file="/home/runner/work/develop/develop/packages/framework/tests/Feature/BladeMatterParserTest.php" line="16" assertions="1" time="0.021740"/>
        <testcase name="test_parse_string_helper_method" class="Hyde\Framework\Testing\Feature\BladeMatterParserTest" classname="Hyde.Framework.Testing.Feature.BladeMatterParserTest" file="/home/runner/work/develop/develop/packages/framework/tests/Feature/BladeMatterParserTest.php" line="23" assertions="1" time="0.021879"/>
        <testcase name="test_parse_file_helper_method" class="Hyde\Framework\Testing\Feature\BladeMatterParserTest" classname="Hyde.Framework.Testing.Feature.BladeMatterParserTest" file="/home/runner/work/develop/develop/packages/framework/tests/Feature/BladeMatterParserTest.php" line="31" assertions="1" time="0.022643"/>
        <testcase name="test_can_parse_multiple_front_matter_lines" class="Hyde\Framework\Testing\Feature\BladeMatterParserTest" classname="Hyde.Framework.Testing.Feature.BladeMatterParserTest" file="/home/runner/work/develop/develop/packages/framework/tests/Feature/BladeMatterParserTest.php" line="40" assertions="1" time="0.022243"/>
        <testcase name="test_can_parse_front_matter_with_various_formats" class="Hyde\Framework\Testing\Feature\BladeMatterParserTest" classname="Hyde.Framework.Testing.Feature.BladeMatterParserTest" file="/home/runner/work/develop/develop/packages/framework/tests/Feature/BladeMatterParserTest.php" line="50" assertions="4" time="0.022251"/>
        <testcase name="test_can_parse_front_matter_with_array" class="Hyde\Framework\Testing\Feature\BladeMatterParserTest" classname="Hyde.Framework.Testing.Feature.BladeMatterParserTest" file="/home/runner/work/develop/develop/packages/framework/tests/Feature/BladeMatterParserTest.php" line="64" assertions="1" time="0.022170"/>
        <testcase name="test_line_matches_front_matter" class="Hyde\Framework\Testing\Feature\BladeMatterParserTest" classname="Hyde.Framework.Testing.Feature.BladeMatterParserTest" file="/home/runner/work/develop/develop/packages/framework/tests/Feature/BladeMatterParserTest.php" line="70" assertions="2" time="0.022380"/>
        <testcase name="test_directive_cannot_have_leading_whitespace" class="Hyde\Framework\Testing\Feature\BladeMatterParserTest" classname="Hyde.Framework.Testing.Feature.BladeMatterParserTest" file="/home/runner/work/develop/develop/packages/framework/tests/Feature/BladeMatterParserTest.php" line="76" assertions="1" time="0.022153"/>
        <testcase name="test_directive_signature_cannot_contain_whitespace" class="Hyde\Framework\Testing\Feature\BladeMatterParserTest" classname="Hyde.Framework.Testing.Feature.BladeMatterParserTest" file="/home/runner/work/develop/develop/packages/framework/tests/Feature/BladeMatterParserTest.php" line="81" assertions="3" time="0.022167"/>
        <testcase name="test_extract_key" class="Hyde\Framework\Testing\Feature\BladeMatterParserTest" classname="Hyde.Framework.Testing.Feature.BladeMatterParserTest" file="/home/runner/work/develop/develop/packages/framework/tests/Feature/BladeMatterParserTest.php" line="88" assertions="1" time="0.022237"/>
        <testcase name="test_extract_value" class="Hyde\Framework\Testing\Feature\BladeMatterParserTest" classname="Hyde.Framework.Testing.Feature.BladeMatterParserTest" file="/home/runner/work/develop/develop/packages/framework/tests/Feature/BladeMatterParserTest.php" line="93" assertions="1" time="0.021963"/>
        <testcase name="test_get_value_with_type" class="Hyde\Framework\Testing\Feature\BladeMatterParserTest" classname="Hyde.Framework.Testing.Feature.BladeMatterParserTest" file="/home/runner/work/develop/develop/packages/framework/tests/Feature/BladeMatterParserTest.php" line="98" assertions="11" time="0.022103"/>
        <testcase name="test_parse_array_string" class="Hyde\Framework\Testing\Feature\BladeMatterParserTest" classname="Hyde.Framework.Testing.Feature.BladeMatterParserTest" file="/home/runner/work/develop/develop/packages/framework/tests/Feature/BladeMatterParserTest.php" line="113" assertions="8" time="0.022166"/>
        <testcase name="test_parse_invalid_array_string" class="Hyde\Framework\Testing\Feature\BladeMatterParserTest" classname="Hyde.Framework.Testing.Feature.BladeMatterParserTest" file="/home/runner/work/develop/develop/packages/framework/tests/Feature/BladeMatterParserTest.php" line="126" assertions="1" time="0.021980"/>
        <testcase name="test_parse_multidimensional_array_string" class="Hyde\Framework\Testing\Feature\BladeMatterParserTest" classname="Hyde.Framework.Testing.Feature.BladeMatterParserTest" file="/home/runner/work/develop/develop/packages/framework/tests/Feature/BladeMatterParserTest.php" line="132" assertions="1" time="0.022038"/>
      </testsuite>
      <testsuite name="Hyde\Framework\Testing\Feature\ColoredBlockquoteShortcodesTest" file="/home/runner/work/develop/develop/packages/framework/tests/Feature/ColoredBlockquoteShortcodesTest.php" tests="3" assertions="4" errors="0" warnings="0" failures="0" skipped="0" time="0.004667">
        <testcase name="testGetMethod" class="Hyde\Framework\Testing\Feature\ColoredBlockquoteShortcodesTest" classname="Hyde.Framework.Testing.Feature.ColoredBlockquoteShortcodesTest" file="/home/runner/work/develop/develop/packages/framework/tests/Feature/ColoredBlockquoteShortcodesTest.php" line="17" assertions="2" time="0.000827"/>
        <testcase name="testResolveMethod" class="Hyde\Framework\Testing\Feature\ColoredBlockquoteShortcodesTest" classname="Hyde.Framework.Testing.Feature.ColoredBlockquoteShortcodesTest" file="/home/runner/work/develop/develop/packages/framework/tests/Feature/ColoredBlockquoteShortcodesTest.php" line="25" assertions="1" time="0.001684"/>
        <testcase name="testCanUseMarkdownWithinBlockquote" class="Hyde\Framework\Testing\Feature\ColoredBlockquoteShortcodesTest" classname="Hyde.Framework.Testing.Feature.ColoredBlockquoteShortcodesTest" file="/home/runner/work/develop/develop/packages/framework/tests/Feature/ColoredBlockquoteShortcodesTest.php" line="33" assertions="1" time="0.002156"/>
      </testsuite>
      <testsuite name="Hyde\Framework\Testing\Feature\CommandTest" file="/home/runner/work/develop/develop/packages/framework/tests/Feature/CommandTest.php" tests="20" assertions="22" errors="0" warnings="0" failures="0" skipped="0" time="0.027961">
        <testcase name="testUserExitConstant" class="Hyde\Framework\Testing\Feature\CommandTest" classname="Hyde.Framework.Testing.Feature.CommandTest" file="/home/runner/work/develop/develop/packages/framework/tests/Feature/CommandTest.php" line="32" assertions="1" time="0.000365"/>
        <testcase name="testFileLinkHelperCreatesLinkForExistingFile" class="Hyde\Framework\Testing\Feature\CommandTest" classname="Hyde.Framework.Testing.Feature.CommandTest" file="/home/runner/work/develop/develop/packages/framework/tests/Feature/CommandTest.php" line="37" assertions="1" time="0.000756"/>
        <testcase name="testFileLinkHelperCreatesLinkForNonExistingFile" class="Hyde\Framework\Testing\Feature\CommandTest" classname="Hyde.Framework.Testing.Feature.CommandTest" file="/home/runner/work/develop/develop/packages/framework/tests/Feature/CommandTest.php" line="49" assertions="1" time="0.000672"/>
        <testcase name="testFileLinkHelperWithCustomLabel" class="Hyde\Framework\Testing\Feature\CommandTest" classname="Hyde.Framework.Testing.Feature.CommandTest" file="/home/runner/work/develop/develop/packages/framework/tests/Feature/CommandTest.php" line="57" assertions="1" time="0.000659"/>
        <testcase name="testFileLinkHelperWithAbsolutePathInput" class="Hyde\Framework\Testing\Feature\CommandTest" classname="Hyde.Framework.Testing.Feature.CommandTest" file="/home/runner/work/develop/develop/packages/framework/tests/Feature/CommandTest.php" line="65" assertions="1" time="0.000710"/>
        <testcase name="testFileLinkHelperWithAbsolutePathInputAndCustomLabel" class="Hyde\Framework\Testing\Feature\CommandTest" classname="Hyde.Framework.Testing.Feature.CommandTest" file="/home/runner/work/develop/develop/packages/framework/tests/Feature/CommandTest.php" line="73" assertions="1" time="0.000707"/>
        <testcase name="testFileLinkHelperWithAbsolutePathAndRealFile" class="Hyde\Framework\Testing\Feature\CommandTest" classname="Hyde.Framework.Testing.Feature.CommandTest" file="/home/runner/work/develop/develop/packages/framework/tests/Feature/CommandTest.php" line="81" assertions="1" time="0.000818"/>
        <testcase name="testInfoComment" class="Hyde\Framework\Testing\Feature\CommandTest" classname="Hyde.Framework.Testing.Feature.CommandTest" file="/home/runner/work/develop/develop/packages/framework/tests/Feature/CommandTest.php" line="93" assertions="1" time="0.006199"/>
        <testcase name="testInfoCommentWithExtraInfo" class="Hyde\Framework\Testing\Feature\CommandTest" classname="Hyde.Framework.Testing.Feature.CommandTest" file="/home/runner/work/develop/develop/packages/framework/tests/Feature/CommandTest.php" line="109" assertions="1" time="0.001045"/>
        <testcase name="testInfoCommentWithExtraInfoAndComments" class="Hyde\Framework\Testing\Feature\CommandTest" classname="Hyde.Framework.Testing.Feature.CommandTest" file="/home/runner/work/develop/develop/packages/framework/tests/Feature/CommandTest.php" line="125" assertions="1" time="0.000965"/>
        <testcase name="testHref" class="Hyde\Framework\Testing\Feature\CommandTest" classname="Hyde.Framework.Testing.Feature.CommandTest" file="/home/runner/work/develop/develop/packages/framework/tests/Feature/CommandTest.php" line="141" assertions="1" time="0.000772"/>
        <testcase name="testInlineGray" class="Hyde\Framework\Testing\Feature\CommandTest" classname="Hyde.Framework.Testing.Feature.CommandTest" file="/home/runner/work/develop/develop/packages/framework/tests/Feature/CommandTest.php" line="148" assertions="1" time="0.000757"/>
        <testcase name="testGray" class="Hyde\Framework\Testing\Feature\CommandTest" classname="Hyde.Framework.Testing.Feature.CommandTest" file="/home/runner/work/develop/develop/packages/framework/tests/Feature/CommandTest.php" line="155" assertions="1" time="0.001003"/>
        <testcase name="testIndentedLine" class="Hyde\Framework\Testing\Feature\CommandTest" classname="Hyde.Framework.Testing.Feature.CommandTest" file="/home/runner/work/develop/develop/packages/framework/tests/Feature/CommandTest.php" line="160" assertions="1" time="0.000991"/>
        <testcase name="testIndentedLineWithMultipleIndentations" class="Hyde\Framework\Testing\Feature\CommandTest" classname="Hyde.Framework.Testing.Feature.CommandTest" file="/home/runner/work/develop/develop/packages/framework/tests/Feature/CommandTest.php" line="165" assertions="1" time="0.000988"/>
        <testcase name="testIndentedLineWithNoIndentation" class="Hyde\Framework\Testing\Feature\CommandTest" classname="Hyde.Framework.Testing.Feature.CommandTest" file="/home/runner/work/develop/develop/packages/framework/tests/Feature/CommandTest.php" line="170" assertions="1" time="0.000992"/>
        <testcase name="testHandleCallsBaseSafeHandle" class="Hyde\Framework\Testing\Feature\CommandTest" classname="Hyde.Framework.Testing.Feature.CommandTest" file="/home/runner/work/develop/develop/packages/framework/tests/Feature/CommandTest.php" line="175" assertions="1" time="0.000671"/>
        <testcase name="testHandleCallsChildSafeHandle" class="Hyde\Framework\Testing\Feature\CommandTest" classname="Hyde.Framework.Testing.Feature.CommandTest" file="/home/runner/work/develop/develop/packages/framework/tests/Feature/CommandTest.php" line="180" assertions="1" time="0.000674"/>
        <testcase name="testSafeHandleException" class="Hyde\Framework\Testing\Feature\CommandTest" classname="Hyde.Framework.Testing.Feature.CommandTest" file="/home/runner/work/develop/develop/packages/framework/tests/Feature/CommandTest.php" line="185" assertions="2" time="0.007149"/>
        <testcase name="testCanEnableThrowOnException" class="Hyde\Framework\Testing\Feature\CommandTest" classname="Hyde.Framework.Testing.Feature.CommandTest" file="/home/runner/work/develop/develop/packages/framework/tests/Feature/CommandTest.php" line="203" assertions="2" time="0.001067"/>
      </testsuite>
      <testsuite name="Hyde\Framework\Testing\Feature\Commands\BuildRssFeedCommandTest" file="/home/runner/work/develop/develop/packages/framework/tests/Feature/Commands/BuildRssFeedCommandTest.php" tests="2" assertions="8" errors="0" warnings="0" failures="0" skipped="0" time="0.065105">
        <testcase name="test_rss_feed_is_generated_when_conditions_are_met" class="Hyde\Framework\Testing\Feature\Commands\BuildRssFeedCommandTest" classname="Hyde.Framework.Testing.Feature.Commands.BuildRssFeedCommandTest" file="/home/runner/work/develop/develop/packages/framework/tests/Feature/Commands/BuildRssFeedCommandTest.php" line="17" assertions="3" time="0.032764"/>
        <testcase name="test_rss_filename_can_be_changed" class="Hyde\Framework\Testing\Feature\Commands\BuildRssFeedCommandTest" classname="Hyde.Framework.Testing.Feature.Commands.BuildRssFeedCommandTest" file="/home/runner/work/develop/develop/packages/framework/tests/Feature/Commands/BuildRssFeedCommandTest.php" line="30" assertions="5" time="0.032341"/>
      </testsuite>
      <testsuite name="Hyde\Framework\Testing\Feature\Commands\BuildSearchCommandTest" file="/home/runner/work/develop/develop/packages/framework/tests/Feature/Commands/BuildSearchCommandTest.php" tests="8" assertions="22" errors="0" warnings="0" failures="0" skipped="0" time="0.342758">
        <testcase name="test_it_creates_the_search_json_file" class="Hyde\Framework\Testing\Feature\Commands\BuildSearchCommandTest" classname="Hyde.Framework.Testing.Feature.Commands.BuildSearchCommandTest" file="/home/runner/work/develop/develop/packages/framework/tests/Feature/Commands/BuildSearchCommandTest.php" line="19" assertions="3" time="0.063852"/>
        <testcase name="test_it_creates_the_search_page" class="Hyde\Framework\Testing\Feature\Commands\BuildSearchCommandTest" classname="Hyde.Framework.Testing.Feature.Commands.BuildSearchCommandTest" file="/home/runner/work/develop/develop/packages/framework/tests/Feature/Commands/BuildSearchCommandTest.php" line="30" assertions="3" time="0.040484"/>
        <testcase name="test_it_does_not_create_the_search_page_if_disabled" class="Hyde\Framework\Testing\Feature\Commands\BuildSearchCommandTest" classname="Hyde.Framework.Testing.Feature.Commands.BuildSearchCommandTest" file="/home/runner/work/develop/develop/packages/framework/tests/Feature/Commands/BuildSearchCommandTest.php" line="41" assertions="2" time="0.030616"/>
        <testcase name="test_it_does_not_display_the_estimation_message_when_it_is_less_than_1_second" class="Hyde\Framework\Testing\Feature\Commands\BuildSearchCommandTest" classname="Hyde.Framework.Testing.Feature.Commands.BuildSearchCommandTest" file="/home/runner/work/develop/develop/packages/framework/tests/Feature/Commands/BuildSearchCommandTest.php" line="51" assertions="2" time="0.040976"/>
        <testcase name="test_search_files_can_be_generated_for_custom_docs_output_directory" class="Hyde\Framework\Testing\Feature\Commands\BuildSearchCommandTest" classname="Hyde.Framework.Testing.Feature.Commands.BuildSearchCommandTest" file="/home/runner/work/develop/develop/packages/framework/tests/Feature/Commands/BuildSearchCommandTest.php" line="61" assertions="3" time="0.041675"/>
        <testcase name="test_search_files_can_be_generated_for_custom_site_output_directory" class="Hyde\Framework\Testing\Feature\Commands\BuildSearchCommandTest" classname="Hyde.Framework.Testing.Feature.Commands.BuildSearchCommandTest" file="/home/runner/work/develop/develop/packages/framework/tests/Feature/Commands/BuildSearchCommandTest.php" line="72" assertions="3" time="0.041576"/>
        <testcase name="test_search_files_can_be_generated_for_custom_site_and_docs_output_directories" class="Hyde\Framework\Testing\Feature\Commands\BuildSearchCommandTest" classname="Hyde.Framework.Testing.Feature.Commands.BuildSearchCommandTest" file="/home/runner/work/develop/develop/packages/framework/tests/Feature/Commands/BuildSearchCommandTest.php" line="83" assertions="3" time="0.041787"/>
        <testcase name="test_search_files_can_be_generated_for_custom_site_and_nested_docs_output_directories" class="Hyde\Framework\Testing\Feature\Commands\BuildSearchCommandTest" classname="Hyde.Framework.Testing.Feature.Commands.BuildSearchCommandTest" file="/home/runner/work/develop/develop/packages/framework/tests/Feature/Commands/BuildSearchCommandTest.php" line="95" assertions="3" time="0.041793"/>
      </testsuite>
      <testsuite name="Hyde\Framework\Testing\Feature\Commands\BuildSitemapCommandTest" file="/home/runner/work/develop/develop/packages/framework/tests/Feature/Commands/BuildSitemapCommandTest.php" tests="1" assertions="3" errors="0" warnings="0" failures="0" skipped="0" time="0.029515">
        <testcase name="test_sitemap_is_generated_when_conditions_are_met" class="Hyde\Framework\Testing\Feature\Commands\BuildSitemapCommandTest" classname="Hyde.Framework.Testing.Feature.Commands.BuildSitemapCommandTest" file="/home/runner/work/develop/develop/packages/framework/tests/Feature/Commands/BuildSitemapCommandTest.php" line="17" assertions="3" time="0.029515"/>
      </testsuite>
      <testsuite name="Hyde\Framework\Testing\Feature\Commands\ChangeSourceDirectoryCommandTest" file="/home/runner/work/develop/develop/packages/framework/tests/Feature/Commands/ChangeSourceDirectoryCommandTest.php" tests="6" assertions="38" errors="0" warnings="0" failures="0" skipped="0" time="0.176451">
        <testcase name="test_command_moves_source_directories_to_new_supplied_directory_and_updates_the_configuration_file" class="Hyde\Framework\Testing\Feature\Commands\ChangeSourceDirectoryCommandTest" classname="Hyde.Framework.Testing.Feature.Commands.ChangeSourceDirectoryCommandTest" file="/home/runner/work/develop/develop/packages/framework/tests/Feature/Commands/ChangeSourceDirectoryCommandTest.php" line="16" assertions="15" time="0.031099"/>
        <testcase name="test_with_missing_config_search_string" class="Hyde\Framework\Testing\Feature\Commands\ChangeSourceDirectoryCommandTest" classname="Hyde.Framework.Testing.Feature.Commands.ChangeSourceDirectoryCommandTest" file="/home/runner/work/develop/develop/packages/framework/tests/Feature/Commands/ChangeSourceDirectoryCommandTest.php" line="54" assertions="15" time="0.032805"/>
        <testcase name="test_with_name_matching_current_value" class="Hyde\Framework\Testing\Feature\Commands\ChangeSourceDirectoryCommandTest" classname="Hyde.Framework.Testing.Feature.Commands.ChangeSourceDirectoryCommandTest" file="/home/runner/work/develop/develop/packages/framework/tests/Feature/Commands/ChangeSourceDirectoryCommandTest.php" line="93" assertions="2" time="0.030587"/>
        <testcase name="test_with_existing_directory" class="Hyde\Framework\Testing\Feature\Commands\ChangeSourceDirectoryCommandTest" classname="Hyde.Framework.Testing.Feature.Commands.ChangeSourceDirectoryCommandTest" file="/home/runner/work/develop/develop/packages/framework/tests/Feature/Commands/ChangeSourceDirectoryCommandTest.php" line="100" assertions="2" time="0.028282"/>
        <testcase name="test_with_target_containing_subdirectory_file" class="Hyde\Framework\Testing\Feature\Commands\ChangeSourceDirectoryCommandTest" classname="Hyde.Framework.Testing.Feature.Commands.ChangeSourceDirectoryCommandTest" file="/home/runner/work/develop/develop/packages/framework/tests/Feature/Commands/ChangeSourceDirectoryCommandTest.php" line="111" assertions="2" time="0.027515"/>
        <testcase name="test_with_target_being_file" class="Hyde\Framework\Testing\Feature\Commands\ChangeSourceDirectoryCommandTest" classname="Hyde.Framework.Testing.Feature.Commands.ChangeSourceDirectoryCommandTest" file="/home/runner/work/develop/develop/packages/framework/tests/Feature/Commands/ChangeSourceDirectoryCommandTest.php" line="121" assertions="2" time="0.026163"/>
      </testsuite>
      <testsuite name="Hyde\Framework\Testing\Feature\Commands\DebugCommandTest" file="/home/runner/work/develop/develop/packages/framework/tests/Feature/Commands/DebugCommandTest.php" tests="3" assertions="15" errors="0" warnings="0" failures="0" skipped="0" time="0.087522">
        <testcase name="test_debug_command_can_run" class="Hyde\Framework\Testing\Feature\Commands\DebugCommandTest" classname="Hyde.Framework.Testing.Feature.Commands.DebugCommandTest" file="/home/runner/work/develop/develop/packages/framework/tests/Feature/Commands/DebugCommandTest.php" line="21" assertions="1" time="0.027854"/>
        <testcase name="test_it_prints_debug_information" class="Hyde\Framework\Testing\Feature\Commands\DebugCommandTest" classname="Hyde.Framework.Testing.Feature.Commands.DebugCommandTest" file="/home/runner/work/develop/develop/packages/framework/tests/Feature/Commands/DebugCommandTest.php" line="26" assertions="8" time="0.029851"/>
        <testcase name="test_it_prints_verbose_debug_information" class="Hyde\Framework\Testing\Feature\Commands\DebugCommandTest" classname="Hyde.Framework.Testing.Feature.Commands.DebugCommandTest" file="/home/runner/work/develop/develop/packages/framework/tests/Feature/Commands/DebugCommandTest.php" line="39" assertions="6" time="0.029817"/>
      </testsuite>
      <testsuite name="Hyde\Framework\Testing\Feature\Commands\MakePageCommandTest" file="/home/runner/work/develop/develop/packages/framework/tests/Feature/Commands/MakePageCommandTest.php" tests="14" assertions="34" errors="0" warnings="0" failures="0" skipped="0" time="0.398142">
        <testcase name="test_command_can_run" class="Hyde\Framework\Testing\Feature\Commands\MakePageCommandTest" classname="Hyde.Framework.Testing.Feature.Commands.MakePageCommandTest" file="/home/runner/work/develop/develop/packages/framework/tests/Feature/Commands/MakePageCommandTest.php" line="42" assertions="1" time="0.027730"/>
        <testcase name="test_command_output" class="Hyde\Framework\Testing\Feature\Commands\MakePageCommandTest" classname="Hyde.Framework.Testing.Feature.Commands.MakePageCommandTest" file="/home/runner/work/develop/develop/packages/framework/tests/Feature/Commands/MakePageCommandTest.php" line="47" assertions="3" time="0.028851"/>
        <testcase name="test_command_allows_user_to_specify_page_type" class="Hyde\Framework\Testing\Feature\Commands\MakePageCommandTest" classname="Hyde.Framework.Testing.Feature.Commands.MakePageCommandTest" file="/home/runner/work/develop/develop/packages/framework/tests/Feature/Commands/MakePageCommandTest.php" line="55" assertions="2" time="0.031802"/>
        <testcase name="test_type_option_is_case_insensitive" class="Hyde\Framework\Testing\Feature\Commands\MakePageCommandTest" classname="Hyde.Framework.Testing.Feature.Commands.MakePageCommandTest" file="/home/runner/work/develop/develop/packages/framework/tests/Feature/Commands/MakePageCommandTest.php" line="61" assertions="2" time="0.031762"/>
        <testcase name="test_command_fails_if_user_specifies_invalid_page_type" class="Hyde\Framework\Testing\Feature\Commands\MakePageCommandTest" classname="Hyde.Framework.Testing.Feature.Commands.MakePageCommandTest" file="/home/runner/work/develop/develop/packages/framework/tests/Feature/Commands/MakePageCommandTest.php" line="67" assertions="3" time="0.025784"/>
        <testcase name="test_command_creates_markdown_file" class="Hyde\Framework\Testing\Feature\Commands\MakePageCommandTest" classname="Hyde.Framework.Testing.Feature.Commands.MakePageCommandTest" file="/home/runner/work/develop/develop/packages/framework/tests/Feature/Commands/MakePageCommandTest.php" line="75" assertions="2" time="0.028109"/>
        <testcase name="test_command_creates_blade_file" class="Hyde\Framework\Testing\Feature\Commands\MakePageCommandTest" classname="Hyde.Framework.Testing.Feature.Commands.MakePageCommandTest" file="/home/runner/work/develop/develop/packages/framework/tests/Feature/Commands/MakePageCommandTest.php" line="82" assertions="2" time="0.026916"/>
        <testcase name="test_command_creates_documentation_file" class="Hyde\Framework\Testing\Feature\Commands\MakePageCommandTest" classname="Hyde.Framework.Testing.Feature.Commands.MakePageCommandTest" file="/home/runner/work/develop/develop/packages/framework/tests/Feature/Commands/MakePageCommandTest.php" line="89" assertions="2" time="0.028272"/>
        <testcase name="test_command_fails_if_file_already_exists" class="Hyde\Framework\Testing\Feature\Commands\MakePageCommandTest" classname="Hyde.Framework.Testing.Feature.Commands.MakePageCommandTest" file="/home/runner/work/develop/develop/packages/framework/tests/Feature/Commands/MakePageCommandTest.php" line="97" assertions="3" time="0.026176"/>
        <testcase name="test_command_overwrites_existing_files_when_force_option_is_used" class="Hyde\Framework\Testing\Feature\Commands\MakePageCommandTest" classname="Hyde.Framework.Testing.Feature.Commands.MakePageCommandTest" file="/home/runner/work/develop/develop/packages/framework/tests/Feature/Commands/MakePageCommandTest.php" line="109" assertions="2" time="0.028772"/>
        <testcase name="test_command_prompts_for_title_if_it_was_not_specified" class="Hyde\Framework\Testing\Feature\Commands\MakePageCommandTest" classname="Hyde.Framework.Testing.Feature.Commands.MakePageCommandTest" file="/home/runner/work/develop/develop/packages/framework/tests/Feature/Commands/MakePageCommandTest.php" line="118" assertions="3" time="0.029192"/>
        <testcase name="test_command_falls_back_to_default_title_if_user_enters_nothing" class="Hyde\Framework\Testing\Feature\Commands\MakePageCommandTest" classname="Hyde.Framework.Testing.Feature.Commands.MakePageCommandTest" file="/home/runner/work/develop/develop/packages/framework/tests/Feature/Commands/MakePageCommandTest.php" line="128" assertions="3" time="0.028689"/>
        <testcase name="test_page_type_shorthand_can_be_used_to_create_blade_pages" class="Hyde\Framework\Testing\Feature\Commands\MakePageCommandTest" classname="Hyde.Framework.Testing.Feature.Commands.MakePageCommandTest" file="/home/runner/work/develop/develop/packages/framework/tests/Feature/Commands/MakePageCommandTest.php" line="138" assertions="3" time="0.027338"/>
        <testcase name="test_page_type_shorthand_can_be_used_to_create_documentation_pages" class="Hyde\Framework\Testing\Feature\Commands\MakePageCommandTest" classname="Hyde.Framework.Testing.Feature.Commands.MakePageCommandTest" file="/home/runner/work/develop/develop/packages/framework/tests/Feature/Commands/MakePageCommandTest.php" line="147" assertions="3" time="0.028748"/>
      </testsuite>
      <testsuite name="Hyde\Framework\Testing\Feature\Commands\MakePostCommandTest" file="/home/runner/work/develop/develop/packages/framework/tests/Feature/Commands/MakePostCommandTest.php" tests="5" assertions="48" errors="0" warnings="0" failures="0" skipped="0" time="0.155059">
        <testcase name="test_command_has_expected_output_and_creates_valid_file" class="Hyde\Framework\Testing\Feature\Commands\MakePostCommandTest" classname="Hyde.Framework.Testing.Feature.Commands.MakePostCommandTest" file="/home/runner/work/develop/develop/packages/framework/tests/Feature/Commands/MakePostCommandTest.php" line="13" assertions="16" time="0.031569"/>
        <testcase name="test_that_files_are_not_overwritten_when_force_flag_is_not_set" class="Hyde\Framework\Testing\Feature\Commands\MakePostCommandTest" classname="Hyde.Framework.Testing.Feature.Commands.MakePostCommandTest" file="/home/runner/work/develop/develop/packages/framework/tests/Feature/Commands/MakePostCommandTest.php" line="45" assertions="9" time="0.031491"/>
        <testcase name="test_that_files_are_overwritten_when_force_flag_is_set" class="Hyde\Framework\Testing\Feature\Commands\MakePostCommandTest" classname="Hyde.Framework.Testing.Feature.Commands.MakePostCommandTest" file="/home/runner/work/develop/develop/packages/framework/tests/Feature/Commands/MakePostCommandTest.php" line="68" assertions="9" time="0.031445"/>
        <testcase name="test_that_title_can_be_specified_in_command_signature" class="Hyde\Framework\Testing\Feature\Commands\MakePostCommandTest" classname="Hyde.Framework.Testing.Feature.Commands.MakePostCommandTest" file="/home/runner/work/develop/develop/packages/framework/tests/Feature/Commands/MakePostCommandTest.php" line="93" assertions="6" time="0.031844"/>
        <testcase name="test_that_command_can_be_canceled" class="Hyde\Framework\Testing\Feature\Commands\MakePostCommandTest" classname="Hyde.Framework.Testing.Feature.Commands.MakePostCommandTest" file="/home/runner/work/develop/develop/packages/framework/tests/Feature/Commands/MakePostCommandTest.php" line="107" assertions="8" time="0.028710"/>
      </testsuite>
      <testsuite name="Hyde\Framework\Testing\Feature\Commands\PackageDiscoverCommandTest" file="/home/runner/work/develop/develop/packages/framework/tests/Feature/Commands/PackageDiscoverCommandTest.php" tests="1" assertions="3" errors="0" warnings="0" failures="0" skipped="0" time="0.095082">
        <testcase name="test_package_discover_command_registers_manifest_path" class="Hyde\Framework\Testing\Feature\Commands\PackageDiscoverCommandTest" classname="Hyde.Framework.Testing.Feature.Commands.PackageDiscoverCommandTest" file="/home/runner/work/develop/develop/packages/framework/tests/Feature/Commands/PackageDiscoverCommandTest.php" line="16" assertions="3" time="0.095082"/>
      </testsuite>
      <testsuite name="Hyde\Framework\Testing\Feature\Commands\PublishConfigsCommandTest" file="/home/runner/work/develop/develop/packages/framework/tests/Feature/Commands/PublishConfigsCommandTest.php" tests="3" assertions="16" errors="0" warnings="0" failures="0" skipped="0" time="0.107319">
        <testcase name="test_command_has_expected_output" class="Hyde\Framework\Testing\Feature\Commands\PublishConfigsCommandTest" classname="Hyde.Framework.Testing.Feature.Commands.PublishConfigsCommandTest" file="/home/runner/work/develop/develop/packages/framework/tests/Feature/Commands/PublishConfigsCommandTest.php" line="33" assertions="4" time="0.039813"/>
        <testcase name="test_config_files_are_published" class="Hyde\Framework\Testing\Feature\Commands\PublishConfigsCommandTest" classname="Hyde.Framework.Testing.Feature.Commands.PublishConfigsCommandTest" file="/home/runner/work/develop/develop/packages/framework/tests/Feature/Commands/PublishConfigsCommandTest.php" line="41" assertions="8" time="0.033820"/>
        <testcase name="test_command_overwrites_existing_files" class="Hyde\Framework\Testing\Feature\Commands\PublishConfigsCommandTest" classname="Hyde.Framework.Testing.Feature.Commands.PublishConfigsCommandTest" file="/home/runner/work/develop/develop/packages/framework/tests/Feature/Commands/PublishConfigsCommandTest.php" line="54" assertions="4" time="0.033687"/>
      </testsuite>
      <testsuite name="Hyde\Framework\Testing\Feature\Commands\PublishHomepageCommandTest" file="/home/runner/work/develop/develop/packages/framework/tests/Feature/Commands/PublishHomepageCommandTest.php" tests="9" assertions="28" errors="0" warnings="0" failures="0" skipped="0" time="0.290858">
        <testcase name="test_there_are_no_default_pages" class="Hyde\Framework\Testing\Feature\Commands\PublishHomepageCommandTest" classname="Hyde.Framework.Testing.Feature.Commands.PublishHomepageCommandTest" file="/home/runner/work/develop/develop/packages/framework/tests/Feature/Commands/PublishHomepageCommandTest.php" line="31" assertions="1" time="0.022218"/>
        <testcase name="test_command_returns_expected_output" class="Hyde\Framework\Testing\Feature\Commands\PublishHomepageCommandTest" classname="Hyde.Framework.Testing.Feature.Commands.PublishHomepageCommandTest" file="/home/runner/work/develop/develop/packages/framework/tests/Feature/Commands/PublishHomepageCommandTest.php" line="36" assertions="3" time="0.030377"/>
        <testcase name="test_command_returns_expected_output_with_rebuild" class="Hyde\Framework\Testing\Feature\Commands\PublishHomepageCommandTest" classname="Hyde.Framework.Testing.Feature.Commands.PublishHomepageCommandTest" file="/home/runner/work/develop/develop/packages/framework/tests/Feature/Commands/PublishHomepageCommandTest.php" line="45" assertions="5" time="0.048887"/>
        <testcase name="test_command_prompts_for_output" class="Hyde\Framework\Testing\Feature\Commands\PublishHomepageCommandTest" classname="Hyde.Framework.Testing.Feature.Commands.PublishHomepageCommandTest" file="/home/runner/work/develop/develop/packages/framework/tests/Feature/Commands/PublishHomepageCommandTest.php" line="57" assertions="5" time="0.031256"/>
        <testcase name="test_command_shows_feedback_output_when_supplying_a_homepage_name" class="Hyde\Framework\Testing\Feature\Commands\PublishHomepageCommandTest" classname="Hyde.Framework.Testing.Feature.Commands.PublishHomepageCommandTest" file="/home/runner/work/develop/develop/packages/framework/tests/Feature/Commands/PublishHomepageCommandTest.php" line="71" assertions="4" time="0.030533"/>
        <testcase name="test_command_handles_error_code_404" class="Hyde\Framework\Testing\Feature\Commands\PublishHomepageCommandTest" classname="Hyde.Framework.Testing.Feature.Commands.PublishHomepageCommandTest" file="/home/runner/work/develop/develop/packages/framework/tests/Feature/Commands/PublishHomepageCommandTest.php" line="81" assertions="2" time="0.028151"/>
        <testcase name="test_command_does_not_overwrite_modified_files_without_force_flag" class="Hyde\Framework\Testing\Feature\Commands\PublishHomepageCommandTest" classname="Hyde.Framework.Testing.Feature.Commands.PublishHomepageCommandTest" file="/home/runner/work/develop/develop/packages/framework/tests/Feature/Commands/PublishHomepageCommandTest.php" line="89" assertions="3" time="0.032934"/>
        <testcase name="test_command_overwrites_modified_files_if_force_flag_is_set" class="Hyde\Framework\Testing\Feature\Commands\PublishHomepageCommandTest" classname="Hyde.Framework.Testing.Feature.Commands.PublishHomepageCommandTest" file="/home/runner/work/develop/develop/packages/framework/tests/Feature/Commands/PublishHomepageCommandTest.php" line="101" assertions="3" time="0.029461"/>
        <testcase name="test_command_does_not_return_409_if_the_current_file_is_a_default_file" class="Hyde\Framework\Testing\Feature\Commands\PublishHomepageCommandTest" classname="Hyde.Framework.Testing.Feature.Commands.PublishHomepageCommandTest" file="/home/runner/work/develop/develop/packages/framework/tests/Feature/Commands/PublishHomepageCommandTest.php" line="113" assertions="2" time="0.037041"/>
      </testsuite>
      <testsuite name="Hyde\Framework\Testing\Feature\Commands\PublishViewsCommandTest" file="/home/runner/work/develop/develop/packages/framework/tests/Feature/Commands/PublishViewsCommandTest.php" tests="3" assertions="9" errors="0" warnings="0" failures="0" skipped="0" time="0.101586">
        <testcase name="test_command_publishes_views" class="Hyde\Framework\Testing\Feature\Commands\PublishViewsCommandTest" classname="Hyde.Framework.Testing.Feature.Commands.PublishViewsCommandTest" file="/home/runner/work/develop/develop/packages/framework/tests/Feature/Commands/PublishViewsCommandTest.php" line="18" assertions="4" time="0.045146"/>
        <testcase name="test_can_select_view" class="Hyde\Framework\Testing\Feature\Commands\PublishViewsCommandTest" classname="Hyde.Framework.Testing.Feature.Commands.PublishViewsCommandTest" file="/home/runner/work/develop/develop/packages/framework/tests/Feature/Commands/PublishViewsCommandTest.php" line="33" assertions="3" time="0.029326"/>
        <testcase name="test_with_invalid_supplied_tag" class="Hyde\Framework\Testing\Feature\Commands\PublishViewsCommandTest" classname="Hyde.Framework.Testing.Feature.Commands.PublishViewsCommandTest" file="/home/runner/work/develop/develop/packages/framework/tests/Feature/Commands/PublishViewsCommandTest.php" line="47" assertions="2" time="0.027114"/>
      </testsuite>
      <testsuite name="Hyde\Framework\Testing\Feature\Commands\RebuildPageCommandTest" file="/home/runner/work/develop/develop/packages/framework/tests/Feature/Commands/RebuildPageCommandTest.php" tests="6" assertions="12" errors="0" warnings="0" failures="0" skipped="0" time="0.233257">
        <testcase name="test_handle_is_successful_with_valid_path" class="Hyde\Framework\Testing\Feature\Commands\RebuildPageCommandTest" classname="Hyde.Framework.Testing.Feature.Commands.RebuildPageCommandTest" file="/home/runner/work/develop/develop/packages/framework/tests/Feature/Commands/RebuildPageCommandTest.php" line="15" assertions="2" time="0.042959"/>
        <testcase name="test_media_files_can_be_transferred" class="Hyde\Framework\Testing\Feature\Commands\RebuildPageCommandTest" classname="Hyde.Framework.Testing.Feature.Commands.RebuildPageCommandTest" file="/home/runner/work/develop/develop/packages/framework/tests/Feature/Commands/RebuildPageCommandTest.php" line="26" assertions="2" time="0.033871"/>
        <testcase name="test_validate_catches_bad_source_directory" class="Hyde\Framework\Testing\Feature\Commands\RebuildPageCommandTest" classname="Hyde.Framework.Testing.Feature.Commands.RebuildPageCommandTest" file="/home/runner/work/develop/develop/packages/framework/tests/Feature/Commands/RebuildPageCommandTest.php" line="36" assertions="2" time="0.026330"/>
        <testcase name="test_validate_catches_missing_file" class="Hyde\Framework\Testing\Feature\Commands\RebuildPageCommandTest" classname="Hyde.Framework.Testing.Feature.Commands.RebuildPageCommandTest" file="/home/runner/work/develop/develop/packages/framework/tests/Feature/Commands/RebuildPageCommandTest.php" line="43" assertions="2" time="0.026167"/>
        <testcase name="test_rebuild_documentation_page" class="Hyde\Framework\Testing\Feature\Commands\RebuildPageCommandTest" classname="Hyde.Framework.Testing.Feature.Commands.RebuildPageCommandTest" file="/home/runner/work/develop/develop/packages/framework/tests/Feature/Commands/RebuildPageCommandTest.php" line="50" assertions="2" time="0.053810"/>
        <testcase name="test_rebuild_blog_post" class="Hyde\Framework\Testing\Feature\Commands\RebuildPageCommandTest" classname="Hyde.Framework.Testing.Feature.Commands.RebuildPageCommandTest" file="/home/runner/work/develop/develop/packages/framework/tests/Feature/Commands/RebuildPageCommandTest.php" line="61" assertions="2" time="0.050120"/>
      </testsuite>
      <testsuite name="Hyde\Framework\Testing\Feature\Commands\RouteListCommandTest" file="/home/runner/work/develop/develop/packages/framework/tests/Feature/Commands/RouteListCommandTest.php" tests="5" assertions="31" errors="0" warnings="0" failures="0" skipped="0" time="0.173310">
        <testcase name="testRouteListCommand" class="Hyde\Framework\Testing\Feature\Commands\RouteListCommandTest" classname="Hyde.Framework.Testing.Feature.Commands.RouteListCommandTest" file="/home/runner/work/develop/develop/packages/framework/tests/Feature/Commands/RouteListCommandTest.php" line="20" assertions="7" time="0.035380"/>
        <testcase name="testConsoleRouteList" class="Hyde\Framework\Testing\Feature\Commands\RouteListCommandTest" classname="Hyde.Framework.Testing.Feature.Commands.RouteListCommandTest" file="/home/runner/work/develop/develop/packages/framework/tests/Feature/Commands/RouteListCommandTest.php" line="39" assertions="6" time="0.034798"/>
        <testcase name="testConsoleRouteListWithClickableOutputPaths" class="Hyde\Framework\Testing\Feature\Commands\RouteListCommandTest" classname="Hyde.Framework.Testing.Feature.Commands.RouteListCommandTest" file="/home/runner/work/develop/develop/packages/framework/tests/Feature/Commands/RouteListCommandTest.php" line="52" assertions="6" time="0.033888"/>
        <testcase name="testConsoleRouteListWithDynamicPages" class="Hyde\Framework\Testing\Feature\Commands\RouteListCommandTest" classname="Hyde.Framework.Testing.Feature.Commands.RouteListCommandTest" file="/home/runner/work/develop/develop/packages/framework/tests/Feature/Commands/RouteListCommandTest.php" line="66" assertions="6" time="0.034411"/>
        <testcase name="testConsoleRouteListWithTypeLabel" class="Hyde\Framework\Testing\Feature\Commands\RouteListCommandTest" classname="Hyde.Framework.Testing.Feature.Commands.RouteListCommandTest" file="/home/runner/work/develop/develop/packages/framework/tests/Feature/Commands/RouteListCommandTest.php" line="81" assertions="6" time="0.034832"/>
      </testsuite>
      <testsuite name="Hyde\Framework\Testing\Feature\Commands\ServeCommandTest" file="/home/runner/work/develop/develop/packages/framework/tests/Feature/Commands/ServeCommandTest.php" tests="12" assertions="32" errors="0" warnings="0" failures="0" skipped="1" time="0.305951">
        <testcase name="test_hyde_serve_command" class="Hyde\Framework\Testing\Feature\Commands\ServeCommandTest" classname="Hyde.Framework.Testing.Feature.Commands.ServeCommandTest" file="/home/runner/work/develop/develop/packages/framework/tests/Feature/Commands/ServeCommandTest.php" line="24" assertions="3" time="0.027509"/>
        <testcase name="test_hyde_serve_command_with_port_option" class="Hyde\Framework\Testing\Feature\Commands\ServeCommandTest" classname="Hyde.Framework.Testing.Feature.Commands.ServeCommandTest" file="/home/runner/work/develop/develop/packages/framework/tests/Feature/Commands/ServeCommandTest.php" line="33" assertions="3" time="0.027429"/>
        <testcase name="test_hyde_serve_command_with_host_option" class="Hyde\Framework\Testing\Feature\Commands\ServeCommandTest" classname="Hyde.Framework.Testing.Feature.Commands.ServeCommandTest" file="/home/runner/work/develop/develop/packages/framework/tests/Feature/Commands/ServeCommandTest.php" line="42" assertions="3" time="0.025287"/>
        <testcase name="test_hyde_serve_command_with_port_and_host_option" class="Hyde\Framework\Testing\Feature\Commands\ServeCommandTest" classname="Hyde.Framework.Testing.Feature.Commands.ServeCommandTest" file="/home/runner/work/develop/develop/packages/framework/tests/Feature/Commands/ServeCommandTest.php" line="51" assertions="3" time="0.025466"/>
        <testcase name="test_hyde_serve_command_with_port_defined_in_config" class="Hyde\Framework\Testing\Feature\Commands\ServeCommandTest" classname="Hyde.Framework.Testing.Feature.Commands.ServeCommandTest" file="/home/runner/work/develop/develop/packages/framework/tests/Feature/Commands/ServeCommandTest.php" line="60" assertions="3" time="0.025562"/>
        <testcase name="test_hyde_serve_command_with_port_defined_in_config_and_port_option" class="Hyde\Framework\Testing\Feature\Commands\ServeCommandTest" classname="Hyde.Framework.Testing.Feature.Commands.ServeCommandTest" file="/home/runner/work/develop/develop/packages/framework/tests/Feature/Commands/ServeCommandTest.php" line="71" assertions="3" time="0.025596"/>
        <testcase name="test_hyde_serve_command_with_port_missing_in_config_and_port_option" class="Hyde\Framework\Testing\Feature\Commands\ServeCommandTest" classname="Hyde.Framework.Testing.Feature.Commands.ServeCommandTest" file="/home/runner/work/develop/develop/packages/framework/tests/Feature/Commands/ServeCommandTest.php" line="82" assertions="3" time="0.025554"/>
        <testcase name="test_hyde_serve_command_with_host_defined_in_config" class="Hyde\Framework\Testing\Feature\Commands\ServeCommandTest" classname="Hyde.Framework.Testing.Feature.Commands.ServeCommandTest" file="/home/runner/work/develop/develop/packages/framework/tests/Feature/Commands/ServeCommandTest.php" line="93" assertions="3" time="0.025382"/>
        <testcase name="test_hyde_serve_command_with_host_defined_in_config_and_host_option" class="Hyde\Framework\Testing\Feature\Commands\ServeCommandTest" classname="Hyde.Framework.Testing.Feature.Commands.ServeCommandTest" file="/home/runner/work/develop/develop/packages/framework/tests/Feature/Commands/ServeCommandTest.php" line="104" assertions="3" time="0.025406"/>
        <testcase name="test_hyde_serve_command_with_host_missing_in_config_and_host_option" class="Hyde\Framework\Testing\Feature\Commands\ServeCommandTest" classname="Hyde.Framework.Testing.Feature.Commands.ServeCommandTest" file="/home/runner/work/develop/develop/packages/framework/tests/Feature/Commands/ServeCommandTest.php" line="115" assertions="3" time="0.025269"/>
        <testcase name="test_hyde_serve_command_with_invalid_config_value" class="Hyde\Framework\Testing\Feature\Commands\ServeCommandTest" classname="Hyde.Framework.Testing.Feature.Commands.ServeCommandTest" file="/home/runner/work/develop/develop/packages/framework/tests/Feature/Commands/ServeCommandTest.php" line="126" assertions="2" time="0.024977"/>
        <testcase name="test_hyde_serve_command_passes_through_process_output" class="Hyde\Framework\Testing\Feature\Commands\ServeCommandTest" classname="Hyde.Framework.Testing.Feature.Commands.ServeCommandTest" file="/home/runner/work/develop/develop/packages/framework/tests/Feature/Commands/ServeCommandTest.php" line="136" assertions="0" time="0.022515">
          <skipped/>
        </testcase>
      </testsuite>
      <testsuite name="Hyde\Framework\Testing\Feature\Commands\ValidateCommandTest" file="/home/runner/work/develop/develop/packages/framework/tests/Feature/Commands/ValidateCommandTest.php" tests="2" assertions="8" errors="0" warnings="0" failures="0" skipped="0" time="0.067841">
        <testcase name="test_validate_command_can_run" class="Hyde\Framework\Testing\Feature\Commands\ValidateCommandTest" classname="Hyde.Framework.Testing.Feature.Commands.ValidateCommandTest" file="/home/runner/work/develop/develop/packages/framework/tests/Feature/Commands/ValidateCommandTest.php" line="18" assertions="5" time="0.035835"/>
        <testcase name="test_validate_command_can_run_with_skips" class="Hyde\Framework\Testing\Feature\Commands\ValidateCommandTest" classname="Hyde.Framework.Testing.Feature.Commands.ValidateCommandTest" file="/home/runner/work/develop/develop/packages/framework/tests/Feature/Commands/ValidateCommandTest.php" line="31" assertions="3" time="0.032005"/>
      </testsuite>
      <testsuite name="Hyde\Framework\Testing\Feature\Commands\VendorPublishCommandTest" file="/home/runner/work/develop/develop/packages/framework/tests/Feature/Commands/VendorPublishCommandTest.php" tests="4" assertions="10" errors="0" warnings="0" failures="0" skipped="0" time="0.113165">
        <testcase name="test_command_prompts_for_provider_or_tag" class="Hyde\Framework\Testing\Feature\Commands\VendorPublishCommandTest" classname="Hyde.Framework.Testing.Feature.Commands.VendorPublishCommandTest" file="/home/runner/work/develop/develop/packages/framework/tests/Feature/Commands/VendorPublishCommandTest.php" line="36" assertions="3" time="0.026576"/>
        <testcase name="test_unhelpful_publishers_are_removed" class="Hyde\Framework\Testing\Feature\Commands\VendorPublishCommandTest" classname="Hyde.Framework.Testing.Feature.Commands.VendorPublishCommandTest" file="/home/runner/work/develop/develop/packages/framework/tests/Feature/Commands/VendorPublishCommandTest.php" line="54" assertions="3" time="0.026715"/>
        <testcase name="test_config_group_is_renamed_to_be_more_helpful" class="Hyde\Framework\Testing\Feature\Commands\VendorPublishCommandTest" classname="Hyde.Framework.Testing.Feature.Commands.VendorPublishCommandTest" file="/home/runner/work/develop/develop/packages/framework/tests/Feature/Commands/VendorPublishCommandTest.php" line="67" assertions="3" time="0.026566"/>
        <testcase name="test_status_method" class="Hyde\Framework\Testing\Feature\Commands\VendorPublishCommandTest" classname="Hyde.Framework.Testing.Feature.Commands.VendorPublishCommandTest" file="/home/runner/work/develop/develop/packages/framework/tests/Feature/Commands/VendorPublishCommandTest.php" line="81" assertions="1" time="0.033308"/>
      </testsuite>
      <testsuite name="Hyde\Framework\Testing\Feature\ConfigurableFeaturesTest" file="/home/runner/work/develop/develop/packages/framework/tests/Feature/ConfigurableFeaturesTest.php" tests="10" assertions="71" errors="0" warnings="0" failures="0" skipped="0" time="0.232306">
        <testcase name="test_has_feature_returns_false_when_feature_is_not_enabled" class="Hyde\Framework\Testing\Feature\ConfigurableFeaturesTest" classname="Hyde.Framework.Testing.Feature.ConfigurableFeaturesTest" file="/home/runner/work/develop/develop/packages/framework/tests/Feature/ConfigurableFeaturesTest.php" line="16" assertions="8" time="0.021830"/>
        <testcase name="test_has_feature_returns_true_when_feature_is_enabled" class="Hyde\Framework\Testing\Feature\ConfigurableFeaturesTest" classname="Hyde.Framework.Testing.Feature.ConfigurableFeaturesTest" file="/home/runner/work/develop/develop/packages/framework/tests/Feature/ConfigurableFeaturesTest.php" line="28" assertions="17" time="0.022817"/>
        <testcase name="test_can_generate_sitemap_helper_returns_true_if_hyde_has_base_url" class="Hyde\Framework\Testing\Feature\ConfigurableFeaturesTest" classname="Hyde.Framework.Testing.Feature.ConfigurableFeaturesTest" file="/home/runner/work/develop/develop/packages/framework/tests/Feature/ConfigurableFeaturesTest.php" line="44" assertions="1" time="0.022379"/>
        <testcase name="test_can_generate_sitemap_helper_returns_false_if_hyde_does_not_have_base_url" class="Hyde\Framework\Testing\Feature\ConfigurableFeaturesTest" classname="Hyde.Framework.Testing.Feature.ConfigurableFeaturesTest" file="/home/runner/work/develop/develop/packages/framework/tests/Feature/ConfigurableFeaturesTest.php" line="50" assertions="1" time="0.022164"/>
        <testcase name="test_can_generate_sitemap_helper_returns_false_if_sitemaps_are_disabled_in_config" class="Hyde\Framework\Testing\Feature\ConfigurableFeaturesTest" classname="Hyde.Framework.Testing.Feature.ConfigurableFeaturesTest" file="/home/runner/work/develop/develop/packages/framework/tests/Feature/ConfigurableFeaturesTest.php" line="56" assertions="1" time="0.022116"/>
        <testcase name="test_to_array_method_returns_method_array" class="Hyde\Framework\Testing\Feature\ConfigurableFeaturesTest" classname="Hyde.Framework.Testing.Feature.ConfigurableFeaturesTest" file="/home/runner/work/develop/develop/packages/framework/tests/Feature/ConfigurableFeaturesTest.php" line="63" assertions="26" time="0.027416"/>
        <testcase name="test_to_array_method_contains_all_settings" class="Hyde\Framework\Testing\Feature\ConfigurableFeaturesTest" classname="Hyde.Framework.Testing.Feature.ConfigurableFeaturesTest" file="/home/runner/work/develop/develop/packages/framework/tests/Feature/ConfigurableFeaturesTest.php" line="75" assertions="9" time="0.027208"/>
        <testcase name="test_features_can_be_mocked" class="Hyde\Framework\Testing\Feature\ConfigurableFeaturesTest" classname="Hyde.Framework.Testing.Feature.ConfigurableFeaturesTest" file="/home/runner/work/develop/develop/packages/framework/tests/Feature/ConfigurableFeaturesTest.php" line="91" assertions="2" time="0.022081"/>
        <testcase name="test_dynamic_features_can_be_mocked" class="Hyde\Framework\Testing\Feature\ConfigurableFeaturesTest" classname="Hyde.Framework.Testing.Feature.ConfigurableFeaturesTest" file="/home/runner/work/develop/develop/packages/framework/tests/Feature/ConfigurableFeaturesTest.php" line="100" assertions="2" time="0.022145"/>
        <testcase name="test_multiple_features_can_be_mocked" class="Hyde\Framework\Testing\Feature\ConfigurableFeaturesTest" classname="Hyde.Framework.Testing.Feature.ConfigurableFeaturesTest" file="/home/runner/work/develop/develop/packages/framework/tests/Feature/ConfigurableFeaturesTest.php" line="109" assertions="4" time="0.022151"/>
      </testsuite>
      <testsuite name="Hyde\Framework\Testing\Feature\ConfigurableSourceRootsFeatureTest" file="/home/runner/work/develop/develop/packages/framework/tests/Feature/ConfigurableSourceRootsFeatureTest.php" tests="4" assertions="5" errors="0" warnings="0" failures="0" skipped="0" time="0.121737">
        <testcase name="test_default_config_value_is_empty_string" class="Hyde\Framework\Testing\Feature\ConfigurableSourceRootsFeatureTest" classname="Hyde.Framework.Testing.Feature.ConfigurableSourceRootsFeatureTest" file="/home/runner/work/develop/develop/packages/framework/tests/Feature/ConfigurableSourceRootsFeatureTest.php" line="29" assertions="1" time="0.021367"/>
        <testcase name="test_files_in_custom_source_root_can_be_discovered" class="Hyde\Framework\Testing\Feature\ConfigurableSourceRootsFeatureTest" classname="Hyde.Framework.Testing.Feature.ConfigurableSourceRootsFeatureTest" file="/home/runner/work/develop/develop/packages/framework/tests/Feature/ConfigurableSourceRootsFeatureTest.php" line="34" assertions="2" time="0.026730"/>
        <testcase name="test_files_in_custom_source_root_can_be_compiled" class="Hyde\Framework\Testing\Feature\ConfigurableSourceRootsFeatureTest" classname="Hyde.Framework.Testing.Feature.ConfigurableSourceRootsFeatureTest" file="/home/runner/work/develop/develop/packages/framework/tests/Feature/ConfigurableSourceRootsFeatureTest.php" line="44" assertions="1" time="0.049593"/>
        <testcase name="test_hyde_page_path_method_supports_custom_source_roots" class="Hyde\Framework\Testing\Feature\ConfigurableSourceRootsFeatureTest" classname="Hyde.Framework.Testing.Feature.ConfigurableSourceRootsFeatureTest" file="/home/runner/work/develop/develop/packages/framework/tests/Feature/ConfigurableSourceRootsFeatureTest.php" line="56" assertions="1" time="0.024048"/>
      </testsuite>
      <testsuite name="Hyde\Framework\Testing\Feature\ConsoleKernelTest" file="/home/runner/work/develop/develop/packages/framework/tests/Feature/ConsoleKernelTest.php" tests="3" assertions="5" errors="0" warnings="0" failures="0" skipped="0" time="0.066981">
        <testcase name="testIsInstantiable" class="Hyde\Framework\Testing\Feature\ConsoleKernelTest" classname="Hyde.Framework.Testing.Feature.ConsoleKernelTest" file="/home/runner/work/develop/develop/packages/framework/tests/Feature/ConsoleKernelTest.php" line="18" assertions="1" time="0.021678"/>
        <testcase name="testClassImplementsKernelInterface" class="Hyde\Framework\Testing\Feature\ConsoleKernelTest" classname="Hyde.Framework.Testing.Feature.ConsoleKernelTest" file="/home/runner/work/develop/develop/packages/framework/tests/Feature/ConsoleKernelTest.php" line="23" assertions="1" time="0.022368"/>
        <testcase name="testBootstrappers" class="Hyde\Framework\Testing\Feature\ConsoleKernelTest" classname="Hyde.Framework.Testing.Feature.ConsoleKernelTest" file="/home/runner/work/develop/develop/packages/framework/tests/Feature/ConsoleKernelTest.php" line="28" assertions="3" time="0.022935"/>
      </testsuite>
      <testsuite name="Hyde\Framework\Testing\Feature\ConvertsArrayToFrontMatterTest" file="/home/runner/work/develop/develop/packages/framework/tests/Feature/ConvertsArrayToFrontMatterTest.php" tests="2" assertions="2" errors="0" warnings="0" failures="0" skipped="0" time="0.043869">
        <testcase name="test_action_converts_an_array_to_front_matter" class="Hyde\Framework\Testing\Feature\ConvertsArrayToFrontMatterTest" classname="Hyde.Framework.Testing.Feature.ConvertsArrayToFrontMatterTest" file="/home/runner/work/develop/develop/packages/framework/tests/Feature/ConvertsArrayToFrontMatterTest.php" line="15" assertions="1" time="0.021619"/>
        <testcase name="test_action_returns_empty_string_if_array_is_empty" class="Hyde\Framework\Testing\Feature\ConvertsArrayToFrontMatterTest" classname="Hyde.Framework.Testing.Feature.ConvertsArrayToFrontMatterTest" file="/home/runner/work/develop/develop/packages/framework/tests/Feature/ConvertsArrayToFrontMatterTest.php" line="42" assertions="1" time="0.022250"/>
      </testsuite>
      <testsuite name="Hyde\Framework\Testing\Feature\DarkmodeFeatureTest" file="/home/runner/work/develop/develop/packages/framework/tests/Feature/DarkmodeFeatureTest.php" tests="5" assertions="10" errors="0" warnings="0" failures="0" skipped="0" time="0.163034">
        <testcase name="test_has_darkmode" class="Hyde\Framework\Testing\Feature\DarkmodeFeatureTest" classname="Hyde.Framework.Testing.Feature.DarkmodeFeatureTest" file="/home/runner/work/develop/develop/packages/framework/tests/Feature/DarkmodeFeatureTest.php" line="26" assertions="2" time="0.023485"/>
        <testcase name="test_layout_has_toggle_button_and_script_when_enabled" class="Hyde\Framework\Testing\Feature\DarkmodeFeatureTest" classname="Hyde.Framework.Testing.Feature.DarkmodeFeatureTest" file="/home/runner/work/develop/develop/packages/framework/tests/Feature/DarkmodeFeatureTest.php" line="39" assertions="2" time="0.040415"/>
        <testcase name="test_documentation_page_has_toggle_button_and_script_when_enabled" class="Hyde\Framework\Testing\Feature\DarkmodeFeatureTest" classname="Hyde.Framework.Testing.Feature.DarkmodeFeatureTest" file="/home/runner/work/develop/develop/packages/framework/tests/Feature/DarkmodeFeatureTest.php" line="57" assertions="2" time="0.032730"/>
        <testcase name="test_dark_mode_theme_button_is_hidden_in_layouts_when_disabled" class="Hyde\Framework\Testing\Feature\DarkmodeFeatureTest" classname="Hyde.Framework.Testing.Feature.DarkmodeFeatureTest" file="/home/runner/work/develop/develop/packages/framework/tests/Feature/DarkmodeFeatureTest.php" line="76" assertions="2" time="0.034132"/>
        <testcase name="test_dark_mode_theme_button_is_hidden_in_documentation_pages_when_disabled" class="Hyde\Framework\Testing\Feature\DarkmodeFeatureTest" classname="Hyde.Framework.Testing.Feature.DarkmodeFeatureTest" file="/home/runner/work/develop/develop/packages/framework/tests/Feature/DarkmodeFeatureTest.php" line="93" assertions="2" time="0.032272"/>
      </testsuite>
      <testsuite name="Hyde\Framework\Testing\Feature\DataCollectionTest" file="/home/runner/work/develop/develop/packages/framework/tests/Feature/DataCollectionTest.php" tests="15" assertions="19" errors="0" warnings="0" failures="0" skipped="0" time="0.370334">
        <testcase name="test_markdown_collections" class="Hyde\Framework\Testing\Feature\DataCollectionTest" classname="Hyde.Framework.Testing.Feature.DataCollectionTest" file="/home/runner/work/develop/develop/packages/framework/tests/Feature/DataCollectionTest.php" line="21" assertions="1" time="0.025131"/>
        <testcase name="test_yaml_collections" class="Hyde\Framework\Testing\Feature\DataCollectionTest" classname="Hyde.Framework.Testing.Feature.DataCollectionTest" file="/home/runner/work/develop/develop/packages/framework/tests/Feature/DataCollectionTest.php" line="33" assertions="1" time="0.025339"/>
        <testcase name="test_json_collections" class="Hyde\Framework\Testing\Feature\DataCollectionTest" classname="Hyde.Framework.Testing.Feature.DataCollectionTest" file="/home/runner/work/develop/develop/packages/framework/tests/Feature/DataCollectionTest.php" line="45" assertions="1" time="0.025514"/>
        <testcase name="test_json_collections_as_arrays" class="Hyde\Framework\Testing\Feature\DataCollectionTest" classname="Hyde.Framework.Testing.Feature.DataCollectionTest" file="/home/runner/work/develop/develop/packages/framework/tests/Feature/DataCollectionTest.php" line="57" assertions="1" time="0.025351"/>
        <testcase name="test_find_markdown_files_method_returns_empty_array_if_the_specified_directory_does_not_exist" class="Hyde\Framework\Testing\Feature\DataCollectionTest" classname="Hyde.Framework.Testing.Feature.DataCollectionTest" file="/home/runner/work/develop/develop/packages/framework/tests/Feature/DataCollectionTest.php" line="69" assertions="2" time="0.023585"/>
        <testcase name="test_find_markdown_files_method_returns_empty_array_if_no_files_are_found_in_specified_directory" class="Hyde\Framework\Testing\Feature\DataCollectionTest" classname="Hyde.Framework.Testing.Feature.DataCollectionTest" file="/home/runner/work/develop/develop/packages/framework/tests/Feature/DataCollectionTest.php" line="76" assertions="2" time="0.024161"/>
        <testcase name="test_find_markdown_files_method_returns_an_array_of_markdown_files_in_the_specified_directory" class="Hyde\Framework\Testing\Feature\DataCollectionTest" classname="Hyde.Framework.Testing.Feature.DataCollectionTest" file="/home/runner/work/develop/develop/packages/framework/tests/Feature/DataCollectionTest.php" line="85" assertions="1" time="0.024977"/>
        <testcase name="test_find_markdown_files_method_does_not_include_files_in_subdirectories" class="Hyde\Framework\Testing\Feature\DataCollectionTest" classname="Hyde.Framework.Testing.Feature.DataCollectionTest" file="/home/runner/work/develop/develop/packages/framework/tests/Feature/DataCollectionTest.php" line="97" assertions="1" time="0.025257"/>
        <testcase name="test_find_markdown_files_method_does_not_include_files_with_extensions_other_than_md" class="Hyde\Framework\Testing\Feature\DataCollectionTest" classname="Hyde.Framework.Testing.Feature.DataCollectionTest" file="/home/runner/work/develop/develop/packages/framework/tests/Feature/DataCollectionTest.php" line="109" assertions="1" time="0.024576"/>
        <testcase name="test_find_markdown_files_method_does_not_remove_files_starting_with_an_underscore" class="Hyde\Framework\Testing\Feature\DataCollectionTest" classname="Hyde.Framework.Testing.Feature.DataCollectionTest" file="/home/runner/work/develop/develop/packages/framework/tests/Feature/DataCollectionTest.php" line="120" assertions="1" time="0.024205"/>
        <testcase name="test_static_markdown_helper_discovers_and_parses_markdown_files_in_the_specified_directory" class="Hyde\Framework\Testing\Feature\DataCollectionTest" classname="Hyde.Framework.Testing.Feature.DataCollectionTest" file="/home/runner/work/develop/develop/packages/framework/tests/Feature/DataCollectionTest.php" line="130" assertions="1" time="0.025176"/>
        <testcase name="test_static_markdown_helper_doest_not_ignore_files_starting_with_an_underscore" class="Hyde\Framework\Testing\Feature\DataCollectionTest" classname="Hyde.Framework.Testing.Feature.DataCollectionTest" file="/home/runner/work/develop/develop/packages/framework/tests/Feature/DataCollectionTest.php" line="142" assertions="1" time="0.024865"/>
        <testcase name="test_source_directory_can_be_changed" class="Hyde\Framework\Testing\Feature\DataCollectionTest" classname="Hyde.Framework.Testing.Feature.DataCollectionTest" file="/home/runner/work/develop/develop/packages/framework/tests/Feature/DataCollectionTest.php" line="151" assertions="1" time="0.024295"/>
        <testcase name="test_source_directory_is_automatically_added_if_missing" class="Hyde\Framework\Testing\Feature\DataCollectionTest" classname="Hyde.Framework.Testing.Feature.DataCollectionTest" file="/home/runner/work/develop/develop/packages/framework/tests/Feature/DataCollectionTest.php" line="164" assertions="2" time="0.023868"/>
        <testcase name="test_custom_source_directory_is_automatically_added_if_missing" class="Hyde\Framework\Testing\Feature\DataCollectionTest" classname="Hyde.Framework.Testing.Feature.DataCollectionTest" file="/home/runner/work/develop/develop/packages/framework/tests/Feature/DataCollectionTest.php" line="175" assertions="2" time="0.024036"/>
      </testsuite>
      <testsuite name="Hyde\Framework\Testing\Feature\DiscoveryServiceTest" file="/home/runner/work/develop/develop/packages/framework/tests/Feature/DiscoveryServiceTest.php" tests="18" assertions="38" errors="0" warnings="0" failures="0" skipped="0" time="0.063815">
        <testcase name="test_get_source_file_list_for_model_method_finds_default_model_properties" class="Hyde\Framework\Testing\Feature\DiscoveryServiceTest" classname="Hyde.Framework.Testing.Feature.DiscoveryServiceTest" file="/home/runner/work/develop/develop/packages/framework/tests/Feature/DiscoveryServiceTest.php" line="53" assertions="1" time="0.006236"/>
        <testcase name="test_get_source_file_list_for_model_method_finds_customized_source_directory" class="Hyde\Framework\Testing\Feature\DiscoveryServiceTest" classname="Hyde.Framework.Testing.Feature.DiscoveryServiceTest" file="/home/runner/work/develop/develop/packages/framework/tests/Feature/DiscoveryServiceTest.php" line="59" assertions="1" time="0.006767"/>
        <testcase name="test_get_source_file_list_for_model_method_finds_customized_file_extension" class="Hyde\Framework\Testing\Feature\DiscoveryServiceTest" classname="Hyde.Framework.Testing.Feature.DiscoveryServiceTest" file="/home/runner/work/develop/develop/packages/framework/tests/Feature/DiscoveryServiceTest.php" line="69" assertions="1" time="0.006752"/>
        <testcase name="test_get_media_asset_files" class="Hyde\Framework\Testing\Feature\DiscoveryServiceTest" classname="Hyde.Framework.Testing.Feature.DiscoveryServiceTest" file="/home/runner/work/develop/develop/packages/framework/tests/Feature/DiscoveryServiceTest.php" line="82" assertions="1" time="0.001854"/>
        <testcase name="test_get_media_asset_files_discovers_files" class="Hyde\Framework\Testing\Feature\DiscoveryServiceTest" classname="Hyde.Framework.Testing.Feature.DiscoveryServiceTest" file="/home/runner/work/develop/develop/packages/framework/tests/Feature/DiscoveryServiceTest.php" line="87" assertions="8" time="0.006936"/>
        <testcase name="test_get_media_asset_files_discovers_custom_file_types" class="Hyde\Framework\Testing\Feature\DiscoveryServiceTest" classname="Hyde.Framework.Testing.Feature.DiscoveryServiceTest" file="/home/runner/work/develop/develop/packages/framework/tests/Feature/DiscoveryServiceTest.php" line="98" assertions="2" time="0.002018"/>
        <testcase name="test_get_media_asset_files_discovers_files_recursively" class="Hyde\Framework\Testing\Feature\DiscoveryServiceTest" classname="Hyde.Framework.Testing.Feature.DiscoveryServiceTest" file="/home/runner/work/develop/develop/packages/framework/tests/Feature/DiscoveryServiceTest.php" line="107" assertions="1" time="0.002269"/>
        <testcase name="test_get_media_asset_files_discovers_files_very_recursively" class="Hyde\Framework\Testing\Feature\DiscoveryServiceTest" classname="Hyde.Framework.Testing.Feature.DiscoveryServiceTest" file="/home/runner/work/develop/develop/packages/framework/tests/Feature/DiscoveryServiceTest.php" line="115" assertions="1" time="0.002382"/>
        <testcase name="test_media_asset_extensions_can_be_added_by_comma_separated_values" class="Hyde\Framework\Testing\Feature\DiscoveryServiceTest" classname="Hyde.Framework.Testing.Feature.DiscoveryServiceTest" file="/home/runner/work/develop/develop/packages/framework/tests/Feature/DiscoveryServiceTest.php" line="124" assertions="2" time="0.002190"/>
        <testcase name="test_media_asset_extensions_can_be_added_by_array" class="Hyde\Framework\Testing\Feature\DiscoveryServiceTest" classname="Hyde.Framework.Testing.Feature.DiscoveryServiceTest" file="/home/runner/work/develop/develop/packages/framework/tests/Feature/DiscoveryServiceTest.php" line="137" assertions="2" time="0.002117"/>
        <testcase name="test_blade_page_files_starting_with_underscore_are_ignored" class="Hyde\Framework\Testing\Feature\DiscoveryServiceTest" classname="Hyde.Framework.Testing.Feature.DiscoveryServiceTest" file="/home/runner/work/develop/develop/packages/framework/tests/Feature/DiscoveryServiceTest.php" line="149" assertions="1" time="0.004987"/>
        <testcase name="test_markdown_page_files_starting_with_underscore_are_ignored" class="Hyde\Framework\Testing\Feature\DiscoveryServiceTest" classname="Hyde.Framework.Testing.Feature.DiscoveryServiceTest" file="/home/runner/work/develop/develop/packages/framework/tests/Feature/DiscoveryServiceTest.php" line="155" assertions="1" time="0.004892"/>
        <testcase name="test_post_files_starting_with_underscore_are_ignored" class="Hyde\Framework\Testing\Feature\DiscoveryServiceTest" classname="Hyde.Framework.Testing.Feature.DiscoveryServiceTest" file="/home/runner/work/develop/develop/packages/framework/tests/Feature/DiscoveryServiceTest.php" line="161" assertions="1" time="0.004903"/>
        <testcase name="test_documentation_page_files_starting_with_underscore_are_ignored" class="Hyde\Framework\Testing\Feature\DiscoveryServiceTest" classname="Hyde.Framework.Testing.Feature.DiscoveryServiceTest" file="/home/runner/work/develop/develop/packages/framework/tests/Feature/DiscoveryServiceTest.php" line="167" assertions="1" time="0.004895"/>
        <testcase name="test_blade_page_path_to_identifier_helper_formats_path_to_identifier" class="Hyde\Framework\Testing\Feature\DiscoveryServiceTest" classname="Hyde.Framework.Testing.Feature.DiscoveryServiceTest" file="/home/runner/work/develop/develop/packages/framework/tests/Feature/DiscoveryServiceTest.php" line="173" assertions="5" time="0.001504"/>
        <testcase name="test_markdown_page_path_to_identifier_helper_formats_path_to_identifier" class="Hyde\Framework\Testing\Feature\DiscoveryServiceTest" classname="Hyde.Framework.Testing.Feature.DiscoveryServiceTest" file="/home/runner/work/develop/develop/packages/framework/tests/Feature/DiscoveryServiceTest.php" line="183" assertions="3" time="0.001027"/>
        <testcase name="test_markdown_post_path_to_identifier_helper_formats_path_to_identifier" class="Hyde\Framework\Testing\Feature\DiscoveryServiceTest" classname="Hyde.Framework.Testing.Feature.DiscoveryServiceTest" file="/home/runner/work/develop/develop/packages/framework/tests/Feature/DiscoveryServiceTest.php" line="190" assertions="3" time="0.001050"/>
        <testcase name="test_documentation_page_path_to_identifier_helper_formats_path_to_identifier" class="Hyde\Framework\Testing\Feature\DiscoveryServiceTest" classname="Hyde.Framework.Testing.Feature.DiscoveryServiceTest" file="/home/runner/work/develop/develop/packages/framework/tests/Feature/DiscoveryServiceTest.php" line="197" assertions="3" time="0.001036"/>
      </testsuite>
      <testsuite name="Hyde\Framework\Testing\Feature\DocumentationSearchPageTest" file="/home/runner/work/develop/develop/packages/framework/tests/Feature/DocumentationSearchPageTest.php" tests="9" assertions="9" errors="0" warnings="0" failures="0" skipped="0" time="0.215289">
        <testcase name="testCanCreateDocumentationSearchPageInstance" class="Hyde\Framework\Testing\Feature\DocumentationSearchPageTest" classname="Hyde.Framework.Testing.Feature.DocumentationSearchPageTest" file="/home/runner/work/develop/develop/packages/framework/tests/Feature/DocumentationSearchPageTest.php" line="20" assertions="1" time="0.022684"/>
        <testcase name="testRouteKeyIsSetToDocumentationOutputDirectory" class="Hyde\Framework\Testing\Feature\DocumentationSearchPageTest" classname="Hyde.Framework.Testing.Feature.DocumentationSearchPageTest" file="/home/runner/work/develop/develop/packages/framework/tests/Feature/DocumentationSearchPageTest.php" line="25" assertions="1" time="0.023107"/>
        <testcase name="testRouteKeyIsSetToConfiguredDocumentationOutputDirectory" class="Hyde\Framework\Testing\Feature\DocumentationSearchPageTest" classname="Hyde.Framework.Testing.Feature.DocumentationSearchPageTest" file="/home/runner/work/develop/develop/packages/framework/tests/Feature/DocumentationSearchPageTest.php" line="31" assertions="1" time="0.022997"/>
        <testcase name="testEnabledDefaultsToTrue" class="Hyde\Framework\Testing\Feature\DocumentationSearchPageTest" classname="Hyde.Framework.Testing.Feature.DocumentationSearchPageTest" file="/home/runner/work/develop/develop/packages/framework/tests/Feature/DocumentationSearchPageTest.php" line="39" assertions="1" time="0.025973"/>
        <testcase name="testEnabledIsFalseWhenDisabled" class="Hyde\Framework\Testing\Feature\DocumentationSearchPageTest" classname="Hyde.Framework.Testing.Feature.DocumentationSearchPageTest" file="/home/runner/work/develop/develop/packages/framework/tests/Feature/DocumentationSearchPageTest.php" line="44" assertions="1" time="0.022227"/>
        <testcase name="testEnabledIsFalseWhenRouteExists" class="Hyde\Framework\Testing\Feature\DocumentationSearchPageTest" classname="Hyde.Framework.Testing.Feature.DocumentationSearchPageTest" file="/home/runner/work/develop/develop/packages/framework/tests/Feature/DocumentationSearchPageTest.php" line="50" assertions="1" time="0.026886"/>
        <testcase name="testEnabledIsFalseWhenDisabledAndRouteExists" class="Hyde\Framework\Testing\Feature\DocumentationSearchPageTest" classname="Hyde.Framework.Testing.Feature.DocumentationSearchPageTest" file="/home/runner/work/develop/develop/packages/framework/tests/Feature/DocumentationSearchPageTest.php" line="56" assertions="1" time="0.027114"/>
        <testcase name="testStaticRouteKeyHelper" class="Hyde\Framework\Testing\Feature\DocumentationSearchPageTest" classname="Hyde.Framework.Testing.Feature.DocumentationSearchPageTest" file="/home/runner/work/develop/develop/packages/framework/tests/Feature/DocumentationSearchPageTest.php" line="63" assertions="1" time="0.022262"/>
        <testcase name="testStaticRouteKeyHelperWithCustomOutputDirectory" class="Hyde\Framework\Testing\Feature\DocumentationSearchPageTest" classname="Hyde.Framework.Testing.Feature.DocumentationSearchPageTest" file="/home/runner/work/develop/develop/packages/framework/tests/Feature/DocumentationSearchPageTest.php" line="68" assertions="1" time="0.022041"/>
      </testsuite>
      <testsuite name="Hyde\Framework\Testing\Feature\FeaturedImageFactoryTest" file="/home/runner/work/develop/develop/packages/framework/tests/Feature/FeaturedImageFactoryTest.php" tests="8" assertions="27" errors="0" warnings="0" failures="0" skipped="0" time="0.188505">
        <testcase name="testWithDataFromSchema" class="Hyde\Framework\Testing\Feature\FeaturedImageFactoryTest" classname="Hyde.Framework.Testing.Feature.FeaturedImageFactoryTest" file="/home/runner/work/develop/develop/packages/framework/tests/Feature/FeaturedImageFactoryTest.php" line="19" assertions="1" time="0.028013"/>
        <testcase name="testMakeMethodCreatesImageWhenPathIsSet" class="Hyde\Framework\Testing\Feature\FeaturedImageFactoryTest" classname="Hyde.Framework.Testing.Feature.FeaturedImageFactoryTest" file="/home/runner/work/develop/develop/packages/framework/tests/Feature/FeaturedImageFactoryTest.php" line="48" assertions="2" time="0.022174"/>
        <testcase name="testMakeMethodThrowsExceptionIfNoPathInformationIsSet" class="Hyde\Framework\Testing\Feature\FeaturedImageFactoryTest" classname="Hyde.Framework.Testing.Feature.FeaturedImageFactoryTest" file="/home/runner/work/develop/develop/packages/framework/tests/Feature/FeaturedImageFactoryTest.php" line="58" assertions="2" time="0.022217"/>
        <testcase name="testMakeMethodCanCreateImageFromJustString" class="Hyde\Framework\Testing\Feature\FeaturedImageFactoryTest" classname="Hyde.Framework.Testing.Feature.FeaturedImageFactoryTest" file="/home/runner/work/develop/develop/packages/framework/tests/Feature/FeaturedImageFactoryTest.php" line="66" assertions="2" time="0.022349"/>
        <testcase name="testMakeMethodCanCreateImageFromJustStringWithUrl" class="Hyde\Framework\Testing\Feature\FeaturedImageFactoryTest" classname="Hyde.Framework.Testing.Feature.FeaturedImageFactoryTest" file="/home/runner/work/develop/develop/packages/framework/tests/Feature/FeaturedImageFactoryTest.php" line="76" assertions="2" time="0.022068"/>
        <testcase name="testImagePathsAreNormalized" class="Hyde\Framework\Testing\Feature\FeaturedImageFactoryTest" classname="Hyde.Framework.Testing.Feature.FeaturedImageFactoryTest" file="/home/runner/work/develop/develop/packages/framework/tests/Feature/FeaturedImageFactoryTest.php" line="86" assertions="6" time="0.023815"/>
        <testcase name="testImagePathsAreNormalizedForCustomizedMediaDirectory" class="Hyde\Framework\Testing\Feature\FeaturedImageFactoryTest" classname="Hyde.Framework.Testing.Feature.FeaturedImageFactoryTest" file="/home/runner/work/develop/develop/packages/framework/tests/Feature/FeaturedImageFactoryTest.php" line="97" assertions="6" time="0.023902"/>
        <testcase name="testImagePathsAreNormalizedForCustomizedMediaDirectoryWithoutUnderscore" class="Hyde\Framework\Testing\Feature\FeaturedImageFactoryTest" classname="Hyde.Framework.Testing.Feature.FeaturedImageFactoryTest" file="/home/runner/work/develop/develop/packages/framework/tests/Feature/FeaturedImageFactoryTest.php" line="110" assertions="6" time="0.023966"/>
      </testsuite>
      <testsuite name="Hyde\Framework\Testing\Feature\FeaturedImageTest" file="/home/runner/work/develop/develop/packages/framework/tests/Feature/FeaturedImageTest.php" tests="7" assertions="19" errors="0" warnings="0" failures="0" skipped="0" time="0.172980">
        <testcase name="testGetMetadataArray" class="Hyde\Framework\Testing\Feature\FeaturedImageTest" classname="Hyde.Framework.Testing.Feature.FeaturedImageTest" file="/home/runner/work/develop/develop/packages/framework/tests/Feature/FeaturedImageTest.php" line="20" assertions="4" time="0.021985"/>
        <testcase name="testCanConstructFeaturedImage" class="Hyde\Framework\Testing\Feature\FeaturedImageTest" classname="Hyde.Framework.Testing.Feature.FeaturedImageTest" file="/home/runner/work/develop/develop/packages/framework/tests/Feature/FeaturedImageTest.php" line="45" assertions="2" time="0.022355"/>
        <testcase name="testFeaturedImageGetContentLength" class="Hyde\Framework\Testing\Feature\FeaturedImageTest" classname="Hyde.Framework.Testing.Feature.FeaturedImageTest" file="/home/runner/work/develop/develop/packages/framework/tests/Feature/FeaturedImageTest.php" line="53" assertions="1" time="0.022820"/>
        <testcase name="testFeaturedImageGetContentLengthWithRemoteSource" class="Hyde\Framework\Testing\Feature\FeaturedImageTest" classname="Hyde.Framework.Testing.Feature.FeaturedImageTest" file="/home/runner/work/develop/develop/packages/framework/tests/Feature/FeaturedImageTest.php" line="61" assertions="1" time="0.036229"/>
        <testcase name="testFeaturedImageGetContentLengthWithRemoteSourceAndNotFoundResponse" class="Hyde\Framework\Testing\Feature\FeaturedImageTest" classname="Hyde.Framework.Testing.Feature.FeaturedImageTest" file="/home/runner/work/develop/develop/packages/framework/tests/Feature/FeaturedImageTest.php" line="73" assertions="1" time="0.023373"/>
        <testcase name="testFeaturedImageGetContentLengthWithRemoteSourceAndInvalidResponse" class="Hyde\Framework\Testing\Feature\FeaturedImageTest" classname="Hyde.Framework.Testing.Feature.FeaturedImageTest" file="/home/runner/work/develop/develop/packages/framework/tests/Feature/FeaturedImageTest.php" line="83" assertions="1" time="0.022197"/>
        <testcase name="testGetSourceMethod" class="Hyde\Framework\Testing\Feature\FeaturedImageTest" classname="Hyde.Framework.Testing.Feature.FeaturedImageTest" file="/home/runner/work/develop/develop/packages/framework/tests/Feature/FeaturedImageTest.php" line="95" assertions="9" time="0.024022"/>
      </testsuite>
      <testsuite name="Hyde\Framework\Testing\Feature\FileCollectionTest" file="/home/runner/work/develop/develop/packages/framework/tests/Feature/FileCollectionTest.php" tests="9" assertions="16" errors="0" warnings="0" failures="0" skipped="0" time="0.222455">
        <testcase name="test_boot_method_creates_new_page_collection_and_discovers_pages_automatically" class="Hyde\Framework\Testing\Feature\FileCollectionTest" classname="Hyde.Framework.Testing.Feature.FileCollectionTest" file="/home/runner/work/develop/develop/packages/framework/tests/Feature/FileCollectionTest.php" line="26" assertions="3" time="0.022539"/>
        <testcase name="test_get_file_returns_parsed_file_object_for_given_file_path" class="Hyde\Framework\Testing\Feature\FileCollectionTest" classname="Hyde.Framework.Testing.Feature.FileCollectionTest" file="/home/runner/work/develop/develop/packages/framework/tests/Feature/FileCollectionTest.php" line="38" assertions="1" time="0.027913"/>
        <testcase name="test_get_file_throws_exception_when_file_is_not_found" class="Hyde\Framework\Testing\Feature\FileCollectionTest" classname="Hyde.Framework.Testing.Feature.FileCollectionTest" file="/home/runner/work/develop/develop/packages/framework/tests/Feature/FileCollectionTest.php" line="45" assertions="2" time="0.026381"/>
        <testcase name="test_get_source_files_returns_all_discovered_source_files_when_no_parameter_is_supplied" class="Hyde\Framework\Testing\Feature\FileCollectionTest" classname="Hyde.Framework.Testing.Feature.FileCollectionTest" file="/home/runner/work/develop/develop/packages/framework/tests/Feature/FileCollectionTest.php" line="53" assertions="1" time="0.026273"/>
        <testcase name="test_get_source_files_does_not_include_non_page_source_files" class="Hyde\Framework\Testing\Feature\FileCollectionTest" classname="Hyde.Framework.Testing.Feature.FileCollectionTest" file="/home/runner/work/develop/develop/packages/framework/tests/Feature/FileCollectionTest.php" line="61" assertions="1" time="0.024041"/>
        <testcase name="test_blade_pages_are_discovered" class="Hyde\Framework\Testing\Feature\FileCollectionTest" classname="Hyde.Framework.Testing.Feature.FileCollectionTest" file="/home/runner/work/develop/develop/packages/framework/tests/Feature/FileCollectionTest.php" line="71" assertions="2" time="0.023939"/>
        <testcase name="test_markdown_pages_are_discovered" class="Hyde\Framework\Testing\Feature\FileCollectionTest" classname="Hyde.Framework.Testing.Feature.FileCollectionTest" file="/home/runner/work/develop/develop/packages/framework/tests/Feature/FileCollectionTest.php" line="80" assertions="2" time="0.023806"/>
        <testcase name="test_markdown_posts_are_discovered" class="Hyde\Framework\Testing\Feature\FileCollectionTest" classname="Hyde.Framework.Testing.Feature.FileCollectionTest" file="/home/runner/work/develop/develop/packages/framework/tests/Feature/FileCollectionTest.php" line="89" assertions="2" time="0.023786"/>
        <testcase name="test_documentation_pages_are_discovered" class="Hyde\Framework\Testing\Feature\FileCollectionTest" classname="Hyde.Framework.Testing.Feature.FileCollectionTest" file="/home/runner/work/develop/develop/packages/framework/tests/Feature/FileCollectionTest.php" line="98" assertions="2" time="0.023778"/>
      </testsuite>
      <testsuite name="Hyde\Framework\Testing\Feature\FilesystemFacadeTest" file="/home/runner/work/develop/develop/packages/framework/tests/Feature/FilesystemFacadeTest.php" tests="59" assertions="66" errors="0" warnings="0" failures="0" skipped="0" time="1.363003">
        <testcase name="testBasePath" class="Hyde\Framework\Testing\Feature\FilesystemFacadeTest" classname="Hyde.Framework.Testing.Feature.FilesystemFacadeTest" file="/home/runner/work/develop/develop/packages/framework/tests/Feature/FilesystemFacadeTest.php" line="21" assertions="1" time="0.021630"/>
        <testcase name="testAbsolutePath" class="Hyde\Framework\Testing\Feature\FilesystemFacadeTest" classname="Hyde.Framework.Testing.Feature.FilesystemFacadeTest" file="/home/runner/work/develop/develop/packages/framework/tests/Feature/FilesystemFacadeTest.php" line="26" assertions="2" time="0.022409"/>
        <testcase name="testRelativePath" class="Hyde\Framework\Testing\Feature\FilesystemFacadeTest" classname="Hyde.Framework.Testing.Feature.FilesystemFacadeTest" file="/home/runner/work/develop/develop/packages/framework/tests/Feature/FilesystemFacadeTest.php" line="32" assertions="3" time="0.022517"/>
        <testcase name="testSmartGlob" class="Hyde\Framework\Testing\Feature\FilesystemFacadeTest" classname="Hyde.Framework.Testing.Feature.FilesystemFacadeTest" file="/home/runner/work/develop/develop/packages/framework/tests/Feature/FilesystemFacadeTest.php" line="39" assertions="2" time="0.030082"/>
        <testcase name="testTouch" class="Hyde\Framework\Testing\Feature\FilesystemFacadeTest" classname="Hyde.Framework.Testing.Feature.FilesystemFacadeTest" file="/home/runner/work/develop/develop/packages/framework/tests/Feature/FilesystemFacadeTest.php" line="53" assertions="1" time="0.022309"/>
        <testcase name="testUnlink" class="Hyde\Framework\Testing\Feature\FilesystemFacadeTest" classname="Hyde.Framework.Testing.Feature.FilesystemFacadeTest" file="/home/runner/work/develop/develop/packages/framework/tests/Feature/FilesystemFacadeTest.php" line="61" assertions="1" time="0.022618"/>
        <testcase name="testUnlinkIfExists" class="Hyde\Framework\Testing\Feature\FilesystemFacadeTest" classname="Hyde.Framework.Testing.Feature.FilesystemFacadeTest" file="/home/runner/work/develop/develop/packages/framework/tests/Feature/FilesystemFacadeTest.php" line="69" assertions="1" time="0.028985"/>
        <testcase name="testGetContents" class="Hyde\Framework\Testing\Feature\FilesystemFacadeTest" classname="Hyde.Framework.Testing.Feature.FilesystemFacadeTest" file="/home/runner/work/develop/develop/packages/framework/tests/Feature/FilesystemFacadeTest.php" line="77" assertions="1" time="0.023015"/>
        <testcase name="testPutContents" class="Hyde\Framework\Testing\Feature\FilesystemFacadeTest" classname="Hyde.Framework.Testing.Feature.FilesystemFacadeTest" file="/home/runner/work/develop/develop/packages/framework/tests/Feature/FilesystemFacadeTest.php" line="84" assertions="1" time="0.022682"/>
        <testcase name="testExists" class="Hyde\Framework\Testing\Feature\FilesystemFacadeTest" classname="Hyde.Framework.Testing.Feature.FilesystemFacadeTest" file="/home/runner/work/develop/develop/packages/framework/tests/Feature/FilesystemFacadeTest.php" line="91" assertions="1" time="0.022628"/>
        <testcase name="testMissing" class="Hyde\Framework\Testing\Feature\FilesystemFacadeTest" classname="Hyde.Framework.Testing.Feature.FilesystemFacadeTest" file="/home/runner/work/develop/develop/packages/framework/tests/Feature/FilesystemFacadeTest.php" line="98" assertions="1" time="0.022685"/>
        <testcase name="testGet" class="Hyde\Framework\Testing\Feature\FilesystemFacadeTest" classname="Hyde.Framework.Testing.Feature.FilesystemFacadeTest" file="/home/runner/work/develop/develop/packages/framework/tests/Feature/FilesystemFacadeTest.php" line="105" assertions="1" time="0.022607"/>
        <testcase name="testSharedGet" class="Hyde\Framework\Testing\Feature\FilesystemFacadeTest" classname="Hyde.Framework.Testing.Feature.FilesystemFacadeTest" file="/home/runner/work/develop/develop/packages/framework/tests/Feature/FilesystemFacadeTest.php" line="112" assertions="1" time="0.022671"/>
        <testcase name="testGetRequire" class="Hyde\Framework\Testing\Feature\FilesystemFacadeTest" classname="Hyde.Framework.Testing.Feature.FilesystemFacadeTest" file="/home/runner/work/develop/develop/packages/framework/tests/Feature/FilesystemFacadeTest.php" line="119" assertions="1" time="0.022661"/>
        <testcase name="testRequireOnce" class="Hyde\Framework\Testing\Feature\FilesystemFacadeTest" classname="Hyde.Framework.Testing.Feature.FilesystemFacadeTest" file="/home/runner/work/develop/develop/packages/framework/tests/Feature/FilesystemFacadeTest.php" line="126" assertions="1" time="0.022761"/>
        <testcase name="testLines" class="Hyde\Framework\Testing\Feature\FilesystemFacadeTest" classname="Hyde.Framework.Testing.Feature.FilesystemFacadeTest" file="/home/runner/work/develop/develop/packages/framework/tests/Feature/FilesystemFacadeTest.php" line="133" assertions="1" time="0.024590"/>
        <testcase name="testHash" class="Hyde\Framework\Testing\Feature\FilesystemFacadeTest" classname="Hyde.Framework.Testing.Feature.FilesystemFacadeTest" file="/home/runner/work/develop/develop/packages/framework/tests/Feature/FilesystemFacadeTest.php" line="140" assertions="1" time="0.022714"/>
        <testcase name="testPut" class="Hyde\Framework\Testing\Feature\FilesystemFacadeTest" classname="Hyde.Framework.Testing.Feature.FilesystemFacadeTest" file="/home/runner/work/develop/develop/packages/framework/tests/Feature/FilesystemFacadeTest.php" line="147" assertions="1" time="0.022804"/>
        <testcase name="testReplace" class="Hyde\Framework\Testing\Feature\FilesystemFacadeTest" classname="Hyde.Framework.Testing.Feature.FilesystemFacadeTest" file="/home/runner/work/develop/develop/packages/framework/tests/Feature/FilesystemFacadeTest.php" line="154" assertions="1" time="0.022786"/>
        <testcase name="testReplaceInFile" class="Hyde\Framework\Testing\Feature\FilesystemFacadeTest" classname="Hyde.Framework.Testing.Feature.FilesystemFacadeTest" file="/home/runner/work/develop/develop/packages/framework/tests/Feature/FilesystemFacadeTest.php" line="161" assertions="1" time="0.022546"/>
        <testcase name="testPrepend" class="Hyde\Framework\Testing\Feature\FilesystemFacadeTest" classname="Hyde.Framework.Testing.Feature.FilesystemFacadeTest" file="/home/runner/work/develop/develop/packages/framework/tests/Feature/FilesystemFacadeTest.php" line="168" assertions="1" time="0.022629"/>
        <testcase name="testAppend" class="Hyde\Framework\Testing\Feature\FilesystemFacadeTest" classname="Hyde.Framework.Testing.Feature.FilesystemFacadeTest" file="/home/runner/work/develop/develop/packages/framework/tests/Feature/FilesystemFacadeTest.php" line="175" assertions="1" time="0.022720"/>
        <testcase name="testChmod" class="Hyde\Framework\Testing\Feature\FilesystemFacadeTest" classname="Hyde.Framework.Testing.Feature.FilesystemFacadeTest" file="/home/runner/work/develop/develop/packages/framework/tests/Feature/FilesystemFacadeTest.php" line="182" assertions="1" time="0.022794"/>
        <testcase name="testDelete" class="Hyde\Framework\Testing\Feature\FilesystemFacadeTest" classname="Hyde.Framework.Testing.Feature.FilesystemFacadeTest" file="/home/runner/work/develop/develop/packages/framework/tests/Feature/FilesystemFacadeTest.php" line="189" assertions="1" time="0.022623"/>
        <testcase name="testDeleteWithArray" class="Hyde\Framework\Testing\Feature\FilesystemFacadeTest" classname="Hyde.Framework.Testing.Feature.FilesystemFacadeTest" file="/home/runner/work/develop/develop/packages/framework/tests/Feature/FilesystemFacadeTest.php" line="196" assertions="1" time="0.022772"/>
        <testcase name="testMove" class="Hyde\Framework\Testing\Feature\FilesystemFacadeTest" classname="Hyde.Framework.Testing.Feature.FilesystemFacadeTest" file="/home/runner/work/develop/develop/packages/framework/tests/Feature/FilesystemFacadeTest.php" line="203" assertions="1" time="0.022969"/>
        <testcase name="testCopy" class="Hyde\Framework\Testing\Feature\FilesystemFacadeTest" classname="Hyde.Framework.Testing.Feature.FilesystemFacadeTest" file="/home/runner/work/develop/develop/packages/framework/tests/Feature/FilesystemFacadeTest.php" line="210" assertions="1" time="0.022890"/>
        <testcase name="testLink" class="Hyde\Framework\Testing\Feature\FilesystemFacadeTest" classname="Hyde.Framework.Testing.Feature.FilesystemFacadeTest" file="/home/runner/work/develop/develop/packages/framework/tests/Feature/FilesystemFacadeTest.php" line="217" assertions="1" time="0.023087"/>
        <testcase name="testRelativeLink" class="Hyde\Framework\Testing\Feature\FilesystemFacadeTest" classname="Hyde.Framework.Testing.Feature.FilesystemFacadeTest" file="/home/runner/work/develop/develop/packages/framework/tests/Feature/FilesystemFacadeTest.php" line="224" assertions="1" time="0.022844"/>
        <testcase name="testName" class="Hyde\Framework\Testing\Feature\FilesystemFacadeTest" classname="Hyde.Framework.Testing.Feature.FilesystemFacadeTest" file="/home/runner/work/develop/develop/packages/framework/tests/Feature/FilesystemFacadeTest.php" line="231" assertions="1" time="0.022585"/>
        <testcase name="testBasename" class="Hyde\Framework\Testing\Feature\FilesystemFacadeTest" classname="Hyde.Framework.Testing.Feature.FilesystemFacadeTest" file="/home/runner/work/develop/develop/packages/framework/tests/Feature/FilesystemFacadeTest.php" line="238" assertions="1" time="0.022679"/>
        <testcase name="testDirname" class="Hyde\Framework\Testing\Feature\FilesystemFacadeTest" classname="Hyde.Framework.Testing.Feature.FilesystemFacadeTest" file="/home/runner/work/develop/develop/packages/framework/tests/Feature/FilesystemFacadeTest.php" line="245" assertions="1" time="0.022651"/>
        <testcase name="testExtension" class="Hyde\Framework\Testing\Feature\FilesystemFacadeTest" classname="Hyde.Framework.Testing.Feature.FilesystemFacadeTest" file="/home/runner/work/develop/develop/packages/framework/tests/Feature/FilesystemFacadeTest.php" line="252" assertions="1" time="0.022913"/>
        <testcase name="testGuessExtension" class="Hyde\Framework\Testing\Feature\FilesystemFacadeTest" classname="Hyde.Framework.Testing.Feature.FilesystemFacadeTest" file="/home/runner/work/develop/develop/packages/framework/tests/Feature/FilesystemFacadeTest.php" line="259" assertions="1" time="0.022730"/>
        <testcase name="testType" class="Hyde\Framework\Testing\Feature\FilesystemFacadeTest" classname="Hyde.Framework.Testing.Feature.FilesystemFacadeTest" file="/home/runner/work/develop/develop/packages/framework/tests/Feature/FilesystemFacadeTest.php" line="266" assertions="1" time="0.022711"/>
        <testcase name="testMimeType" class="Hyde\Framework\Testing\Feature\FilesystemFacadeTest" classname="Hyde.Framework.Testing.Feature.FilesystemFacadeTest" file="/home/runner/work/develop/develop/packages/framework/tests/Feature/FilesystemFacadeTest.php" line="273" assertions="1" time="0.022645"/>
        <testcase name="testSize" class="Hyde\Framework\Testing\Feature\FilesystemFacadeTest" classname="Hyde.Framework.Testing.Feature.FilesystemFacadeTest" file="/home/runner/work/develop/develop/packages/framework/tests/Feature/FilesystemFacadeTest.php" line="280" assertions="1" time="0.022659"/>
        <testcase name="testLastModified" class="Hyde\Framework\Testing\Feature\FilesystemFacadeTest" classname="Hyde.Framework.Testing.Feature.FilesystemFacadeTest" file="/home/runner/work/develop/develop/packages/framework/tests/Feature/FilesystemFacadeTest.php" line="287" assertions="1" time="0.022668"/>
        <testcase name="testIsDirectory" class="Hyde\Framework\Testing\Feature\FilesystemFacadeTest" classname="Hyde.Framework.Testing.Feature.FilesystemFacadeTest" file="/home/runner/work/develop/develop/packages/framework/tests/Feature/FilesystemFacadeTest.php" line="294" assertions="1" time="0.022940"/>
        <testcase name="testIsEmptyDirectory" class="Hyde\Framework\Testing\Feature\FilesystemFacadeTest" classname="Hyde.Framework.Testing.Feature.FilesystemFacadeTest" file="/home/runner/work/develop/develop/packages/framework/tests/Feature/FilesystemFacadeTest.php" line="301" assertions="1" time="0.022771"/>
        <testcase name="testIsReadable" class="Hyde\Framework\Testing\Feature\FilesystemFacadeTest" classname="Hyde.Framework.Testing.Feature.FilesystemFacadeTest" file="/home/runner/work/develop/develop/packages/framework/tests/Feature/FilesystemFacadeTest.php" line="308" assertions="1" time="0.022515"/>
        <testcase name="testIsWritable" class="Hyde\Framework\Testing\Feature\FilesystemFacadeTest" classname="Hyde.Framework.Testing.Feature.FilesystemFacadeTest" file="/home/runner/work/develop/develop/packages/framework/tests/Feature/FilesystemFacadeTest.php" line="315" assertions="1" time="0.022445"/>
        <testcase name="testHasSameHash" class="Hyde\Framework\Testing\Feature\FilesystemFacadeTest" classname="Hyde.Framework.Testing.Feature.FilesystemFacadeTest" file="/home/runner/work/develop/develop/packages/framework/tests/Feature/FilesystemFacadeTest.php" line="322" assertions="1" time="0.022810"/>
        <testcase name="testIsFile" class="Hyde\Framework\Testing\Feature\FilesystemFacadeTest" classname="Hyde.Framework.Testing.Feature.FilesystemFacadeTest" file="/home/runner/work/develop/develop/packages/framework/tests/Feature/FilesystemFacadeTest.php" line="329" assertions="1" time="0.030133"/>
        <testcase name="testGlob" class="Hyde\Framework\Testing\Feature\FilesystemFacadeTest" classname="Hyde.Framework.Testing.Feature.FilesystemFacadeTest" file="/home/runner/work/develop/develop/packages/framework/tests/Feature/FilesystemFacadeTest.php" line="336" assertions="1" time="0.022839"/>
        <testcase name="testFiles" class="Hyde\Framework\Testing\Feature\FilesystemFacadeTest" classname="Hyde.Framework.Testing.Feature.FilesystemFacadeTest" file="/home/runner/work/develop/develop/packages/framework/tests/Feature/FilesystemFacadeTest.php" line="343" assertions="1" time="0.022735"/>
        <testcase name="testAllFiles" class="Hyde\Framework\Testing\Feature\FilesystemFacadeTest" classname="Hyde.Framework.Testing.Feature.FilesystemFacadeTest" file="/home/runner/work/develop/develop/packages/framework/tests/Feature/FilesystemFacadeTest.php" line="350" assertions="1" time="0.022697"/>
        <testcase name="testDirectories" class="Hyde\Framework\Testing\Feature\FilesystemFacadeTest" classname="Hyde.Framework.Testing.Feature.FilesystemFacadeTest" file="/home/runner/work/develop/develop/packages/framework/tests/Feature/FilesystemFacadeTest.php" line="357" assertions="1" time="0.022788"/>
        <testcase name="testEnsureDirectoryExists" class="Hyde\Framework\Testing\Feature\FilesystemFacadeTest" classname="Hyde.Framework.Testing.Feature.FilesystemFacadeTest" file="/home/runner/work/develop/develop/packages/framework/tests/Feature/FilesystemFacadeTest.php" line="364" assertions="1" time="0.022826"/>
        <testcase name="testMakeDirectory" class="Hyde\Framework\Testing\Feature\FilesystemFacadeTest" classname="Hyde.Framework.Testing.Feature.FilesystemFacadeTest" file="/home/runner/work/develop/develop/packages/framework/tests/Feature/FilesystemFacadeTest.php" line="371" assertions="1" time="0.022849"/>
        <testcase name="testMoveDirectory" class="Hyde\Framework\Testing\Feature\FilesystemFacadeTest" classname="Hyde.Framework.Testing.Feature.FilesystemFacadeTest" file="/home/runner/work/develop/develop/packages/framework/tests/Feature/FilesystemFacadeTest.php" line="378" assertions="1" time="0.023116"/>
        <testcase name="testCopyDirectory" class="Hyde\Framework\Testing\Feature\FilesystemFacadeTest" classname="Hyde.Framework.Testing.Feature.FilesystemFacadeTest" file="/home/runner/work/develop/develop/packages/framework/tests/Feature/FilesystemFacadeTest.php" line="385" assertions="1" time="0.022926"/>
        <testcase name="testDeleteDirectory" class="Hyde\Framework\Testing\Feature\FilesystemFacadeTest" classname="Hyde.Framework.Testing.Feature.FilesystemFacadeTest" file="/home/runner/work/develop/develop/packages/framework/tests/Feature/FilesystemFacadeTest.php" line="392" assertions="1" time="0.022878"/>
        <testcase name="testDeleteDirectories" class="Hyde\Framework\Testing\Feature\FilesystemFacadeTest" classname="Hyde.Framework.Testing.Feature.FilesystemFacadeTest" file="/home/runner/work/develop/develop/packages/framework/tests/Feature/FilesystemFacadeTest.php" line="399" assertions="1" time="0.022845"/>
        <testcase name="testCleanDirectory" class="Hyde\Framework\Testing\Feature\FilesystemFacadeTest" classname="Hyde.Framework.Testing.Feature.FilesystemFacadeTest" file="/home/runner/work/develop/develop/packages/framework/tests/Feature/FilesystemFacadeTest.php" line="406" assertions="1" time="0.022746"/>
        <testcase name="test_method_without_mocking" class="Hyde\Framework\Testing\Feature\FilesystemFacadeTest" classname="Hyde.Framework.Testing.Feature.FilesystemFacadeTest" file="/home/runner/work/develop/develop/packages/framework/tests/Feature/FilesystemFacadeTest.php" line="413" assertions="2" time="0.022668"/>
        <testcase name="test_method_with_named_arguments" class="Hyde\Framework\Testing\Feature\FilesystemFacadeTest" classname="Hyde.Framework.Testing.Feature.FilesystemFacadeTest" file="/home/runner/work/develop/develop/packages/framework/tests/Feature/FilesystemFacadeTest.php" line="421" assertions="2" time="0.022686"/>
        <testcase name="test_method_with_mixed_sequential_and_named_arguments" class="Hyde\Framework\Testing\Feature\FilesystemFacadeTest" classname="Hyde.Framework.Testing.Feature.FilesystemFacadeTest" file="/home/runner/work/develop/develop/packages/framework/tests/Feature/FilesystemFacadeTest.php" line="429" assertions="2" time="0.022717"/>
        <testcase name="test_method_with_mixed_sequential_and_named_arguments_skipping_middle_one" class="Hyde\Framework\Testing\Feature\FilesystemFacadeTest" classname="Hyde.Framework.Testing.Feature.FilesystemFacadeTest" file="/home/runner/work/develop/develop/packages/framework/tests/Feature/FilesystemFacadeTest.php" line="437" assertions="1" time="0.022805"/>
      </testsuite>
      <testsuite name="Hyde\Framework\Testing\Feature\Foundation\FilesystemTest" file="/home/runner/work/develop/develop/packages/framework/tests/Feature/Foundation/FilesystemTest.php" tests="50" assertions="83" errors="0" warnings="0" failures="0" skipped="0" time="0.037844">
        <testcase name="testGetBasePathReturnsKernelsBasePath" class="Hyde\Framework\Testing\Feature\Foundation\FilesystemTest" classname="Hyde.Framework.Testing.Feature.Foundation.FilesystemTest" file="/home/runner/work/develop/develop/packages/framework/tests/Feature/Foundation/FilesystemTest.php" line="50" assertions="1" time="0.000566"/>
        <testcase name="testPathMethodExists" class="Hyde\Framework\Testing\Feature\Foundation\FilesystemTest" classname="Hyde.Framework.Testing.Feature.Foundation.FilesystemTest" file="/home/runner/work/develop/develop/packages/framework/tests/Feature/Foundation/FilesystemTest.php" line="56" assertions="1" time="0.000739"/>
        <testcase name="testPathMethodReturnsString" class="Hyde\Framework\Testing\Feature\Foundation\FilesystemTest" classname="Hyde.Framework.Testing.Feature.Foundation.FilesystemTest" file="/home/runner/work/develop/develop/packages/framework/tests/Feature/Foundation/FilesystemTest.php" line="61" assertions="1" time="0.000679"/>
        <testcase name="testPathMethodReturnsBasePathWhenNotSuppliedWithArgument" class="Hyde\Framework\Testing\Feature\Foundation\FilesystemTest" classname="Hyde.Framework.Testing.Feature.Foundation.FilesystemTest" file="/home/runner/work/develop/develop/packages/framework/tests/Feature/Foundation/FilesystemTest.php" line="66" assertions="1" time="0.000701"/>
        <testcase name="testPathMethodReturnsPathRelativeToBasePathWhenSuppliedWithArgument" class="Hyde\Framework\Testing\Feature\Foundation\FilesystemTest" classname="Hyde.Framework.Testing.Feature.Foundation.FilesystemTest" file="/home/runner/work/develop/develop/packages/framework/tests/Feature/Foundation/FilesystemTest.php" line="72" assertions="1" time="0.000740"/>
        <testcase name="testPathMethodReturnsQualifiedFilePathWhenSuppliedWithArgument" class="Hyde\Framework\Testing\Feature\Foundation\FilesystemTest" classname="Hyde.Framework.Testing.Feature.Foundation.FilesystemTest" file="/home/runner/work/develop/develop/packages/framework/tests/Feature/Foundation/FilesystemTest.php" line="78" assertions="1" time="0.000722"/>
        <testcase name="testPathMethodReturnsExpectedValueForNestedPathArguments" class="Hyde\Framework\Testing\Feature\Foundation\FilesystemTest" classname="Hyde.Framework.Testing.Feature.Foundation.FilesystemTest" file="/home/runner/work/develop/develop/packages/framework/tests/Feature/Foundation/FilesystemTest.php" line="84" assertions="1" time="0.000728"/>
        <testcase name="testPathMethodStripsTrailingDirectorySeparatorsFromArgument" class="Hyde\Framework\Testing\Feature\Foundation\FilesystemTest" classname="Hyde.Framework.Testing.Feature.Foundation.FilesystemTest" file="/home/runner/work/develop/develop/packages/framework/tests/Feature/Foundation/FilesystemTest.php" line="90" assertions="1" time="0.000721"/>
        <testcase name="testPathMethodReturnsExpectedValueRegardlessOfTrailingDirectorySeparatorsInArgument" class="Hyde\Framework\Testing\Feature\Foundation\FilesystemTest" classname="Hyde.Framework.Testing.Feature.Foundation.FilesystemTest" file="/home/runner/work/develop/develop/packages/framework/tests/Feature/Foundation/FilesystemTest.php" line="96" assertions="1" time="0.000711"/>
        <testcase name="testPathMethodResolvesAlreadyAbsolutePaths" class="Hyde\Framework\Testing\Feature\Foundation\FilesystemTest" classname="Hyde.Framework.Testing.Feature.Foundation.FilesystemTest" file="/home/runner/work/develop/develop/packages/framework/tests/Feature/Foundation/FilesystemTest.php" line="102" assertions="1" time="0.000733"/>
        <testcase name="testPathMethodResolvesAlreadyAbsolutePathsUsingHelper" class="Hyde\Framework\Testing\Feature\Foundation\FilesystemTest" classname="Hyde.Framework.Testing.Feature.Foundation.FilesystemTest" file="/home/runner/work/develop/develop/packages/framework/tests/Feature/Foundation/FilesystemTest.php" line="108" assertions="1" time="0.000770"/>
        <testcase name="testPathMethodResolvesAlreadyAbsolutePathsUsingHelperWithTrailingSlash" class="Hyde\Framework\Testing\Feature\Foundation\FilesystemTest" classname="Hyde.Framework.Testing.Feature.Foundation.FilesystemTest" file="/home/runner/work/develop/develop/packages/framework/tests/Feature/Foundation/FilesystemTest.php" line="113" assertions="1" time="0.000730"/>
        <testcase name="testHydePathMethodExists" class="Hyde\Framework\Testing\Feature\Foundation\FilesystemTest" classname="Hyde.Framework.Testing.Feature.Foundation.FilesystemTest" file="/home/runner/work/develop/develop/packages/framework/tests/Feature/Foundation/FilesystemTest.php" line="118" assertions="1" time="0.000643"/>
        <testcase name="testHydePathStringIsReturned" class="Hyde\Framework\Testing\Feature\Foundation\FilesystemTest" classname="Hyde.Framework.Testing.Feature.Foundation.FilesystemTest" file="/home/runner/work/develop/develop/packages/framework/tests/Feature/Foundation/FilesystemTest.php" line="123" assertions="1" time="0.000653"/>
        <testcase name="testHydePathReturnedDirectoryContainsContentExpectedToBeInTheProjectDirectory" class="Hyde\Framework\Testing\Feature\Foundation\FilesystemTest" classname="Hyde.Framework.Testing.Feature.Foundation.FilesystemTest" file="/home/runner/work/develop/develop/packages/framework/tests/Feature/Foundation/FilesystemTest.php" line="128" assertions="1" time="0.000703"/>
        <testcase name="testVendorPathMethodExists" class="Hyde\Framework\Testing\Feature\Foundation\FilesystemTest" classname="Hyde.Framework.Testing.Feature.Foundation.FilesystemTest" file="/home/runner/work/develop/develop/packages/framework/tests/Feature/Foundation/FilesystemTest.php" line="133" assertions="1" time="0.000637"/>
        <testcase name="testVendorPathMethodReturnsString" class="Hyde\Framework\Testing\Feature\Foundation\FilesystemTest" classname="Hyde.Framework.Testing.Feature.Foundation.FilesystemTest" file="/home/runner/work/develop/develop/packages/framework/tests/Feature/Foundation/FilesystemTest.php" line="138" assertions="1" time="0.000683"/>
        <testcase name="testVendorPathMethodReturnsTheVendorPath" class="Hyde\Framework\Testing\Feature\Foundation\FilesystemTest" classname="Hyde.Framework.Testing.Feature.Foundation.FilesystemTest" file="/home/runner/work/develop/develop/packages/framework/tests/Feature/Foundation/FilesystemTest.php" line="143" assertions="1" time="0.000747"/>
        <testcase name="testVendorPathMethodReturnsQualifiedFilePathWhenSuppliedWithArgument" class="Hyde\Framework\Testing\Feature\Foundation\FilesystemTest" classname="Hyde.Framework.Testing.Feature.Foundation.FilesystemTest" file="/home/runner/work/develop/develop/packages/framework/tests/Feature/Foundation/FilesystemTest.php" line="148" assertions="1" time="0.000730"/>
        <testcase name="testVendorPathMethodReturnsExpectedValueRegardlessOfTrailingDirectorySeparatorsInArgument" class="Hyde\Framework\Testing\Feature\Foundation\FilesystemTest" classname="Hyde.Framework.Testing.Feature.Foundation.FilesystemTest" file="/home/runner/work/develop/develop/packages/framework/tests/Feature/Foundation/FilesystemTest.php" line="153" assertions="1" time="0.000710"/>
        <testcase name="testVendorPathCanSpecifyWhichHydePackageToUse" class="Hyde\Framework\Testing\Feature\Foundation\FilesystemTest" classname="Hyde.Framework.Testing.Feature.Foundation.FilesystemTest" file="/home/runner/work/develop/develop/packages/framework/tests/Feature/Foundation/FilesystemTest.php" line="159" assertions="2" time="0.000794"/>
        <testcase name="testVendorPathCanRunInPhar" class="Hyde\Framework\Testing\Feature\Foundation\FilesystemTest" classname="Hyde.Framework.Testing.Feature.Foundation.FilesystemTest" file="/home/runner/work/develop/develop/packages/framework/tests/Feature/Foundation/FilesystemTest.php" line="165" assertions="1" time="0.000780"/>
        <testcase name="testTouchHelperCreatesFileAtGivenPath" class="Hyde\Framework\Testing\Feature\Foundation\FilesystemTest" classname="Hyde.Framework.Testing.Feature.Foundation.FilesystemTest" file="/home/runner/work/develop/develop/packages/framework/tests/Feature/Foundation/FilesystemTest.php" line="179" assertions="2" time="0.000853"/>
        <testcase name="testTouchHelperCreatesMultipleFilesAtGivenPaths" class="Hyde\Framework\Testing\Feature\Foundation\FilesystemTest" classname="Hyde.Framework.Testing.Feature.Foundation.FilesystemTest" file="/home/runner/work/develop/develop/packages/framework/tests/Feature/Foundation/FilesystemTest.php" line="186" assertions="3" time="0.000991"/>
        <testcase name="testUnlinkHelperDeletesFileAtGivenPath" class="Hyde\Framework\Testing\Feature\Foundation\FilesystemTest" classname="Hyde.Framework.Testing.Feature.Foundation.FilesystemTest" file="/home/runner/work/develop/develop/packages/framework/tests/Feature/Foundation/FilesystemTest.php" line="195" assertions="2" time="0.000842"/>
        <testcase name="testUnlinkHelperDeletesMultipleFilesAtGivenPaths" class="Hyde\Framework\Testing\Feature\Foundation\FilesystemTest" classname="Hyde.Framework.Testing.Feature.Foundation.FilesystemTest" file="/home/runner/work/develop/develop/packages/framework/tests/Feature/Foundation/FilesystemTest.php" line="202" assertions="3" time="0.000977"/>
        <testcase name="testUnlinkIfExistsHelperDeletesFileAtGivenPath" class="Hyde\Framework\Testing\Feature\Foundation\FilesystemTest" classname="Hyde.Framework.Testing.Feature.Foundation.FilesystemTest" file="/home/runner/work/develop/develop/packages/framework/tests/Feature/Foundation/FilesystemTest.php" line="211" assertions="2" time="0.000848"/>
        <testcase name="testUnlinkIfExistsHandlesNonExistentFilesGracefully" class="Hyde\Framework\Testing\Feature\Foundation\FilesystemTest" classname="Hyde.Framework.Testing.Feature.Foundation.FilesystemTest" file="/home/runner/work/develop/develop/packages/framework/tests/Feature/Foundation/FilesystemTest.php" line="218" assertions="1" time="0.000710"/>
        <testcase name="testGetModelSourcePathMethodReturnsPathForModelClasses" class="Hyde\Framework\Testing\Feature\Foundation\FilesystemTest" classname="Hyde.Framework.Testing.Feature.Foundation.FilesystemTest" file="/home/runner/work/develop/develop/packages/framework/tests/Feature/Foundation/FilesystemTest.php" line="223" assertions="5" time="0.001046"/>
        <testcase name="testGetModelSourcePathMethodReturnsPathToFileForModelClasses" class="Hyde\Framework\Testing\Feature\Foundation\FilesystemTest" classname="Hyde.Framework.Testing.Feature.Foundation.FilesystemTest" file="/home/runner/work/develop/develop/packages/framework/tests/Feature/Foundation/FilesystemTest.php" line="232" assertions="5" time="0.001074"/>
        <testcase name="testHelperForBladePages" class="Hyde\Framework\Testing\Feature\Foundation\FilesystemTest" classname="Hyde.Framework.Testing.Feature.Foundation.FilesystemTest" file="/home/runner/work/develop/develop/packages/framework/tests/Feature/Foundation/FilesystemTest.php" line="241" assertions="1" time="0.000733"/>
        <testcase name="testHelperForMarkdownPages" class="Hyde\Framework\Testing\Feature\Foundation\FilesystemTest" classname="Hyde.Framework.Testing.Feature.Foundation.FilesystemTest" file="/home/runner/work/develop/develop/packages/framework/tests/Feature/Foundation/FilesystemTest.php" line="246" assertions="1" time="0.000767"/>
        <testcase name="testHelperForMarkdownPosts" class="Hyde\Framework\Testing\Feature\Foundation\FilesystemTest" classname="Hyde.Framework.Testing.Feature.Foundation.FilesystemTest" file="/home/runner/work/develop/develop/packages/framework/tests/Feature/Foundation/FilesystemTest.php" line="251" assertions="1" time="0.000721"/>
        <testcase name="testHelperForDocumentationPages" class="Hyde\Framework\Testing\Feature\Foundation\FilesystemTest" classname="Hyde.Framework.Testing.Feature.Foundation.FilesystemTest" file="/home/runner/work/develop/develop/packages/framework/tests/Feature/Foundation/FilesystemTest.php" line="256" assertions="1" time="0.000741"/>
        <testcase name="testHelperForMediaPath" class="Hyde\Framework\Testing\Feature\Foundation\FilesystemTest" classname="Hyde.Framework.Testing.Feature.Foundation.FilesystemTest" file="/home/runner/work/develop/develop/packages/framework/tests/Feature/Foundation/FilesystemTest.php" line="261" assertions="1" time="0.000718"/>
        <testcase name="testHelperForMediaPathReturnsPathToFileWithinTheDirectory" class="Hyde\Framework\Testing\Feature\Foundation\FilesystemTest" classname="Hyde.Framework.Testing.Feature.Foundation.FilesystemTest" file="/home/runner/work/develop/develop/packages/framework/tests/Feature/Foundation/FilesystemTest.php" line="266" assertions="1" time="0.000730"/>
        <testcase name="testGetMediaPathReturnsAbsolutePath" class="Hyde\Framework\Testing\Feature\Foundation\FilesystemTest" classname="Hyde.Framework.Testing.Feature.Foundation.FilesystemTest" file="/home/runner/work/develop/develop/packages/framework/tests/Feature/Foundation/FilesystemTest.php" line="271" assertions="1" time="0.000706"/>
        <testcase name="testHelperForMediaOutputPath" class="Hyde\Framework\Testing\Feature\Foundation\FilesystemTest" classname="Hyde.Framework.Testing.Feature.Foundation.FilesystemTest" file="/home/runner/work/develop/develop/packages/framework/tests/Feature/Foundation/FilesystemTest.php" line="276" assertions="1" time="0.000753"/>
        <testcase name="testHelperForMediaOutputPathReturnsPathToFileWithinTheDirectory" class="Hyde\Framework\Testing\Feature\Foundation\FilesystemTest" classname="Hyde.Framework.Testing.Feature.Foundation.FilesystemTest" file="/home/runner/work/develop/develop/packages/framework/tests/Feature/Foundation/FilesystemTest.php" line="281" assertions="1" time="0.000736"/>
        <testcase name="testGetMediaOutputPathReturnsAbsolutePath" class="Hyde\Framework\Testing\Feature\Foundation\FilesystemTest" classname="Hyde.Framework.Testing.Feature.Foundation.FilesystemTest" file="/home/runner/work/develop/develop/packages/framework/tests/Feature/Foundation/FilesystemTest.php" line="286" assertions="1" time="0.000733"/>
        <testcase name="testHelperForSiteOutputPath" class="Hyde\Framework\Testing\Feature\Foundation\FilesystemTest" classname="Hyde.Framework.Testing.Feature.Foundation.FilesystemTest" file="/home/runner/work/develop/develop/packages/framework/tests/Feature/Foundation/FilesystemTest.php" line="291" assertions="1" time="0.000709"/>
        <testcase name="testHelperForSiteOutputPathReturnsPathToFileWithinTheDirectory" class="Hyde\Framework\Testing\Feature\Foundation\FilesystemTest" classname="Hyde.Framework.Testing.Feature.Foundation.FilesystemTest" file="/home/runner/work/develop/develop/packages/framework/tests/Feature/Foundation/FilesystemTest.php" line="296" assertions="1" time="0.000708"/>
        <testcase name="testGetSiteOutputPathReturnsAbsolutePath" class="Hyde\Framework\Testing\Feature\Foundation\FilesystemTest" classname="Hyde.Framework.Testing.Feature.Foundation.FilesystemTest" file="/home/runner/work/develop/develop/packages/framework/tests/Feature/Foundation/FilesystemTest.php" line="301" assertions="1" time="0.000693"/>
        <testcase name="testSiteOutputPathHelperIgnoresTrailingSlashes" class="Hyde\Framework\Testing\Feature\Foundation\FilesystemTest" classname="Hyde.Framework.Testing.Feature.Foundation.FilesystemTest" file="/home/runner/work/develop/develop/packages/framework/tests/Feature/Foundation/FilesystemTest.php" line="306" assertions="1" time="0.000694"/>
        <testcase name="testPathToAbsolute" class="Hyde\Framework\Testing\Feature\Foundation\FilesystemTest" classname="Hyde.Framework.Testing.Feature.Foundation.FilesystemTest" file="/home/runner/work/develop/develop/packages/framework/tests/Feature/Foundation/FilesystemTest.php" line="311" assertions="1" time="0.000665"/>
        <testcase name="testPathToAbsoluteHelperIsAliasForPathHelper" class="Hyde\Framework\Testing\Feature\Foundation\FilesystemTest" classname="Hyde.Framework.Testing.Feature.Foundation.FilesystemTest" file="/home/runner/work/develop/develop/packages/framework/tests/Feature/Foundation/FilesystemTest.php" line="316" assertions="1" time="0.000675"/>
        <testcase name="testPathToAbsoluteCanConvertArrayOfPaths" class="Hyde\Framework\Testing\Feature\Foundation\FilesystemTest" classname="Hyde.Framework.Testing.Feature.Foundation.FilesystemTest" file="/home/runner/work/develop/develop/packages/framework/tests/Feature/Foundation/FilesystemTest.php" line="321" assertions="1" time="0.000770"/>
        <testcase name="testPathToRelativeHelperDecodesHydePathIntoRelative" class="Hyde\Framework\Testing\Feature\Foundation\FilesystemTest" classname="Hyde.Framework.Testing.Feature.Foundation.FilesystemTest" file="/home/runner/work/develop/develop/packages/framework/tests/Feature/Foundation/FilesystemTest.php" line="329" assertions="5" time="0.000969"/>
        <testcase name="testPathToRelativeHelperDoesNotModifyAlreadyRelativePaths" class="Hyde\Framework\Testing\Feature\Foundation\FilesystemTest" classname="Hyde.Framework.Testing.Feature.Foundation.FilesystemTest" file="/home/runner/work/develop/develop/packages/framework/tests/Feature/Foundation/FilesystemTest.php" line="338" assertions="7" time="0.000806"/>
        <testcase name="testPathToRelativeHelperDoesNotModifyNonProjectPaths" class="Hyde\Framework\Testing\Feature\Foundation\FilesystemTest" classname="Hyde.Framework.Testing.Feature.Foundation.FilesystemTest" file="/home/runner/work/develop/develop/packages/framework/tests/Feature/Foundation/FilesystemTest.php" line="349" assertions="8" time="0.000851"/>
      </testsuite>
      <testsuite name="Hyde\Framework\Testing\Feature\Foundation\HyperlinksTest" file="/home/runner/work/develop/develop/packages/framework/tests/Feature/Foundation/HyperlinksTest.php" tests="11" assertions="17" errors="0" warnings="0" failures="0" skipped="0" time="0.243461">
        <testcase name="test_asset_helper_gets_relative_web_link_to_image_stored_in_site_media_folder" class="Hyde\Framework\Testing\Feature\Foundation\HyperlinksTest" classname="Hyde.Framework.Testing.Feature.Foundation.HyperlinksTest" file="/home/runner/work/develop/develop/packages/framework/tests/Feature/Foundation/HyperlinksTest.php" line="27" assertions="4" time="0.022019"/>
        <testcase name="test_asset_helper_resolves_paths_for_nested_pages" class="Hyde\Framework\Testing\Feature\Foundation\HyperlinksTest" classname="Hyde.Framework.Testing.Feature.Foundation.HyperlinksTest" file="/home/runner/work/develop/develop/packages/framework/tests/Feature/Foundation/HyperlinksTest.php" line="41" assertions="4" time="0.022553"/>
        <testcase name="test_asset_helper_returns_qualified_absolute_uri_when_requested_and_site_has_base_url" class="Hyde\Framework\Testing\Feature\Foundation\HyperlinksTest" classname="Hyde.Framework.Testing.Feature.Foundation.HyperlinksTest" file="/home/runner/work/develop/develop/packages/framework/tests/Feature/Foundation/HyperlinksTest.php" line="56" assertions="1" time="0.021708"/>
        <testcase name="test_asset_helper_returns_default_relative_path_when_qualified_absolute_uri_is_requested_but_site_has_no_base_url" class="Hyde\Framework\Testing\Feature\Foundation\HyperlinksTest" classname="Hyde.Framework.Testing.Feature.Foundation.HyperlinksTest" file="/home/runner/work/develop/develop/packages/framework/tests/Feature/Foundation/HyperlinksTest.php" line="61" assertions="1" time="0.021988"/>
        <testcase name="test_asset_helper_returns_input_when_qualified_absolute_uri_is_requested_but_image_is_already_qualified" class="Hyde\Framework\Testing\Feature\Foundation\HyperlinksTest" classname="Hyde.Framework.Testing.Feature.Foundation.HyperlinksTest" file="/home/runner/work/develop/develop/packages/framework/tests/Feature/Foundation/HyperlinksTest.php" line="67" assertions="1" time="0.021704"/>
        <testcase name="test_asset_helper_uses_configured_media_directory" class="Hyde\Framework\Testing\Feature\Foundation\HyperlinksTest" classname="Hyde.Framework.Testing.Feature.Foundation.HyperlinksTest" file="/home/runner/work/develop/develop/packages/framework/tests/Feature/Foundation/HyperlinksTest.php" line="72" assertions="1" time="0.022088"/>
        <testcase name="test_media_link_helper" class="Hyde\Framework\Testing\Feature\Foundation\HyperlinksTest" classname="Hyde.Framework.Testing.Feature.Foundation.HyperlinksTest" file="/home/runner/work/develop/develop/packages/framework/tests/Feature/Foundation/HyperlinksTest.php" line="78" assertions="1" time="0.022105"/>
        <testcase name="test_media_link_helper_with_relative_path" class="Hyde\Framework\Testing\Feature\Foundation\HyperlinksTest" classname="Hyde.Framework.Testing.Feature.Foundation.HyperlinksTest" file="/home/runner/work/develop/develop/packages/framework/tests/Feature/Foundation/HyperlinksTest.php" line="83" assertions="1" time="0.022472"/>
        <testcase name="test_media_link_helper_uses_configured_media_directory" class="Hyde\Framework\Testing\Feature\Foundation\HyperlinksTest" classname="Hyde.Framework.Testing.Feature.Foundation.HyperlinksTest" file="/home/runner/work/develop/develop/packages/framework/tests/Feature/Foundation/HyperlinksTest.php" line="89" assertions="1" time="0.021976"/>
        <testcase name="test_media_link_helper_with_validation_and_existing_file" class="Hyde\Framework\Testing\Feature\Foundation\HyperlinksTest" classname="Hyde.Framework.Testing.Feature.Foundation.HyperlinksTest" file="/home/runner/work/develop/develop/packages/framework/tests/Feature/Foundation/HyperlinksTest.php" line="95" assertions="1" time="0.022692"/>
        <testcase name="test_media_link_helper_with_validation_and_non_existing_file" class="Hyde\Framework\Testing\Feature\Foundation\HyperlinksTest" classname="Hyde.Framework.Testing.Feature.Foundation.HyperlinksTest" file="/home/runner/work/develop/develop/packages/framework/tests/Feature/Foundation/HyperlinksTest.php" line="101" assertions="1" time="0.022157"/>
      </testsuite>
      <testsuite name="Hyde\Framework\Testing\Feature\GlobalMetadataBagTest" file="/home/runner/work/develop/develop/packages/framework/tests/Feature/GlobalMetadataBagTest.php" tests="9" assertions="9" errors="0" warnings="0" failures="0" skipped="0" time="0.239372">
        <testcase name="test_site_metadata_adds_config_defined_metadata" class="Hyde\Framework\Testing\Feature\GlobalMetadataBagTest" classname="Hyde.Framework.Testing.Feature.GlobalMetadataBagTest" file="/home/runner/work/develop/develop/packages/framework/tests/Feature/GlobalMetadataBagTest.php" line="18" assertions="1" time="0.022033"/>
        <testcase name="test_site_metadata_automatically_adds_sitemap_when_enabled" class="Hyde\Framework\Testing\Feature\GlobalMetadataBagTest" classname="Hyde.Framework.Testing.Feature.GlobalMetadataBagTest" file="/home/runner/work/develop/develop/packages/framework/tests/Feature/GlobalMetadataBagTest.php" line="38" assertions="1" time="0.022572"/>
        <testcase name="test_site_metadata_sitemap_uses_configured_site_url" class="Hyde\Framework\Testing\Feature\GlobalMetadataBagTest" classname="Hyde.Framework.Testing.Feature.GlobalMetadataBagTest" file="/home/runner/work/develop/develop/packages/framework/tests/Feature/GlobalMetadataBagTest.php" line="48" assertions="1" time="0.022657"/>
        <testcase name="test_site_metadata_automatically_adds_rss_feed_when_enabled" class="Hyde\Framework\Testing\Feature\GlobalMetadataBagTest" classname="Hyde.Framework.Testing.Feature.GlobalMetadataBagTest" file="/home/runner/work/develop/develop/packages/framework/tests/Feature/GlobalMetadataBagTest.php" line="58" assertions="1" time="0.029393"/>
        <testcase name="test_site_metadata_rss_feed_uses_configured_site_url" class="Hyde\Framework\Testing\Feature\GlobalMetadataBagTest" classname="Hyde.Framework.Testing.Feature.GlobalMetadataBagTest" file="/home/runner/work/develop/develop/packages/framework/tests/Feature/GlobalMetadataBagTest.php" line="69" assertions="1" time="0.029503"/>
        <testcase name="test_site_metadata_rss_feed_uses_configured_site_name" class="Hyde\Framework\Testing\Feature\GlobalMetadataBagTest" classname="Hyde.Framework.Testing.Feature.GlobalMetadataBagTest" file="/home/runner/work/develop/develop/packages/framework/tests/Feature/GlobalMetadataBagTest.php" line="80" assertions="1" time="0.029586"/>
        <testcase name="test_site_metadata_rss_feed_uses_configured_rss_file_name" class="Hyde\Framework\Testing\Feature\GlobalMetadataBagTest" classname="Hyde.Framework.Testing.Feature.GlobalMetadataBagTest" file="/home/runner/work/develop/develop/packages/framework/tests/Feature/GlobalMetadataBagTest.php" line="95" assertions="1" time="0.029838"/>
        <testcase name="test_metadata_existing_in_the_current_page_is_not_added" class="Hyde\Framework\Testing\Feature\GlobalMetadataBagTest" classname="Hyde.Framework.Testing.Feature.GlobalMetadataBagTest" file="/home/runner/work/develop/develop/packages/framework/tests/Feature/GlobalMetadataBagTest.php" line="110" assertions="1" time="0.023941"/>
        <testcase name="test_metadata_existing_in_the_current_page_is_not_added_regardless_of_its_value" class="Hyde\Framework\Testing\Feature\GlobalMetadataBagTest" classname="Hyde.Framework.Testing.Feature.GlobalMetadataBagTest" file="/home/runner/work/develop/develop/packages/framework/tests/Feature/GlobalMetadataBagTest.php" line="131" assertions="1" time="0.029849"/>
      </testsuite>
      <testsuite name="Hyde\Framework\Testing\Feature\HelpersTest" file="/home/runner/work/develop/develop/packages/framework/tests/Feature/HelpersTest.php" tests="24" assertions="41" errors="0" warnings="0" failures="0" skipped="0" time="0.532290">
        <testcase name="test_hyde_function_exists" class="Hyde\Framework\Testing\Feature\HelpersTest" classname="Hyde.Framework.Testing.Feature.HelpersTest" file="/home/runner/work/develop/develop/packages/framework/tests/Feature/HelpersTest.php" line="22" assertions="1" time="0.021354"/>
        <testcase name="test_hyde_function_returns_hyde_kernel_class" class="Hyde\Framework\Testing\Feature\HelpersTest" classname="Hyde.Framework.Testing.Feature.HelpersTest" file="/home/runner/work/develop/develop/packages/framework/tests/Feature/HelpersTest.php" line="28" assertions="1" time="0.022306"/>
        <testcase name="test_can_call_methods_on_returned_hyde_class" class="Hyde\Framework\Testing\Feature\HelpersTest" classname="Hyde.Framework.Testing.Feature.HelpersTest" file="/home/runner/work/develop/develop/packages/framework/tests/Feature/HelpersTest.php" line="34" assertions="1" time="0.022279"/>
        <testcase name="test_unslash_function_exists" class="Hyde\Framework\Testing\Feature\HelpersTest" classname="Hyde.Framework.Testing.Feature.HelpersTest" file="/home/runner/work/develop/develop/packages/framework/tests/Feature/HelpersTest.php" line="40" assertions="1" time="0.022006"/>
        <testcase name="test_unslash_function_trims_trailing_slashes" class="Hyde\Framework\Testing\Feature\HelpersTest" classname="Hyde.Framework.Testing.Feature.HelpersTest" file="/home/runner/work/develop/develop/packages/framework/tests/Feature/HelpersTest.php" line="46" assertions="14" time="0.022018"/>
        <testcase name="test_hyde_function_exists_in_hyde_namespace" class="Hyde\Framework\Testing\Feature\HelpersTest" classname="Hyde.Framework.Testing.Feature.HelpersTest" file="/home/runner/work/develop/develop/packages/framework/tests/Feature/HelpersTest.php" line="68" assertions="1" time="0.021969"/>
        <testcase name="test_namespaced_hyde_function" class="Hyde\Framework\Testing\Feature\HelpersTest" classname="Hyde.Framework.Testing.Feature.HelpersTest" file="/home/runner/work/develop/develop/packages/framework/tests/Feature/HelpersTest.php" line="74" assertions="1" time="0.021924"/>
        <testcase name="test_unslash_function_exists_in_hyde_namespace" class="Hyde\Framework\Testing\Feature\HelpersTest" classname="Hyde.Framework.Testing.Feature.HelpersTest" file="/home/runner/work/develop/develop/packages/framework/tests/Feature/HelpersTest.php" line="80" assertions="1" time="0.022080"/>
        <testcase name="test_namespaced_unslash_function" class="Hyde\Framework\Testing\Feature\HelpersTest" classname="Hyde.Framework.Testing.Feature.HelpersTest" file="/home/runner/work/develop/develop/packages/framework/tests/Feature/HelpersTest.php" line="86" assertions="1" time="0.022169"/>
        <testcase name="test_unixsum_function" class="Hyde\Framework\Testing\Feature\HelpersTest" classname="Hyde.Framework.Testing.Feature.HelpersTest" file="/home/runner/work/develop/develop/packages/framework/tests/Feature/HelpersTest.php" line="92" assertions="2" time="0.022143"/>
        <testcase name="test_unixsum_file_function" class="Hyde\Framework\Testing\Feature\HelpersTest" classname="Hyde.Framework.Testing.Feature.HelpersTest" file="/home/runner/work/develop/develop/packages/framework/tests/Feature/HelpersTest.php" line="99" assertions="2" time="0.023975"/>
        <testcase name="test_hyde_make_title_function" class="Hyde\Framework\Testing\Feature\HelpersTest" classname="Hyde.Framework.Testing.Feature.HelpersTest" file="/home/runner/work/develop/develop/packages/framework/tests/Feature/HelpersTest.php" line="109" assertions="1" time="0.022490"/>
        <testcase name="test_hyde_normalize_newlines_function" class="Hyde\Framework\Testing\Feature\HelpersTest" classname="Hyde.Framework.Testing.Feature.HelpersTest" file="/home/runner/work/develop/develop/packages/framework/tests/Feature/HelpersTest.php" line="115" assertions="1" time="0.022214"/>
        <testcase name="test_hyde_strip_newlines_function" class="Hyde\Framework\Testing\Feature\HelpersTest" classname="Hyde.Framework.Testing.Feature.HelpersTest" file="/home/runner/work/develop/develop/packages/framework/tests/Feature/HelpersTest.php" line="121" assertions="1" time="0.022269"/>
        <testcase name="test_hyde_trim_slashes_function" class="Hyde\Framework\Testing\Feature\HelpersTest" classname="Hyde.Framework.Testing.Feature.HelpersTest" file="/home/runner/work/develop/develop/packages/framework/tests/Feature/HelpersTest.php" line="127" assertions="1" time="0.022164"/>
        <testcase name="test_hyde_evaluate_arrayable_function" class="Hyde\Framework\Testing\Feature\HelpersTest" classname="Hyde.Framework.Testing.Feature.HelpersTest" file="/home/runner/work/develop/develop/packages/framework/tests/Feature/HelpersTest.php" line="133" assertions="2" time="0.022168"/>
        <testcase name="test_hyde_yaml_encode_function" class="Hyde\Framework\Testing\Feature\HelpersTest" classname="Hyde.Framework.Testing.Feature.HelpersTest" file="/home/runner/work/develop/develop/packages/framework/tests/Feature/HelpersTest.php" line="140" assertions="1" time="0.022277"/>
        <testcase name="test_hyde_yaml_encode_function_encodes_arrayables" class="Hyde\Framework\Testing\Feature\HelpersTest" classname="Hyde.Framework.Testing.Feature.HelpersTest" file="/home/runner/work/develop/develop/packages/framework/tests/Feature/HelpersTest.php" line="146" assertions="1" time="0.022254"/>
        <testcase name="test_hyde_yaml_encode_function_accepts_parameters" class="Hyde\Framework\Testing\Feature\HelpersTest" classname="Hyde.Framework.Testing.Feature.HelpersTest" file="/home/runner/work/develop/develop/packages/framework/tests/Feature/HelpersTest.php" line="152" assertions="1" time="0.022042"/>
        <testcase name="test_hyde_yaml_decode_function" class="Hyde\Framework\Testing\Feature\HelpersTest" classname="Hyde.Framework.Testing.Feature.HelpersTest" file="/home/runner/work/develop/develop/packages/framework/tests/Feature/HelpersTest.php" line="161" assertions="1" time="0.021950"/>
        <testcase name="test_hyde_yaml_decode_function_accepts_parameters" class="Hyde\Framework\Testing\Feature\HelpersTest" classname="Hyde.Framework.Testing.Feature.HelpersTest" file="/home/runner/work/develop/develop/packages/framework/tests/Feature/HelpersTest.php" line="167" assertions="1" time="0.022189"/>
        <testcase name="test_hyde_path_join_function" class="Hyde\Framework\Testing\Feature\HelpersTest" classname="Hyde.Framework.Testing.Feature.HelpersTest" file="/home/runner/work/develop/develop/packages/framework/tests/Feature/HelpersTest.php" line="176" assertions="1" time="0.022037"/>
        <testcase name="test_hyde_path_join_function_with_multiple_paths" class="Hyde\Framework\Testing\Feature\HelpersTest" classname="Hyde.Framework.Testing.Feature.HelpersTest" file="/home/runner/work/develop/develop/packages/framework/tests/Feature/HelpersTest.php" line="182" assertions="1" time="0.022089"/>
        <testcase name="test_hyde_normalize_slashes_function" class="Hyde\Framework\Testing\Feature\HelpersTest" classname="Hyde.Framework.Testing.Feature.HelpersTest" file="/home/runner/work/develop/develop/packages/framework/tests/Feature/HelpersTest.php" line="188" assertions="2" time="0.021920"/>
      </testsuite>
      <testsuite name="Hyde\Framework\Testing\Feature\HydeCoreExtensionTest" file="/home/runner/work/develop/develop/packages/framework/tests/Feature/HydeCoreExtensionTest.php" tests="4" assertions="4" errors="0" warnings="0" failures="0" skipped="0" time="0.002690">
        <testcase name="testClassExtendsExtensionClass" class="Hyde\Framework\Testing\Feature\HydeCoreExtensionTest" classname="Hyde.Framework.Testing.Feature.HydeCoreExtensionTest" file="/home/runner/work/develop/develop/packages/framework/tests/Feature/HydeCoreExtensionTest.php" line="28" assertions="1" time="0.000416"/>
        <testcase name="testClassIsRegistered" class="Hyde\Framework\Testing\Feature\HydeCoreExtensionTest" classname="Hyde.Framework.Testing.Feature.HydeCoreExtensionTest" file="/home/runner/work/develop/develop/packages/framework/tests/Feature/HydeCoreExtensionTest.php" line="33" assertions="1" time="0.000555"/>
        <testcase name="testGetPageClasses" class="Hyde\Framework\Testing\Feature\HydeCoreExtensionTest" classname="Hyde.Framework.Testing.Feature.HydeCoreExtensionTest" file="/home/runner/work/develop/develop/packages/framework/tests/Feature/HydeCoreExtensionTest.php" line="38" assertions="1" time="0.000865"/>
        <testcase name="testGetPageClassesDoesNotIncludeClassesForDisabledFeatures" class="Hyde\Framework\Testing\Feature\HydeCoreExtensionTest" classname="Hyde.Framework.Testing.Feature.HydeCoreExtensionTest" file="/home/runner/work/develop/develop/packages/framework/tests/Feature/HydeCoreExtensionTest.php" line="49" assertions="1" time="0.000854"/>
      </testsuite>
      <testsuite name="Hyde\Framework\Testing\Feature\HydeExtensionFeatureTest" file="/home/runner/work/develop/develop/packages/framework/tests/Feature/HydeExtensionFeatureTest.php" tests="9" assertions="15" errors="0" warnings="0" failures="0" skipped="0" time="0.245800">
        <testcase name="testHandlerMethodsAreCalledByDiscovery" class="Hyde\Framework\Testing\Feature\HydeExtensionFeatureTest" classname="Hyde.Framework.Testing.Feature.HydeExtensionFeatureTest" file="/home/runner/work/develop/develop/packages/framework/tests/Feature/HydeExtensionFeatureTest.php" line="48" assertions="2" time="0.025476"/>
        <testcase name="testFileHandlerDependencyInjection" class="Hyde\Framework\Testing\Feature\HydeExtensionFeatureTest" classname="Hyde.Framework.Testing.Feature.HydeExtensionFeatureTest" file="/home/runner/work/develop/develop/packages/framework/tests/Feature/HydeExtensionFeatureTest.php" line="61" assertions="1" time="0.026093"/>
        <testcase name="testPageHandlerDependencyInjection" class="Hyde\Framework\Testing\Feature\HydeExtensionFeatureTest" classname="Hyde.Framework.Testing.Feature.HydeExtensionFeatureTest" file="/home/runner/work/develop/develop/packages/framework/tests/Feature/HydeExtensionFeatureTest.php" line="69" assertions="1" time="0.026048"/>
        <testcase name="testRouteHandlerDependencyInjection" class="Hyde\Framework\Testing\Feature\HydeExtensionFeatureTest" classname="Hyde.Framework.Testing.Feature.HydeExtensionFeatureTest" file="/home/runner/work/develop/develop/packages/framework/tests/Feature/HydeExtensionFeatureTest.php" line="77" assertions="1" time="0.026203"/>
        <testcase name="test_register_extension_method_throws_exception_when_kernel_is_already_booted" class="Hyde\Framework\Testing\Feature\HydeExtensionFeatureTest" classname="Hyde.Framework.Testing.Feature.HydeExtensionFeatureTest" file="/home/runner/work/develop/develop/packages/framework/tests/Feature/HydeExtensionFeatureTest.php" line="85" assertions="2" time="0.026044"/>
        <testcase name="test_register_extension_method_only_accepts_instances_of_hyde_extension" class="Hyde\Framework\Testing\Feature\HydeExtensionFeatureTest" classname="Hyde.Framework.Testing.Feature.HydeExtensionFeatureTest" file="/home/runner/work/develop/develop/packages/framework/tests/Feature/HydeExtensionFeatureTest.php" line="94" assertions="2" time="0.022284"/>
        <testcase name="test_custom_registered_pages_are_discovered_by_the_file_collection_class" class="Hyde\Framework\Testing\Feature\HydeExtensionFeatureTest" classname="Hyde.Framework.Testing.Feature.HydeExtensionFeatureTest" file="/home/runner/work/develop/develop/packages/framework/tests/Feature/HydeExtensionFeatureTest.php" line="102" assertions="2" time="0.029466"/>
        <testcase name="test_custom_registered_pages_are_discovered_by_the_page_collection_class" class="Hyde\Framework\Testing\Feature\HydeExtensionFeatureTest" classname="Hyde.Framework.Testing.Feature.HydeExtensionFeatureTest" file="/home/runner/work/develop/develop/packages/framework/tests/Feature/HydeExtensionFeatureTest.php" line="114" assertions="2" time="0.033674"/>
        <testcase name="test_custom_registered_pages_are_discovered_by_the_route_collection_class" class="Hyde\Framework\Testing\Feature\HydeExtensionFeatureTest" classname="Hyde.Framework.Testing.Feature.HydeExtensionFeatureTest" file="/home/runner/work/develop/develop/packages/framework/tests/Feature/HydeExtensionFeatureTest.php" line="126" assertions="2" time="0.030512"/>
      </testsuite>
      <testsuite name="Hyde\Framework\Testing\Feature\HydeKernelTest" file="/home/runner/work/develop/develop/packages/framework/tests/Feature/HydeKernelTest.php" tests="64" assertions="114" errors="0" warnings="0" failures="0" skipped="0" time="1.498059">
        <testcase name="test_kernel_singleton_can_be_accessed_by_service_container" class="Hyde\Framework\Testing\Feature\HydeKernelTest" classname="Hyde.Framework.Testing.Feature.HydeKernelTest" file="/home/runner/work/develop/develop/packages/framework/tests/Feature/HydeKernelTest.php" line="39" assertions="1" time="0.021442"/>
        <testcase name="test_kernel_singleton_can_be_accessed_by_kernel_static_method" class="Hyde\Framework\Testing\Feature\HydeKernelTest" classname="Hyde.Framework.Testing.Feature.HydeKernelTest" file="/home/runner/work/develop/develop/packages/framework/tests/Feature/HydeKernelTest.php" line="44" assertions="1" time="0.021980"/>
        <testcase name="test_kernel_singleton_can_be_accessed_by_hyde_facade_method" class="Hyde\Framework\Testing\Feature\HydeKernelTest" classname="Hyde.Framework.Testing.Feature.HydeKernelTest" file="/home/runner/work/develop/develop/packages/framework/tests/Feature/HydeKernelTest.php" line="49" assertions="1" time="0.022220"/>
        <testcase name="test_kernel_singleton_can_be_accessed_by_helper_function" class="Hyde\Framework\Testing\Feature\HydeKernelTest" classname="Hyde.Framework.Testing.Feature.HydeKernelTest" file="/home/runner/work/develop/develop/packages/framework/tests/Feature/HydeKernelTest.php" line="54" assertions="1" time="0.027798"/>
        <testcase name="test_hyde_facade_version_method_returns_kernel_version" class="Hyde\Framework\Testing\Feature\HydeKernelTest" classname="Hyde.Framework.Testing.Feature.HydeKernelTest" file="/home/runner/work/develop/develop/packages/framework/tests/Feature/HydeKernelTest.php" line="59" assertions="1" time="0.022174"/>
        <testcase name="test_hyde_facade_get_facade_root_method_returns_kernel_singleton" class="Hyde\Framework\Testing\Feature\HydeKernelTest" classname="Hyde.Framework.Testing.Feature.HydeKernelTest" file="/home/runner/work/develop/develop/packages/framework/tests/Feature/HydeKernelTest.php" line="64" assertions="3" time="0.022098"/>
        <testcase name="test_features_helper_returns_new_features_instance" class="Hyde\Framework\Testing\Feature\HydeKernelTest" classname="Hyde.Framework.Testing.Feature.HydeKernelTest" file="/home/runner/work/develop/develop/packages/framework/tests/Feature/HydeKernelTest.php" line="71" assertions="1" time="0.022172"/>
        <testcase name="test_has_feature_helper_calls_method_on_features_class" class="Hyde\Framework\Testing\Feature\HydeKernelTest" classname="Hyde.Framework.Testing.Feature.HydeKernelTest" file="/home/runner/work/develop/develop/packages/framework/tests/Feature/HydeKernelTest.php" line="76" assertions="1" time="0.022338"/>
        <testcase name="test_current_page_helper_returns_current_page_name" class="Hyde\Framework\Testing\Feature\HydeKernelTest" classname="Hyde.Framework.Testing.Feature.HydeKernelTest" file="/home/runner/work/develop/develop/packages/framework/tests/Feature/HydeKernelTest.php" line="81" assertions="1" time="0.022576"/>
        <testcase name="test_current_route_helper_returns_current_route_object" class="Hyde\Framework\Testing\Feature\HydeKernelTest" classname="Hyde.Framework.Testing.Feature.HydeKernelTest" file="/home/runner/work/develop/develop/packages/framework/tests/Feature/HydeKernelTest.php" line="87" assertions="2" time="0.023284"/>
        <testcase name="test_current_page_helper_returns_current_page_object" class="Hyde\Framework\Testing\Feature\HydeKernelTest" classname="Hyde.Framework.Testing.Feature.HydeKernelTest" file="/home/runner/work/develop/develop/packages/framework/tests/Feature/HydeKernelTest.php" line="95" assertions="2" time="0.023303"/>
        <testcase name="test_make_title_helper_returns_title_from_page_slug" class="Hyde\Framework\Testing\Feature\HydeKernelTest" classname="Hyde.Framework.Testing.Feature.HydeKernelTest" file="/home/runner/work/develop/develop/packages/framework/tests/Feature/HydeKernelTest.php" line="103" assertions="1" time="0.022170"/>
        <testcase name="test_normalize_newlines_replaces_carriage_returns_with_unix_endings" class="Hyde\Framework\Testing\Feature\HydeKernelTest" classname="Hyde.Framework.Testing.Feature.HydeKernelTest" file="/home/runner/work/develop/develop/packages/framework/tests/Feature/HydeKernelTest.php" line="108" assertions="1" time="0.022199"/>
        <testcase name="test_strip_newlines_helper_removes_all_newlines" class="Hyde\Framework\Testing\Feature\HydeKernelTest" classname="Hyde.Framework.Testing.Feature.HydeKernelTest" file="/home/runner/work/develop/develop/packages/framework/tests/Feature/HydeKernelTest.php" line="113" assertions="1" time="0.022164"/>
        <testcase name="test_trimSlashes_function_trims_trailing_slashes" class="Hyde\Framework\Testing\Feature\HydeKernelTest" classname="Hyde.Framework.Testing.Feature.HydeKernelTest" file="/home/runner/work/develop/develop/packages/framework/tests/Feature/HydeKernelTest.php" line="118" assertions="14" time="0.022318"/>
        <testcase name="test_markdown_helper_converts_markdown_to_html" class="Hyde\Framework\Testing\Feature\HydeKernelTest" classname="Hyde.Framework.Testing.Feature.HydeKernelTest" file="/home/runner/work/develop/develop/packages/framework/tests/Feature/HydeKernelTest.php" line="139" assertions="1" time="0.023038"/>
        <testcase name="test_markdown_helper_converts_indented_markdown_to_html" class="Hyde\Framework\Testing\Feature\HydeKernelTest" classname="Hyde.Framework.Testing.Feature.HydeKernelTest" file="/home/runner/work/develop/develop/packages/framework/tests/Feature/HydeKernelTest.php" line="144" assertions="1" time="0.023091"/>
        <testcase name="test_format_html_path_helper_formats_path_according_to_config_rules" class="Hyde\Framework\Testing\Feature\HydeKernelTest" classname="Hyde.Framework.Testing.Feature.HydeKernelTest" file="/home/runner/work/develop/develop/packages/framework/tests/Feature/HydeKernelTest.php" line="149" assertions="4" time="0.022188"/>
        <testcase name="test_relative_link_helper_returns_relative_link_to_destination" class="Hyde\Framework\Testing\Feature\HydeKernelTest" classname="Hyde.Framework.Testing.Feature.HydeKernelTest" file="/home/runner/work/develop/develop/packages/framework/tests/Feature/HydeKernelTest.php" line="160" assertions="2" time="0.022834"/>
        <testcase name="test_media_link_helper_returns_relative_link_to_destination" class="Hyde\Framework\Testing\Feature\HydeKernelTest" classname="Hyde.Framework.Testing.Feature.HydeKernelTest" file="/home/runner/work/develop/develop/packages/framework/tests/Feature/HydeKernelTest.php" line="169" assertions="2" time="0.022690"/>
        <testcase name="test_image_helper_returns_image_path_for_given_name" class="Hyde\Framework\Testing\Feature\HydeKernelTest" classname="Hyde.Framework.Testing.Feature.HydeKernelTest" file="/home/runner/work/develop/develop/packages/framework/tests/Feature/HydeKernelTest.php" line="178" assertions="4" time="0.022672"/>
        <testcase name="test_image_helper_trims_media_prefix" class="Hyde\Framework\Testing\Feature\HydeKernelTest" classname="Hyde.Framework.Testing.Feature.HydeKernelTest" file="/home/runner/work/develop/develop/packages/framework/tests/Feature/HydeKernelTest.php" line="189" assertions="1" time="0.022252"/>
        <testcase name="test_image_helper_supports_custom_media_directories" class="Hyde\Framework\Testing\Feature\HydeKernelTest" classname="Hyde.Framework.Testing.Feature.HydeKernelTest" file="/home/runner/work/develop/develop/packages/framework/tests/Feature/HydeKernelTest.php" line="194" assertions="1" time="0.022310"/>
        <testcase name="test_has_site_url_helper_returns_boolean_value_for_when_config_setting_is_set" class="Hyde\Framework\Testing\Feature\HydeKernelTest" classname="Hyde.Framework.Testing.Feature.HydeKernelTest" file="/home/runner/work/develop/develop/packages/framework/tests/Feature/HydeKernelTest.php" line="200" assertions="2" time="0.022260"/>
        <testcase name="test_url_returns_qualified_url_paths" class="Hyde\Framework\Testing\Feature\HydeKernelTest" classname="Hyde.Framework.Testing.Feature.HydeKernelTest" file="/home/runner/work/develop/develop/packages/framework/tests/Feature/HydeKernelTest.php" line="209" assertions="6" time="0.022799"/>
        <testcase name="test_filesystem_helper_returns_the_kernel_filesystem_instance" class="Hyde\Framework\Testing\Feature\HydeKernelTest" classname="Hyde.Framework.Testing.Feature.HydeKernelTest" file="/home/runner/work/develop/develop/packages/framework/tests/Feature/HydeKernelTest.php" line="224" assertions="1" time="0.022268"/>
        <testcase name="test_path_returns_qualified_path_for_given_path" class="Hyde\Framework\Testing\Feature\HydeKernelTest" classname="Hyde.Framework.Testing.Feature.HydeKernelTest" file="/home/runner/work/develop/develop/packages/framework/tests/Feature/HydeKernelTest.php" line="229" assertions="2" time="0.022133"/>
        <testcase name="test_vendor_path_returns_qualified_path_for_given_path" class="Hyde\Framework\Testing\Feature\HydeKernelTest" classname="Hyde.Framework.Testing.Feature.HydeKernelTest" file="/home/runner/work/develop/develop/packages/framework/tests/Feature/HydeKernelTest.php" line="235" assertions="2" time="0.022074"/>
        <testcase name="test_fluent_model_source_path_helpers" class="Hyde\Framework\Testing\Feature\HydeKernelTest" classname="Hyde.Framework.Testing.Feature.HydeKernelTest" file="/home/runner/work/develop/develop/packages/framework/tests/Feature/HydeKernelTest.php" line="241" assertions="11" time="0.022973"/>
        <testcase name="test_path_to_relative_helper_returns_relative_path_for_given_path" class="Hyde\Framework\Testing\Feature\HydeKernelTest" classname="Hyde.Framework.Testing.Feature.HydeKernelTest" file="/home/runner/work/develop/develop/packages/framework/tests/Feature/HydeKernelTest.php" line="257" assertions="1" time="0.022236"/>
        <testcase name="test_to_array_method" class="Hyde\Framework\Testing\Feature\HydeKernelTest" classname="Hyde.Framework.Testing.Feature.HydeKernelTest" file="/home/runner/work/develop/develop/packages/framework/tests/Feature/HydeKernelTest.php" line="262" assertions="1" time="0.026558"/>
        <testcase name="test_json_serialize_method" class="Hyde\Framework\Testing\Feature\HydeKernelTest" classname="Hyde.Framework.Testing.Feature.HydeKernelTest" file="/home/runner/work/develop/develop/packages/framework/tests/Feature/HydeKernelTest.php" line="278" assertions="1" time="0.028291"/>
        <testcase name="test_to_json_method" class="Hyde\Framework\Testing\Feature\HydeKernelTest" classname="Hyde.Framework.Testing.Feature.HydeKernelTest" file="/home/runner/work/develop/develop/packages/framework/tests/Feature/HydeKernelTest.php" line="283" assertions="1" time="0.029075"/>
        <testcase name="test_version_constant_is_a_valid_semver_string" class="Hyde\Framework\Testing\Feature\HydeKernelTest" classname="Hyde.Framework.Testing.Feature.HydeKernelTest" file="/home/runner/work/develop/develop/packages/framework/tests/Feature/HydeKernelTest.php" line="288" assertions="1" time="0.022514"/>
        <testcase name="test_version_constant_is_up_to_date" class="Hyde\Framework\Testing\Feature\HydeKernelTest" classname="Hyde.Framework.Testing.Feature.HydeKernelTest" file="/home/runner/work/develop/develop/packages/framework/tests/Feature/HydeKernelTest.php" line="297" assertions="1" time="0.022000"/>
        <testcase name="test_version_method_returns_version_constant" class="Hyde\Framework\Testing\Feature\HydeKernelTest" classname="Hyde.Framework.Testing.Feature.HydeKernelTest" file="/home/runner/work/develop/develop/packages/framework/tests/Feature/HydeKernelTest.php" line="304" assertions="1" time="0.022070"/>
        <testcase name="test_can_get_source_root" class="Hyde\Framework\Testing\Feature\HydeKernelTest" classname="Hyde.Framework.Testing.Feature.HydeKernelTest" file="/home/runner/work/develop/develop/packages/framework/tests/Feature/HydeKernelTest.php" line="309" assertions="1" time="0.022105"/>
        <testcase name="test_can_set_source_root" class="Hyde\Framework\Testing\Feature\HydeKernelTest" classname="Hyde.Framework.Testing.Feature.HydeKernelTest" file="/home/runner/work/develop/develop/packages/framework/tests/Feature/HydeKernelTest.php" line="314" assertions="1" time="0.022304"/>
        <testcase name="test_can_set_source_root_to_absolute_project_path" class="Hyde\Framework\Testing\Feature\HydeKernelTest" classname="Hyde.Framework.Testing.Feature.HydeKernelTest" file="/home/runner/work/develop/develop/packages/framework/tests/Feature/HydeKernelTest.php" line="320" assertions="1" time="0.022408"/>
        <testcase name="test_set_source_root_trims_trailing_slashes" class="Hyde\Framework\Testing\Feature\HydeKernelTest" classname="Hyde.Framework.Testing.Feature.HydeKernelTest" file="/home/runner/work/develop/develop/packages/framework/tests/Feature/HydeKernelTest.php" line="326" assertions="1" time="0.022066"/>
        <testcase name="test_can_get_output_directory" class="Hyde\Framework\Testing\Feature\HydeKernelTest" classname="Hyde.Framework.Testing.Feature.HydeKernelTest" file="/home/runner/work/develop/develop/packages/framework/tests/Feature/HydeKernelTest.php" line="332" assertions="1" time="0.027856"/>
        <testcase name="test_can_set_output_directory" class="Hyde\Framework\Testing\Feature\HydeKernelTest" classname="Hyde.Framework.Testing.Feature.HydeKernelTest" file="/home/runner/work/develop/develop/packages/framework/tests/Feature/HydeKernelTest.php" line="337" assertions="2" time="0.022271"/>
        <testcase name="test_can_set_output_directory_to_absolute_project_path" class="Hyde\Framework\Testing\Feature\HydeKernelTest" classname="Hyde.Framework.Testing.Feature.HydeKernelTest" file="/home/runner/work/develop/develop/packages/framework/tests/Feature/HydeKernelTest.php" line="344" assertions="2" time="0.022163"/>
        <testcase name="test_set_output_directory_trims_trailing_slashes" class="Hyde\Framework\Testing\Feature\HydeKernelTest" classname="Hyde.Framework.Testing.Feature.HydeKernelTest" file="/home/runner/work/develop/develop/packages/framework/tests/Feature/HydeKernelTest.php" line="351" assertions="1" time="0.022059"/>
        <testcase name="test_can_get_media_directory" class="Hyde\Framework\Testing\Feature\HydeKernelTest" classname="Hyde.Framework.Testing.Feature.HydeKernelTest" file="/home/runner/work/develop/develop/packages/framework/tests/Feature/HydeKernelTest.php" line="357" assertions="1" time="0.021956"/>
        <testcase name="test_can_set_media_directory" class="Hyde\Framework\Testing\Feature\HydeKernelTest" classname="Hyde.Framework.Testing.Feature.HydeKernelTest" file="/home/runner/work/develop/develop/packages/framework/tests/Feature/HydeKernelTest.php" line="362" assertions="1" time="0.022119"/>
        <testcase name="test_set_media_directory_trims_trailing_slashes" class="Hyde\Framework\Testing\Feature\HydeKernelTest" classname="Hyde.Framework.Testing.Feature.HydeKernelTest" file="/home/runner/work/develop/develop/packages/framework/tests/Feature/HydeKernelTest.php" line="368" assertions="1" time="0.022042"/>
        <testcase name="test_can_get_media_output_directory_name" class="Hyde\Framework\Testing\Feature\HydeKernelTest" classname="Hyde.Framework.Testing.Feature.HydeKernelTest" file="/home/runner/work/develop/develop/packages/framework/tests/Feature/HydeKernelTest.php" line="374" assertions="1" time="0.022045"/>
        <testcase name="test_get_media_output_directory_name_uses_trimmed_version_of_media_source_directory" class="Hyde\Framework\Testing\Feature\HydeKernelTest" classname="Hyde.Framework.Testing.Feature.HydeKernelTest" file="/home/runner/work/develop/develop/packages/framework/tests/Feature/HydeKernelTest.php" line="379" assertions="1" time="0.022035"/>
        <testcase name="test_can_get_site_media_output_directory" class="Hyde\Framework\Testing\Feature\HydeKernelTest" classname="Hyde.Framework.Testing.Feature.HydeKernelTest" file="/home/runner/work/develop/develop/packages/framework/tests/Feature/HydeKernelTest.php" line="385" assertions="1" time="0.022142"/>
        <testcase name="test_get_site_media_output_directory_uses_trimmed_version_of_media_source_directory" class="Hyde\Framework\Testing\Feature\HydeKernelTest" classname="Hyde.Framework.Testing.Feature.HydeKernelTest" file="/home/runner/work/develop/develop/packages/framework/tests/Feature/HydeKernelTest.php" line="390" assertions="1" time="0.022251"/>
        <testcase name="test_get_site_media_output_directory_uses_configured_site_output_directory" class="Hyde\Framework\Testing\Feature\HydeKernelTest" classname="Hyde.Framework.Testing.Feature.HydeKernelTest" file="/home/runner/work/develop/develop/packages/framework/tests/Feature/HydeKernelTest.php" line="396" assertions="1" time="0.022424"/>
        <testcase name="test_media_output_directory_can_be_changed_in_configuration" class="Hyde\Framework\Testing\Feature\HydeKernelTest" classname="Hyde.Framework.Testing.Feature.HydeKernelTest" file="/home/runner/work/develop/develop/packages/framework/tests/Feature/HydeKernelTest.php" line="403" assertions="2" time="0.023340"/>
        <testcase name="test_can_access_kernel_fluently_using_the_facade" class="Hyde\Framework\Testing\Feature\HydeKernelTest" classname="Hyde.Framework.Testing.Feature.HydeKernelTest" file="/home/runner/work/develop/develop/packages/framework/tests/Feature/HydeKernelTest.php" line="413" assertions="3" time="0.022325"/>
        <testcase name="test_can_register_booting_callback_closure" class="Hyde\Framework\Testing\Feature\HydeKernelTest" classname="Hyde.Framework.Testing.Feature.HydeKernelTest" file="/home/runner/work/develop/develop/packages/framework/tests/Feature/HydeKernelTest.php" line="420" assertions="1" time="0.026248"/>
        <testcase name="test_can_register_booted_callback_closure" class="Hyde\Framework\Testing\Feature\HydeKernelTest" classname="Hyde.Framework.Testing.Feature.HydeKernelTest" file="/home/runner/work/develop/develop/packages/framework/tests/Feature/HydeKernelTest.php" line="431" assertions="1" time="0.029942"/>
        <testcase name="test_can_register_booting_callback_callable" class="Hyde\Framework\Testing\Feature\HydeKernelTest" classname="Hyde.Framework.Testing.Feature.HydeKernelTest" file="/home/runner/work/develop/develop/packages/framework/tests/Feature/HydeKernelTest.php" line="442" assertions="1" time="0.026280"/>
        <testcase name="test_can_register_booted_callback_callable" class="Hyde\Framework\Testing\Feature\HydeKernelTest" classname="Hyde.Framework.Testing.Feature.HydeKernelTest" file="/home/runner/work/develop/develop/packages/framework/tests/Feature/HydeKernelTest.php" line="451" assertions="1" time="0.026171"/>
        <testcase name="test_booting_callback_receives_kernel_instance" class="Hyde\Framework\Testing\Feature\HydeKernelTest" classname="Hyde.Framework.Testing.Feature.HydeKernelTest" file="/home/runner/work/develop/develop/packages/framework/tests/Feature/HydeKernelTest.php" line="460" assertions="1" time="0.026573"/>
        <testcase name="test_booted_callback_receives_kernel_instance" class="Hyde\Framework\Testing\Feature\HydeKernelTest" classname="Hyde.Framework.Testing.Feature.HydeKernelTest" file="/home/runner/work/develop/develop/packages/framework/tests/Feature/HydeKernelTest.php" line="471" assertions="1" time="0.026214"/>
        <testcase name="test_can_use_booting_callbacks_to_inject_custom_pages" class="Hyde\Framework\Testing\Feature\HydeKernelTest" classname="Hyde.Framework.Testing.Feature.HydeKernelTest" file="/home/runner/work/develop/develop/packages/framework/tests/Feature/HydeKernelTest.php" line="482" assertions="2" time="0.027035"/>
        <testcase name="test_is_booted_returns_false_when_not_booted" class="Hyde\Framework\Testing\Feature\HydeKernelTest" classname="Hyde.Framework.Testing.Feature.HydeKernelTest" file="/home/runner/work/develop/develop/packages/framework/tests/Feature/HydeKernelTest.php" line="495" assertions="1" time="0.022318"/>
        <testcase name="test_is_booted_returns_true_when_booted" class="Hyde\Framework\Testing\Feature\HydeKernelTest" classname="Hyde.Framework.Testing.Feature.HydeKernelTest" file="/home/runner/work/develop/develop/packages/framework/tests/Feature/HydeKernelTest.php" line="501" assertions="1" time="0.026259"/>
        <testcase name="test_is_booted_method_on_the_facade" class="Hyde\Framework\Testing\Feature\HydeKernelTest" classname="Hyde.Framework.Testing.Feature.HydeKernelTest" file="/home/runner/work/develop/develop/packages/framework/tests/Feature/HydeKernelTest.php" line="508" assertions="2" time="0.026542"/>
      </testsuite>
      <testsuite name="Hyde\Framework\Testing\Feature\HydePageTest" file="/home/runner/work/develop/develop/packages/framework/tests/Feature/HydePageTest.php" tests="154" assertions="242" errors="0" warnings="0" failures="0" skipped="0" time="3.677979">
        <testcase name="testBaseSourceDirectory" class="Hyde\Framework\Testing\Feature\HydePageTest" classname="Hyde.Framework.Testing.Feature.HydePageTest" file="/home/runner/work/develop/develop/packages/framework/tests/Feature/HydePageTest.php" line="40" assertions="1" time="0.021570"/>
        <testcase name="testBaseOutputDirectory" class="Hyde\Framework\Testing\Feature\HydePageTest" classname="Hyde.Framework.Testing.Feature.HydePageTest" file="/home/runner/work/develop/develop/packages/framework/tests/Feature/HydePageTest.php" line="48" assertions="1" time="0.022176"/>
        <testcase name="testBaseFileExtension" class="Hyde\Framework\Testing\Feature\HydePageTest" classname="Hyde.Framework.Testing.Feature.HydePageTest" file="/home/runner/work/develop/develop/packages/framework/tests/Feature/HydePageTest.php" line="56" assertions="1" time="0.022397"/>
        <testcase name="testBaseSourcePath" class="Hyde\Framework\Testing\Feature\HydePageTest" classname="Hyde.Framework.Testing.Feature.HydePageTest" file="/home/runner/work/develop/develop/packages/framework/tests/Feature/HydePageTest.php" line="64" assertions="1" time="0.022283"/>
        <testcase name="testBaseOutputPath" class="Hyde\Framework\Testing\Feature\HydePageTest" classname="Hyde.Framework.Testing.Feature.HydePageTest" file="/home/runner/work/develop/develop/packages/framework/tests/Feature/HydePageTest.php" line="72" assertions="1" time="0.022141"/>
        <testcase name="testBasePath" class="Hyde\Framework\Testing\Feature\HydePageTest" classname="Hyde.Framework.Testing.Feature.HydePageTest" file="/home/runner/work/develop/develop/packages/framework/tests/Feature/HydePageTest.php" line="80" assertions="1" time="0.022235"/>
        <testcase name="testBasePathToIdentifier" class="Hyde\Framework\Testing\Feature\HydePageTest" classname="Hyde.Framework.Testing.Feature.HydePageTest" file="/home/runner/work/develop/develop/packages/framework/tests/Feature/HydePageTest.php" line="88" assertions="1" time="0.022280"/>
        <testcase name="testBaseBaseRouteKey" class="Hyde\Framework\Testing\Feature\HydePageTest" classname="Hyde.Framework.Testing.Feature.HydePageTest" file="/home/runner/work/develop/develop/packages/framework/tests/Feature/HydePageTest.php" line="96" assertions="1" time="0.022236"/>
        <testcase name="testBaseIsDiscoverable" class="Hyde\Framework\Testing\Feature\HydePageTest" classname="Hyde.Framework.Testing.Feature.HydePageTest" file="/home/runner/work/develop/develop/packages/framework/tests/Feature/HydePageTest.php" line="104" assertions="1" time="0.021982"/>
        <testcase name="testSourceDirectory" class="Hyde\Framework\Testing\Feature\HydePageTest" classname="Hyde.Framework.Testing.Feature.HydePageTest" file="/home/runner/work/develop/develop/packages/framework/tests/Feature/HydePageTest.php" line="111" assertions="1" time="0.022081"/>
        <testcase name="testOutputDirectory" class="Hyde\Framework\Testing\Feature\HydePageTest" classname="Hyde.Framework.Testing.Feature.HydePageTest" file="/home/runner/work/develop/develop/packages/framework/tests/Feature/HydePageTest.php" line="119" assertions="1" time="0.022114"/>
        <testcase name="testFileExtension" class="Hyde\Framework\Testing\Feature\HydePageTest" classname="Hyde.Framework.Testing.Feature.HydePageTest" file="/home/runner/work/develop/develop/packages/framework/tests/Feature/HydePageTest.php" line="127" assertions="1" time="0.021907"/>
        <testcase name="testSourcePath" class="Hyde\Framework\Testing\Feature\HydePageTest" classname="Hyde.Framework.Testing.Feature.HydePageTest" file="/home/runner/work/develop/develop/packages/framework/tests/Feature/HydePageTest.php" line="135" assertions="1" time="0.027962"/>
        <testcase name="testOutputPath" class="Hyde\Framework\Testing\Feature\HydePageTest" classname="Hyde.Framework.Testing.Feature.HydePageTest" file="/home/runner/work/develop/develop/packages/framework/tests/Feature/HydePageTest.php" line="143" assertions="1" time="0.022238"/>
        <testcase name="testPath" class="Hyde\Framework\Testing\Feature\HydePageTest" classname="Hyde.Framework.Testing.Feature.HydePageTest" file="/home/runner/work/develop/develop/packages/framework/tests/Feature/HydePageTest.php" line="151" assertions="1" time="0.022063"/>
        <testcase name="testBaseRouteKey" class="Hyde\Framework\Testing\Feature\HydePageTest" classname="Hyde.Framework.Testing.Feature.HydePageTest" file="/home/runner/work/develop/develop/packages/framework/tests/Feature/HydePageTest.php" line="159" assertions="1" time="0.022149"/>
        <testcase name="testIsDiscoverable" class="Hyde\Framework\Testing\Feature\HydePageTest" classname="Hyde.Framework.Testing.Feature.HydePageTest" file="/home/runner/work/develop/develop/packages/framework/tests/Feature/HydePageTest.php" line="167" assertions="1" time="0.022043"/>
        <testcase name="testGetSourcePath" class="Hyde\Framework\Testing\Feature\HydePageTest" classname="Hyde.Framework.Testing.Feature.HydePageTest" file="/home/runner/work/develop/develop/packages/framework/tests/Feature/HydePageTest.php" line="172" assertions="1" time="0.023128"/>
        <testcase name="testGetOutputPath" class="Hyde\Framework\Testing\Feature\HydePageTest" classname="Hyde.Framework.Testing.Feature.HydePageTest" file="/home/runner/work/develop/develop/packages/framework/tests/Feature/HydePageTest.php" line="180" assertions="1" time="0.023198"/>
        <testcase name="testGetLink" class="Hyde\Framework\Testing\Feature\HydePageTest" classname="Hyde.Framework.Testing.Feature.HydePageTest" file="/home/runner/work/develop/develop/packages/framework/tests/Feature/HydePageTest.php" line="188" assertions="1" time="0.023280"/>
        <testcase name="testMake" class="Hyde\Framework\Testing\Feature\HydePageTest" classname="Hyde.Framework.Testing.Feature.HydePageTest" file="/home/runner/work/develop/develop/packages/framework/tests/Feature/HydePageTest.php" line="196" assertions="1" time="0.023635"/>
        <testcase name="testMakeWithData" class="Hyde\Framework\Testing\Feature\HydePageTest" classname="Hyde.Framework.Testing.Feature.HydePageTest" file="/home/runner/work/develop/develop/packages/framework/tests/Feature/HydePageTest.php" line="201" assertions="1" time="0.024544"/>
        <testcase name="testShowInNavigation" class="Hyde\Framework\Testing\Feature\HydePageTest" classname="Hyde.Framework.Testing.Feature.HydePageTest" file="/home/runner/work/develop/develop/packages/framework/tests/Feature/HydePageTest.php" line="209" assertions="5" time="0.025388"/>
        <testcase name="testNavigationMenuPriority" class="Hyde\Framework\Testing\Feature\HydePageTest" classname="Hyde.Framework.Testing.Feature.HydePageTest" file="/home/runner/work/develop/develop/packages/framework/tests/Feature/HydePageTest.php" line="218" assertions="5" time="0.025285"/>
        <testcase name="testNavigationMenuLabel" class="Hyde\Framework\Testing\Feature\HydePageTest" classname="Hyde.Framework.Testing.Feature.HydePageTest" file="/home/runner/work/develop/develop/packages/framework/tests/Feature/HydePageTest.php" line="227" assertions="5" time="0.026808"/>
        <testcase name="testNavigationMenuGroup" class="Hyde\Framework\Testing\Feature\HydePageTest" classname="Hyde.Framework.Testing.Feature.HydePageTest" file="/home/runner/work/develop/develop/packages/framework/tests/Feature/HydePageTest.php" line="236" assertions="6" time="0.026155"/>
        <testcase name="testToArray" class="Hyde\Framework\Testing\Feature\HydePageTest" classname="Hyde.Framework.Testing.Feature.HydePageTest" file="/home/runner/work/develop/develop/packages/framework/tests/Feature/HydePageTest.php" line="246" assertions="1" time="0.023342"/>
        <testcase name="test_get_source_directory_returns_static_property" class="Hyde\Framework\Testing\Feature\HydePageTest" classname="Hyde.Framework.Testing.Feature.HydePageTest" file="/home/runner/work/develop/develop/packages/framework/tests/Feature/HydePageTest.php" line="263" assertions="1" time="0.022407"/>
        <testcase name="test_set_source_directory_trims_trailing_slashes" class="Hyde\Framework\Testing\Feature\HydePageTest" classname="Hyde.Framework.Testing.Feature.HydePageTest" file="/home/runner/work/develop/develop/packages/framework/tests/Feature/HydePageTest.php" line="270" assertions="1" time="0.022246"/>
        <testcase name="test_get_output_directory_returns_static_property" class="Hyde\Framework\Testing\Feature\HydePageTest" classname="Hyde.Framework.Testing.Feature.HydePageTest" file="/home/runner/work/develop/develop/packages/framework/tests/Feature/HydePageTest.php" line="277" assertions="1" time="0.022176"/>
        <testcase name="test_set_output_directory_trims_trailing_slashes" class="Hyde\Framework\Testing\Feature\HydePageTest" classname="Hyde.Framework.Testing.Feature.HydePageTest" file="/home/runner/work/develop/develop/packages/framework/tests/Feature/HydePageTest.php" line="284" assertions="1" time="0.022189"/>
        <testcase name="test_get_file_extension_returns_static_property" class="Hyde\Framework\Testing\Feature\HydePageTest" classname="Hyde.Framework.Testing.Feature.HydePageTest" file="/home/runner/work/develop/develop/packages/framework/tests/Feature/HydePageTest.php" line="291" assertions="1" time="0.022158"/>
        <testcase name="test_set_file_extension_forces_leading_period" class="Hyde\Framework\Testing\Feature\HydePageTest" classname="Hyde.Framework.Testing.Feature.HydePageTest" file="/home/runner/work/develop/develop/packages/framework/tests/Feature/HydePageTest.php" line="298" assertions="1" time="0.021939"/>
        <testcase name="test_set_file_extension_removes_trailing_period" class="Hyde\Framework\Testing\Feature\HydePageTest" classname="Hyde.Framework.Testing.Feature.HydePageTest" file="/home/runner/work/develop/develop/packages/framework/tests/Feature/HydePageTest.php" line="305" assertions="1" time="0.021960"/>
        <testcase name="test_get_identifier_returns_identifier_property" class="Hyde\Framework\Testing\Feature\HydePageTest" classname="Hyde.Framework.Testing.Feature.HydePageTest" file="/home/runner/work/develop/develop/packages/framework/tests/Feature/HydePageTest.php" line="312" assertions="1" time="0.023125"/>
        <testcase name="test_set_source_directory" class="Hyde\Framework\Testing\Feature\HydePageTest" classname="Hyde.Framework.Testing.Feature.HydePageTest" file="/home/runner/work/develop/develop/packages/framework/tests/Feature/HydePageTest.php" line="318" assertions="1" time="0.022166"/>
        <testcase name="test_set_output_directory" class="Hyde\Framework\Testing\Feature\HydePageTest" classname="Hyde.Framework.Testing.Feature.HydePageTest" file="/home/runner/work/develop/develop/packages/framework/tests/Feature/HydePageTest.php" line="324" assertions="1" time="0.022100"/>
        <testcase name="test_set_file_extension" class="Hyde\Framework\Testing\Feature\HydePageTest" classname="Hyde.Framework.Testing.Feature.HydePageTest" file="/home/runner/work/develop/develop/packages/framework/tests/Feature/HydePageTest.php" line="330" assertions="1" time="0.022007"/>
        <testcase name="test_static_get_method_returns_discovered_page" class="Hyde\Framework\Testing\Feature\HydePageTest" classname="Hyde.Framework.Testing.Feature.HydePageTest" file="/home/runner/work/develop/develop/packages/framework/tests/Feature/HydePageTest.php" line="336" assertions="1" time="0.027917"/>
        <testcase name="test_static_get_method_throws_exception_if_page_not_found" class="Hyde\Framework\Testing\Feature\HydePageTest" classname="Hyde.Framework.Testing.Feature.HydePageTest" file="/home/runner/work/develop/develop/packages/framework/tests/Feature/HydePageTest.php" line="341" assertions="1" time="0.026091"/>
        <testcase name="test_parse_parses_supplied_slug_into_a_page_model" class="Hyde\Framework\Testing\Feature\HydePageTest" classname="Hyde.Framework.Testing.Feature.HydePageTest" file="/home/runner/work/develop/develop/packages/framework/tests/Feature/HydePageTest.php" line="347" assertions="2" time="0.024388"/>
        <testcase name="test_files_returns_array_of_source_files" class="Hyde\Framework\Testing\Feature\HydePageTest" classname="Hyde.Framework.Testing.Feature.HydePageTest" file="/home/runner/work/develop/develop/packages/framework/tests/Feature/HydePageTest.php" line="357" assertions="1" time="0.028172"/>
        <testcase name="test_all_returns_collection_of_all_parsed_source_files_from_page_index" class="Hyde\Framework\Testing\Feature\HydePageTest" classname="Hyde.Framework.Testing.Feature.HydePageTest" file="/home/runner/work/develop/develop/packages/framework/tests/Feature/HydePageTest.php" line="364" assertions="2" time="0.029488"/>
        <testcase name="test_qualify_basename_properly_expands_basename_for_the_model" class="Hyde\Framework\Testing\Feature\HydePageTest" classname="Hyde.Framework.Testing.Feature.HydePageTest" file="/home/runner/work/develop/develop/packages/framework/tests/Feature/HydePageTest.php" line="378" assertions="1" time="0.022466"/>
        <testcase name="test_qualify_basename_trims_slashes_from_input" class="Hyde\Framework\Testing\Feature\HydePageTest" classname="Hyde.Framework.Testing.Feature.HydePageTest" file="/home/runner/work/develop/develop/packages/framework/tests/Feature/HydePageTest.php" line="383" assertions="1" time="0.022145"/>
        <testcase name="test_qualify_basename_uses_the_static_properties" class="Hyde\Framework\Testing\Feature\HydePageTest" classname="Hyde.Framework.Testing.Feature.HydePageTest" file="/home/runner/work/develop/develop/packages/framework/tests/Feature/HydePageTest.php" line="388" assertions="1" time="0.022105"/>
        <testcase name="test_path_returns_absolute_path_to_source_directory_when_no_parameter_is_supplied" class="Hyde\Framework\Testing\Feature\HydePageTest" classname="Hyde.Framework.Testing.Feature.HydePageTest" file="/home/runner/work/develop/develop/packages/framework/tests/Feature/HydePageTest.php" line="396" assertions="1" time="0.022179"/>
        <testcase name="test_path_returns_absolute_path_to_file_in_source_directory_when_parameter_is_supplied" class="Hyde\Framework\Testing\Feature\HydePageTest" classname="Hyde.Framework.Testing.Feature.HydePageTest" file="/home/runner/work/develop/develop/packages/framework/tests/Feature/HydePageTest.php" line="403" assertions="1" time="0.022286"/>
        <testcase name="test_path_method_removes_trailing_slashes" class="Hyde\Framework\Testing\Feature\HydePageTest" classname="Hyde.Framework.Testing.Feature.HydePageTest" file="/home/runner/work/develop/develop/packages/framework/tests/Feature/HydePageTest.php" line="410" assertions="1" time="0.022224"/>
        <testcase name="test_get_output_location_returns_the_file_output_path_for_the_supplied_basename" class="Hyde\Framework\Testing\Feature\HydePageTest" classname="Hyde.Framework.Testing.Feature.HydePageTest" file="/home/runner/work/develop/develop/packages/framework/tests/Feature/HydePageTest.php" line="417" assertions="1" time="0.028143"/>
        <testcase name="test_get_output_location_returns_the_configured_location" class="Hyde\Framework\Testing\Feature\HydePageTest" classname="Hyde.Framework.Testing.Feature.HydePageTest" file="/home/runner/work/develop/develop/packages/framework/tests/Feature/HydePageTest.php" line="422" assertions="1" time="0.022341"/>
        <testcase name="test_get_output_location_trims_trailing_slashes_from_directory_setting" class="Hyde\Framework\Testing\Feature\HydePageTest" classname="Hyde.Framework.Testing.Feature.HydePageTest" file="/home/runner/work/develop/develop/packages/framework/tests/Feature/HydePageTest.php" line="429" assertions="1" time="0.021985"/>
        <testcase name="test_get_output_location_trims_trailing_slashes_from_basename" class="Hyde\Framework\Testing\Feature\HydePageTest" classname="Hyde.Framework.Testing.Feature.HydePageTest" file="/home/runner/work/develop/develop/packages/framework/tests/Feature/HydePageTest.php" line="436" assertions="1" time="0.022050"/>
        <testcase name="test_get_current_page_path_returns_output_directory_and_basename" class="Hyde\Framework\Testing\Feature\HydePageTest" classname="Hyde.Framework.Testing.Feature.HydePageTest" file="/home/runner/work/develop/develop/packages/framework/tests/Feature/HydePageTest.php" line="441" assertions="1" time="0.023154"/>
        <testcase name="test_get_current_page_path_returns_output_directory_and_basename_for_configured_directory" class="Hyde\Framework\Testing\Feature\HydePageTest" classname="Hyde.Framework.Testing.Feature.HydePageTest" file="/home/runner/work/develop/develop/packages/framework/tests/Feature/HydePageTest.php" line="447" assertions="1" time="0.023784"/>
        <testcase name="test_get_current_page_path_trims_trailing_slashes_from_directory_setting" class="Hyde\Framework\Testing\Feature\HydePageTest" classname="Hyde.Framework.Testing.Feature.HydePageTest" file="/home/runner/work/develop/develop/packages/framework/tests/Feature/HydePageTest.php" line="455" assertions="1" time="0.023195"/>
        <testcase name="test_get_output_path_returns_current_page_path_with_html_extension_appended" class="Hyde\Framework\Testing\Feature\HydePageTest" classname="Hyde.Framework.Testing.Feature.HydePageTest" file="/home/runner/work/develop/develop/packages/framework/tests/Feature/HydePageTest.php" line="463" assertions="1" time="0.023052"/>
        <testcase name="test_get_source_path_returns_qualified_basename" class="Hyde\Framework\Testing\Feature\HydePageTest" classname="Hyde.Framework.Testing.Feature.HydePageTest" file="/home/runner/work/develop/develop/packages/framework/tests/Feature/HydePageTest.php" line="469" assertions="1" time="0.023183"/>
        <testcase name="test_markdown_page_implements_page_contract" class="Hyde\Framework\Testing\Feature\HydePageTest" classname="Hyde.Framework.Testing.Feature.HydePageTest" file="/home/runner/work/develop/develop/packages/framework/tests/Feature/HydePageTest.php" line="477" assertions="1" time="0.022769"/>
        <testcase name="test_all_page_models_extend_abstract_page" class="Hyde\Framework\Testing\Feature\HydePageTest" classname="Hyde.Framework.Testing.Feature.HydePageTest" file="/home/runner/work/develop/develop/packages/framework/tests/Feature/HydePageTest.php" line="482" assertions="6" time="0.025803"/>
        <testcase name="test_all_page_models_have_configured_source_directory" class="Hyde\Framework\Testing\Feature\HydePageTest" classname="Hyde.Framework.Testing.Feature.HydePageTest" file="/home/runner/work/develop/develop/packages/framework/tests/Feature/HydePageTest.php" line="499" assertions="5" time="0.022302"/>
        <testcase name="test_all_page_models_have_configured_output_directory" class="Hyde\Framework\Testing\Feature\HydePageTest" classname="Hyde.Framework.Testing.Feature.HydePageTest" file="/home/runner/work/develop/develop/packages/framework/tests/Feature/HydePageTest.php" line="514" assertions="4" time="0.022193"/>
        <testcase name="test_all_page_models_have_configured_file_extension" class="Hyde\Framework\Testing\Feature\HydePageTest" classname="Hyde.Framework.Testing.Feature.HydePageTest" file="/home/runner/work/develop/develop/packages/framework/tests/Feature/HydePageTest.php" line="528" assertions="4" time="0.022116"/>
        <testcase name="test_abstract_markdown_page_extends_abstract_page" class="Hyde\Framework\Testing\Feature\HydePageTest" classname="Hyde.Framework.Testing.Feature.HydePageTest" file="/home/runner/work/develop/develop/packages/framework/tests/Feature/HydePageTest.php" line="542" assertions="1" time="0.027913"/>
        <testcase name="test_abstract_markdown_page_implements_page_contract" class="Hyde\Framework\Testing\Feature\HydePageTest" classname="Hyde.Framework.Testing.Feature.HydePageTest" file="/home/runner/work/develop/develop/packages/framework/tests/Feature/HydePageTest.php" line="547" assertions="1" time="0.022407"/>
        <testcase name="test_abstract_markdown_page_has_markdown_document_property" class="Hyde\Framework\Testing\Feature\HydePageTest" classname="Hyde.Framework.Testing.Feature.HydePageTest" file="/home/runner/work/develop/develop/packages/framework/tests/Feature/HydePageTest.php" line="552" assertions="1" time="0.022026"/>
        <testcase name="test_abstract_markdown_page_has_file_extension_property" class="Hyde\Framework\Testing\Feature\HydePageTest" classname="Hyde.Framework.Testing.Feature.HydePageTest" file="/home/runner/work/develop/develop/packages/framework/tests/Feature/HydePageTest.php" line="557" assertions="1" time="0.023343"/>
        <testcase name="test_abstract_markdown_page_file_extension_property_is_set_to_md" class="Hyde\Framework\Testing\Feature\HydePageTest" classname="Hyde.Framework.Testing.Feature.HydePageTest" file="/home/runner/work/develop/develop/packages/framework/tests/Feature/HydePageTest.php" line="562" assertions="1" time="0.023253"/>
        <testcase name="test_abstract_markdown_page_constructor_arguments_are_optional" class="Hyde\Framework\Testing\Feature\HydePageTest" classname="Hyde.Framework.Testing.Feature.HydePageTest" file="/home/runner/work/develop/develop/packages/framework/tests/Feature/HydePageTest.php" line="567" assertions="1" time="0.022157"/>
        <testcase name="test_abstract_markdown_page_constructor_assigns_markdown_document_property_if_set" class="Hyde\Framework\Testing\Feature\HydePageTest" classname="Hyde.Framework.Testing.Feature.HydePageTest" file="/home/runner/work/develop/develop/packages/framework/tests/Feature/HydePageTest.php" line="573" assertions="1" time="0.022859"/>
        <testcase name="test_abstract_markdown_page_constructor_creates_new_markdown_document_if_no_markdown_document_is_set" class="Hyde\Framework\Testing\Feature\HydePageTest" classname="Hyde.Framework.Testing.Feature.HydePageTest" file="/home/runner/work/develop/develop/packages/framework/tests/Feature/HydePageTest.php" line="580" assertions="1" time="0.024393"/>
        <testcase name="test_abstract_markdown_page_markdown_helper_returns_the_markdown_document_instance" class="Hyde\Framework\Testing\Feature\HydePageTest" classname="Hyde.Framework.Testing.Feature.HydePageTest" file="/home/runner/work/develop/develop/packages/framework/tests/Feature/HydePageTest.php" line="586" assertions="1" time="0.023908"/>
        <testcase name="test_abstract_markdown_page_markdown_helper_returns_the_configured_markdown_document_instance" class="Hyde\Framework\Testing\Feature\HydePageTest" classname="Hyde.Framework.Testing.Feature.HydePageTest" file="/home/runner/work/develop/develop/packages/framework/tests/Feature/HydePageTest.php" line="592" assertions="1" time="0.024557"/>
        <testcase name="test_abstract_markdown_page_make_helper_constructs_dynamic_title_automatically" class="Hyde\Framework\Testing\Feature\HydePageTest" classname="Hyde.Framework.Testing.Feature.HydePageTest" file="/home/runner/work/develop/develop/packages/framework/tests/Feature/HydePageTest.php" line="599" assertions="1" time="0.023081"/>
        <testcase name="test_markdown_based_pages_extend_abstract_markdown_page" class="Hyde\Framework\Testing\Feature\HydePageTest" classname="Hyde.Framework.Testing.Feature.HydePageTest" file="/home/runner/work/develop/develop/packages/framework/tests/Feature/HydePageTest.php" line="605" assertions="3" time="0.024102"/>
        <testcase name="test_blade_pages_do_not_extend_abstract_markdown_page" class="Hyde\Framework\Testing\Feature\HydePageTest" classname="Hyde.Framework.Testing.Feature.HydePageTest" file="/home/runner/work/develop/develop/packages/framework/tests/Feature/HydePageTest.php" line="618" assertions="1" time="0.023212"/>
        <testcase name="test_get_route_returns_page_route" class="Hyde\Framework\Testing\Feature\HydePageTest" classname="Hyde.Framework.Testing.Feature.HydePageTest" file="/home/runner/work/develop/develop/packages/framework/tests/Feature/HydePageTest.php" line="623" assertions="1" time="0.026672"/>
        <testcase name="test_get_route_returns_the_route_object_from_the_router_index" class="Hyde\Framework\Testing\Feature\HydePageTest" classname="Hyde.Framework.Testing.Feature.HydePageTest" file="/home/runner/work/develop/develop/packages/framework/tests/Feature/HydePageTest.php" line="629" assertions="1" time="0.029287"/>
        <testcase name="test_html_title_returns_site_name_plus_page_title" class="Hyde\Framework\Testing\Feature\HydePageTest" classname="Hyde.Framework.Testing.Feature.HydePageTest" file="/home/runner/work/develop/develop/packages/framework/tests/Feature/HydePageTest.php" line="636" assertions="1" time="0.023105"/>
        <testcase name="test_html_title_uses_configured_site_name" class="Hyde\Framework\Testing\Feature\HydePageTest" classname="Hyde.Framework.Testing.Feature.HydePageTest" file="/home/runner/work/develop/develop/packages/framework/tests/Feature/HydePageTest.php" line="642" assertions="1" time="0.023463"/>
        <testcase name="test_body_helper_returns_markdown_document_body_in_markdown_pages" class="Hyde\Framework\Testing\Feature\HydePageTest" classname="Hyde.Framework.Testing.Feature.HydePageTest" file="/home/runner/work/develop/develop/packages/framework/tests/Feature/HydePageTest.php" line="649" assertions="1" time="0.025716"/>
        <testcase name="test_show_in_navigation_returns_false_for_markdown_post" class="Hyde\Framework\Testing\Feature\HydePageTest" classname="Hyde.Framework.Testing.Feature.HydePageTest" file="/home/runner/work/develop/develop/packages/framework/tests/Feature/HydePageTest.php" line="655" assertions="1" time="0.023381"/>
        <testcase name="test_show_in_navigation_returns_true_for_documentation_page_if_slug_is_index" class="Hyde\Framework\Testing\Feature\HydePageTest" classname="Hyde.Framework.Testing.Feature.HydePageTest" file="/home/runner/work/develop/develop/packages/framework/tests/Feature/HydePageTest.php" line="662" assertions="1" time="0.023317"/>
        <testcase name="test_show_in_navigation_returns_true_for_documentation_page_if_slug_is_not_index" class="Hyde\Framework\Testing\Feature\HydePageTest" classname="Hyde.Framework.Testing.Feature.HydePageTest" file="/home/runner/work/develop/develop/packages/framework/tests/Feature/HydePageTest.php" line="669" assertions="1" time="0.023432"/>
        <testcase name="test_show_in_navigation_returns_false_for_abstract_markdown_page_if_matter_navigation_hidden_is_true" class="Hyde\Framework\Testing\Feature\HydePageTest" classname="Hyde.Framework.Testing.Feature.HydePageTest" file="/home/runner/work/develop/develop/packages/framework/tests/Feature/HydePageTest.php" line="676" assertions="1" time="0.023338"/>
        <testcase name="test_show_in_navigation_returns_true_for_abstract_markdown_page_if_matter_navigation_visible_is_true" class="Hyde\Framework\Testing\Feature\HydePageTest" classname="Hyde.Framework.Testing.Feature.HydePageTest" file="/home/runner/work/develop/develop/packages/framework/tests/Feature/HydePageTest.php" line="683" assertions="1" time="0.023442"/>
        <testcase name="test_show_in_navigation_returns_true_for_abstract_markdown_page_if_matter_navigation_hidden_is_false" class="Hyde\Framework\Testing\Feature\HydePageTest" classname="Hyde.Framework.Testing.Feature.HydePageTest" file="/home/runner/work/develop/develop/packages/framework/tests/Feature/HydePageTest.php" line="690" assertions="1" time="0.023252"/>
        <testcase name="test_show_in_navigation_returns_true_for_abstract_markdown_page_if_matter_navigation_hidden_is_not_set" class="Hyde\Framework\Testing\Feature\HydePageTest" classname="Hyde.Framework.Testing.Feature.HydePageTest" file="/home/runner/work/develop/develop/packages/framework/tests/Feature/HydePageTest.php" line="697" assertions="1" time="0.029172"/>
        <testcase name="test_show_in_navigation_returns_false_if_slug_is_present_in_config_hyde_navigation_exclude" class="Hyde\Framework\Testing\Feature\HydePageTest" classname="Hyde.Framework.Testing.Feature.HydePageTest" file="/home/runner/work/develop/develop/packages/framework/tests/Feature/HydePageTest.php" line="704" assertions="2" time="0.024036"/>
        <testcase name="test_show_in_navigation_returns_false_if_slug_is_404" class="Hyde\Framework\Testing\Feature\HydePageTest" classname="Hyde.Framework.Testing.Feature.HydePageTest" file="/home/runner/work/develop/develop/packages/framework/tests/Feature/HydePageTest.php" line="714" assertions="1" time="0.023230"/>
        <testcase name="test_show_in_navigation_defaults_to_true_if_all_checks_pass" class="Hyde\Framework\Testing\Feature\HydePageTest" classname="Hyde.Framework.Testing.Feature.HydePageTest" file="/home/runner/work/develop/develop/packages/framework/tests/Feature/HydePageTest.php" line="720" assertions="1" time="0.023214"/>
        <testcase name="test_navigation_menu_priority_returns_front_matter_value_of_navigation_priority_if_abstract_markdown_page_and_not_null" class="Hyde\Framework\Testing\Feature\HydePageTest" classname="Hyde.Framework.Testing.Feature.HydePageTest" file="/home/runner/work/develop/develop/packages/framework/tests/Feature/HydePageTest.php" line="726" assertions="1" time="0.023147"/>
        <testcase name="test_navigation_menu_priority_can_be_set_using_order_property" class="Hyde\Framework\Testing\Feature\HydePageTest" classname="Hyde.Framework.Testing.Feature.HydePageTest" file="/home/runner/work/develop/develop/packages/framework/tests/Feature/HydePageTest.php" line="732" assertions="1" time="0.023277"/>
        <testcase name="test_navigation_menu_priority_returns_specified_config_value_if_slug_exists_in_config_hyde_navigation_order" class="Hyde\Framework\Testing\Feature\HydePageTest" classname="Hyde.Framework.Testing.Feature.HydePageTest" file="/home/runner/work/develop/develop/packages/framework/tests/Feature/HydePageTest.php" line="738" assertions="2" time="0.024198"/>
        <testcase name="test_navigation_menu_priority_gives_precedence_to_front_matter_over_config_hyde_navigation_order" class="Hyde\Framework\Testing\Feature\HydePageTest" classname="Hyde.Framework.Testing.Feature.HydePageTest" file="/home/runner/work/develop/develop/packages/framework/tests/Feature/HydePageTest.php" line="748" assertions="2" time="0.023855"/>
        <testcase name="test_navigation_menu_priority_returns_999_for_documentation_page" class="Hyde\Framework\Testing\Feature\HydePageTest" classname="Hyde.Framework.Testing.Feature.HydePageTest" file="/home/runner/work/develop/develop/packages/framework/tests/Feature/HydePageTest.php" line="758" assertions="1" time="0.023324"/>
        <testcase name="test_navigation_menu_priority_returns_0_if_slug_is_index" class="Hyde\Framework\Testing\Feature\HydePageTest" classname="Hyde.Framework.Testing.Feature.HydePageTest" file="/home/runner/work/develop/develop/packages/framework/tests/Feature/HydePageTest.php" line="764" assertions="1" time="0.023199"/>
        <testcase name="test_navigation_menu_priority_returns_10_if_slug_is_posts" class="Hyde\Framework\Testing\Feature\HydePageTest" classname="Hyde.Framework.Testing.Feature.HydePageTest" file="/home/runner/work/develop/develop/packages/framework/tests/Feature/HydePageTest.php" line="770" assertions="1" time="0.023333"/>
        <testcase name="test_navigation_menu_priority_defaults_to_999_if_no_other_conditions_are_met" class="Hyde\Framework\Testing\Feature\HydePageTest" classname="Hyde.Framework.Testing.Feature.HydePageTest" file="/home/runner/work/develop/develop/packages/framework/tests/Feature/HydePageTest.php" line="776" assertions="1" time="0.023346"/>
        <testcase name="test_navigation_menu_title_returns_navigation_title_matter_if_set" class="Hyde\Framework\Testing\Feature\HydePageTest" classname="Hyde.Framework.Testing.Feature.HydePageTest" file="/home/runner/work/develop/develop/packages/framework/tests/Feature/HydePageTest.php" line="782" assertions="1" time="0.022945"/>
        <testcase name="test_navigation_menu_title_returns_title_matter_if_set" class="Hyde\Framework\Testing\Feature\HydePageTest" classname="Hyde.Framework.Testing.Feature.HydePageTest" file="/home/runner/work/develop/develop/packages/framework/tests/Feature/HydePageTest.php" line="788" assertions="1" time="0.023146"/>
        <testcase name="test_navigation_menu_title_navigation_title_has_precedence_over_title" class="Hyde\Framework\Testing\Feature\HydePageTest" classname="Hyde.Framework.Testing.Feature.HydePageTest" file="/home/runner/work/develop/develop/packages/framework/tests/Feature/HydePageTest.php" line="794" assertions="1" time="0.023100"/>
        <testcase name="test_navigation_menu_title_returns_docs_if_slug_is_index_and_model_is_documentation_page" class="Hyde\Framework\Testing\Feature\HydePageTest" classname="Hyde.Framework.Testing.Feature.HydePageTest" file="/home/runner/work/develop/develop/packages/framework/tests/Feature/HydePageTest.php" line="800" assertions="1" time="0.023455"/>
        <testcase name="test_navigation_menu_title_returns_home_if_slug_is_index_and_model_is_not_documentation_page" class="Hyde\Framework\Testing\Feature\HydePageTest" classname="Hyde.Framework.Testing.Feature.HydePageTest" file="/home/runner/work/develop/develop/packages/framework/tests/Feature/HydePageTest.php" line="806" assertions="1" time="0.023346"/>
        <testcase name="test_navigation_menu_title_returns_title_if_title_is_set_and_not_empty" class="Hyde\Framework\Testing\Feature\HydePageTest" classname="Hyde.Framework.Testing.Feature.HydePageTest" file="/home/runner/work/develop/develop/packages/framework/tests/Feature/HydePageTest.php" line="812" assertions="1" time="0.023029"/>
        <testcase name="test_navigation_menu_title_falls_back_to_hyde_make_title_from_slug" class="Hyde\Framework\Testing\Feature\HydePageTest" classname="Hyde.Framework.Testing.Feature.HydePageTest" file="/home/runner/work/develop/develop/packages/framework/tests/Feature/HydePageTest.php" line="818" assertions="1" time="0.023171"/>
        <testcase name="test_navigation_menu_title_can_be_set_in_configuration" class="Hyde\Framework\Testing\Feature\HydePageTest" classname="Hyde.Framework.Testing.Feature.HydePageTest" file="/home/runner/work/develop/develop/packages/framework/tests/Feature/HydePageTest.php" line="824" assertions="1" time="0.023281"/>
        <testcase name="test_documentation_page_can_be_hidden_from_navigation_using_config" class="Hyde\Framework\Testing\Feature\HydePageTest" classname="Hyde.Framework.Testing.Feature.HydePageTest" file="/home/runner/work/develop/develop/packages/framework/tests/Feature/HydePageTest.php" line="831" assertions="1" time="0.023679"/>
        <testcase name="test_get_canonical_url_returns_url_for_top_level_page" class="Hyde\Framework\Testing\Feature\HydePageTest" classname="Hyde.Framework.Testing.Feature.HydePageTest" file="/home/runner/work/develop/develop/packages/framework/tests/Feature/HydePageTest.php" line="838" assertions="1" time="0.023525"/>
        <testcase name="test_get_canonical_url_returns_pretty_url_for_top_level_page" class="Hyde\Framework\Testing\Feature\HydePageTest" classname="Hyde.Framework.Testing.Feature.HydePageTest" file="/home/runner/work/develop/develop/packages/framework/tests/Feature/HydePageTest.php" line="846" assertions="1" time="0.023455"/>
        <testcase name="test_get_canonical_url_returns_url_for_nested_page" class="Hyde\Framework\Testing\Feature\HydePageTest" classname="Hyde.Framework.Testing.Feature.HydePageTest" file="/home/runner/work/develop/develop/packages/framework/tests/Feature/HydePageTest.php" line="855" assertions="1" time="0.023437"/>
        <testcase name="test_get_canonical_url_returns_url_for_deeply_nested_page" class="Hyde\Framework\Testing\Feature\HydePageTest" classname="Hyde.Framework.Testing.Feature.HydePageTest" file="/home/runner/work/develop/develop/packages/framework/tests/Feature/HydePageTest.php" line="863" assertions="1" time="0.023353"/>
        <testcase name="test_canonical_url_is_not_set_when_identifier_is_null" class="Hyde\Framework\Testing\Feature\HydePageTest" classname="Hyde.Framework.Testing.Feature.HydePageTest" file="/home/runner/work/develop/develop/packages/framework/tests/Feature/HydePageTest.php" line="871" assertions="2" time="0.023085"/>
        <testcase name="test_canonical_url_is_not_set_when_site_url_is_null" class="Hyde\Framework\Testing\Feature\HydePageTest" classname="Hyde.Framework.Testing.Feature.HydePageTest" file="/home/runner/work/develop/develop/packages/framework/tests/Feature/HydePageTest.php" line="882" assertions="2" time="0.023113"/>
        <testcase name="test_custom_canonical_link_can_be_set_in_front_matter" class="Hyde\Framework\Testing\Feature\HydePageTest" classname="Hyde.Framework.Testing.Feature.HydePageTest" file="/home/runner/work/develop/develop/packages/framework/tests/Feature/HydePageTest.php" line="893" assertions="2" time="0.023341"/>
        <testcase name="test_can_create_canonical_url_using_base_url_from_config" class="Hyde\Framework\Testing\Feature\HydePageTest" classname="Hyde.Framework.Testing.Feature.HydePageTest" file="/home/runner/work/develop/develop/packages/framework/tests/Feature/HydePageTest.php" line="904" assertions="1" time="0.023580"/>
        <testcase name="test_can_create_canonical_url_using_base_url_from_config_using_pretty_urls" class="Hyde\Framework\Testing\Feature\HydePageTest" classname="Hyde.Framework.Testing.Feature.HydePageTest" file="/home/runner/work/develop/develop/packages/framework/tests/Feature/HydePageTest.php" line="913" assertions="1" time="0.023331"/>
        <testcase name="test_canonical_url_is_null_when_no_base_url_is_set" class="Hyde\Framework\Testing\Feature\HydePageTest" classname="Hyde.Framework.Testing.Feature.HydePageTest" file="/home/runner/work/develop/develop/packages/framework/tests/Feature/HydePageTest.php" line="923" assertions="1" time="0.023361"/>
        <testcase name="test_render_page_metadata_returns_string" class="Hyde\Framework\Testing\Feature\HydePageTest" classname="Hyde.Framework.Testing.Feature.HydePageTest" file="/home/runner/work/develop/develop/packages/framework/tests/Feature/HydePageTest.php" line="929" assertions="1" time="0.023312"/>
        <testcase name="test_has_method_returns_true_if_page_has_standard_property" class="Hyde\Framework\Testing\Feature\HydePageTest" classname="Hyde.Framework.Testing.Feature.HydePageTest" file="/home/runner/work/develop/develop/packages/framework/tests/Feature/HydePageTest.php" line="935" assertions="1" time="0.023343"/>
        <testcase name="test_has_method_returns_false_if_page_does_not_have_standard_property" class="Hyde\Framework\Testing\Feature\HydePageTest" classname="Hyde.Framework.Testing.Feature.HydePageTest" file="/home/runner/work/develop/develop/packages/framework/tests/Feature/HydePageTest.php" line="941" assertions="1" time="0.022908"/>
        <testcase name="test_has_method_returns_true_if_page_has_dynamic_property" class="Hyde\Framework\Testing\Feature\HydePageTest" classname="Hyde.Framework.Testing.Feature.HydePageTest" file="/home/runner/work/develop/develop/packages/framework/tests/Feature/HydePageTest.php" line="947" assertions="1" time="0.022892"/>
        <testcase name="test_has_method_returns_false_if_page_does_not_have_dynamic_property" class="Hyde\Framework\Testing\Feature\HydePageTest" classname="Hyde.Framework.Testing.Feature.HydePageTest" file="/home/runner/work/develop/develop/packages/framework/tests/Feature/HydePageTest.php" line="954" assertions="1" time="0.022826"/>
        <testcase name="test_has_method_returns_true_if_page_has_property_set_in_front_matter" class="Hyde\Framework\Testing\Feature\HydePageTest" classname="Hyde.Framework.Testing.Feature.HydePageTest" file="/home/runner/work/develop/develop/packages/framework/tests/Feature/HydePageTest.php" line="960" assertions="1" time="0.022836"/>
        <testcase name="test_has_method_returns_false_if_page_does_not_have_property_set_in_front_matter" class="Hyde\Framework\Testing\Feature\HydePageTest" classname="Hyde.Framework.Testing.Feature.HydePageTest" file="/home/runner/work/develop/develop/packages/framework/tests/Feature/HydePageTest.php" line="966" assertions="1" time="0.028961"/>
        <testcase name="test_has_method_returns_false_if_property_exists_but_is_blank" class="Hyde\Framework\Testing\Feature\HydePageTest" classname="Hyde.Framework.Testing.Feature.HydePageTest" file="/home/runner/work/develop/develop/packages/framework/tests/Feature/HydePageTest.php" line="972" assertions="2" time="0.023316"/>
        <testcase name="test_has_method_returns_true_if_page_has_blank_property_set_in_front_matter" class="Hyde\Framework\Testing\Feature\HydePageTest" classname="Hyde.Framework.Testing.Feature.HydePageTest" file="/home/runner/work/develop/develop/packages/framework/tests/Feature/HydePageTest.php" line="983" assertions="2" time="0.025812"/>
        <testcase name="test_markdown_pages_can_be_saved_to_disk" class="Hyde\Framework\Testing\Feature\HydePageTest" classname="Hyde.Framework.Testing.Feature.HydePageTest" file="/home/runner/work/develop/develop/packages/framework/tests/Feature/HydePageTest.php" line="989" assertions="1" time="0.023944"/>
        <testcase name="test_save_method_converts_front_matter_array_to_yaml_block" class="Hyde\Framework\Testing\Feature\HydePageTest" classname="Hyde.Framework.Testing.Feature.HydePageTest" file="/home/runner/work/develop/develop/packages/framework/tests/Feature/HydePageTest.php" line="997" assertions="1" time="0.024290"/>
        <testcase name="test_save_method_writes_page_body_to_file" class="Hyde\Framework\Testing\Feature\HydePageTest" classname="Hyde.Framework.Testing.Feature.HydePageTest" file="/home/runner/work/develop/develop/packages/framework/tests/Feature/HydePageTest.php" line="1006" assertions="1" time="0.024103"/>
        <testcase name="test_save_method_writes_page_body_to_file_with_front_matter" class="Hyde\Framework\Testing\Feature\HydePageTest" classname="Hyde.Framework.Testing.Feature.HydePageTest" file="/home/runner/work/develop/develop/packages/framework/tests/Feature/HydePageTest.php" line="1015" assertions="1" time="0.024049"/>
        <testcase name="test_new_markdown_pages_can_be_saved" class="Hyde\Framework\Testing\Feature\HydePageTest" classname="Hyde.Framework.Testing.Feature.HydePageTest" file="/home/runner/work/develop/develop/packages/framework/tests/Feature/HydePageTest.php" line="1024" assertions="2" time="0.023986"/>
        <testcase name="test_existing_parsed_markdown_pages_can_be_saved" class="Hyde\Framework\Testing\Feature\HydePageTest" classname="Hyde.Framework.Testing.Feature.HydePageTest" file="/home/runner/work/develop/develop/packages/framework/tests/Feature/HydePageTest.php" line="1035" assertions="3" time="0.030040"/>
        <testcase name="test_save_method_creates_source_directory_if_it_does_not_exist" class="Hyde\Framework\Testing\Feature\HydePageTest" classname="Hyde.Framework.Testing.Feature.HydePageTest" file="/home/runner/work/develop/develop/packages/framework/tests/Feature/HydePageTest.php" line="1054" assertions="3" time="0.024608"/>
        <testcase name="test_save_method_creates_source_directory_recursively_if_it_does_not_exist" class="Hyde\Framework\Testing\Feature\HydePageTest" classname="Hyde.Framework.Testing.Feature.HydePageTest" file="/home/runner/work/develop/develop/packages/framework/tests/Feature/HydePageTest.php" line="1067" assertions="4" time="0.024776"/>
        <testcase name="test_markdown_posts_can_be_saved" class="Hyde\Framework\Testing\Feature\HydePageTest" classname="Hyde.Framework.Testing.Feature.HydePageTest" file="/home/runner/work/develop/develop/packages/framework/tests/Feature/HydePageTest.php" line="1081" assertions="1" time="0.024985"/>
        <testcase name="test_documentation_pages_can_be_saved" class="Hyde\Framework\Testing\Feature\HydePageTest" classname="Hyde.Framework.Testing.Feature.HydePageTest" file="/home/runner/work/develop/develop/packages/framework/tests/Feature/HydePageTest.php" line="1089" assertions="1" time="0.024202"/>
        <testcase name="test_get_method_can_access_data_from_page" class="Hyde\Framework\Testing\Feature\HydePageTest" classname="Hyde.Framework.Testing.Feature.HydePageTest" file="/home/runner/work/develop/develop/packages/framework/tests/Feature/HydePageTest.php" line="1097" assertions="1" time="0.023463"/>
        <testcase name="test_get_method_can_access_nested_data_from_page" class="Hyde\Framework\Testing\Feature\HydePageTest" classname="Hyde.Framework.Testing.Feature.HydePageTest" file="/home/runner/work/develop/develop/packages/framework/tests/Feature/HydePageTest.php" line="1103" assertions="1" time="0.023122"/>
        <testcase name="test_get_method_can_access_nested_data_from_page_with_dot_notation" class="Hyde\Framework\Testing\Feature\HydePageTest" classname="Hyde.Framework.Testing.Feature.HydePageTest" file="/home/runner/work/develop/develop/packages/framework/tests/Feature/HydePageTest.php" line="1109" assertions="1" time="0.023084"/>
        <testcase name="testGetLinkWithPrettyUrls" class="Hyde\Framework\Testing\Feature\HydePageTest" classname="Hyde.Framework.Testing.Feature.HydePageTest" file="/home/runner/work/develop/develop/packages/framework/tests/Feature/HydePageTest.php" line="1115" assertions="1" time="0.023160"/>
        <testcase name="testGetLinkUsesHyperlinksHelper" class="Hyde\Framework\Testing\Feature\HydePageTest" classname="Hyde.Framework.Testing.Feature.HydePageTest" file="/home/runner/work/develop/develop/packages/framework/tests/Feature/HydePageTest.php" line="1123" assertions="1" time="0.023815"/>
        <testcase name="test_path_helpers_return_same_result_as_fluent_filesystem_helpers" class="Hyde\Framework\Testing\Feature\HydePageTest" classname="Hyde.Framework.Testing.Feature.HydePageTest" file="/home/runner/work/develop/develop/packages/framework/tests/Feature/HydePageTest.php" line="1131" assertions="4" time="0.022599"/>
        <testcase name="test_all_pages_are_routable" class="Hyde\Framework\Testing\Feature\HydePageTest" classname="Hyde.Framework.Testing.Feature.HydePageTest" file="/home/runner/work/develop/develop/packages/framework/tests/Feature/HydePageTest.php" line="1139" assertions="25" time="0.072319"/>
        <testcase name="test_navigation_data_factory_hides_page_from_navigation_when_in_a_subdirectory" class="Hyde\Framework\Testing\Feature\HydePageTest" classname="Hyde.Framework.Testing.Feature.HydePageTest" file="/home/runner/work/develop/develop/packages/framework/tests/Feature/HydePageTest.php" line="1168" assertions="2" time="0.023972"/>
        <testcase name="test_navigation_data_factory_hides_page_from_navigation_when_in_a_and_config_is_set_to_hidden" class="Hyde\Framework\Testing\Feature\HydePageTest" classname="Hyde.Framework.Testing.Feature.HydePageTest" file="/home/runner/work/develop/develop/packages/framework/tests/Feature/HydePageTest.php" line="1175" assertions="2" time="0.023550"/>
        <testcase name="test_navigation_data_factory_does_not_hide_page_from_navigation_when_in_a_subdirectory_and_allowed_in_configuration" class="Hyde\Framework\Testing\Feature\HydePageTest" classname="Hyde.Framework.Testing.Feature.HydePageTest" file="/home/runner/work/develop/develop/packages/framework/tests/Feature/HydePageTest.php" line="1183" assertions="2" time="0.023613"/>
        <testcase name="test_navigation_data_factory_allows_show_in_navigation_and_sets_group_when_dropdown_is_selected_in_config" class="Hyde\Framework\Testing\Feature\HydePageTest" classname="Hyde.Framework.Testing.Feature.HydePageTest" file="/home/runner/work/develop/develop/packages/framework/tests/Feature/HydePageTest.php" line="1191" assertions="2" time="0.023328"/>
        <testcase name="test_is_discoverable_method_returns_true_for_discoverable_pages" class="Hyde\Framework\Testing\Feature\HydePageTest" classname="Hyde.Framework.Testing.Feature.HydePageTest" file="/home/runner/work/develop/develop/packages/framework/tests/Feature/HydePageTest.php" line="1199" assertions="1" time="0.021957"/>
        <testcase name="test_is_discoverable_method_returns_false_for_non_discoverable_pages" class="Hyde\Framework\Testing\Feature\HydePageTest" classname="Hyde.Framework.Testing.Feature.HydePageTest" file="/home/runner/work/develop/develop/packages/framework/tests/Feature/HydePageTest.php" line="1204" assertions="1" time="0.022194"/>
        <testcase name="test_is_discoverable_method_requires_all_required_data_to_be_present" class="Hyde\Framework\Testing\Feature\HydePageTest" classname="Hyde.Framework.Testing.Feature.HydePageTest" file="/home/runner/work/develop/develop/packages/framework/tests/Feature/HydePageTest.php" line="1209" assertions="1" time="0.022296"/>
        <testcase name="test_is_discoverable_method_requires_source_directory_to_be_filled" class="Hyde\Framework\Testing\Feature\HydePageTest" classname="Hyde.Framework.Testing.Feature.HydePageTest" file="/home/runner/work/develop/develop/packages/framework/tests/Feature/HydePageTest.php" line="1214" assertions="1" time="0.022284"/>
        <testcase name="test_all_core_extension_pages_are_discoverable" class="Hyde\Framework\Testing\Feature\HydePageTest" classname="Hyde.Framework.Testing.Feature.HydePageTest" file="/home/runner/work/develop/develop/packages/framework/tests/Feature/HydePageTest.php" line="1219" assertions="5" time="0.022418"/>
        <testcase name="test_nested_index_pages_show_up_in_navigation" class="Hyde\Framework\Testing\Feature\HydePageTest" classname="Hyde.Framework.Testing.Feature.HydePageTest" file="/home/runner/work/develop/develop/packages/framework/tests/Feature/HydePageTest.php" line="1227" assertions="2" time="0.023308"/>
      </testsuite>
      <testsuite name="Hyde\Framework\Testing\Feature\HydeServiceProviderTest" file="/home/runner/work/develop/develop/packages/framework/tests/Feature/HydeServiceProviderTest.php" tests="21" assertions="95" errors="0" warnings="0" failures="0" skipped="0" time="0.495910">
        <testcase name="test_provider_is_constructed" class="Hyde\Framework\Testing\Feature\HydeServiceProviderTest" classname="Hyde.Framework.Testing.Feature.HydeServiceProviderTest" file="/home/runner/work/develop/develop/packages/framework/tests/Feature/HydeServiceProviderTest.php" line="47" assertions="1" time="0.021663"/>
        <testcase name="test_provider_has_register_method" class="Hyde\Framework\Testing\Feature\HydeServiceProviderTest" classname="Hyde.Framework.Testing.Feature.HydeServiceProviderTest" file="/home/runner/work/develop/develop/packages/framework/tests/Feature/HydeServiceProviderTest.php" line="52" assertions="1" time="0.022234"/>
        <testcase name="test_provider_has_boot_method" class="Hyde\Framework\Testing\Feature\HydeServiceProviderTest" classname="Hyde.Framework.Testing.Feature.HydeServiceProviderTest" file="/home/runner/work/develop/develop/packages/framework/tests/Feature/HydeServiceProviderTest.php" line="57" assertions="1" time="0.022265"/>
        <testcase name="test_provider_registers_asset_service_as_singleton" class="Hyde\Framework\Testing\Feature\HydeServiceProviderTest" classname="Hyde.Framework.Testing.Feature.HydeServiceProviderTest" file="/home/runner/work/develop/develop/packages/framework/tests/Feature/HydeServiceProviderTest.php" line="62" assertions="3" time="0.022195"/>
        <testcase name="test_provider_registers_build_task_service_as_singleton" class="Hyde\Framework\Testing\Feature\HydeServiceProviderTest" classname="Hyde.Framework.Testing.Feature.HydeServiceProviderTest" file="/home/runner/work/develop/develop/packages/framework/tests/Feature/HydeServiceProviderTest.php" line="69" assertions="3" time="0.027256"/>
        <testcase name="test_provider_registers_source_directories" class="Hyde\Framework\Testing\Feature\HydeServiceProviderTest" classname="Hyde.Framework.Testing.Feature.HydeServiceProviderTest" file="/home/runner/work/develop/develop/packages/framework/tests/Feature/HydeServiceProviderTest.php" line="76" assertions="8" time="0.023264"/>
        <testcase name="test_provider_registers_output_directories" class="Hyde\Framework\Testing\Feature\HydeServiceProviderTest" classname="Hyde.Framework.Testing.Feature.HydeServiceProviderTest" file="/home/runner/work/develop/develop/packages/framework/tests/Feature/HydeServiceProviderTest.php" line="96" assertions="8" time="0.029406"/>
        <testcase name="test_custom_source_roots_are_applied_to_the_page_models" class="Hyde\Framework\Testing\Feature\HydeServiceProviderTest" classname="Hyde.Framework.Testing.Feature.HydeServiceProviderTest" file="/home/runner/work/develop/develop/packages/framework/tests/Feature/HydeServiceProviderTest.php" line="116" assertions="8" time="0.023363"/>
        <testcase name="test_source_root_set_in_config_is_assigned" class="Hyde\Framework\Testing\Feature\HydeServiceProviderTest" classname="Hyde.Framework.Testing.Feature.HydeServiceProviderTest" file="/home/runner/work/develop/develop/packages/framework/tests/Feature/HydeServiceProviderTest.php" line="133" assertions="3" time="0.023335"/>
        <testcase name="test_provider_registers_site_output_directory" class="Hyde\Framework\Testing\Feature\HydeServiceProviderTest" classname="Hyde.Framework.Testing.Feature.HydeServiceProviderTest" file="/home/runner/work/develop/develop/packages/framework/tests/Feature/HydeServiceProviderTest.php" line="144" assertions="2" time="0.023451"/>
        <testcase name="test_provider_registers_media_directory" class="Hyde\Framework\Testing\Feature\HydeServiceProviderTest" classname="Hyde.Framework.Testing.Feature.HydeServiceProviderTest" file="/home/runner/work/develop/develop/packages/framework/tests/Feature/HydeServiceProviderTest.php" line="155" assertions="3" time="0.023269"/>
        <testcase name="test_provider_registers_blade_view_discovery_location_for_configured_blade_view_path" class="Hyde\Framework\Testing\Feature\HydeServiceProviderTest" classname="Hyde.Framework.Testing.Feature.HydeServiceProviderTest" file="/home/runner/work/develop/develop/packages/framework/tests/Feature/HydeServiceProviderTest.php" line="167" assertions="2" time="0.023512"/>
        <testcase name="test_blade_view_locations_are_only_registered_once_per_key" class="Hyde\Framework\Testing\Feature\HydeServiceProviderTest" classname="Hyde.Framework.Testing.Feature.HydeServiceProviderTest" file="/home/runner/work/develop/develop/packages/framework/tests/Feature/HydeServiceProviderTest.php" line="177" assertions="2" time="0.024413"/>
        <testcase name="test_provider_registers_console_commands" class="Hyde\Framework\Testing\Feature\HydeServiceProviderTest" classname="Hyde.Framework.Testing.Feature.HydeServiceProviderTest" file="/home/runner/work/develop/develop/packages/framework/tests/Feature/HydeServiceProviderTest.php" line="188" assertions="18" time="0.023014"/>
        <testcase name="test_provider_registers_additional_module_service_providers" class="Hyde\Framework\Testing\Feature\HydeServiceProviderTest" classname="Hyde.Framework.Testing.Feature.HydeServiceProviderTest" file="/home/runner/work/develop/develop/packages/framework/tests/Feature/HydeServiceProviderTest.php" line="205" assertions="1" time="0.023207"/>
        <testcase name="test_provider_registers_all_page_model_source_paths" class="Hyde\Framework\Testing\Feature\HydeServiceProviderTest" classname="Hyde.Framework.Testing.Feature.HydeServiceProviderTest" file="/home/runner/work/develop/develop/packages/framework/tests/Feature/HydeServiceProviderTest.php" line="212" assertions="6" time="0.023597"/>
        <testcase name="test_provider_registers_all_page_model_output_paths" class="Hyde\Framework\Testing\Feature\HydeServiceProviderTest" classname="Hyde.Framework.Testing.Feature.HydeServiceProviderTest" file="/home/runner/work/develop/develop/packages/framework/tests/Feature/HydeServiceProviderTest.php" line="238" assertions="5" time="0.023716"/>
        <testcase name="test_provider_registers_source_directories_using_options_in_configuration" class="Hyde\Framework\Testing\Feature\HydeServiceProviderTest" classname="Hyde.Framework.Testing.Feature.HydeServiceProviderTest" file="/home/runner/work/develop/develop/packages/framework/tests/Feature/HydeServiceProviderTest.php" line="254" assertions="5" time="0.023187"/>
        <testcase name="test_source_directories_can_be_set_using_kebab_case_class_names" class="Hyde\Framework\Testing\Feature\HydeServiceProviderTest" classname="Hyde.Framework.Testing.Feature.HydeServiceProviderTest" file="/home/runner/work/develop/develop/packages/framework/tests/Feature/HydeServiceProviderTest.php" line="273" assertions="5" time="0.023076"/>
        <testcase name="test_provider_registers_output_directories_using_options_in_configuration" class="Hyde\Framework\Testing\Feature\HydeServiceProviderTest" classname="Hyde.Framework.Testing.Feature.HydeServiceProviderTest" file="/home/runner/work/develop/develop/packages/framework/tests/Feature/HydeServiceProviderTest.php" line="292" assertions="5" time="0.023232"/>
        <testcase name="test_output_directories_can_be_set_using_kebab_case_class_names" class="Hyde\Framework\Testing\Feature\HydeServiceProviderTest" classname="Hyde.Framework.Testing.Feature.HydeServiceProviderTest" file="/home/runner/work/develop/develop/packages/framework/tests/Feature/HydeServiceProviderTest.php" line="311" assertions="5" time="0.023254"/>
      </testsuite>
      <testsuite name="Hyde\Framework\Testing\Feature\IncludesFacadeTest" file="/home/runner/work/develop/develop/packages/framework/tests/Feature/IncludesFacadeTest.php" tests="11" assertions="15" errors="0" warnings="0" failures="0" skipped="0" time="0.254010">
        <testcase name="test_path_returns_the_includes_directory" class="Hyde\Framework\Testing\Feature\IncludesFacadeTest" classname="Hyde.Framework.Testing.Feature.IncludesFacadeTest" file="/home/runner/work/develop/develop/packages/framework/tests/Feature/IncludesFacadeTest.php" line="18" assertions="1" time="0.021350"/>
        <testcase name="test_path_returns_a_partial_within_the_includes_directory" class="Hyde\Framework\Testing\Feature\IncludesFacadeTest" classname="Hyde.Framework.Testing.Feature.IncludesFacadeTest" file="/home/runner/work/develop/develop/packages/framework/tests/Feature/IncludesFacadeTest.php" line="26" assertions="1" time="0.023426"/>
        <testcase name="test_path_creates_directory_if_it_does_not_exist" class="Hyde\Framework\Testing\Feature\IncludesFacadeTest" classname="Hyde.Framework.Testing.Feature.IncludesFacadeTest" file="/home/runner/work/develop/develop/packages/framework/tests/Feature/IncludesFacadeTest.php" line="34" assertions="2" time="0.022346"/>
        <testcase name="test_get_returns_partial" class="Hyde\Framework\Testing\Feature\IncludesFacadeTest" classname="Hyde.Framework.Testing.Feature.IncludesFacadeTest" file="/home/runner/work/develop/develop/packages/framework/tests/Feature/IncludesFacadeTest.php" line="42" assertions="1" time="0.022322"/>
        <testcase name="test_get_returns_default_value_when_not_found" class="Hyde\Framework\Testing\Feature\IncludesFacadeTest" classname="Hyde.Framework.Testing.Feature.IncludesFacadeTest" file="/home/runner/work/develop/develop/packages/framework/tests/Feature/IncludesFacadeTest.php" line="50" assertions="2" time="0.022256"/>
        <testcase name="test_markdown_returns_rendered_partial" class="Hyde\Framework\Testing\Feature\IncludesFacadeTest" classname="Hyde.Framework.Testing.Feature.IncludesFacadeTest" file="/home/runner/work/develop/develop/packages/framework/tests/Feature/IncludesFacadeTest.php" line="56" assertions="1" time="0.023466"/>
        <testcase name="test_markdown_returns_rendered_default_value_when_not_found" class="Hyde\Framework\Testing\Feature\IncludesFacadeTest" classname="Hyde.Framework.Testing.Feature.IncludesFacadeTest" file="/home/runner/work/develop/develop/packages/framework/tests/Feature/IncludesFacadeTest.php" line="64" assertions="2" time="0.023281"/>
        <testcase name="test_markdown_with_and_without_extension" class="Hyde\Framework\Testing\Feature\IncludesFacadeTest" classname="Hyde.Framework.Testing.Feature.IncludesFacadeTest" file="/home/runner/work/develop/develop/packages/framework/tests/Feature/IncludesFacadeTest.php" line="70" assertions="1" time="0.024394"/>
        <testcase name="test_blade_returns_rendered_partial" class="Hyde\Framework\Testing\Feature\IncludesFacadeTest" classname="Hyde.Framework.Testing.Feature.IncludesFacadeTest" file="/home/runner/work/develop/develop/packages/framework/tests/Feature/IncludesFacadeTest.php" line="77" assertions="1" time="0.023761"/>
        <testcase name="test_blade_with_and_without_extension" class="Hyde\Framework\Testing\Feature\IncludesFacadeTest" classname="Hyde.Framework.Testing.Feature.IncludesFacadeTest" file="/home/runner/work/develop/develop/packages/framework/tests/Feature/IncludesFacadeTest.php" line="85" assertions="1" time="0.023693"/>
        <testcase name="test_blade_returns_rendered_default_value_when_not_found" class="Hyde\Framework\Testing\Feature\IncludesFacadeTest" classname="Hyde.Framework.Testing.Feature.IncludesFacadeTest" file="/home/runner/work/develop/develop/packages/framework/tests/Feature/IncludesFacadeTest.php" line="92" assertions="2" time="0.023714"/>
      </testsuite>
      <testsuite name="Hyde\Framework\Testing\Feature\LoadYamlConfigurationTest" file="/home/runner/work/develop/develop/packages/framework/tests/Feature/LoadYamlConfigurationTest.php" tests="5" assertions="8" errors="0" warnings="0" failures="0" skipped="0" time="0.114316">
        <testcase name="test_bootstrapper_applies_yaml_configuration_when_present" class="Hyde\Framework\Testing\Feature\LoadYamlConfigurationTest" classname="Hyde.Framework.Testing.Feature.LoadYamlConfigurationTest" file="/home/runner/work/develop/develop/packages/framework/tests/Feature/LoadYamlConfigurationTest.php" line="18" assertions="2" time="0.022455"/>
        <testcase name="test_changes_in_yaml_file_override_changes_in_site_config" class="Hyde\Framework\Testing\Feature\LoadYamlConfigurationTest" classname="Hyde.Framework.Testing.Feature.LoadYamlConfigurationTest" file="/home/runner/work/develop/develop/packages/framework/tests/Feature/LoadYamlConfigurationTest.php" line="26" assertions="2" time="0.023245"/>
        <testcase name="test_changes_in_yaml_file_override_changes_in_site_config_when_using_yaml_extension" class="Hyde\Framework\Testing\Feature\LoadYamlConfigurationTest" classname="Hyde.Framework.Testing.Feature.LoadYamlConfigurationTest" file="/home/runner/work/develop/develop/packages/framework/tests/Feature/LoadYamlConfigurationTest.php" line="34" assertions="2" time="0.023222"/>
        <testcase name="test_service_gracefully_handles_missing_file" class="Hyde\Framework\Testing\Feature\LoadYamlConfigurationTest" classname="Hyde.Framework.Testing.Feature.LoadYamlConfigurationTest" file="/home/runner/work/develop/develop/packages/framework/tests/Feature/LoadYamlConfigurationTest.php" line="42" assertions="1" time="0.022428"/>
        <testcase name="test_service_gracefully_handles_empty_file" class="Hyde\Framework\Testing\Feature\LoadYamlConfigurationTest" classname="Hyde.Framework.Testing.Feature.LoadYamlConfigurationTest" file="/home/runner/work/develop/develop/packages/framework/tests/Feature/LoadYamlConfigurationTest.php" line="48" assertions="1" time="0.022965"/>
      </testsuite>
      <testsuite name="Hyde\Framework\Testing\Feature\MarkdownFileParserTest" file="/home/runner/work/develop/develop/packages/framework/tests/Feature/MarkdownFileParserTest.php" tests="3" assertions="8" errors="0" warnings="0" failures="0" skipped="0" time="0.004971">
        <testcase name="test_can_parse_markdown_file" class="Hyde\Framework\Testing\Feature\MarkdownFileParserTest" classname="Hyde.Framework.Testing.Feature.MarkdownFileParserTest" file="/home/runner/work/develop/develop/packages/framework/tests/Feature/MarkdownFileParserTest.php" line="42" assertions="2" time="0.001171"/>
        <testcase name="test_can_parse_markdown_file_with_front_matter" class="Hyde\Framework\Testing\Feature\MarkdownFileParserTest" classname="Hyde.Framework.Testing.Feature.MarkdownFileParserTest" file="/home/runner/work/develop/develop/packages/framework/tests/Feature/MarkdownFileParserTest.php" line="52" assertions="3" time="0.001978"/>
        <testcase name="test_parsed_markdown_post_contains_valid_front_matter" class="Hyde\Framework\Testing\Feature\MarkdownFileParserTest" classname="Hyde.Framework.Testing.Feature.MarkdownFileParserTest" file="/home/runner/work/develop/develop/packages/framework/tests/Feature/MarkdownFileParserTest.php" line="75" assertions="3" time="0.001822"/>
      </testsuite>
      <testsuite name="Hyde\Framework\Testing\Feature\MarkdownPostTest" file="/home/runner/work/develop/develop/packages/framework/tests/Feature/MarkdownPostTest.php" tests="9" assertions="22" errors="0" warnings="0" failures="0" skipped="0" time="0.217348">
        <testcase name="test_constructor_can_create_a_new_author_instance_from_username_string" class="Hyde\Framework\Testing\Feature\MarkdownPostTest" classname="Hyde.Framework.Testing.Feature.MarkdownPostTest" file="/home/runner/work/develop/develop/packages/framework/tests/Feature/MarkdownPostTest.php" line="20" assertions="4" time="0.022968"/>
        <testcase name="test_constructor_can_create_a_new_author_instance_from_user_array" class="Hyde\Framework\Testing\Feature\MarkdownPostTest" classname="Hyde.Framework.Testing.Feature.MarkdownPostTest" file="/home/runner/work/develop/develop/packages/framework/tests/Feature/MarkdownPostTest.php" line="32" assertions="4" time="0.023222"/>
        <testcase name="test_constructor_can_create_a_new_image_instance_from_a_string" class="Hyde\Framework\Testing\Feature\MarkdownPostTest" classname="Hyde.Framework.Testing.Feature.MarkdownPostTest" file="/home/runner/work/develop/develop/packages/framework/tests/Feature/MarkdownPostTest.php" line="48" assertions="2" time="0.023499"/>
        <testcase name="test_constructor_can_create_a_new_image_instance_from_an_array" class="Hyde\Framework\Testing\Feature\MarkdownPostTest" classname="Hyde.Framework.Testing.Feature.MarkdownPostTest" file="/home/runner/work/develop/develop/packages/framework/tests/Feature/MarkdownPostTest.php" line="58" assertions="2" time="0.023733"/>
        <testcase name="test_constructor_can_create_a_new_date_string_instance_from_matter" class="Hyde\Framework\Testing\Feature\MarkdownPostTest" classname="Hyde.Framework.Testing.Feature.MarkdownPostTest" file="/home/runner/work/develop/develop/packages/framework/tests/Feature/MarkdownPostTest.php" line="70" assertions="2" time="0.029287"/>
        <testcase name="test_featured_image_can_be_constructed_returns_null_when_no_image_is_set_in_the_page_matter" class="Hyde\Framework\Testing\Feature\MarkdownPostTest" classname="Hyde.Framework.Testing.Feature.MarkdownPostTest" file="/home/runner/work/develop/develop/packages/framework/tests/Feature/MarkdownPostTest.php" line="80" assertions="1" time="0.023121"/>
        <testcase name="test_featured_image_can_be_constructed_returns_image_object_with_local_path_when_matter_is_string" class="Hyde\Framework\Testing\Feature\MarkdownPostTest" classname="Hyde.Framework.Testing.Feature.MarkdownPostTest" file="/home/runner/work/develop/develop/packages/framework/tests/Feature/MarkdownPostTest.php" line="86" assertions="2" time="0.023727"/>
        <testcase name="test_featured_image_can_be_constructed_returns_image_object_with_remote_path_when_matter_is_string" class="Hyde\Framework\Testing\Feature\MarkdownPostTest" classname="Hyde.Framework.Testing.Feature.MarkdownPostTest" file="/home/runner/work/develop/develop/packages/framework/tests/Feature/MarkdownPostTest.php" line="94" assertions="2" time="0.023617"/>
        <testcase name="test_featured_image_can_be_constructed_returns_image_object_with_supplied_data_when_matter_is_array" class="Hyde\Framework\Testing\Feature\MarkdownPostTest" classname="Hyde.Framework.Testing.Feature.MarkdownPostTest" file="/home/runner/work/develop/develop/packages/framework/tests/Feature/MarkdownPostTest.php" line="102" assertions="3" time="0.024173"/>
      </testsuite>
      <testsuite name="Hyde\Framework\Testing\Feature\MarkdownServiceTest" file="/home/runner/work/develop/develop/packages/framework/tests/Feature/MarkdownServiceTest.php" tests="31" assertions="38" errors="0" warnings="0" failures="0" skipped="0" time="0.718253">
        <testcase name="test_service_can_parse_markdown_to_html" class="Hyde\Framework\Testing\Feature\MarkdownServiceTest" classname="Hyde.Framework.Testing.Feature.MarkdownServiceTest" file="/home/runner/work/develop/develop/packages/framework/tests/Feature/MarkdownServiceTest.php" line="18" assertions="2" time="0.023206"/>
        <testcase name="test_service_can_parse_markdown_to_html_with_permalinks" class="Hyde\Framework\Testing\Feature\MarkdownServiceTest" classname="Hyde.Framework.Testing.Feature.MarkdownServiceTest" file="/home/runner/work/develop/develop/packages/framework/tests/Feature/MarkdownServiceTest.php" line="28" assertions="2" time="0.024598"/>
        <testcase name="test_torchlight_extension_is_not_enabled_by_default" class="Hyde\Framework\Testing\Feature\MarkdownServiceTest" classname="Hyde.Framework.Testing.Feature.MarkdownServiceTest" file="/home/runner/work/develop/develop/packages/framework/tests/Feature/MarkdownServiceTest.php" line="42" assertions="1" time="0.024089"/>
        <testcase name="test_torchlight_extension_is_enabled_automatically_when_has_torchlight_feature" class="Hyde\Framework\Testing\Feature\MarkdownServiceTest" classname="Hyde.Framework.Testing.Feature.MarkdownServiceTest" file="/home/runner/work/develop/develop/packages/framework/tests/Feature/MarkdownServiceTest.php" line="50" assertions="1" time="0.025736"/>
        <testcase name="test_torchlight_integration_injects_attribution" class="Hyde\Framework\Testing\Feature\MarkdownServiceTest" classname="Hyde.Framework.Testing.Feature.MarkdownServiceTest" file="/home/runner/work/develop/develop/packages/framework/tests/Feature/MarkdownServiceTest.php" line="58" assertions="1" time="0.025807"/>
        <testcase name="test_bladedown_is_not_enabled_by_default" class="Hyde\Framework\Testing\Feature\MarkdownServiceTest" classname="Hyde.Framework.Testing.Feature.MarkdownServiceTest" file="/home/runner/work/develop/develop/packages/framework/tests/Feature/MarkdownServiceTest.php" line="72" assertions="1" time="0.025305"/>
        <testcase name="test_bladedown_can_be_enabled" class="Hyde\Framework\Testing\Feature\MarkdownServiceTest" classname="Hyde.Framework.Testing.Feature.MarkdownServiceTest" file="/home/runner/work/develop/develop/packages/framework/tests/Feature/MarkdownServiceTest.php" line="78" assertions="1" time="0.027664"/>
        <testcase name="test_raw_html_tags_are_stripped_by_default" class="Hyde\Framework\Testing\Feature\MarkdownServiceTest" classname="Hyde.Framework.Testing.Feature.MarkdownServiceTest" file="/home/runner/work/develop/develop/packages/framework/tests/Feature/MarkdownServiceTest.php" line="86" assertions="1" time="0.024165"/>
        <testcase name="test_raw_html_tags_are_not_stripped_when_explicitly_enabled" class="Hyde\Framework\Testing\Feature\MarkdownServiceTest" classname="Hyde.Framework.Testing.Feature.MarkdownServiceTest" file="/home/runner/work/develop/develop/packages/framework/tests/Feature/MarkdownServiceTest.php" line="94" assertions="1" time="0.025165"/>
        <testcase name="test_has_features_array" class="Hyde\Framework\Testing\Feature\MarkdownServiceTest" classname="Hyde.Framework.Testing.Feature.MarkdownServiceTest" file="/home/runner/work/develop/develop/packages/framework/tests/Feature/MarkdownServiceTest.php" line="103" assertions="1" time="0.022107"/>
        <testcase name="test_the_features_array_is_empty_by_default" class="Hyde\Framework\Testing\Feature\MarkdownServiceTest" classname="Hyde.Framework.Testing.Feature.MarkdownServiceTest" file="/home/runner/work/develop/develop/packages/framework/tests/Feature/MarkdownServiceTest.php" line="110" assertions="1" time="0.022072"/>
        <testcase name="test_features_can_be_added_to_the_array" class="Hyde\Framework\Testing\Feature\MarkdownServiceTest" classname="Hyde.Framework.Testing.Feature.MarkdownServiceTest" file="/home/runner/work/develop/develop/packages/framework/tests/Feature/MarkdownServiceTest.php" line="117" assertions="1" time="0.022137"/>
        <testcase name="test_features_can_be_removed_from_the_array" class="Hyde\Framework\Testing\Feature\MarkdownServiceTest" classname="Hyde.Framework.Testing.Feature.MarkdownServiceTest" file="/home/runner/work/develop/develop/packages/framework/tests/Feature/MarkdownServiceTest.php" line="125" assertions="1" time="0.021985"/>
        <testcase name="test_method_chaining_can_be_used_to_programmatically_add_features_to_the_array" class="Hyde\Framework\Testing\Feature\MarkdownServiceTest" classname="Hyde.Framework.Testing.Feature.MarkdownServiceTest" file="/home/runner/work/develop/develop/packages/framework/tests/Feature/MarkdownServiceTest.php" line="134" assertions="2" time="0.022161"/>
        <testcase name="test_method_chaining_can_be_used_to_programmatically_remove_features_from_the_array" class="Hyde\Framework\Testing\Feature\MarkdownServiceTest" classname="Hyde.Framework.Testing.Feature.MarkdownServiceTest" file="/home/runner/work/develop/develop/packages/framework/tests/Feature/MarkdownServiceTest.php" line="143" assertions="2" time="0.022407"/>
        <testcase name="test_method_with_table_of_contents_method_chain_adds_the_table_of_contents_feature" class="Hyde\Framework\Testing\Feature\MarkdownServiceTest" classname="Hyde.Framework.Testing.Feature.MarkdownServiceTest" file="/home/runner/work/develop/develop/packages/framework/tests/Feature/MarkdownServiceTest.php" line="152" assertions="1" time="0.022115"/>
        <testcase name="test_method_with_permalinks_method_chain_adds_the_permalinks_feature" class="Hyde\Framework\Testing\Feature\MarkdownServiceTest" classname="Hyde.Framework.Testing.Feature.MarkdownServiceTest" file="/home/runner/work/develop/develop/packages/framework/tests/Feature/MarkdownServiceTest.php" line="160" assertions="1" time="0.022141"/>
        <testcase name="test_has_feature_returns_true_if_the_feature_is_in_the_array" class="Hyde\Framework\Testing\Feature\MarkdownServiceTest" classname="Hyde.Framework.Testing.Feature.MarkdownServiceTest" file="/home/runner/work/develop/develop/packages/framework/tests/Feature/MarkdownServiceTest.php" line="168" assertions="1" time="0.022078"/>
        <testcase name="test_has_feature_returns_false_if_the_feature_is_not_in_the_array" class="Hyde\Framework\Testing\Feature\MarkdownServiceTest" classname="Hyde.Framework.Testing.Feature.MarkdownServiceTest" file="/home/runner/work/develop/develop/packages/framework/tests/Feature/MarkdownServiceTest.php" line="176" assertions="1" time="0.022474"/>
        <testcase name="test_method_can_enable_permalinks_returns_true_if_the_permalinks_feature_is_in_the_array" class="Hyde\Framework\Testing\Feature\MarkdownServiceTest" classname="Hyde.Framework.Testing.Feature.MarkdownServiceTest" file="/home/runner/work/develop/develop/packages/framework/tests/Feature/MarkdownServiceTest.php" line="183" assertions="1" time="0.022210"/>
        <testcase name="test_method_can_enable_permalinks_is_automatically_for_documentation_pages" class="Hyde\Framework\Testing\Feature\MarkdownServiceTest" classname="Hyde.Framework.Testing.Feature.MarkdownServiceTest" file="/home/runner/work/develop/develop/packages/framework/tests/Feature/MarkdownServiceTest.php" line="191" assertions="1" time="0.028088"/>
        <testcase name="test_method_can_enable_permalinks_returns_false_if_the_permalinks_feature_is_not_in_the_array" class="Hyde\Framework\Testing\Feature\MarkdownServiceTest" classname="Hyde.Framework.Testing.Feature.MarkdownServiceTest" file="/home/runner/work/develop/develop/packages/framework/tests/Feature/MarkdownServiceTest.php" line="200" assertions="1" time="0.022232"/>
        <testcase name="test_method_can_enable_torchlight_returns_true_if_the_torchlight_feature_is_in_the_array" class="Hyde\Framework\Testing\Feature\MarkdownServiceTest" classname="Hyde.Framework.Testing.Feature.MarkdownServiceTest" file="/home/runner/work/develop/develop/packages/framework/tests/Feature/MarkdownServiceTest.php" line="207" assertions="1" time="0.021927"/>
        <testcase name="test_method_can_enable_torchlight_returns_false_if_the_torchlight_feature_is_not_in_the_array" class="Hyde\Framework\Testing\Feature\MarkdownServiceTest" classname="Hyde.Framework.Testing.Feature.MarkdownServiceTest" file="/home/runner/work/develop/develop/packages/framework/tests/Feature/MarkdownServiceTest.php" line="215" assertions="1" time="0.022232"/>
        <testcase name="test_stripIndentation_method_with_unindented_markdown" class="Hyde\Framework\Testing\Feature\MarkdownServiceTest" classname="Hyde.Framework.Testing.Feature.MarkdownServiceTest" file="/home/runner/work/develop/develop/packages/framework/tests/Feature/MarkdownServiceTest.php" line="222" assertions="1" time="0.022048"/>
        <testcase name="test_stripIndentation_method_with_indented_markdown" class="Hyde\Framework\Testing\Feature\MarkdownServiceTest" classname="Hyde.Framework.Testing.Feature.MarkdownServiceTest" file="/home/runner/work/develop/develop/packages/framework/tests/Feature/MarkdownServiceTest.php" line="230" assertions="3" time="0.021966"/>
        <testcase name="test_stripIndentation_method_with_tab_indented_markdown" class="Hyde\Framework\Testing\Feature\MarkdownServiceTest" classname="Hyde.Framework.Testing.Feature.MarkdownServiceTest" file="/home/runner/work/develop/develop/packages/framework/tests/Feature/MarkdownServiceTest.php" line="244" assertions="1" time="0.021977"/>
        <testcase name="test_stripIndentation_method_with_carriage_return_line_feed" class="Hyde\Framework\Testing\Feature\MarkdownServiceTest" classname="Hyde.Framework.Testing.Feature.MarkdownServiceTest" file="/home/runner/work/develop/develop/packages/framework/tests/Feature/MarkdownServiceTest.php" line="252" assertions="1" time="0.021960"/>
        <testcase name="test_stripIndentation_method_with_code_indentation" class="Hyde\Framework\Testing\Feature\MarkdownServiceTest" classname="Hyde.Framework.Testing.Feature.MarkdownServiceTest" file="/home/runner/work/develop/develop/packages/framework/tests/Feature/MarkdownServiceTest.php" line="260" assertions="1" time="0.022125"/>
        <testcase name="test_stripIndentation_method_with_empty_newlines" class="Hyde\Framework\Testing\Feature\MarkdownServiceTest" classname="Hyde.Framework.Testing.Feature.MarkdownServiceTest" file="/home/runner/work/develop/develop/packages/framework/tests/Feature/MarkdownServiceTest.php" line="268" assertions="2" time="0.022150"/>
        <testcase name="test_stripIndentation_method_with_trailing_newline" class="Hyde\Framework\Testing\Feature\MarkdownServiceTest" classname="Hyde.Framework.Testing.Feature.MarkdownServiceTest" file="/home/runner/work/develop/develop/packages/framework/tests/Feature/MarkdownServiceTest.php" line="279" assertions="1" time="0.021921"/>
      </testsuite>
      <testsuite name="Hyde\Framework\Testing\Feature\MetadataHelperTest" file="/home/runner/work/develop/develop/packages/framework/tests/Feature/MetadataHelperTest.php" tests="9" assertions="9" errors="0" warnings="0" failures="0" skipped="0" time="0.199079">
        <testcase name="test_name_method_returns_a_valid_html_meta_string" class="Hyde\Framework\Testing\Feature\MetadataHelperTest" classname="Hyde.Framework.Testing.Feature.MetadataHelperTest" file="/home/runner/work/develop/develop/packages/framework/tests/Feature/MetadataHelperTest.php" line="24" assertions="1" time="0.021409"/>
        <testcase name="test_property_method_returns_a_valid_html_meta_string" class="Hyde\Framework\Testing\Feature\MetadataHelperTest" classname="Hyde.Framework.Testing.Feature.MetadataHelperTest" file="/home/runner/work/develop/develop/packages/framework/tests/Feature/MetadataHelperTest.php" line="32" assertions="1" time="0.022141"/>
        <testcase name="test_property_method_accepts_property_with_og_prefix" class="Hyde\Framework\Testing\Feature\MetadataHelperTest" classname="Hyde.Framework.Testing.Feature.MetadataHelperTest" file="/home/runner/work/develop/develop/packages/framework/tests/Feature/MetadataHelperTest.php" line="40" assertions="1" time="0.022242"/>
        <testcase name="test_property_method_accepts_property_without_og_prefix" class="Hyde\Framework\Testing\Feature\MetadataHelperTest" classname="Hyde.Framework.Testing.Feature.MetadataHelperTest" file="/home/runner/work/develop/develop/packages/framework/tests/Feature/MetadataHelperTest.php" line="48" assertions="1" time="0.022131"/>
        <testcase name="test_link_method_returns_a_valid_html_link_string" class="Hyde\Framework\Testing\Feature\MetadataHelperTest" classname="Hyde.Framework.Testing.Feature.MetadataHelperTest" file="/home/runner/work/develop/develop/packages/framework/tests/Feature/MetadataHelperTest.php" line="56" assertions="1" time="0.022006"/>
        <testcase name="test_link_method_returns_a_valid_html_link_string_with_attributes" class="Hyde\Framework\Testing\Feature\MetadataHelperTest" classname="Hyde.Framework.Testing.Feature.MetadataHelperTest" file="/home/runner/work/develop/develop/packages/framework/tests/Feature/MetadataHelperTest.php" line="64" assertions="1" time="0.022191"/>
        <testcase name="test_link_method_returns_a_valid_html_link_string_with_multiple_attributes" class="Hyde\Framework\Testing\Feature\MetadataHelperTest" classname="Hyde.Framework.Testing.Feature.MetadataHelperTest" file="/home/runner/work/develop/develop/packages/framework/tests/Feature/MetadataHelperTest.php" line="72" assertions="1" time="0.022120"/>
        <testcase name="test_get_method_returns_global_metadata_bag" class="Hyde\Framework\Testing\Feature\MetadataHelperTest" classname="Hyde.Framework.Testing.Feature.MetadataHelperTest" file="/home/runner/work/develop/develop/packages/framework/tests/Feature/MetadataHelperTest.php" line="80" assertions="1" time="0.022406"/>
        <testcase name="test_render_method_renders_global_metadata_bag" class="Hyde\Framework\Testing\Feature\MetadataHelperTest" classname="Hyde.Framework.Testing.Feature.MetadataHelperTest" file="/home/runner/work/develop/develop/packages/framework/tests/Feature/MetadataHelperTest.php" line="85" assertions="1" time="0.022433"/>
      </testsuite>
      <testsuite name="Hyde\Framework\Testing\Feature\MetadataTest" file="/home/runner/work/develop/develop/packages/framework/tests/Feature/MetadataTest.php" tests="48" assertions="55" errors="0" warnings="0" failures="0" skipped="0" time="1.125910">
        <testcase name="test_metadata_object_is_generated_automatically" class="Hyde\Framework\Testing\Feature\MetadataTest" classname="Hyde.Framework.Testing.Feature.MetadataTest" file="/home/runner/work/develop/develop/packages/framework/tests/Feature/MetadataTest.php" line="54" assertions="3" time="0.022196"/>
        <testcase name="test_link_item_model" class="Hyde\Framework\Testing\Feature\MetadataTest" classname="Hyde.Framework.Testing.Feature.MetadataTest" file="/home/runner/work/develop/develop/packages/framework/tests/Feature/MetadataTest.php" line="63" assertions="3" time="0.022329"/>
        <testcase name="test_metadata_item_model" class="Hyde\Framework\Testing\Feature\MetadataTest" classname="Hyde.Framework.Testing.Feature.MetadataTest" file="/home/runner/work/develop/develop/packages/framework/tests/Feature/MetadataTest.php" line="73" assertions="2" time="0.022177"/>
        <testcase name="test_open_graph_item_model" class="Hyde\Framework\Testing\Feature\MetadataTest" classname="Hyde.Framework.Testing.Feature.MetadataTest" file="/home/runner/work/develop/develop/packages/framework/tests/Feature/MetadataTest.php" line="80" assertions="3" time="0.022086"/>
        <testcase name="test_link_item_can_be_added" class="Hyde\Framework\Testing\Feature\MetadataTest" classname="Hyde.Framework.Testing.Feature.MetadataTest" file="/home/runner/work/develop/develop/packages/framework/tests/Feature/MetadataTest.php" line="90" assertions="1" time="0.023125"/>
        <testcase name="test_metadata_item_can_be_added" class="Hyde\Framework\Testing\Feature\MetadataTest" classname="Hyde.Framework.Testing.Feature.MetadataTest" file="/home/runner/work/develop/develop/packages/framework/tests/Feature/MetadataTest.php" line="100" assertions="1" time="0.023222"/>
        <testcase name="test_open_graph_item_can_be_added" class="Hyde\Framework\Testing\Feature\MetadataTest" classname="Hyde.Framework.Testing.Feature.MetadataTest" file="/home/runner/work/develop/develop/packages/framework/tests/Feature/MetadataTest.php" line="110" assertions="1" time="0.023265"/>
        <testcase name="test_generic_item_can_be_added" class="Hyde\Framework\Testing\Feature\MetadataTest" classname="Hyde.Framework.Testing.Feature.MetadataTest" file="/home/runner/work/develop/develop/packages/framework/tests/Feature/MetadataTest.php" line="120" assertions="1" time="0.022880"/>
        <testcase name="test_multiple_items_can_be_accessed_with_get_method" class="Hyde\Framework\Testing\Feature\MetadataTest" classname="Hyde.Framework.Testing.Feature.MetadataTest" file="/home/runner/work/develop/develop/packages/framework/tests/Feature/MetadataTest.php" line="130" assertions="1" time="0.023169"/>
        <testcase name="test_multiple_items_of_same_key_and_type_only_keeps_latest" class="Hyde\Framework\Testing\Feature\MetadataTest" classname="Hyde.Framework.Testing.Feature.MetadataTest" file="/home/runner/work/develop/develop/packages/framework/tests/Feature/MetadataTest.php" line="146" assertions="1" time="0.023021"/>
        <testcase name="test_render_returns_html_string_of_imploded_metadata_arrays" class="Hyde\Framework\Testing\Feature\MetadataTest" classname="Hyde.Framework.Testing.Feature.MetadataTest" file="/home/runner/work/develop/develop/packages/framework/tests/Feature/MetadataTest.php" line="157" assertions="1" time="0.023140"/>
        <testcase name="test_custom_metadata_overrides_config_defined_metadata" class="Hyde\Framework\Testing\Feature\MetadataTest" classname="Hyde.Framework.Testing.Feature.MetadataTest" file="/home/runner/work/develop/develop/packages/framework/tests/Feature/MetadataTest.php" line="174" assertions="1" time="0.023230"/>
        <testcase name="test_dynamic_metadata_overrides_config_defined_metadata" class="Hyde\Framework\Testing\Feature\MetadataTest" classname="Hyde.Framework.Testing.Feature.MetadataTest" file="/home/runner/work/develop/develop/packages/framework/tests/Feature/MetadataTest.php" line="186" assertions="1" time="0.023104"/>
        <testcase name="test_does_not_add_canonical_link_when_base_url_is_not_set" class="Hyde\Framework\Testing\Feature\MetadataTest" classname="Hyde.Framework.Testing.Feature.MetadataTest" file="/home/runner/work/develop/develop/packages/framework/tests/Feature/MetadataTest.php" line="199" assertions="1" time="0.022983"/>
        <testcase name="test_does_not_add_canonical_link_when_identifier_is_not_set" class="Hyde\Framework\Testing\Feature\MetadataTest" classname="Hyde.Framework.Testing.Feature.MetadataTest" file="/home/runner/work/develop/develop/packages/framework/tests/Feature/MetadataTest.php" line="207" assertions="1" time="0.022882"/>
        <testcase name="test_adds_canonical_link_when_base_url_and_identifier_is_set" class="Hyde\Framework\Testing\Feature\MetadataTest" classname="Hyde.Framework.Testing.Feature.MetadataTest" file="/home/runner/work/develop/develop/packages/framework/tests/Feature/MetadataTest.php" line="215" assertions="1" time="0.023372"/>
        <testcase name="test_canonical_link_uses_clean_url_setting" class="Hyde\Framework\Testing\Feature\MetadataTest" classname="Hyde.Framework.Testing.Feature.MetadataTest" file="/home/runner/work/develop/develop/packages/framework/tests/Feature/MetadataTest.php" line="223" assertions="1" time="0.023456"/>
        <testcase name="test_can_override_canonical_link_with_front_matter" class="Hyde\Framework\Testing\Feature\MetadataTest" classname="Hyde.Framework.Testing.Feature.MetadataTest" file="/home/runner/work/develop/develop/packages/framework/tests/Feature/MetadataTest.php" line="232" assertions="1" time="0.023105"/>
        <testcase name="test_adds_twitter_and_open_graph_title_when_title_is_set" class="Hyde\Framework\Testing\Feature\MetadataTest" classname="Hyde.Framework.Testing.Feature.MetadataTest" file="/home/runner/work/develop/develop/packages/framework/tests/Feature/MetadataTest.php" line="241" assertions="1" time="0.030137"/>
        <testcase name="test_does_not_add_twitter_and_open_graph_title_when_no_title_is_set" class="Hyde\Framework\Testing\Feature\MetadataTest" classname="Hyde.Framework.Testing.Feature.MetadataTest" file="/home/runner/work/develop/develop/packages/framework/tests/Feature/MetadataTest.php" line="252" assertions="1" time="0.023058"/>
        <testcase name="test_adds_description_when_description_is_set_in_post" class="Hyde\Framework\Testing\Feature\MetadataTest" classname="Hyde.Framework.Testing.Feature.MetadataTest" file="/home/runner/work/develop/develop/packages/framework/tests/Feature/MetadataTest.php" line="261" assertions="1" time="0.023441"/>
        <testcase name="test_does_not_add_description_when_description_is_not_set_in_post" class="Hyde\Framework\Testing\Feature\MetadataTest" classname="Hyde.Framework.Testing.Feature.MetadataTest" file="/home/runner/work/develop/develop/packages/framework/tests/Feature/MetadataTest.php" line="267" assertions="1" time="0.023305"/>
        <testcase name="test_adds_author_when_author_is_set_in_post" class="Hyde\Framework\Testing\Feature\MetadataTest" classname="Hyde.Framework.Testing.Feature.MetadataTest" file="/home/runner/work/develop/develop/packages/framework/tests/Feature/MetadataTest.php" line="273" assertions="1" time="0.023517"/>
        <testcase name="test_does_not_add_author_when_author_is_not_set_in_post" class="Hyde\Framework\Testing\Feature\MetadataTest" classname="Hyde.Framework.Testing.Feature.MetadataTest" file="/home/runner/work/develop/develop/packages/framework/tests/Feature/MetadataTest.php" line="279" assertions="1" time="0.023265"/>
        <testcase name="test_adds_keywords_when_category_is_set_in_post" class="Hyde\Framework\Testing\Feature\MetadataTest" classname="Hyde.Framework.Testing.Feature.MetadataTest" file="/home/runner/work/develop/develop/packages/framework/tests/Feature/MetadataTest.php" line="285" assertions="1" time="0.023322"/>
        <testcase name="test_does_not_add_keywords_when_category_is_not_set_in_post" class="Hyde\Framework\Testing\Feature\MetadataTest" classname="Hyde.Framework.Testing.Feature.MetadataTest" file="/home/runner/work/develop/develop/packages/framework/tests/Feature/MetadataTest.php" line="291" assertions="1" time="0.023375"/>
        <testcase name="test_adds_url_property_when_canonical_url_is_set_in_post" class="Hyde\Framework\Testing\Feature\MetadataTest" classname="Hyde.Framework.Testing.Feature.MetadataTest" file="/home/runner/work/develop/develop/packages/framework/tests/Feature/MetadataTest.php" line="297" assertions="1" time="0.023604"/>
        <testcase name="test_does_not_add_url_property_when_canonical_url_is_not_set_in_post" class="Hyde\Framework\Testing\Feature\MetadataTest" classname="Hyde.Framework.Testing.Feature.MetadataTest" file="/home/runner/work/develop/develop/packages/framework/tests/Feature/MetadataTest.php" line="303" assertions="1" time="0.023389"/>
        <testcase name="test_does_not_add_url_property_when_canonical_url_is_null" class="Hyde\Framework\Testing\Feature\MetadataTest" classname="Hyde.Framework.Testing.Feature.MetadataTest" file="/home/runner/work/develop/develop/packages/framework/tests/Feature/MetadataTest.php" line="309" assertions="1" time="0.023414"/>
        <testcase name="test_adds_title_property_when_title_is_set_in_post" class="Hyde\Framework\Testing\Feature\MetadataTest" classname="Hyde.Framework.Testing.Feature.MetadataTest" file="/home/runner/work/develop/develop/packages/framework/tests/Feature/MetadataTest.php" line="315" assertions="1" time="0.023451"/>
        <testcase name="test_does_not_add_title_property_when_title_is_not_set_in_post" class="Hyde\Framework\Testing\Feature\MetadataTest" classname="Hyde.Framework.Testing.Feature.MetadataTest" file="/home/runner/work/develop/develop/packages/framework/tests/Feature/MetadataTest.php" line="321" assertions="1" time="0.023412"/>
        <testcase name="test_adds_published_time_property_when_date_is_set_in_post" class="Hyde\Framework\Testing\Feature\MetadataTest" classname="Hyde.Framework.Testing.Feature.MetadataTest" file="/home/runner/work/develop/develop/packages/framework/tests/Feature/MetadataTest.php" line="327" assertions="1" time="0.023655"/>
        <testcase name="test_does_not_add_published_time_property_when_date_is_not_set_in_post" class="Hyde\Framework\Testing\Feature\MetadataTest" classname="Hyde.Framework.Testing.Feature.MetadataTest" file="/home/runner/work/develop/develop/packages/framework/tests/Feature/MetadataTest.php" line="333" assertions="1" time="0.023401"/>
        <testcase name="test_adds_image_property_when_image_is_set_in_post" class="Hyde\Framework\Testing\Feature\MetadataTest" classname="Hyde.Framework.Testing.Feature.MetadataTest" file="/home/runner/work/develop/develop/packages/framework/tests/Feature/MetadataTest.php" line="339" assertions="1" time="0.023788"/>
        <testcase name="test_does_not_add_image_property_when_image_is_not_set_in_post" class="Hyde\Framework\Testing\Feature\MetadataTest" classname="Hyde.Framework.Testing.Feature.MetadataTest" file="/home/runner/work/develop/develop/packages/framework/tests/Feature/MetadataTest.php" line="345" assertions="1" time="0.023320"/>
        <testcase name="test_adds_type_property_automatically" class="Hyde\Framework\Testing\Feature\MetadataTest" classname="Hyde.Framework.Testing.Feature.MetadataTest" file="/home/runner/work/develop/develop/packages/framework/tests/Feature/MetadataTest.php" line="351" assertions="1" time="0.023319"/>
        <testcase name="test_dynamic_post_meta_properties_returns_base_array_when_initialized_with_empty_front_matter" class="Hyde\Framework\Testing\Feature\MetadataTest" classname="Hyde.Framework.Testing.Feature.MetadataTest" file="/home/runner/work/develop/develop/packages/framework/tests/Feature/MetadataTest.php" line="357" assertions="1" time="0.023792"/>
        <testcase name="test_dynamic_post_meta_properties_contains_image_metadata_when_featured_image_set_to_string" class="Hyde\Framework\Testing\Feature\MetadataTest" classname="Hyde.Framework.Testing.Feature.MetadataTest" file="/home/runner/work/develop/develop/packages/framework/tests/Feature/MetadataTest.php" line="363" assertions="1" time="0.023868"/>
        <testcase name="test_dynamic_post_meta_properties_contains_image_link_that_is_always_relative" class="Hyde\Framework\Testing\Feature\MetadataTest" classname="Hyde.Framework.Testing.Feature.MetadataTest" file="/home/runner/work/develop/develop/packages/framework/tests/Feature/MetadataTest.php" line="372" assertions="1" time="0.023887"/>
        <testcase name="test_dynamic_post_meta_properties_contains_image_link_that_is_always_relative_for_nested_posts" class="Hyde\Framework\Testing\Feature\MetadataTest" classname="Hyde.Framework.Testing.Feature.MetadataTest" file="/home/runner/work/develop/develop/packages/framework/tests/Feature/MetadataTest.php" line="381" assertions="1" time="0.023939"/>
        <testcase name="test_dynamic_post_meta_properties_contains_image_link_that_is_always_relative_for_nested_output_directories" class="Hyde\Framework\Testing\Feature\MetadataTest" classname="Hyde.Framework.Testing.Feature.MetadataTest" file="/home/runner/work/develop/develop/packages/framework/tests/Feature/MetadataTest.php" line="390" assertions="1" time="0.023959"/>
        <testcase name="test_dynamic_post_meta_properties_contains_image_link_that_is_always_relative_for_nested_posts_and_nested_output_directories" class="Hyde\Framework\Testing\Feature\MetadataTest" classname="Hyde.Framework.Testing.Feature.MetadataTest" file="/home/runner/work/develop/develop/packages/framework/tests/Feature/MetadataTest.php" line="400" assertions="1" time="0.023993"/>
        <testcase name="test_dynamic_post_meta_properties_contains_image_link_that_uses_the_configured_media_directory" class="Hyde\Framework\Testing\Feature\MetadataTest" classname="Hyde.Framework.Testing.Feature.MetadataTest" file="/home/runner/work/develop/develop/packages/framework/tests/Feature/MetadataTest.php" line="410" assertions="1" time="0.023940"/>
        <testcase name="test_dynamic_post_meta_properties_contains_image_metadata_when_featured_image_set_to_array_with_path" class="Hyde\Framework\Testing\Feature\MetadataTest" classname="Hyde.Framework.Testing.Feature.MetadataTest" file="/home/runner/work/develop/develop/packages/framework/tests/Feature/MetadataTest.php" line="420" assertions="1" time="0.023799"/>
        <testcase name="test_dynamic_post_meta_properties_contains_image_metadata_when_featured_image_set_to_array_with_url" class="Hyde\Framework\Testing\Feature\MetadataTest" classname="Hyde.Framework.Testing.Feature.MetadataTest" file="/home/runner/work/develop/develop/packages/framework/tests/Feature/MetadataTest.php" line="431" assertions="1" time="0.023536"/>
        <testcase name="test_dynamic_post_author_returns_author_name_when_author_set_to_array_using_username" class="Hyde\Framework\Testing\Feature\MetadataTest" classname="Hyde.Framework.Testing.Feature.MetadataTest" file="/home/runner/work/develop/develop/packages/framework/tests/Feature/MetadataTest.php" line="442" assertions="1" time="0.023515"/>
        <testcase name="test_dynamic_post_author_returns_author_name_when_author_set_to_array_using_name" class="Hyde\Framework\Testing\Feature\MetadataTest" classname="Hyde.Framework.Testing.Feature.MetadataTest" file="/home/runner/work/develop/develop/packages/framework/tests/Feature/MetadataTest.php" line="452" assertions="1" time="0.023421"/>
        <testcase name="test_no_author_is_set_when_author_set_to_array_without_name_or_username" class="Hyde\Framework\Testing\Feature\MetadataTest" classname="Hyde.Framework.Testing.Feature.MetadataTest" file="/home/runner/work/develop/develop/packages/framework/tests/Feature/MetadataTest.php" line="463" assertions="1" time="0.023342"/>
      </testsuite>
      <testsuite name="Hyde\Framework\Testing\Feature\MetadataViewTest" file="/home/runner/work/develop/develop/packages/framework/tests/Feature/MetadataViewTest.php" tests="5" assertions="84" errors="0" warnings="0" failures="0" skipped="0" time="0.235358">
        <testcase name="test_metadata_tags_in_empty_blade_page" class="Hyde\Framework\Testing\Feature\MetadataViewTest" classname="Hyde.Framework.Testing.Feature.MetadataViewTest" file="/home/runner/work/develop/develop/packages/framework/tests/Feature/MetadataViewTest.php" line="88" assertions="13" time="0.040846"/>
        <testcase name="test_metadata_tags_in_empty_markdown_page" class="Hyde\Framework\Testing\Feature\MetadataViewTest" classname="Hyde.Framework.Testing.Feature.MetadataViewTest" file="/home/runner/work/develop/develop/packages/framework/tests/Feature/MetadataViewTest.php" line="104" assertions="13" time="0.043120"/>
        <testcase name="test_metadata_tags_in_empty_documentation_page" class="Hyde\Framework\Testing\Feature\MetadataViewTest" classname="Hyde.Framework.Testing.Feature.MetadataViewTest" file="/home/runner/work/develop/develop/packages/framework/tests/Feature/MetadataViewTest.php" line="120" assertions="13" time="0.054393"/>
        <testcase name="test_metadata_tags_in_empty_markdown_post" class="Hyde\Framework\Testing\Feature\MetadataViewTest" classname="Hyde.Framework.Testing.Feature.MetadataViewTest" file="/home/runner/work/develop/develop/packages/framework/tests/Feature/MetadataViewTest.php" line="136" assertions="19" time="0.045266"/>
        <testcase name="test_metadata_tags_in_markdown_post_with_flat_front_matter" class="Hyde\Framework\Testing\Feature\MetadataViewTest" classname="Hyde.Framework.Testing.Feature.MetadataViewTest" file="/home/runner/work/develop/develop/packages/framework/tests/Feature/MetadataViewTest.php" line="158" assertions="26" time="0.051733"/>
      </testsuite>
      <testsuite name="Hyde\Framework\Testing\Feature\NavigationDataTest" file="/home/runner/work/develop/develop/packages/framework/tests/Feature/NavigationDataTest.php" tests="5" assertions="8" errors="0" warnings="0" failures="0" skipped="0" time="0.003074">
        <testcase name="testClassMatchesSchema" class="Hyde\Framework\Testing\Feature\NavigationDataTest" classname="Hyde.Framework.Testing.Feature.NavigationDataTest" file="/home/runner/work/develop/develop/packages/framework/tests/Feature/NavigationDataTest.php" line="24" assertions="1" time="0.000545"/>
        <testcase name="test__construct" class="Hyde\Framework\Testing\Feature\NavigationDataTest" classname="Hyde.Framework.Testing.Feature.NavigationDataTest" file="/home/runner/work/develop/develop/packages/framework/tests/Feature/NavigationDataTest.php" line="32" assertions="4" time="0.000542"/>
        <testcase name="testMake" class="Hyde\Framework\Testing\Feature\NavigationDataTest" classname="Hyde.Framework.Testing.Feature.NavigationDataTest" file="/home/runner/work/develop/develop/packages/framework/tests/Feature/NavigationDataTest.php" line="42" assertions="1" time="0.000729"/>
        <testcase name="testToArray" class="Hyde\Framework\Testing\Feature\NavigationDataTest" classname="Hyde.Framework.Testing.Feature.NavigationDataTest" file="/home/runner/work/develop/develop/packages/framework/tests/Feature/NavigationDataTest.php" line="49" assertions="1" time="0.000554"/>
        <testcase name="testJsonSerialize" class="Hyde\Framework\Testing\Feature\NavigationDataTest" classname="Hyde.Framework.Testing.Feature.NavigationDataTest" file="/home/runner/work/develop/develop/packages/framework/tests/Feature/NavigationDataTest.php" line="54" assertions="1" time="0.000704"/>
      </testsuite>
      <testsuite name="Hyde\Framework\Testing\Feature\NavigationMenuTest" file="/home/runner/work/develop/develop/packages/framework/tests/Feature/NavigationMenuTest.php" tests="28" assertions="46" errors="0" warnings="0" failures="0" skipped="0" time="0.824071">
        <testcase name="test_constructor" class="Hyde\Framework\Testing\Feature\NavigationMenuTest" classname="Hyde.Framework.Testing.Feature.NavigationMenuTest" file="/home/runner/work/develop/develop/packages/framework/tests/Feature/NavigationMenuTest.php" line="29" assertions="1" time="0.026197"/>
        <testcase name="test_generate_method_creates_collection_of_nav_items" class="Hyde\Framework\Testing\Feature\NavigationMenuTest" classname="Hyde.Framework.Testing.Feature.NavigationMenuTest" file="/home/runner/work/develop/develop/packages/framework/tests/Feature/NavigationMenuTest.php" line="34" assertions="1" time="0.027076"/>
        <testcase name="test_get_items_returns_items" class="Hyde\Framework\Testing\Feature\NavigationMenuTest" classname="Hyde.Framework.Testing.Feature.NavigationMenuTest" file="/home/runner/work/develop/develop/packages/framework/tests/Feature/NavigationMenuTest.php" line="39" assertions="1" time="0.027679"/>
        <testcase name="test_items_are_sorted_by_priority" class="Hyde\Framework\Testing\Feature\NavigationMenuTest" classname="Hyde.Framework.Testing.Feature.NavigationMenuTest" file="/home/runner/work/develop/develop/packages/framework/tests/Feature/NavigationMenuTest.php" line="44" assertions="1" time="0.029891"/>
        <testcase name="test_items_with_hidden_property_set_to_true_are_not_added" class="Hyde\Framework\Testing\Feature\NavigationMenuTest" classname="Hyde.Framework.Testing.Feature.NavigationMenuTest" file="/home/runner/work/develop/develop/packages/framework/tests/Feature/NavigationMenuTest.php" line="53" assertions="1" time="0.028820"/>
        <testcase name="test_created_collection_is_sorted_by_navigation_menu_priority" class="Hyde\Framework\Testing\Feature\NavigationMenuTest" classname="Hyde.Framework.Testing.Feature.NavigationMenuTest" file="/home/runner/work/develop/develop/packages/framework/tests/Feature/NavigationMenuTest.php" line="61" assertions="2" time="0.032311"/>
        <testcase name="test_is_sorted_automatically_when_using_navigation_menu_create" class="Hyde\Framework\Testing\Feature\NavigationMenuTest" classname="Hyde.Framework.Testing.Feature.NavigationMenuTest" file="/home/runner/work/develop/develop/packages/framework/tests/Feature/NavigationMenuTest.php" line="78" assertions="2" time="0.029954"/>
        <testcase name="test_collection_only_contains_nav_items" class="Hyde\Framework\Testing\Feature\NavigationMenuTest" classname="Hyde.Framework.Testing.Feature.NavigationMenuTest" file="/home/runner/work/develop/develop/packages/framework/tests/Feature/NavigationMenuTest.php" line="93" assertions="1" time="0.027238"/>
        <testcase name="test_external_link_can_be_added_in_config" class="Hyde\Framework\Testing\Feature\NavigationMenuTest" classname="Hyde.Framework.Testing.Feature.NavigationMenuTest" file="/home/runner/work/develop/develop/packages/framework/tests/Feature/NavigationMenuTest.php" line="98" assertions="2" time="0.027695"/>
        <testcase name="test_path_link_can_be_added_in_config" class="Hyde\Framework\Testing\Feature\NavigationMenuTest" classname="Hyde.Framework.Testing.Feature.NavigationMenuTest" file="/home/runner/work/develop/develop/packages/framework/tests/Feature/NavigationMenuTest.php" line="113" assertions="2" time="0.027731"/>
        <testcase name="test_duplicates_are_removed_when_adding_in_config" class="Hyde\Framework\Testing\Feature\NavigationMenuTest" classname="Hyde.Framework.Testing.Feature.NavigationMenuTest" file="/home/runner/work/develop/develop/packages/framework/tests/Feature/NavigationMenuTest.php" line="128" assertions="2" time="0.027815"/>
        <testcase name="test_duplicates_are_removed_when_adding_in_config_regardless_of_destination" class="Hyde\Framework\Testing\Feature\NavigationMenuTest" classname="Hyde.Framework.Testing.Feature.NavigationMenuTest" file="/home/runner/work/develop/develop/packages/framework/tests/Feature/NavigationMenuTest.php" line="146" assertions="2" time="0.027944"/>
        <testcase name="test_documentation_pages_that_are_not_index_are_not_added_to_the_menu" class="Hyde\Framework\Testing\Feature\NavigationMenuTest" classname="Hyde.Framework.Testing.Feature.NavigationMenuTest" file="/home/runner/work/develop/develop/packages/framework/tests/Feature/NavigationMenuTest.php" line="166" assertions="2" time="0.032095"/>
        <testcase name="test_pages_in_subdirectories_are_not_added_to_the_navigation_menu" class="Hyde\Framework\Testing\Feature\NavigationMenuTest" classname="Hyde.Framework.Testing.Feature.NavigationMenuTest" file="/home/runner/work/develop/develop/packages/framework/tests/Feature/NavigationMenuTest.php" line="182" assertions="2" time="0.030410"/>
        <testcase name="test_pages_in_subdirectories_can_be_added_to_the_navigation_menu_with_config_flat_setting" class="Hyde\Framework\Testing\Feature\NavigationMenuTest" classname="Hyde.Framework.Testing.Feature.NavigationMenuTest" file="/home/runner/work/develop/develop/packages/framework/tests/Feature/NavigationMenuTest.php" line="194" assertions="2" time="0.030828"/>
        <testcase name="test_pages_in_subdirectories_are_not_added_to_the_navigation_menu_with_config_dropdown_setting" class="Hyde\Framework\Testing\Feature\NavigationMenuTest" classname="Hyde.Framework.Testing.Feature.NavigationMenuTest" file="/home/runner/work/develop/develop/packages/framework/tests/Feature/NavigationMenuTest.php" line="210" assertions="2" time="0.031102"/>
        <testcase name="test_has_dropdowns_returns_false_when_there_are_no_dropdowns" class="Hyde\Framework\Testing\Feature\NavigationMenuTest" classname="Hyde.Framework.Testing.Feature.NavigationMenuTest" file="/home/runner/work/develop/develop/packages/framework/tests/Feature/NavigationMenuTest.php" line="228" assertions="1" time="0.026154"/>
        <testcase name="test_has_dropdowns_returns_true_when_there_are_dropdowns" class="Hyde\Framework\Testing\Feature\NavigationMenuTest" classname="Hyde.Framework.Testing.Feature.NavigationMenuTest" file="/home/runner/work/develop/develop/packages/framework/tests/Feature/NavigationMenuTest.php" line="235" assertions="1" time="0.028299"/>
        <testcase name="test_has_dropdowns_always_returns_false_when_dropdowns_are_disabled" class="Hyde\Framework\Testing\Feature\NavigationMenuTest" classname="Hyde.Framework.Testing.Feature.NavigationMenuTest" file="/home/runner/work/develop/develop/packages/framework/tests/Feature/NavigationMenuTest.php" line="243" assertions="1" time="0.027933"/>
        <testcase name="test_get_dropdowns_returns_empty_array_there_are_no_dropdowns" class="Hyde\Framework\Testing\Feature\NavigationMenuTest" classname="Hyde.Framework.Testing.Feature.NavigationMenuTest" file="/home/runner/work/develop/develop/packages/framework/tests/Feature/NavigationMenuTest.php" line="249" assertions="2" time="0.026938"/>
        <testcase name="test_get_dropdowns_returns_correct_array_when_there_are_dropdowns" class="Hyde\Framework\Testing\Feature\NavigationMenuTest" classname="Hyde.Framework.Testing.Feature.NavigationMenuTest" file="/home/runner/work/develop/develop/packages/framework/tests/Feature/NavigationMenuTest.php" line="257" assertions="2" time="0.029357"/>
        <testcase name="test_get_dropdowns_with_multiple_items" class="Hyde\Framework\Testing\Feature\NavigationMenuTest" classname="Hyde.Framework.Testing.Feature.NavigationMenuTest" file="/home/runner/work/develop/develop/packages/framework/tests/Feature/NavigationMenuTest.php" line="270" assertions="2" time="0.031645"/>
        <testcase name="test_get_dropdowns_with_multiple_dropdowns" class="Hyde\Framework\Testing\Feature\NavigationMenuTest" classname="Hyde.Framework.Testing.Feature.NavigationMenuTest" file="/home/runner/work/develop/develop/packages/framework/tests/Feature/NavigationMenuTest.php" line="288" assertions="2" time="0.033539"/>
        <testcase name="test_get_dropdowns_throws_exception_when_disabled" class="Hyde\Framework\Testing\Feature\NavigationMenuTest" classname="Hyde.Framework.Testing.Feature.NavigationMenuTest" file="/home/runner/work/develop/develop/packages/framework/tests/Feature/NavigationMenuTest.php" line="311" assertions="2" time="0.026932"/>
        <testcase name="test_documentation_pages_do_not_get_added_to_dropdowns" class="Hyde\Framework\Testing\Feature\NavigationMenuTest" classname="Hyde.Framework.Testing.Feature.NavigationMenuTest" file="/home/runner/work/develop/develop/packages/framework/tests/Feature/NavigationMenuTest.php" line="320" assertions="2" time="0.036201"/>
        <testcase name="test_blog_posts_do_not_get_added_to_dropdowns" class="Hyde\Framework\Testing\Feature\NavigationMenuTest" classname="Hyde.Framework.Testing.Feature.NavigationMenuTest" file="/home/runner/work/develop/develop/packages/framework/tests/Feature/NavigationMenuTest.php" line="332" assertions="2" time="0.030425"/>
        <testcase name="test_pages_in_dropdowns_do_not_get_added_to_the_main_navigation" class="Hyde\Framework\Testing\Feature\NavigationMenuTest" classname="Hyde.Framework.Testing.Feature.NavigationMenuTest" file="/home/runner/work/develop/develop/packages/framework/tests/Feature/NavigationMenuTest.php" line="344" assertions="2" time="0.031691"/>
        <testcase name="test_dropdown_menu_items_are_sorted_by_priority" class="Hyde\Framework\Testing\Feature\NavigationMenuTest" classname="Hyde.Framework.Testing.Feature.NavigationMenuTest" file="/home/runner/work/develop/develop/packages/framework/tests/Feature/NavigationMenuTest.php" line="362" assertions="1" time="0.030170"/>
      </testsuite>
      <testsuite name="Hyde\Framework\Testing\Feature\PageCollectionTest" file="/home/runner/work/develop/develop/packages/framework/tests/Feature/PageCollectionTest.php" tests="12" assertions="38" errors="0" warnings="0" failures="0" skipped="0" time="0.399119">
        <testcase name="test_boot_method_creates_new_page_collection_and_discovers_pages_automatically" class="Hyde\Framework\Testing\Feature\PageCollectionTest" classname="Hyde.Framework.Testing.Feature.PageCollectionTest" file="/home/runner/work/develop/develop/packages/framework/tests/Feature/PageCollectionTest.php" line="27" assertions="3" time="0.030401"/>
        <testcase name="test_blade_pages_are_discovered" class="Hyde\Framework\Testing\Feature\PageCollectionTest" classname="Hyde.Framework.Testing.Feature.PageCollectionTest" file="/home/runner/work/develop/develop/packages/framework/tests/Feature/PageCollectionTest.php" line="39" assertions="2" time="0.032714"/>
        <testcase name="test_markdown_pages_are_discovered" class="Hyde\Framework\Testing\Feature\PageCollectionTest" classname="Hyde.Framework.Testing.Feature.PageCollectionTest" file="/home/runner/work/develop/develop/packages/framework/tests/Feature/PageCollectionTest.php" line="48" assertions="2" time="0.033202"/>
        <testcase name="test_markdown_posts_are_discovered" class="Hyde\Framework\Testing\Feature\PageCollectionTest" classname="Hyde.Framework.Testing.Feature.PageCollectionTest" file="/home/runner/work/develop/develop/packages/framework/tests/Feature/PageCollectionTest.php" line="57" assertions="2" time="0.035446"/>
        <testcase name="test_documentation_pages_are_discovered" class="Hyde\Framework\Testing\Feature\PageCollectionTest" classname="Hyde.Framework.Testing.Feature.PageCollectionTest" file="/home/runner/work/develop/develop/packages/framework/tests/Feature/PageCollectionTest.php" line="66" assertions="2" time="0.033660"/>
        <testcase name="test_get_page_returns_parsed_page_object_for_given_source_path" class="Hyde\Framework\Testing\Feature\PageCollectionTest" classname="Hyde.Framework.Testing.Feature.PageCollectionTest" file="/home/runner/work/develop/develop/packages/framework/tests/Feature/PageCollectionTest.php" line="74" assertions="1" time="0.029472"/>
        <testcase name="test_get_pages_returns_collection_of_pages_of_given_class" class="Hyde\Framework\Testing\Feature\PageCollectionTest" classname="Hyde.Framework.Testing.Feature.PageCollectionTest" file="/home/runner/work/develop/develop/packages/framework/tests/Feature/PageCollectionTest.php" line="80" assertions="11" time="0.048907"/>
        <testcase name="test_get_pages_returns_all_pages_when_not_supplied_with_class_string" class="Hyde\Framework\Testing\Feature\PageCollectionTest" classname="Hyde.Framework.Testing.Feature.PageCollectionTest" file="/home/runner/work/develop/develop/packages/framework/tests/Feature/PageCollectionTest.php" line="108" assertions="6" time="0.041465"/>
        <testcase name="test_get_pages_returns_empty_collection_when_no_pages_are_discovered" class="Hyde\Framework\Testing\Feature\PageCollectionTest" classname="Hyde.Framework.Testing.Feature.PageCollectionTest" file="/home/runner/work/develop/develop/packages/framework/tests/Feature/PageCollectionTest.php" line="130" assertions="1" time="0.024218"/>
        <testcase name="test_pages_are_not_discovered_for_disabled_features" class="Hyde\Framework\Testing\Feature\PageCollectionTest" classname="Hyde.Framework.Testing.Feature.PageCollectionTest" file="/home/runner/work/develop/develop/packages/framework/tests/Feature/PageCollectionTest.php" line="137" assertions="1" time="0.023125"/>
        <testcase name="test_pages_with_custom_source_directories_are_discovered_properly" class="Hyde\Framework\Testing\Feature\PageCollectionTest" classname="Hyde.Framework.Testing.Feature.PageCollectionTest" file="/home/runner/work/develop/develop/packages/framework/tests/Feature/PageCollectionTest.php" line="156" assertions="5" time="0.039763"/>
        <testcase name="test_get_file_throws_exception_when_file_is_not_found" class="Hyde\Framework\Testing\Feature\PageCollectionTest" classname="Hyde.Framework.Testing.Feature.PageCollectionTest" file="/home/runner/work/develop/develop/packages/framework/tests/Feature/PageCollectionTest.php" line="182" assertions="2" time="0.026746"/>
      </testsuite>
      <testsuite name="Hyde\Framework\Testing\Feature\PageModelConstructorsTest" file="/home/runner/work/develop/develop/packages/framework/tests/Feature/PageModelConstructorsTest.php" tests="5" assertions="5" errors="0" warnings="0" failures="0" skipped="0" time="0.122098">
        <testcase name="test_dynamic_data_constructor_can_find_title_from_front_matter" class="Hyde\Framework\Testing\Feature\PageModelConstructorsTest" classname="Hyde.Framework.Testing.Feature.PageModelConstructorsTest" file="/home/runner/work/develop/develop/packages/framework/tests/Feature/PageModelConstructorsTest.php" line="24" assertions="1" time="0.023743"/>
        <testcase name="test_dynamic_data_constructor_can_find_title_from_h1_tag" class="Hyde\Framework\Testing\Feature\PageModelConstructorsTest" classname="Hyde.Framework.Testing.Feature.PageModelConstructorsTest" file="/home/runner/work/develop/develop/packages/framework/tests/Feature/PageModelConstructorsTest.php" line="31" assertions="1" time="0.024670"/>
        <testcase name="test_dynamic_data_constructor_can_find_title_from_slug" class="Hyde\Framework\Testing\Feature\PageModelConstructorsTest" classname="Hyde.Framework.Testing.Feature.PageModelConstructorsTest" file="/home/runner/work/develop/develop/packages/framework/tests/Feature/PageModelConstructorsTest.php" line="39" assertions="1" time="0.024538"/>
        <testcase name="test_documentation_page_parser_can_get_group_from_front_matter" class="Hyde\Framework\Testing\Feature\PageModelConstructorsTest" classname="Hyde.Framework.Testing.Feature.PageModelConstructorsTest" file="/home/runner/work/develop/develop/packages/framework/tests/Feature/PageModelConstructorsTest.php" line="47" assertions="1" time="0.024752"/>
        <testcase name="test_documentation_page_parser_can_get_group_automatically_from_nested_page" class="Hyde\Framework\Testing\Feature\PageModelConstructorsTest" classname="Hyde.Framework.Testing.Feature.PageModelConstructorsTest" file="/home/runner/work/develop/develop/packages/framework/tests/Feature/PageModelConstructorsTest.php" line="55" assertions="1" time="0.024396"/>
      </testsuite>
      <testsuite name="Hyde\Framework\Testing\Feature\PaginatorTest" file="/home/runner/work/develop/develop/packages/framework/tests/Feature/PaginatorTest.php" tests="32" assertions="60" errors="0" warnings="0" failures="0" skipped="0" time="0.730843">
        <testcase name="test_it_can_be_instantiated" class="Hyde\Framework\Testing\Feature\PaginatorTest" classname="Hyde.Framework.Testing.Feature.PaginatorTest" file="/home/runner/work/develop/develop/packages/framework/tests/Feature/PaginatorTest.php" line="18" assertions="1" time="0.021947"/>
        <testcase name="testGetPaginatedPageCollection" class="Hyde\Framework\Testing\Feature\PaginatorTest" classname="Hyde.Framework.Testing.Feature.PaginatorTest" file="/home/runner/work/develop/develop/packages/framework/tests/Feature/PaginatorTest.php" line="23" assertions="1" time="0.022420"/>
        <testcase name="testGetPaginatedPageCollectionWithPages" class="Hyde\Framework\Testing\Feature\PaginatorTest" classname="Hyde.Framework.Testing.Feature.PaginatorTest" file="/home/runner/work/develop/develop/packages/framework/tests/Feature/PaginatorTest.php" line="28" assertions="4" time="0.022617"/>
        <testcase name="testCollectionIsChunkedBySpecifiedSettingValue" class="Hyde\Framework\Testing\Feature\PaginatorTest" classname="Hyde.Framework.Testing.Feature.PaginatorTest" file="/home/runner/work/develop/develop/packages/framework/tests/Feature/PaginatorTest.php" line="44" assertions="3" time="0.022588"/>
        <testcase name="testGetItemsForPageReturnsTheCorrectChunk" class="Hyde\Framework\Testing\Feature\PaginatorTest" classname="Hyde.Framework.Testing.Feature.PaginatorTest" file="/home/runner/work/develop/develop/packages/framework/tests/Feature/PaginatorTest.php" line="56" assertions="10" time="0.022885"/>
        <testcase name="testCanGetCurrentPageNumber" class="Hyde\Framework\Testing\Feature\PaginatorTest" classname="Hyde.Framework.Testing.Feature.PaginatorTest" file="/home/runner/work/develop/develop/packages/framework/tests/Feature/PaginatorTest.php" line="76" assertions="1" time="0.022081"/>
        <testcase name="testCanSetCurrentPageNumber" class="Hyde\Framework\Testing\Feature\PaginatorTest" classname="Hyde.Framework.Testing.Feature.PaginatorTest" file="/home/runner/work/develop/develop/packages/framework/tests/Feature/PaginatorTest.php" line="82" assertions="1" time="0.022101"/>
        <testcase name="testSetCurrentPageNumberRequiresIntegerToBeGreaterThanNought" class="Hyde\Framework\Testing\Feature\PaginatorTest" classname="Hyde.Framework.Testing.Feature.PaginatorTest" file="/home/runner/work/develop/develop/packages/framework/tests/Feature/PaginatorTest.php" line="89" assertions="1" time="0.022106"/>
        <testcase name="testSetCurrentPageNumberRequiresIntegerToBeGreaterThanNought2" class="Hyde\Framework\Testing\Feature\PaginatorTest" classname="Hyde.Framework.Testing.Feature.PaginatorTest" file="/home/runner/work/develop/develop/packages/framework/tests/Feature/PaginatorTest.php" line="96" assertions="1" time="0.022174"/>
        <testcase name="testSetCurrentPageNumberRequiresIntegerToBeLessThanTotalPages" class="Hyde\Framework\Testing\Feature\PaginatorTest" classname="Hyde.Framework.Testing.Feature.PaginatorTest" file="/home/runner/work/develop/develop/packages/framework/tests/Feature/PaginatorTest.php" line="103" assertions="2" time="0.022306"/>
        <testcase name="testCannotSetInvalidCurrentPageNumberInConstructor" class="Hyde\Framework\Testing\Feature\PaginatorTest" classname="Hyde.Framework.Testing.Feature.PaginatorTest" file="/home/runner/work/develop/develop/packages/framework/tests/Feature/PaginatorTest.php" line="117" assertions="1" time="0.022210"/>
        <testcase name="testLastPageReturnsTheLastPageNumber" class="Hyde\Framework\Testing\Feature\PaginatorTest" classname="Hyde.Framework.Testing.Feature.PaginatorTest" file="/home/runner/work/develop/develop/packages/framework/tests/Feature/PaginatorTest.php" line="127" assertions="1" time="0.022117"/>
        <testcase name="testTotalPagesReturnsTheTotalNumberOfPages" class="Hyde\Framework\Testing\Feature\PaginatorTest" classname="Hyde.Framework.Testing.Feature.PaginatorTest" file="/home/runner/work/develop/develop/packages/framework/tests/Feature/PaginatorTest.php" line="132" assertions="1" time="0.022173"/>
        <testcase name="testPerPageReturnsTheNumberOfItemsToBeShownPerPage" class="Hyde\Framework\Testing\Feature\PaginatorTest" classname="Hyde.Framework.Testing.Feature.PaginatorTest" file="/home/runner/work/develop/develop/packages/framework/tests/Feature/PaginatorTest.php" line="137" assertions="1" time="0.023367"/>
        <testcase name="testHasMultiplePagesReturnsTrueIfThereAreEnoughItemsToSplitIntoMultiplePages" class="Hyde\Framework\Testing\Feature\PaginatorTest" classname="Hyde.Framework.Testing.Feature.PaginatorTest" file="/home/runner/work/develop/develop/packages/framework/tests/Feature/PaginatorTest.php" line="142" assertions="1" time="0.022195"/>
        <testcase name="testHasPagesReturnsFalseIfThereAreNotEnoughItemsToSplitIntoMultiplePages" class="Hyde\Framework\Testing\Feature\PaginatorTest" classname="Hyde.Framework.Testing.Feature.PaginatorTest" file="/home/runner/work/develop/develop/packages/framework/tests/Feature/PaginatorTest.php" line="147" assertions="1" time="0.022339"/>
        <testcase name="testHasMorePagesReturnsTrueIfCursorCanNavigateForward" class="Hyde\Framework\Testing\Feature\PaginatorTest" classname="Hyde.Framework.Testing.Feature.PaginatorTest" file="/home/runner/work/develop/develop/packages/framework/tests/Feature/PaginatorTest.php" line="152" assertions="1" time="0.022187"/>
        <testcase name="testHasMorePagesReturnsFalseIfCursorCannotNavigateForward" class="Hyde\Framework\Testing\Feature\PaginatorTest" classname="Hyde.Framework.Testing.Feature.PaginatorTest" file="/home/runner/work/develop/develop/packages/framework/tests/Feature/PaginatorTest.php" line="157" assertions="1" time="0.022339"/>
        <testcase name="testHasFewerPagesReturnsTrueIfCursorCanNavigateBack" class="Hyde\Framework\Testing\Feature\PaginatorTest" classname="Hyde.Framework.Testing.Feature.PaginatorTest" file="/home/runner/work/develop/develop/packages/framework/tests/Feature/PaginatorTest.php" line="162" assertions="1" time="0.022266"/>
        <testcase name="testHasFewerPagesReturnsFalseIfCursorCannotNavigateBack" class="Hyde\Framework\Testing\Feature\PaginatorTest" classname="Hyde.Framework.Testing.Feature.PaginatorTest" file="/home/runner/work/develop/develop/packages/framework/tests/Feature/PaginatorTest.php" line="167" assertions="1" time="0.022309"/>
        <testcase name="testPreviousMethodWithoutFewerPagesReturnsFalse" class="Hyde\Framework\Testing\Feature\PaginatorTest" classname="Hyde.Framework.Testing.Feature.PaginatorTest" file="/home/runner/work/develop/develop/packages/framework/tests/Feature/PaginatorTest.php" line="172" assertions="1" time="0.022358"/>
        <testcase name="testNextMethodWithoutMorePagesReturnsFalse" class="Hyde\Framework\Testing\Feature\PaginatorTest" classname="Hyde.Framework.Testing.Feature.PaginatorTest" file="/home/runner/work/develop/develop/packages/framework/tests/Feature/PaginatorTest.php" line="177" assertions="1" time="0.022200"/>
        <testcase name="testPreviousMethodReturnsPreviousPageLinkWhenNoBaseRouteIsSet" class="Hyde\Framework\Testing\Feature\PaginatorTest" classname="Hyde.Framework.Testing.Feature.PaginatorTest" file="/home/runner/work/develop/develop/packages/framework/tests/Feature/PaginatorTest.php" line="182" assertions="1" time="0.022282"/>
        <testcase name="testNextMethodReturnsNextPageLinkWhenNoBaseRouteIsSet" class="Hyde\Framework\Testing\Feature\PaginatorTest" classname="Hyde.Framework.Testing.Feature.PaginatorTest" file="/home/runner/work/develop/develop/packages/framework/tests/Feature/PaginatorTest.php" line="187" assertions="1" time="0.022190"/>
        <testcase name="testPreviousAndNextMethodsWithBaseRouteSet" class="Hyde\Framework\Testing\Feature\PaginatorTest" classname="Hyde.Framework.Testing.Feature.PaginatorTest" file="/home/runner/work/develop/develop/packages/framework/tests/Feature/PaginatorTest.php" line="192" assertions="6" time="0.030564"/>
        <testcase name="testPreviousNumberWithoutFewerPagesReturnsFalse" class="Hyde\Framework\Testing\Feature\PaginatorTest" classname="Hyde.Framework.Testing.Feature.PaginatorTest" file="/home/runner/work/develop/develop/packages/framework/tests/Feature/PaginatorTest.php" line="216" assertions="1" time="0.022478"/>
        <testcase name="testNextNumberWithoutMorePagesReturnsFalse" class="Hyde\Framework\Testing\Feature\PaginatorTest" classname="Hyde.Framework.Testing.Feature.PaginatorTest" file="/home/runner/work/develop/develop/packages/framework/tests/Feature/PaginatorTest.php" line="221" assertions="1" time="0.022256"/>
        <testcase name="testPreviousNumberReturnsThePreviousPageNumberWhenThereIsOne" class="Hyde\Framework\Testing\Feature\PaginatorTest" classname="Hyde.Framework.Testing.Feature.PaginatorTest" file="/home/runner/work/develop/develop/packages/framework/tests/Feature/PaginatorTest.php" line="226" assertions="1" time="0.022372"/>
        <testcase name="testNextNumberReturnsTheNextPageNumberWhenThereIsOne" class="Hyde\Framework\Testing\Feature\PaginatorTest" classname="Hyde.Framework.Testing.Feature.PaginatorTest" file="/home/runner/work/develop/develop/packages/framework/tests/Feature/PaginatorTest.php" line="231" assertions="1" time="0.022217"/>
        <testcase name="testGetPageLinks" class="Hyde\Framework\Testing\Feature\PaginatorTest" classname="Hyde.Framework.Testing.Feature.PaginatorTest" file="/home/runner/work/develop/develop/packages/framework/tests/Feature/PaginatorTest.php" line="236" assertions="1" time="0.022349"/>
        <testcase name="testGetPageLinksWithBaseRoute" class="Hyde\Framework\Testing\Feature\PaginatorTest" classname="Hyde.Framework.Testing.Feature.PaginatorTest" file="/home/runner/work/develop/develop/packages/framework/tests/Feature/PaginatorTest.php" line="250" assertions="1" time="0.030355"/>
        <testcase name="testFirstItemNumberOnPage" class="Hyde\Framework\Testing\Feature\PaginatorTest" classname="Hyde.Framework.Testing.Feature.PaginatorTest" file="/home/runner/work/develop/develop/packages/framework/tests/Feature/PaginatorTest.php" line="273" assertions="9" time="0.022494"/>
      </testsuite>
      <testsuite name="Hyde\Framework\Testing\Feature\PharSupportTest" file="/home/runner/work/develop/develop/packages/framework/tests/Feature/PharSupportTest.php" tests="7" assertions="9" errors="0" warnings="0" failures="0" skipped="0" time="0.163288">
        <testcase name="testActive" class="Hyde\Framework\Testing\Feature\PharSupportTest" classname="Hyde.Framework.Testing.Feature.PharSupportTest" file="/home/runner/work/develop/develop/packages/framework/tests/Feature/PharSupportTest.php" line="24" assertions="1" time="0.021487"/>
        <testcase name="testMockActive" class="Hyde\Framework\Testing\Feature\PharSupportTest" classname="Hyde.Framework.Testing.Feature.PharSupportTest" file="/home/runner/work/develop/develop/packages/framework/tests/Feature/PharSupportTest.php" line="29" assertions="2" time="0.022265"/>
        <testcase name="testHasVendorDirectory" class="Hyde\Framework\Testing\Feature\PharSupportTest" classname="Hyde.Framework.Testing.Feature.PharSupportTest" file="/home/runner/work/develop/develop/packages/framework/tests/Feature/PharSupportTest.php" line="38" assertions="1" time="0.022244"/>
        <testcase name="testMockHasVendorDirectory" class="Hyde\Framework\Testing\Feature\PharSupportTest" classname="Hyde.Framework.Testing.Feature.PharSupportTest" file="/home/runner/work/develop/develop/packages/framework/tests/Feature/PharSupportTest.php" line="43" assertions="2" time="0.022233"/>
        <testcase name="test_vendor_path_can_run_in_phar" class="Hyde\Framework\Testing\Feature\PharSupportTest" classname="Hyde.Framework.Testing.Feature.PharSupportTest" file="/home/runner/work/develop/develop/packages/framework/tests/Feature/PharSupportTest.php" line="52" assertions="1" time="0.022557"/>
        <testcase name="test_vendor_path_can_run_in_phar_with_path_argument" class="Hyde\Framework\Testing\Feature\PharSupportTest" classname="Hyde.Framework.Testing.Feature.PharSupportTest" file="/home/runner/work/develop/develop/packages/framework/tests/Feature/PharSupportTest.php" line="60" assertions="1" time="0.022427"/>
        <testcase name="test_vendor_path_can_run_in_phar_with_package_argument_but_throws" class="Hyde\Framework\Testing\Feature\PharSupportTest" classname="Hyde.Framework.Testing.Feature.PharSupportTest" file="/home/runner/work/develop/develop/packages/framework/tests/Feature/PharSupportTest.php" line="68" assertions="1" time="0.030075"/>
      </testsuite>
      <testsuite name="Hyde\Framework\Testing\Feature\ReadingTimeTest" file="/home/runner/work/develop/develop/packages/framework/tests/Feature/ReadingTimeTest.php" tests="12" assertions="38" errors="0" warnings="0" failures="0" skipped="0" time="0.009221">
        <testcase name="test___construct" class="Hyde\Framework\Testing\Feature\ReadingTimeTest" classname="Hyde.Framework.Testing.Feature.ReadingTimeTest" file="/home/runner/work/develop/develop/packages/framework/tests/Feature/ReadingTimeTest.php" line="23" assertions="1" time="0.000770"/>
        <testcase name="test__toString" class="Hyde\Framework\Testing\Feature\ReadingTimeTest" classname="Hyde.Framework.Testing.Feature.ReadingTimeTest" file="/home/runner/work/develop/develop/packages/framework/tests/Feature/ReadingTimeTest.php" line="28" assertions="1" time="0.000471"/>
        <testcase name="test_getWordCount" class="Hyde\Framework\Testing\Feature\ReadingTimeTest" classname="Hyde.Framework.Testing.Feature.ReadingTimeTest" file="/home/runner/work/develop/develop/packages/framework/tests/Feature/ReadingTimeTest.php" line="33" assertions="4" time="0.000651"/>
        <testcase name="test_getMinutes" class="Hyde\Framework\Testing\Feature\ReadingTimeTest" classname="Hyde.Framework.Testing.Feature.ReadingTimeTest" file="/home/runner/work/develop/develop/packages/framework/tests/Feature/ReadingTimeTest.php" line="41" assertions="4" time="0.000647"/>
        <testcase name="test_getSeconds" class="Hyde\Framework\Testing\Feature\ReadingTimeTest" classname="Hyde.Framework.Testing.Feature.ReadingTimeTest" file="/home/runner/work/develop/develop/packages/framework/tests/Feature/ReadingTimeTest.php" line="49" assertions="4" time="0.000646"/>
        <testcase name="test_getSecondsOver" class="Hyde\Framework\Testing\Feature\ReadingTimeTest" classname="Hyde.Framework.Testing.Feature.ReadingTimeTest" file="/home/runner/work/develop/develop/packages/framework/tests/Feature/ReadingTimeTest.php" line="57" assertions="4" time="0.000666"/>
        <testcase name="test_getFormatted" class="Hyde\Framework\Testing\Feature\ReadingTimeTest" classname="Hyde.Framework.Testing.Feature.ReadingTimeTest" file="/home/runner/work/develop/develop/packages/framework/tests/Feature/ReadingTimeTest.php" line="65" assertions="4" time="0.000692"/>
        <testcase name="test_getFormattedWithCustomFormatting" class="Hyde\Framework\Testing\Feature\ReadingTimeTest" classname="Hyde.Framework.Testing.Feature.ReadingTimeTest" file="/home/runner/work/develop/develop/packages/framework/tests/Feature/ReadingTimeTest.php" line="73" assertions="4" time="0.000722"/>
        <testcase name="test_getFormattedFormatsUpToOneMinuteWhenRoundUpIsSet" class="Hyde\Framework\Testing\Feature\ReadingTimeTest" classname="Hyde.Framework.Testing.Feature.ReadingTimeTest" file="/home/runner/work/develop/develop/packages/framework/tests/Feature/ReadingTimeTest.php" line="81" assertions="4" time="0.000697"/>
        <testcase name="test_formatUsingClosure" class="Hyde\Framework\Testing\Feature\ReadingTimeTest" classname="Hyde.Framework.Testing.Feature.ReadingTimeTest" file="/home/runner/work/develop/develop/packages/framework/tests/Feature/ReadingTimeTest.php" line="89" assertions="4" time="0.000727"/>
        <testcase name="test_fromString" class="Hyde\Framework\Testing\Feature\ReadingTimeTest" classname="Hyde.Framework.Testing.Feature.ReadingTimeTest" file="/home/runner/work/develop/develop/packages/framework/tests/Feature/ReadingTimeTest.php" line="106" assertions="2" time="0.000734"/>
        <testcase name="test_fromFile" class="Hyde\Framework\Testing\Feature\ReadingTimeTest" classname="Hyde.Framework.Testing.Feature.ReadingTimeTest" file="/home/runner/work/develop/develop/packages/framework/tests/Feature/ReadingTimeTest.php" line="112" assertions="2" time="0.001798"/>
      </testsuite>
      <testsuite name="Hyde\Framework\Testing\Feature\RedirectTest" file="/home/runner/work/develop/develop/packages/framework/tests/Feature/RedirectTest.php" tests="4" assertions="12" errors="0" warnings="0" failures="0" skipped="0" time="0.105692">
        <testcase name="test_can_create_a_redirect" class="Hyde\Framework\Testing\Feature\RedirectTest" classname="Hyde.Framework.Testing.Feature.RedirectTest" file="/home/runner/work/develop/develop/packages/framework/tests/Feature/RedirectTest.php" line="18" assertions="7" time="0.027204"/>
        <testcase name="test_path_parameter_is_normalized" class="Hyde\Framework\Testing\Feature\RedirectTest" classname="Hyde.Framework.Testing.Feature.RedirectTest" file="/home/runner/work/develop/develop/packages/framework/tests/Feature/RedirectTest.php" line="51" assertions="1" time="0.023693"/>
        <testcase name="test_text_can_be_disabled" class="Hyde\Framework\Testing\Feature\RedirectTest" classname="Hyde.Framework.Testing.Feature.RedirectTest" file="/home/runner/work/develop/develop/packages/framework/tests/Feature/RedirectTest.php" line="60" assertions="2" time="0.025975"/>
        <testcase name="test_redirect_pages_can_be_compilable_by_static_site_though_manual_discovery" class="Hyde\Framework\Testing\Feature\RedirectTest" classname="Hyde.Framework.Testing.Feature.RedirectTest" file="/home/runner/work/develop/develop/packages/framework/tests/Feature/RedirectTest.php" line="69" assertions="2" time="0.028820"/>
      </testsuite>
      <testsuite name="Hyde\Framework\Testing\Feature\RenderHelperTest" file="/home/runner/work/develop/develop/packages/framework/tests/Feature/RenderHelperTest.php" tests="14" assertions="36" errors="0" warnings="0" failures="0" skipped="0" time="0.359240">
        <testcase name="testSetAndGetPage" class="Hyde\Framework\Testing\Feature\RenderHelperTest" classname="Hyde.Framework.Testing.Feature.RenderHelperTest" file="/home/runner/work/develop/develop/packages/framework/tests/Feature/RenderHelperTest.php" line="20" assertions="2" time="0.026259"/>
        <testcase name="testSetPageSharesDataToViewAutomatically" class="Hyde\Framework\Testing\Feature\RenderHelperTest" classname="Hyde.Framework.Testing.Feature.RenderHelperTest" file="/home/runner/work/develop/develop/packages/framework/tests/Feature/RenderHelperTest.php" line="28" assertions="2" time="0.027135"/>
        <testcase name="testGetRoute" class="Hyde\Framework\Testing\Feature\RenderHelperTest" classname="Hyde.Framework.Testing.Feature.RenderHelperTest" file="/home/runner/work/develop/develop/packages/framework/tests/Feature/RenderHelperTest.php" line="36" assertions="2" time="0.027264"/>
        <testcase name="testGetRouteKey" class="Hyde\Framework\Testing\Feature\RenderHelperTest" classname="Hyde.Framework.Testing.Feature.RenderHelperTest" file="/home/runner/work/develop/develop/packages/framework/tests/Feature/RenderHelperTest.php" line="44" assertions="2" time="0.026981"/>
        <testcase name="testShareToView" class="Hyde\Framework\Testing\Feature\RenderHelperTest" classname="Hyde.Framework.Testing.Feature.RenderHelperTest" file="/home/runner/work/develop/develop/packages/framework/tests/Feature/RenderHelperTest.php" line="52" assertions="6" time="0.027373"/>
        <testcase name="testShare" class="Hyde\Framework\Testing\Feature\RenderHelperTest" classname="Hyde.Framework.Testing.Feature.RenderHelperTest" file="/home/runner/work/develop/develop/packages/framework/tests/Feature/RenderHelperTest.php" line="65" assertions="2" time="0.025903"/>
        <testcase name="testShareInvalidProperty" class="Hyde\Framework\Testing\Feature\RenderHelperTest" classname="Hyde.Framework.Testing.Feature.RenderHelperTest" file="/home/runner/work/develop/develop/packages/framework/tests/Feature/RenderHelperTest.php" line="73" assertions="2" time="0.022115"/>
        <testcase name="testShareCascadesDataToView" class="Hyde\Framework\Testing\Feature\RenderHelperTest" classname="Hyde.Framework.Testing.Feature.RenderHelperTest" file="/home/runner/work/develop/develop/packages/framework/tests/Feature/RenderHelperTest.php" line="81" assertions="2" time="0.022564"/>
        <testcase name="testClearData" class="Hyde\Framework\Testing\Feature\RenderHelperTest" classname="Hyde.Framework.Testing.Feature.RenderHelperTest" file="/home/runner/work/develop/develop/packages/framework/tests/Feature/RenderHelperTest.php" line="89" assertions="2" time="0.026956"/>
        <testcase name="testClearDataOnFacade" class="Hyde\Framework\Testing\Feature\RenderHelperTest" classname="Hyde.Framework.Testing.Feature.RenderHelperTest" file="/home/runner/work/develop/develop/packages/framework/tests/Feature/RenderHelperTest.php" line="99" assertions="2" time="0.027214"/>
        <testcase name="testClearDataCascadesToClearItsViewData" class="Hyde\Framework\Testing\Feature\RenderHelperTest" classname="Hyde.Framework.Testing.Feature.RenderHelperTest" file="/home/runner/work/develop/develop/packages/framework/tests/Feature/RenderHelperTest.php" line="108" assertions="6" time="0.027112"/>
        <testcase name="testClearDataDoesNotClearOtherViewData" class="Hyde\Framework\Testing\Feature\RenderHelperTest" classname="Hyde.Framework.Testing.Feature.RenderHelperTest" file="/home/runner/work/develop/develop/packages/framework/tests/Feature/RenderHelperTest.php" line="122" assertions="2" time="0.022565"/>
        <testcase name="testClearDataDoesNotClearRenderInstanceFromViewData" class="Hyde\Framework\Testing\Feature\RenderHelperTest" classname="Hyde.Framework.Testing.Feature.RenderHelperTest" file="/home/runner/work/develop/develop/packages/framework/tests/Feature/RenderHelperTest.php" line="131" assertions="2" time="0.022375"/>
        <testcase name="testToArray" class="Hyde\Framework\Testing\Feature\RenderHelperTest" classname="Hyde.Framework.Testing.Feature.RenderHelperTest" file="/home/runner/work/develop/develop/packages/framework/tests/Feature/RenderHelperTest.php" line="140" assertions="2" time="0.027424"/>
      </testsuite>
      <testsuite name="Hyde\Framework\Testing\Feature\RouteCollectionTest" file="/home/runner/work/develop/develop/packages/framework/tests/Feature/RouteCollectionTest.php" tests="7" assertions="19" errors="0" warnings="0" failures="0" skipped="0" time="0.229039">
        <testcase name="test_boot_method_discovers_all_pages" class="Hyde\Framework\Testing\Feature\RouteCollectionTest" classname="Hyde.Framework.Testing.Feature.RouteCollectionTest" file="/home/runner/work/develop/develop/packages/framework/tests/Feature/RouteCollectionTest.php" line="27" assertions="3" time="0.028279"/>
        <testcase name="test_boot_method_discovers_all_page_types" class="Hyde\Framework\Testing\Feature\RouteCollectionTest" classname="Hyde.Framework.Testing.Feature.RouteCollectionTest" file="/home/runner/work/develop/develop/packages/framework/tests/Feature/RouteCollectionTest.php" line="40" assertions="3" time="0.040765"/>
        <testcase name="test_get_routes_returns_all_routes" class="Hyde\Framework\Testing\Feature\RouteCollectionTest" classname="Hyde.Framework.Testing.Feature.RouteCollectionTest" file="/home/runner/work/develop/develop/packages/framework/tests/Feature/RouteCollectionTest.php" line="66" assertions="1" time="0.035198"/>
        <testcase name="test_get_routes_for_model_returns_collection_of_routes_of_given_class" class="Hyde\Framework\Testing\Feature\RouteCollectionTest" classname="Hyde.Framework.Testing.Feature.RouteCollectionTest" file="/home/runner/work/develop/develop/packages/framework/tests/Feature/RouteCollectionTest.php" line="77" assertions="6" time="0.041844"/>
        <testcase name="test_add_route_adds_new_route" class="Hyde\Framework\Testing\Feature\RouteCollectionTest" classname="Hyde.Framework.Testing.Feature.RouteCollectionTest" file="/home/runner/work/develop/develop/packages/framework/tests/Feature/RouteCollectionTest.php" line="99" assertions="3" time="0.028815"/>
        <testcase name="test_get_route" class="Hyde\Framework\Testing\Feature\RouteCollectionTest" classname="Hyde.Framework.Testing.Feature.RouteCollectionTest" file="/home/runner/work/develop/develop/packages/framework/tests/Feature/RouteCollectionTest.php" line="108" assertions="1" time="0.027743"/>
        <testcase name="test_get_route_with_non_existing_route" class="Hyde\Framework\Testing\Feature\RouteCollectionTest" classname="Hyde.Framework.Testing.Feature.RouteCollectionTest" file="/home/runner/work/develop/develop/packages/framework/tests/Feature/RouteCollectionTest.php" line="113" assertions="2" time="0.026396"/>
      </testsuite>
      <testsuite name="Hyde\Framework\Testing\Feature\RouteListTest" file="/home/runner/work/develop/develop/packages/framework/tests/Feature/RouteListTest.php" tests="3" assertions="3" errors="0" warnings="0" failures="0" skipped="0" time="0.085666">
        <testcase name="testRouteList" class="Hyde\Framework\Testing\Feature\RouteListTest" classname="Hyde.Framework.Testing.Feature.RouteListTest" file="/home/runner/work/develop/develop/packages/framework/tests/Feature/RouteListTest.php" line="19" assertions="1" time="0.032054"/>
        <testcase name="testHeaders" class="Hyde\Framework\Testing\Feature\RouteListTest" classname="Hyde.Framework.Testing.Feature.RouteListTest" file="/home/runner/work/develop/develop/packages/framework/tests/Feature/RouteListTest.php" line="37" assertions="1" time="0.026460"/>
        <testcase name="testWithDynamicPages" class="Hyde\Framework\Testing\Feature\RouteListTest" classname="Hyde.Framework.Testing.Feature.RouteListTest" file="/home/runner/work/develop/develop/packages/framework/tests/Feature/RouteListTest.php" line="47" assertions="1" time="0.027152"/>
      </testsuite>
      <testsuite name="Hyde\Framework\Testing\Feature\Services\BladeDownProcessorTest" file="/home/runner/work/develop/develop/packages/framework/tests/Feature/Services/BladeDownProcessorTest.php" tests="9" assertions="9" errors="0" warnings="0" failures="0" skipped="0" time="0.207969">
        <testcase name="test_it_renders_blade_echo_syntax" class="Hyde\Framework\Testing\Feature\Services\BladeDownProcessorTest" classname="Hyde.Framework.Testing.Feature.Services.BladeDownProcessorTest" file="/home/runner/work/develop/develop/packages/framework/tests/Feature/Services/BladeDownProcessorTest.php" line="17" assertions="1" time="0.022546"/>
        <testcase name="test_it_renders_blade_within_multiline_markdown" class="Hyde\Framework\Testing\Feature\Services\BladeDownProcessorTest" classname="Hyde.Framework.Testing.Feature.Services.BladeDownProcessorTest" file="/home/runner/work/develop/develop/packages/framework/tests/Feature/Services/BladeDownProcessorTest.php" line="22" assertions="1" time="0.023523"/>
        <testcase name="test_it_renders_blade_views" class="Hyde\Framework\Testing\Feature\Services\BladeDownProcessorTest" classname="Hyde.Framework.Testing.Feature.Services.BladeDownProcessorTest" file="/home/runner/work/develop/develop/packages/framework/tests/Feature/Services/BladeDownProcessorTest.php" line="31" assertions="1" time="0.023827"/>
        <testcase name="test_directive_is_case_insensitive" class="Hyde\Framework\Testing\Feature\Services\BladeDownProcessorTest" classname="Hyde.Framework.Testing.Feature.Services.BladeDownProcessorTest" file="/home/runner/work/develop/develop/packages/framework/tests/Feature/Services/BladeDownProcessorTest.php" line="46" assertions="1" time="0.023159"/>
        <testcase name="test_directive_is_ignored_if_it_is_not_at_the_start_of_a_line" class="Hyde\Framework\Testing\Feature\Services\BladeDownProcessorTest" classname="Hyde.Framework.Testing.Feature.Services.BladeDownProcessorTest" file="/home/runner/work/develop/develop/packages/framework/tests/Feature/Services/BladeDownProcessorTest.php" line="51" assertions="1" time="0.022225"/>
        <testcase name="test_it_renders_blade_echo_syntax_with_variables" class="Hyde\Framework\Testing\Feature\Services\BladeDownProcessorTest" classname="Hyde.Framework.Testing.Feature.Services.BladeDownProcessorTest" file="/home/runner/work/develop/develop/packages/framework/tests/Feature/Services/BladeDownProcessorTest.php" line="57" assertions="1" time="0.023395"/>
        <testcase name="test_it_renders_blade_views_with_variables" class="Hyde\Framework\Testing\Feature\Services\BladeDownProcessorTest" classname="Hyde.Framework.Testing.Feature.Services.BladeDownProcessorTest" file="/home/runner/work/develop/develop/packages/framework/tests/Feature/Services/BladeDownProcessorTest.php" line="62" assertions="1" time="0.024123"/>
        <testcase name="test_preprocess_method_expands_shortcode" class="Hyde\Framework\Testing\Feature\Services\BladeDownProcessorTest" classname="Hyde.Framework.Testing.Feature.Services.BladeDownProcessorTest" file="/home/runner/work/develop/develop/packages/framework/tests/Feature/Services/BladeDownProcessorTest.php" line="73" assertions="1" time="0.022318"/>
        <testcase name="test_process_method_renders_shortcode" class="Hyde\Framework\Testing\Feature\Services\BladeDownProcessorTest" classname="Hyde.Framework.Testing.Feature.Services.BladeDownProcessorTest" file="/home/runner/work/develop/develop/packages/framework/tests/Feature/Services/BladeDownProcessorTest.php" line="78" assertions="1" time="0.022854"/>
      </testsuite>
      <testsuite name="Hyde\Framework\Testing\Feature\Services\BuildTaskServiceTest" file="/home/runner/work/develop/develop/packages/framework/tests/Feature/Services/BuildTaskServiceTest.php" tests="8" assertions="11" errors="0" warnings="0" failures="0" skipped="0" time="0.241527">
        <testcase name="test_build_command_can_run_build_tasks" class="Hyde\Framework\Testing\Feature\Services\BuildTaskServiceTest" classname="Hyde.Framework.Testing.Feature.Services.BuildTaskServiceTest" file="/home/runner/work/develop/develop/packages/framework/tests/Feature/Services/BuildTaskServiceTest.php" line="31" assertions="4" time="0.045100"/>
        <testcase name="test_run_post_build_tasks_runs_configured_tasks_does_nothing_if_no_tasks_are_configured" class="Hyde\Framework\Testing\Feature\Services\BuildTaskServiceTest" classname="Hyde.Framework.Testing.Feature.Services.BuildTaskServiceTest" file="/home/runner/work/develop/develop/packages/framework/tests/Feature/Services/BuildTaskServiceTest.php" line="42" assertions="1" time="0.029848"/>
        <testcase name="test_get_post_build_tasks_returns_array_merged_with_config" class="Hyde\Framework\Testing\Feature\Services\BuildTaskServiceTest" classname="Hyde.Framework.Testing.Feature.Services.BuildTaskServiceTest" file="/home/runner/work/develop/develop/packages/framework/tests/Feature/Services/BuildTaskServiceTest.php" line="50" assertions="1" time="0.027246"/>
        <testcase name="test_get_post_build_tasks_merges_duplicate_keys" class="Hyde\Framework\Testing\Feature\Services\BuildTaskServiceTest" classname="Hyde.Framework.Testing.Feature.Services.BuildTaskServiceTest" file="/home/runner/work/develop/develop/packages/framework/tests/Feature/Services/BuildTaskServiceTest.php" line="60" assertions="1" time="0.027176"/>
        <testcase name="test_run_post_build_tasks_runs_configured_tasks" class="Hyde\Framework\Testing\Feature\Services\BuildTaskServiceTest" classname="Hyde.Framework.Testing.Feature.Services.BuildTaskServiceTest" file="/home/runner/work/develop/develop/packages/framework/tests/Feature/Services/BuildTaskServiceTest.php" line="71" assertions="1" time="0.029627"/>
        <testcase name="test_exception_handler_shows_error_message_and_exits_with_code_1_without_throwing_exception" class="Hyde\Framework\Testing\Feature\Services\BuildTaskServiceTest" classname="Hyde.Framework.Testing.Feature.Services.BuildTaskServiceTest" file="/home/runner/work/develop/develop/packages/framework/tests/Feature/Services/BuildTaskServiceTest.php" line="83" assertions="1" time="0.022676"/>
        <testcase name="test_find_tasks_in_app_directory_method_discovers_tasks_in_app_directory" class="Hyde\Framework\Testing\Feature\Services\BuildTaskServiceTest" classname="Hyde.Framework.Testing.Feature.Services.BuildTaskServiceTest" file="/home/runner/work/develop/develop/packages/framework/tests/Feature/Services/BuildTaskServiceTest.php" line="96" assertions="1" time="0.028739"/>
        <testcase name="test_automatically_discovered_tasks_can_be_executed" class="Hyde\Framework\Testing\Feature\Services\BuildTaskServiceTest" classname="Hyde.Framework.Testing.Feature.Services.BuildTaskServiceTest" file="/home/runner/work/develop/develop/packages/framework/tests/Feature/Services/BuildTaskServiceTest.php" line="104" assertions="1" time="0.031115"/>
      </testsuite>
      <testsuite name="Hyde\Framework\Testing\Feature\Services\DocumentationSearchServiceTest" file="/home/runner/work/develop/develop/packages/framework/tests/Feature/Services/DocumentationSearchServiceTest.php" tests="10" assertions="10" errors="0" warnings="0" failures="0" skipped="0" time="0.080181">
        <testcase name="test_it_generates_a_json_file_with_a_search_index" class="Hyde\Framework\Testing\Feature\Services\DocumentationSearchServiceTest" classname="Hyde.Framework.Testing.Feature.Services.DocumentationSearchServiceTest" file="/home/runner/work/develop/develop/packages/framework/tests/Feature/Services/DocumentationSearchServiceTest.php" line="31" assertions="1" time="0.007055"/>
        <testcase name="test_it_adds_all_files_to_search_index" class="Hyde\Framework\Testing\Feature\Services\DocumentationSearchServiceTest" classname="Hyde.Framework.Testing.Feature.Services.DocumentationSearchServiceTest" file="/home/runner/work/develop/develop/packages/framework/tests/Feature/Services/DocumentationSearchServiceTest.php" line="45" assertions="1" time="0.010995"/>
        <testcase name="test_it_handles_generation_even_when_there_are_no_pages" class="Hyde\Framework\Testing\Feature\Services\DocumentationSearchServiceTest" classname="Hyde.Framework.Testing.Feature.Services.DocumentationSearchServiceTest" file="/home/runner/work/develop/develop/packages/framework/tests/Feature/Services/DocumentationSearchServiceTest.php" line="54" assertions="1" time="0.005721"/>
        <testcase name="test_save_method_saves_the_file_to_the_correct_location" class="Hyde\Framework\Testing\Feature\Services\DocumentationSearchServiceTest" classname="Hyde.Framework.Testing.Feature.Services.DocumentationSearchServiceTest" file="/home/runner/work/develop/develop/packages/framework/tests/Feature/Services/DocumentationSearchServiceTest.php" line="63" assertions="1" time="0.005686"/>
        <testcase name="test_it_generates_a_valid_JSON" class="Hyde\Framework\Testing\Feature\Services\DocumentationSearchServiceTest" classname="Hyde.Framework.Testing.Feature.Services.DocumentationSearchServiceTest" file="/home/runner/work/develop/develop/packages/framework/tests/Feature/Services/DocumentationSearchServiceTest.php" line="72" assertions="1" time="0.009476"/>
        <testcase name="test_it_strips_markdown" class="Hyde\Framework\Testing\Feature\Services\DocumentationSearchServiceTest" classname="Hyde.Framework.Testing.Feature.Services.DocumentationSearchServiceTest" file="/home/runner/work/develop/develop/packages/framework/tests/Feature/Services/DocumentationSearchServiceTest.php" line="85" assertions="1" time="0.007936"/>
        <testcase name="test_get_destination_for_slug_returns_empty_string_for_index_when_pretty_url_is_enabled" class="Hyde\Framework\Testing\Feature\Services\DocumentationSearchServiceTest" classname="Hyde.Framework.Testing.Feature.Services.DocumentationSearchServiceTest" file="/home/runner/work/develop/develop/packages/framework/tests/Feature/Services/DocumentationSearchServiceTest.php" line="95" assertions="1" time="0.007881"/>
        <testcase name="test_get_destination_for_slug_returns_pretty_url_when_enabled" class="Hyde\Framework\Testing\Feature\Services\DocumentationSearchServiceTest" classname="Hyde.Framework.Testing.Feature.Services.DocumentationSearchServiceTest" file="/home/runner/work/develop/develop/packages/framework/tests/Feature/Services/DocumentationSearchServiceTest.php" line="105" assertions="1" time="0.008029"/>
        <testcase name="test_excluded_pages_are_not_present_in_the_search_index" class="Hyde\Framework\Testing\Feature\Services\DocumentationSearchServiceTest" classname="Hyde.Framework.Testing.Feature.Services.DocumentationSearchServiceTest" file="/home/runner/work/develop/develop/packages/framework/tests/Feature/Services/DocumentationSearchServiceTest.php" line="115" assertions="1" time="0.008619"/>
        <testcase name="test_nested_source_files_do_not_retain_directory_name_in_search_index" class="Hyde\Framework\Testing\Feature\Services\DocumentationSearchServiceTest" classname="Hyde.Framework.Testing.Feature.Services.DocumentationSearchServiceTest" file="/home/runner/work/develop/develop/packages/framework/tests/Feature/Services/DocumentationSearchServiceTest.php" line="125" assertions="1" time="0.008782"/>
      </testsuite>
      <testsuite name="Hyde\Framework\Testing\Feature\Services\DocumentationSidebarTest" file="/home/runner/work/develop/develop/packages/framework/tests/Feature/Services/DocumentationSidebarTest.php" tests="32" assertions="41" errors="0" warnings="0" failures="0" skipped="0" time="1.034213">
        <testcase name="test_sidebar_can_be_created" class="Hyde\Framework\Testing\Feature\Services\DocumentationSidebarTest" classname="Hyde.Framework.Testing.Feature.Services.DocumentationSidebarTest" file="/home/runner/work/develop/develop/packages/framework/tests/Feature/Services/DocumentationSidebarTest.php" line="41" assertions="1" time="0.027152"/>
        <testcase name="test_sidebar_items_are_added_automatically" class="Hyde\Framework\Testing\Feature\Services\DocumentationSidebarTest" classname="Hyde.Framework.Testing.Feature.Services.DocumentationSidebarTest" file="/home/runner/work/develop/develop/packages/framework/tests/Feature/Services/DocumentationSidebarTest.php" line="48" assertions="1" time="0.036291"/>
        <testcase name="test_index_page_is_removed_from_sidebar" class="Hyde\Framework\Testing\Feature\Services\DocumentationSidebarTest" classname="Hyde.Framework.Testing.Feature.Services.DocumentationSidebarTest" file="/home/runner/work/develop/develop/packages/framework/tests/Feature/Services/DocumentationSidebarTest.php" line="57" assertions="1" time="0.038753"/>
        <testcase name="test_files_with_front_matter_hidden_set_to_true_are_removed_from_sidebar" class="Hyde\Framework\Testing\Feature\Services\DocumentationSidebarTest" classname="Hyde.Framework.Testing.Feature.Services.DocumentationSidebarTest" file="/home/runner/work/develop/develop/packages/framework/tests/Feature/Services/DocumentationSidebarTest.php" line="66" assertions="1" time="0.038090"/>
        <testcase name="test_sidebar_is_ordered_alphabetically_when_no_order_is_set_in_config" class="Hyde\Framework\Testing\Feature\Services\DocumentationSidebarTest" classname="Hyde.Framework.Testing.Feature.Services.DocumentationSidebarTest" file="/home/runner/work/develop/develop/packages/framework/tests/Feature/Services/DocumentationSidebarTest.php" line="75" assertions="1" time="0.033942"/>
        <testcase name="test_sidebar_is_ordered_by_priority_when_priority_is_set_in_config" class="Hyde\Framework\Testing\Feature\Services\DocumentationSidebarTest" classname="Hyde.Framework.Testing.Feature.Services.DocumentationSidebarTest" file="/home/runner/work/develop/develop/packages/framework/tests/Feature/Services/DocumentationSidebarTest.php" line="92" assertions="1" time="0.034070"/>
        <testcase name="test_sidebar_item_priority_can_be_set_in_front_matter" class="Hyde\Framework\Testing\Feature\Services\DocumentationSidebarTest" classname="Hyde.Framework.Testing.Feature.Services.DocumentationSidebarTest" file="/home/runner/work/develop/develop/packages/framework/tests/Feature/Services/DocumentationSidebarTest.php" line="113" assertions="1" time="0.029358"/>
        <testcase name="test_sidebar_item_priority_set_in_config_overrides_front_matter" class="Hyde\Framework\Testing\Feature\Services\DocumentationSidebarTest" classname="Hyde.Framework.Testing.Feature.Services.DocumentationSidebarTest" file="/home/runner/work/develop/develop/packages/framework/tests/Feature/Services/DocumentationSidebarTest.php" line="120" assertions="1" time="0.029171"/>
        <testcase name="test_sidebar_priorities_can_be_set_in_both_front_matter_and_config" class="Hyde\Framework\Testing\Feature\Services\DocumentationSidebarTest" classname="Hyde.Framework.Testing.Feature.Services.DocumentationSidebarTest" file="/home/runner/work/develop/develop/packages/framework/tests/Feature/Services/DocumentationSidebarTest.php" line="129" assertions="1" time="0.033809"/>
        <testcase name="test_group_can_be_set_in_front_matter" class="Hyde\Framework\Testing\Feature\Services\DocumentationSidebarTest" classname="Hyde.Framework.Testing.Feature.Services.DocumentationSidebarTest" file="/home/runner/work/develop/develop/packages/framework/tests/Feature/Services/DocumentationSidebarTest.php" line="152" assertions="1" time="0.029501"/>
        <testcase name="test_has_groups_returns_false_when_there_are_no_groups" class="Hyde\Framework\Testing\Feature\Services\DocumentationSidebarTest" classname="Hyde.Framework.Testing.Feature.Services.DocumentationSidebarTest" file="/home/runner/work/develop/develop/packages/framework/tests/Feature/Services/DocumentationSidebarTest.php" line="159" assertions="1" time="0.026952"/>
        <testcase name="test_has_groups_returns_true_when_there_are_groups" class="Hyde\Framework\Testing\Feature\Services\DocumentationSidebarTest" classname="Hyde.Framework.Testing.Feature.Services.DocumentationSidebarTest" file="/home/runner/work/develop/develop/packages/framework/tests/Feature/Services/DocumentationSidebarTest.php" line="164" assertions="1" time="0.035737"/>
        <testcase name="test_has_groups_returns_true_when_there_are_multiple_groups" class="Hyde\Framework\Testing\Feature\Services\DocumentationSidebarTest" classname="Hyde.Framework.Testing.Feature.Services.DocumentationSidebarTest" file="/home/runner/work/develop/develop/packages/framework/tests/Feature/Services/DocumentationSidebarTest.php" line="171" assertions="1" time="0.031538"/>
        <testcase name="test_has_groups_returns_true_when_there_are_multiple_groups_mixed_with_defaults" class="Hyde\Framework\Testing\Feature\Services\DocumentationSidebarTest" classname="Hyde.Framework.Testing.Feature.Services.DocumentationSidebarTest" file="/home/runner/work/develop/develop/packages/framework/tests/Feature/Services/DocumentationSidebarTest.php" line="179" assertions="1" time="0.033341"/>
        <testcase name="test_get_groups_returns_empty_array_when_there_are_no_groups" class="Hyde\Framework\Testing\Feature\Services\DocumentationSidebarTest" classname="Hyde.Framework.Testing.Feature.Services.DocumentationSidebarTest" file="/home/runner/work/develop/develop/packages/framework/tests/Feature/Services/DocumentationSidebarTest.php" line="188" assertions="1" time="0.026976"/>
        <testcase name="test_get_groups_returns_array_of_groups_when_there_are_groups" class="Hyde\Framework\Testing\Feature\Services\DocumentationSidebarTest" classname="Hyde.Framework.Testing.Feature.Services.DocumentationSidebarTest" file="/home/runner/work/develop/develop/packages/framework/tests/Feature/Services/DocumentationSidebarTest.php" line="193" assertions="1" time="0.029235"/>
        <testcase name="test_get_groups_returns_array_with_no_duplicates" class="Hyde\Framework\Testing\Feature\Services\DocumentationSidebarTest" classname="Hyde.Framework.Testing.Feature.Services.DocumentationSidebarTest" file="/home/runner/work/develop/develop/packages/framework/tests/Feature/Services/DocumentationSidebarTest.php" line="200" assertions="1" time="0.033235"/>
        <testcase name="test_groups_are_sorted_by_lowest_found_priority_in_each_group" class="Hyde\Framework\Testing\Feature\Services\DocumentationSidebarTest" classname="Hyde.Framework.Testing.Feature.Services.DocumentationSidebarTest" file="/home/runner/work/develop/develop/packages/framework/tests/Feature/Services/DocumentationSidebarTest.php" line="209" assertions="1" time="0.033346"/>
        <testcase name="test_get_items_in_group_returns_empty_collection_when_there_are_no_items" class="Hyde\Framework\Testing\Feature\Services\DocumentationSidebarTest" classname="Hyde.Framework.Testing.Feature.Services.DocumentationSidebarTest" file="/home/runner/work/develop/develop/packages/framework/tests/Feature/Services/DocumentationSidebarTest.php" line="218" assertions="1" time="0.027137"/>
        <testcase name="test_get_items_in_group_returns_collection_of_items_in_group" class="Hyde\Framework\Testing\Feature\Services\DocumentationSidebarTest" classname="Hyde.Framework.Testing.Feature.Services.DocumentationSidebarTest" file="/home/runner/work/develop/develop/packages/framework/tests/Feature/Services/DocumentationSidebarTest.php" line="223" assertions="2" time="0.035737"/>
        <testcase name="test_get_items_in_group_normalizes_group_name_to_slug_format" class="Hyde\Framework\Testing\Feature\Services\DocumentationSidebarTest" classname="Hyde.Framework.Testing.Feature.Services.DocumentationSidebarTest" file="/home/runner/work/develop/develop/packages/framework/tests/Feature/Services/DocumentationSidebarTest.php" line="245" assertions="1" time="0.034801"/>
        <testcase name="test_get_items_in_group_does_not_include_items_with_hidden_front_matter" class="Hyde\Framework\Testing\Feature\Services\DocumentationSidebarTest" classname="Hyde.Framework.Testing.Feature.Services.DocumentationSidebarTest" file="/home/runner/work/develop/develop/packages/framework/tests/Feature/Services/DocumentationSidebarTest.php" line="261" assertions="1" time="0.031631"/>
        <testcase name="test_get_items_in_group_does_not_include_docs_index" class="Hyde\Framework\Testing\Feature\Services\DocumentationSidebarTest" classname="Hyde.Framework.Testing.Feature.Services.DocumentationSidebarTest" file="/home/runner/work/develop/develop/packages/framework/tests/Feature/Services/DocumentationSidebarTest.php" line="272" assertions="1" time="0.031188"/>
        <testcase name="test_is_group_active_returns_false_when_supplied_group_is_not_active" class="Hyde\Framework\Testing\Feature\Services\DocumentationSidebarTest" classname="Hyde.Framework.Testing.Feature.Services.DocumentationSidebarTest" file="/home/runner/work/develop/develop/packages/framework/tests/Feature/Services/DocumentationSidebarTest.php" line="283" assertions="1" time="0.028288"/>
        <testcase name="test_is_group_active_returns_true_when_supplied_group_is_active" class="Hyde\Framework\Testing\Feature\Services\DocumentationSidebarTest" classname="Hyde.Framework.Testing.Feature.Services.DocumentationSidebarTest" file="/home/runner/work/develop/develop/packages/framework/tests/Feature/Services/DocumentationSidebarTest.php" line="289" assertions="1" time="0.028112"/>
        <testcase name="test_is_group_active_returns_true_for_differing_casing" class="Hyde\Framework\Testing\Feature\Services\DocumentationSidebarTest" classname="Hyde.Framework.Testing.Feature.Services.DocumentationSidebarTest" file="/home/runner/work/develop/develop/packages/framework/tests/Feature/Services/DocumentationSidebarTest.php" line="295" assertions="1" time="0.028085"/>
        <testcase name="test_is_group_active_returns_true_first_group_of_index_page" class="Hyde\Framework\Testing\Feature\Services\DocumentationSidebarTest" classname="Hyde.Framework.Testing.Feature.Services.DocumentationSidebarTest" file="/home/runner/work/develop/develop/packages/framework/tests/Feature/Services/DocumentationSidebarTest.php" line="301" assertions="3" time="0.038106"/>
        <testcase name="test_is_group_active_returns_true_first_sorted_group_of_index_page" class="Hyde\Framework\Testing\Feature\Services\DocumentationSidebarTest" classname="Hyde.Framework.Testing.Feature.Services.DocumentationSidebarTest" file="/home/runner/work/develop/develop/packages/framework/tests/Feature/Services/DocumentationSidebarTest.php" line="314" assertions="3" time="0.038571"/>
        <testcase name="test_automatic_index_page_group_expansion_respects_custom_navigation_menu_settings" class="Hyde\Framework\Testing\Feature\Services\DocumentationSidebarTest" classname="Hyde.Framework.Testing.Feature.Services.DocumentationSidebarTest" file="/home/runner/work/develop/develop/packages/framework/tests/Feature/Services/DocumentationSidebarTest.php" line="327" assertions="3" time="0.038380"/>
        <testcase name="test_can_have_multiple_grouped_pages_with_the_same_name_labels" class="Hyde\Framework\Testing\Feature\Services\DocumentationSidebarTest" classname="Hyde.Framework.Testing.Feature.Services.DocumentationSidebarTest" file="/home/runner/work/develop/develop/packages/framework/tests/Feature/Services/DocumentationSidebarTest.php" line="340" assertions="2" time="0.032312"/>
        <testcase name="test_duplicate_labels_within_the_same_group_is_removed" class="Hyde\Framework\Testing\Feature\Services\DocumentationSidebarTest" classname="Hyde.Framework.Testing.Feature.Services.DocumentationSidebarTest" file="/home/runner/work/develop/develop/packages/framework/tests/Feature/Services/DocumentationSidebarTest.php" line="357" assertions="2" time="0.031669"/>
        <testcase name="test_is_group_active_for_index_page_with_no_groups" class="Hyde\Framework\Testing\Feature\Services\DocumentationSidebarTest" classname="Hyde.Framework.Testing.Feature.Services.DocumentationSidebarTest" file="/home/runner/work/develop/develop/packages/framework/tests/Feature/Services/DocumentationSidebarTest.php" line="371" assertions="1" time="0.029699"/>
      </testsuite>
      <testsuite name="Hyde\Framework\Testing\Feature\Services\HydeSmartDocsTest" file="/home/runner/work/develop/develop/packages/framework/tests/Feature/Services/HydeSmartDocsTest.php" tests="17" assertions="28" errors="0" warnings="0" failures="0" skipped="0" time="0.501256">
        <testcase name="test_class_tokenizes_document" class="Hyde\Framework\Testing\Feature\Services\HydeSmartDocsTest" classname="Hyde.Framework.Testing.Feature.Services.HydeSmartDocsTest" file="/home/runner/work/develop/develop/packages/framework/tests/Feature/Services/HydeSmartDocsTest.php" line="23" assertions="2" time="0.026766"/>
        <testcase name="test_class_can_handle_document_with_no_header" class="Hyde\Framework\Testing\Feature\Services\HydeSmartDocsTest" classname="Hyde.Framework.Testing.Feature.Services.HydeSmartDocsTest" file="/home/runner/work/develop/develop/packages/framework/tests/Feature/Services/HydeSmartDocsTest.php" line="31" assertions="2" time="0.027435"/>
        <testcase name="test_class_can_handle_document_with_only_header" class="Hyde\Framework\Testing\Feature\Services\HydeSmartDocsTest" classname="Hyde.Framework.Testing.Feature.Services.HydeSmartDocsTest" file="/home/runner/work/develop/develop/packages/framework/tests/Feature/Services/HydeSmartDocsTest.php" line="39" assertions="2" time="0.027230"/>
        <testcase name="test_class_can_handle_empty_document" class="Hyde\Framework\Testing\Feature\Services\HydeSmartDocsTest" classname="Hyde.Framework.Testing.Feature.Services.HydeSmartDocsTest" file="/home/runner/work/develop/develop/packages/framework/tests/Feature/Services/HydeSmartDocsTest.php" line="47" assertions="2" time="0.026967"/>
        <testcase name="test_create_helper_creates_new_instance_and_processes_it" class="Hyde\Framework\Testing\Feature\Services\HydeSmartDocsTest" classname="Hyde.Framework.Testing.Feature.Services.HydeSmartDocsTest" file="/home/runner/work/develop/develop/packages/framework/tests/Feature/Services/HydeSmartDocsTest.php" line="55" assertions="2" time="0.027657"/>
        <testcase name="test_render_header_returns_the_extracted_header" class="Hyde\Framework\Testing\Feature\Services\HydeSmartDocsTest" classname="Hyde.Framework.Testing.Feature.Services.HydeSmartDocsTest" file="/home/runner/work/develop/develop/packages/framework/tests/Feature/Services/HydeSmartDocsTest.php" line="67" assertions="1" time="0.027893"/>
        <testcase name="test_render_header_returns_the_extracted_header_with_varying_newlines" class="Hyde\Framework\Testing\Feature\Services\HydeSmartDocsTest" classname="Hyde.Framework.Testing.Feature.Services.HydeSmartDocsTest" file="/home/runner/work/develop/develop/packages/framework/tests/Feature/Services/HydeSmartDocsTest.php" line="75" assertions="3" time="0.043301"/>
        <testcase name="test_render_body_returns_the_extracted_body" class="Hyde\Framework\Testing\Feature\Services\HydeSmartDocsTest" classname="Hyde.Framework.Testing.Feature.Services.HydeSmartDocsTest" file="/home/runner/work/develop/develop/packages/framework/tests/Feature/Services/HydeSmartDocsTest.php" line="91" assertions="1" time="0.027896"/>
        <testcase name="test_render_body_returns_the_extracted_body_with_varying_newlines" class="Hyde\Framework\Testing\Feature\Services\HydeSmartDocsTest" classname="Hyde.Framework.Testing.Feature.Services.HydeSmartDocsTest" file="/home/runner/work/develop/develop/packages/framework/tests/Feature/Services/HydeSmartDocsTest.php" line="99" assertions="3" time="0.036429"/>
        <testcase name="test_render_footer_is_empty_by_default" class="Hyde\Framework\Testing\Feature\Services\HydeSmartDocsTest" classname="Hyde.Framework.Testing.Feature.Services.HydeSmartDocsTest" file="/home/runner/work/develop/develop/packages/framework/tests/Feature/Services/HydeSmartDocsTest.php" line="115" assertions="1" time="0.027762"/>
        <testcase name="test_add_dynamic_header_content_adds_source_link_when_conditions_are_met" class="Hyde\Framework\Testing\Feature\Services\HydeSmartDocsTest" classname="Hyde.Framework.Testing.Feature.Services.HydeSmartDocsTest" file="/home/runner/work/develop/develop/packages/framework/tests/Feature/Services/HydeSmartDocsTest.php" line="123" assertions="1" time="0.028963"/>
        <testcase name="test_edit_source_link_is_added_to_footer_when_conditions_are_met" class="Hyde\Framework\Testing\Feature\Services\HydeSmartDocsTest" classname="Hyde.Framework.Testing.Feature.Services.HydeSmartDocsTest" file="/home/runner/work/develop/develop/packages/framework/tests/Feature/Services/HydeSmartDocsTest.php" line="133" assertions="1" time="0.028627"/>
        <testcase name="test_edit_source_link_can_be_added_to_both_header_and_footer" class="Hyde\Framework\Testing\Feature\Services\HydeSmartDocsTest" classname="Hyde.Framework.Testing.Feature.Services.HydeSmartDocsTest" file="/home/runner/work/develop/develop/packages/framework/tests/Feature/Services/HydeSmartDocsTest.php" line="143" assertions="2" time="0.028789"/>
        <testcase name="test_edit_source_link_text_can_be_customized_in_header" class="Hyde\Framework\Testing\Feature\Services\HydeSmartDocsTest" classname="Hyde.Framework.Testing.Feature.Services.HydeSmartDocsTest" file="/home/runner/work/develop/develop/packages/framework/tests/Feature/Services/HydeSmartDocsTest.php" line="159" assertions="1" time="0.028884"/>
        <testcase name="test_edit_source_link_text_can_be_customized_in_footer" class="Hyde\Framework\Testing\Feature\Services\HydeSmartDocsTest" classname="Hyde.Framework.Testing.Feature.Services.HydeSmartDocsTest" file="/home/runner/work/develop/develop/packages/framework/tests/Feature/Services/HydeSmartDocsTest.php" line="170" assertions="1" time="0.028762"/>
        <testcase name="test_add_dynamic_footer_content_adds_torchlight_attribution_when_conditions_are_met" class="Hyde\Framework\Testing\Feature\Services\HydeSmartDocsTest" classname="Hyde.Framework.Testing.Feature.Services.HydeSmartDocsTest" file="/home/runner/work/develop/develop/packages/framework/tests/Feature/Services/HydeSmartDocsTest.php" line="181" assertions="1" time="0.029605"/>
        <testcase name="test_the_documentation_article_view" class="Hyde\Framework\Testing\Feature\Services\HydeSmartDocsTest" classname="Hyde.Framework.Testing.Feature.Services.HydeSmartDocsTest" file="/home/runner/work/develop/develop/packages/framework/tests/Feature/Services/HydeSmartDocsTest.php" line="191" assertions="2" time="0.028289"/>
      </testsuite>
      <testsuite name="Hyde\Framework\Testing\Feature\Services\Markdown\CodeblockFilepathProcessorTest" file="/home/runner/work/develop/develop/packages/framework/tests/Feature/Services/Markdown/CodeblockFilepathProcessorTest.php" tests="11" assertions="26" errors="0" warnings="0" failures="0" skipped="0" time="0.247480">
        <testcase name="test_preprocess_expands_filepath" class="Hyde\Framework\Testing\Feature\Services\Markdown\CodeblockFilepathProcessorTest" classname="Hyde.Framework.Testing.Feature.Services.Markdown.CodeblockFilepathProcessorTest" file="/home/runner/work/develop/develop/packages/framework/tests/Feature/Services/Markdown/CodeblockFilepathProcessorTest.php" line="15" assertions="1" time="0.021373"/>
        <testcase name="test_preprocess_accepts_multiple_filepath_formats" class="Hyde\Framework\Testing\Feature\Services\Markdown\CodeblockFilepathProcessorTest" classname="Hyde.Framework.Testing.Feature.Services.Markdown.CodeblockFilepathProcessorTest" file="/home/runner/work/develop/develop/packages/framework/tests/Feature/Services/Markdown/CodeblockFilepathProcessorTest.php" line="23" assertions="8" time="0.022668"/>
        <testcase name="test_filepath_pattern_is_case_insensitive" class="Hyde\Framework\Testing\Feature\Services\Markdown\CodeblockFilepathProcessorTest" classname="Hyde.Framework.Testing.Feature.Services.Markdown.CodeblockFilepathProcessorTest" file="/home/runner/work/develop/develop/packages/framework/tests/Feature/Services/Markdown/CodeblockFilepathProcessorTest.php" line="44" assertions="4" time="0.022324"/>
        <testcase name="test_preprocess_accepts_multiple_languages" class="Hyde\Framework\Testing\Feature\Services\Markdown\CodeblockFilepathProcessorTest" classname="Hyde.Framework.Testing.Feature.Services.Markdown.CodeblockFilepathProcessorTest" file="/home/runner/work/develop/develop/packages/framework/tests/Feature/Services/Markdown/CodeblockFilepathProcessorTest.php" line="61" assertions="6" time="0.022548"/>
        <testcase name="test_preprocess_accepts_multiple_input_blocks" class="Hyde\Framework\Testing\Feature\Services\Markdown\CodeblockFilepathProcessorTest" classname="Hyde.Framework.Testing.Feature.Services.Markdown.CodeblockFilepathProcessorTest" file="/home/runner/work/develop/develop/packages/framework/tests/Feature/Services/Markdown/CodeblockFilepathProcessorTest.php" line="81" assertions="1" time="0.022259"/>
        <testcase name="test_preprocess_accepts_multi_line_codeblocks" class="Hyde\Framework\Testing\Feature\Services\Markdown\CodeblockFilepathProcessorTest" classname="Hyde.Framework.Testing.Feature.Services.Markdown.CodeblockFilepathProcessorTest" file="/home/runner/work/develop/develop/packages/framework/tests/Feature/Services/Markdown/CodeblockFilepathProcessorTest.php" line="112" assertions="1" time="0.022248"/>
        <testcase name="test_space_after_filepath_is_optional" class="Hyde\Framework\Testing\Feature\Services\Markdown\CodeblockFilepathProcessorTest" classname="Hyde.Framework.Testing.Feature.Services.Markdown.CodeblockFilepathProcessorTest" file="/home/runner/work/develop/develop/packages/framework/tests/Feature/Services/Markdown/CodeblockFilepathProcessorTest.php" line="137" assertions="1" time="0.022237"/>
        <testcase name="test_processor_expands_filepath_directive_in_standard_codeblock" class="Hyde\Framework\Testing\Feature\Services\Markdown\CodeblockFilepathProcessorTest" classname="Hyde.Framework.Testing.Feature.Services.Markdown.CodeblockFilepathProcessorTest" file="/home/runner/work/develop/develop/packages/framework/tests/Feature/Services/Markdown/CodeblockFilepathProcessorTest.php" line="160" assertions="1" time="0.023108"/>
        <testcase name="test_processor_expands_filepath_directive_in_torchlight_codeblock" class="Hyde\Framework\Testing\Feature\Services\Markdown\CodeblockFilepathProcessorTest" classname="Hyde.Framework.Testing.Feature.Services.Markdown.CodeblockFilepathProcessorTest" file="/home/runner/work/develop/develop/packages/framework/tests/Feature/Services/Markdown/CodeblockFilepathProcessorTest.php" line="174" assertions="1" time="0.023018"/>
        <testcase name="test_processor_escapes_html_by_default" class="Hyde\Framework\Testing\Feature\Services\Markdown\CodeblockFilepathProcessorTest" classname="Hyde.Framework.Testing.Feature.Services.Markdown.CodeblockFilepathProcessorTest" file="/home/runner/work/develop/develop/packages/framework/tests/Feature/Services/Markdown/CodeblockFilepathProcessorTest.php" line="188" assertions="1" time="0.022889"/>
        <testcase name="test_processor_does_not_escape_html_if_configured" class="Hyde\Framework\Testing\Feature\Services\Markdown\CodeblockFilepathProcessorTest" classname="Hyde.Framework.Testing.Feature.Services.Markdown.CodeblockFilepathProcessorTest" file="/home/runner/work/develop/develop/packages/framework/tests/Feature/Services/Markdown/CodeblockFilepathProcessorTest.php" line="203" assertions="1" time="0.022807"/>
      </testsuite>
      <testsuite name="Hyde\Framework\Testing\Feature\Services\Markdown\ShortcodeProcessorTest" file="/home/runner/work/develop/develop/packages/framework/tests/Feature/Services/Markdown/ShortcodeProcessorTest.php" tests="5" assertions="7" errors="0" warnings="0" failures="0" skipped="0" time="0.005292">
        <testcase name="test_constructor_discovers_default_shortcodes" class="Hyde\Framework\Testing\Feature\Services\Markdown\ShortcodeProcessorTest" classname="Hyde.Framework.Testing.Feature.Services.Markdown.ShortcodeProcessorTest" file="/home/runner/work/develop/develop/packages/framework/tests/Feature/Services/Markdown/ShortcodeProcessorTest.php" line="16" assertions="2" time="0.000507"/>
        <testcase name="test_discovered_shortcodes_are_used_to_process_input" class="Hyde\Framework\Testing\Feature\Services\Markdown\ShortcodeProcessorTest" classname="Hyde.Framework.Testing.Feature.Services.Markdown.ShortcodeProcessorTest" file="/home/runner/work/develop/develop/packages/framework/tests/Feature/Services/Markdown/ShortcodeProcessorTest.php" line="24" assertions="1" time="0.001794"/>
        <testcase name="test_string_without_shortcode_is_not_modified" class="Hyde\Framework\Testing\Feature\Services\Markdown\ShortcodeProcessorTest" classname="Hyde.Framework.Testing.Feature.Services.Markdown.ShortcodeProcessorTest" file="/home/runner/work/develop/develop/packages/framework/tests/Feature/Services/Markdown/ShortcodeProcessorTest.php" line="32" assertions="1" time="0.000684"/>
        <testcase name="test_process_static_shorthand" class="Hyde\Framework\Testing\Feature\Services\Markdown\ShortcodeProcessorTest" classname="Hyde.Framework.Testing.Feature.Services.Markdown.ShortcodeProcessorTest" file="/home/runner/work/develop/develop/packages/framework/tests/Feature/Services/Markdown/ShortcodeProcessorTest.php" line="39" assertions="1" time="0.001662"/>
        <testcase name="test_shortcodes_can_be_added_to_processor" class="Hyde\Framework\Testing\Feature\Services\Markdown\ShortcodeProcessorTest" classname="Hyde.Framework.Testing.Feature.Services.Markdown.ShortcodeProcessorTest" file="/home/runner/work/develop/develop/packages/framework/tests/Feature/Services/Markdown/ShortcodeProcessorTest.php" line="45" assertions="2" time="0.000645"/>
      </testsuite>
      <testsuite name="Hyde\Framework\Testing\Feature\Services\RssFeedServiceTest" file="/home/runner/work/develop/develop/packages/framework/tests/Feature/Services/RssFeedServiceTest.php" tests="12" assertions="35" errors="0" warnings="0" failures="0" skipped="0" time="0.298078">
        <testcase name="test_service_instantiates_xml_element" class="Hyde\Framework\Testing\Feature\Services\RssFeedServiceTest" classname="Hyde.Framework.Testing.Feature.Services.RssFeedServiceTest" file="/home/runner/work/develop/develop/packages/framework/tests/Feature/Services/RssFeedServiceTest.php" line="19" assertions="1" time="0.021927"/>
        <testcase name="test_xml_root_element_is_set_to_rss_2_0" class="Hyde\Framework\Testing\Feature\Services\RssFeedServiceTest" classname="Hyde.Framework.Testing.Feature.Services.RssFeedServiceTest" file="/home/runner/work/develop/develop/packages/framework/tests/Feature/Services/RssFeedServiceTest.php" line="25" assertions="2" time="0.022326"/>
        <testcase name="test_xml_element_has_channel_element" class="Hyde\Framework\Testing\Feature\Services\RssFeedServiceTest" classname="Hyde.Framework.Testing.Feature.Services.RssFeedServiceTest" file="/home/runner/work/develop/develop/packages/framework/tests/Feature/Services/RssFeedServiceTest.php" line="32" assertions="1" time="0.028221"/>
        <testcase name="test_xml_channel_element_has_required_elements" class="Hyde\Framework\Testing\Feature\Services\RssFeedServiceTest" classname="Hyde.Framework.Testing.Feature.Services.RssFeedServiceTest" file="/home/runner/work/develop/develop/packages/framework/tests/Feature/Services/RssFeedServiceTest.php" line="38" assertions="6" time="0.022550"/>
        <testcase name="test_xml_channel_element_has_additional_elements" class="Hyde\Framework\Testing\Feature\Services\RssFeedServiceTest" classname="Hyde.Framework.Testing.Feature.Services.RssFeedServiceTest" file="/home/runner/work/develop/develop/packages/framework/tests/Feature/Services/RssFeedServiceTest.php" line="54" assertions="6" time="0.022459"/>
        <testcase name="test_xml_channel_data_can_be_customized" class="Hyde\Framework\Testing\Feature\Services\RssFeedServiceTest" classname="Hyde.Framework.Testing.Feature.Services.RssFeedServiceTest" file="/home/runner/work/develop/develop/packages/framework/tests/Feature/Services/RssFeedServiceTest.php" line="69" assertions="3" time="0.022758"/>
        <testcase name="test_markdown_blog_posts_are_added_to_rss_feed_through_autodiscovery" class="Hyde\Framework\Testing\Feature\Services\RssFeedServiceTest" classname="Hyde.Framework.Testing.Feature.Services.RssFeedServiceTest" file="/home/runner/work/develop/develop/packages/framework/tests/Feature/Services/RssFeedServiceTest.php" line="81" assertions="11" time="0.033695"/>
        <testcase name="test_get_xml_method_returns_xml_string" class="Hyde\Framework\Testing\Feature\Services\RssFeedServiceTest" classname="Hyde.Framework.Testing.Feature.Services.RssFeedServiceTest" file="/home/runner/work/develop/develop/packages/framework/tests/Feature/Services/RssFeedServiceTest.php" line="124" assertions="1" time="0.022811"/>
        <testcase name="test_generate_feed_helper_returns_xml_string" class="Hyde\Framework\Testing\Feature\Services\RssFeedServiceTest" classname="Hyde.Framework.Testing.Feature.Services.RssFeedServiceTest" file="/home/runner/work/develop/develop/packages/framework/tests/Feature/Services/RssFeedServiceTest.php" line="130" assertions="1" time="0.026546"/>
        <testcase name="test_can_generate_feed_helper_returns_true_if_hyde_has_base_url" class="Hyde\Framework\Testing\Feature\Services\RssFeedServiceTest" classname="Hyde.Framework.Testing.Feature.Services.RssFeedServiceTest" file="/home/runner/work/develop/develop/packages/framework/tests/Feature/Services/RssFeedServiceTest.php" line="135" assertions="1" time="0.028965"/>
        <testcase name="test_can_generate_feed_helper_returns_false_if_hyde_does_not_have_base_url" class="Hyde\Framework\Testing\Feature\Services\RssFeedServiceTest" classname="Hyde.Framework.Testing.Feature.Services.RssFeedServiceTest" file="/home/runner/work/develop/develop/packages/framework/tests/Feature/Services/RssFeedServiceTest.php" line="142" assertions="1" time="0.023217"/>
        <testcase name="test_can_generate_feed_helper_returns_false_if_feeds_are_disabled_in_config" class="Hyde\Framework\Testing\Feature\Services\RssFeedServiceTest" classname="Hyde.Framework.Testing.Feature.Services.RssFeedServiceTest" file="/home/runner/work/develop/develop/packages/framework/tests/Feature/Services/RssFeedServiceTest.php" line="149" assertions="1" time="0.022604"/>
      </testsuite>
      <testsuite name="Hyde\Framework\Testing\Feature\Services\SitemapServiceTest" file="/home/runner/work/develop/develop/packages/framework/tests/Feature/Services/SitemapServiceTest.php" tests="10" assertions="19" errors="0" warnings="0" failures="0" skipped="0" time="0.284787">
        <testcase name="test_service_instantiates_xml_element" class="Hyde\Framework\Testing\Feature\Services\SitemapServiceTest" classname="Hyde.Framework.Testing.Feature.Services.SitemapServiceTest" file="/home/runner/work/develop/develop/packages/framework/tests/Feature/Services/SitemapServiceTest.php" line="29" assertions="1" time="0.022089"/>
        <testcase name="test_generate_adds_default_pages_to_xml" class="Hyde\Framework\Testing\Feature\Services\SitemapServiceTest" classname="Hyde.Framework.Testing.Feature.Services.SitemapServiceTest" file="/home/runner/work/develop/develop/packages/framework/tests/Feature/Services/SitemapServiceTest.php" line="35" assertions="1" time="0.027426"/>
        <testcase name="test_generate_adds_markdown_pages_to_xml" class="Hyde\Framework\Testing\Feature\Services\SitemapServiceTest" classname="Hyde.Framework.Testing.Feature.Services.SitemapServiceTest" file="/home/runner/work/develop/develop/packages/framework/tests/Feature/Services/SitemapServiceTest.php" line="44" assertions="1" time="0.029228"/>
        <testcase name="test_generate_adds_markdown_posts_to_xml" class="Hyde\Framework\Testing\Feature\Services\SitemapServiceTest" classname="Hyde.Framework.Testing.Feature.Services.SitemapServiceTest" file="/home/runner/work/develop/develop/packages/framework/tests/Feature/Services/SitemapServiceTest.php" line="56" assertions="1" time="0.029855"/>
        <testcase name="test_generate_adds_documentation_pages_to_xml" class="Hyde\Framework\Testing\Feature\Services\SitemapServiceTest" classname="Hyde.Framework.Testing.Feature.Services.SitemapServiceTest" file="/home/runner/work/develop/develop/packages/framework/tests/Feature/Services/SitemapServiceTest.php" line="68" assertions="1" time="0.029356"/>
        <testcase name="test_get_xml_returns_xml_string" class="Hyde\Framework\Testing\Feature\Services\SitemapServiceTest" classname="Hyde.Framework.Testing.Feature.Services.SitemapServiceTest" file="/home/runner/work/develop/develop/packages/framework/tests/Feature/Services/SitemapServiceTest.php" line="80" assertions="2" time="0.027677"/>
        <testcase name="test_generate_sitemap_shorthand_method_returns_xml_string" class="Hyde\Framework\Testing\Feature\Services\SitemapServiceTest" classname="Hyde.Framework.Testing.Feature.Services.SitemapServiceTest" file="/home/runner/work/develop/develop/packages/framework/tests/Feature/Services/SitemapServiceTest.php" line="90" assertions="2" time="0.027504"/>
        <testcase name="test_url_item_is_generated_correctly" class="Hyde\Framework\Testing\Feature\Services\SitemapServiceTest" classname="Hyde.Framework.Testing.Feature.Services.SitemapServiceTest" file="/home/runner/work/develop/develop/packages/framework/tests/Feature/Services/SitemapServiceTest.php" line="98" assertions="3" time="0.028909"/>
        <testcase name="test_url_item_is_generated_with_pretty_urls_if_enabled" class="Hyde\Framework\Testing\Feature\Services\SitemapServiceTest" classname="Hyde.Framework.Testing.Feature.Services.SitemapServiceTest" file="/home/runner/work/develop/develop/packages/framework/tests/Feature/Services/SitemapServiceTest.php" line="115" assertions="1" time="0.029088"/>
        <testcase name="test_all_route_types_are_discovered" class="Hyde\Framework\Testing\Feature\Services\SitemapServiceTest" classname="Hyde.Framework.Testing.Feature.Services.SitemapServiceTest" file="/home/runner/work/develop/develop/packages/framework/tests/Feature/Services/SitemapServiceTest.php" line="130" assertions="6" time="0.033654"/>
      </testsuite>
      <testsuite name="Hyde\Framework\Testing\Feature\Services\ValidationServiceTest" file="/home/runner/work/develop/develop/packages/framework/tests/Feature/Services/ValidationServiceTest.php" tests="24" assertions="63" errors="0" warnings="0" failures="0" skipped="0" time="0.576286">
        <testcase name="test_checks_returns_an_array_of_validation_check_methods" class="Hyde\Framework\Testing\Feature\Services\ValidationServiceTest" classname="Hyde.Framework.Testing.Feature.Services.ValidationServiceTest" file="/home/runner/work/develop/develop/packages/framework/tests/Feature/Services/ValidationServiceTest.php" line="40" assertions="17" time="0.021787"/>
        <testcase name="test_check_validators_can_run" class="Hyde\Framework\Testing\Feature\Services\ValidationServiceTest" classname="Hyde.Framework.Testing.Feature.Services.ValidationServiceTest" file="/home/runner/work/develop/develop/packages/framework/tests/Feature/Services/ValidationServiceTest.php" line="52" assertions="2" time="0.022479"/>
        <testcase name="test_check_site_has_a_404_page_can_pass" class="Hyde\Framework\Testing\Feature\Services\ValidationServiceTest" classname="Hyde.Framework.Testing.Feature.Services.ValidationServiceTest" file="/home/runner/work/develop/develop/packages/framework/tests/Feature/Services/ValidationServiceTest.php" line="57" assertions="2" time="0.022441"/>
        <testcase name="test_check_site_has_a_404_page_can_fail" class="Hyde\Framework\Testing\Feature\Services\ValidationServiceTest" classname="Hyde.Framework.Testing.Feature.Services.ValidationServiceTest" file="/home/runner/work/develop/develop/packages/framework/tests/Feature/Services/ValidationServiceTest.php" line="62" assertions="2" time="0.022583"/>
        <testcase name="test_check_documentation_site_has_an_index_page_can_pass" class="Hyde\Framework\Testing\Feature\Services\ValidationServiceTest" classname="Hyde.Framework.Testing.Feature.Services.ValidationServiceTest" file="/home/runner/work/develop/develop/packages/framework/tests/Feature/Services/ValidationServiceTest.php" line="69" assertions="2" time="0.028308"/>
        <testcase name="test_check_documentation_site_has_an_index_page_can_pass_with_warning_when_only_finding_readme" class="Hyde\Framework\Testing\Feature\Services\ValidationServiceTest" classname="Hyde.Framework.Testing.Feature.Services.ValidationServiceTest" file="/home/runner/work/develop/develop/packages/framework/tests/Feature/Services/ValidationServiceTest.php" line="76" assertions="3" time="0.029061"/>
        <testcase name="test_check_documentation_site_has_an_index_page_can_fail" class="Hyde\Framework\Testing\Feature\Services\ValidationServiceTest" classname="Hyde.Framework.Testing.Feature.Services.ValidationServiceTest" file="/home/runner/work/develop/develop/packages/framework/tests/Feature/Services/ValidationServiceTest.php" line="85" assertions="2" time="0.028555"/>
        <testcase name="test_check_documentation_site_has_an_index_page_be_skipped" class="Hyde\Framework\Testing\Feature\Services\ValidationServiceTest" classname="Hyde.Framework.Testing.Feature.Services.ValidationServiceTest" file="/home/runner/work/develop/develop/packages/framework/tests/Feature/Services/ValidationServiceTest.php" line="92" assertions="2" time="0.026753"/>
        <testcase name="test_check_site_has_an_index_page_can_pass" class="Hyde\Framework\Testing\Feature\Services\ValidationServiceTest" classname="Hyde.Framework.Testing.Feature.Services.ValidationServiceTest" file="/home/runner/work/develop/develop/packages/framework/tests/Feature/Services/ValidationServiceTest.php" line="97" assertions="2" time="0.022363"/>
        <testcase name="test_check_site_has_an_index_page_can_fail" class="Hyde\Framework\Testing\Feature\Services\ValidationServiceTest" classname="Hyde.Framework.Testing.Feature.Services.ValidationServiceTest" file="/home/runner/work/develop/develop/packages/framework/tests/Feature/Services/ValidationServiceTest.php" line="102" assertions="2" time="0.022484"/>
        <testcase name="test_check_site_has_an_app_css_stylesheet_can_pass" class="Hyde\Framework\Testing\Feature\Services\ValidationServiceTest" classname="Hyde.Framework.Testing.Feature.Services.ValidationServiceTest" file="/home/runner/work/develop/develop/packages/framework/tests/Feature/Services/ValidationServiceTest.php" line="109" assertions="2" time="0.022604"/>
        <testcase name="test_check_site_has_an_app_css_stylesheet_can_fail" class="Hyde\Framework\Testing\Feature\Services\ValidationServiceTest" classname="Hyde.Framework.Testing.Feature.Services.ValidationServiceTest" file="/home/runner/work/develop/develop/packages/framework/tests/Feature/Services/ValidationServiceTest.php" line="114" assertions="2" time="0.022947"/>
        <testcase name="test_check_site_has_a_base_url_set_can_pass" class="Hyde\Framework\Testing\Feature\Services\ValidationServiceTest" classname="Hyde.Framework.Testing.Feature.Services.ValidationServiceTest" file="/home/runner/work/develop/develop/packages/framework/tests/Feature/Services/ValidationServiceTest.php" line="121" assertions="2" time="0.022597"/>
        <testcase name="test_check_site_has_a_base_url_set_can_fail" class="Hyde\Framework\Testing\Feature\Services\ValidationServiceTest" classname="Hyde.Framework.Testing.Feature.Services.ValidationServiceTest" file="/home/runner/work/develop/develop/packages/framework/tests/Feature/Services/ValidationServiceTest.php" line="127" assertions="2" time="0.022552"/>
        <testcase name="test_check_a_torchlight_api_token_is_set_can_skip" class="Hyde\Framework\Testing\Feature\Services\ValidationServiceTest" classname="Hyde.Framework.Testing.Feature.Services.ValidationServiceTest" file="/home/runner/work/develop/develop/packages/framework/tests/Feature/Services/ValidationServiceTest.php" line="133" assertions="2" time="0.022032"/>
        <testcase name="test_check_a_torchlight_api_token_is_set_can_pass" class="Hyde\Framework\Testing\Feature\Services\ValidationServiceTest" classname="Hyde.Framework.Testing.Feature.Services.ValidationServiceTest" file="/home/runner/work/develop/develop/packages/framework/tests/Feature/Services/ValidationServiceTest.php" line="139" assertions="2" time="0.029221"/>
        <testcase name="test_check_a_torchlight_api_token_is_set_can_fail" class="Hyde\Framework\Testing\Feature\Services\ValidationServiceTest" classname="Hyde.Framework.Testing.Feature.Services.ValidationServiceTest" file="/home/runner/work/develop/develop/packages/framework/tests/Feature/Services/ValidationServiceTest.php" line="145" assertions="2" time="0.022493"/>
        <testcase name="test_check_for_conflicts_between_blade_and_markdown_pages_can_pass" class="Hyde\Framework\Testing\Feature\Services\ValidationServiceTest" classname="Hyde.Framework.Testing.Feature.Services.ValidationServiceTest" file="/home/runner/work/develop/develop/packages/framework/tests/Feature/Services/ValidationServiceTest.php" line="151" assertions="2" time="0.026656"/>
        <testcase name="test_check_for_conflicts_between_blade_and_markdown_pages_can_fail" class="Hyde\Framework\Testing\Feature\Services\ValidationServiceTest" classname="Hyde.Framework.Testing.Feature.Services.ValidationServiceTest" file="/home/runner/work/develop/develop/packages/framework/tests/Feature/Services/ValidationServiceTest.php" line="156" assertions="2" time="0.028157"/>
        <testcase name="test_validation_result_message_returns_message" class="Hyde\Framework\Testing\Feature\Services\ValidationServiceTest" classname="Hyde.Framework.Testing.Feature.Services.ValidationServiceTest" file="/home/runner/work/develop/develop/packages/framework/tests/Feature/Services/ValidationServiceTest.php" line="165" assertions="1" time="0.022236"/>
        <testcase name="test_validation_result_passed_returns_true_when_passed_is_true" class="Hyde\Framework\Testing\Feature\Services\ValidationServiceTest" classname="Hyde.Framework.Testing.Feature.Services.ValidationServiceTest" file="/home/runner/work/develop/develop/packages/framework/tests/Feature/Services/ValidationServiceTest.php" line="171" assertions="2" time="0.022013"/>
        <testcase name="test_validation_result_failed_returns_true_when_passed_is_false" class="Hyde\Framework\Testing\Feature\Services\ValidationServiceTest" classname="Hyde.Framework.Testing.Feature.Services.ValidationServiceTest" file="/home/runner/work/develop/develop/packages/framework/tests/Feature/Services/ValidationServiceTest.php" line="180" assertions="2" time="0.022035"/>
        <testcase name="test_validation_result_skipped_returns_true_when_skipped_is_true" class="Hyde\Framework\Testing\Feature\Services\ValidationServiceTest" classname="Hyde.Framework.Testing.Feature.Services.ValidationServiceTest" file="/home/runner/work/develop/develop/packages/framework/tests/Feature/Services/ValidationServiceTest.php" line="189" assertions="2" time="0.021960"/>
        <testcase name="test_validation_result_tip_returns_message_when_set" class="Hyde\Framework\Testing\Feature\Services\ValidationServiceTest" classname="Hyde.Framework.Testing.Feature.Services.ValidationServiceTest" file="/home/runner/work/develop/develop/packages/framework/tests/Feature/Services/ValidationServiceTest.php" line="197" assertions="2" time="0.021965"/>
      </testsuite>
      <testsuite name="Hyde\Framework\Testing\Feature\Services\ViewDiffServiceTest" file="/home/runner/work/develop/develop/packages/framework/tests/Feature/Services/ViewDiffServiceTest.php" tests="4" assertions="8" errors="0" warnings="0" failures="0" skipped="0" time="0.113353">
        <testcase name="test_get_filecache" class="Hyde\Framework\Testing\Feature\Services\ViewDiffServiceTest" classname="Hyde.Framework.Testing.Feature.Services.ViewDiffServiceTest" file="/home/runner/work/develop/develop/packages/framework/tests/Feature/Services/ViewDiffServiceTest.php" line="19" assertions="4" time="0.027868"/>
        <testcase name="test_get_checksums" class="Hyde\Framework\Testing\Feature\Services\ViewDiffServiceTest" classname="Hyde.Framework.Testing.Feature.Services.ViewDiffServiceTest" file="/home/runner/work/develop/develop/packages/framework/tests/Feature/Services/ViewDiffServiceTest.php" line="30" assertions="2" time="0.028366"/>
        <testcase name="test_checksum_matches_any" class="Hyde\Framework\Testing\Feature\Services\ViewDiffServiceTest" classname="Hyde.Framework.Testing.Feature.Services.ViewDiffServiceTest" file="/home/runner/work/develop/develop/packages/framework/tests/Feature/Services/ViewDiffServiceTest.php" line="39" assertions="1" time="0.028754"/>
        <testcase name="test_checksum_matches_any_false" class="Hyde\Framework\Testing\Feature\Services\ViewDiffServiceTest" classname="Hyde.Framework.Testing.Feature.Services.ViewDiffServiceTest" file="/home/runner/work/develop/develop/packages/framework/tests/Feature/Services/ViewDiffServiceTest.php" line="48" assertions="1" time="0.028365"/>
      </testsuite>
      <testsuite name="Hyde\Framework\Testing\Feature\SidebarViewTest" file="/home/runner/work/develop/develop/packages/framework/tests/Feature/SidebarViewTest.php" tests="6" assertions="56" errors="0" warnings="0" failures="0" skipped="0" time="0.198736">
        <testcase name="testBaseSidebar" class="Hyde\Framework\Testing\Feature\SidebarViewTest" classname="Hyde.Framework.Testing.Feature.SidebarViewTest" file="/home/runner/work/develop/develop/packages/framework/tests/Feature/SidebarViewTest.php" line="38" assertions="12" time="0.029494"/>
        <testcase name="testBaseSidebarWithoutFooter" class="Hyde\Framework\Testing\Feature\SidebarViewTest" classname="Hyde.Framework.Testing.Feature.SidebarViewTest" file="/home/runner/work/develop/develop/packages/framework/tests/Feature/SidebarViewTest.php" line="59" assertions="2" time="0.028797"/>
        <testcase name="testBaseSidebarCustomHeaderBrand" class="Hyde\Framework\Testing\Feature\SidebarViewTest" classname="Hyde.Framework.Testing.Feature.SidebarViewTest" file="/home/runner/work/develop/develop/packages/framework/tests/Feature/SidebarViewTest.php" line="68" assertions="4" time="0.029224"/>
        <testcase name="testBaseSidebarWithItems" class="Hyde\Framework\Testing\Feature\SidebarViewTest" classname="Hyde.Framework.Testing.Feature.SidebarViewTest" file="/home/runner/work/develop/develop/packages/framework/tests/Feature/SidebarViewTest.php" line="80" assertions="6" time="0.035670"/>
        <testcase name="testSidebarWithGroupedItems" class="Hyde\Framework\Testing\Feature\SidebarViewTest" classname="Hyde.Framework.Testing.Feature.SidebarViewTest" file="/home/runner/work/develop/develop/packages/framework/tests/Feature/SidebarViewTest.php" line="98" assertions="16" time="0.037827"/>
        <testcase name="testSidebarWithNonCollapsibleGroupedItems" class="Hyde\Framework\Testing\Feature\SidebarViewTest" classname="Hyde.Framework.Testing.Feature.SidebarViewTest" file="/home/runner/work/develop/develop/packages/framework/tests/Feature/SidebarViewTest.php" line="129" assertions="16" time="0.037723"/>
      </testsuite>
      <testsuite name="Hyde\Framework\Testing\Feature\SiteTest" file="/home/runner/work/develop/develop/packages/framework/tests/Feature/SiteTest.php" tests="4" assertions="10" errors="0" warnings="0" failures="0" skipped="0" time="0.093137">
        <testcase name="testUrl" class="Hyde\Framework\Testing\Feature\SiteTest" classname="Hyde.Framework.Testing.Feature.SiteTest" file="/home/runner/work/develop/develop/packages/framework/tests/Feature/SiteTest.php" line="16" assertions="3" time="0.021490"/>
        <testcase name="testName" class="Hyde\Framework\Testing\Feature\SiteTest" classname="Hyde.Framework.Testing.Feature.SiteTest" file="/home/runner/work/develop/develop/packages/framework/tests/Feature/SiteTest.php" line="27" assertions="3" time="0.022213"/>
        <testcase name="testLanguage" class="Hyde\Framework\Testing\Feature\SiteTest" classname="Hyde.Framework.Testing.Feature.SiteTest" file="/home/runner/work/develop/develop/packages/framework/tests/Feature/SiteTest.php" line="38" assertions="3" time="0.022217"/>
        <testcase name="testMetadata" class="Hyde\Framework\Testing\Feature\SiteTest" classname="Hyde.Framework.Testing.Feature.SiteTest" file="/home/runner/work/develop/develop/packages/framework/tests/Feature/SiteTest.php" line="49" assertions="1" time="0.027217"/>
      </testsuite>
      <testsuite name="Hyde\Framework\Testing\Feature\SourceDirectoriesCanBeChangedTest" file="/home/runner/work/develop/develop/packages/framework/tests/Feature/SourceDirectoriesCanBeChangedTest.php" tests="6" assertions="18" errors="0" warnings="0" failures="0" skipped="0" time="0.148363">
        <testcase name="test_baselines" class="Hyde\Framework\Testing\Feature\SourceDirectoriesCanBeChangedTest" classname="Hyde.Framework.Testing.Feature.SourceDirectoriesCanBeChangedTest" file="/home/runner/work/develop/develop/packages/framework/tests/Feature/SourceDirectoriesCanBeChangedTest.php" line="20" assertions="5" time="0.021456"/>
        <testcase name="test_source_directories_can_be_changed_programmatically" class="Hyde\Framework\Testing\Feature\SourceDirectoriesCanBeChangedTest" classname="Hyde.Framework.Testing.Feature.SourceDirectoriesCanBeChangedTest" file="/home/runner/work/develop/develop/packages/framework/tests/Feature/SourceDirectoriesCanBeChangedTest.php" line="29" assertions="5" time="0.022308"/>
        <testcase name="test_source_directories_can_be_changed_in_config" class="Hyde\Framework\Testing\Feature\SourceDirectoriesCanBeChangedTest" classname="Hyde.Framework.Testing.Feature.SourceDirectoriesCanBeChangedTest" file="/home/runner/work/develop/develop/packages/framework/tests/Feature/SourceDirectoriesCanBeChangedTest.php" line="44" assertions="5" time="0.023225"/>
        <testcase name="test_build_service_recognizes_changed_directory" class="Hyde\Framework\Testing\Feature\SourceDirectoriesCanBeChangedTest" classname="Hyde.Framework.Testing.Feature.SourceDirectoriesCanBeChangedTest" file="/home/runner/work/develop/develop/packages/framework/tests/Feature/SourceDirectoriesCanBeChangedTest.php" line="63" assertions="1" time="0.022044"/>
        <testcase name="test_autodiscovery_discovers_posts_in_custom_directory" class="Hyde\Framework\Testing\Feature\SourceDirectoriesCanBeChangedTest" classname="Hyde.Framework.Testing.Feature.SourceDirectoriesCanBeChangedTest" file="/home/runner/work/develop/develop/packages/framework/tests/Feature/SourceDirectoriesCanBeChangedTest.php" line="73" assertions="1" time="0.029340"/>
        <testcase name="test_autodiscovery_discovers_posts_in_custom_subdirectory" class="Hyde\Framework\Testing\Feature\SourceDirectoriesCanBeChangedTest" classname="Hyde.Framework.Testing.Feature.SourceDirectoriesCanBeChangedTest" file="/home/runner/work/develop/develop/packages/framework/tests/Feature/SourceDirectoriesCanBeChangedTest.php" line="86" assertions="1" time="0.029990"/>
      </testsuite>
      <testsuite name="Hyde\Framework\Testing\Feature\SourceFileParserTest" file="/home/runner/work/develop/develop/packages/framework/tests/Feature/SourceFileParserTest.php" tests="8" assertions="20" errors="0" warnings="0" failures="0" skipped="0" time="0.203191">
        <testcase name="test_blade_page_parser" class="Hyde\Framework\Testing\Feature\SourceFileParserTest" classname="Hyde.Framework.Testing.Feature.SourceFileParserTest" file="/home/runner/work/develop/develop/packages/framework/tests/Feature/SourceFileParserTest.php" line="20" assertions="2" time="0.023442"/>
        <testcase name="test_markdown_page_parser" class="Hyde\Framework\Testing\Feature\SourceFileParserTest" classname="Hyde.Framework.Testing.Feature.SourceFileParserTest" file="/home/runner/work/develop/develop/packages/framework/tests/Feature/SourceFileParserTest.php" line="30" assertions="4" time="0.024708"/>
        <testcase name="test_markdown_post_parser" class="Hyde\Framework\Testing\Feature\SourceFileParserTest" classname="Hyde.Framework.Testing.Feature.SourceFileParserTest" file="/home/runner/work/develop/develop/packages/framework/tests/Feature/SourceFileParserTest.php" line="42" assertions="4" time="0.025344"/>
        <testcase name="test_documentation_page_parser" class="Hyde\Framework\Testing\Feature\SourceFileParserTest" classname="Hyde.Framework.Testing.Feature.SourceFileParserTest" file="/home/runner/work/develop/develop/packages/framework/tests/Feature/SourceFileParserTest.php" line="54" assertions="4" time="0.024755"/>
        <testcase name="test_html_page_parser" class="Hyde\Framework\Testing\Feature\SourceFileParserTest" classname="Hyde.Framework.Testing.Feature.SourceFileParserTest" file="/home/runner/work/develop/develop/packages/framework/tests/Feature/SourceFileParserTest.php" line="66" assertions="3" time="0.024389"/>
        <testcase name="test_parsed_page_is_run_through_dynamic_constructor" class="Hyde\Framework\Testing\Feature\SourceFileParserTest" classname="Hyde.Framework.Testing.Feature.SourceFileParserTest" file="/home/runner/work/develop/develop/packages/framework/tests/Feature/SourceFileParserTest.php" line="77" assertions="1" time="0.024622"/>
        <testcase name="test_blade_page_data_is_parsed_to_front_matter" class="Hyde\Framework\Testing\Feature\SourceFileParserTest" classname="Hyde.Framework.Testing.Feature.SourceFileParserTest" file="/home/runner/work/develop/develop/packages/framework/tests/Feature/SourceFileParserTest.php" line="84" assertions="1" time="0.024224"/>
        <testcase name="test_blade_page_matter_is_used_for_the_page_title" class="Hyde\Framework\Testing\Feature\SourceFileParserTest" classname="Hyde.Framework.Testing.Feature.SourceFileParserTest" file="/home/runner/work/develop/develop/packages/framework/tests/Feature/SourceFileParserTest.php" line="91" assertions="1" time="0.031708"/>
      </testsuite>
      <testsuite name="Hyde\Framework\Testing\Feature\StaticPageBuilderTest" file="/home/runner/work/develop/develop/packages/framework/tests/Feature/StaticPageBuilderTest.php" tests="13" assertions="73" errors="0" warnings="0" failures="0" skipped="0" time="0.477300">
        <testcase name="test_can_build_blade_page" class="Hyde\Framework\Testing\Feature\StaticPageBuilderTest" classname="Hyde.Framework.Testing.Feature.StaticPageBuilderTest" file="/home/runner/work/develop/develop/packages/framework/tests/Feature/StaticPageBuilderTest.php" line="55" assertions="3" time="0.029844"/>
        <testcase name="test_can_build_markdown_post" class="Hyde\Framework\Testing\Feature\StaticPageBuilderTest" classname="Hyde.Framework.Testing.Feature.StaticPageBuilderTest" file="/home/runner/work/develop/develop/packages/framework/tests/Feature/StaticPageBuilderTest.php" line="70" assertions="10" time="0.039653"/>
        <testcase name="test_can_build_markdown_page" class="Hyde\Framework\Testing\Feature\StaticPageBuilderTest" classname="Hyde.Framework.Testing.Feature.StaticPageBuilderTest" file="/home/runner/work/develop/develop/packages/framework/tests/Feature/StaticPageBuilderTest.php" line="83" assertions="10" time="0.037707"/>
        <testcase name="test_can_build_documentation_page" class="Hyde\Framework\Testing\Feature\StaticPageBuilderTest" classname="Hyde.Framework.Testing.Feature.StaticPageBuilderTest" file="/home/runner/work/develop/develop/packages/framework/tests/Feature/StaticPageBuilderTest.php" line="94" assertions="10" time="0.039858"/>
        <testcase name="test_can_build_html_page" class="Hyde\Framework\Testing\Feature\StaticPageBuilderTest" classname="Hyde.Framework.Testing.Feature.StaticPageBuilderTest" file="/home/runner/work/develop/develop/packages/framework/tests/Feature/StaticPageBuilderTest.php" line="104" assertions="3" time="0.031254"/>
        <testcase name="test_can_build_nested_html_page" class="Hyde\Framework\Testing\Feature\StaticPageBuilderTest" classname="Hyde.Framework.Testing.Feature.StaticPageBuilderTest" file="/home/runner/work/develop/develop/packages/framework/tests/Feature/StaticPageBuilderTest.php" line="116" assertions="3" time="0.031346"/>
        <testcase name="test_creates_custom_documentation_directory" class="Hyde\Framework\Testing\Feature\StaticPageBuilderTest" classname="Hyde.Framework.Testing.Feature.StaticPageBuilderTest" file="/home/runner/work/develop/develop/packages/framework/tests/Feature/StaticPageBuilderTest.php" line="132" assertions="10" time="0.040824"/>
        <testcase name="test_site_directory_can_be_customized" class="Hyde\Framework\Testing\Feature\StaticPageBuilderTest" classname="Hyde.Framework.Testing.Feature.StaticPageBuilderTest" file="/home/runner/work/develop/develop/packages/framework/tests/Feature/StaticPageBuilderTest.php" line="146" assertions="10" time="0.038248"/>
        <testcase name="test_site_directory_can_be_customized_with_nested_pages" class="Hyde\Framework\Testing\Feature\StaticPageBuilderTest" classname="Hyde.Framework.Testing.Feature.StaticPageBuilderTest" file="/home/runner/work/develop/develop/packages/framework/tests/Feature/StaticPageBuilderTest.php" line="158" assertions="10" time="0.039252"/>
        <testcase name="test_can_rebuild_blade_page" class="Hyde\Framework\Testing\Feature\StaticPageBuilderTest" classname="Hyde.Framework.Testing.Feature.StaticPageBuilderTest" file="/home/runner/work/develop/develop/packages/framework/tests/Feature/StaticPageBuilderTest.php" line="170" assertions="1" time="0.030362"/>
        <testcase name="test_can_rebuild_markdown_page" class="Hyde\Framework\Testing\Feature\StaticPageBuilderTest" classname="Hyde.Framework.Testing.Feature.StaticPageBuilderTest" file="/home/runner/work/develop/develop/packages/framework/tests/Feature/StaticPageBuilderTest.php" line="179" assertions="1" time="0.039214"/>
        <testcase name="test_can_rebuild_markdown_post" class="Hyde\Framework\Testing\Feature\StaticPageBuilderTest" classname="Hyde.Framework.Testing.Feature.StaticPageBuilderTest" file="/home/runner/work/develop/develop/packages/framework/tests/Feature/StaticPageBuilderTest.php" line="188" assertions="1" time="0.040437"/>
        <testcase name="test_can_rebuild_documentation_page" class="Hyde\Framework\Testing\Feature\StaticPageBuilderTest" classname="Hyde.Framework.Testing.Feature.StaticPageBuilderTest" file="/home/runner/work/develop/develop/packages/framework/tests/Feature/StaticPageBuilderTest.php" line="197" assertions="1" time="0.039302"/>
      </testsuite>
      <testsuite name="Hyde\Framework\Testing\Feature\StaticSiteBuilderDocumentationModuleTest" file="/home/runner/work/develop/develop/packages/framework/tests/Feature/StaticSiteBuilderDocumentationModuleTest.php" tests="3" assertions="7" errors="0" warnings="0" failures="0" skipped="0" time="0.121429">
        <testcase name="test_can_create_page" class="Hyde\Framework\Testing\Feature\StaticSiteBuilderDocumentationModuleTest" classname="Hyde.Framework.Testing.Feature.StaticSiteBuilderDocumentationModuleTest" file="/home/runner/work/develop/develop/packages/framework/tests/Feature/StaticSiteBuilderDocumentationModuleTest.php" line="45" assertions="1" time="0.039249"/>
        <testcase name="test_page_contains_expected_content" class="Hyde\Framework\Testing\Feature\StaticSiteBuilderDocumentationModuleTest" classname="Hyde.Framework.Testing.Feature.StaticSiteBuilderDocumentationModuleTest" file="/home/runner/work/develop/develop/packages/framework/tests/Feature/StaticSiteBuilderDocumentationModuleTest.php" line="54" assertions="3" time="0.041907"/>
        <testcase name="test_can_compile_page_to_root_output_directory" class="Hyde\Framework\Testing\Feature\StaticSiteBuilderDocumentationModuleTest" classname="Hyde.Framework.Testing.Feature.StaticSiteBuilderDocumentationModuleTest" file="/home/runner/work/develop/develop/packages/framework/tests/Feature/StaticSiteBuilderDocumentationModuleTest.php" line="63" assertions="3" time="0.040273"/>
      </testsuite>
      <testsuite name="Hyde\Framework\Testing\Feature\StaticSiteBuilderPostModuleTest" file="/home/runner/work/develop/develop/packages/framework/tests/Feature/StaticSiteBuilderPostModuleTest.php" tests="7" assertions="38" errors="0" warnings="0" failures="0" skipped="0" time="0.290725">
        <testcase name="test_can_create_post" class="Hyde\Framework\Testing\Feature\StaticSiteBuilderPostModuleTest" classname="Hyde.Framework.Testing.Feature.StaticSiteBuilderPostModuleTest" file="/home/runner/work/develop/develop/packages/framework/tests/Feature/StaticSiteBuilderPostModuleTest.php" line="58" assertions="1" time="0.045750"/>
        <testcase name="test_post_contains_expected_content" class="Hyde\Framework\Testing\Feature\StaticSiteBuilderPostModuleTest" classname="Hyde.Framework.Testing.Feature.StaticSiteBuilderPostModuleTest" file="/home/runner/work/develop/develop/packages/framework/tests/Feature/StaticSiteBuilderPostModuleTest.php" line="65" assertions="6" time="0.040972"/>
        <testcase name="test_post_contains_expected_elements" class="Hyde\Framework\Testing\Feature\StaticSiteBuilderPostModuleTest" classname="Hyde.Framework.Testing.Feature.StaticSiteBuilderPostModuleTest" file="/home/runner/work/develop/develop/packages/framework/tests/Feature/StaticSiteBuilderPostModuleTest.php" line="77" assertions="11" time="0.040541"/>
        <testcase name="test_post_contains_expected_meta_tags" class="Hyde\Framework\Testing\Feature\StaticSiteBuilderPostModuleTest" classname="Hyde.Framework.Testing.Feature.StaticSiteBuilderPostModuleTest" file="/home/runner/work/develop/develop/packages/framework/tests/Feature/StaticSiteBuilderPostModuleTest.php" line="94" assertions="6" time="0.040715"/>
        <testcase name="test_post_contains_expected_itemprops" class="Hyde\Framework\Testing\Feature\StaticSiteBuilderPostModuleTest" classname="Hyde.Framework.Testing.Feature.StaticSiteBuilderPostModuleTest" file="/home/runner/work/develop/develop/packages/framework/tests/Feature/StaticSiteBuilderPostModuleTest.php" line="106" assertions="8" time="0.040818"/>
        <testcase name="test_post_contains_expected_aria_support" class="Hyde\Framework\Testing\Feature\StaticSiteBuilderPostModuleTest" classname="Hyde.Framework.Testing.Feature.StaticSiteBuilderPostModuleTest" file="/home/runner/work/develop/develop/packages/framework/tests/Feature/StaticSiteBuilderPostModuleTest.php" line="120" assertions="3" time="0.040569"/>
        <testcase name="test_post_image_is_resolved_relatively" class="Hyde\Framework\Testing\Feature\StaticSiteBuilderPostModuleTest" classname="Hyde.Framework.Testing.Feature.StaticSiteBuilderPostModuleTest" file="/home/runner/work/develop/develop/packages/framework/tests/Feature/StaticSiteBuilderPostModuleTest.php" line="129" assertions="3" time="0.041361"/>
      </testsuite>
      <testsuite name="Hyde\Framework\Testing\Feature\StaticSiteServiceTest" file="/home/runner/work/develop/develop/packages/framework/tests/Feature/StaticSiteServiceTest.php" tests="23" assertions="79" errors="0" warnings="0" failures="0" skipped="0" time="1.249862">
        <testcase name="test_build_command_contains_expected_output" class="Hyde\Framework\Testing\Feature\StaticSiteServiceTest" classname="Hyde.Framework.Testing.Feature.StaticSiteServiceTest" file="/home/runner/work/develop/develop/packages/framework/tests/Feature/StaticSiteServiceTest.php" line="34" assertions="4" time="0.045517"/>
        <testcase name="test_build_command_creates_html_files" class="Hyde\Framework\Testing\Feature\StaticSiteServiceTest" classname="Hyde.Framework.Testing.Feature.StaticSiteServiceTest" file="/home/runner/work/develop/develop/packages/framework/tests/Feature/StaticSiteServiceTest.php" line="43" assertions="3" time="0.060419"/>
        <testcase name="test_build_command_transfers_media_asset_files" class="Hyde\Framework\Testing\Feature\StaticSiteServiceTest" classname="Hyde.Framework.Testing.Feature.StaticSiteServiceTest" file="/home/runner/work/develop/develop/packages/framework/tests/Feature/StaticSiteServiceTest.php" line="54" assertions="3" time="0.045721"/>
        <testcase name="test_build_command_transfers_media_asset_files_recursively" class="Hyde\Framework\Testing\Feature\StaticSiteServiceTest" classname="Hyde.Framework.Testing.Feature.StaticSiteServiceTest" file="/home/runner/work/develop/develop/packages/framework/tests/Feature/StaticSiteServiceTest.php" line="63" assertions="4" time="0.047867"/>
        <testcase name="test_all_page_types_can_be_compiled" class="Hyde\Framework\Testing\Feature\StaticSiteServiceTest" classname="Hyde.Framework.Testing.Feature.StaticSiteServiceTest" file="/home/runner/work/develop/develop/packages/framework/tests/Feature/StaticSiteServiceTest.php" line="72" assertions="12" time="0.123873"/>
        <testcase name="test_only_progress_bars_for_types_with_pages_are_shown" class="Hyde\Framework\Testing\Feature\StaticSiteServiceTest" classname="Hyde.Framework.Testing.Feature.StaticSiteServiceTest" file="/home/runner/work/develop/develop/packages/framework/tests/Feature/StaticSiteServiceTest.php" line="102" assertions="9" time="0.066734"/>
        <testcase name="test_print_initial_information_allows_api_to_be_disabled" class="Hyde\Framework\Testing\Feature\StaticSiteServiceTest" classname="Hyde.Framework.Testing.Feature.StaticSiteServiceTest" file="/home/runner/work/develop/develop/packages/framework/tests/Feature/StaticSiteServiceTest.php" line="122" assertions="2" time="0.081035"/>
        <testcase name="test_node_action_outputs" class="Hyde\Framework\Testing\Feature\StaticSiteServiceTest" classname="Hyde.Framework.Testing.Feature.StaticSiteServiceTest" file="/home/runner/work/develop/develop/packages/framework/tests/Feature/StaticSiteServiceTest.php" line="129" assertions="4" time="0.055114"/>
        <testcase name="test_pretty_urls_option_output" class="Hyde\Framework\Testing\Feature\StaticSiteServiceTest" classname="Hyde.Framework.Testing.Feature.StaticSiteServiceTest" file="/home/runner/work/develop/develop/packages/framework/tests/Feature/StaticSiteServiceTest.php" line="138" assertions="2" time="0.045280"/>
        <testcase name="test_sitemap_is_not_generated_when_conditions_are_not_met" class="Hyde\Framework\Testing\Feature\StaticSiteServiceTest" classname="Hyde.Framework.Testing.Feature.StaticSiteServiceTest" file="/home/runner/work/develop/develop/packages/framework/tests/Feature/StaticSiteServiceTest.php" line="145" assertions="2" time="0.042619"/>
        <testcase name="test_sitemap_is_generated_when_conditions_are_met" class="Hyde\Framework\Testing\Feature\StaticSiteServiceTest" classname="Hyde.Framework.Testing.Feature.StaticSiteServiceTest" file="/home/runner/work/develop/develop/packages/framework/tests/Feature/StaticSiteServiceTest.php" line="155" assertions="1" time="0.043602"/>
        <testcase name="test_rss_feed_is_not_generated_when_conditions_are_not_met" class="Hyde\Framework\Testing\Feature\StaticSiteServiceTest" classname="Hyde.Framework.Testing.Feature.StaticSiteServiceTest" file="/home/runner/work/develop/develop/packages/framework/tests/Feature/StaticSiteServiceTest.php" line="166" assertions="2" time="0.042405"/>
        <testcase name="test_rss_feed_is_generated_when_conditions_are_met" class="Hyde\Framework\Testing\Feature\StaticSiteServiceTest" classname="Hyde.Framework.Testing.Feature.StaticSiteServiceTest" file="/home/runner/work/develop/develop/packages/framework/tests/Feature/StaticSiteServiceTest.php" line="176" assertions="1" time="0.059871"/>
        <testcase name="test_does_not_generate_search_files_when_conditions_are_not_met" class="Hyde\Framework\Testing\Feature\StaticSiteServiceTest" classname="Hyde.Framework.Testing.Feature.StaticSiteServiceTest" file="/home/runner/work/develop/develop/packages/framework/tests/Feature/StaticSiteServiceTest.php" line="191" assertions="3" time="0.044756"/>
        <testcase name="test_generates_search_files_when_conditions_are_met" class="Hyde\Framework\Testing\Feature\StaticSiteServiceTest" classname="Hyde.Framework.Testing.Feature.StaticSiteServiceTest" file="/home/runner/work/develop/develop/packages/framework/tests/Feature/StaticSiteServiceTest.php" line="199" assertions="1" time="0.073788"/>
        <testcase name="test_site_directory_is_emptied_before_build" class="Hyde\Framework\Testing\Feature\StaticSiteServiceTest" classname="Hyde.Framework.Testing.Feature.StaticSiteServiceTest" file="/home/runner/work/develop/develop/packages/framework/tests/Feature/StaticSiteServiceTest.php" line="211" assertions="3" time="0.045125"/>
        <testcase name="test_output_directory_is_not_emptied_if_disabled_in_config" class="Hyde\Framework\Testing\Feature\StaticSiteServiceTest" classname="Hyde.Framework.Testing.Feature.StaticSiteServiceTest" file="/home/runner/work/develop/develop/packages/framework/tests/Feature/StaticSiteServiceTest.php" line="220" assertions="3" time="0.044310"/>
        <testcase name="test_aborts_when_non_standard_directory_is_emptied" class="Hyde\Framework\Testing\Feature\StaticSiteServiceTest" classname="Hyde.Framework.Testing.Feature.StaticSiteServiceTest" file="/home/runner/work/develop/develop/packages/framework/tests/Feature/StaticSiteServiceTest.php" line="233" assertions="5" time="0.045583"/>
        <testcase name="test_without_warnings" class="Hyde\Framework\Testing\Feature\StaticSiteServiceTest" classname="Hyde.Framework.Testing.Feature.StaticSiteServiceTest" file="/home/runner/work/develop/develop/packages/framework/tests/Feature/StaticSiteServiceTest.php" line="250" assertions="2" time="0.044753"/>
        <testcase name="test_with_warnings" class="Hyde\Framework\Testing\Feature\StaticSiteServiceTest" classname="Hyde.Framework.Testing.Feature.StaticSiteServiceTest" file="/home/runner/work/develop/develop/packages/framework/tests/Feature/StaticSiteServiceTest.php" line="257" assertions="3" time="0.045935"/>
        <testcase name="test_with_warnings_and_verbose" class="Hyde\Framework\Testing\Feature\StaticSiteServiceTest" classname="Hyde.Framework.Testing.Feature.StaticSiteServiceTest" file="/home/runner/work/develop/develop/packages/framework/tests/Feature/StaticSiteServiceTest.php" line="267" assertions="4" time="0.046814"/>
        <testcase name="test_with_warnings_but_warnings_are_disabled" class="Hyde\Framework\Testing\Feature\StaticSiteServiceTest" classname="Hyde.Framework.Testing.Feature.StaticSiteServiceTest" file="/home/runner/work/develop/develop/packages/framework/tests/Feature/StaticSiteServiceTest.php" line="278" assertions="2" time="0.044862"/>
        <testcase name="test_with_warnings_converted_to_exceptions" class="Hyde\Framework\Testing\Feature\StaticSiteServiceTest" classname="Hyde.Framework.Testing.Feature.StaticSiteServiceTest" file="/home/runner/work/develop/develop/packages/framework/tests/Feature/StaticSiteServiceTest.php" line="288" assertions="4" time="0.053878"/>
      </testsuite>
      <testsuite name="Hyde\Framework\Testing\Feature\Support\MediaFileTest" file="/home/runner/work/develop/develop/packages/framework/tests/Feature/Support/MediaFileTest.php" tests="25" assertions="32" errors="0" warnings="0" failures="0" skipped="0" time="0.582348">
        <testcase name="test_can_construct" class="Hyde\Framework\Testing\Feature\Support\MediaFileTest" classname="Hyde.Framework.Testing.Feature.Support.MediaFileTest" file="/home/runner/work/develop/develop/packages/framework/tests/Feature/Support/MediaFileTest.php" line="18" assertions="2" time="0.021919"/>
        <testcase name="test_can_construct_with_nested_paths" class="Hyde\Framework\Testing\Feature\Support\MediaFileTest" classname="Hyde.Framework.Testing.Feature.Support.MediaFileTest" file="/home/runner/work/develop/develop/packages/framework/tests/Feature/Support/MediaFileTest.php" line="30" assertions="1" time="0.022497"/>
        <testcase name="test_absolute_path_is_normalized_to_relative" class="Hyde\Framework\Testing\Feature\Support\MediaFileTest" classname="Hyde.Framework.Testing.Feature.Support.MediaFileTest" file="/home/runner/work/develop/develop/packages/framework/tests/Feature/Support/MediaFileTest.php" line="35" assertions="1" time="0.022396"/>
        <testcase name="test_get_name_returns_name_of_file" class="Hyde\Framework\Testing\Feature\Support\MediaFileTest" classname="Hyde.Framework.Testing.Feature.Support.MediaFileTest" file="/home/runner/work/develop/develop/packages/framework/tests/Feature/Support/MediaFileTest.php" line="40" assertions="2" time="0.022300"/>
        <testcase name="test_get_path_returns_path_of_file" class="Hyde\Framework\Testing\Feature\Support\MediaFileTest" classname="Hyde.Framework.Testing.Feature.Support.MediaFileTest" file="/home/runner/work/develop/develop/packages/framework/tests/Feature/Support/MediaFileTest.php" line="46" assertions="2" time="0.022360"/>
        <testcase name="test_get_absolute_path_returns_absolute_path_of_file" class="Hyde\Framework\Testing\Feature\Support\MediaFileTest" classname="Hyde.Framework.Testing.Feature.Support.MediaFileTest" file="/home/runner/work/develop/develop/packages/framework/tests/Feature/Support/MediaFileTest.php" line="52" assertions="2" time="0.022707"/>
        <testcase name="test_get_contents_returns_contents_of_file" class="Hyde\Framework\Testing\Feature\Support\MediaFileTest" classname="Hyde.Framework.Testing.Feature.Support.MediaFileTest" file="/home/runner/work/develop/develop/packages/framework/tests/Feature/Support/MediaFileTest.php" line="58" assertions="1" time="0.030129"/>
        <testcase name="test_get_extension_returns_extension_of_file" class="Hyde\Framework\Testing\Feature\Support\MediaFileTest" classname="Hyde.Framework.Testing.Feature.Support.MediaFileTest" file="/home/runner/work/develop/develop/packages/framework/tests/Feature/Support/MediaFileTest.php" line="64" assertions="2" time="0.023863"/>
        <testcase name="test_to_array_returns_array_of_file_properties" class="Hyde\Framework\Testing\Feature\Support\MediaFileTest" classname="Hyde.Framework.Testing.Feature.Support.MediaFileTest" file="/home/runner/work/develop/develop/packages/framework/tests/Feature/Support/MediaFileTest.php" line="73" assertions="1" time="0.023295"/>
        <testcase name="test_to_array_with_empty_file_with_no_extension" class="Hyde\Framework\Testing\Feature\Support\MediaFileTest" classname="Hyde.Framework.Testing.Feature.Support.MediaFileTest" file="/home/runner/work/develop/develop/packages/framework/tests/Feature/Support/MediaFileTest.php" line="85" assertions="1" time="0.025186"/>
        <testcase name="test_to_array_with_file_in_subdirectory" class="Hyde\Framework\Testing\Feature\Support\MediaFileTest" classname="Hyde.Framework.Testing.Feature.Support.MediaFileTest" file="/home/runner/work/develop/develop/packages/framework/tests/Feature/Support/MediaFileTest.php" line="96" assertions="1" time="0.023076"/>
        <testcase name="test_getContentLength" class="Hyde\Framework\Testing\Feature\Support\MediaFileTest" classname="Hyde.Framework.Testing.Feature.Support.MediaFileTest" file="/home/runner/work/develop/develop/packages/framework/tests/Feature/Support/MediaFileTest.php" line="110" assertions="1" time="0.023195"/>
        <testcase name="test_getContentLength_with_empty_file" class="Hyde\Framework\Testing\Feature\Support\MediaFileTest" classname="Hyde.Framework.Testing.Feature.Support.MediaFileTest" file="/home/runner/work/develop/develop/packages/framework/tests/Feature/Support/MediaFileTest.php" line="116" assertions="1" time="0.022827"/>
        <testcase name="test_getContentLength_with_directory" class="Hyde\Framework\Testing\Feature\Support\MediaFileTest" classname="Hyde.Framework.Testing.Feature.Support.MediaFileTest" file="/home/runner/work/develop/develop/packages/framework/tests/Feature/Support/MediaFileTest.php" line="122" assertions="2" time="0.023246"/>
        <testcase name="test_getContentLength_with_non_existent_file" class="Hyde\Framework\Testing\Feature\Support\MediaFileTest" classname="Hyde.Framework.Testing.Feature.Support.MediaFileTest" file="/home/runner/work/develop/develop/packages/framework/tests/Feature/Support/MediaFileTest.php" line="131" assertions="2" time="0.022584"/>
        <testcase name="test_getMimeType" class="Hyde\Framework\Testing\Feature\Support\MediaFileTest" classname="Hyde.Framework.Testing.Feature.Support.MediaFileTest" file="/home/runner/work/develop/develop/packages/framework/tests/Feature/Support/MediaFileTest.php" line="138" assertions="1" time="0.022974"/>
        <testcase name="test_getMimeType_without_extension" class="Hyde\Framework\Testing\Feature\Support\MediaFileTest" classname="Hyde.Framework.Testing.Feature.Support.MediaFileTest" file="/home/runner/work/develop/develop/packages/framework/tests/Feature/Support/MediaFileTest.php" line="144" assertions="1" time="0.024303"/>
        <testcase name="test_getMimeType_with_empty_file" class="Hyde\Framework\Testing\Feature\Support\MediaFileTest" classname="Hyde.Framework.Testing.Feature.Support.MediaFileTest" file="/home/runner/work/develop/develop/packages/framework/tests/Feature/Support/MediaFileTest.php" line="150" assertions="1" time="0.023636"/>
        <testcase name="test_getMimeType_with_directory" class="Hyde\Framework\Testing\Feature\Support\MediaFileTest" classname="Hyde.Framework.Testing.Feature.Support.MediaFileTest" file="/home/runner/work/develop/develop/packages/framework/tests/Feature/Support/MediaFileTest.php" line="156" assertions="1" time="0.023359"/>
        <testcase name="test_getMimeType_with_non_existent_file" class="Hyde\Framework\Testing\Feature\Support\MediaFileTest" classname="Hyde.Framework.Testing.Feature.Support.MediaFileTest" file="/home/runner/work/develop/develop/packages/framework/tests/Feature/Support/MediaFileTest.php" line="162" assertions="1" time="0.022536"/>
        <testcase name="test_all_helper_returns_all_media_files" class="Hyde\Framework\Testing\Feature\Support\MediaFileTest" classname="Hyde.Framework.Testing.Feature.Support.MediaFileTest" file="/home/runner/work/develop/develop/packages/framework/tests/Feature/Support/MediaFileTest.php" line="167" assertions="1" time="0.022800"/>
        <testcase name="test_all_helper_does_not_include_non_media_files" class="Hyde\Framework\Testing\Feature\Support\MediaFileTest" classname="Hyde.Framework.Testing.Feature.Support.MediaFileTest" file="/home/runner/work/develop/develop/packages/framework/tests/Feature/Support/MediaFileTest.php" line="174" assertions="1" time="0.023368"/>
        <testcase name="test_files_helper" class="Hyde\Framework\Testing\Feature\Support\MediaFileTest" classname="Hyde.Framework.Testing.Feature.Support.MediaFileTest" file="/home/runner/work/develop/develop/packages/framework/tests/Feature/Support/MediaFileTest.php" line="182" assertions="1" time="0.023103"/>
        <testcase name="testGetIdentifier" class="Hyde\Framework\Testing\Feature\Support\MediaFileTest" classname="Hyde.Framework.Testing.Feature.Support.MediaFileTest" file="/home/runner/work/develop/develop/packages/framework/tests/Feature/Support/MediaFileTest.php" line="187" assertions="1" time="0.022385"/>
        <testcase name="testGetIdentifierWithSubdirectory" class="Hyde\Framework\Testing\Feature\Support\MediaFileTest" classname="Hyde.Framework.Testing.Feature.Support.MediaFileTest" file="/home/runner/work/develop/develop/packages/framework/tests/Feature/Support/MediaFileTest.php" line="192" assertions="1" time="0.022303"/>
      </testsuite>
      <testsuite name="Hyde\Framework\Testing\Feature\Support\ProjectFileTest" file="/home/runner/work/develop/develop/packages/framework/tests/Feature/Support/ProjectFileTest.php" tests="11" assertions="16" errors="0" warnings="0" failures="0" skipped="0" time="0.248628">
        <testcase name="test_can_construct" class="Hyde\Framework\Testing\Feature\Support\ProjectFileTest" classname="Hyde.Framework.Testing.Feature.Support.ProjectFileTest" file="/home/runner/work/develop/develop/packages/framework/tests/Feature/Support/ProjectFileTest.php" line="17" assertions="2" time="0.022088"/>
        <testcase name="test_can_construct_with_nested_paths" class="Hyde\Framework\Testing\Feature\Support\ProjectFileTest" classname="Hyde.Framework.Testing.Feature.Support.ProjectFileTest" file="/home/runner/work/develop/develop/packages/framework/tests/Feature/Support/ProjectFileTest.php" line="29" assertions="1" time="0.022231"/>
        <testcase name="test_absolute_path_is_normalized_to_relative" class="Hyde\Framework\Testing\Feature\Support\ProjectFileTest" classname="Hyde.Framework.Testing.Feature.Support.ProjectFileTest" file="/home/runner/work/develop/develop/packages/framework/tests/Feature/Support/ProjectFileTest.php" line="34" assertions="1" time="0.022378"/>
        <testcase name="test_get_name_returns_name_of_file" class="Hyde\Framework\Testing\Feature\Support\ProjectFileTest" classname="Hyde.Framework.Testing.Feature.Support.ProjectFileTest" file="/home/runner/work/develop/develop/packages/framework/tests/Feature/Support/ProjectFileTest.php" line="39" assertions="2" time="0.022161"/>
        <testcase name="test_get_path_returns_path_of_file" class="Hyde\Framework\Testing\Feature\Support\ProjectFileTest" classname="Hyde.Framework.Testing.Feature.Support.ProjectFileTest" file="/home/runner/work/develop/develop/packages/framework/tests/Feature/Support/ProjectFileTest.php" line="45" assertions="2" time="0.022185"/>
        <testcase name="test_get_absolute_path_returns_absolute_path_of_file" class="Hyde\Framework\Testing\Feature\Support\ProjectFileTest" classname="Hyde.Framework.Testing.Feature.Support.ProjectFileTest" file="/home/runner/work/develop/develop/packages/framework/tests/Feature/Support/ProjectFileTest.php" line="51" assertions="2" time="0.022625"/>
        <testcase name="test_get_contents_returns_contents_of_file" class="Hyde\Framework\Testing\Feature\Support\ProjectFileTest" classname="Hyde.Framework.Testing.Feature.Support.ProjectFileTest" file="/home/runner/work/develop/develop/packages/framework/tests/Feature/Support/ProjectFileTest.php" line="57" assertions="1" time="0.022976"/>
        <testcase name="test_get_extension_returns_extension_of_file" class="Hyde\Framework\Testing\Feature\Support\ProjectFileTest" classname="Hyde.Framework.Testing.Feature.Support.ProjectFileTest" file="/home/runner/work/develop/develop/packages/framework/tests/Feature/Support/ProjectFileTest.php" line="63" assertions="2" time="0.023548"/>
        <testcase name="test_to_array_returns_array_of_file_properties" class="Hyde\Framework\Testing\Feature\Support\ProjectFileTest" classname="Hyde.Framework.Testing.Feature.Support.ProjectFileTest" file="/home/runner/work/develop/develop/packages/framework/tests/Feature/Support/ProjectFileTest.php" line="72" assertions="1" time="0.022981"/>
        <testcase name="test_to_array_with_empty_file_with_no_extension" class="Hyde\Framework\Testing\Feature\Support\ProjectFileTest" classname="Hyde.Framework.Testing.Feature.Support.ProjectFileTest" file="/home/runner/work/develop/develop/packages/framework/tests/Feature/Support/ProjectFileTest.php" line="82" assertions="1" time="0.022785"/>
        <testcase name="test_to_array_with_file_in_subdirectory" class="Hyde\Framework\Testing\Feature\Support\ProjectFileTest" classname="Hyde.Framework.Testing.Feature.Support.ProjectFileTest" file="/home/runner/work/develop/develop/packages/framework/tests/Feature/Support/ProjectFileTest.php" line="91" assertions="1" time="0.022670"/>
      </testsuite>
      <testsuite name="Hyde\Framework\Testing\Feature\Support\SourceFileTest" file="/home/runner/work/develop/develop/packages/framework/tests/Feature/Support/SourceFileTest.php" tests="13" assertions="21" errors="0" warnings="0" failures="0" skipped="0" time="0.300739">
        <testcase name="test_can_construct" class="Hyde\Framework\Testing\Feature\Support\SourceFileTest" classname="Hyde.Framework.Testing.Feature.Support.SourceFileTest" file="/home/runner/work/develop/develop/packages/framework/tests/Feature/Support/SourceFileTest.php" line="19" assertions="3" time="0.021810"/>
        <testcase name="test_can_construct_with_model_class" class="Hyde\Framework\Testing\Feature\Support\SourceFileTest" classname="Hyde.Framework.Testing.Feature.Support.SourceFileTest" file="/home/runner/work/develop/develop/packages/framework/tests/Feature/Support/SourceFileTest.php" line="28" assertions="3" time="0.022619"/>
        <testcase name="test_can_make_with_model_class" class="Hyde\Framework\Testing\Feature\Support\SourceFileTest" classname="Hyde.Framework.Testing.Feature.Support.SourceFileTest" file="/home/runner/work/develop/develop/packages/framework/tests/Feature/Support/SourceFileTest.php" line="42" assertions="1" time="0.022448"/>
        <testcase name="test_can_construct_with_nested_paths" class="Hyde\Framework\Testing\Feature\Support\SourceFileTest" classname="Hyde.Framework.Testing.Feature.Support.SourceFileTest" file="/home/runner/work/develop/develop/packages/framework/tests/Feature/Support/SourceFileTest.php" line="48" assertions="1" time="0.022212"/>
        <testcase name="test_absolute_path_is_normalized_to_relative" class="Hyde\Framework\Testing\Feature\Support\SourceFileTest" classname="Hyde.Framework.Testing.Feature.Support.SourceFileTest" file="/home/runner/work/develop/develop/packages/framework/tests/Feature/Support/SourceFileTest.php" line="53" assertions="1" time="0.022247"/>
        <testcase name="test_get_name_returns_name_of_file" class="Hyde\Framework\Testing\Feature\Support\SourceFileTest" classname="Hyde.Framework.Testing.Feature.Support.SourceFileTest" file="/home/runner/work/develop/develop/packages/framework/tests/Feature/Support/SourceFileTest.php" line="58" assertions="2" time="0.022152"/>
        <testcase name="test_get_path_returns_path_of_file" class="Hyde\Framework\Testing\Feature\Support\SourceFileTest" classname="Hyde.Framework.Testing.Feature.Support.SourceFileTest" file="/home/runner/work/develop/develop/packages/framework/tests/Feature/Support/SourceFileTest.php" line="64" assertions="2" time="0.022160"/>
        <testcase name="test_get_absolute_path_returns_absolute_path_of_file" class="Hyde\Framework\Testing\Feature\Support\SourceFileTest" classname="Hyde.Framework.Testing.Feature.Support.SourceFileTest" file="/home/runner/work/develop/develop/packages/framework/tests/Feature/Support/SourceFileTest.php" line="70" assertions="2" time="0.022354"/>
        <testcase name="test_get_contents_returns_contents_of_file" class="Hyde\Framework\Testing\Feature\Support\SourceFileTest" classname="Hyde.Framework.Testing.Feature.Support.SourceFileTest" file="/home/runner/work/develop/develop/packages/framework/tests/Feature/Support/SourceFileTest.php" line="76" assertions="1" time="0.030440"/>
        <testcase name="test_get_extension_returns_extension_of_file" class="Hyde\Framework\Testing\Feature\Support\SourceFileTest" classname="Hyde.Framework.Testing.Feature.Support.SourceFileTest" file="/home/runner/work/develop/develop/packages/framework/tests/Feature/Support/SourceFileTest.php" line="82" assertions="2" time="0.023652"/>
        <testcase name="test_to_array_returns_array_of_file_properties" class="Hyde\Framework\Testing\Feature\Support\SourceFileTest" classname="Hyde.Framework.Testing.Feature.Support.SourceFileTest" file="/home/runner/work/develop/develop/packages/framework/tests/Feature/Support/SourceFileTest.php" line="91" assertions="1" time="0.023060"/>
        <testcase name="test_to_array_with_empty_file_with_no_extension" class="Hyde\Framework\Testing\Feature\Support\SourceFileTest" classname="Hyde.Framework.Testing.Feature.Support.SourceFileTest" file="/home/runner/work/develop/develop/packages/framework/tests/Feature/Support/SourceFileTest.php" line="102" assertions="1" time="0.022847"/>
        <testcase name="test_to_array_with_file_in_subdirectory" class="Hyde\Framework\Testing\Feature\Support\SourceFileTest" classname="Hyde.Framework.Testing.Feature.Support.SourceFileTest" file="/home/runner/work/develop/develop/packages/framework/tests/Feature/Support/SourceFileTest.php" line="112" assertions="1" time="0.022741"/>
      </testsuite>
      <testsuite name="Hyde\Framework\Testing\Feature\TypedConfigFacadeTest" file="/home/runner/work/develop/develop/packages/framework/tests/Feature/TypedConfigFacadeTest.php" tests="26" assertions="27" errors="0" warnings="0" failures="0" skipped="0" time="0.575422">
        <testcase name="testGetArray" class="Hyde\Framework\Testing\Feature\TypedConfigFacadeTest" classname="Hyde.Framework.Testing.Feature.TypedConfigFacadeTest" file="/home/runner/work/develop/develop/packages/framework/tests/Feature/TypedConfigFacadeTest.php" line="18" assertions="1" time="0.021618"/>
        <testcase name="testGetString" class="Hyde\Framework\Testing\Feature\TypedConfigFacadeTest" classname="Hyde.Framework.Testing.Feature.TypedConfigFacadeTest" file="/home/runner/work/develop/develop/packages/framework/tests/Feature/TypedConfigFacadeTest.php" line="24" assertions="1" time="0.022172"/>
        <testcase name="testGetBool" class="Hyde\Framework\Testing\Feature\TypedConfigFacadeTest" classname="Hyde.Framework.Testing.Feature.TypedConfigFacadeTest" file="/home/runner/work/develop/develop/packages/framework/tests/Feature/TypedConfigFacadeTest.php" line="30" assertions="1" time="0.022101"/>
        <testcase name="testGetInt" class="Hyde\Framework\Testing\Feature\TypedConfigFacadeTest" classname="Hyde.Framework.Testing.Feature.TypedConfigFacadeTest" file="/home/runner/work/develop/develop/packages/framework/tests/Feature/TypedConfigFacadeTest.php" line="36" assertions="1" time="0.022137"/>
        <testcase name="testGetFloat" class="Hyde\Framework\Testing\Feature\TypedConfigFacadeTest" classname="Hyde.Framework.Testing.Feature.TypedConfigFacadeTest" file="/home/runner/work/develop/develop/packages/framework/tests/Feature/TypedConfigFacadeTest.php" line="42" assertions="1" time="0.022217"/>
        <testcase name="testGetArrayWithDefaultValue" class="Hyde\Framework\Testing\Feature\TypedConfigFacadeTest" classname="Hyde.Framework.Testing.Feature.TypedConfigFacadeTest" file="/home/runner/work/develop/develop/packages/framework/tests/Feature/TypedConfigFacadeTest.php" line="48" assertions="1" time="0.022101"/>
        <testcase name="testGetStringWithDefaultValue" class="Hyde\Framework\Testing\Feature\TypedConfigFacadeTest" classname="Hyde.Framework.Testing.Feature.TypedConfigFacadeTest" file="/home/runner/work/develop/develop/packages/framework/tests/Feature/TypedConfigFacadeTest.php" line="53" assertions="1" time="0.022040"/>
        <testcase name="testGetBoolWithDefaultValue" class="Hyde\Framework\Testing\Feature\TypedConfigFacadeTest" classname="Hyde.Framework.Testing.Feature.TypedConfigFacadeTest" file="/home/runner/work/develop/develop/packages/framework/tests/Feature/TypedConfigFacadeTest.php" line="58" assertions="1" time="0.022055"/>
        <testcase name="testGetIntWithDefaultValue" class="Hyde\Framework\Testing\Feature\TypedConfigFacadeTest" classname="Hyde.Framework.Testing.Feature.TypedConfigFacadeTest" file="/home/runner/work/develop/develop/packages/framework/tests/Feature/TypedConfigFacadeTest.php" line="63" assertions="1" time="0.022192"/>
        <testcase name="testGetFloatWithDefaultValue" class="Hyde\Framework\Testing\Feature\TypedConfigFacadeTest" classname="Hyde.Framework.Testing.Feature.TypedConfigFacadeTest" file="/home/runner/work/develop/develop/packages/framework/tests/Feature/TypedConfigFacadeTest.php" line="68" assertions="1" time="0.022099"/>
        <testcase name="testGetArrayWithStrictMode" class="Hyde\Framework\Testing\Feature\TypedConfigFacadeTest" classname="Hyde.Framework.Testing.Feature.TypedConfigFacadeTest" file="/home/runner/work/develop/develop/packages/framework/tests/Feature/TypedConfigFacadeTest.php" line="73" assertions="1" time="0.022059"/>
        <testcase name="testGetStringWithStrictMode" class="Hyde\Framework\Testing\Feature\TypedConfigFacadeTest" classname="Hyde.Framework.Testing.Feature.TypedConfigFacadeTest" file="/home/runner/work/develop/develop/packages/framework/tests/Feature/TypedConfigFacadeTest.php" line="78" assertions="1" time="0.022100"/>
        <testcase name="testGetBoolWithStrictMode" class="Hyde\Framework\Testing\Feature\TypedConfigFacadeTest" classname="Hyde.Framework.Testing.Feature.TypedConfigFacadeTest" file="/home/runner/work/develop/develop/packages/framework/tests/Feature/TypedConfigFacadeTest.php" line="83" assertions="1" time="0.022168"/>
        <testcase name="testGetIntWithStrictMode" class="Hyde\Framework\Testing\Feature\TypedConfigFacadeTest" classname="Hyde.Framework.Testing.Feature.TypedConfigFacadeTest" file="/home/runner/work/develop/develop/packages/framework/tests/Feature/TypedConfigFacadeTest.php" line="88" assertions="1" time="0.022238"/>
        <testcase name="testGetFloatWithStrictMode" class="Hyde\Framework\Testing\Feature\TypedConfigFacadeTest" classname="Hyde.Framework.Testing.Feature.TypedConfigFacadeTest" file="/home/runner/work/develop/develop/packages/framework/tests/Feature/TypedConfigFacadeTest.php" line="93" assertions="1" time="0.022366"/>
        <testcase name="testGetArrayWithFailingStrictMode" class="Hyde\Framework\Testing\Feature\TypedConfigFacadeTest" classname="Hyde.Framework.Testing.Feature.TypedConfigFacadeTest" file="/home/runner/work/develop/develop/packages/framework/tests/Feature/TypedConfigFacadeTest.php" line="98" assertions="1" time="0.022188"/>
        <testcase name="testGetStringWithFailingStrictMode" class="Hyde\Framework\Testing\Feature\TypedConfigFacadeTest" classname="Hyde.Framework.Testing.Feature.TypedConfigFacadeTest" file="/home/runner/work/develop/develop/packages/framework/tests/Feature/TypedConfigFacadeTest.php" line="104" assertions="1" time="0.022278"/>
        <testcase name="testGetBoolWithFailingStrictMode" class="Hyde\Framework\Testing\Feature\TypedConfigFacadeTest" classname="Hyde.Framework.Testing.Feature.TypedConfigFacadeTest" file="/home/runner/work/develop/develop/packages/framework/tests/Feature/TypedConfigFacadeTest.php" line="110" assertions="1" time="0.022240"/>
        <testcase name="testGetIntWithFailingStrictMode" class="Hyde\Framework\Testing\Feature\TypedConfigFacadeTest" classname="Hyde.Framework.Testing.Feature.TypedConfigFacadeTest" file="/home/runner/work/develop/develop/packages/framework/tests/Feature/TypedConfigFacadeTest.php" line="116" assertions="1" time="0.022014"/>
        <testcase name="testGetFloatWithFailingStrictMode" class="Hyde\Framework\Testing\Feature\TypedConfigFacadeTest" classname="Hyde.Framework.Testing.Feature.TypedConfigFacadeTest" file="/home/runner/work/develop/develop/packages/framework/tests/Feature/TypedConfigFacadeTest.php" line="122" assertions="1" time="0.022018"/>
        <testcase name="testGetArrayWithArray" class="Hyde\Framework\Testing\Feature\TypedConfigFacadeTest" classname="Hyde.Framework.Testing.Feature.TypedConfigFacadeTest" file="/home/runner/work/develop/develop/packages/framework/tests/Feature/TypedConfigFacadeTest.php" line="128" assertions="1" time="0.022209"/>
        <testcase name="testGetStringWithString" class="Hyde\Framework\Testing\Feature\TypedConfigFacadeTest" classname="Hyde.Framework.Testing.Feature.TypedConfigFacadeTest" file="/home/runner/work/develop/develop/packages/framework/tests/Feature/TypedConfigFacadeTest.php" line="133" assertions="1" time="0.022274"/>
        <testcase name="testGetBoolWithBool" class="Hyde\Framework\Testing\Feature\TypedConfigFacadeTest" classname="Hyde.Framework.Testing.Feature.TypedConfigFacadeTest" file="/home/runner/work/develop/develop/packages/framework/tests/Feature/TypedConfigFacadeTest.php" line="138" assertions="1" time="0.022135"/>
        <testcase name="testGetIntWithInt" class="Hyde\Framework\Testing\Feature\TypedConfigFacadeTest" classname="Hyde.Framework.Testing.Feature.TypedConfigFacadeTest" file="/home/runner/work/develop/develop/packages/framework/tests/Feature/TypedConfigFacadeTest.php" line="143" assertions="1" time="0.022230"/>
        <testcase name="testGetFloatWithFloat" class="Hyde\Framework\Testing\Feature\TypedConfigFacadeTest" classname="Hyde.Framework.Testing.Feature.TypedConfigFacadeTest" file="/home/runner/work/develop/develop/packages/framework/tests/Feature/TypedConfigFacadeTest.php" line="148" assertions="1" time="0.022188"/>
        <testcase name="testGetNullableString" class="Hyde\Framework\Testing\Feature\TypedConfigFacadeTest" classname="Hyde.Framework.Testing.Feature.TypedConfigFacadeTest" file="/home/runner/work/develop/develop/packages/framework/tests/Feature/TypedConfigFacadeTest.php" line="153" assertions="2" time="0.021983"/>
      </testsuite>
    </testsuite>
    <testsuite name="UnitFramework" tests="838" assertions="1219" errors="0" warnings="0" failures="0" skipped="0" time="6.950212">
      <testsuite name="Hyde\Framework\Testing\Unit\AssetServiceUnitTest" file="/home/runner/work/develop/develop/packages/framework/tests/Unit/AssetServiceUnitTest.php" tests="15" assertions="21" errors="0" warnings="0" failures="0" skipped="0" time="0.012863">
        <testcase name="testVersionStringConstant" class="Hyde\Framework\Testing\Unit\AssetServiceUnitTest" classname="Hyde.Framework.Testing.Unit.AssetServiceUnitTest" file="/home/runner/work/develop/develop/packages/framework/tests/Unit/AssetServiceUnitTest.php" line="24" assertions="1" time="0.000542"/>
        <testcase name="testServiceHasVersionString" class="Hyde\Framework\Testing\Unit\AssetServiceUnitTest" classname="Hyde.Framework.Testing.Unit.AssetServiceUnitTest" file="/home/runner/work/develop/develop/packages/framework/tests/Unit/AssetServiceUnitTest.php" line="29" assertions="1" time="0.000785"/>
        <testcase name="testVersionStringDefaultsToConstant" class="Hyde\Framework\Testing\Unit\AssetServiceUnitTest" classname="Hyde.Framework.Testing.Unit.AssetServiceUnitTest" file="/home/runner/work/develop/develop/packages/framework/tests/Unit/AssetServiceUnitTest.php" line="34" assertions="1" time="0.000804"/>
        <testcase name="testVersionCanBeSetInConfig" class="Hyde\Framework\Testing\Unit\AssetServiceUnitTest" classname="Hyde.Framework.Testing.Unit.AssetServiceUnitTest" file="/home/runner/work/develop/develop/packages/framework/tests/Unit/AssetServiceUnitTest.php" line="39" assertions="1" time="0.000909"/>
        <testcase name="testCdnPatternConstant" class="Hyde\Framework\Testing\Unit\AssetServiceUnitTest" classname="Hyde.Framework.Testing.Unit.AssetServiceUnitTest" file="/home/runner/work/develop/develop/packages/framework/tests/Unit/AssetServiceUnitTest.php" line="45" assertions="1" time="0.000727"/>
        <testcase name="testCanSetCustomCdnUrlInConfig" class="Hyde\Framework\Testing\Unit\AssetServiceUnitTest" classname="Hyde.Framework.Testing.Unit.AssetServiceUnitTest" file="/home/runner/work/develop/develop/packages/framework/tests/Unit/AssetServiceUnitTest.php" line="50" assertions="1" time="0.000843"/>
        <testcase name="testCanUseCustomCdnUrlWithVersion" class="Hyde\Framework\Testing\Unit\AssetServiceUnitTest" classname="Hyde.Framework.Testing.Unit.AssetServiceUnitTest" file="/home/runner/work/develop/develop/packages/framework/tests/Unit/AssetServiceUnitTest.php" line="56" assertions="1" time="0.000875"/>
        <testcase name="testCanUseCustomCdnUrlWithFile" class="Hyde\Framework\Testing\Unit\AssetServiceUnitTest" classname="Hyde.Framework.Testing.Unit.AssetServiceUnitTest" file="/home/runner/work/develop/develop/packages/framework/tests/Unit/AssetServiceUnitTest.php" line="62" assertions="1" time="0.000860"/>
        <testcase name="testCanUseCustomCdnUrlWithVersionAndFile" class="Hyde\Framework\Testing\Unit\AssetServiceUnitTest" classname="Hyde.Framework.Testing.Unit.AssetServiceUnitTest" file="/home/runner/work/develop/develop/packages/framework/tests/Unit/AssetServiceUnitTest.php" line="68" assertions="1" time="0.000878"/>
        <testcase name="testCanUseCustomCdnUrlWithCustomVersion" class="Hyde\Framework\Testing\Unit\AssetServiceUnitTest" classname="Hyde.Framework.Testing.Unit.AssetServiceUnitTest" file="/home/runner/work/develop/develop/packages/framework/tests/Unit/AssetServiceUnitTest.php" line="74" assertions="1" time="0.000831"/>
        <testcase name="testCdnLinkHelper" class="Hyde\Framework\Testing\Unit\AssetServiceUnitTest" classname="Hyde.Framework.Testing.Unit.AssetServiceUnitTest" file="/home/runner/work/develop/develop/packages/framework/tests/Unit/AssetServiceUnitTest.php" line="83" assertions="1" time="0.000729"/>
        <testcase name="testHasMediaFileHelper" class="Hyde\Framework\Testing\Unit\AssetServiceUnitTest" classname="Hyde.Framework.Testing.Unit.AssetServiceUnitTest" file="/home/runner/work/develop/develop/packages/framework/tests/Unit/AssetServiceUnitTest.php" line="91" assertions="1" time="0.000914"/>
        <testcase name="testHasMediaFileHelperReturnsTrueForExistingFile" class="Hyde\Framework\Testing\Unit\AssetServiceUnitTest" classname="Hyde.Framework.Testing.Unit.AssetServiceUnitTest" file="/home/runner/work/develop/develop/packages/framework/tests/Unit/AssetServiceUnitTest.php" line="96" assertions="1" time="0.000917"/>
        <testcase name="testInjectTailwindConfigReturnsExtractedTailwindConfig" class="Hyde\Framework\Testing\Unit\AssetServiceUnitTest" classname="Hyde.Framework.Testing.Unit.AssetServiceUnitTest" file="/home/runner/work/develop/develop/packages/framework/tests/Unit/AssetServiceUnitTest.php" line="101" assertions="6" time="0.001092"/>
        <testcase name="testInjectTailwindConfigHandlesMissingConfigFileGracefully" class="Hyde\Framework\Testing\Unit\AssetServiceUnitTest" classname="Hyde.Framework.Testing.Unit.AssetServiceUnitTest" file="/home/runner/work/develop/develop/packages/framework/tests/Unit/AssetServiceUnitTest.php" line="112" assertions="2" time="0.001159"/>
      </testsuite>
      <testsuite name="Hyde\Framework\Testing\Unit\BaseFoundationCollectionTest" file="/home/runner/work/develop/develop/packages/framework/tests/Unit/BaseFoundationCollectionTest.php" tests="4" assertions="8" errors="0" warnings="0" failures="0" skipped="0" time="0.002352">
        <testcase name="test_init" class="Hyde\Framework\Testing\Unit\BaseFoundationCollectionTest" classname="Hyde.Framework.Testing.Unit.BaseFoundationCollectionTest" file="/home/runner/work/develop/develop/packages/framework/tests/Unit/BaseFoundationCollectionTest.php" line="18" assertions="4" time="0.000520"/>
        <testcase name="test_exceptions_are_caught_and_rethrown_as_runtime_exceptions" class="Hyde\Framework\Testing\Unit\BaseFoundationCollectionTest" classname="Hyde.Framework.Testing.Unit.BaseFoundationCollectionTest" file="/home/runner/work/develop/develop/packages/framework/tests/Unit/BaseFoundationCollectionTest.php" line="31" assertions="1" time="0.000639"/>
        <testcase name="test_exceptions_are_caught_and_rethrown_with_helpful_information" class="Hyde\Framework\Testing\Unit\BaseFoundationCollectionTest" classname="Hyde.Framework.Testing.Unit.BaseFoundationCollectionTest" file="/home/runner/work/develop/develop/packages/framework/tests/Unit/BaseFoundationCollectionTest.php" line="37" assertions="1" time="0.000597"/>
        <testcase name="test_can_get_previous_exception" class="Hyde\Framework\Testing\Unit\BaseFoundationCollectionTest" classname="Hyde.Framework.Testing.Unit.BaseFoundationCollectionTest" file="/home/runner/work/develop/develop/packages/framework/tests/Unit/BaseFoundationCollectionTest.php" line="43" assertions="2" time="0.000596"/>
      </testsuite>
      <testsuite name="Hyde\Framework\Testing\Unit\BlogPostFrontMatterIsOptionalTest" file="/home/runner/work/develop/develop/packages/framework/tests/Unit/BlogPostFrontMatterIsOptionalTest.php" tests="2" assertions="2" errors="0" warnings="0" failures="0" skipped="0" time="0.083160">
        <testcase name="test_blog_post_can_be_created_without_front_matter" class="Hyde\Framework\Testing\Unit\BlogPostFrontMatterIsOptionalTest" classname="Hyde.Framework.Testing.Unit.BlogPostFrontMatterIsOptionalTest" file="/home/runner/work/develop/develop/packages/framework/tests/Unit/BlogPostFrontMatterIsOptionalTest.php" line="16" assertions="1" time="0.038839"/>
        <testcase name="test_blog_post_feed_can_be_rendered_when_post_has_no_front_matter" class="Hyde\Framework\Testing\Unit\BlogPostFrontMatterIsOptionalTest" classname="Hyde.Framework.Testing.Unit.BlogPostFrontMatterIsOptionalTest" file="/home/runner/work/develop/develop/packages/framework/tests/Unit/BlogPostFrontMatterIsOptionalTest.php" line="28" assertions="1" time="0.044321"/>
      </testsuite>
      <testsuite name="Hyde\Framework\Testing\Unit\BreadcrumbsComponentTest" file="/home/runner/work/develop/develop/packages/framework/tests/Unit/BreadcrumbsComponentTest.php" tests="13" assertions="13" errors="0" warnings="0" failures="0" skipped="0" time="0.051060">
        <testcase name="testCanConstruct" class="Hyde\Framework\Testing\Unit\BreadcrumbsComponentTest" classname="Hyde.Framework.Testing.Unit.BreadcrumbsComponentTest" file="/home/runner/work/develop/develop/packages/framework/tests/Unit/BreadcrumbsComponentTest.php" line="36" assertions="1" time="0.004450"/>
        <testcase name="testCanRender" class="Hyde\Framework\Testing\Unit\BreadcrumbsComponentTest" classname="Hyde.Framework.Testing.Unit.BreadcrumbsComponentTest" file="/home/runner/work/develop/develop/packages/framework/tests/Unit/BreadcrumbsComponentTest.php" line="43" assertions="1" time="0.018123"/>
        <testcase name="testCanGenerateBreadcrumbs" class="Hyde\Framework\Testing\Unit\BreadcrumbsComponentTest" classname="Hyde.Framework.Testing.Unit.BreadcrumbsComponentTest" file="/home/runner/work/develop/develop/packages/framework/tests/Unit/BreadcrumbsComponentTest.php" line="58" assertions="1" time="0.002478"/>
        <testcase name="testCanGenerateBreadcrumbsForIndexPage" class="Hyde\Framework\Testing\Unit\BreadcrumbsComponentTest" classname="Hyde.Framework.Testing.Unit.BreadcrumbsComponentTest" file="/home/runner/work/develop/develop/packages/framework/tests/Unit/BreadcrumbsComponentTest.php" line="65" assertions="1" time="0.002377"/>
        <testcase name="testCanGenerateBreadcrumbsForRootPage" class="Hyde\Framework\Testing\Unit\BreadcrumbsComponentTest" classname="Hyde.Framework.Testing.Unit.BreadcrumbsComponentTest" file="/home/runner/work/develop/develop/packages/framework/tests/Unit/BreadcrumbsComponentTest.php" line="72" assertions="1" time="0.002504"/>
        <testcase name="testCanGenerateBreadcrumbsForNestedPage" class="Hyde\Framework\Testing\Unit\BreadcrumbsComponentTest" classname="Hyde.Framework.Testing.Unit.BreadcrumbsComponentTest" file="/home/runner/work/develop/develop/packages/framework/tests/Unit/BreadcrumbsComponentTest.php" line="79" assertions="1" time="0.002661"/>
        <testcase name="testCanGenerateBreadcrumbsForVeryNestedPage" class="Hyde\Framework\Testing\Unit\BreadcrumbsComponentTest" classname="Hyde.Framework.Testing.Unit.BreadcrumbsComponentTest" file="/home/runner/work/develop/develop/packages/framework/tests/Unit/BreadcrumbsComponentTest.php" line="86" assertions="1" time="0.003035"/>
        <testcase name="testCanGenerateBreadcrumbsForNestedPageWithIndex" class="Hyde\Framework\Testing\Unit\BreadcrumbsComponentTest" classname="Hyde.Framework.Testing.Unit.BreadcrumbsComponentTest" file="/home/runner/work/develop/develop/packages/framework/tests/Unit/BreadcrumbsComponentTest.php" line="100" assertions="1" time="0.002664"/>
        <testcase name="testCanGenerateBreadcrumbsForIndexPageWithPrettyUrls" class="Hyde\Framework\Testing\Unit\BreadcrumbsComponentTest" classname="Hyde.Framework.Testing.Unit.BreadcrumbsComponentTest" file="/home/runner/work/develop/develop/packages/framework/tests/Unit/BreadcrumbsComponentTest.php" line="107" assertions="1" time="0.002439"/>
        <testcase name="testCanGenerateBreadcrumbsForNestedPageWithPrettyUrls" class="Hyde\Framework\Testing\Unit\BreadcrumbsComponentTest" classname="Hyde.Framework.Testing.Unit.BreadcrumbsComponentTest" file="/home/runner/work/develop/develop/packages/framework/tests/Unit/BreadcrumbsComponentTest.php" line="115" assertions="1" time="0.002704"/>
        <testcase name="testCanGenerateBreadcrumbsForNestedPageWithIndexWithPrettyUrls" class="Hyde\Framework\Testing\Unit\BreadcrumbsComponentTest" classname="Hyde.Framework.Testing.Unit.BreadcrumbsComponentTest" file="/home/runner/work/develop/develop/packages/framework/tests/Unit/BreadcrumbsComponentTest.php" line="123" assertions="1" time="0.002724"/>
        <testcase name="testTitleGenerationWithKebabCaseUrl" class="Hyde\Framework\Testing\Unit\BreadcrumbsComponentTest" classname="Hyde.Framework.Testing.Unit.BreadcrumbsComponentTest" file="/home/runner/work/develop/develop/packages/framework/tests/Unit/BreadcrumbsComponentTest.php" line="131" assertions="1" time="0.002456"/>
        <testcase name="testTitleGenerationWithSnakeCaseUrl" class="Hyde\Framework\Testing\Unit\BreadcrumbsComponentTest" classname="Hyde.Framework.Testing.Unit.BreadcrumbsComponentTest" file="/home/runner/work/develop/develop/packages/framework/tests/Unit/BreadcrumbsComponentTest.php" line="138" assertions="1" time="0.002444"/>
      </testsuite>
      <testsuite name="Hyde\Framework\Testing\Unit\BreadcrumbsComponentViewTest" file="/home/runner/work/develop/develop/packages/framework/tests/Unit/BreadcrumbsComponentViewTest.php" tests="6" assertions="17" errors="0" warnings="0" failures="0" skipped="0" time="0.173928">
        <testcase name="testRenderedBladeView" class="Hyde\Framework\Testing\Unit\BreadcrumbsComponentViewTest" classname="Hyde.Framework.Testing.Unit.BreadcrumbsComponentViewTest" file="/home/runner/work/develop/develop/packages/framework/tests/Unit/BreadcrumbsComponentViewTest.php" line="22" assertions="12" time="0.030370"/>
        <testcase name="testRenderedBladeViewOnIndexPage" class="Hyde\Framework\Testing\Unit\BreadcrumbsComponentViewTest" classname="Hyde.Framework.Testing.Unit.BreadcrumbsComponentViewTest" file="/home/runner/work/develop/develop/packages/framework/tests/Unit/BreadcrumbsComponentViewTest.php" line="41" assertions="1" time="0.028566"/>
        <testcase name="testRenderedBladeViewOnNestedPage" class="Hyde\Framework\Testing\Unit\BreadcrumbsComponentViewTest" classname="Hyde.Framework.Testing.Unit.BreadcrumbsComponentViewTest" file="/home/runner/work/develop/develop/packages/framework/tests/Unit/BreadcrumbsComponentViewTest.php" line="48" assertions="1" time="0.028866"/>
        <testcase name="testRenderedBladeViewOnDeeplyNestedPage" class="Hyde\Framework\Testing\Unit\BreadcrumbsComponentViewTest" classname="Hyde.Framework.Testing.Unit.BreadcrumbsComponentViewTest" file="/home/runner/work/develop/develop/packages/framework/tests/Unit/BreadcrumbsComponentViewTest.php" line="71" assertions="1" time="0.029000"/>
        <testcase name="testRenderedBladeViewOnNestedIndexPage" class="Hyde\Framework\Testing\Unit\BreadcrumbsComponentViewTest" classname="Hyde.Framework.Testing.Unit.BreadcrumbsComponentViewTest" file="/home/runner/work/develop/develop/packages/framework/tests/Unit/BreadcrumbsComponentViewTest.php" line="98" assertions="1" time="0.028700"/>
        <testcase name="testRenderedBladeViewWithAttributes" class="Hyde\Framework\Testing\Unit\BreadcrumbsComponentViewTest" classname="Hyde.Framework.Testing.Unit.BreadcrumbsComponentViewTest" file="/home/runner/work/develop/develop/packages/framework/tests/Unit/BreadcrumbsComponentViewTest.php" line="117" assertions="1" time="0.028425"/>
      </testsuite>
      <testsuite name="Hyde\Framework\Testing\Unit\BuildOutputDirectoryCanBeChangedTest" file="/home/runner/work/develop/develop/packages/framework/tests/Unit/BuildOutputDirectoryCanBeChangedTest.php" tests="5" assertions="9" errors="0" warnings="0" failures="0" skipped="0" time="0.201382">
        <testcase name="test_site_output_directory_can_be_changed_for_site_builds" class="Hyde\Framework\Testing\Unit\BuildOutputDirectoryCanBeChangedTest" classname="Hyde.Framework.Testing.Unit.BuildOutputDirectoryCanBeChangedTest" file="/home/runner/work/develop/develop/packages/framework/tests/Unit/BuildOutputDirectoryCanBeChangedTest.php" line="19" assertions="3" time="0.056716"/>
        <testcase name="test_site_output_directory_can_be_changed_in_static_page_builder" class="Hyde\Framework\Testing\Unit\BuildOutputDirectoryCanBeChangedTest" classname="Hyde.Framework.Testing.Unit.BuildOutputDirectoryCanBeChangedTest" file="/home/runner/work/develop/develop/packages/framework/tests/Unit/BuildOutputDirectoryCanBeChangedTest.php" line="35" assertions="1" time="0.040443"/>
        <testcase name="test_output_directory_is_created_if_it_does_not_exist_in_static_page_builder" class="Hyde\Framework\Testing\Unit\BuildOutputDirectoryCanBeChangedTest" classname="Hyde.Framework.Testing.Unit.BuildOutputDirectoryCanBeChangedTest" file="/home/runner/work/develop/develop/packages/framework/tests/Unit/BuildOutputDirectoryCanBeChangedTest.php" line="48" assertions="1" time="0.040332"/>
        <testcase name="test_site_output_directory_can_be_changed_in_configuration" class="Hyde\Framework\Testing\Unit\BuildOutputDirectoryCanBeChangedTest" classname="Hyde.Framework.Testing.Unit.BuildOutputDirectoryCanBeChangedTest" file="/home/runner/work/develop/develop/packages/framework/tests/Unit/BuildOutputDirectoryCanBeChangedTest.php" line="59" assertions="3" time="0.041179"/>
        <testcase name="test_site_output_directory_path_is_normalized_to_trim_trailing_slashes" class="Hyde\Framework\Testing\Unit\BuildOutputDirectoryCanBeChangedTest" classname="Hyde.Framework.Testing.Unit.BuildOutputDirectoryCanBeChangedTest" file="/home/runner/work/develop/develop/packages/framework/tests/Unit/BuildOutputDirectoryCanBeChangedTest.php" line="75" assertions="1" time="0.022711"/>
      </testsuite>
      <testsuite name="Hyde\Framework\Testing\Unit\BuildTaskServiceUnitTest" file="/home/runner/work/develop/develop/packages/framework/tests/Unit/BuildTaskServiceUnitTest.php" tests="36" assertions="36" errors="0" warnings="0" failures="0" skipped="0" time="0.092789">
        <testcase name="testConstruct" class="Hyde\Framework\Testing\Unit\BuildTaskServiceUnitTest" classname="Hyde.Framework.Testing.Unit.BuildTaskServiceUnitTest" file="/home/runner/work/develop/develop/packages/framework/tests/Unit/BuildTaskServiceUnitTest.php" line="47" assertions="1" time="0.005504"/>
        <testcase name="testGetTasks" class="Hyde\Framework\Testing\Unit\BuildTaskServiceUnitTest" classname="Hyde.Framework.Testing.Unit.BuildTaskServiceUnitTest" file="/home/runner/work/develop/develop/packages/framework/tests/Unit/BuildTaskServiceUnitTest.php" line="52" assertions="1" time="0.002187"/>
        <testcase name="testGetTasksWithTaskRegisteredInConfig" class="Hyde\Framework\Testing\Unit\BuildTaskServiceUnitTest" classname="Hyde.Framework.Testing.Unit.BuildTaskServiceUnitTest" file="/home/runner/work/develop/develop/packages/framework/tests/Unit/BuildTaskServiceUnitTest.php" line="57" assertions="1" time="0.002752"/>
        <testcase name="testRegisterTask" class="Hyde\Framework\Testing\Unit\BuildTaskServiceUnitTest" classname="Hyde.Framework.Testing.Unit.BuildTaskServiceUnitTest" file="/home/runner/work/develop/develop/packages/framework/tests/Unit/BuildTaskServiceUnitTest.php" line="63" assertions="1" time="0.001967"/>
        <testcase name="testRegisterPreBuildTask" class="Hyde\Framework\Testing\Unit\BuildTaskServiceUnitTest" classname="Hyde.Framework.Testing.Unit.BuildTaskServiceUnitTest" file="/home/runner/work/develop/develop/packages/framework/tests/Unit/BuildTaskServiceUnitTest.php" line="69" assertions="1" time="0.001973"/>
        <testcase name="testRegisterPostBuildTask" class="Hyde\Framework\Testing\Unit\BuildTaskServiceUnitTest" classname="Hyde.Framework.Testing.Unit.BuildTaskServiceUnitTest" file="/home/runner/work/develop/develop/packages/framework/tests/Unit/BuildTaskServiceUnitTest.php" line="75" assertions="1" time="0.001989"/>
        <testcase name="testRegisterInstantiatedTask" class="Hyde\Framework\Testing\Unit\BuildTaskServiceUnitTest" classname="Hyde.Framework.Testing.Unit.BuildTaskServiceUnitTest" file="/home/runner/work/develop/develop/packages/framework/tests/Unit/BuildTaskServiceUnitTest.php" line="81" assertions="1" time="0.001938"/>
        <testcase name="testRegisterInstantiatedPreBuildTask" class="Hyde\Framework\Testing\Unit\BuildTaskServiceUnitTest" classname="Hyde.Framework.Testing.Unit.BuildTaskServiceUnitTest" file="/home/runner/work/develop/develop/packages/framework/tests/Unit/BuildTaskServiceUnitTest.php" line="87" assertions="1" time="0.001920"/>
        <testcase name="testRegisterInstantiatedPostBuildTask" class="Hyde\Framework\Testing\Unit\BuildTaskServiceUnitTest" classname="Hyde.Framework.Testing.Unit.BuildTaskServiceUnitTest" file="/home/runner/work/develop/develop/packages/framework/tests/Unit/BuildTaskServiceUnitTest.php" line="93" assertions="1" time="0.001903"/>
        <testcase name="testRegisterTaskWithInvalidClassTypeThrowsException" class="Hyde\Framework\Testing\Unit\BuildTaskServiceUnitTest" classname="Hyde.Framework.Testing.Unit.BuildTaskServiceUnitTest" file="/home/runner/work/develop/develop/packages/framework/tests/Unit/BuildTaskServiceUnitTest.php" line="99" assertions="1" time="0.001905"/>
        <testcase name="testRegisterTaskWithoutChildExtensionThrowsException" class="Hyde\Framework\Testing\Unit\BuildTaskServiceUnitTest" classname="Hyde.Framework.Testing.Unit.BuildTaskServiceUnitTest" file="/home/runner/work/develop/develop/packages/framework/tests/Unit/BuildTaskServiceUnitTest.php" line="105" assertions="1" time="0.001929"/>
        <testcase name="testRegisterTaskWithBaseClassThrowsException" class="Hyde\Framework\Testing\Unit\BuildTaskServiceUnitTest" classname="Hyde.Framework.Testing.Unit.BuildTaskServiceUnitTest" file="/home/runner/work/develop/develop/packages/framework/tests/Unit/BuildTaskServiceUnitTest.php" line="111" assertions="1" time="0.001900"/>
        <testcase name="testRegisterTaskWithAlreadyRegisteredTask" class="Hyde\Framework\Testing\Unit\BuildTaskServiceUnitTest" classname="Hyde.Framework.Testing.Unit.BuildTaskServiceUnitTest" file="/home/runner/work/develop/develop/packages/framework/tests/Unit/BuildTaskServiceUnitTest.php" line="117" assertions="1" time="0.001902"/>
        <testcase name="testRegisterTaskWithTaskAlreadyRegisteredInConfig" class="Hyde\Framework\Testing\Unit\BuildTaskServiceUnitTest" classname="Hyde.Framework.Testing.Unit.BuildTaskServiceUnitTest" file="/home/runner/work/develop/develop/packages/framework/tests/Unit/BuildTaskServiceUnitTest.php" line="125" assertions="1" time="0.002606"/>
        <testcase name="testCanRegisterFrameworkTasks" class="Hyde\Framework\Testing\Unit\BuildTaskServiceUnitTest" classname="Hyde.Framework.Testing.Unit.BuildTaskServiceUnitTest" file="/home/runner/work/develop/develop/packages/framework/tests/Unit/BuildTaskServiceUnitTest.php" line="134" assertions="1" time="0.001842"/>
        <testcase name="testCanOverloadFrameworkTasks" class="Hyde\Framework\Testing\Unit\BuildTaskServiceUnitTest" classname="Hyde.Framework.Testing.Unit.BuildTaskServiceUnitTest" file="/home/runner/work/develop/develop/packages/framework/tests/Unit/BuildTaskServiceUnitTest.php" line="140" assertions="1" time="0.001841"/>
        <testcase name="testSetOutputWithNull" class="Hyde\Framework\Testing\Unit\BuildTaskServiceUnitTest" classname="Hyde.Framework.Testing.Unit.BuildTaskServiceUnitTest" file="/home/runner/work/develop/develop/packages/framework/tests/Unit/BuildTaskServiceUnitTest.php" line="148" assertions="1" time="0.001911"/>
        <testcase name="testSetOutputWithOutputStyle" class="Hyde\Framework\Testing\Unit\BuildTaskServiceUnitTest" classname="Hyde.Framework.Testing.Unit.BuildTaskServiceUnitTest" file="/home/runner/work/develop/develop/packages/framework/tests/Unit/BuildTaskServiceUnitTest.php" line="154" assertions="1" time="0.001915"/>
        <testcase name="testGenerateBuildManifestExtendsPostBuildTask" class="Hyde\Framework\Testing\Unit\BuildTaskServiceUnitTest" classname="Hyde.Framework.Testing.Unit.BuildTaskServiceUnitTest" file="/home/runner/work/develop/develop/packages/framework/tests/Unit/BuildTaskServiceUnitTest.php" line="160" assertions="1" time="0.001810"/>
        <testcase name="testGenerateRssFeedExtendsPostBuildTask" class="Hyde\Framework\Testing\Unit\BuildTaskServiceUnitTest" classname="Hyde.Framework.Testing.Unit.BuildTaskServiceUnitTest" file="/home/runner/work/develop/develop/packages/framework/tests/Unit/BuildTaskServiceUnitTest.php" line="165" assertions="1" time="0.001757"/>
        <testcase name="testGenerateSearchExtendsPostBuildTask" class="Hyde\Framework\Testing\Unit\BuildTaskServiceUnitTest" classname="Hyde.Framework.Testing.Unit.BuildTaskServiceUnitTest" file="/home/runner/work/develop/develop/packages/framework/tests/Unit/BuildTaskServiceUnitTest.php" line="170" assertions="1" time="0.001775"/>
        <testcase name="testGenerateSitemapExtendsPostBuildTask" class="Hyde\Framework\Testing\Unit\BuildTaskServiceUnitTest" classname="Hyde.Framework.Testing.Unit.BuildTaskServiceUnitTest" file="/home/runner/work/develop/develop/packages/framework/tests/Unit/BuildTaskServiceUnitTest.php" line="175" assertions="1" time="0.001746"/>
        <testcase name="testRunPreBuildTasks" class="Hyde\Framework\Testing\Unit\BuildTaskServiceUnitTest" classname="Hyde.Framework.Testing.Unit.BuildTaskServiceUnitTest" file="/home/runner/work/develop/develop/packages/framework/tests/Unit/BuildTaskServiceUnitTest.php" line="180" assertions="1" time="0.001779"/>
        <testcase name="testRunPostBuildTasks" class="Hyde\Framework\Testing\Unit\BuildTaskServiceUnitTest" classname="Hyde.Framework.Testing.Unit.BuildTaskServiceUnitTest" file="/home/runner/work/develop/develop/packages/framework/tests/Unit/BuildTaskServiceUnitTest.php" line="186" assertions="1" time="0.001782"/>
        <testcase name="testRunPreBuildTasksWithTasks" class="Hyde\Framework\Testing\Unit\BuildTaskServiceUnitTest" classname="Hyde.Framework.Testing.Unit.BuildTaskServiceUnitTest" file="/home/runner/work/develop/develop/packages/framework/tests/Unit/BuildTaskServiceUnitTest.php" line="192" assertions="1" time="0.001829"/>
        <testcase name="testRunPostBuildTasksWithTasks" class="Hyde\Framework\Testing\Unit\BuildTaskServiceUnitTest" classname="Hyde.Framework.Testing.Unit.BuildTaskServiceUnitTest" file="/home/runner/work/develop/develop/packages/framework/tests/Unit/BuildTaskServiceUnitTest.php" line="199" assertions="1" time="0.001845"/>
        <testcase name="testRunPreBuildTasksCallsHandleMethods" class="Hyde\Framework\Testing\Unit\BuildTaskServiceUnitTest" classname="Hyde.Framework.Testing.Unit.BuildTaskServiceUnitTest" file="/home/runner/work/develop/develop/packages/framework/tests/Unit/BuildTaskServiceUnitTest.php" line="206" assertions="1" time="0.007831"/>
        <testcase name="testRunPostBuildTasksCallsHandleMethods" class="Hyde\Framework\Testing\Unit\BuildTaskServiceUnitTest" classname="Hyde.Framework.Testing.Unit.BuildTaskServiceUnitTest" file="/home/runner/work/develop/develop/packages/framework/tests/Unit/BuildTaskServiceUnitTest.php" line="214" assertions="1" time="0.007778"/>
        <testcase name="testRunPreBuildTasksCallsRunMethods" class="Hyde\Framework\Testing\Unit\BuildTaskServiceUnitTest" classname="Hyde.Framework.Testing.Unit.BuildTaskServiceUnitTest" file="/home/runner/work/develop/develop/packages/framework/tests/Unit/BuildTaskServiceUnitTest.php" line="222" assertions="1" time="0.002026"/>
        <testcase name="testRunPostBuildTasksCallsRunMethods" class="Hyde\Framework\Testing\Unit\BuildTaskServiceUnitTest" classname="Hyde.Framework.Testing.Unit.BuildTaskServiceUnitTest" file="/home/runner/work/develop/develop/packages/framework/tests/Unit/BuildTaskServiceUnitTest.php" line="230" assertions="1" time="0.001990"/>
        <testcase name="testRunPreBuildTasksCallsRunMethodsWithNullWhenServiceHasNoOutput" class="Hyde\Framework\Testing\Unit\BuildTaskServiceUnitTest" classname="Hyde.Framework.Testing.Unit.BuildTaskServiceUnitTest" file="/home/runner/work/develop/develop/packages/framework/tests/Unit/BuildTaskServiceUnitTest.php" line="238" assertions="1" time="0.001936"/>
        <testcase name="testRunPostBuildTasksCallsRunMethodsWithNullWhenServiceHasNoOutput" class="Hyde\Framework\Testing\Unit\BuildTaskServiceUnitTest" classname="Hyde.Framework.Testing.Unit.BuildTaskServiceUnitTest" file="/home/runner/work/develop/develop/packages/framework/tests/Unit/BuildTaskServiceUnitTest.php" line="246" assertions="1" time="0.001948"/>
        <testcase name="testRunPreBuildTasksCallsRunMethodsWithOutputWhenServiceHasOutput" class="Hyde\Framework\Testing\Unit\BuildTaskServiceUnitTest" classname="Hyde.Framework.Testing.Unit.BuildTaskServiceUnitTest" file="/home/runner/work/develop/develop/packages/framework/tests/Unit/BuildTaskServiceUnitTest.php" line="254" assertions="1" time="0.002006"/>
        <testcase name="testRunPostBuildTasksCallsRunMethodsWithOutputWhenServiceHasOutput" class="Hyde\Framework\Testing\Unit\BuildTaskServiceUnitTest" classname="Hyde.Framework.Testing.Unit.BuildTaskServiceUnitTest" file="/home/runner/work/develop/develop/packages/framework/tests/Unit/BuildTaskServiceUnitTest.php" line="264" assertions="1" time="0.001987"/>
        <testcase name="testServiceSearchesForTasksInAppDirectory" class="Hyde\Framework\Testing\Unit\BuildTaskServiceUnitTest" classname="Hyde.Framework.Testing.Unit.BuildTaskServiceUnitTest" file="/home/runner/work/develop/develop/packages/framework/tests/Unit/BuildTaskServiceUnitTest.php" line="274" assertions="1" time="0.005260"/>
        <testcase name="testServiceFindsTasksInAppDirectory" class="Hyde\Framework\Testing\Unit\BuildTaskServiceUnitTest" classname="Hyde.Framework.Testing.Unit.BuildTaskServiceUnitTest" file="/home/runner/work/develop/develop/packages/framework/tests/Unit/BuildTaskServiceUnitTest.php" line="290" assertions="1" time="0.005818"/>
      </testsuite>
      <testsuite name="Hyde\Framework\Testing\Unit\BuildWarningsTest" file="/home/runner/work/develop/develop/packages/framework/tests/Unit/BuildWarningsTest.php" tests="18" assertions="21" errors="0" warnings="0" failures="0" skipped="0" time="0.014007">
        <testcase name="testGetInstance" class="Hyde\Framework\Testing\Unit\BuildWarningsTest" classname="Hyde.Framework.Testing.Unit.BuildWarningsTest" file="/home/runner/work/develop/develop/packages/framework/tests/Unit/BuildWarningsTest.php" line="28" assertions="1" time="0.000489"/>
        <testcase name="testGetInstanceReturnsSingleton" class="Hyde\Framework\Testing\Unit\BuildWarningsTest" classname="Hyde.Framework.Testing.Unit.BuildWarningsTest" file="/home/runner/work/develop/develop/packages/framework/tests/Unit/BuildWarningsTest.php" line="33" assertions="1" time="0.000555"/>
        <testcase name="testHasWarnings" class="Hyde\Framework\Testing\Unit\BuildWarningsTest" classname="Hyde.Framework.Testing.Unit.BuildWarningsTest" file="/home/runner/work/develop/develop/packages/framework/tests/Unit/BuildWarningsTest.php" line="38" assertions="1" time="0.000513"/>
        <testcase name="testHasWarningWithWarnings" class="Hyde\Framework\Testing\Unit\BuildWarningsTest" classname="Hyde.Framework.Testing.Unit.BuildWarningsTest" file="/home/runner/work/develop/develop/packages/framework/tests/Unit/BuildWarningsTest.php" line="43" assertions="1" time="0.000546"/>
        <testcase name="testGetWarnings" class="Hyde\Framework\Testing\Unit\BuildWarningsTest" classname="Hyde.Framework.Testing.Unit.BuildWarningsTest" file="/home/runner/work/develop/develop/packages/framework/tests/Unit/BuildWarningsTest.php" line="50" assertions="1" time="0.000539"/>
        <testcase name="testGetWarningsWithWarnings" class="Hyde\Framework\Testing\Unit\BuildWarningsTest" classname="Hyde.Framework.Testing.Unit.BuildWarningsTest" file="/home/runner/work/develop/develop/packages/framework/tests/Unit/BuildWarningsTest.php" line="55" assertions="1" time="0.000731"/>
        <testcase name="testReport" class="Hyde\Framework\Testing\Unit\BuildWarningsTest" classname="Hyde.Framework.Testing.Unit.BuildWarningsTest" file="/home/runner/work/develop/develop/packages/framework/tests/Unit/BuildWarningsTest.php" line="62" assertions="2" time="0.000747"/>
        <testcase name="testReportWithBuildWarningObject" class="Hyde\Framework\Testing\Unit\BuildWarningsTest" classname="Hyde.Framework.Testing.Unit.BuildWarningsTest" file="/home/runner/work/develop/develop/packages/framework/tests/Unit/BuildWarningsTest.php" line="70" assertions="2" time="0.000602"/>
        <testcase name="testReportsWarningsDefaultsToTrue" class="Hyde\Framework\Testing\Unit\BuildWarningsTest" classname="Hyde.Framework.Testing.Unit.BuildWarningsTest" file="/home/runner/work/develop/develop/packages/framework/tests/Unit/BuildWarningsTest.php" line="78" assertions="1" time="0.000653"/>
        <testcase name="testReportsWarningsReturnsTrueWhenTrue" class="Hyde\Framework\Testing\Unit\BuildWarningsTest" classname="Hyde.Framework.Testing.Unit.BuildWarningsTest" file="/home/runner/work/develop/develop/packages/framework/tests/Unit/BuildWarningsTest.php" line="84" assertions="1" time="0.000645"/>
        <testcase name="testReportsWarningsReturnsFalseWhenFalse" class="Hyde\Framework\Testing\Unit\BuildWarningsTest" classname="Hyde.Framework.Testing.Unit.BuildWarningsTest" file="/home/runner/work/develop/develop/packages/framework/tests/Unit/BuildWarningsTest.php" line="90" assertions="1" time="0.000638"/>
        <testcase name="testReportsWarningsAsExceptionsDefaultsToFalse" class="Hyde\Framework\Testing\Unit\BuildWarningsTest" classname="Hyde.Framework.Testing.Unit.BuildWarningsTest" file="/home/runner/work/develop/develop/packages/framework/tests/Unit/BuildWarningsTest.php" line="96" assertions="1" time="0.000646"/>
        <testcase name="testReportsWarningsAsExceptionsReturnsTrueWhenTrue" class="Hyde\Framework\Testing\Unit\BuildWarningsTest" classname="Hyde.Framework.Testing.Unit.BuildWarningsTest" file="/home/runner/work/develop/develop/packages/framework/tests/Unit/BuildWarningsTest.php" line="102" assertions="1" time="0.000652"/>
        <testcase name="testReportsWarningsAsExceptionsReturnsFalseWhenFalse" class="Hyde\Framework\Testing\Unit\BuildWarningsTest" classname="Hyde.Framework.Testing.Unit.BuildWarningsTest" file="/home/runner/work/develop/develop/packages/framework/tests/Unit/BuildWarningsTest.php" line="108" assertions="1" time="0.000619"/>
        <testcase name="testWriteWarningsToOutput" class="Hyde\Framework\Testing\Unit\BuildWarningsTest" classname="Hyde.Framework.Testing.Unit.BuildWarningsTest" file="/home/runner/work/develop/develop/packages/framework/tests/Unit/BuildWarningsTest.php" line="114" assertions="1" time="0.000884"/>
        <testcase name="testWriteWarningsToOutputWithVerboseOutput" class="Hyde\Framework\Testing\Unit\BuildWarningsTest" classname="Hyde.Framework.Testing.Unit.BuildWarningsTest" file="/home/runner/work/develop/develop/packages/framework/tests/Unit/BuildWarningsTest.php" line="126" assertions="2" time="0.000991"/>
        <testcase name="testWriteWarningsToOutputWithConvertingBuildWarningsToExceptions" class="Hyde\Framework\Testing\Unit\BuildWarningsTest" classname="Hyde.Framework.Testing.Unit.BuildWarningsTest" file="/home/runner/work/develop/develop/packages/framework/tests/Unit/BuildWarningsTest.php" line="143" assertions="1" time="0.003072"/>
        <testcase name="testCanConstructBuildWarning" class="Hyde\Framework\Testing\Unit\BuildWarningsTest" classname="Hyde.Framework.Testing.Unit.BuildWarningsTest" file="/home/runner/work/develop/develop/packages/framework/tests/Unit/BuildWarningsTest.php" line="165" assertions="1" time="0.000486"/>
      </testsuite>
      <testsuite name="Hyde\Framework\Testing\Unit\ConfigFileTest" file="/home/runner/work/develop/develop/packages/framework/tests/Unit/ConfigFileTest.php" tests="8" assertions="8" errors="0" warnings="0" failures="0" skipped="0" time="0.009550">
        <testcase name="test_default_output_directory_value_matches_declared_value" class="Hyde\Framework\Testing\Unit\ConfigFileTest" classname="Hyde.Framework.Testing.Unit.ConfigFileTest" file="/home/runner/work/develop/develop/packages/framework/tests/Unit/ConfigFileTest.php" line="26" assertions="1" time="0.001079"/>
        <testcase name="test_default_media_directory_value_matches_declared_value" class="Hyde\Framework\Testing\Unit\ConfigFileTest" classname="Hyde.Framework.Testing.Unit.ConfigFileTest" file="/home/runner/work/develop/develop/packages/framework/tests/Unit/ConfigFileTest.php" line="31" assertions="1" time="0.001135"/>
        <testcase name="test_default_source_root_value_matches_declared_value" class="Hyde\Framework\Testing\Unit\ConfigFileTest" classname="Hyde.Framework.Testing.Unit.ConfigFileTest" file="/home/runner/work/develop/develop/packages/framework/tests/Unit/ConfigFileTest.php" line="36" assertions="1" time="0.001073"/>
        <testcase name="test_default_source_directories_values_match_declared_values" class="Hyde\Framework\Testing\Unit\ConfigFileTest" classname="Hyde.Framework.Testing.Unit.ConfigFileTest" file="/home/runner/work/develop/develop/packages/framework/tests/Unit/ConfigFileTest.php" line="41" assertions="1" time="0.001070"/>
        <testcase name="test_default_source_directories_values_cover_all_core_extension_classes" class="Hyde\Framework\Testing\Unit\ConfigFileTest" classname="Hyde.Framework.Testing.Unit.ConfigFileTest" file="/home/runner/work/develop/develop/packages/framework/tests/Unit/ConfigFileTest.php" line="52" assertions="1" time="0.001465"/>
        <testcase name="test_default_output_directories_values_match_declared_values" class="Hyde\Framework\Testing\Unit\ConfigFileTest" classname="Hyde.Framework.Testing.Unit.ConfigFileTest" file="/home/runner/work/develop/develop/packages/framework/tests/Unit/ConfigFileTest.php" line="60" assertions="1" time="0.001124"/>
        <testcase name="test_default_output_directories_values_cover_all_core_extension_classes" class="Hyde\Framework\Testing\Unit\ConfigFileTest" classname="Hyde.Framework.Testing.Unit.ConfigFileTest" file="/home/runner/work/develop/develop/packages/framework/tests/Unit/ConfigFileTest.php" line="71" assertions="1" time="0.001479"/>
        <testcase name="test_default_features_array_matches_default_features" class="Hyde\Framework\Testing\Unit\ConfigFileTest" classname="Hyde.Framework.Testing.Unit.ConfigFileTest" file="/home/runner/work/develop/develop/packages/framework/tests/Unit/ConfigFileTest.php" line="79" assertions="1" time="0.001124"/>
      </testsuite>
      <testsuite name="Hyde\Framework\Testing\Unit\ConsoleServiceProviderUnitTest" file="/home/runner/work/develop/develop/packages/framework/tests/Unit/ConsoleServiceProviderUnitTest.php" tests="2" assertions="2" errors="0" warnings="0" failures="0" skipped="0" time="0.000840">
        <testcase name="testProviderRegistersLogo" class="Hyde\Framework\Testing\Unit\ConsoleServiceProviderUnitTest" classname="Hyde.Framework.Testing.Unit.ConsoleServiceProviderUnitTest" file="/home/runner/work/develop/develop/packages/framework/tests/Unit/ConsoleServiceProviderUnitTest.php" line="15" assertions="1" time="0.000377"/>
        <testcase name="testProviderRegistersNoAnsiLogo" class="Hyde\Framework\Testing\Unit\ConsoleServiceProviderUnitTest" classname="Hyde.Framework.Testing.Unit.ConsoleServiceProviderUnitTest" file="/home/runner/work/develop/develop/packages/framework/tests/Unit/ConsoleServiceProviderUnitTest.php" line="29" assertions="1" time="0.000463"/>
      </testsuite>
      <testsuite name="Hyde\Framework\Testing\Unit\CoreDataObjectTest" file="/home/runner/work/develop/develop/packages/framework/tests/Unit/CoreDataObjectTest.php" tests="3" assertions="3" errors="0" warnings="0" failures="0" skipped="0" time="0.004146">
        <testcase name="testCoreDataObjectWithHydePage" class="Hyde\Framework\Testing\Unit\CoreDataObjectTest" classname="Hyde.Framework.Testing.Unit.CoreDataObjectTest" file="/home/runner/work/develop/develop/packages/framework/tests/Unit/CoreDataObjectTest.php" line="20" assertions="1" time="0.001249"/>
        <testcase name="testCoreDataObjectWithDynamicPage" class="Hyde\Framework\Testing\Unit\CoreDataObjectTest" classname="Hyde.Framework.Testing.Unit.CoreDataObjectTest" file="/home/runner/work/develop/develop/packages/framework/tests/Unit/CoreDataObjectTest.php" line="27" assertions="1" time="0.001476"/>
        <testcase name="testToArray" class="Hyde\Framework\Testing\Unit\CoreDataObjectTest" classname="Hyde.Framework.Testing.Unit.CoreDataObjectTest" file="/home/runner/work/develop/develop/packages/framework/tests/Unit/CoreDataObjectTest.php" line="34" assertions="1" time="0.001421"/>
      </testsuite>
      <testsuite name="Hyde\Framework\Testing\Unit\CustomExceptionsTest" file="/home/runner/work/develop/develop/packages/framework/tests/Unit/CustomExceptionsTest.php" tests="16" assertions="16" errors="0" warnings="0" failures="0" skipped="0" time="0.007403">
        <testcase name="testFileConflictExceptionWithDefaultMessage" class="Hyde\Framework\Testing\Unit\CustomExceptionsTest" classname="Hyde.Framework.Testing.Unit.CustomExceptionsTest" file="/home/runner/work/develop/develop/packages/framework/tests/Unit/CustomExceptionsTest.php" line="29" assertions="1" time="0.000378"/>
        <testcase name="testFileConflictExceptionWithPath" class="Hyde\Framework\Testing\Unit\CustomExceptionsTest" classname="Hyde.Framework.Testing.Unit.CustomExceptionsTest" file="/home/runner/work/develop/develop/packages/framework/tests/Unit/CustomExceptionsTest.php" line="34" assertions="1" time="0.000479"/>
        <testcase name="testFileConflictExceptionWithAbsolutePath" class="Hyde\Framework\Testing\Unit\CustomExceptionsTest" classname="Hyde.Framework.Testing.Unit.CustomExceptionsTest" file="/home/runner/work/develop/develop/packages/framework/tests/Unit/CustomExceptionsTest.php" line="39" assertions="1" time="0.000602"/>
        <testcase name="testFileNotFoundExceptionWithDefaultMessage" class="Hyde\Framework\Testing\Unit\CustomExceptionsTest" classname="Hyde.Framework.Testing.Unit.CustomExceptionsTest" file="/home/runner/work/develop/develop/packages/framework/tests/Unit/CustomExceptionsTest.php" line="44" assertions="1" time="0.000476"/>
        <testcase name="testFileNotFoundExceptionWithPath" class="Hyde\Framework\Testing\Unit\CustomExceptionsTest" classname="Hyde.Framework.Testing.Unit.CustomExceptionsTest" file="/home/runner/work/develop/develop/packages/framework/tests/Unit/CustomExceptionsTest.php" line="49" assertions="1" time="0.000508"/>
        <testcase name="testFileNotFoundExceptionWithAbsolutePath" class="Hyde\Framework\Testing\Unit\CustomExceptionsTest" classname="Hyde.Framework.Testing.Unit.CustomExceptionsTest" file="/home/runner/work/develop/develop/packages/framework/tests/Unit/CustomExceptionsTest.php" line="54" assertions="1" time="0.000629"/>
        <testcase name="testRouteNotFoundExceptionWithDefaultMessage" class="Hyde\Framework\Testing\Unit\CustomExceptionsTest" classname="Hyde.Framework.Testing.Unit.CustomExceptionsTest" file="/home/runner/work/develop/develop/packages/framework/tests/Unit/CustomExceptionsTest.php" line="59" assertions="1" time="0.000470"/>
        <testcase name="testRouteNotFoundExceptionWithRouteKey" class="Hyde\Framework\Testing\Unit\CustomExceptionsTest" classname="Hyde.Framework.Testing.Unit.CustomExceptionsTest" file="/home/runner/work/develop/develop/packages/framework/tests/Unit/CustomExceptionsTest.php" line="64" assertions="1" time="0.000433"/>
        <testcase name="testUnsupportedPageTypeExceptionWithDefaultMessage" class="Hyde\Framework\Testing\Unit\CustomExceptionsTest" classname="Hyde.Framework.Testing.Unit.CustomExceptionsTest" file="/home/runner/work/develop/develop/packages/framework/tests/Unit/CustomExceptionsTest.php" line="69" assertions="1" time="0.000446"/>
        <testcase name="testUnsupportedPageTypeExceptionWithPage" class="Hyde\Framework\Testing\Unit\CustomExceptionsTest" classname="Hyde.Framework.Testing.Unit.CustomExceptionsTest" file="/home/runner/work/develop/develop/packages/framework/tests/Unit/CustomExceptionsTest.php" line="74" assertions="1" time="0.000431"/>
        <testcase name="testBaseUrlNotSetException" class="Hyde\Framework\Testing\Unit\CustomExceptionsTest" classname="Hyde.Framework.Testing.Unit.CustomExceptionsTest" file="/home/runner/work/develop/develop/packages/framework/tests/Unit/CustomExceptionsTest.php" line="79" assertions="1" time="0.000422"/>
        <testcase name="testFileConflictExceptionCode" class="Hyde\Framework\Testing\Unit\CustomExceptionsTest" classname="Hyde.Framework.Testing.Unit.CustomExceptionsTest" file="/home/runner/work/develop/develop/packages/framework/tests/Unit/CustomExceptionsTest.php" line="84" assertions="1" time="0.000415"/>
        <testcase name="testFileNotFoundExceptionCode" class="Hyde\Framework\Testing\Unit\CustomExceptionsTest" classname="Hyde.Framework.Testing.Unit.CustomExceptionsTest" file="/home/runner/work/develop/develop/packages/framework/tests/Unit/CustomExceptionsTest.php" line="89" assertions="1" time="0.000442"/>
        <testcase name="testRouteNotFoundExceptionCode" class="Hyde\Framework\Testing\Unit\CustomExceptionsTest" classname="Hyde.Framework.Testing.Unit.CustomExceptionsTest" file="/home/runner/work/develop/develop/packages/framework/tests/Unit/CustomExceptionsTest.php" line="94" assertions="1" time="0.000422"/>
        <testcase name="testUnsupportedPageTypeExceptionCode" class="Hyde\Framework\Testing\Unit\CustomExceptionsTest" classname="Hyde.Framework.Testing.Unit.CustomExceptionsTest" file="/home/runner/work/develop/develop/packages/framework/tests/Unit/CustomExceptionsTest.php" line="99" assertions="1" time="0.000427"/>
        <testcase name="testBaseUrlNotSetExceptionCode" class="Hyde\Framework\Testing\Unit\CustomExceptionsTest" classname="Hyde.Framework.Testing.Unit.CustomExceptionsTest" file="/home/runner/work/develop/develop/packages/framework/tests/Unit/CustomExceptionsTest.php" line="104" assertions="1" time="0.000424"/>
      </testsuite>
      <testsuite name="Hyde\Framework\Testing\Unit\DataCollectionUnitTest" file="/home/runner/work/develop/develop/packages/framework/tests/Unit/DataCollectionUnitTest.php" tests="9" assertions="13" errors="0" warnings="0" failures="0" skipped="0" time="0.008878">
        <testcase name="testClassHasStaticSourceDirectoryProperty" class="Hyde\Framework\Testing\Unit\DataCollectionUnitTest" classname="Hyde.Framework.Testing.Unit.DataCollectionUnitTest" file="/home/runner/work/develop/develop/packages/framework/tests/Unit/DataCollectionUnitTest.php" line="26" assertions="1" time="0.000382"/>
        <testcase name="testConstructorCreatesNewDataCollectionInstance" class="Hyde\Framework\Testing\Unit\DataCollectionUnitTest" classname="Hyde.Framework.Testing.Unit.DataCollectionUnitTest" file="/home/runner/work/develop/develop/packages/framework/tests/Unit/DataCollectionUnitTest.php" line="31" assertions="1" time="0.000452"/>
        <testcase name="testClassExtendsCollectionClass" class="Hyde\Framework\Testing\Unit\DataCollectionUnitTest" classname="Hyde.Framework.Testing.Unit.DataCollectionUnitTest" file="/home/runner/work/develop/develop/packages/framework/tests/Unit/DataCollectionUnitTest.php" line="36" assertions="1" time="0.000437"/>
        <testcase name="testCanConvertCollectionToArray" class="Hyde\Framework\Testing\Unit\DataCollectionUnitTest" classname="Hyde.Framework.Testing.Unit.DataCollectionUnitTest" file="/home/runner/work/develop/develop/packages/framework/tests/Unit/DataCollectionUnitTest.php" line="41" assertions="1" time="0.000472"/>
        <testcase name="testCanConvertCollectionToJson" class="Hyde\Framework\Testing\Unit\DataCollectionUnitTest" classname="Hyde.Framework.Testing.Unit.DataCollectionUnitTest" file="/home/runner/work/develop/develop/packages/framework/tests/Unit/DataCollectionUnitTest.php" line="46" assertions="1" time="0.000462"/>
        <testcase name="testFindMarkdownFilesCallsProperGlobPattern" class="Hyde\Framework\Testing\Unit\DataCollectionUnitTest" classname="Hyde.Framework.Testing.Unit.DataCollectionUnitTest" file="/home/runner/work/develop/develop/packages/framework/tests/Unit/DataCollectionUnitTest.php" line="51" assertions="5" time="0.001642"/>
        <testcase name="testFindMarkdownFilesWithNoFiles" class="Hyde\Framework\Testing\Unit\DataCollectionUnitTest" classname="Hyde.Framework.Testing.Unit.DataCollectionUnitTest" file="/home/runner/work/develop/develop/packages/framework/tests/Unit/DataCollectionUnitTest.php" line="66" assertions="1" time="0.001555"/>
        <testcase name="testFindMarkdownFilesWithFiles" class="Hyde\Framework\Testing\Unit\DataCollectionUnitTest" classname="Hyde.Framework.Testing.Unit.DataCollectionUnitTest" file="/home/runner/work/develop/develop/packages/framework/tests/Unit/DataCollectionUnitTest.php" line="80" assertions="1" time="0.001898"/>
        <testcase name="testStaticMarkdownHelperReturnsNewDataCollectionInstance" class="Hyde\Framework\Testing\Unit\DataCollectionUnitTest" classname="Hyde.Framework.Testing.Unit.DataCollectionUnitTest" file="/home/runner/work/develop/develop/packages/framework/tests/Unit/DataCollectionUnitTest.php" line="95" assertions="1" time="0.001578"/>
      </testsuite>
      <testsuite name="Hyde\Framework\Testing\Unit\DateStringTest" file="/home/runner/work/develop/develop/packages/framework/tests/Unit/DateStringTest.php" tests="6" assertions="6" errors="0" warnings="0" failures="0" skipped="0" time="0.002567">
        <testcase name="testItCanParseDateString" class="Hyde\Framework\Testing\Unit\DateStringTest" classname="Hyde.Framework.Testing.Unit.DateStringTest" file="/home/runner/work/develop/develop/packages/framework/tests/Unit/DateStringTest.php" line="16" assertions="1" time="0.000396"/>
        <testcase name="testItCanParseDateStringIntoDatetimeObject" class="Hyde\Framework\Testing\Unit\DateStringTest" classname="Hyde.Framework.Testing.Unit.DateStringTest" file="/home/runner/work/develop/develop/packages/framework/tests/Unit/DateStringTest.php" line="22" assertions="1" time="0.000437"/>
        <testcase name="testItCanFormatDateStringIntoMachineReadableString" class="Hyde\Framework\Testing\Unit\DateStringTest" classname="Hyde.Framework.Testing.Unit.DateStringTest" file="/home/runner/work/develop/develop/packages/framework/tests/Unit/DateStringTest.php" line="28" assertions="1" time="0.000439"/>
        <testcase name="testItCanFormatDateStringIntoHumanReadableString" class="Hyde\Framework\Testing\Unit\DateStringTest" classname="Hyde.Framework.Testing.Unit.DateStringTest" file="/home/runner/work/develop/develop/packages/framework/tests/Unit/DateStringTest.php" line="34" assertions="1" time="0.000424"/>
        <testcase name="testItCanFormatDateStringIntoShortHumanReadableString" class="Hyde\Framework\Testing\Unit\DateStringTest" classname="Hyde.Framework.Testing.Unit.DateStringTest" file="/home/runner/work/develop/develop/packages/framework/tests/Unit/DateStringTest.php" line="40" assertions="1" time="0.000440"/>
        <testcase name="testItCanFormatDateStringIntoShortHumanReadableStringUsingMagicMethod" class="Hyde\Framework\Testing\Unit\DateStringTest" classname="Hyde.Framework.Testing.Unit.DateStringTest" file="/home/runner/work/develop/develop/packages/framework/tests/Unit/DateStringTest.php" line="46" assertions="1" time="0.000430"/>
      </testsuite>
      <testsuite name="Hyde\Framework\Testing\Unit\DocumentationPageTest" file="/home/runner/work/develop/develop/packages/framework/tests/Unit/DocumentationPageTest.php" tests="28" assertions="42" errors="0" warnings="0" failures="0" skipped="0" time="0.690428">
        <testcase name="test_can_generate_table_of_contents" class="Hyde\Framework\Testing\Unit\DocumentationPageTest" classname="Hyde.Framework.Testing.Unit.DocumentationPageTest" file="/home/runner/work/develop/develop/packages/framework/tests/Unit/DocumentationPageTest.php" line="25" assertions="1" time="0.024248"/>
        <testcase name="test_can_get_current_page_path" class="Hyde\Framework\Testing\Unit\DocumentationPageTest" classname="Hyde.Framework.Testing.Unit.DocumentationPageTest" file="/home/runner/work/develop/develop/packages/framework/tests/Unit/DocumentationPageTest.php" line="31" assertions="1" time="0.022904"/>
        <testcase name="test_can_get_current_custom_page_path" class="Hyde\Framework\Testing\Unit\DocumentationPageTest" classname="Hyde.Framework.Testing.Unit.DocumentationPageTest" file="/home/runner/work/develop/develop/packages/framework/tests/Unit/DocumentationPageTest.php" line="37" assertions="1" time="0.023921"/>
        <testcase name="test_can_get_current_page_path_when_using_flattened_output_paths" class="Hyde\Framework\Testing\Unit\DocumentationPageTest" classname="Hyde.Framework.Testing.Unit.DocumentationPageTest" file="/home/runner/work/develop/develop/packages/framework/tests/Unit/DocumentationPageTest.php" line="46" assertions="2" time="0.032269"/>
        <testcase name="test_can_get_current_page_path_when_not_using_flattened_output_paths" class="Hyde\Framework\Testing\Unit\DocumentationPageTest" classname="Hyde.Framework.Testing.Unit.DocumentationPageTest" file="/home/runner/work/develop/develop/packages/framework/tests/Unit/DocumentationPageTest.php" line="60" assertions="2" time="0.025118"/>
        <testcase name="test_can_get_online_source_path" class="Hyde\Framework\Testing\Unit\DocumentationPageTest" classname="Hyde.Framework.Testing.Unit.DocumentationPageTest" file="/home/runner/work/develop/develop/packages/framework/tests/Unit/DocumentationPageTest.php" line="74" assertions="1" time="0.023085"/>
        <testcase name="test_can_get_online_source_path_with_source_file_location_base" class="Hyde\Framework\Testing\Unit\DocumentationPageTest" classname="Hyde.Framework.Testing.Unit.DocumentationPageTest" file="/home/runner/work/develop/develop/packages/framework/tests/Unit/DocumentationPageTest.php" line="80" assertions="1" time="0.023140"/>
        <testcase name="test_can_get_online_source_path_with_trailing_slash" class="Hyde\Framework\Testing\Unit\DocumentationPageTest" classname="Hyde.Framework.Testing.Unit.DocumentationPageTest" file="/home/runner/work/develop/develop/packages/framework/tests/Unit/DocumentationPageTest.php" line="87" assertions="2" time="0.023088"/>
        <testcase name="test_can_get_documentation_output_path" class="Hyde\Framework\Testing\Unit\DocumentationPageTest" classname="Hyde.Framework.Testing.Unit.DocumentationPageTest" file="/home/runner/work/develop/develop/packages/framework/tests/Unit/DocumentationPageTest.php" line="98" assertions="1" time="0.021771"/>
        <testcase name="test_can_get_documentation_output_path_with_custom_output_directory" class="Hyde\Framework\Testing\Unit\DocumentationPageTest" classname="Hyde.Framework.Testing.Unit.DocumentationPageTest" file="/home/runner/work/develop/develop/packages/framework/tests/Unit/DocumentationPageTest.php" line="103" assertions="1" time="0.023006"/>
        <testcase name="test_can_get_documentation_output_path_with_trailing_slashes" class="Hyde\Framework\Testing\Unit\DocumentationPageTest" classname="Hyde.Framework.Testing.Unit.DocumentationPageTest" file="/home/runner/work/develop/develop/packages/framework/tests/Unit/DocumentationPageTest.php" line="110" assertions="5" time="0.027207"/>
        <testcase name="test_get_source_path_returns_qualified_basename" class="Hyde\Framework\Testing\Unit\DocumentationPageTest" classname="Hyde.Framework.Testing.Unit.DocumentationPageTest" file="/home/runner/work/develop/develop/packages/framework/tests/Unit/DocumentationPageTest.php" line="127" assertions="1" time="0.023132"/>
        <testcase name="test_get_source_path_returns_qualified_basename_for_nested_page" class="Hyde\Framework\Testing\Unit\DocumentationPageTest" classname="Hyde.Framework.Testing.Unit.DocumentationPageTest" file="/home/runner/work/develop/develop/packages/framework/tests/Unit/DocumentationPageTest.php" line="135" assertions="1" time="0.023166"/>
        <testcase name="test_home_method_returns_null_when_there_is_no_index_page" class="Hyde\Framework\Testing\Unit\DocumentationPageTest" classname="Hyde.Framework.Testing.Unit.DocumentationPageTest" file="/home/runner/work/develop/develop/packages/framework/tests/Unit/DocumentationPageTest.php" line="143" assertions="1" time="0.025870"/>
        <testcase name="test_home_method_returns_docs_index_route_when_it_exists" class="Hyde\Framework\Testing\Unit\DocumentationPageTest" classname="Hyde.Framework.Testing.Unit.DocumentationPageTest" file="/home/runner/work/develop/develop/packages/framework/tests/Unit/DocumentationPageTest.php" line="148" assertions="2" time="0.027694"/>
        <testcase name="test_home_method_finds_docs_index_for_custom_output_directory" class="Hyde\Framework\Testing\Unit\DocumentationPageTest" classname="Hyde.Framework.Testing.Unit.DocumentationPageTest" file="/home/runner/work/develop/develop/packages/framework/tests/Unit/DocumentationPageTest.php" line="156" assertions="2" time="0.029259"/>
        <testcase name="test_home_method_finds_docs_index_for_custom_nested_output_directory" class="Hyde\Framework\Testing\Unit\DocumentationPageTest" classname="Hyde.Framework.Testing.Unit.DocumentationPageTest" file="/home/runner/work/develop/develop/packages/framework/tests/Unit/DocumentationPageTest.php" line="168" assertions="2" time="0.029460"/>
        <testcase name="test_home_route_name_method_returns_output_directory_slash_index" class="Hyde\Framework\Testing\Unit\DocumentationPageTest" classname="Hyde.Framework.Testing.Unit.DocumentationPageTest" file="/home/runner/work/develop/develop/packages/framework/tests/Unit/DocumentationPageTest.php" line="181" assertions="1" time="0.022486"/>
        <testcase name="test_home_route_name_method_returns_customized_output_directory_slash_index" class="Hyde\Framework\Testing\Unit\DocumentationPageTest" classname="Hyde.Framework.Testing.Unit.DocumentationPageTest" file="/home/runner/work/develop/develop/packages/framework/tests/Unit/DocumentationPageTest.php" line="186" assertions="1" time="0.023211"/>
        <testcase name="test_has_table_of_contents" class="Hyde\Framework\Testing\Unit\DocumentationPageTest" classname="Hyde.Framework.Testing.Unit.DocumentationPageTest" file="/home/runner/work/develop/develop/packages/framework/tests/Unit/DocumentationPageTest.php" line="194" assertions="3" time="0.022193"/>
        <testcase name="test_compiled_pages_originating_in_subdirectories_get_output_to_root_docs_path" class="Hyde\Framework\Testing\Unit\DocumentationPageTest" classname="Hyde.Framework.Testing.Unit.DocumentationPageTest" file="/home/runner/work/develop/develop/packages/framework/tests/Unit/DocumentationPageTest.php" line="205" assertions="1" time="0.023195"/>
        <testcase name="test_compiled_pages_originating_in_subdirectories_get_output_to_root_docs_path_when_using_flattened_output_paths" class="Hyde\Framework\Testing\Unit\DocumentationPageTest" classname="Hyde.Framework.Testing.Unit.DocumentationPageTest" file="/home/runner/work/develop/develop/packages/framework/tests/Unit/DocumentationPageTest.php" line="211" assertions="1" time="0.023519"/>
        <testcase name="test_compiled_pages_originating_in_subdirectories_retain_subdirectory_structure_when_not_using_flattened_output_paths" class="Hyde\Framework\Testing\Unit\DocumentationPageTest" classname="Hyde.Framework.Testing.Unit.DocumentationPageTest" file="/home/runner/work/develop/develop/packages/framework/tests/Unit/DocumentationPageTest.php" line="218" assertions="1" time="0.023255"/>
        <testcase name="test_page_has_front_matter" class="Hyde\Framework\Testing\Unit\DocumentationPageTest" classname="Hyde.Framework.Testing.Unit.DocumentationPageTest" file="/home/runner/work/develop/develop/packages/framework/tests/Unit/DocumentationPageTest.php" line="225" assertions="3" time="0.025012"/>
        <testcase name="test_page_can_be_hidden_from_sidebar_using_front_matter" class="Hyde\Framework\Testing\Unit\DocumentationPageTest" classname="Hyde.Framework.Testing.Unit.DocumentationPageTest" file="/home/runner/work/develop/develop/packages/framework/tests/Unit/DocumentationPageTest.php" line="239" assertions="1" time="0.025001"/>
        <testcase name="test_page_is_visible_in_sidebar_without_using_front_matter" class="Hyde\Framework\Testing\Unit\DocumentationPageTest" classname="Hyde.Framework.Testing.Unit.DocumentationPageTest" file="/home/runner/work/develop/develop/packages/framework/tests/Unit/DocumentationPageTest.php" line="250" assertions="1" time="0.024753"/>
        <testcase name="test_page_can_set_sidebar_priority_using_front_matter" class="Hyde\Framework\Testing\Unit\DocumentationPageTest" classname="Hyde.Framework.Testing.Unit.DocumentationPageTest" file="/home/runner/work/develop/develop/packages/framework/tests/Unit/DocumentationPageTest.php" line="257" assertions="1" time="0.024758"/>
        <testcase name="test_page_can_set_sidebar_label_using_front_matter" class="Hyde\Framework\Testing\Unit\DocumentationPageTest" classname="Hyde.Framework.Testing.Unit.DocumentationPageTest" file="/home/runner/work/develop/develop/packages/framework/tests/Unit/DocumentationPageTest.php" line="268" assertions="1" time="0.024707"/>
      </testsuite>
      <testsuite name="Hyde\Framework\Testing\Unit\DropdownNavItemTest" file="/home/runner/work/develop/develop/packages/framework/tests/Unit/DropdownNavItemTest.php" tests="4" assertions="8" errors="0" warnings="0" failures="0" skipped="0" time="0.004413">
        <testcase name="testConstruct" class="Hyde\Framework\Testing\Unit\DropdownNavItemTest" classname="Hyde.Framework.Testing.Unit.DropdownNavItemTest" file="/home/runner/work/develop/develop/packages/framework/tests/Unit/DropdownNavItemTest.php" line="34" assertions="2" time="0.000455"/>
        <testcase name="testFromArray" class="Hyde\Framework\Testing\Unit\DropdownNavItemTest" classname="Hyde.Framework.Testing.Unit.DropdownNavItemTest" file="/home/runner/work/develop/develop/packages/framework/tests/Unit/DropdownNavItemTest.php" line="42" assertions="2" time="0.000573"/>
        <testcase name="testWithChildren" class="Hyde\Framework\Testing\Unit\DropdownNavItemTest" classname="Hyde.Framework.Testing.Unit.DropdownNavItemTest" file="/home/runner/work/develop/develop/packages/framework/tests/Unit/DropdownNavItemTest.php" line="50" assertions="2" time="0.001505"/>
        <testcase name="testGetItems" class="Hyde\Framework\Testing\Unit\DropdownNavItemTest" classname="Hyde.Framework.Testing.Unit.DropdownNavItemTest" file="/home/runner/work/develop/develop/packages/framework/tests/Unit/DropdownNavItemTest.php" line="63" assertions="2" time="0.001880"/>
      </testsuite>
      <testsuite name="Hyde\Framework\Testing\Unit\EnsureCodeFollowsNamingConventionTest" file="/home/runner/work/develop/develop/packages/framework/tests/Unit/EnsureCodeFollowsNamingConventionTest.php" tests="2" assertions="42" errors="0" warnings="0" failures="0" skipped="0" time="0.001800">
        <testcase name="testCommandsClassesFollowNamingConventions" class="Hyde\Framework\Testing\Unit\EnsureCodeFollowsNamingConventionTest" classname="Hyde.Framework.Testing.Unit.EnsureCodeFollowsNamingConventionTest" file="/home/runner/work/develop/develop/packages/framework/tests/Unit/EnsureCodeFollowsNamingConventionTest.php" line="17" assertions="35" time="0.000998"/>
        <testcase name="testActionEntryPointsFollowNamingConventions" class="Hyde\Framework\Testing\Unit\EnsureCodeFollowsNamingConventionTest" classname="Hyde.Framework.Testing.Unit.EnsureCodeFollowsNamingConventionTest" file="/home/runner/work/develop/develop/packages/framework/tests/Unit/EnsureCodeFollowsNamingConventionTest.php" line="31" assertions="7" time="0.000802"/>
      </testsuite>
      <testsuite name="Hyde\Framework\Testing\Unit\ExtensionsUnitTest" file="/home/runner/work/develop/develop/packages/framework/tests/Unit/ExtensionsUnitTest.php" tests="21" assertions="35" errors="0" warnings="0" failures="0" skipped="0" time="0.037714">
        <testcase name="testBaseClassGetPageClasses" class="Hyde\Framework\Testing\Unit\ExtensionsUnitTest" classname="Hyde.Framework.Testing.Unit.ExtensionsUnitTest" file="/home/runner/work/develop/develop/packages/framework/tests/Unit/ExtensionsUnitTest.php" line="45" assertions="1" time="0.000669"/>
        <testcase name="testBaseClassDiscoveryHandlers" class="Hyde\Framework\Testing\Unit\ExtensionsUnitTest" classname="Hyde.Framework.Testing.Unit.ExtensionsUnitTest" file="/home/runner/work/develop/develop/packages/framework/tests/Unit/ExtensionsUnitTest.php" line="50" assertions="1" time="0.004629"/>
        <testcase name="testCanRegisterNewExtension" class="Hyde\Framework\Testing\Unit\ExtensionsUnitTest" classname="Hyde.Framework.Testing.Unit.ExtensionsUnitTest" file="/home/runner/work/develop/develop/packages/framework/tests/Unit/ExtensionsUnitTest.php" line="61" assertions="1" time="0.001196"/>
        <testcase name="testRegisterExtensionAfterKernelIsBooted" class="Hyde\Framework\Testing\Unit\ExtensionsUnitTest" classname="Hyde.Framework.Testing.Unit.ExtensionsUnitTest" file="/home/runner/work/develop/develop/packages/framework/tests/Unit/ExtensionsUnitTest.php" line="68" assertions="2" time="0.004318"/>
        <testcase name="testRegisterExtensionWithInvalidExtensionClass" class="Hyde\Framework\Testing\Unit\ExtensionsUnitTest" classname="Hyde.Framework.Testing.Unit.ExtensionsUnitTest" file="/home/runner/work/develop/develop/packages/framework/tests/Unit/ExtensionsUnitTest.php" line="78" assertions="2" time="0.001231"/>
        <testcase name="testRegisterExtensionWithNonClassString" class="Hyde\Framework\Testing\Unit\ExtensionsUnitTest" classname="Hyde.Framework.Testing.Unit.ExtensionsUnitTest" file="/home/runner/work/develop/develop/packages/framework/tests/Unit/ExtensionsUnitTest.php" line="86" assertions="2" time="0.000958"/>
        <testcase name="testRegisterExtensionWithAlreadyRegisteredExtension" class="Hyde\Framework\Testing\Unit\ExtensionsUnitTest" classname="Hyde.Framework.Testing.Unit.ExtensionsUnitTest" file="/home/runner/work/develop/develop/packages/framework/tests/Unit/ExtensionsUnitTest.php" line="94" assertions="2" time="0.000954"/>
        <testcase name="testRegisterExtensionMethodDoesNotRegisterAlreadyRegisteredClasses" class="Hyde\Framework\Testing\Unit\ExtensionsUnitTest" classname="Hyde.Framework.Testing.Unit.ExtensionsUnitTest" file="/home/runner/work/develop/develop/packages/framework/tests/Unit/ExtensionsUnitTest.php" line="103" assertions="1" time="0.000850"/>
        <testcase name="testGetExtensionWithValidExtension" class="Hyde\Framework\Testing\Unit\ExtensionsUnitTest" classname="Hyde.Framework.Testing.Unit.ExtensionsUnitTest" file="/home/runner/work/develop/develop/packages/framework/tests/Unit/ExtensionsUnitTest.php" line="116" assertions="1" time="0.000833"/>
        <testcase name="testGetExtensionWithCustomExtension" class="Hyde\Framework\Testing\Unit\ExtensionsUnitTest" classname="Hyde.Framework.Testing.Unit.ExtensionsUnitTest" file="/home/runner/work/develop/develop/packages/framework/tests/Unit/ExtensionsUnitTest.php" line="121" assertions="1" time="0.000818"/>
        <testcase name="testGetExtensionWithInvalidExtension" class="Hyde\Framework\Testing\Unit\ExtensionsUnitTest" classname="Hyde.Framework.Testing.Unit.ExtensionsUnitTest" file="/home/runner/work/develop/develop/packages/framework/tests/Unit/ExtensionsUnitTest.php" line="128" assertions="2" time="0.000852"/>
        <testcase name="testGetExtensionGenerics" class="Hyde\Framework\Testing\Unit\ExtensionsUnitTest" classname="Hyde.Framework.Testing.Unit.ExtensionsUnitTest" file="/home/runner/work/develop/develop/packages/framework/tests/Unit/ExtensionsUnitTest.php" line="136" assertions="3" time="0.000845"/>
        <testcase name="testHasExtensionWithValidExtension" class="Hyde\Framework\Testing\Unit\ExtensionsUnitTest" classname="Hyde.Framework.Testing.Unit.ExtensionsUnitTest" file="/home/runner/work/develop/develop/packages/framework/tests/Unit/ExtensionsUnitTest.php" line="148" assertions="1" time="0.000806"/>
        <testcase name="testHasExtensionWithCustomExtension" class="Hyde\Framework\Testing\Unit\ExtensionsUnitTest" classname="Hyde.Framework.Testing.Unit.ExtensionsUnitTest" file="/home/runner/work/develop/develop/packages/framework/tests/Unit/ExtensionsUnitTest.php" line="153" assertions="1" time="0.000800"/>
        <testcase name="testHasExtensionWithInvalidExtension" class="Hyde\Framework\Testing\Unit\ExtensionsUnitTest" classname="Hyde.Framework.Testing.Unit.ExtensionsUnitTest" file="/home/runner/work/develop/develop/packages/framework/tests/Unit/ExtensionsUnitTest.php" line="160" assertions="1" time="0.000794"/>
        <testcase name="testFileHandlerDependencyInjection" class="Hyde\Framework\Testing\Unit\ExtensionsUnitTest" classname="Hyde.Framework.Testing.Unit.ExtensionsUnitTest" file="/home/runner/work/develop/develop/packages/framework/tests/Unit/ExtensionsUnitTest.php" line="165" assertions="1" time="0.001887"/>
        <testcase name="testPageHandlerDependencyInjection" class="Hyde\Framework\Testing\Unit\ExtensionsUnitTest" classname="Hyde.Framework.Testing.Unit.ExtensionsUnitTest" file="/home/runner/work/develop/develop/packages/framework/tests/Unit/ExtensionsUnitTest.php" line="174" assertions="4" time="0.006412"/>
        <testcase name="testRouteHandlerDependencyInjection" class="Hyde\Framework\Testing\Unit\ExtensionsUnitTest" classname="Hyde.Framework.Testing.Unit.ExtensionsUnitTest" file="/home/runner/work/develop/develop/packages/framework/tests/Unit/ExtensionsUnitTest.php" line="183" assertions="4" time="0.004661"/>
        <testcase name="test_get_registered_page_classes_returns_core_extension_classes" class="Hyde\Framework\Testing\Unit\ExtensionsUnitTest" classname="Hyde.Framework.Testing.Unit.ExtensionsUnitTest" file="/home/runner/work/develop/develop/packages/framework/tests/Unit/ExtensionsUnitTest.php" line="192" assertions="1" time="0.001502"/>
        <testcase name="test_get_registered_page_classes_merges_all_extension_classes" class="Hyde\Framework\Testing\Unit\ExtensionsUnitTest" classname="Hyde.Framework.Testing.Unit.ExtensionsUnitTest" file="/home/runner/work/develop/develop/packages/framework/tests/Unit/ExtensionsUnitTest.php" line="197" assertions="1" time="0.001342"/>
        <testcase name="test_merged_registered_page_classes_array_contents" class="Hyde\Framework\Testing\Unit\ExtensionsUnitTest" classname="Hyde.Framework.Testing.Unit.ExtensionsUnitTest" file="/home/runner/work/develop/develop/packages/framework/tests/Unit/ExtensionsUnitTest.php" line="207" assertions="2" time="0.001356"/>
      </testsuite>
      <testsuite name="Hyde\Framework\Testing\Unit\Facades\AssetFacadeTest" file="/home/runner/work/develop/develop/packages/framework/tests/Unit/Facades/AssetFacadeTest.php" tests="3" assertions="3" errors="0" warnings="0" failures="0" skipped="0" time="0.065746">
        <testcase name="test_asset_facade_returns_the_asset_service" class="Hyde\Framework\Testing\Unit\Facades\AssetFacadeTest" classname="Hyde.Framework.Testing.Unit.Facades.AssetFacadeTest" file="/home/runner/work/develop/develop/packages/framework/tests/Unit/Facades/AssetFacadeTest.php" line="16" assertions="1" time="0.021662"/>
        <testcase name="test_facade_returns_same_instance_as_bound_by_the_container" class="Hyde\Framework\Testing\Unit\Facades\AssetFacadeTest" classname="Hyde.Framework.Testing.Unit.Facades.AssetFacadeTest" file="/home/runner/work/develop/develop/packages/framework/tests/Unit/Facades/AssetFacadeTest.php" line="21" assertions="1" time="0.021937"/>
        <testcase name="test_asset_facade_can_call_methods_on_the_asset_service" class="Hyde\Framework\Testing\Unit\Facades\AssetFacadeTest" classname="Hyde.Framework.Testing.Unit.Facades.AssetFacadeTest" file="/home/runner/work/develop/develop/packages/framework/tests/Unit/Facades/AssetFacadeTest.php" line="26" assertions="1" time="0.022147"/>
      </testsuite>
      <testsuite name="Hyde\Framework\Testing\Unit\Facades\AuthorTest" file="/home/runner/work/develop/develop/packages/framework/tests/Unit/Facades/AuthorTest.php" tests="3" assertions="10" errors="0" warnings="0" failures="0" skipped="0" time="0.066210">
        <testcase name="testCreate" class="Hyde\Framework\Testing\Unit\Facades\AuthorTest" classname="Hyde.Framework.Testing.Unit.Facades.AuthorTest" file="/home/runner/work/develop/develop/packages/framework/tests/Unit/Facades/AuthorTest.php" line="16" assertions="4" time="0.021479"/>
        <testcase name="testGet" class="Hyde\Framework\Testing\Unit\Facades\AuthorTest" classname="Hyde.Framework.Testing.Unit.Facades.AuthorTest" file="/home/runner/work/develop/develop/packages/framework/tests/Unit/Facades/AuthorTest.php" line="27" assertions="4" time="0.022611"/>
        <testcase name="testAll" class="Hyde\Framework\Testing\Unit\Facades\AuthorTest" classname="Hyde.Framework.Testing.Unit.Facades.AuthorTest" file="/home/runner/work/develop/develop/packages/framework/tests/Unit/Facades/AuthorTest.php" line="38" assertions="2" time="0.022121"/>
      </testsuite>
      <testsuite name="Hyde\Framework\Testing\Unit\Facades\HydeFacadesAreAliasedInAppConfigTest" file="/home/runner/work/develop/develop/packages/framework/tests/Unit/Facades/HydeFacadesAreAliasedInAppConfigTest.php" tests="1" assertions="8" errors="0" warnings="0" failures="0" skipped="0" time="0.021758">
        <testcase name="test_all_facades_are_aliased_in_app_config" class="Hyde\Framework\Testing\Unit\Facades\HydeFacadesAreAliasedInAppConfigTest" classname="Hyde.Framework.Testing.Unit.Facades.HydeFacadesAreAliasedInAppConfigTest" file="/home/runner/work/develop/develop/packages/framework/tests/Unit/Facades/HydeFacadesAreAliasedInAppConfigTest.php" line="12" assertions="8" time="0.021758"/>
      </testsuite>
      <testsuite name="Hyde\Framework\Testing\Unit\Facades\RouteFacadeTest" file="/home/runner/work/develop/develop/packages/framework/tests/Unit/Facades/RouteFacadeTest.php" tests="10" assertions="10" errors="0" warnings="0" failures="0" skipped="0" time="0.015279">
        <testcase name="testRouteFacadeAllMethodReturnsAllRoutes" class="Hyde\Framework\Testing\Unit\Facades\RouteFacadeTest" classname="Hyde.Framework.Testing.Unit.Facades.RouteFacadeTest" file="/home/runner/work/develop/develop/packages/framework/tests/Unit/Facades/RouteFacadeTest.php" line="29" assertions="1" time="0.003995"/>
        <testcase name="testGetOrFailThrowsExceptionIfRouteIsNotFound" class="Hyde\Framework\Testing\Unit\Facades\RouteFacadeTest" classname="Hyde.Framework.Testing.Unit.Facades.RouteFacadeTest" file="/home/runner/work/develop/develop/packages/framework/tests/Unit/Facades/RouteFacadeTest.php" line="34" assertions="1" time="0.001030"/>
        <testcase name="testGetReturnsRouteFromRouterIndex" class="Hyde\Framework\Testing\Unit\Facades\RouteFacadeTest" classname="Hyde.Framework.Testing.Unit.Facades.RouteFacadeTest" file="/home/runner/work/develop/develop/packages/framework/tests/Unit/Facades/RouteFacadeTest.php" line="40" assertions="1" time="0.000613"/>
        <testcase name="testGetReturnsRouteFromRouterIndexForTheRightPage" class="Hyde\Framework\Testing\Unit\Facades\RouteFacadeTest" classname="Hyde.Framework.Testing.Unit.Facades.RouteFacadeTest" file="/home/runner/work/develop/develop/packages/framework/tests/Unit/Facades/RouteFacadeTest.php" line="45" assertions="1" time="0.002574"/>
        <testcase name="testGetFromReturnsNullIfRouteIsNotFound" class="Hyde\Framework\Testing\Unit\Facades\RouteFacadeTest" classname="Hyde.Framework.Testing.Unit.Facades.RouteFacadeTest" file="/home/runner/work/develop/develop/packages/framework/tests/Unit/Facades/RouteFacadeTest.php" line="50" assertions="1" time="0.000902"/>
        <testcase name="testGetSupportsDotNotation" class="Hyde\Framework\Testing\Unit\Facades\RouteFacadeTest" classname="Hyde.Framework.Testing.Unit.Facades.RouteFacadeTest" file="/home/runner/work/develop/develop/packages/framework/tests/Unit/Facades/RouteFacadeTest.php" line="55" assertions="1" time="0.001823"/>
        <testcase name="testCurrentReturnsCurrentRoute" class="Hyde\Framework\Testing\Unit\Facades\RouteFacadeTest" classname="Hyde.Framework.Testing.Unit.Facades.RouteFacadeTest" file="/home/runner/work/develop/develop/packages/framework/tests/Unit/Facades/RouteFacadeTest.php" line="61" assertions="1" time="0.002003"/>
        <testcase name="testCurrentReturnsNullIfRouteIsNotFound" class="Hyde\Framework\Testing\Unit\Facades\RouteFacadeTest" classname="Hyde.Framework.Testing.Unit.Facades.RouteFacadeTest" file="/home/runner/work/develop/develop/packages/framework/tests/Unit/Facades/RouteFacadeTest.php" line="69" assertions="1" time="0.001132"/>
        <testcase name="testExistsForExistingRoute" class="Hyde\Framework\Testing\Unit\Facades\RouteFacadeTest" classname="Hyde.Framework.Testing.Unit.Facades.RouteFacadeTest" file="/home/runner/work/develop/develop/packages/framework/tests/Unit/Facades/RouteFacadeTest.php" line="76" assertions="1" time="0.000619"/>
        <testcase name="testExistsForNonExistingRoute" class="Hyde\Framework\Testing\Unit\Facades\RouteFacadeTest" classname="Hyde.Framework.Testing.Unit.Facades.RouteFacadeTest" file="/home/runner/work/develop/develop/packages/framework/tests/Unit/Facades/RouteFacadeTest.php" line="81" assertions="1" time="0.000587"/>
      </testsuite>
      <testsuite name="Hyde\Framework\Testing\Unit\FeaturedImageUnitTest" file="/home/runner/work/develop/develop/packages/framework/tests/Unit/FeaturedImageUnitTest.php" tests="20" assertions="39" errors="0" warnings="0" failures="0" skipped="0" time="0.011871">
        <testcase name="testCanConstruct" class="Hyde\Framework\Testing\Unit\FeaturedImageUnitTest" classname="Hyde.Framework.Testing.Unit.FeaturedImageUnitTest" file="/home/runner/work/develop/develop/packages/framework/tests/Unit/FeaturedImageUnitTest.php" line="23" assertions="1" time="0.000443"/>
        <testcase name="testGetAltText" class="Hyde\Framework\Testing\Unit\FeaturedImageUnitTest" classname="Hyde.Framework.Testing.Unit.FeaturedImageUnitTest" file="/home/runner/work/develop/develop/packages/framework/tests/Unit/FeaturedImageUnitTest.php" line="28" assertions="2" time="0.000620"/>
        <testcase name="testGetTitleText" class="Hyde\Framework\Testing\Unit\FeaturedImageUnitTest" classname="Hyde.Framework.Testing.Unit.FeaturedImageUnitTest" file="/home/runner/work/develop/develop/packages/framework/tests/Unit/FeaturedImageUnitTest.php" line="34" assertions="2" time="0.000609"/>
        <testcase name="testGetAuthorName" class="Hyde\Framework\Testing\Unit\FeaturedImageUnitTest" classname="Hyde.Framework.Testing.Unit.FeaturedImageUnitTest" file="/home/runner/work/develop/develop/packages/framework/tests/Unit/FeaturedImageUnitTest.php" line="40" assertions="2" time="0.000617"/>
        <testcase name="testGetAuthorUrl" class="Hyde\Framework\Testing\Unit\FeaturedImageUnitTest" classname="Hyde.Framework.Testing.Unit.FeaturedImageUnitTest" file="/home/runner/work/develop/develop/packages/framework/tests/Unit/FeaturedImageUnitTest.php" line="46" assertions="2" time="0.000601"/>
        <testcase name="testGetCopyrightText" class="Hyde\Framework\Testing\Unit\FeaturedImageUnitTest" classname="Hyde.Framework.Testing.Unit.FeaturedImageUnitTest" file="/home/runner/work/develop/develop/packages/framework/tests/Unit/FeaturedImageUnitTest.php" line="52" assertions="2" time="0.000588"/>
        <testcase name="testGetLicenseName" class="Hyde\Framework\Testing\Unit\FeaturedImageUnitTest" classname="Hyde.Framework.Testing.Unit.FeaturedImageUnitTest" file="/home/runner/work/develop/develop/packages/framework/tests/Unit/FeaturedImageUnitTest.php" line="58" assertions="2" time="0.000601"/>
        <testcase name="testGetLicenseUrl" class="Hyde\Framework\Testing\Unit\FeaturedImageUnitTest" classname="Hyde.Framework.Testing.Unit.FeaturedImageUnitTest" file="/home/runner/work/develop/develop/packages/framework/tests/Unit/FeaturedImageUnitTest.php" line="64" assertions="2" time="0.000583"/>
        <testcase name="testHasAltText" class="Hyde\Framework\Testing\Unit\FeaturedImageUnitTest" classname="Hyde.Framework.Testing.Unit.FeaturedImageUnitTest" file="/home/runner/work/develop/develop/packages/framework/tests/Unit/FeaturedImageUnitTest.php" line="70" assertions="2" time="0.000616"/>
        <testcase name="testHasTitleText" class="Hyde\Framework\Testing\Unit\FeaturedImageUnitTest" classname="Hyde.Framework.Testing.Unit.FeaturedImageUnitTest" file="/home/runner/work/develop/develop/packages/framework/tests/Unit/FeaturedImageUnitTest.php" line="76" assertions="2" time="0.000589"/>
        <testcase name="testHasAuthorName" class="Hyde\Framework\Testing\Unit\FeaturedImageUnitTest" classname="Hyde.Framework.Testing.Unit.FeaturedImageUnitTest" file="/home/runner/work/develop/develop/packages/framework/tests/Unit/FeaturedImageUnitTest.php" line="82" assertions="2" time="0.000594"/>
        <testcase name="testHasAuthorUrl" class="Hyde\Framework\Testing\Unit\FeaturedImageUnitTest" classname="Hyde.Framework.Testing.Unit.FeaturedImageUnitTest" file="/home/runner/work/develop/develop/packages/framework/tests/Unit/FeaturedImageUnitTest.php" line="88" assertions="2" time="0.000605"/>
        <testcase name="testHasCopyrightText" class="Hyde\Framework\Testing\Unit\FeaturedImageUnitTest" classname="Hyde.Framework.Testing.Unit.FeaturedImageUnitTest" file="/home/runner/work/develop/develop/packages/framework/tests/Unit/FeaturedImageUnitTest.php" line="94" assertions="2" time="0.000578"/>
        <testcase name="testHasLicenseName" class="Hyde\Framework\Testing\Unit\FeaturedImageUnitTest" classname="Hyde.Framework.Testing.Unit.FeaturedImageUnitTest" file="/home/runner/work/develop/develop/packages/framework/tests/Unit/FeaturedImageUnitTest.php" line="100" assertions="2" time="0.000591"/>
        <testcase name="testHasLicenseUrl" class="Hyde\Framework\Testing\Unit\FeaturedImageUnitTest" classname="Hyde.Framework.Testing.Unit.FeaturedImageUnitTest" file="/home/runner/work/develop/develop/packages/framework/tests/Unit/FeaturedImageUnitTest.php" line="106" assertions="2" time="0.000596"/>
        <testcase name="testGetType" class="Hyde\Framework\Testing\Unit\FeaturedImageUnitTest" classname="Hyde.Framework.Testing.Unit.FeaturedImageUnitTest" file="/home/runner/work/develop/develop/packages/framework/tests/Unit/FeaturedImageUnitTest.php" line="112" assertions="2" time="0.000557"/>
        <testcase name="testGetContentLength" class="Hyde\Framework\Testing\Unit\FeaturedImageUnitTest" classname="Hyde.Framework.Testing.Unit.FeaturedImageUnitTest" file="/home/runner/work/develop/develop/packages/framework/tests/Unit/FeaturedImageUnitTest.php" line="118" assertions="2" time="0.000568"/>
        <testcase name="testFeaturedImageGetContentLengthWithNoSource" class="Hyde\Framework\Testing\Unit\FeaturedImageUnitTest" classname="Hyde.Framework.Testing.Unit.FeaturedImageUnitTest" file="/home/runner/work/develop/develop/packages/framework/tests/Unit/FeaturedImageUnitTest.php" line="124" assertions="2" time="0.000844"/>
        <testcase name="testCanConstructFeaturedImageWithRemoteSource" class="Hyde\Framework\Testing\Unit\FeaturedImageUnitTest" classname="Hyde.Framework.Testing.Unit.FeaturedImageUnitTest" file="/home/runner/work/develop/develop/packages/framework/tests/Unit/FeaturedImageUnitTest.php" line="133" assertions="2" time="0.000570"/>
        <testcase name="testCanConstructFeaturedImageWithHttps" class="Hyde\Framework\Testing\Unit\FeaturedImageUnitTest" classname="Hyde.Framework.Testing.Unit.FeaturedImageUnitTest" file="/home/runner/work/develop/develop/packages/framework/tests/Unit/FeaturedImageUnitTest.php" line="141" assertions="2" time="0.000501"/>
      </testsuite>
      <testsuite name="Hyde\Framework\Testing\Unit\FileConflictExceptionTest" file="/home/runner/work/develop/develop/packages/framework/tests/Unit/FileConflictExceptionTest.php" tests="6" assertions="6" errors="0" warnings="0" failures="0" skipped="0" time="0.003224">
        <testcase name="test_it_can_be_instantiated" class="Hyde\Framework\Testing\Unit\FileConflictExceptionTest" classname="Hyde.Framework.Testing.Unit.FileConflictExceptionTest" file="/home/runner/work/develop/develop/packages/framework/tests/Unit/FileConflictExceptionTest.php" line="16" assertions="1" time="0.000391"/>
        <testcase name="test_it_can_be_thrown" class="Hyde\Framework\Testing\Unit\FileConflictExceptionTest" classname="Hyde.Framework.Testing.Unit.FileConflictExceptionTest" file="/home/runner/work/develop/develop/packages/framework/tests/Unit/FileConflictExceptionTest.php" line="21" assertions="1" time="0.000506"/>
        <testcase name="test_exception_code" class="Hyde\Framework\Testing\Unit\FileConflictExceptionTest" classname="Hyde.Framework.Testing.Unit.FileConflictExceptionTest" file="/home/runner/work/develop/develop/packages/framework/tests/Unit/FileConflictExceptionTest.php" line="28" assertions="1" time="0.000480"/>
        <testcase name="test_exception_message" class="Hyde\Framework\Testing\Unit\FileConflictExceptionTest" classname="Hyde.Framework.Testing.Unit.FileConflictExceptionTest" file="/home/runner/work/develop/develop/packages/framework/tests/Unit/FileConflictExceptionTest.php" line="33" assertions="1" time="0.000460"/>
        <testcase name="test_exception_message_with_path" class="Hyde\Framework\Testing\Unit\FileConflictExceptionTest" classname="Hyde.Framework.Testing.Unit.FileConflictExceptionTest" file="/home/runner/work/develop/develop/packages/framework/tests/Unit/FileConflictExceptionTest.php" line="38" assertions="1" time="0.000688"/>
        <testcase name="test_exception_message_with_absolute_path" class="Hyde\Framework\Testing\Unit\FileConflictExceptionTest" classname="Hyde.Framework.Testing.Unit.FileConflictExceptionTest" file="/home/runner/work/develop/develop/packages/framework/tests/Unit/FileConflictExceptionTest.php" line="44" assertions="1" time="0.000699"/>
      </testsuite>
      <testsuite name="Hyde\Framework\Testing\Unit\Foundation\HyperlinkFileHelperRelativeLinkTest" file="/home/runner/work/develop/develop/packages/framework/tests/Unit/Foundation/HyperlinkFileHelperRelativeLinkTest.php" tests="16" assertions="29" errors="0" warnings="0" failures="0" skipped="0" time="0.015664">
        <testcase name="testHelperReturnsStringAsIsIfCurrentIsNotSet" class="Hyde\Framework\Testing\Unit\Foundation\HyperlinkFileHelperRelativeLinkTest" classname="Hyde.Framework.Testing.Unit.Foundation.HyperlinkFileHelperRelativeLinkTest" file="/home/runner/work/develop/develop/packages/framework/tests/Unit/Foundation/HyperlinkFileHelperRelativeLinkTest.php" line="32" assertions="1" time="0.000720"/>
        <testcase name="testHelperInjectsProperNumberOfDoublesSlash" class="Hyde\Framework\Testing\Unit\Foundation\HyperlinkFileHelperRelativeLinkTest" classname="Hyde.Framework.Testing.Unit.Foundation.HyperlinkFileHelperRelativeLinkTest" file="/home/runner/work/develop/develop/packages/framework/tests/Unit/Foundation/HyperlinkFileHelperRelativeLinkTest.php" line="37" assertions="1" time="0.000941"/>
        <testcase name="testHelperInjectsProperNumberOfDoublesSlashForDeeplyNestedPaths" class="Hyde\Framework\Testing\Unit\Foundation\HyperlinkFileHelperRelativeLinkTest" classname="Hyde.Framework.Testing.Unit.Foundation.HyperlinkFileHelperRelativeLinkTest" file="/home/runner/work/develop/develop/packages/framework/tests/Unit/Foundation/HyperlinkFileHelperRelativeLinkTest.php" line="43" assertions="1" time="0.000913"/>
        <testcase name="testHelperHandlesDestinationWithoutFileExtension" class="Hyde\Framework\Testing\Unit\Foundation\HyperlinkFileHelperRelativeLinkTest" classname="Hyde.Framework.Testing.Unit.Foundation.HyperlinkFileHelperRelativeLinkTest" file="/home/runner/work/develop/develop/packages/framework/tests/Unit/Foundation/HyperlinkFileHelperRelativeLinkTest.php" line="49" assertions="1" time="0.000885"/>
        <testcase name="testHelperHandlesCurrentWithoutFileExtension" class="Hyde\Framework\Testing\Unit\Foundation\HyperlinkFileHelperRelativeLinkTest" classname="Hyde.Framework.Testing.Unit.Foundation.HyperlinkFileHelperRelativeLinkTest" file="/home/runner/work/develop/develop/packages/framework/tests/Unit/Foundation/HyperlinkFileHelperRelativeLinkTest.php" line="55" assertions="1" time="0.000887"/>
        <testcase name="testHelperHandlesCaseWithoutAnyFileExtensions" class="Hyde\Framework\Testing\Unit\Foundation\HyperlinkFileHelperRelativeLinkTest" classname="Hyde.Framework.Testing.Unit.Foundation.HyperlinkFileHelperRelativeLinkTest" file="/home/runner/work/develop/develop/packages/framework/tests/Unit/Foundation/HyperlinkFileHelperRelativeLinkTest.php" line="61" assertions="1" time="0.000866"/>
        <testcase name="testHelperHandlesCaseWithMixedFileExtensions" class="Hyde\Framework\Testing\Unit\Foundation\HyperlinkFileHelperRelativeLinkTest" classname="Hyde.Framework.Testing.Unit.Foundation.HyperlinkFileHelperRelativeLinkTest" file="/home/runner/work/develop/develop/packages/framework/tests/Unit/Foundation/HyperlinkFileHelperRelativeLinkTest.php" line="67" assertions="2" time="0.001011"/>
        <testcase name="testHelperHandlesDifferentFileExtensions" class="Hyde\Framework\Testing\Unit\Foundation\HyperlinkFileHelperRelativeLinkTest" classname="Hyde.Framework.Testing.Unit.Foundation.HyperlinkFileHelperRelativeLinkTest" file="/home/runner/work/develop/develop/packages/framework/tests/Unit/Foundation/HyperlinkFileHelperRelativeLinkTest.php" line="75" assertions="3" time="0.000999"/>
        <testcase name="testHelperReturnsPrettyUrlIfEnabledAndDestinationIsAHtmlFile" class="Hyde\Framework\Testing\Unit\Foundation\HyperlinkFileHelperRelativeLinkTest" classname="Hyde.Framework.Testing.Unit.Foundation.HyperlinkFileHelperRelativeLinkTest" file="/home/runner/work/develop/develop/packages/framework/tests/Unit/Foundation/HyperlinkFileHelperRelativeLinkTest.php" line="83" assertions="1" time="0.000976"/>
        <testcase name="testHelperMethodDoesNotRequireCurrentPathToBeHtmlToUsePrettyUrls" class="Hyde\Framework\Testing\Unit\Foundation\HyperlinkFileHelperRelativeLinkTest" classname="Hyde.Framework.Testing.Unit.Foundation.HyperlinkFileHelperRelativeLinkTest" file="/home/runner/work/develop/develop/packages/framework/tests/Unit/Foundation/HyperlinkFileHelperRelativeLinkTest.php" line="90" assertions="1" time="0.000975"/>
        <testcase name="testHelperReturnsDoesNotReturnPrettyUrlIfWhenEnabledButAndDestinationIsNotAHtmlFile" class="Hyde\Framework\Testing\Unit\Foundation\HyperlinkFileHelperRelativeLinkTest" classname="Hyde.Framework.Testing.Unit.Foundation.HyperlinkFileHelperRelativeLinkTest" file="/home/runner/work/develop/develop/packages/framework/tests/Unit/Foundation/HyperlinkFileHelperRelativeLinkTest.php" line="97" assertions="1" time="0.000951"/>
        <testcase name="testHelperRewritesIndexWhenUsingPrettyUrls" class="Hyde\Framework\Testing\Unit\Foundation\HyperlinkFileHelperRelativeLinkTest" classname="Hyde.Framework.Testing.Unit.Foundation.HyperlinkFileHelperRelativeLinkTest" file="/home/runner/work/develop/develop/packages/framework/tests/Unit/Foundation/HyperlinkFileHelperRelativeLinkTest.php" line="104" assertions="3" time="0.001173"/>
        <testcase name="testHelperDoesNotRewriteIndexWhenNotUsingPrettyUrls" class="Hyde\Framework\Testing\Unit\Foundation\HyperlinkFileHelperRelativeLinkTest" classname="Hyde.Framework.Testing.Unit.Foundation.HyperlinkFileHelperRelativeLinkTest" file="/home/runner/work/develop/develop/packages/framework/tests/Unit/Foundation/HyperlinkFileHelperRelativeLinkTest.php" line="115" assertions="3" time="0.001173"/>
        <testcase name="testHelperRewritesDocumentationPageIndexWhenUsingPrettyUrls" class="Hyde\Framework\Testing\Unit\Foundation\HyperlinkFileHelperRelativeLinkTest" classname="Hyde.Framework.Testing.Unit.Foundation.HyperlinkFileHelperRelativeLinkTest" file="/home/runner/work/develop/develop/packages/framework/tests/Unit/Foundation/HyperlinkFileHelperRelativeLinkTest.php" line="126" assertions="4" time="0.001265"/>
        <testcase name="testHelperDoesNotRewriteDocumentationPageIndexWhenNotUsingPrettyUrls" class="Hyde\Framework\Testing\Unit\Foundation\HyperlinkFileHelperRelativeLinkTest" classname="Hyde.Framework.Testing.Unit.Foundation.HyperlinkFileHelperRelativeLinkTest" file="/home/runner/work/develop/develop/packages/framework/tests/Unit/Foundation/HyperlinkFileHelperRelativeLinkTest.php" line="139" assertions="4" time="0.001277"/>
        <testcase name="testHelperDoesNotRewriteAlreadyProcessedLinks" class="Hyde\Framework\Testing\Unit\Foundation\HyperlinkFileHelperRelativeLinkTest" classname="Hyde.Framework.Testing.Unit.Foundation.HyperlinkFileHelperRelativeLinkTest" file="/home/runner/work/develop/develop/packages/framework/tests/Unit/Foundation/HyperlinkFileHelperRelativeLinkTest.php" line="152" assertions="1" time="0.000652"/>
      </testsuite>
      <testsuite name="Hyde\Framework\Testing\Unit\Foundation\HyperlinkFormatHtmlPathTest" file="/home/runner/work/develop/develop/packages/framework/tests/Unit/Foundation/HyperlinkFormatHtmlPathTest.php" tests="14" assertions="14" errors="0" warnings="0" failures="0" skipped="0" time="0.009035">
        <testcase name="test_helper_returns_string_as_is_if_pretty_urls_is_not_true" class="Hyde\Framework\Testing\Unit\Foundation\HyperlinkFormatHtmlPathTest" classname="Hyde.Framework.Testing.Unit.Foundation.HyperlinkFormatHtmlPathTest" file="/home/runner/work/develop/develop/packages/framework/tests/Unit/Foundation/HyperlinkFormatHtmlPathTest.php" line="21" assertions="1" time="0.000592"/>
        <testcase name="test_helper_returns_pretty_url_if_pretty_urls_is_true" class="Hyde\Framework\Testing\Unit\Foundation\HyperlinkFormatHtmlPathTest" classname="Hyde.Framework.Testing.Unit.Foundation.HyperlinkFormatHtmlPathTest" file="/home/runner/work/develop/develop/packages/framework/tests/Unit/Foundation/HyperlinkFormatHtmlPathTest.php" line="28" assertions="1" time="0.000661"/>
        <testcase name="test_helper_respects_absolute_urls" class="Hyde\Framework\Testing\Unit\Foundation\HyperlinkFormatHtmlPathTest" classname="Hyde.Framework.Testing.Unit.Foundation.HyperlinkFormatHtmlPathTest" file="/home/runner/work/develop/develop/packages/framework/tests/Unit/Foundation/HyperlinkFormatHtmlPathTest.php" line="35" assertions="1" time="0.000652"/>
        <testcase name="test_helper_respects_pretty_absolute_urls" class="Hyde\Framework\Testing\Unit\Foundation\HyperlinkFormatHtmlPathTest" classname="Hyde.Framework.Testing.Unit.Foundation.HyperlinkFormatHtmlPathTest" file="/home/runner/work/develop/develop/packages/framework/tests/Unit/Foundation/HyperlinkFormatHtmlPathTest.php" line="41" assertions="1" time="0.000650"/>
        <testcase name="test_helper_respects_relative_urls" class="Hyde\Framework\Testing\Unit\Foundation\HyperlinkFormatHtmlPathTest" classname="Hyde.Framework.Testing.Unit.Foundation.HyperlinkFormatHtmlPathTest" file="/home/runner/work/develop/develop/packages/framework/tests/Unit/Foundation/HyperlinkFormatHtmlPathTest.php" line="47" assertions="1" time="0.000657"/>
        <testcase name="test_helper_respects_pretty_relative_urls" class="Hyde\Framework\Testing\Unit\Foundation\HyperlinkFormatHtmlPathTest" classname="Hyde.Framework.Testing.Unit.Foundation.HyperlinkFormatHtmlPathTest" file="/home/runner/work/develop/develop/packages/framework/tests/Unit/Foundation/HyperlinkFormatHtmlPathTest.php" line="53" assertions="1" time="0.000639"/>
        <testcase name="test_non_html_links_are_not_modified" class="Hyde\Framework\Testing\Unit\Foundation\HyperlinkFormatHtmlPathTest" classname="Hyde.Framework.Testing.Unit.Foundation.HyperlinkFormatHtmlPathTest" file="/home/runner/work/develop/develop/packages/framework/tests/Unit/Foundation/HyperlinkFormatHtmlPathTest.php" line="59" assertions="1" time="0.000643"/>
        <testcase name="test_helper_respects_absolute_urls_with_pretty_urls_enabled" class="Hyde\Framework\Testing\Unit\Foundation\HyperlinkFormatHtmlPathTest" classname="Hyde.Framework.Testing.Unit.Foundation.HyperlinkFormatHtmlPathTest" file="/home/runner/work/develop/develop/packages/framework/tests/Unit/Foundation/HyperlinkFormatHtmlPathTest.php" line="65" assertions="1" time="0.000656"/>
        <testcase name="test_helper_rewrites_index_when_using_pretty_urls" class="Hyde\Framework\Testing\Unit\Foundation\HyperlinkFormatHtmlPathTest" classname="Hyde.Framework.Testing.Unit.Foundation.HyperlinkFormatHtmlPathTest" file="/home/runner/work/develop/develop/packages/framework/tests/Unit/Foundation/HyperlinkFormatHtmlPathTest.php" line="71" assertions="1" time="0.000654"/>
        <testcase name="test_helper_does_not_rewrite_index_when_not_using_pretty_urls" class="Hyde\Framework\Testing\Unit\Foundation\HyperlinkFormatHtmlPathTest" classname="Hyde.Framework.Testing.Unit.Foundation.HyperlinkFormatHtmlPathTest" file="/home/runner/work/develop/develop/packages/framework/tests/Unit/Foundation/HyperlinkFormatHtmlPathTest.php" line="77" assertions="1" time="0.000644"/>
        <testcase name="test_helper_rewrites_documentation_page_index_when_using_pretty_urls" class="Hyde\Framework\Testing\Unit\Foundation\HyperlinkFormatHtmlPathTest" classname="Hyde.Framework.Testing.Unit.Foundation.HyperlinkFormatHtmlPathTest" file="/home/runner/work/develop/develop/packages/framework/tests/Unit/Foundation/HyperlinkFormatHtmlPathTest.php" line="83" assertions="1" time="0.000656"/>
        <testcase name="test_helper_does_not_rewrite_documentation_page_index_when_not_using_pretty_urls" class="Hyde\Framework\Testing\Unit\Foundation\HyperlinkFormatHtmlPathTest" classname="Hyde.Framework.Testing.Unit.Foundation.HyperlinkFormatHtmlPathTest" file="/home/runner/work/develop/develop/packages/framework/tests/Unit/Foundation/HyperlinkFormatHtmlPathTest.php" line="89" assertions="1" time="0.000647"/>
        <testcase name="test_helpers_rewrites_arbitrary_nested_index_pages_when_using_pretty_urls" class="Hyde\Framework\Testing\Unit\Foundation\HyperlinkFormatHtmlPathTest" classname="Hyde.Framework.Testing.Unit.Foundation.HyperlinkFormatHtmlPathTest" file="/home/runner/work/develop/develop/packages/framework/tests/Unit/Foundation/HyperlinkFormatHtmlPathTest.php" line="95" assertions="1" time="0.000634"/>
        <testcase name="test_helpers_does_not_rewrite_arbitrary_nested_index_pages_when_not_using_pretty_urls" class="Hyde\Framework\Testing\Unit\Foundation\HyperlinkFormatHtmlPathTest" classname="Hyde.Framework.Testing.Unit.Foundation.HyperlinkFormatHtmlPathTest" file="/home/runner/work/develop/develop/packages/framework/tests/Unit/Foundation/HyperlinkFormatHtmlPathTest.php" line="101" assertions="1" time="0.000650"/>
      </testsuite>
      <testsuite name="Hyde\Framework\Testing\Unit\Foundation\HyperlinksUrlPathHelpersTest" file="/home/runner/work/develop/develop/packages/framework/tests/Unit/Foundation/HyperlinksUrlPathHelpersTest.php" tests="11" assertions="16" errors="0" warnings="0" failures="0" skipped="0" time="0.247406">
        <testcase name="test_has_site_url_returns_false_when_no_site_url_is_set" class="Hyde\Framework\Testing\Unit\Foundation\HyperlinksUrlPathHelpersTest" classname="Hyde.Framework.Testing.Unit.Foundation.HyperlinksUrlPathHelpersTest" file="/home/runner/work/develop/develop/packages/framework/tests/Unit/Foundation/HyperlinksUrlPathHelpersTest.php" line="28" assertions="1" time="0.021597"/>
        <testcase name="test_has_site_url_returns_true_when_site_url_is_set" class="Hyde\Framework\Testing\Unit\Foundation\HyperlinksUrlPathHelpersTest" classname="Hyde.Framework.Testing.Unit.Foundation.HyperlinksUrlPathHelpersTest" file="/home/runner/work/develop/develop/packages/framework/tests/Unit/Foundation/HyperlinksUrlPathHelpersTest.php" line="34" assertions="1" time="0.021500"/>
        <testcase name="test_qualified_url_returns_site_url_when_no_path_is_given" class="Hyde\Framework\Testing\Unit\Foundation\HyperlinksUrlPathHelpersTest" classname="Hyde.Framework.Testing.Unit.Foundation.HyperlinksUrlPathHelpersTest" file="/home/runner/work/develop/develop/packages/framework/tests/Unit/Foundation/HyperlinksUrlPathHelpersTest.php" line="40" assertions="1" time="0.028498"/>
        <testcase name="test_qualified_url_returns_site_url_plus_given_path" class="Hyde\Framework\Testing\Unit\Foundation\HyperlinksUrlPathHelpersTest" classname="Hyde.Framework.Testing.Unit.Foundation.HyperlinksUrlPathHelpersTest" file="/home/runner/work/develop/develop/packages/framework/tests/Unit/Foundation/HyperlinksUrlPathHelpersTest.php" line="46" assertions="1" time="0.021848"/>
        <testcase name="test_qualified_url_returns_site_url_plus_given_path_with_extension" class="Hyde\Framework\Testing\Unit\Foundation\HyperlinksUrlPathHelpersTest" classname="Hyde.Framework.Testing.Unit.Foundation.HyperlinksUrlPathHelpersTest" file="/home/runner/work/develop/develop/packages/framework/tests/Unit/Foundation/HyperlinksUrlPathHelpersTest.php" line="52" assertions="1" time="0.021708"/>
        <testcase name="test_qualified_url_returns_site_url_plus_given_path_with_extension_and_query_string" class="Hyde\Framework\Testing\Unit\Foundation\HyperlinksUrlPathHelpersTest" classname="Hyde.Framework.Testing.Unit.Foundation.HyperlinksUrlPathHelpersTest" file="/home/runner/work/develop/develop/packages/framework/tests/Unit/Foundation/HyperlinksUrlPathHelpersTest.php" line="58" assertions="1" time="0.021925"/>
        <testcase name="test_qualified_url_trims_trailing_slashes" class="Hyde\Framework\Testing\Unit\Foundation\HyperlinksUrlPathHelpersTest" classname="Hyde.Framework.Testing.Unit.Foundation.HyperlinksUrlPathHelpersTest" file="/home/runner/work/develop/develop/packages/framework/tests/Unit/Foundation/HyperlinksUrlPathHelpersTest.php" line="64" assertions="3" time="0.022081"/>
        <testcase name="test_qualified_url_accepts_multiple_schemes" class="Hyde\Framework\Testing\Unit\Foundation\HyperlinksUrlPathHelpersTest" classname="Hyde.Framework.Testing.Unit.Foundation.HyperlinksUrlPathHelpersTest" file="/home/runner/work/develop/develop/packages/framework/tests/Unit/Foundation/HyperlinksUrlPathHelpersTest.php" line="72" assertions="1" time="0.022119"/>
        <testcase name="test_qualified_url_throws_exception_when_no_site_url_is_set" class="Hyde\Framework\Testing\Unit\Foundation\HyperlinksUrlPathHelpersTest" classname="Hyde.Framework.Testing.Unit.Foundation.HyperlinksUrlPathHelpersTest" file="/home/runner/work/develop/develop/packages/framework/tests/Unit/Foundation/HyperlinksUrlPathHelpersTest.php" line="78" assertions="2" time="0.021914"/>
        <testcase name="test_helper_returns_expected_string_when_site_url_is_set" class="Hyde\Framework\Testing\Unit\Foundation\HyperlinksUrlPathHelpersTest" classname="Hyde.Framework.Testing.Unit.Foundation.HyperlinksUrlPathHelpersTest" file="/home/runner/work/develop/develop/packages/framework/tests/Unit/Foundation/HyperlinksUrlPathHelpersTest.php" line="86" assertions="1" time="0.022053"/>
        <testcase name="test_helper_returns_expected_string_when_pretty_urls_are_enabled" class="Hyde\Framework\Testing\Unit\Foundation\HyperlinksUrlPathHelpersTest" classname="Hyde.Framework.Testing.Unit.Foundation.HyperlinksUrlPathHelpersTest" file="/home/runner/work/develop/develop/packages/framework/tests/Unit/Foundation/HyperlinksUrlPathHelpersTest.php" line="92" assertions="3" time="0.022163"/>
      </testsuite>
      <testsuite name="Hyde\Framework\Testing\Unit\FoundationFacadesTest" file="/home/runner/work/develop/develop/packages/framework/tests/Unit/FoundationFacadesTest.php" tests="6" assertions="6" errors="0" warnings="0" failures="0" skipped="0" time="0.007103">
        <testcase name="testFilesFacade" class="Hyde\Framework\Testing\Unit\FoundationFacadesTest" classname="Hyde.Framework.Testing.Unit.FoundationFacadesTest" file="/home/runner/work/develop/develop/packages/framework/tests/Unit/FoundationFacadesTest.php" line="29" assertions="1" time="0.004016"/>
        <testcase name="testPagesFacade" class="Hyde\Framework\Testing\Unit\FoundationFacadesTest" classname="Hyde.Framework.Testing.Unit.FoundationFacadesTest" file="/home/runner/work/develop/develop/packages/framework/tests/Unit/FoundationFacadesTest.php" line="34" assertions="1" time="0.000936"/>
        <testcase name="testRoutesFacade" class="Hyde\Framework\Testing\Unit\FoundationFacadesTest" classname="Hyde.Framework.Testing.Unit.FoundationFacadesTest" file="/home/runner/work/develop/develop/packages/framework/tests/Unit/FoundationFacadesTest.php" line="39" assertions="1" time="0.000537"/>
        <testcase name="testFilesFacadeUsesKernelInstance" class="Hyde\Framework\Testing\Unit\FoundationFacadesTest" classname="Hyde.Framework.Testing.Unit.FoundationFacadesTest" file="/home/runner/work/develop/develop/packages/framework/tests/Unit/FoundationFacadesTest.php" line="44" assertions="1" time="0.000541"/>
        <testcase name="testPagesFacadeUsesKernelInstance" class="Hyde\Framework\Testing\Unit\FoundationFacadesTest" classname="Hyde.Framework.Testing.Unit.FoundationFacadesTest" file="/home/runner/work/develop/develop/packages/framework/tests/Unit/FoundationFacadesTest.php" line="49" assertions="1" time="0.000541"/>
        <testcase name="testRoutesFacadeUsesKernelInstance" class="Hyde\Framework\Testing\Unit\FoundationFacadesTest" classname="Hyde.Framework.Testing.Unit.FoundationFacadesTest" file="/home/runner/work/develop/develop/packages/framework/tests/Unit/FoundationFacadesTest.php" line="54" assertions="1" time="0.000532"/>
      </testsuite>
      <testsuite name="Hyde\Framework\Testing\Unit\FrontMatterModelTest" file="/home/runner/work/develop/develop/packages/framework/tests/Unit/FrontMatterModelTest.php" tests="17" assertions="18" errors="0" warnings="0" failures="0" skipped="0" time="0.007944">
        <testcase name="testConstructorCreatesNewFrontMatterModel" class="Hyde\Framework\Testing\Unit\FrontMatterModelTest" classname="Hyde.Framework.Testing.Unit.FrontMatterModelTest" file="/home/runner/work/develop/develop/packages/framework/tests/Unit/FrontMatterModelTest.php" line="15" assertions="1" time="0.000385"/>
        <testcase name="testConstructorArgumentsAreOptional" class="Hyde\Framework\Testing\Unit\FrontMatterModelTest" classname="Hyde.Framework.Testing.Unit.FrontMatterModelTest" file="/home/runner/work/develop/develop/packages/framework/tests/Unit/FrontMatterModelTest.php" line="20" assertions="1" time="0.000470"/>
        <testcase name="testConstructorArgumentsAreAssigned" class="Hyde\Framework\Testing\Unit\FrontMatterModelTest" classname="Hyde.Framework.Testing.Unit.FrontMatterModelTest" file="/home/runner/work/develop/develop/packages/framework/tests/Unit/FrontMatterModelTest.php" line="25" assertions="1" time="0.000473"/>
        <testcase name="testStaticFromArrayMethodCreatesNewFrontMatterModel" class="Hyde\Framework\Testing\Unit\FrontMatterModelTest" classname="Hyde.Framework.Testing.Unit.FrontMatterModelTest" file="/home/runner/work/develop/develop/packages/framework/tests/Unit/FrontMatterModelTest.php" line="30" assertions="2" time="0.000489"/>
        <testcase name="testToStringMagicMethodConvertsModelArrayIntoYamlFrontMatter" class="Hyde\Framework\Testing\Unit\FrontMatterModelTest" classname="Hyde.Framework.Testing.Unit.FrontMatterModelTest" file="/home/runner/work/develop/develop/packages/framework/tests/Unit/FrontMatterModelTest.php" line="37" assertions="1" time="0.000528"/>
        <testcase name="testMagicGetMethodReturnsFrontMatterProperty" class="Hyde\Framework\Testing\Unit\FrontMatterModelTest" classname="Hyde.Framework.Testing.Unit.FrontMatterModelTest" file="/home/runner/work/develop/develop/packages/framework/tests/Unit/FrontMatterModelTest.php" line="43" assertions="1" time="0.000468"/>
        <testcase name="testMagicGetMethodReturnsNullIfPropertyDoesNotExist" class="Hyde\Framework\Testing\Unit\FrontMatterModelTest" classname="Hyde.Framework.Testing.Unit.FrontMatterModelTest" file="/home/runner/work/develop/develop/packages/framework/tests/Unit/FrontMatterModelTest.php" line="48" assertions="1" time="0.000498"/>
        <testcase name="testGetMethodReturnsDataWhenNoArgumentIsSpecified" class="Hyde\Framework\Testing\Unit\FrontMatterModelTest" classname="Hyde.Framework.Testing.Unit.FrontMatterModelTest" file="/home/runner/work/develop/develop/packages/framework/tests/Unit/FrontMatterModelTest.php" line="53" assertions="1" time="0.000461"/>
        <testcase name="testGetMethodReturnsDataWhenNoArgumentIsSpecifiedWithData" class="Hyde\Framework\Testing\Unit\FrontMatterModelTest" classname="Hyde.Framework.Testing.Unit.FrontMatterModelTest" file="/home/runner/work/develop/develop/packages/framework/tests/Unit/FrontMatterModelTest.php" line="58" assertions="1" time="0.000449"/>
        <testcase name="testGetMethodReturnsNullIfSpecifiedFrontMatterKeyDoesNotExist" class="Hyde\Framework\Testing\Unit\FrontMatterModelTest" classname="Hyde.Framework.Testing.Unit.FrontMatterModelTest" file="/home/runner/work/develop/develop/packages/framework/tests/Unit/FrontMatterModelTest.php" line="63" assertions="1" time="0.000494"/>
        <testcase name="testGetMethodReturnsSpecifiedDefaultValueIfPropertyDoesNotExist" class="Hyde\Framework\Testing\Unit\FrontMatterModelTest" classname="Hyde.Framework.Testing.Unit.FrontMatterModelTest" file="/home/runner/work/develop/develop/packages/framework/tests/Unit/FrontMatterModelTest.php" line="68" assertions="1" time="0.000469"/>
        <testcase name="testGetMethodReturnsSpecifiedFrontMatterValueIfKeyIsSpecified" class="Hyde\Framework\Testing\Unit\FrontMatterModelTest" classname="Hyde.Framework.Testing.Unit.FrontMatterModelTest" file="/home/runner/work/develop/develop/packages/framework/tests/Unit/FrontMatterModelTest.php" line="74" assertions="1" time="0.000474"/>
        <testcase name="testSetMethodSetsFrontMatterProperty" class="Hyde\Framework\Testing\Unit\FrontMatterModelTest" classname="Hyde.Framework.Testing.Unit.FrontMatterModelTest" file="/home/runner/work/develop/develop/packages/framework/tests/Unit/FrontMatterModelTest.php" line="79" assertions="1" time="0.000470"/>
        <testcase name="testSetMethodReturnsSelf" class="Hyde\Framework\Testing\Unit\FrontMatterModelTest" classname="Hyde.Framework.Testing.Unit.FrontMatterModelTest" file="/home/runner/work/develop/develop/packages/framework/tests/Unit/FrontMatterModelTest.php" line="84" assertions="1" time="0.000440"/>
        <testcase name="testHasMethodReturnsTrueIfPropertyExists" class="Hyde\Framework\Testing\Unit\FrontMatterModelTest" classname="Hyde.Framework.Testing.Unit.FrontMatterModelTest" file="/home/runner/work/develop/develop/packages/framework/tests/Unit/FrontMatterModelTest.php" line="90" assertions="1" time="0.000467"/>
        <testcase name="testHasMethodReturnsFalseIfPropertyDoesNotExist" class="Hyde\Framework\Testing\Unit\FrontMatterModelTest" classname="Hyde.Framework.Testing.Unit.FrontMatterModelTest" file="/home/runner/work/develop/develop/packages/framework/tests/Unit/FrontMatterModelTest.php" line="95" assertions="1" time="0.000456"/>
        <testcase name="testToArrayReturnsFrontMatterArray" class="Hyde\Framework\Testing\Unit\FrontMatterModelTest" classname="Hyde.Framework.Testing.Unit.FrontMatterModelTest" file="/home/runner/work/develop/develop/packages/framework/tests/Unit/FrontMatterModelTest.php" line="100" assertions="1" time="0.000454"/>
      </testsuite>
      <testsuite name="Hyde\Framework\Testing\Unit\GenerateBuildManifestTest" file="/home/runner/work/develop/develop/packages/framework/tests/Unit/GenerateBuildManifestTest.php" tests="1" assertions="15" errors="0" warnings="0" failures="0" skipped="0" time="0.002802">
        <testcase name="test_action_generates_build_manifest" class="Hyde\Framework\Testing\Unit\GenerateBuildManifestTest" classname="Hyde.Framework.Testing.Unit.GenerateBuildManifestTest" file="/home/runner/work/develop/develop/packages/framework/tests/Unit/GenerateBuildManifestTest.php" line="24" assertions="15" time="0.002802"/>
      </testsuite>
      <testsuite name="Hyde\Framework\Testing\Unit\GetLatestMarkdownPostsTest" file="/home/runner/work/develop/develop/packages/framework/tests/Unit/GetLatestMarkdownPostsTest.php" tests="1" assertions="5" errors="0" warnings="0" failures="0" skipped="0" time="0.030516">
        <testcase name="test_markdown_page_get_latest_helper_returns_sorted_markdown_page_collection" class="Hyde\Framework\Testing\Unit\GetLatestMarkdownPostsTest" classname="Hyde.Framework.Testing.Unit.GetLatestMarkdownPostsTest" file="/home/runner/work/develop/develop/packages/framework/tests/Unit/GetLatestMarkdownPostsTest.php" line="18" assertions="5" time="0.030516"/>
      </testsuite>
      <testsuite name="Hyde\Framework\Testing\Unit\HasTableOfContentsTest" file="/home/runner/work/develop/develop/packages/framework/tests/Unit/HasTableOfContentsTest.php" tests="1" assertions="1" errors="0" warnings="0" failures="0" skipped="0" time="0.024326">
        <testcase name="testConstructorCreatesTableOfContentsString" class="Hyde\Framework\Testing\Unit\HasTableOfContentsTest" classname="Hyde.Framework.Testing.Unit.HasTableOfContentsTest" file="/home/runner/work/develop/develop/packages/framework/tests/Unit/HasTableOfContentsTest.php" line="20" assertions="1" time="0.024326"/>
      </testsuite>
      <testsuite name="Hyde\Framework\Testing\Unit\HydeBasePathCanBeChangedTest" file="/home/runner/work/develop/develop/packages/framework/tests/Unit/HydeBasePathCanBeChangedTest.php" tests="1" assertions="2" errors="0" warnings="0" failures="0" skipped="0" time="0.021256">
        <testcase name="test_hyde_base_path_can_be_changed" class="Hyde\Framework\Testing\Unit\HydeBasePathCanBeChangedTest" classname="Hyde.Framework.Testing.Unit.HydeBasePathCanBeChangedTest" file="/home/runner/work/develop/develop/packages/framework/tests/Unit/HydeBasePathCanBeChangedTest.php" line="37" assertions="2" time="0.021256"/>
      </testsuite>
      <testsuite name="Hyde\Framework\Testing\Unit\HydeConfigFilesAreMatchingTest" file="/home/runner/work/develop/develop/packages/framework/tests/Unit/HydeConfigFilesAreMatchingTest.php" tests="3" assertions="9" errors="0" warnings="0" failures="0" skipped="0" time="0.066020">
        <testcase name="test_hyde_config_files_are_matching" class="Hyde\Framework\Testing\Unit\HydeConfigFilesAreMatchingTest" classname="Hyde.Framework.Testing.Unit.HydeConfigFilesAreMatchingTest" file="/home/runner/work/develop/develop/packages/framework/tests/Unit/HydeConfigFilesAreMatchingTest.php" line="26" assertions="3" time="0.021636"/>
        <testcase name="test_docs_config_files_are_matching" class="Hyde\Framework\Testing\Unit\HydeConfigFilesAreMatchingTest" classname="Hyde.Framework.Testing.Unit.HydeConfigFilesAreMatchingTest" file="/home/runner/work/develop/develop/packages/framework/tests/Unit/HydeConfigFilesAreMatchingTest.php" line="34" assertions="3" time="0.022143"/>
        <testcase name="test_markdown_config_files_are_matching" class="Hyde\Framework\Testing\Unit\HydeConfigFilesAreMatchingTest" classname="Hyde.Framework.Testing.Unit.HydeConfigFilesAreMatchingTest" file="/home/runner/work/develop/develop/packages/framework/tests/Unit/HydeConfigFilesAreMatchingTest.php" line="42" assertions="3" time="0.022242"/>
      </testsuite>
      <testsuite name="Hyde\Framework\Testing\Unit\HydeFileHelpersTest" file="/home/runner/work/develop/develop/packages/framework/tests/Unit/HydeFileHelpersTest.php" tests="4" assertions="4" errors="0" warnings="0" failures="0" skipped="0" time="0.092407">
        <testcase name="test_current_page_returns_current_page_view_property" class="Hyde\Framework\Testing\Unit\HydeFileHelpersTest" classname="Hyde.Framework.Testing.Unit.HydeFileHelpersTest" file="/home/runner/work/develop/develop/packages/framework/tests/Unit/HydeFileHelpersTest.php" line="17" assertions="1" time="0.021726"/>
        <testcase name="test_current_page_falls_back_to_empty_string_if_current_page_view_property_is_not_set" class="Hyde\Framework\Testing\Unit\HydeFileHelpersTest" classname="Hyde.Framework.Testing.Unit.HydeFileHelpersTest" file="/home/runner/work/develop/develop/packages/framework/tests/Unit/HydeFileHelpersTest.php" line="23" assertions="1" time="0.022087"/>
        <testcase name="test_current_route_returns_current_route_view_property" class="Hyde\Framework\Testing\Unit\HydeFileHelpersTest" classname="Hyde.Framework.Testing.Unit.HydeFileHelpersTest" file="/home/runner/work/develop/develop/packages/framework/tests/Unit/HydeFileHelpersTest.php" line="28" assertions="1" time="0.026402"/>
        <testcase name="test_current_route_falls_back_to_null_if_current_route_view_property_is_not_set" class="Hyde\Framework\Testing\Unit\HydeFileHelpersTest" classname="Hyde.Framework.Testing.Unit.HydeFileHelpersTest" file="/home/runner/work/develop/develop/packages/framework/tests/Unit/HydeFileHelpersTest.php" line="34" assertions="1" time="0.022192"/>
      </testsuite>
      <testsuite name="Hyde\Framework\Testing\Unit\HydeGetBasePathHasFallbackTest" file="/home/runner/work/develop/develop/packages/framework/tests/Unit/HydeGetBasePathHasFallbackTest.php" tests="1" assertions="1" errors="0" warnings="0" failures="0" skipped="0" time="0.021409">
        <testcase name="test_hyde_get_base_path_falls_back_to_getcwd" class="Hyde\Framework\Testing\Unit\HydeGetBasePathHasFallbackTest" classname="Hyde.Framework.Testing.Unit.HydeGetBasePathHasFallbackTest" file="/home/runner/work/develop/develop/packages/framework/tests/Unit/HydeGetBasePathHasFallbackTest.php" line="17" assertions="1" time="0.021409"/>
      </testsuite>
      <testsuite name="Hyde\Framework\Testing\Unit\HydeHelperFacadeMakeTitleTest" file="/home/runner/work/develop/develop/packages/framework/tests/Unit/HydeHelperFacadeMakeTitleTest.php" tests="9" assertions="13" errors="0" warnings="0" failures="0" skipped="0" time="0.005164">
        <testcase name="testMakeTitleHelperParsesKebabCaseIntoTitle" class="Hyde\Framework\Testing\Unit\HydeHelperFacadeMakeTitleTest" classname="Hyde.Framework.Testing.Unit.HydeHelperFacadeMakeTitleTest" file="/home/runner/work/develop/develop/packages/framework/tests/Unit/HydeHelperFacadeMakeTitleTest.php" line="14" assertions="1" time="0.000475"/>
        <testcase name="testMakeTitleHelperParsesSnakeCaseIntoTitle" class="Hyde\Framework\Testing\Unit\HydeHelperFacadeMakeTitleTest" classname="Hyde.Framework.Testing.Unit.HydeHelperFacadeMakeTitleTest" file="/home/runner/work/develop/develop/packages/framework/tests/Unit/HydeHelperFacadeMakeTitleTest.php" line="19" assertions="1" time="0.000601"/>
        <testcase name="testMakeTitleHelperParsesCamelCaseIntoTitle" class="Hyde\Framework\Testing\Unit\HydeHelperFacadeMakeTitleTest" classname="Hyde.Framework.Testing.Unit.HydeHelperFacadeMakeTitleTest" file="/home/runner/work/develop/develop/packages/framework/tests/Unit/HydeHelperFacadeMakeTitleTest.php" line="24" assertions="1" time="0.000588"/>
        <testcase name="testMakeTitleHelperParsesPascalCaseIntoTitle" class="Hyde\Framework\Testing\Unit\HydeHelperFacadeMakeTitleTest" classname="Hyde.Framework.Testing.Unit.HydeHelperFacadeMakeTitleTest" file="/home/runner/work/develop/develop/packages/framework/tests/Unit/HydeHelperFacadeMakeTitleTest.php" line="29" assertions="1" time="0.000577"/>
        <testcase name="testMakeTitleHelperParsesTitleCaseIntoTitle" class="Hyde\Framework\Testing\Unit\HydeHelperFacadeMakeTitleTest" classname="Hyde.Framework.Testing.Unit.HydeHelperFacadeMakeTitleTest" file="/home/runner/work/develop/develop/packages/framework/tests/Unit/HydeHelperFacadeMakeTitleTest.php" line="34" assertions="1" time="0.000561"/>
        <testcase name="testMakeTitleHelperParsesTitleCaseWithSpacesIntoTitle" class="Hyde\Framework\Testing\Unit\HydeHelperFacadeMakeTitleTest" classname="Hyde.Framework.Testing.Unit.HydeHelperFacadeMakeTitleTest" file="/home/runner/work/develop/develop/packages/framework/tests/Unit/HydeHelperFacadeMakeTitleTest.php" line="39" assertions="1" time="0.000572"/>
        <testcase name="testMakeTitleHelperDoesNotCapitalizeAuxiliaryWords" class="Hyde\Framework\Testing\Unit\HydeHelperFacadeMakeTitleTest" classname="Hyde.Framework.Testing.Unit.HydeHelperFacadeMakeTitleTest" file="/home/runner/work/develop/develop/packages/framework/tests/Unit/HydeHelperFacadeMakeTitleTest.php" line="44" assertions="1" time="0.000556"/>
        <testcase name="testMakeTitleHelperDoesNotModifyOnlyUppercaseInput" class="Hyde\Framework\Testing\Unit\HydeHelperFacadeMakeTitleTest" classname="Hyde.Framework.Testing.Unit.HydeHelperFacadeMakeTitleTest" file="/home/runner/work/develop/develop/packages/framework/tests/Unit/HydeHelperFacadeMakeTitleTest.php" line="50" assertions="3" time="0.000579"/>
        <testcase name="testMakeTitleHelperModifiesPartiallyUppercaseInput" class="Hyde\Framework\Testing\Unit\HydeHelperFacadeMakeTitleTest" classname="Hyde.Framework.Testing.Unit.HydeHelperFacadeMakeTitleTest" file="/home/runner/work/develop/develop/packages/framework/tests/Unit/HydeHelperFacadeMakeTitleTest.php" line="57" assertions="3" time="0.000655"/>
      </testsuite>
      <testsuite name="Hyde\Framework\Testing\Unit\HydeHelperFacadeTest" file="/home/runner/work/develop/develop/packages/framework/tests/Unit/HydeHelperFacadeTest.php" tests="3" assertions="3" errors="0" warnings="0" failures="0" skipped="0" time="0.065516">
        <testcase name="test_features_facade_returns_instance_of_features_class" class="Hyde\Framework\Testing\Unit\HydeHelperFacadeTest" classname="Hyde.Framework.Testing.Unit.HydeHelperFacadeTest" file="/home/runner/work/develop/develop/packages/framework/tests/Unit/HydeHelperFacadeTest.php" line="16" assertions="1" time="0.021965"/>
        <testcase name="test_features_facade_can_be_used_to_call_static_methods_on_features_class" class="Hyde\Framework\Testing\Unit\HydeHelperFacadeTest" classname="Hyde.Framework.Testing.Unit.HydeHelperFacadeTest" file="/home/runner/work/develop/develop/packages/framework/tests/Unit/HydeHelperFacadeTest.php" line="24" assertions="1" time="0.021766"/>
        <testcase name="test_hyde_has_feature_shorthand_calls_static_method_on_features_class" class="Hyde\Framework\Testing\Unit\HydeHelperFacadeTest" classname="Hyde.Framework.Testing.Unit.HydeHelperFacadeTest" file="/home/runner/work/develop/develop/packages/framework/tests/Unit/HydeHelperFacadeTest.php" line="31" assertions="1" time="0.021786"/>
      </testsuite>
      <testsuite name="Hyde\Framework\Testing\Unit\HydePageDataFactoryTest" file="/home/runner/work/develop/develop/packages/framework/tests/Unit/HydePageDataFactoryTest.php" tests="10" assertions="10" errors="0" warnings="0" failures="0" skipped="0" time="0.019301">
        <testcase name="testCanConstruct" class="Hyde\Framework\Testing\Unit\HydePageDataFactoryTest" classname="Hyde.Framework.Testing.Unit.HydePageDataFactoryTest" file="/home/runner/work/develop/develop/packages/framework/tests/Unit/HydePageDataFactoryTest.php" line="32" assertions="1" time="0.001610"/>
        <testcase name="testToArrayContainsExpectedKeys" class="Hyde\Framework\Testing\Unit\HydePageDataFactoryTest" classname="Hyde.Framework.Testing.Unit.HydePageDataFactoryTest" file="/home/runner/work/develop/develop/packages/framework/tests/Unit/HydePageDataFactoryTest.php" line="37" assertions="1" time="0.001876"/>
        <testcase name="testCanCreateTitleFromMatter" class="Hyde\Framework\Testing\Unit\HydePageDataFactoryTest" classname="Hyde.Framework.Testing.Unit.HydePageDataFactoryTest" file="/home/runner/work/develop/develop/packages/framework/tests/Unit/HydePageDataFactoryTest.php" line="42" assertions="1" time="0.001875"/>
        <testcase name="testCanCreateTitleFromMarkdown" class="Hyde\Framework\Testing\Unit\HydePageDataFactoryTest" classname="Hyde.Framework.Testing.Unit.HydePageDataFactoryTest" file="/home/runner/work/develop/develop/packages/framework/tests/Unit/HydePageDataFactoryTest.php" line="47" assertions="1" time="0.001912"/>
        <testcase name="testTitlePrefersMatter" class="Hyde\Framework\Testing\Unit\HydePageDataFactoryTest" classname="Hyde.Framework.Testing.Unit.HydePageDataFactoryTest" file="/home/runner/work/develop/develop/packages/framework/tests/Unit/HydePageDataFactoryTest.php" line="52" assertions="1" time="0.001905"/>
        <testcase name="testTitleFallsBackToIdentifier" class="Hyde\Framework\Testing\Unit\HydePageDataFactoryTest" classname="Hyde.Framework.Testing.Unit.HydePageDataFactoryTest" file="/home/runner/work/develop/develop/packages/framework/tests/Unit/HydePageDataFactoryTest.php" line="57" assertions="1" time="0.002004"/>
        <testcase name="testTitleFallsBackToIdentifierBasename" class="Hyde\Framework\Testing\Unit\HydePageDataFactoryTest" classname="Hyde.Framework.Testing.Unit.HydePageDataFactoryTest" file="/home/runner/work/develop/develop/packages/framework/tests/Unit/HydePageDataFactoryTest.php" line="62" assertions="1" time="0.002090"/>
        <testcase name="testIndexPageTitlesCanBeCreatedFromParentIdentifierBasename" class="Hyde\Framework\Testing\Unit\HydePageDataFactoryTest" classname="Hyde.Framework.Testing.Unit.HydePageDataFactoryTest" file="/home/runner/work/develop/develop/packages/framework/tests/Unit/HydePageDataFactoryTest.php" line="67" assertions="1" time="0.002086"/>
        <testcase name="testIndexPageTitlesCanBeCreatedFromNestedParentIdentifierBasename" class="Hyde\Framework\Testing\Unit\HydePageDataFactoryTest" classname="Hyde.Framework.Testing.Unit.HydePageDataFactoryTest" file="/home/runner/work/develop/develop/packages/framework/tests/Unit/HydePageDataFactoryTest.php" line="72" assertions="1" time="0.002048"/>
        <testcase name="testNavigationDataIsGeneratedByNavigationDataFactory" class="Hyde\Framework\Testing\Unit\HydePageDataFactoryTest" classname="Hyde.Framework.Testing.Unit.HydePageDataFactoryTest" file="/home/runner/work/develop/develop/packages/framework/tests/Unit/HydePageDataFactoryTest.php" line="77" assertions="1" time="0.001894"/>
      </testsuite>
      <testsuite name="Hyde\Framework\Testing\Unit\HydePageSerializableUnitTest" file="/home/runner/work/develop/develop/packages/framework/tests/Unit/HydePageSerializableUnitTest.php" tests="24" assertions="24" errors="0" warnings="0" failures="0" skipped="0" time="0.037140">
        <testcase name="testToArray" class="Hyde\Framework\Testing\Unit\HydePageSerializableUnitTest" classname="Hyde.Framework.Testing.Unit.HydePageSerializableUnitTest" file="/home/runner/work/develop/develop/packages/framework/tests/Unit/HydePageSerializableUnitTest.php" line="28" assertions="1" time="0.001152"/>
        <testcase name="testJsonSerializeUsesArraySerialize" class="Hyde\Framework\Testing\Unit\HydePageSerializableUnitTest" classname="Hyde.Framework.Testing.Unit.HydePageSerializableUnitTest" file="/home/runner/work/develop/develop/packages/framework/tests/Unit/HydePageSerializableUnitTest.php" line="33" assertions="1" time="0.001604"/>
        <testcase name="testToJsonUsesJsonEncodedObject" class="Hyde\Framework\Testing\Unit\HydePageSerializableUnitTest" classname="Hyde.Framework.Testing.Unit.HydePageSerializableUnitTest" file="/home/runner/work/develop/develop/packages/framework/tests/Unit/HydePageSerializableUnitTest.php" line="39" assertions="1" time="0.001654"/>
        <testcase name="testToJsonUsesJsonEncodedArray" class="Hyde\Framework\Testing\Unit\HydePageSerializableUnitTest" classname="Hyde.Framework.Testing.Unit.HydePageSerializableUnitTest" file="/home/runner/work/develop/develop/packages/framework/tests/Unit/HydePageSerializableUnitTest.php" line="45" assertions="1" time="0.001664"/>
        <testcase name="testHydePageToArrayKeys" class="Hyde\Framework\Testing\Unit\HydePageSerializableUnitTest" classname="Hyde.Framework.Testing.Unit.HydePageSerializableUnitTest" file="/home/runner/work/develop/develop/packages/framework/tests/Unit/HydePageSerializableUnitTest.php" line="51" assertions="1" time="0.001439"/>
        <testcase name="testHtmlPageToArrayKeys" class="Hyde\Framework\Testing\Unit\HydePageSerializableUnitTest" classname="Hyde.Framework.Testing.Unit.HydePageSerializableUnitTest" file="/home/runner/work/develop/develop/packages/framework/tests/Unit/HydePageSerializableUnitTest.php" line="59" assertions="1" time="0.001407"/>
        <testcase name="testBladePageToArrayKeys" class="Hyde\Framework\Testing\Unit\HydePageSerializableUnitTest" classname="Hyde.Framework.Testing.Unit.HydePageSerializableUnitTest" file="/home/runner/work/develop/develop/packages/framework/tests/Unit/HydePageSerializableUnitTest.php" line="67" assertions="1" time="0.001396"/>
        <testcase name="testMarkdownPageToArrayKeys" class="Hyde\Framework\Testing\Unit\HydePageSerializableUnitTest" classname="Hyde.Framework.Testing.Unit.HydePageSerializableUnitTest" file="/home/runner/work/develop/develop/packages/framework/tests/Unit/HydePageSerializableUnitTest.php" line="75" assertions="1" time="0.001432"/>
        <testcase name="testMarkdownPostToArrayKeys" class="Hyde\Framework\Testing\Unit\HydePageSerializableUnitTest" classname="Hyde.Framework.Testing.Unit.HydePageSerializableUnitTest" file="/home/runner/work/develop/develop/packages/framework/tests/Unit/HydePageSerializableUnitTest.php" line="83" assertions="1" time="0.001834"/>
        <testcase name="testDocumentationPageToArrayKeys" class="Hyde\Framework\Testing\Unit\HydePageSerializableUnitTest" classname="Hyde.Framework.Testing.Unit.HydePageSerializableUnitTest" file="/home/runner/work/develop/develop/packages/framework/tests/Unit/HydePageSerializableUnitTest.php" line="91" assertions="1" time="0.001550"/>
        <testcase name="testHydePageToArrayContents" class="Hyde\Framework\Testing\Unit\HydePageSerializableUnitTest" classname="Hyde.Framework.Testing.Unit.HydePageSerializableUnitTest" file="/home/runner/work/develop/develop/packages/framework/tests/Unit/HydePageSerializableUnitTest.php" line="99" assertions="1" time="0.001416"/>
        <testcase name="testHtmlPageToArrayContents" class="Hyde\Framework\Testing\Unit\HydePageSerializableUnitTest" classname="Hyde.Framework.Testing.Unit.HydePageSerializableUnitTest" file="/home/runner/work/develop/develop/packages/framework/tests/Unit/HydePageSerializableUnitTest.php" line="115" assertions="1" time="0.001382"/>
        <testcase name="testBladePageToArrayContents" class="Hyde\Framework\Testing\Unit\HydePageSerializableUnitTest" classname="Hyde.Framework.Testing.Unit.HydePageSerializableUnitTest" file="/home/runner/work/develop/develop/packages/framework/tests/Unit/HydePageSerializableUnitTest.php" line="131" assertions="1" time="0.001400"/>
        <testcase name="testMarkdownPageToArrayContents" class="Hyde\Framework\Testing\Unit\HydePageSerializableUnitTest" classname="Hyde.Framework.Testing.Unit.HydePageSerializableUnitTest" file="/home/runner/work/develop/develop/packages/framework/tests/Unit/HydePageSerializableUnitTest.php" line="147" assertions="1" time="0.001430"/>
        <testcase name="testMarkdownPostToArrayContents" class="Hyde\Framework\Testing\Unit\HydePageSerializableUnitTest" classname="Hyde.Framework.Testing.Unit.HydePageSerializableUnitTest" file="/home/runner/work/develop/develop/packages/framework/tests/Unit/HydePageSerializableUnitTest.php" line="163" assertions="1" time="0.001824"/>
        <testcase name="testDocumentationPageToArrayContents" class="Hyde\Framework\Testing\Unit\HydePageSerializableUnitTest" classname="Hyde.Framework.Testing.Unit.HydePageSerializableUnitTest" file="/home/runner/work/develop/develop/packages/framework/tests/Unit/HydePageSerializableUnitTest.php" line="184" assertions="1" time="0.001516"/>
        <testcase name="testJsonEncodedOutput" class="Hyde\Framework\Testing\Unit\HydePageSerializableUnitTest" classname="Hyde.Framework.Testing.Unit.HydePageSerializableUnitTest" file="/home/runner/work/develop/develop/packages/framework/tests/Unit/HydePageSerializableUnitTest.php" line="200" assertions="1" time="0.001571"/>
        <testcase name="testJsonSerializedHydePageContents" class="Hyde\Framework\Testing\Unit\HydePageSerializableUnitTest" classname="Hyde.Framework.Testing.Unit.HydePageSerializableUnitTest" file="/home/runner/work/develop/develop/packages/framework/tests/Unit/HydePageSerializableUnitTest.php" line="221" assertions="1" time="0.001534"/>
        <testcase name="testJsonSerializedHtmlPageContents" class="Hyde\Framework\Testing\Unit\HydePageSerializableUnitTest" classname="Hyde.Framework.Testing.Unit.HydePageSerializableUnitTest" file="/home/runner/work/develop/develop/packages/framework/tests/Unit/HydePageSerializableUnitTest.php" line="243" assertions="1" time="0.001556"/>
        <testcase name="testJsonSerializedBladePageContents" class="Hyde\Framework\Testing\Unit\HydePageSerializableUnitTest" classname="Hyde.Framework.Testing.Unit.HydePageSerializableUnitTest" file="/home/runner/work/develop/develop/packages/framework/tests/Unit/HydePageSerializableUnitTest.php" line="265" assertions="1" time="0.001565"/>
        <testcase name="testJsonSerializedMarkdownPageContents" class="Hyde\Framework\Testing\Unit\HydePageSerializableUnitTest" classname="Hyde.Framework.Testing.Unit.HydePageSerializableUnitTest" file="/home/runner/work/develop/develop/packages/framework/tests/Unit/HydePageSerializableUnitTest.php" line="287" assertions="1" time="0.001592"/>
        <testcase name="testJsonSerializedMarkdownPostContents" class="Hyde\Framework\Testing\Unit\HydePageSerializableUnitTest" classname="Hyde.Framework.Testing.Unit.HydePageSerializableUnitTest" file="/home/runner/work/develop/develop/packages/framework/tests/Unit/HydePageSerializableUnitTest.php" line="309" assertions="1" time="0.002006"/>
        <testcase name="testJsonSerializedDocumentationPageContents" class="Hyde\Framework\Testing\Unit\HydePageSerializableUnitTest" classname="Hyde.Framework.Testing.Unit.HydePageSerializableUnitTest" file="/home/runner/work/develop/develop/packages/framework/tests/Unit/HydePageSerializableUnitTest.php" line="336" assertions="1" time="0.001683"/>
        <testcase name="testJsonSerializedMarkdownPageWithFrontMatter" class="Hyde\Framework\Testing\Unit\HydePageSerializableUnitTest" classname="Hyde.Framework.Testing.Unit.HydePageSerializableUnitTest" file="/home/runner/work/develop/develop/packages/framework/tests/Unit/HydePageSerializableUnitTest.php" line="358" assertions="1" time="0.001532"/>
      </testsuite>
      <testsuite name="Hyde\Framework\Testing\Unit\HydeVendorPathHelperTest" file="/home/runner/work/develop/develop/packages/framework/tests/Unit/HydeVendorPathHelperTest.php" tests="5" assertions="9" errors="0" warnings="0" failures="0" skipped="0" time="0.111297">
        <testcase name="test_method_exists" class="Hyde\Framework\Testing\Unit\HydeVendorPathHelperTest" classname="Hyde.Framework.Testing.Unit.HydeVendorPathHelperTest" file="/home/runner/work/develop/develop/packages/framework/tests/Unit/HydeVendorPathHelperTest.php" line="13" assertions="1" time="0.022880"/>
        <testcase name="test_method_returns_string" class="Hyde\Framework\Testing\Unit\HydeVendorPathHelperTest" classname="Hyde.Framework.Testing.Unit.HydeVendorPathHelperTest" file="/home/runner/work/develop/develop/packages/framework/tests/Unit/HydeVendorPathHelperTest.php" line="18" assertions="1" time="0.022111"/>
        <testcase name="test_method_returns_string_containing_vendor_path" class="Hyde\Framework\Testing\Unit\HydeVendorPathHelperTest" classname="Hyde.Framework.Testing.Unit.HydeVendorPathHelperTest" file="/home/runner/work/develop/develop/packages/framework/tests/Unit/HydeVendorPathHelperTest.php" line="23" assertions="1" time="0.021945"/>
        <testcase name="test_method_returns_path_to_the_vendor_directory" class="Hyde\Framework\Testing\Unit\HydeVendorPathHelperTest" classname="Hyde.Framework.Testing.Unit.HydeVendorPathHelperTest" file="/home/runner/work/develop/develop/packages/framework/tests/Unit/HydeVendorPathHelperTest.php" line="28" assertions="3" time="0.022222"/>
        <testcase name="test_can_specify_which_hyde_package_to_use" class="Hyde\Framework\Testing\Unit\HydeVendorPathHelperTest" classname="Hyde.Framework.Testing.Unit.HydeVendorPathHelperTest" file="/home/runner/work/develop/develop/packages/framework/tests/Unit/HydeVendorPathHelperTest.php" line="35" assertions="3" time="0.022138"/>
      </testsuite>
      <testsuite name="Hyde\Framework\Testing\Unit\InteractsWithDirectoriesConcernTest" file="/home/runner/work/develop/develop/packages/framework/tests/Unit/InteractsWithDirectoriesConcernTest.php" tests="7" assertions="9" errors="0" warnings="0" failures="0" skipped="0" time="0.160875">
        <testcase name="test_methods_can_be_called_statically" class="Hyde\Framework\Testing\Unit\InteractsWithDirectoriesConcernTest" classname="Hyde.Framework.Testing.Unit.InteractsWithDirectoriesConcernTest" file="/home/runner/work/develop/develop/packages/framework/tests/Unit/InteractsWithDirectoriesConcernTest.php" line="35" assertions="2" time="0.022371"/>
        <testcase name="test_needs_directory_creates_the_directory" class="Hyde\Framework\Testing\Unit\InteractsWithDirectoriesConcernTest" classname="Hyde.Framework.Testing.Unit.InteractsWithDirectoriesConcernTest" file="/home/runner/work/develop/develop/packages/framework/tests/Unit/InteractsWithDirectoriesConcernTest.php" line="44" assertions="1" time="0.022956"/>
        <testcase name="test_needs_directory_creates_the_directory_recursively" class="Hyde\Framework\Testing\Unit\InteractsWithDirectoriesConcernTest" classname="Hyde.Framework.Testing.Unit.InteractsWithDirectoriesConcernTest" file="/home/runner/work/develop/develop/packages/framework/tests/Unit/InteractsWithDirectoriesConcernTest.php" line="50" assertions="1" time="0.023169"/>
        <testcase name="test_needs_directory_handles_existing_directory" class="Hyde\Framework\Testing\Unit\InteractsWithDirectoriesConcernTest" classname="Hyde.Framework.Testing.Unit.InteractsWithDirectoriesConcernTest" file="/home/runner/work/develop/develop/packages/framework/tests/Unit/InteractsWithDirectoriesConcernTest.php" line="56" assertions="1" time="0.023046"/>
        <testcase name="test_needs_directories_creates_single_directory" class="Hyde\Framework\Testing\Unit\InteractsWithDirectoriesConcernTest" classname="Hyde.Framework.Testing.Unit.InteractsWithDirectoriesConcernTest" file="/home/runner/work/develop/develop/packages/framework/tests/Unit/InteractsWithDirectoriesConcernTest.php" line="63" assertions="1" time="0.022904"/>
        <testcase name="test_needs_directories_creates_multiple_directories" class="Hyde\Framework\Testing\Unit\InteractsWithDirectoriesConcernTest" classname="Hyde.Framework.Testing.Unit.InteractsWithDirectoriesConcernTest" file="/home/runner/work/develop/develop/packages/framework/tests/Unit/InteractsWithDirectoriesConcernTest.php" line="69" assertions="2" time="0.023336"/>
        <testcase name="test_needs_parent_directory_creates_directory_for_the_parent_file" class="Hyde\Framework\Testing\Unit\InteractsWithDirectoriesConcernTest" classname="Hyde.Framework.Testing.Unit.InteractsWithDirectoriesConcernTest" file="/home/runner/work/develop/develop/packages/framework/tests/Unit/InteractsWithDirectoriesConcernTest.php" line="78" assertions="1" time="0.023093"/>
      </testsuite>
      <testsuite name="Hyde\Framework\Testing\Unit\LoadConfigurationTest" file="/home/runner/work/develop/develop/packages/framework/tests/Unit/LoadConfigurationTest.php" tests="1" assertions="2" errors="0" warnings="0" failures="0" skipped="0" time="0.003428">
        <testcase name="testItLoadsRuntimeConfiguration" class="Hyde\Framework\Testing\Unit\LoadConfigurationTest" classname="Hyde.Framework.Testing.Unit.LoadConfigurationTest" file="/home/runner/work/develop/develop/packages/framework/tests/Unit/LoadConfigurationTest.php" line="16" assertions="2" time="0.003428"/>
      </testsuite>
      <testsuite name="Hyde\Framework\Testing\Unit\MarkdownDocumentTest" file="/home/runner/work/develop/develop/packages/framework/tests/Unit/MarkdownDocumentTest.php" tests="10" assertions="16" errors="0" warnings="0" failures="0" skipped="0" time="0.232139">
        <testcase name="test_constructor_creates_new_markdown_document" class="Hyde\Framework\Testing\Unit\MarkdownDocumentTest" classname="Hyde.Framework.Testing.Unit.MarkdownDocumentTest" file="/home/runner/work/develop/develop/packages/framework/tests/Unit/MarkdownDocumentTest.php" line="20" assertions="1" time="0.028311"/>
        <testcase name="test_constructor_arguments_are_optional" class="Hyde\Framework\Testing\Unit\MarkdownDocumentTest" classname="Hyde.Framework.Testing.Unit.MarkdownDocumentTest" file="/home/runner/work/develop/develop/packages/framework/tests/Unit/MarkdownDocumentTest.php" line="26" assertions="1" time="0.022128"/>
        <testcase name="test_constructor_arguments_are_assigned" class="Hyde\Framework\Testing\Unit\MarkdownDocumentTest" classname="Hyde.Framework.Testing.Unit.MarkdownDocumentTest" file="/home/runner/work/develop/develop/packages/framework/tests/Unit/MarkdownDocumentTest.php" line="32" assertions="1" time="0.021960"/>
        <testcase name="test_magic_to_string_method_returns_body" class="Hyde\Framework\Testing\Unit\MarkdownDocumentTest" classname="Hyde.Framework.Testing.Unit.MarkdownDocumentTest" file="/home/runner/work/develop/develop/packages/framework/tests/Unit/MarkdownDocumentTest.php" line="38" assertions="1" time="0.021922"/>
        <testcase name="test_compile_method_returns_rendered_html" class="Hyde\Framework\Testing\Unit\MarkdownDocumentTest" classname="Hyde.Framework.Testing.Unit.MarkdownDocumentTest" file="/home/runner/work/develop/develop/packages/framework/tests/Unit/MarkdownDocumentTest.php" line="44" assertions="1" time="0.023111"/>
        <testcase name="test_to_html_method_returns_rendered_as_html_string" class="Hyde\Framework\Testing\Unit\MarkdownDocumentTest" classname="Hyde.Framework.Testing.Unit.MarkdownDocumentTest" file="/home/runner/work/develop/develop/packages/framework/tests/Unit/MarkdownDocumentTest.php" line="50" assertions="2" time="0.024057"/>
        <testcase name="test_parse_method_parses_a_file_using_the_markdown_file_service" class="Hyde\Framework\Testing\Unit\MarkdownDocumentTest" classname="Hyde.Framework.Testing.Unit.MarkdownDocumentTest" file="/home/runner/work/develop/develop/packages/framework/tests/Unit/MarkdownDocumentTest.php" line="57" assertions="3" time="0.023011"/>
        <testcase name="test_to_array_method_returns_array_markdown_body_lines" class="Hyde\Framework\Testing\Unit\MarkdownDocumentTest" classname="Hyde.Framework.Testing.Unit.MarkdownDocumentTest" file="/home/runner/work/develop/develop/packages/framework/tests/Unit/MarkdownDocumentTest.php" line="67" assertions="1" time="0.022342"/>
        <testcase name="test_from_file_method_returns_new_markdown_document" class="Hyde\Framework\Testing\Unit\MarkdownDocumentTest" classname="Hyde.Framework.Testing.Unit.MarkdownDocumentTest" file="/home/runner/work/develop/develop/packages/framework/tests/Unit/MarkdownDocumentTest.php" line="73" assertions="2" time="0.022916"/>
        <testcase name="test_carriage_returns_are_normalized" class="Hyde\Framework\Testing\Unit\MarkdownDocumentTest" classname="Hyde.Framework.Testing.Unit.MarkdownDocumentTest" file="/home/runner/work/develop/develop/packages/framework/tests/Unit/MarkdownDocumentTest.php" line="88" assertions="3" time="0.022382"/>
      </testsuite>
      <testsuite name="Hyde\Framework\Testing\Unit\MarkdownFacadeTest" file="/home/runner/work/develop/develop/packages/framework/tests/Unit/MarkdownFacadeTest.php" tests="1" assertions="2" errors="0" warnings="0" failures="0" skipped="0" time="0.001506">
        <testcase name="test_render" class="Hyde\Framework\Testing\Unit\MarkdownFacadeTest" classname="Hyde.Framework.Testing.Unit.MarkdownFacadeTest" file="/home/runner/work/develop/develop/packages/framework/tests/Unit/MarkdownFacadeTest.php" line="17" assertions="2" time="0.001506"/>
      </testsuite>
      <testsuite name="Hyde\Framework\Testing\Unit\MediaDirectoryCanBeChangedTest" file="/home/runner/work/develop/develop/packages/framework/tests/Unit/MediaDirectoryCanBeChangedTest.php" tests="3" assertions="9" errors="0" warnings="0" failures="0" skipped="0" time="0.118164">
        <testcase name="test_media_output_directory_can_be_changed_for_site_builds" class="Hyde\Framework\Testing\Unit\MediaDirectoryCanBeChangedTest" classname="Hyde.Framework.Testing.Unit.MediaDirectoryCanBeChangedTest" file="/home/runner/work/develop/develop/packages/framework/tests/Unit/MediaDirectoryCanBeChangedTest.php" line="22" assertions="3" time="0.043618"/>
        <testcase name="test_media_output_directory_can_be_changed_for_site_rebuilds" class="Hyde\Framework\Testing\Unit\MediaDirectoryCanBeChangedTest" classname="Hyde.Framework.Testing.Unit.MediaDirectoryCanBeChangedTest" file="/home/runner/work/develop/develop/packages/framework/tests/Unit/MediaDirectoryCanBeChangedTest.php" line="40" assertions="3" time="0.033956"/>
        <testcase name="test_compiled_pages_have_links_to_the_right_media_file_location" class="Hyde\Framework\Testing\Unit\MediaDirectoryCanBeChangedTest" classname="Hyde.Framework.Testing.Unit.MediaDirectoryCanBeChangedTest" file="/home/runner/work/develop/develop/packages/framework/tests/Unit/MediaDirectoryCanBeChangedTest.php" line="58" assertions="3" time="0.040589"/>
      </testsuite>
      <testsuite name="Hyde\Framework\Testing\Unit\NavItemIsCurrentHelperTest" file="/home/runner/work/develop/develop/packages/framework/tests/Unit/NavItemIsCurrentHelperTest.php" tests="34" assertions="34" errors="0" warnings="0" failures="0" skipped="0" time="0.084651">
        <testcase name="testIsCurrent" class="Hyde\Framework\Testing\Unit\NavItemIsCurrentHelperTest" classname="Hyde.Framework.Testing.Unit.NavItemIsCurrentHelperTest" file="/home/runner/work/develop/develop/packages/framework/tests/Unit/NavItemIsCurrentHelperTest.php" line="34" assertions="1" time="0.002793"/>
        <testcase name="testIsCurrentWhenCurrent" class="Hyde\Framework\Testing\Unit\NavItemIsCurrentHelperTest" classname="Hyde.Framework.Testing.Unit.NavItemIsCurrentHelperTest" file="/home/runner/work/develop/develop/packages/framework/tests/Unit/NavItemIsCurrentHelperTest.php" line="40" assertions="1" time="0.002945"/>
        <testcase name="testIsCurrentUsingCurrentRoute" class="Hyde\Framework\Testing\Unit\NavItemIsCurrentHelperTest" classname="Hyde.Framework.Testing.Unit.NavItemIsCurrentHelperTest" file="/home/runner/work/develop/develop/packages/framework/tests/Unit/NavItemIsCurrentHelperTest.php" line="46" assertions="1" time="0.002516"/>
        <testcase name="testIsCurrentUsingCurrentLink" class="Hyde\Framework\Testing\Unit\NavItemIsCurrentHelperTest" classname="Hyde.Framework.Testing.Unit.NavItemIsCurrentHelperTest" file="/home/runner/work/develop/develop/packages/framework/tests/Unit/NavItemIsCurrentHelperTest.php" line="52" assertions="1" time="0.002223"/>
        <testcase name="testIsCurrentWhenNotCurrent" class="Hyde\Framework\Testing\Unit\NavItemIsCurrentHelperTest" classname="Hyde.Framework.Testing.Unit.NavItemIsCurrentHelperTest" file="/home/runner/work/develop/develop/packages/framework/tests/Unit/NavItemIsCurrentHelperTest.php" line="58" assertions="1" time="0.002960"/>
        <testcase name="testIsCurrentUsingNotCurrentRoute" class="Hyde\Framework\Testing\Unit\NavItemIsCurrentHelperTest" classname="Hyde.Framework.Testing.Unit.NavItemIsCurrentHelperTest" file="/home/runner/work/develop/develop/packages/framework/tests/Unit/NavItemIsCurrentHelperTest.php" line="64" assertions="1" time="0.002485"/>
        <testcase name="testIsCurrentUsingNotCurrentLink" class="Hyde\Framework\Testing\Unit\NavItemIsCurrentHelperTest" classname="Hyde.Framework.Testing.Unit.NavItemIsCurrentHelperTest" file="/home/runner/work/develop/develop/packages/framework/tests/Unit/NavItemIsCurrentHelperTest.php" line="70" assertions="1" time="0.002247"/>
        <testcase name="testIsCurrentWithNestedCurrentPage" class="Hyde\Framework\Testing\Unit\NavItemIsCurrentHelperTest" classname="Hyde.Framework.Testing.Unit.NavItemIsCurrentHelperTest" file="/home/runner/work/develop/develop/packages/framework/tests/Unit/NavItemIsCurrentHelperTest.php" line="76" assertions="1" time="0.002946"/>
        <testcase name="testIsCurrentWhenCurrentWithNestedCurrentPage" class="Hyde\Framework\Testing\Unit\NavItemIsCurrentHelperTest" classname="Hyde.Framework.Testing.Unit.NavItemIsCurrentHelperTest" file="/home/runner/work/develop/develop/packages/framework/tests/Unit/NavItemIsCurrentHelperTest.php" line="82" assertions="1" time="0.003022"/>
        <testcase name="testIsCurrentWithNestedCurrentPageWhenNested" class="Hyde\Framework\Testing\Unit\NavItemIsCurrentHelperTest" classname="Hyde.Framework.Testing.Unit.NavItemIsCurrentHelperTest" file="/home/runner/work/develop/develop/packages/framework/tests/Unit/NavItemIsCurrentHelperTest.php" line="88" assertions="1" time="0.002972"/>
        <testcase name="testIsCurrentWhenCurrentWithNestedCurrentPageWhenNested" class="Hyde\Framework\Testing\Unit\NavItemIsCurrentHelperTest" classname="Hyde.Framework.Testing.Unit.NavItemIsCurrentHelperTest" file="/home/runner/work/develop/develop/packages/framework/tests/Unit/NavItemIsCurrentHelperTest.php" line="94" assertions="1" time="0.003017"/>
        <testcase name="testIsCurrentWithNestedCurrentPageWhenVeryNested" class="Hyde\Framework\Testing\Unit\NavItemIsCurrentHelperTest" classname="Hyde.Framework.Testing.Unit.NavItemIsCurrentHelperTest" file="/home/runner/work/develop/develop/packages/framework/tests/Unit/NavItemIsCurrentHelperTest.php" line="100" assertions="1" time="0.002981"/>
        <testcase name="testIsCurrentWhenCurrentWithNestedCurrentPageWhenVeryNested" class="Hyde\Framework\Testing\Unit\NavItemIsCurrentHelperTest" classname="Hyde.Framework.Testing.Unit.NavItemIsCurrentHelperTest" file="/home/runner/work/develop/develop/packages/framework/tests/Unit/NavItemIsCurrentHelperTest.php" line="106" assertions="1" time="0.002998"/>
        <testcase name="testIsCurrentWithNestedCurrentPageWhenVeryDifferingNested" class="Hyde\Framework\Testing\Unit\NavItemIsCurrentHelperTest" classname="Hyde.Framework.Testing.Unit.NavItemIsCurrentHelperTest" file="/home/runner/work/develop/develop/packages/framework/tests/Unit/NavItemIsCurrentHelperTest.php" line="112" assertions="1" time="0.002952"/>
        <testcase name="testIsCurrentWithNestedCurrentPageWhenVeryDifferingNestedInverse" class="Hyde\Framework\Testing\Unit\NavItemIsCurrentHelperTest" classname="Hyde.Framework.Testing.Unit.NavItemIsCurrentHelperTest" file="/home/runner/work/develop/develop/packages/framework/tests/Unit/NavItemIsCurrentHelperTest.php" line="118" assertions="1" time="0.002978"/>
        <testcase name="testIsCurrentUsingCurrentLinkWithNestedCurrentPage" class="Hyde\Framework\Testing\Unit\NavItemIsCurrentHelperTest" classname="Hyde.Framework.Testing.Unit.NavItemIsCurrentHelperTest" file="/home/runner/work/develop/develop/packages/framework/tests/Unit/NavItemIsCurrentHelperTest.php" line="124" assertions="1" time="0.002290"/>
        <testcase name="testIsCurrentUsingNotCurrentLinkWithNestedCurrentPage" class="Hyde\Framework\Testing\Unit\NavItemIsCurrentHelperTest" classname="Hyde.Framework.Testing.Unit.NavItemIsCurrentHelperTest" file="/home/runner/work/develop/develop/packages/framework/tests/Unit/NavItemIsCurrentHelperTest.php" line="130" assertions="1" time="0.002275"/>
        <testcase name="testIsCurrentWhenCurrentWithNestedCurrentPageAndSubjectPage" class="Hyde\Framework\Testing\Unit\NavItemIsCurrentHelperTest" classname="Hyde.Framework.Testing.Unit.NavItemIsCurrentHelperTest" file="/home/runner/work/develop/develop/packages/framework/tests/Unit/NavItemIsCurrentHelperTest.php" line="136" assertions="1" time="0.002263"/>
        <testcase name="testIsCurrentWhenNotCurrentWithNestedCurrentPageAndSubjectPage" class="Hyde\Framework\Testing\Unit\NavItemIsCurrentHelperTest" classname="Hyde.Framework.Testing.Unit.NavItemIsCurrentHelperTest" file="/home/runner/work/develop/develop/packages/framework/tests/Unit/NavItemIsCurrentHelperTest.php" line="142" assertions="1" time="0.002265"/>
        <testcase name="testIsCurrentWithNestedCurrentPageWhenNestedUsingLinkItem" class="Hyde\Framework\Testing\Unit\NavItemIsCurrentHelperTest" classname="Hyde.Framework.Testing.Unit.NavItemIsCurrentHelperTest" file="/home/runner/work/develop/develop/packages/framework/tests/Unit/NavItemIsCurrentHelperTest.php" line="148" assertions="1" time="0.002279"/>
        <testcase name="testIsCurrentWhenCurrentWithNestedCurrentPageWhenNestedUsingLinkItem" class="Hyde\Framework\Testing\Unit\NavItemIsCurrentHelperTest" classname="Hyde.Framework.Testing.Unit.NavItemIsCurrentHelperTest" file="/home/runner/work/develop/develop/packages/framework/tests/Unit/NavItemIsCurrentHelperTest.php" line="154" assertions="1" time="0.002259"/>
        <testcase name="testIsCurrentWithNestedCurrentPageWhenVeryNestedUsingLinkItem" class="Hyde\Framework\Testing\Unit\NavItemIsCurrentHelperTest" classname="Hyde.Framework.Testing.Unit.NavItemIsCurrentHelperTest" file="/home/runner/work/develop/develop/packages/framework/tests/Unit/NavItemIsCurrentHelperTest.php" line="160" assertions="1" time="0.002241"/>
        <testcase name="testIsCurrentWhenCurrentWithNestedCurrentPageWhenVeryNestedUsingLinkItem" class="Hyde\Framework\Testing\Unit\NavItemIsCurrentHelperTest" classname="Hyde.Framework.Testing.Unit.NavItemIsCurrentHelperTest" file="/home/runner/work/develop/develop/packages/framework/tests/Unit/NavItemIsCurrentHelperTest.php" line="166" assertions="1" time="0.002254"/>
        <testcase name="testIsCurrentWithNestedCurrentPageWhenVeryDifferingNestedUsingLinkItem" class="Hyde\Framework\Testing\Unit\NavItemIsCurrentHelperTest" classname="Hyde.Framework.Testing.Unit.NavItemIsCurrentHelperTest" file="/home/runner/work/develop/develop/packages/framework/tests/Unit/NavItemIsCurrentHelperTest.php" line="172" assertions="1" time="0.002210"/>
        <testcase name="testIsCurrentWithNestedCurrentPageWhenVeryDifferingNestedInverseUsingLinkItem" class="Hyde\Framework\Testing\Unit\NavItemIsCurrentHelperTest" classname="Hyde.Framework.Testing.Unit.NavItemIsCurrentHelperTest" file="/home/runner/work/develop/develop/packages/framework/tests/Unit/NavItemIsCurrentHelperTest.php" line="178" assertions="1" time="0.002244"/>
        <testcase name="testIsCurrentWithNestedCurrentPageWhenNestedUsingPrettyLinkItem" class="Hyde\Framework\Testing\Unit\NavItemIsCurrentHelperTest" classname="Hyde.Framework.Testing.Unit.NavItemIsCurrentHelperTest" file="/home/runner/work/develop/develop/packages/framework/tests/Unit/NavItemIsCurrentHelperTest.php" line="184" assertions="1" time="0.002232"/>
        <testcase name="testIsCurrentWhenCurrentWithNestedCurrentPageWhenNestedUsingPrettyLinkItem" class="Hyde\Framework\Testing\Unit\NavItemIsCurrentHelperTest" classname="Hyde.Framework.Testing.Unit.NavItemIsCurrentHelperTest" file="/home/runner/work/develop/develop/packages/framework/tests/Unit/NavItemIsCurrentHelperTest.php" line="190" assertions="1" time="0.002228"/>
        <testcase name="testIsCurrentWithNestedCurrentPageWhenVeryNestedUsingPrettyLinkItem" class="Hyde\Framework\Testing\Unit\NavItemIsCurrentHelperTest" classname="Hyde.Framework.Testing.Unit.NavItemIsCurrentHelperTest" file="/home/runner/work/develop/develop/packages/framework/tests/Unit/NavItemIsCurrentHelperTest.php" line="196" assertions="1" time="0.002237"/>
        <testcase name="testIsCurrentWhenCurrentWithNestedCurrentPageWhenVeryNestedUsingPrettyLinkItem" class="Hyde\Framework\Testing\Unit\NavItemIsCurrentHelperTest" classname="Hyde.Framework.Testing.Unit.NavItemIsCurrentHelperTest" file="/home/runner/work/develop/develop/packages/framework/tests/Unit/NavItemIsCurrentHelperTest.php" line="202" assertions="1" time="0.002234"/>
        <testcase name="testIsCurrentWithNestedCurrentPageWhenVeryDifferingNestedUsingPrettyLinkItem" class="Hyde\Framework\Testing\Unit\NavItemIsCurrentHelperTest" classname="Hyde.Framework.Testing.Unit.NavItemIsCurrentHelperTest" file="/home/runner/work/develop/develop/packages/framework/tests/Unit/NavItemIsCurrentHelperTest.php" line="208" assertions="1" time="0.002194"/>
        <testcase name="testIsCurrentWithNestedCurrentPageWhenVeryDifferingNestedInverseUsingPrettyLinkItem" class="Hyde\Framework\Testing\Unit\NavItemIsCurrentHelperTest" classname="Hyde.Framework.Testing.Unit.NavItemIsCurrentHelperTest" file="/home/runner/work/develop/develop/packages/framework/tests/Unit/NavItemIsCurrentHelperTest.php" line="214" assertions="1" time="0.002239"/>
        <testcase name="testIsCurrentWithAbsoluteLink" class="Hyde\Framework\Testing\Unit\NavItemIsCurrentHelperTest" classname="Hyde.Framework.Testing.Unit.NavItemIsCurrentHelperTest" file="/home/runner/work/develop/develop/packages/framework/tests/Unit/NavItemIsCurrentHelperTest.php" line="220" assertions="1" time="0.002203"/>
        <testcase name="testIsCurrentWithNestedCurrentPageWhenNestedUsingAbsoluteLinkItem" class="Hyde\Framework\Testing\Unit\NavItemIsCurrentHelperTest" classname="Hyde.Framework.Testing.Unit.NavItemIsCurrentHelperTest" file="/home/runner/work/develop/develop/packages/framework/tests/Unit/NavItemIsCurrentHelperTest.php" line="226" assertions="1" time="0.002225"/>
        <testcase name="testIsCurrentWhenCurrentWithNestedCurrentPageWhenNestedUsingAbsoluteLinkItem" class="Hyde\Framework\Testing\Unit\NavItemIsCurrentHelperTest" classname="Hyde.Framework.Testing.Unit.NavItemIsCurrentHelperTest" file="/home/runner/work/develop/develop/packages/framework/tests/Unit/NavItemIsCurrentHelperTest.php" line="232" assertions="1" time="0.002241"/>
      </testsuite>
      <testsuite name="Hyde\Framework\Testing\Unit\NavItemTest" file="/home/runner/work/develop/develop/packages/framework/tests/Unit/NavItemTest.php" tests="20" assertions="32" errors="0" warnings="0" failures="0" skipped="0" time="0.043841">
        <testcase name="test__construct" class="Hyde\Framework\Testing\Unit\NavItemTest" classname="Hyde.Framework.Testing.Unit.NavItemTest" file="/home/runner/work/develop/develop/packages/framework/tests/Unit/NavItemTest.php" line="41" assertions="1" time="0.003553"/>
        <testcase name="testGetDestination" class="Hyde\Framework\Testing\Unit\NavItemTest" classname="Hyde.Framework.Testing.Unit.NavItemTest" file="/home/runner/work/develop/develop/packages/framework/tests/Unit/NavItemTest.php" line="49" assertions="1" time="0.001926"/>
        <testcase name="testGetLabel" class="Hyde\Framework\Testing\Unit\NavItemTest" classname="Hyde.Framework.Testing.Unit.NavItemTest" file="/home/runner/work/develop/develop/packages/framework/tests/Unit/NavItemTest.php" line="55" assertions="1" time="0.001920"/>
        <testcase name="testGetPriority" class="Hyde\Framework\Testing\Unit\NavItemTest" classname="Hyde.Framework.Testing.Unit.NavItemTest" file="/home/runner/work/develop/develop/packages/framework/tests/Unit/NavItemTest.php" line="61" assertions="1" time="0.001888"/>
        <testcase name="testGetGroup" class="Hyde\Framework\Testing\Unit\NavItemTest" classname="Hyde.Framework.Testing.Unit.NavItemTest" file="/home/runner/work/develop/develop/packages/framework/tests/Unit/NavItemTest.php" line="67" assertions="1" time="0.001920"/>
        <testcase name="testFromRoute" class="Hyde\Framework\Testing\Unit\NavItemTest" classname="Hyde.Framework.Testing.Unit.NavItemTest" file="/home/runner/work/develop/develop/packages/framework/tests/Unit/NavItemTest.php" line="73" assertions="1" time="0.001929"/>
        <testcase name="test__toString" class="Hyde\Framework\Testing\Unit\NavItemTest" classname="Hyde.Framework.Testing.Unit.NavItemTest" file="/home/runner/work/develop/develop/packages/framework/tests/Unit/NavItemTest.php" line="81" assertions="1" time="0.004983"/>
        <testcase name="testForLink" class="Hyde\Framework\Testing\Unit\NavItemTest" classname="Hyde.Framework.Testing.Unit.NavItemTest" file="/home/runner/work/develop/develop/packages/framework/tests/Unit/NavItemTest.php" line="88" assertions="3" time="0.001018"/>
        <testcase name="testForLinkWithCustomPriority" class="Hyde\Framework\Testing\Unit\NavItemTest" classname="Hyde.Framework.Testing.Unit.NavItemTest" file="/home/runner/work/develop/develop/packages/framework/tests/Unit/NavItemTest.php" line="97" assertions="1" time="0.000611"/>
        <testcase name="testForRoute" class="Hyde\Framework\Testing\Unit\NavItemTest" classname="Hyde.Framework.Testing.Unit.NavItemTest" file="/home/runner/work/develop/develop/packages/framework/tests/Unit/NavItemTest.php" line="102" assertions="3" time="0.001128"/>
        <testcase name="testForIndexRoute" class="Hyde\Framework\Testing\Unit\NavItemTest" classname="Hyde.Framework.Testing.Unit.NavItemTest" file="/home/runner/work/develop/develop/packages/framework/tests/Unit/NavItemTest.php" line="112" assertions="3" time="0.001295"/>
        <testcase name="testForRouteWithRouteKey" class="Hyde\Framework\Testing\Unit\NavItemTest" classname="Hyde.Framework.Testing.Unit.NavItemTest" file="/home/runner/work/develop/develop/packages/framework/tests/Unit/NavItemTest.php" line="122" assertions="1" time="0.001496"/>
        <testcase name="testForRouteWithMissingRouteKey" class="Hyde\Framework\Testing\Unit\NavItemTest" classname="Hyde.Framework.Testing.Unit.NavItemTest" file="/home/runner/work/develop/develop/packages/framework/tests/Unit/NavItemTest.php" line="130" assertions="1" time="0.000939"/>
        <testcase name="testForRouteWithCustomPriority" class="Hyde\Framework\Testing\Unit\NavItemTest" classname="Hyde.Framework.Testing.Unit.NavItemTest" file="/home/runner/work/develop/develop/packages/framework/tests/Unit/NavItemTest.php" line="136" assertions="1" time="0.001036"/>
        <testcase name="testRouteBasedNavItemDestinationsAreResolvedRelatively" class="Hyde\Framework\Testing\Unit\NavItemTest" classname="Hyde.Framework.Testing.Unit.NavItemTest" file="/home/runner/work/develop/develop/packages/framework/tests/Unit/NavItemTest.php" line="141" assertions="6" time="0.007471"/>
        <testcase name="testIsCurrent" class="Hyde\Framework\Testing\Unit\NavItemTest" classname="Hyde.Framework.Testing.Unit.NavItemTest" file="/home/runner/work/develop/develop/packages/framework/tests/Unit/NavItemTest.php" line="168" assertions="2" time="0.003741"/>
        <testcase name="testGetGroupWithNoGroup" class="Hyde\Framework\Testing\Unit\NavItemTest" classname="Hyde.Framework.Testing.Unit.NavItemTest" file="/home/runner/work/develop/develop/packages/framework/tests/Unit/NavItemTest.php" line="178" assertions="1" time="0.001770"/>
        <testcase name="testGetGroupWithGroup" class="Hyde\Framework\Testing\Unit\NavItemTest" classname="Hyde.Framework.Testing.Unit.NavItemTest" file="/home/runner/work/develop/develop/packages/framework/tests/Unit/NavItemTest.php" line="183" assertions="1" time="0.001712"/>
        <testcase name="testGetGroupFromRouteWithGroup" class="Hyde\Framework\Testing\Unit\NavItemTest" classname="Hyde.Framework.Testing.Unit.NavItemTest" file="/home/runner/work/develop/develop/packages/framework/tests/Unit/NavItemTest.php" line="188" assertions="1" time="0.001743"/>
        <testcase name="testGetGroupForRouteWithGroup" class="Hyde\Framework\Testing\Unit\NavItemTest" classname="Hyde.Framework.Testing.Unit.NavItemTest" file="/home/runner/work/develop/develop/packages/framework/tests/Unit/NavItemTest.php" line="193" assertions="1" time="0.001762"/>
      </testsuite>
      <testsuite name="Hyde\Framework\Testing\Unit\Pages\BladePageUnitTest" file="/home/runner/work/develop/develop/packages/framework/tests/Unit/Pages/BladePageUnitTest.php" tests="32" assertions="32" errors="0" warnings="0" failures="0" skipped="0" time="0.085520">
        <testcase name="testSourceDirectory" class="Hyde\Framework\Testing\Unit\Pages\BladePageUnitTest" classname="Hyde.Framework.Testing.Unit.Pages.BladePageUnitTest" file="/home/runner/work/develop/develop/packages/framework/tests/Unit/Pages/BladePageUnitTest.php" line="22" assertions="1" time="0.001430"/>
        <testcase name="testOutputDirectory" class="Hyde\Framework\Testing\Unit\Pages\BladePageUnitTest" classname="Hyde.Framework.Testing.Unit.Pages.BladePageUnitTest" file="/home/runner/work/develop/develop/packages/framework/tests/Unit/Pages/BladePageUnitTest.php" line="27" assertions="1" time="0.001589"/>
        <testcase name="testBaseRouteKey" class="Hyde\Framework\Testing\Unit\Pages\BladePageUnitTest" classname="Hyde.Framework.Testing.Unit.Pages.BladePageUnitTest" file="/home/runner/work/develop/develop/packages/framework/tests/Unit/Pages/BladePageUnitTest.php" line="32" assertions="1" time="0.001562"/>
        <testcase name="testFileExtension" class="Hyde\Framework\Testing\Unit\Pages\BladePageUnitTest" classname="Hyde.Framework.Testing.Unit.Pages.BladePageUnitTest" file="/home/runner/work/develop/develop/packages/framework/tests/Unit/Pages/BladePageUnitTest.php" line="37" assertions="1" time="0.001506"/>
        <testcase name="testSourcePath" class="Hyde\Framework\Testing\Unit\Pages\BladePageUnitTest" classname="Hyde.Framework.Testing.Unit.Pages.BladePageUnitTest" file="/home/runner/work/develop/develop/packages/framework/tests/Unit/Pages/BladePageUnitTest.php" line="42" assertions="1" time="0.001470"/>
        <testcase name="testOutputPath" class="Hyde\Framework\Testing\Unit\Pages\BladePageUnitTest" classname="Hyde.Framework.Testing.Unit.Pages.BladePageUnitTest" file="/home/runner/work/develop/develop/packages/framework/tests/Unit/Pages/BladePageUnitTest.php" line="47" assertions="1" time="0.001487"/>
        <testcase name="testPath" class="Hyde\Framework\Testing\Unit\Pages\BladePageUnitTest" classname="Hyde.Framework.Testing.Unit.Pages.BladePageUnitTest" file="/home/runner/work/develop/develop/packages/framework/tests/Unit/Pages/BladePageUnitTest.php" line="52" assertions="1" time="0.001566"/>
        <testcase name="testGetSourcePath" class="Hyde\Framework\Testing\Unit\Pages\BladePageUnitTest" classname="Hyde.Framework.Testing.Unit.Pages.BladePageUnitTest" file="/home/runner/work/develop/develop/packages/framework/tests/Unit/Pages/BladePageUnitTest.php" line="57" assertions="1" time="0.002341"/>
        <testcase name="testGetOutputPath" class="Hyde\Framework\Testing\Unit\Pages\BladePageUnitTest" classname="Hyde.Framework.Testing.Unit.Pages.BladePageUnitTest" file="/home/runner/work/develop/develop/packages/framework/tests/Unit/Pages/BladePageUnitTest.php" line="62" assertions="1" time="0.002366"/>
        <testcase name="testGetLink" class="Hyde\Framework\Testing\Unit\Pages\BladePageUnitTest" classname="Hyde.Framework.Testing.Unit.Pages.BladePageUnitTest" file="/home/runner/work/develop/develop/packages/framework/tests/Unit/Pages/BladePageUnitTest.php" line="67" assertions="1" time="0.002379"/>
        <testcase name="testMake" class="Hyde\Framework\Testing\Unit\Pages\BladePageUnitTest" classname="Hyde.Framework.Testing.Unit.Pages.BladePageUnitTest" file="/home/runner/work/develop/develop/packages/framework/tests/Unit/Pages/BladePageUnitTest.php" line="72" assertions="1" time="0.002980"/>
        <testcase name="testMakeWithData" class="Hyde\Framework\Testing\Unit\Pages\BladePageUnitTest" classname="Hyde.Framework.Testing.Unit.Pages.BladePageUnitTest" file="/home/runner/work/develop/develop/packages/framework/tests/Unit/Pages/BladePageUnitTest.php" line="77" assertions="1" time="0.003486"/>
        <testcase name="testShowInNavigation" class="Hyde\Framework\Testing\Unit\Pages\BladePageUnitTest" classname="Hyde.Framework.Testing.Unit.Pages.BladePageUnitTest" file="/home/runner/work/develop/develop/packages/framework/tests/Unit/Pages/BladePageUnitTest.php" line="82" assertions="1" time="0.002203"/>
        <testcase name="testNavigationMenuPriority" class="Hyde\Framework\Testing\Unit\Pages\BladePageUnitTest" classname="Hyde.Framework.Testing.Unit.Pages.BladePageUnitTest" file="/home/runner/work/develop/develop/packages/framework/tests/Unit/Pages/BladePageUnitTest.php" line="87" assertions="1" time="0.002149"/>
        <testcase name="testNavigationMenuLabel" class="Hyde\Framework\Testing\Unit\Pages\BladePageUnitTest" classname="Hyde.Framework.Testing.Unit.Pages.BladePageUnitTest" file="/home/runner/work/develop/develop/packages/framework/tests/Unit/Pages/BladePageUnitTest.php" line="92" assertions="1" time="0.002298"/>
        <testcase name="testNavigationMenuGroup" class="Hyde\Framework\Testing\Unit\Pages\BladePageUnitTest" classname="Hyde.Framework.Testing.Unit.Pages.BladePageUnitTest" file="/home/runner/work/develop/develop/packages/framework/tests/Unit/Pages/BladePageUnitTest.php" line="97" assertions="1" time="0.002312"/>
        <testcase name="testGetBladeView" class="Hyde\Framework\Testing\Unit\Pages\BladePageUnitTest" classname="Hyde.Framework.Testing.Unit.Pages.BladePageUnitTest" file="/home/runner/work/develop/develop/packages/framework/tests/Unit/Pages/BladePageUnitTest.php" line="102" assertions="1" time="0.002296"/>
        <testcase name="testFiles" class="Hyde\Framework\Testing\Unit\Pages\BladePageUnitTest" classname="Hyde.Framework.Testing.Unit.Pages.BladePageUnitTest" file="/home/runner/work/develop/develop/packages/framework/tests/Unit/Pages/BladePageUnitTest.php" line="107" assertions="1" time="0.005379"/>
        <testcase name="testData" class="Hyde\Framework\Testing\Unit\Pages\BladePageUnitTest" classname="Hyde.Framework.Testing.Unit.Pages.BladePageUnitTest" file="/home/runner/work/develop/develop/packages/framework/tests/Unit/Pages/BladePageUnitTest.php" line="112" assertions="1" time="0.002583"/>
        <testcase name="testGet" class="Hyde\Framework\Testing\Unit\Pages\BladePageUnitTest" classname="Hyde.Framework.Testing.Unit.Pages.BladePageUnitTest" file="/home/runner/work/develop/develop/packages/framework/tests/Unit/Pages/BladePageUnitTest.php" line="117" assertions="1" time="0.007415"/>
        <testcase name="testParse" class="Hyde\Framework\Testing\Unit\Pages\BladePageUnitTest" classname="Hyde.Framework.Testing.Unit.Pages.BladePageUnitTest" file="/home/runner/work/develop/develop/packages/framework/tests/Unit/Pages/BladePageUnitTest.php" line="123" assertions="1" time="0.002989"/>
        <testcase name="testGetRouteKey" class="Hyde\Framework\Testing\Unit\Pages\BladePageUnitTest" classname="Hyde.Framework.Testing.Unit.Pages.BladePageUnitTest" file="/home/runner/work/develop/develop/packages/framework/tests/Unit/Pages/BladePageUnitTest.php" line="128" assertions="1" time="0.002383"/>
        <testcase name="testTitle" class="Hyde\Framework\Testing\Unit\Pages\BladePageUnitTest" classname="Hyde.Framework.Testing.Unit.Pages.BladePageUnitTest" file="/home/runner/work/develop/develop/packages/framework/tests/Unit/Pages/BladePageUnitTest.php" line="133" assertions="1" time="0.002345"/>
        <testcase name="testAll" class="Hyde\Framework\Testing\Unit\Pages\BladePageUnitTest" classname="Hyde.Framework.Testing.Unit.Pages.BladePageUnitTest" file="/home/runner/work/develop/develop/packages/framework/tests/Unit/Pages/BladePageUnitTest.php" line="139" assertions="1" time="0.005103"/>
        <testcase name="testMetadata" class="Hyde\Framework\Testing\Unit\Pages\BladePageUnitTest" classname="Hyde.Framework.Testing.Unit.Pages.BladePageUnitTest" file="/home/runner/work/develop/develop/packages/framework/tests/Unit/Pages/BladePageUnitTest.php" line="144" assertions="1" time="0.002393"/>
        <testcase name="test__construct" class="Hyde\Framework\Testing\Unit\Pages\BladePageUnitTest" classname="Hyde.Framework.Testing.Unit.Pages.BladePageUnitTest" file="/home/runner/work/develop/develop/packages/framework/tests/Unit/Pages/BladePageUnitTest.php" line="149" assertions="1" time="0.002193"/>
        <testcase name="testGetRoute" class="Hyde\Framework\Testing\Unit\Pages\BladePageUnitTest" classname="Hyde.Framework.Testing.Unit.Pages.BladePageUnitTest" file="/home/runner/work/develop/develop/packages/framework/tests/Unit/Pages/BladePageUnitTest.php" line="154" assertions="1" time="0.005432"/>
        <testcase name="testGetIdentifier" class="Hyde\Framework\Testing\Unit\Pages\BladePageUnitTest" classname="Hyde.Framework.Testing.Unit.Pages.BladePageUnitTest" file="/home/runner/work/develop/develop/packages/framework/tests/Unit/Pages/BladePageUnitTest.php" line="159" assertions="1" time="0.002493"/>
        <testcase name="testHas" class="Hyde\Framework\Testing\Unit\Pages\BladePageUnitTest" classname="Hyde.Framework.Testing.Unit.Pages.BladePageUnitTest" file="/home/runner/work/develop/develop/packages/framework/tests/Unit/Pages/BladePageUnitTest.php" line="164" assertions="1" time="0.002325"/>
        <testcase name="testToCoreDataObject" class="Hyde\Framework\Testing\Unit\Pages\BladePageUnitTest" classname="Hyde.Framework.Testing.Unit.Pages.BladePageUnitTest" file="/home/runner/work/develop/develop/packages/framework/tests/Unit/Pages/BladePageUnitTest.php" line="169" assertions="1" time="0.002358"/>
        <testcase name="testCompile" class="Hyde\Framework\Testing\Unit\Pages\BladePageUnitTest" classname="Hyde.Framework.Testing.Unit.Pages.BladePageUnitTest" file="/home/runner/work/develop/develop/packages/framework/tests/Unit/Pages/BladePageUnitTest.php" line="174" assertions="1" time="0.002389"/>
        <testcase name="testMatter" class="Hyde\Framework\Testing\Unit\Pages\BladePageUnitTest" classname="Hyde.Framework.Testing.Unit.Pages.BladePageUnitTest" file="/home/runner/work/develop/develop/packages/framework/tests/Unit/Pages/BladePageUnitTest.php" line="179" assertions="1" time="0.002318"/>
      </testsuite>
      <testsuite name="Hyde\Framework\Testing\Unit\Pages\DocumentationPageUnitTest" file="/home/runner/work/develop/develop/packages/framework/tests/Unit/Pages/DocumentationPageUnitTest.php" tests="35" assertions="36" errors="0" warnings="0" failures="0" skipped="0" time="0.100318">
        <testcase name="testSourceDirectory" class="Hyde\Framework\Testing\Unit\Pages\DocumentationPageUnitTest" classname="Hyde.Framework.Testing.Unit.Pages.DocumentationPageUnitTest" file="/home/runner/work/develop/develop/packages/framework/tests/Unit/Pages/DocumentationPageUnitTest.php" line="24" assertions="1" time="0.001291"/>
        <testcase name="testOutputDirectory" class="Hyde\Framework\Testing\Unit\Pages\DocumentationPageUnitTest" classname="Hyde.Framework.Testing.Unit.Pages.DocumentationPageUnitTest" file="/home/runner/work/develop/develop/packages/framework/tests/Unit/Pages/DocumentationPageUnitTest.php" line="29" assertions="1" time="0.001401"/>
        <testcase name="testBaseRouteKey" class="Hyde\Framework\Testing\Unit\Pages\DocumentationPageUnitTest" classname="Hyde.Framework.Testing.Unit.Pages.DocumentationPageUnitTest" file="/home/runner/work/develop/develop/packages/framework/tests/Unit/Pages/DocumentationPageUnitTest.php" line="34" assertions="1" time="0.001378"/>
        <testcase name="testFileExtension" class="Hyde\Framework\Testing\Unit\Pages\DocumentationPageUnitTest" classname="Hyde.Framework.Testing.Unit.Pages.DocumentationPageUnitTest" file="/home/runner/work/develop/develop/packages/framework/tests/Unit/Pages/DocumentationPageUnitTest.php" line="39" assertions="1" time="0.001399"/>
        <testcase name="testSourcePath" class="Hyde\Framework\Testing\Unit\Pages\DocumentationPageUnitTest" classname="Hyde.Framework.Testing.Unit.Pages.DocumentationPageUnitTest" file="/home/runner/work/develop/develop/packages/framework/tests/Unit/Pages/DocumentationPageUnitTest.php" line="44" assertions="1" time="0.001394"/>
        <testcase name="testOutputPath" class="Hyde\Framework\Testing\Unit\Pages\DocumentationPageUnitTest" classname="Hyde.Framework.Testing.Unit.Pages.DocumentationPageUnitTest" file="/home/runner/work/develop/develop/packages/framework/tests/Unit/Pages/DocumentationPageUnitTest.php" line="49" assertions="1" time="0.001419"/>
        <testcase name="testPath" class="Hyde\Framework\Testing\Unit\Pages\DocumentationPageUnitTest" classname="Hyde.Framework.Testing.Unit.Pages.DocumentationPageUnitTest" file="/home/runner/work/develop/develop/packages/framework/tests/Unit/Pages/DocumentationPageUnitTest.php" line="54" assertions="1" time="0.001557"/>
        <testcase name="testGetSourcePath" class="Hyde\Framework\Testing\Unit\Pages\DocumentationPageUnitTest" classname="Hyde.Framework.Testing.Unit.Pages.DocumentationPageUnitTest" file="/home/runner/work/develop/develop/packages/framework/tests/Unit/Pages/DocumentationPageUnitTest.php" line="59" assertions="1" time="0.002349"/>
        <testcase name="testGetOutputPath" class="Hyde\Framework\Testing\Unit\Pages\DocumentationPageUnitTest" classname="Hyde.Framework.Testing.Unit.Pages.DocumentationPageUnitTest" file="/home/runner/work/develop/develop/packages/framework/tests/Unit/Pages/DocumentationPageUnitTest.php" line="64" assertions="1" time="0.002477"/>
        <testcase name="testGetLink" class="Hyde\Framework\Testing\Unit\Pages\DocumentationPageUnitTest" classname="Hyde.Framework.Testing.Unit.Pages.DocumentationPageUnitTest" file="/home/runner/work/develop/develop/packages/framework/tests/Unit/Pages/DocumentationPageUnitTest.php" line="69" assertions="1" time="0.002475"/>
        <testcase name="testMake" class="Hyde\Framework\Testing\Unit\Pages\DocumentationPageUnitTest" classname="Hyde.Framework.Testing.Unit.Pages.DocumentationPageUnitTest" file="/home/runner/work/develop/develop/packages/framework/tests/Unit/Pages/DocumentationPageUnitTest.php" line="74" assertions="1" time="0.003141"/>
        <testcase name="testMakeWithData" class="Hyde\Framework\Testing\Unit\Pages\DocumentationPageUnitTest" classname="Hyde.Framework.Testing.Unit.Pages.DocumentationPageUnitTest" file="/home/runner/work/develop/develop/packages/framework/tests/Unit/Pages/DocumentationPageUnitTest.php" line="79" assertions="1" time="0.003521"/>
        <testcase name="testShowInNavigation" class="Hyde\Framework\Testing\Unit\Pages\DocumentationPageUnitTest" classname="Hyde.Framework.Testing.Unit.Pages.DocumentationPageUnitTest" file="/home/runner/work/develop/develop/packages/framework/tests/Unit/Pages/DocumentationPageUnitTest.php" line="84" assertions="1" time="0.002234"/>
        <testcase name="testNavigationMenuPriority" class="Hyde\Framework\Testing\Unit\Pages\DocumentationPageUnitTest" classname="Hyde.Framework.Testing.Unit.Pages.DocumentationPageUnitTest" file="/home/runner/work/develop/develop/packages/framework/tests/Unit/Pages/DocumentationPageUnitTest.php" line="89" assertions="1" time="0.002215"/>
        <testcase name="testNavigationMenuLabel" class="Hyde\Framework\Testing\Unit\Pages\DocumentationPageUnitTest" classname="Hyde.Framework.Testing.Unit.Pages.DocumentationPageUnitTest" file="/home/runner/work/develop/develop/packages/framework/tests/Unit/Pages/DocumentationPageUnitTest.php" line="94" assertions="1" time="0.002385"/>
        <testcase name="testNavigationMenuGroup" class="Hyde\Framework\Testing\Unit\Pages\DocumentationPageUnitTest" classname="Hyde.Framework.Testing.Unit.Pages.DocumentationPageUnitTest" file="/home/runner/work/develop/develop/packages/framework/tests/Unit/Pages/DocumentationPageUnitTest.php" line="99" assertions="1" time="0.002399"/>
        <testcase name="testNavigationMenuGroupWithData" class="Hyde\Framework\Testing\Unit\Pages\DocumentationPageUnitTest" classname="Hyde.Framework.Testing.Unit.Pages.DocumentationPageUnitTest" file="/home/runner/work/develop/develop/packages/framework/tests/Unit/Pages/DocumentationPageUnitTest.php" line="104" assertions="1" time="0.002272"/>
        <testcase name="testGetBladeView" class="Hyde\Framework\Testing\Unit\Pages\DocumentationPageUnitTest" classname="Hyde.Framework.Testing.Unit.Pages.DocumentationPageUnitTest" file="/home/runner/work/develop/develop/packages/framework/tests/Unit/Pages/DocumentationPageUnitTest.php" line="109" assertions="1" time="0.002376"/>
        <testcase name="testFiles" class="Hyde\Framework\Testing\Unit\Pages\DocumentationPageUnitTest" classname="Hyde.Framework.Testing.Unit.Pages.DocumentationPageUnitTest" file="/home/runner/work/develop/develop/packages/framework/tests/Unit/Pages/DocumentationPageUnitTest.php" line="114" assertions="1" time="0.005242"/>
        <testcase name="testData" class="Hyde\Framework\Testing\Unit\Pages\DocumentationPageUnitTest" classname="Hyde.Framework.Testing.Unit.Pages.DocumentationPageUnitTest" file="/home/runner/work/develop/develop/packages/framework/tests/Unit/Pages/DocumentationPageUnitTest.php" line="119" assertions="1" time="0.002564"/>
        <testcase name="testGet" class="Hyde\Framework\Testing\Unit\Pages\DocumentationPageUnitTest" classname="Hyde.Framework.Testing.Unit.Pages.DocumentationPageUnitTest" file="/home/runner/work/develop/develop/packages/framework/tests/Unit/Pages/DocumentationPageUnitTest.php" line="124" assertions="1" time="0.007840"/>
        <testcase name="testParse" class="Hyde\Framework\Testing\Unit\Pages\DocumentationPageUnitTest" classname="Hyde.Framework.Testing.Unit.Pages.DocumentationPageUnitTest" file="/home/runner/work/develop/develop/packages/framework/tests/Unit/Pages/DocumentationPageUnitTest.php" line="130" assertions="1" time="0.003610"/>
        <testcase name="testGetRouteKey" class="Hyde\Framework\Testing\Unit\Pages\DocumentationPageUnitTest" classname="Hyde.Framework.Testing.Unit.Pages.DocumentationPageUnitTest" file="/home/runner/work/develop/develop/packages/framework/tests/Unit/Pages/DocumentationPageUnitTest.php" line="136" assertions="1" time="0.002484"/>
        <testcase name="testTitle" class="Hyde\Framework\Testing\Unit\Pages\DocumentationPageUnitTest" classname="Hyde.Framework.Testing.Unit.Pages.DocumentationPageUnitTest" file="/home/runner/work/develop/develop/packages/framework/tests/Unit/Pages/DocumentationPageUnitTest.php" line="141" assertions="1" time="0.002381"/>
        <testcase name="testAll" class="Hyde\Framework\Testing\Unit\Pages\DocumentationPageUnitTest" classname="Hyde.Framework.Testing.Unit.Pages.DocumentationPageUnitTest" file="/home/runner/work/develop/develop/packages/framework/tests/Unit/Pages/DocumentationPageUnitTest.php" line="147" assertions="1" time="0.005123"/>
        <testcase name="testMetadata" class="Hyde\Framework\Testing\Unit\Pages\DocumentationPageUnitTest" classname="Hyde.Framework.Testing.Unit.Pages.DocumentationPageUnitTest" file="/home/runner/work/develop/develop/packages/framework/tests/Unit/Pages/DocumentationPageUnitTest.php" line="152" assertions="1" time="0.002440"/>
        <testcase name="test__construct" class="Hyde\Framework\Testing\Unit\Pages\DocumentationPageUnitTest" classname="Hyde.Framework.Testing.Unit.Pages.DocumentationPageUnitTest" file="/home/runner/work/develop/develop/packages/framework/tests/Unit/Pages/DocumentationPageUnitTest.php" line="157" assertions="1" time="0.002236"/>
        <testcase name="testGetRoute" class="Hyde\Framework\Testing\Unit\Pages\DocumentationPageUnitTest" classname="Hyde.Framework.Testing.Unit.Pages.DocumentationPageUnitTest" file="/home/runner/work/develop/develop/packages/framework/tests/Unit/Pages/DocumentationPageUnitTest.php" line="162" assertions="1" time="0.005532"/>
        <testcase name="testGetIdentifier" class="Hyde\Framework\Testing\Unit\Pages\DocumentationPageUnitTest" classname="Hyde.Framework.Testing.Unit.Pages.DocumentationPageUnitTest" file="/home/runner/work/develop/develop/packages/framework/tests/Unit/Pages/DocumentationPageUnitTest.php" line="167" assertions="1" time="0.002567"/>
        <testcase name="testHas" class="Hyde\Framework\Testing\Unit\Pages\DocumentationPageUnitTest" classname="Hyde.Framework.Testing.Unit.Pages.DocumentationPageUnitTest" file="/home/runner/work/develop/develop/packages/framework/tests/Unit/Pages/DocumentationPageUnitTest.php" line="172" assertions="1" time="0.002401"/>
        <testcase name="testToCoreDataObject" class="Hyde\Framework\Testing\Unit\Pages\DocumentationPageUnitTest" classname="Hyde.Framework.Testing.Unit.Pages.DocumentationPageUnitTest" file="/home/runner/work/develop/develop/packages/framework/tests/Unit/Pages/DocumentationPageUnitTest.php" line="177" assertions="1" time="0.002459"/>
        <testcase name="testCompile" class="Hyde\Framework\Testing\Unit\Pages\DocumentationPageUnitTest" classname="Hyde.Framework.Testing.Unit.Pages.DocumentationPageUnitTest" file="/home/runner/work/develop/develop/packages/framework/tests/Unit/Pages/DocumentationPageUnitTest.php" line="182" assertions="1" time="0.007560"/>
        <testcase name="testMatter" class="Hyde\Framework\Testing\Unit\Pages\DocumentationPageUnitTest" classname="Hyde.Framework.Testing.Unit.Pages.DocumentationPageUnitTest" file="/home/runner/work/develop/develop/packages/framework/tests/Unit/Pages/DocumentationPageUnitTest.php" line="189" assertions="1" time="0.002660"/>
        <testcase name="testMarkdown" class="Hyde\Framework\Testing\Unit\Pages\DocumentationPageUnitTest" classname="Hyde.Framework.Testing.Unit.Pages.DocumentationPageUnitTest" file="/home/runner/work/develop/develop/packages/framework/tests/Unit/Pages/DocumentationPageUnitTest.php" line="194" assertions="1" time="0.002404"/>
        <testcase name="testSave" class="Hyde\Framework\Testing\Unit\Pages\DocumentationPageUnitTest" classname="Hyde.Framework.Testing.Unit.Pages.DocumentationPageUnitTest" file="/home/runner/work/develop/develop/packages/framework/tests/Unit/Pages/DocumentationPageUnitTest.php" line="199" assertions="2" time="0.003126"/>
      </testsuite>
      <testsuite name="Hyde\Framework\Testing\Unit\Pages\HtmlPageTest" file="/home/runner/work/develop/develop/packages/framework/tests/Unit/Pages/HtmlPageTest.php" tests="2" assertions="3" errors="0" warnings="0" failures="0" skipped="0" time="0.056137">
        <testcase name="testHtmlPageCanBeCompiled" class="Hyde\Framework\Testing\Unit\Pages\HtmlPageTest" classname="Hyde.Framework.Testing.Unit.Pages.HtmlPageTest" file="/home/runner/work/develop/develop/packages/framework/tests/Unit/Pages/HtmlPageTest.php" line="15" assertions="2" time="0.025473"/>
        <testcase name="testCompileMethodUsesContents" class="Hyde\Framework\Testing\Unit\Pages\HtmlPageTest" classname="Hyde.Framework.Testing.Unit.Pages.HtmlPageTest" file="/home/runner/work/develop/develop/packages/framework/tests/Unit/Pages/HtmlPageTest.php" line="24" assertions="1" time="0.030664"/>
      </testsuite>
      <testsuite name="Hyde\Framework\Testing\Unit\Pages\HtmlPageUnitTest" file="/home/runner/work/develop/develop/packages/framework/tests/Unit/Pages/HtmlPageUnitTest.php" tests="32" assertions="32" errors="0" warnings="0" failures="0" skipped="0" time="0.089070">
        <testcase name="testSourceDirectory" class="Hyde\Framework\Testing\Unit\Pages\HtmlPageUnitTest" classname="Hyde.Framework.Testing.Unit.Pages.HtmlPageUnitTest" file="/home/runner/work/develop/develop/packages/framework/tests/Unit/Pages/HtmlPageUnitTest.php" line="22" assertions="1" time="0.001303"/>
        <testcase name="testOutputDirectory" class="Hyde\Framework\Testing\Unit\Pages\HtmlPageUnitTest" classname="Hyde.Framework.Testing.Unit.Pages.HtmlPageUnitTest" file="/home/runner/work/develop/develop/packages/framework/tests/Unit/Pages/HtmlPageUnitTest.php" line="30" assertions="1" time="0.001473"/>
        <testcase name="testBaseRouteKey" class="Hyde\Framework\Testing\Unit\Pages\HtmlPageUnitTest" classname="Hyde.Framework.Testing.Unit.Pages.HtmlPageUnitTest" file="/home/runner/work/develop/develop/packages/framework/tests/Unit/Pages/HtmlPageUnitTest.php" line="38" assertions="1" time="0.001409"/>
        <testcase name="testFileExtension" class="Hyde\Framework\Testing\Unit\Pages\HtmlPageUnitTest" classname="Hyde.Framework.Testing.Unit.Pages.HtmlPageUnitTest" file="/home/runner/work/develop/develop/packages/framework/tests/Unit/Pages/HtmlPageUnitTest.php" line="46" assertions="1" time="0.001414"/>
        <testcase name="testSourcePath" class="Hyde\Framework\Testing\Unit\Pages\HtmlPageUnitTest" classname="Hyde.Framework.Testing.Unit.Pages.HtmlPageUnitTest" file="/home/runner/work/develop/develop/packages/framework/tests/Unit/Pages/HtmlPageUnitTest.php" line="54" assertions="1" time="0.001417"/>
        <testcase name="testOutputPath" class="Hyde\Framework\Testing\Unit\Pages\HtmlPageUnitTest" classname="Hyde.Framework.Testing.Unit.Pages.HtmlPageUnitTest" file="/home/runner/work/develop/develop/packages/framework/tests/Unit/Pages/HtmlPageUnitTest.php" line="62" assertions="1" time="0.001457"/>
        <testcase name="testPath" class="Hyde\Framework\Testing\Unit\Pages\HtmlPageUnitTest" classname="Hyde.Framework.Testing.Unit.Pages.HtmlPageUnitTest" file="/home/runner/work/develop/develop/packages/framework/tests/Unit/Pages/HtmlPageUnitTest.php" line="70" assertions="1" time="0.001559"/>
        <testcase name="testGetSourcePath" class="Hyde\Framework\Testing\Unit\Pages\HtmlPageUnitTest" classname="Hyde.Framework.Testing.Unit.Pages.HtmlPageUnitTest" file="/home/runner/work/develop/develop/packages/framework/tests/Unit/Pages/HtmlPageUnitTest.php" line="78" assertions="1" time="0.002270"/>
        <testcase name="testGetOutputPath" class="Hyde\Framework\Testing\Unit\Pages\HtmlPageUnitTest" classname="Hyde.Framework.Testing.Unit.Pages.HtmlPageUnitTest" file="/home/runner/work/develop/develop/packages/framework/tests/Unit/Pages/HtmlPageUnitTest.php" line="86" assertions="1" time="0.002321"/>
        <testcase name="testGetLink" class="Hyde\Framework\Testing\Unit\Pages\HtmlPageUnitTest" classname="Hyde.Framework.Testing.Unit.Pages.HtmlPageUnitTest" file="/home/runner/work/develop/develop/packages/framework/tests/Unit/Pages/HtmlPageUnitTest.php" line="94" assertions="1" time="0.002340"/>
        <testcase name="testMake" class="Hyde\Framework\Testing\Unit\Pages\HtmlPageUnitTest" classname="Hyde.Framework.Testing.Unit.Pages.HtmlPageUnitTest" file="/home/runner/work/develop/develop/packages/framework/tests/Unit/Pages/HtmlPageUnitTest.php" line="102" assertions="1" time="0.002976"/>
        <testcase name="testMakeWithData" class="Hyde\Framework\Testing\Unit\Pages\HtmlPageUnitTest" classname="Hyde.Framework.Testing.Unit.Pages.HtmlPageUnitTest" file="/home/runner/work/develop/develop/packages/framework/tests/Unit/Pages/HtmlPageUnitTest.php" line="107" assertions="1" time="0.003336"/>
        <testcase name="testShowInNavigation" class="Hyde\Framework\Testing\Unit\Pages\HtmlPageUnitTest" classname="Hyde.Framework.Testing.Unit.Pages.HtmlPageUnitTest" file="/home/runner/work/develop/develop/packages/framework/tests/Unit/Pages/HtmlPageUnitTest.php" line="115" assertions="1" time="0.002178"/>
        <testcase name="testNavigationMenuPriority" class="Hyde\Framework\Testing\Unit\Pages\HtmlPageUnitTest" classname="Hyde.Framework.Testing.Unit.Pages.HtmlPageUnitTest" file="/home/runner/work/develop/develop/packages/framework/tests/Unit/Pages/HtmlPageUnitTest.php" line="120" assertions="1" time="0.002155"/>
        <testcase name="testNavigationMenuLabel" class="Hyde\Framework\Testing\Unit\Pages\HtmlPageUnitTest" classname="Hyde.Framework.Testing.Unit.Pages.HtmlPageUnitTest" file="/home/runner/work/develop/develop/packages/framework/tests/Unit/Pages/HtmlPageUnitTest.php" line="125" assertions="1" time="0.002275"/>
        <testcase name="testNavigationMenuGroup" class="Hyde\Framework\Testing\Unit\Pages\HtmlPageUnitTest" classname="Hyde.Framework.Testing.Unit.Pages.HtmlPageUnitTest" file="/home/runner/work/develop/develop/packages/framework/tests/Unit/Pages/HtmlPageUnitTest.php" line="130" assertions="1" time="0.002283"/>
        <testcase name="testGetBladeView" class="Hyde\Framework\Testing\Unit\Pages\HtmlPageUnitTest" classname="Hyde.Framework.Testing.Unit.Pages.HtmlPageUnitTest" file="/home/runner/work/develop/develop/packages/framework/tests/Unit/Pages/HtmlPageUnitTest.php" line="135" assertions="1" time="0.002305"/>
        <testcase name="testFiles" class="Hyde\Framework\Testing\Unit\Pages\HtmlPageUnitTest" classname="Hyde.Framework.Testing.Unit.Pages.HtmlPageUnitTest" file="/home/runner/work/develop/develop/packages/framework/tests/Unit/Pages/HtmlPageUnitTest.php" line="140" assertions="1" time="0.005262"/>
        <testcase name="testData" class="Hyde\Framework\Testing\Unit\Pages\HtmlPageUnitTest" classname="Hyde.Framework.Testing.Unit.Pages.HtmlPageUnitTest" file="/home/runner/work/develop/develop/packages/framework/tests/Unit/Pages/HtmlPageUnitTest.php" line="145" assertions="1" time="0.002487"/>
        <testcase name="testGet" class="Hyde\Framework\Testing\Unit\Pages\HtmlPageUnitTest" classname="Hyde.Framework.Testing.Unit.Pages.HtmlPageUnitTest" file="/home/runner/work/develop/develop/packages/framework/tests/Unit/Pages/HtmlPageUnitTest.php" line="150" assertions="1" time="0.007318"/>
        <testcase name="testParse" class="Hyde\Framework\Testing\Unit\Pages\HtmlPageUnitTest" classname="Hyde.Framework.Testing.Unit.Pages.HtmlPageUnitTest" file="/home/runner/work/develop/develop/packages/framework/tests/Unit/Pages/HtmlPageUnitTest.php" line="156" assertions="1" time="0.003233"/>
        <testcase name="testGetRouteKey" class="Hyde\Framework\Testing\Unit\Pages\HtmlPageUnitTest" classname="Hyde.Framework.Testing.Unit.Pages.HtmlPageUnitTest" file="/home/runner/work/develop/develop/packages/framework/tests/Unit/Pages/HtmlPageUnitTest.php" line="162" assertions="1" time="0.002426"/>
        <testcase name="testTitle" class="Hyde\Framework\Testing\Unit\Pages\HtmlPageUnitTest" classname="Hyde.Framework.Testing.Unit.Pages.HtmlPageUnitTest" file="/home/runner/work/develop/develop/packages/framework/tests/Unit/Pages/HtmlPageUnitTest.php" line="167" assertions="1" time="0.002328"/>
        <testcase name="testAll" class="Hyde\Framework\Testing\Unit\Pages\HtmlPageUnitTest" classname="Hyde.Framework.Testing.Unit.Pages.HtmlPageUnitTest" file="/home/runner/work/develop/develop/packages/framework/tests/Unit/Pages/HtmlPageUnitTest.php" line="173" assertions="1" time="0.005083"/>
        <testcase name="testMetadata" class="Hyde\Framework\Testing\Unit\Pages\HtmlPageUnitTest" classname="Hyde.Framework.Testing.Unit.Pages.HtmlPageUnitTest" file="/home/runner/work/develop/develop/packages/framework/tests/Unit/Pages/HtmlPageUnitTest.php" line="178" assertions="1" time="0.002357"/>
        <testcase name="test__construct" class="Hyde\Framework\Testing\Unit\Pages\HtmlPageUnitTest" classname="Hyde.Framework.Testing.Unit.Pages.HtmlPageUnitTest" file="/home/runner/work/develop/develop/packages/framework/tests/Unit/Pages/HtmlPageUnitTest.php" line="183" assertions="1" time="0.002145"/>
        <testcase name="testGetRoute" class="Hyde\Framework\Testing\Unit\Pages\HtmlPageUnitTest" classname="Hyde.Framework.Testing.Unit.Pages.HtmlPageUnitTest" file="/home/runner/work/develop/develop/packages/framework/tests/Unit/Pages/HtmlPageUnitTest.php" line="188" assertions="1" time="0.005394"/>
        <testcase name="testGetIdentifier" class="Hyde\Framework\Testing\Unit\Pages\HtmlPageUnitTest" classname="Hyde.Framework.Testing.Unit.Pages.HtmlPageUnitTest" file="/home/runner/work/develop/develop/packages/framework/tests/Unit/Pages/HtmlPageUnitTest.php" line="193" assertions="1" time="0.002459"/>
        <testcase name="testHas" class="Hyde\Framework\Testing\Unit\Pages\HtmlPageUnitTest" classname="Hyde.Framework.Testing.Unit.Pages.HtmlPageUnitTest" file="/home/runner/work/develop/develop/packages/framework/tests/Unit/Pages/HtmlPageUnitTest.php" line="198" assertions="1" time="0.002318"/>
        <testcase name="testToCoreDataObject" class="Hyde\Framework\Testing\Unit\Pages\HtmlPageUnitTest" classname="Hyde.Framework.Testing.Unit.Pages.HtmlPageUnitTest" file="/home/runner/work/develop/develop/packages/framework/tests/Unit/Pages/HtmlPageUnitTest.php" line="203" assertions="1" time="0.002332"/>
        <testcase name="testCompile" class="Hyde\Framework\Testing\Unit\Pages\HtmlPageUnitTest" classname="Hyde.Framework.Testing.Unit.Pages.HtmlPageUnitTest" file="/home/runner/work/develop/develop/packages/framework/tests/Unit/Pages/HtmlPageUnitTest.php" line="208" assertions="1" time="0.006925"/>
        <testcase name="testMatter" class="Hyde\Framework\Testing\Unit\Pages\HtmlPageUnitTest" classname="Hyde.Framework.Testing.Unit.Pages.HtmlPageUnitTest" file="/home/runner/work/develop/develop/packages/framework/tests/Unit/Pages/HtmlPageUnitTest.php" line="217" assertions="1" time="0.002531"/>
      </testsuite>
      <testsuite name="Hyde\Framework\Testing\Unit\Pages\InMemoryPageTest" file="/home/runner/work/develop/develop/packages/framework/tests/Unit/Pages/InMemoryPageTest.php" tests="16" assertions="19" errors="0" warnings="0" failures="0" skipped="0" time="0.381403">
        <testcase name="testConstructWithContentsString" class="Hyde\Framework\Testing\Unit\Pages\InMemoryPageTest" classname="Hyde.Framework.Testing.Unit.Pages.InMemoryPageTest" file="/home/runner/work/develop/develop/packages/framework/tests/Unit/Pages/InMemoryPageTest.php" line="18" assertions="1" time="0.023453"/>
        <testcase name="testMakeWithContentsString" class="Hyde\Framework\Testing\Unit\Pages\InMemoryPageTest" classname="Hyde.Framework.Testing.Unit.Pages.InMemoryPageTest" file="/home/runner/work/develop/develop/packages/framework/tests/Unit/Pages/InMemoryPageTest.php" line="23" assertions="2" time="0.024992"/>
        <testcase name="testContentsMethod" class="Hyde\Framework\Testing\Unit\Pages\InMemoryPageTest" classname="Hyde.Framework.Testing.Unit.Pages.InMemoryPageTest" file="/home/runner/work/develop/develop/packages/framework/tests/Unit/Pages/InMemoryPageTest.php" line="29" assertions="1" time="0.022955"/>
        <testcase name="testViewMethod" class="Hyde\Framework\Testing\Unit\Pages\InMemoryPageTest" classname="Hyde.Framework.Testing.Unit.Pages.InMemoryPageTest" file="/home/runner/work/develop/develop/packages/framework/tests/Unit/Pages/InMemoryPageTest.php" line="34" assertions="1" time="0.022950"/>
        <testcase name="testCompileMethodUsesContentsProperty" class="Hyde\Framework\Testing\Unit\Pages\InMemoryPageTest" classname="Hyde.Framework.Testing.Unit.Pages.InMemoryPageTest" file="/home/runner/work/develop/develop/packages/framework/tests/Unit/Pages/InMemoryPageTest.php" line="39" assertions="1" time="0.022992"/>
        <testcase name="testCompileMethodUsesViewProperty" class="Hyde\Framework\Testing\Unit\Pages\InMemoryPageTest" classname="Hyde.Framework.Testing.Unit.Pages.InMemoryPageTest" file="/home/runner/work/develop/develop/packages/framework/tests/Unit/Pages/InMemoryPageTest.php" line="44" assertions="1" time="0.024622"/>
        <testcase name="testCompileMethodUsingViewCompileAndFrontMatter" class="Hyde\Framework\Testing\Unit\Pages\InMemoryPageTest" classname="Hyde.Framework.Testing.Unit.Pages.InMemoryPageTest" file="/home/runner/work/develop/develop/packages/framework/tests/Unit/Pages/InMemoryPageTest.php" line="50" assertions="1" time="0.025126"/>
        <testcase name="testCompileMethodPrefersContentsPropertyOverView" class="Hyde\Framework\Testing\Unit\Pages\InMemoryPageTest" classname="Hyde.Framework.Testing.Unit.Pages.InMemoryPageTest" file="/home/runner/work/develop/develop/packages/framework/tests/Unit/Pages/InMemoryPageTest.php" line="56" assertions="1" time="0.023983"/>
        <testcase name="testCompileMethodCanCompileAnonymousViewFiles" class="Hyde\Framework\Testing\Unit\Pages\InMemoryPageTest" classname="Hyde.Framework.Testing.Unit.Pages.InMemoryPageTest" file="/home/runner/work/develop/develop/packages/framework/tests/Unit/Pages/InMemoryPageTest.php" line="62" assertions="1" time="0.025384"/>
        <testcase name="testCompileMethodCanCompileAnonymousViewFilesWithFrontMatter" class="Hyde\Framework\Testing\Unit\Pages\InMemoryPageTest" classname="Hyde.Framework.Testing.Unit.Pages.InMemoryPageTest" file="/home/runner/work/develop/develop/packages/framework/tests/Unit/Pages/InMemoryPageTest.php" line="68" assertions="1" time="0.025512"/>
        <testcase name="testCanCreateInstanceMacros" class="Hyde\Framework\Testing\Unit\Pages\InMemoryPageTest" classname="Hyde.Framework.Testing.Unit.Pages.InMemoryPageTest" file="/home/runner/work/develop/develop/packages/framework/tests/Unit/Pages/InMemoryPageTest.php" line="74" assertions="1" time="0.023302"/>
        <testcase name="testCanCreateInstanceMacrosUsingCallableObject" class="Hyde\Framework\Testing\Unit\Pages\InMemoryPageTest" classname="Hyde.Framework.Testing.Unit.Pages.InMemoryPageTest" file="/home/runner/work/develop/develop/packages/framework/tests/Unit/Pages/InMemoryPageTest.php" line="86" assertions="1" time="0.023372"/>
        <testcase name="testCallingMacroWithArguments" class="Hyde\Framework\Testing\Unit\Pages\InMemoryPageTest" classname="Hyde.Framework.Testing.Unit.Pages.InMemoryPageTest" file="/home/runner/work/develop/develop/packages/framework/tests/Unit/Pages/InMemoryPageTest.php" line="102" assertions="1" time="0.023354"/>
        <testcase name="testCanUseMacrosToOverloadClassCompileMethod" class="Hyde\Framework\Testing\Unit\Pages\InMemoryPageTest" classname="Hyde.Framework.Testing.Unit.Pages.InMemoryPageTest" file="/home/runner/work/develop/develop/packages/framework/tests/Unit/Pages/InMemoryPageTest.php" line="114" assertions="1" time="0.023251"/>
        <testcase name="testCallingUndefinedMacro" class="Hyde\Framework\Testing\Unit\Pages\InMemoryPageTest" classname="Hyde.Framework.Testing.Unit.Pages.InMemoryPageTest" file="/home/runner/work/develop/develop/packages/framework/tests/Unit/Pages/InMemoryPageTest.php" line="125" assertions="2" time="0.023096"/>
        <testcase name="testHasMacro" class="Hyde\Framework\Testing\Unit\Pages\InMemoryPageTest" classname="Hyde.Framework.Testing.Unit.Pages.InMemoryPageTest" file="/home/runner/work/develop/develop/packages/framework/tests/Unit/Pages/InMemoryPageTest.php" line="136" assertions="2" time="0.023060"/>
      </testsuite>
      <testsuite name="Hyde\Framework\Testing\Unit\Pages\InMemoryPageUnitTest" file="/home/runner/work/develop/develop/packages/framework/tests/Unit/Pages/InMemoryPageUnitTest.php" tests="32" assertions="32" errors="0" warnings="0" failures="0" skipped="0" time="0.090730">
        <testcase name="testSourceDirectory" class="Hyde\Framework\Testing\Unit\Pages\InMemoryPageUnitTest" classname="Hyde.Framework.Testing.Unit.Pages.InMemoryPageUnitTest" file="/home/runner/work/develop/develop/packages/framework/tests/Unit/Pages/InMemoryPageUnitTest.php" line="25" assertions="1" time="0.001394"/>
        <testcase name="testOutputDirectory" class="Hyde\Framework\Testing\Unit\Pages\InMemoryPageUnitTest" classname="Hyde.Framework.Testing.Unit.Pages.InMemoryPageUnitTest" file="/home/runner/work/develop/develop/packages/framework/tests/Unit/Pages/InMemoryPageUnitTest.php" line="33" assertions="1" time="0.001617"/>
        <testcase name="testBaseRouteKey" class="Hyde\Framework\Testing\Unit\Pages\InMemoryPageUnitTest" classname="Hyde.Framework.Testing.Unit.Pages.InMemoryPageUnitTest" file="/home/runner/work/develop/develop/packages/framework/tests/Unit/Pages/InMemoryPageUnitTest.php" line="41" assertions="1" time="0.001564"/>
        <testcase name="testFileExtension" class="Hyde\Framework\Testing\Unit\Pages\InMemoryPageUnitTest" classname="Hyde.Framework.Testing.Unit.Pages.InMemoryPageUnitTest" file="/home/runner/work/develop/develop/packages/framework/tests/Unit/Pages/InMemoryPageUnitTest.php" line="49" assertions="1" time="0.001525"/>
        <testcase name="testSourcePath" class="Hyde\Framework\Testing\Unit\Pages\InMemoryPageUnitTest" classname="Hyde.Framework.Testing.Unit.Pages.InMemoryPageUnitTest" file="/home/runner/work/develop/develop/packages/framework/tests/Unit/Pages/InMemoryPageUnitTest.php" line="57" assertions="1" time="0.001550"/>
        <testcase name="testOutputPath" class="Hyde\Framework\Testing\Unit\Pages\InMemoryPageUnitTest" classname="Hyde.Framework.Testing.Unit.Pages.InMemoryPageUnitTest" file="/home/runner/work/develop/develop/packages/framework/tests/Unit/Pages/InMemoryPageUnitTest.php" line="65" assertions="1" time="0.001481"/>
        <testcase name="testPath" class="Hyde\Framework\Testing\Unit\Pages\InMemoryPageUnitTest" classname="Hyde.Framework.Testing.Unit.Pages.InMemoryPageUnitTest" file="/home/runner/work/develop/develop/packages/framework/tests/Unit/Pages/InMemoryPageUnitTest.php" line="73" assertions="1" time="0.001599"/>
        <testcase name="testGetSourcePath" class="Hyde\Framework\Testing\Unit\Pages\InMemoryPageUnitTest" classname="Hyde.Framework.Testing.Unit.Pages.InMemoryPageUnitTest" file="/home/runner/work/develop/develop/packages/framework/tests/Unit/Pages/InMemoryPageUnitTest.php" line="81" assertions="1" time="0.002375"/>
        <testcase name="testGetOutputPath" class="Hyde\Framework\Testing\Unit\Pages\InMemoryPageUnitTest" classname="Hyde.Framework.Testing.Unit.Pages.InMemoryPageUnitTest" file="/home/runner/work/develop/develop/packages/framework/tests/Unit/Pages/InMemoryPageUnitTest.php" line="89" assertions="1" time="0.002457"/>
        <testcase name="testGetLink" class="Hyde\Framework\Testing\Unit\Pages\InMemoryPageUnitTest" classname="Hyde.Framework.Testing.Unit.Pages.InMemoryPageUnitTest" file="/home/runner/work/develop/develop/packages/framework/tests/Unit/Pages/InMemoryPageUnitTest.php" line="97" assertions="1" time="0.002415"/>
        <testcase name="testMake" class="Hyde\Framework\Testing\Unit\Pages\InMemoryPageUnitTest" classname="Hyde.Framework.Testing.Unit.Pages.InMemoryPageUnitTest" file="/home/runner/work/develop/develop/packages/framework/tests/Unit/Pages/InMemoryPageUnitTest.php" line="105" assertions="1" time="0.003474"/>
        <testcase name="testMakeWithData" class="Hyde\Framework\Testing\Unit\Pages\InMemoryPageUnitTest" classname="Hyde.Framework.Testing.Unit.Pages.InMemoryPageUnitTest" file="/home/runner/work/develop/develop/packages/framework/tests/Unit/Pages/InMemoryPageUnitTest.php" line="110" assertions="1" time="0.003462"/>
        <testcase name="testShowInNavigation" class="Hyde\Framework\Testing\Unit\Pages\InMemoryPageUnitTest" classname="Hyde.Framework.Testing.Unit.Pages.InMemoryPageUnitTest" file="/home/runner/work/develop/develop/packages/framework/tests/Unit/Pages/InMemoryPageUnitTest.php" line="118" assertions="1" time="0.002351"/>
        <testcase name="testNavigationMenuPriority" class="Hyde\Framework\Testing\Unit\Pages\InMemoryPageUnitTest" classname="Hyde.Framework.Testing.Unit.Pages.InMemoryPageUnitTest" file="/home/runner/work/develop/develop/packages/framework/tests/Unit/Pages/InMemoryPageUnitTest.php" line="123" assertions="1" time="0.002318"/>
        <testcase name="testNavigationMenuLabel" class="Hyde\Framework\Testing\Unit\Pages\InMemoryPageUnitTest" classname="Hyde.Framework.Testing.Unit.Pages.InMemoryPageUnitTest" file="/home/runner/work/develop/develop/packages/framework/tests/Unit/Pages/InMemoryPageUnitTest.php" line="128" assertions="1" time="0.002327"/>
        <testcase name="testNavigationMenuGroup" class="Hyde\Framework\Testing\Unit\Pages\InMemoryPageUnitTest" classname="Hyde.Framework.Testing.Unit.Pages.InMemoryPageUnitTest" file="/home/runner/work/develop/develop/packages/framework/tests/Unit/Pages/InMemoryPageUnitTest.php" line="133" assertions="1" time="0.002346"/>
        <testcase name="testGetBladeView" class="Hyde\Framework\Testing\Unit\Pages\InMemoryPageUnitTest" classname="Hyde.Framework.Testing.Unit.Pages.InMemoryPageUnitTest" file="/home/runner/work/develop/develop/packages/framework/tests/Unit/Pages/InMemoryPageUnitTest.php" line="138" assertions="1" time="0.002343"/>
        <testcase name="testFiles" class="Hyde\Framework\Testing\Unit\Pages\InMemoryPageUnitTest" classname="Hyde.Framework.Testing.Unit.Pages.InMemoryPageUnitTest" file="/home/runner/work/develop/develop/packages/framework/tests/Unit/Pages/InMemoryPageUnitTest.php" line="143" assertions="1" time="0.005307"/>
        <testcase name="testData" class="Hyde\Framework\Testing\Unit\Pages\InMemoryPageUnitTest" classname="Hyde.Framework.Testing.Unit.Pages.InMemoryPageUnitTest" file="/home/runner/work/develop/develop/packages/framework/tests/Unit/Pages/InMemoryPageUnitTest.php" line="148" assertions="1" time="0.002511"/>
        <testcase name="testGet" class="Hyde\Framework\Testing\Unit\Pages\InMemoryPageUnitTest" classname="Hyde.Framework.Testing.Unit.Pages.InMemoryPageUnitTest" file="/home/runner/work/develop/develop/packages/framework/tests/Unit/Pages/InMemoryPageUnitTest.php" line="153" assertions="1" time="0.005559"/>
        <testcase name="testParse" class="Hyde\Framework\Testing\Unit\Pages\InMemoryPageUnitTest" classname="Hyde.Framework.Testing.Unit.Pages.InMemoryPageUnitTest" file="/home/runner/work/develop/develop/packages/framework/tests/Unit/Pages/InMemoryPageUnitTest.php" line="160" assertions="1" time="0.003297"/>
        <testcase name="testGetRouteKey" class="Hyde\Framework\Testing\Unit\Pages\InMemoryPageUnitTest" classname="Hyde.Framework.Testing.Unit.Pages.InMemoryPageUnitTest" file="/home/runner/work/develop/develop/packages/framework/tests/Unit/Pages/InMemoryPageUnitTest.php" line="166" assertions="1" time="0.002408"/>
        <testcase name="testTitle" class="Hyde\Framework\Testing\Unit\Pages\InMemoryPageUnitTest" classname="Hyde.Framework.Testing.Unit.Pages.InMemoryPageUnitTest" file="/home/runner/work/develop/develop/packages/framework/tests/Unit/Pages/InMemoryPageUnitTest.php" line="171" assertions="1" time="0.002344"/>
        <testcase name="testAll" class="Hyde\Framework\Testing\Unit\Pages\InMemoryPageUnitTest" classname="Hyde.Framework.Testing.Unit.Pages.InMemoryPageUnitTest" file="/home/runner/work/develop/develop/packages/framework/tests/Unit/Pages/InMemoryPageUnitTest.php" line="177" assertions="1" time="0.005121"/>
        <testcase name="testMetadata" class="Hyde\Framework\Testing\Unit\Pages\InMemoryPageUnitTest" classname="Hyde.Framework.Testing.Unit.Pages.InMemoryPageUnitTest" file="/home/runner/work/develop/develop/packages/framework/tests/Unit/Pages/InMemoryPageUnitTest.php" line="182" assertions="1" time="0.002515"/>
        <testcase name="test__construct" class="Hyde\Framework\Testing\Unit\Pages\InMemoryPageUnitTest" classname="Hyde.Framework.Testing.Unit.Pages.InMemoryPageUnitTest" file="/home/runner/work/develop/develop/packages/framework/tests/Unit/Pages/InMemoryPageUnitTest.php" line="187" assertions="1" time="0.002410"/>
        <testcase name="testGetRoute" class="Hyde\Framework\Testing\Unit\Pages\InMemoryPageUnitTest" classname="Hyde.Framework.Testing.Unit.Pages.InMemoryPageUnitTest" file="/home/runner/work/develop/develop/packages/framework/tests/Unit/Pages/InMemoryPageUnitTest.php" line="192" assertions="1" time="0.005646"/>
        <testcase name="testGetIdentifier" class="Hyde\Framework\Testing\Unit\Pages\InMemoryPageUnitTest" classname="Hyde.Framework.Testing.Unit.Pages.InMemoryPageUnitTest" file="/home/runner/work/develop/develop/packages/framework/tests/Unit/Pages/InMemoryPageUnitTest.php" line="197" assertions="1" time="0.002597"/>
        <testcase name="testHas" class="Hyde\Framework\Testing\Unit\Pages\InMemoryPageUnitTest" classname="Hyde.Framework.Testing.Unit.Pages.InMemoryPageUnitTest" file="/home/runner/work/develop/develop/packages/framework/tests/Unit/Pages/InMemoryPageUnitTest.php" line="202" assertions="1" time="0.002428"/>
        <testcase name="testToCoreDataObject" class="Hyde\Framework\Testing\Unit\Pages\InMemoryPageUnitTest" classname="Hyde.Framework.Testing.Unit.Pages.InMemoryPageUnitTest" file="/home/runner/work/develop/develop/packages/framework/tests/Unit/Pages/InMemoryPageUnitTest.php" line="207" assertions="1" time="0.002442"/>
        <testcase name="testCompile" class="Hyde\Framework\Testing\Unit\Pages\InMemoryPageUnitTest" classname="Hyde.Framework.Testing.Unit.Pages.InMemoryPageUnitTest" file="/home/runner/work/develop/develop/packages/framework/tests/Unit/Pages/InMemoryPageUnitTest.php" line="212" assertions="1" time="0.007009"/>
        <testcase name="testMatter" class="Hyde\Framework\Testing\Unit\Pages\InMemoryPageUnitTest" classname="Hyde.Framework.Testing.Unit.Pages.InMemoryPageUnitTest" file="/home/runner/work/develop/develop/packages/framework/tests/Unit/Pages/InMemoryPageUnitTest.php" line="221" assertions="1" time="0.002540"/>
      </testsuite>
      <testsuite name="Hyde\Framework\Testing\Unit\Pages\MarkdownPageModelConstructorArgumentsAreOptionalTest" file="/home/runner/work/develop/develop/packages/framework/tests/Unit/Pages/MarkdownPageModelConstructorArgumentsAreOptionalTest.php" tests="1" assertions="3" errors="0" warnings="0" failures="0" skipped="0" time="0.024452">
        <testcase name="test_markdown_page_model_constructor_arguments_are_optional" class="Hyde\Framework\Testing\Unit\Pages\MarkdownPageModelConstructorArgumentsAreOptionalTest" classname="Hyde.Framework.Testing.Unit.Pages.MarkdownPageModelConstructorArgumentsAreOptionalTest" file="/home/runner/work/develop/develop/packages/framework/tests/Unit/Pages/MarkdownPageModelConstructorArgumentsAreOptionalTest.php" line="14" assertions="3" time="0.024452"/>
      </testsuite>
      <testsuite name="Hyde\Framework\Testing\Unit\Pages\MarkdownPageTest" file="/home/runner/work/develop/develop/packages/framework/tests/Unit/Pages/MarkdownPageTest.php" tests="3" assertions="6" errors="0" warnings="0" failures="0" skipped="0" time="0.092229">
        <testcase name="test_can_get_collection_of_slugs" class="Hyde\Framework\Testing\Unit\Pages\MarkdownPageTest" classname="Hyde.Framework.Testing.Unit.Pages.MarkdownPageTest" file="/home/runner/work/develop/develop/packages/framework/tests/Unit/Pages/MarkdownPageTest.php" line="19" assertions="1" time="0.027656"/>
        <testcase name="test_created_model_contains_expected_data" class="Hyde\Framework\Testing\Unit\Pages\MarkdownPageTest" classname="Hyde.Framework.Testing.Unit.Pages.MarkdownPageTest" file="/home/runner/work/develop/develop/packages/framework/tests/Unit/Pages/MarkdownPageTest.php" line="25" assertions="3" time="0.024493"/>
        <testcase name="test_can_render_markdown_page" class="Hyde\Framework\Testing\Unit\Pages\MarkdownPageTest" classname="Hyde.Framework.Testing.Unit.Pages.MarkdownPageTest" file="/home/runner/work/develop/develop/packages/framework/tests/Unit/Pages/MarkdownPageTest.php" line="35" assertions="2" time="0.040079"/>
      </testsuite>
      <testsuite name="Hyde\Framework\Testing\Unit\Pages\MarkdownPageUnitTest" file="/home/runner/work/develop/develop/packages/framework/tests/Unit/Pages/MarkdownPageUnitTest.php" tests="34" assertions="35" errors="0" warnings="0" failures="0" skipped="0" time="0.097968">
        <testcase name="testSourceDirectory" class="Hyde\Framework\Testing\Unit\Pages\MarkdownPageUnitTest" classname="Hyde.Framework.Testing.Unit.Pages.MarkdownPageUnitTest" file="/home/runner/work/develop/develop/packages/framework/tests/Unit/Pages/MarkdownPageUnitTest.php" line="24" assertions="1" time="0.001462"/>
        <testcase name="testOutputDirectory" class="Hyde\Framework\Testing\Unit\Pages\MarkdownPageUnitTest" classname="Hyde.Framework.Testing.Unit.Pages.MarkdownPageUnitTest" file="/home/runner/work/develop/develop/packages/framework/tests/Unit/Pages/MarkdownPageUnitTest.php" line="32" assertions="1" time="0.001563"/>
        <testcase name="testBaseRouteKey" class="Hyde\Framework\Testing\Unit\Pages\MarkdownPageUnitTest" classname="Hyde.Framework.Testing.Unit.Pages.MarkdownPageUnitTest" file="/home/runner/work/develop/develop/packages/framework/tests/Unit/Pages/MarkdownPageUnitTest.php" line="40" assertions="1" time="0.001487"/>
        <testcase name="testFileExtension" class="Hyde\Framework\Testing\Unit\Pages\MarkdownPageUnitTest" classname="Hyde.Framework.Testing.Unit.Pages.MarkdownPageUnitTest" file="/home/runner/work/develop/develop/packages/framework/tests/Unit/Pages/MarkdownPageUnitTest.php" line="48" assertions="1" time="0.001470"/>
        <testcase name="testSourcePath" class="Hyde\Framework\Testing\Unit\Pages\MarkdownPageUnitTest" classname="Hyde.Framework.Testing.Unit.Pages.MarkdownPageUnitTest" file="/home/runner/work/develop/develop/packages/framework/tests/Unit/Pages/MarkdownPageUnitTest.php" line="56" assertions="1" time="0.001457"/>
        <testcase name="testOutputPath" class="Hyde\Framework\Testing\Unit\Pages\MarkdownPageUnitTest" classname="Hyde.Framework.Testing.Unit.Pages.MarkdownPageUnitTest" file="/home/runner/work/develop/develop/packages/framework/tests/Unit/Pages/MarkdownPageUnitTest.php" line="64" assertions="1" time="0.001480"/>
        <testcase name="testPath" class="Hyde\Framework\Testing\Unit\Pages\MarkdownPageUnitTest" classname="Hyde.Framework.Testing.Unit.Pages.MarkdownPageUnitTest" file="/home/runner/work/develop/develop/packages/framework/tests/Unit/Pages/MarkdownPageUnitTest.php" line="72" assertions="1" time="0.001590"/>
        <testcase name="testGetSourcePath" class="Hyde\Framework\Testing\Unit\Pages\MarkdownPageUnitTest" classname="Hyde.Framework.Testing.Unit.Pages.MarkdownPageUnitTest" file="/home/runner/work/develop/develop/packages/framework/tests/Unit/Pages/MarkdownPageUnitTest.php" line="80" assertions="1" time="0.002435"/>
        <testcase name="testGetOutputPath" class="Hyde\Framework\Testing\Unit\Pages\MarkdownPageUnitTest" classname="Hyde.Framework.Testing.Unit.Pages.MarkdownPageUnitTest" file="/home/runner/work/develop/develop/packages/framework/tests/Unit/Pages/MarkdownPageUnitTest.php" line="88" assertions="1" time="0.002461"/>
        <testcase name="testGetLink" class="Hyde\Framework\Testing\Unit\Pages\MarkdownPageUnitTest" classname="Hyde.Framework.Testing.Unit.Pages.MarkdownPageUnitTest" file="/home/runner/work/develop/develop/packages/framework/tests/Unit/Pages/MarkdownPageUnitTest.php" line="96" assertions="1" time="0.002443"/>
        <testcase name="testMake" class="Hyde\Framework\Testing\Unit\Pages\MarkdownPageUnitTest" classname="Hyde.Framework.Testing.Unit.Pages.MarkdownPageUnitTest" file="/home/runner/work/develop/develop/packages/framework/tests/Unit/Pages/MarkdownPageUnitTest.php" line="104" assertions="1" time="0.003120"/>
        <testcase name="testMakeWithData" class="Hyde\Framework\Testing\Unit\Pages\MarkdownPageUnitTest" classname="Hyde.Framework.Testing.Unit.Pages.MarkdownPageUnitTest" file="/home/runner/work/develop/develop/packages/framework/tests/Unit/Pages/MarkdownPageUnitTest.php" line="109" assertions="1" time="0.003466"/>
        <testcase name="testShowInNavigation" class="Hyde\Framework\Testing\Unit\Pages\MarkdownPageUnitTest" classname="Hyde.Framework.Testing.Unit.Pages.MarkdownPageUnitTest" file="/home/runner/work/develop/develop/packages/framework/tests/Unit/Pages/MarkdownPageUnitTest.php" line="117" assertions="1" time="0.002253"/>
        <testcase name="testNavigationMenuPriority" class="Hyde\Framework\Testing\Unit\Pages\MarkdownPageUnitTest" classname="Hyde.Framework.Testing.Unit.Pages.MarkdownPageUnitTest" file="/home/runner/work/develop/develop/packages/framework/tests/Unit/Pages/MarkdownPageUnitTest.php" line="122" assertions="1" time="0.002234"/>
        <testcase name="testNavigationMenuLabel" class="Hyde\Framework\Testing\Unit\Pages\MarkdownPageUnitTest" classname="Hyde.Framework.Testing.Unit.Pages.MarkdownPageUnitTest" file="/home/runner/work/develop/develop/packages/framework/tests/Unit/Pages/MarkdownPageUnitTest.php" line="127" assertions="1" time="0.002354"/>
        <testcase name="testNavigationMenuGroup" class="Hyde\Framework\Testing\Unit\Pages\MarkdownPageUnitTest" classname="Hyde.Framework.Testing.Unit.Pages.MarkdownPageUnitTest" file="/home/runner/work/develop/develop/packages/framework/tests/Unit/Pages/MarkdownPageUnitTest.php" line="132" assertions="1" time="0.002363"/>
        <testcase name="testGetBladeView" class="Hyde\Framework\Testing\Unit\Pages\MarkdownPageUnitTest" classname="Hyde.Framework.Testing.Unit.Pages.MarkdownPageUnitTest" file="/home/runner/work/develop/develop/packages/framework/tests/Unit/Pages/MarkdownPageUnitTest.php" line="137" assertions="1" time="0.002350"/>
        <testcase name="testFiles" class="Hyde\Framework\Testing\Unit\Pages\MarkdownPageUnitTest" classname="Hyde.Framework.Testing.Unit.Pages.MarkdownPageUnitTest" file="/home/runner/work/develop/develop/packages/framework/tests/Unit/Pages/MarkdownPageUnitTest.php" line="142" assertions="1" time="0.005160"/>
        <testcase name="testData" class="Hyde\Framework\Testing\Unit\Pages\MarkdownPageUnitTest" classname="Hyde.Framework.Testing.Unit.Pages.MarkdownPageUnitTest" file="/home/runner/work/develop/develop/packages/framework/tests/Unit/Pages/MarkdownPageUnitTest.php" line="147" assertions="1" time="0.002542"/>
        <testcase name="testGet" class="Hyde\Framework\Testing\Unit\Pages\MarkdownPageUnitTest" classname="Hyde.Framework.Testing.Unit.Pages.MarkdownPageUnitTest" file="/home/runner/work/develop/develop/packages/framework/tests/Unit/Pages/MarkdownPageUnitTest.php" line="152" assertions="1" time="0.007733"/>
        <testcase name="testParse" class="Hyde\Framework\Testing\Unit\Pages\MarkdownPageUnitTest" classname="Hyde.Framework.Testing.Unit.Pages.MarkdownPageUnitTest" file="/home/runner/work/develop/develop/packages/framework/tests/Unit/Pages/MarkdownPageUnitTest.php" line="158" assertions="1" time="0.003601"/>
        <testcase name="testGetRouteKey" class="Hyde\Framework\Testing\Unit\Pages\MarkdownPageUnitTest" classname="Hyde.Framework.Testing.Unit.Pages.MarkdownPageUnitTest" file="/home/runner/work/develop/develop/packages/framework/tests/Unit/Pages/MarkdownPageUnitTest.php" line="164" assertions="1" time="0.002446"/>
        <testcase name="testTitle" class="Hyde\Framework\Testing\Unit\Pages\MarkdownPageUnitTest" classname="Hyde.Framework.Testing.Unit.Pages.MarkdownPageUnitTest" file="/home/runner/work/develop/develop/packages/framework/tests/Unit/Pages/MarkdownPageUnitTest.php" line="169" assertions="1" time="0.002369"/>
        <testcase name="testAll" class="Hyde\Framework\Testing\Unit\Pages\MarkdownPageUnitTest" classname="Hyde.Framework.Testing.Unit.Pages.MarkdownPageUnitTest" file="/home/runner/work/develop/develop/packages/framework/tests/Unit/Pages/MarkdownPageUnitTest.php" line="175" assertions="1" time="0.005053"/>
        <testcase name="testMetadata" class="Hyde\Framework\Testing\Unit\Pages\MarkdownPageUnitTest" classname="Hyde.Framework.Testing.Unit.Pages.MarkdownPageUnitTest" file="/home/runner/work/develop/develop/packages/framework/tests/Unit/Pages/MarkdownPageUnitTest.php" line="180" assertions="1" time="0.002405"/>
        <testcase name="test__construct" class="Hyde\Framework\Testing\Unit\Pages\MarkdownPageUnitTest" classname="Hyde.Framework.Testing.Unit.Pages.MarkdownPageUnitTest" file="/home/runner/work/develop/develop/packages/framework/tests/Unit/Pages/MarkdownPageUnitTest.php" line="185" assertions="1" time="0.002214"/>
        <testcase name="testGetRoute" class="Hyde\Framework\Testing\Unit\Pages\MarkdownPageUnitTest" classname="Hyde.Framework.Testing.Unit.Pages.MarkdownPageUnitTest" file="/home/runner/work/develop/develop/packages/framework/tests/Unit/Pages/MarkdownPageUnitTest.php" line="190" assertions="1" time="0.005541"/>
        <testcase name="testGetIdentifier" class="Hyde\Framework\Testing\Unit\Pages\MarkdownPageUnitTest" classname="Hyde.Framework.Testing.Unit.Pages.MarkdownPageUnitTest" file="/home/runner/work/develop/develop/packages/framework/tests/Unit/Pages/MarkdownPageUnitTest.php" line="195" assertions="1" time="0.002709"/>
        <testcase name="testHas" class="Hyde\Framework\Testing\Unit\Pages\MarkdownPageUnitTest" classname="Hyde.Framework.Testing.Unit.Pages.MarkdownPageUnitTest" file="/home/runner/work/develop/develop/packages/framework/tests/Unit/Pages/MarkdownPageUnitTest.php" line="200" assertions="1" time="0.002451"/>
        <testcase name="testToCoreDataObject" class="Hyde\Framework\Testing\Unit\Pages\MarkdownPageUnitTest" classname="Hyde.Framework.Testing.Unit.Pages.MarkdownPageUnitTest" file="/home/runner/work/develop/develop/packages/framework/tests/Unit/Pages/MarkdownPageUnitTest.php" line="205" assertions="1" time="0.002464"/>
        <testcase name="testCompile" class="Hyde\Framework\Testing\Unit\Pages\MarkdownPageUnitTest" classname="Hyde.Framework.Testing.Unit.Pages.MarkdownPageUnitTest" file="/home/runner/work/develop/develop/packages/framework/tests/Unit/Pages/MarkdownPageUnitTest.php" line="210" assertions="1" time="0.007244"/>
        <testcase name="testMatter" class="Hyde\Framework\Testing\Unit\Pages\MarkdownPageUnitTest" classname="Hyde.Framework.Testing.Unit.Pages.MarkdownPageUnitTest" file="/home/runner/work/develop/develop/packages/framework/tests/Unit/Pages/MarkdownPageUnitTest.php" line="217" assertions="1" time="0.002606"/>
        <testcase name="testMarkdown" class="Hyde\Framework\Testing\Unit\Pages\MarkdownPageUnitTest" classname="Hyde.Framework.Testing.Unit.Pages.MarkdownPageUnitTest" file="/home/runner/work/develop/develop/packages/framework/tests/Unit/Pages/MarkdownPageUnitTest.php" line="222" assertions="1" time="0.002353"/>
        <testcase name="testSave" class="Hyde\Framework\Testing\Unit\Pages\MarkdownPageUnitTest" classname="Hyde.Framework.Testing.Unit.Pages.MarkdownPageUnitTest" file="/home/runner/work/develop/develop/packages/framework/tests/Unit/Pages/MarkdownPageUnitTest.php" line="227" assertions="2" time="0.003086"/>
      </testsuite>
      <testsuite name="Hyde\Framework\Testing\Unit\Pages\MarkdownPostHelpersTest" file="/home/runner/work/develop/develop/packages/framework/tests/Unit/Pages/MarkdownPostHelpersTest.php" tests="6" assertions="6" errors="0" warnings="0" failures="0" skipped="0" time="0.145517">
        <testcase name="test_get_current_page_path_returns_local_uri_path_for_post_slug" class="Hyde\Framework\Testing\Unit\Pages\MarkdownPostHelpersTest" classname="Hyde.Framework.Testing.Unit.Pages.MarkdownPostHelpersTest" file="/home/runner/work/develop/develop/packages/framework/tests/Unit/Pages/MarkdownPostHelpersTest.php" line="15" assertions="1" time="0.024352"/>
        <testcase name="test_get_canonical_link_returns_canonical_uri_path_for_post_slug" class="Hyde\Framework\Testing\Unit\Pages\MarkdownPostHelpersTest" classname="Hyde.Framework.Testing.Unit.Pages.MarkdownPostHelpersTest" file="/home/runner/work/develop/develop/packages/framework/tests/Unit/Pages/MarkdownPostHelpersTest.php" line="21" assertions="1" time="0.023821"/>
        <testcase name="test_get_canonical_link_returns_pretty_url_when_enabled" class="Hyde\Framework\Testing\Unit\Pages\MarkdownPostHelpersTest" classname="Hyde.Framework.Testing.Unit.Pages.MarkdownPostHelpersTest" file="/home/runner/work/develop/develop/packages/framework/tests/Unit/Pages/MarkdownPostHelpersTest.php" line="28" assertions="1" time="0.023951"/>
        <testcase name="test_get_post_description_returns_post_description_when_set_in_front_matter" class="Hyde\Framework\Testing\Unit\Pages\MarkdownPostHelpersTest" classname="Hyde.Framework.Testing.Unit.Pages.MarkdownPostHelpersTest" file="/home/runner/work/develop/develop/packages/framework/tests/Unit/Pages/MarkdownPostHelpersTest.php" line="35" assertions="1" time="0.024015"/>
        <testcase name="test_get_post_description_returns_post_body_when_no_description_set_in_front_matter" class="Hyde\Framework\Testing\Unit\Pages\MarkdownPostHelpersTest" classname="Hyde.Framework.Testing.Unit.Pages.MarkdownPostHelpersTest" file="/home/runner/work/develop/develop/packages/framework/tests/Unit/Pages/MarkdownPostHelpersTest.php" line="41" assertions="1" time="0.025056"/>
        <testcase name="test_dynamic_description_is_truncated_when_longer_than_128_characters" class="Hyde\Framework\Testing\Unit\Pages\MarkdownPostHelpersTest" classname="Hyde.Framework.Testing.Unit.Pages.MarkdownPostHelpersTest" file="/home/runner/work/develop/develop/packages/framework/tests/Unit/Pages/MarkdownPostHelpersTest.php" line="47" assertions="1" time="0.024322"/>
      </testsuite>
      <testsuite name="Hyde\Framework\Testing\Unit\Pages\MarkdownPostParserTest" file="/home/runner/work/develop/develop/packages/framework/tests/Unit/Pages/MarkdownPostParserTest.php" tests="2" assertions="11" errors="0" warnings="0" failures="0" skipped="0" time="0.049586">
        <testcase name="test_can_parse_markdown_file" class="Hyde\Framework\Testing\Unit\Pages\MarkdownPostParserTest" classname="Hyde.Framework.Testing.Unit.Pages.MarkdownPostParserTest" file="/home/runner/work/develop/develop/packages/framework/tests/Unit/Pages/MarkdownPostParserTest.php" line="42" assertions="8" time="0.024391"/>
        <testcase name="test_parsed_markdown_post_contains_valid_front_matter" class="Hyde\Framework\Testing\Unit\Pages\MarkdownPostParserTest" classname="Hyde.Framework.Testing.Unit.Pages.MarkdownPostParserTest" file="/home/runner/work/develop/develop/packages/framework/tests/Unit/Pages/MarkdownPostParserTest.php" line="55" assertions="3" time="0.025195"/>
      </testsuite>
      <testsuite name="Hyde\Framework\Testing\Unit\Pages\MarkdownPostUnitTest" file="/home/runner/work/develop/develop/packages/framework/tests/Unit/Pages/MarkdownPostUnitTest.php" tests="34" assertions="35" errors="0" warnings="0" failures="0" skipped="0" time="0.107993">
        <testcase name="testSourceDirectory" class="Hyde\Framework\Testing\Unit\Pages\MarkdownPostUnitTest" classname="Hyde.Framework.Testing.Unit.Pages.MarkdownPostUnitTest" file="/home/runner/work/develop/develop/packages/framework/tests/Unit/Pages/MarkdownPostUnitTest.php" line="24" assertions="1" time="0.001377"/>
        <testcase name="testOutputDirectory" class="Hyde\Framework\Testing\Unit\Pages\MarkdownPostUnitTest" classname="Hyde.Framework.Testing.Unit.Pages.MarkdownPostUnitTest" file="/home/runner/work/develop/develop/packages/framework/tests/Unit/Pages/MarkdownPostUnitTest.php" line="32" assertions="1" time="0.001631"/>
        <testcase name="testBaseRouteKey" class="Hyde\Framework\Testing\Unit\Pages\MarkdownPostUnitTest" classname="Hyde.Framework.Testing.Unit.Pages.MarkdownPostUnitTest" file="/home/runner/work/develop/develop/packages/framework/tests/Unit/Pages/MarkdownPostUnitTest.php" line="40" assertions="1" time="0.001536"/>
        <testcase name="testFileExtension" class="Hyde\Framework\Testing\Unit\Pages\MarkdownPostUnitTest" classname="Hyde.Framework.Testing.Unit.Pages.MarkdownPostUnitTest" file="/home/runner/work/develop/develop/packages/framework/tests/Unit/Pages/MarkdownPostUnitTest.php" line="48" assertions="1" time="0.001519"/>
        <testcase name="testSourcePath" class="Hyde\Framework\Testing\Unit\Pages\MarkdownPostUnitTest" classname="Hyde.Framework.Testing.Unit.Pages.MarkdownPostUnitTest" file="/home/runner/work/develop/develop/packages/framework/tests/Unit/Pages/MarkdownPostUnitTest.php" line="56" assertions="1" time="0.001503"/>
        <testcase name="testOutputPath" class="Hyde\Framework\Testing\Unit\Pages\MarkdownPostUnitTest" classname="Hyde.Framework.Testing.Unit.Pages.MarkdownPostUnitTest" file="/home/runner/work/develop/develop/packages/framework/tests/Unit/Pages/MarkdownPostUnitTest.php" line="64" assertions="1" time="0.001492"/>
        <testcase name="testPath" class="Hyde\Framework\Testing\Unit\Pages\MarkdownPostUnitTest" classname="Hyde.Framework.Testing.Unit.Pages.MarkdownPostUnitTest" file="/home/runner/work/develop/develop/packages/framework/tests/Unit/Pages/MarkdownPostUnitTest.php" line="72" assertions="1" time="0.001596"/>
        <testcase name="testGetSourcePath" class="Hyde\Framework\Testing\Unit\Pages\MarkdownPostUnitTest" classname="Hyde.Framework.Testing.Unit.Pages.MarkdownPostUnitTest" file="/home/runner/work/develop/develop/packages/framework/tests/Unit/Pages/MarkdownPostUnitTest.php" line="80" assertions="1" time="0.002738"/>
        <testcase name="testGetOutputPath" class="Hyde\Framework\Testing\Unit\Pages\MarkdownPostUnitTest" classname="Hyde.Framework.Testing.Unit.Pages.MarkdownPostUnitTest" file="/home/runner/work/develop/develop/packages/framework/tests/Unit/Pages/MarkdownPostUnitTest.php" line="88" assertions="1" time="0.002784"/>
        <testcase name="testGetLink" class="Hyde\Framework\Testing\Unit\Pages\MarkdownPostUnitTest" classname="Hyde.Framework.Testing.Unit.Pages.MarkdownPostUnitTest" file="/home/runner/work/develop/develop/packages/framework/tests/Unit/Pages/MarkdownPostUnitTest.php" line="96" assertions="1" time="0.002774"/>
        <testcase name="testMake" class="Hyde\Framework\Testing\Unit\Pages\MarkdownPostUnitTest" classname="Hyde.Framework.Testing.Unit.Pages.MarkdownPostUnitTest" file="/home/runner/work/develop/develop/packages/framework/tests/Unit/Pages/MarkdownPostUnitTest.php" line="104" assertions="1" time="0.003934"/>
        <testcase name="testMakeWithData" class="Hyde\Framework\Testing\Unit\Pages\MarkdownPostUnitTest" classname="Hyde.Framework.Testing.Unit.Pages.MarkdownPostUnitTest" file="/home/runner/work/develop/develop/packages/framework/tests/Unit/Pages/MarkdownPostUnitTest.php" line="109" assertions="1" time="0.004243"/>
        <testcase name="testShowInNavigation" class="Hyde\Framework\Testing\Unit\Pages\MarkdownPostUnitTest" classname="Hyde.Framework.Testing.Unit.Pages.MarkdownPostUnitTest" file="/home/runner/work/develop/develop/packages/framework/tests/Unit/Pages/MarkdownPostUnitTest.php" line="117" assertions="1" time="0.002613"/>
        <testcase name="testNavigationMenuPriority" class="Hyde\Framework\Testing\Unit\Pages\MarkdownPostUnitTest" classname="Hyde.Framework.Testing.Unit.Pages.MarkdownPostUnitTest" file="/home/runner/work/develop/develop/packages/framework/tests/Unit/Pages/MarkdownPostUnitTest.php" line="122" assertions="1" time="0.002580"/>
        <testcase name="testNavigationMenuLabel" class="Hyde\Framework\Testing\Unit\Pages\MarkdownPostUnitTest" classname="Hyde.Framework.Testing.Unit.Pages.MarkdownPostUnitTest" file="/home/runner/work/develop/develop/packages/framework/tests/Unit/Pages/MarkdownPostUnitTest.php" line="127" assertions="1" time="0.002688"/>
        <testcase name="testNavigationMenuGroup" class="Hyde\Framework\Testing\Unit\Pages\MarkdownPostUnitTest" classname="Hyde.Framework.Testing.Unit.Pages.MarkdownPostUnitTest" file="/home/runner/work/develop/develop/packages/framework/tests/Unit/Pages/MarkdownPostUnitTest.php" line="132" assertions="1" time="0.002707"/>
        <testcase name="testGetBladeView" class="Hyde\Framework\Testing\Unit\Pages\MarkdownPostUnitTest" classname="Hyde.Framework.Testing.Unit.Pages.MarkdownPostUnitTest" file="/home/runner/work/develop/develop/packages/framework/tests/Unit/Pages/MarkdownPostUnitTest.php" line="137" assertions="1" time="0.002698"/>
        <testcase name="testFiles" class="Hyde\Framework\Testing\Unit\Pages\MarkdownPostUnitTest" classname="Hyde.Framework.Testing.Unit.Pages.MarkdownPostUnitTest" file="/home/runner/work/develop/develop/packages/framework/tests/Unit/Pages/MarkdownPostUnitTest.php" line="142" assertions="1" time="0.005269"/>
        <testcase name="testData" class="Hyde\Framework\Testing\Unit\Pages\MarkdownPostUnitTest" classname="Hyde.Framework.Testing.Unit.Pages.MarkdownPostUnitTest" file="/home/runner/work/develop/develop/packages/framework/tests/Unit/Pages/MarkdownPostUnitTest.php" line="147" assertions="1" time="0.002865"/>
        <testcase name="testGet" class="Hyde\Framework\Testing\Unit\Pages\MarkdownPostUnitTest" classname="Hyde.Framework.Testing.Unit.Pages.MarkdownPostUnitTest" file="/home/runner/work/develop/develop/packages/framework/tests/Unit/Pages/MarkdownPostUnitTest.php" line="152" assertions="1" time="0.008593"/>
        <testcase name="testParse" class="Hyde\Framework\Testing\Unit\Pages\MarkdownPostUnitTest" classname="Hyde.Framework.Testing.Unit.Pages.MarkdownPostUnitTest" file="/home/runner/work/develop/develop/packages/framework/tests/Unit/Pages/MarkdownPostUnitTest.php" line="158" assertions="1" time="0.003942"/>
        <testcase name="testGetRouteKey" class="Hyde\Framework\Testing\Unit\Pages\MarkdownPostUnitTest" classname="Hyde.Framework.Testing.Unit.Pages.MarkdownPostUnitTest" file="/home/runner/work/develop/develop/packages/framework/tests/Unit/Pages/MarkdownPostUnitTest.php" line="164" assertions="1" time="0.002770"/>
        <testcase name="testTitle" class="Hyde\Framework\Testing\Unit\Pages\MarkdownPostUnitTest" classname="Hyde.Framework.Testing.Unit.Pages.MarkdownPostUnitTest" file="/home/runner/work/develop/develop/packages/framework/tests/Unit/Pages/MarkdownPostUnitTest.php" line="169" assertions="1" time="0.002709"/>
        <testcase name="testAll" class="Hyde\Framework\Testing\Unit\Pages\MarkdownPostUnitTest" classname="Hyde.Framework.Testing.Unit.Pages.MarkdownPostUnitTest" file="/home/runner/work/develop/develop/packages/framework/tests/Unit/Pages/MarkdownPostUnitTest.php" line="175" assertions="1" time="0.005099"/>
        <testcase name="testMetadata" class="Hyde\Framework\Testing\Unit\Pages\MarkdownPostUnitTest" classname="Hyde.Framework.Testing.Unit.Pages.MarkdownPostUnitTest" file="/home/runner/work/develop/develop/packages/framework/tests/Unit/Pages/MarkdownPostUnitTest.php" line="180" assertions="1" time="0.002749"/>
        <testcase name="test__construct" class="Hyde\Framework\Testing\Unit\Pages\MarkdownPostUnitTest" classname="Hyde.Framework.Testing.Unit.Pages.MarkdownPostUnitTest" file="/home/runner/work/develop/develop/packages/framework/tests/Unit/Pages/MarkdownPostUnitTest.php" line="185" assertions="1" time="0.002590"/>
        <testcase name="testGetRoute" class="Hyde\Framework\Testing\Unit\Pages\MarkdownPostUnitTest" classname="Hyde.Framework.Testing.Unit.Pages.MarkdownPostUnitTest" file="/home/runner/work/develop/develop/packages/framework/tests/Unit/Pages/MarkdownPostUnitTest.php" line="190" assertions="1" time="0.005879"/>
        <testcase name="testGetIdentifier" class="Hyde\Framework\Testing\Unit\Pages\MarkdownPostUnitTest" classname="Hyde.Framework.Testing.Unit.Pages.MarkdownPostUnitTest" file="/home/runner/work/develop/develop/packages/framework/tests/Unit/Pages/MarkdownPostUnitTest.php" line="195" assertions="1" time="0.002873"/>
        <testcase name="testHas" class="Hyde\Framework\Testing\Unit\Pages\MarkdownPostUnitTest" classname="Hyde.Framework.Testing.Unit.Pages.MarkdownPostUnitTest" file="/home/runner/work/develop/develop/packages/framework/tests/Unit/Pages/MarkdownPostUnitTest.php" line="200" assertions="1" time="0.002722"/>
        <testcase name="testToCoreDataObject" class="Hyde\Framework\Testing\Unit\Pages\MarkdownPostUnitTest" classname="Hyde.Framework.Testing.Unit.Pages.MarkdownPostUnitTest" file="/home/runner/work/develop/develop/packages/framework/tests/Unit/Pages/MarkdownPostUnitTest.php" line="205" assertions="1" time="0.002737"/>
        <testcase name="testCompile" class="Hyde\Framework\Testing\Unit\Pages\MarkdownPostUnitTest" classname="Hyde.Framework.Testing.Unit.Pages.MarkdownPostUnitTest" file="/home/runner/work/develop/develop/packages/framework/tests/Unit/Pages/MarkdownPostUnitTest.php" line="210" assertions="1" time="0.007570"/>
        <testcase name="testMatter" class="Hyde\Framework\Testing\Unit\Pages\MarkdownPostUnitTest" classname="Hyde.Framework.Testing.Unit.Pages.MarkdownPostUnitTest" file="/home/runner/work/develop/develop/packages/framework/tests/Unit/Pages/MarkdownPostUnitTest.php" line="217" assertions="1" time="0.003019"/>
        <testcase name="testMarkdown" class="Hyde\Framework\Testing\Unit\Pages\MarkdownPostUnitTest" classname="Hyde.Framework.Testing.Unit.Pages.MarkdownPostUnitTest" file="/home/runner/work/develop/develop/packages/framework/tests/Unit/Pages/MarkdownPostUnitTest.php" line="222" assertions="1" time="0.002744"/>
        <testcase name="testSave" class="Hyde\Framework\Testing\Unit\Pages\MarkdownPostUnitTest" classname="Hyde.Framework.Testing.Unit.Pages.MarkdownPostUnitTest" file="/home/runner/work/develop/develop/packages/framework/tests/Unit/Pages/MarkdownPostUnitTest.php" line="227" assertions="2" time="0.003451"/>
      </testsuite>
      <testsuite name="Hyde\Framework\Testing\Unit\Pages\PageModelGetAllFilesHelperTest" file="/home/runner/work/develop/develop/packages/framework/tests/Unit/Pages/PageModelGetAllFilesHelperTest.php" tests="4" assertions="12" errors="0" warnings="0" failures="0" skipped="0" time="0.111106">
        <testcase name="test_blade_page_get_helper_returns_blade_page_array" class="Hyde\Framework\Testing\Unit\Pages\PageModelGetAllFilesHelperTest" classname="Hyde.Framework.Testing.Unit.Pages.PageModelGetAllFilesHelperTest" file="/home/runner/work/develop/develop/packages/framework/tests/Unit/Pages/PageModelGetAllFilesHelperTest.php" line="19" assertions="3" time="0.026716"/>
        <testcase name="test_markdown_page_get_helper_returns_markdown_page_array" class="Hyde\Framework\Testing\Unit\Pages\PageModelGetAllFilesHelperTest" classname="Hyde.Framework.Testing.Unit.Pages.PageModelGetAllFilesHelperTest" file="/home/runner/work/develop/develop/packages/framework/tests/Unit/Pages/PageModelGetAllFilesHelperTest.php" line="27" assertions="3" time="0.027739"/>
        <testcase name="test_markdown_post_get_helper_returns_markdown_post_array" class="Hyde\Framework\Testing\Unit\Pages\PageModelGetAllFilesHelperTest" classname="Hyde.Framework.Testing.Unit.Pages.PageModelGetAllFilesHelperTest" file="/home/runner/work/develop/develop/packages/framework/tests/Unit/Pages/PageModelGetAllFilesHelperTest.php" line="39" assertions="3" time="0.028644"/>
        <testcase name="test_documentation_page_get_helper_returns_documentation_page_array" class="Hyde\Framework\Testing\Unit\Pages\PageModelGetAllFilesHelperTest" classname="Hyde.Framework.Testing.Unit.Pages.PageModelGetAllFilesHelperTest" file="/home/runner/work/develop/develop/packages/framework/tests/Unit/Pages/PageModelGetAllFilesHelperTest.php" line="51" assertions="3" time="0.028007"/>
      </testsuite>
      <testsuite name="Hyde\Framework\Testing\Unit\Pages\PageModelGetHelperTest" file="/home/runner/work/develop/develop/packages/framework/tests/Unit/Pages/PageModelGetHelperTest.php" tests="4" assertions="12" errors="0" warnings="0" failures="0" skipped="0" time="0.110245">
        <testcase name="test_blade_page_get_helper_returns_blade_page_collection" class="Hyde\Framework\Testing\Unit\Pages\PageModelGetHelperTest" classname="Hyde.Framework.Testing.Unit.Pages.PageModelGetHelperTest" file="/home/runner/work/develop/develop/packages/framework/tests/Unit/Pages/PageModelGetHelperTest.php" line="20" assertions="3" time="0.025725"/>
        <testcase name="test_markdown_page_get_helper_returns_markdown_page_collection" class="Hyde\Framework\Testing\Unit\Pages\PageModelGetHelperTest" classname="Hyde.Framework.Testing.Unit.Pages.PageModelGetHelperTest" file="/home/runner/work/develop/develop/packages/framework/tests/Unit/Pages/PageModelGetHelperTest.php" line="28" assertions="3" time="0.027751"/>
        <testcase name="test_markdown_post_get_helper_returns_markdown_post_collection" class="Hyde\Framework\Testing\Unit\Pages\PageModelGetHelperTest" classname="Hyde.Framework.Testing.Unit.Pages.PageModelGetHelperTest" file="/home/runner/work/develop/develop/packages/framework/tests/Unit/Pages/PageModelGetHelperTest.php" line="40" assertions="3" time="0.028638"/>
        <testcase name="test_documentation_page_get_helper_returns_documentation_page_collection" class="Hyde\Framework\Testing\Unit\Pages\PageModelGetHelperTest" classname="Hyde.Framework.Testing.Unit.Pages.PageModelGetHelperTest" file="/home/runner/work/develop/develop/packages/framework/tests/Unit/Pages/PageModelGetHelperTest.php" line="52" assertions="3" time="0.028131"/>
      </testsuite>
      <testsuite name="Hyde\Framework\Testing\Unit\Pages\PageModelParseHelperTest" file="/home/runner/work/develop/develop/packages/framework/tests/Unit/Pages/PageModelParseHelperTest.php" tests="4" assertions="4" errors="0" warnings="0" failures="0" skipped="0" time="0.096567">
        <testcase name="test_blade_page_get_helper_returns_blade_page_object" class="Hyde\Framework\Testing\Unit\Pages\PageModelParseHelperTest" classname="Hyde.Framework.Testing.Unit.Pages.PageModelParseHelperTest" file="/home/runner/work/develop/develop/packages/framework/tests/Unit/Pages/PageModelParseHelperTest.php" line="19" assertions="1" time="0.023099"/>
        <testcase name="test_markdown_page_get_helper_returns_markdown_page_object" class="Hyde\Framework\Testing\Unit\Pages\PageModelParseHelperTest" classname="Hyde.Framework.Testing.Unit.Pages.PageModelParseHelperTest" file="/home/runner/work/develop/develop/packages/framework/tests/Unit/Pages/PageModelParseHelperTest.php" line="29" assertions="1" time="0.024258"/>
        <testcase name="test_markdown_post_get_helper_returns_markdown_post_object" class="Hyde\Framework\Testing\Unit\Pages\PageModelParseHelperTest" classname="Hyde.Framework.Testing.Unit.Pages.PageModelParseHelperTest" file="/home/runner/work/develop/develop/packages/framework/tests/Unit/Pages/PageModelParseHelperTest.php" line="39" assertions="1" time="0.024989"/>
        <testcase name="test_documentation_page_get_helper_returns_documentation_page_object" class="Hyde\Framework\Testing\Unit\Pages\PageModelParseHelperTest" classname="Hyde.Framework.Testing.Unit.Pages.PageModelParseHelperTest" file="/home/runner/work/develop/develop/packages/framework/tests/Unit/Pages/PageModelParseHelperTest.php" line="49" assertions="1" time="0.024221"/>
      </testsuite>
      <testsuite name="Hyde\Framework\Testing\Unit\Pages\TestAllPageTypesHaveUnitTestsTest" file="/home/runner/work/develop/develop/packages/framework/tests/Unit/Pages/TestAllPageTypesHaveUnitTestsTest.php" tests="1" assertions="8" errors="0" warnings="0" failures="0" skipped="0" time="0.021751">
        <testcase name="testAllPageTypesHaveUnitTests" class="Hyde\Framework\Testing\Unit\Pages\TestAllPageTypesHaveUnitTestsTest" classname="Hyde.Framework.Testing.Unit.Pages.TestAllPageTypesHaveUnitTestsTest" file="/home/runner/work/develop/develop/packages/framework/tests/Unit/Pages/TestAllPageTypesHaveUnitTestsTest.php" line="12" assertions="8" time="0.021751"/>
      </testsuite>
      <testsuite name="Hyde\Framework\Testing\Unit\PostAuthorTest" file="/home/runner/work/develop/develop/packages/framework/tests/Unit/PostAuthorTest.php" tests="14" assertions="25" errors="0" warnings="0" failures="0" skipped="0" time="0.009821">
        <testcase name="testCreateMethodCreatesNewAuthorModel" class="Hyde\Framework\Testing\Unit\PostAuthorTest" classname="Hyde.Framework.Testing.Unit.PostAuthorTest" file="/home/runner/work/develop/develop/packages/framework/tests/Unit/PostAuthorTest.php" line="21" assertions="1" time="0.000442"/>
        <testcase name="testCreateMethodAcceptsAllParameters" class="Hyde\Framework\Testing\Unit\PostAuthorTest" classname="Hyde.Framework.Testing.Unit.PostAuthorTest" file="/home/runner/work/develop/develop/packages/framework/tests/Unit/PostAuthorTest.php" line="28" assertions="3" time="0.000569"/>
        <testcase name="testGetOrCreateMethodCreatesNewAuthorModelFromString" class="Hyde\Framework\Testing\Unit\PostAuthorTest" classname="Hyde.Framework.Testing.Unit.PostAuthorTest" file="/home/runner/work/develop/develop/packages/framework/tests/Unit/PostAuthorTest.php" line="37" assertions="1" time="0.000816"/>
        <testcase name="testGetOrCreateMethodCreatesNewAuthorModelFromStringCanFindExistingAuthor" class="Hyde\Framework\Testing\Unit\PostAuthorTest" classname="Hyde.Framework.Testing.Unit.PostAuthorTest" file="/home/runner/work/develop/develop/packages/framework/tests/Unit/PostAuthorTest.php" line="43" assertions="1" time="0.000986"/>
        <testcase name="testGetOrCreateMethodCreatesNewAuthorModelFromArray" class="Hyde\Framework\Testing\Unit\PostAuthorTest" classname="Hyde.Framework.Testing.Unit.PostAuthorTest" file="/home/runner/work/develop/develop/packages/framework/tests/Unit/PostAuthorTest.php" line="52" assertions="1" time="0.000734"/>
        <testcase name="testGetOrCreateMethodCreatesNewAuthorModelFromArrayOnlyNeedsUsername" class="Hyde\Framework\Testing\Unit\PostAuthorTest" classname="Hyde.Framework.Testing.Unit.PostAuthorTest" file="/home/runner/work/develop/develop/packages/framework/tests/Unit/PostAuthorTest.php" line="62" assertions="1" time="0.000678"/>
        <testcase name="testAllMethodReturnsEmptyCollectionIfNoAuthorsAreSetInConfig" class="Hyde\Framework\Testing\Unit\PostAuthorTest" classname="Hyde.Framework.Testing.Unit.PostAuthorTest" file="/home/runner/work/develop/develop/packages/framework/tests/Unit/PostAuthorTest.php" line="67" assertions="2" time="0.000650"/>
        <testcase name="testAllMethodReturnsCollectionWithAllAuthorsDefinedInConfig" class="Hyde\Framework\Testing\Unit\PostAuthorTest" classname="Hyde.Framework.Testing.Unit.PostAuthorTest" file="/home/runner/work/develop/develop/packages/framework/tests/Unit/PostAuthorTest.php" line="76" assertions="3" time="0.000831"/>
        <testcase name="testMultipleAuthorsCanBeDefinedInConfig" class="Hyde\Framework\Testing\Unit\PostAuthorTest" classname="Hyde.Framework.Testing.Unit.PostAuthorTest" file="/home/runner/work/develop/develop/packages/framework/tests/Unit/PostAuthorTest.php" line="88" assertions="4" time="0.000960"/>
        <testcase name="testGetMethodReturnsConfigDefinedAuthorByUsername" class="Hyde\Framework\Testing\Unit\PostAuthorTest" classname="Hyde.Framework.Testing.Unit.PostAuthorTest" file="/home/runner/work/develop/develop/packages/framework/tests/Unit/PostAuthorTest.php" line="102" assertions="3" time="0.000818"/>
        <testcase name="testGetMethodReturnsNewAuthorIfUsernameNotFoundInConfig" class="Hyde\Framework\Testing\Unit\PostAuthorTest" classname="Hyde.Framework.Testing.Unit.PostAuthorTest" file="/home/runner/work/develop/develop/packages/framework/tests/Unit/PostAuthorTest.php" line="114" assertions="2" time="0.000770"/>
        <testcase name="testGetNameHelperReturnsNameIfSet" class="Hyde\Framework\Testing\Unit\PostAuthorTest" classname="Hyde.Framework.Testing.Unit.PostAuthorTest" file="/home/runner/work/develop/develop/packages/framework/tests/Unit/PostAuthorTest.php" line="123" assertions="1" time="0.000552"/>
        <testcase name="testGetNameHelperReturnsUsernameIfNameIsNotSet" class="Hyde\Framework\Testing\Unit\PostAuthorTest" classname="Hyde.Framework.Testing.Unit.PostAuthorTest" file="/home/runner/work/develop/develop/packages/framework/tests/Unit/PostAuthorTest.php" line="130" assertions="1" time="0.000490"/>
        <testcase name="testToStringHelperReturnsTheName" class="Hyde\Framework\Testing\Unit\PostAuthorTest" classname="Hyde.Framework.Testing.Unit.PostAuthorTest" file="/home/runner/work/develop/develop/packages/framework/tests/Unit/PostAuthorTest.php" line="137" assertions="1" time="0.000523"/>
      </testsuite>
      <testsuite name="Hyde\Framework\Testing\Unit\RelativeLinksAcrossPagesRetainsIntegrityTest" file="/home/runner/work/develop/develop/packages/framework/tests/Unit/RelativeLinksAcrossPagesRetainsIntegrityTest.php" tests="1" assertions="18" errors="0" warnings="0" failures="0" skipped="0" time="0.149182">
        <testcase name="test_relative_links_across_pages_retains_integrity" class="Hyde\Framework\Testing\Unit\RelativeLinksAcrossPagesRetainsIntegrityTest" classname="Hyde.Framework.Testing.Unit.RelativeLinksAcrossPagesRetainsIntegrityTest" file="/home/runner/work/develop/develop/packages/framework/tests/Unit/RelativeLinksAcrossPagesRetainsIntegrityTest.php" line="71" assertions="18" time="0.149182"/>
      </testsuite>
      <testsuite name="Hyde\Framework\Testing\Unit\RouteKeyTest" file="/home/runner/work/develop/develop/packages/framework/tests/Unit/RouteKeyTest.php" tests="12" assertions="25" errors="0" warnings="0" failures="0" skipped="0" time="0.007463">
        <testcase name="testMake" class="Hyde\Framework\Testing\Unit\RouteKeyTest" classname="Hyde.Framework.Testing.Unit.RouteKeyTest" file="/home/runner/work/develop/develop/packages/framework/tests/Unit/RouteKeyTest.php" line="21" assertions="1" time="0.000667"/>
        <testcase name="testConstruct" class="Hyde\Framework\Testing\Unit\RouteKeyTest" classname="Hyde.Framework.Testing.Unit.RouteKeyTest" file="/home/runner/work/develop/develop/packages/framework/tests/Unit/RouteKeyTest.php" line="26" assertions="1" time="0.000498"/>
        <testcase name="testToString" class="Hyde\Framework\Testing\Unit\RouteKeyTest" classname="Hyde.Framework.Testing.Unit.RouteKeyTest" file="/home/runner/work/develop/develop/packages/framework/tests/Unit/RouteKeyTest.php" line="31" assertions="1" time="0.000505"/>
        <testcase name="testGet" class="Hyde\Framework\Testing\Unit\RouteKeyTest" classname="Hyde.Framework.Testing.Unit.RouteKeyTest" file="/home/runner/work/develop/develop/packages/framework/tests/Unit/RouteKeyTest.php" line="36" assertions="1" time="0.000472"/>
        <testcase name="testCast" class="Hyde\Framework\Testing\Unit\RouteKeyTest" classname="Hyde.Framework.Testing.Unit.RouteKeyTest" file="/home/runner/work/develop/develop/packages/framework/tests/Unit/RouteKeyTest.php" line="41" assertions="1" time="0.000496"/>
        <testcase name="testConstructorValuesAreNormalized" class="Hyde\Framework\Testing\Unit\RouteKeyTest" classname="Hyde.Framework.Testing.Unit.RouteKeyTest" file="/home/runner/work/develop/develop/packages/framework/tests/Unit/RouteKeyTest.php" line="46" assertions="3" time="0.000642"/>
        <testcase name="testStaticConstructorValuesAreNormalized" class="Hyde\Framework\Testing\Unit\RouteKeyTest" classname="Hyde.Framework.Testing.Unit.RouteKeyTest" file="/home/runner/work/develop/develop/packages/framework/tests/Unit/RouteKeyTest.php" line="53" assertions="3" time="0.000670"/>
        <testcase name="testFromPage" class="Hyde\Framework\Testing\Unit\RouteKeyTest" classname="Hyde.Framework.Testing.Unit.RouteKeyTest" file="/home/runner/work/develop/develop/packages/framework/tests/Unit/RouteKeyTest.php" line="60" assertions="5" time="0.000833"/>
        <testcase name="testFromPageWithNestedIdentifier" class="Hyde\Framework\Testing\Unit\RouteKeyTest" classname="Hyde.Framework.Testing.Unit.RouteKeyTest" file="/home/runner/work/develop/develop/packages/framework/tests/Unit/RouteKeyTest.php" line="69" assertions="5" time="0.000828"/>
        <testcase name="testFromPageWithInMemoryPage" class="Hyde\Framework\Testing\Unit\RouteKeyTest" classname="Hyde.Framework.Testing.Unit.RouteKeyTest" file="/home/runner/work/develop/develop/packages/framework/tests/Unit/RouteKeyTest.php" line="78" assertions="2" time="0.000659"/>
        <testcase name="testFromPageWithCustomOutputDirectory" class="Hyde\Framework\Testing\Unit\RouteKeyTest" classname="Hyde.Framework.Testing.Unit.RouteKeyTest" file="/home/runner/work/develop/develop/packages/framework/tests/Unit/RouteKeyTest.php" line="84" assertions="1" time="0.000594"/>
        <testcase name="testFromPageWithCustomNestedOutputDirectory" class="Hyde\Framework\Testing\Unit\RouteKeyTest" classname="Hyde.Framework.Testing.Unit.RouteKeyTest" file="/home/runner/work/develop/develop/packages/framework/tests/Unit/RouteKeyTest.php" line="90" assertions="1" time="0.000598"/>
      </testsuite>
      <testsuite name="Hyde\Framework\Testing\Unit\RouteNotFoundExceptionTest" file="/home/runner/work/develop/develop/packages/framework/tests/Unit/RouteNotFoundExceptionTest.php" tests="2" assertions="4" errors="0" warnings="0" failures="0" skipped="0" time="0.000936">
        <testcase name="test_it_can_be_instantiated" class="Hyde\Framework\Testing\Unit\RouteNotFoundExceptionTest" classname="Hyde.Framework.Testing.Unit.RouteNotFoundExceptionTest" file="/home/runner/work/develop/develop/packages/framework/tests/Unit/RouteNotFoundExceptionTest.php" line="15" assertions="1" time="0.000392"/>
        <testcase name="test_it_throws_an_exception_when_page_type_is_not_supported" class="Hyde\Framework\Testing\Unit\RouteNotFoundExceptionTest" classname="Hyde.Framework.Testing.Unit.RouteNotFoundExceptionTest" file="/home/runner/work/develop/develop/packages/framework/tests/Unit/RouteNotFoundExceptionTest.php" line="22" assertions="3" time="0.000544"/>
      </testsuite>
      <testsuite name="Hyde\Framework\Testing\Unit\RouteTest" file="/home/runner/work/develop/develop/packages/framework/tests/Unit/RouteTest.php" tests="18" assertions="23" errors="0" warnings="0" failures="0" skipped="0" time="0.037020">
        <testcase name="testConstructorCreatesRouteFromPageModel" class="Hyde\Framework\Testing\Unit\RouteTest" classname="Hyde.Framework.Testing.Unit.RouteTest" file="/home/runner/work/develop/develop/packages/framework/tests/Unit/RouteTest.php" line="27" assertions="1" time="0.001553"/>
        <testcase name="testGetPageTypeReturnsFullyQualifiedClassName" class="Hyde\Framework\Testing\Unit\RouteTest" classname="Hyde.Framework.Testing.Unit.RouteTest" file="/home/runner/work/develop/develop/packages/framework/tests/Unit/RouteTest.php" line="32" assertions="1" time="0.001688"/>
        <testcase name="testGetSourceModelReturnsPageModel" class="Hyde\Framework\Testing\Unit\RouteTest" classname="Hyde.Framework.Testing.Unit.RouteTest" file="/home/runner/work/develop/develop/packages/framework/tests/Unit/RouteTest.php" line="37" assertions="2" time="0.001638"/>
        <testcase name="testGetRouteKeyReturnsPagePath" class="Hyde\Framework\Testing\Unit\RouteTest" classname="Hyde.Framework.Testing.Unit.RouteTest" file="/home/runner/work/develop/develop/packages/framework/tests/Unit/RouteTest.php" line="46" assertions="1" time="0.001636"/>
        <testcase name="testGetSourceFilePathReturnsPageSourcePath" class="Hyde\Framework\Testing\Unit\RouteTest" classname="Hyde.Framework.Testing.Unit.RouteTest" file="/home/runner/work/develop/develop/packages/framework/tests/Unit/RouteTest.php" line="52" assertions="1" time="0.001664"/>
        <testcase name="testGetOutputFilePathReturnsPageOutputPath" class="Hyde\Framework\Testing\Unit\RouteTest" classname="Hyde.Framework.Testing.Unit.RouteTest" file="/home/runner/work/develop/develop/packages/framework/tests/Unit/RouteTest.php" line="58" assertions="1" time="0.001675"/>
        <testcase name="testGetLinkReturnsCorrectPathForRootPages" class="Hyde\Framework\Testing\Unit\RouteTest" classname="Hyde.Framework.Testing.Unit.RouteTest" file="/home/runner/work/develop/develop/packages/framework/tests/Unit/RouteTest.php" line="64" assertions="2" time="0.002084"/>
        <testcase name="testGetLinkReturnsCorrectPathForNestedPages" class="Hyde\Framework\Testing\Unit\RouteTest" classname="Hyde.Framework.Testing.Unit.RouteTest" file="/home/runner/work/develop/develop/packages/framework/tests/Unit/RouteTest.php" line="72" assertions="2" time="0.002160"/>
        <testcase name="testGetLinkReturnsCorrectPathForNestedCurrentPage" class="Hyde\Framework\Testing\Unit\RouteTest" classname="Hyde.Framework.Testing.Unit.RouteTest" file="/home/runner/work/develop/develop/packages/framework/tests/Unit/RouteTest.php" line="80" assertions="2" time="0.002455"/>
        <testcase name="testGetLinkReturnsPrettyUrlIfEnabled" class="Hyde\Framework\Testing\Unit\RouteTest" classname="Hyde.Framework.Testing.Unit.RouteTest" file="/home/runner/work/develop/develop/packages/framework/tests/Unit/RouteTest.php" line="89" assertions="2" time="0.002177"/>
        <testcase name="testToStringIsAliasForGetLink" class="Hyde\Framework\Testing\Unit\RouteTest" classname="Hyde.Framework.Testing.Unit.RouteTest" file="/home/runner/work/develop/develop/packages/framework/tests/Unit/RouteTest.php" line="98" assertions="1" time="0.002034"/>
        <testcase name="testIsWithRouteReturnsTrueWhenTrue" class="Hyde\Framework\Testing\Unit\RouteTest" classname="Hyde.Framework.Testing.Unit.RouteTest" file="/home/runner/work/develop/develop/packages/framework/tests/Unit/RouteTest.php" line="104" assertions="1" time="0.001792"/>
        <testcase name="testIsWithRouteReturnsFalseWhenFalse" class="Hyde\Framework\Testing\Unit\RouteTest" classname="Hyde.Framework.Testing.Unit.RouteTest" file="/home/runner/work/develop/develop/packages/framework/tests/Unit/RouteTest.php" line="110" assertions="1" time="0.002245"/>
        <testcase name="testIsWithRouteKeyReturnsTrueWhenTrue" class="Hyde\Framework\Testing\Unit\RouteTest" classname="Hyde.Framework.Testing.Unit.RouteTest" file="/home/runner/work/develop/develop/packages/framework/tests/Unit/RouteTest.php" line="117" assertions="1" time="0.001799"/>
        <testcase name="testIsWithRouteKeyReturnsFalseWhenFalse" class="Hyde\Framework\Testing\Unit\RouteTest" classname="Hyde.Framework.Testing.Unit.RouteTest" file="/home/runner/work/develop/develop/packages/framework/tests/Unit/RouteTest.php" line="123" assertions="1" time="0.001777"/>
        <testcase name="testIsWithRouteKeyObjectReturnsTrueWhenTrue" class="Hyde\Framework\Testing\Unit\RouteTest" classname="Hyde.Framework.Testing.Unit.RouteTest" file="/home/runner/work/develop/develop/packages/framework/tests/Unit/RouteTest.php" line="129" assertions="1" time="0.001801"/>
        <testcase name="testIsWithRouteKeyObjectReturnsTrueWhenFalse" class="Hyde\Framework\Testing\Unit\RouteTest" classname="Hyde.Framework.Testing.Unit.RouteTest" file="/home/runner/work/develop/develop/packages/framework/tests/Unit/RouteTest.php" line="135" assertions="1" time="0.001778"/>
        <testcase name="testToArrayMethod" class="Hyde\Framework\Testing\Unit\RouteTest" classname="Hyde.Framework.Testing.Unit.RouteTest" file="/home/runner/work/develop/develop/packages/framework/tests/Unit/RouteTest.php" line="141" assertions="1" time="0.005064"/>
      </testsuite>
      <testsuite name="Hyde\Framework\Testing\Unit\SchemaContractsTest" file="/home/runner/work/develop/develop/packages/framework/tests/Unit/SchemaContractsTest.php" tests="5" assertions="30" errors="0" warnings="0" failures="0" skipped="0" time="0.003361">
        <testcase name="testSchemasAreNotAccidentallyChanged" class="Hyde\Framework\Testing\Unit\SchemaContractsTest" classname="Hyde.Framework.Testing.Unit.SchemaContractsTest" file="/home/runner/work/develop/develop/packages/framework/tests/Unit/SchemaContractsTest.php" line="45" assertions="5" time="0.000448"/>
        <testcase name="testAllSchemasAreTested" class="Hyde\Framework\Testing\Unit\SchemaContractsTest" classname="Hyde.Framework.Testing.Unit.SchemaContractsTest" file="/home/runner/work/develop/develop/packages/framework/tests/Unit/SchemaContractsTest.php" line="87" assertions="3" time="0.000626"/>
        <testcase name="testAllSchemasExtendFrontMatterSchemaInterface" class="Hyde\Framework\Testing\Unit\SchemaContractsTest" classname="Hyde.Framework.Testing.Unit.SchemaContractsTest" file="/home/runner/work/develop/develop/packages/framework/tests/Unit/SchemaContractsTest.php" line="113" assertions="5" time="0.000472"/>
        <testcase name="testAllSchemasHaveConstantMatchingTheirInterfaceName" class="Hyde\Framework\Testing\Unit\SchemaContractsTest" classname="Hyde.Framework.Testing.Unit.SchemaContractsTest" file="/home/runner/work/develop/develop/packages/framework/tests/Unit/SchemaContractsTest.php" line="120" assertions="5" time="0.000546"/>
        <testcase name="testEachInterfaceOnlyHasOneSchema" class="Hyde\Framework\Testing\Unit\SchemaContractsTest" classname="Hyde.Framework.Testing.Unit.SchemaContractsTest" file="/home/runner/work/develop/develop/packages/framework/tests/Unit/SchemaContractsTest.php" line="127" assertions="12" time="0.001270"/>
      </testsuite>
      <testsuite name="Hyde\Framework\Testing\Unit\SerializableContractTest" file="/home/runner/work/develop/develop/packages/framework/tests/Unit/SerializableContractTest.php" tests="4" assertions="4" errors="0" warnings="0" failures="0" skipped="0" time="0.001673">
        <testcase name="testInterface" class="Hyde\Framework\Testing\Unit\SerializableContractTest" classname="Hyde.Framework.Testing.Unit.SerializableContractTest" file="/home/runner/work/develop/develop/packages/framework/tests/Unit/SerializableContractTest.php" line="18" assertions="1" time="0.000370"/>
        <testcase name="testInterfaceExtendsJsonSerializable" class="Hyde\Framework\Testing\Unit\SerializableContractTest" classname="Hyde.Framework.Testing.Unit.SerializableContractTest" file="/home/runner/work/develop/develop/packages/framework/tests/Unit/SerializableContractTest.php" line="23" assertions="1" time="0.000436"/>
        <testcase name="testInterfaceExtendsArrayable" class="Hyde\Framework\Testing\Unit\SerializableContractTest" classname="Hyde.Framework.Testing.Unit.SerializableContractTest" file="/home/runner/work/develop/develop/packages/framework/tests/Unit/SerializableContractTest.php" line="28" assertions="1" time="0.000439"/>
        <testcase name="testInterfaceExtendsJsonable" class="Hyde\Framework\Testing\Unit\SerializableContractTest" classname="Hyde.Framework.Testing.Unit.SerializableContractTest" file="/home/runner/work/develop/develop/packages/framework/tests/Unit/SerializableContractTest.php" line="33" assertions="1" time="0.000428"/>
      </testsuite>
      <testsuite name="Hyde\Framework\Testing\Unit\SerializableTest" file="/home/runner/work/develop/develop/packages/framework/tests/Unit/SerializableTest.php" tests="8" assertions="8" errors="0" warnings="0" failures="0" skipped="0" time="0.004260">
        <testcase name="testToArray" class="Hyde\Framework\Testing\Unit\SerializableTest" classname="Hyde.Framework.Testing.Unit.SerializableTest" file="/home/runner/work/develop/develop/packages/framework/tests/Unit/SerializableTest.php" line="17" assertions="1" time="0.000355"/>
        <testcase name="testJsonSerialize" class="Hyde\Framework\Testing\Unit\SerializableTest" classname="Hyde.Framework.Testing.Unit.SerializableTest" file="/home/runner/work/develop/develop/packages/framework/tests/Unit/SerializableTest.php" line="22" assertions="1" time="0.000536"/>
        <testcase name="testToJson" class="Hyde\Framework\Testing\Unit\SerializableTest" classname="Hyde.Framework.Testing.Unit.SerializableTest" file="/home/runner/work/develop/develop/packages/framework/tests/Unit/SerializableTest.php" line="27" assertions="1" time="0.000560"/>
        <testcase name="testJsonEncode" class="Hyde\Framework\Testing\Unit\SerializableTest" classname="Hyde.Framework.Testing.Unit.SerializableTest" file="/home/runner/work/develop/develop/packages/framework/tests/Unit/SerializableTest.php" line="32" assertions="1" time="0.000570"/>
        <testcase name="testSerialize" class="Hyde\Framework\Testing\Unit\SerializableTest" classname="Hyde.Framework.Testing.Unit.SerializableTest" file="/home/runner/work/develop/develop/packages/framework/tests/Unit/SerializableTest.php" line="37" assertions="1" time="0.000535"/>
        <testcase name="testSerializeWithArrayable" class="Hyde\Framework\Testing\Unit\SerializableTest" classname="Hyde.Framework.Testing.Unit.SerializableTest" file="/home/runner/work/develop/develop/packages/framework/tests/Unit/SerializableTest.php" line="42" assertions="1" time="0.000561"/>
        <testcase name="testJsonSerializeWithArrayable" class="Hyde\Framework\Testing\Unit\SerializableTest" classname="Hyde.Framework.Testing.Unit.SerializableTest" file="/home/runner/work/develop/develop/packages/framework/tests/Unit/SerializableTest.php" line="47" assertions="1" time="0.000570"/>
        <testcase name="testToJsonWithArrayable" class="Hyde\Framework\Testing\Unit\SerializableTest" classname="Hyde.Framework.Testing.Unit.SerializableTest" file="/home/runner/work/develop/develop/packages/framework/tests/Unit/SerializableTest.php" line="52" assertions="1" time="0.000572"/>
      </testsuite>
      <testsuite name="Hyde\Framework\Testing\Unit\SourceFilesInCustomDirectoriesCanBeCompiledTest" file="/home/runner/work/develop/develop/packages/framework/tests/Unit/SourceFilesInCustomDirectoriesCanBeCompiledTest.php" tests="4" assertions="4" errors="0" warnings="0" failures="0" skipped="0" time="0.152956">
        <testcase name="test_markdown_posts_in_changed_directory_can_be_compiled" class="Hyde\Framework\Testing\Unit\SourceFilesInCustomDirectoriesCanBeCompiledTest" classname="Hyde.Framework.Testing.Unit.SourceFilesInCustomDirectoriesCanBeCompiledTest" file="/home/runner/work/develop/develop/packages/framework/tests/Unit/SourceFilesInCustomDirectoriesCanBeCompiledTest.php" line="37" assertions="1" time="0.040859"/>
        <testcase name="test_markdown_pages_in_changed_directory_can_be_compiled" class="Hyde\Framework\Testing\Unit\SourceFilesInCustomDirectoriesCanBeCompiledTest" classname="Hyde.Framework.Testing.Unit.SourceFilesInCustomDirectoriesCanBeCompiledTest" file="/home/runner/work/develop/develop/packages/framework/tests/Unit/SourceFilesInCustomDirectoriesCanBeCompiledTest.php" line="50" assertions="1" time="0.039552"/>
        <testcase name="test_documentation_pages_in_changed_directory_can_be_compiled" class="Hyde\Framework\Testing\Unit\SourceFilesInCustomDirectoriesCanBeCompiledTest" classname="Hyde.Framework.Testing.Unit.SourceFilesInCustomDirectoriesCanBeCompiledTest" file="/home/runner/work/develop/develop/packages/framework/tests/Unit/SourceFilesInCustomDirectoriesCanBeCompiledTest.php" line="63" assertions="1" time="0.044301"/>
        <testcase name="test_blade_pages_in_changed_directory_can_be_compiled" class="Hyde\Framework\Testing\Unit\SourceFilesInCustomDirectoriesCanBeCompiledTest" classname="Hyde.Framework.Testing.Unit.SourceFilesInCustomDirectoriesCanBeCompiledTest" file="/home/runner/work/develop/develop/packages/framework/tests/Unit/SourceFilesInCustomDirectoriesCanBeCompiledTest.php" line="76" assertions="1" time="0.028245"/>
      </testsuite>
      <testsuite name="Hyde\Framework\Testing\Unit\TestBuildStaticSiteCommandFlagToEnablePrettyUrlsTest" file="/home/runner/work/develop/develop/packages/framework/tests/Unit/TestBuildStaticSiteCommandFlagToEnablePrettyUrlsTest.php" tests="2" assertions="4" errors="0" warnings="0" failures="0" skipped="0" time="0.066185">
        <testcase name="test_pretty_urls_can_be_enabled_with_flag" class="Hyde\Framework\Testing\Unit\TestBuildStaticSiteCommandFlagToEnablePrettyUrlsTest" classname="Hyde.Framework.Testing.Unit.TestBuildStaticSiteCommandFlagToEnablePrettyUrlsTest" file="/home/runner/work/develop/develop/packages/framework/tests/Unit/TestBuildStaticSiteCommandFlagToEnablePrettyUrlsTest.php" line="16" assertions="3" time="0.043410"/>
        <testcase name="test_config_change_is_not_persisted" class="Hyde\Framework\Testing\Unit\TestBuildStaticSiteCommandFlagToEnablePrettyUrlsTest" classname="Hyde.Framework.Testing.Unit.TestBuildStaticSiteCommandFlagToEnablePrettyUrlsTest" file="/home/runner/work/develop/develop/packages/framework/tests/Unit/TestBuildStaticSiteCommandFlagToEnablePrettyUrlsTest.php" line="29" assertions="1" time="0.022775"/>
      </testsuite>
      <testsuite name="Hyde\Framework\Testing\Unit\TracksExecutionTimeTest" file="/home/runner/work/develop/develop/packages/framework/tests/Unit/TracksExecutionTimeTest.php" tests="4" assertions="10" errors="0" warnings="0" failures="0" skipped="0" time="0.002126">
        <testcase name="test_startClock" class="Hyde\Framework\Testing\Unit\TracksExecutionTimeTest" classname="Hyde.Framework.Testing.Unit.TracksExecutionTimeTest" file="/home/runner/work/develop/develop/packages/framework/tests/Unit/TracksExecutionTimeTest.php" line="15" assertions="4" time="0.000483"/>
        <testcase name="test_stopClock" class="Hyde\Framework\Testing\Unit\TracksExecutionTimeTest" classname="Hyde.Framework.Testing.Unit.TracksExecutionTimeTest" file="/home/runner/work/develop/develop/packages/framework/tests/Unit/TracksExecutionTimeTest.php" line="28" assertions="2" time="0.000563"/>
        <testcase name="test_getExecutionTimeInMs" class="Hyde\Framework\Testing\Unit\TracksExecutionTimeTest" classname="Hyde.Framework.Testing.Unit.TracksExecutionTimeTest" file="/home/runner/work/develop/develop/packages/framework/tests/Unit/TracksExecutionTimeTest.php" line="37" assertions="2" time="0.000535"/>
        <testcase name="test_getExecutionTimeString" class="Hyde\Framework\Testing\Unit\TracksExecutionTimeTest" classname="Hyde.Framework.Testing.Unit.TracksExecutionTimeTest" file="/home/runner/work/develop/develop/packages/framework/tests/Unit/TracksExecutionTimeTest.php" line="45" assertions="2" time="0.000545"/>
      </testsuite>
      <testsuite name="Hyde\Framework\Testing\Unit\UnixsumTest" file="/home/runner/work/develop/develop/packages/framework/tests/Unit/UnixsumTest.php" tests="10" assertions="13" errors="0" warnings="0" failures="0" skipped="0" time="0.005833">
        <testcase name="test_method_returns_string" class="Hyde\Framework\Testing\Unit\UnixsumTest" classname="Hyde.Framework.Testing.Unit.UnixsumTest" file="/home/runner/work/develop/develop/packages/framework/tests/Unit/UnixsumTest.php" line="17" assertions="1" time="0.000395"/>
        <testcase name="test_method_returns_string_with_length_of_32" class="Hyde\Framework\Testing\Unit\UnixsumTest" classname="Hyde.Framework.Testing.Unit.UnixsumTest" file="/home/runner/work/develop/develop/packages/framework/tests/Unit/UnixsumTest.php" line="22" assertions="1" time="0.000501"/>
        <testcase name="test_method_returns_string_matching_expected_format" class="Hyde\Framework\Testing\Unit\UnixsumTest" classname="Hyde.Framework.Testing.Unit.UnixsumTest" file="/home/runner/work/develop/develop/packages/framework/tests/Unit/UnixsumTest.php" line="27" assertions="1" time="0.000534"/>
        <testcase name="test_method_returns_same_value_for_same_string_using_normal_method" class="Hyde\Framework\Testing\Unit\UnixsumTest" classname="Hyde.Framework.Testing.Unit.UnixsumTest" file="/home/runner/work/develop/develop/packages/framework/tests/Unit/UnixsumTest.php" line="32" assertions="1" time="0.000488"/>
        <testcase name="test_method_returns_different_value_for_different_string" class="Hyde\Framework\Testing\Unit\UnixsumTest" classname="Hyde.Framework.Testing.Unit.UnixsumTest" file="/home/runner/work/develop/develop/packages/framework/tests/Unit/UnixsumTest.php" line="37" assertions="1" time="0.000539"/>
        <testcase name="test_function_is_case_sensitive" class="Hyde\Framework\Testing\Unit\UnixsumTest" classname="Hyde.Framework.Testing.Unit.UnixsumTest" file="/home/runner/work/develop/develop/packages/framework/tests/Unit/UnixsumTest.php" line="42" assertions="1" time="0.000541"/>
        <testcase name="test_function_is_space_sensitive" class="Hyde\Framework\Testing\Unit\UnixsumTest" classname="Hyde.Framework.Testing.Unit.UnixsumTest" file="/home/runner/work/develop/develop/packages/framework/tests/Unit/UnixsumTest.php" line="47" assertions="1" time="0.000531"/>
        <testcase name="test_method_returns_same_value_regardless_of_end_of_line_sequence" class="Hyde\Framework\Testing\Unit\UnixsumTest" classname="Hyde.Framework.Testing.Unit.UnixsumTest" file="/home/runner/work/develop/develop/packages/framework/tests/Unit/UnixsumTest.php" line="52" assertions="4" time="0.000528"/>
        <testcase name="test_method_returns_same_value_for_string_with_mixed_end_of_line_sequences" class="Hyde\Framework\Testing\Unit\UnixsumTest" classname="Hyde.Framework.Testing.Unit.UnixsumTest" file="/home/runner/work/develop/develop/packages/framework/tests/Unit/UnixsumTest.php" line="60" assertions="1" time="0.000505"/>
        <testcase name="test_method_returns_same_value_when_loaded_from_file_using_shorthand" class="Hyde\Framework\Testing\Unit\UnixsumTest" classname="Hyde.Framework.Testing.Unit.UnixsumTest" file="/home/runner/work/develop/develop/packages/framework/tests/Unit/UnixsumTest.php" line="66" assertions="1" time="0.001270"/>
      </testsuite>
      <testsuite name="Hyde\Framework\Testing\Unit\UnsupportedPageTypeExceptionTest" file="/home/runner/work/develop/develop/packages/framework/tests/Unit/UnsupportedPageTypeExceptionTest.php" tests="2" assertions="3" errors="0" warnings="0" failures="0" skipped="0" time="0.000958">
        <testcase name="test_it_can_be_instantiated" class="Hyde\Framework\Testing\Unit\UnsupportedPageTypeExceptionTest" classname="Hyde.Framework.Testing.Unit.UnsupportedPageTypeExceptionTest" file="/home/runner/work/develop/develop/packages/framework/tests/Unit/UnsupportedPageTypeExceptionTest.php" line="15" assertions="1" time="0.000420"/>
        <testcase name="test_it_throws_an_exception_when_page_type_is_not_supported" class="Hyde\Framework\Testing\Unit\UnsupportedPageTypeExceptionTest" classname="Hyde.Framework.Testing.Unit.UnsupportedPageTypeExceptionTest" file="/home/runner/work/develop/develop/packages/framework/tests/Unit/UnsupportedPageTypeExceptionTest.php" line="22" assertions="2" time="0.000537"/>
      </testsuite>
      <testsuite name="Hyde\Framework\Testing\Unit\ValidatesExistenceTest" file="/home/runner/work/develop/develop/packages/framework/tests/Unit/ValidatesExistenceTest.php" tests="2" assertions="2" errors="0" warnings="0" failures="0" skipped="0" time="0.044119">
        <testcase name="test_validate_existence_does_nothing_if_file_exists" class="Hyde\Framework\Testing\Unit\ValidatesExistenceTest" classname="Hyde.Framework.Testing.Unit.ValidatesExistenceTest" file="/home/runner/work/develop/develop/packages/framework/tests/Unit/ValidatesExistenceTest.php" line="18" assertions="1" time="0.021795"/>
        <testcase name="test_validate_existence_throws_file_not_found_exception_if_file_does_not_exist" class="Hyde\Framework\Testing\Unit\ValidatesExistenceTest" classname="Hyde.Framework.Testing.Unit.ValidatesExistenceTest" file="/home/runner/work/develop/develop/packages/framework/tests/Unit/ValidatesExistenceTest.php" line="27" assertions="1" time="0.022323"/>
      </testsuite>
      <testsuite name="Hyde\Framework\Testing\Unit\Views\ArticleExcerptViewTest" file="/home/runner/work/develop/develop/packages/framework/tests/Unit/Views/ArticleExcerptViewTest.php" tests="5" assertions="10" errors="0" warnings="0" failures="0" skipped="0" time="0.155299">
        <testcase name="test_component_can_be_rendered" class="Hyde\Framework\Testing\Unit\Views\ArticleExcerptViewTest" classname="Hyde.Framework.Testing.Unit.Views.ArticleExcerptViewTest" file="/home/runner/work/develop/develop/packages/framework/tests/Unit/Views/ArticleExcerptViewTest.php" line="24" assertions="1" time="0.030146"/>
        <testcase name="test_component_renders_post_data" class="Hyde\Framework\Testing\Unit\Views\ArticleExcerptViewTest" classname="Hyde.Framework.Testing.Unit.Views.ArticleExcerptViewTest" file="/home/runner/work/develop/develop/packages/framework/tests/Unit/Views/ArticleExcerptViewTest.php" line="30" assertions="5" time="0.031479"/>
        <testcase name="test_component_renders_post_with_author_object" class="Hyde\Framework\Testing\Unit\Views\ArticleExcerptViewTest" classname="Hyde.Framework.Testing.Unit.Views.ArticleExcerptViewTest" file="/home/runner/work/develop/develop/packages/framework/tests/Unit/Views/ArticleExcerptViewTest.php" line="46" assertions="1" time="0.031067"/>
        <testcase name="test_there_is_no_comma_after_date_string_when_there_is_no_author" class="Hyde\Framework\Testing\Unit\Views\ArticleExcerptViewTest" classname="Hyde.Framework.Testing.Unit.Views.ArticleExcerptViewTest" file="/home/runner/work/develop/develop/packages/framework/tests/Unit/Views/ArticleExcerptViewTest.php" line="58" assertions="2" time="0.030996"/>
        <testcase name="test_there_is_a_comma_after_date_string_when_there_is_a_author" class="Hyde\Framework\Testing\Unit\Views\ArticleExcerptViewTest" classname="Hyde.Framework.Testing.Unit.Views.ArticleExcerptViewTest" file="/home/runner/work/develop/develop/packages/framework/tests/Unit/Views/ArticleExcerptViewTest.php" line="68" assertions="1" time="0.031612"/>
      </testsuite>
      <testsuite name="Hyde\Framework\Testing\Unit\Views\Components\LinkComponentTest" file="/home/runner/work/develop/develop/packages/framework/tests/Unit/Views/Components/LinkComponentTest.php" tests="3" assertions="3" errors="0" warnings="0" failures="0" skipped="0" time="0.096170">
        <testcase name="test_link_component_can_be_rendered" class="Hyde\Framework\Testing\Unit\Views\Components\LinkComponentTest" classname="Hyde.Framework.Testing.Unit.Views.Components.LinkComponentTest" file="/home/runner/work/develop/develop/packages/framework/tests/Unit/Views/Components/LinkComponentTest.php" line="17" assertions="1" time="0.026630"/>
        <testcase name="test_link_component_can_be_rendered_with_route" class="Hyde\Framework\Testing\Unit\Views\Components\LinkComponentTest" classname="Hyde.Framework.Testing.Unit.Views.Components.LinkComponentTest" file="/home/runner/work/develop/develop/packages/framework/tests/Unit/Views/Components/LinkComponentTest.php" line="22" assertions="1" time="0.038402"/>
        <testcase name="test_link_component_can_be_rendered_with_route_for_nested_pages" class="Hyde\Framework\Testing\Unit\Views\Components\LinkComponentTest" classname="Hyde.Framework.Testing.Unit.Views.Components.LinkComponentTest" file="/home/runner/work/develop/develop/packages/framework/tests/Unit/Views/Components/LinkComponentTest.php" line="29" assertions="1" time="0.031138"/>
      </testsuite>
      <testsuite name="Hyde\Framework\Testing\Unit\Views\FeaturedImageViewTest" file="/home/runner/work/develop/develop/packages/framework/tests/Unit/Views/FeaturedImageViewTest.php" tests="21" assertions="46" errors="0" warnings="0" failures="0" skipped="0" time="0.537998">
        <testcase name="test_the_view" class="Hyde\Framework\Testing\Unit\Views\FeaturedImageViewTest" classname="Hyde.Framework.Testing.Unit.Views.FeaturedImageViewTest" file="/home/runner/work/develop/develop/packages/framework/tests/Unit/Views/FeaturedImageViewTest.php" line="25" assertions="9" time="0.024898"/>
        <testcase name="test_image_author_attribution_string" class="Hyde\Framework\Testing\Unit\Views\FeaturedImageViewTest" classname="Hyde.Framework.Testing.Unit.Views.FeaturedImageViewTest" file="/home/runner/work/develop/develop/packages/framework/tests/Unit/Views/FeaturedImageViewTest.php" line="51" assertions="3" time="0.025583"/>
        <testcase name="test_image_author_attribution_string_with_url" class="Hyde\Framework\Testing\Unit\Views\FeaturedImageViewTest" classname="Hyde.Framework.Testing.Unit.Views.FeaturedImageViewTest" file="/home/runner/work/develop/develop/packages/framework/tests/Unit/Views/FeaturedImageViewTest.php" line="59" assertions="5" time="0.025530"/>
        <testcase name="test_copyright_string" class="Hyde\Framework\Testing\Unit\Views\FeaturedImageViewTest" classname="Hyde.Framework.Testing.Unit.Views.FeaturedImageViewTest" file="/home/runner/work/develop/develop/packages/framework/tests/Unit/Views/FeaturedImageViewTest.php" line="72" assertions="2" time="0.025497"/>
        <testcase name="test_copyright_string_inverse" class="Hyde\Framework\Testing\Unit\Views\FeaturedImageViewTest" classname="Hyde.Framework.Testing.Unit.Views.FeaturedImageViewTest" file="/home/runner/work/develop/develop/packages/framework/tests/Unit/Views/FeaturedImageViewTest.php" line="79" assertions="1" time="0.025452"/>
        <testcase name="test_license_string" class="Hyde\Framework\Testing\Unit\Views\FeaturedImageViewTest" classname="Hyde.Framework.Testing.Unit.Views.FeaturedImageViewTest" file="/home/runner/work/develop/develop/packages/framework/tests/Unit/Views/FeaturedImageViewTest.php" line="85" assertions="1" time="0.025519"/>
        <testcase name="test_license_string_with_url" class="Hyde\Framework\Testing\Unit\Views\FeaturedImageViewTest" classname="Hyde.Framework.Testing.Unit.Views.FeaturedImageViewTest" file="/home/runner/work/develop/develop/packages/framework/tests/Unit/Views/FeaturedImageViewTest.php" line="92" assertions="1" time="0.025327"/>
        <testcase name="test_license_string_inverse" class="Hyde\Framework\Testing\Unit\Views\FeaturedImageViewTest" classname="Hyde.Framework.Testing.Unit.Views.FeaturedImageViewTest" file="/home/runner/work/develop/develop/packages/framework/tests/Unit/Views/FeaturedImageViewTest.php" line="103" assertions="2" time="0.026993"/>
        <testcase name="test_license_string_inverse_with_url" class="Hyde\Framework\Testing\Unit\Views\FeaturedImageViewTest" classname="Hyde.Framework.Testing.Unit.Views.FeaturedImageViewTest" file="/home/runner/work/develop/develop/packages/framework/tests/Unit/Views/FeaturedImageViewTest.php" line="110" assertions="2" time="0.025639"/>
        <testcase name="test_fluent_attribution_logic_uses_rich_html_tags" class="Hyde\Framework\Testing\Unit\Views\FeaturedImageViewTest" classname="Hyde.Framework.Testing.Unit.Views.FeaturedImageViewTest" file="/home/runner/work/develop/develop/packages/framework/tests/Unit/Views/FeaturedImageViewTest.php" line="117" assertions="7" time="0.025678"/>
        <testcase name="test_fluent_attribution_logic_uses_rich_html_tags_1" class="Hyde\Framework\Testing\Unit\Views\FeaturedImageViewTest" classname="Hyde.Framework.Testing.Unit.Views.FeaturedImageViewTest" file="/home/runner/work/develop/develop/packages/framework/tests/Unit/Views/FeaturedImageViewTest.php" line="136" assertions="2" time="0.025558"/>
        <testcase name="test_fluent_attribution_logic_uses_rich_html_tags_2" class="Hyde\Framework\Testing\Unit\Views\FeaturedImageViewTest" classname="Hyde.Framework.Testing.Unit.Views.FeaturedImageViewTest" file="/home/runner/work/develop/develop/packages/framework/tests/Unit/Views/FeaturedImageViewTest.php" line="144" assertions="1" time="0.025554"/>
        <testcase name="test_fluent_attribution_logic_uses_rich_html_tags_3" class="Hyde\Framework\Testing\Unit\Views\FeaturedImageViewTest" classname="Hyde.Framework.Testing.Unit.Views.FeaturedImageViewTest" file="/home/runner/work/develop/develop/packages/framework/tests/Unit/Views/FeaturedImageViewTest.php" line="152" assertions="1" time="0.025342"/>
        <testcase name="test_fluent_attribution_logic_uses_rich_html_tags_4" class="Hyde\Framework\Testing\Unit\Views\FeaturedImageViewTest" classname="Hyde.Framework.Testing.Unit.Views.FeaturedImageViewTest" file="/home/runner/work/develop/develop/packages/framework/tests/Unit/Views/FeaturedImageViewTest.php" line="160" assertions="2" time="0.025529"/>
        <testcase name="test_fluent_attribution_logic_creates_fluent_messages1" class="Hyde\Framework\Testing\Unit\Views\FeaturedImageViewTest" classname="Hyde.Framework.Testing.Unit.Views.FeaturedImageViewTest" file="/home/runner/work/develop/develop/packages/framework/tests/Unit/Views/FeaturedImageViewTest.php" line="168" assertions="1" time="0.025895"/>
        <testcase name="test_fluent_attribution_logic_creates_fluent_messages2" class="Hyde\Framework\Testing\Unit\Views\FeaturedImageViewTest" classname="Hyde.Framework.Testing.Unit.Views.FeaturedImageViewTest" file="/home/runner/work/develop/develop/packages/framework/tests/Unit/Views/FeaturedImageViewTest.php" line="182" assertions="1" time="0.025473"/>
        <testcase name="test_fluent_attribution_logic_creates_fluent_messages3" class="Hyde\Framework\Testing\Unit\Views\FeaturedImageViewTest" classname="Hyde.Framework.Testing.Unit.Views.FeaturedImageViewTest" file="/home/runner/work/develop/develop/packages/framework/tests/Unit/Views/FeaturedImageViewTest.php" line="195" assertions="1" time="0.025315"/>
        <testcase name="test_fluent_attribution_logic_creates_fluent_messages4" class="Hyde\Framework\Testing\Unit\Views\FeaturedImageViewTest" classname="Hyde.Framework.Testing.Unit.Views.FeaturedImageViewTest" file="/home/runner/work/develop/develop/packages/framework/tests/Unit/Views/FeaturedImageViewTest.php" line="209" assertions="1" time="0.025353"/>
        <testcase name="test_fluent_attribution_logic_creates_fluent_messages5" class="Hyde\Framework\Testing\Unit\Views\FeaturedImageViewTest" classname="Hyde.Framework.Testing.Unit.Views.FeaturedImageViewTest" file="/home/runner/work/develop/develop/packages/framework/tests/Unit/Views/FeaturedImageViewTest.php" line="222" assertions="1" time="0.025333"/>
        <testcase name="test_fluent_attribution_logic_creates_fluent_messages6" class="Hyde\Framework\Testing\Unit\Views\FeaturedImageViewTest" classname="Hyde.Framework.Testing.Unit.Views.FeaturedImageViewTest" file="/home/runner/work/develop/develop/packages/framework/tests/Unit/Views/FeaturedImageViewTest.php" line="235" assertions="1" time="0.025358"/>
        <testcase name="test_fluent_attribution_logic_creates_fluent_messages7" class="Hyde\Framework\Testing\Unit\Views\FeaturedImageViewTest" classname="Hyde.Framework.Testing.Unit.Views.FeaturedImageViewTest" file="/home/runner/work/develop/develop/packages/framework/tests/Unit/Views/FeaturedImageViewTest.php" line="248" assertions="1" time="0.027170"/>
      </testsuite>
      <testsuite name="Hyde\Framework\Testing\Unit\Views\HeadComponentViewTest" file="/home/runner/work/develop/develop/packages/framework/tests/Unit/Views/HeadComponentViewTest.php" tests="7" assertions="7" errors="0" warnings="0" failures="0" skipped="0" time="0.212899">
        <testcase name="testComponentCanBeRendered" class="Hyde\Framework\Testing\Unit\Views\HeadComponentViewTest" classname="Hyde.Framework.Testing.Unit.Views.HeadComponentViewTest" file="/home/runner/work/develop/develop/packages/framework/tests/Unit/Views/HeadComponentViewTest.php" line="29" assertions="1" time="0.030881"/>
        <testcase name="testTitleElementUsesPageTitle" class="Hyde\Framework\Testing\Unit\Views\HeadComponentViewTest" classname="Hyde.Framework.Testing.Unit.Views.HeadComponentViewTest" file="/home/runner/work/develop/develop/packages/framework/tests/Unit/Views/HeadComponentViewTest.php" line="35" assertions="1" time="0.038784"/>
        <testcase name="testLinkToFaviconIsNotAddedWhenFileDoesNotExist" class="Hyde\Framework\Testing\Unit\Views\HeadComponentViewTest" classname="Hyde.Framework.Testing.Unit.Views.HeadComponentViewTest" file="/home/runner/work/develop/develop/packages/framework/tests/Unit/Views/HeadComponentViewTest.php" line="44" assertions="1" time="0.027840"/>
        <testcase name="testLinkToFaviconIsAddedWhenFileExists" class="Hyde\Framework\Testing\Unit\Views\HeadComponentViewTest" classname="Hyde.Framework.Testing.Unit.Views.HeadComponentViewTest" file="/home/runner/work/develop/develop/packages/framework/tests/Unit/Views/HeadComponentViewTest.php" line="49" assertions="1" time="0.027187"/>
        <testcase name="testLinkToFaviconUsesRelativeUrl" class="Hyde\Framework\Testing\Unit\Views\HeadComponentViewTest" classname="Hyde.Framework.Testing.Unit.Views.HeadComponentViewTest" file="/home/runner/work/develop/develop/packages/framework/tests/Unit/Views/HeadComponentViewTest.php" line="57" assertions="1" time="0.033020"/>
        <testcase name="testComponentIncludesMetaView" class="Hyde\Framework\Testing\Unit\Views\HeadComponentViewTest" classname="Hyde.Framework.Testing.Unit.Views.HeadComponentViewTest" file="/home/runner/work/develop/develop/packages/framework/tests/Unit/Views/HeadComponentViewTest.php" line="65" assertions="1" time="0.029661"/>
        <testcase name="testComponentIncludesStylesView" class="Hyde\Framework\Testing\Unit\Views\HeadComponentViewTest" classname="Hyde.Framework.Testing.Unit.Views.HeadComponentViewTest" file="/home/runner/work/develop/develop/packages/framework/tests/Unit/Views/HeadComponentViewTest.php" line="70" assertions="1" time="0.025525"/>
      </testsuite>
      <testsuite name="Hyde\Framework\Testing\Unit\Views\NavigationBrandViewTest" file="/home/runner/work/develop/develop/packages/framework/tests/Unit/Views/NavigationBrandViewTest.php" tests="2" assertions="3" errors="0" warnings="0" failures="0" skipped="0" time="0.057278">
        <testcase name="test_component_links_to_home_route" class="Hyde\Framework\Testing\Unit\Views\NavigationBrandViewTest" classname="Hyde.Framework.Testing.Unit.Views.NavigationBrandViewTest" file="/home/runner/work/develop/develop/packages/framework/tests/Unit/Views/NavigationBrandViewTest.php" line="29" assertions="1" time="0.027733"/>
        <testcase name="test_component_uses_site_name" class="Hyde\Framework\Testing\Unit\Views\NavigationBrandViewTest" classname="Hyde.Framework.Testing.Unit.Views.NavigationBrandViewTest" file="/home/runner/work/develop/develop/packages/framework/tests/Unit/Views/NavigationBrandViewTest.php" line="34" assertions="2" time="0.029545"/>
      </testsuite>
      <testsuite name="Hyde\Framework\Testing\Unit\Views\NavigationLinkViewTest" file="/home/runner/work/develop/develop/packages/framework/tests/Unit/Views/NavigationLinkViewTest.php" tests="4" assertions="4" errors="0" warnings="0" failures="0" skipped="0" time="0.113026">
        <testcase name="test_component_links_to_route_destination" class="Hyde\Framework\Testing\Unit\Views\NavigationLinkViewTest" classname="Hyde.Framework.Testing.Unit.Views.NavigationLinkViewTest" file="/home/runner/work/develop/develop/packages/framework/tests/Unit/Views/NavigationLinkViewTest.php" line="30" assertions="1" time="0.023806"/>
        <testcase name="test_component_uses_title" class="Hyde\Framework\Testing\Unit\Views\NavigationLinkViewTest" classname="Hyde.Framework.Testing.Unit.Views.NavigationLinkViewTest" file="/home/runner/work/develop/develop/packages/framework/tests/Unit/Views/NavigationLinkViewTest.php" line="35" assertions="1" time="0.024518"/>
        <testcase name="test_component_is_current_when_current_route_matches" class="Hyde\Framework\Testing\Unit\Views\NavigationLinkViewTest" classname="Hyde.Framework.Testing.Unit.Views.NavigationLinkViewTest" file="/home/runner/work/develop/develop/packages/framework/tests/Unit/Views/NavigationLinkViewTest.php" line="40" assertions="1" time="0.028686"/>
        <testcase name="test_component_has_aria_current_when_current_route_matches" class="Hyde\Framework\Testing\Unit\Views\NavigationLinkViewTest" classname="Hyde.Framework.Testing.Unit.Views.NavigationLinkViewTest" file="/home/runner/work/develop/develop/packages/framework/tests/Unit/Views/NavigationLinkViewTest.php" line="46" assertions="1" time="0.036016"/>
      </testsuite>
      <testsuite name="Hyde\Framework\Testing\Unit\Views\NavigationMenuViewTest" file="/home/runner/work/develop/develop/packages/framework/tests/Unit/Views/NavigationMenuViewTest.php" tests="8" assertions="8" errors="0" warnings="0" failures="0" skipped="0" time="0.268648">
        <testcase name="test_component_can_be_rendered" class="Hyde\Framework\Testing\Unit\Views\NavigationMenuViewTest" classname="Hyde.Framework.Testing.Unit.Views.NavigationMenuViewTest" file="/home/runner/work/develop/develop/packages/framework/tests/Unit/Views/NavigationMenuViewTest.php" line="28" assertions="1" time="0.029526"/>
        <testcase name="test_component_contains_dark_mode_button" class="Hyde\Framework\Testing\Unit\Views\NavigationMenuViewTest" classname="Hyde.Framework.Testing.Unit.Views.NavigationMenuViewTest" file="/home/runner/work/develop/develop/packages/framework/tests/Unit/Views/NavigationMenuViewTest.php" line="33" assertions="1" time="0.030175"/>
        <testcase name="test_component_contains_navigation_menu_toggle_button" class="Hyde\Framework\Testing\Unit\Views\NavigationMenuViewTest" classname="Hyde.Framework.Testing.Unit.Views.NavigationMenuViewTest" file="/home/runner/work/develop/develop/packages/framework/tests/Unit/Views/NavigationMenuViewTest.php" line="38" assertions="1" time="0.030323"/>
        <testcase name="test_component_contains_main_navigation_links" class="Hyde\Framework\Testing\Unit\Views\NavigationMenuViewTest" classname="Hyde.Framework.Testing.Unit.Views.NavigationMenuViewTest" file="/home/runner/work/develop/develop/packages/framework/tests/Unit/Views/NavigationMenuViewTest.php" line="43" assertions="1" time="0.030122"/>
        <testcase name="test_component_contains_index_html_link" class="Hyde\Framework\Testing\Unit\Views\NavigationMenuViewTest" classname="Hyde.Framework.Testing.Unit.Views.NavigationMenuViewTest" file="/home/runner/work/develop/develop/packages/framework/tests/Unit/Views/NavigationMenuViewTest.php" line="48" assertions="1" time="0.030418"/>
        <testcase name="test_component_not_contains_404_html_link" class="Hyde\Framework\Testing\Unit\Views\NavigationMenuViewTest" classname="Hyde.Framework.Testing.Unit.Views.NavigationMenuViewTest" file="/home/runner/work/develop/develop/packages/framework/tests/Unit/Views/NavigationMenuViewTest.php" line="53" assertions="1" time="0.030145"/>
        <testcase name="test_navigation_menu_label_can_be_changed_in_front_matter" class="Hyde\Framework\Testing\Unit\Views\NavigationMenuViewTest" classname="Hyde.Framework.Testing.Unit.Views.NavigationMenuViewTest" file="/home/runner/work/develop/develop/packages/framework/tests/Unit/Views/NavigationMenuViewTest.php" line="58" assertions="1" time="0.044801"/>
        <testcase name="test_navigation_menu_label_can_be_changed_in_blade_matter" class="Hyde\Framework\Testing\Unit\Views\NavigationMenuViewTest" classname="Hyde.Framework.Testing.Unit.Views.NavigationMenuViewTest" file="/home/runner/work/develop/develop/packages/framework/tests/Unit/Views/NavigationMenuViewTest.php" line="72" assertions="1" time="0.043137"/>
      </testsuite>
      <testsuite name="Hyde\Framework\Testing\Unit\Views\ScriptsComponentViewTest" file="/home/runner/work/develop/develop/packages/framework/tests/Unit/Views/ScriptsComponentViewTest.php" tests="5" assertions="7" errors="0" warnings="0" failures="0" skipped="0" time="0.122907">
        <testcase name="test_component_can_be_rendered" class="Hyde\Framework\Testing\Unit\Views\ScriptsComponentViewTest" classname="Hyde.Framework.Testing.Unit.Views.ScriptsComponentViewTest" file="/home/runner/work/develop/develop/packages/framework/tests/Unit/Views/ScriptsComponentViewTest.php" line="29" assertions="1" time="0.023776"/>
        <testcase name="test_component_has_link_to_app_js_file_when_it_exists" class="Hyde\Framework\Testing\Unit\Views\ScriptsComponentViewTest" classname="Hyde.Framework.Testing.Unit.Views.ScriptsComponentViewTest" file="/home/runner/work/develop/develop/packages/framework/tests/Unit/Views/ScriptsComponentViewTest.php" line="34" assertions="1" time="0.024568"/>
        <testcase name="test_component_does_not_render_link_to_app_js_when_it_does_not_exist" class="Hyde\Framework\Testing\Unit\Views\ScriptsComponentViewTest" classname="Hyde.Framework.Testing.Unit.Views.ScriptsComponentViewTest" file="/home/runner/work/develop/develop/packages/framework/tests/Unit/Views/ScriptsComponentViewTest.php" line="41" assertions="1" time="0.024382"/>
        <testcase name="test_component_uses_relative_path_to_app_js_file_for_nested_pages" class="Hyde\Framework\Testing\Unit\Views\ScriptsComponentViewTest" classname="Hyde.Framework.Testing.Unit.Views.ScriptsComponentViewTest" file="/home/runner/work/develop/develop/packages/framework/tests/Unit/Views/ScriptsComponentViewTest.php" line="46" assertions="3" time="0.025657"/>
        <testcase name="test_scripts_can_be_pushed_to_the_component_scripts_stack" class="Hyde\Framework\Testing\Unit\Views\ScriptsComponentViewTest" classname="Hyde.Framework.Testing.Unit.Views.ScriptsComponentViewTest" file="/home/runner/work/develop/develop/packages/framework/tests/Unit/Views/ScriptsComponentViewTest.php" line="59" assertions="1" time="0.024524"/>
      </testsuite>
      <testsuite name="Hyde\Framework\Testing\Unit\Views\StylesComponentViewTest" file="/home/runner/work/develop/develop/packages/framework/tests/Unit/Views/StylesComponentViewTest.php" tests="9" assertions="11" errors="0" warnings="0" failures="0" skipped="0" time="0.227226">
        <testcase name="test_component_can_be_rendered" class="Hyde\Framework\Testing\Unit\Views\StylesComponentViewTest" classname="Hyde.Framework.Testing.Unit.Views.StylesComponentViewTest" file="/home/runner/work/develop/develop/packages/framework/tests/Unit/Views/StylesComponentViewTest.php" line="34" assertions="1" time="0.025036"/>
        <testcase name="test_component_has_link_to_app_css_file" class="Hyde\Framework\Testing\Unit\Views\StylesComponentViewTest" classname="Hyde.Framework.Testing.Unit.Views.StylesComponentViewTest" file="/home/runner/work/develop/develop/packages/framework/tests/Unit/Views/StylesComponentViewTest.php" line="39" assertions="1" time="0.025221"/>
        <testcase name="test_component_uses_relative_path_to_app_css_file_for_nested_pages" class="Hyde\Framework\Testing\Unit\Views\StylesComponentViewTest" classname="Hyde.Framework.Testing.Unit.Views.StylesComponentViewTest" file="/home/runner/work/develop/develop/packages/framework/tests/Unit/Views/StylesComponentViewTest.php" line="44" assertions="3" time="0.026338"/>
        <testcase name="test_component_does_not_render_link_to_app_css_when_it_does_not_exist" class="Hyde\Framework\Testing\Unit\Views\StylesComponentViewTest" classname="Hyde.Framework.Testing.Unit.Views.StylesComponentViewTest" file="/home/runner/work/develop/develop/packages/framework/tests/Unit/Views/StylesComponentViewTest.php" line="55" assertions="1" time="0.025333"/>
        <testcase name="test_styles_can_be_pushed_to_the_component_styles_stack" class="Hyde\Framework\Testing\Unit\Views\StylesComponentViewTest" classname="Hyde.Framework.Testing.Unit.Views.StylesComponentViewTest" file="/home/runner/work/develop/develop/packages/framework/tests/Unit/Views/StylesComponentViewTest.php" line="62" assertions="1" time="0.024808"/>
        <testcase name="test_component_renders_tailwind_play_cdn_link_when_enabled_in_config" class="Hyde\Framework\Testing\Unit\Views\StylesComponentViewTest" classname="Hyde.Framework.Testing.Unit.Views.StylesComponentViewTest" file="/home/runner/work/develop/develop/packages/framework/tests/Unit/Views/StylesComponentViewTest.php" line="77" assertions="1" time="0.025163"/>
        <testcase name="test_component_renders_app_cdn_link_when_enabled_in_config" class="Hyde\Framework\Testing\Unit\Views\StylesComponentViewTest" classname="Hyde.Framework.Testing.Unit.Views.StylesComponentViewTest" file="/home/runner/work/develop/develop/packages/framework/tests/Unit/Views/StylesComponentViewTest.php" line="83" assertions="1" time="0.024981"/>
        <testcase name="test_component_does_not_render_link_to_local_app_css_when_cdn_link_is_enabled_in_config" class="Hyde\Framework\Testing\Unit\Views\StylesComponentViewTest" classname="Hyde.Framework.Testing.Unit.Views.StylesComponentViewTest" file="/home/runner/work/develop/develop/packages/framework/tests/Unit/Views/StylesComponentViewTest.php" line="89" assertions="1" time="0.024936"/>
        <testcase name="test_component_does_not_render_cdn_link_when_a_local_file_exists" class="Hyde\Framework\Testing\Unit\Views\StylesComponentViewTest" classname="Hyde.Framework.Testing.Unit.Views.StylesComponentViewTest" file="/home/runner/work/develop/develop/packages/framework/tests/Unit/Views/StylesComponentViewTest.php" line="95" assertions="1" time="0.025411"/>
      </testsuite>
    </testsuite>
    <testsuite name="P\Packages\realtimecompiler\tests\RealtimeCompilerTest" file="/home/runner/work/develop/develop/packages/realtime-compiler/tests/RealtimeCompilerTest.php" tests="11" assertions="41" errors="0" warnings="0" failures="0" skipped="0" time="0.460781">
      <testcase name="handle routes index page" class="ackages\realtimecompiler\tests\RealtimeCompilerTest" classname="ackages.realtimecompiler.tests.RealtimeCompilerTest" file="/home/runner/work/develop/develop/packages/realtime-compiler/tests/RealtimeCompilerTest.php" assertions="6" time="0.029673"/>
      <testcase name="handle routes custom pages" class="ackages\realtimecompiler\tests\RealtimeCompilerTest" classname="ackages.realtimecompiler.tests.RealtimeCompilerTest" file="/home/runner/work/develop/develop/packages/realtime-compiler/tests/RealtimeCompilerTest.php" assertions="4" time="0.047676"/>
      <testcase name="handle routes pages with .html extension" class="ackages\realtimecompiler\tests\RealtimeCompilerTest" classname="ackages.realtimecompiler.tests.RealtimeCompilerTest" file="/home/runner/work/develop/develop/packages/realtime-compiler/tests/RealtimeCompilerTest.php" assertions="4" time="0.057535"/>
      <testcase name="handle routes static assets" class="ackages\realtimecompiler\tests\RealtimeCompilerTest" classname="ackages.realtimecompiler.tests.RealtimeCompilerTest" file="/home/runner/work/develop/develop/packages/realtime-compiler/tests/RealtimeCompilerTest.php" assertions="4" time="0.002717"/>
      <testcase name="handle throws route not found exception for missing route" class="ackages\realtimecompiler\tests\RealtimeCompilerTest" classname="ackages.realtimecompiler.tests.RealtimeCompilerTest" file="/home/runner/work/develop/develop/packages/realtime-compiler/tests/RealtimeCompilerTest.php" assertions="2" time="0.053173"/>
      <testcase name="handle sends 404 error response for missing asset" class="ackages\realtimecompiler\tests\RealtimeCompilerTest" classname="ackages.realtimecompiler.tests.RealtimeCompilerTest" file="/home/runner/work/develop/develop/packages/realtime-compiler/tests/RealtimeCompilerTest.php" assertions="3" time="0.002204"/>
      <testcase name="trailing slashes are normalized from route" class="ackages\realtimecompiler\tests\RealtimeCompilerTest" classname="ackages.realtimecompiler.tests.RealtimeCompilerTest" file="/home/runner/work/develop/develop/packages/realtime-compiler/tests/RealtimeCompilerTest.php" assertions="4" time="0.082475"/>
      <testcase name="docs uri path is rerouted to docs/index" class="ackages\realtimecompiler\tests\RealtimeCompilerTest" classname="ackages.realtimecompiler.tests.RealtimeCompilerTest" file="/home/runner/work/develop/develop/packages/realtime-compiler/tests/RealtimeCompilerTest.php" assertions="4" time="0.087058"/>
      <testcase name="docs/search renders search page" class="ackages\realtimecompiler\tests\RealtimeCompilerTest" classname="ackages.realtimecompiler.tests.RealtimeCompilerTest" file="/home/runner/work/develop/develop/packages/realtime-compiler/tests/RealtimeCompilerTest.php" assertions="4" time="0.092370"/>
      <testcase name="ping route returns ping response" class="ackages\realtimecompiler\tests\RealtimeCompilerTest" classname="ackages.realtimecompiler.tests.RealtimeCompilerTest" file="/home/runner/work/develop/develop/packages/realtime-compiler/tests/RealtimeCompilerTest.php" assertions="3" time="0.002310"/>
      <testcase name="exception handling" class="ackages\realtimecompiler\tests\RealtimeCompilerTest" classname="ackages.realtimecompiler.tests.RealtimeCompilerTest" file="/home/runner/work/develop/develop/packages/realtime-compiler/tests/RealtimeCompilerTest.php" assertions="3" time="0.003589"/>
    </testsuite>
  </testsuite>
</testsuites>
